<?xml version="1.0" encoding="UTF-8"?>
<testsuite xmlns:xsi="http://www.w3.org/2001/XMLSchema-instance" xsi:noNamespaceSchemaLocation="https://maven.apache.org/surefire/maven-surefire-plugin/xsd/surefire-test-report-3.0.xsd" version="3.0" name="sudoku.model.BacktrackingSudokuSolverTest" time="1.662" tests="1" errors="0" skipped="0" failures="0">
  <properties>
    <property name="java.specification.version" value="14"/>
    <property name="sun.cpu.isalist" value="amd64"/>
    <property name="sun.jnu.encoding" value="Cp1252"/>
    <property name="java.class.path" value="D:\New\an_pn_1145_03\Model\target\test-classes;C:\Users\MaciekDate\.m2\repository\org\junit\jupiter\junit-jupiter-engine\5.6.2\junit-jupiter-engine-5.6.2.jar;C:\Users\MaciekDate\.m2\repository\org\apiguardian\apiguardian-api\1.1.0\apiguardian-api-1.1.0.jar;C:\Users\MaciekDate\.m2\repository\org\junit\platform\junit-platform-engine\1.6.2\junit-platform-engine-1.6.2.jar;C:\Users\MaciekDate\.m2\repository\org\opentest4j\opentest4j\1.2.0\opentest4j-1.2.0.jar;C:\Users\MaciekDate\.m2\repository\org\junit\platform\junit-platform-commons\1.6.2\junit-platform-commons-1.6.2.jar;C:\Users\MaciekDate\.m2\repository\org\junit\jupiter\junit-jupiter-api\5.6.2\junit-jupiter-api-5.6.2.jar;C:\Users\MaciekDate\.m2\repository\org\apache\logging\log4j\log4j-api\2.7\log4j-api-2.7.jar;C:\Users\MaciekDate\.m2\repository\org\apache\logging\log4j\log4j-core\2.7\log4j-core-2.7.jar;C:\Users\MaciekDate\.m2\repository\org\apache\logging\log4j\log4j-slf4j-impl\2.7\log4j-slf4j-impl-2.7.jar;C:\Users\MaciekDate\.m2\repository\org\openjfx\javafx-controls\13\javafx-controls-13.jar;C:\Users\MaciekDate\.m2\repository\org\openjfx\javafx-controls\13\javafx-controls-13-win.jar;C:\Users\MaciekDate\.m2\repository\org\openjfx\javafx-graphics\13\javafx-graphics-13.jar;C:\Users\MaciekDate\.m2\repository\org\openjfx\javafx-graphics\13\javafx-graphics-13-win.jar;C:\Users\MaciekDate\.m2\repository\org\openjfx\javafx-base\13\javafx-base-13.jar;C:\Users\MaciekDate\.m2\repository\org\openjfx\javafx-fxml\13\javafx-fxml-13.jar;C:\Users\MaciekDate\.m2\repository\org\openjfx\javafx-fxml\13\javafx-fxml-13-win.jar;"/>
    <property name="java.vm.vendor" value="Oracle Corporation"/>
    <property name="sun.arch.data.model" value="64"/>
    <property name="user.variant" value=""/>
    <property name="java.vendor.url" value="https://java.oracle.com/"/>
    <property name="user.timezone" value="Europe/Warsaw"/>
    <property name="os.name" value="Windows 10"/>
    <property name="java.vm.specification.version" value="14"/>
    <property name="sun.java.launcher" value="SUN_STANDARD"/>
    <property name="user.country" value="US"/>
    <property name="sun.boot.library.path" value="D:\openjdk\jdk-14.0.2\bin"/>
    <property name="sun.java.command" value="org.apache.maven.surefire.booter.ForkedBooter C:\Users\MaciekDate\AppData\Local\Temp\surefire5767444691000843753 2021-01-22T13-52-43_002-jvmRun1 surefire8707008423384396485tmp surefire_010758903282510126022tmp"/>
    <property name="jdk.debug" value="release"/>
    <property name="surefire.test.class.path" value="D:\New\an_pn_1145_03\Model\target\test-classes;C:\Users\MaciekDate\.m2\repository\org\junit\jupiter\junit-jupiter-engine\5.6.2\junit-jupiter-engine-5.6.2.jar;C:\Users\MaciekDate\.m2\repository\org\apiguardian\apiguardian-api\1.1.0\apiguardian-api-1.1.0.jar;C:\Users\MaciekDate\.m2\repository\org\junit\platform\junit-platform-engine\1.6.2\junit-platform-engine-1.6.2.jar;C:\Users\MaciekDate\.m2\repository\org\opentest4j\opentest4j\1.2.0\opentest4j-1.2.0.jar;C:\Users\MaciekDate\.m2\repository\org\junit\platform\junit-platform-commons\1.6.2\junit-platform-commons-1.6.2.jar;C:\Users\MaciekDate\.m2\repository\org\junit\jupiter\junit-jupiter-api\5.6.2\junit-jupiter-api-5.6.2.jar;C:\Users\MaciekDate\.m2\repository\org\apache\logging\log4j\log4j-api\2.7\log4j-api-2.7.jar;C:\Users\MaciekDate\.m2\repository\org\apache\logging\log4j\log4j-core\2.7\log4j-core-2.7.jar;C:\Users\MaciekDate\.m2\repository\org\apache\logging\log4j\log4j-slf4j-impl\2.7\log4j-slf4j-impl-2.7.jar;C:\Users\MaciekDate\.m2\repository\org\openjfx\javafx-controls\13\javafx-controls-13.jar;C:\Users\MaciekDate\.m2\repository\org\openjfx\javafx-controls\13\javafx-controls-13-win.jar;C:\Users\MaciekDate\.m2\repository\org\openjfx\javafx-graphics\13\javafx-graphics-13.jar;C:\Users\MaciekDate\.m2\repository\org\openjfx\javafx-graphics\13\javafx-graphics-13-win.jar;C:\Users\MaciekDate\.m2\repository\org\openjfx\javafx-base\13\javafx-base-13.jar;C:\Users\MaciekDate\.m2\repository\org\openjfx\javafx-fxml\13\javafx-fxml-13.jar;C:\Users\MaciekDate\.m2\repository\org\openjfx\javafx-fxml\13\javafx-fxml-13-win.jar;"/>
    <property name="sun.cpu.endian" value="little"/>
    <property name="user.home" value="C:\Users\MaciekDate"/>
    <property name="user.language" value="en"/>
    <property name="java.specification.vendor" value="Oracle Corporation"/>
    <property name="jdk.module.path" value="D:\New\an_pn_1145_03\Model\target\classes;C:\Users\MaciekDate\.m2\repository\org\apache\commons\commons-lang3\3.11\commons-lang3-3.11.jar;C:\Users\MaciekDate\.m2\repository\org\slf4j\slf4j-api\1.7.30\slf4j-api-1.7.30.jar;C:\Users\MaciekDate\.m2\repository\org\openjfx\javafx-base\13\javafx-base-13-win.jar"/>
    <property name="java.version.date" value="2020-07-14"/>
    <property name="java.home" value="D:\openjdk\jdk-14.0.2"/>
    <property name="file.separator" value="\"/>
    <property name="basedir" value="D:\New\an_pn_1145_03\Model"/>
    <property name="java.vm.compressedOopsMode" value="Zero based"/>
    <property name="line.separator" value="&#10;"/>
    <property name="java.vm.specification.vendor" value="Oracle Corporation"/>
    <property name="java.specification.name" value="Java Platform API Specification"/>
    <property name="surefire.real.class.path" value="C:\Users\MaciekDate\.m2\repository\org\apache\maven\surefire\surefire-booter\3.0.0-M5\surefire-booter-3.0.0-M5.jar;C:\Users\MaciekDate\.m2\repository\org\apache\maven\surefire\surefire-api\3.0.0-M5\surefire-api-3.0.0-M5.jar;C:\Users\MaciekDate\.m2\repository\org\apache\maven\surefire\surefire-logger-api\3.0.0-M5\surefire-logger-api-3.0.0-M5.jar;C:\Users\MaciekDate\.m2\repository\org\apache\maven\surefire\surefire-shared-utils\3.0.0-M4\surefire-shared-utils-3.0.0-M4.jar;C:\Users\MaciekDate\.m2\repository\org\apache\maven\surefire\surefire-extensions-spi\3.0.0-M5\surefire-extensions-spi-3.0.0-M5.jar;D:\New\an_pn_1145_03\Model\target\test-classes;C:\Users\MaciekDate\.m2\repository\org\junit\jupiter\junit-jupiter-engine\5.6.2\junit-jupiter-engine-5.6.2.jar;C:\Users\MaciekDate\.m2\repository\org\apiguardian\apiguardian-api\1.1.0\apiguardian-api-1.1.0.jar;C:\Users\MaciekDate\.m2\repository\org\junit\platform\junit-platform-engine\1.6.2\junit-platform-engine-1.6.2.jar;C:\Users\MaciekDate\.m2\repository\org\opentest4j\opentest4j\1.2.0\opentest4j-1.2.0.jar;C:\Users\MaciekDate\.m2\repository\org\junit\platform\junit-platform-commons\1.6.2\junit-platform-commons-1.6.2.jar;C:\Users\MaciekDate\.m2\repository\org\junit\jupiter\junit-jupiter-api\5.6.2\junit-jupiter-api-5.6.2.jar;C:\Users\MaciekDate\.m2\repository\org\apache\logging\log4j\log4j-api\2.7\log4j-api-2.7.jar;C:\Users\MaciekDate\.m2\repository\org\apache\logging\log4j\log4j-core\2.7\log4j-core-2.7.jar;C:\Users\MaciekDate\.m2\repository\org\apache\logging\log4j\log4j-slf4j-impl\2.7\log4j-slf4j-impl-2.7.jar;C:\Users\MaciekDate\.m2\repository\org\openjfx\javafx-controls\13\javafx-controls-13.jar;C:\Users\MaciekDate\.m2\repository\org\openjfx\javafx-controls\13\javafx-controls-13-win.jar;C:\Users\MaciekDate\.m2\repository\org\openjfx\javafx-graphics\13\javafx-graphics-13.jar;C:\Users\MaciekDate\.m2\repository\org\openjfx\javafx-graphics\13\javafx-graphics-13-win.jar;C:\Users\MaciekDate\.m2\repository\org\openjfx\javafx-base\13\javafx-base-13.jar;C:\Users\MaciekDate\.m2\repository\org\openjfx\javafx-fxml\13\javafx-fxml-13.jar;C:\Users\MaciekDate\.m2\repository\org\openjfx\javafx-fxml\13\javafx-fxml-13-win.jar;C:\Users\MaciekDate\.m2\repository\org\apache\maven\surefire\surefire-junit-platform\3.0.0-M5\surefire-junit-platform-3.0.0-M5.jar;C:\Users\MaciekDate\.m2\repository\org\apache\maven\surefire\common-java5\3.0.0-M5\common-java5-3.0.0-M5.jar;C:\Users\MaciekDate\.m2\repository\org\junit\platform\junit-platform-launcher\1.6.2\junit-platform-launcher-1.6.2.jar"/>
    <property name="user.script" value=""/>
    <property name="sun.management.compiler" value="HotSpot 64-Bit Tiered Compilers"/>
    <property name="java.runtime.version" value="14.0.2+12-46"/>
    <property name="user.name" value="MaciekDate"/>
    <property name="path.separator" value=";"/>
    <property name="os.version" value="10.0"/>
    <property name="java.runtime.name" value="OpenJDK Runtime Environment"/>
    <property name="file.encoding" value="Cp1252"/>
    <property name="java.vm.name" value="OpenJDK 64-Bit Server VM"/>
    <property name="localRepository" value="C:\Users\MaciekDate\.m2\repository"/>
    <property name="java.vendor.url.bug" value="https://bugreport.java.com/bugreport/"/>
    <property name="java.io.tmpdir" value="C:\Users\MACIEK~1\AppData\Local\Temp\"/>
    <property name="idea.version" value="2020.3"/>
    <property name="java.version" value="14.0.2"/>
    <property name="user.dir" value="D:\New\an_pn_1145_03\Model"/>
    <property name="os.arch" value="amd64"/>
    <property name="java.vm.specification.name" value="Java Virtual Machine Specification"/>
    <property name="sun.os.patch.level" value=""/>
    <property name="java.library.path" value="D:\openjdk\jdk-14.0.2\bin;C:\Windows\Sun\Java\bin;C:\Windows\system32;C:\Windows;c:\program files\python39\scripts\;c:\program files\python39\;c:\programdata\oracle\java\javapath;c:\program files (x86)\common files\oracle\java\javapath;c:\windows\system32;c:\windows;c:\windows\system32\wbem;c:\windows\system32\windowspowershell\v1.0\;c:\windows\system32\openssh\;c:\program files\nvidia corporation\nvidia nvdlisr;C:\Program Files\Git\cmd;C:\Program Files (x86)\Windows Live\Shared;C:\Users\MaciekDate\AppData\Local\Microsoft\WindowsApps;C:\Users\MaciekDate\AppData\Local\GitHubDesktop\bin;D:\Programs\PyCharm 2020.2.3\bin;;D:\Programs\CLion 2020.2.4\bin;;."/>
    <property name="java.vm.info" value="mixed mode"/>
    <property name="java.vendor" value="Oracle Corporation"/>
    <property name="java.vm.version" value="14.0.2+12-46"/>
    <property name="sun.io.unicode.encoding" value="UnicodeLittle"/>
    <property name="java.class.version" value="58.0"/>
  </properties>
  <testcase name="solve" classname="sudoku.model.BacktrackingSudokuSolverTest" time="1.629">
    <system-out><![CDATA[2021-01-22 13:52:45,883 main DEBUG Initializing configuration XmlConfiguration[location=D:\New\an_pn_1145_03\Model\target\classes\log4j2.xml]
2021-01-22 13:52:45,902 main DEBUG Installed script engines
2021-01-22 13:52:46,516 main DEBUG Oracle Nashorn Version: 14.0.2, Language: ECMAScript, Threading: Not Thread Safe, Compile: true, Names: {nashorn, Nashorn, js, JS, JavaScript, javascript, ECMAScript, ecmascript}
2021-01-22 13:52:46,517 main DEBUG PluginManager 'Core' found 107 plugins
2021-01-22 13:52:46,518 main DEBUG PluginManager 'Level' found 0 plugins
2021-01-22 13:52:46,525 main ERROR Error processing element Strategies ([RollingFile: null]): CLASS_NOT_FOUND
2021-01-22 13:52:46,530 main DEBUG Log4j2 ConfigurationScheduler: No scheduled items
2021-01-22 13:52:46,534 main DEBUG Building Plugin[name=property, class=org.apache.logging.log4j.core.config.Property].
2021-01-22 13:52:46,564 main TRACE TypeConverterRegistry initializing.
2021-01-22 13:52:46,564 main DEBUG PluginManager 'TypeConverter' found 23 plugins
2021-01-22 13:52:46,586 main DEBUG createProperty(name="logDir", value="target/log")
2021-01-22 13:52:46,587 main DEBUG Building Plugin[name=properties, class=org.apache.logging.log4j.core.config.PropertiesPlugin].
2021-01-22 13:52:46,593 main DEBUG configureSubstitutor(={logDir=target/log}, Configuration(D:\New\an_pn_1145_03\Model\target\classes\log4j2.xml))
2021-01-22 13:52:46,594 main DEBUG PluginManager 'Lookup' found 13 plugins
2021-01-22 13:52:46,595 main DEBUG Building Plugin[name=layout, class=org.apache.logging.log4j.core.layout.PatternLayout].
2021-01-22 13:52:46,601 main DEBUG PatternLayout$Builder(pattern="%date{HH:mm:ss.SSS} %-5level [%thread] %logger{1} - %msg%n", PatternSelector=null, Configuration(D:\New\an_pn_1145_03\Model\target\classes\log4j2.xml), Replace=null, charset="null", alwaysWriteExceptions="null", noConsoleNoAnsi="null", header="null", footer="null", )
2021-01-22 13:52:46,601 main DEBUG PluginManager 'Converter' found 41 plugins
2021-01-22 13:52:46,602 main DEBUG Building Plugin[name=appender, class=org.apache.logging.log4j.core.appender.ConsoleAppender].
2021-01-22 13:52:46,613 main DEBUG ConsoleAppender$Builder(target="null", follow="null", direct="null", , bufferedIo="null", bufferSize="null", immediateFlush="null", , ignoreExceptions="null", PatternLayout(%date{HH:mm:ss.SSS} %-5level [%thread] %logger{1} - %msg%n), name="CONSOLE", , Filter=null, )
2021-01-22 13:52:46,614 main DEBUG Jansi is not installed, cannot find org.fusesource.jansi.WindowsAnsiOutputStream
2021-01-22 13:52:46,615 main DEBUG Starting OutputStreamManager SYSTEM_OUT.false.false
2021-01-22 13:52:46,615 main DEBUG Building Plugin[name=layout, class=org.apache.logging.log4j.core.layout.PatternLayout].
2021-01-22 13:52:46,617 main DEBUG PatternLayout$Builder(pattern="%d{ISO8601} %-5level [%thread] %logger %m%n", PatternSelector=null, Configuration(D:\New\an_pn_1145_03\Model\target\classes\log4j2.xml), Replace=null, charset="null", alwaysWriteExceptions="null", noConsoleNoAnsi="null", header="null", footer="null", )
2021-01-22 13:52:46,636 main DEBUG Building Plugin[name=TimeBasedTriggeringPolicy, class=org.apache.logging.log4j.core.appender.rolling.TimeBasedTriggeringPolicy].
2021-01-22 13:52:46,639 main DEBUG createPolicy(interval="null", modulate="null")
2021-01-22 13:52:46,640 main DEBUG Building Plugin[name=SizeBasedTriggeringPolicy, class=org.apache.logging.log4j.core.appender.rolling.SizeBasedTriggeringPolicy].
2021-01-22 13:52:46,641 main DEBUG createPolicy(size="1m")
2021-01-22 13:52:46,643 main DEBUG Building Plugin[name=Policies, class=org.apache.logging.log4j.core.appender.rolling.CompositeTriggeringPolicy].
2021-01-22 13:52:46,645 main DEBUG createPolicy(={TimeBasedTriggeringPolicy(nextRolloverMillis=0, interval=1, modulate=false), SizeBasedTriggeringPolicy(size=1048576)})
2021-01-22 13:52:46,645 main DEBUG Building Plugin[name=appender, class=org.apache.logging.log4j.core.appender.RollingFileAppender].
2021-01-22 13:52:46,649 main DEBUG RollingFileAppender$Builder(fileName="target/log/blog.log", filePattern="target/log/blog.%d{yyyy-MM-dd}-%i.log.gz", append="null", locking="null", Policies(CompositeTriggeringPolicy(policies=[TimeBasedTriggeringPolicy(nextRolloverMillis=0, interval=1, modulate=false), SizeBasedTriggeringPolicy(size=1048576)])), Strategy=null, advertise="null", advertiseUri="null", createOnDemand="null", Configuration(D:\New\an_pn_1145_03\Model\target\classes\log4j2.xml), , bufferedIo="null", bufferSize="null", immediateFlush="null", , ignoreExceptions="null", PatternLayout(%d{ISO8601} %-5level [%thread] %logger %m%n), name="FILE", , Filter=null, )
2021-01-22 13:52:46,656 main TRACE New file 'target/log/blog.log' created = false
2021-01-22 13:52:46,657 main DEBUG Starting RollingFileManager target/log/blog.log
2021-01-22 13:52:46,658 main DEBUG PluginManager 'FileConverter' found 2 plugins
2021-01-22 13:52:46,661 main TRACE PatternProcessor.getNextTime returning 2021/01/23-00:00:00.000, nextFileTime=2021/01/22-00:00:00.000, prevFileTime=1970/01/01-01:00:00.000, current=2021/01/22-13:52:46.661, freq=DAILY
2021-01-22 13:52:46,662 main TRACE PatternProcessor.getNextTime returning 2021/01/23-00:00:00.000, nextFileTime=2021/01/22-00:00:00.000, prevFileTime=2021/01/22-00:00:00.000, current=2021/01/22-13:52:46.662, freq=DAILY
2021-01-22 13:52:46,663 main DEBUG Building Plugin[name=appenders, class=org.apache.logging.log4j.core.config.AppendersPlugin].
2021-01-22 13:52:46,664 main DEBUG createAppenders(={CONSOLE, FILE})
2021-01-22 13:52:46,664 main DEBUG Building Plugin[name=logger, class=org.apache.logging.log4j.core.config.LoggerConfig].
2021-01-22 13:52:46,668 main DEBUG createLogger(additivity="true", level="DEBUG", name="com.github.gquintana.logging", includeLocation="null", ={}, ={}, Configuration(D:\New\an_pn_1145_03\Model\target\classes\log4j2.xml), Filter=null)
2021-01-22 13:52:46,673 main DEBUG Building Plugin[name=AppenderRef, class=org.apache.logging.log4j.core.config.AppenderRef].
2021-01-22 13:52:46,675 main DEBUG createAppenderRef(ref="CONSOLE", level="null", Filter=null)
2021-01-22 13:52:46,675 main DEBUG Building Plugin[name=AppenderRef, class=org.apache.logging.log4j.core.config.AppenderRef].
2021-01-22 13:52:46,676 main DEBUG createAppenderRef(ref="FILE", level="null", Filter=null)
2021-01-22 13:52:46,676 main DEBUG Building Plugin[name=root, class=org.apache.logging.log4j.core.config.LoggerConfig$RootLogger].
2021-01-22 13:52:46,678 main DEBUG createLogger(additivity="null", level="INFO", includeLocation="null", ={CONSOLE, FILE}, ={}, Configuration(D:\New\an_pn_1145_03\Model\target\classes\log4j2.xml), Filter=null)
2021-01-22 13:52:46,679 main DEBUG Building Plugin[name=loggers, class=org.apache.logging.log4j.core.config.LoggersPlugin].
2021-01-22 13:52:46,680 main DEBUG createLoggers(={com.github.gquintana.logging, root})
2021-01-22 13:52:46,681 main DEBUG Configuration XmlConfiguration[location=D:\New\an_pn_1145_03\Model\target\classes\log4j2.xml] initialized
2021-01-22 13:52:46,681 main DEBUG Starting configuration XmlConfiguration[location=D:\New\an_pn_1145_03\Model\target\classes\log4j2.xml]
2021-01-22 13:52:46,681 main DEBUG Started configuration XmlConfiguration[location=D:\New\an_pn_1145_03\Model\target\classes\log4j2.xml] OK.
2021-01-22 13:52:46,682 main TRACE Stopping org.apache.logging.log4j.core.config.DefaultConfiguration@2f7efd0b...
2021-01-22 13:52:46,682 main TRACE DefaultConfiguration notified 1 ReliabilityStrategies that config will be stopped.
2021-01-22 13:52:46,683 main TRACE DefaultConfiguration stopping root LoggerConfig.
2021-01-22 13:52:46,683 main TRACE DefaultConfiguration notifying ReliabilityStrategies that appenders will be stopped.
2021-01-22 13:52:46,683 main TRACE DefaultConfiguration stopping remaining Appenders.
2021-01-22 13:52:46,683 main DEBUG Shutting down OutputStreamManager SYSTEM_OUT.false.false-1
2021-01-22 13:52:46,684 main DEBUG Shut down OutputStreamManager SYSTEM_OUT.false.false-1, all resources released: true
2021-01-22 13:52:46,684 main TRACE DefaultConfiguration stopped 1 remaining Appenders.
2021-01-22 13:52:46,684 main TRACE DefaultConfiguration cleaning Appenders from 1 LoggerConfigs.
2021-01-22 13:52:46,684 main DEBUG Stopped org.apache.logging.log4j.core.config.DefaultConfiguration@2f7efd0b OK
2021-01-22 13:52:46,781 main TRACE Reregistering MBeans after reconfigure. Selector=org.apache.logging.log4j.core.selector.ClassLoaderContextSelector@136690b1
2021-01-22 13:52:46,781 main TRACE Reregistering context (1/1): '7a5d012c' org.apache.logging.log4j.core.LoggerContext@39007725
2021-01-22 13:52:46,782 main TRACE Unregistering but no MBeans found matching 'org.apache.logging.log4j2:type=7a5d012c'
2021-01-22 13:52:46,783 main TRACE Unregistering but no MBeans found matching 'org.apache.logging.log4j2:type=7a5d012c,component=StatusLogger'
2021-01-22 13:52:46,783 main TRACE Unregistering but no MBeans found matching 'org.apache.logging.log4j2:type=7a5d012c,component=ContextSelector'
2021-01-22 13:52:46,784 main TRACE Unregistering but no MBeans found matching 'org.apache.logging.log4j2:type=7a5d012c,component=Loggers,name=*'
2021-01-22 13:52:46,785 main TRACE Unregistering but no MBeans found matching 'org.apache.logging.log4j2:type=7a5d012c,component=Appenders,name=*'
2021-01-22 13:52:46,785 main TRACE Unregistering but no MBeans found matching 'org.apache.logging.log4j2:type=7a5d012c,component=AsyncAppenders,name=*'
2021-01-22 13:52:46,786 main TRACE Unregistering but no MBeans found matching 'org.apache.logging.log4j2:type=7a5d012c,component=AsyncLoggerRingBuffer'
2021-01-22 13:52:46,786 main TRACE Unregistering but no MBeans found matching 'org.apache.logging.log4j2:type=7a5d012c,component=Loggers,name=*,subtype=RingBuffer'
2021-01-22 13:52:46,790 main DEBUG Registering MBean org.apache.logging.log4j2:type=7a5d012c
2021-01-22 13:52:46,796 main DEBUG Registering MBean org.apache.logging.log4j2:type=7a5d012c,component=StatusLogger
2021-01-22 13:52:46,798 main DEBUG Registering MBean org.apache.logging.log4j2:type=7a5d012c,component=ContextSelector
2021-01-22 13:52:46,801 main DEBUG Registering MBean org.apache.logging.log4j2:type=7a5d012c,component=Loggers,name=
2021-01-22 13:52:46,801 main DEBUG Registering MBean org.apache.logging.log4j2:type=7a5d012c,component=Loggers,name=com.github.gquintana.logging
2021-01-22 13:52:46,803 main DEBUG Registering MBean org.apache.logging.log4j2:type=7a5d012c,component=Appenders,name=FILE
2021-01-22 13:52:46,805 main DEBUG Registering MBean org.apache.logging.log4j2:type=7a5d012c,component=Appenders,name=CONSOLE
2021-01-22 13:52:46,809 main TRACE Using default SystemClock for timestamps.
2021-01-22 13:52:46,810 main TRACE Using DummyNanoClock for nanosecond timestamps.
2021-01-22 13:52:46,810 main DEBUG Reconfiguration complete for context[name=7a5d012c] at URI D:\New\an_pn_1145_03\Model\target\classes\log4j2.xml (org.apache.logging.log4j.core.LoggerContext@39007725) with optional ClassLoader: null
2021-01-22 13:52:46,811 main DEBUG Shutdown hook enabled. Registering a new one.
2021-01-22 13:52:46,813 main DEBUG LoggerContext[name=7a5d012c, org.apache.logging.log4j.core.LoggerContext@39007725] started OK.
13:52:46.890 INFO  [main] SudokuBoard - B?ad w kwadracie 0
sudoku.model.SudokuBoard@6c120b00[
  size=9
  solver=sudoku.model.BacktrackingSudokuSolver@d8a2b1b
  board={{6,1,8,7,5,9,2,3,4},{9,2,3,4,1,6,7,5,8},{7,4,5,8,2,3,9,1,6},{4,9,6,5,7,8,1,2,3},{3,8,7,2,6,1,4,9,5},{1,5,2,9,3,4,6,0,0},{0,0,0,0,0,0,0,0,0},{0,0,0,0,0,0,0,0,0},{0,0,0,0,0,0,0,0,0}}
]
13:52:46.895 INFO  [main] SudokuBoard - Warto?? 0 wstawiona nieprawid?owo
13:52:46.898 INFO  [main] SudokuBoard - B?ad w kwadracie 0
sudoku.model.SudokuBoard@6c120b00[
  size=9
  solver=sudoku.model.BacktrackingSudokuSolver@d8a2b1b
  board={{6,1,8,7,5,9,2,3,4},{9,2,3,4,1,6,7,5,8},{7,4,5,8,2,3,9,1,6},{4,9,6,5,7,8,1,2,3},{3,8,7,2,6,1,4,9,5},{1,5,2,9,3,4,6,8,7},{8,6,4,1,9,2,3,0,0},{0,0,0,0,0,0,0,0,0},{0,0,0,0,0,0,0,0,0}}
]
13:52:46.899 INFO  [main] SudokuBoard - Warto?? 0 wstawiona nieprawid?owo
13:52:46.901 INFO  [main] SudokuBoard - B?ad w kwadracie 0
sudoku.model.SudokuBoard@6c120b00[
  size=9
  solver=sudoku.model.BacktrackingSudokuSolver@d8a2b1b
  board={{6,1,8,7,5,9,2,3,4},{9,2,3,4,1,6,7,5,8},{7,4,5,8,2,3,9,1,6},{4,9,6,5,7,8,1,2,3},{3,8,7,2,6,1,4,9,5},{1,5,2,9,3,4,6,8,7},{8,6,4,1,9,2,0,0,0},{0,0,0,0,0,0,0,0,0},{0,0,0,0,0,0,0,0,0}}
]
13:52:46.902 INFO  [main] SudokuBoard - Warto?? 0 wstawiona nieprawid?owo
13:52:46.905 INFO  [main] SudokuBoard - B?ad w kwadracie 0
sudoku.model.SudokuBoard@6c120b00[
  size=9
  solver=sudoku.model.BacktrackingSudokuSolver@d8a2b1b
  board={{6,1,8,7,5,9,2,3,4},{9,2,3,4,1,6,7,5,8},{7,4,5,8,2,3,9,1,6},{4,9,6,5,7,8,1,2,3},{3,8,7,2,6,1,4,9,5},{1,5,2,9,3,4,6,8,7},{8,6,4,1,9,2,5,0,0},{0,0,0,0,0,0,0,0,0},{0,0,0,0,0,0,0,0,0}}
]
13:52:46.906 INFO  [main] SudokuBoard - Warto?? 0 wstawiona nieprawid?owo
13:52:46.908 INFO  [main] SudokuBoard - B?ad w kwadracie 0
sudoku.model.SudokuBoard@6c120b00[
  size=9
  solver=sudoku.model.BacktrackingSudokuSolver@d8a2b1b
  board={{6,1,8,7,5,9,2,3,4},{9,2,3,4,1,6,7,5,8},{7,4,5,8,2,3,9,1,6},{4,9,6,5,7,8,1,2,3},{3,8,7,2,6,1,4,9,5},{1,5,2,9,3,4,6,8,7},{8,6,4,1,9,2,0,0,0},{0,0,0,0,0,0,0,0,0},{0,0,0,0,0,0,0,0,0}}
]
13:52:46.908 INFO  [main] SudokuBoard - Warto?? 0 wstawiona nieprawid?owo
13:52:46.910 INFO  [main] SudokuBoard - B?ad w kwadracie 0
sudoku.model.SudokuBoard@6c120b00[
  size=9
  solver=sudoku.model.BacktrackingSudokuSolver@d8a2b1b
  board={{6,1,8,7,5,9,2,3,4},{9,2,3,4,1,6,7,5,8},{7,4,5,8,2,3,9,1,6},{4,9,6,5,7,8,1,2,3},{3,8,7,2,6,1,4,9,5},{1,5,2,9,3,4,6,8,7},{8,6,4,1,9,0,0,0,0},{0,0,0,0,0,0,0,0,0},{0,0,0,0,0,0,0,0,0}}
]
13:52:46.911 INFO  [main] SudokuBoard - Warto?? 0 wstawiona nieprawid?owo
Nie wykryto bledu]]></system-out>
    <system-err><![CDATA[Warning: Nashorn engine is planned to be removed from a future JDK release
]]></system-err>
  </testcase>
</testsuite>