<?xml version="1.0" encoding="UTF-8"?>
<testsuite xmlns:xsi="http://www.w3.org/2001/XMLSchema-instance" xsi:noNamespaceSchemaLocation="https://maven.apache.org/surefire/maven-surefire-plugin/xsd/surefire-test-report-3.0.xsd" version="3.0" name="sudoku.model.SudokuBoardTest" time="0.173" tests="14" errors="0" skipped="0" failures="0">
  <properties>
    <property name="java.specification.version" value="14"/>
    <property name="sun.cpu.isalist" value="amd64"/>
    <property name="sun.jnu.encoding" value="Cp1250"/>
    <property name="java.class.path" value="E:\studia\Sem-3\Programowanie komponentowe (07 72 3060 19)_pliki\ProjektKompo\an_pn_1145_03\Model\target\test-classes;C:\Users\maldo\.m2\repository\org\junit\jupiter\junit-jupiter-engine\5.6.2\junit-jupiter-engine-5.6.2.jar;C:\Users\maldo\.m2\repository\org\apiguardian\apiguardian-api\1.1.0\apiguardian-api-1.1.0.jar;C:\Users\maldo\.m2\repository\org\junit\platform\junit-platform-engine\1.6.2\junit-platform-engine-1.6.2.jar;C:\Users\maldo\.m2\repository\org\opentest4j\opentest4j\1.2.0\opentest4j-1.2.0.jar;C:\Users\maldo\.m2\repository\org\junit\platform\junit-platform-commons\1.6.2\junit-platform-commons-1.6.2.jar;C:\Users\maldo\.m2\repository\org\junit\jupiter\junit-jupiter-api\5.6.2\junit-jupiter-api-5.6.2.jar;C:\Users\maldo\.m2\repository\org\projectlombok\lombok\1.18.16\lombok-1.18.16.jar;C:\Users\maldo\.m2\repository\org\hibernate\hibernate-core\5.4.27.Final\hibernate-core-5.4.27.Final.jar;C:\Users\maldo\.m2\repository\org\jboss\logging\jboss-logging\3.4.1.Final\jboss-logging-3.4.1.Final.jar;C:\Users\maldo\.m2\repository\org\javassist\javassist\3.27.0-GA\javassist-3.27.0-GA.jar;C:\Users\maldo\.m2\repository\net\bytebuddy\byte-buddy\1.10.17\byte-buddy-1.10.17.jar;C:\Users\maldo\.m2\repository\antlr\antlr\2.7.7\antlr-2.7.7.jar;C:\Users\maldo\.m2\repository\org\jboss\spec\javax\transaction\jboss-transaction-api_1.2_spec\1.1.1.Final\jboss-transaction-api_1.2_spec-1.1.1.Final.jar;C:\Users\maldo\.m2\repository\org\jboss\jandex\2.1.3.Final\jandex-2.1.3.Final.jar;C:\Users\maldo\.m2\repository\com\fasterxml\classmate\1.5.1\classmate-1.5.1.jar;C:\Users\maldo\.m2\repository\javax\activation\javax.activation-api\1.2.0\javax.activation-api-1.2.0.jar;C:\Users\maldo\.m2\repository\org\dom4j\dom4j\2.1.3\dom4j-2.1.3.jar;C:\Users\maldo\.m2\repository\javax\xml\bind\jaxb-api\2.3.1\jaxb-api-2.3.1.jar;C:\Users\maldo\.m2\repository\com\h2database\h2\1.4.200\h2-1.4.200.jar;C:\Users\maldo\.m2\repository\jakarta\xml\bind\jakarta.xml.bind-api\3.0.0\jakarta.xml.bind-api-3.0.0.jar;C:\Users\maldo\.m2\repository\com\sun\activation\jakarta.activation\2.0.0\jakarta.activation-2.0.0.jar;C:\Users\maldo\.m2\repository\org\glassfish\jaxb\jaxb-runtime\3.0.0\jaxb-runtime-3.0.0.jar;C:\Users\maldo\.m2\repository\org\glassfish\jaxb\jaxb-core\3.0.0\jaxb-core-3.0.0.jar;C:\Users\maldo\.m2\repository\org\glassfish\jaxb\txw2\3.0.0\txw2-3.0.0.jar;C:\Users\maldo\.m2\repository\com\sun\istack\istack-commons-runtime\4.0.0\istack-commons-runtime-4.0.0.jar;C:\Users\maldo\.m2\repository\ch\qos\logback\logback-classic\1.1.7\logback-classic-1.1.7.jar;C:\Users\maldo\.m2\repository\ch\qos\logback\logback-core\1.1.7\logback-core-1.1.7.jar;C:\Users\maldo\.m2\repository\org\openjfx\javafx-controls\13\javafx-controls-13.jar;C:\Users\maldo\.m2\repository\org\openjfx\javafx-controls\13\javafx-controls-13-win.jar;C:\Users\maldo\.m2\repository\org\openjfx\javafx-graphics\13\javafx-graphics-13.jar;C:\Users\maldo\.m2\repository\org\openjfx\javafx-graphics\13\javafx-graphics-13-win.jar;C:\Users\maldo\.m2\repository\org\openjfx\javafx-base\13\javafx-base-13.jar;C:\Users\maldo\.m2\repository\org\openjfx\javafx-fxml\13\javafx-fxml-13.jar;C:\Users\maldo\.m2\repository\org\openjfx\javafx-fxml\13\javafx-fxml-13-win.jar;"/>
    <property name="java.vm.vendor" value="Oracle Corporation"/>
    <property name="sun.arch.data.model" value="64"/>
    <property name="user.variant" value=""/>
    <property name="java.vendor.url" value="https://java.oracle.com/"/>
    <property name="user.timezone" value="Europe/Warsaw"/>
    <property name="os.name" value="Windows 10"/>
    <property name="java.vm.specification.version" value="14"/>
    <property name="sun.java.launcher" value="SUN_STANDARD"/>
    <property name="user.country" value="PL"/>
    <property name="sun.boot.library.path" value="C:\Program Files\Java\jdk-14.0.2\bin"/>
    <property name="sun.java.command" value="org.apache.maven.surefire.booter.ForkedBooter C:\Users\maldo\AppData\Local\Temp\surefire2851667216876308717 2021-01-25T02-04-24_084-jvmRun1 surefire12564493430928483376tmp surefire_014191245604424802550tmp"/>
    <property name="jdk.debug" value="release"/>
    <property name="surefire.test.class.path" value="E:\studia\Sem-3\Programowanie komponentowe (07 72 3060 19)_pliki\ProjektKompo\an_pn_1145_03\Model\target\test-classes;C:\Users\maldo\.m2\repository\org\junit\jupiter\junit-jupiter-engine\5.6.2\junit-jupiter-engine-5.6.2.jar;C:\Users\maldo\.m2\repository\org\apiguardian\apiguardian-api\1.1.0\apiguardian-api-1.1.0.jar;C:\Users\maldo\.m2\repository\org\junit\platform\junit-platform-engine\1.6.2\junit-platform-engine-1.6.2.jar;C:\Users\maldo\.m2\repository\org\opentest4j\opentest4j\1.2.0\opentest4j-1.2.0.jar;C:\Users\maldo\.m2\repository\org\junit\platform\junit-platform-commons\1.6.2\junit-platform-commons-1.6.2.jar;C:\Users\maldo\.m2\repository\org\junit\jupiter\junit-jupiter-api\5.6.2\junit-jupiter-api-5.6.2.jar;C:\Users\maldo\.m2\repository\org\projectlombok\lombok\1.18.16\lombok-1.18.16.jar;C:\Users\maldo\.m2\repository\org\hibernate\hibernate-core\5.4.27.Final\hibernate-core-5.4.27.Final.jar;C:\Users\maldo\.m2\repository\org\jboss\logging\jboss-logging\3.4.1.Final\jboss-logging-3.4.1.Final.jar;C:\Users\maldo\.m2\repository\org\javassist\javassist\3.27.0-GA\javassist-3.27.0-GA.jar;C:\Users\maldo\.m2\repository\net\bytebuddy\byte-buddy\1.10.17\byte-buddy-1.10.17.jar;C:\Users\maldo\.m2\repository\antlr\antlr\2.7.7\antlr-2.7.7.jar;C:\Users\maldo\.m2\repository\org\jboss\spec\javax\transaction\jboss-transaction-api_1.2_spec\1.1.1.Final\jboss-transaction-api_1.2_spec-1.1.1.Final.jar;C:\Users\maldo\.m2\repository\org\jboss\jandex\2.1.3.Final\jandex-2.1.3.Final.jar;C:\Users\maldo\.m2\repository\com\fasterxml\classmate\1.5.1\classmate-1.5.1.jar;C:\Users\maldo\.m2\repository\javax\activation\javax.activation-api\1.2.0\javax.activation-api-1.2.0.jar;C:\Users\maldo\.m2\repository\org\dom4j\dom4j\2.1.3\dom4j-2.1.3.jar;C:\Users\maldo\.m2\repository\javax\xml\bind\jaxb-api\2.3.1\jaxb-api-2.3.1.jar;C:\Users\maldo\.m2\repository\com\h2database\h2\1.4.200\h2-1.4.200.jar;C:\Users\maldo\.m2\repository\jakarta\xml\bind\jakarta.xml.bind-api\3.0.0\jakarta.xml.bind-api-3.0.0.jar;C:\Users\maldo\.m2\repository\com\sun\activation\jakarta.activation\2.0.0\jakarta.activation-2.0.0.jar;C:\Users\maldo\.m2\repository\org\glassfish\jaxb\jaxb-runtime\3.0.0\jaxb-runtime-3.0.0.jar;C:\Users\maldo\.m2\repository\org\glassfish\jaxb\jaxb-core\3.0.0\jaxb-core-3.0.0.jar;C:\Users\maldo\.m2\repository\org\glassfish\jaxb\txw2\3.0.0\txw2-3.0.0.jar;C:\Users\maldo\.m2\repository\com\sun\istack\istack-commons-runtime\4.0.0\istack-commons-runtime-4.0.0.jar;C:\Users\maldo\.m2\repository\ch\qos\logback\logback-classic\1.1.7\logback-classic-1.1.7.jar;C:\Users\maldo\.m2\repository\ch\qos\logback\logback-core\1.1.7\logback-core-1.1.7.jar;C:\Users\maldo\.m2\repository\org\openjfx\javafx-controls\13\javafx-controls-13.jar;C:\Users\maldo\.m2\repository\org\openjfx\javafx-controls\13\javafx-controls-13-win.jar;C:\Users\maldo\.m2\repository\org\openjfx\javafx-graphics\13\javafx-graphics-13.jar;C:\Users\maldo\.m2\repository\org\openjfx\javafx-graphics\13\javafx-graphics-13-win.jar;C:\Users\maldo\.m2\repository\org\openjfx\javafx-base\13\javafx-base-13.jar;C:\Users\maldo\.m2\repository\org\openjfx\javafx-fxml\13\javafx-fxml-13.jar;C:\Users\maldo\.m2\repository\org\openjfx\javafx-fxml\13\javafx-fxml-13-win.jar;"/>
    <property name="sun.cpu.endian" value="little"/>
    <property name="user.home" value="C:\Users\maldo"/>
    <property name="user.language" value="pl"/>
    <property name="java.specification.vendor" value="Oracle Corporation"/>
    <property name="jdk.module.path" value="E:\studia\Sem-3\Programowanie komponentowe (07 72 3060 19)_pliki\ProjektKompo\an_pn_1145_03\Model\target\classes;C:\Users\maldo\.m2\repository\org\apache\commons\commons-lang3\3.11\commons-lang3-3.11.jar;C:\Users\maldo\.m2\repository\javax\persistence\javax.persistence-api\2.2\javax.persistence-api-2.2.jar;C:\Users\maldo\.m2\repository\org\hibernate\common\hibernate-commons-annotations\5.1.2.Final\hibernate-commons-annotations-5.1.2.Final.jar;C:\Users\maldo\.m2\repository\org\hibernate\hibernate-entitymanager\5.4.27.Final\hibernate-entitymanager-5.4.27.Final.jar;C:\Users\maldo\.m2\repository\org\slf4j\slf4j-api\1.7.30\slf4j-api-1.7.30.jar;C:\Users\maldo\.m2\repository\org\openjfx\javafx-base\13\javafx-base-13-win.jar"/>
    <property name="java.version.date" value="2020-07-14"/>
    <property name="java.home" value="C:\Program Files\Java\jdk-14.0.2"/>
    <property name="file.separator" value="\"/>
    <property name="basedir" value="E:\studia\Sem-3\Programowanie komponentowe (07 72 3060 19)_pliki\ProjektKompo\an_pn_1145_03\Model"/>
    <property name="java.vm.compressedOopsMode" value="Zero based"/>
    <property name="line.separator" value="&#10;"/>
    <property name="java.vm.specification.vendor" value="Oracle Corporation"/>
    <property name="java.specification.name" value="Java Platform API Specification"/>
    <property name="surefire.real.class.path" value="C:\Users\maldo\.m2\repository\org\apache\maven\surefire\surefire-booter\3.0.0-M5\surefire-booter-3.0.0-M5.jar;C:\Users\maldo\.m2\repository\org\apache\maven\surefire\surefire-api\3.0.0-M5\surefire-api-3.0.0-M5.jar;C:\Users\maldo\.m2\repository\org\apache\maven\surefire\surefire-logger-api\3.0.0-M5\surefire-logger-api-3.0.0-M5.jar;C:\Users\maldo\.m2\repository\org\apache\maven\surefire\surefire-shared-utils\3.0.0-M4\surefire-shared-utils-3.0.0-M4.jar;C:\Users\maldo\.m2\repository\org\apache\maven\surefire\surefire-extensions-spi\3.0.0-M5\surefire-extensions-spi-3.0.0-M5.jar;E:\studia\Sem-3\Programowanie komponentowe (07 72 3060 19)_pliki\ProjektKompo\an_pn_1145_03\Model\target\test-classes;C:\Users\maldo\.m2\repository\org\junit\jupiter\junit-jupiter-engine\5.6.2\junit-jupiter-engine-5.6.2.jar;C:\Users\maldo\.m2\repository\org\apiguardian\apiguardian-api\1.1.0\apiguardian-api-1.1.0.jar;C:\Users\maldo\.m2\repository\org\junit\platform\junit-platform-engine\1.6.2\junit-platform-engine-1.6.2.jar;C:\Users\maldo\.m2\repository\org\opentest4j\opentest4j\1.2.0\opentest4j-1.2.0.jar;C:\Users\maldo\.m2\repository\org\junit\platform\junit-platform-commons\1.6.2\junit-platform-commons-1.6.2.jar;C:\Users\maldo\.m2\repository\org\junit\jupiter\junit-jupiter-api\5.6.2\junit-jupiter-api-5.6.2.jar;C:\Users\maldo\.m2\repository\org\projectlombok\lombok\1.18.16\lombok-1.18.16.jar;C:\Users\maldo\.m2\repository\org\hibernate\hibernate-core\5.4.27.Final\hibernate-core-5.4.27.Final.jar;C:\Users\maldo\.m2\repository\org\jboss\logging\jboss-logging\3.4.1.Final\jboss-logging-3.4.1.Final.jar;C:\Users\maldo\.m2\repository\org\javassist\javassist\3.27.0-GA\javassist-3.27.0-GA.jar;C:\Users\maldo\.m2\repository\net\bytebuddy\byte-buddy\1.10.17\byte-buddy-1.10.17.jar;C:\Users\maldo\.m2\repository\antlr\antlr\2.7.7\antlr-2.7.7.jar;C:\Users\maldo\.m2\repository\org\jboss\spec\javax\transaction\jboss-transaction-api_1.2_spec\1.1.1.Final\jboss-transaction-api_1.2_spec-1.1.1.Final.jar;C:\Users\maldo\.m2\repository\org\jboss\jandex\2.1.3.Final\jandex-2.1.3.Final.jar;C:\Users\maldo\.m2\repository\com\fasterxml\classmate\1.5.1\classmate-1.5.1.jar;C:\Users\maldo\.m2\repository\javax\activation\javax.activation-api\1.2.0\javax.activation-api-1.2.0.jar;C:\Users\maldo\.m2\repository\org\dom4j\dom4j\2.1.3\dom4j-2.1.3.jar;C:\Users\maldo\.m2\repository\javax\xml\bind\jaxb-api\2.3.1\jaxb-api-2.3.1.jar;C:\Users\maldo\.m2\repository\com\h2database\h2\1.4.200\h2-1.4.200.jar;C:\Users\maldo\.m2\repository\jakarta\xml\bind\jakarta.xml.bind-api\3.0.0\jakarta.xml.bind-api-3.0.0.jar;C:\Users\maldo\.m2\repository\com\sun\activation\jakarta.activation\2.0.0\jakarta.activation-2.0.0.jar;C:\Users\maldo\.m2\repository\org\glassfish\jaxb\jaxb-runtime\3.0.0\jaxb-runtime-3.0.0.jar;C:\Users\maldo\.m2\repository\org\glassfish\jaxb\jaxb-core\3.0.0\jaxb-core-3.0.0.jar;C:\Users\maldo\.m2\repository\org\glassfish\jaxb\txw2\3.0.0\txw2-3.0.0.jar;C:\Users\maldo\.m2\repository\com\sun\istack\istack-commons-runtime\4.0.0\istack-commons-runtime-4.0.0.jar;C:\Users\maldo\.m2\repository\ch\qos\logback\logback-classic\1.1.7\logback-classic-1.1.7.jar;C:\Users\maldo\.m2\repository\ch\qos\logback\logback-core\1.1.7\logback-core-1.1.7.jar;C:\Users\maldo\.m2\repository\org\openjfx\javafx-controls\13\javafx-controls-13.jar;C:\Users\maldo\.m2\repository\org\openjfx\javafx-controls\13\javafx-controls-13-win.jar;C:\Users\maldo\.m2\repository\org\openjfx\javafx-graphics\13\javafx-graphics-13.jar;C:\Users\maldo\.m2\repository\org\openjfx\javafx-graphics\13\javafx-graphics-13-win.jar;C:\Users\maldo\.m2\repository\org\openjfx\javafx-base\13\javafx-base-13.jar;C:\Users\maldo\.m2\repository\org\openjfx\javafx-fxml\13\javafx-fxml-13.jar;C:\Users\maldo\.m2\repository\org\openjfx\javafx-fxml\13\javafx-fxml-13-win.jar;C:\Users\maldo\.m2\repository\org\apache\maven\surefire\surefire-junit-platform\3.0.0-M5\surefire-junit-platform-3.0.0-M5.jar;C:\Users\maldo\.m2\repository\org\apache\maven\surefire\common-java5\3.0.0-M5\common-java5-3.0.0-M5.jar;C:\Users\maldo\.m2\repository\org\junit\platform\junit-platform-launcher\1.6.2\junit-platform-launcher-1.6.2.jar"/>
    <property name="user.script" value=""/>
    <property name="sun.management.compiler" value="HotSpot 64-Bit Tiered Compilers"/>
    <property name="java.runtime.version" value="14.0.2+12-46"/>
    <property name="user.name" value="maldo"/>
    <property name="path.separator" value=";"/>
    <property name="os.version" value="10.0"/>
    <property name="java.runtime.name" value="Java(TM) SE Runtime Environment"/>
    <property name="file.encoding" value="Cp1250"/>
    <property name="java.vm.name" value="Java HotSpot(TM) 64-Bit Server VM"/>
    <property name="localRepository" value="C:\Users\maldo\.m2\repository"/>
    <property name="java.vendor.url.bug" value="https://bugreport.java.com/bugreport/"/>
    <property name="java.io.tmpdir" value="C:\Users\maldo\AppData\Local\Temp\"/>
    <property name="idea.version" value="2020.2.3"/>
    <property name="java.version" value="14.0.2"/>
    <property name="user.dir" value="E:\studia\Sem-3\Programowanie komponentowe (07 72 3060 19)_pliki\ProjektKompo\an_pn_1145_03\Model"/>
    <property name="os.arch" value="amd64"/>
    <property name="java.vm.specification.name" value="Java Virtual Machine Specification"/>
    <property name="sun.os.patch.level" value=""/>
    <property name="java.library.path" value="C:\Program Files\Java\jdk-14.0.2\bin;C:\WINDOWS\Sun\Java\bin;C:\WINDOWS\system32;C:\WINDOWS;C:\Program Files (x86)\Razer Chroma SDK\bin;C:\Program Files\Razer Chroma SDK\bin;C:\Python\Scripts\;C:\Python\;C:\Program Files (x86)\Intel\iCLS Client\;C:\Program Files\Intel\iCLS Client\;C:\Windows\system32;C:\Windows;C:\Windows\System32\Wbem;C:\Windows\System32\WindowsPowerShell\v1.0\;C:\Windows\System32\OpenSSH\;C:\Program Files (x86)\NVIDIA Corporation\PhysX\Common;C:\Program Files (x86)\Intel\Intel(R) Management Engine Components\DAL;C:\Program Files\Intel\Intel(R) Management Engine Components\DAL;C:\Program Files (x86)\Intel\Intel(R) Management Engine Components\IPT;C:\Program Files\Intel\Intel(R) Management Engine Components\IPT;C:\Program Files\Intel\WiFi\bin\;C:\Program Files\Common Files\Intel\WirelessCommon\;C:\Program Files (x86)\Windows Kits\8.1\Windows Performance Toolkit\;C:\Users\maldo\AppData\Local\Microsoft\WindowsApps;C:\Program Files\NVIDIA Corporation\NVIDIA NvDLISR;C:\Program Files (x86)\MKVToolNix;C:\WINDOWS\system32;C:\WINDOWS;C:\WINDOWS\System32\Wbem;C:\WINDOWS\System32\WindowsPowerShell\v1.0\;C:\WINDOWS\System32\OpenSSH\;E:\studia\Sem-3\Programowanie komponentowe (07 72 3060 19)_pliki\apache-maven-3.6.3\bin;C:\msys64\usr\bin;C:\Program Files\Java\jdk-14.0.2\bin;C:\Program Files (x86)\Calibre2\;C:\Users\maldo\AppData\Local\Microsoft\WindowsApps;C:\Program Files\Intel\WiFi\bin\;C:\Program Files\Common Files\Intel\WirelessCommon\;C:\Program Files\JetBrains\CLion 2019.3.3\bin;;C:\Users\maldo\AppData\Local\Programs\Microsoft VS Code\bin;C:\Users\maldo\AppData\Local\GitHubDesktop\bin;."/>
    <property name="java.vm.info" value="mixed mode"/>
    <property name="java.vendor" value="Oracle Corporation"/>
    <property name="java.vm.version" value="14.0.2+12-46"/>
    <property name="sun.io.unicode.encoding" value="UnicodeLittle"/>
    <property name="java.class.version" value="58.0"/>
  </properties>
  <testcase name="ShowBoardTest" classname="sudoku.model.SudokuBoardTest" time="0.001"/>
  <testcase name="testEqualsWrongObject" classname="sudoku.model.SudokuBoardTest" time="0.001"/>
  <testcase name="testToString" classname="sudoku.model.SudokuBoardTest" time="0.02">
    <system-out><![CDATA[02:04:27.482 [main] INFO  sudoku.model.SudokuBoard - Bład w kwadracie 0
sudoku.model.SudokuBoard@3271ec2a[
  size=9
  solver=sudoku.model.BacktrackingSudokuSolver@52bba91a
  board={{3,8,6,2,9,1,4,7,5},{4,9,5,3,6,7,1,8,2},{7,1,2,5,8,4,9,3,6},{1,4,3,6,7,2,5,9,8},{5,6,7,4,1,8,0,0,0},{0,0,0,0,0,0,0,0,0},{0,0,0,0,0,0,0,0,0},{0,0,0,0,0,0,0,0,0},{0,0,0,0,0,0,0,0,0}}
]
02:04:27.482 [main] INFO  sudoku.model.SudokuBoard - Wartość 0 wstawiona nieprawidłowo
02:04:27.483 [main] INFO  sudoku.model.SudokuBoard - Bład w kwadracie 0
sudoku.model.SudokuBoard@3271ec2a[
  size=9
  solver=sudoku.model.BacktrackingSudokuSolver@52bba91a
  board={{3,8,6,2,9,1,4,7,5},{4,9,5,3,6,7,1,8,2},{7,1,2,5,8,4,9,3,6},{1,4,3,6,7,2,5,9,8},{5,6,7,4,1,8,3,0,0},{0,0,0,0,0,0,0,0,0},{0,0,0,0,0,0,0,0,0},{0,0,0,0,0,0,0,0,0},{0,0,0,0,0,0,0,0,0}}
]
02:04:27.483 [main] INFO  sudoku.model.SudokuBoard - Wartość 0 wstawiona nieprawidłowo
02:04:27.483 [main] INFO  sudoku.model.SudokuBoard - Bład w kwadracie 0
sudoku.model.SudokuBoard@3271ec2a[
  size=9
  solver=sudoku.model.BacktrackingSudokuSolver@52bba91a
  board={{3,8,6,2,9,1,4,7,5},{4,9,5,3,6,7,1,8,2},{7,1,2,5,8,4,9,3,6},{1,4,3,6,7,2,5,9,8},{5,6,7,4,1,8,0,0,0},{0,0,0,0,0,0,0,0,0},{0,0,0,0,0,0,0,0,0},{0,0,0,0,0,0,0,0,0},{0,0,0,0,0,0,0,0,0}}
]
02:04:27.484 [main] INFO  sudoku.model.SudokuBoard - Wartość 0 wstawiona nieprawidłowo
02:04:27.484 [main] INFO  sudoku.model.SudokuBoard - Bład w kwadracie 0
sudoku.model.SudokuBoard@3271ec2a[
  size=9
  solver=sudoku.model.BacktrackingSudokuSolver@52bba91a
  board={{3,8,6,2,9,1,4,7,5},{4,9,5,3,6,7,1,8,2},{7,1,2,5,8,4,9,3,6},{1,4,3,6,7,2,5,9,8},{5,6,7,4,1,0,0,0,0},{0,0,0,0,0,0,0,0,0},{0,0,0,0,0,0,0,0,0},{0,0,0,0,0,0,0,0,0},{0,0,0,0,0,0,0,0,0}}
]
02:04:27.485 [main] INFO  sudoku.model.SudokuBoard - Wartość 0 wstawiona nieprawidłowo
02:04:27.485 [main] INFO  sudoku.model.SudokuBoard - Bład w kwadracie 0
sudoku.model.SudokuBoard@3271ec2a[
  size=9
  solver=sudoku.model.BacktrackingSudokuSolver@52bba91a
  board={{3,8,6,2,9,1,4,7,5},{4,9,5,3,6,7,1,8,2},{7,1,2,5,8,4,9,3,6},{1,4,3,6,7,2,5,9,8},{5,6,7,4,1,9,0,0,0},{0,0,0,0,0,0,0,0,0},{0,0,0,0,0,0,0,0,0},{0,0,0,0,0,0,0,0,0},{0,0,0,0,0,0,0,0,0}}
]
02:04:27.485 [main] INFO  sudoku.model.SudokuBoard - Wartość 0 wstawiona nieprawidłowo
02:04:27.486 [main] INFO  sudoku.model.SudokuBoard - Bład w kwadracie 0
sudoku.model.SudokuBoard@3271ec2a[
  size=9
  solver=sudoku.model.BacktrackingSudokuSolver@52bba91a
  board={{3,8,6,2,9,1,4,7,5},{4,9,5,3,6,7,1,8,2},{7,1,2,5,8,4,9,3,6},{1,4,3,6,7,2,5,9,8},{5,6,7,4,1,9,3,0,0},{0,0,0,0,0,0,0,0,0},{0,0,0,0,0,0,0,0,0},{0,0,0,0,0,0,0,0,0},{0,0,0,0,0,0,0,0,0}}
]
02:04:27.486 [main] INFO  sudoku.model.SudokuBoard - Wartość 0 wstawiona nieprawidłowo
02:04:27.495 [main] INFO  sudoku.model.SudokuBoard - Bład w kwadracie 0
sudoku.model.SudokuBoard@3271ec2a[
  size=9
  solver=sudoku.model.BacktrackingSudokuSolver@52bba91a
  board={{3,8,6,2,9,1,4,7,5},{4,9,5,3,6,7,1,8,2},{7,1,2,5,8,4,9,3,6},{1,4,3,6,7,2,5,9,8},{5,6,7,4,1,9,0,0,0},{0,0,0,0,0,0,0,0,0},{0,0,0,0,0,0,0,0,0},{0,0,0,0,0,0,0,0,0},{0,0,0,0,0,0,0,0,0}}
]
02:04:27.495 [main] INFO  sudoku.model.SudokuBoard - Wartość 0 wstawiona nieprawidłowo
02:04:27.495 [main] INFO  sudoku.model.SudokuBoard - Bład w kwadracie 0
sudoku.model.SudokuBoard@3271ec2a[
  size=9
  solver=sudoku.model.BacktrackingSudokuSolver@52bba91a
  board={{3,8,6,2,9,1,4,7,5},{4,9,5,3,6,7,1,8,2},{7,1,2,5,8,4,9,3,6},{1,4,3,6,7,2,5,9,8},{5,6,7,4,1,0,0,0,0},{0,0,0,0,0,0,0,0,0},{0,0,0,0,0,0,0,0,0},{0,0,0,0,0,0,0,0,0},{0,0,0,0,0,0,0,0,0}}
]
02:04:27.495 [main] INFO  sudoku.model.SudokuBoard - Wartość 0 wstawiona nieprawidłowo
02:04:27.495 [main] INFO  sudoku.model.SudokuBoard - Bład w kwadracie 0
sudoku.model.SudokuBoard@3271ec2a[
  size=9
  solver=sudoku.model.BacktrackingSudokuSolver@52bba91a
  board={{3,8,6,2,9,1,4,7,5},{4,9,5,3,6,7,1,8,2},{7,1,2,5,8,4,9,3,6},{1,4,3,6,7,2,5,9,8},{5,6,7,4,1,3,0,0,0},{0,0,0,0,0,0,0,0,0},{0,0,0,0,0,0,0,0,0},{0,0,0,0,0,0,0,0,0},{0,0,0,0,0,0,0,0,0}}
]
02:04:27.495 [main] INFO  sudoku.model.SudokuBoard - Wartość 0 wstawiona nieprawidłowo
02:04:27.495 [main] INFO  sudoku.model.SudokuBoard - Bład w kwadracie 0
sudoku.model.SudokuBoard@3271ec2a[
  size=9
  solver=sudoku.model.BacktrackingSudokuSolver@52bba91a
  board={{3,8,6,2,9,1,4,7,5},{4,9,5,3,6,7,1,8,2},{7,1,2,5,8,4,9,3,6},{1,4,3,6,7,2,5,9,8},{5,6,7,4,1,0,0,0,0},{0,0,0,0,0,0,0,0,0},{0,0,0,0,0,0,0,0,0},{0,0,0,0,0,0,0,0,0},{0,0,0,0,0,0,0,0,0}}
]
02:04:27.495 [main] INFO  sudoku.model.SudokuBoard - Wartość 0 wstawiona nieprawidłowo
02:04:27.496 [main] INFO  sudoku.model.SudokuBoard - Bład w kwadracie 0
sudoku.model.SudokuBoard@3271ec2a[
  size=9
  solver=sudoku.model.BacktrackingSudokuSolver@52bba91a
  board={{3,8,6,2,9,1,4,7,5},{4,9,5,3,6,7,1,8,2},{7,1,2,5,8,4,9,3,6},{1,4,3,6,7,2,5,9,8},{5,6,7,4,0,0,0,0,0},{0,0,0,0,0,0,0,0,0},{0,0,0,0,0,0,0,0,0},{0,0,0,0,0,0,0,0,0},{0,0,0,0,0,0,0,0,0}}
]
02:04:27.496 [main] INFO  sudoku.model.SudokuBoard - Wartość 0 wstawiona nieprawidłowo
02:04:27.496 [main] INFO  sudoku.model.SudokuBoard - Bład w kwadracie 0
sudoku.model.SudokuBoard@3271ec2a[
  size=9
  solver=sudoku.model.BacktrackingSudokuSolver@52bba91a
  board={{3,8,6,2,9,1,4,7,5},{4,9,5,3,6,7,1,8,2},{7,1,2,5,8,4,9,3,6},{1,4,3,6,7,2,5,9,8},{5,6,7,4,3,8,2,0,0},{0,0,0,0,0,0,0,0,0},{0,0,0,0,0,0,0,0,0},{0,0,0,0,0,0,0,0,0},{0,0,0,0,0,0,0,0,0}}
]
02:04:27.496 [main] INFO  sudoku.model.SudokuBoard - Wartość 0 wstawiona nieprawidłowo
02:04:27.496 [main] INFO  sudoku.model.SudokuBoard - Bład w kwadracie 0
sudoku.model.SudokuBoard@3271ec2a[
  size=9
  solver=sudoku.model.BacktrackingSudokuSolver@52bba91a
  board={{3,8,6,2,9,1,4,7,5},{4,9,5,3,6,7,1,8,2},{7,1,2,5,8,4,9,3,6},{1,4,3,6,7,2,5,9,8},{5,6,7,4,3,8,0,0,0},{0,0,0,0,0,0,0,0,0},{0,0,0,0,0,0,0,0,0},{0,0,0,0,0,0,0,0,0},{0,0,0,0,0,0,0,0,0}}
]
02:04:27.496 [main] INFO  sudoku.model.SudokuBoard - Wartość 0 wstawiona nieprawidłowo
02:04:27.496 [main] INFO  sudoku.model.SudokuBoard - Bład w kwadracie 0
sudoku.model.SudokuBoard@3271ec2a[
  size=9
  solver=sudoku.model.BacktrackingSudokuSolver@52bba91a
  board={{3,8,6,2,9,1,4,7,5},{4,9,5,3,6,7,1,8,2},{7,1,2,5,8,4,9,3,6},{1,4,3,6,7,2,5,9,8},{5,6,7,4,3,0,0,0,0},{0,0,0,0,0,0,0,0,0},{0,0,0,0,0,0,0,0,0},{0,0,0,0,0,0,0,0,0},{0,0,0,0,0,0,0,0,0}}
]
02:04:27.496 [main] INFO  sudoku.model.SudokuBoard - Wartość 0 wstawiona nieprawidłowo
02:04:27.496 [main] INFO  sudoku.model.SudokuBoard - Bład w kwadracie 0
sudoku.model.SudokuBoard@3271ec2a[
  size=9
  solver=sudoku.model.BacktrackingSudokuSolver@52bba91a
  board={{3,8,6,2,9,1,4,7,5},{4,9,5,3,6,7,1,8,2},{7,1,2,5,8,4,9,3,6},{1,4,3,6,7,2,5,9,8},{5,6,7,4,3,9,2,0,0},{0,0,0,0,0,0,0,0,0},{0,0,0,0,0,0,0,0,0},{0,0,0,0,0,0,0,0,0},{0,0,0,0,0,0,0,0,0}}
]
02:04:27.496 [main] INFO  sudoku.model.SudokuBoard - Wartość 0 wstawiona nieprawidłowo
02:04:27.496 [main] INFO  sudoku.model.SudokuBoard - Bład w kwadracie 0
sudoku.model.SudokuBoard@3271ec2a[
  size=9
  solver=sudoku.model.BacktrackingSudokuSolver@52bba91a
  board={{3,8,6,2,9,1,4,7,5},{4,9,5,3,6,7,1,8,2},{7,1,2,5,8,4,9,3,6},{1,4,3,6,7,2,5,9,8},{5,6,7,4,3,9,0,0,0},{0,0,0,0,0,0,0,0,0},{0,0,0,0,0,0,0,0,0},{0,0,0,0,0,0,0,0,0},{0,0,0,0,0,0,0,0,0}}
]
02:04:27.496 [main] INFO  sudoku.model.SudokuBoard - Wartość 0 wstawiona nieprawidłowo
02:04:27.496 [main] INFO  sudoku.model.SudokuBoard - Bład w kwadracie 0
sudoku.model.SudokuBoard@3271ec2a[
  size=9
  solver=sudoku.model.BacktrackingSudokuSolver@52bba91a
  board={{3,8,6,2,9,1,4,7,5},{4,9,5,3,6,7,1,8,2},{7,1,2,5,8,4,9,3,6},{1,4,3,6,7,2,5,9,8},{5,6,7,4,3,0,0,0,0},{0,0,0,0,0,0,0,0,0},{0,0,0,0,0,0,0,0,0},{0,0,0,0,0,0,0,0,0},{0,0,0,0,0,0,0,0,0}}
]
02:04:27.496 [main] INFO  sudoku.model.SudokuBoard - Wartość 0 wstawiona nieprawidłowo
02:04:27.497 [main] INFO  sudoku.model.SudokuBoard - Bład w kwadracie 0
sudoku.model.SudokuBoard@3271ec2a[
  size=9
  solver=sudoku.model.BacktrackingSudokuSolver@52bba91a
  board={{3,8,6,2,9,1,4,7,5},{4,9,5,3,6,7,1,8,2},{7,1,2,5,8,4,9,3,6},{1,4,3,6,7,2,5,9,8},{5,6,7,4,0,0,0,0,0},{0,0,0,0,0,0,0,0,0},{0,0,0,0,0,0,0,0,0},{0,0,0,0,0,0,0,0,0},{0,0,0,0,0,0,0,0,0}}
]
02:04:27.497 [main] INFO  sudoku.model.SudokuBoard - Wartość 0 wstawiona nieprawidłowo
02:04:27.497 [main] INFO  sudoku.model.SudokuBoard - Bład w kwadracie 0
sudoku.model.SudokuBoard@3271ec2a[
  size=9
  solver=sudoku.model.BacktrackingSudokuSolver@52bba91a
  board={{3,8,6,2,9,1,4,7,5},{4,9,5,3,6,7,1,8,2},{7,1,2,5,8,4,9,3,6},{1,4,3,6,7,2,5,9,8},{5,6,7,0,0,0,0,0,0},{0,0,0,0,0,0,0,0,0},{0,0,0,0,0,0,0,0,0},{0,0,0,0,0,0,0,0,0},{0,0,0,0,0,0,0,0,0}}
]
02:04:27.497 [main] INFO  sudoku.model.SudokuBoard - Wartość 0 wstawiona nieprawidłowo
02:04:27.497 [main] INFO  sudoku.model.SudokuBoard - Bład w kwadracie 0
sudoku.model.SudokuBoard@3271ec2a[
  size=9
  solver=sudoku.model.BacktrackingSudokuSolver@52bba91a
  board={{3,8,6,2,9,1,4,7,5},{4,9,5,3,6,7,1,8,2},{7,1,2,5,8,4,9,3,6},{1,4,3,6,7,2,5,9,8},{5,6,7,8,3,9,2,4,1},{8,2,9,1,4,5,3,6,7},{6,7,1,9,2,0,0,0,0},{0,0,0,0,0,0,0,0,0},{0,0,0,0,0,0,0,0,0}}
]
02:04:27.497 [main] INFO  sudoku.model.SudokuBoard - Wartość 0 wstawiona nieprawidłowo
sudoku.model.SudokuBoard@28e94c2[
  size=9
  solver=sudoku.model.BacktrackingSudokuSolver@52bba91a
  board={{3,8,6,2,9,1,4,7,5},{4,9,5,3,6,7,1,8,2},{7,1,2,5,8,4,9,3,6},{1,4,3,6,7,2,5,9,8},{5,6,7,8,3,9,2,4,1},{8,2,9,1,4,5,3,6,7},{6,7,1,9,2,3,8,5,4},{9,5,8,4,1,6,7,2,3},{2,3,4,7,5,8,6,1,9}}
]
]]></system-out>
  </testcase>
  <testcase name="checkBoardTestRowFalse" classname="sudoku.model.SudokuBoardTest" time="0.003">
    <system-out><![CDATA[02:04:27.501 [main] INFO  sudoku.model.SudokuBoard - Bład w kwadracie 0
sudoku.model.SudokuBoard@3d40498a[
  size=9
  solver=sudoku.model.BacktrackingSudokuSolver@14d1737a
  board={{8,9,6,3,7,4,5,1,2},{1,2,4,9,5,6,7,3,8},{3,5,7,1,2,8,9,4,6},{5,6,8,4,9,1,2,7,3},{7,1,9,2,6,3,4,0,0},{0,0,0,0,0,0,0,0,0},{0,0,0,0,0,0,0,0,0},{0,0,0,0,0,0,0,0,0},{0,0,0,0,0,0,0,0,0}}
]
02:04:27.501 [main] INFO  sudoku.model.SudokuBoard - Wartość 0 wstawiona nieprawidłowo
02:04:27.502 [main] INFO  sudoku.model.SudokuBoard - Bład w kwadracie 0
sudoku.model.SudokuBoard@3d40498a[
  size=9
  solver=sudoku.model.BacktrackingSudokuSolver@14d1737a
  board={{1,9,6,3,7,4,5,1,2},{1,2,4,9,5,6,7,3,8},{3,5,7,1,2,8,9,4,6},{5,6,8,4,9,1,2,7,3},{7,1,9,2,6,3,4,8,5},{4,3,2,5,8,7,1,6,9},{9,4,1,6,3,5,8,2,7},{2,7,3,8,1,9,6,5,4},{6,8,5,7,4,2,3,9,1}}
]
02:04:27.502 [main] INFO  sudoku.model.SudokuBoard - Wartość 1 wstawiona nieprawidłowo
02:04:27.502 [main] INFO  sudoku.model.SudokuBoard - Bład w kwadracie 0
sudoku.model.SudokuBoard@3d40498a[
  size=9
  solver=sudoku.model.BacktrackingSudokuSolver@14d1737a
  board={{1,1,6,3,7,4,5,1,2},{1,2,4,9,5,6,7,3,8},{3,5,7,1,2,8,9,4,6},{5,6,8,4,9,1,2,7,3},{7,1,9,2,6,3,4,8,5},{4,3,2,5,8,7,1,6,9},{9,4,1,6,3,5,8,2,7},{2,7,3,8,1,9,6,5,4},{6,8,5,7,4,2,3,9,1}}
]
02:04:27.502 [main] INFO  sudoku.model.SudokuBoard - Wartość 1 wstawiona nieprawidłowo
02:04:27.502 [main] INFO  sudoku.model.SudokuBoard - Bład w kwadracie 0
sudoku.model.SudokuBoard@23e2c1ca[
  size=9
  solver=sudoku.model.BacktrackingSudokuSolver@14d1737a
  board={{1,1,6,3,7,4,5,1,2},{1,2,4,9,5,6,7,3,8},{3,5,7,1,2,8,9,4,6},{5,6,8,4,9,1,2,7,3},{7,1,9,2,6,3,4,8,5},{4,3,2,5,8,7,1,6,9},{9,4,1,6,3,5,8,2,7},{2,7,3,8,1,9,6,5,4},{6,8,5,7,4,2,3,9,1}}
]
]]></system-out>
  </testcase>
  <testcase name="testEqualsDiffrentInstance" classname="sudoku.model.SudokuBoardTest" time="0"/>
  <testcase name="cloneTest" classname="sudoku.model.SudokuBoardTest" time="0.021">
    <system-out><![CDATA[02:04:27.507 [main] INFO  sudoku.model.SudokuBoard - Bład w kwadracie 0
sudoku.model.SudokuBoard@dc1fadd[
  size=9
  solver=sudoku.model.BacktrackingSudokuSolver@3ef3f661
  board={{2,8,7,3,9,4,5,6,1},{4,9,5,6,2,7,3,0,0},{0,0,0,0,0,0,0,0,0},{0,0,0,0,0,0,0,0,0},{0,0,0,0,0,0,0,0,0},{0,0,0,0,0,0,0,0,0},{0,0,0,0,0,0,0,0,0},{0,0,0,0,0,0,0,0,0},{0,0,0,0,0,0,0,0,0}}
]
02:04:27.507 [main] INFO  sudoku.model.SudokuBoard - Wartość 0 wstawiona nieprawidłowo
02:04:27.507 [main] INFO  sudoku.model.SudokuBoard - Bład w kwadracie 0
sudoku.model.SudokuBoard@dc1fadd[
  size=9
  solver=sudoku.model.BacktrackingSudokuSolver@3ef3f661
  board={{2,8,7,3,9,4,5,6,1},{4,9,5,6,2,7,0,0,0},{0,0,0,0,0,0,0,0,0},{0,0,0,0,0,0,0,0,0},{0,0,0,0,0,0,0,0,0},{0,0,0,0,0,0,0,0,0},{0,0,0,0,0,0,0,0,0},{0,0,0,0,0,0,0,0,0},{0,0,0,0,0,0,0,0,0}}
]
02:04:27.508 [main] INFO  sudoku.model.SudokuBoard - Wartość 0 wstawiona nieprawidłowo
02:04:27.508 [main] INFO  sudoku.model.SudokuBoard - Bład w kwadracie 0
sudoku.model.SudokuBoard@dc1fadd[
  size=9
  solver=sudoku.model.BacktrackingSudokuSolver@3ef3f661
  board={{2,8,7,3,9,4,5,6,1},{4,9,5,6,2,7,8,0,0},{0,0,0,0,0,0,0,0,0},{0,0,0,0,0,0,0,0,0},{0,0,0,0,0,0,0,0,0},{0,0,0,0,0,0,0,0,0},{0,0,0,0,0,0,0,0,0},{0,0,0,0,0,0,0,0,0},{0,0,0,0,0,0,0,0,0}}
]
02:04:27.508 [main] INFO  sudoku.model.SudokuBoard - Wartość 0 wstawiona nieprawidłowo
02:04:27.508 [main] INFO  sudoku.model.SudokuBoard - Bład w kwadracie 0
sudoku.model.SudokuBoard@dc1fadd[
  size=9
  solver=sudoku.model.BacktrackingSudokuSolver@3ef3f661
  board={{2,8,7,3,9,4,5,6,1},{4,9,5,6,2,7,0,0,0},{0,0,0,0,0,0,0,0,0},{0,0,0,0,0,0,0,0,0},{0,0,0,0,0,0,0,0,0},{0,0,0,0,0,0,0,0,0},{0,0,0,0,0,0,0,0,0},{0,0,0,0,0,0,0,0,0},{0,0,0,0,0,0,0,0,0}}
]
02:04:27.508 [main] INFO  sudoku.model.SudokuBoard - Wartość 0 wstawiona nieprawidłowo
02:04:27.508 [main] INFO  sudoku.model.SudokuBoard - Bład w kwadracie 0
sudoku.model.SudokuBoard@dc1fadd[
  size=9
  solver=sudoku.model.BacktrackingSudokuSolver@3ef3f661
  board={{2,8,7,3,9,4,5,6,1},{4,9,5,6,2,0,0,0,0},{0,0,0,0,0,0,0,0,0},{0,0,0,0,0,0,0,0,0},{0,0,0,0,0,0,0,0,0},{0,0,0,0,0,0,0,0,0},{0,0,0,0,0,0,0,0,0},{0,0,0,0,0,0,0,0,0},{0,0,0,0,0,0,0,0,0}}
]
02:04:27.508 [main] INFO  sudoku.model.SudokuBoard - Wartość 0 wstawiona nieprawidłowo
02:04:27.508 [main] INFO  sudoku.model.SudokuBoard - Bład w kwadracie 0
sudoku.model.SudokuBoard@dc1fadd[
  size=9
  solver=sudoku.model.BacktrackingSudokuSolver@3ef3f661
  board={{2,8,7,3,9,4,5,6,1},{4,9,5,6,2,8,3,0,0},{0,0,0,0,0,0,0,0,0},{0,0,0,0,0,0,0,0,0},{0,0,0,0,0,0,0,0,0},{0,0,0,0,0,0,0,0,0},{0,0,0,0,0,0,0,0,0},{0,0,0,0,0,0,0,0,0},{0,0,0,0,0,0,0,0,0}}
]
02:04:27.509 [main] INFO  sudoku.model.SudokuBoard - Wartość 0 wstawiona nieprawidłowo
02:04:27.509 [main] INFO  sudoku.model.SudokuBoard - Bład w kwadracie 0
sudoku.model.SudokuBoard@dc1fadd[
  size=9
  solver=sudoku.model.BacktrackingSudokuSolver@3ef3f661
  board={{2,8,7,3,9,4,5,6,1},{4,9,5,6,2,8,0,0,0},{0,0,0,0,0,0,0,0,0},{0,0,0,0,0,0,0,0,0},{0,0,0,0,0,0,0,0,0},{0,0,0,0,0,0,0,0,0},{0,0,0,0,0,0,0,0,0},{0,0,0,0,0,0,0,0,0},{0,0,0,0,0,0,0,0,0}}
]
02:04:27.509 [main] INFO  sudoku.model.SudokuBoard - Wartość 0 wstawiona nieprawidłowo
02:04:27.509 [main] INFO  sudoku.model.SudokuBoard - Bład w kwadracie 0
sudoku.model.SudokuBoard@dc1fadd[
  size=9
  solver=sudoku.model.BacktrackingSudokuSolver@3ef3f661
  board={{2,8,7,3,9,4,5,6,1},{4,9,5,6,2,8,7,0,0},{0,0,0,0,0,0,0,0,0},{0,0,0,0,0,0,0,0,0},{0,0,0,0,0,0,0,0,0},{0,0,0,0,0,0,0,0,0},{0,0,0,0,0,0,0,0,0},{0,0,0,0,0,0,0,0,0},{0,0,0,0,0,0,0,0,0}}
]
02:04:27.510 [main] INFO  sudoku.model.SudokuBoard - Wartość 0 wstawiona nieprawidłowo
02:04:27.510 [main] INFO  sudoku.model.SudokuBoard - Bład w kwadracie 0
sudoku.model.SudokuBoard@dc1fadd[
  size=9
  solver=sudoku.model.BacktrackingSudokuSolver@3ef3f661
  board={{2,8,7,3,9,4,5,6,1},{4,9,5,6,2,8,0,0,0},{0,0,0,0,0,0,0,0,0},{0,0,0,0,0,0,0,0,0},{0,0,0,0,0,0,0,0,0},{0,0,0,0,0,0,0,0,0},{0,0,0,0,0,0,0,0,0},{0,0,0,0,0,0,0,0,0},{0,0,0,0,0,0,0,0,0}}
]
02:04:27.510 [main] INFO  sudoku.model.SudokuBoard - Wartość 0 wstawiona nieprawidłowo
02:04:27.510 [main] INFO  sudoku.model.SudokuBoard - Bład w kwadracie 0
sudoku.model.SudokuBoard@dc1fadd[
  size=9
  solver=sudoku.model.BacktrackingSudokuSolver@3ef3f661
  board={{2,8,7,3,9,4,5,6,1},{4,9,5,6,2,0,0,0,0},{0,0,0,0,0,0,0,0,0},{0,0,0,0,0,0,0,0,0},{0,0,0,0,0,0,0,0,0},{0,0,0,0,0,0,0,0,0},{0,0,0,0,0,0,0,0,0},{0,0,0,0,0,0,0,0,0},{0,0,0,0,0,0,0,0,0}}
]
02:04:27.510 [main] INFO  sudoku.model.SudokuBoard - Wartość 0 wstawiona nieprawidłowo
02:04:27.510 [main] INFO  sudoku.model.SudokuBoard - Bład w kwadracie 0
sudoku.model.SudokuBoard@dc1fadd[
  size=9
  solver=sudoku.model.BacktrackingSudokuSolver@3ef3f661
  board={{2,8,7,3,9,4,5,6,1},{4,9,5,6,2,1,3,7,8},{3,1,6,8,7,5,4,2,9},{5,2,1,7,3,6,8,9,4},{6,3,8,9,1,2,7,0,0},{0,0,0,0,0,0,0,0,0},{0,0,0,0,0,0,0,0,0},{0,0,0,0,0,0,0,0,0},{0,0,0,0,0,0,0,0,0}}
]
02:04:27.511 [main] INFO  sudoku.model.SudokuBoard - Wartość 0 wstawiona nieprawidłowo
02:04:27.511 [main] INFO  sudoku.model.SudokuBoard - Bład w kwadracie 0
sudoku.model.SudokuBoard@dc1fadd[
  size=9
  solver=sudoku.model.BacktrackingSudokuSolver@3ef3f661
  board={{2,8,7,3,9,4,5,6,1},{4,9,5,6,2,1,3,7,8},{3,1,6,8,7,5,4,2,9},{5,2,1,7,3,6,8,9,4},{6,3,8,9,1,2,0,0,0},{0,0,0,0,0,0,0,0,0},{0,0,0,0,0,0,0,0,0},{0,0,0,0,0,0,0,0,0},{0,0,0,0,0,0,0,0,0}}
]
02:04:27.511 [main] INFO  sudoku.model.SudokuBoard - Wartość 0 wstawiona nieprawidłowo
02:04:27.511 [main] INFO  sudoku.model.SudokuBoard - Bład w kwadracie 0
sudoku.model.SudokuBoard@dc1fadd[
  size=9
  solver=sudoku.model.BacktrackingSudokuSolver@3ef3f661
  board={{2,8,7,3,9,4,5,6,1},{4,9,5,6,2,1,3,7,8},{3,1,6,8,7,5,4,2,9},{5,2,1,7,3,6,8,9,4},{6,3,8,9,1,0,0,0,0},{0,0,0,0,0,0,0,0,0},{0,0,0,0,0,0,0,0,0},{0,0,0,0,0,0,0,0,0},{0,0,0,0,0,0,0,0,0}}
]
02:04:27.511 [main] INFO  sudoku.model.SudokuBoard - Wartość 0 wstawiona nieprawidłowo
02:04:27.511 [main] INFO  sudoku.model.SudokuBoard - Bład w kwadracie 0
sudoku.model.SudokuBoard@dc1fadd[
  size=9
  solver=sudoku.model.BacktrackingSudokuSolver@3ef3f661
  board={{2,8,7,3,9,4,5,6,1},{4,9,5,6,2,1,3,7,8},{3,1,6,8,7,5,4,2,9},{5,2,1,7,3,6,8,9,4},{6,3,8,9,0,0,0,0,0},{0,0,0,0,0,0,0,0,0},{0,0,0,0,0,0,0,0,0},{0,0,0,0,0,0,0,0,0},{0,0,0,0,0,0,0,0,0}}
]
02:04:27.511 [main] INFO  sudoku.model.SudokuBoard - Wartość 0 wstawiona nieprawidłowo
02:04:27.512 [main] INFO  sudoku.model.SudokuBoard - Bład w kwadracie 0
sudoku.model.SudokuBoard@dc1fadd[
  size=9
  solver=sudoku.model.BacktrackingSudokuSolver@3ef3f661
  board={{2,8,7,3,9,4,5,6,1},{4,9,5,6,2,1,3,7,8},{3,1,6,8,7,5,4,2,9},{5,2,1,7,3,6,8,9,4},{6,3,8,9,4,2,7,1,5},{7,4,9,1,0,0,0,0,0},{0,0,0,0,0,0,0,0,0},{0,0,0,0,0,0,0,0,0},{0,0,0,0,0,0,0,0,0}}
]
02:04:27.512 [main] INFO  sudoku.model.SudokuBoard - Wartość 0 wstawiona nieprawidłowo
02:04:27.512 [main] INFO  sudoku.model.SudokuBoard - Bład w kwadracie 0
sudoku.model.SudokuBoard@dc1fadd[
  size=9
  solver=sudoku.model.BacktrackingSudokuSolver@3ef3f661
  board={{2,8,7,3,9,4,5,6,1},{4,9,5,6,2,1,3,7,8},{3,1,6,8,7,5,4,2,9},{5,2,1,7,3,6,8,9,4},{6,3,8,9,4,2,7,1,5},{7,4,9,1,5,8,2,3,6},{8,5,4,2,1,7,0,0,0},{0,0,0,0,0,0,0,0,0},{0,0,0,0,0,0,0,0,0}}
]
02:04:27.512 [main] INFO  sudoku.model.SudokuBoard - Wartość 0 wstawiona nieprawidłowo
02:04:27.512 [main] INFO  sudoku.model.SudokuBoard - Bład w kwadracie 0
sudoku.model.SudokuBoard@dc1fadd[
  size=9
  solver=sudoku.model.BacktrackingSudokuSolver@3ef3f661
  board={{2,8,7,3,9,4,5,6,1},{4,9,5,6,2,1,3,7,8},{3,1,6,8,7,5,4,2,9},{5,2,1,7,3,6,8,9,4},{6,3,8,9,4,2,7,1,5},{7,4,9,1,5,8,2,3,6},{8,5,4,2,1,7,0,0,0},{0,0,0,0,0,0,0,0,0},{0,0,0,0,0,0,0,0,0}}
]
02:04:27.512 [main] INFO  sudoku.model.SudokuBoard - Wartość 0 wstawiona nieprawidłowo
02:04:27.512 [main] INFO  sudoku.model.SudokuBoard - Bład w kwadracie 0
sudoku.model.SudokuBoard@dc1fadd[
  size=9
  solver=sudoku.model.BacktrackingSudokuSolver@3ef3f661
  board={{2,8,7,3,9,4,5,6,1},{4,9,5,6,2,1,3,7,8},{3,1,6,8,7,5,4,2,9},{5,2,1,7,3,6,8,9,4},{6,3,8,9,4,2,7,1,5},{7,4,9,1,5,8,2,3,6},{8,5,4,2,1,0,0,0,0},{0,0,0,0,0,0,0,0,0},{0,0,0,0,0,0,0,0,0}}
]
02:04:27.512 [main] INFO  sudoku.model.SudokuBoard - Wartość 0 wstawiona nieprawidłowo
02:04:27.513 [main] INFO  sudoku.model.SudokuBoard - Bład w kwadracie 0
sudoku.model.SudokuBoard@dc1fadd[
  size=9
  solver=sudoku.model.BacktrackingSudokuSolver@3ef3f661
  board={{2,8,7,3,9,4,5,6,1},{4,9,5,6,2,1,3,7,8},{3,1,6,8,7,5,4,2,9},{5,2,1,7,3,6,8,9,4},{6,3,8,9,4,2,7,1,5},{7,4,9,1,5,8,2,3,6},{8,5,4,2,1,9,0,0,0},{0,0,0,0,0,0,0,0,0},{0,0,0,0,0,0,0,0,0}}
]
02:04:27.513 [main] INFO  sudoku.model.SudokuBoard - Wartość 0 wstawiona nieprawidłowo
02:04:27.513 [main] INFO  sudoku.model.SudokuBoard - Bład w kwadracie 0
sudoku.model.SudokuBoard@dc1fadd[
  size=9
  solver=sudoku.model.BacktrackingSudokuSolver@3ef3f661
  board={{2,8,7,3,9,4,5,6,1},{4,9,5,6,2,1,3,7,8},{3,1,6,8,7,5,4,2,9},{5,2,1,7,3,6,8,9,4},{6,3,8,9,4,2,7,1,5},{7,4,9,1,5,8,2,3,6},{8,5,4,2,1,0,0,0,0},{0,0,0,0,0,0,0,0,0},{0,0,0,0,0,0,0,0,0}}
]
02:04:27.513 [main] INFO  sudoku.model.SudokuBoard - Wartość 0 wstawiona nieprawidłowo
02:04:27.513 [main] INFO  sudoku.model.SudokuBoard - Bład w kwadracie 0
sudoku.model.SudokuBoard@dc1fadd[
  size=9
  solver=sudoku.model.BacktrackingSudokuSolver@3ef3f661
  board={{2,8,7,3,9,4,5,6,1},{4,9,5,6,2,1,3,7,8},{3,1,6,8,7,5,4,2,9},{5,2,1,7,3,6,8,9,4},{6,3,8,9,4,2,7,1,5},{7,4,9,1,5,8,2,3,6},{8,5,4,2,1,3,0,0,0},{0,0,0,0,0,0,0,0,0},{0,0,0,0,0,0,0,0,0}}
]
02:04:27.513 [main] INFO  sudoku.model.SudokuBoard - Wartość 0 wstawiona nieprawidłowo
02:04:27.513 [main] INFO  sudoku.model.SudokuBoard - Bład w kwadracie 0
sudoku.model.SudokuBoard@dc1fadd[
  size=9
  solver=sudoku.model.BacktrackingSudokuSolver@3ef3f661
  board={{2,8,7,3,9,4,5,6,1},{4,9,5,6,2,1,3,7,8},{3,1,6,8,7,5,4,2,9},{5,2,1,7,3,6,8,9,4},{6,3,8,9,4,2,7,1,5},{7,4,9,1,5,8,2,3,6},{8,5,4,2,1,3,0,0,0},{0,0,0,0,0,0,0,0,0},{0,0,0,0,0,0,0,0,0}}
]
02:04:27.513 [main] INFO  sudoku.model.SudokuBoard - Wartość 0 wstawiona nieprawidłowo
02:04:27.513 [main] INFO  sudoku.model.SudokuBoard - Bład w kwadracie 0
sudoku.model.SudokuBoard@dc1fadd[
  size=9
  solver=sudoku.model.BacktrackingSudokuSolver@3ef3f661
  board={{2,8,7,3,9,4,5,6,1},{4,9,5,6,2,1,3,7,8},{3,1,6,8,7,5,4,2,9},{5,2,1,7,3,6,8,9,4},{6,3,8,9,4,2,7,1,5},{7,4,9,1,5,8,2,3,6},{8,5,4,2,1,0,0,0,0},{0,0,0,0,0,0,0,0,0},{0,0,0,0,0,0,0,0,0}}
]
02:04:27.514 [main] INFO  sudoku.model.SudokuBoard - Wartość 0 wstawiona nieprawidłowo
02:04:27.514 [main] INFO  sudoku.model.SudokuBoard - Bład w kwadracie 0
sudoku.model.SudokuBoard@dc1fadd[
  size=9
  solver=sudoku.model.BacktrackingSudokuSolver@3ef3f661
  board={{2,8,7,3,9,4,5,6,1},{4,9,5,6,2,1,3,7,8},{3,1,6,8,7,5,4,2,9},{5,2,1,7,3,6,8,9,4},{6,3,8,9,4,2,7,1,5},{7,4,9,1,5,8,2,3,6},{8,5,4,2,0,0,0,0,0},{0,0,0,0,0,0,0,0,0},{0,0,0,0,0,0,0,0,0}}
]
02:04:27.514 [main] INFO  sudoku.model.SudokuBoard - Wartość 0 wstawiona nieprawidłowo
02:04:27.514 [main] INFO  sudoku.model.SudokuBoard - Bład w kwadracie 0
sudoku.model.SudokuBoard@dc1fadd[
  size=9
  solver=sudoku.model.BacktrackingSudokuSolver@3ef3f661
  board={{2,8,7,3,9,4,5,6,1},{4,9,5,6,2,1,3,7,8},{3,1,6,8,7,5,4,2,9},{5,2,1,7,3,6,8,9,4},{6,3,8,9,4,2,7,1,5},{7,4,9,1,5,8,2,3,6},{8,5,4,2,6,3,0,0,0},{0,0,0,0,0,0,0,0,0},{0,0,0,0,0,0,0,0,0}}
]
02:04:27.514 [main] INFO  sudoku.model.SudokuBoard - Wartość 0 wstawiona nieprawidłowo
02:04:27.514 [main] INFO  sudoku.model.SudokuBoard - Bład w kwadracie 0
sudoku.model.SudokuBoard@dc1fadd[
  size=9
  solver=sudoku.model.BacktrackingSudokuSolver@3ef3f661
  board={{2,8,7,3,9,4,5,6,1},{4,9,5,6,2,1,3,7,8},{3,1,6,8,7,5,4,2,9},{5,2,1,7,3,6,8,9,4},{6,3,8,9,4,2,7,1,5},{7,4,9,1,5,8,2,3,6},{8,5,4,2,6,3,0,0,0},{0,0,0,0,0,0,0,0,0},{0,0,0,0,0,0,0,0,0}}
]
02:04:27.514 [main] INFO  sudoku.model.SudokuBoard - Wartość 0 wstawiona nieprawidłowo
02:04:27.514 [main] INFO  sudoku.model.SudokuBoard - Bład w kwadracie 0
sudoku.model.SudokuBoard@dc1fadd[
  size=9
  solver=sudoku.model.BacktrackingSudokuSolver@3ef3f661
  board={{2,8,7,3,9,4,5,6,1},{4,9,5,6,2,1,3,7,8},{3,1,6,8,7,5,4,2,9},{5,2,1,7,3,6,8,9,4},{6,3,8,9,4,2,7,1,5},{7,4,9,1,5,8,2,3,6},{8,5,4,2,6,0,0,0,0},{0,0,0,0,0,0,0,0,0},{0,0,0,0,0,0,0,0,0}}
]
02:04:27.514 [main] INFO  sudoku.model.SudokuBoard - Wartość 0 wstawiona nieprawidłowo
02:04:27.514 [main] INFO  sudoku.model.SudokuBoard - Bład w kwadracie 0
sudoku.model.SudokuBoard@dc1fadd[
  size=9
  solver=sudoku.model.BacktrackingSudokuSolver@3ef3f661
  board={{2,8,7,3,9,4,5,6,1},{4,9,5,6,2,1,3,7,8},{3,1,6,8,7,5,4,2,9},{5,2,1,7,3,6,8,9,4},{6,3,8,9,4,2,7,1,5},{7,4,9,1,5,8,2,3,6},{8,5,4,2,6,7,0,0,0},{0,0,0,0,0,0,0,0,0},{0,0,0,0,0,0,0,0,0}}
]
02:04:27.514 [main] INFO  sudoku.model.SudokuBoard - Wartość 0 wstawiona nieprawidłowo
02:04:27.515 [main] INFO  sudoku.model.SudokuBoard - Bład w kwadracie 0
sudoku.model.SudokuBoard@dc1fadd[
  size=9
  solver=sudoku.model.BacktrackingSudokuSolver@3ef3f661
  board={{2,8,7,3,9,4,5,6,1},{4,9,5,6,2,1,3,7,8},{3,1,6,8,7,5,4,2,9},{5,2,1,7,3,6,8,9,4},{6,3,8,9,4,2,7,1,5},{7,4,9,1,5,8,2,3,6},{8,5,4,2,6,7,0,0,0},{0,0,0,0,0,0,0,0,0},{0,0,0,0,0,0,0,0,0}}
]
02:04:27.515 [main] INFO  sudoku.model.SudokuBoard - Wartość 0 wstawiona nieprawidłowo
02:04:27.515 [main] INFO  sudoku.model.SudokuBoard - Bład w kwadracie 0
sudoku.model.SudokuBoard@dc1fadd[
  size=9
  solver=sudoku.model.BacktrackingSudokuSolver@3ef3f661
  board={{2,8,7,3,9,4,5,6,1},{4,9,5,6,2,1,3,7,8},{3,1,6,8,7,5,4,2,9},{5,2,1,7,3,6,8,9,4},{6,3,8,9,4,2,7,1,5},{7,4,9,1,5,8,2,3,6},{8,5,4,2,6,0,0,0,0},{0,0,0,0,0,0,0,0,0},{0,0,0,0,0,0,0,0,0}}
]
02:04:27.515 [main] INFO  sudoku.model.SudokuBoard - Wartość 0 wstawiona nieprawidłowo
02:04:27.515 [main] INFO  sudoku.model.SudokuBoard - Bład w kwadracie 0
sudoku.model.SudokuBoard@dc1fadd[
  size=9
  solver=sudoku.model.BacktrackingSudokuSolver@3ef3f661
  board={{2,8,7,3,9,4,5,6,1},{4,9,5,6,2,1,3,7,8},{3,1,6,8,7,5,4,2,9},{5,2,1,7,3,6,8,9,4},{6,3,8,9,4,2,7,1,5},{7,4,9,1,5,8,2,3,6},{8,5,4,2,6,9,0,0,0},{0,0,0,0,0,0,0,0,0},{0,0,0,0,0,0,0,0,0}}
]
02:04:27.515 [main] INFO  sudoku.model.SudokuBoard - Wartość 0 wstawiona nieprawidłowo
02:04:27.515 [main] INFO  sudoku.model.SudokuBoard - Bład w kwadracie 0
sudoku.model.SudokuBoard@dc1fadd[
  size=9
  solver=sudoku.model.BacktrackingSudokuSolver@3ef3f661
  board={{2,8,7,3,9,4,5,6,1},{4,9,5,6,2,1,3,7,8},{3,1,6,8,7,5,4,2,9},{5,2,1,7,3,6,8,9,4},{6,3,8,9,4,2,7,1,5},{7,4,9,1,5,8,2,3,6},{8,5,4,2,6,0,0,0,0},{0,0,0,0,0,0,0,0,0},{0,0,0,0,0,0,0,0,0}}
]
02:04:27.515 [main] INFO  sudoku.model.SudokuBoard - Wartość 0 wstawiona nieprawidłowo
02:04:27.515 [main] INFO  sudoku.model.SudokuBoard - Bład w kwadracie 0
sudoku.model.SudokuBoard@dc1fadd[
  size=9
  solver=sudoku.model.BacktrackingSudokuSolver@3ef3f661
  board={{2,8,7,3,9,4,5,6,1},{4,9,5,6,2,1,3,7,8},{3,1,6,8,7,5,4,2,9},{5,2,1,7,3,6,8,9,4},{6,3,8,9,4,2,7,1,5},{7,4,9,1,5,8,2,3,6},{8,5,4,2,0,0,0,0,0},{0,0,0,0,0,0,0,0,0},{0,0,0,0,0,0,0,0,0}}
]
02:04:27.517 [main] INFO  sudoku.model.SudokuBoard - Wartość 0 wstawiona nieprawidłowo
02:04:27.517 [main] INFO  sudoku.model.SudokuBoard - Bład w kwadracie 0
sudoku.model.SudokuBoard@dc1fadd[
  size=9
  solver=sudoku.model.BacktrackingSudokuSolver@3ef3f661
  board={{2,8,7,3,9,4,5,6,1},{4,9,5,6,2,1,3,7,8},{3,1,6,8,7,5,4,2,9},{5,2,1,7,3,6,8,9,4},{6,3,8,9,4,2,7,1,5},{7,4,9,1,5,8,2,3,6},{8,5,4,0,0,0,0,0,0},{0,0,0,0,0,0,0,0,0},{0,0,0,0,0,0,0,0,0}}
]
02:04:27.517 [main] INFO  sudoku.model.SudokuBoard - Wartość 0 wstawiona nieprawidłowo
02:04:27.517 [main] INFO  sudoku.model.SudokuBoard - Bład w kwadracie 0
sudoku.model.SudokuBoard@dc1fadd[
  size=9
  solver=sudoku.model.BacktrackingSudokuSolver@3ef3f661
  board={{2,8,7,3,9,4,5,6,1},{4,9,5,6,2,1,3,7,8},{3,1,6,8,7,5,4,2,9},{5,2,1,7,3,6,8,9,4},{6,3,8,9,4,2,7,1,5},{7,4,9,1,5,8,2,3,6},{8,5,0,0,0,0,0,0,0},{0,0,0,0,0,0,0,0,0},{0,0,0,0,0,0,0,0,0}}
]
02:04:27.517 [main] INFO  sudoku.model.SudokuBoard - Wartość 0 wstawiona nieprawidłowo
02:04:27.517 [main] INFO  sudoku.model.SudokuBoard - Bład w kwadracie 0
sudoku.model.SudokuBoard@dc1fadd[
  size=9
  solver=sudoku.model.BacktrackingSudokuSolver@3ef3f661
  board={{2,8,7,3,9,4,5,6,1},{4,9,5,6,2,1,3,7,8},{3,1,6,8,7,5,4,2,9},{5,2,1,7,3,6,8,9,4},{6,3,8,9,4,2,7,1,5},{7,4,9,1,5,8,2,3,6},{8,5,2,4,6,3,0,0,0},{0,0,0,0,0,0,0,0,0},{0,0,0,0,0,0,0,0,0}}
]
02:04:27.517 [main] INFO  sudoku.model.SudokuBoard - Wartość 0 wstawiona nieprawidłowo
02:04:27.517 [main] INFO  sudoku.model.SudokuBoard - Bład w kwadracie 0
sudoku.model.SudokuBoard@dc1fadd[
  size=9
  solver=sudoku.model.BacktrackingSudokuSolver@3ef3f661
  board={{2,8,7,3,9,4,5,6,1},{4,9,5,6,2,1,3,7,8},{3,1,6,8,7,5,4,2,9},{5,2,1,7,3,6,8,9,4},{6,3,8,9,4,2,7,1,5},{7,4,9,1,5,8,2,3,6},{8,5,2,4,6,3,0,0,0},{0,0,0,0,0,0,0,0,0},{0,0,0,0,0,0,0,0,0}}
]
02:04:27.517 [main] INFO  sudoku.model.SudokuBoard - Wartość 0 wstawiona nieprawidłowo
02:04:27.517 [main] INFO  sudoku.model.SudokuBoard - Bład w kwadracie 0
sudoku.model.SudokuBoard@dc1fadd[
  size=9
  solver=sudoku.model.BacktrackingSudokuSolver@3ef3f661
  board={{2,8,7,3,9,4,5,6,1},{4,9,5,6,2,1,3,7,8},{3,1,6,8,7,5,4,2,9},{5,2,1,7,3,6,8,9,4},{6,3,8,9,4,2,7,1,5},{7,4,9,1,5,8,2,3,6},{8,5,2,4,6,0,0,0,0},{0,0,0,0,0,0,0,0,0},{0,0,0,0,0,0,0,0,0}}
]
02:04:27.518 [main] INFO  sudoku.model.SudokuBoard - Wartość 0 wstawiona nieprawidłowo
02:04:27.519 [main] INFO  sudoku.model.SudokuBoard - Bład w kwadracie 0
sudoku.model.SudokuBoard@dc1fadd[
  size=9
  solver=sudoku.model.BacktrackingSudokuSolver@3ef3f661
  board={{2,8,7,3,9,4,5,6,1},{4,9,5,6,2,1,3,7,8},{3,1,6,8,7,5,4,2,9},{5,2,1,7,3,6,8,9,4},{6,3,8,9,4,2,7,1,5},{7,4,9,1,5,8,2,3,6},{8,5,2,4,6,7,0,0,0},{0,0,0,0,0,0,0,0,0},{0,0,0,0,0,0,0,0,0}}
]
02:04:27.519 [main] INFO  sudoku.model.SudokuBoard - Wartość 0 wstawiona nieprawidłowo
02:04:27.519 [main] INFO  sudoku.model.SudokuBoard - Bład w kwadracie 0
sudoku.model.SudokuBoard@dc1fadd[
  size=9
  solver=sudoku.model.BacktrackingSudokuSolver@3ef3f661
  board={{2,8,7,3,9,4,5,6,1},{4,9,5,6,2,1,3,7,8},{3,1,6,8,7,5,4,2,9},{5,2,1,7,3,6,8,9,4},{6,3,8,9,4,2,7,1,5},{7,4,9,1,5,8,2,3,6},{8,5,2,4,6,7,0,0,0},{0,0,0,0,0,0,0,0,0},{0,0,0,0,0,0,0,0,0}}
]
02:04:27.520 [main] INFO  sudoku.model.SudokuBoard - Wartość 0 wstawiona nieprawidłowo
02:04:27.520 [main] INFO  sudoku.model.SudokuBoard - Bład w kwadracie 0
sudoku.model.SudokuBoard@dc1fadd[
  size=9
  solver=sudoku.model.BacktrackingSudokuSolver@3ef3f661
  board={{2,8,7,3,9,4,5,6,1},{4,9,5,6,2,1,3,7,8},{3,1,6,8,7,5,4,2,9},{5,2,1,7,3,6,8,9,4},{6,3,8,9,4,2,7,1,5},{7,4,9,1,5,8,2,3,6},{8,5,2,4,6,0,0,0,0},{0,0,0,0,0,0,0,0,0},{0,0,0,0,0,0,0,0,0}}
]
02:04:27.520 [main] INFO  sudoku.model.SudokuBoard - Wartość 0 wstawiona nieprawidłowo
02:04:27.520 [main] INFO  sudoku.model.SudokuBoard - Bład w kwadracie 0
sudoku.model.SudokuBoard@dc1fadd[
  size=9
  solver=sudoku.model.BacktrackingSudokuSolver@3ef3f661
  board={{2,8,7,3,9,4,5,6,1},{4,9,5,6,2,1,3,7,8},{3,1,6,8,7,5,4,2,9},{5,2,1,7,3,6,8,9,4},{6,3,8,9,4,2,7,1,5},{7,4,9,1,5,8,2,3,6},{8,5,2,4,6,9,0,0,0},{0,0,0,0,0,0,0,0,0},{0,0,0,0,0,0,0,0,0}}
]
02:04:27.520 [main] INFO  sudoku.model.SudokuBoard - Wartość 0 wstawiona nieprawidłowo
02:04:27.521 [main] INFO  sudoku.model.SudokuBoard - Bład w kwadracie 0
sudoku.model.SudokuBoard@dc1fadd[
  size=9
  solver=sudoku.model.BacktrackingSudokuSolver@3ef3f661
  board={{2,8,7,3,9,4,5,6,1},{4,9,5,6,2,1,3,7,8},{3,1,6,8,7,5,4,2,9},{5,2,1,7,3,6,8,9,4},{6,3,8,9,4,2,7,1,5},{7,4,9,1,5,8,2,3,6},{8,5,2,4,6,0,0,0,0},{0,0,0,0,0,0,0,0,0},{0,0,0,0,0,0,0,0,0}}
]
02:04:27.521 [main] INFO  sudoku.model.SudokuBoard - Wartość 0 wstawiona nieprawidłowo
02:04:27.521 [main] INFO  sudoku.model.SudokuBoard - Bład w kwadracie 0
sudoku.model.SudokuBoard@dc1fadd[
  size=9
  solver=sudoku.model.BacktrackingSudokuSolver@3ef3f661
  board={{2,8,7,3,9,4,5,6,1},{4,9,5,6,2,1,3,7,8},{3,1,6,8,7,5,4,2,9},{5,2,1,7,3,6,8,9,4},{6,3,8,9,4,2,7,1,5},{7,4,9,1,5,8,2,3,6},{8,5,2,4,0,0,0,0,0},{0,0,0,0,0,0,0,0,0},{0,0,0,0,0,0,0,0,0}}
]
02:04:27.521 [main] INFO  sudoku.model.SudokuBoard - Wartość 0 wstawiona nieprawidłowo
02:04:27.521 [main] INFO  sudoku.model.SudokuBoard - Bład w kwadracie 0
sudoku.model.SudokuBoard@dc1fadd[
  size=9
  solver=sudoku.model.BacktrackingSudokuSolver@3ef3f661
  board={{2,8,7,3,9,4,5,6,1},{4,9,5,6,2,1,3,7,8},{3,1,6,8,7,5,4,2,9},{5,2,1,7,3,6,8,9,4},{6,3,8,9,4,2,7,1,5},{7,4,9,1,5,8,2,3,6},{8,5,2,4,1,3,0,0,0},{0,0,0,0,0,0,0,0,0},{0,0,0,0,0,0,0,0,0}}
]
02:04:27.521 [main] INFO  sudoku.model.SudokuBoard - Wartość 0 wstawiona nieprawidłowo
02:04:27.521 [main] INFO  sudoku.model.SudokuBoard - Bład w kwadracie 0
sudoku.model.SudokuBoard@dc1fadd[
  size=9
  solver=sudoku.model.BacktrackingSudokuSolver@3ef3f661
  board={{2,8,7,3,9,4,5,6,1},{4,9,5,6,2,1,3,7,8},{3,1,6,8,7,5,4,2,9},{5,2,1,7,3,6,8,9,4},{6,3,8,9,4,2,7,1,5},{7,4,9,1,5,8,2,3,6},{8,5,2,4,1,3,0,0,0},{0,0,0,0,0,0,0,0,0},{0,0,0,0,0,0,0,0,0}}
]
02:04:27.521 [main] INFO  sudoku.model.SudokuBoard - Wartość 0 wstawiona nieprawidłowo
02:04:27.521 [main] INFO  sudoku.model.SudokuBoard - Bład w kwadracie 0
sudoku.model.SudokuBoard@dc1fadd[
  size=9
  solver=sudoku.model.BacktrackingSudokuSolver@3ef3f661
  board={{2,8,7,3,9,4,5,6,1},{4,9,5,6,2,1,3,7,8},{3,1,6,8,7,5,4,2,9},{5,2,1,7,3,6,8,9,4},{6,3,8,9,4,2,7,1,5},{7,4,9,1,5,8,2,3,6},{8,5,2,4,1,0,0,0,0},{0,0,0,0,0,0,0,0,0},{0,0,0,0,0,0,0,0,0}}
]
02:04:27.521 [main] INFO  sudoku.model.SudokuBoard - Wartość 0 wstawiona nieprawidłowo
02:04:27.521 [main] INFO  sudoku.model.SudokuBoard - Bład w kwadracie 0
sudoku.model.SudokuBoard@dc1fadd[
  size=9
  solver=sudoku.model.BacktrackingSudokuSolver@3ef3f661
  board={{2,8,7,3,9,4,5,6,1},{4,9,5,6,2,1,3,7,8},{3,1,6,8,7,5,4,2,9},{5,2,1,7,3,6,8,9,4},{6,3,8,9,4,2,7,1,5},{7,4,9,1,5,8,2,3,6},{8,5,2,4,1,7,0,0,0},{0,0,0,0,0,0,0,0,0},{0,0,0,0,0,0,0,0,0}}
]
02:04:27.521 [main] INFO  sudoku.model.SudokuBoard - Wartość 0 wstawiona nieprawidłowo
02:04:27.522 [main] INFO  sudoku.model.SudokuBoard - Bład w kwadracie 0
sudoku.model.SudokuBoard@dc1fadd[
  size=9
  solver=sudoku.model.BacktrackingSudokuSolver@3ef3f661
  board={{2,8,7,3,9,4,5,6,1},{4,9,5,6,2,1,3,7,8},{3,1,6,8,7,5,4,2,9},{5,2,1,7,3,6,8,9,4},{6,3,8,9,4,2,7,1,5},{7,4,9,1,5,8,2,3,6},{8,5,2,4,1,7,0,0,0},{0,0,0,0,0,0,0,0,0},{0,0,0,0,0,0,0,0,0}}
]
02:04:27.522 [main] INFO  sudoku.model.SudokuBoard - Wartość 0 wstawiona nieprawidłowo
02:04:27.522 [main] INFO  sudoku.model.SudokuBoard - Bład w kwadracie 0
sudoku.model.SudokuBoard@dc1fadd[
  size=9
  solver=sudoku.model.BacktrackingSudokuSolver@3ef3f661
  board={{2,8,7,3,9,4,5,6,1},{4,9,5,6,2,1,3,7,8},{3,1,6,8,7,5,4,2,9},{5,2,1,7,3,6,8,9,4},{6,3,8,9,4,2,7,1,5},{7,4,9,1,5,8,2,3,6},{8,5,2,4,1,0,0,0,0},{0,0,0,0,0,0,0,0,0},{0,0,0,0,0,0,0,0,0}}
]
02:04:27.522 [main] INFO  sudoku.model.SudokuBoard - Wartość 0 wstawiona nieprawidłowo
02:04:27.522 [main] INFO  sudoku.model.SudokuBoard - Bład w kwadracie 0
sudoku.model.SudokuBoard@dc1fadd[
  size=9
  solver=sudoku.model.BacktrackingSudokuSolver@3ef3f661
  board={{2,8,7,3,9,4,5,6,1},{4,9,5,6,2,1,3,7,8},{3,1,6,8,7,5,4,2,9},{5,2,1,7,3,6,8,9,4},{6,3,8,9,4,2,7,1,5},{7,4,9,1,5,8,2,3,6},{8,5,2,4,1,9,0,0,0},{0,0,0,0,0,0,0,0,0},{0,0,0,0,0,0,0,0,0}}
]
02:04:27.522 [main] INFO  sudoku.model.SudokuBoard - Wartość 0 wstawiona nieprawidłowo
02:04:27.522 [main] INFO  sudoku.model.SudokuBoard - Bład w kwadracie 0
sudoku.model.SudokuBoard@dc1fadd[
  size=9
  solver=sudoku.model.BacktrackingSudokuSolver@3ef3f661
  board={{2,8,7,3,9,4,5,6,1},{4,9,5,6,2,1,3,7,8},{3,1,6,8,7,5,4,2,9},{5,2,1,7,3,6,8,9,4},{6,3,8,9,4,2,7,1,5},{7,4,9,1,5,8,2,3,6},{8,5,2,4,1,0,0,0,0},{0,0,0,0,0,0,0,0,0},{0,0,0,0,0,0,0,0,0}}
]
02:04:27.522 [main] INFO  sudoku.model.SudokuBoard - Wartość 0 wstawiona nieprawidłowo
02:04:27.522 [main] INFO  sudoku.model.SudokuBoard - Bład w kwadracie 0
sudoku.model.SudokuBoard@dc1fadd[
  size=9
  solver=sudoku.model.BacktrackingSudokuSolver@3ef3f661
  board={{2,8,7,3,9,4,5,6,1},{4,9,5,6,2,1,3,7,8},{3,1,6,8,7,5,4,2,9},{5,2,1,7,3,6,8,9,4},{6,3,8,9,4,2,7,1,5},{7,4,9,1,5,8,2,3,6},{8,5,2,4,0,0,0,0,0},{0,0,0,0,0,0,0,0,0},{0,0,0,0,0,0,0,0,0}}
]
02:04:27.522 [main] INFO  sudoku.model.SudokuBoard - Wartość 0 wstawiona nieprawidłowo
02:04:27.522 [main] INFO  sudoku.model.SudokuBoard - Bład w kwadracie 0
sudoku.model.SudokuBoard@dc1fadd[
  size=9
  solver=sudoku.model.BacktrackingSudokuSolver@3ef3f661
  board={{2,8,7,3,9,4,5,6,1},{4,9,5,6,2,1,3,7,8},{3,1,6,8,7,5,4,2,9},{5,2,1,7,3,6,8,9,4},{6,3,8,9,4,2,7,1,5},{7,4,9,1,5,8,2,3,6},{8,5,2,0,0,0,0,0,0},{0,0,0,0,0,0,0,0,0},{0,0,0,0,0,0,0,0,0}}
]
02:04:27.522 [main] INFO  sudoku.model.SudokuBoard - Wartość 0 wstawiona nieprawidłowo
02:04:27.523 [main] INFO  sudoku.model.SudokuBoard - Bład w kwadracie 0
sudoku.model.SudokuBoard@dc1fadd[
  size=9
  solver=sudoku.model.BacktrackingSudokuSolver@3ef3f661
  board={{2,8,7,3,9,4,5,6,1},{4,9,5,6,2,1,3,7,8},{3,1,6,8,7,5,4,2,9},{5,2,1,7,3,6,8,9,4},{6,3,8,9,4,2,7,1,5},{7,4,9,1,5,8,2,3,6},{8,5,0,0,0,0,0,0,0},{0,0,0,0,0,0,0,0,0},{0,0,0,0,0,0,0,0,0}}
]
02:04:27.523 [main] INFO  sudoku.model.SudokuBoard - Wartość 0 wstawiona nieprawidłowo
02:04:27.524 [main] INFO  sudoku.model.SudokuBoard - Bład w kwadracie 0
sudoku.model.SudokuBoard@dc1fadd[
  size=9
  solver=sudoku.model.BacktrackingSudokuSolver@3ef3f661
  board={{2,8,7,3,9,4,5,6,1},{4,9,5,6,2,1,3,7,8},{3,1,6,8,7,5,4,2,9},{5,2,1,7,3,6,8,9,4},{6,3,8,9,4,2,7,1,5},{7,4,9,1,5,8,2,3,6},{8,5,3,2,1,7,9,0,0},{0,0,0,0,0,0,0,0,0},{0,0,0,0,0,0,0,0,0}}
]
02:04:27.524 [main] INFO  sudoku.model.SudokuBoard - Wartość 0 wstawiona nieprawidłowo
02:04:27.525 [main] INFO  sudoku.model.SudokuBoard - Bład w kwadracie 0
sudoku.model.SudokuBoard@dc1fadd[
  size=9
  solver=sudoku.model.BacktrackingSudokuSolver@3ef3f661
  board={{2,8,7,3,9,4,5,6,1},{4,9,5,6,2,1,3,7,8},{3,1,6,8,7,5,4,2,9},{5,2,1,7,3,6,8,9,4},{6,3,8,9,4,2,7,1,5},{7,4,9,1,5,8,2,3,6},{8,5,3,2,1,7,0,0,0},{0,0,0,0,0,0,0,0,0},{0,0,0,0,0,0,0,0,0}}
]
02:04:27.525 [main] INFO  sudoku.model.SudokuBoard - Wartość 0 wstawiona nieprawidłowo
02:04:27.525 [main] INFO  sudoku.model.SudokuBoard - Bład w kwadracie 0
sudoku.model.SudokuBoard@dc1fadd[
  size=9
  solver=sudoku.model.BacktrackingSudokuSolver@3ef3f661
  board={{2,8,7,3,9,4,5,6,1},{4,9,5,6,2,1,3,7,8},{3,1,6,8,7,5,4,2,9},{5,2,1,7,3,6,8,9,4},{6,3,8,9,4,2,7,1,5},{7,4,9,1,5,8,2,3,6},{8,5,3,2,1,7,6,0,0},{0,0,0,0,0,0,0,0,0},{0,0,0,0,0,0,0,0,0}}
]
02:04:27.525 [main] INFO  sudoku.model.SudokuBoard - Wartość 0 wstawiona nieprawidłowo
02:04:27.525 [main] INFO  sudoku.model.SudokuBoard - Bład w kwadracie 0
sudoku.model.SudokuBoard@dc1fadd[
  size=9
  solver=sudoku.model.BacktrackingSudokuSolver@3ef3f661
  board={{2,8,7,3,9,4,5,6,1},{4,9,5,6,2,1,3,7,8},{3,1,6,8,7,5,4,2,9},{5,2,1,7,3,6,8,9,4},{6,3,8,9,4,2,7,1,5},{7,4,9,1,5,8,2,3,6},{8,5,3,2,1,7,0,0,0},{0,0,0,0,0,0,0,0,0},{0,0,0,0,0,0,0,0,0}}
]
02:04:27.525 [main] INFO  sudoku.model.SudokuBoard - Wartość 0 wstawiona nieprawidłowo
02:04:27.525 [main] INFO  sudoku.model.SudokuBoard - Bład w kwadracie 0
sudoku.model.SudokuBoard@dc1fadd[
  size=9
  solver=sudoku.model.BacktrackingSudokuSolver@3ef3f661
  board={{2,8,7,3,9,4,5,6,1},{4,9,5,6,2,1,3,7,8},{3,1,6,8,7,5,4,2,9},{5,2,1,7,3,6,8,9,4},{6,3,8,9,4,2,7,1,5},{7,4,9,1,5,8,2,3,6},{8,5,3,2,1,0,0,0,0},{0,0,0,0,0,0,0,0,0},{0,0,0,0,0,0,0,0,0}}
]
02:04:27.526 [main] INFO  sudoku.model.SudokuBoard - Wartość 0 wstawiona nieprawidłowo
02:04:27.526 [main] INFO  sudoku.model.SudokuBoard - Bład w kwadracie 0
sudoku.model.SudokuBoard@dc1fadd[
  size=9
  solver=sudoku.model.BacktrackingSudokuSolver@3ef3f661
  board={{2,8,7,3,9,4,5,6,1},{4,9,5,6,2,1,3,7,8},{3,1,6,8,7,5,4,2,9},{5,2,1,7,3,6,8,9,4},{6,3,8,9,4,2,7,1,5},{7,4,9,1,5,8,2,3,6},{8,5,3,2,1,9,6,4,7},{9,6,2,4,8,3,1,0,0},{0,0,0,0,0,0,0,0,0}}
]
02:04:27.526 [main] INFO  sudoku.model.SudokuBoard - Wartość 0 wstawiona nieprawidłowo
02:04:27.526 [main] INFO  sudoku.model.SudokuBoard - Bład w kwadracie 0
sudoku.model.SudokuBoard@dc1fadd[
  size=9
  solver=sudoku.model.BacktrackingSudokuSolver@3ef3f661
  board={{2,8,7,3,9,4,5,6,1},{4,9,5,6,2,1,3,7,8},{3,1,6,8,7,5,4,2,9},{5,2,1,7,3,6,8,9,4},{6,3,8,9,4,2,7,1,5},{7,4,9,1,5,8,2,3,6},{8,5,3,2,1,9,6,4,7},{9,6,2,4,8,3,0,0,0},{0,0,0,0,0,0,0,0,0}}
]
02:04:27.526 [main] INFO  sudoku.model.SudokuBoard - Wartość 0 wstawiona nieprawidłowo
02:04:27.526 [main] INFO  sudoku.model.SudokuBoard - Bład w kwadracie 0
sudoku.model.SudokuBoard@dc1fadd[
  size=9
  solver=sudoku.model.BacktrackingSudokuSolver@3ef3f661
  board={{2,8,7,3,9,4,5,6,1},{4,9,5,6,2,1,3,7,8},{3,1,6,8,7,5,4,2,9},{5,2,1,7,3,6,8,9,4},{6,3,8,9,4,2,7,1,5},{7,4,9,1,5,8,2,3,6},{8,5,3,2,1,9,6,4,7},{9,6,2,4,8,0,0,0,0},{0,0,0,0,0,0,0,0,0}}
]
02:04:27.526 [main] INFO  sudoku.model.SudokuBoard - Wartość 0 wstawiona nieprawidłowo
]]></system-out>
  </testcase>
  <testcase name="checkBoardTestColumnFalse" classname="sudoku.model.SudokuBoardTest" time="0.013">
    <system-out><![CDATA[02:04:27.529 [main] INFO  sudoku.model.SudokuBoard - Bład w kwadracie 0
sudoku.model.SudokuBoard@10e56da9[
  size=9
  solver=sudoku.model.BacktrackingSudokuSolver@28cb86b2
  board={{2,3,7,8,4,9,5,6,1},{8,9,1,5,6,2,3,4,7},{4,5,6,1,7,3,9,8,2},{9,8,2,3,1,4,6,0,0},{0,0,0,0,0,0,0,0,0},{0,0,0,0,0,0,0,0,0},{0,0,0,0,0,0,0,0,0},{0,0,0,0,0,0,0,0,0},{0,0,0,0,0,0,0,0,0}}
]
02:04:27.529 [main] INFO  sudoku.model.SudokuBoard - Wartość 0 wstawiona nieprawidłowo
02:04:27.529 [main] INFO  sudoku.model.SudokuBoard - Bład w kwadracie 0
sudoku.model.SudokuBoard@10e56da9[
  size=9
  solver=sudoku.model.BacktrackingSudokuSolver@28cb86b2
  board={{2,3,7,8,4,9,5,6,1},{8,9,1,5,6,2,3,4,7},{4,5,6,1,7,3,9,8,2},{9,8,2,3,1,4,6,7,5},{5,1,4,2,8,0,0,0,0},{0,0,0,0,0,0,0,0,0},{0,0,0,0,0,0,0,0,0},{0,0,0,0,0,0,0,0,0},{0,0,0,0,0,0,0,0,0}}
]
02:04:27.529 [main] INFO  sudoku.model.SudokuBoard - Wartość 0 wstawiona nieprawidłowo
02:04:27.530 [main] INFO  sudoku.model.SudokuBoard - Bład w kwadracie 0
sudoku.model.SudokuBoard@10e56da9[
  size=9
  solver=sudoku.model.BacktrackingSudokuSolver@28cb86b2
  board={{2,3,7,8,4,9,5,6,1},{8,9,1,5,6,2,3,4,7},{4,5,6,1,7,3,9,8,2},{9,8,2,3,1,4,6,7,5},{5,1,4,2,8,0,0,0,0},{0,0,0,0,0,0,0,0,0},{0,0,0,0,0,0,0,0,0},{0,0,0,0,0,0,0,0,0},{0,0,0,0,0,0,0,0,0}}
]
02:04:27.530 [main] INFO  sudoku.model.SudokuBoard - Wartość 0 wstawiona nieprawidłowo
02:04:27.530 [main] INFO  sudoku.model.SudokuBoard - Bład w kwadracie 0
sudoku.model.SudokuBoard@10e56da9[
  size=9
  solver=sudoku.model.BacktrackingSudokuSolver@28cb86b2
  board={{2,3,7,8,4,9,5,6,1},{8,9,1,5,6,2,3,4,7},{4,5,6,1,7,3,9,8,2},{9,8,2,3,1,4,6,7,5},{5,1,4,2,0,0,0,0,0},{0,0,0,0,0,0,0,0,0},{0,0,0,0,0,0,0,0,0},{0,0,0,0,0,0,0,0,0},{0,0,0,0,0,0,0,0,0}}
]
02:04:27.530 [main] INFO  sudoku.model.SudokuBoard - Wartość 0 wstawiona nieprawidłowo
02:04:27.531 [main] INFO  sudoku.model.SudokuBoard - Bład w kwadracie 0
sudoku.model.SudokuBoard@10e56da9[
  size=9
  solver=sudoku.model.BacktrackingSudokuSolver@28cb86b2
  board={{2,3,7,8,4,9,5,6,1},{8,9,1,5,6,2,3,4,7},{4,5,6,1,7,3,9,8,2},{9,8,2,3,1,4,6,7,5},{5,1,4,2,9,6,8,0,0},{0,0,0,0,0,0,0,0,0},{0,0,0,0,0,0,0,0,0},{0,0,0,0,0,0,0,0,0},{0,0,0,0,0,0,0,0,0}}
]
02:04:27.531 [main] INFO  sudoku.model.SudokuBoard - Wartość 0 wstawiona nieprawidłowo
02:04:27.531 [main] INFO  sudoku.model.SudokuBoard - Bład w kwadracie 0
sudoku.model.SudokuBoard@10e56da9[
  size=9
  solver=sudoku.model.BacktrackingSudokuSolver@28cb86b2
  board={{2,3,7,8,4,9,5,6,1},{8,9,1,5,6,2,3,4,7},{4,5,6,1,7,3,9,8,2},{9,8,2,3,1,4,6,7,5},{5,1,4,2,9,6,0,0,0},{0,0,0,0,0,0,0,0,0},{0,0,0,0,0,0,0,0,0},{0,0,0,0,0,0,0,0,0},{0,0,0,0,0,0,0,0,0}}
]
02:04:27.531 [main] INFO  sudoku.model.SudokuBoard - Wartość 0 wstawiona nieprawidłowo
02:04:27.531 [main] INFO  sudoku.model.SudokuBoard - Bład w kwadracie 0
sudoku.model.SudokuBoard@10e56da9[
  size=9
  solver=sudoku.model.BacktrackingSudokuSolver@28cb86b2
  board={{2,3,7,8,4,9,5,6,1},{8,9,1,5,6,2,3,4,7},{4,5,6,1,7,3,9,8,2},{9,8,2,3,1,4,6,7,5},{5,1,4,2,9,0,0,0,0},{0,0,0,0,0,0,0,0,0},{0,0,0,0,0,0,0,0,0},{0,0,0,0,0,0,0,0,0},{0,0,0,0,0,0,0,0,0}}
]
02:04:27.532 [main] INFO  sudoku.model.SudokuBoard - Wartość 0 wstawiona nieprawidłowo
02:04:27.532 [main] INFO  sudoku.model.SudokuBoard - Bład w kwadracie 0
sudoku.model.SudokuBoard@10e56da9[
  size=9
  solver=sudoku.model.BacktrackingSudokuSolver@28cb86b2
  board={{2,3,7,8,4,9,5,6,1},{8,9,1,5,6,2,3,4,7},{4,5,6,1,7,3,9,8,2},{9,8,2,3,1,4,6,7,5},{5,1,4,2,9,7,8,0,0},{0,0,0,0,0,0,0,0,0},{0,0,0,0,0,0,0,0,0},{0,0,0,0,0,0,0,0,0},{0,0,0,0,0,0,0,0,0}}
]
02:04:27.532 [main] INFO  sudoku.model.SudokuBoard - Wartość 0 wstawiona nieprawidłowo
02:04:27.532 [main] INFO  sudoku.model.SudokuBoard - Bład w kwadracie 0
sudoku.model.SudokuBoard@10e56da9[
  size=9
  solver=sudoku.model.BacktrackingSudokuSolver@28cb86b2
  board={{2,3,7,8,4,9,5,6,1},{8,9,1,5,6,2,3,4,7},{4,5,6,1,7,3,9,8,2},{9,8,2,3,1,4,6,7,5},{5,1,4,2,9,7,0,0,0},{0,0,0,0,0,0,0,0,0},{0,0,0,0,0,0,0,0,0},{0,0,0,0,0,0,0,0,0},{0,0,0,0,0,0,0,0,0}}
]
02:04:27.532 [main] INFO  sudoku.model.SudokuBoard - Wartość 0 wstawiona nieprawidłowo
02:04:27.532 [main] INFO  sudoku.model.SudokuBoard - Bład w kwadracie 0
sudoku.model.SudokuBoard@10e56da9[
  size=9
  solver=sudoku.model.BacktrackingSudokuSolver@28cb86b2
  board={{2,3,7,8,4,9,5,6,1},{8,9,1,5,6,2,3,4,7},{4,5,6,1,7,3,9,8,2},{9,8,2,3,1,4,6,7,5},{5,1,4,2,9,0,0,0,0},{0,0,0,0,0,0,0,0,0},{0,0,0,0,0,0,0,0,0},{0,0,0,0,0,0,0,0,0},{0,0,0,0,0,0,0,0,0}}
]
02:04:27.532 [main] INFO  sudoku.model.SudokuBoard - Wartość 0 wstawiona nieprawidłowo
02:04:27.532 [main] INFO  sudoku.model.SudokuBoard - Bład w kwadracie 0
sudoku.model.SudokuBoard@10e56da9[
  size=9
  solver=sudoku.model.BacktrackingSudokuSolver@28cb86b2
  board={{2,3,7,8,4,9,5,6,1},{8,9,1,5,6,2,3,4,7},{4,5,6,1,7,3,9,8,2},{9,8,2,3,1,4,6,7,5},{5,1,4,2,9,0,0,0,0},{0,0,0,0,0,0,0,0,0},{0,0,0,0,0,0,0,0,0},{0,0,0,0,0,0,0,0,0},{0,0,0,0,0,0,0,0,0}}
]
02:04:27.532 [main] INFO  sudoku.model.SudokuBoard - Wartość 0 wstawiona nieprawidłowo
02:04:27.532 [main] INFO  sudoku.model.SudokuBoard - Bład w kwadracie 0
sudoku.model.SudokuBoard@10e56da9[
  size=9
  solver=sudoku.model.BacktrackingSudokuSolver@28cb86b2
  board={{2,3,7,8,4,9,5,6,1},{8,9,1,5,6,2,3,4,7},{4,5,6,1,7,3,9,8,2},{9,8,2,3,1,4,6,7,5},{5,1,4,2,0,0,0,0,0},{0,0,0,0,0,0,0,0,0},{0,0,0,0,0,0,0,0,0},{0,0,0,0,0,0,0,0,0},{0,0,0,0,0,0,0,0,0}}
]
02:04:27.532 [main] INFO  sudoku.model.SudokuBoard - Wartość 0 wstawiona nieprawidłowo
02:04:27.532 [main] INFO  sudoku.model.SudokuBoard - Bład w kwadracie 0
sudoku.model.SudokuBoard@10e56da9[
  size=9
  solver=sudoku.model.BacktrackingSudokuSolver@28cb86b2
  board={{2,3,7,8,4,9,5,6,1},{8,9,1,5,6,2,3,4,7},{4,5,6,1,7,3,9,8,2},{9,8,2,3,1,4,6,7,5},{5,1,4,0,0,0,0,0,0},{0,0,0,0,0,0,0,0,0},{0,0,0,0,0,0,0,0,0},{0,0,0,0,0,0,0,0,0},{0,0,0,0,0,0,0,0,0}}
]
02:04:27.533 [main] INFO  sudoku.model.SudokuBoard - Wartość 0 wstawiona nieprawidłowo
02:04:27.533 [main] INFO  sudoku.model.SudokuBoard - Bład w kwadracie 0
sudoku.model.SudokuBoard@10e56da9[
  size=9
  solver=sudoku.model.BacktrackingSudokuSolver@28cb86b2
  board={{2,3,7,8,4,9,5,6,1},{8,9,1,5,6,2,3,4,7},{4,5,6,1,7,3,9,8,2},{9,8,2,3,1,4,6,7,5},{5,1,4,6,8,7,2,9,3},{3,0,0,0,0,0,0,0,0},{0,0,0,0,0,0,0,0,0},{0,0,0,0,0,0,0,0,0},{0,0,0,0,0,0,0,0,0}}
]
02:04:27.533 [main] INFO  sudoku.model.SudokuBoard - Wartość 0 wstawiona nieprawidłowo
02:04:27.533 [main] INFO  sudoku.model.SudokuBoard - Bład w kwadracie 0
sudoku.model.SudokuBoard@10e56da9[
  size=9
  solver=sudoku.model.BacktrackingSudokuSolver@28cb86b2
  board={{2,3,7,8,4,9,5,6,1},{8,9,1,5,6,2,3,4,7},{4,5,6,1,7,3,9,8,2},{9,8,2,3,1,4,6,7,5},{5,1,4,6,8,7,2,9,3},{3,0,0,0,0,0,0,0,0},{0,0,0,0,0,0,0,0,0},{0,0,0,0,0,0,0,0,0},{0,0,0,0,0,0,0,0,0}}
]
02:04:27.533 [main] INFO  sudoku.model.SudokuBoard - Wartość 0 wstawiona nieprawidłowo
02:04:27.533 [main] INFO  sudoku.model.SudokuBoard - Bład w kwadracie 0
sudoku.model.SudokuBoard@10e56da9[
  size=9
  solver=sudoku.model.BacktrackingSudokuSolver@28cb86b2
  board={{2,3,7,8,4,9,5,6,1},{8,9,1,5,6,2,3,4,7},{4,5,6,1,7,3,9,8,2},{9,8,2,3,1,4,6,7,5},{5,1,4,6,8,7,2,9,3},{0,0,0,0,0,0,0,0,0},{0,0,0,0,0,0,0,0,0},{0,0,0,0,0,0,0,0,0},{0,0,0,0,0,0,0,0,0}}
]
02:04:27.533 [main] INFO  sudoku.model.SudokuBoard - Wartość 0 wstawiona nieprawidłowo
02:04:27.533 [main] INFO  sudoku.model.SudokuBoard - Bład w kwadracie 0
sudoku.model.SudokuBoard@10e56da9[
  size=9
  solver=sudoku.model.BacktrackingSudokuSolver@28cb86b2
  board={{2,3,7,8,4,9,5,6,1},{8,9,1,5,6,2,3,4,7},{4,5,6,1,7,3,9,8,2},{9,8,2,3,1,4,6,7,5},{5,1,4,6,8,7,2,9,3},{6,7,3,9,2,5,8,1,4},{1,4,5,7,9,0,0,0,0},{0,0,0,0,0,0,0,0,0},{0,0,0,0,0,0,0,0,0}}
]
02:04:27.533 [main] INFO  sudoku.model.SudokuBoard - Wartość 0 wstawiona nieprawidłowo
02:04:27.533 [main] INFO  sudoku.model.SudokuBoard - Bład w kwadracie 0
sudoku.model.SudokuBoard@10e56da9[
  size=9
  solver=sudoku.model.BacktrackingSudokuSolver@28cb86b2
  board={{2,3,7,8,4,9,5,6,1},{8,9,1,5,6,2,3,4,7},{4,5,6,1,7,3,9,8,2},{9,8,2,3,1,4,6,7,5},{5,1,4,6,8,7,2,9,3},{6,7,3,9,2,5,8,1,4},{1,4,5,7,9,0,0,0,0},{0,0,0,0,0,0,0,0,0},{0,0,0,0,0,0,0,0,0}}
]
02:04:27.533 [main] INFO  sudoku.model.SudokuBoard - Wartość 0 wstawiona nieprawidłowo
02:04:27.533 [main] INFO  sudoku.model.SudokuBoard - Bład w kwadracie 0
sudoku.model.SudokuBoard@10e56da9[
  size=9
  solver=sudoku.model.BacktrackingSudokuSolver@28cb86b2
  board={{2,3,7,8,4,9,5,6,1},{8,9,1,5,6,2,3,4,7},{4,5,6,1,7,3,9,8,2},{9,8,2,3,1,4,6,7,5},{5,1,4,6,8,7,2,9,3},{6,7,3,9,2,5,8,1,4},{1,4,5,7,0,0,0,0,0},{0,0,0,0,0,0,0,0,0},{0,0,0,0,0,0,0,0,0}}
]
02:04:27.533 [main] INFO  sudoku.model.SudokuBoard - Wartość 0 wstawiona nieprawidłowo
02:04:27.533 [main] INFO  sudoku.model.SudokuBoard - Bład w kwadracie 0
sudoku.model.SudokuBoard@10e56da9[
  size=9
  solver=sudoku.model.BacktrackingSudokuSolver@28cb86b2
  board={{2,3,7,8,4,9,5,6,1},{8,9,1,5,6,2,3,4,7},{4,5,6,1,7,3,9,8,2},{9,8,2,3,1,4,6,7,5},{5,1,4,6,8,7,2,9,3},{6,7,3,9,2,5,8,1,4},{1,4,5,7,3,0,0,0,0},{0,0,0,0,0,0,0,0,0},{0,0,0,0,0,0,0,0,0}}
]
02:04:27.533 [main] INFO  sudoku.model.SudokuBoard - Wartość 0 wstawiona nieprawidłowo
02:04:27.533 [main] INFO  sudoku.model.SudokuBoard - Bład w kwadracie 0
sudoku.model.SudokuBoard@10e56da9[
  size=9
  solver=sudoku.model.BacktrackingSudokuSolver@28cb86b2
  board={{2,3,7,8,4,9,5,6,1},{8,9,1,5,6,2,3,4,7},{4,5,6,1,7,3,9,8,2},{9,8,2,3,1,4,6,7,5},{5,1,4,6,8,7,2,9,3},{6,7,3,9,2,5,8,1,4},{1,4,5,7,3,0,0,0,0},{0,0,0,0,0,0,0,0,0},{0,0,0,0,0,0,0,0,0}}
]
02:04:27.534 [main] INFO  sudoku.model.SudokuBoard - Wartość 0 wstawiona nieprawidłowo
02:04:27.534 [main] INFO  sudoku.model.SudokuBoard - Bład w kwadracie 0
sudoku.model.SudokuBoard@10e56da9[
  size=9
  solver=sudoku.model.BacktrackingSudokuSolver@28cb86b2
  board={{2,3,7,8,4,9,5,6,1},{8,9,1,5,6,2,3,4,7},{4,5,6,1,7,3,9,8,2},{9,8,2,3,1,4,6,7,5},{5,1,4,6,8,7,2,9,3},{6,7,3,9,2,5,8,1,4},{1,4,5,7,0,0,0,0,0},{0,0,0,0,0,0,0,0,0},{0,0,0,0,0,0,0,0,0}}
]
02:04:27.534 [main] INFO  sudoku.model.SudokuBoard - Wartość 0 wstawiona nieprawidłowo
02:04:27.534 [main] INFO  sudoku.model.SudokuBoard - Bład w kwadracie 0
sudoku.model.SudokuBoard@10e56da9[
  size=9
  solver=sudoku.model.BacktrackingSudokuSolver@28cb86b2
  board={{2,3,7,8,4,9,5,6,1},{8,9,1,5,6,2,3,4,7},{4,5,6,1,7,3,9,8,2},{9,8,2,3,1,4,6,7,5},{5,1,4,6,8,7,2,9,3},{6,7,3,9,2,5,8,1,4},{1,4,5,0,0,0,0,0,0},{0,0,0,0,0,0,0,0,0},{0,0,0,0,0,0,0,0,0}}
]
02:04:27.534 [main] INFO  sudoku.model.SudokuBoard - Wartość 0 wstawiona nieprawidłowo
02:04:27.534 [main] INFO  sudoku.model.SudokuBoard - Bład w kwadracie 0
sudoku.model.SudokuBoard@10e56da9[
  size=9
  solver=sudoku.model.BacktrackingSudokuSolver@28cb86b2
  board={{2,3,7,8,4,9,5,6,1},{8,9,1,5,6,2,3,4,7},{4,5,6,1,7,3,9,8,2},{9,8,2,3,1,4,6,7,5},{5,1,4,6,8,7,2,9,3},{6,7,3,9,2,5,8,1,4},{1,4,5,2,9,6,7,3,8},{7,6,8,4,3,0,0,0,0},{0,0,0,0,0,0,0,0,0}}
]
02:04:27.534 [main] INFO  sudoku.model.SudokuBoard - Wartość 0 wstawiona nieprawidłowo
02:04:27.534 [main] INFO  sudoku.model.SudokuBoard - Bład w kwadracie 0
sudoku.model.SudokuBoard@10e56da9[
  size=9
  solver=sudoku.model.BacktrackingSudokuSolver@28cb86b2
  board={{2,3,7,8,4,9,5,6,1},{8,9,1,5,6,2,3,4,7},{4,5,6,1,7,3,9,8,2},{9,8,2,3,1,4,6,7,5},{5,1,4,6,8,7,2,9,3},{6,7,3,9,2,5,8,1,4},{1,4,5,2,9,6,7,3,8},{7,6,8,4,0,0,0,0,0},{0,0,0,0,0,0,0,0,0}}
]
02:04:27.534 [main] INFO  sudoku.model.SudokuBoard - Wartość 0 wstawiona nieprawidłowo
02:04:27.534 [main] INFO  sudoku.model.SudokuBoard - Bład w kwadracie 0
sudoku.model.SudokuBoard@10e56da9[
  size=9
  solver=sudoku.model.BacktrackingSudokuSolver@28cb86b2
  board={{2,3,7,8,4,9,5,6,1},{8,9,1,5,6,2,3,4,7},{4,5,6,1,7,3,9,8,2},{9,8,2,3,1,4,6,7,5},{5,1,4,6,8,7,2,9,3},{6,7,3,9,2,5,8,1,4},{1,4,5,2,9,6,7,3,8},{7,6,8,4,5,0,0,0,0},{0,0,0,0,0,0,0,0,0}}
]
02:04:27.534 [main] INFO  sudoku.model.SudokuBoard - Wartość 0 wstawiona nieprawidłowo
02:04:27.536 [main] INFO  sudoku.model.SudokuBoard - Bład w kwadracie 0
sudoku.model.SudokuBoard@10e56da9[
  size=9
  solver=sudoku.model.BacktrackingSudokuSolver@28cb86b2
  board={{2,3,7,8,4,9,5,6,1},{8,9,1,5,6,2,3,4,7},{4,5,6,1,7,3,9,8,2},{9,8,2,3,1,4,6,7,5},{5,1,4,6,8,7,2,9,3},{6,7,3,9,2,5,8,1,4},{1,4,5,2,9,6,7,3,8},{7,6,8,4,0,0,0,0,0},{0,0,0,0,0,0,0,0,0}}
]
02:04:27.536 [main] INFO  sudoku.model.SudokuBoard - Wartość 0 wstawiona nieprawidłowo
02:04:27.536 [main] INFO  sudoku.model.SudokuBoard - Bład w kwadracie 0
sudoku.model.SudokuBoard@10e56da9[
  size=9
  solver=sudoku.model.BacktrackingSudokuSolver@28cb86b2
  board={{2,3,7,8,4,9,5,6,1},{8,9,1,5,6,2,3,4,7},{4,5,6,1,7,3,9,8,2},{9,8,2,3,1,4,6,7,5},{5,1,4,6,8,7,2,9,3},{6,7,3,9,2,5,8,1,4},{1,4,5,2,9,6,7,3,8},{7,6,8,0,0,0,0,0,0},{0,0,0,0,0,0,0,0,0}}
]
02:04:27.536 [main] INFO  sudoku.model.SudokuBoard - Wartość 0 wstawiona nieprawidłowo
02:04:27.536 [main] INFO  sudoku.model.SudokuBoard - Bład w kwadracie 0
sudoku.model.SudokuBoard@10e56da9[
  size=9
  solver=sudoku.model.BacktrackingSudokuSolver@28cb86b2
  board={{2,3,7,8,4,9,5,6,1},{8,9,1,5,6,2,3,4,7},{4,5,6,1,7,3,9,8,2},{9,8,2,3,1,4,6,7,5},{5,1,4,6,8,7,2,9,3},{6,7,3,9,2,5,8,1,4},{1,4,5,2,9,6,7,3,8},{7,6,0,0,0,0,0,0,0},{0,0,0,0,0,0,0,0,0}}
]
02:04:27.536 [main] INFO  sudoku.model.SudokuBoard - Wartość 0 wstawiona nieprawidłowo
02:04:27.536 [main] INFO  sudoku.model.SudokuBoard - Bład w kwadracie 0
sudoku.model.SudokuBoard@10e56da9[
  size=9
  solver=sudoku.model.BacktrackingSudokuSolver@28cb86b2
  board={{2,3,7,8,4,9,5,6,1},{8,9,1,5,6,2,3,4,7},{4,5,6,1,7,3,9,8,2},{9,8,2,3,1,4,6,7,5},{5,1,4,6,8,7,2,9,3},{6,7,3,9,2,5,8,1,4},{1,4,5,2,9,6,7,3,8},{7,6,9,4,3,8,1,0,0},{0,0,0,0,0,0,0,0,0}}
]
02:04:27.536 [main] INFO  sudoku.model.SudokuBoard - Wartość 0 wstawiona nieprawidłowo
02:04:27.536 [main] INFO  sudoku.model.SudokuBoard - Bład w kwadracie 0
sudoku.model.SudokuBoard@10e56da9[
  size=9
  solver=sudoku.model.BacktrackingSudokuSolver@28cb86b2
  board={{2,3,7,8,4,9,5,6,1},{8,9,1,5,6,2,3,4,7},{4,5,6,1,7,3,9,8,2},{9,8,2,3,1,4,6,7,5},{5,1,4,6,8,7,2,9,3},{6,7,3,9,2,5,8,1,4},{1,4,5,2,9,6,7,3,8},{7,6,9,4,3,8,1,0,0},{0,0,0,0,0,0,0,0,0}}
]
02:04:27.536 [main] INFO  sudoku.model.SudokuBoard - Wartość 0 wstawiona nieprawidłowo
02:04:27.537 [main] INFO  sudoku.model.SudokuBoard - Bład w kwadracie 0
sudoku.model.SudokuBoard@10e56da9[
  size=9
  solver=sudoku.model.BacktrackingSudokuSolver@28cb86b2
  board={{2,3,7,8,4,9,5,6,1},{8,9,1,5,6,2,3,4,7},{4,5,6,1,7,3,9,8,2},{9,8,2,3,1,4,6,7,5},{5,1,4,6,8,7,2,9,3},{6,7,3,9,2,5,8,1,4},{1,4,5,2,9,6,7,3,8},{7,6,9,4,3,8,0,0,0},{0,0,0,0,0,0,0,0,0}}
]
02:04:27.537 [main] INFO  sudoku.model.SudokuBoard - Wartość 0 wstawiona nieprawidłowo
02:04:27.537 [main] INFO  sudoku.model.SudokuBoard - Bład w kwadracie 0
sudoku.model.SudokuBoard@10e56da9[
  size=9
  solver=sudoku.model.BacktrackingSudokuSolver@28cb86b2
  board={{2,3,7,8,4,9,5,6,1},{8,9,1,5,6,2,3,4,7},{4,5,6,1,7,3,9,8,2},{9,8,2,3,1,4,6,7,5},{5,1,4,6,8,7,2,9,3},{6,7,3,9,2,5,8,1,4},{1,4,5,2,9,6,7,3,8},{7,6,9,4,3,0,0,0,0},{0,0,0,0,0,0,0,0,0}}
]
02:04:27.537 [main] INFO  sudoku.model.SudokuBoard - Wartość 0 wstawiona nieprawidłowo
02:04:27.537 [main] INFO  sudoku.model.SudokuBoard - Bład w kwadracie 0
sudoku.model.SudokuBoard@10e56da9[
  size=9
  solver=sudoku.model.BacktrackingSudokuSolver@28cb86b2
  board={{2,3,7,8,4,9,5,6,1},{8,9,1,5,6,2,3,4,7},{4,5,6,1,7,3,9,8,2},{9,8,2,3,1,4,6,7,5},{5,1,4,6,8,7,2,9,3},{6,7,3,9,2,5,8,1,4},{1,4,5,2,9,6,7,3,8},{7,6,9,4,3,0,0,0,0},{0,0,0,0,0,0,0,0,0}}
]
02:04:27.537 [main] INFO  sudoku.model.SudokuBoard - Wartość 0 wstawiona nieprawidłowo
02:04:27.537 [main] INFO  sudoku.model.SudokuBoard - Bład w kwadracie 0
sudoku.model.SudokuBoard@10e56da9[
  size=9
  solver=sudoku.model.BacktrackingSudokuSolver@28cb86b2
  board={{2,3,7,8,4,9,5,6,1},{8,9,1,5,6,2,3,4,7},{4,5,6,1,7,3,9,8,2},{9,8,2,3,1,4,6,7,5},{5,1,4,6,8,7,2,9,3},{6,7,3,9,2,5,8,1,4},{1,4,5,2,9,6,7,3,8},{7,6,9,4,0,0,0,0,0},{0,0,0,0,0,0,0,0,0}}
]
02:04:27.537 [main] INFO  sudoku.model.SudokuBoard - Wartość 0 wstawiona nieprawidłowo
02:04:27.537 [main] INFO  sudoku.model.SudokuBoard - Bład w kwadracie 0
sudoku.model.SudokuBoard@10e56da9[
  size=9
  solver=sudoku.model.BacktrackingSudokuSolver@28cb86b2
  board={{2,3,7,8,4,9,5,6,1},{8,9,1,5,6,2,3,4,7},{4,5,6,1,7,3,9,8,2},{9,8,2,3,1,4,6,7,5},{5,1,4,6,8,7,2,9,3},{6,7,3,9,2,5,8,1,4},{1,4,5,2,9,6,7,3,8},{7,6,9,4,5,0,0,0,0},{0,0,0,0,0,0,0,0,0}}
]
02:04:27.537 [main] INFO  sudoku.model.SudokuBoard - Wartość 0 wstawiona nieprawidłowo
02:04:27.538 [main] INFO  sudoku.model.SudokuBoard - Bład w kwadracie 0
sudoku.model.SudokuBoard@10e56da9[
  size=9
  solver=sudoku.model.BacktrackingSudokuSolver@28cb86b2
  board={{2,3,7,8,4,9,5,6,1},{8,9,1,5,6,2,3,4,7},{4,5,6,1,7,3,9,8,2},{9,8,2,3,1,4,6,7,5},{5,1,4,6,8,7,2,9,3},{6,7,3,9,2,5,8,1,4},{1,4,5,2,9,6,7,3,8},{7,6,9,4,5,8,1,0,0},{0,0,0,0,0,0,0,0,0}}
]
02:04:27.538 [main] INFO  sudoku.model.SudokuBoard - Wartość 0 wstawiona nieprawidłowo
02:04:27.538 [main] INFO  sudoku.model.SudokuBoard - Bład w kwadracie 0
sudoku.model.SudokuBoard@10e56da9[
  size=9
  solver=sudoku.model.BacktrackingSudokuSolver@28cb86b2
  board={{2,3,7,8,4,9,5,6,1},{8,9,1,5,6,2,3,4,7},{4,5,6,1,7,3,9,8,2},{9,8,2,3,1,4,6,7,5},{5,1,4,6,8,7,2,9,3},{6,7,3,9,2,5,8,1,4},{1,4,5,2,9,6,7,3,8},{7,6,9,4,5,8,0,0,0},{0,0,0,0,0,0,0,0,0}}
]
02:04:27.538 [main] INFO  sudoku.model.SudokuBoard - Wartość 0 wstawiona nieprawidłowo
02:04:27.538 [main] INFO  sudoku.model.SudokuBoard - Bład w kwadracie 0
sudoku.model.SudokuBoard@10e56da9[
  size=9
  solver=sudoku.model.BacktrackingSudokuSolver@28cb86b2
  board={{2,3,7,8,4,9,5,6,1},{8,9,1,5,6,2,3,4,7},{4,5,6,1,7,3,9,8,2},{9,8,2,3,1,4,6,7,5},{5,1,4,6,8,7,2,9,3},{6,7,3,9,2,5,8,1,4},{1,4,5,2,9,6,7,3,8},{7,6,9,4,5,0,0,0,0},{0,0,0,0,0,0,0,0,0}}
]
02:04:27.539 [main] INFO  sudoku.model.SudokuBoard - Wartość 0 wstawiona nieprawidłowo
02:04:27.539 [main] INFO  sudoku.model.SudokuBoard - Bład w kwadracie 0
sudoku.model.SudokuBoard@10e56da9[
  size=9
  solver=sudoku.model.BacktrackingSudokuSolver@28cb86b2
  board={{2,3,7,8,4,9,5,6,1},{8,9,1,5,6,2,3,4,7},{4,5,6,1,7,3,9,8,2},{9,8,2,3,1,4,6,7,5},{5,1,4,6,8,7,2,9,3},{6,7,3,9,2,5,8,1,4},{1,4,5,2,9,6,7,3,8},{7,6,9,4,0,0,0,0,0},{0,0,0,0,0,0,0,0,0}}
]
02:04:27.539 [main] INFO  sudoku.model.SudokuBoard - Wartość 0 wstawiona nieprawidłowo
02:04:27.539 [main] INFO  sudoku.model.SudokuBoard - Bład w kwadracie 0
sudoku.model.SudokuBoard@10e56da9[
  size=9
  solver=sudoku.model.BacktrackingSudokuSolver@28cb86b2
  board={{2,3,7,8,4,9,5,6,1},{8,9,1,5,6,2,3,4,7},{4,5,6,1,7,3,9,8,2},{9,8,2,3,1,4,6,7,5},{5,1,4,6,8,7,2,9,3},{6,7,3,9,2,5,8,1,4},{1,4,5,2,9,6,7,3,8},{7,6,9,0,0,0,0,0,0},{0,0,0,0,0,0,0,0,0}}
]
02:04:27.539 [main] INFO  sudoku.model.SudokuBoard - Wartość 0 wstawiona nieprawidłowo
02:04:27.539 [main] INFO  sudoku.model.SudokuBoard - Bład w kwadracie 0
sudoku.model.SudokuBoard@10e56da9[
  size=9
  solver=sudoku.model.BacktrackingSudokuSolver@28cb86b2
  board={{2,3,7,8,4,9,5,6,1},{8,9,1,5,6,2,3,4,7},{4,5,6,1,7,3,9,8,2},{9,8,2,3,1,4,6,7,5},{5,1,4,6,8,7,2,9,3},{6,7,3,9,2,5,8,1,4},{1,4,5,2,9,6,7,3,8},{7,6,0,0,0,0,0,0,0},{0,0,0,0,0,0,0,0,0}}
]
02:04:27.539 [main] INFO  sudoku.model.SudokuBoard - Wartość 0 wstawiona nieprawidłowo
02:04:27.539 [main] INFO  sudoku.model.SudokuBoard - Bład w kwadracie 0
sudoku.model.SudokuBoard@10e56da9[
  size=9
  solver=sudoku.model.BacktrackingSudokuSolver@28cb86b2
  board={{2,3,7,8,4,9,5,6,1},{8,9,1,5,6,2,3,4,7},{4,5,6,1,7,3,9,8,2},{9,8,2,3,1,4,6,7,5},{5,1,4,6,8,7,2,9,3},{6,7,3,9,2,5,8,1,4},{1,4,5,2,9,6,7,3,8},{7,0,0,0,0,0,0,0,0},{0,0,0,0,0,0,0,0,0}}
]
02:04:27.539 [main] INFO  sudoku.model.SudokuBoard - Wartość 0 wstawiona nieprawidłowo
02:04:27.539 [main] INFO  sudoku.model.SudokuBoard - Bład w kwadracie 0
sudoku.model.SudokuBoard@10e56da9[
  size=9
  solver=sudoku.model.BacktrackingSudokuSolver@28cb86b2
  board={{2,3,7,8,4,9,5,6,1},{8,9,1,5,6,2,3,4,7},{4,5,6,1,7,3,9,8,2},{9,8,2,3,1,4,6,7,5},{5,1,4,6,8,7,2,9,3},{6,7,3,9,2,5,8,1,4},{1,4,5,2,9,6,7,3,8},{7,2,8,4,3,0,0,0,0},{0,0,0,0,0,0,0,0,0}}
]
02:04:27.539 [main] INFO  sudoku.model.SudokuBoard - Wartość 0 wstawiona nieprawidłowo
02:04:27.539 [main] INFO  sudoku.model.SudokuBoard - Bład w kwadracie 0
sudoku.model.SudokuBoard@10e56da9[
  size=9
  solver=sudoku.model.BacktrackingSudokuSolver@28cb86b2
  board={{2,3,7,8,4,9,5,6,1},{8,9,1,5,6,2,3,4,7},{4,5,6,1,7,3,9,8,2},{9,8,2,3,1,4,6,7,5},{5,1,4,6,8,7,2,9,3},{6,7,3,9,2,5,8,1,4},{1,4,5,2,9,6,7,3,8},{7,2,8,4,0,0,0,0,0},{0,0,0,0,0,0,0,0,0}}
]
02:04:27.539 [main] INFO  sudoku.model.SudokuBoard - Wartość 0 wstawiona nieprawidłowo
02:04:27.539 [main] INFO  sudoku.model.SudokuBoard - Bład w kwadracie 0
sudoku.model.SudokuBoard@10e56da9[
  size=9
  solver=sudoku.model.BacktrackingSudokuSolver@28cb86b2
  board={{2,3,7,8,4,9,5,6,1},{8,9,1,5,6,2,3,4,7},{4,5,6,1,7,3,9,8,2},{9,8,2,3,1,4,6,7,5},{5,1,4,6,8,7,2,9,3},{6,7,3,9,2,5,8,1,4},{1,4,5,2,9,6,7,3,8},{7,2,8,4,5,0,0,0,0},{0,0,0,0,0,0,0,0,0}}
]
02:04:27.540 [main] INFO  sudoku.model.SudokuBoard - Wartość 0 wstawiona nieprawidłowo
02:04:27.540 [main] INFO  sudoku.model.SudokuBoard - Bład w kwadracie 0
sudoku.model.SudokuBoard@10e56da9[
  size=9
  solver=sudoku.model.BacktrackingSudokuSolver@28cb86b2
  board={{2,3,7,8,4,9,5,6,1},{8,9,1,5,6,2,3,4,7},{4,5,6,1,7,3,9,8,2},{9,8,2,3,1,4,6,7,5},{5,1,4,6,8,7,2,9,3},{6,7,3,9,2,5,8,1,4},{1,4,5,2,9,6,7,3,8},{7,2,8,4,0,0,0,0,0},{0,0,0,0,0,0,0,0,0}}
]
02:04:27.540 [main] INFO  sudoku.model.SudokuBoard - Wartość 0 wstawiona nieprawidłowo
02:04:27.540 [main] INFO  sudoku.model.SudokuBoard - Bład w kwadracie 0
sudoku.model.SudokuBoard@10e56da9[
  size=9
  solver=sudoku.model.BacktrackingSudokuSolver@28cb86b2
  board={{2,3,7,8,4,9,5,6,1},{8,9,1,5,6,2,3,4,7},{4,5,6,1,7,3,9,8,2},{9,8,2,3,1,4,6,7,5},{5,1,4,6,8,7,2,9,3},{6,7,3,9,2,5,8,1,4},{1,4,5,2,9,6,7,3,8},{7,2,8,0,0,0,0,0,0},{0,0,0,0,0,0,0,0,0}}
]
02:04:27.540 [main] INFO  sudoku.model.SudokuBoard - Wartość 0 wstawiona nieprawidłowo
02:04:27.540 [main] INFO  sudoku.model.SudokuBoard - Bład w kwadracie 0
sudoku.model.SudokuBoard@10e56da9[
  size=9
  solver=sudoku.model.BacktrackingSudokuSolver@28cb86b2
  board={{2,3,7,8,4,9,5,6,1},{8,9,1,5,6,2,3,4,7},{4,5,6,1,7,3,9,8,2},{9,8,2,3,1,4,6,7,5},{5,1,4,6,8,7,2,9,3},{6,7,3,9,2,5,8,1,4},{1,4,5,2,9,6,7,3,8},{7,2,0,0,0,0,0,0,0},{0,0,0,0,0,0,0,0,0}}
]
02:04:27.540 [main] INFO  sudoku.model.SudokuBoard - Wartość 0 wstawiona nieprawidłowo
02:04:27.540 [main] INFO  sudoku.model.SudokuBoard - Bład w kwadracie 0
sudoku.model.SudokuBoard@10e56da9[
  size=9
  solver=sudoku.model.BacktrackingSudokuSolver@28cb86b2
  board={{2,3,7,8,4,9,5,6,1},{2,9,1,5,6,2,3,4,7},{4,5,6,1,7,3,9,8,2},{9,8,2,3,1,4,6,7,5},{5,1,4,6,8,7,2,9,3},{6,7,3,9,2,5,8,1,4},{1,4,5,2,9,6,7,3,8},{7,2,9,4,3,8,1,5,6},{3,6,8,7,5,1,4,2,9}}
]
02:04:27.540 [main] INFO  sudoku.model.SudokuBoard - Wartość 2 wstawiona nieprawidłowo
02:04:27.540 [main] INFO  sudoku.model.SudokuBoard - Bład w kwadracie 0
sudoku.model.SudokuBoard@10e56da9[
  size=9
  solver=sudoku.model.BacktrackingSudokuSolver@28cb86b2
  board={{2,3,7,8,4,9,5,6,1},{2,9,1,5,6,2,3,4,7},{2,5,6,1,7,3,9,8,2},{9,8,2,3,1,4,6,7,5},{5,1,4,6,8,7,2,9,3},{6,7,3,9,2,5,8,1,4},{1,4,5,2,9,6,7,3,8},{7,2,9,4,3,8,1,5,6},{3,6,8,7,5,1,4,2,9}}
]
02:04:27.541 [main] INFO  sudoku.model.SudokuBoard - Wartość 2 wstawiona nieprawidłowo
02:04:27.541 [main] INFO  sudoku.model.SudokuBoard - Bład w kwadracie 0
sudoku.model.SudokuBoard@36211bbc[
  size=9
  solver=sudoku.model.BacktrackingSudokuSolver@28cb86b2
  board={{2,3,7,8,4,9,5,6,1},{2,9,1,5,6,2,3,4,7},{2,5,6,1,7,3,9,8,2},{9,8,2,3,1,4,6,7,5},{5,1,4,6,8,7,2,9,3},{6,7,3,9,2,5,8,1,4},{1,4,5,2,9,6,7,3,8},{7,2,9,4,3,8,1,5,6},{3,6,8,7,5,1,4,2,9}}
]
]]></system-out>
  </testcase>
  <testcase name="testEqualsNull" classname="sudoku.model.SudokuBoardTest" time="0"/>
  <testcase name="testEqualsSame" classname="sudoku.model.SudokuBoardTest" time="0.003"/>
  <testcase name="checkBoardTest" classname="sudoku.model.SudokuBoardTest" time="0.01">
    <system-out><![CDATA[02:04:27.550 [main] INFO  sudoku.model.SudokuBoard - Bład w kwadracie 0
sudoku.model.SudokuBoard@6b3f4bd8[
  size=9
  solver=sudoku.model.BacktrackingSudokuSolver@3e151e1f
  board={{8,3,9,1,5,7,2,6,4},{4,5,1,2,9,6,7,8,3},{2,6,7,8,3,4,9,1,5},{3,4,5,6,7,8,1,2,9},{9,1,8,3,2,5,4,7,6},{6,7,2,9,4,1,3,5,8},{5,8,6,7,1,0,0,0,0},{0,0,0,0,0,0,0,0,0},{0,0,0,0,0,0,0,0,0}}
]
02:04:27.550 [main] INFO  sudoku.model.SudokuBoard - Wartość 0 wstawiona nieprawidłowo
02:04:27.550 [main] INFO  sudoku.model.SudokuBoard - Bład w kwadracie 0
sudoku.model.SudokuBoard@6b3f4bd8[
  size=9
  solver=sudoku.model.BacktrackingSudokuSolver@3e151e1f
  board={{8,3,9,1,5,7,2,6,4},{4,5,1,2,9,6,7,8,3},{2,6,7,8,3,4,9,1,5},{3,4,5,6,7,8,1,2,9},{9,1,8,3,2,5,4,7,6},{6,7,2,9,4,1,3,5,8},{5,8,6,7,1,0,0,0,0},{0,0,0,0,0,0,0,0,0},{0,0,0,0,0,0,0,0,0}}
]
02:04:27.550 [main] INFO  sudoku.model.SudokuBoard - Wartość 0 wstawiona nieprawidłowo
02:04:27.550 [main] INFO  sudoku.model.SudokuBoard - Bład w kwadracie 0
sudoku.model.SudokuBoard@6b3f4bd8[
  size=9
  solver=sudoku.model.BacktrackingSudokuSolver@3e151e1f
  board={{8,3,9,1,5,7,2,6,4},{4,5,1,2,9,6,7,8,3},{2,6,7,8,3,4,9,1,5},{3,4,5,6,7,8,1,2,9},{9,1,8,3,2,5,4,7,6},{6,7,2,9,4,1,3,5,8},{5,8,6,7,1,0,0,0,0},{0,0,0,0,0,0,0,0,0},{0,0,0,0,0,0,0,0,0}}
]
02:04:27.550 [main] INFO  sudoku.model.SudokuBoard - Wartość 0 wstawiona nieprawidłowo
02:04:27.554 [main] INFO  sudoku.model.SudokuBoard - Bład w kwadracie 0
sudoku.model.SudokuBoard@6b3f4bd8[
  size=9
  solver=sudoku.model.BacktrackingSudokuSolver@3e151e1f
  board={{8,3,9,1,5,7,2,6,4},{4,5,1,2,9,6,7,8,3},{2,6,7,8,3,4,9,1,5},{3,4,5,6,7,8,1,2,9},{9,1,8,3,2,5,4,7,6},{6,7,2,9,4,1,3,5,8},{5,8,6,7,0,0,0,0,0},{0,0,0,0,0,0,0,0,0},{0,0,0,0,0,0,0,0,0}}
]
02:04:27.555 [main] INFO  sudoku.model.SudokuBoard - Wartość 0 wstawiona nieprawidłowo
02:04:27.555 [main] INFO  sudoku.model.SudokuBoard - Bład w kwadracie 0
sudoku.model.SudokuBoard@6b3f4bd8[
  size=9
  solver=sudoku.model.BacktrackingSudokuSolver@3e151e1f
  board={{8,3,9,1,5,7,2,6,4},{4,5,1,2,9,6,7,8,3},{2,6,7,8,3,4,9,1,5},{3,4,5,6,7,8,1,2,9},{9,1,8,3,2,5,4,7,6},{6,7,2,9,4,1,3,5,8},{5,8,6,0,0,0,0,0,0},{0,0,0,0,0,0,0,0,0},{0,0,0,0,0,0,0,0,0}}
]
02:04:27.555 [main] INFO  sudoku.model.SudokuBoard - Wartość 0 wstawiona nieprawidłowo
02:04:27.555 [main] INFO  sudoku.model.SudokuBoard - Bład w kwadracie 0
sudoku.model.SudokuBoard@6b3f4bd8[
  size=9
  solver=sudoku.model.BacktrackingSudokuSolver@3e151e1f
  board={{8,3,9,1,5,7,2,6,4},{4,5,1,2,9,6,7,8,3},{2,6,7,8,3,4,9,1,5},{3,4,5,6,7,8,1,2,9},{9,1,8,3,2,5,4,7,6},{6,7,2,9,4,1,3,5,8},{5,8,6,4,1,0,0,0,0},{0,0,0,0,0,0,0,0,0},{0,0,0,0,0,0,0,0,0}}
]
02:04:27.555 [main] INFO  sudoku.model.SudokuBoard - Wartość 0 wstawiona nieprawidłowo
02:04:27.555 [main] INFO  sudoku.model.SudokuBoard - Bład w kwadracie 0
sudoku.model.SudokuBoard@6b3f4bd8[
  size=9
  solver=sudoku.model.BacktrackingSudokuSolver@3e151e1f
  board={{8,3,9,1,5,7,2,6,4},{4,5,1,2,9,6,7,8,3},{2,6,7,8,3,4,9,1,5},{3,4,5,6,7,8,1,2,9},{9,1,8,3,2,5,4,7,6},{6,7,2,9,4,1,3,5,8},{5,8,6,4,1,0,0,0,0},{0,0,0,0,0,0,0,0,0},{0,0,0,0,0,0,0,0,0}}
]
02:04:27.555 [main] INFO  sudoku.model.SudokuBoard - Wartość 0 wstawiona nieprawidłowo
02:04:27.555 [main] INFO  sudoku.model.SudokuBoard - Bład w kwadracie 0
sudoku.model.SudokuBoard@6b3f4bd8[
  size=9
  solver=sudoku.model.BacktrackingSudokuSolver@3e151e1f
  board={{8,3,9,1,5,7,2,6,4},{4,5,1,2,9,6,7,8,3},{2,6,7,8,3,4,9,1,5},{3,4,5,6,7,8,1,2,9},{9,1,8,3,2,5,4,7,6},{6,7,2,9,4,1,3,5,8},{5,8,6,4,1,0,0,0,0},{0,0,0,0,0,0,0,0,0},{0,0,0,0,0,0,0,0,0}}
]
02:04:27.555 [main] INFO  sudoku.model.SudokuBoard - Wartość 0 wstawiona nieprawidłowo
02:04:27.556 [main] INFO  sudoku.model.SudokuBoard - Bład w kwadracie 0
sudoku.model.SudokuBoard@6b3f4bd8[
  size=9
  solver=sudoku.model.BacktrackingSudokuSolver@3e151e1f
  board={{8,3,9,1,5,7,2,6,4},{4,5,1,2,9,6,7,8,3},{2,6,7,8,3,4,9,1,5},{3,4,5,6,7,8,1,2,9},{9,1,8,3,2,5,4,7,6},{6,7,2,9,4,1,3,5,8},{5,8,6,4,0,0,0,0,0},{0,0,0,0,0,0,0,0,0},{0,0,0,0,0,0,0,0,0}}
]
02:04:27.556 [main] INFO  sudoku.model.SudokuBoard - Wartość 0 wstawiona nieprawidłowo
02:04:27.556 [main] INFO  sudoku.model.SudokuBoard - Bład w kwadracie 0
sudoku.model.SudokuBoard@6b3f4bd8[
  size=9
  solver=sudoku.model.BacktrackingSudokuSolver@3e151e1f
  board={{8,3,9,1,5,7,2,6,4},{4,5,1,2,9,6,7,8,3},{2,6,7,8,3,4,9,1,5},{3,4,5,6,7,8,1,2,9},{9,1,8,3,2,5,4,7,6},{6,7,2,9,4,1,3,5,8},{5,8,6,0,0,0,0,0,0},{0,0,0,0,0,0,0,0,0},{0,0,0,0,0,0,0,0,0}}
]
02:04:27.556 [main] INFO  sudoku.model.SudokuBoard - Wartość 0 wstawiona nieprawidłowo
02:04:27.556 [main] INFO  sudoku.model.SudokuBoard - Bład w kwadracie 0
sudoku.model.SudokuBoard@6b3f4bd8[
  size=9
  solver=sudoku.model.BacktrackingSudokuSolver@3e151e1f
  board={{8,3,9,1,5,7,2,6,4},{4,5,1,2,9,6,7,8,3},{2,6,7,8,3,4,9,1,5},{3,4,5,6,7,8,1,2,9},{9,1,8,3,2,5,4,7,6},{6,7,2,9,4,1,3,5,8},{5,8,0,0,0,0,0,0,0},{0,0,0,0,0,0,0,0,0},{0,0,0,0,0,0,0,0,0}}
]
02:04:27.556 [main] INFO  sudoku.model.SudokuBoard - Wartość 0 wstawiona nieprawidłowo
02:04:27.556 [main] INFO  sudoku.model.SudokuBoard - Bład w kwadracie 0
sudoku.model.SudokuBoard@6b3f4bd8[
  size=9
  solver=sudoku.model.BacktrackingSudokuSolver@3e151e1f
  board={{8,3,9,1,5,7,2,6,4},{4,5,1,2,9,6,7,8,3},{2,6,7,8,3,4,9,1,5},{3,4,5,6,7,8,1,2,9},{9,1,8,3,2,5,4,7,6},{6,7,2,9,4,1,3,5,8},{5,8,3,4,6,0,0,0,0},{0,0,0,0,0,0,0,0,0},{0,0,0,0,0,0,0,0,0}}
]
02:04:27.556 [main] INFO  sudoku.model.SudokuBoard - Wartość 0 wstawiona nieprawidłowo
02:04:27.556 [main] INFO  sudoku.model.SudokuBoard - Bład w kwadracie 0
sudoku.model.SudokuBoard@6b3f4bd8[
  size=9
  solver=sudoku.model.BacktrackingSudokuSolver@3e151e1f
  board={{8,3,9,1,5,7,2,6,4},{4,5,1,2,9,6,7,8,3},{2,6,7,8,3,4,9,1,5},{3,4,5,6,7,8,1,2,9},{9,1,8,3,2,5,4,7,6},{6,7,2,9,4,1,3,5,8},{5,8,3,4,6,0,0,0,0},{0,0,0,0,0,0,0,0,0},{0,0,0,0,0,0,0,0,0}}
]
02:04:27.556 [main] INFO  sudoku.model.SudokuBoard - Wartość 0 wstawiona nieprawidłowo
02:04:27.556 [main] INFO  sudoku.model.SudokuBoard - Bład w kwadracie 0
sudoku.model.SudokuBoard@6b3f4bd8[
  size=9
  solver=sudoku.model.BacktrackingSudokuSolver@3e151e1f
  board={{8,3,9,1,5,7,2,6,4},{4,5,1,2,9,6,7,8,3},{2,6,7,8,3,4,9,1,5},{3,4,5,6,7,8,1,2,9},{9,1,8,3,2,5,4,7,6},{6,7,2,9,4,1,3,5,8},{5,8,3,4,0,0,0,0,0},{0,0,0,0,0,0,0,0,0},{0,0,0,0,0,0,0,0,0}}
]
02:04:27.556 [main] INFO  sudoku.model.SudokuBoard - Wartość 0 wstawiona nieprawidłowo
02:04:27.556 [main] INFO  sudoku.model.SudokuBoard - Bład w kwadracie 0
sudoku.model.SudokuBoard@6b3f4bd8[
  size=9
  solver=sudoku.model.BacktrackingSudokuSolver@3e151e1f
  board={{8,3,9,1,5,7,2,6,4},{4,5,1,2,9,6,7,8,3},{2,6,7,8,3,4,9,1,5},{3,4,5,6,7,8,1,2,9},{9,1,8,3,2,5,4,7,6},{6,7,2,9,4,1,3,5,8},{5,8,3,4,1,9,0,0,0},{0,0,0,0,0,0,0,0,0},{0,0,0,0,0,0,0,0,0}}
]
02:04:27.556 [main] INFO  sudoku.model.SudokuBoard - Wartość 0 wstawiona nieprawidłowo
02:04:27.556 [main] INFO  sudoku.model.SudokuBoard - Bład w kwadracie 0
sudoku.model.SudokuBoard@6b3f4bd8[
  size=9
  solver=sudoku.model.BacktrackingSudokuSolver@3e151e1f
  board={{8,3,9,1,5,7,2,6,4},{4,5,1,2,9,6,7,8,3},{2,6,7,8,3,4,9,1,5},{3,4,5,6,7,8,1,2,9},{9,1,8,3,2,5,4,7,6},{6,7,2,9,4,1,3,5,8},{5,8,3,4,1,0,0,0,0},{0,0,0,0,0,0,0,0,0},{0,0,0,0,0,0,0,0,0}}
]
02:04:27.556 [main] INFO  sudoku.model.SudokuBoard - Wartość 0 wstawiona nieprawidłowo
]]></system-out>
  </testcase>
  <testcase name="repeatFillBoardTest" classname="sudoku.model.SudokuBoardTest" time="0.039">
    <system-out><![CDATA[02:04:27.560 [main] INFO  sudoku.model.SudokuBoard - Bład w kwadracie 0
sudoku.model.SudokuBoard@762bf32d[
  size=9
  solver=sudoku.model.BacktrackingSudokuSolver@6d7740f0
  board={{3,9,2,1,4,6,7,8,5},{4,5,7,8,9,2,1,3,6},{1,6,8,3,5,7,9,2,4},{9,2,1,4,6,8,3,0,0},{0,0,0,0,0,0,0,0,0},{0,0,0,0,0,0,0,0,0},{0,0,0,0,0,0,0,0,0},{0,0,0,0,0,0,0,0,0},{0,0,0,0,0,0,0,0,0}}
]
02:04:27.573 [main] INFO  sudoku.model.SudokuBoard - Wartość 0 wstawiona nieprawidłowo
02:04:27.574 [main] INFO  sudoku.model.SudokuBoard - Bład w kwadracie 0
sudoku.model.SudokuBoard@762bf32d[
  size=9
  solver=sudoku.model.BacktrackingSudokuSolver@6d7740f0
  board={{3,9,2,1,4,6,7,8,5},{4,5,7,8,9,2,1,3,6},{1,6,8,3,5,7,9,2,4},{9,2,1,4,6,8,3,5,7},{5,3,4,2,7,9,6,1,8},{6,0,0,0,0,0,0,0,0},{0,0,0,0,0,0,0,0,0},{0,0,0,0,0,0,0,0,0},{0,0,0,0,0,0,0,0,0}}
]
02:04:27.575 [main] INFO  sudoku.model.SudokuBoard - Wartość 0 wstawiona nieprawidłowo
02:04:27.575 [main] INFO  sudoku.model.SudokuBoard - Bład w kwadracie 0
sudoku.model.SudokuBoard@762bf32d[
  size=9
  solver=sudoku.model.BacktrackingSudokuSolver@6d7740f0
  board={{3,9,2,1,4,6,7,8,5},{4,5,7,8,9,2,1,3,6},{1,6,8,3,5,7,9,2,4},{9,2,1,4,6,8,3,5,7},{5,3,4,2,7,9,6,1,8},{6,0,0,0,0,0,0,0,0},{0,0,0,0,0,0,0,0,0},{0,0,0,0,0,0,0,0,0},{0,0,0,0,0,0,0,0,0}}
]
02:04:27.575 [main] INFO  sudoku.model.SudokuBoard - Wartość 0 wstawiona nieprawidłowo
02:04:27.576 [main] INFO  sudoku.model.SudokuBoard - Bład w kwadracie 0
sudoku.model.SudokuBoard@762bf32d[
  size=9
  solver=sudoku.model.BacktrackingSudokuSolver@6d7740f0
  board={{3,9,2,1,4,6,7,8,5},{4,5,7,8,9,2,1,3,6},{1,6,8,3,5,7,9,2,4},{9,2,1,4,6,8,3,5,7},{5,3,4,2,7,9,6,1,8},{0,0,0,0,0,0,0,0,0},{0,0,0,0,0,0,0,0,0},{0,0,0,0,0,0,0,0,0},{0,0,0,0,0,0,0,0,0}}
]
02:04:27.576 [main] INFO  sudoku.model.SudokuBoard - Wartość 0 wstawiona nieprawidłowo
02:04:27.576 [main] INFO  sudoku.model.SudokuBoard - Bład w kwadracie 0
sudoku.model.SudokuBoard@762bf32d[
  size=9
  solver=sudoku.model.BacktrackingSudokuSolver@6d7740f0
  board={{3,9,2,1,4,6,7,8,5},{4,5,7,8,9,2,1,3,6},{1,6,8,3,5,7,9,2,4},{9,2,1,4,6,8,3,5,7},{5,3,4,2,7,9,6,1,8},{7,8,6,5,3,1,2,0,0},{0,0,0,0,0,0,0,0,0},{0,0,0,0,0,0,0,0,0},{0,0,0,0,0,0,0,0,0}}
]
02:04:27.576 [main] INFO  sudoku.model.SudokuBoard - Wartość 0 wstawiona nieprawidłowo
02:04:27.577 [main] INFO  sudoku.model.SudokuBoard - Bład w kwadracie 0
sudoku.model.SudokuBoard@762bf32d[
  size=9
  solver=sudoku.model.BacktrackingSudokuSolver@6d7740f0
  board={{3,9,2,1,4,6,7,8,5},{4,5,7,8,9,2,1,3,6},{1,6,8,3,5,7,9,2,4},{9,2,1,4,6,8,3,5,7},{5,3,4,2,7,9,6,1,8},{7,8,6,5,3,1,2,4,9},{6,1,3,9,8,4,5,7,2},{8,4,9,6,2,0,0,0,0},{0,0,0,0,0,0,0,0,0}}
]
02:04:27.579 [main] INFO  sudoku.model.SudokuBoard - Wartość 0 wstawiona nieprawidłowo
02:04:27.580 [main] INFO  sudoku.model.SudokuBoard - Bład w kwadracie 0
sudoku.model.SudokuBoard@762bf32d[
  size=9
  solver=sudoku.model.BacktrackingSudokuSolver@6d7740f0
  board={{3,9,2,1,4,6,7,8,5},{4,5,7,8,9,2,1,3,6},{1,6,8,3,5,7,9,2,4},{9,2,1,4,6,8,3,5,7},{5,3,4,2,7,9,6,1,8},{7,8,6,5,3,1,2,4,9},{6,1,3,9,8,4,5,7,2},{8,4,9,6,2,0,0,0,0},{0,0,0,0,0,0,0,0,0}}
]
02:04:27.580 [main] INFO  sudoku.model.SudokuBoard - Wartość 0 wstawiona nieprawidłowo
02:04:27.580 [main] INFO  sudoku.model.SudokuBoard - Bład w kwadracie 0
sudoku.model.SudokuBoard@762bf32d[
  size=9
  solver=sudoku.model.BacktrackingSudokuSolver@6d7740f0
  board={{3,9,2,1,4,6,7,8,5},{4,5,7,8,9,2,1,3,6},{1,6,8,3,5,7,9,2,4},{9,2,1,4,6,8,3,5,7},{5,3,4,2,7,9,6,1,8},{7,8,6,5,3,1,2,4,9},{6,1,3,9,8,4,5,7,2},{8,4,9,6,0,0,0,0,0},{0,0,0,0,0,0,0,0,0}}
]
02:04:27.580 [main] INFO  sudoku.model.SudokuBoard - Wartość 0 wstawiona nieprawidłowo
02:04:27.581 [main] INFO  sudoku.model.SudokuBoard - Bład w kwadracie 0
sudoku.model.SudokuBoard@762bf32d[
  size=9
  solver=sudoku.model.BacktrackingSudokuSolver@6d7740f0
  board={{3,9,2,1,4,6,7,8,5},{4,5,7,8,9,2,1,3,6},{1,6,8,3,5,7,9,2,4},{9,2,1,4,6,8,3,5,7},{5,3,4,2,7,9,6,1,8},{7,8,6,5,3,1,2,4,9},{6,1,3,9,8,4,5,7,2},{8,4,9,6,1,0,0,0,0},{0,0,0,0,0,0,0,0,0}}
]
02:04:27.581 [main] INFO  sudoku.model.SudokuBoard - Wartość 0 wstawiona nieprawidłowo
02:04:27.581 [main] INFO  sudoku.model.SudokuBoard - Bład w kwadracie 0
sudoku.model.SudokuBoard@762bf32d[
  size=9
  solver=sudoku.model.BacktrackingSudokuSolver@6d7740f0
  board={{3,9,2,1,4,6,7,8,5},{4,5,7,8,9,2,1,3,6},{1,6,8,3,5,7,9,2,4},{9,2,1,4,6,8,3,5,7},{5,3,4,2,7,9,6,1,8},{7,8,6,5,3,1,2,4,9},{6,1,3,9,8,4,5,7,2},{8,4,9,6,1,0,0,0,0},{0,0,0,0,0,0,0,0,0}}
]
02:04:27.581 [main] INFO  sudoku.model.SudokuBoard - Wartość 0 wstawiona nieprawidłowo
02:04:27.581 [main] INFO  sudoku.model.SudokuBoard - Bład w kwadracie 0
sudoku.model.SudokuBoard@762bf32d[
  size=9
  solver=sudoku.model.BacktrackingSudokuSolver@6d7740f0
  board={{3,9,2,1,4,6,7,8,5},{4,5,7,8,9,2,1,3,6},{1,6,8,3,5,7,9,2,4},{9,2,1,4,6,8,3,5,7},{5,3,4,2,7,9,6,1,8},{7,8,6,5,3,1,2,4,9},{6,1,3,9,8,4,5,7,2},{8,4,9,6,0,0,0,0,0},{0,0,0,0,0,0,0,0,0}}
]
02:04:27.581 [main] INFO  sudoku.model.SudokuBoard - Wartość 0 wstawiona nieprawidłowo
02:04:27.581 [main] INFO  sudoku.model.SudokuBoard - Bład w kwadracie 0
sudoku.model.SudokuBoard@762bf32d[
  size=9
  solver=sudoku.model.BacktrackingSudokuSolver@6d7740f0
  board={{3,9,2,1,4,6,7,8,5},{4,5,7,8,9,2,1,3,6},{1,6,8,3,5,7,9,2,4},{9,2,1,4,6,8,3,5,7},{5,3,4,2,7,9,6,1,8},{7,8,6,5,3,1,2,4,9},{6,1,3,9,8,4,5,7,2},{8,4,9,0,0,0,0,0,0},{0,0,0,0,0,0,0,0,0}}
]
02:04:27.581 [main] INFO  sudoku.model.SudokuBoard - Wartość 0 wstawiona nieprawidłowo
02:04:27.581 [main] INFO  sudoku.model.SudokuBoard - Bład w kwadracie 0
sudoku.model.SudokuBoard@762bf32d[
  size=9
  solver=sudoku.model.BacktrackingSudokuSolver@6d7740f0
  board={{3,9,2,1,4,6,7,8,5},{4,5,7,8,9,2,1,3,6},{1,6,8,3,5,7,9,2,4},{9,2,1,4,6,8,3,5,7},{5,3,4,2,7,9,6,1,8},{7,8,6,5,3,1,2,4,9},{6,1,3,9,8,4,5,7,2},{8,4,9,7,1,0,0,0,0},{0,0,0,0,0,0,0,0,0}}
]
02:04:27.581 [main] INFO  sudoku.model.SudokuBoard - Wartość 0 wstawiona nieprawidłowo
02:04:27.582 [main] INFO  sudoku.model.SudokuBoard - Bład w kwadracie 0
sudoku.model.SudokuBoard@762bf32d[
  size=9
  solver=sudoku.model.BacktrackingSudokuSolver@6d7740f0
  board={{3,9,2,1,4,6,7,8,5},{4,5,7,8,9,2,1,3,6},{1,6,8,3,5,7,9,2,4},{9,2,1,4,6,8,3,5,7},{5,3,4,2,7,9,6,1,8},{7,8,6,5,3,1,2,4,9},{6,1,3,9,8,4,5,7,2},{8,4,9,7,1,0,0,0,0},{0,0,0,0,0,0,0,0,0}}
]
02:04:27.582 [main] INFO  sudoku.model.SudokuBoard - Wartość 0 wstawiona nieprawidłowo
02:04:27.582 [main] INFO  sudoku.model.SudokuBoard - Bład w kwadracie 0
sudoku.model.SudokuBoard@762bf32d[
  size=9
  solver=sudoku.model.BacktrackingSudokuSolver@6d7740f0
  board={{3,9,2,1,4,6,7,8,5},{4,5,7,8,9,2,1,3,6},{1,6,8,3,5,7,9,2,4},{9,2,1,4,6,8,3,5,7},{5,3,4,2,7,9,6,1,8},{7,8,6,5,3,1,2,4,9},{6,1,3,9,8,4,5,7,2},{8,4,9,7,0,0,0,0,0},{0,0,0,0,0,0,0,0,0}}
]
02:04:27.582 [main] INFO  sudoku.model.SudokuBoard - Wartość 0 wstawiona nieprawidłowo
02:04:27.582 [main] INFO  sudoku.model.SudokuBoard - Bład w kwadracie 0
sudoku.model.SudokuBoard@762bf32d[
  size=9
  solver=sudoku.model.BacktrackingSudokuSolver@6d7740f0
  board={{3,9,2,1,4,6,7,8,5},{4,5,7,8,9,2,1,3,6},{1,6,8,3,5,7,9,2,4},{9,2,1,4,6,8,3,5,7},{5,3,4,2,7,9,6,1,8},{7,8,6,5,3,1,2,4,9},{6,1,3,9,8,4,5,7,2},{8,4,9,7,2,0,0,0,0},{0,0,0,0,0,0,0,0,0}}
]
02:04:27.582 [main] INFO  sudoku.model.SudokuBoard - Wartość 0 wstawiona nieprawidłowo
02:04:27.582 [main] INFO  sudoku.model.SudokuBoard - Bład w kwadracie 0
sudoku.model.SudokuBoard@762bf32d[
  size=9
  solver=sudoku.model.BacktrackingSudokuSolver@6d7740f0
  board={{3,9,2,1,4,6,7,8,5},{4,5,7,8,9,2,1,3,6},{1,6,8,3,5,7,9,2,4},{9,2,1,4,6,8,3,5,7},{5,3,4,2,7,9,6,1,8},{7,8,6,5,3,1,2,4,9},{6,1,3,9,8,4,5,7,2},{8,4,9,7,2,0,0,0,0},{0,0,0,0,0,0,0,0,0}}
]
02:04:27.582 [main] INFO  sudoku.model.SudokuBoard - Wartość 0 wstawiona nieprawidłowo
02:04:27.582 [main] INFO  sudoku.model.SudokuBoard - Bład w kwadracie 0
sudoku.model.SudokuBoard@762bf32d[
  size=9
  solver=sudoku.model.BacktrackingSudokuSolver@6d7740f0
  board={{3,9,2,1,4,6,7,8,5},{4,5,7,8,9,2,1,3,6},{1,6,8,3,5,7,9,2,4},{9,2,1,4,6,8,3,5,7},{5,3,4,2,7,9,6,1,8},{7,8,6,5,3,1,2,4,9},{6,1,3,9,8,4,5,7,2},{8,4,9,7,0,0,0,0,0},{0,0,0,0,0,0,0,0,0}}
]
02:04:27.582 [main] INFO  sudoku.model.SudokuBoard - Wartość 0 wstawiona nieprawidłowo
02:04:27.583 [main] INFO  sudoku.model.SudokuBoard - Bład w kwadracie 0
sudoku.model.SudokuBoard@762bf32d[
  size=9
  solver=sudoku.model.BacktrackingSudokuSolver@6d7740f0
  board={{3,9,2,1,4,6,7,8,5},{4,5,7,8,9,2,1,3,6},{1,6,8,3,5,7,9,2,4},{9,2,1,4,6,8,3,5,7},{5,3,4,2,7,9,6,1,8},{7,8,6,5,3,1,2,4,9},{6,1,3,9,8,4,5,7,2},{8,4,9,0,0,0,0,0,0},{0,0,0,0,0,0,0,0,0}}
]
02:04:27.583 [main] INFO  sudoku.model.SudokuBoard - Wartość 0 wstawiona nieprawidłowo
02:04:27.583 [main] INFO  sudoku.model.SudokuBoard - Bład w kwadracie 0
sudoku.model.SudokuBoard@762bf32d[
  size=9
  solver=sudoku.model.BacktrackingSudokuSolver@6d7740f0
  board={{3,9,2,1,4,6,7,8,5},{4,5,7,8,9,2,1,3,6},{1,6,8,3,5,7,9,2,4},{9,2,1,4,6,8,3,5,7},{5,3,4,2,7,9,6,1,8},{7,8,6,5,3,1,2,4,9},{6,1,3,9,8,4,5,7,2},{8,4,0,0,0,0,0,0,0},{0,0,0,0,0,0,0,0,0}}
]
02:04:27.583 [main] INFO  sudoku.model.SudokuBoard - Wartość 0 wstawiona nieprawidłowo
02:04:27.583 [main] INFO  sudoku.model.SudokuBoard - Bład w kwadracie 0
sudoku.model.SudokuBoard@762bf32d[
  size=9
  solver=sudoku.model.BacktrackingSudokuSolver@6d7740f0
  board={{3,9,2,1,4,6,7,8,5},{4,5,7,8,9,2,1,3,6},{1,6,8,3,5,7,9,2,4},{9,2,1,4,6,8,3,5,7},{5,3,4,2,7,9,6,1,8},{7,8,6,5,3,1,2,4,9},{6,1,3,9,8,4,5,7,2},{8,4,5,6,1,0,0,0,0},{0,0,0,0,0,0,0,0,0}}
]
02:04:27.583 [main] INFO  sudoku.model.SudokuBoard - Wartość 0 wstawiona nieprawidłowo
02:04:27.583 [main] INFO  sudoku.model.SudokuBoard - Bład w kwadracie 0
sudoku.model.SudokuBoard@762bf32d[
  size=9
  solver=sudoku.model.BacktrackingSudokuSolver@6d7740f0
  board={{3,9,2,1,4,6,7,8,5},{4,5,7,8,9,2,1,3,6},{1,6,8,3,5,7,9,2,4},{9,2,1,4,6,8,3,5,7},{5,3,4,2,7,9,6,1,8},{7,8,6,5,3,1,2,4,9},{6,1,3,9,8,4,5,7,2},{8,4,5,6,0,0,0,0,0},{0,0,0,0,0,0,0,0,0}}
]
02:04:27.583 [main] INFO  sudoku.model.SudokuBoard - Wartość 0 wstawiona nieprawidłowo
02:04:27.583 [main] INFO  sudoku.model.SudokuBoard - Bład w kwadracie 0
sudoku.model.SudokuBoard@762bf32d[
  size=9
  solver=sudoku.model.BacktrackingSudokuSolver@6d7740f0
  board={{3,9,2,1,4,6,7,8,5},{4,5,7,8,9,2,1,3,6},{1,6,8,3,5,7,9,2,4},{9,2,1,4,6,8,3,5,7},{5,3,4,2,7,9,6,1,8},{7,8,6,5,3,1,2,4,9},{6,1,3,9,8,4,5,7,2},{8,4,5,6,2,0,0,0,0},{0,0,0,0,0,0,0,0,0}}
]
02:04:27.583 [main] INFO  sudoku.model.SudokuBoard - Wartość 0 wstawiona nieprawidłowo
02:04:27.583 [main] INFO  sudoku.model.SudokuBoard - Bład w kwadracie 0
sudoku.model.SudokuBoard@762bf32d[
  size=9
  solver=sudoku.model.BacktrackingSudokuSolver@6d7740f0
  board={{3,9,2,1,4,6,7,8,5},{4,5,7,8,9,2,1,3,6},{1,6,8,3,5,7,9,2,4},{9,2,1,4,6,8,3,5,7},{5,3,4,2,7,9,6,1,8},{7,8,6,5,3,1,2,4,9},{6,1,3,9,8,4,5,7,2},{8,4,5,6,0,0,0,0,0},{0,0,0,0,0,0,0,0,0}}
]
02:04:27.583 [main] INFO  sudoku.model.SudokuBoard - Wartość 0 wstawiona nieprawidłowo
02:04:27.584 [main] INFO  sudoku.model.SudokuBoard - Bład w kwadracie 0
sudoku.model.SudokuBoard@762bf32d[
  size=9
  solver=sudoku.model.BacktrackingSudokuSolver@6d7740f0
  board={{3,9,2,1,4,6,7,8,5},{4,5,7,8,9,2,1,3,6},{1,6,8,3,5,7,9,2,4},{9,2,1,4,6,8,3,5,7},{5,3,4,2,7,9,6,1,8},{7,8,6,5,3,1,2,4,9},{6,1,3,9,8,4,5,7,2},{8,4,5,0,0,0,0,0,0},{0,0,0,0,0,0,0,0,0}}
]
02:04:27.584 [main] INFO  sudoku.model.SudokuBoard - Wartość 0 wstawiona nieprawidłowo
02:04:27.584 [main] INFO  sudoku.model.SudokuBoard - Bład w kwadracie 0
sudoku.model.SudokuBoard@762bf32d[
  size=9
  solver=sudoku.model.BacktrackingSudokuSolver@6d7740f0
  board={{3,9,2,1,4,6,7,8,5},{4,5,7,8,9,2,1,3,6},{1,6,8,3,5,7,9,2,4},{9,2,1,4,6,8,3,5,7},{5,3,4,2,7,9,6,1,8},{7,8,6,5,3,1,2,4,9},{6,1,3,9,8,4,5,7,2},{8,4,5,7,1,0,0,0,0},{0,0,0,0,0,0,0,0,0}}
]
02:04:27.584 [main] INFO  sudoku.model.SudokuBoard - Wartość 0 wstawiona nieprawidłowo
02:04:27.584 [main] INFO  sudoku.model.SudokuBoard - Bład w kwadracie 0
sudoku.model.SudokuBoard@762bf32d[
  size=9
  solver=sudoku.model.BacktrackingSudokuSolver@6d7740f0
  board={{3,9,2,1,4,6,7,8,5},{4,5,7,8,9,2,1,3,6},{1,6,8,3,5,7,9,2,4},{9,2,1,4,6,8,3,5,7},{5,3,4,2,7,9,6,1,8},{7,8,6,5,3,1,2,4,9},{6,1,3,9,8,4,5,7,2},{8,4,5,7,0,0,0,0,0},{0,0,0,0,0,0,0,0,0}}
]
02:04:27.584 [main] INFO  sudoku.model.SudokuBoard - Wartość 0 wstawiona nieprawidłowo
02:04:27.584 [main] INFO  sudoku.model.SudokuBoard - Bład w kwadracie 0
sudoku.model.SudokuBoard@762bf32d[
  size=9
  solver=sudoku.model.BacktrackingSudokuSolver@6d7740f0
  board={{3,9,2,1,4,6,7,8,5},{4,5,7,8,9,2,1,3,6},{1,6,8,3,5,7,9,2,4},{9,2,1,4,6,8,3,5,7},{5,3,4,2,7,9,6,1,8},{7,8,6,5,3,1,2,4,9},{6,1,3,9,8,4,5,7,2},{8,4,5,7,2,0,0,0,0},{0,0,0,0,0,0,0,0,0}}
]
02:04:27.585 [main] INFO  sudoku.model.SudokuBoard - Wartość 0 wstawiona nieprawidłowo
02:04:27.585 [main] INFO  sudoku.model.SudokuBoard - Bład w kwadracie 0
sudoku.model.SudokuBoard@762bf32d[
  size=9
  solver=sudoku.model.BacktrackingSudokuSolver@6d7740f0
  board={{3,9,2,1,4,6,7,8,5},{4,5,7,8,9,2,1,3,6},{1,6,8,3,5,7,9,2,4},{9,2,1,4,6,8,3,5,7},{5,3,4,2,7,9,6,1,8},{7,8,6,5,3,1,2,4,9},{6,1,3,9,8,4,5,7,2},{8,4,5,7,0,0,0,0,0},{0,0,0,0,0,0,0,0,0}}
]
02:04:27.585 [main] INFO  sudoku.model.SudokuBoard - Wartość 0 wstawiona nieprawidłowo
02:04:27.585 [main] INFO  sudoku.model.SudokuBoard - Bład w kwadracie 0
sudoku.model.SudokuBoard@762bf32d[
  size=9
  solver=sudoku.model.BacktrackingSudokuSolver@6d7740f0
  board={{3,9,2,1,4,6,7,8,5},{4,5,7,8,9,2,1,3,6},{1,6,8,3,5,7,9,2,4},{9,2,1,4,6,8,3,5,7},{5,3,4,2,7,9,6,1,8},{7,8,6,5,3,1,2,4,9},{6,1,3,9,8,4,5,7,2},{8,4,5,0,0,0,0,0,0},{0,0,0,0,0,0,0,0,0}}
]
02:04:27.585 [main] INFO  sudoku.model.SudokuBoard - Wartość 0 wstawiona nieprawidłowo
02:04:27.585 [main] INFO  sudoku.model.SudokuBoard - Bład w kwadracie 0
sudoku.model.SudokuBoard@762bf32d[
  size=9
  solver=sudoku.model.BacktrackingSudokuSolver@6d7740f0
  board={{3,9,2,1,4,6,7,8,5},{4,5,7,8,9,2,1,3,6},{1,6,8,3,5,7,9,2,4},{9,2,1,4,6,8,3,5,7},{5,3,4,2,7,9,6,1,8},{7,8,6,5,3,1,2,4,9},{6,1,3,9,8,4,5,7,2},{8,4,0,0,0,0,0,0,0},{0,0,0,0,0,0,0,0,0}}
]
02:04:27.585 [main] INFO  sudoku.model.SudokuBoard - Wartość 0 wstawiona nieprawidłowo
02:04:27.585 [main] INFO  sudoku.model.SudokuBoard - Bład w kwadracie 0
sudoku.model.SudokuBoard@762bf32d[
  size=9
  solver=sudoku.model.BacktrackingSudokuSolver@6d7740f0
  board={{3,9,2,1,4,6,7,8,5},{4,5,7,8,9,2,1,3,6},{1,6,8,3,5,7,9,2,4},{9,2,1,4,6,8,3,5,7},{5,3,4,2,7,9,6,1,8},{7,8,6,5,3,1,2,4,9},{6,1,3,9,8,4,5,7,2},{8,0,0,0,0,0,0,0,0},{0,0,0,0,0,0,0,0,0}}
]
02:04:27.585 [main] INFO  sudoku.model.SudokuBoard - Wartość 0 wstawiona nieprawidłowo
02:04:27.585 [main] INFO  sudoku.model.SudokuBoard - Bład w kwadracie 0
sudoku.model.SudokuBoard@762bf32d[
  size=9
  solver=sudoku.model.BacktrackingSudokuSolver@6d7740f0
  board={{3,9,2,1,4,6,7,8,5},{4,5,7,8,9,2,1,3,6},{1,6,8,3,5,7,9,2,4},{9,2,1,4,6,8,3,5,7},{5,3,4,2,7,9,6,1,8},{7,8,6,5,3,1,2,4,9},{6,1,3,9,8,4,5,7,2},{8,7,5,6,1,3,4,0,0},{0,0,0,0,0,0,0,0,0}}
]
02:04:27.586 [main] INFO  sudoku.model.SudokuBoard - Wartość 0 wstawiona nieprawidłowo
02:04:27.586 [main] INFO  sudoku.model.SudokuBoard - Bład w kwadracie 0
sudoku.model.SudokuBoard@762bf32d[
  size=9
  solver=sudoku.model.BacktrackingSudokuSolver@6d7740f0
  board={{3,9,2,1,4,6,7,8,5},{4,5,7,8,9,2,1,3,6},{1,6,8,3,5,7,9,2,4},{9,2,1,4,6,8,3,5,7},{5,3,4,2,7,9,6,1,8},{7,8,6,5,3,1,2,4,9},{6,1,3,9,8,4,5,7,2},{8,7,5,6,1,3,0,0,0},{0,0,0,0,0,0,0,0,0}}
]
02:04:27.586 [main] INFO  sudoku.model.SudokuBoard - Wartość 0 wstawiona nieprawidłowo
02:04:27.586 [main] INFO  sudoku.model.SudokuBoard - Bład w kwadracie 0
sudoku.model.SudokuBoard@762bf32d[
  size=9
  solver=sudoku.model.BacktrackingSudokuSolver@6d7740f0
  board={{3,9,2,1,4,6,7,8,5},{4,5,7,8,9,2,1,3,6},{1,6,8,3,5,7,9,2,4},{9,2,1,4,6,8,3,5,7},{5,3,4,2,7,9,6,1,8},{7,8,6,5,3,1,2,4,9},{6,1,3,9,8,4,5,7,2},{8,7,5,6,1,0,0,0,0},{0,0,0,0,0,0,0,0,0}}
]
02:04:27.586 [main] INFO  sudoku.model.SudokuBoard - Wartość 0 wstawiona nieprawidłowo
02:04:27.586 [main] INFO  sudoku.model.SudokuBoard - Bład w kwadracie 0
sudoku.model.SudokuBoard@762bf32d[
  size=9
  solver=sudoku.model.BacktrackingSudokuSolver@6d7740f0
  board={{3,9,2,1,4,6,7,8,5},{4,5,7,8,9,2,1,3,6},{1,6,8,3,5,7,9,2,4},{9,2,1,4,6,8,3,5,7},{5,3,4,2,7,9,6,1,8},{7,8,6,5,3,1,2,4,9},{6,1,3,9,8,4,5,7,2},{8,7,5,6,0,0,0,0,0},{0,0,0,0,0,0,0,0,0}}
]
02:04:27.586 [main] INFO  sudoku.model.SudokuBoard - Wartość 0 wstawiona nieprawidłowo
02:04:27.586 [main] INFO  sudoku.model.SudokuBoard - Bład w kwadracie 0
sudoku.model.SudokuBoard@9729a97[
  size=9
  solver=sudoku.model.BacktrackingSudokuSolver@6d7740f0
  board={{6,9,7,1,2,8,3,4,5},{1,8,3,4,5,6,7,2,9},{2,4,5,9,7,3,6,1,8},{3,7,4,8,9,5,1,6,2},{8,2,6,7,1,4,9,0,0},{0,0,0,0,0,0,0,0,0},{0,0,0,0,0,0,0,0,0},{0,0,0,0,0,0,0,0,0},{0,0,0,0,0,0,0,0,0}}
]
02:04:27.587 [main] INFO  sudoku.model.SudokuBoard - Wartość 0 wstawiona nieprawidłowo
02:04:27.588 [main] INFO  sudoku.model.SudokuBoard - Bład w kwadracie 0
sudoku.model.SudokuBoard@9729a97[
  size=9
  solver=sudoku.model.BacktrackingSudokuSolver@6d7740f0
  board={{6,9,7,1,2,8,3,4,5},{1,8,3,4,5,6,7,2,9},{2,4,5,9,7,3,6,1,8},{3,7,4,8,9,5,1,6,2},{8,2,6,7,1,4,9,5,3},{9,0,0,0,0,0,0,0,0},{0,0,0,0,0,0,0,0,0},{0,0,0,0,0,0,0,0,0},{0,0,0,0,0,0,0,0,0}}
]
02:04:27.588 [main] INFO  sudoku.model.SudokuBoard - Wartość 0 wstawiona nieprawidłowo
02:04:27.589 [main] INFO  sudoku.model.SudokuBoard - Bład w kwadracie 0
sudoku.model.SudokuBoard@9729a97[
  size=9
  solver=sudoku.model.BacktrackingSudokuSolver@6d7740f0
  board={{6,9,7,1,2,8,3,4,5},{1,8,3,4,5,6,7,2,9},{2,4,5,9,7,3,6,1,8},{3,7,4,8,9,5,1,6,2},{8,2,6,7,1,4,9,5,3},{9,5,1,3,6,2,8,7,4},{4,3,8,0,0,0,0,0,0},{0,0,0,0,0,0,0,0,0},{0,0,0,0,0,0,0,0,0}}
]
02:04:27.589 [main] INFO  sudoku.model.SudokuBoard - Wartość 0 wstawiona nieprawidłowo
02:04:27.589 [main] INFO  sudoku.model.SudokuBoard - Bład w kwadracie 0
sudoku.model.SudokuBoard@9729a97[
  size=9
  solver=sudoku.model.BacktrackingSudokuSolver@6d7740f0
  board={{6,9,7,1,2,8,3,4,5},{1,8,3,4,5,6,7,2,9},{2,4,5,9,7,3,6,1,8},{3,7,4,8,9,5,1,6,2},{8,2,6,7,1,4,9,5,3},{9,5,1,3,6,2,8,7,4},{4,3,8,0,0,0,0,0,0},{0,0,0,0,0,0,0,0,0},{0,0,0,0,0,0,0,0,0}}
]
02:04:27.589 [main] INFO  sudoku.model.SudokuBoard - Wartość 0 wstawiona nieprawidłowo
02:04:27.589 [main] INFO  sudoku.model.SudokuBoard - Bład w kwadracie 0
sudoku.model.SudokuBoard@9729a97[
  size=9
  solver=sudoku.model.BacktrackingSudokuSolver@6d7740f0
  board={{6,9,7,1,2,8,3,4,5},{1,8,3,4,5,6,7,2,9},{2,4,5,9,7,3,6,1,8},{3,7,4,8,9,5,1,6,2},{8,2,6,7,1,4,9,5,3},{9,5,1,3,6,2,8,7,4},{4,3,8,0,0,0,0,0,0},{0,0,0,0,0,0,0,0,0},{0,0,0,0,0,0,0,0,0}}
]
02:04:27.589 [main] INFO  sudoku.model.SudokuBoard - Wartość 0 wstawiona nieprawidłowo
02:04:27.589 [main] INFO  sudoku.model.SudokuBoard - Bład w kwadracie 0
sudoku.model.SudokuBoard@9729a97[
  size=9
  solver=sudoku.model.BacktrackingSudokuSolver@6d7740f0
  board={{6,9,7,1,2,8,3,4,5},{1,8,3,4,5,6,7,2,9},{2,4,5,9,7,3,6,1,8},{3,7,4,8,9,5,1,6,2},{8,2,6,7,1,4,9,5,3},{9,5,1,3,6,2,8,7,4},{4,3,0,0,0,0,0,0,0},{0,0,0,0,0,0,0,0,0},{0,0,0,0,0,0,0,0,0}}
]
02:04:27.589 [main] INFO  sudoku.model.SudokuBoard - Wartość 0 wstawiona nieprawidłowo
02:04:27.589 [main] INFO  sudoku.model.SudokuBoard - Bład w kwadracie 0
sudoku.model.SudokuBoard@9729a97[
  size=9
  solver=sudoku.model.BacktrackingSudokuSolver@6d7740f0
  board={{6,9,7,1,2,8,3,4,5},{1,8,3,4,5,6,7,2,9},{2,4,5,9,7,3,6,1,8},{3,7,4,8,9,5,1,6,2},{8,2,6,7,1,4,9,5,3},{9,5,1,3,6,2,8,7,4},{4,3,9,6,8,1,0,0,0},{0,0,0,0,0,0,0,0,0},{0,0,0,0,0,0,0,0,0}}
]
02:04:27.589 [main] INFO  sudoku.model.SudokuBoard - Wartość 0 wstawiona nieprawidłowo
02:04:27.589 [main] INFO  sudoku.model.SudokuBoard - Bład w kwadracie 0
sudoku.model.SudokuBoard@9729a97[
  size=9
  solver=sudoku.model.BacktrackingSudokuSolver@6d7740f0
  board={{6,9,7,1,2,8,3,4,5},{1,8,3,4,5,6,7,2,9},{2,4,5,9,7,3,6,1,8},{3,7,4,8,9,5,1,6,2},{8,2,6,7,1,4,9,5,3},{9,5,1,3,6,2,8,7,4},{4,3,9,6,8,1,0,0,0},{0,0,0,0,0,0,0,0,0},{0,0,0,0,0,0,0,0,0}}
]
02:04:27.589 [main] INFO  sudoku.model.SudokuBoard - Wartość 0 wstawiona nieprawidłowo
02:04:27.590 [main] INFO  sudoku.model.SudokuBoard - Bład w kwadracie 0
sudoku.model.SudokuBoard@9729a97[
  size=9
  solver=sudoku.model.BacktrackingSudokuSolver@6d7740f0
  board={{6,9,7,1,2,8,3,4,5},{1,8,3,4,5,6,7,2,9},{2,4,5,9,7,3,6,1,8},{3,7,4,8,9,5,1,6,2},{8,2,6,7,1,4,9,5,3},{9,5,1,3,6,2,8,7,4},{4,3,9,6,8,0,0,0,0},{0,0,0,0,0,0,0,0,0},{0,0,0,0,0,0,0,0,0}}
]
02:04:27.590 [main] INFO  sudoku.model.SudokuBoard - Wartość 0 wstawiona nieprawidłowo
02:04:27.590 [main] INFO  sudoku.model.SudokuBoard - Bład w kwadracie 0
sudoku.model.SudokuBoard@9729a97[
  size=9
  solver=sudoku.model.BacktrackingSudokuSolver@6d7740f0
  board={{6,9,7,1,2,8,3,4,5},{1,8,3,4,5,6,7,2,9},{2,4,5,9,7,3,6,1,8},{3,7,4,8,9,5,1,6,2},{8,2,6,7,1,4,9,5,3},{9,5,1,3,6,2,8,7,4},{4,3,9,6,8,7,0,0,0},{0,0,0,0,0,0,0,0,0},{0,0,0,0,0,0,0,0,0}}
]
02:04:27.590 [main] INFO  sudoku.model.SudokuBoard - Wartość 0 wstawiona nieprawidłowo
02:04:27.590 [main] INFO  sudoku.model.SudokuBoard - Bład w kwadracie 0
sudoku.model.SudokuBoard@9729a97[
  size=9
  solver=sudoku.model.BacktrackingSudokuSolver@6d7740f0
  board={{6,9,7,1,2,8,3,4,5},{1,8,3,4,5,6,7,2,9},{2,4,5,9,7,3,6,1,8},{3,7,4,8,9,5,1,6,2},{8,2,6,7,1,4,9,5,3},{9,5,1,3,6,2,8,7,4},{4,3,9,6,8,7,0,0,0},{0,0,0,0,0,0,0,0,0},{0,0,0,0,0,0,0,0,0}}
]
02:04:27.590 [main] INFO  sudoku.model.SudokuBoard - Wartość 0 wstawiona nieprawidłowo
02:04:27.590 [main] INFO  sudoku.model.SudokuBoard - Bład w kwadracie 0
sudoku.model.SudokuBoard@9729a97[
  size=9
  solver=sudoku.model.BacktrackingSudokuSolver@6d7740f0
  board={{6,9,7,1,2,8,3,4,5},{1,8,3,4,5,6,7,2,9},{2,4,5,9,7,3,6,1,8},{3,7,4,8,9,5,1,6,2},{8,2,6,7,1,4,9,5,3},{9,5,1,3,6,2,8,7,4},{4,3,9,6,8,0,0,0,0},{0,0,0,0,0,0,0,0,0},{0,0,0,0,0,0,0,0,0}}
]
02:04:27.590 [main] INFO  sudoku.model.SudokuBoard - Wartość 0 wstawiona nieprawidłowo
02:04:27.590 [main] INFO  sudoku.model.SudokuBoard - Bład w kwadracie 0
sudoku.model.SudokuBoard@9729a97[
  size=9
  solver=sudoku.model.BacktrackingSudokuSolver@6d7740f0
  board={{6,9,7,1,2,8,3,4,5},{1,8,3,4,5,6,7,2,9},{2,4,5,9,7,3,6,1,8},{3,7,4,8,9,5,1,6,2},{8,2,6,7,1,4,9,5,3},{9,5,1,3,6,2,8,7,4},{4,3,9,6,0,0,0,0,0},{0,0,0,0,0,0,0,0,0},{0,0,0,0,0,0,0,0,0}}
]
02:04:27.590 [main] INFO  sudoku.model.SudokuBoard - Wartość 0 wstawiona nieprawidłowo
02:04:27.591 [main] INFO  sudoku.model.SudokuBoard - Bład w kwadracie 0
sudoku.model.SudokuBoard@9729a97[
  size=9
  solver=sudoku.model.BacktrackingSudokuSolver@6d7740f0
  board={{6,9,7,1,2,8,3,4,5},{1,8,3,4,5,6,7,2,9},{2,4,5,9,7,3,6,1,8},{3,7,4,8,9,5,1,6,2},{8,2,6,7,1,4,9,5,3},{9,5,1,3,6,2,8,7,4},{4,3,9,0,0,0,0,0,0},{0,0,0,0,0,0,0,0,0},{0,0,0,0,0,0,0,0,0}}
]
02:04:27.591 [main] INFO  sudoku.model.SudokuBoard - Wartość 0 wstawiona nieprawidłowo
02:04:27.592 [main] INFO  sudoku.model.SudokuBoard - Bład w kwadracie 0
sudoku.model.SudokuBoard@9729a97[
  size=9
  solver=sudoku.model.BacktrackingSudokuSolver@6d7740f0
  board={{6,9,7,1,2,8,3,4,5},{1,8,3,4,5,6,7,2,9},{2,4,5,9,7,3,6,1,8},{3,7,4,8,9,5,1,6,2},{8,2,6,7,1,4,9,5,3},{9,5,1,3,6,2,8,7,4},{4,3,9,2,8,7,0,0,0},{0,0,0,0,0,0,0,0,0},{0,0,0,0,0,0,0,0,0}}
]
02:04:27.592 [main] INFO  sudoku.model.SudokuBoard - Wartość 0 wstawiona nieprawidłowo
02:04:27.594 [main] INFO  sudoku.model.SudokuBoard - Bład w kwadracie 0
sudoku.model.SudokuBoard@9729a97[
  size=9
  solver=sudoku.model.BacktrackingSudokuSolver@6d7740f0
  board={{6,9,7,1,2,8,3,4,5},{1,8,3,4,5,6,7,2,9},{2,4,5,9,7,3,6,1,8},{3,7,4,8,9,5,1,6,2},{8,2,6,7,1,4,9,5,3},{9,5,1,3,6,2,8,7,4},{4,3,9,2,8,0,0,0,0},{0,0,0,0,0,0,0,0,0},{0,0,0,0,0,0,0,0,0}}
]
02:04:27.594 [main] INFO  sudoku.model.SudokuBoard - Wartość 0 wstawiona nieprawidłowo
02:04:27.594 [main] INFO  sudoku.model.SudokuBoard - Bład w kwadracie 0
sudoku.model.SudokuBoard@9729a97[
  size=9
  solver=sudoku.model.BacktrackingSudokuSolver@6d7740f0
  board={{6,9,7,1,2,8,3,4,5},{1,8,3,4,5,6,7,2,9},{2,4,5,9,7,3,6,1,8},{3,7,4,8,9,5,1,6,2},{8,2,6,7,1,4,9,5,3},{9,5,1,3,6,2,8,7,4},{4,3,9,2,8,1,0,0,0},{0,0,0,0,0,0,0,0,0},{0,0,0,0,0,0,0,0,0}}
]
02:04:27.594 [main] INFO  sudoku.model.SudokuBoard - Wartość 0 wstawiona nieprawidłowo
02:04:27.595 [main] INFO  sudoku.model.SudokuBoard - Bład w kwadracie 0
sudoku.model.SudokuBoard@9729a97[
  size=9
  solver=sudoku.model.BacktrackingSudokuSolver@6d7740f0
  board={{6,9,7,1,2,8,3,4,5},{1,8,3,4,5,6,7,2,9},{2,4,5,9,7,3,6,1,8},{3,7,4,8,9,5,1,6,2},{8,2,6,7,1,4,9,5,3},{9,5,1,3,6,2,8,7,4},{4,3,9,2,8,0,0,0,0},{0,0,0,0,0,0,0,0,0},{0,0,0,0,0,0,0,0,0}}
]
02:04:27.595 [main] INFO  sudoku.model.SudokuBoard - Wartość 0 wstawiona nieprawidłowo
02:04:27.595 [main] INFO  sudoku.model.SudokuBoard - Bład w kwadracie 0
sudoku.model.SudokuBoard@9729a97[
  size=9
  solver=sudoku.model.BacktrackingSudokuSolver@6d7740f0
  board={{6,9,7,1,2,8,3,4,5},{1,8,3,4,5,6,7,2,9},{2,4,5,9,7,3,6,1,8},{3,7,4,8,9,5,1,6,2},{8,2,6,7,1,4,9,5,3},{9,5,1,3,6,2,8,7,4},{4,3,9,2,0,0,0,0,0},{0,0,0,0,0,0,0,0,0},{0,0,0,0,0,0,0,0,0}}
]
02:04:27.595 [main] INFO  sudoku.model.SudokuBoard - Wartość 0 wstawiona nieprawidłowo
02:04:27.595 [main] INFO  sudoku.model.SudokuBoard - Bład w kwadracie 0
sudoku.model.SudokuBoard@9729a97[
  size=9
  solver=sudoku.model.BacktrackingSudokuSolver@6d7740f0
  board={{6,9,7,1,2,8,3,4,5},{1,8,3,4,5,6,7,2,9},{2,4,5,9,7,3,6,1,8},{3,7,4,8,9,5,1,6,2},{8,2,6,7,1,4,9,5,3},{9,5,1,3,6,2,8,7,4},{4,3,9,0,0,0,0,0,0},{0,0,0,0,0,0,0,0,0},{0,0,0,0,0,0,0,0,0}}
]
02:04:27.595 [main] INFO  sudoku.model.SudokuBoard - Wartość 0 wstawiona nieprawidłowo
02:04:27.595 [main] INFO  sudoku.model.SudokuBoard - Bład w kwadracie 0
sudoku.model.SudokuBoard@9729a97[
  size=9
  solver=sudoku.model.BacktrackingSudokuSolver@6d7740f0
  board={{6,9,7,1,2,8,3,4,5},{1,8,3,4,5,6,7,2,9},{2,4,5,9,7,3,6,1,8},{3,7,4,8,9,5,1,6,2},{8,2,6,7,1,4,9,5,3},{9,5,1,3,6,2,8,7,4},{4,3,9,5,8,1,0,0,0},{0,0,0,0,0,0,0,0,0},{0,0,0,0,0,0,0,0,0}}
]
02:04:27.595 [main] INFO  sudoku.model.SudokuBoard - Wartość 0 wstawiona nieprawidłowo
02:04:27.595 [main] INFO  sudoku.model.SudokuBoard - Bład w kwadracie 0
sudoku.model.SudokuBoard@9729a97[
  size=9
  solver=sudoku.model.BacktrackingSudokuSolver@6d7740f0
  board={{6,9,7,1,2,8,3,4,5},{1,8,3,4,5,6,7,2,9},{2,4,5,9,7,3,6,1,8},{3,7,4,8,9,5,1,6,2},{8,2,6,7,1,4,9,5,3},{9,5,1,3,6,2,8,7,4},{4,3,9,5,8,0,0,0,0},{0,0,0,0,0,0,0,0,0},{0,0,0,0,0,0,0,0,0}}
]
02:04:27.595 [main] INFO  sudoku.model.SudokuBoard - Wartość 0 wstawiona nieprawidłowo
02:04:27.595 [main] INFO  sudoku.model.SudokuBoard - Bład w kwadracie 0
sudoku.model.SudokuBoard@9729a97[
  size=9
  solver=sudoku.model.BacktrackingSudokuSolver@6d7740f0
  board={{6,9,7,1,2,8,3,4,5},{1,8,3,4,5,6,7,2,9},{2,4,5,9,7,3,6,1,8},{3,7,4,8,9,5,1,6,2},{8,2,6,7,1,4,9,5,3},{9,5,1,3,6,2,8,7,4},{4,3,9,5,8,7,0,0,0},{0,0,0,0,0,0,0,0,0},{0,0,0,0,0,0,0,0,0}}
]
02:04:27.595 [main] INFO  sudoku.model.SudokuBoard - Wartość 0 wstawiona nieprawidłowo
02:04:27.595 [main] INFO  sudoku.model.SudokuBoard - Bład w kwadracie 0
sudoku.model.SudokuBoard@9729a97[
  size=9
  solver=sudoku.model.BacktrackingSudokuSolver@6d7740f0
  board={{6,9,7,1,2,8,3,4,5},{1,8,3,4,5,6,7,2,9},{2,4,5,9,7,3,6,1,8},{3,7,4,8,9,5,1,6,2},{8,2,6,7,1,4,9,5,3},{9,5,1,3,6,2,8,7,4},{4,3,9,5,8,0,0,0,0},{0,0,0,0,0,0,0,0,0},{0,0,0,0,0,0,0,0,0}}
]
02:04:27.595 [main] INFO  sudoku.model.SudokuBoard - Wartość 0 wstawiona nieprawidłowo
02:04:27.595 [main] INFO  sudoku.model.SudokuBoard - Bład w kwadracie 0
sudoku.model.SudokuBoard@9729a97[
  size=9
  solver=sudoku.model.BacktrackingSudokuSolver@6d7740f0
  board={{6,9,7,1,2,8,3,4,5},{1,8,3,4,5,6,7,2,9},{2,4,5,9,7,3,6,1,8},{3,7,4,8,9,5,1,6,2},{8,2,6,7,1,4,9,5,3},{9,5,1,3,6,2,8,7,4},{4,3,9,5,0,0,0,0,0},{0,0,0,0,0,0,0,0,0},{0,0,0,0,0,0,0,0,0}}
]
02:04:27.595 [main] INFO  sudoku.model.SudokuBoard - Wartość 0 wstawiona nieprawidłowo
02:04:27.595 [main] INFO  sudoku.model.SudokuBoard - Bład w kwadracie 0
sudoku.model.SudokuBoard@9729a97[
  size=9
  solver=sudoku.model.BacktrackingSudokuSolver@6d7740f0
  board={{6,9,7,1,2,8,3,4,5},{1,8,3,4,5,6,7,2,9},{2,4,5,9,7,3,6,1,8},{3,7,4,8,9,5,1,6,2},{8,2,6,7,1,4,9,5,3},{9,5,1,3,6,2,8,7,4},{4,3,9,0,0,0,0,0,0},{0,0,0,0,0,0,0,0,0},{0,0,0,0,0,0,0,0,0}}
]
02:04:27.596 [main] INFO  sudoku.model.SudokuBoard - Wartość 0 wstawiona nieprawidłowo
02:04:27.596 [main] INFO  sudoku.model.SudokuBoard - Bład w kwadracie 0
sudoku.model.SudokuBoard@9729a97[
  size=9
  solver=sudoku.model.BacktrackingSudokuSolver@6d7740f0
  board={{6,9,7,1,2,8,3,4,5},{1,8,3,4,5,6,7,2,9},{2,4,5,9,7,3,6,1,8},{3,7,4,8,9,5,1,6,2},{8,2,6,7,1,4,9,5,3},{9,5,1,3,6,2,8,7,4},{4,3,0,0,0,0,0,0,0},{0,0,0,0,0,0,0,0,0},{0,0,0,0,0,0,0,0,0}}
]
02:04:27.596 [main] INFO  sudoku.model.SudokuBoard - Wartość 0 wstawiona nieprawidłowo
02:04:27.596 [main] INFO  sudoku.model.SudokuBoard - Bład w kwadracie 0
sudoku.model.SudokuBoard@9729a97[
  size=9
  solver=sudoku.model.BacktrackingSudokuSolver@6d7740f0
  board={{6,9,7,1,2,8,3,4,5},{1,8,3,4,5,6,7,2,9},{2,4,5,9,7,3,6,1,8},{3,7,4,8,9,5,1,6,2},{8,2,6,7,1,4,9,5,3},{9,5,1,3,6,2,8,7,4},{4,3,2,5,8,0,0,0,0},{0,0,0,0,0,0,0,0,0},{0,0,0,0,0,0,0,0,0}}
]
02:04:27.596 [main] INFO  sudoku.model.SudokuBoard - Wartość 0 wstawiona nieprawidłowo
02:04:27.596 [main] INFO  sudoku.model.SudokuBoard - Bład w kwadracie 0
sudoku.model.SudokuBoard@9729a97[
  size=9
  solver=sudoku.model.BacktrackingSudokuSolver@6d7740f0
  board={{6,9,7,1,2,8,3,4,5},{1,8,3,4,5,6,7,2,9},{2,4,5,9,7,3,6,1,8},{3,7,4,8,9,5,1,6,2},{8,2,6,7,1,4,9,5,3},{9,5,1,3,6,2,8,7,4},{4,3,2,5,8,0,0,0,0},{0,0,0,0,0,0,0,0,0},{0,0,0,0,0,0,0,0,0}}
]
02:04:27.596 [main] INFO  sudoku.model.SudokuBoard - Wartość 0 wstawiona nieprawidłowo
02:04:27.596 [main] INFO  sudoku.model.SudokuBoard - Bład w kwadracie 0
sudoku.model.SudokuBoard@9729a97[
  size=9
  solver=sudoku.model.BacktrackingSudokuSolver@6d7740f0
  board={{6,9,7,1,2,8,3,4,5},{1,8,3,4,5,6,7,2,9},{2,4,5,9,7,3,6,1,8},{3,7,4,8,9,5,1,6,2},{8,2,6,7,1,4,9,5,3},{9,5,1,3,6,2,8,7,4},{4,3,2,5,8,0,0,0,0},{0,0,0,0,0,0,0,0,0},{0,0,0,0,0,0,0,0,0}}
]
02:04:27.596 [main] INFO  sudoku.model.SudokuBoard - Wartość 0 wstawiona nieprawidłowo
02:04:27.596 [main] INFO  sudoku.model.SudokuBoard - Bład w kwadracie 0
sudoku.model.SudokuBoard@9729a97[
  size=9
  solver=sudoku.model.BacktrackingSudokuSolver@6d7740f0
  board={{6,9,7,1,2,8,3,4,5},{1,8,3,4,5,6,7,2,9},{2,4,5,9,7,3,6,1,8},{3,7,4,8,9,5,1,6,2},{8,2,6,7,1,4,9,5,3},{9,5,1,3,6,2,8,7,4},{4,3,2,5,0,0,0,0,0},{0,0,0,0,0,0,0,0,0},{0,0,0,0,0,0,0,0,0}}
]
02:04:27.596 [main] INFO  sudoku.model.SudokuBoard - Wartość 0 wstawiona nieprawidłowo
02:04:27.596 [main] INFO  sudoku.model.SudokuBoard - Bład w kwadracie 0
sudoku.model.SudokuBoard@9729a97[
  size=9
  solver=sudoku.model.BacktrackingSudokuSolver@6d7740f0
  board={{6,9,7,1,2,8,3,4,5},{1,8,3,4,5,6,7,2,9},{2,4,5,9,7,3,6,1,8},{3,7,4,8,9,5,1,6,2},{8,2,6,7,1,4,9,5,3},{9,5,1,3,6,2,8,7,4},{4,3,2,0,0,0,0,0,0},{0,0,0,0,0,0,0,0,0},{0,0,0,0,0,0,0,0,0}}
]
02:04:27.596 [main] INFO  sudoku.model.SudokuBoard - Wartość 0 wstawiona nieprawidłowo
Tablice maja inny uklad liczb]]></system-out>
  </testcase>
  <testcase name="checkFillBoardTest" classname="sudoku.model.SudokuBoardTest" time="0.012">
    <system-out><![CDATA[02:04:27.605 [main] INFO  sudoku.model.SudokuBoard - Bład w kwadracie 0
sudoku.model.SudokuBoard@6987a133[
  size=9
  solver=sudoku.model.BacktrackingSudokuSolver@50778bde
  board={{5,3,4,6,1,2,8,7,9},{6,7,8,9,3,4,2,5,1},{2,9,1,5,7,8,3,4,6},{3,8,7,4,6,9,5,1,2},{9,2,5,7,8,1,4,6,3},{1,4,6,2,5,3,9,8,7},{7,5,9,3,2,6,0,0,0},{0,0,0,0,0,0,0,0,0},{0,0,0,0,0,0,0,0,0}}
]
02:04:27.606 [main] INFO  sudoku.model.SudokuBoard - Wartość 0 wstawiona nieprawidłowo
02:04:27.606 [main] INFO  sudoku.model.SudokuBoard - Bład w kwadracie 0
sudoku.model.SudokuBoard@6987a133[
  size=9
  solver=sudoku.model.BacktrackingSudokuSolver@50778bde
  board={{5,3,4,6,1,2,8,7,9},{6,7,8,9,3,4,2,5,1},{2,9,1,5,7,8,3,4,6},{3,8,7,4,6,9,5,1,2},{9,2,5,7,8,1,4,6,3},{1,4,6,2,5,3,9,8,7},{7,5,9,3,2,0,0,0,0},{0,0,0,0,0,0,0,0,0},{0,0,0,0,0,0,0,0,0}}
]
02:04:27.606 [main] INFO  sudoku.model.SudokuBoard - Wartość 0 wstawiona nieprawidłowo
02:04:27.606 [main] INFO  sudoku.model.SudokuBoard - Bład w kwadracie 0
sudoku.model.SudokuBoard@6987a133[
  size=9
  solver=sudoku.model.BacktrackingSudokuSolver@50778bde
  board={{5,3,4,6,1,2,8,7,9},{6,7,8,9,3,4,2,5,1},{2,9,1,5,7,8,3,4,6},{3,8,7,4,6,9,5,1,2},{9,2,5,7,8,1,4,6,3},{1,4,6,2,5,3,9,8,7},{7,5,9,3,0,0,0,0,0},{0,0,0,0,0,0,0,0,0},{0,0,0,0,0,0,0,0,0}}
]
02:04:27.606 [main] INFO  sudoku.model.SudokuBoard - Wartość 0 wstawiona nieprawidłowo
02:04:27.606 [main] INFO  sudoku.model.SudokuBoard - Bład w kwadracie 0
sudoku.model.SudokuBoard@6987a133[
  size=9
  solver=sudoku.model.BacktrackingSudokuSolver@50778bde
  board={{5,3,4,6,1,2,8,7,9},{6,7,8,9,3,4,2,5,1},{2,9,1,5,7,8,3,4,6},{3,8,7,4,6,9,5,1,2},{9,2,5,7,8,1,4,6,3},{1,4,6,2,5,3,9,8,7},{7,5,9,3,4,6,1,2,8},{4,6,2,8,9,5,7,0,0},{0,0,0,0,0,0,0,0,0}}
]
02:04:27.606 [main] INFO  sudoku.model.SudokuBoard - Wartość 0 wstawiona nieprawidłowo
02:04:27.606 [main] INFO  sudoku.model.SudokuBoard - Bład w kwadracie 0
sudoku.model.SudokuBoard@6987a133[
  size=9
  solver=sudoku.model.BacktrackingSudokuSolver@50778bde
  board={{5,3,4,6,1,2,8,7,9},{6,7,8,9,3,4,2,5,1},{2,9,1,5,7,8,3,4,6},{3,8,7,4,6,9,5,1,2},{9,2,5,7,8,1,4,6,3},{1,4,6,2,5,3,9,8,7},{7,5,9,3,4,6,1,2,8},{4,6,2,8,9,5,0,0,0},{0,0,0,0,0,0,0,0,0}}
]
02:04:27.606 [main] INFO  sudoku.model.SudokuBoard - Wartość 0 wstawiona nieprawidłowo
02:04:27.607 [main] INFO  sudoku.model.SudokuBoard - Bład w kwadracie 0
sudoku.model.SudokuBoard@6987a133[
  size=9
  solver=sudoku.model.BacktrackingSudokuSolver@50778bde
  board={{5,3,4,6,1,2,8,7,9},{6,7,8,9,3,4,2,5,1},{2,9,1,5,7,8,3,4,6},{3,8,7,4,6,9,5,1,2},{9,2,5,7,8,1,4,6,3},{1,4,6,2,5,3,9,8,7},{7,5,9,3,4,6,1,2,8},{4,6,2,8,9,0,0,0,0},{0,0,0,0,0,0,0,0,0}}
]
02:04:27.607 [main] INFO  sudoku.model.SudokuBoard - Wartość 0 wstawiona nieprawidłowo
02:04:27.607 [main] INFO  sudoku.model.SudokuBoard - Bład w kwadracie 0
sudoku.model.SudokuBoard@6987a133[
  size=9
  solver=sudoku.model.BacktrackingSudokuSolver@50778bde
  board={{5,3,4,6,1,2,8,7,9},{6,7,8,9,3,4,2,5,1},{2,9,1,5,7,8,3,4,6},{3,8,7,4,6,9,5,1,2},{9,2,5,7,8,1,4,6,3},{1,4,6,2,5,3,9,8,7},{7,5,9,3,4,6,1,2,8},{4,6,2,8,9,0,0,0,0},{0,0,0,0,0,0,0,0,0}}
]
02:04:27.607 [main] INFO  sudoku.model.SudokuBoard - Wartość 0 wstawiona nieprawidłowo
02:04:27.608 [main] INFO  sudoku.model.SudokuBoard - Bład w kwadracie 0
sudoku.model.SudokuBoard@6987a133[
  size=9
  solver=sudoku.model.BacktrackingSudokuSolver@50778bde
  board={{5,3,4,6,1,2,8,7,9},{6,7,8,9,3,4,2,5,1},{2,9,1,5,7,8,3,4,6},{3,8,7,4,6,9,5,1,2},{9,2,5,7,8,1,4,6,3},{1,4,6,2,5,3,9,8,7},{7,5,9,3,4,6,1,2,8},{4,6,2,8,0,0,0,0,0},{0,0,0,0,0,0,0,0,0}}
]
02:04:27.608 [main] INFO  sudoku.model.SudokuBoard - Wartość 0 wstawiona nieprawidłowo
02:04:27.608 [main] INFO  sudoku.model.SudokuBoard - Bład w kwadracie 0
sudoku.model.SudokuBoard@6987a133[
  size=9
  solver=sudoku.model.BacktrackingSudokuSolver@50778bde
  board={{5,3,4,6,1,2,8,7,9},{6,7,8,9,3,4,2,5,1},{2,9,1,5,7,8,3,4,6},{3,8,7,4,6,9,5,1,2},{9,2,5,7,8,1,4,6,3},{1,4,6,2,5,3,9,8,7},{7,5,9,3,4,6,1,2,8},{4,6,2,0,0,0,0,0,0},{0,0,0,0,0,0,0,0,0}}
]
02:04:27.608 [main] INFO  sudoku.model.SudokuBoard - Wartość 0 wstawiona nieprawidłowo
02:04:27.608 [main] INFO  sudoku.model.SudokuBoard - Bład w kwadracie 0
sudoku.model.SudokuBoard@6987a133[
  size=9
  solver=sudoku.model.BacktrackingSudokuSolver@50778bde
  board={{5,3,4,6,1,2,8,7,9},{6,7,8,9,3,4,2,5,1},{2,9,1,5,7,8,3,4,6},{3,8,7,4,6,9,5,1,2},{9,2,5,7,8,1,4,6,3},{1,4,6,2,5,3,9,8,7},{7,5,9,3,4,6,1,2,8},{4,6,2,1,9,0,0,0,0},{0,0,0,0,0,0,0,0,0}}
]
02:04:27.608 [main] INFO  sudoku.model.SudokuBoard - Wartość 0 wstawiona nieprawidłowo
02:04:27.608 [main] INFO  sudoku.model.SudokuBoard - Bład w kwadracie 0
sudoku.model.SudokuBoard@6987a133[
  size=9
  solver=sudoku.model.BacktrackingSudokuSolver@50778bde
  board={{5,3,4,6,1,2,8,7,9},{6,7,8,9,3,4,2,5,1},{2,9,1,5,7,8,3,4,6},{3,8,7,4,6,9,5,1,2},{9,2,5,7,8,1,4,6,3},{1,4,6,2,5,3,9,8,7},{7,5,9,3,4,6,1,2,8},{4,6,2,1,9,5,7,0,0},{0,0,0,0,0,0,0,0,0}}
]
02:04:27.608 [main] INFO  sudoku.model.SudokuBoard - Wartość 0 wstawiona nieprawidłowo
02:04:27.608 [main] INFO  sudoku.model.SudokuBoard - Bład w kwadracie 0
sudoku.model.SudokuBoard@6987a133[
  size=9
  solver=sudoku.model.BacktrackingSudokuSolver@50778bde
  board={{5,3,4,6,1,2,8,7,9},{6,7,8,9,3,4,2,5,1},{2,9,1,5,7,8,3,4,6},{3,8,7,4,6,9,5,1,2},{9,2,5,7,8,1,4,6,3},{1,4,6,2,5,3,9,8,7},{7,5,9,3,4,6,1,2,8},{4,6,2,1,9,5,0,0,0},{0,0,0,0,0,0,0,0,0}}
]
02:04:27.609 [main] INFO  sudoku.model.SudokuBoard - Wartość 0 wstawiona nieprawidłowo
02:04:27.609 [main] INFO  sudoku.model.SudokuBoard - Bład w kwadracie 0
sudoku.model.SudokuBoard@6987a133[
  size=9
  solver=sudoku.model.BacktrackingSudokuSolver@50778bde
  board={{5,3,4,6,1,2,8,7,9},{6,7,8,9,3,4,2,5,1},{2,9,1,5,7,8,3,4,6},{3,8,7,4,6,9,5,1,2},{9,2,5,7,8,1,4,6,3},{1,4,6,2,5,3,9,8,7},{7,5,9,3,4,6,1,2,8},{4,6,2,1,9,0,0,0,0},{0,0,0,0,0,0,0,0,0}}
]
02:04:27.609 [main] INFO  sudoku.model.SudokuBoard - Wartość 0 wstawiona nieprawidłowo
02:04:27.609 [main] INFO  sudoku.model.SudokuBoard - Bład w kwadracie 0
sudoku.model.SudokuBoard@6987a133[
  size=9
  solver=sudoku.model.BacktrackingSudokuSolver@50778bde
  board={{5,3,4,6,1,2,8,7,9},{6,7,8,9,3,4,2,5,1},{2,9,1,5,7,8,3,4,6},{3,8,7,4,6,9,5,1,2},{9,2,5,7,8,1,4,6,3},{1,4,6,2,5,3,9,8,7},{7,5,9,3,4,6,1,2,8},{4,6,2,1,0,0,0,0,0},{0,0,0,0,0,0,0,0,0}}
]
02:04:27.609 [main] INFO  sudoku.model.SudokuBoard - Wartość 0 wstawiona nieprawidłowo
02:04:27.609 [main] INFO  sudoku.model.SudokuBoard - Bład w kwadracie 0
sudoku.model.SudokuBoard@6987a133[
  size=9
  solver=sudoku.model.BacktrackingSudokuSolver@50778bde
  board={{5,3,4,6,1,2,8,7,9},{6,7,8,9,3,4,2,5,1},{2,9,1,5,7,8,3,4,6},{3,8,7,4,6,9,5,1,2},{9,2,5,7,8,1,4,6,3},{1,4,6,2,5,3,9,8,7},{7,5,9,3,4,6,1,2,8},{4,6,2,0,0,0,0,0,0},{0,0,0,0,0,0,0,0,0}}
]
02:04:27.609 [main] INFO  sudoku.model.SudokuBoard - Wartość 0 wstawiona nieprawidłowo
02:04:27.609 [main] INFO  sudoku.model.SudokuBoard - Bład w kwadracie 0
sudoku.model.SudokuBoard@6987a133[
  size=9
  solver=sudoku.model.BacktrackingSudokuSolver@50778bde
  board={{5,3,4,6,1,2,8,7,9},{6,7,8,9,3,4,2,5,1},{2,9,1,5,7,8,3,4,6},{3,8,7,4,6,9,5,1,2},{9,2,5,7,8,1,4,6,3},{1,4,6,2,5,3,9,8,7},{7,5,9,3,4,6,1,2,8},{4,6,0,0,0,0,0,0,0},{0,0,0,0,0,0,0,0,0}}
]
02:04:27.609 [main] INFO  sudoku.model.SudokuBoard - Wartość 0 wstawiona nieprawidłowo
02:04:27.609 [main] INFO  sudoku.model.SudokuBoard - Bład w kwadracie 0
sudoku.model.SudokuBoard@6987a133[
  size=9
  solver=sudoku.model.BacktrackingSudokuSolver@50778bde
  board={{5,3,4,6,1,2,8,7,9},{6,7,8,9,3,4,2,5,1},{2,9,1,5,7,8,3,4,6},{3,8,7,4,6,9,5,1,2},{9,2,5,7,8,1,4,6,3},{1,4,6,2,5,3,9,8,7},{7,5,9,3,4,6,1,2,8},{4,6,3,8,9,5,0,0,0},{0,0,0,0,0,0,0,0,0}}
]
02:04:27.609 [main] INFO  sudoku.model.SudokuBoard - Wartość 0 wstawiona nieprawidłowo
02:04:27.609 [main] INFO  sudoku.model.SudokuBoard - Bład w kwadracie 0
sudoku.model.SudokuBoard@6987a133[
  size=9
  solver=sudoku.model.BacktrackingSudokuSolver@50778bde
  board={{5,3,4,6,1,2,8,7,9},{6,7,8,9,3,4,2,5,1},{2,9,1,5,7,8,3,4,6},{3,8,7,4,6,9,5,1,2},{9,2,5,7,8,1,4,6,3},{1,4,6,2,5,3,9,8,7},{7,5,9,3,4,6,1,2,8},{4,6,3,8,9,0,0,0,0},{0,0,0,0,0,0,0,0,0}}
]
02:04:27.609 [main] INFO  sudoku.model.SudokuBoard - Wartość 0 wstawiona nieprawidłowo
02:04:27.609 [main] INFO  sudoku.model.SudokuBoard - Bład w kwadracie 0
sudoku.model.SudokuBoard@6987a133[
  size=9
  solver=sudoku.model.BacktrackingSudokuSolver@50778bde
  board={{5,3,4,6,1,2,8,7,9},{6,7,8,9,3,4,2,5,1},{2,9,1,5,7,8,3,4,6},{3,8,7,4,6,9,5,1,2},{9,2,5,7,8,1,4,6,3},{1,4,6,2,5,3,9,8,7},{7,5,9,3,4,6,1,2,8},{4,6,3,8,9,0,0,0,0},{0,0,0,0,0,0,0,0,0}}
]
02:04:27.609 [main] INFO  sudoku.model.SudokuBoard - Wartość 0 wstawiona nieprawidłowo
02:04:27.610 [main] INFO  sudoku.model.SudokuBoard - Bład w kwadracie 0
sudoku.model.SudokuBoard@6987a133[
  size=9
  solver=sudoku.model.BacktrackingSudokuSolver@50778bde
  board={{5,3,4,6,1,2,8,7,9},{6,7,8,9,3,4,2,5,1},{2,9,1,5,7,8,3,4,6},{3,8,7,4,6,9,5,1,2},{9,2,5,7,8,1,4,6,3},{1,4,6,2,5,3,9,8,7},{7,5,9,3,4,6,1,2,8},{4,6,3,8,0,0,0,0,0},{0,0,0,0,0,0,0,0,0}}
]
02:04:27.610 [main] INFO  sudoku.model.SudokuBoard - Wartość 0 wstawiona nieprawidłowo
02:04:27.610 [main] INFO  sudoku.model.SudokuBoard - Bład w kwadracie 0
sudoku.model.SudokuBoard@6987a133[
  size=9
  solver=sudoku.model.BacktrackingSudokuSolver@50778bde
  board={{5,3,4,6,1,2,8,7,9},{6,7,8,9,3,4,2,5,1},{2,9,1,5,7,8,3,4,6},{3,8,7,4,6,9,5,1,2},{9,2,5,7,8,1,4,6,3},{1,4,6,2,5,3,9,8,7},{7,5,9,3,4,6,1,2,8},{4,6,3,8,2,5,7,0,0},{0,0,0,0,0,0,0,0,0}}
]
02:04:27.610 [main] INFO  sudoku.model.SudokuBoard - Wartość 0 wstawiona nieprawidłowo
02:04:27.610 [main] INFO  sudoku.model.SudokuBoard - Bład w kwadracie 0
sudoku.model.SudokuBoard@6987a133[
  size=9
  solver=sudoku.model.BacktrackingSudokuSolver@50778bde
  board={{5,3,4,6,1,2,8,7,9},{6,7,8,9,3,4,2,5,1},{2,9,1,5,7,8,3,4,6},{3,8,7,4,6,9,5,1,2},{9,2,5,7,8,1,4,6,3},{1,4,6,2,5,3,9,8,7},{7,5,9,3,4,6,1,2,8},{4,6,3,8,2,5,0,0,0},{0,0,0,0,0,0,0,0,0}}
]
02:04:27.610 [main] INFO  sudoku.model.SudokuBoard - Wartość 0 wstawiona nieprawidłowo
02:04:27.610 [main] INFO  sudoku.model.SudokuBoard - Bład w kwadracie 0
sudoku.model.SudokuBoard@6987a133[
  size=9
  solver=sudoku.model.BacktrackingSudokuSolver@50778bde
  board={{5,3,4,6,1,2,8,7,9},{6,7,8,9,3,4,2,5,1},{2,9,1,5,7,8,3,4,6},{3,8,7,4,6,9,5,1,2},{9,2,5,7,8,1,4,6,3},{1,4,6,2,5,3,9,8,7},{7,5,9,3,4,6,1,2,8},{4,6,3,8,2,0,0,0,0},{0,0,0,0,0,0,0,0,0}}
]
02:04:27.610 [main] INFO  sudoku.model.SudokuBoard - Wartość 0 wstawiona nieprawidłowo
02:04:27.613 [main] INFO  sudoku.model.SudokuBoard - Bład w kwadracie 0
sudoku.model.SudokuBoard@6987a133[
  size=9
  solver=sudoku.model.BacktrackingSudokuSolver@50778bde
  board={{5,3,4,6,1,2,8,7,9},{6,7,8,9,3,4,2,5,1},{2,9,1,5,7,8,3,4,6},{3,8,7,4,6,9,5,1,2},{9,2,5,7,8,1,4,6,3},{1,4,6,2,5,3,9,8,7},{7,5,9,3,4,6,1,2,8},{4,6,3,8,2,0,0,0,0},{0,0,0,0,0,0,0,0,0}}
]
02:04:27.613 [main] INFO  sudoku.model.SudokuBoard - Wartość 0 wstawiona nieprawidłowo
02:04:27.613 [main] INFO  sudoku.model.SudokuBoard - Bład w kwadracie 0
sudoku.model.SudokuBoard@6987a133[
  size=9
  solver=sudoku.model.BacktrackingSudokuSolver@50778bde
  board={{5,3,4,6,1,2,8,7,9},{6,7,8,9,3,4,2,5,1},{2,9,1,5,7,8,3,4,6},{3,8,7,4,6,9,5,1,2},{9,2,5,7,8,1,4,6,3},{1,4,6,2,5,3,9,8,7},{7,5,9,3,4,6,1,2,8},{4,6,3,8,0,0,0,0,0},{0,0,0,0,0,0,0,0,0}}
]
02:04:27.613 [main] INFO  sudoku.model.SudokuBoard - Wartość 0 wstawiona nieprawidłowo
02:04:27.613 [main] INFO  sudoku.model.SudokuBoard - Bład w kwadracie 0
sudoku.model.SudokuBoard@6987a133[
  size=9
  solver=sudoku.model.BacktrackingSudokuSolver@50778bde
  board={{5,3,4,6,1,2,8,7,9},{6,7,8,9,3,4,2,5,1},{2,9,1,5,7,8,3,4,6},{3,8,7,4,6,9,5,1,2},{9,2,5,7,8,1,4,6,3},{1,4,6,2,5,3,9,8,7},{7,5,9,3,4,6,1,2,8},{4,6,3,0,0,0,0,0,0},{0,0,0,0,0,0,0,0,0}}
]
02:04:27.613 [main] INFO  sudoku.model.SudokuBoard - Wartość 0 wstawiona nieprawidłowo
02:04:27.613 [main] INFO  sudoku.model.SudokuBoard - Bład w kwadracie 0
sudoku.model.SudokuBoard@6987a133[
  size=9
  solver=sudoku.model.BacktrackingSudokuSolver@50778bde
  board={{5,3,4,6,1,2,8,7,9},{6,7,8,9,3,4,2,5,1},{2,9,1,5,7,8,3,4,6},{3,8,7,4,6,9,5,1,2},{9,2,5,7,8,1,4,6,3},{1,4,6,2,5,3,9,8,7},{7,5,9,3,4,6,1,2,8},{4,6,3,1,9,5,0,0,0},{0,0,0,0,0,0,0,0,0}}
]
02:04:27.613 [main] INFO  sudoku.model.SudokuBoard - Wartość 0 wstawiona nieprawidłowo
02:04:27.613 [main] INFO  sudoku.model.SudokuBoard - Bład w kwadracie 0
sudoku.model.SudokuBoard@6987a133[
  size=9
  solver=sudoku.model.BacktrackingSudokuSolver@50778bde
  board={{5,3,4,6,1,2,8,7,9},{6,7,8,9,3,4,2,5,1},{2,9,1,5,7,8,3,4,6},{3,8,7,4,6,9,5,1,2},{9,2,5,7,8,1,4,6,3},{1,4,6,2,5,3,9,8,7},{7,5,9,3,4,6,1,2,8},{4,6,3,1,9,0,0,0,0},{0,0,0,0,0,0,0,0,0}}
]
02:04:27.613 [main] INFO  sudoku.model.SudokuBoard - Wartość 0 wstawiona nieprawidłowo
02:04:27.614 [main] INFO  sudoku.model.SudokuBoard - Bład w kwadracie 0
sudoku.model.SudokuBoard@6987a133[
  size=9
  solver=sudoku.model.BacktrackingSudokuSolver@50778bde
  board={{5,3,4,6,1,2,8,7,9},{6,7,8,9,3,4,2,5,1},{2,9,1,5,7,8,3,4,6},{3,8,7,4,6,9,5,1,2},{9,2,5,7,8,1,4,6,3},{1,4,6,2,5,3,9,8,7},{7,5,9,3,4,6,1,2,8},{4,6,3,1,9,0,0,0,0},{0,0,0,0,0,0,0,0,0}}
]
02:04:27.614 [main] INFO  sudoku.model.SudokuBoard - Wartość 0 wstawiona nieprawidłowo
02:04:27.614 [main] INFO  sudoku.model.SudokuBoard - Bład w kwadracie 0
sudoku.model.SudokuBoard@6987a133[
  size=9
  solver=sudoku.model.BacktrackingSudokuSolver@50778bde
  board={{5,3,4,6,1,2,8,7,9},{6,7,8,9,3,4,2,5,1},{2,9,1,5,7,8,3,4,6},{3,8,7,4,6,9,5,1,2},{9,2,5,7,8,1,4,6,3},{1,4,6,2,5,3,9,8,7},{7,5,9,3,4,6,1,2,8},{4,6,3,1,0,0,0,0,0},{0,0,0,0,0,0,0,0,0}}
]
02:04:27.614 [main] INFO  sudoku.model.SudokuBoard - Wartość 0 wstawiona nieprawidłowo
02:04:27.614 [main] INFO  sudoku.model.SudokuBoard - Bład w kwadracie 0
sudoku.model.SudokuBoard@6987a133[
  size=9
  solver=sudoku.model.BacktrackingSudokuSolver@50778bde
  board={{5,3,4,6,1,2,8,7,9},{6,7,8,9,3,4,2,5,1},{2,9,1,5,7,8,3,4,6},{3,8,7,4,6,9,5,1,2},{9,2,5,7,8,1,4,6,3},{1,4,6,2,5,3,9,8,7},{7,5,9,3,4,6,1,2,8},{4,6,3,1,2,5,7,0,0},{0,0,0,0,0,0,0,0,0}}
]
02:04:27.614 [main] INFO  sudoku.model.SudokuBoard - Wartość 0 wstawiona nieprawidłowo
02:04:27.614 [main] INFO  sudoku.model.SudokuBoard - Bład w kwadracie 0
sudoku.model.SudokuBoard@6987a133[
  size=9
  solver=sudoku.model.BacktrackingSudokuSolver@50778bde
  board={{5,3,4,6,1,2,8,7,9},{6,7,8,9,3,4,2,5,1},{2,9,1,5,7,8,3,4,6},{3,8,7,4,6,9,5,1,2},{9,2,5,7,8,1,4,6,3},{1,4,6,2,5,3,9,8,7},{7,5,9,3,4,6,1,2,8},{4,6,3,1,2,5,0,0,0},{0,0,0,0,0,0,0,0,0}}
]
02:04:27.614 [main] INFO  sudoku.model.SudokuBoard - Wartość 0 wstawiona nieprawidłowo
02:04:27.614 [main] INFO  sudoku.model.SudokuBoard - Bład w kwadracie 0
sudoku.model.SudokuBoard@6987a133[
  size=9
  solver=sudoku.model.BacktrackingSudokuSolver@50778bde
  board={{5,3,4,6,1,2,8,7,9},{6,7,8,9,3,4,2,5,1},{2,9,1,5,7,8,3,4,6},{3,8,7,4,6,9,5,1,2},{9,2,5,7,8,1,4,6,3},{1,4,6,2,5,3,9,8,7},{7,5,9,3,4,6,1,2,8},{4,6,3,1,2,0,0,0,0},{0,0,0,0,0,0,0,0,0}}
]
02:04:27.614 [main] INFO  sudoku.model.SudokuBoard - Wartość 0 wstawiona nieprawidłowo
02:04:27.614 [main] INFO  sudoku.model.SudokuBoard - Bład w kwadracie 0
sudoku.model.SudokuBoard@6987a133[
  size=9
  solver=sudoku.model.BacktrackingSudokuSolver@50778bde
  board={{5,3,4,6,1,2,8,7,9},{6,7,8,9,3,4,2,5,1},{2,9,1,5,7,8,3,4,6},{3,8,7,4,6,9,5,1,2},{9,2,5,7,8,1,4,6,3},{1,4,6,2,5,3,9,8,7},{7,5,9,3,4,6,1,2,8},{4,6,3,1,2,0,0,0,0},{0,0,0,0,0,0,0,0,0}}
]
02:04:27.614 [main] INFO  sudoku.model.SudokuBoard - Wartość 0 wstawiona nieprawidłowo
02:04:27.614 [main] INFO  sudoku.model.SudokuBoard - Bład w kwadracie 0
sudoku.model.SudokuBoard@6987a133[
  size=9
  solver=sudoku.model.BacktrackingSudokuSolver@50778bde
  board={{5,3,4,6,1,2,8,7,9},{6,7,8,9,3,4,2,5,1},{2,9,1,5,7,8,3,4,6},{3,8,7,4,6,9,5,1,2},{9,2,5,7,8,1,4,6,3},{1,4,6,2,5,3,9,8,7},{7,5,9,3,4,6,1,2,8},{4,6,3,1,0,0,0,0,0},{0,0,0,0,0,0,0,0,0}}
]
02:04:27.614 [main] INFO  sudoku.model.SudokuBoard - Wartość 0 wstawiona nieprawidłowo
02:04:27.614 [main] INFO  sudoku.model.SudokuBoard - Bład w kwadracie 0
sudoku.model.SudokuBoard@6987a133[
  size=9
  solver=sudoku.model.BacktrackingSudokuSolver@50778bde
  board={{5,3,4,6,1,2,8,7,9},{6,7,8,9,3,4,2,5,1},{2,9,1,5,7,8,3,4,6},{3,8,7,4,6,9,5,1,2},{9,2,5,7,8,1,4,6,3},{1,4,6,2,5,3,9,8,7},{7,5,9,3,4,6,1,2,8},{4,6,3,0,0,0,0,0,0},{0,0,0,0,0,0,0,0,0}}
]
02:04:27.614 [main] INFO  sudoku.model.SudokuBoard - Wartość 0 wstawiona nieprawidłowo
02:04:27.615 [main] INFO  sudoku.model.SudokuBoard - Bład w kwadracie 0
sudoku.model.SudokuBoard@6987a133[
  size=9
  solver=sudoku.model.BacktrackingSudokuSolver@50778bde
  board={{5,3,4,6,1,2,8,7,9},{6,7,8,9,3,4,2,5,1},{2,9,1,5,7,8,3,4,6},{3,8,7,4,6,9,5,1,2},{9,2,5,7,8,1,4,6,3},{1,4,6,2,5,3,9,8,7},{7,5,9,3,4,6,1,2,8},{4,6,0,0,0,0,0,0,0},{0,0,0,0,0,0,0,0,0}}
]
02:04:27.615 [main] INFO  sudoku.model.SudokuBoard - Wartość 0 wstawiona nieprawidłowo
02:04:27.615 [main] INFO  sudoku.model.SudokuBoard - Bład w kwadracie 0
sudoku.model.SudokuBoard@6987a133[
  size=9
  solver=sudoku.model.BacktrackingSudokuSolver@50778bde
  board={{5,3,4,6,1,2,8,7,9},{6,7,8,9,3,4,2,5,1},{2,9,1,5,7,8,3,4,6},{3,8,7,4,6,9,5,1,2},{9,2,5,7,8,1,4,6,3},{1,4,6,2,5,3,9,8,7},{7,5,9,3,4,6,1,2,8},{4,0,0,0,0,0,0,0,0},{0,0,0,0,0,0,0,0,0}}
]
02:04:27.615 [main] INFO  sudoku.model.SudokuBoard - Wartość 0 wstawiona nieprawidłowo
Nie wykryto bledu]]></system-out>
  </testcase>
  <testcase name="checkBoardTestBoxFalse" classname="sudoku.model.SudokuBoardTest" time="0.019">
    <system-out><![CDATA[02:04:27.619 [main] INFO  sudoku.model.SudokuBoard - Bład w kwadracie 0
sudoku.model.SudokuBoard@8ac12e6[
  size=9
  solver=sudoku.model.BacktrackingSudokuSolver@40faff12
  board={{7,9,8,5,1,2,3,6,4},{1,2,6,4,7,3,5,8,9},{5,3,4,9,6,8,7,1,2},{6,7,2,8,3,4,9,5,1},{8,5,1,7,9,6,2,0,0},{0,0,0,0,0,0,0,0,0},{0,0,0,0,0,0,0,0,0},{0,0,0,0,0,0,0,0,0},{0,0,0,0,0,0,0,0,0}}
]
02:04:27.619 [main] INFO  sudoku.model.SudokuBoard - Wartość 0 wstawiona nieprawidłowo
02:04:27.620 [main] INFO  sudoku.model.SudokuBoard - Bład w kwadracie 0
sudoku.model.SudokuBoard@8ac12e6[
  size=9
  solver=sudoku.model.BacktrackingSudokuSolver@40faff12
  board={{7,9,8,5,1,2,3,6,4},{1,2,6,4,7,3,5,8,9},{5,3,4,9,6,8,7,1,2},{6,7,2,8,3,4,9,5,1},{8,5,1,7,9,6,2,4,3},{9,4,3,1,2,5,6,7,8},{4,6,9,2,8,0,0,0,0},{0,0,0,0,0,0,0,0,0},{0,0,0,0,0,0,0,0,0}}
]
02:04:27.620 [main] INFO  sudoku.model.SudokuBoard - Wartość 0 wstawiona nieprawidłowo
02:04:27.620 [main] INFO  sudoku.model.SudokuBoard - Bład w kwadracie 0
sudoku.model.SudokuBoard@8ac12e6[
  size=9
  solver=sudoku.model.BacktrackingSudokuSolver@40faff12
  board={{7,9,8,5,1,2,3,6,4},{1,2,6,4,7,3,5,8,9},{5,3,4,9,6,8,7,1,2},{6,7,2,8,3,4,9,5,1},{8,5,1,7,9,6,2,4,3},{9,4,3,1,2,5,6,7,8},{4,6,9,2,8,7,1,3,5},{2,1,5,3,4,9,0,0,0},{0,0,0,0,0,0,0,0,0}}
]
02:04:27.620 [main] INFO  sudoku.model.SudokuBoard - Wartość 0 wstawiona nieprawidłowo
02:04:27.620 [main] INFO  sudoku.model.SudokuBoard - Bład w kwadracie 0
sudoku.model.SudokuBoard@8ac12e6[
  size=9
  solver=sudoku.model.BacktrackingSudokuSolver@40faff12
  board={{7,9,8,5,1,2,3,6,4},{1,2,6,4,7,3,5,8,9},{5,3,4,9,6,8,7,1,2},{6,7,2,8,3,4,9,5,1},{8,5,1,7,9,6,2,4,3},{9,4,3,1,2,5,6,7,8},{4,6,9,2,8,7,1,3,5},{2,1,5,3,4,0,0,0,0},{0,0,0,0,0,0,0,0,0}}
]
02:04:27.620 [main] INFO  sudoku.model.SudokuBoard - Wartość 0 wstawiona nieprawidłowo
02:04:27.620 [main] INFO  sudoku.model.SudokuBoard - Bład w kwadracie 0
sudoku.model.SudokuBoard@8ac12e6[
  size=9
  solver=sudoku.model.BacktrackingSudokuSolver@40faff12
  board={{7,9,8,5,1,2,3,6,4},{1,2,6,4,7,3,5,8,9},{5,3,4,9,6,8,7,1,2},{6,7,2,8,3,4,9,5,1},{8,5,1,7,9,6,2,4,3},{9,4,3,1,2,5,6,7,8},{4,6,9,2,8,7,1,3,5},{2,1,5,3,0,0,0,0,0},{0,0,0,0,0,0,0,0,0}}
]
02:04:27.620 [main] INFO  sudoku.model.SudokuBoard - Wartość 0 wstawiona nieprawidłowo
02:04:27.620 [main] INFO  sudoku.model.SudokuBoard - Bład w kwadracie 0
sudoku.model.SudokuBoard@8ac12e6[
  size=9
  solver=sudoku.model.BacktrackingSudokuSolver@40faff12
  board={{7,9,8,5,1,2,3,6,4},{1,2,6,4,7,3,5,8,9},{5,3,4,9,6,8,7,1,2},{6,7,2,8,3,4,9,5,1},{8,5,1,7,9,6,2,4,3},{9,4,3,1,2,5,6,7,8},{4,6,9,2,8,7,1,3,5},{2,1,5,0,0,0,0,0,0},{0,0,0,0,0,0,0,0,0}}
]
02:04:27.620 [main] INFO  sudoku.model.SudokuBoard - Wartość 0 wstawiona nieprawidłowo
02:04:27.621 [main] INFO  sudoku.model.SudokuBoard - Bład w kwadracie 0
sudoku.model.SudokuBoard@8ac12e6[
  size=9
  solver=sudoku.model.BacktrackingSudokuSolver@40faff12
  board={{7,9,8,5,1,2,3,6,4},{1,2,6,4,7,3,5,8,9},{5,3,4,9,6,8,7,1,2},{6,7,2,8,3,4,9,5,1},{8,5,1,7,9,6,2,4,3},{9,4,3,1,2,5,6,7,8},{4,6,9,2,8,7,1,3,5},{2,1,5,6,4,9,0,0,0},{0,0,0,0,0,0,0,0,0}}
]
02:04:27.621 [main] INFO  sudoku.model.SudokuBoard - Wartość 0 wstawiona nieprawidłowo
02:04:27.621 [main] INFO  sudoku.model.SudokuBoard - Bład w kwadracie 0
sudoku.model.SudokuBoard@8ac12e6[
  size=9
  solver=sudoku.model.BacktrackingSudokuSolver@40faff12
  board={{7,9,8,5,1,2,3,6,4},{1,2,6,4,7,3,5,8,9},{5,3,4,9,6,8,7,1,2},{6,7,2,8,3,4,9,5,1},{8,5,1,7,9,6,2,4,3},{9,4,3,1,2,5,6,7,8},{4,6,9,2,8,7,1,3,5},{2,1,5,6,4,0,0,0,0},{0,0,0,0,0,0,0,0,0}}
]
02:04:27.621 [main] INFO  sudoku.model.SudokuBoard - Wartość 0 wstawiona nieprawidłowo
02:04:27.621 [main] INFO  sudoku.model.SudokuBoard - Bład w kwadracie 0
sudoku.model.SudokuBoard@8ac12e6[
  size=9
  solver=sudoku.model.BacktrackingSudokuSolver@40faff12
  board={{7,9,8,5,1,2,3,6,4},{1,2,6,4,7,3,5,8,9},{5,3,4,9,6,8,7,1,2},{6,7,2,8,3,4,9,5,1},{8,5,1,7,9,6,2,4,3},{9,4,3,1,2,5,6,7,8},{4,6,9,2,8,7,1,3,5},{2,1,5,6,0,0,0,0,0},{0,0,0,0,0,0,0,0,0}}
]
02:04:27.621 [main] INFO  sudoku.model.SudokuBoard - Wartość 0 wstawiona nieprawidłowo
02:04:27.621 [main] INFO  sudoku.model.SudokuBoard - Bład w kwadracie 0
sudoku.model.SudokuBoard@8ac12e6[
  size=9
  solver=sudoku.model.BacktrackingSudokuSolver@40faff12
  board={{7,9,8,5,1,2,3,6,4},{1,2,6,4,7,3,5,8,9},{5,3,4,9,6,8,7,1,2},{6,7,2,8,3,4,9,5,1},{8,5,1,7,9,6,2,4,3},{9,4,3,1,2,5,6,7,8},{4,6,9,2,8,7,1,3,5},{2,1,5,0,0,0,0,0,0},{0,0,0,0,0,0,0,0,0}}
]
02:04:27.621 [main] INFO  sudoku.model.SudokuBoard - Wartość 0 wstawiona nieprawidłowo
02:04:27.621 [main] INFO  sudoku.model.SudokuBoard - Bład w kwadracie 0
sudoku.model.SudokuBoard@8ac12e6[
  size=9
  solver=sudoku.model.BacktrackingSudokuSolver@40faff12
  board={{7,9,8,5,1,2,3,6,4},{1,2,6,4,7,3,5,8,9},{5,3,4,9,6,8,7,1,2},{6,7,2,8,3,4,9,5,1},{8,5,1,7,9,6,2,4,3},{9,4,3,1,2,5,6,7,8},{4,6,9,2,8,7,1,3,5},{2,1,0,0,0,0,0,0,0},{0,0,0,0,0,0,0,0,0}}
]
02:04:27.621 [main] INFO  sudoku.model.SudokuBoard - Wartość 0 wstawiona nieprawidłowo
02:04:27.621 [main] INFO  sudoku.model.SudokuBoard - Bład w kwadracie 0
sudoku.model.SudokuBoard@8ac12e6[
  size=9
  solver=sudoku.model.BacktrackingSudokuSolver@40faff12
  board={{7,9,8,5,1,2,3,6,4},{1,2,6,4,7,3,5,8,9},{5,3,4,9,6,8,7,1,2},{6,7,2,8,3,4,9,5,1},{8,5,1,7,9,6,2,4,3},{9,4,3,1,2,5,6,7,8},{4,6,9,2,8,7,1,3,5},{2,1,7,3,4,9,0,0,0},{0,0,0,0,0,0,0,0,0}}
]
02:04:27.621 [main] INFO  sudoku.model.SudokuBoard - Wartość 0 wstawiona nieprawidłowo
02:04:27.622 [main] INFO  sudoku.model.SudokuBoard - Bład w kwadracie 0
sudoku.model.SudokuBoard@8ac12e6[
  size=9
  solver=sudoku.model.BacktrackingSudokuSolver@40faff12
  board={{7,9,8,5,1,2,3,6,4},{1,2,6,4,7,3,5,8,9},{5,3,4,9,6,8,7,1,2},{6,7,2,8,3,4,9,5,1},{8,5,1,7,9,6,2,4,3},{9,4,3,1,2,5,6,7,8},{4,6,9,2,8,7,1,3,5},{2,1,7,3,4,0,0,0,0},{0,0,0,0,0,0,0,0,0}}
]
02:04:27.622 [main] INFO  sudoku.model.SudokuBoard - Wartość 0 wstawiona nieprawidłowo
02:04:27.622 [main] INFO  sudoku.model.SudokuBoard - Bład w kwadracie 0
sudoku.model.SudokuBoard@8ac12e6[
  size=9
  solver=sudoku.model.BacktrackingSudokuSolver@40faff12
  board={{7,9,8,5,1,2,3,6,4},{1,2,6,4,7,3,5,8,9},{5,3,4,9,6,8,7,1,2},{6,7,2,8,3,4,9,5,1},{8,5,1,7,9,6,2,4,3},{9,4,3,1,2,5,6,7,8},{4,6,9,2,8,7,1,3,5},{2,1,7,3,0,0,0,0,0},{0,0,0,0,0,0,0,0,0}}
]
02:04:27.622 [main] INFO  sudoku.model.SudokuBoard - Wartość 0 wstawiona nieprawidłowo
02:04:27.622 [main] INFO  sudoku.model.SudokuBoard - Bład w kwadracie 0
sudoku.model.SudokuBoard@8ac12e6[
  size=9
  solver=sudoku.model.BacktrackingSudokuSolver@40faff12
  board={{7,9,8,5,1,2,3,6,4},{1,2,6,4,7,3,5,8,9},{5,3,4,9,6,8,7,1,2},{6,7,2,8,3,4,9,5,1},{8,5,1,7,9,6,2,4,3},{9,4,3,1,2,5,6,7,8},{4,6,9,2,8,7,1,3,5},{2,1,7,3,5,9,0,0,0},{0,0,0,0,0,0,0,0,0}}
]
02:04:27.622 [main] INFO  sudoku.model.SudokuBoard - Wartość 0 wstawiona nieprawidłowo
02:04:27.622 [main] INFO  sudoku.model.SudokuBoard - Bład w kwadracie 0
sudoku.model.SudokuBoard@8ac12e6[
  size=9
  solver=sudoku.model.BacktrackingSudokuSolver@40faff12
  board={{7,9,8,5,1,2,3,6,4},{1,2,6,4,7,3,5,8,9},{5,3,4,9,6,8,7,1,2},{6,7,2,8,3,4,9,5,1},{8,5,1,7,9,6,2,4,3},{9,4,3,1,2,5,6,7,8},{4,6,9,2,8,7,1,3,5},{2,1,7,3,5,9,0,0,0},{0,0,0,0,0,0,0,0,0}}
]
02:04:27.622 [main] INFO  sudoku.model.SudokuBoard - Wartość 0 wstawiona nieprawidłowo
02:04:27.622 [main] INFO  sudoku.model.SudokuBoard - Bład w kwadracie 0
sudoku.model.SudokuBoard@8ac12e6[
  size=9
  solver=sudoku.model.BacktrackingSudokuSolver@40faff12
  board={{7,9,8,5,1,2,3,6,4},{1,2,6,4,7,3,5,8,9},{5,3,4,9,6,8,7,1,2},{6,7,2,8,3,4,9,5,1},{8,5,1,7,9,6,2,4,3},{9,4,3,1,2,5,6,7,8},{4,6,9,2,8,7,1,3,5},{2,1,7,3,5,0,0,0,0},{0,0,0,0,0,0,0,0,0}}
]
02:04:27.622 [main] INFO  sudoku.model.SudokuBoard - Wartość 0 wstawiona nieprawidłowo
02:04:27.622 [main] INFO  sudoku.model.SudokuBoard - Bład w kwadracie 0
sudoku.model.SudokuBoard@8ac12e6[
  size=9
  solver=sudoku.model.BacktrackingSudokuSolver@40faff12
  board={{7,9,8,5,1,2,3,6,4},{1,2,6,4,7,3,5,8,9},{5,3,4,9,6,8,7,1,2},{6,7,2,8,3,4,9,5,1},{8,5,1,7,9,6,2,4,3},{9,4,3,1,2,5,6,7,8},{4,6,9,2,8,7,1,3,5},{2,1,7,3,0,0,0,0,0},{0,0,0,0,0,0,0,0,0}}
]
02:04:27.622 [main] INFO  sudoku.model.SudokuBoard - Wartość 0 wstawiona nieprawidłowo
02:04:27.622 [main] INFO  sudoku.model.SudokuBoard - Bład w kwadracie 0
sudoku.model.SudokuBoard@8ac12e6[
  size=9
  solver=sudoku.model.BacktrackingSudokuSolver@40faff12
  board={{7,9,8,5,1,2,3,6,4},{1,2,6,4,7,3,5,8,9},{5,3,4,9,6,8,7,1,2},{6,7,2,8,3,4,9,5,1},{8,5,1,7,9,6,2,4,3},{9,4,3,1,2,5,6,7,8},{4,6,9,2,8,7,1,3,5},{2,1,7,0,0,0,0,0,0},{0,0,0,0,0,0,0,0,0}}
]
02:04:27.622 [main] INFO  sudoku.model.SudokuBoard - Wartość 0 wstawiona nieprawidłowo
02:04:27.623 [main] INFO  sudoku.model.SudokuBoard - Bład w kwadracie 0
sudoku.model.SudokuBoard@8ac12e6[
  size=9
  solver=sudoku.model.BacktrackingSudokuSolver@40faff12
  board={{7,9,8,5,1,2,3,6,4},{1,2,6,4,7,3,5,8,9},{5,3,4,9,6,8,7,1,2},{6,7,2,8,3,4,9,5,1},{8,5,1,7,9,6,2,4,3},{9,4,3,1,2,5,6,7,8},{4,6,9,2,8,7,1,3,5},{2,1,7,6,4,9,0,0,0},{0,0,0,0,0,0,0,0,0}}
]
02:04:27.623 [main] INFO  sudoku.model.SudokuBoard - Wartość 0 wstawiona nieprawidłowo
02:04:27.623 [main] INFO  sudoku.model.SudokuBoard - Bład w kwadracie 0
sudoku.model.SudokuBoard@8ac12e6[
  size=9
  solver=sudoku.model.BacktrackingSudokuSolver@40faff12
  board={{7,9,8,5,1,2,3,6,4},{1,2,6,4,7,3,5,8,9},{5,3,4,9,6,8,7,1,2},{6,7,2,8,3,4,9,5,1},{8,5,1,7,9,6,2,4,3},{9,4,3,1,2,5,6,7,8},{4,6,9,2,8,7,1,3,5},{2,1,7,6,4,0,0,0,0},{0,0,0,0,0,0,0,0,0}}
]
02:04:27.623 [main] INFO  sudoku.model.SudokuBoard - Wartość 0 wstawiona nieprawidłowo
02:04:27.623 [main] INFO  sudoku.model.SudokuBoard - Bład w kwadracie 0
sudoku.model.SudokuBoard@8ac12e6[
  size=9
  solver=sudoku.model.BacktrackingSudokuSolver@40faff12
  board={{7,9,8,5,1,2,3,6,4},{1,2,6,4,7,3,5,8,9},{5,3,4,9,6,8,7,1,2},{6,7,2,8,3,4,9,5,1},{8,5,1,7,9,6,2,4,3},{9,4,3,1,2,5,6,7,8},{4,6,9,2,8,7,1,3,5},{2,1,7,6,0,0,0,0,0},{0,0,0,0,0,0,0,0,0}}
]
02:04:27.623 [main] INFO  sudoku.model.SudokuBoard - Wartość 0 wstawiona nieprawidłowo
02:04:27.623 [main] INFO  sudoku.model.SudokuBoard - Bład w kwadracie 0
sudoku.model.SudokuBoard@8ac12e6[
  size=9
  solver=sudoku.model.BacktrackingSudokuSolver@40faff12
  board={{7,9,8,5,1,2,3,6,4},{1,2,6,4,7,3,5,8,9},{5,3,4,9,6,8,7,1,2},{6,7,2,8,3,4,9,5,1},{8,5,1,7,9,6,2,4,3},{9,4,3,1,2,5,6,7,8},{4,6,9,2,8,7,1,3,5},{2,1,7,6,5,9,0,0,0},{0,0,0,0,0,0,0,0,0}}
]
02:04:27.623 [main] INFO  sudoku.model.SudokuBoard - Wartość 0 wstawiona nieprawidłowo
02:04:27.623 [main] INFO  sudoku.model.SudokuBoard - Bład w kwadracie 0
sudoku.model.SudokuBoard@8ac12e6[
  size=9
  solver=sudoku.model.BacktrackingSudokuSolver@40faff12
  board={{7,9,8,5,1,2,3,6,4},{1,2,6,4,7,3,5,8,9},{5,3,4,9,6,8,7,1,2},{6,7,2,8,3,4,9,5,1},{8,5,1,7,9,6,2,4,3},{9,4,3,1,2,5,6,7,8},{4,6,9,2,8,7,1,3,5},{2,1,7,6,5,9,0,0,0},{0,0,0,0,0,0,0,0,0}}
]
02:04:27.623 [main] INFO  sudoku.model.SudokuBoard - Wartość 0 wstawiona nieprawidłowo
02:04:27.624 [main] INFO  sudoku.model.SudokuBoard - Bład w kwadracie 0
sudoku.model.SudokuBoard@8ac12e6[
  size=9
  solver=sudoku.model.BacktrackingSudokuSolver@40faff12
  board={{7,9,8,5,1,2,3,6,4},{1,2,6,4,7,3,5,8,9},{5,3,4,9,6,8,7,1,2},{6,7,2,8,3,4,9,5,1},{8,5,1,7,9,6,2,4,3},{9,4,3,1,2,5,6,7,8},{4,6,9,2,8,7,1,3,5},{2,1,7,6,5,0,0,0,0},{0,0,0,0,0,0,0,0,0}}
]
02:04:27.624 [main] INFO  sudoku.model.SudokuBoard - Wartość 0 wstawiona nieprawidłowo
02:04:27.631 [main] INFO  sudoku.model.SudokuBoard - Bład w kwadracie 0
sudoku.model.SudokuBoard@8ac12e6[
  size=9
  solver=sudoku.model.BacktrackingSudokuSolver@40faff12
  board={{7,9,8,5,1,2,3,6,4},{1,2,6,4,7,3,5,8,9},{5,3,4,9,6,8,7,1,2},{6,7,2,8,3,4,9,5,1},{8,5,1,7,9,6,2,4,3},{9,4,3,1,2,5,6,7,8},{4,6,9,2,8,7,1,3,5},{2,1,7,6,0,0,0,0,0},{0,0,0,0,0,0,0,0,0}}
]
02:04:27.632 [main] INFO  sudoku.model.SudokuBoard - Wartość 0 wstawiona nieprawidłowo
02:04:27.633 [main] INFO  sudoku.model.SudokuBoard - Bład w kwadracie 0
sudoku.model.SudokuBoard@8ac12e6[
  size=9
  solver=sudoku.model.BacktrackingSudokuSolver@40faff12
  board={{7,9,8,5,1,2,3,6,4},{1,2,6,4,7,3,5,8,9},{5,3,4,9,6,8,7,1,2},{6,7,2,8,3,4,9,5,1},{8,5,1,7,9,6,2,4,3},{9,4,3,1,2,5,6,7,8},{4,6,9,2,8,7,1,3,5},{2,1,7,0,0,0,0,0,0},{0,0,0,0,0,0,0,0,0}}
]
02:04:27.633 [main] INFO  sudoku.model.SudokuBoard - Wartość 0 wstawiona nieprawidłowo
02:04:27.633 [main] INFO  sudoku.model.SudokuBoard - Bład w kwadracie 0
sudoku.model.SudokuBoard@8ac12e6[
  size=9
  solver=sudoku.model.BacktrackingSudokuSolver@40faff12
  board={{7,9,8,5,1,2,3,6,4},{1,2,6,4,7,3,5,8,9},{5,3,4,9,6,8,7,1,2},{6,7,2,8,3,4,9,5,1},{8,5,1,7,9,6,2,4,3},{9,4,3,1,2,5,6,7,8},{4,6,9,2,8,7,1,3,5},{2,1,0,0,0,0,0,0,0},{0,0,0,0,0,0,0,0,0}}
]
02:04:27.633 [main] INFO  sudoku.model.SudokuBoard - Wartość 0 wstawiona nieprawidłowo
02:04:27.633 [main] INFO  sudoku.model.SudokuBoard - Bład w kwadracie 0
sudoku.model.SudokuBoard@8ac12e6[
  size=9
  solver=sudoku.model.BacktrackingSudokuSolver@40faff12
  board={{7,9,8,5,1,2,3,6,4},{1,2,6,4,7,3,5,8,9},{5,3,4,9,6,8,7,1,2},{6,7,2,8,3,4,9,5,1},{8,5,1,7,9,6,2,4,3},{9,4,3,1,2,5,6,7,8},{4,6,9,2,8,7,1,3,5},{2,0,0,0,0,0,0,0,0},{0,0,0,0,0,0,0,0,0}}
]
02:04:27.633 [main] INFO  sudoku.model.SudokuBoard - Wartość 0 wstawiona nieprawidłowo
02:04:27.633 [main] INFO  sudoku.model.SudokuBoard - Bład w kwadracie 0
sudoku.model.SudokuBoard@8ac12e6[
  size=9
  solver=sudoku.model.BacktrackingSudokuSolver@40faff12
  board={{7,9,8,5,1,2,3,6,4},{1,2,6,4,7,3,5,8,9},{5,3,4,9,6,8,7,1,2},{6,7,2,8,3,4,9,5,1},{8,5,1,7,9,6,2,4,3},{9,4,3,1,2,5,6,7,8},{4,6,9,2,8,7,1,3,5},{2,8,7,6,4,0,0,0,0},{0,0,0,0,0,0,0,0,0}}
]
02:04:27.633 [main] INFO  sudoku.model.SudokuBoard - Wartość 0 wstawiona nieprawidłowo
02:04:27.633 [main] INFO  sudoku.model.SudokuBoard - Bład w kwadracie 0
sudoku.model.SudokuBoard@8ac12e6[
  size=9
  solver=sudoku.model.BacktrackingSudokuSolver@40faff12
  board={{7,9,8,5,1,2,3,6,4},{1,2,6,4,7,3,5,8,9},{5,3,4,9,6,8,7,1,2},{6,7,2,8,3,4,9,5,1},{8,5,1,7,9,6,2,4,3},{9,4,3,1,2,5,6,7,8},{4,6,9,2,8,7,1,3,5},{2,8,7,6,4,0,0,0,0},{0,0,0,0,0,0,0,0,0}}
]
02:04:27.633 [main] INFO  sudoku.model.SudokuBoard - Wartość 0 wstawiona nieprawidłowo
02:04:27.633 [main] INFO  sudoku.model.SudokuBoard - Bład w kwadracie 0
sudoku.model.SudokuBoard@8ac12e6[
  size=9
  solver=sudoku.model.BacktrackingSudokuSolver@40faff12
  board={{7,9,8,5,1,2,3,6,4},{1,2,6,4,7,3,5,8,9},{5,3,4,9,6,8,7,1,2},{6,7,2,8,3,4,9,5,1},{8,5,1,7,9,6,2,4,3},{9,4,3,1,2,5,6,7,8},{4,6,9,2,8,7,1,3,5},{2,8,7,6,0,0,0,0,0},{0,0,0,0,0,0,0,0,0}}
]
02:04:27.633 [main] INFO  sudoku.model.SudokuBoard - Wartość 0 wstawiona nieprawidłowo
02:04:27.633 [main] INFO  sudoku.model.SudokuBoard - Bład w kwadracie 0
sudoku.model.SudokuBoard@8ac12e6[
  size=9
  solver=sudoku.model.BacktrackingSudokuSolver@40faff12
  board={{7,9,8,5,1,2,3,6,4},{1,2,6,4,7,3,5,8,9},{5,3,4,9,6,8,7,1,2},{6,7,2,8,3,4,9,5,1},{8,5,1,7,9,6,2,4,3},{9,4,3,1,2,5,6,7,8},{4,6,9,2,8,7,1,3,5},{2,8,7,6,5,9,0,0,0},{0,0,0,0,0,0,0,0,0}}
]
02:04:27.633 [main] INFO  sudoku.model.SudokuBoard - Wartość 0 wstawiona nieprawidłowo
02:04:27.633 [main] INFO  sudoku.model.SudokuBoard - Bład w kwadracie 0
sudoku.model.SudokuBoard@8ac12e6[
  size=9
  solver=sudoku.model.BacktrackingSudokuSolver@40faff12
  board={{7,9,8,5,1,2,3,6,4},{1,2,6,4,7,3,5,8,9},{5,3,4,9,6,8,7,1,2},{6,7,2,8,3,4,9,5,1},{8,5,1,7,9,6,2,4,3},{9,4,3,1,2,5,6,7,8},{4,6,9,2,8,7,1,3,5},{2,8,7,6,5,0,0,0,0},{0,0,0,0,0,0,0,0,0}}
]
02:04:27.633 [main] INFO  sudoku.model.SudokuBoard - Wartość 0 wstawiona nieprawidłowo
02:04:27.633 [main] INFO  sudoku.model.SudokuBoard - Bład w kwadracie 0
sudoku.model.SudokuBoard@8ac12e6[
  size=9
  solver=sudoku.model.BacktrackingSudokuSolver@40faff12
  board={{7,9,8,5,1,2,3,6,4},{1,2,6,4,7,3,5,8,9},{5,3,4,9,6,8,7,1,2},{6,7,2,8,3,4,9,5,1},{8,5,1,7,9,6,2,4,3},{9,4,3,1,2,5,6,7,8},{4,6,9,2,8,7,1,3,5},{2,8,7,6,5,1,4,0,0},{0,0,0,0,0,0,0,0,0}}
]
02:04:27.634 [main] INFO  sudoku.model.SudokuBoard - Wartość 0 wstawiona nieprawidłowo
02:04:27.634 [main] INFO  sudoku.model.SudokuBoard - Bład w kwadracie 0
sudoku.model.SudokuBoard@8ac12e6[
  size=9
  solver=sudoku.model.BacktrackingSudokuSolver@40faff12
  board={{7,9,8,5,1,2,3,6,4},{1,2,6,4,7,3,5,8,9},{5,3,4,9,6,8,7,1,2},{6,7,2,8,3,4,9,5,1},{8,5,1,7,9,6,2,4,3},{9,4,3,1,2,5,6,7,8},{4,6,9,2,8,7,1,3,5},{2,8,7,6,5,1,0,0,0},{0,0,0,0,0,0,0,0,0}}
]
02:04:27.634 [main] INFO  sudoku.model.SudokuBoard - Wartość 0 wstawiona nieprawidłowo
02:04:27.634 [main] INFO  sudoku.model.SudokuBoard - Bład w kwadracie 0
sudoku.model.SudokuBoard@8ac12e6[
  size=9
  solver=sudoku.model.BacktrackingSudokuSolver@40faff12
  board={{7,9,8,5,1,2,3,6,4},{1,2,6,4,7,3,5,8,9},{5,3,4,9,6,8,7,1,2},{6,7,2,8,3,4,9,5,1},{8,5,1,7,9,6,2,4,3},{9,4,3,1,2,5,6,7,8},{4,6,9,2,8,7,1,3,5},{2,8,7,6,5,0,0,0,0},{0,0,0,0,0,0,0,0,0}}
]
02:04:27.634 [main] INFO  sudoku.model.SudokuBoard - Wartość 0 wstawiona nieprawidłowo
02:04:27.634 [main] INFO  sudoku.model.SudokuBoard - Bład w kwadracie 0
sudoku.model.SudokuBoard@8ac12e6[
  size=9
  solver=sudoku.model.BacktrackingSudokuSolver@40faff12
  board={{7,9,8,5,1,2,3,6,4},{1,2,6,4,7,3,5,8,9},{5,3,4,9,6,8,7,1,2},{6,7,2,8,3,4,9,5,1},{8,5,1,7,9,6,2,4,3},{9,4,3,1,2,5,6,7,8},{4,6,9,2,8,7,1,3,5},{2,8,7,6,0,0,0,0,0},{0,0,0,0,0,0,0,0,0}}
]
02:04:27.634 [main] INFO  sudoku.model.SudokuBoard - Wartość 0 wstawiona nieprawidłowo
02:04:27.634 [main] INFO  sudoku.model.SudokuBoard - Bład w kwadracie 0
sudoku.model.SudokuBoard@8ac12e6[
  size=9
  solver=sudoku.model.BacktrackingSudokuSolver@40faff12
  board={{7,9,8,5,1,2,3,6,4},{1,2,6,4,7,3,5,8,9},{5,3,4,9,6,8,7,1,2},{6,7,2,8,3,4,9,5,1},{8,5,1,7,9,6,2,4,3},{9,4,3,1,2,5,6,7,8},{4,6,9,2,8,7,1,3,5},{2,8,7,0,0,0,0,0,0},{0,0,0,0,0,0,0,0,0}}
]
02:04:27.634 [main] INFO  sudoku.model.SudokuBoard - Wartość 0 wstawiona nieprawidłowo
02:04:27.634 [main] INFO  sudoku.model.SudokuBoard - Bład w kwadracie 0
sudoku.model.SudokuBoard@8ac12e6[
  size=9
  solver=sudoku.model.BacktrackingSudokuSolver@40faff12
  board={{7,9,8,5,1,2,3,6,4},{1,2,6,4,7,3,5,8,9},{5,3,4,9,6,8,7,1,2},{6,7,2,8,3,4,9,5,1},{8,5,1,7,9,6,2,4,3},{9,4,3,1,2,5,6,7,8},{4,6,9,2,8,7,1,3,5},{2,8,7,3,4,0,0,0,0},{0,0,0,0,0,0,0,0,0}}
]
02:04:27.634 [main] INFO  sudoku.model.SudokuBoard - Wartość 0 wstawiona nieprawidłowo
02:04:27.634 [main] INFO  sudoku.model.SudokuBoard - Bład w kwadracie 0
sudoku.model.SudokuBoard@8ac12e6[
  size=9
  solver=sudoku.model.BacktrackingSudokuSolver@40faff12
  board={{7,9,8,5,1,2,3,6,4},{1,2,6,4,7,3,5,8,9},{5,3,4,9,6,8,7,1,2},{6,7,2,8,3,4,9,5,1},{8,5,1,7,9,6,2,4,3},{9,4,3,1,2,5,6,7,8},{4,6,9,2,8,7,1,3,5},{2,8,7,3,4,0,0,0,0},{0,0,0,0,0,0,0,0,0}}
]
02:04:27.634 [main] INFO  sudoku.model.SudokuBoard - Wartość 0 wstawiona nieprawidłowo
02:04:27.634 [main] INFO  sudoku.model.SudokuBoard - Bład w kwadracie 0
sudoku.model.SudokuBoard@8ac12e6[
  size=9
  solver=sudoku.model.BacktrackingSudokuSolver@40faff12
  board={{7,9,8,5,1,2,3,6,4},{1,2,6,4,7,3,5,8,9},{5,3,4,9,6,8,7,1,2},{6,7,2,8,3,4,9,5,1},{8,5,1,7,9,6,2,4,3},{9,4,3,1,2,5,6,7,8},{4,6,9,2,8,7,1,3,5},{2,8,7,3,0,0,0,0,0},{0,0,0,0,0,0,0,0,0}}
]
02:04:27.634 [main] INFO  sudoku.model.SudokuBoard - Wartość 0 wstawiona nieprawidłowo
02:04:27.634 [main] INFO  sudoku.model.SudokuBoard - Bład w kwadracie 0
sudoku.model.SudokuBoard@8ac12e6[
  size=9
  solver=sudoku.model.BacktrackingSudokuSolver@40faff12
  board={{7,9,8,5,1,2,3,6,4},{1,2,6,4,7,3,5,8,9},{5,3,4,9,6,8,7,1,2},{6,7,2,8,3,4,9,5,1},{8,5,1,7,9,6,2,4,3},{9,4,3,1,2,5,6,7,8},{4,6,9,2,8,7,1,3,5},{2,8,7,3,5,9,0,0,0},{0,0,0,0,0,0,0,0,0}}
]
02:04:27.635 [main] INFO  sudoku.model.SudokuBoard - Wartość 0 wstawiona nieprawidłowo
02:04:27.635 [main] INFO  sudoku.model.SudokuBoard - Bład w kwadracie 0
sudoku.model.SudokuBoard@8ac12e6[
  size=9
  solver=sudoku.model.BacktrackingSudokuSolver@40faff12
  board={{7,9,8,5,1,2,3,6,4},{1,2,6,4,7,3,5,8,9},{5,3,4,9,6,8,7,1,2},{6,7,2,8,3,4,9,5,1},{8,5,1,7,9,6,2,4,3},{9,4,3,1,2,5,6,7,8},{4,6,9,2,8,7,1,3,5},{2,8,7,3,5,0,0,0,0},{0,0,0,0,0,0,0,0,0}}
]
02:04:27.635 [main] INFO  sudoku.model.SudokuBoard - Wartość 0 wstawiona nieprawidłowo
02:04:27.635 [main] INFO  sudoku.model.SudokuBoard - Bład w kwadracie 0
sudoku.model.SudokuBoard@8ac12e6[
  size=9
  solver=sudoku.model.BacktrackingSudokuSolver@40faff12
  board={{7,9,8,5,1,2,3,6,4},{1,7,6,4,7,3,5,8,9},{5,3,4,9,6,8,7,1,2},{6,7,2,8,3,4,9,5,1},{8,5,1,7,9,6,2,4,3},{9,4,3,1,2,5,6,7,8},{4,6,9,2,8,7,1,3,5},{2,8,7,3,5,1,4,9,6},{3,1,5,6,4,9,8,2,7}}
]
02:04:27.635 [main] INFO  sudoku.model.SudokuBoard - Wartość 7 wstawiona nieprawidłowo
02:04:27.635 [main] INFO  sudoku.model.SudokuBoard - Bład w kwadracie 0
sudoku.model.SudokuBoard@61d2f267[
  size=9
  solver=sudoku.model.BacktrackingSudokuSolver@40faff12
  board={{7,9,8,5,1,2,3,6,4},{1,7,6,4,7,3,5,8,9},{5,3,4,9,6,8,7,1,2},{6,7,2,8,3,4,9,5,1},{8,5,1,7,9,6,2,4,3},{9,4,3,1,2,5,6,7,8},{4,6,9,2,8,7,1,3,5},{2,8,7,3,5,1,4,9,6},{3,1,5,6,4,9,8,2,7}}
]
]]></system-out>
  </testcase>
  <testcase name="checkCellBox1" classname="sudoku.model.SudokuBoardTest" time="0.008">
    <system-out><![CDATA[02:04:27.638 [main] INFO  sudoku.model.SudokuBoard - Bład w kwadracie 0
sudoku.model.SudokuBoard@85ab964[
  size=9
  solver=sudoku.model.BacktrackingSudokuSolver@6481dce5
  board={{6,1,2,7,8,3,4,5,9},{5,7,9,1,4,6,8,2,3},{3,8,4,2,5,9,1,6,7},{9,2,1,4,7,8,0,0,0},{0,0,0,0,0,0,0,0,0},{0,0,0,0,0,0,0,0,0},{0,0,0,0,0,0,0,0,0},{0,0,0,0,0,0,0,0,0},{0,0,0,0,0,0,0,0,0}}
]
02:04:27.638 [main] INFO  sudoku.model.SudokuBoard - Wartość 0 wstawiona nieprawidłowo
02:04:27.639 [main] INFO  sudoku.model.SudokuBoard - Bład w kwadracie 0
sudoku.model.SudokuBoard@85ab964[
  size=9
  solver=sudoku.model.BacktrackingSudokuSolver@6481dce5
  board={{6,1,2,7,8,3,4,5,9},{5,7,9,1,4,6,8,2,3},{3,8,4,2,5,9,1,6,7},{9,2,1,4,7,8,5,3,6},{4,6,3,9,1,5,7,8,2},{7,5,8,3,0,0,0,0,0},{0,0,0,0,0,0,0,0,0},{0,0,0,0,0,0,0,0,0},{0,0,0,0,0,0,0,0,0}}
]
02:04:27.639 [main] INFO  sudoku.model.SudokuBoard - Wartość 0 wstawiona nieprawidłowo
02:04:27.639 [main] INFO  sudoku.model.SudokuBoard - Bład w kwadracie 0
sudoku.model.SudokuBoard@85ab964[
  size=9
  solver=sudoku.model.BacktrackingSudokuSolver@6481dce5
  board={{6,1,2,7,8,3,4,5,9},{5,7,9,1,4,6,8,2,3},{3,8,4,2,5,9,1,6,7},{9,2,1,4,7,8,5,3,6},{4,6,3,9,1,5,7,8,2},{7,5,8,3,6,2,9,4,1},{8,3,5,6,9,1,2,7,4},{1,9,6,5,2,4,0,0,0},{0,0,0,0,0,0,0,0,0}}
]
02:04:27.639 [main] INFO  sudoku.model.SudokuBoard - Wartość 0 wstawiona nieprawidłowo
02:04:27.639 [main] INFO  sudoku.model.SudokuBoard - Bład w kwadracie 0
sudoku.model.SudokuBoard@85ab964[
  size=9
  solver=sudoku.model.BacktrackingSudokuSolver@6481dce5
  board={{6,1,2,7,8,3,4,5,9},{5,7,9,1,4,6,8,2,3},{3,8,4,2,5,9,1,6,7},{9,2,1,4,7,8,5,3,6},{4,6,3,9,1,5,7,8,2},{7,5,8,3,6,2,9,4,1},{8,3,5,6,9,1,2,7,4},{1,9,6,5,2,0,0,0,0},{0,0,0,0,0,0,0,0,0}}
]
02:04:27.639 [main] INFO  sudoku.model.SudokuBoard - Wartość 0 wstawiona nieprawidłowo
02:04:27.639 [main] INFO  sudoku.model.SudokuBoard - Bład w kwadracie 0
sudoku.model.SudokuBoard@85ab964[
  size=9
  solver=sudoku.model.BacktrackingSudokuSolver@6481dce5
  board={{6,1,2,7,8,3,4,5,9},{5,7,9,1,4,6,8,2,3},{3,8,4,2,5,9,1,6,7},{9,2,1,4,7,8,5,3,6},{4,6,3,9,1,5,7,8,2},{7,5,8,3,6,2,9,4,1},{8,3,5,6,9,1,2,7,4},{1,9,6,5,2,7,0,0,0},{0,0,0,0,0,0,0,0,0}}
]
02:04:27.639 [main] INFO  sudoku.model.SudokuBoard - Wartość 0 wstawiona nieprawidłowo
02:04:27.639 [main] INFO  sudoku.model.SudokuBoard - Bład w kwadracie 0
sudoku.model.SudokuBoard@85ab964[
  size=9
  solver=sudoku.model.BacktrackingSudokuSolver@6481dce5
  board={{6,1,2,7,8,3,4,5,9},{5,7,9,1,4,6,8,2,3},{3,8,4,2,5,9,1,6,7},{9,2,1,4,7,8,5,3,6},{4,6,3,9,1,5,7,8,2},{7,5,8,3,6,2,9,4,1},{8,3,5,6,9,1,2,7,4},{1,9,6,5,2,0,0,0,0},{0,0,0,0,0,0,0,0,0}}
]
02:04:27.639 [main] INFO  sudoku.model.SudokuBoard - Wartość 0 wstawiona nieprawidłowo
02:04:27.639 [main] INFO  sudoku.model.SudokuBoard - Bład w kwadracie 0
sudoku.model.SudokuBoard@85ab964[
  size=9
  solver=sudoku.model.BacktrackingSudokuSolver@6481dce5
  board={{6,1,2,7,8,3,4,5,9},{5,7,9,1,4,6,8,2,3},{3,8,4,2,5,9,1,6,7},{9,2,1,4,7,8,5,3,6},{4,6,3,9,1,5,7,8,2},{7,5,8,3,6,2,9,4,1},{8,3,5,6,9,1,2,7,4},{1,9,6,5,0,0,0,0,0},{0,0,0,0,0,0,0,0,0}}
]
02:04:27.639 [main] INFO  sudoku.model.SudokuBoard - Wartość 0 wstawiona nieprawidłowo
02:04:27.639 [main] INFO  sudoku.model.SudokuBoard - Bład w kwadracie 0
sudoku.model.SudokuBoard@85ab964[
  size=9
  solver=sudoku.model.BacktrackingSudokuSolver@6481dce5
  board={{6,1,2,7,8,3,4,5,9},{5,7,9,1,4,6,8,2,3},{3,8,4,2,5,9,1,6,7},{9,2,1,4,7,8,5,3,6},{4,6,3,9,1,5,7,8,2},{7,5,8,3,6,2,9,4,1},{8,3,5,6,9,1,2,7,4},{1,9,6,5,3,0,0,0,0},{0,0,0,0,0,0,0,0,0}}
]
02:04:27.639 [main] INFO  sudoku.model.SudokuBoard - Wartość 0 wstawiona nieprawidłowo
02:04:27.640 [main] INFO  sudoku.model.SudokuBoard - Bład w kwadracie 0
sudoku.model.SudokuBoard@85ab964[
  size=9
  solver=sudoku.model.BacktrackingSudokuSolver@6481dce5
  board={{6,1,2,7,8,3,4,5,9},{5,7,9,1,4,6,8,2,3},{3,8,4,2,5,9,1,6,7},{9,2,1,4,7,8,5,3,6},{4,6,3,9,1,5,7,8,2},{7,5,8,3,6,2,9,4,1},{8,3,5,6,9,1,2,7,4},{1,9,6,5,3,0,0,0,0},{0,0,0,0,0,0,0,0,0}}
]
02:04:27.640 [main] INFO  sudoku.model.SudokuBoard - Wartość 0 wstawiona nieprawidłowo
02:04:27.640 [main] INFO  sudoku.model.SudokuBoard - Bład w kwadracie 0
sudoku.model.SudokuBoard@85ab964[
  size=9
  solver=sudoku.model.BacktrackingSudokuSolver@6481dce5
  board={{6,1,2,7,8,3,4,5,9},{5,7,9,1,4,6,8,2,3},{3,8,4,2,5,9,1,6,7},{9,2,1,4,7,8,5,3,6},{4,6,3,9,1,5,7,8,2},{7,5,8,3,6,2,9,4,1},{8,3,5,6,9,1,2,7,4},{1,9,6,5,0,0,0,0,0},{0,0,0,0,0,0,0,0,0}}
]
02:04:27.640 [main] INFO  sudoku.model.SudokuBoard - Wartość 0 wstawiona nieprawidłowo
02:04:27.640 [main] INFO  sudoku.model.SudokuBoard - Bład w kwadracie 0
sudoku.model.SudokuBoard@85ab964[
  size=9
  solver=sudoku.model.BacktrackingSudokuSolver@6481dce5
  board={{6,1,2,7,8,3,4,5,9},{5,7,9,1,4,6,8,2,3},{3,8,4,2,5,9,1,6,7},{9,2,1,4,7,8,5,3,6},{4,6,3,9,1,5,7,8,2},{7,5,8,3,6,2,9,4,1},{8,3,5,6,9,1,2,7,4},{1,9,6,0,0,0,0,0,0},{0,0,0,0,0,0,0,0,0}}
]
02:04:27.640 [main] INFO  sudoku.model.SudokuBoard - Wartość 0 wstawiona nieprawidłowo
02:04:27.640 [main] INFO  sudoku.model.SudokuBoard - Bład w kwadracie 0
sudoku.model.SudokuBoard@85ab964[
  size=9
  solver=sudoku.model.BacktrackingSudokuSolver@6481dce5
  board={{6,1,2,7,8,3,4,5,9},{5,7,9,1,4,6,8,2,3},{3,8,4,2,5,9,1,6,7},{9,2,1,4,7,8,5,3,6},{4,6,3,9,1,5,7,8,2},{7,5,8,3,6,2,9,4,1},{8,3,5,6,9,1,2,7,4},{1,9,6,8,2,4,0,0,0},{0,0,0,0,0,0,0,0,0}}
]
02:04:27.640 [main] INFO  sudoku.model.SudokuBoard - Wartość 0 wstawiona nieprawidłowo
02:04:27.640 [main] INFO  sudoku.model.SudokuBoard - Bład w kwadracie 0
sudoku.model.SudokuBoard@85ab964[
  size=9
  solver=sudoku.model.BacktrackingSudokuSolver@6481dce5
  board={{6,1,2,7,8,3,4,5,9},{5,7,9,1,4,6,8,2,3},{3,8,4,2,5,9,1,6,7},{9,2,1,4,7,8,5,3,6},{4,6,3,9,1,5,7,8,2},{7,5,8,3,6,2,9,4,1},{8,3,5,6,9,1,2,7,4},{1,9,6,8,2,0,0,0,0},{0,0,0,0,0,0,0,0,0}}
]
02:04:27.640 [main] INFO  sudoku.model.SudokuBoard - Wartość 0 wstawiona nieprawidłowo
02:04:27.640 [main] INFO  sudoku.model.SudokuBoard - Bład w kwadracie 0
sudoku.model.SudokuBoard@85ab964[
  size=9
  solver=sudoku.model.BacktrackingSudokuSolver@6481dce5
  board={{6,1,2,7,8,3,4,5,9},{5,7,9,1,4,6,8,2,3},{3,8,4,2,5,9,1,6,7},{9,2,1,4,7,8,5,3,6},{4,6,3,9,1,5,7,8,2},{7,5,8,3,6,2,9,4,1},{8,3,5,6,9,1,2,7,4},{1,9,6,8,2,7,0,0,0},{0,0,0,0,0,0,0,0,0}}
]
02:04:27.640 [main] INFO  sudoku.model.SudokuBoard - Wartość 0 wstawiona nieprawidłowo
02:04:27.640 [main] INFO  sudoku.model.SudokuBoard - Bład w kwadracie 0
sudoku.model.SudokuBoard@85ab964[
  size=9
  solver=sudoku.model.BacktrackingSudokuSolver@6481dce5
  board={{6,1,2,7,8,3,4,5,9},{5,7,9,1,4,6,8,2,3},{3,8,4,2,5,9,1,6,7},{9,2,1,4,7,8,5,3,6},{4,6,3,9,1,5,7,8,2},{7,5,8,3,6,2,9,4,1},{8,3,5,6,9,1,2,7,4},{1,9,6,8,2,0,0,0,0},{0,0,0,0,0,0,0,0,0}}
]
02:04:27.640 [main] INFO  sudoku.model.SudokuBoard - Wartość 0 wstawiona nieprawidłowo
02:04:27.641 [main] INFO  sudoku.model.SudokuBoard - Bład w kwadracie 0
sudoku.model.SudokuBoard@85ab964[
  size=9
  solver=sudoku.model.BacktrackingSudokuSolver@6481dce5
  board={{6,1,2,7,8,3,4,5,9},{5,7,9,1,4,6,8,2,3},{3,8,4,2,5,9,1,6,7},{9,2,1,4,7,8,5,3,6},{4,6,3,9,1,5,7,8,2},{7,5,8,3,6,2,9,4,1},{8,3,5,6,9,1,2,7,4},{1,9,6,8,0,0,0,0,0},{0,0,0,0,0,0,0,0,0}}
]
02:04:27.641 [main] INFO  sudoku.model.SudokuBoard - Wartość 0 wstawiona nieprawidłowo
02:04:27.641 [main] INFO  sudoku.model.SudokuBoard - Bład w kwadracie 0
sudoku.model.SudokuBoard@85ab964[
  size=9
  solver=sudoku.model.BacktrackingSudokuSolver@6481dce5
  board={{6,1,2,7,8,3,4,5,9},{5,7,9,1,4,6,8,2,3},{3,8,4,2,5,9,1,6,7},{9,2,1,4,7,8,5,3,6},{4,6,3,9,1,5,7,8,2},{7,5,8,3,6,2,9,4,1},{8,3,5,6,9,1,2,7,4},{1,9,6,8,3,0,0,0,0},{0,0,0,0,0,0,0,0,0}}
]
02:04:27.641 [main] INFO  sudoku.model.SudokuBoard - Wartość 0 wstawiona nieprawidłowo
02:04:27.641 [main] INFO  sudoku.model.SudokuBoard - Bład w kwadracie 0
sudoku.model.SudokuBoard@85ab964[
  size=9
  solver=sudoku.model.BacktrackingSudokuSolver@6481dce5
  board={{6,1,2,7,8,3,4,5,9},{5,7,9,1,4,6,8,2,3},{3,8,4,2,5,9,1,6,7},{9,2,1,4,7,8,5,3,6},{4,6,3,9,1,5,7,8,2},{7,5,8,3,6,2,9,4,1},{8,3,5,6,9,1,2,7,4},{1,9,6,8,3,0,0,0,0},{0,0,0,0,0,0,0,0,0}}
]
02:04:27.641 [main] INFO  sudoku.model.SudokuBoard - Wartość 0 wstawiona nieprawidłowo
02:04:27.641 [main] INFO  sudoku.model.SudokuBoard - Bład w kwadracie 0
sudoku.model.SudokuBoard@85ab964[
  size=9
  solver=sudoku.model.BacktrackingSudokuSolver@6481dce5
  board={{6,1,2,7,8,3,4,5,9},{5,7,9,1,4,6,8,2,3},{3,8,4,2,5,9,1,6,7},{9,2,1,4,7,8,5,3,6},{4,6,3,9,1,5,7,8,2},{7,5,8,3,6,2,9,4,1},{8,3,5,6,9,1,2,7,4},{1,9,6,8,0,0,0,0,0},{0,0,0,0,0,0,0,0,0}}
]
02:04:27.641 [main] INFO  sudoku.model.SudokuBoard - Wartość 0 wstawiona nieprawidłowo
02:04:27.642 [main] INFO  sudoku.model.SudokuBoard - Bład w kwadracie 0
sudoku.model.SudokuBoard@85ab964[
  size=9
  solver=sudoku.model.BacktrackingSudokuSolver@6481dce5
  board={{6,1,2,7,8,3,4,5,9},{5,7,9,1,4,6,8,2,3},{3,8,4,2,5,9,1,6,7},{9,2,1,4,7,8,5,3,6},{4,6,3,9,1,5,7,8,2},{7,5,8,3,6,2,9,4,1},{8,3,5,6,9,1,2,7,4},{1,9,6,0,0,0,0,0,0},{0,0,0,0,0,0,0,0,0}}
]
02:04:27.642 [main] INFO  sudoku.model.SudokuBoard - Wartość 0 wstawiona nieprawidłowo
02:04:27.642 [main] INFO  sudoku.model.SudokuBoard - Bład w kwadracie 0
sudoku.model.SudokuBoard@85ab964[
  size=9
  solver=sudoku.model.BacktrackingSudokuSolver@6481dce5
  board={{6,1,2,7,8,3,4,5,9},{5,7,9,1,4,6,8,2,3},{3,8,4,2,5,9,1,6,7},{9,2,1,4,7,8,5,3,6},{4,6,3,9,1,5,7,8,2},{7,5,8,3,6,2,9,4,1},{8,3,5,6,9,1,2,7,4},{1,9,0,0,0,0,0,0,0},{0,0,0,0,0,0,0,0,0}}
]
02:04:27.643 [main] INFO  sudoku.model.SudokuBoard - Wartość 0 wstawiona nieprawidłowo
02:04:27.643 [main] INFO  sudoku.model.SudokuBoard - Bład w kwadracie 0
sudoku.model.SudokuBoard@85ab964[
  size=9
  solver=sudoku.model.BacktrackingSudokuSolver@6481dce5
  board={{6,1,2,7,8,3,4,5,9},{5,7,9,1,4,6,8,2,3},{3,8,4,2,5,9,1,6,7},{9,2,1,4,7,8,5,3,6},{4,6,3,9,1,5,7,8,2},{7,5,8,3,6,2,9,4,1},{8,3,5,6,9,1,2,7,4},{1,9,7,5,2,4,0,0,0},{0,0,0,0,0,0,0,0,0}}
]
02:04:27.643 [main] INFO  sudoku.model.SudokuBoard - Wartość 0 wstawiona nieprawidłowo
02:04:27.643 [main] INFO  sudoku.model.SudokuBoard - Bład w kwadracie 0
sudoku.model.SudokuBoard@85ab964[
  size=9
  solver=sudoku.model.BacktrackingSudokuSolver@6481dce5
  board={{6,1,2,7,8,3,4,5,9},{5,7,9,1,4,6,8,2,3},{3,8,4,2,5,9,1,6,7},{9,2,1,4,7,8,5,3,6},{4,6,3,9,1,5,7,8,2},{7,5,8,3,6,2,9,4,1},{8,3,5,6,9,1,2,7,4},{1,9,7,5,2,4,0,0,0},{0,0,0,0,0,0,0,0,0}}
]
02:04:27.643 [main] INFO  sudoku.model.SudokuBoard - Wartość 0 wstawiona nieprawidłowo
02:04:27.643 [main] INFO  sudoku.model.SudokuBoard - Bład w kwadracie 0
sudoku.model.SudokuBoard@85ab964[
  size=9
  solver=sudoku.model.BacktrackingSudokuSolver@6481dce5
  board={{6,1,2,7,8,3,4,5,9},{5,7,9,1,4,6,8,2,3},{3,8,4,2,5,9,1,6,7},{9,2,1,4,7,8,5,3,6},{4,6,3,9,1,5,7,8,2},{7,5,8,3,6,2,9,4,1},{8,3,5,6,9,1,2,7,4},{1,9,7,5,2,0,0,0,0},{0,0,0,0,0,0,0,0,0}}
]
02:04:27.643 [main] INFO  sudoku.model.SudokuBoard - Wartość 0 wstawiona nieprawidłowo
02:04:27.643 [main] INFO  sudoku.model.SudokuBoard - Bład w kwadracie 0
sudoku.model.SudokuBoard@85ab964[
  size=9
  solver=sudoku.model.BacktrackingSudokuSolver@6481dce5
  board={{6,1,2,7,8,3,4,5,9},{5,7,9,1,4,6,8,2,3},{3,8,4,2,5,9,1,6,7},{9,2,1,4,7,8,5,3,6},{4,6,3,9,1,5,7,8,2},{7,5,8,3,6,2,9,4,1},{8,3,5,6,9,1,2,7,4},{1,9,7,5,0,0,0,0,0},{0,0,0,0,0,0,0,0,0}}
]
02:04:27.643 [main] INFO  sudoku.model.SudokuBoard - Wartość 0 wstawiona nieprawidłowo
02:04:27.643 [main] INFO  sudoku.model.SudokuBoard - Bład w kwadracie 0
sudoku.model.SudokuBoard@85ab964[
  size=9
  solver=sudoku.model.BacktrackingSudokuSolver@6481dce5
  board={{6,1,2,7,8,3,4,5,9},{5,7,9,1,4,6,8,2,3},{3,8,4,2,5,9,1,6,7},{9,2,1,4,7,8,5,3,6},{4,6,3,9,1,5,7,8,2},{7,5,8,3,6,2,9,4,1},{8,3,5,6,9,1,2,7,4},{1,9,7,5,3,4,0,0,0},{0,0,0,0,0,0,0,0,0}}
]
02:04:27.643 [main] INFO  sudoku.model.SudokuBoard - Wartość 0 wstawiona nieprawidłowo
02:04:27.643 [main] INFO  sudoku.model.SudokuBoard - Bład w kwadracie 0
sudoku.model.SudokuBoard@85ab964[
  size=9
  solver=sudoku.model.BacktrackingSudokuSolver@6481dce5
  board={{6,1,2,7,8,3,4,5,9},{5,7,9,1,4,6,8,2,3},{3,8,4,2,5,9,1,6,7},{9,2,1,4,7,8,5,3,6},{4,6,3,9,1,5,7,8,2},{7,5,8,3,6,2,9,4,1},{8,3,5,6,9,1,2,7,4},{1,9,7,5,3,0,0,0,0},{0,0,0,0,0,0,0,0,0}}
]
02:04:27.644 [main] INFO  sudoku.model.SudokuBoard - Wartość 0 wstawiona nieprawidłowo
02:04:27.644 [main] INFO  sudoku.model.SudokuBoard - Bład w kwadracie 0
sudoku.model.SudokuBoard@85ab964[
  size=9
  solver=sudoku.model.BacktrackingSudokuSolver@6481dce5
  board={{6,1,2,7,8,3,4,5,9},{5,7,9,1,4,6,8,2,3},{3,8,4,2,5,9,1,6,7},{9,2,1,4,7,8,5,3,6},{4,6,3,9,1,5,7,8,2},{7,5,8,3,6,2,9,4,1},{8,3,5,6,9,1,2,7,4},{1,9,7,5,0,0,0,0,0},{0,0,0,0,0,0,0,0,0}}
]
02:04:27.644 [main] INFO  sudoku.model.SudokuBoard - Wartość 0 wstawiona nieprawidłowo
02:04:27.644 [main] INFO  sudoku.model.SudokuBoard - Bład w kwadracie 0
sudoku.model.SudokuBoard@85ab964[
  size=9
  solver=sudoku.model.BacktrackingSudokuSolver@6481dce5
  board={{6,1,2,7,8,3,4,5,9},{5,7,9,1,4,6,8,2,3},{3,8,4,2,5,9,1,6,7},{9,2,1,4,7,8,5,3,6},{4,6,3,9,1,5,7,8,2},{7,5,8,3,6,2,9,4,1},{8,3,5,6,9,1,2,7,4},{1,9,7,0,0,0,0,0,0},{0,0,0,0,0,0,0,0,0}}
]
02:04:27.644 [main] INFO  sudoku.model.SudokuBoard - Wartość 0 wstawiona nieprawidłowo
02:04:27.644 [main] INFO  sudoku.model.SudokuBoard - Bład w kwadracie 0
sudoku.model.SudokuBoard@85ab964[
  size=9
  solver=sudoku.model.BacktrackingSudokuSolver@6481dce5
  board={{6,1,2,7,8,3,4,5,9},{5,7,9,1,4,6,8,2,3},{3,8,4,2,5,9,1,6,7},{9,2,1,4,7,8,5,3,6},{4,6,3,9,1,5,7,8,2},{7,5,8,3,6,2,9,4,1},{8,3,5,6,9,1,2,7,4},{1,9,7,8,2,4,0,0,0},{0,0,0,0,0,0,0,0,0}}
]
02:04:27.644 [main] INFO  sudoku.model.SudokuBoard - Wartość 0 wstawiona nieprawidłowo
02:04:27.644 [main] INFO  sudoku.model.SudokuBoard - Bład w kwadracie 0
sudoku.model.SudokuBoard@85ab964[
  size=9
  solver=sudoku.model.BacktrackingSudokuSolver@6481dce5
  board={{6,1,2,7,8,3,4,5,9},{5,7,9,1,4,6,8,2,3},{3,8,4,2,5,9,1,6,7},{9,2,1,4,7,8,5,3,6},{4,6,3,9,1,5,7,8,2},{7,5,8,3,6,2,9,4,1},{8,3,5,6,9,1,2,7,4},{1,9,7,8,2,4,0,0,0},{0,0,0,0,0,0,0,0,0}}
]
02:04:27.644 [main] INFO  sudoku.model.SudokuBoard - Wartość 0 wstawiona nieprawidłowo
02:04:27.644 [main] INFO  sudoku.model.SudokuBoard - Bład w kwadracie 0
sudoku.model.SudokuBoard@85ab964[
  size=9
  solver=sudoku.model.BacktrackingSudokuSolver@6481dce5
  board={{6,1,2,7,8,3,4,5,9},{5,7,9,1,4,6,8,2,3},{3,8,4,2,5,9,1,6,7},{9,2,1,4,7,8,5,3,6},{4,6,3,9,1,5,7,8,2},{7,5,8,3,6,2,9,4,1},{8,3,5,6,9,1,2,7,4},{1,9,7,8,2,0,0,0,0},{0,0,0,0,0,0,0,0,0}}
]
02:04:27.644 [main] INFO  sudoku.model.SudokuBoard - Wartość 0 wstawiona nieprawidłowo
02:04:27.644 [main] INFO  sudoku.model.SudokuBoard - Bład w kwadracie 0
sudoku.model.SudokuBoard@85ab964[
  size=9
  solver=sudoku.model.BacktrackingSudokuSolver@6481dce5
  board={{6,1,2,7,8,3,4,5,9},{5,7,9,1,4,6,8,2,3},{3,8,4,2,5,9,1,6,7},{9,2,1,4,7,8,5,3,6},{4,6,3,9,1,5,7,8,2},{7,5,8,3,6,2,9,4,1},{8,3,5,6,9,1,2,7,4},{1,9,7,8,0,0,0,0,0},{0,0,0,0,0,0,0,0,0}}
]
02:04:27.644 [main] INFO  sudoku.model.SudokuBoard - Wartość 0 wstawiona nieprawidłowo
02:04:27.645 [main] INFO  sudoku.model.SudokuBoard - Bład w kwadracie 0
sudoku.model.SudokuBoard@85ab964[
  size=9
  solver=sudoku.model.BacktrackingSudokuSolver@6481dce5
  board={{6,1,2,7,8,3,4,5,9},{5,7,9,1,4,6,8,2,3},{3,8,4,2,5,9,1,6,7},{9,2,1,4,7,8,5,3,6},{4,6,3,9,1,5,7,8,2},{7,5,8,3,6,2,9,4,1},{8,3,5,6,9,1,2,7,4},{1,9,7,8,3,4,0,0,0},{0,0,0,0,0,0,0,0,0}}
]
02:04:27.645 [main] INFO  sudoku.model.SudokuBoard - Wartość 0 wstawiona nieprawidłowo
02:04:27.645 [main] INFO  sudoku.model.SudokuBoard - Bład w kwadracie 0
sudoku.model.SudokuBoard@85ab964[
  size=9
  solver=sudoku.model.BacktrackingSudokuSolver@6481dce5
  board={{6,1,2,7,8,3,4,5,9},{5,7,9,1,4,6,8,2,3},{3,8,4,2,5,9,1,6,7},{9,2,1,4,7,8,5,3,6},{4,6,3,9,1,5,7,8,2},{7,5,8,3,6,2,9,4,1},{8,3,5,6,9,1,2,7,4},{1,9,7,8,3,0,0,0,0},{0,0,0,0,0,0,0,0,0}}
]
02:04:27.645 [main] INFO  sudoku.model.SudokuBoard - Wartość 0 wstawiona nieprawidłowo
02:04:27.645 [main] INFO  sudoku.model.SudokuBoard - Bład w kwadracie 0
sudoku.model.SudokuBoard@85ab964[
  size=9
  solver=sudoku.model.BacktrackingSudokuSolver@6481dce5
  board={{6,1,2,7,8,3,4,5,9},{5,7,9,1,4,6,8,2,3},{3,8,4,2,5,9,1,6,7},{9,2,1,4,7,8,5,3,6},{4,6,3,9,1,5,7,8,2},{7,5,8,3,6,2,9,4,1},{8,3,5,6,9,1,2,7,4},{1,9,7,8,0,0,0,0,0},{0,0,0,0,0,0,0,0,0}}
]
02:04:27.645 [main] INFO  sudoku.model.SudokuBoard - Wartość 0 wstawiona nieprawidłowo
02:04:27.645 [main] INFO  sudoku.model.SudokuBoard - Bład w kwadracie 0
sudoku.model.SudokuBoard@85ab964[
  size=9
  solver=sudoku.model.BacktrackingSudokuSolver@6481dce5
  board={{6,1,2,7,8,3,4,5,9},{5,7,9,1,4,6,8,2,3},{3,8,4,2,5,9,1,6,7},{9,2,1,4,7,8,5,3,6},{4,6,3,9,1,5,7,8,2},{7,5,8,3,6,2,9,4,1},{8,3,5,6,9,1,2,7,4},{1,9,7,0,0,0,0,0,0},{0,0,0,0,0,0,0,0,0}}
]
02:04:27.645 [main] INFO  sudoku.model.SudokuBoard - Wartość 0 wstawiona nieprawidłowo
02:04:27.645 [main] INFO  sudoku.model.SudokuBoard - Bład w kwadracie 0
sudoku.model.SudokuBoard@85ab964[
  size=9
  solver=sudoku.model.BacktrackingSudokuSolver@6481dce5
  board={{6,1,2,7,8,3,4,5,9},{5,7,9,1,4,6,8,2,3},{3,8,4,2,5,9,1,6,7},{9,2,1,4,7,8,5,3,6},{4,6,3,9,1,5,7,8,2},{7,5,8,3,6,2,9,4,1},{8,3,5,6,9,1,2,7,4},{1,9,0,0,0,0,0,0,0},{0,0,0,0,0,0,0,0,0}}
]
02:04:27.645 [main] INFO  sudoku.model.SudokuBoard - Wartość 0 wstawiona nieprawidłowo
02:04:27.645 [main] INFO  sudoku.model.SudokuBoard - Bład w kwadracie 0
sudoku.model.SudokuBoard@85ab964[
  size=9
  solver=sudoku.model.BacktrackingSudokuSolver@6481dce5
  board={{6,1,2,7,8,3,4,5,9},{5,7,9,1,4,6,8,2,3},{3,8,4,2,5,9,1,6,7},{9,2,1,4,7,8,5,3,6},{4,6,3,9,1,5,7,8,2},{7,5,8,3,6,2,9,4,1},{8,3,5,6,9,1,2,7,4},{1,0,0,0,0,0,0,0,0},{0,0,0,0,0,0,0,0,0}}
]
02:04:27.645 [main] INFO  sudoku.model.SudokuBoard - Wartość 0 wstawiona nieprawidłowo
02:04:27.646 [main] INFO  sudoku.model.SudokuBoard - Bład w kwadracie 0
sudoku.model.SudokuBoard@85ab964[
  size=9
  solver=sudoku.model.BacktrackingSudokuSolver@6481dce5
  board={{0,1,2,7,8,3,4,5,9},{5,7,9,1,4,6,8,2,3},{3,8,4,2,5,9,1,6,7},{9,2,1,4,7,8,5,3,6},{4,6,3,9,1,5,7,8,2},{7,5,8,3,6,2,9,4,1},{8,3,5,6,9,1,2,7,4},{1,4,6,5,2,7,3,9,8},{2,9,7,8,3,4,6,1,5}}
]
02:04:27.646 [main] INFO  sudoku.model.SudokuBoard - Wartość 0 wstawiona nieprawidłowo
]]></system-out>
  </testcase>
</testsuite>