<?xml version="1.0" encoding="UTF-8"?>
<testsuite xmlns:xsi="http://www.w3.org/2001/XMLSchema-instance" xsi:noNamespaceSchemaLocation="https://maven.apache.org/surefire/maven-surefire-plugin/xsd/surefire-test-report-3.0.xsd" version="3.0" name="sudoku.model.SudokuBoardTest" time="0.235" tests="14" errors="0" skipped="0" failures="0">
  <properties>
    <property name="java.specification.version" value="14"/>
    <property name="sun.cpu.isalist" value="amd64"/>
    <property name="sun.jnu.encoding" value="Cp1250"/>
    <property name="java.class.path" value="E:\studia\Sem-3\Programowanie komponentowe (07 72 3060 19)_pliki\ProjektKompo\an_pn_1145_03\Model\target\test-classes;C:\Users\maldo\.m2\repository\org\junit\jupiter\junit-jupiter-engine\5.6.2\junit-jupiter-engine-5.6.2.jar;C:\Users\maldo\.m2\repository\org\apiguardian\apiguardian-api\1.1.0\apiguardian-api-1.1.0.jar;C:\Users\maldo\.m2\repository\org\junit\platform\junit-platform-engine\1.6.2\junit-platform-engine-1.6.2.jar;C:\Users\maldo\.m2\repository\org\opentest4j\opentest4j\1.2.0\opentest4j-1.2.0.jar;C:\Users\maldo\.m2\repository\org\junit\platform\junit-platform-commons\1.6.2\junit-platform-commons-1.6.2.jar;C:\Users\maldo\.m2\repository\org\junit\jupiter\junit-jupiter-api\5.6.2\junit-jupiter-api-5.6.2.jar;C:\Users\maldo\.m2\repository\org\apache\logging\log4j\log4j-api\2.7\log4j-api-2.7.jar;C:\Users\maldo\.m2\repository\org\apache\logging\log4j\log4j-core\2.7\log4j-core-2.7.jar;C:\Users\maldo\.m2\repository\org\apache\logging\log4j\log4j-slf4j-impl\2.7\log4j-slf4j-impl-2.7.jar;C:\Users\maldo\.m2\repository\org\openjfx\javafx-controls\13\javafx-controls-13.jar;C:\Users\maldo\.m2\repository\org\openjfx\javafx-controls\13\javafx-controls-13-win.jar;C:\Users\maldo\.m2\repository\org\openjfx\javafx-graphics\13\javafx-graphics-13.jar;C:\Users\maldo\.m2\repository\org\openjfx\javafx-graphics\13\javafx-graphics-13-win.jar;C:\Users\maldo\.m2\repository\org\openjfx\javafx-base\13\javafx-base-13.jar;C:\Users\maldo\.m2\repository\org\openjfx\javafx-fxml\13\javafx-fxml-13.jar;C:\Users\maldo\.m2\repository\org\openjfx\javafx-fxml\13\javafx-fxml-13-win.jar;"/>
    <property name="java.vm.vendor" value="Oracle Corporation"/>
    <property name="sun.arch.data.model" value="64"/>
    <property name="user.variant" value=""/>
    <property name="java.vendor.url" value="https://java.oracle.com/"/>
    <property name="user.timezone" value="Europe/Warsaw"/>
    <property name="os.name" value="Windows 10"/>
    <property name="java.vm.specification.version" value="14"/>
    <property name="sun.java.launcher" value="SUN_STANDARD"/>
    <property name="user.country" value="PL"/>
    <property name="sun.boot.library.path" value="C:\Program Files\Java\jdk-14.0.2\bin"/>
    <property name="sun.java.command" value="org.apache.maven.surefire.booter.ForkedBooter C:\Users\maldo\AppData\Local\Temp\surefire5211077315331427388 2021-01-22T13-16-47_239-jvmRun1 surefire13811956982792174622tmp surefire_02222479295765617022tmp"/>
    <property name="jdk.debug" value="release"/>
    <property name="surefire.test.class.path" value="E:\studia\Sem-3\Programowanie komponentowe (07 72 3060 19)_pliki\ProjektKompo\an_pn_1145_03\Model\target\test-classes;C:\Users\maldo\.m2\repository\org\junit\jupiter\junit-jupiter-engine\5.6.2\junit-jupiter-engine-5.6.2.jar;C:\Users\maldo\.m2\repository\org\apiguardian\apiguardian-api\1.1.0\apiguardian-api-1.1.0.jar;C:\Users\maldo\.m2\repository\org\junit\platform\junit-platform-engine\1.6.2\junit-platform-engine-1.6.2.jar;C:\Users\maldo\.m2\repository\org\opentest4j\opentest4j\1.2.0\opentest4j-1.2.0.jar;C:\Users\maldo\.m2\repository\org\junit\platform\junit-platform-commons\1.6.2\junit-platform-commons-1.6.2.jar;C:\Users\maldo\.m2\repository\org\junit\jupiter\junit-jupiter-api\5.6.2\junit-jupiter-api-5.6.2.jar;C:\Users\maldo\.m2\repository\org\apache\logging\log4j\log4j-api\2.7\log4j-api-2.7.jar;C:\Users\maldo\.m2\repository\org\apache\logging\log4j\log4j-core\2.7\log4j-core-2.7.jar;C:\Users\maldo\.m2\repository\org\apache\logging\log4j\log4j-slf4j-impl\2.7\log4j-slf4j-impl-2.7.jar;C:\Users\maldo\.m2\repository\org\openjfx\javafx-controls\13\javafx-controls-13.jar;C:\Users\maldo\.m2\repository\org\openjfx\javafx-controls\13\javafx-controls-13-win.jar;C:\Users\maldo\.m2\repository\org\openjfx\javafx-graphics\13\javafx-graphics-13.jar;C:\Users\maldo\.m2\repository\org\openjfx\javafx-graphics\13\javafx-graphics-13-win.jar;C:\Users\maldo\.m2\repository\org\openjfx\javafx-base\13\javafx-base-13.jar;C:\Users\maldo\.m2\repository\org\openjfx\javafx-fxml\13\javafx-fxml-13.jar;C:\Users\maldo\.m2\repository\org\openjfx\javafx-fxml\13\javafx-fxml-13-win.jar;"/>
    <property name="sun.cpu.endian" value="little"/>
    <property name="user.home" value="C:\Users\maldo"/>
    <property name="user.language" value="pl"/>
    <property name="java.specification.vendor" value="Oracle Corporation"/>
    <property name="jdk.module.path" value="E:\studia\Sem-3\Programowanie komponentowe (07 72 3060 19)_pliki\ProjektKompo\an_pn_1145_03\Model\target\classes;C:\Users\maldo\.m2\repository\org\apache\commons\commons-lang3\3.11\commons-lang3-3.11.jar;C:\Users\maldo\.m2\repository\org\slf4j\slf4j-api\1.7.30\slf4j-api-1.7.30.jar;C:\Users\maldo\.m2\repository\org\openjfx\javafx-base\13\javafx-base-13-win.jar"/>
    <property name="java.version.date" value="2020-07-14"/>
    <property name="java.home" value="C:\Program Files\Java\jdk-14.0.2"/>
    <property name="file.separator" value="\"/>
    <property name="basedir" value="E:\studia\Sem-3\Programowanie komponentowe (07 72 3060 19)_pliki\ProjektKompo\an_pn_1145_03\Model"/>
    <property name="java.vm.compressedOopsMode" value="Zero based"/>
    <property name="line.separator" value="&#10;"/>
    <property name="java.vm.specification.vendor" value="Oracle Corporation"/>
    <property name="java.specification.name" value="Java Platform API Specification"/>
    <property name="surefire.real.class.path" value="C:\Users\maldo\.m2\repository\org\apache\maven\surefire\surefire-booter\3.0.0-M5\surefire-booter-3.0.0-M5.jar;C:\Users\maldo\.m2\repository\org\apache\maven\surefire\surefire-api\3.0.0-M5\surefire-api-3.0.0-M5.jar;C:\Users\maldo\.m2\repository\org\apache\maven\surefire\surefire-logger-api\3.0.0-M5\surefire-logger-api-3.0.0-M5.jar;C:\Users\maldo\.m2\repository\org\apache\maven\surefire\surefire-shared-utils\3.0.0-M4\surefire-shared-utils-3.0.0-M4.jar;C:\Users\maldo\.m2\repository\org\apache\maven\surefire\surefire-extensions-spi\3.0.0-M5\surefire-extensions-spi-3.0.0-M5.jar;E:\studia\Sem-3\Programowanie komponentowe (07 72 3060 19)_pliki\ProjektKompo\an_pn_1145_03\Model\target\test-classes;C:\Users\maldo\.m2\repository\org\junit\jupiter\junit-jupiter-engine\5.6.2\junit-jupiter-engine-5.6.2.jar;C:\Users\maldo\.m2\repository\org\apiguardian\apiguardian-api\1.1.0\apiguardian-api-1.1.0.jar;C:\Users\maldo\.m2\repository\org\junit\platform\junit-platform-engine\1.6.2\junit-platform-engine-1.6.2.jar;C:\Users\maldo\.m2\repository\org\opentest4j\opentest4j\1.2.0\opentest4j-1.2.0.jar;C:\Users\maldo\.m2\repository\org\junit\platform\junit-platform-commons\1.6.2\junit-platform-commons-1.6.2.jar;C:\Users\maldo\.m2\repository\org\junit\jupiter\junit-jupiter-api\5.6.2\junit-jupiter-api-5.6.2.jar;C:\Users\maldo\.m2\repository\org\apache\logging\log4j\log4j-api\2.7\log4j-api-2.7.jar;C:\Users\maldo\.m2\repository\org\apache\logging\log4j\log4j-core\2.7\log4j-core-2.7.jar;C:\Users\maldo\.m2\repository\org\apache\logging\log4j\log4j-slf4j-impl\2.7\log4j-slf4j-impl-2.7.jar;C:\Users\maldo\.m2\repository\org\openjfx\javafx-controls\13\javafx-controls-13.jar;C:\Users\maldo\.m2\repository\org\openjfx\javafx-controls\13\javafx-controls-13-win.jar;C:\Users\maldo\.m2\repository\org\openjfx\javafx-graphics\13\javafx-graphics-13.jar;C:\Users\maldo\.m2\repository\org\openjfx\javafx-graphics\13\javafx-graphics-13-win.jar;C:\Users\maldo\.m2\repository\org\openjfx\javafx-base\13\javafx-base-13.jar;C:\Users\maldo\.m2\repository\org\openjfx\javafx-fxml\13\javafx-fxml-13.jar;C:\Users\maldo\.m2\repository\org\openjfx\javafx-fxml\13\javafx-fxml-13-win.jar;C:\Users\maldo\.m2\repository\org\apache\maven\surefire\surefire-junit-platform\3.0.0-M5\surefire-junit-platform-3.0.0-M5.jar;C:\Users\maldo\.m2\repository\org\apache\maven\surefire\common-java5\3.0.0-M5\common-java5-3.0.0-M5.jar;C:\Users\maldo\.m2\repository\org\junit\platform\junit-platform-launcher\1.6.2\junit-platform-launcher-1.6.2.jar"/>
    <property name="user.script" value=""/>
    <property name="sun.management.compiler" value="HotSpot 64-Bit Tiered Compilers"/>
    <property name="java.runtime.version" value="14.0.2+12-46"/>
    <property name="user.name" value="maldo"/>
    <property name="path.separator" value=";"/>
    <property name="os.version" value="10.0"/>
    <property name="java.runtime.name" value="Java(TM) SE Runtime Environment"/>
    <property name="file.encoding" value="Cp1250"/>
    <property name="java.vm.name" value="Java HotSpot(TM) 64-Bit Server VM"/>
    <property name="localRepository" value="C:\Users\maldo\.m2\repository"/>
    <property name="java.vendor.url.bug" value="https://bugreport.java.com/bugreport/"/>
    <property name="java.io.tmpdir" value="C:\Users\maldo\AppData\Local\Temp\"/>
    <property name="idea.version" value="2020.2.3"/>
    <property name="java.version" value="14.0.2"/>
    <property name="user.dir" value="E:\studia\Sem-3\Programowanie komponentowe (07 72 3060 19)_pliki\ProjektKompo\an_pn_1145_03\Model"/>
    <property name="os.arch" value="amd64"/>
    <property name="java.vm.specification.name" value="Java Virtual Machine Specification"/>
    <property name="sun.os.patch.level" value=""/>
    <property name="java.library.path" value="C:\Program Files\Java\jdk-14.0.2\bin;C:\WINDOWS\Sun\Java\bin;C:\WINDOWS\system32;C:\WINDOWS;C:\Program Files (x86)\Razer Chroma SDK\bin;C:\Program Files\Razer Chroma SDK\bin;C:\Python\Scripts\;C:\Python\;C:\Program Files (x86)\Intel\iCLS Client\;C:\Program Files\Intel\iCLS Client\;C:\Windows\system32;C:\Windows;C:\Windows\System32\Wbem;C:\Windows\System32\WindowsPowerShell\v1.0\;C:\Windows\System32\OpenSSH\;C:\Program Files (x86)\NVIDIA Corporation\PhysX\Common;C:\Program Files (x86)\Intel\Intel(R) Management Engine Components\DAL;C:\Program Files\Intel\Intel(R) Management Engine Components\DAL;C:\Program Files (x86)\Intel\Intel(R) Management Engine Components\IPT;C:\Program Files\Intel\Intel(R) Management Engine Components\IPT;C:\Program Files\Intel\WiFi\bin\;C:\Program Files\Common Files\Intel\WirelessCommon\;C:\Program Files (x86)\Windows Kits\8.1\Windows Performance Toolkit\;C:\Users\maldo\AppData\Local\Microsoft\WindowsApps;C:\Program Files\NVIDIA Corporation\NVIDIA NvDLISR;C:\Program Files (x86)\MKVToolNix;C:\WINDOWS\system32;C:\WINDOWS;C:\WINDOWS\System32\Wbem;C:\WINDOWS\System32\WindowsPowerShell\v1.0\;C:\WINDOWS\System32\OpenSSH\;E:\studia\Sem-3\Programowanie komponentowe (07 72 3060 19)_pliki\apache-maven-3.6.3\bin;C:\msys64\usr\bin;C:\Program Files\Java\jdk-14.0.2\bin;C:\Program Files (x86)\Calibre2\;C:\Users\maldo\AppData\Local\Microsoft\WindowsApps;C:\Program Files\Intel\WiFi\bin\;C:\Program Files\Common Files\Intel\WirelessCommon\;C:\Program Files\JetBrains\CLion 2019.3.3\bin;;C:\Users\maldo\AppData\Local\Programs\Microsoft VS Code\bin;C:\Users\maldo\AppData\Local\GitHubDesktop\bin;."/>
    <property name="java.vm.info" value="mixed mode"/>
    <property name="java.vendor" value="Oracle Corporation"/>
    <property name="java.vm.version" value="14.0.2+12-46"/>
    <property name="sun.io.unicode.encoding" value="UnicodeLittle"/>
    <property name="java.class.version" value="58.0"/>
  </properties>
  <testcase name="ShowBoardTest" classname="sudoku.model.SudokuBoardTest" time="0.003"/>
  <testcase name="testEqualsWrongObject" classname="sudoku.model.SudokuBoardTest" time="0.002"/>
  <testcase name="testToString" classname="sudoku.model.SudokuBoardTest" time="0.008">
    <system-out><![CDATA[13:16:51.675 INFO  [main] SudokuBoard - Bład w kwadracie 0
sudoku.model.SudokuBoard@403b7be3[
  size=9
  solver=sudoku.model.BacktrackingSudokuSolver@2a5d9ede
  board={{4,8,9,1,2,6,5,7,3},{3,1,2,4,5,7,6,8,9},{5,6,7,9,8,3,2,1,4},{7,3,4,6,1,5,8,9,2},{6,9,1,2,7,8,3,4,5},{2,5,8,3,4,9,7,6,1},{8,2,3,5,6,1,0,0,0},{0,0,0,0,0,0,0,0,0},{0,0,0,0,0,0,0,0,0}}
]
13:16:51.675 INFO  [main] SudokuBoard - Wartość 0 wstawiona nieprawidłowo
13:16:51.675 INFO  [main] SudokuBoard - Bład w kwadracie 0
sudoku.model.SudokuBoard@403b7be3[
  size=9
  solver=sudoku.model.BacktrackingSudokuSolver@2a5d9ede
  board={{4,8,9,1,2,6,5,7,3},{3,1,2,4,5,7,6,8,9},{5,6,7,9,8,3,2,1,4},{7,3,4,6,1,5,8,9,2},{6,9,1,2,7,8,3,4,5},{2,5,8,3,4,9,7,6,1},{8,2,3,5,6,1,0,0,0},{0,0,0,0,0,0,0,0,0},{0,0,0,0,0,0,0,0,0}}
]
13:16:51.675 INFO  [main] SudokuBoard - Wartość 0 wstawiona nieprawidłowo
13:16:51.675 INFO  [main] SudokuBoard - Bład w kwadracie 0
sudoku.model.SudokuBoard@403b7be3[
  size=9
  solver=sudoku.model.BacktrackingSudokuSolver@2a5d9ede
  board={{4,8,9,1,2,6,5,7,3},{3,1,2,4,5,7,6,8,9},{5,6,7,9,8,3,2,1,4},{7,3,4,6,1,5,8,9,2},{6,9,1,2,7,8,3,4,5},{2,5,8,3,4,9,7,6,1},{8,2,3,5,6,0,0,0,0},{0,0,0,0,0,0,0,0,0},{0,0,0,0,0,0,0,0,0}}
]
13:16:51.675 INFO  [main] SudokuBoard - Wartość 0 wstawiona nieprawidłowo
13:16:51.675 INFO  [main] SudokuBoard - Bład w kwadracie 0
sudoku.model.SudokuBoard@403b7be3[
  size=9
  solver=sudoku.model.BacktrackingSudokuSolver@2a5d9ede
  board={{4,8,9,1,2,6,5,7,3},{3,1,2,4,5,7,6,8,9},{5,6,7,9,8,3,2,1,4},{7,3,4,6,1,5,8,9,2},{6,9,1,2,7,8,3,4,5},{2,5,8,3,4,9,7,6,1},{8,2,3,5,6,4,0,0,0},{0,0,0,0,0,0,0,0,0},{0,0,0,0,0,0,0,0,0}}
]
13:16:51.675 INFO  [main] SudokuBoard - Wartość 0 wstawiona nieprawidłowo
13:16:51.675 INFO  [main] SudokuBoard - Bład w kwadracie 0
sudoku.model.SudokuBoard@403b7be3[
  size=9
  solver=sudoku.model.BacktrackingSudokuSolver@2a5d9ede
  board={{4,8,9,1,2,6,5,7,3},{3,1,2,4,5,7,6,8,9},{5,6,7,9,8,3,2,1,4},{7,3,4,6,1,5,8,9,2},{6,9,1,2,7,8,3,4,5},{2,5,8,3,4,9,7,6,1},{8,2,3,5,6,4,0,0,0},{0,0,0,0,0,0,0,0,0},{0,0,0,0,0,0,0,0,0}}
]
13:16:51.675 INFO  [main] SudokuBoard - Wartość 0 wstawiona nieprawidłowo
13:16:51.676 INFO  [main] SudokuBoard - Bład w kwadracie 0
sudoku.model.SudokuBoard@403b7be3[
  size=9
  solver=sudoku.model.BacktrackingSudokuSolver@2a5d9ede
  board={{4,8,9,1,2,6,5,7,3},{3,1,2,4,5,7,6,8,9},{5,6,7,9,8,3,2,1,4},{7,3,4,6,1,5,8,9,2},{6,9,1,2,7,8,3,4,5},{2,5,8,3,4,9,7,6,1},{8,2,3,5,6,0,0,0,0},{0,0,0,0,0,0,0,0,0},{0,0,0,0,0,0,0,0,0}}
]
13:16:51.676 INFO  [main] SudokuBoard - Wartość 0 wstawiona nieprawidłowo
13:16:51.676 INFO  [main] SudokuBoard - Bład w kwadracie 0
sudoku.model.SudokuBoard@403b7be3[
  size=9
  solver=sudoku.model.BacktrackingSudokuSolver@2a5d9ede
  board={{4,8,9,1,2,6,5,7,3},{3,1,2,4,5,7,6,8,9},{5,6,7,9,8,3,2,1,4},{7,3,4,6,1,5,8,9,2},{6,9,1,2,7,8,3,4,5},{2,5,8,3,4,9,7,6,1},{8,2,3,5,0,0,0,0,0},{0,0,0,0,0,0,0,0,0},{0,0,0,0,0,0,0,0,0}}
]
13:16:51.676 INFO  [main] SudokuBoard - Wartość 0 wstawiona nieprawidłowo
13:16:51.676 INFO  [main] SudokuBoard - Bład w kwadracie 0
sudoku.model.SudokuBoard@403b7be3[
  size=9
  solver=sudoku.model.BacktrackingSudokuSolver@2a5d9ede
  board={{4,8,9,1,2,6,5,7,3},{3,1,2,4,5,7,6,8,9},{5,6,7,9,8,3,2,1,4},{7,3,4,6,1,5,8,9,2},{6,9,1,2,7,8,3,4,5},{2,5,8,3,4,9,7,6,1},{8,2,3,5,9,1,0,0,0},{0,0,0,0,0,0,0,0,0},{0,0,0,0,0,0,0,0,0}}
]
13:16:51.676 INFO  [main] SudokuBoard - Wartość 0 wstawiona nieprawidłowo
13:16:51.676 INFO  [main] SudokuBoard - Bład w kwadracie 0
sudoku.model.SudokuBoard@403b7be3[
  size=9
  solver=sudoku.model.BacktrackingSudokuSolver@2a5d9ede
  board={{4,8,9,1,2,6,5,7,3},{3,1,2,4,5,7,6,8,9},{5,6,7,9,8,3,2,1,4},{7,3,4,6,1,5,8,9,2},{6,9,1,2,7,8,3,4,5},{2,5,8,3,4,9,7,6,1},{8,2,3,5,9,0,0,0,0},{0,0,0,0,0,0,0,0,0},{0,0,0,0,0,0,0,0,0}}
]
13:16:51.676 INFO  [main] SudokuBoard - Wartość 0 wstawiona nieprawidłowo
13:16:51.676 INFO  [main] SudokuBoard - Bład w kwadracie 0
sudoku.model.SudokuBoard@403b7be3[
  size=9
  solver=sudoku.model.BacktrackingSudokuSolver@2a5d9ede
  board={{4,8,9,1,2,6,5,7,3},{3,1,2,4,5,7,6,8,9},{5,6,7,9,8,3,2,1,4},{7,3,4,6,1,5,8,9,2},{6,9,1,2,7,8,3,4,5},{2,5,8,3,4,9,7,6,1},{8,2,3,5,9,4,0,0,0},{0,0,0,0,0,0,0,0,0},{0,0,0,0,0,0,0,0,0}}
]
13:16:51.676 INFO  [main] SudokuBoard - Wartość 0 wstawiona nieprawidłowo
13:16:51.677 INFO  [main] SudokuBoard - Bład w kwadracie 0
sudoku.model.SudokuBoard@403b7be3[
  size=9
  solver=sudoku.model.BacktrackingSudokuSolver@2a5d9ede
  board={{4,8,9,1,2,6,5,7,3},{3,1,2,4,5,7,6,8,9},{5,6,7,9,8,3,2,1,4},{7,3,4,6,1,5,8,9,2},{6,9,1,2,7,8,3,4,5},{2,5,8,3,4,9,7,6,1},{8,2,3,5,9,0,0,0,0},{0,0,0,0,0,0,0,0,0},{0,0,0,0,0,0,0,0,0}}
]
13:16:51.677 INFO  [main] SudokuBoard - Wartość 0 wstawiona nieprawidłowo
13:16:51.677 INFO  [main] SudokuBoard - Bład w kwadracie 0
sudoku.model.SudokuBoard@403b7be3[
  size=9
  solver=sudoku.model.BacktrackingSudokuSolver@2a5d9ede
  board={{4,8,9,1,2,6,5,7,3},{3,1,2,4,5,7,6,8,9},{5,6,7,9,8,3,2,1,4},{7,3,4,6,1,5,8,9,2},{6,9,1,2,7,8,3,4,5},{2,5,8,3,4,9,7,6,1},{8,2,3,5,0,0,0,0,0},{0,0,0,0,0,0,0,0,0},{0,0,0,0,0,0,0,0,0}}
]
13:16:51.677 INFO  [main] SudokuBoard - Wartość 0 wstawiona nieprawidłowo
13:16:51.677 INFO  [main] SudokuBoard - Bład w kwadracie 0
sudoku.model.SudokuBoard@403b7be3[
  size=9
  solver=sudoku.model.BacktrackingSudokuSolver@2a5d9ede
  board={{4,8,9,1,2,6,5,7,3},{3,1,2,4,5,7,6,8,9},{5,6,7,9,8,3,2,1,4},{7,3,4,6,1,5,8,9,2},{6,9,1,2,7,8,3,4,5},{2,5,8,3,4,9,7,6,1},{8,2,3,0,0,0,0,0,0},{0,0,0,0,0,0,0,0,0},{0,0,0,0,0,0,0,0,0}}
]
13:16:51.677 INFO  [main] SudokuBoard - Wartość 0 wstawiona nieprawidłowo
sudoku.model.SudokuBoard@39e91bda[
  size=9
  solver=sudoku.model.BacktrackingSudokuSolver@2a5d9ede
  board={{4,8,9,1,2,6,5,7,3},{3,1,2,4,5,7,6,8,9},{5,6,7,9,8,3,2,1,4},{7,3,4,6,1,5,8,9,2},{6,9,1,2,7,8,3,4,5},{2,5,8,3,4,9,7,6,1},{8,2,3,7,9,1,4,5,6},{9,4,5,8,6,2,1,3,7},{1,7,6,5,3,4,9,2,8}}
]
]]></system-out>
  </testcase>
  <testcase name="checkBoardTestRowFalse" classname="sudoku.model.SudokuBoardTest" time="0.026">
    <system-out><![CDATA[13:16:51.685 INFO  [main] SudokuBoard - Bład w kwadracie 0
sudoku.model.SudokuBoard@2c3f81ef[
  size=9
  solver=sudoku.model.BacktrackingSudokuSolver@374013e8
  board={{6,4,1,7,5,2,3,8,9},{2,7,3,6,1,8,4,0,0},{0,0,0,0,0,0,0,0,0},{0,0,0,0,0,0,0,0,0},{0,0,0,0,0,0,0,0,0},{0,0,0,0,0,0,0,0,0},{0,0,0,0,0,0,0,0,0},{0,0,0,0,0,0,0,0,0},{0,0,0,0,0,0,0,0,0}}
]
13:16:51.685 INFO  [main] SudokuBoard - Wartość 0 wstawiona nieprawidłowo
13:16:51.686 INFO  [main] SudokuBoard - Bład w kwadracie 0
sudoku.model.SudokuBoard@2c3f81ef[
  size=9
  solver=sudoku.model.BacktrackingSudokuSolver@374013e8
  board={{6,4,1,7,5,2,3,8,9},{2,7,3,6,1,8,0,0,0},{0,0,0,0,0,0,0,0,0},{0,0,0,0,0,0,0,0,0},{0,0,0,0,0,0,0,0,0},{0,0,0,0,0,0,0,0,0},{0,0,0,0,0,0,0,0,0},{0,0,0,0,0,0,0,0,0},{0,0,0,0,0,0,0,0,0}}
]
13:16:51.686 INFO  [main] SudokuBoard - Wartość 0 wstawiona nieprawidłowo
13:16:51.686 INFO  [main] SudokuBoard - Bład w kwadracie 0
sudoku.model.SudokuBoard@2c3f81ef[
  size=9
  solver=sudoku.model.BacktrackingSudokuSolver@374013e8
  board={{6,4,1,7,5,2,3,8,9},{2,7,3,6,1,8,5,0,0},{0,0,0,0,0,0,0,0,0},{0,0,0,0,0,0,0,0,0},{0,0,0,0,0,0,0,0,0},{0,0,0,0,0,0,0,0,0},{0,0,0,0,0,0,0,0,0},{0,0,0,0,0,0,0,0,0},{0,0,0,0,0,0,0,0,0}}
]
13:16:51.686 INFO  [main] SudokuBoard - Wartość 0 wstawiona nieprawidłowo
13:16:51.686 INFO  [main] SudokuBoard - Bład w kwadracie 0
sudoku.model.SudokuBoard@2c3f81ef[
  size=9
  solver=sudoku.model.BacktrackingSudokuSolver@374013e8
  board={{6,4,1,7,5,2,3,8,9},{2,7,3,6,1,8,0,0,0},{0,0,0,0,0,0,0,0,0},{0,0,0,0,0,0,0,0,0},{0,0,0,0,0,0,0,0,0},{0,0,0,0,0,0,0,0,0},{0,0,0,0,0,0,0,0,0},{0,0,0,0,0,0,0,0,0},{0,0,0,0,0,0,0,0,0}}
]
13:16:51.686 INFO  [main] SudokuBoard - Wartość 0 wstawiona nieprawidłowo
13:16:51.686 INFO  [main] SudokuBoard - Bład w kwadracie 0
sudoku.model.SudokuBoard@2c3f81ef[
  size=9
  solver=sudoku.model.BacktrackingSudokuSolver@374013e8
  board={{6,4,1,7,5,2,3,8,9},{2,7,3,6,1,0,0,0,0},{0,0,0,0,0,0,0,0,0},{0,0,0,0,0,0,0,0,0},{0,0,0,0,0,0,0,0,0},{0,0,0,0,0,0,0,0,0},{0,0,0,0,0,0,0,0,0},{0,0,0,0,0,0,0,0,0},{0,0,0,0,0,0,0,0,0}}
]
13:16:51.686 INFO  [main] SudokuBoard - Wartość 0 wstawiona nieprawidłowo
13:16:51.686 INFO  [main] SudokuBoard - Bład w kwadracie 0
sudoku.model.SudokuBoard@2c3f81ef[
  size=9
  solver=sudoku.model.BacktrackingSudokuSolver@374013e8
  board={{6,4,1,7,5,2,3,8,9},{2,7,3,6,1,9,4,0,0},{0,0,0,0,0,0,0,0,0},{0,0,0,0,0,0,0,0,0},{0,0,0,0,0,0,0,0,0},{0,0,0,0,0,0,0,0,0},{0,0,0,0,0,0,0,0,0},{0,0,0,0,0,0,0,0,0},{0,0,0,0,0,0,0,0,0}}
]
13:16:51.686 INFO  [main] SudokuBoard - Wartość 0 wstawiona nieprawidłowo
13:16:51.686 INFO  [main] SudokuBoard - Bład w kwadracie 0
sudoku.model.SudokuBoard@2c3f81ef[
  size=9
  solver=sudoku.model.BacktrackingSudokuSolver@374013e8
  board={{6,4,1,7,5,2,3,8,9},{2,7,3,6,1,9,0,0,0},{0,0,0,0,0,0,0,0,0},{0,0,0,0,0,0,0,0,0},{0,0,0,0,0,0,0,0,0},{0,0,0,0,0,0,0,0,0},{0,0,0,0,0,0,0,0,0},{0,0,0,0,0,0,0,0,0},{0,0,0,0,0,0,0,0,0}}
]
13:16:51.686 INFO  [main] SudokuBoard - Wartość 0 wstawiona nieprawidłowo
13:16:51.686 INFO  [main] SudokuBoard - Bład w kwadracie 0
sudoku.model.SudokuBoard@2c3f81ef[
  size=9
  solver=sudoku.model.BacktrackingSudokuSolver@374013e8
  board={{6,4,1,7,5,2,3,8,9},{2,7,3,6,1,9,5,0,0},{0,0,0,0,0,0,0,0,0},{0,0,0,0,0,0,0,0,0},{0,0,0,0,0,0,0,0,0},{0,0,0,0,0,0,0,0,0},{0,0,0,0,0,0,0,0,0},{0,0,0,0,0,0,0,0,0},{0,0,0,0,0,0,0,0,0}}
]
13:16:51.686 INFO  [main] SudokuBoard - Wartość 0 wstawiona nieprawidłowo
13:16:51.686 INFO  [main] SudokuBoard - Bład w kwadracie 0
sudoku.model.SudokuBoard@2c3f81ef[
  size=9
  solver=sudoku.model.BacktrackingSudokuSolver@374013e8
  board={{6,4,1,7,5,2,3,8,9},{2,7,3,6,1,9,0,0,0},{0,0,0,0,0,0,0,0,0},{0,0,0,0,0,0,0,0,0},{0,0,0,0,0,0,0,0,0},{0,0,0,0,0,0,0,0,0},{0,0,0,0,0,0,0,0,0},{0,0,0,0,0,0,0,0,0},{0,0,0,0,0,0,0,0,0}}
]
13:16:51.686 INFO  [main] SudokuBoard - Wartość 0 wstawiona nieprawidłowo
13:16:51.687 INFO  [main] SudokuBoard - Bład w kwadracie 0
sudoku.model.SudokuBoard@2c3f81ef[
  size=9
  solver=sudoku.model.BacktrackingSudokuSolver@374013e8
  board={{6,4,1,7,5,2,3,8,9},{2,7,3,6,1,0,0,0,0},{0,0,0,0,0,0,0,0,0},{0,0,0,0,0,0,0,0,0},{0,0,0,0,0,0,0,0,0},{0,0,0,0,0,0,0,0,0},{0,0,0,0,0,0,0,0,0},{0,0,0,0,0,0,0,0,0},{0,0,0,0,0,0,0,0,0}}
]
13:16:51.687 INFO  [main] SudokuBoard - Wartość 0 wstawiona nieprawidłowo
13:16:51.687 INFO  [main] SudokuBoard - Bład w kwadracie 0
sudoku.model.SudokuBoard@2c3f81ef[
  size=9
  solver=sudoku.model.BacktrackingSudokuSolver@374013e8
  board={{6,4,1,7,5,2,3,8,9},{2,7,3,6,1,4,0,0,0},{0,0,0,0,0,0,0,0,0},{0,0,0,0,0,0,0,0,0},{0,0,0,0,0,0,0,0,0},{0,0,0,0,0,0,0,0,0},{0,0,0,0,0,0,0,0,0},{0,0,0,0,0,0,0,0,0},{0,0,0,0,0,0,0,0,0}}
]
13:16:51.687 INFO  [main] SudokuBoard - Wartość 0 wstawiona nieprawidłowo
13:16:51.687 INFO  [main] SudokuBoard - Bład w kwadracie 0
sudoku.model.SudokuBoard@2c3f81ef[
  size=9
  solver=sudoku.model.BacktrackingSudokuSolver@374013e8
  board={{6,4,1,7,5,2,3,8,9},{2,7,3,6,1,0,0,0,0},{0,0,0,0,0,0,0,0,0},{0,0,0,0,0,0,0,0,0},{0,0,0,0,0,0,0,0,0},{0,0,0,0,0,0,0,0,0},{0,0,0,0,0,0,0,0,0},{0,0,0,0,0,0,0,0,0},{0,0,0,0,0,0,0,0,0}}
]
13:16:51.687 INFO  [main] SudokuBoard - Wartość 0 wstawiona nieprawidłowo
13:16:51.688 INFO  [main] SudokuBoard - Bład w kwadracie 0
sudoku.model.SudokuBoard@2c3f81ef[
  size=9
  solver=sudoku.model.BacktrackingSudokuSolver@374013e8
  board={{6,4,1,7,5,2,3,8,9},{2,7,3,6,0,0,0,0,0},{0,0,0,0,0,0,0,0,0},{0,0,0,0,0,0,0,0,0},{0,0,0,0,0,0,0,0,0},{0,0,0,0,0,0,0,0,0},{0,0,0,0,0,0,0,0,0},{0,0,0,0,0,0,0,0,0},{0,0,0,0,0,0,0,0,0}}
]
13:16:51.688 INFO  [main] SudokuBoard - Wartość 0 wstawiona nieprawidłowo
13:16:51.688 INFO  [main] SudokuBoard - Bład w kwadracie 0
sudoku.model.SudokuBoard@2c3f81ef[
  size=9
  solver=sudoku.model.BacktrackingSudokuSolver@374013e8
  board={{6,4,1,7,5,2,3,8,9},{2,7,3,6,4,8,5,0,0},{0,0,0,0,0,0,0,0,0},{0,0,0,0,0,0,0,0,0},{0,0,0,0,0,0,0,0,0},{0,0,0,0,0,0,0,0,0},{0,0,0,0,0,0,0,0,0},{0,0,0,0,0,0,0,0,0},{0,0,0,0,0,0,0,0,0}}
]
13:16:51.688 INFO  [main] SudokuBoard - Wartość 0 wstawiona nieprawidłowo
13:16:51.688 INFO  [main] SudokuBoard - Bład w kwadracie 0
sudoku.model.SudokuBoard@2c3f81ef[
  size=9
  solver=sudoku.model.BacktrackingSudokuSolver@374013e8
  board={{6,4,1,7,5,2,3,8,9},{2,7,3,6,4,8,0,0,0},{0,0,0,0,0,0,0,0,0},{0,0,0,0,0,0,0,0,0},{0,0,0,0,0,0,0,0,0},{0,0,0,0,0,0,0,0,0},{0,0,0,0,0,0,0,0,0},{0,0,0,0,0,0,0,0,0},{0,0,0,0,0,0,0,0,0}}
]
13:16:51.689 INFO  [main] SudokuBoard - Wartość 0 wstawiona nieprawidłowo
13:16:51.689 INFO  [main] SudokuBoard - Bład w kwadracie 0
sudoku.model.SudokuBoard@2c3f81ef[
  size=9
  solver=sudoku.model.BacktrackingSudokuSolver@374013e8
  board={{6,4,1,7,5,2,3,8,9},{2,7,3,6,4,8,1,0,0},{0,0,0,0,0,0,0,0,0},{0,0,0,0,0,0,0,0,0},{0,0,0,0,0,0,0,0,0},{0,0,0,0,0,0,0,0,0},{0,0,0,0,0,0,0,0,0},{0,0,0,0,0,0,0,0,0},{0,0,0,0,0,0,0,0,0}}
]
13:16:51.689 INFO  [main] SudokuBoard - Wartość 0 wstawiona nieprawidłowo
13:16:51.689 INFO  [main] SudokuBoard - Bład w kwadracie 0
sudoku.model.SudokuBoard@2c3f81ef[
  size=9
  solver=sudoku.model.BacktrackingSudokuSolver@374013e8
  board={{6,4,1,7,5,2,3,8,9},{2,7,3,6,4,8,0,0,0},{0,0,0,0,0,0,0,0,0},{0,0,0,0,0,0,0,0,0},{0,0,0,0,0,0,0,0,0},{0,0,0,0,0,0,0,0,0},{0,0,0,0,0,0,0,0,0},{0,0,0,0,0,0,0,0,0},{0,0,0,0,0,0,0,0,0}}
]
13:16:51.689 INFO  [main] SudokuBoard - Wartość 0 wstawiona nieprawidłowo
13:16:51.689 INFO  [main] SudokuBoard - Bład w kwadracie 0
sudoku.model.SudokuBoard@2c3f81ef[
  size=9
  solver=sudoku.model.BacktrackingSudokuSolver@374013e8
  board={{6,4,1,7,5,2,3,8,9},{2,7,3,6,4,0,0,0,0},{0,0,0,0,0,0,0,0,0},{0,0,0,0,0,0,0,0,0},{0,0,0,0,0,0,0,0,0},{0,0,0,0,0,0,0,0,0},{0,0,0,0,0,0,0,0,0},{0,0,0,0,0,0,0,0,0},{0,0,0,0,0,0,0,0,0}}
]
13:16:51.689 INFO  [main] SudokuBoard - Wartość 0 wstawiona nieprawidłowo
13:16:51.689 INFO  [main] SudokuBoard - Bład w kwadracie 0
sudoku.model.SudokuBoard@2c3f81ef[
  size=9
  solver=sudoku.model.BacktrackingSudokuSolver@374013e8
  board={{6,4,1,7,5,2,3,8,9},{2,7,3,6,4,9,1,0,0},{0,0,0,0,0,0,0,0,0},{0,0,0,0,0,0,0,0,0},{0,0,0,0,0,0,0,0,0},{0,0,0,0,0,0,0,0,0},{0,0,0,0,0,0,0,0,0},{0,0,0,0,0,0,0,0,0},{0,0,0,0,0,0,0,0,0}}
]
13:16:51.689 INFO  [main] SudokuBoard - Wartość 0 wstawiona nieprawidłowo
13:16:51.693 INFO  [main] SudokuBoard - Bład w kwadracie 0
sudoku.model.SudokuBoard@2c3f81ef[
  size=9
  solver=sudoku.model.BacktrackingSudokuSolver@374013e8
  board={{6,4,1,7,5,2,3,8,9},{2,7,3,6,4,9,0,0,0},{0,0,0,0,0,0,0,0,0},{0,0,0,0,0,0,0,0,0},{0,0,0,0,0,0,0,0,0},{0,0,0,0,0,0,0,0,0},{0,0,0,0,0,0,0,0,0},{0,0,0,0,0,0,0,0,0},{0,0,0,0,0,0,0,0,0}}
]
13:16:51.693 INFO  [main] SudokuBoard - Wartość 0 wstawiona nieprawidłowo
13:16:51.693 INFO  [main] SudokuBoard - Bład w kwadracie 0
sudoku.model.SudokuBoard@2c3f81ef[
  size=9
  solver=sudoku.model.BacktrackingSudokuSolver@374013e8
  board={{6,4,1,7,5,2,3,8,9},{2,7,3,6,4,9,5,0,0},{0,0,0,0,0,0,0,0,0},{0,0,0,0,0,0,0,0,0},{0,0,0,0,0,0,0,0,0},{0,0,0,0,0,0,0,0,0},{0,0,0,0,0,0,0,0,0},{0,0,0,0,0,0,0,0,0},{0,0,0,0,0,0,0,0,0}}
]
13:16:51.693 INFO  [main] SudokuBoard - Wartość 0 wstawiona nieprawidłowo
13:16:51.693 INFO  [main] SudokuBoard - Bład w kwadracie 0
sudoku.model.SudokuBoard@2c3f81ef[
  size=9
  solver=sudoku.model.BacktrackingSudokuSolver@374013e8
  board={{6,4,1,7,5,2,3,8,9},{2,7,3,6,4,9,0,0,0},{0,0,0,0,0,0,0,0,0},{0,0,0,0,0,0,0,0,0},{0,0,0,0,0,0,0,0,0},{0,0,0,0,0,0,0,0,0},{0,0,0,0,0,0,0,0,0},{0,0,0,0,0,0,0,0,0},{0,0,0,0,0,0,0,0,0}}
]
13:16:51.693 INFO  [main] SudokuBoard - Wartość 0 wstawiona nieprawidłowo
13:16:51.693 INFO  [main] SudokuBoard - Bład w kwadracie 0
sudoku.model.SudokuBoard@2c3f81ef[
  size=9
  solver=sudoku.model.BacktrackingSudokuSolver@374013e8
  board={{6,4,1,7,5,2,3,8,9},{2,7,3,6,4,0,0,0,0},{0,0,0,0,0,0,0,0,0},{0,0,0,0,0,0,0,0,0},{0,0,0,0,0,0,0,0,0},{0,0,0,0,0,0,0,0,0},{0,0,0,0,0,0,0,0,0},{0,0,0,0,0,0,0,0,0},{0,0,0,0,0,0,0,0,0}}
]
13:16:51.693 INFO  [main] SudokuBoard - Wartość 0 wstawiona nieprawidłowo
13:16:51.693 INFO  [main] SudokuBoard - Bład w kwadracie 0
sudoku.model.SudokuBoard@2c3f81ef[
  size=9
  solver=sudoku.model.BacktrackingSudokuSolver@374013e8
  board={{6,4,1,7,5,2,3,8,9},{2,7,3,6,4,1,0,0,0},{0,0,0,0,0,0,0,0,0},{0,0,0,0,0,0,0,0,0},{0,0,0,0,0,0,0,0,0},{0,0,0,0,0,0,0,0,0},{0,0,0,0,0,0,0,0,0},{0,0,0,0,0,0,0,0,0},{0,0,0,0,0,0,0,0,0}}
]
13:16:51.693 INFO  [main] SudokuBoard - Wartość 0 wstawiona nieprawidłowo
13:16:51.693 INFO  [main] SudokuBoard - Bład w kwadracie 0
sudoku.model.SudokuBoard@2c3f81ef[
  size=9
  solver=sudoku.model.BacktrackingSudokuSolver@374013e8
  board={{6,4,1,7,5,2,3,8,9},{2,7,3,6,4,0,0,0,0},{0,0,0,0,0,0,0,0,0},{0,0,0,0,0,0,0,0,0},{0,0,0,0,0,0,0,0,0},{0,0,0,0,0,0,0,0,0},{0,0,0,0,0,0,0,0,0},{0,0,0,0,0,0,0,0,0},{0,0,0,0,0,0,0,0,0}}
]
13:16:51.693 INFO  [main] SudokuBoard - Wartość 0 wstawiona nieprawidłowo
13:16:51.694 INFO  [main] SudokuBoard - Bład w kwadracie 0
sudoku.model.SudokuBoard@2c3f81ef[
  size=9
  solver=sudoku.model.BacktrackingSudokuSolver@374013e8
  board={{6,4,1,7,5,2,3,8,9},{2,7,3,6,0,0,0,0,0},{0,0,0,0,0,0,0,0,0},{0,0,0,0,0,0,0,0,0},{0,0,0,0,0,0,0,0,0},{0,0,0,0,0,0,0,0,0},{0,0,0,0,0,0,0,0,0},{0,0,0,0,0,0,0,0,0},{0,0,0,0,0,0,0,0,0}}
]
13:16:51.694 INFO  [main] SudokuBoard - Wartość 0 wstawiona nieprawidłowo
13:16:51.697 INFO  [main] SudokuBoard - Bład w kwadracie 0
sudoku.model.SudokuBoard@2c3f81ef[
  size=9
  solver=sudoku.model.BacktrackingSudokuSolver@374013e8
  board={{6,4,1,7,5,2,3,8,9},{2,7,3,6,8,9,1,4,5},{8,9,5,1,3,4,2,6,7},{9,1,2,4,6,7,5,3,8},{7,5,4,3,9,8,6,1,2},{3,6,8,2,1,5,9,7,4},{1,8,6,5,2,3,4,0,0},{0,0,0,0,0,0,0,0,0},{0,0,0,0,0,0,0,0,0}}
]
13:16:51.697 INFO  [main] SudokuBoard - Wartość 0 wstawiona nieprawidłowo
13:16:51.697 INFO  [main] SudokuBoard - Bład w kwadracie 0
sudoku.model.SudokuBoard@2c3f81ef[
  size=9
  solver=sudoku.model.BacktrackingSudokuSolver@374013e8
  board={{6,4,1,7,5,2,3,8,9},{2,7,3,6,8,9,1,4,5},{8,9,5,1,3,4,2,6,7},{9,1,2,4,6,7,5,3,8},{7,5,4,3,9,8,6,1,2},{3,6,8,2,1,5,9,7,4},{1,8,6,5,2,3,0,0,0},{0,0,0,0,0,0,0,0,0},{0,0,0,0,0,0,0,0,0}}
]
13:16:51.697 INFO  [main] SudokuBoard - Wartość 0 wstawiona nieprawidłowo
13:16:51.697 INFO  [main] SudokuBoard - Bład w kwadracie 0
sudoku.model.SudokuBoard@2c3f81ef[
  size=9
  solver=sudoku.model.BacktrackingSudokuSolver@374013e8
  board={{6,4,1,7,5,2,3,8,9},{2,7,3,6,8,9,1,4,5},{8,9,5,1,3,4,2,6,7},{9,1,2,4,6,7,5,3,8},{7,5,4,3,9,8,6,1,2},{3,6,8,2,1,5,9,7,4},{1,8,6,5,2,3,7,0,0},{0,0,0,0,0,0,0,0,0},{0,0,0,0,0,0,0,0,0}}
]
13:16:51.697 INFO  [main] SudokuBoard - Wartość 0 wstawiona nieprawidłowo
13:16:51.697 INFO  [main] SudokuBoard - Bład w kwadracie 0
sudoku.model.SudokuBoard@2c3f81ef[
  size=9
  solver=sudoku.model.BacktrackingSudokuSolver@374013e8
  board={{6,4,1,7,5,2,3,8,9},{2,7,3,6,8,9,1,4,5},{8,9,5,1,3,4,2,6,7},{9,1,2,4,6,7,5,3,8},{7,5,4,3,9,8,6,1,2},{3,6,8,2,1,5,9,7,4},{1,8,6,5,2,3,0,0,0},{0,0,0,0,0,0,0,0,0},{0,0,0,0,0,0,0,0,0}}
]
13:16:51.697 INFO  [main] SudokuBoard - Wartość 0 wstawiona nieprawidłowo
13:16:51.697 INFO  [main] SudokuBoard - Bład w kwadracie 0
sudoku.model.SudokuBoard@2c3f81ef[
  size=9
  solver=sudoku.model.BacktrackingSudokuSolver@374013e8
  board={{6,4,1,7,5,2,3,8,9},{2,7,3,6,8,9,1,4,5},{8,9,5,1,3,4,2,6,7},{9,1,2,4,6,7,5,3,8},{7,5,4,3,9,8,6,1,2},{3,6,8,2,1,5,9,7,4},{1,8,6,5,2,0,0,0,0},{0,0,0,0,0,0,0,0,0},{0,0,0,0,0,0,0,0,0}}
]
13:16:51.697 INFO  [main] SudokuBoard - Wartość 0 wstawiona nieprawidłowo
13:16:51.698 INFO  [main] SudokuBoard - Bład w kwadracie 0
sudoku.model.SudokuBoard@2c3f81ef[
  size=9
  solver=sudoku.model.BacktrackingSudokuSolver@374013e8
  board={{6,4,1,7,5,2,3,8,9},{2,7,3,6,8,9,1,4,5},{8,9,5,1,3,4,2,6,7},{9,1,2,4,6,7,5,3,8},{7,5,4,3,9,8,6,1,2},{3,6,8,2,1,5,9,7,4},{1,8,6,5,0,0,0,0,0},{0,0,0,0,0,0,0,0,0},{0,0,0,0,0,0,0,0,0}}
]
13:16:51.698 INFO  [main] SudokuBoard - Wartość 0 wstawiona nieprawidłowo
13:16:51.698 INFO  [main] SudokuBoard - Bład w kwadracie 0
sudoku.model.SudokuBoard@2c3f81ef[
  size=9
  solver=sudoku.model.BacktrackingSudokuSolver@374013e8
  board={{6,4,1,7,5,2,3,8,9},{2,7,3,6,8,9,1,4,5},{8,9,5,1,3,4,2,6,7},{9,1,2,4,6,7,5,3,8},{7,5,4,3,9,8,6,1,2},{3,6,8,2,1,5,9,7,4},{1,8,6,5,4,3,7,0,0},{0,0,0,0,0,0,0,0,0},{0,0,0,0,0,0,0,0,0}}
]
13:16:51.698 INFO  [main] SudokuBoard - Wartość 0 wstawiona nieprawidłowo
13:16:51.698 INFO  [main] SudokuBoard - Bład w kwadracie 0
sudoku.model.SudokuBoard@2c3f81ef[
  size=9
  solver=sudoku.model.BacktrackingSudokuSolver@374013e8
  board={{6,4,1,7,5,2,3,8,9},{2,7,3,6,8,9,1,4,5},{8,9,5,1,3,4,2,6,7},{9,1,2,4,6,7,5,3,8},{7,5,4,3,9,8,6,1,2},{3,6,8,2,1,5,9,7,4},{1,8,6,5,4,3,7,0,0},{0,0,0,0,0,0,0,0,0},{0,0,0,0,0,0,0,0,0}}
]
13:16:51.698 INFO  [main] SudokuBoard - Wartość 0 wstawiona nieprawidłowo
13:16:51.698 INFO  [main] SudokuBoard - Bład w kwadracie 0
sudoku.model.SudokuBoard@2c3f81ef[
  size=9
  solver=sudoku.model.BacktrackingSudokuSolver@374013e8
  board={{6,4,1,7,5,2,3,8,9},{2,7,3,6,8,9,1,4,5},{8,9,5,1,3,4,2,6,7},{9,1,2,4,6,7,5,3,8},{7,5,4,3,9,8,6,1,2},{3,6,8,2,1,5,9,7,4},{1,8,6,5,4,3,0,0,0},{0,0,0,0,0,0,0,0,0},{0,0,0,0,0,0,0,0,0}}
]
13:16:51.698 INFO  [main] SudokuBoard - Wartość 0 wstawiona nieprawidłowo
13:16:51.698 INFO  [main] SudokuBoard - Bład w kwadracie 0
sudoku.model.SudokuBoard@2c3f81ef[
  size=9
  solver=sudoku.model.BacktrackingSudokuSolver@374013e8
  board={{6,4,1,7,5,2,3,8,9},{2,7,3,6,8,9,1,4,5},{8,9,5,1,3,4,2,6,7},{9,1,2,4,6,7,5,3,8},{7,5,4,3,9,8,6,1,2},{3,6,8,2,1,5,9,7,4},{1,8,6,5,4,0,0,0,0},{0,0,0,0,0,0,0,0,0},{0,0,0,0,0,0,0,0,0}}
]
13:16:51.698 INFO  [main] SudokuBoard - Wartość 0 wstawiona nieprawidłowo
13:16:51.698 INFO  [main] SudokuBoard - Bład w kwadracie 0
sudoku.model.SudokuBoard@2c3f81ef[
  size=9
  solver=sudoku.model.BacktrackingSudokuSolver@374013e8
  board={{6,4,1,7,5,2,3,8,9},{2,7,3,6,8,9,1,4,5},{8,9,5,1,3,4,2,6,7},{9,1,2,4,6,7,5,3,8},{7,5,4,3,9,8,6,1,2},{3,6,8,2,1,5,9,7,4},{1,8,6,5,0,0,0,0,0},{0,0,0,0,0,0,0,0,0},{0,0,0,0,0,0,0,0,0}}
]
13:16:51.698 INFO  [main] SudokuBoard - Wartość 0 wstawiona nieprawidłowo
13:16:51.698 INFO  [main] SudokuBoard - Bład w kwadracie 0
sudoku.model.SudokuBoard@2c3f81ef[
  size=9
  solver=sudoku.model.BacktrackingSudokuSolver@374013e8
  board={{6,4,1,7,5,2,3,8,9},{2,7,3,6,8,9,1,4,5},{8,9,5,1,3,4,2,6,7},{9,1,2,4,6,7,5,3,8},{7,5,4,3,9,8,6,1,2},{3,6,8,2,1,5,9,7,4},{1,8,6,5,7,3,4,0,0},{0,0,0,0,0,0,0,0,0},{0,0,0,0,0,0,0,0,0}}
]
13:16:51.698 INFO  [main] SudokuBoard - Wartość 0 wstawiona nieprawidłowo
13:16:51.699 INFO  [main] SudokuBoard - Bład w kwadracie 0
sudoku.model.SudokuBoard@2c3f81ef[
  size=9
  solver=sudoku.model.BacktrackingSudokuSolver@374013e8
  board={{6,4,1,7,5,2,3,8,9},{2,7,3,6,8,9,1,4,5},{8,9,5,1,3,4,2,6,7},{9,1,2,4,6,7,5,3,8},{7,5,4,3,9,8,6,1,2},{3,6,8,2,1,5,9,7,4},{1,8,6,5,7,3,4,0,0},{0,0,0,0,0,0,0,0,0},{0,0,0,0,0,0,0,0,0}}
]
13:16:51.699 INFO  [main] SudokuBoard - Wartość 0 wstawiona nieprawidłowo
13:16:51.699 INFO  [main] SudokuBoard - Bład w kwadracie 0
sudoku.model.SudokuBoard@2c3f81ef[
  size=9
  solver=sudoku.model.BacktrackingSudokuSolver@374013e8
  board={{6,4,1,7,5,2,3,8,9},{2,7,3,6,8,9,1,4,5},{8,9,5,1,3,4,2,6,7},{9,1,2,4,6,7,5,3,8},{7,5,4,3,9,8,6,1,2},{3,6,8,2,1,5,9,7,4},{1,8,6,5,7,3,0,0,0},{0,0,0,0,0,0,0,0,0},{0,0,0,0,0,0,0,0,0}}
]
13:16:51.699 INFO  [main] SudokuBoard - Wartość 0 wstawiona nieprawidłowo
13:16:51.699 INFO  [main] SudokuBoard - Bład w kwadracie 0
sudoku.model.SudokuBoard@2c3f81ef[
  size=9
  solver=sudoku.model.BacktrackingSudokuSolver@374013e8
  board={{6,4,1,7,5,2,3,8,9},{2,7,3,6,8,9,1,4,5},{8,9,5,1,3,4,2,6,7},{9,1,2,4,6,7,5,3,8},{7,5,4,3,9,8,6,1,2},{3,6,8,2,1,5,9,7,4},{1,8,6,5,7,0,0,0,0},{0,0,0,0,0,0,0,0,0},{0,0,0,0,0,0,0,0,0}}
]
13:16:51.699 INFO  [main] SudokuBoard - Wartość 0 wstawiona nieprawidłowo
13:16:51.699 INFO  [main] SudokuBoard - Bład w kwadracie 0
sudoku.model.SudokuBoard@2c3f81ef[
  size=9
  solver=sudoku.model.BacktrackingSudokuSolver@374013e8
  board={{6,4,1,7,5,2,3,8,9},{2,7,3,6,8,9,1,4,5},{8,9,5,1,3,4,2,6,7},{9,1,2,4,6,7,5,3,8},{7,5,4,3,9,8,6,1,2},{3,6,8,2,1,5,9,7,4},{1,8,6,5,0,0,0,0,0},{0,0,0,0,0,0,0,0,0},{0,0,0,0,0,0,0,0,0}}
]
13:16:51.699 INFO  [main] SudokuBoard - Wartość 0 wstawiona nieprawidłowo
13:16:51.699 INFO  [main] SudokuBoard - Bład w kwadracie 0
sudoku.model.SudokuBoard@2c3f81ef[
  size=9
  solver=sudoku.model.BacktrackingSudokuSolver@374013e8
  board={{6,4,1,7,5,2,3,8,9},{2,7,3,6,8,9,1,4,5},{8,9,5,1,3,4,2,6,7},{9,1,2,4,6,7,5,3,8},{7,5,4,3,9,8,6,1,2},{3,6,8,2,1,5,9,7,4},{1,8,6,0,0,0,0,0,0},{0,0,0,0,0,0,0,0,0},{0,0,0,0,0,0,0,0,0}}
]
13:16:51.699 INFO  [main] SudokuBoard - Wartość 0 wstawiona nieprawidłowo
13:16:51.701 INFO  [main] SudokuBoard - Bład w kwadracie 0
sudoku.model.SudokuBoard@2c3f81ef[
  size=9
  solver=sudoku.model.BacktrackingSudokuSolver@374013e8
  board={{6,4,1,7,5,2,3,8,9},{2,7,3,6,8,9,1,4,5},{8,9,5,1,3,4,2,6,7},{9,1,2,4,6,7,5,3,8},{7,5,4,3,9,8,6,1,2},{3,6,8,2,1,5,9,7,4},{1,8,6,9,4,3,7,0,0},{0,0,0,0,0,0,0,0,0},{0,0,0,0,0,0,0,0,0}}
]
13:16:51.701 INFO  [main] SudokuBoard - Wartość 0 wstawiona nieprawidłowo
13:16:51.701 INFO  [main] SudokuBoard - Bład w kwadracie 0
sudoku.model.SudokuBoard@2c3f81ef[
  size=9
  solver=sudoku.model.BacktrackingSudokuSolver@374013e8
  board={{6,4,1,7,5,2,3,8,9},{2,7,3,6,8,9,1,4,5},{8,9,5,1,3,4,2,6,7},{9,1,2,4,6,7,5,3,8},{7,5,4,3,9,8,6,1,2},{3,6,8,2,1,5,9,7,4},{1,8,6,9,4,3,7,0,0},{0,0,0,0,0,0,0,0,0},{0,0,0,0,0,0,0,0,0}}
]
13:16:51.701 INFO  [main] SudokuBoard - Wartość 0 wstawiona nieprawidłowo
13:16:51.701 INFO  [main] SudokuBoard - Bład w kwadracie 0
sudoku.model.SudokuBoard@2c3f81ef[
  size=9
  solver=sudoku.model.BacktrackingSudokuSolver@374013e8
  board={{6,4,1,7,5,2,3,8,9},{2,7,3,6,8,9,1,4,5},{8,9,5,1,3,4,2,6,7},{9,1,2,4,6,7,5,3,8},{7,5,4,3,9,8,6,1,2},{3,6,8,2,1,5,9,7,4},{1,8,6,9,4,3,0,0,0},{0,0,0,0,0,0,0,0,0},{0,0,0,0,0,0,0,0,0}}
]
13:16:51.701 INFO  [main] SudokuBoard - Wartość 0 wstawiona nieprawidłowo
13:16:51.701 INFO  [main] SudokuBoard - Bład w kwadracie 0
sudoku.model.SudokuBoard@2c3f81ef[
  size=9
  solver=sudoku.model.BacktrackingSudokuSolver@374013e8
  board={{6,4,1,7,5,2,3,8,9},{2,7,3,6,8,9,1,4,5},{8,9,5,1,3,4,2,6,7},{9,1,2,4,6,7,5,3,8},{7,5,4,3,9,8,6,1,2},{3,6,8,2,1,5,9,7,4},{1,8,6,9,4,0,0,0,0},{0,0,0,0,0,0,0,0,0},{0,0,0,0,0,0,0,0,0}}
]
13:16:51.701 INFO  [main] SudokuBoard - Wartość 0 wstawiona nieprawidłowo
13:16:51.701 INFO  [main] SudokuBoard - Bład w kwadracie 0
sudoku.model.SudokuBoard@2c3f81ef[
  size=9
  solver=sudoku.model.BacktrackingSudokuSolver@374013e8
  board={{6,4,1,7,5,2,3,8,9},{2,7,3,6,8,9,1,4,5},{8,9,5,1,3,4,2,6,7},{9,1,2,4,6,7,5,3,8},{7,5,4,3,9,8,6,1,2},{3,6,8,2,1,5,9,7,4},{1,8,6,9,0,0,0,0,0},{0,0,0,0,0,0,0,0,0},{0,0,0,0,0,0,0,0,0}}
]
13:16:51.701 INFO  [main] SudokuBoard - Wartość 0 wstawiona nieprawidłowo
13:16:51.701 INFO  [main] SudokuBoard - Bład w kwadracie 0
sudoku.model.SudokuBoard@2c3f81ef[
  size=9
  solver=sudoku.model.BacktrackingSudokuSolver@374013e8
  board={{6,4,1,7,5,2,3,8,9},{2,7,3,6,8,9,1,4,5},{8,9,5,1,3,4,2,6,7},{9,1,2,4,6,7,5,3,8},{7,5,4,3,9,8,6,1,2},{3,6,8,2,1,5,9,7,4},{1,8,6,9,7,3,4,0,0},{0,0,0,0,0,0,0,0,0},{0,0,0,0,0,0,0,0,0}}
]
13:16:51.701 INFO  [main] SudokuBoard - Wartość 0 wstawiona nieprawidłowo
13:16:51.702 INFO  [main] SudokuBoard - Bład w kwadracie 0
sudoku.model.SudokuBoard@2c3f81ef[
  size=9
  solver=sudoku.model.BacktrackingSudokuSolver@374013e8
  board={{6,4,1,7,5,2,3,8,9},{2,7,3,6,8,9,1,4,5},{8,9,5,1,3,4,2,6,7},{9,1,2,4,6,7,5,3,8},{7,5,4,3,9,8,6,1,2},{3,6,8,2,1,5,9,7,4},{1,8,6,9,7,3,4,0,0},{0,0,0,0,0,0,0,0,0},{0,0,0,0,0,0,0,0,0}}
]
13:16:51.702 INFO  [main] SudokuBoard - Wartość 0 wstawiona nieprawidłowo
13:16:51.702 INFO  [main] SudokuBoard - Bład w kwadracie 0
sudoku.model.SudokuBoard@2c3f81ef[
  size=9
  solver=sudoku.model.BacktrackingSudokuSolver@374013e8
  board={{6,4,1,7,5,2,3,8,9},{2,7,3,6,8,9,1,4,5},{8,9,5,1,3,4,2,6,7},{9,1,2,4,6,7,5,3,8},{7,5,4,3,9,8,6,1,2},{3,6,8,2,1,5,9,7,4},{1,8,6,9,7,3,0,0,0},{0,0,0,0,0,0,0,0,0},{0,0,0,0,0,0,0,0,0}}
]
13:16:51.702 INFO  [main] SudokuBoard - Wartość 0 wstawiona nieprawidłowo
13:16:51.702 INFO  [main] SudokuBoard - Bład w kwadracie 0
sudoku.model.SudokuBoard@2c3f81ef[
  size=9
  solver=sudoku.model.BacktrackingSudokuSolver@374013e8
  board={{6,4,1,7,5,2,3,8,9},{2,7,3,6,8,9,1,4,5},{8,9,5,1,3,4,2,6,7},{9,1,2,4,6,7,5,3,8},{7,5,4,3,9,8,6,1,2},{3,6,8,2,1,5,9,7,4},{1,8,6,9,7,0,0,0,0},{0,0,0,0,0,0,0,0,0},{0,0,0,0,0,0,0,0,0}}
]
13:16:51.702 INFO  [main] SudokuBoard - Wartość 0 wstawiona nieprawidłowo
13:16:51.702 INFO  [main] SudokuBoard - Bład w kwadracie 0
sudoku.model.SudokuBoard@2c3f81ef[
  size=9
  solver=sudoku.model.BacktrackingSudokuSolver@374013e8
  board={{6,4,1,7,5,2,3,8,9},{2,7,3,6,8,9,1,4,5},{8,9,5,1,3,4,2,6,7},{9,1,2,4,6,7,5,3,8},{7,5,4,3,9,8,6,1,2},{3,6,8,2,1,5,9,7,4},{1,8,6,9,0,0,0,0,0},{0,0,0,0,0,0,0,0,0},{0,0,0,0,0,0,0,0,0}}
]
13:16:51.702 INFO  [main] SudokuBoard - Wartość 0 wstawiona nieprawidłowo
13:16:51.702 INFO  [main] SudokuBoard - Bład w kwadracie 0
sudoku.model.SudokuBoard@2c3f81ef[
  size=9
  solver=sudoku.model.BacktrackingSudokuSolver@374013e8
  board={{6,4,1,7,5,2,3,8,9},{2,7,3,6,8,9,1,4,5},{8,9,5,1,3,4,2,6,7},{9,1,2,4,6,7,5,3,8},{7,5,4,3,9,8,6,1,2},{3,6,8,2,1,5,9,7,4},{1,8,6,9,2,3,4,0,0},{0,0,0,0,0,0,0,0,0},{0,0,0,0,0,0,0,0,0}}
]
13:16:51.702 INFO  [main] SudokuBoard - Wartość 0 wstawiona nieprawidłowo
13:16:51.702 INFO  [main] SudokuBoard - Bład w kwadracie 0
sudoku.model.SudokuBoard@2c3f81ef[
  size=9
  solver=sudoku.model.BacktrackingSudokuSolver@374013e8
  board={{6,4,1,7,5,2,3,8,9},{2,7,3,6,8,9,1,4,5},{8,9,5,1,3,4,2,6,7},{9,1,2,4,6,7,5,3,8},{7,5,4,3,9,8,6,1,2},{3,6,8,2,1,5,9,7,4},{1,8,6,9,2,3,0,0,0},{0,0,0,0,0,0,0,0,0},{0,0,0,0,0,0,0,0,0}}
]
13:16:51.702 INFO  [main] SudokuBoard - Wartość 0 wstawiona nieprawidłowo
13:16:51.702 INFO  [main] SudokuBoard - Bład w kwadracie 0
sudoku.model.SudokuBoard@2c3f81ef[
  size=9
  solver=sudoku.model.BacktrackingSudokuSolver@374013e8
  board={{6,4,1,7,5,2,3,8,9},{2,7,3,6,8,9,1,4,5},{8,9,5,1,3,4,2,6,7},{9,1,2,4,6,7,5,3,8},{7,5,4,3,9,8,6,1,2},{3,6,8,2,1,5,9,7,4},{1,8,6,9,2,3,7,0,0},{0,0,0,0,0,0,0,0,0},{0,0,0,0,0,0,0,0,0}}
]
13:16:51.702 INFO  [main] SudokuBoard - Wartość 0 wstawiona nieprawidłowo
13:16:51.703 INFO  [main] SudokuBoard - Bład w kwadracie 0
sudoku.model.SudokuBoard@2c3f81ef[
  size=9
  solver=sudoku.model.BacktrackingSudokuSolver@374013e8
  board={{6,4,1,7,5,2,3,8,9},{2,7,3,6,8,9,1,4,5},{8,9,5,1,3,4,2,6,7},{9,1,2,4,6,7,5,3,8},{7,5,4,3,9,8,6,1,2},{3,6,8,2,1,5,9,7,4},{1,8,6,9,2,3,0,0,0},{0,0,0,0,0,0,0,0,0},{0,0,0,0,0,0,0,0,0}}
]
13:16:51.703 INFO  [main] SudokuBoard - Wartość 0 wstawiona nieprawidłowo
13:16:51.703 INFO  [main] SudokuBoard - Bład w kwadracie 0
sudoku.model.SudokuBoard@2c3f81ef[
  size=9
  solver=sudoku.model.BacktrackingSudokuSolver@374013e8
  board={{6,4,1,7,5,2,3,8,9},{2,7,3,6,8,9,1,4,5},{8,9,5,1,3,4,2,6,7},{9,1,2,4,6,7,5,3,8},{7,5,4,3,9,8,6,1,2},{3,6,8,2,1,5,9,7,4},{1,8,6,9,2,0,0,0,0},{0,0,0,0,0,0,0,0,0},{0,0,0,0,0,0,0,0,0}}
]
13:16:51.703 INFO  [main] SudokuBoard - Wartość 0 wstawiona nieprawidłowo
13:16:51.703 INFO  [main] SudokuBoard - Bład w kwadracie 0
sudoku.model.SudokuBoard@2c3f81ef[
  size=9
  solver=sudoku.model.BacktrackingSudokuSolver@374013e8
  board={{6,4,1,7,5,2,3,8,9},{2,7,3,6,8,9,1,4,5},{8,9,5,1,3,4,2,6,7},{9,1,2,4,6,7,5,3,8},{7,5,4,3,9,8,6,1,2},{3,6,8,2,1,5,9,7,4},{1,8,6,9,0,0,0,0,0},{0,0,0,0,0,0,0,0,0},{0,0,0,0,0,0,0,0,0}}
]
13:16:51.703 INFO  [main] SudokuBoard - Wartość 0 wstawiona nieprawidłowo
13:16:51.703 INFO  [main] SudokuBoard - Bład w kwadracie 0
sudoku.model.SudokuBoard@2c3f81ef[
  size=9
  solver=sudoku.model.BacktrackingSudokuSolver@374013e8
  board={{6,4,1,7,5,2,3,8,9},{2,7,3,6,8,9,1,4,5},{8,9,5,1,3,4,2,6,7},{9,1,2,4,6,7,5,3,8},{7,5,4,3,9,8,6,1,2},{3,6,8,2,1,5,9,7,4},{1,8,6,0,0,0,0,0,0},{0,0,0,0,0,0,0,0,0},{0,0,0,0,0,0,0,0,0}}
]
13:16:51.703 INFO  [main] SudokuBoard - Wartość 0 wstawiona nieprawidłowo
13:16:51.703 INFO  [main] SudokuBoard - Bład w kwadracie 0
sudoku.model.SudokuBoard@2c3f81ef[
  size=9
  solver=sudoku.model.BacktrackingSudokuSolver@374013e8
  board={{6,4,1,7,5,2,3,8,9},{2,7,3,6,8,9,1,4,5},{8,9,5,1,3,4,2,6,7},{9,1,2,4,6,7,5,3,8},{7,5,4,3,9,8,6,1,2},{3,6,8,2,1,5,9,7,4},{1,8,0,0,0,0,0,0,0},{0,0,0,0,0,0,0,0,0},{0,0,0,0,0,0,0,0,0}}
]
13:16:51.703 INFO  [main] SudokuBoard - Wartość 0 wstawiona nieprawidłowo
13:16:51.704 INFO  [main] SudokuBoard - Bład w kwadracie 0
sudoku.model.SudokuBoard@2c3f81ef[
  size=9
  solver=sudoku.model.BacktrackingSudokuSolver@374013e8
  board={{1,4,1,7,5,2,3,8,9},{2,7,3,6,8,9,1,4,5},{8,9,5,1,3,4,2,6,7},{9,1,2,4,6,7,5,3,8},{7,5,4,3,9,8,6,1,2},{3,6,8,2,1,5,9,7,4},{1,8,7,5,2,3,4,9,6},{4,2,6,9,7,1,8,5,3},{5,3,9,8,4,6,7,2,1}}
]
13:16:51.704 INFO  [main] SudokuBoard - Wartość 1 wstawiona nieprawidłowo
13:16:51.705 INFO  [main] SudokuBoard - Bład w kwadracie 0
sudoku.model.SudokuBoard@2c3f81ef[
  size=9
  solver=sudoku.model.BacktrackingSudokuSolver@374013e8
  board={{1,1,1,7,5,2,3,8,9},{2,7,3,6,8,9,1,4,5},{8,9,5,1,3,4,2,6,7},{9,1,2,4,6,7,5,3,8},{7,5,4,3,9,8,6,1,2},{3,6,8,2,1,5,9,7,4},{1,8,7,5,2,3,4,9,6},{4,2,6,9,7,1,8,5,3},{5,3,9,8,4,6,7,2,1}}
]
13:16:51.705 INFO  [main] SudokuBoard - Wartość 1 wstawiona nieprawidłowo
13:16:51.705 INFO  [main] SudokuBoard - Bład w kwadracie 0
sudoku.model.SudokuBoard@712dd0b0[
  size=9
  solver=sudoku.model.BacktrackingSudokuSolver@374013e8
  board={{1,1,1,7,5,2,3,8,9},{2,7,3,6,8,9,1,4,5},{8,9,5,1,3,4,2,6,7},{9,1,2,4,6,7,5,3,8},{7,5,4,3,9,8,6,1,2},{3,6,8,2,1,5,9,7,4},{1,8,7,5,2,3,4,9,6},{4,2,6,9,7,1,8,5,3},{5,3,9,8,4,6,7,2,1}}
]
]]></system-out>
  </testcase>
  <testcase name="testEqualsDiffrentInstance" classname="sudoku.model.SudokuBoardTest" time="0.004"/>
  <testcase name="cloneTest" classname="sudoku.model.SudokuBoardTest" time="0.015">
    <system-out><![CDATA[13:16:51.715 INFO  [main] SudokuBoard - Bład w kwadracie 0
sudoku.model.SudokuBoard@6b3284[
  size=9
  solver=sudoku.model.BacktrackingSudokuSolver@500beb9f
  board={{2,9,1,3,8,4,5,6,7},{7,3,4,1,5,6,2,8,9},{5,8,6,9,2,7,1,3,4},{9,6,8,7,1,5,3,0,0},{0,0,0,0,0,0,0,0,0},{0,0,0,0,0,0,0,0,0},{0,0,0,0,0,0,0,0,0},{0,0,0,0,0,0,0,0,0},{0,0,0,0,0,0,0,0,0}}
]
13:16:51.715 INFO  [main] SudokuBoard - Wartość 0 wstawiona nieprawidłowo
13:16:51.715 INFO  [main] SudokuBoard - Bład w kwadracie 0
sudoku.model.SudokuBoard@6b3284[
  size=9
  solver=sudoku.model.BacktrackingSudokuSolver@500beb9f
  board={{2,9,1,3,8,4,5,6,7},{7,3,4,1,5,6,2,8,9},{5,8,6,9,2,7,1,3,4},{9,6,8,7,1,5,3,4,2},{3,1,5,8,4,2,6,0,0},{0,0,0,0,0,0,0,0,0},{0,0,0,0,0,0,0,0,0},{0,0,0,0,0,0,0,0,0},{0,0,0,0,0,0,0,0,0}}
]
13:16:51.715 INFO  [main] SudokuBoard - Wartość 0 wstawiona nieprawidłowo
13:16:51.715 INFO  [main] SudokuBoard - Bład w kwadracie 0
sudoku.model.SudokuBoard@6b3284[
  size=9
  solver=sudoku.model.BacktrackingSudokuSolver@500beb9f
  board={{2,9,1,3,8,4,5,6,7},{7,3,4,1,5,6,2,8,9},{5,8,6,9,2,7,1,3,4},{9,6,8,7,1,5,3,4,2},{3,1,5,8,4,2,6,0,0},{0,0,0,0,0,0,0,0,0},{0,0,0,0,0,0,0,0,0},{0,0,0,0,0,0,0,0,0},{0,0,0,0,0,0,0,0,0}}
]
13:16:51.715 INFO  [main] SudokuBoard - Wartość 0 wstawiona nieprawidłowo
13:16:51.715 INFO  [main] SudokuBoard - Bład w kwadracie 0
sudoku.model.SudokuBoard@6b3284[
  size=9
  solver=sudoku.model.BacktrackingSudokuSolver@500beb9f
  board={{2,9,1,3,8,4,5,6,7},{7,3,4,1,5,6,2,8,9},{5,8,6,9,2,7,1,3,4},{9,6,8,7,1,5,3,4,2},{3,1,5,8,4,2,0,0,0},{0,0,0,0,0,0,0,0,0},{0,0,0,0,0,0,0,0,0},{0,0,0,0,0,0,0,0,0},{0,0,0,0,0,0,0,0,0}}
]
13:16:51.715 INFO  [main] SudokuBoard - Wartość 0 wstawiona nieprawidłowo
13:16:51.717 INFO  [main] SudokuBoard - Bład w kwadracie 0
sudoku.model.SudokuBoard@6b3284[
  size=9
  solver=sudoku.model.BacktrackingSudokuSolver@500beb9f
  board={{2,9,1,3,8,4,5,6,7},{7,3,4,1,5,6,2,8,9},{5,8,6,9,2,7,1,3,4},{9,6,8,7,1,5,3,4,2},{3,1,5,8,4,2,7,9,6},{4,2,7,6,3,9,8,1,5},{6,4,9,5,7,0,0,0,0},{0,0,0,0,0,0,0,0,0},{0,0,0,0,0,0,0,0,0}}
]
13:16:51.717 INFO  [main] SudokuBoard - Wartość 0 wstawiona nieprawidłowo
13:16:51.717 INFO  [main] SudokuBoard - Bład w kwadracie 0
sudoku.model.SudokuBoard@6b3284[
  size=9
  solver=sudoku.model.BacktrackingSudokuSolver@500beb9f
  board={{2,9,1,3,8,4,5,6,7},{7,3,4,1,5,6,2,8,9},{5,8,6,9,2,7,1,3,4},{9,6,8,7,1,5,3,4,2},{3,1,5,8,4,2,7,9,6},{4,2,7,6,3,9,8,1,5},{6,4,9,5,7,0,0,0,0},{0,0,0,0,0,0,0,0,0},{0,0,0,0,0,0,0,0,0}}
]
13:16:51.717 INFO  [main] SudokuBoard - Wartość 0 wstawiona nieprawidłowo
13:16:51.717 INFO  [main] SudokuBoard - Bład w kwadracie 0
sudoku.model.SudokuBoard@6b3284[
  size=9
  solver=sudoku.model.BacktrackingSudokuSolver@500beb9f
  board={{2,9,1,3,8,4,5,6,7},{7,3,4,1,5,6,2,8,9},{5,8,6,9,2,7,1,3,4},{9,6,8,7,1,5,3,4,2},{3,1,5,8,4,2,7,9,6},{4,2,7,6,3,9,8,1,5},{6,4,9,5,7,0,0,0,0},{0,0,0,0,0,0,0,0,0},{0,0,0,0,0,0,0,0,0}}
]
13:16:51.717 INFO  [main] SudokuBoard - Wartość 0 wstawiona nieprawidłowo
13:16:51.717 INFO  [main] SudokuBoard - Bład w kwadracie 0
sudoku.model.SudokuBoard@6b3284[
  size=9
  solver=sudoku.model.BacktrackingSudokuSolver@500beb9f
  board={{2,9,1,3,8,4,5,6,7},{7,3,4,1,5,6,2,8,9},{5,8,6,9,2,7,1,3,4},{9,6,8,7,1,5,3,4,2},{3,1,5,8,4,2,7,9,6},{4,2,7,6,3,9,8,1,5},{6,4,9,5,0,0,0,0,0},{0,0,0,0,0,0,0,0,0},{0,0,0,0,0,0,0,0,0}}
]
13:16:51.717 INFO  [main] SudokuBoard - Wartość 0 wstawiona nieprawidłowo
13:16:51.717 INFO  [main] SudokuBoard - Bład w kwadracie 0
sudoku.model.SudokuBoard@6b3284[
  size=9
  solver=sudoku.model.BacktrackingSudokuSolver@500beb9f
  board={{2,9,1,3,8,4,5,6,7},{7,3,4,1,5,6,2,8,9},{5,8,6,9,2,7,1,3,4},{9,6,8,7,1,5,3,4,2},{3,1,5,8,4,2,7,9,6},{4,2,7,6,3,9,8,1,5},{6,4,9,0,0,0,0,0,0},{0,0,0,0,0,0,0,0,0},{0,0,0,0,0,0,0,0,0}}
]
13:16:51.717 INFO  [main] SudokuBoard - Wartość 0 wstawiona nieprawidłowo
13:16:51.717 INFO  [main] SudokuBoard - Bład w kwadracie 0
sudoku.model.SudokuBoard@6b3284[
  size=9
  solver=sudoku.model.BacktrackingSudokuSolver@500beb9f
  board={{2,9,1,3,8,4,5,6,7},{7,3,4,1,5,6,2,8,9},{5,8,6,9,2,7,1,3,4},{9,6,8,7,1,5,3,4,2},{3,1,5,8,4,2,7,9,6},{4,2,7,6,3,9,8,1,5},{6,4,9,2,7,0,0,0,0},{0,0,0,0,0,0,0,0,0},{0,0,0,0,0,0,0,0,0}}
]
13:16:51.717 INFO  [main] SudokuBoard - Wartość 0 wstawiona nieprawidłowo
13:16:51.717 INFO  [main] SudokuBoard - Bład w kwadracie 0
sudoku.model.SudokuBoard@6b3284[
  size=9
  solver=sudoku.model.BacktrackingSudokuSolver@500beb9f
  board={{2,9,1,3,8,4,5,6,7},{7,3,4,1,5,6,2,8,9},{5,8,6,9,2,7,1,3,4},{9,6,8,7,1,5,3,4,2},{3,1,5,8,4,2,7,9,6},{4,2,7,6,3,9,8,1,5},{6,4,9,2,7,0,0,0,0},{0,0,0,0,0,0,0,0,0},{0,0,0,0,0,0,0,0,0}}
]
13:16:51.717 INFO  [main] SudokuBoard - Wartość 0 wstawiona nieprawidłowo
13:16:51.718 INFO  [main] SudokuBoard - Bład w kwadracie 0
sudoku.model.SudokuBoard@6b3284[
  size=9
  solver=sudoku.model.BacktrackingSudokuSolver@500beb9f
  board={{2,9,1,3,8,4,5,6,7},{7,3,4,1,5,6,2,8,9},{5,8,6,9,2,7,1,3,4},{9,6,8,7,1,5,3,4,2},{3,1,5,8,4,2,7,9,6},{4,2,7,6,3,9,8,1,5},{6,4,9,2,7,0,0,0,0},{0,0,0,0,0,0,0,0,0},{0,0,0,0,0,0,0,0,0}}
]
13:16:51.718 INFO  [main] SudokuBoard - Wartość 0 wstawiona nieprawidłowo
13:16:51.718 INFO  [main] SudokuBoard - Bład w kwadracie 0
sudoku.model.SudokuBoard@6b3284[
  size=9
  solver=sudoku.model.BacktrackingSudokuSolver@500beb9f
  board={{2,9,1,3,8,4,5,6,7},{7,3,4,1,5,6,2,8,9},{5,8,6,9,2,7,1,3,4},{9,6,8,7,1,5,3,4,2},{3,1,5,8,4,2,7,9,6},{4,2,7,6,3,9,8,1,5},{6,4,9,2,0,0,0,0,0},{0,0,0,0,0,0,0,0,0},{0,0,0,0,0,0,0,0,0}}
]
13:16:51.718 INFO  [main] SudokuBoard - Wartość 0 wstawiona nieprawidłowo
13:16:51.718 INFO  [main] SudokuBoard - Bład w kwadracie 0
sudoku.model.SudokuBoard@6b3284[
  size=9
  solver=sudoku.model.BacktrackingSudokuSolver@500beb9f
  board={{2,9,1,3,8,4,5,6,7},{7,3,4,1,5,6,2,8,9},{5,8,6,9,2,7,1,3,4},{9,6,8,7,1,5,3,4,2},{3,1,5,8,4,2,7,9,6},{4,2,7,6,3,9,8,1,5},{6,4,9,0,0,0,0,0,0},{0,0,0,0,0,0,0,0,0},{0,0,0,0,0,0,0,0,0}}
]
13:16:51.718 INFO  [main] SudokuBoard - Wartość 0 wstawiona nieprawidłowo
13:16:51.718 INFO  [main] SudokuBoard - Bład w kwadracie 0
sudoku.model.SudokuBoard@6b3284[
  size=9
  solver=sudoku.model.BacktrackingSudokuSolver@500beb9f
  board={{2,9,1,3,8,4,5,6,7},{7,3,4,1,5,6,2,8,9},{5,8,6,9,2,7,1,3,4},{9,6,8,7,1,5,3,4,2},{3,1,5,8,4,2,7,9,6},{4,2,7,6,3,9,8,1,5},{6,4,0,0,0,0,0,0,0},{0,0,0,0,0,0,0,0,0},{0,0,0,0,0,0,0,0,0}}
]
13:16:51.718 INFO  [main] SudokuBoard - Wartość 0 wstawiona nieprawidłowo
13:16:51.718 INFO  [main] SudokuBoard - Bład w kwadracie 0
sudoku.model.SudokuBoard@6b3284[
  size=9
  solver=sudoku.model.BacktrackingSudokuSolver@500beb9f
  board={{2,9,1,3,8,4,5,6,7},{7,3,4,1,5,6,2,8,9},{5,8,6,9,2,7,1,3,4},{9,6,8,7,1,5,3,4,2},{3,1,5,8,4,2,7,9,6},{4,2,7,6,3,9,8,1,5},{6,4,2,5,7,3,0,0,0},{0,0,0,0,0,0,0,0,0},{0,0,0,0,0,0,0,0,0}}
]
13:16:51.718 INFO  [main] SudokuBoard - Wartość 0 wstawiona nieprawidłowo
13:16:51.718 INFO  [main] SudokuBoard - Bład w kwadracie 0
sudoku.model.SudokuBoard@6b3284[
  size=9
  solver=sudoku.model.BacktrackingSudokuSolver@500beb9f
  board={{2,9,1,3,8,4,5,6,7},{7,3,4,1,5,6,2,8,9},{5,8,6,9,2,7,1,3,4},{9,6,8,7,1,5,3,4,2},{3,1,5,8,4,2,7,9,6},{4,2,7,6,3,9,8,1,5},{6,4,2,5,7,0,0,0,0},{0,0,0,0,0,0,0,0,0},{0,0,0,0,0,0,0,0,0}}
]
13:16:51.718 INFO  [main] SudokuBoard - Wartość 0 wstawiona nieprawidłowo
13:16:51.718 INFO  [main] SudokuBoard - Bład w kwadracie 0
sudoku.model.SudokuBoard@6b3284[
  size=9
  solver=sudoku.model.BacktrackingSudokuSolver@500beb9f
  board={{2,9,1,3,8,4,5,6,7},{7,3,4,1,5,6,2,8,9},{5,8,6,9,2,7,1,3,4},{9,6,8,7,1,5,3,4,2},{3,1,5,8,4,2,7,9,6},{4,2,7,6,3,9,8,1,5},{6,4,2,5,7,8,0,0,0},{0,0,0,0,0,0,0,0,0},{0,0,0,0,0,0,0,0,0}}
]
13:16:51.718 INFO  [main] SudokuBoard - Wartość 0 wstawiona nieprawidłowo
13:16:51.719 INFO  [main] SudokuBoard - Bład w kwadracie 0
sudoku.model.SudokuBoard@6b3284[
  size=9
  solver=sudoku.model.BacktrackingSudokuSolver@500beb9f
  board={{2,9,1,3,8,4,5,6,7},{7,3,4,1,5,6,2,8,9},{5,8,6,9,2,7,1,3,4},{9,6,8,7,1,5,3,4,2},{3,1,5,8,4,2,7,9,6},{4,2,7,6,3,9,8,1,5},{6,4,2,5,7,0,0,0,0},{0,0,0,0,0,0,0,0,0},{0,0,0,0,0,0,0,0,0}}
]
13:16:51.719 INFO  [main] SudokuBoard - Wartość 0 wstawiona nieprawidłowo
13:16:51.719 INFO  [main] SudokuBoard - Bład w kwadracie 0
sudoku.model.SudokuBoard@6b3284[
  size=9
  solver=sudoku.model.BacktrackingSudokuSolver@500beb9f
  board={{2,9,1,3,8,4,5,6,7},{7,3,4,1,5,6,2,8,9},{5,8,6,9,2,7,1,3,4},{9,6,8,7,1,5,3,4,2},{3,1,5,8,4,2,7,9,6},{4,2,7,6,3,9,8,1,5},{6,4,2,5,7,1,0,0,0},{0,0,0,0,0,0,0,0,0},{0,0,0,0,0,0,0,0,0}}
]
13:16:51.719 INFO  [main] SudokuBoard - Wartość 0 wstawiona nieprawidłowo
13:16:51.719 INFO  [main] SudokuBoard - Bład w kwadracie 0
sudoku.model.SudokuBoard@6b3284[
  size=9
  solver=sudoku.model.BacktrackingSudokuSolver@500beb9f
  board={{2,9,1,3,8,4,5,6,7},{7,3,4,1,5,6,2,8,9},{5,8,6,9,2,7,1,3,4},{9,6,8,7,1,5,3,4,2},{3,1,5,8,4,2,7,9,6},{4,2,7,6,3,9,8,1,5},{6,4,2,5,7,0,0,0,0},{0,0,0,0,0,0,0,0,0},{0,0,0,0,0,0,0,0,0}}
]
13:16:51.719 INFO  [main] SudokuBoard - Wartość 0 wstawiona nieprawidłowo
13:16:51.719 INFO  [main] SudokuBoard - Bład w kwadracie 0
sudoku.model.SudokuBoard@6b3284[
  size=9
  solver=sudoku.model.BacktrackingSudokuSolver@500beb9f
  board={{2,9,1,3,8,4,5,6,7},{7,3,4,1,5,6,2,8,9},{5,8,6,9,2,7,1,3,4},{9,6,8,7,1,5,3,4,2},{3,1,5,8,4,2,7,9,6},{4,2,7,6,3,9,8,1,5},{6,4,2,5,0,0,0,0,0},{0,0,0,0,0,0,0,0,0},{0,0,0,0,0,0,0,0,0}}
]
13:16:51.719 INFO  [main] SudokuBoard - Wartość 0 wstawiona nieprawidłowo
13:16:51.719 INFO  [main] SudokuBoard - Bład w kwadracie 0
sudoku.model.SudokuBoard@6b3284[
  size=9
  solver=sudoku.model.BacktrackingSudokuSolver@500beb9f
  board={{2,9,1,3,8,4,5,6,7},{7,3,4,1,5,6,2,8,9},{5,8,6,9,2,7,1,3,4},{9,6,8,7,1,5,3,4,2},{3,1,5,8,4,2,7,9,6},{4,2,7,6,3,9,8,1,5},{6,4,2,5,9,0,0,0,0},{0,0,0,0,0,0,0,0,0},{0,0,0,0,0,0,0,0,0}}
]
13:16:51.719 INFO  [main] SudokuBoard - Wartość 0 wstawiona nieprawidłowo
13:16:51.719 INFO  [main] SudokuBoard - Bład w kwadracie 0
sudoku.model.SudokuBoard@6b3284[
  size=9
  solver=sudoku.model.BacktrackingSudokuSolver@500beb9f
  board={{2,9,1,3,8,4,5,6,7},{7,3,4,1,5,6,2,8,9},{5,8,6,9,2,7,1,3,4},{9,6,8,7,1,5,3,4,2},{3,1,5,8,4,2,7,9,6},{4,2,7,6,3,9,8,1,5},{6,4,2,5,9,0,0,0,0},{0,0,0,0,0,0,0,0,0},{0,0,0,0,0,0,0,0,0}}
]
13:16:51.719 INFO  [main] SudokuBoard - Wartość 0 wstawiona nieprawidłowo
13:16:51.719 INFO  [main] SudokuBoard - Bład w kwadracie 0
sudoku.model.SudokuBoard@6b3284[
  size=9
  solver=sudoku.model.BacktrackingSudokuSolver@500beb9f
  board={{2,9,1,3,8,4,5,6,7},{7,3,4,1,5,6,2,8,9},{5,8,6,9,2,7,1,3,4},{9,6,8,7,1,5,3,4,2},{3,1,5,8,4,2,7,9,6},{4,2,7,6,3,9,8,1,5},{6,4,2,5,9,0,0,0,0},{0,0,0,0,0,0,0,0,0},{0,0,0,0,0,0,0,0,0}}
]
13:16:51.719 INFO  [main] SudokuBoard - Wartość 0 wstawiona nieprawidłowo
13:16:51.719 INFO  [main] SudokuBoard - Bład w kwadracie 0
sudoku.model.SudokuBoard@6b3284[
  size=9
  solver=sudoku.model.BacktrackingSudokuSolver@500beb9f
  board={{2,9,1,3,8,4,5,6,7},{7,3,4,1,5,6,2,8,9},{5,8,6,9,2,7,1,3,4},{9,6,8,7,1,5,3,4,2},{3,1,5,8,4,2,7,9,6},{4,2,7,6,3,9,8,1,5},{6,4,2,5,0,0,0,0,0},{0,0,0,0,0,0,0,0,0},{0,0,0,0,0,0,0,0,0}}
]
13:16:51.719 INFO  [main] SudokuBoard - Wartość 0 wstawiona nieprawidłowo
13:16:51.719 INFO  [main] SudokuBoard - Bład w kwadracie 0
sudoku.model.SudokuBoard@6b3284[
  size=9
  solver=sudoku.model.BacktrackingSudokuSolver@500beb9f
  board={{2,9,1,3,8,4,5,6,7},{7,3,4,1,5,6,2,8,9},{5,8,6,9,2,7,1,3,4},{9,6,8,7,1,5,3,4,2},{3,1,5,8,4,2,7,9,6},{4,2,7,6,3,9,8,1,5},{6,4,2,0,0,0,0,0,0},{0,0,0,0,0,0,0,0,0},{0,0,0,0,0,0,0,0,0}}
]
13:16:51.719 INFO  [main] SudokuBoard - Wartość 0 wstawiona nieprawidłowo
13:16:51.719 INFO  [main] SudokuBoard - Bład w kwadracie 0
sudoku.model.SudokuBoard@6b3284[
  size=9
  solver=sudoku.model.BacktrackingSudokuSolver@500beb9f
  board={{2,9,1,3,8,4,5,6,7},{7,3,4,1,5,6,2,8,9},{5,8,6,9,2,7,1,3,4},{9,6,8,7,1,5,3,4,2},{3,1,5,8,4,2,7,9,6},{4,2,7,6,3,9,8,1,5},{6,4,0,0,0,0,0,0,0},{0,0,0,0,0,0,0,0,0},{0,0,0,0,0,0,0,0,0}}
]
13:16:51.719 INFO  [main] SudokuBoard - Wartość 0 wstawiona nieprawidłowo
13:16:51.720 INFO  [main] SudokuBoard - Bład w kwadracie 0
sudoku.model.SudokuBoard@6b3284[
  size=9
  solver=sudoku.model.BacktrackingSudokuSolver@500beb9f
  board={{2,9,1,3,8,4,5,6,7},{7,3,4,1,5,6,2,8,9},{5,8,6,9,2,7,1,3,4},{9,6,8,7,1,5,3,4,2},{3,1,5,8,4,2,7,9,6},{4,2,7,6,3,9,8,1,5},{6,4,3,2,7,8,9,5,1},{8,5,9,4,6,0,0,0,0},{0,0,0,0,0,0,0,0,0}}
]
13:16:51.720 INFO  [main] SudokuBoard - Wartość 0 wstawiona nieprawidłowo
13:16:51.720 INFO  [main] SudokuBoard - Bład w kwadracie 0
sudoku.model.SudokuBoard@6b3284[
  size=9
  solver=sudoku.model.BacktrackingSudokuSolver@500beb9f
  board={{2,9,1,3,8,4,5,6,7},{7,3,4,1,5,6,2,8,9},{5,8,6,9,2,7,1,3,4},{9,6,8,7,1,5,3,4,2},{3,1,5,8,4,2,7,9,6},{4,2,7,6,3,9,8,1,5},{6,4,3,2,7,8,9,5,1},{8,5,9,4,6,0,0,0,0},{0,0,0,0,0,0,0,0,0}}
]
13:16:51.720 INFO  [main] SudokuBoard - Wartość 0 wstawiona nieprawidłowo
13:16:51.720 INFO  [main] SudokuBoard - Bład w kwadracie 0
sudoku.model.SudokuBoard@6b3284[
  size=9
  solver=sudoku.model.BacktrackingSudokuSolver@500beb9f
  board={{2,9,1,3,8,4,5,6,7},{7,3,4,1,5,6,2,8,9},{5,8,6,9,2,7,1,3,4},{9,6,8,7,1,5,3,4,2},{3,1,5,8,4,2,7,9,6},{4,2,7,6,3,9,8,1,5},{6,4,3,2,7,8,9,5,1},{8,5,9,4,0,0,0,0,0},{0,0,0,0,0,0,0,0,0}}
]
13:16:51.720 INFO  [main] SudokuBoard - Wartość 0 wstawiona nieprawidłowo
13:16:51.720 INFO  [main] SudokuBoard - Bład w kwadracie 0
sudoku.model.SudokuBoard@6b3284[
  size=9
  solver=sudoku.model.BacktrackingSudokuSolver@500beb9f
  board={{2,9,1,3,8,4,5,6,7},{7,3,4,1,5,6,2,8,9},{5,8,6,9,2,7,1,3,4},{9,6,8,7,1,5,3,4,2},{3,1,5,8,4,2,7,9,6},{4,2,7,6,3,9,8,1,5},{6,4,3,2,7,8,9,5,1},{8,5,9,0,0,0,0,0,0},{0,0,0,0,0,0,0,0,0}}
]
13:16:51.720 INFO  [main] SudokuBoard - Wartość 0 wstawiona nieprawidłowo
13:16:51.720 INFO  [main] SudokuBoard - Bład w kwadracie 0
sudoku.model.SudokuBoard@6b3284[
  size=9
  solver=sudoku.model.BacktrackingSudokuSolver@500beb9f
  board={{2,9,1,3,8,4,5,6,7},{7,3,4,1,5,6,2,8,9},{5,8,6,9,2,7,1,3,4},{9,6,8,7,1,5,3,4,2},{3,1,5,8,4,2,7,9,6},{4,2,7,6,3,9,8,1,5},{6,4,3,2,7,8,9,5,1},{8,5,0,0,0,0,0,0,0},{0,0,0,0,0,0,0,0,0}}
]
13:16:51.720 INFO  [main] SudokuBoard - Wartość 0 wstawiona nieprawidłowo
13:16:51.720 INFO  [main] SudokuBoard - Bład w kwadracie 0
sudoku.model.SudokuBoard@6b3284[
  size=9
  solver=sudoku.model.BacktrackingSudokuSolver@500beb9f
  board={{2,9,1,3,8,4,5,6,7},{7,3,4,1,5,6,2,8,9},{5,8,6,9,2,7,1,3,4},{9,6,8,7,1,5,3,4,2},{3,1,5,8,4,2,7,9,6},{4,2,7,6,3,9,8,1,5},{6,4,3,2,7,8,9,5,1},{8,5,2,4,6,0,0,0,0},{0,0,0,0,0,0,0,0,0}}
]
13:16:51.720 INFO  [main] SudokuBoard - Wartość 0 wstawiona nieprawidłowo
13:16:51.720 INFO  [main] SudokuBoard - Bład w kwadracie 0
sudoku.model.SudokuBoard@6b3284[
  size=9
  solver=sudoku.model.BacktrackingSudokuSolver@500beb9f
  board={{2,9,1,3,8,4,5,6,7},{7,3,4,1,5,6,2,8,9},{5,8,6,9,2,7,1,3,4},{9,6,8,7,1,5,3,4,2},{3,1,5,8,4,2,7,9,6},{4,2,7,6,3,9,8,1,5},{6,4,3,2,7,8,9,5,1},{8,5,2,4,6,0,0,0,0},{0,0,0,0,0,0,0,0,0}}
]
13:16:51.720 INFO  [main] SudokuBoard - Wartość 0 wstawiona nieprawidłowo
13:16:51.721 INFO  [main] SudokuBoard - Bład w kwadracie 0
sudoku.model.SudokuBoard@6b3284[
  size=9
  solver=sudoku.model.BacktrackingSudokuSolver@500beb9f
  board={{2,9,1,3,8,4,5,6,7},{7,3,4,1,5,6,2,8,9},{5,8,6,9,2,7,1,3,4},{9,6,8,7,1,5,3,4,2},{3,1,5,8,4,2,7,9,6},{4,2,7,6,3,9,8,1,5},{6,4,3,2,7,8,9,5,1},{8,5,2,4,0,0,0,0,0},{0,0,0,0,0,0,0,0,0}}
]
13:16:51.721 INFO  [main] SudokuBoard - Wartość 0 wstawiona nieprawidłowo
13:16:51.721 INFO  [main] SudokuBoard - Bład w kwadracie 0
sudoku.model.SudokuBoard@6b3284[
  size=9
  solver=sudoku.model.BacktrackingSudokuSolver@500beb9f
  board={{2,9,1,3,8,4,5,6,7},{7,3,4,1,5,6,2,8,9},{5,8,6,9,2,7,1,3,4},{9,6,8,7,1,5,3,4,2},{3,1,5,8,4,2,7,9,6},{4,2,7,6,3,9,8,1,5},{6,4,3,2,7,8,9,5,1},{8,5,2,4,9,3,6,0,0},{0,0,0,0,0,0,0,0,0}}
]
13:16:51.721 INFO  [main] SudokuBoard - Wartość 0 wstawiona nieprawidłowo
13:16:51.721 INFO  [main] SudokuBoard - Bład w kwadracie 0
sudoku.model.SudokuBoard@6b3284[
  size=9
  solver=sudoku.model.BacktrackingSudokuSolver@500beb9f
  board={{2,9,1,3,8,4,5,6,7},{7,3,4,1,5,6,2,8,9},{5,8,6,9,2,7,1,3,4},{9,6,8,7,1,5,3,4,2},{3,1,5,8,4,2,7,9,6},{4,2,7,6,3,9,8,1,5},{6,4,3,2,7,8,9,5,1},{8,5,2,4,9,3,0,0,0},{0,0,0,0,0,0,0,0,0}}
]
13:16:51.721 INFO  [main] SudokuBoard - Wartość 0 wstawiona nieprawidłowo
13:16:51.722 INFO  [main] SudokuBoard - Bład w kwadracie 0
sudoku.model.SudokuBoard@6b3284[
  size=9
  solver=sudoku.model.BacktrackingSudokuSolver@500beb9f
  board={{2,9,1,3,8,4,5,6,7},{7,3,4,1,5,6,2,8,9},{5,8,6,9,2,7,1,3,4},{9,6,8,7,1,5,3,4,2},{3,1,5,8,4,2,7,9,6},{4,2,7,6,3,9,8,1,5},{6,4,3,2,7,8,9,5,1},{8,5,2,4,9,0,0,0,0},{0,0,0,0,0,0,0,0,0}}
]
13:16:51.722 INFO  [main] SudokuBoard - Wartość 0 wstawiona nieprawidłowo
]]></system-out>
  </testcase>
  <testcase name="checkBoardTestColumnFalse" classname="sudoku.model.SudokuBoardTest" time="0.014">
    <system-out><![CDATA[13:16:51.735 INFO  [main] SudokuBoard - Bład w kwadracie 0
sudoku.model.SudokuBoard@67e37d25[
  size=9
  solver=sudoku.model.BacktrackingSudokuSolver@78d49939
  board={{1,9,7,8,4,5,2,3,6},{2,4,3,9,6,1,7,8,5},{5,6,8,2,3,7,4,1,9},{3,1,4,7,8,9,5,0,0},{0,0,0,0,0,0,0,0,0},{0,0,0,0,0,0,0,0,0},{0,0,0,0,0,0,0,0,0},{0,0,0,0,0,0,0,0,0},{0,0,0,0,0,0,0,0,0}}
]
13:16:51.735 INFO  [main] SudokuBoard - Wartość 0 wstawiona nieprawidłowo
13:16:51.735 INFO  [main] SudokuBoard - Bład w kwadracie 0
sudoku.model.SudokuBoard@67e37d25[
  size=9
  solver=sudoku.model.BacktrackingSudokuSolver@78d49939
  board={{1,9,7,8,4,5,2,3,6},{2,4,3,9,6,1,7,8,5},{5,6,8,2,3,7,4,1,9},{3,1,4,7,8,9,5,6,2},{6,5,9,1,2,3,8,4,7},{7,8,2,4,5,6,0,0,0},{0,0,0,0,0,0,0,0,0},{0,0,0,0,0,0,0,0,0},{0,0,0,0,0,0,0,0,0}}
]
13:16:51.735 INFO  [main] SudokuBoard - Wartość 0 wstawiona nieprawidłowo
13:16:51.735 INFO  [main] SudokuBoard - Bład w kwadracie 0
sudoku.model.SudokuBoard@67e37d25[
  size=9
  solver=sudoku.model.BacktrackingSudokuSolver@78d49939
  board={{1,9,7,8,4,5,2,3,6},{2,4,3,9,6,1,7,8,5},{5,6,8,2,3,7,4,1,9},{3,1,4,7,8,9,5,6,2},{6,5,9,1,2,3,8,4,7},{7,8,2,4,5,6,1,9,3},{4,2,1,3,9,8,6,0,0},{0,0,0,0,0,0,0,0,0},{0,0,0,0,0,0,0,0,0}}
]
13:16:51.735 INFO  [main] SudokuBoard - Wartość 0 wstawiona nieprawidłowo
13:16:51.735 INFO  [main] SudokuBoard - Bład w kwadracie 0
sudoku.model.SudokuBoard@67e37d25[
  size=9
  solver=sudoku.model.BacktrackingSudokuSolver@78d49939
  board={{1,9,7,8,4,5,2,3,6},{2,4,3,9,6,1,7,8,5},{5,6,8,2,3,7,4,1,9},{3,1,4,7,8,9,5,6,2},{6,5,9,1,2,3,8,4,7},{7,8,2,4,5,6,1,9,3},{4,2,1,3,9,8,6,0,0},{0,0,0,0,0,0,0,0,0},{0,0,0,0,0,0,0,0,0}}
]
13:16:51.735 INFO  [main] SudokuBoard - Wartość 0 wstawiona nieprawidłowo
13:16:51.735 INFO  [main] SudokuBoard - Bład w kwadracie 0
sudoku.model.SudokuBoard@67e37d25[
  size=9
  solver=sudoku.model.BacktrackingSudokuSolver@78d49939
  board={{1,9,7,8,4,5,2,3,6},{2,4,3,9,6,1,7,8,5},{5,6,8,2,3,7,4,1,9},{3,1,4,7,8,9,5,6,2},{6,5,9,1,2,3,8,4,7},{7,8,2,4,5,6,1,9,3},{4,2,1,3,9,8,0,0,0},{0,0,0,0,0,0,0,0,0},{0,0,0,0,0,0,0,0,0}}
]
13:16:51.735 INFO  [main] SudokuBoard - Wartość 0 wstawiona nieprawidłowo
13:16:51.735 INFO  [main] SudokuBoard - Bład w kwadracie 0
sudoku.model.SudokuBoard@67e37d25[
  size=9
  solver=sudoku.model.BacktrackingSudokuSolver@78d49939
  board={{1,9,7,8,4,5,2,3,6},{2,4,3,9,6,1,7,8,5},{5,6,8,2,3,7,4,1,9},{3,1,4,7,8,9,5,6,2},{6,5,9,1,2,3,8,4,7},{7,8,2,4,5,6,1,9,3},{4,2,1,3,9,0,0,0,0},{0,0,0,0,0,0,0,0,0},{0,0,0,0,0,0,0,0,0}}
]
13:16:51.735 INFO  [main] SudokuBoard - Wartość 0 wstawiona nieprawidłowo
13:16:51.735 INFO  [main] SudokuBoard - Bład w kwadracie 0
sudoku.model.SudokuBoard@67e37d25[
  size=9
  solver=sudoku.model.BacktrackingSudokuSolver@78d49939
  board={{1,9,7,8,4,5,2,3,6},{2,4,3,9,6,1,7,8,5},{5,6,8,2,3,7,4,1,9},{3,1,4,7,8,9,5,6,2},{6,5,9,1,2,3,8,4,7},{7,8,2,4,5,6,1,9,3},{4,2,1,3,0,0,0,0,0},{0,0,0,0,0,0,0,0,0},{0,0,0,0,0,0,0,0,0}}
]
13:16:51.736 INFO  [main] SudokuBoard - Wartość 0 wstawiona nieprawidłowo
13:16:51.736 INFO  [main] SudokuBoard - Bład w kwadracie 0
sudoku.model.SudokuBoard@67e37d25[
  size=9
  solver=sudoku.model.BacktrackingSudokuSolver@78d49939
  board={{1,9,7,8,4,5,2,3,6},{2,4,3,9,6,1,7,8,5},{5,6,8,2,3,7,4,1,9},{3,1,4,7,8,9,5,6,2},{6,5,9,1,2,3,8,4,7},{7,8,2,4,5,6,1,9,3},{4,2,1,3,7,8,9,0,0},{0,0,0,0,0,0,0,0,0},{0,0,0,0,0,0,0,0,0}}
]
13:16:51.736 INFO  [main] SudokuBoard - Wartość 0 wstawiona nieprawidłowo
13:16:51.736 INFO  [main] SudokuBoard - Bład w kwadracie 0
sudoku.model.SudokuBoard@67e37d25[
  size=9
  solver=sudoku.model.BacktrackingSudokuSolver@78d49939
  board={{1,9,7,8,4,5,2,3,6},{2,4,3,9,6,1,7,8,5},{5,6,8,2,3,7,4,1,9},{3,1,4,7,8,9,5,6,2},{6,5,9,1,2,3,8,4,7},{7,8,2,4,5,6,1,9,3},{4,2,1,3,7,8,0,0,0},{0,0,0,0,0,0,0,0,0},{0,0,0,0,0,0,0,0,0}}
]
13:16:51.736 INFO  [main] SudokuBoard - Wartość 0 wstawiona nieprawidłowo
13:16:51.736 INFO  [main] SudokuBoard - Bład w kwadracie 0
sudoku.model.SudokuBoard@67e37d25[
  size=9
  solver=sudoku.model.BacktrackingSudokuSolver@78d49939
  board={{1,9,7,8,4,5,2,3,6},{2,4,3,9,6,1,7,8,5},{5,6,8,2,3,7,4,1,9},{3,1,4,7,8,9,5,6,2},{6,5,9,1,2,3,8,4,7},{7,8,2,4,5,6,1,9,3},{4,2,1,3,7,8,6,0,0},{0,0,0,0,0,0,0,0,0},{0,0,0,0,0,0,0,0,0}}
]
13:16:51.736 INFO  [main] SudokuBoard - Wartość 0 wstawiona nieprawidłowo
13:16:51.736 INFO  [main] SudokuBoard - Bład w kwadracie 0
sudoku.model.SudokuBoard@67e37d25[
  size=9
  solver=sudoku.model.BacktrackingSudokuSolver@78d49939
  board={{1,9,7,8,4,5,2,3,6},{2,4,3,9,6,1,7,8,5},{5,6,8,2,3,7,4,1,9},{3,1,4,7,8,9,5,6,2},{6,5,9,1,2,3,8,4,7},{7,8,2,4,5,6,1,9,3},{4,2,1,3,7,8,0,0,0},{0,0,0,0,0,0,0,0,0},{0,0,0,0,0,0,0,0,0}}
]
13:16:51.736 INFO  [main] SudokuBoard - Wartość 0 wstawiona nieprawidłowo
13:16:51.736 INFO  [main] SudokuBoard - Bład w kwadracie 0
sudoku.model.SudokuBoard@67e37d25[
  size=9
  solver=sudoku.model.BacktrackingSudokuSolver@78d49939
  board={{1,9,7,8,4,5,2,3,6},{2,4,3,9,6,1,7,8,5},{5,6,8,2,3,7,4,1,9},{3,1,4,7,8,9,5,6,2},{6,5,9,1,2,3,8,4,7},{7,8,2,4,5,6,1,9,3},{4,2,1,3,7,0,0,0,0},{0,0,0,0,0,0,0,0,0},{0,0,0,0,0,0,0,0,0}}
]
13:16:51.736 INFO  [main] SudokuBoard - Wartość 0 wstawiona nieprawidłowo
13:16:51.737 INFO  [main] SudokuBoard - Bład w kwadracie 0
sudoku.model.SudokuBoard@67e37d25[
  size=9
  solver=sudoku.model.BacktrackingSudokuSolver@78d49939
  board={{1,9,7,8,4,5,2,3,6},{2,4,3,9,6,1,7,8,5},{5,6,8,2,3,7,4,1,9},{3,1,4,7,8,9,5,6,2},{6,5,9,1,2,3,8,4,7},{7,8,2,4,5,6,1,9,3},{4,2,1,3,0,0,0,0,0},{0,0,0,0,0,0,0,0,0},{0,0,0,0,0,0,0,0,0}}
]
13:16:51.737 INFO  [main] SudokuBoard - Wartość 0 wstawiona nieprawidłowo
13:16:51.737 INFO  [main] SudokuBoard - Bład w kwadracie 0
sudoku.model.SudokuBoard@67e37d25[
  size=9
  solver=sudoku.model.BacktrackingSudokuSolver@78d49939
  board={{1,9,7,8,4,5,2,3,6},{2,4,3,9,6,1,7,8,5},{5,6,8,2,3,7,4,1,9},{3,1,4,7,8,9,5,6,2},{6,5,9,1,2,3,8,4,7},{7,8,2,4,5,6,1,9,3},{4,2,1,0,0,0,0,0,0},{0,0,0,0,0,0,0,0,0},{0,0,0,0,0,0,0,0,0}}
]
13:16:51.737 INFO  [main] SudokuBoard - Wartość 0 wstawiona nieprawidłowo
13:16:51.737 INFO  [main] SudokuBoard - Bład w kwadracie 0
sudoku.model.SudokuBoard@67e37d25[
  size=9
  solver=sudoku.model.BacktrackingSudokuSolver@78d49939
  board={{1,9,7,8,4,5,2,3,6},{2,4,3,9,6,1,7,8,5},{5,6,8,2,3,7,4,1,9},{3,1,4,7,8,9,5,6,2},{6,5,9,1,2,3,8,4,7},{7,8,2,4,5,6,1,9,3},{4,2,1,5,7,8,0,0,0},{0,0,0,0,0,0,0,0,0},{0,0,0,0,0,0,0,0,0}}
]
13:16:51.737 INFO  [main] SudokuBoard - Wartość 0 wstawiona nieprawidłowo
13:16:51.737 INFO  [main] SudokuBoard - Bład w kwadracie 0
sudoku.model.SudokuBoard@67e37d25[
  size=9
  solver=sudoku.model.BacktrackingSudokuSolver@78d49939
  board={{1,9,7,8,4,5,2,3,6},{2,4,3,9,6,1,7,8,5},{5,6,8,2,3,7,4,1,9},{3,1,4,7,8,9,5,6,2},{6,5,9,1,2,3,8,4,7},{7,8,2,4,5,6,1,9,3},{4,2,1,5,7,8,0,0,0},{0,0,0,0,0,0,0,0,0},{0,0,0,0,0,0,0,0,0}}
]
13:16:51.737 INFO  [main] SudokuBoard - Wartość 0 wstawiona nieprawidłowo
13:16:51.737 INFO  [main] SudokuBoard - Bład w kwadracie 0
sudoku.model.SudokuBoard@67e37d25[
  size=9
  solver=sudoku.model.BacktrackingSudokuSolver@78d49939
  board={{1,9,7,8,4,5,2,3,6},{2,4,3,9,6,1,7,8,5},{5,6,8,2,3,7,4,1,9},{3,1,4,7,8,9,5,6,2},{6,5,9,1,2,3,8,4,7},{7,8,2,4,5,6,1,9,3},{4,2,1,5,7,8,0,0,0},{0,0,0,0,0,0,0,0,0},{0,0,0,0,0,0,0,0,0}}
]
13:16:51.737 INFO  [main] SudokuBoard - Wartość 0 wstawiona nieprawidłowo
13:16:51.737 INFO  [main] SudokuBoard - Bład w kwadracie 0
sudoku.model.SudokuBoard@67e37d25[
  size=9
  solver=sudoku.model.BacktrackingSudokuSolver@78d49939
  board={{1,9,7,8,4,5,2,3,6},{2,4,3,9,6,1,7,8,5},{5,6,8,2,3,7,4,1,9},{3,1,4,7,8,9,5,6,2},{6,5,9,1,2,3,8,4,7},{7,8,2,4,5,6,1,9,3},{4,2,1,5,7,0,0,0,0},{0,0,0,0,0,0,0,0,0},{0,0,0,0,0,0,0,0,0}}
]
13:16:51.737 INFO  [main] SudokuBoard - Wartość 0 wstawiona nieprawidłowo
13:16:51.738 INFO  [main] SudokuBoard - Bład w kwadracie 0
sudoku.model.SudokuBoard@67e37d25[
  size=9
  solver=sudoku.model.BacktrackingSudokuSolver@78d49939
  board={{1,9,7,8,4,5,2,3,6},{2,4,3,9,6,1,7,8,5},{5,6,8,2,3,7,4,1,9},{3,1,4,7,8,9,5,6,2},{6,5,9,1,2,3,8,4,7},{7,8,2,4,5,6,1,9,3},{4,2,1,5,0,0,0,0,0},{0,0,0,0,0,0,0,0,0},{0,0,0,0,0,0,0,0,0}}
]
13:16:51.738 INFO  [main] SudokuBoard - Wartość 0 wstawiona nieprawidłowo
13:16:51.738 INFO  [main] SudokuBoard - Bład w kwadracie 0
sudoku.model.SudokuBoard@67e37d25[
  size=9
  solver=sudoku.model.BacktrackingSudokuSolver@78d49939
  board={{1,9,7,8,4,5,2,3,6},{2,4,3,9,6,1,7,8,5},{5,6,8,2,3,7,4,1,9},{3,1,4,7,8,9,5,6,2},{6,5,9,1,2,3,8,4,7},{7,8,2,4,5,6,1,9,3},{4,2,1,5,9,8,3,0,0},{0,0,0,0,0,0,0,0,0},{0,0,0,0,0,0,0,0,0}}
]
13:16:51.738 INFO  [main] SudokuBoard - Wartość 0 wstawiona nieprawidłowo
13:16:51.738 INFO  [main] SudokuBoard - Bład w kwadracie 0
sudoku.model.SudokuBoard@67e37d25[
  size=9
  solver=sudoku.model.BacktrackingSudokuSolver@78d49939
  board={{1,9,7,8,4,5,2,3,6},{2,4,3,9,6,1,7,8,5},{5,6,8,2,3,7,4,1,9},{3,1,4,7,8,9,5,6,2},{6,5,9,1,2,3,8,4,7},{7,8,2,4,5,6,1,9,3},{4,2,1,5,9,8,0,0,0},{0,0,0,0,0,0,0,0,0},{0,0,0,0,0,0,0,0,0}}
]
13:16:51.738 INFO  [main] SudokuBoard - Wartość 0 wstawiona nieprawidłowo
13:16:51.738 INFO  [main] SudokuBoard - Bład w kwadracie 0
sudoku.model.SudokuBoard@67e37d25[
  size=9
  solver=sudoku.model.BacktrackingSudokuSolver@78d49939
  board={{1,9,7,8,4,5,2,3,6},{2,4,3,9,6,1,7,8,5},{5,6,8,2,3,7,4,1,9},{3,1,4,7,8,9,5,6,2},{6,5,9,1,2,3,8,4,7},{7,8,2,4,5,6,1,9,3},{4,2,1,5,9,8,6,0,0},{0,0,0,0,0,0,0,0,0},{0,0,0,0,0,0,0,0,0}}
]
13:16:51.738 INFO  [main] SudokuBoard - Wartość 0 wstawiona nieprawidłowo
13:16:51.738 INFO  [main] SudokuBoard - Bład w kwadracie 0
sudoku.model.SudokuBoard@67e37d25[
  size=9
  solver=sudoku.model.BacktrackingSudokuSolver@78d49939
  board={{1,9,7,8,4,5,2,3,6},{2,4,3,9,6,1,7,8,5},{5,6,8,2,3,7,4,1,9},{3,1,4,7,8,9,5,6,2},{6,5,9,1,2,3,8,4,7},{7,8,2,4,5,6,1,9,3},{4,2,1,5,9,8,0,0,0},{0,0,0,0,0,0,0,0,0},{0,0,0,0,0,0,0,0,0}}
]
13:16:51.739 INFO  [main] SudokuBoard - Wartość 0 wstawiona nieprawidłowo
13:16:51.739 INFO  [main] SudokuBoard - Bład w kwadracie 0
sudoku.model.SudokuBoard@67e37d25[
  size=9
  solver=sudoku.model.BacktrackingSudokuSolver@78d49939
  board={{1,9,7,8,4,5,2,3,6},{2,4,3,9,6,1,7,8,5},{5,6,8,2,3,7,4,1,9},{3,1,4,7,8,9,5,6,2},{6,5,9,1,2,3,8,4,7},{7,8,2,4,5,6,1,9,3},{4,2,1,5,9,0,0,0,0},{0,0,0,0,0,0,0,0,0},{0,0,0,0,0,0,0,0,0}}
]
13:16:51.739 INFO  [main] SudokuBoard - Wartość 0 wstawiona nieprawidłowo
13:16:51.739 INFO  [main] SudokuBoard - Bład w kwadracie 0
sudoku.model.SudokuBoard@67e37d25[
  size=9
  solver=sudoku.model.BacktrackingSudokuSolver@78d49939
  board={{1,9,7,8,4,5,2,3,6},{2,4,3,9,6,1,7,8,5},{5,6,8,2,3,7,4,1,9},{3,1,4,7,8,9,5,6,2},{6,5,9,1,2,3,8,4,7},{7,8,2,4,5,6,1,9,3},{4,2,1,5,0,0,0,0,0},{0,0,0,0,0,0,0,0,0},{0,0,0,0,0,0,0,0,0}}
]
13:16:51.739 INFO  [main] SudokuBoard - Wartość 0 wstawiona nieprawidłowo
13:16:51.739 INFO  [main] SudokuBoard - Bład w kwadracie 0
sudoku.model.SudokuBoard@67e37d25[
  size=9
  solver=sudoku.model.BacktrackingSudokuSolver@78d49939
  board={{1,9,7,8,4,5,2,3,6},{2,4,3,9,6,1,7,8,5},{5,6,8,2,3,7,4,1,9},{3,1,4,7,8,9,5,6,2},{6,5,9,1,2,3,8,4,7},{7,8,2,4,5,6,1,9,3},{4,2,1,0,0,0,0,0,0},{0,0,0,0,0,0,0,0,0},{0,0,0,0,0,0,0,0,0}}
]
13:16:51.739 INFO  [main] SudokuBoard - Wartość 0 wstawiona nieprawidłowo
13:16:51.739 INFO  [main] SudokuBoard - Bład w kwadracie 0
sudoku.model.SudokuBoard@67e37d25[
  size=9
  solver=sudoku.model.BacktrackingSudokuSolver@78d49939
  board={{1,9,7,8,4,5,2,3,6},{2,4,3,9,6,1,7,8,5},{5,6,8,2,3,7,4,1,9},{3,1,4,7,8,9,5,6,2},{6,5,9,1,2,3,8,4,7},{7,8,2,4,5,6,1,9,3},{4,2,1,6,9,8,3,0,0},{0,0,0,0,0,0,0,0,0},{0,0,0,0,0,0,0,0,0}}
]
13:16:51.739 INFO  [main] SudokuBoard - Wartość 0 wstawiona nieprawidłowo
13:16:51.739 INFO  [main] SudokuBoard - Bład w kwadracie 0
sudoku.model.SudokuBoard@67e37d25[
  size=9
  solver=sudoku.model.BacktrackingSudokuSolver@78d49939
  board={{1,9,7,8,4,5,2,3,6},{2,4,3,9,6,1,7,8,5},{5,6,8,2,3,7,4,1,9},{3,1,4,7,8,9,5,6,2},{6,5,9,1,2,3,8,4,7},{7,8,2,4,5,6,1,9,3},{4,2,1,6,9,8,3,0,0},{0,0,0,0,0,0,0,0,0},{0,0,0,0,0,0,0,0,0}}
]
13:16:51.739 INFO  [main] SudokuBoard - Wartość 0 wstawiona nieprawidłowo
13:16:51.739 INFO  [main] SudokuBoard - Bład w kwadracie 0
sudoku.model.SudokuBoard@67e37d25[
  size=9
  solver=sudoku.model.BacktrackingSudokuSolver@78d49939
  board={{1,9,7,8,4,5,2,3,6},{2,4,3,9,6,1,7,8,5},{5,6,8,2,3,7,4,1,9},{3,1,4,7,8,9,5,6,2},{6,5,9,1,2,3,8,4,7},{7,8,2,4,5,6,1,9,3},{4,2,1,6,9,8,0,0,0},{0,0,0,0,0,0,0,0,0},{0,0,0,0,0,0,0,0,0}}
]
13:16:51.739 INFO  [main] SudokuBoard - Wartość 0 wstawiona nieprawidłowo
13:16:51.739 INFO  [main] SudokuBoard - Bład w kwadracie 0
sudoku.model.SudokuBoard@67e37d25[
  size=9
  solver=sudoku.model.BacktrackingSudokuSolver@78d49939
  board={{1,9,7,8,4,5,2,3,6},{2,4,3,9,6,1,7,8,5},{5,6,8,2,3,7,4,1,9},{3,1,4,7,8,9,5,6,2},{6,5,9,1,2,3,8,4,7},{7,8,2,4,5,6,1,9,3},{4,2,1,6,9,0,0,0,0},{0,0,0,0,0,0,0,0,0},{0,0,0,0,0,0,0,0,0}}
]
13:16:51.739 INFO  [main] SudokuBoard - Wartość 0 wstawiona nieprawidłowo
13:16:51.739 INFO  [main] SudokuBoard - Bład w kwadracie 0
sudoku.model.SudokuBoard@67e37d25[
  size=9
  solver=sudoku.model.BacktrackingSudokuSolver@78d49939
  board={{1,9,7,8,4,5,2,3,6},{2,4,3,9,6,1,7,8,5},{5,6,8,2,3,7,4,1,9},{3,1,4,7,8,9,5,6,2},{6,5,9,1,2,3,8,4,7},{7,8,2,4,5,6,1,9,3},{4,2,1,6,0,0,0,0,0},{0,0,0,0,0,0,0,0,0},{0,0,0,0,0,0,0,0,0}}
]
13:16:51.739 INFO  [main] SudokuBoard - Wartość 0 wstawiona nieprawidłowo
13:16:51.740 INFO  [main] SudokuBoard - Bład w kwadracie 0
sudoku.model.SudokuBoard@67e37d25[
  size=9
  solver=sudoku.model.BacktrackingSudokuSolver@78d49939
  board={{1,9,7,8,4,5,2,3,6},{2,4,3,9,6,1,7,8,5},{5,6,8,2,3,7,4,1,9},{3,1,4,7,8,9,5,6,2},{6,5,9,1,2,3,8,4,7},{7,8,2,4,5,6,1,9,3},{4,2,1,6,7,8,9,0,0},{0,0,0,0,0,0,0,0,0},{0,0,0,0,0,0,0,0,0}}
]
13:16:51.740 INFO  [main] SudokuBoard - Wartość 0 wstawiona nieprawidłowo
13:16:51.740 INFO  [main] SudokuBoard - Bład w kwadracie 0
sudoku.model.SudokuBoard@67e37d25[
  size=9
  solver=sudoku.model.BacktrackingSudokuSolver@78d49939
  board={{1,9,7,8,4,5,2,3,6},{2,4,3,9,6,1,7,8,5},{5,6,8,2,3,7,4,1,9},{3,1,4,7,8,9,5,6,2},{6,5,9,1,2,3,8,4,7},{7,8,2,4,5,6,1,9,3},{4,2,1,6,7,8,0,0,0},{0,0,0,0,0,0,0,0,0},{0,0,0,0,0,0,0,0,0}}
]
13:16:51.740 INFO  [main] SudokuBoard - Wartość 0 wstawiona nieprawidłowo
13:16:51.740 INFO  [main] SudokuBoard - Bład w kwadracie 0
sudoku.model.SudokuBoard@67e37d25[
  size=9
  solver=sudoku.model.BacktrackingSudokuSolver@78d49939
  board={{1,9,7,8,4,5,2,3,6},{2,4,3,9,6,1,7,8,5},{5,6,8,2,3,7,4,1,9},{3,1,4,7,8,9,5,6,2},{6,5,9,1,2,3,8,4,7},{7,8,2,4,5,6,1,9,3},{4,2,1,6,7,8,3,0,0},{0,0,0,0,0,0,0,0,0},{0,0,0,0,0,0,0,0,0}}
]
13:16:51.740 INFO  [main] SudokuBoard - Wartość 0 wstawiona nieprawidłowo
13:16:51.740 INFO  [main] SudokuBoard - Bład w kwadracie 0
sudoku.model.SudokuBoard@67e37d25[
  size=9
  solver=sudoku.model.BacktrackingSudokuSolver@78d49939
  board={{1,9,7,8,4,5,2,3,6},{2,4,3,9,6,1,7,8,5},{5,6,8,2,3,7,4,1,9},{3,1,4,7,8,9,5,6,2},{6,5,9,1,2,3,8,4,7},{7,8,2,4,5,6,1,9,3},{4,2,1,6,7,8,0,0,0},{0,0,0,0,0,0,0,0,0},{0,0,0,0,0,0,0,0,0}}
]
13:16:51.740 INFO  [main] SudokuBoard - Wartość 0 wstawiona nieprawidłowo
13:16:51.740 INFO  [main] SudokuBoard - Bład w kwadracie 0
sudoku.model.SudokuBoard@67e37d25[
  size=9
  solver=sudoku.model.BacktrackingSudokuSolver@78d49939
  board={{1,9,7,8,4,5,2,3,6},{2,4,3,9,6,1,7,8,5},{5,6,8,2,3,7,4,1,9},{3,1,4,7,8,9,5,6,2},{6,5,9,1,2,3,8,4,7},{7,8,2,4,5,6,1,9,3},{4,2,1,6,7,0,0,0,0},{0,0,0,0,0,0,0,0,0},{0,0,0,0,0,0,0,0,0}}
]
13:16:51.740 INFO  [main] SudokuBoard - Wartość 0 wstawiona nieprawidłowo
13:16:51.740 INFO  [main] SudokuBoard - Bład w kwadracie 0
sudoku.model.SudokuBoard@67e37d25[
  size=9
  solver=sudoku.model.BacktrackingSudokuSolver@78d49939
  board={{1,9,7,8,4,5,2,3,6},{2,4,3,9,6,1,7,8,5},{5,6,8,2,3,7,4,1,9},{3,1,4,7,8,9,5,6,2},{6,5,9,1,2,3,8,4,7},{7,8,2,4,5,6,1,9,3},{4,2,1,6,0,0,0,0,0},{0,0,0,0,0,0,0,0,0},{0,0,0,0,0,0,0,0,0}}
]
13:16:51.740 INFO  [main] SudokuBoard - Wartość 0 wstawiona nieprawidłowo
13:16:51.740 INFO  [main] SudokuBoard - Bład w kwadracie 0
sudoku.model.SudokuBoard@67e37d25[
  size=9
  solver=sudoku.model.BacktrackingSudokuSolver@78d49939
  board={{1,9,7,8,4,5,2,3,6},{2,4,3,9,6,1,7,8,5},{5,6,8,2,3,7,4,1,9},{3,1,4,7,8,9,5,6,2},{6,5,9,1,2,3,8,4,7},{7,8,2,4,5,6,1,9,3},{4,2,1,0,0,0,0,0,0},{0,0,0,0,0,0,0,0,0},{0,0,0,0,0,0,0,0,0}}
]
13:16:51.740 INFO  [main] SudokuBoard - Wartość 0 wstawiona nieprawidłowo
13:16:51.740 INFO  [main] SudokuBoard - Bład w kwadracie 0
sudoku.model.SudokuBoard@67e37d25[
  size=9
  solver=sudoku.model.BacktrackingSudokuSolver@78d49939
  board={{1,9,7,8,4,5,2,3,6},{2,4,3,9,6,1,7,8,5},{5,6,8,2,3,7,4,1,9},{3,1,4,7,8,9,5,6,2},{6,5,9,1,2,3,8,4,7},{7,8,2,4,5,6,1,9,3},{4,2,0,0,0,0,0,0,0},{0,0,0,0,0,0,0,0,0},{0,0,0,0,0,0,0,0,0}}
]
13:16:51.741 INFO  [main] SudokuBoard - Wartość 0 wstawiona nieprawidłowo
13:16:51.741 INFO  [main] SudokuBoard - Bład w kwadracie 0
sudoku.model.SudokuBoard@67e37d25[
  size=9
  solver=sudoku.model.BacktrackingSudokuSolver@78d49939
  board={{1,9,7,8,4,5,2,3,6},{2,4,3,9,6,1,7,8,5},{5,6,8,2,3,7,4,1,9},{3,1,4,7,8,9,5,6,2},{6,5,9,1,2,3,8,4,7},{7,8,2,4,5,6,1,9,3},{4,2,5,3,7,8,0,0,0},{0,0,0,0,0,0,0,0,0},{0,0,0,0,0,0,0,0,0}}
]
13:16:51.741 INFO  [main] SudokuBoard - Wartość 0 wstawiona nieprawidłowo
13:16:51.741 INFO  [main] SudokuBoard - Bład w kwadracie 0
sudoku.model.SudokuBoard@67e37d25[
  size=9
  solver=sudoku.model.BacktrackingSudokuSolver@78d49939
  board={{1,9,7,8,4,5,2,3,6},{2,4,3,9,6,1,7,8,5},{5,6,8,2,3,7,4,1,9},{3,1,4,7,8,9,5,6,2},{6,5,9,1,2,3,8,4,7},{7,8,2,4,5,6,1,9,3},{4,2,5,3,7,8,0,0,0},{0,0,0,0,0,0,0,0,0},{0,0,0,0,0,0,0,0,0}}
]
13:16:51.741 INFO  [main] SudokuBoard - Wartość 0 wstawiona nieprawidłowo
13:16:51.741 INFO  [main] SudokuBoard - Bład w kwadracie 0
sudoku.model.SudokuBoard@67e37d25[
  size=9
  solver=sudoku.model.BacktrackingSudokuSolver@78d49939
  board={{1,9,7,8,4,5,2,3,6},{2,4,3,9,6,1,7,8,5},{5,6,8,2,3,7,4,1,9},{3,1,4,7,8,9,5,6,2},{6,5,9,1,2,3,8,4,7},{7,8,2,4,5,6,1,9,3},{4,2,5,3,7,0,0,0,0},{0,0,0,0,0,0,0,0,0},{0,0,0,0,0,0,0,0,0}}
]
13:16:51.741 INFO  [main] SudokuBoard - Wartość 0 wstawiona nieprawidłowo
13:16:51.741 INFO  [main] SudokuBoard - Bład w kwadracie 0
sudoku.model.SudokuBoard@67e37d25[
  size=9
  solver=sudoku.model.BacktrackingSudokuSolver@78d49939
  board={{1,9,7,8,4,5,2,3,6},{2,4,3,9,6,1,7,8,5},{5,6,8,2,3,7,4,1,9},{3,1,4,7,8,9,5,6,2},{6,5,9,1,2,3,8,4,7},{7,8,2,4,5,6,1,9,3},{4,2,5,3,0,0,0,0,0},{0,0,0,0,0,0,0,0,0},{0,0,0,0,0,0,0,0,0}}
]
13:16:51.741 INFO  [main] SudokuBoard - Wartość 0 wstawiona nieprawidłowo
13:16:51.741 INFO  [main] SudokuBoard - Bład w kwadracie 0
sudoku.model.SudokuBoard@67e37d25[
  size=9
  solver=sudoku.model.BacktrackingSudokuSolver@78d49939
  board={{1,9,7,8,4,5,2,3,6},{2,4,3,9,6,1,7,8,5},{5,6,8,2,3,7,4,1,9},{3,1,4,7,8,9,5,6,2},{6,5,9,1,2,3,8,4,7},{7,8,2,4,5,6,1,9,3},{4,2,5,3,9,8,6,7,1},{8,3,1,5,7,2,0,0,0},{0,0,0,0,0,0,0,0,0}}
]
13:16:51.741 INFO  [main] SudokuBoard - Wartość 0 wstawiona nieprawidłowo
13:16:51.741 INFO  [main] SudokuBoard - Bład w kwadracie 0
sudoku.model.SudokuBoard@67e37d25[
  size=9
  solver=sudoku.model.BacktrackingSudokuSolver@78d49939
  board={{1,9,7,8,4,5,2,3,6},{2,4,3,9,6,1,7,8,5},{5,6,8,2,3,7,4,1,9},{3,1,4,7,8,9,5,6,2},{6,5,9,1,2,3,8,4,7},{7,8,2,4,5,6,1,9,3},{4,2,5,3,9,8,6,7,1},{8,3,1,5,7,0,0,0,0},{0,0,0,0,0,0,0,0,0}}
]
13:16:51.741 INFO  [main] SudokuBoard - Wartość 0 wstawiona nieprawidłowo
13:16:51.741 INFO  [main] SudokuBoard - Bład w kwadracie 0
sudoku.model.SudokuBoard@67e37d25[
  size=9
  solver=sudoku.model.BacktrackingSudokuSolver@78d49939
  board={{1,9,7,8,4,5,2,3,6},{2,4,3,9,6,1,7,8,5},{5,6,8,2,3,7,4,1,9},{3,1,4,7,8,9,5,6,2},{6,5,9,1,2,3,8,4,7},{7,8,2,4,5,6,1,9,3},{4,2,5,3,9,8,6,7,1},{8,3,1,5,7,4,9,0,0},{0,0,0,0,0,0,0,0,0}}
]
13:16:51.741 INFO  [main] SudokuBoard - Wartość 0 wstawiona nieprawidłowo
13:16:51.741 INFO  [main] SudokuBoard - Bład w kwadracie 0
sudoku.model.SudokuBoard@67e37d25[
  size=9
  solver=sudoku.model.BacktrackingSudokuSolver@78d49939
  board={{1,9,7,8,4,5,2,3,6},{2,4,3,9,6,1,7,8,5},{5,6,8,2,3,7,4,1,9},{3,1,4,7,8,9,5,6,2},{6,5,9,1,2,3,8,4,7},{7,8,2,4,5,6,1,9,3},{4,2,5,3,9,8,6,7,1},{8,3,1,5,7,4,0,0,0},{0,0,0,0,0,0,0,0,0}}
]
13:16:51.741 INFO  [main] SudokuBoard - Wartość 0 wstawiona nieprawidłowo
13:16:51.742 INFO  [main] SudokuBoard - Bład w kwadracie 0
sudoku.model.SudokuBoard@67e37d25[
  size=9
  solver=sudoku.model.BacktrackingSudokuSolver@78d49939
  board={{1,9,7,8,4,5,2,3,6},{2,4,3,9,6,1,7,8,5},{5,6,8,2,3,7,4,1,9},{3,1,4,7,8,9,5,6,2},{6,5,9,1,2,3,8,4,7},{7,8,2,4,5,6,1,9,3},{4,2,5,3,9,8,6,7,1},{8,3,1,5,7,0,0,0,0},{0,0,0,0,0,0,0,0,0}}
]
13:16:51.742 INFO  [main] SudokuBoard - Wartość 0 wstawiona nieprawidłowo
13:16:51.742 INFO  [main] SudokuBoard - Bład w kwadracie 0
sudoku.model.SudokuBoard@67e37d25[
  size=9
  solver=sudoku.model.BacktrackingSudokuSolver@78d49939
  board={{1,9,7,8,4,5,2,3,6},{2,4,3,9,6,1,7,8,5},{5,6,8,2,3,7,4,1,9},{3,1,4,7,8,9,5,6,2},{6,5,9,1,2,3,8,4,7},{7,8,2,4,5,6,1,9,3},{4,2,5,3,9,8,6,7,1},{8,3,1,5,0,0,0,0,0},{0,0,0,0,0,0,0,0,0}}
]
13:16:51.742 INFO  [main] SudokuBoard - Wartość 0 wstawiona nieprawidłowo
13:16:51.742 INFO  [main] SudokuBoard - Bład w kwadracie 0
sudoku.model.SudokuBoard@67e37d25[
  size=9
  solver=sudoku.model.BacktrackingSudokuSolver@78d49939
  board={{1,9,7,8,4,5,2,3,6},{2,4,3,9,6,1,7,8,5},{5,6,8,2,3,7,4,1,9},{3,1,4,7,8,9,5,6,2},{6,5,9,1,2,3,8,4,7},{7,8,2,4,5,6,1,9,3},{4,2,5,3,9,8,6,7,1},{8,3,1,0,0,0,0,0,0},{0,0,0,0,0,0,0,0,0}}
]
13:16:51.742 INFO  [main] SudokuBoard - Wartość 0 wstawiona nieprawidłowo
13:16:51.742 INFO  [main] SudokuBoard - Bład w kwadracie 0
sudoku.model.SudokuBoard@67e37d25[
  size=9
  solver=sudoku.model.BacktrackingSudokuSolver@78d49939
  board={{1,9,7,8,4,5,2,3,6},{1,4,3,9,6,1,7,8,5},{5,6,8,2,3,7,4,1,9},{3,1,4,7,8,9,5,6,2},{6,5,9,1,2,3,8,4,7},{7,8,2,4,5,6,1,9,3},{4,2,5,3,9,8,6,7,1},{8,3,1,6,7,2,9,5,4},{9,7,6,5,1,4,3,2,8}}
]
13:16:51.742 INFO  [main] SudokuBoard - Wartość 1 wstawiona nieprawidłowo
13:16:51.742 INFO  [main] SudokuBoard - Bład w kwadracie 0
sudoku.model.SudokuBoard@67e37d25[
  size=9
  solver=sudoku.model.BacktrackingSudokuSolver@78d49939
  board={{1,9,7,8,4,5,2,3,6},{1,4,3,9,6,1,7,8,5},{1,6,8,2,3,7,4,1,9},{3,1,4,7,8,9,5,6,2},{6,5,9,1,2,3,8,4,7},{7,8,2,4,5,6,1,9,3},{4,2,5,3,9,8,6,7,1},{8,3,1,6,7,2,9,5,4},{9,7,6,5,1,4,3,2,8}}
]
13:16:51.743 INFO  [main] SudokuBoard - Wartość 1 wstawiona nieprawidłowo
13:16:51.743 INFO  [main] SudokuBoard - Bład w kwadracie 0
sudoku.model.SudokuBoard@21f27bb5[
  size=9
  solver=sudoku.model.BacktrackingSudokuSolver@78d49939
  board={{1,9,7,8,4,5,2,3,6},{1,4,3,9,6,1,7,8,5},{1,6,8,2,3,7,4,1,9},{3,1,4,7,8,9,5,6,2},{6,5,9,1,2,3,8,4,7},{7,8,2,4,5,6,1,9,3},{4,2,5,3,9,8,6,7,1},{8,3,1,6,7,2,9,5,4},{9,7,6,5,1,4,3,2,8}}
]
]]></system-out>
  </testcase>
  <testcase name="testEqualsNull" classname="sudoku.model.SudokuBoardTest" time="0.003"/>
  <testcase name="testEqualsSame" classname="sudoku.model.SudokuBoardTest" time="0.001"/>
  <testcase name="checkBoardTest" classname="sudoku.model.SudokuBoardTest" time="0.019">
    <system-out><![CDATA[13:16:51.752 INFO  [main] SudokuBoard - Bład w kwadracie 0
sudoku.model.SudokuBoard@2e2a2b07[
  size=9
  solver=sudoku.model.BacktrackingSudokuSolver@52dc71b2
  board={{2,4,1,9,5,3,6,7,8},{9,3,5,8,1,7,2,0,0},{0,0,0,0,0,0,0,0,0},{0,0,0,0,0,0,0,0,0},{0,0,0,0,0,0,0,0,0},{0,0,0,0,0,0,0,0,0},{0,0,0,0,0,0,0,0,0},{0,0,0,0,0,0,0,0,0},{0,0,0,0,0,0,0,0,0}}
]
13:16:51.752 INFO  [main] SudokuBoard - Wartość 0 wstawiona nieprawidłowo
13:16:51.752 INFO  [main] SudokuBoard - Bład w kwadracie 0
sudoku.model.SudokuBoard@2e2a2b07[
  size=9
  solver=sudoku.model.BacktrackingSudokuSolver@52dc71b2
  board={{2,4,1,9,5,3,6,7,8},{9,3,5,8,1,7,0,0,0},{0,0,0,0,0,0,0,0,0},{0,0,0,0,0,0,0,0,0},{0,0,0,0,0,0,0,0,0},{0,0,0,0,0,0,0,0,0},{0,0,0,0,0,0,0,0,0},{0,0,0,0,0,0,0,0,0},{0,0,0,0,0,0,0,0,0}}
]
13:16:51.752 INFO  [main] SudokuBoard - Wartość 0 wstawiona nieprawidłowo
13:16:51.752 INFO  [main] SudokuBoard - Bład w kwadracie 0
sudoku.model.SudokuBoard@2e2a2b07[
  size=9
  solver=sudoku.model.BacktrackingSudokuSolver@52dc71b2
  board={{2,4,1,9,5,3,6,7,8},{9,3,5,8,1,7,4,0,0},{0,0,0,0,0,0,0,0,0},{0,0,0,0,0,0,0,0,0},{0,0,0,0,0,0,0,0,0},{0,0,0,0,0,0,0,0,0},{0,0,0,0,0,0,0,0,0},{0,0,0,0,0,0,0,0,0},{0,0,0,0,0,0,0,0,0}}
]
13:16:51.752 INFO  [main] SudokuBoard - Wartość 0 wstawiona nieprawidłowo
13:16:51.753 INFO  [main] SudokuBoard - Bład w kwadracie 0
sudoku.model.SudokuBoard@2e2a2b07[
  size=9
  solver=sudoku.model.BacktrackingSudokuSolver@52dc71b2
  board={{2,4,1,9,5,3,6,7,8},{9,3,5,8,1,7,0,0,0},{0,0,0,0,0,0,0,0,0},{0,0,0,0,0,0,0,0,0},{0,0,0,0,0,0,0,0,0},{0,0,0,0,0,0,0,0,0},{0,0,0,0,0,0,0,0,0},{0,0,0,0,0,0,0,0,0},{0,0,0,0,0,0,0,0,0}}
]
13:16:51.753 INFO  [main] SudokuBoard - Wartość 0 wstawiona nieprawidłowo
13:16:51.753 INFO  [main] SudokuBoard - Bład w kwadracie 0
sudoku.model.SudokuBoard@2e2a2b07[
  size=9
  solver=sudoku.model.BacktrackingSudokuSolver@52dc71b2
  board={{2,4,1,9,5,3,6,7,8},{9,3,5,8,1,0,0,0,0},{0,0,0,0,0,0,0,0,0},{0,0,0,0,0,0,0,0,0},{0,0,0,0,0,0,0,0,0},{0,0,0,0,0,0,0,0,0},{0,0,0,0,0,0,0,0,0},{0,0,0,0,0,0,0,0,0},{0,0,0,0,0,0,0,0,0}}
]
13:16:51.753 INFO  [main] SudokuBoard - Wartość 0 wstawiona nieprawidłowo
13:16:51.753 INFO  [main] SudokuBoard - Bład w kwadracie 0
sudoku.model.SudokuBoard@2e2a2b07[
  size=9
  solver=sudoku.model.BacktrackingSudokuSolver@52dc71b2
  board={{2,4,1,9,5,3,6,7,8},{9,3,5,8,1,2,0,0,0},{0,0,0,0,0,0,0,0,0},{0,0,0,0,0,0,0,0,0},{0,0,0,0,0,0,0,0,0},{0,0,0,0,0,0,0,0,0},{0,0,0,0,0,0,0,0,0},{0,0,0,0,0,0,0,0,0},{0,0,0,0,0,0,0,0,0}}
]
13:16:51.753 INFO  [main] SudokuBoard - Wartość 0 wstawiona nieprawidłowo
13:16:51.753 INFO  [main] SudokuBoard - Bład w kwadracie 0
sudoku.model.SudokuBoard@2e2a2b07[
  size=9
  solver=sudoku.model.BacktrackingSudokuSolver@52dc71b2
  board={{2,4,1,9,5,3,6,7,8},{9,3,5,8,1,0,0,0,0},{0,0,0,0,0,0,0,0,0},{0,0,0,0,0,0,0,0,0},{0,0,0,0,0,0,0,0,0},{0,0,0,0,0,0,0,0,0},{0,0,0,0,0,0,0,0,0},{0,0,0,0,0,0,0,0,0},{0,0,0,0,0,0,0,0,0}}
]
13:16:51.753 INFO  [main] SudokuBoard - Wartość 0 wstawiona nieprawidłowo
13:16:51.753 INFO  [main] SudokuBoard - Bład w kwadracie 0
sudoku.model.SudokuBoard@2e2a2b07[
  size=9
  solver=sudoku.model.BacktrackingSudokuSolver@52dc71b2
  board={{2,4,1,9,5,3,6,7,8},{9,3,5,8,1,4,0,0,0},{0,0,0,0,0,0,0,0,0},{0,0,0,0,0,0,0,0,0},{0,0,0,0,0,0,0,0,0},{0,0,0,0,0,0,0,0,0},{0,0,0,0,0,0,0,0,0},{0,0,0,0,0,0,0,0,0},{0,0,0,0,0,0,0,0,0}}
]
13:16:51.753 INFO  [main] SudokuBoard - Wartość 0 wstawiona nieprawidłowo
13:16:51.753 INFO  [main] SudokuBoard - Bład w kwadracie 0
sudoku.model.SudokuBoard@2e2a2b07[
  size=9
  solver=sudoku.model.BacktrackingSudokuSolver@52dc71b2
  board={{2,4,1,9,5,3,6,7,8},{9,3,5,8,1,0,0,0,0},{0,0,0,0,0,0,0,0,0},{0,0,0,0,0,0,0,0,0},{0,0,0,0,0,0,0,0,0},{0,0,0,0,0,0,0,0,0},{0,0,0,0,0,0,0,0,0},{0,0,0,0,0,0,0,0,0},{0,0,0,0,0,0,0,0,0}}
]
13:16:51.753 INFO  [main] SudokuBoard - Wartość 0 wstawiona nieprawidłowo
13:16:51.754 INFO  [main] SudokuBoard - Bład w kwadracie 0
sudoku.model.SudokuBoard@2e2a2b07[
  size=9
  solver=sudoku.model.BacktrackingSudokuSolver@52dc71b2
  board={{2,4,1,9,5,3,6,7,8},{9,3,5,8,1,6,2,0,0},{0,0,0,0,0,0,0,0,0},{0,0,0,0,0,0,0,0,0},{0,0,0,0,0,0,0,0,0},{0,0,0,0,0,0,0,0,0},{0,0,0,0,0,0,0,0,0},{0,0,0,0,0,0,0,0,0},{0,0,0,0,0,0,0,0,0}}
]
13:16:51.754 INFO  [main] SudokuBoard - Wartość 0 wstawiona nieprawidłowo
13:16:51.754 INFO  [main] SudokuBoard - Bład w kwadracie 0
sudoku.model.SudokuBoard@2e2a2b07[
  size=9
  solver=sudoku.model.BacktrackingSudokuSolver@52dc71b2
  board={{2,4,1,9,5,3,6,7,8},{9,3,5,8,1,6,0,0,0},{0,0,0,0,0,0,0,0,0},{0,0,0,0,0,0,0,0,0},{0,0,0,0,0,0,0,0,0},{0,0,0,0,0,0,0,0,0},{0,0,0,0,0,0,0,0,0},{0,0,0,0,0,0,0,0,0},{0,0,0,0,0,0,0,0,0}}
]
13:16:51.754 INFO  [main] SudokuBoard - Wartość 0 wstawiona nieprawidłowo
13:16:51.754 INFO  [main] SudokuBoard - Bład w kwadracie 0
sudoku.model.SudokuBoard@2e2a2b07[
  size=9
  solver=sudoku.model.BacktrackingSudokuSolver@52dc71b2
  board={{2,4,1,9,5,3,6,7,8},{9,3,5,8,1,6,4,0,0},{0,0,0,0,0,0,0,0,0},{0,0,0,0,0,0,0,0,0},{0,0,0,0,0,0,0,0,0},{0,0,0,0,0,0,0,0,0},{0,0,0,0,0,0,0,0,0},{0,0,0,0,0,0,0,0,0},{0,0,0,0,0,0,0,0,0}}
]
13:16:51.754 INFO  [main] SudokuBoard - Wartość 0 wstawiona nieprawidłowo
13:16:51.754 INFO  [main] SudokuBoard - Bład w kwadracie 0
sudoku.model.SudokuBoard@2e2a2b07[
  size=9
  solver=sudoku.model.BacktrackingSudokuSolver@52dc71b2
  board={{2,4,1,9,5,3,6,7,8},{9,3,5,8,1,6,0,0,0},{0,0,0,0,0,0,0,0,0},{0,0,0,0,0,0,0,0,0},{0,0,0,0,0,0,0,0,0},{0,0,0,0,0,0,0,0,0},{0,0,0,0,0,0,0,0,0},{0,0,0,0,0,0,0,0,0},{0,0,0,0,0,0,0,0,0}}
]
13:16:51.754 INFO  [main] SudokuBoard - Wartość 0 wstawiona nieprawidłowo
13:16:51.754 INFO  [main] SudokuBoard - Bład w kwadracie 0
sudoku.model.SudokuBoard@2e2a2b07[
  size=9
  solver=sudoku.model.BacktrackingSudokuSolver@52dc71b2
  board={{2,4,1,9,5,3,6,7,8},{9,3,5,8,1,0,0,0,0},{0,0,0,0,0,0,0,0,0},{0,0,0,0,0,0,0,0,0},{0,0,0,0,0,0,0,0,0},{0,0,0,0,0,0,0,0,0},{0,0,0,0,0,0,0,0,0},{0,0,0,0,0,0,0,0,0},{0,0,0,0,0,0,0,0,0}}
]
13:16:51.754 INFO  [main] SudokuBoard - Wartość 0 wstawiona nieprawidłowo
13:16:51.754 INFO  [main] SudokuBoard - Bład w kwadracie 0
sudoku.model.SudokuBoard@2e2a2b07[
  size=9
  solver=sudoku.model.BacktrackingSudokuSolver@52dc71b2
  board={{2,4,1,9,5,3,6,7,8},{9,3,5,8,0,0,0,0,0},{0,0,0,0,0,0,0,0,0},{0,0,0,0,0,0,0,0,0},{0,0,0,0,0,0,0,0,0},{0,0,0,0,0,0,0,0,0},{0,0,0,0,0,0,0,0,0},{0,0,0,0,0,0,0,0,0},{0,0,0,0,0,0,0,0,0}}
]
13:16:51.754 INFO  [main] SudokuBoard - Wartość 0 wstawiona nieprawidłowo
13:16:51.755 INFO  [main] SudokuBoard - Bład w kwadracie 0
sudoku.model.SudokuBoard@2e2a2b07[
  size=9
  solver=sudoku.model.BacktrackingSudokuSolver@52dc71b2
  board={{2,4,1,9,5,3,6,7,8},{9,3,5,8,2,1,0,0,0},{0,0,0,0,0,0,0,0,0},{0,0,0,0,0,0,0,0,0},{0,0,0,0,0,0,0,0,0},{0,0,0,0,0,0,0,0,0},{0,0,0,0,0,0,0,0,0},{0,0,0,0,0,0,0,0,0},{0,0,0,0,0,0,0,0,0}}
]
13:16:51.755 INFO  [main] SudokuBoard - Wartość 0 wstawiona nieprawidłowo
13:16:51.756 INFO  [main] SudokuBoard - Bład w kwadracie 0
sudoku.model.SudokuBoard@2e2a2b07[
  size=9
  solver=sudoku.model.BacktrackingSudokuSolver@52dc71b2
  board={{2,4,1,9,5,3,6,7,8},{9,3,5,8,2,0,0,0,0},{0,0,0,0,0,0,0,0,0},{0,0,0,0,0,0,0,0,0},{0,0,0,0,0,0,0,0,0},{0,0,0,0,0,0,0,0,0},{0,0,0,0,0,0,0,0,0},{0,0,0,0,0,0,0,0,0},{0,0,0,0,0,0,0,0,0}}
]
13:16:51.756 INFO  [main] SudokuBoard - Wartość 0 wstawiona nieprawidłowo
13:16:51.756 INFO  [main] SudokuBoard - Bład w kwadracie 0
sudoku.model.SudokuBoard@2e2a2b07[
  size=9
  solver=sudoku.model.BacktrackingSudokuSolver@52dc71b2
  board={{2,4,1,9,5,3,6,7,8},{9,3,5,8,2,4,0,0,0},{0,0,0,0,0,0,0,0,0},{0,0,0,0,0,0,0,0,0},{0,0,0,0,0,0,0,0,0},{0,0,0,0,0,0,0,0,0},{0,0,0,0,0,0,0,0,0},{0,0,0,0,0,0,0,0,0},{0,0,0,0,0,0,0,0,0}}
]
13:16:51.756 INFO  [main] SudokuBoard - Wartość 0 wstawiona nieprawidłowo
13:16:51.756 INFO  [main] SudokuBoard - Bład w kwadracie 0
sudoku.model.SudokuBoard@2e2a2b07[
  size=9
  solver=sudoku.model.BacktrackingSudokuSolver@52dc71b2
  board={{2,4,1,9,5,3,6,7,8},{9,3,5,8,2,0,0,0,0},{0,0,0,0,0,0,0,0,0},{0,0,0,0,0,0,0,0,0},{0,0,0,0,0,0,0,0,0},{0,0,0,0,0,0,0,0,0},{0,0,0,0,0,0,0,0,0},{0,0,0,0,0,0,0,0,0},{0,0,0,0,0,0,0,0,0}}
]
13:16:51.756 INFO  [main] SudokuBoard - Wartość 0 wstawiona nieprawidłowo
13:16:51.756 INFO  [main] SudokuBoard - Bład w kwadracie 0
sudoku.model.SudokuBoard@2e2a2b07[
  size=9
  solver=sudoku.model.BacktrackingSudokuSolver@52dc71b2
  board={{2,4,1,9,5,3,6,7,8},{9,3,5,8,2,6,1,0,0},{0,0,0,0,0,0,0,0,0},{0,0,0,0,0,0,0,0,0},{0,0,0,0,0,0,0,0,0},{0,0,0,0,0,0,0,0,0},{0,0,0,0,0,0,0,0,0},{0,0,0,0,0,0,0,0,0},{0,0,0,0,0,0,0,0,0}}
]
13:16:51.756 INFO  [main] SudokuBoard - Wartość 0 wstawiona nieprawidłowo
13:16:51.756 INFO  [main] SudokuBoard - Bład w kwadracie 0
sudoku.model.SudokuBoard@2e2a2b07[
  size=9
  solver=sudoku.model.BacktrackingSudokuSolver@52dc71b2
  board={{2,4,1,9,5,3,6,7,8},{9,3,5,8,2,6,0,0,0},{0,0,0,0,0,0,0,0,0},{0,0,0,0,0,0,0,0,0},{0,0,0,0,0,0,0,0,0},{0,0,0,0,0,0,0,0,0},{0,0,0,0,0,0,0,0,0},{0,0,0,0,0,0,0,0,0},{0,0,0,0,0,0,0,0,0}}
]
13:16:51.756 INFO  [main] SudokuBoard - Wartość 0 wstawiona nieprawidłowo
13:16:51.756 INFO  [main] SudokuBoard - Bład w kwadracie 0
sudoku.model.SudokuBoard@2e2a2b07[
  size=9
  solver=sudoku.model.BacktrackingSudokuSolver@52dc71b2
  board={{2,4,1,9,5,3,6,7,8},{9,3,5,8,2,6,4,0,0},{0,0,0,0,0,0,0,0,0},{0,0,0,0,0,0,0,0,0},{0,0,0,0,0,0,0,0,0},{0,0,0,0,0,0,0,0,0},{0,0,0,0,0,0,0,0,0},{0,0,0,0,0,0,0,0,0},{0,0,0,0,0,0,0,0,0}}
]
13:16:51.756 INFO  [main] SudokuBoard - Wartość 0 wstawiona nieprawidłowo
13:16:51.756 INFO  [main] SudokuBoard - Bład w kwadracie 0
sudoku.model.SudokuBoard@2e2a2b07[
  size=9
  solver=sudoku.model.BacktrackingSudokuSolver@52dc71b2
  board={{2,4,1,9,5,3,6,7,8},{9,3,5,8,2,6,0,0,0},{0,0,0,0,0,0,0,0,0},{0,0,0,0,0,0,0,0,0},{0,0,0,0,0,0,0,0,0},{0,0,0,0,0,0,0,0,0},{0,0,0,0,0,0,0,0,0},{0,0,0,0,0,0,0,0,0},{0,0,0,0,0,0,0,0,0}}
]
13:16:51.756 INFO  [main] SudokuBoard - Wartość 0 wstawiona nieprawidłowo
13:16:51.757 INFO  [main] SudokuBoard - Bład w kwadracie 0
sudoku.model.SudokuBoard@2e2a2b07[
  size=9
  solver=sudoku.model.BacktrackingSudokuSolver@52dc71b2
  board={{2,4,1,9,5,3,6,7,8},{9,3,5,8,2,0,0,0,0},{0,0,0,0,0,0,0,0,0},{0,0,0,0,0,0,0,0,0},{0,0,0,0,0,0,0,0,0},{0,0,0,0,0,0,0,0,0},{0,0,0,0,0,0,0,0,0},{0,0,0,0,0,0,0,0,0},{0,0,0,0,0,0,0,0,0}}
]
13:16:51.757 INFO  [main] SudokuBoard - Wartość 0 wstawiona nieprawidłowo
13:16:51.757 INFO  [main] SudokuBoard - Bład w kwadracie 0
sudoku.model.SudokuBoard@2e2a2b07[
  size=9
  solver=sudoku.model.BacktrackingSudokuSolver@52dc71b2
  board={{2,4,1,9,5,3,6,7,8},{9,3,5,8,2,7,1,0,0},{0,0,0,0,0,0,0,0,0},{0,0,0,0,0,0,0,0,0},{0,0,0,0,0,0,0,0,0},{0,0,0,0,0,0,0,0,0},{0,0,0,0,0,0,0,0,0},{0,0,0,0,0,0,0,0,0},{0,0,0,0,0,0,0,0,0}}
]
13:16:51.757 INFO  [main] SudokuBoard - Wartość 0 wstawiona nieprawidłowo
13:16:51.757 INFO  [main] SudokuBoard - Bład w kwadracie 0
sudoku.model.SudokuBoard@2e2a2b07[
  size=9
  solver=sudoku.model.BacktrackingSudokuSolver@52dc71b2
  board={{2,4,1,9,5,3,6,7,8},{9,3,5,8,2,7,0,0,0},{0,0,0,0,0,0,0,0,0},{0,0,0,0,0,0,0,0,0},{0,0,0,0,0,0,0,0,0},{0,0,0,0,0,0,0,0,0},{0,0,0,0,0,0,0,0,0},{0,0,0,0,0,0,0,0,0},{0,0,0,0,0,0,0,0,0}}
]
13:16:51.757 INFO  [main] SudokuBoard - Wartość 0 wstawiona nieprawidłowo
13:16:51.757 INFO  [main] SudokuBoard - Bład w kwadracie 0
sudoku.model.SudokuBoard@2e2a2b07[
  size=9
  solver=sudoku.model.BacktrackingSudokuSolver@52dc71b2
  board={{2,4,1,9,5,3,6,7,8},{9,3,5,8,2,7,4,0,0},{0,0,0,0,0,0,0,0,0},{0,0,0,0,0,0,0,0,0},{0,0,0,0,0,0,0,0,0},{0,0,0,0,0,0,0,0,0},{0,0,0,0,0,0,0,0,0},{0,0,0,0,0,0,0,0,0},{0,0,0,0,0,0,0,0,0}}
]
13:16:51.757 INFO  [main] SudokuBoard - Wartość 0 wstawiona nieprawidłowo
13:16:51.757 INFO  [main] SudokuBoard - Bład w kwadracie 0
sudoku.model.SudokuBoard@2e2a2b07[
  size=9
  solver=sudoku.model.BacktrackingSudokuSolver@52dc71b2
  board={{2,4,1,9,5,3,6,7,8},{9,3,5,8,2,7,0,0,0},{0,0,0,0,0,0,0,0,0},{0,0,0,0,0,0,0,0,0},{0,0,0,0,0,0,0,0,0},{0,0,0,0,0,0,0,0,0},{0,0,0,0,0,0,0,0,0},{0,0,0,0,0,0,0,0,0},{0,0,0,0,0,0,0,0,0}}
]
13:16:51.757 INFO  [main] SudokuBoard - Wartość 0 wstawiona nieprawidłowo
13:16:51.757 INFO  [main] SudokuBoard - Bład w kwadracie 0
sudoku.model.SudokuBoard@2e2a2b07[
  size=9
  solver=sudoku.model.BacktrackingSudokuSolver@52dc71b2
  board={{2,4,1,9,5,3,6,7,8},{9,3,5,8,2,0,0,0,0},{0,0,0,0,0,0,0,0,0},{0,0,0,0,0,0,0,0,0},{0,0,0,0,0,0,0,0,0},{0,0,0,0,0,0,0,0,0},{0,0,0,0,0,0,0,0,0},{0,0,0,0,0,0,0,0,0},{0,0,0,0,0,0,0,0,0}}
]
13:16:51.757 INFO  [main] SudokuBoard - Wartość 0 wstawiona nieprawidłowo
13:16:51.757 INFO  [main] SudokuBoard - Bład w kwadracie 0
sudoku.model.SudokuBoard@2e2a2b07[
  size=9
  solver=sudoku.model.BacktrackingSudokuSolver@52dc71b2
  board={{2,4,1,9,5,3,6,7,8},{9,3,5,8,0,0,0,0,0},{0,0,0,0,0,0,0,0,0},{0,0,0,0,0,0,0,0,0},{0,0,0,0,0,0,0,0,0},{0,0,0,0,0,0,0,0,0},{0,0,0,0,0,0,0,0,0},{0,0,0,0,0,0,0,0,0},{0,0,0,0,0,0,0,0,0}}
]
13:16:51.757 INFO  [main] SudokuBoard - Wartość 0 wstawiona nieprawidłowo
13:16:51.758 INFO  [main] SudokuBoard - Bład w kwadracie 0
sudoku.model.SudokuBoard@2e2a2b07[
  size=9
  solver=sudoku.model.BacktrackingSudokuSolver@52dc71b2
  board={{2,4,1,9,5,3,6,7,8},{9,3,5,8,4,1,0,0,0},{0,0,0,0,0,0,0,0,0},{0,0,0,0,0,0,0,0,0},{0,0,0,0,0,0,0,0,0},{0,0,0,0,0,0,0,0,0},{0,0,0,0,0,0,0,0,0},{0,0,0,0,0,0,0,0,0},{0,0,0,0,0,0,0,0,0}}
]
13:16:51.758 INFO  [main] SudokuBoard - Wartość 0 wstawiona nieprawidłowo
13:16:51.758 INFO  [main] SudokuBoard - Bład w kwadracie 0
sudoku.model.SudokuBoard@2e2a2b07[
  size=9
  solver=sudoku.model.BacktrackingSudokuSolver@52dc71b2
  board={{2,4,1,9,5,3,6,7,8},{9,3,5,8,4,0,0,0,0},{0,0,0,0,0,0,0,0,0},{0,0,0,0,0,0,0,0,0},{0,0,0,0,0,0,0,0,0},{0,0,0,0,0,0,0,0,0},{0,0,0,0,0,0,0,0,0},{0,0,0,0,0,0,0,0,0},{0,0,0,0,0,0,0,0,0}}
]
13:16:51.758 INFO  [main] SudokuBoard - Wartość 0 wstawiona nieprawidłowo
13:16:51.758 INFO  [main] SudokuBoard - Bład w kwadracie 0
sudoku.model.SudokuBoard@2e2a2b07[
  size=9
  solver=sudoku.model.BacktrackingSudokuSolver@52dc71b2
  board={{2,4,1,9,5,3,6,7,8},{9,3,5,8,4,2,0,0,0},{0,0,0,0,0,0,0,0,0},{0,0,0,0,0,0,0,0,0},{0,0,0,0,0,0,0,0,0},{0,0,0,0,0,0,0,0,0},{0,0,0,0,0,0,0,0,0},{0,0,0,0,0,0,0,0,0},{0,0,0,0,0,0,0,0,0}}
]
13:16:51.758 INFO  [main] SudokuBoard - Wartość 0 wstawiona nieprawidłowo
13:16:51.758 INFO  [main] SudokuBoard - Bład w kwadracie 0
sudoku.model.SudokuBoard@2e2a2b07[
  size=9
  solver=sudoku.model.BacktrackingSudokuSolver@52dc71b2
  board={{2,4,1,9,5,3,6,7,8},{9,3,5,8,4,0,0,0,0},{0,0,0,0,0,0,0,0,0},{0,0,0,0,0,0,0,0,0},{0,0,0,0,0,0,0,0,0},{0,0,0,0,0,0,0,0,0},{0,0,0,0,0,0,0,0,0},{0,0,0,0,0,0,0,0,0},{0,0,0,0,0,0,0,0,0}}
]
13:16:51.758 INFO  [main] SudokuBoard - Wartość 0 wstawiona nieprawidłowo
13:16:51.758 INFO  [main] SudokuBoard - Bład w kwadracie 0
sudoku.model.SudokuBoard@2e2a2b07[
  size=9
  solver=sudoku.model.BacktrackingSudokuSolver@52dc71b2
  board={{2,4,1,9,5,3,6,7,8},{9,3,5,8,4,6,1,0,0},{0,0,0,0,0,0,0,0,0},{0,0,0,0,0,0,0,0,0},{0,0,0,0,0,0,0,0,0},{0,0,0,0,0,0,0,0,0},{0,0,0,0,0,0,0,0,0},{0,0,0,0,0,0,0,0,0},{0,0,0,0,0,0,0,0,0}}
]
13:16:51.758 INFO  [main] SudokuBoard - Wartość 0 wstawiona nieprawidłowo
13:16:51.758 INFO  [main] SudokuBoard - Bład w kwadracie 0
sudoku.model.SudokuBoard@2e2a2b07[
  size=9
  solver=sudoku.model.BacktrackingSudokuSolver@52dc71b2
  board={{2,4,1,9,5,3,6,7,8},{9,3,5,8,4,6,0,0,0},{0,0,0,0,0,0,0,0,0},{0,0,0,0,0,0,0,0,0},{0,0,0,0,0,0,0,0,0},{0,0,0,0,0,0,0,0,0},{0,0,0,0,0,0,0,0,0},{0,0,0,0,0,0,0,0,0},{0,0,0,0,0,0,0,0,0}}
]
13:16:51.758 INFO  [main] SudokuBoard - Wartość 0 wstawiona nieprawidłowo
13:16:51.758 INFO  [main] SudokuBoard - Bład w kwadracie 0
sudoku.model.SudokuBoard@2e2a2b07[
  size=9
  solver=sudoku.model.BacktrackingSudokuSolver@52dc71b2
  board={{2,4,1,9,5,3,6,7,8},{9,3,5,8,4,6,2,0,0},{0,0,0,0,0,0,0,0,0},{0,0,0,0,0,0,0,0,0},{0,0,0,0,0,0,0,0,0},{0,0,0,0,0,0,0,0,0},{0,0,0,0,0,0,0,0,0},{0,0,0,0,0,0,0,0,0},{0,0,0,0,0,0,0,0,0}}
]
13:16:51.758 INFO  [main] SudokuBoard - Wartość 0 wstawiona nieprawidłowo
13:16:51.758 INFO  [main] SudokuBoard - Bład w kwadracie 0
sudoku.model.SudokuBoard@2e2a2b07[
  size=9
  solver=sudoku.model.BacktrackingSudokuSolver@52dc71b2
  board={{2,4,1,9,5,3,6,7,8},{9,3,5,8,4,6,0,0,0},{0,0,0,0,0,0,0,0,0},{0,0,0,0,0,0,0,0,0},{0,0,0,0,0,0,0,0,0},{0,0,0,0,0,0,0,0,0},{0,0,0,0,0,0,0,0,0},{0,0,0,0,0,0,0,0,0},{0,0,0,0,0,0,0,0,0}}
]
13:16:51.758 INFO  [main] SudokuBoard - Wartość 0 wstawiona nieprawidłowo
13:16:51.758 INFO  [main] SudokuBoard - Bład w kwadracie 0
sudoku.model.SudokuBoard@2e2a2b07[
  size=9
  solver=sudoku.model.BacktrackingSudokuSolver@52dc71b2
  board={{2,4,1,9,5,3,6,7,8},{9,3,5,8,4,0,0,0,0},{0,0,0,0,0,0,0,0,0},{0,0,0,0,0,0,0,0,0},{0,0,0,0,0,0,0,0,0},{0,0,0,0,0,0,0,0,0},{0,0,0,0,0,0,0,0,0},{0,0,0,0,0,0,0,0,0},{0,0,0,0,0,0,0,0,0}}
]
13:16:51.759 INFO  [main] SudokuBoard - Wartość 0 wstawiona nieprawidłowo
13:16:51.759 INFO  [main] SudokuBoard - Bład w kwadracie 0
sudoku.model.SudokuBoard@2e2a2b07[
  size=9
  solver=sudoku.model.BacktrackingSudokuSolver@52dc71b2
  board={{2,4,1,9,5,3,6,7,8},{9,3,5,8,4,7,1,0,0},{0,0,0,0,0,0,0,0,0},{0,0,0,0,0,0,0,0,0},{0,0,0,0,0,0,0,0,0},{0,0,0,0,0,0,0,0,0},{0,0,0,0,0,0,0,0,0},{0,0,0,0,0,0,0,0,0},{0,0,0,0,0,0,0,0,0}}
]
13:16:51.759 INFO  [main] SudokuBoard - Wartość 0 wstawiona nieprawidłowo
13:16:51.759 INFO  [main] SudokuBoard - Bład w kwadracie 0
sudoku.model.SudokuBoard@2e2a2b07[
  size=9
  solver=sudoku.model.BacktrackingSudokuSolver@52dc71b2
  board={{2,4,1,9,5,3,6,7,8},{9,3,5,8,4,7,0,0,0},{0,0,0,0,0,0,0,0,0},{0,0,0,0,0,0,0,0,0},{0,0,0,0,0,0,0,0,0},{0,0,0,0,0,0,0,0,0},{0,0,0,0,0,0,0,0,0},{0,0,0,0,0,0,0,0,0},{0,0,0,0,0,0,0,0,0}}
]
13:16:51.759 INFO  [main] SudokuBoard - Wartość 0 wstawiona nieprawidłowo
13:16:51.759 INFO  [main] SudokuBoard - Bład w kwadracie 0
sudoku.model.SudokuBoard@2e2a2b07[
  size=9
  solver=sudoku.model.BacktrackingSudokuSolver@52dc71b2
  board={{2,4,1,9,5,3,6,7,8},{9,3,5,8,4,7,2,0,0},{0,0,0,0,0,0,0,0,0},{0,0,0,0,0,0,0,0,0},{0,0,0,0,0,0,0,0,0},{0,0,0,0,0,0,0,0,0},{0,0,0,0,0,0,0,0,0},{0,0,0,0,0,0,0,0,0},{0,0,0,0,0,0,0,0,0}}
]
13:16:51.759 INFO  [main] SudokuBoard - Wartość 0 wstawiona nieprawidłowo
13:16:51.759 INFO  [main] SudokuBoard - Bład w kwadracie 0
sudoku.model.SudokuBoard@2e2a2b07[
  size=9
  solver=sudoku.model.BacktrackingSudokuSolver@52dc71b2
  board={{2,4,1,9,5,3,6,7,8},{9,3,5,8,4,7,0,0,0},{0,0,0,0,0,0,0,0,0},{0,0,0,0,0,0,0,0,0},{0,0,0,0,0,0,0,0,0},{0,0,0,0,0,0,0,0,0},{0,0,0,0,0,0,0,0,0},{0,0,0,0,0,0,0,0,0},{0,0,0,0,0,0,0,0,0}}
]
13:16:51.759 INFO  [main] SudokuBoard - Wartość 0 wstawiona nieprawidłowo
13:16:51.759 INFO  [main] SudokuBoard - Bład w kwadracie 0
sudoku.model.SudokuBoard@2e2a2b07[
  size=9
  solver=sudoku.model.BacktrackingSudokuSolver@52dc71b2
  board={{2,4,1,9,5,3,6,7,8},{9,3,5,8,4,0,0,0,0},{0,0,0,0,0,0,0,0,0},{0,0,0,0,0,0,0,0,0},{0,0,0,0,0,0,0,0,0},{0,0,0,0,0,0,0,0,0},{0,0,0,0,0,0,0,0,0},{0,0,0,0,0,0,0,0,0},{0,0,0,0,0,0,0,0,0}}
]
13:16:51.759 INFO  [main] SudokuBoard - Wartość 0 wstawiona nieprawidłowo
13:16:51.759 INFO  [main] SudokuBoard - Bład w kwadracie 0
sudoku.model.SudokuBoard@2e2a2b07[
  size=9
  solver=sudoku.model.BacktrackingSudokuSolver@52dc71b2
  board={{2,4,1,9,5,3,6,7,8},{9,3,5,8,0,0,0,0,0},{0,0,0,0,0,0,0,0,0},{0,0,0,0,0,0,0,0,0},{0,0,0,0,0,0,0,0,0},{0,0,0,0,0,0,0,0,0},{0,0,0,0,0,0,0,0,0},{0,0,0,0,0,0,0,0,0},{0,0,0,0,0,0,0,0,0}}
]
13:16:51.759 INFO  [main] SudokuBoard - Wartość 0 wstawiona nieprawidłowo
13:16:51.759 INFO  [main] SudokuBoard - Bład w kwadracie 0
sudoku.model.SudokuBoard@2e2a2b07[
  size=9
  solver=sudoku.model.BacktrackingSudokuSolver@52dc71b2
  board={{2,4,1,9,5,3,6,7,8},{9,3,5,8,6,1,2,0,0},{0,0,0,0,0,0,0,0,0},{0,0,0,0,0,0,0,0,0},{0,0,0,0,0,0,0,0,0},{0,0,0,0,0,0,0,0,0},{0,0,0,0,0,0,0,0,0},{0,0,0,0,0,0,0,0,0},{0,0,0,0,0,0,0,0,0}}
]
13:16:51.759 INFO  [main] SudokuBoard - Wartość 0 wstawiona nieprawidłowo
13:16:51.760 INFO  [main] SudokuBoard - Bład w kwadracie 0
sudoku.model.SudokuBoard@2e2a2b07[
  size=9
  solver=sudoku.model.BacktrackingSudokuSolver@52dc71b2
  board={{2,4,1,9,5,3,6,7,8},{9,3,5,8,6,1,0,0,0},{0,0,0,0,0,0,0,0,0},{0,0,0,0,0,0,0,0,0},{0,0,0,0,0,0,0,0,0},{0,0,0,0,0,0,0,0,0},{0,0,0,0,0,0,0,0,0},{0,0,0,0,0,0,0,0,0},{0,0,0,0,0,0,0,0,0}}
]
13:16:51.760 INFO  [main] SudokuBoard - Wartość 0 wstawiona nieprawidłowo
13:16:51.760 INFO  [main] SudokuBoard - Bład w kwadracie 0
sudoku.model.SudokuBoard@2e2a2b07[
  size=9
  solver=sudoku.model.BacktrackingSudokuSolver@52dc71b2
  board={{2,4,1,9,5,3,6,7,8},{9,3,5,8,6,1,4,0,0},{0,0,0,0,0,0,0,0,0},{0,0,0,0,0,0,0,0,0},{0,0,0,0,0,0,0,0,0},{0,0,0,0,0,0,0,0,0},{0,0,0,0,0,0,0,0,0},{0,0,0,0,0,0,0,0,0},{0,0,0,0,0,0,0,0,0}}
]
13:16:51.760 INFO  [main] SudokuBoard - Wartość 0 wstawiona nieprawidłowo
13:16:51.760 INFO  [main] SudokuBoard - Bład w kwadracie 0
sudoku.model.SudokuBoard@2e2a2b07[
  size=9
  solver=sudoku.model.BacktrackingSudokuSolver@52dc71b2
  board={{2,4,1,9,5,3,6,7,8},{9,3,5,8,6,1,0,0,0},{0,0,0,0,0,0,0,0,0},{0,0,0,0,0,0,0,0,0},{0,0,0,0,0,0,0,0,0},{0,0,0,0,0,0,0,0,0},{0,0,0,0,0,0,0,0,0},{0,0,0,0,0,0,0,0,0},{0,0,0,0,0,0,0,0,0}}
]
13:16:51.760 INFO  [main] SudokuBoard - Wartość 0 wstawiona nieprawidłowo
13:16:51.760 INFO  [main] SudokuBoard - Bład w kwadracie 0
sudoku.model.SudokuBoard@2e2a2b07[
  size=9
  solver=sudoku.model.BacktrackingSudokuSolver@52dc71b2
  board={{2,4,1,9,5,3,6,7,8},{9,3,5,8,6,0,0,0,0},{0,0,0,0,0,0,0,0,0},{0,0,0,0,0,0,0,0,0},{0,0,0,0,0,0,0,0,0},{0,0,0,0,0,0,0,0,0},{0,0,0,0,0,0,0,0,0},{0,0,0,0,0,0,0,0,0},{0,0,0,0,0,0,0,0,0}}
]
13:16:51.760 INFO  [main] SudokuBoard - Wartość 0 wstawiona nieprawidłowo
13:16:51.760 INFO  [main] SudokuBoard - Bład w kwadracie 0
sudoku.model.SudokuBoard@2e2a2b07[
  size=9
  solver=sudoku.model.BacktrackingSudokuSolver@52dc71b2
  board={{2,4,1,9,5,3,6,7,8},{9,3,5,8,6,2,1,0,0},{0,0,0,0,0,0,0,0,0},{0,0,0,0,0,0,0,0,0},{0,0,0,0,0,0,0,0,0},{0,0,0,0,0,0,0,0,0},{0,0,0,0,0,0,0,0,0},{0,0,0,0,0,0,0,0,0},{0,0,0,0,0,0,0,0,0}}
]
13:16:51.760 INFO  [main] SudokuBoard - Wartość 0 wstawiona nieprawidłowo
13:16:51.760 INFO  [main] SudokuBoard - Bład w kwadracie 0
sudoku.model.SudokuBoard@2e2a2b07[
  size=9
  solver=sudoku.model.BacktrackingSudokuSolver@52dc71b2
  board={{2,4,1,9,5,3,6,7,8},{9,3,5,8,6,2,0,0,0},{0,0,0,0,0,0,0,0,0},{0,0,0,0,0,0,0,0,0},{0,0,0,0,0,0,0,0,0},{0,0,0,0,0,0,0,0,0},{0,0,0,0,0,0,0,0,0},{0,0,0,0,0,0,0,0,0},{0,0,0,0,0,0,0,0,0}}
]
13:16:51.760 INFO  [main] SudokuBoard - Wartość 0 wstawiona nieprawidłowo
13:16:51.760 INFO  [main] SudokuBoard - Bład w kwadracie 0
sudoku.model.SudokuBoard@2e2a2b07[
  size=9
  solver=sudoku.model.BacktrackingSudokuSolver@52dc71b2
  board={{2,4,1,9,5,3,6,7,8},{9,3,5,8,6,2,4,0,0},{0,0,0,0,0,0,0,0,0},{0,0,0,0,0,0,0,0,0},{0,0,0,0,0,0,0,0,0},{0,0,0,0,0,0,0,0,0},{0,0,0,0,0,0,0,0,0},{0,0,0,0,0,0,0,0,0},{0,0,0,0,0,0,0,0,0}}
]
13:16:51.760 INFO  [main] SudokuBoard - Wartość 0 wstawiona nieprawidłowo
13:16:51.760 INFO  [main] SudokuBoard - Bład w kwadracie 0
sudoku.model.SudokuBoard@2e2a2b07[
  size=9
  solver=sudoku.model.BacktrackingSudokuSolver@52dc71b2
  board={{2,4,1,9,5,3,6,7,8},{9,3,5,8,6,2,0,0,0},{0,0,0,0,0,0,0,0,0},{0,0,0,0,0,0,0,0,0},{0,0,0,0,0,0,0,0,0},{0,0,0,0,0,0,0,0,0},{0,0,0,0,0,0,0,0,0},{0,0,0,0,0,0,0,0,0},{0,0,0,0,0,0,0,0,0}}
]
13:16:51.760 INFO  [main] SudokuBoard - Wartość 0 wstawiona nieprawidłowo
13:16:51.760 INFO  [main] SudokuBoard - Bład w kwadracie 0
sudoku.model.SudokuBoard@2e2a2b07[
  size=9
  solver=sudoku.model.BacktrackingSudokuSolver@52dc71b2
  board={{2,4,1,9,5,3,6,7,8},{9,3,5,8,6,0,0,0,0},{0,0,0,0,0,0,0,0,0},{0,0,0,0,0,0,0,0,0},{0,0,0,0,0,0,0,0,0},{0,0,0,0,0,0,0,0,0},{0,0,0,0,0,0,0,0,0},{0,0,0,0,0,0,0,0,0},{0,0,0,0,0,0,0,0,0}}
]
13:16:51.760 INFO  [main] SudokuBoard - Wartość 0 wstawiona nieprawidłowo
13:16:51.761 INFO  [main] SudokuBoard - Bład w kwadracie 0
sudoku.model.SudokuBoard@2e2a2b07[
  size=9
  solver=sudoku.model.BacktrackingSudokuSolver@52dc71b2
  board={{2,4,1,9,5,3,6,7,8},{9,3,5,8,6,4,1,0,0},{0,0,0,0,0,0,0,0,0},{0,0,0,0,0,0,0,0,0},{0,0,0,0,0,0,0,0,0},{0,0,0,0,0,0,0,0,0},{0,0,0,0,0,0,0,0,0},{0,0,0,0,0,0,0,0,0},{0,0,0,0,0,0,0,0,0}}
]
13:16:51.761 INFO  [main] SudokuBoard - Wartość 0 wstawiona nieprawidłowo
13:16:51.761 INFO  [main] SudokuBoard - Bład w kwadracie 0
sudoku.model.SudokuBoard@2e2a2b07[
  size=9
  solver=sudoku.model.BacktrackingSudokuSolver@52dc71b2
  board={{2,4,1,9,5,3,6,7,8},{9,3,5,8,6,4,0,0,0},{0,0,0,0,0,0,0,0,0},{0,0,0,0,0,0,0,0,0},{0,0,0,0,0,0,0,0,0},{0,0,0,0,0,0,0,0,0},{0,0,0,0,0,0,0,0,0},{0,0,0,0,0,0,0,0,0},{0,0,0,0,0,0,0,0,0}}
]
13:16:51.761 INFO  [main] SudokuBoard - Wartość 0 wstawiona nieprawidłowo
13:16:51.761 INFO  [main] SudokuBoard - Bład w kwadracie 0
sudoku.model.SudokuBoard@2e2a2b07[
  size=9
  solver=sudoku.model.BacktrackingSudokuSolver@52dc71b2
  board={{2,4,1,9,5,3,6,7,8},{9,3,5,8,6,4,2,0,0},{0,0,0,0,0,0,0,0,0},{0,0,0,0,0,0,0,0,0},{0,0,0,0,0,0,0,0,0},{0,0,0,0,0,0,0,0,0},{0,0,0,0,0,0,0,0,0},{0,0,0,0,0,0,0,0,0},{0,0,0,0,0,0,0,0,0}}
]
13:16:51.761 INFO  [main] SudokuBoard - Wartość 0 wstawiona nieprawidłowo
13:16:51.761 INFO  [main] SudokuBoard - Bład w kwadracie 0
sudoku.model.SudokuBoard@2e2a2b07[
  size=9
  solver=sudoku.model.BacktrackingSudokuSolver@52dc71b2
  board={{2,4,1,9,5,3,6,7,8},{9,3,5,8,6,4,0,0,0},{0,0,0,0,0,0,0,0,0},{0,0,0,0,0,0,0,0,0},{0,0,0,0,0,0,0,0,0},{0,0,0,0,0,0,0,0,0},{0,0,0,0,0,0,0,0,0},{0,0,0,0,0,0,0,0,0},{0,0,0,0,0,0,0,0,0}}
]
13:16:51.761 INFO  [main] SudokuBoard - Wartość 0 wstawiona nieprawidłowo
13:16:51.761 INFO  [main] SudokuBoard - Bład w kwadracie 0
sudoku.model.SudokuBoard@2e2a2b07[
  size=9
  solver=sudoku.model.BacktrackingSudokuSolver@52dc71b2
  board={{2,4,1,9,5,3,6,7,8},{9,3,5,8,6,0,0,0,0},{0,0,0,0,0,0,0,0,0},{0,0,0,0,0,0,0,0,0},{0,0,0,0,0,0,0,0,0},{0,0,0,0,0,0,0,0,0},{0,0,0,0,0,0,0,0,0},{0,0,0,0,0,0,0,0,0},{0,0,0,0,0,0,0,0,0}}
]
13:16:51.761 INFO  [main] SudokuBoard - Wartość 0 wstawiona nieprawidłowo
13:16:51.761 INFO  [main] SudokuBoard - Bład w kwadracie 0
sudoku.model.SudokuBoard@2e2a2b07[
  size=9
  solver=sudoku.model.BacktrackingSudokuSolver@52dc71b2
  board={{2,4,1,9,5,3,6,7,8},{9,3,5,8,6,7,4,1,2},{6,7,8,1,2,4,9,3,5},{1,8,2,3,7,9,5,4,6},{3,9,4,5,8,6,1,2,7},{5,6,7,2,0,0,0,0,0},{0,0,0,0,0,0,0,0,0},{0,0,0,0,0,0,0,0,0},{0,0,0,0,0,0,0,0,0}}
]
13:16:51.761 INFO  [main] SudokuBoard - Wartość 0 wstawiona nieprawidłowo
13:16:51.762 INFO  [main] SudokuBoard - Bład w kwadracie 0
sudoku.model.SudokuBoard@2e2a2b07[
  size=9
  solver=sudoku.model.BacktrackingSudokuSolver@52dc71b2
  board={{2,4,1,9,5,3,6,7,8},{9,3,5,8,6,7,4,1,2},{6,7,8,1,2,4,9,3,5},{1,8,2,3,7,9,5,4,6},{3,9,4,5,8,6,1,2,7},{5,6,7,2,4,1,3,8,9},{7,5,3,6,9,2,0,0,0},{0,0,0,0,0,0,0,0,0},{0,0,0,0,0,0,0,0,0}}
]
13:16:51.762 INFO  [main] SudokuBoard - Wartość 0 wstawiona nieprawidłowo
13:16:51.762 INFO  [main] SudokuBoard - Bład w kwadracie 0
sudoku.model.SudokuBoard@2e2a2b07[
  size=9
  solver=sudoku.model.BacktrackingSudokuSolver@52dc71b2
  board={{2,4,1,9,5,3,6,7,8},{9,3,5,8,6,7,4,1,2},{6,7,8,1,2,4,9,3,5},{1,8,2,3,7,9,5,4,6},{3,9,4,5,8,6,1,2,7},{5,6,7,2,4,1,3,8,9},{7,5,3,6,9,0,0,0,0},{0,0,0,0,0,0,0,0,0},{0,0,0,0,0,0,0,0,0}}
]
13:16:51.762 INFO  [main] SudokuBoard - Wartość 0 wstawiona nieprawidłowo
13:16:51.762 INFO  [main] SudokuBoard - Bład w kwadracie 0
sudoku.model.SudokuBoard@2e2a2b07[
  size=9
  solver=sudoku.model.BacktrackingSudokuSolver@52dc71b2
  board={{2,4,1,9,5,3,6,7,8},{9,3,5,8,6,7,4,1,2},{6,7,8,1,2,4,9,3,5},{1,8,2,3,7,9,5,4,6},{3,9,4,5,8,6,1,2,7},{5,6,7,2,4,1,3,8,9},{7,5,3,6,9,8,0,0,0},{0,0,0,0,0,0,0,0,0},{0,0,0,0,0,0,0,0,0}}
]
13:16:51.762 INFO  [main] SudokuBoard - Wartość 0 wstawiona nieprawidłowo
13:16:51.762 INFO  [main] SudokuBoard - Bład w kwadracie 0
sudoku.model.SudokuBoard@2e2a2b07[
  size=9
  solver=sudoku.model.BacktrackingSudokuSolver@52dc71b2
  board={{2,4,1,9,5,3,6,7,8},{9,3,5,8,6,7,4,1,2},{6,7,8,1,2,4,9,3,5},{1,8,2,3,7,9,5,4,6},{3,9,4,5,8,6,1,2,7},{5,6,7,2,4,1,3,8,9},{7,5,3,6,9,0,0,0,0},{0,0,0,0,0,0,0,0,0},{0,0,0,0,0,0,0,0,0}}
]
13:16:51.762 INFO  [main] SudokuBoard - Wartość 0 wstawiona nieprawidłowo
13:16:51.762 INFO  [main] SudokuBoard - Bład w kwadracie 0
sudoku.model.SudokuBoard@2e2a2b07[
  size=9
  solver=sudoku.model.BacktrackingSudokuSolver@52dc71b2
  board={{2,4,1,9,5,3,6,7,8},{9,3,5,8,6,7,4,1,2},{6,7,8,1,2,4,9,3,5},{1,8,2,3,7,9,5,4,6},{3,9,4,5,8,6,1,2,7},{5,6,7,2,4,1,3,8,9},{7,5,3,6,0,0,0,0,0},{0,0,0,0,0,0,0,0,0},{0,0,0,0,0,0,0,0,0}}
]
13:16:51.762 INFO  [main] SudokuBoard - Wartość 0 wstawiona nieprawidłowo
13:16:51.762 INFO  [main] SudokuBoard - Bład w kwadracie 0
sudoku.model.SudokuBoard@2e2a2b07[
  size=9
  solver=sudoku.model.BacktrackingSudokuSolver@52dc71b2
  board={{2,4,1,9,5,3,6,7,8},{9,3,5,8,6,7,4,1,2},{6,7,8,1,2,4,9,3,5},{1,8,2,3,7,9,5,4,6},{3,9,4,5,8,6,1,2,7},{5,6,7,2,4,1,3,8,9},{7,5,3,6,1,8,2,9,4},{4,1,9,7,3,2,8,0,0},{0,0,0,0,0,0,0,0,0}}
]
13:16:51.762 INFO  [main] SudokuBoard - Wartość 0 wstawiona nieprawidłowo
13:16:51.762 INFO  [main] SudokuBoard - Bład w kwadracie 0
sudoku.model.SudokuBoard@2e2a2b07[
  size=9
  solver=sudoku.model.BacktrackingSudokuSolver@52dc71b2
  board={{2,4,1,9,5,3,6,7,8},{9,3,5,8,6,7,4,1,2},{6,7,8,1,2,4,9,3,5},{1,8,2,3,7,9,5,4,6},{3,9,4,5,8,6,1,2,7},{5,6,7,2,4,1,3,8,9},{7,5,3,6,1,8,2,9,4},{4,1,9,7,3,2,8,0,0},{0,0,0,0,0,0,0,0,0}}
]
13:16:51.762 INFO  [main] SudokuBoard - Wartość 0 wstawiona nieprawidłowo
13:16:51.762 INFO  [main] SudokuBoard - Bład w kwadracie 0
sudoku.model.SudokuBoard@2e2a2b07[
  size=9
  solver=sudoku.model.BacktrackingSudokuSolver@52dc71b2
  board={{2,4,1,9,5,3,6,7,8},{9,3,5,8,6,7,4,1,2},{6,7,8,1,2,4,9,3,5},{1,8,2,3,7,9,5,4,6},{3,9,4,5,8,6,1,2,7},{5,6,7,2,4,1,3,8,9},{7,5,3,6,1,8,2,9,4},{4,1,9,7,3,2,0,0,0},{0,0,0,0,0,0,0,0,0}}
]
13:16:51.763 INFO  [main] SudokuBoard - Wartość 0 wstawiona nieprawidłowo
13:16:51.763 INFO  [main] SudokuBoard - Bład w kwadracie 0
sudoku.model.SudokuBoard@2e2a2b07[
  size=9
  solver=sudoku.model.BacktrackingSudokuSolver@52dc71b2
  board={{2,4,1,9,5,3,6,7,8},{9,3,5,8,6,7,4,1,2},{6,7,8,1,2,4,9,3,5},{1,8,2,3,7,9,5,4,6},{3,9,4,5,8,6,1,2,7},{5,6,7,2,4,1,3,8,9},{7,5,3,6,1,8,2,9,4},{4,1,9,7,3,0,0,0,0},{0,0,0,0,0,0,0,0,0}}
]
13:16:51.763 INFO  [main] SudokuBoard - Wartość 0 wstawiona nieprawidłowo
13:16:51.763 INFO  [main] SudokuBoard - Bład w kwadracie 0
sudoku.model.SudokuBoard@2e2a2b07[
  size=9
  solver=sudoku.model.BacktrackingSudokuSolver@52dc71b2
  board={{2,4,1,9,5,3,6,7,8},{9,3,5,8,6,7,4,1,2},{6,7,8,1,2,4,9,3,5},{1,8,2,3,7,9,5,4,6},{3,9,4,5,8,6,1,2,7},{5,6,7,2,4,1,3,8,9},{7,5,3,6,1,8,2,9,4},{4,1,9,7,3,5,8,0,0},{0,0,0,0,0,0,0,0,0}}
]
13:16:51.763 INFO  [main] SudokuBoard - Wartość 0 wstawiona nieprawidłowo
13:16:51.763 INFO  [main] SudokuBoard - Bład w kwadracie 0
sudoku.model.SudokuBoard@2e2a2b07[
  size=9
  solver=sudoku.model.BacktrackingSudokuSolver@52dc71b2
  board={{2,4,1,9,5,3,6,7,8},{9,3,5,8,6,7,4,1,2},{6,7,8,1,2,4,9,3,5},{1,8,2,3,7,9,5,4,6},{3,9,4,5,8,6,1,2,7},{5,6,7,2,4,1,3,8,9},{7,5,3,6,1,8,2,9,4},{4,1,9,7,3,5,0,0,0},{0,0,0,0,0,0,0,0,0}}
]
13:16:51.763 INFO  [main] SudokuBoard - Wartość 0 wstawiona nieprawidłowo
13:16:51.763 INFO  [main] SudokuBoard - Bład w kwadracie 0
sudoku.model.SudokuBoard@2e2a2b07[
  size=9
  solver=sudoku.model.BacktrackingSudokuSolver@52dc71b2
  board={{2,4,1,9,5,3,6,7,8},{9,3,5,8,6,7,4,1,2},{6,7,8,1,2,4,9,3,5},{1,8,2,3,7,9,5,4,6},{3,9,4,5,8,6,1,2,7},{5,6,7,2,4,1,3,8,9},{7,5,3,6,1,8,2,9,4},{4,1,9,7,3,0,0,0,0},{0,0,0,0,0,0,0,0,0}}
]
13:16:51.763 INFO  [main] SudokuBoard - Wartość 0 wstawiona nieprawidłowo
13:16:51.763 INFO  [main] SudokuBoard - Bład w kwadracie 0
sudoku.model.SudokuBoard@2e2a2b07[
  size=9
  solver=sudoku.model.BacktrackingSudokuSolver@52dc71b2
  board={{2,4,1,9,5,3,6,7,8},{9,3,5,8,6,7,4,1,2},{6,7,8,1,2,4,9,3,5},{1,8,2,3,7,9,5,4,6},{3,9,4,5,8,6,1,2,7},{5,6,7,2,4,1,3,8,9},{7,5,3,6,1,8,2,9,4},{4,1,9,7,0,0,0,0,0},{0,0,0,0,0,0,0,0,0}}
]
13:16:51.763 INFO  [main] SudokuBoard - Wartość 0 wstawiona nieprawidłowo
13:16:51.763 INFO  [main] SudokuBoard - Bład w kwadracie 0
sudoku.model.SudokuBoard@2e2a2b07[
  size=9
  solver=sudoku.model.BacktrackingSudokuSolver@52dc71b2
  board={{2,4,1,9,5,3,6,7,8},{9,3,5,8,6,7,4,1,2},{6,7,8,1,2,4,9,3,5},{1,8,2,3,7,9,5,4,6},{3,9,4,5,8,6,1,2,7},{5,6,7,2,4,1,3,8,9},{7,5,3,6,1,8,2,9,4},{4,1,9,0,0,0,0,0,0},{0,0,0,0,0,0,0,0,0}}
]
13:16:51.763 INFO  [main] SudokuBoard - Wartość 0 wstawiona nieprawidłowo
13:16:51.763 INFO  [main] SudokuBoard - Bład w kwadracie 0
sudoku.model.SudokuBoard@2e2a2b07[
  size=9
  solver=sudoku.model.BacktrackingSudokuSolver@52dc71b2
  board={{2,4,1,9,5,3,6,7,8},{9,3,5,8,6,7,4,1,2},{6,7,8,1,2,4,9,3,5},{1,8,2,3,7,9,5,4,6},{3,9,4,5,8,6,1,2,7},{5,6,7,2,4,1,3,8,9},{7,5,3,6,1,8,2,9,4},{4,1,0,0,0,0,0,0,0},{0,0,0,0,0,0,0,0,0}}
]
13:16:51.764 INFO  [main] SudokuBoard - Wartość 0 wstawiona nieprawidłowo
13:16:51.765 INFO  [main] SudokuBoard - Bład w kwadracie 0
sudoku.model.SudokuBoard@2e2a2b07[
  size=9
  solver=sudoku.model.BacktrackingSudokuSolver@52dc71b2
  board={{2,4,1,9,5,3,6,7,8},{9,3,5,8,6,7,4,1,2},{6,7,8,1,2,4,9,3,5},{1,8,2,3,7,9,5,4,6},{3,9,4,5,8,6,1,2,7},{5,6,7,2,4,1,3,8,9},{7,5,3,6,1,8,2,9,4},{4,1,6,7,3,2,8,0,0},{0,0,0,0,0,0,0,0,0}}
]
13:16:51.765 INFO  [main] SudokuBoard - Wartość 0 wstawiona nieprawidłowo
13:16:51.765 INFO  [main] SudokuBoard - Bład w kwadracie 0
sudoku.model.SudokuBoard@2e2a2b07[
  size=9
  solver=sudoku.model.BacktrackingSudokuSolver@52dc71b2
  board={{2,4,1,9,5,3,6,7,8},{9,3,5,8,6,7,4,1,2},{6,7,8,1,2,4,9,3,5},{1,8,2,3,7,9,5,4,6},{3,9,4,5,8,6,1,2,7},{5,6,7,2,4,1,3,8,9},{7,5,3,6,1,8,2,9,4},{4,1,6,7,3,2,0,0,0},{0,0,0,0,0,0,0,0,0}}
]
13:16:51.765 INFO  [main] SudokuBoard - Wartość 0 wstawiona nieprawidłowo
13:16:51.766 INFO  [main] SudokuBoard - Bład w kwadracie 0
sudoku.model.SudokuBoard@2e2a2b07[
  size=9
  solver=sudoku.model.BacktrackingSudokuSolver@52dc71b2
  board={{2,4,1,9,5,3,6,7,8},{9,3,5,8,6,7,4,1,2},{6,7,8,1,2,4,9,3,5},{1,8,2,3,7,9,5,4,6},{3,9,4,5,8,6,1,2,7},{5,6,7,2,4,1,3,8,9},{7,5,3,6,1,8,2,9,4},{4,1,6,7,3,0,0,0,0},{0,0,0,0,0,0,0,0,0}}
]
13:16:51.766 INFO  [main] SudokuBoard - Wartość 0 wstawiona nieprawidłowo
13:16:51.766 INFO  [main] SudokuBoard - Bład w kwadracie 0
sudoku.model.SudokuBoard@2e2a2b07[
  size=9
  solver=sudoku.model.BacktrackingSudokuSolver@52dc71b2
  board={{2,4,1,9,5,3,6,7,8},{9,3,5,8,6,7,4,1,2},{6,7,8,1,2,4,9,3,5},{1,8,2,3,7,9,5,4,6},{3,9,4,5,8,6,1,2,7},{5,6,7,2,4,1,3,8,9},{7,5,3,6,1,8,2,9,4},{4,1,6,7,3,5,0,0,0},{0,0,0,0,0,0,0,0,0}}
]
13:16:51.766 INFO  [main] SudokuBoard - Wartość 0 wstawiona nieprawidłowo
13:16:51.766 INFO  [main] SudokuBoard - Bład w kwadracie 0
sudoku.model.SudokuBoard@2e2a2b07[
  size=9
  solver=sudoku.model.BacktrackingSudokuSolver@52dc71b2
  board={{2,4,1,9,5,3,6,7,8},{9,3,5,8,6,7,4,1,2},{6,7,8,1,2,4,9,3,5},{1,8,2,3,7,9,5,4,6},{3,9,4,5,8,6,1,2,7},{5,6,7,2,4,1,3,8,9},{7,5,3,6,1,8,2,9,4},{4,1,6,7,3,0,0,0,0},{0,0,0,0,0,0,0,0,0}}
]
13:16:51.766 INFO  [main] SudokuBoard - Wartość 0 wstawiona nieprawidłowo
13:16:51.766 INFO  [main] SudokuBoard - Bład w kwadracie 0
sudoku.model.SudokuBoard@2e2a2b07[
  size=9
  solver=sudoku.model.BacktrackingSudokuSolver@52dc71b2
  board={{2,4,1,9,5,3,6,7,8},{9,3,5,8,6,7,4,1,2},{6,7,8,1,2,4,9,3,5},{1,8,2,3,7,9,5,4,6},{3,9,4,5,8,6,1,2,7},{5,6,7,2,4,1,3,8,9},{7,5,3,6,1,8,2,9,4},{4,1,6,7,0,0,0,0,0},{0,0,0,0,0,0,0,0,0}}
]
13:16:51.766 INFO  [main] SudokuBoard - Wartość 0 wstawiona nieprawidłowo
]]></system-out>
  </testcase>
  <testcase name="repeatFillBoardTest" classname="sudoku.model.SudokuBoardTest" time="0.038">
    <system-out><![CDATA[13:16:51.774 INFO  [main] SudokuBoard - Bład w kwadracie 0
sudoku.model.SudokuBoard@3c00da24[
  size=9
  solver=sudoku.model.BacktrackingSudokuSolver@430dbcb0
  board={{6,9,4,7,3,8,1,5,2},{7,8,1,9,2,6,3,0,0},{0,0,0,0,0,0,0,0,0},{0,0,0,0,0,0,0,0,0},{0,0,0,0,0,0,0,0,0},{0,0,0,0,0,0,0,0,0},{0,0,0,0,0,0,0,0,0},{0,0,0,0,0,0,0,0,0},{0,0,0,0,0,0,0,0,0}}
]
13:16:51.774 INFO  [main] SudokuBoard - Wartość 0 wstawiona nieprawidłowo
13:16:51.774 INFO  [main] SudokuBoard - Bład w kwadracie 0
sudoku.model.SudokuBoard@3c00da24[
  size=9
  solver=sudoku.model.BacktrackingSudokuSolver@430dbcb0
  board={{6,9,4,7,3,8,1,5,2},{7,8,1,9,2,6,0,0,0},{0,0,0,0,0,0,0,0,0},{0,0,0,0,0,0,0,0,0},{0,0,0,0,0,0,0,0,0},{0,0,0,0,0,0,0,0,0},{0,0,0,0,0,0,0,0,0},{0,0,0,0,0,0,0,0,0},{0,0,0,0,0,0,0,0,0}}
]
13:16:51.774 INFO  [main] SudokuBoard - Wartość 0 wstawiona nieprawidłowo
13:16:51.774 INFO  [main] SudokuBoard - Bład w kwadracie 0
sudoku.model.SudokuBoard@3c00da24[
  size=9
  solver=sudoku.model.BacktrackingSudokuSolver@430dbcb0
  board={{6,9,4,7,3,8,1,5,2},{7,8,1,9,2,6,4,0,0},{0,0,0,0,0,0,0,0,0},{0,0,0,0,0,0,0,0,0},{0,0,0,0,0,0,0,0,0},{0,0,0,0,0,0,0,0,0},{0,0,0,0,0,0,0,0,0},{0,0,0,0,0,0,0,0,0},{0,0,0,0,0,0,0,0,0}}
]
13:16:51.774 INFO  [main] SudokuBoard - Wartość 0 wstawiona nieprawidłowo
13:16:51.774 INFO  [main] SudokuBoard - Bład w kwadracie 0
sudoku.model.SudokuBoard@3c00da24[
  size=9
  solver=sudoku.model.BacktrackingSudokuSolver@430dbcb0
  board={{6,9,4,7,3,8,1,5,2},{7,8,1,9,2,6,0,0,0},{0,0,0,0,0,0,0,0,0},{0,0,0,0,0,0,0,0,0},{0,0,0,0,0,0,0,0,0},{0,0,0,0,0,0,0,0,0},{0,0,0,0,0,0,0,0,0},{0,0,0,0,0,0,0,0,0},{0,0,0,0,0,0,0,0,0}}
]
13:16:51.775 INFO  [main] SudokuBoard - Wartość 0 wstawiona nieprawidłowo
13:16:51.775 INFO  [main] SudokuBoard - Bład w kwadracie 0
sudoku.model.SudokuBoard@3c00da24[
  size=9
  solver=sudoku.model.BacktrackingSudokuSolver@430dbcb0
  board={{6,9,4,7,3,8,1,5,2},{7,8,1,9,2,0,0,0,0},{0,0,0,0,0,0,0,0,0},{0,0,0,0,0,0,0,0,0},{0,0,0,0,0,0,0,0,0},{0,0,0,0,0,0,0,0,0},{0,0,0,0,0,0,0,0,0},{0,0,0,0,0,0,0,0,0},{0,0,0,0,0,0,0,0,0}}
]
13:16:51.775 INFO  [main] SudokuBoard - Wartość 0 wstawiona nieprawidłowo
13:16:51.775 INFO  [main] SudokuBoard - Bład w kwadracie 0
sudoku.model.SudokuBoard@3c00da24[
  size=9
  solver=sudoku.model.BacktrackingSudokuSolver@430dbcb0
  board={{6,9,4,7,3,8,1,5,2},{7,8,1,9,2,4,6,0,0},{0,0,0,0,0,0,0,0,0},{0,0,0,0,0,0,0,0,0},{0,0,0,0,0,0,0,0,0},{0,0,0,0,0,0,0,0,0},{0,0,0,0,0,0,0,0,0},{0,0,0,0,0,0,0,0,0},{0,0,0,0,0,0,0,0,0}}
]
13:16:51.775 INFO  [main] SudokuBoard - Wartość 0 wstawiona nieprawidłowo
13:16:51.775 INFO  [main] SudokuBoard - Bład w kwadracie 0
sudoku.model.SudokuBoard@3c00da24[
  size=9
  solver=sudoku.model.BacktrackingSudokuSolver@430dbcb0
  board={{6,9,4,7,3,8,1,5,2},{7,8,1,9,2,4,0,0,0},{0,0,0,0,0,0,0,0,0},{0,0,0,0,0,0,0,0,0},{0,0,0,0,0,0,0,0,0},{0,0,0,0,0,0,0,0,0},{0,0,0,0,0,0,0,0,0},{0,0,0,0,0,0,0,0,0},{0,0,0,0,0,0,0,0,0}}
]
13:16:51.775 INFO  [main] SudokuBoard - Wartość 0 wstawiona nieprawidłowo
13:16:51.775 INFO  [main] SudokuBoard - Bład w kwadracie 0
sudoku.model.SudokuBoard@3c00da24[
  size=9
  solver=sudoku.model.BacktrackingSudokuSolver@430dbcb0
  board={{6,9,4,7,3,8,1,5,2},{7,8,1,9,2,4,3,0,0},{0,0,0,0,0,0,0,0,0},{0,0,0,0,0,0,0,0,0},{0,0,0,0,0,0,0,0,0},{0,0,0,0,0,0,0,0,0},{0,0,0,0,0,0,0,0,0},{0,0,0,0,0,0,0,0,0},{0,0,0,0,0,0,0,0,0}}
]
13:16:51.775 INFO  [main] SudokuBoard - Wartość 0 wstawiona nieprawidłowo
13:16:51.775 INFO  [main] SudokuBoard - Bład w kwadracie 0
sudoku.model.SudokuBoard@3c00da24[
  size=9
  solver=sudoku.model.BacktrackingSudokuSolver@430dbcb0
  board={{6,9,4,7,3,8,1,5,2},{7,8,1,9,2,4,0,0,0},{0,0,0,0,0,0,0,0,0},{0,0,0,0,0,0,0,0,0},{0,0,0,0,0,0,0,0,0},{0,0,0,0,0,0,0,0,0},{0,0,0,0,0,0,0,0,0},{0,0,0,0,0,0,0,0,0},{0,0,0,0,0,0,0,0,0}}
]
13:16:51.775 INFO  [main] SudokuBoard - Wartość 0 wstawiona nieprawidłowo
13:16:51.775 INFO  [main] SudokuBoard - Bład w kwadracie 0
sudoku.model.SudokuBoard@3c00da24[
  size=9
  solver=sudoku.model.BacktrackingSudokuSolver@430dbcb0
  board={{6,9,4,7,3,8,1,5,2},{7,8,1,9,2,0,0,0,0},{0,0,0,0,0,0,0,0,0},{0,0,0,0,0,0,0,0,0},{0,0,0,0,0,0,0,0,0},{0,0,0,0,0,0,0,0,0},{0,0,0,0,0,0,0,0,0},{0,0,0,0,0,0,0,0,0},{0,0,0,0,0,0,0,0,0}}
]
13:16:51.775 INFO  [main] SudokuBoard - Wartość 0 wstawiona nieprawidłowo
13:16:51.775 INFO  [main] SudokuBoard - Bład w kwadracie 0
sudoku.model.SudokuBoard@3c00da24[
  size=9
  solver=sudoku.model.BacktrackingSudokuSolver@430dbcb0
  board={{6,9,4,7,3,8,1,5,2},{7,8,1,9,2,5,3,4,6},{2,3,5,1,4,6,8,7,9},{3,4,8,2,5,7,9,0,0},{0,0,0,0,0,0,0,0,0},{0,0,0,0,0,0,0,0,0},{0,0,0,0,0,0,0,0,0},{0,0,0,0,0,0,0,0,0},{0,0,0,0,0,0,0,0,0}}
]
13:16:51.775 INFO  [main] SudokuBoard - Wartość 0 wstawiona nieprawidłowo
13:16:51.794 INFO  [main] SudokuBoard - Bład w kwadracie 0
sudoku.model.SudokuBoard@3c00da24[
  size=9
  solver=sudoku.model.BacktrackingSudokuSolver@430dbcb0
  board={{6,9,4,7,3,8,1,5,2},{7,8,1,9,2,5,3,4,6},{2,3,5,1,4,6,8,7,9},{3,4,8,2,5,7,9,6,1},{5,2,9,6,8,1,4,3,7},{1,6,7,4,9,3,5,2,8},{9,5,6,3,7,0,0,0,0},{0,0,0,0,0,0,0,0,0},{0,0,0,0,0,0,0,0,0}}
]
13:16:51.794 INFO  [main] SudokuBoard - Wartość 0 wstawiona nieprawidłowo
13:16:51.794 INFO  [main] SudokuBoard - Bład w kwadracie 0
sudoku.model.SudokuBoard@3c00da24[
  size=9
  solver=sudoku.model.BacktrackingSudokuSolver@430dbcb0
  board={{6,9,4,7,3,8,1,5,2},{7,8,1,9,2,5,3,4,6},{2,3,5,1,4,6,8,7,9},{3,4,8,2,5,7,9,6,1},{5,2,9,6,8,1,4,3,7},{1,6,7,4,9,3,5,2,8},{9,5,6,3,7,4,2,0,0},{0,0,0,0,0,0,0,0,0},{0,0,0,0,0,0,0,0,0}}
]
13:16:51.794 INFO  [main] SudokuBoard - Wartość 0 wstawiona nieprawidłowo
13:16:51.794 INFO  [main] SudokuBoard - Bład w kwadracie 0
sudoku.model.SudokuBoard@3c00da24[
  size=9
  solver=sudoku.model.BacktrackingSudokuSolver@430dbcb0
  board={{6,9,4,7,3,8,1,5,2},{7,8,1,9,2,5,3,4,6},{2,3,5,1,4,6,8,7,9},{3,4,8,2,5,7,9,6,1},{5,2,9,6,8,1,4,3,7},{1,6,7,4,9,3,5,2,8},{9,5,6,3,7,4,2,0,0},{0,0,0,0,0,0,0,0,0},{0,0,0,0,0,0,0,0,0}}
]
13:16:51.794 INFO  [main] SudokuBoard - Wartość 0 wstawiona nieprawidłowo
13:16:51.794 INFO  [main] SudokuBoard - Bład w kwadracie 0
sudoku.model.SudokuBoard@3c00da24[
  size=9
  solver=sudoku.model.BacktrackingSudokuSolver@430dbcb0
  board={{6,9,4,7,3,8,1,5,2},{7,8,1,9,2,5,3,4,6},{2,3,5,1,4,6,8,7,9},{3,4,8,2,5,7,9,6,1},{5,2,9,6,8,1,4,3,7},{1,6,7,4,9,3,5,2,8},{9,5,6,3,7,4,0,0,0},{0,0,0,0,0,0,0,0,0},{0,0,0,0,0,0,0,0,0}}
]
13:16:51.794 INFO  [main] SudokuBoard - Wartość 0 wstawiona nieprawidłowo
13:16:51.795 INFO  [main] SudokuBoard - Bład w kwadracie 0
sudoku.model.SudokuBoard@3c00da24[
  size=9
  solver=sudoku.model.BacktrackingSudokuSolver@430dbcb0
  board={{6,9,4,7,3,8,1,5,2},{7,8,1,9,2,5,3,4,6},{2,3,5,1,4,6,8,7,9},{3,4,8,2,5,7,9,6,1},{5,2,9,6,8,1,4,3,7},{1,6,7,4,9,3,5,2,8},{9,5,6,3,7,0,0,0,0},{0,0,0,0,0,0,0,0,0},{0,0,0,0,0,0,0,0,0}}
]
13:16:51.795 INFO  [main] SudokuBoard - Wartość 0 wstawiona nieprawidłowo
13:16:51.795 INFO  [main] SudokuBoard - Bład w kwadracie 0
sudoku.model.SudokuBoard@3c00da24[
  size=9
  solver=sudoku.model.BacktrackingSudokuSolver@430dbcb0
  board={{6,9,4,7,3,8,1,5,2},{7,8,1,9,2,5,3,4,6},{2,3,5,1,4,6,8,7,9},{3,4,8,2,5,7,9,6,1},{5,2,9,6,8,1,4,3,7},{1,6,7,4,9,3,5,2,8},{9,5,6,3,0,0,0,0,0},{0,0,0,0,0,0,0,0,0},{0,0,0,0,0,0,0,0,0}}
]
13:16:51.795 INFO  [main] SudokuBoard - Wartość 0 wstawiona nieprawidłowo
13:16:51.795 INFO  [main] SudokuBoard - Bład w kwadracie 0
sudoku.model.SudokuBoard@3c00da24[
  size=9
  solver=sudoku.model.BacktrackingSudokuSolver@430dbcb0
  board={{6,9,4,7,3,8,1,5,2},{7,8,1,9,2,5,3,4,6},{2,3,5,1,4,6,8,7,9},{3,4,8,2,5,7,9,6,1},{5,2,9,6,8,1,4,3,7},{1,6,7,4,9,3,5,2,8},{9,5,6,3,1,2,7,8,4},{8,7,2,5,6,0,0,0,0},{0,0,0,0,0,0,0,0,0}}
]
13:16:51.795 INFO  [main] SudokuBoard - Wartość 0 wstawiona nieprawidłowo
13:16:51.795 INFO  [main] SudokuBoard - Bład w kwadracie 0
sudoku.model.SudokuBoard@3c00da24[
  size=9
  solver=sudoku.model.BacktrackingSudokuSolver@430dbcb0
  board={{6,9,4,7,3,8,1,5,2},{7,8,1,9,2,5,3,4,6},{2,3,5,1,4,6,8,7,9},{3,4,8,2,5,7,9,6,1},{5,2,9,6,8,1,4,3,7},{1,6,7,4,9,3,5,2,8},{9,5,6,3,1,2,7,8,4},{8,7,2,5,6,0,0,0,0},{0,0,0,0,0,0,0,0,0}}
]
13:16:51.795 INFO  [main] SudokuBoard - Wartość 0 wstawiona nieprawidłowo
13:16:51.795 INFO  [main] SudokuBoard - Bład w kwadracie 0
sudoku.model.SudokuBoard@3c00da24[
  size=9
  solver=sudoku.model.BacktrackingSudokuSolver@430dbcb0
  board={{6,9,4,7,3,8,1,5,2},{7,8,1,9,2,5,3,4,6},{2,3,5,1,4,6,8,7,9},{3,4,8,2,5,7,9,6,1},{5,2,9,6,8,1,4,3,7},{1,6,7,4,9,3,5,2,8},{9,5,6,3,1,2,7,8,4},{8,7,2,5,0,0,0,0,0},{0,0,0,0,0,0,0,0,0}}
]
13:16:51.795 INFO  [main] SudokuBoard - Wartość 0 wstawiona nieprawidłowo
13:16:51.795 INFO  [main] SudokuBoard - Bład w kwadracie 0
sudoku.model.SudokuBoard@3c00da24[
  size=9
  solver=sudoku.model.BacktrackingSudokuSolver@430dbcb0
  board={{6,9,4,7,3,8,1,5,2},{7,8,1,9,2,5,3,4,6},{2,3,5,1,4,6,8,7,9},{3,4,8,2,5,7,9,6,1},{5,2,9,6,8,1,4,3,7},{1,6,7,4,9,3,5,2,8},{9,5,6,3,1,2,7,8,4},{8,7,2,0,0,0,0,0,0},{0,0,0,0,0,0,0,0,0}}
]
13:16:51.795 INFO  [main] SudokuBoard - Wartość 0 wstawiona nieprawidłowo
13:16:51.795 INFO  [main] SudokuBoard - Bład w kwadracie 0
sudoku.model.SudokuBoard@3c00da24[
  size=9
  solver=sudoku.model.BacktrackingSudokuSolver@430dbcb0
  board={{6,9,4,7,3,8,1,5,2},{7,8,1,9,2,5,3,4,6},{2,3,5,1,4,6,8,7,9},{3,4,8,2,5,7,9,6,1},{5,2,9,6,8,1,4,3,7},{1,6,7,4,9,3,5,2,8},{9,5,6,3,1,2,7,8,4},{8,7,0,0,0,0,0,0,0},{0,0,0,0,0,0,0,0,0}}
]
13:16:51.795 INFO  [main] SudokuBoard - Wartość 0 wstawiona nieprawidłowo
13:16:51.795 INFO  [main] SudokuBoard - Bład w kwadracie 0
sudoku.model.SudokuBoard@3c00da24[
  size=9
  solver=sudoku.model.BacktrackingSudokuSolver@430dbcb0
  board={{6,9,4,7,3,8,1,5,2},{7,8,1,9,2,5,3,4,6},{2,3,5,1,4,6,8,7,9},{3,4,8,2,5,7,9,6,1},{5,2,9,6,8,1,4,3,7},{1,6,7,4,9,3,5,2,8},{9,5,6,3,1,2,7,8,4},{8,7,3,5,6,4,2,0,0},{0,0,0,0,0,0,0,0,0}}
]
13:16:51.795 INFO  [main] SudokuBoard - Wartość 0 wstawiona nieprawidłowo
13:16:51.795 INFO  [main] SudokuBoard - Bład w kwadracie 0
sudoku.model.SudokuBoard@3c00da24[
  size=9
  solver=sudoku.model.BacktrackingSudokuSolver@430dbcb0
  board={{6,9,4,7,3,8,1,5,2},{7,8,1,9,2,5,3,4,6},{2,3,5,1,4,6,8,7,9},{3,4,8,2,5,7,9,6,1},{5,2,9,6,8,1,4,3,7},{1,6,7,4,9,3,5,2,8},{9,5,6,3,1,2,7,8,4},{8,7,3,5,6,4,2,0,0},{0,0,0,0,0,0,0,0,0}}
]
13:16:51.795 INFO  [main] SudokuBoard - Wartość 0 wstawiona nieprawidłowo
13:16:51.796 INFO  [main] SudokuBoard - Bład w kwadracie 0
sudoku.model.SudokuBoard@3c00da24[
  size=9
  solver=sudoku.model.BacktrackingSudokuSolver@430dbcb0
  board={{6,9,4,7,3,8,1,5,2},{7,8,1,9,2,5,3,4,6},{2,3,5,1,4,6,8,7,9},{3,4,8,2,5,7,9,6,1},{5,2,9,6,8,1,4,3,7},{1,6,7,4,9,3,5,2,8},{9,5,6,3,1,2,7,8,4},{8,7,3,5,6,4,0,0,0},{0,0,0,0,0,0,0,0,0}}
]
13:16:51.796 INFO  [main] SudokuBoard - Wartość 0 wstawiona nieprawidłowo
13:16:51.796 INFO  [main] SudokuBoard - Bład w kwadracie 0
sudoku.model.SudokuBoard@3c00da24[
  size=9
  solver=sudoku.model.BacktrackingSudokuSolver@430dbcb0
  board={{6,9,4,7,3,8,1,5,2},{7,8,1,9,2,5,3,4,6},{2,3,5,1,4,6,8,7,9},{3,4,8,2,5,7,9,6,1},{5,2,9,6,8,1,4,3,7},{1,6,7,4,9,3,5,2,8},{9,5,6,3,1,2,7,8,4},{8,7,3,5,6,0,0,0,0},{0,0,0,0,0,0,0,0,0}}
]
13:16:51.796 INFO  [main] SudokuBoard - Wartość 0 wstawiona nieprawidłowo
13:16:51.796 INFO  [main] SudokuBoard - Bład w kwadracie 0
sudoku.model.SudokuBoard@3c00da24[
  size=9
  solver=sudoku.model.BacktrackingSudokuSolver@430dbcb0
  board={{6,9,4,7,3,8,1,5,2},{7,8,1,9,2,5,3,4,6},{2,3,5,1,4,6,8,7,9},{3,4,8,2,5,7,9,6,1},{5,2,9,6,8,1,4,3,7},{1,6,7,4,9,3,5,2,8},{9,5,6,3,1,2,7,8,4},{8,7,3,5,6,9,2,0,0},{0,0,0,0,0,0,0,0,0}}
]
13:16:51.796 INFO  [main] SudokuBoard - Wartość 0 wstawiona nieprawidłowo
13:16:51.796 INFO  [main] SudokuBoard - Bład w kwadracie 0
sudoku.model.SudokuBoard@3c00da24[
  size=9
  solver=sudoku.model.BacktrackingSudokuSolver@430dbcb0
  board={{6,9,4,7,3,8,1,5,2},{7,8,1,9,2,5,3,4,6},{2,3,5,1,4,6,8,7,9},{3,4,8,2,5,7,9,6,1},{5,2,9,6,8,1,4,3,7},{1,6,7,4,9,3,5,2,8},{9,5,6,3,1,2,7,8,4},{8,7,3,5,6,9,0,0,0},{0,0,0,0,0,0,0,0,0}}
]
13:16:51.796 INFO  [main] SudokuBoard - Wartość 0 wstawiona nieprawidłowo
13:16:51.796 INFO  [main] SudokuBoard - Bład w kwadracie 0
sudoku.model.SudokuBoard@3c00da24[
  size=9
  solver=sudoku.model.BacktrackingSudokuSolver@430dbcb0
  board={{6,9,4,7,3,8,1,5,2},{7,8,1,9,2,5,3,4,6},{2,3,5,1,4,6,8,7,9},{3,4,8,2,5,7,9,6,1},{5,2,9,6,8,1,4,3,7},{1,6,7,4,9,3,5,2,8},{9,5,6,3,1,2,7,8,4},{8,7,3,5,6,0,0,0,0},{0,0,0,0,0,0,0,0,0}}
]
13:16:51.796 INFO  [main] SudokuBoard - Wartość 0 wstawiona nieprawidłowo
13:16:51.796 INFO  [main] SudokuBoard - Bład w kwadracie 0
sudoku.model.SudokuBoard@3c00da24[
  size=9
  solver=sudoku.model.BacktrackingSudokuSolver@430dbcb0
  board={{6,9,4,7,3,8,1,5,2},{7,8,1,9,2,5,3,4,6},{2,3,5,1,4,6,8,7,9},{3,4,8,2,5,7,9,6,1},{5,2,9,6,8,1,4,3,7},{1,6,7,4,9,3,5,2,8},{9,5,6,3,1,2,7,8,4},{8,7,3,5,0,0,0,0,0},{0,0,0,0,0,0,0,0,0}}
]
13:16:51.796 INFO  [main] SudokuBoard - Wartość 0 wstawiona nieprawidłowo
13:16:51.797 INFO  [main] SudokuBoard - Bład w kwadracie 0
sudoku.model.SudokuBoard@3c00da24[
  size=9
  solver=sudoku.model.BacktrackingSudokuSolver@430dbcb0
  board={{6,9,4,7,3,8,1,5,2},{7,8,1,9,2,5,3,4,6},{2,3,5,1,4,6,8,7,9},{3,4,8,2,5,7,9,6,1},{5,2,9,6,8,1,4,3,7},{1,6,7,4,9,3,5,2,8},{9,5,6,3,1,2,7,8,4},{8,7,3,0,0,0,0,0,0},{0,0,0,0,0,0,0,0,0}}
]
13:16:51.797 INFO  [main] SudokuBoard - Wartość 0 wstawiona nieprawidłowo
13:16:51.797 INFO  [main] SudokuBoard - Bład w kwadracie 0
sudoku.model.SudokuBoard@3c00da24[
  size=9
  solver=sudoku.model.BacktrackingSudokuSolver@430dbcb0
  board={{6,9,4,7,3,8,1,5,2},{7,8,1,9,2,5,3,4,6},{2,3,5,1,4,6,8,7,9},{3,4,8,2,5,7,9,6,1},{5,2,9,6,8,1,4,3,7},{1,6,7,4,9,3,5,2,8},{9,5,6,3,1,2,7,8,4},{8,7,0,0,0,0,0,0,0},{0,0,0,0,0,0,0,0,0}}
]
13:16:51.797 INFO  [main] SudokuBoard - Wartość 0 wstawiona nieprawidłowo
13:16:51.797 INFO  [main] SudokuBoard - Bład w kwadracie 0
sudoku.model.SudokuBoard@3c00da24[
  size=9
  solver=sudoku.model.BacktrackingSudokuSolver@430dbcb0
  board={{6,9,4,7,3,8,1,5,2},{7,8,1,9,2,5,3,4,6},{2,3,5,1,4,6,8,7,9},{3,4,8,2,5,7,9,6,1},{5,2,9,6,8,1,4,3,7},{1,6,7,4,9,3,5,2,8},{9,5,6,3,1,2,7,8,4},{8,0,0,0,0,0,0,0,0},{0,0,0,0,0,0,0,0,0}}
]
13:16:51.797 INFO  [main] SudokuBoard - Wartość 0 wstawiona nieprawidłowo
13:16:51.797 INFO  [main] SudokuBoard - Bład w kwadracie 0
sudoku.model.SudokuBoard@3c00da24[
  size=9
  solver=sudoku.model.BacktrackingSudokuSolver@430dbcb0
  board={{6,9,4,7,3,8,1,5,2},{7,8,1,9,2,5,3,4,6},{2,3,5,1,4,6,8,7,9},{3,4,8,2,5,7,9,6,1},{5,2,9,6,8,1,4,3,7},{1,6,7,4,9,3,5,2,8},{9,5,6,3,1,2,7,8,4},{8,1,2,5,6,0,0,0,0},{0,0,0,0,0,0,0,0,0}}
]
13:16:51.797 INFO  [main] SudokuBoard - Wartość 0 wstawiona nieprawidłowo
13:16:51.797 INFO  [main] SudokuBoard - Bład w kwadracie 0
sudoku.model.SudokuBoard@3c00da24[
  size=9
  solver=sudoku.model.BacktrackingSudokuSolver@430dbcb0
  board={{6,9,4,7,3,8,1,5,2},{7,8,1,9,2,5,3,4,6},{2,3,5,1,4,6,8,7,9},{3,4,8,2,5,7,9,6,1},{5,2,9,6,8,1,4,3,7},{1,6,7,4,9,3,5,2,8},{9,5,6,3,1,2,7,8,4},{8,1,2,5,6,0,0,0,0},{0,0,0,0,0,0,0,0,0}}
]
13:16:51.797 INFO  [main] SudokuBoard - Wartość 0 wstawiona nieprawidłowo
13:16:51.797 INFO  [main] SudokuBoard - Bład w kwadracie 0
sudoku.model.SudokuBoard@3c00da24[
  size=9
  solver=sudoku.model.BacktrackingSudokuSolver@430dbcb0
  board={{6,9,4,7,3,8,1,5,2},{7,8,1,9,2,5,3,4,6},{2,3,5,1,4,6,8,7,9},{3,4,8,2,5,7,9,6,1},{5,2,9,6,8,1,4,3,7},{1,6,7,4,9,3,5,2,8},{9,5,6,3,1,2,7,8,4},{8,1,2,5,0,0,0,0,0},{0,0,0,0,0,0,0,0,0}}
]
13:16:51.797 INFO  [main] SudokuBoard - Wartość 0 wstawiona nieprawidłowo
13:16:51.802 INFO  [main] SudokuBoard - Bład w kwadracie 0
sudoku.model.SudokuBoard@15ab0461[
  size=9
  solver=sudoku.model.BacktrackingSudokuSolver@430dbcb0
  board={{3,9,4,8,5,6,1,7,2},{1,7,2,3,9,4,8,6,5},{6,5,8,7,2,1,3,4,9},{8,2,6,1,7,9,4,5,3},{4,3,9,2,8,5,6,1,7},{5,1,7,4,6,3,9,0,0},{0,0,0,0,0,0,0,0,0},{0,0,0,0,0,0,0,0,0},{0,0,0,0,0,0,0,0,0}}
]
13:16:51.802 INFO  [main] SudokuBoard - Wartość 0 wstawiona nieprawidłowo
13:16:51.802 INFO  [main] SudokuBoard - Bład w kwadracie 0
sudoku.model.SudokuBoard@15ab0461[
  size=9
  solver=sudoku.model.BacktrackingSudokuSolver@430dbcb0
  board={{3,9,4,8,5,6,1,7,2},{1,7,2,3,9,4,8,6,5},{6,5,8,7,2,1,3,4,9},{8,2,6,1,7,9,4,5,3},{4,3,9,2,8,5,6,1,7},{5,1,7,4,6,3,9,2,8},{7,4,1,5,3,8,2,9,6},{9,6,0,0,0,0,0,0,0},{0,0,0,0,0,0,0,0,0}}
]
13:16:51.802 INFO  [main] SudokuBoard - Wartość 0 wstawiona nieprawidłowo
13:16:51.803 INFO  [main] SudokuBoard - Bład w kwadracie 0
sudoku.model.SudokuBoard@15ab0461[
  size=9
  solver=sudoku.model.BacktrackingSudokuSolver@430dbcb0
  board={{3,9,4,8,5,6,1,7,2},{1,7,2,3,9,4,8,6,5},{6,5,8,7,2,1,3,4,9},{8,2,6,1,7,9,4,5,3},{4,3,9,2,8,5,6,1,7},{5,1,7,4,6,3,9,2,8},{7,4,1,5,3,8,2,9,6},{9,6,0,0,0,0,0,0,0},{0,0,0,0,0,0,0,0,0}}
]
13:16:51.803 INFO  [main] SudokuBoard - Wartość 0 wstawiona nieprawidłowo
13:16:51.803 INFO  [main] SudokuBoard - Bład w kwadracie 0
sudoku.model.SudokuBoard@15ab0461[
  size=9
  solver=sudoku.model.BacktrackingSudokuSolver@430dbcb0
  board={{3,9,4,8,5,6,1,7,2},{1,7,2,3,9,4,8,6,5},{6,5,8,7,2,1,3,4,9},{8,2,6,1,7,9,4,5,3},{4,3,9,2,8,5,6,1,7},{5,1,7,4,6,3,9,2,8},{7,4,1,5,3,8,2,9,6},{9,0,0,0,0,0,0,0,0},{0,0,0,0,0,0,0,0,0}}
]
13:16:51.803 INFO  [main] SudokuBoard - Wartość 0 wstawiona nieprawidłowo
Tablice maja inny uklad liczb]]></system-out>
  </testcase>
  <testcase name="checkFillBoardTest" classname="sudoku.model.SudokuBoardTest" time="0.035">
    <system-out><![CDATA[13:16:51.831 INFO  [main] SudokuBoard - Bład w kwadracie 0
sudoku.model.SudokuBoard@2f403d0a[
  size=9
  solver=sudoku.model.BacktrackingSudokuSolver@186fc6e
  board={{8,2,5,6,7,1,9,3,4},{9,7,1,8,3,2,6,0,0},{0,0,0,0,0,0,0,0,0},{0,0,0,0,0,0,0,0,0},{0,0,0,0,0,0,0,0,0},{0,0,0,0,0,0,0,0,0},{0,0,0,0,0,0,0,0,0},{0,0,0,0,0,0,0,0,0},{0,0,0,0,0,0,0,0,0}}
]
13:16:51.831 INFO  [main] SudokuBoard - Wartość 0 wstawiona nieprawidłowo
13:16:51.831 INFO  [main] SudokuBoard - Bład w kwadracie 0
sudoku.model.SudokuBoard@2f403d0a[
  size=9
  solver=sudoku.model.BacktrackingSudokuSolver@186fc6e
  board={{8,2,5,6,7,1,9,3,4},{9,7,1,8,3,2,0,0,0},{0,0,0,0,0,0,0,0,0},{0,0,0,0,0,0,0,0,0},{0,0,0,0,0,0,0,0,0},{0,0,0,0,0,0,0,0,0},{0,0,0,0,0,0,0,0,0},{0,0,0,0,0,0,0,0,0},{0,0,0,0,0,0,0,0,0}}
]
13:16:51.831 INFO  [main] SudokuBoard - Wartość 0 wstawiona nieprawidłowo
13:16:51.831 INFO  [main] SudokuBoard - Bład w kwadracie 0
sudoku.model.SudokuBoard@2f403d0a[
  size=9
  solver=sudoku.model.BacktrackingSudokuSolver@186fc6e
  board={{8,2,5,6,7,1,9,3,4},{9,7,1,8,3,2,5,0,0},{0,0,0,0,0,0,0,0,0},{0,0,0,0,0,0,0,0,0},{0,0,0,0,0,0,0,0,0},{0,0,0,0,0,0,0,0,0},{0,0,0,0,0,0,0,0,0},{0,0,0,0,0,0,0,0,0},{0,0,0,0,0,0,0,0,0}}
]
13:16:51.832 INFO  [main] SudokuBoard - Wartość 0 wstawiona nieprawidłowo
13:16:51.832 INFO  [main] SudokuBoard - Bład w kwadracie 0
sudoku.model.SudokuBoard@2f403d0a[
  size=9
  solver=sudoku.model.BacktrackingSudokuSolver@186fc6e
  board={{8,2,5,6,7,1,9,3,4},{9,7,1,8,3,2,0,0,0},{0,0,0,0,0,0,0,0,0},{0,0,0,0,0,0,0,0,0},{0,0,0,0,0,0,0,0,0},{0,0,0,0,0,0,0,0,0},{0,0,0,0,0,0,0,0,0},{0,0,0,0,0,0,0,0,0},{0,0,0,0,0,0,0,0,0}}
]
13:16:51.832 INFO  [main] SudokuBoard - Wartość 0 wstawiona nieprawidłowo
13:16:51.832 INFO  [main] SudokuBoard - Bład w kwadracie 0
sudoku.model.SudokuBoard@2f403d0a[
  size=9
  solver=sudoku.model.BacktrackingSudokuSolver@186fc6e
  board={{8,2,5,6,7,1,9,3,4},{9,7,1,8,3,0,0,0,0},{0,0,0,0,0,0,0,0,0},{0,0,0,0,0,0,0,0,0},{0,0,0,0,0,0,0,0,0},{0,0,0,0,0,0,0,0,0},{0,0,0,0,0,0,0,0,0},{0,0,0,0,0,0,0,0,0},{0,0,0,0,0,0,0,0,0}}
]
13:16:51.832 INFO  [main] SudokuBoard - Wartość 0 wstawiona nieprawidłowo
13:16:51.832 INFO  [main] SudokuBoard - Bład w kwadracie 0
sudoku.model.SudokuBoard@2f403d0a[
  size=9
  solver=sudoku.model.BacktrackingSudokuSolver@186fc6e
  board={{8,2,5,6,7,1,9,3,4},{9,7,1,8,3,4,5,6,2},{3,4,6,9,2,5,7,8,1},{4,3,9,1,8,2,6,5,7},{5,8,2,3,9,6,4,0,0},{0,0,0,0,0,0,0,0,0},{0,0,0,0,0,0,0,0,0},{0,0,0,0,0,0,0,0,0},{0,0,0,0,0,0,0,0,0}}
]
13:16:51.832 INFO  [main] SudokuBoard - Wartość 0 wstawiona nieprawidłowo
13:16:51.832 INFO  [main] SudokuBoard - Bład w kwadracie 0
sudoku.model.SudokuBoard@2f403d0a[
  size=9
  solver=sudoku.model.BacktrackingSudokuSolver@186fc6e
  board={{8,2,5,6,7,1,9,3,4},{9,7,1,8,3,4,5,6,2},{3,4,6,9,2,5,7,8,1},{4,3,9,1,8,2,6,5,7},{5,8,2,3,9,6,0,0,0},{0,0,0,0,0,0,0,0,0},{0,0,0,0,0,0,0,0,0},{0,0,0,0,0,0,0,0,0},{0,0,0,0,0,0,0,0,0}}
]
13:16:51.832 INFO  [main] SudokuBoard - Wartość 0 wstawiona nieprawidłowo
13:16:51.832 INFO  [main] SudokuBoard - Bład w kwadracie 0
sudoku.model.SudokuBoard@2f403d0a[
  size=9
  solver=sudoku.model.BacktrackingSudokuSolver@186fc6e
  board={{8,2,5,6,7,1,9,3,4},{9,7,1,8,3,4,5,6,2},{3,4,6,9,2,5,7,8,1},{4,3,9,1,8,2,6,5,7},{5,8,2,3,9,6,1,0,0},{0,0,0,0,0,0,0,0,0},{0,0,0,0,0,0,0,0,0},{0,0,0,0,0,0,0,0,0},{0,0,0,0,0,0,0,0,0}}
]
13:16:51.832 INFO  [main] SudokuBoard - Wartość 0 wstawiona nieprawidłowo
13:16:51.832 INFO  [main] SudokuBoard - Bład w kwadracie 0
sudoku.model.SudokuBoard@2f403d0a[
  size=9
  solver=sudoku.model.BacktrackingSudokuSolver@186fc6e
  board={{8,2,5,6,7,1,9,3,4},{9,7,1,8,3,4,5,6,2},{3,4,6,9,2,5,7,8,1},{4,3,9,1,8,2,6,5,7},{5,8,2,3,9,6,0,0,0},{0,0,0,0,0,0,0,0,0},{0,0,0,0,0,0,0,0,0},{0,0,0,0,0,0,0,0,0},{0,0,0,0,0,0,0,0,0}}
]
13:16:51.832 INFO  [main] SudokuBoard - Wartość 0 wstawiona nieprawidłowo
13:16:51.833 INFO  [main] SudokuBoard - Bład w kwadracie 0
sudoku.model.SudokuBoard@2f403d0a[
  size=9
  solver=sudoku.model.BacktrackingSudokuSolver@186fc6e
  board={{8,2,5,6,7,1,9,3,4},{9,7,1,8,3,4,5,6,2},{3,4,6,9,2,5,7,8,1},{4,3,9,1,8,2,6,5,7},{5,8,2,3,9,0,0,0,0},{0,0,0,0,0,0,0,0,0},{0,0,0,0,0,0,0,0,0},{0,0,0,0,0,0,0,0,0},{0,0,0,0,0,0,0,0,0}}
]
13:16:51.833 INFO  [main] SudokuBoard - Wartość 0 wstawiona nieprawidłowo
13:16:51.833 INFO  [main] SudokuBoard - Bład w kwadracie 0
sudoku.model.SudokuBoard@2f403d0a[
  size=9
  solver=sudoku.model.BacktrackingSudokuSolver@186fc6e
  board={{8,2,5,6,7,1,9,3,4},{9,7,1,8,3,4,5,6,2},{3,4,6,9,2,5,7,8,1},{4,3,9,1,8,2,6,5,7},{5,8,2,3,9,7,4,0,0},{0,0,0,0,0,0,0,0,0},{0,0,0,0,0,0,0,0,0},{0,0,0,0,0,0,0,0,0},{0,0,0,0,0,0,0,0,0}}
]
13:16:51.833 INFO  [main] SudokuBoard - Wartość 0 wstawiona nieprawidłowo
13:16:51.834 INFO  [main] SudokuBoard - Bład w kwadracie 0
sudoku.model.SudokuBoard@2f403d0a[
  size=9
  solver=sudoku.model.BacktrackingSudokuSolver@186fc6e
  board={{8,2,5,6,7,1,9,3,4},{9,7,1,8,3,4,5,6,2},{3,4,6,9,2,5,7,8,1},{4,3,9,1,8,2,6,5,7},{5,8,2,3,9,7,0,0,0},{0,0,0,0,0,0,0,0,0},{0,0,0,0,0,0,0,0,0},{0,0,0,0,0,0,0,0,0},{0,0,0,0,0,0,0,0,0}}
]
13:16:51.834 INFO  [main] SudokuBoard - Wartość 0 wstawiona nieprawidłowo
13:16:51.834 INFO  [main] SudokuBoard - Bład w kwadracie 0
sudoku.model.SudokuBoard@2f403d0a[
  size=9
  solver=sudoku.model.BacktrackingSudokuSolver@186fc6e
  board={{8,2,5,6,7,1,9,3,4},{9,7,1,8,3,4,5,6,2},{3,4,6,9,2,5,7,8,1},{4,3,9,1,8,2,6,5,7},{5,8,2,3,9,7,1,0,0},{0,0,0,0,0,0,0,0,0},{0,0,0,0,0,0,0,0,0},{0,0,0,0,0,0,0,0,0},{0,0,0,0,0,0,0,0,0}}
]
13:16:51.834 INFO  [main] SudokuBoard - Wartość 0 wstawiona nieprawidłowo
13:16:51.834 INFO  [main] SudokuBoard - Bład w kwadracie 0
sudoku.model.SudokuBoard@2f403d0a[
  size=9
  solver=sudoku.model.BacktrackingSudokuSolver@186fc6e
  board={{8,2,5,6,7,1,9,3,4},{9,7,1,8,3,4,5,6,2},{3,4,6,9,2,5,7,8,1},{4,3,9,1,8,2,6,5,7},{5,8,2,3,9,7,0,0,0},{0,0,0,0,0,0,0,0,0},{0,0,0,0,0,0,0,0,0},{0,0,0,0,0,0,0,0,0},{0,0,0,0,0,0,0,0,0}}
]
13:16:51.834 INFO  [main] SudokuBoard - Wartość 0 wstawiona nieprawidłowo
13:16:51.834 INFO  [main] SudokuBoard - Bład w kwadracie 0
sudoku.model.SudokuBoard@2f403d0a[
  size=9
  solver=sudoku.model.BacktrackingSudokuSolver@186fc6e
  board={{8,2,5,6,7,1,9,3,4},{9,7,1,8,3,4,5,6,2},{3,4,6,9,2,5,7,8,1},{4,3,9,1,8,2,6,5,7},{5,8,2,3,9,0,0,0,0},{0,0,0,0,0,0,0,0,0},{0,0,0,0,0,0,0,0,0},{0,0,0,0,0,0,0,0,0},{0,0,0,0,0,0,0,0,0}}
]
13:16:51.834 INFO  [main] SudokuBoard - Wartość 0 wstawiona nieprawidłowo
13:16:51.834 INFO  [main] SudokuBoard - Bład w kwadracie 0
sudoku.model.SudokuBoard@2f403d0a[
  size=9
  solver=sudoku.model.BacktrackingSudokuSolver@186fc6e
  board={{8,2,5,6,7,1,9,3,4},{9,7,1,8,3,4,5,6,2},{3,4,6,9,2,5,7,8,1},{4,3,9,1,8,2,6,5,7},{5,8,2,3,0,0,0,0,0},{0,0,0,0,0,0,0,0,0},{0,0,0,0,0,0,0,0,0},{0,0,0,0,0,0,0,0,0},{0,0,0,0,0,0,0,0,0}}
]
13:16:51.834 INFO  [main] SudokuBoard - Wartość 0 wstawiona nieprawidłowo
13:16:51.834 INFO  [main] SudokuBoard - Bład w kwadracie 0
sudoku.model.SudokuBoard@2f403d0a[
  size=9
  solver=sudoku.model.BacktrackingSudokuSolver@186fc6e
  board={{8,2,5,6,7,1,9,3,4},{9,7,1,8,3,4,5,6,2},{3,4,6,9,2,5,7,8,1},{4,3,9,1,8,2,6,5,7},{5,8,2,3,4,6,1,0,0},{0,0,0,0,0,0,0,0,0},{0,0,0,0,0,0,0,0,0},{0,0,0,0,0,0,0,0,0},{0,0,0,0,0,0,0,0,0}}
]
13:16:51.834 INFO  [main] SudokuBoard - Wartość 0 wstawiona nieprawidłowo
13:16:51.835 INFO  [main] SudokuBoard - Bład w kwadracie 0
sudoku.model.SudokuBoard@2f403d0a[
  size=9
  solver=sudoku.model.BacktrackingSudokuSolver@186fc6e
  board={{8,2,5,6,7,1,9,3,4},{9,7,1,8,3,4,5,6,2},{3,4,6,9,2,5,7,8,1},{4,3,9,1,8,2,6,5,7},{5,8,2,3,4,6,0,0,0},{0,0,0,0,0,0,0,0,0},{0,0,0,0,0,0,0,0,0},{0,0,0,0,0,0,0,0,0},{0,0,0,0,0,0,0,0,0}}
]
13:16:51.835 INFO  [main] SudokuBoard - Wartość 0 wstawiona nieprawidłowo
13:16:51.835 INFO  [main] SudokuBoard - Bład w kwadracie 0
sudoku.model.SudokuBoard@2f403d0a[
  size=9
  solver=sudoku.model.BacktrackingSudokuSolver@186fc6e
  board={{8,2,5,6,7,1,9,3,4},{9,7,1,8,3,4,5,6,2},{3,4,6,9,2,5,7,8,1},{4,3,9,1,8,2,6,5,7},{5,8,2,3,4,0,0,0,0},{0,0,0,0,0,0,0,0,0},{0,0,0,0,0,0,0,0,0},{0,0,0,0,0,0,0,0,0},{0,0,0,0,0,0,0,0,0}}
]
13:16:51.835 INFO  [main] SudokuBoard - Wartość 0 wstawiona nieprawidłowo
13:16:51.835 INFO  [main] SudokuBoard - Bład w kwadracie 0
sudoku.model.SudokuBoard@2f403d0a[
  size=9
  solver=sudoku.model.BacktrackingSudokuSolver@186fc6e
  board={{8,2,5,6,7,1,9,3,4},{9,7,1,8,3,4,5,6,2},{3,4,6,9,2,5,7,8,1},{4,3,9,1,8,2,6,5,7},{5,8,2,3,4,7,1,0,0},{0,0,0,0,0,0,0,0,0},{0,0,0,0,0,0,0,0,0},{0,0,0,0,0,0,0,0,0},{0,0,0,0,0,0,0,0,0}}
]
13:16:51.835 INFO  [main] SudokuBoard - Wartość 0 wstawiona nieprawidłowo
13:16:51.835 INFO  [main] SudokuBoard - Bład w kwadracie 0
sudoku.model.SudokuBoard@2f403d0a[
  size=9
  solver=sudoku.model.BacktrackingSudokuSolver@186fc6e
  board={{8,2,5,6,7,1,9,3,4},{9,7,1,8,3,4,5,6,2},{3,4,6,9,2,5,7,8,1},{4,3,9,1,8,2,6,5,7},{5,8,2,3,4,7,0,0,0},{0,0,0,0,0,0,0,0,0},{0,0,0,0,0,0,0,0,0},{0,0,0,0,0,0,0,0,0},{0,0,0,0,0,0,0,0,0}}
]
13:16:51.835 INFO  [main] SudokuBoard - Wartość 0 wstawiona nieprawidłowo
13:16:51.835 INFO  [main] SudokuBoard - Bład w kwadracie 0
sudoku.model.SudokuBoard@2f403d0a[
  size=9
  solver=sudoku.model.BacktrackingSudokuSolver@186fc6e
  board={{8,2,5,6,7,1,9,3,4},{9,7,1,8,3,4,5,6,2},{3,4,6,9,2,5,7,8,1},{4,3,9,1,8,2,6,5,7},{5,8,2,3,4,0,0,0,0},{0,0,0,0,0,0,0,0,0},{0,0,0,0,0,0,0,0,0},{0,0,0,0,0,0,0,0,0},{0,0,0,0,0,0,0,0,0}}
]
13:16:51.835 INFO  [main] SudokuBoard - Wartość 0 wstawiona nieprawidłowo
13:16:51.835 INFO  [main] SudokuBoard - Bład w kwadracie 0
sudoku.model.SudokuBoard@2f403d0a[
  size=9
  solver=sudoku.model.BacktrackingSudokuSolver@186fc6e
  board={{8,2,5,6,7,1,9,3,4},{9,7,1,8,3,4,5,6,2},{3,4,6,9,2,5,7,8,1},{4,3,9,1,8,2,6,5,7},{5,8,2,3,4,9,0,0,0},{0,0,0,0,0,0,0,0,0},{0,0,0,0,0,0,0,0,0},{0,0,0,0,0,0,0,0,0},{0,0,0,0,0,0,0,0,0}}
]
13:16:51.835 INFO  [main] SudokuBoard - Wartość 0 wstawiona nieprawidłowo
13:16:51.835 INFO  [main] SudokuBoard - Bład w kwadracie 0
sudoku.model.SudokuBoard@2f403d0a[
  size=9
  solver=sudoku.model.BacktrackingSudokuSolver@186fc6e
  board={{8,2,5,6,7,1,9,3,4},{9,7,1,8,3,4,5,6,2},{3,4,6,9,2,5,7,8,1},{4,3,9,1,8,2,6,5,7},{5,8,2,3,4,0,0,0,0},{0,0,0,0,0,0,0,0,0},{0,0,0,0,0,0,0,0,0},{0,0,0,0,0,0,0,0,0},{0,0,0,0,0,0,0,0,0}}
]
13:16:51.835 INFO  [main] SudokuBoard - Wartość 0 wstawiona nieprawidłowo
13:16:51.836 INFO  [main] SudokuBoard - Bład w kwadracie 0
sudoku.model.SudokuBoard@2f403d0a[
  size=9
  solver=sudoku.model.BacktrackingSudokuSolver@186fc6e
  board={{8,2,5,6,7,1,9,3,4},{9,7,1,8,3,4,5,6,2},{3,4,6,9,2,5,7,8,1},{4,3,9,1,8,2,6,5,7},{5,8,2,3,0,0,0,0,0},{0,0,0,0,0,0,0,0,0},{0,0,0,0,0,0,0,0,0},{0,0,0,0,0,0,0,0,0},{0,0,0,0,0,0,0,0,0}}
]
13:16:51.836 INFO  [main] SudokuBoard - Wartość 0 wstawiona nieprawidłowo
13:16:51.836 INFO  [main] SudokuBoard - Bład w kwadracie 0
sudoku.model.SudokuBoard@2f403d0a[
  size=9
  solver=sudoku.model.BacktrackingSudokuSolver@186fc6e
  board={{8,2,5,6,7,1,9,3,4},{9,7,1,8,3,4,5,6,2},{3,4,6,9,2,5,7,8,1},{4,3,9,1,8,2,6,5,7},{5,8,2,3,6,7,1,0,0},{0,0,0,0,0,0,0,0,0},{0,0,0,0,0,0,0,0,0},{0,0,0,0,0,0,0,0,0},{0,0,0,0,0,0,0,0,0}}
]
13:16:51.836 INFO  [main] SudokuBoard - Wartość 0 wstawiona nieprawidłowo
13:16:51.836 INFO  [main] SudokuBoard - Bład w kwadracie 0
sudoku.model.SudokuBoard@2f403d0a[
  size=9
  solver=sudoku.model.BacktrackingSudokuSolver@186fc6e
  board={{8,2,5,6,7,1,9,3,4},{9,7,1,8,3,4,5,6,2},{3,4,6,9,2,5,7,8,1},{4,3,9,1,8,2,6,5,7},{5,8,2,3,6,7,1,4,9},{6,1,7,5,0,0,0,0,0},{0,0,0,0,0,0,0,0,0},{0,0,0,0,0,0,0,0,0},{0,0,0,0,0,0,0,0,0}}
]
13:16:51.836 INFO  [main] SudokuBoard - Wartość 0 wstawiona nieprawidłowo
13:16:51.836 INFO  [main] SudokuBoard - Bład w kwadracie 0
sudoku.model.SudokuBoard@2f403d0a[
  size=9
  solver=sudoku.model.BacktrackingSudokuSolver@186fc6e
  board={{8,2,5,6,7,1,9,3,4},{9,7,1,8,3,4,5,6,2},{3,4,6,9,2,5,7,8,1},{4,3,9,1,8,2,6,5,7},{5,8,2,3,6,7,1,4,9},{6,1,7,5,4,9,3,2,8},{1,5,8,2,9,3,4,7,6},{2,6,3,7,1,0,0,0,0},{0,0,0,0,0,0,0,0,0}}
]
13:16:51.836 INFO  [main] SudokuBoard - Wartość 0 wstawiona nieprawidłowo
13:16:51.837 INFO  [main] SudokuBoard - Bład w kwadracie 0
sudoku.model.SudokuBoard@2f403d0a[
  size=9
  solver=sudoku.model.BacktrackingSudokuSolver@186fc6e
  board={{8,2,5,6,7,1,9,3,4},{9,7,1,8,3,4,5,6,2},{3,4,6,9,2,5,7,8,1},{4,3,9,1,8,2,6,5,7},{5,8,2,3,6,7,1,4,9},{6,1,7,5,4,9,3,2,8},{1,5,8,2,9,3,4,7,6},{2,6,3,7,0,0,0,0,0},{0,0,0,0,0,0,0,0,0}}
]
13:16:51.837 INFO  [main] SudokuBoard - Wartość 0 wstawiona nieprawidłowo
13:16:51.839 INFO  [main] SudokuBoard - Bład w kwadracie 0
sudoku.model.SudokuBoard@2f403d0a[
  size=9
  solver=sudoku.model.BacktrackingSudokuSolver@186fc6e
  board={{8,2,5,6,7,1,9,3,4},{9,7,1,8,3,4,5,6,2},{3,4,6,9,2,5,7,8,1},{4,3,9,1,8,2,6,5,7},{5,8,2,3,6,7,1,4,9},{6,1,7,5,4,9,3,2,8},{1,5,8,2,9,3,4,7,6},{2,6,3,7,5,0,0,0,0},{0,0,0,0,0,0,0,0,0}}
]
13:16:51.839 INFO  [main] SudokuBoard - Wartość 0 wstawiona nieprawidłowo
13:16:51.839 INFO  [main] SudokuBoard - Bład w kwadracie 0
sudoku.model.SudokuBoard@2f403d0a[
  size=9
  solver=sudoku.model.BacktrackingSudokuSolver@186fc6e
  board={{8,2,5,6,7,1,9,3,4},{9,7,1,8,3,4,5,6,2},{3,4,6,9,2,5,7,8,1},{4,3,9,1,8,2,6,5,7},{5,8,2,3,6,7,1,4,9},{6,1,7,5,4,9,3,2,8},{1,5,8,2,9,3,4,7,6},{2,6,3,7,0,0,0,0,0},{0,0,0,0,0,0,0,0,0}}
]
13:16:51.839 INFO  [main] SudokuBoard - Wartość 0 wstawiona nieprawidłowo
13:16:51.839 INFO  [main] SudokuBoard - Bład w kwadracie 0
sudoku.model.SudokuBoard@2f403d0a[
  size=9
  solver=sudoku.model.BacktrackingSudokuSolver@186fc6e
  board={{8,2,5,6,7,1,9,3,4},{9,7,1,8,3,4,5,6,2},{3,4,6,9,2,5,7,8,1},{4,3,9,1,8,2,6,5,7},{5,8,2,3,6,7,1,4,9},{6,1,7,5,4,9,3,2,8},{1,5,8,2,9,3,4,7,6},{2,6,3,0,0,0,0,0,0},{0,0,0,0,0,0,0,0,0}}
]
13:16:51.839 INFO  [main] SudokuBoard - Wartość 0 wstawiona nieprawidłowo
13:16:51.839 INFO  [main] SudokuBoard - Bład w kwadracie 0
sudoku.model.SudokuBoard@2f403d0a[
  size=9
  solver=sudoku.model.BacktrackingSudokuSolver@186fc6e
  board={{8,2,5,6,7,1,9,3,4},{9,7,1,8,3,4,5,6,2},{3,4,6,9,2,5,7,8,1},{4,3,9,1,8,2,6,5,7},{5,8,2,3,6,7,1,4,9},{6,1,7,5,4,9,3,2,8},{1,5,8,2,9,3,4,7,6},{2,6,3,4,5,0,0,0,0},{0,0,0,0,0,0,0,0,0}}
]
13:16:51.839 INFO  [main] SudokuBoard - Wartość 0 wstawiona nieprawidłowo
13:16:51.839 INFO  [main] SudokuBoard - Bład w kwadracie 0
sudoku.model.SudokuBoard@2f403d0a[
  size=9
  solver=sudoku.model.BacktrackingSudokuSolver@186fc6e
  board={{8,2,5,6,7,1,9,3,4},{9,7,1,8,3,4,5,6,2},{3,4,6,9,2,5,7,8,1},{4,3,9,1,8,2,6,5,7},{5,8,2,3,6,7,1,4,9},{6,1,7,5,4,9,3,2,8},{1,5,8,2,9,3,4,7,6},{2,6,3,4,0,0,0,0,0},{0,0,0,0,0,0,0,0,0}}
]
13:16:51.839 INFO  [main] SudokuBoard - Wartość 0 wstawiona nieprawidłowo
13:16:51.839 INFO  [main] SudokuBoard - Bład w kwadracie 0
sudoku.model.SudokuBoard@2f403d0a[
  size=9
  solver=sudoku.model.BacktrackingSudokuSolver@186fc6e
  board={{8,2,5,6,7,1,9,3,4},{9,7,1,8,3,4,5,6,2},{3,4,6,9,2,5,7,8,1},{4,3,9,1,8,2,6,5,7},{5,8,2,3,6,7,1,4,9},{6,1,7,5,4,9,3,2,8},{1,5,8,2,9,3,4,7,6},{2,6,3,4,1,0,0,0,0},{0,0,0,0,0,0,0,0,0}}
]
13:16:51.839 INFO  [main] SudokuBoard - Wartość 0 wstawiona nieprawidłowo
13:16:51.840 INFO  [main] SudokuBoard - Bład w kwadracie 0
sudoku.model.SudokuBoard@2f403d0a[
  size=9
  solver=sudoku.model.BacktrackingSudokuSolver@186fc6e
  board={{8,2,5,6,7,1,9,3,4},{9,7,1,8,3,4,5,6,2},{3,4,6,9,2,5,7,8,1},{4,3,9,1,8,2,6,5,7},{5,8,2,3,6,7,1,4,9},{6,1,7,5,4,9,3,2,8},{1,5,8,2,9,3,4,7,6},{2,6,3,4,0,0,0,0,0},{0,0,0,0,0,0,0,0,0}}
]
13:16:51.840 INFO  [main] SudokuBoard - Wartość 0 wstawiona nieprawidłowo
13:16:51.841 INFO  [main] SudokuBoard - Bład w kwadracie 0
sudoku.model.SudokuBoard@2f403d0a[
  size=9
  solver=sudoku.model.BacktrackingSudokuSolver@186fc6e
  board={{8,2,5,6,7,1,9,3,4},{9,7,1,8,3,4,5,6,2},{3,4,6,9,2,5,7,8,1},{4,3,9,1,8,2,6,5,7},{5,8,2,3,6,7,1,4,9},{6,1,7,5,4,9,3,2,8},{1,5,8,2,9,3,4,7,6},{2,6,3,0,0,0,0,0,0},{0,0,0,0,0,0,0,0,0}}
]
13:16:51.841 INFO  [main] SudokuBoard - Wartość 0 wstawiona nieprawidłowo
13:16:51.841 INFO  [main] SudokuBoard - Bład w kwadracie 0
sudoku.model.SudokuBoard@2f403d0a[
  size=9
  solver=sudoku.model.BacktrackingSudokuSolver@186fc6e
  board={{8,2,5,6,7,1,9,3,4},{9,7,1,8,3,4,5,6,2},{3,4,6,9,2,5,7,8,1},{4,3,9,1,8,2,6,5,7},{5,8,2,3,6,7,1,4,9},{6,1,7,5,4,9,3,2,8},{1,5,8,2,9,3,4,7,6},{2,6,0,0,0,0,0,0,0},{0,0,0,0,0,0,0,0,0}}
]
13:16:51.841 INFO  [main] SudokuBoard - Wartość 0 wstawiona nieprawidłowo
13:16:51.842 INFO  [main] SudokuBoard - Bład w kwadracie 0
sudoku.model.SudokuBoard@2f403d0a[
  size=9
  solver=sudoku.model.BacktrackingSudokuSolver@186fc6e
  board={{8,2,5,6,7,1,9,3,4},{9,7,1,8,3,4,5,6,2},{3,4,6,9,2,5,7,8,1},{4,3,9,1,8,2,6,5,7},{5,8,2,3,6,7,1,4,9},{6,1,7,5,4,9,3,2,8},{1,5,8,2,9,3,4,7,6},{2,6,4,7,1,0,0,0,0},{0,0,0,0,0,0,0,0,0}}
]
13:16:51.842 INFO  [main] SudokuBoard - Wartość 0 wstawiona nieprawidłowo
13:16:51.842 INFO  [main] SudokuBoard - Bład w kwadracie 0
sudoku.model.SudokuBoard@2f403d0a[
  size=9
  solver=sudoku.model.BacktrackingSudokuSolver@186fc6e
  board={{8,2,5,6,7,1,9,3,4},{9,7,1,8,3,4,5,6,2},{3,4,6,9,2,5,7,8,1},{4,3,9,1,8,2,6,5,7},{5,8,2,3,6,7,1,4,9},{6,1,7,5,4,9,3,2,8},{1,5,8,2,9,3,4,7,6},{2,6,4,7,0,0,0,0,0},{0,0,0,0,0,0,0,0,0}}
]
13:16:51.842 INFO  [main] SudokuBoard - Wartość 0 wstawiona nieprawidłowo
13:16:51.842 INFO  [main] SudokuBoard - Bład w kwadracie 0
sudoku.model.SudokuBoard@2f403d0a[
  size=9
  solver=sudoku.model.BacktrackingSudokuSolver@186fc6e
  board={{8,2,5,6,7,1,9,3,4},{9,7,1,8,3,4,5,6,2},{3,4,6,9,2,5,7,8,1},{4,3,9,1,8,2,6,5,7},{5,8,2,3,6,7,1,4,9},{6,1,7,5,4,9,3,2,8},{1,5,8,2,9,3,4,7,6},{2,6,4,7,5,0,0,0,0},{0,0,0,0,0,0,0,0,0}}
]
13:16:51.842 INFO  [main] SudokuBoard - Wartość 0 wstawiona nieprawidłowo
13:16:51.842 INFO  [main] SudokuBoard - Bład w kwadracie 0
sudoku.model.SudokuBoard@2f403d0a[
  size=9
  solver=sudoku.model.BacktrackingSudokuSolver@186fc6e
  board={{8,2,5,6,7,1,9,3,4},{9,7,1,8,3,4,5,6,2},{3,4,6,9,2,5,7,8,1},{4,3,9,1,8,2,6,5,7},{5,8,2,3,6,7,1,4,9},{6,1,7,5,4,9,3,2,8},{1,5,8,2,9,3,4,7,6},{2,6,4,7,0,0,0,0,0},{0,0,0,0,0,0,0,0,0}}
]
13:16:51.842 INFO  [main] SudokuBoard - Wartość 0 wstawiona nieprawidłowo
13:16:51.842 INFO  [main] SudokuBoard - Bład w kwadracie 0
sudoku.model.SudokuBoard@2f403d0a[
  size=9
  solver=sudoku.model.BacktrackingSudokuSolver@186fc6e
  board={{8,2,5,6,7,1,9,3,4},{9,7,1,8,3,4,5,6,2},{3,4,6,9,2,5,7,8,1},{4,3,9,1,8,2,6,5,7},{5,8,2,3,6,7,1,4,9},{6,1,7,5,4,9,3,2,8},{1,5,8,2,9,3,4,7,6},{2,6,4,0,0,0,0,0,0},{0,0,0,0,0,0,0,0,0}}
]
13:16:51.842 INFO  [main] SudokuBoard - Wartość 0 wstawiona nieprawidłowo
13:16:51.842 INFO  [main] SudokuBoard - Bład w kwadracie 0
sudoku.model.SudokuBoard@2f403d0a[
  size=9
  solver=sudoku.model.BacktrackingSudokuSolver@186fc6e
  board={{8,2,5,6,7,1,9,3,4},{9,7,1,8,3,4,5,6,2},{3,4,6,9,2,5,7,8,1},{4,3,9,1,8,2,6,5,7},{5,8,2,3,6,7,1,4,9},{6,1,7,5,4,9,3,2,8},{1,5,8,2,9,3,4,7,6},{2,6,0,0,0,0,0,0,0},{0,0,0,0,0,0,0,0,0}}
]
13:16:51.842 INFO  [main] SudokuBoard - Wartość 0 wstawiona nieprawidłowo
13:16:51.842 INFO  [main] SudokuBoard - Bład w kwadracie 0
sudoku.model.SudokuBoard@2f403d0a[
  size=9
  solver=sudoku.model.BacktrackingSudokuSolver@186fc6e
  board={{8,2,5,6,7,1,9,3,4},{9,7,1,8,3,4,5,6,2},{3,4,6,9,2,5,7,8,1},{4,3,9,1,8,2,6,5,7},{5,8,2,3,6,7,1,4,9},{6,1,7,5,4,9,3,2,8},{1,5,8,2,9,3,4,7,6},{2,0,0,0,0,0,0,0,0},{0,0,0,0,0,0,0,0,0}}
]
13:16:51.842 INFO  [main] SudokuBoard - Wartość 0 wstawiona nieprawidłowo
13:16:51.843 INFO  [main] SudokuBoard - Bład w kwadracie 0
sudoku.model.SudokuBoard@2f403d0a[
  size=9
  solver=sudoku.model.BacktrackingSudokuSolver@186fc6e
  board={{8,2,5,6,7,1,9,3,4},{9,7,1,8,3,4,5,6,2},{3,4,6,9,2,5,7,8,1},{4,3,9,1,8,2,6,5,7},{5,8,2,3,6,7,1,4,9},{6,1,7,5,4,9,3,2,8},{1,5,8,2,9,3,4,7,6},{2,9,3,4,1,6,0,0,0},{0,0,0,0,0,0,0,0,0}}
]
13:16:51.843 INFO  [main] SudokuBoard - Wartość 0 wstawiona nieprawidłowo
13:16:51.843 INFO  [main] SudokuBoard - Bład w kwadracie 0
sudoku.model.SudokuBoard@2f403d0a[
  size=9
  solver=sudoku.model.BacktrackingSudokuSolver@186fc6e
  board={{8,2,5,6,7,1,9,3,4},{9,7,1,8,3,4,5,6,2},{3,4,6,9,2,5,7,8,1},{4,3,9,1,8,2,6,5,7},{5,8,2,3,6,7,1,4,9},{6,1,7,5,4,9,3,2,8},{1,5,8,2,9,3,4,7,6},{2,9,3,4,1,0,0,0,0},{0,0,0,0,0,0,0,0,0}}
]
13:16:51.843 INFO  [main] SudokuBoard - Wartość 0 wstawiona nieprawidłowo
13:16:51.843 INFO  [main] SudokuBoard - Bład w kwadracie 0
sudoku.model.SudokuBoard@2f403d0a[
  size=9
  solver=sudoku.model.BacktrackingSudokuSolver@186fc6e
  board={{8,2,5,6,7,1,9,3,4},{9,7,1,8,3,4,5,6,2},{3,4,6,9,2,5,7,8,1},{4,3,9,1,8,2,6,5,7},{5,8,2,3,6,7,1,4,9},{6,1,7,5,4,9,3,2,8},{1,5,8,2,9,3,4,7,6},{2,9,3,4,1,0,0,0,0},{0,0,0,0,0,0,0,0,0}}
]
13:16:51.843 INFO  [main] SudokuBoard - Wartość 0 wstawiona nieprawidłowo
13:16:51.843 INFO  [main] SudokuBoard - Bład w kwadracie 0
sudoku.model.SudokuBoard@2f403d0a[
  size=9
  solver=sudoku.model.BacktrackingSudokuSolver@186fc6e
  board={{8,2,5,6,7,1,9,3,4},{9,7,1,8,3,4,5,6,2},{3,4,6,9,2,5,7,8,1},{4,3,9,1,8,2,6,5,7},{5,8,2,3,6,7,1,4,9},{6,1,7,5,4,9,3,2,8},{1,5,8,2,9,3,4,7,6},{2,9,3,4,0,0,0,0,0},{0,0,0,0,0,0,0,0,0}}
]
13:16:51.843 INFO  [main] SudokuBoard - Wartość 0 wstawiona nieprawidłowo
13:16:51.843 INFO  [main] SudokuBoard - Bład w kwadracie 0
sudoku.model.SudokuBoard@2f403d0a[
  size=9
  solver=sudoku.model.BacktrackingSudokuSolver@186fc6e
  board={{8,2,5,6,7,1,9,3,4},{9,7,1,8,3,4,5,6,2},{3,4,6,9,2,5,7,8,1},{4,3,9,1,8,2,6,5,7},{5,8,2,3,6,7,1,4,9},{6,1,7,5,4,9,3,2,8},{1,5,8,2,9,3,4,7,6},{2,9,3,4,5,6,8,0,0},{0,0,0,0,0,0,0,0,0}}
]
13:16:51.843 INFO  [main] SudokuBoard - Wartość 0 wstawiona nieprawidłowo
13:16:51.843 INFO  [main] SudokuBoard - Bład w kwadracie 0
sudoku.model.SudokuBoard@2f403d0a[
  size=9
  solver=sudoku.model.BacktrackingSudokuSolver@186fc6e
  board={{8,2,5,6,7,1,9,3,4},{9,7,1,8,3,4,5,6,2},{3,4,6,9,2,5,7,8,1},{4,3,9,1,8,2,6,5,7},{5,8,2,3,6,7,1,4,9},{6,1,7,5,4,9,3,2,8},{1,5,8,2,9,3,4,7,6},{2,9,3,4,5,6,0,0,0},{0,0,0,0,0,0,0,0,0}}
]
13:16:51.843 INFO  [main] SudokuBoard - Wartość 0 wstawiona nieprawidłowo
13:16:51.843 INFO  [main] SudokuBoard - Bład w kwadracie 0
sudoku.model.SudokuBoard@2f403d0a[
  size=9
  solver=sudoku.model.BacktrackingSudokuSolver@186fc6e
  board={{8,2,5,6,7,1,9,3,4},{9,7,1,8,3,4,5,6,2},{3,4,6,9,2,5,7,8,1},{4,3,9,1,8,2,6,5,7},{5,8,2,3,6,7,1,4,9},{6,1,7,5,4,9,3,2,8},{1,5,8,2,9,3,4,7,6},{2,9,3,4,5,0,0,0,0},{0,0,0,0,0,0,0,0,0}}
]
13:16:51.843 INFO  [main] SudokuBoard - Wartość 0 wstawiona nieprawidłowo
13:16:51.844 INFO  [main] SudokuBoard - Bład w kwadracie 0
sudoku.model.SudokuBoard@2f403d0a[
  size=9
  solver=sudoku.model.BacktrackingSudokuSolver@186fc6e
  board={{8,2,5,6,7,1,9,3,4},{9,7,1,8,3,4,5,6,2},{3,4,6,9,2,5,7,8,1},{4,3,9,1,8,2,6,5,7},{5,8,2,3,6,7,1,4,9},{6,1,7,5,4,9,3,2,8},{1,5,8,2,9,3,4,7,6},{2,9,3,4,5,0,0,0,0},{0,0,0,0,0,0,0,0,0}}
]
13:16:51.844 INFO  [main] SudokuBoard - Wartość 0 wstawiona nieprawidłowo
13:16:51.844 INFO  [main] SudokuBoard - Bład w kwadracie 0
sudoku.model.SudokuBoard@2f403d0a[
  size=9
  solver=sudoku.model.BacktrackingSudokuSolver@186fc6e
  board={{8,2,5,6,7,1,9,3,4},{9,7,1,8,3,4,5,6,2},{3,4,6,9,2,5,7,8,1},{4,3,9,1,8,2,6,5,7},{5,8,2,3,6,7,1,4,9},{6,1,7,5,4,9,3,2,8},{1,5,8,2,9,3,4,7,6},{2,9,3,4,0,0,0,0,0},{0,0,0,0,0,0,0,0,0}}
]
13:16:51.844 INFO  [main] SudokuBoard - Wartość 0 wstawiona nieprawidłowo
13:16:51.844 INFO  [main] SudokuBoard - Bład w kwadracie 0
sudoku.model.SudokuBoard@2f403d0a[
  size=9
  solver=sudoku.model.BacktrackingSudokuSolver@186fc6e
  board={{8,2,5,6,7,1,9,3,4},{9,7,1,8,3,4,5,6,2},{3,4,6,9,2,5,7,8,1},{4,3,9,1,8,2,6,5,7},{5,8,2,3,6,7,1,4,9},{6,1,7,5,4,9,3,2,8},{1,5,8,2,9,3,4,7,6},{2,9,3,0,0,0,0,0,0},{0,0,0,0,0,0,0,0,0}}
]
13:16:51.844 INFO  [main] SudokuBoard - Wartość 0 wstawiona nieprawidłowo
13:16:51.844 INFO  [main] SudokuBoard - Bład w kwadracie 0
sudoku.model.SudokuBoard@2f403d0a[
  size=9
  solver=sudoku.model.BacktrackingSudokuSolver@186fc6e
  board={{8,2,5,6,7,1,9,3,4},{9,7,1,8,3,4,5,6,2},{3,4,6,9,2,5,7,8,1},{4,3,9,1,8,2,6,5,7},{5,8,2,3,6,7,1,4,9},{6,1,7,5,4,9,3,2,8},{1,5,8,2,9,3,4,7,6},{2,9,3,7,5,6,8,0,0},{0,0,0,0,0,0,0,0,0}}
]
13:16:51.844 INFO  [main] SudokuBoard - Wartość 0 wstawiona nieprawidłowo
13:16:51.844 INFO  [main] SudokuBoard - Bład w kwadracie 0
sudoku.model.SudokuBoard@2f403d0a[
  size=9
  solver=sudoku.model.BacktrackingSudokuSolver@186fc6e
  board={{8,2,5,6,7,1,9,3,4},{9,7,1,8,3,4,5,6,2},{3,4,6,9,2,5,7,8,1},{4,3,9,1,8,2,6,5,7},{5,8,2,3,6,7,1,4,9},{6,1,7,5,4,9,3,2,8},{1,5,8,2,9,3,4,7,6},{2,9,3,7,5,6,0,0,0},{0,0,0,0,0,0,0,0,0}}
]
13:16:51.844 INFO  [main] SudokuBoard - Wartość 0 wstawiona nieprawidłowo
13:16:51.844 INFO  [main] SudokuBoard - Bład w kwadracie 0
sudoku.model.SudokuBoard@2f403d0a[
  size=9
  solver=sudoku.model.BacktrackingSudokuSolver@186fc6e
  board={{8,2,5,6,7,1,9,3,4},{9,7,1,8,3,4,5,6,2},{3,4,6,9,2,5,7,8,1},{4,3,9,1,8,2,6,5,7},{5,8,2,3,6,7,1,4,9},{6,1,7,5,4,9,3,2,8},{1,5,8,2,9,3,4,7,6},{2,9,3,7,5,0,0,0,0},{0,0,0,0,0,0,0,0,0}}
]
13:16:51.844 INFO  [main] SudokuBoard - Wartość 0 wstawiona nieprawidłowo
13:16:51.844 INFO  [main] SudokuBoard - Bład w kwadracie 0
sudoku.model.SudokuBoard@2f403d0a[
  size=9
  solver=sudoku.model.BacktrackingSudokuSolver@186fc6e
  board={{8,2,5,6,7,1,9,3,4},{9,7,1,8,3,4,5,6,2},{3,4,6,9,2,5,7,8,1},{4,3,9,1,8,2,6,5,7},{5,8,2,3,6,7,1,4,9},{6,1,7,5,4,9,3,2,8},{1,5,8,2,9,3,4,7,6},{2,9,3,7,5,0,0,0,0},{0,0,0,0,0,0,0,0,0}}
]
13:16:51.844 INFO  [main] SudokuBoard - Wartość 0 wstawiona nieprawidłowo
13:16:51.846 INFO  [main] SudokuBoard - Bład w kwadracie 0
sudoku.model.SudokuBoard@2f403d0a[
  size=9
  solver=sudoku.model.BacktrackingSudokuSolver@186fc6e
  board={{8,2,5,6,7,1,9,3,4},{9,7,1,8,3,4,5,6,2},{3,4,6,9,2,5,7,8,1},{4,3,9,1,8,2,6,5,7},{5,8,2,3,6,7,1,4,9},{6,1,7,5,4,9,3,2,8},{1,5,8,2,9,3,4,7,6},{2,9,3,7,0,0,0,0,0},{0,0,0,0,0,0,0,0,0}}
]
13:16:51.846 INFO  [main] SudokuBoard - Wartość 0 wstawiona nieprawidłowo
13:16:51.846 INFO  [main] SudokuBoard - Bład w kwadracie 0
sudoku.model.SudokuBoard@2f403d0a[
  size=9
  solver=sudoku.model.BacktrackingSudokuSolver@186fc6e
  board={{8,2,5,6,7,1,9,3,4},{9,7,1,8,3,4,5,6,2},{3,4,6,9,2,5,7,8,1},{4,3,9,1,8,2,6,5,7},{5,8,2,3,6,7,1,4,9},{6,1,7,5,4,9,3,2,8},{1,5,8,2,9,3,4,7,6},{2,9,3,7,1,6,0,0,0},{0,0,0,0,0,0,0,0,0}}
]
13:16:51.846 INFO  [main] SudokuBoard - Wartość 0 wstawiona nieprawidłowo
13:16:51.846 INFO  [main] SudokuBoard - Bład w kwadracie 0
sudoku.model.SudokuBoard@2f403d0a[
  size=9
  solver=sudoku.model.BacktrackingSudokuSolver@186fc6e
  board={{8,2,5,6,7,1,9,3,4},{9,7,1,8,3,4,5,6,2},{3,4,6,9,2,5,7,8,1},{4,3,9,1,8,2,6,5,7},{5,8,2,3,6,7,1,4,9},{6,1,7,5,4,9,3,2,8},{1,5,8,2,9,3,4,7,6},{2,9,3,7,1,0,0,0,0},{0,0,0,0,0,0,0,0,0}}
]
13:16:51.846 INFO  [main] SudokuBoard - Wartość 0 wstawiona nieprawidłowo
13:16:51.846 INFO  [main] SudokuBoard - Bład w kwadracie 0
sudoku.model.SudokuBoard@2f403d0a[
  size=9
  solver=sudoku.model.BacktrackingSudokuSolver@186fc6e
  board={{8,2,5,6,7,1,9,3,4},{9,7,1,8,3,4,5,6,2},{3,4,6,9,2,5,7,8,1},{4,3,9,1,8,2,6,5,7},{5,8,2,3,6,7,1,4,9},{6,1,7,5,4,9,3,2,8},{1,5,8,2,9,3,4,7,6},{2,9,3,7,1,0,0,0,0},{0,0,0,0,0,0,0,0,0}}
]
13:16:51.846 INFO  [main] SudokuBoard - Wartość 0 wstawiona nieprawidłowo
13:16:51.846 INFO  [main] SudokuBoard - Bład w kwadracie 0
sudoku.model.SudokuBoard@2f403d0a[
  size=9
  solver=sudoku.model.BacktrackingSudokuSolver@186fc6e
  board={{8,2,5,6,7,1,9,3,4},{9,7,1,8,3,4,5,6,2},{3,4,6,9,2,5,7,8,1},{4,3,9,1,8,2,6,5,7},{5,8,2,3,6,7,1,4,9},{6,1,7,5,4,9,3,2,8},{1,5,8,2,9,3,4,7,6},{2,9,3,7,0,0,0,0,0},{0,0,0,0,0,0,0,0,0}}
]
13:16:51.846 INFO  [main] SudokuBoard - Wartość 0 wstawiona nieprawidłowo
13:16:51.846 INFO  [main] SudokuBoard - Bład w kwadracie 0
sudoku.model.SudokuBoard@2f403d0a[
  size=9
  solver=sudoku.model.BacktrackingSudokuSolver@186fc6e
  board={{8,2,5,6,7,1,9,3,4},{9,7,1,8,3,4,5,6,2},{3,4,6,9,2,5,7,8,1},{4,3,9,1,8,2,6,5,7},{5,8,2,3,6,7,1,4,9},{6,1,7,5,4,9,3,2,8},{1,5,8,2,9,3,4,7,6},{2,9,3,0,0,0,0,0,0},{0,0,0,0,0,0,0,0,0}}
]
13:16:51.846 INFO  [main] SudokuBoard - Wartość 0 wstawiona nieprawidłowo
13:16:51.846 INFO  [main] SudokuBoard - Bład w kwadracie 0
sudoku.model.SudokuBoard@2f403d0a[
  size=9
  solver=sudoku.model.BacktrackingSudokuSolver@186fc6e
  board={{8,2,5,6,7,1,9,3,4},{9,7,1,8,3,4,5,6,2},{3,4,6,9,2,5,7,8,1},{4,3,9,1,8,2,6,5,7},{5,8,2,3,6,7,1,4,9},{6,1,7,5,4,9,3,2,8},{1,5,8,2,9,3,4,7,6},{2,9,0,0,0,0,0,0,0},{0,0,0,0,0,0,0,0,0}}
]
13:16:51.846 INFO  [main] SudokuBoard - Wartość 0 wstawiona nieprawidłowo
Nie wykryto bledu]]></system-out>
  </testcase>
  <testcase name="checkBoardTestBoxFalse" classname="sudoku.model.SudokuBoardTest" time="0.02">
    <system-out><![CDATA[13:16:51.862 INFO  [main] SudokuBoard - Bład w kwadracie 0
sudoku.model.SudokuBoard@569026df[
  size=9
  solver=sudoku.model.BacktrackingSudokuSolver@7896e96a
  board={{6,3,1,5,7,4,8,9,2},{4,2,7,6,9,8,3,1,5},{8,5,9,3,1,2,4,6,7},{5,9,8,1,2,3,6,0,0},{0,0,0,0,0,0,0,0,0},{0,0,0,0,0,0,0,0,0},{0,0,0,0,0,0,0,0,0},{0,0,0,0,0,0,0,0,0},{0,0,0,0,0,0,0,0,0}}
]
13:16:51.862 INFO  [main] SudokuBoard - Wartość 0 wstawiona nieprawidłowo
13:16:51.862 INFO  [main] SudokuBoard - Bład w kwadracie 0
sudoku.model.SudokuBoard@569026df[
  size=9
  solver=sudoku.model.BacktrackingSudokuSolver@7896e96a
  board={{6,3,1,5,7,4,8,9,2},{4,2,7,6,9,8,3,1,5},{8,5,9,3,1,2,4,6,7},{5,9,8,1,2,3,6,7,4},{1,4,2,8,5,7,9,0,0},{0,0,0,0,0,0,0,0,0},{0,0,0,0,0,0,0,0,0},{0,0,0,0,0,0,0,0,0},{0,0,0,0,0,0,0,0,0}}
]
13:16:51.862 INFO  [main] SudokuBoard - Wartość 0 wstawiona nieprawidłowo
13:16:51.862 INFO  [main] SudokuBoard - Bład w kwadracie 0
sudoku.model.SudokuBoard@569026df[
  size=9
  solver=sudoku.model.BacktrackingSudokuSolver@7896e96a
  board={{6,3,1,5,7,4,8,9,2},{4,2,7,6,9,8,3,1,5},{8,5,9,3,1,2,4,6,7},{5,9,8,1,2,3,6,7,4},{1,4,2,8,5,7,0,0,0},{0,0,0,0,0,0,0,0,0},{0,0,0,0,0,0,0,0,0},{0,0,0,0,0,0,0,0,0},{0,0,0,0,0,0,0,0,0}}
]
13:16:51.862 INFO  [main] SudokuBoard - Wartość 0 wstawiona nieprawidłowo
13:16:51.862 INFO  [main] SudokuBoard - Bład w kwadracie 0
sudoku.model.SudokuBoard@569026df[
  size=9
  solver=sudoku.model.BacktrackingSudokuSolver@7896e96a
  board={{6,3,1,5,7,4,8,9,2},{4,2,7,6,9,8,3,1,5},{8,5,9,3,1,2,4,6,7},{5,9,8,1,2,3,6,7,4},{1,4,2,8,5,0,0,0,0},{0,0,0,0,0,0,0,0,0},{0,0,0,0,0,0,0,0,0},{0,0,0,0,0,0,0,0,0},{0,0,0,0,0,0,0,0,0}}
]
13:16:51.862 INFO  [main] SudokuBoard - Wartość 0 wstawiona nieprawidłowo
13:16:51.862 INFO  [main] SudokuBoard - Bład w kwadracie 0
sudoku.model.SudokuBoard@569026df[
  size=9
  solver=sudoku.model.BacktrackingSudokuSolver@7896e96a
  board={{6,3,1,5,7,4,8,9,2},{4,2,7,6,9,8,3,1,5},{8,5,9,3,1,2,4,6,7},{5,9,8,1,2,3,6,7,4},{1,4,2,8,5,0,0,0,0},{0,0,0,0,0,0,0,0,0},{0,0,0,0,0,0,0,0,0},{0,0,0,0,0,0,0,0,0},{0,0,0,0,0,0,0,0,0}}
]
13:16:51.862 INFO  [main] SudokuBoard - Wartość 0 wstawiona nieprawidłowo
13:16:51.862 INFO  [main] SudokuBoard - Bład w kwadracie 0
sudoku.model.SudokuBoard@569026df[
  size=9
  solver=sudoku.model.BacktrackingSudokuSolver@7896e96a
  board={{6,3,1,5,7,4,8,9,2},{4,2,7,6,9,8,3,1,5},{8,5,9,3,1,2,4,6,7},{5,9,8,1,2,3,6,7,4},{1,4,2,8,5,6,9,0,0},{0,0,0,0,0,0,0,0,0},{0,0,0,0,0,0,0,0,0},{0,0,0,0,0,0,0,0,0},{0,0,0,0,0,0,0,0,0}}
]
13:16:51.863 INFO  [main] SudokuBoard - Wartość 0 wstawiona nieprawidłowo
13:16:51.863 INFO  [main] SudokuBoard - Bład w kwadracie 0
sudoku.model.SudokuBoard@569026df[
  size=9
  solver=sudoku.model.BacktrackingSudokuSolver@7896e96a
  board={{6,3,1,5,7,4,8,9,2},{4,2,7,6,9,8,3,1,5},{8,5,9,3,1,2,4,6,7},{5,9,8,1,2,3,6,7,4},{1,4,2,8,5,6,0,0,0},{0,0,0,0,0,0,0,0,0},{0,0,0,0,0,0,0,0,0},{0,0,0,0,0,0,0,0,0},{0,0,0,0,0,0,0,0,0}}
]
13:16:51.863 INFO  [main] SudokuBoard - Wartość 0 wstawiona nieprawidłowo
13:16:51.864 INFO  [main] SudokuBoard - Bład w kwadracie 0
sudoku.model.SudokuBoard@569026df[
  size=9
  solver=sudoku.model.BacktrackingSudokuSolver@7896e96a
  board={{6,3,1,5,7,4,8,9,2},{4,2,7,6,9,8,3,1,5},{8,5,9,3,1,2,4,6,7},{5,9,8,1,2,3,6,7,4},{1,4,2,8,5,0,0,0,0},{0,0,0,0,0,0,0,0,0},{0,0,0,0,0,0,0,0,0},{0,0,0,0,0,0,0,0,0},{0,0,0,0,0,0,0,0,0}}
]
13:16:51.864 INFO  [main] SudokuBoard - Wartość 0 wstawiona nieprawidłowo
13:16:51.864 INFO  [main] SudokuBoard - Bład w kwadracie 0
sudoku.model.SudokuBoard@569026df[
  size=9
  solver=sudoku.model.BacktrackingSudokuSolver@7896e96a
  board={{6,3,1,5,7,4,8,9,2},{4,2,7,6,9,8,3,1,5},{8,5,9,3,1,2,4,6,7},{5,9,8,1,2,3,6,7,4},{1,4,2,8,0,0,0,0,0},{0,0,0,0,0,0,0,0,0},{0,0,0,0,0,0,0,0,0},{0,0,0,0,0,0,0,0,0},{0,0,0,0,0,0,0,0,0}}
]
13:16:51.864 INFO  [main] SudokuBoard - Wartość 0 wstawiona nieprawidłowo
13:16:51.865 INFO  [main] SudokuBoard - Bład w kwadracie 0
sudoku.model.SudokuBoard@569026df[
  size=9
  solver=sudoku.model.BacktrackingSudokuSolver@7896e96a
  board={{6,3,1,5,7,4,8,9,2},{4,2,7,6,9,8,3,1,5},{8,5,9,3,1,2,4,6,7},{5,9,8,1,2,3,6,7,4},{1,4,2,8,6,5,9,0,0},{0,0,0,0,0,0,0,0,0},{0,0,0,0,0,0,0,0,0},{0,0,0,0,0,0,0,0,0},{0,0,0,0,0,0,0,0,0}}
]
13:16:51.865 INFO  [main] SudokuBoard - Wartość 0 wstawiona nieprawidłowo
13:16:51.865 INFO  [main] SudokuBoard - Bład w kwadracie 0
sudoku.model.SudokuBoard@569026df[
  size=9
  solver=sudoku.model.BacktrackingSudokuSolver@7896e96a
  board={{6,3,1,5,7,4,8,9,2},{4,2,7,6,9,8,3,1,5},{8,5,9,3,1,2,4,6,7},{5,9,8,1,2,3,6,7,4},{1,4,2,8,6,5,0,0,0},{0,0,0,0,0,0,0,0,0},{0,0,0,0,0,0,0,0,0},{0,0,0,0,0,0,0,0,0},{0,0,0,0,0,0,0,0,0}}
]
13:16:51.865 INFO  [main] SudokuBoard - Wartość 0 wstawiona nieprawidłowo
13:16:51.865 INFO  [main] SudokuBoard - Bład w kwadracie 0
sudoku.model.SudokuBoard@569026df[
  size=9
  solver=sudoku.model.BacktrackingSudokuSolver@7896e96a
  board={{6,3,1,5,7,4,8,9,2},{4,2,7,6,9,8,3,1,5},{8,5,9,3,1,2,4,6,7},{5,9,8,1,2,3,6,7,4},{1,4,2,8,6,0,0,0,0},{0,0,0,0,0,0,0,0,0},{0,0,0,0,0,0,0,0,0},{0,0,0,0,0,0,0,0,0},{0,0,0,0,0,0,0,0,0}}
]
13:16:51.865 INFO  [main] SudokuBoard - Wartość 0 wstawiona nieprawidłowo
13:16:51.865 INFO  [main] SudokuBoard - Bład w kwadracie 0
sudoku.model.SudokuBoard@569026df[
  size=9
  solver=sudoku.model.BacktrackingSudokuSolver@7896e96a
  board={{6,3,1,5,7,4,8,9,2},{4,2,7,6,9,8,3,1,5},{8,5,9,3,1,2,4,6,7},{5,9,8,1,2,3,6,7,4},{1,4,2,8,6,7,9,0,0},{0,0,0,0,0,0,0,0,0},{0,0,0,0,0,0,0,0,0},{0,0,0,0,0,0,0,0,0},{0,0,0,0,0,0,0,0,0}}
]
13:16:51.865 INFO  [main] SudokuBoard - Wartość 0 wstawiona nieprawidłowo
13:16:51.865 INFO  [main] SudokuBoard - Bład w kwadracie 0
sudoku.model.SudokuBoard@569026df[
  size=9
  solver=sudoku.model.BacktrackingSudokuSolver@7896e96a
  board={{6,3,1,5,7,4,8,9,2},{4,2,7,6,9,8,3,1,5},{8,5,9,3,1,2,4,6,7},{5,9,8,1,2,3,6,7,4},{1,4,2,8,6,7,9,5,3},{3,0,0,0,0,0,0,0,0},{0,0,0,0,0,0,0,0,0},{0,0,0,0,0,0,0,0,0},{0,0,0,0,0,0,0,0,0}}
]
13:16:51.865 INFO  [main] SudokuBoard - Wartość 0 wstawiona nieprawidłowo
13:16:51.865 INFO  [main] SudokuBoard - Bład w kwadracie 0
sudoku.model.SudokuBoard@569026df[
  size=9
  solver=sudoku.model.BacktrackingSudokuSolver@7896e96a
  board={{6,3,1,5,7,4,8,9,2},{4,2,7,6,9,8,3,1,5},{8,5,9,3,1,2,4,6,7},{5,9,8,1,2,3,6,7,4},{1,4,2,8,6,7,9,5,3},{3,7,6,4,5,9,1,0,0},{0,0,0,0,0,0,0,0,0},{0,0,0,0,0,0,0,0,0},{0,0,0,0,0,0,0,0,0}}
]
13:16:51.865 INFO  [main] SudokuBoard - Wartość 0 wstawiona nieprawidłowo
13:16:51.866 INFO  [main] SudokuBoard - Bład w kwadracie 0
sudoku.model.SudokuBoard@569026df[
  size=9
  solver=sudoku.model.BacktrackingSudokuSolver@7896e96a
  board={{6,3,1,5,7,4,8,9,2},{4,2,7,6,9,8,3,1,5},{8,5,9,3,1,2,4,6,7},{5,9,8,1,2,3,6,7,4},{1,4,2,8,6,7,9,5,3},{3,7,6,4,5,9,1,2,8},{7,8,4,9,3,5,0,0,0},{0,0,0,0,0,0,0,0,0},{0,0,0,0,0,0,0,0,0}}
]
13:16:51.866 INFO  [main] SudokuBoard - Wartość 0 wstawiona nieprawidłowo
13:16:51.866 INFO  [main] SudokuBoard - Bład w kwadracie 0
sudoku.model.SudokuBoard@569026df[
  size=9
  solver=sudoku.model.BacktrackingSudokuSolver@7896e96a
  board={{6,3,1,5,7,4,8,9,2},{4,2,7,6,9,8,3,1,5},{8,5,9,3,1,2,4,6,7},{5,9,8,1,2,3,6,7,4},{1,4,2,8,6,7,9,5,3},{3,7,6,4,5,9,1,2,8},{7,8,4,9,3,0,0,0,0},{0,0,0,0,0,0,0,0,0},{0,0,0,0,0,0,0,0,0}}
]
13:16:51.866 INFO  [main] SudokuBoard - Wartość 0 wstawiona nieprawidłowo
13:16:51.866 INFO  [main] SudokuBoard - Bład w kwadracie 0
sudoku.model.SudokuBoard@569026df[
  size=9
  solver=sudoku.model.BacktrackingSudokuSolver@7896e96a
  board={{6,3,1,5,7,4,8,9,2},{4,2,7,6,9,8,3,1,5},{8,5,9,3,1,2,4,6,7},{5,9,8,1,2,3,6,7,4},{1,4,2,8,6,7,9,5,3},{3,7,6,4,5,9,1,2,8},{7,8,4,9,3,6,0,0,0},{0,0,0,0,0,0,0,0,0},{0,0,0,0,0,0,0,0,0}}
]
13:16:51.866 INFO  [main] SudokuBoard - Wartość 0 wstawiona nieprawidłowo
13:16:51.866 INFO  [main] SudokuBoard - Bład w kwadracie 0
sudoku.model.SudokuBoard@569026df[
  size=9
  solver=sudoku.model.BacktrackingSudokuSolver@7896e96a
  board={{6,3,1,5,7,4,8,9,2},{4,2,7,6,9,8,3,1,5},{8,5,9,3,1,2,4,6,7},{5,9,8,1,2,3,6,7,4},{1,4,2,8,6,7,9,5,3},{3,7,6,4,5,9,1,2,8},{7,8,4,9,3,6,0,0,0},{0,0,0,0,0,0,0,0,0},{0,0,0,0,0,0,0,0,0}}
]
13:16:51.866 INFO  [main] SudokuBoard - Wartość 0 wstawiona nieprawidłowo
13:16:51.866 INFO  [main] SudokuBoard - Bład w kwadracie 0
sudoku.model.SudokuBoard@569026df[
  size=9
  solver=sudoku.model.BacktrackingSudokuSolver@7896e96a
  board={{6,3,1,5,7,4,8,9,2},{4,2,7,6,9,8,3,1,5},{8,5,9,3,1,2,4,6,7},{5,9,8,1,2,3,6,7,4},{1,4,2,8,6,7,9,5,3},{3,7,6,4,5,9,1,2,8},{7,8,4,9,3,0,0,0,0},{0,0,0,0,0,0,0,0,0},{0,0,0,0,0,0,0,0,0}}
]
13:16:51.866 INFO  [main] SudokuBoard - Wartość 0 wstawiona nieprawidłowo
13:16:51.866 INFO  [main] SudokuBoard - Bład w kwadracie 0
sudoku.model.SudokuBoard@569026df[
  size=9
  solver=sudoku.model.BacktrackingSudokuSolver@7896e96a
  board={{6,3,1,5,7,4,8,9,2},{4,2,7,6,9,8,3,1,5},{8,5,9,3,1,2,4,6,7},{5,9,8,1,2,3,6,7,4},{1,4,2,8,6,7,9,5,3},{3,7,6,4,5,9,1,2,8},{7,8,4,9,3,1,0,0,0},{0,0,0,0,0,0,0,0,0},{0,0,0,0,0,0,0,0,0}}
]
13:16:51.866 INFO  [main] SudokuBoard - Wartość 0 wstawiona nieprawidłowo
13:16:51.867 INFO  [main] SudokuBoard - Bład w kwadracie 0
sudoku.model.SudokuBoard@569026df[
  size=9
  solver=sudoku.model.BacktrackingSudokuSolver@7896e96a
  board={{6,3,1,5,7,4,8,9,2},{4,2,7,6,9,8,3,1,5},{8,5,9,3,1,2,4,6,7},{5,9,8,1,2,3,6,7,4},{1,4,2,8,6,7,9,5,3},{3,7,6,4,5,9,1,2,8},{7,8,4,9,3,1,0,0,0},{0,0,0,0,0,0,0,0,0},{0,0,0,0,0,0,0,0,0}}
]
13:16:51.867 INFO  [main] SudokuBoard - Wartość 0 wstawiona nieprawidłowo
13:16:51.867 INFO  [main] SudokuBoard - Bład w kwadracie 0
sudoku.model.SudokuBoard@569026df[
  size=9
  solver=sudoku.model.BacktrackingSudokuSolver@7896e96a
  board={{6,3,1,5,7,4,8,9,2},{4,2,7,6,9,8,3,1,5},{8,5,9,3,1,2,4,6,7},{5,9,8,1,2,3,6,7,4},{1,4,2,8,6,7,9,5,3},{3,7,6,4,5,9,1,2,8},{7,8,4,9,3,0,0,0,0},{0,0,0,0,0,0,0,0,0},{0,0,0,0,0,0,0,0,0}}
]
13:16:51.867 INFO  [main] SudokuBoard - Wartość 0 wstawiona nieprawidłowo
13:16:51.867 INFO  [main] SudokuBoard - Bład w kwadracie 0
sudoku.model.SudokuBoard@569026df[
  size=9
  solver=sudoku.model.BacktrackingSudokuSolver@7896e96a
  board={{6,3,1,5,7,4,8,9,2},{4,2,7,6,9,8,3,1,5},{8,5,9,3,1,2,4,6,7},{5,9,8,1,2,3,6,7,4},{1,4,2,8,6,7,9,5,3},{3,7,6,4,5,9,1,2,8},{7,8,4,9,0,0,0,0,0},{0,0,0,0,0,0,0,0,0},{0,0,0,0,0,0,0,0,0}}
]
13:16:51.867 INFO  [main] SudokuBoard - Wartość 0 wstawiona nieprawidłowo
13:16:51.867 INFO  [main] SudokuBoard - Bład w kwadracie 0
sudoku.model.SudokuBoard@569026df[
  size=9
  solver=sudoku.model.BacktrackingSudokuSolver@7896e96a
  board={{6,3,1,5,7,4,8,9,2},{4,2,7,6,9,8,3,1,5},{8,5,9,3,1,2,4,6,7},{5,9,8,1,2,3,6,7,4},{1,4,2,8,6,7,9,5,3},{3,7,6,4,5,9,1,2,8},{7,8,4,0,0,0,0,0,0},{0,0,0,0,0,0,0,0,0},{0,0,0,0,0,0,0,0,0}}
]
13:16:51.867 INFO  [main] SudokuBoard - Wartość 0 wstawiona nieprawidłowo
13:16:51.867 INFO  [main] SudokuBoard - Bład w kwadracie 0
sudoku.model.SudokuBoard@569026df[
  size=9
  solver=sudoku.model.BacktrackingSudokuSolver@7896e96a
  board={{6,3,1,5,7,4,8,9,2},{4,2,7,6,9,8,3,1,5},{8,5,9,3,1,2,4,6,7},{5,9,8,1,2,3,6,7,4},{1,4,2,8,6,7,9,5,3},{3,7,6,4,5,9,1,2,8},{7,8,4,2,3,0,0,0,0},{0,0,0,0,0,0,0,0,0},{0,0,0,0,0,0,0,0,0}}
]
13:16:51.867 INFO  [main] SudokuBoard - Wartość 0 wstawiona nieprawidłowo
13:16:51.867 INFO  [main] SudokuBoard - Bład w kwadracie 0
sudoku.model.SudokuBoard@569026df[
  size=9
  solver=sudoku.model.BacktrackingSudokuSolver@7896e96a
  board={{6,3,1,5,7,4,8,9,2},{4,2,7,6,9,8,3,1,5},{8,5,9,3,1,2,4,6,7},{5,9,8,1,2,3,6,7,4},{1,4,2,8,6,7,9,5,3},{3,7,6,4,5,9,1,2,8},{7,8,4,2,3,6,0,0,0},{0,0,0,0,0,0,0,0,0},{0,0,0,0,0,0,0,0,0}}
]
13:16:51.867 INFO  [main] SudokuBoard - Wartość 0 wstawiona nieprawidłowo
13:16:51.867 INFO  [main] SudokuBoard - Bład w kwadracie 0
sudoku.model.SudokuBoard@569026df[
  size=9
  solver=sudoku.model.BacktrackingSudokuSolver@7896e96a
  board={{6,3,1,5,7,4,8,9,2},{4,2,7,6,9,8,3,1,5},{8,5,9,3,1,2,4,6,7},{5,9,8,1,2,3,6,7,4},{1,4,2,8,6,7,9,5,3},{3,7,6,4,5,9,1,2,8},{7,8,4,2,3,0,0,0,0},{0,0,0,0,0,0,0,0,0},{0,0,0,0,0,0,0,0,0}}
]
13:16:51.867 INFO  [main] SudokuBoard - Wartość 0 wstawiona nieprawidłowo
13:16:51.867 INFO  [main] SudokuBoard - Bład w kwadracie 0
sudoku.model.SudokuBoard@569026df[
  size=9
  solver=sudoku.model.BacktrackingSudokuSolver@7896e96a
  board={{6,3,1,5,7,4,8,9,2},{4,2,7,6,9,8,3,1,5},{8,5,9,3,1,2,4,6,7},{5,9,8,1,2,3,6,7,4},{1,4,2,8,6,7,9,5,3},{3,7,6,4,5,9,1,2,8},{7,8,4,2,3,1,0,0,0},{0,0,0,0,0,0,0,0,0},{0,0,0,0,0,0,0,0,0}}
]
13:16:51.867 INFO  [main] SudokuBoard - Wartość 0 wstawiona nieprawidłowo
13:16:51.868 INFO  [main] SudokuBoard - Bład w kwadracie 0
sudoku.model.SudokuBoard@569026df[
  size=9
  solver=sudoku.model.BacktrackingSudokuSolver@7896e96a
  board={{6,3,1,5,7,4,8,9,2},{4,2,7,6,9,8,3,1,5},{8,5,9,3,1,2,4,6,7},{5,9,8,1,2,3,6,7,4},{1,4,2,8,6,7,9,5,3},{3,7,6,4,5,9,1,2,8},{7,8,4,2,3,0,0,0,0},{0,0,0,0,0,0,0,0,0},{0,0,0,0,0,0,0,0,0}}
]
13:16:51.868 INFO  [main] SudokuBoard - Wartość 0 wstawiona nieprawidłowo
13:16:51.868 INFO  [main] SudokuBoard - Bład w kwadracie 0
sudoku.model.SudokuBoard@569026df[
  size=9
  solver=sudoku.model.BacktrackingSudokuSolver@7896e96a
  board={{6,3,1,5,7,4,8,9,2},{4,2,7,6,9,8,3,1,5},{8,5,9,3,1,2,4,6,7},{5,9,8,1,2,3,6,7,4},{1,4,2,8,6,7,9,5,3},{3,7,6,4,5,9,1,2,8},{7,8,4,2,0,0,0,0,0},{0,0,0,0,0,0,0,0,0},{0,0,0,0,0,0,0,0,0}}
]
13:16:51.868 INFO  [main] SudokuBoard - Wartość 0 wstawiona nieprawidłowo
13:16:51.868 INFO  [main] SudokuBoard - Bład w kwadracie 0
sudoku.model.SudokuBoard@569026df[
  size=9
  solver=sudoku.model.BacktrackingSudokuSolver@7896e96a
  board={{6,3,1,5,7,4,8,9,2},{4,2,7,6,9,8,3,1,5},{8,5,9,3,1,2,4,6,7},{5,9,8,1,2,3,6,7,4},{1,4,2,8,6,7,9,5,3},{3,7,6,4,5,9,1,2,8},{7,8,4,0,0,0,0,0,0},{0,0,0,0,0,0,0,0,0},{0,0,0,0,0,0,0,0,0}}
]
13:16:51.868 INFO  [main] SudokuBoard - Wartość 0 wstawiona nieprawidłowo
13:16:51.868 INFO  [main] SudokuBoard - Bład w kwadracie 0
sudoku.model.SudokuBoard@569026df[
  size=9
  solver=sudoku.model.BacktrackingSudokuSolver@7896e96a
  board={{6,3,1,5,7,4,8,9,2},{4,2,7,6,9,8,3,1,5},{8,5,9,3,1,2,4,6,7},{5,9,8,1,2,3,6,7,4},{1,4,2,8,6,7,9,5,3},{3,7,6,4,5,9,1,2,8},{7,8,0,0,0,0,0,0,0},{0,0,0,0,0,0,0,0,0},{0,0,0,0,0,0,0,0,0}}
]
13:16:51.868 INFO  [main] SudokuBoard - Wartość 0 wstawiona nieprawidłowo
13:16:51.868 INFO  [main] SudokuBoard - Bład w kwadracie 0
sudoku.model.SudokuBoard@569026df[
  size=9
  solver=sudoku.model.BacktrackingSudokuSolver@7896e96a
  board={{6,3,1,5,7,4,8,9,2},{4,2,7,6,9,8,3,1,5},{8,5,9,3,1,2,4,6,7},{5,9,8,1,2,3,6,7,4},{1,4,2,8,6,7,9,5,3},{3,7,6,4,5,9,1,2,8},{7,8,5,2,4,0,0,0,0},{0,0,0,0,0,0,0,0,0},{0,0,0,0,0,0,0,0,0}}
]
13:16:51.868 INFO  [main] SudokuBoard - Wartość 0 wstawiona nieprawidłowo
13:16:51.868 INFO  [main] SudokuBoard - Bład w kwadracie 0
sudoku.model.SudokuBoard@569026df[
  size=9
  solver=sudoku.model.BacktrackingSudokuSolver@7896e96a
  board={{6,3,1,5,7,4,8,9,2},{4,2,7,6,9,8,3,1,5},{8,5,9,3,1,2,4,6,7},{5,9,8,1,2,3,6,7,4},{1,4,2,8,6,7,9,5,3},{3,7,6,4,5,9,1,2,8},{7,8,5,2,4,0,0,0,0},{0,0,0,0,0,0,0,0,0},{0,0,0,0,0,0,0,0,0}}
]
13:16:51.869 INFO  [main] SudokuBoard - Wartość 0 wstawiona nieprawidłowo
13:16:51.869 INFO  [main] SudokuBoard - Bład w kwadracie 0
sudoku.model.SudokuBoard@569026df[
  size=9
  solver=sudoku.model.BacktrackingSudokuSolver@7896e96a
  board={{6,3,1,5,7,4,8,9,2},{4,2,7,6,9,8,3,1,5},{8,5,9,3,1,2,4,6,7},{5,9,8,1,2,3,6,7,4},{1,4,2,8,6,7,9,5,3},{3,7,6,4,5,9,1,2,8},{7,8,5,2,0,0,0,0,0},{0,0,0,0,0,0,0,0,0},{0,0,0,0,0,0,0,0,0}}
]
13:16:51.869 INFO  [main] SudokuBoard - Wartość 0 wstawiona nieprawidłowo
13:16:51.869 INFO  [main] SudokuBoard - Bład w kwadracie 0
sudoku.model.SudokuBoard@569026df[
  size=9
  solver=sudoku.model.BacktrackingSudokuSolver@7896e96a
  board={{6,3,1,5,7,4,8,9,2},{4,2,7,6,9,8,3,1,5},{8,5,9,3,1,2,4,6,7},{5,9,8,1,2,3,6,7,4},{1,4,2,8,6,7,9,5,3},{3,7,6,4,5,9,1,2,8},{7,8,5,2,3,0,0,0,0},{0,0,0,0,0,0,0,0,0},{0,0,0,0,0,0,0,0,0}}
]
13:16:51.869 INFO  [main] SudokuBoard - Wartość 0 wstawiona nieprawidłowo
13:16:51.869 INFO  [main] SudokuBoard - Bład w kwadracie 0
sudoku.model.SudokuBoard@569026df[
  size=9
  solver=sudoku.model.BacktrackingSudokuSolver@7896e96a
  board={{6,3,1,5,7,4,8,9,2},{4,2,7,6,9,8,3,1,5},{8,5,9,3,1,2,4,6,7},{5,9,8,1,2,3,6,7,4},{1,4,2,8,6,7,9,5,3},{3,7,6,4,5,9,1,2,8},{7,8,5,2,3,0,0,0,0},{0,0,0,0,0,0,0,0,0},{0,0,0,0,0,0,0,0,0}}
]
13:16:51.869 INFO  [main] SudokuBoard - Wartość 0 wstawiona nieprawidłowo
13:16:51.869 INFO  [main] SudokuBoard - Bład w kwadracie 0
sudoku.model.SudokuBoard@569026df[
  size=9
  solver=sudoku.model.BacktrackingSudokuSolver@7896e96a
  board={{6,3,1,5,7,4,8,9,2},{4,2,7,6,9,8,3,1,5},{8,5,9,3,1,2,4,6,7},{5,9,8,1,2,3,6,7,4},{1,4,2,8,6,7,9,5,3},{3,7,6,4,5,9,1,2,8},{7,8,5,2,0,0,0,0,0},{0,0,0,0,0,0,0,0,0},{0,0,0,0,0,0,0,0,0}}
]
13:16:51.869 INFO  [main] SudokuBoard - Wartość 0 wstawiona nieprawidłowo
13:16:51.870 INFO  [main] SudokuBoard - Bład w kwadracie 0
sudoku.model.SudokuBoard@569026df[
  size=9
  solver=sudoku.model.BacktrackingSudokuSolver@7896e96a
  board={{6,3,1,5,7,4,8,9,2},{4,2,7,6,9,8,3,1,5},{8,5,9,3,1,2,4,6,7},{5,9,8,1,2,3,6,7,4},{1,4,2,8,6,7,9,5,3},{3,7,6,4,5,9,1,2,8},{7,8,5,0,0,0,0,0,0},{0,0,0,0,0,0,0,0,0},{0,0,0,0,0,0,0,0,0}}
]
13:16:51.870 INFO  [main] SudokuBoard - Wartość 0 wstawiona nieprawidłowo
13:16:51.870 INFO  [main] SudokuBoard - Bład w kwadracie 0
sudoku.model.SudokuBoard@569026df[
  size=9
  solver=sudoku.model.BacktrackingSudokuSolver@7896e96a
  board={{6,3,1,5,7,4,8,9,2},{4,2,7,6,9,8,3,1,5},{8,5,9,3,1,2,4,6,7},{5,9,8,1,2,3,6,7,4},{1,4,2,8,6,7,9,5,3},{3,7,6,4,5,9,1,2,8},{7,8,5,9,3,1,2,4,6},{9,6,3,7,4,0,0,0,0},{0,0,0,0,0,0,0,0,0}}
]
13:16:51.870 INFO  [main] SudokuBoard - Wartość 0 wstawiona nieprawidłowo
13:16:51.870 INFO  [main] SudokuBoard - Bład w kwadracie 0
sudoku.model.SudokuBoard@569026df[
  size=9
  solver=sudoku.model.BacktrackingSudokuSolver@7896e96a
  board={{6,3,1,5,7,4,8,9,2},{4,2,7,6,9,8,3,1,5},{8,5,9,3,1,2,4,6,7},{5,9,8,1,2,3,6,7,4},{1,4,2,8,6,7,9,5,3},{3,7,6,4,5,9,1,2,8},{7,8,5,9,3,1,2,4,6},{9,6,3,7,0,0,0,0,0},{0,0,0,0,0,0,0,0,0}}
]
13:16:51.870 INFO  [main] SudokuBoard - Wartość 0 wstawiona nieprawidłowo
13:16:51.870 INFO  [main] SudokuBoard - Bład w kwadracie 0
sudoku.model.SudokuBoard@569026df[
  size=9
  solver=sudoku.model.BacktrackingSudokuSolver@7896e96a
  board={{6,3,1,5,7,4,8,9,2},{4,2,7,6,9,8,3,1,5},{8,5,9,3,1,2,4,6,7},{5,9,8,1,2,3,6,7,4},{1,4,2,8,6,7,9,5,3},{3,7,6,4,5,9,1,2,8},{7,8,5,9,3,1,2,4,6},{9,6,3,7,8,0,0,0,0},{0,0,0,0,0,0,0,0,0}}
]
13:16:51.870 INFO  [main] SudokuBoard - Wartość 0 wstawiona nieprawidłowo
13:16:51.870 INFO  [main] SudokuBoard - Bład w kwadracie 0
sudoku.model.SudokuBoard@569026df[
  size=9
  solver=sudoku.model.BacktrackingSudokuSolver@7896e96a
  board={{6,3,1,5,7,4,8,9,2},{4,2,7,6,9,8,3,1,5},{8,5,9,3,1,2,4,6,7},{5,9,8,1,2,3,6,7,4},{1,4,2,8,6,7,9,5,3},{3,7,6,4,5,9,1,2,8},{7,8,5,9,3,1,2,4,6},{9,6,3,7,0,0,0,0,0},{0,0,0,0,0,0,0,0,0}}
]
13:16:51.871 INFO  [main] SudokuBoard - Wartość 0 wstawiona nieprawidłowo
13:16:51.871 INFO  [main] SudokuBoard - Bład w kwadracie 0
sudoku.model.SudokuBoard@569026df[
  size=9
  solver=sudoku.model.BacktrackingSudokuSolver@7896e96a
  board={{6,3,1,5,7,4,8,9,2},{4,2,7,6,9,8,3,1,5},{8,5,9,3,1,2,4,6,7},{5,9,8,1,2,3,6,7,4},{1,4,2,8,6,7,9,5,3},{3,7,6,4,5,9,1,2,8},{7,8,5,9,3,1,2,4,6},{9,6,3,0,0,0,0,0,0},{0,0,0,0,0,0,0,0,0}}
]
13:16:51.872 INFO  [main] SudokuBoard - Wartość 0 wstawiona nieprawidłowo
13:16:51.872 INFO  [main] SudokuBoard - Bład w kwadracie 0
sudoku.model.SudokuBoard@569026df[
  size=9
  solver=sudoku.model.BacktrackingSudokuSolver@7896e96a
  board={{6,3,1,5,7,4,8,9,2},{4,6,7,6,9,8,3,1,5},{8,5,9,3,1,2,4,6,7},{5,9,8,1,2,3,6,7,4},{1,4,2,8,6,7,9,5,3},{3,7,6,4,5,9,1,2,8},{7,8,5,9,3,1,2,4,6},{9,6,3,2,4,5,7,8,1},{2,1,4,7,8,6,5,3,9}}
]
13:16:51.872 INFO  [main] SudokuBoard - Wartość 6 wstawiona nieprawidłowo
13:16:51.872 INFO  [main] SudokuBoard - Bład w kwadracie 0
sudoku.model.SudokuBoard@4e451f9a[
  size=9
  solver=sudoku.model.BacktrackingSudokuSolver@7896e96a
  board={{6,3,1,5,7,4,8,9,2},{4,6,7,6,9,8,3,1,5},{8,5,9,3,1,2,4,6,7},{5,9,8,1,2,3,6,7,4},{1,4,2,8,6,7,9,5,3},{3,7,6,4,5,9,1,2,8},{7,8,5,9,3,1,2,4,6},{9,6,3,2,4,5,7,8,1},{2,1,4,7,8,6,5,3,9}}
]
]]></system-out>
  </testcase>
  <testcase name="checkCellBox1" classname="sudoku.model.SudokuBoardTest" time="0.02">
    <system-out><![CDATA[13:16:51.882 INFO  [main] SudokuBoard - Bład w kwadracie 0
sudoku.model.SudokuBoard@7828bc6b[
  size=9
  solver=sudoku.model.BacktrackingSudokuSolver@2f59cb6f
  board={{8,6,1,3,2,4,5,7,9},{2,7,9,8,6,5,1,3,4},{3,4,5,7,9,1,2,8,6},{9,8,4,1,5,6,7,2,3},{7,2,3,9,0,0,0,0,0},{0,0,0,0,0,0,0,0,0},{0,0,0,0,0,0,0,0,0},{0,0,0,0,0,0,0,0,0},{0,0,0,0,0,0,0,0,0}}
]
13:16:51.882 INFO  [main] SudokuBoard - Wartość 0 wstawiona nieprawidłowo
13:16:51.882 INFO  [main] SudokuBoard - Bład w kwadracie 0
sudoku.model.SudokuBoard@7828bc6b[
  size=9
  solver=sudoku.model.BacktrackingSudokuSolver@2f59cb6f
  board={{8,6,1,3,2,4,5,7,9},{2,7,9,8,6,5,1,3,4},{3,4,5,7,9,1,2,8,6},{9,8,4,1,5,6,7,2,3},{7,2,3,9,4,8,6,1,5},{6,0,0,0,0,0,0,0,0},{0,0,0,0,0,0,0,0,0},{0,0,0,0,0,0,0,0,0},{0,0,0,0,0,0,0,0,0}}
]
13:16:51.882 INFO  [main] SudokuBoard - Wartość 0 wstawiona nieprawidłowo
13:16:51.884 INFO  [main] SudokuBoard - Bład w kwadracie 0
sudoku.model.SudokuBoard@7828bc6b[
  size=9
  solver=sudoku.model.BacktrackingSudokuSolver@2f59cb6f
  board={{8,6,1,3,2,4,5,7,9},{2,7,9,8,6,5,1,3,4},{3,4,5,7,9,1,2,8,6},{9,8,4,1,5,6,7,2,3},{7,2,3,9,4,8,6,1,5},{6,0,0,0,0,0,0,0,0},{0,0,0,0,0,0,0,0,0},{0,0,0,0,0,0,0,0,0},{0,0,0,0,0,0,0,0,0}}
]
13:16:51.884 INFO  [main] SudokuBoard - Wartość 0 wstawiona nieprawidłowo
13:16:51.884 INFO  [main] SudokuBoard - Bład w kwadracie 0
sudoku.model.SudokuBoard@7828bc6b[
  size=9
  solver=sudoku.model.BacktrackingSudokuSolver@2f59cb6f
  board={{8,6,1,3,2,4,5,7,9},{2,7,9,8,6,5,1,3,4},{3,4,5,7,9,1,2,8,6},{9,8,4,1,5,6,7,2,3},{7,2,3,9,4,8,6,1,5},{0,0,0,0,0,0,0,0,0},{0,0,0,0,0,0,0,0,0},{0,0,0,0,0,0,0,0,0},{0,0,0,0,0,0,0,0,0}}
]
13:16:51.884 INFO  [main] SudokuBoard - Wartość 0 wstawiona nieprawidłowo
13:16:51.884 INFO  [main] SudokuBoard - Bład w kwadracie 0
sudoku.model.SudokuBoard@7828bc6b[
  size=9
  solver=sudoku.model.BacktrackingSudokuSolver@2f59cb6f
  board={{8,6,1,3,2,4,5,7,9},{2,7,9,8,6,5,1,3,4},{3,4,5,7,9,1,2,8,6},{9,8,4,1,5,6,7,2,3},{7,2,3,9,4,8,6,1,5},{1,5,6,2,7,3,8,0,0},{0,0,0,0,0,0,0,0,0},{0,0,0,0,0,0,0,0,0},{0,0,0,0,0,0,0,0,0}}
]
13:16:51.884 INFO  [main] SudokuBoard - Wartość 0 wstawiona nieprawidłowo
13:16:51.885 INFO  [main] SudokuBoard - Bład w kwadracie 0
sudoku.model.SudokuBoard@7828bc6b[
  size=9
  solver=sudoku.model.BacktrackingSudokuSolver@2f59cb6f
  board={{8,6,1,3,2,4,5,7,9},{2,7,9,8,6,5,1,3,4},{3,4,5,7,9,1,2,8,6},{9,8,4,1,5,6,7,2,3},{7,2,3,9,4,8,6,1,5},{1,5,6,2,7,3,8,0,0},{0,0,0,0,0,0,0,0,0},{0,0,0,0,0,0,0,0,0},{0,0,0,0,0,0,0,0,0}}
]
13:16:51.885 INFO  [main] SudokuBoard - Wartość 0 wstawiona nieprawidłowo
13:16:51.885 INFO  [main] SudokuBoard - Bład w kwadracie 0
sudoku.model.SudokuBoard@7828bc6b[
  size=9
  solver=sudoku.model.BacktrackingSudokuSolver@2f59cb6f
  board={{8,6,1,3,2,4,5,7,9},{2,7,9,8,6,5,1,3,4},{3,4,5,7,9,1,2,8,6},{9,8,4,1,5,6,7,2,3},{7,2,3,9,4,8,6,1,5},{1,5,6,2,7,3,0,0,0},{0,0,0,0,0,0,0,0,0},{0,0,0,0,0,0,0,0,0},{0,0,0,0,0,0,0,0,0}}
]
13:16:51.885 INFO  [main] SudokuBoard - Wartość 0 wstawiona nieprawidłowo
13:16:51.885 INFO  [main] SudokuBoard - Bład w kwadracie 0
sudoku.model.SudokuBoard@7828bc6b[
  size=9
  solver=sudoku.model.BacktrackingSudokuSolver@2f59cb6f
  board={{8,6,1,3,2,4,5,7,9},{2,7,9,8,6,5,1,3,4},{3,4,5,7,9,1,2,8,6},{9,8,4,1,5,6,7,2,3},{7,2,3,9,4,8,6,1,5},{1,5,6,2,7,3,9,4,8},{6,9,7,4,1,2,3,0,0},{0,0,0,0,0,0,0,0,0},{0,0,0,0,0,0,0,0,0}}
]
13:16:51.885 INFO  [main] SudokuBoard - Wartość 0 wstawiona nieprawidłowo
13:16:51.885 INFO  [main] SudokuBoard - Bład w kwadracie 0
sudoku.model.SudokuBoard@7828bc6b[
  size=9
  solver=sudoku.model.BacktrackingSudokuSolver@2f59cb6f
  board={{8,6,1,3,2,4,5,7,9},{2,7,9,8,6,5,1,3,4},{3,4,5,7,9,1,2,8,6},{9,8,4,1,5,6,7,2,3},{7,2,3,9,4,8,6,1,5},{1,5,6,2,7,3,9,4,8},{6,9,7,4,1,2,0,0,0},{0,0,0,0,0,0,0,0,0},{0,0,0,0,0,0,0,0,0}}
]
13:16:51.885 INFO  [main] SudokuBoard - Wartość 0 wstawiona nieprawidłowo
13:16:51.885 INFO  [main] SudokuBoard - Bład w kwadracie 0
sudoku.model.SudokuBoard@7828bc6b[
  size=9
  solver=sudoku.model.BacktrackingSudokuSolver@2f59cb6f
  board={{8,6,1,3,2,4,5,7,9},{2,7,9,8,6,5,1,3,4},{3,4,5,7,9,1,2,8,6},{9,8,4,1,5,6,7,2,3},{7,2,3,9,4,8,6,1,5},{1,5,6,2,7,3,9,4,8},{6,9,7,4,1,2,8,0,0},{0,0,0,0,0,0,0,0,0},{0,0,0,0,0,0,0,0,0}}
]
13:16:51.885 INFO  [main] SudokuBoard - Wartość 0 wstawiona nieprawidłowo
13:16:51.886 INFO  [main] SudokuBoard - Bład w kwadracie 0
sudoku.model.SudokuBoard@7828bc6b[
  size=9
  solver=sudoku.model.BacktrackingSudokuSolver@2f59cb6f
  board={{8,6,1,3,2,4,5,7,9},{2,7,9,8,6,5,1,3,4},{3,4,5,7,9,1,2,8,6},{9,8,4,1,5,6,7,2,3},{7,2,3,9,4,8,6,1,5},{1,5,6,2,7,3,9,4,8},{6,9,7,4,1,2,0,0,0},{0,0,0,0,0,0,0,0,0},{0,0,0,0,0,0,0,0,0}}
]
13:16:51.886 INFO  [main] SudokuBoard - Wartość 0 wstawiona nieprawidłowo
13:16:51.886 INFO  [main] SudokuBoard - Bład w kwadracie 0
sudoku.model.SudokuBoard@7828bc6b[
  size=9
  solver=sudoku.model.BacktrackingSudokuSolver@2f59cb6f
  board={{8,6,1,3,2,4,5,7,9},{2,7,9,8,6,5,1,3,4},{3,4,5,7,9,1,2,8,6},{9,8,4,1,5,6,7,2,3},{7,2,3,9,4,8,6,1,5},{1,5,6,2,7,3,9,4,8},{6,9,7,4,1,0,0,0,0},{0,0,0,0,0,0,0,0,0},{0,0,0,0,0,0,0,0,0}}
]
13:16:51.886 INFO  [main] SudokuBoard - Wartość 0 wstawiona nieprawidłowo
13:16:51.886 INFO  [main] SudokuBoard - Bład w kwadracie 0
sudoku.model.SudokuBoard@7828bc6b[
  size=9
  solver=sudoku.model.BacktrackingSudokuSolver@2f59cb6f
  board={{8,6,1,3,2,4,5,7,9},{2,7,9,8,6,5,1,3,4},{3,4,5,7,9,1,2,8,6},{9,8,4,1,5,6,7,2,3},{7,2,3,9,4,8,6,1,5},{1,5,6,2,7,3,9,4,8},{6,9,7,4,0,0,0,0,0},{0,0,0,0,0,0,0,0,0},{0,0,0,0,0,0,0,0,0}}
]
13:16:51.886 INFO  [main] SudokuBoard - Wartość 0 wstawiona nieprawidłowo
13:16:51.886 INFO  [main] SudokuBoard - Bład w kwadracie 0
sudoku.model.SudokuBoard@7828bc6b[
  size=9
  solver=sudoku.model.BacktrackingSudokuSolver@2f59cb6f
  board={{8,6,1,3,2,4,5,7,9},{2,7,9,8,6,5,1,3,4},{3,4,5,7,9,1,2,8,6},{9,8,4,1,5,6,7,2,3},{7,2,3,9,4,8,6,1,5},{1,5,6,2,7,3,9,4,8},{6,9,7,4,3,2,8,5,1},{4,3,8,5,1,0,0,0,0},{0,0,0,0,0,0,0,0,0}}
]
13:16:51.886 INFO  [main] SudokuBoard - Wartość 0 wstawiona nieprawidłowo
13:16:51.886 INFO  [main] SudokuBoard - Bład w kwadracie 0
sudoku.model.SudokuBoard@7828bc6b[
  size=9
  solver=sudoku.model.BacktrackingSudokuSolver@2f59cb6f
  board={{8,6,1,3,2,4,5,7,9},{2,7,9,8,6,5,1,3,4},{3,4,5,7,9,1,2,8,6},{9,8,4,1,5,6,7,2,3},{7,2,3,9,4,8,6,1,5},{1,5,6,2,7,3,9,4,8},{6,9,7,4,3,2,8,5,1},{4,3,8,5,1,0,0,0,0},{0,0,0,0,0,0,0,0,0}}
]
13:16:51.886 INFO  [main] SudokuBoard - Wartość 0 wstawiona nieprawidłowo
13:16:51.886 INFO  [main] SudokuBoard - Bład w kwadracie 0
sudoku.model.SudokuBoard@7828bc6b[
  size=9
  solver=sudoku.model.BacktrackingSudokuSolver@2f59cb6f
  board={{8,6,1,3,2,4,5,7,9},{2,7,9,8,6,5,1,3,4},{3,4,5,7,9,1,2,8,6},{9,8,4,1,5,6,7,2,3},{7,2,3,9,4,8,6,1,5},{1,5,6,2,7,3,9,4,8},{6,9,7,4,3,2,8,5,1},{4,3,8,5,0,0,0,0,0},{0,0,0,0,0,0,0,0,0}}
]
13:16:51.887 INFO  [main] SudokuBoard - Wartość 0 wstawiona nieprawidłowo
13:16:51.887 INFO  [main] SudokuBoard - Bład w kwadracie 0
sudoku.model.SudokuBoard@7828bc6b[
  size=9
  solver=sudoku.model.BacktrackingSudokuSolver@2f59cb6f
  board={{8,6,1,3,2,4,5,7,9},{2,7,9,8,6,5,1,3,4},{3,4,5,7,9,1,2,8,6},{9,8,4,1,5,6,7,2,3},{7,2,3,9,4,8,6,1,5},{1,5,6,2,7,3,9,4,8},{6,9,7,4,3,2,8,5,1},{4,3,8,0,0,0,0,0,0},{0,0,0,0,0,0,0,0,0}}
]
13:16:51.888 INFO  [main] SudokuBoard - Wartość 0 wstawiona nieprawidłowo
13:16:51.889 INFO  [main] SudokuBoard - Bład w kwadracie 0
sudoku.model.SudokuBoard@7828bc6b[
  size=9
  solver=sudoku.model.BacktrackingSudokuSolver@2f59cb6f
  board={{8,6,1,3,2,4,5,7,9},{2,7,9,8,6,5,1,3,4},{3,4,5,7,9,1,2,8,6},{9,8,4,1,5,6,7,2,3},{7,2,3,9,4,8,6,1,5},{1,5,6,2,7,3,9,4,8},{6,9,7,4,3,2,8,5,1},{4,3,8,6,1,0,0,0,0},{0,0,0,0,0,0,0,0,0}}
]
13:16:51.889 INFO  [main] SudokuBoard - Wartość 0 wstawiona nieprawidłowo
13:16:51.889 INFO  [main] SudokuBoard - Bład w kwadracie 0
sudoku.model.SudokuBoard@7828bc6b[
  size=9
  solver=sudoku.model.BacktrackingSudokuSolver@2f59cb6f
  board={{8,6,1,3,2,4,5,7,9},{2,7,9,8,6,5,1,3,4},{3,4,5,7,9,1,2,8,6},{9,8,4,1,5,6,7,2,3},{7,2,3,9,4,8,6,1,5},{1,5,6,2,7,3,9,4,8},{6,9,7,4,3,2,8,5,1},{4,3,8,6,1,0,0,0,0},{0,0,0,0,0,0,0,0,0}}
]
13:16:51.889 INFO  [main] SudokuBoard - Wartość 0 wstawiona nieprawidłowo
13:16:51.889 INFO  [main] SudokuBoard - Bład w kwadracie 0
sudoku.model.SudokuBoard@7828bc6b[
  size=9
  solver=sudoku.model.BacktrackingSudokuSolver@2f59cb6f
  board={{8,6,1,3,2,4,5,7,9},{2,7,9,8,6,5,1,3,4},{3,4,5,7,9,1,2,8,6},{9,8,4,1,5,6,7,2,3},{7,2,3,9,4,8,6,1,5},{1,5,6,2,7,3,9,4,8},{6,9,7,4,3,2,8,5,1},{4,3,8,6,0,0,0,0,0},{0,0,0,0,0,0,0,0,0}}
]
13:16:51.890 INFO  [main] SudokuBoard - Wartość 0 wstawiona nieprawidłowo
13:16:51.890 INFO  [main] SudokuBoard - Bład w kwadracie 0
sudoku.model.SudokuBoard@7828bc6b[
  size=9
  solver=sudoku.model.BacktrackingSudokuSolver@2f59cb6f
  board={{8,6,1,3,2,4,5,7,9},{2,7,9,8,6,5,1,3,4},{3,4,5,7,9,1,2,8,6},{9,8,4,1,5,6,7,2,3},{7,2,3,9,4,8,6,1,5},{1,5,6,2,7,3,9,4,8},{6,9,7,4,3,2,8,5,1},{4,3,8,0,0,0,0,0,0},{0,0,0,0,0,0,0,0,0}}
]
13:16:51.890 INFO  [main] SudokuBoard - Wartość 0 wstawiona nieprawidłowo
13:16:51.890 INFO  [main] SudokuBoard - Bład w kwadracie 0
sudoku.model.SudokuBoard@7828bc6b[
  size=9
  solver=sudoku.model.BacktrackingSudokuSolver@2f59cb6f
  board={{8,6,1,3,2,4,5,7,9},{2,7,9,8,6,5,1,3,4},{3,4,5,7,9,1,2,8,6},{9,8,4,1,5,6,7,2,3},{7,2,3,9,4,8,6,1,5},{1,5,6,2,7,3,9,4,8},{6,9,7,4,3,2,8,5,1},{4,3,0,0,0,0,0,0,0},{0,0,0,0,0,0,0,0,0}}
]
13:16:51.890 INFO  [main] SudokuBoard - Wartość 0 wstawiona nieprawidłowo
13:16:51.890 INFO  [main] SudokuBoard - Bład w kwadracie 0
sudoku.model.SudokuBoard@7828bc6b[
  size=9
  solver=sudoku.model.BacktrackingSudokuSolver@2f59cb6f
  board={{8,6,1,3,2,4,5,7,9},{2,7,9,8,6,5,1,3,4},{3,4,5,7,9,1,2,8,6},{9,8,4,1,5,6,7,2,3},{7,2,3,9,4,8,6,1,5},{1,5,6,2,7,3,9,4,8},{6,9,7,4,3,2,8,5,1},{4,3,2,5,8,0,0,0,0},{0,0,0,0,0,0,0,0,0}}
]
13:16:51.890 INFO  [main] SudokuBoard - Wartość 0 wstawiona nieprawidłowo
13:16:51.890 INFO  [main] SudokuBoard - Bład w kwadracie 0
sudoku.model.SudokuBoard@7828bc6b[
  size=9
  solver=sudoku.model.BacktrackingSudokuSolver@2f59cb6f
  board={{8,6,1,3,2,4,5,7,9},{2,7,9,8,6,5,1,3,4},{3,4,5,7,9,1,2,8,6},{9,8,4,1,5,6,7,2,3},{7,2,3,9,4,8,6,1,5},{1,5,6,2,7,3,9,4,8},{6,9,7,4,3,2,8,5,1},{4,3,2,5,8,0,0,0,0},{0,0,0,0,0,0,0,0,0}}
]
13:16:51.890 INFO  [main] SudokuBoard - Wartość 0 wstawiona nieprawidłowo
13:16:51.890 INFO  [main] SudokuBoard - Bład w kwadracie 0
sudoku.model.SudokuBoard@7828bc6b[
  size=9
  solver=sudoku.model.BacktrackingSudokuSolver@2f59cb6f
  board={{8,6,1,3,2,4,5,7,9},{2,7,9,8,6,5,1,3,4},{3,4,5,7,9,1,2,8,6},{9,8,4,1,5,6,7,2,3},{7,2,3,9,4,8,6,1,5},{1,5,6,2,7,3,9,4,8},{6,9,7,4,3,2,8,5,1},{4,3,2,5,0,0,0,0,0},{0,0,0,0,0,0,0,0,0}}
]
13:16:51.890 INFO  [main] SudokuBoard - Wartość 0 wstawiona nieprawidłowo
13:16:51.890 INFO  [main] SudokuBoard - Bład w kwadracie 0
sudoku.model.SudokuBoard@7828bc6b[
  size=9
  solver=sudoku.model.BacktrackingSudokuSolver@2f59cb6f
  board={{8,6,1,3,2,4,5,7,9},{2,7,9,8,6,5,1,3,4},{3,4,5,7,9,1,2,8,6},{9,8,4,1,5,6,7,2,3},{7,2,3,9,4,8,6,1,5},{1,5,6,2,7,3,9,4,8},{6,9,7,4,3,2,8,5,1},{4,3,2,5,1,0,0,0,0},{0,0,0,0,0,0,0,0,0}}
]
13:16:51.890 INFO  [main] SudokuBoard - Wartość 0 wstawiona nieprawidłowo
13:16:51.890 INFO  [main] SudokuBoard - Bład w kwadracie 0
sudoku.model.SudokuBoard@7828bc6b[
  size=9
  solver=sudoku.model.BacktrackingSudokuSolver@2f59cb6f
  board={{8,6,1,3,2,4,5,7,9},{2,7,9,8,6,5,1,3,4},{3,4,5,7,9,1,2,8,6},{9,8,4,1,5,6,7,2,3},{7,2,3,9,4,8,6,1,5},{1,5,6,2,7,3,9,4,8},{6,9,7,4,3,2,8,5,1},{4,3,2,5,1,0,0,0,0},{0,0,0,0,0,0,0,0,0}}
]
13:16:51.890 INFO  [main] SudokuBoard - Wartość 0 wstawiona nieprawidłowo
13:16:51.890 INFO  [main] SudokuBoard - Bład w kwadracie 0
sudoku.model.SudokuBoard@7828bc6b[
  size=9
  solver=sudoku.model.BacktrackingSudokuSolver@2f59cb6f
  board={{8,6,1,3,2,4,5,7,9},{2,7,9,8,6,5,1,3,4},{3,4,5,7,9,1,2,8,6},{9,8,4,1,5,6,7,2,3},{7,2,3,9,4,8,6,1,5},{1,5,6,2,7,3,9,4,8},{6,9,7,4,3,2,8,5,1},{4,3,2,5,0,0,0,0,0},{0,0,0,0,0,0,0,0,0}}
]
13:16:51.890 INFO  [main] SudokuBoard - Wartość 0 wstawiona nieprawidłowo
13:16:51.891 INFO  [main] SudokuBoard - Bład w kwadracie 0
sudoku.model.SudokuBoard@7828bc6b[
  size=9
  solver=sudoku.model.BacktrackingSudokuSolver@2f59cb6f
  board={{8,6,1,3,2,4,5,7,9},{2,7,9,8,6,5,1,3,4},{3,4,5,7,9,1,2,8,6},{9,8,4,1,5,6,7,2,3},{7,2,3,9,4,8,6,1,5},{1,5,6,2,7,3,9,4,8},{6,9,7,4,3,2,8,5,1},{4,3,2,0,0,0,0,0,0},{0,0,0,0,0,0,0,0,0}}
]
13:16:51.891 INFO  [main] SudokuBoard - Wartość 0 wstawiona nieprawidłowo
13:16:51.891 INFO  [main] SudokuBoard - Bład w kwadracie 0
sudoku.model.SudokuBoard@7828bc6b[
  size=9
  solver=sudoku.model.BacktrackingSudokuSolver@2f59cb6f
  board={{8,6,1,3,2,4,5,7,9},{2,7,9,8,6,5,1,3,4},{3,4,5,7,9,1,2,8,6},{9,8,4,1,5,6,7,2,3},{7,2,3,9,4,8,6,1,5},{1,5,6,2,7,3,9,4,8},{6,9,7,4,3,2,8,5,1},{4,3,2,6,8,0,0,0,0},{0,0,0,0,0,0,0,0,0}}
]
13:16:51.891 INFO  [main] SudokuBoard - Wartość 0 wstawiona nieprawidłowo
13:16:51.891 INFO  [main] SudokuBoard - Bład w kwadracie 0
sudoku.model.SudokuBoard@7828bc6b[
  size=9
  solver=sudoku.model.BacktrackingSudokuSolver@2f59cb6f
  board={{8,6,1,3,2,4,5,7,9},{2,7,9,8,6,5,1,3,4},{3,4,5,7,9,1,2,8,6},{9,8,4,1,5,6,7,2,3},{7,2,3,9,4,8,6,1,5},{1,5,6,2,7,3,9,4,8},{6,9,7,4,3,2,8,5,1},{4,3,2,6,8,0,0,0,0},{0,0,0,0,0,0,0,0,0}}
]
13:16:51.891 INFO  [main] SudokuBoard - Wartość 0 wstawiona nieprawidłowo
13:16:51.891 INFO  [main] SudokuBoard - Bład w kwadracie 0
sudoku.model.SudokuBoard@7828bc6b[
  size=9
  solver=sudoku.model.BacktrackingSudokuSolver@2f59cb6f
  board={{8,6,1,3,2,4,5,7,9},{2,7,9,8,6,5,1,3,4},{3,4,5,7,9,1,2,8,6},{9,8,4,1,5,6,7,2,3},{7,2,3,9,4,8,6,1,5},{1,5,6,2,7,3,9,4,8},{6,9,7,4,3,2,8,5,1},{4,3,2,6,0,0,0,0,0},{0,0,0,0,0,0,0,0,0}}
]
13:16:51.891 INFO  [main] SudokuBoard - Wartość 0 wstawiona nieprawidłowo
13:16:51.891 INFO  [main] SudokuBoard - Bład w kwadracie 0
sudoku.model.SudokuBoard@7828bc6b[
  size=9
  solver=sudoku.model.BacktrackingSudokuSolver@2f59cb6f
  board={{8,6,1,3,2,4,5,7,9},{2,7,9,8,6,5,1,3,4},{3,4,5,7,9,1,2,8,6},{9,8,4,1,5,6,7,2,3},{7,2,3,9,4,8,6,1,5},{1,5,6,2,7,3,9,4,8},{6,9,7,4,3,2,8,5,1},{4,3,2,6,1,0,0,0,0},{0,0,0,0,0,0,0,0,0}}
]
13:16:51.892 INFO  [main] SudokuBoard - Wartość 0 wstawiona nieprawidłowo
13:16:51.892 INFO  [main] SudokuBoard - Bład w kwadracie 0
sudoku.model.SudokuBoard@7828bc6b[
  size=9
  solver=sudoku.model.BacktrackingSudokuSolver@2f59cb6f
  board={{8,6,1,3,2,4,5,7,9},{2,7,9,8,6,5,1,3,4},{3,4,5,7,9,1,2,8,6},{9,8,4,1,5,6,7,2,3},{7,2,3,9,4,8,6,1,5},{1,5,6,2,7,3,9,4,8},{6,9,7,4,3,2,8,5,1},{4,3,2,6,1,0,0,0,0},{0,0,0,0,0,0,0,0,0}}
]
13:16:51.892 INFO  [main] SudokuBoard - Wartość 0 wstawiona nieprawidłowo
13:16:51.892 INFO  [main] SudokuBoard - Bład w kwadracie 0
sudoku.model.SudokuBoard@7828bc6b[
  size=9
  solver=sudoku.model.BacktrackingSudokuSolver@2f59cb6f
  board={{8,6,1,3,2,4,5,7,9},{2,7,9,8,6,5,1,3,4},{3,4,5,7,9,1,2,8,6},{9,8,4,1,5,6,7,2,3},{7,2,3,9,4,8,6,1,5},{1,5,6,2,7,3,9,4,8},{6,9,7,4,3,2,8,5,1},{4,3,2,6,0,0,0,0,0},{0,0,0,0,0,0,0,0,0}}
]
13:16:51.892 INFO  [main] SudokuBoard - Wartość 0 wstawiona nieprawidłowo
13:16:51.892 INFO  [main] SudokuBoard - Bład w kwadracie 0
sudoku.model.SudokuBoard@7828bc6b[
  size=9
  solver=sudoku.model.BacktrackingSudokuSolver@2f59cb6f
  board={{8,6,1,3,2,4,5,7,9},{2,7,9,8,6,5,1,3,4},{3,4,5,7,9,1,2,8,6},{9,8,4,1,5,6,7,2,3},{7,2,3,9,4,8,6,1,5},{1,5,6,2,7,3,9,4,8},{6,9,7,4,3,2,8,5,1},{4,3,2,0,0,0,0,0,0},{0,0,0,0,0,0,0,0,0}}
]
13:16:51.892 INFO  [main] SudokuBoard - Wartość 0 wstawiona nieprawidłowo
13:16:51.892 INFO  [main] SudokuBoard - Bład w kwadracie 0
sudoku.model.SudokuBoard@7828bc6b[
  size=9
  solver=sudoku.model.BacktrackingSudokuSolver@2f59cb6f
  board={{8,6,1,3,2,4,5,7,9},{2,7,9,8,6,5,1,3,4},{3,4,5,7,9,1,2,8,6},{9,8,4,1,5,6,7,2,3},{7,2,3,9,4,8,6,1,5},{1,5,6,2,7,3,9,4,8},{6,9,7,4,3,2,8,5,1},{4,3,0,0,0,0,0,0,0},{0,0,0,0,0,0,0,0,0}}
]
13:16:51.892 INFO  [main] SudokuBoard - Wartość 0 wstawiona nieprawidłowo
13:16:51.892 INFO  [main] SudokuBoard - Bład w kwadracie 0
sudoku.model.SudokuBoard@7828bc6b[
  size=9
  solver=sudoku.model.BacktrackingSudokuSolver@2f59cb6f
  board={{8,6,1,3,2,4,5,7,9},{2,7,9,8,6,5,1,3,4},{3,4,5,7,9,1,2,8,6},{9,8,4,1,5,6,7,2,3},{7,2,3,9,4,8,6,1,5},{1,5,6,2,7,3,9,4,8},{6,9,7,4,3,2,8,5,1},{4,0,0,0,0,0,0,0,0},{0,0,0,0,0,0,0,0,0}}
]
13:16:51.892 INFO  [main] SudokuBoard - Wartość 0 wstawiona nieprawidłowo
13:16:51.892 INFO  [main] SudokuBoard - Bład w kwadracie 0
sudoku.model.SudokuBoard@7828bc6b[
  size=9
  solver=sudoku.model.BacktrackingSudokuSolver@2f59cb6f
  board={{8,6,1,3,2,4,5,7,9},{2,7,9,8,6,5,1,3,4},{3,4,5,7,9,1,2,8,6},{9,8,4,1,5,6,7,2,3},{7,2,3,9,4,8,6,1,5},{1,5,6,2,7,3,9,4,8},{6,9,7,4,3,2,8,5,1},{4,1,2,6,8,7,3,0,0},{0,0,0,0,0,0,0,0,0}}
]
13:16:51.892 INFO  [main] SudokuBoard - Wartość 0 wstawiona nieprawidłowo
13:16:51.892 INFO  [main] SudokuBoard - Bład w kwadracie 0
sudoku.model.SudokuBoard@7828bc6b[
  size=9
  solver=sudoku.model.BacktrackingSudokuSolver@2f59cb6f
  board={{8,6,1,3,2,4,5,7,9},{2,7,9,8,6,5,1,3,4},{3,4,5,7,9,1,2,8,6},{9,8,4,1,5,6,7,2,3},{7,2,3,9,4,8,6,1,5},{1,5,6,2,7,3,9,4,8},{6,9,7,4,3,2,8,5,1},{4,1,2,6,8,7,0,0,0},{0,0,0,0,0,0,0,0,0}}
]
13:16:51.892 INFO  [main] SudokuBoard - Wartość 0 wstawiona nieprawidłowo
13:16:51.893 INFO  [main] SudokuBoard - Bład w kwadracie 0
sudoku.model.SudokuBoard@7828bc6b[
  size=9
  solver=sudoku.model.BacktrackingSudokuSolver@2f59cb6f
  board={{8,6,1,3,2,4,5,7,9},{2,7,9,8,6,5,1,3,4},{3,4,5,7,9,1,2,8,6},{9,8,4,1,5,6,7,2,3},{7,2,3,9,4,8,6,1,5},{1,5,6,2,7,3,9,4,8},{6,9,7,4,3,2,8,5,1},{4,1,2,6,8,0,0,0,0},{0,0,0,0,0,0,0,0,0}}
]
13:16:51.893 INFO  [main] SudokuBoard - Wartość 0 wstawiona nieprawidłowo
13:16:51.893 INFO  [main] SudokuBoard - Bład w kwadracie 0
sudoku.model.SudokuBoard@7828bc6b[
  size=9
  solver=sudoku.model.BacktrackingSudokuSolver@2f59cb6f
  board={{8,6,1,3,2,4,5,7,9},{2,7,9,8,6,5,1,3,4},{3,4,5,7,9,1,2,8,6},{9,8,4,1,5,6,7,2,3},{7,2,3,9,4,8,6,1,5},{1,5,6,2,7,3,9,4,8},{6,9,7,4,3,2,8,5,1},{4,1,2,6,8,9,0,0,0},{0,0,0,0,0,0,0,0,0}}
]
13:16:51.893 INFO  [main] SudokuBoard - Wartość 0 wstawiona nieprawidłowo
13:16:51.893 INFO  [main] SudokuBoard - Bład w kwadracie 0
sudoku.model.SudokuBoard@7828bc6b[
  size=9
  solver=sudoku.model.BacktrackingSudokuSolver@2f59cb6f
  board={{8,6,1,3,2,4,5,7,9},{2,7,9,8,6,5,1,3,4},{3,4,5,7,9,1,2,8,6},{9,8,4,1,5,6,7,2,3},{7,2,3,9,4,8,6,1,5},{1,5,6,2,7,3,9,4,8},{6,9,7,4,3,2,8,5,1},{4,1,2,6,8,0,0,0,0},{0,0,0,0,0,0,0,0,0}}
]
13:16:51.893 INFO  [main] SudokuBoard - Wartość 0 wstawiona nieprawidłowo
13:16:51.893 INFO  [main] SudokuBoard - Bład w kwadracie 0
sudoku.model.SudokuBoard@7828bc6b[
  size=9
  solver=sudoku.model.BacktrackingSudokuSolver@2f59cb6f
  board={{8,6,1,3,2,4,5,7,9},{2,7,9,8,6,5,1,3,4},{3,4,5,7,9,1,2,8,6},{9,8,4,1,5,6,7,2,3},{7,2,3,9,4,8,6,1,5},{1,5,6,2,7,3,9,4,8},{6,9,7,4,3,2,8,5,1},{4,1,2,6,0,0,0,0,0},{0,0,0,0,0,0,0,0,0}}
]
13:16:51.893 INFO  [main] SudokuBoard - Wartość 0 wstawiona nieprawidłowo
13:16:51.893 INFO  [main] SudokuBoard - Bład w kwadracie 0
sudoku.model.SudokuBoard@7828bc6b[
  size=9
  solver=sudoku.model.BacktrackingSudokuSolver@2f59cb6f
  board={{8,6,1,3,2,4,5,7,9},{2,7,9,8,6,5,1,3,4},{3,4,5,7,9,1,2,8,6},{9,8,4,1,5,6,7,2,3},{7,2,3,9,4,8,6,1,5},{1,5,6,2,7,3,9,4,8},{6,9,7,4,3,2,8,5,1},{4,1,2,0,0,0,0,0,0},{0,0,0,0,0,0,0,0,0}}
]
13:16:51.893 INFO  [main] SudokuBoard - Wartość 0 wstawiona nieprawidłowo
13:16:51.893 INFO  [main] SudokuBoard - Bład w kwadracie 0
sudoku.model.SudokuBoard@7828bc6b[
  size=9
  solver=sudoku.model.BacktrackingSudokuSolver@2f59cb6f
  board={{8,6,1,3,2,4,5,7,9},{2,7,9,8,6,5,1,3,4},{3,4,5,7,9,1,2,8,6},{9,8,4,1,5,6,7,2,3},{7,2,3,9,4,8,6,1,5},{1,5,6,2,7,3,9,4,8},{6,9,7,4,3,2,8,5,1},{4,1,2,5,8,7,3,0,0},{0,0,0,0,0,0,0,0,0}}
]
13:16:51.893 INFO  [main] SudokuBoard - Wartość 0 wstawiona nieprawidłowo
13:16:51.894 INFO  [main] SudokuBoard - Bład w kwadracie 0
sudoku.model.SudokuBoard@7828bc6b[
  size=9
  solver=sudoku.model.BacktrackingSudokuSolver@2f59cb6f
  board={{8,6,1,3,2,4,5,7,9},{2,7,9,8,6,5,1,3,4},{3,4,5,7,9,1,2,8,6},{9,8,4,1,5,6,7,2,3},{7,2,3,9,4,8,6,1,5},{1,5,6,2,7,3,9,4,8},{6,9,7,4,3,2,8,5,1},{4,1,2,5,8,7,3,0,0},{0,0,0,0,0,0,0,0,0}}
]
13:16:51.894 INFO  [main] SudokuBoard - Wartość 0 wstawiona nieprawidłowo
13:16:51.894 INFO  [main] SudokuBoard - Bład w kwadracie 0
sudoku.model.SudokuBoard@7828bc6b[
  size=9
  solver=sudoku.model.BacktrackingSudokuSolver@2f59cb6f
  board={{8,6,1,3,2,4,5,7,9},{2,7,9,8,6,5,1,3,4},{3,4,5,7,9,1,2,8,6},{9,8,4,1,5,6,7,2,3},{7,2,3,9,4,8,6,1,5},{1,5,6,2,7,3,9,4,8},{6,9,7,4,3,2,8,5,1},{4,1,2,5,8,7,0,0,0},{0,0,0,0,0,0,0,0,0}}
]
13:16:51.894 INFO  [main] SudokuBoard - Wartość 0 wstawiona nieprawidłowo
13:16:51.894 INFO  [main] SudokuBoard - Bład w kwadracie 0
sudoku.model.SudokuBoard@7828bc6b[
  size=9
  solver=sudoku.model.BacktrackingSudokuSolver@2f59cb6f
  board={{8,6,1,3,2,4,5,7,9},{2,7,9,8,6,5,1,3,4},{3,4,5,7,9,1,2,8,6},{9,8,4,1,5,6,7,2,3},{7,2,3,9,4,8,6,1,5},{1,5,6,2,7,3,9,4,8},{6,9,7,4,3,2,8,5,1},{4,1,2,5,8,0,0,0,0},{0,0,0,0,0,0,0,0,0}}
]
13:16:51.894 INFO  [main] SudokuBoard - Wartość 0 wstawiona nieprawidłowo
13:16:51.894 INFO  [main] SudokuBoard - Bład w kwadracie 0
sudoku.model.SudokuBoard@7828bc6b[
  size=9
  solver=sudoku.model.BacktrackingSudokuSolver@2f59cb6f
  board={{0,6,1,3,2,4,5,7,9},{2,7,9,8,6,5,1,3,4},{3,4,5,7,9,1,2,8,6},{9,8,4,1,5,6,7,2,3},{7,2,3,9,4,8,6,1,5},{1,5,6,2,7,3,9,4,8},{6,9,7,4,3,2,8,5,1},{4,1,2,5,8,9,3,6,7},{5,3,8,6,1,7,4,9,2}}
]
13:16:51.894 INFO  [main] SudokuBoard - Wartość 0 wstawiona nieprawidłowo
]]></system-out>
  </testcase>
</testsuite>