<?xml version="1.0" encoding="UTF-8"?>
<testsuite xmlns:xsi="http://www.w3.org/2001/XMLSchema-instance" xsi:noNamespaceSchemaLocation="https://maven.apache.org/surefire/maven-surefire-plugin/xsd/surefire-test-report-3.0.xsd" version="3.0" name="sudoku.model.SudokuBoardTest" time="0.295" tests="14" errors="0" skipped="0" failures="0">
  <properties>
    <property name="java.specification.version" value="14"/>
    <property name="sun.cpu.isalist" value="amd64"/>
    <property name="sun.jnu.encoding" value="Cp1252"/>
    <property name="java.class.path" value="D:\New\an_pn_1145_03\Model\target\test-classes;C:\Users\MaciekDate\.m2\repository\org\junit\jupiter\junit-jupiter-engine\5.6.2\junit-jupiter-engine-5.6.2.jar;C:\Users\MaciekDate\.m2\repository\org\apiguardian\apiguardian-api\1.1.0\apiguardian-api-1.1.0.jar;C:\Users\MaciekDate\.m2\repository\org\junit\platform\junit-platform-engine\1.6.2\junit-platform-engine-1.6.2.jar;C:\Users\MaciekDate\.m2\repository\org\opentest4j\opentest4j\1.2.0\opentest4j-1.2.0.jar;C:\Users\MaciekDate\.m2\repository\org\junit\platform\junit-platform-commons\1.6.2\junit-platform-commons-1.6.2.jar;C:\Users\MaciekDate\.m2\repository\org\junit\jupiter\junit-jupiter-api\5.6.2\junit-jupiter-api-5.6.2.jar;C:\Users\MaciekDate\.m2\repository\org\apache\logging\log4j\log4j-api\2.7\log4j-api-2.7.jar;C:\Users\MaciekDate\.m2\repository\org\apache\logging\log4j\log4j-core\2.7\log4j-core-2.7.jar;C:\Users\MaciekDate\.m2\repository\org\apache\logging\log4j\log4j-slf4j-impl\2.7\log4j-slf4j-impl-2.7.jar;C:\Users\MaciekDate\.m2\repository\org\openjfx\javafx-controls\13\javafx-controls-13.jar;C:\Users\MaciekDate\.m2\repository\org\openjfx\javafx-controls\13\javafx-controls-13-win.jar;C:\Users\MaciekDate\.m2\repository\org\openjfx\javafx-graphics\13\javafx-graphics-13.jar;C:\Users\MaciekDate\.m2\repository\org\openjfx\javafx-graphics\13\javafx-graphics-13-win.jar;C:\Users\MaciekDate\.m2\repository\org\openjfx\javafx-base\13\javafx-base-13.jar;C:\Users\MaciekDate\.m2\repository\org\openjfx\javafx-fxml\13\javafx-fxml-13.jar;C:\Users\MaciekDate\.m2\repository\org\openjfx\javafx-fxml\13\javafx-fxml-13-win.jar;"/>
    <property name="java.vm.vendor" value="Oracle Corporation"/>
    <property name="sun.arch.data.model" value="64"/>
    <property name="user.variant" value=""/>
    <property name="java.vendor.url" value="https://java.oracle.com/"/>
    <property name="user.timezone" value="Europe/Warsaw"/>
    <property name="os.name" value="Windows 10"/>
    <property name="java.vm.specification.version" value="14"/>
    <property name="sun.java.launcher" value="SUN_STANDARD"/>
    <property name="user.country" value="US"/>
    <property name="sun.boot.library.path" value="D:\openjdk\jdk-14.0.2\bin"/>
    <property name="sun.java.command" value="org.apache.maven.surefire.booter.ForkedBooter C:\Users\MaciekDate\AppData\Local\Temp\surefire5767444691000843753 2021-01-22T13-52-43_002-jvmRun1 surefire8707008423384396485tmp surefire_010758903282510126022tmp"/>
    <property name="jdk.debug" value="release"/>
    <property name="surefire.test.class.path" value="D:\New\an_pn_1145_03\Model\target\test-classes;C:\Users\MaciekDate\.m2\repository\org\junit\jupiter\junit-jupiter-engine\5.6.2\junit-jupiter-engine-5.6.2.jar;C:\Users\MaciekDate\.m2\repository\org\apiguardian\apiguardian-api\1.1.0\apiguardian-api-1.1.0.jar;C:\Users\MaciekDate\.m2\repository\org\junit\platform\junit-platform-engine\1.6.2\junit-platform-engine-1.6.2.jar;C:\Users\MaciekDate\.m2\repository\org\opentest4j\opentest4j\1.2.0\opentest4j-1.2.0.jar;C:\Users\MaciekDate\.m2\repository\org\junit\platform\junit-platform-commons\1.6.2\junit-platform-commons-1.6.2.jar;C:\Users\MaciekDate\.m2\repository\org\junit\jupiter\junit-jupiter-api\5.6.2\junit-jupiter-api-5.6.2.jar;C:\Users\MaciekDate\.m2\repository\org\apache\logging\log4j\log4j-api\2.7\log4j-api-2.7.jar;C:\Users\MaciekDate\.m2\repository\org\apache\logging\log4j\log4j-core\2.7\log4j-core-2.7.jar;C:\Users\MaciekDate\.m2\repository\org\apache\logging\log4j\log4j-slf4j-impl\2.7\log4j-slf4j-impl-2.7.jar;C:\Users\MaciekDate\.m2\repository\org\openjfx\javafx-controls\13\javafx-controls-13.jar;C:\Users\MaciekDate\.m2\repository\org\openjfx\javafx-controls\13\javafx-controls-13-win.jar;C:\Users\MaciekDate\.m2\repository\org\openjfx\javafx-graphics\13\javafx-graphics-13.jar;C:\Users\MaciekDate\.m2\repository\org\openjfx\javafx-graphics\13\javafx-graphics-13-win.jar;C:\Users\MaciekDate\.m2\repository\org\openjfx\javafx-base\13\javafx-base-13.jar;C:\Users\MaciekDate\.m2\repository\org\openjfx\javafx-fxml\13\javafx-fxml-13.jar;C:\Users\MaciekDate\.m2\repository\org\openjfx\javafx-fxml\13\javafx-fxml-13-win.jar;"/>
    <property name="sun.cpu.endian" value="little"/>
    <property name="user.home" value="C:\Users\MaciekDate"/>
    <property name="user.language" value="en"/>
    <property name="java.specification.vendor" value="Oracle Corporation"/>
    <property name="jdk.module.path" value="D:\New\an_pn_1145_03\Model\target\classes;C:\Users\MaciekDate\.m2\repository\org\apache\commons\commons-lang3\3.11\commons-lang3-3.11.jar;C:\Users\MaciekDate\.m2\repository\org\slf4j\slf4j-api\1.7.30\slf4j-api-1.7.30.jar;C:\Users\MaciekDate\.m2\repository\org\openjfx\javafx-base\13\javafx-base-13-win.jar"/>
    <property name="java.version.date" value="2020-07-14"/>
    <property name="java.home" value="D:\openjdk\jdk-14.0.2"/>
    <property name="file.separator" value="\"/>
    <property name="basedir" value="D:\New\an_pn_1145_03\Model"/>
    <property name="java.vm.compressedOopsMode" value="Zero based"/>
    <property name="line.separator" value="&#10;"/>
    <property name="java.vm.specification.vendor" value="Oracle Corporation"/>
    <property name="java.specification.name" value="Java Platform API Specification"/>
    <property name="surefire.real.class.path" value="C:\Users\MaciekDate\.m2\repository\org\apache\maven\surefire\surefire-booter\3.0.0-M5\surefire-booter-3.0.0-M5.jar;C:\Users\MaciekDate\.m2\repository\org\apache\maven\surefire\surefire-api\3.0.0-M5\surefire-api-3.0.0-M5.jar;C:\Users\MaciekDate\.m2\repository\org\apache\maven\surefire\surefire-logger-api\3.0.0-M5\surefire-logger-api-3.0.0-M5.jar;C:\Users\MaciekDate\.m2\repository\org\apache\maven\surefire\surefire-shared-utils\3.0.0-M4\surefire-shared-utils-3.0.0-M4.jar;C:\Users\MaciekDate\.m2\repository\org\apache\maven\surefire\surefire-extensions-spi\3.0.0-M5\surefire-extensions-spi-3.0.0-M5.jar;D:\New\an_pn_1145_03\Model\target\test-classes;C:\Users\MaciekDate\.m2\repository\org\junit\jupiter\junit-jupiter-engine\5.6.2\junit-jupiter-engine-5.6.2.jar;C:\Users\MaciekDate\.m2\repository\org\apiguardian\apiguardian-api\1.1.0\apiguardian-api-1.1.0.jar;C:\Users\MaciekDate\.m2\repository\org\junit\platform\junit-platform-engine\1.6.2\junit-platform-engine-1.6.2.jar;C:\Users\MaciekDate\.m2\repository\org\opentest4j\opentest4j\1.2.0\opentest4j-1.2.0.jar;C:\Users\MaciekDate\.m2\repository\org\junit\platform\junit-platform-commons\1.6.2\junit-platform-commons-1.6.2.jar;C:\Users\MaciekDate\.m2\repository\org\junit\jupiter\junit-jupiter-api\5.6.2\junit-jupiter-api-5.6.2.jar;C:\Users\MaciekDate\.m2\repository\org\apache\logging\log4j\log4j-api\2.7\log4j-api-2.7.jar;C:\Users\MaciekDate\.m2\repository\org\apache\logging\log4j\log4j-core\2.7\log4j-core-2.7.jar;C:\Users\MaciekDate\.m2\repository\org\apache\logging\log4j\log4j-slf4j-impl\2.7\log4j-slf4j-impl-2.7.jar;C:\Users\MaciekDate\.m2\repository\org\openjfx\javafx-controls\13\javafx-controls-13.jar;C:\Users\MaciekDate\.m2\repository\org\openjfx\javafx-controls\13\javafx-controls-13-win.jar;C:\Users\MaciekDate\.m2\repository\org\openjfx\javafx-graphics\13\javafx-graphics-13.jar;C:\Users\MaciekDate\.m2\repository\org\openjfx\javafx-graphics\13\javafx-graphics-13-win.jar;C:\Users\MaciekDate\.m2\repository\org\openjfx\javafx-base\13\javafx-base-13.jar;C:\Users\MaciekDate\.m2\repository\org\openjfx\javafx-fxml\13\javafx-fxml-13.jar;C:\Users\MaciekDate\.m2\repository\org\openjfx\javafx-fxml\13\javafx-fxml-13-win.jar;C:\Users\MaciekDate\.m2\repository\org\apache\maven\surefire\surefire-junit-platform\3.0.0-M5\surefire-junit-platform-3.0.0-M5.jar;C:\Users\MaciekDate\.m2\repository\org\apache\maven\surefire\common-java5\3.0.0-M5\common-java5-3.0.0-M5.jar;C:\Users\MaciekDate\.m2\repository\org\junit\platform\junit-platform-launcher\1.6.2\junit-platform-launcher-1.6.2.jar"/>
    <property name="user.script" value=""/>
    <property name="sun.management.compiler" value="HotSpot 64-Bit Tiered Compilers"/>
    <property name="java.runtime.version" value="14.0.2+12-46"/>
    <property name="user.name" value="MaciekDate"/>
    <property name="path.separator" value=";"/>
    <property name="os.version" value="10.0"/>
    <property name="java.runtime.name" value="OpenJDK Runtime Environment"/>
    <property name="file.encoding" value="Cp1252"/>
    <property name="java.vm.name" value="OpenJDK 64-Bit Server VM"/>
    <property name="localRepository" value="C:\Users\MaciekDate\.m2\repository"/>
    <property name="java.vendor.url.bug" value="https://bugreport.java.com/bugreport/"/>
    <property name="java.io.tmpdir" value="C:\Users\MACIEK~1\AppData\Local\Temp\"/>
    <property name="idea.version" value="2020.3"/>
    <property name="java.version" value="14.0.2"/>
    <property name="user.dir" value="D:\New\an_pn_1145_03\Model"/>
    <property name="os.arch" value="amd64"/>
    <property name="java.vm.specification.name" value="Java Virtual Machine Specification"/>
    <property name="sun.os.patch.level" value=""/>
    <property name="java.library.path" value="D:\openjdk\jdk-14.0.2\bin;C:\Windows\Sun\Java\bin;C:\Windows\system32;C:\Windows;c:\program files\python39\scripts\;c:\program files\python39\;c:\programdata\oracle\java\javapath;c:\program files (x86)\common files\oracle\java\javapath;c:\windows\system32;c:\windows;c:\windows\system32\wbem;c:\windows\system32\windowspowershell\v1.0\;c:\windows\system32\openssh\;c:\program files\nvidia corporation\nvidia nvdlisr;C:\Program Files\Git\cmd;C:\Program Files (x86)\Windows Live\Shared;C:\Users\MaciekDate\AppData\Local\Microsoft\WindowsApps;C:\Users\MaciekDate\AppData\Local\GitHubDesktop\bin;D:\Programs\PyCharm 2020.2.3\bin;;D:\Programs\CLion 2020.2.4\bin;;."/>
    <property name="java.vm.info" value="mixed mode"/>
    <property name="java.vendor" value="Oracle Corporation"/>
    <property name="java.vm.version" value="14.0.2+12-46"/>
    <property name="sun.io.unicode.encoding" value="UnicodeLittle"/>
    <property name="java.class.version" value="58.0"/>
  </properties>
  <testcase name="ShowBoardTest" classname="sudoku.model.SudokuBoardTest" time="0.007"/>
  <testcase name="testEqualsWrongObject" classname="sudoku.model.SudokuBoardTest" time="0.006"/>
  <testcase name="testToString" classname="sudoku.model.SudokuBoardTest" time="0.012">
    <system-out><![CDATA[13:52:47.628 INFO  [main] SudokuBoard - B?ad w kwadracie 0
sudoku.model.SudokuBoard@5bdef8ee[
  size=9
  solver=sudoku.model.BacktrackingSudokuSolver@345d4ecb
  board={{9,5,7,8,6,1,2,3,4},{4,6,3,9,5,2,1,7,8},{8,1,2,7,3,4,5,9,6},{2,3,6,1,9,7,8,4,5},{7,4,9,2,8,5,3,0,0},{0,0,0,0,0,0,0,0,0},{0,0,0,0,0,0,0,0,0},{0,0,0,0,0,0,0,0,0},{0,0,0,0,0,0,0,0,0}}
]
13:52:47.628 INFO  [main] SudokuBoard - Warto?? 0 wstawiona nieprawid?owo
13:52:47.629 INFO  [main] SudokuBoard - B?ad w kwadracie 0
sudoku.model.SudokuBoard@5bdef8ee[
  size=9
  solver=sudoku.model.BacktrackingSudokuSolver@345d4ecb
  board={{9,5,7,8,6,1,2,3,4},{4,6,3,9,5,2,1,7,8},{8,1,2,7,3,4,5,9,6},{2,3,6,1,9,7,8,4,5},{7,4,9,2,8,5,3,6,1},{1,8,5,6,4,3,7,2,9},{3,7,8,4,1,9,6,5,2},{5,9,4,3,2,0,0,0,0},{0,0,0,0,0,0,0,0,0}}
]
13:52:47.629 INFO  [main] SudokuBoard - Warto?? 0 wstawiona nieprawid?owo
13:52:47.629 INFO  [main] SudokuBoard - B?ad w kwadracie 0
sudoku.model.SudokuBoard@5bdef8ee[
  size=9
  solver=sudoku.model.BacktrackingSudokuSolver@345d4ecb
  board={{9,5,7,8,6,1,2,3,4},{4,6,3,9,5,2,1,7,8},{8,1,2,7,3,4,5,9,6},{2,3,6,1,9,7,8,4,5},{7,4,9,2,8,5,3,6,1},{1,8,5,6,4,3,7,2,9},{3,7,8,4,1,9,6,5,2},{5,9,4,3,2,0,0,0,0},{0,0,0,0,0,0,0,0,0}}
]
13:52:47.629 INFO  [main] SudokuBoard - Warto?? 0 wstawiona nieprawid?owo
13:52:47.630 INFO  [main] SudokuBoard - B?ad w kwadracie 0
sudoku.model.SudokuBoard@5bdef8ee[
  size=9
  solver=sudoku.model.BacktrackingSudokuSolver@345d4ecb
  board={{9,5,7,8,6,1,2,3,4},{4,6,3,9,5,2,1,7,8},{8,1,2,7,3,4,5,9,6},{2,3,6,1,9,7,8,4,5},{7,4,9,2,8,5,3,6,1},{1,8,5,6,4,3,7,2,9},{3,7,8,4,1,9,6,5,2},{5,9,4,3,0,0,0,0,0},{0,0,0,0,0,0,0,0,0}}
]
13:52:47.630 INFO  [main] SudokuBoard - Warto?? 0 wstawiona nieprawid?owo
13:52:47.630 INFO  [main] SudokuBoard - B?ad w kwadracie 0
sudoku.model.SudokuBoard@5bdef8ee[
  size=9
  solver=sudoku.model.BacktrackingSudokuSolver@345d4ecb
  board={{9,5,7,8,6,1,2,3,4},{4,6,3,9,5,2,1,7,8},{8,1,2,7,3,4,5,9,6},{2,3,6,1,9,7,8,4,5},{7,4,9,2,8,5,3,6,1},{1,8,5,6,4,3,7,2,9},{3,7,8,4,1,9,6,5,2},{5,9,4,3,7,0,0,0,0},{0,0,0,0,0,0,0,0,0}}
]
13:52:47.630 INFO  [main] SudokuBoard - Warto?? 0 wstawiona nieprawid?owo
13:52:47.630 INFO  [main] SudokuBoard - B?ad w kwadracie 0
sudoku.model.SudokuBoard@5bdef8ee[
  size=9
  solver=sudoku.model.BacktrackingSudokuSolver@345d4ecb
  board={{9,5,7,8,6,1,2,3,4},{4,6,3,9,5,2,1,7,8},{8,1,2,7,3,4,5,9,6},{2,3,6,1,9,7,8,4,5},{7,4,9,2,8,5,3,6,1},{1,8,5,6,4,3,7,2,9},{3,7,8,4,1,9,6,5,2},{5,9,4,3,7,0,0,0,0},{0,0,0,0,0,0,0,0,0}}
]
13:52:47.630 INFO  [main] SudokuBoard - Warto?? 0 wstawiona nieprawid?owo
13:52:47.631 INFO  [main] SudokuBoard - B?ad w kwadracie 0
sudoku.model.SudokuBoard@5bdef8ee[
  size=9
  solver=sudoku.model.BacktrackingSudokuSolver@345d4ecb
  board={{9,5,7,8,6,1,2,3,4},{4,6,3,9,5,2,1,7,8},{8,1,2,7,3,4,5,9,6},{2,3,6,1,9,7,8,4,5},{7,4,9,2,8,5,3,6,1},{1,8,5,6,4,3,7,2,9},{3,7,8,4,1,9,6,5,2},{5,9,4,3,0,0,0,0,0},{0,0,0,0,0,0,0,0,0}}
]
13:52:47.631 INFO  [main] SudokuBoard - Warto?? 0 wstawiona nieprawid?owo
13:52:47.631 INFO  [main] SudokuBoard - B?ad w kwadracie 0
sudoku.model.SudokuBoard@5bdef8ee[
  size=9
  solver=sudoku.model.BacktrackingSudokuSolver@345d4ecb
  board={{9,5,7,8,6,1,2,3,4},{4,6,3,9,5,2,1,7,8},{8,1,2,7,3,4,5,9,6},{2,3,6,1,9,7,8,4,5},{7,4,9,2,8,5,3,6,1},{1,8,5,6,4,3,7,2,9},{3,7,8,4,1,9,6,5,2},{5,9,4,0,0,0,0,0,0},{0,0,0,0,0,0,0,0,0}}
]
13:52:47.631 INFO  [main] SudokuBoard - Warto?? 0 wstawiona nieprawid?owo
13:52:47.631 INFO  [main] SudokuBoard - B?ad w kwadracie 0
sudoku.model.SudokuBoard@5bdef8ee[
  size=9
  solver=sudoku.model.BacktrackingSudokuSolver@345d4ecb
  board={{9,5,7,8,6,1,2,3,4},{4,6,3,9,5,2,1,7,8},{8,1,2,7,3,4,5,9,6},{2,3,6,1,9,7,8,4,5},{7,4,9,2,8,5,3,6,1},{1,8,5,6,4,3,7,2,9},{3,7,8,4,1,9,6,5,2},{5,9,0,0,0,0,0,0,0},{0,0,0,0,0,0,0,0,0}}
]
13:52:47.631 INFO  [main] SudokuBoard - Warto?? 0 wstawiona nieprawid?owo
sudoku.model.SudokuBoard@66e44f9f[
  size=9
  solver=sudoku.model.BacktrackingSudokuSolver@345d4ecb
  board={{9,5,7,8,6,1,2,3,4},{4,6,3,9,5,2,1,7,8},{8,1,2,7,3,4,5,9,6},{2,3,6,1,9,7,8,4,5},{7,4,9,2,8,5,3,6,1},{1,8,5,6,4,3,7,2,9},{3,7,8,4,1,9,6,5,2},{5,9,1,3,2,6,4,8,7},{6,2,4,5,7,8,9,1,3}}
]
]]></system-out>
  </testcase>
  <testcase name="checkBoardTestRowFalse" classname="sudoku.model.SudokuBoardTest" time="0.07">
    <system-out><![CDATA[13:52:47.639 INFO  [main] SudokuBoard - B?ad w kwadracie 0
sudoku.model.SudokuBoard@79f82fc4[
  size=9
  solver=sudoku.model.BacktrackingSudokuSolver@554db19d
  board={{6,3,5,2,9,1,7,8,4},{8,7,4,3,5,6,1,9,2},{2,9,1,4,7,8,3,5,6},{3,8,6,7,1,2,5,4,9},{7,2,9,6,8,0,0,0,0},{0,0,0,0,0,0,0,0,0},{0,0,0,0,0,0,0,0,0},{0,0,0,0,0,0,0,0,0},{0,0,0,0,0,0,0,0,0}}
]
13:52:47.639 INFO  [main] SudokuBoard - Warto?? 0 wstawiona nieprawid?owo
13:52:47.639 INFO  [main] SudokuBoard - B?ad w kwadracie 0
sudoku.model.SudokuBoard@79f82fc4[
  size=9
  solver=sudoku.model.BacktrackingSudokuSolver@554db19d
  board={{6,3,5,2,9,1,7,8,4},{8,7,4,3,5,6,1,9,2},{2,9,1,4,7,8,3,5,6},{3,8,6,7,1,2,5,4,9},{7,2,9,6,8,0,0,0,0},{0,0,0,0,0,0,0,0,0},{0,0,0,0,0,0,0,0,0},{0,0,0,0,0,0,0,0,0},{0,0,0,0,0,0,0,0,0}}
]
13:52:47.639 INFO  [main] SudokuBoard - Warto?? 0 wstawiona nieprawid?owo
13:52:47.640 INFO  [main] SudokuBoard - B?ad w kwadracie 0
sudoku.model.SudokuBoard@79f82fc4[
  size=9
  solver=sudoku.model.BacktrackingSudokuSolver@554db19d
  board={{6,3,5,2,9,1,7,8,4},{8,7,4,3,5,6,1,9,2},{2,9,1,4,7,8,3,5,6},{3,8,6,7,1,2,5,4,9},{7,2,9,6,8,0,0,0,0},{0,0,0,0,0,0,0,0,0},{0,0,0,0,0,0,0,0,0},{0,0,0,0,0,0,0,0,0},{0,0,0,0,0,0,0,0,0}}
]
13:52:47.640 INFO  [main] SudokuBoard - Warto?? 0 wstawiona nieprawid?owo
13:52:47.640 INFO  [main] SudokuBoard - B?ad w kwadracie 0
sudoku.model.SudokuBoard@79f82fc4[
  size=9
  solver=sudoku.model.BacktrackingSudokuSolver@554db19d
  board={{6,3,5,2,9,1,7,8,4},{8,7,4,3,5,6,1,9,2},{2,9,1,4,7,8,3,5,6},{3,8,6,7,1,2,5,4,9},{7,2,9,6,0,0,0,0,0},{0,0,0,0,0,0,0,0,0},{0,0,0,0,0,0,0,0,0},{0,0,0,0,0,0,0,0,0},{0,0,0,0,0,0,0,0,0}}
]
13:52:47.640 INFO  [main] SudokuBoard - Warto?? 0 wstawiona nieprawid?owo
13:52:47.640 INFO  [main] SudokuBoard - B?ad w kwadracie 0
sudoku.model.SudokuBoard@79f82fc4[
  size=9
  solver=sudoku.model.BacktrackingSudokuSolver@554db19d
  board={{6,3,5,2,9,1,7,8,4},{8,7,4,3,5,6,1,9,2},{2,9,1,4,7,8,3,5,6},{3,8,6,7,1,2,5,4,9},{7,2,9,6,3,4,8,0,0},{0,0,0,0,0,0,0,0,0},{0,0,0,0,0,0,0,0,0},{0,0,0,0,0,0,0,0,0},{0,0,0,0,0,0,0,0,0}}
]
13:52:47.641 INFO  [main] SudokuBoard - Warto?? 0 wstawiona nieprawid?owo
13:52:47.641 INFO  [main] SudokuBoard - B?ad w kwadracie 0
sudoku.model.SudokuBoard@79f82fc4[
  size=9
  solver=sudoku.model.BacktrackingSudokuSolver@554db19d
  board={{6,3,5,2,9,1,7,8,4},{8,7,4,3,5,6,1,9,2},{2,9,1,4,7,8,3,5,6},{3,8,6,7,1,2,5,4,9},{7,2,9,6,3,4,0,0,0},{0,0,0,0,0,0,0,0,0},{0,0,0,0,0,0,0,0,0},{0,0,0,0,0,0,0,0,0},{0,0,0,0,0,0,0,0,0}}
]
13:52:47.641 INFO  [main] SudokuBoard - Warto?? 0 wstawiona nieprawid?owo
13:52:47.641 INFO  [main] SudokuBoard - B?ad w kwadracie 0
sudoku.model.SudokuBoard@79f82fc4[
  size=9
  solver=sudoku.model.BacktrackingSudokuSolver@554db19d
  board={{6,3,5,2,9,1,7,8,4},{8,7,4,3,5,6,1,9,2},{2,9,1,4,7,8,3,5,6},{3,8,6,7,1,2,5,4,9},{7,2,9,6,3,0,0,0,0},{0,0,0,0,0,0,0,0,0},{0,0,0,0,0,0,0,0,0},{0,0,0,0,0,0,0,0,0},{0,0,0,0,0,0,0,0,0}}
]
13:52:47.641 INFO  [main] SudokuBoard - Warto?? 0 wstawiona nieprawid?owo
13:52:47.642 INFO  [main] SudokuBoard - B?ad w kwadracie 0
sudoku.model.SudokuBoard@79f82fc4[
  size=9
  solver=sudoku.model.BacktrackingSudokuSolver@554db19d
  board={{6,3,5,2,9,1,7,8,4},{8,7,4,3,5,6,1,9,2},{2,9,1,4,7,8,3,5,6},{3,8,6,7,1,2,5,4,9},{7,2,9,6,3,5,8,0,0},{0,0,0,0,0,0,0,0,0},{0,0,0,0,0,0,0,0,0},{0,0,0,0,0,0,0,0,0},{0,0,0,0,0,0,0,0,0}}
]
13:52:47.642 INFO  [main] SudokuBoard - Warto?? 0 wstawiona nieprawid?owo
13:52:47.642 INFO  [main] SudokuBoard - B?ad w kwadracie 0
sudoku.model.SudokuBoard@79f82fc4[
  size=9
  solver=sudoku.model.BacktrackingSudokuSolver@554db19d
  board={{6,3,5,2,9,1,7,8,4},{8,7,4,3,5,6,1,9,2},{2,9,1,4,7,8,3,5,6},{3,8,6,7,1,2,5,4,9},{7,2,9,6,3,5,0,0,0},{0,0,0,0,0,0,0,0,0},{0,0,0,0,0,0,0,0,0},{0,0,0,0,0,0,0,0,0},{0,0,0,0,0,0,0,0,0}}
]
13:52:47.642 INFO  [main] SudokuBoard - Warto?? 0 wstawiona nieprawid?owo
13:52:47.643 INFO  [main] SudokuBoard - B?ad w kwadracie 0
sudoku.model.SudokuBoard@79f82fc4[
  size=9
  solver=sudoku.model.BacktrackingSudokuSolver@554db19d
  board={{6,3,5,2,9,1,7,8,4},{8,7,4,3,5,6,1,9,2},{2,9,1,4,7,8,3,5,6},{3,8,6,7,1,2,5,4,9},{7,2,9,6,3,0,0,0,0},{0,0,0,0,0,0,0,0,0},{0,0,0,0,0,0,0,0,0},{0,0,0,0,0,0,0,0,0},{0,0,0,0,0,0,0,0,0}}
]
13:52:47.643 INFO  [main] SudokuBoard - Warto?? 0 wstawiona nieprawid?owo
13:52:47.643 INFO  [main] SudokuBoard - B?ad w kwadracie 0
sudoku.model.SudokuBoard@79f82fc4[
  size=9
  solver=sudoku.model.BacktrackingSudokuSolver@554db19d
  board={{6,3,5,2,9,1,7,8,4},{8,7,4,3,5,6,1,9,2},{2,9,1,4,7,8,3,5,6},{3,8,6,7,1,2,5,4,9},{7,2,9,6,0,0,0,0,0},{0,0,0,0,0,0,0,0,0},{0,0,0,0,0,0,0,0,0},{0,0,0,0,0,0,0,0,0},{0,0,0,0,0,0,0,0,0}}
]
13:52:47.643 INFO  [main] SudokuBoard - Warto?? 0 wstawiona nieprawid?owo
13:52:47.644 INFO  [main] SudokuBoard - B?ad w kwadracie 0
sudoku.model.SudokuBoard@79f82fc4[
  size=9
  solver=sudoku.model.BacktrackingSudokuSolver@554db19d
  board={{6,3,5,2,9,1,7,8,4},{8,7,4,3,5,6,1,9,2},{2,9,1,4,7,8,3,5,6},{3,8,6,7,1,2,5,4,9},{7,2,9,6,4,3,8,0,0},{0,0,0,0,0,0,0,0,0},{0,0,0,0,0,0,0,0,0},{0,0,0,0,0,0,0,0,0},{0,0,0,0,0,0,0,0,0}}
]
13:52:47.644 INFO  [main] SudokuBoard - Warto?? 0 wstawiona nieprawid?owo
13:52:47.644 INFO  [main] SudokuBoard - B?ad w kwadracie 0
sudoku.model.SudokuBoard@79f82fc4[
  size=9
  solver=sudoku.model.BacktrackingSudokuSolver@554db19d
  board={{6,3,5,2,9,1,7,8,4},{8,7,4,3,5,6,1,9,2},{2,9,1,4,7,8,3,5,6},{3,8,6,7,1,2,5,4,9},{7,2,9,6,4,3,0,0,0},{0,0,0,0,0,0,0,0,0},{0,0,0,0,0,0,0,0,0},{0,0,0,0,0,0,0,0,0},{0,0,0,0,0,0,0,0,0}}
]
13:52:47.644 INFO  [main] SudokuBoard - Warto?? 0 wstawiona nieprawid?owo
13:52:47.644 INFO  [main] SudokuBoard - B?ad w kwadracie 0
sudoku.model.SudokuBoard@79f82fc4[
  size=9
  solver=sudoku.model.BacktrackingSudokuSolver@554db19d
  board={{6,3,5,2,9,1,7,8,4},{8,7,4,3,5,6,1,9,2},{2,9,1,4,7,8,3,5,6},{3,8,6,7,1,2,5,4,9},{7,2,9,6,4,0,0,0,0},{0,0,0,0,0,0,0,0,0},{0,0,0,0,0,0,0,0,0},{0,0,0,0,0,0,0,0,0},{0,0,0,0,0,0,0,0,0}}
]
13:52:47.644 INFO  [main] SudokuBoard - Warto?? 0 wstawiona nieprawid?owo
13:52:47.645 INFO  [main] SudokuBoard - B?ad w kwadracie 0
sudoku.model.SudokuBoard@79f82fc4[
  size=9
  solver=sudoku.model.BacktrackingSudokuSolver@554db19d
  board={{6,3,5,2,9,1,7,8,4},{8,7,4,3,5,6,1,9,2},{2,9,1,4,7,8,3,5,6},{3,8,6,7,1,2,5,4,9},{7,2,9,6,4,5,8,1,3},{1,0,0,0,0,0,0,0,0},{0,0,0,0,0,0,0,0,0},{0,0,0,0,0,0,0,0,0},{0,0,0,0,0,0,0,0,0}}
]
13:52:47.645 INFO  [main] SudokuBoard - Warto?? 0 wstawiona nieprawid?owo
13:52:47.645 INFO  [main] SudokuBoard - B?ad w kwadracie 0
sudoku.model.SudokuBoard@79f82fc4[
  size=9
  solver=sudoku.model.BacktrackingSudokuSolver@554db19d
  board={{6,3,5,2,9,1,7,8,4},{8,7,4,3,5,6,1,9,2},{2,9,1,4,7,8,3,5,6},{3,8,6,7,1,2,5,4,9},{7,2,9,6,4,5,8,1,3},{1,0,0,0,0,0,0,0,0},{0,0,0,0,0,0,0,0,0},{0,0,0,0,0,0,0,0,0},{0,0,0,0,0,0,0,0,0}}
]
13:52:47.645 INFO  [main] SudokuBoard - Warto?? 0 wstawiona nieprawid?owo
13:52:47.645 INFO  [main] SudokuBoard - B?ad w kwadracie 0
sudoku.model.SudokuBoard@79f82fc4[
  size=9
  solver=sudoku.model.BacktrackingSudokuSolver@554db19d
  board={{6,3,5,2,9,1,7,8,4},{8,7,4,3,5,6,1,9,2},{2,9,1,4,7,8,3,5,6},{3,8,6,7,1,2,5,4,9},{7,2,9,6,4,5,8,1,3},{0,0,0,0,0,0,0,0,0},{0,0,0,0,0,0,0,0,0},{0,0,0,0,0,0,0,0,0},{0,0,0,0,0,0,0,0,0}}
]
13:52:47.645 INFO  [main] SudokuBoard - Warto?? 0 wstawiona nieprawid?owo
13:52:47.646 INFO  [main] SudokuBoard - B?ad w kwadracie 0
sudoku.model.SudokuBoard@79f82fc4[
  size=9
  solver=sudoku.model.BacktrackingSudokuSolver@554db19d
  board={{6,3,5,2,9,1,7,8,4},{8,7,4,3,5,6,1,9,2},{2,9,1,4,7,8,3,5,6},{3,8,6,7,1,2,5,4,9},{7,2,9,6,4,5,8,1,3},{4,0,0,0,0,0,0,0,0},{0,0,0,0,0,0,0,0,0},{0,0,0,0,0,0,0,0,0},{0,0,0,0,0,0,0,0,0}}
]
13:52:47.646 INFO  [main] SudokuBoard - Warto?? 0 wstawiona nieprawid?owo
13:52:47.646 INFO  [main] SudokuBoard - B?ad w kwadracie 0
sudoku.model.SudokuBoard@79f82fc4[
  size=9
  solver=sudoku.model.BacktrackingSudokuSolver@554db19d
  board={{6,3,5,2,9,1,7,8,4},{8,7,4,3,5,6,1,9,2},{2,9,1,4,7,8,3,5,6},{3,8,6,7,1,2,5,4,9},{7,2,9,6,4,5,8,1,3},{4,0,0,0,0,0,0,0,0},{0,0,0,0,0,0,0,0,0},{0,0,0,0,0,0,0,0,0},{0,0,0,0,0,0,0,0,0}}
]
13:52:47.646 INFO  [main] SudokuBoard - Warto?? 0 wstawiona nieprawid?owo
13:52:47.646 INFO  [main] SudokuBoard - B?ad w kwadracie 0
sudoku.model.SudokuBoard@79f82fc4[
  size=9
  solver=sudoku.model.BacktrackingSudokuSolver@554db19d
  board={{6,3,5,2,9,1,7,8,4},{8,7,4,3,5,6,1,9,2},{2,9,1,4,7,8,3,5,6},{3,8,6,7,1,2,5,4,9},{7,2,9,6,4,5,8,1,3},{0,0,0,0,0,0,0,0,0},{0,0,0,0,0,0,0,0,0},{0,0,0,0,0,0,0,0,0},{0,0,0,0,0,0,0,0,0}}
]
13:52:47.646 INFO  [main] SudokuBoard - Warto?? 0 wstawiona nieprawid?owo
13:52:47.647 INFO  [main] SudokuBoard - B?ad w kwadracie 0
sudoku.model.SudokuBoard@79f82fc4[
  size=9
  solver=sudoku.model.BacktrackingSudokuSolver@554db19d
  board={{6,3,5,2,9,1,7,8,4},{8,7,4,3,5,6,1,9,2},{2,9,1,4,7,8,3,5,6},{3,8,6,7,1,2,5,4,9},{7,2,9,6,4,5,8,1,3},{5,0,0,0,0,0,0,0,0},{0,0,0,0,0,0,0,0,0},{0,0,0,0,0,0,0,0,0},{0,0,0,0,0,0,0,0,0}}
]
13:52:47.647 INFO  [main] SudokuBoard - Warto?? 0 wstawiona nieprawid?owo
13:52:47.647 INFO  [main] SudokuBoard - B?ad w kwadracie 0
sudoku.model.SudokuBoard@79f82fc4[
  size=9
  solver=sudoku.model.BacktrackingSudokuSolver@554db19d
  board={{6,3,5,2,9,1,7,8,4},{8,7,4,3,5,6,1,9,2},{2,9,1,4,7,8,3,5,6},{3,8,6,7,1,2,5,4,9},{7,2,9,6,4,5,8,1,3},{5,0,0,0,0,0,0,0,0},{0,0,0,0,0,0,0,0,0},{0,0,0,0,0,0,0,0,0},{0,0,0,0,0,0,0,0,0}}
]
13:52:47.647 INFO  [main] SudokuBoard - Warto?? 0 wstawiona nieprawid?owo
13:52:47.647 INFO  [main] SudokuBoard - B?ad w kwadracie 0
sudoku.model.SudokuBoard@79f82fc4[
  size=9
  solver=sudoku.model.BacktrackingSudokuSolver@554db19d
  board={{6,3,5,2,9,1,7,8,4},{8,7,4,3,5,6,1,9,2},{2,9,1,4,7,8,3,5,6},{3,8,6,7,1,2,5,4,9},{7,2,9,6,4,5,8,1,3},{0,0,0,0,0,0,0,0,0},{0,0,0,0,0,0,0,0,0},{0,0,0,0,0,0,0,0,0},{0,0,0,0,0,0,0,0,0}}
]
13:52:47.647 INFO  [main] SudokuBoard - Warto?? 0 wstawiona nieprawid?owo
13:52:47.648 INFO  [main] SudokuBoard - B?ad w kwadracie 0
sudoku.model.SudokuBoard@79f82fc4[
  size=9
  solver=sudoku.model.BacktrackingSudokuSolver@554db19d
  board={{6,3,5,2,9,1,7,8,4},{8,7,4,3,5,6,1,9,2},{2,9,1,4,7,8,3,5,6},{3,8,6,7,1,2,5,4,9},{7,2,9,6,4,5,8,1,0},{0,0,0,0,0,0,0,0,0},{0,0,0,0,0,0,0,0,0},{0,0,0,0,0,0,0,0,0},{0,0,0,0,0,0,0,0,0}}
]
13:52:47.648 INFO  [main] SudokuBoard - Warto?? 0 wstawiona nieprawid?owo
13:52:47.648 INFO  [main] SudokuBoard - B?ad w kwadracie 0
sudoku.model.SudokuBoard@79f82fc4[
  size=9
  solver=sudoku.model.BacktrackingSudokuSolver@554db19d
  board={{6,3,5,2,9,1,7,8,4},{8,7,4,3,5,6,1,9,2},{2,9,1,4,7,8,3,5,6},{3,8,6,7,1,2,5,4,9},{7,2,9,6,4,5,8,0,0},{0,0,0,0,0,0,0,0,0},{0,0,0,0,0,0,0,0,0},{0,0,0,0,0,0,0,0,0},{0,0,0,0,0,0,0,0,0}}
]
13:52:47.648 INFO  [main] SudokuBoard - Warto?? 0 wstawiona nieprawid?owo
13:52:47.648 INFO  [main] SudokuBoard - B?ad w kwadracie 0
sudoku.model.SudokuBoard@79f82fc4[
  size=9
  solver=sudoku.model.BacktrackingSudokuSolver@554db19d
  board={{6,3,5,2,9,1,7,8,4},{8,7,4,3,5,6,1,9,2},{2,9,1,4,7,8,3,5,6},{3,8,6,7,1,2,5,4,9},{7,2,9,6,4,5,8,3,1},{5,0,0,0,0,0,0,0,0},{0,0,0,0,0,0,0,0,0},{0,0,0,0,0,0,0,0,0},{0,0,0,0,0,0,0,0,0}}
]
13:52:47.648 INFO  [main] SudokuBoard - Warto?? 0 wstawiona nieprawid?owo
13:52:47.648 INFO  [main] SudokuBoard - B?ad w kwadracie 0
sudoku.model.SudokuBoard@79f82fc4[
  size=9
  solver=sudoku.model.BacktrackingSudokuSolver@554db19d
  board={{6,3,5,2,9,1,7,8,4},{8,7,4,3,5,6,1,9,2},{2,9,1,4,7,8,3,5,6},{3,8,6,7,1,2,5,4,9},{7,2,9,6,4,5,8,3,1},{5,0,0,0,0,0,0,0,0},{0,0,0,0,0,0,0,0,0},{0,0,0,0,0,0,0,0,0},{0,0,0,0,0,0,0,0,0}}
]
13:52:47.649 INFO  [main] SudokuBoard - Warto?? 0 wstawiona nieprawid?owo
13:52:47.649 INFO  [main] SudokuBoard - B?ad w kwadracie 0
sudoku.model.SudokuBoard@79f82fc4[
  size=9
  solver=sudoku.model.BacktrackingSudokuSolver@554db19d
  board={{6,3,5,2,9,1,7,8,4},{8,7,4,3,5,6,1,9,2},{2,9,1,4,7,8,3,5,6},{3,8,6,7,1,2,5,4,9},{7,2,9,6,4,5,8,3,1},{0,0,0,0,0,0,0,0,0},{0,0,0,0,0,0,0,0,0},{0,0,0,0,0,0,0,0,0},{0,0,0,0,0,0,0,0,0}}
]
13:52:47.649 INFO  [main] SudokuBoard - Warto?? 0 wstawiona nieprawid?owo
13:52:47.649 INFO  [main] SudokuBoard - B?ad w kwadracie 0
sudoku.model.SudokuBoard@79f82fc4[
  size=9
  solver=sudoku.model.BacktrackingSudokuSolver@554db19d
  board={{6,3,5,2,9,1,7,8,4},{8,7,4,3,5,6,1,9,2},{2,9,1,4,7,8,3,5,6},{3,8,6,7,1,2,5,4,9},{7,2,9,6,4,5,8,3,1},{1,0,0,0,0,0,0,0,0},{0,0,0,0,0,0,0,0,0},{0,0,0,0,0,0,0,0,0},{0,0,0,0,0,0,0,0,0}}
]
13:52:47.649 INFO  [main] SudokuBoard - Warto?? 0 wstawiona nieprawid?owo
13:52:47.649 INFO  [main] SudokuBoard - B?ad w kwadracie 0
sudoku.model.SudokuBoard@79f82fc4[
  size=9
  solver=sudoku.model.BacktrackingSudokuSolver@554db19d
  board={{6,3,5,2,9,1,7,8,4},{8,7,4,3,5,6,1,9,2},{2,9,1,4,7,8,3,5,6},{3,8,6,7,1,2,5,4,9},{7,2,9,6,4,5,8,3,1},{1,0,0,0,0,0,0,0,0},{0,0,0,0,0,0,0,0,0},{0,0,0,0,0,0,0,0,0},{0,0,0,0,0,0,0,0,0}}
]
13:52:47.649 INFO  [main] SudokuBoard - Warto?? 0 wstawiona nieprawid?owo
13:52:47.650 INFO  [main] SudokuBoard - B?ad w kwadracie 0
sudoku.model.SudokuBoard@79f82fc4[
  size=9
  solver=sudoku.model.BacktrackingSudokuSolver@554db19d
  board={{6,3,5,2,9,1,7,8,4},{8,7,4,3,5,6,1,9,2},{2,9,1,4,7,8,3,5,6},{3,8,6,7,1,2,5,4,9},{7,2,9,6,4,5,8,3,1},{0,0,0,0,0,0,0,0,0},{0,0,0,0,0,0,0,0,0},{0,0,0,0,0,0,0,0,0},{0,0,0,0,0,0,0,0,0}}
]
13:52:47.650 INFO  [main] SudokuBoard - Warto?? 0 wstawiona nieprawid?owo
13:52:47.651 INFO  [main] SudokuBoard - B?ad w kwadracie 0
sudoku.model.SudokuBoard@79f82fc4[
  size=9
  solver=sudoku.model.BacktrackingSudokuSolver@554db19d
  board={{6,3,5,2,9,1,7,8,4},{8,7,4,3,5,6,1,9,2},{2,9,1,4,7,8,3,5,6},{3,8,6,7,1,2,5,4,9},{7,2,9,6,4,5,8,3,1},{4,0,0,0,0,0,0,0,0},{0,0,0,0,0,0,0,0,0},{0,0,0,0,0,0,0,0,0},{0,0,0,0,0,0,0,0,0}}
]
13:52:47.651 INFO  [main] SudokuBoard - Warto?? 0 wstawiona nieprawid?owo
13:52:47.651 INFO  [main] SudokuBoard - B?ad w kwadracie 0
sudoku.model.SudokuBoard@79f82fc4[
  size=9
  solver=sudoku.model.BacktrackingSudokuSolver@554db19d
  board={{6,3,5,2,9,1,7,8,4},{8,7,4,3,5,6,1,9,2},{2,9,1,4,7,8,3,5,6},{3,8,6,7,1,2,5,4,9},{7,2,9,6,4,5,8,3,1},{4,0,0,0,0,0,0,0,0},{0,0,0,0,0,0,0,0,0},{0,0,0,0,0,0,0,0,0},{0,0,0,0,0,0,0,0,0}}
]
13:52:47.651 INFO  [main] SudokuBoard - Warto?? 0 wstawiona nieprawid?owo
13:52:47.651 INFO  [main] SudokuBoard - B?ad w kwadracie 0
sudoku.model.SudokuBoard@79f82fc4[
  size=9
  solver=sudoku.model.BacktrackingSudokuSolver@554db19d
  board={{6,3,5,2,9,1,7,8,4},{8,7,4,3,5,6,1,9,2},{2,9,1,4,7,8,3,5,6},{3,8,6,7,1,2,5,4,9},{7,2,9,6,4,5,8,3,1},{0,0,0,0,0,0,0,0,0},{0,0,0,0,0,0,0,0,0},{0,0,0,0,0,0,0,0,0},{0,0,0,0,0,0,0,0,0}}
]
13:52:47.651 INFO  [main] SudokuBoard - Warto?? 0 wstawiona nieprawid?owo
13:52:47.652 INFO  [main] SudokuBoard - B?ad w kwadracie 0
sudoku.model.SudokuBoard@79f82fc4[
  size=9
  solver=sudoku.model.BacktrackingSudokuSolver@554db19d
  board={{6,3,5,2,9,1,7,8,4},{8,7,4,3,5,6,1,9,2},{2,9,1,4,7,8,3,5,6},{3,8,6,7,1,2,5,4,9},{7,2,9,6,4,5,8,3,0},{0,0,0,0,0,0,0,0,0},{0,0,0,0,0,0,0,0,0},{0,0,0,0,0,0,0,0,0},{0,0,0,0,0,0,0,0,0}}
]
13:52:47.652 INFO  [main] SudokuBoard - Warto?? 0 wstawiona nieprawid?owo
13:52:47.652 INFO  [main] SudokuBoard - B?ad w kwadracie 0
sudoku.model.SudokuBoard@79f82fc4[
  size=9
  solver=sudoku.model.BacktrackingSudokuSolver@554db19d
  board={{6,3,5,2,9,1,7,8,4},{8,7,4,3,5,6,1,9,2},{2,9,1,4,7,8,3,5,6},{3,8,6,7,1,2,5,4,9},{7,2,9,6,4,5,8,0,0},{0,0,0,0,0,0,0,0,0},{0,0,0,0,0,0,0,0,0},{0,0,0,0,0,0,0,0,0},{0,0,0,0,0,0,0,0,0}}
]
13:52:47.652 INFO  [main] SudokuBoard - Warto?? 0 wstawiona nieprawid?owo
13:52:47.652 INFO  [main] SudokuBoard - B?ad w kwadracie 0
sudoku.model.SudokuBoard@79f82fc4[
  size=9
  solver=sudoku.model.BacktrackingSudokuSolver@554db19d
  board={{6,3,5,2,9,1,7,8,4},{8,7,4,3,5,6,1,9,2},{2,9,1,4,7,8,3,5,6},{3,8,6,7,1,2,5,4,9},{7,2,9,6,4,5,0,0,0},{0,0,0,0,0,0,0,0,0},{0,0,0,0,0,0,0,0,0},{0,0,0,0,0,0,0,0,0},{0,0,0,0,0,0,0,0,0}}
]
13:52:47.652 INFO  [main] SudokuBoard - Warto?? 0 wstawiona nieprawid?owo
13:52:47.652 INFO  [main] SudokuBoard - B?ad w kwadracie 0
sudoku.model.SudokuBoard@79f82fc4[
  size=9
  solver=sudoku.model.BacktrackingSudokuSolver@554db19d
  board={{6,3,5,2,9,1,7,8,4},{8,7,4,3,5,6,1,9,2},{2,9,1,4,7,8,3,5,6},{3,8,6,7,1,2,5,4,9},{7,2,9,6,4,0,0,0,0},{0,0,0,0,0,0,0,0,0},{0,0,0,0,0,0,0,0,0},{0,0,0,0,0,0,0,0,0},{0,0,0,0,0,0,0,0,0}}
]
13:52:47.652 INFO  [main] SudokuBoard - Warto?? 0 wstawiona nieprawid?owo
13:52:47.653 INFO  [main] SudokuBoard - B?ad w kwadracie 0
sudoku.model.SudokuBoard@79f82fc4[
  size=9
  solver=sudoku.model.BacktrackingSudokuSolver@554db19d
  board={{6,3,5,2,9,1,7,8,4},{8,7,4,3,5,6,1,9,2},{2,9,1,4,7,8,3,5,6},{3,8,6,7,1,2,5,4,9},{7,2,9,6,0,0,0,0,0},{0,0,0,0,0,0,0,0,0},{0,0,0,0,0,0,0,0,0},{0,0,0,0,0,0,0,0,0},{0,0,0,0,0,0,0,0,0}}
]
13:52:47.653 INFO  [main] SudokuBoard - Warto?? 0 wstawiona nieprawid?owo
13:52:47.653 INFO  [main] SudokuBoard - B?ad w kwadracie 0
sudoku.model.SudokuBoard@79f82fc4[
  size=9
  solver=sudoku.model.BacktrackingSudokuSolver@554db19d
  board={{6,3,5,2,9,1,7,8,4},{8,7,4,3,5,6,1,9,2},{2,9,1,4,7,8,3,5,6},{3,8,6,7,1,2,5,4,9},{7,2,9,0,0,0,0,0,0},{0,0,0,0,0,0,0,0,0},{0,0,0,0,0,0,0,0,0},{0,0,0,0,0,0,0,0,0},{0,0,0,0,0,0,0,0,0}}
]
13:52:47.653 INFO  [main] SudokuBoard - Warto?? 0 wstawiona nieprawid?owo
13:52:47.654 INFO  [main] SudokuBoard - B?ad w kwadracie 0
sudoku.model.SudokuBoard@79f82fc4[
  size=9
  solver=sudoku.model.BacktrackingSudokuSolver@554db19d
  board={{6,3,5,2,9,1,7,8,4},{8,7,4,3,5,6,1,9,2},{2,9,1,4,7,8,3,5,6},{3,8,6,7,1,2,5,4,9},{7,2,9,8,3,4,6,0,0},{0,0,0,0,0,0,0,0,0},{0,0,0,0,0,0,0,0,0},{0,0,0,0,0,0,0,0,0},{0,0,0,0,0,0,0,0,0}}
]
13:52:47.655 INFO  [main] SudokuBoard - Warto?? 0 wstawiona nieprawid?owo
13:52:47.655 INFO  [main] SudokuBoard - B?ad w kwadracie 0
sudoku.model.SudokuBoard@79f82fc4[
  size=9
  solver=sudoku.model.BacktrackingSudokuSolver@554db19d
  board={{6,3,5,2,9,1,7,8,4},{8,7,4,3,5,6,1,9,2},{2,9,1,4,7,8,3,5,6},{3,8,6,7,1,2,5,4,9},{7,2,9,8,3,4,0,0,0},{0,0,0,0,0,0,0,0,0},{0,0,0,0,0,0,0,0,0},{0,0,0,0,0,0,0,0,0},{0,0,0,0,0,0,0,0,0}}
]
13:52:47.655 INFO  [main] SudokuBoard - Warto?? 0 wstawiona nieprawid?owo
13:52:47.655 INFO  [main] SudokuBoard - B?ad w kwadracie 0
sudoku.model.SudokuBoard@79f82fc4[
  size=9
  solver=sudoku.model.BacktrackingSudokuSolver@554db19d
  board={{6,3,5,2,9,1,7,8,4},{8,7,4,3,5,6,1,9,2},{2,9,1,4,7,8,3,5,6},{3,8,6,7,1,2,5,4,9},{7,2,9,8,3,0,0,0,0},{0,0,0,0,0,0,0,0,0},{0,0,0,0,0,0,0,0,0},{0,0,0,0,0,0,0,0,0},{0,0,0,0,0,0,0,0,0}}
]
13:52:47.655 INFO  [main] SudokuBoard - Warto?? 0 wstawiona nieprawid?owo
13:52:47.655 INFO  [main] SudokuBoard - B?ad w kwadracie 0
sudoku.model.SudokuBoard@79f82fc4[
  size=9
  solver=sudoku.model.BacktrackingSudokuSolver@554db19d
  board={{6,3,5,2,9,1,7,8,4},{8,7,4,3,5,6,1,9,2},{2,9,1,4,7,8,3,5,6},{3,8,6,7,1,2,5,4,9},{7,2,9,8,3,5,6,0,0},{0,0,0,0,0,0,0,0,0},{0,0,0,0,0,0,0,0,0},{0,0,0,0,0,0,0,0,0},{0,0,0,0,0,0,0,0,0}}
]
13:52:47.655 INFO  [main] SudokuBoard - Warto?? 0 wstawiona nieprawid?owo
13:52:47.655 INFO  [main] SudokuBoard - B?ad w kwadracie 0
sudoku.model.SudokuBoard@79f82fc4[
  size=9
  solver=sudoku.model.BacktrackingSudokuSolver@554db19d
  board={{6,3,5,2,9,1,7,8,4},{8,7,4,3,5,6,1,9,2},{2,9,1,4,7,8,3,5,6},{3,8,6,7,1,2,5,4,9},{7,2,9,8,3,5,0,0,0},{0,0,0,0,0,0,0,0,0},{0,0,0,0,0,0,0,0,0},{0,0,0,0,0,0,0,0,0},{0,0,0,0,0,0,0,0,0}}
]
13:52:47.655 INFO  [main] SudokuBoard - Warto?? 0 wstawiona nieprawid?owo
13:52:47.656 INFO  [main] SudokuBoard - B?ad w kwadracie 0
sudoku.model.SudokuBoard@79f82fc4[
  size=9
  solver=sudoku.model.BacktrackingSudokuSolver@554db19d
  board={{6,3,5,2,9,1,7,8,4},{8,7,4,3,5,6,1,9,2},{2,9,1,4,7,8,3,5,6},{3,8,6,7,1,2,5,4,9},{7,2,9,8,3,0,0,0,0},{0,0,0,0,0,0,0,0,0},{0,0,0,0,0,0,0,0,0},{0,0,0,0,0,0,0,0,0},{0,0,0,0,0,0,0,0,0}}
]
13:52:47.656 INFO  [main] SudokuBoard - Warto?? 0 wstawiona nieprawid?owo
13:52:47.656 INFO  [main] SudokuBoard - B?ad w kwadracie 0
sudoku.model.SudokuBoard@79f82fc4[
  size=9
  solver=sudoku.model.BacktrackingSudokuSolver@554db19d
  board={{6,3,5,2,9,1,7,8,4},{8,7,4,3,5,6,1,9,2},{2,9,1,4,7,8,3,5,6},{3,8,6,7,1,2,5,4,9},{7,2,9,8,0,0,0,0,0},{0,0,0,0,0,0,0,0,0},{0,0,0,0,0,0,0,0,0},{0,0,0,0,0,0,0,0,0},{0,0,0,0,0,0,0,0,0}}
]
13:52:47.656 INFO  [main] SudokuBoard - Warto?? 0 wstawiona nieprawid?owo
13:52:47.656 INFO  [main] SudokuBoard - B?ad w kwadracie 0
sudoku.model.SudokuBoard@79f82fc4[
  size=9
  solver=sudoku.model.BacktrackingSudokuSolver@554db19d
  board={{6,3,5,2,9,1,7,8,4},{8,7,4,3,5,6,1,9,2},{2,9,1,4,7,8,3,5,6},{3,8,6,7,1,2,5,4,9},{7,2,9,8,4,3,6,0,0},{0,0,0,0,0,0,0,0,0},{0,0,0,0,0,0,0,0,0},{0,0,0,0,0,0,0,0,0},{0,0,0,0,0,0,0,0,0}}
]
13:52:47.656 INFO  [main] SudokuBoard - Warto?? 0 wstawiona nieprawid?owo
13:52:47.656 INFO  [main] SudokuBoard - B?ad w kwadracie 0
sudoku.model.SudokuBoard@79f82fc4[
  size=9
  solver=sudoku.model.BacktrackingSudokuSolver@554db19d
  board={{6,3,5,2,9,1,7,8,4},{8,7,4,3,5,6,1,9,2},{2,9,1,4,7,8,3,5,6},{3,8,6,7,1,2,5,4,9},{7,2,9,8,4,3,0,0,0},{0,0,0,0,0,0,0,0,0},{0,0,0,0,0,0,0,0,0},{0,0,0,0,0,0,0,0,0},{0,0,0,0,0,0,0,0,0}}
]
13:52:47.656 INFO  [main] SudokuBoard - Warto?? 0 wstawiona nieprawid?owo
13:52:47.656 INFO  [main] SudokuBoard - B?ad w kwadracie 0
sudoku.model.SudokuBoard@79f82fc4[
  size=9
  solver=sudoku.model.BacktrackingSudokuSolver@554db19d
  board={{6,3,5,2,9,1,7,8,4},{8,7,4,3,5,6,1,9,2},{2,9,1,4,7,8,3,5,6},{3,8,6,7,1,2,5,4,9},{7,2,9,8,4,0,0,0,0},{0,0,0,0,0,0,0,0,0},{0,0,0,0,0,0,0,0,0},{0,0,0,0,0,0,0,0,0},{0,0,0,0,0,0,0,0,0}}
]
13:52:47.656 INFO  [main] SudokuBoard - Warto?? 0 wstawiona nieprawid?owo
13:52:47.658 INFO  [main] SudokuBoard - B?ad w kwadracie 0
sudoku.model.SudokuBoard@79f82fc4[
  size=9
  solver=sudoku.model.BacktrackingSudokuSolver@554db19d
  board={{6,3,5,2,9,1,7,8,4},{8,7,4,3,5,6,1,9,2},{2,9,1,4,7,8,3,5,6},{3,8,6,7,1,2,5,4,9},{7,2,9,8,4,5,6,1,3},{1,0,0,0,0,0,0,0,0},{0,0,0,0,0,0,0,0,0},{0,0,0,0,0,0,0,0,0},{0,0,0,0,0,0,0,0,0}}
]
13:52:47.658 INFO  [main] SudokuBoard - Warto?? 0 wstawiona nieprawid?owo
13:52:47.659 INFO  [main] SudokuBoard - B?ad w kwadracie 0
sudoku.model.SudokuBoard@79f82fc4[
  size=9
  solver=sudoku.model.BacktrackingSudokuSolver@554db19d
  board={{6,3,5,2,9,1,7,8,4},{8,7,4,3,5,6,1,9,2},{2,9,1,4,7,8,3,5,6},{3,8,6,7,1,2,5,4,9},{7,2,9,8,4,5,6,1,3},{1,0,0,0,0,0,0,0,0},{0,0,0,0,0,0,0,0,0},{0,0,0,0,0,0,0,0,0},{0,0,0,0,0,0,0,0,0}}
]
13:52:47.659 INFO  [main] SudokuBoard - Warto?? 0 wstawiona nieprawid?owo
13:52:47.659 INFO  [main] SudokuBoard - B?ad w kwadracie 0
sudoku.model.SudokuBoard@79f82fc4[
  size=9
  solver=sudoku.model.BacktrackingSudokuSolver@554db19d
  board={{6,3,5,2,9,1,7,8,4},{8,7,4,3,5,6,1,9,2},{2,9,1,4,7,8,3,5,6},{3,8,6,7,1,2,5,4,9},{7,2,9,8,4,5,6,1,3},{0,0,0,0,0,0,0,0,0},{0,0,0,0,0,0,0,0,0},{0,0,0,0,0,0,0,0,0},{0,0,0,0,0,0,0,0,0}}
]
13:52:47.659 INFO  [main] SudokuBoard - Warto?? 0 wstawiona nieprawid?owo
13:52:47.659 INFO  [main] SudokuBoard - B?ad w kwadracie 0
sudoku.model.SudokuBoard@79f82fc4[
  size=9
  solver=sudoku.model.BacktrackingSudokuSolver@554db19d
  board={{6,3,5,2,9,1,7,8,4},{8,7,4,3,5,6,1,9,2},{2,9,1,4,7,8,3,5,6},{3,8,6,7,1,2,5,4,9},{7,2,9,8,4,5,6,1,3},{4,0,0,0,0,0,0,0,0},{0,0,0,0,0,0,0,0,0},{0,0,0,0,0,0,0,0,0},{0,0,0,0,0,0,0,0,0}}
]
13:52:47.659 INFO  [main] SudokuBoard - Warto?? 0 wstawiona nieprawid?owo
13:52:47.660 INFO  [main] SudokuBoard - B?ad w kwadracie 0
sudoku.model.SudokuBoard@79f82fc4[
  size=9
  solver=sudoku.model.BacktrackingSudokuSolver@554db19d
  board={{6,3,5,2,9,1,7,8,4},{8,7,4,3,5,6,1,9,2},{2,9,1,4,7,8,3,5,6},{3,8,6,7,1,2,5,4,9},{7,2,9,8,4,5,6,1,3},{4,0,0,0,0,0,0,0,0},{0,0,0,0,0,0,0,0,0},{0,0,0,0,0,0,0,0,0},{0,0,0,0,0,0,0,0,0}}
]
13:52:47.660 INFO  [main] SudokuBoard - Warto?? 0 wstawiona nieprawid?owo
13:52:47.660 INFO  [main] SudokuBoard - B?ad w kwadracie 0
sudoku.model.SudokuBoard@79f82fc4[
  size=9
  solver=sudoku.model.BacktrackingSudokuSolver@554db19d
  board={{6,3,5,2,9,1,7,8,4},{8,7,4,3,5,6,1,9,2},{2,9,1,4,7,8,3,5,6},{3,8,6,7,1,2,5,4,9},{7,2,9,8,4,5,6,1,3},{0,0,0,0,0,0,0,0,0},{0,0,0,0,0,0,0,0,0},{0,0,0,0,0,0,0,0,0},{0,0,0,0,0,0,0,0,0}}
]
13:52:47.660 INFO  [main] SudokuBoard - Warto?? 0 wstawiona nieprawid?owo
13:52:47.660 INFO  [main] SudokuBoard - B?ad w kwadracie 0
sudoku.model.SudokuBoard@79f82fc4[
  size=9
  solver=sudoku.model.BacktrackingSudokuSolver@554db19d
  board={{6,3,5,2,9,1,7,8,4},{8,7,4,3,5,6,1,9,2},{2,9,1,4,7,8,3,5,6},{3,8,6,7,1,2,5,4,9},{7,2,9,8,4,5,6,1,3},{5,0,0,0,0,0,0,0,0},{0,0,0,0,0,0,0,0,0},{0,0,0,0,0,0,0,0,0},{0,0,0,0,0,0,0,0,0}}
]
13:52:47.660 INFO  [main] SudokuBoard - Warto?? 0 wstawiona nieprawid?owo
13:52:47.661 INFO  [main] SudokuBoard - B?ad w kwadracie 0
sudoku.model.SudokuBoard@79f82fc4[
  size=9
  solver=sudoku.model.BacktrackingSudokuSolver@554db19d
  board={{6,3,5,2,9,1,7,8,4},{8,7,4,3,5,6,1,9,2},{2,9,1,4,7,8,3,5,6},{3,8,6,7,1,2,5,4,9},{7,2,9,8,4,5,6,1,3},{5,0,0,0,0,0,0,0,0},{0,0,0,0,0,0,0,0,0},{0,0,0,0,0,0,0,0,0},{0,0,0,0,0,0,0,0,0}}
]
13:52:47.661 INFO  [main] SudokuBoard - Warto?? 0 wstawiona nieprawid?owo
13:52:47.661 INFO  [main] SudokuBoard - B?ad w kwadracie 0
sudoku.model.SudokuBoard@79f82fc4[
  size=9
  solver=sudoku.model.BacktrackingSudokuSolver@554db19d
  board={{6,3,5,2,9,1,7,8,4},{8,7,4,3,5,6,1,9,2},{2,9,1,4,7,8,3,5,6},{3,8,6,7,1,2,5,4,9},{7,2,9,8,4,5,6,1,3},{0,0,0,0,0,0,0,0,0},{0,0,0,0,0,0,0,0,0},{0,0,0,0,0,0,0,0,0},{0,0,0,0,0,0,0,0,0}}
]
13:52:47.661 INFO  [main] SudokuBoard - Warto?? 0 wstawiona nieprawid?owo
13:52:47.661 INFO  [main] SudokuBoard - B?ad w kwadracie 0
sudoku.model.SudokuBoard@79f82fc4[
  size=9
  solver=sudoku.model.BacktrackingSudokuSolver@554db19d
  board={{6,3,5,2,9,1,7,8,4},{8,7,4,3,5,6,1,9,2},{2,9,1,4,7,8,3,5,6},{3,8,6,7,1,2,5,4,9},{7,2,9,8,4,5,6,1,0},{0,0,0,0,0,0,0,0,0},{0,0,0,0,0,0,0,0,0},{0,0,0,0,0,0,0,0,0},{0,0,0,0,0,0,0,0,0}}
]
13:52:47.661 INFO  [main] SudokuBoard - Warto?? 0 wstawiona nieprawid?owo
13:52:47.662 INFO  [main] SudokuBoard - B?ad w kwadracie 0
sudoku.model.SudokuBoard@79f82fc4[
  size=9
  solver=sudoku.model.BacktrackingSudokuSolver@554db19d
  board={{6,3,5,2,9,1,7,8,4},{8,7,4,3,5,6,1,9,2},{2,9,1,4,7,8,3,5,6},{3,8,6,7,1,2,5,4,9},{7,2,9,8,4,5,6,0,0},{0,0,0,0,0,0,0,0,0},{0,0,0,0,0,0,0,0,0},{0,0,0,0,0,0,0,0,0},{0,0,0,0,0,0,0,0,0}}
]
13:52:47.662 INFO  [main] SudokuBoard - Warto?? 0 wstawiona nieprawid?owo
13:52:47.662 INFO  [main] SudokuBoard - B?ad w kwadracie 0
sudoku.model.SudokuBoard@79f82fc4[
  size=9
  solver=sudoku.model.BacktrackingSudokuSolver@554db19d
  board={{6,3,5,2,9,1,7,8,4},{8,7,4,3,5,6,1,9,2},{2,9,1,4,7,8,3,5,6},{3,8,6,7,1,2,5,4,9},{7,2,9,8,4,5,6,3,1},{1,0,0,0,0,0,0,0,0},{0,0,0,0,0,0,0,0,0},{0,0,0,0,0,0,0,0,0},{0,0,0,0,0,0,0,0,0}}
]
13:52:47.662 INFO  [main] SudokuBoard - Warto?? 0 wstawiona nieprawid?owo
13:52:47.662 INFO  [main] SudokuBoard - B?ad w kwadracie 0
sudoku.model.SudokuBoard@79f82fc4[
  size=9
  solver=sudoku.model.BacktrackingSudokuSolver@554db19d
  board={{6,3,5,2,9,1,7,8,4},{8,7,4,3,5,6,1,9,2},{2,9,1,4,7,8,3,5,6},{3,8,6,7,1,2,5,4,9},{7,2,9,8,4,5,6,3,1},{1,0,0,0,0,0,0,0,0},{0,0,0,0,0,0,0,0,0},{0,0,0,0,0,0,0,0,0},{0,0,0,0,0,0,0,0,0}}
]
13:52:47.662 INFO  [main] SudokuBoard - Warto?? 0 wstawiona nieprawid?owo
13:52:47.663 INFO  [main] SudokuBoard - B?ad w kwadracie 0
sudoku.model.SudokuBoard@79f82fc4[
  size=9
  solver=sudoku.model.BacktrackingSudokuSolver@554db19d
  board={{6,3,5,2,9,1,7,8,4},{8,7,4,3,5,6,1,9,2},{2,9,1,4,7,8,3,5,6},{3,8,6,7,1,2,5,4,9},{7,2,9,8,4,5,6,3,1},{0,0,0,0,0,0,0,0,0},{0,0,0,0,0,0,0,0,0},{0,0,0,0,0,0,0,0,0},{0,0,0,0,0,0,0,0,0}}
]
13:52:47.663 INFO  [main] SudokuBoard - Warto?? 0 wstawiona nieprawid?owo
13:52:47.663 INFO  [main] SudokuBoard - B?ad w kwadracie 0
sudoku.model.SudokuBoard@79f82fc4[
  size=9
  solver=sudoku.model.BacktrackingSudokuSolver@554db19d
  board={{6,3,5,2,9,1,7,8,4},{8,7,4,3,5,6,1,9,2},{2,9,1,4,7,8,3,5,6},{3,8,6,7,1,2,5,4,9},{7,2,9,8,4,5,6,3,1},{4,0,0,0,0,0,0,0,0},{0,0,0,0,0,0,0,0,0},{0,0,0,0,0,0,0,0,0},{0,0,0,0,0,0,0,0,0}}
]
13:52:47.663 INFO  [main] SudokuBoard - Warto?? 0 wstawiona nieprawid?owo
13:52:47.663 INFO  [main] SudokuBoard - B?ad w kwadracie 0
sudoku.model.SudokuBoard@79f82fc4[
  size=9
  solver=sudoku.model.BacktrackingSudokuSolver@554db19d
  board={{6,3,5,2,9,1,7,8,4},{8,7,4,3,5,6,1,9,2},{2,9,1,4,7,8,3,5,6},{3,8,6,7,1,2,5,4,9},{7,2,9,8,4,5,6,3,1},{4,0,0,0,0,0,0,0,0},{0,0,0,0,0,0,0,0,0},{0,0,0,0,0,0,0,0,0},{0,0,0,0,0,0,0,0,0}}
]
13:52:47.663 INFO  [main] SudokuBoard - Warto?? 0 wstawiona nieprawid?owo
13:52:47.664 INFO  [main] SudokuBoard - B?ad w kwadracie 0
sudoku.model.SudokuBoard@79f82fc4[
  size=9
  solver=sudoku.model.BacktrackingSudokuSolver@554db19d
  board={{6,3,5,2,9,1,7,8,4},{8,7,4,3,5,6,1,9,2},{2,9,1,4,7,8,3,5,6},{3,8,6,7,1,2,5,4,9},{7,2,9,8,4,5,6,3,1},{0,0,0,0,0,0,0,0,0},{0,0,0,0,0,0,0,0,0},{0,0,0,0,0,0,0,0,0},{0,0,0,0,0,0,0,0,0}}
]
13:52:47.664 INFO  [main] SudokuBoard - Warto?? 0 wstawiona nieprawid?owo
13:52:47.664 INFO  [main] SudokuBoard - B?ad w kwadracie 0
sudoku.model.SudokuBoard@79f82fc4[
  size=9
  solver=sudoku.model.BacktrackingSudokuSolver@554db19d
  board={{6,3,5,2,9,1,7,8,4},{8,7,4,3,5,6,1,9,2},{2,9,1,4,7,8,3,5,6},{3,8,6,7,1,2,5,4,9},{7,2,9,8,4,5,6,3,1},{5,0,0,0,0,0,0,0,0},{0,0,0,0,0,0,0,0,0},{0,0,0,0,0,0,0,0,0},{0,0,0,0,0,0,0,0,0}}
]
13:52:47.664 INFO  [main] SudokuBoard - Warto?? 0 wstawiona nieprawid?owo
13:52:47.664 INFO  [main] SudokuBoard - B?ad w kwadracie 0
sudoku.model.SudokuBoard@79f82fc4[
  size=9
  solver=sudoku.model.BacktrackingSudokuSolver@554db19d
  board={{6,3,5,2,9,1,7,8,4},{8,7,4,3,5,6,1,9,2},{2,9,1,4,7,8,3,5,6},{3,8,6,7,1,2,5,4,9},{7,2,9,8,4,5,6,3,1},{5,0,0,0,0,0,0,0,0},{0,0,0,0,0,0,0,0,0},{0,0,0,0,0,0,0,0,0},{0,0,0,0,0,0,0,0,0}}
]
13:52:47.664 INFO  [main] SudokuBoard - Warto?? 0 wstawiona nieprawid?owo
13:52:47.665 INFO  [main] SudokuBoard - B?ad w kwadracie 0
sudoku.model.SudokuBoard@79f82fc4[
  size=9
  solver=sudoku.model.BacktrackingSudokuSolver@554db19d
  board={{6,3,5,2,9,1,7,8,4},{8,7,4,3,5,6,1,9,2},{2,9,1,4,7,8,3,5,6},{3,8,6,7,1,2,5,4,9},{7,2,9,8,4,5,6,3,1},{0,0,0,0,0,0,0,0,0},{0,0,0,0,0,0,0,0,0},{0,0,0,0,0,0,0,0,0},{0,0,0,0,0,0,0,0,0}}
]
13:52:47.665 INFO  [main] SudokuBoard - Warto?? 0 wstawiona nieprawid?owo
13:52:47.665 INFO  [main] SudokuBoard - B?ad w kwadracie 0
sudoku.model.SudokuBoard@79f82fc4[
  size=9
  solver=sudoku.model.BacktrackingSudokuSolver@554db19d
  board={{6,3,5,2,9,1,7,8,4},{8,7,4,3,5,6,1,9,2},{2,9,1,4,7,8,3,5,6},{3,8,6,7,1,2,5,4,9},{7,2,9,8,4,5,6,3,0},{0,0,0,0,0,0,0,0,0},{0,0,0,0,0,0,0,0,0},{0,0,0,0,0,0,0,0,0},{0,0,0,0,0,0,0,0,0}}
]
13:52:47.665 INFO  [main] SudokuBoard - Warto?? 0 wstawiona nieprawid?owo
13:52:47.665 INFO  [main] SudokuBoard - B?ad w kwadracie 0
sudoku.model.SudokuBoard@79f82fc4[
  size=9
  solver=sudoku.model.BacktrackingSudokuSolver@554db19d
  board={{6,3,5,2,9,1,7,8,4},{8,7,4,3,5,6,1,9,2},{2,9,1,4,7,8,3,5,6},{3,8,6,7,1,2,5,4,9},{7,2,9,8,4,5,6,0,0},{0,0,0,0,0,0,0,0,0},{0,0,0,0,0,0,0,0,0},{0,0,0,0,0,0,0,0,0},{0,0,0,0,0,0,0,0,0}}
]
13:52:47.665 INFO  [main] SudokuBoard - Warto?? 0 wstawiona nieprawid?owo
13:52:47.666 INFO  [main] SudokuBoard - B?ad w kwadracie 0
sudoku.model.SudokuBoard@79f82fc4[
  size=9
  solver=sudoku.model.BacktrackingSudokuSolver@554db19d
  board={{6,3,5,2,9,1,7,8,4},{8,7,4,3,5,6,1,9,2},{2,9,1,4,7,8,3,5,6},{3,8,6,7,1,2,5,4,9},{7,2,9,8,4,5,0,0,0},{0,0,0,0,0,0,0,0,0},{0,0,0,0,0,0,0,0,0},{0,0,0,0,0,0,0,0,0},{0,0,0,0,0,0,0,0,0}}
]
13:52:47.666 INFO  [main] SudokuBoard - Warto?? 0 wstawiona nieprawid?owo
13:52:47.666 INFO  [main] SudokuBoard - B?ad w kwadracie 0
sudoku.model.SudokuBoard@79f82fc4[
  size=9
  solver=sudoku.model.BacktrackingSudokuSolver@554db19d
  board={{6,3,5,2,9,1,7,8,4},{8,7,4,3,5,6,1,9,2},{2,9,1,4,7,8,3,5,6},{3,8,6,7,1,2,5,4,9},{7,2,9,8,4,0,0,0,0},{0,0,0,0,0,0,0,0,0},{0,0,0,0,0,0,0,0,0},{0,0,0,0,0,0,0,0,0},{0,0,0,0,0,0,0,0,0}}
]
13:52:47.666 INFO  [main] SudokuBoard - Warto?? 0 wstawiona nieprawid?owo
13:52:47.666 INFO  [main] SudokuBoard - B?ad w kwadracie 0
sudoku.model.SudokuBoard@79f82fc4[
  size=9
  solver=sudoku.model.BacktrackingSudokuSolver@554db19d
  board={{6,3,5,2,9,1,7,8,4},{8,7,4,3,5,6,1,9,2},{2,9,1,4,7,8,3,5,6},{3,8,6,7,1,2,5,4,9},{7,2,9,8,0,0,0,0,0},{0,0,0,0,0,0,0,0,0},{0,0,0,0,0,0,0,0,0},{0,0,0,0,0,0,0,0,0},{0,0,0,0,0,0,0,0,0}}
]
13:52:47.666 INFO  [main] SudokuBoard - Warto?? 0 wstawiona nieprawid?owo
13:52:47.667 INFO  [main] SudokuBoard - B?ad w kwadracie 0
sudoku.model.SudokuBoard@79f82fc4[
  size=9
  solver=sudoku.model.BacktrackingSudokuSolver@554db19d
  board={{6,3,5,2,9,1,7,8,4},{8,7,4,3,5,6,1,9,2},{2,9,1,4,7,8,3,5,6},{3,8,6,7,1,2,5,4,9},{7,2,9,8,6,0,0,0,0},{0,0,0,0,0,0,0,0,0},{0,0,0,0,0,0,0,0,0},{0,0,0,0,0,0,0,0,0},{0,0,0,0,0,0,0,0,0}}
]
13:52:47.667 INFO  [main] SudokuBoard - Warto?? 0 wstawiona nieprawid?owo
13:52:47.667 INFO  [main] SudokuBoard - B?ad w kwadracie 0
sudoku.model.SudokuBoard@79f82fc4[
  size=9
  solver=sudoku.model.BacktrackingSudokuSolver@554db19d
  board={{6,3,5,2,9,1,7,8,4},{8,7,4,3,5,6,1,9,2},{2,9,1,4,7,8,3,5,6},{3,8,6,7,1,2,5,4,9},{7,2,9,8,6,0,0,0,0},{0,0,0,0,0,0,0,0,0},{0,0,0,0,0,0,0,0,0},{0,0,0,0,0,0,0,0,0},{0,0,0,0,0,0,0,0,0}}
]
13:52:47.667 INFO  [main] SudokuBoard - Warto?? 0 wstawiona nieprawid?owo
13:52:47.667 INFO  [main] SudokuBoard - B?ad w kwadracie 0
sudoku.model.SudokuBoard@79f82fc4[
  size=9
  solver=sudoku.model.BacktrackingSudokuSolver@554db19d
  board={{6,3,5,2,9,1,7,8,4},{8,7,4,3,5,6,1,9,2},{2,9,1,4,7,8,3,5,6},{3,8,6,7,1,2,5,4,9},{7,2,9,8,6,0,0,0,0},{0,0,0,0,0,0,0,0,0},{0,0,0,0,0,0,0,0,0},{0,0,0,0,0,0,0,0,0},{0,0,0,0,0,0,0,0,0}}
]
13:52:47.667 INFO  [main] SudokuBoard - Warto?? 0 wstawiona nieprawid?owo
13:52:47.667 INFO  [main] SudokuBoard - B?ad w kwadracie 0
sudoku.model.SudokuBoard@79f82fc4[
  size=9
  solver=sudoku.model.BacktrackingSudokuSolver@554db19d
  board={{6,3,5,2,9,1,7,8,4},{8,7,4,3,5,6,1,9,2},{2,9,1,4,7,8,3,5,6},{3,8,6,7,1,2,5,4,9},{7,2,9,8,0,0,0,0,0},{0,0,0,0,0,0,0,0,0},{0,0,0,0,0,0,0,0,0},{0,0,0,0,0,0,0,0,0},{0,0,0,0,0,0,0,0,0}}
]
13:52:47.668 INFO  [main] SudokuBoard - Warto?? 0 wstawiona nieprawid?owo
13:52:47.668 INFO  [main] SudokuBoard - B?ad w kwadracie 0
sudoku.model.SudokuBoard@79f82fc4[
  size=9
  solver=sudoku.model.BacktrackingSudokuSolver@554db19d
  board={{6,3,5,2,9,1,7,8,4},{8,7,4,3,5,6,1,9,2},{2,9,1,4,7,8,3,5,6},{3,8,6,7,1,2,5,4,9},{7,2,9,0,0,0,0,0,0},{0,0,0,0,0,0,0,0,0},{0,0,0,0,0,0,0,0,0},{0,0,0,0,0,0,0,0,0},{0,0,0,0,0,0,0,0,0}}
]
13:52:47.668 INFO  [main] SudokuBoard - Warto?? 0 wstawiona nieprawid?owo
13:52:47.668 INFO  [main] SudokuBoard - B?ad w kwadracie 0
sudoku.model.SudokuBoard@79f82fc4[
  size=9
  solver=sudoku.model.BacktrackingSudokuSolver@554db19d
  board={{6,3,5,2,9,1,7,8,4},{8,7,4,3,5,6,1,9,2},{2,9,1,4,7,8,3,5,6},{3,8,6,7,1,2,5,4,9},{7,2,9,5,8,3,6,0,0},{0,0,0,0,0,0,0,0,0},{0,0,0,0,0,0,0,0,0},{0,0,0,0,0,0,0,0,0},{0,0,0,0,0,0,0,0,0}}
]
13:52:47.668 INFO  [main] SudokuBoard - Warto?? 0 wstawiona nieprawid?owo
13:52:47.668 INFO  [main] SudokuBoard - B?ad w kwadracie 0
sudoku.model.SudokuBoard@79f82fc4[
  size=9
  solver=sudoku.model.BacktrackingSudokuSolver@554db19d
  board={{6,3,5,2,9,1,7,8,4},{8,7,4,3,5,6,1,9,2},{2,9,1,4,7,8,3,5,6},{3,8,6,7,1,2,5,4,9},{7,2,9,5,8,3,0,0,0},{0,0,0,0,0,0,0,0,0},{0,0,0,0,0,0,0,0,0},{0,0,0,0,0,0,0,0,0},{0,0,0,0,0,0,0,0,0}}
]
13:52:47.668 INFO  [main] SudokuBoard - Warto?? 0 wstawiona nieprawid?owo
13:52:47.669 INFO  [main] SudokuBoard - B?ad w kwadracie 0
sudoku.model.SudokuBoard@79f82fc4[
  size=9
  solver=sudoku.model.BacktrackingSudokuSolver@554db19d
  board={{6,3,5,2,9,1,7,8,4},{8,7,4,3,5,6,1,9,2},{2,9,1,4,7,8,3,5,6},{3,8,6,7,1,2,5,4,9},{7,2,9,5,8,0,0,0,0},{0,0,0,0,0,0,0,0,0},{0,0,0,0,0,0,0,0,0},{0,0,0,0,0,0,0,0,0},{0,0,0,0,0,0,0,0,0}}
]
13:52:47.669 INFO  [main] SudokuBoard - Warto?? 0 wstawiona nieprawid?owo
13:52:47.669 INFO  [main] SudokuBoard - B?ad w kwadracie 0
sudoku.model.SudokuBoard@79f82fc4[
  size=9
  solver=sudoku.model.BacktrackingSudokuSolver@554db19d
  board={{6,3,5,2,9,1,7,8,4},{8,7,4,3,5,6,1,9,2},{2,9,1,4,7,8,3,5,6},{3,8,6,7,1,2,5,4,9},{7,2,9,5,8,4,6,1,3},{1,0,0,0,0,0,0,0,0},{0,0,0,0,0,0,0,0,0},{0,0,0,0,0,0,0,0,0},{0,0,0,0,0,0,0,0,0}}
]
13:52:47.669 INFO  [main] SudokuBoard - Warto?? 0 wstawiona nieprawid?owo
13:52:47.669 INFO  [main] SudokuBoard - B?ad w kwadracie 0
sudoku.model.SudokuBoard@79f82fc4[
  size=9
  solver=sudoku.model.BacktrackingSudokuSolver@554db19d
  board={{6,3,5,2,9,1,7,8,4},{8,7,4,3,5,6,1,9,2},{2,9,1,4,7,8,3,5,6},{3,8,6,7,1,2,5,4,9},{7,2,9,5,8,4,6,1,3},{1,0,0,0,0,0,0,0,0},{0,0,0,0,0,0,0,0,0},{0,0,0,0,0,0,0,0,0},{0,0,0,0,0,0,0,0,0}}
]
13:52:47.669 INFO  [main] SudokuBoard - Warto?? 0 wstawiona nieprawid?owo
13:52:47.669 INFO  [main] SudokuBoard - B?ad w kwadracie 0
sudoku.model.SudokuBoard@79f82fc4[
  size=9
  solver=sudoku.model.BacktrackingSudokuSolver@554db19d
  board={{6,3,5,2,9,1,7,8,4},{8,7,4,3,5,6,1,9,2},{2,9,1,4,7,8,3,5,6},{3,8,6,7,1,2,5,4,9},{7,2,9,5,8,4,6,1,3},{0,0,0,0,0,0,0,0,0},{0,0,0,0,0,0,0,0,0},{0,0,0,0,0,0,0,0,0},{0,0,0,0,0,0,0,0,0}}
]
13:52:47.669 INFO  [main] SudokuBoard - Warto?? 0 wstawiona nieprawid?owo
13:52:47.670 INFO  [main] SudokuBoard - B?ad w kwadracie 0
sudoku.model.SudokuBoard@79f82fc4[
  size=9
  solver=sudoku.model.BacktrackingSudokuSolver@554db19d
  board={{6,3,5,2,9,1,7,8,4},{8,7,4,3,5,6,1,9,2},{2,9,1,4,7,8,3,5,6},{3,8,6,7,1,2,5,4,9},{7,2,9,5,8,4,6,1,3},{4,0,0,0,0,0,0,0,0},{0,0,0,0,0,0,0,0,0},{0,0,0,0,0,0,0,0,0},{0,0,0,0,0,0,0,0,0}}
]
13:52:47.670 INFO  [main] SudokuBoard - Warto?? 0 wstawiona nieprawid?owo
13:52:47.671 INFO  [main] SudokuBoard - B?ad w kwadracie 0
sudoku.model.SudokuBoard@79f82fc4[
  size=9
  solver=sudoku.model.BacktrackingSudokuSolver@554db19d
  board={{6,3,5,2,9,1,7,8,4},{8,7,4,3,5,6,1,9,2},{2,9,1,4,7,8,3,5,6},{3,8,6,7,1,2,5,4,9},{7,2,9,5,8,4,6,1,3},{4,0,0,0,0,0,0,0,0},{0,0,0,0,0,0,0,0,0},{0,0,0,0,0,0,0,0,0},{0,0,0,0,0,0,0,0,0}}
]
13:52:47.672 INFO  [main] SudokuBoard - Warto?? 0 wstawiona nieprawid?owo
13:52:47.672 INFO  [main] SudokuBoard - B?ad w kwadracie 0
sudoku.model.SudokuBoard@79f82fc4[
  size=9
  solver=sudoku.model.BacktrackingSudokuSolver@554db19d
  board={{6,3,5,2,9,1,7,8,4},{8,7,4,3,5,6,1,9,2},{2,9,1,4,7,8,3,5,6},{3,8,6,7,1,2,5,4,9},{7,2,9,5,8,4,6,1,3},{0,0,0,0,0,0,0,0,0},{0,0,0,0,0,0,0,0,0},{0,0,0,0,0,0,0,0,0},{0,0,0,0,0,0,0,0,0}}
]
13:52:47.672 INFO  [main] SudokuBoard - Warto?? 0 wstawiona nieprawid?owo
13:52:47.673 INFO  [main] SudokuBoard - B?ad w kwadracie 0
sudoku.model.SudokuBoard@79f82fc4[
  size=9
  solver=sudoku.model.BacktrackingSudokuSolver@554db19d
  board={{6,3,5,2,9,1,7,8,4},{8,7,4,3,5,6,1,9,2},{2,9,1,4,7,8,3,5,6},{3,8,6,7,1,2,5,4,9},{7,2,9,5,8,4,6,1,3},{5,0,0,0,0,0,0,0,0},{0,0,0,0,0,0,0,0,0},{0,0,0,0,0,0,0,0,0},{0,0,0,0,0,0,0,0,0}}
]
13:52:47.673 INFO  [main] SudokuBoard - Warto?? 0 wstawiona nieprawid?owo
13:52:47.673 INFO  [main] SudokuBoard - B?ad w kwadracie 0
sudoku.model.SudokuBoard@79f82fc4[
  size=9
  solver=sudoku.model.BacktrackingSudokuSolver@554db19d
  board={{6,3,5,2,9,1,7,8,4},{8,7,4,3,5,6,1,9,2},{2,9,1,4,7,8,3,5,6},{3,8,6,7,1,2,5,4,9},{7,2,9,5,8,4,6,1,3},{5,0,0,0,0,0,0,0,0},{0,0,0,0,0,0,0,0,0},{0,0,0,0,0,0,0,0,0},{0,0,0,0,0,0,0,0,0}}
]
13:52:47.673 INFO  [main] SudokuBoard - Warto?? 0 wstawiona nieprawid?owo
13:52:47.673 INFO  [main] SudokuBoard - B?ad w kwadracie 0
sudoku.model.SudokuBoard@79f82fc4[
  size=9
  solver=sudoku.model.BacktrackingSudokuSolver@554db19d
  board={{6,3,5,2,9,1,7,8,4},{8,7,4,3,5,6,1,9,2},{2,9,1,4,7,8,3,5,6},{3,8,6,7,1,2,5,4,9},{7,2,9,5,8,4,6,1,3},{0,0,0,0,0,0,0,0,0},{0,0,0,0,0,0,0,0,0},{0,0,0,0,0,0,0,0,0},{0,0,0,0,0,0,0,0,0}}
]
13:52:47.673 INFO  [main] SudokuBoard - Warto?? 0 wstawiona nieprawid?owo
13:52:47.674 INFO  [main] SudokuBoard - B?ad w kwadracie 0
sudoku.model.SudokuBoard@79f82fc4[
  size=9
  solver=sudoku.model.BacktrackingSudokuSolver@554db19d
  board={{6,3,5,2,9,1,7,8,4},{8,7,4,3,5,6,1,9,2},{2,9,1,4,7,8,3,5,6},{3,8,6,7,1,2,5,4,9},{7,2,9,5,8,4,6,1,0},{0,0,0,0,0,0,0,0,0},{0,0,0,0,0,0,0,0,0},{0,0,0,0,0,0,0,0,0},{0,0,0,0,0,0,0,0,0}}
]
13:52:47.674 INFO  [main] SudokuBoard - Warto?? 0 wstawiona nieprawid?owo
13:52:47.674 INFO  [main] SudokuBoard - B?ad w kwadracie 0
sudoku.model.SudokuBoard@79f82fc4[
  size=9
  solver=sudoku.model.BacktrackingSudokuSolver@554db19d
  board={{6,3,5,2,9,1,7,8,4},{8,7,4,3,5,6,1,9,2},{2,9,1,4,7,8,3,5,6},{3,8,6,7,1,2,5,4,9},{7,2,9,5,8,4,6,0,0},{0,0,0,0,0,0,0,0,0},{0,0,0,0,0,0,0,0,0},{0,0,0,0,0,0,0,0,0},{0,0,0,0,0,0,0,0,0}}
]
13:52:47.674 INFO  [main] SudokuBoard - Warto?? 0 wstawiona nieprawid?owo
13:52:47.674 INFO  [main] SudokuBoard - B?ad w kwadracie 0
sudoku.model.SudokuBoard@79f82fc4[
  size=9
  solver=sudoku.model.BacktrackingSudokuSolver@554db19d
  board={{6,3,5,2,9,1,7,8,4},{8,7,4,3,5,6,1,9,2},{2,9,1,4,7,8,3,5,6},{3,8,6,7,1,2,5,4,9},{7,2,9,5,8,4,6,3,1},{5,0,0,0,0,0,0,0,0},{0,0,0,0,0,0,0,0,0},{0,0,0,0,0,0,0,0,0},{0,0,0,0,0,0,0,0,0}}
]
13:52:47.674 INFO  [main] SudokuBoard - Warto?? 0 wstawiona nieprawid?owo
13:52:47.674 INFO  [main] SudokuBoard - B?ad w kwadracie 0
sudoku.model.SudokuBoard@79f82fc4[
  size=9
  solver=sudoku.model.BacktrackingSudokuSolver@554db19d
  board={{6,3,5,2,9,1,7,8,4},{8,7,4,3,5,6,1,9,2},{2,9,1,4,7,8,3,5,6},{3,8,6,7,1,2,5,4,9},{7,2,9,5,8,4,6,3,1},{5,0,0,0,0,0,0,0,0},{0,0,0,0,0,0,0,0,0},{0,0,0,0,0,0,0,0,0},{0,0,0,0,0,0,0,0,0}}
]
13:52:47.675 INFO  [main] SudokuBoard - Warto?? 0 wstawiona nieprawid?owo
13:52:47.675 INFO  [main] SudokuBoard - B?ad w kwadracie 0
sudoku.model.SudokuBoard@79f82fc4[
  size=9
  solver=sudoku.model.BacktrackingSudokuSolver@554db19d
  board={{6,3,5,2,9,1,7,8,4},{8,7,4,3,5,6,1,9,2},{2,9,1,4,7,8,3,5,6},{3,8,6,7,1,2,5,4,9},{7,2,9,5,8,4,6,3,1},{0,0,0,0,0,0,0,0,0},{0,0,0,0,0,0,0,0,0},{0,0,0,0,0,0,0,0,0},{0,0,0,0,0,0,0,0,0}}
]
13:52:47.675 INFO  [main] SudokuBoard - Warto?? 0 wstawiona nieprawid?owo
13:52:47.675 INFO  [main] SudokuBoard - B?ad w kwadracie 0
sudoku.model.SudokuBoard@79f82fc4[
  size=9
  solver=sudoku.model.BacktrackingSudokuSolver@554db19d
  board={{6,3,5,2,9,1,7,8,4},{8,7,4,3,5,6,1,9,2},{2,9,1,4,7,8,3,5,6},{3,8,6,7,1,2,5,4,9},{7,2,9,5,8,4,6,3,1},{1,0,0,0,0,0,0,0,0},{0,0,0,0,0,0,0,0,0},{0,0,0,0,0,0,0,0,0},{0,0,0,0,0,0,0,0,0}}
]
13:52:47.675 INFO  [main] SudokuBoard - Warto?? 0 wstawiona nieprawid?owo
13:52:47.676 INFO  [main] SudokuBoard - B?ad w kwadracie 0
sudoku.model.SudokuBoard@79f82fc4[
  size=9
  solver=sudoku.model.BacktrackingSudokuSolver@554db19d
  board={{6,3,5,2,9,1,7,8,4},{8,7,4,3,5,6,1,9,2},{2,9,1,4,7,8,3,5,6},{3,8,6,7,1,2,5,4,9},{7,2,9,5,8,4,6,3,1},{1,0,0,0,0,0,0,0,0},{0,0,0,0,0,0,0,0,0},{0,0,0,0,0,0,0,0,0},{0,0,0,0,0,0,0,0,0}}
]
13:52:47.676 INFO  [main] SudokuBoard - Warto?? 0 wstawiona nieprawid?owo
13:52:47.676 INFO  [main] SudokuBoard - B?ad w kwadracie 0
sudoku.model.SudokuBoard@79f82fc4[
  size=9
  solver=sudoku.model.BacktrackingSudokuSolver@554db19d
  board={{6,3,5,2,9,1,7,8,4},{8,7,4,3,5,6,1,9,2},{2,9,1,4,7,8,3,5,6},{3,8,6,7,1,2,5,4,9},{7,2,9,5,8,4,6,3,1},{0,0,0,0,0,0,0,0,0},{0,0,0,0,0,0,0,0,0},{0,0,0,0,0,0,0,0,0},{0,0,0,0,0,0,0,0,0}}
]
13:52:47.676 INFO  [main] SudokuBoard - Warto?? 0 wstawiona nieprawid?owo
13:52:47.676 INFO  [main] SudokuBoard - B?ad w kwadracie 0
sudoku.model.SudokuBoard@79f82fc4[
  size=9
  solver=sudoku.model.BacktrackingSudokuSolver@554db19d
  board={{6,3,5,2,9,1,7,8,4},{8,7,4,3,5,6,1,9,2},{2,9,1,4,7,8,3,5,6},{3,8,6,7,1,2,5,4,9},{7,2,9,5,8,4,6,3,1},{4,0,0,0,0,0,0,0,0},{0,0,0,0,0,0,0,0,0},{0,0,0,0,0,0,0,0,0},{0,0,0,0,0,0,0,0,0}}
]
13:52:47.677 INFO  [main] SudokuBoard - Warto?? 0 wstawiona nieprawid?owo
13:52:47.677 INFO  [main] SudokuBoard - B?ad w kwadracie 0
sudoku.model.SudokuBoard@79f82fc4[
  size=9
  solver=sudoku.model.BacktrackingSudokuSolver@554db19d
  board={{6,3,5,2,9,1,7,8,4},{8,7,4,3,5,6,1,9,2},{2,9,1,4,7,8,3,5,6},{3,8,6,7,1,2,5,4,9},{7,2,9,5,8,4,6,3,1},{4,0,0,0,0,0,0,0,0},{0,0,0,0,0,0,0,0,0},{0,0,0,0,0,0,0,0,0},{0,0,0,0,0,0,0,0,0}}
]
13:52:47.677 INFO  [main] SudokuBoard - Warto?? 0 wstawiona nieprawid?owo
13:52:47.677 INFO  [main] SudokuBoard - B?ad w kwadracie 0
sudoku.model.SudokuBoard@79f82fc4[
  size=9
  solver=sudoku.model.BacktrackingSudokuSolver@554db19d
  board={{6,3,5,2,9,1,7,8,4},{8,7,4,3,5,6,1,9,2},{2,9,1,4,7,8,3,5,6},{3,8,6,7,1,2,5,4,9},{7,2,9,5,8,4,6,3,1},{0,0,0,0,0,0,0,0,0},{0,0,0,0,0,0,0,0,0},{0,0,0,0,0,0,0,0,0},{0,0,0,0,0,0,0,0,0}}
]
13:52:47.677 INFO  [main] SudokuBoard - Warto?? 0 wstawiona nieprawid?owo
13:52:47.677 INFO  [main] SudokuBoard - B?ad w kwadracie 0
sudoku.model.SudokuBoard@79f82fc4[
  size=9
  solver=sudoku.model.BacktrackingSudokuSolver@554db19d
  board={{6,3,5,2,9,1,7,8,4},{8,7,4,3,5,6,1,9,2},{2,9,1,4,7,8,3,5,6},{3,8,6,7,1,2,5,4,9},{7,2,9,5,8,4,6,3,0},{0,0,0,0,0,0,0,0,0},{0,0,0,0,0,0,0,0,0},{0,0,0,0,0,0,0,0,0},{0,0,0,0,0,0,0,0,0}}
]
13:52:47.677 INFO  [main] SudokuBoard - Warto?? 0 wstawiona nieprawid?owo
13:52:47.678 INFO  [main] SudokuBoard - B?ad w kwadracie 0
sudoku.model.SudokuBoard@79f82fc4[
  size=9
  solver=sudoku.model.BacktrackingSudokuSolver@554db19d
  board={{6,3,5,2,9,1,7,8,4},{8,7,4,3,5,6,1,9,2},{2,9,1,4,7,8,3,5,6},{3,8,6,7,1,2,5,4,9},{7,2,9,5,8,4,6,0,0},{0,0,0,0,0,0,0,0,0},{0,0,0,0,0,0,0,0,0},{0,0,0,0,0,0,0,0,0},{0,0,0,0,0,0,0,0,0}}
]
13:52:47.678 INFO  [main] SudokuBoard - Warto?? 0 wstawiona nieprawid?owo
13:52:47.678 INFO  [main] SudokuBoard - B?ad w kwadracie 0
sudoku.model.SudokuBoard@79f82fc4[
  size=9
  solver=sudoku.model.BacktrackingSudokuSolver@554db19d
  board={{6,3,5,2,9,1,7,8,4},{8,7,4,3,5,6,1,9,2},{2,9,1,4,7,8,3,5,6},{3,8,6,7,1,2,5,4,9},{7,2,9,5,8,4,0,0,0},{0,0,0,0,0,0,0,0,0},{0,0,0,0,0,0,0,0,0},{0,0,0,0,0,0,0,0,0},{0,0,0,0,0,0,0,0,0}}
]
13:52:47.678 INFO  [main] SudokuBoard - Warto?? 0 wstawiona nieprawid?owo
13:52:47.678 INFO  [main] SudokuBoard - B?ad w kwadracie 0
sudoku.model.SudokuBoard@79f82fc4[
  size=9
  solver=sudoku.model.BacktrackingSudokuSolver@554db19d
  board={{6,3,5,2,9,1,7,8,4},{8,7,4,3,5,6,1,9,2},{2,9,1,4,7,8,3,5,6},{3,8,6,7,1,2,5,4,9},{7,2,9,5,8,0,0,0,0},{0,0,0,0,0,0,0,0,0},{0,0,0,0,0,0,0,0,0},{0,0,0,0,0,0,0,0,0},{0,0,0,0,0,0,0,0,0}}
]
13:52:47.678 INFO  [main] SudokuBoard - Warto?? 0 wstawiona nieprawid?owo
13:52:47.679 INFO  [main] SudokuBoard - B?ad w kwadracie 0
sudoku.model.SudokuBoard@79f82fc4[
  size=9
  solver=sudoku.model.BacktrackingSudokuSolver@554db19d
  board={{6,3,5,2,9,1,7,8,4},{8,7,4,3,5,6,1,9,2},{2,9,1,4,7,8,3,5,6},{3,8,6,7,1,2,5,4,9},{7,2,9,5,0,0,0,0,0},{0,0,0,0,0,0,0,0,0},{0,0,0,0,0,0,0,0,0},{0,0,0,0,0,0,0,0,0},{0,0,0,0,0,0,0,0,0}}
]
13:52:47.679 INFO  [main] SudokuBoard - Warto?? 0 wstawiona nieprawid?owo
13:52:47.679 INFO  [main] SudokuBoard - B?ad w kwadracie 0
sudoku.model.SudokuBoard@79f82fc4[
  size=9
  solver=sudoku.model.BacktrackingSudokuSolver@554db19d
  board={{6,3,5,2,9,1,7,8,4},{8,7,4,3,5,6,1,9,2},{2,9,1,4,7,8,3,5,6},{3,8,6,7,1,2,5,4,9},{7,2,9,5,3,4,6,1,8},{4,0,0,0,0,0,0,0,0},{0,0,0,0,0,0,0,0,0},{0,0,0,0,0,0,0,0,0},{0,0,0,0,0,0,0,0,0}}
]
13:52:47.679 INFO  [main] SudokuBoard - Warto?? 0 wstawiona nieprawid?owo
13:52:47.679 INFO  [main] SudokuBoard - B?ad w kwadracie 0
sudoku.model.SudokuBoard@79f82fc4[
  size=9
  solver=sudoku.model.BacktrackingSudokuSolver@554db19d
  board={{6,3,5,2,9,1,7,8,4},{8,7,4,3,5,6,1,9,2},{2,9,1,4,7,8,3,5,6},{3,8,6,7,1,2,5,4,9},{7,2,9,5,3,4,6,1,8},{4,0,0,0,0,0,0,0,0},{0,0,0,0,0,0,0,0,0},{0,0,0,0,0,0,0,0,0},{0,0,0,0,0,0,0,0,0}}
]
13:52:47.679 INFO  [main] SudokuBoard - Warto?? 0 wstawiona nieprawid?owo
13:52:47.679 INFO  [main] SudokuBoard - B?ad w kwadracie 0
sudoku.model.SudokuBoard@79f82fc4[
  size=9
  solver=sudoku.model.BacktrackingSudokuSolver@554db19d
  board={{6,3,5,2,9,1,7,8,4},{8,7,4,3,5,6,1,9,2},{2,9,1,4,7,8,3,5,6},{3,8,6,7,1,2,5,4,9},{7,2,9,5,3,4,6,1,8},{0,0,0,0,0,0,0,0,0},{0,0,0,0,0,0,0,0,0},{0,0,0,0,0,0,0,0,0},{0,0,0,0,0,0,0,0,0}}
]
13:52:47.679 INFO  [main] SudokuBoard - Warto?? 0 wstawiona nieprawid?owo
13:52:47.680 INFO  [main] SudokuBoard - B?ad w kwadracie 0
sudoku.model.SudokuBoard@79f82fc4[
  size=9
  solver=sudoku.model.BacktrackingSudokuSolver@554db19d
  board={{6,3,5,2,9,1,7,8,4},{8,7,4,3,5,6,1,9,2},{2,9,1,4,7,8,3,5,6},{3,8,6,7,1,2,5,4,9},{7,2,9,5,3,4,6,1,8},{5,0,0,0,0,0,0,0,0},{0,0,0,0,0,0,0,0,0},{0,0,0,0,0,0,0,0,0},{0,0,0,0,0,0,0,0,0}}
]
13:52:47.680 INFO  [main] SudokuBoard - Warto?? 0 wstawiona nieprawid?owo
13:52:47.680 INFO  [main] SudokuBoard - B?ad w kwadracie 0
sudoku.model.SudokuBoard@79f82fc4[
  size=9
  solver=sudoku.model.BacktrackingSudokuSolver@554db19d
  board={{6,3,5,2,9,1,7,8,4},{8,7,4,3,5,6,1,9,2},{2,9,1,4,7,8,3,5,6},{3,8,6,7,1,2,5,4,9},{7,2,9,5,3,4,6,1,8},{5,0,0,0,0,0,0,0,0},{0,0,0,0,0,0,0,0,0},{0,0,0,0,0,0,0,0,0},{0,0,0,0,0,0,0,0,0}}
]
13:52:47.680 INFO  [main] SudokuBoard - Warto?? 0 wstawiona nieprawid?owo
13:52:47.680 INFO  [main] SudokuBoard - B?ad w kwadracie 0
sudoku.model.SudokuBoard@79f82fc4[
  size=9
  solver=sudoku.model.BacktrackingSudokuSolver@554db19d
  board={{6,3,5,2,9,1,7,8,4},{8,7,4,3,5,6,1,9,2},{2,9,1,4,7,8,3,5,6},{3,8,6,7,1,2,5,4,9},{7,2,9,5,3,4,6,1,8},{0,0,0,0,0,0,0,0,0},{0,0,0,0,0,0,0,0,0},{0,0,0,0,0,0,0,0,0},{0,0,0,0,0,0,0,0,0}}
]
13:52:47.680 INFO  [main] SudokuBoard - Warto?? 0 wstawiona nieprawid?owo
13:52:47.681 INFO  [main] SudokuBoard - B?ad w kwadracie 0
sudoku.model.SudokuBoard@79f82fc4[
  size=9
  solver=sudoku.model.BacktrackingSudokuSolver@554db19d
  board={{6,3,5,2,9,1,7,8,4},{8,7,4,3,5,6,1,9,2},{2,9,1,4,7,8,3,5,6},{3,8,6,7,1,2,5,4,9},{7,2,9,5,3,4,6,1,8},{1,0,0,0,0,0,0,0,0},{0,0,0,0,0,0,0,0,0},{0,0,0,0,0,0,0,0,0},{0,0,0,0,0,0,0,0,0}}
]
13:52:47.681 INFO  [main] SudokuBoard - Warto?? 0 wstawiona nieprawid?owo
13:52:47.681 INFO  [main] SudokuBoard - B?ad w kwadracie 0
sudoku.model.SudokuBoard@79f82fc4[
  size=9
  solver=sudoku.model.BacktrackingSudokuSolver@554db19d
  board={{6,3,5,2,9,1,7,8,4},{8,7,4,3,5,6,1,9,2},{2,9,1,4,7,8,3,5,6},{3,8,6,7,1,2,5,4,9},{7,2,9,5,3,4,6,1,8},{1,0,0,0,0,0,0,0,0},{0,0,0,0,0,0,0,0,0},{0,0,0,0,0,0,0,0,0},{0,0,0,0,0,0,0,0,0}}
]
13:52:47.681 INFO  [main] SudokuBoard - Warto?? 0 wstawiona nieprawid?owo
13:52:47.681 INFO  [main] SudokuBoard - B?ad w kwadracie 0
sudoku.model.SudokuBoard@79f82fc4[
  size=9
  solver=sudoku.model.BacktrackingSudokuSolver@554db19d
  board={{6,3,5,2,9,1,7,8,4},{8,7,4,3,5,6,1,9,2},{2,9,1,4,7,8,3,5,6},{3,8,6,7,1,2,5,4,9},{7,2,9,5,3,4,6,1,8},{0,0,0,0,0,0,0,0,0},{0,0,0,0,0,0,0,0,0},{0,0,0,0,0,0,0,0,0},{0,0,0,0,0,0,0,0,0}}
]
13:52:47.681 INFO  [main] SudokuBoard - Warto?? 0 wstawiona nieprawid?owo
13:52:47.682 INFO  [main] SudokuBoard - B?ad w kwadracie 0
sudoku.model.SudokuBoard@79f82fc4[
  size=9
  solver=sudoku.model.BacktrackingSudokuSolver@554db19d
  board={{6,3,5,2,9,1,7,8,4},{8,7,4,3,5,6,1,9,2},{2,9,1,4,7,8,3,5,6},{3,8,6,7,1,2,5,4,9},{7,2,9,5,3,4,6,1,0},{0,0,0,0,0,0,0,0,0},{0,0,0,0,0,0,0,0,0},{0,0,0,0,0,0,0,0,0},{0,0,0,0,0,0,0,0,0}}
]
13:52:47.682 INFO  [main] SudokuBoard - Warto?? 0 wstawiona nieprawid?owo
13:52:47.682 INFO  [main] SudokuBoard - B?ad w kwadracie 0
sudoku.model.SudokuBoard@79f82fc4[
  size=9
  solver=sudoku.model.BacktrackingSudokuSolver@554db19d
  board={{6,3,5,2,9,1,7,8,4},{8,7,4,3,5,6,1,9,2},{2,9,1,4,7,8,3,5,6},{3,8,6,7,1,2,5,4,9},{7,2,9,5,3,4,6,0,0},{0,0,0,0,0,0,0,0,0},{0,0,0,0,0,0,0,0,0},{0,0,0,0,0,0,0,0,0},{0,0,0,0,0,0,0,0,0}}
]
13:52:47.682 INFO  [main] SudokuBoard - Warto?? 0 wstawiona nieprawid?owo
13:52:47.682 INFO  [main] SudokuBoard - B?ad w kwadracie 0
sudoku.model.SudokuBoard@79f82fc4[
  size=9
  solver=sudoku.model.BacktrackingSudokuSolver@554db19d
  board={{6,3,5,2,9,1,7,8,4},{8,7,4,3,5,6,1,9,2},{2,9,1,4,7,8,3,5,6},{3,8,6,7,1,2,5,4,9},{7,2,9,5,3,4,0,0,0},{0,0,0,0,0,0,0,0,0},{0,0,0,0,0,0,0,0,0},{0,0,0,0,0,0,0,0,0},{0,0,0,0,0,0,0,0,0}}
]
13:52:47.682 INFO  [main] SudokuBoard - Warto?? 0 wstawiona nieprawid?owo
13:52:47.682 INFO  [main] SudokuBoard - B?ad w kwadracie 0
sudoku.model.SudokuBoard@79f82fc4[
  size=9
  solver=sudoku.model.BacktrackingSudokuSolver@554db19d
  board={{6,3,5,2,9,1,7,8,4},{8,7,4,3,5,6,1,9,2},{2,9,1,4,7,8,3,5,6},{3,8,6,7,1,2,5,4,9},{7,2,9,5,3,4,8,6,1},{5,0,0,0,0,0,0,0,0},{0,0,0,0,0,0,0,0,0},{0,0,0,0,0,0,0,0,0},{0,0,0,0,0,0,0,0,0}}
]
13:52:47.682 INFO  [main] SudokuBoard - Warto?? 0 wstawiona nieprawid?owo
13:52:47.682 INFO  [main] SudokuBoard - B?ad w kwadracie 0
sudoku.model.SudokuBoard@79f82fc4[
  size=9
  solver=sudoku.model.BacktrackingSudokuSolver@554db19d
  board={{6,3,5,2,9,1,7,8,4},{8,7,4,3,5,6,1,9,2},{2,9,1,4,7,8,3,5,6},{3,8,6,7,1,2,5,4,9},{7,2,9,5,3,4,8,6,1},{5,0,0,0,0,0,0,0,0},{0,0,0,0,0,0,0,0,0},{0,0,0,0,0,0,0,0,0},{0,0,0,0,0,0,0,0,0}}
]
13:52:47.682 INFO  [main] SudokuBoard - Warto?? 0 wstawiona nieprawid?owo
13:52:47.683 INFO  [main] SudokuBoard - B?ad w kwadracie 0
sudoku.model.SudokuBoard@79f82fc4[
  size=9
  solver=sudoku.model.BacktrackingSudokuSolver@554db19d
  board={{6,3,5,2,9,1,7,8,4},{8,7,4,3,5,6,1,9,2},{2,9,1,4,7,8,3,5,6},{3,8,6,7,1,2,5,4,9},{7,2,9,5,3,4,8,6,1},{0,0,0,0,0,0,0,0,0},{0,0,0,0,0,0,0,0,0},{0,0,0,0,0,0,0,0,0},{0,0,0,0,0,0,0,0,0}}
]
13:52:47.683 INFO  [main] SudokuBoard - Warto?? 0 wstawiona nieprawid?owo
13:52:47.683 INFO  [main] SudokuBoard - B?ad w kwadracie 0
sudoku.model.SudokuBoard@79f82fc4[
  size=9
  solver=sudoku.model.BacktrackingSudokuSolver@554db19d
  board={{6,3,5,2,9,1,7,8,4},{8,7,4,3,5,6,1,9,2},{2,9,1,4,7,8,3,5,6},{3,8,6,7,1,2,5,4,9},{7,2,9,5,3,4,8,6,1},{1,0,0,0,0,0,0,0,0},{0,0,0,0,0,0,0,0,0},{0,0,0,0,0,0,0,0,0},{0,0,0,0,0,0,0,0,0}}
]
13:52:47.683 INFO  [main] SudokuBoard - Warto?? 0 wstawiona nieprawid?owo
13:52:47.683 INFO  [main] SudokuBoard - B?ad w kwadracie 0
sudoku.model.SudokuBoard@79f82fc4[
  size=9
  solver=sudoku.model.BacktrackingSudokuSolver@554db19d
  board={{6,3,5,2,9,1,7,8,4},{8,7,4,3,5,6,1,9,2},{2,9,1,4,7,8,3,5,6},{3,8,6,7,1,2,5,4,9},{7,2,9,5,3,4,8,6,1},{1,0,0,0,0,0,0,0,0},{0,0,0,0,0,0,0,0,0},{0,0,0,0,0,0,0,0,0},{0,0,0,0,0,0,0,0,0}}
]
13:52:47.683 INFO  [main] SudokuBoard - Warto?? 0 wstawiona nieprawid?owo
13:52:47.683 INFO  [main] SudokuBoard - B?ad w kwadracie 0
sudoku.model.SudokuBoard@79f82fc4[
  size=9
  solver=sudoku.model.BacktrackingSudokuSolver@554db19d
  board={{6,3,5,2,9,1,7,8,4},{8,7,4,3,5,6,1,9,2},{2,9,1,4,7,8,3,5,6},{3,8,6,7,1,2,5,4,9},{7,2,9,5,3,4,8,6,1},{0,0,0,0,0,0,0,0,0},{0,0,0,0,0,0,0,0,0},{0,0,0,0,0,0,0,0,0},{0,0,0,0,0,0,0,0,0}}
]
13:52:47.683 INFO  [main] SudokuBoard - Warto?? 0 wstawiona nieprawid?owo
13:52:47.683 INFO  [main] SudokuBoard - B?ad w kwadracie 0
sudoku.model.SudokuBoard@79f82fc4[
  size=9
  solver=sudoku.model.BacktrackingSudokuSolver@554db19d
  board={{6,3,5,2,9,1,7,8,4},{8,7,4,3,5,6,1,9,2},{2,9,1,4,7,8,3,5,6},{3,8,6,7,1,2,5,4,9},{7,2,9,5,3,4,8,6,1},{4,0,0,0,0,0,0,0,0},{0,0,0,0,0,0,0,0,0},{0,0,0,0,0,0,0,0,0},{0,0,0,0,0,0,0,0,0}}
]
13:52:47.684 INFO  [main] SudokuBoard - Warto?? 0 wstawiona nieprawid?owo
13:52:47.684 INFO  [main] SudokuBoard - B?ad w kwadracie 0
sudoku.model.SudokuBoard@79f82fc4[
  size=9
  solver=sudoku.model.BacktrackingSudokuSolver@554db19d
  board={{6,3,5,2,9,1,7,8,4},{8,7,4,3,5,6,1,9,2},{2,9,1,4,7,8,3,5,6},{3,8,6,7,1,2,5,4,9},{7,2,9,5,3,4,8,6,1},{4,0,0,0,0,0,0,0,0},{0,0,0,0,0,0,0,0,0},{0,0,0,0,0,0,0,0,0},{0,0,0,0,0,0,0,0,0}}
]
13:52:47.684 INFO  [main] SudokuBoard - Warto?? 0 wstawiona nieprawid?owo
13:52:47.684 INFO  [main] SudokuBoard - B?ad w kwadracie 0
sudoku.model.SudokuBoard@79f82fc4[
  size=9
  solver=sudoku.model.BacktrackingSudokuSolver@554db19d
  board={{6,3,5,2,9,1,7,8,4},{8,7,4,3,5,6,1,9,2},{2,9,1,4,7,8,3,5,6},{3,8,6,7,1,2,5,4,9},{7,2,9,5,3,4,8,6,1},{0,0,0,0,0,0,0,0,0},{0,0,0,0,0,0,0,0,0},{0,0,0,0,0,0,0,0,0},{0,0,0,0,0,0,0,0,0}}
]
13:52:47.684 INFO  [main] SudokuBoard - Warto?? 0 wstawiona nieprawid?owo
13:52:47.684 INFO  [main] SudokuBoard - B?ad w kwadracie 0
sudoku.model.SudokuBoard@79f82fc4[
  size=9
  solver=sudoku.model.BacktrackingSudokuSolver@554db19d
  board={{6,3,5,2,9,1,7,8,4},{8,7,4,3,5,6,1,9,2},{2,9,1,4,7,8,3,5,6},{3,8,6,7,1,2,5,4,9},{7,2,9,5,3,4,8,6,0},{0,0,0,0,0,0,0,0,0},{0,0,0,0,0,0,0,0,0},{0,0,0,0,0,0,0,0,0},{0,0,0,0,0,0,0,0,0}}
]
13:52:47.684 INFO  [main] SudokuBoard - Warto?? 0 wstawiona nieprawid?owo
13:52:47.684 INFO  [main] SudokuBoard - B?ad w kwadracie 0
sudoku.model.SudokuBoard@79f82fc4[
  size=9
  solver=sudoku.model.BacktrackingSudokuSolver@554db19d
  board={{6,3,5,2,9,1,7,8,4},{8,7,4,3,5,6,1,9,2},{2,9,1,4,7,8,3,5,6},{3,8,6,7,1,2,5,4,9},{7,2,9,5,3,4,8,0,0},{0,0,0,0,0,0,0,0,0},{0,0,0,0,0,0,0,0,0},{0,0,0,0,0,0,0,0,0},{0,0,0,0,0,0,0,0,0}}
]
13:52:47.684 INFO  [main] SudokuBoard - Warto?? 0 wstawiona nieprawid?owo
13:52:47.684 INFO  [main] SudokuBoard - B?ad w kwadracie 0
sudoku.model.SudokuBoard@79f82fc4[
  size=9
  solver=sudoku.model.BacktrackingSudokuSolver@554db19d
  board={{6,3,5,2,9,1,7,8,4},{8,7,4,3,5,6,1,9,2},{2,9,1,4,7,8,3,5,6},{3,8,6,7,1,2,5,4,9},{7,2,9,5,3,4,8,0,0},{0,0,0,0,0,0,0,0,0},{0,0,0,0,0,0,0,0,0},{0,0,0,0,0,0,0,0,0},{0,0,0,0,0,0,0,0,0}}
]
13:52:47.684 INFO  [main] SudokuBoard - Warto?? 0 wstawiona nieprawid?owo
13:52:47.685 INFO  [main] SudokuBoard - B?ad w kwadracie 0
sudoku.model.SudokuBoard@79f82fc4[
  size=9
  solver=sudoku.model.BacktrackingSudokuSolver@554db19d
  board={{6,3,5,2,9,1,7,8,4},{8,7,4,3,5,6,1,9,2},{2,9,1,4,7,8,3,5,6},{3,8,6,7,1,2,5,4,9},{7,2,9,5,3,4,0,0,0},{0,0,0,0,0,0,0,0,0},{0,0,0,0,0,0,0,0,0},{0,0,0,0,0,0,0,0,0},{0,0,0,0,0,0,0,0,0}}
]
13:52:47.685 INFO  [main] SudokuBoard - Warto?? 0 wstawiona nieprawid?owo
13:52:47.685 INFO  [main] SudokuBoard - B?ad w kwadracie 0
sudoku.model.SudokuBoard@79f82fc4[
  size=9
  solver=sudoku.model.BacktrackingSudokuSolver@554db19d
  board={{6,3,5,2,9,1,7,8,4},{8,7,4,3,5,6,1,9,2},{2,9,1,4,7,8,3,5,6},{3,8,6,7,1,2,5,4,9},{7,2,9,5,3,0,0,0,0},{0,0,0,0,0,0,0,0,0},{0,0,0,0,0,0,0,0,0},{0,0,0,0,0,0,0,0,0},{0,0,0,0,0,0,0,0,0}}
]
13:52:47.685 INFO  [main] SudokuBoard - Warto?? 0 wstawiona nieprawid?owo
13:52:47.685 INFO  [main] SudokuBoard - B?ad w kwadracie 0
sudoku.model.SudokuBoard@79f82fc4[
  size=9
  solver=sudoku.model.BacktrackingSudokuSolver@554db19d
  board={{6,3,5,2,9,1,7,8,4},{8,7,4,3,5,6,1,9,2},{2,9,1,4,7,8,3,5,6},{3,8,6,7,1,2,5,4,9},{7,2,9,5,0,0,0,0,0},{0,0,0,0,0,0,0,0,0},{0,0,0,0,0,0,0,0,0},{0,0,0,0,0,0,0,0,0},{0,0,0,0,0,0,0,0,0}}
]
13:52:47.685 INFO  [main] SudokuBoard - Warto?? 0 wstawiona nieprawid?owo
13:52:47.685 INFO  [main] SudokuBoard - B?ad w kwadracie 0
sudoku.model.SudokuBoard@79f82fc4[
  size=9
  solver=sudoku.model.BacktrackingSudokuSolver@554db19d
  board={{6,3,5,2,9,1,7,8,4},{8,7,4,3,5,6,1,9,2},{2,9,1,4,7,8,3,5,6},{3,8,6,7,1,2,5,4,9},{7,2,9,5,4,3,6,1,8},{5,0,0,0,0,0,0,0,0},{0,0,0,0,0,0,0,0,0},{0,0,0,0,0,0,0,0,0},{0,0,0,0,0,0,0,0,0}}
]
13:52:47.685 INFO  [main] SudokuBoard - Warto?? 0 wstawiona nieprawid?owo
13:52:47.685 INFO  [main] SudokuBoard - B?ad w kwadracie 0
sudoku.model.SudokuBoard@79f82fc4[
  size=9
  solver=sudoku.model.BacktrackingSudokuSolver@554db19d
  board={{6,3,5,2,9,1,7,8,4},{8,7,4,3,5,6,1,9,2},{2,9,1,4,7,8,3,5,6},{3,8,6,7,1,2,5,4,9},{7,2,9,5,4,3,6,1,8},{5,0,0,0,0,0,0,0,0},{0,0,0,0,0,0,0,0,0},{0,0,0,0,0,0,0,0,0},{0,0,0,0,0,0,0,0,0}}
]
13:52:47.685 INFO  [main] SudokuBoard - Warto?? 0 wstawiona nieprawid?owo
13:52:47.686 INFO  [main] SudokuBoard - B?ad w kwadracie 0
sudoku.model.SudokuBoard@79f82fc4[
  size=9
  solver=sudoku.model.BacktrackingSudokuSolver@554db19d
  board={{6,3,5,2,9,1,7,8,4},{8,7,4,3,5,6,1,9,2},{2,9,1,4,7,8,3,5,6},{3,8,6,7,1,2,5,4,9},{7,2,9,5,4,3,6,1,8},{0,0,0,0,0,0,0,0,0},{0,0,0,0,0,0,0,0,0},{0,0,0,0,0,0,0,0,0},{0,0,0,0,0,0,0,0,0}}
]
13:52:47.686 INFO  [main] SudokuBoard - Warto?? 0 wstawiona nieprawid?owo
13:52:47.686 INFO  [main] SudokuBoard - B?ad w kwadracie 0
sudoku.model.SudokuBoard@79f82fc4[
  size=9
  solver=sudoku.model.BacktrackingSudokuSolver@554db19d
  board={{6,3,5,2,9,1,7,8,4},{8,7,4,3,5,6,1,9,2},{2,9,1,4,7,8,3,5,6},{3,8,6,7,1,2,5,4,9},{7,2,9,5,4,3,6,1,8},{1,0,0,0,0,0,0,0,0},{0,0,0,0,0,0,0,0,0},{0,0,0,0,0,0,0,0,0},{0,0,0,0,0,0,0,0,0}}
]
13:52:47.686 INFO  [main] SudokuBoard - Warto?? 0 wstawiona nieprawid?owo
13:52:47.686 INFO  [main] SudokuBoard - B?ad w kwadracie 0
sudoku.model.SudokuBoard@79f82fc4[
  size=9
  solver=sudoku.model.BacktrackingSudokuSolver@554db19d
  board={{6,3,5,2,9,1,7,8,4},{8,7,4,3,5,6,1,9,2},{2,9,1,4,7,8,3,5,6},{3,8,6,7,1,2,5,4,9},{7,2,9,5,4,3,6,1,8},{1,0,0,0,0,0,0,0,0},{0,0,0,0,0,0,0,0,0},{0,0,0,0,0,0,0,0,0},{0,0,0,0,0,0,0,0,0}}
]
13:52:47.686 INFO  [main] SudokuBoard - Warto?? 0 wstawiona nieprawid?owo
13:52:47.686 INFO  [main] SudokuBoard - B?ad w kwadracie 0
sudoku.model.SudokuBoard@79f82fc4[
  size=9
  solver=sudoku.model.BacktrackingSudokuSolver@554db19d
  board={{6,3,5,2,9,1,7,8,4},{8,7,4,3,5,6,1,9,2},{2,9,1,4,7,8,3,5,6},{3,8,6,7,1,2,5,4,9},{7,2,9,5,4,3,6,1,8},{0,0,0,0,0,0,0,0,0},{0,0,0,0,0,0,0,0,0},{0,0,0,0,0,0,0,0,0},{0,0,0,0,0,0,0,0,0}}
]
13:52:47.686 INFO  [main] SudokuBoard - Warto?? 0 wstawiona nieprawid?owo
13:52:47.686 INFO  [main] SudokuBoard - B?ad w kwadracie 0
sudoku.model.SudokuBoard@79f82fc4[
  size=9
  solver=sudoku.model.BacktrackingSudokuSolver@554db19d
  board={{6,3,5,2,9,1,7,8,4},{8,7,4,3,5,6,1,9,2},{2,9,1,4,7,8,3,5,6},{3,8,6,7,1,2,5,4,9},{7,2,9,5,4,3,6,1,8},{4,0,0,0,0,0,0,0,0},{0,0,0,0,0,0,0,0,0},{0,0,0,0,0,0,0,0,0},{0,0,0,0,0,0,0,0,0}}
]
13:52:47.686 INFO  [main] SudokuBoard - Warto?? 0 wstawiona nieprawid?owo
13:52:47.687 INFO  [main] SudokuBoard - B?ad w kwadracie 0
sudoku.model.SudokuBoard@79f82fc4[
  size=9
  solver=sudoku.model.BacktrackingSudokuSolver@554db19d
  board={{6,3,5,2,9,1,7,8,4},{8,7,4,3,5,6,1,9,2},{2,9,1,4,7,8,3,5,6},{3,8,6,7,1,2,5,4,9},{7,2,9,5,4,3,6,1,8},{4,0,0,0,0,0,0,0,0},{0,0,0,0,0,0,0,0,0},{0,0,0,0,0,0,0,0,0},{0,0,0,0,0,0,0,0,0}}
]
13:52:47.687 INFO  [main] SudokuBoard - Warto?? 0 wstawiona nieprawid?owo
13:52:47.687 INFO  [main] SudokuBoard - B?ad w kwadracie 0
sudoku.model.SudokuBoard@79f82fc4[
  size=9
  solver=sudoku.model.BacktrackingSudokuSolver@554db19d
  board={{6,3,5,2,9,1,7,8,4},{8,7,4,3,5,6,1,9,2},{2,9,1,4,7,8,3,5,6},{3,8,6,7,1,2,5,4,9},{7,2,9,5,4,3,6,1,8},{0,0,0,0,0,0,0,0,0},{0,0,0,0,0,0,0,0,0},{0,0,0,0,0,0,0,0,0},{0,0,0,0,0,0,0,0,0}}
]
13:52:47.687 INFO  [main] SudokuBoard - Warto?? 0 wstawiona nieprawid?owo
13:52:47.687 INFO  [main] SudokuBoard - B?ad w kwadracie 0
sudoku.model.SudokuBoard@79f82fc4[
  size=9
  solver=sudoku.model.BacktrackingSudokuSolver@554db19d
  board={{6,3,5,2,9,1,7,8,4},{8,7,4,3,5,6,1,9,2},{2,9,1,4,7,8,3,5,6},{3,8,6,7,1,2,5,4,9},{7,2,9,5,4,3,6,1,0},{0,0,0,0,0,0,0,0,0},{0,0,0,0,0,0,0,0,0},{0,0,0,0,0,0,0,0,0},{0,0,0,0,0,0,0,0,0}}
]
13:52:47.687 INFO  [main] SudokuBoard - Warto?? 0 wstawiona nieprawid?owo
13:52:47.688 INFO  [main] SudokuBoard - B?ad w kwadracie 0
sudoku.model.SudokuBoard@79f82fc4[
  size=9
  solver=sudoku.model.BacktrackingSudokuSolver@554db19d
  board={{6,3,5,2,9,1,7,8,4},{8,7,4,3,5,6,1,9,2},{2,9,1,4,7,8,3,5,6},{3,8,6,7,1,2,5,4,9},{7,2,9,5,4,3,6,0,0},{0,0,0,0,0,0,0,0,0},{0,0,0,0,0,0,0,0,0},{0,0,0,0,0,0,0,0,0},{0,0,0,0,0,0,0,0,0}}
]
13:52:47.688 INFO  [main] SudokuBoard - Warto?? 0 wstawiona nieprawid?owo
13:52:47.688 INFO  [main] SudokuBoard - B?ad w kwadracie 0
sudoku.model.SudokuBoard@79f82fc4[
  size=9
  solver=sudoku.model.BacktrackingSudokuSolver@554db19d
  board={{6,3,5,2,9,1,7,8,4},{8,7,4,3,5,6,1,9,2},{2,9,1,4,7,8,3,5,6},{3,8,6,7,1,2,5,4,9},{7,2,9,5,4,3,0,0,0},{0,0,0,0,0,0,0,0,0},{0,0,0,0,0,0,0,0,0},{0,0,0,0,0,0,0,0,0},{0,0,0,0,0,0,0,0,0}}
]
13:52:47.688 INFO  [main] SudokuBoard - Warto?? 0 wstawiona nieprawid?owo
13:52:47.688 INFO  [main] SudokuBoard - B?ad w kwadracie 0
sudoku.model.SudokuBoard@79f82fc4[
  size=9
  solver=sudoku.model.BacktrackingSudokuSolver@554db19d
  board={{6,3,5,2,9,1,7,8,4},{8,7,4,3,5,6,1,9,2},{2,9,1,4,7,8,3,5,6},{3,8,6,7,1,2,5,4,9},{7,2,9,5,4,3,8,0,0},{0,0,0,0,0,0,0,0,0},{0,0,0,0,0,0,0,0,0},{0,0,0,0,0,0,0,0,0},{0,0,0,0,0,0,0,0,0}}
]
13:52:47.688 INFO  [main] SudokuBoard - Warto?? 0 wstawiona nieprawid?owo
13:52:47.689 INFO  [main] SudokuBoard - B?ad w kwadracie 0
sudoku.model.SudokuBoard@79f82fc4[
  size=9
  solver=sudoku.model.BacktrackingSudokuSolver@554db19d
  board={{6,3,5,2,9,1,7,8,4},{8,7,4,3,5,6,1,9,2},{2,9,1,4,7,8,3,5,6},{3,8,6,7,1,2,5,4,9},{7,2,9,5,4,3,8,6,1},{1,0,0,0,0,0,0,0,0},{0,0,0,0,0,0,0,0,0},{0,0,0,0,0,0,0,0,0},{0,0,0,0,0,0,0,0,0}}
]
13:52:47.689 INFO  [main] SudokuBoard - Warto?? 0 wstawiona nieprawid?owo
13:52:47.689 INFO  [main] SudokuBoard - B?ad w kwadracie 0
sudoku.model.SudokuBoard@79f82fc4[
  size=9
  solver=sudoku.model.BacktrackingSudokuSolver@554db19d
  board={{6,3,5,2,9,1,7,8,4},{8,7,4,3,5,6,1,9,2},{2,9,1,4,7,8,3,5,6},{3,8,6,7,1,2,5,4,9},{7,2,9,5,4,3,8,6,1},{1,0,0,0,0,0,0,0,0},{0,0,0,0,0,0,0,0,0},{0,0,0,0,0,0,0,0,0},{0,0,0,0,0,0,0,0,0}}
]
13:52:47.689 INFO  [main] SudokuBoard - Warto?? 0 wstawiona nieprawid?owo
13:52:47.689 INFO  [main] SudokuBoard - B?ad w kwadracie 0
sudoku.model.SudokuBoard@79f82fc4[
  size=9
  solver=sudoku.model.BacktrackingSudokuSolver@554db19d
  board={{6,3,5,2,9,1,7,8,4},{8,7,4,3,5,6,1,9,2},{2,9,1,4,7,8,3,5,6},{3,8,6,7,1,2,5,4,9},{7,2,9,5,4,3,8,6,1},{0,0,0,0,0,0,0,0,0},{0,0,0,0,0,0,0,0,0},{0,0,0,0,0,0,0,0,0},{0,0,0,0,0,0,0,0,0}}
]
13:52:47.689 INFO  [main] SudokuBoard - Warto?? 0 wstawiona nieprawid?owo
13:52:47.690 INFO  [main] SudokuBoard - B?ad w kwadracie 0
sudoku.model.SudokuBoard@79f82fc4[
  size=9
  solver=sudoku.model.BacktrackingSudokuSolver@554db19d
  board={{6,3,5,2,9,1,7,8,4},{8,7,4,3,5,6,1,9,2},{2,9,1,4,7,8,3,5,6},{3,8,6,7,1,2,5,4,9},{7,2,9,5,4,3,8,6,1},{4,0,0,0,0,0,0,0,0},{0,0,0,0,0,0,0,0,0},{0,0,0,0,0,0,0,0,0},{0,0,0,0,0,0,0,0,0}}
]
13:52:47.690 INFO  [main] SudokuBoard - Warto?? 0 wstawiona nieprawid?owo
13:52:47.690 INFO  [main] SudokuBoard - B?ad w kwadracie 0
sudoku.model.SudokuBoard@79f82fc4[
  size=9
  solver=sudoku.model.BacktrackingSudokuSolver@554db19d
  board={{6,3,5,2,9,1,7,8,4},{8,7,4,3,5,6,1,9,2},{2,9,1,4,7,8,3,5,6},{3,8,6,7,1,2,5,4,9},{7,2,9,5,4,3,8,6,1},{4,0,0,0,0,0,0,0,0},{0,0,0,0,0,0,0,0,0},{0,0,0,0,0,0,0,0,0},{0,0,0,0,0,0,0,0,0}}
]
13:52:47.690 INFO  [main] SudokuBoard - Warto?? 0 wstawiona nieprawid?owo
13:52:47.690 INFO  [main] SudokuBoard - B?ad w kwadracie 0
sudoku.model.SudokuBoard@79f82fc4[
  size=9
  solver=sudoku.model.BacktrackingSudokuSolver@554db19d
  board={{6,3,5,2,9,1,7,8,4},{8,7,4,3,5,6,1,9,2},{2,9,1,4,7,8,3,5,6},{3,8,6,7,1,2,5,4,9},{7,2,9,5,4,3,8,6,1},{0,0,0,0,0,0,0,0,0},{0,0,0,0,0,0,0,0,0},{0,0,0,0,0,0,0,0,0},{0,0,0,0,0,0,0,0,0}}
]
13:52:47.690 INFO  [main] SudokuBoard - Warto?? 0 wstawiona nieprawid?owo
13:52:47.691 INFO  [main] SudokuBoard - B?ad w kwadracie 0
sudoku.model.SudokuBoard@79f82fc4[
  size=9
  solver=sudoku.model.BacktrackingSudokuSolver@554db19d
  board={{6,3,5,2,9,1,7,8,4},{8,7,4,3,5,6,1,9,2},{2,9,1,4,7,8,3,5,6},{3,8,6,7,1,2,5,4,9},{7,2,9,5,4,3,8,6,1},{5,0,0,0,0,0,0,0,0},{0,0,0,0,0,0,0,0,0},{0,0,0,0,0,0,0,0,0},{0,0,0,0,0,0,0,0,0}}
]
13:52:47.691 INFO  [main] SudokuBoard - Warto?? 0 wstawiona nieprawid?owo
13:52:47.691 INFO  [main] SudokuBoard - B?ad w kwadracie 0
sudoku.model.SudokuBoard@79f82fc4[
  size=9
  solver=sudoku.model.BacktrackingSudokuSolver@554db19d
  board={{6,3,5,2,9,1,7,8,4},{8,7,4,3,5,6,1,9,2},{2,9,1,4,7,8,3,5,6},{3,8,6,7,1,2,5,4,9},{7,2,9,5,4,3,8,6,1},{5,0,0,0,0,0,0,0,0},{0,0,0,0,0,0,0,0,0},{0,0,0,0,0,0,0,0,0},{0,0,0,0,0,0,0,0,0}}
]
13:52:47.691 INFO  [main] SudokuBoard - Warto?? 0 wstawiona nieprawid?owo
13:52:47.691 INFO  [main] SudokuBoard - B?ad w kwadracie 0
sudoku.model.SudokuBoard@79f82fc4[
  size=9
  solver=sudoku.model.BacktrackingSudokuSolver@554db19d
  board={{6,3,5,2,9,1,7,8,4},{8,7,4,3,5,6,1,9,2},{2,9,1,4,7,8,3,5,6},{3,8,6,7,1,2,5,4,9},{7,2,9,5,4,3,8,6,1},{0,0,0,0,0,0,0,0,0},{0,0,0,0,0,0,0,0,0},{0,0,0,0,0,0,0,0,0},{0,0,0,0,0,0,0,0,0}}
]
13:52:47.691 INFO  [main] SudokuBoard - Warto?? 0 wstawiona nieprawid?owo
13:52:47.692 INFO  [main] SudokuBoard - B?ad w kwadracie 0
sudoku.model.SudokuBoard@79f82fc4[
  size=9
  solver=sudoku.model.BacktrackingSudokuSolver@554db19d
  board={{6,3,5,2,9,1,7,8,4},{8,7,4,3,5,6,1,9,2},{2,9,1,4,7,8,3,5,6},{3,8,6,7,1,2,5,4,9},{7,2,9,5,4,3,8,6,0},{0,0,0,0,0,0,0,0,0},{0,0,0,0,0,0,0,0,0},{0,0,0,0,0,0,0,0,0},{0,0,0,0,0,0,0,0,0}}
]
13:52:47.692 INFO  [main] SudokuBoard - Warto?? 0 wstawiona nieprawid?owo
13:52:47.692 INFO  [main] SudokuBoard - B?ad w kwadracie 0
sudoku.model.SudokuBoard@79f82fc4[
  size=9
  solver=sudoku.model.BacktrackingSudokuSolver@554db19d
  board={{6,3,5,2,9,1,7,8,4},{8,7,4,3,5,6,1,9,2},{2,9,1,4,7,8,3,5,6},{3,8,6,7,1,2,5,4,9},{7,2,9,5,4,3,8,0,0},{0,0,0,0,0,0,0,0,0},{0,0,0,0,0,0,0,0,0},{0,0,0,0,0,0,0,0,0},{0,0,0,0,0,0,0,0,0}}
]
13:52:47.692 INFO  [main] SudokuBoard - Warto?? 0 wstawiona nieprawid?owo
13:52:47.692 INFO  [main] SudokuBoard - B?ad w kwadracie 0
sudoku.model.SudokuBoard@79f82fc4[
  size=9
  solver=sudoku.model.BacktrackingSudokuSolver@554db19d
  board={{6,3,5,2,9,1,7,8,4},{8,7,4,3,5,6,1,9,2},{2,9,1,4,7,8,3,5,6},{3,8,6,7,1,2,5,4,9},{7,2,9,5,4,3,0,0,0},{0,0,0,0,0,0,0,0,0},{0,0,0,0,0,0,0,0,0},{0,0,0,0,0,0,0,0,0},{0,0,0,0,0,0,0,0,0}}
]
13:52:47.692 INFO  [main] SudokuBoard - Warto?? 0 wstawiona nieprawid?owo
13:52:47.692 INFO  [main] SudokuBoard - B?ad w kwadracie 0
sudoku.model.SudokuBoard@79f82fc4[
  size=9
  solver=sudoku.model.BacktrackingSudokuSolver@554db19d
  board={{6,3,5,2,9,1,7,8,4},{8,7,4,3,5,6,1,9,2},{2,9,1,4,7,8,3,5,6},{3,8,6,7,1,2,5,4,9},{7,2,9,5,4,0,0,0,0},{0,0,0,0,0,0,0,0,0},{0,0,0,0,0,0,0,0,0},{0,0,0,0,0,0,0,0,0},{0,0,0,0,0,0,0,0,0}}
]
13:52:47.693 INFO  [main] SudokuBoard - Warto?? 0 wstawiona nieprawid?owo
13:52:47.693 INFO  [main] SudokuBoard - B?ad w kwadracie 0
sudoku.model.SudokuBoard@79f82fc4[
  size=9
  solver=sudoku.model.BacktrackingSudokuSolver@554db19d
  board={{6,3,5,2,9,1,7,8,4},{8,7,4,3,5,6,1,9,2},{2,9,1,4,7,8,3,5,6},{3,8,6,7,1,2,5,4,9},{7,2,9,5,0,0,0,0,0},{0,0,0,0,0,0,0,0,0},{0,0,0,0,0,0,0,0,0},{0,0,0,0,0,0,0,0,0},{0,0,0,0,0,0,0,0,0}}
]
13:52:47.693 INFO  [main] SudokuBoard - Warto?? 0 wstawiona nieprawid?owo
13:52:47.693 INFO  [main] SudokuBoard - B?ad w kwadracie 0
sudoku.model.SudokuBoard@79f82fc4[
  size=9
  solver=sudoku.model.BacktrackingSudokuSolver@554db19d
  board={{6,3,5,2,9,1,7,8,4},{8,7,4,3,5,6,1,9,2},{2,9,1,4,7,8,3,5,6},{3,8,6,7,1,2,5,4,9},{7,2,9,5,6,3,8,0,0},{0,0,0,0,0,0,0,0,0},{0,0,0,0,0,0,0,0,0},{0,0,0,0,0,0,0,0,0},{0,0,0,0,0,0,0,0,0}}
]
13:52:47.693 INFO  [main] SudokuBoard - Warto?? 0 wstawiona nieprawid?owo
13:52:47.693 INFO  [main] SudokuBoard - B?ad w kwadracie 0
sudoku.model.SudokuBoard@79f82fc4[
  size=9
  solver=sudoku.model.BacktrackingSudokuSolver@554db19d
  board={{6,3,5,2,9,1,7,8,4},{8,7,4,3,5,6,1,9,2},{2,9,1,4,7,8,3,5,6},{3,8,6,7,1,2,5,4,9},{7,2,9,5,6,3,0,0,0},{0,0,0,0,0,0,0,0,0},{0,0,0,0,0,0,0,0,0},{0,0,0,0,0,0,0,0,0},{0,0,0,0,0,0,0,0,0}}
]
13:52:47.693 INFO  [main] SudokuBoard - Warto?? 0 wstawiona nieprawid?owo
13:52:47.694 INFO  [main] SudokuBoard - B?ad w kwadracie 0
sudoku.model.SudokuBoard@79f82fc4[
  size=9
  solver=sudoku.model.BacktrackingSudokuSolver@554db19d
  board={{6,3,5,2,9,1,7,8,4},{8,7,4,3,5,6,1,9,2},{2,9,1,4,7,8,3,5,6},{3,8,6,7,1,2,5,4,9},{7,2,9,5,6,0,0,0,0},{0,0,0,0,0,0,0,0,0},{0,0,0,0,0,0,0,0,0},{0,0,0,0,0,0,0,0,0},{0,0,0,0,0,0,0,0,0}}
]
13:52:47.694 INFO  [main] SudokuBoard - Warto?? 0 wstawiona nieprawid?owo
13:52:47.694 INFO  [main] SudokuBoard - B?ad w kwadracie 0
sudoku.model.SudokuBoard@79f82fc4[
  size=9
  solver=sudoku.model.BacktrackingSudokuSolver@554db19d
  board={{6,3,5,2,9,1,7,8,4},{8,7,4,3,5,6,1,9,2},{2,9,1,4,7,8,3,5,6},{3,8,6,7,1,2,5,4,9},{7,2,9,5,6,4,8,1,3},{1,0,0,0,0,0,0,0,0},{0,0,0,0,0,0,0,0,0},{0,0,0,0,0,0,0,0,0},{0,0,0,0,0,0,0,0,0}}
]
13:52:47.694 INFO  [main] SudokuBoard - Warto?? 0 wstawiona nieprawid?owo
13:52:47.694 INFO  [main] SudokuBoard - B?ad w kwadracie 0
sudoku.model.SudokuBoard@79f82fc4[
  size=9
  solver=sudoku.model.BacktrackingSudokuSolver@554db19d
  board={{6,3,5,2,9,1,7,8,4},{8,7,4,3,5,6,1,9,2},{2,9,1,4,7,8,3,5,6},{3,8,6,7,1,2,5,4,9},{7,2,9,5,6,4,8,1,3},{1,0,0,0,0,0,0,0,0},{0,0,0,0,0,0,0,0,0},{0,0,0,0,0,0,0,0,0},{0,0,0,0,0,0,0,0,0}}
]
13:52:47.694 INFO  [main] SudokuBoard - Warto?? 0 wstawiona nieprawid?owo
13:52:47.695 INFO  [main] SudokuBoard - B?ad w kwadracie 0
sudoku.model.SudokuBoard@79f82fc4[
  size=9
  solver=sudoku.model.BacktrackingSudokuSolver@554db19d
  board={{6,3,5,2,9,1,7,8,4},{8,7,4,3,5,6,1,9,2},{2,9,1,4,7,8,3,5,6},{3,8,6,7,1,2,5,4,9},{7,2,9,5,6,4,8,1,3},{0,0,0,0,0,0,0,0,0},{0,0,0,0,0,0,0,0,0},{0,0,0,0,0,0,0,0,0},{0,0,0,0,0,0,0,0,0}}
]
13:52:47.695 INFO  [main] SudokuBoard - Warto?? 0 wstawiona nieprawid?owo
13:52:47.695 INFO  [main] SudokuBoard - B?ad w kwadracie 0
sudoku.model.SudokuBoard@79f82fc4[
  size=9
  solver=sudoku.model.BacktrackingSudokuSolver@554db19d
  board={{6,3,5,2,9,1,7,8,4},{8,7,4,3,5,6,1,9,2},{2,9,1,4,7,8,3,5,6},{3,8,6,7,1,2,5,4,9},{7,2,9,5,6,4,8,1,3},{4,0,0,0,0,0,0,0,0},{0,0,0,0,0,0,0,0,0},{0,0,0,0,0,0,0,0,0},{0,0,0,0,0,0,0,0,0}}
]
13:52:47.695 INFO  [main] SudokuBoard - Warto?? 0 wstawiona nieprawid?owo
13:52:47.695 INFO  [main] SudokuBoard - B?ad w kwadracie 0
sudoku.model.SudokuBoard@79f82fc4[
  size=9
  solver=sudoku.model.BacktrackingSudokuSolver@554db19d
  board={{6,3,5,2,9,1,7,8,4},{8,7,4,3,5,6,1,9,2},{2,9,1,4,7,8,3,5,6},{3,8,6,7,1,2,5,4,9},{7,2,9,5,6,4,8,1,3},{4,0,0,0,0,0,0,0,0},{0,0,0,0,0,0,0,0,0},{0,0,0,0,0,0,0,0,0},{0,0,0,0,0,0,0,0,0}}
]
13:52:47.695 INFO  [main] SudokuBoard - Warto?? 0 wstawiona nieprawid?owo
13:52:47.696 INFO  [main] SudokuBoard - B?ad w kwadracie 0
sudoku.model.SudokuBoard@79f82fc4[
  size=9
  solver=sudoku.model.BacktrackingSudokuSolver@554db19d
  board={{6,3,5,2,9,1,7,8,4},{8,7,4,3,5,6,1,9,2},{2,9,1,4,7,8,3,5,6},{3,8,6,7,1,2,5,4,9},{7,2,9,5,6,4,8,1,3},{0,0,0,0,0,0,0,0,0},{0,0,0,0,0,0,0,0,0},{0,0,0,0,0,0,0,0,0},{0,0,0,0,0,0,0,0,0}}
]
13:52:47.696 INFO  [main] SudokuBoard - Warto?? 0 wstawiona nieprawid?owo
13:52:47.696 INFO  [main] SudokuBoard - B?ad w kwadracie 0
sudoku.model.SudokuBoard@79f82fc4[
  size=9
  solver=sudoku.model.BacktrackingSudokuSolver@554db19d
  board={{6,3,5,2,9,1,7,8,4},{8,7,4,3,5,6,1,9,2},{2,9,1,4,7,8,3,5,6},{3,8,6,7,1,2,5,4,9},{7,2,9,5,6,4,8,1,3},{5,0,0,0,0,0,0,0,0},{0,0,0,0,0,0,0,0,0},{0,0,0,0,0,0,0,0,0},{0,0,0,0,0,0,0,0,0}}
]
13:52:47.696 INFO  [main] SudokuBoard - Warto?? 0 wstawiona nieprawid?owo
13:52:47.696 INFO  [main] SudokuBoard - B?ad w kwadracie 0
sudoku.model.SudokuBoard@79f82fc4[
  size=9
  solver=sudoku.model.BacktrackingSudokuSolver@554db19d
  board={{6,3,5,2,9,1,7,8,4},{8,7,4,3,5,6,1,9,2},{2,9,1,4,7,8,3,5,6},{3,8,6,7,1,2,5,4,9},{7,2,9,5,6,4,8,1,3},{5,0,0,0,0,0,0,0,0},{0,0,0,0,0,0,0,0,0},{0,0,0,0,0,0,0,0,0},{0,0,0,0,0,0,0,0,0}}
]
13:52:47.696 INFO  [main] SudokuBoard - Warto?? 0 wstawiona nieprawid?owo
13:52:47.696 INFO  [main] SudokuBoard - B?ad w kwadracie 0
sudoku.model.SudokuBoard@79f82fc4[
  size=9
  solver=sudoku.model.BacktrackingSudokuSolver@554db19d
  board={{6,3,5,2,9,1,7,8,4},{8,7,4,3,5,6,1,9,2},{2,9,1,4,7,8,3,5,6},{3,8,6,7,1,2,5,4,9},{7,2,9,5,6,4,8,1,3},{0,0,0,0,0,0,0,0,0},{0,0,0,0,0,0,0,0,0},{0,0,0,0,0,0,0,0,0},{0,0,0,0,0,0,0,0,0}}
]
13:52:47.697 INFO  [main] SudokuBoard - Warto?? 0 wstawiona nieprawid?owo
13:52:47.697 INFO  [main] SudokuBoard - B?ad w kwadracie 0
sudoku.model.SudokuBoard@79f82fc4[
  size=9
  solver=sudoku.model.BacktrackingSudokuSolver@554db19d
  board={{6,3,5,2,9,1,7,8,4},{8,7,4,3,5,6,1,9,2},{2,9,1,4,7,8,3,5,6},{3,8,6,7,1,2,5,4,9},{7,2,9,5,6,4,8,1,0},{0,0,0,0,0,0,0,0,0},{0,0,0,0,0,0,0,0,0},{0,0,0,0,0,0,0,0,0},{0,0,0,0,0,0,0,0,0}}
]
13:52:47.697 INFO  [main] SudokuBoard - Warto?? 0 wstawiona nieprawid?owo
13:52:47.697 INFO  [main] SudokuBoard - B?ad w kwadracie 0
sudoku.model.SudokuBoard@79f82fc4[
  size=9
  solver=sudoku.model.BacktrackingSudokuSolver@554db19d
  board={{6,3,5,2,9,1,7,8,4},{8,7,4,3,5,6,1,9,2},{2,9,1,4,7,8,3,5,6},{3,8,6,7,1,2,5,4,9},{7,2,9,5,6,4,8,0,0},{0,0,0,0,0,0,0,0,0},{0,0,0,0,0,0,0,0,0},{0,0,0,0,0,0,0,0,0},{0,0,0,0,0,0,0,0,0}}
]
13:52:47.697 INFO  [main] SudokuBoard - Warto?? 0 wstawiona nieprawid?owo
13:52:47.697 INFO  [main] SudokuBoard - B?ad w kwadracie 0
sudoku.model.SudokuBoard@79f82fc4[
  size=9
  solver=sudoku.model.BacktrackingSudokuSolver@554db19d
  board={{6,3,5,2,9,1,7,8,4},{8,7,4,3,5,6,1,9,2},{2,9,1,4,7,8,3,5,6},{3,8,6,7,1,2,5,4,9},{7,2,9,5,6,4,8,3,1},{1,0,0,0,0,0,0,0,0},{0,0,0,0,0,0,0,0,0},{0,0,0,0,0,0,0,0,0},{0,0,0,0,0,0,0,0,0}}
]
13:52:47.697 INFO  [main] SudokuBoard - Warto?? 0 wstawiona nieprawid?owo
13:52:47.697 INFO  [main] SudokuBoard - B?ad w kwadracie 0
sudoku.model.SudokuBoard@79f82fc4[
  size=9
  solver=sudoku.model.BacktrackingSudokuSolver@554db19d
  board={{6,3,5,2,9,1,7,8,4},{8,7,4,3,5,6,1,9,2},{2,9,1,4,7,8,3,5,6},{3,8,6,7,1,2,5,4,9},{7,2,9,5,6,4,8,3,1},{1,0,0,0,0,0,0,0,0},{0,0,0,0,0,0,0,0,0},{0,0,0,0,0,0,0,0,0},{0,0,0,0,0,0,0,0,0}}
]
13:52:47.697 INFO  [main] SudokuBoard - Warto?? 0 wstawiona nieprawid?owo
13:52:47.698 INFO  [main] SudokuBoard - B?ad w kwadracie 0
sudoku.model.SudokuBoard@79f82fc4[
  size=9
  solver=sudoku.model.BacktrackingSudokuSolver@554db19d
  board={{6,3,5,2,9,1,7,8,4},{8,7,4,3,5,6,1,9,2},{2,9,1,4,7,8,3,5,6},{3,8,6,7,1,2,5,4,9},{7,2,9,5,6,4,8,3,1},{0,0,0,0,0,0,0,0,0},{0,0,0,0,0,0,0,0,0},{0,0,0,0,0,0,0,0,0},{0,0,0,0,0,0,0,0,0}}
]
13:52:47.698 INFO  [main] SudokuBoard - Warto?? 0 wstawiona nieprawid?owo
13:52:47.698 INFO  [main] SudokuBoard - B?ad w kwadracie 0
sudoku.model.SudokuBoard@79f82fc4[
  size=9
  solver=sudoku.model.BacktrackingSudokuSolver@554db19d
  board={{6,3,5,2,9,1,7,8,4},{8,7,4,3,5,6,1,9,2},{2,9,1,4,7,8,3,5,6},{3,8,6,7,1,2,5,4,9},{7,2,9,5,6,4,8,3,1},{4,0,0,0,0,0,0,0,0},{0,0,0,0,0,0,0,0,0},{0,0,0,0,0,0,0,0,0},{0,0,0,0,0,0,0,0,0}}
]
13:52:47.698 INFO  [main] SudokuBoard - Warto?? 0 wstawiona nieprawid?owo
13:52:47.698 INFO  [main] SudokuBoard - B?ad w kwadracie 0
sudoku.model.SudokuBoard@79f82fc4[
  size=9
  solver=sudoku.model.BacktrackingSudokuSolver@554db19d
  board={{6,3,5,2,9,1,7,8,4},{8,7,4,3,5,6,1,9,2},{2,9,1,4,7,8,3,5,6},{3,8,6,7,1,2,5,4,9},{7,2,9,5,6,4,8,3,1},{4,0,0,0,0,0,0,0,0},{0,0,0,0,0,0,0,0,0},{0,0,0,0,0,0,0,0,0},{0,0,0,0,0,0,0,0,0}}
]
13:52:47.698 INFO  [main] SudokuBoard - Warto?? 0 wstawiona nieprawid?owo
13:52:47.698 INFO  [main] SudokuBoard - B?ad w kwadracie 0
sudoku.model.SudokuBoard@79f82fc4[
  size=9
  solver=sudoku.model.BacktrackingSudokuSolver@554db19d
  board={{6,3,5,2,9,1,7,8,4},{8,7,4,3,5,6,1,9,2},{2,9,1,4,7,8,3,5,6},{3,8,6,7,1,2,5,4,9},{7,2,9,5,6,4,8,3,1},{0,0,0,0,0,0,0,0,0},{0,0,0,0,0,0,0,0,0},{0,0,0,0,0,0,0,0,0},{0,0,0,0,0,0,0,0,0}}
]
13:52:47.698 INFO  [main] SudokuBoard - Warto?? 0 wstawiona nieprawid?owo
13:52:47.698 INFO  [main] SudokuBoard - B?ad w kwadracie 0
sudoku.model.SudokuBoard@79f82fc4[
  size=9
  solver=sudoku.model.BacktrackingSudokuSolver@554db19d
  board={{6,3,5,2,9,1,7,8,4},{8,7,4,3,5,6,1,9,2},{2,9,1,4,7,8,3,5,6},{3,8,6,7,1,2,5,4,9},{7,2,9,5,6,4,8,3,1},{5,0,0,0,0,0,0,0,0},{0,0,0,0,0,0,0,0,0},{0,0,0,0,0,0,0,0,0},{0,0,0,0,0,0,0,0,0}}
]
13:52:47.698 INFO  [main] SudokuBoard - Warto?? 0 wstawiona nieprawid?owo
13:52:47.698 INFO  [main] SudokuBoard - B?ad w kwadracie 0
sudoku.model.SudokuBoard@79f82fc4[
  size=9
  solver=sudoku.model.BacktrackingSudokuSolver@554db19d
  board={{6,3,5,2,9,1,7,8,4},{8,7,4,3,5,6,1,9,2},{2,9,1,4,7,8,3,5,6},{3,8,6,7,1,2,5,4,9},{7,2,9,5,6,4,8,3,1},{5,0,0,0,0,0,0,0,0},{0,0,0,0,0,0,0,0,0},{0,0,0,0,0,0,0,0,0},{0,0,0,0,0,0,0,0,0}}
]
13:52:47.699 INFO  [main] SudokuBoard - Warto?? 0 wstawiona nieprawid?owo
13:52:47.699 INFO  [main] SudokuBoard - B?ad w kwadracie 0
sudoku.model.SudokuBoard@79f82fc4[
  size=9
  solver=sudoku.model.BacktrackingSudokuSolver@554db19d
  board={{6,3,5,2,9,1,7,8,4},{8,7,4,3,5,6,1,9,2},{2,9,1,4,7,8,3,5,6},{3,8,6,7,1,2,5,4,9},{7,2,9,5,6,4,8,3,1},{0,0,0,0,0,0,0,0,0},{0,0,0,0,0,0,0,0,0},{0,0,0,0,0,0,0,0,0},{0,0,0,0,0,0,0,0,0}}
]
13:52:47.699 INFO  [main] SudokuBoard - Warto?? 0 wstawiona nieprawid?owo
13:52:47.699 INFO  [main] SudokuBoard - B?ad w kwadracie 0
sudoku.model.SudokuBoard@79f82fc4[
  size=9
  solver=sudoku.model.BacktrackingSudokuSolver@554db19d
  board={{6,3,5,2,9,1,7,8,4},{8,7,4,3,5,6,1,9,2},{2,9,1,4,7,8,3,5,6},{3,8,6,7,1,2,5,4,9},{7,2,9,5,6,4,8,3,0},{0,0,0,0,0,0,0,0,0},{0,0,0,0,0,0,0,0,0},{0,0,0,0,0,0,0,0,0},{0,0,0,0,0,0,0,0,0}}
]
13:52:47.699 INFO  [main] SudokuBoard - Warto?? 0 wstawiona nieprawid?owo
13:52:47.699 INFO  [main] SudokuBoard - B?ad w kwadracie 0
sudoku.model.SudokuBoard@79f82fc4[
  size=9
  solver=sudoku.model.BacktrackingSudokuSolver@554db19d
  board={{6,3,5,2,9,1,7,8,4},{8,7,4,3,5,6,1,9,2},{2,9,1,4,7,8,3,5,6},{3,8,6,7,1,2,5,4,9},{7,2,9,5,6,4,8,0,0},{0,0,0,0,0,0,0,0,0},{0,0,0,0,0,0,0,0,0},{0,0,0,0,0,0,0,0,0},{0,0,0,0,0,0,0,0,0}}
]
13:52:47.699 INFO  [main] SudokuBoard - Warto?? 0 wstawiona nieprawid?owo
13:52:47.699 INFO  [main] SudokuBoard - B?ad w kwadracie 0
sudoku.model.SudokuBoard@79f82fc4[
  size=9
  solver=sudoku.model.BacktrackingSudokuSolver@554db19d
  board={{6,3,5,2,9,1,7,8,4},{8,7,4,3,5,6,1,9,2},{2,9,1,4,7,8,3,5,6},{3,8,6,7,1,2,5,4,9},{7,2,9,5,6,4,0,0,0},{0,0,0,0,0,0,0,0,0},{0,0,0,0,0,0,0,0,0},{0,0,0,0,0,0,0,0,0},{0,0,0,0,0,0,0,0,0}}
]
13:52:47.699 INFO  [main] SudokuBoard - Warto?? 0 wstawiona nieprawid?owo
13:52:47.699 INFO  [main] SudokuBoard - B?ad w kwadracie 0
sudoku.model.SudokuBoard@79f82fc4[
  size=9
  solver=sudoku.model.BacktrackingSudokuSolver@554db19d
  board={{6,3,5,2,9,1,7,8,4},{8,7,4,3,5,6,1,9,2},{2,9,1,4,7,8,3,5,6},{3,8,6,7,1,2,5,4,9},{7,2,9,5,6,0,0,0,0},{0,0,0,0,0,0,0,0,0},{0,0,0,0,0,0,0,0,0},{0,0,0,0,0,0,0,0,0},{0,0,0,0,0,0,0,0,0}}
]
13:52:47.699 INFO  [main] SudokuBoard - Warto?? 0 wstawiona nieprawid?owo
13:52:47.700 INFO  [main] SudokuBoard - B?ad w kwadracie 0
sudoku.model.SudokuBoard@79f82fc4[
  size=9
  solver=sudoku.model.BacktrackingSudokuSolver@554db19d
  board={{6,3,5,2,9,1,7,8,4},{8,7,4,3,5,6,1,9,2},{2,9,1,4,7,8,3,5,6},{3,8,6,7,1,2,5,4,9},{7,2,9,5,0,0,0,0,0},{0,0,0,0,0,0,0,0,0},{0,0,0,0,0,0,0,0,0},{0,0,0,0,0,0,0,0,0},{0,0,0,0,0,0,0,0,0}}
]
13:52:47.700 INFO  [main] SudokuBoard - Warto?? 0 wstawiona nieprawid?owo
13:52:47.700 INFO  [main] SudokuBoard - B?ad w kwadracie 0
sudoku.model.SudokuBoard@79f82fc4[
  size=9
  solver=sudoku.model.BacktrackingSudokuSolver@554db19d
  board={{6,3,5,2,9,1,7,8,4},{8,7,4,3,5,6,1,9,2},{2,9,1,4,7,8,3,5,6},{3,8,6,7,1,2,5,4,9},{7,2,9,0,0,0,0,0,0},{0,0,0,0,0,0,0,0,0},{0,0,0,0,0,0,0,0,0},{0,0,0,0,0,0,0,0,0},{0,0,0,0,0,0,0,0,0}}
]
13:52:47.700 INFO  [main] SudokuBoard - Warto?? 0 wstawiona nieprawid?owo
13:52:47.700 INFO  [main] SudokuBoard - B?ad w kwadracie 0
sudoku.model.SudokuBoard@79f82fc4[
  size=9
  solver=sudoku.model.BacktrackingSudokuSolver@554db19d
  board={{6,3,5,2,9,1,7,8,4},{8,7,4,3,5,6,1,9,2},{2,9,1,4,7,8,3,5,6},{3,8,6,7,1,2,5,4,9},{7,2,0,0,0,0,0,0,0},{0,0,0,0,0,0,0,0,0},{0,0,0,0,0,0,0,0,0},{0,0,0,0,0,0,0,0,0},{0,0,0,0,0,0,0,0,0}}
]
13:52:47.700 INFO  [main] SudokuBoard - Warto?? 0 wstawiona nieprawid?owo
13:52:47.700 INFO  [main] SudokuBoard - B?ad w kwadracie 0
sudoku.model.SudokuBoard@79f82fc4[
  size=9
  solver=sudoku.model.BacktrackingSudokuSolver@554db19d
  board={{6,3,5,2,9,1,7,8,4},{8,7,4,3,5,6,1,9,2},{2,9,1,4,7,8,3,5,6},{3,8,6,7,1,2,5,4,9},{7,0,0,0,0,0,0,0,0},{0,0,0,0,0,0,0,0,0},{0,0,0,0,0,0,0,0,0},{0,0,0,0,0,0,0,0,0},{0,0,0,0,0,0,0,0,0}}
]
13:52:47.700 INFO  [main] SudokuBoard - Warto?? 0 wstawiona nieprawid?owo
13:52:47.700 INFO  [main] SudokuBoard - B?ad w kwadracie 0
sudoku.model.SudokuBoard@79f82fc4[
  size=9
  solver=sudoku.model.BacktrackingSudokuSolver@554db19d
  board={{6,3,5,2,9,1,7,8,4},{8,7,4,3,5,6,1,9,2},{2,9,1,4,7,8,3,5,6},{3,8,6,7,1,2,5,4,9},{7,4,9,5,8,3,6,0,0},{0,0,0,0,0,0,0,0,0},{0,0,0,0,0,0,0,0,0},{0,0,0,0,0,0,0,0,0},{0,0,0,0,0,0,0,0,0}}
]
13:52:47.700 INFO  [main] SudokuBoard - Warto?? 0 wstawiona nieprawid?owo
13:52:47.701 INFO  [main] SudokuBoard - B?ad w kwadracie 0
sudoku.model.SudokuBoard@79f82fc4[
  size=9
  solver=sudoku.model.BacktrackingSudokuSolver@554db19d
  board={{6,3,5,2,9,1,7,8,4},{8,7,4,3,5,6,1,9,2},{2,9,1,4,7,8,3,5,6},{3,8,6,7,1,2,5,4,9},{7,4,9,5,8,3,6,2,1},{1,5,2,9,0,0,0,0,0},{0,0,0,0,0,0,0,0,0},{0,0,0,0,0,0,0,0,0},{0,0,0,0,0,0,0,0,0}}
]
13:52:47.701 INFO  [main] SudokuBoard - Warto?? 0 wstawiona nieprawid?owo
13:52:47.701 INFO  [main] SudokuBoard - B?ad w kwadracie 0
sudoku.model.SudokuBoard@79f82fc4[
  size=9
  solver=sudoku.model.BacktrackingSudokuSolver@554db19d
  board={{6,3,5,2,9,1,7,8,4},{8,7,4,3,5,6,1,9,2},{2,9,1,4,7,8,3,5,6},{3,8,6,7,1,2,5,4,9},{7,4,9,5,8,3,6,2,1},{1,5,2,9,6,4,8,3,7},{4,6,7,8,2,5,9,1,3},{5,1,3,6,4,7,0,0,0},{0,0,0,0,0,0,0,0,0}}
]
13:52:47.701 INFO  [main] SudokuBoard - Warto?? 0 wstawiona nieprawid?owo
13:52:47.701 INFO  [main] SudokuBoard - B?ad w kwadracie 0
sudoku.model.SudokuBoard@79f82fc4[
  size=9
  solver=sudoku.model.BacktrackingSudokuSolver@554db19d
  board={{6,3,5,2,9,1,7,8,4},{8,7,4,3,5,6,1,9,2},{2,9,1,4,7,8,3,5,6},{3,8,6,7,1,2,5,4,9},{7,4,9,5,8,3,6,2,1},{1,5,2,9,6,4,8,3,7},{4,6,7,8,2,5,9,1,3},{5,1,3,6,4,0,0,0,0},{0,0,0,0,0,0,0,0,0}}
]
13:52:47.701 INFO  [main] SudokuBoard - Warto?? 0 wstawiona nieprawid?owo
13:52:47.701 INFO  [main] SudokuBoard - B?ad w kwadracie 0
sudoku.model.SudokuBoard@79f82fc4[
  size=9
  solver=sudoku.model.BacktrackingSudokuSolver@554db19d
  board={{1,3,5,2,9,1,7,8,4},{8,7,4,3,5,6,1,9,2},{2,9,1,4,7,8,3,5,6},{3,8,6,7,1,2,5,4,9},{7,4,9,5,8,3,6,2,1},{1,5,2,9,6,4,8,3,7},{4,6,7,8,2,5,9,1,3},{5,1,3,6,4,9,2,7,8},{9,2,8,1,3,7,4,6,5}}
]
13:52:47.701 INFO  [main] SudokuBoard - Warto?? 1 wstawiona nieprawid?owo
13:52:47.701 INFO  [main] SudokuBoard - B?ad w kwadracie 0
sudoku.model.SudokuBoard@79f82fc4[
  size=9
  solver=sudoku.model.BacktrackingSudokuSolver@554db19d
  board={{1,1,5,2,9,1,7,8,4},{8,7,4,3,5,6,1,9,2},{2,9,1,4,7,8,3,5,6},{3,8,6,7,1,2,5,4,9},{7,4,9,5,8,3,6,2,1},{1,5,2,9,6,4,8,3,7},{4,6,7,8,2,5,9,1,3},{5,1,3,6,4,9,2,7,8},{9,2,8,1,3,7,4,6,5}}
]
13:52:47.701 INFO  [main] SudokuBoard - Warto?? 1 wstawiona nieprawid?owo
13:52:47.702 INFO  [main] SudokuBoard - B?ad w kwadracie 0
sudoku.model.SudokuBoard@bb896e9[
  size=9
  solver=sudoku.model.BacktrackingSudokuSolver@554db19d
  board={{1,1,5,2,9,1,7,8,4},{8,7,4,3,5,6,1,9,2},{2,9,1,4,7,8,3,5,6},{3,8,6,7,1,2,5,4,9},{7,4,9,5,8,3,6,2,1},{1,5,2,9,6,4,8,3,7},{4,6,7,8,2,5,9,1,3},{5,1,3,6,4,9,2,7,8},{9,2,8,1,3,7,4,6,5}}
]
]]></system-out>
  </testcase>
  <testcase name="testEqualsDiffrentInstance" classname="sudoku.model.SudokuBoardTest" time="0.006"/>
  <testcase name="cloneTest" classname="sudoku.model.SudokuBoardTest" time="0.02">
    <system-out><![CDATA[13:52:47.713 INFO  [main] SudokuBoard - B?ad w kwadracie 0
sudoku.model.SudokuBoard@4fe4b8b6[
  size=9
  solver=sudoku.model.BacktrackingSudokuSolver@77da2881
  board={{8,2,9,1,6,3,4,7,5},{6,1,7,8,4,5,9,2,3},{3,4,5,9,7,2,6,1,8},{9,6,1,3,8,4,2,5,7},{2,7,4,6,9,1,3,0,0},{0,0,0,0,0,0,0,0,0},{0,0,0,0,0,0,0,0,0},{0,0,0,0,0,0,0,0,0},{0,0,0,0,0,0,0,0,0}}
]
13:52:47.713 INFO  [main] SudokuBoard - Warto?? 0 wstawiona nieprawid?owo
13:52:47.713 INFO  [main] SudokuBoard - B?ad w kwadracie 0
sudoku.model.SudokuBoard@4fe4b8b6[
  size=9
  solver=sudoku.model.BacktrackingSudokuSolver@77da2881
  board={{8,2,9,1,6,3,4,7,5},{6,1,7,8,4,5,9,2,3},{3,4,5,9,7,2,6,1,8},{9,6,1,3,8,4,2,5,7},{2,7,4,6,9,1,0,0,0},{0,0,0,0,0,0,0,0,0},{0,0,0,0,0,0,0,0,0},{0,0,0,0,0,0,0,0,0},{0,0,0,0,0,0,0,0,0}}
]
13:52:47.713 INFO  [main] SudokuBoard - Warto?? 0 wstawiona nieprawid?owo
13:52:47.713 INFO  [main] SudokuBoard - B?ad w kwadracie 0
sudoku.model.SudokuBoard@4fe4b8b6[
  size=9
  solver=sudoku.model.BacktrackingSudokuSolver@77da2881
  board={{8,2,9,1,6,3,4,7,5},{6,1,7,8,4,5,9,2,3},{3,4,5,9,7,2,6,1,8},{9,6,1,3,8,4,2,5,7},{2,7,4,6,9,1,8,0,0},{0,0,0,0,0,0,0,0,0},{0,0,0,0,0,0,0,0,0},{0,0,0,0,0,0,0,0,0},{0,0,0,0,0,0,0,0,0}}
]
13:52:47.713 INFO  [main] SudokuBoard - Warto?? 0 wstawiona nieprawid?owo
13:52:47.713 INFO  [main] SudokuBoard - B?ad w kwadracie 0
sudoku.model.SudokuBoard@4fe4b8b6[
  size=9
  solver=sudoku.model.BacktrackingSudokuSolver@77da2881
  board={{8,2,9,1,6,3,4,7,5},{6,1,7,8,4,5,9,2,3},{3,4,5,9,7,2,6,1,8},{9,6,1,3,8,4,2,5,7},{2,7,4,6,9,1,0,0,0},{0,0,0,0,0,0,0,0,0},{0,0,0,0,0,0,0,0,0},{0,0,0,0,0,0,0,0,0},{0,0,0,0,0,0,0,0,0}}
]
13:52:47.714 INFO  [main] SudokuBoard - Warto?? 0 wstawiona nieprawid?owo
13:52:47.714 INFO  [main] SudokuBoard - B?ad w kwadracie 0
sudoku.model.SudokuBoard@4fe4b8b6[
  size=9
  solver=sudoku.model.BacktrackingSudokuSolver@77da2881
  board={{8,2,9,1,6,3,4,7,5},{6,1,7,8,4,5,9,2,3},{3,4,5,9,7,2,6,1,8},{9,6,1,3,8,4,2,5,7},{2,7,4,6,9,0,0,0,0},{0,0,0,0,0,0,0,0,0},{0,0,0,0,0,0,0,0,0},{0,0,0,0,0,0,0,0,0},{0,0,0,0,0,0,0,0,0}}
]
13:52:47.714 INFO  [main] SudokuBoard - Warto?? 0 wstawiona nieprawid?owo
13:52:47.714 INFO  [main] SudokuBoard - B?ad w kwadracie 0
sudoku.model.SudokuBoard@4fe4b8b6[
  size=9
  solver=sudoku.model.BacktrackingSudokuSolver@77da2881
  board={{8,2,9,1,6,3,4,7,5},{6,1,7,8,4,5,9,2,3},{3,4,5,9,7,2,6,1,8},{9,6,1,3,8,4,2,5,7},{2,7,4,6,0,0,0,0,0},{0,0,0,0,0,0,0,0,0},{0,0,0,0,0,0,0,0,0},{0,0,0,0,0,0,0,0,0},{0,0,0,0,0,0,0,0,0}}
]
13:52:47.714 INFO  [main] SudokuBoard - Warto?? 0 wstawiona nieprawid?owo
13:52:47.714 INFO  [main] SudokuBoard - B?ad w kwadracie 0
sudoku.model.SudokuBoard@4fe4b8b6[
  size=9
  solver=sudoku.model.BacktrackingSudokuSolver@77da2881
  board={{8,2,9,1,6,3,4,7,5},{6,1,7,8,4,5,9,2,3},{3,4,5,9,7,2,6,1,8},{9,6,1,3,8,4,2,5,7},{2,7,4,6,1,9,8,0,0},{0,0,0,0,0,0,0,0,0},{0,0,0,0,0,0,0,0,0},{0,0,0,0,0,0,0,0,0},{0,0,0,0,0,0,0,0,0}}
]
13:52:47.714 INFO  [main] SudokuBoard - Warto?? 0 wstawiona nieprawid?owo
13:52:47.714 INFO  [main] SudokuBoard - B?ad w kwadracie 0
sudoku.model.SudokuBoard@4fe4b8b6[
  size=9
  solver=sudoku.model.BacktrackingSudokuSolver@77da2881
  board={{8,2,9,1,6,3,4,7,5},{6,1,7,8,4,5,9,2,3},{3,4,5,9,7,2,6,1,8},{9,6,1,3,8,4,2,5,7},{2,7,4,6,1,9,0,0,0},{0,0,0,0,0,0,0,0,0},{0,0,0,0,0,0,0,0,0},{0,0,0,0,0,0,0,0,0},{0,0,0,0,0,0,0,0,0}}
]
13:52:47.714 INFO  [main] SudokuBoard - Warto?? 0 wstawiona nieprawid?owo
13:52:47.714 INFO  [main] SudokuBoard - B?ad w kwadracie 0
sudoku.model.SudokuBoard@4fe4b8b6[
  size=9
  solver=sudoku.model.BacktrackingSudokuSolver@77da2881
  board={{8,2,9,1,6,3,4,7,5},{6,1,7,8,4,5,9,2,3},{3,4,5,9,7,2,6,1,8},{9,6,1,3,8,4,2,5,7},{2,7,4,6,1,9,3,0,0},{0,0,0,0,0,0,0,0,0},{0,0,0,0,0,0,0,0,0},{0,0,0,0,0,0,0,0,0},{0,0,0,0,0,0,0,0,0}}
]
13:52:47.715 INFO  [main] SudokuBoard - Warto?? 0 wstawiona nieprawid?owo
13:52:47.715 INFO  [main] SudokuBoard - B?ad w kwadracie 0
sudoku.model.SudokuBoard@4fe4b8b6[
  size=9
  solver=sudoku.model.BacktrackingSudokuSolver@77da2881
  board={{8,2,9,1,6,3,4,7,5},{6,1,7,8,4,5,9,2,3},{3,4,5,9,7,2,6,1,8},{9,6,1,3,8,4,2,5,7},{2,7,4,6,1,9,0,0,0},{0,0,0,0,0,0,0,0,0},{0,0,0,0,0,0,0,0,0},{0,0,0,0,0,0,0,0,0},{0,0,0,0,0,0,0,0,0}}
]
13:52:47.715 INFO  [main] SudokuBoard - Warto?? 0 wstawiona nieprawid?owo
13:52:47.715 INFO  [main] SudokuBoard - B?ad w kwadracie 0
sudoku.model.SudokuBoard@4fe4b8b6[
  size=9
  solver=sudoku.model.BacktrackingSudokuSolver@77da2881
  board={{8,2,9,1,6,3,4,7,5},{6,1,7,8,4,5,9,2,3},{3,4,5,9,7,2,6,1,8},{9,6,1,3,8,4,2,5,7},{2,7,4,6,1,0,0,0,0},{0,0,0,0,0,0,0,0,0},{0,0,0,0,0,0,0,0,0},{0,0,0,0,0,0,0,0,0},{0,0,0,0,0,0,0,0,0}}
]
13:52:47.715 INFO  [main] SudokuBoard - Warto?? 0 wstawiona nieprawid?owo
13:52:47.715 INFO  [main] SudokuBoard - B?ad w kwadracie 0
sudoku.model.SudokuBoard@4fe4b8b6[
  size=9
  solver=sudoku.model.BacktrackingSudokuSolver@77da2881
  board={{8,2,9,1,6,3,4,7,5},{6,1,7,8,4,5,9,2,3},{3,4,5,9,7,2,6,1,8},{9,6,1,3,8,4,2,5,7},{2,7,4,6,0,0,0,0,0},{0,0,0,0,0,0,0,0,0},{0,0,0,0,0,0,0,0,0},{0,0,0,0,0,0,0,0,0},{0,0,0,0,0,0,0,0,0}}
]
13:52:47.715 INFO  [main] SudokuBoard - Warto?? 0 wstawiona nieprawid?owo
13:52:47.715 INFO  [main] SudokuBoard - B?ad w kwadracie 0
sudoku.model.SudokuBoard@4fe4b8b6[
  size=9
  solver=sudoku.model.BacktrackingSudokuSolver@77da2881
  board={{8,2,9,1,6,3,4,7,5},{6,1,7,8,4,5,9,2,3},{3,4,5,9,7,2,6,1,8},{9,6,1,3,8,4,2,5,7},{2,7,4,6,5,9,8,3,1},{5,3,8,2,1,0,0,0,0},{0,0,0,0,0,0,0,0,0},{0,0,0,0,0,0,0,0,0},{0,0,0,0,0,0,0,0,0}}
]
13:52:47.715 INFO  [main] SudokuBoard - Warto?? 0 wstawiona nieprawid?owo
13:52:47.715 INFO  [main] SudokuBoard - B?ad w kwadracie 0
sudoku.model.SudokuBoard@4fe4b8b6[
  size=9
  solver=sudoku.model.BacktrackingSudokuSolver@77da2881
  board={{8,2,9,1,6,3,4,7,5},{6,1,7,8,4,5,9,2,3},{3,4,5,9,7,2,6,1,8},{9,6,1,3,8,4,2,5,7},{2,7,4,6,5,9,8,3,1},{5,3,8,2,0,0,0,0,0},{0,0,0,0,0,0,0,0,0},{0,0,0,0,0,0,0,0,0},{0,0,0,0,0,0,0,0,0}}
]
13:52:47.715 INFO  [main] SudokuBoard - Warto?? 0 wstawiona nieprawid?owo
13:52:47.716 INFO  [main] SudokuBoard - B?ad w kwadracie 0
sudoku.model.SudokuBoard@4fe4b8b6[
  size=9
  solver=sudoku.model.BacktrackingSudokuSolver@77da2881
  board={{8,2,9,1,6,3,4,7,5},{6,1,7,8,4,5,9,2,3},{3,4,5,9,7,2,6,1,8},{9,6,1,3,8,4,2,5,7},{2,7,4,6,5,9,8,3,1},{5,3,8,0,0,0,0,0,0},{0,0,0,0,0,0,0,0,0},{0,0,0,0,0,0,0,0,0},{0,0,0,0,0,0,0,0,0}}
]
13:52:47.716 INFO  [main] SudokuBoard - Warto?? 0 wstawiona nieprawid?owo
13:52:47.716 INFO  [main] SudokuBoard - B?ad w kwadracie 0
sudoku.model.SudokuBoard@4fe4b8b6[
  size=9
  solver=sudoku.model.BacktrackingSudokuSolver@77da2881
  board={{8,2,9,1,6,3,4,7,5},{6,1,7,8,4,5,9,2,3},{3,4,5,9,7,2,6,1,8},{9,6,1,3,8,4,2,5,7},{2,7,4,6,5,9,8,3,1},{5,3,8,7,0,0,0,0,0},{0,0,0,0,0,0,0,0,0},{0,0,0,0,0,0,0,0,0},{0,0,0,0,0,0,0,0,0}}
]
13:52:47.716 INFO  [main] SudokuBoard - Warto?? 0 wstawiona nieprawid?owo
13:52:47.716 INFO  [main] SudokuBoard - B?ad w kwadracie 0
sudoku.model.SudokuBoard@4fe4b8b6[
  size=9
  solver=sudoku.model.BacktrackingSudokuSolver@77da2881
  board={{8,2,9,1,6,3,4,7,5},{6,1,7,8,4,5,9,2,3},{3,4,5,9,7,2,6,1,8},{9,6,1,3,8,4,2,5,7},{2,7,4,6,5,9,8,3,1},{5,3,8,7,2,0,0,0,0},{0,0,0,0,0,0,0,0,0},{0,0,0,0,0,0,0,0,0},{0,0,0,0,0,0,0,0,0}}
]
13:52:47.716 INFO  [main] SudokuBoard - Warto?? 0 wstawiona nieprawid?owo
13:52:47.716 INFO  [main] SudokuBoard - B?ad w kwadracie 0
sudoku.model.SudokuBoard@4fe4b8b6[
  size=9
  solver=sudoku.model.BacktrackingSudokuSolver@77da2881
  board={{8,2,9,1,6,3,4,7,5},{6,1,7,8,4,5,9,2,3},{3,4,5,9,7,2,6,1,8},{9,6,1,3,8,4,2,5,7},{2,7,4,6,5,9,8,3,1},{5,3,8,7,0,0,0,0,0},{0,0,0,0,0,0,0,0,0},{0,0,0,0,0,0,0,0,0},{0,0,0,0,0,0,0,0,0}}
]
13:52:47.716 INFO  [main] SudokuBoard - Warto?? 0 wstawiona nieprawid?owo
13:52:47.716 INFO  [main] SudokuBoard - B?ad w kwadracie 0
sudoku.model.SudokuBoard@4fe4b8b6[
  size=9
  solver=sudoku.model.BacktrackingSudokuSolver@77da2881
  board={{8,2,9,1,6,3,4,7,5},{6,1,7,8,4,5,9,2,3},{3,4,5,9,7,2,6,1,8},{9,6,1,3,8,4,2,5,7},{2,7,4,6,5,9,8,3,1},{5,3,8,0,0,0,0,0,0},{0,0,0,0,0,0,0,0,0},{0,0,0,0,0,0,0,0,0},{0,0,0,0,0,0,0,0,0}}
]
13:52:47.716 INFO  [main] SudokuBoard - Warto?? 0 wstawiona nieprawid?owo
13:52:47.716 INFO  [main] SudokuBoard - B?ad w kwadracie 0
sudoku.model.SudokuBoard@4fe4b8b6[
  size=9
  solver=sudoku.model.BacktrackingSudokuSolver@77da2881
  board={{8,2,9,1,6,3,4,7,5},{6,1,7,8,4,5,9,2,3},{3,4,5,9,7,2,6,1,8},{9,6,1,3,8,4,2,5,7},{2,7,4,6,5,9,8,3,1},{5,3,0,0,0,0,0,0,0},{0,0,0,0,0,0,0,0,0},{0,0,0,0,0,0,0,0,0},{0,0,0,0,0,0,0,0,0}}
]
13:52:47.716 INFO  [main] SudokuBoard - Warto?? 0 wstawiona nieprawid?owo
13:52:47.717 INFO  [main] SudokuBoard - B?ad w kwadracie 0
sudoku.model.SudokuBoard@4fe4b8b6[
  size=9
  solver=sudoku.model.BacktrackingSudokuSolver@77da2881
  board={{8,2,9,1,6,3,4,7,5},{6,1,7,8,4,5,9,2,3},{3,4,5,9,7,2,6,1,8},{9,6,1,3,8,4,2,5,7},{2,7,4,6,5,9,8,3,1},{5,0,0,0,0,0,0,0,0},{0,0,0,0,0,0,0,0,0},{0,0,0,0,0,0,0,0,0},{0,0,0,0,0,0,0,0,0}}
]
13:52:47.717 INFO  [main] SudokuBoard - Warto?? 0 wstawiona nieprawid?owo
13:52:47.717 INFO  [main] SudokuBoard - B?ad w kwadracie 0
sudoku.model.SudokuBoard@4fe4b8b6[
  size=9
  solver=sudoku.model.BacktrackingSudokuSolver@77da2881
  board={{8,2,9,1,6,3,4,7,5},{6,1,7,8,4,5,9,2,3},{3,4,5,9,7,2,6,1,8},{9,6,1,3,8,4,2,5,7},{2,7,4,6,5,9,8,3,1},{5,8,3,2,1,0,0,0,0},{0,0,0,0,0,0,0,0,0},{0,0,0,0,0,0,0,0,0},{0,0,0,0,0,0,0,0,0}}
]
13:52:47.717 INFO  [main] SudokuBoard - Warto?? 0 wstawiona nieprawid?owo
13:52:47.717 INFO  [main] SudokuBoard - B?ad w kwadracie 0
sudoku.model.SudokuBoard@4fe4b8b6[
  size=9
  solver=sudoku.model.BacktrackingSudokuSolver@77da2881
  board={{8,2,9,1,6,3,4,7,5},{6,1,7,8,4,5,9,2,3},{3,4,5,9,7,2,6,1,8},{9,6,1,3,8,4,2,5,7},{2,7,4,6,5,9,8,3,1},{5,8,3,2,0,0,0,0,0},{0,0,0,0,0,0,0,0,0},{0,0,0,0,0,0,0,0,0},{0,0,0,0,0,0,0,0,0}}
]
13:52:47.717 INFO  [main] SudokuBoard - Warto?? 0 wstawiona nieprawid?owo
13:52:47.717 INFO  [main] SudokuBoard - B?ad w kwadracie 0
sudoku.model.SudokuBoard@4fe4b8b6[
  size=9
  solver=sudoku.model.BacktrackingSudokuSolver@77da2881
  board={{8,2,9,1,6,3,4,7,5},{6,1,7,8,4,5,9,2,3},{3,4,5,9,7,2,6,1,8},{9,6,1,3,8,4,2,5,7},{2,7,4,6,5,9,8,3,1},{5,8,3,0,0,0,0,0,0},{0,0,0,0,0,0,0,0,0},{0,0,0,0,0,0,0,0,0},{0,0,0,0,0,0,0,0,0}}
]
13:52:47.717 INFO  [main] SudokuBoard - Warto?? 0 wstawiona nieprawid?owo
13:52:47.717 INFO  [main] SudokuBoard - B?ad w kwadracie 0
sudoku.model.SudokuBoard@4fe4b8b6[
  size=9
  solver=sudoku.model.BacktrackingSudokuSolver@77da2881
  board={{8,2,9,1,6,3,4,7,5},{6,1,7,8,4,5,9,2,3},{3,4,5,9,7,2,6,1,8},{9,6,1,3,8,4,2,5,7},{2,7,4,6,5,9,8,3,1},{5,8,3,7,0,0,0,0,0},{0,0,0,0,0,0,0,0,0},{0,0,0,0,0,0,0,0,0},{0,0,0,0,0,0,0,0,0}}
]
13:52:47.717 INFO  [main] SudokuBoard - Warto?? 0 wstawiona nieprawid?owo
13:52:47.718 INFO  [main] SudokuBoard - B?ad w kwadracie 0
sudoku.model.SudokuBoard@4fe4b8b6[
  size=9
  solver=sudoku.model.BacktrackingSudokuSolver@77da2881
  board={{8,2,9,1,6,3,4,7,5},{6,1,7,8,4,5,9,2,3},{3,4,5,9,7,2,6,1,8},{9,6,1,3,8,4,2,5,7},{2,7,4,6,5,9,8,3,1},{5,8,3,7,2,0,0,0,0},{0,0,0,0,0,0,0,0,0},{0,0,0,0,0,0,0,0,0},{0,0,0,0,0,0,0,0,0}}
]
13:52:47.718 INFO  [main] SudokuBoard - Warto?? 0 wstawiona nieprawid?owo
13:52:47.718 INFO  [main] SudokuBoard - B?ad w kwadracie 0
sudoku.model.SudokuBoard@4fe4b8b6[
  size=9
  solver=sudoku.model.BacktrackingSudokuSolver@77da2881
  board={{8,2,9,1,6,3,4,7,5},{6,1,7,8,4,5,9,2,3},{3,4,5,9,7,2,6,1,8},{9,6,1,3,8,4,2,5,7},{2,7,4,6,5,9,8,3,1},{5,8,3,7,0,0,0,0,0},{0,0,0,0,0,0,0,0,0},{0,0,0,0,0,0,0,0,0},{0,0,0,0,0,0,0,0,0}}
]
13:52:47.718 INFO  [main] SudokuBoard - Warto?? 0 wstawiona nieprawid?owo
13:52:47.718 INFO  [main] SudokuBoard - B?ad w kwadracie 0
sudoku.model.SudokuBoard@4fe4b8b6[
  size=9
  solver=sudoku.model.BacktrackingSudokuSolver@77da2881
  board={{8,2,9,1,6,3,4,7,5},{6,1,7,8,4,5,9,2,3},{3,4,5,9,7,2,6,1,8},{9,6,1,3,8,4,2,5,7},{2,7,4,6,5,9,8,3,1},{5,8,3,0,0,0,0,0,0},{0,0,0,0,0,0,0,0,0},{0,0,0,0,0,0,0,0,0},{0,0,0,0,0,0,0,0,0}}
]
13:52:47.718 INFO  [main] SudokuBoard - Warto?? 0 wstawiona nieprawid?owo
13:52:47.718 INFO  [main] SudokuBoard - B?ad w kwadracie 0
sudoku.model.SudokuBoard@4fe4b8b6[
  size=9
  solver=sudoku.model.BacktrackingSudokuSolver@77da2881
  board={{8,2,9,1,6,3,4,7,5},{6,1,7,8,4,5,9,2,3},{3,4,5,9,7,2,6,1,8},{9,6,1,3,8,4,2,5,7},{2,7,4,6,5,9,8,3,1},{5,8,0,0,0,0,0,0,0},{0,0,0,0,0,0,0,0,0},{0,0,0,0,0,0,0,0,0},{0,0,0,0,0,0,0,0,0}}
]
13:52:47.718 INFO  [main] SudokuBoard - Warto?? 0 wstawiona nieprawid?owo
13:52:47.718 INFO  [main] SudokuBoard - B?ad w kwadracie 0
sudoku.model.SudokuBoard@4fe4b8b6[
  size=9
  solver=sudoku.model.BacktrackingSudokuSolver@77da2881
  board={{8,2,9,1,6,3,4,7,5},{6,1,7,8,4,5,9,2,3},{3,4,5,9,7,2,6,1,8},{9,6,1,3,8,4,2,5,7},{2,7,4,6,5,9,8,3,1},{5,0,0,0,0,0,0,0,0},{0,0,0,0,0,0,0,0,0},{0,0,0,0,0,0,0,0,0},{0,0,0,0,0,0,0,0,0}}
]
13:52:47.718 INFO  [main] SudokuBoard - Warto?? 0 wstawiona nieprawid?owo
13:52:47.718 INFO  [main] SudokuBoard - B?ad w kwadracie 0
sudoku.model.SudokuBoard@4fe4b8b6[
  size=9
  solver=sudoku.model.BacktrackingSudokuSolver@77da2881
  board={{8,2,9,1,6,3,4,7,5},{6,1,7,8,4,5,9,2,3},{3,4,5,9,7,2,6,1,8},{9,6,1,3,8,4,2,5,7},{2,7,4,6,5,9,8,3,1},{0,0,0,0,0,0,0,0,0},{0,0,0,0,0,0,0,0,0},{0,0,0,0,0,0,0,0,0},{0,0,0,0,0,0,0,0,0}}
]
13:52:47.719 INFO  [main] SudokuBoard - Warto?? 0 wstawiona nieprawid?owo
13:52:47.719 INFO  [main] SudokuBoard - B?ad w kwadracie 0
sudoku.model.SudokuBoard@4fe4b8b6[
  size=9
  solver=sudoku.model.BacktrackingSudokuSolver@77da2881
  board={{8,2,9,1,6,3,4,7,5},{6,1,7,8,4,5,9,2,3},{3,4,5,9,7,2,6,1,8},{9,6,1,3,8,4,2,5,7},{2,7,4,6,5,9,8,3,0},{0,0,0,0,0,0,0,0,0},{0,0,0,0,0,0,0,0,0},{0,0,0,0,0,0,0,0,0},{0,0,0,0,0,0,0,0,0}}
]
13:52:47.719 INFO  [main] SudokuBoard - Warto?? 0 wstawiona nieprawid?owo
13:52:47.719 INFO  [main] SudokuBoard - B?ad w kwadracie 0
sudoku.model.SudokuBoard@4fe4b8b6[
  size=9
  solver=sudoku.model.BacktrackingSudokuSolver@77da2881
  board={{8,2,9,1,6,3,4,7,5},{6,1,7,8,4,5,9,2,3},{3,4,5,9,7,2,6,1,8},{9,6,1,3,8,4,2,5,7},{2,7,4,6,5,9,8,0,0},{0,0,0,0,0,0,0,0,0},{0,0,0,0,0,0,0,0,0},{0,0,0,0,0,0,0,0,0},{0,0,0,0,0,0,0,0,0}}
]
13:52:47.719 INFO  [main] SudokuBoard - Warto?? 0 wstawiona nieprawid?owo
13:52:47.719 INFO  [main] SudokuBoard - B?ad w kwadracie 0
sudoku.model.SudokuBoard@4fe4b8b6[
  size=9
  solver=sudoku.model.BacktrackingSudokuSolver@77da2881
  board={{8,2,9,1,6,3,4,7,5},{6,1,7,8,4,5,9,2,3},{3,4,5,9,7,2,6,1,8},{9,6,1,3,8,4,2,5,7},{2,7,4,6,5,9,0,0,0},{0,0,0,0,0,0,0,0,0},{0,0,0,0,0,0,0,0,0},{0,0,0,0,0,0,0,0,0},{0,0,0,0,0,0,0,0,0}}
]
13:52:47.719 INFO  [main] SudokuBoard - Warto?? 0 wstawiona nieprawid?owo
13:52:47.719 INFO  [main] SudokuBoard - B?ad w kwadracie 0
sudoku.model.SudokuBoard@4fe4b8b6[
  size=9
  solver=sudoku.model.BacktrackingSudokuSolver@77da2881
  board={{8,2,9,1,6,3,4,7,5},{6,1,7,8,4,5,9,2,3},{3,4,5,9,7,2,6,1,8},{9,6,1,3,8,4,2,5,7},{2,7,4,6,5,9,1,0,0},{0,0,0,0,0,0,0,0,0},{0,0,0,0,0,0,0,0,0},{0,0,0,0,0,0,0,0,0},{0,0,0,0,0,0,0,0,0}}
]
13:52:47.719 INFO  [main] SudokuBoard - Warto?? 0 wstawiona nieprawid?owo
13:52:47.720 INFO  [main] SudokuBoard - B?ad w kwadracie 0
sudoku.model.SudokuBoard@4fe4b8b6[
  size=9
  solver=sudoku.model.BacktrackingSudokuSolver@77da2881
  board={{8,2,9,1,6,3,4,7,5},{6,1,7,8,4,5,9,2,3},{3,4,5,9,7,2,6,1,8},{9,6,1,3,8,4,2,5,7},{2,7,4,6,5,9,1,0,0},{0,0,0,0,0,0,0,0,0},{0,0,0,0,0,0,0,0,0},{0,0,0,0,0,0,0,0,0},{0,0,0,0,0,0,0,0,0}}
]
13:52:47.720 INFO  [main] SudokuBoard - Warto?? 0 wstawiona nieprawid?owo
13:52:47.720 INFO  [main] SudokuBoard - B?ad w kwadracie 0
sudoku.model.SudokuBoard@4fe4b8b6[
  size=9
  solver=sudoku.model.BacktrackingSudokuSolver@77da2881
  board={{8,2,9,1,6,3,4,7,5},{6,1,7,8,4,5,9,2,3},{3,4,5,9,7,2,6,1,8},{9,6,1,3,8,4,2,5,7},{2,7,4,6,5,9,0,0,0},{0,0,0,0,0,0,0,0,0},{0,0,0,0,0,0,0,0,0},{0,0,0,0,0,0,0,0,0},{0,0,0,0,0,0,0,0,0}}
]
13:52:47.720 INFO  [main] SudokuBoard - Warto?? 0 wstawiona nieprawid?owo
13:52:47.720 INFO  [main] SudokuBoard - B?ad w kwadracie 0
sudoku.model.SudokuBoard@4fe4b8b6[
  size=9
  solver=sudoku.model.BacktrackingSudokuSolver@77da2881
  board={{8,2,9,1,6,3,4,7,5},{6,1,7,8,4,5,9,2,3},{3,4,5,9,7,2,6,1,8},{9,6,1,3,8,4,2,5,7},{2,7,4,6,5,9,3,8,1},{5,8,3,7,0,0,0,0,0},{0,0,0,0,0,0,0,0,0},{0,0,0,0,0,0,0,0,0},{0,0,0,0,0,0,0,0,0}}
]
13:52:47.720 INFO  [main] SudokuBoard - Warto?? 0 wstawiona nieprawid?owo
13:52:47.721 INFO  [main] SudokuBoard - B?ad w kwadracie 0
sudoku.model.SudokuBoard@4fe4b8b6[
  size=9
  solver=sudoku.model.BacktrackingSudokuSolver@77da2881
  board={{8,2,9,1,6,3,4,7,5},{6,1,7,8,4,5,9,2,3},{3,4,5,9,7,2,6,1,8},{9,6,1,3,8,4,2,5,7},{2,7,4,6,5,9,3,8,1},{5,8,3,7,2,0,0,0,0},{0,0,0,0,0,0,0,0,0},{0,0,0,0,0,0,0,0,0},{0,0,0,0,0,0,0,0,0}}
]
13:52:47.721 INFO  [main] SudokuBoard - Warto?? 0 wstawiona nieprawid?owo
13:52:47.721 INFO  [main] SudokuBoard - B?ad w kwadracie 0
sudoku.model.SudokuBoard@4fe4b8b6[
  size=9
  solver=sudoku.model.BacktrackingSudokuSolver@77da2881
  board={{8,2,9,1,6,3,4,7,5},{6,1,7,8,4,5,9,2,3},{3,4,5,9,7,2,6,1,8},{9,6,1,3,8,4,2,5,7},{2,7,4,6,5,9,3,8,1},{5,8,3,7,0,0,0,0,0},{0,0,0,0,0,0,0,0,0},{0,0,0,0,0,0,0,0,0},{0,0,0,0,0,0,0,0,0}}
]
13:52:47.721 INFO  [main] SudokuBoard - Warto?? 0 wstawiona nieprawid?owo
13:52:47.721 INFO  [main] SudokuBoard - B?ad w kwadracie 0
sudoku.model.SudokuBoard@4fe4b8b6[
  size=9
  solver=sudoku.model.BacktrackingSudokuSolver@77da2881
  board={{8,2,9,1,6,3,4,7,5},{6,1,7,8,4,5,9,2,3},{3,4,5,9,7,2,6,1,8},{9,6,1,3,8,4,2,5,7},{2,7,4,6,5,9,3,8,1},{5,8,3,0,0,0,0,0,0},{0,0,0,0,0,0,0,0,0},{0,0,0,0,0,0,0,0,0},{0,0,0,0,0,0,0,0,0}}
]
13:52:47.721 INFO  [main] SudokuBoard - Warto?? 0 wstawiona nieprawid?owo
13:52:47.721 INFO  [main] SudokuBoard - B?ad w kwadracie 0
sudoku.model.SudokuBoard@4fe4b8b6[
  size=9
  solver=sudoku.model.BacktrackingSudokuSolver@77da2881
  board={{8,2,9,1,6,3,4,7,5},{6,1,7,8,4,5,9,2,3},{3,4,5,9,7,2,6,1,8},{9,6,1,3,8,4,2,5,7},{2,7,4,6,5,9,3,8,1},{5,8,3,2,1,0,0,0,0},{0,0,0,0,0,0,0,0,0},{0,0,0,0,0,0,0,0,0},{0,0,0,0,0,0,0,0,0}}
]
13:52:47.722 INFO  [main] SudokuBoard - Warto?? 0 wstawiona nieprawid?owo
13:52:47.722 INFO  [main] SudokuBoard - B?ad w kwadracie 0
sudoku.model.SudokuBoard@4fe4b8b6[
  size=9
  solver=sudoku.model.BacktrackingSudokuSolver@77da2881
  board={{8,2,9,1,6,3,4,7,5},{6,1,7,8,4,5,9,2,3},{3,4,5,9,7,2,6,1,8},{9,6,1,3,8,4,2,5,7},{2,7,4,6,5,9,3,8,1},{5,8,3,2,0,0,0,0,0},{0,0,0,0,0,0,0,0,0},{0,0,0,0,0,0,0,0,0},{0,0,0,0,0,0,0,0,0}}
]
13:52:47.722 INFO  [main] SudokuBoard - Warto?? 0 wstawiona nieprawid?owo
13:52:47.722 INFO  [main] SudokuBoard - B?ad w kwadracie 0
sudoku.model.SudokuBoard@4fe4b8b6[
  size=9
  solver=sudoku.model.BacktrackingSudokuSolver@77da2881
  board={{8,2,9,1,6,3,4,7,5},{6,1,7,8,4,5,9,2,3},{3,4,5,9,7,2,6,1,8},{9,6,1,3,8,4,2,5,7},{2,7,4,6,5,9,3,8,1},{5,8,3,0,0,0,0,0,0},{0,0,0,0,0,0,0,0,0},{0,0,0,0,0,0,0,0,0},{0,0,0,0,0,0,0,0,0}}
]
13:52:47.722 INFO  [main] SudokuBoard - Warto?? 0 wstawiona nieprawid?owo
13:52:47.722 INFO  [main] SudokuBoard - B?ad w kwadracie 0
sudoku.model.SudokuBoard@4fe4b8b6[
  size=9
  solver=sudoku.model.BacktrackingSudokuSolver@77da2881
  board={{8,2,9,1,6,3,4,7,5},{6,1,7,8,4,5,9,2,3},{3,4,5,9,7,2,6,1,8},{9,6,1,3,8,4,2,5,7},{2,7,4,6,5,9,3,8,1},{5,8,0,0,0,0,0,0,0},{0,0,0,0,0,0,0,0,0},{0,0,0,0,0,0,0,0,0},{0,0,0,0,0,0,0,0,0}}
]
13:52:47.722 INFO  [main] SudokuBoard - Warto?? 0 wstawiona nieprawid?owo
13:52:47.722 INFO  [main] SudokuBoard - B?ad w kwadracie 0
sudoku.model.SudokuBoard@4fe4b8b6[
  size=9
  solver=sudoku.model.BacktrackingSudokuSolver@77da2881
  board={{8,2,9,1,6,3,4,7,5},{6,1,7,8,4,5,9,2,3},{3,4,5,9,7,2,6,1,8},{9,6,1,3,8,4,2,5,7},{2,7,4,6,5,9,3,8,1},{5,0,0,0,0,0,0,0,0},{0,0,0,0,0,0,0,0,0},{0,0,0,0,0,0,0,0,0},{0,0,0,0,0,0,0,0,0}}
]
13:52:47.722 INFO  [main] SudokuBoard - Warto?? 0 wstawiona nieprawid?owo
13:52:47.722 INFO  [main] SudokuBoard - B?ad w kwadracie 0
sudoku.model.SudokuBoard@4fe4b8b6[
  size=9
  solver=sudoku.model.BacktrackingSudokuSolver@77da2881
  board={{8,2,9,1,6,3,4,7,5},{6,1,7,8,4,5,9,2,3},{3,4,5,9,7,2,6,1,8},{9,6,1,3,8,4,2,5,7},{2,7,4,6,5,9,3,8,1},{5,3,8,2,1,0,0,0,0},{0,0,0,0,0,0,0,0,0},{0,0,0,0,0,0,0,0,0},{0,0,0,0,0,0,0,0,0}}
]
13:52:47.722 INFO  [main] SudokuBoard - Warto?? 0 wstawiona nieprawid?owo
13:52:47.723 INFO  [main] SudokuBoard - B?ad w kwadracie 0
sudoku.model.SudokuBoard@4fe4b8b6[
  size=9
  solver=sudoku.model.BacktrackingSudokuSolver@77da2881
  board={{8,2,9,1,6,3,4,7,5},{6,1,7,8,4,5,9,2,3},{3,4,5,9,7,2,6,1,8},{9,6,1,3,8,4,2,5,7},{2,7,4,6,5,9,3,8,1},{5,3,8,2,0,0,0,0,0},{0,0,0,0,0,0,0,0,0},{0,0,0,0,0,0,0,0,0},{0,0,0,0,0,0,0,0,0}}
]
13:52:47.723 INFO  [main] SudokuBoard - Warto?? 0 wstawiona nieprawid?owo
13:52:47.723 INFO  [main] SudokuBoard - B?ad w kwadracie 0
sudoku.model.SudokuBoard@4fe4b8b6[
  size=9
  solver=sudoku.model.BacktrackingSudokuSolver@77da2881
  board={{8,2,9,1,6,3,4,7,5},{6,1,7,8,4,5,9,2,3},{3,4,5,9,7,2,6,1,8},{9,6,1,3,8,4,2,5,7},{2,7,4,6,5,9,3,8,1},{5,3,8,0,0,0,0,0,0},{0,0,0,0,0,0,0,0,0},{0,0,0,0,0,0,0,0,0},{0,0,0,0,0,0,0,0,0}}
]
13:52:47.723 INFO  [main] SudokuBoard - Warto?? 0 wstawiona nieprawid?owo
13:52:47.723 INFO  [main] SudokuBoard - B?ad w kwadracie 0
sudoku.model.SudokuBoard@4fe4b8b6[
  size=9
  solver=sudoku.model.BacktrackingSudokuSolver@77da2881
  board={{8,2,9,1,6,3,4,7,5},{6,1,7,8,4,5,9,2,3},{3,4,5,9,7,2,6,1,8},{9,6,1,3,8,4,2,5,7},{2,7,4,6,5,9,3,8,1},{5,3,8,7,0,0,0,0,0},{0,0,0,0,0,0,0,0,0},{0,0,0,0,0,0,0,0,0},{0,0,0,0,0,0,0,0,0}}
]
13:52:47.723 INFO  [main] SudokuBoard - Warto?? 0 wstawiona nieprawid?owo
13:52:47.723 INFO  [main] SudokuBoard - B?ad w kwadracie 0
sudoku.model.SudokuBoard@4fe4b8b6[
  size=9
  solver=sudoku.model.BacktrackingSudokuSolver@77da2881
  board={{8,2,9,1,6,3,4,7,5},{6,1,7,8,4,5,9,2,3},{3,4,5,9,7,2,6,1,8},{9,6,1,3,8,4,2,5,7},{2,7,4,6,5,9,3,8,1},{5,3,8,7,2,0,0,0,0},{0,0,0,0,0,0,0,0,0},{0,0,0,0,0,0,0,0,0},{0,0,0,0,0,0,0,0,0}}
]
13:52:47.723 INFO  [main] SudokuBoard - Warto?? 0 wstawiona nieprawid?owo
13:52:47.723 INFO  [main] SudokuBoard - B?ad w kwadracie 0
sudoku.model.SudokuBoard@4fe4b8b6[
  size=9
  solver=sudoku.model.BacktrackingSudokuSolver@77da2881
  board={{8,2,9,1,6,3,4,7,5},{6,1,7,8,4,5,9,2,3},{3,4,5,9,7,2,6,1,8},{9,6,1,3,8,4,2,5,7},{2,7,4,6,5,9,3,8,1},{5,3,8,7,0,0,0,0,0},{0,0,0,0,0,0,0,0,0},{0,0,0,0,0,0,0,0,0},{0,0,0,0,0,0,0,0,0}}
]
13:52:47.723 INFO  [main] SudokuBoard - Warto?? 0 wstawiona nieprawid?owo
13:52:47.724 INFO  [main] SudokuBoard - B?ad w kwadracie 0
sudoku.model.SudokuBoard@4fe4b8b6[
  size=9
  solver=sudoku.model.BacktrackingSudokuSolver@77da2881
  board={{8,2,9,1,6,3,4,7,5},{6,1,7,8,4,5,9,2,3},{3,4,5,9,7,2,6,1,8},{9,6,1,3,8,4,2,5,7},{2,7,4,6,5,9,3,8,1},{5,3,8,0,0,0,0,0,0},{0,0,0,0,0,0,0,0,0},{0,0,0,0,0,0,0,0,0},{0,0,0,0,0,0,0,0,0}}
]
13:52:47.724 INFO  [main] SudokuBoard - Warto?? 0 wstawiona nieprawid?owo
13:52:47.724 INFO  [main] SudokuBoard - B?ad w kwadracie 0
sudoku.model.SudokuBoard@4fe4b8b6[
  size=9
  solver=sudoku.model.BacktrackingSudokuSolver@77da2881
  board={{8,2,9,1,6,3,4,7,5},{6,1,7,8,4,5,9,2,3},{3,4,5,9,7,2,6,1,8},{9,6,1,3,8,4,2,5,7},{2,7,4,6,5,9,3,8,1},{5,3,0,0,0,0,0,0,0},{0,0,0,0,0,0,0,0,0},{0,0,0,0,0,0,0,0,0},{0,0,0,0,0,0,0,0,0}}
]
13:52:47.724 INFO  [main] SudokuBoard - Warto?? 0 wstawiona nieprawid?owo
13:52:47.724 INFO  [main] SudokuBoard - B?ad w kwadracie 0
sudoku.model.SudokuBoard@4fe4b8b6[
  size=9
  solver=sudoku.model.BacktrackingSudokuSolver@77da2881
  board={{8,2,9,1,6,3,4,7,5},{6,1,7,8,4,5,9,2,3},{3,4,5,9,7,2,6,1,8},{9,6,1,3,8,4,2,5,7},{2,7,4,6,5,9,3,8,1},{5,0,0,0,0,0,0,0,0},{0,0,0,0,0,0,0,0,0},{0,0,0,0,0,0,0,0,0},{0,0,0,0,0,0,0,0,0}}
]
13:52:47.724 INFO  [main] SudokuBoard - Warto?? 0 wstawiona nieprawid?owo
13:52:47.724 INFO  [main] SudokuBoard - B?ad w kwadracie 0
sudoku.model.SudokuBoard@4fe4b8b6[
  size=9
  solver=sudoku.model.BacktrackingSudokuSolver@77da2881
  board={{8,2,9,1,6,3,4,7,5},{6,1,7,8,4,5,9,2,3},{3,4,5,9,7,2,6,1,8},{9,6,1,3,8,4,2,5,7},{2,7,4,6,5,9,3,8,1},{0,0,0,0,0,0,0,0,0},{0,0,0,0,0,0,0,0,0},{0,0,0,0,0,0,0,0,0},{0,0,0,0,0,0,0,0,0}}
]
13:52:47.724 INFO  [main] SudokuBoard - Warto?? 0 wstawiona nieprawid?owo
13:52:47.724 INFO  [main] SudokuBoard - B?ad w kwadracie 0
sudoku.model.SudokuBoard@4fe4b8b6[
  size=9
  solver=sudoku.model.BacktrackingSudokuSolver@77da2881
  board={{8,2,9,1,6,3,4,7,5},{6,1,7,8,4,5,9,2,3},{3,4,5,9,7,2,6,1,8},{9,6,1,3,8,4,2,5,7},{2,7,4,6,5,9,3,8,0},{0,0,0,0,0,0,0,0,0},{0,0,0,0,0,0,0,0,0},{0,0,0,0,0,0,0,0,0},{0,0,0,0,0,0,0,0,0}}
]
13:52:47.724 INFO  [main] SudokuBoard - Warto?? 0 wstawiona nieprawid?owo
13:52:47.725 INFO  [main] SudokuBoard - B?ad w kwadracie 0
sudoku.model.SudokuBoard@4fe4b8b6[
  size=9
  solver=sudoku.model.BacktrackingSudokuSolver@77da2881
  board={{8,2,9,1,6,3,4,7,5},{6,1,7,8,4,5,9,2,3},{3,4,5,9,7,2,6,1,8},{9,6,1,3,8,4,2,5,7},{2,7,4,6,5,9,3,0,0},{0,0,0,0,0,0,0,0,0},{0,0,0,0,0,0,0,0,0},{0,0,0,0,0,0,0,0,0},{0,0,0,0,0,0,0,0,0}}
]
13:52:47.725 INFO  [main] SudokuBoard - Warto?? 0 wstawiona nieprawid?owo
13:52:47.725 INFO  [main] SudokuBoard - B?ad w kwadracie 0
sudoku.model.SudokuBoard@4fe4b8b6[
  size=9
  solver=sudoku.model.BacktrackingSudokuSolver@77da2881
  board={{8,2,9,1,6,3,4,7,5},{6,1,7,8,4,5,9,2,3},{3,4,5,9,7,2,6,1,8},{9,6,1,3,8,4,2,5,7},{2,7,4,6,5,9,0,0,0},{0,0,0,0,0,0,0,0,0},{0,0,0,0,0,0,0,0,0},{0,0,0,0,0,0,0,0,0},{0,0,0,0,0,0,0,0,0}}
]
13:52:47.725 INFO  [main] SudokuBoard - Warto?? 0 wstawiona nieprawid?owo
13:52:47.725 INFO  [main] SudokuBoard - B?ad w kwadracie 0
sudoku.model.SudokuBoard@4fe4b8b6[
  size=9
  solver=sudoku.model.BacktrackingSudokuSolver@77da2881
  board={{8,2,9,1,6,3,4,7,5},{6,1,7,8,4,5,9,2,3},{3,4,5,9,7,2,6,1,8},{9,6,1,3,8,4,2,5,7},{2,7,4,6,5,0,0,0,0},{0,0,0,0,0,0,0,0,0},{0,0,0,0,0,0,0,0,0},{0,0,0,0,0,0,0,0,0},{0,0,0,0,0,0,0,0,0}}
]
13:52:47.725 INFO  [main] SudokuBoard - Warto?? 0 wstawiona nieprawid?owo
13:52:47.725 INFO  [main] SudokuBoard - B?ad w kwadracie 0
sudoku.model.SudokuBoard@4fe4b8b6[
  size=9
  solver=sudoku.model.BacktrackingSudokuSolver@77da2881
  board={{8,2,9,1,6,3,4,7,5},{6,1,7,8,4,5,9,2,3},{3,4,5,9,7,2,6,1,8},{9,6,1,3,8,4,2,5,7},{2,7,4,6,5,1,8,0,0},{0,0,0,0,0,0,0,0,0},{0,0,0,0,0,0,0,0,0},{0,0,0,0,0,0,0,0,0},{0,0,0,0,0,0,0,0,0}}
]
13:52:47.725 INFO  [main] SudokuBoard - Warto?? 0 wstawiona nieprawid?owo
13:52:47.725 INFO  [main] SudokuBoard - B?ad w kwadracie 0
sudoku.model.SudokuBoard@4fe4b8b6[
  size=9
  solver=sudoku.model.BacktrackingSudokuSolver@77da2881
  board={{8,2,9,1,6,3,4,7,5},{6,1,7,8,4,5,9,2,3},{3,4,5,9,7,2,6,1,8},{9,6,1,3,8,4,2,5,7},{2,7,4,6,5,1,8,3,9},{5,8,3,7,0,0,0,0,0},{0,0,0,0,0,0,0,0,0},{0,0,0,0,0,0,0,0,0},{0,0,0,0,0,0,0,0,0}}
]
13:52:47.725 INFO  [main] SudokuBoard - Warto?? 0 wstawiona nieprawid?owo
13:52:47.726 INFO  [main] SudokuBoard - B?ad w kwadracie 0
sudoku.model.SudokuBoard@4fe4b8b6[
  size=9
  solver=sudoku.model.BacktrackingSudokuSolver@77da2881
  board={{8,2,9,1,6,3,4,7,5},{6,1,7,8,4,5,9,2,3},{3,4,5,9,7,2,6,1,8},{9,6,1,3,8,4,2,5,7},{2,7,4,6,5,1,8,3,9},{5,8,3,7,2,9,1,4,6},{7,5,6,2,9,8,0,0,0},{0,0,0,0,0,0,0,0,0},{0,0,0,0,0,0,0,0,0}}
]
13:52:47.726 INFO  [main] SudokuBoard - Warto?? 0 wstawiona nieprawid?owo
13:52:47.726 INFO  [main] SudokuBoard - B?ad w kwadracie 0
sudoku.model.SudokuBoard@4fe4b8b6[
  size=9
  solver=sudoku.model.BacktrackingSudokuSolver@77da2881
  board={{8,2,9,1,6,3,4,7,5},{6,1,7,8,4,5,9,2,3},{3,4,5,9,7,2,6,1,8},{9,6,1,3,8,4,2,5,7},{2,7,4,6,5,1,8,3,9},{5,8,3,7,2,9,1,4,6},{7,5,6,2,9,0,0,0,0},{0,0,0,0,0,0,0,0,0},{0,0,0,0,0,0,0,0,0}}
]
13:52:47.726 INFO  [main] SudokuBoard - Warto?? 0 wstawiona nieprawid?owo
13:52:47.726 INFO  [main] SudokuBoard - B?ad w kwadracie 0
sudoku.model.SudokuBoard@4fe4b8b6[
  size=9
  solver=sudoku.model.BacktrackingSudokuSolver@77da2881
  board={{8,2,9,1,6,3,4,7,5},{6,1,7,8,4,5,9,2,3},{3,4,5,9,7,2,6,1,8},{9,6,1,3,8,4,2,5,7},{2,7,4,6,5,1,8,3,9},{5,8,3,7,2,9,1,4,6},{7,5,6,2,0,0,0,0,0},{0,0,0,0,0,0,0,0,0},{0,0,0,0,0,0,0,0,0}}
]
13:52:47.726 INFO  [main] SudokuBoard - Warto?? 0 wstawiona nieprawid?owo
13:52:47.726 INFO  [main] SudokuBoard - B?ad w kwadracie 0
sudoku.model.SudokuBoard@4fe4b8b6[
  size=9
  solver=sudoku.model.BacktrackingSudokuSolver@77da2881
  board={{8,2,9,1,6,3,4,7,5},{6,1,7,8,4,5,9,2,3},{3,4,5,9,7,2,6,1,8},{9,6,1,3,8,4,2,5,7},{2,7,4,6,5,1,8,3,9},{5,8,3,7,2,9,1,4,6},{7,5,6,2,1,8,3,9,4},{1,9,8,4,3,6,0,0,0},{0,0,0,0,0,0,0,0,0}}
]
13:52:47.726 INFO  [main] SudokuBoard - Warto?? 0 wstawiona nieprawid?owo
13:52:47.727 INFO  [main] SudokuBoard - B?ad w kwadracie 0
sudoku.model.SudokuBoard@4fe4b8b6[
  size=9
  solver=sudoku.model.BacktrackingSudokuSolver@77da2881
  board={{8,2,9,1,6,3,4,7,5},{6,1,7,8,4,5,9,2,3},{3,4,5,9,7,2,6,1,8},{9,6,1,3,8,4,2,5,7},{2,7,4,6,5,1,8,3,9},{5,8,3,7,2,9,1,4,6},{7,5,6,2,1,8,3,9,4},{1,9,8,4,3,6,0,0,0},{0,0,0,0,0,0,0,0,0}}
]
13:52:47.727 INFO  [main] SudokuBoard - Warto?? 0 wstawiona nieprawid?owo
13:52:47.727 INFO  [main] SudokuBoard - B?ad w kwadracie 0
sudoku.model.SudokuBoard@4fe4b8b6[
  size=9
  solver=sudoku.model.BacktrackingSudokuSolver@77da2881
  board={{8,2,9,1,6,3,4,7,5},{6,1,7,8,4,5,9,2,3},{3,4,5,9,7,2,6,1,8},{9,6,1,3,8,4,2,5,7},{2,7,4,6,5,1,8,3,9},{5,8,3,7,2,9,1,4,6},{7,5,6,2,1,8,3,9,4},{1,9,8,4,3,0,0,0,0},{0,0,0,0,0,0,0,0,0}}
]
13:52:47.727 INFO  [main] SudokuBoard - Warto?? 0 wstawiona nieprawid?owo
]]></system-out>
  </testcase>
  <testcase name="checkBoardTestColumnFalse" classname="sudoku.model.SudokuBoardTest" time="0.004">
    <system-out><![CDATA[13:52:47.733 INFO  [main] SudokuBoard - B?ad w kwadracie 0
sudoku.model.SudokuBoard@4fa3bebe[
  size=9
  solver=sudoku.model.BacktrackingSudokuSolver@63767d
  board={{7,5,9,3,4,8,1,2,6},{7,6,3,7,2,5,4,9,8},{8,2,4,6,1,9,3,7,5},{2,8,7,9,5,3,6,4,1},{4,9,5,8,6,1,7,3,2},{3,1,6,2,7,4,5,8,9},{5,3,2,4,8,6,9,1,7},{6,4,8,1,9,7,2,5,3},{9,7,1,5,3,2,8,6,4}}
]
13:52:47.733 INFO  [main] SudokuBoard - Warto?? 7 wstawiona nieprawid?owo
13:52:47.733 INFO  [main] SudokuBoard - B?ad w kwadracie 0
sudoku.model.SudokuBoard@4fa3bebe[
  size=9
  solver=sudoku.model.BacktrackingSudokuSolver@63767d
  board={{7,5,9,3,4,8,1,2,6},{7,6,3,7,2,5,4,9,8},{7,2,4,6,1,9,3,7,5},{2,8,7,9,5,3,6,4,1},{4,9,5,8,6,1,7,3,2},{3,1,6,2,7,4,5,8,9},{5,3,2,4,8,6,9,1,7},{6,4,8,1,9,7,2,5,3},{9,7,1,5,3,2,8,6,4}}
]
13:52:47.733 INFO  [main] SudokuBoard - Warto?? 7 wstawiona nieprawid?owo
13:52:47.733 INFO  [main] SudokuBoard - B?ad w kwadracie 0
sudoku.model.SudokuBoard@6aa85fcf[
  size=9
  solver=sudoku.model.BacktrackingSudokuSolver@63767d
  board={{7,5,9,3,4,8,1,2,6},{7,6,3,7,2,5,4,9,8},{7,2,4,6,1,9,3,7,5},{2,8,7,9,5,3,6,4,1},{4,9,5,8,6,1,7,3,2},{3,1,6,2,7,4,5,8,9},{5,3,2,4,8,6,9,1,7},{6,4,8,1,9,7,2,5,3},{9,7,1,5,3,2,8,6,4}}
]
]]></system-out>
  </testcase>
  <testcase name="testEqualsNull" classname="sudoku.model.SudokuBoardTest" time="0.005"/>
  <testcase name="testEqualsSame" classname="sudoku.model.SudokuBoardTest" time="0.002"/>
  <testcase name="checkBoardTest" classname="sudoku.model.SudokuBoardTest" time="0.024">
    <system-out><![CDATA[13:52:47.746 INFO  [main] SudokuBoard - B?ad w kwadracie 0
sudoku.model.SudokuBoard@4c90fc3b[
  size=9
  solver=sudoku.model.BacktrackingSudokuSolver@1e14ed59
  board={{1,9,8,4,5,2,3,7,6},{2,5,3,6,8,1,4,0,0},{0,0,0,0,0,0,0,0,0},{0,0,0,0,0,0,0,0,0},{0,0,0,0,0,0,0,0,0},{0,0,0,0,0,0,0,0,0},{0,0,0,0,0,0,0,0,0},{0,0,0,0,0,0,0,0,0},{0,0,0,0,0,0,0,0,0}}
]
13:52:47.746 INFO  [main] SudokuBoard - Warto?? 0 wstawiona nieprawid?owo
13:52:47.746 INFO  [main] SudokuBoard - B?ad w kwadracie 0
sudoku.model.SudokuBoard@4c90fc3b[
  size=9
  solver=sudoku.model.BacktrackingSudokuSolver@1e14ed59
  board={{1,9,8,4,5,2,3,7,6},{2,5,3,6,8,1,0,0,0},{0,0,0,0,0,0,0,0,0},{0,0,0,0,0,0,0,0,0},{0,0,0,0,0,0,0,0,0},{0,0,0,0,0,0,0,0,0},{0,0,0,0,0,0,0,0,0},{0,0,0,0,0,0,0,0,0},{0,0,0,0,0,0,0,0,0}}
]
13:52:47.746 INFO  [main] SudokuBoard - Warto?? 0 wstawiona nieprawid?owo
13:52:47.747 INFO  [main] SudokuBoard - B?ad w kwadracie 0
sudoku.model.SudokuBoard@4c90fc3b[
  size=9
  solver=sudoku.model.BacktrackingSudokuSolver@1e14ed59
  board={{1,9,8,4,5,2,3,7,6},{2,5,3,6,8,1,9,0,0},{0,0,0,0,0,0,0,0,0},{0,0,0,0,0,0,0,0,0},{0,0,0,0,0,0,0,0,0},{0,0,0,0,0,0,0,0,0},{0,0,0,0,0,0,0,0,0},{0,0,0,0,0,0,0,0,0},{0,0,0,0,0,0,0,0,0}}
]
13:52:47.747 INFO  [main] SudokuBoard - Warto?? 0 wstawiona nieprawid?owo
13:52:47.747 INFO  [main] SudokuBoard - B?ad w kwadracie 0
sudoku.model.SudokuBoard@4c90fc3b[
  size=9
  solver=sudoku.model.BacktrackingSudokuSolver@1e14ed59
  board={{1,9,8,4,5,2,3,7,6},{2,5,3,6,8,1,0,0,0},{0,0,0,0,0,0,0,0,0},{0,0,0,0,0,0,0,0,0},{0,0,0,0,0,0,0,0,0},{0,0,0,0,0,0,0,0,0},{0,0,0,0,0,0,0,0,0},{0,0,0,0,0,0,0,0,0},{0,0,0,0,0,0,0,0,0}}
]
13:52:47.747 INFO  [main] SudokuBoard - Warto?? 0 wstawiona nieprawid?owo
13:52:47.747 INFO  [main] SudokuBoard - B?ad w kwadracie 0
sudoku.model.SudokuBoard@4c90fc3b[
  size=9
  solver=sudoku.model.BacktrackingSudokuSolver@1e14ed59
  board={{1,9,8,4,5,2,3,7,6},{2,5,3,6,8,0,0,0,0},{0,0,0,0,0,0,0,0,0},{0,0,0,0,0,0,0,0,0},{0,0,0,0,0,0,0,0,0},{0,0,0,0,0,0,0,0,0},{0,0,0,0,0,0,0,0,0},{0,0,0,0,0,0,0,0,0},{0,0,0,0,0,0,0,0,0}}
]
13:52:47.747 INFO  [main] SudokuBoard - Warto?? 0 wstawiona nieprawid?owo
13:52:47.748 INFO  [main] SudokuBoard - B?ad w kwadracie 0
sudoku.model.SudokuBoard@4c90fc3b[
  size=9
  solver=sudoku.model.BacktrackingSudokuSolver@1e14ed59
  board={{1,9,8,4,5,2,3,7,6},{2,5,3,6,8,7,4,9,1},{4,6,7,9,1,3,8,5,2},{6,7,4,5,9,1,2,3,8},{8,2,9,3,6,4,5,1,7},{3,1,5,2,7,8,6,4,9},{5,8,1,7,2,0,0,0,0},{0,0,0,0,0,0,0,0,0},{0,0,0,0,0,0,0,0,0}}
]
13:52:47.748 INFO  [main] SudokuBoard - Warto?? 0 wstawiona nieprawid?owo
13:52:47.748 INFO  [main] SudokuBoard - B?ad w kwadracie 0
sudoku.model.SudokuBoard@4c90fc3b[
  size=9
  solver=sudoku.model.BacktrackingSudokuSolver@1e14ed59
  board={{1,9,8,4,5,2,3,7,6},{2,5,3,6,8,7,4,9,1},{4,6,7,9,1,3,8,5,2},{6,7,4,5,9,1,2,3,8},{8,2,9,3,6,4,5,1,7},{3,1,5,2,7,8,6,4,9},{5,8,1,7,2,6,0,0,0},{0,0,0,0,0,0,0,0,0},{0,0,0,0,0,0,0,0,0}}
]
13:52:47.748 INFO  [main] SudokuBoard - Warto?? 0 wstawiona nieprawid?owo
13:52:47.748 INFO  [main] SudokuBoard - B?ad w kwadracie 0
sudoku.model.SudokuBoard@4c90fc3b[
  size=9
  solver=sudoku.model.BacktrackingSudokuSolver@1e14ed59
  board={{1,9,8,4,5,2,3,7,6},{2,5,3,6,8,7,4,9,1},{4,6,7,9,1,3,8,5,2},{6,7,4,5,9,1,2,3,8},{8,2,9,3,6,4,5,1,7},{3,1,5,2,7,8,6,4,9},{5,8,1,7,2,0,0,0,0},{0,0,0,0,0,0,0,0,0},{0,0,0,0,0,0,0,0,0}}
]
13:52:47.748 INFO  [main] SudokuBoard - Warto?? 0 wstawiona nieprawid?owo
13:52:47.748 INFO  [main] SudokuBoard - B?ad w kwadracie 0
sudoku.model.SudokuBoard@4c90fc3b[
  size=9
  solver=sudoku.model.BacktrackingSudokuSolver@1e14ed59
  board={{1,9,8,4,5,2,3,7,6},{2,5,3,6,8,7,4,9,1},{4,6,7,9,1,3,8,5,2},{6,7,4,5,9,1,2,3,8},{8,2,9,3,6,4,5,1,7},{3,1,5,2,7,8,6,4,9},{5,8,1,7,0,0,0,0,0},{0,0,0,0,0,0,0,0,0},{0,0,0,0,0,0,0,0,0}}
]
13:52:47.748 INFO  [main] SudokuBoard - Warto?? 0 wstawiona nieprawid?owo
13:52:47.749 INFO  [main] SudokuBoard - B?ad w kwadracie 0
sudoku.model.SudokuBoard@4c90fc3b[
  size=9
  solver=sudoku.model.BacktrackingSudokuSolver@1e14ed59
  board={{1,9,8,4,5,2,3,7,6},{2,5,3,6,8,7,4,9,1},{4,6,7,9,1,3,8,5,2},{6,7,4,5,9,1,2,3,8},{8,2,9,3,6,4,5,1,7},{3,1,5,2,7,8,6,4,9},{5,8,1,7,3,6,9,2,4},{9,3,2,8,4,5,7,0,0},{0,0,0,0,0,0,0,0,0}}
]
13:52:47.749 INFO  [main] SudokuBoard - Warto?? 0 wstawiona nieprawid?owo
13:52:47.749 INFO  [main] SudokuBoard - B?ad w kwadracie 0
sudoku.model.SudokuBoard@4c90fc3b[
  size=9
  solver=sudoku.model.BacktrackingSudokuSolver@1e14ed59
  board={{1,9,8,4,5,2,3,7,6},{2,5,3,6,8,7,4,9,1},{4,6,7,9,1,3,8,5,2},{6,7,4,5,9,1,2,3,8},{8,2,9,3,6,4,5,1,7},{3,1,5,2,7,8,6,4,9},{5,8,1,7,3,6,9,2,4},{9,3,2,8,4,5,0,0,0},{0,0,0,0,0,0,0,0,0}}
]
13:52:47.749 INFO  [main] SudokuBoard - Warto?? 0 wstawiona nieprawid?owo
13:52:47.749 INFO  [main] SudokuBoard - B?ad w kwadracie 0
sudoku.model.SudokuBoard@4c90fc3b[
  size=9
  solver=sudoku.model.BacktrackingSudokuSolver@1e14ed59
  board={{1,9,8,4,5,2,3,7,6},{2,5,3,6,8,7,4,9,1},{4,6,7,9,1,3,8,5,2},{6,7,4,5,9,1,2,3,8},{8,2,9,3,6,4,5,1,7},{3,1,5,2,7,8,6,4,9},{5,8,1,7,3,6,9,2,4},{9,3,2,8,4,5,1,0,0},{0,0,0,0,0,0,0,0,0}}
]
13:52:47.749 INFO  [main] SudokuBoard - Warto?? 0 wstawiona nieprawid?owo
13:52:47.750 INFO  [main] SudokuBoard - B?ad w kwadracie 0
sudoku.model.SudokuBoard@4c90fc3b[
  size=9
  solver=sudoku.model.BacktrackingSudokuSolver@1e14ed59
  board={{1,9,8,4,5,2,3,7,6},{2,5,3,6,8,7,4,9,1},{4,6,7,9,1,3,8,5,2},{6,7,4,5,9,1,2,3,8},{8,2,9,3,6,4,5,1,7},{3,1,5,2,7,8,6,4,9},{5,8,1,7,3,6,9,2,4},{9,3,2,8,4,5,0,0,0},{0,0,0,0,0,0,0,0,0}}
]
13:52:47.750 INFO  [main] SudokuBoard - Warto?? 0 wstawiona nieprawid?owo
13:52:47.750 INFO  [main] SudokuBoard - B?ad w kwadracie 0
sudoku.model.SudokuBoard@4c90fc3b[
  size=9
  solver=sudoku.model.BacktrackingSudokuSolver@1e14ed59
  board={{1,9,8,4,5,2,3,7,6},{2,5,3,6,8,7,4,9,1},{4,6,7,9,1,3,8,5,2},{6,7,4,5,9,1,2,3,8},{8,2,9,3,6,4,5,1,7},{3,1,5,2,7,8,6,4,9},{5,8,1,7,3,6,9,2,4},{9,3,2,8,4,0,0,0,0},{0,0,0,0,0,0,0,0,0}}
]
13:52:47.750 INFO  [main] SudokuBoard - Warto?? 0 wstawiona nieprawid?owo
13:52:47.750 INFO  [main] SudokuBoard - B?ad w kwadracie 0
sudoku.model.SudokuBoard@4c90fc3b[
  size=9
  solver=sudoku.model.BacktrackingSudokuSolver@1e14ed59
  board={{1,9,8,4,5,2,3,7,6},{2,5,3,6,8,7,4,9,1},{4,6,7,9,1,3,8,5,2},{6,7,4,5,9,1,2,3,8},{8,2,9,3,6,4,5,1,7},{3,1,5,2,7,8,6,4,9},{5,8,1,7,3,6,9,2,4},{9,3,2,8,0,0,0,0,0},{0,0,0,0,0,0,0,0,0}}
]
13:52:47.750 INFO  [main] SudokuBoard - Warto?? 0 wstawiona nieprawid?owo
13:52:47.751 INFO  [main] SudokuBoard - B?ad w kwadracie 0
sudoku.model.SudokuBoard@4c90fc3b[
  size=9
  solver=sudoku.model.BacktrackingSudokuSolver@1e14ed59
  board={{1,9,8,4,5,2,3,7,6},{2,5,3,6,8,7,4,9,1},{4,6,7,9,1,3,8,5,2},{6,7,4,5,9,1,2,3,8},{8,2,9,3,6,4,5,1,7},{3,1,5,2,7,8,6,4,9},{5,8,1,7,3,6,9,2,4},{9,3,2,0,0,0,0,0,0},{0,0,0,0,0,0,0,0,0}}
]
13:52:47.751 INFO  [main] SudokuBoard - Warto?? 0 wstawiona nieprawid?owo
13:52:47.751 INFO  [main] SudokuBoard - B?ad w kwadracie 0
sudoku.model.SudokuBoard@4c90fc3b[
  size=9
  solver=sudoku.model.BacktrackingSudokuSolver@1e14ed59
  board={{1,9,8,4,5,2,3,7,6},{2,5,3,6,8,7,4,9,1},{4,6,7,9,1,3,8,5,2},{6,7,4,5,9,1,2,3,8},{8,2,9,3,6,4,5,1,7},{3,1,5,2,7,8,6,4,9},{5,8,1,7,3,6,9,2,4},{9,3,2,1,4,5,7,0,0},{0,0,0,0,0,0,0,0,0}}
]
13:52:47.751 INFO  [main] SudokuBoard - Warto?? 0 wstawiona nieprawid?owo
13:52:47.751 INFO  [main] SudokuBoard - B?ad w kwadracie 0
sudoku.model.SudokuBoard@4c90fc3b[
  size=9
  solver=sudoku.model.BacktrackingSudokuSolver@1e14ed59
  board={{1,9,8,4,5,2,3,7,6},{2,5,3,6,8,7,4,9,1},{4,6,7,9,1,3,8,5,2},{6,7,4,5,9,1,2,3,8},{8,2,9,3,6,4,5,1,7},{3,1,5,2,7,8,6,4,9},{5,8,1,7,3,6,9,2,4},{9,3,2,1,4,5,7,0,0},{0,0,0,0,0,0,0,0,0}}
]
13:52:47.751 INFO  [main] SudokuBoard - Warto?? 0 wstawiona nieprawid?owo
13:52:47.751 INFO  [main] SudokuBoard - B?ad w kwadracie 0
sudoku.model.SudokuBoard@4c90fc3b[
  size=9
  solver=sudoku.model.BacktrackingSudokuSolver@1e14ed59
  board={{1,9,8,4,5,2,3,7,6},{2,5,3,6,8,7,4,9,1},{4,6,7,9,1,3,8,5,2},{6,7,4,5,9,1,2,3,8},{8,2,9,3,6,4,5,1,7},{3,1,5,2,7,8,6,4,9},{5,8,1,7,3,6,9,2,4},{9,3,2,1,4,5,0,0,0},{0,0,0,0,0,0,0,0,0}}
]
13:52:47.752 INFO  [main] SudokuBoard - Warto?? 0 wstawiona nieprawid?owo
13:52:47.752 INFO  [main] SudokuBoard - B?ad w kwadracie 0
sudoku.model.SudokuBoard@4c90fc3b[
  size=9
  solver=sudoku.model.BacktrackingSudokuSolver@1e14ed59
  board={{1,9,8,4,5,2,3,7,6},{2,5,3,6,8,7,4,9,1},{4,6,7,9,1,3,8,5,2},{6,7,4,5,9,1,2,3,8},{8,2,9,3,6,4,5,1,7},{3,1,5,2,7,8,6,4,9},{5,8,1,7,3,6,9,2,4},{9,3,2,1,4,0,0,0,0},{0,0,0,0,0,0,0,0,0}}
]
13:52:47.752 INFO  [main] SudokuBoard - Warto?? 0 wstawiona nieprawid?owo
13:52:47.752 INFO  [main] SudokuBoard - B?ad w kwadracie 0
sudoku.model.SudokuBoard@4c90fc3b[
  size=9
  solver=sudoku.model.BacktrackingSudokuSolver@1e14ed59
  board={{1,9,8,4,5,2,3,7,6},{2,5,3,6,8,7,4,9,1},{4,6,7,9,1,3,8,5,2},{6,7,4,5,9,1,2,3,8},{8,2,9,3,6,4,5,1,7},{3,1,5,2,7,8,6,4,9},{5,8,1,7,3,6,9,2,4},{9,3,2,1,0,0,0,0,0},{0,0,0,0,0,0,0,0,0}}
]
13:52:47.752 INFO  [main] SudokuBoard - Warto?? 0 wstawiona nieprawid?owo
13:52:47.752 INFO  [main] SudokuBoard - B?ad w kwadracie 0
sudoku.model.SudokuBoard@4c90fc3b[
  size=9
  solver=sudoku.model.BacktrackingSudokuSolver@1e14ed59
  board={{1,9,8,4,5,2,3,7,6},{2,5,3,6,8,7,4,9,1},{4,6,7,9,1,3,8,5,2},{6,7,4,5,9,1,2,3,8},{8,2,9,3,6,4,5,1,7},{3,1,5,2,7,8,6,4,9},{5,8,1,7,3,6,9,2,4},{9,3,2,0,0,0,0,0,0},{0,0,0,0,0,0,0,0,0}}
]
13:52:47.752 INFO  [main] SudokuBoard - Warto?? 0 wstawiona nieprawid?owo
13:52:47.754 INFO  [main] SudokuBoard - B?ad w kwadracie 0
sudoku.model.SudokuBoard@4c90fc3b[
  size=9
  solver=sudoku.model.BacktrackingSudokuSolver@1e14ed59
  board={{1,9,8,4,5,2,3,7,6},{2,5,3,6,8,7,4,9,1},{4,6,7,9,1,3,8,5,2},{6,7,4,5,9,1,2,3,8},{8,2,9,3,6,4,5,1,7},{3,1,5,2,7,8,6,4,9},{5,8,1,7,3,6,9,2,4},{9,3,0,0,0,0,0,0,0},{0,0,0,0,0,0,0,0,0}}
]
13:52:47.754 INFO  [main] SudokuBoard - Warto?? 0 wstawiona nieprawid?owo
13:52:47.755 INFO  [main] SudokuBoard - B?ad w kwadracie 0
sudoku.model.SudokuBoard@4c90fc3b[
  size=9
  solver=sudoku.model.BacktrackingSudokuSolver@1e14ed59
  board={{1,9,8,4,5,2,3,7,6},{2,5,3,6,8,7,4,9,1},{4,6,7,9,1,3,8,5,2},{6,7,4,5,9,1,2,3,8},{8,2,9,3,6,4,5,1,7},{3,1,5,2,7,8,6,4,9},{5,8,1,7,3,6,9,2,4},{9,3,6,1,2,5,7,0,0},{0,0,0,0,0,0,0,0,0}}
]
13:52:47.755 INFO  [main] SudokuBoard - Warto?? 0 wstawiona nieprawid?owo
13:52:47.755 INFO  [main] SudokuBoard - B?ad w kwadracie 0
sudoku.model.SudokuBoard@4c90fc3b[
  size=9
  solver=sudoku.model.BacktrackingSudokuSolver@1e14ed59
  board={{1,9,8,4,5,2,3,7,6},{2,5,3,6,8,7,4,9,1},{4,6,7,9,1,3,8,5,2},{6,7,4,5,9,1,2,3,8},{8,2,9,3,6,4,5,1,7},{3,1,5,2,7,8,6,4,9},{5,8,1,7,3,6,9,2,4},{9,3,6,1,2,5,0,0,0},{0,0,0,0,0,0,0,0,0}}
]
13:52:47.755 INFO  [main] SudokuBoard - Warto?? 0 wstawiona nieprawid?owo
13:52:47.756 INFO  [main] SudokuBoard - B?ad w kwadracie 0
sudoku.model.SudokuBoard@4c90fc3b[
  size=9
  solver=sudoku.model.BacktrackingSudokuSolver@1e14ed59
  board={{1,9,8,4,5,2,3,7,6},{2,5,3,6,8,7,4,9,1},{4,6,7,9,1,3,8,5,2},{6,7,4,5,9,1,2,3,8},{8,2,9,3,6,4,5,1,7},{3,1,5,2,7,8,6,4,9},{5,8,1,7,3,6,9,2,4},{9,3,6,1,2,0,0,0,0},{0,0,0,0,0,0,0,0,0}}
]
13:52:47.756 INFO  [main] SudokuBoard - Warto?? 0 wstawiona nieprawid?owo
13:52:47.756 INFO  [main] SudokuBoard - B?ad w kwadracie 0
sudoku.model.SudokuBoard@4c90fc3b[
  size=9
  solver=sudoku.model.BacktrackingSudokuSolver@1e14ed59
  board={{1,9,8,4,5,2,3,7,6},{2,5,3,6,8,7,4,9,1},{4,6,7,9,1,3,8,5,2},{6,7,4,5,9,1,2,3,8},{8,2,9,3,6,4,5,1,7},{3,1,5,2,7,8,6,4,9},{5,8,1,7,3,6,9,2,4},{9,3,6,1,0,0,0,0,0},{0,0,0,0,0,0,0,0,0}}
]
13:52:47.756 INFO  [main] SudokuBoard - Warto?? 0 wstawiona nieprawid?owo
13:52:47.756 INFO  [main] SudokuBoard - B?ad w kwadracie 0
sudoku.model.SudokuBoard@4c90fc3b[
  size=9
  solver=sudoku.model.BacktrackingSudokuSolver@1e14ed59
  board={{1,9,8,4,5,2,3,7,6},{2,5,3,6,8,7,4,9,1},{4,6,7,9,1,3,8,5,2},{6,7,4,5,9,1,2,3,8},{8,2,9,3,6,4,5,1,7},{3,1,5,2,7,8,6,4,9},{5,8,1,7,3,6,9,2,4},{9,3,6,1,4,5,7,0,0},{0,0,0,0,0,0,0,0,0}}
]
13:52:47.756 INFO  [main] SudokuBoard - Warto?? 0 wstawiona nieprawid?owo
13:52:47.757 INFO  [main] SudokuBoard - B?ad w kwadracie 0
sudoku.model.SudokuBoard@4c90fc3b[
  size=9
  solver=sudoku.model.BacktrackingSudokuSolver@1e14ed59
  board={{1,9,8,4,5,2,3,7,6},{2,5,3,6,8,7,4,9,1},{4,6,7,9,1,3,8,5,2},{6,7,4,5,9,1,2,3,8},{8,2,9,3,6,4,5,1,7},{3,1,5,2,7,8,6,4,9},{5,8,1,7,3,6,9,2,4},{9,3,6,1,4,5,0,0,0},{0,0,0,0,0,0,0,0,0}}
]
13:52:47.757 INFO  [main] SudokuBoard - Warto?? 0 wstawiona nieprawid?owo
13:52:47.757 INFO  [main] SudokuBoard - B?ad w kwadracie 0
sudoku.model.SudokuBoard@4c90fc3b[
  size=9
  solver=sudoku.model.BacktrackingSudokuSolver@1e14ed59
  board={{1,9,8,4,5,2,3,7,6},{2,5,3,6,8,7,4,9,1},{4,6,7,9,1,3,8,5,2},{6,7,4,5,9,1,2,3,8},{8,2,9,3,6,4,5,1,7},{3,1,5,2,7,8,6,4,9},{5,8,1,7,3,6,9,2,4},{9,3,6,1,4,0,0,0,0},{0,0,0,0,0,0,0,0,0}}
]
13:52:47.757 INFO  [main] SudokuBoard - Warto?? 0 wstawiona nieprawid?owo
13:52:47.757 INFO  [main] SudokuBoard - B?ad w kwadracie 0
sudoku.model.SudokuBoard@4c90fc3b[
  size=9
  solver=sudoku.model.BacktrackingSudokuSolver@1e14ed59
  board={{1,9,8,4,5,2,3,7,6},{2,5,3,6,8,7,4,9,1},{4,6,7,9,1,3,8,5,2},{6,7,4,5,9,1,2,3,8},{8,2,9,3,6,4,5,1,7},{3,1,5,2,7,8,6,4,9},{5,8,1,7,3,6,9,2,4},{9,3,6,1,0,0,0,0,0},{0,0,0,0,0,0,0,0,0}}
]
13:52:47.757 INFO  [main] SudokuBoard - Warto?? 0 wstawiona nieprawid?owo
13:52:47.757 INFO  [main] SudokuBoard - B?ad w kwadracie 0
sudoku.model.SudokuBoard@4c90fc3b[
  size=9
  solver=sudoku.model.BacktrackingSudokuSolver@1e14ed59
  board={{1,9,8,4,5,2,3,7,6},{2,5,3,6,8,7,4,9,1},{4,6,7,9,1,3,8,5,2},{6,7,4,5,9,1,2,3,8},{8,2,9,3,6,4,5,1,7},{3,1,5,2,7,8,6,4,9},{5,8,1,7,3,6,9,2,4},{9,3,6,0,0,0,0,0,0},{0,0,0,0,0,0,0,0,0}}
]
13:52:47.757 INFO  [main] SudokuBoard - Warto?? 0 wstawiona nieprawid?owo
13:52:47.758 INFO  [main] SudokuBoard - B?ad w kwadracie 0
sudoku.model.SudokuBoard@4c90fc3b[
  size=9
  solver=sudoku.model.BacktrackingSudokuSolver@1e14ed59
  board={{1,9,8,4,5,2,3,7,6},{2,5,3,6,8,7,4,9,1},{4,6,7,9,1,3,8,5,2},{6,7,4,5,9,1,2,3,8},{8,2,9,3,6,4,5,1,7},{3,1,5,2,7,8,6,4,9},{5,8,1,7,3,6,9,2,4},{9,3,6,8,2,5,0,0,0},{0,0,0,0,0,0,0,0,0}}
]
13:52:47.758 INFO  [main] SudokuBoard - Warto?? 0 wstawiona nieprawid?owo
13:52:47.758 INFO  [main] SudokuBoard - B?ad w kwadracie 0
sudoku.model.SudokuBoard@4c90fc3b[
  size=9
  solver=sudoku.model.BacktrackingSudokuSolver@1e14ed59
  board={{1,9,8,4,5,2,3,7,6},{2,5,3,6,8,7,4,9,1},{4,6,7,9,1,3,8,5,2},{6,7,4,5,9,1,2,3,8},{8,2,9,3,6,4,5,1,7},{3,1,5,2,7,8,6,4,9},{5,8,1,7,3,6,9,2,4},{9,3,6,8,2,5,0,0,0},{0,0,0,0,0,0,0,0,0}}
]
13:52:47.758 INFO  [main] SudokuBoard - Warto?? 0 wstawiona nieprawid?owo
13:52:47.758 INFO  [main] SudokuBoard - B?ad w kwadracie 0
sudoku.model.SudokuBoard@4c90fc3b[
  size=9
  solver=sudoku.model.BacktrackingSudokuSolver@1e14ed59
  board={{1,9,8,4,5,2,3,7,6},{2,5,3,6,8,7,4,9,1},{4,6,7,9,1,3,8,5,2},{6,7,4,5,9,1,2,3,8},{8,2,9,3,6,4,5,1,7},{3,1,5,2,7,8,6,4,9},{5,8,1,7,3,6,9,2,4},{9,3,6,8,2,0,0,0,0},{0,0,0,0,0,0,0,0,0}}
]
13:52:47.758 INFO  [main] SudokuBoard - Warto?? 0 wstawiona nieprawid?owo
13:52:47.759 INFO  [main] SudokuBoard - B?ad w kwadracie 0
sudoku.model.SudokuBoard@4c90fc3b[
  size=9
  solver=sudoku.model.BacktrackingSudokuSolver@1e14ed59
  board={{1,9,8,4,5,2,3,7,6},{2,5,3,6,8,7,4,9,1},{4,6,7,9,1,3,8,5,2},{6,7,4,5,9,1,2,3,8},{8,2,9,3,6,4,5,1,7},{3,1,5,2,7,8,6,4,9},{5,8,1,7,3,6,9,2,4},{9,3,6,8,0,0,0,0,0},{0,0,0,0,0,0,0,0,0}}
]
13:52:47.759 INFO  [main] SudokuBoard - Warto?? 0 wstawiona nieprawid?owo
13:52:47.759 INFO  [main] SudokuBoard - B?ad w kwadracie 0
sudoku.model.SudokuBoard@4c90fc3b[
  size=9
  solver=sudoku.model.BacktrackingSudokuSolver@1e14ed59
  board={{1,9,8,4,5,2,3,7,6},{2,5,3,6,8,7,4,9,1},{4,6,7,9,1,3,8,5,2},{6,7,4,5,9,1,2,3,8},{8,2,9,3,6,4,5,1,7},{3,1,5,2,7,8,6,4,9},{5,8,1,7,3,6,9,2,4},{9,3,6,8,4,5,0,0,0},{0,0,0,0,0,0,0,0,0}}
]
13:52:47.759 INFO  [main] SudokuBoard - Warto?? 0 wstawiona nieprawid?owo
13:52:47.760 INFO  [main] SudokuBoard - B?ad w kwadracie 0
sudoku.model.SudokuBoard@4c90fc3b[
  size=9
  solver=sudoku.model.BacktrackingSudokuSolver@1e14ed59
  board={{1,9,8,4,5,2,3,7,6},{2,5,3,6,8,7,4,9,1},{4,6,7,9,1,3,8,5,2},{6,7,4,5,9,1,2,3,8},{8,2,9,3,6,4,5,1,7},{3,1,5,2,7,8,6,4,9},{5,8,1,7,3,6,9,2,4},{9,3,6,8,4,5,0,0,0},{0,0,0,0,0,0,0,0,0}}
]
13:52:47.760 INFO  [main] SudokuBoard - Warto?? 0 wstawiona nieprawid?owo
13:52:47.760 INFO  [main] SudokuBoard - B?ad w kwadracie 0
sudoku.model.SudokuBoard@4c90fc3b[
  size=9
  solver=sudoku.model.BacktrackingSudokuSolver@1e14ed59
  board={{1,9,8,4,5,2,3,7,6},{2,5,3,6,8,7,4,9,1},{4,6,7,9,1,3,8,5,2},{6,7,4,5,9,1,2,3,8},{8,2,9,3,6,4,5,1,7},{3,1,5,2,7,8,6,4,9},{5,8,1,7,3,6,9,2,4},{9,3,6,8,4,0,0,0,0},{0,0,0,0,0,0,0,0,0}}
]
13:52:47.760 INFO  [main] SudokuBoard - Warto?? 0 wstawiona nieprawid?owo
13:52:47.761 INFO  [main] SudokuBoard - B?ad w kwadracie 0
sudoku.model.SudokuBoard@4c90fc3b[
  size=9
  solver=sudoku.model.BacktrackingSudokuSolver@1e14ed59
  board={{1,9,8,4,5,2,3,7,6},{2,5,3,6,8,7,4,9,1},{4,6,7,9,1,3,8,5,2},{6,7,4,5,9,1,2,3,8},{8,2,9,3,6,4,5,1,7},{3,1,5,2,7,8,6,4,9},{5,8,1,7,3,6,9,2,4},{9,3,6,8,0,0,0,0,0},{0,0,0,0,0,0,0,0,0}}
]
13:52:47.761 INFO  [main] SudokuBoard - Warto?? 0 wstawiona nieprawid?owo
13:52:47.761 INFO  [main] SudokuBoard - B?ad w kwadracie 0
sudoku.model.SudokuBoard@4c90fc3b[
  size=9
  solver=sudoku.model.BacktrackingSudokuSolver@1e14ed59
  board={{1,9,8,4,5,2,3,7,6},{2,5,3,6,8,7,4,9,1},{4,6,7,9,1,3,8,5,2},{6,7,4,5,9,1,2,3,8},{8,2,9,3,6,4,5,1,7},{3,1,5,2,7,8,6,4,9},{5,8,1,7,3,6,9,2,4},{9,3,6,0,0,0,0,0,0},{0,0,0,0,0,0,0,0,0}}
]
13:52:47.761 INFO  [main] SudokuBoard - Warto?? 0 wstawiona nieprawid?owo
13:52:47.761 INFO  [main] SudokuBoard - B?ad w kwadracie 0
sudoku.model.SudokuBoard@4c90fc3b[
  size=9
  solver=sudoku.model.BacktrackingSudokuSolver@1e14ed59
  board={{1,9,8,4,5,2,3,7,6},{2,5,3,6,8,7,4,9,1},{4,6,7,9,1,3,8,5,2},{6,7,4,5,9,1,2,3,8},{8,2,9,3,6,4,5,1,7},{3,1,5,2,7,8,6,4,9},{5,8,1,7,3,6,9,2,4},{9,3,0,0,0,0,0,0,0},{0,0,0,0,0,0,0,0,0}}
]
13:52:47.762 INFO  [main] SudokuBoard - Warto?? 0 wstawiona nieprawid?owo
13:52:47.762 INFO  [main] SudokuBoard - B?ad w kwadracie 0
sudoku.model.SudokuBoard@4c90fc3b[
  size=9
  solver=sudoku.model.BacktrackingSudokuSolver@1e14ed59
  board={{1,9,8,4,5,2,3,7,6},{2,5,3,6,8,7,4,9,1},{4,6,7,9,1,3,8,5,2},{6,7,4,5,9,1,2,3,8},{8,2,9,3,6,4,5,1,7},{3,1,5,2,7,8,6,4,9},{5,8,1,7,3,6,9,2,4},{9,0,0,0,0,0,0,0,0},{0,0,0,0,0,0,0,0,0}}
]
13:52:47.762 INFO  [main] SudokuBoard - Warto?? 0 wstawiona nieprawid?owo
13:52:47.764 INFO  [main] SudokuBoard - B?ad w kwadracie 0
sudoku.model.SudokuBoard@4c90fc3b[
  size=9
  solver=sudoku.model.BacktrackingSudokuSolver@1e14ed59
  board={{1,9,8,4,5,2,3,7,6},{2,5,3,6,8,7,4,9,1},{4,6,7,9,1,3,8,5,2},{6,7,4,5,9,1,2,3,8},{8,2,9,3,6,4,5,1,7},{3,1,5,2,7,8,6,4,9},{5,8,1,7,3,6,9,2,4},{9,4,6,8,2,5,0,0,0},{0,0,0,0,0,0,0,0,0}}
]
13:52:47.764 INFO  [main] SudokuBoard - Warto?? 0 wstawiona nieprawid?owo
13:52:47.764 INFO  [main] SudokuBoard - B?ad w kwadracie 0
sudoku.model.SudokuBoard@4c90fc3b[
  size=9
  solver=sudoku.model.BacktrackingSudokuSolver@1e14ed59
  board={{1,9,8,4,5,2,3,7,6},{2,5,3,6,8,7,4,9,1},{4,6,7,9,1,3,8,5,2},{6,7,4,5,9,1,2,3,8},{8,2,9,3,6,4,5,1,7},{3,1,5,2,7,8,6,4,9},{5,8,1,7,3,6,9,2,4},{9,4,6,8,2,5,0,0,0},{0,0,0,0,0,0,0,0,0}}
]
13:52:47.765 INFO  [main] SudokuBoard - Warto?? 0 wstawiona nieprawid?owo
13:52:47.765 INFO  [main] SudokuBoard - B?ad w kwadracie 0
sudoku.model.SudokuBoard@4c90fc3b[
  size=9
  solver=sudoku.model.BacktrackingSudokuSolver@1e14ed59
  board={{1,9,8,4,5,2,3,7,6},{2,5,3,6,8,7,4,9,1},{4,6,7,9,1,3,8,5,2},{6,7,4,5,9,1,2,3,8},{8,2,9,3,6,4,5,1,7},{3,1,5,2,7,8,6,4,9},{5,8,1,7,3,6,9,2,4},{9,4,6,8,2,0,0,0,0},{0,0,0,0,0,0,0,0,0}}
]
13:52:47.765 INFO  [main] SudokuBoard - Warto?? 0 wstawiona nieprawid?owo
13:52:47.765 INFO  [main] SudokuBoard - B?ad w kwadracie 0
sudoku.model.SudokuBoard@4c90fc3b[
  size=9
  solver=sudoku.model.BacktrackingSudokuSolver@1e14ed59
  board={{1,9,8,4,5,2,3,7,6},{2,5,3,6,8,7,4,9,1},{4,6,7,9,1,3,8,5,2},{6,7,4,5,9,1,2,3,8},{8,2,9,3,6,4,5,1,7},{3,1,5,2,7,8,6,4,9},{5,8,1,7,3,6,9,2,4},{9,4,6,8,0,0,0,0,0},{0,0,0,0,0,0,0,0,0}}
]
13:52:47.766 INFO  [main] SudokuBoard - Warto?? 0 wstawiona nieprawid?owo
13:52:47.766 INFO  [main] SudokuBoard - B?ad w kwadracie 0
sudoku.model.SudokuBoard@4c90fc3b[
  size=9
  solver=sudoku.model.BacktrackingSudokuSolver@1e14ed59
  board={{1,9,8,4,5,2,3,7,6},{2,5,3,6,8,7,4,9,1},{4,6,7,9,1,3,8,5,2},{6,7,4,5,9,1,2,3,8},{8,2,9,3,6,4,5,1,7},{3,1,5,2,7,8,6,4,9},{5,8,1,7,3,6,9,2,4},{9,4,6,0,0,0,0,0,0},{0,0,0,0,0,0,0,0,0}}
]
13:52:47.766 INFO  [main] SudokuBoard - Warto?? 0 wstawiona nieprawid?owo
]]></system-out>
  </testcase>
  <testcase name="repeatFillBoardTest" classname="sudoku.model.SudokuBoardTest" time="0.034">
    <system-out><![CDATA[13:52:47.771 INFO  [main] SudokuBoard - B?ad w kwadracie 0
sudoku.model.SudokuBoard@2d21d12b[
  size=9
  solver=sudoku.model.BacktrackingSudokuSolver@669b8190
  board={{5,8,2,6,7,9,1,4,3},{1,9,7,4,5,2,8,0,0},{0,0,0,0,0,0,0,0,0},{0,0,0,0,0,0,0,0,0},{0,0,0,0,0,0,0,0,0},{0,0,0,0,0,0,0,0,0},{0,0,0,0,0,0,0,0,0},{0,0,0,0,0,0,0,0,0},{0,0,0,0,0,0,0,0,0}}
]
13:52:47.772 INFO  [main] SudokuBoard - Warto?? 0 wstawiona nieprawid?owo
13:52:47.772 INFO  [main] SudokuBoard - B?ad w kwadracie 0
sudoku.model.SudokuBoard@2d21d12b[
  size=9
  solver=sudoku.model.BacktrackingSudokuSolver@669b8190
  board={{5,8,2,6,7,9,1,4,3},{1,9,7,4,5,2,0,0,0},{0,0,0,0,0,0,0,0,0},{0,0,0,0,0,0,0,0,0},{0,0,0,0,0,0,0,0,0},{0,0,0,0,0,0,0,0,0},{0,0,0,0,0,0,0,0,0},{0,0,0,0,0,0,0,0,0},{0,0,0,0,0,0,0,0,0}}
]
13:52:47.772 INFO  [main] SudokuBoard - Warto?? 0 wstawiona nieprawid?owo
13:52:47.772 INFO  [main] SudokuBoard - B?ad w kwadracie 0
sudoku.model.SudokuBoard@2d21d12b[
  size=9
  solver=sudoku.model.BacktrackingSudokuSolver@669b8190
  board={{5,8,2,6,7,9,1,4,3},{1,9,7,4,5,2,6,0,0},{0,0,0,0,0,0,0,0,0},{0,0,0,0,0,0,0,0,0},{0,0,0,0,0,0,0,0,0},{0,0,0,0,0,0,0,0,0},{0,0,0,0,0,0,0,0,0},{0,0,0,0,0,0,0,0,0},{0,0,0,0,0,0,0,0,0}}
]
13:52:47.772 INFO  [main] SudokuBoard - Warto?? 0 wstawiona nieprawid?owo
13:52:47.773 INFO  [main] SudokuBoard - B?ad w kwadracie 0
sudoku.model.SudokuBoard@2d21d12b[
  size=9
  solver=sudoku.model.BacktrackingSudokuSolver@669b8190
  board={{5,8,2,6,7,9,1,4,3},{1,9,7,4,5,2,0,0,0},{0,0,0,0,0,0,0,0,0},{0,0,0,0,0,0,0,0,0},{0,0,0,0,0,0,0,0,0},{0,0,0,0,0,0,0,0,0},{0,0,0,0,0,0,0,0,0},{0,0,0,0,0,0,0,0,0},{0,0,0,0,0,0,0,0,0}}
]
13:52:47.773 INFO  [main] SudokuBoard - Warto?? 0 wstawiona nieprawid?owo
13:52:47.773 INFO  [main] SudokuBoard - B?ad w kwadracie 0
sudoku.model.SudokuBoard@2d21d12b[
  size=9
  solver=sudoku.model.BacktrackingSudokuSolver@669b8190
  board={{5,8,2,6,7,9,1,4,3},{1,9,7,4,5,0,0,0,0},{0,0,0,0,0,0,0,0,0},{0,0,0,0,0,0,0,0,0},{0,0,0,0,0,0,0,0,0},{0,0,0,0,0,0,0,0,0},{0,0,0,0,0,0,0,0,0},{0,0,0,0,0,0,0,0,0},{0,0,0,0,0,0,0,0,0}}
]
13:52:47.773 INFO  [main] SudokuBoard - Warto?? 0 wstawiona nieprawid?owo
13:52:47.773 INFO  [main] SudokuBoard - B?ad w kwadracie 0
sudoku.model.SudokuBoard@2d21d12b[
  size=9
  solver=sudoku.model.BacktrackingSudokuSolver@669b8190
  board={{5,8,2,6,7,9,1,4,3},{1,9,7,4,5,3,2,6,8},{6,3,4,2,1,8,5,7,9},{9,1,8,7,2,4,3,5,6},{3,2,5,8,6,1,0,0,0},{0,0,0,0,0,0,0,0,0},{0,0,0,0,0,0,0,0,0},{0,0,0,0,0,0,0,0,0},{0,0,0,0,0,0,0,0,0}}
]
13:52:47.773 INFO  [main] SudokuBoard - Warto?? 0 wstawiona nieprawid?owo
13:52:47.773 INFO  [main] SudokuBoard - B?ad w kwadracie 0
sudoku.model.SudokuBoard@2d21d12b[
  size=9
  solver=sudoku.model.BacktrackingSudokuSolver@669b8190
  board={{5,8,2,6,7,9,1,4,3},{1,9,7,4,5,3,2,6,8},{6,3,4,2,1,8,5,7,9},{9,1,8,7,2,4,3,5,6},{3,2,5,8,6,1,4,9,7},{4,0,0,0,0,0,0,0,0},{0,0,0,0,0,0,0,0,0},{0,0,0,0,0,0,0,0,0},{0,0,0,0,0,0,0,0,0}}
]
13:52:47.773 INFO  [main] SudokuBoard - Warto?? 0 wstawiona nieprawid?owo
13:52:47.773 INFO  [main] SudokuBoard - B?ad w kwadracie 0
sudoku.model.SudokuBoard@2d21d12b[
  size=9
  solver=sudoku.model.BacktrackingSudokuSolver@669b8190
  board={{5,8,2,6,7,9,1,4,3},{1,9,7,4,5,3,2,6,8},{6,3,4,2,1,8,5,7,9},{9,1,8,7,2,4,3,5,6},{3,2,5,8,6,1,4,9,7},{4,7,6,9,3,5,8,1,2},{7,4,9,1,8,2,6,3,5},{2,6,1,3,9,0,0,0,0},{0,0,0,0,0,0,0,0,0}}
]
13:52:47.773 INFO  [main] SudokuBoard - Warto?? 0 wstawiona nieprawid?owo
13:52:47.774 INFO  [main] SudokuBoard - B?ad w kwadracie 0
sudoku.model.SudokuBoard@2d21d12b[
  size=9
  solver=sudoku.model.BacktrackingSudokuSolver@669b8190
  board={{5,8,2,6,7,9,1,4,3},{1,9,7,4,5,3,2,6,8},{6,3,4,2,1,8,5,7,9},{9,1,8,7,2,4,3,5,6},{3,2,5,8,6,1,4,9,7},{4,7,6,9,3,5,8,1,2},{7,4,9,1,8,2,6,3,5},{2,6,1,3,0,0,0,0,0},{0,0,0,0,0,0,0,0,0}}
]
13:52:47.774 INFO  [main] SudokuBoard - Warto?? 0 wstawiona nieprawid?owo
13:52:47.774 INFO  [main] SudokuBoard - B?ad w kwadracie 0
sudoku.model.SudokuBoard@2d21d12b[
  size=9
  solver=sudoku.model.BacktrackingSudokuSolver@669b8190
  board={{5,8,2,6,7,9,1,4,3},{1,9,7,4,5,3,2,6,8},{6,3,4,2,1,8,5,7,9},{9,1,8,7,2,4,3,5,6},{3,2,5,8,6,1,4,9,7},{4,7,6,9,3,5,8,1,2},{7,4,9,1,8,2,6,3,5},{2,6,1,3,4,7,9,0,0},{0,0,0,0,0,0,0,0,0}}
]
13:52:47.774 INFO  [main] SudokuBoard - Warto?? 0 wstawiona nieprawid?owo
13:52:47.774 INFO  [main] SudokuBoard - B?ad w kwadracie 0
sudoku.model.SudokuBoard@2d21d12b[
  size=9
  solver=sudoku.model.BacktrackingSudokuSolver@669b8190
  board={{5,8,2,6,7,9,1,4,3},{1,9,7,4,5,3,2,6,8},{6,3,4,2,1,8,5,7,9},{9,1,8,7,2,4,3,5,6},{3,2,5,8,6,1,4,9,7},{4,7,6,9,3,5,8,1,2},{7,4,9,1,8,2,6,3,5},{2,6,1,3,4,7,0,0,0},{0,0,0,0,0,0,0,0,0}}
]
13:52:47.774 INFO  [main] SudokuBoard - Warto?? 0 wstawiona nieprawid?owo
13:52:47.774 INFO  [main] SudokuBoard - B?ad w kwadracie 0
sudoku.model.SudokuBoard@2d21d12b[
  size=9
  solver=sudoku.model.BacktrackingSudokuSolver@669b8190
  board={{5,8,2,6,7,9,1,4,3},{1,9,7,4,5,3,2,6,8},{6,3,4,2,1,8,5,7,9},{9,1,8,7,2,4,3,5,6},{3,2,5,8,6,1,4,9,7},{4,7,6,9,3,5,8,1,2},{7,4,9,1,8,2,6,3,5},{2,6,1,3,4,0,0,0,0},{0,0,0,0,0,0,0,0,0}}
]
13:52:47.774 INFO  [main] SudokuBoard - Warto?? 0 wstawiona nieprawid?owo
13:52:47.774 INFO  [main] SudokuBoard - B?ad w kwadracie 0
sudoku.model.SudokuBoard@2d21d12b[
  size=9
  solver=sudoku.model.BacktrackingSudokuSolver@669b8190
  board={{5,8,2,6,7,9,1,4,3},{1,9,7,4,5,3,2,6,8},{6,3,4,2,1,8,5,7,9},{9,1,8,7,2,4,3,5,6},{3,2,5,8,6,1,4,9,7},{4,7,6,9,3,5,8,1,2},{7,4,9,1,8,2,6,3,5},{2,6,1,3,0,0,0,0,0},{0,0,0,0,0,0,0,0,0}}
]
13:52:47.774 INFO  [main] SudokuBoard - Warto?? 0 wstawiona nieprawid?owo
13:52:47.775 INFO  [main] SudokuBoard - B?ad w kwadracie 0
sudoku.model.SudokuBoard@2d21d12b[
  size=9
  solver=sudoku.model.BacktrackingSudokuSolver@669b8190
  board={{5,8,2,6,7,9,1,4,3},{1,9,7,4,5,3,2,6,8},{6,3,4,2,1,8,5,7,9},{9,1,8,7,2,4,3,5,6},{3,2,5,8,6,1,4,9,7},{4,7,6,9,3,5,8,1,2},{7,4,9,1,8,2,6,3,5},{2,6,1,0,0,0,0,0,0},{0,0,0,0,0,0,0,0,0}}
]
13:52:47.775 INFO  [main] SudokuBoard - Warto?? 0 wstawiona nieprawid?owo
13:52:47.775 INFO  [main] SudokuBoard - B?ad w kwadracie 0
sudoku.model.SudokuBoard@2d21d12b[
  size=9
  solver=sudoku.model.BacktrackingSudokuSolver@669b8190
  board={{5,8,2,6,7,9,1,4,3},{1,9,7,4,5,3,2,6,8},{6,3,4,2,1,8,5,7,9},{9,1,8,7,2,4,3,5,6},{3,2,5,8,6,1,4,9,7},{4,7,6,9,3,5,8,1,2},{7,4,9,1,8,2,6,3,5},{2,6,1,5,9,0,0,0,0},{0,0,0,0,0,0,0,0,0}}
]
13:52:47.775 INFO  [main] SudokuBoard - Warto?? 0 wstawiona nieprawid?owo
13:52:47.775 INFO  [main] SudokuBoard - B?ad w kwadracie 0
sudoku.model.SudokuBoard@2d21d12b[
  size=9
  solver=sudoku.model.BacktrackingSudokuSolver@669b8190
  board={{5,8,2,6,7,9,1,4,3},{1,9,7,4,5,3,2,6,8},{6,3,4,2,1,8,5,7,9},{9,1,8,7,2,4,3,5,6},{3,2,5,8,6,1,4,9,7},{4,7,6,9,3,5,8,1,2},{7,4,9,1,8,2,6,3,5},{2,6,1,5,0,0,0,0,0},{0,0,0,0,0,0,0,0,0}}
]
13:52:47.775 INFO  [main] SudokuBoard - Warto?? 0 wstawiona nieprawid?owo
13:52:47.775 INFO  [main] SudokuBoard - B?ad w kwadracie 0
sudoku.model.SudokuBoard@2d21d12b[
  size=9
  solver=sudoku.model.BacktrackingSudokuSolver@669b8190
  board={{5,8,2,6,7,9,1,4,3},{1,9,7,4,5,3,2,6,8},{6,3,4,2,1,8,5,7,9},{9,1,8,7,2,4,3,5,6},{3,2,5,8,6,1,4,9,7},{4,7,6,9,3,5,8,1,2},{7,4,9,1,8,2,6,3,5},{2,6,1,5,4,7,9,0,0},{0,0,0,0,0,0,0,0,0}}
]
13:52:47.775 INFO  [main] SudokuBoard - Warto?? 0 wstawiona nieprawid?owo
13:52:47.775 INFO  [main] SudokuBoard - B?ad w kwadracie 0
sudoku.model.SudokuBoard@2d21d12b[
  size=9
  solver=sudoku.model.BacktrackingSudokuSolver@669b8190
  board={{5,8,2,6,7,9,1,4,3},{1,9,7,4,5,3,2,6,8},{6,3,4,2,1,8,5,7,9},{9,1,8,7,2,4,3,5,6},{3,2,5,8,6,1,4,9,7},{4,7,6,9,3,5,8,1,2},{7,4,9,1,8,2,6,3,5},{2,6,1,5,4,7,0,0,0},{0,0,0,0,0,0,0,0,0}}
]
13:52:47.775 INFO  [main] SudokuBoard - Warto?? 0 wstawiona nieprawid?owo
13:52:47.776 INFO  [main] SudokuBoard - B?ad w kwadracie 0
sudoku.model.SudokuBoard@2d21d12b[
  size=9
  solver=sudoku.model.BacktrackingSudokuSolver@669b8190
  board={{5,8,2,6,7,9,1,4,3},{1,9,7,4,5,3,2,6,8},{6,3,4,2,1,8,5,7,9},{9,1,8,7,2,4,3,5,6},{3,2,5,8,6,1,4,9,7},{4,7,6,9,3,5,8,1,2},{7,4,9,1,8,2,6,3,5},{2,6,1,5,4,0,0,0,0},{0,0,0,0,0,0,0,0,0}}
]
13:52:47.776 INFO  [main] SudokuBoard - Warto?? 0 wstawiona nieprawid?owo
13:52:47.776 INFO  [main] SudokuBoard - B?ad w kwadracie 0
sudoku.model.SudokuBoard@2d21d12b[
  size=9
  solver=sudoku.model.BacktrackingSudokuSolver@669b8190
  board={{5,8,2,6,7,9,1,4,3},{1,9,7,4,5,3,2,6,8},{6,3,4,2,1,8,5,7,9},{9,1,8,7,2,4,3,5,6},{3,2,5,8,6,1,4,9,7},{4,7,6,9,3,5,8,1,2},{7,4,9,1,8,2,6,3,5},{2,6,1,5,0,0,0,0,0},{0,0,0,0,0,0,0,0,0}}
]
13:52:47.776 INFO  [main] SudokuBoard - Warto?? 0 wstawiona nieprawid?owo
13:52:47.776 INFO  [main] SudokuBoard - B?ad w kwadracie 0
sudoku.model.SudokuBoard@2d21d12b[
  size=9
  solver=sudoku.model.BacktrackingSudokuSolver@669b8190
  board={{5,8,2,6,7,9,1,4,3},{1,9,7,4,5,3,2,6,8},{6,3,4,2,1,8,5,7,9},{9,1,8,7,2,4,3,5,6},{3,2,5,8,6,1,4,9,7},{4,7,6,9,3,5,8,1,2},{7,4,9,1,8,2,6,3,5},{2,6,1,0,0,0,0,0,0},{0,0,0,0,0,0,0,0,0}}
]
13:52:47.776 INFO  [main] SudokuBoard - Warto?? 0 wstawiona nieprawid?owo
13:52:47.776 INFO  [main] SudokuBoard - B?ad w kwadracie 0
sudoku.model.SudokuBoard@2d21d12b[
  size=9
  solver=sudoku.model.BacktrackingSudokuSolver@669b8190
  board={{5,8,2,6,7,9,1,4,3},{1,9,7,4,5,3,2,6,8},{6,3,4,2,1,8,5,7,9},{9,1,8,7,2,4,3,5,6},{3,2,5,8,6,1,4,9,7},{4,7,6,9,3,5,8,1,2},{7,4,9,1,8,2,6,3,5},{2,6,0,0,0,0,0,0,0},{0,0,0,0,0,0,0,0,0}}
]
13:52:47.776 INFO  [main] SudokuBoard - Warto?? 0 wstawiona nieprawid?owo
13:52:47.776 INFO  [main] SudokuBoard - B?ad w kwadracie 0
sudoku.model.SudokuBoard@2d21d12b[
  size=9
  solver=sudoku.model.BacktrackingSudokuSolver@669b8190
  board={{5,8,2,6,7,9,1,4,3},{1,9,7,4,5,3,2,6,8},{6,3,4,2,1,8,5,7,9},{9,1,8,7,2,4,3,5,6},{3,2,5,8,6,1,4,9,7},{4,7,6,9,3,5,8,1,2},{7,4,9,1,8,2,6,3,5},{2,6,3,5,9,0,0,0,0},{0,0,0,0,0,0,0,0,0}}
]
13:52:47.776 INFO  [main] SudokuBoard - Warto?? 0 wstawiona nieprawid?owo
13:52:47.776 INFO  [main] SudokuBoard - B?ad w kwadracie 0
sudoku.model.SudokuBoard@2d21d12b[
  size=9
  solver=sudoku.model.BacktrackingSudokuSolver@669b8190
  board={{5,8,2,6,7,9,1,4,3},{1,9,7,4,5,3,2,6,8},{6,3,4,2,1,8,5,7,9},{9,1,8,7,2,4,3,5,6},{3,2,5,8,6,1,4,9,7},{4,7,6,9,3,5,8,1,2},{7,4,9,1,8,2,6,3,5},{2,6,3,5,0,0,0,0,0},{0,0,0,0,0,0,0,0,0}}
]
13:52:47.776 INFO  [main] SudokuBoard - Warto?? 0 wstawiona nieprawid?owo
13:52:47.781 INFO  [main] SudokuBoard - B?ad w kwadracie 0
sudoku.model.SudokuBoard@27f8f1cc[
  size=9
  solver=sudoku.model.BacktrackingSudokuSolver@669b8190
  board={{7,8,2,9,6,1,3,5,4},{9,1,5,7,8,2,0,0,0},{0,0,0,0,0,0,0,0,0},{0,0,0,0,0,0,0,0,0},{0,0,0,0,0,0,0,0,0},{0,0,0,0,0,0,0,0,0},{0,0,0,0,0,0,0,0,0},{0,0,0,0,0,0,0,0,0},{0,0,0,0,0,0,0,0,0}}
]
13:52:47.781 INFO  [main] SudokuBoard - Warto?? 0 wstawiona nieprawid?owo
13:52:47.781 INFO  [main] SudokuBoard - B?ad w kwadracie 0
sudoku.model.SudokuBoard@27f8f1cc[
  size=9
  solver=sudoku.model.BacktrackingSudokuSolver@669b8190
  board={{7,8,2,9,6,1,3,5,4},{9,1,5,7,8,0,0,0,0},{0,0,0,0,0,0,0,0,0},{0,0,0,0,0,0,0,0,0},{0,0,0,0,0,0,0,0,0},{0,0,0,0,0,0,0,0,0},{0,0,0,0,0,0,0,0,0},{0,0,0,0,0,0,0,0,0},{0,0,0,0,0,0,0,0,0}}
]
13:52:47.781 INFO  [main] SudokuBoard - Warto?? 0 wstawiona nieprawid?owo
13:52:47.781 INFO  [main] SudokuBoard - B?ad w kwadracie 0
sudoku.model.SudokuBoard@27f8f1cc[
  size=9
  solver=sudoku.model.BacktrackingSudokuSolver@669b8190
  board={{7,8,2,9,6,1,3,5,4},{9,1,5,7,8,3,2,0,0},{0,0,0,0,0,0,0,0,0},{0,0,0,0,0,0,0,0,0},{0,0,0,0,0,0,0,0,0},{0,0,0,0,0,0,0,0,0},{0,0,0,0,0,0,0,0,0},{0,0,0,0,0,0,0,0,0},{0,0,0,0,0,0,0,0,0}}
]
13:52:47.781 INFO  [main] SudokuBoard - Warto?? 0 wstawiona nieprawid?owo
13:52:47.781 INFO  [main] SudokuBoard - B?ad w kwadracie 0
sudoku.model.SudokuBoard@27f8f1cc[
  size=9
  solver=sudoku.model.BacktrackingSudokuSolver@669b8190
  board={{7,8,2,9,6,1,3,5,4},{9,1,5,7,8,3,0,0,0},{0,0,0,0,0,0,0,0,0},{0,0,0,0,0,0,0,0,0},{0,0,0,0,0,0,0,0,0},{0,0,0,0,0,0,0,0,0},{0,0,0,0,0,0,0,0,0},{0,0,0,0,0,0,0,0,0},{0,0,0,0,0,0,0,0,0}}
]
13:52:47.782 INFO  [main] SudokuBoard - Warto?? 0 wstawiona nieprawid?owo
13:52:47.782 INFO  [main] SudokuBoard - B?ad w kwadracie 0
sudoku.model.SudokuBoard@27f8f1cc[
  size=9
  solver=sudoku.model.BacktrackingSudokuSolver@669b8190
  board={{7,8,2,9,6,1,3,5,4},{9,1,5,7,8,3,6,0,0},{0,0,0,0,0,0,0,0,0},{0,0,0,0,0,0,0,0,0},{0,0,0,0,0,0,0,0,0},{0,0,0,0,0,0,0,0,0},{0,0,0,0,0,0,0,0,0},{0,0,0,0,0,0,0,0,0},{0,0,0,0,0,0,0,0,0}}
]
13:52:47.782 INFO  [main] SudokuBoard - Warto?? 0 wstawiona nieprawid?owo
13:52:47.782 INFO  [main] SudokuBoard - B?ad w kwadracie 0
sudoku.model.SudokuBoard@27f8f1cc[
  size=9
  solver=sudoku.model.BacktrackingSudokuSolver@669b8190
  board={{7,8,2,9,6,1,3,5,4},{9,1,5,7,8,3,0,0,0},{0,0,0,0,0,0,0,0,0},{0,0,0,0,0,0,0,0,0},{0,0,0,0,0,0,0,0,0},{0,0,0,0,0,0,0,0,0},{0,0,0,0,0,0,0,0,0},{0,0,0,0,0,0,0,0,0},{0,0,0,0,0,0,0,0,0}}
]
13:52:47.782 INFO  [main] SudokuBoard - Warto?? 0 wstawiona nieprawid?owo
13:52:47.782 INFO  [main] SudokuBoard - B?ad w kwadracie 0
sudoku.model.SudokuBoard@27f8f1cc[
  size=9
  solver=sudoku.model.BacktrackingSudokuSolver@669b8190
  board={{7,8,2,9,6,1,3,5,4},{9,1,5,7,8,0,0,0,0},{0,0,0,0,0,0,0,0,0},{0,0,0,0,0,0,0,0,0},{0,0,0,0,0,0,0,0,0},{0,0,0,0,0,0,0,0,0},{0,0,0,0,0,0,0,0,0},{0,0,0,0,0,0,0,0,0},{0,0,0,0,0,0,0,0,0}}
]
13:52:47.782 INFO  [main] SudokuBoard - Warto?? 0 wstawiona nieprawid?owo
13:52:47.782 INFO  [main] SudokuBoard - B?ad w kwadracie 0
sudoku.model.SudokuBoard@27f8f1cc[
  size=9
  solver=sudoku.model.BacktrackingSudokuSolver@669b8190
  board={{7,8,2,9,6,1,3,5,4},{9,1,5,7,8,4,2,0,0},{0,0,0,0,0,0,0,0,0},{0,0,0,0,0,0,0,0,0},{0,0,0,0,0,0,0,0,0},{0,0,0,0,0,0,0,0,0},{0,0,0,0,0,0,0,0,0},{0,0,0,0,0,0,0,0,0},{0,0,0,0,0,0,0,0,0}}
]
13:52:47.782 INFO  [main] SudokuBoard - Warto?? 0 wstawiona nieprawid?owo
13:52:47.782 INFO  [main] SudokuBoard - B?ad w kwadracie 0
sudoku.model.SudokuBoard@27f8f1cc[
  size=9
  solver=sudoku.model.BacktrackingSudokuSolver@669b8190
  board={{7,8,2,9,6,1,3,5,4},{9,1,5,7,8,4,0,0,0},{0,0,0,0,0,0,0,0,0},{0,0,0,0,0,0,0,0,0},{0,0,0,0,0,0,0,0,0},{0,0,0,0,0,0,0,0,0},{0,0,0,0,0,0,0,0,0},{0,0,0,0,0,0,0,0,0},{0,0,0,0,0,0,0,0,0}}
]
13:52:47.782 INFO  [main] SudokuBoard - Warto?? 0 wstawiona nieprawid?owo
13:52:47.783 INFO  [main] SudokuBoard - B?ad w kwadracie 0
sudoku.model.SudokuBoard@27f8f1cc[
  size=9
  solver=sudoku.model.BacktrackingSudokuSolver@669b8190
  board={{7,8,2,9,6,1,3,5,4},{9,1,5,7,8,4,6,0,0},{0,0,0,0,0,0,0,0,0},{0,0,0,0,0,0,0,0,0},{0,0,0,0,0,0,0,0,0},{0,0,0,0,0,0,0,0,0},{0,0,0,0,0,0,0,0,0},{0,0,0,0,0,0,0,0,0},{0,0,0,0,0,0,0,0,0}}
]
13:52:47.783 INFO  [main] SudokuBoard - Warto?? 0 wstawiona nieprawid?owo
13:52:47.783 INFO  [main] SudokuBoard - B?ad w kwadracie 0
sudoku.model.SudokuBoard@27f8f1cc[
  size=9
  solver=sudoku.model.BacktrackingSudokuSolver@669b8190
  board={{7,8,2,9,6,1,3,5,4},{9,1,5,7,8,4,0,0,0},{0,0,0,0,0,0,0,0,0},{0,0,0,0,0,0,0,0,0},{0,0,0,0,0,0,0,0,0},{0,0,0,0,0,0,0,0,0},{0,0,0,0,0,0,0,0,0},{0,0,0,0,0,0,0,0,0},{0,0,0,0,0,0,0,0,0}}
]
13:52:47.783 INFO  [main] SudokuBoard - Warto?? 0 wstawiona nieprawid?owo
13:52:47.783 INFO  [main] SudokuBoard - B?ad w kwadracie 0
sudoku.model.SudokuBoard@27f8f1cc[
  size=9
  solver=sudoku.model.BacktrackingSudokuSolver@669b8190
  board={{7,8,2,9,6,1,3,5,4},{9,1,5,7,8,0,0,0,0},{0,0,0,0,0,0,0,0,0},{0,0,0,0,0,0,0,0,0},{0,0,0,0,0,0,0,0,0},{0,0,0,0,0,0,0,0,0},{0,0,0,0,0,0,0,0,0},{0,0,0,0,0,0,0,0,0},{0,0,0,0,0,0,0,0,0}}
]
13:52:47.783 INFO  [main] SudokuBoard - Warto?? 0 wstawiona nieprawid?owo
13:52:47.783 INFO  [main] SudokuBoard - B?ad w kwadracie 0
sudoku.model.SudokuBoard@27f8f1cc[
  size=9
  solver=sudoku.model.BacktrackingSudokuSolver@669b8190
  board={{7,8,2,9,6,1,3,5,4},{9,1,5,7,0,0,0,0,0},{0,0,0,0,0,0,0,0,0},{0,0,0,0,0,0,0,0,0},{0,0,0,0,0,0,0,0,0},{0,0,0,0,0,0,0,0,0},{0,0,0,0,0,0,0,0,0},{0,0,0,0,0,0,0,0,0},{0,0,0,0,0,0,0,0,0}}
]
13:52:47.783 INFO  [main] SudokuBoard - Warto?? 0 wstawiona nieprawid?owo
13:52:47.783 INFO  [main] SudokuBoard - B?ad w kwadracie 0
sudoku.model.SudokuBoard@27f8f1cc[
  size=9
  solver=sudoku.model.BacktrackingSudokuSolver@669b8190
  board={{7,8,2,9,6,1,3,5,4},{9,1,5,7,2,8,0,0,0},{0,0,0,0,0,0,0,0,0},{0,0,0,0,0,0,0,0,0},{0,0,0,0,0,0,0,0,0},{0,0,0,0,0,0,0,0,0},{0,0,0,0,0,0,0,0,0},{0,0,0,0,0,0,0,0,0},{0,0,0,0,0,0,0,0,0}}
]
13:52:47.783 INFO  [main] SudokuBoard - Warto?? 0 wstawiona nieprawid?owo
13:52:47.784 INFO  [main] SudokuBoard - B?ad w kwadracie 0
sudoku.model.SudokuBoard@27f8f1cc[
  size=9
  solver=sudoku.model.BacktrackingSudokuSolver@669b8190
  board={{7,8,2,9,6,1,3,5,4},{9,1,5,7,2,0,0,0,0},{0,0,0,0,0,0,0,0,0},{0,0,0,0,0,0,0,0,0},{0,0,0,0,0,0,0,0,0},{0,0,0,0,0,0,0,0,0},{0,0,0,0,0,0,0,0,0},{0,0,0,0,0,0,0,0,0},{0,0,0,0,0,0,0,0,0}}
]
13:52:47.784 INFO  [main] SudokuBoard - Warto?? 0 wstawiona nieprawid?owo
13:52:47.784 INFO  [main] SudokuBoard - B?ad w kwadracie 0
sudoku.model.SudokuBoard@27f8f1cc[
  size=9
  solver=sudoku.model.BacktrackingSudokuSolver@669b8190
  board={{7,8,2,9,6,1,3,5,4},{9,1,5,7,2,3,6,0,0},{0,0,0,0,0,0,0,0,0},{0,0,0,0,0,0,0,0,0},{0,0,0,0,0,0,0,0,0},{0,0,0,0,0,0,0,0,0},{0,0,0,0,0,0,0,0,0},{0,0,0,0,0,0,0,0,0},{0,0,0,0,0,0,0,0,0}}
]
13:52:47.784 INFO  [main] SudokuBoard - Warto?? 0 wstawiona nieprawid?owo
13:52:47.784 INFO  [main] SudokuBoard - B?ad w kwadracie 0
sudoku.model.SudokuBoard@27f8f1cc[
  size=9
  solver=sudoku.model.BacktrackingSudokuSolver@669b8190
  board={{7,8,2,9,6,1,3,5,4},{9,1,5,7,2,3,0,0,0},{0,0,0,0,0,0,0,0,0},{0,0,0,0,0,0,0,0,0},{0,0,0,0,0,0,0,0,0},{0,0,0,0,0,0,0,0,0},{0,0,0,0,0,0,0,0,0},{0,0,0,0,0,0,0,0,0},{0,0,0,0,0,0,0,0,0}}
]
13:52:47.784 INFO  [main] SudokuBoard - Warto?? 0 wstawiona nieprawid?owo
13:52:47.784 INFO  [main] SudokuBoard - B?ad w kwadracie 0
sudoku.model.SudokuBoard@27f8f1cc[
  size=9
  solver=sudoku.model.BacktrackingSudokuSolver@669b8190
  board={{7,8,2,9,6,1,3,5,4},{9,1,5,7,2,3,8,0,0},{0,0,0,0,0,0,0,0,0},{0,0,0,0,0,0,0,0,0},{0,0,0,0,0,0,0,0,0},{0,0,0,0,0,0,0,0,0},{0,0,0,0,0,0,0,0,0},{0,0,0,0,0,0,0,0,0},{0,0,0,0,0,0,0,0,0}}
]
13:52:47.784 INFO  [main] SudokuBoard - Warto?? 0 wstawiona nieprawid?owo
13:52:47.784 INFO  [main] SudokuBoard - B?ad w kwadracie 0
sudoku.model.SudokuBoard@27f8f1cc[
  size=9
  solver=sudoku.model.BacktrackingSudokuSolver@669b8190
  board={{7,8,2,9,6,1,3,5,4},{9,1,5,7,2,3,0,0,0},{0,0,0,0,0,0,0,0,0},{0,0,0,0,0,0,0,0,0},{0,0,0,0,0,0,0,0,0},{0,0,0,0,0,0,0,0,0},{0,0,0,0,0,0,0,0,0},{0,0,0,0,0,0,0,0,0},{0,0,0,0,0,0,0,0,0}}
]
13:52:47.784 INFO  [main] SudokuBoard - Warto?? 0 wstawiona nieprawid?owo
13:52:47.785 INFO  [main] SudokuBoard - B?ad w kwadracie 0
sudoku.model.SudokuBoard@27f8f1cc[
  size=9
  solver=sudoku.model.BacktrackingSudokuSolver@669b8190
  board={{7,8,2,9,6,1,3,5,4},{9,1,5,7,2,0,0,0,0},{0,0,0,0,0,0,0,0,0},{0,0,0,0,0,0,0,0,0},{0,0,0,0,0,0,0,0,0},{0,0,0,0,0,0,0,0,0},{0,0,0,0,0,0,0,0,0},{0,0,0,0,0,0,0,0,0},{0,0,0,0,0,0,0,0,0}}
]
13:52:47.785 INFO  [main] SudokuBoard - Warto?? 0 wstawiona nieprawid?owo
13:52:47.785 INFO  [main] SudokuBoard - B?ad w kwadracie 0
sudoku.model.SudokuBoard@27f8f1cc[
  size=9
  solver=sudoku.model.BacktrackingSudokuSolver@669b8190
  board={{7,8,2,9,6,1,3,5,4},{9,1,5,7,2,4,6,0,0},{0,0,0,0,0,0,0,0,0},{0,0,0,0,0,0,0,0,0},{0,0,0,0,0,0,0,0,0},{0,0,0,0,0,0,0,0,0},{0,0,0,0,0,0,0,0,0},{0,0,0,0,0,0,0,0,0},{0,0,0,0,0,0,0,0,0}}
]
13:52:47.785 INFO  [main] SudokuBoard - Warto?? 0 wstawiona nieprawid?owo
13:52:47.785 INFO  [main] SudokuBoard - B?ad w kwadracie 0
sudoku.model.SudokuBoard@27f8f1cc[
  size=9
  solver=sudoku.model.BacktrackingSudokuSolver@669b8190
  board={{7,8,2,9,6,1,3,5,4},{9,1,5,7,2,4,0,0,0},{0,0,0,0,0,0,0,0,0},{0,0,0,0,0,0,0,0,0},{0,0,0,0,0,0,0,0,0},{0,0,0,0,0,0,0,0,0},{0,0,0,0,0,0,0,0,0},{0,0,0,0,0,0,0,0,0},{0,0,0,0,0,0,0,0,0}}
]
13:52:47.785 INFO  [main] SudokuBoard - Warto?? 0 wstawiona nieprawid?owo
13:52:47.785 INFO  [main] SudokuBoard - B?ad w kwadracie 0
sudoku.model.SudokuBoard@27f8f1cc[
  size=9
  solver=sudoku.model.BacktrackingSudokuSolver@669b8190
  board={{7,8,2,9,6,1,3,5,4},{9,1,5,7,2,4,8,0,0},{0,0,0,0,0,0,0,0,0},{0,0,0,0,0,0,0,0,0},{0,0,0,0,0,0,0,0,0},{0,0,0,0,0,0,0,0,0},{0,0,0,0,0,0,0,0,0},{0,0,0,0,0,0,0,0,0},{0,0,0,0,0,0,0,0,0}}
]
13:52:47.785 INFO  [main] SudokuBoard - Warto?? 0 wstawiona nieprawid?owo
13:52:47.785 INFO  [main] SudokuBoard - B?ad w kwadracie 0
sudoku.model.SudokuBoard@27f8f1cc[
  size=9
  solver=sudoku.model.BacktrackingSudokuSolver@669b8190
  board={{7,8,2,9,6,1,3,5,4},{9,1,5,7,2,4,0,0,0},{0,0,0,0,0,0,0,0,0},{0,0,0,0,0,0,0,0,0},{0,0,0,0,0,0,0,0,0},{0,0,0,0,0,0,0,0,0},{0,0,0,0,0,0,0,0,0},{0,0,0,0,0,0,0,0,0},{0,0,0,0,0,0,0,0,0}}
]
13:52:47.785 INFO  [main] SudokuBoard - Warto?? 0 wstawiona nieprawid?owo
13:52:47.786 INFO  [main] SudokuBoard - B?ad w kwadracie 0
sudoku.model.SudokuBoard@27f8f1cc[
  size=9
  solver=sudoku.model.BacktrackingSudokuSolver@669b8190
  board={{7,8,2,9,6,1,3,5,4},{9,1,5,7,2,0,0,0,0},{0,0,0,0,0,0,0,0,0},{0,0,0,0,0,0,0,0,0},{0,0,0,0,0,0,0,0,0},{0,0,0,0,0,0,0,0,0},{0,0,0,0,0,0,0,0,0},{0,0,0,0,0,0,0,0,0},{0,0,0,0,0,0,0,0,0}}
]
13:52:47.786 INFO  [main] SudokuBoard - Warto?? 0 wstawiona nieprawid?owo
13:52:47.786 INFO  [main] SudokuBoard - B?ad w kwadracie 0
sudoku.model.SudokuBoard@27f8f1cc[
  size=9
  solver=sudoku.model.BacktrackingSudokuSolver@669b8190
  board={{7,8,2,9,6,1,3,5,4},{9,1,5,7,0,0,0,0,0},{0,0,0,0,0,0,0,0,0},{0,0,0,0,0,0,0,0,0},{0,0,0,0,0,0,0,0,0},{0,0,0,0,0,0,0,0,0},{0,0,0,0,0,0,0,0,0},{0,0,0,0,0,0,0,0,0},{0,0,0,0,0,0,0,0,0}}
]
13:52:47.786 INFO  [main] SudokuBoard - Warto?? 0 wstawiona nieprawid?owo
13:52:47.786 INFO  [main] SudokuBoard - B?ad w kwadracie 0
sudoku.model.SudokuBoard@27f8f1cc[
  size=9
  solver=sudoku.model.BacktrackingSudokuSolver@669b8190
  board={{7,8,2,9,6,1,3,5,4},{9,1,5,7,3,2,6,0,0},{0,0,0,0,0,0,0,0,0},{0,0,0,0,0,0,0,0,0},{0,0,0,0,0,0,0,0,0},{0,0,0,0,0,0,0,0,0},{0,0,0,0,0,0,0,0,0},{0,0,0,0,0,0,0,0,0},{0,0,0,0,0,0,0,0,0}}
]
13:52:47.786 INFO  [main] SudokuBoard - Warto?? 0 wstawiona nieprawid?owo
13:52:47.786 INFO  [main] SudokuBoard - B?ad w kwadracie 0
sudoku.model.SudokuBoard@27f8f1cc[
  size=9
  solver=sudoku.model.BacktrackingSudokuSolver@669b8190
  board={{7,8,2,9,6,1,3,5,4},{9,1,5,7,3,2,0,0,0},{0,0,0,0,0,0,0,0,0},{0,0,0,0,0,0,0,0,0},{0,0,0,0,0,0,0,0,0},{0,0,0,0,0,0,0,0,0},{0,0,0,0,0,0,0,0,0},{0,0,0,0,0,0,0,0,0},{0,0,0,0,0,0,0,0,0}}
]
13:52:47.786 INFO  [main] SudokuBoard - Warto?? 0 wstawiona nieprawid?owo
13:52:47.786 INFO  [main] SudokuBoard - B?ad w kwadracie 0
sudoku.model.SudokuBoard@27f8f1cc[
  size=9
  solver=sudoku.model.BacktrackingSudokuSolver@669b8190
  board={{7,8,2,9,6,1,3,5,4},{9,1,5,7,3,2,8,0,0},{0,0,0,0,0,0,0,0,0},{0,0,0,0,0,0,0,0,0},{0,0,0,0,0,0,0,0,0},{0,0,0,0,0,0,0,0,0},{0,0,0,0,0,0,0,0,0},{0,0,0,0,0,0,0,0,0},{0,0,0,0,0,0,0,0,0}}
]
13:52:47.786 INFO  [main] SudokuBoard - Warto?? 0 wstawiona nieprawid?owo
13:52:47.787 INFO  [main] SudokuBoard - B?ad w kwadracie 0
sudoku.model.SudokuBoard@27f8f1cc[
  size=9
  solver=sudoku.model.BacktrackingSudokuSolver@669b8190
  board={{7,8,2,9,6,1,3,5,4},{9,1,5,7,3,2,0,0,0},{0,0,0,0,0,0,0,0,0},{0,0,0,0,0,0,0,0,0},{0,0,0,0,0,0,0,0,0},{0,0,0,0,0,0,0,0,0},{0,0,0,0,0,0,0,0,0},{0,0,0,0,0,0,0,0,0},{0,0,0,0,0,0,0,0,0}}
]
13:52:47.788 INFO  [main] SudokuBoard - Warto?? 0 wstawiona nieprawid?owo
13:52:47.788 INFO  [main] SudokuBoard - B?ad w kwadracie 0
sudoku.model.SudokuBoard@27f8f1cc[
  size=9
  solver=sudoku.model.BacktrackingSudokuSolver@669b8190
  board={{7,8,2,9,6,1,3,5,4},{9,1,5,7,3,0,0,0,0},{0,0,0,0,0,0,0,0,0},{0,0,0,0,0,0,0,0,0},{0,0,0,0,0,0,0,0,0},{0,0,0,0,0,0,0,0,0},{0,0,0,0,0,0,0,0,0},{0,0,0,0,0,0,0,0,0},{0,0,0,0,0,0,0,0,0}}
]
13:52:47.788 INFO  [main] SudokuBoard - Warto?? 0 wstawiona nieprawid?owo
13:52:47.788 INFO  [main] SudokuBoard - B?ad w kwadracie 0
sudoku.model.SudokuBoard@27f8f1cc[
  size=9
  solver=sudoku.model.BacktrackingSudokuSolver@669b8190
  board={{7,8,2,9,6,1,3,5,4},{9,1,5,7,3,4,2,8,6},{3,4,6,5,8,2,7,9,1},{2,3,7,4,9,5,1,6,8},{4,5,8,2,7,3,0,0,0},{0,0,0,0,0,0,0,0,0},{0,0,0,0,0,0,0,0,0},{0,0,0,0,0,0,0,0,0},{0,0,0,0,0,0,0,0,0}}
]
13:52:47.788 INFO  [main] SudokuBoard - Warto?? 0 wstawiona nieprawid?owo
13:52:47.789 INFO  [main] SudokuBoard - B?ad w kwadracie 0
sudoku.model.SudokuBoard@27f8f1cc[
  size=9
  solver=sudoku.model.BacktrackingSudokuSolver@669b8190
  board={{7,8,2,9,6,1,3,5,4},{9,1,5,7,3,4,2,8,6},{3,4,6,5,8,2,7,9,1},{2,3,7,4,9,5,1,6,8},{4,5,8,2,7,0,0,0,0},{0,0,0,0,0,0,0,0,0},{0,0,0,0,0,0,0,0,0},{0,0,0,0,0,0,0,0,0},{0,0,0,0,0,0,0,0,0}}
]
13:52:47.789 INFO  [main] SudokuBoard - Warto?? 0 wstawiona nieprawid?owo
13:52:47.789 INFO  [main] SudokuBoard - B?ad w kwadracie 0
sudoku.model.SudokuBoard@27f8f1cc[
  size=9
  solver=sudoku.model.BacktrackingSudokuSolver@669b8190
  board={{7,8,2,9,6,1,3,5,4},{9,1,5,7,3,4,2,8,6},{3,4,6,5,8,2,7,9,1},{2,3,7,4,9,5,1,6,8},{4,5,8,2,7,6,9,0,0},{0,0,0,0,0,0,0,0,0},{0,0,0,0,0,0,0,0,0},{0,0,0,0,0,0,0,0,0},{0,0,0,0,0,0,0,0,0}}
]
13:52:47.789 INFO  [main] SudokuBoard - Warto?? 0 wstawiona nieprawid?owo
13:52:47.789 INFO  [main] SudokuBoard - B?ad w kwadracie 0
sudoku.model.SudokuBoard@27f8f1cc[
  size=9
  solver=sudoku.model.BacktrackingSudokuSolver@669b8190
  board={{7,8,2,9,6,1,3,5,4},{9,1,5,7,3,4,2,8,6},{3,4,6,5,8,2,7,9,1},{2,3,7,4,9,5,1,6,8},{4,5,8,2,7,6,0,0,0},{0,0,0,0,0,0,0,0,0},{0,0,0,0,0,0,0,0,0},{0,0,0,0,0,0,0,0,0},{0,0,0,0,0,0,0,0,0}}
]
13:52:47.790 INFO  [main] SudokuBoard - Warto?? 0 wstawiona nieprawid?owo
13:52:47.790 INFO  [main] SudokuBoard - B?ad w kwadracie 0
sudoku.model.SudokuBoard@27f8f1cc[
  size=9
  solver=sudoku.model.BacktrackingSudokuSolver@669b8190
  board={{7,8,2,9,6,1,3,5,4},{9,1,5,7,3,4,2,8,6},{3,4,6,5,8,2,7,9,1},{2,3,7,4,9,5,1,6,8},{4,5,8,2,7,0,0,0,0},{0,0,0,0,0,0,0,0,0},{0,0,0,0,0,0,0,0,0},{0,0,0,0,0,0,0,0,0},{0,0,0,0,0,0,0,0,0}}
]
13:52:47.790 INFO  [main] SudokuBoard - Warto?? 0 wstawiona nieprawid?owo
13:52:47.790 INFO  [main] SudokuBoard - B?ad w kwadracie 0
sudoku.model.SudokuBoard@27f8f1cc[
  size=9
  solver=sudoku.model.BacktrackingSudokuSolver@669b8190
  board={{7,8,2,9,6,1,3,5,4},{9,1,5,7,3,4,2,8,6},{3,4,6,5,8,2,7,9,1},{2,3,7,4,9,5,1,6,8},{4,5,8,2,0,0,0,0,0},{0,0,0,0,0,0,0,0,0},{0,0,0,0,0,0,0,0,0},{0,0,0,0,0,0,0,0,0},{0,0,0,0,0,0,0,0,0}}
]
13:52:47.790 INFO  [main] SudokuBoard - Warto?? 0 wstawiona nieprawid?owo
13:52:47.790 INFO  [main] SudokuBoard - B?ad w kwadracie 0
sudoku.model.SudokuBoard@27f8f1cc[
  size=9
  solver=sudoku.model.BacktrackingSudokuSolver@669b8190
  board={{7,8,2,9,6,1,3,5,4},{9,1,5,7,3,4,2,8,6},{3,4,6,5,8,2,7,9,1},{2,3,7,4,9,5,1,6,8},{4,5,8,2,1,3,9,0,0},{0,0,0,0,0,0,0,0,0},{0,0,0,0,0,0,0,0,0},{0,0,0,0,0,0,0,0,0},{0,0,0,0,0,0,0,0,0}}
]
13:52:47.791 INFO  [main] SudokuBoard - Warto?? 0 wstawiona nieprawid?owo
13:52:47.791 INFO  [main] SudokuBoard - B?ad w kwadracie 0
sudoku.model.SudokuBoard@27f8f1cc[
  size=9
  solver=sudoku.model.BacktrackingSudokuSolver@669b8190
  board={{7,8,2,9,6,1,3,5,4},{9,1,5,7,3,4,2,8,6},{3,4,6,5,8,2,7,9,1},{2,3,7,4,9,5,1,6,8},{4,5,8,2,1,3,0,0,0},{0,0,0,0,0,0,0,0,0},{0,0,0,0,0,0,0,0,0},{0,0,0,0,0,0,0,0,0},{0,0,0,0,0,0,0,0,0}}
]
13:52:47.791 INFO  [main] SudokuBoard - Warto?? 0 wstawiona nieprawid?owo
13:52:47.791 INFO  [main] SudokuBoard - B?ad w kwadracie 0
sudoku.model.SudokuBoard@27f8f1cc[
  size=9
  solver=sudoku.model.BacktrackingSudokuSolver@669b8190
  board={{7,8,2,9,6,1,3,5,4},{9,1,5,7,3,4,2,8,6},{3,4,6,5,8,2,7,9,1},{2,3,7,4,9,5,1,6,8},{4,5,8,2,1,0,0,0,0},{0,0,0,0,0,0,0,0,0},{0,0,0,0,0,0,0,0,0},{0,0,0,0,0,0,0,0,0},{0,0,0,0,0,0,0,0,0}}
]
13:52:47.791 INFO  [main] SudokuBoard - Warto?? 0 wstawiona nieprawid?owo
13:52:47.792 INFO  [main] SudokuBoard - B?ad w kwadracie 0
sudoku.model.SudokuBoard@27f8f1cc[
  size=9
  solver=sudoku.model.BacktrackingSudokuSolver@669b8190
  board={{7,8,2,9,6,1,3,5,4},{9,1,5,7,3,4,2,8,6},{3,4,6,5,8,2,7,9,1},{2,3,7,4,9,5,1,6,8},{4,5,8,2,1,6,9,3,7},{1,6,9,8,7,3,4,2,5},{5,7,3,6,2,0,0,0,0},{0,0,0,0,0,0,0,0,0},{0,0,0,0,0,0,0,0,0}}
]
13:52:47.792 INFO  [main] SudokuBoard - Warto?? 0 wstawiona nieprawid?owo
13:52:47.792 INFO  [main] SudokuBoard - B?ad w kwadracie 0
sudoku.model.SudokuBoard@27f8f1cc[
  size=9
  solver=sudoku.model.BacktrackingSudokuSolver@669b8190
  board={{7,8,2,9,6,1,3,5,4},{9,1,5,7,3,4,2,8,6},{3,4,6,5,8,2,7,9,1},{2,3,7,4,9,5,1,6,8},{4,5,8,2,1,6,9,3,7},{1,6,9,8,7,3,4,2,5},{5,7,3,6,2,9,8,0,0},{0,0,0,0,0,0,0,0,0},{0,0,0,0,0,0,0,0,0}}
]
13:52:47.792 INFO  [main] SudokuBoard - Warto?? 0 wstawiona nieprawid?owo
13:52:47.792 INFO  [main] SudokuBoard - B?ad w kwadracie 0
sudoku.model.SudokuBoard@27f8f1cc[
  size=9
  solver=sudoku.model.BacktrackingSudokuSolver@669b8190
  board={{7,8,2,9,6,1,3,5,4},{9,1,5,7,3,4,2,8,6},{3,4,6,5,8,2,7,9,1},{2,3,7,4,9,5,1,6,8},{4,5,8,2,1,6,9,3,7},{1,6,9,8,7,3,4,2,5},{5,7,3,6,2,9,8,0,0},{0,0,0,0,0,0,0,0,0},{0,0,0,0,0,0,0,0,0}}
]
13:52:47.792 INFO  [main] SudokuBoard - Warto?? 0 wstawiona nieprawid?owo
13:52:47.792 INFO  [main] SudokuBoard - B?ad w kwadracie 0
sudoku.model.SudokuBoard@27f8f1cc[
  size=9
  solver=sudoku.model.BacktrackingSudokuSolver@669b8190
  board={{7,8,2,9,6,1,3,5,4},{9,1,5,7,3,4,2,8,6},{3,4,6,5,8,2,7,9,1},{2,3,7,4,9,5,1,6,8},{4,5,8,2,1,6,9,3,7},{1,6,9,8,7,3,4,2,5},{5,7,3,6,2,9,0,0,0},{0,0,0,0,0,0,0,0,0},{0,0,0,0,0,0,0,0,0}}
]
13:52:47.793 INFO  [main] SudokuBoard - Warto?? 0 wstawiona nieprawid?owo
13:52:47.793 INFO  [main] SudokuBoard - B?ad w kwadracie 0
sudoku.model.SudokuBoard@27f8f1cc[
  size=9
  solver=sudoku.model.BacktrackingSudokuSolver@669b8190
  board={{7,8,2,9,6,1,3,5,4},{9,1,5,7,3,4,2,8,6},{3,4,6,5,8,2,7,9,1},{2,3,7,4,9,5,1,6,8},{4,5,8,2,1,6,9,3,7},{1,6,9,8,7,3,4,2,5},{5,7,3,6,2,0,0,0,0},{0,0,0,0,0,0,0,0,0},{0,0,0,0,0,0,0,0,0}}
]
13:52:47.793 INFO  [main] SudokuBoard - Warto?? 0 wstawiona nieprawid?owo
13:52:47.793 INFO  [main] SudokuBoard - B?ad w kwadracie 0
sudoku.model.SudokuBoard@27f8f1cc[
  size=9
  solver=sudoku.model.BacktrackingSudokuSolver@669b8190
  board={{7,8,2,9,6,1,3,5,4},{9,1,5,7,3,4,2,8,6},{3,4,6,5,8,2,7,9,1},{2,3,7,4,9,5,1,6,8},{4,5,8,2,1,6,9,3,7},{1,6,9,8,7,3,4,2,5},{5,7,3,6,0,0,0,0,0},{0,0,0,0,0,0,0,0,0},{0,0,0,0,0,0,0,0,0}}
]
13:52:47.793 INFO  [main] SudokuBoard - Warto?? 0 wstawiona nieprawid?owo
13:52:47.793 INFO  [main] SudokuBoard - B?ad w kwadracie 0
sudoku.model.SudokuBoard@27f8f1cc[
  size=9
  solver=sudoku.model.BacktrackingSudokuSolver@669b8190
  board={{7,8,2,9,6,1,3,5,4},{9,1,5,7,3,4,2,8,6},{3,4,6,5,8,2,7,9,1},{2,3,7,4,9,5,1,6,8},{4,5,8,2,1,6,9,3,7},{1,6,9,8,7,3,4,2,5},{5,7,3,6,4,9,8,1,2},{6,9,1,3,2,7,5,0,0},{0,0,0,0,0,0,0,0,0}}
]
13:52:47.794 INFO  [main] SudokuBoard - Warto?? 0 wstawiona nieprawid?owo
13:52:47.794 INFO  [main] SudokuBoard - B?ad w kwadracie 0
sudoku.model.SudokuBoard@27f8f1cc[
  size=9
  solver=sudoku.model.BacktrackingSudokuSolver@669b8190
  board={{7,8,2,9,6,1,3,5,4},{9,1,5,7,3,4,2,8,6},{3,4,6,5,8,2,7,9,1},{2,3,7,4,9,5,1,6,8},{4,5,8,2,1,6,9,3,7},{1,6,9,8,7,3,4,2,5},{5,7,3,6,4,9,8,1,2},{6,9,1,3,2,7,0,0,0},{0,0,0,0,0,0,0,0,0}}
]
13:52:47.794 INFO  [main] SudokuBoard - Warto?? 0 wstawiona nieprawid?owo
13:52:47.794 INFO  [main] SudokuBoard - B?ad w kwadracie 0
sudoku.model.SudokuBoard@27f8f1cc[
  size=9
  solver=sudoku.model.BacktrackingSudokuSolver@669b8190
  board={{7,8,2,9,6,1,3,5,4},{9,1,5,7,3,4,2,8,6},{3,4,6,5,8,2,7,9,1},{2,3,7,4,9,5,1,6,8},{4,5,8,2,1,6,9,3,7},{1,6,9,8,7,3,4,2,5},{5,7,3,6,4,9,8,1,2},{6,9,1,3,2,0,0,0,0},{0,0,0,0,0,0,0,0,0}}
]
13:52:47.794 INFO  [main] SudokuBoard - Warto?? 0 wstawiona nieprawid?owo
13:52:47.794 INFO  [main] SudokuBoard - B?ad w kwadracie 0
sudoku.model.SudokuBoard@27f8f1cc[
  size=9
  solver=sudoku.model.BacktrackingSudokuSolver@669b8190
  board={{7,8,2,9,6,1,3,5,4},{9,1,5,7,3,4,2,8,6},{3,4,6,5,8,2,7,9,1},{2,3,7,4,9,5,1,6,8},{4,5,8,2,1,6,9,3,7},{1,6,9,8,7,3,4,2,5},{5,7,3,6,4,9,8,1,2},{6,9,1,3,2,8,5,0,0},{0,0,0,0,0,0,0,0,0}}
]
13:52:47.794 INFO  [main] SudokuBoard - Warto?? 0 wstawiona nieprawid?owo
13:52:47.795 INFO  [main] SudokuBoard - B?ad w kwadracie 0
sudoku.model.SudokuBoard@27f8f1cc[
  size=9
  solver=sudoku.model.BacktrackingSudokuSolver@669b8190
  board={{7,8,2,9,6,1,3,5,4},{9,1,5,7,3,4,2,8,6},{3,4,6,5,8,2,7,9,1},{2,3,7,4,9,5,1,6,8},{4,5,8,2,1,6,9,3,7},{1,6,9,8,7,3,4,2,5},{5,7,3,6,4,9,8,1,2},{6,9,1,3,2,8,5,0,0},{0,0,0,0,0,0,0,0,0}}
]
13:52:47.795 INFO  [main] SudokuBoard - Warto?? 0 wstawiona nieprawid?owo
13:52:47.795 INFO  [main] SudokuBoard - B?ad w kwadracie 0
sudoku.model.SudokuBoard@27f8f1cc[
  size=9
  solver=sudoku.model.BacktrackingSudokuSolver@669b8190
  board={{7,8,2,9,6,1,3,5,4},{9,1,5,7,3,4,2,8,6},{3,4,6,5,8,2,7,9,1},{2,3,7,4,9,5,1,6,8},{4,5,8,2,1,6,9,3,7},{1,6,9,8,7,3,4,2,5},{5,7,3,6,4,9,8,1,2},{6,9,1,3,2,8,0,0,0},{0,0,0,0,0,0,0,0,0}}
]
13:52:47.795 INFO  [main] SudokuBoard - Warto?? 0 wstawiona nieprawid?owo
13:52:47.795 INFO  [main] SudokuBoard - B?ad w kwadracie 0
sudoku.model.SudokuBoard@27f8f1cc[
  size=9
  solver=sudoku.model.BacktrackingSudokuSolver@669b8190
  board={{7,8,2,9,6,1,3,5,4},{9,1,5,7,3,4,2,8,6},{3,4,6,5,8,2,7,9,1},{2,3,7,4,9,5,1,6,8},{4,5,8,2,1,6,9,3,7},{1,6,9,8,7,3,4,2,5},{5,7,3,6,4,9,8,1,2},{6,9,1,3,2,0,0,0,0},{0,0,0,0,0,0,0,0,0}}
]
13:52:47.795 INFO  [main] SudokuBoard - Warto?? 0 wstawiona nieprawid?owo
13:52:47.796 INFO  [main] SudokuBoard - B?ad w kwadracie 0
sudoku.model.SudokuBoard@27f8f1cc[
  size=9
  solver=sudoku.model.BacktrackingSudokuSolver@669b8190
  board={{7,8,2,9,6,1,3,5,4},{9,1,5,7,3,4,2,8,6},{3,4,6,5,8,2,7,9,1},{2,3,7,4,9,5,1,6,8},{4,5,8,2,1,6,9,3,7},{1,6,9,8,7,3,4,2,5},{5,7,3,6,4,9,8,1,2},{6,9,1,3,0,0,0,0,0},{0,0,0,0,0,0,0,0,0}}
]
13:52:47.796 INFO  [main] SudokuBoard - Warto?? 0 wstawiona nieprawid?owo
13:52:47.796 INFO  [main] SudokuBoard - B?ad w kwadracie 0
sudoku.model.SudokuBoard@27f8f1cc[
  size=9
  solver=sudoku.model.BacktrackingSudokuSolver@669b8190
  board={{7,8,2,9,6,1,3,5,4},{9,1,5,7,3,4,2,8,6},{3,4,6,5,8,2,7,9,1},{2,3,7,4,9,5,1,6,8},{4,5,8,2,1,6,9,3,7},{1,6,9,8,7,3,4,2,5},{5,7,3,6,4,9,8,1,2},{6,9,1,3,5,0,0,0,0},{0,0,0,0,0,0,0,0,0}}
]
13:52:47.796 INFO  [main] SudokuBoard - Warto?? 0 wstawiona nieprawid?owo
13:52:47.796 INFO  [main] SudokuBoard - B?ad w kwadracie 0
sudoku.model.SudokuBoard@27f8f1cc[
  size=9
  solver=sudoku.model.BacktrackingSudokuSolver@669b8190
  board={{7,8,2,9,6,1,3,5,4},{9,1,5,7,3,4,2,8,6},{3,4,6,5,8,2,7,9,1},{2,3,7,4,9,5,1,6,8},{4,5,8,2,1,6,9,3,7},{1,6,9,8,7,3,4,2,5},{5,7,3,6,4,9,8,1,2},{6,9,1,3,5,0,0,0,0},{0,0,0,0,0,0,0,0,0}}
]
13:52:47.796 INFO  [main] SudokuBoard - Warto?? 0 wstawiona nieprawid?owo
13:52:47.796 INFO  [main] SudokuBoard - B?ad w kwadracie 0
sudoku.model.SudokuBoard@27f8f1cc[
  size=9
  solver=sudoku.model.BacktrackingSudokuSolver@669b8190
  board={{7,8,2,9,6,1,3,5,4},{9,1,5,7,3,4,2,8,6},{3,4,6,5,8,2,7,9,1},{2,3,7,4,9,5,1,6,8},{4,5,8,2,1,6,9,3,7},{1,6,9,8,7,3,4,2,5},{5,7,3,6,4,9,8,1,2},{6,9,1,3,0,0,0,0,0},{0,0,0,0,0,0,0,0,0}}
]
13:52:47.797 INFO  [main] SudokuBoard - Warto?? 0 wstawiona nieprawid?owo
13:52:47.797 INFO  [main] SudokuBoard - B?ad w kwadracie 0
sudoku.model.SudokuBoard@27f8f1cc[
  size=9
  solver=sudoku.model.BacktrackingSudokuSolver@669b8190
  board={{7,8,2,9,6,1,3,5,4},{9,1,5,7,3,4,2,8,6},{3,4,6,5,8,2,7,9,1},{2,3,7,4,9,5,1,6,8},{4,5,8,2,1,6,9,3,7},{1,6,9,8,7,3,4,2,5},{5,7,3,6,4,9,8,1,2},{6,9,1,0,0,0,0,0,0},{0,0,0,0,0,0,0,0,0}}
]
13:52:47.797 INFO  [main] SudokuBoard - Warto?? 0 wstawiona nieprawid?owo
13:52:47.797 INFO  [main] SudokuBoard - B?ad w kwadracie 0
sudoku.model.SudokuBoard@27f8f1cc[
  size=9
  solver=sudoku.model.BacktrackingSudokuSolver@669b8190
  board={{7,8,2,9,6,1,3,5,4},{9,1,5,7,3,4,2,8,6},{3,4,6,5,8,2,7,9,1},{2,3,7,4,9,5,1,6,8},{4,5,8,2,1,6,9,3,7},{1,6,9,8,7,3,4,2,5},{5,7,3,6,4,9,8,1,2},{6,9,0,0,0,0,0,0,0},{0,0,0,0,0,0,0,0,0}}
]
13:52:47.797 INFO  [main] SudokuBoard - Warto?? 0 wstawiona nieprawid?owo
13:52:47.797 INFO  [main] SudokuBoard - B?ad w kwadracie 0
sudoku.model.SudokuBoard@27f8f1cc[
  size=9
  solver=sudoku.model.BacktrackingSudokuSolver@669b8190
  board={{7,8,2,9,6,1,3,5,4},{9,1,5,7,3,4,2,8,6},{3,4,6,5,8,2,7,9,1},{2,3,7,4,9,5,1,6,8},{4,5,8,2,1,6,9,3,7},{1,6,9,8,7,3,4,2,5},{5,7,3,6,4,9,8,1,2},{6,9,4,1,2,7,0,0,0},{0,0,0,0,0,0,0,0,0}}
]
13:52:47.798 INFO  [main] SudokuBoard - Warto?? 0 wstawiona nieprawid?owo
13:52:47.798 INFO  [main] SudokuBoard - B?ad w kwadracie 0
sudoku.model.SudokuBoard@27f8f1cc[
  size=9
  solver=sudoku.model.BacktrackingSudokuSolver@669b8190
  board={{7,8,2,9,6,1,3,5,4},{9,1,5,7,3,4,2,8,6},{3,4,6,5,8,2,7,9,1},{2,3,7,4,9,5,1,6,8},{4,5,8,2,1,6,9,3,7},{1,6,9,8,7,3,4,2,5},{5,7,3,6,4,9,8,1,2},{6,9,4,1,2,0,0,0,0},{0,0,0,0,0,0,0,0,0}}
]
13:52:47.798 INFO  [main] SudokuBoard - Warto?? 0 wstawiona nieprawid?owo
Tablice maja inny uklad liczb]]></system-out>
  </testcase>
  <testcase name="checkFillBoardTest" classname="sudoku.model.SudokuBoardTest" time="0.028">
    <system-out><![CDATA[13:52:47.810 INFO  [main] SudokuBoard - B?ad w kwadracie 0
sudoku.model.SudokuBoard@473c491[
  size=9
  solver=sudoku.model.BacktrackingSudokuSolver@3ede428e
  board={{7,8,4,9,1,3,2,5,6},{5,2,1,4,6,8,7,3,9},{3,6,9,2,5,7,1,4,8},{1,3,2,5,4,6,8,9,7},{6,4,5,1,7,9,3,0,0},{0,0,0,0,0,0,0,0,0},{0,0,0,0,0,0,0,0,0},{0,0,0,0,0,0,0,0,0},{0,0,0,0,0,0,0,0,0}}
]
13:52:47.810 INFO  [main] SudokuBoard - Warto?? 0 wstawiona nieprawid?owo
13:52:47.810 INFO  [main] SudokuBoard - B?ad w kwadracie 0
sudoku.model.SudokuBoard@473c491[
  size=9
  solver=sudoku.model.BacktrackingSudokuSolver@3ede428e
  board={{7,8,4,9,1,3,2,5,6},{5,2,1,4,6,8,7,3,9},{3,6,9,2,5,7,1,4,8},{1,3,2,5,4,6,8,9,7},{6,4,5,1,7,9,0,0,0},{0,0,0,0,0,0,0,0,0},{0,0,0,0,0,0,0,0,0},{0,0,0,0,0,0,0,0,0},{0,0,0,0,0,0,0,0,0}}
]
13:52:47.810 INFO  [main] SudokuBoard - Warto?? 0 wstawiona nieprawid?owo
13:52:47.810 INFO  [main] SudokuBoard - B?ad w kwadracie 0
sudoku.model.SudokuBoard@473c491[
  size=9
  solver=sudoku.model.BacktrackingSudokuSolver@3ede428e
  board={{7,8,4,9,1,3,2,5,6},{5,2,1,4,6,8,7,3,9},{3,6,9,2,5,7,1,4,8},{1,3,2,5,4,6,8,9,7},{6,4,5,1,7,0,0,0,0},{0,0,0,0,0,0,0,0,0},{0,0,0,0,0,0,0,0,0},{0,0,0,0,0,0,0,0,0},{0,0,0,0,0,0,0,0,0}}
]
13:52:47.810 INFO  [main] SudokuBoard - Warto?? 0 wstawiona nieprawid?owo
13:52:47.814 INFO  [main] SudokuBoard - B?ad w kwadracie 0
sudoku.model.SudokuBoard@473c491[
  size=9
  solver=sudoku.model.BacktrackingSudokuSolver@3ede428e
  board={{7,8,4,9,1,3,2,5,6},{5,2,1,4,6,8,7,3,9},{3,6,9,2,5,7,1,4,8},{1,3,2,5,4,6,8,9,7},{6,4,5,1,7,2,0,0,0},{0,0,0,0,0,0,0,0,0},{0,0,0,0,0,0,0,0,0},{0,0,0,0,0,0,0,0,0},{0,0,0,0,0,0,0,0,0}}
]
13:52:47.815 INFO  [main] SudokuBoard - Warto?? 0 wstawiona nieprawid?owo
13:52:47.815 INFO  [main] SudokuBoard - B?ad w kwadracie 0
sudoku.model.SudokuBoard@473c491[
  size=9
  solver=sudoku.model.BacktrackingSudokuSolver@3ede428e
  board={{7,8,4,9,1,3,2,5,6},{5,2,1,4,6,8,7,3,9},{3,6,9,2,5,7,1,4,8},{1,3,2,5,4,6,8,9,7},{6,4,5,1,7,0,0,0,0},{0,0,0,0,0,0,0,0,0},{0,0,0,0,0,0,0,0,0},{0,0,0,0,0,0,0,0,0},{0,0,0,0,0,0,0,0,0}}
]
13:52:47.815 INFO  [main] SudokuBoard - Warto?? 0 wstawiona nieprawid?owo
13:52:47.815 INFO  [main] SudokuBoard - B?ad w kwadracie 0
sudoku.model.SudokuBoard@473c491[
  size=9
  solver=sudoku.model.BacktrackingSudokuSolver@3ede428e
  board={{7,8,4,9,1,3,2,5,6},{5,2,1,4,6,8,7,3,9},{3,6,9,2,5,7,1,4,8},{1,3,2,5,4,6,8,9,7},{6,4,5,1,0,0,0,0,0},{0,0,0,0,0,0,0,0,0},{0,0,0,0,0,0,0,0,0},{0,0,0,0,0,0,0,0,0},{0,0,0,0,0,0,0,0,0}}
]
13:52:47.815 INFO  [main] SudokuBoard - Warto?? 0 wstawiona nieprawid?owo
13:52:47.815 INFO  [main] SudokuBoard - B?ad w kwadracie 0
sudoku.model.SudokuBoard@473c491[
  size=9
  solver=sudoku.model.BacktrackingSudokuSolver@3ede428e
  board={{7,8,4,9,1,3,2,5,6},{5,2,1,4,6,8,7,3,9},{3,6,9,2,5,7,1,4,8},{1,3,2,5,4,6,8,9,7},{6,4,5,1,8,9,3,0,0},{0,0,0,0,0,0,0,0,0},{0,0,0,0,0,0,0,0,0},{0,0,0,0,0,0,0,0,0},{0,0,0,0,0,0,0,0,0}}
]
13:52:47.815 INFO  [main] SudokuBoard - Warto?? 0 wstawiona nieprawid?owo
13:52:47.816 INFO  [main] SudokuBoard - B?ad w kwadracie 0
sudoku.model.SudokuBoard@473c491[
  size=9
  solver=sudoku.model.BacktrackingSudokuSolver@3ede428e
  board={{7,8,4,9,1,3,2,5,6},{5,2,1,4,6,8,7,3,9},{3,6,9,2,5,7,1,4,8},{1,3,2,5,4,6,8,9,7},{6,4,5,1,8,9,0,0,0},{0,0,0,0,0,0,0,0,0},{0,0,0,0,0,0,0,0,0},{0,0,0,0,0,0,0,0,0},{0,0,0,0,0,0,0,0,0}}
]
13:52:47.816 INFO  [main] SudokuBoard - Warto?? 0 wstawiona nieprawid?owo
13:52:47.816 INFO  [main] SudokuBoard - B?ad w kwadracie 0
sudoku.model.SudokuBoard@473c491[
  size=9
  solver=sudoku.model.BacktrackingSudokuSolver@3ede428e
  board={{7,8,4,9,1,3,2,5,6},{5,2,1,4,6,8,7,3,9},{3,6,9,2,5,7,1,4,8},{1,3,2,5,4,6,8,9,7},{6,4,5,1,8,0,0,0,0},{0,0,0,0,0,0,0,0,0},{0,0,0,0,0,0,0,0,0},{0,0,0,0,0,0,0,0,0},{0,0,0,0,0,0,0,0,0}}
]
13:52:47.816 INFO  [main] SudokuBoard - Warto?? 0 wstawiona nieprawid?owo
13:52:47.816 INFO  [main] SudokuBoard - B?ad w kwadracie 0
sudoku.model.SudokuBoard@473c491[
  size=9
  solver=sudoku.model.BacktrackingSudokuSolver@3ede428e
  board={{7,8,4,9,1,3,2,5,6},{5,2,1,4,6,8,7,3,9},{3,6,9,2,5,7,1,4,8},{1,3,2,5,4,6,8,9,7},{6,4,5,1,8,2,0,0,0},{0,0,0,0,0,0,0,0,0},{0,0,0,0,0,0,0,0,0},{0,0,0,0,0,0,0,0,0},{0,0,0,0,0,0,0,0,0}}
]
13:52:47.816 INFO  [main] SudokuBoard - Warto?? 0 wstawiona nieprawid?owo
13:52:47.816 INFO  [main] SudokuBoard - B?ad w kwadracie 0
sudoku.model.SudokuBoard@473c491[
  size=9
  solver=sudoku.model.BacktrackingSudokuSolver@3ede428e
  board={{7,8,4,9,1,3,2,5,6},{5,2,1,4,6,8,7,3,9},{3,6,9,2,5,7,1,4,8},{1,3,2,5,4,6,8,9,7},{6,4,5,1,8,0,0,0,0},{0,0,0,0,0,0,0,0,0},{0,0,0,0,0,0,0,0,0},{0,0,0,0,0,0,0,0,0},{0,0,0,0,0,0,0,0,0}}
]
13:52:47.816 INFO  [main] SudokuBoard - Warto?? 0 wstawiona nieprawid?owo
13:52:47.817 INFO  [main] SudokuBoard - B?ad w kwadracie 0
sudoku.model.SudokuBoard@473c491[
  size=9
  solver=sudoku.model.BacktrackingSudokuSolver@3ede428e
  board={{7,8,4,9,1,3,2,5,6},{5,2,1,4,6,8,7,3,9},{3,6,9,2,5,7,1,4,8},{1,3,2,5,4,6,8,9,7},{6,4,5,1,0,0,0,0,0},{0,0,0,0,0,0,0,0,0},{0,0,0,0,0,0,0,0,0},{0,0,0,0,0,0,0,0,0},{0,0,0,0,0,0,0,0,0}}
]
13:52:47.817 INFO  [main] SudokuBoard - Warto?? 0 wstawiona nieprawid?owo
13:52:47.817 INFO  [main] SudokuBoard - B?ad w kwadracie 0
sudoku.model.SudokuBoard@473c491[
  size=9
  solver=sudoku.model.BacktrackingSudokuSolver@3ede428e
  board={{7,8,4,9,1,3,2,5,6},{5,2,1,4,6,8,7,3,9},{3,6,9,2,5,7,1,4,8},{1,3,2,5,4,6,8,9,7},{6,4,5,1,9,2,0,0,0},{0,0,0,0,0,0,0,0,0},{0,0,0,0,0,0,0,0,0},{0,0,0,0,0,0,0,0,0},{0,0,0,0,0,0,0,0,0}}
]
13:52:47.817 INFO  [main] SudokuBoard - Warto?? 0 wstawiona nieprawid?owo
13:52:47.817 INFO  [main] SudokuBoard - B?ad w kwadracie 0
sudoku.model.SudokuBoard@473c491[
  size=9
  solver=sudoku.model.BacktrackingSudokuSolver@3ede428e
  board={{7,8,4,9,1,3,2,5,6},{5,2,1,4,6,8,7,3,9},{3,6,9,2,5,7,1,4,8},{1,3,2,5,4,6,8,9,7},{6,4,5,1,9,0,0,0,0},{0,0,0,0,0,0,0,0,0},{0,0,0,0,0,0,0,0,0},{0,0,0,0,0,0,0,0,0},{0,0,0,0,0,0,0,0,0}}
]
13:52:47.817 INFO  [main] SudokuBoard - Warto?? 0 wstawiona nieprawid?owo
13:52:47.817 INFO  [main] SudokuBoard - B?ad w kwadracie 0
sudoku.model.SudokuBoard@473c491[
  size=9
  solver=sudoku.model.BacktrackingSudokuSolver@3ede428e
  board={{7,8,4,9,1,3,2,5,6},{5,2,1,4,6,8,7,3,9},{3,6,9,2,5,7,1,4,8},{1,3,2,5,4,6,8,9,7},{6,4,5,1,0,0,0,0,0},{0,0,0,0,0,0,0,0,0},{0,0,0,0,0,0,0,0,0},{0,0,0,0,0,0,0,0,0},{0,0,0,0,0,0,0,0,0}}
]
13:52:47.817 INFO  [main] SudokuBoard - Warto?? 0 wstawiona nieprawid?owo
13:52:47.818 INFO  [main] SudokuBoard - B?ad w kwadracie 0
sudoku.model.SudokuBoard@473c491[
  size=9
  solver=sudoku.model.BacktrackingSudokuSolver@3ede428e
  board={{7,8,4,9,1,3,2,5,6},{5,2,1,4,6,8,7,3,9},{3,6,9,2,5,7,1,4,8},{1,3,2,5,4,6,8,9,7},{6,4,5,1,2,9,0,0,0},{0,0,0,0,0,0,0,0,0},{0,0,0,0,0,0,0,0,0},{0,0,0,0,0,0,0,0,0},{0,0,0,0,0,0,0,0,0}}
]
13:52:47.818 INFO  [main] SudokuBoard - Warto?? 0 wstawiona nieprawid?owo
13:52:47.818 INFO  [main] SudokuBoard - B?ad w kwadracie 0
sudoku.model.SudokuBoard@473c491[
  size=9
  solver=sudoku.model.BacktrackingSudokuSolver@3ede428e
  board={{7,8,4,9,1,3,2,5,6},{5,2,1,4,6,8,7,3,9},{3,6,9,2,5,7,1,4,8},{1,3,2,5,4,6,8,9,7},{6,4,5,1,2,0,0,0,0},{0,0,0,0,0,0,0,0,0},{0,0,0,0,0,0,0,0,0},{0,0,0,0,0,0,0,0,0},{0,0,0,0,0,0,0,0,0}}
]
13:52:47.818 INFO  [main] SudokuBoard - Warto?? 0 wstawiona nieprawid?owo
13:52:47.818 INFO  [main] SudokuBoard - B?ad w kwadracie 0
sudoku.model.SudokuBoard@473c491[
  size=9
  solver=sudoku.model.BacktrackingSudokuSolver@3ede428e
  board={{7,8,4,9,1,3,2,5,6},{5,2,1,4,6,8,7,3,9},{3,6,9,2,5,7,1,4,8},{1,3,2,5,4,6,8,9,7},{6,4,5,1,0,0,0,0,0},{0,0,0,0,0,0,0,0,0},{0,0,0,0,0,0,0,0,0},{0,0,0,0,0,0,0,0,0},{0,0,0,0,0,0,0,0,0}}
]
13:52:47.818 INFO  [main] SudokuBoard - Warto?? 0 wstawiona nieprawid?owo
13:52:47.818 INFO  [main] SudokuBoard - B?ad w kwadracie 0
sudoku.model.SudokuBoard@473c491[
  size=9
  solver=sudoku.model.BacktrackingSudokuSolver@3ede428e
  board={{7,8,4,9,1,3,2,5,6},{5,2,1,4,6,8,7,3,9},{3,6,9,2,5,7,1,4,8},{1,3,2,5,4,6,8,9,7},{6,4,5,1,3,0,0,0,0},{0,0,0,0,0,0,0,0,0},{0,0,0,0,0,0,0,0,0},{0,0,0,0,0,0,0,0,0},{0,0,0,0,0,0,0,0,0}}
]
13:52:47.818 INFO  [main] SudokuBoard - Warto?? 0 wstawiona nieprawid?owo
13:52:47.819 INFO  [main] SudokuBoard - B?ad w kwadracie 0
sudoku.model.SudokuBoard@473c491[
  size=9
  solver=sudoku.model.BacktrackingSudokuSolver@3ede428e
  board={{7,8,4,9,1,3,2,5,6},{5,2,1,4,6,8,7,3,9},{3,6,9,2,5,7,1,4,8},{1,3,2,5,4,6,8,9,7},{6,4,5,1,3,0,0,0,0},{0,0,0,0,0,0,0,0,0},{0,0,0,0,0,0,0,0,0},{0,0,0,0,0,0,0,0,0},{0,0,0,0,0,0,0,0,0}}
]
13:52:47.819 INFO  [main] SudokuBoard - Warto?? 0 wstawiona nieprawid?owo
13:52:47.819 INFO  [main] SudokuBoard - B?ad w kwadracie 0
sudoku.model.SudokuBoard@473c491[
  size=9
  solver=sudoku.model.BacktrackingSudokuSolver@3ede428e
  board={{7,8,4,9,1,3,2,5,6},{5,2,1,4,6,8,7,3,9},{3,6,9,2,5,7,1,4,8},{1,3,2,5,4,6,8,9,7},{6,4,5,1,0,0,0,0,0},{0,0,0,0,0,0,0,0,0},{0,0,0,0,0,0,0,0,0},{0,0,0,0,0,0,0,0,0},{0,0,0,0,0,0,0,0,0}}
]
13:52:47.819 INFO  [main] SudokuBoard - Warto?? 0 wstawiona nieprawid?owo
13:52:47.819 INFO  [main] SudokuBoard - B?ad w kwadracie 0
sudoku.model.SudokuBoard@473c491[
  size=9
  solver=sudoku.model.BacktrackingSudokuSolver@3ede428e
  board={{7,8,4,9,1,3,2,5,6},{5,2,1,4,6,8,7,3,9},{3,6,9,2,5,7,1,4,8},{1,3,2,5,4,6,8,9,7},{6,4,5,0,0,0,0,0,0},{0,0,0,0,0,0,0,0,0},{0,0,0,0,0,0,0,0,0},{0,0,0,0,0,0,0,0,0},{0,0,0,0,0,0,0,0,0}}
]
13:52:47.819 INFO  [main] SudokuBoard - Warto?? 0 wstawiona nieprawid?owo
13:52:47.819 INFO  [main] SudokuBoard - B?ad w kwadracie 0
sudoku.model.SudokuBoard@473c491[
  size=9
  solver=sudoku.model.BacktrackingSudokuSolver@3ede428e
  board={{7,8,4,9,1,3,2,5,6},{5,2,1,4,6,8,7,3,9},{3,6,9,2,5,7,1,4,8},{1,3,2,5,4,6,8,9,7},{6,4,5,3,2,0,0,0,0},{0,0,0,0,0,0,0,0,0},{0,0,0,0,0,0,0,0,0},{0,0,0,0,0,0,0,0,0},{0,0,0,0,0,0,0,0,0}}
]
13:52:47.819 INFO  [main] SudokuBoard - Warto?? 0 wstawiona nieprawid?owo
13:52:47.819 INFO  [main] SudokuBoard - B?ad w kwadracie 0
sudoku.model.SudokuBoard@473c491[
  size=9
  solver=sudoku.model.BacktrackingSudokuSolver@3ede428e
  board={{7,8,4,9,1,3,2,5,6},{5,2,1,4,6,8,7,3,9},{3,6,9,2,5,7,1,4,8},{1,3,2,5,4,6,8,9,7},{6,4,5,3,2,0,0,0,0},{0,0,0,0,0,0,0,0,0},{0,0,0,0,0,0,0,0,0},{0,0,0,0,0,0,0,0,0},{0,0,0,0,0,0,0,0,0}}
]
13:52:47.820 INFO  [main] SudokuBoard - Warto?? 0 wstawiona nieprawid?owo
13:52:47.820 INFO  [main] SudokuBoard - B?ad w kwadracie 0
sudoku.model.SudokuBoard@473c491[
  size=9
  solver=sudoku.model.BacktrackingSudokuSolver@3ede428e
  board={{7,8,4,9,1,3,2,5,6},{5,2,1,4,6,8,7,3,9},{3,6,9,2,5,7,1,4,8},{1,3,2,5,4,6,8,9,7},{6,4,5,3,0,0,0,0,0},{0,0,0,0,0,0,0,0,0},{0,0,0,0,0,0,0,0,0},{0,0,0,0,0,0,0,0,0},{0,0,0,0,0,0,0,0,0}}
]
13:52:47.820 INFO  [main] SudokuBoard - Warto?? 0 wstawiona nieprawid?owo
13:52:47.820 INFO  [main] SudokuBoard - B?ad w kwadracie 0
sudoku.model.SudokuBoard@473c491[
  size=9
  solver=sudoku.model.BacktrackingSudokuSolver@3ede428e
  board={{7,8,4,9,1,3,2,5,6},{5,2,1,4,6,8,7,3,9},{3,6,9,2,5,7,1,4,8},{1,3,2,5,4,6,8,9,7},{6,4,5,3,7,0,0,0,0},{0,0,0,0,0,0,0,0,0},{0,0,0,0,0,0,0,0,0},{0,0,0,0,0,0,0,0,0},{0,0,0,0,0,0,0,0,0}}
]
13:52:47.820 INFO  [main] SudokuBoard - Warto?? 0 wstawiona nieprawid?owo
13:52:47.821 INFO  [main] SudokuBoard - B?ad w kwadracie 0
sudoku.model.SudokuBoard@473c491[
  size=9
  solver=sudoku.model.BacktrackingSudokuSolver@3ede428e
  board={{7,8,4,9,1,3,2,5,6},{5,2,1,4,6,8,7,3,9},{3,6,9,2,5,7,1,4,8},{1,3,2,5,4,6,8,9,7},{6,4,5,3,7,0,0,0,0},{0,0,0,0,0,0,0,0,0},{0,0,0,0,0,0,0,0,0},{0,0,0,0,0,0,0,0,0},{0,0,0,0,0,0,0,0,0}}
]
13:52:47.821 INFO  [main] SudokuBoard - Warto?? 0 wstawiona nieprawid?owo
13:52:47.821 INFO  [main] SudokuBoard - B?ad w kwadracie 0
sudoku.model.SudokuBoard@473c491[
  size=9
  solver=sudoku.model.BacktrackingSudokuSolver@3ede428e
  board={{7,8,4,9,1,3,2,5,6},{5,2,1,4,6,8,7,3,9},{3,6,9,2,5,7,1,4,8},{1,3,2,5,4,6,8,9,7},{6,4,5,3,7,0,0,0,0},{0,0,0,0,0,0,0,0,0},{0,0,0,0,0,0,0,0,0},{0,0,0,0,0,0,0,0,0},{0,0,0,0,0,0,0,0,0}}
]
13:52:47.821 INFO  [main] SudokuBoard - Warto?? 0 wstawiona nieprawid?owo
13:52:47.821 INFO  [main] SudokuBoard - B?ad w kwadracie 0
sudoku.model.SudokuBoard@473c491[
  size=9
  solver=sudoku.model.BacktrackingSudokuSolver@3ede428e
  board={{7,8,4,9,1,3,2,5,6},{5,2,1,4,6,8,7,3,9},{3,6,9,2,5,7,1,4,8},{1,3,2,5,4,6,8,9,7},{6,4,5,3,0,0,0,0,0},{0,0,0,0,0,0,0,0,0},{0,0,0,0,0,0,0,0,0},{0,0,0,0,0,0,0,0,0},{0,0,0,0,0,0,0,0,0}}
]
13:52:47.821 INFO  [main] SudokuBoard - Warto?? 0 wstawiona nieprawid?owo
13:52:47.821 INFO  [main] SudokuBoard - B?ad w kwadracie 0
sudoku.model.SudokuBoard@473c491[
  size=9
  solver=sudoku.model.BacktrackingSudokuSolver@3ede428e
  board={{7,8,4,9,1,3,2,5,6},{5,2,1,4,6,8,7,3,9},{3,6,9,2,5,7,1,4,8},{1,3,2,5,4,6,8,9,7},{6,4,5,3,8,0,0,0,0},{0,0,0,0,0,0,0,0,0},{0,0,0,0,0,0,0,0,0},{0,0,0,0,0,0,0,0,0},{0,0,0,0,0,0,0,0,0}}
]
13:52:47.821 INFO  [main] SudokuBoard - Warto?? 0 wstawiona nieprawid?owo
13:52:47.822 INFO  [main] SudokuBoard - B?ad w kwadracie 0
sudoku.model.SudokuBoard@473c491[
  size=9
  solver=sudoku.model.BacktrackingSudokuSolver@3ede428e
  board={{7,8,4,9,1,3,2,5,6},{5,2,1,4,6,8,7,3,9},{3,6,9,2,5,7,1,4,8},{1,3,2,5,4,6,8,9,7},{6,4,5,3,8,0,0,0,0},{0,0,0,0,0,0,0,0,0},{0,0,0,0,0,0,0,0,0},{0,0,0,0,0,0,0,0,0},{0,0,0,0,0,0,0,0,0}}
]
13:52:47.822 INFO  [main] SudokuBoard - Warto?? 0 wstawiona nieprawid?owo
13:52:47.822 INFO  [main] SudokuBoard - B?ad w kwadracie 0
sudoku.model.SudokuBoard@473c491[
  size=9
  solver=sudoku.model.BacktrackingSudokuSolver@3ede428e
  board={{7,8,4,9,1,3,2,5,6},{5,2,1,4,6,8,7,3,9},{3,6,9,2,5,7,1,4,8},{1,3,2,5,4,6,8,9,7},{6,4,5,3,8,0,0,0,0},{0,0,0,0,0,0,0,0,0},{0,0,0,0,0,0,0,0,0},{0,0,0,0,0,0,0,0,0},{0,0,0,0,0,0,0,0,0}}
]
13:52:47.822 INFO  [main] SudokuBoard - Warto?? 0 wstawiona nieprawid?owo
13:52:47.822 INFO  [main] SudokuBoard - B?ad w kwadracie 0
sudoku.model.SudokuBoard@473c491[
  size=9
  solver=sudoku.model.BacktrackingSudokuSolver@3ede428e
  board={{7,8,4,9,1,3,2,5,6},{5,2,1,4,6,8,7,3,9},{3,6,9,2,5,7,1,4,8},{1,3,2,5,4,6,8,9,7},{6,4,5,3,0,0,0,0,0},{0,0,0,0,0,0,0,0,0},{0,0,0,0,0,0,0,0,0},{0,0,0,0,0,0,0,0,0},{0,0,0,0,0,0,0,0,0}}
]
13:52:47.822 INFO  [main] SudokuBoard - Warto?? 0 wstawiona nieprawid?owo
13:52:47.823 INFO  [main] SudokuBoard - B?ad w kwadracie 0
sudoku.model.SudokuBoard@473c491[
  size=9
  solver=sudoku.model.BacktrackingSudokuSolver@3ede428e
  board={{7,8,4,9,1,3,2,5,6},{5,2,1,4,6,8,7,3,9},{3,6,9,2,5,7,1,4,8},{1,3,2,5,4,6,8,9,7},{6,4,5,3,9,0,0,0,0},{0,0,0,0,0,0,0,0,0},{0,0,0,0,0,0,0,0,0},{0,0,0,0,0,0,0,0,0},{0,0,0,0,0,0,0,0,0}}
]
13:52:47.823 INFO  [main] SudokuBoard - Warto?? 0 wstawiona nieprawid?owo
13:52:47.823 INFO  [main] SudokuBoard - B?ad w kwadracie 0
sudoku.model.SudokuBoard@473c491[
  size=9
  solver=sudoku.model.BacktrackingSudokuSolver@3ede428e
  board={{7,8,4,9,1,3,2,5,6},{5,2,1,4,6,8,7,3,9},{3,6,9,2,5,7,1,4,8},{1,3,2,5,4,6,8,9,7},{6,4,5,3,9,0,0,0,0},{0,0,0,0,0,0,0,0,0},{0,0,0,0,0,0,0,0,0},{0,0,0,0,0,0,0,0,0},{0,0,0,0,0,0,0,0,0}}
]
13:52:47.823 INFO  [main] SudokuBoard - Warto?? 0 wstawiona nieprawid?owo
13:52:47.823 INFO  [main] SudokuBoard - B?ad w kwadracie 0
sudoku.model.SudokuBoard@473c491[
  size=9
  solver=sudoku.model.BacktrackingSudokuSolver@3ede428e
  board={{7,8,4,9,1,3,2,5,6},{5,2,1,4,6,8,7,3,9},{3,6,9,2,5,7,1,4,8},{1,3,2,5,4,6,8,9,7},{6,4,5,3,0,0,0,0,0},{0,0,0,0,0,0,0,0,0},{0,0,0,0,0,0,0,0,0},{0,0,0,0,0,0,0,0,0},{0,0,0,0,0,0,0,0,0}}
]
13:52:47.823 INFO  [main] SudokuBoard - Warto?? 0 wstawiona nieprawid?owo
13:52:47.823 INFO  [main] SudokuBoard - B?ad w kwadracie 0
sudoku.model.SudokuBoard@473c491[
  size=9
  solver=sudoku.model.BacktrackingSudokuSolver@3ede428e
  board={{7,8,4,9,1,3,2,5,6},{5,2,1,4,6,8,7,3,9},{3,6,9,2,5,7,1,4,8},{1,3,2,5,4,6,8,9,7},{6,4,5,0,0,0,0,0,0},{0,0,0,0,0,0,0,0,0},{0,0,0,0,0,0,0,0,0},{0,0,0,0,0,0,0,0,0},{0,0,0,0,0,0,0,0,0}}
]
13:52:47.823 INFO  [main] SudokuBoard - Warto?? 0 wstawiona nieprawid?owo
13:52:47.824 INFO  [main] SudokuBoard - B?ad w kwadracie 0
sudoku.model.SudokuBoard@473c491[
  size=9
  solver=sudoku.model.BacktrackingSudokuSolver@3ede428e
  board={{7,8,4,9,1,3,2,5,6},{5,2,1,4,6,8,7,3,9},{3,6,9,2,5,7,1,4,8},{1,3,2,5,4,6,8,9,7},{6,4,5,7,8,2,3,0,0},{0,0,0,0,0,0,0,0,0},{0,0,0,0,0,0,0,0,0},{0,0,0,0,0,0,0,0,0},{0,0,0,0,0,0,0,0,0}}
]
13:52:47.824 INFO  [main] SudokuBoard - Warto?? 0 wstawiona nieprawid?owo
13:52:47.824 INFO  [main] SudokuBoard - B?ad w kwadracie 0
sudoku.model.SudokuBoard@473c491[
  size=9
  solver=sudoku.model.BacktrackingSudokuSolver@3ede428e
  board={{7,8,4,9,1,3,2,5,6},{5,2,1,4,6,8,7,3,9},{3,6,9,2,5,7,1,4,8},{1,3,2,5,4,6,8,9,7},{6,4,5,7,8,2,0,0,0},{0,0,0,0,0,0,0,0,0},{0,0,0,0,0,0,0,0,0},{0,0,0,0,0,0,0,0,0},{0,0,0,0,0,0,0,0,0}}
]
13:52:47.824 INFO  [main] SudokuBoard - Warto?? 0 wstawiona nieprawid?owo
13:52:47.824 INFO  [main] SudokuBoard - B?ad w kwadracie 0
sudoku.model.SudokuBoard@473c491[
  size=9
  solver=sudoku.model.BacktrackingSudokuSolver@3ede428e
  board={{7,8,4,9,1,3,2,5,6},{5,2,1,4,6,8,7,3,9},{3,6,9,2,5,7,1,4,8},{1,3,2,5,4,6,8,9,7},{6,4,5,7,8,0,0,0,0},{0,0,0,0,0,0,0,0,0},{0,0,0,0,0,0,0,0,0},{0,0,0,0,0,0,0,0,0},{0,0,0,0,0,0,0,0,0}}
]
13:52:47.824 INFO  [main] SudokuBoard - Warto?? 0 wstawiona nieprawid?owo
13:52:47.824 INFO  [main] SudokuBoard - B?ad w kwadracie 0
sudoku.model.SudokuBoard@473c491[
  size=9
  solver=sudoku.model.BacktrackingSudokuSolver@3ede428e
  board={{7,8,4,9,1,3,2,5,6},{5,2,1,4,6,8,7,3,9},{3,6,9,2,5,7,1,4,8},{1,3,2,5,4,6,8,9,7},{6,4,5,7,8,9,3,1,2},{9,7,8,1,0,0,0,0,0},{0,0,0,0,0,0,0,0,0},{0,0,0,0,0,0,0,0,0},{0,0,0,0,0,0,0,0,0}}
]
13:52:47.824 INFO  [main] SudokuBoard - Warto?? 0 wstawiona nieprawid?owo
13:52:47.825 INFO  [main] SudokuBoard - B?ad w kwadracie 0
sudoku.model.SudokuBoard@473c491[
  size=9
  solver=sudoku.model.BacktrackingSudokuSolver@3ede428e
  board={{7,8,4,9,1,3,2,5,6},{5,2,1,4,6,8,7,3,9},{3,6,9,2,5,7,1,4,8},{1,3,2,5,4,6,8,9,7},{6,4,5,7,8,9,3,1,2},{9,7,8,1,3,2,0,0,0},{0,0,0,0,0,0,0,0,0},{0,0,0,0,0,0,0,0,0},{0,0,0,0,0,0,0,0,0}}
]
13:52:47.825 INFO  [main] SudokuBoard - Warto?? 0 wstawiona nieprawid?owo
13:52:47.825 INFO  [main] SudokuBoard - B?ad w kwadracie 0
sudoku.model.SudokuBoard@473c491[
  size=9
  solver=sudoku.model.BacktrackingSudokuSolver@3ede428e
  board={{7,8,4,9,1,3,2,5,6},{5,2,1,4,6,8,7,3,9},{3,6,9,2,5,7,1,4,8},{1,3,2,5,4,6,8,9,7},{6,4,5,7,8,9,3,1,2},{9,7,8,1,3,2,4,6,5},{2,9,3,6,7,0,0,0,0},{0,0,0,0,0,0,0,0,0},{0,0,0,0,0,0,0,0,0}}
]
13:52:47.825 INFO  [main] SudokuBoard - Warto?? 0 wstawiona nieprawid?owo
13:52:47.825 INFO  [main] SudokuBoard - B?ad w kwadracie 0
sudoku.model.SudokuBoard@473c491[
  size=9
  solver=sudoku.model.BacktrackingSudokuSolver@3ede428e
  board={{7,8,4,9,1,3,2,5,6},{5,2,1,4,6,8,7,3,9},{3,6,9,2,5,7,1,4,8},{1,3,2,5,4,6,8,9,7},{6,4,5,7,8,9,3,1,2},{9,7,8,1,3,2,4,6,5},{2,9,3,6,7,1,5,8,4},{4,1,6,3,9,0,0,0,0},{0,0,0,0,0,0,0,0,0}}
]
13:52:47.825 INFO  [main] SudokuBoard - Warto?? 0 wstawiona nieprawid?owo
13:52:47.825 INFO  [main] SudokuBoard - B?ad w kwadracie 0
sudoku.model.SudokuBoard@473c491[
  size=9
  solver=sudoku.model.BacktrackingSudokuSolver@3ede428e
  board={{7,8,4,9,1,3,2,5,6},{5,2,1,4,6,8,7,3,9},{3,6,9,2,5,7,1,4,8},{1,3,2,5,4,6,8,9,7},{6,4,5,7,8,9,3,1,2},{9,7,8,1,3,2,4,6,5},{2,9,3,6,7,1,5,8,4},{4,1,6,3,0,0,0,0,0},{0,0,0,0,0,0,0,0,0}}
]
13:52:47.825 INFO  [main] SudokuBoard - Warto?? 0 wstawiona nieprawid?owo
13:52:47.826 INFO  [main] SudokuBoard - B?ad w kwadracie 0
sudoku.model.SudokuBoard@473c491[
  size=9
  solver=sudoku.model.BacktrackingSudokuSolver@3ede428e
  board={{7,8,4,9,1,3,2,5,6},{5,2,1,4,6,8,7,3,9},{3,6,9,2,5,7,1,4,8},{1,3,2,5,4,6,8,9,7},{6,4,5,7,8,9,3,1,2},{9,7,8,1,3,2,4,6,5},{2,9,3,6,7,1,5,8,4},{4,1,6,3,2,5,9,0,0},{0,0,0,0,0,0,0,0,0}}
]
13:52:47.826 INFO  [main] SudokuBoard - Warto?? 0 wstawiona nieprawid?owo
13:52:47.826 INFO  [main] SudokuBoard - B?ad w kwadracie 0
sudoku.model.SudokuBoard@473c491[
  size=9
  solver=sudoku.model.BacktrackingSudokuSolver@3ede428e
  board={{7,8,4,9,1,3,2,5,6},{5,2,1,4,6,8,7,3,9},{3,6,9,2,5,7,1,4,8},{1,3,2,5,4,6,8,9,7},{6,4,5,7,8,9,3,1,2},{9,7,8,1,3,2,4,6,5},{2,9,3,6,7,1,5,8,4},{4,1,6,3,2,5,0,0,0},{0,0,0,0,0,0,0,0,0}}
]
13:52:47.826 INFO  [main] SudokuBoard - Warto?? 0 wstawiona nieprawid?owo
13:52:47.826 INFO  [main] SudokuBoard - B?ad w kwadracie 0
sudoku.model.SudokuBoard@473c491[
  size=9
  solver=sudoku.model.BacktrackingSudokuSolver@3ede428e
  board={{7,8,4,9,1,3,2,5,6},{5,2,1,4,6,8,7,3,9},{3,6,9,2,5,7,1,4,8},{1,3,2,5,4,6,8,9,7},{6,4,5,7,8,9,3,1,2},{9,7,8,1,3,2,4,6,5},{2,9,3,6,7,1,5,8,4},{4,1,6,3,2,0,0,0,0},{0,0,0,0,0,0,0,0,0}}
]
13:52:47.826 INFO  [main] SudokuBoard - Warto?? 0 wstawiona nieprawid?owo
13:52:47.826 INFO  [main] SudokuBoard - B?ad w kwadracie 0
sudoku.model.SudokuBoard@473c491[
  size=9
  solver=sudoku.model.BacktrackingSudokuSolver@3ede428e
  board={{7,8,4,9,1,3,2,5,6},{5,2,1,4,6,8,7,3,9},{3,6,9,2,5,7,1,4,8},{1,3,2,5,4,6,8,9,7},{6,4,5,7,8,9,3,1,2},{9,7,8,1,3,2,4,6,5},{2,9,3,6,7,1,5,8,4},{4,1,6,3,0,0,0,0,0},{0,0,0,0,0,0,0,0,0}}
]
13:52:47.826 INFO  [main] SudokuBoard - Warto?? 0 wstawiona nieprawid?owo
13:52:47.827 INFO  [main] SudokuBoard - B?ad w kwadracie 0
sudoku.model.SudokuBoard@473c491[
  size=9
  solver=sudoku.model.BacktrackingSudokuSolver@3ede428e
  board={{7,8,4,9,1,3,2,5,6},{5,2,1,4,6,8,7,3,9},{3,6,9,2,5,7,1,4,8},{1,3,2,5,4,6,8,9,7},{6,4,5,7,8,9,3,1,2},{9,7,8,1,3,2,4,6,5},{2,9,3,6,7,1,5,8,4},{4,1,6,0,0,0,0,0,0},{0,0,0,0,0,0,0,0,0}}
]
13:52:47.827 INFO  [main] SudokuBoard - Warto?? 0 wstawiona nieprawid?owo
13:52:47.827 INFO  [main] SudokuBoard - B?ad w kwadracie 0
sudoku.model.SudokuBoard@473c491[
  size=9
  solver=sudoku.model.BacktrackingSudokuSolver@3ede428e
  board={{7,8,4,9,1,3,2,5,6},{5,2,1,4,6,8,7,3,9},{3,6,9,2,5,7,1,4,8},{1,3,2,5,4,6,8,9,7},{6,4,5,7,8,9,3,1,2},{9,7,8,1,3,2,4,6,5},{2,9,3,6,7,1,5,8,4},{4,1,6,8,9,0,0,0,0},{0,0,0,0,0,0,0,0,0}}
]
13:52:47.827 INFO  [main] SudokuBoard - Warto?? 0 wstawiona nieprawid?owo
13:52:47.827 INFO  [main] SudokuBoard - B?ad w kwadracie 0
sudoku.model.SudokuBoard@473c491[
  size=9
  solver=sudoku.model.BacktrackingSudokuSolver@3ede428e
  board={{7,8,4,9,1,3,2,5,6},{5,2,1,4,6,8,7,3,9},{3,6,9,2,5,7,1,4,8},{1,3,2,5,4,6,8,9,7},{6,4,5,7,8,9,3,1,2},{9,7,8,1,3,2,4,6,5},{2,9,3,6,7,1,5,8,4},{4,1,6,8,0,0,0,0,0},{0,0,0,0,0,0,0,0,0}}
]
13:52:47.827 INFO  [main] SudokuBoard - Warto?? 0 wstawiona nieprawid?owo
Nie wykryto bledu]]></system-out>
  </testcase>
  <testcase name="checkBoardTestBoxFalse" classname="sudoku.model.SudokuBoardTest" time="0.012">
    <system-out><![CDATA[13:52:47.836 INFO  [main] SudokuBoard - B?ad w kwadracie 0
sudoku.model.SudokuBoard@671c71e8[
  size=9
  solver=sudoku.model.BacktrackingSudokuSolver@7d5176d6
  board={{4,9,5,7,2,3,6,8,1},{6,7,8,4,5,9,2,0,0},{0,0,0,0,0,0,0,0,0},{0,0,0,0,0,0,0,0,0},{0,0,0,0,0,0,0,0,0},{0,0,0,0,0,0,0,0,0},{0,0,0,0,0,0,0,0,0},{0,0,0,0,0,0,0,0,0},{0,0,0,0,0,0,0,0,0}}
]
13:52:47.836 INFO  [main] SudokuBoard - Warto?? 0 wstawiona nieprawid?owo
13:52:47.836 INFO  [main] SudokuBoard - B?ad w kwadracie 0
sudoku.model.SudokuBoard@671c71e8[
  size=9
  solver=sudoku.model.BacktrackingSudokuSolver@7d5176d6
  board={{4,9,5,7,2,3,6,8,1},{6,7,8,4,5,9,0,0,0},{0,0,0,0,0,0,0,0,0},{0,0,0,0,0,0,0,0,0},{0,0,0,0,0,0,0,0,0},{0,0,0,0,0,0,0,0,0},{0,0,0,0,0,0,0,0,0},{0,0,0,0,0,0,0,0,0},{0,0,0,0,0,0,0,0,0}}
]
13:52:47.836 INFO  [main] SudokuBoard - Warto?? 0 wstawiona nieprawid?owo
13:52:47.836 INFO  [main] SudokuBoard - B?ad w kwadracie 0
sudoku.model.SudokuBoard@671c71e8[
  size=9
  solver=sudoku.model.BacktrackingSudokuSolver@7d5176d6
  board={{4,9,5,7,2,3,6,8,1},{6,7,8,4,5,9,3,0,0},{0,0,0,0,0,0,0,0,0},{0,0,0,0,0,0,0,0,0},{0,0,0,0,0,0,0,0,0},{0,0,0,0,0,0,0,0,0},{0,0,0,0,0,0,0,0,0},{0,0,0,0,0,0,0,0,0},{0,0,0,0,0,0,0,0,0}}
]
13:52:47.836 INFO  [main] SudokuBoard - Warto?? 0 wstawiona nieprawid?owo
13:52:47.836 INFO  [main] SudokuBoard - B?ad w kwadracie 0
sudoku.model.SudokuBoard@671c71e8[
  size=9
  solver=sudoku.model.BacktrackingSudokuSolver@7d5176d6
  board={{4,9,5,7,2,3,6,8,1},{6,7,8,4,5,9,0,0,0},{0,0,0,0,0,0,0,0,0},{0,0,0,0,0,0,0,0,0},{0,0,0,0,0,0,0,0,0},{0,0,0,0,0,0,0,0,0},{0,0,0,0,0,0,0,0,0},{0,0,0,0,0,0,0,0,0},{0,0,0,0,0,0,0,0,0}}
]
13:52:47.836 INFO  [main] SudokuBoard - Warto?? 0 wstawiona nieprawid?owo
13:52:47.837 INFO  [main] SudokuBoard - B?ad w kwadracie 0
sudoku.model.SudokuBoard@671c71e8[
  size=9
  solver=sudoku.model.BacktrackingSudokuSolver@7d5176d6
  board={{4,9,5,7,2,3,6,8,1},{6,7,8,4,5,0,0,0,0},{0,0,0,0,0,0,0,0,0},{0,0,0,0,0,0,0,0,0},{0,0,0,0,0,0,0,0,0},{0,0,0,0,0,0,0,0,0},{0,0,0,0,0,0,0,0,0},{0,0,0,0,0,0,0,0,0},{0,0,0,0,0,0,0,0,0}}
]
13:52:47.837 INFO  [main] SudokuBoard - Warto?? 0 wstawiona nieprawid?owo
13:52:47.837 INFO  [main] SudokuBoard - B?ad w kwadracie 0
sudoku.model.SudokuBoard@671c71e8[
  size=9
  solver=sudoku.model.BacktrackingSudokuSolver@7d5176d6
  board={{4,9,5,7,2,3,6,8,1},{6,7,8,4,5,1,9,2,3},{1,2,3,8,6,9,4,5,7},{7,3,6,5,1,4,8,9,2},{5,4,9,3,7,6,0,0,0},{0,0,0,0,0,0,0,0,0},{0,0,0,0,0,0,0,0,0},{0,0,0,0,0,0,0,0,0},{0,0,0,0,0,0,0,0,0}}
]
13:52:47.837 INFO  [main] SudokuBoard - Warto?? 0 wstawiona nieprawid?owo
13:52:47.837 INFO  [main] SudokuBoard - B?ad w kwadracie 0
sudoku.model.SudokuBoard@671c71e8[
  size=9
  solver=sudoku.model.BacktrackingSudokuSolver@7d5176d6
  board={{4,9,5,7,2,3,6,8,1},{6,7,8,4,5,1,9,2,3},{1,2,3,8,6,9,4,5,7},{7,3,6,5,1,4,8,9,2},{5,4,9,3,7,0,0,0,0},{0,0,0,0,0,0,0,0,0},{0,0,0,0,0,0,0,0,0},{0,0,0,0,0,0,0,0,0},{0,0,0,0,0,0,0,0,0}}
]
13:52:47.837 INFO  [main] SudokuBoard - Warto?? 0 wstawiona nieprawid?owo
13:52:47.838 INFO  [main] SudokuBoard - B?ad w kwadracie 0
sudoku.model.SudokuBoard@671c71e8[
  size=9
  solver=sudoku.model.BacktrackingSudokuSolver@7d5176d6
  board={{4,9,5,7,2,3,6,8,1},{6,7,8,4,5,1,9,2,3},{1,2,3,8,6,9,4,5,7},{7,3,6,5,1,4,8,9,2},{5,4,9,3,7,8,1,0,0},{0,0,0,0,0,0,0,0,0},{0,0,0,0,0,0,0,0,0},{0,0,0,0,0,0,0,0,0},{0,0,0,0,0,0,0,0,0}}
]
13:52:47.838 INFO  [main] SudokuBoard - Warto?? 0 wstawiona nieprawid?owo
13:52:47.838 INFO  [main] SudokuBoard - B?ad w kwadracie 0
sudoku.model.SudokuBoard@671c71e8[
  size=9
  solver=sudoku.model.BacktrackingSudokuSolver@7d5176d6
  board={{4,9,5,7,2,3,6,8,1},{6,7,8,4,5,1,9,2,3},{1,2,3,8,6,9,4,5,7},{7,3,6,5,1,4,8,9,2},{5,4,9,3,7,8,0,0,0},{0,0,0,0,0,0,0,0,0},{0,0,0,0,0,0,0,0,0},{0,0,0,0,0,0,0,0,0},{0,0,0,0,0,0,0,0,0}}
]
13:52:47.838 INFO  [main] SudokuBoard - Warto?? 0 wstawiona nieprawid?owo
13:52:47.838 INFO  [main] SudokuBoard - B?ad w kwadracie 0
sudoku.model.SudokuBoard@671c71e8[
  size=9
  solver=sudoku.model.BacktrackingSudokuSolver@7d5176d6
  board={{4,9,5,7,2,3,6,8,1},{6,7,8,4,5,1,9,2,3},{1,2,3,8,6,9,4,5,7},{7,3,6,5,1,4,8,9,2},{5,4,9,3,7,0,0,0,0},{0,0,0,0,0,0,0,0,0},{0,0,0,0,0,0,0,0,0},{0,0,0,0,0,0,0,0,0},{0,0,0,0,0,0,0,0,0}}
]
13:52:47.838 INFO  [main] SudokuBoard - Warto?? 0 wstawiona nieprawid?owo
13:52:47.838 INFO  [main] SudokuBoard - B?ad w kwadracie 0
sudoku.model.SudokuBoard@671c71e8[
  size=9
  solver=sudoku.model.BacktrackingSudokuSolver@7d5176d6
  board={{4,9,5,7,2,3,6,8,1},{6,7,8,4,5,1,9,2,3},{1,2,3,8,6,9,4,5,7},{7,3,6,5,1,4,8,9,2},{5,4,9,3,7,2,1,0,0},{0,0,0,0,0,0,0,0,0},{0,0,0,0,0,0,0,0,0},{0,0,0,0,0,0,0,0,0},{0,0,0,0,0,0,0,0,0}}
]
13:52:47.838 INFO  [main] SudokuBoard - Warto?? 0 wstawiona nieprawid?owo
13:52:47.838 INFO  [main] SudokuBoard - B?ad w kwadracie 0
sudoku.model.SudokuBoard@671c71e8[
  size=9
  solver=sudoku.model.BacktrackingSudokuSolver@7d5176d6
  board={{4,9,5,7,2,3,6,8,1},{6,7,8,4,5,1,9,2,3},{1,2,3,8,6,9,4,5,7},{7,3,6,5,1,4,8,9,2},{5,4,9,3,7,2,0,0,0},{0,0,0,0,0,0,0,0,0},{0,0,0,0,0,0,0,0,0},{0,0,0,0,0,0,0,0,0},{0,0,0,0,0,0,0,0,0}}
]
13:52:47.839 INFO  [main] SudokuBoard - Warto?? 0 wstawiona nieprawid?owo
13:52:47.839 INFO  [main] SudokuBoard - B?ad w kwadracie 0
sudoku.model.SudokuBoard@671c71e8[
  size=9
  solver=sudoku.model.BacktrackingSudokuSolver@7d5176d6
  board={{4,9,5,7,2,3,6,8,1},{6,7,8,4,5,1,9,2,3},{1,2,3,8,6,9,4,5,7},{7,3,6,5,1,4,8,9,2},{5,4,9,3,7,0,0,0,0},{0,0,0,0,0,0,0,0,0},{0,0,0,0,0,0,0,0,0},{0,0,0,0,0,0,0,0,0},{0,0,0,0,0,0,0,0,0}}
]
13:52:47.839 INFO  [main] SudokuBoard - Warto?? 0 wstawiona nieprawid?owo
13:52:47.839 INFO  [main] SudokuBoard - B?ad w kwadracie 0
sudoku.model.SudokuBoard@671c71e8[
  size=9
  solver=sudoku.model.BacktrackingSudokuSolver@7d5176d6
  board={{4,9,5,7,2,3,6,8,1},{6,7,8,4,5,1,9,2,3},{1,2,3,8,6,9,4,5,7},{7,3,6,5,1,4,8,9,2},{5,4,9,3,0,0,0,0,0},{0,0,0,0,0,0,0,0,0},{0,0,0,0,0,0,0,0,0},{0,0,0,0,0,0,0,0,0},{0,0,0,0,0,0,0,0,0}}
]
13:52:47.839 INFO  [main] SudokuBoard - Warto?? 0 wstawiona nieprawid?owo
13:52:47.839 INFO  [main] SudokuBoard - B?ad w kwadracie 0
sudoku.model.SudokuBoard@671c71e8[
  size=9
  solver=sudoku.model.BacktrackingSudokuSolver@7d5176d6
  board={{4,9,5,7,2,3,6,8,1},{6,7,8,4,5,1,9,2,3},{1,2,3,8,6,9,4,5,7},{7,3,6,5,1,4,8,9,2},{5,4,9,3,8,6,7,0,0},{0,0,0,0,0,0,0,0,0},{0,0,0,0,0,0,0,0,0},{0,0,0,0,0,0,0,0,0},{0,0,0,0,0,0,0,0,0}}
]
13:52:47.839 INFO  [main] SudokuBoard - Warto?? 0 wstawiona nieprawid?owo
13:52:47.840 INFO  [main] SudokuBoard - B?ad w kwadracie 0
sudoku.model.SudokuBoard@671c71e8[
  size=9
  solver=sudoku.model.BacktrackingSudokuSolver@7d5176d6
  board={{4,9,5,7,2,3,6,8,1},{6,7,8,4,5,1,9,2,3},{1,2,3,8,6,9,4,5,7},{7,3,6,5,1,4,8,9,2},{5,4,9,3,8,6,0,0,0},{0,0,0,0,0,0,0,0,0},{0,0,0,0,0,0,0,0,0},{0,0,0,0,0,0,0,0,0},{0,0,0,0,0,0,0,0,0}}
]
13:52:47.840 INFO  [main] SudokuBoard - Warto?? 0 wstawiona nieprawid?owo
13:52:47.840 INFO  [main] SudokuBoard - B?ad w kwadracie 0
sudoku.model.SudokuBoard@671c71e8[
  size=9
  solver=sudoku.model.BacktrackingSudokuSolver@7d5176d6
  board={{4,9,5,7,2,3,6,8,1},{6,7,8,4,5,1,9,2,3},{1,2,3,8,6,9,4,5,7},{7,3,6,5,1,4,8,9,2},{5,4,9,3,8,6,1,0,0},{0,0,0,0,0,0,0,0,0},{0,0,0,0,0,0,0,0,0},{0,0,0,0,0,0,0,0,0},{0,0,0,0,0,0,0,0,0}}
]
13:52:47.840 INFO  [main] SudokuBoard - Warto?? 0 wstawiona nieprawid?owo
13:52:47.840 INFO  [main] SudokuBoard - B?ad w kwadracie 0
sudoku.model.SudokuBoard@671c71e8[
  size=9
  solver=sudoku.model.BacktrackingSudokuSolver@7d5176d6
  board={{4,9,5,7,2,3,6,8,1},{6,7,8,4,5,1,9,2,3},{1,2,3,8,6,9,4,5,7},{7,3,6,5,1,4,8,9,2},{5,4,9,3,8,6,0,0,0},{0,0,0,0,0,0,0,0,0},{0,0,0,0,0,0,0,0,0},{0,0,0,0,0,0,0,0,0},{0,0,0,0,0,0,0,0,0}}
]
13:52:47.840 INFO  [main] SudokuBoard - Warto?? 0 wstawiona nieprawid?owo
13:52:47.841 INFO  [main] SudokuBoard - B?ad w kwadracie 0
sudoku.model.SudokuBoard@671c71e8[
  size=9
  solver=sudoku.model.BacktrackingSudokuSolver@7d5176d6
  board={{4,9,5,7,2,3,6,8,1},{6,7,8,4,5,1,9,2,3},{1,2,3,8,6,9,4,5,7},{7,3,6,5,1,4,8,9,2},{5,4,9,3,8,0,0,0,0},{0,0,0,0,0,0,0,0,0},{0,0,0,0,0,0,0,0,0},{0,0,0,0,0,0,0,0,0},{0,0,0,0,0,0,0,0,0}}
]
13:52:47.841 INFO  [main] SudokuBoard - Warto?? 0 wstawiona nieprawid?owo
13:52:47.841 INFO  [main] SudokuBoard - B?ad w kwadracie 0
sudoku.model.SudokuBoard@671c71e8[
  size=9
  solver=sudoku.model.BacktrackingSudokuSolver@7d5176d6
  board={{4,9,5,7,2,3,6,8,1},{6,7,8,4,5,1,9,2,3},{1,2,3,8,6,9,4,5,7},{7,3,6,5,1,4,8,9,2},{5,4,9,3,8,7,1,0,0},{0,0,0,0,0,0,0,0,0},{0,0,0,0,0,0,0,0,0},{0,0,0,0,0,0,0,0,0},{0,0,0,0,0,0,0,0,0}}
]
13:52:47.841 INFO  [main] SudokuBoard - Warto?? 0 wstawiona nieprawid?owo
13:52:47.841 INFO  [main] SudokuBoard - B?ad w kwadracie 0
sudoku.model.SudokuBoard@671c71e8[
  size=9
  solver=sudoku.model.BacktrackingSudokuSolver@7d5176d6
  board={{4,9,5,7,2,3,6,8,1},{6,7,8,4,5,1,9,2,3},{1,2,3,8,6,9,4,5,7},{7,3,6,5,1,4,8,9,2},{5,4,9,3,8,7,0,0,0},{0,0,0,0,0,0,0,0,0},{0,0,0,0,0,0,0,0,0},{0,0,0,0,0,0,0,0,0},{0,0,0,0,0,0,0,0,0}}
]
13:52:47.841 INFO  [main] SudokuBoard - Warto?? 0 wstawiona nieprawid?owo
13:52:47.841 INFO  [main] SudokuBoard - B?ad w kwadracie 0
sudoku.model.SudokuBoard@671c71e8[
  size=9
  solver=sudoku.model.BacktrackingSudokuSolver@7d5176d6
  board={{4,9,5,7,2,3,6,8,1},{6,7,8,4,5,1,9,2,3},{1,2,3,8,6,9,4,5,7},{7,3,6,5,1,4,8,9,2},{5,4,9,3,8,0,0,0,0},{0,0,0,0,0,0,0,0,0},{0,0,0,0,0,0,0,0,0},{0,0,0,0,0,0,0,0,0},{0,0,0,0,0,0,0,0,0}}
]
13:52:47.841 INFO  [main] SudokuBoard - Warto?? 0 wstawiona nieprawid?owo
13:52:47.841 INFO  [main] SudokuBoard - B?ad w kwadracie 0
sudoku.model.SudokuBoard@671c71e8[
  size=9
  solver=sudoku.model.BacktrackingSudokuSolver@7d5176d6
  board={{4,9,5,7,2,3,6,8,1},{6,7,8,4,5,1,9,2,3},{1,2,3,8,6,9,4,5,7},{7,3,6,5,1,4,8,9,2},{5,4,9,3,8,2,1,0,0},{0,0,0,0,0,0,0,0,0},{0,0,0,0,0,0,0,0,0},{0,0,0,0,0,0,0,0,0},{0,0,0,0,0,0,0,0,0}}
]
13:52:47.842 INFO  [main] SudokuBoard - Warto?? 0 wstawiona nieprawid?owo
13:52:47.842 INFO  [main] SudokuBoard - B?ad w kwadracie 0
sudoku.model.SudokuBoard@671c71e8[
  size=9
  solver=sudoku.model.BacktrackingSudokuSolver@7d5176d6
  board={{4,9,5,7,2,3,6,8,1},{6,7,8,4,5,1,9,2,3},{1,2,3,8,6,9,4,5,7},{7,3,6,5,1,4,8,9,2},{5,4,9,3,8,2,1,7,6},{2,8,1,9,7,6,3,4,5},{3,5,4,1,9,7,2,6,8},{9,6,7,2,3,0,0,0,0},{0,0,0,0,0,0,0,0,0}}
]
13:52:47.842 INFO  [main] SudokuBoard - Warto?? 0 wstawiona nieprawid?owo
13:52:47.842 INFO  [main] SudokuBoard - B?ad w kwadracie 0
sudoku.model.SudokuBoard@671c71e8[
  size=9
  solver=sudoku.model.BacktrackingSudokuSolver@7d5176d6
  board={{4,9,5,7,2,3,6,8,1},{6,4,8,4,5,1,9,2,3},{1,2,3,8,6,9,4,5,7},{7,3,6,5,1,4,8,9,2},{5,4,9,3,8,2,1,7,6},{2,8,1,9,7,6,3,4,5},{3,5,4,1,9,7,2,6,8},{9,6,7,2,3,8,5,1,4},{8,1,2,6,4,5,7,3,9}}
]
13:52:47.842 INFO  [main] SudokuBoard - Warto?? 4 wstawiona nieprawid?owo
13:52:47.843 INFO  [main] SudokuBoard - B?ad w kwadracie 0
sudoku.model.SudokuBoard@31d791c0[
  size=9
  solver=sudoku.model.BacktrackingSudokuSolver@7d5176d6
  board={{4,9,5,7,2,3,6,8,1},{6,4,8,4,5,1,9,2,3},{1,2,3,8,6,9,4,5,7},{7,3,6,5,1,4,8,9,2},{5,4,9,3,8,2,1,7,6},{2,8,1,9,7,6,3,4,5},{3,5,4,1,9,7,2,6,8},{9,6,7,2,3,8,5,1,4},{8,1,2,6,4,5,7,3,9}}
]
]]></system-out>
  </testcase>
  <testcase name="checkCellBox1" classname="sudoku.model.SudokuBoardTest" time="0.053">
    <system-out><![CDATA[13:52:47.848 INFO  [main] SudokuBoard - B?ad w kwadracie 0
sudoku.model.SudokuBoard@623c9988[
  size=9
  solver=sudoku.model.BacktrackingSudokuSolver@66ab3716
  board={{9,1,2,8,3,4,5,6,7},{3,4,5,2,1,6,8,0,0},{0,0,0,0,0,0,0,0,0},{0,0,0,0,0,0,0,0,0},{0,0,0,0,0,0,0,0,0},{0,0,0,0,0,0,0,0,0},{0,0,0,0,0,0,0,0,0},{0,0,0,0,0,0,0,0,0},{0,0,0,0,0,0,0,0,0}}
]
13:52:47.848 INFO  [main] SudokuBoard - Warto?? 0 wstawiona nieprawid?owo
13:52:47.848 INFO  [main] SudokuBoard - B?ad w kwadracie 0
sudoku.model.SudokuBoard@623c9988[
  size=9
  solver=sudoku.model.BacktrackingSudokuSolver@66ab3716
  board={{9,1,2,8,3,4,5,6,7},{3,4,5,2,1,6,0,0,0},{0,0,0,0,0,0,0,0,0},{0,0,0,0,0,0,0,0,0},{0,0,0,0,0,0,0,0,0},{0,0,0,0,0,0,0,0,0},{0,0,0,0,0,0,0,0,0},{0,0,0,0,0,0,0,0,0},{0,0,0,0,0,0,0,0,0}}
]
13:52:47.848 INFO  [main] SudokuBoard - Warto?? 0 wstawiona nieprawid?owo
13:52:47.848 INFO  [main] SudokuBoard - B?ad w kwadracie 0
sudoku.model.SudokuBoard@623c9988[
  size=9
  solver=sudoku.model.BacktrackingSudokuSolver@66ab3716
  board={{9,1,2,8,3,4,5,6,7},{3,4,5,2,1,6,9,0,0},{0,0,0,0,0,0,0,0,0},{0,0,0,0,0,0,0,0,0},{0,0,0,0,0,0,0,0,0},{0,0,0,0,0,0,0,0,0},{0,0,0,0,0,0,0,0,0},{0,0,0,0,0,0,0,0,0},{0,0,0,0,0,0,0,0,0}}
]
13:52:47.848 INFO  [main] SudokuBoard - Warto?? 0 wstawiona nieprawid?owo
13:52:47.848 INFO  [main] SudokuBoard - B?ad w kwadracie 0
sudoku.model.SudokuBoard@623c9988[
  size=9
  solver=sudoku.model.BacktrackingSudokuSolver@66ab3716
  board={{9,1,2,8,3,4,5,6,7},{3,4,5,2,1,6,0,0,0},{0,0,0,0,0,0,0,0,0},{0,0,0,0,0,0,0,0,0},{0,0,0,0,0,0,0,0,0},{0,0,0,0,0,0,0,0,0},{0,0,0,0,0,0,0,0,0},{0,0,0,0,0,0,0,0,0},{0,0,0,0,0,0,0,0,0}}
]
13:52:47.848 INFO  [main] SudokuBoard - Warto?? 0 wstawiona nieprawid?owo
13:52:47.848 INFO  [main] SudokuBoard - B?ad w kwadracie 0
sudoku.model.SudokuBoard@623c9988[
  size=9
  solver=sudoku.model.BacktrackingSudokuSolver@66ab3716
  board={{9,1,2,8,3,4,5,6,7},{3,4,5,2,1,0,0,0,0},{0,0,0,0,0,0,0,0,0},{0,0,0,0,0,0,0,0,0},{0,0,0,0,0,0,0,0,0},{0,0,0,0,0,0,0,0,0},{0,0,0,0,0,0,0,0,0},{0,0,0,0,0,0,0,0,0},{0,0,0,0,0,0,0,0,0}}
]
13:52:47.849 INFO  [main] SudokuBoard - Warto?? 0 wstawiona nieprawid?owo
13:52:47.849 INFO  [main] SudokuBoard - B?ad w kwadracie 0
sudoku.model.SudokuBoard@623c9988[
  size=9
  solver=sudoku.model.BacktrackingSudokuSolver@66ab3716
  board={{9,1,2,8,3,4,5,6,7},{3,4,5,2,1,7,8,0,0},{0,0,0,0,0,0,0,0,0},{0,0,0,0,0,0,0,0,0},{0,0,0,0,0,0,0,0,0},{0,0,0,0,0,0,0,0,0},{0,0,0,0,0,0,0,0,0},{0,0,0,0,0,0,0,0,0},{0,0,0,0,0,0,0,0,0}}
]
13:52:47.849 INFO  [main] SudokuBoard - Warto?? 0 wstawiona nieprawid?owo
13:52:47.849 INFO  [main] SudokuBoard - B?ad w kwadracie 0
sudoku.model.SudokuBoard@623c9988[
  size=9
  solver=sudoku.model.BacktrackingSudokuSolver@66ab3716
  board={{9,1,2,8,3,4,5,6,7},{3,4,5,2,1,7,0,0,0},{0,0,0,0,0,0,0,0,0},{0,0,0,0,0,0,0,0,0},{0,0,0,0,0,0,0,0,0},{0,0,0,0,0,0,0,0,0},{0,0,0,0,0,0,0,0,0},{0,0,0,0,0,0,0,0,0},{0,0,0,0,0,0,0,0,0}}
]
13:52:47.849 INFO  [main] SudokuBoard - Warto?? 0 wstawiona nieprawid?owo
13:52:47.849 INFO  [main] SudokuBoard - B?ad w kwadracie 0
sudoku.model.SudokuBoard@623c9988[
  size=9
  solver=sudoku.model.BacktrackingSudokuSolver@66ab3716
  board={{9,1,2,8,3,4,5,6,7},{3,4,5,2,1,7,9,0,0},{0,0,0,0,0,0,0,0,0},{0,0,0,0,0,0,0,0,0},{0,0,0,0,0,0,0,0,0},{0,0,0,0,0,0,0,0,0},{0,0,0,0,0,0,0,0,0},{0,0,0,0,0,0,0,0,0},{0,0,0,0,0,0,0,0,0}}
]
13:52:47.849 INFO  [main] SudokuBoard - Warto?? 0 wstawiona nieprawid?owo
13:52:47.849 INFO  [main] SudokuBoard - B?ad w kwadracie 0
sudoku.model.SudokuBoard@623c9988[
  size=9
  solver=sudoku.model.BacktrackingSudokuSolver@66ab3716
  board={{9,1,2,8,3,4,5,6,7},{3,4,5,2,1,7,0,0,0},{0,0,0,0,0,0,0,0,0},{0,0,0,0,0,0,0,0,0},{0,0,0,0,0,0,0,0,0},{0,0,0,0,0,0,0,0,0},{0,0,0,0,0,0,0,0,0},{0,0,0,0,0,0,0,0,0},{0,0,0,0,0,0,0,0,0}}
]
13:52:47.849 INFO  [main] SudokuBoard - Warto?? 0 wstawiona nieprawid?owo
13:52:47.849 INFO  [main] SudokuBoard - B?ad w kwadracie 0
sudoku.model.SudokuBoard@623c9988[
  size=9
  solver=sudoku.model.BacktrackingSudokuSolver@66ab3716
  board={{9,1,2,8,3,4,5,6,7},{3,4,5,2,1,0,0,0,0},{0,0,0,0,0,0,0,0,0},{0,0,0,0,0,0,0,0,0},{0,0,0,0,0,0,0,0,0},{0,0,0,0,0,0,0,0,0},{0,0,0,0,0,0,0,0,0},{0,0,0,0,0,0,0,0,0},{0,0,0,0,0,0,0,0,0}}
]
13:52:47.849 INFO  [main] SudokuBoard - Warto?? 0 wstawiona nieprawid?owo
13:52:47.849 INFO  [main] SudokuBoard - B?ad w kwadracie 0
sudoku.model.SudokuBoard@623c9988[
  size=9
  solver=sudoku.model.BacktrackingSudokuSolver@66ab3716
  board={{9,1,2,8,3,4,5,6,7},{3,4,5,2,1,9,0,0,0},{0,0,0,0,0,0,0,0,0},{0,0,0,0,0,0,0,0,0},{0,0,0,0,0,0,0,0,0},{0,0,0,0,0,0,0,0,0},{0,0,0,0,0,0,0,0,0},{0,0,0,0,0,0,0,0,0},{0,0,0,0,0,0,0,0,0}}
]
13:52:47.849 INFO  [main] SudokuBoard - Warto?? 0 wstawiona nieprawid?owo
13:52:47.850 INFO  [main] SudokuBoard - B?ad w kwadracie 0
sudoku.model.SudokuBoard@623c9988[
  size=9
  solver=sudoku.model.BacktrackingSudokuSolver@66ab3716
  board={{9,1,2,8,3,4,5,6,7},{3,4,5,2,1,0,0,0,0},{0,0,0,0,0,0,0,0,0},{0,0,0,0,0,0,0,0,0},{0,0,0,0,0,0,0,0,0},{0,0,0,0,0,0,0,0,0},{0,0,0,0,0,0,0,0,0},{0,0,0,0,0,0,0,0,0},{0,0,0,0,0,0,0,0,0}}
]
13:52:47.850 INFO  [main] SudokuBoard - Warto?? 0 wstawiona nieprawid?owo
13:52:47.850 INFO  [main] SudokuBoard - B?ad w kwadracie 0
sudoku.model.SudokuBoard@623c9988[
  size=9
  solver=sudoku.model.BacktrackingSudokuSolver@66ab3716
  board={{9,1,2,8,3,4,5,6,7},{3,4,5,2,0,0,0,0,0},{0,0,0,0,0,0,0,0,0},{0,0,0,0,0,0,0,0,0},{0,0,0,0,0,0,0,0,0},{0,0,0,0,0,0,0,0,0},{0,0,0,0,0,0,0,0,0},{0,0,0,0,0,0,0,0,0},{0,0,0,0,0,0,0,0,0}}
]
13:52:47.850 INFO  [main] SudokuBoard - Warto?? 0 wstawiona nieprawid?owo
13:52:47.850 INFO  [main] SudokuBoard - B?ad w kwadracie 0
sudoku.model.SudokuBoard@623c9988[
  size=9
  solver=sudoku.model.BacktrackingSudokuSolver@66ab3716
  board={{9,1,2,8,3,4,5,6,7},{3,4,5,2,6,7,8,9,1},{6,7,8,9,1,5,2,3,4},{4,8,6,3,2,9,7,1,5},{1,3,9,6,7,8,4,0,0},{0,0,0,0,0,0,0,0,0},{0,0,0,0,0,0,0,0,0},{0,0,0,0,0,0,0,0,0},{0,0,0,0,0,0,0,0,0}}
]
13:52:47.850 INFO  [main] SudokuBoard - Warto?? 0 wstawiona nieprawid?owo
13:52:47.850 INFO  [main] SudokuBoard - B?ad w kwadracie 0
sudoku.model.SudokuBoard@623c9988[
  size=9
  solver=sudoku.model.BacktrackingSudokuSolver@66ab3716
  board={{9,1,2,8,3,4,5,6,7},{3,4,5,2,6,7,8,9,1},{6,7,8,9,1,5,2,3,4},{4,8,6,3,2,9,7,1,5},{1,3,9,6,7,8,0,0,0},{0,0,0,0,0,0,0,0,0},{0,0,0,0,0,0,0,0,0},{0,0,0,0,0,0,0,0,0},{0,0,0,0,0,0,0,0,0}}
]
13:52:47.850 INFO  [main] SudokuBoard - Warto?? 0 wstawiona nieprawid?owo
13:52:47.850 INFO  [main] SudokuBoard - B?ad w kwadracie 0
sudoku.model.SudokuBoard@623c9988[
  size=9
  solver=sudoku.model.BacktrackingSudokuSolver@66ab3716
  board={{9,1,2,8,3,4,5,6,7},{3,4,5,2,6,7,8,9,1},{6,7,8,9,1,5,2,3,4},{4,8,6,3,2,9,7,1,5},{1,3,9,6,7,0,0,0,0},{0,0,0,0,0,0,0,0,0},{0,0,0,0,0,0,0,0,0},{0,0,0,0,0,0,0,0,0},{0,0,0,0,0,0,0,0,0}}
]
13:52:47.850 INFO  [main] SudokuBoard - Warto?? 0 wstawiona nieprawid?owo
13:52:47.850 INFO  [main] SudokuBoard - B?ad w kwadracie 0
sudoku.model.SudokuBoard@623c9988[
  size=9
  solver=sudoku.model.BacktrackingSudokuSolver@66ab3716
  board={{9,1,2,8,3,4,5,6,7},{3,4,5,2,6,7,8,9,1},{6,7,8,9,1,5,2,3,4},{4,8,6,3,2,9,7,1,5},{1,3,9,6,0,0,0,0,0},{0,0,0,0,0,0,0,0,0},{0,0,0,0,0,0,0,0,0},{0,0,0,0,0,0,0,0,0},{0,0,0,0,0,0,0,0,0}}
]
13:52:47.850 INFO  [main] SudokuBoard - Warto?? 0 wstawiona nieprawid?owo
13:52:47.850 INFO  [main] SudokuBoard - B?ad w kwadracie 0
sudoku.model.SudokuBoard@623c9988[
  size=9
  solver=sudoku.model.BacktrackingSudokuSolver@66ab3716
  board={{9,1,2,8,3,4,5,6,7},{3,4,5,2,6,7,8,9,1},{6,7,8,9,1,5,2,3,4},{4,8,6,3,2,9,7,1,5},{1,3,9,6,0,0,0,0,0},{0,0,0,0,0,0,0,0,0},{0,0,0,0,0,0,0,0,0},{0,0,0,0,0,0,0,0,0},{0,0,0,0,0,0,0,0,0}}
]
13:52:47.851 INFO  [main] SudokuBoard - Warto?? 0 wstawiona nieprawid?owo
13:52:47.851 INFO  [main] SudokuBoard - B?ad w kwadracie 0
sudoku.model.SudokuBoard@623c9988[
  size=9
  solver=sudoku.model.BacktrackingSudokuSolver@66ab3716
  board={{9,1,2,8,3,4,5,6,7},{3,4,5,2,6,7,8,9,1},{6,7,8,9,1,5,2,3,4},{4,8,6,3,2,9,7,1,5},{1,3,9,6,4,0,0,0,0},{0,0,0,0,0,0,0,0,0},{0,0,0,0,0,0,0,0,0},{0,0,0,0,0,0,0,0,0},{0,0,0,0,0,0,0,0,0}}
]
13:52:47.851 INFO  [main] SudokuBoard - Warto?? 0 wstawiona nieprawid?owo
13:52:47.851 INFO  [main] SudokuBoard - B?ad w kwadracie 0
sudoku.model.SudokuBoard@623c9988[
  size=9
  solver=sudoku.model.BacktrackingSudokuSolver@66ab3716
  board={{9,1,2,8,3,4,5,6,7},{3,4,5,2,6,7,8,9,1},{6,7,8,9,1,5,2,3,4},{4,8,6,3,2,9,7,1,5},{1,3,9,6,0,0,0,0,0},{0,0,0,0,0,0,0,0,0},{0,0,0,0,0,0,0,0,0},{0,0,0,0,0,0,0,0,0},{0,0,0,0,0,0,0,0,0}}
]
13:52:47.851 INFO  [main] SudokuBoard - Warto?? 0 wstawiona nieprawid?owo
13:52:47.851 INFO  [main] SudokuBoard - B?ad w kwadracie 0
sudoku.model.SudokuBoard@623c9988[
  size=9
  solver=sudoku.model.BacktrackingSudokuSolver@66ab3716
  board={{9,1,2,8,3,4,5,6,7},{3,4,5,2,6,7,8,9,1},{6,7,8,9,1,5,2,3,4},{4,8,6,3,2,9,7,1,5},{1,3,9,6,5,8,4,0,0},{0,0,0,0,0,0,0,0,0},{0,0,0,0,0,0,0,0,0},{0,0,0,0,0,0,0,0,0},{0,0,0,0,0,0,0,0,0}}
]
13:52:47.851 INFO  [main] SudokuBoard - Warto?? 0 wstawiona nieprawid?owo
13:52:47.851 INFO  [main] SudokuBoard - B?ad w kwadracie 0
sudoku.model.SudokuBoard@623c9988[
  size=9
  solver=sudoku.model.BacktrackingSudokuSolver@66ab3716
  board={{9,1,2,8,3,4,5,6,7},{3,4,5,2,6,7,8,9,1},{6,7,8,9,1,5,2,3,4},{4,8,6,3,2,9,7,1,5},{1,3,9,6,5,8,0,0,0},{0,0,0,0,0,0,0,0,0},{0,0,0,0,0,0,0,0,0},{0,0,0,0,0,0,0,0,0},{0,0,0,0,0,0,0,0,0}}
]
13:52:47.851 INFO  [main] SudokuBoard - Warto?? 0 wstawiona nieprawid?owo
13:52:47.851 INFO  [main] SudokuBoard - B?ad w kwadracie 0
sudoku.model.SudokuBoard@623c9988[
  size=9
  solver=sudoku.model.BacktrackingSudokuSolver@66ab3716
  board={{9,1,2,8,3,4,5,6,7},{3,4,5,2,6,7,8,9,1},{6,7,8,9,1,5,2,3,4},{4,8,6,3,2,9,7,1,5},{1,3,9,6,5,0,0,0,0},{0,0,0,0,0,0,0,0,0},{0,0,0,0,0,0,0,0,0},{0,0,0,0,0,0,0,0,0},{0,0,0,0,0,0,0,0,0}}
]
13:52:47.851 INFO  [main] SudokuBoard - Warto?? 0 wstawiona nieprawid?owo
13:52:47.851 INFO  [main] SudokuBoard - B?ad w kwadracie 0
sudoku.model.SudokuBoard@623c9988[
  size=9
  solver=sudoku.model.BacktrackingSudokuSolver@66ab3716
  board={{9,1,2,8,3,4,5,6,7},{3,4,5,2,6,7,8,9,1},{6,7,8,9,1,5,2,3,4},{4,8,6,3,2,9,7,1,5},{1,3,9,6,0,0,0,0,0},{0,0,0,0,0,0,0,0,0},{0,0,0,0,0,0,0,0,0},{0,0,0,0,0,0,0,0,0},{0,0,0,0,0,0,0,0,0}}
]
13:52:47.852 INFO  [main] SudokuBoard - Warto?? 0 wstawiona nieprawid?owo
13:52:47.852 INFO  [main] SudokuBoard - B?ad w kwadracie 0
sudoku.model.SudokuBoard@623c9988[
  size=9
  solver=sudoku.model.BacktrackingSudokuSolver@66ab3716
  board={{9,1,2,8,3,4,5,6,7},{3,4,5,2,6,7,8,9,1},{6,7,8,9,1,5,2,3,4},{4,8,6,3,2,9,7,1,5},{1,3,9,0,0,0,0,0,0},{0,0,0,0,0,0,0,0,0},{0,0,0,0,0,0,0,0,0},{0,0,0,0,0,0,0,0,0},{0,0,0,0,0,0,0,0,0}}
]
13:52:47.852 INFO  [main] SudokuBoard - Warto?? 0 wstawiona nieprawid?owo
13:52:47.852 INFO  [main] SudokuBoard - B?ad w kwadracie 0
sudoku.model.SudokuBoard@623c9988[
  size=9
  solver=sudoku.model.BacktrackingSudokuSolver@66ab3716
  board={{9,1,2,8,3,4,5,6,7},{3,4,5,2,6,7,8,9,1},{6,7,8,9,1,5,2,3,4},{4,8,6,3,2,9,7,1,5},{1,3,9,7,8,6,4,0,0},{0,0,0,0,0,0,0,0,0},{0,0,0,0,0,0,0,0,0},{0,0,0,0,0,0,0,0,0},{0,0,0,0,0,0,0,0,0}}
]
13:52:47.852 INFO  [main] SudokuBoard - Warto?? 0 wstawiona nieprawid?owo
13:52:47.852 INFO  [main] SudokuBoard - B?ad w kwadracie 0
sudoku.model.SudokuBoard@623c9988[
  size=9
  solver=sudoku.model.BacktrackingSudokuSolver@66ab3716
  board={{9,1,2,8,3,4,5,6,7},{3,4,5,2,6,7,8,9,1},{6,7,8,9,1,5,2,3,4},{4,8,6,3,2,9,7,1,5},{1,3,9,7,8,6,0,0,0},{0,0,0,0,0,0,0,0,0},{0,0,0,0,0,0,0,0,0},{0,0,0,0,0,0,0,0,0},{0,0,0,0,0,0,0,0,0}}
]
13:52:47.852 INFO  [main] SudokuBoard - Warto?? 0 wstawiona nieprawid?owo
13:52:47.852 INFO  [main] SudokuBoard - B?ad w kwadracie 0
sudoku.model.SudokuBoard@623c9988[
  size=9
  solver=sudoku.model.BacktrackingSudokuSolver@66ab3716
  board={{9,1,2,8,3,4,5,6,7},{3,4,5,2,6,7,8,9,1},{6,7,8,9,1,5,2,3,4},{4,8,6,3,2,9,7,1,5},{1,3,9,7,8,0,0,0,0},{0,0,0,0,0,0,0,0,0},{0,0,0,0,0,0,0,0,0},{0,0,0,0,0,0,0,0,0},{0,0,0,0,0,0,0,0,0}}
]
13:52:47.852 INFO  [main] SudokuBoard - Warto?? 0 wstawiona nieprawid?owo
13:52:47.852 INFO  [main] SudokuBoard - B?ad w kwadracie 0
sudoku.model.SudokuBoard@623c9988[
  size=9
  solver=sudoku.model.BacktrackingSudokuSolver@66ab3716
  board={{9,1,2,8,3,4,5,6,7},{3,4,5,2,6,7,8,9,1},{6,7,8,9,1,5,2,3,4},{4,8,6,3,2,9,7,1,5},{1,3,9,7,0,0,0,0,0},{0,0,0,0,0,0,0,0,0},{0,0,0,0,0,0,0,0,0},{0,0,0,0,0,0,0,0,0},{0,0,0,0,0,0,0,0,0}}
]
13:52:47.852 INFO  [main] SudokuBoard - Warto?? 0 wstawiona nieprawid?owo
13:52:47.852 INFO  [main] SudokuBoard - B?ad w kwadracie 0
sudoku.model.SudokuBoard@623c9988[
  size=9
  solver=sudoku.model.BacktrackingSudokuSolver@66ab3716
  board={{9,1,2,8,3,4,5,6,7},{3,4,5,2,6,7,8,9,1},{6,7,8,9,1,5,2,3,4},{4,8,6,3,2,9,7,1,5},{1,3,9,7,4,0,0,0,0},{0,0,0,0,0,0,0,0,0},{0,0,0,0,0,0,0,0,0},{0,0,0,0,0,0,0,0,0},{0,0,0,0,0,0,0,0,0}}
]
13:52:47.852 INFO  [main] SudokuBoard - Warto?? 0 wstawiona nieprawid?owo
13:52:47.853 INFO  [main] SudokuBoard - B?ad w kwadracie 0
sudoku.model.SudokuBoard@623c9988[
  size=9
  solver=sudoku.model.BacktrackingSudokuSolver@66ab3716
  board={{9,1,2,8,3,4,5,6,7},{3,4,5,2,6,7,8,9,1},{6,7,8,9,1,5,2,3,4},{4,8,6,3,2,9,7,1,5},{1,3,9,7,4,8,6,0,0},{0,0,0,0,0,0,0,0,0},{0,0,0,0,0,0,0,0,0},{0,0,0,0,0,0,0,0,0},{0,0,0,0,0,0,0,0,0}}
]
13:52:47.853 INFO  [main] SudokuBoard - Warto?? 0 wstawiona nieprawid?owo
13:52:47.853 INFO  [main] SudokuBoard - B?ad w kwadracie 0
sudoku.model.SudokuBoard@623c9988[
  size=9
  solver=sudoku.model.BacktrackingSudokuSolver@66ab3716
  board={{9,1,2,8,3,4,5,6,7},{3,4,5,2,6,7,8,9,1},{6,7,8,9,1,5,2,3,4},{4,8,6,3,2,9,7,1,5},{1,3,9,7,4,8,0,0,0},{0,0,0,0,0,0,0,0,0},{0,0,0,0,0,0,0,0,0},{0,0,0,0,0,0,0,0,0},{0,0,0,0,0,0,0,0,0}}
]
13:52:47.853 INFO  [main] SudokuBoard - Warto?? 0 wstawiona nieprawid?owo
13:52:47.853 INFO  [main] SudokuBoard - B?ad w kwadracie 0
sudoku.model.SudokuBoard@623c9988[
  size=9
  solver=sudoku.model.BacktrackingSudokuSolver@66ab3716
  board={{9,1,2,8,3,4,5,6,7},{3,4,5,2,6,7,8,9,1},{6,7,8,9,1,5,2,3,4},{4,8,6,3,2,9,7,1,5},{1,3,9,7,4,0,0,0,0},{0,0,0,0,0,0,0,0,0},{0,0,0,0,0,0,0,0,0},{0,0,0,0,0,0,0,0,0},{0,0,0,0,0,0,0,0,0}}
]
13:52:47.853 INFO  [main] SudokuBoard - Warto?? 0 wstawiona nieprawid?owo
13:52:47.853 INFO  [main] SudokuBoard - B?ad w kwadracie 0
sudoku.model.SudokuBoard@623c9988[
  size=9
  solver=sudoku.model.BacktrackingSudokuSolver@66ab3716
  board={{9,1,2,8,3,4,5,6,7},{3,4,5,2,6,7,8,9,1},{6,7,8,9,1,5,2,3,4},{4,8,6,3,2,9,7,1,5},{1,3,9,7,0,0,0,0,0},{0,0,0,0,0,0,0,0,0},{0,0,0,0,0,0,0,0,0},{0,0,0,0,0,0,0,0,0},{0,0,0,0,0,0,0,0,0}}
]
13:52:47.853 INFO  [main] SudokuBoard - Warto?? 0 wstawiona nieprawid?owo
13:52:47.853 INFO  [main] SudokuBoard - B?ad w kwadracie 0
sudoku.model.SudokuBoard@623c9988[
  size=9
  solver=sudoku.model.BacktrackingSudokuSolver@66ab3716
  board={{9,1,2,8,3,4,5,6,7},{3,4,5,2,6,7,8,9,1},{6,7,8,9,1,5,2,3,4},{4,8,6,3,2,9,7,1,5},{1,3,9,7,5,6,4,8,2},{5,2,7,1,0,0,0,0,0},{0,0,0,0,0,0,0,0,0},{0,0,0,0,0,0,0,0,0},{0,0,0,0,0,0,0,0,0}}
]
13:52:47.853 INFO  [main] SudokuBoard - Warto?? 0 wstawiona nieprawid?owo
13:52:47.854 INFO  [main] SudokuBoard - B?ad w kwadracie 0
sudoku.model.SudokuBoard@623c9988[
  size=9
  solver=sudoku.model.BacktrackingSudokuSolver@66ab3716
  board={{9,1,2,8,3,4,5,6,7},{3,4,5,2,6,7,8,9,1},{6,7,8,9,1,5,2,3,4},{4,8,6,3,2,9,7,1,5},{1,3,9,7,5,6,4,8,2},{5,2,7,1,4,8,0,0,0},{0,0,0,0,0,0,0,0,0},{0,0,0,0,0,0,0,0,0},{0,0,0,0,0,0,0,0,0}}
]
13:52:47.854 INFO  [main] SudokuBoard - Warto?? 0 wstawiona nieprawid?owo
13:52:47.854 INFO  [main] SudokuBoard - B?ad w kwadracie 0
sudoku.model.SudokuBoard@623c9988[
  size=9
  solver=sudoku.model.BacktrackingSudokuSolver@66ab3716
  board={{9,1,2,8,3,4,5,6,7},{3,4,5,2,6,7,8,9,1},{6,7,8,9,1,5,2,3,4},{4,8,6,3,2,9,7,1,5},{1,3,9,7,5,6,4,8,2},{5,2,7,1,4,8,0,0,0},{0,0,0,0,0,0,0,0,0},{0,0,0,0,0,0,0,0,0},{0,0,0,0,0,0,0,0,0}}
]
13:52:47.854 INFO  [main] SudokuBoard - Warto?? 0 wstawiona nieprawid?owo
13:52:47.854 INFO  [main] SudokuBoard - B?ad w kwadracie 0
sudoku.model.SudokuBoard@623c9988[
  size=9
  solver=sudoku.model.BacktrackingSudokuSolver@66ab3716
  board={{9,1,2,8,3,4,5,6,7},{3,4,5,2,6,7,8,9,1},{6,7,8,9,1,5,2,3,4},{4,8,6,3,2,9,7,1,5},{1,3,9,7,5,6,4,8,2},{5,2,7,1,4,8,0,0,0},{0,0,0,0,0,0,0,0,0},{0,0,0,0,0,0,0,0,0},{0,0,0,0,0,0,0,0,0}}
]
13:52:47.854 INFO  [main] SudokuBoard - Warto?? 0 wstawiona nieprawid?owo
13:52:47.854 INFO  [main] SudokuBoard - B?ad w kwadracie 0
sudoku.model.SudokuBoard@623c9988[
  size=9
  solver=sudoku.model.BacktrackingSudokuSolver@66ab3716
  board={{9,1,2,8,3,4,5,6,7},{3,4,5,2,6,7,8,9,1},{6,7,8,9,1,5,2,3,4},{4,8,6,3,2,9,7,1,5},{1,3,9,7,5,6,4,8,2},{5,2,7,1,4,0,0,0,0},{0,0,0,0,0,0,0,0,0},{0,0,0,0,0,0,0,0,0},{0,0,0,0,0,0,0,0,0}}
]
13:52:47.854 INFO  [main] SudokuBoard - Warto?? 0 wstawiona nieprawid?owo
13:52:47.854 INFO  [main] SudokuBoard - B?ad w kwadracie 0
sudoku.model.SudokuBoard@623c9988[
  size=9
  solver=sudoku.model.BacktrackingSudokuSolver@66ab3716
  board={{9,1,2,8,3,4,5,6,7},{3,4,5,2,6,7,8,9,1},{6,7,8,9,1,5,2,3,4},{4,8,6,3,2,9,7,1,5},{1,3,9,7,5,6,4,8,2},{5,2,7,1,0,0,0,0,0},{0,0,0,0,0,0,0,0,0},{0,0,0,0,0,0,0,0,0},{0,0,0,0,0,0,0,0,0}}
]
13:52:47.855 INFO  [main] SudokuBoard - Warto?? 0 wstawiona nieprawid?owo
13:52:47.855 INFO  [main] SudokuBoard - B?ad w kwadracie 0
sudoku.model.SudokuBoard@623c9988[
  size=9
  solver=sudoku.model.BacktrackingSudokuSolver@66ab3716
  board={{9,1,2,8,3,4,5,6,7},{3,4,5,2,6,7,8,9,1},{6,7,8,9,1,5,2,3,4},{4,8,6,3,2,9,7,1,5},{1,3,9,7,5,6,4,8,2},{5,2,7,0,0,0,0,0,0},{0,0,0,0,0,0,0,0,0},{0,0,0,0,0,0,0,0,0},{0,0,0,0,0,0,0,0,0}}
]
13:52:47.855 INFO  [main] SudokuBoard - Warto?? 0 wstawiona nieprawid?owo
13:52:47.855 INFO  [main] SudokuBoard - B?ad w kwadracie 0
sudoku.model.SudokuBoard@623c9988[
  size=9
  solver=sudoku.model.BacktrackingSudokuSolver@66ab3716
  board={{9,1,2,8,3,4,5,6,7},{3,4,5,2,6,7,8,9,1},{6,7,8,9,1,5,2,3,4},{4,8,6,3,2,9,7,1,5},{1,3,9,7,5,6,4,8,2},{5,2,7,4,8,1,0,0,0},{0,0,0,0,0,0,0,0,0},{0,0,0,0,0,0,0,0,0},{0,0,0,0,0,0,0,0,0}}
]
13:52:47.855 INFO  [main] SudokuBoard - Warto?? 0 wstawiona nieprawid?owo
13:52:47.855 INFO  [main] SudokuBoard - B?ad w kwadracie 0
sudoku.model.SudokuBoard@623c9988[
  size=9
  solver=sudoku.model.BacktrackingSudokuSolver@66ab3716
  board={{9,1,2,8,3,4,5,6,7},{3,4,5,2,6,7,8,9,1},{6,7,8,9,1,5,2,3,4},{4,8,6,3,2,9,7,1,5},{1,3,9,7,5,6,4,8,2},{5,2,7,4,8,1,0,0,0},{0,0,0,0,0,0,0,0,0},{0,0,0,0,0,0,0,0,0},{0,0,0,0,0,0,0,0,0}}
]
13:52:47.855 INFO  [main] SudokuBoard - Warto?? 0 wstawiona nieprawid?owo
13:52:47.855 INFO  [main] SudokuBoard - B?ad w kwadracie 0
sudoku.model.SudokuBoard@623c9988[
  size=9
  solver=sudoku.model.BacktrackingSudokuSolver@66ab3716
  board={{9,1,2,8,3,4,5,6,7},{3,4,5,2,6,7,8,9,1},{6,7,8,9,1,5,2,3,4},{4,8,6,3,2,9,7,1,5},{1,3,9,7,5,6,4,8,2},{5,2,7,4,8,1,0,0,0},{0,0,0,0,0,0,0,0,0},{0,0,0,0,0,0,0,0,0},{0,0,0,0,0,0,0,0,0}}
]
13:52:47.855 INFO  [main] SudokuBoard - Warto?? 0 wstawiona nieprawid?owo
13:52:47.855 INFO  [main] SudokuBoard - B?ad w kwadracie 0
sudoku.model.SudokuBoard@623c9988[
  size=9
  solver=sudoku.model.BacktrackingSudokuSolver@66ab3716
  board={{9,1,2,8,3,4,5,6,7},{3,4,5,2,6,7,8,9,1},{6,7,8,9,1,5,2,3,4},{4,8,6,3,2,9,7,1,5},{1,3,9,7,5,6,4,8,2},{5,2,7,4,8,0,0,0,0},{0,0,0,0,0,0,0,0,0},{0,0,0,0,0,0,0,0,0},{0,0,0,0,0,0,0,0,0}}
]
13:52:47.855 INFO  [main] SudokuBoard - Warto?? 0 wstawiona nieprawid?owo
13:52:47.855 INFO  [main] SudokuBoard - B?ad w kwadracie 0
sudoku.model.SudokuBoard@623c9988[
  size=9
  solver=sudoku.model.BacktrackingSudokuSolver@66ab3716
  board={{9,1,2,8,3,4,5,6,7},{3,4,5,2,6,7,8,9,1},{6,7,8,9,1,5,2,3,4},{4,8,6,3,2,9,7,1,5},{1,3,9,7,5,6,4,8,2},{5,2,7,4,0,0,0,0,0},{0,0,0,0,0,0,0,0,0},{0,0,0,0,0,0,0,0,0},{0,0,0,0,0,0,0,0,0}}
]
13:52:47.856 INFO  [main] SudokuBoard - Warto?? 0 wstawiona nieprawid?owo
13:52:47.856 INFO  [main] SudokuBoard - B?ad w kwadracie 0
sudoku.model.SudokuBoard@623c9988[
  size=9
  solver=sudoku.model.BacktrackingSudokuSolver@66ab3716
  board={{9,1,2,8,3,4,5,6,7},{3,4,5,2,6,7,8,9,1},{6,7,8,9,1,5,2,3,4},{4,8,6,3,2,9,7,1,5},{1,3,9,7,5,6,4,8,2},{5,2,7,0,0,0,0,0,0},{0,0,0,0,0,0,0,0,0},{0,0,0,0,0,0,0,0,0},{0,0,0,0,0,0,0,0,0}}
]
13:52:47.856 INFO  [main] SudokuBoard - Warto?? 0 wstawiona nieprawid?owo
13:52:47.856 INFO  [main] SudokuBoard - B?ad w kwadracie 0
sudoku.model.SudokuBoard@623c9988[
  size=9
  solver=sudoku.model.BacktrackingSudokuSolver@66ab3716
  board={{9,1,2,8,3,4,5,6,7},{3,4,5,2,6,7,8,9,1},{6,7,8,9,1,5,2,3,4},{4,8,6,3,2,9,7,1,5},{1,3,9,7,5,6,4,8,2},{5,2,0,0,0,0,0,0,0},{0,0,0,0,0,0,0,0,0},{0,0,0,0,0,0,0,0,0},{0,0,0,0,0,0,0,0,0}}
]
13:52:47.856 INFO  [main] SudokuBoard - Warto?? 0 wstawiona nieprawid?owo
13:52:47.856 INFO  [main] SudokuBoard - B?ad w kwadracie 0
sudoku.model.SudokuBoard@623c9988[
  size=9
  solver=sudoku.model.BacktrackingSudokuSolver@66ab3716
  board={{9,1,2,8,3,4,5,6,7},{3,4,5,2,6,7,8,9,1},{6,7,8,9,1,5,2,3,4},{4,8,6,3,2,9,7,1,5},{1,3,9,7,5,6,4,8,2},{5,0,0,0,0,0,0,0,0},{0,0,0,0,0,0,0,0,0},{0,0,0,0,0,0,0,0,0},{0,0,0,0,0,0,0,0,0}}
]
13:52:47.856 INFO  [main] SudokuBoard - Warto?? 0 wstawiona nieprawid?owo
13:52:47.856 INFO  [main] SudokuBoard - B?ad w kwadracie 0
sudoku.model.SudokuBoard@623c9988[
  size=9
  solver=sudoku.model.BacktrackingSudokuSolver@66ab3716
  board={{9,1,2,8,3,4,5,6,7},{3,4,5,2,6,7,8,9,1},{6,7,8,9,1,5,2,3,4},{4,8,6,3,2,9,7,1,5},{1,3,9,7,5,6,4,8,2},{0,0,0,0,0,0,0,0,0},{0,0,0,0,0,0,0,0,0},{0,0,0,0,0,0,0,0,0},{0,0,0,0,0,0,0,0,0}}
]
13:52:47.856 INFO  [main] SudokuBoard - Warto?? 0 wstawiona nieprawid?owo
13:52:47.856 INFO  [main] SudokuBoard - B?ad w kwadracie 0
sudoku.model.SudokuBoard@623c9988[
  size=9
  solver=sudoku.model.BacktrackingSudokuSolver@66ab3716
  board={{9,1,2,8,3,4,5,6,7},{3,4,5,2,6,7,8,9,1},{6,7,8,9,1,5,2,3,4},{4,8,6,3,2,9,7,1,5},{1,3,9,7,5,6,4,8,2},{7,0,0,0,0,0,0,0,0},{0,0,0,0,0,0,0,0,0},{0,0,0,0,0,0,0,0,0},{0,0,0,0,0,0,0,0,0}}
]
13:52:47.856 INFO  [main] SudokuBoard - Warto?? 0 wstawiona nieprawid?owo
13:52:47.856 INFO  [main] SudokuBoard - B?ad w kwadracie 0
sudoku.model.SudokuBoard@623c9988[
  size=9
  solver=sudoku.model.BacktrackingSudokuSolver@66ab3716
  board={{9,1,2,8,3,4,5,6,7},{3,4,5,2,6,7,8,9,1},{6,7,8,9,1,5,2,3,4},{4,8,6,3,2,9,7,1,5},{1,3,9,7,5,6,4,8,2},{7,0,0,0,0,0,0,0,0},{0,0,0,0,0,0,0,0,0},{0,0,0,0,0,0,0,0,0},{0,0,0,0,0,0,0,0,0}}
]
13:52:47.856 INFO  [main] SudokuBoard - Warto?? 0 wstawiona nieprawid?owo
13:52:47.857 INFO  [main] SudokuBoard - B?ad w kwadracie 0
sudoku.model.SudokuBoard@623c9988[
  size=9
  solver=sudoku.model.BacktrackingSudokuSolver@66ab3716
  board={{9,1,2,8,3,4,5,6,7},{3,4,5,2,6,7,8,9,1},{6,7,8,9,1,5,2,3,4},{4,8,6,3,2,9,7,1,5},{1,3,9,7,5,6,4,8,2},{0,0,0,0,0,0,0,0,0},{0,0,0,0,0,0,0,0,0},{0,0,0,0,0,0,0,0,0},{0,0,0,0,0,0,0,0,0}}
]
13:52:47.857 INFO  [main] SudokuBoard - Warto?? 0 wstawiona nieprawid?owo
13:52:47.857 INFO  [main] SudokuBoard - B?ad w kwadracie 0
sudoku.model.SudokuBoard@623c9988[
  size=9
  solver=sudoku.model.BacktrackingSudokuSolver@66ab3716
  board={{9,1,2,8,3,4,5,6,7},{3,4,5,2,6,7,8,9,1},{6,7,8,9,1,5,2,3,4},{4,8,6,3,2,9,7,1,5},{1,3,9,7,5,6,4,8,2},{2,5,7,4,8,1,0,0,0},{0,0,0,0,0,0,0,0,0},{0,0,0,0,0,0,0,0,0},{0,0,0,0,0,0,0,0,0}}
]
13:52:47.857 INFO  [main] SudokuBoard - Warto?? 0 wstawiona nieprawid?owo
13:52:47.857 INFO  [main] SudokuBoard - B?ad w kwadracie 0
sudoku.model.SudokuBoard@623c9988[
  size=9
  solver=sudoku.model.BacktrackingSudokuSolver@66ab3716
  board={{9,1,2,8,3,4,5,6,7},{3,4,5,2,6,7,8,9,1},{6,7,8,9,1,5,2,3,4},{4,8,6,3,2,9,7,1,5},{1,3,9,7,5,6,4,8,2},{2,5,7,4,8,1,0,0,0},{0,0,0,0,0,0,0,0,0},{0,0,0,0,0,0,0,0,0},{0,0,0,0,0,0,0,0,0}}
]
13:52:47.857 INFO  [main] SudokuBoard - Warto?? 0 wstawiona nieprawid?owo
13:52:47.857 INFO  [main] SudokuBoard - B?ad w kwadracie 0
sudoku.model.SudokuBoard@623c9988[
  size=9
  solver=sudoku.model.BacktrackingSudokuSolver@66ab3716
  board={{9,1,2,8,3,4,5,6,7},{3,4,5,2,6,7,8,9,1},{6,7,8,9,1,5,2,3,4},{4,8,6,3,2,9,7,1,5},{1,3,9,7,5,6,4,8,2},{2,5,7,4,8,1,0,0,0},{0,0,0,0,0,0,0,0,0},{0,0,0,0,0,0,0,0,0},{0,0,0,0,0,0,0,0,0}}
]
13:52:47.857 INFO  [main] SudokuBoard - Warto?? 0 wstawiona nieprawid?owo
13:52:47.857 INFO  [main] SudokuBoard - B?ad w kwadracie 0
sudoku.model.SudokuBoard@623c9988[
  size=9
  solver=sudoku.model.BacktrackingSudokuSolver@66ab3716
  board={{9,1,2,8,3,4,5,6,7},{3,4,5,2,6,7,8,9,1},{6,7,8,9,1,5,2,3,4},{4,8,6,3,2,9,7,1,5},{1,3,9,7,5,6,4,8,2},{2,5,7,4,8,0,0,0,0},{0,0,0,0,0,0,0,0,0},{0,0,0,0,0,0,0,0,0},{0,0,0,0,0,0,0,0,0}}
]
13:52:47.857 INFO  [main] SudokuBoard - Warto?? 0 wstawiona nieprawid?owo
13:52:47.857 INFO  [main] SudokuBoard - B?ad w kwadracie 0
sudoku.model.SudokuBoard@623c9988[
  size=9
  solver=sudoku.model.BacktrackingSudokuSolver@66ab3716
  board={{9,1,2,8,3,4,5,6,7},{3,4,5,2,6,7,8,9,1},{6,7,8,9,1,5,2,3,4},{4,8,6,3,2,9,7,1,5},{1,3,9,7,5,6,4,8,2},{2,5,7,4,0,0,0,0,0},{0,0,0,0,0,0,0,0,0},{0,0,0,0,0,0,0,0,0},{0,0,0,0,0,0,0,0,0}}
]
13:52:47.857 INFO  [main] SudokuBoard - Warto?? 0 wstawiona nieprawid?owo
13:52:47.858 INFO  [main] SudokuBoard - B?ad w kwadracie 0
sudoku.model.SudokuBoard@623c9988[
  size=9
  solver=sudoku.model.BacktrackingSudokuSolver@66ab3716
  board={{9,1,2,8,3,4,5,6,7},{3,4,5,2,6,7,8,9,1},{6,7,8,9,1,5,2,3,4},{4,8,6,3,2,9,7,1,5},{1,3,9,7,5,6,4,8,2},{2,5,7,0,0,0,0,0,0},{0,0,0,0,0,0,0,0,0},{0,0,0,0,0,0,0,0,0},{0,0,0,0,0,0,0,0,0}}
]
13:52:47.858 INFO  [main] SudokuBoard - Warto?? 0 wstawiona nieprawid?owo
2021-01-22 13:52:47,865 main DEBUG DefaultRolloverStrategy.purgeAscending deleting target\log\blog.2021-01-22-1.log.gz at low index 1: all slots full.
2021-01-22 13:52:47,865 main DEBUG DefaultRolloverStrategy.purgeAscending executing 5 of 6: FileRenameAction[target\log\blog.2021-01-22-2.log.gz to target\log\blog.2021-01-22-1.log.gz, renameEmptyFiles=true]
2021-01-22 13:52:47,867 main TRACE Renamed file D:\New\an_pn_1145_03\Model\target\log\blog.2021-01-22-2.log.gz to D:\New\an_pn_1145_03\Model\target\log\blog.2021-01-22-1.log.gz with Files.move
2021-01-22 13:52:47,867 main DEBUG DefaultRolloverStrategy.purgeAscending executing 4 of 6: FileRenameAction[target\log\blog.2021-01-22-3.log.gz to target\log\blog.2021-01-22-2.log.gz, renameEmptyFiles=true]
2021-01-22 13:52:47,868 main TRACE Renamed file D:\New\an_pn_1145_03\Model\target\log\blog.2021-01-22-3.log.gz to D:\New\an_pn_1145_03\Model\target\log\blog.2021-01-22-2.log.gz with Files.move
2021-01-22 13:52:47,868 main DEBUG DefaultRolloverStrategy.purgeAscending executing 3 of 6: FileRenameAction[target\log\blog.2021-01-22-4.log.gz to target\log\blog.2021-01-22-3.log.gz, renameEmptyFiles=true]
2021-01-22 13:52:47,869 main TRACE Renamed file D:\New\an_pn_1145_03\Model\target\log\blog.2021-01-22-4.log.gz to D:\New\an_pn_1145_03\Model\target\log\blog.2021-01-22-3.log.gz with Files.move
2021-01-22 13:52:47,869 main DEBUG DefaultRolloverStrategy.purgeAscending executing 2 of 6: FileRenameAction[target\log\blog.2021-01-22-5.log.gz to target\log\blog.2021-01-22-4.log.gz, renameEmptyFiles=true]
2021-01-22 13:52:47,870 main TRACE Renamed file D:\New\an_pn_1145_03\Model\target\log\blog.2021-01-22-5.log.gz to D:\New\an_pn_1145_03\Model\target\log\blog.2021-01-22-4.log.gz with Files.move
2021-01-22 13:52:47,870 main DEBUG DefaultRolloverStrategy.purgeAscending executing 1 of 6: FileRenameAction[target\log\blog.2021-01-22-6.log.gz to target\log\blog.2021-01-22-5.log.gz, renameEmptyFiles=true]
2021-01-22 13:52:47,871 main TRACE Renamed file D:\New\an_pn_1145_03\Model\target\log\blog.2021-01-22-6.log.gz to D:\New\an_pn_1145_03\Model\target\log\blog.2021-01-22-5.log.gz with Files.move
2021-01-22 13:52:47,872 main DEBUG DefaultRolloverStrategy.purgeAscending executing 0 of 6: FileRenameAction[target\log\blog.2021-01-22-7.log.gz to target\log\blog.2021-01-22-6.log.gz, renameEmptyFiles=true]
2021-01-22 13:52:47,874 main TRACE Renamed file D:\New\an_pn_1145_03\Model\target\log\blog.2021-01-22-7.log.gz to D:\New\an_pn_1145_03\Model\target\log\blog.2021-01-22-6.log.gz with Files.move
2021-01-22 13:52:47,874 main TRACE DefaultRolloverStrategy.purge() took 15.0 milliseconds
2021-01-22 13:52:47,877 main DEBUG RollingFileManager executing synchronous FileRenameAction[target\log\blog.log to target\log\blog.2021-01-22-7.log, renameEmptyFiles=false]
2021-01-22 13:52:47,878 main TRACE Renamed file D:\New\an_pn_1145_03\Model\target\log\blog.log to D:\New\an_pn_1145_03\Model\target\log\blog.2021-01-22-7.log with Files.move
2021-01-22 13:52:47,879 main DEBUG RollingFileManager executing async GzCompressAction[target\log\blog.2021-01-22-7.log to target\log\blog.2021-01-22-7.log.gz, deleteSource=true]
13:52:47.882 INFO  [main] SudokuBoard - B?ad w kwadracie 0
sudoku.model.SudokuBoard@623c9988[
  size=9
  solver=sudoku.model.BacktrackingSudokuSolver@66ab3716
  board={{9,1,2,8,3,4,5,6,7},{3,4,5,2,6,7,8,9,1},{6,7,8,9,1,5,2,3,4},{4,8,6,3,2,9,7,1,5},{1,3,9,7,5,6,4,8,2},{2,5,7,1,4,8,0,0,0},{0,0,0,0,0,0,0,0,0},{0,0,0,0,0,0,0,0,0},{0,0,0,0,0,0,0,0,0}}
]
13:52:47.882 INFO  [main] SudokuBoard - Warto?? 0 wstawiona nieprawid?owo
13:52:47.883 INFO  [main] SudokuBoard - B?ad w kwadracie 0
sudoku.model.SudokuBoard@623c9988[
  size=9
  solver=sudoku.model.BacktrackingSudokuSolver@66ab3716
  board={{9,1,2,8,3,4,5,6,7},{3,4,5,2,6,7,8,9,1},{6,7,8,9,1,5,2,3,4},{4,8,6,3,2,9,7,1,5},{1,3,9,7,5,6,4,8,2},{2,5,7,1,4,8,0,0,0},{0,0,0,0,0,0,0,0,0},{0,0,0,0,0,0,0,0,0},{0,0,0,0,0,0,0,0,0}}
]
13:52:47.883 INFO  [main] SudokuBoard - Warto?? 0 wstawiona nieprawid?owo
13:52:47.883 INFO  [main] SudokuBoard - B?ad w kwadracie 0
sudoku.model.SudokuBoard@623c9988[
  size=9
  solver=sudoku.model.BacktrackingSudokuSolver@66ab3716
  board={{9,1,2,8,3,4,5,6,7},{3,4,5,2,6,7,8,9,1},{6,7,8,9,1,5,2,3,4},{4,8,6,3,2,9,7,1,5},{1,3,9,7,5,6,4,8,2},{2,5,7,1,4,8,0,0,0},{0,0,0,0,0,0,0,0,0},{0,0,0,0,0,0,0,0,0},{0,0,0,0,0,0,0,0,0}}
]
13:52:47.883 INFO  [main] SudokuBoard - Warto?? 0 wstawiona nieprawid?owo
13:52:47.883 INFO  [main] SudokuBoard - B?ad w kwadracie 0
sudoku.model.SudokuBoard@623c9988[
  size=9
  solver=sudoku.model.BacktrackingSudokuSolver@66ab3716
  board={{9,1,2,8,3,4,5,6,7},{3,4,5,2,6,7,8,9,1},{6,7,8,9,1,5,2,3,4},{4,8,6,3,2,9,7,1,5},{1,3,9,7,5,6,4,8,2},{2,5,7,1,4,0,0,0,0},{0,0,0,0,0,0,0,0,0},{0,0,0,0,0,0,0,0,0},{0,0,0,0,0,0,0,0,0}}
]
13:52:47.883 INFO  [main] SudokuBoard - Warto?? 0 wstawiona nieprawid?owo
13:52:47.883 INFO  [main] SudokuBoard - B?ad w kwadracie 0
sudoku.model.SudokuBoard@623c9988[
  size=9
  solver=sudoku.model.BacktrackingSudokuSolver@66ab3716
  board={{9,1,2,8,3,4,5,6,7},{3,4,5,2,6,7,8,9,1},{6,7,8,9,1,5,2,3,4},{4,8,6,3,2,9,7,1,5},{1,3,9,7,5,6,4,8,2},{2,5,7,1,0,0,0,0,0},{0,0,0,0,0,0,0,0,0},{0,0,0,0,0,0,0,0,0},{0,0,0,0,0,0,0,0,0}}
]
13:52:47.883 INFO  [main] SudokuBoard - Warto?? 0 wstawiona nieprawid?owo
13:52:47.883 INFO  [main] SudokuBoard - B?ad w kwadracie 0
sudoku.model.SudokuBoard@623c9988[
  size=9
  solver=sudoku.model.BacktrackingSudokuSolver@66ab3716
  board={{9,1,2,8,3,4,5,6,7},{3,4,5,2,6,7,8,9,1},{6,7,8,9,1,5,2,3,4},{4,8,6,3,2,9,7,1,5},{1,3,9,7,5,6,4,8,2},{2,5,7,1,0,0,0,0,0},{0,0,0,0,0,0,0,0,0},{0,0,0,0,0,0,0,0,0},{0,0,0,0,0,0,0,0,0}}
]
13:52:47.884 INFO  [main] SudokuBoard - Warto?? 0 wstawiona nieprawid?owo
13:52:47.884 INFO  [main] SudokuBoard - B?ad w kwadracie 0
sudoku.model.SudokuBoard@623c9988[
  size=9
  solver=sudoku.model.BacktrackingSudokuSolver@66ab3716
  board={{9,1,2,8,3,4,5,6,7},{3,4,5,2,6,7,8,9,1},{6,7,8,9,1,5,2,3,4},{4,8,6,3,2,9,7,1,5},{1,3,9,7,5,6,4,8,2},{2,5,7,0,0,0,0,0,0},{0,0,0,0,0,0,0,0,0},{0,0,0,0,0,0,0,0,0},{0,0,0,0,0,0,0,0,0}}
]
13:52:47.884 INFO  [main] SudokuBoard - Warto?? 0 wstawiona nieprawid?owo
13:52:47.884 INFO  [main] SudokuBoard - B?ad w kwadracie 0
sudoku.model.SudokuBoard@623c9988[
  size=9
  solver=sudoku.model.BacktrackingSudokuSolver@66ab3716
  board={{9,1,2,8,3,4,5,6,7},{3,4,5,2,6,7,8,9,1},{6,7,8,9,1,5,2,3,4},{4,8,6,3,2,9,7,1,5},{1,3,9,7,5,6,4,8,2},{2,5,0,0,0,0,0,0,0},{0,0,0,0,0,0,0,0,0},{0,0,0,0,0,0,0,0,0},{0,0,0,0,0,0,0,0,0}}
]
13:52:47.884 INFO  [main] SudokuBoard - Warto?? 0 wstawiona nieprawid?owo
13:52:47.884 INFO  [main] SudokuBoard - B?ad w kwadracie 0
sudoku.model.SudokuBoard@623c9988[
  size=9
  solver=sudoku.model.BacktrackingSudokuSolver@66ab3716
  board={{9,1,2,8,3,4,5,6,7},{3,4,5,2,6,7,8,9,1},{6,7,8,9,1,5,2,3,4},{4,8,6,3,2,9,7,1,5},{1,3,9,7,5,6,4,8,2},{2,0,0,0,0,0,0,0,0},{0,0,0,0,0,0,0,0,0},{0,0,0,0,0,0,0,0,0},{0,0,0,0,0,0,0,0,0}}
]
13:52:47.884 INFO  [main] SudokuBoard - Warto?? 0 wstawiona nieprawid?owo
13:52:47.884 INFO  [main] SudokuBoard - B?ad w kwadracie 0
sudoku.model.SudokuBoard@623c9988[
  size=9
  solver=sudoku.model.BacktrackingSudokuSolver@66ab3716
  board={{9,1,2,8,3,4,5,6,7},{3,4,5,2,6,7,8,9,1},{6,7,8,9,1,5,2,3,4},{4,8,6,3,2,9,7,1,5},{1,3,9,7,5,6,4,8,2},{0,0,0,0,0,0,0,0,0},{0,0,0,0,0,0,0,0,0},{0,0,0,0,0,0,0,0,0},{0,0,0,0,0,0,0,0,0}}
]
13:52:47.884 INFO  [main] SudokuBoard - Warto?? 0 wstawiona nieprawid?owo
13:52:47.884 INFO  [main] SudokuBoard - B?ad w kwadracie 0
sudoku.model.SudokuBoard@623c9988[
  size=9
  solver=sudoku.model.BacktrackingSudokuSolver@66ab3716
  board={{9,1,2,8,3,4,5,6,7},{3,4,5,2,6,7,8,9,1},{6,7,8,9,1,5,2,3,4},{4,8,6,3,2,9,7,1,5},{1,3,9,7,5,6,4,8,0},{0,0,0,0,0,0,0,0,0},{0,0,0,0,0,0,0,0,0},{0,0,0,0,0,0,0,0,0},{0,0,0,0,0,0,0,0,0}}
]
13:52:47.884 INFO  [main] SudokuBoard - Warto?? 0 wstawiona nieprawid?owo
13:52:47.885 INFO  [main] SudokuBoard - B?ad w kwadracie 0
sudoku.model.SudokuBoard@623c9988[
  size=9
  solver=sudoku.model.BacktrackingSudokuSolver@66ab3716
  board={{9,1,2,8,3,4,5,6,7},{3,4,5,2,6,7,8,9,1},{6,7,8,9,1,5,2,3,4},{4,8,6,3,2,9,7,1,5},{1,3,9,7,5,6,4,0,0},{0,0,0,0,0,0,0,0,0},{0,0,0,0,0,0,0,0,0},{0,0,0,0,0,0,0,0,0},{0,0,0,0,0,0,0,0,0}}
]
13:52:47.885 INFO  [main] SudokuBoard - Warto?? 0 wstawiona nieprawid?owo
13:52:47.885 INFO  [main] SudokuBoard - B?ad w kwadracie 0
sudoku.model.SudokuBoard@623c9988[
  size=9
  solver=sudoku.model.BacktrackingSudokuSolver@66ab3716
  board={{9,1,2,8,3,4,5,6,7},{3,4,5,2,6,7,8,9,1},{6,7,8,9,1,5,2,3,4},{4,8,6,3,2,9,7,1,5},{1,3,9,7,5,6,4,2,8},{7,0,0,0,0,0,0,0,0},{0,0,0,0,0,0,0,0,0},{0,0,0,0,0,0,0,0,0},{0,0,0,0,0,0,0,0,0}}
]
13:52:47.885 INFO  [main] SudokuBoard - Warto?? 0 wstawiona nieprawid?owo
13:52:47.885 INFO  [main] SudokuBoard - B?ad w kwadracie 0
sudoku.model.SudokuBoard@623c9988[
  size=9
  solver=sudoku.model.BacktrackingSudokuSolver@66ab3716
  board={{9,1,2,8,3,4,5,6,7},{3,4,5,2,6,7,8,9,1},{6,7,8,9,1,5,2,3,4},{4,8,6,3,2,9,7,1,5},{1,3,9,7,5,6,4,2,8},{7,0,0,0,0,0,0,0,0},{0,0,0,0,0,0,0,0,0},{0,0,0,0,0,0,0,0,0},{0,0,0,0,0,0,0,0,0}}
]
13:52:47.885 INFO  [main] SudokuBoard - Warto?? 0 wstawiona nieprawid?owo
13:52:47.885 INFO  [main] SudokuBoard - B?ad w kwadracie 0
sudoku.model.SudokuBoard@623c9988[
  size=9
  solver=sudoku.model.BacktrackingSudokuSolver@66ab3716
  board={{9,1,2,8,3,4,5,6,7},{3,4,5,2,6,7,8,9,1},{6,7,8,9,1,5,2,3,4},{4,8,6,3,2,9,7,1,5},{1,3,9,7,5,6,4,2,8},{0,0,0,0,0,0,0,0,0},{0,0,0,0,0,0,0,0,0},{0,0,0,0,0,0,0,0,0},{0,0,0,0,0,0,0,0,0}}
]
13:52:47.885 INFO  [main] SudokuBoard - Warto?? 0 wstawiona nieprawid?owo
13:52:47.885 INFO  [main] SudokuBoard - B?ad w kwadracie 0
sudoku.model.SudokuBoard@623c9988[
  size=9
  solver=sudoku.model.BacktrackingSudokuSolver@66ab3716
  board={{9,1,2,8,3,4,5,6,7},{3,4,5,2,6,7,8,9,1},{6,7,8,9,1,5,2,3,4},{4,8,6,3,2,9,7,1,5},{1,3,9,7,5,6,4,2,8},{2,5,7,4,8,1,0,0,0},{0,0,0,0,0,0,0,0,0},{0,0,0,0,0,0,0,0,0},{0,0,0,0,0,0,0,0,0}}
]
13:52:47.885 INFO  [main] SudokuBoard - Warto?? 0 wstawiona nieprawid?owo
13:52:47.885 INFO  [main] SudokuBoard - B?ad w kwadracie 0
sudoku.model.SudokuBoard@623c9988[
  size=9
  solver=sudoku.model.BacktrackingSudokuSolver@66ab3716
  board={{9,1,2,8,3,4,5,6,7},{3,4,5,2,6,7,8,9,1},{6,7,8,9,1,5,2,3,4},{4,8,6,3,2,9,7,1,5},{1,3,9,7,5,6,4,2,8},{2,5,7,4,8,1,0,0,0},{0,0,0,0,0,0,0,0,0},{0,0,0,0,0,0,0,0,0},{0,0,0,0,0,0,0,0,0}}
]
13:52:47.885 INFO  [main] SudokuBoard - Warto?? 0 wstawiona nieprawid?owo
13:52:47.885 INFO  [main] SudokuBoard - B?ad w kwadracie 0
sudoku.model.SudokuBoard@623c9988[
  size=9
  solver=sudoku.model.BacktrackingSudokuSolver@66ab3716
  board={{9,1,2,8,3,4,5,6,7},{3,4,5,2,6,7,8,9,1},{6,7,8,9,1,5,2,3,4},{4,8,6,3,2,9,7,1,5},{1,3,9,7,5,6,4,2,8},{2,5,7,4,8,1,0,0,0},{0,0,0,0,0,0,0,0,0},{0,0,0,0,0,0,0,0,0},{0,0,0,0,0,0,0,0,0}}
]
13:52:47.886 INFO  [main] SudokuBoard - Warto?? 0 wstawiona nieprawid?owo
13:52:47.886 INFO  [main] SudokuBoard - B?ad w kwadracie 0
sudoku.model.SudokuBoard@623c9988[
  size=9
  solver=sudoku.model.BacktrackingSudokuSolver@66ab3716
  board={{9,1,2,8,3,4,5,6,7},{3,4,5,2,6,7,8,9,1},{6,7,8,9,1,5,2,3,4},{4,8,6,3,2,9,7,1,5},{1,3,9,7,5,6,4,2,8},{2,5,7,4,8,0,0,0,0},{0,0,0,0,0,0,0,0,0},{0,0,0,0,0,0,0,0,0},{0,0,0,0,0,0,0,0,0}}
]
13:52:47.886 INFO  [main] SudokuBoard - Warto?? 0 wstawiona nieprawid?owo
13:52:47.886 INFO  [main] SudokuBoard - B?ad w kwadracie 0
sudoku.model.SudokuBoard@623c9988[
  size=9
  solver=sudoku.model.BacktrackingSudokuSolver@66ab3716
  board={{9,1,2,8,3,4,5,6,7},{3,4,5,2,6,7,8,9,1},{6,7,8,9,1,5,2,3,4},{4,8,6,3,2,9,7,1,5},{1,3,9,7,5,6,4,2,8},{2,5,7,4,0,0,0,0,0},{0,0,0,0,0,0,0,0,0},{0,0,0,0,0,0,0,0,0},{0,0,0,0,0,0,0,0,0}}
]
13:52:47.886 INFO  [main] SudokuBoard - Warto?? 0 wstawiona nieprawid?owo
13:52:47.886 INFO  [main] SudokuBoard - B?ad w kwadracie 0
sudoku.model.SudokuBoard@623c9988[
  size=9
  solver=sudoku.model.BacktrackingSudokuSolver@66ab3716
  board={{9,1,2,8,3,4,5,6,7},{3,4,5,2,6,7,8,9,1},{6,7,8,9,1,5,2,3,4},{4,8,6,3,2,9,7,1,5},{1,3,9,7,5,6,4,2,8},{2,5,7,0,0,0,0,0,0},{0,0,0,0,0,0,0,0,0},{0,0,0,0,0,0,0,0,0},{0,0,0,0,0,0,0,0,0}}
]
13:52:47.886 INFO  [main] SudokuBoard - Warto?? 0 wstawiona nieprawid?owo
13:52:47.886 INFO  [main] SudokuBoard - B?ad w kwadracie 0
sudoku.model.SudokuBoard@623c9988[
  size=9
  solver=sudoku.model.BacktrackingSudokuSolver@66ab3716
  board={{9,1,2,8,3,4,5,6,7},{3,4,5,2,6,7,8,9,1},{6,7,8,9,1,5,2,3,4},{4,8,6,3,2,9,7,1,5},{1,3,9,7,5,6,4,2,8},{2,5,7,1,4,8,0,0,0},{0,0,0,0,0,0,0,0,0},{0,0,0,0,0,0,0,0,0},{0,0,0,0,0,0,0,0,0}}
]
13:52:47.886 INFO  [main] SudokuBoard - Warto?? 0 wstawiona nieprawid?owo
13:52:47.886 INFO  [main] SudokuBoard - B?ad w kwadracie 0
sudoku.model.SudokuBoard@623c9988[
  size=9
  solver=sudoku.model.BacktrackingSudokuSolver@66ab3716
  board={{9,1,2,8,3,4,5,6,7},{3,4,5,2,6,7,8,9,1},{6,7,8,9,1,5,2,3,4},{4,8,6,3,2,9,7,1,5},{1,3,9,7,5,6,4,2,8},{2,5,7,1,4,8,0,0,0},{0,0,0,0,0,0,0,0,0},{0,0,0,0,0,0,0,0,0},{0,0,0,0,0,0,0,0,0}}
]
13:52:47.886 INFO  [main] SudokuBoard - Warto?? 0 wstawiona nieprawid?owo
13:52:47.886 INFO  [main] SudokuBoard - B?ad w kwadracie 0
sudoku.model.SudokuBoard@623c9988[
  size=9
  solver=sudoku.model.BacktrackingSudokuSolver@66ab3716
  board={{9,1,2,8,3,4,5,6,7},{3,4,5,2,6,7,8,9,1},{6,7,8,9,1,5,2,3,4},{4,8,6,3,2,9,7,1,5},{1,3,9,7,5,6,4,2,8},{2,5,7,1,4,8,0,0,0},{0,0,0,0,0,0,0,0,0},{0,0,0,0,0,0,0,0,0},{0,0,0,0,0,0,0,0,0}}
]
13:52:47.886 INFO  [main] SudokuBoard - Warto?? 0 wstawiona nieprawid?owo
13:52:47.886 INFO  [main] SudokuBoard - B?ad w kwadracie 0
sudoku.model.SudokuBoard@623c9988[
  size=9
  solver=sudoku.model.BacktrackingSudokuSolver@66ab3716
  board={{9,1,2,8,3,4,5,6,7},{3,4,5,2,6,7,8,9,1},{6,7,8,9,1,5,2,3,4},{4,8,6,3,2,9,7,1,5},{1,3,9,7,5,6,4,2,8},{2,5,7,1,4,0,0,0,0},{0,0,0,0,0,0,0,0,0},{0,0,0,0,0,0,0,0,0},{0,0,0,0,0,0,0,0,0}}
]
13:52:47.887 INFO  [main] SudokuBoard - Warto?? 0 wstawiona nieprawid?owo
13:52:47.887 INFO  [main] SudokuBoard - B?ad w kwadracie 0
sudoku.model.SudokuBoard@623c9988[
  size=9
  solver=sudoku.model.BacktrackingSudokuSolver@66ab3716
  board={{9,1,2,8,3,4,5,6,7},{3,4,5,2,6,7,8,9,1},{6,7,8,9,1,5,2,3,4},{4,8,6,3,2,9,7,1,5},{1,3,9,7,5,6,4,2,8},{2,5,7,1,0,0,0,0,0},{0,0,0,0,0,0,0,0,0},{0,0,0,0,0,0,0,0,0},{0,0,0,0,0,0,0,0,0}}
]
13:52:47.887 INFO  [main] SudokuBoard - Warto?? 0 wstawiona nieprawid?owo
13:52:47.887 INFO  [main] SudokuBoard - B?ad w kwadracie 0
sudoku.model.SudokuBoard@623c9988[
  size=9
  solver=sudoku.model.BacktrackingSudokuSolver@66ab3716
  board={{9,1,2,8,3,4,5,6,7},{3,4,5,2,6,7,8,9,1},{6,7,8,9,1,5,2,3,4},{4,8,6,3,2,9,7,1,5},{1,3,9,7,5,6,4,2,8},{2,5,7,1,0,0,0,0,0},{0,0,0,0,0,0,0,0,0},{0,0,0,0,0,0,0,0,0},{0,0,0,0,0,0,0,0,0}}
]
13:52:47.887 INFO  [main] SudokuBoard - Warto?? 0 wstawiona nieprawid?owo
13:52:47.887 INFO  [main] SudokuBoard - B?ad w kwadracie 0
sudoku.model.SudokuBoard@623c9988[
  size=9
  solver=sudoku.model.BacktrackingSudokuSolver@66ab3716
  board={{9,1,2,8,3,4,5,6,7},{3,4,5,2,6,7,8,9,1},{6,7,8,9,1,5,2,3,4},{4,8,6,3,2,9,7,1,5},{1,3,9,7,5,6,4,2,8},{2,5,7,0,0,0,0,0,0},{0,0,0,0,0,0,0,0,0},{0,0,0,0,0,0,0,0,0},{0,0,0,0,0,0,0,0,0}}
]
13:52:47.887 INFO  [main] SudokuBoard - Warto?? 0 wstawiona nieprawid?owo
13:52:47.887 INFO  [main] SudokuBoard - B?ad w kwadracie 0
sudoku.model.SudokuBoard@623c9988[
  size=9
  solver=sudoku.model.BacktrackingSudokuSolver@66ab3716
  board={{9,1,2,8,3,4,5,6,7},{3,4,5,2,6,7,8,9,1},{6,7,8,9,1,5,2,3,4},{4,8,6,3,2,9,7,1,5},{1,3,9,7,5,6,4,2,8},{2,5,0,0,0,0,0,0,0},{0,0,0,0,0,0,0,0,0},{0,0,0,0,0,0,0,0,0},{0,0,0,0,0,0,0,0,0}}
]
13:52:47.888 INFO  [main] SudokuBoard - Warto?? 0 wstawiona nieprawid?owo
13:52:47.888 INFO  [main] SudokuBoard - B?ad w kwadracie 0
sudoku.model.SudokuBoard@623c9988[
  size=9
  solver=sudoku.model.BacktrackingSudokuSolver@66ab3716
  board={{9,1,2,8,3,4,5,6,7},{3,4,5,2,6,7,8,9,1},{6,7,8,9,1,5,2,3,4},{4,8,6,3,2,9,7,1,5},{1,3,9,7,5,6,4,2,8},{2,0,0,0,0,0,0,0,0},{0,0,0,0,0,0,0,0,0},{0,0,0,0,0,0,0,0,0},{0,0,0,0,0,0,0,0,0}}
]
13:52:47.888 INFO  [main] SudokuBoard - Warto?? 0 wstawiona nieprawid?owo
13:52:47.888 INFO  [main] SudokuBoard - B?ad w kwadracie 0
sudoku.model.SudokuBoard@623c9988[
  size=9
  solver=sudoku.model.BacktrackingSudokuSolver@66ab3716
  board={{9,1,2,8,3,4,5,6,7},{3,4,5,2,6,7,8,9,1},{6,7,8,9,1,5,2,3,4},{4,8,6,3,2,9,7,1,5},{1,3,9,7,5,6,4,2,8},{0,0,0,0,0,0,0,0,0},{0,0,0,0,0,0,0,0,0},{0,0,0,0,0,0,0,0,0},{0,0,0,0,0,0,0,0,0}}
]
13:52:47.888 INFO  [main] SudokuBoard - Warto?? 0 wstawiona nieprawid?owo
13:52:47.889 INFO  [main] SudokuBoard - B?ad w kwadracie 0
sudoku.model.SudokuBoard@623c9988[
  size=9
  solver=sudoku.model.BacktrackingSudokuSolver@66ab3716
  board={{9,1,2,8,3,4,5,6,7},{3,4,5,2,6,7,8,9,1},{6,7,8,9,1,5,2,3,4},{4,8,6,3,2,9,7,1,5},{1,3,9,7,5,6,4,2,8},{5,2,7,1,4,8,0,0,0},{0,0,0,0,0,0,0,0,0},{0,0,0,0,0,0,0,0,0},{0,0,0,0,0,0,0,0,0}}
]
13:52:47.889 INFO  [main] SudokuBoard - Warto?? 0 wstawiona nieprawid?owo
13:52:47.889 INFO  [main] SudokuBoard - B?ad w kwadracie 0
sudoku.model.SudokuBoard@623c9988[
  size=9
  solver=sudoku.model.BacktrackingSudokuSolver@66ab3716
  board={{9,1,2,8,3,4,5,6,7},{3,4,5,2,6,7,8,9,1},{6,7,8,9,1,5,2,3,4},{4,8,6,3,2,9,7,1,5},{1,3,9,7,5,6,4,2,8},{5,2,7,1,4,8,0,0,0},{0,0,0,0,0,0,0,0,0},{0,0,0,0,0,0,0,0,0},{0,0,0,0,0,0,0,0,0}}
]
13:52:47.889 INFO  [main] SudokuBoard - Warto?? 0 wstawiona nieprawid?owo
13:52:47.889 INFO  [main] SudokuBoard - B?ad w kwadracie 0
sudoku.model.SudokuBoard@623c9988[
  size=9
  solver=sudoku.model.BacktrackingSudokuSolver@66ab3716
  board={{9,1,2,8,3,4,5,6,7},{3,4,5,2,6,7,8,9,1},{6,7,8,9,1,5,2,3,4},{4,8,6,3,2,9,7,1,5},{1,3,9,7,5,6,4,2,8},{5,2,7,1,4,8,0,0,0},{0,0,0,0,0,0,0,0,0},{0,0,0,0,0,0,0,0,0},{0,0,0,0,0,0,0,0,0}}
]
13:52:47.889 INFO  [main] SudokuBoard - Warto?? 0 wstawiona nieprawid?owo
13:52:47.889 INFO  [main] SudokuBoard - B?ad w kwadracie 0
sudoku.model.SudokuBoard@623c9988[
  size=9
  solver=sudoku.model.BacktrackingSudokuSolver@66ab3716
  board={{9,1,2,8,3,4,5,6,7},{3,4,5,2,6,7,8,9,1},{6,7,8,9,1,5,2,3,4},{4,8,6,3,2,9,7,1,5},{1,3,9,7,5,6,4,2,8},{5,2,7,1,4,0,0,0,0},{0,0,0,0,0,0,0,0,0},{0,0,0,0,0,0,0,0,0},{0,0,0,0,0,0,0,0,0}}
]
13:52:47.890 INFO  [main] SudokuBoard - Warto?? 0 wstawiona nieprawid?owo
13:52:47.890 INFO  [main] SudokuBoard - B?ad w kwadracie 0
sudoku.model.SudokuBoard@623c9988[
  size=9
  solver=sudoku.model.BacktrackingSudokuSolver@66ab3716
  board={{9,1,2,8,3,4,5,6,7},{3,4,5,2,6,7,8,9,1},{6,7,8,9,1,5,2,3,4},{4,8,6,3,2,9,7,1,5},{1,3,9,7,5,6,4,2,8},{5,2,7,1,0,0,0,0,0},{0,0,0,0,0,0,0,0,0},{0,0,0,0,0,0,0,0,0},{0,0,0,0,0,0,0,0,0}}
]
13:52:47.890 INFO  [main] SudokuBoard - Warto?? 0 wstawiona nieprawid?owo
13:52:47.890 INFO  [main] SudokuBoard - B?ad w kwadracie 0
sudoku.model.SudokuBoard@623c9988[
  size=9
  solver=sudoku.model.BacktrackingSudokuSolver@66ab3716
  board={{9,1,2,8,3,4,5,6,7},{3,4,5,2,6,7,8,9,1},{6,7,8,9,1,5,2,3,4},{4,8,6,3,2,9,7,1,5},{1,3,9,7,5,6,4,2,8},{5,2,7,1,0,0,0,0,0},{0,0,0,0,0,0,0,0,0},{0,0,0,0,0,0,0,0,0},{0,0,0,0,0,0,0,0,0}}
]
13:52:47.890 INFO  [main] SudokuBoard - Warto?? 0 wstawiona nieprawid?owo
13:52:47.890 INFO  [main] SudokuBoard - B?ad w kwadracie 0
sudoku.model.SudokuBoard@623c9988[
  size=9
  solver=sudoku.model.BacktrackingSudokuSolver@66ab3716
  board={{9,1,2,8,3,4,5,6,7},{3,4,5,2,6,7,8,9,1},{6,7,8,9,1,5,2,3,4},{4,8,6,3,2,9,7,1,5},{1,3,9,7,5,6,4,2,8},{5,2,7,0,0,0,0,0,0},{0,0,0,0,0,0,0,0,0},{0,0,0,0,0,0,0,0,0},{0,0,0,0,0,0,0,0,0}}
]
13:52:47.890 INFO  [main] SudokuBoard - Warto?? 0 wstawiona nieprawid?owo
13:52:47.890 INFO  [main] SudokuBoard - B?ad w kwadracie 0
sudoku.model.SudokuBoard@623c9988[
  size=9
  solver=sudoku.model.BacktrackingSudokuSolver@66ab3716
  board={{9,1,2,8,3,4,5,6,7},{3,4,5,2,6,7,8,9,1},{6,7,8,9,1,5,2,3,4},{4,8,6,3,2,9,7,1,5},{1,3,9,7,5,6,4,2,8},{5,2,7,4,8,1,0,0,0},{0,0,0,0,0,0,0,0,0},{0,0,0,0,0,0,0,0,0},{0,0,0,0,0,0,0,0,0}}
]
13:52:47.890 INFO  [main] SudokuBoard - Warto?? 0 wstawiona nieprawid?owo
13:52:47.891 INFO  [main] SudokuBoard - B?ad w kwadracie 0
sudoku.model.SudokuBoard@623c9988[
  size=9
  solver=sudoku.model.BacktrackingSudokuSolver@66ab3716
  board={{9,1,2,8,3,4,5,6,7},{3,4,5,2,6,7,8,9,1},{6,7,8,9,1,5,2,3,4},{4,8,6,3,2,9,7,1,5},{1,3,9,7,5,6,4,2,8},{5,2,7,4,8,1,0,0,0},{0,0,0,0,0,0,0,0,0},{0,0,0,0,0,0,0,0,0},{0,0,0,0,0,0,0,0,0}}
]
13:52:47.891 INFO  [main] SudokuBoard - Warto?? 0 wstawiona nieprawid?owo
13:52:47.891 INFO  [main] SudokuBoard - B?ad w kwadracie 0
sudoku.model.SudokuBoard@623c9988[
  size=9
  solver=sudoku.model.BacktrackingSudokuSolver@66ab3716
  board={{9,1,2,8,3,4,5,6,7},{3,4,5,2,6,7,8,9,1},{6,7,8,9,1,5,2,3,4},{4,8,6,3,2,9,7,1,5},{1,3,9,7,5,6,4,2,8},{5,2,7,4,8,1,0,0,0},{0,0,0,0,0,0,0,0,0},{0,0,0,0,0,0,0,0,0},{0,0,0,0,0,0,0,0,0}}
]
13:52:47.891 INFO  [main] SudokuBoard - Warto?? 0 wstawiona nieprawid?owo
13:52:47.891 INFO  [main] SudokuBoard - B?ad w kwadracie 0
sudoku.model.SudokuBoard@623c9988[
  size=9
  solver=sudoku.model.BacktrackingSudokuSolver@66ab3716
  board={{9,1,2,8,3,4,5,6,7},{3,4,5,2,6,7,8,9,1},{6,7,8,9,1,5,2,3,4},{4,8,6,3,2,9,7,1,5},{1,3,9,7,5,6,4,2,8},{5,2,7,4,8,0,0,0,0},{0,0,0,0,0,0,0,0,0},{0,0,0,0,0,0,0,0,0},{0,0,0,0,0,0,0,0,0}}
]
13:52:47.891 INFO  [main] SudokuBoard - Warto?? 0 wstawiona nieprawid?owo
13:52:47.891 INFO  [main] SudokuBoard - B?ad w kwadracie 0
sudoku.model.SudokuBoard@623c9988[
  size=9
  solver=sudoku.model.BacktrackingSudokuSolver@66ab3716
  board={{9,1,2,8,3,4,5,6,7},{3,4,5,2,6,7,8,9,1},{6,7,8,9,1,5,2,3,4},{4,8,6,3,2,9,7,1,5},{1,3,9,7,5,6,4,2,8},{5,2,7,4,0,0,0,0,0},{0,0,0,0,0,0,0,0,0},{0,0,0,0,0,0,0,0,0},{0,0,0,0,0,0,0,0,0}}
]
13:52:47.891 INFO  [main] SudokuBoard - Warto?? 0 wstawiona nieprawid?owo
13:52:47.892 INFO  [main] SudokuBoard - B?ad w kwadracie 0
sudoku.model.SudokuBoard@623c9988[
  size=9
  solver=sudoku.model.BacktrackingSudokuSolver@66ab3716
  board={{9,1,2,8,3,4,5,6,7},{3,4,5,2,6,7,8,9,1},{6,7,8,9,1,5,2,3,4},{4,8,6,3,2,9,7,1,5},{1,3,9,7,5,6,4,2,8},{5,2,7,0,0,0,0,0,0},{0,0,0,0,0,0,0,0,0},{0,0,0,0,0,0,0,0,0},{0,0,0,0,0,0,0,0,0}}
]
13:52:47.892 INFO  [main] SudokuBoard - Warto?? 0 wstawiona nieprawid?owo
13:52:47.892 INFO  [main] SudokuBoard - B?ad w kwadracie 0
sudoku.model.SudokuBoard@623c9988[
  size=9
  solver=sudoku.model.BacktrackingSudokuSolver@66ab3716
  board={{9,1,2,8,3,4,5,6,7},{3,4,5,2,6,7,8,9,1},{6,7,8,9,1,5,2,3,4},{4,8,6,3,2,9,7,1,5},{1,3,9,7,5,6,4,2,8},{5,2,0,0,0,0,0,0,0},{0,0,0,0,0,0,0,0,0},{0,0,0,0,0,0,0,0,0},{0,0,0,0,0,0,0,0,0}}
]
13:52:47.892 INFO  [main] SudokuBoard - Warto?? 0 wstawiona nieprawid?owo
13:52:47.892 INFO  [main] SudokuBoard - B?ad w kwadracie 0
sudoku.model.SudokuBoard@623c9988[
  size=9
  solver=sudoku.model.BacktrackingSudokuSolver@66ab3716
  board={{9,1,2,8,3,4,5,6,7},{3,4,5,2,6,7,8,9,1},{6,7,8,9,1,5,2,3,4},{4,8,6,3,2,9,7,1,5},{1,3,9,7,5,6,4,2,8},{5,0,0,0,0,0,0,0,0},{0,0,0,0,0,0,0,0,0},{0,0,0,0,0,0,0,0,0},{0,0,0,0,0,0,0,0,0}}
]
13:52:47.892 INFO  [main] SudokuBoard - Warto?? 0 wstawiona nieprawid?owo
13:52:47.892 INFO  [main] SudokuBoard - B?ad w kwadracie 0
sudoku.model.SudokuBoard@623c9988[
  size=9
  solver=sudoku.model.BacktrackingSudokuSolver@66ab3716
  board={{9,1,2,8,3,4,5,6,7},{3,4,5,2,6,7,8,9,1},{6,7,8,9,1,5,2,3,4},{4,8,6,3,2,9,7,1,5},{1,3,9,7,5,6,4,2,8},{0,0,0,0,0,0,0,0,0},{0,0,0,0,0,0,0,0,0},{0,0,0,0,0,0,0,0,0},{0,0,0,0,0,0,0,0,0}}
]
13:52:47.892 INFO  [main] SudokuBoard - Warto?? 0 wstawiona nieprawid?owo
13:52:47.892 INFO  [main] SudokuBoard - B?ad w kwadracie 0
sudoku.model.SudokuBoard@623c9988[
  size=9
  solver=sudoku.model.BacktrackingSudokuSolver@66ab3716
  board={{9,1,2,8,3,4,5,6,7},{3,4,5,2,6,7,8,9,1},{6,7,8,9,1,5,2,3,4},{4,8,6,3,2,9,7,1,5},{1,3,9,7,5,6,4,2,0},{0,0,0,0,0,0,0,0,0},{0,0,0,0,0,0,0,0,0},{0,0,0,0,0,0,0,0,0},{0,0,0,0,0,0,0,0,0}}
]
13:52:47.893 INFO  [main] SudokuBoard - Warto?? 0 wstawiona nieprawid?owo
13:52:47.893 INFO  [main] SudokuBoard - B?ad w kwadracie 0
sudoku.model.SudokuBoard@623c9988[
  size=9
  solver=sudoku.model.BacktrackingSudokuSolver@66ab3716
  board={{9,1,2,8,3,4,5,6,7},{3,4,5,2,6,7,8,9,1},{6,7,8,9,1,5,2,3,4},{4,8,6,3,2,9,7,1,5},{1,3,9,7,5,6,4,0,0},{0,0,0,0,0,0,0,0,0},{0,0,0,0,0,0,0,0,0},{0,0,0,0,0,0,0,0,0},{0,0,0,0,0,0,0,0,0}}
]
13:52:47.893 INFO  [main] SudokuBoard - Warto?? 0 wstawiona nieprawid?owo
13:52:47.893 INFO  [main] SudokuBoard - B?ad w kwadracie 0
sudoku.model.SudokuBoard@623c9988[
  size=9
  solver=sudoku.model.BacktrackingSudokuSolver@66ab3716
  board={{9,1,2,8,3,4,5,6,7},{3,4,5,2,6,7,8,9,1},{6,7,8,9,1,5,2,3,4},{4,8,6,3,2,9,7,1,5},{1,3,9,7,5,6,0,0,0},{0,0,0,0,0,0,0,0,0},{0,0,0,0,0,0,0,0,0},{0,0,0,0,0,0,0,0,0},{0,0,0,0,0,0,0,0,0}}
]
13:52:47.893 INFO  [main] SudokuBoard - Warto?? 0 wstawiona nieprawid?owo
13:52:47.893 INFO  [main] SudokuBoard - B?ad w kwadracie 0
sudoku.model.SudokuBoard@623c9988[
  size=9
  solver=sudoku.model.BacktrackingSudokuSolver@66ab3716
  board={{9,1,2,8,3,4,5,6,7},{3,4,5,2,6,7,8,9,1},{6,7,8,9,1,5,2,3,4},{4,8,6,3,2,9,7,1,5},{1,3,9,7,5,0,0,0,0},{0,0,0,0,0,0,0,0,0},{0,0,0,0,0,0,0,0,0},{0,0,0,0,0,0,0,0,0},{0,0,0,0,0,0,0,0,0}}
]
13:52:47.893 INFO  [main] SudokuBoard - Warto?? 0 wstawiona nieprawid?owo
13:52:47.893 INFO  [main] SudokuBoard - B?ad w kwadracie 0
sudoku.model.SudokuBoard@623c9988[
  size=9
  solver=sudoku.model.BacktrackingSudokuSolver@66ab3716
  board={{9,1,2,8,3,4,5,6,7},{3,4,5,2,6,7,8,9,1},{6,7,8,9,1,5,2,3,4},{4,8,6,3,2,9,7,1,5},{1,3,9,7,5,8,4,2,6},{5,2,7,1,4,6,9,8,3},{7,9,1,4,8,3,6,5,2},{2,5,3,6,7,0,0,0,0},{0,0,0,0,0,0,0,0,0}}
]
13:52:47.893 INFO  [main] SudokuBoard - Warto?? 0 wstawiona nieprawid?owo
13:52:47.894 INFO  [main] SudokuBoard - B?ad w kwadracie 0
sudoku.model.SudokuBoard@623c9988[
  size=9
  solver=sudoku.model.BacktrackingSudokuSolver@66ab3716
  board={{9,1,2,8,3,4,5,6,7},{3,4,5,2,6,7,8,9,1},{6,7,8,9,1,5,2,3,4},{4,8,6,3,2,9,7,1,5},{1,3,9,7,5,8,4,2,6},{5,2,7,1,4,6,9,8,3},{7,9,1,4,8,3,6,5,2},{2,5,3,6,0,0,0,0,0},{0,0,0,0,0,0,0,0,0}}
]
13:52:47.894 INFO  [main] SudokuBoard - Warto?? 0 wstawiona nieprawid?owo
13:52:47.894 INFO  [main] SudokuBoard - B?ad w kwadracie 0
sudoku.model.SudokuBoard@623c9988[
  size=9
  solver=sudoku.model.BacktrackingSudokuSolver@66ab3716
  board={{9,1,2,8,3,4,5,6,7},{3,4,5,2,6,7,8,9,1},{6,7,8,9,1,5,2,3,4},{4,8,6,3,2,9,7,1,5},{1,3,9,7,5,8,4,2,6},{5,2,7,1,4,6,9,8,3},{7,9,1,4,8,3,6,5,2},{2,5,3,6,9,0,0,0,0},{0,0,0,0,0,0,0,0,0}}
]
13:52:47.894 INFO  [main] SudokuBoard - Warto?? 0 wstawiona nieprawid?owo
13:52:47.894 INFO  [main] SudokuBoard - B?ad w kwadracie 0
sudoku.model.SudokuBoard@623c9988[
  size=9
  solver=sudoku.model.BacktrackingSudokuSolver@66ab3716
  board={{9,1,2,8,3,4,5,6,7},{3,4,5,2,6,7,8,9,1},{6,7,8,9,1,5,2,3,4},{4,8,6,3,2,9,7,1,5},{1,3,9,7,5,8,4,2,6},{5,2,7,1,4,6,9,8,3},{7,9,1,4,8,3,6,5,2},{2,5,3,6,0,0,0,0,0},{0,0,0,0,0,0,0,0,0}}
]
13:52:47.895 INFO  [main] SudokuBoard - Warto?? 0 wstawiona nieprawid?owo
13:52:47.895 INFO  [main] SudokuBoard - B?ad w kwadracie 0
sudoku.model.SudokuBoard@623c9988[
  size=9
  solver=sudoku.model.BacktrackingSudokuSolver@66ab3716
  board={{9,1,2,8,3,4,5,6,7},{3,4,5,2,6,7,8,9,1},{6,7,8,9,1,5,2,3,4},{4,8,6,3,2,9,7,1,5},{1,3,9,7,5,8,4,2,6},{5,2,7,1,4,6,9,8,3},{7,9,1,4,8,3,6,5,2},{2,5,3,0,0,0,0,0,0},{0,0,0,0,0,0,0,0,0}}
]
13:52:47.895 INFO  [main] SudokuBoard - Warto?? 0 wstawiona nieprawid?owo
13:52:47.895 INFO  [main] SudokuBoard - B?ad w kwadracie 0
sudoku.model.SudokuBoard@623c9988[
  size=9
  solver=sudoku.model.BacktrackingSudokuSolver@66ab3716
  board={{9,1,2,8,3,4,5,6,7},{3,4,5,2,6,7,8,9,1},{6,7,8,9,1,5,2,3,4},{4,8,6,3,2,9,7,1,5},{1,3,9,7,5,8,4,2,6},{5,2,7,1,4,6,9,8,3},{7,9,1,4,8,3,6,5,2},{2,5,0,0,0,0,0,0,0},{0,0,0,0,0,0,0,0,0}}
]
13:52:47.895 INFO  [main] SudokuBoard - Warto?? 0 wstawiona nieprawid?owo
13:52:47.895 INFO  [main] SudokuBoard - B?ad w kwadracie 0
sudoku.model.SudokuBoard@623c9988[
  size=9
  solver=sudoku.model.BacktrackingSudokuSolver@66ab3716
  board={{9,1,2,8,3,4,5,6,7},{3,4,5,2,6,7,8,9,1},{6,7,8,9,1,5,2,3,4},{4,8,6,3,2,9,7,1,5},{1,3,9,7,5,8,4,2,6},{5,2,7,1,4,6,9,8,3},{7,9,1,4,8,3,6,5,2},{2,5,4,6,7,1,0,0,0},{0,0,0,0,0,0,0,0,0}}
]
13:52:47.895 INFO  [main] SudokuBoard - Warto?? 0 wstawiona nieprawid?owo
13:52:47.895 INFO  [main] SudokuBoard - B?ad w kwadracie 0
sudoku.model.SudokuBoard@623c9988[
  size=9
  solver=sudoku.model.BacktrackingSudokuSolver@66ab3716
  board={{9,1,2,8,3,4,5,6,7},{3,4,5,2,6,7,8,9,1},{6,7,8,9,1,5,2,3,4},{4,8,6,3,2,9,7,1,5},{1,3,9,7,5,8,4,2,6},{5,2,7,1,4,6,9,8,3},{7,9,1,4,8,3,6,5,2},{2,5,4,6,7,0,0,0,0},{0,0,0,0,0,0,0,0,0}}
]
13:52:47.895 INFO  [main] SudokuBoard - Warto?? 0 wstawiona nieprawid?owo
13:52:47.896 INFO  [main] SudokuBoard - B?ad w kwadracie 0
sudoku.model.SudokuBoard@623c9988[
  size=9
  solver=sudoku.model.BacktrackingSudokuSolver@66ab3716
  board={{9,1,2,8,3,4,5,6,7},{3,4,5,2,6,7,8,9,1},{6,7,8,9,1,5,2,3,4},{4,8,6,3,2,9,7,1,5},{1,3,9,7,5,8,4,2,6},{5,2,7,1,4,6,9,8,3},{7,9,1,4,8,3,6,5,2},{2,5,4,6,0,0,0,0,0},{0,0,0,0,0,0,0,0,0}}
]
13:52:47.896 INFO  [main] SudokuBoard - Warto?? 0 wstawiona nieprawid?owo
13:52:47.896 INFO  [main] SudokuBoard - B?ad w kwadracie 0
sudoku.model.SudokuBoard@623c9988[
  size=9
  solver=sudoku.model.BacktrackingSudokuSolver@66ab3716
  board={{0,1,2,8,3,4,5,6,7},{3,4,5,2,6,7,8,9,1},{6,7,8,9,1,5,2,3,4},{4,8,6,3,2,9,7,1,5},{1,3,9,7,5,8,4,2,6},{5,2,7,1,4,6,9,8,3},{7,9,1,4,8,3,6,5,2},{2,5,4,6,9,1,3,7,8},{8,6,3,5,7,2,1,4,9}}
]
13:52:47.896 INFO  [main] SudokuBoard - Warto?? 0 wstawiona nieprawid?owo
]]></system-out>
  </testcase>
</testsuite>