<?xml version="1.0" encoding="UTF-8"?>
<testsuite xmlns:xsi="http://www.w3.org/2001/XMLSchema-instance" xsi:noNamespaceSchemaLocation="https://maven.apache.org/surefire/maven-surefire-plugin/xsd/surefire-test-report-3.0.xsd" version="3.0" name="sudoku.model.SudokuBoardTest" time="0.509" tests="14" errors="0" skipped="0" failures="0">
  <properties>
    <property name="java.specification.version" value="14"/>
    <property name="sun.cpu.isalist" value="amd64"/>
    <property name="sun.jnu.encoding" value="Cp1252"/>
    <property name="java.class.path" value="D:\New\an_pn_1145_03\Model\target\test-classes;C:\Users\MaciekDate\.m2\repository\org\junit\jupiter\junit-jupiter-engine\5.6.2\junit-jupiter-engine-5.6.2.jar;C:\Users\MaciekDate\.m2\repository\org\apiguardian\apiguardian-api\1.1.0\apiguardian-api-1.1.0.jar;C:\Users\MaciekDate\.m2\repository\org\junit\platform\junit-platform-engine\1.6.2\junit-platform-engine-1.6.2.jar;C:\Users\MaciekDate\.m2\repository\org\opentest4j\opentest4j\1.2.0\opentest4j-1.2.0.jar;C:\Users\MaciekDate\.m2\repository\org\junit\platform\junit-platform-commons\1.6.2\junit-platform-commons-1.6.2.jar;C:\Users\MaciekDate\.m2\repository\org\junit\jupiter\junit-jupiter-api\5.6.2\junit-jupiter-api-5.6.2.jar;C:\Users\MaciekDate\.m2\repository\org\apache\logging\log4j\log4j-api\2.7\log4j-api-2.7.jar;C:\Users\MaciekDate\.m2\repository\org\apache\logging\log4j\log4j-core\2.7\log4j-core-2.7.jar;C:\Users\MaciekDate\.m2\repository\org\apache\logging\log4j\log4j-slf4j-impl\2.7\log4j-slf4j-impl-2.7.jar;C:\Users\MaciekDate\.m2\repository\org\openjfx\javafx-controls\13\javafx-controls-13.jar;C:\Users\MaciekDate\.m2\repository\org\openjfx\javafx-controls\13\javafx-controls-13-win.jar;C:\Users\MaciekDate\.m2\repository\org\openjfx\javafx-graphics\13\javafx-graphics-13.jar;C:\Users\MaciekDate\.m2\repository\org\openjfx\javafx-graphics\13\javafx-graphics-13-win.jar;C:\Users\MaciekDate\.m2\repository\org\openjfx\javafx-base\13\javafx-base-13.jar;C:\Users\MaciekDate\.m2\repository\org\openjfx\javafx-fxml\13\javafx-fxml-13.jar;C:\Users\MaciekDate\.m2\repository\org\openjfx\javafx-fxml\13\javafx-fxml-13-win.jar;"/>
    <property name="java.vm.vendor" value="Oracle Corporation"/>
    <property name="sun.arch.data.model" value="64"/>
    <property name="user.variant" value=""/>
    <property name="java.vendor.url" value="https://java.oracle.com/"/>
    <property name="user.timezone" value="Europe/Warsaw"/>
    <property name="os.name" value="Windows 10"/>
    <property name="java.vm.specification.version" value="14"/>
    <property name="sun.java.launcher" value="SUN_STANDARD"/>
    <property name="user.country" value="US"/>
    <property name="sun.boot.library.path" value="D:\openjdk\jdk-14.0.2\bin"/>
    <property name="sun.java.command" value="org.apache.maven.surefire.booter.ForkedBooter C:\Users\MaciekDate\AppData\Local\Temp\surefire16352485278135371266 2021-01-22T13-21-11_034-jvmRun1 surefire16514077660849095522tmp surefire_01228458859756668441tmp"/>
    <property name="jdk.debug" value="release"/>
    <property name="surefire.test.class.path" value="D:\New\an_pn_1145_03\Model\target\test-classes;C:\Users\MaciekDate\.m2\repository\org\junit\jupiter\junit-jupiter-engine\5.6.2\junit-jupiter-engine-5.6.2.jar;C:\Users\MaciekDate\.m2\repository\org\apiguardian\apiguardian-api\1.1.0\apiguardian-api-1.1.0.jar;C:\Users\MaciekDate\.m2\repository\org\junit\platform\junit-platform-engine\1.6.2\junit-platform-engine-1.6.2.jar;C:\Users\MaciekDate\.m2\repository\org\opentest4j\opentest4j\1.2.0\opentest4j-1.2.0.jar;C:\Users\MaciekDate\.m2\repository\org\junit\platform\junit-platform-commons\1.6.2\junit-platform-commons-1.6.2.jar;C:\Users\MaciekDate\.m2\repository\org\junit\jupiter\junit-jupiter-api\5.6.2\junit-jupiter-api-5.6.2.jar;C:\Users\MaciekDate\.m2\repository\org\apache\logging\log4j\log4j-api\2.7\log4j-api-2.7.jar;C:\Users\MaciekDate\.m2\repository\org\apache\logging\log4j\log4j-core\2.7\log4j-core-2.7.jar;C:\Users\MaciekDate\.m2\repository\org\apache\logging\log4j\log4j-slf4j-impl\2.7\log4j-slf4j-impl-2.7.jar;C:\Users\MaciekDate\.m2\repository\org\openjfx\javafx-controls\13\javafx-controls-13.jar;C:\Users\MaciekDate\.m2\repository\org\openjfx\javafx-controls\13\javafx-controls-13-win.jar;C:\Users\MaciekDate\.m2\repository\org\openjfx\javafx-graphics\13\javafx-graphics-13.jar;C:\Users\MaciekDate\.m2\repository\org\openjfx\javafx-graphics\13\javafx-graphics-13-win.jar;C:\Users\MaciekDate\.m2\repository\org\openjfx\javafx-base\13\javafx-base-13.jar;C:\Users\MaciekDate\.m2\repository\org\openjfx\javafx-fxml\13\javafx-fxml-13.jar;C:\Users\MaciekDate\.m2\repository\org\openjfx\javafx-fxml\13\javafx-fxml-13-win.jar;"/>
    <property name="sun.cpu.endian" value="little"/>
    <property name="user.home" value="C:\Users\MaciekDate"/>
    <property name="user.language" value="en"/>
    <property name="java.specification.vendor" value="Oracle Corporation"/>
    <property name="jdk.module.path" value="D:\New\an_pn_1145_03\Model\target\classes;C:\Users\MaciekDate\.m2\repository\org\apache\commons\commons-lang3\3.11\commons-lang3-3.11.jar;C:\Users\MaciekDate\.m2\repository\org\slf4j\slf4j-api\1.7.30\slf4j-api-1.7.30.jar;C:\Users\MaciekDate\.m2\repository\org\openjfx\javafx-base\13\javafx-base-13-win.jar"/>
    <property name="java.version.date" value="2020-07-14"/>
    <property name="java.home" value="D:\openjdk\jdk-14.0.2"/>
    <property name="file.separator" value="\"/>
    <property name="basedir" value="D:\New\an_pn_1145_03\Model"/>
    <property name="java.vm.compressedOopsMode" value="Zero based"/>
    <property name="line.separator" value="&#10;"/>
    <property name="java.vm.specification.vendor" value="Oracle Corporation"/>
    <property name="java.specification.name" value="Java Platform API Specification"/>
    <property name="surefire.real.class.path" value="C:\Users\MaciekDate\.m2\repository\org\apache\maven\surefire\surefire-booter\3.0.0-M5\surefire-booter-3.0.0-M5.jar;C:\Users\MaciekDate\.m2\repository\org\apache\maven\surefire\surefire-api\3.0.0-M5\surefire-api-3.0.0-M5.jar;C:\Users\MaciekDate\.m2\repository\org\apache\maven\surefire\surefire-logger-api\3.0.0-M5\surefire-logger-api-3.0.0-M5.jar;C:\Users\MaciekDate\.m2\repository\org\apache\maven\surefire\surefire-shared-utils\3.0.0-M4\surefire-shared-utils-3.0.0-M4.jar;C:\Users\MaciekDate\.m2\repository\org\apache\maven\surefire\surefire-extensions-spi\3.0.0-M5\surefire-extensions-spi-3.0.0-M5.jar;D:\New\an_pn_1145_03\Model\target\test-classes;C:\Users\MaciekDate\.m2\repository\org\junit\jupiter\junit-jupiter-engine\5.6.2\junit-jupiter-engine-5.6.2.jar;C:\Users\MaciekDate\.m2\repository\org\apiguardian\apiguardian-api\1.1.0\apiguardian-api-1.1.0.jar;C:\Users\MaciekDate\.m2\repository\org\junit\platform\junit-platform-engine\1.6.2\junit-platform-engine-1.6.2.jar;C:\Users\MaciekDate\.m2\repository\org\opentest4j\opentest4j\1.2.0\opentest4j-1.2.0.jar;C:\Users\MaciekDate\.m2\repository\org\junit\platform\junit-platform-commons\1.6.2\junit-platform-commons-1.6.2.jar;C:\Users\MaciekDate\.m2\repository\org\junit\jupiter\junit-jupiter-api\5.6.2\junit-jupiter-api-5.6.2.jar;C:\Users\MaciekDate\.m2\repository\org\apache\logging\log4j\log4j-api\2.7\log4j-api-2.7.jar;C:\Users\MaciekDate\.m2\repository\org\apache\logging\log4j\log4j-core\2.7\log4j-core-2.7.jar;C:\Users\MaciekDate\.m2\repository\org\apache\logging\log4j\log4j-slf4j-impl\2.7\log4j-slf4j-impl-2.7.jar;C:\Users\MaciekDate\.m2\repository\org\openjfx\javafx-controls\13\javafx-controls-13.jar;C:\Users\MaciekDate\.m2\repository\org\openjfx\javafx-controls\13\javafx-controls-13-win.jar;C:\Users\MaciekDate\.m2\repository\org\openjfx\javafx-graphics\13\javafx-graphics-13.jar;C:\Users\MaciekDate\.m2\repository\org\openjfx\javafx-graphics\13\javafx-graphics-13-win.jar;C:\Users\MaciekDate\.m2\repository\org\openjfx\javafx-base\13\javafx-base-13.jar;C:\Users\MaciekDate\.m2\repository\org\openjfx\javafx-fxml\13\javafx-fxml-13.jar;C:\Users\MaciekDate\.m2\repository\org\openjfx\javafx-fxml\13\javafx-fxml-13-win.jar;C:\Users\MaciekDate\.m2\repository\org\apache\maven\surefire\surefire-junit-platform\3.0.0-M5\surefire-junit-platform-3.0.0-M5.jar;C:\Users\MaciekDate\.m2\repository\org\apache\maven\surefire\common-java5\3.0.0-M5\common-java5-3.0.0-M5.jar;C:\Users\MaciekDate\.m2\repository\org\junit\platform\junit-platform-launcher\1.6.2\junit-platform-launcher-1.6.2.jar"/>
    <property name="user.script" value=""/>
    <property name="sun.management.compiler" value="HotSpot 64-Bit Tiered Compilers"/>
    <property name="java.runtime.version" value="14.0.2+12-46"/>
    <property name="user.name" value="MaciekDate"/>
    <property name="path.separator" value=";"/>
    <property name="os.version" value="10.0"/>
    <property name="java.runtime.name" value="OpenJDK Runtime Environment"/>
    <property name="file.encoding" value="Cp1252"/>
    <property name="java.vm.name" value="OpenJDK 64-Bit Server VM"/>
    <property name="localRepository" value="C:\Users\MaciekDate\.m2\repository"/>
    <property name="java.vendor.url.bug" value="https://bugreport.java.com/bugreport/"/>
    <property name="java.io.tmpdir" value="C:\Users\MACIEK~1\AppData\Local\Temp\"/>
    <property name="idea.version" value="2020.3"/>
    <property name="java.version" value="14.0.2"/>
    <property name="user.dir" value="D:\New\an_pn_1145_03\Model"/>
    <property name="os.arch" value="amd64"/>
    <property name="java.vm.specification.name" value="Java Virtual Machine Specification"/>
    <property name="sun.os.patch.level" value=""/>
    <property name="java.library.path" value="D:\openjdk\jdk-14.0.2\bin;C:\Windows\Sun\Java\bin;C:\Windows\system32;C:\Windows;c:\program files\python39\scripts\;c:\program files\python39\;c:\programdata\oracle\java\javapath;c:\program files (x86)\common files\oracle\java\javapath;c:\windows\system32;c:\windows;c:\windows\system32\wbem;c:\windows\system32\windowspowershell\v1.0\;c:\windows\system32\openssh\;c:\program files\nvidia corporation\nvidia nvdlisr;C:\Program Files\Git\cmd;C:\Program Files (x86)\Windows Live\Shared;C:\Users\MaciekDate\AppData\Local\Microsoft\WindowsApps;C:\Users\MaciekDate\AppData\Local\GitHubDesktop\bin;D:\Programs\PyCharm 2020.2.3\bin;;D:\Programs\CLion 2020.2.4\bin;;."/>
    <property name="java.vm.info" value="mixed mode"/>
    <property name="java.vendor" value="Oracle Corporation"/>
    <property name="java.vm.version" value="14.0.2+12-46"/>
    <property name="sun.io.unicode.encoding" value="UnicodeLittle"/>
    <property name="java.class.version" value="58.0"/>
  </properties>
  <testcase name="ShowBoardTest" classname="sudoku.model.SudokuBoardTest" time="0.004"/>
  <testcase name="testEqualsWrongObject" classname="sudoku.model.SudokuBoardTest" time="0.005"/>
  <testcase name="testToString" classname="sudoku.model.SudokuBoardTest" time="0.04">
    <system-out><![CDATA[13:21:17.191 INFO  [main] SudokuBoard - B?ad w kwadracie 0
sudoku.model.SudokuBoard@5bdef8ee[
  size=9
  solver=sudoku.model.BacktrackingSudokuSolver@345d4ecb
  board={{6,7,8,1,2,3,4,9,5},{9,3,1,4,5,6,7,2,8},{5,2,4,7,8,9,3,1,6},{3,8,2,5,7,1,6,4,9},{1,4,5,6,3,8,2,0,0},{0,0,0,0,0,0,0,0,0},{0,0,0,0,0,0,0,0,0},{0,0,0,0,0,0,0,0,0},{0,0,0,0,0,0,0,0,0}}
]
13:21:17.192 INFO  [main] SudokuBoard - Warto?? 0 wstawiona nieprawid?owo
13:21:17.195 INFO  [main] SudokuBoard - B?ad w kwadracie 0
sudoku.model.SudokuBoard@5bdef8ee[
  size=9
  solver=sudoku.model.BacktrackingSudokuSolver@345d4ecb
  board={{6,7,8,1,2,3,4,9,5},{9,3,1,4,5,6,7,2,8},{5,2,4,7,8,9,3,1,6},{3,8,2,5,7,1,6,4,9},{1,4,5,6,3,8,0,0,0},{0,0,0,0,0,0,0,0,0},{0,0,0,0,0,0,0,0,0},{0,0,0,0,0,0,0,0,0},{0,0,0,0,0,0,0,0,0}}
]
13:21:17.196 INFO  [main] SudokuBoard - Warto?? 0 wstawiona nieprawid?owo
13:21:17.196 INFO  [main] SudokuBoard - B?ad w kwadracie 0
sudoku.model.SudokuBoard@5bdef8ee[
  size=9
  solver=sudoku.model.BacktrackingSudokuSolver@345d4ecb
  board={{6,7,8,1,2,3,4,9,5},{9,3,1,4,5,6,7,2,8},{5,2,4,7,8,9,3,1,6},{3,8,2,5,7,1,6,4,9},{1,4,5,6,3,0,0,0,0},{0,0,0,0,0,0,0,0,0},{0,0,0,0,0,0,0,0,0},{0,0,0,0,0,0,0,0,0},{0,0,0,0,0,0,0,0,0}}
]
13:21:17.196 INFO  [main] SudokuBoard - Warto?? 0 wstawiona nieprawid?owo
13:21:17.196 INFO  [main] SudokuBoard - B?ad w kwadracie 0
sudoku.model.SudokuBoard@5bdef8ee[
  size=9
  solver=sudoku.model.BacktrackingSudokuSolver@345d4ecb
  board={{6,7,8,1,2,3,4,9,5},{9,3,1,4,5,6,7,2,8},{5,2,4,7,8,9,3,1,6},{3,8,2,5,7,1,6,4,9},{1,4,5,6,3,2,8,0,0},{0,0,0,0,0,0,0,0,0},{0,0,0,0,0,0,0,0,0},{0,0,0,0,0,0,0,0,0},{0,0,0,0,0,0,0,0,0}}
]
13:21:17.196 INFO  [main] SudokuBoard - Warto?? 0 wstawiona nieprawid?owo
13:21:17.197 INFO  [main] SudokuBoard - B?ad w kwadracie 0
sudoku.model.SudokuBoard@5bdef8ee[
  size=9
  solver=sudoku.model.BacktrackingSudokuSolver@345d4ecb
  board={{6,7,8,1,2,3,4,9,5},{9,3,1,4,5,6,7,2,8},{5,2,4,7,8,9,3,1,6},{3,8,2,5,7,1,6,4,9},{1,4,5,6,3,2,0,0,0},{0,0,0,0,0,0,0,0,0},{0,0,0,0,0,0,0,0,0},{0,0,0,0,0,0,0,0,0},{0,0,0,0,0,0,0,0,0}}
]
13:21:17.197 INFO  [main] SudokuBoard - Warto?? 0 wstawiona nieprawid?owo
13:21:17.197 INFO  [main] SudokuBoard - B?ad w kwadracie 0
sudoku.model.SudokuBoard@5bdef8ee[
  size=9
  solver=sudoku.model.BacktrackingSudokuSolver@345d4ecb
  board={{6,7,8,1,2,3,4,9,5},{9,3,1,4,5,6,7,2,8},{5,2,4,7,8,9,3,1,6},{3,8,2,5,7,1,6,4,9},{1,4,5,6,3,0,0,0,0},{0,0,0,0,0,0,0,0,0},{0,0,0,0,0,0,0,0,0},{0,0,0,0,0,0,0,0,0},{0,0,0,0,0,0,0,0,0}}
]
13:21:17.197 INFO  [main] SudokuBoard - Warto?? 0 wstawiona nieprawid?owo
13:21:17.197 INFO  [main] SudokuBoard - B?ad w kwadracie 0
sudoku.model.SudokuBoard@5bdef8ee[
  size=9
  solver=sudoku.model.BacktrackingSudokuSolver@345d4ecb
  board={{6,7,8,1,2,3,4,9,5},{9,3,1,4,5,6,7,2,8},{5,2,4,7,8,9,3,1,6},{3,8,2,5,7,1,6,4,9},{1,4,5,6,0,0,0,0,0},{0,0,0,0,0,0,0,0,0},{0,0,0,0,0,0,0,0,0},{0,0,0,0,0,0,0,0,0},{0,0,0,0,0,0,0,0,0}}
]
13:21:17.197 INFO  [main] SudokuBoard - Warto?? 0 wstawiona nieprawid?owo
13:21:17.198 INFO  [main] SudokuBoard - B?ad w kwadracie 0
sudoku.model.SudokuBoard@5bdef8ee[
  size=9
  solver=sudoku.model.BacktrackingSudokuSolver@345d4ecb
  board={{6,7,8,1,2,3,4,9,5},{9,3,1,4,5,6,7,2,8},{5,2,4,7,8,9,3,1,6},{3,8,2,5,7,1,6,4,9},{1,4,5,6,9,8,2,7,3},{7,6,9,2,3,4,5,8,1},{2,5,3,8,1,7,9,6,4},{8,9,6,3,4,5,0,0,0},{0,0,0,0,0,0,0,0,0}}
]
13:21:17.198 INFO  [main] SudokuBoard - Warto?? 0 wstawiona nieprawid?owo
13:21:17.218 INFO  [main] SudokuBoard - B?ad w kwadracie 0
sudoku.model.SudokuBoard@5bdef8ee[
  size=9
  solver=sudoku.model.BacktrackingSudokuSolver@345d4ecb
  board={{6,7,8,1,2,3,4,9,5},{9,3,1,4,5,6,7,2,8},{5,2,4,7,8,9,3,1,6},{3,8,2,5,7,1,6,4,9},{1,4,5,6,9,8,2,7,3},{7,6,9,2,3,4,5,8,1},{2,5,3,8,1,7,9,6,4},{8,9,6,3,4,0,0,0,0},{0,0,0,0,0,0,0,0,0}}
]
13:21:17.218 INFO  [main] SudokuBoard - Warto?? 0 wstawiona nieprawid?owo
sudoku.model.SudokuBoard@66e44f9f[
  size=9
  solver=sudoku.model.BacktrackingSudokuSolver@345d4ecb
  board={{6,7,8,1,2,3,4,9,5},{9,3,1,4,5,6,7,2,8},{5,2,4,7,8,9,3,1,6},{3,8,2,5,7,1,6,4,9},{1,4,5,6,9,8,2,7,3},{7,6,9,2,3,4,5,8,1},{2,5,3,8,1,7,9,6,4},{8,9,6,3,4,2,1,5,7},{4,1,7,9,6,5,8,3,2}}
]
]]></system-out>
  </testcase>
  <testcase name="checkBoardTestRowFalse" classname="sudoku.model.SudokuBoardTest" time="0.022">
    <system-out><![CDATA[13:21:17.235 INFO  [main] SudokuBoard - B?ad w kwadracie 0
sudoku.model.SudokuBoard@79f82fc4[
  size=9
  solver=sudoku.model.BacktrackingSudokuSolver@554db19d
  board={{5,2,8,3,9,4,1,6,7},{9,1,3,5,6,2,4,0,0},{0,0,0,0,0,0,0,0,0},{0,0,0,0,0,0,0,0,0},{0,0,0,0,0,0,0,0,0},{0,0,0,0,0,0,0,0,0},{0,0,0,0,0,0,0,0,0},{0,0,0,0,0,0,0,0,0},{0,0,0,0,0,0,0,0,0}}
]
13:21:17.236 INFO  [main] SudokuBoard - Warto?? 0 wstawiona nieprawid?owo
13:21:17.236 INFO  [main] SudokuBoard - B?ad w kwadracie 0
sudoku.model.SudokuBoard@79f82fc4[
  size=9
  solver=sudoku.model.BacktrackingSudokuSolver@554db19d
  board={{5,2,8,3,9,4,1,6,7},{9,1,3,5,6,2,0,0,0},{0,0,0,0,0,0,0,0,0},{0,0,0,0,0,0,0,0,0},{0,0,0,0,0,0,0,0,0},{0,0,0,0,0,0,0,0,0},{0,0,0,0,0,0,0,0,0},{0,0,0,0,0,0,0,0,0},{0,0,0,0,0,0,0,0,0}}
]
13:21:17.236 INFO  [main] SudokuBoard - Warto?? 0 wstawiona nieprawid?owo
13:21:17.238 INFO  [main] SudokuBoard - B?ad w kwadracie 0
sudoku.model.SudokuBoard@79f82fc4[
  size=9
  solver=sudoku.model.BacktrackingSudokuSolver@554db19d
  board={{5,2,8,3,9,4,1,6,7},{9,1,3,5,6,2,8,0,0},{0,0,0,0,0,0,0,0,0},{0,0,0,0,0,0,0,0,0},{0,0,0,0,0,0,0,0,0},{0,0,0,0,0,0,0,0,0},{0,0,0,0,0,0,0,0,0},{0,0,0,0,0,0,0,0,0},{0,0,0,0,0,0,0,0,0}}
]
13:21:17.238 INFO  [main] SudokuBoard - Warto?? 0 wstawiona nieprawid?owo
13:21:17.238 INFO  [main] SudokuBoard - B?ad w kwadracie 0
sudoku.model.SudokuBoard@79f82fc4[
  size=9
  solver=sudoku.model.BacktrackingSudokuSolver@554db19d
  board={{5,2,8,3,9,4,1,6,7},{9,1,3,5,6,2,0,0,0},{0,0,0,0,0,0,0,0,0},{0,0,0,0,0,0,0,0,0},{0,0,0,0,0,0,0,0,0},{0,0,0,0,0,0,0,0,0},{0,0,0,0,0,0,0,0,0},{0,0,0,0,0,0,0,0,0},{0,0,0,0,0,0,0,0,0}}
]
13:21:17.238 INFO  [main] SudokuBoard - Warto?? 0 wstawiona nieprawid?owo
13:21:17.239 INFO  [main] SudokuBoard - B?ad w kwadracie 0
sudoku.model.SudokuBoard@79f82fc4[
  size=9
  solver=sudoku.model.BacktrackingSudokuSolver@554db19d
  board={{5,2,8,3,9,4,1,6,7},{9,1,3,5,6,0,0,0,0},{0,0,0,0,0,0,0,0,0},{0,0,0,0,0,0,0,0,0},{0,0,0,0,0,0,0,0,0},{0,0,0,0,0,0,0,0,0},{0,0,0,0,0,0,0,0,0},{0,0,0,0,0,0,0,0,0},{0,0,0,0,0,0,0,0,0}}
]
13:21:17.239 INFO  [main] SudokuBoard - Warto?? 0 wstawiona nieprawid?owo
13:21:17.240 INFO  [main] SudokuBoard - B?ad w kwadracie 0
sudoku.model.SudokuBoard@79f82fc4[
  size=9
  solver=sudoku.model.BacktrackingSudokuSolver@554db19d
  board={{5,2,8,3,9,4,1,6,7},{9,1,3,5,6,7,4,2,8},{4,6,7,1,8,2,3,9,5},{8,3,4,2,5,6,9,7,1},{1,5,6,4,7,8,2,0,0},{0,0,0,0,0,0,0,0,0},{0,0,0,0,0,0,0,0,0},{0,0,0,0,0,0,0,0,0},{0,0,0,0,0,0,0,0,0}}
]
13:21:17.240 INFO  [main] SudokuBoard - Warto?? 0 wstawiona nieprawid?owo
13:21:17.240 INFO  [main] SudokuBoard - B?ad w kwadracie 0
sudoku.model.SudokuBoard@79f82fc4[
  size=9
  solver=sudoku.model.BacktrackingSudokuSolver@554db19d
  board={{5,2,8,3,9,4,1,6,7},{9,1,3,5,6,7,4,2,8},{4,6,7,1,8,2,3,9,5},{8,3,4,2,5,6,9,7,1},{1,5,6,4,7,8,0,0,0},{0,0,0,0,0,0,0,0,0},{0,0,0,0,0,0,0,0,0},{0,0,0,0,0,0,0,0,0},{0,0,0,0,0,0,0,0,0}}
]
13:21:17.240 INFO  [main] SudokuBoard - Warto?? 0 wstawiona nieprawid?owo
13:21:17.241 INFO  [main] SudokuBoard - B?ad w kwadracie 0
sudoku.model.SudokuBoard@79f82fc4[
  size=9
  solver=sudoku.model.BacktrackingSudokuSolver@554db19d
  board={{5,2,8,3,9,4,1,6,7},{9,1,3,5,6,7,4,2,8},{4,6,7,1,8,2,3,9,5},{8,3,4,2,5,6,9,7,1},{1,5,6,4,7,0,0,0,0},{0,0,0,0,0,0,0,0,0},{0,0,0,0,0,0,0,0,0},{0,0,0,0,0,0,0,0,0},{0,0,0,0,0,0,0,0,0}}
]
13:21:17.241 INFO  [main] SudokuBoard - Warto?? 0 wstawiona nieprawid?owo
13:21:17.241 INFO  [main] SudokuBoard - B?ad w kwadracie 0
sudoku.model.SudokuBoard@79f82fc4[
  size=9
  solver=sudoku.model.BacktrackingSudokuSolver@554db19d
  board={{1,2,8,3,9,4,1,6,7},{9,1,3,5,6,7,4,2,8},{4,6,7,1,8,2,3,9,5},{8,3,4,2,5,6,9,7,1},{1,5,6,4,7,9,8,3,2},{7,9,2,8,1,3,5,4,6},{2,4,1,6,3,5,7,8,9},{3,7,5,9,2,8,6,1,4},{6,8,9,7,4,1,2,5,3}}
]
13:21:17.241 INFO  [main] SudokuBoard - Warto?? 1 wstawiona nieprawid?owo
13:21:17.242 INFO  [main] SudokuBoard - B?ad w kwadracie 0
sudoku.model.SudokuBoard@79f82fc4[
  size=9
  solver=sudoku.model.BacktrackingSudokuSolver@554db19d
  board={{1,1,8,3,9,4,1,6,7},{9,1,3,5,6,7,4,2,8},{4,6,7,1,8,2,3,9,5},{8,3,4,2,5,6,9,7,1},{1,5,6,4,7,9,8,3,2},{7,9,2,8,1,3,5,4,6},{2,4,1,6,3,5,7,8,9},{3,7,5,9,2,8,6,1,4},{6,8,9,7,4,1,2,5,3}}
]
13:21:17.243 INFO  [main] SudokuBoard - Warto?? 1 wstawiona nieprawid?owo
13:21:17.244 INFO  [main] SudokuBoard - B?ad w kwadracie 0
sudoku.model.SudokuBoard@bb896e9[
  size=9
  solver=sudoku.model.BacktrackingSudokuSolver@554db19d
  board={{1,1,8,3,9,4,1,6,7},{9,1,3,5,6,7,4,2,8},{4,6,7,1,8,2,3,9,5},{8,3,4,2,5,6,9,7,1},{1,5,6,4,7,9,8,3,2},{7,9,2,8,1,3,5,4,6},{2,4,1,6,3,5,7,8,9},{3,7,5,9,2,8,6,1,4},{6,8,9,7,4,1,2,5,3}}
]
]]></system-out>
  </testcase>
  <testcase name="testEqualsDiffrentInstance" classname="sudoku.model.SudokuBoardTest" time="0.033"/>
  <testcase name="cloneTest" classname="sudoku.model.SudokuBoardTest" time="0.087">
    <system-out><![CDATA[13:21:17.296 INFO  [main] SudokuBoard - B?ad w kwadracie 0
sudoku.model.SudokuBoard@4fe4b8b6[
  size=9
  solver=sudoku.model.BacktrackingSudokuSolver@77da2881
  board={{6,3,4,2,5,1,7,8,9},{1,2,5,9,3,4,0,0,0},{0,0,0,0,0,0,0,0,0},{0,0,0,0,0,0,0,0,0},{0,0,0,0,0,0,0,0,0},{0,0,0,0,0,0,0,0,0},{0,0,0,0,0,0,0,0,0},{0,0,0,0,0,0,0,0,0},{0,0,0,0,0,0,0,0,0}}
]
13:21:17.296 INFO  [main] SudokuBoard - Warto?? 0 wstawiona nieprawid?owo
13:21:17.296 INFO  [main] SudokuBoard - B?ad w kwadracie 0
sudoku.model.SudokuBoard@4fe4b8b6[
  size=9
  solver=sudoku.model.BacktrackingSudokuSolver@77da2881
  board={{6,3,4,2,5,1,7,8,9},{1,2,5,9,3,0,0,0,0},{0,0,0,0,0,0,0,0,0},{0,0,0,0,0,0,0,0,0},{0,0,0,0,0,0,0,0,0},{0,0,0,0,0,0,0,0,0},{0,0,0,0,0,0,0,0,0},{0,0,0,0,0,0,0,0,0},{0,0,0,0,0,0,0,0,0}}
]
13:21:17.297 INFO  [main] SudokuBoard - Warto?? 0 wstawiona nieprawid?owo
13:21:17.297 INFO  [main] SudokuBoard - B?ad w kwadracie 0
sudoku.model.SudokuBoard@4fe4b8b6[
  size=9
  solver=sudoku.model.BacktrackingSudokuSolver@77da2881
  board={{6,3,4,2,5,1,7,8,9},{1,2,5,9,3,6,0,0,0},{0,0,0,0,0,0,0,0,0},{0,0,0,0,0,0,0,0,0},{0,0,0,0,0,0,0,0,0},{0,0,0,0,0,0,0,0,0},{0,0,0,0,0,0,0,0,0},{0,0,0,0,0,0,0,0,0},{0,0,0,0,0,0,0,0,0}}
]
13:21:17.297 INFO  [main] SudokuBoard - Warto?? 0 wstawiona nieprawid?owo
13:21:17.297 INFO  [main] SudokuBoard - B?ad w kwadracie 0
sudoku.model.SudokuBoard@4fe4b8b6[
  size=9
  solver=sudoku.model.BacktrackingSudokuSolver@77da2881
  board={{6,3,4,2,5,1,7,8,9},{1,2,5,9,3,0,0,0,0},{0,0,0,0,0,0,0,0,0},{0,0,0,0,0,0,0,0,0},{0,0,0,0,0,0,0,0,0},{0,0,0,0,0,0,0,0,0},{0,0,0,0,0,0,0,0,0},{0,0,0,0,0,0,0,0,0},{0,0,0,0,0,0,0,0,0}}
]
13:21:17.297 INFO  [main] SudokuBoard - Warto?? 0 wstawiona nieprawid?owo
13:21:17.297 INFO  [main] SudokuBoard - B?ad w kwadracie 0
sudoku.model.SudokuBoard@4fe4b8b6[
  size=9
  solver=sudoku.model.BacktrackingSudokuSolver@77da2881
  board={{6,3,4,2,5,1,7,8,9},{1,2,5,9,3,7,6,0,0},{0,0,0,0,0,0,0,0,0},{0,0,0,0,0,0,0,0,0},{0,0,0,0,0,0,0,0,0},{0,0,0,0,0,0,0,0,0},{0,0,0,0,0,0,0,0,0},{0,0,0,0,0,0,0,0,0},{0,0,0,0,0,0,0,0,0}}
]
13:21:17.297 INFO  [main] SudokuBoard - Warto?? 0 wstawiona nieprawid?owo
13:21:17.298 INFO  [main] SudokuBoard - B?ad w kwadracie 0
sudoku.model.SudokuBoard@4fe4b8b6[
  size=9
  solver=sudoku.model.BacktrackingSudokuSolver@77da2881
  board={{6,3,4,2,5,1,7,8,9},{1,2,5,9,3,7,0,0,0},{0,0,0,0,0,0,0,0,0},{0,0,0,0,0,0,0,0,0},{0,0,0,0,0,0,0,0,0},{0,0,0,0,0,0,0,0,0},{0,0,0,0,0,0,0,0,0},{0,0,0,0,0,0,0,0,0},{0,0,0,0,0,0,0,0,0}}
]
13:21:17.298 INFO  [main] SudokuBoard - Warto?? 0 wstawiona nieprawid?owo
13:21:17.298 INFO  [main] SudokuBoard - B?ad w kwadracie 0
sudoku.model.SudokuBoard@4fe4b8b6[
  size=9
  solver=sudoku.model.BacktrackingSudokuSolver@77da2881
  board={{6,3,4,2,5,1,7,8,9},{1,2,5,9,3,7,4,0,0},{0,0,0,0,0,0,0,0,0},{0,0,0,0,0,0,0,0,0},{0,0,0,0,0,0,0,0,0},{0,0,0,0,0,0,0,0,0},{0,0,0,0,0,0,0,0,0},{0,0,0,0,0,0,0,0,0},{0,0,0,0,0,0,0,0,0}}
]
13:21:17.298 INFO  [main] SudokuBoard - Warto?? 0 wstawiona nieprawid?owo
13:21:17.298 INFO  [main] SudokuBoard - B?ad w kwadracie 0
sudoku.model.SudokuBoard@4fe4b8b6[
  size=9
  solver=sudoku.model.BacktrackingSudokuSolver@77da2881
  board={{6,3,4,2,5,1,7,8,9},{1,2,5,9,3,7,0,0,0},{0,0,0,0,0,0,0,0,0},{0,0,0,0,0,0,0,0,0},{0,0,0,0,0,0,0,0,0},{0,0,0,0,0,0,0,0,0},{0,0,0,0,0,0,0,0,0},{0,0,0,0,0,0,0,0,0},{0,0,0,0,0,0,0,0,0}}
]
13:21:17.298 INFO  [main] SudokuBoard - Warto?? 0 wstawiona nieprawid?owo
13:21:17.298 INFO  [main] SudokuBoard - B?ad w kwadracie 0
sudoku.model.SudokuBoard@4fe4b8b6[
  size=9
  solver=sudoku.model.BacktrackingSudokuSolver@77da2881
  board={{6,3,4,2,5,1,7,8,9},{1,2,5,9,3,0,0,0,0},{0,0,0,0,0,0,0,0,0},{0,0,0,0,0,0,0,0,0},{0,0,0,0,0,0,0,0,0},{0,0,0,0,0,0,0,0,0},{0,0,0,0,0,0,0,0,0},{0,0,0,0,0,0,0,0,0},{0,0,0,0,0,0,0,0,0}}
]
13:21:17.298 INFO  [main] SudokuBoard - Warto?? 0 wstawiona nieprawid?owo
13:21:17.299 INFO  [main] SudokuBoard - B?ad w kwadracie 0
sudoku.model.SudokuBoard@4fe4b8b6[
  size=9
  solver=sudoku.model.BacktrackingSudokuSolver@77da2881
  board={{6,3,4,2,5,1,7,8,9},{1,2,5,9,3,8,4,0,0},{0,0,0,0,0,0,0,0,0},{0,0,0,0,0,0,0,0,0},{0,0,0,0,0,0,0,0,0},{0,0,0,0,0,0,0,0,0},{0,0,0,0,0,0,0,0,0},{0,0,0,0,0,0,0,0,0},{0,0,0,0,0,0,0,0,0}}
]
13:21:17.299 INFO  [main] SudokuBoard - Warto?? 0 wstawiona nieprawid?owo
13:21:17.299 INFO  [main] SudokuBoard - B?ad w kwadracie 0
sudoku.model.SudokuBoard@4fe4b8b6[
  size=9
  solver=sudoku.model.BacktrackingSudokuSolver@77da2881
  board={{6,3,4,2,5,1,7,8,9},{1,2,5,9,3,8,0,0,0},{0,0,0,0,0,0,0,0,0},{0,0,0,0,0,0,0,0,0},{0,0,0,0,0,0,0,0,0},{0,0,0,0,0,0,0,0,0},{0,0,0,0,0,0,0,0,0},{0,0,0,0,0,0,0,0,0},{0,0,0,0,0,0,0,0,0}}
]
13:21:17.299 INFO  [main] SudokuBoard - Warto?? 0 wstawiona nieprawid?owo
13:21:17.299 INFO  [main] SudokuBoard - B?ad w kwadracie 0
sudoku.model.SudokuBoard@4fe4b8b6[
  size=9
  solver=sudoku.model.BacktrackingSudokuSolver@77da2881
  board={{6,3,4,2,5,1,7,8,9},{1,2,5,9,3,8,6,0,0},{0,0,0,0,0,0,0,0,0},{0,0,0,0,0,0,0,0,0},{0,0,0,0,0,0,0,0,0},{0,0,0,0,0,0,0,0,0},{0,0,0,0,0,0,0,0,0},{0,0,0,0,0,0,0,0,0},{0,0,0,0,0,0,0,0,0}}
]
13:21:17.299 INFO  [main] SudokuBoard - Warto?? 0 wstawiona nieprawid?owo
13:21:17.299 INFO  [main] SudokuBoard - B?ad w kwadracie 0
sudoku.model.SudokuBoard@4fe4b8b6[
  size=9
  solver=sudoku.model.BacktrackingSudokuSolver@77da2881
  board={{6,3,4,2,5,1,7,8,9},{1,2,5,9,3,8,0,0,0},{0,0,0,0,0,0,0,0,0},{0,0,0,0,0,0,0,0,0},{0,0,0,0,0,0,0,0,0},{0,0,0,0,0,0,0,0,0},{0,0,0,0,0,0,0,0,0},{0,0,0,0,0,0,0,0,0},{0,0,0,0,0,0,0,0,0}}
]
13:21:17.299 INFO  [main] SudokuBoard - Warto?? 0 wstawiona nieprawid?owo
13:21:17.300 INFO  [main] SudokuBoard - B?ad w kwadracie 0
sudoku.model.SudokuBoard@4fe4b8b6[
  size=9
  solver=sudoku.model.BacktrackingSudokuSolver@77da2881
  board={{6,3,4,2,5,1,7,8,9},{1,2,5,9,3,0,0,0,0},{0,0,0,0,0,0,0,0,0},{0,0,0,0,0,0,0,0,0},{0,0,0,0,0,0,0,0,0},{0,0,0,0,0,0,0,0,0},{0,0,0,0,0,0,0,0,0},{0,0,0,0,0,0,0,0,0},{0,0,0,0,0,0,0,0,0}}
]
13:21:17.300 INFO  [main] SudokuBoard - Warto?? 0 wstawiona nieprawid?owo
13:21:17.300 INFO  [main] SudokuBoard - B?ad w kwadracie 0
sudoku.model.SudokuBoard@4fe4b8b6[
  size=9
  solver=sudoku.model.BacktrackingSudokuSolver@77da2881
  board={{6,3,4,2,5,1,7,8,9},{1,2,5,9,0,0,0,0,0},{0,0,0,0,0,0,0,0,0},{0,0,0,0,0,0,0,0,0},{0,0,0,0,0,0,0,0,0},{0,0,0,0,0,0,0,0,0},{0,0,0,0,0,0,0,0,0},{0,0,0,0,0,0,0,0,0},{0,0,0,0,0,0,0,0,0}}
]
13:21:17.300 INFO  [main] SudokuBoard - Warto?? 0 wstawiona nieprawid?owo
13:21:17.300 INFO  [main] SudokuBoard - B?ad w kwadracie 0
sudoku.model.SudokuBoard@4fe4b8b6[
  size=9
  solver=sudoku.model.BacktrackingSudokuSolver@77da2881
  board={{6,3,4,2,5,1,7,8,9},{1,2,5,9,4,7,3,0,0},{0,0,0,0,0,0,0,0,0},{0,0,0,0,0,0,0,0,0},{0,0,0,0,0,0,0,0,0},{0,0,0,0,0,0,0,0,0},{0,0,0,0,0,0,0,0,0},{0,0,0,0,0,0,0,0,0},{0,0,0,0,0,0,0,0,0}}
]
13:21:17.300 INFO  [main] SudokuBoard - Warto?? 0 wstawiona nieprawid?owo
13:21:17.301 INFO  [main] SudokuBoard - B?ad w kwadracie 0
sudoku.model.SudokuBoard@4fe4b8b6[
  size=9
  solver=sudoku.model.BacktrackingSudokuSolver@77da2881
  board={{6,3,4,2,5,1,7,8,9},{1,2,5,9,4,7,0,0,0},{0,0,0,0,0,0,0,0,0},{0,0,0,0,0,0,0,0,0},{0,0,0,0,0,0,0,0,0},{0,0,0,0,0,0,0,0,0},{0,0,0,0,0,0,0,0,0},{0,0,0,0,0,0,0,0,0},{0,0,0,0,0,0,0,0,0}}
]
13:21:17.301 INFO  [main] SudokuBoard - Warto?? 0 wstawiona nieprawid?owo
13:21:17.301 INFO  [main] SudokuBoard - B?ad w kwadracie 0
sudoku.model.SudokuBoard@4fe4b8b6[
  size=9
  solver=sudoku.model.BacktrackingSudokuSolver@77da2881
  board={{6,3,4,2,5,1,7,8,9},{1,2,5,9,4,7,6,0,0},{0,0,0,0,0,0,0,0,0},{0,0,0,0,0,0,0,0,0},{0,0,0,0,0,0,0,0,0},{0,0,0,0,0,0,0,0,0},{0,0,0,0,0,0,0,0,0},{0,0,0,0,0,0,0,0,0},{0,0,0,0,0,0,0,0,0}}
]
13:21:17.301 INFO  [main] SudokuBoard - Warto?? 0 wstawiona nieprawid?owo
13:21:17.301 INFO  [main] SudokuBoard - B?ad w kwadracie 0
sudoku.model.SudokuBoard@4fe4b8b6[
  size=9
  solver=sudoku.model.BacktrackingSudokuSolver@77da2881
  board={{6,3,4,2,5,1,7,8,9},{1,2,5,9,4,7,0,0,0},{0,0,0,0,0,0,0,0,0},{0,0,0,0,0,0,0,0,0},{0,0,0,0,0,0,0,0,0},{0,0,0,0,0,0,0,0,0},{0,0,0,0,0,0,0,0,0},{0,0,0,0,0,0,0,0,0},{0,0,0,0,0,0,0,0,0}}
]
13:21:17.302 INFO  [main] SudokuBoard - Warto?? 0 wstawiona nieprawid?owo
13:21:17.302 INFO  [main] SudokuBoard - B?ad w kwadracie 0
sudoku.model.SudokuBoard@4fe4b8b6[
  size=9
  solver=sudoku.model.BacktrackingSudokuSolver@77da2881
  board={{6,3,4,2,5,1,7,8,9},{1,2,5,9,4,0,0,0,0},{0,0,0,0,0,0,0,0,0},{0,0,0,0,0,0,0,0,0},{0,0,0,0,0,0,0,0,0},{0,0,0,0,0,0,0,0,0},{0,0,0,0,0,0,0,0,0},{0,0,0,0,0,0,0,0,0},{0,0,0,0,0,0,0,0,0}}
]
13:21:17.302 INFO  [main] SudokuBoard - Warto?? 0 wstawiona nieprawid?owo
13:21:17.303 INFO  [main] SudokuBoard - B?ad w kwadracie 0
sudoku.model.SudokuBoard@4fe4b8b6[
  size=9
  solver=sudoku.model.BacktrackingSudokuSolver@77da2881
  board={{6,3,4,2,5,1,7,8,9},{1,2,5,9,4,8,6,0,0},{0,0,0,0,0,0,0,0,0},{0,0,0,0,0,0,0,0,0},{0,0,0,0,0,0,0,0,0},{0,0,0,0,0,0,0,0,0},{0,0,0,0,0,0,0,0,0},{0,0,0,0,0,0,0,0,0},{0,0,0,0,0,0,0,0,0}}
]
13:21:17.303 INFO  [main] SudokuBoard - Warto?? 0 wstawiona nieprawid?owo
13:21:17.303 INFO  [main] SudokuBoard - B?ad w kwadracie 0
sudoku.model.SudokuBoard@4fe4b8b6[
  size=9
  solver=sudoku.model.BacktrackingSudokuSolver@77da2881
  board={{6,3,4,2,5,1,7,8,9},{1,2,5,9,4,8,0,0,0},{0,0,0,0,0,0,0,0,0},{0,0,0,0,0,0,0,0,0},{0,0,0,0,0,0,0,0,0},{0,0,0,0,0,0,0,0,0},{0,0,0,0,0,0,0,0,0},{0,0,0,0,0,0,0,0,0},{0,0,0,0,0,0,0,0,0}}
]
13:21:17.303 INFO  [main] SudokuBoard - Warto?? 0 wstawiona nieprawid?owo
13:21:17.303 INFO  [main] SudokuBoard - B?ad w kwadracie 0
sudoku.model.SudokuBoard@4fe4b8b6[
  size=9
  solver=sudoku.model.BacktrackingSudokuSolver@77da2881
  board={{6,3,4,2,5,1,7,8,9},{1,2,5,9,4,8,3,0,0},{0,0,0,0,0,0,0,0,0},{0,0,0,0,0,0,0,0,0},{0,0,0,0,0,0,0,0,0},{0,0,0,0,0,0,0,0,0},{0,0,0,0,0,0,0,0,0},{0,0,0,0,0,0,0,0,0},{0,0,0,0,0,0,0,0,0}}
]
13:21:17.303 INFO  [main] SudokuBoard - Warto?? 0 wstawiona nieprawid?owo
13:21:17.304 INFO  [main] SudokuBoard - B?ad w kwadracie 0
sudoku.model.SudokuBoard@4fe4b8b6[
  size=9
  solver=sudoku.model.BacktrackingSudokuSolver@77da2881
  board={{6,3,4,2,5,1,7,8,9},{1,2,5,9,4,8,0,0,0},{0,0,0,0,0,0,0,0,0},{0,0,0,0,0,0,0,0,0},{0,0,0,0,0,0,0,0,0},{0,0,0,0,0,0,0,0,0},{0,0,0,0,0,0,0,0,0},{0,0,0,0,0,0,0,0,0},{0,0,0,0,0,0,0,0,0}}
]
13:21:17.304 INFO  [main] SudokuBoard - Warto?? 0 wstawiona nieprawid?owo
13:21:17.304 INFO  [main] SudokuBoard - B?ad w kwadracie 0
sudoku.model.SudokuBoard@4fe4b8b6[
  size=9
  solver=sudoku.model.BacktrackingSudokuSolver@77da2881
  board={{6,3,4,2,5,1,7,8,9},{1,2,5,9,4,0,0,0,0},{0,0,0,0,0,0,0,0,0},{0,0,0,0,0,0,0,0,0},{0,0,0,0,0,0,0,0,0},{0,0,0,0,0,0,0,0,0},{0,0,0,0,0,0,0,0,0},{0,0,0,0,0,0,0,0,0},{0,0,0,0,0,0,0,0,0}}
]
13:21:17.304 INFO  [main] SudokuBoard - Warto?? 0 wstawiona nieprawid?owo
13:21:17.305 INFO  [main] SudokuBoard - B?ad w kwadracie 0
sudoku.model.SudokuBoard@4fe4b8b6[
  size=9
  solver=sudoku.model.BacktrackingSudokuSolver@77da2881
  board={{6,3,4,2,5,1,7,8,9},{1,2,5,9,4,3,0,0,0},{0,0,0,0,0,0,0,0,0},{0,0,0,0,0,0,0,0,0},{0,0,0,0,0,0,0,0,0},{0,0,0,0,0,0,0,0,0},{0,0,0,0,0,0,0,0,0},{0,0,0,0,0,0,0,0,0},{0,0,0,0,0,0,0,0,0}}
]
13:21:17.305 INFO  [main] SudokuBoard - Warto?? 0 wstawiona nieprawid?owo
13:21:17.306 INFO  [main] SudokuBoard - B?ad w kwadracie 0
sudoku.model.SudokuBoard@4fe4b8b6[
  size=9
  solver=sudoku.model.BacktrackingSudokuSolver@77da2881
  board={{6,3,4,2,5,1,7,8,9},{1,2,5,9,4,0,0,0,0},{0,0,0,0,0,0,0,0,0},{0,0,0,0,0,0,0,0,0},{0,0,0,0,0,0,0,0,0},{0,0,0,0,0,0,0,0,0},{0,0,0,0,0,0,0,0,0},{0,0,0,0,0,0,0,0,0},{0,0,0,0,0,0,0,0,0}}
]
13:21:17.306 INFO  [main] SudokuBoard - Warto?? 0 wstawiona nieprawid?owo
13:21:17.306 INFO  [main] SudokuBoard - B?ad w kwadracie 0
sudoku.model.SudokuBoard@4fe4b8b6[
  size=9
  solver=sudoku.model.BacktrackingSudokuSolver@77da2881
  board={{6,3,4,2,5,1,7,8,9},{1,2,5,9,4,6,0,0,0},{0,0,0,0,0,0,0,0,0},{0,0,0,0,0,0,0,0,0},{0,0,0,0,0,0,0,0,0},{0,0,0,0,0,0,0,0,0},{0,0,0,0,0,0,0,0,0},{0,0,0,0,0,0,0,0,0},{0,0,0,0,0,0,0,0,0}}
]
13:21:17.306 INFO  [main] SudokuBoard - Warto?? 0 wstawiona nieprawid?owo
13:21:17.306 INFO  [main] SudokuBoard - B?ad w kwadracie 0
sudoku.model.SudokuBoard@4fe4b8b6[
  size=9
  solver=sudoku.model.BacktrackingSudokuSolver@77da2881
  board={{6,3,4,2,5,1,7,8,9},{1,2,5,9,4,0,0,0,0},{0,0,0,0,0,0,0,0,0},{0,0,0,0,0,0,0,0,0},{0,0,0,0,0,0,0,0,0},{0,0,0,0,0,0,0,0,0},{0,0,0,0,0,0,0,0,0},{0,0,0,0,0,0,0,0,0},{0,0,0,0,0,0,0,0,0}}
]
13:21:17.307 INFO  [main] SudokuBoard - Warto?? 0 wstawiona nieprawid?owo
13:21:17.307 INFO  [main] SudokuBoard - B?ad w kwadracie 0
sudoku.model.SudokuBoard@4fe4b8b6[
  size=9
  solver=sudoku.model.BacktrackingSudokuSolver@77da2881
  board={{6,3,4,2,5,1,7,8,9},{1,2,5,9,0,0,0,0,0},{0,0,0,0,0,0,0,0,0},{0,0,0,0,0,0,0,0,0},{0,0,0,0,0,0,0,0,0},{0,0,0,0,0,0,0,0,0},{0,0,0,0,0,0,0,0,0},{0,0,0,0,0,0,0,0,0},{0,0,0,0,0,0,0,0,0}}
]
13:21:17.307 INFO  [main] SudokuBoard - Warto?? 0 wstawiona nieprawid?owo
13:21:17.307 INFO  [main] SudokuBoard - B?ad w kwadracie 0
sudoku.model.SudokuBoard@4fe4b8b6[
  size=9
  solver=sudoku.model.BacktrackingSudokuSolver@77da2881
  board={{6,3,4,2,5,1,7,8,9},{1,2,5,9,6,7,3,0,0},{0,0,0,0,0,0,0,0,0},{0,0,0,0,0,0,0,0,0},{0,0,0,0,0,0,0,0,0},{0,0,0,0,0,0,0,0,0},{0,0,0,0,0,0,0,0,0},{0,0,0,0,0,0,0,0,0},{0,0,0,0,0,0,0,0,0}}
]
13:21:17.308 INFO  [main] SudokuBoard - Warto?? 0 wstawiona nieprawid?owo
13:21:17.308 INFO  [main] SudokuBoard - B?ad w kwadracie 0
sudoku.model.SudokuBoard@4fe4b8b6[
  size=9
  solver=sudoku.model.BacktrackingSudokuSolver@77da2881
  board={{6,3,4,2,5,1,7,8,9},{1,2,5,9,6,7,0,0,0},{0,0,0,0,0,0,0,0,0},{0,0,0,0,0,0,0,0,0},{0,0,0,0,0,0,0,0,0},{0,0,0,0,0,0,0,0,0},{0,0,0,0,0,0,0,0,0},{0,0,0,0,0,0,0,0,0},{0,0,0,0,0,0,0,0,0}}
]
13:21:17.308 INFO  [main] SudokuBoard - Warto?? 0 wstawiona nieprawid?owo
13:21:17.308 INFO  [main] SudokuBoard - B?ad w kwadracie 0
sudoku.model.SudokuBoard@4fe4b8b6[
  size=9
  solver=sudoku.model.BacktrackingSudokuSolver@77da2881
  board={{6,3,4,2,5,1,7,8,9},{1,2,5,9,6,7,4,0,0},{0,0,0,0,0,0,0,0,0},{0,0,0,0,0,0,0,0,0},{0,0,0,0,0,0,0,0,0},{0,0,0,0,0,0,0,0,0},{0,0,0,0,0,0,0,0,0},{0,0,0,0,0,0,0,0,0},{0,0,0,0,0,0,0,0,0}}
]
13:21:17.308 INFO  [main] SudokuBoard - Warto?? 0 wstawiona nieprawid?owo
13:21:17.309 INFO  [main] SudokuBoard - B?ad w kwadracie 0
sudoku.model.SudokuBoard@4fe4b8b6[
  size=9
  solver=sudoku.model.BacktrackingSudokuSolver@77da2881
  board={{6,3,4,2,5,1,7,8,9},{1,2,5,9,6,7,0,0,0},{0,0,0,0,0,0,0,0,0},{0,0,0,0,0,0,0,0,0},{0,0,0,0,0,0,0,0,0},{0,0,0,0,0,0,0,0,0},{0,0,0,0,0,0,0,0,0},{0,0,0,0,0,0,0,0,0},{0,0,0,0,0,0,0,0,0}}
]
13:21:17.309 INFO  [main] SudokuBoard - Warto?? 0 wstawiona nieprawid?owo
13:21:17.309 INFO  [main] SudokuBoard - B?ad w kwadracie 0
sudoku.model.SudokuBoard@4fe4b8b6[
  size=9
  solver=sudoku.model.BacktrackingSudokuSolver@77da2881
  board={{6,3,4,2,5,1,7,8,9},{1,2,5,9,6,0,0,0,0},{0,0,0,0,0,0,0,0,0},{0,0,0,0,0,0,0,0,0},{0,0,0,0,0,0,0,0,0},{0,0,0,0,0,0,0,0,0},{0,0,0,0,0,0,0,0,0},{0,0,0,0,0,0,0,0,0},{0,0,0,0,0,0,0,0,0}}
]
13:21:17.309 INFO  [main] SudokuBoard - Warto?? 0 wstawiona nieprawid?owo
13:21:17.309 INFO  [main] SudokuBoard - B?ad w kwadracie 0
sudoku.model.SudokuBoard@4fe4b8b6[
  size=9
  solver=sudoku.model.BacktrackingSudokuSolver@77da2881
  board={{6,3,4,2,5,1,7,8,9},{1,2,5,9,6,8,3,0,0},{0,0,0,0,0,0,0,0,0},{0,0,0,0,0,0,0,0,0},{0,0,0,0,0,0,0,0,0},{0,0,0,0,0,0,0,0,0},{0,0,0,0,0,0,0,0,0},{0,0,0,0,0,0,0,0,0},{0,0,0,0,0,0,0,0,0}}
]
13:21:17.310 INFO  [main] SudokuBoard - Warto?? 0 wstawiona nieprawid?owo
13:21:17.310 INFO  [main] SudokuBoard - B?ad w kwadracie 0
sudoku.model.SudokuBoard@4fe4b8b6[
  size=9
  solver=sudoku.model.BacktrackingSudokuSolver@77da2881
  board={{6,3,4,2,5,1,7,8,9},{1,2,5,9,6,8,0,0,0},{0,0,0,0,0,0,0,0,0},{0,0,0,0,0,0,0,0,0},{0,0,0,0,0,0,0,0,0},{0,0,0,0,0,0,0,0,0},{0,0,0,0,0,0,0,0,0},{0,0,0,0,0,0,0,0,0},{0,0,0,0,0,0,0,0,0}}
]
13:21:17.310 INFO  [main] SudokuBoard - Warto?? 0 wstawiona nieprawid?owo
13:21:17.310 INFO  [main] SudokuBoard - B?ad w kwadracie 0
sudoku.model.SudokuBoard@4fe4b8b6[
  size=9
  solver=sudoku.model.BacktrackingSudokuSolver@77da2881
  board={{6,3,4,2,5,1,7,8,9},{1,2,5,9,6,8,4,0,0},{0,0,0,0,0,0,0,0,0},{0,0,0,0,0,0,0,0,0},{0,0,0,0,0,0,0,0,0},{0,0,0,0,0,0,0,0,0},{0,0,0,0,0,0,0,0,0},{0,0,0,0,0,0,0,0,0},{0,0,0,0,0,0,0,0,0}}
]
13:21:17.310 INFO  [main] SudokuBoard - Warto?? 0 wstawiona nieprawid?owo
13:21:17.311 INFO  [main] SudokuBoard - B?ad w kwadracie 0
sudoku.model.SudokuBoard@4fe4b8b6[
  size=9
  solver=sudoku.model.BacktrackingSudokuSolver@77da2881
  board={{6,3,4,2,5,1,7,8,9},{1,2,5,9,6,8,0,0,0},{0,0,0,0,0,0,0,0,0},{0,0,0,0,0,0,0,0,0},{0,0,0,0,0,0,0,0,0},{0,0,0,0,0,0,0,0,0},{0,0,0,0,0,0,0,0,0},{0,0,0,0,0,0,0,0,0},{0,0,0,0,0,0,0,0,0}}
]
13:21:17.311 INFO  [main] SudokuBoard - Warto?? 0 wstawiona nieprawid?owo
13:21:17.311 INFO  [main] SudokuBoard - B?ad w kwadracie 0
sudoku.model.SudokuBoard@4fe4b8b6[
  size=9
  solver=sudoku.model.BacktrackingSudokuSolver@77da2881
  board={{6,3,4,2,5,1,7,8,9},{1,2,5,9,6,0,0,0,0},{0,0,0,0,0,0,0,0,0},{0,0,0,0,0,0,0,0,0},{0,0,0,0,0,0,0,0,0},{0,0,0,0,0,0,0,0,0},{0,0,0,0,0,0,0,0,0},{0,0,0,0,0,0,0,0,0},{0,0,0,0,0,0,0,0,0}}
]
13:21:17.311 INFO  [main] SudokuBoard - Warto?? 0 wstawiona nieprawid?owo
13:21:17.311 INFO  [main] SudokuBoard - B?ad w kwadracie 0
sudoku.model.SudokuBoard@4fe4b8b6[
  size=9
  solver=sudoku.model.BacktrackingSudokuSolver@77da2881
  board={{6,3,4,2,5,1,7,8,9},{1,2,5,9,6,3,0,0,0},{0,0,0,0,0,0,0,0,0},{0,0,0,0,0,0,0,0,0},{0,0,0,0,0,0,0,0,0},{0,0,0,0,0,0,0,0,0},{0,0,0,0,0,0,0,0,0},{0,0,0,0,0,0,0,0,0},{0,0,0,0,0,0,0,0,0}}
]
13:21:17.311 INFO  [main] SudokuBoard - Warto?? 0 wstawiona nieprawid?owo
13:21:17.312 INFO  [main] SudokuBoard - B?ad w kwadracie 0
sudoku.model.SudokuBoard@4fe4b8b6[
  size=9
  solver=sudoku.model.BacktrackingSudokuSolver@77da2881
  board={{6,3,4,2,5,1,7,8,9},{1,2,5,9,6,0,0,0,0},{0,0,0,0,0,0,0,0,0},{0,0,0,0,0,0,0,0,0},{0,0,0,0,0,0,0,0,0},{0,0,0,0,0,0,0,0,0},{0,0,0,0,0,0,0,0,0},{0,0,0,0,0,0,0,0,0},{0,0,0,0,0,0,0,0,0}}
]
13:21:17.312 INFO  [main] SudokuBoard - Warto?? 0 wstawiona nieprawid?owo
13:21:17.312 INFO  [main] SudokuBoard - B?ad w kwadracie 0
sudoku.model.SudokuBoard@4fe4b8b6[
  size=9
  solver=sudoku.model.BacktrackingSudokuSolver@77da2881
  board={{6,3,4,2,5,1,7,8,9},{1,2,5,9,6,4,0,0,0},{0,0,0,0,0,0,0,0,0},{0,0,0,0,0,0,0,0,0},{0,0,0,0,0,0,0,0,0},{0,0,0,0,0,0,0,0,0},{0,0,0,0,0,0,0,0,0},{0,0,0,0,0,0,0,0,0},{0,0,0,0,0,0,0,0,0}}
]
13:21:17.312 INFO  [main] SudokuBoard - Warto?? 0 wstawiona nieprawid?owo
13:21:17.312 INFO  [main] SudokuBoard - B?ad w kwadracie 0
sudoku.model.SudokuBoard@4fe4b8b6[
  size=9
  solver=sudoku.model.BacktrackingSudokuSolver@77da2881
  board={{6,3,4,2,5,1,7,8,9},{1,2,5,9,6,0,0,0,0},{0,0,0,0,0,0,0,0,0},{0,0,0,0,0,0,0,0,0},{0,0,0,0,0,0,0,0,0},{0,0,0,0,0,0,0,0,0},{0,0,0,0,0,0,0,0,0},{0,0,0,0,0,0,0,0,0},{0,0,0,0,0,0,0,0,0}}
]
13:21:17.312 INFO  [main] SudokuBoard - Warto?? 0 wstawiona nieprawid?owo
13:21:17.312 INFO  [main] SudokuBoard - B?ad w kwadracie 0
sudoku.model.SudokuBoard@4fe4b8b6[
  size=9
  solver=sudoku.model.BacktrackingSudokuSolver@77da2881
  board={{6,3,4,2,5,1,7,8,9},{1,2,5,9,0,0,0,0,0},{0,0,0,0,0,0,0,0,0},{0,0,0,0,0,0,0,0,0},{0,0,0,0,0,0,0,0,0},{0,0,0,0,0,0,0,0,0},{0,0,0,0,0,0,0,0,0},{0,0,0,0,0,0,0,0,0},{0,0,0,0,0,0,0,0,0}}
]
13:21:17.313 INFO  [main] SudokuBoard - Warto?? 0 wstawiona nieprawid?owo
13:21:17.313 INFO  [main] SudokuBoard - B?ad w kwadracie 0
sudoku.model.SudokuBoard@4fe4b8b6[
  size=9
  solver=sudoku.model.BacktrackingSudokuSolver@77da2881
  board={{6,3,4,2,5,1,7,8,9},{1,2,5,9,7,3,4,0,0},{0,0,0,0,0,0,0,0,0},{0,0,0,0,0,0,0,0,0},{0,0,0,0,0,0,0,0,0},{0,0,0,0,0,0,0,0,0},{0,0,0,0,0,0,0,0,0},{0,0,0,0,0,0,0,0,0},{0,0,0,0,0,0,0,0,0}}
]
13:21:17.313 INFO  [main] SudokuBoard - Warto?? 0 wstawiona nieprawid?owo
13:21:17.313 INFO  [main] SudokuBoard - B?ad w kwadracie 0
sudoku.model.SudokuBoard@4fe4b8b6[
  size=9
  solver=sudoku.model.BacktrackingSudokuSolver@77da2881
  board={{6,3,4,2,5,1,7,8,9},{1,2,5,9,7,3,0,0,0},{0,0,0,0,0,0,0,0,0},{0,0,0,0,0,0,0,0,0},{0,0,0,0,0,0,0,0,0},{0,0,0,0,0,0,0,0,0},{0,0,0,0,0,0,0,0,0},{0,0,0,0,0,0,0,0,0},{0,0,0,0,0,0,0,0,0}}
]
13:21:17.314 INFO  [main] SudokuBoard - Warto?? 0 wstawiona nieprawid?owo
13:21:17.314 INFO  [main] SudokuBoard - B?ad w kwadracie 0
sudoku.model.SudokuBoard@4fe4b8b6[
  size=9
  solver=sudoku.model.BacktrackingSudokuSolver@77da2881
  board={{6,3,4,2,5,1,7,8,9},{1,2,5,9,7,3,6,0,0},{0,0,0,0,0,0,0,0,0},{0,0,0,0,0,0,0,0,0},{0,0,0,0,0,0,0,0,0},{0,0,0,0,0,0,0,0,0},{0,0,0,0,0,0,0,0,0},{0,0,0,0,0,0,0,0,0},{0,0,0,0,0,0,0,0,0}}
]
13:21:17.314 INFO  [main] SudokuBoard - Warto?? 0 wstawiona nieprawid?owo
13:21:17.314 INFO  [main] SudokuBoard - B?ad w kwadracie 0
sudoku.model.SudokuBoard@4fe4b8b6[
  size=9
  solver=sudoku.model.BacktrackingSudokuSolver@77da2881
  board={{6,3,4,2,5,1,7,8,9},{1,2,5,9,7,3,0,0,0},{0,0,0,0,0,0,0,0,0},{0,0,0,0,0,0,0,0,0},{0,0,0,0,0,0,0,0,0},{0,0,0,0,0,0,0,0,0},{0,0,0,0,0,0,0,0,0},{0,0,0,0,0,0,0,0,0},{0,0,0,0,0,0,0,0,0}}
]
13:21:17.314 INFO  [main] SudokuBoard - Warto?? 0 wstawiona nieprawid?owo
13:21:17.315 INFO  [main] SudokuBoard - B?ad w kwadracie 0
sudoku.model.SudokuBoard@4fe4b8b6[
  size=9
  solver=sudoku.model.BacktrackingSudokuSolver@77da2881
  board={{6,3,4,2,5,1,7,8,9},{1,2,5,9,7,0,0,0,0},{0,0,0,0,0,0,0,0,0},{0,0,0,0,0,0,0,0,0},{0,0,0,0,0,0,0,0,0},{0,0,0,0,0,0,0,0,0},{0,0,0,0,0,0,0,0,0},{0,0,0,0,0,0,0,0,0},{0,0,0,0,0,0,0,0,0}}
]
13:21:17.315 INFO  [main] SudokuBoard - Warto?? 0 wstawiona nieprawid?owo
13:21:17.315 INFO  [main] SudokuBoard - B?ad w kwadracie 0
sudoku.model.SudokuBoard@4fe4b8b6[
  size=9
  solver=sudoku.model.BacktrackingSudokuSolver@77da2881
  board={{6,3,4,2,5,1,7,8,9},{1,2,5,9,7,4,6,0,0},{0,0,0,0,0,0,0,0,0},{0,0,0,0,0,0,0,0,0},{0,0,0,0,0,0,0,0,0},{0,0,0,0,0,0,0,0,0},{0,0,0,0,0,0,0,0,0},{0,0,0,0,0,0,0,0,0},{0,0,0,0,0,0,0,0,0}}
]
13:21:17.316 INFO  [main] SudokuBoard - Warto?? 0 wstawiona nieprawid?owo
13:21:17.316 INFO  [main] SudokuBoard - B?ad w kwadracie 0
sudoku.model.SudokuBoard@4fe4b8b6[
  size=9
  solver=sudoku.model.BacktrackingSudokuSolver@77da2881
  board={{6,3,4,2,5,1,7,8,9},{1,2,5,9,7,4,0,0,0},{0,0,0,0,0,0,0,0,0},{0,0,0,0,0,0,0,0,0},{0,0,0,0,0,0,0,0,0},{0,0,0,0,0,0,0,0,0},{0,0,0,0,0,0,0,0,0},{0,0,0,0,0,0,0,0,0},{0,0,0,0,0,0,0,0,0}}
]
13:21:17.316 INFO  [main] SudokuBoard - Warto?? 0 wstawiona nieprawid?owo
13:21:17.316 INFO  [main] SudokuBoard - B?ad w kwadracie 0
sudoku.model.SudokuBoard@4fe4b8b6[
  size=9
  solver=sudoku.model.BacktrackingSudokuSolver@77da2881
  board={{6,3,4,2,5,1,7,8,9},{1,2,5,9,7,4,3,0,0},{0,0,0,0,0,0,0,0,0},{0,0,0,0,0,0,0,0,0},{0,0,0,0,0,0,0,0,0},{0,0,0,0,0,0,0,0,0},{0,0,0,0,0,0,0,0,0},{0,0,0,0,0,0,0,0,0},{0,0,0,0,0,0,0,0,0}}
]
13:21:17.316 INFO  [main] SudokuBoard - Warto?? 0 wstawiona nieprawid?owo
13:21:17.316 INFO  [main] SudokuBoard - B?ad w kwadracie 0
sudoku.model.SudokuBoard@4fe4b8b6[
  size=9
  solver=sudoku.model.BacktrackingSudokuSolver@77da2881
  board={{6,3,4,2,5,1,7,8,9},{1,2,5,9,7,4,0,0,0},{0,0,0,0,0,0,0,0,0},{0,0,0,0,0,0,0,0,0},{0,0,0,0,0,0,0,0,0},{0,0,0,0,0,0,0,0,0},{0,0,0,0,0,0,0,0,0},{0,0,0,0,0,0,0,0,0},{0,0,0,0,0,0,0,0,0}}
]
13:21:17.317 INFO  [main] SudokuBoard - Warto?? 0 wstawiona nieprawid?owo
13:21:17.317 INFO  [main] SudokuBoard - B?ad w kwadracie 0
sudoku.model.SudokuBoard@4fe4b8b6[
  size=9
  solver=sudoku.model.BacktrackingSudokuSolver@77da2881
  board={{6,3,4,2,5,1,7,8,9},{1,2,5,9,7,0,0,0,0},{0,0,0,0,0,0,0,0,0},{0,0,0,0,0,0,0,0,0},{0,0,0,0,0,0,0,0,0},{0,0,0,0,0,0,0,0,0},{0,0,0,0,0,0,0,0,0},{0,0,0,0,0,0,0,0,0},{0,0,0,0,0,0,0,0,0}}
]
13:21:17.317 INFO  [main] SudokuBoard - Warto?? 0 wstawiona nieprawid?owo
13:21:17.318 INFO  [main] SudokuBoard - B?ad w kwadracie 0
sudoku.model.SudokuBoard@4fe4b8b6[
  size=9
  solver=sudoku.model.BacktrackingSudokuSolver@77da2881
  board={{6,3,4,2,5,1,7,8,9},{1,2,5,9,7,6,3,0,0},{0,0,0,0,0,0,0,0,0},{0,0,0,0,0,0,0,0,0},{0,0,0,0,0,0,0,0,0},{0,0,0,0,0,0,0,0,0},{0,0,0,0,0,0,0,0,0},{0,0,0,0,0,0,0,0,0},{0,0,0,0,0,0,0,0,0}}
]
13:21:17.318 INFO  [main] SudokuBoard - Warto?? 0 wstawiona nieprawid?owo
13:21:17.318 INFO  [main] SudokuBoard - B?ad w kwadracie 0
sudoku.model.SudokuBoard@4fe4b8b6[
  size=9
  solver=sudoku.model.BacktrackingSudokuSolver@77da2881
  board={{6,3,4,2,5,1,7,8,9},{1,2,5,9,7,6,0,0,0},{0,0,0,0,0,0,0,0,0},{0,0,0,0,0,0,0,0,0},{0,0,0,0,0,0,0,0,0},{0,0,0,0,0,0,0,0,0},{0,0,0,0,0,0,0,0,0},{0,0,0,0,0,0,0,0,0},{0,0,0,0,0,0,0,0,0}}
]
13:21:17.318 INFO  [main] SudokuBoard - Warto?? 0 wstawiona nieprawid?owo
13:21:17.319 INFO  [main] SudokuBoard - B?ad w kwadracie 0
sudoku.model.SudokuBoard@4fe4b8b6[
  size=9
  solver=sudoku.model.BacktrackingSudokuSolver@77da2881
  board={{6,3,4,2,5,1,7,8,9},{1,2,5,9,7,6,4,0,0},{0,0,0,0,0,0,0,0,0},{0,0,0,0,0,0,0,0,0},{0,0,0,0,0,0,0,0,0},{0,0,0,0,0,0,0,0,0},{0,0,0,0,0,0,0,0,0},{0,0,0,0,0,0,0,0,0},{0,0,0,0,0,0,0,0,0}}
]
13:21:17.319 INFO  [main] SudokuBoard - Warto?? 0 wstawiona nieprawid?owo
13:21:17.319 INFO  [main] SudokuBoard - B?ad w kwadracie 0
sudoku.model.SudokuBoard@4fe4b8b6[
  size=9
  solver=sudoku.model.BacktrackingSudokuSolver@77da2881
  board={{6,3,4,2,5,1,7,8,9},{1,2,5,9,7,6,0,0,0},{0,0,0,0,0,0,0,0,0},{0,0,0,0,0,0,0,0,0},{0,0,0,0,0,0,0,0,0},{0,0,0,0,0,0,0,0,0},{0,0,0,0,0,0,0,0,0},{0,0,0,0,0,0,0,0,0},{0,0,0,0,0,0,0,0,0}}
]
13:21:17.319 INFO  [main] SudokuBoard - Warto?? 0 wstawiona nieprawid?owo
13:21:17.320 INFO  [main] SudokuBoard - B?ad w kwadracie 0
sudoku.model.SudokuBoard@4fe4b8b6[
  size=9
  solver=sudoku.model.BacktrackingSudokuSolver@77da2881
  board={{6,3,4,2,5,1,7,8,9},{1,2,5,9,7,0,0,0,0},{0,0,0,0,0,0,0,0,0},{0,0,0,0,0,0,0,0,0},{0,0,0,0,0,0,0,0,0},{0,0,0,0,0,0,0,0,0},{0,0,0,0,0,0,0,0,0},{0,0,0,0,0,0,0,0,0},{0,0,0,0,0,0,0,0,0}}
]
13:21:17.320 INFO  [main] SudokuBoard - Warto?? 0 wstawiona nieprawid?owo
13:21:17.320 INFO  [main] SudokuBoard - B?ad w kwadracie 0
sudoku.model.SudokuBoard@4fe4b8b6[
  size=9
  solver=sudoku.model.BacktrackingSudokuSolver@77da2881
  board={{6,3,4,2,5,1,7,8,9},{1,2,5,9,7,8,3,4,6},{7,8,9,3,6,4,5,1,2},{4,5,2,6,8,7,1,9,3},{8,6,7,5,9,2,0,0,0},{0,0,0,0,0,0,0,0,0},{0,0,0,0,0,0,0,0,0},{0,0,0,0,0,0,0,0,0},{0,0,0,0,0,0,0,0,0}}
]
13:21:17.320 INFO  [main] SudokuBoard - Warto?? 0 wstawiona nieprawid?owo
13:21:17.321 INFO  [main] SudokuBoard - B?ad w kwadracie 0
sudoku.model.SudokuBoard@4fe4b8b6[
  size=9
  solver=sudoku.model.BacktrackingSudokuSolver@77da2881
  board={{6,3,4,2,5,1,7,8,9},{1,2,5,9,7,8,3,4,6},{7,8,9,3,6,4,5,1,2},{4,5,2,6,8,7,1,9,3},{8,6,7,5,9,0,0,0,0},{0,0,0,0,0,0,0,0,0},{0,0,0,0,0,0,0,0,0},{0,0,0,0,0,0,0,0,0},{0,0,0,0,0,0,0,0,0}}
]
13:21:17.321 INFO  [main] SudokuBoard - Warto?? 0 wstawiona nieprawid?owo
13:21:17.321 INFO  [main] SudokuBoard - B?ad w kwadracie 0
sudoku.model.SudokuBoard@4fe4b8b6[
  size=9
  solver=sudoku.model.BacktrackingSudokuSolver@77da2881
  board={{6,3,4,2,5,1,7,8,9},{1,2,5,9,7,8,3,4,6},{7,8,9,3,6,4,5,1,2},{4,5,2,6,8,7,1,9,3},{8,6,7,5,9,3,0,0,0},{0,0,0,0,0,0,0,0,0},{0,0,0,0,0,0,0,0,0},{0,0,0,0,0,0,0,0,0},{0,0,0,0,0,0,0,0,0}}
]
13:21:17.321 INFO  [main] SudokuBoard - Warto?? 0 wstawiona nieprawid?owo
13:21:17.322 INFO  [main] SudokuBoard - B?ad w kwadracie 0
sudoku.model.SudokuBoard@4fe4b8b6[
  size=9
  solver=sudoku.model.BacktrackingSudokuSolver@77da2881
  board={{6,3,4,2,5,1,7,8,9},{1,2,5,9,7,8,3,4,6},{7,8,9,3,6,4,5,1,2},{4,5,2,6,8,7,1,9,3},{8,6,7,5,9,3,4,0,0},{0,0,0,0,0,0,0,0,0},{0,0,0,0,0,0,0,0,0},{0,0,0,0,0,0,0,0,0},{0,0,0,0,0,0,0,0,0}}
]
13:21:17.322 INFO  [main] SudokuBoard - Warto?? 0 wstawiona nieprawid?owo
13:21:17.322 INFO  [main] SudokuBoard - B?ad w kwadracie 0
sudoku.model.SudokuBoard@4fe4b8b6[
  size=9
  solver=sudoku.model.BacktrackingSudokuSolver@77da2881
  board={{6,3,4,2,5,1,7,8,9},{1,2,5,9,7,8,3,4,6},{7,8,9,3,6,4,5,1,2},{4,5,2,6,8,7,1,9,3},{8,6,7,5,9,3,0,0,0},{0,0,0,0,0,0,0,0,0},{0,0,0,0,0,0,0,0,0},{0,0,0,0,0,0,0,0,0},{0,0,0,0,0,0,0,0,0}}
]
13:21:17.322 INFO  [main] SudokuBoard - Warto?? 0 wstawiona nieprawid?owo
13:21:17.323 INFO  [main] SudokuBoard - B?ad w kwadracie 0
sudoku.model.SudokuBoard@4fe4b8b6[
  size=9
  solver=sudoku.model.BacktrackingSudokuSolver@77da2881
  board={{6,3,4,2,5,1,7,8,9},{1,2,5,9,7,8,3,4,6},{7,8,9,3,6,4,5,1,2},{4,5,2,6,8,7,1,9,3},{8,6,7,5,9,0,0,0,0},{0,0,0,0,0,0,0,0,0},{0,0,0,0,0,0,0,0,0},{0,0,0,0,0,0,0,0,0},{0,0,0,0,0,0,0,0,0}}
]
13:21:17.323 INFO  [main] SudokuBoard - Warto?? 0 wstawiona nieprawid?owo
13:21:17.323 INFO  [main] SudokuBoard - B?ad w kwadracie 0
sudoku.model.SudokuBoard@4fe4b8b6[
  size=9
  solver=sudoku.model.BacktrackingSudokuSolver@77da2881
  board={{6,3,4,2,5,1,7,8,9},{1,2,5,9,7,8,3,4,6},{7,8,9,3,6,4,5,1,2},{4,5,2,6,8,7,1,9,3},{8,6,7,5,0,0,0,0,0},{0,0,0,0,0,0,0,0,0},{0,0,0,0,0,0,0,0,0},{0,0,0,0,0,0,0,0,0},{0,0,0,0,0,0,0,0,0}}
]
13:21:17.323 INFO  [main] SudokuBoard - Warto?? 0 wstawiona nieprawid?owo
13:21:17.323 INFO  [main] SudokuBoard - B?ad w kwadracie 0
sudoku.model.SudokuBoard@4fe4b8b6[
  size=9
  solver=sudoku.model.BacktrackingSudokuSolver@77da2881
  board={{6,3,4,2,5,1,7,8,9},{1,2,5,9,7,8,3,4,6},{7,8,9,3,6,4,5,1,2},{4,5,2,6,8,7,1,9,3},{8,6,7,5,1,9,0,0,0},{0,0,0,0,0,0,0,0,0},{0,0,0,0,0,0,0,0,0},{0,0,0,0,0,0,0,0,0},{0,0,0,0,0,0,0,0,0}}
]
13:21:17.324 INFO  [main] SudokuBoard - Warto?? 0 wstawiona nieprawid?owo
13:21:17.324 INFO  [main] SudokuBoard - B?ad w kwadracie 0
sudoku.model.SudokuBoard@4fe4b8b6[
  size=9
  solver=sudoku.model.BacktrackingSudokuSolver@77da2881
  board={{6,3,4,2,5,1,7,8,9},{1,2,5,9,7,8,3,4,6},{7,8,9,3,6,4,5,1,2},{4,5,2,6,8,7,1,9,3},{8,6,7,5,1,9,4,0,0},{0,0,0,0,0,0,0,0,0},{0,0,0,0,0,0,0,0,0},{0,0,0,0,0,0,0,0,0},{0,0,0,0,0,0,0,0,0}}
]
13:21:17.324 INFO  [main] SudokuBoard - Warto?? 0 wstawiona nieprawid?owo
13:21:17.324 INFO  [main] SudokuBoard - B?ad w kwadracie 0
sudoku.model.SudokuBoard@4fe4b8b6[
  size=9
  solver=sudoku.model.BacktrackingSudokuSolver@77da2881
  board={{6,3,4,2,5,1,7,8,9},{1,2,5,9,7,8,3,4,6},{7,8,9,3,6,4,5,1,2},{4,5,2,6,8,7,1,9,3},{8,6,7,5,1,9,0,0,0},{0,0,0,0,0,0,0,0,0},{0,0,0,0,0,0,0,0,0},{0,0,0,0,0,0,0,0,0},{0,0,0,0,0,0,0,0,0}}
]
13:21:17.324 INFO  [main] SudokuBoard - Warto?? 0 wstawiona nieprawid?owo
13:21:17.324 INFO  [main] SudokuBoard - B?ad w kwadracie 0
sudoku.model.SudokuBoard@4fe4b8b6[
  size=9
  solver=sudoku.model.BacktrackingSudokuSolver@77da2881
  board={{6,3,4,2,5,1,7,8,9},{1,2,5,9,7,8,3,4,6},{7,8,9,3,6,4,5,1,2},{4,5,2,6,8,7,1,9,3},{8,6,7,5,1,0,0,0,0},{0,0,0,0,0,0,0,0,0},{0,0,0,0,0,0,0,0,0},{0,0,0,0,0,0,0,0,0},{0,0,0,0,0,0,0,0,0}}
]
13:21:17.324 INFO  [main] SudokuBoard - Warto?? 0 wstawiona nieprawid?owo
13:21:17.325 INFO  [main] SudokuBoard - B?ad w kwadracie 0
sudoku.model.SudokuBoard@4fe4b8b6[
  size=9
  solver=sudoku.model.BacktrackingSudokuSolver@77da2881
  board={{6,3,4,2,5,1,7,8,9},{1,2,5,9,7,8,3,4,6},{7,8,9,3,6,4,5,1,2},{4,5,2,6,8,7,1,9,3},{8,6,7,5,1,2,0,0,0},{0,0,0,0,0,0,0,0,0},{0,0,0,0,0,0,0,0,0},{0,0,0,0,0,0,0,0,0},{0,0,0,0,0,0,0,0,0}}
]
13:21:17.325 INFO  [main] SudokuBoard - Warto?? 0 wstawiona nieprawid?owo
13:21:17.325 INFO  [main] SudokuBoard - B?ad w kwadracie 0
sudoku.model.SudokuBoard@4fe4b8b6[
  size=9
  solver=sudoku.model.BacktrackingSudokuSolver@77da2881
  board={{6,3,4,2,5,1,7,8,9},{1,2,5,9,7,8,3,4,6},{7,8,9,3,6,4,5,1,2},{4,5,2,6,8,7,1,9,3},{8,6,7,5,1,0,0,0,0},{0,0,0,0,0,0,0,0,0},{0,0,0,0,0,0,0,0,0},{0,0,0,0,0,0,0,0,0},{0,0,0,0,0,0,0,0,0}}
]
13:21:17.325 INFO  [main] SudokuBoard - Warto?? 0 wstawiona nieprawid?owo
13:21:17.326 INFO  [main] SudokuBoard - B?ad w kwadracie 0
sudoku.model.SudokuBoard@4fe4b8b6[
  size=9
  solver=sudoku.model.BacktrackingSudokuSolver@77da2881
  board={{6,3,4,2,5,1,7,8,9},{1,2,5,9,7,8,3,4,6},{7,8,9,3,6,4,5,1,2},{4,5,2,6,8,7,1,9,3},{8,6,7,5,1,3,0,0,0},{0,0,0,0,0,0,0,0,0},{0,0,0,0,0,0,0,0,0},{0,0,0,0,0,0,0,0,0},{0,0,0,0,0,0,0,0,0}}
]
13:21:17.326 INFO  [main] SudokuBoard - Warto?? 0 wstawiona nieprawid?owo
13:21:17.326 INFO  [main] SudokuBoard - B?ad w kwadracie 0
sudoku.model.SudokuBoard@4fe4b8b6[
  size=9
  solver=sudoku.model.BacktrackingSudokuSolver@77da2881
  board={{6,3,4,2,5,1,7,8,9},{1,2,5,9,7,8,3,4,6},{7,8,9,3,6,4,5,1,2},{4,5,2,6,8,7,1,9,3},{8,6,7,5,1,3,4,0,0},{0,0,0,0,0,0,0,0,0},{0,0,0,0,0,0,0,0,0},{0,0,0,0,0,0,0,0,0},{0,0,0,0,0,0,0,0,0}}
]
13:21:17.326 INFO  [main] SudokuBoard - Warto?? 0 wstawiona nieprawid?owo
13:21:17.326 INFO  [main] SudokuBoard - B?ad w kwadracie 0
sudoku.model.SudokuBoard@4fe4b8b6[
  size=9
  solver=sudoku.model.BacktrackingSudokuSolver@77da2881
  board={{6,3,4,2,5,1,7,8,9},{1,2,5,9,7,8,3,4,6},{7,8,9,3,6,4,5,1,2},{4,5,2,6,8,7,1,9,3},{8,6,7,5,1,3,0,0,0},{0,0,0,0,0,0,0,0,0},{0,0,0,0,0,0,0,0,0},{0,0,0,0,0,0,0,0,0},{0,0,0,0,0,0,0,0,0}}
]
13:21:17.326 INFO  [main] SudokuBoard - Warto?? 0 wstawiona nieprawid?owo
13:21:17.326 INFO  [main] SudokuBoard - B?ad w kwadracie 0
sudoku.model.SudokuBoard@4fe4b8b6[
  size=9
  solver=sudoku.model.BacktrackingSudokuSolver@77da2881
  board={{6,3,4,2,5,1,7,8,9},{1,2,5,9,7,8,3,4,6},{7,8,9,3,6,4,5,1,2},{4,5,2,6,8,7,1,9,3},{8,6,7,5,1,0,0,0,0},{0,0,0,0,0,0,0,0,0},{0,0,0,0,0,0,0,0,0},{0,0,0,0,0,0,0,0,0},{0,0,0,0,0,0,0,0,0}}
]
13:21:17.327 INFO  [main] SudokuBoard - Warto?? 0 wstawiona nieprawid?owo
13:21:17.327 INFO  [main] SudokuBoard - B?ad w kwadracie 0
sudoku.model.SudokuBoard@4fe4b8b6[
  size=9
  solver=sudoku.model.BacktrackingSudokuSolver@77da2881
  board={{6,3,4,2,5,1,7,8,9},{1,2,5,9,7,8,3,4,6},{7,8,9,3,6,4,5,1,2},{4,5,2,6,8,7,1,9,3},{8,6,7,5,0,0,0,0,0},{0,0,0,0,0,0,0,0,0},{0,0,0,0,0,0,0,0,0},{0,0,0,0,0,0,0,0,0},{0,0,0,0,0,0,0,0,0}}
]
13:21:17.327 INFO  [main] SudokuBoard - Warto?? 0 wstawiona nieprawid?owo
13:21:17.327 INFO  [main] SudokuBoard - B?ad w kwadracie 0
sudoku.model.SudokuBoard@4fe4b8b6[
  size=9
  solver=sudoku.model.BacktrackingSudokuSolver@77da2881
  board={{6,3,4,2,5,1,7,8,9},{1,2,5,9,7,8,3,4,6},{7,8,9,3,6,4,5,1,2},{4,5,2,6,8,7,1,9,3},{8,6,7,5,2,3,0,0,0},{0,0,0,0,0,0,0,0,0},{0,0,0,0,0,0,0,0,0},{0,0,0,0,0,0,0,0,0},{0,0,0,0,0,0,0,0,0}}
]
13:21:17.327 INFO  [main] SudokuBoard - Warto?? 0 wstawiona nieprawid?owo
13:21:17.328 INFO  [main] SudokuBoard - B?ad w kwadracie 0
sudoku.model.SudokuBoard@4fe4b8b6[
  size=9
  solver=sudoku.model.BacktrackingSudokuSolver@77da2881
  board={{6,3,4,2,5,1,7,8,9},{1,2,5,9,7,8,3,4,6},{7,8,9,3,6,4,5,1,2},{4,5,2,6,8,7,1,9,3},{8,6,7,5,2,0,0,0,0},{0,0,0,0,0,0,0,0,0},{0,0,0,0,0,0,0,0,0},{0,0,0,0,0,0,0,0,0},{0,0,0,0,0,0,0,0,0}}
]
13:21:17.328 INFO  [main] SudokuBoard - Warto?? 0 wstawiona nieprawid?owo
13:21:17.328 INFO  [main] SudokuBoard - B?ad w kwadracie 0
sudoku.model.SudokuBoard@4fe4b8b6[
  size=9
  solver=sudoku.model.BacktrackingSudokuSolver@77da2881
  board={{6,3,4,2,5,1,7,8,9},{1,2,5,9,7,8,3,4,6},{7,8,9,3,6,4,5,1,2},{4,5,2,6,8,7,1,9,3},{8,6,7,5,2,9,0,0,0},{0,0,0,0,0,0,0,0,0},{0,0,0,0,0,0,0,0,0},{0,0,0,0,0,0,0,0,0},{0,0,0,0,0,0,0,0,0}}
]
13:21:17.328 INFO  [main] SudokuBoard - Warto?? 0 wstawiona nieprawid?owo
13:21:17.328 INFO  [main] SudokuBoard - B?ad w kwadracie 0
sudoku.model.SudokuBoard@4fe4b8b6[
  size=9
  solver=sudoku.model.BacktrackingSudokuSolver@77da2881
  board={{6,3,4,2,5,1,7,8,9},{1,2,5,9,7,8,3,4,6},{7,8,9,3,6,4,5,1,2},{4,5,2,6,8,7,1,9,3},{8,6,7,5,2,0,0,0,0},{0,0,0,0,0,0,0,0,0},{0,0,0,0,0,0,0,0,0},{0,0,0,0,0,0,0,0,0},{0,0,0,0,0,0,0,0,0}}
]
13:21:17.328 INFO  [main] SudokuBoard - Warto?? 0 wstawiona nieprawid?owo
13:21:17.329 INFO  [main] SudokuBoard - B?ad w kwadracie 0
sudoku.model.SudokuBoard@4fe4b8b6[
  size=9
  solver=sudoku.model.BacktrackingSudokuSolver@77da2881
  board={{6,3,4,2,5,1,7,8,9},{1,2,5,9,7,8,3,4,6},{7,8,9,3,6,4,5,1,2},{4,5,2,6,8,7,1,9,3},{8,6,7,5,0,0,0,0,0},{0,0,0,0,0,0,0,0,0},{0,0,0,0,0,0,0,0,0},{0,0,0,0,0,0,0,0,0},{0,0,0,0,0,0,0,0,0}}
]
13:21:17.329 INFO  [main] SudokuBoard - Warto?? 0 wstawiona nieprawid?owo
13:21:17.329 INFO  [main] SudokuBoard - B?ad w kwadracie 0
sudoku.model.SudokuBoard@4fe4b8b6[
  size=9
  solver=sudoku.model.BacktrackingSudokuSolver@77da2881
  board={{6,3,4,2,5,1,7,8,9},{1,2,5,9,7,8,3,4,6},{7,8,9,3,6,4,5,1,2},{4,5,2,6,8,7,1,9,3},{8,6,7,5,3,2,0,0,0},{0,0,0,0,0,0,0,0,0},{0,0,0,0,0,0,0,0,0},{0,0,0,0,0,0,0,0,0},{0,0,0,0,0,0,0,0,0}}
]
13:21:17.329 INFO  [main] SudokuBoard - Warto?? 0 wstawiona nieprawid?owo
13:21:17.329 INFO  [main] SudokuBoard - B?ad w kwadracie 0
sudoku.model.SudokuBoard@4fe4b8b6[
  size=9
  solver=sudoku.model.BacktrackingSudokuSolver@77da2881
  board={{6,3,4,2,5,1,7,8,9},{1,2,5,9,7,8,3,4,6},{7,8,9,3,6,4,5,1,2},{4,5,2,6,8,7,1,9,3},{8,6,7,5,3,0,0,0,0},{0,0,0,0,0,0,0,0,0},{0,0,0,0,0,0,0,0,0},{0,0,0,0,0,0,0,0,0},{0,0,0,0,0,0,0,0,0}}
]
13:21:17.329 INFO  [main] SudokuBoard - Warto?? 0 wstawiona nieprawid?owo
13:21:17.330 INFO  [main] SudokuBoard - B?ad w kwadracie 0
sudoku.model.SudokuBoard@4fe4b8b6[
  size=9
  solver=sudoku.model.BacktrackingSudokuSolver@77da2881
  board={{6,3,4,2,5,1,7,8,9},{1,2,5,9,7,8,3,4,6},{7,8,9,3,6,4,5,1,2},{4,5,2,6,8,7,1,9,3},{8,6,7,5,3,9,0,0,0},{0,0,0,0,0,0,0,0,0},{0,0,0,0,0,0,0,0,0},{0,0,0,0,0,0,0,0,0},{0,0,0,0,0,0,0,0,0}}
]
13:21:17.330 INFO  [main] SudokuBoard - Warto?? 0 wstawiona nieprawid?owo
13:21:17.330 INFO  [main] SudokuBoard - B?ad w kwadracie 0
sudoku.model.SudokuBoard@4fe4b8b6[
  size=9
  solver=sudoku.model.BacktrackingSudokuSolver@77da2881
  board={{6,3,4,2,5,1,7,8,9},{1,2,5,9,7,8,3,4,6},{7,8,9,3,6,4,5,1,2},{4,5,2,6,8,7,1,9,3},{8,6,7,5,3,9,4,0,0},{0,0,0,0,0,0,0,0,0},{0,0,0,0,0,0,0,0,0},{0,0,0,0,0,0,0,0,0},{0,0,0,0,0,0,0,0,0}}
]
13:21:17.330 INFO  [main] SudokuBoard - Warto?? 0 wstawiona nieprawid?owo
13:21:17.330 INFO  [main] SudokuBoard - B?ad w kwadracie 0
sudoku.model.SudokuBoard@4fe4b8b6[
  size=9
  solver=sudoku.model.BacktrackingSudokuSolver@77da2881
  board={{6,3,4,2,5,1,7,8,9},{1,2,5,9,7,8,3,4,6},{7,8,9,3,6,4,5,1,2},{4,5,2,6,8,7,1,9,3},{8,6,7,5,3,9,0,0,0},{0,0,0,0,0,0,0,0,0},{0,0,0,0,0,0,0,0,0},{0,0,0,0,0,0,0,0,0},{0,0,0,0,0,0,0,0,0}}
]
13:21:17.330 INFO  [main] SudokuBoard - Warto?? 0 wstawiona nieprawid?owo
13:21:17.330 INFO  [main] SudokuBoard - B?ad w kwadracie 0
sudoku.model.SudokuBoard@4fe4b8b6[
  size=9
  solver=sudoku.model.BacktrackingSudokuSolver@77da2881
  board={{6,3,4,2,5,1,7,8,9},{1,2,5,9,7,8,3,4,6},{7,8,9,3,6,4,5,1,2},{4,5,2,6,8,7,1,9,3},{8,6,7,5,3,0,0,0,0},{0,0,0,0,0,0,0,0,0},{0,0,0,0,0,0,0,0,0},{0,0,0,0,0,0,0,0,0},{0,0,0,0,0,0,0,0,0}}
]
13:21:17.331 INFO  [main] SudokuBoard - Warto?? 0 wstawiona nieprawid?owo
13:21:17.331 INFO  [main] SudokuBoard - B?ad w kwadracie 0
sudoku.model.SudokuBoard@4fe4b8b6[
  size=9
  solver=sudoku.model.BacktrackingSudokuSolver@77da2881
  board={{6,3,4,2,5,1,7,8,9},{1,2,5,9,7,8,3,4,6},{7,8,9,3,6,4,5,1,2},{4,5,2,6,8,7,1,9,3},{8,6,7,5,0,0,0,0,0},{0,0,0,0,0,0,0,0,0},{0,0,0,0,0,0,0,0,0},{0,0,0,0,0,0,0,0,0},{0,0,0,0,0,0,0,0,0}}
]
13:21:17.331 INFO  [main] SudokuBoard - Warto?? 0 wstawiona nieprawid?owo
13:21:17.331 INFO  [main] SudokuBoard - B?ad w kwadracie 0
sudoku.model.SudokuBoard@4fe4b8b6[
  size=9
  solver=sudoku.model.BacktrackingSudokuSolver@77da2881
  board={{6,3,4,2,5,1,7,8,9},{1,2,5,9,7,8,3,4,6},{7,8,9,3,6,4,5,1,2},{4,5,2,6,8,7,1,9,3},{8,6,7,5,4,9,0,0,0},{0,0,0,0,0,0,0,0,0},{0,0,0,0,0,0,0,0,0},{0,0,0,0,0,0,0,0,0},{0,0,0,0,0,0,0,0,0}}
]
13:21:17.331 INFO  [main] SudokuBoard - Warto?? 0 wstawiona nieprawid?owo
13:21:17.331 INFO  [main] SudokuBoard - B?ad w kwadracie 0
sudoku.model.SudokuBoard@4fe4b8b6[
  size=9
  solver=sudoku.model.BacktrackingSudokuSolver@77da2881
  board={{6,3,4,2,5,1,7,8,9},{1,2,5,9,7,8,3,4,6},{7,8,9,3,6,4,5,1,2},{4,5,2,6,8,7,1,9,3},{8,6,7,5,4,0,0,0,0},{0,0,0,0,0,0,0,0,0},{0,0,0,0,0,0,0,0,0},{0,0,0,0,0,0,0,0,0},{0,0,0,0,0,0,0,0,0}}
]
13:21:17.332 INFO  [main] SudokuBoard - Warto?? 0 wstawiona nieprawid?owo
13:21:17.332 INFO  [main] SudokuBoard - B?ad w kwadracie 0
sudoku.model.SudokuBoard@4fe4b8b6[
  size=9
  solver=sudoku.model.BacktrackingSudokuSolver@77da2881
  board={{6,3,4,2,5,1,7,8,9},{1,2,5,9,7,8,3,4,6},{7,8,9,3,6,4,5,1,2},{4,5,2,6,8,7,1,9,3},{8,6,7,5,4,0,0,0,0},{0,0,0,0,0,0,0,0,0},{0,0,0,0,0,0,0,0,0},{0,0,0,0,0,0,0,0,0},{0,0,0,0,0,0,0,0,0}}
]
13:21:17.332 INFO  [main] SudokuBoard - Warto?? 0 wstawiona nieprawid?owo
13:21:17.332 INFO  [main] SudokuBoard - B?ad w kwadracie 0
sudoku.model.SudokuBoard@4fe4b8b6[
  size=9
  solver=sudoku.model.BacktrackingSudokuSolver@77da2881
  board={{6,3,4,2,5,1,7,8,9},{1,2,5,9,7,8,3,4,6},{7,8,9,3,6,4,5,1,2},{4,5,2,6,8,7,1,9,3},{8,6,7,5,4,3,0,0,0},{0,0,0,0,0,0,0,0,0},{0,0,0,0,0,0,0,0,0},{0,0,0,0,0,0,0,0,0},{0,0,0,0,0,0,0,0,0}}
]
13:21:17.332 INFO  [main] SudokuBoard - Warto?? 0 wstawiona nieprawid?owo
13:21:17.332 INFO  [main] SudokuBoard - B?ad w kwadracie 0
sudoku.model.SudokuBoard@4fe4b8b6[
  size=9
  solver=sudoku.model.BacktrackingSudokuSolver@77da2881
  board={{6,3,4,2,5,1,7,8,9},{1,2,5,9,7,8,3,4,6},{7,8,9,3,6,4,5,1,2},{4,5,2,6,8,7,1,9,3},{8,6,7,5,4,0,0,0,0},{0,0,0,0,0,0,0,0,0},{0,0,0,0,0,0,0,0,0},{0,0,0,0,0,0,0,0,0},{0,0,0,0,0,0,0,0,0}}
]
13:21:17.333 INFO  [main] SudokuBoard - Warto?? 0 wstawiona nieprawid?owo
13:21:17.333 INFO  [main] SudokuBoard - B?ad w kwadracie 0
sudoku.model.SudokuBoard@4fe4b8b6[
  size=9
  solver=sudoku.model.BacktrackingSudokuSolver@77da2881
  board={{6,3,4,2,5,1,7,8,9},{1,2,5,9,7,8,3,4,6},{7,8,9,3,6,4,5,1,2},{4,5,2,6,8,7,1,9,3},{8,6,7,5,0,0,0,0,0},{0,0,0,0,0,0,0,0,0},{0,0,0,0,0,0,0,0,0},{0,0,0,0,0,0,0,0,0},{0,0,0,0,0,0,0,0,0}}
]
13:21:17.333 INFO  [main] SudokuBoard - Warto?? 0 wstawiona nieprawid?owo
13:21:17.333 INFO  [main] SudokuBoard - B?ad w kwadracie 0
sudoku.model.SudokuBoard@4fe4b8b6[
  size=9
  solver=sudoku.model.BacktrackingSudokuSolver@77da2881
  board={{6,3,4,2,5,1,7,8,9},{1,2,5,9,7,8,3,4,6},{7,8,9,3,6,4,5,1,2},{4,5,2,6,8,7,1,9,3},{8,6,7,0,0,0,0,0,0},{0,0,0,0,0,0,0,0,0},{0,0,0,0,0,0,0,0,0},{0,0,0,0,0,0,0,0,0},{0,0,0,0,0,0,0,0,0}}
]
13:21:17.333 INFO  [main] SudokuBoard - Warto?? 0 wstawiona nieprawid?owo
13:21:17.334 INFO  [main] SudokuBoard - B?ad w kwadracie 0
sudoku.model.SudokuBoard@4fe4b8b6[
  size=9
  solver=sudoku.model.BacktrackingSudokuSolver@77da2881
  board={{6,3,4,2,5,1,7,8,9},{1,2,5,9,7,8,3,4,6},{7,8,9,3,6,4,5,1,2},{4,5,2,6,8,7,1,9,3},{8,6,7,1,3,9,2,5,4},{9,1,3,4,2,5,6,7,8},{2,4,6,5,9,3,0,0,0},{0,0,0,0,0,0,0,0,0},{0,0,0,0,0,0,0,0,0}}
]
13:21:17.334 INFO  [main] SudokuBoard - Warto?? 0 wstawiona nieprawid?owo
13:21:17.334 INFO  [main] SudokuBoard - B?ad w kwadracie 0
sudoku.model.SudokuBoard@4fe4b8b6[
  size=9
  solver=sudoku.model.BacktrackingSudokuSolver@77da2881
  board={{6,3,4,2,5,1,7,8,9},{1,2,5,9,7,8,3,4,6},{7,8,9,3,6,4,5,1,2},{4,5,2,6,8,7,1,9,3},{8,6,7,1,3,9,2,5,4},{9,1,3,4,2,5,6,7,8},{2,4,6,5,9,0,0,0,0},{0,0,0,0,0,0,0,0,0},{0,0,0,0,0,0,0,0,0}}
]
13:21:17.335 INFO  [main] SudokuBoard - Warto?? 0 wstawiona nieprawid?owo
13:21:17.337 INFO  [main] SudokuBoard - B?ad w kwadracie 0
sudoku.model.SudokuBoard@4fe4b8b6[
  size=9
  solver=sudoku.model.BacktrackingSudokuSolver@77da2881
  board={{6,3,4,2,5,1,7,8,9},{1,2,5,9,7,8,3,4,6},{7,8,9,3,6,4,5,1,2},{4,5,2,6,8,7,1,9,3},{8,6,7,1,3,9,2,5,4},{9,1,3,4,2,5,6,7,8},{2,4,6,5,0,0,0,0,0},{0,0,0,0,0,0,0,0,0},{0,0,0,0,0,0,0,0,0}}
]
13:21:17.337 INFO  [main] SudokuBoard - Warto?? 0 wstawiona nieprawid?owo
13:21:17.337 INFO  [main] SudokuBoard - B?ad w kwadracie 0
sudoku.model.SudokuBoard@4fe4b8b6[
  size=9
  solver=sudoku.model.BacktrackingSudokuSolver@77da2881
  board={{6,3,4,2,5,1,7,8,9},{1,2,5,9,7,8,3,4,6},{7,8,9,3,6,4,5,1,2},{4,5,2,6,8,7,1,9,3},{8,6,7,1,3,9,2,5,4},{9,1,3,4,2,5,6,7,8},{2,4,6,5,1,3,0,0,0},{0,0,0,0,0,0,0,0,0},{0,0,0,0,0,0,0,0,0}}
]
13:21:17.337 INFO  [main] SudokuBoard - Warto?? 0 wstawiona nieprawid?owo
13:21:17.338 INFO  [main] SudokuBoard - B?ad w kwadracie 0
sudoku.model.SudokuBoard@4fe4b8b6[
  size=9
  solver=sudoku.model.BacktrackingSudokuSolver@77da2881
  board={{6,3,4,2,5,1,7,8,9},{1,2,5,9,7,8,3,4,6},{7,8,9,3,6,4,5,1,2},{4,5,2,6,8,7,1,9,3},{8,6,7,1,3,9,2,5,4},{9,1,3,4,2,5,6,7,8},{2,4,6,5,1,3,0,0,0},{0,0,0,0,0,0,0,0,0},{0,0,0,0,0,0,0,0,0}}
]
13:21:17.338 INFO  [main] SudokuBoard - Warto?? 0 wstawiona nieprawid?owo
13:21:17.338 INFO  [main] SudokuBoard - B?ad w kwadracie 0
sudoku.model.SudokuBoard@4fe4b8b6[
  size=9
  solver=sudoku.model.BacktrackingSudokuSolver@77da2881
  board={{6,3,4,2,5,1,7,8,9},{1,2,5,9,7,8,3,4,6},{7,8,9,3,6,4,5,1,2},{4,5,2,6,8,7,1,9,3},{8,6,7,1,3,9,2,5,4},{9,1,3,4,2,5,6,7,8},{2,4,6,5,1,0,0,0,0},{0,0,0,0,0,0,0,0,0},{0,0,0,0,0,0,0,0,0}}
]
13:21:17.338 INFO  [main] SudokuBoard - Warto?? 0 wstawiona nieprawid?owo
13:21:17.338 INFO  [main] SudokuBoard - B?ad w kwadracie 0
sudoku.model.SudokuBoard@4fe4b8b6[
  size=9
  solver=sudoku.model.BacktrackingSudokuSolver@77da2881
  board={{6,3,4,2,5,1,7,8,9},{1,2,5,9,7,8,3,4,6},{7,8,9,3,6,4,5,1,2},{4,5,2,6,8,7,1,9,3},{8,6,7,1,3,9,2,5,4},{9,1,3,4,2,5,6,7,8},{2,4,6,5,0,0,0,0,0},{0,0,0,0,0,0,0,0,0},{0,0,0,0,0,0,0,0,0}}
]
13:21:17.338 INFO  [main] SudokuBoard - Warto?? 0 wstawiona nieprawid?owo
13:21:17.339 INFO  [main] SudokuBoard - B?ad w kwadracie 0
sudoku.model.SudokuBoard@4fe4b8b6[
  size=9
  solver=sudoku.model.BacktrackingSudokuSolver@77da2881
  board={{6,3,4,2,5,1,7,8,9},{1,2,5,9,7,8,3,4,6},{7,8,9,3,6,4,5,1,2},{4,5,2,6,8,7,1,9,3},{8,6,7,1,3,9,2,5,4},{9,1,3,4,2,5,6,7,8},{2,4,6,0,0,0,0,0,0},{0,0,0,0,0,0,0,0,0},{0,0,0,0,0,0,0,0,0}}
]
13:21:17.339 INFO  [main] SudokuBoard - Warto?? 0 wstawiona nieprawid?owo
13:21:17.339 INFO  [main] SudokuBoard - B?ad w kwadracie 0
sudoku.model.SudokuBoard@4fe4b8b6[
  size=9
  solver=sudoku.model.BacktrackingSudokuSolver@77da2881
  board={{6,3,4,2,5,1,7,8,9},{1,2,5,9,7,8,3,4,6},{7,8,9,3,6,4,5,1,2},{4,5,2,6,8,7,1,9,3},{8,6,7,1,3,9,2,5,4},{9,1,3,4,2,5,6,7,8},{2,4,6,7,9,3,0,0,0},{0,0,0,0,0,0,0,0,0},{0,0,0,0,0,0,0,0,0}}
]
13:21:17.339 INFO  [main] SudokuBoard - Warto?? 0 wstawiona nieprawid?owo
13:21:17.339 INFO  [main] SudokuBoard - B?ad w kwadracie 0
sudoku.model.SudokuBoard@4fe4b8b6[
  size=9
  solver=sudoku.model.BacktrackingSudokuSolver@77da2881
  board={{6,3,4,2,5,1,7,8,9},{1,2,5,9,7,8,3,4,6},{7,8,9,3,6,4,5,1,2},{4,5,2,6,8,7,1,9,3},{8,6,7,1,3,9,2,5,4},{9,1,3,4,2,5,6,7,8},{2,4,6,7,9,0,0,0,0},{0,0,0,0,0,0,0,0,0},{0,0,0,0,0,0,0,0,0}}
]
13:21:17.339 INFO  [main] SudokuBoard - Warto?? 0 wstawiona nieprawid?owo
13:21:17.340 INFO  [main] SudokuBoard - B?ad w kwadracie 0
sudoku.model.SudokuBoard@4fe4b8b6[
  size=9
  solver=sudoku.model.BacktrackingSudokuSolver@77da2881
  board={{6,3,4,2,5,1,7,8,9},{1,2,5,9,7,8,3,4,6},{7,8,9,3,6,4,5,1,2},{4,5,2,6,8,7,1,9,3},{8,6,7,1,3,9,2,5,4},{9,1,3,4,2,5,6,7,8},{2,4,6,7,0,0,0,0,0},{0,0,0,0,0,0,0,0,0},{0,0,0,0,0,0,0,0,0}}
]
13:21:17.340 INFO  [main] SudokuBoard - Warto?? 0 wstawiona nieprawid?owo
13:21:17.340 INFO  [main] SudokuBoard - B?ad w kwadracie 0
sudoku.model.SudokuBoard@4fe4b8b6[
  size=9
  solver=sudoku.model.BacktrackingSudokuSolver@77da2881
  board={{6,3,4,2,5,1,7,8,9},{1,2,5,9,7,8,3,4,6},{7,8,9,3,6,4,5,1,2},{4,5,2,6,8,7,1,9,3},{8,6,7,1,3,9,2,5,4},{9,1,3,4,2,5,6,7,8},{2,4,6,7,1,3,0,0,0},{0,0,0,0,0,0,0,0,0},{0,0,0,0,0,0,0,0,0}}
]
13:21:17.340 INFO  [main] SudokuBoard - Warto?? 0 wstawiona nieprawid?owo
13:21:17.340 INFO  [main] SudokuBoard - B?ad w kwadracie 0
sudoku.model.SudokuBoard@4fe4b8b6[
  size=9
  solver=sudoku.model.BacktrackingSudokuSolver@77da2881
  board={{6,3,4,2,5,1,7,8,9},{1,2,5,9,7,8,3,4,6},{7,8,9,3,6,4,5,1,2},{4,5,2,6,8,7,1,9,3},{8,6,7,1,3,9,2,5,4},{9,1,3,4,2,5,6,7,8},{2,4,6,7,1,3,0,0,0},{0,0,0,0,0,0,0,0,0},{0,0,0,0,0,0,0,0,0}}
]
13:21:17.340 INFO  [main] SudokuBoard - Warto?? 0 wstawiona nieprawid?owo
13:21:17.341 INFO  [main] SudokuBoard - B?ad w kwadracie 0
sudoku.model.SudokuBoard@4fe4b8b6[
  size=9
  solver=sudoku.model.BacktrackingSudokuSolver@77da2881
  board={{6,3,4,2,5,1,7,8,9},{1,2,5,9,7,8,3,4,6},{7,8,9,3,6,4,5,1,2},{4,5,2,6,8,7,1,9,3},{8,6,7,1,3,9,2,5,4},{9,1,3,4,2,5,6,7,8},{2,4,6,7,1,0,0,0,0},{0,0,0,0,0,0,0,0,0},{0,0,0,0,0,0,0,0,0}}
]
13:21:17.341 INFO  [main] SudokuBoard - Warto?? 0 wstawiona nieprawid?owo
13:21:17.341 INFO  [main] SudokuBoard - B?ad w kwadracie 0
sudoku.model.SudokuBoard@4fe4b8b6[
  size=9
  solver=sudoku.model.BacktrackingSudokuSolver@77da2881
  board={{6,3,4,2,5,1,7,8,9},{1,2,5,9,7,8,3,4,6},{7,8,9,3,6,4,5,1,2},{4,5,2,6,8,7,1,9,3},{8,6,7,1,3,9,2,5,4},{9,1,3,4,2,5,6,7,8},{2,4,6,7,0,0,0,0,0},{0,0,0,0,0,0,0,0,0},{0,0,0,0,0,0,0,0,0}}
]
13:21:17.341 INFO  [main] SudokuBoard - Warto?? 0 wstawiona nieprawid?owo
13:21:17.342 INFO  [main] SudokuBoard - B?ad w kwadracie 0
sudoku.model.SudokuBoard@4fe4b8b6[
  size=9
  solver=sudoku.model.BacktrackingSudokuSolver@77da2881
  board={{6,3,4,2,5,1,7,8,9},{1,2,5,9,7,8,3,4,6},{7,8,9,3,6,4,5,1,2},{4,5,2,6,8,7,1,9,3},{8,6,7,1,3,9,2,5,4},{9,1,3,4,2,5,6,7,8},{2,4,6,0,0,0,0,0,0},{0,0,0,0,0,0,0,0,0},{0,0,0,0,0,0,0,0,0}}
]
13:21:17.342 INFO  [main] SudokuBoard - Warto?? 0 wstawiona nieprawid?owo
13:21:17.342 INFO  [main] SudokuBoard - B?ad w kwadracie 0
sudoku.model.SudokuBoard@4fe4b8b6[
  size=9
  solver=sudoku.model.BacktrackingSudokuSolver@77da2881
  board={{6,3,4,2,5,1,7,8,9},{1,2,5,9,7,8,3,4,6},{7,8,9,3,6,4,5,1,2},{4,5,2,6,8,7,1,9,3},{8,6,7,1,3,9,2,5,4},{9,1,3,4,2,5,6,7,8},{2,4,6,8,9,0,0,0,0},{0,0,0,0,0,0,0,0,0},{0,0,0,0,0,0,0,0,0}}
]
13:21:17.342 INFO  [main] SudokuBoard - Warto?? 0 wstawiona nieprawid?owo
13:21:17.343 INFO  [main] SudokuBoard - B?ad w kwadracie 0
sudoku.model.SudokuBoard@4fe4b8b6[
  size=9
  solver=sudoku.model.BacktrackingSudokuSolver@77da2881
  board={{6,3,4,2,5,1,7,8,9},{1,2,5,9,7,8,3,4,6},{7,8,9,3,6,4,5,1,2},{4,5,2,6,8,7,1,9,3},{8,6,7,1,3,9,2,5,4},{9,1,3,4,2,5,6,7,8},{2,4,6,8,0,0,0,0,0},{0,0,0,0,0,0,0,0,0},{0,0,0,0,0,0,0,0,0}}
]
13:21:17.343 INFO  [main] SudokuBoard - Warto?? 0 wstawiona nieprawid?owo
13:21:17.344 INFO  [main] SudokuBoard - B?ad w kwadracie 0
sudoku.model.SudokuBoard@4fe4b8b6[
  size=9
  solver=sudoku.model.BacktrackingSudokuSolver@77da2881
  board={{6,3,4,2,5,1,7,8,9},{1,2,5,9,7,8,3,4,6},{7,8,9,3,6,4,5,1,2},{4,5,2,6,8,7,1,9,3},{8,6,7,1,3,9,2,5,4},{9,1,3,4,2,5,6,7,8},{2,4,6,8,1,3,0,0,0},{0,0,0,0,0,0,0,0,0},{0,0,0,0,0,0,0,0,0}}
]
13:21:17.344 INFO  [main] SudokuBoard - Warto?? 0 wstawiona nieprawid?owo
13:21:17.345 INFO  [main] SudokuBoard - B?ad w kwadracie 0
sudoku.model.SudokuBoard@4fe4b8b6[
  size=9
  solver=sudoku.model.BacktrackingSudokuSolver@77da2881
  board={{6,3,4,2,5,1,7,8,9},{1,2,5,9,7,8,3,4,6},{7,8,9,3,6,4,5,1,2},{4,5,2,6,8,7,1,9,3},{8,6,7,1,3,9,2,5,4},{9,1,3,4,2,5,6,7,8},{2,4,6,8,1,0,0,0,0},{0,0,0,0,0,0,0,0,0},{0,0,0,0,0,0,0,0,0}}
]
13:21:17.345 INFO  [main] SudokuBoard - Warto?? 0 wstawiona nieprawid?owo
13:21:17.346 INFO  [main] SudokuBoard - B?ad w kwadracie 0
sudoku.model.SudokuBoard@4fe4b8b6[
  size=9
  solver=sudoku.model.BacktrackingSudokuSolver@77da2881
  board={{6,3,4,2,5,1,7,8,9},{1,2,5,9,7,8,3,4,6},{7,8,9,3,6,4,5,1,2},{4,5,2,6,8,7,1,9,3},{8,6,7,1,3,9,2,5,4},{9,1,3,4,2,5,6,7,8},{2,4,6,8,0,0,0,0,0},{0,0,0,0,0,0,0,0,0},{0,0,0,0,0,0,0,0,0}}
]
13:21:17.346 INFO  [main] SudokuBoard - Warto?? 0 wstawiona nieprawid?owo
13:21:17.346 INFO  [main] SudokuBoard - B?ad w kwadracie 0
sudoku.model.SudokuBoard@4fe4b8b6[
  size=9
  solver=sudoku.model.BacktrackingSudokuSolver@77da2881
  board={{6,3,4,2,5,1,7,8,9},{1,2,5,9,7,8,3,4,6},{7,8,9,3,6,4,5,1,2},{4,5,2,6,8,7,1,9,3},{8,6,7,1,3,9,2,5,4},{9,1,3,4,2,5,6,7,8},{2,4,6,0,0,0,0,0,0},{0,0,0,0,0,0,0,0,0},{0,0,0,0,0,0,0,0,0}}
]
13:21:17.346 INFO  [main] SudokuBoard - Warto?? 0 wstawiona nieprawid?owo
13:21:17.348 INFO  [main] SudokuBoard - B?ad w kwadracie 0
sudoku.model.SudokuBoard@4fe4b8b6[
  size=9
  solver=sudoku.model.BacktrackingSudokuSolver@77da2881
  board={{6,3,4,2,5,1,7,8,9},{1,2,5,9,7,8,3,4,6},{7,8,9,3,6,4,5,1,2},{4,5,2,6,8,7,1,9,3},{8,6,7,1,3,9,2,5,4},{9,1,3,4,2,5,6,7,8},{2,4,0,0,0,0,0,0,0},{0,0,0,0,0,0,0,0,0},{0,0,0,0,0,0,0,0,0}}
]
13:21:17.349 INFO  [main] SudokuBoard - Warto?? 0 wstawiona nieprawid?owo
13:21:17.349 INFO  [main] SudokuBoard - B?ad w kwadracie 0
sudoku.model.SudokuBoard@4fe4b8b6[
  size=9
  solver=sudoku.model.BacktrackingSudokuSolver@77da2881
  board={{6,3,4,2,5,1,7,8,9},{1,2,5,9,7,8,3,4,6},{7,8,9,3,6,4,5,1,2},{4,5,2,6,8,7,1,9,3},{8,6,7,1,3,9,2,5,4},{9,1,3,4,2,5,6,7,8},{2,4,8,5,9,0,0,0,0},{0,0,0,0,0,0,0,0,0},{0,0,0,0,0,0,0,0,0}}
]
13:21:17.349 INFO  [main] SudokuBoard - Warto?? 0 wstawiona nieprawid?owo
13:21:17.350 INFO  [main] SudokuBoard - B?ad w kwadracie 0
sudoku.model.SudokuBoard@4fe4b8b6[
  size=9
  solver=sudoku.model.BacktrackingSudokuSolver@77da2881
  board={{6,3,4,2,5,1,7,8,9},{1,2,5,9,7,8,3,4,6},{7,8,9,3,6,4,5,1,2},{4,5,2,6,8,7,1,9,3},{8,6,7,1,3,9,2,5,4},{9,1,3,4,2,5,6,7,8},{2,4,8,5,9,0,0,0,0},{0,0,0,0,0,0,0,0,0},{0,0,0,0,0,0,0,0,0}}
]
13:21:17.351 INFO  [main] SudokuBoard - Warto?? 0 wstawiona nieprawid?owo
13:21:17.351 INFO  [main] SudokuBoard - B?ad w kwadracie 0
sudoku.model.SudokuBoard@4fe4b8b6[
  size=9
  solver=sudoku.model.BacktrackingSudokuSolver@77da2881
  board={{6,3,4,2,5,1,7,8,9},{1,2,5,9,7,8,3,4,6},{7,8,9,3,6,4,5,1,2},{4,5,2,6,8,7,1,9,3},{8,6,7,1,3,9,2,5,4},{9,1,3,4,2,5,6,7,8},{2,4,8,5,0,0,0,0,0},{0,0,0,0,0,0,0,0,0},{0,0,0,0,0,0,0,0,0}}
]
13:21:17.351 INFO  [main] SudokuBoard - Warto?? 0 wstawiona nieprawid?owo
13:21:17.352 INFO  [main] SudokuBoard - B?ad w kwadracie 0
sudoku.model.SudokuBoard@4fe4b8b6[
  size=9
  solver=sudoku.model.BacktrackingSudokuSolver@77da2881
  board={{6,3,4,2,5,1,7,8,9},{1,2,5,9,7,8,3,4,6},{7,8,9,3,6,4,5,1,2},{4,5,2,6,8,7,1,9,3},{8,6,7,1,3,9,2,5,4},{9,1,3,4,2,5,6,7,8},{2,4,8,5,1,6,9,3,7},{3,7,6,8,9,2,0,0,0},{0,0,0,0,0,0,0,0,0}}
]
13:21:17.353 INFO  [main] SudokuBoard - Warto?? 0 wstawiona nieprawid?owo
13:21:17.354 INFO  [main] SudokuBoard - B?ad w kwadracie 0
sudoku.model.SudokuBoard@4fe4b8b6[
  size=9
  solver=sudoku.model.BacktrackingSudokuSolver@77da2881
  board={{6,3,4,2,5,1,7,8,9},{1,2,5,9,7,8,3,4,6},{7,8,9,3,6,4,5,1,2},{4,5,2,6,8,7,1,9,3},{8,6,7,1,3,9,2,5,4},{9,1,3,4,2,5,6,7,8},{2,4,8,5,1,6,9,3,7},{3,7,6,8,9,0,0,0,0},{0,0,0,0,0,0,0,0,0}}
]
13:21:17.354 INFO  [main] SudokuBoard - Warto?? 0 wstawiona nieprawid?owo
13:21:17.354 INFO  [main] SudokuBoard - B?ad w kwadracie 0
sudoku.model.SudokuBoard@4fe4b8b6[
  size=9
  solver=sudoku.model.BacktrackingSudokuSolver@77da2881
  board={{6,3,4,2,5,1,7,8,9},{1,2,5,9,7,8,3,4,6},{7,8,9,3,6,4,5,1,2},{4,5,2,6,8,7,1,9,3},{8,6,7,1,3,9,2,5,4},{9,1,3,4,2,5,6,7,8},{2,4,8,5,1,6,9,3,7},{3,7,6,8,0,0,0,0,0},{0,0,0,0,0,0,0,0,0}}
]
13:21:17.354 INFO  [main] SudokuBoard - Warto?? 0 wstawiona nieprawid?owo
13:21:17.355 INFO  [main] SudokuBoard - B?ad w kwadracie 0
sudoku.model.SudokuBoard@4fe4b8b6[
  size=9
  solver=sudoku.model.BacktrackingSudokuSolver@77da2881
  board={{6,3,4,2,5,1,7,8,9},{1,2,5,9,7,8,3,4,6},{7,8,9,3,6,4,5,1,2},{4,5,2,6,8,7,1,9,3},{8,6,7,1,3,9,2,5,4},{9,1,3,4,2,5,6,7,8},{2,4,8,5,1,6,9,3,7},{3,7,6,8,4,0,0,0,0},{0,0,0,0,0,0,0,0,0}}
]
13:21:17.355 INFO  [main] SudokuBoard - Warto?? 0 wstawiona nieprawid?owo
13:21:17.355 INFO  [main] SudokuBoard - B?ad w kwadracie 0
sudoku.model.SudokuBoard@4fe4b8b6[
  size=9
  solver=sudoku.model.BacktrackingSudokuSolver@77da2881
  board={{6,3,4,2,5,1,7,8,9},{1,2,5,9,7,8,3,4,6},{7,8,9,3,6,4,5,1,2},{4,5,2,6,8,7,1,9,3},{8,6,7,1,3,9,2,5,4},{9,1,3,4,2,5,6,7,8},{2,4,8,5,1,6,9,3,7},{3,7,6,8,0,0,0,0,0},{0,0,0,0,0,0,0,0,0}}
]
13:21:17.355 INFO  [main] SudokuBoard - Warto?? 0 wstawiona nieprawid?owo
13:21:17.355 INFO  [main] SudokuBoard - B?ad w kwadracie 0
sudoku.model.SudokuBoard@4fe4b8b6[
  size=9
  solver=sudoku.model.BacktrackingSudokuSolver@77da2881
  board={{6,3,4,2,5,1,7,8,9},{1,2,5,9,7,8,3,4,6},{7,8,9,3,6,4,5,1,2},{4,5,2,6,8,7,1,9,3},{8,6,7,1,3,9,2,5,4},{9,1,3,4,2,5,6,7,8},{2,4,8,5,1,6,9,3,7},{3,7,6,0,0,0,0,0,0},{0,0,0,0,0,0,0,0,0}}
]
13:21:17.356 INFO  [main] SudokuBoard - Warto?? 0 wstawiona nieprawid?owo
13:21:17.356 INFO  [main] SudokuBoard - B?ad w kwadracie 0
sudoku.model.SudokuBoard@4fe4b8b6[
  size=9
  solver=sudoku.model.BacktrackingSudokuSolver@77da2881
  board={{6,3,4,2,5,1,7,8,9},{1,2,5,9,7,8,3,4,6},{7,8,9,3,6,4,5,1,2},{4,5,2,6,8,7,1,9,3},{8,6,7,1,3,9,2,5,4},{9,1,3,4,2,5,6,7,8},{2,4,8,5,1,6,9,3,7},{3,7,0,0,0,0,0,0,0},{0,0,0,0,0,0,0,0,0}}
]
13:21:17.356 INFO  [main] SudokuBoard - Warto?? 0 wstawiona nieprawid?owo
13:21:17.357 INFO  [main] SudokuBoard - B?ad w kwadracie 0
sudoku.model.SudokuBoard@4fe4b8b6[
  size=9
  solver=sudoku.model.BacktrackingSudokuSolver@77da2881
  board={{6,3,4,2,5,1,7,8,9},{1,2,5,9,7,8,3,4,6},{7,8,9,3,6,4,5,1,2},{4,5,2,6,8,7,1,9,3},{8,6,7,1,3,9,2,5,4},{9,1,3,4,2,5,6,7,8},{2,4,8,5,1,6,9,3,7},{3,7,1,8,4,0,0,0,0},{0,0,0,0,0,0,0,0,0}}
]
13:21:17.357 INFO  [main] SudokuBoard - Warto?? 0 wstawiona nieprawid?owo
13:21:17.358 INFO  [main] SudokuBoard - B?ad w kwadracie 0
sudoku.model.SudokuBoard@4fe4b8b6[
  size=9
  solver=sudoku.model.BacktrackingSudokuSolver@77da2881
  board={{6,3,4,2,5,1,7,8,9},{1,2,5,9,7,8,3,4,6},{7,8,9,3,6,4,5,1,2},{4,5,2,6,8,7,1,9,3},{8,6,7,1,3,9,2,5,4},{9,1,3,4,2,5,6,7,8},{2,4,8,5,1,6,9,3,7},{3,7,1,8,0,0,0,0,0},{0,0,0,0,0,0,0,0,0}}
]
13:21:17.358 INFO  [main] SudokuBoard - Warto?? 0 wstawiona nieprawid?owo
]]></system-out>
  </testcase>
  <testcase name="checkBoardTestColumnFalse" classname="sudoku.model.SudokuBoardTest" time="0.075">
    <system-out><![CDATA[13:21:17.382 INFO  [main] SudokuBoard - B?ad w kwadracie 0
sudoku.model.SudokuBoard@4fa3bebe[
  size=9
  solver=sudoku.model.BacktrackingSudokuSolver@63767d
  board={{8,4,5,7,1,9,2,3,6},{6,7,9,2,8,3,1,4,5},{3,1,2,4,5,6,7,8,9},{4,6,7,1,2,5,3,9,8},{9,2,8,3,4,7,6,5,1},{1,0,0,0,0,0,0,0,0},{0,0,0,0,0,0,0,0,0},{0,0,0,0,0,0,0,0,0},{0,0,0,0,0,0,0,0,0}}
]
13:21:17.382 INFO  [main] SudokuBoard - Warto?? 0 wstawiona nieprawid?owo
13:21:17.383 INFO  [main] SudokuBoard - B?ad w kwadracie 0
sudoku.model.SudokuBoard@4fa3bebe[
  size=9
  solver=sudoku.model.BacktrackingSudokuSolver@63767d
  board={{8,4,5,7,1,9,2,3,6},{6,7,9,2,8,3,1,4,5},{3,1,2,4,5,6,7,8,9},{4,6,7,1,2,5,3,9,8},{9,2,8,3,4,7,6,5,1},{1,5,3,6,9,8,4,2,7},{7,3,1,9,6,2,0,0,0},{0,0,0,0,0,0,0,0,0},{0,0,0,0,0,0,0,0,0}}
]
13:21:17.383 INFO  [main] SudokuBoard - Warto?? 0 wstawiona nieprawid?owo
13:21:17.383 INFO  [main] SudokuBoard - B?ad w kwadracie 0
sudoku.model.SudokuBoard@4fa3bebe[
  size=9
  solver=sudoku.model.BacktrackingSudokuSolver@63767d
  board={{8,4,5,7,1,9,2,3,6},{6,7,9,2,8,3,1,4,5},{3,1,2,4,5,6,7,8,9},{4,6,7,1,2,5,3,9,8},{9,2,8,3,4,7,6,5,1},{1,5,3,6,9,8,4,2,7},{7,3,1,9,6,2,0,0,0},{0,0,0,0,0,0,0,0,0},{0,0,0,0,0,0,0,0,0}}
]
13:21:17.383 INFO  [main] SudokuBoard - Warto?? 0 wstawiona nieprawid?owo
13:21:17.383 INFO  [main] SudokuBoard - B?ad w kwadracie 0
sudoku.model.SudokuBoard@4fa3bebe[
  size=9
  solver=sudoku.model.BacktrackingSudokuSolver@63767d
  board={{8,4,5,7,1,9,2,3,6},{6,7,9,2,8,3,1,4,5},{3,1,2,4,5,6,7,8,9},{4,6,7,1,2,5,3,9,8},{9,2,8,3,4,7,6,5,1},{1,5,3,6,9,8,4,2,7},{7,3,1,9,6,0,0,0,0},{0,0,0,0,0,0,0,0,0},{0,0,0,0,0,0,0,0,0}}
]
13:21:17.384 INFO  [main] SudokuBoard - Warto?? 0 wstawiona nieprawid?owo
13:21:17.384 INFO  [main] SudokuBoard - B?ad w kwadracie 0
sudoku.model.SudokuBoard@4fa3bebe[
  size=9
  solver=sudoku.model.BacktrackingSudokuSolver@63767d
  board={{8,4,5,7,1,9,2,3,6},{6,7,9,2,8,3,1,4,5},{3,1,2,4,5,6,7,8,9},{4,6,7,1,2,5,3,9,8},{9,2,8,3,4,7,6,5,1},{1,5,3,6,9,8,4,2,7},{7,3,1,9,6,4,0,0,0},{0,0,0,0,0,0,0,0,0},{0,0,0,0,0,0,0,0,0}}
]
13:21:17.384 INFO  [main] SudokuBoard - Warto?? 0 wstawiona nieprawid?owo
13:21:17.384 INFO  [main] SudokuBoard - B?ad w kwadracie 0
sudoku.model.SudokuBoard@4fa3bebe[
  size=9
  solver=sudoku.model.BacktrackingSudokuSolver@63767d
  board={{8,4,5,7,1,9,2,3,6},{6,7,9,2,8,3,1,4,5},{3,1,2,4,5,6,7,8,9},{4,6,7,1,2,5,3,9,8},{9,2,8,3,4,7,6,5,1},{1,5,3,6,9,8,4,2,7},{7,3,1,9,6,4,0,0,0},{0,0,0,0,0,0,0,0,0},{0,0,0,0,0,0,0,0,0}}
]
13:21:17.384 INFO  [main] SudokuBoard - Warto?? 0 wstawiona nieprawid?owo
13:21:17.385 INFO  [main] SudokuBoard - B?ad w kwadracie 0
sudoku.model.SudokuBoard@4fa3bebe[
  size=9
  solver=sudoku.model.BacktrackingSudokuSolver@63767d
  board={{8,4,5,7,1,9,2,3,6},{6,7,9,2,8,3,1,4,5},{3,1,2,4,5,6,7,8,9},{4,6,7,1,2,5,3,9,8},{9,2,8,3,4,7,6,5,1},{1,5,3,6,9,8,4,2,7},{7,3,1,9,6,0,0,0,0},{0,0,0,0,0,0,0,0,0},{0,0,0,0,0,0,0,0,0}}
]
13:21:17.385 INFO  [main] SudokuBoard - Warto?? 0 wstawiona nieprawid?owo
13:21:17.385 INFO  [main] SudokuBoard - B?ad w kwadracie 0
sudoku.model.SudokuBoard@4fa3bebe[
  size=9
  solver=sudoku.model.BacktrackingSudokuSolver@63767d
  board={{8,4,5,7,1,9,2,3,6},{6,7,9,2,8,3,1,4,5},{3,1,2,4,5,6,7,8,9},{4,6,7,1,2,5,3,9,8},{9,2,8,3,4,7,6,5,1},{1,5,3,6,9,8,4,2,7},{7,3,1,9,0,0,0,0,0},{0,0,0,0,0,0,0,0,0},{0,0,0,0,0,0,0,0,0}}
]
13:21:17.386 INFO  [main] SudokuBoard - Warto?? 0 wstawiona nieprawid?owo
13:21:17.387 INFO  [main] SudokuBoard - B?ad w kwadracie 0
sudoku.model.SudokuBoard@4fa3bebe[
  size=9
  solver=sudoku.model.BacktrackingSudokuSolver@63767d
  board={{8,4,5,7,1,9,2,3,6},{6,7,9,2,8,3,1,4,5},{3,1,2,4,5,6,7,8,9},{4,6,7,1,2,5,3,9,8},{9,2,8,3,4,7,6,5,1},{1,5,3,6,9,8,4,2,7},{7,3,1,0,0,0,0,0,0},{0,0,0,0,0,0,0,0,0},{0,0,0,0,0,0,0,0,0}}
]
13:21:17.387 INFO  [main] SudokuBoard - Warto?? 0 wstawiona nieprawid?owo
13:21:17.388 INFO  [main] SudokuBoard - B?ad w kwadracie 0
sudoku.model.SudokuBoard@4fa3bebe[
  size=9
  solver=sudoku.model.BacktrackingSudokuSolver@63767d
  board={{8,4,5,7,1,9,2,3,6},{6,7,9,2,8,3,1,4,5},{3,1,2,4,5,6,7,8,9},{4,6,7,1,2,5,3,9,8},{9,2,8,3,4,7,6,5,1},{1,5,3,6,9,8,4,2,7},{7,3,1,5,6,2,0,0,0},{0,0,0,0,0,0,0,0,0},{0,0,0,0,0,0,0,0,0}}
]
13:21:17.388 INFO  [main] SudokuBoard - Warto?? 0 wstawiona nieprawid?owo
13:21:17.388 INFO  [main] SudokuBoard - B?ad w kwadracie 0
sudoku.model.SudokuBoard@4fa3bebe[
  size=9
  solver=sudoku.model.BacktrackingSudokuSolver@63767d
  board={{8,4,5,7,1,9,2,3,6},{6,7,9,2,8,3,1,4,5},{3,1,2,4,5,6,7,8,9},{4,6,7,1,2,5,3,9,8},{9,2,8,3,4,7,6,5,1},{1,5,3,6,9,8,4,2,7},{7,3,1,5,6,2,0,0,0},{0,0,0,0,0,0,0,0,0},{0,0,0,0,0,0,0,0,0}}
]
13:21:17.388 INFO  [main] SudokuBoard - Warto?? 0 wstawiona nieprawid?owo
13:21:17.388 INFO  [main] SudokuBoard - B?ad w kwadracie 0
sudoku.model.SudokuBoard@4fa3bebe[
  size=9
  solver=sudoku.model.BacktrackingSudokuSolver@63767d
  board={{8,4,5,7,1,9,2,3,6},{6,7,9,2,8,3,1,4,5},{3,1,2,4,5,6,7,8,9},{4,6,7,1,2,5,3,9,8},{9,2,8,3,4,7,6,5,1},{1,5,3,6,9,8,4,2,7},{7,3,1,5,6,0,0,0,0},{0,0,0,0,0,0,0,0,0},{0,0,0,0,0,0,0,0,0}}
]
13:21:17.389 INFO  [main] SudokuBoard - Warto?? 0 wstawiona nieprawid?owo
13:21:17.389 INFO  [main] SudokuBoard - B?ad w kwadracie 0
sudoku.model.SudokuBoard@4fa3bebe[
  size=9
  solver=sudoku.model.BacktrackingSudokuSolver@63767d
  board={{8,4,5,7,1,9,2,3,6},{6,7,9,2,8,3,1,4,5},{3,1,2,4,5,6,7,8,9},{4,6,7,1,2,5,3,9,8},{9,2,8,3,4,7,6,5,1},{1,5,3,6,9,8,4,2,7},{7,3,1,5,6,4,0,0,0},{0,0,0,0,0,0,0,0,0},{0,0,0,0,0,0,0,0,0}}
]
13:21:17.389 INFO  [main] SudokuBoard - Warto?? 0 wstawiona nieprawid?owo
13:21:17.389 INFO  [main] SudokuBoard - B?ad w kwadracie 0
sudoku.model.SudokuBoard@4fa3bebe[
  size=9
  solver=sudoku.model.BacktrackingSudokuSolver@63767d
  board={{8,4,5,7,1,9,2,3,6},{6,7,9,2,8,3,1,4,5},{3,1,2,4,5,6,7,8,9},{4,6,7,1,2,5,3,9,8},{9,2,8,3,4,7,6,5,1},{1,5,3,6,9,8,4,2,7},{7,3,1,5,6,4,0,0,0},{0,0,0,0,0,0,0,0,0},{0,0,0,0,0,0,0,0,0}}
]
13:21:17.389 INFO  [main] SudokuBoard - Warto?? 0 wstawiona nieprawid?owo
13:21:17.390 INFO  [main] SudokuBoard - B?ad w kwadracie 0
sudoku.model.SudokuBoard@4fa3bebe[
  size=9
  solver=sudoku.model.BacktrackingSudokuSolver@63767d
  board={{8,4,5,7,1,9,2,3,6},{6,7,9,2,8,3,1,4,5},{3,1,2,4,5,6,7,8,9},{4,6,7,1,2,5,3,9,8},{9,2,8,3,4,7,6,5,1},{1,5,3,6,9,8,4,2,7},{7,3,1,5,6,0,0,0,0},{0,0,0,0,0,0,0,0,0},{0,0,0,0,0,0,0,0,0}}
]
13:21:17.390 INFO  [main] SudokuBoard - Warto?? 0 wstawiona nieprawid?owo
13:21:17.390 INFO  [main] SudokuBoard - B?ad w kwadracie 0
sudoku.model.SudokuBoard@4fa3bebe[
  size=9
  solver=sudoku.model.BacktrackingSudokuSolver@63767d
  board={{8,4,5,7,1,9,2,3,6},{6,7,9,2,8,3,1,4,5},{3,1,2,4,5,6,7,8,9},{4,6,7,1,2,5,3,9,8},{9,2,8,3,4,7,6,5,1},{1,5,3,6,9,8,4,2,7},{7,3,1,5,0,0,0,0,0},{0,0,0,0,0,0,0,0,0},{0,0,0,0,0,0,0,0,0}}
]
13:21:17.390 INFO  [main] SudokuBoard - Warto?? 0 wstawiona nieprawid?owo
13:21:17.391 INFO  [main] SudokuBoard - B?ad w kwadracie 0
sudoku.model.SudokuBoard@4fa3bebe[
  size=9
  solver=sudoku.model.BacktrackingSudokuSolver@63767d
  board={{8,4,5,7,1,9,2,3,6},{6,7,9,2,8,3,1,4,5},{3,1,2,4,5,6,7,8,9},{4,6,7,1,2,5,3,9,8},{9,2,8,3,4,7,6,5,1},{1,5,3,6,9,8,4,2,7},{7,3,1,0,0,0,0,0,0},{0,0,0,0,0,0,0,0,0},{0,0,0,0,0,0,0,0,0}}
]
13:21:17.391 INFO  [main] SudokuBoard - Warto?? 0 wstawiona nieprawid?owo
13:21:17.391 INFO  [main] SudokuBoard - B?ad w kwadracie 0
sudoku.model.SudokuBoard@4fa3bebe[
  size=9
  solver=sudoku.model.BacktrackingSudokuSolver@63767d
  board={{8,4,5,7,1,9,2,3,6},{6,7,9,2,8,3,1,4,5},{3,1,2,4,5,6,7,8,9},{4,6,7,1,2,5,3,9,8},{9,2,8,3,4,7,6,5,1},{1,5,3,6,9,8,4,2,7},{7,3,1,8,6,4,0,0,0},{0,0,0,0,0,0,0,0,0},{0,0,0,0,0,0,0,0,0}}
]
13:21:17.391 INFO  [main] SudokuBoard - Warto?? 0 wstawiona nieprawid?owo
13:21:17.391 INFO  [main] SudokuBoard - B?ad w kwadracie 0
sudoku.model.SudokuBoard@4fa3bebe[
  size=9
  solver=sudoku.model.BacktrackingSudokuSolver@63767d
  board={{8,4,5,7,1,9,2,3,6},{6,7,9,2,8,3,1,4,5},{3,1,2,4,5,6,7,8,9},{4,6,7,1,2,5,3,9,8},{9,2,8,3,4,7,6,5,1},{1,5,3,6,9,8,4,2,7},{7,3,1,8,6,4,0,0,0},{0,0,0,0,0,0,0,0,0},{0,0,0,0,0,0,0,0,0}}
]
13:21:17.391 INFO  [main] SudokuBoard - Warto?? 0 wstawiona nieprawid?owo
13:21:17.392 INFO  [main] SudokuBoard - B?ad w kwadracie 0
sudoku.model.SudokuBoard@4fa3bebe[
  size=9
  solver=sudoku.model.BacktrackingSudokuSolver@63767d
  board={{8,4,5,7,1,9,2,3,6},{6,7,9,2,8,3,1,4,5},{3,1,2,4,5,6,7,8,9},{4,6,7,1,2,5,3,9,8},{9,2,8,3,4,7,6,5,1},{1,5,3,6,9,8,4,2,7},{7,3,1,8,6,0,0,0,0},{0,0,0,0,0,0,0,0,0},{0,0,0,0,0,0,0,0,0}}
]
13:21:17.392 INFO  [main] SudokuBoard - Warto?? 0 wstawiona nieprawid?owo
13:21:17.392 INFO  [main] SudokuBoard - B?ad w kwadracie 0
sudoku.model.SudokuBoard@4fa3bebe[
  size=9
  solver=sudoku.model.BacktrackingSudokuSolver@63767d
  board={{8,4,5,7,1,9,2,3,6},{6,7,9,2,8,3,1,4,5},{3,1,2,4,5,6,7,8,9},{4,6,7,1,2,5,3,9,8},{9,2,8,3,4,7,6,5,1},{1,5,3,6,9,8,4,2,7},{7,3,1,8,6,2,0,0,0},{0,0,0,0,0,0,0,0,0},{0,0,0,0,0,0,0,0,0}}
]
13:21:17.393 INFO  [main] SudokuBoard - Warto?? 0 wstawiona nieprawid?owo
13:21:17.393 INFO  [main] SudokuBoard - B?ad w kwadracie 0
sudoku.model.SudokuBoard@4fa3bebe[
  size=9
  solver=sudoku.model.BacktrackingSudokuSolver@63767d
  board={{8,4,5,7,1,9,2,3,6},{6,7,9,2,8,3,1,4,5},{3,1,2,4,5,6,7,8,9},{4,6,7,1,2,5,3,9,8},{9,2,8,3,4,7,6,5,1},{1,5,3,6,9,8,4,2,7},{7,3,1,8,6,2,0,0,0},{0,0,0,0,0,0,0,0,0},{0,0,0,0,0,0,0,0,0}}
]
13:21:17.393 INFO  [main] SudokuBoard - Warto?? 0 wstawiona nieprawid?owo
13:21:17.393 INFO  [main] SudokuBoard - B?ad w kwadracie 0
sudoku.model.SudokuBoard@4fa3bebe[
  size=9
  solver=sudoku.model.BacktrackingSudokuSolver@63767d
  board={{8,4,5,7,1,9,2,3,6},{6,7,9,2,8,3,1,4,5},{3,1,2,4,5,6,7,8,9},{4,6,7,1,2,5,3,9,8},{9,2,8,3,4,7,6,5,1},{1,5,3,6,9,8,4,2,7},{7,3,1,8,6,0,0,0,0},{0,0,0,0,0,0,0,0,0},{0,0,0,0,0,0,0,0,0}}
]
13:21:17.393 INFO  [main] SudokuBoard - Warto?? 0 wstawiona nieprawid?owo
13:21:17.394 INFO  [main] SudokuBoard - B?ad w kwadracie 0
sudoku.model.SudokuBoard@4fa3bebe[
  size=9
  solver=sudoku.model.BacktrackingSudokuSolver@63767d
  board={{8,4,5,7,1,9,2,3,6},{6,7,9,2,8,3,1,4,5},{3,1,2,4,5,6,7,8,9},{4,6,7,1,2,5,3,9,8},{9,2,8,3,4,7,6,5,1},{1,5,3,6,9,8,4,2,7},{7,3,1,8,0,0,0,0,0},{0,0,0,0,0,0,0,0,0},{0,0,0,0,0,0,0,0,0}}
]
13:21:17.394 INFO  [main] SudokuBoard - Warto?? 0 wstawiona nieprawid?owo
13:21:17.394 INFO  [main] SudokuBoard - B?ad w kwadracie 0
sudoku.model.SudokuBoard@4fa3bebe[
  size=9
  solver=sudoku.model.BacktrackingSudokuSolver@63767d
  board={{8,4,5,7,1,9,2,3,6},{6,7,9,2,8,3,1,4,5},{3,1,2,4,5,6,7,8,9},{4,6,7,1,2,5,3,9,8},{9,2,8,3,4,7,6,5,1},{1,5,3,6,9,8,4,2,7},{7,3,1,0,0,0,0,0,0},{0,0,0,0,0,0,0,0,0},{0,0,0,0,0,0,0,0,0}}
]
13:21:17.394 INFO  [main] SudokuBoard - Warto?? 0 wstawiona nieprawid?owo
13:21:17.394 INFO  [main] SudokuBoard - B?ad w kwadracie 0
sudoku.model.SudokuBoard@4fa3bebe[
  size=9
  solver=sudoku.model.BacktrackingSudokuSolver@63767d
  board={{8,4,5,7,1,9,2,3,6},{6,7,9,2,8,3,1,4,5},{3,1,2,4,5,6,7,8,9},{4,6,7,1,2,5,3,9,8},{9,2,8,3,4,7,6,5,1},{1,5,3,6,9,8,4,2,7},{7,3,0,0,0,0,0,0,0},{0,0,0,0,0,0,0,0,0},{0,0,0,0,0,0,0,0,0}}
]
13:21:17.394 INFO  [main] SudokuBoard - Warto?? 0 wstawiona nieprawid?owo
13:21:17.395 INFO  [main] SudokuBoard - B?ad w kwadracie 0
sudoku.model.SudokuBoard@4fa3bebe[
  size=9
  solver=sudoku.model.BacktrackingSudokuSolver@63767d
  board={{8,4,5,7,1,9,2,3,6},{6,7,9,2,8,3,1,4,5},{3,1,2,4,5,6,7,8,9},{4,6,7,1,2,5,3,9,8},{9,2,8,3,4,7,6,5,1},{1,5,3,6,9,8,4,2,7},{7,3,4,5,6,1,0,0,0},{0,0,0,0,0,0,0,0,0},{0,0,0,0,0,0,0,0,0}}
]
13:21:17.395 INFO  [main] SudokuBoard - Warto?? 0 wstawiona nieprawid?owo
13:21:17.395 INFO  [main] SudokuBoard - B?ad w kwadracie 0
sudoku.model.SudokuBoard@4fa3bebe[
  size=9
  solver=sudoku.model.BacktrackingSudokuSolver@63767d
  board={{8,4,5,7,1,9,2,3,6},{6,7,9,2,8,3,1,4,5},{3,1,2,4,5,6,7,8,9},{4,6,7,1,2,5,3,9,8},{9,2,8,3,4,7,6,5,1},{1,5,3,6,9,8,4,2,7},{7,3,4,5,6,1,0,0,0},{0,0,0,0,0,0,0,0,0},{0,0,0,0,0,0,0,0,0}}
]
13:21:17.396 INFO  [main] SudokuBoard - Warto?? 0 wstawiona nieprawid?owo
13:21:17.396 INFO  [main] SudokuBoard - B?ad w kwadracie 0
sudoku.model.SudokuBoard@4fa3bebe[
  size=9
  solver=sudoku.model.BacktrackingSudokuSolver@63767d
  board={{8,4,5,7,1,9,2,3,6},{6,7,9,2,8,3,1,4,5},{3,1,2,4,5,6,7,8,9},{4,6,7,1,2,5,3,9,8},{9,2,8,3,4,7,6,5,1},{1,5,3,6,9,8,4,2,7},{7,3,4,5,6,0,0,0,0},{0,0,0,0,0,0,0,0,0},{0,0,0,0,0,0,0,0,0}}
]
13:21:17.396 INFO  [main] SudokuBoard - Warto?? 0 wstawiona nieprawid?owo
13:21:17.397 INFO  [main] SudokuBoard - B?ad w kwadracie 0
sudoku.model.SudokuBoard@4fa3bebe[
  size=9
  solver=sudoku.model.BacktrackingSudokuSolver@63767d
  board={{8,4,5,7,1,9,2,3,6},{6,7,9,2,8,3,1,4,5},{3,1,2,4,5,6,7,8,9},{4,6,7,1,2,5,3,9,8},{9,2,8,3,4,7,6,5,1},{1,5,3,6,9,8,4,2,7},{7,3,4,5,6,2,8,0,0},{0,0,0,0,0,0,0,0,0},{0,0,0,0,0,0,0,0,0}}
]
13:21:17.397 INFO  [main] SudokuBoard - Warto?? 0 wstawiona nieprawid?owo
13:21:17.397 INFO  [main] SudokuBoard - B?ad w kwadracie 0
sudoku.model.SudokuBoard@4fa3bebe[
  size=9
  solver=sudoku.model.BacktrackingSudokuSolver@63767d
  board={{8,4,5,7,1,9,2,3,6},{6,7,9,2,8,3,1,4,5},{3,1,2,4,5,6,7,8,9},{4,6,7,1,2,5,3,9,8},{9,2,8,3,4,7,6,5,1},{1,5,3,6,9,8,4,2,7},{7,3,4,5,6,2,0,0,0},{0,0,0,0,0,0,0,0,0},{0,0,0,0,0,0,0,0,0}}
]
13:21:17.397 INFO  [main] SudokuBoard - Warto?? 0 wstawiona nieprawid?owo
13:21:17.398 INFO  [main] SudokuBoard - B?ad w kwadracie 0
sudoku.model.SudokuBoard@4fa3bebe[
  size=9
  solver=sudoku.model.BacktrackingSudokuSolver@63767d
  board={{8,4,5,7,1,9,2,3,6},{6,7,9,2,8,3,1,4,5},{3,1,2,4,5,6,7,8,9},{4,6,7,1,2,5,3,9,8},{9,2,8,3,4,7,6,5,1},{1,5,3,6,9,8,4,2,7},{7,3,4,5,6,2,9,0,0},{0,0,0,0,0,0,0,0,0},{0,0,0,0,0,0,0,0,0}}
]
13:21:17.398 INFO  [main] SudokuBoard - Warto?? 0 wstawiona nieprawid?owo
13:21:17.398 INFO  [main] SudokuBoard - B?ad w kwadracie 0
sudoku.model.SudokuBoard@4fa3bebe[
  size=9
  solver=sudoku.model.BacktrackingSudokuSolver@63767d
  board={{8,4,5,7,1,9,2,3,6},{6,7,9,2,8,3,1,4,5},{3,1,2,4,5,6,7,8,9},{4,6,7,1,2,5,3,9,8},{9,2,8,3,4,7,6,5,1},{1,5,3,6,9,8,4,2,7},{7,3,4,5,6,2,0,0,0},{0,0,0,0,0,0,0,0,0},{0,0,0,0,0,0,0,0,0}}
]
13:21:17.398 INFO  [main] SudokuBoard - Warto?? 0 wstawiona nieprawid?owo
13:21:17.398 INFO  [main] SudokuBoard - B?ad w kwadracie 0
sudoku.model.SudokuBoard@4fa3bebe[
  size=9
  solver=sudoku.model.BacktrackingSudokuSolver@63767d
  board={{8,4,5,7,1,9,2,3,6},{6,7,9,2,8,3,1,4,5},{3,1,2,4,5,6,7,8,9},{4,6,7,1,2,5,3,9,8},{9,2,8,3,4,7,6,5,1},{1,5,3,6,9,8,4,2,7},{7,3,4,5,6,0,0,0,0},{0,0,0,0,0,0,0,0,0},{0,0,0,0,0,0,0,0,0}}
]
13:21:17.399 INFO  [main] SudokuBoard - Warto?? 0 wstawiona nieprawid?owo
13:21:17.399 INFO  [main] SudokuBoard - B?ad w kwadracie 0
sudoku.model.SudokuBoard@4fa3bebe[
  size=9
  solver=sudoku.model.BacktrackingSudokuSolver@63767d
  board={{8,4,5,7,1,9,2,3,6},{6,7,9,2,8,3,1,4,5},{3,1,2,4,5,6,7,8,9},{4,6,7,1,2,5,3,9,8},{9,2,8,3,4,7,6,5,1},{1,5,3,6,9,8,4,2,7},{7,3,4,5,0,0,0,0,0},{0,0,0,0,0,0,0,0,0},{0,0,0,0,0,0,0,0,0}}
]
13:21:17.399 INFO  [main] SudokuBoard - Warto?? 0 wstawiona nieprawid?owo
13:21:17.399 INFO  [main] SudokuBoard - B?ad w kwadracie 0
sudoku.model.SudokuBoard@4fa3bebe[
  size=9
  solver=sudoku.model.BacktrackingSudokuSolver@63767d
  board={{8,4,5,7,1,9,2,3,6},{6,7,9,2,8,3,1,4,5},{3,1,2,4,5,6,7,8,9},{4,6,7,1,2,5,3,9,8},{9,2,8,3,4,7,6,5,1},{1,5,3,6,9,8,4,2,7},{7,3,4,0,0,0,0,0,0},{0,0,0,0,0,0,0,0,0},{0,0,0,0,0,0,0,0,0}}
]
13:21:17.399 INFO  [main] SudokuBoard - Warto?? 0 wstawiona nieprawid?owo
13:21:17.399 INFO  [main] SudokuBoard - B?ad w kwadracie 0
sudoku.model.SudokuBoard@4fa3bebe[
  size=9
  solver=sudoku.model.BacktrackingSudokuSolver@63767d
  board={{8,4,5,7,1,9,2,3,6},{6,7,9,2,8,3,1,4,5},{3,1,2,4,5,6,7,8,9},{4,6,7,1,2,5,3,9,8},{9,2,8,3,4,7,6,5,1},{1,5,3,6,9,8,4,2,7},{7,3,4,8,6,1,0,0,0},{0,0,0,0,0,0,0,0,0},{0,0,0,0,0,0,0,0,0}}
]
13:21:17.399 INFO  [main] SudokuBoard - Warto?? 0 wstawiona nieprawid?owo
13:21:17.400 INFO  [main] SudokuBoard - B?ad w kwadracie 0
sudoku.model.SudokuBoard@4fa3bebe[
  size=9
  solver=sudoku.model.BacktrackingSudokuSolver@63767d
  board={{8,4,5,7,1,9,2,3,6},{6,7,9,2,8,3,1,4,5},{3,1,2,4,5,6,7,8,9},{4,6,7,1,2,5,3,9,8},{9,2,8,3,4,7,6,5,1},{1,5,3,6,9,8,4,2,7},{7,3,4,8,6,1,0,0,0},{0,0,0,0,0,0,0,0,0},{0,0,0,0,0,0,0,0,0}}
]
13:21:17.400 INFO  [main] SudokuBoard - Warto?? 0 wstawiona nieprawid?owo
13:21:17.400 INFO  [main] SudokuBoard - B?ad w kwadracie 0
sudoku.model.SudokuBoard@4fa3bebe[
  size=9
  solver=sudoku.model.BacktrackingSudokuSolver@63767d
  board={{8,4,5,7,1,9,2,3,6},{6,7,9,2,8,3,1,4,5},{3,1,2,4,5,6,7,8,9},{4,6,7,1,2,5,3,9,8},{9,2,8,3,4,7,6,5,1},{1,5,3,6,9,8,4,2,7},{7,3,4,8,6,0,0,0,0},{0,0,0,0,0,0,0,0,0},{0,0,0,0,0,0,0,0,0}}
]
13:21:17.400 INFO  [main] SudokuBoard - Warto?? 0 wstawiona nieprawid?owo
13:21:17.400 INFO  [main] SudokuBoard - B?ad w kwadracie 0
sudoku.model.SudokuBoard@4fa3bebe[
  size=9
  solver=sudoku.model.BacktrackingSudokuSolver@63767d
  board={{8,4,5,7,1,9,2,3,6},{6,7,9,2,8,3,1,4,5},{3,1,2,4,5,6,7,8,9},{4,6,7,1,2,5,3,9,8},{9,2,8,3,4,7,6,5,1},{1,5,3,6,9,8,4,2,7},{7,3,4,8,6,2,9,0,0},{0,0,0,0,0,0,0,0,0},{0,0,0,0,0,0,0,0,0}}
]
13:21:17.401 INFO  [main] SudokuBoard - Warto?? 0 wstawiona nieprawid?owo
13:21:17.401 INFO  [main] SudokuBoard - B?ad w kwadracie 0
sudoku.model.SudokuBoard@4fa3bebe[
  size=9
  solver=sudoku.model.BacktrackingSudokuSolver@63767d
  board={{8,4,5,7,1,9,2,3,6},{6,7,9,2,8,3,1,4,5},{3,1,2,4,5,6,7,8,9},{4,6,7,1,2,5,3,9,8},{9,2,8,3,4,7,6,5,1},{1,5,3,6,9,8,4,2,7},{7,3,4,8,6,2,0,0,0},{0,0,0,0,0,0,0,0,0},{0,0,0,0,0,0,0,0,0}}
]
13:21:17.401 INFO  [main] SudokuBoard - Warto?? 0 wstawiona nieprawid?owo
13:21:17.401 INFO  [main] SudokuBoard - B?ad w kwadracie 0
sudoku.model.SudokuBoard@4fa3bebe[
  size=9
  solver=sudoku.model.BacktrackingSudokuSolver@63767d
  board={{8,4,5,7,1,9,2,3,6},{6,7,9,2,8,3,1,4,5},{3,1,2,4,5,6,7,8,9},{4,6,7,1,2,5,3,9,8},{9,2,8,3,4,7,6,5,1},{1,5,3,6,9,8,4,2,7},{7,3,4,8,6,2,5,0,0},{0,0,0,0,0,0,0,0,0},{0,0,0,0,0,0,0,0,0}}
]
13:21:17.401 INFO  [main] SudokuBoard - Warto?? 0 wstawiona nieprawid?owo
13:21:17.403 INFO  [main] SudokuBoard - B?ad w kwadracie 0
sudoku.model.SudokuBoard@4fa3bebe[
  size=9
  solver=sudoku.model.BacktrackingSudokuSolver@63767d
  board={{8,4,5,7,1,9,2,3,6},{6,7,9,2,8,3,1,4,5},{3,1,2,4,5,6,7,8,9},{4,6,7,1,2,5,3,9,8},{9,2,8,3,4,7,6,5,1},{1,5,3,6,9,8,4,2,7},{7,3,4,8,6,2,0,0,0},{0,0,0,0,0,0,0,0,0},{0,0,0,0,0,0,0,0,0}}
]
13:21:17.404 INFO  [main] SudokuBoard - Warto?? 0 wstawiona nieprawid?owo
13:21:17.404 INFO  [main] SudokuBoard - B?ad w kwadracie 0
sudoku.model.SudokuBoard@4fa3bebe[
  size=9
  solver=sudoku.model.BacktrackingSudokuSolver@63767d
  board={{8,4,5,7,1,9,2,3,6},{6,7,9,2,8,3,1,4,5},{3,1,2,4,5,6,7,8,9},{4,6,7,1,2,5,3,9,8},{9,2,8,3,4,7,6,5,1},{1,5,3,6,9,8,4,2,7},{7,3,4,8,6,0,0,0,0},{0,0,0,0,0,0,0,0,0},{0,0,0,0,0,0,0,0,0}}
]
13:21:17.404 INFO  [main] SudokuBoard - Warto?? 0 wstawiona nieprawid?owo
13:21:17.404 INFO  [main] SudokuBoard - B?ad w kwadracie 0
sudoku.model.SudokuBoard@4fa3bebe[
  size=9
  solver=sudoku.model.BacktrackingSudokuSolver@63767d
  board={{8,4,5,7,1,9,2,3,6},{6,7,9,2,8,3,1,4,5},{3,1,2,4,5,6,7,8,9},{4,6,7,1,2,5,3,9,8},{9,2,8,3,4,7,6,5,1},{1,5,3,6,9,8,4,2,7},{7,3,4,8,0,0,0,0,0},{0,0,0,0,0,0,0,0,0},{0,0,0,0,0,0,0,0,0}}
]
13:21:17.404 INFO  [main] SudokuBoard - Warto?? 0 wstawiona nieprawid?owo
13:21:17.405 INFO  [main] SudokuBoard - B?ad w kwadracie 0
sudoku.model.SudokuBoard@4fa3bebe[
  size=9
  solver=sudoku.model.BacktrackingSudokuSolver@63767d
  board={{8,4,5,7,1,9,2,3,6},{6,7,9,2,8,3,1,4,5},{3,1,2,4,5,6,7,8,9},{4,6,7,1,2,5,3,9,8},{9,2,8,3,4,7,6,5,1},{1,5,3,6,9,8,4,2,7},{7,3,4,0,0,0,0,0,0},{0,0,0,0,0,0,0,0,0},{0,0,0,0,0,0,0,0,0}}
]
13:21:17.405 INFO  [main] SudokuBoard - Warto?? 0 wstawiona nieprawid?owo
13:21:17.405 INFO  [main] SudokuBoard - B?ad w kwadracie 0
sudoku.model.SudokuBoard@4fa3bebe[
  size=9
  solver=sudoku.model.BacktrackingSudokuSolver@63767d
  board={{8,4,5,7,1,9,2,3,6},{6,7,9,2,8,3,1,4,5},{3,1,2,4,5,6,7,8,9},{4,6,7,1,2,5,3,9,8},{9,2,8,3,4,7,6,5,1},{1,5,3,6,9,8,4,2,7},{7,3,4,9,6,1,0,0,0},{0,0,0,0,0,0,0,0,0},{0,0,0,0,0,0,0,0,0}}
]
13:21:17.406 INFO  [main] SudokuBoard - Warto?? 0 wstawiona nieprawid?owo
13:21:17.406 INFO  [main] SudokuBoard - B?ad w kwadracie 0
sudoku.model.SudokuBoard@4fa3bebe[
  size=9
  solver=sudoku.model.BacktrackingSudokuSolver@63767d
  board={{8,4,5,7,1,9,2,3,6},{6,7,9,2,8,3,1,4,5},{3,1,2,4,5,6,7,8,9},{4,6,7,1,2,5,3,9,8},{9,2,8,3,4,7,6,5,1},{1,5,3,6,9,8,4,2,7},{7,3,4,9,6,1,0,0,0},{0,0,0,0,0,0,0,0,0},{0,0,0,0,0,0,0,0,0}}
]
13:21:17.406 INFO  [main] SudokuBoard - Warto?? 0 wstawiona nieprawid?owo
13:21:17.407 INFO  [main] SudokuBoard - B?ad w kwadracie 0
sudoku.model.SudokuBoard@4fa3bebe[
  size=9
  solver=sudoku.model.BacktrackingSudokuSolver@63767d
  board={{8,4,5,7,1,9,2,3,6},{6,7,9,2,8,3,1,4,5},{3,1,2,4,5,6,7,8,9},{4,6,7,1,2,5,3,9,8},{9,2,8,3,4,7,6,5,1},{1,5,3,6,9,8,4,2,7},{7,3,4,9,6,0,0,0,0},{0,0,0,0,0,0,0,0,0},{0,0,0,0,0,0,0,0,0}}
]
13:21:17.407 INFO  [main] SudokuBoard - Warto?? 0 wstawiona nieprawid?owo
13:21:17.407 INFO  [main] SudokuBoard - B?ad w kwadracie 0
sudoku.model.SudokuBoard@4fa3bebe[
  size=9
  solver=sudoku.model.BacktrackingSudokuSolver@63767d
  board={{8,4,5,7,1,9,2,3,6},{6,7,9,2,8,3,1,4,5},{3,1,2,4,5,6,7,8,9},{4,6,7,1,2,5,3,9,8},{9,2,8,3,4,7,6,5,1},{1,5,3,6,9,8,4,2,7},{7,3,4,9,6,2,8,0,0},{0,0,0,0,0,0,0,0,0},{0,0,0,0,0,0,0,0,0}}
]
13:21:17.407 INFO  [main] SudokuBoard - Warto?? 0 wstawiona nieprawid?owo
13:21:17.408 INFO  [main] SudokuBoard - B?ad w kwadracie 0
sudoku.model.SudokuBoard@4fa3bebe[
  size=9
  solver=sudoku.model.BacktrackingSudokuSolver@63767d
  board={{8,4,5,7,1,9,2,3,6},{6,7,9,2,8,3,1,4,5},{3,1,2,4,5,6,7,8,9},{4,6,7,1,2,5,3,9,8},{9,2,8,3,4,7,6,5,1},{1,5,3,6,9,8,4,2,7},{7,3,4,9,6,2,0,0,0},{0,0,0,0,0,0,0,0,0},{0,0,0,0,0,0,0,0,0}}
]
13:21:17.408 INFO  [main] SudokuBoard - Warto?? 0 wstawiona nieprawid?owo
13:21:17.409 INFO  [main] SudokuBoard - B?ad w kwadracie 0
sudoku.model.SudokuBoard@4fa3bebe[
  size=9
  solver=sudoku.model.BacktrackingSudokuSolver@63767d
  board={{8,4,5,7,1,9,2,3,6},{6,7,9,2,8,3,1,4,5},{3,1,2,4,5,6,7,8,9},{4,6,7,1,2,5,3,9,8},{9,2,8,3,4,7,6,5,1},{1,5,3,6,9,8,4,2,7},{7,3,4,9,6,2,5,0,0},{0,0,0,0,0,0,0,0,0},{0,0,0,0,0,0,0,0,0}}
]
13:21:17.409 INFO  [main] SudokuBoard - Warto?? 0 wstawiona nieprawid?owo
13:21:17.409 INFO  [main] SudokuBoard - B?ad w kwadracie 0
sudoku.model.SudokuBoard@4fa3bebe[
  size=9
  solver=sudoku.model.BacktrackingSudokuSolver@63767d
  board={{8,4,5,7,1,9,2,3,6},{6,7,9,2,8,3,1,4,5},{3,1,2,4,5,6,7,8,9},{4,6,7,1,2,5,3,9,8},{9,2,8,3,4,7,6,5,1},{1,5,3,6,9,8,4,2,7},{7,3,4,9,6,2,0,0,0},{0,0,0,0,0,0,0,0,0},{0,0,0,0,0,0,0,0,0}}
]
13:21:17.409 INFO  [main] SudokuBoard - Warto?? 0 wstawiona nieprawid?owo
13:21:17.410 INFO  [main] SudokuBoard - B?ad w kwadracie 0
sudoku.model.SudokuBoard@4fa3bebe[
  size=9
  solver=sudoku.model.BacktrackingSudokuSolver@63767d
  board={{8,4,5,7,1,9,2,3,6},{6,7,9,2,8,3,1,4,5},{3,1,2,4,5,6,7,8,9},{4,6,7,1,2,5,3,9,8},{9,2,8,3,4,7,6,5,1},{1,5,3,6,9,8,4,2,7},{7,3,4,9,6,0,0,0,0},{0,0,0,0,0,0,0,0,0},{0,0,0,0,0,0,0,0,0}}
]
13:21:17.410 INFO  [main] SudokuBoard - Warto?? 0 wstawiona nieprawid?owo
13:21:17.410 INFO  [main] SudokuBoard - B?ad w kwadracie 0
sudoku.model.SudokuBoard@4fa3bebe[
  size=9
  solver=sudoku.model.BacktrackingSudokuSolver@63767d
  board={{8,4,5,7,1,9,2,3,6},{6,7,9,2,8,3,1,4,5},{3,1,2,4,5,6,7,8,9},{4,6,7,1,2,5,3,9,8},{9,2,8,3,4,7,6,5,1},{1,5,3,6,9,8,4,2,7},{7,3,4,9,0,0,0,0,0},{0,0,0,0,0,0,0,0,0},{0,0,0,0,0,0,0,0,0}}
]
13:21:17.410 INFO  [main] SudokuBoard - Warto?? 0 wstawiona nieprawid?owo
13:21:17.410 INFO  [main] SudokuBoard - B?ad w kwadracie 0
sudoku.model.SudokuBoard@4fa3bebe[
  size=9
  solver=sudoku.model.BacktrackingSudokuSolver@63767d
  board={{8,4,5,7,1,9,2,3,6},{6,7,9,2,8,3,1,4,5},{3,1,2,4,5,6,7,8,9},{4,6,7,1,2,5,3,9,8},{9,2,8,3,4,7,6,5,1},{1,5,3,6,9,8,4,2,7},{7,3,4,0,0,0,0,0,0},{0,0,0,0,0,0,0,0,0},{0,0,0,0,0,0,0,0,0}}
]
13:21:17.410 INFO  [main] SudokuBoard - Warto?? 0 wstawiona nieprawid?owo
13:21:17.411 INFO  [main] SudokuBoard - B?ad w kwadracie 0
sudoku.model.SudokuBoard@4fa3bebe[
  size=9
  solver=sudoku.model.BacktrackingSudokuSolver@63767d
  board={{8,4,5,7,1,9,2,3,6},{6,7,9,2,8,3,1,4,5},{3,1,2,4,5,6,7,8,9},{4,6,7,1,2,5,3,9,8},{9,2,8,3,4,7,6,5,1},{1,5,3,6,9,8,4,2,7},{7,3,0,0,0,0,0,0,0},{0,0,0,0,0,0,0,0,0},{0,0,0,0,0,0,0,0,0}}
]
13:21:17.411 INFO  [main] SudokuBoard - Warto?? 0 wstawiona nieprawid?owo
13:21:17.411 INFO  [main] SudokuBoard - B?ad w kwadracie 0
sudoku.model.SudokuBoard@4fa3bebe[
  size=9
  solver=sudoku.model.BacktrackingSudokuSolver@63767d
  board={{8,4,5,7,1,9,2,3,6},{6,7,9,2,8,3,1,4,5},{3,1,2,4,5,6,7,8,9},{4,6,7,1,2,5,3,9,8},{9,2,8,3,4,7,6,5,1},{1,5,3,6,9,8,4,2,7},{7,3,6,0,0,0,0,0,0},{0,0,0,0,0,0,0,0,0},{0,0,0,0,0,0,0,0,0}}
]
13:21:17.411 INFO  [main] SudokuBoard - Warto?? 0 wstawiona nieprawid?owo
13:21:17.411 INFO  [main] SudokuBoard - B?ad w kwadracie 0
sudoku.model.SudokuBoard@4fa3bebe[
  size=9
  solver=sudoku.model.BacktrackingSudokuSolver@63767d
  board={{8,4,5,7,1,9,2,3,6},{6,7,9,2,8,3,1,4,5},{3,1,2,4,5,6,7,8,9},{4,6,7,1,2,5,3,9,8},{9,2,8,3,4,7,6,5,1},{1,5,3,6,9,8,4,2,7},{7,3,6,0,0,0,0,0,0},{0,0,0,0,0,0,0,0,0},{0,0,0,0,0,0,0,0,0}}
]
13:21:17.411 INFO  [main] SudokuBoard - Warto?? 0 wstawiona nieprawid?owo
13:21:17.412 INFO  [main] SudokuBoard - B?ad w kwadracie 0
sudoku.model.SudokuBoard@4fa3bebe[
  size=9
  solver=sudoku.model.BacktrackingSudokuSolver@63767d
  board={{8,4,5,7,1,9,2,3,6},{6,7,9,2,8,3,1,4,5},{3,1,2,4,5,6,7,8,9},{4,6,7,1,2,5,3,9,8},{9,2,8,3,4,7,6,5,1},{1,5,3,6,9,8,4,2,7},{7,3,6,0,0,0,0,0,0},{0,0,0,0,0,0,0,0,0},{0,0,0,0,0,0,0,0,0}}
]
13:21:17.412 INFO  [main] SudokuBoard - Warto?? 0 wstawiona nieprawid?owo
13:21:17.412 INFO  [main] SudokuBoard - B?ad w kwadracie 0
sudoku.model.SudokuBoard@4fa3bebe[
  size=9
  solver=sudoku.model.BacktrackingSudokuSolver@63767d
  board={{8,4,5,7,1,9,2,3,6},{6,7,9,2,8,3,1,4,5},{3,1,2,4,5,6,7,8,9},{4,6,7,1,2,5,3,9,8},{9,2,8,3,4,7,6,5,1},{1,5,3,6,9,8,4,2,7},{7,3,0,0,0,0,0,0,0},{0,0,0,0,0,0,0,0,0},{0,0,0,0,0,0,0,0,0}}
]
13:21:17.412 INFO  [main] SudokuBoard - Warto?? 0 wstawiona nieprawid?owo
13:21:17.412 INFO  [main] SudokuBoard - B?ad w kwadracie 0
sudoku.model.SudokuBoard@4fa3bebe[
  size=9
  solver=sudoku.model.BacktrackingSudokuSolver@63767d
  board={{8,4,5,7,1,9,2,3,6},{6,7,9,2,8,3,1,4,5},{3,1,2,4,5,6,7,8,9},{4,6,7,1,2,5,3,9,8},{9,2,8,3,4,7,6,5,1},{1,5,3,6,9,8,4,2,7},{7,0,0,0,0,0,0,0,0},{0,0,0,0,0,0,0,0,0},{0,0,0,0,0,0,0,0,0}}
]
13:21:17.412 INFO  [main] SudokuBoard - Warto?? 0 wstawiona nieprawid?owo
13:21:17.412 INFO  [main] SudokuBoard - B?ad w kwadracie 0
sudoku.model.SudokuBoard@4fa3bebe[
  size=9
  solver=sudoku.model.BacktrackingSudokuSolver@63767d
  board={{8,4,5,7,1,9,2,3,6},{6,7,9,2,8,3,1,4,5},{3,1,2,4,5,6,7,8,9},{4,6,7,1,2,5,3,9,8},{9,2,8,3,4,7,6,5,1},{1,5,3,6,9,8,4,2,7},{7,8,4,5,3,1,9,6,2},{2,3,1,8,6,4,5,0,0},{0,0,0,0,0,0,0,0,0}}
]
13:21:17.413 INFO  [main] SudokuBoard - Warto?? 0 wstawiona nieprawid?owo
13:21:17.413 INFO  [main] SudokuBoard - B?ad w kwadracie 0
sudoku.model.SudokuBoard@4fa3bebe[
  size=9
  solver=sudoku.model.BacktrackingSudokuSolver@63767d
  board={{8,4,5,7,1,9,2,3,6},{6,7,9,2,8,3,1,4,5},{3,1,2,4,5,6,7,8,9},{4,6,7,1,2,5,3,9,8},{9,2,8,3,4,7,6,5,1},{1,5,3,6,9,8,4,2,7},{7,8,4,5,3,1,9,6,2},{2,3,1,8,6,4,0,0,0},{0,0,0,0,0,0,0,0,0}}
]
13:21:17.413 INFO  [main] SudokuBoard - Warto?? 0 wstawiona nieprawid?owo
13:21:17.413 INFO  [main] SudokuBoard - B?ad w kwadracie 0
sudoku.model.SudokuBoard@4fa3bebe[
  size=9
  solver=sudoku.model.BacktrackingSudokuSolver@63767d
  board={{8,4,5,7,1,9,2,3,6},{6,7,9,2,8,3,1,4,5},{3,1,2,4,5,6,7,8,9},{4,6,7,1,2,5,3,9,8},{9,2,8,3,4,7,6,5,1},{1,5,3,6,9,8,4,2,7},{7,8,4,5,3,1,9,6,2},{2,3,1,8,6,0,0,0,0},{0,0,0,0,0,0,0,0,0}}
]
13:21:17.413 INFO  [main] SudokuBoard - Warto?? 0 wstawiona nieprawid?owo
13:21:17.413 INFO  [main] SudokuBoard - B?ad w kwadracie 0
sudoku.model.SudokuBoard@4fa3bebe[
  size=9
  solver=sudoku.model.BacktrackingSudokuSolver@63767d
  board={{8,4,5,7,1,9,2,3,6},{6,7,9,2,8,3,1,4,5},{3,1,2,4,5,6,7,8,9},{4,6,7,1,2,5,3,9,8},{9,2,8,3,4,7,6,5,1},{1,5,3,6,9,8,4,2,7},{7,8,4,5,3,1,9,6,2},{2,3,1,8,0,0,0,0,0},{0,0,0,0,0,0,0,0,0}}
]
13:21:17.413 INFO  [main] SudokuBoard - Warto?? 0 wstawiona nieprawid?owo
13:21:17.414 INFO  [main] SudokuBoard - B?ad w kwadracie 0
sudoku.model.SudokuBoard@4fa3bebe[
  size=9
  solver=sudoku.model.BacktrackingSudokuSolver@63767d
  board={{8,4,5,7,1,9,2,3,6},{6,7,9,2,8,3,1,4,5},{3,1,2,4,5,6,7,8,9},{4,6,7,1,2,5,3,9,8},{9,2,8,3,4,7,6,5,1},{1,5,3,6,9,8,4,2,7},{7,8,4,5,3,1,9,6,2},{2,3,1,8,7,4,0,0,0},{0,0,0,0,0,0,0,0,0}}
]
13:21:17.414 INFO  [main] SudokuBoard - Warto?? 0 wstawiona nieprawid?owo
13:21:17.414 INFO  [main] SudokuBoard - B?ad w kwadracie 0
sudoku.model.SudokuBoard@4fa3bebe[
  size=9
  solver=sudoku.model.BacktrackingSudokuSolver@63767d
  board={{8,4,5,7,1,9,2,3,6},{6,7,9,2,8,3,1,4,5},{3,1,2,4,5,6,7,8,9},{4,6,7,1,2,5,3,9,8},{9,2,8,3,4,7,6,5,1},{1,5,3,6,9,8,4,2,7},{7,8,4,5,3,1,9,6,2},{2,3,1,8,7,0,0,0,0},{0,0,0,0,0,0,0,0,0}}
]
13:21:17.414 INFO  [main] SudokuBoard - Warto?? 0 wstawiona nieprawid?owo
13:21:17.414 INFO  [main] SudokuBoard - B?ad w kwadracie 0
sudoku.model.SudokuBoard@4fa3bebe[
  size=9
  solver=sudoku.model.BacktrackingSudokuSolver@63767d
  board={{8,4,5,7,1,9,2,3,6},{6,7,9,2,8,3,1,4,5},{3,1,2,4,5,6,7,8,9},{4,6,7,1,2,5,3,9,8},{9,2,8,3,4,7,6,5,1},{1,5,3,6,9,8,4,2,7},{7,8,4,5,3,1,9,6,2},{2,3,1,8,0,0,0,0,0},{0,0,0,0,0,0,0,0,0}}
]
13:21:17.414 INFO  [main] SudokuBoard - Warto?? 0 wstawiona nieprawid?owo
13:21:17.414 INFO  [main] SudokuBoard - B?ad w kwadracie 0
sudoku.model.SudokuBoard@4fa3bebe[
  size=9
  solver=sudoku.model.BacktrackingSudokuSolver@63767d
  board={{8,4,5,7,1,9,2,3,6},{6,7,9,2,8,3,1,4,5},{3,1,2,4,5,6,7,8,9},{4,6,7,1,2,5,3,9,8},{9,2,8,3,4,7,6,5,1},{1,5,3,6,9,8,4,2,7},{7,8,4,5,3,1,9,6,2},{2,3,1,0,0,0,0,0,0},{0,0,0,0,0,0,0,0,0}}
]
13:21:17.415 INFO  [main] SudokuBoard - Warto?? 0 wstawiona nieprawid?owo
13:21:17.415 INFO  [main] SudokuBoard - B?ad w kwadracie 0
sudoku.model.SudokuBoard@4fa3bebe[
  size=9
  solver=sudoku.model.BacktrackingSudokuSolver@63767d
  board={{8,4,5,7,1,9,2,3,6},{6,7,9,2,8,3,1,4,5},{3,1,2,4,5,6,7,8,9},{4,6,7,1,2,5,3,9,8},{9,2,8,3,4,7,6,5,1},{1,5,3,6,9,8,4,2,7},{7,8,4,5,3,1,9,6,2},{2,3,1,9,6,4,5,0,0},{0,0,0,0,0,0,0,0,0}}
]
13:21:17.415 INFO  [main] SudokuBoard - Warto?? 0 wstawiona nieprawid?owo
13:21:17.420 INFO  [main] SudokuBoard - B?ad w kwadracie 0
sudoku.model.SudokuBoard@4fa3bebe[
  size=9
  solver=sudoku.model.BacktrackingSudokuSolver@63767d
  board={{8,4,5,7,1,9,2,3,6},{6,7,9,2,8,3,1,4,5},{3,1,2,4,5,6,7,8,9},{4,6,7,1,2,5,3,9,8},{9,2,8,3,4,7,6,5,1},{1,5,3,6,9,8,4,2,7},{7,8,4,5,3,1,9,6,2},{2,3,1,9,6,4,0,0,0},{0,0,0,0,0,0,0,0,0}}
]
13:21:17.420 INFO  [main] SudokuBoard - Warto?? 0 wstawiona nieprawid?owo
13:21:17.420 INFO  [main] SudokuBoard - B?ad w kwadracie 0
sudoku.model.SudokuBoard@4fa3bebe[
  size=9
  solver=sudoku.model.BacktrackingSudokuSolver@63767d
  board={{8,4,5,7,1,9,2,3,6},{6,7,9,2,8,3,1,4,5},{3,1,2,4,5,6,7,8,9},{4,6,7,1,2,5,3,9,8},{9,2,8,3,4,7,6,5,1},{1,5,3,6,9,8,4,2,7},{7,8,4,5,3,1,9,6,2},{2,3,1,9,6,4,8,0,0},{0,0,0,0,0,0,0,0,0}}
]
13:21:17.421 INFO  [main] SudokuBoard - Warto?? 0 wstawiona nieprawid?owo
13:21:17.421 INFO  [main] SudokuBoard - B?ad w kwadracie 0
sudoku.model.SudokuBoard@4fa3bebe[
  size=9
  solver=sudoku.model.BacktrackingSudokuSolver@63767d
  board={{8,4,5,7,1,9,2,3,6},{6,7,9,2,8,3,1,4,5},{3,1,2,4,5,6,7,8,9},{4,6,7,1,2,5,3,9,8},{9,2,8,3,4,7,6,5,1},{1,5,3,6,9,8,4,2,7},{7,8,4,5,3,1,9,6,2},{2,3,1,9,6,4,0,0,0},{0,0,0,0,0,0,0,0,0}}
]
13:21:17.421 INFO  [main] SudokuBoard - Warto?? 0 wstawiona nieprawid?owo
13:21:17.421 INFO  [main] SudokuBoard - B?ad w kwadracie 0
sudoku.model.SudokuBoard@4fa3bebe[
  size=9
  solver=sudoku.model.BacktrackingSudokuSolver@63767d
  board={{8,4,5,7,1,9,2,3,6},{6,7,9,2,8,3,1,4,5},{3,1,2,4,5,6,7,8,9},{4,6,7,1,2,5,3,9,8},{9,2,8,3,4,7,6,5,1},{1,5,3,6,9,8,4,2,7},{7,8,4,5,3,1,9,6,2},{2,3,1,9,6,0,0,0,0},{0,0,0,0,0,0,0,0,0}}
]
13:21:17.421 INFO  [main] SudokuBoard - Warto?? 0 wstawiona nieprawid?owo
13:21:17.422 INFO  [main] SudokuBoard - B?ad w kwadracie 0
sudoku.model.SudokuBoard@4fa3bebe[
  size=9
  solver=sudoku.model.BacktrackingSudokuSolver@63767d
  board={{8,4,5,7,1,9,2,3,6},{6,7,9,2,8,3,1,4,5},{3,1,2,4,5,6,7,8,9},{4,6,7,1,2,5,3,9,8},{9,2,8,3,4,7,6,5,1},{1,5,3,6,9,8,4,2,7},{7,8,4,5,3,1,9,6,2},{2,3,1,9,0,0,0,0,0},{0,0,0,0,0,0,0,0,0}}
]
13:21:17.422 INFO  [main] SudokuBoard - Warto?? 0 wstawiona nieprawid?owo
13:21:17.422 INFO  [main] SudokuBoard - B?ad w kwadracie 0
sudoku.model.SudokuBoard@4fa3bebe[
  size=9
  solver=sudoku.model.BacktrackingSudokuSolver@63767d
  board={{8,4,5,7,1,9,2,3,6},{6,7,9,2,8,3,1,4,5},{3,1,2,4,5,6,7,8,9},{4,6,7,1,2,5,3,9,8},{9,2,8,3,4,7,6,5,1},{1,5,3,6,9,8,4,2,7},{7,8,4,5,3,1,9,6,2},{2,3,1,9,7,4,0,0,0},{0,0,0,0,0,0,0,0,0}}
]
13:21:17.423 INFO  [main] SudokuBoard - Warto?? 0 wstawiona nieprawid?owo
13:21:17.423 INFO  [main] SudokuBoard - B?ad w kwadracie 0
sudoku.model.SudokuBoard@4fa3bebe[
  size=9
  solver=sudoku.model.BacktrackingSudokuSolver@63767d
  board={{8,4,5,7,1,9,2,3,6},{6,7,9,2,8,3,1,4,5},{3,1,2,4,5,6,7,8,9},{4,6,7,1,2,5,3,9,8},{9,2,8,3,4,7,6,5,1},{1,5,3,6,9,8,4,2,7},{7,8,4,5,3,1,9,6,2},{2,3,1,9,7,4,0,0,0},{0,0,0,0,0,0,0,0,0}}
]
13:21:17.423 INFO  [main] SudokuBoard - Warto?? 0 wstawiona nieprawid?owo
13:21:17.423 INFO  [main] SudokuBoard - B?ad w kwadracie 0
sudoku.model.SudokuBoard@4fa3bebe[
  size=9
  solver=sudoku.model.BacktrackingSudokuSolver@63767d
  board={{8,4,5,7,1,9,2,3,6},{6,7,9,2,8,3,1,4,5},{3,1,2,4,5,6,7,8,9},{4,6,7,1,2,5,3,9,8},{9,2,8,3,4,7,6,5,1},{1,5,3,6,9,8,4,2,7},{7,8,4,5,3,1,9,6,2},{2,3,1,9,7,0,0,0,0},{0,0,0,0,0,0,0,0,0}}
]
13:21:17.423 INFO  [main] SudokuBoard - Warto?? 0 wstawiona nieprawid?owo
13:21:17.425 INFO  [main] SudokuBoard - B?ad w kwadracie 0
sudoku.model.SudokuBoard@4fa3bebe[
  size=9
  solver=sudoku.model.BacktrackingSudokuSolver@63767d
  board={{8,4,5,7,1,9,2,3,6},{6,7,9,2,8,3,1,4,5},{3,1,2,4,5,6,7,8,9},{4,6,7,1,2,5,3,9,8},{9,2,8,3,4,7,6,5,1},{1,5,3,6,9,8,4,2,7},{7,8,4,5,3,1,9,6,2},{2,3,1,9,0,0,0,0,0},{0,0,0,0,0,0,0,0,0}}
]
13:21:17.426 INFO  [main] SudokuBoard - Warto?? 0 wstawiona nieprawid?owo
13:21:17.427 INFO  [main] SudokuBoard - B?ad w kwadracie 0
sudoku.model.SudokuBoard@4fa3bebe[
  size=9
  solver=sudoku.model.BacktrackingSudokuSolver@63767d
  board={{8,4,5,7,1,9,2,3,6},{6,7,9,2,8,3,1,4,5},{3,1,2,4,5,6,7,8,9},{4,6,7,1,2,5,3,9,8},{9,2,8,3,4,7,6,5,1},{1,5,3,6,9,8,4,2,7},{7,8,4,5,3,1,9,6,2},{2,3,1,0,0,0,0,0,0},{0,0,0,0,0,0,0,0,0}}
]
13:21:17.427 INFO  [main] SudokuBoard - Warto?? 0 wstawiona nieprawid?owo
13:21:17.427 INFO  [main] SudokuBoard - B?ad w kwadracie 0
sudoku.model.SudokuBoard@4fa3bebe[
  size=9
  solver=sudoku.model.BacktrackingSudokuSolver@63767d
  board={{8,4,5,7,1,9,2,3,6},{6,7,9,2,8,3,1,4,5},{3,1,2,4,5,6,7,8,9},{4,6,7,1,2,5,3,9,8},{9,2,8,3,4,7,6,5,1},{1,5,3,6,9,8,4,2,7},{7,8,4,5,3,1,9,6,2},{2,3,0,0,0,0,0,0,0},{0,0,0,0,0,0,0,0,0}}
]
13:21:17.427 INFO  [main] SudokuBoard - Warto?? 0 wstawiona nieprawid?owo
13:21:17.427 INFO  [main] SudokuBoard - B?ad w kwadracie 0
sudoku.model.SudokuBoard@4fa3bebe[
  size=9
  solver=sudoku.model.BacktrackingSudokuSolver@63767d
  board={{8,4,5,7,1,9,2,3,6},{6,7,9,2,8,3,1,4,5},{3,1,2,4,5,6,7,8,9},{4,6,7,1,2,5,3,9,8},{9,2,8,3,4,7,6,5,1},{1,5,3,6,9,8,4,2,7},{7,8,4,5,3,1,9,6,2},{2,3,6,8,7,4,5,0,0},{0,0,0,0,0,0,0,0,0}}
]
13:21:17.428 INFO  [main] SudokuBoard - Warto?? 0 wstawiona nieprawid?owo
13:21:17.428 INFO  [main] SudokuBoard - B?ad w kwadracie 0
sudoku.model.SudokuBoard@4fa3bebe[
  size=9
  solver=sudoku.model.BacktrackingSudokuSolver@63767d
  board={{8,4,5,7,1,9,2,3,6},{6,7,9,2,8,3,1,4,5},{3,1,2,4,5,6,7,8,9},{4,6,7,1,2,5,3,9,8},{9,2,8,3,4,7,6,5,1},{1,5,3,6,9,8,4,2,7},{7,8,4,5,3,1,9,6,2},{2,3,6,8,7,4,0,0,0},{0,0,0,0,0,0,0,0,0}}
]
13:21:17.429 INFO  [main] SudokuBoard - Warto?? 0 wstawiona nieprawid?owo
13:21:17.430 INFO  [main] SudokuBoard - B?ad w kwadracie 0
sudoku.model.SudokuBoard@4fa3bebe[
  size=9
  solver=sudoku.model.BacktrackingSudokuSolver@63767d
  board={{8,4,5,7,1,9,2,3,6},{6,7,9,2,8,3,1,4,5},{3,1,2,4,5,6,7,8,9},{4,6,7,1,2,5,3,9,8},{9,2,8,3,4,7,6,5,1},{1,5,3,6,9,8,4,2,7},{7,8,4,5,3,1,9,6,2},{2,3,6,8,7,0,0,0,0},{0,0,0,0,0,0,0,0,0}}
]
13:21:17.430 INFO  [main] SudokuBoard - Warto?? 0 wstawiona nieprawid?owo
13:21:17.430 INFO  [main] SudokuBoard - B?ad w kwadracie 0
sudoku.model.SudokuBoard@4fa3bebe[
  size=9
  solver=sudoku.model.BacktrackingSudokuSolver@63767d
  board={{8,4,5,7,1,9,2,3,6},{6,7,9,2,8,3,1,4,5},{3,1,2,4,5,6,7,8,9},{4,6,7,1,2,5,3,9,8},{9,2,8,3,4,7,6,5,1},{1,5,3,6,9,8,4,2,7},{7,8,4,5,3,1,9,6,2},{2,3,6,8,0,0,0,0,0},{0,0,0,0,0,0,0,0,0}}
]
13:21:17.430 INFO  [main] SudokuBoard - Warto?? 0 wstawiona nieprawid?owo
13:21:17.430 INFO  [main] SudokuBoard - B?ad w kwadracie 0
sudoku.model.SudokuBoard@4fa3bebe[
  size=9
  solver=sudoku.model.BacktrackingSudokuSolver@63767d
  board={{8,4,5,7,1,9,2,3,6},{6,7,9,2,8,3,1,4,5},{3,1,2,4,5,6,7,8,9},{4,6,7,1,2,5,3,9,8},{9,2,8,3,4,7,6,5,1},{1,5,3,6,9,8,4,2,7},{7,8,4,5,3,1,9,6,2},{2,3,6,0,0,0,0,0,0},{0,0,0,0,0,0,0,0,0}}
]
13:21:17.431 INFO  [main] SudokuBoard - Warto?? 0 wstawiona nieprawid?owo
13:21:17.431 INFO  [main] SudokuBoard - B?ad w kwadracie 0
sudoku.model.SudokuBoard@4fa3bebe[
  size=9
  solver=sudoku.model.BacktrackingSudokuSolver@63767d
  board={{8,4,5,7,1,9,2,3,6},{6,7,9,2,8,3,1,4,5},{3,1,2,4,5,6,7,8,9},{4,6,7,1,2,5,3,9,8},{9,2,8,3,4,7,6,5,1},{1,5,3,6,9,8,4,2,7},{7,8,4,5,3,1,9,6,2},{2,3,6,9,7,4,5,0,0},{0,0,0,0,0,0,0,0,0}}
]
13:21:17.431 INFO  [main] SudokuBoard - Warto?? 0 wstawiona nieprawid?owo
13:21:17.433 INFO  [main] SudokuBoard - B?ad w kwadracie 0
sudoku.model.SudokuBoard@4fa3bebe[
  size=9
  solver=sudoku.model.BacktrackingSudokuSolver@63767d
  board={{8,4,5,7,1,9,2,3,6},{6,7,9,2,8,3,1,4,5},{3,1,2,4,5,6,7,8,9},{4,6,7,1,2,5,3,9,8},{9,2,8,3,4,7,6,5,1},{1,5,3,6,9,8,4,2,7},{7,8,4,5,3,1,9,6,2},{2,3,6,9,7,4,0,0,0},{0,0,0,0,0,0,0,0,0}}
]
13:21:17.433 INFO  [main] SudokuBoard - Warto?? 0 wstawiona nieprawid?owo
13:21:17.433 INFO  [main] SudokuBoard - B?ad w kwadracie 0
sudoku.model.SudokuBoard@4fa3bebe[
  size=9
  solver=sudoku.model.BacktrackingSudokuSolver@63767d
  board={{8,4,5,7,1,9,2,3,6},{6,7,9,2,8,3,1,4,5},{3,1,2,4,5,6,7,8,9},{4,6,7,1,2,5,3,9,8},{9,2,8,3,4,7,6,5,1},{1,5,3,6,9,8,4,2,7},{7,8,4,5,3,1,9,6,2},{2,3,6,9,7,4,8,0,0},{0,0,0,0,0,0,0,0,0}}
]
13:21:17.433 INFO  [main] SudokuBoard - Warto?? 0 wstawiona nieprawid?owo
13:21:17.434 INFO  [main] SudokuBoard - B?ad w kwadracie 0
sudoku.model.SudokuBoard@4fa3bebe[
  size=9
  solver=sudoku.model.BacktrackingSudokuSolver@63767d
  board={{8,4,5,7,1,9,2,3,6},{6,7,9,2,8,3,1,4,5},{3,1,2,4,5,6,7,8,9},{4,6,7,1,2,5,3,9,8},{9,2,8,3,4,7,6,5,1},{1,5,3,6,9,8,4,2,7},{7,8,4,5,3,1,9,6,2},{2,3,6,9,7,4,0,0,0},{0,0,0,0,0,0,0,0,0}}
]
13:21:17.434 INFO  [main] SudokuBoard - Warto?? 0 wstawiona nieprawid?owo
13:21:17.437 INFO  [main] SudokuBoard - B?ad w kwadracie 0
sudoku.model.SudokuBoard@4fa3bebe[
  size=9
  solver=sudoku.model.BacktrackingSudokuSolver@63767d
  board={{8,4,5,7,1,9,2,3,6},{6,7,9,2,8,3,1,4,5},{3,1,2,4,5,6,7,8,9},{4,6,7,1,2,5,3,9,8},{9,2,8,3,4,7,6,5,1},{1,5,3,6,9,8,4,2,7},{7,8,4,5,3,1,9,6,2},{2,3,6,9,7,0,0,0,0},{0,0,0,0,0,0,0,0,0}}
]
13:21:17.437 INFO  [main] SudokuBoard - Warto?? 0 wstawiona nieprawid?owo
13:21:17.438 INFO  [main] SudokuBoard - B?ad w kwadracie 0
sudoku.model.SudokuBoard@4fa3bebe[
  size=9
  solver=sudoku.model.BacktrackingSudokuSolver@63767d
  board={{8,4,5,7,1,9,2,3,6},{6,7,9,2,8,3,1,4,5},{3,1,2,4,5,6,7,8,9},{4,6,7,1,2,5,3,9,8},{9,2,8,3,4,7,6,5,1},{1,5,3,6,9,8,4,2,7},{7,8,4,5,3,1,9,6,2},{2,3,6,9,0,0,0,0,0},{0,0,0,0,0,0,0,0,0}}
]
13:21:17.438 INFO  [main] SudokuBoard - Warto?? 0 wstawiona nieprawid?owo
13:21:17.438 INFO  [main] SudokuBoard - B?ad w kwadracie 0
sudoku.model.SudokuBoard@4fa3bebe[
  size=9
  solver=sudoku.model.BacktrackingSudokuSolver@63767d
  board={{8,4,5,7,1,9,2,3,6},{6,7,9,2,8,3,1,4,5},{3,1,2,4,5,6,7,8,9},{4,6,7,1,2,5,3,9,8},{9,2,8,3,4,7,6,5,1},{1,5,3,6,9,8,4,2,7},{7,8,4,5,3,1,9,6,2},{2,3,6,0,0,0,0,0,0},{0,0,0,0,0,0,0,0,0}}
]
13:21:17.438 INFO  [main] SudokuBoard - Warto?? 0 wstawiona nieprawid?owo
13:21:17.438 INFO  [main] SudokuBoard - B?ad w kwadracie 0
sudoku.model.SudokuBoard@4fa3bebe[
  size=9
  solver=sudoku.model.BacktrackingSudokuSolver@63767d
  board={{8,4,5,7,1,9,2,3,6},{6,7,9,2,8,3,1,4,5},{3,1,2,4,5,6,7,8,9},{4,6,7,1,2,5,3,9,8},{9,2,8,3,4,7,6,5,1},{1,5,3,6,9,8,4,2,7},{7,8,4,5,3,1,9,6,2},{2,3,0,0,0,0,0,0,0},{0,0,0,0,0,0,0,0,0}}
]
13:21:17.439 INFO  [main] SudokuBoard - Warto?? 0 wstawiona nieprawid?owo
13:21:17.440 INFO  [main] SudokuBoard - B?ad w kwadracie 0
sudoku.model.SudokuBoard@4fa3bebe[
  size=9
  solver=sudoku.model.BacktrackingSudokuSolver@63767d
  board={{8,4,5,7,1,9,2,3,6},{6,7,9,2,8,3,1,4,5},{3,1,2,4,5,6,7,8,9},{4,6,7,1,2,5,3,9,8},{9,2,8,3,4,7,6,5,1},{1,5,3,6,9,8,4,2,7},{7,8,4,5,3,1,9,6,2},{2,0,0,0,0,0,0,0,0},{0,0,0,0,0,0,0,0,0}}
]
13:21:17.440 INFO  [main] SudokuBoard - Warto?? 0 wstawiona nieprawid?owo
13:21:17.440 INFO  [main] SudokuBoard - B?ad w kwadracie 0
sudoku.model.SudokuBoard@4fa3bebe[
  size=9
  solver=sudoku.model.BacktrackingSudokuSolver@63767d
  board={{8,4,5,7,1,9,2,3,6},{8,7,9,2,8,3,1,4,5},{3,1,2,4,5,6,7,8,9},{4,6,7,1,2,5,3,9,8},{9,2,8,3,4,7,6,5,1},{1,5,3,6,9,8,4,2,7},{7,8,4,5,3,1,9,6,2},{2,9,1,8,6,4,5,7,3},{5,3,6,9,7,2,8,1,4}}
]
13:21:17.440 INFO  [main] SudokuBoard - Warto?? 8 wstawiona nieprawid?owo
13:21:17.444 INFO  [main] SudokuBoard - B?ad w kwadracie 0
sudoku.model.SudokuBoard@4fa3bebe[
  size=9
  solver=sudoku.model.BacktrackingSudokuSolver@63767d
  board={{8,4,5,7,1,9,2,3,6},{8,7,9,2,8,3,1,4,5},{8,1,2,4,5,6,7,8,9},{4,6,7,1,2,5,3,9,8},{9,2,8,3,4,7,6,5,1},{1,5,3,6,9,8,4,2,7},{7,8,4,5,3,1,9,6,2},{2,9,1,8,6,4,5,7,3},{5,3,6,9,7,2,8,1,4}}
]
13:21:17.444 INFO  [main] SudokuBoard - Warto?? 8 wstawiona nieprawid?owo
13:21:17.444 INFO  [main] SudokuBoard - B?ad w kwadracie 0
sudoku.model.SudokuBoard@6aa85fcf[
  size=9
  solver=sudoku.model.BacktrackingSudokuSolver@63767d
  board={{8,4,5,7,1,9,2,3,6},{8,7,9,2,8,3,1,4,5},{8,1,2,4,5,6,7,8,9},{4,6,7,1,2,5,3,9,8},{9,2,8,3,4,7,6,5,1},{1,5,3,6,9,8,4,2,7},{7,8,4,5,3,1,9,6,2},{2,9,1,8,6,4,5,7,3},{5,3,6,9,7,2,8,1,4}}
]
]]></system-out>
  </testcase>
  <testcase name="testEqualsNull" classname="sudoku.model.SudokuBoardTest" time="0.007"/>
  <testcase name="testEqualsSame" classname="sudoku.model.SudokuBoardTest" time="0.005"/>
  <testcase name="checkBoardTest" classname="sudoku.model.SudokuBoardTest" time="0.092">
    <system-out><![CDATA[13:21:17.467 INFO  [main] SudokuBoard - B?ad w kwadracie 0
sudoku.model.SudokuBoard@4c90fc3b[
  size=9
  solver=sudoku.model.BacktrackingSudokuSolver@1e14ed59
  board={{6,9,4,2,3,8,5,7,1},{1,7,8,4,9,5,6,2,3},{3,2,5,6,1,7,4,8,9},{7,8,2,9,4,6,1,3,5},{9,4,1,3,0,0,0,0,0},{0,0,0,0,0,0,0,0,0},{0,0,0,0,0,0,0,0,0},{0,0,0,0,0,0,0,0,0},{0,0,0,0,0,0,0,0,0}}
]
13:21:17.467 INFO  [main] SudokuBoard - Warto?? 0 wstawiona nieprawid?owo
13:21:17.467 INFO  [main] SudokuBoard - B?ad w kwadracie 0
sudoku.model.SudokuBoard@4c90fc3b[
  size=9
  solver=sudoku.model.BacktrackingSudokuSolver@1e14ed59
  board={{6,9,4,2,3,8,5,7,1},{1,7,8,4,9,5,6,2,3},{3,2,5,6,1,7,4,8,9},{7,8,2,9,4,6,1,3,5},{9,4,1,3,5,2,7,6,8},{5,3,6,7,8,1,9,4,2},{8,5,9,1,2,4,0,0,0},{0,0,0,0,0,0,0,0,0},{0,0,0,0,0,0,0,0,0}}
]
13:21:17.467 INFO  [main] SudokuBoard - Warto?? 0 wstawiona nieprawid?owo
13:21:17.468 INFO  [main] SudokuBoard - B?ad w kwadracie 0
sudoku.model.SudokuBoard@4c90fc3b[
  size=9
  solver=sudoku.model.BacktrackingSudokuSolver@1e14ed59
  board={{6,9,4,2,3,8,5,7,1},{1,7,8,4,9,5,6,2,3},{3,2,5,6,1,7,4,8,9},{7,8,2,9,4,6,1,3,5},{9,4,1,3,5,2,7,6,8},{5,3,6,7,8,1,9,4,2},{8,5,9,1,2,0,0,0,0},{0,0,0,0,0,0,0,0,0},{0,0,0,0,0,0,0,0,0}}
]
13:21:17.468 INFO  [main] SudokuBoard - Warto?? 0 wstawiona nieprawid?owo
13:21:17.469 INFO  [main] SudokuBoard - B?ad w kwadracie 0
sudoku.model.SudokuBoard@4c90fc3b[
  size=9
  solver=sudoku.model.BacktrackingSudokuSolver@1e14ed59
  board={{6,9,4,2,3,8,5,7,1},{1,7,8,4,9,5,6,2,3},{3,2,5,6,1,7,4,8,9},{7,8,2,9,4,6,1,3,5},{9,4,1,3,5,2,7,6,8},{5,3,6,7,8,1,9,4,2},{8,5,9,1,2,0,0,0,0},{0,0,0,0,0,0,0,0,0},{0,0,0,0,0,0,0,0,0}}
]
13:21:17.469 INFO  [main] SudokuBoard - Warto?? 0 wstawiona nieprawid?owo
13:21:17.470 INFO  [main] SudokuBoard - B?ad w kwadracie 0
sudoku.model.SudokuBoard@4c90fc3b[
  size=9
  solver=sudoku.model.BacktrackingSudokuSolver@1e14ed59
  board={{6,9,4,2,3,8,5,7,1},{1,7,8,4,9,5,6,2,3},{3,2,5,6,1,7,4,8,9},{7,8,2,9,4,6,1,3,5},{9,4,1,3,5,2,7,6,8},{5,3,6,7,8,1,9,4,2},{8,5,9,1,0,0,0,0,0},{0,0,0,0,0,0,0,0,0},{0,0,0,0,0,0,0,0,0}}
]
13:21:17.470 INFO  [main] SudokuBoard - Warto?? 0 wstawiona nieprawid?owo
13:21:17.471 INFO  [main] SudokuBoard - B?ad w kwadracie 0
sudoku.model.SudokuBoard@4c90fc3b[
  size=9
  solver=sudoku.model.BacktrackingSudokuSolver@1e14ed59
  board={{6,9,4,2,3,8,5,7,1},{1,7,8,4,9,5,6,2,3},{3,2,5,6,1,7,4,8,9},{7,8,2,9,4,6,1,3,5},{9,4,1,3,5,2,7,6,8},{5,3,6,7,8,1,9,4,2},{8,5,9,1,6,3,0,0,0},{0,0,0,0,0,0,0,0,0},{0,0,0,0,0,0,0,0,0}}
]
13:21:17.478 INFO  [main] SudokuBoard - Warto?? 0 wstawiona nieprawid?owo
13:21:17.480 INFO  [main] SudokuBoard - B?ad w kwadracie 0
sudoku.model.SudokuBoard@4c90fc3b[
  size=9
  solver=sudoku.model.BacktrackingSudokuSolver@1e14ed59
  board={{6,9,4,2,3,8,5,7,1},{1,7,8,4,9,5,6,2,3},{3,2,5,6,1,7,4,8,9},{7,8,2,9,4,6,1,3,5},{9,4,1,3,5,2,7,6,8},{5,3,6,7,8,1,9,4,2},{8,5,9,1,6,0,0,0,0},{0,0,0,0,0,0,0,0,0},{0,0,0,0,0,0,0,0,0}}
]
13:21:17.480 INFO  [main] SudokuBoard - Warto?? 0 wstawiona nieprawid?owo
13:21:17.498 INFO  [main] SudokuBoard - B?ad w kwadracie 0
sudoku.model.SudokuBoard@4c90fc3b[
  size=9
  solver=sudoku.model.BacktrackingSudokuSolver@1e14ed59
  board={{6,9,4,2,3,8,5,7,1},{1,7,8,4,9,5,6,2,3},{3,2,5,6,1,7,4,8,9},{7,8,2,9,4,6,1,3,5},{9,4,1,3,5,2,7,6,8},{5,3,6,7,8,1,9,4,2},{8,5,9,1,6,4,0,0,0},{0,0,0,0,0,0,0,0,0},{0,0,0,0,0,0,0,0,0}}
]
13:21:17.498 INFO  [main] SudokuBoard - Warto?? 0 wstawiona nieprawid?owo
13:21:17.498 INFO  [main] SudokuBoard - B?ad w kwadracie 0
sudoku.model.SudokuBoard@4c90fc3b[
  size=9
  solver=sudoku.model.BacktrackingSudokuSolver@1e14ed59
  board={{6,9,4,2,3,8,5,7,1},{1,7,8,4,9,5,6,2,3},{3,2,5,6,1,7,4,8,9},{7,8,2,9,4,6,1,3,5},{9,4,1,3,5,2,7,6,8},{5,3,6,7,8,1,9,4,2},{8,5,9,1,6,4,0,0,0},{0,0,0,0,0,0,0,0,0},{0,0,0,0,0,0,0,0,0}}
]
13:21:17.499 INFO  [main] SudokuBoard - Warto?? 0 wstawiona nieprawid?owo
13:21:17.499 INFO  [main] SudokuBoard - B?ad w kwadracie 0
sudoku.model.SudokuBoard@4c90fc3b[
  size=9
  solver=sudoku.model.BacktrackingSudokuSolver@1e14ed59
  board={{6,9,4,2,3,8,5,7,1},{1,7,8,4,9,5,6,2,3},{3,2,5,6,1,7,4,8,9},{7,8,2,9,4,6,1,3,5},{9,4,1,3,5,2,7,6,8},{5,3,6,7,8,1,9,4,2},{8,5,9,1,6,0,0,0,0},{0,0,0,0,0,0,0,0,0},{0,0,0,0,0,0,0,0,0}}
]
13:21:17.499 INFO  [main] SudokuBoard - Warto?? 0 wstawiona nieprawid?owo
13:21:17.499 INFO  [main] SudokuBoard - B?ad w kwadracie 0
sudoku.model.SudokuBoard@4c90fc3b[
  size=9
  solver=sudoku.model.BacktrackingSudokuSolver@1e14ed59
  board={{6,9,4,2,3,8,5,7,1},{1,7,8,4,9,5,6,2,3},{3,2,5,6,1,7,4,8,9},{7,8,2,9,4,6,1,3,5},{9,4,1,3,5,2,7,6,8},{5,3,6,7,8,1,9,4,2},{8,5,9,1,0,0,0,0,0},{0,0,0,0,0,0,0,0,0},{0,0,0,0,0,0,0,0,0}}
]
13:21:17.500 INFO  [main] SudokuBoard - Warto?? 0 wstawiona nieprawid?owo
13:21:17.500 INFO  [main] SudokuBoard - B?ad w kwadracie 0
sudoku.model.SudokuBoard@4c90fc3b[
  size=9
  solver=sudoku.model.BacktrackingSudokuSolver@1e14ed59
  board={{6,9,4,2,3,8,5,7,1},{1,7,8,4,9,5,6,2,3},{3,2,5,6,1,7,4,8,9},{7,8,2,9,4,6,1,3,5},{9,4,1,3,5,2,7,6,8},{5,3,6,7,8,1,9,4,2},{8,5,9,1,7,3,0,0,0},{0,0,0,0,0,0,0,0,0},{0,0,0,0,0,0,0,0,0}}
]
13:21:17.500 INFO  [main] SudokuBoard - Warto?? 0 wstawiona nieprawid?owo
13:21:17.500 INFO  [main] SudokuBoard - B?ad w kwadracie 0
sudoku.model.SudokuBoard@4c90fc3b[
  size=9
  solver=sudoku.model.BacktrackingSudokuSolver@1e14ed59
  board={{6,9,4,2,3,8,5,7,1},{1,7,8,4,9,5,6,2,3},{3,2,5,6,1,7,4,8,9},{7,8,2,9,4,6,1,3,5},{9,4,1,3,5,2,7,6,8},{5,3,6,7,8,1,9,4,2},{8,5,9,1,7,0,0,0,0},{0,0,0,0,0,0,0,0,0},{0,0,0,0,0,0,0,0,0}}
]
13:21:17.500 INFO  [main] SudokuBoard - Warto?? 0 wstawiona nieprawid?owo
13:21:17.501 INFO  [main] SudokuBoard - B?ad w kwadracie 0
sudoku.model.SudokuBoard@4c90fc3b[
  size=9
  solver=sudoku.model.BacktrackingSudokuSolver@1e14ed59
  board={{6,9,4,2,3,8,5,7,1},{1,7,8,4,9,5,6,2,3},{3,2,5,6,1,7,4,8,9},{7,8,2,9,4,6,1,3,5},{9,4,1,3,5,2,7,6,8},{5,3,6,7,8,1,9,4,2},{8,5,9,1,7,4,0,0,0},{0,0,0,0,0,0,0,0,0},{0,0,0,0,0,0,0,0,0}}
]
13:21:17.501 INFO  [main] SudokuBoard - Warto?? 0 wstawiona nieprawid?owo
13:21:17.501 INFO  [main] SudokuBoard - B?ad w kwadracie 0
sudoku.model.SudokuBoard@4c90fc3b[
  size=9
  solver=sudoku.model.BacktrackingSudokuSolver@1e14ed59
  board={{6,9,4,2,3,8,5,7,1},{1,7,8,4,9,5,6,2,3},{3,2,5,6,1,7,4,8,9},{7,8,2,9,4,6,1,3,5},{9,4,1,3,5,2,7,6,8},{5,3,6,7,8,1,9,4,2},{8,5,9,1,7,4,0,0,0},{0,0,0,0,0,0,0,0,0},{0,0,0,0,0,0,0,0,0}}
]
13:21:17.501 INFO  [main] SudokuBoard - Warto?? 0 wstawiona nieprawid?owo
13:21:17.503 INFO  [main] SudokuBoard - B?ad w kwadracie 0
sudoku.model.SudokuBoard@4c90fc3b[
  size=9
  solver=sudoku.model.BacktrackingSudokuSolver@1e14ed59
  board={{6,9,4,2,3,8,5,7,1},{1,7,8,4,9,5,6,2,3},{3,2,5,6,1,7,4,8,9},{7,8,2,9,4,6,1,3,5},{9,4,1,3,5,2,7,6,8},{5,3,6,7,8,1,9,4,2},{8,5,9,1,7,0,0,0,0},{0,0,0,0,0,0,0,0,0},{0,0,0,0,0,0,0,0,0}}
]
13:21:17.505 INFO  [main] SudokuBoard - Warto?? 0 wstawiona nieprawid?owo
13:21:17.521 INFO  [main] SudokuBoard - B?ad w kwadracie 0
sudoku.model.SudokuBoard@4c90fc3b[
  size=9
  solver=sudoku.model.BacktrackingSudokuSolver@1e14ed59
  board={{6,9,4,2,3,8,5,7,1},{1,7,8,4,9,5,6,2,3},{3,2,5,6,1,7,4,8,9},{7,8,2,9,4,6,1,3,5},{9,4,1,3,5,2,7,6,8},{5,3,6,7,8,1,9,4,2},{8,5,9,1,0,0,0,0,0},{0,0,0,0,0,0,0,0,0},{0,0,0,0,0,0,0,0,0}}
]
13:21:17.521 INFO  [main] SudokuBoard - Warto?? 0 wstawiona nieprawid?owo
13:21:17.521 INFO  [main] SudokuBoard - B?ad w kwadracie 0
sudoku.model.SudokuBoard@4c90fc3b[
  size=9
  solver=sudoku.model.BacktrackingSudokuSolver@1e14ed59
  board={{6,9,4,2,3,8,5,7,1},{1,7,8,4,9,5,6,2,3},{3,2,5,6,1,7,4,8,9},{7,8,2,9,4,6,1,3,5},{9,4,1,3,5,2,7,6,8},{5,3,6,7,8,1,9,4,2},{8,5,9,0,0,0,0,0,0},{0,0,0,0,0,0,0,0,0},{0,0,0,0,0,0,0,0,0}}
]
13:21:17.521 INFO  [main] SudokuBoard - Warto?? 0 wstawiona nieprawid?owo
13:21:17.522 INFO  [main] SudokuBoard - B?ad w kwadracie 0
sudoku.model.SudokuBoard@4c90fc3b[
  size=9
  solver=sudoku.model.BacktrackingSudokuSolver@1e14ed59
  board={{6,9,4,2,3,8,5,7,1},{1,7,8,4,9,5,6,2,3},{3,2,5,6,1,7,4,8,9},{7,8,2,9,4,6,1,3,5},{9,4,1,3,5,2,7,6,8},{5,3,6,7,8,1,9,4,2},{8,5,0,0,0,0,0,0,0},{0,0,0,0,0,0,0,0,0},{0,0,0,0,0,0,0,0,0}}
]
13:21:17.522 INFO  [main] SudokuBoard - Warto?? 0 wstawiona nieprawid?owo
13:21:17.522 INFO  [main] SudokuBoard - B?ad w kwadracie 0
sudoku.model.SudokuBoard@4c90fc3b[
  size=9
  solver=sudoku.model.BacktrackingSudokuSolver@1e14ed59
  board={{6,9,4,2,3,8,5,7,1},{1,7,8,4,9,5,6,2,3},{3,2,5,6,1,7,4,8,9},{7,8,2,9,4,6,1,3,5},{9,4,1,3,5,2,7,6,8},{5,3,6,7,8,1,9,4,2},{8,5,3,1,2,0,0,0,0},{0,0,0,0,0,0,0,0,0},{0,0,0,0,0,0,0,0,0}}
]
13:21:17.522 INFO  [main] SudokuBoard - Warto?? 0 wstawiona nieprawid?owo
13:21:17.524 INFO  [main] SudokuBoard - B?ad w kwadracie 0
sudoku.model.SudokuBoard@4c90fc3b[
  size=9
  solver=sudoku.model.BacktrackingSudokuSolver@1e14ed59
  board={{6,9,4,2,3,8,5,7,1},{1,7,8,4,9,5,6,2,3},{3,2,5,6,1,7,4,8,9},{7,8,2,9,4,6,1,3,5},{9,4,1,3,5,2,7,6,8},{5,3,6,7,8,1,9,4,2},{8,5,3,1,2,0,0,0,0},{0,0,0,0,0,0,0,0,0},{0,0,0,0,0,0,0,0,0}}
]
13:21:17.524 INFO  [main] SudokuBoard - Warto?? 0 wstawiona nieprawid?owo
13:21:17.525 INFO  [main] SudokuBoard - B?ad w kwadracie 0
sudoku.model.SudokuBoard@4c90fc3b[
  size=9
  solver=sudoku.model.BacktrackingSudokuSolver@1e14ed59
  board={{6,9,4,2,3,8,5,7,1},{1,7,8,4,9,5,6,2,3},{3,2,5,6,1,7,4,8,9},{7,8,2,9,4,6,1,3,5},{9,4,1,3,5,2,7,6,8},{5,3,6,7,8,1,9,4,2},{8,5,3,1,0,0,0,0,0},{0,0,0,0,0,0,0,0,0},{0,0,0,0,0,0,0,0,0}}
]
13:21:17.525 INFO  [main] SudokuBoard - Warto?? 0 wstawiona nieprawid?owo
13:21:17.535 INFO  [main] SudokuBoard - B?ad w kwadracie 0
sudoku.model.SudokuBoard@4c90fc3b[
  size=9
  solver=sudoku.model.BacktrackingSudokuSolver@1e14ed59
  board={{6,9,4,2,3,8,5,7,1},{1,7,8,4,9,5,6,2,3},{3,2,5,6,1,7,4,8,9},{7,8,2,9,4,6,1,3,5},{9,4,1,3,5,2,7,6,8},{5,3,6,7,8,1,9,4,2},{8,5,3,1,6,4,2,9,7},{2,1,7,0,0,0,0,0,0},{0,0,0,0,0,0,0,0,0}}
]
13:21:17.538 INFO  [main] SudokuBoard - Warto?? 0 wstawiona nieprawid?owo
13:21:17.539 INFO  [main] SudokuBoard - B?ad w kwadracie 0
sudoku.model.SudokuBoard@4c90fc3b[
  size=9
  solver=sudoku.model.BacktrackingSudokuSolver@1e14ed59
  board={{6,9,4,2,3,8,5,7,1},{1,7,8,4,9,5,6,2,3},{3,2,5,6,1,7,4,8,9},{7,8,2,9,4,6,1,3,5},{9,4,1,3,5,2,7,6,8},{5,3,6,7,8,1,9,4,2},{8,5,3,1,6,4,2,9,7},{2,1,7,0,0,0,0,0,0},{0,0,0,0,0,0,0,0,0}}
]
13:21:17.539 INFO  [main] SudokuBoard - Warto?? 0 wstawiona nieprawid?owo
13:21:17.539 INFO  [main] SudokuBoard - B?ad w kwadracie 0
sudoku.model.SudokuBoard@4c90fc3b[
  size=9
  solver=sudoku.model.BacktrackingSudokuSolver@1e14ed59
  board={{6,9,4,2,3,8,5,7,1},{1,7,8,4,9,5,6,2,3},{3,2,5,6,1,7,4,8,9},{7,8,2,9,4,6,1,3,5},{9,4,1,3,5,2,7,6,8},{5,3,6,7,8,1,9,4,2},{8,5,3,1,6,4,2,9,7},{2,1,0,0,0,0,0,0,0},{0,0,0,0,0,0,0,0,0}}
]
13:21:17.540 INFO  [main] SudokuBoard - Warto?? 0 wstawiona nieprawid?owo
13:21:17.540 INFO  [main] SudokuBoard - B?ad w kwadracie 0
sudoku.model.SudokuBoard@4c90fc3b[
  size=9
  solver=sudoku.model.BacktrackingSudokuSolver@1e14ed59
  board={{6,9,4,2,3,8,5,7,1},{1,7,8,4,9,5,6,2,3},{3,2,5,6,1,7,4,8,9},{7,8,2,9,4,6,1,3,5},{9,4,1,3,5,2,7,6,8},{5,3,6,7,8,1,9,4,2},{8,5,3,1,6,4,2,9,7},{2,1,9,5,7,3,0,0,0},{0,0,0,0,0,0,0,0,0}}
]
13:21:17.540 INFO  [main] SudokuBoard - Warto?? 0 wstawiona nieprawid?owo
13:21:17.541 INFO  [main] SudokuBoard - B?ad w kwadracie 0
sudoku.model.SudokuBoard@4c90fc3b[
  size=9
  solver=sudoku.model.BacktrackingSudokuSolver@1e14ed59
  board={{6,9,4,2,3,8,5,7,1},{1,7,8,4,9,5,6,2,3},{3,2,5,6,1,7,4,8,9},{7,8,2,9,4,6,1,3,5},{9,4,1,3,5,2,7,6,8},{5,3,6,7,8,1,9,4,2},{8,5,3,1,6,4,2,9,7},{2,1,9,5,7,0,0,0,0},{0,0,0,0,0,0,0,0,0}}
]
13:21:17.541 INFO  [main] SudokuBoard - Warto?? 0 wstawiona nieprawid?owo
13:21:17.541 INFO  [main] SudokuBoard - B?ad w kwadracie 0
sudoku.model.SudokuBoard@4c90fc3b[
  size=9
  solver=sudoku.model.BacktrackingSudokuSolver@1e14ed59
  board={{6,9,4,2,3,8,5,7,1},{1,7,8,4,9,5,6,2,3},{3,2,5,6,1,7,4,8,9},{7,8,2,9,4,6,1,3,5},{9,4,1,3,5,2,7,6,8},{5,3,6,7,8,1,9,4,2},{8,5,3,1,6,4,2,9,7},{2,1,9,5,0,0,0,0,0},{0,0,0,0,0,0,0,0,0}}
]
13:21:17.541 INFO  [main] SudokuBoard - Warto?? 0 wstawiona nieprawid?owo
13:21:17.542 INFO  [main] SudokuBoard - B?ad w kwadracie 0
sudoku.model.SudokuBoard@4c90fc3b[
  size=9
  solver=sudoku.model.BacktrackingSudokuSolver@1e14ed59
  board={{6,9,4,2,3,8,5,7,1},{1,7,8,4,9,5,6,2,3},{3,2,5,6,1,7,4,8,9},{7,8,2,9,4,6,1,3,5},{9,4,1,3,5,2,7,6,8},{5,3,6,7,8,1,9,4,2},{8,5,3,1,6,4,2,9,7},{2,1,9,0,0,0,0,0,0},{0,0,0,0,0,0,0,0,0}}
]
13:21:17.542 INFO  [main] SudokuBoard - Warto?? 0 wstawiona nieprawid?owo
13:21:17.543 INFO  [main] SudokuBoard - B?ad w kwadracie 0
sudoku.model.SudokuBoard@4c90fc3b[
  size=9
  solver=sudoku.model.BacktrackingSudokuSolver@1e14ed59
  board={{6,9,4,2,3,8,5,7,1},{1,7,8,4,9,5,6,2,3},{3,2,5,6,1,7,4,8,9},{7,8,2,9,4,6,1,3,5},{9,4,1,3,5,2,7,6,8},{5,3,6,7,8,1,9,4,2},{8,5,3,1,6,4,2,9,7},{2,1,9,8,7,0,0,0,0},{0,0,0,0,0,0,0,0,0}}
]
13:21:17.543 INFO  [main] SudokuBoard - Warto?? 0 wstawiona nieprawid?owo
13:21:17.543 INFO  [main] SudokuBoard - B?ad w kwadracie 0
sudoku.model.SudokuBoard@4c90fc3b[
  size=9
  solver=sudoku.model.BacktrackingSudokuSolver@1e14ed59
  board={{6,9,4,2,3,8,5,7,1},{1,7,8,4,9,5,6,2,3},{3,2,5,6,1,7,4,8,9},{7,8,2,9,4,6,1,3,5},{9,4,1,3,5,2,7,6,8},{5,3,6,7,8,1,9,4,2},{8,5,3,1,6,4,2,9,7},{2,1,9,8,0,0,0,0,0},{0,0,0,0,0,0,0,0,0}}
]
13:21:17.543 INFO  [main] SudokuBoard - Warto?? 0 wstawiona nieprawid?owo
13:21:17.544 INFO  [main] SudokuBoard - B?ad w kwadracie 0
sudoku.model.SudokuBoard@4c90fc3b[
  size=9
  solver=sudoku.model.BacktrackingSudokuSolver@1e14ed59
  board={{6,9,4,2,3,8,5,7,1},{1,7,8,4,9,5,6,2,3},{3,2,5,6,1,7,4,8,9},{7,8,2,9,4,6,1,3,5},{9,4,1,3,5,2,7,6,8},{5,3,6,7,8,1,9,4,2},{8,5,3,1,6,4,2,9,7},{2,1,9,0,0,0,0,0,0},{0,0,0,0,0,0,0,0,0}}
]
13:21:17.544 INFO  [main] SudokuBoard - Warto?? 0 wstawiona nieprawid?owo
13:21:17.544 INFO  [main] SudokuBoard - B?ad w kwadracie 0
sudoku.model.SudokuBoard@4c90fc3b[
  size=9
  solver=sudoku.model.BacktrackingSudokuSolver@1e14ed59
  board={{6,9,4,2,3,8,5,7,1},{1,7,8,4,9,5,6,2,3},{3,2,5,6,1,7,4,8,9},{7,8,2,9,4,6,1,3,5},{9,4,1,3,5,2,7,6,8},{5,3,6,7,8,1,9,4,2},{8,5,3,1,6,4,2,9,7},{2,1,0,0,0,0,0,0,0},{0,0,0,0,0,0,0,0,0}}
]
13:21:17.544 INFO  [main] SudokuBoard - Warto?? 0 wstawiona nieprawid?owo
13:21:17.544 INFO  [main] SudokuBoard - B?ad w kwadracie 0
sudoku.model.SudokuBoard@4c90fc3b[
  size=9
  solver=sudoku.model.BacktrackingSudokuSolver@1e14ed59
  board={{6,9,4,2,3,8,5,7,1},{1,7,8,4,9,5,6,2,3},{3,2,5,6,1,7,4,8,9},{7,8,2,9,4,6,1,3,5},{9,4,1,3,5,2,7,6,8},{5,3,6,7,8,1,9,4,2},{8,5,3,1,6,4,2,9,7},{2,0,0,0,0,0,0,0,0},{0,0,0,0,0,0,0,0,0}}
]
13:21:17.544 INFO  [main] SudokuBoard - Warto?? 0 wstawiona nieprawid?owo
13:21:17.547 INFO  [main] SudokuBoard - B?ad w kwadracie 0
sudoku.model.SudokuBoard@4c90fc3b[
  size=9
  solver=sudoku.model.BacktrackingSudokuSolver@1e14ed59
  board={{6,9,4,2,3,8,5,7,1},{1,7,8,4,9,5,6,2,3},{3,2,5,6,1,7,4,8,9},{7,8,2,9,4,6,1,3,5},{9,4,1,3,5,2,7,6,8},{5,3,6,7,8,1,9,4,2},{8,5,3,1,6,4,2,9,7},{2,6,7,0,0,0,0,0,0},{0,0,0,0,0,0,0,0,0}}
]
13:21:17.547 INFO  [main] SudokuBoard - Warto?? 0 wstawiona nieprawid?owo
13:21:17.548 INFO  [main] SudokuBoard - B?ad w kwadracie 0
sudoku.model.SudokuBoard@4c90fc3b[
  size=9
  solver=sudoku.model.BacktrackingSudokuSolver@1e14ed59
  board={{6,9,4,2,3,8,5,7,1},{1,7,8,4,9,5,6,2,3},{3,2,5,6,1,7,4,8,9},{7,8,2,9,4,6,1,3,5},{9,4,1,3,5,2,7,6,8},{5,3,6,7,8,1,9,4,2},{8,5,3,1,6,4,2,9,7},{2,6,7,0,0,0,0,0,0},{0,0,0,0,0,0,0,0,0}}
]
13:21:17.549 INFO  [main] SudokuBoard - Warto?? 0 wstawiona nieprawid?owo
13:21:17.549 INFO  [main] SudokuBoard - B?ad w kwadracie 0
sudoku.model.SudokuBoard@4c90fc3b[
  size=9
  solver=sudoku.model.BacktrackingSudokuSolver@1e14ed59
  board={{6,9,4,2,3,8,5,7,1},{1,7,8,4,9,5,6,2,3},{3,2,5,6,1,7,4,8,9},{7,8,2,9,4,6,1,3,5},{9,4,1,3,5,2,7,6,8},{5,3,6,7,8,1,9,4,2},{8,5,3,1,6,4,2,9,7},{2,6,0,0,0,0,0,0,0},{0,0,0,0,0,0,0,0,0}}
]
13:21:17.550 INFO  [main] SudokuBoard - Warto?? 0 wstawiona nieprawid?owo
]]></system-out>
  </testcase>
  <testcase name="repeatFillBoardTest" classname="sudoku.model.SudokuBoardTest" time="0.049">
    <system-out><![CDATA[13:21:17.570 INFO  [main] SudokuBoard - B?ad w kwadracie 0
sudoku.model.SudokuBoard@2d21d12b[
  size=9
  solver=sudoku.model.BacktrackingSudokuSolver@669b8190
  board={{6,8,9,2,1,7,3,4,5},{4,3,1,5,9,6,2,8,7},{7,2,5,8,4,3,6,9,1},{5,6,3,7,8,4,9,1,2},{2,9,8,3,5,1,4,0,0},{0,0,0,0,0,0,0,0,0},{0,0,0,0,0,0,0,0,0},{0,0,0,0,0,0,0,0,0},{0,0,0,0,0,0,0,0,0}}
]
13:21:17.570 INFO  [main] SudokuBoard - Warto?? 0 wstawiona nieprawid?owo
13:21:17.570 INFO  [main] SudokuBoard - B?ad w kwadracie 0
sudoku.model.SudokuBoard@2d21d12b[
  size=9
  solver=sudoku.model.BacktrackingSudokuSolver@669b8190
  board={{6,8,9,2,1,7,3,4,5},{4,3,1,5,9,6,2,8,7},{7,2,5,8,4,3,6,9,1},{5,6,3,7,8,4,9,1,2},{2,9,8,3,5,1,4,7,6},{1,7,4,6,2,9,5,3,8},{3,5,6,9,7,8,1,2,4},{9,4,2,1,6,5,0,0,0},{0,0,0,0,0,0,0,0,0}}
]
13:21:17.571 INFO  [main] SudokuBoard - Warto?? 0 wstawiona nieprawid?owo
13:21:17.571 INFO  [main] SudokuBoard - B?ad w kwadracie 0
sudoku.model.SudokuBoard@2d21d12b[
  size=9
  solver=sudoku.model.BacktrackingSudokuSolver@669b8190
  board={{6,8,9,2,1,7,3,4,5},{4,3,1,5,9,6,2,8,7},{7,2,5,8,4,3,6,9,1},{5,6,3,7,8,4,9,1,2},{2,9,8,3,5,1,4,7,6},{1,7,4,6,2,9,5,3,8},{3,5,6,9,7,8,1,2,4},{9,4,2,1,6,5,0,0,0},{0,0,0,0,0,0,0,0,0}}
]
13:21:17.571 INFO  [main] SudokuBoard - Warto?? 0 wstawiona nieprawid?owo
13:21:17.571 INFO  [main] SudokuBoard - B?ad w kwadracie 0
sudoku.model.SudokuBoard@2d21d12b[
  size=9
  solver=sudoku.model.BacktrackingSudokuSolver@669b8190
  board={{6,8,9,2,1,7,3,4,5},{4,3,1,5,9,6,2,8,7},{7,2,5,8,4,3,6,9,1},{5,6,3,7,8,4,9,1,2},{2,9,8,3,5,1,4,7,6},{1,7,4,6,2,9,5,3,8},{3,5,6,9,7,8,1,2,4},{9,4,2,1,6,0,0,0,0},{0,0,0,0,0,0,0,0,0}}
]
13:21:17.571 INFO  [main] SudokuBoard - Warto?? 0 wstawiona nieprawid?owo
13:21:17.571 INFO  [main] SudokuBoard - B?ad w kwadracie 0
sudoku.model.SudokuBoard@2d21d12b[
  size=9
  solver=sudoku.model.BacktrackingSudokuSolver@669b8190
  board={{6,8,9,2,1,7,3,4,5},{4,3,1,5,9,6,2,8,7},{7,2,5,8,4,3,6,9,1},{5,6,3,7,8,4,9,1,2},{2,9,8,3,5,1,4,7,6},{1,7,4,6,2,9,5,3,8},{3,5,6,9,7,8,1,2,4},{9,4,2,1,0,0,0,0,0},{0,0,0,0,0,0,0,0,0}}
]
13:21:17.571 INFO  [main] SudokuBoard - Warto?? 0 wstawiona nieprawid?owo
13:21:17.572 INFO  [main] SudokuBoard - B?ad w kwadracie 0
sudoku.model.SudokuBoard@2d21d12b[
  size=9
  solver=sudoku.model.BacktrackingSudokuSolver@669b8190
  board={{6,8,9,2,1,7,3,4,5},{4,3,1,5,9,6,2,8,7},{7,2,5,8,4,3,6,9,1},{5,6,3,7,8,4,9,1,2},{2,9,8,3,5,1,4,7,6},{1,7,4,6,2,9,5,3,8},{3,5,6,9,7,8,1,2,4},{9,4,2,1,3,5,7,0,0},{0,0,0,0,0,0,0,0,0}}
]
13:21:17.572 INFO  [main] SudokuBoard - Warto?? 0 wstawiona nieprawid?owo
13:21:17.572 INFO  [main] SudokuBoard - B?ad w kwadracie 0
sudoku.model.SudokuBoard@2d21d12b[
  size=9
  solver=sudoku.model.BacktrackingSudokuSolver@669b8190
  board={{6,8,9,2,1,7,3,4,5},{4,3,1,5,9,6,2,8,7},{7,2,5,8,4,3,6,9,1},{5,6,3,7,8,4,9,1,2},{2,9,8,3,5,1,4,7,6},{1,7,4,6,2,9,5,3,8},{3,5,6,9,7,8,1,2,4},{9,4,2,1,3,5,0,0,0},{0,0,0,0,0,0,0,0,0}}
]
13:21:17.572 INFO  [main] SudokuBoard - Warto?? 0 wstawiona nieprawid?owo
13:21:17.572 INFO  [main] SudokuBoard - B?ad w kwadracie 0
sudoku.model.SudokuBoard@2d21d12b[
  size=9
  solver=sudoku.model.BacktrackingSudokuSolver@669b8190
  board={{6,8,9,2,1,7,3,4,5},{4,3,1,5,9,6,2,8,7},{7,2,5,8,4,3,6,9,1},{5,6,3,7,8,4,9,1,2},{2,9,8,3,5,1,4,7,6},{1,7,4,6,2,9,5,3,8},{3,5,6,9,7,8,1,2,4},{9,4,2,1,3,5,8,0,0},{0,0,0,0,0,0,0,0,0}}
]
13:21:17.572 INFO  [main] SudokuBoard - Warto?? 0 wstawiona nieprawid?owo
13:21:17.572 INFO  [main] SudokuBoard - B?ad w kwadracie 0
sudoku.model.SudokuBoard@2d21d12b[
  size=9
  solver=sudoku.model.BacktrackingSudokuSolver@669b8190
  board={{6,8,9,2,1,7,3,4,5},{4,3,1,5,9,6,2,8,7},{7,2,5,8,4,3,6,9,1},{5,6,3,7,8,4,9,1,2},{2,9,8,3,5,1,4,7,6},{1,7,4,6,2,9,5,3,8},{3,5,6,9,7,8,1,2,4},{9,4,2,1,3,5,0,0,0},{0,0,0,0,0,0,0,0,0}}
]
13:21:17.572 INFO  [main] SudokuBoard - Warto?? 0 wstawiona nieprawid?owo
13:21:17.572 INFO  [main] SudokuBoard - B?ad w kwadracie 0
sudoku.model.SudokuBoard@2d21d12b[
  size=9
  solver=sudoku.model.BacktrackingSudokuSolver@669b8190
  board={{6,8,9,2,1,7,3,4,5},{4,3,1,5,9,6,2,8,7},{7,2,5,8,4,3,6,9,1},{5,6,3,7,8,4,9,1,2},{2,9,8,3,5,1,4,7,6},{1,7,4,6,2,9,5,3,8},{3,5,6,9,7,8,1,2,4},{9,4,2,1,3,0,0,0,0},{0,0,0,0,0,0,0,0,0}}
]
13:21:17.572 INFO  [main] SudokuBoard - Warto?? 0 wstawiona nieprawid?owo
13:21:17.573 INFO  [main] SudokuBoard - B?ad w kwadracie 0
sudoku.model.SudokuBoard@2d21d12b[
  size=9
  solver=sudoku.model.BacktrackingSudokuSolver@669b8190
  board={{6,8,9,2,1,7,3,4,5},{4,3,1,5,9,6,2,8,7},{7,2,5,8,4,3,6,9,1},{5,6,3,7,8,4,9,1,2},{2,9,8,3,5,1,4,7,6},{1,7,4,6,2,9,5,3,8},{3,5,6,9,7,8,1,2,4},{9,4,2,1,0,0,0,0,0},{0,0,0,0,0,0,0,0,0}}
]
13:21:17.573 INFO  [main] SudokuBoard - Warto?? 0 wstawiona nieprawid?owo
13:21:17.573 INFO  [main] SudokuBoard - B?ad w kwadracie 0
sudoku.model.SudokuBoard@2d21d12b[
  size=9
  solver=sudoku.model.BacktrackingSudokuSolver@669b8190
  board={{6,8,9,2,1,7,3,4,5},{4,3,1,5,9,6,2,8,7},{7,2,5,8,4,3,6,9,1},{5,6,3,7,8,4,9,1,2},{2,9,8,3,5,1,4,7,6},{1,7,4,6,2,9,5,3,8},{3,5,6,9,7,8,1,2,4},{9,4,2,0,0,0,0,0,0},{0,0,0,0,0,0,0,0,0}}
]
13:21:17.573 INFO  [main] SudokuBoard - Warto?? 0 wstawiona nieprawid?owo
13:21:17.573 INFO  [main] SudokuBoard - B?ad w kwadracie 0
sudoku.model.SudokuBoard@2d21d12b[
  size=9
  solver=sudoku.model.BacktrackingSudokuSolver@669b8190
  board={{6,8,9,2,1,7,3,4,5},{4,3,1,5,9,6,2,8,7},{7,2,5,8,4,3,6,9,1},{5,6,3,7,8,4,9,1,2},{2,9,8,3,5,1,4,7,6},{1,7,4,6,2,9,5,3,8},{3,5,6,9,7,8,1,2,4},{9,4,0,0,0,0,0,0,0},{0,0,0,0,0,0,0,0,0}}
]
13:21:17.573 INFO  [main] SudokuBoard - Warto?? 0 wstawiona nieprawid?owo
13:21:17.574 INFO  [main] SudokuBoard - B?ad w kwadracie 0
sudoku.model.SudokuBoard@2d21d12b[
  size=9
  solver=sudoku.model.BacktrackingSudokuSolver@669b8190
  board={{6,8,9,2,1,7,3,4,5},{4,3,1,5,9,6,2,8,7},{7,2,5,8,4,3,6,9,1},{5,6,3,7,8,4,9,1,2},{2,9,8,3,5,1,4,7,6},{1,7,4,6,2,9,5,3,8},{3,5,6,9,7,8,1,2,4},{9,4,7,1,3,2,8,0,0},{0,0,0,0,0,0,0,0,0}}
]
13:21:17.574 INFO  [main] SudokuBoard - Warto?? 0 wstawiona nieprawid?owo
13:21:17.574 INFO  [main] SudokuBoard - B?ad w kwadracie 0
sudoku.model.SudokuBoard@2d21d12b[
  size=9
  solver=sudoku.model.BacktrackingSudokuSolver@669b8190
  board={{6,8,9,2,1,7,3,4,5},{4,3,1,5,9,6,2,8,7},{7,2,5,8,4,3,6,9,1},{5,6,3,7,8,4,9,1,2},{2,9,8,3,5,1,4,7,6},{1,7,4,6,2,9,5,3,8},{3,5,6,9,7,8,1,2,4},{9,4,7,1,3,2,8,0,0},{0,0,0,0,0,0,0,0,0}}
]
13:21:17.574 INFO  [main] SudokuBoard - Warto?? 0 wstawiona nieprawid?owo
13:21:17.574 INFO  [main] SudokuBoard - B?ad w kwadracie 0
sudoku.model.SudokuBoard@2d21d12b[
  size=9
  solver=sudoku.model.BacktrackingSudokuSolver@669b8190
  board={{6,8,9,2,1,7,3,4,5},{4,3,1,5,9,6,2,8,7},{7,2,5,8,4,3,6,9,1},{5,6,3,7,8,4,9,1,2},{2,9,8,3,5,1,4,7,6},{1,7,4,6,2,9,5,3,8},{3,5,6,9,7,8,1,2,4},{9,4,7,1,3,2,0,0,0},{0,0,0,0,0,0,0,0,0}}
]
13:21:17.574 INFO  [main] SudokuBoard - Warto?? 0 wstawiona nieprawid?owo
13:21:17.575 INFO  [main] SudokuBoard - B?ad w kwadracie 0
sudoku.model.SudokuBoard@2d21d12b[
  size=9
  solver=sudoku.model.BacktrackingSudokuSolver@669b8190
  board={{6,8,9,2,1,7,3,4,5},{4,3,1,5,9,6,2,8,7},{7,2,5,8,4,3,6,9,1},{5,6,3,7,8,4,9,1,2},{2,9,8,3,5,1,4,7,6},{1,7,4,6,2,9,5,3,8},{3,5,6,9,7,8,1,2,4},{9,4,7,1,3,0,0,0,0},{0,0,0,0,0,0,0,0,0}}
]
13:21:17.575 INFO  [main] SudokuBoard - Warto?? 0 wstawiona nieprawid?owo
13:21:17.575 INFO  [main] SudokuBoard - B?ad w kwadracie 0
sudoku.model.SudokuBoard@2d21d12b[
  size=9
  solver=sudoku.model.BacktrackingSudokuSolver@669b8190
  board={{6,8,9,2,1,7,3,4,5},{4,3,1,5,9,6,2,8,7},{7,2,5,8,4,3,6,9,1},{5,6,3,7,8,4,9,1,2},{2,9,8,3,5,1,4,7,6},{1,7,4,6,2,9,5,3,8},{3,5,6,9,7,8,1,2,4},{9,4,7,1,3,5,8,0,0},{0,0,0,0,0,0,0,0,0}}
]
13:21:17.575 INFO  [main] SudokuBoard - Warto?? 0 wstawiona nieprawid?owo
13:21:17.575 INFO  [main] SudokuBoard - B?ad w kwadracie 0
sudoku.model.SudokuBoard@2d21d12b[
  size=9
  solver=sudoku.model.BacktrackingSudokuSolver@669b8190
  board={{6,8,9,2,1,7,3,4,5},{4,3,1,5,9,6,2,8,7},{7,2,5,8,4,3,6,9,1},{5,6,3,7,8,4,9,1,2},{2,9,8,3,5,1,4,7,6},{1,7,4,6,2,9,5,3,8},{3,5,6,9,7,8,1,2,4},{9,4,7,1,3,5,0,0,0},{0,0,0,0,0,0,0,0,0}}
]
13:21:17.575 INFO  [main] SudokuBoard - Warto?? 0 wstawiona nieprawid?owo
13:21:17.575 INFO  [main] SudokuBoard - B?ad w kwadracie 0
sudoku.model.SudokuBoard@2d21d12b[
  size=9
  solver=sudoku.model.BacktrackingSudokuSolver@669b8190
  board={{6,8,9,2,1,7,3,4,5},{4,3,1,5,9,6,2,8,7},{7,2,5,8,4,3,6,9,1},{5,6,3,7,8,4,9,1,2},{2,9,8,3,5,1,4,7,6},{1,7,4,6,2,9,5,3,8},{3,5,6,9,7,8,1,2,4},{9,4,7,1,3,0,0,0,0},{0,0,0,0,0,0,0,0,0}}
]
13:21:17.576 INFO  [main] SudokuBoard - Warto?? 0 wstawiona nieprawid?owo
13:21:17.576 INFO  [main] SudokuBoard - B?ad w kwadracie 0
sudoku.model.SudokuBoard@2d21d12b[
  size=9
  solver=sudoku.model.BacktrackingSudokuSolver@669b8190
  board={{6,8,9,2,1,7,3,4,5},{4,3,1,5,9,6,2,8,7},{7,2,5,8,4,3,6,9,1},{5,6,3,7,8,4,9,1,2},{2,9,8,3,5,1,4,7,6},{1,7,4,6,2,9,5,3,8},{3,5,6,9,7,8,1,2,4},{9,4,7,1,0,0,0,0,0},{0,0,0,0,0,0,0,0,0}}
]
13:21:17.576 INFO  [main] SudokuBoard - Warto?? 0 wstawiona nieprawid?owo
13:21:17.582 INFO  [main] SudokuBoard - B?ad w kwadracie 0
sudoku.model.SudokuBoard@27f8f1cc[
  size=9
  solver=sudoku.model.BacktrackingSudokuSolver@669b8190
  board={{4,9,8,3,1,5,7,6,2},{1,6,2,7,8,9,3,4,5},{3,5,7,4,2,6,8,9,1},{7,8,5,9,3,1,0,0,0},{0,0,0,0,0,0,0,0,0},{0,0,0,0,0,0,0,0,0},{0,0,0,0,0,0,0,0,0},{0,0,0,0,0,0,0,0,0},{0,0,0,0,0,0,0,0,0}}
]
13:21:17.583 INFO  [main] SudokuBoard - Warto?? 0 wstawiona nieprawid?owo
13:21:17.583 INFO  [main] SudokuBoard - B?ad w kwadracie 0
sudoku.model.SudokuBoard@27f8f1cc[
  size=9
  solver=sudoku.model.BacktrackingSudokuSolver@669b8190
  board={{4,9,8,3,1,5,7,6,2},{1,6,2,7,8,9,3,4,5},{3,5,7,4,2,6,8,9,1},{7,8,5,9,3,1,4,2,6},{9,1,3,6,5,0,0,0,0},{0,0,0,0,0,0,0,0,0},{0,0,0,0,0,0,0,0,0},{0,0,0,0,0,0,0,0,0},{0,0,0,0,0,0,0,0,0}}
]
13:21:17.583 INFO  [main] SudokuBoard - Warto?? 0 wstawiona nieprawid?owo
13:21:17.583 INFO  [main] SudokuBoard - B?ad w kwadracie 0
sudoku.model.SudokuBoard@27f8f1cc[
  size=9
  solver=sudoku.model.BacktrackingSudokuSolver@669b8190
  board={{4,9,8,3,1,5,7,6,2},{1,6,2,7,8,9,3,4,5},{3,5,7,4,2,6,8,9,1},{7,8,5,9,3,1,4,2,6},{9,1,3,6,5,0,0,0,0},{0,0,0,0,0,0,0,0,0},{0,0,0,0,0,0,0,0,0},{0,0,0,0,0,0,0,0,0},{0,0,0,0,0,0,0,0,0}}
]
13:21:17.583 INFO  [main] SudokuBoard - Warto?? 0 wstawiona nieprawid?owo
13:21:17.583 INFO  [main] SudokuBoard - B?ad w kwadracie 0
sudoku.model.SudokuBoard@27f8f1cc[
  size=9
  solver=sudoku.model.BacktrackingSudokuSolver@669b8190
  board={{4,9,8,3,1,5,7,6,2},{1,6,2,7,8,9,3,4,5},{3,5,7,4,2,6,8,9,1},{7,8,5,9,3,1,4,2,6},{9,1,3,6,5,0,0,0,0},{0,0,0,0,0,0,0,0,0},{0,0,0,0,0,0,0,0,0},{0,0,0,0,0,0,0,0,0},{0,0,0,0,0,0,0,0,0}}
]
13:21:17.584 INFO  [main] SudokuBoard - Warto?? 0 wstawiona nieprawid?owo
13:21:17.584 INFO  [main] SudokuBoard - B?ad w kwadracie 0
sudoku.model.SudokuBoard@27f8f1cc[
  size=9
  solver=sudoku.model.BacktrackingSudokuSolver@669b8190
  board={{4,9,8,3,1,5,7,6,2},{1,6,2,7,8,9,3,4,5},{3,5,7,4,2,6,8,9,1},{7,8,5,9,3,1,4,2,6},{9,1,3,6,5,0,0,0,0},{0,0,0,0,0,0,0,0,0},{0,0,0,0,0,0,0,0,0},{0,0,0,0,0,0,0,0,0},{0,0,0,0,0,0,0,0,0}}
]
13:21:17.584 INFO  [main] SudokuBoard - Warto?? 0 wstawiona nieprawid?owo
13:21:17.584 INFO  [main] SudokuBoard - B?ad w kwadracie 0
sudoku.model.SudokuBoard@27f8f1cc[
  size=9
  solver=sudoku.model.BacktrackingSudokuSolver@669b8190
  board={{4,9,8,3,1,5,7,6,2},{1,6,2,7,8,9,3,4,5},{3,5,7,4,2,6,8,9,1},{7,8,5,9,3,1,4,2,6},{9,1,3,6,0,0,0,0,0},{0,0,0,0,0,0,0,0,0},{0,0,0,0,0,0,0,0,0},{0,0,0,0,0,0,0,0,0},{0,0,0,0,0,0,0,0,0}}
]
13:21:17.584 INFO  [main] SudokuBoard - Warto?? 0 wstawiona nieprawid?owo
13:21:17.585 INFO  [main] SudokuBoard - B?ad w kwadracie 0
sudoku.model.SudokuBoard@27f8f1cc[
  size=9
  solver=sudoku.model.BacktrackingSudokuSolver@669b8190
  board={{4,9,8,3,1,5,7,6,2},{1,6,2,7,8,9,3,4,5},{3,5,7,4,2,6,8,9,1},{7,8,5,9,3,1,4,2,6},{9,1,3,6,7,8,0,0,0},{0,0,0,0,0,0,0,0,0},{0,0,0,0,0,0,0,0,0},{0,0,0,0,0,0,0,0,0},{0,0,0,0,0,0,0,0,0}}
]
13:21:17.585 INFO  [main] SudokuBoard - Warto?? 0 wstawiona nieprawid?owo
13:21:17.585 INFO  [main] SudokuBoard - B?ad w kwadracie 0
sudoku.model.SudokuBoard@27f8f1cc[
  size=9
  solver=sudoku.model.BacktrackingSudokuSolver@669b8190
  board={{4,9,8,3,1,5,7,6,2},{1,6,2,7,8,9,3,4,5},{3,5,7,4,2,6,8,9,1},{7,8,5,9,3,1,4,2,6},{9,1,3,6,7,0,0,0,0},{0,0,0,0,0,0,0,0,0},{0,0,0,0,0,0,0,0,0},{0,0,0,0,0,0,0,0,0},{0,0,0,0,0,0,0,0,0}}
]
13:21:17.585 INFO  [main] SudokuBoard - Warto?? 0 wstawiona nieprawid?owo
13:21:17.586 INFO  [main] SudokuBoard - B?ad w kwadracie 0
sudoku.model.SudokuBoard@27f8f1cc[
  size=9
  solver=sudoku.model.BacktrackingSudokuSolver@669b8190
  board={{4,9,8,3,1,5,7,6,2},{1,6,2,7,8,9,3,4,5},{3,5,7,4,2,6,8,9,1},{7,8,5,9,3,1,4,2,6},{9,1,3,6,7,2,5,0,0},{0,0,0,0,0,0,0,0,0},{0,0,0,0,0,0,0,0,0},{0,0,0,0,0,0,0,0,0},{0,0,0,0,0,0,0,0,0}}
]
13:21:17.586 INFO  [main] SudokuBoard - Warto?? 0 wstawiona nieprawid?owo
13:21:17.586 INFO  [main] SudokuBoard - B?ad w kwadracie 0
sudoku.model.SudokuBoard@27f8f1cc[
  size=9
  solver=sudoku.model.BacktrackingSudokuSolver@669b8190
  board={{4,9,8,3,1,5,7,6,2},{1,6,2,7,8,9,3,4,5},{3,5,7,4,2,6,8,9,1},{7,8,5,9,3,1,4,2,6},{9,1,3,6,7,2,0,0,0},{0,0,0,0,0,0,0,0,0},{0,0,0,0,0,0,0,0,0},{0,0,0,0,0,0,0,0,0},{0,0,0,0,0,0,0,0,0}}
]
13:21:17.586 INFO  [main] SudokuBoard - Warto?? 0 wstawiona nieprawid?owo
13:21:17.587 INFO  [main] SudokuBoard - B?ad w kwadracie 0
sudoku.model.SudokuBoard@27f8f1cc[
  size=9
  solver=sudoku.model.BacktrackingSudokuSolver@669b8190
  board={{4,9,8,3,1,5,7,6,2},{1,6,2,7,8,9,3,4,5},{3,5,7,4,2,6,8,9,1},{7,8,5,9,3,1,4,2,6},{9,1,3,6,7,0,0,0,0},{0,0,0,0,0,0,0,0,0},{0,0,0,0,0,0,0,0,0},{0,0,0,0,0,0,0,0,0},{0,0,0,0,0,0,0,0,0}}
]
13:21:17.587 INFO  [main] SudokuBoard - Warto?? 0 wstawiona nieprawid?owo
13:21:17.588 INFO  [main] SudokuBoard - B?ad w kwadracie 0
sudoku.model.SudokuBoard@27f8f1cc[
  size=9
  solver=sudoku.model.BacktrackingSudokuSolver@669b8190
  board={{4,9,8,3,1,5,7,6,2},{1,6,2,7,8,9,3,4,5},{3,5,7,4,2,6,8,9,1},{7,8,5,9,3,1,4,2,6},{9,1,3,6,7,4,5,0,0},{0,0,0,0,0,0,0,0,0},{0,0,0,0,0,0,0,0,0},{0,0,0,0,0,0,0,0,0},{0,0,0,0,0,0,0,0,0}}
]
13:21:17.588 INFO  [main] SudokuBoard - Warto?? 0 wstawiona nieprawid?owo
13:21:17.588 INFO  [main] SudokuBoard - B?ad w kwadracie 0
sudoku.model.SudokuBoard@27f8f1cc[
  size=9
  solver=sudoku.model.BacktrackingSudokuSolver@669b8190
  board={{4,9,8,3,1,5,7,6,2},{1,6,2,7,8,9,3,4,5},{3,5,7,4,2,6,8,9,1},{7,8,5,9,3,1,4,2,6},{9,1,3,6,7,4,0,0,0},{0,0,0,0,0,0,0,0,0},{0,0,0,0,0,0,0,0,0},{0,0,0,0,0,0,0,0,0},{0,0,0,0,0,0,0,0,0}}
]
13:21:17.588 INFO  [main] SudokuBoard - Warto?? 0 wstawiona nieprawid?owo
13:21:17.589 INFO  [main] SudokuBoard - B?ad w kwadracie 0
sudoku.model.SudokuBoard@27f8f1cc[
  size=9
  solver=sudoku.model.BacktrackingSudokuSolver@669b8190
  board={{4,9,8,3,1,5,7,6,2},{1,6,2,7,8,9,3,4,5},{3,5,7,4,2,6,8,9,1},{7,8,5,9,3,1,4,2,6},{9,1,3,6,7,0,0,0,0},{0,0,0,0,0,0,0,0,0},{0,0,0,0,0,0,0,0,0},{0,0,0,0,0,0,0,0,0},{0,0,0,0,0,0,0,0,0}}
]
13:21:17.589 INFO  [main] SudokuBoard - Warto?? 0 wstawiona nieprawid?owo
13:21:17.589 INFO  [main] SudokuBoard - B?ad w kwadracie 0
sudoku.model.SudokuBoard@27f8f1cc[
  size=9
  solver=sudoku.model.BacktrackingSudokuSolver@669b8190
  board={{4,9,8,3,1,5,7,6,2},{1,6,2,7,8,9,3,4,5},{3,5,7,4,2,6,8,9,1},{7,8,5,9,3,1,4,2,6},{9,1,3,6,0,0,0,0,0},{0,0,0,0,0,0,0,0,0},{0,0,0,0,0,0,0,0,0},{0,0,0,0,0,0,0,0,0},{0,0,0,0,0,0,0,0,0}}
]
13:21:17.589 INFO  [main] SudokuBoard - Warto?? 0 wstawiona nieprawid?owo
13:21:17.590 INFO  [main] SudokuBoard - B?ad w kwadracie 0
sudoku.model.SudokuBoard@27f8f1cc[
  size=9
  solver=sudoku.model.BacktrackingSudokuSolver@669b8190
  board={{4,9,8,3,1,5,7,6,2},{1,6,2,7,8,9,3,4,5},{3,5,7,4,2,6,8,9,1},{7,8,5,9,3,1,4,2,6},{9,1,3,6,4,7,5,0,0},{0,0,0,0,0,0,0,0,0},{0,0,0,0,0,0,0,0,0},{0,0,0,0,0,0,0,0,0},{0,0,0,0,0,0,0,0,0}}
]
13:21:17.590 INFO  [main] SudokuBoard - Warto?? 0 wstawiona nieprawid?owo
13:21:17.590 INFO  [main] SudokuBoard - B?ad w kwadracie 0
sudoku.model.SudokuBoard@27f8f1cc[
  size=9
  solver=sudoku.model.BacktrackingSudokuSolver@669b8190
  board={{4,9,8,3,1,5,7,6,2},{1,6,2,7,8,9,3,4,5},{3,5,7,4,2,6,8,9,1},{7,8,5,9,3,1,4,2,6},{9,1,3,6,4,7,0,0,0},{0,0,0,0,0,0,0,0,0},{0,0,0,0,0,0,0,0,0},{0,0,0,0,0,0,0,0,0},{0,0,0,0,0,0,0,0,0}}
]
13:21:17.590 INFO  [main] SudokuBoard - Warto?? 0 wstawiona nieprawid?owo
13:21:17.592 INFO  [main] SudokuBoard - B?ad w kwadracie 0
sudoku.model.SudokuBoard@27f8f1cc[
  size=9
  solver=sudoku.model.BacktrackingSudokuSolver@669b8190
  board={{4,9,8,3,1,5,7,6,2},{1,6,2,7,8,9,3,4,5},{3,5,7,4,2,6,8,9,1},{7,8,5,9,3,1,4,2,6},{9,1,3,6,4,0,0,0,0},{0,0,0,0,0,0,0,0,0},{0,0,0,0,0,0,0,0,0},{0,0,0,0,0,0,0,0,0},{0,0,0,0,0,0,0,0,0}}
]
13:21:17.592 INFO  [main] SudokuBoard - Warto?? 0 wstawiona nieprawid?owo
13:21:17.593 INFO  [main] SudokuBoard - B?ad w kwadracie 0
sudoku.model.SudokuBoard@27f8f1cc[
  size=9
  solver=sudoku.model.BacktrackingSudokuSolver@669b8190
  board={{4,9,8,3,1,5,7,6,2},{1,6,2,7,8,9,3,4,5},{3,5,7,4,2,6,8,9,1},{7,8,5,9,3,1,4,2,6},{9,1,3,6,4,8,5,0,0},{0,0,0,0,0,0,0,0,0},{0,0,0,0,0,0,0,0,0},{0,0,0,0,0,0,0,0,0},{0,0,0,0,0,0,0,0,0}}
]
13:21:17.593 INFO  [main] SudokuBoard - Warto?? 0 wstawiona nieprawid?owo
13:21:17.593 INFO  [main] SudokuBoard - B?ad w kwadracie 0
sudoku.model.SudokuBoard@27f8f1cc[
  size=9
  solver=sudoku.model.BacktrackingSudokuSolver@669b8190
  board={{4,9,8,3,1,5,7,6,2},{1,6,2,7,8,9,3,4,5},{3,5,7,4,2,6,8,9,1},{7,8,5,9,3,1,4,2,6},{9,1,3,6,4,8,0,0,0},{0,0,0,0,0,0,0,0,0},{0,0,0,0,0,0,0,0,0},{0,0,0,0,0,0,0,0,0},{0,0,0,0,0,0,0,0,0}}
]
13:21:17.593 INFO  [main] SudokuBoard - Warto?? 0 wstawiona nieprawid?owo
13:21:17.593 INFO  [main] SudokuBoard - B?ad w kwadracie 0
sudoku.model.SudokuBoard@27f8f1cc[
  size=9
  solver=sudoku.model.BacktrackingSudokuSolver@669b8190
  board={{4,9,8,3,1,5,7,6,2},{1,6,2,7,8,9,3,4,5},{3,5,7,4,2,6,8,9,1},{7,8,5,9,3,1,4,2,6},{9,1,3,6,4,0,0,0,0},{0,0,0,0,0,0,0,0,0},{0,0,0,0,0,0,0,0,0},{0,0,0,0,0,0,0,0,0},{0,0,0,0,0,0,0,0,0}}
]
13:21:17.594 INFO  [main] SudokuBoard - Warto?? 0 wstawiona nieprawid?owo
13:21:17.594 INFO  [main] SudokuBoard - B?ad w kwadracie 0
sudoku.model.SudokuBoard@27f8f1cc[
  size=9
  solver=sudoku.model.BacktrackingSudokuSolver@669b8190
  board={{4,9,8,3,1,5,7,6,2},{1,6,2,7,8,9,3,4,5},{3,5,7,4,2,6,8,9,1},{7,8,5,9,3,1,4,2,6},{9,1,3,6,4,2,5,7,8},{6,2,4,5,7,8,9,1,3},{8,7,6,1,9,3,2,5,4},{2,3,9,8,5,4,0,0,0},{0,0,0,0,0,0,0,0,0}}
]
13:21:17.594 INFO  [main] SudokuBoard - Warto?? 0 wstawiona nieprawid?owo
13:21:17.594 INFO  [main] SudokuBoard - B?ad w kwadracie 0
sudoku.model.SudokuBoard@27f8f1cc[
  size=9
  solver=sudoku.model.BacktrackingSudokuSolver@669b8190
  board={{4,9,8,3,1,5,7,6,2},{1,6,2,7,8,9,3,4,5},{3,5,7,4,2,6,8,9,1},{7,8,5,9,3,1,4,2,6},{9,1,3,6,4,2,5,7,8},{6,2,4,5,7,8,9,1,3},{8,7,6,1,9,3,2,5,4},{2,3,9,8,5,4,0,0,0},{0,0,0,0,0,0,0,0,0}}
]
13:21:17.594 INFO  [main] SudokuBoard - Warto?? 0 wstawiona nieprawid?owo
13:21:17.595 INFO  [main] SudokuBoard - B?ad w kwadracie 0
sudoku.model.SudokuBoard@27f8f1cc[
  size=9
  solver=sudoku.model.BacktrackingSudokuSolver@669b8190
  board={{4,9,8,3,1,5,7,6,2},{1,6,2,7,8,9,3,4,5},{3,5,7,4,2,6,8,9,1},{7,8,5,9,3,1,4,2,6},{9,1,3,6,4,2,5,7,8},{6,2,4,5,7,8,9,1,3},{8,7,6,1,9,3,2,5,4},{2,3,9,8,5,0,0,0,0},{0,0,0,0,0,0,0,0,0}}
]
13:21:17.595 INFO  [main] SudokuBoard - Warto?? 0 wstawiona nieprawid?owo
13:21:17.595 INFO  [main] SudokuBoard - B?ad w kwadracie 0
sudoku.model.SudokuBoard@27f8f1cc[
  size=9
  solver=sudoku.model.BacktrackingSudokuSolver@669b8190
  board={{4,9,8,3,1,5,7,6,2},{1,6,2,7,8,9,3,4,5},{3,5,7,4,2,6,8,9,1},{7,8,5,9,3,1,4,2,6},{9,1,3,6,4,2,5,7,8},{6,2,4,5,7,8,9,1,3},{8,7,6,1,9,3,2,5,4},{2,3,9,8,5,7,0,0,0},{0,0,0,0,0,0,0,0,0}}
]
13:21:17.595 INFO  [main] SudokuBoard - Warto?? 0 wstawiona nieprawid?owo
13:21:17.596 INFO  [main] SudokuBoard - B?ad w kwadracie 0
sudoku.model.SudokuBoard@27f8f1cc[
  size=9
  solver=sudoku.model.BacktrackingSudokuSolver@669b8190
  board={{4,9,8,3,1,5,7,6,2},{1,6,2,7,8,9,3,4,5},{3,5,7,4,2,6,8,9,1},{7,8,5,9,3,1,4,2,6},{9,1,3,6,4,2,5,7,8},{6,2,4,5,7,8,9,1,3},{8,7,6,1,9,3,2,5,4},{2,3,9,8,5,7,0,0,0},{0,0,0,0,0,0,0,0,0}}
]
13:21:17.596 INFO  [main] SudokuBoard - Warto?? 0 wstawiona nieprawid?owo
13:21:17.596 INFO  [main] SudokuBoard - B?ad w kwadracie 0
sudoku.model.SudokuBoard@27f8f1cc[
  size=9
  solver=sudoku.model.BacktrackingSudokuSolver@669b8190
  board={{4,9,8,3,1,5,7,6,2},{1,6,2,7,8,9,3,4,5},{3,5,7,4,2,6,8,9,1},{7,8,5,9,3,1,4,2,6},{9,1,3,6,4,2,5,7,8},{6,2,4,5,7,8,9,1,3},{8,7,6,1,9,3,2,5,4},{2,3,9,8,5,0,0,0,0},{0,0,0,0,0,0,0,0,0}}
]
13:21:17.596 INFO  [main] SudokuBoard - Warto?? 0 wstawiona nieprawid?owo
13:21:17.596 INFO  [main] SudokuBoard - B?ad w kwadracie 0
sudoku.model.SudokuBoard@27f8f1cc[
  size=9
  solver=sudoku.model.BacktrackingSudokuSolver@669b8190
  board={{4,9,8,3,1,5,7,6,2},{1,6,2,7,8,9,3,4,5},{3,5,7,4,2,6,8,9,1},{7,8,5,9,3,1,4,2,6},{9,1,3,6,4,2,5,7,8},{6,2,4,5,7,8,9,1,3},{8,7,6,1,9,3,2,5,4},{2,3,9,8,0,0,0,0,0},{0,0,0,0,0,0,0,0,0}}
]
13:21:17.597 INFO  [main] SudokuBoard - Warto?? 0 wstawiona nieprawid?owo
13:21:17.597 INFO  [main] SudokuBoard - B?ad w kwadracie 0
sudoku.model.SudokuBoard@27f8f1cc[
  size=9
  solver=sudoku.model.BacktrackingSudokuSolver@669b8190
  board={{4,9,8,3,1,5,7,6,2},{1,6,2,7,8,9,3,4,5},{3,5,7,4,2,6,8,9,1},{7,8,5,9,3,1,4,2,6},{9,1,3,6,4,2,5,7,8},{6,2,4,5,7,8,9,1,3},{8,7,6,1,9,3,2,5,4},{2,3,9,8,6,7,0,0,0},{0,0,0,0,0,0,0,0,0}}
]
13:21:17.597 INFO  [main] SudokuBoard - Warto?? 0 wstawiona nieprawid?owo
13:21:17.597 INFO  [main] SudokuBoard - B?ad w kwadracie 0
sudoku.model.SudokuBoard@27f8f1cc[
  size=9
  solver=sudoku.model.BacktrackingSudokuSolver@669b8190
  board={{4,9,8,3,1,5,7,6,2},{1,6,2,7,8,9,3,4,5},{3,5,7,4,2,6,8,9,1},{7,8,5,9,3,1,4,2,6},{9,1,3,6,4,2,5,7,8},{6,2,4,5,7,8,9,1,3},{8,7,6,1,9,3,2,5,4},{2,3,9,8,6,0,0,0,0},{0,0,0,0,0,0,0,0,0}}
]
13:21:17.597 INFO  [main] SudokuBoard - Warto?? 0 wstawiona nieprawid?owo
13:21:17.597 INFO  [main] SudokuBoard - B?ad w kwadracie 0
sudoku.model.SudokuBoard@27f8f1cc[
  size=9
  solver=sudoku.model.BacktrackingSudokuSolver@669b8190
  board={{4,9,8,3,1,5,7,6,2},{1,6,2,7,8,9,3,4,5},{3,5,7,4,2,6,8,9,1},{7,8,5,9,3,1,4,2,6},{9,1,3,6,4,2,5,7,8},{6,2,4,5,7,8,9,1,3},{8,7,6,1,9,3,2,5,4},{2,3,9,8,6,4,0,0,0},{0,0,0,0,0,0,0,0,0}}
]
13:21:17.597 INFO  [main] SudokuBoard - Warto?? 0 wstawiona nieprawid?owo
13:21:17.598 INFO  [main] SudokuBoard - B?ad w kwadracie 0
sudoku.model.SudokuBoard@27f8f1cc[
  size=9
  solver=sudoku.model.BacktrackingSudokuSolver@669b8190
  board={{4,9,8,3,1,5,7,6,2},{1,6,2,7,8,9,3,4,5},{3,5,7,4,2,6,8,9,1},{7,8,5,9,3,1,4,2,6},{9,1,3,6,4,2,5,7,8},{6,2,4,5,7,8,9,1,3},{8,7,6,1,9,3,2,5,4},{2,3,9,8,6,0,0,0,0},{0,0,0,0,0,0,0,0,0}}
]
13:21:17.598 INFO  [main] SudokuBoard - Warto?? 0 wstawiona nieprawid?owo
13:21:17.598 INFO  [main] SudokuBoard - B?ad w kwadracie 0
sudoku.model.SudokuBoard@27f8f1cc[
  size=9
  solver=sudoku.model.BacktrackingSudokuSolver@669b8190
  board={{4,9,8,3,1,5,7,6,2},{1,6,2,7,8,9,3,4,5},{3,5,7,4,2,6,8,9,1},{7,8,5,9,3,1,4,2,6},{9,1,3,6,4,2,5,7,8},{6,2,4,5,7,8,9,1,3},{8,7,6,1,9,3,2,5,4},{2,3,9,8,0,0,0,0,0},{0,0,0,0,0,0,0,0,0}}
]
13:21:17.598 INFO  [main] SudokuBoard - Warto?? 0 wstawiona nieprawid?owo
13:21:17.598 INFO  [main] SudokuBoard - B?ad w kwadracie 0
sudoku.model.SudokuBoard@27f8f1cc[
  size=9
  solver=sudoku.model.BacktrackingSudokuSolver@669b8190
  board={{4,9,8,3,1,5,7,6,2},{1,6,2,7,8,9,3,4,5},{3,5,7,4,2,6,8,9,1},{7,8,5,9,3,1,4,2,6},{9,1,3,6,4,2,5,7,8},{6,2,4,5,7,8,9,1,3},{8,7,6,1,9,3,2,5,4},{2,3,9,0,0,0,0,0,0},{0,0,0,0,0,0,0,0,0}}
]
13:21:17.598 INFO  [main] SudokuBoard - Warto?? 0 wstawiona nieprawid?owo
13:21:17.598 INFO  [main] SudokuBoard - B?ad w kwadracie 0
sudoku.model.SudokuBoard@27f8f1cc[
  size=9
  solver=sudoku.model.BacktrackingSudokuSolver@669b8190
  board={{4,9,8,3,1,5,7,6,2},{1,6,2,7,8,9,3,4,5},{3,5,7,4,2,6,8,9,1},{7,8,5,9,3,1,4,2,6},{9,1,3,6,4,2,5,7,8},{6,2,4,5,7,8,9,1,3},{8,7,6,1,9,3,2,5,4},{2,3,0,0,0,0,0,0,0},{0,0,0,0,0,0,0,0,0}}
]
13:21:17.598 INFO  [main] SudokuBoard - Warto?? 0 wstawiona nieprawid?owo
13:21:17.598 INFO  [main] SudokuBoard - B?ad w kwadracie 0
sudoku.model.SudokuBoard@27f8f1cc[
  size=9
  solver=sudoku.model.BacktrackingSudokuSolver@669b8190
  board={{4,9,8,3,1,5,7,6,2},{1,6,2,7,8,9,3,4,5},{3,5,7,4,2,6,8,9,1},{7,8,5,9,3,1,4,2,6},{9,1,3,6,4,2,5,7,8},{6,2,4,5,7,8,9,1,3},{8,7,6,1,9,3,2,5,4},{2,3,1,8,5,7,0,0,0},{0,0,0,0,0,0,0,0,0}}
]
13:21:17.599 INFO  [main] SudokuBoard - Warto?? 0 wstawiona nieprawid?owo
13:21:17.599 INFO  [main] SudokuBoard - B?ad w kwadracie 0
sudoku.model.SudokuBoard@27f8f1cc[
  size=9
  solver=sudoku.model.BacktrackingSudokuSolver@669b8190
  board={{4,9,8,3,1,5,7,6,2},{1,6,2,7,8,9,3,4,5},{3,5,7,4,2,6,8,9,1},{7,8,5,9,3,1,4,2,6},{9,1,3,6,4,2,5,7,8},{6,2,4,5,7,8,9,1,3},{8,7,6,1,9,3,2,5,4},{2,3,1,8,5,0,0,0,0},{0,0,0,0,0,0,0,0,0}}
]
13:21:17.599 INFO  [main] SudokuBoard - Warto?? 0 wstawiona nieprawid?owo
13:21:17.599 INFO  [main] SudokuBoard - B?ad w kwadracie 0
sudoku.model.SudokuBoard@27f8f1cc[
  size=9
  solver=sudoku.model.BacktrackingSudokuSolver@669b8190
  board={{4,9,8,3,1,5,7,6,2},{1,6,2,7,8,9,3,4,5},{3,5,7,4,2,6,8,9,1},{7,8,5,9,3,1,4,2,6},{9,1,3,6,4,2,5,7,8},{6,2,4,5,7,8,9,1,3},{8,7,6,1,9,3,2,5,4},{2,3,1,8,5,4,0,0,0},{0,0,0,0,0,0,0,0,0}}
]
13:21:17.599 INFO  [main] SudokuBoard - Warto?? 0 wstawiona nieprawid?owo
13:21:17.599 INFO  [main] SudokuBoard - B?ad w kwadracie 0
sudoku.model.SudokuBoard@27f8f1cc[
  size=9
  solver=sudoku.model.BacktrackingSudokuSolver@669b8190
  board={{4,9,8,3,1,5,7,6,2},{1,6,2,7,8,9,3,4,5},{3,5,7,4,2,6,8,9,1},{7,8,5,9,3,1,4,2,6},{9,1,3,6,4,2,5,7,8},{6,2,4,5,7,8,9,1,3},{8,7,6,1,9,3,2,5,4},{2,3,1,8,5,0,0,0,0},{0,0,0,0,0,0,0,0,0}}
]
13:21:17.599 INFO  [main] SudokuBoard - Warto?? 0 wstawiona nieprawid?owo
13:21:17.599 INFO  [main] SudokuBoard - B?ad w kwadracie 0
sudoku.model.SudokuBoard@27f8f1cc[
  size=9
  solver=sudoku.model.BacktrackingSudokuSolver@669b8190
  board={{4,9,8,3,1,5,7,6,2},{1,6,2,7,8,9,3,4,5},{3,5,7,4,2,6,8,9,1},{7,8,5,9,3,1,4,2,6},{9,1,3,6,4,2,5,7,8},{6,2,4,5,7,8,9,1,3},{8,7,6,1,9,3,2,5,4},{2,3,1,8,0,0,0,0,0},{0,0,0,0,0,0,0,0,0}}
]
13:21:17.599 INFO  [main] SudokuBoard - Warto?? 0 wstawiona nieprawid?owo
13:21:17.599 INFO  [main] SudokuBoard - B?ad w kwadracie 0
sudoku.model.SudokuBoard@27f8f1cc[
  size=9
  solver=sudoku.model.BacktrackingSudokuSolver@669b8190
  board={{4,9,8,3,1,5,7,6,2},{1,6,2,7,8,9,3,4,5},{3,5,7,4,2,6,8,9,1},{7,8,5,9,3,1,4,2,6},{9,1,3,6,4,2,5,7,8},{6,2,4,5,7,8,9,1,3},{8,7,6,1,9,3,2,5,4},{2,3,1,8,6,0,0,0,0},{0,0,0,0,0,0,0,0,0}}
]
13:21:17.599 INFO  [main] SudokuBoard - Warto?? 0 wstawiona nieprawid?owo
13:21:17.600 INFO  [main] SudokuBoard - B?ad w kwadracie 0
sudoku.model.SudokuBoard@27f8f1cc[
  size=9
  solver=sudoku.model.BacktrackingSudokuSolver@669b8190
  board={{4,9,8,3,1,5,7,6,2},{1,6,2,7,8,9,3,4,5},{3,5,7,4,2,6,8,9,1},{7,8,5,9,3,1,4,2,6},{9,1,3,6,4,2,5,7,8},{6,2,4,5,7,8,9,1,3},{8,7,6,1,9,3,2,5,4},{2,3,1,8,6,0,0,0,0},{0,0,0,0,0,0,0,0,0}}
]
13:21:17.600 INFO  [main] SudokuBoard - Warto?? 0 wstawiona nieprawid?owo
13:21:17.600 INFO  [main] SudokuBoard - B?ad w kwadracie 0
sudoku.model.SudokuBoard@27f8f1cc[
  size=9
  solver=sudoku.model.BacktrackingSudokuSolver@669b8190
  board={{4,9,8,3,1,5,7,6,2},{1,6,2,7,8,9,3,4,5},{3,5,7,4,2,6,8,9,1},{7,8,5,9,3,1,4,2,6},{9,1,3,6,4,2,5,7,8},{6,2,4,5,7,8,9,1,3},{8,7,6,1,9,3,2,5,4},{2,3,1,8,0,0,0,0,0},{0,0,0,0,0,0,0,0,0}}
]
13:21:17.600 INFO  [main] SudokuBoard - Warto?? 0 wstawiona nieprawid?owo
13:21:17.600 INFO  [main] SudokuBoard - B?ad w kwadracie 0
sudoku.model.SudokuBoard@27f8f1cc[
  size=9
  solver=sudoku.model.BacktrackingSudokuSolver@669b8190
  board={{4,9,8,3,1,5,7,6,2},{1,6,2,7,8,9,3,4,5},{3,5,7,4,2,6,8,9,1},{7,8,5,9,3,1,4,2,6},{9,1,3,6,4,2,5,7,8},{6,2,4,5,7,8,9,1,3},{8,7,6,1,9,3,2,5,4},{2,3,1,0,0,0,0,0,0},{0,0,0,0,0,0,0,0,0}}
]
13:21:17.600 INFO  [main] SudokuBoard - Warto?? 0 wstawiona nieprawid?owo
13:21:17.600 INFO  [main] SudokuBoard - B?ad w kwadracie 0
sudoku.model.SudokuBoard@27f8f1cc[
  size=9
  solver=sudoku.model.BacktrackingSudokuSolver@669b8190
  board={{4,9,8,3,1,5,7,6,2},{1,6,2,7,8,9,3,4,5},{3,5,7,4,2,6,8,9,1},{7,8,5,9,3,1,4,2,6},{9,1,3,6,4,2,5,7,8},{6,2,4,5,7,8,9,1,3},{8,7,6,1,9,3,2,5,4},{2,3,0,0,0,0,0,0,0},{0,0,0,0,0,0,0,0,0}}
]
13:21:17.600 INFO  [main] SudokuBoard - Warto?? 0 wstawiona nieprawid?owo
13:21:17.600 INFO  [main] SudokuBoard - B?ad w kwadracie 0
sudoku.model.SudokuBoard@27f8f1cc[
  size=9
  solver=sudoku.model.BacktrackingSudokuSolver@669b8190
  board={{4,9,8,3,1,5,7,6,2},{1,6,2,7,8,9,3,4,5},{3,5,7,4,2,6,8,9,1},{7,8,5,9,3,1,4,2,6},{9,1,3,6,4,2,5,7,8},{6,2,4,5,7,8,9,1,3},{8,7,6,1,9,3,2,5,4},{2,0,0,0,0,0,0,0,0},{0,0,0,0,0,0,0,0,0}}
]
13:21:17.601 INFO  [main] SudokuBoard - Warto?? 0 wstawiona nieprawid?owo
13:21:17.601 INFO  [main] SudokuBoard - B?ad w kwadracie 0
sudoku.model.SudokuBoard@27f8f1cc[
  size=9
  solver=sudoku.model.BacktrackingSudokuSolver@669b8190
  board={{4,9,8,3,1,5,7,6,2},{1,6,2,7,8,9,3,4,5},{3,5,7,4,2,6,8,9,1},{7,8,5,9,3,1,4,2,6},{9,1,3,6,4,2,5,7,8},{6,2,4,5,7,8,9,1,3},{8,7,6,1,9,3,2,5,4},{2,4,9,8,5,7,6,0,0},{0,0,0,0,0,0,0,0,0}}
]
13:21:17.601 INFO  [main] SudokuBoard - Warto?? 0 wstawiona nieprawid?owo
13:21:17.601 INFO  [main] SudokuBoard - B?ad w kwadracie 0
sudoku.model.SudokuBoard@27f8f1cc[
  size=9
  solver=sudoku.model.BacktrackingSudokuSolver@669b8190
  board={{4,9,8,3,1,5,7,6,2},{1,6,2,7,8,9,3,4,5},{3,5,7,4,2,6,8,9,1},{7,8,5,9,3,1,4,2,6},{9,1,3,6,4,2,5,7,8},{6,2,4,5,7,8,9,1,3},{8,7,6,1,9,3,2,5,4},{2,4,9,8,5,7,0,0,0},{0,0,0,0,0,0,0,0,0}}
]
13:21:17.601 INFO  [main] SudokuBoard - Warto?? 0 wstawiona nieprawid?owo
13:21:17.601 INFO  [main] SudokuBoard - B?ad w kwadracie 0
sudoku.model.SudokuBoard@27f8f1cc[
  size=9
  solver=sudoku.model.BacktrackingSudokuSolver@669b8190
  board={{4,9,8,3,1,5,7,6,2},{1,6,2,7,8,9,3,4,5},{3,5,7,4,2,6,8,9,1},{7,8,5,9,3,1,4,2,6},{9,1,3,6,4,2,5,7,8},{6,2,4,5,7,8,9,1,3},{8,7,6,1,9,3,2,5,4},{2,4,9,8,5,7,1,0,0},{0,0,0,0,0,0,0,0,0}}
]
13:21:17.601 INFO  [main] SudokuBoard - Warto?? 0 wstawiona nieprawid?owo
13:21:17.601 INFO  [main] SudokuBoard - B?ad w kwadracie 0
sudoku.model.SudokuBoard@27f8f1cc[
  size=9
  solver=sudoku.model.BacktrackingSudokuSolver@669b8190
  board={{4,9,8,3,1,5,7,6,2},{1,6,2,7,8,9,3,4,5},{3,5,7,4,2,6,8,9,1},{7,8,5,9,3,1,4,2,6},{9,1,3,6,4,2,5,7,8},{6,2,4,5,7,8,9,1,3},{8,7,6,1,9,3,2,5,4},{2,4,9,8,5,7,0,0,0},{0,0,0,0,0,0,0,0,0}}
]
13:21:17.602 INFO  [main] SudokuBoard - Warto?? 0 wstawiona nieprawid?owo
13:21:17.602 INFO  [main] SudokuBoard - B?ad w kwadracie 0
sudoku.model.SudokuBoard@27f8f1cc[
  size=9
  solver=sudoku.model.BacktrackingSudokuSolver@669b8190
  board={{4,9,8,3,1,5,7,6,2},{1,6,2,7,8,9,3,4,5},{3,5,7,4,2,6,8,9,1},{7,8,5,9,3,1,4,2,6},{9,1,3,6,4,2,5,7,8},{6,2,4,5,7,8,9,1,3},{8,7,6,1,9,3,2,5,4},{2,4,9,8,5,0,0,0,0},{0,0,0,0,0,0,0,0,0}}
]
13:21:17.603 INFO  [main] SudokuBoard - Warto?? 0 wstawiona nieprawid?owo
13:21:17.603 INFO  [main] SudokuBoard - B?ad w kwadracie 0
sudoku.model.SudokuBoard@27f8f1cc[
  size=9
  solver=sudoku.model.BacktrackingSudokuSolver@669b8190
  board={{4,9,8,3,1,5,7,6,2},{1,6,2,7,8,9,3,4,5},{3,5,7,4,2,6,8,9,1},{7,8,5,9,3,1,4,2,6},{9,1,3,6,4,2,5,7,8},{6,2,4,5,7,8,9,1,3},{8,7,6,1,9,3,2,5,4},{2,4,9,8,0,0,0,0,0},{0,0,0,0,0,0,0,0,0}}
]
13:21:17.603 INFO  [main] SudokuBoard - Warto?? 0 wstawiona nieprawid?owo
13:21:17.603 INFO  [main] SudokuBoard - B?ad w kwadracie 0
sudoku.model.SudokuBoard@27f8f1cc[
  size=9
  solver=sudoku.model.BacktrackingSudokuSolver@669b8190
  board={{4,9,8,3,1,5,7,6,2},{1,6,2,7,8,9,3,4,5},{3,5,7,4,2,6,8,9,1},{7,8,5,9,3,1,4,2,6},{9,1,3,6,4,2,5,7,8},{6,2,4,5,7,8,9,1,3},{8,7,6,1,9,3,2,5,4},{2,4,9,8,6,7,1,0,0},{0,0,0,0,0,0,0,0,0}}
]
13:21:17.603 INFO  [main] SudokuBoard - Warto?? 0 wstawiona nieprawid?owo
13:21:17.604 INFO  [main] SudokuBoard - B?ad w kwadracie 0
sudoku.model.SudokuBoard@27f8f1cc[
  size=9
  solver=sudoku.model.BacktrackingSudokuSolver@669b8190
  board={{4,9,8,3,1,5,7,6,2},{1,6,2,7,8,9,3,4,5},{3,5,7,4,2,6,8,9,1},{7,8,5,9,3,1,4,2,6},{9,1,3,6,4,2,5,7,8},{6,2,4,5,7,8,9,1,3},{8,7,6,1,9,3,2,5,4},{2,4,9,8,6,7,0,0,0},{0,0,0,0,0,0,0,0,0}}
]
13:21:17.604 INFO  [main] SudokuBoard - Warto?? 0 wstawiona nieprawid?owo
13:21:17.604 INFO  [main] SudokuBoard - B?ad w kwadracie 0
sudoku.model.SudokuBoard@27f8f1cc[
  size=9
  solver=sudoku.model.BacktrackingSudokuSolver@669b8190
  board={{4,9,8,3,1,5,7,6,2},{1,6,2,7,8,9,3,4,5},{3,5,7,4,2,6,8,9,1},{7,8,5,9,3,1,4,2,6},{9,1,3,6,4,2,5,7,8},{6,2,4,5,7,8,9,1,3},{8,7,6,1,9,3,2,5,4},{2,4,9,8,6,0,0,0,0},{0,0,0,0,0,0,0,0,0}}
]
13:21:17.604 INFO  [main] SudokuBoard - Warto?? 0 wstawiona nieprawid?owo
13:21:17.604 INFO  [main] SudokuBoard - B?ad w kwadracie 0
sudoku.model.SudokuBoard@27f8f1cc[
  size=9
  solver=sudoku.model.BacktrackingSudokuSolver@669b8190
  board={{4,9,8,3,1,5,7,6,2},{1,6,2,7,8,9,3,4,5},{3,5,7,4,2,6,8,9,1},{7,8,5,9,3,1,4,2,6},{9,1,3,6,4,2,5,7,8},{6,2,4,5,7,8,9,1,3},{8,7,6,1,9,3,2,5,4},{2,4,9,8,0,0,0,0,0},{0,0,0,0,0,0,0,0,0}}
]
13:21:17.604 INFO  [main] SudokuBoard - Warto?? 0 wstawiona nieprawid?owo
13:21:17.605 INFO  [main] SudokuBoard - B?ad w kwadracie 0
sudoku.model.SudokuBoard@27f8f1cc[
  size=9
  solver=sudoku.model.BacktrackingSudokuSolver@669b8190
  board={{4,9,8,3,1,5,7,6,2},{1,6,2,7,8,9,3,4,5},{3,5,7,4,2,6,8,9,1},{7,8,5,9,3,1,4,2,6},{9,1,3,6,4,2,5,7,8},{6,2,4,5,7,8,9,1,3},{8,7,6,1,9,3,2,5,4},{2,4,9,0,0,0,0,0,0},{0,0,0,0,0,0,0,0,0}}
]
13:21:17.605 INFO  [main] SudokuBoard - Warto?? 0 wstawiona nieprawid?owo
13:21:17.605 INFO  [main] SudokuBoard - B?ad w kwadracie 0
sudoku.model.SudokuBoard@27f8f1cc[
  size=9
  solver=sudoku.model.BacktrackingSudokuSolver@669b8190
  board={{4,9,8,3,1,5,7,6,2},{1,6,2,7,8,9,3,4,5},{3,5,7,4,2,6,8,9,1},{7,8,5,9,3,1,4,2,6},{9,1,3,6,4,2,5,7,8},{6,2,4,5,7,8,9,1,3},{8,7,6,1,9,3,2,5,4},{2,4,0,0,0,0,0,0,0},{0,0,0,0,0,0,0,0,0}}
]
13:21:17.605 INFO  [main] SudokuBoard - Warto?? 0 wstawiona nieprawid?owo
Tablice maja inny uklad liczb]]></system-out>
  </testcase>
  <testcase name="checkFillBoardTest" classname="sudoku.model.SudokuBoardTest" time="0.038">
    <system-out><![CDATA[13:21:17.620 INFO  [main] SudokuBoard - B?ad w kwadracie 0
sudoku.model.SudokuBoard@473c491[
  size=9
  solver=sudoku.model.BacktrackingSudokuSolver@3ede428e
  board={{3,6,8,9,2,1,7,4,5},{7,9,4,3,5,6,8,2,1},{1,2,5,4,7,8,9,3,6},{9,7,2,8,1,3,4,0,0},{0,0,0,0,0,0,0,0,0},{0,0,0,0,0,0,0,0,0},{0,0,0,0,0,0,0,0,0},{0,0,0,0,0,0,0,0,0},{0,0,0,0,0,0,0,0,0}}
]
13:21:17.620 INFO  [main] SudokuBoard - Warto?? 0 wstawiona nieprawid?owo
13:21:17.620 INFO  [main] SudokuBoard - B?ad w kwadracie 0
sudoku.model.SudokuBoard@473c491[
  size=9
  solver=sudoku.model.BacktrackingSudokuSolver@3ede428e
  board={{3,6,8,9,2,1,7,4,5},{7,9,4,3,5,6,8,2,1},{1,2,5,4,7,8,9,3,6},{9,7,2,8,1,3,4,0,0},{0,0,0,0,0,0,0,0,0},{0,0,0,0,0,0,0,0,0},{0,0,0,0,0,0,0,0,0},{0,0,0,0,0,0,0,0,0},{0,0,0,0,0,0,0,0,0}}
]
13:21:17.620 INFO  [main] SudokuBoard - Warto?? 0 wstawiona nieprawid?owo
13:21:17.620 INFO  [main] SudokuBoard - B?ad w kwadracie 0
sudoku.model.SudokuBoard@473c491[
  size=9
  solver=sudoku.model.BacktrackingSudokuSolver@3ede428e
  board={{3,6,8,9,2,1,7,4,5},{7,9,4,3,5,6,8,2,1},{1,2,5,4,7,8,9,3,6},{9,7,2,8,1,3,0,0,0},{0,0,0,0,0,0,0,0,0},{0,0,0,0,0,0,0,0,0},{0,0,0,0,0,0,0,0,0},{0,0,0,0,0,0,0,0,0},{0,0,0,0,0,0,0,0,0}}
]
13:21:17.620 INFO  [main] SudokuBoard - Warto?? 0 wstawiona nieprawid?owo
13:21:17.621 INFO  [main] SudokuBoard - B?ad w kwadracie 0
sudoku.model.SudokuBoard@473c491[
  size=9
  solver=sudoku.model.BacktrackingSudokuSolver@3ede428e
  board={{3,6,8,9,2,1,7,4,5},{7,9,4,3,5,6,8,2,1},{1,2,5,4,7,8,9,3,6},{9,7,2,8,1,3,5,6,4},{4,3,1,2,9,0,0,0,0},{0,0,0,0,0,0,0,0,0},{0,0,0,0,0,0,0,0,0},{0,0,0,0,0,0,0,0,0},{0,0,0,0,0,0,0,0,0}}
]
13:21:17.621 INFO  [main] SudokuBoard - Warto?? 0 wstawiona nieprawid?owo
13:21:17.621 INFO  [main] SudokuBoard - B?ad w kwadracie 0
sudoku.model.SudokuBoard@473c491[
  size=9
  solver=sudoku.model.BacktrackingSudokuSolver@3ede428e
  board={{3,6,8,9,2,1,7,4,5},{7,9,4,3,5,6,8,2,1},{1,2,5,4,7,8,9,3,6},{9,7,2,8,1,3,5,6,4},{4,3,1,2,9,0,0,0,0},{0,0,0,0,0,0,0,0,0},{0,0,0,0,0,0,0,0,0},{0,0,0,0,0,0,0,0,0},{0,0,0,0,0,0,0,0,0}}
]
13:21:17.621 INFO  [main] SudokuBoard - Warto?? 0 wstawiona nieprawid?owo
13:21:17.622 INFO  [main] SudokuBoard - B?ad w kwadracie 0
sudoku.model.SudokuBoard@473c491[
  size=9
  solver=sudoku.model.BacktrackingSudokuSolver@3ede428e
  board={{3,6,8,9,2,1,7,4,5},{7,9,4,3,5,6,8,2,1},{1,2,5,4,7,8,9,3,6},{9,7,2,8,1,3,5,6,4},{4,3,1,2,0,0,0,0,0},{0,0,0,0,0,0,0,0,0},{0,0,0,0,0,0,0,0,0},{0,0,0,0,0,0,0,0,0},{0,0,0,0,0,0,0,0,0}}
]
13:21:17.622 INFO  [main] SudokuBoard - Warto?? 0 wstawiona nieprawid?owo
13:21:17.622 INFO  [main] SudokuBoard - B?ad w kwadracie 0
sudoku.model.SudokuBoard@473c491[
  size=9
  solver=sudoku.model.BacktrackingSudokuSolver@3ede428e
  board={{3,6,8,9,2,1,7,4,5},{7,9,4,3,5,6,8,2,1},{1,2,5,4,7,8,9,3,6},{9,7,2,8,1,3,5,6,4},{4,3,1,2,6,0,0,0,0},{0,0,0,0,0,0,0,0,0},{0,0,0,0,0,0,0,0,0},{0,0,0,0,0,0,0,0,0},{0,0,0,0,0,0,0,0,0}}
]
13:21:17.622 INFO  [main] SudokuBoard - Warto?? 0 wstawiona nieprawid?owo
13:21:17.622 INFO  [main] SudokuBoard - B?ad w kwadracie 0
sudoku.model.SudokuBoard@473c491[
  size=9
  solver=sudoku.model.BacktrackingSudokuSolver@3ede428e
  board={{3,6,8,9,2,1,7,4,5},{7,9,4,3,5,6,8,2,1},{1,2,5,4,7,8,9,3,6},{9,7,2,8,1,3,5,6,4},{4,3,1,2,6,0,0,0,0},{0,0,0,0,0,0,0,0,0},{0,0,0,0,0,0,0,0,0},{0,0,0,0,0,0,0,0,0},{0,0,0,0,0,0,0,0,0}}
]
13:21:17.622 INFO  [main] SudokuBoard - Warto?? 0 wstawiona nieprawid?owo
13:21:17.623 INFO  [main] SudokuBoard - B?ad w kwadracie 0
sudoku.model.SudokuBoard@473c491[
  size=9
  solver=sudoku.model.BacktrackingSudokuSolver@3ede428e
  board={{3,6,8,9,2,1,7,4,5},{7,9,4,3,5,6,8,2,1},{1,2,5,4,7,8,9,3,6},{9,7,2,8,1,3,5,6,4},{4,3,1,2,6,0,0,0,0},{0,0,0,0,0,0,0,0,0},{0,0,0,0,0,0,0,0,0},{0,0,0,0,0,0,0,0,0},{0,0,0,0,0,0,0,0,0}}
]
13:21:17.623 INFO  [main] SudokuBoard - Warto?? 0 wstawiona nieprawid?owo
13:21:17.623 INFO  [main] SudokuBoard - B?ad w kwadracie 0
sudoku.model.SudokuBoard@473c491[
  size=9
  solver=sudoku.model.BacktrackingSudokuSolver@3ede428e
  board={{3,6,8,9,2,1,7,4,5},{7,9,4,3,5,6,8,2,1},{1,2,5,4,7,8,9,3,6},{9,7,2,8,1,3,5,6,4},{4,3,1,2,0,0,0,0,0},{0,0,0,0,0,0,0,0,0},{0,0,0,0,0,0,0,0,0},{0,0,0,0,0,0,0,0,0},{0,0,0,0,0,0,0,0,0}}
]
13:21:17.623 INFO  [main] SudokuBoard - Warto?? 0 wstawiona nieprawid?owo
13:21:17.623 INFO  [main] SudokuBoard - B?ad w kwadracie 0
sudoku.model.SudokuBoard@473c491[
  size=9
  solver=sudoku.model.BacktrackingSudokuSolver@3ede428e
  board={{3,6,8,9,2,1,7,4,5},{7,9,4,3,5,6,8,2,1},{1,2,5,4,7,8,9,3,6},{9,7,2,8,1,3,5,6,4},{4,3,1,0,0,0,0,0,0},{0,0,0,0,0,0,0,0,0},{0,0,0,0,0,0,0,0,0},{0,0,0,0,0,0,0,0,0},{0,0,0,0,0,0,0,0,0}}
]
13:21:17.623 INFO  [main] SudokuBoard - Warto?? 0 wstawiona nieprawid?owo
13:21:17.624 INFO  [main] SudokuBoard - B?ad w kwadracie 0
sudoku.model.SudokuBoard@473c491[
  size=9
  solver=sudoku.model.BacktrackingSudokuSolver@3ede428e
  board={{3,6,8,9,2,1,7,4,5},{7,9,4,3,5,6,8,2,1},{1,2,5,4,7,8,9,3,6},{9,7,2,8,1,3,5,6,4},{4,3,1,5,6,7,2,8,9},{6,0,0,0,0,0,0,0,0},{0,0,0,0,0,0,0,0,0},{0,0,0,0,0,0,0,0,0},{0,0,0,0,0,0,0,0,0}}
]
13:21:17.624 INFO  [main] SudokuBoard - Warto?? 0 wstawiona nieprawid?owo
13:21:17.624 INFO  [main] SudokuBoard - B?ad w kwadracie 0
sudoku.model.SudokuBoard@473c491[
  size=9
  solver=sudoku.model.BacktrackingSudokuSolver@3ede428e
  board={{3,6,8,9,2,1,7,4,5},{7,9,4,3,5,6,8,2,1},{1,2,5,4,7,8,9,3,6},{9,7,2,8,1,3,5,6,4},{4,3,1,5,6,7,2,8,9},{6,0,0,0,0,0,0,0,0},{0,0,0,0,0,0,0,0,0},{0,0,0,0,0,0,0,0,0},{0,0,0,0,0,0,0,0,0}}
]
13:21:17.624 INFO  [main] SudokuBoard - Warto?? 0 wstawiona nieprawid?owo
13:21:17.624 INFO  [main] SudokuBoard - B?ad w kwadracie 0
sudoku.model.SudokuBoard@473c491[
  size=9
  solver=sudoku.model.BacktrackingSudokuSolver@3ede428e
  board={{3,6,8,9,2,1,7,4,5},{7,9,4,3,5,6,8,2,1},{1,2,5,4,7,8,9,3,6},{9,7,2,8,1,3,5,6,4},{4,3,1,5,6,7,2,8,9},{0,0,0,0,0,0,0,0,0},{0,0,0,0,0,0,0,0,0},{0,0,0,0,0,0,0,0,0},{0,0,0,0,0,0,0,0,0}}
]
13:21:17.624 INFO  [main] SudokuBoard - Warto?? 0 wstawiona nieprawid?owo
13:21:17.625 INFO  [main] SudokuBoard - B?ad w kwadracie 0
sudoku.model.SudokuBoard@473c491[
  size=9
  solver=sudoku.model.BacktrackingSudokuSolver@3ede428e
  board={{3,6,8,9,2,1,7,4,5},{7,9,4,3,5,6,8,2,1},{1,2,5,4,7,8,9,3,6},{9,7,2,8,1,3,5,6,4},{4,3,1,5,6,7,2,8,9},{8,5,6,2,9,4,1,7,3},{2,1,9,6,8,5,0,0,0},{0,0,0,0,0,0,0,0,0},{0,0,0,0,0,0,0,0,0}}
]
13:21:17.625 INFO  [main] SudokuBoard - Warto?? 0 wstawiona nieprawid?owo
13:21:17.625 INFO  [main] SudokuBoard - B?ad w kwadracie 0
sudoku.model.SudokuBoard@473c491[
  size=9
  solver=sudoku.model.BacktrackingSudokuSolver@3ede428e
  board={{3,6,8,9,2,1,7,4,5},{7,9,4,3,5,6,8,2,1},{1,2,5,4,7,8,9,3,6},{9,7,2,8,1,3,5,6,4},{4,3,1,5,6,7,2,8,9},{8,5,6,2,9,4,1,7,3},{2,1,9,6,8,5,0,0,0},{0,0,0,0,0,0,0,0,0},{0,0,0,0,0,0,0,0,0}}
]
13:21:17.625 INFO  [main] SudokuBoard - Warto?? 0 wstawiona nieprawid?owo
13:21:17.626 INFO  [main] SudokuBoard - B?ad w kwadracie 0
sudoku.model.SudokuBoard@473c491[
  size=9
  solver=sudoku.model.BacktrackingSudokuSolver@3ede428e
  board={{3,6,8,9,2,1,7,4,5},{7,9,4,3,5,6,8,2,1},{1,2,5,4,7,8,9,3,6},{9,7,2,8,1,3,5,6,4},{4,3,1,5,6,7,2,8,9},{8,5,6,2,9,4,1,7,3},{2,1,9,6,8,0,0,0,0},{0,0,0,0,0,0,0,0,0},{0,0,0,0,0,0,0,0,0}}
]
13:21:17.626 INFO  [main] SudokuBoard - Warto?? 0 wstawiona nieprawid?owo
13:21:17.626 INFO  [main] SudokuBoard - B?ad w kwadracie 0
sudoku.model.SudokuBoard@473c491[
  size=9
  solver=sudoku.model.BacktrackingSudokuSolver@3ede428e
  board={{3,6,8,9,2,1,7,4,5},{7,9,4,3,5,6,8,2,1},{1,2,5,4,7,8,9,3,6},{9,7,2,8,1,3,5,6,4},{4,3,1,5,6,7,2,8,9},{8,5,6,2,9,4,1,7,3},{2,1,9,6,0,0,0,0,0},{0,0,0,0,0,0,0,0,0},{0,0,0,0,0,0,0,0,0}}
]
13:21:17.626 INFO  [main] SudokuBoard - Warto?? 0 wstawiona nieprawid?owo
13:21:17.626 INFO  [main] SudokuBoard - B?ad w kwadracie 0
sudoku.model.SudokuBoard@473c491[
  size=9
  solver=sudoku.model.BacktrackingSudokuSolver@3ede428e
  board={{3,6,8,9,2,1,7,4,5},{7,9,4,3,5,6,8,2,1},{1,2,5,4,7,8,9,3,6},{9,7,2,8,1,3,5,6,4},{4,3,1,5,6,7,2,8,9},{8,5,6,2,9,4,1,7,3},{2,1,9,6,3,5,0,0,0},{0,0,0,0,0,0,0,0,0},{0,0,0,0,0,0,0,0,0}}
]
13:21:17.627 INFO  [main] SudokuBoard - Warto?? 0 wstawiona nieprawid?owo
13:21:17.628 INFO  [main] SudokuBoard - B?ad w kwadracie 0
sudoku.model.SudokuBoard@473c491[
  size=9
  solver=sudoku.model.BacktrackingSudokuSolver@3ede428e
  board={{3,6,8,9,2,1,7,4,5},{7,9,4,3,5,6,8,2,1},{1,2,5,4,7,8,9,3,6},{9,7,2,8,1,3,5,6,4},{4,3,1,5,6,7,2,8,9},{8,5,6,2,9,4,1,7,3},{2,1,9,6,3,0,0,0,0},{0,0,0,0,0,0,0,0,0},{0,0,0,0,0,0,0,0,0}}
]
13:21:17.628 INFO  [main] SudokuBoard - Warto?? 0 wstawiona nieprawid?owo
13:21:17.628 INFO  [main] SudokuBoard - B?ad w kwadracie 0
sudoku.model.SudokuBoard@473c491[
  size=9
  solver=sudoku.model.BacktrackingSudokuSolver@3ede428e
  board={{3,6,8,9,2,1,7,4,5},{7,9,4,3,5,6,8,2,1},{1,2,5,4,7,8,9,3,6},{9,7,2,8,1,3,5,6,4},{4,3,1,5,6,7,2,8,9},{8,5,6,2,9,4,1,7,3},{2,1,9,6,0,0,0,0,0},{0,0,0,0,0,0,0,0,0},{0,0,0,0,0,0,0,0,0}}
]
13:21:17.628 INFO  [main] SudokuBoard - Warto?? 0 wstawiona nieprawid?owo
13:21:17.628 INFO  [main] SudokuBoard - B?ad w kwadracie 0
sudoku.model.SudokuBoard@473c491[
  size=9
  solver=sudoku.model.BacktrackingSudokuSolver@3ede428e
  board={{3,6,8,9,2,1,7,4,5},{7,9,4,3,5,6,8,2,1},{1,2,5,4,7,8,9,3,6},{9,7,2,8,1,3,5,6,4},{4,3,1,5,6,7,2,8,9},{8,5,6,2,9,4,1,7,3},{2,1,9,6,4,5,0,0,0},{0,0,0,0,0,0,0,0,0},{0,0,0,0,0,0,0,0,0}}
]
13:21:17.628 INFO  [main] SudokuBoard - Warto?? 0 wstawiona nieprawid?owo
13:21:17.629 INFO  [main] SudokuBoard - B?ad w kwadracie 0
sudoku.model.SudokuBoard@473c491[
  size=9
  solver=sudoku.model.BacktrackingSudokuSolver@3ede428e
  board={{3,6,8,9,2,1,7,4,5},{7,9,4,3,5,6,8,2,1},{1,2,5,4,7,8,9,3,6},{9,7,2,8,1,3,5,6,4},{4,3,1,5,6,7,2,8,9},{8,5,6,2,9,4,1,7,3},{2,1,9,6,4,0,0,0,0},{0,0,0,0,0,0,0,0,0},{0,0,0,0,0,0,0,0,0}}
]
13:21:17.629 INFO  [main] SudokuBoard - Warto?? 0 wstawiona nieprawid?owo
13:21:17.629 INFO  [main] SudokuBoard - B?ad w kwadracie 0
sudoku.model.SudokuBoard@473c491[
  size=9
  solver=sudoku.model.BacktrackingSudokuSolver@3ede428e
  board={{3,6,8,9,2,1,7,4,5},{7,9,4,3,5,6,8,2,1},{1,2,5,4,7,8,9,3,6},{9,7,2,8,1,3,5,6,4},{4,3,1,5,6,7,2,8,9},{8,5,6,2,9,4,1,7,3},{2,1,9,6,0,0,0,0,0},{0,0,0,0,0,0,0,0,0},{0,0,0,0,0,0,0,0,0}}
]
13:21:17.629 INFO  [main] SudokuBoard - Warto?? 0 wstawiona nieprawid?owo
13:21:17.629 INFO  [main] SudokuBoard - B?ad w kwadracie 0
sudoku.model.SudokuBoard@473c491[
  size=9
  solver=sudoku.model.BacktrackingSudokuSolver@3ede428e
  board={{3,6,8,9,2,1,7,4,5},{7,9,4,3,5,6,8,2,1},{1,2,5,4,7,8,9,3,6},{9,7,2,8,1,3,5,6,4},{4,3,1,5,6,7,2,8,9},{8,5,6,2,9,4,1,7,3},{2,1,9,0,0,0,0,0,0},{0,0,0,0,0,0,0,0,0},{0,0,0,0,0,0,0,0,0}}
]
13:21:17.629 INFO  [main] SudokuBoard - Warto?? 0 wstawiona nieprawid?owo
13:21:17.630 INFO  [main] SudokuBoard - B?ad w kwadracie 0
sudoku.model.SudokuBoard@473c491[
  size=9
  solver=sudoku.model.BacktrackingSudokuSolver@3ede428e
  board={{3,6,8,9,2,1,7,4,5},{7,9,4,3,5,6,8,2,1},{1,2,5,4,7,8,9,3,6},{9,7,2,8,1,3,5,6,4},{4,3,1,5,6,7,2,8,9},{8,5,6,2,9,4,1,7,3},{2,1,9,7,8,5,0,0,0},{0,0,0,0,0,0,0,0,0},{0,0,0,0,0,0,0,0,0}}
]
13:21:17.630 INFO  [main] SudokuBoard - Warto?? 0 wstawiona nieprawid?owo
13:21:17.630 INFO  [main] SudokuBoard - B?ad w kwadracie 0
sudoku.model.SudokuBoard@473c491[
  size=9
  solver=sudoku.model.BacktrackingSudokuSolver@3ede428e
  board={{3,6,8,9,2,1,7,4,5},{7,9,4,3,5,6,8,2,1},{1,2,5,4,7,8,9,3,6},{9,7,2,8,1,3,5,6,4},{4,3,1,5,6,7,2,8,9},{8,5,6,2,9,4,1,7,3},{2,1,9,7,8,5,0,0,0},{0,0,0,0,0,0,0,0,0},{0,0,0,0,0,0,0,0,0}}
]
13:21:17.630 INFO  [main] SudokuBoard - Warto?? 0 wstawiona nieprawid?owo
13:21:17.631 INFO  [main] SudokuBoard - B?ad w kwadracie 0
sudoku.model.SudokuBoard@473c491[
  size=9
  solver=sudoku.model.BacktrackingSudokuSolver@3ede428e
  board={{3,6,8,9,2,1,7,4,5},{7,9,4,3,5,6,8,2,1},{1,2,5,4,7,8,9,3,6},{9,7,2,8,1,3,5,6,4},{4,3,1,5,6,7,2,8,9},{8,5,6,2,9,4,1,7,3},{2,1,9,7,8,5,0,0,0},{0,0,0,0,0,0,0,0,0},{0,0,0,0,0,0,0,0,0}}
]
13:21:17.631 INFO  [main] SudokuBoard - Warto?? 0 wstawiona nieprawid?owo
13:21:17.631 INFO  [main] SudokuBoard - B?ad w kwadracie 0
sudoku.model.SudokuBoard@473c491[
  size=9
  solver=sudoku.model.BacktrackingSudokuSolver@3ede428e
  board={{3,6,8,9,2,1,7,4,5},{7,9,4,3,5,6,8,2,1},{1,2,5,4,7,8,9,3,6},{9,7,2,8,1,3,5,6,4},{4,3,1,5,6,7,2,8,9},{8,5,6,2,9,4,1,7,3},{2,1,9,7,8,0,0,0,0},{0,0,0,0,0,0,0,0,0},{0,0,0,0,0,0,0,0,0}}
]
13:21:17.631 INFO  [main] SudokuBoard - Warto?? 0 wstawiona nieprawid?owo
13:21:17.631 INFO  [main] SudokuBoard - B?ad w kwadracie 0
sudoku.model.SudokuBoard@473c491[
  size=9
  solver=sudoku.model.BacktrackingSudokuSolver@3ede428e
  board={{3,6,8,9,2,1,7,4,5},{7,9,4,3,5,6,8,2,1},{1,2,5,4,7,8,9,3,6},{9,7,2,8,1,3,5,6,4},{4,3,1,5,6,7,2,8,9},{8,5,6,2,9,4,1,7,3},{2,1,9,7,0,0,0,0,0},{0,0,0,0,0,0,0,0,0},{0,0,0,0,0,0,0,0,0}}
]
13:21:17.631 INFO  [main] SudokuBoard - Warto?? 0 wstawiona nieprawid?owo
13:21:17.632 INFO  [main] SudokuBoard - B?ad w kwadracie 0
sudoku.model.SudokuBoard@473c491[
  size=9
  solver=sudoku.model.BacktrackingSudokuSolver@3ede428e
  board={{3,6,8,9,2,1,7,4,5},{7,9,4,3,5,6,8,2,1},{1,2,5,4,7,8,9,3,6},{9,7,2,8,1,3,5,6,4},{4,3,1,5,6,7,2,8,9},{8,5,6,2,9,4,1,7,3},{2,1,9,7,3,5,0,0,0},{0,0,0,0,0,0,0,0,0},{0,0,0,0,0,0,0,0,0}}
]
13:21:17.632 INFO  [main] SudokuBoard - Warto?? 0 wstawiona nieprawid?owo
13:21:17.632 INFO  [main] SudokuBoard - B?ad w kwadracie 0
sudoku.model.SudokuBoard@473c491[
  size=9
  solver=sudoku.model.BacktrackingSudokuSolver@3ede428e
  board={{3,6,8,9,2,1,7,4,5},{7,9,4,3,5,6,8,2,1},{1,2,5,4,7,8,9,3,6},{9,7,2,8,1,3,5,6,4},{4,3,1,5,6,7,2,8,9},{8,5,6,2,9,4,1,7,3},{2,1,9,7,3,5,0,0,0},{0,0,0,0,0,0,0,0,0},{0,0,0,0,0,0,0,0,0}}
]
13:21:17.632 INFO  [main] SudokuBoard - Warto?? 0 wstawiona nieprawid?owo
13:21:17.633 INFO  [main] SudokuBoard - B?ad w kwadracie 0
sudoku.model.SudokuBoard@473c491[
  size=9
  solver=sudoku.model.BacktrackingSudokuSolver@3ede428e
  board={{3,6,8,9,2,1,7,4,5},{7,9,4,3,5,6,8,2,1},{1,2,5,4,7,8,9,3,6},{9,7,2,8,1,3,5,6,4},{4,3,1,5,6,7,2,8,9},{8,5,6,2,9,4,1,7,3},{2,1,9,7,3,0,0,0,0},{0,0,0,0,0,0,0,0,0},{0,0,0,0,0,0,0,0,0}}
]
13:21:17.633 INFO  [main] SudokuBoard - Warto?? 0 wstawiona nieprawid?owo
13:21:17.633 INFO  [main] SudokuBoard - B?ad w kwadracie 0
sudoku.model.SudokuBoard@473c491[
  size=9
  solver=sudoku.model.BacktrackingSudokuSolver@3ede428e
  board={{3,6,8,9,2,1,7,4,5},{7,9,4,3,5,6,8,2,1},{1,2,5,4,7,8,9,3,6},{9,7,2,8,1,3,5,6,4},{4,3,1,5,6,7,2,8,9},{8,5,6,2,9,4,1,7,3},{2,1,9,7,0,0,0,0,0},{0,0,0,0,0,0,0,0,0},{0,0,0,0,0,0,0,0,0}}
]
13:21:17.633 INFO  [main] SudokuBoard - Warto?? 0 wstawiona nieprawid?owo
13:21:17.633 INFO  [main] SudokuBoard - B?ad w kwadracie 0
sudoku.model.SudokuBoard@473c491[
  size=9
  solver=sudoku.model.BacktrackingSudokuSolver@3ede428e
  board={{3,6,8,9,2,1,7,4,5},{7,9,4,3,5,6,8,2,1},{1,2,5,4,7,8,9,3,6},{9,7,2,8,1,3,5,6,4},{4,3,1,5,6,7,2,8,9},{8,5,6,2,9,4,1,7,3},{2,1,9,7,4,5,0,0,0},{0,0,0,0,0,0,0,0,0},{0,0,0,0,0,0,0,0,0}}
]
13:21:17.633 INFO  [main] SudokuBoard - Warto?? 0 wstawiona nieprawid?owo
13:21:17.633 INFO  [main] SudokuBoard - B?ad w kwadracie 0
sudoku.model.SudokuBoard@473c491[
  size=9
  solver=sudoku.model.BacktrackingSudokuSolver@3ede428e
  board={{3,6,8,9,2,1,7,4,5},{7,9,4,3,5,6,8,2,1},{1,2,5,4,7,8,9,3,6},{9,7,2,8,1,3,5,6,4},{4,3,1,5,6,7,2,8,9},{8,5,6,2,9,4,1,7,3},{2,1,9,7,4,5,0,0,0},{0,0,0,0,0,0,0,0,0},{0,0,0,0,0,0,0,0,0}}
]
13:21:17.633 INFO  [main] SudokuBoard - Warto?? 0 wstawiona nieprawid?owo
13:21:17.633 INFO  [main] SudokuBoard - B?ad w kwadracie 0
sudoku.model.SudokuBoard@473c491[
  size=9
  solver=sudoku.model.BacktrackingSudokuSolver@3ede428e
  board={{3,6,8,9,2,1,7,4,5},{7,9,4,3,5,6,8,2,1},{1,2,5,4,7,8,9,3,6},{9,7,2,8,1,3,5,6,4},{4,3,1,5,6,7,2,8,9},{8,5,6,2,9,4,1,7,3},{2,1,9,7,4,0,0,0,0},{0,0,0,0,0,0,0,0,0},{0,0,0,0,0,0,0,0,0}}
]
13:21:17.633 INFO  [main] SudokuBoard - Warto?? 0 wstawiona nieprawid?owo
13:21:17.634 INFO  [main] SudokuBoard - B?ad w kwadracie 0
sudoku.model.SudokuBoard@473c491[
  size=9
  solver=sudoku.model.BacktrackingSudokuSolver@3ede428e
  board={{3,6,8,9,2,1,7,4,5},{7,9,4,3,5,6,8,2,1},{1,2,5,4,7,8,9,3,6},{9,7,2,8,1,3,5,6,4},{4,3,1,5,6,7,2,8,9},{8,5,6,2,9,4,1,7,3},{2,1,9,7,0,0,0,0,0},{0,0,0,0,0,0,0,0,0},{0,0,0,0,0,0,0,0,0}}
]
13:21:17.634 INFO  [main] SudokuBoard - Warto?? 0 wstawiona nieprawid?owo
13:21:17.634 INFO  [main] SudokuBoard - B?ad w kwadracie 0
sudoku.model.SudokuBoard@473c491[
  size=9
  solver=sudoku.model.BacktrackingSudokuSolver@3ede428e
  board={{3,6,8,9,2,1,7,4,5},{7,9,4,3,5,6,8,2,1},{1,2,5,4,7,8,9,3,6},{9,7,2,8,1,3,5,6,4},{4,3,1,5,6,7,2,8,9},{8,5,6,2,9,4,1,7,3},{2,1,9,0,0,0,0,0,0},{0,0,0,0,0,0,0,0,0},{0,0,0,0,0,0,0,0,0}}
]
13:21:17.634 INFO  [main] SudokuBoard - Warto?? 0 wstawiona nieprawid?owo
13:21:17.634 INFO  [main] SudokuBoard - B?ad w kwadracie 0
sudoku.model.SudokuBoard@473c491[
  size=9
  solver=sudoku.model.BacktrackingSudokuSolver@3ede428e
  board={{3,6,8,9,2,1,7,4,5},{7,9,4,3,5,6,8,2,1},{1,2,5,4,7,8,9,3,6},{9,7,2,8,1,3,5,6,4},{4,3,1,5,6,7,2,8,9},{8,5,6,2,9,4,1,7,3},{2,1,0,0,0,0,0,0,0},{0,0,0,0,0,0,0,0,0},{0,0,0,0,0,0,0,0,0}}
]
13:21:17.634 INFO  [main] SudokuBoard - Warto?? 0 wstawiona nieprawid?owo
13:21:17.635 INFO  [main] SudokuBoard - B?ad w kwadracie 0
sudoku.model.SudokuBoard@473c491[
  size=9
  solver=sudoku.model.BacktrackingSudokuSolver@3ede428e
  board={{3,6,8,9,2,1,7,4,5},{7,9,4,3,5,6,8,2,1},{1,2,5,4,7,8,9,3,6},{9,7,2,8,1,3,5,6,4},{4,3,1,5,6,7,2,8,9},{8,5,6,2,9,4,1,7,3},{2,1,3,6,4,0,0,0,0},{0,0,0,0,0,0,0,0,0},{0,0,0,0,0,0,0,0,0}}
]
13:21:17.635 INFO  [main] SudokuBoard - Warto?? 0 wstawiona nieprawid?owo
13:21:17.635 INFO  [main] SudokuBoard - B?ad w kwadracie 0
sudoku.model.SudokuBoard@473c491[
  size=9
  solver=sudoku.model.BacktrackingSudokuSolver@3ede428e
  board={{3,6,8,9,2,1,7,4,5},{7,9,4,3,5,6,8,2,1},{1,2,5,4,7,8,9,3,6},{9,7,2,8,1,3,5,6,4},{4,3,1,5,6,7,2,8,9},{8,5,6,2,9,4,1,7,3},{2,1,3,6,4,0,0,0,0},{0,0,0,0,0,0,0,0,0},{0,0,0,0,0,0,0,0,0}}
]
13:21:17.635 INFO  [main] SudokuBoard - Warto?? 0 wstawiona nieprawid?owo
13:21:17.636 INFO  [main] SudokuBoard - B?ad w kwadracie 0
sudoku.model.SudokuBoard@473c491[
  size=9
  solver=sudoku.model.BacktrackingSudokuSolver@3ede428e
  board={{3,6,8,9,2,1,7,4,5},{7,9,4,3,5,6,8,2,1},{1,2,5,4,7,8,9,3,6},{9,7,2,8,1,3,5,6,4},{4,3,1,5,6,7,2,8,9},{8,5,6,2,9,4,1,7,3},{2,1,3,6,0,0,0,0,0},{0,0,0,0,0,0,0,0,0},{0,0,0,0,0,0,0,0,0}}
]
13:21:17.636 INFO  [main] SudokuBoard - Warto?? 0 wstawiona nieprawid?owo
13:21:17.637 INFO  [main] SudokuBoard - B?ad w kwadracie 0
sudoku.model.SudokuBoard@473c491[
  size=9
  solver=sudoku.model.BacktrackingSudokuSolver@3ede428e
  board={{3,6,8,9,2,1,7,4,5},{7,9,4,3,5,6,8,2,1},{1,2,5,4,7,8,9,3,6},{9,7,2,8,1,3,5,6,4},{4,3,1,5,6,7,2,8,9},{8,5,6,2,9,4,1,7,3},{2,1,3,6,8,9,4,5,7},{5,8,9,7,3,2,6,0,0},{0,0,0,0,0,0,0,0,0}}
]
13:21:17.637 INFO  [main] SudokuBoard - Warto?? 0 wstawiona nieprawid?owo
13:21:17.637 INFO  [main] SudokuBoard - B?ad w kwadracie 0
sudoku.model.SudokuBoard@473c491[
  size=9
  solver=sudoku.model.BacktrackingSudokuSolver@3ede428e
  board={{3,6,8,9,2,1,7,4,5},{7,9,4,3,5,6,8,2,1},{1,2,5,4,7,8,9,3,6},{9,7,2,8,1,3,5,6,4},{4,3,1,5,6,7,2,8,9},{8,5,6,2,9,4,1,7,3},{2,1,3,6,8,9,4,5,7},{5,8,9,7,3,2,0,0,0},{0,0,0,0,0,0,0,0,0}}
]
13:21:17.637 INFO  [main] SudokuBoard - Warto?? 0 wstawiona nieprawid?owo
13:21:17.637 INFO  [main] SudokuBoard - B?ad w kwadracie 0
sudoku.model.SudokuBoard@473c491[
  size=9
  solver=sudoku.model.BacktrackingSudokuSolver@3ede428e
  board={{3,6,8,9,2,1,7,4,5},{7,9,4,3,5,6,8,2,1},{1,2,5,4,7,8,9,3,6},{9,7,2,8,1,3,5,6,4},{4,3,1,5,6,7,2,8,9},{8,5,6,2,9,4,1,7,3},{2,1,3,6,8,9,4,5,7},{5,8,9,7,3,0,0,0,0},{0,0,0,0,0,0,0,0,0}}
]
13:21:17.637 INFO  [main] SudokuBoard - Warto?? 0 wstawiona nieprawid?owo
13:21:17.638 INFO  [main] SudokuBoard - B?ad w kwadracie 0
sudoku.model.SudokuBoard@473c491[
  size=9
  solver=sudoku.model.BacktrackingSudokuSolver@3ede428e
  board={{3,6,8,9,2,1,7,4,5},{7,9,4,3,5,6,8,2,1},{1,2,5,4,7,8,9,3,6},{9,7,2,8,1,3,5,6,4},{4,3,1,5,6,7,2,8,9},{8,5,6,2,9,4,1,7,3},{2,1,3,6,8,9,4,5,7},{5,8,9,7,0,0,0,0,0},{0,0,0,0,0,0,0,0,0}}
]
13:21:17.638 INFO  [main] SudokuBoard - Warto?? 0 wstawiona nieprawid?owo
13:21:17.638 INFO  [main] SudokuBoard - B?ad w kwadracie 0
sudoku.model.SudokuBoard@473c491[
  size=9
  solver=sudoku.model.BacktrackingSudokuSolver@3ede428e
  board={{3,6,8,9,2,1,7,4,5},{7,9,4,3,5,6,8,2,1},{1,2,5,4,7,8,9,3,6},{9,7,2,8,1,3,5,6,4},{4,3,1,5,6,7,2,8,9},{8,5,6,2,9,4,1,7,3},{2,1,3,6,8,9,4,5,7},{5,8,9,7,4,2,3,0,0},{0,0,0,0,0,0,0,0,0}}
]
13:21:17.638 INFO  [main] SudokuBoard - Warto?? 0 wstawiona nieprawid?owo
13:21:17.638 INFO  [main] SudokuBoard - B?ad w kwadracie 0
sudoku.model.SudokuBoard@473c491[
  size=9
  solver=sudoku.model.BacktrackingSudokuSolver@3ede428e
  board={{3,6,8,9,2,1,7,4,5},{7,9,4,3,5,6,8,2,1},{1,2,5,4,7,8,9,3,6},{9,7,2,8,1,3,5,6,4},{4,3,1,5,6,7,2,8,9},{8,5,6,2,9,4,1,7,3},{2,1,3,6,8,9,4,5,7},{5,8,9,7,4,2,0,0,0},{0,0,0,0,0,0,0,0,0}}
]
13:21:17.638 INFO  [main] SudokuBoard - Warto?? 0 wstawiona nieprawid?owo
13:21:17.639 INFO  [main] SudokuBoard - B?ad w kwadracie 0
sudoku.model.SudokuBoard@473c491[
  size=9
  solver=sudoku.model.BacktrackingSudokuSolver@3ede428e
  board={{3,6,8,9,2,1,7,4,5},{7,9,4,3,5,6,8,2,1},{1,2,5,4,7,8,9,3,6},{9,7,2,8,1,3,5,6,4},{4,3,1,5,6,7,2,8,9},{8,5,6,2,9,4,1,7,3},{2,1,3,6,8,9,4,5,7},{5,8,9,7,4,2,6,0,0},{0,0,0,0,0,0,0,0,0}}
]
13:21:17.639 INFO  [main] SudokuBoard - Warto?? 0 wstawiona nieprawid?owo
13:21:17.639 INFO  [main] SudokuBoard - B?ad w kwadracie 0
sudoku.model.SudokuBoard@473c491[
  size=9
  solver=sudoku.model.BacktrackingSudokuSolver@3ede428e
  board={{3,6,8,9,2,1,7,4,5},{7,9,4,3,5,6,8,2,1},{1,2,5,4,7,8,9,3,6},{9,7,2,8,1,3,5,6,4},{4,3,1,5,6,7,2,8,9},{8,5,6,2,9,4,1,7,3},{2,1,3,6,8,9,4,5,7},{5,8,9,7,4,2,0,0,0},{0,0,0,0,0,0,0,0,0}}
]
13:21:17.639 INFO  [main] SudokuBoard - Warto?? 0 wstawiona nieprawid?owo
13:21:17.639 INFO  [main] SudokuBoard - B?ad w kwadracie 0
sudoku.model.SudokuBoard@473c491[
  size=9
  solver=sudoku.model.BacktrackingSudokuSolver@3ede428e
  board={{3,6,8,9,2,1,7,4,5},{7,9,4,3,5,6,8,2,1},{1,2,5,4,7,8,9,3,6},{9,7,2,8,1,3,5,6,4},{4,3,1,5,6,7,2,8,9},{8,5,6,2,9,4,1,7,3},{2,1,3,6,8,9,4,5,7},{5,8,9,7,4,0,0,0,0},{0,0,0,0,0,0,0,0,0}}
]
13:21:17.639 INFO  [main] SudokuBoard - Warto?? 0 wstawiona nieprawid?owo
13:21:17.639 INFO  [main] SudokuBoard - B?ad w kwadracie 0
sudoku.model.SudokuBoard@473c491[
  size=9
  solver=sudoku.model.BacktrackingSudokuSolver@3ede428e
  board={{3,6,8,9,2,1,7,4,5},{7,9,4,3,5,6,8,2,1},{1,2,5,4,7,8,9,3,6},{9,7,2,8,1,3,5,6,4},{4,3,1,5,6,7,2,8,9},{8,5,6,2,9,4,1,7,3},{2,1,3,6,8,9,4,5,7},{5,8,9,7,0,0,0,0,0},{0,0,0,0,0,0,0,0,0}}
]
13:21:17.639 INFO  [main] SudokuBoard - Warto?? 0 wstawiona nieprawid?owo
13:21:17.640 INFO  [main] SudokuBoard - B?ad w kwadracie 0
sudoku.model.SudokuBoard@473c491[
  size=9
  solver=sudoku.model.BacktrackingSudokuSolver@3ede428e
  board={{3,6,8,9,2,1,7,4,5},{7,9,4,3,5,6,8,2,1},{1,2,5,4,7,8,9,3,6},{9,7,2,8,1,3,5,6,4},{4,3,1,5,6,7,2,8,9},{8,5,6,2,9,4,1,7,3},{2,1,3,6,8,9,4,5,7},{5,8,9,0,0,0,0,0,0},{0,0,0,0,0,0,0,0,0}}
]
13:21:17.640 INFO  [main] SudokuBoard - Warto?? 0 wstawiona nieprawid?owo
13:21:17.640 INFO  [main] SudokuBoard - B?ad w kwadracie 0
sudoku.model.SudokuBoard@473c491[
  size=9
  solver=sudoku.model.BacktrackingSudokuSolver@3ede428e
  board={{3,6,8,9,2,1,7,4,5},{7,9,4,3,5,6,8,2,1},{1,2,5,4,7,8,9,3,6},{9,7,2,8,1,3,5,6,4},{4,3,1,5,6,7,2,8,9},{8,5,6,2,9,4,1,7,3},{2,1,3,6,8,9,4,5,7},{5,8,9,1,3,2,0,0,0},{0,0,0,0,0,0,0,0,0}}
]
13:21:17.640 INFO  [main] SudokuBoard - Warto?? 0 wstawiona nieprawid?owo
13:21:17.640 INFO  [main] SudokuBoard - B?ad w kwadracie 0
sudoku.model.SudokuBoard@473c491[
  size=9
  solver=sudoku.model.BacktrackingSudokuSolver@3ede428e
  board={{3,6,8,9,2,1,7,4,5},{7,9,4,3,5,6,8,2,1},{1,2,5,4,7,8,9,3,6},{9,7,2,8,1,3,5,6,4},{4,3,1,5,6,7,2,8,9},{8,5,6,2,9,4,1,7,3},{2,1,3,6,8,9,4,5,7},{5,8,9,1,3,0,0,0,0},{0,0,0,0,0,0,0,0,0}}
]
13:21:17.640 INFO  [main] SudokuBoard - Warto?? 0 wstawiona nieprawid?owo
13:21:17.641 INFO  [main] SudokuBoard - B?ad w kwadracie 0
sudoku.model.SudokuBoard@473c491[
  size=9
  solver=sudoku.model.BacktrackingSudokuSolver@3ede428e
  board={{3,6,8,9,2,1,7,4,5},{7,9,4,3,5,6,8,2,1},{1,2,5,4,7,8,9,3,6},{9,7,2,8,1,3,5,6,4},{4,3,1,5,6,7,2,8,9},{8,5,6,2,9,4,1,7,3},{2,1,3,6,8,9,4,5,7},{5,8,9,1,0,0,0,0,0},{0,0,0,0,0,0,0,0,0}}
]
13:21:17.641 INFO  [main] SudokuBoard - Warto?? 0 wstawiona nieprawid?owo
13:21:17.641 INFO  [main] SudokuBoard - B?ad w kwadracie 0
sudoku.model.SudokuBoard@473c491[
  size=9
  solver=sudoku.model.BacktrackingSudokuSolver@3ede428e
  board={{3,6,8,9,2,1,7,4,5},{7,9,4,3,5,6,8,2,1},{1,2,5,4,7,8,9,3,6},{9,7,2,8,1,3,5,6,4},{4,3,1,5,6,7,2,8,9},{8,5,6,2,9,4,1,7,3},{2,1,3,6,8,9,4,5,7},{5,8,9,1,4,2,0,0,0},{0,0,0,0,0,0,0,0,0}}
]
13:21:17.641 INFO  [main] SudokuBoard - Warto?? 0 wstawiona nieprawid?owo
13:21:17.641 INFO  [main] SudokuBoard - B?ad w kwadracie 0
sudoku.model.SudokuBoard@473c491[
  size=9
  solver=sudoku.model.BacktrackingSudokuSolver@3ede428e
  board={{3,6,8,9,2,1,7,4,5},{7,9,4,3,5,6,8,2,1},{1,2,5,4,7,8,9,3,6},{9,7,2,8,1,3,5,6,4},{4,3,1,5,6,7,2,8,9},{8,5,6,2,9,4,1,7,3},{2,1,3,6,8,9,4,5,7},{5,8,9,1,4,2,0,0,0},{0,0,0,0,0,0,0,0,0}}
]
13:21:17.641 INFO  [main] SudokuBoard - Warto?? 0 wstawiona nieprawid?owo
13:21:17.642 INFO  [main] SudokuBoard - B?ad w kwadracie 0
sudoku.model.SudokuBoard@473c491[
  size=9
  solver=sudoku.model.BacktrackingSudokuSolver@3ede428e
  board={{3,6,8,9,2,1,7,4,5},{7,9,4,3,5,6,8,2,1},{1,2,5,4,7,8,9,3,6},{9,7,2,8,1,3,5,6,4},{4,3,1,5,6,7,2,8,9},{8,5,6,2,9,4,1,7,3},{2,1,3,6,8,9,4,5,7},{5,8,9,1,4,0,0,0,0},{0,0,0,0,0,0,0,0,0}}
]
13:21:17.642 INFO  [main] SudokuBoard - Warto?? 0 wstawiona nieprawid?owo
13:21:17.642 INFO  [main] SudokuBoard - B?ad w kwadracie 0
sudoku.model.SudokuBoard@473c491[
  size=9
  solver=sudoku.model.BacktrackingSudokuSolver@3ede428e
  board={{3,6,8,9,2,1,7,4,5},{7,9,4,3,5,6,8,2,1},{1,2,5,4,7,8,9,3,6},{9,7,2,8,1,3,5,6,4},{4,3,1,5,6,7,2,8,9},{8,5,6,2,9,4,1,7,3},{2,1,3,6,8,9,4,5,7},{5,8,9,1,0,0,0,0,0},{0,0,0,0,0,0,0,0,0}}
]
13:21:17.642 INFO  [main] SudokuBoard - Warto?? 0 wstawiona nieprawid?owo
13:21:17.643 INFO  [main] SudokuBoard - B?ad w kwadracie 0
sudoku.model.SudokuBoard@473c491[
  size=9
  solver=sudoku.model.BacktrackingSudokuSolver@3ede428e
  board={{3,6,8,9,2,1,7,4,5},{7,9,4,3,5,6,8,2,1},{1,2,5,4,7,8,9,3,6},{9,7,2,8,1,3,5,6,4},{4,3,1,5,6,7,2,8,9},{8,5,6,2,9,4,1,7,3},{2,1,3,6,8,9,4,5,7},{5,8,9,0,0,0,0,0,0},{0,0,0,0,0,0,0,0,0}}
]
13:21:17.643 INFO  [main] SudokuBoard - Warto?? 0 wstawiona nieprawid?owo
13:21:17.643 INFO  [main] SudokuBoard - B?ad w kwadracie 0
sudoku.model.SudokuBoard@473c491[
  size=9
  solver=sudoku.model.BacktrackingSudokuSolver@3ede428e
  board={{3,6,8,9,2,1,7,4,5},{7,9,4,3,5,6,8,2,1},{1,2,5,4,7,8,9,3,6},{9,7,2,8,1,3,5,6,4},{4,3,1,5,6,7,2,8,9},{8,5,6,2,9,4,1,7,3},{2,1,3,6,8,9,4,5,7},{5,8,0,0,0,0,0,0,0},{0,0,0,0,0,0,0,0,0}}
]
13:21:17.643 INFO  [main] SudokuBoard - Warto?? 0 wstawiona nieprawid?owo
13:21:17.643 INFO  [main] SudokuBoard - B?ad w kwadracie 0
sudoku.model.SudokuBoard@473c491[
  size=9
  solver=sudoku.model.BacktrackingSudokuSolver@3ede428e
  board={{3,6,8,9,2,1,7,4,5},{7,9,4,3,5,6,8,2,1},{1,2,5,4,7,8,9,3,6},{9,7,2,8,1,3,5,6,4},{4,3,1,5,6,7,2,8,9},{8,5,6,2,9,4,1,7,3},{2,1,3,6,8,9,4,5,7},{5,8,7,1,3,2,6,0,0},{0,0,0,0,0,0,0,0,0}}
]
13:21:17.643 INFO  [main] SudokuBoard - Warto?? 0 wstawiona nieprawid?owo
13:21:17.644 INFO  [main] SudokuBoard - B?ad w kwadracie 0
sudoku.model.SudokuBoard@473c491[
  size=9
  solver=sudoku.model.BacktrackingSudokuSolver@3ede428e
  board={{3,6,8,9,2,1,7,4,5},{7,9,4,3,5,6,8,2,1},{1,2,5,4,7,8,9,3,6},{9,7,2,8,1,3,5,6,4},{4,3,1,5,6,7,2,8,9},{8,5,6,2,9,4,1,7,3},{2,1,3,6,8,9,4,5,7},{5,8,7,1,3,2,0,0,0},{0,0,0,0,0,0,0,0,0}}
]
13:21:17.644 INFO  [main] SudokuBoard - Warto?? 0 wstawiona nieprawid?owo
13:21:17.644 INFO  [main] SudokuBoard - B?ad w kwadracie 0
sudoku.model.SudokuBoard@473c491[
  size=9
  solver=sudoku.model.BacktrackingSudokuSolver@3ede428e
  board={{3,6,8,9,2,1,7,4,5},{7,9,4,3,5,6,8,2,1},{1,2,5,4,7,8,9,3,6},{9,7,2,8,1,3,5,6,4},{4,3,1,5,6,7,2,8,9},{8,5,6,2,9,4,1,7,3},{2,1,3,6,8,9,4,5,7},{5,8,7,1,3,0,0,0,0},{0,0,0,0,0,0,0,0,0}}
]
13:21:17.644 INFO  [main] SudokuBoard - Warto?? 0 wstawiona nieprawid?owo
13:21:17.644 INFO  [main] SudokuBoard - B?ad w kwadracie 0
sudoku.model.SudokuBoard@473c491[
  size=9
  solver=sudoku.model.BacktrackingSudokuSolver@3ede428e
  board={{3,6,8,9,2,1,7,4,5},{7,9,4,3,5,6,8,2,1},{1,2,5,4,7,8,9,3,6},{9,7,2,8,1,3,5,6,4},{4,3,1,5,6,7,2,8,9},{8,5,6,2,9,4,1,7,3},{2,1,3,6,8,9,4,5,7},{5,8,7,1,0,0,0,0,0},{0,0,0,0,0,0,0,0,0}}
]
13:21:17.644 INFO  [main] SudokuBoard - Warto?? 0 wstawiona nieprawid?owo
13:21:17.645 INFO  [main] SudokuBoard - B?ad w kwadracie 0
sudoku.model.SudokuBoard@473c491[
  size=9
  solver=sudoku.model.BacktrackingSudokuSolver@3ede428e
  board={{3,6,8,9,2,1,7,4,5},{7,9,4,3,5,6,8,2,1},{1,2,5,4,7,8,9,3,6},{9,7,2,8,1,3,5,6,4},{4,3,1,5,6,7,2,8,9},{8,5,6,2,9,4,1,7,3},{2,1,3,6,8,9,4,5,7},{5,8,7,1,4,2,6,0,0},{0,0,0,0,0,0,0,0,0}}
]
13:21:17.645 INFO  [main] SudokuBoard - Warto?? 0 wstawiona nieprawid?owo
13:21:17.645 INFO  [main] SudokuBoard - B?ad w kwadracie 0
sudoku.model.SudokuBoard@473c491[
  size=9
  solver=sudoku.model.BacktrackingSudokuSolver@3ede428e
  board={{3,6,8,9,2,1,7,4,5},{7,9,4,3,5,6,8,2,1},{1,2,5,4,7,8,9,3,6},{9,7,2,8,1,3,5,6,4},{4,3,1,5,6,7,2,8,9},{8,5,6,2,9,4,1,7,3},{2,1,3,6,8,9,4,5,7},{5,8,7,1,4,2,0,0,0},{0,0,0,0,0,0,0,0,0}}
]
13:21:17.645 INFO  [main] SudokuBoard - Warto?? 0 wstawiona nieprawid?owo
13:21:17.645 INFO  [main] SudokuBoard - B?ad w kwadracie 0
sudoku.model.SudokuBoard@473c491[
  size=9
  solver=sudoku.model.BacktrackingSudokuSolver@3ede428e
  board={{3,6,8,9,2,1,7,4,5},{7,9,4,3,5,6,8,2,1},{1,2,5,4,7,8,9,3,6},{9,7,2,8,1,3,5,6,4},{4,3,1,5,6,7,2,8,9},{8,5,6,2,9,4,1,7,3},{2,1,3,6,8,9,4,5,7},{5,8,7,1,4,2,3,0,0},{0,0,0,0,0,0,0,0,0}}
]
13:21:17.646 INFO  [main] SudokuBoard - Warto?? 0 wstawiona nieprawid?owo
13:21:17.646 INFO  [main] SudokuBoard - B?ad w kwadracie 0
sudoku.model.SudokuBoard@473c491[
  size=9
  solver=sudoku.model.BacktrackingSudokuSolver@3ede428e
  board={{3,6,8,9,2,1,7,4,5},{7,9,4,3,5,6,8,2,1},{1,2,5,4,7,8,9,3,6},{9,7,2,8,1,3,5,6,4},{4,3,1,5,6,7,2,8,9},{8,5,6,2,9,4,1,7,3},{2,1,3,6,8,9,4,5,7},{5,8,7,1,4,2,0,0,0},{0,0,0,0,0,0,0,0,0}}
]
13:21:17.646 INFO  [main] SudokuBoard - Warto?? 0 wstawiona nieprawid?owo
13:21:17.646 INFO  [main] SudokuBoard - B?ad w kwadracie 0
sudoku.model.SudokuBoard@473c491[
  size=9
  solver=sudoku.model.BacktrackingSudokuSolver@3ede428e
  board={{3,6,8,9,2,1,7,4,5},{7,9,4,3,5,6,8,2,1},{1,2,5,4,7,8,9,3,6},{9,7,2,8,1,3,5,6,4},{4,3,1,5,6,7,2,8,9},{8,5,6,2,9,4,1,7,3},{2,1,3,6,8,9,4,5,7},{5,8,7,1,4,0,0,0,0},{0,0,0,0,0,0,0,0,0}}
]
13:21:17.646 INFO  [main] SudokuBoard - Warto?? 0 wstawiona nieprawid?owo
13:21:17.646 INFO  [main] SudokuBoard - B?ad w kwadracie 0
sudoku.model.SudokuBoard@473c491[
  size=9
  solver=sudoku.model.BacktrackingSudokuSolver@3ede428e
  board={{3,6,8,9,2,1,7,4,5},{7,9,4,3,5,6,8,2,1},{1,2,5,4,7,8,9,3,6},{9,7,2,8,1,3,5,6,4},{4,3,1,5,6,7,2,8,9},{8,5,6,2,9,4,1,7,3},{2,1,3,6,8,9,4,5,7},{5,8,7,1,0,0,0,0,0},{0,0,0,0,0,0,0,0,0}}
]
13:21:17.646 INFO  [main] SudokuBoard - Warto?? 0 wstawiona nieprawid?owo
13:21:17.647 INFO  [main] SudokuBoard - B?ad w kwadracie 0
sudoku.model.SudokuBoard@473c491[
  size=9
  solver=sudoku.model.BacktrackingSudokuSolver@3ede428e
  board={{3,6,8,9,2,1,7,4,5},{7,9,4,3,5,6,8,2,1},{1,2,5,4,7,8,9,3,6},{9,7,2,8,1,3,5,6,4},{4,3,1,5,6,7,2,8,9},{8,5,6,2,9,4,1,7,3},{2,1,3,6,8,9,4,5,7},{5,8,7,0,0,0,0,0,0},{0,0,0,0,0,0,0,0,0}}
]
13:21:17.647 INFO  [main] SudokuBoard - Warto?? 0 wstawiona nieprawid?owo
13:21:17.647 INFO  [main] SudokuBoard - B?ad w kwadracie 0
sudoku.model.SudokuBoard@473c491[
  size=9
  solver=sudoku.model.BacktrackingSudokuSolver@3ede428e
  board={{3,6,8,9,2,1,7,4,5},{7,9,4,3,5,6,8,2,1},{1,2,5,4,7,8,9,3,6},{9,7,2,8,1,3,5,6,4},{4,3,1,5,6,7,2,8,9},{8,5,6,2,9,4,1,7,3},{2,1,3,6,8,9,4,5,7},{5,8,0,0,0,0,0,0,0},{0,0,0,0,0,0,0,0,0}}
]
13:21:17.647 INFO  [main] SudokuBoard - Warto?? 0 wstawiona nieprawid?owo
13:21:17.647 INFO  [main] SudokuBoard - B?ad w kwadracie 0
sudoku.model.SudokuBoard@473c491[
  size=9
  solver=sudoku.model.BacktrackingSudokuSolver@3ede428e
  board={{3,6,8,9,2,1,7,4,5},{7,9,4,3,5,6,8,2,1},{1,2,5,4,7,8,9,3,6},{9,7,2,8,1,3,5,6,4},{4,3,1,5,6,7,2,8,9},{8,5,6,2,9,4,1,7,3},{2,1,3,6,8,9,4,5,7},{5,0,0,0,0,0,0,0,0},{0,0,0,0,0,0,0,0,0}}
]
13:21:17.647 INFO  [main] SudokuBoard - Warto?? 0 wstawiona nieprawid?owo
Nie wykryto bledu]]></system-out>
  </testcase>
  <testcase name="checkBoardTestBoxFalse" classname="sudoku.model.SudokuBoardTest" time="0.013">
    <system-out><![CDATA[13:21:17.658 INFO  [main] SudokuBoard - B?ad w kwadracie 0
sudoku.model.SudokuBoard@671c71e8[
  size=9
  solver=sudoku.model.BacktrackingSudokuSolver@7d5176d6
  board={{6,3,8,7,9,4,1,2,5},{2,9,4,1,3,5,6,7,8},{1,5,7,6,8,2,9,3,4},{3,1,5,2,6,7,8,0,0},{0,0,0,0,0,0,0,0,0},{0,0,0,0,0,0,0,0,0},{0,0,0,0,0,0,0,0,0},{0,0,0,0,0,0,0,0,0},{0,0,0,0,0,0,0,0,0}}
]
13:21:17.659 INFO  [main] SudokuBoard - Warto?? 0 wstawiona nieprawid?owo
13:21:17.659 INFO  [main] SudokuBoard - B?ad w kwadracie 0
sudoku.model.SudokuBoard@671c71e8[
  size=9
  solver=sudoku.model.BacktrackingSudokuSolver@7d5176d6
  board={{6,3,8,7,9,4,1,2,5},{2,9,4,1,3,5,6,7,8},{1,5,7,6,8,2,9,3,4},{3,1,5,2,6,7,8,4,9},{7,8,6,4,1,9,2,5,3},{9,0,0,0,0,0,0,0,0},{0,0,0,0,0,0,0,0,0},{0,0,0,0,0,0,0,0,0},{0,0,0,0,0,0,0,0,0}}
]
13:21:17.659 INFO  [main] SudokuBoard - Warto?? 0 wstawiona nieprawid?owo
13:21:17.660 INFO  [main] SudokuBoard - B?ad w kwadracie 0
sudoku.model.SudokuBoard@671c71e8[
  size=9
  solver=sudoku.model.BacktrackingSudokuSolver@7d5176d6
  board={{6,3,8,7,9,4,1,2,5},{2,9,4,1,3,5,6,7,8},{1,5,7,6,8,2,9,3,4},{3,1,5,2,6,7,8,4,9},{7,8,6,4,1,9,2,5,3},{9,4,2,8,5,3,7,6,1},{4,2,9,3,7,1,5,8,6},{5,6,1,9,2,8,0,0,0},{0,0,0,0,0,0,0,0,0}}
]
13:21:17.660 INFO  [main] SudokuBoard - Warto?? 0 wstawiona nieprawid?owo
13:21:17.660 INFO  [main] SudokuBoard - B?ad w kwadracie 0
sudoku.model.SudokuBoard@671c71e8[
  size=9
  solver=sudoku.model.BacktrackingSudokuSolver@7d5176d6
  board={{6,3,8,7,9,4,1,2,5},{2,9,4,1,3,5,6,7,8},{1,5,7,6,8,2,9,3,4},{3,1,5,2,6,7,8,4,9},{7,8,6,4,1,9,2,5,3},{9,4,2,8,5,3,7,6,1},{4,2,9,3,7,1,5,8,6},{5,6,1,9,2,8,0,0,0},{0,0,0,0,0,0,0,0,0}}
]
13:21:17.660 INFO  [main] SudokuBoard - Warto?? 0 wstawiona nieprawid?owo
13:21:17.661 INFO  [main] SudokuBoard - B?ad w kwadracie 0
sudoku.model.SudokuBoard@671c71e8[
  size=9
  solver=sudoku.model.BacktrackingSudokuSolver@7d5176d6
  board={{6,3,8,7,9,4,1,2,5},{2,9,4,1,3,5,6,7,8},{1,5,7,6,8,2,9,3,4},{3,1,5,2,6,7,8,4,9},{7,8,6,4,1,9,2,5,3},{9,4,2,8,5,3,7,6,1},{4,2,9,3,7,1,5,8,6},{5,6,1,9,2,0,0,0,0},{0,0,0,0,0,0,0,0,0}}
]
13:21:17.661 INFO  [main] SudokuBoard - Warto?? 0 wstawiona nieprawid?owo
13:21:17.661 INFO  [main] SudokuBoard - B?ad w kwadracie 0
sudoku.model.SudokuBoard@671c71e8[
  size=9
  solver=sudoku.model.BacktrackingSudokuSolver@7d5176d6
  board={{6,3,8,7,9,4,1,2,5},{2,9,4,1,3,5,6,7,8},{1,5,7,6,8,2,9,3,4},{3,1,5,2,6,7,8,4,9},{7,8,6,4,1,9,2,5,3},{9,4,2,8,5,3,7,6,1},{4,2,9,3,7,1,5,8,6},{5,6,1,9,0,0,0,0,0},{0,0,0,0,0,0,0,0,0}}
]
13:21:17.661 INFO  [main] SudokuBoard - Warto?? 0 wstawiona nieprawid?owo
13:21:17.661 INFO  [main] SudokuBoard - B?ad w kwadracie 0
sudoku.model.SudokuBoard@671c71e8[
  size=9
  solver=sudoku.model.BacktrackingSudokuSolver@7d5176d6
  board={{6,3,8,7,9,4,1,2,5},{2,9,4,1,3,5,6,7,8},{1,5,7,6,8,2,9,3,4},{3,1,5,2,6,7,8,4,9},{7,8,6,4,1,9,2,5,3},{9,4,2,8,5,3,7,6,1},{4,2,9,3,7,1,5,8,6},{5,6,1,9,4,8,0,0,0},{0,0,0,0,0,0,0,0,0}}
]
13:21:17.661 INFO  [main] SudokuBoard - Warto?? 0 wstawiona nieprawid?owo
13:21:17.662 INFO  [main] SudokuBoard - B?ad w kwadracie 0
sudoku.model.SudokuBoard@671c71e8[
  size=9
  solver=sudoku.model.BacktrackingSudokuSolver@7d5176d6
  board={{6,3,8,7,9,4,1,2,5},{2,9,4,1,3,5,6,7,8},{1,5,7,6,8,2,9,3,4},{3,1,5,2,6,7,8,4,9},{7,8,6,4,1,9,2,5,3},{9,4,2,8,5,3,7,6,1},{4,2,9,3,7,1,5,8,6},{5,6,1,9,4,0,0,0,0},{0,0,0,0,0,0,0,0,0}}
]
13:21:17.662 INFO  [main] SudokuBoard - Warto?? 0 wstawiona nieprawid?owo
13:21:17.662 INFO  [main] SudokuBoard - B?ad w kwadracie 0
sudoku.model.SudokuBoard@671c71e8[
  size=9
  solver=sudoku.model.BacktrackingSudokuSolver@7d5176d6
  board={{6,3,8,7,9,4,1,2,5},{2,9,4,1,3,5,6,7,8},{1,5,7,6,8,2,9,3,4},{3,1,5,2,6,7,8,4,9},{7,8,6,4,1,9,2,5,3},{9,4,2,8,5,3,7,6,1},{4,2,9,3,7,1,5,8,6},{5,6,1,9,0,0,0,0,0},{0,0,0,0,0,0,0,0,0}}
]
13:21:17.662 INFO  [main] SudokuBoard - Warto?? 0 wstawiona nieprawid?owo
13:21:17.663 INFO  [main] SudokuBoard - B?ad w kwadracie 0
sudoku.model.SudokuBoard@671c71e8[
  size=9
  solver=sudoku.model.BacktrackingSudokuSolver@7d5176d6
  board={{6,3,8,7,9,4,1,2,5},{2,9,4,1,3,5,6,7,8},{1,5,7,6,8,2,9,3,4},{3,1,5,2,6,7,8,4,9},{7,8,6,4,1,9,2,5,3},{9,4,2,8,5,3,7,6,1},{4,2,9,3,7,1,5,8,6},{5,6,1,0,0,0,0,0,0},{0,0,0,0,0,0,0,0,0}}
]
13:21:17.663 INFO  [main] SudokuBoard - Warto?? 0 wstawiona nieprawid?owo
13:21:17.663 INFO  [main] SudokuBoard - B?ad w kwadracie 0
sudoku.model.SudokuBoard@671c71e8[
  size=9
  solver=sudoku.model.BacktrackingSudokuSolver@7d5176d6
  board={{6,3,8,7,9,4,1,2,5},{2,9,4,1,3,5,6,7,8},{1,5,7,6,8,2,9,3,4},{3,1,5,2,6,7,8,4,9},{7,8,6,4,1,9,2,5,3},{9,4,2,8,5,3,7,6,1},{4,2,9,3,7,1,5,8,6},{5,6,0,0,0,0,0,0,0},{0,0,0,0,0,0,0,0,0}}
]
13:21:17.663 INFO  [main] SudokuBoard - Warto?? 0 wstawiona nieprawid?owo
13:21:17.663 INFO  [main] SudokuBoard - B?ad w kwadracie 0
sudoku.model.SudokuBoard@671c71e8[
  size=9
  solver=sudoku.model.BacktrackingSudokuSolver@7d5176d6
  board={{6,3,8,7,9,4,1,2,5},{2,6,4,1,3,5,6,7,8},{1,5,7,6,8,2,9,3,4},{3,1,5,2,6,7,8,4,9},{7,8,6,4,1,9,2,5,3},{9,4,2,8,5,3,7,6,1},{4,2,9,3,7,1,5,8,6},{5,6,3,9,2,8,4,1,7},{8,7,1,5,4,6,3,9,2}}
]
13:21:17.663 INFO  [main] SudokuBoard - Warto?? 6 wstawiona nieprawid?owo
13:21:17.663 INFO  [main] SudokuBoard - B?ad w kwadracie 0
sudoku.model.SudokuBoard@31d791c0[
  size=9
  solver=sudoku.model.BacktrackingSudokuSolver@7d5176d6
  board={{6,3,8,7,9,4,1,2,5},{2,6,4,1,3,5,6,7,8},{1,5,7,6,8,2,9,3,4},{3,1,5,2,6,7,8,4,9},{7,8,6,4,1,9,2,5,3},{9,4,2,8,5,3,7,6,1},{4,2,9,3,7,1,5,8,6},{5,6,3,9,2,8,4,1,7},{8,7,1,5,4,6,3,9,2}}
]
]]></system-out>
  </testcase>
  <testcase name="checkCellBox1" classname="sudoku.model.SudokuBoardTest" time="0.013">
    <system-out><![CDATA[13:21:17.669 INFO  [main] SudokuBoard - B?ad w kwadracie 0
sudoku.model.SudokuBoard@623c9988[
  size=9
  solver=sudoku.model.BacktrackingSudokuSolver@66ab3716
  board={{4,1,9,8,2,3,5,6,7},{2,5,3,6,9,7,8,1,4},{6,7,8,1,4,5,3,9,2},{3,8,7,4,5,2,0,0,0},{0,0,0,0,0,0,0,0,0},{0,0,0,0,0,0,0,0,0},{0,0,0,0,0,0,0,0,0},{0,0,0,0,0,0,0,0,0},{0,0,0,0,0,0,0,0,0}}
]
13:21:17.669 INFO  [main] SudokuBoard - Warto?? 0 wstawiona nieprawid?owo
13:21:17.670 INFO  [main] SudokuBoard - B?ad w kwadracie 0
sudoku.model.SudokuBoard@623c9988[
  size=9
  solver=sudoku.model.BacktrackingSudokuSolver@66ab3716
  board={{4,1,9,8,2,3,5,6,7},{2,5,3,6,9,7,8,1,4},{6,7,8,1,4,5,3,9,2},{3,8,7,4,5,2,0,0,0},{0,0,0,0,0,0,0,0,0},{0,0,0,0,0,0,0,0,0},{0,0,0,0,0,0,0,0,0},{0,0,0,0,0,0,0,0,0},{0,0,0,0,0,0,0,0,0}}
]
13:21:17.670 INFO  [main] SudokuBoard - Warto?? 0 wstawiona nieprawid?owo
13:21:17.670 INFO  [main] SudokuBoard - B?ad w kwadracie 0
sudoku.model.SudokuBoard@623c9988[
  size=9
  solver=sudoku.model.BacktrackingSudokuSolver@66ab3716
  board={{4,1,9,8,2,3,5,6,7},{2,5,3,6,9,7,8,1,4},{6,7,8,1,4,5,3,9,2},{3,8,7,4,5,2,0,0,0},{0,0,0,0,0,0,0,0,0},{0,0,0,0,0,0,0,0,0},{0,0,0,0,0,0,0,0,0},{0,0,0,0,0,0,0,0,0},{0,0,0,0,0,0,0,0,0}}
]
13:21:17.670 INFO  [main] SudokuBoard - Warto?? 0 wstawiona nieprawid?owo
13:21:17.670 INFO  [main] SudokuBoard - B?ad w kwadracie 0
sudoku.model.SudokuBoard@623c9988[
  size=9
  solver=sudoku.model.BacktrackingSudokuSolver@66ab3716
  board={{4,1,9,8,2,3,5,6,7},{2,5,3,6,9,7,8,1,4},{6,7,8,1,4,5,3,9,2},{3,8,7,4,5,0,0,0,0},{0,0,0,0,0,0,0,0,0},{0,0,0,0,0,0,0,0,0},{0,0,0,0,0,0,0,0,0},{0,0,0,0,0,0,0,0,0},{0,0,0,0,0,0,0,0,0}}
]
13:21:17.670 INFO  [main] SudokuBoard - Warto?? 0 wstawiona nieprawid?owo
13:21:17.671 INFO  [main] SudokuBoard - B?ad w kwadracie 0
sudoku.model.SudokuBoard@623c9988[
  size=9
  solver=sudoku.model.BacktrackingSudokuSolver@66ab3716
  board={{4,1,9,8,2,3,5,6,7},{2,5,3,6,9,7,8,1,4},{6,7,8,1,4,5,3,9,2},{3,8,7,4,5,6,9,2,1},{9,4,5,7,8,1,6,0,0},{0,0,0,0,0,0,0,0,0},{0,0,0,0,0,0,0,0,0},{0,0,0,0,0,0,0,0,0},{0,0,0,0,0,0,0,0,0}}
]
13:21:17.671 INFO  [main] SudokuBoard - Warto?? 0 wstawiona nieprawid?owo
13:21:17.671 INFO  [main] SudokuBoard - B?ad w kwadracie 0
sudoku.model.SudokuBoard@623c9988[
  size=9
  solver=sudoku.model.BacktrackingSudokuSolver@66ab3716
  board={{4,1,9,8,2,3,5,6,7},{2,5,3,6,9,7,8,1,4},{6,7,8,1,4,5,3,9,2},{3,8,7,4,5,6,9,2,1},{9,4,5,7,8,1,0,0,0},{0,0,0,0,0,0,0,0,0},{0,0,0,0,0,0,0,0,0},{0,0,0,0,0,0,0,0,0},{0,0,0,0,0,0,0,0,0}}
]
13:21:17.671 INFO  [main] SudokuBoard - Warto?? 0 wstawiona nieprawid?owo
13:21:17.671 INFO  [main] SudokuBoard - B?ad w kwadracie 0
sudoku.model.SudokuBoard@623c9988[
  size=9
  solver=sudoku.model.BacktrackingSudokuSolver@66ab3716
  board={{4,1,9,8,2,3,5,6,7},{2,5,3,6,9,7,8,1,4},{6,7,8,1,4,5,3,9,2},{3,8,7,4,5,6,9,2,1},{9,4,5,7,8,0,0,0,0},{0,0,0,0,0,0,0,0,0},{0,0,0,0,0,0,0,0,0},{0,0,0,0,0,0,0,0,0},{0,0,0,0,0,0,0,0,0}}
]
13:21:17.671 INFO  [main] SudokuBoard - Warto?? 0 wstawiona nieprawid?owo
13:21:17.671 INFO  [main] SudokuBoard - B?ad w kwadracie 0
sudoku.model.SudokuBoard@623c9988[
  size=9
  solver=sudoku.model.BacktrackingSudokuSolver@66ab3716
  board={{4,1,9,8,2,3,5,6,7},{2,5,3,6,9,7,8,1,4},{6,7,8,1,4,5,3,9,2},{3,8,7,4,5,6,9,2,1},{9,4,5,7,8,2,6,0,0},{0,0,0,0,0,0,0,0,0},{0,0,0,0,0,0,0,0,0},{0,0,0,0,0,0,0,0,0},{0,0,0,0,0,0,0,0,0}}
]
13:21:17.672 INFO  [main] SudokuBoard - Warto?? 0 wstawiona nieprawid?owo
13:21:17.672 INFO  [main] SudokuBoard - B?ad w kwadracie 0
sudoku.model.SudokuBoard@623c9988[
  size=9
  solver=sudoku.model.BacktrackingSudokuSolver@66ab3716
  board={{4,1,9,8,2,3,5,6,7},{2,5,3,6,9,7,8,1,4},{6,7,8,1,4,5,3,9,2},{3,8,7,4,5,6,9,2,1},{9,4,5,7,8,2,0,0,0},{0,0,0,0,0,0,0,0,0},{0,0,0,0,0,0,0,0,0},{0,0,0,0,0,0,0,0,0},{0,0,0,0,0,0,0,0,0}}
]
13:21:17.672 INFO  [main] SudokuBoard - Warto?? 0 wstawiona nieprawid?owo
13:21:17.672 INFO  [main] SudokuBoard - B?ad w kwadracie 0
sudoku.model.SudokuBoard@623c9988[
  size=9
  solver=sudoku.model.BacktrackingSudokuSolver@66ab3716
  board={{4,1,9,8,2,3,5,6,7},{2,5,3,6,9,7,8,1,4},{6,7,8,1,4,5,3,9,2},{3,8,7,4,5,6,9,2,1},{9,4,5,7,8,0,0,0,0},{0,0,0,0,0,0,0,0,0},{0,0,0,0,0,0,0,0,0},{0,0,0,0,0,0,0,0,0},{0,0,0,0,0,0,0,0,0}}
]
13:21:17.672 INFO  [main] SudokuBoard - Warto?? 0 wstawiona nieprawid?owo
13:21:17.673 INFO  [main] SudokuBoard - B?ad w kwadracie 0
sudoku.model.SudokuBoard@623c9988[
  size=9
  solver=sudoku.model.BacktrackingSudokuSolver@66ab3716
  board={{4,1,9,8,2,3,5,6,7},{2,5,3,6,9,7,8,1,4},{6,7,8,1,4,5,3,9,2},{3,8,7,4,5,6,9,2,1},{9,4,5,7,0,0,0,0,0},{0,0,0,0,0,0,0,0,0},{0,0,0,0,0,0,0,0,0},{0,0,0,0,0,0,0,0,0},{0,0,0,0,0,0,0,0,0}}
]
13:21:17.673 INFO  [main] SudokuBoard - Warto?? 0 wstawiona nieprawid?owo
13:21:17.673 INFO  [main] SudokuBoard - B?ad w kwadracie 0
sudoku.model.SudokuBoard@623c9988[
  size=9
  solver=sudoku.model.BacktrackingSudokuSolver@66ab3716
  board={{4,1,9,8,2,3,5,6,7},{2,5,3,6,9,7,8,1,4},{6,7,8,1,4,5,3,9,2},{3,8,7,4,5,6,9,2,1},{9,4,5,7,1,8,6,0,0},{0,0,0,0,0,0,0,0,0},{0,0,0,0,0,0,0,0,0},{0,0,0,0,0,0,0,0,0},{0,0,0,0,0,0,0,0,0}}
]
13:21:17.673 INFO  [main] SudokuBoard - Warto?? 0 wstawiona nieprawid?owo
13:21:17.673 INFO  [main] SudokuBoard - B?ad w kwadracie 0
sudoku.model.SudokuBoard@623c9988[
  size=9
  solver=sudoku.model.BacktrackingSudokuSolver@66ab3716
  board={{4,1,9,8,2,3,5,6,7},{2,5,3,6,9,7,8,1,4},{6,7,8,1,4,5,3,9,2},{3,8,7,4,5,6,9,2,1},{9,4,5,7,1,8,0,0,0},{0,0,0,0,0,0,0,0,0},{0,0,0,0,0,0,0,0,0},{0,0,0,0,0,0,0,0,0},{0,0,0,0,0,0,0,0,0}}
]
13:21:17.673 INFO  [main] SudokuBoard - Warto?? 0 wstawiona nieprawid?owo
13:21:17.674 INFO  [main] SudokuBoard - B?ad w kwadracie 0
sudoku.model.SudokuBoard@623c9988[
  size=9
  solver=sudoku.model.BacktrackingSudokuSolver@66ab3716
  board={{4,1,9,8,2,3,5,6,7},{2,5,3,6,9,7,8,1,4},{6,7,8,1,4,5,3,9,2},{3,8,7,4,5,6,9,2,1},{9,4,5,7,1,0,0,0,0},{0,0,0,0,0,0,0,0,0},{0,0,0,0,0,0,0,0,0},{0,0,0,0,0,0,0,0,0},{0,0,0,0,0,0,0,0,0}}
]
13:21:17.674 INFO  [main] SudokuBoard - Warto?? 0 wstawiona nieprawid?owo
13:21:17.674 INFO  [main] SudokuBoard - B?ad w kwadracie 0
sudoku.model.SudokuBoard@623c9988[
  size=9
  solver=sudoku.model.BacktrackingSudokuSolver@66ab3716
  board={{4,1,9,8,2,3,5,6,7},{2,5,3,6,9,7,8,1,4},{6,7,8,1,4,5,3,9,2},{3,8,7,4,5,6,9,2,1},{9,4,5,7,1,2,6,3,8},{1,2,6,9,0,0,0,0,0},{0,0,0,0,0,0,0,0,0},{0,0,0,0,0,0,0,0,0},{0,0,0,0,0,0,0,0,0}}
]
13:21:17.674 INFO  [main] SudokuBoard - Warto?? 0 wstawiona nieprawid?owo
13:21:17.674 INFO  [main] SudokuBoard - B?ad w kwadracie 0
sudoku.model.SudokuBoard@623c9988[
  size=9
  solver=sudoku.model.BacktrackingSudokuSolver@66ab3716
  board={{4,1,9,8,2,3,5,6,7},{2,5,3,6,9,7,8,1,4},{6,7,8,1,4,5,3,9,2},{3,8,7,4,5,6,9,2,1},{9,4,5,7,1,2,6,3,8},{1,2,6,9,3,8,4,0,0},{0,0,0,0,0,0,0,0,0},{0,0,0,0,0,0,0,0,0},{0,0,0,0,0,0,0,0,0}}
]
13:21:17.674 INFO  [main] SudokuBoard - Warto?? 0 wstawiona nieprawid?owo
13:21:17.675 INFO  [main] SudokuBoard - B?ad w kwadracie 0
sudoku.model.SudokuBoard@623c9988[
  size=9
  solver=sudoku.model.BacktrackingSudokuSolver@66ab3716
  board={{4,1,9,8,2,3,5,6,7},{2,5,3,6,9,7,8,1,4},{6,7,8,1,4,5,3,9,2},{3,8,7,4,5,6,9,2,1},{9,4,5,7,1,2,6,3,8},{1,2,6,9,3,8,4,7,5},{5,3,4,2,6,9,1,0,0},{0,0,0,0,0,0,0,0,0},{0,0,0,0,0,0,0,0,0}}
]
13:21:17.675 INFO  [main] SudokuBoard - Warto?? 0 wstawiona nieprawid?owo
13:21:17.675 INFO  [main] SudokuBoard - B?ad w kwadracie 0
sudoku.model.SudokuBoard@623c9988[
  size=9
  solver=sudoku.model.BacktrackingSudokuSolver@66ab3716
  board={{4,1,9,8,2,3,5,6,7},{2,5,3,6,9,7,8,1,4},{6,7,8,1,4,5,3,9,2},{3,8,7,4,5,6,9,2,1},{9,4,5,7,1,2,6,3,8},{1,2,6,9,3,8,4,7,5},{5,3,4,2,6,9,0,0,0},{0,0,0,0,0,0,0,0,0},{0,0,0,0,0,0,0,0,0}}
]
13:21:17.675 INFO  [main] SudokuBoard - Warto?? 0 wstawiona nieprawid?owo
13:21:17.676 INFO  [main] SudokuBoard - B?ad w kwadracie 0
sudoku.model.SudokuBoard@623c9988[
  size=9
  solver=sudoku.model.BacktrackingSudokuSolver@66ab3716
  board={{4,1,9,8,2,3,5,6,7},{2,5,3,6,9,7,8,1,4},{6,7,8,1,4,5,3,9,2},{3,8,7,4,5,6,9,2,1},{9,4,5,7,1,2,6,3,8},{1,2,6,9,3,8,4,7,5},{5,3,4,2,6,9,7,0,0},{0,0,0,0,0,0,0,0,0},{0,0,0,0,0,0,0,0,0}}
]
13:21:17.676 INFO  [main] SudokuBoard - Warto?? 0 wstawiona nieprawid?owo
13:21:17.676 INFO  [main] SudokuBoard - B?ad w kwadracie 0
sudoku.model.SudokuBoard@623c9988[
  size=9
  solver=sudoku.model.BacktrackingSudokuSolver@66ab3716
  board={{4,1,9,8,2,3,5,6,7},{2,5,3,6,9,7,8,1,4},{6,7,8,1,4,5,3,9,2},{3,8,7,4,5,6,9,2,1},{9,4,5,7,1,2,6,3,8},{1,2,6,9,3,8,4,7,5},{5,3,4,2,6,9,0,0,0},{0,0,0,0,0,0,0,0,0},{0,0,0,0,0,0,0,0,0}}
]
13:21:17.676 INFO  [main] SudokuBoard - Warto?? 0 wstawiona nieprawid?owo
13:21:17.676 INFO  [main] SudokuBoard - B?ad w kwadracie 0
sudoku.model.SudokuBoard@623c9988[
  size=9
  solver=sudoku.model.BacktrackingSudokuSolver@66ab3716
  board={{4,1,9,8,2,3,5,6,7},{2,5,3,6,9,7,8,1,4},{6,7,8,1,4,5,3,9,2},{3,8,7,4,5,6,9,2,1},{9,4,5,7,1,2,6,3,8},{1,2,6,9,3,8,4,7,5},{5,3,4,2,6,0,0,0,0},{0,0,0,0,0,0,0,0,0},{0,0,0,0,0,0,0,0,0}}
]
13:21:17.676 INFO  [main] SudokuBoard - Warto?? 0 wstawiona nieprawid?owo
13:21:17.677 INFO  [main] SudokuBoard - B?ad w kwadracie 0
sudoku.model.SudokuBoard@623c9988[
  size=9
  solver=sudoku.model.BacktrackingSudokuSolver@66ab3716
  board={{0,1,9,8,2,3,5,6,7},{2,5,3,6,9,7,8,1,4},{6,7,8,1,4,5,3,9,2},{3,8,7,4,5,6,9,2,1},{9,4,5,7,1,2,6,3,8},{1,2,6,9,3,8,4,7,5},{5,3,4,2,6,1,7,8,9},{7,6,1,5,8,9,2,4,3},{8,9,2,3,7,4,1,5,6}}
]
13:21:17.677 INFO  [main] SudokuBoard - Warto?? 0 wstawiona nieprawid?owo
]]></system-out>
  </testcase>
</testsuite>