<?xml version="1.0" encoding="UTF-8"?>
<testsuite xmlns:xsi="http://www.w3.org/2001/XMLSchema-instance" xsi:noNamespaceSchemaLocation="https://maven.apache.org/surefire/maven-surefire-plugin/xsd/surefire-test-report-3.0.xsd" version="3.0" name="sudoku.model.SeriesTest" time="0.322" tests="5" errors="0" skipped="0" failures="0">
  <properties>
    <property name="java.specification.version" value="14"/>
    <property name="sun.cpu.isalist" value="amd64"/>
    <property name="sun.jnu.encoding" value="Cp1250"/>
    <property name="java.class.path" value="E:\studia\Sem-3\Programowanie komponentowe (07 72 3060 19)_pliki\ProjektKompo\an_pn_1145_03\Model\target\test-classes;C:\Users\maldo\.m2\repository\org\junit\jupiter\junit-jupiter-engine\5.6.2\junit-jupiter-engine-5.6.2.jar;C:\Users\maldo\.m2\repository\org\apiguardian\apiguardian-api\1.1.0\apiguardian-api-1.1.0.jar;C:\Users\maldo\.m2\repository\org\junit\platform\junit-platform-engine\1.6.2\junit-platform-engine-1.6.2.jar;C:\Users\maldo\.m2\repository\org\opentest4j\opentest4j\1.2.0\opentest4j-1.2.0.jar;C:\Users\maldo\.m2\repository\org\junit\platform\junit-platform-commons\1.6.2\junit-platform-commons-1.6.2.jar;C:\Users\maldo\.m2\repository\org\junit\jupiter\junit-jupiter-api\5.6.2\junit-jupiter-api-5.6.2.jar;C:\Users\maldo\.m2\repository\org\apache\logging\log4j\log4j-api\2.7\log4j-api-2.7.jar;C:\Users\maldo\.m2\repository\org\apache\logging\log4j\log4j-core\2.7\log4j-core-2.7.jar;C:\Users\maldo\.m2\repository\org\apache\logging\log4j\log4j-slf4j-impl\2.7\log4j-slf4j-impl-2.7.jar;C:\Users\maldo\.m2\repository\org\openjfx\javafx-controls\13\javafx-controls-13.jar;C:\Users\maldo\.m2\repository\org\openjfx\javafx-controls\13\javafx-controls-13-win.jar;C:\Users\maldo\.m2\repository\org\openjfx\javafx-graphics\13\javafx-graphics-13.jar;C:\Users\maldo\.m2\repository\org\openjfx\javafx-graphics\13\javafx-graphics-13-win.jar;C:\Users\maldo\.m2\repository\org\openjfx\javafx-base\13\javafx-base-13.jar;C:\Users\maldo\.m2\repository\org\openjfx\javafx-fxml\13\javafx-fxml-13.jar;C:\Users\maldo\.m2\repository\org\openjfx\javafx-fxml\13\javafx-fxml-13-win.jar;"/>
    <property name="java.vm.vendor" value="Oracle Corporation"/>
    <property name="sun.arch.data.model" value="64"/>
    <property name="user.variant" value=""/>
    <property name="java.vendor.url" value="https://java.oracle.com/"/>
    <property name="user.timezone" value="Europe/Warsaw"/>
    <property name="os.name" value="Windows 10"/>
    <property name="java.vm.specification.version" value="14"/>
    <property name="sun.java.launcher" value="SUN_STANDARD"/>
    <property name="user.country" value="PL"/>
    <property name="sun.boot.library.path" value="C:\Program Files\Java\jdk-14.0.2\bin"/>
    <property name="sun.java.command" value="org.apache.maven.surefire.booter.ForkedBooter C:\Users\maldo\AppData\Local\Temp\surefire3192260619021255246 2021-01-22T11-44-17_810-jvmRun1 surefire2419015856789288737tmp surefire_010788176191117048568tmp"/>
    <property name="jdk.debug" value="release"/>
    <property name="surefire.test.class.path" value="E:\studia\Sem-3\Programowanie komponentowe (07 72 3060 19)_pliki\ProjektKompo\an_pn_1145_03\Model\target\test-classes;C:\Users\maldo\.m2\repository\org\junit\jupiter\junit-jupiter-engine\5.6.2\junit-jupiter-engine-5.6.2.jar;C:\Users\maldo\.m2\repository\org\apiguardian\apiguardian-api\1.1.0\apiguardian-api-1.1.0.jar;C:\Users\maldo\.m2\repository\org\junit\platform\junit-platform-engine\1.6.2\junit-platform-engine-1.6.2.jar;C:\Users\maldo\.m2\repository\org\opentest4j\opentest4j\1.2.0\opentest4j-1.2.0.jar;C:\Users\maldo\.m2\repository\org\junit\platform\junit-platform-commons\1.6.2\junit-platform-commons-1.6.2.jar;C:\Users\maldo\.m2\repository\org\junit\jupiter\junit-jupiter-api\5.6.2\junit-jupiter-api-5.6.2.jar;C:\Users\maldo\.m2\repository\org\apache\logging\log4j\log4j-api\2.7\log4j-api-2.7.jar;C:\Users\maldo\.m2\repository\org\apache\logging\log4j\log4j-core\2.7\log4j-core-2.7.jar;C:\Users\maldo\.m2\repository\org\apache\logging\log4j\log4j-slf4j-impl\2.7\log4j-slf4j-impl-2.7.jar;C:\Users\maldo\.m2\repository\org\openjfx\javafx-controls\13\javafx-controls-13.jar;C:\Users\maldo\.m2\repository\org\openjfx\javafx-controls\13\javafx-controls-13-win.jar;C:\Users\maldo\.m2\repository\org\openjfx\javafx-graphics\13\javafx-graphics-13.jar;C:\Users\maldo\.m2\repository\org\openjfx\javafx-graphics\13\javafx-graphics-13-win.jar;C:\Users\maldo\.m2\repository\org\openjfx\javafx-base\13\javafx-base-13.jar;C:\Users\maldo\.m2\repository\org\openjfx\javafx-fxml\13\javafx-fxml-13.jar;C:\Users\maldo\.m2\repository\org\openjfx\javafx-fxml\13\javafx-fxml-13-win.jar;"/>
    <property name="sun.cpu.endian" value="little"/>
    <property name="user.home" value="C:\Users\maldo"/>
    <property name="user.language" value="pl"/>
    <property name="java.specification.vendor" value="Oracle Corporation"/>
    <property name="jdk.module.path" value="E:\studia\Sem-3\Programowanie komponentowe (07 72 3060 19)_pliki\ProjektKompo\an_pn_1145_03\Model\target\classes;C:\Users\maldo\.m2\repository\org\apache\commons\commons-lang3\3.11\commons-lang3-3.11.jar;C:\Users\maldo\.m2\repository\org\slf4j\slf4j-api\1.7.30\slf4j-api-1.7.30.jar;C:\Users\maldo\.m2\repository\org\openjfx\javafx-base\13\javafx-base-13-win.jar"/>
    <property name="java.version.date" value="2020-07-14"/>
    <property name="java.home" value="C:\Program Files\Java\jdk-14.0.2"/>
    <property name="file.separator" value="\"/>
    <property name="basedir" value="E:\studia\Sem-3\Programowanie komponentowe (07 72 3060 19)_pliki\ProjektKompo\an_pn_1145_03\Model"/>
    <property name="java.vm.compressedOopsMode" value="Zero based"/>
    <property name="line.separator" value="&#10;"/>
    <property name="java.vm.specification.vendor" value="Oracle Corporation"/>
    <property name="java.specification.name" value="Java Platform API Specification"/>
    <property name="surefire.real.class.path" value="C:\Users\maldo\.m2\repository\org\apache\maven\surefire\surefire-booter\3.0.0-M5\surefire-booter-3.0.0-M5.jar;C:\Users\maldo\.m2\repository\org\apache\maven\surefire\surefire-api\3.0.0-M5\surefire-api-3.0.0-M5.jar;C:\Users\maldo\.m2\repository\org\apache\maven\surefire\surefire-logger-api\3.0.0-M5\surefire-logger-api-3.0.0-M5.jar;C:\Users\maldo\.m2\repository\org\apache\maven\surefire\surefire-shared-utils\3.0.0-M4\surefire-shared-utils-3.0.0-M4.jar;C:\Users\maldo\.m2\repository\org\apache\maven\surefire\surefire-extensions-spi\3.0.0-M5\surefire-extensions-spi-3.0.0-M5.jar;E:\studia\Sem-3\Programowanie komponentowe (07 72 3060 19)_pliki\ProjektKompo\an_pn_1145_03\Model\target\test-classes;C:\Users\maldo\.m2\repository\org\junit\jupiter\junit-jupiter-engine\5.6.2\junit-jupiter-engine-5.6.2.jar;C:\Users\maldo\.m2\repository\org\apiguardian\apiguardian-api\1.1.0\apiguardian-api-1.1.0.jar;C:\Users\maldo\.m2\repository\org\junit\platform\junit-platform-engine\1.6.2\junit-platform-engine-1.6.2.jar;C:\Users\maldo\.m2\repository\org\opentest4j\opentest4j\1.2.0\opentest4j-1.2.0.jar;C:\Users\maldo\.m2\repository\org\junit\platform\junit-platform-commons\1.6.2\junit-platform-commons-1.6.2.jar;C:\Users\maldo\.m2\repository\org\junit\jupiter\junit-jupiter-api\5.6.2\junit-jupiter-api-5.6.2.jar;C:\Users\maldo\.m2\repository\org\apache\logging\log4j\log4j-api\2.7\log4j-api-2.7.jar;C:\Users\maldo\.m2\repository\org\apache\logging\log4j\log4j-core\2.7\log4j-core-2.7.jar;C:\Users\maldo\.m2\repository\org\apache\logging\log4j\log4j-slf4j-impl\2.7\log4j-slf4j-impl-2.7.jar;C:\Users\maldo\.m2\repository\org\openjfx\javafx-controls\13\javafx-controls-13.jar;C:\Users\maldo\.m2\repository\org\openjfx\javafx-controls\13\javafx-controls-13-win.jar;C:\Users\maldo\.m2\repository\org\openjfx\javafx-graphics\13\javafx-graphics-13.jar;C:\Users\maldo\.m2\repository\org\openjfx\javafx-graphics\13\javafx-graphics-13-win.jar;C:\Users\maldo\.m2\repository\org\openjfx\javafx-base\13\javafx-base-13.jar;C:\Users\maldo\.m2\repository\org\openjfx\javafx-fxml\13\javafx-fxml-13.jar;C:\Users\maldo\.m2\repository\org\openjfx\javafx-fxml\13\javafx-fxml-13-win.jar;C:\Users\maldo\.m2\repository\org\apache\maven\surefire\surefire-junit-platform\3.0.0-M5\surefire-junit-platform-3.0.0-M5.jar;C:\Users\maldo\.m2\repository\org\apache\maven\surefire\common-java5\3.0.0-M5\common-java5-3.0.0-M5.jar;C:\Users\maldo\.m2\repository\org\junit\platform\junit-platform-launcher\1.6.2\junit-platform-launcher-1.6.2.jar"/>
    <property name="user.script" value=""/>
    <property name="sun.management.compiler" value="HotSpot 64-Bit Tiered Compilers"/>
    <property name="java.runtime.version" value="14.0.2+12-46"/>
    <property name="user.name" value="maldo"/>
    <property name="path.separator" value=";"/>
    <property name="os.version" value="10.0"/>
    <property name="java.runtime.name" value="Java(TM) SE Runtime Environment"/>
    <property name="file.encoding" value="Cp1250"/>
    <property name="java.vm.name" value="Java HotSpot(TM) 64-Bit Server VM"/>
    <property name="localRepository" value="C:\Users\maldo\.m2\repository"/>
    <property name="java.vendor.url.bug" value="https://bugreport.java.com/bugreport/"/>
    <property name="java.io.tmpdir" value="C:\Users\maldo\AppData\Local\Temp\"/>
    <property name="idea.version" value="2020.2.3"/>
    <property name="java.version" value="14.0.2"/>
    <property name="user.dir" value="E:\studia\Sem-3\Programowanie komponentowe (07 72 3060 19)_pliki\ProjektKompo\an_pn_1145_03\Model"/>
    <property name="os.arch" value="amd64"/>
    <property name="java.vm.specification.name" value="Java Virtual Machine Specification"/>
    <property name="sun.os.patch.level" value=""/>
    <property name="java.library.path" value="C:\Program Files\Java\jdk-14.0.2\bin;C:\WINDOWS\Sun\Java\bin;C:\WINDOWS\system32;C:\WINDOWS;C:\Program Files (x86)\Razer Chroma SDK\bin;C:\Program Files\Razer Chroma SDK\bin;C:\Python\Scripts\;C:\Python\;C:\Program Files (x86)\Intel\iCLS Client\;C:\Program Files\Intel\iCLS Client\;C:\Windows\system32;C:\Windows;C:\Windows\System32\Wbem;C:\Windows\System32\WindowsPowerShell\v1.0\;C:\Windows\System32\OpenSSH\;C:\Program Files (x86)\NVIDIA Corporation\PhysX\Common;C:\Program Files (x86)\Intel\Intel(R) Management Engine Components\DAL;C:\Program Files\Intel\Intel(R) Management Engine Components\DAL;C:\Program Files (x86)\Intel\Intel(R) Management Engine Components\IPT;C:\Program Files\Intel\Intel(R) Management Engine Components\IPT;C:\Program Files\Intel\WiFi\bin\;C:\Program Files\Common Files\Intel\WirelessCommon\;C:\Program Files (x86)\Windows Kits\8.1\Windows Performance Toolkit\;C:\Users\maldo\AppData\Local\Microsoft\WindowsApps;C:\Program Files\NVIDIA Corporation\NVIDIA NvDLISR;C:\Program Files (x86)\MKVToolNix;C:\WINDOWS\system32;C:\WINDOWS;C:\WINDOWS\System32\Wbem;C:\WINDOWS\System32\WindowsPowerShell\v1.0\;C:\WINDOWS\System32\OpenSSH\;E:\studia\Sem-3\Programowanie komponentowe (07 72 3060 19)_pliki\apache-maven-3.6.3\bin;C:\msys64\usr\bin;C:\Program Files\Java\jdk-14.0.2\bin;C:\Program Files (x86)\Calibre2\;C:\Users\maldo\AppData\Local\Microsoft\WindowsApps;C:\Program Files\Intel\WiFi\bin\;C:\Program Files\Common Files\Intel\WirelessCommon\;C:\Program Files\JetBrains\CLion 2019.3.3\bin;;C:\Users\maldo\AppData\Local\Programs\Microsoft VS Code\bin;C:\Users\maldo\AppData\Local\GitHubDesktop\bin;."/>
    <property name="java.vm.info" value="mixed mode"/>
    <property name="java.vendor" value="Oracle Corporation"/>
    <property name="java.vm.version" value="14.0.2+12-46"/>
    <property name="sun.io.unicode.encoding" value="UnicodeLittle"/>
    <property name="java.class.version" value="58.0"/>
  </properties>
  <testcase name="testEqualsDiffrent" classname="sudoku.model.SeriesTest" time="0.106">
    <system-out><![CDATA[11:44:22.339 INFO  [main] SudokuBoard - Bład w kwadracie 0
sudoku.model.SudokuBoard@439054a7[
  size=9
  solver=sudoku.model.BacktrackingSudokuSolver@4fc1eee5
  board={{3,4,9,6,1,5,7,8,2},{8,5,1,2,7,9,3,4,6},{6,2,7,8,3,4,5,9,1},{2,7,5,9,6,3,0,0,0},{0,0,0,0,0,0,0,0,0},{0,0,0,0,0,0,0,0,0},{0,0,0,0,0,0,0,0,0},{0,0,0,0,0,0,0,0,0},{0,0,0,0,0,0,0,0,0}}
]
11:44:22.340 INFO  [main] SudokuBoard - Wartość 0 wstawiona nieprawidłowo
11:44:22.341 INFO  [main] SudokuBoard - Bład w kwadracie 0
sudoku.model.SudokuBoard@439054a7[
  size=9
  solver=sudoku.model.BacktrackingSudokuSolver@4fc1eee5
  board={{3,4,9,6,1,5,7,8,2},{8,5,1,2,7,9,3,4,6},{6,2,7,8,3,4,5,9,1},{2,7,5,9,6,3,4,1,8},{4,3,8,5,2,7,0,0,0},{0,0,0,0,0,0,0,0,0},{0,0,0,0,0,0,0,0,0},{0,0,0,0,0,0,0,0,0},{0,0,0,0,0,0,0,0,0}}
]
11:44:22.341 INFO  [main] SudokuBoard - Wartość 0 wstawiona nieprawidłowo
11:44:22.341 INFO  [main] SudokuBoard - Bład w kwadracie 0
sudoku.model.SudokuBoard@439054a7[
  size=9
  solver=sudoku.model.BacktrackingSudokuSolver@4fc1eee5
  board={{3,4,9,6,1,5,7,8,2},{8,5,1,2,7,9,3,4,6},{6,2,7,8,3,4,5,9,1},{2,7,5,9,6,3,4,1,8},{4,3,8,5,2,7,9,0,0},{0,0,0,0,0,0,0,0,0},{0,0,0,0,0,0,0,0,0},{0,0,0,0,0,0,0,0,0},{0,0,0,0,0,0,0,0,0}}
]
11:44:22.341 INFO  [main] SudokuBoard - Wartość 0 wstawiona nieprawidłowo
11:44:22.342 INFO  [main] SudokuBoard - Bład w kwadracie 0
sudoku.model.SudokuBoard@439054a7[
  size=9
  solver=sudoku.model.BacktrackingSudokuSolver@4fc1eee5
  board={{3,4,9,6,1,5,7,8,2},{8,5,1,2,7,9,3,4,6},{6,2,7,8,3,4,5,9,1},{2,7,5,9,6,3,4,1,8},{4,3,8,5,2,7,0,0,0},{0,0,0,0,0,0,0,0,0},{0,0,0,0,0,0,0,0,0},{0,0,0,0,0,0,0,0,0},{0,0,0,0,0,0,0,0,0}}
]
11:44:22.342 INFO  [main] SudokuBoard - Wartość 0 wstawiona nieprawidłowo
11:44:22.342 INFO  [main] SudokuBoard - Bład w kwadracie 0
sudoku.model.SudokuBoard@439054a7[
  size=9
  solver=sudoku.model.BacktrackingSudokuSolver@4fc1eee5
  board={{3,4,9,6,1,5,7,8,2},{8,5,1,2,7,9,3,4,6},{6,2,7,8,3,4,5,9,1},{2,7,5,9,6,3,4,1,8},{4,3,8,5,2,0,0,0,0},{0,0,0,0,0,0,0,0,0},{0,0,0,0,0,0,0,0,0},{0,0,0,0,0,0,0,0,0},{0,0,0,0,0,0,0,0,0}}
]
11:44:22.343 INFO  [main] SudokuBoard - Wartość 0 wstawiona nieprawidłowo
11:44:22.343 INFO  [main] SudokuBoard - Bład w kwadracie 0
sudoku.model.SudokuBoard@439054a7[
  size=9
  solver=sudoku.model.BacktrackingSudokuSolver@4fc1eee5
  board={{3,4,9,6,1,5,7,8,2},{8,5,1,2,7,9,3,4,6},{6,2,7,8,3,4,5,9,1},{2,7,5,9,6,3,4,1,8},{4,3,8,5,2,1,6,7,9},{9,0,0,0,0,0,0,0,0},{0,0,0,0,0,0,0,0,0},{0,0,0,0,0,0,0,0,0},{0,0,0,0,0,0,0,0,0}}
]
11:44:22.344 INFO  [main] SudokuBoard - Wartość 0 wstawiona nieprawidłowo
11:44:22.344 INFO  [main] SudokuBoard - Bład w kwadracie 0
sudoku.model.SudokuBoard@439054a7[
  size=9
  solver=sudoku.model.BacktrackingSudokuSolver@4fc1eee5
  board={{3,4,9,6,1,5,7,8,2},{8,5,1,2,7,9,3,4,6},{6,2,7,8,3,4,5,9,1},{2,7,5,9,6,3,4,1,8},{4,3,8,5,2,1,6,7,9},{9,1,6,4,8,7,2,3,5},{5,6,4,7,9,2,0,0,0},{0,0,0,0,0,0,0,0,0},{0,0,0,0,0,0,0,0,0}}
]
11:44:22.344 INFO  [main] SudokuBoard - Wartość 0 wstawiona nieprawidłowo
11:44:22.344 INFO  [main] SudokuBoard - Bład w kwadracie 0
sudoku.model.SudokuBoard@439054a7[
  size=9
  solver=sudoku.model.BacktrackingSudokuSolver@4fc1eee5
  board={{3,4,9,6,1,5,7,8,2},{8,5,1,2,7,9,3,4,6},{6,2,7,8,3,4,5,9,1},{2,7,5,9,6,3,4,1,8},{4,3,8,5,2,1,6,7,9},{9,1,6,4,8,7,2,3,5},{5,6,4,7,9,2,0,0,0},{0,0,0,0,0,0,0,0,0},{0,0,0,0,0,0,0,0,0}}
]
11:44:22.345 INFO  [main] SudokuBoard - Wartość 0 wstawiona nieprawidłowo
11:44:22.345 INFO  [main] SudokuBoard - Bład w kwadracie 0
sudoku.model.SudokuBoard@439054a7[
  size=9
  solver=sudoku.model.BacktrackingSudokuSolver@4fc1eee5
  board={{3,4,9,6,1,5,7,8,2},{8,5,1,2,7,9,3,4,6},{6,2,7,8,3,4,5,9,1},{2,7,5,9,6,3,4,1,8},{4,3,8,5,2,1,6,7,9},{9,1,6,4,8,7,2,3,5},{5,6,4,7,9,0,0,0,0},{0,0,0,0,0,0,0,0,0},{0,0,0,0,0,0,0,0,0}}
]
11:44:22.345 INFO  [main] SudokuBoard - Wartość 0 wstawiona nieprawidłowo
11:44:22.346 INFO  [main] SudokuBoard - Bład w kwadracie 0
sudoku.model.SudokuBoard@439054a7[
  size=9
  solver=sudoku.model.BacktrackingSudokuSolver@4fc1eee5
  board={{3,4,9,6,1,5,7,8,2},{8,5,1,2,7,9,3,4,6},{6,2,7,8,3,4,5,9,1},{2,7,5,9,6,3,4,1,8},{4,3,8,5,2,1,6,7,9},{9,1,6,4,8,7,2,3,5},{5,6,4,7,9,8,1,2,3},{7,8,2,3,4,6,9,0,0},{0,0,0,0,0,0,0,0,0}}
]
11:44:22.346 INFO  [main] SudokuBoard - Wartość 0 wstawiona nieprawidłowo
11:44:22.346 INFO  [main] SudokuBoard - Bład w kwadracie 0
sudoku.model.SudokuBoard@439054a7[
  size=9
  solver=sudoku.model.BacktrackingSudokuSolver@4fc1eee5
  board={{3,4,9,6,1,5,7,8,2},{8,5,1,2,7,9,3,4,6},{6,2,7,8,3,4,5,9,1},{2,7,5,9,6,3,4,1,8},{4,3,8,5,2,1,6,7,9},{9,1,6,4,8,7,2,3,5},{5,6,4,7,9,8,1,2,3},{7,8,2,3,4,6,0,0,0},{0,0,0,0,0,0,0,0,0}}
]
11:44:22.346 INFO  [main] SudokuBoard - Wartość 0 wstawiona nieprawidłowo
11:44:22.347 INFO  [main] SudokuBoard - Bład w kwadracie 0
sudoku.model.SudokuBoard@439054a7[
  size=9
  solver=sudoku.model.BacktrackingSudokuSolver@4fc1eee5
  board={{3,4,9,6,1,5,7,8,2},{8,5,1,2,7,9,3,4,6},{6,2,7,8,3,4,5,9,1},{2,7,5,9,6,3,4,1,8},{4,3,8,5,2,1,6,7,9},{9,1,6,4,8,7,2,3,5},{5,6,4,7,9,8,1,2,3},{7,8,2,3,4,0,0,0,0},{0,0,0,0,0,0,0,0,0}}
]
11:44:22.347 INFO  [main] SudokuBoard - Wartość 0 wstawiona nieprawidłowo
11:44:22.347 INFO  [main] SudokuBoard - Bład w kwadracie 0
sudoku.model.SudokuBoard@439054a7[
  size=9
  solver=sudoku.model.BacktrackingSudokuSolver@4fc1eee5
  board={{3,4,9,6,1,5,7,8,2},{8,5,1,2,7,9,3,4,6},{6,2,7,8,3,4,5,9,1},{2,7,5,9,6,3,4,1,8},{4,3,8,5,2,1,6,7,9},{9,1,6,4,8,7,2,3,5},{5,6,4,7,9,8,1,2,3},{7,8,2,3,0,0,0,0,0},{0,0,0,0,0,0,0,0,0}}
]
11:44:22.347 INFO  [main] SudokuBoard - Wartość 0 wstawiona nieprawidłowo
11:44:22.348 INFO  [main] SudokuBoard - Bład w kwadracie 0
sudoku.model.SudokuBoard@439054a7[
  size=9
  solver=sudoku.model.BacktrackingSudokuSolver@4fc1eee5
  board={{3,4,9,6,1,5,7,8,2},{8,5,1,2,7,9,3,4,6},{6,2,7,8,3,4,5,9,1},{2,7,5,9,6,3,4,1,8},{4,3,8,5,2,1,6,7,9},{9,1,6,4,8,7,2,3,5},{5,6,4,7,9,8,1,2,3},{7,8,2,3,5,6,0,0,0},{0,0,0,0,0,0,0,0,0}}
]
11:44:22.348 INFO  [main] SudokuBoard - Wartość 0 wstawiona nieprawidłowo
11:44:22.348 INFO  [main] SudokuBoard - Bład w kwadracie 0
sudoku.model.SudokuBoard@439054a7[
  size=9
  solver=sudoku.model.BacktrackingSudokuSolver@4fc1eee5
  board={{3,4,9,6,1,5,7,8,2},{8,5,1,2,7,9,3,4,6},{6,2,7,8,3,4,5,9,1},{2,7,5,9,6,3,4,1,8},{4,3,8,5,2,1,6,7,9},{9,1,6,4,8,7,2,3,5},{5,6,4,7,9,8,1,2,3},{7,8,2,3,5,0,0,0,0},{0,0,0,0,0,0,0,0,0}}
]
11:44:22.349 INFO  [main] SudokuBoard - Wartość 0 wstawiona nieprawidłowo
11:44:22.350 INFO  [main] SudokuBoard - Bład w kwadracie 0
sudoku.model.SudokuBoard@439054a7[
  size=9
  solver=sudoku.model.BacktrackingSudokuSolver@4fc1eee5
  board={{3,4,9,6,1,5,7,8,2},{8,5,1,2,7,9,3,4,6},{6,2,7,8,3,4,5,9,1},{2,7,5,9,6,3,4,1,8},{4,3,8,5,2,1,6,7,9},{9,1,6,4,8,7,2,3,5},{5,6,4,7,9,8,1,2,3},{7,8,2,3,0,0,0,0,0},{0,0,0,0,0,0,0,0,0}}
]
11:44:22.350 INFO  [main] SudokuBoard - Wartość 0 wstawiona nieprawidłowo
11:44:22.350 INFO  [main] SudokuBoard - Bład w kwadracie 0
sudoku.model.SudokuBoard@439054a7[
  size=9
  solver=sudoku.model.BacktrackingSudokuSolver@4fc1eee5
  board={{3,4,9,6,1,5,7,8,2},{8,5,1,2,7,9,3,4,6},{6,2,7,8,3,4,5,9,1},{2,7,5,9,6,3,4,1,8},{4,3,8,5,2,1,6,7,9},{9,1,6,4,8,7,2,3,5},{5,6,4,7,9,8,1,2,3},{7,8,2,0,0,0,0,0,0},{0,0,0,0,0,0,0,0,0}}
]
11:44:22.350 INFO  [main] SudokuBoard - Wartość 0 wstawiona nieprawidłowo
11:44:22.351 INFO  [main] SudokuBoard - Bład w kwadracie 0
sudoku.model.SudokuBoard@439054a7[
  size=9
  solver=sudoku.model.BacktrackingSudokuSolver@4fc1eee5
  board={{3,4,9,6,1,5,7,8,2},{8,5,1,2,7,9,3,4,6},{6,2,7,8,3,4,5,9,1},{2,7,5,9,6,3,4,1,8},{4,3,8,5,2,1,6,7,9},{9,1,6,4,8,7,2,3,5},{5,6,4,7,9,8,1,2,3},{7,8,2,1,4,6,9,0,0},{0,0,0,0,0,0,0,0,0}}
]
11:44:22.351 INFO  [main] SudokuBoard - Wartość 0 wstawiona nieprawidłowo
11:44:22.351 INFO  [main] SudokuBoard - Bład w kwadracie 0
sudoku.model.SudokuBoard@439054a7[
  size=9
  solver=sudoku.model.BacktrackingSudokuSolver@4fc1eee5
  board={{3,4,9,6,1,5,7,8,2},{8,5,1,2,7,9,3,4,6},{6,2,7,8,3,4,5,9,1},{2,7,5,9,6,3,4,1,8},{4,3,8,5,2,1,6,7,9},{9,1,6,4,8,7,2,3,5},{5,6,4,7,9,8,1,2,3},{7,8,2,1,4,6,0,0,0},{0,0,0,0,0,0,0,0,0}}
]
11:44:22.352 INFO  [main] SudokuBoard - Wartość 0 wstawiona nieprawidłowo
11:44:22.352 INFO  [main] SudokuBoard - Bład w kwadracie 0
sudoku.model.SudokuBoard@439054a7[
  size=9
  solver=sudoku.model.BacktrackingSudokuSolver@4fc1eee5
  board={{3,4,9,6,1,5,7,8,2},{8,5,1,2,7,9,3,4,6},{6,2,7,8,3,4,5,9,1},{2,7,5,9,6,3,4,1,8},{4,3,8,5,2,1,6,7,9},{9,1,6,4,8,7,2,3,5},{5,6,4,7,9,8,1,2,3},{7,8,2,1,4,0,0,0,0},{0,0,0,0,0,0,0,0,0}}
]
11:44:22.352 INFO  [main] SudokuBoard - Wartość 0 wstawiona nieprawidłowo
11:44:22.352 INFO  [main] SudokuBoard - Bład w kwadracie 0
sudoku.model.SudokuBoard@439054a7[
  size=9
  solver=sudoku.model.BacktrackingSudokuSolver@4fc1eee5
  board={{3,4,9,6,1,5,7,8,2},{8,5,1,2,7,9,3,4,6},{6,2,7,8,3,4,5,9,1},{2,7,5,9,6,3,4,1,8},{4,3,8,5,2,1,6,7,9},{9,1,6,4,8,7,2,3,5},{5,6,4,7,9,8,1,2,3},{7,8,2,1,0,0,0,0,0},{0,0,0,0,0,0,0,0,0}}
]
11:44:22.353 INFO  [main] SudokuBoard - Wartość 0 wstawiona nieprawidłowo
11:44:22.353 INFO  [main] SudokuBoard - Bład w kwadracie 0
sudoku.model.SudokuBoard@439054a7[
  size=9
  solver=sudoku.model.BacktrackingSudokuSolver@4fc1eee5
  board={{3,4,9,6,1,5,7,8,2},{8,5,1,2,7,9,3,4,6},{6,2,7,8,3,4,5,9,1},{2,7,5,9,6,3,4,1,8},{4,3,8,5,2,1,6,7,9},{9,1,6,4,8,7,2,3,5},{5,6,4,7,9,8,1,2,3},{7,8,2,1,5,6,0,0,0},{0,0,0,0,0,0,0,0,0}}
]
11:44:22.354 INFO  [main] SudokuBoard - Wartość 0 wstawiona nieprawidłowo
11:44:22.354 INFO  [main] SudokuBoard - Bład w kwadracie 0
sudoku.model.SudokuBoard@439054a7[
  size=9
  solver=sudoku.model.BacktrackingSudokuSolver@4fc1eee5
  board={{3,4,9,6,1,5,7,8,2},{8,5,1,2,7,9,3,4,6},{6,2,7,8,3,4,5,9,1},{2,7,5,9,6,3,4,1,8},{4,3,8,5,2,1,6,7,9},{9,1,6,4,8,7,2,3,5},{5,6,4,7,9,8,1,2,3},{7,8,2,1,5,0,0,0,0},{0,0,0,0,0,0,0,0,0}}
]
11:44:22.354 INFO  [main] SudokuBoard - Wartość 0 wstawiona nieprawidłowo
11:44:22.354 INFO  [main] SudokuBoard - Bład w kwadracie 0
sudoku.model.SudokuBoard@439054a7[
  size=9
  solver=sudoku.model.BacktrackingSudokuSolver@4fc1eee5
  board={{3,4,9,6,1,5,7,8,2},{8,5,1,2,7,9,3,4,6},{6,2,7,8,3,4,5,9,1},{2,7,5,9,6,3,4,1,8},{4,3,8,5,2,1,6,7,9},{9,1,6,4,8,7,2,3,5},{5,6,4,7,9,8,1,2,3},{7,8,2,1,0,0,0,0,0},{0,0,0,0,0,0,0,0,0}}
]
11:44:22.354 INFO  [main] SudokuBoard - Wartość 0 wstawiona nieprawidłowo
11:44:22.355 INFO  [main] SudokuBoard - Bład w kwadracie 0
sudoku.model.SudokuBoard@439054a7[
  size=9
  solver=sudoku.model.BacktrackingSudokuSolver@4fc1eee5
  board={{3,4,9,6,1,5,7,8,2},{8,5,1,2,7,9,3,4,6},{6,2,7,8,3,4,5,9,1},{2,7,5,9,6,3,4,1,8},{4,3,8,5,2,1,6,7,9},{9,1,6,4,8,7,2,3,5},{5,6,4,7,9,8,1,2,3},{7,8,2,0,0,0,0,0,0},{0,0,0,0,0,0,0,0,0}}
]
11:44:22.355 INFO  [main] SudokuBoard - Wartość 0 wstawiona nieprawidłowo
11:44:22.356 INFO  [main] SudokuBoard - Bład w kwadracie 0
sudoku.model.SudokuBoard@439054a7[
  size=9
  solver=sudoku.model.BacktrackingSudokuSolver@4fc1eee5
  board={{3,4,9,6,1,5,7,8,2},{8,5,1,2,7,9,3,4,6},{6,2,7,8,3,4,5,9,1},{2,7,5,9,6,3,4,1,8},{4,3,8,5,2,1,6,7,9},{9,1,6,4,8,7,2,3,5},{5,6,4,7,9,8,1,2,3},{7,8,0,0,0,0,0,0,0},{0,0,0,0,0,0,0,0,0}}
]
11:44:22.356 INFO  [main] SudokuBoard - Wartość 0 wstawiona nieprawidłowo
11:44:22.356 INFO  [main] SudokuBoard - Bład w kwadracie 0
sudoku.model.SudokuBoard@439054a7[
  size=9
  solver=sudoku.model.BacktrackingSudokuSolver@4fc1eee5
  board={{3,4,9,6,1,5,7,8,2},{8,5,1,2,7,9,3,4,6},{6,2,7,8,3,4,5,9,1},{2,7,5,9,6,3,4,1,8},{4,3,8,5,2,1,6,7,9},{9,1,6,4,8,7,2,3,5},{5,6,4,7,9,8,1,2,3},{7,8,3,1,4,2,9,0,0},{0,0,0,0,0,0,0,0,0}}
]
11:44:22.356 INFO  [main] SudokuBoard - Wartość 0 wstawiona nieprawidłowo
11:44:22.357 INFO  [main] SudokuBoard - Bład w kwadracie 0
sudoku.model.SudokuBoard@439054a7[
  size=9
  solver=sudoku.model.BacktrackingSudokuSolver@4fc1eee5
  board={{3,4,9,6,1,5,7,8,2},{8,5,1,2,7,9,3,4,6},{6,2,7,8,3,4,5,9,1},{2,7,5,9,6,3,4,1,8},{4,3,8,5,2,1,6,7,9},{9,1,6,4,8,7,2,3,5},{5,6,4,7,9,8,1,2,3},{7,8,3,1,4,2,9,0,0},{0,0,0,0,0,0,0,0,0}}
]
11:44:22.357 INFO  [main] SudokuBoard - Wartość 0 wstawiona nieprawidłowo
11:44:22.357 INFO  [main] SudokuBoard - Bład w kwadracie 0
sudoku.model.SudokuBoard@439054a7[
  size=9
  solver=sudoku.model.BacktrackingSudokuSolver@4fc1eee5
  board={{3,4,9,6,1,5,7,8,2},{8,5,1,2,7,9,3,4,6},{6,2,7,8,3,4,5,9,1},{2,7,5,9,6,3,4,1,8},{4,3,8,5,2,1,6,7,9},{9,1,6,4,8,7,2,3,5},{5,6,4,7,9,8,1,2,3},{7,8,3,1,4,2,0,0,0},{0,0,0,0,0,0,0,0,0}}
]
11:44:22.357 INFO  [main] SudokuBoard - Wartość 0 wstawiona nieprawidłowo
11:44:22.358 INFO  [main] SudokuBoard - Bład w kwadracie 0
sudoku.model.SudokuBoard@439054a7[
  size=9
  solver=sudoku.model.BacktrackingSudokuSolver@4fc1eee5
  board={{3,4,9,6,1,5,7,8,2},{8,5,1,2,7,9,3,4,6},{6,2,7,8,3,4,5,9,1},{2,7,5,9,6,3,4,1,8},{4,3,8,5,2,1,6,7,9},{9,1,6,4,8,7,2,3,5},{5,6,4,7,9,8,1,2,3},{7,8,3,1,4,0,0,0,0},{0,0,0,0,0,0,0,0,0}}
]
11:44:22.358 INFO  [main] SudokuBoard - Wartość 0 wstawiona nieprawidłowo
11:44:22.358 INFO  [main] SudokuBoard - Bład w kwadracie 0
sudoku.model.SudokuBoard@439054a7[
  size=9
  solver=sudoku.model.BacktrackingSudokuSolver@4fc1eee5
  board={{3,4,9,6,1,5,7,8,2},{8,5,1,2,7,9,3,4,6},{6,2,7,8,3,4,5,9,1},{2,7,5,9,6,3,4,1,8},{4,3,8,5,2,1,6,7,9},{9,1,6,4,8,7,2,3,5},{5,6,4,7,9,8,1,2,3},{7,8,3,1,4,6,9,0,0},{0,0,0,0,0,0,0,0,0}}
]
11:44:22.358 INFO  [main] SudokuBoard - Wartość 0 wstawiona nieprawidłowo
11:44:22.358 INFO  [main] SudokuBoard - Bład w kwadracie 0
sudoku.model.SudokuBoard@439054a7[
  size=9
  solver=sudoku.model.BacktrackingSudokuSolver@4fc1eee5
  board={{3,4,9,6,1,5,7,8,2},{8,5,1,2,7,9,3,4,6},{6,2,7,8,3,4,5,9,1},{2,7,5,9,6,3,4,1,8},{4,3,8,5,2,1,6,7,9},{9,1,6,4,8,7,2,3,5},{5,6,4,7,9,8,1,2,3},{7,8,3,1,4,6,0,0,0},{0,0,0,0,0,0,0,0,0}}
]
11:44:22.359 INFO  [main] SudokuBoard - Wartość 0 wstawiona nieprawidłowo
11:44:22.359 INFO  [main] SudokuBoard - Bład w kwadracie 0
sudoku.model.SudokuBoard@439054a7[
  size=9
  solver=sudoku.model.BacktrackingSudokuSolver@4fc1eee5
  board={{3,4,9,6,1,5,7,8,2},{8,5,1,2,7,9,3,4,6},{6,2,7,8,3,4,5,9,1},{2,7,5,9,6,3,4,1,8},{4,3,8,5,2,1,6,7,9},{9,1,6,4,8,7,2,3,5},{5,6,4,7,9,8,1,2,3},{7,8,3,1,4,0,0,0,0},{0,0,0,0,0,0,0,0,0}}
]
11:44:22.359 INFO  [main] SudokuBoard - Wartość 0 wstawiona nieprawidłowo
11:44:22.359 INFO  [main] SudokuBoard - Bład w kwadracie 0
sudoku.model.SudokuBoard@439054a7[
  size=9
  solver=sudoku.model.BacktrackingSudokuSolver@4fc1eee5
  board={{3,4,9,6,1,5,7,8,2},{8,5,1,2,7,9,3,4,6},{6,2,7,8,3,4,5,9,1},{2,7,5,9,6,3,4,1,8},{4,3,8,5,2,1,6,7,9},{9,1,6,4,8,7,2,3,5},{5,6,4,7,9,8,1,2,3},{7,8,3,1,0,0,0,0,0},{0,0,0,0,0,0,0,0,0}}
]
11:44:22.359 INFO  [main] SudokuBoard - Wartość 0 wstawiona nieprawidłowo
11:44:22.360 INFO  [main] SudokuBoard - Bład w kwadracie 0
sudoku.model.SudokuBoard@439054a7[
  size=9
  solver=sudoku.model.BacktrackingSudokuSolver@4fc1eee5
  board={{3,4,9,6,1,5,7,8,2},{8,5,1,2,7,9,3,4,6},{6,2,7,8,3,4,5,9,1},{2,7,5,9,6,3,4,1,8},{4,3,8,5,2,1,6,7,9},{9,1,6,4,8,7,2,3,5},{5,6,4,7,9,8,1,2,3},{7,8,3,1,5,6,0,0,0},{0,0,0,0,0,0,0,0,0}}
]
11:44:22.360 INFO  [main] SudokuBoard - Wartość 0 wstawiona nieprawidłowo
11:44:22.360 INFO  [main] SudokuBoard - Bład w kwadracie 0
sudoku.model.SudokuBoard@439054a7[
  size=9
  solver=sudoku.model.BacktrackingSudokuSolver@4fc1eee5
  board={{3,4,9,6,1,5,7,8,2},{8,5,1,2,7,9,3,4,6},{6,2,7,8,3,4,5,9,1},{2,7,5,9,6,3,4,1,8},{4,3,8,5,2,1,6,7,9},{9,1,6,4,8,7,2,3,5},{5,6,4,7,9,8,1,2,3},{7,8,3,1,5,0,0,0,0},{0,0,0,0,0,0,0,0,0}}
]
11:44:22.360 INFO  [main] SudokuBoard - Wartość 0 wstawiona nieprawidłowo
11:44:22.364 INFO  [main] SudokuBoard - Bład w kwadracie 0
sudoku.model.SudokuBoard@120661d2[
  size=9
  solver=sudoku.model.BacktrackingSudokuSolver@36618b3b
  board={{8,9,1,2,7,3,4,6,5},{2,3,5,8,9,1,0,0,0},{0,0,0,0,0,0,0,0,0},{0,0,0,0,0,0,0,0,0},{0,0,0,0,0,0,0,0,0},{0,0,0,0,0,0,0,0,0},{0,0,0,0,0,0,0,0,0},{0,0,0,0,0,0,0,0,0},{0,0,0,0,0,0,0,0,0}}
]
11:44:22.364 INFO  [main] SudokuBoard - Wartość 0 wstawiona nieprawidłowo
11:44:22.364 INFO  [main] SudokuBoard - Bład w kwadracie 0
sudoku.model.SudokuBoard@120661d2[
  size=9
  solver=sudoku.model.BacktrackingSudokuSolver@36618b3b
  board={{8,9,1,2,7,3,4,6,5},{2,3,5,8,9,0,0,0,0},{0,0,0,0,0,0,0,0,0},{0,0,0,0,0,0,0,0,0},{0,0,0,0,0,0,0,0,0},{0,0,0,0,0,0,0,0,0},{0,0,0,0,0,0,0,0,0},{0,0,0,0,0,0,0,0,0},{0,0,0,0,0,0,0,0,0}}
]
11:44:22.364 INFO  [main] SudokuBoard - Wartość 0 wstawiona nieprawidłowo
11:44:22.365 INFO  [main] SudokuBoard - Bład w kwadracie 0
sudoku.model.SudokuBoard@120661d2[
  size=9
  solver=sudoku.model.BacktrackingSudokuSolver@36618b3b
  board={{8,9,1,2,7,3,4,6,5},{2,3,5,8,9,4,7,0,0},{0,0,0,0,0,0,0,0,0},{0,0,0,0,0,0,0,0,0},{0,0,0,0,0,0,0,0,0},{0,0,0,0,0,0,0,0,0},{0,0,0,0,0,0,0,0,0},{0,0,0,0,0,0,0,0,0},{0,0,0,0,0,0,0,0,0}}
]
11:44:22.365 INFO  [main] SudokuBoard - Wartość 0 wstawiona nieprawidłowo
11:44:22.365 INFO  [main] SudokuBoard - Bład w kwadracie 0
sudoku.model.SudokuBoard@120661d2[
  size=9
  solver=sudoku.model.BacktrackingSudokuSolver@36618b3b
  board={{8,9,1,2,7,3,4,6,5},{2,3,5,8,9,4,0,0,0},{0,0,0,0,0,0,0,0,0},{0,0,0,0,0,0,0,0,0},{0,0,0,0,0,0,0,0,0},{0,0,0,0,0,0,0,0,0},{0,0,0,0,0,0,0,0,0},{0,0,0,0,0,0,0,0,0},{0,0,0,0,0,0,0,0,0}}
]
11:44:22.365 INFO  [main] SudokuBoard - Wartość 0 wstawiona nieprawidłowo
11:44:22.366 INFO  [main] SudokuBoard - Bład w kwadracie 0
sudoku.model.SudokuBoard@120661d2[
  size=9
  solver=sudoku.model.BacktrackingSudokuSolver@36618b3b
  board={{8,9,1,2,7,3,4,6,5},{2,3,5,8,9,4,1,0,0},{0,0,0,0,0,0,0,0,0},{0,0,0,0,0,0,0,0,0},{0,0,0,0,0,0,0,0,0},{0,0,0,0,0,0,0,0,0},{0,0,0,0,0,0,0,0,0},{0,0,0,0,0,0,0,0,0},{0,0,0,0,0,0,0,0,0}}
]
11:44:22.366 INFO  [main] SudokuBoard - Wartość 0 wstawiona nieprawidłowo
11:44:22.366 INFO  [main] SudokuBoard - Bład w kwadracie 0
sudoku.model.SudokuBoard@120661d2[
  size=9
  solver=sudoku.model.BacktrackingSudokuSolver@36618b3b
  board={{8,9,1,2,7,3,4,6,5},{2,3,5,8,9,4,0,0,0},{0,0,0,0,0,0,0,0,0},{0,0,0,0,0,0,0,0,0},{0,0,0,0,0,0,0,0,0},{0,0,0,0,0,0,0,0,0},{0,0,0,0,0,0,0,0,0},{0,0,0,0,0,0,0,0,0},{0,0,0,0,0,0,0,0,0}}
]
11:44:22.366 INFO  [main] SudokuBoard - Wartość 0 wstawiona nieprawidłowo
11:44:22.367 INFO  [main] SudokuBoard - Bład w kwadracie 0
sudoku.model.SudokuBoard@120661d2[
  size=9
  solver=sudoku.model.BacktrackingSudokuSolver@36618b3b
  board={{8,9,1,2,7,3,4,6,5},{2,3,5,8,9,0,0,0,0},{0,0,0,0,0,0,0,0,0},{0,0,0,0,0,0,0,0,0},{0,0,0,0,0,0,0,0,0},{0,0,0,0,0,0,0,0,0},{0,0,0,0,0,0,0,0,0},{0,0,0,0,0,0,0,0,0},{0,0,0,0,0,0,0,0,0}}
]
11:44:22.367 INFO  [main] SudokuBoard - Wartość 0 wstawiona nieprawidłowo
11:44:22.367 INFO  [main] SudokuBoard - Bład w kwadracie 0
sudoku.model.SudokuBoard@120661d2[
  size=9
  solver=sudoku.model.BacktrackingSudokuSolver@36618b3b
  board={{8,9,1,2,7,3,4,6,5},{2,3,5,8,9,6,7,0,0},{0,0,0,0,0,0,0,0,0},{0,0,0,0,0,0,0,0,0},{0,0,0,0,0,0,0,0,0},{0,0,0,0,0,0,0,0,0},{0,0,0,0,0,0,0,0,0},{0,0,0,0,0,0,0,0,0},{0,0,0,0,0,0,0,0,0}}
]
11:44:22.367 INFO  [main] SudokuBoard - Wartość 0 wstawiona nieprawidłowo
11:44:22.368 INFO  [main] SudokuBoard - Bład w kwadracie 0
sudoku.model.SudokuBoard@120661d2[
  size=9
  solver=sudoku.model.BacktrackingSudokuSolver@36618b3b
  board={{8,9,1,2,7,3,4,6,5},{2,3,5,8,9,6,0,0,0},{0,0,0,0,0,0,0,0,0},{0,0,0,0,0,0,0,0,0},{0,0,0,0,0,0,0,0,0},{0,0,0,0,0,0,0,0,0},{0,0,0,0,0,0,0,0,0},{0,0,0,0,0,0,0,0,0},{0,0,0,0,0,0,0,0,0}}
]
11:44:22.368 INFO  [main] SudokuBoard - Wartość 0 wstawiona nieprawidłowo
11:44:22.368 INFO  [main] SudokuBoard - Bład w kwadracie 0
sudoku.model.SudokuBoard@120661d2[
  size=9
  solver=sudoku.model.BacktrackingSudokuSolver@36618b3b
  board={{8,9,1,2,7,3,4,6,5},{2,3,5,8,9,6,1,0,0},{0,0,0,0,0,0,0,0,0},{0,0,0,0,0,0,0,0,0},{0,0,0,0,0,0,0,0,0},{0,0,0,0,0,0,0,0,0},{0,0,0,0,0,0,0,0,0},{0,0,0,0,0,0,0,0,0},{0,0,0,0,0,0,0,0,0}}
]
11:44:22.368 INFO  [main] SudokuBoard - Wartość 0 wstawiona nieprawidłowo
11:44:22.370 INFO  [main] SudokuBoard - Bład w kwadracie 0
sudoku.model.SudokuBoard@120661d2[
  size=9
  solver=sudoku.model.BacktrackingSudokuSolver@36618b3b
  board={{8,9,1,2,7,3,4,6,5},{2,3,5,8,9,6,0,0,0},{0,0,0,0,0,0,0,0,0},{0,0,0,0,0,0,0,0,0},{0,0,0,0,0,0,0,0,0},{0,0,0,0,0,0,0,0,0},{0,0,0,0,0,0,0,0,0},{0,0,0,0,0,0,0,0,0},{0,0,0,0,0,0,0,0,0}}
]
11:44:22.370 INFO  [main] SudokuBoard - Wartość 0 wstawiona nieprawidłowo
11:44:22.370 INFO  [main] SudokuBoard - Bład w kwadracie 0
sudoku.model.SudokuBoard@120661d2[
  size=9
  solver=sudoku.model.BacktrackingSudokuSolver@36618b3b
  board={{8,9,1,2,7,3,4,6,5},{2,3,5,8,9,0,0,0,0},{0,0,0,0,0,0,0,0,0},{0,0,0,0,0,0,0,0,0},{0,0,0,0,0,0,0,0,0},{0,0,0,0,0,0,0,0,0},{0,0,0,0,0,0,0,0,0},{0,0,0,0,0,0,0,0,0},{0,0,0,0,0,0,0,0,0}}
]
11:44:22.370 INFO  [main] SudokuBoard - Wartość 0 wstawiona nieprawidłowo
11:44:22.370 INFO  [main] SudokuBoard - Bład w kwadracie 0
sudoku.model.SudokuBoard@120661d2[
  size=9
  solver=sudoku.model.BacktrackingSudokuSolver@36618b3b
  board={{8,9,1,2,7,3,4,6,5},{2,3,5,8,0,0,0,0,0},{0,0,0,0,0,0,0,0,0},{0,0,0,0,0,0,0,0,0},{0,0,0,0,0,0,0,0,0},{0,0,0,0,0,0,0,0,0},{0,0,0,0,0,0,0,0,0},{0,0,0,0,0,0,0,0,0},{0,0,0,0,0,0,0,0,0}}
]
11:44:22.370 INFO  [main] SudokuBoard - Wartość 0 wstawiona nieprawidłowo
11:44:22.371 INFO  [main] SudokuBoard - Bład w kwadracie 0
sudoku.model.SudokuBoard@120661d2[
  size=9
  solver=sudoku.model.BacktrackingSudokuSolver@36618b3b
  board={{8,9,1,2,7,3,4,6,5},{2,3,5,8,1,4,7,0,0},{0,0,0,0,0,0,0,0,0},{0,0,0,0,0,0,0,0,0},{0,0,0,0,0,0,0,0,0},{0,0,0,0,0,0,0,0,0},{0,0,0,0,0,0,0,0,0},{0,0,0,0,0,0,0,0,0},{0,0,0,0,0,0,0,0,0}}
]
11:44:22.371 INFO  [main] SudokuBoard - Wartość 0 wstawiona nieprawidłowo
11:44:22.371 INFO  [main] SudokuBoard - Bład w kwadracie 0
sudoku.model.SudokuBoard@120661d2[
  size=9
  solver=sudoku.model.BacktrackingSudokuSolver@36618b3b
  board={{8,9,1,2,7,3,4,6,5},{2,3,5,8,1,4,0,0,0},{0,0,0,0,0,0,0,0,0},{0,0,0,0,0,0,0,0,0},{0,0,0,0,0,0,0,0,0},{0,0,0,0,0,0,0,0,0},{0,0,0,0,0,0,0,0,0},{0,0,0,0,0,0,0,0,0},{0,0,0,0,0,0,0,0,0}}
]
11:44:22.371 INFO  [main] SudokuBoard - Wartość 0 wstawiona nieprawidłowo
11:44:22.372 INFO  [main] SudokuBoard - Bład w kwadracie 0
sudoku.model.SudokuBoard@120661d2[
  size=9
  solver=sudoku.model.BacktrackingSudokuSolver@36618b3b
  board={{8,9,1,2,7,3,4,6,5},{2,3,5,8,1,4,9,0,0},{0,0,0,0,0,0,0,0,0},{0,0,0,0,0,0,0,0,0},{0,0,0,0,0,0,0,0,0},{0,0,0,0,0,0,0,0,0},{0,0,0,0,0,0,0,0,0},{0,0,0,0,0,0,0,0,0},{0,0,0,0,0,0,0,0,0}}
]
11:44:22.372 INFO  [main] SudokuBoard - Wartość 0 wstawiona nieprawidłowo
11:44:22.372 INFO  [main] SudokuBoard - Bład w kwadracie 0
sudoku.model.SudokuBoard@120661d2[
  size=9
  solver=sudoku.model.BacktrackingSudokuSolver@36618b3b
  board={{8,9,1,2,7,3,4,6,5},{2,3,5,8,1,4,0,0,0},{0,0,0,0,0,0,0,0,0},{0,0,0,0,0,0,0,0,0},{0,0,0,0,0,0,0,0,0},{0,0,0,0,0,0,0,0,0},{0,0,0,0,0,0,0,0,0},{0,0,0,0,0,0,0,0,0},{0,0,0,0,0,0,0,0,0}}
]
11:44:22.372 INFO  [main] SudokuBoard - Wartość 0 wstawiona nieprawidłowo
11:44:22.372 INFO  [main] SudokuBoard - Bład w kwadracie 0
sudoku.model.SudokuBoard@120661d2[
  size=9
  solver=sudoku.model.BacktrackingSudokuSolver@36618b3b
  board={{8,9,1,2,7,3,4,6,5},{2,3,5,8,1,0,0,0,0},{0,0,0,0,0,0,0,0,0},{0,0,0,0,0,0,0,0,0},{0,0,0,0,0,0,0,0,0},{0,0,0,0,0,0,0,0,0},{0,0,0,0,0,0,0,0,0},{0,0,0,0,0,0,0,0,0},{0,0,0,0,0,0,0,0,0}}
]
11:44:22.373 INFO  [main] SudokuBoard - Wartość 0 wstawiona nieprawidłowo
11:44:22.373 INFO  [main] SudokuBoard - Bład w kwadracie 0
sudoku.model.SudokuBoard@120661d2[
  size=9
  solver=sudoku.model.BacktrackingSudokuSolver@36618b3b
  board={{8,9,1,2,7,3,4,6,5},{2,3,5,8,1,6,7,0,0},{0,0,0,0,0,0,0,0,0},{0,0,0,0,0,0,0,0,0},{0,0,0,0,0,0,0,0,0},{0,0,0,0,0,0,0,0,0},{0,0,0,0,0,0,0,0,0},{0,0,0,0,0,0,0,0,0},{0,0,0,0,0,0,0,0,0}}
]
11:44:22.373 INFO  [main] SudokuBoard - Wartość 0 wstawiona nieprawidłowo
11:44:22.375 INFO  [main] SudokuBoard - Bład w kwadracie 0
sudoku.model.SudokuBoard@120661d2[
  size=9
  solver=sudoku.model.BacktrackingSudokuSolver@36618b3b
  board={{8,9,1,2,7,3,4,6,5},{2,3,5,8,1,6,0,0,0},{0,0,0,0,0,0,0,0,0},{0,0,0,0,0,0,0,0,0},{0,0,0,0,0,0,0,0,0},{0,0,0,0,0,0,0,0,0},{0,0,0,0,0,0,0,0,0},{0,0,0,0,0,0,0,0,0},{0,0,0,0,0,0,0,0,0}}
]
11:44:22.375 INFO  [main] SudokuBoard - Wartość 0 wstawiona nieprawidłowo
11:44:22.375 INFO  [main] SudokuBoard - Bład w kwadracie 0
sudoku.model.SudokuBoard@120661d2[
  size=9
  solver=sudoku.model.BacktrackingSudokuSolver@36618b3b
  board={{8,9,1,2,7,3,4,6,5},{2,3,5,8,1,6,9,0,0},{0,0,0,0,0,0,0,0,0},{0,0,0,0,0,0,0,0,0},{0,0,0,0,0,0,0,0,0},{0,0,0,0,0,0,0,0,0},{0,0,0,0,0,0,0,0,0},{0,0,0,0,0,0,0,0,0},{0,0,0,0,0,0,0,0,0}}
]
11:44:22.375 INFO  [main] SudokuBoard - Wartość 0 wstawiona nieprawidłowo
11:44:22.375 INFO  [main] SudokuBoard - Bład w kwadracie 0
sudoku.model.SudokuBoard@120661d2[
  size=9
  solver=sudoku.model.BacktrackingSudokuSolver@36618b3b
  board={{8,9,1,2,7,3,4,6,5},{2,3,5,8,1,6,0,0,0},{0,0,0,0,0,0,0,0,0},{0,0,0,0,0,0,0,0,0},{0,0,0,0,0,0,0,0,0},{0,0,0,0,0,0,0,0,0},{0,0,0,0,0,0,0,0,0},{0,0,0,0,0,0,0,0,0},{0,0,0,0,0,0,0,0,0}}
]
11:44:22.379 INFO  [main] SudokuBoard - Wartość 0 wstawiona nieprawidłowo
11:44:22.379 INFO  [main] SudokuBoard - Bład w kwadracie 0
sudoku.model.SudokuBoard@120661d2[
  size=9
  solver=sudoku.model.BacktrackingSudokuSolver@36618b3b
  board={{8,9,1,2,7,3,4,6,5},{2,3,5,8,1,0,0,0,0},{0,0,0,0,0,0,0,0,0},{0,0,0,0,0,0,0,0,0},{0,0,0,0,0,0,0,0,0},{0,0,0,0,0,0,0,0,0},{0,0,0,0,0,0,0,0,0},{0,0,0,0,0,0,0,0,0},{0,0,0,0,0,0,0,0,0}}
]
11:44:22.379 INFO  [main] SudokuBoard - Wartość 0 wstawiona nieprawidłowo
11:44:22.381 INFO  [main] SudokuBoard - Bład w kwadracie 0
sudoku.model.SudokuBoard@120661d2[
  size=9
  solver=sudoku.model.BacktrackingSudokuSolver@36618b3b
  board={{8,9,1,2,7,3,4,6,5},{2,3,5,8,1,9,0,0,0},{0,0,0,0,0,0,0,0,0},{0,0,0,0,0,0,0,0,0},{0,0,0,0,0,0,0,0,0},{0,0,0,0,0,0,0,0,0},{0,0,0,0,0,0,0,0,0},{0,0,0,0,0,0,0,0,0},{0,0,0,0,0,0,0,0,0}}
]
11:44:22.385 INFO  [main] SudokuBoard - Wartość 0 wstawiona nieprawidłowo
11:44:22.385 INFO  [main] SudokuBoard - Bład w kwadracie 0
sudoku.model.SudokuBoard@120661d2[
  size=9
  solver=sudoku.model.BacktrackingSudokuSolver@36618b3b
  board={{8,9,1,2,7,3,4,6,5},{2,3,5,8,1,0,0,0,0},{0,0,0,0,0,0,0,0,0},{0,0,0,0,0,0,0,0,0},{0,0,0,0,0,0,0,0,0},{0,0,0,0,0,0,0,0,0},{0,0,0,0,0,0,0,0,0},{0,0,0,0,0,0,0,0,0},{0,0,0,0,0,0,0,0,0}}
]
11:44:22.387 INFO  [main] SudokuBoard - Wartość 0 wstawiona nieprawidłowo
11:44:22.387 INFO  [main] SudokuBoard - Bład w kwadracie 0
sudoku.model.SudokuBoard@120661d2[
  size=9
  solver=sudoku.model.BacktrackingSudokuSolver@36618b3b
  board={{8,9,1,2,7,3,4,6,5},{2,3,5,8,0,0,0,0,0},{0,0,0,0,0,0,0,0,0},{0,0,0,0,0,0,0,0,0},{0,0,0,0,0,0,0,0,0},{0,0,0,0,0,0,0,0,0},{0,0,0,0,0,0,0,0,0},{0,0,0,0,0,0,0,0,0},{0,0,0,0,0,0,0,0,0}}
]
11:44:22.387 INFO  [main] SudokuBoard - Wartość 0 wstawiona nieprawidłowo
11:44:22.388 INFO  [main] SudokuBoard - Bład w kwadracie 0
sudoku.model.SudokuBoard@120661d2[
  size=9
  solver=sudoku.model.BacktrackingSudokuSolver@36618b3b
  board={{8,9,1,2,7,3,4,6,5},{2,3,5,8,4,9,7,0,0},{0,0,0,0,0,0,0,0,0},{0,0,0,0,0,0,0,0,0},{0,0,0,0,0,0,0,0,0},{0,0,0,0,0,0,0,0,0},{0,0,0,0,0,0,0,0,0},{0,0,0,0,0,0,0,0,0},{0,0,0,0,0,0,0,0,0}}
]
11:44:22.388 INFO  [main] SudokuBoard - Wartość 0 wstawiona nieprawidłowo
11:44:22.388 INFO  [main] SudokuBoard - Bład w kwadracie 0
sudoku.model.SudokuBoard@120661d2[
  size=9
  solver=sudoku.model.BacktrackingSudokuSolver@36618b3b
  board={{8,9,1,2,7,3,4,6,5},{2,3,5,8,4,9,0,0,0},{0,0,0,0,0,0,0,0,0},{0,0,0,0,0,0,0,0,0},{0,0,0,0,0,0,0,0,0},{0,0,0,0,0,0,0,0,0},{0,0,0,0,0,0,0,0,0},{0,0,0,0,0,0,0,0,0},{0,0,0,0,0,0,0,0,0}}
]
11:44:22.388 INFO  [main] SudokuBoard - Wartość 0 wstawiona nieprawidłowo
11:44:22.389 INFO  [main] SudokuBoard - Bład w kwadracie 0
sudoku.model.SudokuBoard@120661d2[
  size=9
  solver=sudoku.model.BacktrackingSudokuSolver@36618b3b
  board={{8,9,1,2,7,3,4,6,5},{2,3,5,8,4,9,1,0,0},{0,0,0,0,0,0,0,0,0},{0,0,0,0,0,0,0,0,0},{0,0,0,0,0,0,0,0,0},{0,0,0,0,0,0,0,0,0},{0,0,0,0,0,0,0,0,0},{0,0,0,0,0,0,0,0,0},{0,0,0,0,0,0,0,0,0}}
]
11:44:22.390 INFO  [main] SudokuBoard - Wartość 0 wstawiona nieprawidłowo
11:44:22.390 INFO  [main] SudokuBoard - Bład w kwadracie 0
sudoku.model.SudokuBoard@120661d2[
  size=9
  solver=sudoku.model.BacktrackingSudokuSolver@36618b3b
  board={{8,9,1,2,7,3,4,6,5},{2,3,5,8,4,9,0,0,0},{0,0,0,0,0,0,0,0,0},{0,0,0,0,0,0,0,0,0},{0,0,0,0,0,0,0,0,0},{0,0,0,0,0,0,0,0,0},{0,0,0,0,0,0,0,0,0},{0,0,0,0,0,0,0,0,0},{0,0,0,0,0,0,0,0,0}}
]
11:44:22.390 INFO  [main] SudokuBoard - Wartość 0 wstawiona nieprawidłowo
11:44:22.417 INFO  [main] SudokuBoard - Bład w kwadracie 0
sudoku.model.SudokuBoard@120661d2[
  size=9
  solver=sudoku.model.BacktrackingSudokuSolver@36618b3b
  board={{8,9,1,2,7,3,4,6,5},{2,3,5,8,4,0,0,0,0},{0,0,0,0,0,0,0,0,0},{0,0,0,0,0,0,0,0,0},{0,0,0,0,0,0,0,0,0},{0,0,0,0,0,0,0,0,0},{0,0,0,0,0,0,0,0,0},{0,0,0,0,0,0,0,0,0},{0,0,0,0,0,0,0,0,0}}
]
11:44:22.417 INFO  [main] SudokuBoard - Wartość 0 wstawiona nieprawidłowo
11:44:22.417 INFO  [main] SudokuBoard - Bład w kwadracie 0
sudoku.model.SudokuBoard@120661d2[
  size=9
  solver=sudoku.model.BacktrackingSudokuSolver@36618b3b
  board={{8,9,1,2,7,3,4,6,5},{2,3,5,8,4,1,7,0,0},{0,0,0,0,0,0,0,0,0},{0,0,0,0,0,0,0,0,0},{0,0,0,0,0,0,0,0,0},{0,0,0,0,0,0,0,0,0},{0,0,0,0,0,0,0,0,0},{0,0,0,0,0,0,0,0,0},{0,0,0,0,0,0,0,0,0}}
]
11:44:22.418 INFO  [main] SudokuBoard - Wartość 0 wstawiona nieprawidłowo
11:44:22.418 INFO  [main] SudokuBoard - Bład w kwadracie 0
sudoku.model.SudokuBoard@120661d2[
  size=9
  solver=sudoku.model.BacktrackingSudokuSolver@36618b3b
  board={{8,9,1,2,7,3,4,6,5},{2,3,5,8,4,1,0,0,0},{0,0,0,0,0,0,0,0,0},{0,0,0,0,0,0,0,0,0},{0,0,0,0,0,0,0,0,0},{0,0,0,0,0,0,0,0,0},{0,0,0,0,0,0,0,0,0},{0,0,0,0,0,0,0,0,0},{0,0,0,0,0,0,0,0,0}}
]
11:44:22.418 INFO  [main] SudokuBoard - Wartość 0 wstawiona nieprawidłowo
11:44:22.419 INFO  [main] SudokuBoard - Bład w kwadracie 0
sudoku.model.SudokuBoard@120661d2[
  size=9
  solver=sudoku.model.BacktrackingSudokuSolver@36618b3b
  board={{8,9,1,2,7,3,4,6,5},{2,3,5,8,4,1,9,0,0},{0,0,0,0,0,0,0,0,0},{0,0,0,0,0,0,0,0,0},{0,0,0,0,0,0,0,0,0},{0,0,0,0,0,0,0,0,0},{0,0,0,0,0,0,0,0,0},{0,0,0,0,0,0,0,0,0},{0,0,0,0,0,0,0,0,0}}
]
11:44:22.419 INFO  [main] SudokuBoard - Wartość 0 wstawiona nieprawidłowo
11:44:22.420 INFO  [main] SudokuBoard - Bład w kwadracie 0
sudoku.model.SudokuBoard@120661d2[
  size=9
  solver=sudoku.model.BacktrackingSudokuSolver@36618b3b
  board={{8,9,1,2,7,3,4,6,5},{2,3,5,8,4,1,0,0,0},{0,0,0,0,0,0,0,0,0},{0,0,0,0,0,0,0,0,0},{0,0,0,0,0,0,0,0,0},{0,0,0,0,0,0,0,0,0},{0,0,0,0,0,0,0,0,0},{0,0,0,0,0,0,0,0,0},{0,0,0,0,0,0,0,0,0}}
]
11:44:22.420 INFO  [main] SudokuBoard - Wartość 0 wstawiona nieprawidłowo
11:44:22.421 INFO  [main] SudokuBoard - Bład w kwadracie 0
sudoku.model.SudokuBoard@120661d2[
  size=9
  solver=sudoku.model.BacktrackingSudokuSolver@36618b3b
  board={{8,9,1,2,7,3,4,6,5},{2,3,5,8,4,0,0,0,0},{0,0,0,0,0,0,0,0,0},{0,0,0,0,0,0,0,0,0},{0,0,0,0,0,0,0,0,0},{0,0,0,0,0,0,0,0,0},{0,0,0,0,0,0,0,0,0},{0,0,0,0,0,0,0,0,0},{0,0,0,0,0,0,0,0,0}}
]
11:44:22.421 INFO  [main] SudokuBoard - Wartość 0 wstawiona nieprawidłowo
11:44:22.421 INFO  [main] SudokuBoard - Bład w kwadracie 0
sudoku.model.SudokuBoard@120661d2[
  size=9
  solver=sudoku.model.BacktrackingSudokuSolver@36618b3b
  board={{8,9,1,2,7,3,4,6,5},{2,3,5,8,4,6,1,9,7},{4,6,7,9,5,1,2,8,3},{1,4,3,5,2,9,6,7,8},{5,7,6,4,1,8,3,2,9},{9,8,2,3,6,7,5,1,4},{7,5,4,6,8,2,9,3,1},{3,1,8,7,9,0,0,0,0},{0,0,0,0,0,0,0,0,0}}
]
11:44:22.421 INFO  [main] SudokuBoard - Wartość 0 wstawiona nieprawidłowo
11:44:22.422 INFO  [main] SudokuBoard - Bład w kwadracie 0
sudoku.model.SudokuBoard@120661d2[
  size=9
  solver=sudoku.model.BacktrackingSudokuSolver@36618b3b
  board={{8,9,1,2,7,3,4,6,5},{2,3,5,8,4,6,1,9,7},{4,6,7,9,5,1,2,8,3},{1,4,3,5,2,9,6,7,8},{5,7,6,4,1,8,3,2,9},{9,8,2,3,6,7,5,1,4},{7,5,4,6,8,2,9,3,1},{3,1,8,7,9,0,0,0,0},{0,0,0,0,0,0,0,0,0}}
]
11:44:22.422 INFO  [main] SudokuBoard - Wartość 0 wstawiona nieprawidłowo
11:44:22.422 INFO  [main] SudokuBoard - Bład w kwadracie 0
sudoku.model.SudokuBoard@120661d2[
  size=9
  solver=sudoku.model.BacktrackingSudokuSolver@36618b3b
  board={{8,9,1,2,7,3,4,6,5},{2,3,5,8,4,6,1,9,7},{4,6,7,9,5,1,2,8,3},{1,4,3,5,2,9,6,7,8},{5,7,6,4,1,8,3,2,9},{9,8,2,3,6,7,5,1,4},{7,5,4,6,8,2,9,3,1},{3,1,8,7,0,0,0,0,0},{0,0,0,0,0,0,0,0,0}}
]
11:44:22.422 INFO  [main] SudokuBoard - Wartość 0 wstawiona nieprawidłowo
11:44:22.423 INFO  [main] SudokuBoard - Bład w kwadracie 0
sudoku.model.SudokuBoard@120661d2[
  size=9
  solver=sudoku.model.BacktrackingSudokuSolver@36618b3b
  board={{8,9,1,2,7,3,4,6,5},{2,3,5,8,4,6,1,9,7},{4,6,7,9,5,1,2,8,3},{1,4,3,5,2,9,6,7,8},{5,7,6,4,1,8,3,2,9},{9,8,2,3,6,7,5,1,4},{7,5,4,6,8,2,9,3,1},{3,1,8,0,0,0,0,0,0},{0,0,0,0,0,0,0,0,0}}
]
11:44:22.425 INFO  [main] SudokuBoard - Wartość 0 wstawiona nieprawidłowo
11:44:22.425 INFO  [main] SudokuBoard - Bład w kwadracie 0
sudoku.model.SudokuBoard@120661d2[
  size=9
  solver=sudoku.model.BacktrackingSudokuSolver@36618b3b
  board={{8,9,1,2,7,3,4,6,5},{2,3,5,8,4,6,1,9,7},{4,6,7,9,5,1,2,8,3},{1,4,3,5,2,9,6,7,8},{5,7,6,4,1,8,3,2,9},{9,8,2,3,6,7,5,1,4},{7,5,4,6,8,2,9,3,1},{3,1,0,0,0,0,0,0,0},{0,0,0,0,0,0,0,0,0}}
]
11:44:22.425 INFO  [main] SudokuBoard - Wartość 0 wstawiona nieprawidłowo
11:44:22.426 INFO  [main] SudokuBoard - Bład w kwadracie 0
sudoku.model.SudokuBoard@120661d2[
  size=9
  solver=sudoku.model.BacktrackingSudokuSolver@36618b3b
  board={{8,9,1,2,7,3,4,6,5},{2,3,5,8,4,6,1,9,7},{4,6,7,9,5,1,2,8,3},{1,4,3,5,2,9,6,7,8},{5,7,6,4,1,8,3,2,9},{9,8,2,3,6,7,5,1,4},{7,5,4,6,8,2,9,3,1},{3,1,9,0,0,0,0,0,0},{0,0,0,0,0,0,0,0,0}}
]
11:44:22.426 INFO  [main] SudokuBoard - Wartość 0 wstawiona nieprawidłowo
11:44:22.427 INFO  [main] SudokuBoard - Bład w kwadracie 0
sudoku.model.SudokuBoard@120661d2[
  size=9
  solver=sudoku.model.BacktrackingSudokuSolver@36618b3b
  board={{8,9,1,2,7,3,4,6,5},{2,3,5,8,4,6,1,9,7},{4,6,7,9,5,1,2,8,3},{1,4,3,5,2,9,6,7,8},{5,7,6,4,1,8,3,2,9},{9,8,2,3,6,7,5,1,4},{7,5,4,6,8,2,9,3,1},{3,1,0,0,0,0,0,0,0},{0,0,0,0,0,0,0,0,0}}
]
11:44:22.427 INFO  [main] SudokuBoard - Wartość 0 wstawiona nieprawidłowo
11:44:22.427 INFO  [main] SudokuBoard - Bład w kwadracie 0
sudoku.model.SudokuBoard@120661d2[
  size=9
  solver=sudoku.model.BacktrackingSudokuSolver@36618b3b
  board={{8,9,1,2,7,3,4,6,5},{2,3,5,8,4,6,1,9,7},{4,6,7,9,5,1,2,8,3},{1,4,3,5,2,9,6,7,8},{5,7,6,4,1,8,3,2,9},{9,8,2,3,6,7,5,1,4},{7,5,4,6,8,2,9,3,1},{3,0,0,0,0,0,0,0,0},{0,0,0,0,0,0,0,0,0}}
]
11:44:22.427 INFO  [main] SudokuBoard - Wartość 0 wstawiona nieprawidłowo
]]></system-out>
  </testcase>
  <testcase name="testToString" classname="sudoku.model.SeriesTest" time="0.012">
    <system-out><![CDATA[11:44:22.438 INFO  [main] SudokuBoard - Bład w kwadracie 0
sudoku.model.SudokuBoard@765d67dd[
  size=9
  solver=sudoku.model.BacktrackingSudokuSolver@2e68bd3d
  board={{2,7,8,1,5,4,3,6,9},{3,4,5,6,7,8,1,0,0},{0,0,0,0,0,0,0,0,0},{0,0,0,0,0,0,0,0,0},{0,0,0,0,0,0,0,0,0},{0,0,0,0,0,0,0,0,0},{0,0,0,0,0,0,0,0,0},{0,0,0,0,0,0,0,0,0},{0,0,0,0,0,0,0,0,0}}
]
11:44:22.438 INFO  [main] SudokuBoard - Wartość 0 wstawiona nieprawidłowo
11:44:22.438 INFO  [main] SudokuBoard - Bład w kwadracie 0
sudoku.model.SudokuBoard@765d67dd[
  size=9
  solver=sudoku.model.BacktrackingSudokuSolver@2e68bd3d
  board={{2,7,8,1,5,4,3,6,9},{3,4,5,6,7,8,0,0,0},{0,0,0,0,0,0,0,0,0},{0,0,0,0,0,0,0,0,0},{0,0,0,0,0,0,0,0,0},{0,0,0,0,0,0,0,0,0},{0,0,0,0,0,0,0,0,0},{0,0,0,0,0,0,0,0,0},{0,0,0,0,0,0,0,0,0}}
]
11:44:22.439 INFO  [main] SudokuBoard - Wartość 0 wstawiona nieprawidłowo
11:44:22.439 INFO  [main] SudokuBoard - Bład w kwadracie 0
sudoku.model.SudokuBoard@765d67dd[
  size=9
  solver=sudoku.model.BacktrackingSudokuSolver@2e68bd3d
  board={{2,7,8,1,5,4,3,6,9},{3,4,5,6,7,8,2,0,0},{0,0,0,0,0,0,0,0,0},{0,0,0,0,0,0,0,0,0},{0,0,0,0,0,0,0,0,0},{0,0,0,0,0,0,0,0,0},{0,0,0,0,0,0,0,0,0},{0,0,0,0,0,0,0,0,0},{0,0,0,0,0,0,0,0,0}}
]
11:44:22.439 INFO  [main] SudokuBoard - Wartość 0 wstawiona nieprawidłowo
11:44:22.439 INFO  [main] SudokuBoard - Bład w kwadracie 0
sudoku.model.SudokuBoard@765d67dd[
  size=9
  solver=sudoku.model.BacktrackingSudokuSolver@2e68bd3d
  board={{2,7,8,1,5,4,3,6,9},{3,4,5,6,7,8,0,0,0},{0,0,0,0,0,0,0,0,0},{0,0,0,0,0,0,0,0,0},{0,0,0,0,0,0,0,0,0},{0,0,0,0,0,0,0,0,0},{0,0,0,0,0,0,0,0,0},{0,0,0,0,0,0,0,0,0},{0,0,0,0,0,0,0,0,0}}
]
11:44:22.439 INFO  [main] SudokuBoard - Wartość 0 wstawiona nieprawidłowo
11:44:22.440 INFO  [main] SudokuBoard - Bład w kwadracie 0
sudoku.model.SudokuBoard@765d67dd[
  size=9
  solver=sudoku.model.BacktrackingSudokuSolver@2e68bd3d
  board={{2,7,8,1,5,4,3,6,9},{3,4,5,6,7,0,0,0,0},{0,0,0,0,0,0,0,0,0},{0,0,0,0,0,0,0,0,0},{0,0,0,0,0,0,0,0,0},{0,0,0,0,0,0,0,0,0},{0,0,0,0,0,0,0,0,0},{0,0,0,0,0,0,0,0,0},{0,0,0,0,0,0,0,0,0}}
]
11:44:22.440 INFO  [main] SudokuBoard - Wartość 0 wstawiona nieprawidłowo
11:44:22.441 INFO  [main] SudokuBoard - Bład w kwadracie 0
sudoku.model.SudokuBoard@765d67dd[
  size=9
  solver=sudoku.model.BacktrackingSudokuSolver@2e68bd3d
  board={{2,7,8,1,5,4,3,6,9},{3,4,5,6,7,9,8,1,2},{6,9,1,2,8,3,4,5,7},{8,3,9,7,4,1,0,0,0},{0,0,0,0,0,0,0,0,0},{0,0,0,0,0,0,0,0,0},{0,0,0,0,0,0,0,0,0},{0,0,0,0,0,0,0,0,0},{0,0,0,0,0,0,0,0,0}}
]
11:44:22.441 INFO  [main] SudokuBoard - Wartość 0 wstawiona nieprawidłowo
11:44:22.442 INFO  [main] SudokuBoard - Bład w kwadracie 0
sudoku.model.SudokuBoard@765d67dd[
  size=9
  solver=sudoku.model.BacktrackingSudokuSolver@2e68bd3d
  board={{2,7,8,1,5,4,3,6,9},{3,4,5,6,7,9,8,1,2},{6,9,1,2,8,3,4,5,7},{8,3,9,7,4,1,5,2,6},{1,2,6,3,9,8,7,0,0},{0,0,0,0,0,0,0,0,0},{0,0,0,0,0,0,0,0,0},{0,0,0,0,0,0,0,0,0},{0,0,0,0,0,0,0,0,0}}
]
11:44:22.442 INFO  [main] SudokuBoard - Wartość 0 wstawiona nieprawidłowo
11:44:22.442 INFO  [main] SudokuBoard - Bład w kwadracie 0
sudoku.model.SudokuBoard@765d67dd[
  size=9
  solver=sudoku.model.BacktrackingSudokuSolver@2e68bd3d
  board={{2,7,8,1,5,4,3,6,9},{3,4,5,6,7,9,8,1,2},{6,9,1,2,8,3,4,5,7},{8,3,9,7,4,1,5,2,6},{1,2,6,3,9,8,0,0,0},{0,0,0,0,0,0,0,0,0},{0,0,0,0,0,0,0,0,0},{0,0,0,0,0,0,0,0,0},{0,0,0,0,0,0,0,0,0}}
]
11:44:22.442 INFO  [main] SudokuBoard - Wartość 0 wstawiona nieprawidłowo
11:44:22.443 INFO  [main] SudokuBoard - Bład w kwadracie 0
sudoku.model.SudokuBoard@765d67dd[
  size=9
  solver=sudoku.model.BacktrackingSudokuSolver@2e68bd3d
  board={{2,7,8,1,5,4,3,6,9},{3,4,5,6,7,9,8,1,2},{6,9,1,2,8,3,4,5,7},{8,3,9,7,4,1,5,2,6},{1,2,6,3,9,0,0,0,0},{0,0,0,0,0,0,0,0,0},{0,0,0,0,0,0,0,0,0},{0,0,0,0,0,0,0,0,0},{0,0,0,0,0,0,0,0,0}}
]
11:44:22.443 INFO  [main] SudokuBoard - Wartość 0 wstawiona nieprawidłowo
]]></system-out>
  </testcase>
  <testcase name="testEqualsDiffrentClass" classname="sudoku.model.SeriesTest" time="0.067">
    <system-out><![CDATA[11:44:22.456 INFO  [main] SudokuBoard - Bład w kwadracie 0
sudoku.model.SudokuBoard@535adf36[
  size=9
  solver=sudoku.model.BacktrackingSudokuSolver@4ea4290f
  board={{5,6,7,2,3,4,8,9,1},{8,9,1,5,6,7,4,2,3},{2,3,4,8,9,1,5,6,7},{6,1,9,3,8,5,7,4,2},{7,8,2,6,1,9,3,0,0},{0,0,0,0,0,0,0,0,0},{0,0,0,0,0,0,0,0,0},{0,0,0,0,0,0,0,0,0},{0,0,0,0,0,0,0,0,0}}
]
11:44:22.460 INFO  [main] SudokuBoard - Wartość 0 wstawiona nieprawidłowo
11:44:22.461 INFO  [main] SudokuBoard - Bład w kwadracie 0
sudoku.model.SudokuBoard@535adf36[
  size=9
  solver=sudoku.model.BacktrackingSudokuSolver@4ea4290f
  board={{5,6,7,2,3,4,8,9,1},{8,9,1,5,6,7,4,2,3},{2,3,4,8,9,1,5,6,7},{6,1,9,3,8,5,7,4,2},{7,8,2,6,1,9,0,0,0},{0,0,0,0,0,0,0,0,0},{0,0,0,0,0,0,0,0,0},{0,0,0,0,0,0,0,0,0},{0,0,0,0,0,0,0,0,0}}
]
11:44:22.461 INFO  [main] SudokuBoard - Wartość 0 wstawiona nieprawidłowo
11:44:22.461 INFO  [main] SudokuBoard - Bład w kwadracie 0
sudoku.model.SudokuBoard@535adf36[
  size=9
  solver=sudoku.model.BacktrackingSudokuSolver@4ea4290f
  board={{5,6,7,2,3,4,8,9,1},{8,9,1,5,6,7,4,2,3},{2,3,4,8,9,1,5,6,7},{6,1,9,3,8,5,7,4,2},{7,8,2,6,1,0,0,0,0},{0,0,0,0,0,0,0,0,0},{0,0,0,0,0,0,0,0,0},{0,0,0,0,0,0,0,0,0},{0,0,0,0,0,0,0,0,0}}
]
11:44:22.461 INFO  [main] SudokuBoard - Wartość 0 wstawiona nieprawidłowo
11:44:22.462 INFO  [main] SudokuBoard - Bład w kwadracie 0
sudoku.model.SudokuBoard@535adf36[
  size=9
  solver=sudoku.model.BacktrackingSudokuSolver@4ea4290f
  board={{5,6,7,2,3,4,8,9,1},{8,9,1,5,6,7,4,2,3},{2,3,4,8,9,1,5,6,7},{6,1,9,3,8,5,7,4,2},{7,8,2,6,0,0,0,0,0},{0,0,0,0,0,0,0,0,0},{0,0,0,0,0,0,0,0,0},{0,0,0,0,0,0,0,0,0},{0,0,0,0,0,0,0,0,0}}
]
11:44:22.462 INFO  [main] SudokuBoard - Wartość 0 wstawiona nieprawidłowo
11:44:22.462 INFO  [main] SudokuBoard - Bład w kwadracie 0
sudoku.model.SudokuBoard@535adf36[
  size=9
  solver=sudoku.model.BacktrackingSudokuSolver@4ea4290f
  board={{5,6,7,2,3,4,8,9,1},{8,9,1,5,6,7,4,2,3},{2,3,4,8,9,1,5,6,7},{6,1,9,3,8,5,7,4,2},{7,8,2,6,4,9,1,3,5},{3,4,5,1,7,2,9,8,6},{4,7,8,9,1,6,3,0,0},{0,0,0,0,0,0,0,0,0},{0,0,0,0,0,0,0,0,0}}
]
11:44:22.462 INFO  [main] SudokuBoard - Wartość 0 wstawiona nieprawidłowo
11:44:22.463 INFO  [main] SudokuBoard - Bład w kwadracie 0
sudoku.model.SudokuBoard@535adf36[
  size=9
  solver=sudoku.model.BacktrackingSudokuSolver@4ea4290f
  board={{5,6,7,2,3,4,8,9,1},{8,9,1,5,6,7,4,2,3},{2,3,4,8,9,1,5,6,7},{6,1,9,3,8,5,7,4,2},{7,8,2,6,4,9,1,3,5},{3,4,5,1,7,2,9,8,6},{4,7,8,9,1,6,0,0,0},{0,0,0,0,0,0,0,0,0},{0,0,0,0,0,0,0,0,0}}
]
11:44:22.463 INFO  [main] SudokuBoard - Wartość 0 wstawiona nieprawidłowo
11:44:22.464 INFO  [main] SudokuBoard - Bład w kwadracie 0
sudoku.model.SudokuBoard@535adf36[
  size=9
  solver=sudoku.model.BacktrackingSudokuSolver@4ea4290f
  board={{5,6,7,2,3,4,8,9,1},{8,9,1,5,6,7,4,2,3},{2,3,4,8,9,1,5,6,7},{6,1,9,3,8,5,7,4,2},{7,8,2,6,4,9,1,3,5},{3,4,5,1,7,2,9,8,6},{4,7,8,9,1,6,2,0,0},{0,0,0,0,0,0,0,0,0},{0,0,0,0,0,0,0,0,0}}
]
11:44:22.464 INFO  [main] SudokuBoard - Wartość 0 wstawiona nieprawidłowo
11:44:22.464 INFO  [main] SudokuBoard - Bład w kwadracie 0
sudoku.model.SudokuBoard@535adf36[
  size=9
  solver=sudoku.model.BacktrackingSudokuSolver@4ea4290f
  board={{5,6,7,2,3,4,8,9,1},{8,9,1,5,6,7,4,2,3},{2,3,4,8,9,1,5,6,7},{6,1,9,3,8,5,7,4,2},{7,8,2,6,4,9,1,3,5},{3,4,5,1,7,2,9,8,6},{4,7,8,9,1,6,0,0,0},{0,0,0,0,0,0,0,0,0},{0,0,0,0,0,0,0,0,0}}
]
11:44:22.464 INFO  [main] SudokuBoard - Wartość 0 wstawiona nieprawidłowo
11:44:22.465 INFO  [main] SudokuBoard - Bład w kwadracie 0
sudoku.model.SudokuBoard@535adf36[
  size=9
  solver=sudoku.model.BacktrackingSudokuSolver@4ea4290f
  board={{5,6,7,2,3,4,8,9,1},{8,9,1,5,6,7,4,2,3},{2,3,4,8,9,1,5,6,7},{6,1,9,3,8,5,7,4,2},{7,8,2,6,4,9,1,3,5},{3,4,5,1,7,2,9,8,6},{4,7,8,9,1,0,0,0,0},{0,0,0,0,0,0,0,0,0},{0,0,0,0,0,0,0,0,0}}
]
11:44:22.465 INFO  [main] SudokuBoard - Wartość 0 wstawiona nieprawidłowo
11:44:22.465 INFO  [main] SudokuBoard - Bład w kwadracie 0
sudoku.model.SudokuBoard@535adf36[
  size=9
  solver=sudoku.model.BacktrackingSudokuSolver@4ea4290f
  board={{5,6,7,2,3,4,8,9,1},{8,9,1,5,6,7,4,2,3},{2,3,4,8,9,1,5,6,7},{6,1,9,3,8,5,7,4,2},{7,8,2,6,4,9,1,3,5},{3,4,5,1,7,2,9,8,6},{4,7,8,9,1,3,2,0,0},{0,0,0,0,0,0,0,0,0},{0,0,0,0,0,0,0,0,0}}
]
11:44:22.465 INFO  [main] SudokuBoard - Wartość 0 wstawiona nieprawidłowo
11:44:22.465 INFO  [main] SudokuBoard - Bład w kwadracie 0
sudoku.model.SudokuBoard@535adf36[
  size=9
  solver=sudoku.model.BacktrackingSudokuSolver@4ea4290f
  board={{5,6,7,2,3,4,8,9,1},{8,9,1,5,6,7,4,2,3},{2,3,4,8,9,1,5,6,7},{6,1,9,3,8,5,7,4,2},{7,8,2,6,4,9,1,3,5},{3,4,5,1,7,2,9,8,6},{4,7,8,9,1,3,0,0,0},{0,0,0,0,0,0,0,0,0},{0,0,0,0,0,0,0,0,0}}
]
11:44:22.466 INFO  [main] SudokuBoard - Wartość 0 wstawiona nieprawidłowo
11:44:22.466 INFO  [main] SudokuBoard - Bład w kwadracie 0
sudoku.model.SudokuBoard@535adf36[
  size=9
  solver=sudoku.model.BacktrackingSudokuSolver@4ea4290f
  board={{5,6,7,2,3,4,8,9,1},{8,9,1,5,6,7,4,2,3},{2,3,4,8,9,1,5,6,7},{6,1,9,3,8,5,7,4,2},{7,8,2,6,4,9,1,3,5},{3,4,5,1,7,2,9,8,6},{4,7,8,9,1,3,6,0,0},{0,0,0,0,0,0,0,0,0},{0,0,0,0,0,0,0,0,0}}
]
11:44:22.466 INFO  [main] SudokuBoard - Wartość 0 wstawiona nieprawidłowo
11:44:22.466 INFO  [main] SudokuBoard - Bład w kwadracie 0
sudoku.model.SudokuBoard@535adf36[
  size=9
  solver=sudoku.model.BacktrackingSudokuSolver@4ea4290f
  board={{5,6,7,2,3,4,8,9,1},{8,9,1,5,6,7,4,2,3},{2,3,4,8,9,1,5,6,7},{6,1,9,3,8,5,7,4,2},{7,8,2,6,4,9,1,3,5},{3,4,5,1,7,2,9,8,6},{4,7,8,9,1,3,0,0,0},{0,0,0,0,0,0,0,0,0},{0,0,0,0,0,0,0,0,0}}
]
11:44:22.466 INFO  [main] SudokuBoard - Wartość 0 wstawiona nieprawidłowo
11:44:22.467 INFO  [main] SudokuBoard - Bład w kwadracie 0
sudoku.model.SudokuBoard@535adf36[
  size=9
  solver=sudoku.model.BacktrackingSudokuSolver@4ea4290f
  board={{5,6,7,2,3,4,8,9,1},{8,9,1,5,6,7,4,2,3},{2,3,4,8,9,1,5,6,7},{6,1,9,3,8,5,7,4,2},{7,8,2,6,4,9,1,3,5},{3,4,5,1,7,2,9,8,6},{4,7,8,9,1,0,0,0,0},{0,0,0,0,0,0,0,0,0},{0,0,0,0,0,0,0,0,0}}
]
11:44:22.467 INFO  [main] SudokuBoard - Wartość 0 wstawiona nieprawidłowo
11:44:22.467 INFO  [main] SudokuBoard - Bład w kwadracie 0
sudoku.model.SudokuBoard@535adf36[
  size=9
  solver=sudoku.model.BacktrackingSudokuSolver@4ea4290f
  board={{5,6,7,2,3,4,8,9,1},{8,9,1,5,6,7,4,2,3},{2,3,4,8,9,1,5,6,7},{6,1,9,3,8,5,7,4,2},{7,8,2,6,4,9,1,3,5},{3,4,5,1,7,2,9,8,6},{4,7,8,9,0,0,0,0,0},{0,0,0,0,0,0,0,0,0},{0,0,0,0,0,0,0,0,0}}
]
11:44:22.467 INFO  [main] SudokuBoard - Wartość 0 wstawiona nieprawidłowo
11:44:22.482 INFO  [main] SudokuBoard - Bład w kwadracie 0
sudoku.model.SudokuBoard@535adf36[
  size=9
  solver=sudoku.model.BacktrackingSudokuSolver@4ea4290f
  board={{5,6,7,2,3,4,8,9,1},{8,9,1,5,6,7,4,2,3},{2,3,4,8,9,1,5,6,7},{6,1,9,3,8,5,7,4,2},{7,8,2,6,4,9,1,3,5},{3,4,5,1,7,2,9,8,6},{4,7,8,9,2,3,6,0,0},{0,0,0,0,0,0,0,0,0},{0,0,0,0,0,0,0,0,0}}
]
11:44:22.482 INFO  [main] SudokuBoard - Wartość 0 wstawiona nieprawidłowo
11:44:22.483 INFO  [main] SudokuBoard - Bład w kwadracie 0
sudoku.model.SudokuBoard@535adf36[
  size=9
  solver=sudoku.model.BacktrackingSudokuSolver@4ea4290f
  board={{5,6,7,2,3,4,8,9,1},{8,9,1,5,6,7,4,2,3},{2,3,4,8,9,1,5,6,7},{6,1,9,3,8,5,7,4,2},{7,8,2,6,4,9,1,3,5},{3,4,5,1,7,2,9,8,6},{4,7,8,9,2,3,6,0,0},{0,0,0,0,0,0,0,0,0},{0,0,0,0,0,0,0,0,0}}
]
11:44:22.483 INFO  [main] SudokuBoard - Wartość 0 wstawiona nieprawidłowo
11:44:22.484 INFO  [main] SudokuBoard - Bład w kwadracie 0
sudoku.model.SudokuBoard@535adf36[
  size=9
  solver=sudoku.model.BacktrackingSudokuSolver@4ea4290f
  board={{5,6,7,2,3,4,8,9,1},{8,9,1,5,6,7,4,2,3},{2,3,4,8,9,1,5,6,7},{6,1,9,3,8,5,7,4,2},{7,8,2,6,4,9,1,3,5},{3,4,5,1,7,2,9,8,6},{4,7,8,9,2,3,0,0,0},{0,0,0,0,0,0,0,0,0},{0,0,0,0,0,0,0,0,0}}
]
11:44:22.485 INFO  [main] SudokuBoard - Wartość 0 wstawiona nieprawidłowo
11:44:22.495 INFO  [main] SudokuBoard - Bład w kwadracie 0
sudoku.model.SudokuBoard@535adf36[
  size=9
  solver=sudoku.model.BacktrackingSudokuSolver@4ea4290f
  board={{5,6,7,2,3,4,8,9,1},{8,9,1,5,6,7,4,2,3},{2,3,4,8,9,1,5,6,7},{6,1,9,3,8,5,7,4,2},{7,8,2,6,4,9,1,3,5},{3,4,5,1,7,2,9,8,6},{4,7,8,9,2,0,0,0,0},{0,0,0,0,0,0,0,0,0},{0,0,0,0,0,0,0,0,0}}
]
11:44:22.505 INFO  [main] SudokuBoard - Wartość 0 wstawiona nieprawidłowo
11:44:22.511 INFO  [main] SudokuBoard - Bład w kwadracie 0
sudoku.model.SudokuBoard@535adf36[
  size=9
  solver=sudoku.model.BacktrackingSudokuSolver@4ea4290f
  board={{5,6,7,2,3,4,8,9,1},{8,9,1,5,6,7,4,2,3},{2,3,4,8,9,1,5,6,7},{6,1,9,3,8,5,7,4,2},{7,8,2,6,4,9,1,3,5},{3,4,5,1,7,2,9,8,6},{4,7,8,9,2,6,3,0,0},{0,0,0,0,0,0,0,0,0},{0,0,0,0,0,0,0,0,0}}
]
11:44:22.511 INFO  [main] SudokuBoard - Wartość 0 wstawiona nieprawidłowo
11:44:22.512 INFO  [main] SudokuBoard - Bład w kwadracie 0
sudoku.model.SudokuBoard@535adf36[
  size=9
  solver=sudoku.model.BacktrackingSudokuSolver@4ea4290f
  board={{5,6,7,2,3,4,8,9,1},{8,9,1,5,6,7,4,2,3},{2,3,4,8,9,1,5,6,7},{6,1,9,3,8,5,7,4,2},{7,8,2,6,4,9,1,3,5},{3,4,5,1,7,2,9,8,6},{4,7,8,9,2,6,3,0,0},{0,0,0,0,0,0,0,0,0},{0,0,0,0,0,0,0,0,0}}
]
11:44:22.512 INFO  [main] SudokuBoard - Wartość 0 wstawiona nieprawidłowo
11:44:22.512 INFO  [main] SudokuBoard - Bład w kwadracie 0
sudoku.model.SudokuBoard@535adf36[
  size=9
  solver=sudoku.model.BacktrackingSudokuSolver@4ea4290f
  board={{5,6,7,2,3,4,8,9,1},{8,9,1,5,6,7,4,2,3},{2,3,4,8,9,1,5,6,7},{6,1,9,3,8,5,7,4,2},{7,8,2,6,4,9,1,3,5},{3,4,5,1,7,2,9,8,6},{4,7,8,9,2,6,0,0,0},{0,0,0,0,0,0,0,0,0},{0,0,0,0,0,0,0,0,0}}
]
11:44:22.512 INFO  [main] SudokuBoard - Wartość 0 wstawiona nieprawidłowo
11:44:22.513 INFO  [main] SudokuBoard - Bład w kwadracie 0
sudoku.model.SudokuBoard@535adf36[
  size=9
  solver=sudoku.model.BacktrackingSudokuSolver@4ea4290f
  board={{5,6,7,2,3,4,8,9,1},{8,9,1,5,6,7,4,2,3},{2,3,4,8,9,1,5,6,7},{6,1,9,3,8,5,7,4,2},{7,8,2,6,4,9,1,3,5},{3,4,5,1,7,2,9,8,6},{4,7,8,9,2,0,0,0,0},{0,0,0,0,0,0,0,0,0},{0,0,0,0,0,0,0,0,0}}
]
11:44:22.513 INFO  [main] SudokuBoard - Wartość 0 wstawiona nieprawidłowo
11:44:22.513 INFO  [main] SudokuBoard - Bład w kwadracie 0
sudoku.model.SudokuBoard@535adf36[
  size=9
  solver=sudoku.model.BacktrackingSudokuSolver@4ea4290f
  board={{5,6,7,2,3,4,8,9,1},{8,9,1,5,6,7,4,2,3},{2,3,4,8,9,1,5,6,7},{6,1,9,3,8,5,7,4,2},{7,8,2,6,4,9,1,3,5},{3,4,5,1,7,2,9,8,6},{4,7,8,9,0,0,0,0,0},{0,0,0,0,0,0,0,0,0},{0,0,0,0,0,0,0,0,0}}
]
11:44:22.513 INFO  [main] SudokuBoard - Wartość 0 wstawiona nieprawidłowo
11:44:22.513 INFO  [main] SudokuBoard - Bład w kwadracie 0
sudoku.model.SudokuBoard@535adf36[
  size=9
  solver=sudoku.model.BacktrackingSudokuSolver@4ea4290f
  board={{5,6,7,2,3,4,8,9,1},{8,9,1,5,6,7,4,2,3},{2,3,4,8,9,1,5,6,7},{6,1,9,3,8,5,7,4,2},{7,8,2,6,4,9,1,3,5},{3,4,5,1,7,2,9,8,6},{4,7,8,9,5,3,6,0,0},{0,0,0,0,0,0,0,0,0},{0,0,0,0,0,0,0,0,0}}
]
11:44:22.513 INFO  [main] SudokuBoard - Wartość 0 wstawiona nieprawidłowo
11:44:22.513 INFO  [main] SudokuBoard - Bład w kwadracie 0
sudoku.model.SudokuBoard@535adf36[
  size=9
  solver=sudoku.model.BacktrackingSudokuSolver@4ea4290f
  board={{5,6,7,2,3,4,8,9,1},{8,9,1,5,6,7,4,2,3},{2,3,4,8,9,1,5,6,7},{6,1,9,3,8,5,7,4,2},{7,8,2,6,4,9,1,3,5},{3,4,5,1,7,2,9,8,6},{4,7,8,9,5,3,0,0,0},{0,0,0,0,0,0,0,0,0},{0,0,0,0,0,0,0,0,0}}
]
11:44:22.513 INFO  [main] SudokuBoard - Wartość 0 wstawiona nieprawidłowo
11:44:22.514 INFO  [main] SudokuBoard - Bład w kwadracie 0
sudoku.model.SudokuBoard@535adf36[
  size=9
  solver=sudoku.model.BacktrackingSudokuSolver@4ea4290f
  board={{5,6,7,2,3,4,8,9,1},{8,9,1,5,6,7,4,2,3},{2,3,4,8,9,1,5,6,7},{6,1,9,3,8,5,7,4,2},{7,8,2,6,4,9,1,3,5},{3,4,5,1,7,2,9,8,6},{4,7,8,9,5,3,2,0,0},{0,0,0,0,0,0,0,0,0},{0,0,0,0,0,0,0,0,0}}
]
11:44:22.514 INFO  [main] SudokuBoard - Wartość 0 wstawiona nieprawidłowo
11:44:22.514 INFO  [main] SudokuBoard - Bład w kwadracie 0
sudoku.model.SudokuBoard@535adf36[
  size=9
  solver=sudoku.model.BacktrackingSudokuSolver@4ea4290f
  board={{5,6,7,2,3,4,8,9,1},{8,9,1,5,6,7,4,2,3},{2,3,4,8,9,1,5,6,7},{6,1,9,3,8,5,7,4,2},{7,8,2,6,4,9,1,3,5},{3,4,5,1,7,2,9,8,6},{4,7,8,9,5,3,0,0,0},{0,0,0,0,0,0,0,0,0},{0,0,0,0,0,0,0,0,0}}
]
11:44:22.515 INFO  [main] SudokuBoard - Wartość 0 wstawiona nieprawidłowo
11:44:22.515 INFO  [main] SudokuBoard - Bład w kwadracie 0
sudoku.model.SudokuBoard@535adf36[
  size=9
  solver=sudoku.model.BacktrackingSudokuSolver@4ea4290f
  board={{5,6,7,2,3,4,8,9,1},{8,9,1,5,6,7,4,2,3},{2,3,4,8,9,1,5,6,7},{6,1,9,3,8,5,7,4,2},{7,8,2,6,4,9,1,3,5},{3,4,5,1,7,2,9,8,6},{4,7,8,9,5,0,0,0,0},{0,0,0,0,0,0,0,0,0},{0,0,0,0,0,0,0,0,0}}
]
11:44:22.515 INFO  [main] SudokuBoard - Wartość 0 wstawiona nieprawidłowo
11:44:22.515 INFO  [main] SudokuBoard - Bład w kwadracie 0
sudoku.model.SudokuBoard@535adf36[
  size=9
  solver=sudoku.model.BacktrackingSudokuSolver@4ea4290f
  board={{5,6,7,2,3,4,8,9,1},{8,9,1,5,6,7,4,2,3},{2,3,4,8,9,1,5,6,7},{6,1,9,3,8,5,7,4,2},{7,8,2,6,4,9,1,3,5},{3,4,5,1,7,2,9,8,6},{4,7,8,9,5,6,2,0,0},{0,0,0,0,0,0,0,0,0},{0,0,0,0,0,0,0,0,0}}
]
11:44:22.515 INFO  [main] SudokuBoard - Wartość 0 wstawiona nieprawidłowo
11:44:22.515 INFO  [main] SudokuBoard - Bład w kwadracie 0
sudoku.model.SudokuBoard@535adf36[
  size=9
  solver=sudoku.model.BacktrackingSudokuSolver@4ea4290f
  board={{5,6,7,2,3,4,8,9,1},{8,9,1,5,6,7,4,2,3},{2,3,4,8,9,1,5,6,7},{6,1,9,3,8,5,7,4,2},{7,8,2,6,4,9,1,3,5},{3,4,5,1,7,2,9,8,6},{4,7,8,9,5,6,0,0,0},{0,0,0,0,0,0,0,0,0},{0,0,0,0,0,0,0,0,0}}
]
11:44:22.515 INFO  [main] SudokuBoard - Wartość 0 wstawiona nieprawidłowo
11:44:22.516 INFO  [main] SudokuBoard - Bład w kwadracie 0
sudoku.model.SudokuBoard@535adf36[
  size=9
  solver=sudoku.model.BacktrackingSudokuSolver@4ea4290f
  board={{5,6,7,2,3,4,8,9,1},{8,9,1,5,6,7,4,2,3},{2,3,4,8,9,1,5,6,7},{6,1,9,3,8,5,7,4,2},{7,8,2,6,4,9,1,3,5},{3,4,5,1,7,2,9,8,6},{4,7,8,9,5,6,3,0,0},{0,0,0,0,0,0,0,0,0},{0,0,0,0,0,0,0,0,0}}
]
11:44:22.516 INFO  [main] SudokuBoard - Wartość 0 wstawiona nieprawidłowo
11:44:22.516 INFO  [main] SudokuBoard - Bład w kwadracie 0
sudoku.model.SudokuBoard@535adf36[
  size=9
  solver=sudoku.model.BacktrackingSudokuSolver@4ea4290f
  board={{5,6,7,2,3,4,8,9,1},{8,9,1,5,6,7,4,2,3},{2,3,4,8,9,1,5,6,7},{6,1,9,3,8,5,7,4,2},{7,8,2,6,4,9,1,3,5},{3,4,5,1,7,2,9,8,6},{4,7,8,9,5,6,0,0,0},{0,0,0,0,0,0,0,0,0},{0,0,0,0,0,0,0,0,0}}
]
11:44:22.516 INFO  [main] SudokuBoard - Wartość 0 wstawiona nieprawidłowo
11:44:22.516 INFO  [main] SudokuBoard - Bład w kwadracie 0
sudoku.model.SudokuBoard@535adf36[
  size=9
  solver=sudoku.model.BacktrackingSudokuSolver@4ea4290f
  board={{5,6,7,2,3,4,8,9,1},{8,9,1,5,6,7,4,2,3},{2,3,4,8,9,1,5,6,7},{6,1,9,3,8,5,7,4,2},{7,8,2,6,4,9,1,3,5},{3,4,5,1,7,2,9,8,6},{4,7,8,9,5,0,0,0,0},{0,0,0,0,0,0,0,0,0},{0,0,0,0,0,0,0,0,0}}
]
11:44:22.516 INFO  [main] SudokuBoard - Wartość 0 wstawiona nieprawidłowo
11:44:22.516 INFO  [main] SudokuBoard - Bład w kwadracie 0
sudoku.model.SudokuBoard@535adf36[
  size=9
  solver=sudoku.model.BacktrackingSudokuSolver@4ea4290f
  board={{5,6,7,2,3,4,8,9,1},{8,9,1,5,6,7,4,2,3},{2,3,4,8,9,1,5,6,7},{6,1,9,3,8,5,7,4,2},{7,8,2,6,4,9,1,3,5},{3,4,5,1,7,2,9,8,6},{4,7,8,9,0,0,0,0,0},{0,0,0,0,0,0,0,0,0},{0,0,0,0,0,0,0,0,0}}
]
11:44:22.516 INFO  [main] SudokuBoard - Wartość 0 wstawiona nieprawidłowo
11:44:22.516 INFO  [main] SudokuBoard - Bład w kwadracie 0
sudoku.model.SudokuBoard@535adf36[
  size=9
  solver=sudoku.model.BacktrackingSudokuSolver@4ea4290f
  board={{5,6,7,2,3,4,8,9,1},{8,9,1,5,6,7,4,2,3},{2,3,4,8,9,1,5,6,7},{6,1,9,3,8,5,7,4,2},{7,8,2,6,4,9,1,3,5},{3,4,5,1,7,2,9,8,6},{4,7,8,0,0,0,0,0,0},{0,0,0,0,0,0,0,0,0},{0,0,0,0,0,0,0,0,0}}
]
11:44:22.516 INFO  [main] SudokuBoard - Wartość 0 wstawiona nieprawidłowo
11:44:22.517 INFO  [main] SudokuBoard - Bład w kwadracie 0
sudoku.model.SudokuBoard@535adf36[
  size=9
  solver=sudoku.model.BacktrackingSudokuSolver@4ea4290f
  board={{5,6,7,2,3,4,8,9,1},{8,9,1,5,6,7,4,2,3},{2,3,4,8,9,1,5,6,7},{6,1,9,3,8,5,7,4,2},{7,8,2,6,4,9,1,3,5},{3,4,5,1,7,2,9,8,6},{4,7,0,0,0,0,0,0,0},{0,0,0,0,0,0,0,0,0},{0,0,0,0,0,0,0,0,0}}
]
11:44:22.517 INFO  [main] SudokuBoard - Wartość 0 wstawiona nieprawidłowo
11:44:22.517 INFO  [main] SudokuBoard - Bład w kwadracie 0
sudoku.model.SudokuBoard@535adf36[
  size=9
  solver=sudoku.model.BacktrackingSudokuSolver@4ea4290f
  board={{5,6,7,2,3,4,8,9,1},{8,9,1,5,6,7,4,2,3},{2,3,4,8,9,1,5,6,7},{6,1,9,3,8,5,7,4,2},{7,8,2,6,4,9,1,3,5},{3,4,5,1,7,2,9,8,6},{4,7,3,9,1,6,2,5,8},{1,2,6,4,5,0,0,0,0},{0,0,0,0,0,0,0,0,0}}
]
11:44:22.517 INFO  [main] SudokuBoard - Wartość 0 wstawiona nieprawidłowo
]]></system-out>
  </testcase>
  <testcase name="testEqualsNull" classname="sudoku.model.SeriesTest" time="0.045">
    <system-out><![CDATA[11:44:22.532 INFO  [main] SudokuBoard - Bład w kwadracie 0
sudoku.model.SudokuBoard@25cef4b3[
  size=9
  solver=sudoku.model.BacktrackingSudokuSolver@5e783f78
  board={{6,7,8,2,9,1,5,3,4},{4,9,5,6,3,7,8,1,2},{1,2,3,5,4,8,7,6,9},{2,3,9,7,6,4,1,5,8},{5,4,6,8,2,9,3,0,0},{0,0,0,0,0,0,0,0,0},{0,0,0,0,0,0,0,0,0},{0,0,0,0,0,0,0,0,0},{0,0,0,0,0,0,0,0,0}}
]
11:44:22.532 INFO  [main] SudokuBoard - Wartość 0 wstawiona nieprawidłowo
11:44:22.534 INFO  [main] SudokuBoard - Bład w kwadracie 0
sudoku.model.SudokuBoard@25cef4b3[
  size=9
  solver=sudoku.model.BacktrackingSudokuSolver@5e783f78
  board={{6,7,8,2,9,1,5,3,4},{4,9,5,6,3,7,8,1,2},{1,2,3,5,4,8,7,6,9},{2,3,9,7,6,4,1,5,8},{5,4,6,8,2,9,0,0,0},{0,0,0,0,0,0,0,0,0},{0,0,0,0,0,0,0,0,0},{0,0,0,0,0,0,0,0,0},{0,0,0,0,0,0,0,0,0}}
]
11:44:22.534 INFO  [main] SudokuBoard - Wartość 0 wstawiona nieprawidłowo
11:44:22.534 INFO  [main] SudokuBoard - Bład w kwadracie 0
sudoku.model.SudokuBoard@25cef4b3[
  size=9
  solver=sudoku.model.BacktrackingSudokuSolver@5e783f78
  board={{6,7,8,2,9,1,5,3,4},{4,9,5,6,3,7,8,1,2},{1,2,3,5,4,8,7,6,9},{2,3,9,7,6,4,1,5,8},{5,4,6,8,2,0,0,0,0},{0,0,0,0,0,0,0,0,0},{0,0,0,0,0,0,0,0,0},{0,0,0,0,0,0,0,0,0},{0,0,0,0,0,0,0,0,0}}
]
11:44:22.535 INFO  [main] SudokuBoard - Wartość 0 wstawiona nieprawidłowo
11:44:22.535 INFO  [main] SudokuBoard - Bład w kwadracie 0
sudoku.model.SudokuBoard@25cef4b3[
  size=9
  solver=sudoku.model.BacktrackingSudokuSolver@5e783f78
  board={{6,7,8,2,9,1,5,3,4},{4,9,5,6,3,7,8,1,2},{1,2,3,5,4,8,7,6,9},{2,3,9,7,6,4,1,5,8},{5,4,6,8,2,3,9,0,0},{0,0,0,0,0,0,0,0,0},{0,0,0,0,0,0,0,0,0},{0,0,0,0,0,0,0,0,0},{0,0,0,0,0,0,0,0,0}}
]
11:44:22.535 INFO  [main] SudokuBoard - Wartość 0 wstawiona nieprawidłowo
11:44:22.535 INFO  [main] SudokuBoard - Bład w kwadracie 0
sudoku.model.SudokuBoard@25cef4b3[
  size=9
  solver=sudoku.model.BacktrackingSudokuSolver@5e783f78
  board={{6,7,8,2,9,1,5,3,4},{4,9,5,6,3,7,8,1,2},{1,2,3,5,4,8,7,6,9},{2,3,9,7,6,4,1,5,8},{5,4,6,8,2,3,0,0,0},{0,0,0,0,0,0,0,0,0},{0,0,0,0,0,0,0,0,0},{0,0,0,0,0,0,0,0,0},{0,0,0,0,0,0,0,0,0}}
]
11:44:22.535 INFO  [main] SudokuBoard - Wartość 0 wstawiona nieprawidłowo
11:44:22.536 INFO  [main] SudokuBoard - Bład w kwadracie 0
sudoku.model.SudokuBoard@25cef4b3[
  size=9
  solver=sudoku.model.BacktrackingSudokuSolver@5e783f78
  board={{6,7,8,2,9,1,5,3,4},{4,9,5,6,3,7,8,1,2},{1,2,3,5,4,8,7,6,9},{2,3,9,7,6,4,1,5,8},{5,4,6,8,2,0,0,0,0},{0,0,0,0,0,0,0,0,0},{0,0,0,0,0,0,0,0,0},{0,0,0,0,0,0,0,0,0},{0,0,0,0,0,0,0,0,0}}
]
11:44:22.536 INFO  [main] SudokuBoard - Wartość 0 wstawiona nieprawidłowo
11:44:22.536 INFO  [main] SudokuBoard - Bład w kwadracie 0
sudoku.model.SudokuBoard@25cef4b3[
  size=9
  solver=sudoku.model.BacktrackingSudokuSolver@5e783f78
  board={{6,7,8,2,9,1,5,3,4},{4,9,5,6,3,7,8,1,2},{1,2,3,5,4,8,7,6,9},{2,3,9,7,6,4,1,5,8},{5,4,6,8,0,0,0,0,0},{0,0,0,0,0,0,0,0,0},{0,0,0,0,0,0,0,0,0},{0,0,0,0,0,0,0,0,0},{0,0,0,0,0,0,0,0,0}}
]
11:44:22.536 INFO  [main] SudokuBoard - Wartość 0 wstawiona nieprawidłowo
11:44:22.536 INFO  [main] SudokuBoard - Bład w kwadracie 0
sudoku.model.SudokuBoard@25cef4b3[
  size=9
  solver=sudoku.model.BacktrackingSudokuSolver@5e783f78
  board={{6,7,8,2,9,1,5,3,4},{4,9,5,6,3,7,8,1,2},{1,2,3,5,4,8,7,6,9},{2,3,9,7,6,4,1,5,8},{5,4,6,8,1,9,2,7,3},{7,8,1,3,2,5,9,4,6},{8,1,7,9,5,6,3,0,0},{0,0,0,0,0,0,0,0,0},{0,0,0,0,0,0,0,0,0}}
]
11:44:22.536 INFO  [main] SudokuBoard - Wartość 0 wstawiona nieprawidłowo
11:44:22.536 INFO  [main] SudokuBoard - Bład w kwadracie 0
sudoku.model.SudokuBoard@25cef4b3[
  size=9
  solver=sudoku.model.BacktrackingSudokuSolver@5e783f78
  board={{6,7,8,2,9,1,5,3,4},{4,9,5,6,3,7,8,1,2},{1,2,3,5,4,8,7,6,9},{2,3,9,7,6,4,1,5,8},{5,4,6,8,1,9,2,7,3},{7,8,1,3,2,5,9,4,6},{8,1,7,9,5,6,0,0,0},{0,0,0,0,0,0,0,0,0},{0,0,0,0,0,0,0,0,0}}
]
11:44:22.536 INFO  [main] SudokuBoard - Wartość 0 wstawiona nieprawidłowo
11:44:22.537 INFO  [main] SudokuBoard - Bład w kwadracie 0
sudoku.model.SudokuBoard@25cef4b3[
  size=9
  solver=sudoku.model.BacktrackingSudokuSolver@5e783f78
  board={{6,7,8,2,9,1,5,3,4},{4,9,5,6,3,7,8,1,2},{1,2,3,5,4,8,7,6,9},{2,3,9,7,6,4,1,5,8},{5,4,6,8,1,9,2,7,3},{7,8,1,3,2,5,9,4,6},{8,1,7,9,5,6,4,0,0},{0,0,0,0,0,0,0,0,0},{0,0,0,0,0,0,0,0,0}}
]
11:44:22.537 INFO  [main] SudokuBoard - Wartość 0 wstawiona nieprawidłowo
11:44:22.537 INFO  [main] SudokuBoard - Bład w kwadracie 0
sudoku.model.SudokuBoard@25cef4b3[
  size=9
  solver=sudoku.model.BacktrackingSudokuSolver@5e783f78
  board={{6,7,8,2,9,1,5,3,4},{4,9,5,6,3,7,8,1,2},{1,2,3,5,4,8,7,6,9},{2,3,9,7,6,4,1,5,8},{5,4,6,8,1,9,2,7,3},{7,8,1,3,2,5,9,4,6},{8,1,7,9,5,6,0,0,0},{0,0,0,0,0,0,0,0,0},{0,0,0,0,0,0,0,0,0}}
]
11:44:22.537 INFO  [main] SudokuBoard - Wartość 0 wstawiona nieprawidłowo
11:44:22.537 INFO  [main] SudokuBoard - Bład w kwadracie 0
sudoku.model.SudokuBoard@25cef4b3[
  size=9
  solver=sudoku.model.BacktrackingSudokuSolver@5e783f78
  board={{6,7,8,2,9,1,5,3,4},{4,9,5,6,3,7,8,1,2},{1,2,3,5,4,8,7,6,9},{2,3,9,7,6,4,1,5,8},{5,4,6,8,1,9,2,7,3},{7,8,1,3,2,5,9,4,6},{8,1,7,9,5,0,0,0,0},{0,0,0,0,0,0,0,0,0},{0,0,0,0,0,0,0,0,0}}
]
11:44:22.537 INFO  [main] SudokuBoard - Wartość 0 wstawiona nieprawidłowo
11:44:22.542 INFO  [main] SudokuBoard - Bład w kwadracie 0
sudoku.model.SudokuBoard@25cef4b3[
  size=9
  solver=sudoku.model.BacktrackingSudokuSolver@5e783f78
  board={{6,7,8,2,9,1,5,3,4},{4,9,5,6,3,7,8,1,2},{1,2,3,5,4,8,7,6,9},{2,3,9,7,6,4,1,5,8},{5,4,6,8,1,9,2,7,3},{7,8,1,3,2,5,9,4,6},{8,1,7,9,5,2,0,0,0},{0,0,0,0,0,0,0,0,0},{0,0,0,0,0,0,0,0,0}}
]
11:44:22.542 INFO  [main] SudokuBoard - Wartość 0 wstawiona nieprawidłowo
11:44:22.542 INFO  [main] SudokuBoard - Bład w kwadracie 0
sudoku.model.SudokuBoard@25cef4b3[
  size=9
  solver=sudoku.model.BacktrackingSudokuSolver@5e783f78
  board={{6,7,8,2,9,1,5,3,4},{4,9,5,6,3,7,8,1,2},{1,2,3,5,4,8,7,6,9},{2,3,9,7,6,4,1,5,8},{5,4,6,8,1,9,2,7,3},{7,8,1,3,2,5,9,4,6},{8,1,7,9,5,2,0,0,0},{0,0,0,0,0,0,0,0,0},{0,0,0,0,0,0,0,0,0}}
]
11:44:22.542 INFO  [main] SudokuBoard - Wartość 0 wstawiona nieprawidłowo
11:44:22.542 INFO  [main] SudokuBoard - Bład w kwadracie 0
sudoku.model.SudokuBoard@25cef4b3[
  size=9
  solver=sudoku.model.BacktrackingSudokuSolver@5e783f78
  board={{6,7,8,2,9,1,5,3,4},{4,9,5,6,3,7,8,1,2},{1,2,3,5,4,8,7,6,9},{2,3,9,7,6,4,1,5,8},{5,4,6,8,1,9,2,7,3},{7,8,1,3,2,5,9,4,6},{8,1,7,9,5,2,0,0,0},{0,0,0,0,0,0,0,0,0},{0,0,0,0,0,0,0,0,0}}
]
11:44:22.542 INFO  [main] SudokuBoard - Wartość 0 wstawiona nieprawidłowo
11:44:22.542 INFO  [main] SudokuBoard - Bład w kwadracie 0
sudoku.model.SudokuBoard@25cef4b3[
  size=9
  solver=sudoku.model.BacktrackingSudokuSolver@5e783f78
  board={{6,7,8,2,9,1,5,3,4},{4,9,5,6,3,7,8,1,2},{1,2,3,5,4,8,7,6,9},{2,3,9,7,6,4,1,5,8},{5,4,6,8,1,9,2,7,3},{7,8,1,3,2,5,9,4,6},{8,1,7,9,5,0,0,0,0},{0,0,0,0,0,0,0,0,0},{0,0,0,0,0,0,0,0,0}}
]
11:44:22.543 INFO  [main] SudokuBoard - Wartość 0 wstawiona nieprawidłowo
11:44:22.543 INFO  [main] SudokuBoard - Bład w kwadracie 0
sudoku.model.SudokuBoard@25cef4b3[
  size=9
  solver=sudoku.model.BacktrackingSudokuSolver@5e783f78
  board={{6,7,8,2,9,1,5,3,4},{4,9,5,6,3,7,8,1,2},{1,2,3,5,4,8,7,6,9},{2,3,9,7,6,4,1,5,8},{5,4,6,8,1,9,2,7,3},{7,8,1,3,2,5,9,4,6},{8,1,7,9,5,3,4,0,0},{0,0,0,0,0,0,0,0,0},{0,0,0,0,0,0,0,0,0}}
]
11:44:22.543 INFO  [main] SudokuBoard - Wartość 0 wstawiona nieprawidłowo
11:44:22.543 INFO  [main] SudokuBoard - Bład w kwadracie 0
sudoku.model.SudokuBoard@25cef4b3[
  size=9
  solver=sudoku.model.BacktrackingSudokuSolver@5e783f78
  board={{6,7,8,2,9,1,5,3,4},{4,9,5,6,3,7,8,1,2},{1,2,3,5,4,8,7,6,9},{2,3,9,7,6,4,1,5,8},{5,4,6,8,1,9,2,7,3},{7,8,1,3,2,5,9,4,6},{8,1,7,9,5,3,0,0,0},{0,0,0,0,0,0,0,0,0},{0,0,0,0,0,0,0,0,0}}
]
11:44:22.543 INFO  [main] SudokuBoard - Wartość 0 wstawiona nieprawidłowo
11:44:22.543 INFO  [main] SudokuBoard - Bład w kwadracie 0
sudoku.model.SudokuBoard@25cef4b3[
  size=9
  solver=sudoku.model.BacktrackingSudokuSolver@5e783f78
  board={{6,7,8,2,9,1,5,3,4},{4,9,5,6,3,7,8,1,2},{1,2,3,5,4,8,7,6,9},{2,3,9,7,6,4,1,5,8},{5,4,6,8,1,9,2,7,3},{7,8,1,3,2,5,9,4,6},{8,1,7,9,5,3,6,0,0},{0,0,0,0,0,0,0,0,0},{0,0,0,0,0,0,0,0,0}}
]
11:44:22.543 INFO  [main] SudokuBoard - Wartość 0 wstawiona nieprawidłowo
11:44:22.543 INFO  [main] SudokuBoard - Bład w kwadracie 0
sudoku.model.SudokuBoard@25cef4b3[
  size=9
  solver=sudoku.model.BacktrackingSudokuSolver@5e783f78
  board={{6,7,8,2,9,1,5,3,4},{4,9,5,6,3,7,8,1,2},{1,2,3,5,4,8,7,6,9},{2,3,9,7,6,4,1,5,8},{5,4,6,8,1,9,2,7,3},{7,8,1,3,2,5,9,4,6},{8,1,7,9,5,3,0,0,0},{0,0,0,0,0,0,0,0,0},{0,0,0,0,0,0,0,0,0}}
]
11:44:22.543 INFO  [main] SudokuBoard - Wartość 0 wstawiona nieprawidłowo
11:44:22.544 INFO  [main] SudokuBoard - Bład w kwadracie 0
sudoku.model.SudokuBoard@25cef4b3[
  size=9
  solver=sudoku.model.BacktrackingSudokuSolver@5e783f78
  board={{6,7,8,2,9,1,5,3,4},{4,9,5,6,3,7,8,1,2},{1,2,3,5,4,8,7,6,9},{2,3,9,7,6,4,1,5,8},{5,4,6,8,1,9,2,7,3},{7,8,1,3,2,5,9,4,6},{8,1,7,9,5,0,0,0,0},{0,0,0,0,0,0,0,0,0},{0,0,0,0,0,0,0,0,0}}
]
11:44:22.544 INFO  [main] SudokuBoard - Wartość 0 wstawiona nieprawidłowo
11:44:22.545 INFO  [main] SudokuBoard - Bład w kwadracie 0
sudoku.model.SudokuBoard@25cef4b3[
  size=9
  solver=sudoku.model.BacktrackingSudokuSolver@5e783f78
  board={{6,7,8,2,9,1,5,3,4},{4,9,5,6,3,7,8,1,2},{1,2,3,5,4,8,7,6,9},{2,3,9,7,6,4,1,5,8},{5,4,6,8,1,9,2,7,3},{7,8,1,3,2,5,9,4,6},{8,1,7,9,0,0,0,0,0},{0,0,0,0,0,0,0,0,0},{0,0,0,0,0,0,0,0,0}}
]
11:44:22.545 INFO  [main] SudokuBoard - Wartość 0 wstawiona nieprawidłowo
11:44:22.545 INFO  [main] SudokuBoard - Bład w kwadracie 0
sudoku.model.SudokuBoard@25cef4b3[
  size=9
  solver=sudoku.model.BacktrackingSudokuSolver@5e783f78
  board={{6,7,8,2,9,1,5,3,4},{4,9,5,6,3,7,8,1,2},{1,2,3,5,4,8,7,6,9},{2,3,9,7,6,4,1,5,8},{5,4,6,8,1,9,2,7,3},{7,8,1,3,2,5,9,4,6},{8,1,7,0,0,0,0,0,0},{0,0,0,0,0,0,0,0,0},{0,0,0,0,0,0,0,0,0}}
]
11:44:22.545 INFO  [main] SudokuBoard - Wartość 0 wstawiona nieprawidłowo
11:44:22.545 INFO  [main] SudokuBoard - Bład w kwadracie 0
sudoku.model.SudokuBoard@25cef4b3[
  size=9
  solver=sudoku.model.BacktrackingSudokuSolver@5e783f78
  board={{6,7,8,2,9,1,5,3,4},{4,9,5,6,3,7,8,1,2},{1,2,3,5,4,8,7,6,9},{2,3,9,7,6,4,1,5,8},{5,4,6,8,1,9,2,7,3},{7,8,1,3,2,5,9,4,6},{8,1,7,4,5,6,3,0,0},{0,0,0,0,0,0,0,0,0},{0,0,0,0,0,0,0,0,0}}
]
11:44:22.545 INFO  [main] SudokuBoard - Wartość 0 wstawiona nieprawidłowo
11:44:22.547 INFO  [main] SudokuBoard - Bład w kwadracie 0
sudoku.model.SudokuBoard@25cef4b3[
  size=9
  solver=sudoku.model.BacktrackingSudokuSolver@5e783f78
  board={{6,7,8,2,9,1,5,3,4},{4,9,5,6,3,7,8,1,2},{1,2,3,5,4,8,7,6,9},{2,3,9,7,6,4,1,5,8},{5,4,6,8,1,9,2,7,3},{7,8,1,3,2,5,9,4,6},{8,1,7,4,5,6,3,0,0},{0,0,0,0,0,0,0,0,0},{0,0,0,0,0,0,0,0,0}}
]
11:44:22.547 INFO  [main] SudokuBoard - Wartość 0 wstawiona nieprawidłowo
11:44:22.547 INFO  [main] SudokuBoard - Bład w kwadracie 0
sudoku.model.SudokuBoard@25cef4b3[
  size=9
  solver=sudoku.model.BacktrackingSudokuSolver@5e783f78
  board={{6,7,8,2,9,1,5,3,4},{4,9,5,6,3,7,8,1,2},{1,2,3,5,4,8,7,6,9},{2,3,9,7,6,4,1,5,8},{5,4,6,8,1,9,2,7,3},{7,8,1,3,2,5,9,4,6},{8,1,7,4,5,6,0,0,0},{0,0,0,0,0,0,0,0,0},{0,0,0,0,0,0,0,0,0}}
]
11:44:22.548 INFO  [main] SudokuBoard - Wartość 0 wstawiona nieprawidłowo
11:44:22.548 INFO  [main] SudokuBoard - Bład w kwadracie 0
sudoku.model.SudokuBoard@25cef4b3[
  size=9
  solver=sudoku.model.BacktrackingSudokuSolver@5e783f78
  board={{6,7,8,2,9,1,5,3,4},{4,9,5,6,3,7,8,1,2},{1,2,3,5,4,8,7,6,9},{2,3,9,7,6,4,1,5,8},{5,4,6,8,1,9,2,7,3},{7,8,1,3,2,5,9,4,6},{8,1,7,4,5,0,0,0,0},{0,0,0,0,0,0,0,0,0},{0,0,0,0,0,0,0,0,0}}
]
11:44:22.548 INFO  [main] SudokuBoard - Wartość 0 wstawiona nieprawidłowo
11:44:22.548 INFO  [main] SudokuBoard - Bład w kwadracie 0
sudoku.model.SudokuBoard@25cef4b3[
  size=9
  solver=sudoku.model.BacktrackingSudokuSolver@5e783f78
  board={{6,7,8,2,9,1,5,3,4},{4,9,5,6,3,7,8,1,2},{1,2,3,5,4,8,7,6,9},{2,3,9,7,6,4,1,5,8},{5,4,6,8,1,9,2,7,3},{7,8,1,3,2,5,9,4,6},{8,1,7,4,5,2,3,0,0},{0,0,0,0,0,0,0,0,0},{0,0,0,0,0,0,0,0,0}}
]
11:44:22.548 INFO  [main] SudokuBoard - Wartość 0 wstawiona nieprawidłowo
11:44:22.548 INFO  [main] SudokuBoard - Bład w kwadracie 0
sudoku.model.SudokuBoard@25cef4b3[
  size=9
  solver=sudoku.model.BacktrackingSudokuSolver@5e783f78
  board={{6,7,8,2,9,1,5,3,4},{4,9,5,6,3,7,8,1,2},{1,2,3,5,4,8,7,6,9},{2,3,9,7,6,4,1,5,8},{5,4,6,8,1,9,2,7,3},{7,8,1,3,2,5,9,4,6},{8,1,7,4,5,2,0,0,0},{0,0,0,0,0,0,0,0,0},{0,0,0,0,0,0,0,0,0}}
]
11:44:22.548 INFO  [main] SudokuBoard - Wartość 0 wstawiona nieprawidłowo
11:44:22.548 INFO  [main] SudokuBoard - Bład w kwadracie 0
sudoku.model.SudokuBoard@25cef4b3[
  size=9
  solver=sudoku.model.BacktrackingSudokuSolver@5e783f78
  board={{6,7,8,2,9,1,5,3,4},{4,9,5,6,3,7,8,1,2},{1,2,3,5,4,8,7,6,9},{2,3,9,7,6,4,1,5,8},{5,4,6,8,1,9,2,7,3},{7,8,1,3,2,5,9,4,6},{8,1,7,4,5,2,6,0,0},{0,0,0,0,0,0,0,0,0},{0,0,0,0,0,0,0,0,0}}
]
11:44:22.548 INFO  [main] SudokuBoard - Wartość 0 wstawiona nieprawidłowo
11:44:22.548 INFO  [main] SudokuBoard - Bład w kwadracie 0
sudoku.model.SudokuBoard@25cef4b3[
  size=9
  solver=sudoku.model.BacktrackingSudokuSolver@5e783f78
  board={{6,7,8,2,9,1,5,3,4},{4,9,5,6,3,7,8,1,2},{1,2,3,5,4,8,7,6,9},{2,3,9,7,6,4,1,5,8},{5,4,6,8,1,9,2,7,3},{7,8,1,3,2,5,9,4,6},{8,1,7,4,5,2,0,0,0},{0,0,0,0,0,0,0,0,0},{0,0,0,0,0,0,0,0,0}}
]
11:44:22.550 INFO  [main] SudokuBoard - Wartość 0 wstawiona nieprawidłowo
11:44:22.550 INFO  [main] SudokuBoard - Bład w kwadracie 0
sudoku.model.SudokuBoard@25cef4b3[
  size=9
  solver=sudoku.model.BacktrackingSudokuSolver@5e783f78
  board={{6,7,8,2,9,1,5,3,4},{4,9,5,6,3,7,8,1,2},{1,2,3,5,4,8,7,6,9},{2,3,9,7,6,4,1,5,8},{5,4,6,8,1,9,2,7,3},{7,8,1,3,2,5,9,4,6},{8,1,7,4,5,0,0,0,0},{0,0,0,0,0,0,0,0,0},{0,0,0,0,0,0,0,0,0}}
]
11:44:22.550 INFO  [main] SudokuBoard - Wartość 0 wstawiona nieprawidłowo
11:44:22.550 INFO  [main] SudokuBoard - Bład w kwadracie 0
sudoku.model.SudokuBoard@25cef4b3[
  size=9
  solver=sudoku.model.BacktrackingSudokuSolver@5e783f78
  board={{6,7,8,2,9,1,5,3,4},{4,9,5,6,3,7,8,1,2},{1,2,3,5,4,8,7,6,9},{2,3,9,7,6,4,1,5,8},{5,4,6,8,1,9,2,7,3},{7,8,1,3,2,5,9,4,6},{8,1,7,4,5,3,6,0,0},{0,0,0,0,0,0,0,0,0},{0,0,0,0,0,0,0,0,0}}
]
11:44:22.550 INFO  [main] SudokuBoard - Wartość 0 wstawiona nieprawidłowo
11:44:22.550 INFO  [main] SudokuBoard - Bład w kwadracie 0
sudoku.model.SudokuBoard@25cef4b3[
  size=9
  solver=sudoku.model.BacktrackingSudokuSolver@5e783f78
  board={{6,7,8,2,9,1,5,3,4},{4,9,5,6,3,7,8,1,2},{1,2,3,5,4,8,7,6,9},{2,3,9,7,6,4,1,5,8},{5,4,6,8,1,9,2,7,3},{7,8,1,3,2,5,9,4,6},{8,1,7,4,5,3,6,0,0},{0,0,0,0,0,0,0,0,0},{0,0,0,0,0,0,0,0,0}}
]
11:44:22.550 INFO  [main] SudokuBoard - Wartość 0 wstawiona nieprawidłowo
11:44:22.550 INFO  [main] SudokuBoard - Bład w kwadracie 0
sudoku.model.SudokuBoard@25cef4b3[
  size=9
  solver=sudoku.model.BacktrackingSudokuSolver@5e783f78
  board={{6,7,8,2,9,1,5,3,4},{4,9,5,6,3,7,8,1,2},{1,2,3,5,4,8,7,6,9},{2,3,9,7,6,4,1,5,8},{5,4,6,8,1,9,2,7,3},{7,8,1,3,2,5,9,4,6},{8,1,7,4,5,3,0,0,0},{0,0,0,0,0,0,0,0,0},{0,0,0,0,0,0,0,0,0}}
]
11:44:22.551 INFO  [main] SudokuBoard - Wartość 0 wstawiona nieprawidłowo
11:44:22.551 INFO  [main] SudokuBoard - Bład w kwadracie 0
sudoku.model.SudokuBoard@25cef4b3[
  size=9
  solver=sudoku.model.BacktrackingSudokuSolver@5e783f78
  board={{6,7,8,2,9,1,5,3,4},{4,9,5,6,3,7,8,1,2},{1,2,3,5,4,8,7,6,9},{2,3,9,7,6,4,1,5,8},{5,4,6,8,1,9,2,7,3},{7,8,1,3,2,5,9,4,6},{8,1,7,4,5,0,0,0,0},{0,0,0,0,0,0,0,0,0},{0,0,0,0,0,0,0,0,0}}
]
11:44:22.551 INFO  [main] SudokuBoard - Wartość 0 wstawiona nieprawidłowo
11:44:22.551 INFO  [main] SudokuBoard - Bład w kwadracie 0
sudoku.model.SudokuBoard@25cef4b3[
  size=9
  solver=sudoku.model.BacktrackingSudokuSolver@5e783f78
  board={{6,7,8,2,9,1,5,3,4},{4,9,5,6,3,7,8,1,2},{1,2,3,5,4,8,7,6,9},{2,3,9,7,6,4,1,5,8},{5,4,6,8,1,9,2,7,3},{7,8,1,3,2,5,9,4,6},{8,1,7,4,0,0,0,0,0},{0,0,0,0,0,0,0,0,0},{0,0,0,0,0,0,0,0,0}}
]
11:44:22.551 INFO  [main] SudokuBoard - Wartość 0 wstawiona nieprawidłowo
11:44:22.551 INFO  [main] SudokuBoard - Bład w kwadracie 0
sudoku.model.SudokuBoard@25cef4b3[
  size=9
  solver=sudoku.model.BacktrackingSudokuSolver@5e783f78
  board={{6,7,8,2,9,1,5,3,4},{4,9,5,6,3,7,8,1,2},{1,2,3,5,4,8,7,6,9},{2,3,9,7,6,4,1,5,8},{5,4,6,8,1,9,2,7,3},{7,8,1,3,2,5,9,4,6},{8,1,7,0,0,0,0,0,0},{0,0,0,0,0,0,0,0,0},{0,0,0,0,0,0,0,0,0}}
]
11:44:22.551 INFO  [main] SudokuBoard - Wartość 0 wstawiona nieprawidłowo
11:44:22.551 INFO  [main] SudokuBoard - Bład w kwadracie 0
sudoku.model.SudokuBoard@25cef4b3[
  size=9
  solver=sudoku.model.BacktrackingSudokuSolver@5e783f78
  board={{6,7,8,2,9,1,5,3,4},{4,9,5,6,3,7,8,1,2},{1,2,3,5,4,8,7,6,9},{2,3,9,7,6,4,1,5,8},{5,4,6,8,1,9,2,7,3},{7,8,1,3,2,5,9,4,6},{8,1,0,0,0,0,0,0,0},{0,0,0,0,0,0,0,0,0},{0,0,0,0,0,0,0,0,0}}
]
11:44:22.551 INFO  [main] SudokuBoard - Wartość 0 wstawiona nieprawidłowo
11:44:22.552 INFO  [main] SudokuBoard - Bład w kwadracie 0
sudoku.model.SudokuBoard@25cef4b3[
  size=9
  solver=sudoku.model.BacktrackingSudokuSolver@5e783f78
  board={{6,7,8,2,9,1,5,3,4},{4,9,5,6,3,7,8,1,2},{1,2,3,5,4,8,7,6,9},{2,3,9,7,6,4,1,5,8},{5,4,6,8,1,9,2,7,3},{7,8,1,3,2,5,9,4,6},{8,1,2,9,5,3,0,0,0},{0,0,0,0,0,0,0,0,0},{0,0,0,0,0,0,0,0,0}}
]
11:44:22.552 INFO  [main] SudokuBoard - Wartość 0 wstawiona nieprawidłowo
11:44:22.552 INFO  [main] SudokuBoard - Bład w kwadracie 0
sudoku.model.SudokuBoard@25cef4b3[
  size=9
  solver=sudoku.model.BacktrackingSudokuSolver@5e783f78
  board={{6,7,8,2,9,1,5,3,4},{4,9,5,6,3,7,8,1,2},{1,2,3,5,4,8,7,6,9},{2,3,9,7,6,4,1,5,8},{5,4,6,8,1,9,2,7,3},{7,8,1,3,2,5,9,4,6},{8,1,2,9,5,3,0,0,0},{0,0,0,0,0,0,0,0,0},{0,0,0,0,0,0,0,0,0}}
]
11:44:22.552 INFO  [main] SudokuBoard - Wartość 0 wstawiona nieprawidłowo
11:44:22.552 INFO  [main] SudokuBoard - Bład w kwadracie 0
sudoku.model.SudokuBoard@25cef4b3[
  size=9
  solver=sudoku.model.BacktrackingSudokuSolver@5e783f78
  board={{6,7,8,2,9,1,5,3,4},{4,9,5,6,3,7,8,1,2},{1,2,3,5,4,8,7,6,9},{2,3,9,7,6,4,1,5,8},{5,4,6,8,1,9,2,7,3},{7,8,1,3,2,5,9,4,6},{8,1,2,9,5,0,0,0,0},{0,0,0,0,0,0,0,0,0},{0,0,0,0,0,0,0,0,0}}
]
11:44:22.552 INFO  [main] SudokuBoard - Wartość 0 wstawiona nieprawidłowo
11:44:22.553 INFO  [main] SudokuBoard - Bład w kwadracie 0
sudoku.model.SudokuBoard@25cef4b3[
  size=9
  solver=sudoku.model.BacktrackingSudokuSolver@5e783f78
  board={{6,7,8,2,9,1,5,3,4},{4,9,5,6,3,7,8,1,2},{1,2,3,5,4,8,7,6,9},{2,3,9,7,6,4,1,5,8},{5,4,6,8,1,9,2,7,3},{7,8,1,3,2,5,9,4,6},{8,1,2,9,5,6,0,0,0},{0,0,0,0,0,0,0,0,0},{0,0,0,0,0,0,0,0,0}}
]
11:44:22.553 INFO  [main] SudokuBoard - Wartość 0 wstawiona nieprawidłowo
11:44:22.553 INFO  [main] SudokuBoard - Bład w kwadracie 0
sudoku.model.SudokuBoard@25cef4b3[
  size=9
  solver=sudoku.model.BacktrackingSudokuSolver@5e783f78
  board={{6,7,8,2,9,1,5,3,4},{4,9,5,6,3,7,8,1,2},{1,2,3,5,4,8,7,6,9},{2,3,9,7,6,4,1,5,8},{5,4,6,8,1,9,2,7,3},{7,8,1,3,2,5,9,4,6},{8,1,2,9,5,6,0,0,0},{0,0,0,0,0,0,0,0,0},{0,0,0,0,0,0,0,0,0}}
]
11:44:22.553 INFO  [main] SudokuBoard - Wartość 0 wstawiona nieprawidłowo
11:44:22.560 INFO  [main] SudokuBoard - Bład w kwadracie 0
sudoku.model.SudokuBoard@25cef4b3[
  size=9
  solver=sudoku.model.BacktrackingSudokuSolver@5e783f78
  board={{6,7,8,2,9,1,5,3,4},{4,9,5,6,3,7,8,1,2},{1,2,3,5,4,8,7,6,9},{2,3,9,7,6,4,1,5,8},{5,4,6,8,1,9,2,7,3},{7,8,1,3,2,5,9,4,6},{8,1,2,9,5,0,0,0,0},{0,0,0,0,0,0,0,0,0},{0,0,0,0,0,0,0,0,0}}
]
11:44:22.560 INFO  [main] SudokuBoard - Wartość 0 wstawiona nieprawidłowo
11:44:22.561 INFO  [main] SudokuBoard - Bład w kwadracie 0
sudoku.model.SudokuBoard@25cef4b3[
  size=9
  solver=sudoku.model.BacktrackingSudokuSolver@5e783f78
  board={{6,7,8,2,9,1,5,3,4},{4,9,5,6,3,7,8,1,2},{1,2,3,5,4,8,7,6,9},{2,3,9,7,6,4,1,5,8},{5,4,6,8,1,9,2,7,3},{7,8,1,3,2,5,9,4,6},{8,1,2,9,0,0,0,0,0},{0,0,0,0,0,0,0,0,0},{0,0,0,0,0,0,0,0,0}}
]
11:44:22.561 INFO  [main] SudokuBoard - Wartość 0 wstawiona nieprawidłowo
11:44:22.562 INFO  [main] SudokuBoard - Bład w kwadracie 0
sudoku.model.SudokuBoard@25cef4b3[
  size=9
  solver=sudoku.model.BacktrackingSudokuSolver@5e783f78
  board={{6,7,8,2,9,1,5,3,4},{4,9,5,6,3,7,8,1,2},{1,2,3,5,4,8,7,6,9},{2,3,9,7,6,4,1,5,8},{5,4,6,8,1,9,2,7,3},{7,8,1,3,2,5,9,4,6},{8,1,2,9,7,3,0,0,0},{0,0,0,0,0,0,0,0,0},{0,0,0,0,0,0,0,0,0}}
]
11:44:22.562 INFO  [main] SudokuBoard - Wartość 0 wstawiona nieprawidłowo
11:44:22.562 INFO  [main] SudokuBoard - Bład w kwadracie 0
sudoku.model.SudokuBoard@25cef4b3[
  size=9
  solver=sudoku.model.BacktrackingSudokuSolver@5e783f78
  board={{6,7,8,2,9,1,5,3,4},{4,9,5,6,3,7,8,1,2},{1,2,3,5,4,8,7,6,9},{2,3,9,7,6,4,1,5,8},{5,4,6,8,1,9,2,7,3},{7,8,1,3,2,5,9,4,6},{8,1,2,9,7,3,0,0,0},{0,0,0,0,0,0,0,0,0},{0,0,0,0,0,0,0,0,0}}
]
11:44:22.562 INFO  [main] SudokuBoard - Wartość 0 wstawiona nieprawidłowo
11:44:22.562 INFO  [main] SudokuBoard - Bład w kwadracie 0
sudoku.model.SudokuBoard@25cef4b3[
  size=9
  solver=sudoku.model.BacktrackingSudokuSolver@5e783f78
  board={{6,7,8,2,9,1,5,3,4},{4,9,5,6,3,7,8,1,2},{1,2,3,5,4,8,7,6,9},{2,3,9,7,6,4,1,5,8},{5,4,6,8,1,9,2,7,3},{7,8,1,3,2,5,9,4,6},{8,1,2,9,7,0,0,0,0},{0,0,0,0,0,0,0,0,0},{0,0,0,0,0,0,0,0,0}}
]
11:44:22.562 INFO  [main] SudokuBoard - Wartość 0 wstawiona nieprawidłowo
11:44:22.562 INFO  [main] SudokuBoard - Bład w kwadracie 0
sudoku.model.SudokuBoard@25cef4b3[
  size=9
  solver=sudoku.model.BacktrackingSudokuSolver@5e783f78
  board={{6,7,8,2,9,1,5,3,4},{4,9,5,6,3,7,8,1,2},{1,2,3,5,4,8,7,6,9},{2,3,9,7,6,4,1,5,8},{5,4,6,8,1,9,2,7,3},{7,8,1,3,2,5,9,4,6},{8,1,2,9,7,6,0,0,0},{0,0,0,0,0,0,0,0,0},{0,0,0,0,0,0,0,0,0}}
]
11:44:22.562 INFO  [main] SudokuBoard - Wartość 0 wstawiona nieprawidłowo
11:44:22.562 INFO  [main] SudokuBoard - Bład w kwadracie 0
sudoku.model.SudokuBoard@25cef4b3[
  size=9
  solver=sudoku.model.BacktrackingSudokuSolver@5e783f78
  board={{6,7,8,2,9,1,5,3,4},{4,9,5,6,3,7,8,1,2},{1,2,3,5,4,8,7,6,9},{2,3,9,7,6,4,1,5,8},{5,4,6,8,1,9,2,7,3},{7,8,1,3,2,5,9,4,6},{8,1,2,9,7,6,0,0,0},{0,0,0,0,0,0,0,0,0},{0,0,0,0,0,0,0,0,0}}
]
11:44:22.562 INFO  [main] SudokuBoard - Wartość 0 wstawiona nieprawidłowo
11:44:22.562 INFO  [main] SudokuBoard - Bład w kwadracie 0
sudoku.model.SudokuBoard@25cef4b3[
  size=9
  solver=sudoku.model.BacktrackingSudokuSolver@5e783f78
  board={{6,7,8,2,9,1,5,3,4},{4,9,5,6,3,7,8,1,2},{1,2,3,5,4,8,7,6,9},{2,3,9,7,6,4,1,5,8},{5,4,6,8,1,9,2,7,3},{7,8,1,3,2,5,9,4,6},{8,1,2,9,7,0,0,0,0},{0,0,0,0,0,0,0,0,0},{0,0,0,0,0,0,0,0,0}}
]
11:44:22.562 INFO  [main] SudokuBoard - Wartość 0 wstawiona nieprawidłowo
11:44:22.563 INFO  [main] SudokuBoard - Bład w kwadracie 0
sudoku.model.SudokuBoard@25cef4b3[
  size=9
  solver=sudoku.model.BacktrackingSudokuSolver@5e783f78
  board={{6,7,8,2,9,1,5,3,4},{4,9,5,6,3,7,8,1,2},{1,2,3,5,4,8,7,6,9},{2,3,9,7,6,4,1,5,8},{5,4,6,8,1,9,2,7,3},{7,8,1,3,2,5,9,4,6},{8,1,2,9,0,0,0,0,0},{0,0,0,0,0,0,0,0,0},{0,0,0,0,0,0,0,0,0}}
]
11:44:22.563 INFO  [main] SudokuBoard - Wartość 0 wstawiona nieprawidłowo
11:44:22.563 INFO  [main] SudokuBoard - Bład w kwadracie 0
sudoku.model.SudokuBoard@25cef4b3[
  size=9
  solver=sudoku.model.BacktrackingSudokuSolver@5e783f78
  board={{6,7,8,2,9,1,5,3,4},{4,9,5,6,3,7,8,1,2},{1,2,3,5,4,8,7,6,9},{2,3,9,7,6,4,1,5,8},{5,4,6,8,1,9,2,7,3},{7,8,1,3,2,5,9,4,6},{8,1,2,0,0,0,0,0,0},{0,0,0,0,0,0,0,0,0},{0,0,0,0,0,0,0,0,0}}
]
11:44:22.563 INFO  [main] SudokuBoard - Wartość 0 wstawiona nieprawidłowo
11:44:22.563 INFO  [main] SudokuBoard - Bład w kwadracie 0
sudoku.model.SudokuBoard@25cef4b3[
  size=9
  solver=sudoku.model.BacktrackingSudokuSolver@5e783f78
  board={{6,7,8,2,9,1,5,3,4},{4,9,5,6,3,7,8,1,2},{1,2,3,5,4,8,7,6,9},{2,3,9,7,6,4,1,5,8},{5,4,6,8,1,9,2,7,3},{7,8,1,3,2,5,9,4,6},{8,1,2,4,5,3,6,9,7},{3,5,4,9,8,0,0,0,0},{0,0,0,0,0,0,0,0,0}}
]
11:44:22.563 INFO  [main] SudokuBoard - Wartość 0 wstawiona nieprawidłowo
11:44:22.563 INFO  [main] SudokuBoard - Bład w kwadracie 0
sudoku.model.SudokuBoard@25cef4b3[
  size=9
  solver=sudoku.model.BacktrackingSudokuSolver@5e783f78
  board={{6,7,8,2,9,1,5,3,4},{4,9,5,6,3,7,8,1,2},{1,2,3,5,4,8,7,6,9},{2,3,9,7,6,4,1,5,8},{5,4,6,8,1,9,2,7,3},{7,8,1,3,2,5,9,4,6},{8,1,2,4,5,3,6,9,7},{3,5,4,9,8,0,0,0,0},{0,0,0,0,0,0,0,0,0}}
]
11:44:22.563 INFO  [main] SudokuBoard - Wartość 0 wstawiona nieprawidłowo
11:44:22.563 INFO  [main] SudokuBoard - Bład w kwadracie 0
sudoku.model.SudokuBoard@25cef4b3[
  size=9
  solver=sudoku.model.BacktrackingSudokuSolver@5e783f78
  board={{6,7,8,2,9,1,5,3,4},{4,9,5,6,3,7,8,1,2},{1,2,3,5,4,8,7,6,9},{2,3,9,7,6,4,1,5,8},{5,4,6,8,1,9,2,7,3},{7,8,1,3,2,5,9,4,6},{8,1,2,4,5,3,6,9,7},{3,5,4,9,0,0,0,0,0},{0,0,0,0,0,0,0,0,0}}
]
11:44:22.563 INFO  [main] SudokuBoard - Wartość 0 wstawiona nieprawidłowo
11:44:22.564 INFO  [main] SudokuBoard - Bład w kwadracie 0
sudoku.model.SudokuBoard@25cef4b3[
  size=9
  solver=sudoku.model.BacktrackingSudokuSolver@5e783f78
  board={{6,7,8,2,9,1,5,3,4},{4,9,5,6,3,7,8,1,2},{1,2,3,5,4,8,7,6,9},{2,3,9,7,6,4,1,5,8},{5,4,6,8,1,9,2,7,3},{7,8,1,3,2,5,9,4,6},{8,1,2,4,5,3,6,9,7},{3,5,4,9,7,0,0,0,0},{0,0,0,0,0,0,0,0,0}}
]
11:44:22.564 INFO  [main] SudokuBoard - Wartość 0 wstawiona nieprawidłowo
11:44:22.564 INFO  [main] SudokuBoard - Bład w kwadracie 0
sudoku.model.SudokuBoard@25cef4b3[
  size=9
  solver=sudoku.model.BacktrackingSudokuSolver@5e783f78
  board={{6,7,8,2,9,1,5,3,4},{4,9,5,6,3,7,8,1,2},{1,2,3,5,4,8,7,6,9},{2,3,9,7,6,4,1,5,8},{5,4,6,8,1,9,2,7,3},{7,8,1,3,2,5,9,4,6},{8,1,2,4,5,3,6,9,7},{3,5,4,9,7,0,0,0,0},{0,0,0,0,0,0,0,0,0}}
]
11:44:22.564 INFO  [main] SudokuBoard - Wartość 0 wstawiona nieprawidłowo
11:44:22.564 INFO  [main] SudokuBoard - Bład w kwadracie 0
sudoku.model.SudokuBoard@25cef4b3[
  size=9
  solver=sudoku.model.BacktrackingSudokuSolver@5e783f78
  board={{6,7,8,2,9,1,5,3,4},{4,9,5,6,3,7,8,1,2},{1,2,3,5,4,8,7,6,9},{2,3,9,7,6,4,1,5,8},{5,4,6,8,1,9,2,7,3},{7,8,1,3,2,5,9,4,6},{8,1,2,4,5,3,6,9,7},{3,5,4,9,0,0,0,0,0},{0,0,0,0,0,0,0,0,0}}
]
11:44:22.564 INFO  [main] SudokuBoard - Wartość 0 wstawiona nieprawidłowo
11:44:22.565 INFO  [main] SudokuBoard - Bład w kwadracie 0
sudoku.model.SudokuBoard@25cef4b3[
  size=9
  solver=sudoku.model.BacktrackingSudokuSolver@5e783f78
  board={{6,7,8,2,9,1,5,3,4},{4,9,5,6,3,7,8,1,2},{1,2,3,5,4,8,7,6,9},{2,3,9,7,6,4,1,5,8},{5,4,6,8,1,9,2,7,3},{7,8,1,3,2,5,9,4,6},{8,1,2,4,5,3,6,9,7},{3,5,4,0,0,0,0,0,0},{0,0,0,0,0,0,0,0,0}}
]
11:44:22.565 INFO  [main] SudokuBoard - Wartość 0 wstawiona nieprawidłowo
11:44:22.565 INFO  [main] SudokuBoard - Bład w kwadracie 0
sudoku.model.SudokuBoard@25cef4b3[
  size=9
  solver=sudoku.model.BacktrackingSudokuSolver@5e783f78
  board={{6,7,8,2,9,1,5,3,4},{4,9,5,6,3,7,8,1,2},{1,2,3,5,4,8,7,6,9},{2,3,9,7,6,4,1,5,8},{5,4,6,8,1,9,2,7,3},{7,8,1,3,2,5,9,4,6},{8,1,2,4,5,3,6,9,7},{3,5,4,1,7,0,0,0,0},{0,0,0,0,0,0,0,0,0}}
]
11:44:22.565 INFO  [main] SudokuBoard - Wartość 0 wstawiona nieprawidłowo
11:44:22.565 INFO  [main] SudokuBoard - Bład w kwadracie 0
sudoku.model.SudokuBoard@25cef4b3[
  size=9
  solver=sudoku.model.BacktrackingSudokuSolver@5e783f78
  board={{6,7,8,2,9,1,5,3,4},{4,9,5,6,3,7,8,1,2},{1,2,3,5,4,8,7,6,9},{2,3,9,7,6,4,1,5,8},{5,4,6,8,1,9,2,7,3},{7,8,1,3,2,5,9,4,6},{8,1,2,4,5,3,6,9,7},{3,5,4,1,7,0,0,0,0},{0,0,0,0,0,0,0,0,0}}
]
11:44:22.565 INFO  [main] SudokuBoard - Wartość 0 wstawiona nieprawidłowo
11:44:22.565 INFO  [main] SudokuBoard - Bład w kwadracie 0
sudoku.model.SudokuBoard@25cef4b3[
  size=9
  solver=sudoku.model.BacktrackingSudokuSolver@5e783f78
  board={{6,7,8,2,9,1,5,3,4},{4,9,5,6,3,7,8,1,2},{1,2,3,5,4,8,7,6,9},{2,3,9,7,6,4,1,5,8},{5,4,6,8,1,9,2,7,3},{7,8,1,3,2,5,9,4,6},{8,1,2,4,5,3,6,9,7},{3,5,4,1,0,0,0,0,0},{0,0,0,0,0,0,0,0,0}}
]
11:44:22.565 INFO  [main] SudokuBoard - Wartość 0 wstawiona nieprawidłowo
11:44:22.565 INFO  [main] SudokuBoard - Bład w kwadracie 0
sudoku.model.SudokuBoard@25cef4b3[
  size=9
  solver=sudoku.model.BacktrackingSudokuSolver@5e783f78
  board={{6,7,8,2,9,1,5,3,4},{4,9,5,6,3,7,8,1,2},{1,2,3,5,4,8,7,6,9},{2,3,9,7,6,4,1,5,8},{5,4,6,8,1,9,2,7,3},{7,8,1,3,2,5,9,4,6},{8,1,2,4,5,3,6,9,7},{3,5,4,1,8,0,0,0,0},{0,0,0,0,0,0,0,0,0}}
]
11:44:22.565 INFO  [main] SudokuBoard - Wartość 0 wstawiona nieprawidłowo
11:44:22.566 INFO  [main] SudokuBoard - Bład w kwadracie 0
sudoku.model.SudokuBoard@25cef4b3[
  size=9
  solver=sudoku.model.BacktrackingSudokuSolver@5e783f78
  board={{6,7,8,2,9,1,5,3,4},{4,9,5,6,3,7,8,1,2},{1,2,3,5,4,8,7,6,9},{2,3,9,7,6,4,1,5,8},{5,4,6,8,1,9,2,7,3},{7,8,1,3,2,5,9,4,6},{8,1,2,4,5,3,6,9,7},{3,5,4,1,8,0,0,0,0},{0,0,0,0,0,0,0,0,0}}
]
11:44:22.566 INFO  [main] SudokuBoard - Wartość 0 wstawiona nieprawidłowo
11:44:22.566 INFO  [main] SudokuBoard - Bład w kwadracie 0
sudoku.model.SudokuBoard@25cef4b3[
  size=9
  solver=sudoku.model.BacktrackingSudokuSolver@5e783f78
  board={{6,7,8,2,9,1,5,3,4},{4,9,5,6,3,7,8,1,2},{1,2,3,5,4,8,7,6,9},{2,3,9,7,6,4,1,5,8},{5,4,6,8,1,9,2,7,3},{7,8,1,3,2,5,9,4,6},{8,1,2,4,5,3,6,9,7},{3,5,4,1,0,0,0,0,0},{0,0,0,0,0,0,0,0,0}}
]
11:44:22.566 INFO  [main] SudokuBoard - Wartość 0 wstawiona nieprawidłowo
11:44:22.566 INFO  [main] SudokuBoard - Bład w kwadracie 0
sudoku.model.SudokuBoard@25cef4b3[
  size=9
  solver=sudoku.model.BacktrackingSudokuSolver@5e783f78
  board={{6,7,8,2,9,1,5,3,4},{4,9,5,6,3,7,8,1,2},{1,2,3,5,4,8,7,6,9},{2,3,9,7,6,4,1,5,8},{5,4,6,8,1,9,2,7,3},{7,8,1,3,2,5,9,4,6},{8,1,2,4,5,3,6,9,7},{3,5,4,0,0,0,0,0,0},{0,0,0,0,0,0,0,0,0}}
]
11:44:22.566 INFO  [main] SudokuBoard - Wartość 0 wstawiona nieprawidłowo
11:44:22.566 INFO  [main] SudokuBoard - Bład w kwadracie 0
sudoku.model.SudokuBoard@25cef4b3[
  size=9
  solver=sudoku.model.BacktrackingSudokuSolver@5e783f78
  board={{6,7,8,2,9,1,5,3,4},{4,9,5,6,3,7,8,1,2},{1,2,3,5,4,8,7,6,9},{2,3,9,7,6,4,1,5,8},{5,4,6,8,1,9,2,7,3},{7,8,1,3,2,5,9,4,6},{8,1,2,4,5,3,6,9,7},{3,5,0,0,0,0,0,0,0},{0,0,0,0,0,0,0,0,0}}
]
11:44:22.566 INFO  [main] SudokuBoard - Wartość 0 wstawiona nieprawidłowo
11:44:22.566 INFO  [main] SudokuBoard - Bład w kwadracie 0
sudoku.model.SudokuBoard@25cef4b3[
  size=9
  solver=sudoku.model.BacktrackingSudokuSolver@5e783f78
  board={{6,7,8,2,9,1,5,3,4},{4,9,5,6,3,7,8,1,2},{1,2,3,5,4,8,7,6,9},{2,3,9,7,6,4,1,5,8},{5,4,6,8,1,9,2,7,3},{7,8,1,3,2,5,9,4,6},{8,1,2,4,5,3,6,9,7},{3,5,7,9,8,2,0,0,0},{0,0,0,0,0,0,0,0,0}}
]
11:44:22.566 INFO  [main] SudokuBoard - Wartość 0 wstawiona nieprawidłowo
11:44:22.567 INFO  [main] SudokuBoard - Bład w kwadracie 0
sudoku.model.SudokuBoard@25cef4b3[
  size=9
  solver=sudoku.model.BacktrackingSudokuSolver@5e783f78
  board={{6,7,8,2,9,1,5,3,4},{4,9,5,6,3,7,8,1,2},{1,2,3,5,4,8,7,6,9},{2,3,9,7,6,4,1,5,8},{5,4,6,8,1,9,2,7,3},{7,8,1,3,2,5,9,4,6},{8,1,2,4,5,3,6,9,7},{3,5,7,9,8,0,0,0,0},{0,0,0,0,0,0,0,0,0}}
]
11:44:22.567 INFO  [main] SudokuBoard - Wartość 0 wstawiona nieprawidłowo
]]></system-out>
  </testcase>
  <testcase name="testEqualsSame" classname="sudoku.model.SeriesTest" time="0.077">
    <system-out><![CDATA[11:44:22.635 INFO  [main] SudokuBoard - Bład w kwadracie 0
sudoku.model.SudokuBoard@5bdef8ee[
  size=9
  solver=sudoku.model.BacktrackingSudokuSolver@345d4ecb
  board={{3,4,7,1,2,5,6,8,9},{6,2,5,9,3,7,4,0,0},{0,0,0,0,0,0,0,0,0},{0,0,0,0,0,0,0,0,0},{0,0,0,0,0,0,0,0,0},{0,0,0,0,0,0,0,0,0},{0,0,0,0,0,0,0,0,0},{0,0,0,0,0,0,0,0,0},{0,0,0,0,0,0,0,0,0}}
]
11:44:22.636 INFO  [main] SudokuBoard - Wartość 0 wstawiona nieprawidłowo
11:44:22.636 INFO  [main] SudokuBoard - Bład w kwadracie 0
sudoku.model.SudokuBoard@5bdef8ee[
  size=9
  solver=sudoku.model.BacktrackingSudokuSolver@345d4ecb
  board={{3,4,7,1,2,5,6,8,9},{6,2,5,9,3,7,0,0,0},{0,0,0,0,0,0,0,0,0},{0,0,0,0,0,0,0,0,0},{0,0,0,0,0,0,0,0,0},{0,0,0,0,0,0,0,0,0},{0,0,0,0,0,0,0,0,0},{0,0,0,0,0,0,0,0,0},{0,0,0,0,0,0,0,0,0}}
]
11:44:22.636 INFO  [main] SudokuBoard - Wartość 0 wstawiona nieprawidłowo
11:44:22.636 INFO  [main] SudokuBoard - Bład w kwadracie 0
sudoku.model.SudokuBoard@5bdef8ee[
  size=9
  solver=sudoku.model.BacktrackingSudokuSolver@345d4ecb
  board={{3,4,7,1,2,5,6,8,9},{6,2,5,9,3,7,1,0,0},{0,0,0,0,0,0,0,0,0},{0,0,0,0,0,0,0,0,0},{0,0,0,0,0,0,0,0,0},{0,0,0,0,0,0,0,0,0},{0,0,0,0,0,0,0,0,0},{0,0,0,0,0,0,0,0,0},{0,0,0,0,0,0,0,0,0}}
]
11:44:22.636 INFO  [main] SudokuBoard - Wartość 0 wstawiona nieprawidłowo
11:44:22.637 INFO  [main] SudokuBoard - Bład w kwadracie 0
sudoku.model.SudokuBoard@5bdef8ee[
  size=9
  solver=sudoku.model.BacktrackingSudokuSolver@345d4ecb
  board={{3,4,7,1,2,5,6,8,9},{6,2,5,9,3,7,0,0,0},{0,0,0,0,0,0,0,0,0},{0,0,0,0,0,0,0,0,0},{0,0,0,0,0,0,0,0,0},{0,0,0,0,0,0,0,0,0},{0,0,0,0,0,0,0,0,0},{0,0,0,0,0,0,0,0,0},{0,0,0,0,0,0,0,0,0}}
]
11:44:22.637 INFO  [main] SudokuBoard - Wartość 0 wstawiona nieprawidłowo
11:44:22.637 INFO  [main] SudokuBoard - Bład w kwadracie 0
sudoku.model.SudokuBoard@5bdef8ee[
  size=9
  solver=sudoku.model.BacktrackingSudokuSolver@345d4ecb
  board={{3,4,7,1,2,5,6,8,9},{6,2,5,9,3,0,0,0,0},{0,0,0,0,0,0,0,0,0},{0,0,0,0,0,0,0,0,0},{0,0,0,0,0,0,0,0,0},{0,0,0,0,0,0,0,0,0},{0,0,0,0,0,0,0,0,0},{0,0,0,0,0,0,0,0,0},{0,0,0,0,0,0,0,0,0}}
]
11:44:22.637 INFO  [main] SudokuBoard - Wartość 0 wstawiona nieprawidłowo
11:44:22.637 INFO  [main] SudokuBoard - Bład w kwadracie 0
sudoku.model.SudokuBoard@5bdef8ee[
  size=9
  solver=sudoku.model.BacktrackingSudokuSolver@345d4ecb
  board={{3,4,7,1,2,5,6,8,9},{6,2,5,9,3,8,4,1,7},{8,9,1,4,6,7,2,5,3},{7,3,4,6,5,9,8,2,1},{9,5,2,3,4,1,7,0,0},{0,0,0,0,0,0,0,0,0},{0,0,0,0,0,0,0,0,0},{0,0,0,0,0,0,0,0,0},{0,0,0,0,0,0,0,0,0}}
]
11:44:22.637 INFO  [main] SudokuBoard - Wartość 0 wstawiona nieprawidłowo
11:44:22.637 INFO  [main] SudokuBoard - Bład w kwadracie 0
sudoku.model.SudokuBoard@5bdef8ee[
  size=9
  solver=sudoku.model.BacktrackingSudokuSolver@345d4ecb
  board={{3,4,7,1,2,5,6,8,9},{6,2,5,9,3,8,4,1,7},{8,9,1,4,6,7,2,5,3},{7,3,4,6,5,9,8,2,1},{9,5,2,3,4,1,0,0,0},{0,0,0,0,0,0,0,0,0},{0,0,0,0,0,0,0,0,0},{0,0,0,0,0,0,0,0,0},{0,0,0,0,0,0,0,0,0}}
]
11:44:22.637 INFO  [main] SudokuBoard - Wartość 0 wstawiona nieprawidłowo
11:44:22.638 INFO  [main] SudokuBoard - Bład w kwadracie 0
sudoku.model.SudokuBoard@5bdef8ee[
  size=9
  solver=sudoku.model.BacktrackingSudokuSolver@345d4ecb
  board={{3,4,7,1,2,5,6,8,9},{6,2,5,9,3,8,4,1,7},{8,9,1,4,6,7,2,5,3},{7,3,4,6,5,9,8,2,1},{9,5,2,3,4,0,0,0,0},{0,0,0,0,0,0,0,0,0},{0,0,0,0,0,0,0,0,0},{0,0,0,0,0,0,0,0,0},{0,0,0,0,0,0,0,0,0}}
]
11:44:22.638 INFO  [main] SudokuBoard - Wartość 0 wstawiona nieprawidłowo
11:44:22.638 INFO  [main] SudokuBoard - Bład w kwadracie 0
sudoku.model.SudokuBoard@5bdef8ee[
  size=9
  solver=sudoku.model.BacktrackingSudokuSolver@345d4ecb
  board={{3,4,7,1,2,5,6,8,9},{6,2,5,9,3,8,4,1,7},{8,9,1,4,6,7,2,5,3},{7,3,4,6,5,9,8,2,1},{9,5,2,3,0,0,0,0,0},{0,0,0,0,0,0,0,0,0},{0,0,0,0,0,0,0,0,0},{0,0,0,0,0,0,0,0,0},{0,0,0,0,0,0,0,0,0}}
]
11:44:22.638 INFO  [main] SudokuBoard - Wartość 0 wstawiona nieprawidłowo
11:44:22.638 INFO  [main] SudokuBoard - Bład w kwadracie 0
sudoku.model.SudokuBoard@5bdef8ee[
  size=9
  solver=sudoku.model.BacktrackingSudokuSolver@345d4ecb
  board={{3,4,7,1,2,5,6,8,9},{6,2,5,9,3,8,4,1,7},{8,9,1,4,6,7,2,5,3},{7,3,4,6,5,9,8,2,1},{9,5,2,3,7,0,0,0,0},{0,0,0,0,0,0,0,0,0},{0,0,0,0,0,0,0,0,0},{0,0,0,0,0,0,0,0,0},{0,0,0,0,0,0,0,0,0}}
]
11:44:22.638 INFO  [main] SudokuBoard - Wartość 0 wstawiona nieprawidłowo
11:44:22.638 INFO  [main] SudokuBoard - Bład w kwadracie 0
sudoku.model.SudokuBoard@5bdef8ee[
  size=9
  solver=sudoku.model.BacktrackingSudokuSolver@345d4ecb
  board={{3,4,7,1,2,5,6,8,9},{6,2,5,9,3,8,4,1,7},{8,9,1,4,6,7,2,5,3},{7,3,4,6,5,9,8,2,1},{9,5,2,3,7,0,0,0,0},{0,0,0,0,0,0,0,0,0},{0,0,0,0,0,0,0,0,0},{0,0,0,0,0,0,0,0,0},{0,0,0,0,0,0,0,0,0}}
]
11:44:22.638 INFO  [main] SudokuBoard - Wartość 0 wstawiona nieprawidłowo
11:44:22.641 INFO  [main] SudokuBoard - Bład w kwadracie 0
sudoku.model.SudokuBoard@5bdef8ee[
  size=9
  solver=sudoku.model.BacktrackingSudokuSolver@345d4ecb
  board={{3,4,7,1,2,5,6,8,9},{6,2,5,9,3,8,4,1,7},{8,9,1,4,6,7,2,5,3},{7,3,4,6,5,9,8,2,1},{9,5,2,3,0,0,0,0,0},{0,0,0,0,0,0,0,0,0},{0,0,0,0,0,0,0,0,0},{0,0,0,0,0,0,0,0,0},{0,0,0,0,0,0,0,0,0}}
]
11:44:22.641 INFO  [main] SudokuBoard - Wartość 0 wstawiona nieprawidłowo
11:44:22.642 INFO  [main] SudokuBoard - Bład w kwadracie 0
sudoku.model.SudokuBoard@5bdef8ee[
  size=9
  solver=sudoku.model.BacktrackingSudokuSolver@345d4ecb
  board={{3,4,7,1,2,5,6,8,9},{6,2,5,9,3,8,4,1,7},{8,9,1,4,6,7,2,5,3},{7,3,4,6,5,9,8,2,1},{9,5,2,3,8,1,7,4,6},{1,6,8,2,7,4,9,3,5},{2,7,9,5,1,6,0,0,0},{0,0,0,0,0,0,0,0,0},{0,0,0,0,0,0,0,0,0}}
]
11:44:22.642 INFO  [main] SudokuBoard - Wartość 0 wstawiona nieprawidłowo
11:44:22.642 INFO  [main] SudokuBoard - Bład w kwadracie 0
sudoku.model.SudokuBoard@5bdef8ee[
  size=9
  solver=sudoku.model.BacktrackingSudokuSolver@345d4ecb
  board={{3,4,7,1,2,5,6,8,9},{6,2,5,9,3,8,4,1,7},{8,9,1,4,6,7,2,5,3},{7,3,4,6,5,9,8,2,1},{9,5,2,3,8,1,7,4,6},{1,6,8,2,7,4,9,3,5},{2,7,9,5,1,0,0,0,0},{0,0,0,0,0,0,0,0,0},{0,0,0,0,0,0,0,0,0}}
]
11:44:22.642 INFO  [main] SudokuBoard - Wartość 0 wstawiona nieprawidłowo
11:44:22.642 INFO  [main] SudokuBoard - Bład w kwadracie 0
sudoku.model.SudokuBoard@5bdef8ee[
  size=9
  solver=sudoku.model.BacktrackingSudokuSolver@345d4ecb
  board={{3,4,7,1,2,5,6,8,9},{6,2,5,9,3,8,4,1,7},{8,9,1,4,6,7,2,5,3},{7,3,4,6,5,9,8,2,1},{9,5,2,3,8,1,7,4,6},{1,6,8,2,7,4,9,3,5},{2,7,9,5,1,0,0,0,0},{0,0,0,0,0,0,0,0,0},{0,0,0,0,0,0,0,0,0}}
]
11:44:22.642 INFO  [main] SudokuBoard - Wartość 0 wstawiona nieprawidłowo
11:44:22.642 INFO  [main] SudokuBoard - Bład w kwadracie 0
sudoku.model.SudokuBoard@5bdef8ee[
  size=9
  solver=sudoku.model.BacktrackingSudokuSolver@345d4ecb
  board={{3,4,7,1,2,5,6,8,9},{6,2,5,9,3,8,4,1,7},{8,9,1,4,6,7,2,5,3},{7,3,4,6,5,9,8,2,1},{9,5,2,3,8,1,7,4,6},{1,6,8,2,7,4,9,3,5},{2,7,9,5,0,0,0,0,0},{0,0,0,0,0,0,0,0,0},{0,0,0,0,0,0,0,0,0}}
]
11:44:22.642 INFO  [main] SudokuBoard - Wartość 0 wstawiona nieprawidłowo
11:44:22.643 INFO  [main] SudokuBoard - Bład w kwadracie 0
sudoku.model.SudokuBoard@5bdef8ee[
  size=9
  solver=sudoku.model.BacktrackingSudokuSolver@345d4ecb
  board={{3,4,7,1,2,5,6,8,9},{6,2,5,9,3,8,4,1,7},{8,9,1,4,6,7,2,5,3},{7,3,4,6,5,9,8,2,1},{9,5,2,3,8,1,7,4,6},{1,6,8,2,7,4,9,3,5},{2,7,9,5,4,3,1,6,8},{4,8,3,7,9,2,0,0,0},{0,0,0,0,0,0,0,0,0}}
]
11:44:22.643 INFO  [main] SudokuBoard - Wartość 0 wstawiona nieprawidłowo
11:44:22.643 INFO  [main] SudokuBoard - Bład w kwadracie 0
sudoku.model.SudokuBoard@5bdef8ee[
  size=9
  solver=sudoku.model.BacktrackingSudokuSolver@345d4ecb
  board={{3,4,7,1,2,5,6,8,9},{6,2,5,9,3,8,4,1,7},{8,9,1,4,6,7,2,5,3},{7,3,4,6,5,9,8,2,1},{9,5,2,3,8,1,7,4,6},{1,6,8,2,7,4,9,3,5},{2,7,9,5,4,3,1,6,8},{4,8,3,7,9,0,0,0,0},{0,0,0,0,0,0,0,0,0}}
]
11:44:22.643 INFO  [main] SudokuBoard - Wartość 0 wstawiona nieprawidłowo
11:44:22.644 INFO  [main] SudokuBoard - Bład w kwadracie 0
sudoku.model.SudokuBoard@5bdef8ee[
  size=9
  solver=sudoku.model.BacktrackingSudokuSolver@345d4ecb
  board={{3,4,7,1,2,5,6,8,9},{6,2,5,9,3,8,4,1,7},{8,9,1,4,6,7,2,5,3},{7,3,4,6,5,9,8,2,1},{9,5,2,3,8,1,7,4,6},{1,6,8,2,7,4,9,3,5},{2,7,9,5,4,3,1,6,8},{4,8,3,7,9,6,0,0,0},{0,0,0,0,0,0,0,0,0}}
]
11:44:22.644 INFO  [main] SudokuBoard - Wartość 0 wstawiona nieprawidłowo
11:44:22.644 INFO  [main] SudokuBoard - Bład w kwadracie 0
sudoku.model.SudokuBoard@5bdef8ee[
  size=9
  solver=sudoku.model.BacktrackingSudokuSolver@345d4ecb
  board={{3,4,7,1,2,5,6,8,9},{6,2,5,9,3,8,4,1,7},{8,9,1,4,6,7,2,5,3},{7,3,4,6,5,9,8,2,1},{9,5,2,3,8,1,7,4,6},{1,6,8,2,7,4,9,3,5},{2,7,9,5,4,3,1,6,8},{4,8,3,7,9,0,0,0,0},{0,0,0,0,0,0,0,0,0}}
]
11:44:22.644 INFO  [main] SudokuBoard - Wartość 0 wstawiona nieprawidłowo
11:44:22.644 INFO  [main] SudokuBoard - Bład w kwadracie 0
sudoku.model.SudokuBoard@5bdef8ee[
  size=9
  solver=sudoku.model.BacktrackingSudokuSolver@345d4ecb
  board={{3,4,7,1,2,5,6,8,9},{6,2,5,9,3,8,4,1,7},{8,9,1,4,6,7,2,5,3},{7,3,4,6,5,9,8,2,1},{9,5,2,3,8,1,7,4,6},{1,6,8,2,7,4,9,3,5},{2,7,9,5,4,3,1,6,8},{4,8,3,7,0,0,0,0,0},{0,0,0,0,0,0,0,0,0}}
]
11:44:22.644 INFO  [main] SudokuBoard - Wartość 0 wstawiona nieprawidłowo
11:44:22.644 INFO  [main] SudokuBoard - Bład w kwadracie 0
sudoku.model.SudokuBoard@5bdef8ee[
  size=9
  solver=sudoku.model.BacktrackingSudokuSolver@345d4ecb
  board={{3,4,7,1,2,5,6,8,9},{6,2,5,9,3,8,4,1,7},{8,9,1,4,6,7,2,5,3},{7,3,4,6,5,9,8,2,1},{9,5,2,3,8,1,7,4,6},{1,6,8,2,7,4,9,3,5},{2,7,9,5,4,3,1,6,8},{4,8,3,7,1,2,5,0,0},{0,0,0,0,0,0,0,0,0}}
]
11:44:22.645 INFO  [main] SudokuBoard - Wartość 0 wstawiona nieprawidłowo
11:44:22.645 INFO  [main] SudokuBoard - Bład w kwadracie 0
sudoku.model.SudokuBoard@5bdef8ee[
  size=9
  solver=sudoku.model.BacktrackingSudokuSolver@345d4ecb
  board={{3,4,7,1,2,5,6,8,9},{6,2,5,9,3,8,4,1,7},{8,9,1,4,6,7,2,5,3},{7,3,4,6,5,9,8,2,1},{9,5,2,3,8,1,7,4,6},{1,6,8,2,7,4,9,3,5},{2,7,9,5,4,3,1,6,8},{4,8,3,7,1,2,0,0,0},{0,0,0,0,0,0,0,0,0}}
]
11:44:22.645 INFO  [main] SudokuBoard - Wartość 0 wstawiona nieprawidłowo
11:44:22.645 INFO  [main] SudokuBoard - Bład w kwadracie 0
sudoku.model.SudokuBoard@5bdef8ee[
  size=9
  solver=sudoku.model.BacktrackingSudokuSolver@345d4ecb
  board={{3,4,7,1,2,5,6,8,9},{6,2,5,9,3,8,4,1,7},{8,9,1,4,6,7,2,5,3},{7,3,4,6,5,9,8,2,1},{9,5,2,3,8,1,7,4,6},{1,6,8,2,7,4,9,3,5},{2,7,9,5,4,3,1,6,8},{4,8,3,7,1,0,0,0,0},{0,0,0,0,0,0,0,0,0}}
]
11:44:22.645 INFO  [main] SudokuBoard - Wartość 0 wstawiona nieprawidłowo
]]></system-out>
  </testcase>
</testsuite>