<?xml version="1.0" encoding="UTF-8"?>
<testsuite xmlns:xsi="http://www.w3.org/2001/XMLSchema-instance" xsi:noNamespaceSchemaLocation="https://maven.apache.org/surefire/maven-surefire-plugin/xsd/surefire-test-report-3.0.xsd" version="3.0" name="sudoku.model.SeriesTest" time="0.242" tests="5" errors="0" skipped="0" failures="0">
  <properties>
    <property name="java.specification.version" value="14"/>
    <property name="sun.cpu.isalist" value="amd64"/>
    <property name="sun.jnu.encoding" value="Cp1250"/>
    <property name="java.class.path" value="E:\studia\Sem-3\Programowanie komponentowe (07 72 3060 19)_pliki\ProjektKompo\an_pn_1145_03\Model\target\test-classes;E:\studia\Sem-3\Programowanie komponentowe (07 72 3060 19)_pliki\Projekty\Projektnr1\org\junit\jupiter\junit-jupiter-engine\5.6.2\junit-jupiter-engine-5.6.2.jar;E:\studia\Sem-3\Programowanie komponentowe (07 72 3060 19)_pliki\Projekty\Projektnr1\org\apiguardian\apiguardian-api\1.1.0\apiguardian-api-1.1.0.jar;E:\studia\Sem-3\Programowanie komponentowe (07 72 3060 19)_pliki\Projekty\Projektnr1\org\junit\platform\junit-platform-engine\1.6.2\junit-platform-engine-1.6.2.jar;E:\studia\Sem-3\Programowanie komponentowe (07 72 3060 19)_pliki\Projekty\Projektnr1\org\opentest4j\opentest4j\1.2.0\opentest4j-1.2.0.jar;E:\studia\Sem-3\Programowanie komponentowe (07 72 3060 19)_pliki\Projekty\Projektnr1\org\junit\platform\junit-platform-commons\1.6.2\junit-platform-commons-1.6.2.jar;E:\studia\Sem-3\Programowanie komponentowe (07 72 3060 19)_pliki\Projekty\Projektnr1\org\junit\jupiter\junit-jupiter-api\5.6.2\junit-jupiter-api-5.6.2.jar;E:\studia\Sem-3\Programowanie komponentowe (07 72 3060 19)_pliki\Projekty\Projektnr1\org\projectlombok\lombok\1.18.16\lombok-1.18.16.jar;E:\studia\Sem-3\Programowanie komponentowe (07 72 3060 19)_pliki\Projekty\Projektnr1\org\hibernate\hibernate-core\5.4.27.Final\hibernate-core-5.4.27.Final.jar;E:\studia\Sem-3\Programowanie komponentowe (07 72 3060 19)_pliki\Projekty\Projektnr1\org\jboss\logging\jboss-logging\3.4.1.Final\jboss-logging-3.4.1.Final.jar;E:\studia\Sem-3\Programowanie komponentowe (07 72 3060 19)_pliki\Projekty\Projektnr1\javax\persistence\javax.persistence-api\2.2\javax.persistence-api-2.2.jar;E:\studia\Sem-3\Programowanie komponentowe (07 72 3060 19)_pliki\Projekty\Projektnr1\org\javassist\javassist\3.27.0-GA\javassist-3.27.0-GA.jar;E:\studia\Sem-3\Programowanie komponentowe (07 72 3060 19)_pliki\Projekty\Projektnr1\net\bytebuddy\byte-buddy\1.10.17\byte-buddy-1.10.17.jar;E:\studia\Sem-3\Programowanie komponentowe (07 72 3060 19)_pliki\Projekty\Projektnr1\antlr\antlr\2.7.7\antlr-2.7.7.jar;E:\studia\Sem-3\Programowanie komponentowe (07 72 3060 19)_pliki\Projekty\Projektnr1\org\jboss\spec\javax\transaction\jboss-transaction-api_1.2_spec\1.1.1.Final\jboss-transaction-api_1.2_spec-1.1.1.Final.jar;E:\studia\Sem-3\Programowanie komponentowe (07 72 3060 19)_pliki\Projekty\Projektnr1\org\jboss\jandex\2.1.3.Final\jandex-2.1.3.Final.jar;E:\studia\Sem-3\Programowanie komponentowe (07 72 3060 19)_pliki\Projekty\Projektnr1\com\fasterxml\classmate\1.5.1\classmate-1.5.1.jar;E:\studia\Sem-3\Programowanie komponentowe (07 72 3060 19)_pliki\Projekty\Projektnr1\javax\activation\javax.activation-api\1.2.0\javax.activation-api-1.2.0.jar;E:\studia\Sem-3\Programowanie komponentowe (07 72 3060 19)_pliki\Projekty\Projektnr1\org\dom4j\dom4j\2.1.3\dom4j-2.1.3.jar;E:\studia\Sem-3\Programowanie komponentowe (07 72 3060 19)_pliki\Projekty\Projektnr1\org\hibernate\common\hibernate-commons-annotations\5.1.2.Final\hibernate-commons-annotations-5.1.2.Final.jar;E:\studia\Sem-3\Programowanie komponentowe (07 72 3060 19)_pliki\Projekty\Projektnr1\javax\xml\bind\jaxb-api\2.3.1\jaxb-api-2.3.1.jar;E:\studia\Sem-3\Programowanie komponentowe (07 72 3060 19)_pliki\Projekty\Projektnr1\org\hibernate\hibernate-entitymanager\5.4.27.Final\hibernate-entitymanager-5.4.27.Final.jar;E:\studia\Sem-3\Programowanie komponentowe (07 72 3060 19)_pliki\Projekty\Projektnr1\org\hibernate\javax\persistence\hibernate-jpa-2.1-api\1.0.2.Final\hibernate-jpa-2.1-api-1.0.2.Final.jar;E:\studia\Sem-3\Programowanie komponentowe (07 72 3060 19)_pliki\Projekty\Projektnr1\com\h2database\h2\1.4.200\h2-1.4.200.jar;E:\studia\Sem-3\Programowanie komponentowe (07 72 3060 19)_pliki\Projekty\Projektnr1\jakarta\xml\bind\jakarta.xml.bind-api\3.0.0\jakarta.xml.bind-api-3.0.0.jar;E:\studia\Sem-3\Programowanie komponentowe (07 72 3060 19)_pliki\Projekty\Projektnr1\com\sun\activation\jakarta.activation\2.0.0\jakarta.activation-2.0.0.jar;E:\studia\Sem-3\Programowanie komponentowe (07 72 3060 19)_pliki\Projekty\Projektnr1\org\glassfish\jaxb\jaxb-runtime\3.0.0\jaxb-runtime-3.0.0.jar;E:\studia\Sem-3\Programowanie komponentowe (07 72 3060 19)_pliki\Projekty\Projektnr1\org\glassfish\jaxb\jaxb-core\3.0.0\jaxb-core-3.0.0.jar;E:\studia\Sem-3\Programowanie komponentowe (07 72 3060 19)_pliki\Projekty\Projektnr1\org\glassfish\jaxb\txw2\3.0.0\txw2-3.0.0.jar;E:\studia\Sem-3\Programowanie komponentowe (07 72 3060 19)_pliki\Projekty\Projektnr1\com\sun\istack\istack-commons-runtime\4.0.0\istack-commons-runtime-4.0.0.jar;E:\studia\Sem-3\Programowanie komponentowe (07 72 3060 19)_pliki\Projekty\Projektnr1\ch\qos\logback\logback-classic\1.1.7\logback-classic-1.1.7.jar;E:\studia\Sem-3\Programowanie komponentowe (07 72 3060 19)_pliki\Projekty\Projektnr1\ch\qos\logback\logback-core\1.1.7\logback-core-1.1.7.jar;E:\studia\Sem-3\Programowanie komponentowe (07 72 3060 19)_pliki\Projekty\Projektnr1\org\openjfx\javafx-controls\13\javafx-controls-13.jar;E:\studia\Sem-3\Programowanie komponentowe (07 72 3060 19)_pliki\Projekty\Projektnr1\org\openjfx\javafx-controls\13\javafx-controls-13-win.jar;E:\studia\Sem-3\Programowanie komponentowe (07 72 3060 19)_pliki\Projekty\Projektnr1\org\openjfx\javafx-graphics\13\javafx-graphics-13.jar;E:\studia\Sem-3\Programowanie komponentowe (07 72 3060 19)_pliki\Projekty\Projektnr1\org\openjfx\javafx-graphics\13\javafx-graphics-13-win.jar;E:\studia\Sem-3\Programowanie komponentowe (07 72 3060 19)_pliki\Projekty\Projektnr1\org\openjfx\javafx-base\13\javafx-base-13.jar;E:\studia\Sem-3\Programowanie komponentowe (07 72 3060 19)_pliki\Projekty\Projektnr1\org\openjfx\javafx-fxml\13\javafx-fxml-13.jar;E:\studia\Sem-3\Programowanie komponentowe (07 72 3060 19)_pliki\Projekty\Projektnr1\org\openjfx\javafx-fxml\13\javafx-fxml-13-win.jar;"/>
    <property name="java.vm.vendor" value="Oracle Corporation"/>
    <property name="sun.arch.data.model" value="64"/>
    <property name="user.variant" value=""/>
    <property name="java.vendor.url" value="https://java.oracle.com/"/>
    <property name="user.timezone" value="Europe/Warsaw"/>
    <property name="os.name" value="Windows 10"/>
    <property name="java.vm.specification.version" value="14"/>
    <property name="sun.java.launcher" value="SUN_STANDARD"/>
    <property name="user.country" value="PL"/>
    <property name="sun.boot.library.path" value="C:\Program Files\Java\jdk-14.0.2\bin"/>
    <property name="sun.java.command" value="org.apache.maven.surefire.booter.ForkedBooter C:\Users\maldo\AppData\Local\Temp\surefire11239182961089593640 2021-01-25T11-54-18_966-jvmRun1 surefire16027032290400706859tmp surefire_03373803741099824962tmp"/>
    <property name="jdk.debug" value="release"/>
    <property name="surefire.test.class.path" value="E:\studia\Sem-3\Programowanie komponentowe (07 72 3060 19)_pliki\ProjektKompo\an_pn_1145_03\Model\target\test-classes;E:\studia\Sem-3\Programowanie komponentowe (07 72 3060 19)_pliki\Projekty\Projektnr1\org\junit\jupiter\junit-jupiter-engine\5.6.2\junit-jupiter-engine-5.6.2.jar;E:\studia\Sem-3\Programowanie komponentowe (07 72 3060 19)_pliki\Projekty\Projektnr1\org\apiguardian\apiguardian-api\1.1.0\apiguardian-api-1.1.0.jar;E:\studia\Sem-3\Programowanie komponentowe (07 72 3060 19)_pliki\Projekty\Projektnr1\org\junit\platform\junit-platform-engine\1.6.2\junit-platform-engine-1.6.2.jar;E:\studia\Sem-3\Programowanie komponentowe (07 72 3060 19)_pliki\Projekty\Projektnr1\org\opentest4j\opentest4j\1.2.0\opentest4j-1.2.0.jar;E:\studia\Sem-3\Programowanie komponentowe (07 72 3060 19)_pliki\Projekty\Projektnr1\org\junit\platform\junit-platform-commons\1.6.2\junit-platform-commons-1.6.2.jar;E:\studia\Sem-3\Programowanie komponentowe (07 72 3060 19)_pliki\Projekty\Projektnr1\org\junit\jupiter\junit-jupiter-api\5.6.2\junit-jupiter-api-5.6.2.jar;E:\studia\Sem-3\Programowanie komponentowe (07 72 3060 19)_pliki\Projekty\Projektnr1\org\projectlombok\lombok\1.18.16\lombok-1.18.16.jar;E:\studia\Sem-3\Programowanie komponentowe (07 72 3060 19)_pliki\Projekty\Projektnr1\org\hibernate\hibernate-core\5.4.27.Final\hibernate-core-5.4.27.Final.jar;E:\studia\Sem-3\Programowanie komponentowe (07 72 3060 19)_pliki\Projekty\Projektnr1\org\jboss\logging\jboss-logging\3.4.1.Final\jboss-logging-3.4.1.Final.jar;E:\studia\Sem-3\Programowanie komponentowe (07 72 3060 19)_pliki\Projekty\Projektnr1\javax\persistence\javax.persistence-api\2.2\javax.persistence-api-2.2.jar;E:\studia\Sem-3\Programowanie komponentowe (07 72 3060 19)_pliki\Projekty\Projektnr1\org\javassist\javassist\3.27.0-GA\javassist-3.27.0-GA.jar;E:\studia\Sem-3\Programowanie komponentowe (07 72 3060 19)_pliki\Projekty\Projektnr1\net\bytebuddy\byte-buddy\1.10.17\byte-buddy-1.10.17.jar;E:\studia\Sem-3\Programowanie komponentowe (07 72 3060 19)_pliki\Projekty\Projektnr1\antlr\antlr\2.7.7\antlr-2.7.7.jar;E:\studia\Sem-3\Programowanie komponentowe (07 72 3060 19)_pliki\Projekty\Projektnr1\org\jboss\spec\javax\transaction\jboss-transaction-api_1.2_spec\1.1.1.Final\jboss-transaction-api_1.2_spec-1.1.1.Final.jar;E:\studia\Sem-3\Programowanie komponentowe (07 72 3060 19)_pliki\Projekty\Projektnr1\org\jboss\jandex\2.1.3.Final\jandex-2.1.3.Final.jar;E:\studia\Sem-3\Programowanie komponentowe (07 72 3060 19)_pliki\Projekty\Projektnr1\com\fasterxml\classmate\1.5.1\classmate-1.5.1.jar;E:\studia\Sem-3\Programowanie komponentowe (07 72 3060 19)_pliki\Projekty\Projektnr1\javax\activation\javax.activation-api\1.2.0\javax.activation-api-1.2.0.jar;E:\studia\Sem-3\Programowanie komponentowe (07 72 3060 19)_pliki\Projekty\Projektnr1\org\dom4j\dom4j\2.1.3\dom4j-2.1.3.jar;E:\studia\Sem-3\Programowanie komponentowe (07 72 3060 19)_pliki\Projekty\Projektnr1\org\hibernate\common\hibernate-commons-annotations\5.1.2.Final\hibernate-commons-annotations-5.1.2.Final.jar;E:\studia\Sem-3\Programowanie komponentowe (07 72 3060 19)_pliki\Projekty\Projektnr1\javax\xml\bind\jaxb-api\2.3.1\jaxb-api-2.3.1.jar;E:\studia\Sem-3\Programowanie komponentowe (07 72 3060 19)_pliki\Projekty\Projektnr1\org\hibernate\hibernate-entitymanager\5.4.27.Final\hibernate-entitymanager-5.4.27.Final.jar;E:\studia\Sem-3\Programowanie komponentowe (07 72 3060 19)_pliki\Projekty\Projektnr1\org\hibernate\javax\persistence\hibernate-jpa-2.1-api\1.0.2.Final\hibernate-jpa-2.1-api-1.0.2.Final.jar;E:\studia\Sem-3\Programowanie komponentowe (07 72 3060 19)_pliki\Projekty\Projektnr1\com\h2database\h2\1.4.200\h2-1.4.200.jar;E:\studia\Sem-3\Programowanie komponentowe (07 72 3060 19)_pliki\Projekty\Projektnr1\jakarta\xml\bind\jakarta.xml.bind-api\3.0.0\jakarta.xml.bind-api-3.0.0.jar;E:\studia\Sem-3\Programowanie komponentowe (07 72 3060 19)_pliki\Projekty\Projektnr1\com\sun\activation\jakarta.activation\2.0.0\jakarta.activation-2.0.0.jar;E:\studia\Sem-3\Programowanie komponentowe (07 72 3060 19)_pliki\Projekty\Projektnr1\org\glassfish\jaxb\jaxb-runtime\3.0.0\jaxb-runtime-3.0.0.jar;E:\studia\Sem-3\Programowanie komponentowe (07 72 3060 19)_pliki\Projekty\Projektnr1\org\glassfish\jaxb\jaxb-core\3.0.0\jaxb-core-3.0.0.jar;E:\studia\Sem-3\Programowanie komponentowe (07 72 3060 19)_pliki\Projekty\Projektnr1\org\glassfish\jaxb\txw2\3.0.0\txw2-3.0.0.jar;E:\studia\Sem-3\Programowanie komponentowe (07 72 3060 19)_pliki\Projekty\Projektnr1\com\sun\istack\istack-commons-runtime\4.0.0\istack-commons-runtime-4.0.0.jar;E:\studia\Sem-3\Programowanie komponentowe (07 72 3060 19)_pliki\Projekty\Projektnr1\ch\qos\logback\logback-classic\1.1.7\logback-classic-1.1.7.jar;E:\studia\Sem-3\Programowanie komponentowe (07 72 3060 19)_pliki\Projekty\Projektnr1\ch\qos\logback\logback-core\1.1.7\logback-core-1.1.7.jar;E:\studia\Sem-3\Programowanie komponentowe (07 72 3060 19)_pliki\Projekty\Projektnr1\org\openjfx\javafx-controls\13\javafx-controls-13.jar;E:\studia\Sem-3\Programowanie komponentowe (07 72 3060 19)_pliki\Projekty\Projektnr1\org\openjfx\javafx-controls\13\javafx-controls-13-win.jar;E:\studia\Sem-3\Programowanie komponentowe (07 72 3060 19)_pliki\Projekty\Projektnr1\org\openjfx\javafx-graphics\13\javafx-graphics-13.jar;E:\studia\Sem-3\Programowanie komponentowe (07 72 3060 19)_pliki\Projekty\Projektnr1\org\openjfx\javafx-graphics\13\javafx-graphics-13-win.jar;E:\studia\Sem-3\Programowanie komponentowe (07 72 3060 19)_pliki\Projekty\Projektnr1\org\openjfx\javafx-base\13\javafx-base-13.jar;E:\studia\Sem-3\Programowanie komponentowe (07 72 3060 19)_pliki\Projekty\Projektnr1\org\openjfx\javafx-fxml\13\javafx-fxml-13.jar;E:\studia\Sem-3\Programowanie komponentowe (07 72 3060 19)_pliki\Projekty\Projektnr1\org\openjfx\javafx-fxml\13\javafx-fxml-13-win.jar;"/>
    <property name="sun.cpu.endian" value="little"/>
    <property name="user.home" value="C:\Users\maldo"/>
    <property name="user.language" value="pl"/>
    <property name="java.specification.vendor" value="Oracle Corporation"/>
    <property name="jdk.module.path" value="E:\studia\Sem-3\Programowanie komponentowe (07 72 3060 19)_pliki\ProjektKompo\an_pn_1145_03\Model\target\classes;E:\studia\Sem-3\Programowanie komponentowe (07 72 3060 19)_pliki\Projekty\Projektnr1\org\apache\commons\commons-lang3\3.11\commons-lang3-3.11.jar;E:\studia\Sem-3\Programowanie komponentowe (07 72 3060 19)_pliki\Projekty\Projektnr1\org\slf4j\slf4j-api\1.7.30\slf4j-api-1.7.30.jar;E:\studia\Sem-3\Programowanie komponentowe (07 72 3060 19)_pliki\Projekty\Projektnr1\org\openjfx\javafx-base\13\javafx-base-13-win.jar"/>
    <property name="java.version.date" value="2020-07-14"/>
    <property name="java.home" value="C:\Program Files\Java\jdk-14.0.2"/>
    <property name="file.separator" value="\"/>
    <property name="basedir" value="E:\studia\Sem-3\Programowanie komponentowe (07 72 3060 19)_pliki\ProjektKompo\an_pn_1145_03\Model"/>
    <property name="java.vm.compressedOopsMode" value="Zero based"/>
    <property name="line.separator" value="&#10;"/>
    <property name="java.vm.specification.vendor" value="Oracle Corporation"/>
    <property name="java.specification.name" value="Java Platform API Specification"/>
    <property name="surefire.real.class.path" value="E:\studia\Sem-3\Programowanie komponentowe (07 72 3060 19)_pliki\Projekty\Projektnr1\org\apache\maven\surefire\surefire-booter\3.0.0-M5\surefire-booter-3.0.0-M5.jar;E:\studia\Sem-3\Programowanie komponentowe (07 72 3060 19)_pliki\Projekty\Projektnr1\org\apache\maven\surefire\surefire-api\3.0.0-M5\surefire-api-3.0.0-M5.jar;E:\studia\Sem-3\Programowanie komponentowe (07 72 3060 19)_pliki\Projekty\Projektnr1\org\apache\maven\surefire\surefire-logger-api\3.0.0-M5\surefire-logger-api-3.0.0-M5.jar;E:\studia\Sem-3\Programowanie komponentowe (07 72 3060 19)_pliki\Projekty\Projektnr1\org\apache\maven\surefire\surefire-shared-utils\3.0.0-M4\surefire-shared-utils-3.0.0-M4.jar;E:\studia\Sem-3\Programowanie komponentowe (07 72 3060 19)_pliki\Projekty\Projektnr1\org\apache\maven\surefire\surefire-extensions-spi\3.0.0-M5\surefire-extensions-spi-3.0.0-M5.jar;E:\studia\Sem-3\Programowanie komponentowe (07 72 3060 19)_pliki\ProjektKompo\an_pn_1145_03\Model\target\test-classes;E:\studia\Sem-3\Programowanie komponentowe (07 72 3060 19)_pliki\Projekty\Projektnr1\org\junit\jupiter\junit-jupiter-engine\5.6.2\junit-jupiter-engine-5.6.2.jar;E:\studia\Sem-3\Programowanie komponentowe (07 72 3060 19)_pliki\Projekty\Projektnr1\org\apiguardian\apiguardian-api\1.1.0\apiguardian-api-1.1.0.jar;E:\studia\Sem-3\Programowanie komponentowe (07 72 3060 19)_pliki\Projekty\Projektnr1\org\junit\platform\junit-platform-engine\1.6.2\junit-platform-engine-1.6.2.jar;E:\studia\Sem-3\Programowanie komponentowe (07 72 3060 19)_pliki\Projekty\Projektnr1\org\opentest4j\opentest4j\1.2.0\opentest4j-1.2.0.jar;E:\studia\Sem-3\Programowanie komponentowe (07 72 3060 19)_pliki\Projekty\Projektnr1\org\junit\platform\junit-platform-commons\1.6.2\junit-platform-commons-1.6.2.jar;E:\studia\Sem-3\Programowanie komponentowe (07 72 3060 19)_pliki\Projekty\Projektnr1\org\junit\jupiter\junit-jupiter-api\5.6.2\junit-jupiter-api-5.6.2.jar;E:\studia\Sem-3\Programowanie komponentowe (07 72 3060 19)_pliki\Projekty\Projektnr1\org\projectlombok\lombok\1.18.16\lombok-1.18.16.jar;E:\studia\Sem-3\Programowanie komponentowe (07 72 3060 19)_pliki\Projekty\Projektnr1\org\hibernate\hibernate-core\5.4.27.Final\hibernate-core-5.4.27.Final.jar;E:\studia\Sem-3\Programowanie komponentowe (07 72 3060 19)_pliki\Projekty\Projektnr1\org\jboss\logging\jboss-logging\3.4.1.Final\jboss-logging-3.4.1.Final.jar;E:\studia\Sem-3\Programowanie komponentowe (07 72 3060 19)_pliki\Projekty\Projektnr1\javax\persistence\javax.persistence-api\2.2\javax.persistence-api-2.2.jar;E:\studia\Sem-3\Programowanie komponentowe (07 72 3060 19)_pliki\Projekty\Projektnr1\org\javassist\javassist\3.27.0-GA\javassist-3.27.0-GA.jar;E:\studia\Sem-3\Programowanie komponentowe (07 72 3060 19)_pliki\Projekty\Projektnr1\net\bytebuddy\byte-buddy\1.10.17\byte-buddy-1.10.17.jar;E:\studia\Sem-3\Programowanie komponentowe (07 72 3060 19)_pliki\Projekty\Projektnr1\antlr\antlr\2.7.7\antlr-2.7.7.jar;E:\studia\Sem-3\Programowanie komponentowe (07 72 3060 19)_pliki\Projekty\Projektnr1\org\jboss\spec\javax\transaction\jboss-transaction-api_1.2_spec\1.1.1.Final\jboss-transaction-api_1.2_spec-1.1.1.Final.jar;E:\studia\Sem-3\Programowanie komponentowe (07 72 3060 19)_pliki\Projekty\Projektnr1\org\jboss\jandex\2.1.3.Final\jandex-2.1.3.Final.jar;E:\studia\Sem-3\Programowanie komponentowe (07 72 3060 19)_pliki\Projekty\Projektnr1\com\fasterxml\classmate\1.5.1\classmate-1.5.1.jar;E:\studia\Sem-3\Programowanie komponentowe (07 72 3060 19)_pliki\Projekty\Projektnr1\javax\activation\javax.activation-api\1.2.0\javax.activation-api-1.2.0.jar;E:\studia\Sem-3\Programowanie komponentowe (07 72 3060 19)_pliki\Projekty\Projektnr1\org\dom4j\dom4j\2.1.3\dom4j-2.1.3.jar;E:\studia\Sem-3\Programowanie komponentowe (07 72 3060 19)_pliki\Projekty\Projektnr1\org\hibernate\common\hibernate-commons-annotations\5.1.2.Final\hibernate-commons-annotations-5.1.2.Final.jar;E:\studia\Sem-3\Programowanie komponentowe (07 72 3060 19)_pliki\Projekty\Projektnr1\javax\xml\bind\jaxb-api\2.3.1\jaxb-api-2.3.1.jar;E:\studia\Sem-3\Programowanie komponentowe (07 72 3060 19)_pliki\Projekty\Projektnr1\org\hibernate\hibernate-entitymanager\5.4.27.Final\hibernate-entitymanager-5.4.27.Final.jar;E:\studia\Sem-3\Programowanie komponentowe (07 72 3060 19)_pliki\Projekty\Projektnr1\org\hibernate\javax\persistence\hibernate-jpa-2.1-api\1.0.2.Final\hibernate-jpa-2.1-api-1.0.2.Final.jar;E:\studia\Sem-3\Programowanie komponentowe (07 72 3060 19)_pliki\Projekty\Projektnr1\com\h2database\h2\1.4.200\h2-1.4.200.jar;E:\studia\Sem-3\Programowanie komponentowe (07 72 3060 19)_pliki\Projekty\Projektnr1\jakarta\xml\bind\jakarta.xml.bind-api\3.0.0\jakarta.xml.bind-api-3.0.0.jar;E:\studia\Sem-3\Programowanie komponentowe (07 72 3060 19)_pliki\Projekty\Projektnr1\com\sun\activation\jakarta.activation\2.0.0\jakarta.activation-2.0.0.jar;E:\studia\Sem-3\Programowanie komponentowe (07 72 3060 19)_pliki\Projekty\Projektnr1\org\glassfish\jaxb\jaxb-runtime\3.0.0\jaxb-runtime-3.0.0.jar;E:\studia\Sem-3\Programowanie komponentowe (07 72 3060 19)_pliki\Projekty\Projektnr1\org\glassfish\jaxb\jaxb-core\3.0.0\jaxb-core-3.0.0.jar;E:\studia\Sem-3\Programowanie komponentowe (07 72 3060 19)_pliki\Projekty\Projektnr1\org\glassfish\jaxb\txw2\3.0.0\txw2-3.0.0.jar;E:\studia\Sem-3\Programowanie komponentowe (07 72 3060 19)_pliki\Projekty\Projektnr1\com\sun\istack\istack-commons-runtime\4.0.0\istack-commons-runtime-4.0.0.jar;E:\studia\Sem-3\Programowanie komponentowe (07 72 3060 19)_pliki\Projekty\Projektnr1\ch\qos\logback\logback-classic\1.1.7\logback-classic-1.1.7.jar;E:\studia\Sem-3\Programowanie komponentowe (07 72 3060 19)_pliki\Projekty\Projektnr1\ch\qos\logback\logback-core\1.1.7\logback-core-1.1.7.jar;E:\studia\Sem-3\Programowanie komponentowe (07 72 3060 19)_pliki\Projekty\Projektnr1\org\openjfx\javafx-controls\13\javafx-controls-13.jar;E:\studia\Sem-3\Programowanie komponentowe (07 72 3060 19)_pliki\Projekty\Projektnr1\org\openjfx\javafx-controls\13\javafx-controls-13-win.jar;E:\studia\Sem-3\Programowanie komponentowe (07 72 3060 19)_pliki\Projekty\Projektnr1\org\openjfx\javafx-graphics\13\javafx-graphics-13.jar;E:\studia\Sem-3\Programowanie komponentowe (07 72 3060 19)_pliki\Projekty\Projektnr1\org\openjfx\javafx-graphics\13\javafx-graphics-13-win.jar;E:\studia\Sem-3\Programowanie komponentowe (07 72 3060 19)_pliki\Projekty\Projektnr1\org\openjfx\javafx-base\13\javafx-base-13.jar;E:\studia\Sem-3\Programowanie komponentowe (07 72 3060 19)_pliki\Projekty\Projektnr1\org\openjfx\javafx-fxml\13\javafx-fxml-13.jar;E:\studia\Sem-3\Programowanie komponentowe (07 72 3060 19)_pliki\Projekty\Projektnr1\org\openjfx\javafx-fxml\13\javafx-fxml-13-win.jar;E:\studia\Sem-3\Programowanie komponentowe (07 72 3060 19)_pliki\Projekty\Projektnr1\org\apache\maven\surefire\surefire-junit-platform\3.0.0-M5\surefire-junit-platform-3.0.0-M5.jar;E:\studia\Sem-3\Programowanie komponentowe (07 72 3060 19)_pliki\Projekty\Projektnr1\org\apache\maven\surefire\common-java5\3.0.0-M5\common-java5-3.0.0-M5.jar;E:\studia\Sem-3\Programowanie komponentowe (07 72 3060 19)_pliki\Projekty\Projektnr1\org\junit\platform\junit-platform-launcher\1.6.2\junit-platform-launcher-1.6.2.jar"/>
    <property name="user.script" value=""/>
    <property name="sun.management.compiler" value="HotSpot 64-Bit Tiered Compilers"/>
    <property name="java.runtime.version" value="14.0.2+12-46"/>
    <property name="user.name" value="maldo"/>
    <property name="path.separator" value=";"/>
    <property name="os.version" value="10.0"/>
    <property name="java.runtime.name" value="Java(TM) SE Runtime Environment"/>
    <property name="file.encoding" value="Cp1250"/>
    <property name="java.vm.name" value="Java HotSpot(TM) 64-Bit Server VM"/>
    <property name="localRepository" value="E:\studia\Sem-3\Programowanie komponentowe (07 72 3060 19)_pliki\Projekty\Projektnr1"/>
    <property name="java.vendor.url.bug" value="https://bugreport.java.com/bugreport/"/>
    <property name="java.io.tmpdir" value="C:\Users\maldo\AppData\Local\Temp\"/>
    <property name="java.version" value="14.0.2"/>
    <property name="user.dir" value="E:\studia\Sem-3\Programowanie komponentowe (07 72 3060 19)_pliki\ProjektKompo\an_pn_1145_03\Model"/>
    <property name="os.arch" value="amd64"/>
    <property name="java.vm.specification.name" value="Java Virtual Machine Specification"/>
    <property name="sun.os.patch.level" value=""/>
    <property name="java.library.path" value="C:\Program Files\Java\jdk-14.0.2\bin;C:\WINDOWS\Sun\Java\bin;C:\WINDOWS\system32;C:\WINDOWS;C:\Program Files (x86)\Razer Chroma SDK\bin;C:\Program Files\Razer Chroma SDK\bin;C:\Python\Scripts\;C:\Python\;C:\Program Files (x86)\Intel\iCLS Client\;C:\Program Files\Intel\iCLS Client\;C:\Windows\system32;C:\Windows;C:\Windows\System32\Wbem;C:\Windows\System32\WindowsPowerShell\v1.0\;C:\Windows\System32\OpenSSH\;C:\Program Files (x86)\NVIDIA Corporation\PhysX\Common;C:\Program Files (x86)\Intel\Intel(R) Management Engine Components\DAL;C:\Program Files\Intel\Intel(R) Management Engine Components\DAL;C:\Program Files (x86)\Intel\Intel(R) Management Engine Components\IPT;C:\Program Files\Intel\Intel(R) Management Engine Components\IPT;C:\Program Files\Intel\WiFi\bin\;C:\Program Files\Common Files\Intel\WirelessCommon\;C:\Program Files (x86)\Windows Kits\8.1\Windows Performance Toolkit\;C:\Users\maldo\AppData\Local\Microsoft\WindowsApps;C:\Program Files\NVIDIA Corporation\NVIDIA NvDLISR;C:\Program Files (x86)\MKVToolNix;C:\WINDOWS\system32;C:\WINDOWS;C:\WINDOWS\System32\Wbem;C:\WINDOWS\System32\WindowsPowerShell\v1.0\;C:\WINDOWS\System32\OpenSSH\;E:\studia\Sem-3\Programowanie komponentowe (07 72 3060 19)_pliki\apache-maven-3.6.3\bin;C:\msys64\usr\bin;C:\Program Files\Java\jdk-14.0.2\bin;C:\Program Files (x86)\Calibre2\;C:\Users\maldo\AppData\Local\Microsoft\WindowsApps;C:\Program Files\Intel\WiFi\bin\;C:\Program Files\Common Files\Intel\WirelessCommon\;C:\Program Files\JetBrains\CLion 2019.3.3\bin;;C:\Users\maldo\AppData\Local\Programs\Microsoft VS Code\bin;C:\Users\maldo\AppData\Local\GitHubDesktop\bin;."/>
    <property name="java.vm.info" value="mixed mode"/>
    <property name="java.vendor" value="Oracle Corporation"/>
    <property name="java.vm.version" value="14.0.2+12-46"/>
    <property name="sun.io.unicode.encoding" value="UnicodeLittle"/>
    <property name="java.class.version" value="58.0"/>
  </properties>
  <testcase name="testEqualsDiffrent" classname="sudoku.model.SeriesTest" time="0.069">
    <system-out><![CDATA[11:54:21.640 [main] INFO  sudoku.model.SudokuBoard - Bład w kwadracie 0
sudoku.model.SudokuBoard@47569167[
  size=9
  solver=sudoku.model.BacktrackingSudokuSolver@42d9e8d2
  board={{1,2,7,3,8,4,5,6,9},{6,8,5,9,1,7,2,3,4},{9,3,4,5,6,2,7,8,1},{7,4,8,2,5,9,0,0,0},{0,0,0,0,0,0,0,0,0},{0,0,0,0,0,0,0,0,0},{0,0,0,0,0,0,0,0,0},{0,0,0,0,0,0,0,0,0},{0,0,0,0,0,0,0,0,0}}
]
11:54:21.640 [main] INFO  sudoku.model.SudokuBoard - Wartość 0 wstawiona nieprawidłowo
11:54:21.641 [main] INFO  sudoku.model.SudokuBoard - Bład w kwadracie 0
sudoku.model.SudokuBoard@47569167[
  size=9
  solver=sudoku.model.BacktrackingSudokuSolver@42d9e8d2
  board={{1,2,7,3,8,4,5,6,9},{6,8,5,9,1,7,2,3,4},{9,3,4,5,6,2,7,8,1},{7,4,8,2,5,9,3,1,6},{5,6,3,7,4,8,9,0,0},{0,0,0,0,0,0,0,0,0},{0,0,0,0,0,0,0,0,0},{0,0,0,0,0,0,0,0,0},{0,0,0,0,0,0,0,0,0}}
]
11:54:21.641 [main] INFO  sudoku.model.SudokuBoard - Wartość 0 wstawiona nieprawidłowo
11:54:21.641 [main] INFO  sudoku.model.SudokuBoard - Bład w kwadracie 0
sudoku.model.SudokuBoard@47569167[
  size=9
  solver=sudoku.model.BacktrackingSudokuSolver@42d9e8d2
  board={{1,2,7,3,8,4,5,6,9},{6,8,5,9,1,7,2,3,4},{9,3,4,5,6,2,7,8,1},{7,4,8,2,5,9,3,1,6},{5,6,3,7,4,8,0,0,0},{0,0,0,0,0,0,0,0,0},{0,0,0,0,0,0,0,0,0},{0,0,0,0,0,0,0,0,0},{0,0,0,0,0,0,0,0,0}}
]
11:54:21.641 [main] INFO  sudoku.model.SudokuBoard - Wartość 0 wstawiona nieprawidłowo
11:54:21.642 [main] INFO  sudoku.model.SudokuBoard - Bład w kwadracie 0
sudoku.model.SudokuBoard@47569167[
  size=9
  solver=sudoku.model.BacktrackingSudokuSolver@42d9e8d2
  board={{1,2,7,3,8,4,5,6,9},{6,8,5,9,1,7,2,3,4},{9,3,4,5,6,2,7,8,1},{7,4,8,2,5,9,3,1,6},{5,6,3,7,4,0,0,0,0},{0,0,0,0,0,0,0,0,0},{0,0,0,0,0,0,0,0,0},{0,0,0,0,0,0,0,0,0},{0,0,0,0,0,0,0,0,0}}
]
11:54:21.642 [main] INFO  sudoku.model.SudokuBoard - Wartość 0 wstawiona nieprawidłowo
11:54:21.647 [main] INFO  sudoku.model.SudokuBoard - Bład w kwadracie 0
sudoku.model.SudokuBoard@49754e74[
  size=9
  solver=sudoku.model.BacktrackingSudokuSolver@31881aa2
  board={{4,6,3,5,9,7,8,1,2},{5,2,7,4,6,1,3,0,0},{0,0,0,0,0,0,0,0,0},{0,0,0,0,0,0,0,0,0},{0,0,0,0,0,0,0,0,0},{0,0,0,0,0,0,0,0,0},{0,0,0,0,0,0,0,0,0},{0,0,0,0,0,0,0,0,0},{0,0,0,0,0,0,0,0,0}}
]
11:54:21.649 [main] INFO  sudoku.model.SudokuBoard - Wartość 0 wstawiona nieprawidłowo
11:54:21.650 [main] INFO  sudoku.model.SudokuBoard - Bład w kwadracie 0
sudoku.model.SudokuBoard@49754e74[
  size=9
  solver=sudoku.model.BacktrackingSudokuSolver@31881aa2
  board={{4,6,3,5,9,7,8,1,2},{5,2,7,4,6,1,0,0,0},{0,0,0,0,0,0,0,0,0},{0,0,0,0,0,0,0,0,0},{0,0,0,0,0,0,0,0,0},{0,0,0,0,0,0,0,0,0},{0,0,0,0,0,0,0,0,0},{0,0,0,0,0,0,0,0,0},{0,0,0,0,0,0,0,0,0}}
]
11:54:21.651 [main] INFO  sudoku.model.SudokuBoard - Wartość 0 wstawiona nieprawidłowo
11:54:21.652 [main] INFO  sudoku.model.SudokuBoard - Bład w kwadracie 0
sudoku.model.SudokuBoard@49754e74[
  size=9
  solver=sudoku.model.BacktrackingSudokuSolver@31881aa2
  board={{4,6,3,5,9,7,8,1,2},{5,2,7,4,6,1,9,0,0},{0,0,0,0,0,0,0,0,0},{0,0,0,0,0,0,0,0,0},{0,0,0,0,0,0,0,0,0},{0,0,0,0,0,0,0,0,0},{0,0,0,0,0,0,0,0,0},{0,0,0,0,0,0,0,0,0},{0,0,0,0,0,0,0,0,0}}
]
11:54:21.653 [main] INFO  sudoku.model.SudokuBoard - Wartość 0 wstawiona nieprawidłowo
11:54:21.653 [main] INFO  sudoku.model.SudokuBoard - Bład w kwadracie 0
sudoku.model.SudokuBoard@49754e74[
  size=9
  solver=sudoku.model.BacktrackingSudokuSolver@31881aa2
  board={{4,6,3,5,9,7,8,1,2},{5,2,7,4,6,1,0,0,0},{0,0,0,0,0,0,0,0,0},{0,0,0,0,0,0,0,0,0},{0,0,0,0,0,0,0,0,0},{0,0,0,0,0,0,0,0,0},{0,0,0,0,0,0,0,0,0},{0,0,0,0,0,0,0,0,0},{0,0,0,0,0,0,0,0,0}}
]
11:54:21.653 [main] INFO  sudoku.model.SudokuBoard - Wartość 0 wstawiona nieprawidłowo
11:54:21.654 [main] INFO  sudoku.model.SudokuBoard - Bład w kwadracie 0
sudoku.model.SudokuBoard@49754e74[
  size=9
  solver=sudoku.model.BacktrackingSudokuSolver@31881aa2
  board={{4,6,3,5,9,7,8,1,2},{5,2,7,4,6,0,0,0,0},{0,0,0,0,0,0,0,0,0},{0,0,0,0,0,0,0,0,0},{0,0,0,0,0,0,0,0,0},{0,0,0,0,0,0,0,0,0},{0,0,0,0,0,0,0,0,0},{0,0,0,0,0,0,0,0,0},{0,0,0,0,0,0,0,0,0}}
]
11:54:21.654 [main] INFO  sudoku.model.SudokuBoard - Wartość 0 wstawiona nieprawidłowo
11:54:21.655 [main] INFO  sudoku.model.SudokuBoard - Bład w kwadracie 0
sudoku.model.SudokuBoard@49754e74[
  size=9
  solver=sudoku.model.BacktrackingSudokuSolver@31881aa2
  board={{4,6,3,5,9,7,8,1,2},{5,2,7,4,6,3,0,0,0},{0,0,0,0,0,0,0,0,0},{0,0,0,0,0,0,0,0,0},{0,0,0,0,0,0,0,0,0},{0,0,0,0,0,0,0,0,0},{0,0,0,0,0,0,0,0,0},{0,0,0,0,0,0,0,0,0},{0,0,0,0,0,0,0,0,0}}
]
11:54:21.655 [main] INFO  sudoku.model.SudokuBoard - Wartość 0 wstawiona nieprawidłowo
11:54:21.655 [main] INFO  sudoku.model.SudokuBoard - Bład w kwadracie 0
sudoku.model.SudokuBoard@49754e74[
  size=9
  solver=sudoku.model.BacktrackingSudokuSolver@31881aa2
  board={{4,6,3,5,9,7,8,1,2},{5,2,7,4,6,0,0,0,0},{0,0,0,0,0,0,0,0,0},{0,0,0,0,0,0,0,0,0},{0,0,0,0,0,0,0,0,0},{0,0,0,0,0,0,0,0,0},{0,0,0,0,0,0,0,0,0},{0,0,0,0,0,0,0,0,0},{0,0,0,0,0,0,0,0,0}}
]
11:54:21.657 [main] INFO  sudoku.model.SudokuBoard - Wartość 0 wstawiona nieprawidłowo
11:54:21.657 [main] INFO  sudoku.model.SudokuBoard - Bład w kwadracie 0
sudoku.model.SudokuBoard@49754e74[
  size=9
  solver=sudoku.model.BacktrackingSudokuSolver@31881aa2
  board={{4,6,3,5,9,7,8,1,2},{5,2,7,4,6,8,3,0,0},{0,0,0,0,0,0,0,0,0},{0,0,0,0,0,0,0,0,0},{0,0,0,0,0,0,0,0,0},{0,0,0,0,0,0,0,0,0},{0,0,0,0,0,0,0,0,0},{0,0,0,0,0,0,0,0,0},{0,0,0,0,0,0,0,0,0}}
]
11:54:21.657 [main] INFO  sudoku.model.SudokuBoard - Wartość 0 wstawiona nieprawidłowo
11:54:21.660 [main] INFO  sudoku.model.SudokuBoard - Bład w kwadracie 0
sudoku.model.SudokuBoard@49754e74[
  size=9
  solver=sudoku.model.BacktrackingSudokuSolver@31881aa2
  board={{4,6,3,5,9,7,8,1,2},{5,2,7,4,6,8,0,0,0},{0,0,0,0,0,0,0,0,0},{0,0,0,0,0,0,0,0,0},{0,0,0,0,0,0,0,0,0},{0,0,0,0,0,0,0,0,0},{0,0,0,0,0,0,0,0,0},{0,0,0,0,0,0,0,0,0},{0,0,0,0,0,0,0,0,0}}
]
11:54:21.660 [main] INFO  sudoku.model.SudokuBoard - Wartość 0 wstawiona nieprawidłowo
11:54:21.661 [main] INFO  sudoku.model.SudokuBoard - Bład w kwadracie 0
sudoku.model.SudokuBoard@49754e74[
  size=9
  solver=sudoku.model.BacktrackingSudokuSolver@31881aa2
  board={{4,6,3,5,9,7,8,1,2},{5,2,7,4,6,8,9,0,0},{0,0,0,0,0,0,0,0,0},{0,0,0,0,0,0,0,0,0},{0,0,0,0,0,0,0,0,0},{0,0,0,0,0,0,0,0,0},{0,0,0,0,0,0,0,0,0},{0,0,0,0,0,0,0,0,0},{0,0,0,0,0,0,0,0,0}}
]
11:54:21.661 [main] INFO  sudoku.model.SudokuBoard - Wartość 0 wstawiona nieprawidłowo
11:54:21.661 [main] INFO  sudoku.model.SudokuBoard - Bład w kwadracie 0
sudoku.model.SudokuBoard@49754e74[
  size=9
  solver=sudoku.model.BacktrackingSudokuSolver@31881aa2
  board={{4,6,3,5,9,7,8,1,2},{5,2,7,4,6,8,0,0,0},{0,0,0,0,0,0,0,0,0},{0,0,0,0,0,0,0,0,0},{0,0,0,0,0,0,0,0,0},{0,0,0,0,0,0,0,0,0},{0,0,0,0,0,0,0,0,0},{0,0,0,0,0,0,0,0,0},{0,0,0,0,0,0,0,0,0}}
]
11:54:21.662 [main] INFO  sudoku.model.SudokuBoard - Wartość 0 wstawiona nieprawidłowo
11:54:21.663 [main] INFO  sudoku.model.SudokuBoard - Bład w kwadracie 0
sudoku.model.SudokuBoard@49754e74[
  size=9
  solver=sudoku.model.BacktrackingSudokuSolver@31881aa2
  board={{4,6,3,5,9,7,8,1,2},{5,2,7,4,6,0,0,0,0},{0,0,0,0,0,0,0,0,0},{0,0,0,0,0,0,0,0,0},{0,0,0,0,0,0,0,0,0},{0,0,0,0,0,0,0,0,0},{0,0,0,0,0,0,0,0,0},{0,0,0,0,0,0,0,0,0},{0,0,0,0,0,0,0,0,0}}
]
11:54:21.663 [main] INFO  sudoku.model.SudokuBoard - Wartość 0 wstawiona nieprawidłowo
11:54:21.666 [main] INFO  sudoku.model.SudokuBoard - Bład w kwadracie 0
sudoku.model.SudokuBoard@49754e74[
  size=9
  solver=sudoku.model.BacktrackingSudokuSolver@31881aa2
  board={{4,6,3,5,9,7,8,1,2},{5,2,7,4,0,0,0,0,0},{0,0,0,0,0,0,0,0,0},{0,0,0,0,0,0,0,0,0},{0,0,0,0,0,0,0,0,0},{0,0,0,0,0,0,0,0,0},{0,0,0,0,0,0,0,0,0},{0,0,0,0,0,0,0,0,0},{0,0,0,0,0,0,0,0,0}}
]
11:54:21.666 [main] INFO  sudoku.model.SudokuBoard - Wartość 0 wstawiona nieprawidłowo
11:54:21.667 [main] INFO  sudoku.model.SudokuBoard - Bład w kwadracie 0
sudoku.model.SudokuBoard@49754e74[
  size=9
  solver=sudoku.model.BacktrackingSudokuSolver@31881aa2
  board={{4,6,3,5,9,7,8,1,2},{5,2,7,4,8,6,3,0,0},{0,0,0,0,0,0,0,0,0},{0,0,0,0,0,0,0,0,0},{0,0,0,0,0,0,0,0,0},{0,0,0,0,0,0,0,0,0},{0,0,0,0,0,0,0,0,0},{0,0,0,0,0,0,0,0,0},{0,0,0,0,0,0,0,0,0}}
]
11:54:21.667 [main] INFO  sudoku.model.SudokuBoard - Wartość 0 wstawiona nieprawidłowo
11:54:21.668 [main] INFO  sudoku.model.SudokuBoard - Bład w kwadracie 0
sudoku.model.SudokuBoard@49754e74[
  size=9
  solver=sudoku.model.BacktrackingSudokuSolver@31881aa2
  board={{4,6,3,5,9,7,8,1,2},{5,2,7,4,8,6,0,0,0},{0,0,0,0,0,0,0,0,0},{0,0,0,0,0,0,0,0,0},{0,0,0,0,0,0,0,0,0},{0,0,0,0,0,0,0,0,0},{0,0,0,0,0,0,0,0,0},{0,0,0,0,0,0,0,0,0},{0,0,0,0,0,0,0,0,0}}
]
11:54:21.668 [main] INFO  sudoku.model.SudokuBoard - Wartość 0 wstawiona nieprawidłowo
11:54:21.669 [main] INFO  sudoku.model.SudokuBoard - Bład w kwadracie 0
sudoku.model.SudokuBoard@49754e74[
  size=9
  solver=sudoku.model.BacktrackingSudokuSolver@31881aa2
  board={{4,6,3,5,9,7,8,1,2},{5,2,7,4,8,6,9,0,0},{0,0,0,0,0,0,0,0,0},{0,0,0,0,0,0,0,0,0},{0,0,0,0,0,0,0,0,0},{0,0,0,0,0,0,0,0,0},{0,0,0,0,0,0,0,0,0},{0,0,0,0,0,0,0,0,0},{0,0,0,0,0,0,0,0,0}}
]
11:54:21.669 [main] INFO  sudoku.model.SudokuBoard - Wartość 0 wstawiona nieprawidłowo
11:54:21.670 [main] INFO  sudoku.model.SudokuBoard - Bład w kwadracie 0
sudoku.model.SudokuBoard@49754e74[
  size=9
  solver=sudoku.model.BacktrackingSudokuSolver@31881aa2
  board={{4,6,3,5,9,7,8,1,2},{5,2,7,4,8,6,0,0,0},{0,0,0,0,0,0,0,0,0},{0,0,0,0,0,0,0,0,0},{0,0,0,0,0,0,0,0,0},{0,0,0,0,0,0,0,0,0},{0,0,0,0,0,0,0,0,0},{0,0,0,0,0,0,0,0,0},{0,0,0,0,0,0,0,0,0}}
]
11:54:21.670 [main] INFO  sudoku.model.SudokuBoard - Wartość 0 wstawiona nieprawidłowo
11:54:21.670 [main] INFO  sudoku.model.SudokuBoard - Bład w kwadracie 0
sudoku.model.SudokuBoard@49754e74[
  size=9
  solver=sudoku.model.BacktrackingSudokuSolver@31881aa2
  board={{4,6,3,5,9,7,8,1,2},{5,2,7,4,8,0,0,0,0},{0,0,0,0,0,0,0,0,0},{0,0,0,0,0,0,0,0,0},{0,0,0,0,0,0,0,0,0},{0,0,0,0,0,0,0,0,0},{0,0,0,0,0,0,0,0,0},{0,0,0,0,0,0,0,0,0},{0,0,0,0,0,0,0,0,0}}
]
11:54:21.670 [main] INFO  sudoku.model.SudokuBoard - Wartość 0 wstawiona nieprawidłowo
11:54:21.672 [main] INFO  sudoku.model.SudokuBoard - Bład w kwadracie 0
sudoku.model.SudokuBoard@49754e74[
  size=9
  solver=sudoku.model.BacktrackingSudokuSolver@31881aa2
  board={{4,6,3,5,9,7,8,1,2},{5,2,7,4,8,1,6,9,3},{9,1,8,2,3,6,4,7,5},{8,4,1,3,2,9,5,6,7},{6,5,2,7,4,8,9,3,1},{3,7,9,6,1,5,2,8,4},{7,8,4,9,5,2,0,0,0},{0,0,0,0,0,0,0,0,0},{0,0,0,0,0,0,0,0,0}}
]
11:54:21.672 [main] INFO  sudoku.model.SudokuBoard - Wartość 0 wstawiona nieprawidłowo
11:54:21.672 [main] INFO  sudoku.model.SudokuBoard - Bład w kwadracie 0
sudoku.model.SudokuBoard@49754e74[
  size=9
  solver=sudoku.model.BacktrackingSudokuSolver@31881aa2
  board={{4,6,3,5,9,7,8,1,2},{5,2,7,4,8,1,6,9,3},{9,1,8,2,3,6,4,7,5},{8,4,1,3,2,9,5,6,7},{6,5,2,7,4,8,9,3,1},{3,7,9,6,1,5,2,8,4},{7,8,4,9,5,2,0,0,0},{0,0,0,0,0,0,0,0,0},{0,0,0,0,0,0,0,0,0}}
]
11:54:21.672 [main] INFO  sudoku.model.SudokuBoard - Wartość 0 wstawiona nieprawidłowo
11:54:21.673 [main] INFO  sudoku.model.SudokuBoard - Bład w kwadracie 0
sudoku.model.SudokuBoard@49754e74[
  size=9
  solver=sudoku.model.BacktrackingSudokuSolver@31881aa2
  board={{4,6,3,5,9,7,8,1,2},{5,2,7,4,8,1,6,9,3},{9,1,8,2,3,6,4,7,5},{8,4,1,3,2,9,5,6,7},{6,5,2,7,4,8,9,3,1},{3,7,9,6,1,5,2,8,4},{7,8,4,9,5,0,0,0,0},{0,0,0,0,0,0,0,0,0},{0,0,0,0,0,0,0,0,0}}
]
11:54:21.673 [main] INFO  sudoku.model.SudokuBoard - Wartość 0 wstawiona nieprawidłowo
11:54:21.673 [main] INFO  sudoku.model.SudokuBoard - Bład w kwadracie 0
sudoku.model.SudokuBoard@49754e74[
  size=9
  solver=sudoku.model.BacktrackingSudokuSolver@31881aa2
  board={{4,6,3,5,9,7,8,1,2},{5,2,7,4,8,1,6,9,3},{9,1,8,2,3,6,4,7,5},{8,4,1,3,2,9,5,6,7},{6,5,2,7,4,8,9,3,1},{3,7,9,6,1,5,2,8,4},{7,8,4,9,5,3,1,2,6},{2,3,5,8,6,4,0,0,0},{0,0,0,0,0,0,0,0,0}}
]
11:54:21.673 [main] INFO  sudoku.model.SudokuBoard - Wartość 0 wstawiona nieprawidłowo
11:54:21.674 [main] INFO  sudoku.model.SudokuBoard - Bład w kwadracie 0
sudoku.model.SudokuBoard@49754e74[
  size=9
  solver=sudoku.model.BacktrackingSudokuSolver@31881aa2
  board={{4,6,3,5,9,7,8,1,2},{5,2,7,4,8,1,6,9,3},{9,1,8,2,3,6,4,7,5},{8,4,1,3,2,9,5,6,7},{6,5,2,7,4,8,9,3,1},{3,7,9,6,1,5,2,8,4},{7,8,4,9,5,3,1,2,6},{2,3,5,8,6,0,0,0,0},{0,0,0,0,0,0,0,0,0}}
]
11:54:21.674 [main] INFO  sudoku.model.SudokuBoard - Wartość 0 wstawiona nieprawidłowo
11:54:21.674 [main] INFO  sudoku.model.SudokuBoard - Bład w kwadracie 0
sudoku.model.SudokuBoard@49754e74[
  size=9
  solver=sudoku.model.BacktrackingSudokuSolver@31881aa2
  board={{4,6,3,5,9,7,8,1,2},{5,2,7,4,8,1,6,9,3},{9,1,8,2,3,6,4,7,5},{8,4,1,3,2,9,5,6,7},{6,5,2,7,4,8,9,3,1},{3,7,9,6,1,5,2,8,4},{7,8,4,9,5,3,1,2,6},{2,3,5,8,0,0,0,0,0},{0,0,0,0,0,0,0,0,0}}
]
11:54:21.675 [main] INFO  sudoku.model.SudokuBoard - Wartość 0 wstawiona nieprawidłowo
11:54:21.675 [main] INFO  sudoku.model.SudokuBoard - Bład w kwadracie 0
sudoku.model.SudokuBoard@49754e74[
  size=9
  solver=sudoku.model.BacktrackingSudokuSolver@31881aa2
  board={{4,6,3,5,9,7,8,1,2},{5,2,7,4,8,1,6,9,3},{9,1,8,2,3,6,4,7,5},{8,4,1,3,2,9,5,6,7},{6,5,2,7,4,8,9,3,1},{3,7,9,6,1,5,2,8,4},{7,8,4,9,5,3,1,2,6},{2,3,5,8,7,0,0,0,0},{0,0,0,0,0,0,0,0,0}}
]
11:54:21.675 [main] INFO  sudoku.model.SudokuBoard - Wartość 0 wstawiona nieprawidłowo
11:54:21.676 [main] INFO  sudoku.model.SudokuBoard - Bład w kwadracie 0
sudoku.model.SudokuBoard@49754e74[
  size=9
  solver=sudoku.model.BacktrackingSudokuSolver@31881aa2
  board={{4,6,3,5,9,7,8,1,2},{5,2,7,4,8,1,6,9,3},{9,1,8,2,3,6,4,7,5},{8,4,1,3,2,9,5,6,7},{6,5,2,7,4,8,9,3,1},{3,7,9,6,1,5,2,8,4},{7,8,4,9,5,3,1,2,6},{2,3,5,8,0,0,0,0,0},{0,0,0,0,0,0,0,0,0}}
]
11:54:21.676 [main] INFO  sudoku.model.SudokuBoard - Wartość 0 wstawiona nieprawidłowo
11:54:21.676 [main] INFO  sudoku.model.SudokuBoard - Bład w kwadracie 0
sudoku.model.SudokuBoard@49754e74[
  size=9
  solver=sudoku.model.BacktrackingSudokuSolver@31881aa2
  board={{4,6,3,5,9,7,8,1,2},{5,2,7,4,8,1,6,9,3},{9,1,8,2,3,6,4,7,5},{8,4,1,3,2,9,5,6,7},{6,5,2,7,4,8,9,3,1},{3,7,9,6,1,5,2,8,4},{7,8,4,9,5,3,1,2,6},{2,3,5,0,0,0,0,0,0},{0,0,0,0,0,0,0,0,0}}
]
11:54:21.677 [main] INFO  sudoku.model.SudokuBoard - Wartość 0 wstawiona nieprawidłowo
11:54:21.677 [main] INFO  sudoku.model.SudokuBoard - Bład w kwadracie 0
sudoku.model.SudokuBoard@49754e74[
  size=9
  solver=sudoku.model.BacktrackingSudokuSolver@31881aa2
  board={{4,6,3,5,9,7,8,1,2},{5,2,7,4,8,1,6,9,3},{9,1,8,2,3,6,4,7,5},{8,4,1,3,2,9,5,6,7},{6,5,2,7,4,8,9,3,1},{3,7,9,6,1,5,2,8,4},{7,8,4,9,5,3,1,2,6},{2,3,5,1,7,0,0,0,0},{0,0,0,0,0,0,0,0,0}}
]
11:54:21.677 [main] INFO  sudoku.model.SudokuBoard - Wartość 0 wstawiona nieprawidłowo
11:54:21.678 [main] INFO  sudoku.model.SudokuBoard - Bład w kwadracie 0
sudoku.model.SudokuBoard@49754e74[
  size=9
  solver=sudoku.model.BacktrackingSudokuSolver@31881aa2
  board={{4,6,3,5,9,7,8,1,2},{5,2,7,4,8,1,6,9,3},{9,1,8,2,3,6,4,7,5},{8,4,1,3,2,9,5,6,7},{6,5,2,7,4,8,9,3,1},{3,7,9,6,1,5,2,8,4},{7,8,4,9,5,3,1,2,6},{2,3,5,1,0,0,0,0,0},{0,0,0,0,0,0,0,0,0}}
]
11:54:21.678 [main] INFO  sudoku.model.SudokuBoard - Wartość 0 wstawiona nieprawidłowo
11:54:21.678 [main] INFO  sudoku.model.SudokuBoard - Bład w kwadracie 0
sudoku.model.SudokuBoard@49754e74[
  size=9
  solver=sudoku.model.BacktrackingSudokuSolver@31881aa2
  board={{4,6,3,5,9,7,8,1,2},{5,2,7,4,8,1,6,9,3},{9,1,8,2,3,6,4,7,5},{8,4,1,3,2,9,5,6,7},{6,5,2,7,4,8,9,3,1},{3,7,9,6,1,5,2,8,4},{7,8,4,9,5,3,1,2,6},{2,3,5,1,6,4,0,0,0},{0,0,0,0,0,0,0,0,0}}
]
11:54:21.678 [main] INFO  sudoku.model.SudokuBoard - Wartość 0 wstawiona nieprawidłowo
11:54:21.679 [main] INFO  sudoku.model.SudokuBoard - Bład w kwadracie 0
sudoku.model.SudokuBoard@49754e74[
  size=9
  solver=sudoku.model.BacktrackingSudokuSolver@31881aa2
  board={{4,6,3,5,9,7,8,1,2},{5,2,7,4,8,1,6,9,3},{9,1,8,2,3,6,4,7,5},{8,4,1,3,2,9,5,6,7},{6,5,2,7,4,8,9,3,1},{3,7,9,6,1,5,2,8,4},{7,8,4,9,5,3,1,2,6},{2,3,5,1,6,0,0,0,0},{0,0,0,0,0,0,0,0,0}}
]
11:54:21.679 [main] INFO  sudoku.model.SudokuBoard - Wartość 0 wstawiona nieprawidłowo
11:54:21.680 [main] INFO  sudoku.model.SudokuBoard - Bład w kwadracie 0
sudoku.model.SudokuBoard@49754e74[
  size=9
  solver=sudoku.model.BacktrackingSudokuSolver@31881aa2
  board={{4,6,3,5,9,7,8,1,2},{5,2,7,4,8,1,6,9,3},{9,1,8,2,3,6,4,7,5},{8,4,1,3,2,9,5,6,7},{6,5,2,7,4,8,9,3,1},{3,7,9,6,1,5,2,8,4},{7,8,4,9,5,3,1,2,6},{2,3,5,1,0,0,0,0,0},{0,0,0,0,0,0,0,0,0}}
]
11:54:21.681 [main] INFO  sudoku.model.SudokuBoard - Wartość 0 wstawiona nieprawidłowo
11:54:21.681 [main] INFO  sudoku.model.SudokuBoard - Bład w kwadracie 0
sudoku.model.SudokuBoard@49754e74[
  size=9
  solver=sudoku.model.BacktrackingSudokuSolver@31881aa2
  board={{4,6,3,5,9,7,8,1,2},{5,2,7,4,8,1,6,9,3},{9,1,8,2,3,6,4,7,5},{8,4,1,3,2,9,5,6,7},{6,5,2,7,4,8,9,3,1},{3,7,9,6,1,5,2,8,4},{7,8,4,9,5,3,1,2,6},{2,3,5,0,0,0,0,0,0},{0,0,0,0,0,0,0,0,0}}
]
11:54:21.682 [main] INFO  sudoku.model.SudokuBoard - Wartość 0 wstawiona nieprawidłowo
11:54:21.682 [main] INFO  sudoku.model.SudokuBoard - Bład w kwadracie 0
sudoku.model.SudokuBoard@49754e74[
  size=9
  solver=sudoku.model.BacktrackingSudokuSolver@31881aa2
  board={{4,6,3,5,9,7,8,1,2},{5,2,7,4,8,1,6,9,3},{9,1,8,2,3,6,4,7,5},{8,4,1,3,2,9,5,6,7},{6,5,2,7,4,8,9,3,1},{3,7,9,6,1,5,2,8,4},{7,8,4,9,5,3,1,2,6},{2,3,0,0,0,0,0,0,0},{0,0,0,0,0,0,0,0,0}}
]
11:54:21.682 [main] INFO  sudoku.model.SudokuBoard - Wartość 0 wstawiona nieprawidłowo
11:54:21.682 [main] INFO  sudoku.model.SudokuBoard - Bład w kwadracie 0
sudoku.model.SudokuBoard@49754e74[
  size=9
  solver=sudoku.model.BacktrackingSudokuSolver@31881aa2
  board={{4,6,3,5,9,7,8,1,2},{5,2,7,4,8,1,6,9,3},{9,1,8,2,3,6,4,7,5},{8,4,1,3,2,9,5,6,7},{6,5,2,7,4,8,9,3,1},{3,7,9,6,1,5,2,8,4},{7,8,4,9,5,3,1,2,6},{2,3,6,8,7,0,0,0,0},{0,0,0,0,0,0,0,0,0}}
]
11:54:21.683 [main] INFO  sudoku.model.SudokuBoard - Wartość 0 wstawiona nieprawidłowo
11:54:21.683 [main] INFO  sudoku.model.SudokuBoard - Bład w kwadracie 0
sudoku.model.SudokuBoard@49754e74[
  size=9
  solver=sudoku.model.BacktrackingSudokuSolver@31881aa2
  board={{4,6,3,5,9,7,8,1,2},{5,2,7,4,8,1,6,9,3},{9,1,8,2,3,6,4,7,5},{8,4,1,3,2,9,5,6,7},{6,5,2,7,4,8,9,3,1},{3,7,9,6,1,5,2,8,4},{7,8,4,9,5,3,1,2,6},{2,3,6,8,0,0,0,0,0},{0,0,0,0,0,0,0,0,0}}
]
11:54:21.683 [main] INFO  sudoku.model.SudokuBoard - Wartość 0 wstawiona nieprawidłowo
11:54:21.683 [main] INFO  sudoku.model.SudokuBoard - Bład w kwadracie 0
sudoku.model.SudokuBoard@49754e74[
  size=9
  solver=sudoku.model.BacktrackingSudokuSolver@31881aa2
  board={{4,6,3,5,9,7,8,1,2},{5,2,7,4,8,1,6,9,3},{9,1,8,2,3,6,4,7,5},{8,4,1,3,2,9,5,6,7},{6,5,2,7,4,8,9,3,1},{3,7,9,6,1,5,2,8,4},{7,8,4,9,5,3,1,2,6},{2,3,6,0,0,0,0,0,0},{0,0,0,0,0,0,0,0,0}}
]
11:54:21.684 [main] INFO  sudoku.model.SudokuBoard - Wartość 0 wstawiona nieprawidłowo
11:54:21.684 [main] INFO  sudoku.model.SudokuBoard - Bład w kwadracie 0
sudoku.model.SudokuBoard@49754e74[
  size=9
  solver=sudoku.model.BacktrackingSudokuSolver@31881aa2
  board={{4,6,3,5,9,7,8,1,2},{5,2,7,4,8,1,6,9,3},{9,1,8,2,3,6,4,7,5},{8,4,1,3,2,9,5,6,7},{6,5,2,7,4,8,9,3,1},{3,7,9,6,1,5,2,8,4},{7,8,4,9,5,3,1,2,6},{2,3,6,1,7,0,0,0,0},{0,0,0,0,0,0,0,0,0}}
]
11:54:21.684 [main] INFO  sudoku.model.SudokuBoard - Wartość 0 wstawiona nieprawidłowo
11:54:21.684 [main] INFO  sudoku.model.SudokuBoard - Bład w kwadracie 0
sudoku.model.SudokuBoard@49754e74[
  size=9
  solver=sudoku.model.BacktrackingSudokuSolver@31881aa2
  board={{4,6,3,5,9,7,8,1,2},{5,2,7,4,8,1,6,9,3},{9,1,8,2,3,6,4,7,5},{8,4,1,3,2,9,5,6,7},{6,5,2,7,4,8,9,3,1},{3,7,9,6,1,5,2,8,4},{7,8,4,9,5,3,1,2,6},{2,3,6,1,0,0,0,0,0},{0,0,0,0,0,0,0,0,0}}
]
11:54:21.684 [main] INFO  sudoku.model.SudokuBoard - Wartość 0 wstawiona nieprawidłowo
11:54:21.685 [main] INFO  sudoku.model.SudokuBoard - Bład w kwadracie 0
sudoku.model.SudokuBoard@49754e74[
  size=9
  solver=sudoku.model.BacktrackingSudokuSolver@31881aa2
  board={{4,6,3,5,9,7,8,1,2},{5,2,7,4,8,1,6,9,3},{9,1,8,2,3,6,4,7,5},{8,4,1,3,2,9,5,6,7},{6,5,2,7,4,8,9,3,1},{3,7,9,6,1,5,2,8,4},{7,8,4,9,5,3,1,2,6},{2,3,6,0,0,0,0,0,0},{0,0,0,0,0,0,0,0,0}}
]
11:54:21.685 [main] INFO  sudoku.model.SudokuBoard - Wartość 0 wstawiona nieprawidłowo
11:54:21.685 [main] INFO  sudoku.model.SudokuBoard - Bład w kwadracie 0
sudoku.model.SudokuBoard@49754e74[
  size=9
  solver=sudoku.model.BacktrackingSudokuSolver@31881aa2
  board={{4,6,3,5,9,7,8,1,2},{5,2,7,4,8,1,6,9,3},{9,1,8,2,3,6,4,7,5},{8,4,1,3,2,9,5,6,7},{6,5,2,7,4,8,9,3,1},{3,7,9,6,1,5,2,8,4},{7,8,4,9,5,3,1,2,6},{2,3,0,0,0,0,0,0,0},{0,0,0,0,0,0,0,0,0}}
]
11:54:21.685 [main] INFO  sudoku.model.SudokuBoard - Wartość 0 wstawiona nieprawidłowo
11:54:21.686 [main] INFO  sudoku.model.SudokuBoard - Bład w kwadracie 0
sudoku.model.SudokuBoard@49754e74[
  size=9
  solver=sudoku.model.BacktrackingSudokuSolver@31881aa2
  board={{4,6,3,5,9,7,8,1,2},{5,2,7,4,8,1,6,9,3},{9,1,8,2,3,6,4,7,5},{8,4,1,3,2,9,5,6,7},{6,5,2,7,4,8,9,3,1},{3,7,9,6,1,5,2,8,4},{7,8,4,9,5,3,1,2,6},{2,0,0,0,0,0,0,0,0},{0,0,0,0,0,0,0,0,0}}
]
11:54:21.686 [main] INFO  sudoku.model.SudokuBoard - Wartość 0 wstawiona nieprawidłowo
11:54:21.686 [main] INFO  sudoku.model.SudokuBoard - Bład w kwadracie 0
sudoku.model.SudokuBoard@49754e74[
  size=9
  solver=sudoku.model.BacktrackingSudokuSolver@31881aa2
  board={{4,6,3,5,9,7,8,1,2},{5,2,7,4,8,1,6,9,3},{9,1,8,2,3,6,4,7,5},{8,4,1,3,2,9,5,6,7},{6,5,2,7,4,8,9,3,1},{3,7,9,6,1,5,2,8,4},{7,8,4,9,5,3,1,2,6},{2,9,5,8,6,4,0,0,0},{0,0,0,0,0,0,0,0,0}}
]
11:54:21.686 [main] INFO  sudoku.model.SudokuBoard - Wartość 0 wstawiona nieprawidłowo
11:54:21.687 [main] INFO  sudoku.model.SudokuBoard - Bład w kwadracie 0
sudoku.model.SudokuBoard@49754e74[
  size=9
  solver=sudoku.model.BacktrackingSudokuSolver@31881aa2
  board={{4,6,3,5,9,7,8,1,2},{5,2,7,4,8,1,6,9,3},{9,1,8,2,3,6,4,7,5},{8,4,1,3,2,9,5,6,7},{6,5,2,7,4,8,9,3,1},{3,7,9,6,1,5,2,8,4},{7,8,4,9,5,3,1,2,6},{2,9,5,8,6,4,0,0,0},{0,0,0,0,0,0,0,0,0}}
]
11:54:21.687 [main] INFO  sudoku.model.SudokuBoard - Wartość 0 wstawiona nieprawidłowo
11:54:21.687 [main] INFO  sudoku.model.SudokuBoard - Bład w kwadracie 0
sudoku.model.SudokuBoard@49754e74[
  size=9
  solver=sudoku.model.BacktrackingSudokuSolver@31881aa2
  board={{4,6,3,5,9,7,8,1,2},{5,2,7,4,8,1,6,9,3},{9,1,8,2,3,6,4,7,5},{8,4,1,3,2,9,5,6,7},{6,5,2,7,4,8,9,3,1},{3,7,9,6,1,5,2,8,4},{7,8,4,9,5,3,1,2,6},{2,9,5,8,6,0,0,0,0},{0,0,0,0,0,0,0,0,0}}
]
11:54:21.687 [main] INFO  sudoku.model.SudokuBoard - Wartość 0 wstawiona nieprawidłowo
11:54:21.690 [main] INFO  sudoku.model.SudokuBoard - Bład w kwadracie 0
sudoku.model.SudokuBoard@49754e74[
  size=9
  solver=sudoku.model.BacktrackingSudokuSolver@31881aa2
  board={{4,6,3,5,9,7,8,1,2},{5,2,7,4,8,1,6,9,3},{9,1,8,2,3,6,4,7,5},{8,4,1,3,2,9,5,6,7},{6,5,2,7,4,8,9,3,1},{3,7,9,6,1,5,2,8,4},{7,8,4,9,5,3,1,2,6},{2,9,5,8,0,0,0,0,0},{0,0,0,0,0,0,0,0,0}}
]
11:54:21.690 [main] INFO  sudoku.model.SudokuBoard - Wartość 0 wstawiona nieprawidłowo
11:54:21.690 [main] INFO  sudoku.model.SudokuBoard - Bład w kwadracie 0
sudoku.model.SudokuBoard@49754e74[
  size=9
  solver=sudoku.model.BacktrackingSudokuSolver@31881aa2
  board={{4,6,3,5,9,7,8,1,2},{5,2,7,4,8,1,6,9,3},{9,1,8,2,3,6,4,7,5},{8,4,1,3,2,9,5,6,7},{6,5,2,7,4,8,9,3,1},{3,7,9,6,1,5,2,8,4},{7,8,4,9,5,3,1,2,6},{2,9,5,8,7,4,0,0,0},{0,0,0,0,0,0,0,0,0}}
]
11:54:21.690 [main] INFO  sudoku.model.SudokuBoard - Wartość 0 wstawiona nieprawidłowo
11:54:21.691 [main] INFO  sudoku.model.SudokuBoard - Bład w kwadracie 0
sudoku.model.SudokuBoard@49754e74[
  size=9
  solver=sudoku.model.BacktrackingSudokuSolver@31881aa2
  board={{4,6,3,5,9,7,8,1,2},{5,2,7,4,8,1,6,9,3},{9,1,8,2,3,6,4,7,5},{8,4,1,3,2,9,5,6,7},{6,5,2,7,4,8,9,3,1},{3,7,9,6,1,5,2,8,4},{7,8,4,9,5,3,1,2,6},{2,9,5,8,7,0,0,0,0},{0,0,0,0,0,0,0,0,0}}
]
11:54:21.691 [main] INFO  sudoku.model.SudokuBoard - Wartość 0 wstawiona nieprawidłowo
11:54:21.691 [main] INFO  sudoku.model.SudokuBoard - Bład w kwadracie 0
sudoku.model.SudokuBoard@49754e74[
  size=9
  solver=sudoku.model.BacktrackingSudokuSolver@31881aa2
  board={{4,6,3,5,9,7,8,1,2},{5,2,7,4,8,1,6,9,3},{9,1,8,2,3,6,4,7,5},{8,4,1,3,2,9,5,6,7},{6,5,2,7,4,8,9,3,1},{3,7,9,6,1,5,2,8,4},{7,8,4,9,5,3,1,2,6},{2,9,5,8,0,0,0,0,0},{0,0,0,0,0,0,0,0,0}}
]
11:54:21.692 [main] INFO  sudoku.model.SudokuBoard - Wartość 0 wstawiona nieprawidłowo
11:54:21.692 [main] INFO  sudoku.model.SudokuBoard - Bład w kwadracie 0
sudoku.model.SudokuBoard@49754e74[
  size=9
  solver=sudoku.model.BacktrackingSudokuSolver@31881aa2
  board={{4,6,3,5,9,7,8,1,2},{5,2,7,4,8,1,6,9,3},{9,1,8,2,3,6,4,7,5},{8,4,1,3,2,9,5,6,7},{6,5,2,7,4,8,9,3,1},{3,7,9,6,1,5,2,8,4},{7,8,4,9,5,3,1,2,6},{2,9,5,0,0,0,0,0,0},{0,0,0,0,0,0,0,0,0}}
]
11:54:21.692 [main] INFO  sudoku.model.SudokuBoard - Wartość 0 wstawiona nieprawidłowo
11:54:21.692 [main] INFO  sudoku.model.SudokuBoard - Bład w kwadracie 0
sudoku.model.SudokuBoard@49754e74[
  size=9
  solver=sudoku.model.BacktrackingSudokuSolver@31881aa2
  board={{4,6,3,5,9,7,8,1,2},{5,2,7,4,8,1,6,9,3},{9,1,8,2,3,6,4,7,5},{8,4,1,3,2,9,5,6,7},{6,5,2,7,4,8,9,3,1},{3,7,9,6,1,5,2,8,4},{7,8,4,9,5,3,1,2,6},{2,9,5,1,6,4,0,0,0},{0,0,0,0,0,0,0,0,0}}
]
11:54:21.693 [main] INFO  sudoku.model.SudokuBoard - Wartość 0 wstawiona nieprawidłowo
11:54:21.693 [main] INFO  sudoku.model.SudokuBoard - Bład w kwadracie 0
sudoku.model.SudokuBoard@49754e74[
  size=9
  solver=sudoku.model.BacktrackingSudokuSolver@31881aa2
  board={{4,6,3,5,9,7,8,1,2},{5,2,7,4,8,1,6,9,3},{9,1,8,2,3,6,4,7,5},{8,4,1,3,2,9,5,6,7},{6,5,2,7,4,8,9,3,1},{3,7,9,6,1,5,2,8,4},{7,8,4,9,5,3,1,2,6},{2,9,5,1,6,4,0,0,0},{0,0,0,0,0,0,0,0,0}}
]
11:54:21.693 [main] INFO  sudoku.model.SudokuBoard - Wartość 0 wstawiona nieprawidłowo
11:54:21.694 [main] INFO  sudoku.model.SudokuBoard - Bład w kwadracie 0
sudoku.model.SudokuBoard@49754e74[
  size=9
  solver=sudoku.model.BacktrackingSudokuSolver@31881aa2
  board={{4,6,3,5,9,7,8,1,2},{5,2,7,4,8,1,6,9,3},{9,1,8,2,3,6,4,7,5},{8,4,1,3,2,9,5,6,7},{6,5,2,7,4,8,9,3,1},{3,7,9,6,1,5,2,8,4},{7,8,4,9,5,3,1,2,6},{2,9,5,1,6,0,0,0,0},{0,0,0,0,0,0,0,0,0}}
]
11:54:21.694 [main] INFO  sudoku.model.SudokuBoard - Wartość 0 wstawiona nieprawidłowo
11:54:21.695 [main] INFO  sudoku.model.SudokuBoard - Bład w kwadracie 0
sudoku.model.SudokuBoard@49754e74[
  size=9
  solver=sudoku.model.BacktrackingSudokuSolver@31881aa2
  board={{4,6,3,5,9,7,8,1,2},{5,2,7,4,8,1,6,9,3},{9,1,8,2,3,6,4,7,5},{8,4,1,3,2,9,5,6,7},{6,5,2,7,4,8,9,3,1},{3,7,9,6,1,5,2,8,4},{7,8,4,9,5,3,1,2,6},{2,9,5,1,0,0,0,0,0},{0,0,0,0,0,0,0,0,0}}
]
11:54:21.695 [main] INFO  sudoku.model.SudokuBoard - Wartość 0 wstawiona nieprawidłowo
11:54:21.695 [main] INFO  sudoku.model.SudokuBoard - Bład w kwadracie 0
sudoku.model.SudokuBoard@49754e74[
  size=9
  solver=sudoku.model.BacktrackingSudokuSolver@31881aa2
  board={{4,6,3,5,9,7,8,1,2},{5,2,7,4,8,1,6,9,3},{9,1,8,2,3,6,4,7,5},{8,4,1,3,2,9,5,6,7},{6,5,2,7,4,8,9,3,1},{3,7,9,6,1,5,2,8,4},{7,8,4,9,5,3,1,2,6},{2,9,5,1,7,4,0,0,0},{0,0,0,0,0,0,0,0,0}}
]
11:54:21.696 [main] INFO  sudoku.model.SudokuBoard - Wartość 0 wstawiona nieprawidłowo
11:54:21.697 [main] INFO  sudoku.model.SudokuBoard - Bład w kwadracie 0
sudoku.model.SudokuBoard@49754e74[
  size=9
  solver=sudoku.model.BacktrackingSudokuSolver@31881aa2
  board={{4,6,3,5,9,7,8,1,2},{5,2,7,4,8,1,6,9,3},{9,1,8,2,3,6,4,7,5},{8,4,1,3,2,9,5,6,7},{6,5,2,7,4,8,9,3,1},{3,7,9,6,1,5,2,8,4},{7,8,4,9,5,3,1,2,6},{2,9,5,1,7,0,0,0,0},{0,0,0,0,0,0,0,0,0}}
]
11:54:21.697 [main] INFO  sudoku.model.SudokuBoard - Wartość 0 wstawiona nieprawidłowo
11:54:21.698 [main] INFO  sudoku.model.SudokuBoard - Bład w kwadracie 0
sudoku.model.SudokuBoard@49754e74[
  size=9
  solver=sudoku.model.BacktrackingSudokuSolver@31881aa2
  board={{4,6,3,5,9,7,8,1,2},{5,2,7,4,8,1,6,9,3},{9,1,8,2,3,6,4,7,5},{8,4,1,3,2,9,5,6,7},{6,5,2,7,4,8,9,3,1},{3,7,9,6,1,5,2,8,4},{7,8,4,9,5,3,1,2,6},{2,9,5,1,0,0,0,0,0},{0,0,0,0,0,0,0,0,0}}
]
11:54:21.698 [main] INFO  sudoku.model.SudokuBoard - Wartość 0 wstawiona nieprawidłowo
11:54:21.698 [main] INFO  sudoku.model.SudokuBoard - Bład w kwadracie 0
sudoku.model.SudokuBoard@49754e74[
  size=9
  solver=sudoku.model.BacktrackingSudokuSolver@31881aa2
  board={{4,6,3,5,9,7,8,1,2},{5,2,7,4,8,1,6,9,3},{9,1,8,2,3,6,4,7,5},{8,4,1,3,2,9,5,6,7},{6,5,2,7,4,8,9,3,1},{3,7,9,6,1,5,2,8,4},{7,8,4,9,5,3,1,2,6},{2,9,5,0,0,0,0,0,0},{0,0,0,0,0,0,0,0,0}}
]
11:54:21.699 [main] INFO  sudoku.model.SudokuBoard - Wartość 0 wstawiona nieprawidłowo
11:54:21.700 [main] INFO  sudoku.model.SudokuBoard - Bład w kwadracie 0
sudoku.model.SudokuBoard@49754e74[
  size=9
  solver=sudoku.model.BacktrackingSudokuSolver@31881aa2
  board={{4,6,3,5,9,7,8,1,2},{5,2,7,4,8,1,6,9,3},{9,1,8,2,3,6,4,7,5},{8,4,1,3,2,9,5,6,7},{6,5,2,7,4,8,9,3,1},{3,7,9,6,1,5,2,8,4},{7,8,4,9,5,3,1,2,6},{2,9,0,0,0,0,0,0,0},{0,0,0,0,0,0,0,0,0}}
]
11:54:21.700 [main] INFO  sudoku.model.SudokuBoard - Wartość 0 wstawiona nieprawidłowo
11:54:21.702 [main] INFO  sudoku.model.SudokuBoard - Bład w kwadracie 0
sudoku.model.SudokuBoard@49754e74[
  size=9
  solver=sudoku.model.BacktrackingSudokuSolver@31881aa2
  board={{4,6,3,5,9,7,8,1,2},{5,2,7,4,8,1,6,9,3},{9,1,8,2,3,6,4,7,5},{8,4,1,3,2,9,5,6,7},{6,5,2,7,4,8,9,3,1},{3,7,9,6,1,5,2,8,4},{7,8,4,9,5,3,1,2,6},{2,9,6,8,7,4,3,0,0},{0,0,0,0,0,0,0,0,0}}
]
11:54:21.703 [main] INFO  sudoku.model.SudokuBoard - Wartość 0 wstawiona nieprawidłowo
11:54:21.704 [main] INFO  sudoku.model.SudokuBoard - Bład w kwadracie 0
sudoku.model.SudokuBoard@49754e74[
  size=9
  solver=sudoku.model.BacktrackingSudokuSolver@31881aa2
  board={{4,6,3,5,9,7,8,1,2},{5,2,7,4,8,1,6,9,3},{9,1,8,2,3,6,4,7,5},{8,4,1,3,2,9,5,6,7},{6,5,2,7,4,8,9,3,1},{3,7,9,6,1,5,2,8,4},{7,8,4,9,5,3,1,2,6},{2,9,6,8,7,4,0,0,0},{0,0,0,0,0,0,0,0,0}}
]
11:54:21.704 [main] INFO  sudoku.model.SudokuBoard - Wartość 0 wstawiona nieprawidłowo
11:54:21.704 [main] INFO  sudoku.model.SudokuBoard - Bład w kwadracie 0
sudoku.model.SudokuBoard@49754e74[
  size=9
  solver=sudoku.model.BacktrackingSudokuSolver@31881aa2
  board={{4,6,3,5,9,7,8,1,2},{5,2,7,4,8,1,6,9,3},{9,1,8,2,3,6,4,7,5},{8,4,1,3,2,9,5,6,7},{6,5,2,7,4,8,9,3,1},{3,7,9,6,1,5,2,8,4},{7,8,4,9,5,3,1,2,6},{2,9,6,8,7,0,0,0,0},{0,0,0,0,0,0,0,0,0}}
]
11:54:21.704 [main] INFO  sudoku.model.SudokuBoard - Wartość 0 wstawiona nieprawidłowo
11:54:21.704 [main] INFO  sudoku.model.SudokuBoard - Bład w kwadracie 0
sudoku.model.SudokuBoard@49754e74[
  size=9
  solver=sudoku.model.BacktrackingSudokuSolver@31881aa2
  board={{4,6,3,5,9,7,8,1,2},{5,2,7,4,8,1,6,9,3},{9,1,8,2,3,6,4,7,5},{8,4,1,3,2,9,5,6,7},{6,5,2,7,4,8,9,3,1},{3,7,9,6,1,5,2,8,4},{7,8,4,9,5,3,1,2,6},{2,9,6,8,0,0,0,0,0},{0,0,0,0,0,0,0,0,0}}
]
11:54:21.705 [main] INFO  sudoku.model.SudokuBoard - Wartość 0 wstawiona nieprawidłowo
11:54:21.705 [main] INFO  sudoku.model.SudokuBoard - Bład w kwadracie 0
sudoku.model.SudokuBoard@49754e74[
  size=9
  solver=sudoku.model.BacktrackingSudokuSolver@31881aa2
  board={{4,6,3,5,9,7,8,1,2},{5,2,7,4,8,1,6,9,3},{9,1,8,2,3,6,4,7,5},{8,4,1,3,2,9,5,6,7},{6,5,2,7,4,8,9,3,1},{3,7,9,6,1,5,2,8,4},{7,8,4,9,5,3,1,2,6},{2,9,6,0,0,0,0,0,0},{0,0,0,0,0,0,0,0,0}}
]
11:54:21.706 [main] INFO  sudoku.model.SudokuBoard - Wartość 0 wstawiona nieprawidłowo
]]></system-out>
  </testcase>
  <testcase name="testToString" classname="sudoku.model.SeriesTest" time="0.063">
    <system-out><![CDATA[11:54:21.729 [main] INFO  sudoku.model.SudokuBoard - Bład w kwadracie 0
sudoku.model.SudokuBoard@19002b34[
  size=9
  solver=sudoku.model.BacktrackingSudokuSolver@1ec88aa1
  board={{3,4,5,8,6,7,9,1,2},{6,7,8,2,9,4,5,0,0},{0,0,0,0,0,0,0,0,0},{0,0,0,0,0,0,0,0,0},{0,0,0,0,0,0,0,0,0},{0,0,0,0,0,0,0,0,0},{0,0,0,0,0,0,0,0,0},{0,0,0,0,0,0,0,0,0},{0,0,0,0,0,0,0,0,0}}
]
11:54:21.732 [main] INFO  sudoku.model.SudokuBoard - Wartość 0 wstawiona nieprawidłowo
11:54:21.733 [main] INFO  sudoku.model.SudokuBoard - Bład w kwadracie 0
sudoku.model.SudokuBoard@19002b34[
  size=9
  solver=sudoku.model.BacktrackingSudokuSolver@1ec88aa1
  board={{3,4,5,8,6,7,9,1,2},{6,7,8,2,9,4,0,0,0},{0,0,0,0,0,0,0,0,0},{0,0,0,0,0,0,0,0,0},{0,0,0,0,0,0,0,0,0},{0,0,0,0,0,0,0,0,0},{0,0,0,0,0,0,0,0,0},{0,0,0,0,0,0,0,0,0},{0,0,0,0,0,0,0,0,0}}
]
11:54:21.733 [main] INFO  sudoku.model.SudokuBoard - Wartość 0 wstawiona nieprawidłowo
11:54:21.733 [main] INFO  sudoku.model.SudokuBoard - Bład w kwadracie 0
sudoku.model.SudokuBoard@19002b34[
  size=9
  solver=sudoku.model.BacktrackingSudokuSolver@1ec88aa1
  board={{3,4,5,8,6,7,9,1,2},{6,7,8,2,9,4,3,0,0},{0,0,0,0,0,0,0,0,0},{0,0,0,0,0,0,0,0,0},{0,0,0,0,0,0,0,0,0},{0,0,0,0,0,0,0,0,0},{0,0,0,0,0,0,0,0,0},{0,0,0,0,0,0,0,0,0},{0,0,0,0,0,0,0,0,0}}
]
11:54:21.734 [main] INFO  sudoku.model.SudokuBoard - Wartość 0 wstawiona nieprawidłowo
11:54:21.734 [main] INFO  sudoku.model.SudokuBoard - Bład w kwadracie 0
sudoku.model.SudokuBoard@19002b34[
  size=9
  solver=sudoku.model.BacktrackingSudokuSolver@1ec88aa1
  board={{3,4,5,8,6,7,9,1,2},{6,7,8,2,9,4,0,0,0},{0,0,0,0,0,0,0,0,0},{0,0,0,0,0,0,0,0,0},{0,0,0,0,0,0,0,0,0},{0,0,0,0,0,0,0,0,0},{0,0,0,0,0,0,0,0,0},{0,0,0,0,0,0,0,0,0},{0,0,0,0,0,0,0,0,0}}
]
11:54:21.734 [main] INFO  sudoku.model.SudokuBoard - Wartość 0 wstawiona nieprawidłowo
11:54:21.734 [main] INFO  sudoku.model.SudokuBoard - Bład w kwadracie 0
sudoku.model.SudokuBoard@19002b34[
  size=9
  solver=sudoku.model.BacktrackingSudokuSolver@1ec88aa1
  board={{3,4,5,8,6,7,9,1,2},{6,7,8,2,9,0,0,0,0},{0,0,0,0,0,0,0,0,0},{0,0,0,0,0,0,0,0,0},{0,0,0,0,0,0,0,0,0},{0,0,0,0,0,0,0,0,0},{0,0,0,0,0,0,0,0,0},{0,0,0,0,0,0,0,0,0},{0,0,0,0,0,0,0,0,0}}
]
11:54:21.735 [main] INFO  sudoku.model.SudokuBoard - Wartość 0 wstawiona nieprawidłowo
11:54:21.735 [main] INFO  sudoku.model.SudokuBoard - Bład w kwadracie 0
sudoku.model.SudokuBoard@19002b34[
  size=9
  solver=sudoku.model.BacktrackingSudokuSolver@1ec88aa1
  board={{3,4,5,8,6,7,9,1,2},{6,7,8,2,9,5,3,0,0},{0,0,0,0,0,0,0,0,0},{0,0,0,0,0,0,0,0,0},{0,0,0,0,0,0,0,0,0},{0,0,0,0,0,0,0,0,0},{0,0,0,0,0,0,0,0,0},{0,0,0,0,0,0,0,0,0},{0,0,0,0,0,0,0,0,0}}
]
11:54:21.735 [main] INFO  sudoku.model.SudokuBoard - Wartość 0 wstawiona nieprawidłowo
11:54:21.737 [main] INFO  sudoku.model.SudokuBoard - Bład w kwadracie 0
sudoku.model.SudokuBoard@19002b34[
  size=9
  solver=sudoku.model.BacktrackingSudokuSolver@1ec88aa1
  board={{3,4,5,8,6,7,9,1,2},{6,7,8,2,9,5,0,0,0},{0,0,0,0,0,0,0,0,0},{0,0,0,0,0,0,0,0,0},{0,0,0,0,0,0,0,0,0},{0,0,0,0,0,0,0,0,0},{0,0,0,0,0,0,0,0,0},{0,0,0,0,0,0,0,0,0},{0,0,0,0,0,0,0,0,0}}
]
11:54:21.738 [main] INFO  sudoku.model.SudokuBoard - Wartość 0 wstawiona nieprawidłowo
11:54:21.738 [main] INFO  sudoku.model.SudokuBoard - Bład w kwadracie 0
sudoku.model.SudokuBoard@19002b34[
  size=9
  solver=sudoku.model.BacktrackingSudokuSolver@1ec88aa1
  board={{3,4,5,8,6,7,9,1,2},{6,7,8,2,9,5,4,0,0},{0,0,0,0,0,0,0,0,0},{0,0,0,0,0,0,0,0,0},{0,0,0,0,0,0,0,0,0},{0,0,0,0,0,0,0,0,0},{0,0,0,0,0,0,0,0,0},{0,0,0,0,0,0,0,0,0},{0,0,0,0,0,0,0,0,0}}
]
11:54:21.738 [main] INFO  sudoku.model.SudokuBoard - Wartość 0 wstawiona nieprawidłowo
11:54:21.739 [main] INFO  sudoku.model.SudokuBoard - Bład w kwadracie 0
sudoku.model.SudokuBoard@19002b34[
  size=9
  solver=sudoku.model.BacktrackingSudokuSolver@1ec88aa1
  board={{3,4,5,8,6,7,9,1,2},{6,7,8,2,9,5,0,0,0},{0,0,0,0,0,0,0,0,0},{0,0,0,0,0,0,0,0,0},{0,0,0,0,0,0,0,0,0},{0,0,0,0,0,0,0,0,0},{0,0,0,0,0,0,0,0,0},{0,0,0,0,0,0,0,0,0},{0,0,0,0,0,0,0,0,0}}
]
11:54:21.740 [main] INFO  sudoku.model.SudokuBoard - Wartość 0 wstawiona nieprawidłowo
11:54:21.741 [main] INFO  sudoku.model.SudokuBoard - Bład w kwadracie 0
sudoku.model.SudokuBoard@19002b34[
  size=9
  solver=sudoku.model.BacktrackingSudokuSolver@1ec88aa1
  board={{3,4,5,8,6,7,9,1,2},{6,7,8,2,9,0,0,0,0},{0,0,0,0,0,0,0,0,0},{0,0,0,0,0,0,0,0,0},{0,0,0,0,0,0,0,0,0},{0,0,0,0,0,0,0,0,0},{0,0,0,0,0,0,0,0,0},{0,0,0,0,0,0,0,0,0},{0,0,0,0,0,0,0,0,0}}
]
11:54:21.741 [main] INFO  sudoku.model.SudokuBoard - Wartość 0 wstawiona nieprawidłowo
11:54:21.741 [main] INFO  sudoku.model.SudokuBoard - Bład w kwadracie 0
sudoku.model.SudokuBoard@19002b34[
  size=9
  solver=sudoku.model.BacktrackingSudokuSolver@1ec88aa1
  board={{3,4,5,8,6,7,9,1,2},{6,7,8,2,9,1,3,4,5},{1,9,2,3,4,5,6,7,8},{9,2,6,1,3,8,4,5,7},{4,8,1,9,7,0,0,0,0},{0,0,0,0,0,0,0,0,0},{0,0,0,0,0,0,0,0,0},{0,0,0,0,0,0,0,0,0},{0,0,0,0,0,0,0,0,0}}
]
11:54:21.742 [main] INFO  sudoku.model.SudokuBoard - Wartość 0 wstawiona nieprawidłowo
11:54:21.743 [main] INFO  sudoku.model.SudokuBoard - Bład w kwadracie 0
sudoku.model.SudokuBoard@19002b34[
  size=9
  solver=sudoku.model.BacktrackingSudokuSolver@1ec88aa1
  board={{3,4,5,8,6,7,9,1,2},{6,7,8,2,9,1,3,4,5},{1,9,2,3,4,5,6,7,8},{9,2,6,1,3,8,4,5,7},{4,8,1,9,7,6,2,0,0},{0,0,0,0,0,0,0,0,0},{0,0,0,0,0,0,0,0,0},{0,0,0,0,0,0,0,0,0},{0,0,0,0,0,0,0,0,0}}
]
11:54:21.743 [main] INFO  sudoku.model.SudokuBoard - Wartość 0 wstawiona nieprawidłowo
11:54:21.744 [main] INFO  sudoku.model.SudokuBoard - Bład w kwadracie 0
sudoku.model.SudokuBoard@19002b34[
  size=9
  solver=sudoku.model.BacktrackingSudokuSolver@1ec88aa1
  board={{3,4,5,8,6,7,9,1,2},{6,7,8,2,9,1,3,4,5},{1,9,2,3,4,5,6,7,8},{9,2,6,1,3,8,4,5,7},{4,8,1,9,7,6,0,0,0},{0,0,0,0,0,0,0,0,0},{0,0,0,0,0,0,0,0,0},{0,0,0,0,0,0,0,0,0},{0,0,0,0,0,0,0,0,0}}
]
11:54:21.750 [main] INFO  sudoku.model.SudokuBoard - Wartość 0 wstawiona nieprawidłowo
11:54:21.751 [main] INFO  sudoku.model.SudokuBoard - Bład w kwadracie 0
sudoku.model.SudokuBoard@19002b34[
  size=9
  solver=sudoku.model.BacktrackingSudokuSolver@1ec88aa1
  board={{3,4,5,8,6,7,9,1,2},{6,7,8,2,9,1,3,4,5},{1,9,2,3,4,5,6,7,8},{9,2,6,1,3,8,4,5,7},{4,8,1,9,7,0,0,0,0},{0,0,0,0,0,0,0,0,0},{0,0,0,0,0,0,0,0,0},{0,0,0,0,0,0,0,0,0},{0,0,0,0,0,0,0,0,0}}
]
11:54:21.751 [main] INFO  sudoku.model.SudokuBoard - Wartość 0 wstawiona nieprawidłowo
11:54:21.752 [main] INFO  sudoku.model.SudokuBoard - Bład w kwadracie 0
sudoku.model.SudokuBoard@19002b34[
  size=9
  solver=sudoku.model.BacktrackingSudokuSolver@1ec88aa1
  board={{3,4,5,8,6,7,9,1,2},{6,7,8,2,9,1,3,4,5},{1,9,2,3,4,5,6,7,8},{9,2,6,1,3,8,4,5,7},{4,8,1,9,0,0,0,0,0},{0,0,0,0,0,0,0,0,0},{0,0,0,0,0,0,0,0,0},{0,0,0,0,0,0,0,0,0},{0,0,0,0,0,0,0,0,0}}
]
11:54:21.752 [main] INFO  sudoku.model.SudokuBoard - Wartość 0 wstawiona nieprawidłowo
11:54:21.753 [main] INFO  sudoku.model.SudokuBoard - Bład w kwadracie 0
sudoku.model.SudokuBoard@19002b34[
  size=9
  solver=sudoku.model.BacktrackingSudokuSolver@1ec88aa1
  board={{3,4,5,8,6,7,9,1,2},{6,7,8,2,9,1,3,4,5},{1,9,2,3,4,5,6,7,8},{9,2,6,1,3,8,4,5,7},{4,8,1,9,2,0,0,0,0},{0,0,0,0,0,0,0,0,0},{0,0,0,0,0,0,0,0,0},{0,0,0,0,0,0,0,0,0},{0,0,0,0,0,0,0,0,0}}
]
11:54:21.753 [main] INFO  sudoku.model.SudokuBoard - Wartość 0 wstawiona nieprawidłowo
11:54:21.755 [main] INFO  sudoku.model.SudokuBoard - Bład w kwadracie 0
sudoku.model.SudokuBoard@19002b34[
  size=9
  solver=sudoku.model.BacktrackingSudokuSolver@1ec88aa1
  board={{3,4,5,8,6,7,9,1,2},{6,7,8,2,9,1,3,4,5},{1,9,2,3,4,5,6,7,8},{9,2,6,1,3,8,4,5,7},{4,8,1,9,0,0,0,0,0},{0,0,0,0,0,0,0,0,0},{0,0,0,0,0,0,0,0,0},{0,0,0,0,0,0,0,0,0},{0,0,0,0,0,0,0,0,0}}
]
11:54:21.757 [main] INFO  sudoku.model.SudokuBoard - Wartość 0 wstawiona nieprawidłowo
11:54:21.759 [main] INFO  sudoku.model.SudokuBoard - Bład w kwadracie 0
sudoku.model.SudokuBoard@19002b34[
  size=9
  solver=sudoku.model.BacktrackingSudokuSolver@1ec88aa1
  board={{3,4,5,8,6,7,9,1,2},{6,7,8,2,9,1,3,4,5},{1,9,2,3,4,5,6,7,8},{9,2,6,1,3,8,4,5,7},{4,8,1,9,5,0,0,0,0},{0,0,0,0,0,0,0,0,0},{0,0,0,0,0,0,0,0,0},{0,0,0,0,0,0,0,0,0},{0,0,0,0,0,0,0,0,0}}
]
11:54:21.768 [main] INFO  sudoku.model.SudokuBoard - Wartość 0 wstawiona nieprawidłowo
11:54:21.778 [main] INFO  sudoku.model.SudokuBoard - Bład w kwadracie 0
sudoku.model.SudokuBoard@19002b34[
  size=9
  solver=sudoku.model.BacktrackingSudokuSolver@1ec88aa1
  board={{3,4,5,8,6,7,9,1,2},{6,7,8,2,9,1,3,4,5},{1,9,2,3,4,5,6,7,8},{9,2,6,1,3,8,4,5,7},{4,8,1,9,5,6,2,0,0},{0,0,0,0,0,0,0,0,0},{0,0,0,0,0,0,0,0,0},{0,0,0,0,0,0,0,0,0},{0,0,0,0,0,0,0,0,0}}
]
11:54:21.779 [main] INFO  sudoku.model.SudokuBoard - Wartość 0 wstawiona nieprawidłowo
11:54:21.779 [main] INFO  sudoku.model.SudokuBoard - Bład w kwadracie 0
sudoku.model.SudokuBoard@19002b34[
  size=9
  solver=sudoku.model.BacktrackingSudokuSolver@1ec88aa1
  board={{3,4,5,8,6,7,9,1,2},{6,7,8,2,9,1,3,4,5},{1,9,2,3,4,5,6,7,8},{9,2,6,1,3,8,4,5,7},{4,8,1,9,5,6,0,0,0},{0,0,0,0,0,0,0,0,0},{0,0,0,0,0,0,0,0,0},{0,0,0,0,0,0,0,0,0},{0,0,0,0,0,0,0,0,0}}
]
11:54:21.782 [main] INFO  sudoku.model.SudokuBoard - Wartość 0 wstawiona nieprawidłowo
11:54:21.782 [main] INFO  sudoku.model.SudokuBoard - Bład w kwadracie 0
sudoku.model.SudokuBoard@19002b34[
  size=9
  solver=sudoku.model.BacktrackingSudokuSolver@1ec88aa1
  board={{3,4,5,8,6,7,9,1,2},{6,7,8,2,9,1,3,4,5},{1,9,2,3,4,5,6,7,8},{9,2,6,1,3,8,4,5,7},{4,8,1,9,5,0,0,0,0},{0,0,0,0,0,0,0,0,0},{0,0,0,0,0,0,0,0,0},{0,0,0,0,0,0,0,0,0},{0,0,0,0,0,0,0,0,0}}
]
11:54:21.782 [main] INFO  sudoku.model.SudokuBoard - Wartość 0 wstawiona nieprawidłowo
11:54:21.783 [main] INFO  sudoku.model.SudokuBoard - Bład w kwadracie 0
sudoku.model.SudokuBoard@19002b34[
  size=9
  solver=sudoku.model.BacktrackingSudokuSolver@1ec88aa1
  board={{3,4,5,8,6,7,9,1,2},{6,7,8,2,9,1,3,4,5},{1,9,2,3,4,5,6,7,8},{9,2,6,1,3,8,4,5,7},{4,8,1,9,0,0,0,0,0},{0,0,0,0,0,0,0,0,0},{0,0,0,0,0,0,0,0,0},{0,0,0,0,0,0,0,0,0},{0,0,0,0,0,0,0,0,0}}
]
11:54:21.783 [main] INFO  sudoku.model.SudokuBoard - Wartość 0 wstawiona nieprawidłowo
11:54:21.783 [main] INFO  sudoku.model.SudokuBoard - Bład w kwadracie 0
sudoku.model.SudokuBoard@19002b34[
  size=9
  solver=sudoku.model.BacktrackingSudokuSolver@1ec88aa1
  board={{3,4,5,8,6,7,9,1,2},{6,7,8,2,9,1,3,4,5},{1,9,2,3,4,5,6,7,8},{9,2,6,1,3,8,4,5,7},{4,8,1,0,0,0,0,0,0},{0,0,0,0,0,0,0,0,0},{0,0,0,0,0,0,0,0,0},{0,0,0,0,0,0,0,0,0},{0,0,0,0,0,0,0,0,0}}
]
11:54:21.783 [main] INFO  sudoku.model.SudokuBoard - Wartość 0 wstawiona nieprawidłowo
11:54:21.784 [main] INFO  sudoku.model.SudokuBoard - Bład w kwadracie 0
sudoku.model.SudokuBoard@19002b34[
  size=9
  solver=sudoku.model.BacktrackingSudokuSolver@1ec88aa1
  board={{3,4,5,8,6,7,9,1,2},{6,7,8,2,9,1,3,4,5},{1,9,2,3,4,5,6,7,8},{9,2,6,1,3,8,4,5,7},{4,8,1,5,2,0,0,0,0},{0,0,0,0,0,0,0,0,0},{0,0,0,0,0,0,0,0,0},{0,0,0,0,0,0,0,0,0},{0,0,0,0,0,0,0,0,0}}
]
11:54:21.784 [main] INFO  sudoku.model.SudokuBoard - Wartość 0 wstawiona nieprawidłowo
11:54:21.784 [main] INFO  sudoku.model.SudokuBoard - Bład w kwadracie 0
sudoku.model.SudokuBoard@19002b34[
  size=9
  solver=sudoku.model.BacktrackingSudokuSolver@1ec88aa1
  board={{3,4,5,8,6,7,9,1,2},{6,7,8,2,9,1,3,4,5},{1,9,2,3,4,5,6,7,8},{9,2,6,1,3,8,4,5,7},{4,8,1,5,2,0,0,0,0},{0,0,0,0,0,0,0,0,0},{0,0,0,0,0,0,0,0,0},{0,0,0,0,0,0,0,0,0},{0,0,0,0,0,0,0,0,0}}
]
11:54:21.784 [main] INFO  sudoku.model.SudokuBoard - Wartość 0 wstawiona nieprawidłowo
11:54:21.785 [main] INFO  sudoku.model.SudokuBoard - Bład w kwadracie 0
sudoku.model.SudokuBoard@19002b34[
  size=9
  solver=sudoku.model.BacktrackingSudokuSolver@1ec88aa1
  board={{3,4,5,8,6,7,9,1,2},{6,7,8,2,9,1,3,4,5},{1,9,2,3,4,5,6,7,8},{9,2,6,1,3,8,4,5,7},{4,8,1,5,0,0,0,0,0},{0,0,0,0,0,0,0,0,0},{0,0,0,0,0,0,0,0,0},{0,0,0,0,0,0,0,0,0},{0,0,0,0,0,0,0,0,0}}
]
11:54:21.786 [main] INFO  sudoku.model.SudokuBoard - Wartość 0 wstawiona nieprawidłowo
11:54:21.786 [main] INFO  sudoku.model.SudokuBoard - Bład w kwadracie 0
sudoku.model.SudokuBoard@19002b34[
  size=9
  solver=sudoku.model.BacktrackingSudokuSolver@1ec88aa1
  board={{3,4,5,8,6,7,9,1,2},{6,7,8,2,9,1,3,4,5},{1,9,2,3,4,5,6,7,8},{9,2,6,1,3,8,4,5,7},{4,8,1,5,7,9,2,6,3},{5,3,7,4,2,6,8,9,1},{7,5,4,6,1,0,0,0,0},{0,0,0,0,0,0,0,0,0},{0,0,0,0,0,0,0,0,0}}
]
11:54:21.787 [main] INFO  sudoku.model.SudokuBoard - Wartość 0 wstawiona nieprawidłowo
11:54:21.787 [main] INFO  sudoku.model.SudokuBoard - Bład w kwadracie 0
sudoku.model.SudokuBoard@19002b34[
  size=9
  solver=sudoku.model.BacktrackingSudokuSolver@1ec88aa1
  board={{3,4,5,8,6,7,9,1,2},{6,7,8,2,9,1,3,4,5},{1,9,2,3,4,5,6,7,8},{9,2,6,1,3,8,4,5,7},{4,8,1,5,7,9,2,6,3},{5,3,7,4,2,6,8,9,1},{7,5,4,6,1,0,0,0,0},{0,0,0,0,0,0,0,0,0},{0,0,0,0,0,0,0,0,0}}
]
11:54:21.787 [main] INFO  sudoku.model.SudokuBoard - Wartość 0 wstawiona nieprawidłowo
11:54:21.787 [main] INFO  sudoku.model.SudokuBoard - Bład w kwadracie 0
sudoku.model.SudokuBoard@19002b34[
  size=9
  solver=sudoku.model.BacktrackingSudokuSolver@1ec88aa1
  board={{3,4,5,8,6,7,9,1,2},{6,7,8,2,9,1,3,4,5},{1,9,2,3,4,5,6,7,8},{9,2,6,1,3,8,4,5,7},{4,8,1,5,7,9,2,6,3},{5,3,7,4,2,6,8,9,1},{7,5,4,6,0,0,0,0,0},{0,0,0,0,0,0,0,0,0},{0,0,0,0,0,0,0,0,0}}
]
11:54:21.788 [main] INFO  sudoku.model.SudokuBoard - Wartość 0 wstawiona nieprawidłowo
11:54:21.788 [main] INFO  sudoku.model.SudokuBoard - Bład w kwadracie 0
sudoku.model.SudokuBoard@19002b34[
  size=9
  solver=sudoku.model.BacktrackingSudokuSolver@1ec88aa1
  board={{3,4,5,8,6,7,9,1,2},{6,7,8,2,9,1,3,4,5},{1,9,2,3,4,5,6,7,8},{9,2,6,1,3,8,4,5,7},{4,8,1,5,7,9,2,6,3},{5,3,7,4,2,6,8,9,1},{7,5,4,6,8,2,1,3,9},{8,6,9,7,5,0,0,0,0},{0,0,0,0,0,0,0,0,0}}
]
11:54:21.788 [main] INFO  sudoku.model.SudokuBoard - Wartość 0 wstawiona nieprawidłowo
11:54:21.788 [main] INFO  sudoku.model.SudokuBoard - Bład w kwadracie 0
sudoku.model.SudokuBoard@19002b34[
  size=9
  solver=sudoku.model.BacktrackingSudokuSolver@1ec88aa1
  board={{3,4,5,8,6,7,9,1,2},{6,7,8,2,9,1,3,4,5},{1,9,2,3,4,5,6,7,8},{9,2,6,1,3,8,4,5,7},{4,8,1,5,7,9,2,6,3},{5,3,7,4,2,6,8,9,1},{7,5,4,6,8,2,1,3,9},{8,6,9,7,5,0,0,0,0},{0,0,0,0,0,0,0,0,0}}
]
11:54:21.788 [main] INFO  sudoku.model.SudokuBoard - Wartość 0 wstawiona nieprawidłowo
11:54:21.789 [main] INFO  sudoku.model.SudokuBoard - Bład w kwadracie 0
sudoku.model.SudokuBoard@19002b34[
  size=9
  solver=sudoku.model.BacktrackingSudokuSolver@1ec88aa1
  board={{3,4,5,8,6,7,9,1,2},{6,7,8,2,9,1,3,4,5},{1,9,2,3,4,5,6,7,8},{9,2,6,1,3,8,4,5,7},{4,8,1,5,7,9,2,6,3},{5,3,7,4,2,6,8,9,1},{7,5,4,6,8,2,1,3,9},{8,6,9,7,0,0,0,0,0},{0,0,0,0,0,0,0,0,0}}
]
11:54:21.789 [main] INFO  sudoku.model.SudokuBoard - Wartość 0 wstawiona nieprawidłowo
]]></system-out>
  </testcase>
  <testcase name="testEqualsDiffrentClass" classname="sudoku.model.SeriesTest" time="0.036">
    <system-out><![CDATA[11:54:21.795 [main] INFO  sudoku.model.SudokuBoard - Bład w kwadracie 0
sudoku.model.SudokuBoard@1c74d19[
  size=9
  solver=sudoku.model.BacktrackingSudokuSolver@24197b13
  board={{6,7,9,8,1,2,3,4,5},{8,5,2,3,9,4,1,6,7},{1,4,3,5,6,7,2,8,9},{2,6,5,4,8,9,7,1,3},{3,8,1,6,0,0,0,0,0},{0,0,0,0,0,0,0,0,0},{0,0,0,0,0,0,0,0,0},{0,0,0,0,0,0,0,0,0},{0,0,0,0,0,0,0,0,0}}
]
11:54:21.795 [main] INFO  sudoku.model.SudokuBoard - Wartość 0 wstawiona nieprawidłowo
11:54:21.798 [main] INFO  sudoku.model.SudokuBoard - Bład w kwadracie 0
sudoku.model.SudokuBoard@1c74d19[
  size=9
  solver=sudoku.model.BacktrackingSudokuSolver@24197b13
  board={{6,7,9,8,1,2,3,4,5},{8,5,2,3,9,4,1,6,7},{1,4,3,5,6,7,2,8,9},{2,6,5,4,8,9,7,1,3},{3,8,1,6,7,5,9,2,4},{7,9,4,1,2,3,0,0,0},{0,0,0,0,0,0,0,0,0},{0,0,0,0,0,0,0,0,0},{0,0,0,0,0,0,0,0,0}}
]
11:54:21.800 [main] INFO  sudoku.model.SudokuBoard - Wartość 0 wstawiona nieprawidłowo
11:54:21.800 [main] INFO  sudoku.model.SudokuBoard - Bład w kwadracie 0
sudoku.model.SudokuBoard@1c74d19[
  size=9
  solver=sudoku.model.BacktrackingSudokuSolver@24197b13
  board={{6,7,9,8,1,2,3,4,5},{8,5,2,3,9,4,1,6,7},{1,4,3,5,6,7,2,8,9},{2,6,5,4,8,9,7,1,3},{3,8,1,6,7,5,9,2,4},{7,9,4,1,2,3,6,5,8},{9,1,6,7,3,8,0,0,0},{0,0,0,0,0,0,0,0,0},{0,0,0,0,0,0,0,0,0}}
]
11:54:21.800 [main] INFO  sudoku.model.SudokuBoard - Wartość 0 wstawiona nieprawidłowo
11:54:21.801 [main] INFO  sudoku.model.SudokuBoard - Bład w kwadracie 0
sudoku.model.SudokuBoard@1c74d19[
  size=9
  solver=sudoku.model.BacktrackingSudokuSolver@24197b13
  board={{6,7,9,8,1,2,3,4,5},{8,5,2,3,9,4,1,6,7},{1,4,3,5,6,7,2,8,9},{2,6,5,4,8,9,7,1,3},{3,8,1,6,7,5,9,2,4},{7,9,4,1,2,3,6,5,8},{9,1,6,7,3,8,0,0,0},{0,0,0,0,0,0,0,0,0},{0,0,0,0,0,0,0,0,0}}
]
11:54:21.801 [main] INFO  sudoku.model.SudokuBoard - Wartość 0 wstawiona nieprawidłowo
11:54:21.801 [main] INFO  sudoku.model.SudokuBoard - Bład w kwadracie 0
sudoku.model.SudokuBoard@1c74d19[
  size=9
  solver=sudoku.model.BacktrackingSudokuSolver@24197b13
  board={{6,7,9,8,1,2,3,4,5},{8,5,2,3,9,4,1,6,7},{1,4,3,5,6,7,2,8,9},{2,6,5,4,8,9,7,1,3},{3,8,1,6,7,5,9,2,4},{7,9,4,1,2,3,6,5,8},{9,1,6,7,3,0,0,0,0},{0,0,0,0,0,0,0,0,0},{0,0,0,0,0,0,0,0,0}}
]
11:54:21.801 [main] INFO  sudoku.model.SudokuBoard - Wartość 0 wstawiona nieprawidłowo
11:54:21.801 [main] INFO  sudoku.model.SudokuBoard - Bład w kwadracie 0
sudoku.model.SudokuBoard@1c74d19[
  size=9
  solver=sudoku.model.BacktrackingSudokuSolver@24197b13
  board={{6,7,9,8,1,2,3,4,5},{8,5,2,3,9,4,1,6,7},{1,4,3,5,6,7,2,8,9},{2,6,5,4,8,9,7,1,3},{3,8,1,6,7,5,9,2,4},{7,9,4,1,2,3,6,5,8},{9,1,6,7,0,0,0,0,0},{0,0,0,0,0,0,0,0,0},{0,0,0,0,0,0,0,0,0}}
]
11:54:21.802 [main] INFO  sudoku.model.SudokuBoard - Wartość 0 wstawiona nieprawidłowo
11:54:21.802 [main] INFO  sudoku.model.SudokuBoard - Bład w kwadracie 0
sudoku.model.SudokuBoard@1c74d19[
  size=9
  solver=sudoku.model.BacktrackingSudokuSolver@24197b13
  board={{6,7,9,8,1,2,3,4,5},{8,5,2,3,9,4,1,6,7},{1,4,3,5,6,7,2,8,9},{2,6,5,4,8,9,7,1,3},{3,8,1,6,7,5,9,2,4},{7,9,4,1,2,3,6,5,8},{9,1,6,7,4,8,5,3,2},{4,2,8,9,3,0,0,0,0},{0,0,0,0,0,0,0,0,0}}
]
11:54:21.802 [main] INFO  sudoku.model.SudokuBoard - Wartość 0 wstawiona nieprawidłowo
11:54:21.803 [main] INFO  sudoku.model.SudokuBoard - Bład w kwadracie 0
sudoku.model.SudokuBoard@1c74d19[
  size=9
  solver=sudoku.model.BacktrackingSudokuSolver@24197b13
  board={{6,7,9,8,1,2,3,4,5},{8,5,2,3,9,4,1,6,7},{1,4,3,5,6,7,2,8,9},{2,6,5,4,8,9,7,1,3},{3,8,1,6,7,5,9,2,4},{7,9,4,1,2,3,6,5,8},{9,1,6,7,4,8,5,3,2},{4,2,8,9,3,0,0,0,0},{0,0,0,0,0,0,0,0,0}}
]
11:54:21.803 [main] INFO  sudoku.model.SudokuBoard - Wartość 0 wstawiona nieprawidłowo
11:54:21.803 [main] INFO  sudoku.model.SudokuBoard - Bład w kwadracie 0
sudoku.model.SudokuBoard@1c74d19[
  size=9
  solver=sudoku.model.BacktrackingSudokuSolver@24197b13
  board={{6,7,9,8,1,2,3,4,5},{8,5,2,3,9,4,1,6,7},{1,4,3,5,6,7,2,8,9},{2,6,5,4,8,9,7,1,3},{3,8,1,6,7,5,9,2,4},{7,9,4,1,2,3,6,5,8},{9,1,6,7,4,8,5,3,2},{4,2,8,9,0,0,0,0,0},{0,0,0,0,0,0,0,0,0}}
]
11:54:21.803 [main] INFO  sudoku.model.SudokuBoard - Wartość 0 wstawiona nieprawidłowo
11:54:21.804 [main] INFO  sudoku.model.SudokuBoard - Bład w kwadracie 0
sudoku.model.SudokuBoard@1c74d19[
  size=9
  solver=sudoku.model.BacktrackingSudokuSolver@24197b13
  board={{6,7,9,8,1,2,3,4,5},{8,5,2,3,9,4,1,6,7},{1,4,3,5,6,7,2,8,9},{2,6,5,4,8,9,7,1,3},{3,8,1,6,7,5,9,2,4},{7,9,4,1,2,3,6,5,8},{9,1,6,7,4,8,5,3,2},{4,2,8,9,5,0,0,0,0},{0,0,0,0,0,0,0,0,0}}
]
11:54:21.804 [main] INFO  sudoku.model.SudokuBoard - Wartość 0 wstawiona nieprawidłowo
11:54:21.804 [main] INFO  sudoku.model.SudokuBoard - Bład w kwadracie 0
sudoku.model.SudokuBoard@1c74d19[
  size=9
  solver=sudoku.model.BacktrackingSudokuSolver@24197b13
  board={{6,7,9,8,1,2,3,4,5},{8,5,2,3,9,4,1,6,7},{1,4,3,5,6,7,2,8,9},{2,6,5,4,8,9,7,1,3},{3,8,1,6,7,5,9,2,4},{7,9,4,1,2,3,6,5,8},{9,1,6,7,4,8,5,3,2},{4,2,8,9,5,0,0,0,0},{0,0,0,0,0,0,0,0,0}}
]
11:54:21.804 [main] INFO  sudoku.model.SudokuBoard - Wartość 0 wstawiona nieprawidłowo
11:54:21.805 [main] INFO  sudoku.model.SudokuBoard - Bład w kwadracie 0
sudoku.model.SudokuBoard@1c74d19[
  size=9
  solver=sudoku.model.BacktrackingSudokuSolver@24197b13
  board={{6,7,9,8,1,2,3,4,5},{8,5,2,3,9,4,1,6,7},{1,4,3,5,6,7,2,8,9},{2,6,5,4,8,9,7,1,3},{3,8,1,6,7,5,9,2,4},{7,9,4,1,2,3,6,5,8},{9,1,6,7,4,8,5,3,2},{4,2,8,9,0,0,0,0,0},{0,0,0,0,0,0,0,0,0}}
]
11:54:21.805 [main] INFO  sudoku.model.SudokuBoard - Wartość 0 wstawiona nieprawidłowo
11:54:21.805 [main] INFO  sudoku.model.SudokuBoard - Bład w kwadracie 0
sudoku.model.SudokuBoard@1c74d19[
  size=9
  solver=sudoku.model.BacktrackingSudokuSolver@24197b13
  board={{6,7,9,8,1,2,3,4,5},{8,5,2,3,9,4,1,6,7},{1,4,3,5,6,7,2,8,9},{2,6,5,4,8,9,7,1,3},{3,8,1,6,7,5,9,2,4},{7,9,4,1,2,3,6,5,8},{9,1,6,7,4,8,5,3,2},{4,2,8,0,0,0,0,0,0},{0,0,0,0,0,0,0,0,0}}
]
11:54:21.805 [main] INFO  sudoku.model.SudokuBoard - Wartość 0 wstawiona nieprawidłowo
11:54:21.806 [main] INFO  sudoku.model.SudokuBoard - Bład w kwadracie 0
sudoku.model.SudokuBoard@1c74d19[
  size=9
  solver=sudoku.model.BacktrackingSudokuSolver@24197b13
  board={{6,7,9,8,1,2,3,4,5},{8,5,2,3,9,4,1,6,7},{1,4,3,5,6,7,2,8,9},{2,6,5,4,8,9,7,1,3},{3,8,1,6,7,5,9,2,4},{7,9,4,1,2,3,6,5,8},{9,1,6,7,4,8,5,3,2},{4,2,0,0,0,0,0,0,0},{0,0,0,0,0,0,0,0,0}}
]
11:54:21.806 [main] INFO  sudoku.model.SudokuBoard - Wartość 0 wstawiona nieprawidłowo
11:54:21.807 [main] INFO  sudoku.model.SudokuBoard - Bład w kwadracie 0
sudoku.model.SudokuBoard@1c74d19[
  size=9
  solver=sudoku.model.BacktrackingSudokuSolver@24197b13
  board={{6,7,9,8,1,2,3,4,5},{8,5,2,3,9,4,1,6,7},{1,4,3,5,6,7,2,8,9},{2,6,5,4,8,9,7,1,3},{3,8,1,6,7,5,9,2,4},{7,9,4,1,2,3,6,5,8},{9,1,6,7,4,8,5,3,2},{4,2,7,9,3,1,0,0,0},{0,0,0,0,0,0,0,0,0}}
]
11:54:21.807 [main] INFO  sudoku.model.SudokuBoard - Wartość 0 wstawiona nieprawidłowo
11:54:21.807 [main] INFO  sudoku.model.SudokuBoard - Bład w kwadracie 0
sudoku.model.SudokuBoard@1c74d19[
  size=9
  solver=sudoku.model.BacktrackingSudokuSolver@24197b13
  board={{6,7,9,8,1,2,3,4,5},{8,5,2,3,9,4,1,6,7},{1,4,3,5,6,7,2,8,9},{2,6,5,4,8,9,7,1,3},{3,8,1,6,7,5,9,2,4},{7,9,4,1,2,3,6,5,8},{9,1,6,7,4,8,5,3,2},{4,2,7,9,3,0,0,0,0},{0,0,0,0,0,0,0,0,0}}
]
11:54:21.807 [main] INFO  sudoku.model.SudokuBoard - Wartość 0 wstawiona nieprawidłowo
11:54:21.808 [main] INFO  sudoku.model.SudokuBoard - Bład w kwadracie 0
sudoku.model.SudokuBoard@1c74d19[
  size=9
  solver=sudoku.model.BacktrackingSudokuSolver@24197b13
  board={{6,7,9,8,1,2,3,4,5},{8,5,2,3,9,4,1,6,7},{1,4,3,5,6,7,2,8,9},{2,6,5,4,8,9,7,1,3},{3,8,1,6,7,5,9,2,4},{7,9,4,1,2,3,6,5,8},{9,1,6,7,4,8,5,3,2},{4,2,7,9,3,6,0,0,0},{0,0,0,0,0,0,0,0,0}}
]
11:54:21.808 [main] INFO  sudoku.model.SudokuBoard - Wartość 0 wstawiona nieprawidłowo
11:54:21.809 [main] INFO  sudoku.model.SudokuBoard - Bład w kwadracie 0
sudoku.model.SudokuBoard@1c74d19[
  size=9
  solver=sudoku.model.BacktrackingSudokuSolver@24197b13
  board={{6,7,9,8,1,2,3,4,5},{8,5,2,3,9,4,1,6,7},{1,4,3,5,6,7,2,8,9},{2,6,5,4,8,9,7,1,3},{3,8,1,6,7,5,9,2,4},{7,9,4,1,2,3,6,5,8},{9,1,6,7,4,8,5,3,2},{4,2,7,9,3,0,0,0,0},{0,0,0,0,0,0,0,0,0}}
]
11:54:21.811 [main] INFO  sudoku.model.SudokuBoard - Wartość 0 wstawiona nieprawidłowo
11:54:21.819 [main] INFO  sudoku.model.SudokuBoard - Bład w kwadracie 0
sudoku.model.SudokuBoard@1c74d19[
  size=9
  solver=sudoku.model.BacktrackingSudokuSolver@24197b13
  board={{6,7,9,8,1,2,3,4,5},{8,5,2,3,9,4,1,6,7},{1,4,3,5,6,7,2,8,9},{2,6,5,4,8,9,7,1,3},{3,8,1,6,7,5,9,2,4},{7,9,4,1,2,3,6,5,8},{9,1,6,7,4,8,5,3,2},{4,2,7,9,0,0,0,0,0},{0,0,0,0,0,0,0,0,0}}
]
11:54:21.820 [main] INFO  sudoku.model.SudokuBoard - Wartość 0 wstawiona nieprawidłowo
11:54:21.821 [main] INFO  sudoku.model.SudokuBoard - Bład w kwadracie 0
sudoku.model.SudokuBoard@1c74d19[
  size=9
  solver=sudoku.model.BacktrackingSudokuSolver@24197b13
  board={{6,7,9,8,1,2,3,4,5},{8,5,2,3,9,4,1,6,7},{1,4,3,5,6,7,2,8,9},{2,6,5,4,8,9,7,1,3},{3,8,1,6,7,5,9,2,4},{7,9,4,1,2,3,6,5,8},{9,1,6,7,4,8,5,3,2},{4,2,7,9,5,1,0,0,0},{0,0,0,0,0,0,0,0,0}}
]
11:54:21.821 [main] INFO  sudoku.model.SudokuBoard - Wartość 0 wstawiona nieprawidłowo
11:54:21.822 [main] INFO  sudoku.model.SudokuBoard - Bład w kwadracie 0
sudoku.model.SudokuBoard@1c74d19[
  size=9
  solver=sudoku.model.BacktrackingSudokuSolver@24197b13
  board={{6,7,9,8,1,2,3,4,5},{8,5,2,3,9,4,1,6,7},{1,4,3,5,6,7,2,8,9},{2,6,5,4,8,9,7,1,3},{3,8,1,6,7,5,9,2,4},{7,9,4,1,2,3,6,5,8},{9,1,6,7,4,8,5,3,2},{4,2,7,9,5,0,0,0,0},{0,0,0,0,0,0,0,0,0}}
]
11:54:21.822 [main] INFO  sudoku.model.SudokuBoard - Wartość 0 wstawiona nieprawidłowo
11:54:21.822 [main] INFO  sudoku.model.SudokuBoard - Bład w kwadracie 0
sudoku.model.SudokuBoard@1c74d19[
  size=9
  solver=sudoku.model.BacktrackingSudokuSolver@24197b13
  board={{6,7,9,8,1,2,3,4,5},{8,5,2,3,9,4,1,6,7},{1,4,3,5,6,7,2,8,9},{2,6,5,4,8,9,7,1,3},{3,8,1,6,7,5,9,2,4},{7,9,4,1,2,3,6,5,8},{9,1,6,7,4,8,5,3,2},{4,2,7,9,5,6,0,0,0},{0,0,0,0,0,0,0,0,0}}
]
11:54:21.823 [main] INFO  sudoku.model.SudokuBoard - Wartość 0 wstawiona nieprawidłowo
11:54:21.823 [main] INFO  sudoku.model.SudokuBoard - Bład w kwadracie 0
sudoku.model.SudokuBoard@1c74d19[
  size=9
  solver=sudoku.model.BacktrackingSudokuSolver@24197b13
  board={{6,7,9,8,1,2,3,4,5},{8,5,2,3,9,4,1,6,7},{1,4,3,5,6,7,2,8,9},{2,6,5,4,8,9,7,1,3},{3,8,1,6,7,5,9,2,4},{7,9,4,1,2,3,6,5,8},{9,1,6,7,4,8,5,3,2},{4,2,7,9,5,0,0,0,0},{0,0,0,0,0,0,0,0,0}}
]
11:54:21.823 [main] INFO  sudoku.model.SudokuBoard - Wartość 0 wstawiona nieprawidłowo
11:54:21.823 [main] INFO  sudoku.model.SudokuBoard - Bład w kwadracie 0
sudoku.model.SudokuBoard@1c74d19[
  size=9
  solver=sudoku.model.BacktrackingSudokuSolver@24197b13
  board={{6,7,9,8,1,2,3,4,5},{8,5,2,3,9,4,1,6,7},{1,4,3,5,6,7,2,8,9},{2,6,5,4,8,9,7,1,3},{3,8,1,6,7,5,9,2,4},{7,9,4,1,2,3,6,5,8},{9,1,6,7,4,8,5,3,2},{4,2,7,9,0,0,0,0,0},{0,0,0,0,0,0,0,0,0}}
]
11:54:21.823 [main] INFO  sudoku.model.SudokuBoard - Wartość 0 wstawiona nieprawidłowo
11:54:21.824 [main] INFO  sudoku.model.SudokuBoard - Bład w kwadracie 0
sudoku.model.SudokuBoard@1c74d19[
  size=9
  solver=sudoku.model.BacktrackingSudokuSolver@24197b13
  board={{6,7,9,8,1,2,3,4,5},{8,5,2,3,9,4,1,6,7},{1,4,3,5,6,7,2,8,9},{2,6,5,4,8,9,7,1,3},{3,8,1,6,7,5,9,2,4},{7,9,4,1,2,3,6,5,8},{9,1,6,7,4,8,5,3,2},{4,2,7,0,0,0,0,0,0},{0,0,0,0,0,0,0,0,0}}
]
11:54:21.824 [main] INFO  sudoku.model.SudokuBoard - Wartość 0 wstawiona nieprawidłowo
11:54:21.824 [main] INFO  sudoku.model.SudokuBoard - Bład w kwadracie 0
sudoku.model.SudokuBoard@1c74d19[
  size=9
  solver=sudoku.model.BacktrackingSudokuSolver@24197b13
  board={{6,7,9,8,1,2,3,4,5},{8,5,2,3,9,4,1,6,7},{1,4,3,5,6,7,2,8,9},{2,6,5,4,8,9,7,1,3},{3,8,1,6,7,5,9,2,4},{7,9,4,1,2,3,6,5,8},{9,1,6,7,4,8,5,3,2},{4,2,0,0,0,0,0,0,0},{0,0,0,0,0,0,0,0,0}}
]
11:54:21.824 [main] INFO  sudoku.model.SudokuBoard - Wartość 0 wstawiona nieprawidłowo
11:54:21.824 [main] INFO  sudoku.model.SudokuBoard - Bład w kwadracie 0
sudoku.model.SudokuBoard@1c74d19[
  size=9
  solver=sudoku.model.BacktrackingSudokuSolver@24197b13
  board={{6,7,9,8,1,2,3,4,5},{8,5,2,3,9,4,1,6,7},{1,4,3,5,6,7,2,8,9},{2,6,5,4,8,9,7,1,3},{3,8,1,6,7,5,9,2,4},{7,9,4,1,2,3,6,5,8},{9,1,6,7,4,8,5,3,2},{4,0,0,0,0,0,0,0,0},{0,0,0,0,0,0,0,0,0}}
]
11:54:21.824 [main] INFO  sudoku.model.SudokuBoard - Wartość 0 wstawiona nieprawidłowo
11:54:21.825 [main] INFO  sudoku.model.SudokuBoard - Bład w kwadracie 0
sudoku.model.SudokuBoard@1c74d19[
  size=9
  solver=sudoku.model.BacktrackingSudokuSolver@24197b13
  board={{6,7,9,8,1,2,3,4,5},{8,5,2,3,9,4,1,6,7},{1,4,3,5,6,7,2,8,9},{2,6,5,4,8,9,7,1,3},{3,8,1,6,7,5,9,2,4},{7,9,4,1,2,3,6,5,8},{9,1,6,7,4,8,5,3,2},{4,3,7,9,5,1,0,0,0},{0,0,0,0,0,0,0,0,0}}
]
11:54:21.826 [main] INFO  sudoku.model.SudokuBoard - Wartość 0 wstawiona nieprawidłowo
11:54:21.826 [main] INFO  sudoku.model.SudokuBoard - Bład w kwadracie 0
sudoku.model.SudokuBoard@1c74d19[
  size=9
  solver=sudoku.model.BacktrackingSudokuSolver@24197b13
  board={{6,7,9,8,1,2,3,4,5},{8,5,2,3,9,4,1,6,7},{1,4,3,5,6,7,2,8,9},{2,6,5,4,8,9,7,1,3},{3,8,1,6,7,5,9,2,4},{7,9,4,1,2,3,6,5,8},{9,1,6,7,4,8,5,3,2},{4,3,7,9,5,0,0,0,0},{0,0,0,0,0,0,0,0,0}}
]
11:54:21.826 [main] INFO  sudoku.model.SudokuBoard - Wartość 0 wstawiona nieprawidłowo
11:54:21.827 [main] INFO  sudoku.model.SudokuBoard - Bład w kwadracie 0
sudoku.model.SudokuBoard@1c74d19[
  size=9
  solver=sudoku.model.BacktrackingSudokuSolver@24197b13
  board={{6,7,9,8,1,2,3,4,5},{8,5,2,3,9,4,1,6,7},{1,4,3,5,6,7,2,8,9},{2,6,5,4,8,9,7,1,3},{3,8,1,6,7,5,9,2,4},{7,9,4,1,2,3,6,5,8},{9,1,6,7,4,8,5,3,2},{4,3,7,9,5,6,0,0,0},{0,0,0,0,0,0,0,0,0}}
]
11:54:21.827 [main] INFO  sudoku.model.SudokuBoard - Wartość 0 wstawiona nieprawidłowo
11:54:21.827 [main] INFO  sudoku.model.SudokuBoard - Bład w kwadracie 0
sudoku.model.SudokuBoard@1c74d19[
  size=9
  solver=sudoku.model.BacktrackingSudokuSolver@24197b13
  board={{6,7,9,8,1,2,3,4,5},{8,5,2,3,9,4,1,6,7},{1,4,3,5,6,7,2,8,9},{2,6,5,4,8,9,7,1,3},{3,8,1,6,7,5,9,2,4},{7,9,4,1,2,3,6,5,8},{9,1,6,7,4,8,5,3,2},{4,3,7,9,5,0,0,0,0},{0,0,0,0,0,0,0,0,0}}
]
11:54:21.827 [main] INFO  sudoku.model.SudokuBoard - Wartość 0 wstawiona nieprawidłowo
11:54:21.828 [main] INFO  sudoku.model.SudokuBoard - Bład w kwadracie 0
sudoku.model.SudokuBoard@1c74d19[
  size=9
  solver=sudoku.model.BacktrackingSudokuSolver@24197b13
  board={{6,7,9,8,1,2,3,4,5},{8,5,2,3,9,4,1,6,7},{1,4,3,5,6,7,2,8,9},{2,6,5,4,8,9,7,1,3},{3,8,1,6,7,5,9,2,4},{7,9,4,1,2,3,6,5,8},{9,1,6,7,4,8,5,3,2},{4,3,7,9,0,0,0,0,0},{0,0,0,0,0,0,0,0,0}}
]
11:54:21.828 [main] INFO  sudoku.model.SudokuBoard - Wartość 0 wstawiona nieprawidłowo
11:54:21.828 [main] INFO  sudoku.model.SudokuBoard - Bład w kwadracie 0
sudoku.model.SudokuBoard@1c74d19[
  size=9
  solver=sudoku.model.BacktrackingSudokuSolver@24197b13
  board={{6,7,9,8,1,2,3,4,5},{8,5,2,3,9,4,1,6,7},{1,4,3,5,6,7,2,8,9},{2,6,5,4,8,9,7,1,3},{3,8,1,6,7,5,9,2,4},{7,9,4,1,2,3,6,5,8},{9,1,6,7,4,8,5,3,2},{4,3,7,0,0,0,0,0,0},{0,0,0,0,0,0,0,0,0}}
]
11:54:21.828 [main] INFO  sudoku.model.SudokuBoard - Wartość 0 wstawiona nieprawidłowo
]]></system-out>
  </testcase>
  <testcase name="testEqualsNull" classname="sudoku.model.SeriesTest" time="0.039">
    <system-out><![CDATA[11:54:21.835 [main] INFO  sudoku.model.SudokuBoard - Bład w kwadracie 0
sudoku.model.SudokuBoard@693f2213[
  size=9
  solver=sudoku.model.BacktrackingSudokuSolver@514377fc
  board={{8,1,5,6,9,7,4,2,3},{9,2,3,4,8,1,5,6,7},{4,6,7,3,5,2,8,9,1},{3,5,4,8,1,6,0,0,0},{0,0,0,0,0,0,0,0,0},{0,0,0,0,0,0,0,0,0},{0,0,0,0,0,0,0,0,0},{0,0,0,0,0,0,0,0,0},{0,0,0,0,0,0,0,0,0}}
]
11:54:21.835 [main] INFO  sudoku.model.SudokuBoard - Wartość 0 wstawiona nieprawidłowo
11:54:21.837 [main] INFO  sudoku.model.SudokuBoard - Bład w kwadracie 0
sudoku.model.SudokuBoard@693f2213[
  size=9
  solver=sudoku.model.BacktrackingSudokuSolver@514377fc
  board={{8,1,5,6,9,7,4,2,3},{9,2,3,4,8,1,5,6,7},{4,6,7,3,5,2,8,9,1},{3,5,4,8,1,6,9,7,2},{6,7,1,5,2,9,3,4,8},{2,8,9,7,3,4,6,0,0},{0,0,0,0,0,0,0,0,0},{0,0,0,0,0,0,0,0,0},{0,0,0,0,0,0,0,0,0}}
]
11:54:21.837 [main] INFO  sudoku.model.SudokuBoard - Wartość 0 wstawiona nieprawidłowo
11:54:21.837 [main] INFO  sudoku.model.SudokuBoard - Bład w kwadracie 0
sudoku.model.SudokuBoard@693f2213[
  size=9
  solver=sudoku.model.BacktrackingSudokuSolver@514377fc
  board={{8,1,5,6,9,7,4,2,3},{9,2,3,4,8,1,5,6,7},{4,6,7,3,5,2,8,9,1},{3,5,4,8,1,6,9,7,2},{6,7,1,5,2,9,3,4,8},{2,8,9,7,3,4,6,1,5},{7,9,6,1,4,3,2,0,0},{0,0,0,0,0,0,0,0,0},{0,0,0,0,0,0,0,0,0}}
]
11:54:21.837 [main] INFO  sudoku.model.SudokuBoard - Wartość 0 wstawiona nieprawidłowo
11:54:21.838 [main] INFO  sudoku.model.SudokuBoard - Bład w kwadracie 0
sudoku.model.SudokuBoard@693f2213[
  size=9
  solver=sudoku.model.BacktrackingSudokuSolver@514377fc
  board={{8,1,5,6,9,7,4,2,3},{9,2,3,4,8,1,5,6,7},{4,6,7,3,5,2,8,9,1},{3,5,4,8,1,6,9,7,2},{6,7,1,5,2,9,3,4,8},{2,8,9,7,3,4,6,1,5},{7,9,6,1,4,3,2,0,0},{0,0,0,0,0,0,0,0,0},{0,0,0,0,0,0,0,0,0}}
]
11:54:21.838 [main] INFO  sudoku.model.SudokuBoard - Wartość 0 wstawiona nieprawidłowo
11:54:21.838 [main] INFO  sudoku.model.SudokuBoard - Bład w kwadracie 0
sudoku.model.SudokuBoard@693f2213[
  size=9
  solver=sudoku.model.BacktrackingSudokuSolver@514377fc
  board={{8,1,5,6,9,7,4,2,3},{9,2,3,4,8,1,5,6,7},{4,6,7,3,5,2,8,9,1},{3,5,4,8,1,6,9,7,2},{6,7,1,5,2,9,3,4,8},{2,8,9,7,3,4,6,1,5},{7,9,6,1,4,3,0,0,0},{0,0,0,0,0,0,0,0,0},{0,0,0,0,0,0,0,0,0}}
]
11:54:21.838 [main] INFO  sudoku.model.SudokuBoard - Wartość 0 wstawiona nieprawidłowo
11:54:21.838 [main] INFO  sudoku.model.SudokuBoard - Bład w kwadracie 0
sudoku.model.SudokuBoard@693f2213[
  size=9
  solver=sudoku.model.BacktrackingSudokuSolver@514377fc
  board={{8,1,5,6,9,7,4,2,3},{9,2,3,4,8,1,5,6,7},{4,6,7,3,5,2,8,9,1},{3,5,4,8,1,6,9,7,2},{6,7,1,5,2,9,3,4,8},{2,8,9,7,3,4,6,1,5},{7,9,6,1,4,0,0,0,0},{0,0,0,0,0,0,0,0,0},{0,0,0,0,0,0,0,0,0}}
]
11:54:21.838 [main] INFO  sudoku.model.SudokuBoard - Wartość 0 wstawiona nieprawidłowo
11:54:21.839 [main] INFO  sudoku.model.SudokuBoard - Bład w kwadracie 0
sudoku.model.SudokuBoard@693f2213[
  size=9
  solver=sudoku.model.BacktrackingSudokuSolver@514377fc
  board={{8,1,5,6,9,7,4,2,3},{9,2,3,4,8,1,5,6,7},{4,6,7,3,5,2,8,9,1},{3,5,4,8,1,6,9,7,2},{6,7,1,5,2,9,3,4,8},{2,8,9,7,3,4,6,1,5},{7,9,6,1,4,5,2,0,0},{0,0,0,0,0,0,0,0,0},{0,0,0,0,0,0,0,0,0}}
]
11:54:21.839 [main] INFO  sudoku.model.SudokuBoard - Wartość 0 wstawiona nieprawidłowo
11:54:21.839 [main] INFO  sudoku.model.SudokuBoard - Bład w kwadracie 0
sudoku.model.SudokuBoard@693f2213[
  size=9
  solver=sudoku.model.BacktrackingSudokuSolver@514377fc
  board={{8,1,5,6,9,7,4,2,3},{9,2,3,4,8,1,5,6,7},{4,6,7,3,5,2,8,9,1},{3,5,4,8,1,6,9,7,2},{6,7,1,5,2,9,3,4,8},{2,8,9,7,3,4,6,1,5},{7,9,6,1,4,5,2,0,0},{0,0,0,0,0,0,0,0,0},{0,0,0,0,0,0,0,0,0}}
]
11:54:21.839 [main] INFO  sudoku.model.SudokuBoard - Wartość 0 wstawiona nieprawidłowo
11:54:21.840 [main] INFO  sudoku.model.SudokuBoard - Bład w kwadracie 0
sudoku.model.SudokuBoard@693f2213[
  size=9
  solver=sudoku.model.BacktrackingSudokuSolver@514377fc
  board={{8,1,5,6,9,7,4,2,3},{9,2,3,4,8,1,5,6,7},{4,6,7,3,5,2,8,9,1},{3,5,4,8,1,6,9,7,2},{6,7,1,5,2,9,3,4,8},{2,8,9,7,3,4,6,1,5},{7,9,6,1,4,5,0,0,0},{0,0,0,0,0,0,0,0,0},{0,0,0,0,0,0,0,0,0}}
]
11:54:21.840 [main] INFO  sudoku.model.SudokuBoard - Wartość 0 wstawiona nieprawidłowo
11:54:21.840 [main] INFO  sudoku.model.SudokuBoard - Bład w kwadracie 0
sudoku.model.SudokuBoard@693f2213[
  size=9
  solver=sudoku.model.BacktrackingSudokuSolver@514377fc
  board={{8,1,5,6,9,7,4,2,3},{9,2,3,4,8,1,5,6,7},{4,6,7,3,5,2,8,9,1},{3,5,4,8,1,6,9,7,2},{6,7,1,5,2,9,3,4,8},{2,8,9,7,3,4,6,1,5},{7,9,6,1,4,0,0,0,0},{0,0,0,0,0,0,0,0,0},{0,0,0,0,0,0,0,0,0}}
]
11:54:21.840 [main] INFO  sudoku.model.SudokuBoard - Wartość 0 wstawiona nieprawidłowo
11:54:21.840 [main] INFO  sudoku.model.SudokuBoard - Bład w kwadracie 0
sudoku.model.SudokuBoard@693f2213[
  size=9
  solver=sudoku.model.BacktrackingSudokuSolver@514377fc
  board={{8,1,5,6,9,7,4,2,3},{9,2,3,4,8,1,5,6,7},{4,6,7,3,5,2,8,9,1},{3,5,4,8,1,6,9,7,2},{6,7,1,5,2,9,3,4,8},{2,8,9,7,3,4,6,1,5},{7,9,6,1,4,8,2,0,0},{0,0,0,0,0,0,0,0,0},{0,0,0,0,0,0,0,0,0}}
]
11:54:21.840 [main] INFO  sudoku.model.SudokuBoard - Wartość 0 wstawiona nieprawidłowo
11:54:21.841 [main] INFO  sudoku.model.SudokuBoard - Bład w kwadracie 0
sudoku.model.SudokuBoard@693f2213[
  size=9
  solver=sudoku.model.BacktrackingSudokuSolver@514377fc
  board={{8,1,5,6,9,7,4,2,3},{9,2,3,4,8,1,5,6,7},{4,6,7,3,5,2,8,9,1},{3,5,4,8,1,6,9,7,2},{6,7,1,5,2,9,3,4,8},{2,8,9,7,3,4,6,1,5},{7,9,6,1,4,8,2,0,0},{0,0,0,0,0,0,0,0,0},{0,0,0,0,0,0,0,0,0}}
]
11:54:21.841 [main] INFO  sudoku.model.SudokuBoard - Wartość 0 wstawiona nieprawidłowo
11:54:21.841 [main] INFO  sudoku.model.SudokuBoard - Bład w kwadracie 0
sudoku.model.SudokuBoard@693f2213[
  size=9
  solver=sudoku.model.BacktrackingSudokuSolver@514377fc
  board={{8,1,5,6,9,7,4,2,3},{9,2,3,4,8,1,5,6,7},{4,6,7,3,5,2,8,9,1},{3,5,4,8,1,6,9,7,2},{6,7,1,5,2,9,3,4,8},{2,8,9,7,3,4,6,1,5},{7,9,6,1,4,8,0,0,0},{0,0,0,0,0,0,0,0,0},{0,0,0,0,0,0,0,0,0}}
]
11:54:21.842 [main] INFO  sudoku.model.SudokuBoard - Wartość 0 wstawiona nieprawidłowo
11:54:21.845 [main] INFO  sudoku.model.SudokuBoard - Bład w kwadracie 0
sudoku.model.SudokuBoard@693f2213[
  size=9
  solver=sudoku.model.BacktrackingSudokuSolver@514377fc
  board={{8,1,5,6,9,7,4,2,3},{9,2,3,4,8,1,5,6,7},{4,6,7,3,5,2,8,9,1},{3,5,4,8,1,6,9,7,2},{6,7,1,5,2,9,3,4,8},{2,8,9,7,3,4,6,1,5},{7,9,6,1,4,0,0,0,0},{0,0,0,0,0,0,0,0,0},{0,0,0,0,0,0,0,0,0}}
]
11:54:21.845 [main] INFO  sudoku.model.SudokuBoard - Wartość 0 wstawiona nieprawidłowo
11:54:21.845 [main] INFO  sudoku.model.SudokuBoard - Bład w kwadracie 0
sudoku.model.SudokuBoard@693f2213[
  size=9
  solver=sudoku.model.BacktrackingSudokuSolver@514377fc
  board={{8,1,5,6,9,7,4,2,3},{9,2,3,4,8,1,5,6,7},{4,6,7,3,5,2,8,9,1},{3,5,4,8,1,6,9,7,2},{6,7,1,5,2,9,3,4,8},{2,8,9,7,3,4,6,1,5},{7,9,6,1,0,0,0,0,0},{0,0,0,0,0,0,0,0,0},{0,0,0,0,0,0,0,0,0}}
]
11:54:21.846 [main] INFO  sudoku.model.SudokuBoard - Wartość 0 wstawiona nieprawidłowo
11:54:21.850 [main] INFO  sudoku.model.SudokuBoard - Bład w kwadracie 0
sudoku.model.SudokuBoard@693f2213[
  size=9
  solver=sudoku.model.BacktrackingSudokuSolver@514377fc
  board={{8,1,5,6,9,7,4,2,3},{9,2,3,4,8,1,5,6,7},{4,6,7,3,5,2,8,9,1},{3,5,4,8,1,6,9,7,2},{6,7,1,5,2,9,3,4,8},{2,8,9,7,3,4,6,1,5},{7,9,6,0,0,0,0,0,0},{0,0,0,0,0,0,0,0,0},{0,0,0,0,0,0,0,0,0}}
]
11:54:21.855 [main] INFO  sudoku.model.SudokuBoard - Wartość 0 wstawiona nieprawidłowo
11:54:21.861 [main] INFO  sudoku.model.SudokuBoard - Bład w kwadracie 0
sudoku.model.SudokuBoard@693f2213[
  size=9
  solver=sudoku.model.BacktrackingSudokuSolver@514377fc
  board={{8,1,5,6,9,7,4,2,3},{9,2,3,4,8,1,5,6,7},{4,6,7,3,5,2,8,9,1},{3,5,4,8,1,6,9,7,2},{6,7,1,5,2,9,3,4,8},{2,8,9,7,3,4,6,1,5},{7,9,6,2,4,8,1,0,0},{0,0,0,0,0,0,0,0,0},{0,0,0,0,0,0,0,0,0}}
]
11:54:21.864 [main] INFO  sudoku.model.SudokuBoard - Wartość 0 wstawiona nieprawidłowo
11:54:21.867 [main] INFO  sudoku.model.SudokuBoard - Bład w kwadracie 0
sudoku.model.SudokuBoard@693f2213[
  size=9
  solver=sudoku.model.BacktrackingSudokuSolver@514377fc
  board={{8,1,5,6,9,7,4,2,3},{9,2,3,4,8,1,5,6,7},{4,6,7,3,5,2,8,9,1},{3,5,4,8,1,6,9,7,2},{6,7,1,5,2,9,3,4,8},{2,8,9,7,3,4,6,1,5},{7,9,6,2,4,8,1,0,0},{0,0,0,0,0,0,0,0,0},{0,0,0,0,0,0,0,0,0}}
]
11:54:21.867 [main] INFO  sudoku.model.SudokuBoard - Wartość 0 wstawiona nieprawidłowo
11:54:21.867 [main] INFO  sudoku.model.SudokuBoard - Bład w kwadracie 0
sudoku.model.SudokuBoard@693f2213[
  size=9
  solver=sudoku.model.BacktrackingSudokuSolver@514377fc
  board={{8,1,5,6,9,7,4,2,3},{9,2,3,4,8,1,5,6,7},{4,6,7,3,5,2,8,9,1},{3,5,4,8,1,6,9,7,2},{6,7,1,5,2,9,3,4,8},{2,8,9,7,3,4,6,1,5},{7,9,6,2,4,8,0,0,0},{0,0,0,0,0,0,0,0,0},{0,0,0,0,0,0,0,0,0}}
]
11:54:21.867 [main] INFO  sudoku.model.SudokuBoard - Wartość 0 wstawiona nieprawidłowo
11:54:21.868 [main] INFO  sudoku.model.SudokuBoard - Bład w kwadracie 0
sudoku.model.SudokuBoard@693f2213[
  size=9
  solver=sudoku.model.BacktrackingSudokuSolver@514377fc
  board={{8,1,5,6,9,7,4,2,3},{9,2,3,4,8,1,5,6,7},{4,6,7,3,5,2,8,9,1},{3,5,4,8,1,6,9,7,2},{6,7,1,5,2,9,3,4,8},{2,8,9,7,3,4,6,1,5},{7,9,6,2,4,0,0,0,0},{0,0,0,0,0,0,0,0,0},{0,0,0,0,0,0,0,0,0}}
]
11:54:21.868 [main] INFO  sudoku.model.SudokuBoard - Wartość 0 wstawiona nieprawidłowo
11:54:21.868 [main] INFO  sudoku.model.SudokuBoard - Bład w kwadracie 0
sudoku.model.SudokuBoard@693f2213[
  size=9
  solver=sudoku.model.BacktrackingSudokuSolver@514377fc
  board={{8,1,5,6,9,7,4,2,3},{9,2,3,4,8,1,5,6,7},{4,6,7,3,5,2,8,9,1},{3,5,4,8,1,6,9,7,2},{6,7,1,5,2,9,3,4,8},{2,8,9,7,3,4,6,1,5},{7,9,6,2,4,3,1,0,0},{0,0,0,0,0,0,0,0,0},{0,0,0,0,0,0,0,0,0}}
]
11:54:21.868 [main] INFO  sudoku.model.SudokuBoard - Wartość 0 wstawiona nieprawidłowo
11:54:21.868 [main] INFO  sudoku.model.SudokuBoard - Bład w kwadracie 0
sudoku.model.SudokuBoard@693f2213[
  size=9
  solver=sudoku.model.BacktrackingSudokuSolver@514377fc
  board={{8,1,5,6,9,7,4,2,3},{9,2,3,4,8,1,5,6,7},{4,6,7,3,5,2,8,9,1},{3,5,4,8,1,6,9,7,2},{6,7,1,5,2,9,3,4,8},{2,8,9,7,3,4,6,1,5},{7,9,6,2,4,3,1,0,0},{0,0,0,0,0,0,0,0,0},{0,0,0,0,0,0,0,0,0}}
]
11:54:21.869 [main] INFO  sudoku.model.SudokuBoard - Wartość 0 wstawiona nieprawidłowo
11:54:21.869 [main] INFO  sudoku.model.SudokuBoard - Bład w kwadracie 0
sudoku.model.SudokuBoard@693f2213[
  size=9
  solver=sudoku.model.BacktrackingSudokuSolver@514377fc
  board={{8,1,5,6,9,7,4,2,3},{9,2,3,4,8,1,5,6,7},{4,6,7,3,5,2,8,9,1},{3,5,4,8,1,6,9,7,2},{6,7,1,5,2,9,3,4,8},{2,8,9,7,3,4,6,1,5},{7,9,6,2,4,3,0,0,0},{0,0,0,0,0,0,0,0,0},{0,0,0,0,0,0,0,0,0}}
]
11:54:21.869 [main] INFO  sudoku.model.SudokuBoard - Wartość 0 wstawiona nieprawidłowo
11:54:21.870 [main] INFO  sudoku.model.SudokuBoard - Bład w kwadracie 0
sudoku.model.SudokuBoard@693f2213[
  size=9
  solver=sudoku.model.BacktrackingSudokuSolver@514377fc
  board={{8,1,5,6,9,7,4,2,3},{9,2,3,4,8,1,5,6,7},{4,6,7,3,5,2,8,9,1},{3,5,4,8,1,6,9,7,2},{6,7,1,5,2,9,3,4,8},{2,8,9,7,3,4,6,1,5},{7,9,6,2,4,0,0,0,0},{0,0,0,0,0,0,0,0,0},{0,0,0,0,0,0,0,0,0}}
]
11:54:21.870 [main] INFO  sudoku.model.SudokuBoard - Wartość 0 wstawiona nieprawidłowo
11:54:21.870 [main] INFO  sudoku.model.SudokuBoard - Bład w kwadracie 0
sudoku.model.SudokuBoard@693f2213[
  size=9
  solver=sudoku.model.BacktrackingSudokuSolver@514377fc
  board={{8,1,5,6,9,7,4,2,3},{9,2,3,4,8,1,5,6,7},{4,6,7,3,5,2,8,9,1},{3,5,4,8,1,6,9,7,2},{6,7,1,5,2,9,3,4,8},{2,8,9,7,3,4,6,1,5},{7,9,6,2,4,5,1,0,0},{0,0,0,0,0,0,0,0,0},{0,0,0,0,0,0,0,0,0}}
]
11:54:21.870 [main] INFO  sudoku.model.SudokuBoard - Wartość 0 wstawiona nieprawidłowo
11:54:21.870 [main] INFO  sudoku.model.SudokuBoard - Bład w kwadracie 0
sudoku.model.SudokuBoard@693f2213[
  size=9
  solver=sudoku.model.BacktrackingSudokuSolver@514377fc
  board={{8,1,5,6,9,7,4,2,3},{9,2,3,4,8,1,5,6,7},{4,6,7,3,5,2,8,9,1},{3,5,4,8,1,6,9,7,2},{6,7,1,5,2,9,3,4,8},{2,8,9,7,3,4,6,1,5},{7,9,6,2,4,5,1,0,0},{0,0,0,0,0,0,0,0,0},{0,0,0,0,0,0,0,0,0}}
]
11:54:21.870 [main] INFO  sudoku.model.SudokuBoard - Wartość 0 wstawiona nieprawidłowo
11:54:21.871 [main] INFO  sudoku.model.SudokuBoard - Bład w kwadracie 0
sudoku.model.SudokuBoard@693f2213[
  size=9
  solver=sudoku.model.BacktrackingSudokuSolver@514377fc
  board={{8,1,5,6,9,7,4,2,3},{9,2,3,4,8,1,5,6,7},{4,6,7,3,5,2,8,9,1},{3,5,4,8,1,6,9,7,2},{6,7,1,5,2,9,3,4,8},{2,8,9,7,3,4,6,1,5},{7,9,6,2,4,5,0,0,0},{0,0,0,0,0,0,0,0,0},{0,0,0,0,0,0,0,0,0}}
]
11:54:21.871 [main] INFO  sudoku.model.SudokuBoard - Wartość 0 wstawiona nieprawidłowo
11:54:21.871 [main] INFO  sudoku.model.SudokuBoard - Bład w kwadracie 0
sudoku.model.SudokuBoard@693f2213[
  size=9
  solver=sudoku.model.BacktrackingSudokuSolver@514377fc
  board={{8,1,5,6,9,7,4,2,3},{9,2,3,4,8,1,5,6,7},{4,6,7,3,5,2,8,9,1},{3,5,4,8,1,6,9,7,2},{6,7,1,5,2,9,3,4,8},{2,8,9,7,3,4,6,1,5},{7,9,6,2,4,0,0,0,0},{0,0,0,0,0,0,0,0,0},{0,0,0,0,0,0,0,0,0}}
]
11:54:21.871 [main] INFO  sudoku.model.SudokuBoard - Wartość 0 wstawiona nieprawidłowo
11:54:21.871 [main] INFO  sudoku.model.SudokuBoard - Bład w kwadracie 0
sudoku.model.SudokuBoard@693f2213[
  size=9
  solver=sudoku.model.BacktrackingSudokuSolver@514377fc
  board={{8,1,5,6,9,7,4,2,3},{9,2,3,4,8,1,5,6,7},{4,6,7,3,5,2,8,9,1},{3,5,4,8,1,6,9,7,2},{6,7,1,5,2,9,3,4,8},{2,8,9,7,3,4,6,1,5},{7,9,6,2,0,0,0,0,0},{0,0,0,0,0,0,0,0,0},{0,0,0,0,0,0,0,0,0}}
]
11:54:21.871 [main] INFO  sudoku.model.SudokuBoard - Wartość 0 wstawiona nieprawidłowo
11:54:21.871 [main] INFO  sudoku.model.SudokuBoard - Bład w kwadracie 0
sudoku.model.SudokuBoard@693f2213[
  size=9
  solver=sudoku.model.BacktrackingSudokuSolver@514377fc
  board={{8,1,5,6,9,7,4,2,3},{9,2,3,4,8,1,5,6,7},{4,6,7,3,5,2,8,9,1},{3,5,4,8,1,6,9,7,2},{6,7,1,5,2,9,3,4,8},{2,8,9,7,3,4,6,1,5},{7,9,6,0,0,0,0,0,0},{0,0,0,0,0,0,0,0,0},{0,0,0,0,0,0,0,0,0}}
]
11:54:21.871 [main] INFO  sudoku.model.SudokuBoard - Wartość 0 wstawiona nieprawidłowo
11:54:21.872 [main] INFO  sudoku.model.SudokuBoard - Bład w kwadracie 0
sudoku.model.SudokuBoard@693f2213[
  size=9
  solver=sudoku.model.BacktrackingSudokuSolver@514377fc
  board={{8,1,5,6,9,7,4,2,3},{9,2,3,4,8,1,5,6,7},{4,6,7,3,5,2,8,9,1},{3,5,4,8,1,6,9,7,2},{6,7,1,5,2,9,3,4,8},{2,8,9,7,3,4,6,1,5},{7,9,0,0,0,0,0,0,0},{0,0,0,0,0,0,0,0,0},{0,0,0,0,0,0,0,0,0}}
]
11:54:21.872 [main] INFO  sudoku.model.SudokuBoard - Wartość 0 wstawiona nieprawidłowo
11:54:21.872 [main] INFO  sudoku.model.SudokuBoard - Bład w kwadracie 0
sudoku.model.SudokuBoard@693f2213[
  size=9
  solver=sudoku.model.BacktrackingSudokuSolver@514377fc
  board={{8,1,5,6,9,7,4,2,3},{9,2,3,4,8,1,5,6,7},{4,6,7,3,5,2,8,9,1},{3,5,4,8,1,6,9,7,2},{6,7,1,5,2,9,3,4,8},{2,8,9,7,3,4,6,1,5},{7,9,8,1,4,3,2,5,6},{1,3,2,9,6,8,0,0,0},{0,0,0,0,0,0,0,0,0}}
]
11:54:21.872 [main] INFO  sudoku.model.SudokuBoard - Wartość 0 wstawiona nieprawidłowo
11:54:21.872 [main] INFO  sudoku.model.SudokuBoard - Bład w kwadracie 0
sudoku.model.SudokuBoard@693f2213[
  size=9
  solver=sudoku.model.BacktrackingSudokuSolver@514377fc
  board={{8,1,5,6,9,7,4,2,3},{9,2,3,4,8,1,5,6,7},{4,6,7,3,5,2,8,9,1},{3,5,4,8,1,6,9,7,2},{6,7,1,5,2,9,3,4,8},{2,8,9,7,3,4,6,1,5},{7,9,8,1,4,3,2,5,6},{1,3,2,9,6,0,0,0,0},{0,0,0,0,0,0,0,0,0}}
]
11:54:21.872 [main] INFO  sudoku.model.SudokuBoard - Wartość 0 wstawiona nieprawidłowo
]]></system-out>
  </testcase>
  <testcase name="testEqualsSame" classname="sudoku.model.SeriesTest" time="0.005">
    <system-out><![CDATA[11:54:21.875 [main] INFO  sudoku.model.SudokuBoard - Bład w kwadracie 0
sudoku.model.SudokuBoard@2a484710[
  size=9
  solver=sudoku.model.BacktrackingSudokuSolver@661e1399
  board={{5,8,6,7,9,1,2,4,3},{9,1,2,8,4,3,5,6,7},{4,7,3,2,5,6,8,9,1},{3,4,5,9,2,7,1,8,6},{1,9,7,3,6,0,0,0,0},{0,0,0,0,0,0,0,0,0},{0,0,0,0,0,0,0,0,0},{0,0,0,0,0,0,0,0,0},{0,0,0,0,0,0,0,0,0}}
]
11:54:21.875 [main] INFO  sudoku.model.SudokuBoard - Wartość 0 wstawiona nieprawidłowo
11:54:21.875 [main] INFO  sudoku.model.SudokuBoard - Bład w kwadracie 0
sudoku.model.SudokuBoard@2a484710[
  size=9
  solver=sudoku.model.BacktrackingSudokuSolver@661e1399
  board={{5,8,6,7,9,1,2,4,3},{9,1,2,8,4,3,5,6,7},{4,7,3,2,5,6,8,9,1},{3,4,5,9,2,7,1,8,6},{1,9,7,3,6,5,4,0,0},{0,0,0,0,0,0,0,0,0},{0,0,0,0,0,0,0,0,0},{0,0,0,0,0,0,0,0,0},{0,0,0,0,0,0,0,0,0}}
]
11:54:21.875 [main] INFO  sudoku.model.SudokuBoard - Wartość 0 wstawiona nieprawidłowo
11:54:21.875 [main] INFO  sudoku.model.SudokuBoard - Bład w kwadracie 0
sudoku.model.SudokuBoard@2a484710[
  size=9
  solver=sudoku.model.BacktrackingSudokuSolver@661e1399
  board={{5,8,6,7,9,1,2,4,3},{9,1,2,8,4,3,5,6,7},{4,7,3,2,5,6,8,9,1},{3,4,5,9,2,7,1,8,6},{1,9,7,3,6,5,0,0,0},{0,0,0,0,0,0,0,0,0},{0,0,0,0,0,0,0,0,0},{0,0,0,0,0,0,0,0,0},{0,0,0,0,0,0,0,0,0}}
]
11:54:21.875 [main] INFO  sudoku.model.SudokuBoard - Wartość 0 wstawiona nieprawidłowo
11:54:21.876 [main] INFO  sudoku.model.SudokuBoard - Bład w kwadracie 0
sudoku.model.SudokuBoard@2a484710[
  size=9
  solver=sudoku.model.BacktrackingSudokuSolver@661e1399
  board={{5,8,6,7,9,1,2,4,3},{9,1,2,8,4,3,5,6,7},{4,7,3,2,5,6,8,9,1},{3,4,5,9,2,7,1,8,6},{1,9,7,3,6,0,0,0,0},{0,0,0,0,0,0,0,0,0},{0,0,0,0,0,0,0,0,0},{0,0,0,0,0,0,0,0,0},{0,0,0,0,0,0,0,0,0}}
]
11:54:21.876 [main] INFO  sudoku.model.SudokuBoard - Wartość 0 wstawiona nieprawidłowo
11:54:21.877 [main] INFO  sudoku.model.SudokuBoard - Bład w kwadracie 0
sudoku.model.SudokuBoard@2a484710[
  size=9
  solver=sudoku.model.BacktrackingSudokuSolver@661e1399
  board={{5,8,6,7,9,1,2,4,3},{9,1,2,8,4,3,5,6,7},{4,7,3,2,5,6,8,9,1},{3,4,5,9,2,7,1,8,6},{1,9,7,3,6,8,4,5,2},{6,2,8,5,1,4,7,3,9},{2,3,9,1,7,5,0,0,0},{0,0,0,0,0,0,0,0,0},{0,0,0,0,0,0,0,0,0}}
]
11:54:21.877 [main] INFO  sudoku.model.SudokuBoard - Wartość 0 wstawiona nieprawidłowo
11:54:21.877 [main] INFO  sudoku.model.SudokuBoard - Bład w kwadracie 0
sudoku.model.SudokuBoard@2a484710[
  size=9
  solver=sudoku.model.BacktrackingSudokuSolver@661e1399
  board={{5,8,6,7,9,1,2,4,3},{9,1,2,8,4,3,5,6,7},{4,7,3,2,5,6,8,9,1},{3,4,5,9,2,7,1,8,6},{1,9,7,3,6,8,4,5,2},{6,2,8,5,1,4,7,3,9},{2,3,9,1,7,0,0,0,0},{0,0,0,0,0,0,0,0,0},{0,0,0,0,0,0,0,0,0}}
]
11:54:21.877 [main] INFO  sudoku.model.SudokuBoard - Wartość 0 wstawiona nieprawidłowo
11:54:21.877 [main] INFO  sudoku.model.SudokuBoard - Bład w kwadracie 0
sudoku.model.SudokuBoard@2a484710[
  size=9
  solver=sudoku.model.BacktrackingSudokuSolver@661e1399
  board={{5,8,6,7,9,1,2,4,3},{9,1,2,8,4,3,5,6,7},{4,7,3,2,5,6,8,9,1},{3,4,5,9,2,7,1,8,6},{1,9,7,3,6,8,4,5,2},{6,2,8,5,1,4,7,3,9},{2,3,9,1,0,0,0,0,0},{0,0,0,0,0,0,0,0,0},{0,0,0,0,0,0,0,0,0}}
]
11:54:21.877 [main] INFO  sudoku.model.SudokuBoard - Wartość 0 wstawiona nieprawidłowo
]]></system-out>
  </testcase>
</testsuite>