<?xml version="1.0" encoding="UTF-8"?>
<testsuite xmlns:xsi="http://www.w3.org/2001/XMLSchema-instance" xsi:noNamespaceSchemaLocation="https://maven.apache.org/surefire/maven-surefire-plugin/xsd/surefire-test-report-3.0.xsd" version="3.0" name="sudoku.model.SeriesTest" time="0.39" tests="5" errors="0" skipped="0" failures="0">
  <properties>
    <property name="java.specification.version" value="14"/>
    <property name="sun.cpu.isalist" value="amd64"/>
    <property name="sun.jnu.encoding" value="Cp1250"/>
    <property name="java.class.path" value="E:\studia\Sem-3\Programowanie komponentowe (07 72 3060 19)_pliki\ProjektKompo\an_pn_1145_03\Model\target\test-classes;C:\Users\maldo\.m2\repository\org\junit\jupiter\junit-jupiter-engine\5.6.2\junit-jupiter-engine-5.6.2.jar;C:\Users\maldo\.m2\repository\org\apiguardian\apiguardian-api\1.1.0\apiguardian-api-1.1.0.jar;C:\Users\maldo\.m2\repository\org\junit\platform\junit-platform-engine\1.6.2\junit-platform-engine-1.6.2.jar;C:\Users\maldo\.m2\repository\org\opentest4j\opentest4j\1.2.0\opentest4j-1.2.0.jar;C:\Users\maldo\.m2\repository\org\junit\platform\junit-platform-commons\1.6.2\junit-platform-commons-1.6.2.jar;C:\Users\maldo\.m2\repository\org\junit\jupiter\junit-jupiter-api\5.6.2\junit-jupiter-api-5.6.2.jar;C:\Users\maldo\.m2\repository\ch\qos\logback\logback-classic\1.1.7\logback-classic-1.1.7.jar;C:\Users\maldo\.m2\repository\ch\qos\logback\logback-core\1.1.7\logback-core-1.1.7.jar;C:\Users\maldo\.m2\repository\org\openjfx\javafx-controls\13\javafx-controls-13.jar;C:\Users\maldo\.m2\repository\org\openjfx\javafx-controls\13\javafx-controls-13-win.jar;C:\Users\maldo\.m2\repository\org\openjfx\javafx-graphics\13\javafx-graphics-13.jar;C:\Users\maldo\.m2\repository\org\openjfx\javafx-graphics\13\javafx-graphics-13-win.jar;C:\Users\maldo\.m2\repository\org\openjfx\javafx-base\13\javafx-base-13.jar;C:\Users\maldo\.m2\repository\org\openjfx\javafx-fxml\13\javafx-fxml-13.jar;C:\Users\maldo\.m2\repository\org\openjfx\javafx-fxml\13\javafx-fxml-13-win.jar;"/>
    <property name="java.vm.vendor" value="Oracle Corporation"/>
    <property name="sun.arch.data.model" value="64"/>
    <property name="user.variant" value=""/>
    <property name="java.vendor.url" value="https://java.oracle.com/"/>
    <property name="user.timezone" value="Europe/Warsaw"/>
    <property name="os.name" value="Windows 10"/>
    <property name="java.vm.specification.version" value="14"/>
    <property name="sun.java.launcher" value="SUN_STANDARD"/>
    <property name="user.country" value="PL"/>
    <property name="sun.boot.library.path" value="C:\Program Files\Java\jdk-14.0.2\bin"/>
    <property name="sun.java.command" value="org.apache.maven.surefire.booter.ForkedBooter C:\Users\maldo\AppData\Local\Temp\surefire13162482531846779101 2021-01-22T22-56-24_709-jvmRun1 surefire1245943980335588588tmp surefire_017693488092396896275tmp"/>
    <property name="jdk.debug" value="release"/>
    <property name="surefire.test.class.path" value="E:\studia\Sem-3\Programowanie komponentowe (07 72 3060 19)_pliki\ProjektKompo\an_pn_1145_03\Model\target\test-classes;C:\Users\maldo\.m2\repository\org\junit\jupiter\junit-jupiter-engine\5.6.2\junit-jupiter-engine-5.6.2.jar;C:\Users\maldo\.m2\repository\org\apiguardian\apiguardian-api\1.1.0\apiguardian-api-1.1.0.jar;C:\Users\maldo\.m2\repository\org\junit\platform\junit-platform-engine\1.6.2\junit-platform-engine-1.6.2.jar;C:\Users\maldo\.m2\repository\org\opentest4j\opentest4j\1.2.0\opentest4j-1.2.0.jar;C:\Users\maldo\.m2\repository\org\junit\platform\junit-platform-commons\1.6.2\junit-platform-commons-1.6.2.jar;C:\Users\maldo\.m2\repository\org\junit\jupiter\junit-jupiter-api\5.6.2\junit-jupiter-api-5.6.2.jar;C:\Users\maldo\.m2\repository\ch\qos\logback\logback-classic\1.1.7\logback-classic-1.1.7.jar;C:\Users\maldo\.m2\repository\ch\qos\logback\logback-core\1.1.7\logback-core-1.1.7.jar;C:\Users\maldo\.m2\repository\org\openjfx\javafx-controls\13\javafx-controls-13.jar;C:\Users\maldo\.m2\repository\org\openjfx\javafx-controls\13\javafx-controls-13-win.jar;C:\Users\maldo\.m2\repository\org\openjfx\javafx-graphics\13\javafx-graphics-13.jar;C:\Users\maldo\.m2\repository\org\openjfx\javafx-graphics\13\javafx-graphics-13-win.jar;C:\Users\maldo\.m2\repository\org\openjfx\javafx-base\13\javafx-base-13.jar;C:\Users\maldo\.m2\repository\org\openjfx\javafx-fxml\13\javafx-fxml-13.jar;C:\Users\maldo\.m2\repository\org\openjfx\javafx-fxml\13\javafx-fxml-13-win.jar;"/>
    <property name="sun.cpu.endian" value="little"/>
    <property name="user.home" value="C:\Users\maldo"/>
    <property name="user.language" value="pl"/>
    <property name="java.specification.vendor" value="Oracle Corporation"/>
    <property name="jdk.module.path" value="E:\studia\Sem-3\Programowanie komponentowe (07 72 3060 19)_pliki\ProjektKompo\an_pn_1145_03\Model\target\classes;C:\Users\maldo\.m2\repository\org\apache\commons\commons-lang3\3.11\commons-lang3-3.11.jar;C:\Users\maldo\.m2\repository\org\slf4j\slf4j-api\1.7.30\slf4j-api-1.7.30.jar;C:\Users\maldo\.m2\repository\org\openjfx\javafx-base\13\javafx-base-13-win.jar"/>
    <property name="java.version.date" value="2020-07-14"/>
    <property name="java.home" value="C:\Program Files\Java\jdk-14.0.2"/>
    <property name="file.separator" value="\"/>
    <property name="basedir" value="E:\studia\Sem-3\Programowanie komponentowe (07 72 3060 19)_pliki\ProjektKompo\an_pn_1145_03\Model"/>
    <property name="java.vm.compressedOopsMode" value="Zero based"/>
    <property name="line.separator" value="&#10;"/>
    <property name="java.vm.specification.vendor" value="Oracle Corporation"/>
    <property name="java.specification.name" value="Java Platform API Specification"/>
    <property name="surefire.real.class.path" value="C:\Users\maldo\.m2\repository\org\apache\maven\surefire\surefire-booter\3.0.0-M5\surefire-booter-3.0.0-M5.jar;C:\Users\maldo\.m2\repository\org\apache\maven\surefire\surefire-api\3.0.0-M5\surefire-api-3.0.0-M5.jar;C:\Users\maldo\.m2\repository\org\apache\maven\surefire\surefire-logger-api\3.0.0-M5\surefire-logger-api-3.0.0-M5.jar;C:\Users\maldo\.m2\repository\org\apache\maven\surefire\surefire-shared-utils\3.0.0-M4\surefire-shared-utils-3.0.0-M4.jar;C:\Users\maldo\.m2\repository\org\apache\maven\surefire\surefire-extensions-spi\3.0.0-M5\surefire-extensions-spi-3.0.0-M5.jar;E:\studia\Sem-3\Programowanie komponentowe (07 72 3060 19)_pliki\ProjektKompo\an_pn_1145_03\Model\target\test-classes;C:\Users\maldo\.m2\repository\org\junit\jupiter\junit-jupiter-engine\5.6.2\junit-jupiter-engine-5.6.2.jar;C:\Users\maldo\.m2\repository\org\apiguardian\apiguardian-api\1.1.0\apiguardian-api-1.1.0.jar;C:\Users\maldo\.m2\repository\org\junit\platform\junit-platform-engine\1.6.2\junit-platform-engine-1.6.2.jar;C:\Users\maldo\.m2\repository\org\opentest4j\opentest4j\1.2.0\opentest4j-1.2.0.jar;C:\Users\maldo\.m2\repository\org\junit\platform\junit-platform-commons\1.6.2\junit-platform-commons-1.6.2.jar;C:\Users\maldo\.m2\repository\org\junit\jupiter\junit-jupiter-api\5.6.2\junit-jupiter-api-5.6.2.jar;C:\Users\maldo\.m2\repository\ch\qos\logback\logback-classic\1.1.7\logback-classic-1.1.7.jar;C:\Users\maldo\.m2\repository\ch\qos\logback\logback-core\1.1.7\logback-core-1.1.7.jar;C:\Users\maldo\.m2\repository\org\openjfx\javafx-controls\13\javafx-controls-13.jar;C:\Users\maldo\.m2\repository\org\openjfx\javafx-controls\13\javafx-controls-13-win.jar;C:\Users\maldo\.m2\repository\org\openjfx\javafx-graphics\13\javafx-graphics-13.jar;C:\Users\maldo\.m2\repository\org\openjfx\javafx-graphics\13\javafx-graphics-13-win.jar;C:\Users\maldo\.m2\repository\org\openjfx\javafx-base\13\javafx-base-13.jar;C:\Users\maldo\.m2\repository\org\openjfx\javafx-fxml\13\javafx-fxml-13.jar;C:\Users\maldo\.m2\repository\org\openjfx\javafx-fxml\13\javafx-fxml-13-win.jar;C:\Users\maldo\.m2\repository\org\apache\maven\surefire\surefire-junit-platform\3.0.0-M5\surefire-junit-platform-3.0.0-M5.jar;C:\Users\maldo\.m2\repository\org\apache\maven\surefire\common-java5\3.0.0-M5\common-java5-3.0.0-M5.jar;C:\Users\maldo\.m2\repository\org\junit\platform\junit-platform-launcher\1.6.2\junit-platform-launcher-1.6.2.jar"/>
    <property name="user.script" value=""/>
    <property name="sun.management.compiler" value="HotSpot 64-Bit Tiered Compilers"/>
    <property name="java.runtime.version" value="14.0.2+12-46"/>
    <property name="user.name" value="maldo"/>
    <property name="path.separator" value=";"/>
    <property name="os.version" value="10.0"/>
    <property name="java.runtime.name" value="Java(TM) SE Runtime Environment"/>
    <property name="file.encoding" value="Cp1250"/>
    <property name="java.vm.name" value="Java HotSpot(TM) 64-Bit Server VM"/>
    <property name="localRepository" value="C:\Users\maldo\.m2\repository"/>
    <property name="java.vendor.url.bug" value="https://bugreport.java.com/bugreport/"/>
    <property name="java.io.tmpdir" value="C:\Users\maldo\AppData\Local\Temp\"/>
    <property name="idea.version" value="2020.2.3"/>
    <property name="java.version" value="14.0.2"/>
    <property name="user.dir" value="E:\studia\Sem-3\Programowanie komponentowe (07 72 3060 19)_pliki\ProjektKompo\an_pn_1145_03\Model"/>
    <property name="os.arch" value="amd64"/>
    <property name="java.vm.specification.name" value="Java Virtual Machine Specification"/>
    <property name="sun.os.patch.level" value=""/>
    <property name="java.library.path" value="C:\Program Files\Java\jdk-14.0.2\bin;C:\WINDOWS\Sun\Java\bin;C:\WINDOWS\system32;C:\WINDOWS;C:\Program Files (x86)\Razer Chroma SDK\bin;C:\Program Files\Razer Chroma SDK\bin;C:\Python\Scripts\;C:\Python\;C:\Program Files (x86)\Intel\iCLS Client\;C:\Program Files\Intel\iCLS Client\;C:\Windows\system32;C:\Windows;C:\Windows\System32\Wbem;C:\Windows\System32\WindowsPowerShell\v1.0\;C:\Windows\System32\OpenSSH\;C:\Program Files (x86)\NVIDIA Corporation\PhysX\Common;C:\Program Files (x86)\Intel\Intel(R) Management Engine Components\DAL;C:\Program Files\Intel\Intel(R) Management Engine Components\DAL;C:\Program Files (x86)\Intel\Intel(R) Management Engine Components\IPT;C:\Program Files\Intel\Intel(R) Management Engine Components\IPT;C:\Program Files\Intel\WiFi\bin\;C:\Program Files\Common Files\Intel\WirelessCommon\;C:\Program Files (x86)\Windows Kits\8.1\Windows Performance Toolkit\;C:\Users\maldo\AppData\Local\Microsoft\WindowsApps;C:\Program Files\NVIDIA Corporation\NVIDIA NvDLISR;C:\Program Files (x86)\MKVToolNix;C:\WINDOWS\system32;C:\WINDOWS;C:\WINDOWS\System32\Wbem;C:\WINDOWS\System32\WindowsPowerShell\v1.0\;C:\WINDOWS\System32\OpenSSH\;E:\studia\Sem-3\Programowanie komponentowe (07 72 3060 19)_pliki\apache-maven-3.6.3\bin;C:\msys64\usr\bin;C:\Program Files\Java\jdk-14.0.2\bin;C:\Program Files (x86)\Calibre2\;C:\Users\maldo\AppData\Local\Microsoft\WindowsApps;C:\Program Files\Intel\WiFi\bin\;C:\Program Files\Common Files\Intel\WirelessCommon\;C:\Program Files\JetBrains\CLion 2019.3.3\bin;;C:\Users\maldo\AppData\Local\Programs\Microsoft VS Code\bin;C:\Users\maldo\AppData\Local\GitHubDesktop\bin;."/>
    <property name="java.vm.info" value="mixed mode"/>
    <property name="java.vendor" value="Oracle Corporation"/>
    <property name="java.vm.version" value="14.0.2+12-46"/>
    <property name="sun.io.unicode.encoding" value="UnicodeLittle"/>
    <property name="java.class.version" value="58.0"/>
  </properties>
  <testcase name="testEqualsDiffrent" classname="sudoku.model.SeriesTest" time="0.081">
    <system-out><![CDATA[22:56:28.644 [main] INFO  sudoku.model.SudokuBoard - Bład w kwadracie 0
sudoku.model.SudokuBoard@3bbb8c16[
  size=9
  solver=sudoku.model.BacktrackingSudokuSolver@73e1ecd0
  board={{1,8,4,9,2,7,3,5,6},{7,3,5,1,8,4,2,0,0},{0,0,0,0,0,0,0,0,0},{0,0,0,0,0,0,0,0,0},{0,0,0,0,0,0,0,0,0},{0,0,0,0,0,0,0,0,0},{0,0,0,0,0,0,0,0,0},{0,0,0,0,0,0,0,0,0},{0,0,0,0,0,0,0,0,0}}
]
22:56:28.644 [main] INFO  sudoku.model.SudokuBoard - Wartość 0 wstawiona nieprawidłowo
22:56:28.645 [main] INFO  sudoku.model.SudokuBoard - Bład w kwadracie 0
sudoku.model.SudokuBoard@3bbb8c16[
  size=9
  solver=sudoku.model.BacktrackingSudokuSolver@73e1ecd0
  board={{1,8,4,9,2,7,3,5,6},{7,3,5,1,8,4,0,0,0},{0,0,0,0,0,0,0,0,0},{0,0,0,0,0,0,0,0,0},{0,0,0,0,0,0,0,0,0},{0,0,0,0,0,0,0,0,0},{0,0,0,0,0,0,0,0,0},{0,0,0,0,0,0,0,0,0},{0,0,0,0,0,0,0,0,0}}
]
22:56:28.646 [main] INFO  sudoku.model.SudokuBoard - Wartość 0 wstawiona nieprawidłowo
22:56:28.647 [main] INFO  sudoku.model.SudokuBoard - Bład w kwadracie 0
sudoku.model.SudokuBoard@3bbb8c16[
  size=9
  solver=sudoku.model.BacktrackingSudokuSolver@73e1ecd0
  board={{1,8,4,9,2,7,3,5,6},{7,3,5,1,8,4,9,0,0},{0,0,0,0,0,0,0,0,0},{0,0,0,0,0,0,0,0,0},{0,0,0,0,0,0,0,0,0},{0,0,0,0,0,0,0,0,0},{0,0,0,0,0,0,0,0,0},{0,0,0,0,0,0,0,0,0},{0,0,0,0,0,0,0,0,0}}
]
22:56:28.647 [main] INFO  sudoku.model.SudokuBoard - Wartość 0 wstawiona nieprawidłowo
22:56:28.649 [main] INFO  sudoku.model.SudokuBoard - Bład w kwadracie 0
sudoku.model.SudokuBoard@3bbb8c16[
  size=9
  solver=sudoku.model.BacktrackingSudokuSolver@73e1ecd0
  board={{1,8,4,9,2,7,3,5,6},{7,3,5,1,8,4,0,0,0},{0,0,0,0,0,0,0,0,0},{0,0,0,0,0,0,0,0,0},{0,0,0,0,0,0,0,0,0},{0,0,0,0,0,0,0,0,0},{0,0,0,0,0,0,0,0,0},{0,0,0,0,0,0,0,0,0},{0,0,0,0,0,0,0,0,0}}
]
22:56:28.650 [main] INFO  sudoku.model.SudokuBoard - Wartość 0 wstawiona nieprawidłowo
22:56:28.651 [main] INFO  sudoku.model.SudokuBoard - Bład w kwadracie 0
sudoku.model.SudokuBoard@3bbb8c16[
  size=9
  solver=sudoku.model.BacktrackingSudokuSolver@73e1ecd0
  board={{1,8,4,9,2,7,3,5,6},{7,3,5,1,8,0,0,0,0},{0,0,0,0,0,0,0,0,0},{0,0,0,0,0,0,0,0,0},{0,0,0,0,0,0,0,0,0},{0,0,0,0,0,0,0,0,0},{0,0,0,0,0,0,0,0,0},{0,0,0,0,0,0,0,0,0},{0,0,0,0,0,0,0,0,0}}
]
22:56:28.652 [main] INFO  sudoku.model.SudokuBoard - Wartość 0 wstawiona nieprawidłowo
22:56:28.656 [main] INFO  sudoku.model.SudokuBoard - Bład w kwadracie 0
sudoku.model.SudokuBoard@3bbb8c16[
  size=9
  solver=sudoku.model.BacktrackingSudokuSolver@73e1ecd0
  board={{1,8,4,9,2,7,3,5,6},{7,3,5,1,8,6,2,9,4},{2,6,9,4,3,5,7,8,1},{6,7,2,3,4,8,9,1,5},{9,1,8,2,0,0,0,0,0},{0,0,0,0,0,0,0,0,0},{0,0,0,0,0,0,0,0,0},{0,0,0,0,0,0,0,0,0},{0,0,0,0,0,0,0,0,0}}
]
22:56:28.656 [main] INFO  sudoku.model.SudokuBoard - Wartość 0 wstawiona nieprawidłowo
22:56:28.657 [main] INFO  sudoku.model.SudokuBoard - Bład w kwadracie 0
sudoku.model.SudokuBoard@3bbb8c16[
  size=9
  solver=sudoku.model.BacktrackingSudokuSolver@73e1ecd0
  board={{1,8,4,9,2,7,3,5,6},{7,3,5,1,8,6,2,9,4},{2,6,9,4,3,5,7,8,1},{6,7,2,3,4,8,9,1,5},{9,1,8,2,0,0,0,0,0},{0,0,0,0,0,0,0,0,0},{0,0,0,0,0,0,0,0,0},{0,0,0,0,0,0,0,0,0},{0,0,0,0,0,0,0,0,0}}
]
22:56:28.657 [main] INFO  sudoku.model.SudokuBoard - Wartość 0 wstawiona nieprawidłowo
22:56:28.659 [main] INFO  sudoku.model.SudokuBoard - Bład w kwadracie 0
sudoku.model.SudokuBoard@3bbb8c16[
  size=9
  solver=sudoku.model.BacktrackingSudokuSolver@73e1ecd0
  board={{1,8,4,9,2,7,3,5,6},{7,3,5,1,8,6,2,9,4},{2,6,9,4,3,5,7,8,1},{6,7,2,3,4,8,9,1,5},{9,1,8,2,0,0,0,0,0},{0,0,0,0,0,0,0,0,0},{0,0,0,0,0,0,0,0,0},{0,0,0,0,0,0,0,0,0},{0,0,0,0,0,0,0,0,0}}
]
22:56:28.659 [main] INFO  sudoku.model.SudokuBoard - Wartość 0 wstawiona nieprawidłowo
22:56:28.660 [main] INFO  sudoku.model.SudokuBoard - Bład w kwadracie 0
sudoku.model.SudokuBoard@3bbb8c16[
  size=9
  solver=sudoku.model.BacktrackingSudokuSolver@73e1ecd0
  board={{1,8,4,9,2,7,3,5,6},{7,3,5,1,8,6,2,9,4},{2,6,9,4,3,5,7,8,1},{6,7,2,3,4,8,9,1,5},{9,1,8,0,0,0,0,0,0},{0,0,0,0,0,0,0,0,0},{0,0,0,0,0,0,0,0,0},{0,0,0,0,0,0,0,0,0},{0,0,0,0,0,0,0,0,0}}
]
22:56:28.660 [main] INFO  sudoku.model.SudokuBoard - Wartość 0 wstawiona nieprawidłowo
22:56:28.663 [main] INFO  sudoku.model.SudokuBoard - Bład w kwadracie 0
sudoku.model.SudokuBoard@3bbb8c16[
  size=9
  solver=sudoku.model.BacktrackingSudokuSolver@73e1ecd0
  board={{1,8,4,9,2,7,3,5,6},{7,3,5,1,8,6,2,9,4},{2,6,9,4,3,5,7,8,1},{6,7,2,3,4,8,9,1,5},{9,1,8,5,6,2,4,7,3},{3,0,0,0,0,0,0,0,0},{0,0,0,0,0,0,0,0,0},{0,0,0,0,0,0,0,0,0},{0,0,0,0,0,0,0,0,0}}
]
22:56:28.663 [main] INFO  sudoku.model.SudokuBoard - Wartość 0 wstawiona nieprawidłowo
22:56:28.664 [main] INFO  sudoku.model.SudokuBoard - Bład w kwadracie 0
sudoku.model.SudokuBoard@3bbb8c16[
  size=9
  solver=sudoku.model.BacktrackingSudokuSolver@73e1ecd0
  board={{1,8,4,9,2,7,3,5,6},{7,3,5,1,8,6,2,9,4},{2,6,9,4,3,5,7,8,1},{6,7,2,3,4,8,9,1,5},{9,1,8,5,6,2,4,7,3},{3,0,0,0,0,0,0,0,0},{0,0,0,0,0,0,0,0,0},{0,0,0,0,0,0,0,0,0},{0,0,0,0,0,0,0,0,0}}
]
22:56:28.664 [main] INFO  sudoku.model.SudokuBoard - Wartość 0 wstawiona nieprawidłowo
22:56:28.665 [main] INFO  sudoku.model.SudokuBoard - Bład w kwadracie 0
sudoku.model.SudokuBoard@3bbb8c16[
  size=9
  solver=sudoku.model.BacktrackingSudokuSolver@73e1ecd0
  board={{1,8,4,9,2,7,3,5,6},{7,3,5,1,8,6,2,9,4},{2,6,9,4,3,5,7,8,1},{6,7,2,3,4,8,9,1,5},{9,1,8,5,6,2,4,7,3},{0,0,0,0,0,0,0,0,0},{0,0,0,0,0,0,0,0,0},{0,0,0,0,0,0,0,0,0},{0,0,0,0,0,0,0,0,0}}
]
22:56:28.665 [main] INFO  sudoku.model.SudokuBoard - Wartość 0 wstawiona nieprawidłowo
22:56:28.665 [main] INFO  sudoku.model.SudokuBoard - Bład w kwadracie 0
sudoku.model.SudokuBoard@3bbb8c16[
  size=9
  solver=sudoku.model.BacktrackingSudokuSolver@73e1ecd0
  board={{1,8,4,9,2,7,3,5,6},{7,3,5,1,8,6,2,9,4},{2,6,9,4,3,5,7,8,1},{6,7,2,3,4,8,9,1,5},{9,1,8,5,6,2,4,7,3},{4,5,3,7,9,1,6,2,8},{8,9,7,2,5,3,1,0,0},{0,0,0,0,0,0,0,0,0},{0,0,0,0,0,0,0,0,0}}
]
22:56:28.666 [main] INFO  sudoku.model.SudokuBoard - Wartość 0 wstawiona nieprawidłowo
22:56:28.666 [main] INFO  sudoku.model.SudokuBoard - Bład w kwadracie 0
sudoku.model.SudokuBoard@3bbb8c16[
  size=9
  solver=sudoku.model.BacktrackingSudokuSolver@73e1ecd0
  board={{1,8,4,9,2,7,3,5,6},{7,3,5,1,8,6,2,9,4},{2,6,9,4,3,5,7,8,1},{6,7,2,3,4,8,9,1,5},{9,1,8,5,6,2,4,7,3},{4,5,3,7,9,1,6,2,8},{8,9,7,2,5,3,1,0,0},{0,0,0,0,0,0,0,0,0},{0,0,0,0,0,0,0,0,0}}
]
22:56:28.666 [main] INFO  sudoku.model.SudokuBoard - Wartość 0 wstawiona nieprawidłowo
22:56:28.667 [main] INFO  sudoku.model.SudokuBoard - Bład w kwadracie 0
sudoku.model.SudokuBoard@3bbb8c16[
  size=9
  solver=sudoku.model.BacktrackingSudokuSolver@73e1ecd0
  board={{1,8,4,9,2,7,3,5,6},{7,3,5,1,8,6,2,9,4},{2,6,9,4,3,5,7,8,1},{6,7,2,3,4,8,9,1,5},{9,1,8,5,6,2,4,7,3},{4,5,3,7,9,1,6,2,8},{8,9,7,2,5,3,0,0,0},{0,0,0,0,0,0,0,0,0},{0,0,0,0,0,0,0,0,0}}
]
22:56:28.667 [main] INFO  sudoku.model.SudokuBoard - Wartość 0 wstawiona nieprawidłowo
22:56:28.667 [main] INFO  sudoku.model.SudokuBoard - Bład w kwadracie 0
sudoku.model.SudokuBoard@3bbb8c16[
  size=9
  solver=sudoku.model.BacktrackingSudokuSolver@73e1ecd0
  board={{1,8,4,9,2,7,3,5,6},{7,3,5,1,8,6,2,9,4},{2,6,9,4,3,5,7,8,1},{6,7,2,3,4,8,9,1,5},{9,1,8,5,6,2,4,7,3},{4,5,3,7,9,1,6,2,8},{8,9,7,2,5,0,0,0,0},{0,0,0,0,0,0,0,0,0},{0,0,0,0,0,0,0,0,0}}
]
22:56:28.667 [main] INFO  sudoku.model.SudokuBoard - Wartość 0 wstawiona nieprawidłowo
22:56:28.668 [main] INFO  sudoku.model.SudokuBoard - Bład w kwadracie 0
sudoku.model.SudokuBoard@3bbb8c16[
  size=9
  solver=sudoku.model.BacktrackingSudokuSolver@73e1ecd0
  board={{1,8,4,9,2,7,3,5,6},{7,3,5,1,8,6,2,9,4},{2,6,9,4,3,5,7,8,1},{6,7,2,3,4,8,9,1,5},{9,1,8,5,6,2,4,7,3},{4,5,3,7,9,1,6,2,8},{8,9,7,2,5,4,1,0,0},{0,0,0,0,0,0,0,0,0},{0,0,0,0,0,0,0,0,0}}
]
22:56:28.668 [main] INFO  sudoku.model.SudokuBoard - Wartość 0 wstawiona nieprawidłowo
22:56:28.669 [main] INFO  sudoku.model.SudokuBoard - Bład w kwadracie 0
sudoku.model.SudokuBoard@3bbb8c16[
  size=9
  solver=sudoku.model.BacktrackingSudokuSolver@73e1ecd0
  board={{1,8,4,9,2,7,3,5,6},{7,3,5,1,8,6,2,9,4},{2,6,9,4,3,5,7,8,1},{6,7,2,3,4,8,9,1,5},{9,1,8,5,6,2,4,7,3},{4,5,3,7,9,1,6,2,8},{8,9,7,2,5,4,1,0,0},{0,0,0,0,0,0,0,0,0},{0,0,0,0,0,0,0,0,0}}
]
22:56:28.669 [main] INFO  sudoku.model.SudokuBoard - Wartość 0 wstawiona nieprawidłowo
22:56:28.669 [main] INFO  sudoku.model.SudokuBoard - Bład w kwadracie 0
sudoku.model.SudokuBoard@3bbb8c16[
  size=9
  solver=sudoku.model.BacktrackingSudokuSolver@73e1ecd0
  board={{1,8,4,9,2,7,3,5,6},{7,3,5,1,8,6,2,9,4},{2,6,9,4,3,5,7,8,1},{6,7,2,3,4,8,9,1,5},{9,1,8,5,6,2,4,7,3},{4,5,3,7,9,1,6,2,8},{8,9,7,2,5,4,0,0,0},{0,0,0,0,0,0,0,0,0},{0,0,0,0,0,0,0,0,0}}
]
22:56:28.669 [main] INFO  sudoku.model.SudokuBoard - Wartość 0 wstawiona nieprawidłowo
22:56:28.672 [main] INFO  sudoku.model.SudokuBoard - Bład w kwadracie 0
sudoku.model.SudokuBoard@3bbb8c16[
  size=9
  solver=sudoku.model.BacktrackingSudokuSolver@73e1ecd0
  board={{1,8,4,9,2,7,3,5,6},{7,3,5,1,8,6,2,9,4},{2,6,9,4,3,5,7,8,1},{6,7,2,3,4,8,9,1,5},{9,1,8,5,6,2,4,7,3},{4,5,3,7,9,1,6,2,8},{8,9,7,2,5,0,0,0,0},{0,0,0,0,0,0,0,0,0},{0,0,0,0,0,0,0,0,0}}
]
22:56:28.681 [main] INFO  sudoku.model.SudokuBoard - Wartość 0 wstawiona nieprawidłowo
22:56:28.683 [main] INFO  sudoku.model.SudokuBoard - Bład w kwadracie 0
sudoku.model.SudokuBoard@3bbb8c16[
  size=9
  solver=sudoku.model.BacktrackingSudokuSolver@73e1ecd0
  board={{1,8,4,9,2,7,3,5,6},{7,3,5,1,8,6,2,9,4},{2,6,9,4,3,5,7,8,1},{6,7,2,3,4,8,9,1,5},{9,1,8,5,6,2,4,7,3},{4,5,3,7,9,1,6,2,8},{8,9,7,2,0,0,0,0,0},{0,0,0,0,0,0,0,0,0},{0,0,0,0,0,0,0,0,0}}
]
22:56:28.683 [main] INFO  sudoku.model.SudokuBoard - Wartość 0 wstawiona nieprawidłowo
22:56:28.684 [main] INFO  sudoku.model.SudokuBoard - Bład w kwadracie 0
sudoku.model.SudokuBoard@3bbb8c16[
  size=9
  solver=sudoku.model.BacktrackingSudokuSolver@73e1ecd0
  board={{1,8,4,9,2,7,3,5,6},{7,3,5,1,8,6,2,9,4},{2,6,9,4,3,5,7,8,1},{6,7,2,3,4,8,9,1,5},{9,1,8,5,6,2,4,7,3},{4,5,3,7,9,1,6,2,8},{8,9,7,2,1,3,5,0,0},{0,0,0,0,0,0,0,0,0},{0,0,0,0,0,0,0,0,0}}
]
22:56:28.685 [main] INFO  sudoku.model.SudokuBoard - Wartość 0 wstawiona nieprawidłowo
22:56:28.685 [main] INFO  sudoku.model.SudokuBoard - Bład w kwadracie 0
sudoku.model.SudokuBoard@3bbb8c16[
  size=9
  solver=sudoku.model.BacktrackingSudokuSolver@73e1ecd0
  board={{1,8,4,9,2,7,3,5,6},{7,3,5,1,8,6,2,9,4},{2,6,9,4,3,5,7,8,1},{6,7,2,3,4,8,9,1,5},{9,1,8,5,6,2,4,7,3},{4,5,3,7,9,1,6,2,8},{8,9,7,2,1,3,5,0,0},{0,0,0,0,0,0,0,0,0},{0,0,0,0,0,0,0,0,0}}
]
22:56:28.686 [main] INFO  sudoku.model.SudokuBoard - Wartość 0 wstawiona nieprawidłowo
22:56:28.687 [main] INFO  sudoku.model.SudokuBoard - Bład w kwadracie 0
sudoku.model.SudokuBoard@3bbb8c16[
  size=9
  solver=sudoku.model.BacktrackingSudokuSolver@73e1ecd0
  board={{1,8,4,9,2,7,3,5,6},{7,3,5,1,8,6,2,9,4},{2,6,9,4,3,5,7,8,1},{6,7,2,3,4,8,9,1,5},{9,1,8,5,6,2,4,7,3},{4,5,3,7,9,1,6,2,8},{8,9,7,2,1,3,0,0,0},{0,0,0,0,0,0,0,0,0},{0,0,0,0,0,0,0,0,0}}
]
22:56:28.688 [main] INFO  sudoku.model.SudokuBoard - Wartość 0 wstawiona nieprawidłowo
22:56:28.690 [main] INFO  sudoku.model.SudokuBoard - Bład w kwadracie 0
sudoku.model.SudokuBoard@3bbb8c16[
  size=9
  solver=sudoku.model.BacktrackingSudokuSolver@73e1ecd0
  board={{1,8,4,9,2,7,3,5,6},{7,3,5,1,8,6,2,9,4},{2,6,9,4,3,5,7,8,1},{6,7,2,3,4,8,9,1,5},{9,1,8,5,6,2,4,7,3},{4,5,3,7,9,1,6,2,8},{8,9,7,2,1,0,0,0,0},{0,0,0,0,0,0,0,0,0},{0,0,0,0,0,0,0,0,0}}
]
22:56:28.691 [main] INFO  sudoku.model.SudokuBoard - Wartość 0 wstawiona nieprawidłowo
22:56:28.693 [main] INFO  sudoku.model.SudokuBoard - Bład w kwadracie 0
sudoku.model.SudokuBoard@3bbb8c16[
  size=9
  solver=sudoku.model.BacktrackingSudokuSolver@73e1ecd0
  board={{1,8,4,9,2,7,3,5,6},{7,3,5,1,8,6,2,9,4},{2,6,9,4,3,5,7,8,1},{6,7,2,3,4,8,9,1,5},{9,1,8,5,6,2,4,7,3},{4,5,3,7,9,1,6,2,8},{8,9,7,2,1,4,5,0,0},{0,0,0,0,0,0,0,0,0},{0,0,0,0,0,0,0,0,0}}
]
22:56:28.693 [main] INFO  sudoku.model.SudokuBoard - Wartość 0 wstawiona nieprawidłowo
22:56:28.694 [main] INFO  sudoku.model.SudokuBoard - Bład w kwadracie 0
sudoku.model.SudokuBoard@3bbb8c16[
  size=9
  solver=sudoku.model.BacktrackingSudokuSolver@73e1ecd0
  board={{1,8,4,9,2,7,3,5,6},{7,3,5,1,8,6,2,9,4},{2,6,9,4,3,5,7,8,1},{6,7,2,3,4,8,9,1,5},{9,1,8,5,6,2,4,7,3},{4,5,3,7,9,1,6,2,8},{8,9,7,2,1,4,5,0,0},{0,0,0,0,0,0,0,0,0},{0,0,0,0,0,0,0,0,0}}
]
22:56:28.694 [main] INFO  sudoku.model.SudokuBoard - Wartość 0 wstawiona nieprawidłowo
22:56:28.694 [main] INFO  sudoku.model.SudokuBoard - Bład w kwadracie 0
sudoku.model.SudokuBoard@3bbb8c16[
  size=9
  solver=sudoku.model.BacktrackingSudokuSolver@73e1ecd0
  board={{1,8,4,9,2,7,3,5,6},{7,3,5,1,8,6,2,9,4},{2,6,9,4,3,5,7,8,1},{6,7,2,3,4,8,9,1,5},{9,1,8,5,6,2,4,7,3},{4,5,3,7,9,1,6,2,8},{8,9,7,2,1,4,0,0,0},{0,0,0,0,0,0,0,0,0},{0,0,0,0,0,0,0,0,0}}
]
22:56:28.695 [main] INFO  sudoku.model.SudokuBoard - Wartość 0 wstawiona nieprawidłowo
22:56:28.696 [main] INFO  sudoku.model.SudokuBoard - Bład w kwadracie 0
sudoku.model.SudokuBoard@3bbb8c16[
  size=9
  solver=sudoku.model.BacktrackingSudokuSolver@73e1ecd0
  board={{1,8,4,9,2,7,3,5,6},{7,3,5,1,8,6,2,9,4},{2,6,9,4,3,5,7,8,1},{6,7,2,3,4,8,9,1,5},{9,1,8,5,6,2,4,7,3},{4,5,3,7,9,1,6,2,8},{8,9,7,2,1,0,0,0,0},{0,0,0,0,0,0,0,0,0},{0,0,0,0,0,0,0,0,0}}
]
22:56:28.696 [main] INFO  sudoku.model.SudokuBoard - Wartość 0 wstawiona nieprawidłowo
22:56:28.697 [main] INFO  sudoku.model.SudokuBoard - Bład w kwadracie 0
sudoku.model.SudokuBoard@3bbb8c16[
  size=9
  solver=sudoku.model.BacktrackingSudokuSolver@73e1ecd0
  board={{1,8,4,9,2,7,3,5,6},{7,3,5,1,8,6,2,9,4},{2,6,9,4,3,5,7,8,1},{6,7,2,3,4,8,9,1,5},{9,1,8,5,6,2,4,7,3},{4,5,3,7,9,1,6,2,8},{8,9,7,2,0,0,0,0,0},{0,0,0,0,0,0,0,0,0},{0,0,0,0,0,0,0,0,0}}
]
22:56:28.698 [main] INFO  sudoku.model.SudokuBoard - Wartość 0 wstawiona nieprawidłowo
22:56:28.698 [main] INFO  sudoku.model.SudokuBoard - Bład w kwadracie 0
sudoku.model.SudokuBoard@3bbb8c16[
  size=9
  solver=sudoku.model.BacktrackingSudokuSolver@73e1ecd0
  board={{1,8,4,9,2,7,3,5,6},{7,3,5,1,8,6,2,9,4},{2,6,9,4,3,5,7,8,1},{6,7,2,3,4,8,9,1,5},{9,1,8,5,6,2,4,7,3},{4,5,3,7,9,1,6,2,8},{8,9,7,0,0,0,0,0,0},{0,0,0,0,0,0,0,0,0},{0,0,0,0,0,0,0,0,0}}
]
22:56:28.699 [main] INFO  sudoku.model.SudokuBoard - Wartość 0 wstawiona nieprawidłowo
22:56:28.700 [main] INFO  sudoku.model.SudokuBoard - Bład w kwadracie 0
sudoku.model.SudokuBoard@3bbb8c16[
  size=9
  solver=sudoku.model.BacktrackingSudokuSolver@73e1ecd0
  board={{1,8,4,9,2,7,3,5,6},{7,3,5,1,8,6,2,9,4},{2,6,9,4,3,5,7,8,1},{6,7,2,3,4,8,9,1,5},{9,1,8,5,6,2,4,7,3},{4,5,3,7,9,1,6,2,8},{8,9,7,6,1,3,5,4,2},{5,2,1,8,7,0,0,0,0},{0,0,0,0,0,0,0,0,0}}
]
22:56:28.700 [main] INFO  sudoku.model.SudokuBoard - Wartość 0 wstawiona nieprawidłowo
22:56:28.704 [main] INFO  sudoku.model.SudokuBoard - Bład w kwadracie 0
sudoku.model.SudokuBoard@3bbb8c16[
  size=9
  solver=sudoku.model.BacktrackingSudokuSolver@73e1ecd0
  board={{1,8,4,9,2,7,3,5,6},{7,3,5,1,8,6,2,9,4},{2,6,9,4,3,5,7,8,1},{6,7,2,3,4,8,9,1,5},{9,1,8,5,6,2,4,7,3},{4,5,3,7,9,1,6,2,8},{8,9,7,6,1,3,5,4,2},{5,2,1,8,7,0,0,0,0},{0,0,0,0,0,0,0,0,0}}
]
22:56:28.704 [main] INFO  sudoku.model.SudokuBoard - Wartość 0 wstawiona nieprawidłowo
22:56:28.705 [main] INFO  sudoku.model.SudokuBoard - Bład w kwadracie 0
sudoku.model.SudokuBoard@3bbb8c16[
  size=9
  solver=sudoku.model.BacktrackingSudokuSolver@73e1ecd0
  board={{1,8,4,9,2,7,3,5,6},{7,3,5,1,8,6,2,9,4},{2,6,9,4,3,5,7,8,1},{6,7,2,3,4,8,9,1,5},{9,1,8,5,6,2,4,7,3},{4,5,3,7,9,1,6,2,8},{8,9,7,6,1,3,5,4,2},{5,2,1,8,0,0,0,0,0},{0,0,0,0,0,0,0,0,0}}
]
22:56:28.705 [main] INFO  sudoku.model.SudokuBoard - Wartość 0 wstawiona nieprawidłowo
22:56:28.706 [main] INFO  sudoku.model.SudokuBoard - Bład w kwadracie 0
sudoku.model.SudokuBoard@3bbb8c16[
  size=9
  solver=sudoku.model.BacktrackingSudokuSolver@73e1ecd0
  board={{1,8,4,9,2,7,3,5,6},{7,3,5,1,8,6,2,9,4},{2,6,9,4,3,5,7,8,1},{6,7,2,3,4,8,9,1,5},{9,1,8,5,6,2,4,7,3},{4,5,3,7,9,1,6,2,8},{8,9,7,6,1,3,5,4,2},{5,2,1,0,0,0,0,0,0},{0,0,0,0,0,0,0,0,0}}
]
22:56:28.706 [main] INFO  sudoku.model.SudokuBoard - Wartość 0 wstawiona nieprawidłowo
22:56:28.707 [main] INFO  sudoku.model.SudokuBoard - Bład w kwadracie 0
sudoku.model.SudokuBoard@3bbb8c16[
  size=9
  solver=sudoku.model.BacktrackingSudokuSolver@73e1ecd0
  board={{1,8,4,9,2,7,3,5,6},{7,3,5,1,8,6,2,9,4},{2,6,9,4,3,5,7,8,1},{6,7,2,3,4,8,9,1,5},{9,1,8,5,6,2,4,7,3},{4,5,3,7,9,1,6,2,8},{8,9,7,6,1,3,5,4,2},{5,2,0,0,0,0,0,0,0},{0,0,0,0,0,0,0,0,0}}
]
22:56:28.707 [main] INFO  sudoku.model.SudokuBoard - Wartość 0 wstawiona nieprawidłowo
22:56:28.708 [main] INFO  sudoku.model.SudokuBoard - Bład w kwadracie 0
sudoku.model.SudokuBoard@3bbb8c16[
  size=9
  solver=sudoku.model.BacktrackingSudokuSolver@73e1ecd0
  board={{1,8,4,9,2,7,3,5,6},{7,3,5,1,8,6,2,9,4},{2,6,9,4,3,5,7,8,1},{6,7,2,3,4,8,9,1,5},{9,1,8,5,6,2,4,7,3},{4,5,3,7,9,1,6,2,8},{8,9,7,6,1,3,5,4,2},{5,2,6,8,7,9,1,0,0},{0,0,0,0,0,0,0,0,0}}
]
22:56:28.709 [main] INFO  sudoku.model.SudokuBoard - Wartość 0 wstawiona nieprawidłowo
22:56:28.709 [main] INFO  sudoku.model.SudokuBoard - Bład w kwadracie 0
sudoku.model.SudokuBoard@3bbb8c16[
  size=9
  solver=sudoku.model.BacktrackingSudokuSolver@73e1ecd0
  board={{1,8,4,9,2,7,3,5,6},{7,3,5,1,8,6,2,9,4},{2,6,9,4,3,5,7,8,1},{6,7,2,3,4,8,9,1,5},{9,1,8,5,6,2,4,7,3},{4,5,3,7,9,1,6,2,8},{8,9,7,6,1,3,5,4,2},{5,2,6,8,7,9,0,0,0},{0,0,0,0,0,0,0,0,0}}
]
22:56:28.709 [main] INFO  sudoku.model.SudokuBoard - Wartość 0 wstawiona nieprawidłowo
22:56:28.710 [main] INFO  sudoku.model.SudokuBoard - Bład w kwadracie 0
sudoku.model.SudokuBoard@3bbb8c16[
  size=9
  solver=sudoku.model.BacktrackingSudokuSolver@73e1ecd0
  board={{1,8,4,9,2,7,3,5,6},{7,3,5,1,8,6,2,9,4},{2,6,9,4,3,5,7,8,1},{6,7,2,3,4,8,9,1,5},{9,1,8,5,6,2,4,7,3},{4,5,3,7,9,1,6,2,8},{8,9,7,6,1,3,5,4,2},{5,2,6,8,7,0,0,0,0},{0,0,0,0,0,0,0,0,0}}
]
22:56:28.710 [main] INFO  sudoku.model.SudokuBoard - Wartość 0 wstawiona nieprawidłowo
22:56:28.711 [main] INFO  sudoku.model.SudokuBoard - Bład w kwadracie 0
sudoku.model.SudokuBoard@736b21ee[
  size=9
  solver=sudoku.model.BacktrackingSudokuSolver@60deefed
  board={{7,1,3,6,9,8,2,4,5},{6,4,5,1,3,7,8,0,0},{0,0,0,0,0,0,0,0,0},{0,0,0,0,0,0,0,0,0},{0,0,0,0,0,0,0,0,0},{0,0,0,0,0,0,0,0,0},{0,0,0,0,0,0,0,0,0},{0,0,0,0,0,0,0,0,0},{0,0,0,0,0,0,0,0,0}}
]
22:56:28.713 [main] INFO  sudoku.model.SudokuBoard - Wartość 0 wstawiona nieprawidłowo
22:56:28.714 [main] INFO  sudoku.model.SudokuBoard - Bład w kwadracie 0
sudoku.model.SudokuBoard@736b21ee[
  size=9
  solver=sudoku.model.BacktrackingSudokuSolver@60deefed
  board={{7,1,3,6,9,8,2,4,5},{6,4,5,1,3,7,0,0,0},{0,0,0,0,0,0,0,0,0},{0,0,0,0,0,0,0,0,0},{0,0,0,0,0,0,0,0,0},{0,0,0,0,0,0,0,0,0},{0,0,0,0,0,0,0,0,0},{0,0,0,0,0,0,0,0,0},{0,0,0,0,0,0,0,0,0}}
]
22:56:28.715 [main] INFO  sudoku.model.SudokuBoard - Wartość 0 wstawiona nieprawidłowo
22:56:28.715 [main] INFO  sudoku.model.SudokuBoard - Bład w kwadracie 0
sudoku.model.SudokuBoard@736b21ee[
  size=9
  solver=sudoku.model.BacktrackingSudokuSolver@60deefed
  board={{7,1,3,6,9,8,2,4,5},{6,4,5,1,3,7,9,0,0},{0,0,0,0,0,0,0,0,0},{0,0,0,0,0,0,0,0,0},{0,0,0,0,0,0,0,0,0},{0,0,0,0,0,0,0,0,0},{0,0,0,0,0,0,0,0,0},{0,0,0,0,0,0,0,0,0},{0,0,0,0,0,0,0,0,0}}
]
22:56:28.715 [main] INFO  sudoku.model.SudokuBoard - Wartość 0 wstawiona nieprawidłowo
22:56:28.715 [main] INFO  sudoku.model.SudokuBoard - Bład w kwadracie 0
sudoku.model.SudokuBoard@736b21ee[
  size=9
  solver=sudoku.model.BacktrackingSudokuSolver@60deefed
  board={{7,1,3,6,9,8,2,4,5},{6,4,5,1,3,7,0,0,0},{0,0,0,0,0,0,0,0,0},{0,0,0,0,0,0,0,0,0},{0,0,0,0,0,0,0,0,0},{0,0,0,0,0,0,0,0,0},{0,0,0,0,0,0,0,0,0},{0,0,0,0,0,0,0,0,0},{0,0,0,0,0,0,0,0,0}}
]
22:56:28.716 [main] INFO  sudoku.model.SudokuBoard - Wartość 0 wstawiona nieprawidłowo
22:56:28.716 [main] INFO  sudoku.model.SudokuBoard - Bład w kwadracie 0
sudoku.model.SudokuBoard@736b21ee[
  size=9
  solver=sudoku.model.BacktrackingSudokuSolver@60deefed
  board={{7,1,3,6,9,8,2,4,5},{6,4,5,1,3,0,0,0,0},{0,0,0,0,0,0,0,0,0},{0,0,0,0,0,0,0,0,0},{0,0,0,0,0,0,0,0,0},{0,0,0,0,0,0,0,0,0},{0,0,0,0,0,0,0,0,0},{0,0,0,0,0,0,0,0,0},{0,0,0,0,0,0,0,0,0}}
]
22:56:28.716 [main] INFO  sudoku.model.SudokuBoard - Wartość 0 wstawiona nieprawidłowo
22:56:28.718 [main] INFO  sudoku.model.SudokuBoard - Bład w kwadracie 0
sudoku.model.SudokuBoard@736b21ee[
  size=9
  solver=sudoku.model.BacktrackingSudokuSolver@60deefed
  board={{7,1,3,6,9,8,2,4,5},{6,4,5,1,3,2,7,8,9},{2,8,9,7,4,5,1,3,6},{5,3,1,8,2,6,9,7,4},{4,6,7,3,1,9,5,2,8},{8,9,2,4,5,7,6,1,3},{3,5,4,9,8,0,0,0,0},{0,0,0,0,0,0,0,0,0},{0,0,0,0,0,0,0,0,0}}
]
22:56:28.718 [main] INFO  sudoku.model.SudokuBoard - Wartość 0 wstawiona nieprawidłowo
22:56:28.718 [main] INFO  sudoku.model.SudokuBoard - Bład w kwadracie 0
sudoku.model.SudokuBoard@736b21ee[
  size=9
  solver=sudoku.model.BacktrackingSudokuSolver@60deefed
  board={{7,1,3,6,9,8,2,4,5},{6,4,5,1,3,2,7,8,9},{2,8,9,7,4,5,1,3,6},{5,3,1,8,2,6,9,7,4},{4,6,7,3,1,9,5,2,8},{8,9,2,4,5,7,6,1,3},{3,5,4,9,0,0,0,0,0},{0,0,0,0,0,0,0,0,0},{0,0,0,0,0,0,0,0,0}}
]
22:56:28.718 [main] INFO  sudoku.model.SudokuBoard - Wartość 0 wstawiona nieprawidłowo
22:56:28.719 [main] INFO  sudoku.model.SudokuBoard - Bład w kwadracie 0
sudoku.model.SudokuBoard@736b21ee[
  size=9
  solver=sudoku.model.BacktrackingSudokuSolver@60deefed
  board={{7,1,3,6,9,8,2,4,5},{6,4,5,1,3,2,7,8,9},{2,8,9,7,4,5,1,3,6},{5,3,1,8,2,6,9,7,4},{4,6,7,3,1,9,5,2,8},{8,9,2,4,5,7,6,1,3},{3,5,4,9,6,1,0,0,0},{0,0,0,0,0,0,0,0,0},{0,0,0,0,0,0,0,0,0}}
]
22:56:28.719 [main] INFO  sudoku.model.SudokuBoard - Wartość 0 wstawiona nieprawidłowo
22:56:28.719 [main] INFO  sudoku.model.SudokuBoard - Bład w kwadracie 0
sudoku.model.SudokuBoard@736b21ee[
  size=9
  solver=sudoku.model.BacktrackingSudokuSolver@60deefed
  board={{7,1,3,6,9,8,2,4,5},{6,4,5,1,3,2,7,8,9},{2,8,9,7,4,5,1,3,6},{5,3,1,8,2,6,9,7,4},{4,6,7,3,1,9,5,2,8},{8,9,2,4,5,7,6,1,3},{3,5,4,9,6,0,0,0,0},{0,0,0,0,0,0,0,0,0},{0,0,0,0,0,0,0,0,0}}
]
22:56:28.719 [main] INFO  sudoku.model.SudokuBoard - Wartość 0 wstawiona nieprawidłowo
22:56:28.720 [main] INFO  sudoku.model.SudokuBoard - Bład w kwadracie 0
sudoku.model.SudokuBoard@736b21ee[
  size=9
  solver=sudoku.model.BacktrackingSudokuSolver@60deefed
  board={{7,1,3,6,9,8,2,4,5},{6,4,5,1,3,2,7,8,9},{2,8,9,7,4,5,1,3,6},{5,3,1,8,2,6,9,7,4},{4,6,7,3,1,9,5,2,8},{8,9,2,4,5,7,6,1,3},{3,5,4,9,0,0,0,0,0},{0,0,0,0,0,0,0,0,0},{0,0,0,0,0,0,0,0,0}}
]
22:56:28.720 [main] INFO  sudoku.model.SudokuBoard - Wartość 0 wstawiona nieprawidłowo
]]></system-out>
  </testcase>
  <testcase name="testToString" classname="sudoku.model.SeriesTest" time="0.066">
    <system-out><![CDATA[22:56:28.733 [main] INFO  sudoku.model.SudokuBoard - Bład w kwadracie 0
sudoku.model.SudokuBoard@19526f1d[
  size=9
  solver=sudoku.model.BacktrackingSudokuSolver@3d1c933
  board={{8,9,2,6,4,7,1,3,5},{1,6,3,8,5,9,2,7,4},{4,7,5,1,2,3,6,8,9},{6,2,7,9,8,4,3,0,0},{0,0,0,0,0,0,0,0,0},{0,0,0,0,0,0,0,0,0},{0,0,0,0,0,0,0,0,0},{0,0,0,0,0,0,0,0,0},{0,0,0,0,0,0,0,0,0}}
]
22:56:28.737 [main] INFO  sudoku.model.SudokuBoard - Wartość 0 wstawiona nieprawidłowo
22:56:28.739 [main] INFO  sudoku.model.SudokuBoard - Bład w kwadracie 0
sudoku.model.SudokuBoard@19526f1d[
  size=9
  solver=sudoku.model.BacktrackingSudokuSolver@3d1c933
  board={{8,9,2,6,4,7,1,3,5},{1,6,3,8,5,9,2,7,4},{4,7,5,1,2,3,6,8,9},{6,2,7,9,8,4,3,5,1},{5,1,8,3,6,2,4,9,7},{3,4,9,5,0,0,0,0,0},{0,0,0,0,0,0,0,0,0},{0,0,0,0,0,0,0,0,0},{0,0,0,0,0,0,0,0,0}}
]
22:56:28.739 [main] INFO  sudoku.model.SudokuBoard - Wartość 0 wstawiona nieprawidłowo
22:56:28.742 [main] INFO  sudoku.model.SudokuBoard - Bład w kwadracie 0
sudoku.model.SudokuBoard@19526f1d[
  size=9
  solver=sudoku.model.BacktrackingSudokuSolver@3d1c933
  board={{8,9,2,6,4,7,1,3,5},{1,6,3,8,5,9,2,7,4},{4,7,5,1,2,3,6,8,9},{6,2,7,9,8,4,3,5,1},{5,1,8,3,6,2,4,9,7},{3,4,9,5,7,1,8,2,6},{7,8,1,4,9,0,0,0,0},{0,0,0,0,0,0,0,0,0},{0,0,0,0,0,0,0,0,0}}
]
22:56:28.742 [main] INFO  sudoku.model.SudokuBoard - Wartość 0 wstawiona nieprawidłowo
22:56:28.742 [main] INFO  sudoku.model.SudokuBoard - Bład w kwadracie 0
sudoku.model.SudokuBoard@19526f1d[
  size=9
  solver=sudoku.model.BacktrackingSudokuSolver@3d1c933
  board={{8,9,2,6,4,7,1,3,5},{1,6,3,8,5,9,2,7,4},{4,7,5,1,2,3,6,8,9},{6,2,7,9,8,4,3,5,1},{5,1,8,3,6,2,4,9,7},{3,4,9,5,7,1,8,2,6},{7,8,1,4,9,6,0,0,0},{0,0,0,0,0,0,0,0,0},{0,0,0,0,0,0,0,0,0}}
]
22:56:28.743 [main] INFO  sudoku.model.SudokuBoard - Wartość 0 wstawiona nieprawidłowo
22:56:28.756 [main] INFO  sudoku.model.SudokuBoard - Bład w kwadracie 0
sudoku.model.SudokuBoard@19526f1d[
  size=9
  solver=sudoku.model.BacktrackingSudokuSolver@3d1c933
  board={{8,9,2,6,4,7,1,3,5},{1,6,3,8,5,9,2,7,4},{4,7,5,1,2,3,6,8,9},{6,2,7,9,8,4,3,5,1},{5,1,8,3,6,2,4,9,7},{3,4,9,5,7,1,8,2,6},{7,8,1,4,9,0,0,0,0},{0,0,0,0,0,0,0,0,0},{0,0,0,0,0,0,0,0,0}}
]
22:56:28.756 [main] INFO  sudoku.model.SudokuBoard - Wartość 0 wstawiona nieprawidłowo
22:56:28.757 [main] INFO  sudoku.model.SudokuBoard - Bład w kwadracie 0
sudoku.model.SudokuBoard@19526f1d[
  size=9
  solver=sudoku.model.BacktrackingSudokuSolver@3d1c933
  board={{8,9,2,6,4,7,1,3,5},{1,6,3,8,5,9,2,7,4},{4,7,5,1,2,3,6,8,9},{6,2,7,9,8,4,3,5,1},{5,1,8,3,6,2,4,9,7},{3,4,9,5,7,1,8,2,6},{7,8,1,4,0,0,0,0,0},{0,0,0,0,0,0,0,0,0},{0,0,0,0,0,0,0,0,0}}
]
22:56:28.757 [main] INFO  sudoku.model.SudokuBoard - Wartość 0 wstawiona nieprawidłowo
22:56:28.758 [main] INFO  sudoku.model.SudokuBoard - Bład w kwadracie 0
sudoku.model.SudokuBoard@19526f1d[
  size=9
  solver=sudoku.model.BacktrackingSudokuSolver@3d1c933
  board={{8,9,2,6,4,7,1,3,5},{1,6,3,8,5,9,2,7,4},{4,7,5,1,2,3,6,8,9},{6,2,7,9,8,4,3,5,1},{5,1,8,3,6,2,4,9,7},{3,4,9,5,7,1,8,2,6},{7,8,1,4,3,6,0,0,0},{0,0,0,0,0,0,0,0,0},{0,0,0,0,0,0,0,0,0}}
]
22:56:28.759 [main] INFO  sudoku.model.SudokuBoard - Wartość 0 wstawiona nieprawidłowo
22:56:28.760 [main] INFO  sudoku.model.SudokuBoard - Bład w kwadracie 0
sudoku.model.SudokuBoard@19526f1d[
  size=9
  solver=sudoku.model.BacktrackingSudokuSolver@3d1c933
  board={{8,9,2,6,4,7,1,3,5},{1,6,3,8,5,9,2,7,4},{4,7,5,1,2,3,6,8,9},{6,2,7,9,8,4,3,5,1},{5,1,8,3,6,2,4,9,7},{3,4,9,5,7,1,8,2,6},{7,8,1,4,3,6,0,0,0},{0,0,0,0,0,0,0,0,0},{0,0,0,0,0,0,0,0,0}}
]
22:56:28.762 [main] INFO  sudoku.model.SudokuBoard - Wartość 0 wstawiona nieprawidłowo
22:56:28.767 [main] INFO  sudoku.model.SudokuBoard - Bład w kwadracie 0
sudoku.model.SudokuBoard@19526f1d[
  size=9
  solver=sudoku.model.BacktrackingSudokuSolver@3d1c933
  board={{8,9,2,6,4,7,1,3,5},{1,6,3,8,5,9,2,7,4},{4,7,5,1,2,3,6,8,9},{6,2,7,9,8,4,3,5,1},{5,1,8,3,6,2,4,9,7},{3,4,9,5,7,1,8,2,6},{7,8,1,4,3,0,0,0,0},{0,0,0,0,0,0,0,0,0},{0,0,0,0,0,0,0,0,0}}
]
22:56:28.767 [main] INFO  sudoku.model.SudokuBoard - Wartość 0 wstawiona nieprawidłowo
22:56:28.768 [main] INFO  sudoku.model.SudokuBoard - Bład w kwadracie 0
sudoku.model.SudokuBoard@19526f1d[
  size=9
  solver=sudoku.model.BacktrackingSudokuSolver@3d1c933
  board={{8,9,2,6,4,7,1,3,5},{1,6,3,8,5,9,2,7,4},{4,7,5,1,2,3,6,8,9},{6,2,7,9,8,4,3,5,1},{5,1,8,3,6,2,4,9,7},{3,4,9,5,7,1,8,2,6},{7,8,1,4,3,5,9,6,2},{9,5,4,2,1,6,0,0,0},{0,0,0,0,0,0,0,0,0}}
]
22:56:28.768 [main] INFO  sudoku.model.SudokuBoard - Wartość 0 wstawiona nieprawidłowo
22:56:28.768 [main] INFO  sudoku.model.SudokuBoard - Bład w kwadracie 0
sudoku.model.SudokuBoard@19526f1d[
  size=9
  solver=sudoku.model.BacktrackingSudokuSolver@3d1c933
  board={{8,9,2,6,4,7,1,3,5},{1,6,3,8,5,9,2,7,4},{4,7,5,1,2,3,6,8,9},{6,2,7,9,8,4,3,5,1},{5,1,8,3,6,2,4,9,7},{3,4,9,5,7,1,8,2,6},{7,8,1,4,3,5,9,6,2},{9,5,4,2,1,0,0,0,0},{0,0,0,0,0,0,0,0,0}}
]
22:56:28.768 [main] INFO  sudoku.model.SudokuBoard - Wartość 0 wstawiona nieprawidłowo
22:56:28.769 [main] INFO  sudoku.model.SudokuBoard - Bład w kwadracie 0
sudoku.model.SudokuBoard@19526f1d[
  size=9
  solver=sudoku.model.BacktrackingSudokuSolver@3d1c933
  board={{8,9,2,6,4,7,1,3,5},{1,6,3,8,5,9,2,7,4},{4,7,5,1,2,3,6,8,9},{6,2,7,9,8,4,3,5,1},{5,1,8,3,6,2,4,9,7},{3,4,9,5,7,1,8,2,6},{7,8,1,4,3,5,9,6,2},{9,5,4,2,1,8,0,0,0},{0,0,0,0,0,0,0,0,0}}
]
22:56:28.770 [main] INFO  sudoku.model.SudokuBoard - Wartość 0 wstawiona nieprawidłowo
22:56:28.783 [main] INFO  sudoku.model.SudokuBoard - Bład w kwadracie 0
sudoku.model.SudokuBoard@19526f1d[
  size=9
  solver=sudoku.model.BacktrackingSudokuSolver@3d1c933
  board={{8,9,2,6,4,7,1,3,5},{1,6,3,8,5,9,2,7,4},{4,7,5,1,2,3,6,8,9},{6,2,7,9,8,4,3,5,1},{5,1,8,3,6,2,4,9,7},{3,4,9,5,7,1,8,2,6},{7,8,1,4,3,5,9,6,2},{9,5,4,2,1,0,0,0,0},{0,0,0,0,0,0,0,0,0}}
]
22:56:28.784 [main] INFO  sudoku.model.SudokuBoard - Wartość 0 wstawiona nieprawidłowo
22:56:28.785 [main] INFO  sudoku.model.SudokuBoard - Bład w kwadracie 0
sudoku.model.SudokuBoard@19526f1d[
  size=9
  solver=sudoku.model.BacktrackingSudokuSolver@3d1c933
  board={{8,9,2,6,4,7,1,3,5},{1,6,3,8,5,9,2,7,4},{4,7,5,1,2,3,6,8,9},{6,2,7,9,8,4,3,5,1},{5,1,8,3,6,2,4,9,7},{3,4,9,5,7,1,8,2,6},{7,8,1,4,3,5,9,6,2},{9,5,4,2,0,0,0,0,0},{0,0,0,0,0,0,0,0,0}}
]
22:56:28.785 [main] INFO  sudoku.model.SudokuBoard - Wartość 0 wstawiona nieprawidłowo
22:56:28.786 [main] INFO  sudoku.model.SudokuBoard - Bład w kwadracie 0
sudoku.model.SudokuBoard@19526f1d[
  size=9
  solver=sudoku.model.BacktrackingSudokuSolver@3d1c933
  board={{8,9,2,6,4,7,1,3,5},{1,6,3,8,5,9,2,7,4},{4,7,5,1,2,3,6,8,9},{6,2,7,9,8,4,3,5,1},{5,1,8,3,6,2,4,9,7},{3,4,9,5,7,1,8,2,6},{7,8,1,4,3,5,9,6,2},{9,5,4,0,0,0,0,0,0},{0,0,0,0,0,0,0,0,0}}
]
22:56:28.787 [main] INFO  sudoku.model.SudokuBoard - Wartość 0 wstawiona nieprawidłowo
22:56:28.787 [main] INFO  sudoku.model.SudokuBoard - Bład w kwadracie 0
sudoku.model.SudokuBoard@19526f1d[
  size=9
  solver=sudoku.model.BacktrackingSudokuSolver@3d1c933
  board={{8,9,2,6,4,7,1,3,5},{1,6,3,8,5,9,2,7,4},{4,7,5,1,2,3,6,8,9},{6,2,7,9,8,4,3,5,1},{5,1,8,3,6,2,4,9,7},{3,4,9,5,7,1,8,2,6},{7,8,1,4,3,5,9,6,2},{9,5,4,7,1,0,0,0,0},{0,0,0,0,0,0,0,0,0}}
]
22:56:28.788 [main] INFO  sudoku.model.SudokuBoard - Wartość 0 wstawiona nieprawidłowo
22:56:28.788 [main] INFO  sudoku.model.SudokuBoard - Bład w kwadracie 0
sudoku.model.SudokuBoard@19526f1d[
  size=9
  solver=sudoku.model.BacktrackingSudokuSolver@3d1c933
  board={{8,9,2,6,4,7,1,3,5},{1,6,3,8,5,9,2,7,4},{4,7,5,1,2,3,6,8,9},{6,2,7,9,8,4,3,5,1},{5,1,8,3,6,2,4,9,7},{3,4,9,5,7,1,8,2,6},{7,8,1,4,3,5,9,6,2},{9,5,4,7,1,0,0,0,0},{0,0,0,0,0,0,0,0,0}}
]
22:56:28.788 [main] INFO  sudoku.model.SudokuBoard - Wartość 0 wstawiona nieprawidłowo
22:56:28.789 [main] INFO  sudoku.model.SudokuBoard - Bład w kwadracie 0
sudoku.model.SudokuBoard@19526f1d[
  size=9
  solver=sudoku.model.BacktrackingSudokuSolver@3d1c933
  board={{8,9,2,6,4,7,1,3,5},{1,6,3,8,5,9,2,7,4},{4,7,5,1,2,3,6,8,9},{6,2,7,9,8,4,3,5,1},{5,1,8,3,6,2,4,9,7},{3,4,9,5,7,1,8,2,6},{7,8,1,4,3,5,9,6,2},{9,5,4,7,0,0,0,0,0},{0,0,0,0,0,0,0,0,0}}
]
22:56:28.789 [main] INFO  sudoku.model.SudokuBoard - Wartość 0 wstawiona nieprawidłowo
22:56:28.790 [main] INFO  sudoku.model.SudokuBoard - Bład w kwadracie 0
sudoku.model.SudokuBoard@19526f1d[
  size=9
  solver=sudoku.model.BacktrackingSudokuSolver@3d1c933
  board={{8,9,2,6,4,7,1,3,5},{1,6,3,8,5,9,2,7,4},{4,7,5,1,2,3,6,8,9},{6,2,7,9,8,4,3,5,1},{5,1,8,3,6,2,4,9,7},{3,4,9,5,7,1,8,2,6},{7,8,1,4,3,5,9,6,2},{9,5,4,0,0,0,0,0,0},{0,0,0,0,0,0,0,0,0}}
]
22:56:28.792 [main] INFO  sudoku.model.SudokuBoard - Wartość 0 wstawiona nieprawidłowo
22:56:28.793 [main] INFO  sudoku.model.SudokuBoard - Bład w kwadracie 0
sudoku.model.SudokuBoard@19526f1d[
  size=9
  solver=sudoku.model.BacktrackingSudokuSolver@3d1c933
  board={{8,9,2,6,4,7,1,3,5},{1,6,3,8,5,9,2,7,4},{4,7,5,1,2,3,6,8,9},{6,2,7,9,8,4,3,5,1},{5,1,8,3,6,2,4,9,7},{3,4,9,5,7,1,8,2,6},{7,8,1,4,3,5,9,6,2},{9,5,0,0,0,0,0,0,0},{0,0,0,0,0,0,0,0,0}}
]
22:56:28.793 [main] INFO  sudoku.model.SudokuBoard - Wartość 0 wstawiona nieprawidłowo
22:56:28.793 [main] INFO  sudoku.model.SudokuBoard - Bład w kwadracie 0
sudoku.model.SudokuBoard@19526f1d[
  size=9
  solver=sudoku.model.BacktrackingSudokuSolver@3d1c933
  board={{8,9,2,6,4,7,1,3,5},{1,6,3,8,5,9,2,7,4},{4,7,5,1,2,3,6,8,9},{6,2,7,9,8,4,3,5,1},{5,1,8,3,6,2,4,9,7},{3,4,9,5,7,1,8,2,6},{7,8,1,4,3,5,9,6,2},{9,5,6,7,1,0,0,0,0},{0,0,0,0,0,0,0,0,0}}
]
22:56:28.795 [main] INFO  sudoku.model.SudokuBoard - Wartość 0 wstawiona nieprawidłowo
22:56:28.796 [main] INFO  sudoku.model.SudokuBoard - Bład w kwadracie 0
sudoku.model.SudokuBoard@19526f1d[
  size=9
  solver=sudoku.model.BacktrackingSudokuSolver@3d1c933
  board={{8,9,2,6,4,7,1,3,5},{1,6,3,8,5,9,2,7,4},{4,7,5,1,2,3,6,8,9},{6,2,7,9,8,4,3,5,1},{5,1,8,3,6,2,4,9,7},{3,4,9,5,7,1,8,2,6},{7,8,1,4,3,5,9,6,2},{9,5,6,7,0,0,0,0,0},{0,0,0,0,0,0,0,0,0}}
]
22:56:28.797 [main] INFO  sudoku.model.SudokuBoard - Wartość 0 wstawiona nieprawidłowo
22:56:28.797 [main] INFO  sudoku.model.SudokuBoard - Bład w kwadracie 0
sudoku.model.SudokuBoard@19526f1d[
  size=9
  solver=sudoku.model.BacktrackingSudokuSolver@3d1c933
  board={{8,9,2,6,4,7,1,3,5},{1,6,3,8,5,9,2,7,4},{4,7,5,1,2,3,6,8,9},{6,2,7,9,8,4,3,5,1},{5,1,8,3,6,2,4,9,7},{3,4,9,5,7,1,8,2,6},{7,8,1,4,3,5,9,6,2},{9,5,6,0,0,0,0,0,0},{0,0,0,0,0,0,0,0,0}}
]
22:56:28.797 [main] INFO  sudoku.model.SudokuBoard - Wartość 0 wstawiona nieprawidłowo
]]></system-out>
  </testcase>
  <testcase name="testEqualsDiffrentClass" classname="sudoku.model.SeriesTest" time="0.188">
    <system-out><![CDATA[22:56:28.808 [main] INFO  sudoku.model.SudokuBoard - Bład w kwadracie 0
sudoku.model.SudokuBoard@5c1b89ac[
  size=9
  solver=sudoku.model.BacktrackingSudokuSolver@40a1b6d4
  board={{1,2,4,5,6,9,7,3,8},{7,5,6,1,8,3,9,2,4},{8,3,9,7,2,4,1,5,6},{2,6,8,9,7,1,0,0,0},{0,0,0,0,0,0,0,0,0},{0,0,0,0,0,0,0,0,0},{0,0,0,0,0,0,0,0,0},{0,0,0,0,0,0,0,0,0},{0,0,0,0,0,0,0,0,0}}
]
22:56:28.808 [main] INFO  sudoku.model.SudokuBoard - Wartość 0 wstawiona nieprawidłowo
22:56:28.809 [main] INFO  sudoku.model.SudokuBoard - Bład w kwadracie 0
sudoku.model.SudokuBoard@5c1b89ac[
  size=9
  solver=sudoku.model.BacktrackingSudokuSolver@40a1b6d4
  board={{1,2,4,5,6,9,7,3,8},{7,5,6,1,8,3,9,2,4},{8,3,9,7,2,4,1,5,6},{2,6,8,9,7,1,5,4,3},{9,1,3,2,4,8,6,0,0},{0,0,0,0,0,0,0,0,0},{0,0,0,0,0,0,0,0,0},{0,0,0,0,0,0,0,0,0},{0,0,0,0,0,0,0,0,0}}
]
22:56:28.809 [main] INFO  sudoku.model.SudokuBoard - Wartość 0 wstawiona nieprawidłowo
22:56:28.810 [main] INFO  sudoku.model.SudokuBoard - Bład w kwadracie 0
sudoku.model.SudokuBoard@5c1b89ac[
  size=9
  solver=sudoku.model.BacktrackingSudokuSolver@40a1b6d4
  board={{1,2,4,5,6,9,7,3,8},{7,5,6,1,8,3,9,2,4},{8,3,9,7,2,4,1,5,6},{2,6,8,9,7,1,5,4,3},{9,1,3,2,4,8,0,0,0},{0,0,0,0,0,0,0,0,0},{0,0,0,0,0,0,0,0,0},{0,0,0,0,0,0,0,0,0},{0,0,0,0,0,0,0,0,0}}
]
22:56:28.810 [main] INFO  sudoku.model.SudokuBoard - Wartość 0 wstawiona nieprawidłowo
22:56:28.811 [main] INFO  sudoku.model.SudokuBoard - Bład w kwadracie 0
sudoku.model.SudokuBoard@5c1b89ac[
  size=9
  solver=sudoku.model.BacktrackingSudokuSolver@40a1b6d4
  board={{1,2,4,5,6,9,7,3,8},{7,5,6,1,8,3,9,2,4},{8,3,9,7,2,4,1,5,6},{2,6,8,9,7,1,5,4,3},{9,1,3,2,4,0,0,0,0},{0,0,0,0,0,0,0,0,0},{0,0,0,0,0,0,0,0,0},{0,0,0,0,0,0,0,0,0},{0,0,0,0,0,0,0,0,0}}
]
22:56:28.811 [main] INFO  sudoku.model.SudokuBoard - Wartość 0 wstawiona nieprawidłowo
22:56:28.811 [main] INFO  sudoku.model.SudokuBoard - Bład w kwadracie 0
sudoku.model.SudokuBoard@5c1b89ac[
  size=9
  solver=sudoku.model.BacktrackingSudokuSolver@40a1b6d4
  board={{1,2,4,5,6,9,7,3,8},{7,5,6,1,8,3,9,2,4},{8,3,9,7,2,4,1,5,6},{2,6,8,9,7,1,5,4,3},{9,1,3,2,4,5,6,0,0},{0,0,0,0,0,0,0,0,0},{0,0,0,0,0,0,0,0,0},{0,0,0,0,0,0,0,0,0},{0,0,0,0,0,0,0,0,0}}
]
22:56:28.811 [main] INFO  sudoku.model.SudokuBoard - Wartość 0 wstawiona nieprawidłowo
22:56:28.817 [main] INFO  sudoku.model.SudokuBoard - Bład w kwadracie 0
sudoku.model.SudokuBoard@5c1b89ac[
  size=9
  solver=sudoku.model.BacktrackingSudokuSolver@40a1b6d4
  board={{1,2,4,5,6,9,7,3,8},{7,5,6,1,8,3,9,2,4},{8,3,9,7,2,4,1,5,6},{2,6,8,9,7,1,5,4,3},{9,1,3,2,4,5,6,8,7},{4,7,5,8,3,6,2,9,1},{3,8,7,4,1,0,0,0,0},{0,0,0,0,0,0,0,0,0},{0,0,0,0,0,0,0,0,0}}
]
22:56:28.818 [main] INFO  sudoku.model.SudokuBoard - Wartość 0 wstawiona nieprawidłowo
22:56:28.819 [main] INFO  sudoku.model.SudokuBoard - Bład w kwadracie 0
sudoku.model.SudokuBoard@5c1b89ac[
  size=9
  solver=sudoku.model.BacktrackingSudokuSolver@40a1b6d4
  board={{1,2,4,5,6,9,7,3,8},{7,5,6,1,8,3,9,2,4},{8,3,9,7,2,4,1,5,6},{2,6,8,9,7,1,5,4,3},{9,1,3,2,4,5,6,8,7},{4,7,5,8,3,6,2,9,1},{3,8,7,4,0,0,0,0,0},{0,0,0,0,0,0,0,0,0},{0,0,0,0,0,0,0,0,0}}
]
22:56:28.819 [main] INFO  sudoku.model.SudokuBoard - Wartość 0 wstawiona nieprawidłowo
22:56:28.819 [main] INFO  sudoku.model.SudokuBoard - Bład w kwadracie 0
sudoku.model.SudokuBoard@5c1b89ac[
  size=9
  solver=sudoku.model.BacktrackingSudokuSolver@40a1b6d4
  board={{1,2,4,5,6,9,7,3,8},{7,5,6,1,8,3,9,2,4},{8,3,9,7,2,4,1,5,6},{2,6,8,9,7,1,5,4,3},{9,1,3,2,4,5,6,8,7},{4,7,5,8,3,6,2,9,1},{3,8,7,4,5,0,0,0,0},{0,0,0,0,0,0,0,0,0},{0,0,0,0,0,0,0,0,0}}
]
22:56:28.820 [main] INFO  sudoku.model.SudokuBoard - Wartość 0 wstawiona nieprawidłowo
22:56:28.820 [main] INFO  sudoku.model.SudokuBoard - Bład w kwadracie 0
sudoku.model.SudokuBoard@5c1b89ac[
  size=9
  solver=sudoku.model.BacktrackingSudokuSolver@40a1b6d4
  board={{1,2,4,5,6,9,7,3,8},{7,5,6,1,8,3,9,2,4},{8,3,9,7,2,4,1,5,6},{2,6,8,9,7,1,5,4,3},{9,1,3,2,4,5,6,8,7},{4,7,5,8,3,6,2,9,1},{3,8,7,4,0,0,0,0,0},{0,0,0,0,0,0,0,0,0},{0,0,0,0,0,0,0,0,0}}
]
22:56:28.820 [main] INFO  sudoku.model.SudokuBoard - Wartość 0 wstawiona nieprawidłowo
22:56:28.820 [main] INFO  sudoku.model.SudokuBoard - Bład w kwadracie 0
sudoku.model.SudokuBoard@5c1b89ac[
  size=9
  solver=sudoku.model.BacktrackingSudokuSolver@40a1b6d4
  board={{1,2,4,5,6,9,7,3,8},{7,5,6,1,8,3,9,2,4},{8,3,9,7,2,4,1,5,6},{2,6,8,9,7,1,5,4,3},{9,1,3,2,4,5,6,8,7},{4,7,5,8,3,6,2,9,1},{3,8,7,4,9,0,0,0,0},{0,0,0,0,0,0,0,0,0},{0,0,0,0,0,0,0,0,0}}
]
22:56:28.820 [main] INFO  sudoku.model.SudokuBoard - Wartość 0 wstawiona nieprawidłowo
22:56:28.821 [main] INFO  sudoku.model.SudokuBoard - Bład w kwadracie 0
sudoku.model.SudokuBoard@5c1b89ac[
  size=9
  solver=sudoku.model.BacktrackingSudokuSolver@40a1b6d4
  board={{1,2,4,5,6,9,7,3,8},{7,5,6,1,8,3,9,2,4},{8,3,9,7,2,4,1,5,6},{2,6,8,9,7,1,5,4,3},{9,1,3,2,4,5,6,8,7},{4,7,5,8,3,6,2,9,1},{3,8,7,4,0,0,0,0,0},{0,0,0,0,0,0,0,0,0},{0,0,0,0,0,0,0,0,0}}
]
22:56:28.821 [main] INFO  sudoku.model.SudokuBoard - Wartość 0 wstawiona nieprawidłowo
22:56:28.822 [main] INFO  sudoku.model.SudokuBoard - Bład w kwadracie 0
sudoku.model.SudokuBoard@5c1b89ac[
  size=9
  solver=sudoku.model.BacktrackingSudokuSolver@40a1b6d4
  board={{1,2,4,5,6,9,7,3,8},{7,5,6,1,8,3,9,2,4},{8,3,9,7,2,4,1,5,6},{2,6,8,9,7,1,5,4,3},{9,1,3,2,4,5,6,8,7},{4,7,5,8,3,6,2,9,1},{3,8,7,0,0,0,0,0,0},{0,0,0,0,0,0,0,0,0},{0,0,0,0,0,0,0,0,0}}
]
22:56:28.822 [main] INFO  sudoku.model.SudokuBoard - Wartość 0 wstawiona nieprawidłowo
22:56:28.822 [main] INFO  sudoku.model.SudokuBoard - Bład w kwadracie 0
sudoku.model.SudokuBoard@5c1b89ac[
  size=9
  solver=sudoku.model.BacktrackingSudokuSolver@40a1b6d4
  board={{1,2,4,5,6,9,7,3,8},{7,5,6,1,8,3,9,2,4},{8,3,9,7,2,4,1,5,6},{2,6,8,9,7,1,5,4,3},{9,1,3,2,4,5,6,8,7},{4,7,5,8,3,6,2,9,1},{3,8,7,6,1,2,0,0,0},{0,0,0,0,0,0,0,0,0},{0,0,0,0,0,0,0,0,0}}
]
22:56:28.823 [main] INFO  sudoku.model.SudokuBoard - Wartość 0 wstawiona nieprawidłowo
22:56:28.824 [main] INFO  sudoku.model.SudokuBoard - Bład w kwadracie 0
sudoku.model.SudokuBoard@5c1b89ac[
  size=9
  solver=sudoku.model.BacktrackingSudokuSolver@40a1b6d4
  board={{1,2,4,5,6,9,7,3,8},{7,5,6,1,8,3,9,2,4},{8,3,9,7,2,4,1,5,6},{2,6,8,9,7,1,5,4,3},{9,1,3,2,4,5,6,8,7},{4,7,5,8,3,6,2,9,1},{3,8,7,6,1,0,0,0,0},{0,0,0,0,0,0,0,0,0},{0,0,0,0,0,0,0,0,0}}
]
22:56:28.824 [main] INFO  sudoku.model.SudokuBoard - Wartość 0 wstawiona nieprawidłowo
22:56:28.825 [main] INFO  sudoku.model.SudokuBoard - Bład w kwadracie 0
sudoku.model.SudokuBoard@5c1b89ac[
  size=9
  solver=sudoku.model.BacktrackingSudokuSolver@40a1b6d4
  board={{1,2,4,5,6,9,7,3,8},{7,5,6,1,8,3,9,2,4},{8,3,9,7,2,4,1,5,6},{2,6,8,9,7,1,5,4,3},{9,1,3,2,4,5,6,8,7},{4,7,5,8,3,6,2,9,1},{3,8,7,6,0,0,0,0,0},{0,0,0,0,0,0,0,0,0},{0,0,0,0,0,0,0,0,0}}
]
22:56:28.825 [main] INFO  sudoku.model.SudokuBoard - Wartość 0 wstawiona nieprawidłowo
22:56:28.827 [main] INFO  sudoku.model.SudokuBoard - Bład w kwadracie 0
sudoku.model.SudokuBoard@5c1b89ac[
  size=9
  solver=sudoku.model.BacktrackingSudokuSolver@40a1b6d4
  board={{1,2,4,5,6,9,7,3,8},{7,5,6,1,8,3,9,2,4},{8,3,9,7,2,4,1,5,6},{2,6,8,9,7,1,5,4,3},{9,1,3,2,4,5,6,8,7},{4,7,5,8,3,6,2,9,1},{3,8,7,6,5,2,4,1,9},{5,9,1,0,0,0,0,0,0},{0,0,0,0,0,0,0,0,0}}
]
22:56:28.828 [main] INFO  sudoku.model.SudokuBoard - Wartość 0 wstawiona nieprawidłowo
22:56:28.830 [main] INFO  sudoku.model.SudokuBoard - Bład w kwadracie 0
sudoku.model.SudokuBoard@5c1b89ac[
  size=9
  solver=sudoku.model.BacktrackingSudokuSolver@40a1b6d4
  board={{1,2,4,5,6,9,7,3,8},{7,5,6,1,8,3,9,2,4},{8,3,9,7,2,4,1,5,6},{2,6,8,9,7,1,5,4,3},{9,1,3,2,4,5,6,8,7},{4,7,5,8,3,6,2,9,1},{3,8,7,6,5,2,4,1,9},{5,9,1,0,0,0,0,0,0},{0,0,0,0,0,0,0,0,0}}
]
22:56:28.844 [main] INFO  sudoku.model.SudokuBoard - Wartość 0 wstawiona nieprawidłowo
22:56:28.852 [main] INFO  sudoku.model.SudokuBoard - Bład w kwadracie 0
sudoku.model.SudokuBoard@5c1b89ac[
  size=9
  solver=sudoku.model.BacktrackingSudokuSolver@40a1b6d4
  board={{1,2,4,5,6,9,7,3,8},{7,5,6,1,8,3,9,2,4},{8,3,9,7,2,4,1,5,6},{2,6,8,9,7,1,5,4,3},{9,1,3,2,4,5,6,8,7},{4,7,5,8,3,6,2,9,1},{3,8,7,6,5,2,4,1,9},{5,9,0,0,0,0,0,0,0},{0,0,0,0,0,0,0,0,0}}
]
22:56:28.853 [main] INFO  sudoku.model.SudokuBoard - Wartość 0 wstawiona nieprawidłowo
22:56:28.854 [main] INFO  sudoku.model.SudokuBoard - Bład w kwadracie 0
sudoku.model.SudokuBoard@5c1b89ac[
  size=9
  solver=sudoku.model.BacktrackingSudokuSolver@40a1b6d4
  board={{1,2,4,5,6,9,7,3,8},{7,5,6,1,8,3,9,2,4},{8,3,9,7,2,4,1,5,6},{2,6,8,9,7,1,5,4,3},{9,1,3,2,4,5,6,8,7},{4,7,5,8,3,6,2,9,1},{3,8,7,6,5,2,4,1,9},{5,9,2,3,1,7,8,0,0},{0,0,0,0,0,0,0,0,0}}
]
22:56:28.854 [main] INFO  sudoku.model.SudokuBoard - Wartość 0 wstawiona nieprawidłowo
22:56:28.854 [main] INFO  sudoku.model.SudokuBoard - Bład w kwadracie 0
sudoku.model.SudokuBoard@5c1b89ac[
  size=9
  solver=sudoku.model.BacktrackingSudokuSolver@40a1b6d4
  board={{1,2,4,5,6,9,7,3,8},{7,5,6,1,8,3,9,2,4},{8,3,9,7,2,4,1,5,6},{2,6,8,9,7,1,5,4,3},{9,1,3,2,4,5,6,8,7},{4,7,5,8,3,6,2,9,1},{3,8,7,6,5,2,4,1,9},{5,9,2,3,1,7,0,0,0},{0,0,0,0,0,0,0,0,0}}
]
22:56:28.854 [main] INFO  sudoku.model.SudokuBoard - Wartość 0 wstawiona nieprawidłowo
22:56:28.854 [main] INFO  sudoku.model.SudokuBoard - Bład w kwadracie 0
sudoku.model.SudokuBoard@5c1b89ac[
  size=9
  solver=sudoku.model.BacktrackingSudokuSolver@40a1b6d4
  board={{1,2,4,5,6,9,7,3,8},{7,5,6,1,8,3,9,2,4},{8,3,9,7,2,4,1,5,6},{2,6,8,9,7,1,5,4,3},{9,1,3,2,4,5,6,8,7},{4,7,5,8,3,6,2,9,1},{3,8,7,6,5,2,4,1,9},{5,9,2,3,1,0,0,0,0},{0,0,0,0,0,0,0,0,0}}
]
22:56:28.854 [main] INFO  sudoku.model.SudokuBoard - Wartość 0 wstawiona nieprawidłowo
22:56:28.855 [main] INFO  sudoku.model.SudokuBoard - Bład w kwadracie 0
sudoku.model.SudokuBoard@5c1b89ac[
  size=9
  solver=sudoku.model.BacktrackingSudokuSolver@40a1b6d4
  board={{1,2,4,5,6,9,7,3,8},{7,5,6,1,8,3,9,2,4},{8,3,9,7,2,4,1,5,6},{2,6,8,9,7,1,5,4,3},{9,1,3,2,4,5,6,8,7},{4,7,5,8,3,6,2,9,1},{3,8,7,6,5,2,4,1,9},{5,9,2,3,1,0,0,0,0},{0,0,0,0,0,0,0,0,0}}
]
22:56:28.855 [main] INFO  sudoku.model.SudokuBoard - Wartość 0 wstawiona nieprawidłowo
22:56:28.855 [main] INFO  sudoku.model.SudokuBoard - Bład w kwadracie 0
sudoku.model.SudokuBoard@5c1b89ac[
  size=9
  solver=sudoku.model.BacktrackingSudokuSolver@40a1b6d4
  board={{1,2,4,5,6,9,7,3,8},{7,5,6,1,8,3,9,2,4},{8,3,9,7,2,4,1,5,6},{2,6,8,9,7,1,5,4,3},{9,1,3,2,4,5,6,8,7},{4,7,5,8,3,6,2,9,1},{3,8,7,6,5,2,4,1,9},{5,9,2,3,0,0,0,0,0},{0,0,0,0,0,0,0,0,0}}
]
22:56:28.855 [main] INFO  sudoku.model.SudokuBoard - Wartość 0 wstawiona nieprawidłowo
22:56:28.856 [main] INFO  sudoku.model.SudokuBoard - Bład w kwadracie 0
sudoku.model.SudokuBoard@5c1b89ac[
  size=9
  solver=sudoku.model.BacktrackingSudokuSolver@40a1b6d4
  board={{1,2,4,5,6,9,7,3,8},{7,5,6,1,8,3,9,2,4},{8,3,9,7,2,4,1,5,6},{2,6,8,9,7,1,5,4,3},{9,1,3,2,4,5,6,8,7},{4,7,5,8,3,6,2,9,1},{3,8,7,6,5,2,4,1,9},{5,9,2,0,0,0,0,0,0},{0,0,0,0,0,0,0,0,0}}
]
22:56:28.856 [main] INFO  sudoku.model.SudokuBoard - Wartość 0 wstawiona nieprawidłowo
22:56:28.857 [main] INFO  sudoku.model.SudokuBoard - Bład w kwadracie 0
sudoku.model.SudokuBoard@5c1b89ac[
  size=9
  solver=sudoku.model.BacktrackingSudokuSolver@40a1b6d4
  board={{1,2,4,5,6,9,7,3,8},{7,5,6,1,8,3,9,2,4},{8,3,9,7,2,4,1,5,6},{2,6,8,9,7,1,5,4,3},{9,1,3,2,4,5,6,8,7},{4,7,5,8,3,6,2,9,1},{3,8,7,6,5,2,4,1,9},{5,9,2,4,1,7,8,0,0},{0,0,0,0,0,0,0,0,0}}
]
22:56:28.857 [main] INFO  sudoku.model.SudokuBoard - Wartość 0 wstawiona nieprawidłowo
22:56:28.858 [main] INFO  sudoku.model.SudokuBoard - Bład w kwadracie 0
sudoku.model.SudokuBoard@5c1b89ac[
  size=9
  solver=sudoku.model.BacktrackingSudokuSolver@40a1b6d4
  board={{1,2,4,5,6,9,7,3,8},{7,5,6,1,8,3,9,2,4},{8,3,9,7,2,4,1,5,6},{2,6,8,9,7,1,5,4,3},{9,1,3,2,4,5,6,8,7},{4,7,5,8,3,6,2,9,1},{3,8,7,6,5,2,4,1,9},{5,9,2,4,1,7,0,0,0},{0,0,0,0,0,0,0,0,0}}
]
22:56:28.858 [main] INFO  sudoku.model.SudokuBoard - Wartość 0 wstawiona nieprawidłowo
22:56:28.858 [main] INFO  sudoku.model.SudokuBoard - Bład w kwadracie 0
sudoku.model.SudokuBoard@5c1b89ac[
  size=9
  solver=sudoku.model.BacktrackingSudokuSolver@40a1b6d4
  board={{1,2,4,5,6,9,7,3,8},{7,5,6,1,8,3,9,2,4},{8,3,9,7,2,4,1,5,6},{2,6,8,9,7,1,5,4,3},{9,1,3,2,4,5,6,8,7},{4,7,5,8,3,6,2,9,1},{3,8,7,6,5,2,4,1,9},{5,9,2,4,1,7,3,0,0},{0,0,0,0,0,0,0,0,0}}
]
22:56:28.858 [main] INFO  sudoku.model.SudokuBoard - Wartość 0 wstawiona nieprawidłowo
22:56:28.858 [main] INFO  sudoku.model.SudokuBoard - Bład w kwadracie 0
sudoku.model.SudokuBoard@5c1b89ac[
  size=9
  solver=sudoku.model.BacktrackingSudokuSolver@40a1b6d4
  board={{1,2,4,5,6,9,7,3,8},{7,5,6,1,8,3,9,2,4},{8,3,9,7,2,4,1,5,6},{2,6,8,9,7,1,5,4,3},{9,1,3,2,4,5,6,8,7},{4,7,5,8,3,6,2,9,1},{3,8,7,6,5,2,4,1,9},{5,9,2,4,1,7,0,0,0},{0,0,0,0,0,0,0,0,0}}
]
22:56:28.859 [main] INFO  sudoku.model.SudokuBoard - Wartość 0 wstawiona nieprawidłowo
22:56:28.859 [main] INFO  sudoku.model.SudokuBoard - Bład w kwadracie 0
sudoku.model.SudokuBoard@5c1b89ac[
  size=9
  solver=sudoku.model.BacktrackingSudokuSolver@40a1b6d4
  board={{1,2,4,5,6,9,7,3,8},{7,5,6,1,8,3,9,2,4},{8,3,9,7,2,4,1,5,6},{2,6,8,9,7,1,5,4,3},{9,1,3,2,4,5,6,8,7},{4,7,5,8,3,6,2,9,1},{3,8,7,6,5,2,4,1,9},{5,9,2,4,1,0,0,0,0},{0,0,0,0,0,0,0,0,0}}
]
22:56:28.859 [main] INFO  sudoku.model.SudokuBoard - Wartość 0 wstawiona nieprawidłowo
22:56:28.859 [main] INFO  sudoku.model.SudokuBoard - Bład w kwadracie 0
sudoku.model.SudokuBoard@5c1b89ac[
  size=9
  solver=sudoku.model.BacktrackingSudokuSolver@40a1b6d4
  board={{1,2,4,5,6,9,7,3,8},{7,5,6,1,8,3,9,2,4},{8,3,9,7,2,4,1,5,6},{2,6,8,9,7,1,5,4,3},{9,1,3,2,4,5,6,8,7},{4,7,5,8,3,6,2,9,1},{3,8,7,6,5,2,4,1,9},{5,9,2,4,1,8,3,0,0},{0,0,0,0,0,0,0,0,0}}
]
22:56:28.859 [main] INFO  sudoku.model.SudokuBoard - Wartość 0 wstawiona nieprawidłowo
22:56:28.860 [main] INFO  sudoku.model.SudokuBoard - Bład w kwadracie 0
sudoku.model.SudokuBoard@5c1b89ac[
  size=9
  solver=sudoku.model.BacktrackingSudokuSolver@40a1b6d4
  board={{1,2,4,5,6,9,7,3,8},{7,5,6,1,8,3,9,2,4},{8,3,9,7,2,4,1,5,6},{2,6,8,9,7,1,5,4,3},{9,1,3,2,4,5,6,8,7},{4,7,5,8,3,6,2,9,1},{3,8,7,6,5,2,4,1,9},{5,9,2,4,1,8,3,0,0},{0,0,0,0,0,0,0,0,0}}
]
22:56:28.861 [main] INFO  sudoku.model.SudokuBoard - Wartość 0 wstawiona nieprawidłowo
22:56:28.861 [main] INFO  sudoku.model.SudokuBoard - Bład w kwadracie 0
sudoku.model.SudokuBoard@5c1b89ac[
  size=9
  solver=sudoku.model.BacktrackingSudokuSolver@40a1b6d4
  board={{1,2,4,5,6,9,7,3,8},{7,5,6,1,8,3,9,2,4},{8,3,9,7,2,4,1,5,6},{2,6,8,9,7,1,5,4,3},{9,1,3,2,4,5,6,8,7},{4,7,5,8,3,6,2,9,1},{3,8,7,6,5,2,4,1,9},{5,9,2,4,1,8,0,0,0},{0,0,0,0,0,0,0,0,0}}
]
22:56:28.861 [main] INFO  sudoku.model.SudokuBoard - Wartość 0 wstawiona nieprawidłowo
22:56:28.979 [main] INFO  sudoku.model.SudokuBoard - Bład w kwadracie 0
sudoku.model.SudokuBoard@5c1b89ac[
  size=9
  solver=sudoku.model.BacktrackingSudokuSolver@40a1b6d4
  board={{1,2,4,5,6,9,7,3,8},{7,5,6,1,8,3,9,2,4},{8,3,9,7,2,4,1,5,6},{2,6,8,9,7,1,5,4,3},{9,1,3,2,4,5,6,8,7},{4,7,5,8,3,6,2,9,1},{3,8,7,6,5,2,4,1,9},{5,9,2,4,1,0,0,0,0},{0,0,0,0,0,0,0,0,0}}
]
22:56:28.980 [main] INFO  sudoku.model.SudokuBoard - Wartość 0 wstawiona nieprawidłowo
22:56:28.991 [main] INFO  sudoku.model.SudokuBoard - Bład w kwadracie 0
sudoku.model.SudokuBoard@5c1b89ac[
  size=9
  solver=sudoku.model.BacktrackingSudokuSolver@40a1b6d4
  board={{1,2,4,5,6,9,7,3,8},{7,5,6,1,8,3,9,2,4},{8,3,9,7,2,4,1,5,6},{2,6,8,9,7,1,5,4,3},{9,1,3,2,4,5,6,8,7},{4,7,5,8,3,6,2,9,1},{3,8,7,6,5,2,4,1,9},{5,9,2,4,0,0,0,0,0},{0,0,0,0,0,0,0,0,0}}
]
22:56:28.991 [main] INFO  sudoku.model.SudokuBoard - Wartość 0 wstawiona nieprawidłowo
22:56:28.992 [main] INFO  sudoku.model.SudokuBoard - Bład w kwadracie 0
sudoku.model.SudokuBoard@5c1b89ac[
  size=9
  solver=sudoku.model.BacktrackingSudokuSolver@40a1b6d4
  board={{1,2,4,5,6,9,7,3,8},{7,5,6,1,8,3,9,2,4},{8,3,9,7,2,4,1,5,6},{2,6,8,9,7,1,5,4,3},{9,1,3,2,4,5,6,8,7},{4,7,5,8,3,6,2,9,1},{3,8,7,6,5,2,4,1,9},{5,9,2,0,0,0,0,0,0},{0,0,0,0,0,0,0,0,0}}
]
22:56:28.992 [main] INFO  sudoku.model.SudokuBoard - Wartość 0 wstawiona nieprawidłowo
22:56:28.993 [main] INFO  sudoku.model.SudokuBoard - Bład w kwadracie 0
sudoku.model.SudokuBoard@5c1b89ac[
  size=9
  solver=sudoku.model.BacktrackingSudokuSolver@40a1b6d4
  board={{1,2,4,5,6,9,7,3,8},{7,5,6,1,8,3,9,2,4},{8,3,9,7,2,4,1,5,6},{2,6,8,9,7,1,5,4,3},{9,1,3,2,4,5,6,8,7},{4,7,5,8,3,6,2,9,1},{3,8,7,6,5,2,4,1,9},{5,9,0,0,0,0,0,0,0},{0,0,0,0,0,0,0,0,0}}
]
22:56:28.993 [main] INFO  sudoku.model.SudokuBoard - Wartość 0 wstawiona nieprawidłowo
22:56:28.993 [main] INFO  sudoku.model.SudokuBoard - Bład w kwadracie 0
sudoku.model.SudokuBoard@5c1b89ac[
  size=9
  solver=sudoku.model.BacktrackingSudokuSolver@40a1b6d4
  board={{1,2,4,5,6,9,7,3,8},{7,5,6,1,8,3,9,2,4},{8,3,9,7,2,4,1,5,6},{2,6,8,9,7,1,5,4,3},{9,1,3,2,4,5,6,8,7},{4,7,5,8,3,6,2,9,1},{3,8,7,6,5,2,4,1,9},{5,0,0,0,0,0,0,0,0},{0,0,0,0,0,0,0,0,0}}
]
22:56:28.993 [main] INFO  sudoku.model.SudokuBoard - Wartość 0 wstawiona nieprawidłowo
]]></system-out>
  </testcase>
  <testcase name="testEqualsNull" classname="sudoku.model.SeriesTest" time="0.025">
    <system-out><![CDATA[22:56:29.000 [main] INFO  sudoku.model.SudokuBoard - Bład w kwadracie 0
sudoku.model.SudokuBoard@134a8ead[
  size=9
  solver=sudoku.model.BacktrackingSudokuSolver@427308f8
  board={{8,3,9,6,1,2,7,4,5},{2,1,4,5,7,8,3,9,6},{6,5,7,3,9,4,8,1,2},{3,4,5,7,2,9,6,8,1},{1,6,8,4,5,3,9,0,0},{0,0,0,0,0,0,0,0,0},{0,0,0,0,0,0,0,0,0},{0,0,0,0,0,0,0,0,0},{0,0,0,0,0,0,0,0,0}}
]
22:56:29.001 [main] INFO  sudoku.model.SudokuBoard - Wartość 0 wstawiona nieprawidłowo
22:56:29.001 [main] INFO  sudoku.model.SudokuBoard - Bład w kwadracie 0
sudoku.model.SudokuBoard@134a8ead[
  size=9
  solver=sudoku.model.BacktrackingSudokuSolver@427308f8
  board={{8,3,9,6,1,2,7,4,5},{2,1,4,5,7,8,3,9,6},{6,5,7,3,9,4,8,1,2},{3,4,5,7,2,9,6,8,1},{1,6,8,4,5,3,9,2,7},{7,9,2,8,6,1,5,3,4},{4,7,6,9,3,5,0,0,0},{0,0,0,0,0,0,0,0,0},{0,0,0,0,0,0,0,0,0}}
]
22:56:29.001 [main] INFO  sudoku.model.SudokuBoard - Wartość 0 wstawiona nieprawidłowo
22:56:29.002 [main] INFO  sudoku.model.SudokuBoard - Bład w kwadracie 0
sudoku.model.SudokuBoard@134a8ead[
  size=9
  solver=sudoku.model.BacktrackingSudokuSolver@427308f8
  board={{8,3,9,6,1,2,7,4,5},{2,1,4,5,7,8,3,9,6},{6,5,7,3,9,4,8,1,2},{3,4,5,7,2,9,6,8,1},{1,6,8,4,5,3,9,2,7},{7,9,2,8,6,1,5,3,4},{4,7,6,9,3,5,0,0,0},{0,0,0,0,0,0,0,0,0},{0,0,0,0,0,0,0,0,0}}
]
22:56:29.002 [main] INFO  sudoku.model.SudokuBoard - Wartość 0 wstawiona nieprawidłowo
22:56:29.004 [main] INFO  sudoku.model.SudokuBoard - Bład w kwadracie 0
sudoku.model.SudokuBoard@134a8ead[
  size=9
  solver=sudoku.model.BacktrackingSudokuSolver@427308f8
  board={{8,3,9,6,1,2,7,4,5},{2,1,4,5,7,8,3,9,6},{6,5,7,3,9,4,8,1,2},{3,4,5,7,2,9,6,8,1},{1,6,8,4,5,3,9,2,7},{7,9,2,8,6,1,5,3,4},{4,7,6,9,3,0,0,0,0},{0,0,0,0,0,0,0,0,0},{0,0,0,0,0,0,0,0,0}}
]
22:56:29.005 [main] INFO  sudoku.model.SudokuBoard - Wartość 0 wstawiona nieprawidłowo
22:56:29.005 [main] INFO  sudoku.model.SudokuBoard - Bład w kwadracie 0
sudoku.model.SudokuBoard@134a8ead[
  size=9
  solver=sudoku.model.BacktrackingSudokuSolver@427308f8
  board={{8,3,9,6,1,2,7,4,5},{2,1,4,5,7,8,3,9,6},{6,5,7,3,9,4,8,1,2},{3,4,5,7,2,9,6,8,1},{1,6,8,4,5,3,9,2,7},{7,9,2,8,6,1,5,3,4},{4,7,6,9,0,0,0,0,0},{0,0,0,0,0,0,0,0,0},{0,0,0,0,0,0,0,0,0}}
]
22:56:29.005 [main] INFO  sudoku.model.SudokuBoard - Wartość 0 wstawiona nieprawidłowo
22:56:29.005 [main] INFO  sudoku.model.SudokuBoard - Bład w kwadracie 0
sudoku.model.SudokuBoard@134a8ead[
  size=9
  solver=sudoku.model.BacktrackingSudokuSolver@427308f8
  board={{8,3,9,6,1,2,7,4,5},{2,1,4,5,7,8,3,9,6},{6,5,7,3,9,4,8,1,2},{3,4,5,7,2,9,6,8,1},{1,6,8,4,5,3,9,2,7},{7,9,2,8,6,1,5,3,4},{4,7,6,9,8,5,0,0,0},{0,0,0,0,0,0,0,0,0},{0,0,0,0,0,0,0,0,0}}
]
22:56:29.005 [main] INFO  sudoku.model.SudokuBoard - Wartość 0 wstawiona nieprawidłowo
22:56:29.006 [main] INFO  sudoku.model.SudokuBoard - Bład w kwadracie 0
sudoku.model.SudokuBoard@134a8ead[
  size=9
  solver=sudoku.model.BacktrackingSudokuSolver@427308f8
  board={{8,3,9,6,1,2,7,4,5},{2,1,4,5,7,8,3,9,6},{6,5,7,3,9,4,8,1,2},{3,4,5,7,2,9,6,8,1},{1,6,8,4,5,3,9,2,7},{7,9,2,8,6,1,5,3,4},{4,7,6,9,8,5,0,0,0},{0,0,0,0,0,0,0,0,0},{0,0,0,0,0,0,0,0,0}}
]
22:56:29.006 [main] INFO  sudoku.model.SudokuBoard - Wartość 0 wstawiona nieprawidłowo
22:56:29.006 [main] INFO  sudoku.model.SudokuBoard - Bład w kwadracie 0
sudoku.model.SudokuBoard@134a8ead[
  size=9
  solver=sudoku.model.BacktrackingSudokuSolver@427308f8
  board={{8,3,9,6,1,2,7,4,5},{2,1,4,5,7,8,3,9,6},{6,5,7,3,9,4,8,1,2},{3,4,5,7,2,9,6,8,1},{1,6,8,4,5,3,9,2,7},{7,9,2,8,6,1,5,3,4},{4,7,6,9,8,0,0,0,0},{0,0,0,0,0,0,0,0,0},{0,0,0,0,0,0,0,0,0}}
]
22:56:29.006 [main] INFO  sudoku.model.SudokuBoard - Wartość 0 wstawiona nieprawidłowo
22:56:29.006 [main] INFO  sudoku.model.SudokuBoard - Bład w kwadracie 0
sudoku.model.SudokuBoard@134a8ead[
  size=9
  solver=sudoku.model.BacktrackingSudokuSolver@427308f8
  board={{8,3,9,6,1,2,7,4,5},{2,1,4,5,7,8,3,9,6},{6,5,7,3,9,4,8,1,2},{3,4,5,7,2,9,6,8,1},{1,6,8,4,5,3,9,2,7},{7,9,2,8,6,1,5,3,4},{4,7,6,9,0,0,0,0,0},{0,0,0,0,0,0,0,0,0},{0,0,0,0,0,0,0,0,0}}
]
22:56:29.007 [main] INFO  sudoku.model.SudokuBoard - Wartość 0 wstawiona nieprawidłowo
22:56:29.008 [main] INFO  sudoku.model.SudokuBoard - Bład w kwadracie 0
sudoku.model.SudokuBoard@134a8ead[
  size=9
  solver=sudoku.model.BacktrackingSudokuSolver@427308f8
  board={{8,3,9,6,1,2,7,4,5},{2,1,4,5,7,8,3,9,6},{6,5,7,3,9,4,8,1,2},{3,4,5,7,2,9,6,8,1},{1,6,8,4,5,3,9,2,7},{7,9,2,8,6,1,5,3,4},{4,7,6,0,0,0,0,0,0},{0,0,0,0,0,0,0,0,0},{0,0,0,0,0,0,0,0,0}}
]
22:56:29.008 [main] INFO  sudoku.model.SudokuBoard - Wartość 0 wstawiona nieprawidłowo
22:56:29.008 [main] INFO  sudoku.model.SudokuBoard - Bład w kwadracie 0
sudoku.model.SudokuBoard@134a8ead[
  size=9
  solver=sudoku.model.BacktrackingSudokuSolver@427308f8
  board={{8,3,9,6,1,2,7,4,5},{2,1,4,5,7,8,3,9,6},{6,5,7,3,9,4,8,1,2},{3,4,5,7,2,9,6,8,1},{1,6,8,4,5,3,9,2,7},{7,9,2,8,6,1,5,3,4},{4,7,6,1,3,5,0,0,0},{0,0,0,0,0,0,0,0,0},{0,0,0,0,0,0,0,0,0}}
]
22:56:29.009 [main] INFO  sudoku.model.SudokuBoard - Wartość 0 wstawiona nieprawidłowo
22:56:29.010 [main] INFO  sudoku.model.SudokuBoard - Bład w kwadracie 0
sudoku.model.SudokuBoard@134a8ead[
  size=9
  solver=sudoku.model.BacktrackingSudokuSolver@427308f8
  board={{8,3,9,6,1,2,7,4,5},{2,1,4,5,7,8,3,9,6},{6,5,7,3,9,4,8,1,2},{3,4,5,7,2,9,6,8,1},{1,6,8,4,5,3,9,2,7},{7,9,2,8,6,1,5,3,4},{4,7,6,1,3,0,0,0,0},{0,0,0,0,0,0,0,0,0},{0,0,0,0,0,0,0,0,0}}
]
22:56:29.011 [main] INFO  sudoku.model.SudokuBoard - Wartość 0 wstawiona nieprawidłowo
22:56:29.014 [main] INFO  sudoku.model.SudokuBoard - Bład w kwadracie 0
sudoku.model.SudokuBoard@134a8ead[
  size=9
  solver=sudoku.model.BacktrackingSudokuSolver@427308f8
  board={{8,3,9,6,1,2,7,4,5},{2,1,4,5,7,8,3,9,6},{6,5,7,3,9,4,8,1,2},{3,4,5,7,2,9,6,8,1},{1,6,8,4,5,3,9,2,7},{7,9,2,8,6,1,5,3,4},{4,7,6,1,0,0,0,0,0},{0,0,0,0,0,0,0,0,0},{0,0,0,0,0,0,0,0,0}}
]
22:56:29.015 [main] INFO  sudoku.model.SudokuBoard - Wartość 0 wstawiona nieprawidłowo
22:56:29.020 [main] INFO  sudoku.model.SudokuBoard - Bład w kwadracie 0
sudoku.model.SudokuBoard@134a8ead[
  size=9
  solver=sudoku.model.BacktrackingSudokuSolver@427308f8
  board={{8,3,9,6,1,2,7,4,5},{2,1,4,5,7,8,3,9,6},{6,5,7,3,9,4,8,1,2},{3,4,5,7,2,9,6,8,1},{1,6,8,4,5,3,9,2,7},{7,9,2,8,6,1,5,3,4},{4,7,6,1,8,5,0,0,0},{0,0,0,0,0,0,0,0,0},{0,0,0,0,0,0,0,0,0}}
]
22:56:29.020 [main] INFO  sudoku.model.SudokuBoard - Wartość 0 wstawiona nieprawidłowo
22:56:29.020 [main] INFO  sudoku.model.SudokuBoard - Bład w kwadracie 0
sudoku.model.SudokuBoard@134a8ead[
  size=9
  solver=sudoku.model.BacktrackingSudokuSolver@427308f8
  board={{8,3,9,6,1,2,7,4,5},{2,1,4,5,7,8,3,9,6},{6,5,7,3,9,4,8,1,2},{3,4,5,7,2,9,6,8,1},{1,6,8,4,5,3,9,2,7},{7,9,2,8,6,1,5,3,4},{4,7,6,1,8,0,0,0,0},{0,0,0,0,0,0,0,0,0},{0,0,0,0,0,0,0,0,0}}
]
22:56:29.020 [main] INFO  sudoku.model.SudokuBoard - Wartość 0 wstawiona nieprawidłowo
22:56:29.020 [main] INFO  sudoku.model.SudokuBoard - Bład w kwadracie 0
sudoku.model.SudokuBoard@134a8ead[
  size=9
  solver=sudoku.model.BacktrackingSudokuSolver@427308f8
  board={{8,3,9,6,1,2,7,4,5},{2,1,4,5,7,8,3,9,6},{6,5,7,3,9,4,8,1,2},{3,4,5,7,2,9,6,8,1},{1,6,8,4,5,3,9,2,7},{7,9,2,8,6,1,5,3,4},{4,7,6,1,0,0,0,0,0},{0,0,0,0,0,0,0,0,0},{0,0,0,0,0,0,0,0,0}}
]
22:56:29.020 [main] INFO  sudoku.model.SudokuBoard - Wartość 0 wstawiona nieprawidłowo
22:56:29.020 [main] INFO  sudoku.model.SudokuBoard - Bład w kwadracie 0
sudoku.model.SudokuBoard@134a8ead[
  size=9
  solver=sudoku.model.BacktrackingSudokuSolver@427308f8
  board={{8,3,9,6,1,2,7,4,5},{2,1,4,5,7,8,3,9,6},{6,5,7,3,9,4,8,1,2},{3,4,5,7,2,9,6,8,1},{1,6,8,4,5,3,9,2,7},{7,9,2,8,6,1,5,3,4},{4,7,6,0,0,0,0,0,0},{0,0,0,0,0,0,0,0,0},{0,0,0,0,0,0,0,0,0}}
]
22:56:29.021 [main] INFO  sudoku.model.SudokuBoard - Wartość 0 wstawiona nieprawidłowo
22:56:29.021 [main] INFO  sudoku.model.SudokuBoard - Bład w kwadracie 0
sudoku.model.SudokuBoard@134a8ead[
  size=9
  solver=sudoku.model.BacktrackingSudokuSolver@427308f8
  board={{8,3,9,6,1,2,7,4,5},{2,1,4,5,7,8,3,9,6},{6,5,7,3,9,4,8,1,2},{3,4,5,7,2,9,6,8,1},{1,6,8,4,5,3,9,2,7},{7,9,2,8,6,1,5,3,4},{4,7,6,2,8,5,0,0,0},{0,0,0,0,0,0,0,0,0},{0,0,0,0,0,0,0,0,0}}
]
22:56:29.021 [main] INFO  sudoku.model.SudokuBoard - Wartość 0 wstawiona nieprawidłowo
22:56:29.021 [main] INFO  sudoku.model.SudokuBoard - Bład w kwadracie 0
sudoku.model.SudokuBoard@134a8ead[
  size=9
  solver=sudoku.model.BacktrackingSudokuSolver@427308f8
  board={{8,3,9,6,1,2,7,4,5},{2,1,4,5,7,8,3,9,6},{6,5,7,3,9,4,8,1,2},{3,4,5,7,2,9,6,8,1},{1,6,8,4,5,3,9,2,7},{7,9,2,8,6,1,5,3,4},{4,7,6,2,8,0,0,0,0},{0,0,0,0,0,0,0,0,0},{0,0,0,0,0,0,0,0,0}}
]
22:56:29.021 [main] INFO  sudoku.model.SudokuBoard - Wartość 0 wstawiona nieprawidłowo
22:56:29.022 [main] INFO  sudoku.model.SudokuBoard - Bład w kwadracie 0
sudoku.model.SudokuBoard@134a8ead[
  size=9
  solver=sudoku.model.BacktrackingSudokuSolver@427308f8
  board={{8,3,9,6,1,2,7,4,5},{2,1,4,5,7,8,3,9,6},{6,5,7,3,9,4,8,1,2},{3,4,5,7,2,9,6,8,1},{1,6,8,4,5,3,9,2,7},{7,9,2,8,6,1,5,3,4},{4,7,6,2,0,0,0,0,0},{0,0,0,0,0,0,0,0,0},{0,0,0,0,0,0,0,0,0}}
]
22:56:29.022 [main] INFO  sudoku.model.SudokuBoard - Wartość 0 wstawiona nieprawidłowo
22:56:29.022 [main] INFO  sudoku.model.SudokuBoard - Bład w kwadracie 0
sudoku.model.SudokuBoard@134a8ead[
  size=9
  solver=sudoku.model.BacktrackingSudokuSolver@427308f8
  board={{8,3,9,6,1,2,7,4,5},{2,1,4,5,7,8,3,9,6},{6,5,7,3,9,4,8,1,2},{3,4,5,7,2,9,6,8,1},{1,6,8,4,5,3,9,2,7},{7,9,2,8,6,1,5,3,4},{4,7,6,2,3,5,0,0,0},{0,0,0,0,0,0,0,0,0},{0,0,0,0,0,0,0,0,0}}
]
22:56:29.022 [main] INFO  sudoku.model.SudokuBoard - Wartość 0 wstawiona nieprawidłowo
22:56:29.022 [main] INFO  sudoku.model.SudokuBoard - Bład w kwadracie 0
sudoku.model.SudokuBoard@134a8ead[
  size=9
  solver=sudoku.model.BacktrackingSudokuSolver@427308f8
  board={{8,3,9,6,1,2,7,4,5},{2,1,4,5,7,8,3,9,6},{6,5,7,3,9,4,8,1,2},{3,4,5,7,2,9,6,8,1},{1,6,8,4,5,3,9,2,7},{7,9,2,8,6,1,5,3,4},{4,7,6,2,3,0,0,0,0},{0,0,0,0,0,0,0,0,0},{0,0,0,0,0,0,0,0,0}}
]
22:56:29.022 [main] INFO  sudoku.model.SudokuBoard - Wartość 0 wstawiona nieprawidłowo
22:56:29.022 [main] INFO  sudoku.model.SudokuBoard - Bład w kwadracie 0
sudoku.model.SudokuBoard@134a8ead[
  size=9
  solver=sudoku.model.BacktrackingSudokuSolver@427308f8
  board={{8,3,9,6,1,2,7,4,5},{2,1,4,5,7,8,3,9,6},{6,5,7,3,9,4,8,1,2},{3,4,5,7,2,9,6,8,1},{1,6,8,4,5,3,9,2,7},{7,9,2,8,6,1,5,3,4},{4,7,6,2,0,0,0,0,0},{0,0,0,0,0,0,0,0,0},{0,0,0,0,0,0,0,0,0}}
]
22:56:29.022 [main] INFO  sudoku.model.SudokuBoard - Wartość 0 wstawiona nieprawidłowo
22:56:29.023 [main] INFO  sudoku.model.SudokuBoard - Bład w kwadracie 0
sudoku.model.SudokuBoard@134a8ead[
  size=9
  solver=sudoku.model.BacktrackingSudokuSolver@427308f8
  board={{8,3,9,6,1,2,7,4,5},{2,1,4,5,7,8,3,9,6},{6,5,7,3,9,4,8,1,2},{3,4,5,7,2,9,6,8,1},{1,6,8,4,5,3,9,2,7},{7,9,2,8,6,1,5,3,4},{4,7,6,0,0,0,0,0,0},{0,0,0,0,0,0,0,0,0},{0,0,0,0,0,0,0,0,0}}
]
22:56:29.023 [main] INFO  sudoku.model.SudokuBoard - Wartość 0 wstawiona nieprawidłowo
22:56:29.023 [main] INFO  sudoku.model.SudokuBoard - Bład w kwadracie 0
sudoku.model.SudokuBoard@134a8ead[
  size=9
  solver=sudoku.model.BacktrackingSudokuSolver@427308f8
  board={{8,3,9,6,1,2,7,4,5},{2,1,4,5,7,8,3,9,6},{6,5,7,3,9,4,8,1,2},{3,4,5,7,2,9,6,8,1},{1,6,8,4,5,3,9,2,7},{7,9,2,8,6,1,5,3,4},{4,7,0,0,0,0,0,0,0},{0,0,0,0,0,0,0,0,0},{0,0,0,0,0,0,0,0,0}}
]
22:56:29.023 [main] INFO  sudoku.model.SudokuBoard - Wartość 0 wstawiona nieprawidłowo
22:56:29.023 [main] INFO  sudoku.model.SudokuBoard - Bład w kwadracie 0
sudoku.model.SudokuBoard@134a8ead[
  size=9
  solver=sudoku.model.BacktrackingSudokuSolver@427308f8
  board={{8,3,9,6,1,2,7,4,5},{2,1,4,5,7,8,3,9,6},{6,5,7,3,9,4,8,1,2},{3,4,5,7,2,9,6,8,1},{1,6,8,4,5,3,9,2,7},{7,9,2,8,6,1,5,3,4},{4,7,1,9,3,5,2,6,8},{5,8,3,1,4,0,0,0,0},{0,0,0,0,0,0,0,0,0}}
]
22:56:29.023 [main] INFO  sudoku.model.SudokuBoard - Wartość 0 wstawiona nieprawidłowo
22:56:29.023 [main] INFO  sudoku.model.SudokuBoard - Bład w kwadracie 0
sudoku.model.SudokuBoard@134a8ead[
  size=9
  solver=sudoku.model.BacktrackingSudokuSolver@427308f8
  board={{8,3,9,6,1,2,7,4,5},{2,1,4,5,7,8,3,9,6},{6,5,7,3,9,4,8,1,2},{3,4,5,7,2,9,6,8,1},{1,6,8,4,5,3,9,2,7},{7,9,2,8,6,1,5,3,4},{4,7,1,9,3,5,2,6,8},{5,8,3,1,4,0,0,0,0},{0,0,0,0,0,0,0,0,0}}
]
22:56:29.024 [main] INFO  sudoku.model.SudokuBoard - Wartość 0 wstawiona nieprawidłowo
22:56:29.024 [main] INFO  sudoku.model.SudokuBoard - Bład w kwadracie 0
sudoku.model.SudokuBoard@134a8ead[
  size=9
  solver=sudoku.model.BacktrackingSudokuSolver@427308f8
  board={{8,3,9,6,1,2,7,4,5},{2,1,4,5,7,8,3,9,6},{6,5,7,3,9,4,8,1,2},{3,4,5,7,2,9,6,8,1},{1,6,8,4,5,3,9,2,7},{7,9,2,8,6,1,5,3,4},{4,7,1,9,3,5,2,6,8},{5,8,3,1,0,0,0,0,0},{0,0,0,0,0,0,0,0,0}}
]
22:56:29.024 [main] INFO  sudoku.model.SudokuBoard - Wartość 0 wstawiona nieprawidłowo
22:56:29.025 [main] INFO  sudoku.model.SudokuBoard - Bład w kwadracie 0
sudoku.model.SudokuBoard@134a8ead[
  size=9
  solver=sudoku.model.BacktrackingSudokuSolver@427308f8
  board={{8,3,9,6,1,2,7,4,5},{2,1,4,5,7,8,3,9,6},{6,5,7,3,9,4,8,1,2},{3,4,5,7,2,9,6,8,1},{1,6,8,4,5,3,9,2,7},{7,9,2,8,6,1,5,3,4},{4,7,1,9,3,5,2,6,8},{5,8,3,0,0,0,0,0,0},{0,0,0,0,0,0,0,0,0}}
]
22:56:29.025 [main] INFO  sudoku.model.SudokuBoard - Wartość 0 wstawiona nieprawidłowo
]]></system-out>
  </testcase>
  <testcase name="testEqualsSame" classname="sudoku.model.SeriesTest" time="0.003">
    <system-out><![CDATA[22:56:29.027 [main] INFO  sudoku.model.SudokuBoard - Bład w kwadracie 0
sudoku.model.SudokuBoard@5345dfe8[
  size=9
  solver=sudoku.model.BacktrackingSudokuSolver@478967eb
  board={{8,4,5,9,1,3,2,6,7},{1,7,2,8,4,6,9,3,5},{9,3,6,5,7,2,4,8,1},{3,6,7,4,5,8,1,9,2},{2,5,9,3,6,7,8,0,0},{0,0,0,0,0,0,0,0,0},{0,0,0,0,0,0,0,0,0},{0,0,0,0,0,0,0,0,0},{0,0,0,0,0,0,0,0,0}}
]
22:56:29.027 [main] INFO  sudoku.model.SudokuBoard - Wartość 0 wstawiona nieprawidłowo
22:56:29.027 [main] INFO  sudoku.model.SudokuBoard - Bład w kwadracie 0
sudoku.model.SudokuBoard@5345dfe8[
  size=9
  solver=sudoku.model.BacktrackingSudokuSolver@478967eb
  board={{8,4,5,9,1,3,2,6,7},{1,7,2,8,4,6,9,3,5},{9,3,6,5,7,2,4,8,1},{3,6,7,4,5,8,1,9,2},{2,5,9,3,6,7,0,0,0},{0,0,0,0,0,0,0,0,0},{0,0,0,0,0,0,0,0,0},{0,0,0,0,0,0,0,0,0},{0,0,0,0,0,0,0,0,0}}
]
22:56:29.027 [main] INFO  sudoku.model.SudokuBoard - Wartość 0 wstawiona nieprawidłowo
22:56:29.027 [main] INFO  sudoku.model.SudokuBoard - Bład w kwadracie 0
sudoku.model.SudokuBoard@5345dfe8[
  size=9
  solver=sudoku.model.BacktrackingSudokuSolver@478967eb
  board={{8,4,5,9,1,3,2,6,7},{1,7,2,8,4,6,9,3,5},{9,3,6,5,7,2,4,8,1},{3,6,7,4,5,8,1,9,2},{2,5,9,3,6,0,0,0,0},{0,0,0,0,0,0,0,0,0},{0,0,0,0,0,0,0,0,0},{0,0,0,0,0,0,0,0,0},{0,0,0,0,0,0,0,0,0}}
]
22:56:29.027 [main] INFO  sudoku.model.SudokuBoard - Wartość 0 wstawiona nieprawidłowo
22:56:29.028 [main] INFO  sudoku.model.SudokuBoard - Bład w kwadracie 0
sudoku.model.SudokuBoard@5345dfe8[
  size=9
  solver=sudoku.model.BacktrackingSudokuSolver@478967eb
  board={{8,4,5,9,1,3,2,6,7},{1,7,2,8,4,6,9,3,5},{9,3,6,5,7,2,4,8,1},{3,6,7,4,5,8,1,9,2},{2,5,9,3,6,1,8,0,0},{0,0,0,0,0,0,0,0,0},{0,0,0,0,0,0,0,0,0},{0,0,0,0,0,0,0,0,0},{0,0,0,0,0,0,0,0,0}}
]
22:56:29.028 [main] INFO  sudoku.model.SudokuBoard - Wartość 0 wstawiona nieprawidłowo
22:56:29.028 [main] INFO  sudoku.model.SudokuBoard - Bład w kwadracie 0
sudoku.model.SudokuBoard@5345dfe8[
  size=9
  solver=sudoku.model.BacktrackingSudokuSolver@478967eb
  board={{8,4,5,9,1,3,2,6,7},{1,7,2,8,4,6,9,3,5},{9,3,6,5,7,2,4,8,1},{3,6,7,4,5,8,1,9,2},{2,5,9,3,6,1,8,7,4},{4,1,8,7,0,0,0,0,0},{0,0,0,0,0,0,0,0,0},{0,0,0,0,0,0,0,0,0},{0,0,0,0,0,0,0,0,0}}
]
22:56:29.028 [main] INFO  sudoku.model.SudokuBoard - Wartość 0 wstawiona nieprawidłowo
22:56:29.028 [main] INFO  sudoku.model.SudokuBoard - Bład w kwadracie 0
sudoku.model.SudokuBoard@5345dfe8[
  size=9
  solver=sudoku.model.BacktrackingSudokuSolver@478967eb
  board={{8,4,5,9,1,3,2,6,7},{1,7,2,8,4,6,9,3,5},{9,3,6,5,7,2,4,8,1},{3,6,7,4,5,8,1,9,2},{2,5,9,3,6,1,8,7,4},{4,1,8,7,2,9,3,5,6},{5,8,1,6,3,4,7,2,9},{6,2,3,1,8,0,0,0,0},{0,0,0,0,0,0,0,0,0}}
]
22:56:29.028 [main] INFO  sudoku.model.SudokuBoard - Wartość 0 wstawiona nieprawidłowo
22:56:29.028 [main] INFO  sudoku.model.SudokuBoard - Bład w kwadracie 0
sudoku.model.SudokuBoard@5345dfe8[
  size=9
  solver=sudoku.model.BacktrackingSudokuSolver@478967eb
  board={{8,4,5,9,1,3,2,6,7},{1,7,2,8,4,6,9,3,5},{9,3,6,5,7,2,4,8,1},{3,6,7,4,5,8,1,9,2},{2,5,9,3,6,1,8,7,4},{4,1,8,7,2,9,3,5,6},{5,8,1,6,3,4,7,2,9},{6,2,3,1,8,7,5,0,0},{0,0,0,0,0,0,0,0,0}}
]
22:56:29.028 [main] INFO  sudoku.model.SudokuBoard - Wartość 0 wstawiona nieprawidłowo
22:56:29.028 [main] INFO  sudoku.model.SudokuBoard - Bład w kwadracie 0
sudoku.model.SudokuBoard@5345dfe8[
  size=9
  solver=sudoku.model.BacktrackingSudokuSolver@478967eb
  board={{8,4,5,9,1,3,2,6,7},{1,7,2,8,4,6,9,3,5},{9,3,6,5,7,2,4,8,1},{3,6,7,4,5,8,1,9,2},{2,5,9,3,6,1,8,7,4},{4,1,8,7,2,9,3,5,6},{5,8,1,6,3,4,7,2,9},{6,2,3,1,8,7,0,0,0},{0,0,0,0,0,0,0,0,0}}
]
22:56:29.028 [main] INFO  sudoku.model.SudokuBoard - Wartość 0 wstawiona nieprawidłowo
22:56:29.029 [main] INFO  sudoku.model.SudokuBoard - Bład w kwadracie 0
sudoku.model.SudokuBoard@5345dfe8[
  size=9
  solver=sudoku.model.BacktrackingSudokuSolver@478967eb
  board={{8,4,5,9,1,3,2,6,7},{1,7,2,8,4,6,9,3,5},{9,3,6,5,7,2,4,8,1},{3,6,7,4,5,8,1,9,2},{2,5,9,3,6,1,8,7,4},{4,1,8,7,2,9,3,5,6},{5,8,1,6,3,4,7,2,9},{6,2,3,1,8,0,0,0,0},{0,0,0,0,0,0,0,0,0}}
]
22:56:29.029 [main] INFO  sudoku.model.SudokuBoard - Wartość 0 wstawiona nieprawidłowo
22:56:29.029 [main] INFO  sudoku.model.SudokuBoard - Bład w kwadracie 0
sudoku.model.SudokuBoard@5345dfe8[
  size=9
  solver=sudoku.model.BacktrackingSudokuSolver@478967eb
  board={{8,4,5,9,1,3,2,6,7},{1,7,2,8,4,6,9,3,5},{9,3,6,5,7,2,4,8,1},{3,6,7,4,5,8,1,9,2},{2,5,9,3,6,1,8,7,4},{4,1,8,7,2,9,3,5,6},{5,8,1,6,3,4,7,2,9},{6,2,3,1,0,0,0,0,0},{0,0,0,0,0,0,0,0,0}}
]
22:56:29.029 [main] INFO  sudoku.model.SudokuBoard - Wartość 0 wstawiona nieprawidłowo
]]></system-out>
  </testcase>
</testsuite>