<?xml version="1.0" encoding="UTF-8"?>
<testsuite xmlns:xsi="http://www.w3.org/2001/XMLSchema-instance" xsi:noNamespaceSchemaLocation="https://maven.apache.org/surefire/maven-surefire-plugin/xsd/surefire-test-report-3.0.xsd" version="3.0" name="sudoku.model.SeriesTest" time="0.538" tests="5" errors="0" skipped="0" failures="0">
  <properties>
    <property name="java.specification.version" value="14"/>
    <property name="sun.cpu.isalist" value="amd64"/>
    <property name="sun.jnu.encoding" value="Cp1250"/>
    <property name="java.class.path" value="E:\studia\Sem-3\Programowanie komponentowe (07 72 3060 19)_pliki\ProjektKompo\an_pn_1145_03\Model\target\test-classes;C:\Users\maldo\.m2\repository\org\junit\jupiter\junit-jupiter-engine\5.6.2\junit-jupiter-engine-5.6.2.jar;C:\Users\maldo\.m2\repository\org\apiguardian\apiguardian-api\1.1.0\apiguardian-api-1.1.0.jar;C:\Users\maldo\.m2\repository\org\junit\platform\junit-platform-engine\1.6.2\junit-platform-engine-1.6.2.jar;C:\Users\maldo\.m2\repository\org\opentest4j\opentest4j\1.2.0\opentest4j-1.2.0.jar;C:\Users\maldo\.m2\repository\org\junit\platform\junit-platform-commons\1.6.2\junit-platform-commons-1.6.2.jar;C:\Users\maldo\.m2\repository\org\junit\jupiter\junit-jupiter-api\5.6.2\junit-jupiter-api-5.6.2.jar;C:\Users\maldo\.m2\repository\org\projectlombok\lombok\1.18.16\lombok-1.18.16.jar;C:\Users\maldo\.m2\repository\org\hibernate\hibernate-core\5.4.27.Final\hibernate-core-5.4.27.Final.jar;C:\Users\maldo\.m2\repository\org\jboss\logging\jboss-logging\3.4.1.Final\jboss-logging-3.4.1.Final.jar;C:\Users\maldo\.m2\repository\org\javassist\javassist\3.27.0-GA\javassist-3.27.0-GA.jar;C:\Users\maldo\.m2\repository\net\bytebuddy\byte-buddy\1.10.17\byte-buddy-1.10.17.jar;C:\Users\maldo\.m2\repository\antlr\antlr\2.7.7\antlr-2.7.7.jar;C:\Users\maldo\.m2\repository\org\jboss\spec\javax\transaction\jboss-transaction-api_1.2_spec\1.1.1.Final\jboss-transaction-api_1.2_spec-1.1.1.Final.jar;C:\Users\maldo\.m2\repository\org\jboss\jandex\2.1.3.Final\jandex-2.1.3.Final.jar;C:\Users\maldo\.m2\repository\com\fasterxml\classmate\1.5.1\classmate-1.5.1.jar;C:\Users\maldo\.m2\repository\javax\activation\javax.activation-api\1.2.0\javax.activation-api-1.2.0.jar;C:\Users\maldo\.m2\repository\org\dom4j\dom4j\2.1.3\dom4j-2.1.3.jar;C:\Users\maldo\.m2\repository\javax\xml\bind\jaxb-api\2.3.1\jaxb-api-2.3.1.jar;C:\Users\maldo\.m2\repository\com\h2database\h2\1.4.200\h2-1.4.200.jar;C:\Users\maldo\.m2\repository\jakarta\xml\bind\jakarta.xml.bind-api\3.0.0\jakarta.xml.bind-api-3.0.0.jar;C:\Users\maldo\.m2\repository\com\sun\activation\jakarta.activation\2.0.0\jakarta.activation-2.0.0.jar;C:\Users\maldo\.m2\repository\org\glassfish\jaxb\jaxb-runtime\3.0.0\jaxb-runtime-3.0.0.jar;C:\Users\maldo\.m2\repository\org\glassfish\jaxb\jaxb-core\3.0.0\jaxb-core-3.0.0.jar;C:\Users\maldo\.m2\repository\org\glassfish\jaxb\txw2\3.0.0\txw2-3.0.0.jar;C:\Users\maldo\.m2\repository\com\sun\istack\istack-commons-runtime\4.0.0\istack-commons-runtime-4.0.0.jar;C:\Users\maldo\.m2\repository\ch\qos\logback\logback-classic\1.1.7\logback-classic-1.1.7.jar;C:\Users\maldo\.m2\repository\ch\qos\logback\logback-core\1.1.7\logback-core-1.1.7.jar;C:\Users\maldo\.m2\repository\org\openjfx\javafx-controls\13\javafx-controls-13.jar;C:\Users\maldo\.m2\repository\org\openjfx\javafx-controls\13\javafx-controls-13-win.jar;C:\Users\maldo\.m2\repository\org\openjfx\javafx-graphics\13\javafx-graphics-13.jar;C:\Users\maldo\.m2\repository\org\openjfx\javafx-graphics\13\javafx-graphics-13-win.jar;C:\Users\maldo\.m2\repository\org\openjfx\javafx-base\13\javafx-base-13.jar;C:\Users\maldo\.m2\repository\org\openjfx\javafx-fxml\13\javafx-fxml-13.jar;C:\Users\maldo\.m2\repository\org\openjfx\javafx-fxml\13\javafx-fxml-13-win.jar;"/>
    <property name="java.vm.vendor" value="Oracle Corporation"/>
    <property name="sun.arch.data.model" value="64"/>
    <property name="user.variant" value=""/>
    <property name="java.vendor.url" value="https://java.oracle.com/"/>
    <property name="user.timezone" value="Europe/Warsaw"/>
    <property name="os.name" value="Windows 10"/>
    <property name="java.vm.specification.version" value="14"/>
    <property name="sun.java.launcher" value="SUN_STANDARD"/>
    <property name="user.country" value="PL"/>
    <property name="sun.boot.library.path" value="C:\Program Files\Java\jdk-14.0.2\bin"/>
    <property name="sun.java.command" value="org.apache.maven.surefire.booter.ForkedBooter C:\Users\maldo\AppData\Local\Temp\surefire14573791560388020930 2021-01-30T14-29-35_748-jvmRun1 surefire15519588808954748322tmp surefire_017571856067337991104tmp"/>
    <property name="jdk.debug" value="release"/>
    <property name="surefire.test.class.path" value="E:\studia\Sem-3\Programowanie komponentowe (07 72 3060 19)_pliki\ProjektKompo\an_pn_1145_03\Model\target\test-classes;C:\Users\maldo\.m2\repository\org\junit\jupiter\junit-jupiter-engine\5.6.2\junit-jupiter-engine-5.6.2.jar;C:\Users\maldo\.m2\repository\org\apiguardian\apiguardian-api\1.1.0\apiguardian-api-1.1.0.jar;C:\Users\maldo\.m2\repository\org\junit\platform\junit-platform-engine\1.6.2\junit-platform-engine-1.6.2.jar;C:\Users\maldo\.m2\repository\org\opentest4j\opentest4j\1.2.0\opentest4j-1.2.0.jar;C:\Users\maldo\.m2\repository\org\junit\platform\junit-platform-commons\1.6.2\junit-platform-commons-1.6.2.jar;C:\Users\maldo\.m2\repository\org\junit\jupiter\junit-jupiter-api\5.6.2\junit-jupiter-api-5.6.2.jar;C:\Users\maldo\.m2\repository\org\projectlombok\lombok\1.18.16\lombok-1.18.16.jar;C:\Users\maldo\.m2\repository\org\hibernate\hibernate-core\5.4.27.Final\hibernate-core-5.4.27.Final.jar;C:\Users\maldo\.m2\repository\org\jboss\logging\jboss-logging\3.4.1.Final\jboss-logging-3.4.1.Final.jar;C:\Users\maldo\.m2\repository\org\javassist\javassist\3.27.0-GA\javassist-3.27.0-GA.jar;C:\Users\maldo\.m2\repository\net\bytebuddy\byte-buddy\1.10.17\byte-buddy-1.10.17.jar;C:\Users\maldo\.m2\repository\antlr\antlr\2.7.7\antlr-2.7.7.jar;C:\Users\maldo\.m2\repository\org\jboss\spec\javax\transaction\jboss-transaction-api_1.2_spec\1.1.1.Final\jboss-transaction-api_1.2_spec-1.1.1.Final.jar;C:\Users\maldo\.m2\repository\org\jboss\jandex\2.1.3.Final\jandex-2.1.3.Final.jar;C:\Users\maldo\.m2\repository\com\fasterxml\classmate\1.5.1\classmate-1.5.1.jar;C:\Users\maldo\.m2\repository\javax\activation\javax.activation-api\1.2.0\javax.activation-api-1.2.0.jar;C:\Users\maldo\.m2\repository\org\dom4j\dom4j\2.1.3\dom4j-2.1.3.jar;C:\Users\maldo\.m2\repository\javax\xml\bind\jaxb-api\2.3.1\jaxb-api-2.3.1.jar;C:\Users\maldo\.m2\repository\com\h2database\h2\1.4.200\h2-1.4.200.jar;C:\Users\maldo\.m2\repository\jakarta\xml\bind\jakarta.xml.bind-api\3.0.0\jakarta.xml.bind-api-3.0.0.jar;C:\Users\maldo\.m2\repository\com\sun\activation\jakarta.activation\2.0.0\jakarta.activation-2.0.0.jar;C:\Users\maldo\.m2\repository\org\glassfish\jaxb\jaxb-runtime\3.0.0\jaxb-runtime-3.0.0.jar;C:\Users\maldo\.m2\repository\org\glassfish\jaxb\jaxb-core\3.0.0\jaxb-core-3.0.0.jar;C:\Users\maldo\.m2\repository\org\glassfish\jaxb\txw2\3.0.0\txw2-3.0.0.jar;C:\Users\maldo\.m2\repository\com\sun\istack\istack-commons-runtime\4.0.0\istack-commons-runtime-4.0.0.jar;C:\Users\maldo\.m2\repository\ch\qos\logback\logback-classic\1.1.7\logback-classic-1.1.7.jar;C:\Users\maldo\.m2\repository\ch\qos\logback\logback-core\1.1.7\logback-core-1.1.7.jar;C:\Users\maldo\.m2\repository\org\openjfx\javafx-controls\13\javafx-controls-13.jar;C:\Users\maldo\.m2\repository\org\openjfx\javafx-controls\13\javafx-controls-13-win.jar;C:\Users\maldo\.m2\repository\org\openjfx\javafx-graphics\13\javafx-graphics-13.jar;C:\Users\maldo\.m2\repository\org\openjfx\javafx-graphics\13\javafx-graphics-13-win.jar;C:\Users\maldo\.m2\repository\org\openjfx\javafx-base\13\javafx-base-13.jar;C:\Users\maldo\.m2\repository\org\openjfx\javafx-fxml\13\javafx-fxml-13.jar;C:\Users\maldo\.m2\repository\org\openjfx\javafx-fxml\13\javafx-fxml-13-win.jar;"/>
    <property name="sun.cpu.endian" value="little"/>
    <property name="user.home" value="C:\Users\maldo"/>
    <property name="user.language" value="pl"/>
    <property name="java.specification.vendor" value="Oracle Corporation"/>
    <property name="jdk.module.path" value="E:\studia\Sem-3\Programowanie komponentowe (07 72 3060 19)_pliki\ProjektKompo\an_pn_1145_03\Model\target\classes;C:\Users\maldo\.m2\repository\org\apache\commons\commons-lang3\3.11\commons-lang3-3.11.jar;C:\Users\maldo\.m2\repository\javax\persistence\javax.persistence-api\2.2\javax.persistence-api-2.2.jar;C:\Users\maldo\.m2\repository\org\hibernate\common\hibernate-commons-annotations\5.1.2.Final\hibernate-commons-annotations-5.1.2.Final.jar;C:\Users\maldo\.m2\repository\org\hibernate\hibernate-entitymanager\5.4.27.Final\hibernate-entitymanager-5.4.27.Final.jar;C:\Users\maldo\.m2\repository\org\slf4j\slf4j-api\1.7.30\slf4j-api-1.7.30.jar;C:\Users\maldo\.m2\repository\org\openjfx\javafx-base\13\javafx-base-13-win.jar"/>
    <property name="java.version.date" value="2020-07-14"/>
    <property name="java.home" value="C:\Program Files\Java\jdk-14.0.2"/>
    <property name="file.separator" value="\"/>
    <property name="basedir" value="E:\studia\Sem-3\Programowanie komponentowe (07 72 3060 19)_pliki\ProjektKompo\an_pn_1145_03\Model"/>
    <property name="java.vm.compressedOopsMode" value="Zero based"/>
    <property name="line.separator" value="&#10;"/>
    <property name="java.vm.specification.vendor" value="Oracle Corporation"/>
    <property name="java.specification.name" value="Java Platform API Specification"/>
    <property name="surefire.real.class.path" value="C:\Users\maldo\.m2\repository\org\apache\maven\surefire\surefire-booter\3.0.0-M5\surefire-booter-3.0.0-M5.jar;C:\Users\maldo\.m2\repository\org\apache\maven\surefire\surefire-api\3.0.0-M5\surefire-api-3.0.0-M5.jar;C:\Users\maldo\.m2\repository\org\apache\maven\surefire\surefire-logger-api\3.0.0-M5\surefire-logger-api-3.0.0-M5.jar;C:\Users\maldo\.m2\repository\org\apache\maven\surefire\surefire-shared-utils\3.0.0-M4\surefire-shared-utils-3.0.0-M4.jar;C:\Users\maldo\.m2\repository\org\apache\maven\surefire\surefire-extensions-spi\3.0.0-M5\surefire-extensions-spi-3.0.0-M5.jar;E:\studia\Sem-3\Programowanie komponentowe (07 72 3060 19)_pliki\ProjektKompo\an_pn_1145_03\Model\target\test-classes;C:\Users\maldo\.m2\repository\org\junit\jupiter\junit-jupiter-engine\5.6.2\junit-jupiter-engine-5.6.2.jar;C:\Users\maldo\.m2\repository\org\apiguardian\apiguardian-api\1.1.0\apiguardian-api-1.1.0.jar;C:\Users\maldo\.m2\repository\org\junit\platform\junit-platform-engine\1.6.2\junit-platform-engine-1.6.2.jar;C:\Users\maldo\.m2\repository\org\opentest4j\opentest4j\1.2.0\opentest4j-1.2.0.jar;C:\Users\maldo\.m2\repository\org\junit\platform\junit-platform-commons\1.6.2\junit-platform-commons-1.6.2.jar;C:\Users\maldo\.m2\repository\org\junit\jupiter\junit-jupiter-api\5.6.2\junit-jupiter-api-5.6.2.jar;C:\Users\maldo\.m2\repository\org\projectlombok\lombok\1.18.16\lombok-1.18.16.jar;C:\Users\maldo\.m2\repository\org\hibernate\hibernate-core\5.4.27.Final\hibernate-core-5.4.27.Final.jar;C:\Users\maldo\.m2\repository\org\jboss\logging\jboss-logging\3.4.1.Final\jboss-logging-3.4.1.Final.jar;C:\Users\maldo\.m2\repository\org\javassist\javassist\3.27.0-GA\javassist-3.27.0-GA.jar;C:\Users\maldo\.m2\repository\net\bytebuddy\byte-buddy\1.10.17\byte-buddy-1.10.17.jar;C:\Users\maldo\.m2\repository\antlr\antlr\2.7.7\antlr-2.7.7.jar;C:\Users\maldo\.m2\repository\org\jboss\spec\javax\transaction\jboss-transaction-api_1.2_spec\1.1.1.Final\jboss-transaction-api_1.2_spec-1.1.1.Final.jar;C:\Users\maldo\.m2\repository\org\jboss\jandex\2.1.3.Final\jandex-2.1.3.Final.jar;C:\Users\maldo\.m2\repository\com\fasterxml\classmate\1.5.1\classmate-1.5.1.jar;C:\Users\maldo\.m2\repository\javax\activation\javax.activation-api\1.2.0\javax.activation-api-1.2.0.jar;C:\Users\maldo\.m2\repository\org\dom4j\dom4j\2.1.3\dom4j-2.1.3.jar;C:\Users\maldo\.m2\repository\javax\xml\bind\jaxb-api\2.3.1\jaxb-api-2.3.1.jar;C:\Users\maldo\.m2\repository\com\h2database\h2\1.4.200\h2-1.4.200.jar;C:\Users\maldo\.m2\repository\jakarta\xml\bind\jakarta.xml.bind-api\3.0.0\jakarta.xml.bind-api-3.0.0.jar;C:\Users\maldo\.m2\repository\com\sun\activation\jakarta.activation\2.0.0\jakarta.activation-2.0.0.jar;C:\Users\maldo\.m2\repository\org\glassfish\jaxb\jaxb-runtime\3.0.0\jaxb-runtime-3.0.0.jar;C:\Users\maldo\.m2\repository\org\glassfish\jaxb\jaxb-core\3.0.0\jaxb-core-3.0.0.jar;C:\Users\maldo\.m2\repository\org\glassfish\jaxb\txw2\3.0.0\txw2-3.0.0.jar;C:\Users\maldo\.m2\repository\com\sun\istack\istack-commons-runtime\4.0.0\istack-commons-runtime-4.0.0.jar;C:\Users\maldo\.m2\repository\ch\qos\logback\logback-classic\1.1.7\logback-classic-1.1.7.jar;C:\Users\maldo\.m2\repository\ch\qos\logback\logback-core\1.1.7\logback-core-1.1.7.jar;C:\Users\maldo\.m2\repository\org\openjfx\javafx-controls\13\javafx-controls-13.jar;C:\Users\maldo\.m2\repository\org\openjfx\javafx-controls\13\javafx-controls-13-win.jar;C:\Users\maldo\.m2\repository\org\openjfx\javafx-graphics\13\javafx-graphics-13.jar;C:\Users\maldo\.m2\repository\org\openjfx\javafx-graphics\13\javafx-graphics-13-win.jar;C:\Users\maldo\.m2\repository\org\openjfx\javafx-base\13\javafx-base-13.jar;C:\Users\maldo\.m2\repository\org\openjfx\javafx-fxml\13\javafx-fxml-13.jar;C:\Users\maldo\.m2\repository\org\openjfx\javafx-fxml\13\javafx-fxml-13-win.jar;C:\Users\maldo\.m2\repository\org\apache\maven\surefire\surefire-junit-platform\3.0.0-M5\surefire-junit-platform-3.0.0-M5.jar;C:\Users\maldo\.m2\repository\org\apache\maven\surefire\common-java5\3.0.0-M5\common-java5-3.0.0-M5.jar;C:\Users\maldo\.m2\repository\org\junit\platform\junit-platform-launcher\1.6.2\junit-platform-launcher-1.6.2.jar"/>
    <property name="user.script" value=""/>
    <property name="sun.management.compiler" value="HotSpot 64-Bit Tiered Compilers"/>
    <property name="java.runtime.version" value="14.0.2+12-46"/>
    <property name="user.name" value="maldo"/>
    <property name="path.separator" value=";"/>
    <property name="os.version" value="10.0"/>
    <property name="java.runtime.name" value="Java(TM) SE Runtime Environment"/>
    <property name="file.encoding" value="Cp1250"/>
    <property name="java.vm.name" value="Java HotSpot(TM) 64-Bit Server VM"/>
    <property name="localRepository" value="C:\Users\maldo\.m2\repository"/>
    <property name="java.vendor.url.bug" value="https://bugreport.java.com/bugreport/"/>
    <property name="java.io.tmpdir" value="C:\Users\maldo\AppData\Local\Temp\"/>
    <property name="idea.version" value="2020.2.3"/>
    <property name="java.version" value="14.0.2"/>
    <property name="user.dir" value="E:\studia\Sem-3\Programowanie komponentowe (07 72 3060 19)_pliki\ProjektKompo\an_pn_1145_03\Model"/>
    <property name="os.arch" value="amd64"/>
    <property name="java.vm.specification.name" value="Java Virtual Machine Specification"/>
    <property name="sun.os.patch.level" value=""/>
    <property name="java.library.path" value="C:\Program Files\Java\jdk-14.0.2\bin;C:\WINDOWS\Sun\Java\bin;C:\WINDOWS\system32;C:\WINDOWS;C:\Program Files (x86)\Razer Chroma SDK\bin;C:\Program Files\Razer Chroma SDK\bin;C:\Python\Scripts\;C:\Python\;C:\Program Files (x86)\Intel\iCLS Client\;C:\Program Files\Intel\iCLS Client\;C:\Windows\system32;C:\Windows;C:\Windows\System32\Wbem;C:\Windows\System32\WindowsPowerShell\v1.0\;C:\Windows\System32\OpenSSH\;C:\Program Files (x86)\NVIDIA Corporation\PhysX\Common;C:\Program Files (x86)\Intel\Intel(R) Management Engine Components\DAL;C:\Program Files\Intel\Intel(R) Management Engine Components\DAL;C:\Program Files (x86)\Intel\Intel(R) Management Engine Components\IPT;C:\Program Files\Intel\Intel(R) Management Engine Components\IPT;C:\Program Files\Intel\WiFi\bin\;C:\Program Files\Common Files\Intel\WirelessCommon\;C:\Program Files (x86)\Windows Kits\8.1\Windows Performance Toolkit\;C:\Users\maldo\AppData\Local\Microsoft\WindowsApps;C:\Program Files\NVIDIA Corporation\NVIDIA NvDLISR;C:\Program Files (x86)\MKVToolNix;C:\WINDOWS\system32;C:\WINDOWS;C:\WINDOWS\System32\Wbem;C:\WINDOWS\System32\WindowsPowerShell\v1.0\;C:\WINDOWS\System32\OpenSSH\;E:\studia\Sem-3\Programowanie komponentowe (07 72 3060 19)_pliki\apache-maven-3.6.3\bin;C:\msys64\usr\bin;C:\Program Files\Java\jdk-14.0.2\bin;C:\Program Files (x86)\Calibre2\;C:\Users\maldo\AppData\Local\Microsoft\WindowsApps;C:\Program Files\Intel\WiFi\bin\;C:\Program Files\Common Files\Intel\WirelessCommon\;C:\Program Files\JetBrains\CLion 2019.3.3\bin;;C:\Users\maldo\AppData\Local\Programs\Microsoft VS Code\bin;C:\Users\maldo\AppData\Local\GitHubDesktop\bin;."/>
    <property name="java.vm.info" value="mixed mode"/>
    <property name="java.vendor" value="Oracle Corporation"/>
    <property name="java.vm.version" value="14.0.2+12-46"/>
    <property name="sun.io.unicode.encoding" value="UnicodeLittle"/>
    <property name="java.class.version" value="58.0"/>
  </properties>
  <testcase name="testEqualsDiffrent" classname="sudoku.model.SeriesTest" time="0.43">
    <system-out><![CDATA[14:29:39.902 [main] INFO  sudoku.model.SudokuBoard - Bład w kwadracie 0
sudoku.model.SudokuBoard@78b0ec3a[
  size=9
  solver=sudoku.model.BacktrackingSudokuSolver@46612bfc
  board={{8,9,6,7,1,3,2,4,5},{7,1,2,9,4,5,6,3,8},{3,4,5,2,6,8,9,7,1},{4,2,7,5,3,9,8,1,6},{9,3,1,8,2,4,0,0,0},{0,0,0,0,0,0,0,0,0},{0,0,0,0,0,0,0,0,0},{0,0,0,0,0,0,0,0,0},{0,0,0,0,0,0,0,0,0}}
]
14:29:39.902 [main] INFO  sudoku.model.SudokuBoard - Wartość 0 wstawiona nieprawidłowo
14:29:39.902 [main] INFO  sudoku.model.SudokuBoard - Bład w kwadracie 0
sudoku.model.SudokuBoard@78b0ec3a[
  size=9
  solver=sudoku.model.BacktrackingSudokuSolver@46612bfc
  board={{8,9,6,7,1,3,2,4,5},{7,1,2,9,4,5,6,3,8},{3,4,5,2,6,8,9,7,1},{4,2,7,5,3,9,8,1,6},{9,3,1,8,2,4,7,0,0},{0,0,0,0,0,0,0,0,0},{0,0,0,0,0,0,0,0,0},{0,0,0,0,0,0,0,0,0},{0,0,0,0,0,0,0,0,0}}
]
14:29:39.903 [main] INFO  sudoku.model.SudokuBoard - Wartość 0 wstawiona nieprawidłowo
14:29:39.903 [main] INFO  sudoku.model.SudokuBoard - Bład w kwadracie 0
sudoku.model.SudokuBoard@78b0ec3a[
  size=9
  solver=sudoku.model.BacktrackingSudokuSolver@46612bfc
  board={{8,9,6,7,1,3,2,4,5},{7,1,2,9,4,5,6,3,8},{3,4,5,2,6,8,9,7,1},{4,2,7,5,3,9,8,1,6},{9,3,1,8,2,4,0,0,0},{0,0,0,0,0,0,0,0,0},{0,0,0,0,0,0,0,0,0},{0,0,0,0,0,0,0,0,0},{0,0,0,0,0,0,0,0,0}}
]
14:29:39.903 [main] INFO  sudoku.model.SudokuBoard - Wartość 0 wstawiona nieprawidłowo
14:29:39.903 [main] INFO  sudoku.model.SudokuBoard - Bład w kwadracie 0
sudoku.model.SudokuBoard@78b0ec3a[
  size=9
  solver=sudoku.model.BacktrackingSudokuSolver@46612bfc
  board={{8,9,6,7,1,3,2,4,5},{7,1,2,9,4,5,6,3,8},{3,4,5,2,6,8,9,7,1},{4,2,7,5,3,9,8,1,6},{9,3,1,8,2,0,0,0,0},{0,0,0,0,0,0,0,0,0},{0,0,0,0,0,0,0,0,0},{0,0,0,0,0,0,0,0,0},{0,0,0,0,0,0,0,0,0}}
]
14:29:39.903 [main] INFO  sudoku.model.SudokuBoard - Wartość 0 wstawiona nieprawidłowo
14:29:39.904 [main] INFO  sudoku.model.SudokuBoard - Bład w kwadracie 0
sudoku.model.SudokuBoard@78b0ec3a[
  size=9
  solver=sudoku.model.BacktrackingSudokuSolver@46612bfc
  board={{8,9,6,7,1,3,2,4,5},{7,1,2,9,4,5,6,3,8},{3,4,5,2,6,8,9,7,1},{4,2,7,5,3,9,8,1,6},{9,3,1,8,2,6,4,5,7},{5,0,0,0,0,0,0,0,0},{0,0,0,0,0,0,0,0,0},{0,0,0,0,0,0,0,0,0},{0,0,0,0,0,0,0,0,0}}
]
14:29:39.904 [main] INFO  sudoku.model.SudokuBoard - Wartość 0 wstawiona nieprawidłowo
14:29:39.904 [main] INFO  sudoku.model.SudokuBoard - Bład w kwadracie 0
sudoku.model.SudokuBoard@78b0ec3a[
  size=9
  solver=sudoku.model.BacktrackingSudokuSolver@46612bfc
  board={{8,9,6,7,1,3,2,4,5},{7,1,2,9,4,5,6,3,8},{3,4,5,2,6,8,9,7,1},{4,2,7,5,3,9,8,1,6},{9,3,1,8,2,6,4,5,7},{5,6,8,1,7,4,3,9,2},{2,5,9,3,8,7,1,6,4},{1,7,3,4,9,2,5,0,0},{0,0,0,0,0,0,0,0,0}}
]
14:29:39.904 [main] INFO  sudoku.model.SudokuBoard - Wartość 0 wstawiona nieprawidłowo
14:29:39.907 [main] INFO  sudoku.model.SudokuBoard - Bład w kwadracie 0
sudoku.model.SudokuBoard@78b0ec3a[
  size=9
  solver=sudoku.model.BacktrackingSudokuSolver@46612bfc
  board={{8,9,6,7,1,3,2,4,5},{7,1,2,9,4,5,6,3,8},{3,4,5,2,6,8,9,7,1},{4,2,7,5,3,9,8,1,6},{9,3,1,8,2,6,4,5,7},{5,6,8,1,7,4,3,9,2},{2,5,9,3,8,7,1,6,4},{1,7,3,4,9,2,0,0,0},{0,0,0,0,0,0,0,0,0}}
]
14:29:39.907 [main] INFO  sudoku.model.SudokuBoard - Wartość 0 wstawiona nieprawidłowo
14:29:39.908 [main] INFO  sudoku.model.SudokuBoard - Bład w kwadracie 0
sudoku.model.SudokuBoard@78b0ec3a[
  size=9
  solver=sudoku.model.BacktrackingSudokuSolver@46612bfc
  board={{8,9,6,7,1,3,2,4,5},{7,1,2,9,4,5,6,3,8},{3,4,5,2,6,8,9,7,1},{4,2,7,5,3,9,8,1,6},{9,3,1,8,2,6,4,5,7},{5,6,8,1,7,4,3,9,2},{2,5,9,3,8,7,1,6,4},{1,7,3,4,9,0,0,0,0},{0,0,0,0,0,0,0,0,0}}
]
14:29:39.908 [main] INFO  sudoku.model.SudokuBoard - Wartość 0 wstawiona nieprawidłowo
14:29:39.908 [main] INFO  sudoku.model.SudokuBoard - Bład w kwadracie 0
sudoku.model.SudokuBoard@78b0ec3a[
  size=9
  solver=sudoku.model.BacktrackingSudokuSolver@46612bfc
  board={{8,9,6,7,1,3,2,4,5},{7,1,2,9,4,5,6,3,8},{3,4,5,2,6,8,9,7,1},{4,2,7,5,3,9,8,1,6},{9,3,1,8,2,6,4,5,7},{5,6,8,1,7,4,3,9,2},{2,5,9,3,8,7,1,6,4},{1,7,3,4,0,0,0,0,0},{0,0,0,0,0,0,0,0,0}}
]
14:29:39.908 [main] INFO  sudoku.model.SudokuBoard - Wartość 0 wstawiona nieprawidłowo
14:29:39.908 [main] INFO  sudoku.model.SudokuBoard - Bład w kwadracie 0
sudoku.model.SudokuBoard@78b0ec3a[
  size=9
  solver=sudoku.model.BacktrackingSudokuSolver@46612bfc
  board={{8,9,6,7,1,3,2,4,5},{7,1,2,9,4,5,6,3,8},{3,4,5,2,6,8,9,7,1},{4,2,7,5,3,9,8,1,6},{9,3,1,8,2,6,4,5,7},{5,6,8,1,7,4,3,9,2},{2,5,9,3,8,7,1,6,4},{1,7,3,4,5,0,0,0,0},{0,0,0,0,0,0,0,0,0}}
]
14:29:39.909 [main] INFO  sudoku.model.SudokuBoard - Wartość 0 wstawiona nieprawidłowo
14:29:39.909 [main] INFO  sudoku.model.SudokuBoard - Bład w kwadracie 0
sudoku.model.SudokuBoard@78b0ec3a[
  size=9
  solver=sudoku.model.BacktrackingSudokuSolver@46612bfc
  board={{8,9,6,7,1,3,2,4,5},{7,1,2,9,4,5,6,3,8},{3,4,5,2,6,8,9,7,1},{4,2,7,5,3,9,8,1,6},{9,3,1,8,2,6,4,5,7},{5,6,8,1,7,4,3,9,2},{2,5,9,3,8,7,1,6,4},{1,7,3,4,0,0,0,0,0},{0,0,0,0,0,0,0,0,0}}
]
14:29:39.909 [main] INFO  sudoku.model.SudokuBoard - Wartość 0 wstawiona nieprawidłowo
14:29:39.909 [main] INFO  sudoku.model.SudokuBoard - Bład w kwadracie 0
sudoku.model.SudokuBoard@78b0ec3a[
  size=9
  solver=sudoku.model.BacktrackingSudokuSolver@46612bfc
  board={{8,9,6,7,1,3,2,4,5},{7,1,2,9,4,5,6,3,8},{3,4,5,2,6,8,9,7,1},{4,2,7,5,3,9,8,1,6},{9,3,1,8,2,6,4,5,7},{5,6,8,1,7,4,3,9,2},{2,5,9,3,8,7,1,6,4},{1,7,3,0,0,0,0,0,0},{0,0,0,0,0,0,0,0,0}}
]
14:29:39.909 [main] INFO  sudoku.model.SudokuBoard - Wartość 0 wstawiona nieprawidłowo
14:29:39.909 [main] INFO  sudoku.model.SudokuBoard - Bład w kwadracie 0
sudoku.model.SudokuBoard@78b0ec3a[
  size=9
  solver=sudoku.model.BacktrackingSudokuSolver@46612bfc
  board={{8,9,6,7,1,3,2,4,5},{7,1,2,9,4,5,6,3,8},{3,4,5,2,6,8,9,7,1},{4,2,7,5,3,9,8,1,6},{9,3,1,8,2,6,4,5,7},{5,6,8,1,7,4,3,9,2},{2,5,9,3,8,7,1,6,4},{1,7,3,6,5,0,0,0,0},{0,0,0,0,0,0,0,0,0}}
]
14:29:39.910 [main] INFO  sudoku.model.SudokuBoard - Wartość 0 wstawiona nieprawidłowo
14:29:39.913 [main] INFO  sudoku.model.SudokuBoard - Bład w kwadracie 0
sudoku.model.SudokuBoard@78b0ec3a[
  size=9
  solver=sudoku.model.BacktrackingSudokuSolver@46612bfc
  board={{8,9,6,7,1,3,2,4,5},{7,1,2,9,4,5,6,3,8},{3,4,5,2,6,8,9,7,1},{4,2,7,5,3,9,8,1,6},{9,3,1,8,2,6,4,5,7},{5,6,8,1,7,4,3,9,2},{2,5,9,3,8,7,1,6,4},{1,7,3,6,0,0,0,0,0},{0,0,0,0,0,0,0,0,0}}
]
14:29:39.913 [main] INFO  sudoku.model.SudokuBoard - Wartość 0 wstawiona nieprawidłowo
14:29:39.913 [main] INFO  sudoku.model.SudokuBoard - Bład w kwadracie 0
sudoku.model.SudokuBoard@78b0ec3a[
  size=9
  solver=sudoku.model.BacktrackingSudokuSolver@46612bfc
  board={{8,9,6,7,1,3,2,4,5},{7,1,2,9,4,5,6,3,8},{3,4,5,2,6,8,9,7,1},{4,2,7,5,3,9,8,1,6},{9,3,1,8,2,6,4,5,7},{5,6,8,1,7,4,3,9,2},{2,5,9,3,8,7,1,6,4},{1,7,3,6,9,2,5,0,0},{0,0,0,0,0,0,0,0,0}}
]
14:29:39.914 [main] INFO  sudoku.model.SudokuBoard - Wartość 0 wstawiona nieprawidłowo
14:29:39.914 [main] INFO  sudoku.model.SudokuBoard - Bład w kwadracie 0
sudoku.model.SudokuBoard@78b0ec3a[
  size=9
  solver=sudoku.model.BacktrackingSudokuSolver@46612bfc
  board={{8,9,6,7,1,3,2,4,5},{7,1,2,9,4,5,6,3,8},{3,4,5,2,6,8,9,7,1},{4,2,7,5,3,9,8,1,6},{9,3,1,8,2,6,4,5,7},{5,6,8,1,7,4,3,9,2},{2,5,9,3,8,7,1,6,4},{1,7,3,6,9,2,0,0,0},{0,0,0,0,0,0,0,0,0}}
]
14:29:39.915 [main] INFO  sudoku.model.SudokuBoard - Wartość 0 wstawiona nieprawidłowo
14:29:39.915 [main] INFO  sudoku.model.SudokuBoard - Bład w kwadracie 0
sudoku.model.SudokuBoard@78b0ec3a[
  size=9
  solver=sudoku.model.BacktrackingSudokuSolver@46612bfc
  board={{8,9,6,7,1,3,2,4,5},{7,1,2,9,4,5,6,3,8},{3,4,5,2,6,8,9,7,1},{4,2,7,5,3,9,8,1,6},{9,3,1,8,2,6,4,5,7},{5,6,8,1,7,4,3,9,2},{2,5,9,3,8,7,1,6,4},{1,7,3,6,9,0,0,0,0},{0,0,0,0,0,0,0,0,0}}
]
14:29:39.915 [main] INFO  sudoku.model.SudokuBoard - Wartość 0 wstawiona nieprawidłowo
14:29:39.916 [main] INFO  sudoku.model.SudokuBoard - Bład w kwadracie 0
sudoku.model.SudokuBoard@78b0ec3a[
  size=9
  solver=sudoku.model.BacktrackingSudokuSolver@46612bfc
  board={{8,9,6,7,1,3,2,4,5},{7,1,2,9,4,5,6,3,8},{3,4,5,2,6,8,9,7,1},{4,2,7,5,3,9,8,1,6},{9,3,1,8,2,6,4,5,7},{5,6,8,1,7,4,3,9,2},{2,5,9,3,8,7,1,6,4},{1,7,3,6,0,0,0,0,0},{0,0,0,0,0,0,0,0,0}}
]
14:29:39.916 [main] INFO  sudoku.model.SudokuBoard - Wartość 0 wstawiona nieprawidłowo
14:29:39.916 [main] INFO  sudoku.model.SudokuBoard - Bład w kwadracie 0
sudoku.model.SudokuBoard@78b0ec3a[
  size=9
  solver=sudoku.model.BacktrackingSudokuSolver@46612bfc
  board={{8,9,6,7,1,3,2,4,5},{7,1,2,9,4,5,6,3,8},{3,4,5,2,6,8,9,7,1},{4,2,7,5,3,9,8,1,6},{9,3,1,8,2,6,4,5,7},{5,6,8,1,7,4,3,9,2},{2,5,9,3,8,7,1,6,4},{1,7,3,0,0,0,0,0,0},{0,0,0,0,0,0,0,0,0}}
]
14:29:39.916 [main] INFO  sudoku.model.SudokuBoard - Wartość 0 wstawiona nieprawidłowo
14:29:39.917 [main] INFO  sudoku.model.SudokuBoard - Bład w kwadracie 0
sudoku.model.SudokuBoard@78b0ec3a[
  size=9
  solver=sudoku.model.BacktrackingSudokuSolver@46612bfc
  board={{8,9,6,7,1,3,2,4,5},{7,1,2,9,4,5,6,3,8},{3,4,5,2,6,8,9,7,1},{4,2,7,5,3,9,8,1,6},{9,3,1,8,2,6,4,5,7},{5,6,8,1,7,4,3,9,2},{2,5,9,3,8,7,1,6,4},{1,7,0,0,0,0,0,0,0},{0,0,0,0,0,0,0,0,0}}
]
14:29:39.917 [main] INFO  sudoku.model.SudokuBoard - Wartość 0 wstawiona nieprawidłowo
14:29:39.918 [main] INFO  sudoku.model.SudokuBoard - Bład w kwadracie 0
sudoku.model.SudokuBoard@78b0ec3a[
  size=9
  solver=sudoku.model.BacktrackingSudokuSolver@46612bfc
  board={{8,9,6,7,1,3,2,4,5},{7,1,2,9,4,5,6,3,8},{3,4,5,2,6,8,9,7,1},{4,2,7,5,3,9,8,1,6},{9,3,1,8,2,6,4,5,7},{5,6,8,1,7,4,3,9,2},{2,5,9,3,8,7,1,6,4},{1,7,4,6,5,0,0,0,0},{0,0,0,0,0,0,0,0,0}}
]
14:29:39.918 [main] INFO  sudoku.model.SudokuBoard - Wartość 0 wstawiona nieprawidłowo
14:29:39.918 [main] INFO  sudoku.model.SudokuBoard - Bład w kwadracie 0
sudoku.model.SudokuBoard@78b0ec3a[
  size=9
  solver=sudoku.model.BacktrackingSudokuSolver@46612bfc
  board={{8,9,6,7,1,3,2,4,5},{7,1,2,9,4,5,6,3,8},{3,4,5,2,6,8,9,7,1},{4,2,7,5,3,9,8,1,6},{9,3,1,8,2,6,4,5,7},{5,6,8,1,7,4,3,9,2},{2,5,9,3,8,7,1,6,4},{1,7,4,6,0,0,0,0,0},{0,0,0,0,0,0,0,0,0}}
]
14:29:39.918 [main] INFO  sudoku.model.SudokuBoard - Wartość 0 wstawiona nieprawidłowo
14:29:39.919 [main] INFO  sudoku.model.SudokuBoard - Bład w kwadracie 0
sudoku.model.SudokuBoard@410fc508[
  size=9
  solver=sudoku.model.BacktrackingSudokuSolver@4e17442f
  board={{6,8,5,9,4,7,1,2,3},{7,9,3,5,1,2,6,8,4},{1,2,4,3,6,8,5,9,7},{9,7,6,1,2,3,4,5,8},{2,1,8,4,5,6,9,0,0},{0,0,0,0,0,0,0,0,0},{0,0,0,0,0,0,0,0,0},{0,0,0,0,0,0,0,0,0},{0,0,0,0,0,0,0,0,0}}
]
14:29:39.919 [main] INFO  sudoku.model.SudokuBoard - Wartość 0 wstawiona nieprawidłowo
14:29:39.920 [main] INFO  sudoku.model.SudokuBoard - Bład w kwadracie 0
sudoku.model.SudokuBoard@410fc508[
  size=9
  solver=sudoku.model.BacktrackingSudokuSolver@4e17442f
  board={{6,8,5,9,4,7,1,2,3},{7,9,3,5,1,2,6,8,4},{1,2,4,3,6,8,5,9,7},{9,7,6,1,2,3,4,5,8},{2,1,8,4,5,6,9,0,0},{0,0,0,0,0,0,0,0,0},{0,0,0,0,0,0,0,0,0},{0,0,0,0,0,0,0,0,0},{0,0,0,0,0,0,0,0,0}}
]
14:29:39.920 [main] INFO  sudoku.model.SudokuBoard - Wartość 0 wstawiona nieprawidłowo
14:29:39.920 [main] INFO  sudoku.model.SudokuBoard - Bład w kwadracie 0
sudoku.model.SudokuBoard@410fc508[
  size=9
  solver=sudoku.model.BacktrackingSudokuSolver@4e17442f
  board={{6,8,5,9,4,7,1,2,3},{7,9,3,5,1,2,6,8,4},{1,2,4,3,6,8,5,9,7},{9,7,6,1,2,3,4,5,8},{2,1,8,4,5,6,0,0,0},{0,0,0,0,0,0,0,0,0},{0,0,0,0,0,0,0,0,0},{0,0,0,0,0,0,0,0,0},{0,0,0,0,0,0,0,0,0}}
]
14:29:39.920 [main] INFO  sudoku.model.SudokuBoard - Wartość 0 wstawiona nieprawidłowo
14:29:39.920 [main] INFO  sudoku.model.SudokuBoard - Bład w kwadracie 0
sudoku.model.SudokuBoard@410fc508[
  size=9
  solver=sudoku.model.BacktrackingSudokuSolver@4e17442f
  board={{6,8,5,9,4,7,1,2,3},{7,9,3,5,1,2,6,8,4},{1,2,4,3,6,8,5,9,7},{9,7,6,1,2,3,4,5,8},{2,1,8,4,5,6,3,7,9},{5,0,0,0,0,0,0,0,0},{0,0,0,0,0,0,0,0,0},{0,0,0,0,0,0,0,0,0},{0,0,0,0,0,0,0,0,0}}
]
14:29:39.921 [main] INFO  sudoku.model.SudokuBoard - Wartość 0 wstawiona nieprawidłowo
14:29:39.923 [main] INFO  sudoku.model.SudokuBoard - Bład w kwadracie 0
sudoku.model.SudokuBoard@410fc508[
  size=9
  solver=sudoku.model.BacktrackingSudokuSolver@4e17442f
  board={{6,8,5,9,4,7,1,2,3},{7,9,3,5,1,2,6,8,4},{1,2,4,3,6,8,5,9,7},{9,7,6,1,2,3,4,5,8},{2,1,8,4,5,6,3,7,9},{5,0,0,0,0,0,0,0,0},{0,0,0,0,0,0,0,0,0},{0,0,0,0,0,0,0,0,0},{0,0,0,0,0,0,0,0,0}}
]
14:29:39.924 [main] INFO  sudoku.model.SudokuBoard - Wartość 0 wstawiona nieprawidłowo
14:29:39.924 [main] INFO  sudoku.model.SudokuBoard - Bład w kwadracie 0
sudoku.model.SudokuBoard@410fc508[
  size=9
  solver=sudoku.model.BacktrackingSudokuSolver@4e17442f
  board={{6,8,5,9,4,7,1,2,3},{7,9,3,5,1,2,6,8,4},{1,2,4,3,6,8,5,9,7},{9,7,6,1,2,3,4,5,8},{2,1,8,4,5,6,3,7,9},{0,0,0,0,0,0,0,0,0},{0,0,0,0,0,0,0,0,0},{0,0,0,0,0,0,0,0,0},{0,0,0,0,0,0,0,0,0}}
]
14:29:39.924 [main] INFO  sudoku.model.SudokuBoard - Wartość 0 wstawiona nieprawidłowo
14:29:39.924 [main] INFO  sudoku.model.SudokuBoard - Bład w kwadracie 0
sudoku.model.SudokuBoard@410fc508[
  size=9
  solver=sudoku.model.BacktrackingSudokuSolver@4e17442f
  board={{6,8,5,9,4,7,1,2,3},{7,9,3,5,1,2,6,8,4},{1,2,4,3,6,8,5,9,7},{9,7,6,1,2,3,4,5,8},{2,1,8,4,5,6,3,7,9},{3,0,0,0,0,0,0,0,0},{0,0,0,0,0,0,0,0,0},{0,0,0,0,0,0,0,0,0},{0,0,0,0,0,0,0,0,0}}
]
14:29:39.924 [main] INFO  sudoku.model.SudokuBoard - Wartość 0 wstawiona nieprawidłowo
14:29:39.925 [main] INFO  sudoku.model.SudokuBoard - Bład w kwadracie 0
sudoku.model.SudokuBoard@410fc508[
  size=9
  solver=sudoku.model.BacktrackingSudokuSolver@4e17442f
  board={{6,8,5,9,4,7,1,2,3},{7,9,3,5,1,2,6,8,4},{1,2,4,3,6,8,5,9,7},{9,7,6,1,2,3,4,5,8},{2,1,8,4,5,6,3,7,9},{3,0,0,0,0,0,0,0,0},{0,0,0,0,0,0,0,0,0},{0,0,0,0,0,0,0,0,0},{0,0,0,0,0,0,0,0,0}}
]
14:29:39.925 [main] INFO  sudoku.model.SudokuBoard - Wartość 0 wstawiona nieprawidłowo
14:29:39.926 [main] INFO  sudoku.model.SudokuBoard - Bład w kwadracie 0
sudoku.model.SudokuBoard@410fc508[
  size=9
  solver=sudoku.model.BacktrackingSudokuSolver@4e17442f
  board={{6,8,5,9,4,7,1,2,3},{7,9,3,5,1,2,6,8,4},{1,2,4,3,6,8,5,9,7},{9,7,6,1,2,3,4,5,8},{2,1,8,4,5,6,3,7,9},{0,0,0,0,0,0,0,0,0},{0,0,0,0,0,0,0,0,0},{0,0,0,0,0,0,0,0,0},{0,0,0,0,0,0,0,0,0}}
]
14:29:39.926 [main] INFO  sudoku.model.SudokuBoard - Wartość 0 wstawiona nieprawidłowo
14:29:39.926 [main] INFO  sudoku.model.SudokuBoard - Bład w kwadracie 0
sudoku.model.SudokuBoard@410fc508[
  size=9
  solver=sudoku.model.BacktrackingSudokuSolver@4e17442f
  board={{6,8,5,9,4,7,1,2,3},{7,9,3,5,1,2,6,8,4},{1,2,4,3,6,8,5,9,7},{9,7,6,1,2,3,4,5,8},{2,1,8,4,5,6,3,7,9},{4,0,0,0,0,0,0,0,0},{0,0,0,0,0,0,0,0,0},{0,0,0,0,0,0,0,0,0},{0,0,0,0,0,0,0,0,0}}
]
14:29:39.927 [main] INFO  sudoku.model.SudokuBoard - Wartość 0 wstawiona nieprawidłowo
14:29:39.928 [main] INFO  sudoku.model.SudokuBoard - Bład w kwadracie 0
sudoku.model.SudokuBoard@410fc508[
  size=9
  solver=sudoku.model.BacktrackingSudokuSolver@4e17442f
  board={{6,8,5,9,4,7,1,2,3},{7,9,3,5,1,2,6,8,4},{1,2,4,3,6,8,5,9,7},{9,7,6,1,2,3,4,5,8},{2,1,8,4,5,6,3,7,9},{4,0,0,0,0,0,0,0,0},{0,0,0,0,0,0,0,0,0},{0,0,0,0,0,0,0,0,0},{0,0,0,0,0,0,0,0,0}}
]
14:29:39.929 [main] INFO  sudoku.model.SudokuBoard - Wartość 0 wstawiona nieprawidłowo
14:29:39.929 [main] INFO  sudoku.model.SudokuBoard - Bład w kwadracie 0
sudoku.model.SudokuBoard@410fc508[
  size=9
  solver=sudoku.model.BacktrackingSudokuSolver@4e17442f
  board={{6,8,5,9,4,7,1,2,3},{7,9,3,5,1,2,6,8,4},{1,2,4,3,6,8,5,9,7},{9,7,6,1,2,3,4,5,8},{2,1,8,4,5,6,3,7,9},{0,0,0,0,0,0,0,0,0},{0,0,0,0,0,0,0,0,0},{0,0,0,0,0,0,0,0,0},{0,0,0,0,0,0,0,0,0}}
]
14:29:39.931 [main] INFO  sudoku.model.SudokuBoard - Wartość 0 wstawiona nieprawidłowo
14:29:39.932 [main] INFO  sudoku.model.SudokuBoard - Bład w kwadracie 0
sudoku.model.SudokuBoard@410fc508[
  size=9
  solver=sudoku.model.BacktrackingSudokuSolver@4e17442f
  board={{6,8,5,9,4,7,1,2,3},{7,9,3,5,1,2,6,8,4},{1,2,4,3,6,8,5,9,7},{9,7,6,1,2,3,4,5,8},{2,1,8,4,5,6,3,7,0},{0,0,0,0,0,0,0,0,0},{0,0,0,0,0,0,0,0,0},{0,0,0,0,0,0,0,0,0},{0,0,0,0,0,0,0,0,0}}
]
14:29:39.936 [main] INFO  sudoku.model.SudokuBoard - Wartość 0 wstawiona nieprawidłowo
14:29:39.936 [main] INFO  sudoku.model.SudokuBoard - Bład w kwadracie 0
sudoku.model.SudokuBoard@410fc508[
  size=9
  solver=sudoku.model.BacktrackingSudokuSolver@4e17442f
  board={{6,8,5,9,4,7,1,2,3},{7,9,3,5,1,2,6,8,4},{1,2,4,3,6,8,5,9,7},{9,7,6,1,2,3,4,5,8},{2,1,8,4,5,6,3,0,0},{0,0,0,0,0,0,0,0,0},{0,0,0,0,0,0,0,0,0},{0,0,0,0,0,0,0,0,0},{0,0,0,0,0,0,0,0,0}}
]
14:29:39.937 [main] INFO  sudoku.model.SudokuBoard - Wartość 0 wstawiona nieprawidłowo
14:29:39.937 [main] INFO  sudoku.model.SudokuBoard - Bład w kwadracie 0
sudoku.model.SudokuBoard@410fc508[
  size=9
  solver=sudoku.model.BacktrackingSudokuSolver@4e17442f
  board={{6,8,5,9,4,7,1,2,3},{7,9,3,5,1,2,6,8,4},{1,2,4,3,6,8,5,9,7},{9,7,6,1,2,3,4,5,8},{2,1,8,4,5,6,0,0,0},{0,0,0,0,0,0,0,0,0},{0,0,0,0,0,0,0,0,0},{0,0,0,0,0,0,0,0,0},{0,0,0,0,0,0,0,0,0}}
]
14:29:39.938 [main] INFO  sudoku.model.SudokuBoard - Wartość 0 wstawiona nieprawidłowo
14:29:39.939 [main] INFO  sudoku.model.SudokuBoard - Bład w kwadracie 0
sudoku.model.SudokuBoard@410fc508[
  size=9
  solver=sudoku.model.BacktrackingSudokuSolver@4e17442f
  board={{6,8,5,9,4,7,1,2,3},{7,9,3,5,1,2,6,8,4},{1,2,4,3,6,8,5,9,7},{9,7,6,1,2,3,4,5,8},{2,1,8,4,5,6,7,3,9},{3,0,0,0,0,0,0,0,0},{0,0,0,0,0,0,0,0,0},{0,0,0,0,0,0,0,0,0},{0,0,0,0,0,0,0,0,0}}
]
14:29:39.958 [main] INFO  sudoku.model.SudokuBoard - Wartość 0 wstawiona nieprawidłowo
14:29:39.958 [main] INFO  sudoku.model.SudokuBoard - Bład w kwadracie 0
sudoku.model.SudokuBoard@410fc508[
  size=9
  solver=sudoku.model.BacktrackingSudokuSolver@4e17442f
  board={{6,8,5,9,4,7,1,2,3},{7,9,3,5,1,2,6,8,4},{1,2,4,3,6,8,5,9,7},{9,7,6,1,2,3,4,5,8},{2,1,8,4,5,6,7,3,9},{3,0,0,0,0,0,0,0,0},{0,0,0,0,0,0,0,0,0},{0,0,0,0,0,0,0,0,0},{0,0,0,0,0,0,0,0,0}}
]
14:29:39.958 [main] INFO  sudoku.model.SudokuBoard - Wartość 0 wstawiona nieprawidłowo
14:29:39.958 [main] INFO  sudoku.model.SudokuBoard - Bład w kwadracie 0
sudoku.model.SudokuBoard@410fc508[
  size=9
  solver=sudoku.model.BacktrackingSudokuSolver@4e17442f
  board={{6,8,5,9,4,7,1,2,3},{7,9,3,5,1,2,6,8,4},{1,2,4,3,6,8,5,9,7},{9,7,6,1,2,3,4,5,8},{2,1,8,4,5,6,7,3,9},{0,0,0,0,0,0,0,0,0},{0,0,0,0,0,0,0,0,0},{0,0,0,0,0,0,0,0,0},{0,0,0,0,0,0,0,0,0}}
]
14:29:39.959 [main] INFO  sudoku.model.SudokuBoard - Wartość 0 wstawiona nieprawidłowo
14:29:39.959 [main] INFO  sudoku.model.SudokuBoard - Bład w kwadracie 0
sudoku.model.SudokuBoard@410fc508[
  size=9
  solver=sudoku.model.BacktrackingSudokuSolver@4e17442f
  board={{6,8,5,9,4,7,1,2,3},{7,9,3,5,1,2,6,8,4},{1,2,4,3,6,8,5,9,7},{9,7,6,1,2,3,4,5,8},{2,1,8,4,5,6,7,3,9},{4,0,0,0,0,0,0,0,0},{0,0,0,0,0,0,0,0,0},{0,0,0,0,0,0,0,0,0},{0,0,0,0,0,0,0,0,0}}
]
14:29:39.959 [main] INFO  sudoku.model.SudokuBoard - Wartość 0 wstawiona nieprawidłowo
14:29:39.959 [main] INFO  sudoku.model.SudokuBoard - Bład w kwadracie 0
sudoku.model.SudokuBoard@410fc508[
  size=9
  solver=sudoku.model.BacktrackingSudokuSolver@4e17442f
  board={{6,8,5,9,4,7,1,2,3},{7,9,3,5,1,2,6,8,4},{1,2,4,3,6,8,5,9,7},{9,7,6,1,2,3,4,5,8},{2,1,8,4,5,6,7,3,9},{4,0,0,0,0,0,0,0,0},{0,0,0,0,0,0,0,0,0},{0,0,0,0,0,0,0,0,0},{0,0,0,0,0,0,0,0,0}}
]
14:29:39.959 [main] INFO  sudoku.model.SudokuBoard - Wartość 0 wstawiona nieprawidłowo
14:29:39.959 [main] INFO  sudoku.model.SudokuBoard - Bład w kwadracie 0
sudoku.model.SudokuBoard@410fc508[
  size=9
  solver=sudoku.model.BacktrackingSudokuSolver@4e17442f
  board={{6,8,5,9,4,7,1,2,3},{7,9,3,5,1,2,6,8,4},{1,2,4,3,6,8,5,9,7},{9,7,6,1,2,3,4,5,8},{2,1,8,4,5,6,7,3,9},{0,0,0,0,0,0,0,0,0},{0,0,0,0,0,0,0,0,0},{0,0,0,0,0,0,0,0,0},{0,0,0,0,0,0,0,0,0}}
]
14:29:39.960 [main] INFO  sudoku.model.SudokuBoard - Wartość 0 wstawiona nieprawidłowo
14:29:39.968 [main] INFO  sudoku.model.SudokuBoard - Bład w kwadracie 0
sudoku.model.SudokuBoard@410fc508[
  size=9
  solver=sudoku.model.BacktrackingSudokuSolver@4e17442f
  board={{6,8,5,9,4,7,1,2,3},{7,9,3,5,1,2,6,8,4},{1,2,4,3,6,8,5,9,7},{9,7,6,1,2,3,4,5,8},{2,1,8,4,5,6,7,3,9},{5,0,0,0,0,0,0,0,0},{0,0,0,0,0,0,0,0,0},{0,0,0,0,0,0,0,0,0},{0,0,0,0,0,0,0,0,0}}
]
14:29:39.968 [main] INFO  sudoku.model.SudokuBoard - Wartość 0 wstawiona nieprawidłowo
14:29:39.968 [main] INFO  sudoku.model.SudokuBoard - Bład w kwadracie 0
sudoku.model.SudokuBoard@410fc508[
  size=9
  solver=sudoku.model.BacktrackingSudokuSolver@4e17442f
  board={{6,8,5,9,4,7,1,2,3},{7,9,3,5,1,2,6,8,4},{1,2,4,3,6,8,5,9,7},{9,7,6,1,2,3,4,5,8},{2,1,8,4,5,6,7,3,9},{5,0,0,0,0,0,0,0,0},{0,0,0,0,0,0,0,0,0},{0,0,0,0,0,0,0,0,0},{0,0,0,0,0,0,0,0,0}}
]
14:29:39.968 [main] INFO  sudoku.model.SudokuBoard - Wartość 0 wstawiona nieprawidłowo
14:29:39.969 [main] INFO  sudoku.model.SudokuBoard - Bład w kwadracie 0
sudoku.model.SudokuBoard@410fc508[
  size=9
  solver=sudoku.model.BacktrackingSudokuSolver@4e17442f
  board={{6,8,5,9,4,7,1,2,3},{7,9,3,5,1,2,6,8,4},{1,2,4,3,6,8,5,9,7},{9,7,6,1,2,3,4,5,8},{2,1,8,4,5,6,7,3,9},{0,0,0,0,0,0,0,0,0},{0,0,0,0,0,0,0,0,0},{0,0,0,0,0,0,0,0,0},{0,0,0,0,0,0,0,0,0}}
]
14:29:39.969 [main] INFO  sudoku.model.SudokuBoard - Wartość 0 wstawiona nieprawidłowo
14:29:39.969 [main] INFO  sudoku.model.SudokuBoard - Bład w kwadracie 0
sudoku.model.SudokuBoard@410fc508[
  size=9
  solver=sudoku.model.BacktrackingSudokuSolver@4e17442f
  board={{6,8,5,9,4,7,1,2,3},{7,9,3,5,1,2,6,8,4},{1,2,4,3,6,8,5,9,7},{9,7,6,1,2,3,4,5,8},{2,1,8,4,5,6,7,3,0},{0,0,0,0,0,0,0,0,0},{0,0,0,0,0,0,0,0,0},{0,0,0,0,0,0,0,0,0},{0,0,0,0,0,0,0,0,0}}
]
14:29:39.969 [main] INFO  sudoku.model.SudokuBoard - Wartość 0 wstawiona nieprawidłowo
14:29:39.969 [main] INFO  sudoku.model.SudokuBoard - Bład w kwadracie 0
sudoku.model.SudokuBoard@410fc508[
  size=9
  solver=sudoku.model.BacktrackingSudokuSolver@4e17442f
  board={{6,8,5,9,4,7,1,2,3},{7,9,3,5,1,2,6,8,4},{1,2,4,3,6,8,5,9,7},{9,7,6,1,2,3,4,5,8},{2,1,8,4,5,6,7,0,0},{0,0,0,0,0,0,0,0,0},{0,0,0,0,0,0,0,0,0},{0,0,0,0,0,0,0,0,0},{0,0,0,0,0,0,0,0,0}}
]
14:29:39.969 [main] INFO  sudoku.model.SudokuBoard - Wartość 0 wstawiona nieprawidłowo
14:29:39.970 [main] INFO  sudoku.model.SudokuBoard - Bład w kwadracie 0
sudoku.model.SudokuBoard@410fc508[
  size=9
  solver=sudoku.model.BacktrackingSudokuSolver@4e17442f
  board={{6,8,5,9,4,7,1,2,3},{7,9,3,5,1,2,6,8,4},{1,2,4,3,6,8,5,9,7},{9,7,6,1,2,3,4,5,8},{2,1,8,4,5,6,0,0,0},{0,0,0,0,0,0,0,0,0},{0,0,0,0,0,0,0,0,0},{0,0,0,0,0,0,0,0,0},{0,0,0,0,0,0,0,0,0}}
]
14:29:39.970 [main] INFO  sudoku.model.SudokuBoard - Wartość 0 wstawiona nieprawidłowo
14:29:39.970 [main] INFO  sudoku.model.SudokuBoard - Bład w kwadracie 0
sudoku.model.SudokuBoard@410fc508[
  size=9
  solver=sudoku.model.BacktrackingSudokuSolver@4e17442f
  board={{6,8,5,9,4,7,1,2,3},{7,9,3,5,1,2,6,8,4},{1,2,4,3,6,8,5,9,7},{9,7,6,1,2,3,4,5,8},{2,1,8,4,5,0,0,0,0},{0,0,0,0,0,0,0,0,0},{0,0,0,0,0,0,0,0,0},{0,0,0,0,0,0,0,0,0},{0,0,0,0,0,0,0,0,0}}
]
14:29:39.970 [main] INFO  sudoku.model.SudokuBoard - Wartość 0 wstawiona nieprawidłowo
14:29:39.970 [main] INFO  sudoku.model.SudokuBoard - Bład w kwadracie 0
sudoku.model.SudokuBoard@410fc508[
  size=9
  solver=sudoku.model.BacktrackingSudokuSolver@4e17442f
  board={{6,8,5,9,4,7,1,2,3},{7,9,3,5,1,2,6,8,4},{1,2,4,3,6,8,5,9,7},{9,7,6,1,2,3,4,5,8},{2,1,8,4,5,9,3,0,0},{0,0,0,0,0,0,0,0,0},{0,0,0,0,0,0,0,0,0},{0,0,0,0,0,0,0,0,0},{0,0,0,0,0,0,0,0,0}}
]
14:29:39.970 [main] INFO  sudoku.model.SudokuBoard - Wartość 0 wstawiona nieprawidłowo
14:29:39.971 [main] INFO  sudoku.model.SudokuBoard - Bład w kwadracie 0
sudoku.model.SudokuBoard@410fc508[
  size=9
  solver=sudoku.model.BacktrackingSudokuSolver@4e17442f
  board={{6,8,5,9,4,7,1,2,3},{7,9,3,5,1,2,6,8,4},{1,2,4,3,6,8,5,9,7},{9,7,6,1,2,3,4,5,8},{2,1,8,4,5,9,3,7,6},{3,0,0,0,0,0,0,0,0},{0,0,0,0,0,0,0,0,0},{0,0,0,0,0,0,0,0,0},{0,0,0,0,0,0,0,0,0}}
]
14:29:39.980 [main] INFO  sudoku.model.SudokuBoard - Wartość 0 wstawiona nieprawidłowo
14:29:39.981 [main] INFO  sudoku.model.SudokuBoard - Bład w kwadracie 0
sudoku.model.SudokuBoard@410fc508[
  size=9
  solver=sudoku.model.BacktrackingSudokuSolver@4e17442f
  board={{6,8,5,9,4,7,1,2,3},{7,9,3,5,1,2,6,8,4},{1,2,4,3,6,8,5,9,7},{9,7,6,1,2,3,4,5,8},{2,1,8,4,5,9,3,7,6},{3,0,0,0,0,0,0,0,0},{0,0,0,0,0,0,0,0,0},{0,0,0,0,0,0,0,0,0},{0,0,0,0,0,0,0,0,0}}
]
14:29:39.981 [main] INFO  sudoku.model.SudokuBoard - Wartość 0 wstawiona nieprawidłowo
14:29:39.982 [main] INFO  sudoku.model.SudokuBoard - Bład w kwadracie 0
sudoku.model.SudokuBoard@410fc508[
  size=9
  solver=sudoku.model.BacktrackingSudokuSolver@4e17442f
  board={{6,8,5,9,4,7,1,2,3},{7,9,3,5,1,2,6,8,4},{1,2,4,3,6,8,5,9,7},{9,7,6,1,2,3,4,5,8},{2,1,8,4,5,9,3,7,6},{0,0,0,0,0,0,0,0,0},{0,0,0,0,0,0,0,0,0},{0,0,0,0,0,0,0,0,0},{0,0,0,0,0,0,0,0,0}}
]
14:29:39.982 [main] INFO  sudoku.model.SudokuBoard - Wartość 0 wstawiona nieprawidłowo
14:29:39.982 [main] INFO  sudoku.model.SudokuBoard - Bład w kwadracie 0
sudoku.model.SudokuBoard@410fc508[
  size=9
  solver=sudoku.model.BacktrackingSudokuSolver@4e17442f
  board={{6,8,5,9,4,7,1,2,3},{7,9,3,5,1,2,6,8,4},{1,2,4,3,6,8,5,9,7},{9,7,6,1,2,3,4,5,8},{2,1,8,4,5,9,3,7,6},{4,0,0,0,0,0,0,0,0},{0,0,0,0,0,0,0,0,0},{0,0,0,0,0,0,0,0,0},{0,0,0,0,0,0,0,0,0}}
]
14:29:39.982 [main] INFO  sudoku.model.SudokuBoard - Wartość 0 wstawiona nieprawidłowo
14:29:39.983 [main] INFO  sudoku.model.SudokuBoard - Bład w kwadracie 0
sudoku.model.SudokuBoard@410fc508[
  size=9
  solver=sudoku.model.BacktrackingSudokuSolver@4e17442f
  board={{6,8,5,9,4,7,1,2,3},{7,9,3,5,1,2,6,8,4},{1,2,4,3,6,8,5,9,7},{9,7,6,1,2,3,4,5,8},{2,1,8,4,5,9,3,7,6},{4,0,0,0,0,0,0,0,0},{0,0,0,0,0,0,0,0,0},{0,0,0,0,0,0,0,0,0},{0,0,0,0,0,0,0,0,0}}
]
14:29:39.983 [main] INFO  sudoku.model.SudokuBoard - Wartość 0 wstawiona nieprawidłowo
14:29:39.983 [main] INFO  sudoku.model.SudokuBoard - Bład w kwadracie 0
sudoku.model.SudokuBoard@410fc508[
  size=9
  solver=sudoku.model.BacktrackingSudokuSolver@4e17442f
  board={{6,8,5,9,4,7,1,2,3},{7,9,3,5,1,2,6,8,4},{1,2,4,3,6,8,5,9,7},{9,7,6,1,2,3,4,5,8},{2,1,8,4,5,9,3,7,6},{0,0,0,0,0,0,0,0,0},{0,0,0,0,0,0,0,0,0},{0,0,0,0,0,0,0,0,0},{0,0,0,0,0,0,0,0,0}}
]
14:29:39.983 [main] INFO  sudoku.model.SudokuBoard - Wartość 0 wstawiona nieprawidłowo
14:29:39.983 [main] INFO  sudoku.model.SudokuBoard - Bład w kwadracie 0
sudoku.model.SudokuBoard@410fc508[
  size=9
  solver=sudoku.model.BacktrackingSudokuSolver@4e17442f
  board={{6,8,5,9,4,7,1,2,3},{7,9,3,5,1,2,6,8,4},{1,2,4,3,6,8,5,9,7},{9,7,6,1,2,3,4,5,8},{2,1,8,4,5,9,3,7,6},{5,0,0,0,0,0,0,0,0},{0,0,0,0,0,0,0,0,0},{0,0,0,0,0,0,0,0,0},{0,0,0,0,0,0,0,0,0}}
]
14:29:39.983 [main] INFO  sudoku.model.SudokuBoard - Wartość 0 wstawiona nieprawidłowo
14:29:39.984 [main] INFO  sudoku.model.SudokuBoard - Bład w kwadracie 0
sudoku.model.SudokuBoard@410fc508[
  size=9
  solver=sudoku.model.BacktrackingSudokuSolver@4e17442f
  board={{6,8,5,9,4,7,1,2,3},{7,9,3,5,1,2,6,8,4},{1,2,4,3,6,8,5,9,7},{9,7,6,1,2,3,4,5,8},{2,1,8,4,5,9,3,7,6},{5,0,0,0,0,0,0,0,0},{0,0,0,0,0,0,0,0,0},{0,0,0,0,0,0,0,0,0},{0,0,0,0,0,0,0,0,0}}
]
14:29:39.984 [main] INFO  sudoku.model.SudokuBoard - Wartość 0 wstawiona nieprawidłowo
14:29:39.984 [main] INFO  sudoku.model.SudokuBoard - Bład w kwadracie 0
sudoku.model.SudokuBoard@410fc508[
  size=9
  solver=sudoku.model.BacktrackingSudokuSolver@4e17442f
  board={{6,8,5,9,4,7,1,2,3},{7,9,3,5,1,2,6,8,4},{1,2,4,3,6,8,5,9,7},{9,7,6,1,2,3,4,5,8},{2,1,8,4,5,9,3,7,6},{0,0,0,0,0,0,0,0,0},{0,0,0,0,0,0,0,0,0},{0,0,0,0,0,0,0,0,0},{0,0,0,0,0,0,0,0,0}}
]
14:29:39.984 [main] INFO  sudoku.model.SudokuBoard - Wartość 0 wstawiona nieprawidłowo
14:29:39.984 [main] INFO  sudoku.model.SudokuBoard - Bład w kwadracie 0
sudoku.model.SudokuBoard@410fc508[
  size=9
  solver=sudoku.model.BacktrackingSudokuSolver@4e17442f
  board={{6,8,5,9,4,7,1,2,3},{7,9,3,5,1,2,6,8,4},{1,2,4,3,6,8,5,9,7},{9,7,6,1,2,3,4,5,8},{2,1,8,4,5,9,3,7,0},{0,0,0,0,0,0,0,0,0},{0,0,0,0,0,0,0,0,0},{0,0,0,0,0,0,0,0,0},{0,0,0,0,0,0,0,0,0}}
]
14:29:39.984 [main] INFO  sudoku.model.SudokuBoard - Wartość 0 wstawiona nieprawidłowo
14:29:39.985 [main] INFO  sudoku.model.SudokuBoard - Bład w kwadracie 0
sudoku.model.SudokuBoard@410fc508[
  size=9
  solver=sudoku.model.BacktrackingSudokuSolver@4e17442f
  board={{6,8,5,9,4,7,1,2,3},{7,9,3,5,1,2,6,8,4},{1,2,4,3,6,8,5,9,7},{9,7,6,1,2,3,4,5,8},{2,1,8,4,5,9,3,0,0},{0,0,0,0,0,0,0,0,0},{0,0,0,0,0,0,0,0,0},{0,0,0,0,0,0,0,0,0},{0,0,0,0,0,0,0,0,0}}
]
14:29:39.986 [main] INFO  sudoku.model.SudokuBoard - Wartość 0 wstawiona nieprawidłowo
14:29:39.986 [main] INFO  sudoku.model.SudokuBoard - Bład w kwadracie 0
sudoku.model.SudokuBoard@410fc508[
  size=9
  solver=sudoku.model.BacktrackingSudokuSolver@4e17442f
  board={{6,8,5,9,4,7,1,2,3},{7,9,3,5,1,2,6,8,4},{1,2,4,3,6,8,5,9,7},{9,7,6,1,2,3,4,5,8},{2,1,8,4,5,9,0,0,0},{0,0,0,0,0,0,0,0,0},{0,0,0,0,0,0,0,0,0},{0,0,0,0,0,0,0,0,0},{0,0,0,0,0,0,0,0,0}}
]
14:29:39.987 [main] INFO  sudoku.model.SudokuBoard - Wartość 0 wstawiona nieprawidłowo
14:29:39.987 [main] INFO  sudoku.model.SudokuBoard - Bład w kwadracie 0
sudoku.model.SudokuBoard@410fc508[
  size=9
  solver=sudoku.model.BacktrackingSudokuSolver@4e17442f
  board={{6,8,5,9,4,7,1,2,3},{7,9,3,5,1,2,6,8,4},{1,2,4,3,6,8,5,9,7},{9,7,6,1,2,3,4,5,8},{2,1,8,4,5,9,7,0,0},{0,0,0,0,0,0,0,0,0},{0,0,0,0,0,0,0,0,0},{0,0,0,0,0,0,0,0,0},{0,0,0,0,0,0,0,0,0}}
]
14:29:39.987 [main] INFO  sudoku.model.SudokuBoard - Wartość 0 wstawiona nieprawidłowo
14:29:39.987 [main] INFO  sudoku.model.SudokuBoard - Bład w kwadracie 0
sudoku.model.SudokuBoard@410fc508[
  size=9
  solver=sudoku.model.BacktrackingSudokuSolver@4e17442f
  board={{6,8,5,9,4,7,1,2,3},{7,9,3,5,1,2,6,8,4},{1,2,4,3,6,8,5,9,7},{9,7,6,1,2,3,4,5,8},{2,1,8,4,5,9,7,3,6},{3,0,0,0,0,0,0,0,0},{0,0,0,0,0,0,0,0,0},{0,0,0,0,0,0,0,0,0},{0,0,0,0,0,0,0,0,0}}
]
14:29:39.987 [main] INFO  sudoku.model.SudokuBoard - Wartość 0 wstawiona nieprawidłowo
14:29:39.988 [main] INFO  sudoku.model.SudokuBoard - Bład w kwadracie 0
sudoku.model.SudokuBoard@410fc508[
  size=9
  solver=sudoku.model.BacktrackingSudokuSolver@4e17442f
  board={{6,8,5,9,4,7,1,2,3},{7,9,3,5,1,2,6,8,4},{1,2,4,3,6,8,5,9,7},{9,7,6,1,2,3,4,5,8},{2,1,8,4,5,9,7,3,6},{3,0,0,0,0,0,0,0,0},{0,0,0,0,0,0,0,0,0},{0,0,0,0,0,0,0,0,0},{0,0,0,0,0,0,0,0,0}}
]
14:29:40.004 [main] INFO  sudoku.model.SudokuBoard - Wartość 0 wstawiona nieprawidłowo
14:29:40.007 [main] INFO  sudoku.model.SudokuBoard - Bład w kwadracie 0
sudoku.model.SudokuBoard@410fc508[
  size=9
  solver=sudoku.model.BacktrackingSudokuSolver@4e17442f
  board={{6,8,5,9,4,7,1,2,3},{7,9,3,5,1,2,6,8,4},{1,2,4,3,6,8,5,9,7},{9,7,6,1,2,3,4,5,8},{2,1,8,4,5,9,7,3,6},{0,0,0,0,0,0,0,0,0},{0,0,0,0,0,0,0,0,0},{0,0,0,0,0,0,0,0,0},{0,0,0,0,0,0,0,0,0}}
]
14:29:40.007 [main] INFO  sudoku.model.SudokuBoard - Wartość 0 wstawiona nieprawidłowo
14:29:40.007 [main] INFO  sudoku.model.SudokuBoard - Bład w kwadracie 0
sudoku.model.SudokuBoard@410fc508[
  size=9
  solver=sudoku.model.BacktrackingSudokuSolver@4e17442f
  board={{6,8,5,9,4,7,1,2,3},{7,9,3,5,1,2,6,8,4},{1,2,4,3,6,8,5,9,7},{9,7,6,1,2,3,4,5,8},{2,1,8,4,5,9,7,3,6},{4,0,0,0,0,0,0,0,0},{0,0,0,0,0,0,0,0,0},{0,0,0,0,0,0,0,0,0},{0,0,0,0,0,0,0,0,0}}
]
14:29:40.008 [main] INFO  sudoku.model.SudokuBoard - Wartość 0 wstawiona nieprawidłowo
14:29:40.008 [main] INFO  sudoku.model.SudokuBoard - Bład w kwadracie 0
sudoku.model.SudokuBoard@410fc508[
  size=9
  solver=sudoku.model.BacktrackingSudokuSolver@4e17442f
  board={{6,8,5,9,4,7,1,2,3},{7,9,3,5,1,2,6,8,4},{1,2,4,3,6,8,5,9,7},{9,7,6,1,2,3,4,5,8},{2,1,8,4,5,9,7,3,6},{4,0,0,0,0,0,0,0,0},{0,0,0,0,0,0,0,0,0},{0,0,0,0,0,0,0,0,0},{0,0,0,0,0,0,0,0,0}}
]
14:29:40.008 [main] INFO  sudoku.model.SudokuBoard - Wartość 0 wstawiona nieprawidłowo
14:29:40.008 [main] INFO  sudoku.model.SudokuBoard - Bład w kwadracie 0
sudoku.model.SudokuBoard@410fc508[
  size=9
  solver=sudoku.model.BacktrackingSudokuSolver@4e17442f
  board={{6,8,5,9,4,7,1,2,3},{7,9,3,5,1,2,6,8,4},{1,2,4,3,6,8,5,9,7},{9,7,6,1,2,3,4,5,8},{2,1,8,4,5,9,7,3,6},{0,0,0,0,0,0,0,0,0},{0,0,0,0,0,0,0,0,0},{0,0,0,0,0,0,0,0,0},{0,0,0,0,0,0,0,0,0}}
]
14:29:40.008 [main] INFO  sudoku.model.SudokuBoard - Wartość 0 wstawiona nieprawidłowo
14:29:40.009 [main] INFO  sudoku.model.SudokuBoard - Bład w kwadracie 0
sudoku.model.SudokuBoard@410fc508[
  size=9
  solver=sudoku.model.BacktrackingSudokuSolver@4e17442f
  board={{6,8,5,9,4,7,1,2,3},{7,9,3,5,1,2,6,8,4},{1,2,4,3,6,8,5,9,7},{9,7,6,1,2,3,4,5,8},{2,1,8,4,5,9,7,3,6},{5,0,0,0,0,0,0,0,0},{0,0,0,0,0,0,0,0,0},{0,0,0,0,0,0,0,0,0},{0,0,0,0,0,0,0,0,0}}
]
14:29:40.009 [main] INFO  sudoku.model.SudokuBoard - Wartość 0 wstawiona nieprawidłowo
14:29:40.009 [main] INFO  sudoku.model.SudokuBoard - Bład w kwadracie 0
sudoku.model.SudokuBoard@410fc508[
  size=9
  solver=sudoku.model.BacktrackingSudokuSolver@4e17442f
  board={{6,8,5,9,4,7,1,2,3},{7,9,3,5,1,2,6,8,4},{1,2,4,3,6,8,5,9,7},{9,7,6,1,2,3,4,5,8},{2,1,8,4,5,9,7,3,6},{5,0,0,0,0,0,0,0,0},{0,0,0,0,0,0,0,0,0},{0,0,0,0,0,0,0,0,0},{0,0,0,0,0,0,0,0,0}}
]
14:29:40.009 [main] INFO  sudoku.model.SudokuBoard - Wartość 0 wstawiona nieprawidłowo
14:29:40.019 [main] INFO  sudoku.model.SudokuBoard - Bład w kwadracie 0
sudoku.model.SudokuBoard@410fc508[
  size=9
  solver=sudoku.model.BacktrackingSudokuSolver@4e17442f
  board={{6,8,5,9,4,7,1,2,3},{7,9,3,5,1,2,6,8,4},{1,2,4,3,6,8,5,9,7},{9,7,6,1,2,3,4,5,8},{2,1,8,4,5,9,7,3,6},{0,0,0,0,0,0,0,0,0},{0,0,0,0,0,0,0,0,0},{0,0,0,0,0,0,0,0,0},{0,0,0,0,0,0,0,0,0}}
]
14:29:40.020 [main] INFO  sudoku.model.SudokuBoard - Wartość 0 wstawiona nieprawidłowo
14:29:40.020 [main] INFO  sudoku.model.SudokuBoard - Bład w kwadracie 0
sudoku.model.SudokuBoard@410fc508[
  size=9
  solver=sudoku.model.BacktrackingSudokuSolver@4e17442f
  board={{6,8,5,9,4,7,1,2,3},{7,9,3,5,1,2,6,8,4},{1,2,4,3,6,8,5,9,7},{9,7,6,1,2,3,4,5,8},{2,1,8,4,5,9,7,3,0},{0,0,0,0,0,0,0,0,0},{0,0,0,0,0,0,0,0,0},{0,0,0,0,0,0,0,0,0},{0,0,0,0,0,0,0,0,0}}
]
14:29:40.020 [main] INFO  sudoku.model.SudokuBoard - Wartość 0 wstawiona nieprawidłowo
14:29:40.021 [main] INFO  sudoku.model.SudokuBoard - Bład w kwadracie 0
sudoku.model.SudokuBoard@410fc508[
  size=9
  solver=sudoku.model.BacktrackingSudokuSolver@4e17442f
  board={{6,8,5,9,4,7,1,2,3},{7,9,3,5,1,2,6,8,4},{1,2,4,3,6,8,5,9,7},{9,7,6,1,2,3,4,5,8},{2,1,8,4,5,9,7,0,0},{0,0,0,0,0,0,0,0,0},{0,0,0,0,0,0,0,0,0},{0,0,0,0,0,0,0,0,0},{0,0,0,0,0,0,0,0,0}}
]
14:29:40.021 [main] INFO  sudoku.model.SudokuBoard - Wartość 0 wstawiona nieprawidłowo
14:29:40.033 [main] INFO  sudoku.model.SudokuBoard - Bład w kwadracie 0
sudoku.model.SudokuBoard@410fc508[
  size=9
  solver=sudoku.model.BacktrackingSudokuSolver@4e17442f
  board={{6,8,5,9,4,7,1,2,3},{7,9,3,5,1,2,6,8,4},{1,2,4,3,6,8,5,9,7},{9,7,6,1,2,3,4,5,8},{2,1,8,4,5,9,0,0,0},{0,0,0,0,0,0,0,0,0},{0,0,0,0,0,0,0,0,0},{0,0,0,0,0,0,0,0,0},{0,0,0,0,0,0,0,0,0}}
]
14:29:40.033 [main] INFO  sudoku.model.SudokuBoard - Wartość 0 wstawiona nieprawidłowo
14:29:40.033 [main] INFO  sudoku.model.SudokuBoard - Bład w kwadracie 0
sudoku.model.SudokuBoard@410fc508[
  size=9
  solver=sudoku.model.BacktrackingSudokuSolver@4e17442f
  board={{6,8,5,9,4,7,1,2,3},{7,9,3,5,1,2,6,8,4},{1,2,4,3,6,8,5,9,7},{9,7,6,1,2,3,4,5,8},{2,1,8,4,5,0,0,0,0},{0,0,0,0,0,0,0,0,0},{0,0,0,0,0,0,0,0,0},{0,0,0,0,0,0,0,0,0},{0,0,0,0,0,0,0,0,0}}
]
14:29:40.042 [main] INFO  sudoku.model.SudokuBoard - Wartość 0 wstawiona nieprawidłowo
14:29:40.043 [main] INFO  sudoku.model.SudokuBoard - Bład w kwadracie 0
sudoku.model.SudokuBoard@410fc508[
  size=9
  solver=sudoku.model.BacktrackingSudokuSolver@4e17442f
  board={{6,8,5,9,4,7,1,2,3},{7,9,3,5,1,2,6,8,4},{1,2,4,3,6,8,5,9,7},{9,7,6,1,2,3,4,5,8},{2,1,8,4,0,0,0,0,0},{0,0,0,0,0,0,0,0,0},{0,0,0,0,0,0,0,0,0},{0,0,0,0,0,0,0,0,0},{0,0,0,0,0,0,0,0,0}}
]
14:29:40.043 [main] INFO  sudoku.model.SudokuBoard - Wartość 0 wstawiona nieprawidłowo
14:29:40.043 [main] INFO  sudoku.model.SudokuBoard - Bład w kwadracie 0
sudoku.model.SudokuBoard@410fc508[
  size=9
  solver=sudoku.model.BacktrackingSudokuSolver@4e17442f
  board={{6,8,5,9,4,7,1,2,3},{7,9,3,5,1,2,6,8,4},{1,2,4,3,6,8,5,9,7},{9,7,6,1,2,3,4,5,8},{2,1,8,4,7,5,3,6,9},{4,0,0,0,0,0,0,0,0},{0,0,0,0,0,0,0,0,0},{0,0,0,0,0,0,0,0,0},{0,0,0,0,0,0,0,0,0}}
]
14:29:40.043 [main] INFO  sudoku.model.SudokuBoard - Wartość 0 wstawiona nieprawidłowo
14:29:40.044 [main] INFO  sudoku.model.SudokuBoard - Bład w kwadracie 0
sudoku.model.SudokuBoard@410fc508[
  size=9
  solver=sudoku.model.BacktrackingSudokuSolver@4e17442f
  board={{6,8,5,9,4,7,1,2,3},{7,9,3,5,1,2,6,8,4},{1,2,4,3,6,8,5,9,7},{9,7,6,1,2,3,4,5,8},{2,1,8,4,7,5,3,6,9},{4,0,0,0,0,0,0,0,0},{0,0,0,0,0,0,0,0,0},{0,0,0,0,0,0,0,0,0},{0,0,0,0,0,0,0,0,0}}
]
14:29:40.044 [main] INFO  sudoku.model.SudokuBoard - Wartość 0 wstawiona nieprawidłowo
14:29:40.044 [main] INFO  sudoku.model.SudokuBoard - Bład w kwadracie 0
sudoku.model.SudokuBoard@410fc508[
  size=9
  solver=sudoku.model.BacktrackingSudokuSolver@4e17442f
  board={{6,8,5,9,4,7,1,2,3},{7,9,3,5,1,2,6,8,4},{1,2,4,3,6,8,5,9,7},{9,7,6,1,2,3,4,5,8},{2,1,8,4,7,5,3,6,9},{0,0,0,0,0,0,0,0,0},{0,0,0,0,0,0,0,0,0},{0,0,0,0,0,0,0,0,0},{0,0,0,0,0,0,0,0,0}}
]
14:29:40.044 [main] INFO  sudoku.model.SudokuBoard - Wartość 0 wstawiona nieprawidłowo
14:29:40.044 [main] INFO  sudoku.model.SudokuBoard - Bład w kwadracie 0
sudoku.model.SudokuBoard@410fc508[
  size=9
  solver=sudoku.model.BacktrackingSudokuSolver@4e17442f
  board={{6,8,5,9,4,7,1,2,3},{7,9,3,5,1,2,6,8,4},{1,2,4,3,6,8,5,9,7},{9,7,6,1,2,3,4,5,8},{2,1,8,4,7,5,3,6,9},{5,0,0,0,0,0,0,0,0},{0,0,0,0,0,0,0,0,0},{0,0,0,0,0,0,0,0,0},{0,0,0,0,0,0,0,0,0}}
]
14:29:40.045 [main] INFO  sudoku.model.SudokuBoard - Wartość 0 wstawiona nieprawidłowo
14:29:40.046 [main] INFO  sudoku.model.SudokuBoard - Bład w kwadracie 0
sudoku.model.SudokuBoard@410fc508[
  size=9
  solver=sudoku.model.BacktrackingSudokuSolver@4e17442f
  board={{6,8,5,9,4,7,1,2,3},{7,9,3,5,1,2,6,8,4},{1,2,4,3,6,8,5,9,7},{9,7,6,1,2,3,4,5,8},{2,1,8,4,7,5,3,6,9},{5,0,0,0,0,0,0,0,0},{0,0,0,0,0,0,0,0,0},{0,0,0,0,0,0,0,0,0},{0,0,0,0,0,0,0,0,0}}
]
14:29:40.058 [main] INFO  sudoku.model.SudokuBoard - Wartość 0 wstawiona nieprawidłowo
14:29:40.063 [main] INFO  sudoku.model.SudokuBoard - Bład w kwadracie 0
sudoku.model.SudokuBoard@410fc508[
  size=9
  solver=sudoku.model.BacktrackingSudokuSolver@4e17442f
  board={{6,8,5,9,4,7,1,2,3},{7,9,3,5,1,2,6,8,4},{1,2,4,3,6,8,5,9,7},{9,7,6,1,2,3,4,5,8},{2,1,8,4,7,5,3,6,9},{0,0,0,0,0,0,0,0,0},{0,0,0,0,0,0,0,0,0},{0,0,0,0,0,0,0,0,0},{0,0,0,0,0,0,0,0,0}}
]
14:29:40.064 [main] INFO  sudoku.model.SudokuBoard - Wartość 0 wstawiona nieprawidłowo
14:29:40.064 [main] INFO  sudoku.model.SudokuBoard - Bład w kwadracie 0
sudoku.model.SudokuBoard@410fc508[
  size=9
  solver=sudoku.model.BacktrackingSudokuSolver@4e17442f
  board={{6,8,5,9,4,7,1,2,3},{7,9,3,5,1,2,6,8,4},{1,2,4,3,6,8,5,9,7},{9,7,6,1,2,3,4,5,8},{2,1,8,4,7,5,3,6,9},{3,0,0,0,0,0,0,0,0},{0,0,0,0,0,0,0,0,0},{0,0,0,0,0,0,0,0,0},{0,0,0,0,0,0,0,0,0}}
]
14:29:40.065 [main] INFO  sudoku.model.SudokuBoard - Wartość 0 wstawiona nieprawidłowo
14:29:40.066 [main] INFO  sudoku.model.SudokuBoard - Bład w kwadracie 0
sudoku.model.SudokuBoard@410fc508[
  size=9
  solver=sudoku.model.BacktrackingSudokuSolver@4e17442f
  board={{6,8,5,9,4,7,1,2,3},{7,9,3,5,1,2,6,8,4},{1,2,4,3,6,8,5,9,7},{9,7,6,1,2,3,4,5,8},{2,1,8,4,7,5,3,6,9},{3,0,0,0,0,0,0,0,0},{0,0,0,0,0,0,0,0,0},{0,0,0,0,0,0,0,0,0},{0,0,0,0,0,0,0,0,0}}
]
14:29:40.066 [main] INFO  sudoku.model.SudokuBoard - Wartość 0 wstawiona nieprawidłowo
14:29:40.066 [main] INFO  sudoku.model.SudokuBoard - Bład w kwadracie 0
sudoku.model.SudokuBoard@410fc508[
  size=9
  solver=sudoku.model.BacktrackingSudokuSolver@4e17442f
  board={{6,8,5,9,4,7,1,2,3},{7,9,3,5,1,2,6,8,4},{1,2,4,3,6,8,5,9,7},{9,7,6,1,2,3,4,5,8},{2,1,8,4,7,5,3,6,9},{0,0,0,0,0,0,0,0,0},{0,0,0,0,0,0,0,0,0},{0,0,0,0,0,0,0,0,0},{0,0,0,0,0,0,0,0,0}}
]
14:29:40.066 [main] INFO  sudoku.model.SudokuBoard - Wartość 0 wstawiona nieprawidłowo
14:29:40.066 [main] INFO  sudoku.model.SudokuBoard - Bład w kwadracie 0
sudoku.model.SudokuBoard@410fc508[
  size=9
  solver=sudoku.model.BacktrackingSudokuSolver@4e17442f
  board={{6,8,5,9,4,7,1,2,3},{7,9,3,5,1,2,6,8,4},{1,2,4,3,6,8,5,9,7},{9,7,6,1,2,3,4,5,8},{2,1,8,4,7,5,3,6,0},{0,0,0,0,0,0,0,0,0},{0,0,0,0,0,0,0,0,0},{0,0,0,0,0,0,0,0,0},{0,0,0,0,0,0,0,0,0}}
]
14:29:40.066 [main] INFO  sudoku.model.SudokuBoard - Wartość 0 wstawiona nieprawidłowo
14:29:40.066 [main] INFO  sudoku.model.SudokuBoard - Bład w kwadracie 0
sudoku.model.SudokuBoard@410fc508[
  size=9
  solver=sudoku.model.BacktrackingSudokuSolver@4e17442f
  board={{6,8,5,9,4,7,1,2,3},{7,9,3,5,1,2,6,8,4},{1,2,4,3,6,8,5,9,7},{9,7,6,1,2,3,4,5,8},{2,1,8,4,7,5,3,0,0},{0,0,0,0,0,0,0,0,0},{0,0,0,0,0,0,0,0,0},{0,0,0,0,0,0,0,0,0},{0,0,0,0,0,0,0,0,0}}
]
14:29:40.066 [main] INFO  sudoku.model.SudokuBoard - Wartość 0 wstawiona nieprawidłowo
14:29:40.066 [main] INFO  sudoku.model.SudokuBoard - Bład w kwadracie 0
sudoku.model.SudokuBoard@410fc508[
  size=9
  solver=sudoku.model.BacktrackingSudokuSolver@4e17442f
  board={{6,8,5,9,4,7,1,2,3},{7,9,3,5,1,2,6,8,4},{1,2,4,3,6,8,5,9,7},{9,7,6,1,2,3,4,5,8},{2,1,8,4,7,5,0,0,0},{0,0,0,0,0,0,0,0,0},{0,0,0,0,0,0,0,0,0},{0,0,0,0,0,0,0,0,0},{0,0,0,0,0,0,0,0,0}}
]
14:29:40.067 [main] INFO  sudoku.model.SudokuBoard - Wartość 0 wstawiona nieprawidłowo
14:29:40.074 [main] INFO  sudoku.model.SudokuBoard - Bład w kwadracie 0
sudoku.model.SudokuBoard@410fc508[
  size=9
  solver=sudoku.model.BacktrackingSudokuSolver@4e17442f
  board={{6,8,5,9,4,7,1,2,3},{7,9,3,5,1,2,6,8,4},{1,2,4,3,6,8,5,9,7},{9,7,6,1,2,3,4,5,8},{2,1,8,4,7,5,9,0,0},{0,0,0,0,0,0,0,0,0},{0,0,0,0,0,0,0,0,0},{0,0,0,0,0,0,0,0,0},{0,0,0,0,0,0,0,0,0}}
]
14:29:40.074 [main] INFO  sudoku.model.SudokuBoard - Wartość 0 wstawiona nieprawidłowo
14:29:40.074 [main] INFO  sudoku.model.SudokuBoard - Bład w kwadracie 0
sudoku.model.SudokuBoard@410fc508[
  size=9
  solver=sudoku.model.BacktrackingSudokuSolver@4e17442f
  board={{6,8,5,9,4,7,1,2,3},{7,9,3,5,1,2,6,8,4},{1,2,4,3,6,8,5,9,7},{9,7,6,1,2,3,4,5,8},{2,1,8,4,7,5,9,3,6},{3,0,0,0,0,0,0,0,0},{0,0,0,0,0,0,0,0,0},{0,0,0,0,0,0,0,0,0},{0,0,0,0,0,0,0,0,0}}
]
14:29:40.074 [main] INFO  sudoku.model.SudokuBoard - Wartość 0 wstawiona nieprawidłowo
14:29:40.075 [main] INFO  sudoku.model.SudokuBoard - Bład w kwadracie 0
sudoku.model.SudokuBoard@410fc508[
  size=9
  solver=sudoku.model.BacktrackingSudokuSolver@4e17442f
  board={{6,8,5,9,4,7,1,2,3},{7,9,3,5,1,2,6,8,4},{1,2,4,3,6,8,5,9,7},{9,7,6,1,2,3,4,5,8},{2,1,8,4,7,5,9,3,6},{3,0,0,0,0,0,0,0,0},{0,0,0,0,0,0,0,0,0},{0,0,0,0,0,0,0,0,0},{0,0,0,0,0,0,0,0,0}}
]
14:29:40.075 [main] INFO  sudoku.model.SudokuBoard - Wartość 0 wstawiona nieprawidłowo
14:29:40.075 [main] INFO  sudoku.model.SudokuBoard - Bład w kwadracie 0
sudoku.model.SudokuBoard@410fc508[
  size=9
  solver=sudoku.model.BacktrackingSudokuSolver@4e17442f
  board={{6,8,5,9,4,7,1,2,3},{7,9,3,5,1,2,6,8,4},{1,2,4,3,6,8,5,9,7},{9,7,6,1,2,3,4,5,8},{2,1,8,4,7,5,9,3,6},{0,0,0,0,0,0,0,0,0},{0,0,0,0,0,0,0,0,0},{0,0,0,0,0,0,0,0,0},{0,0,0,0,0,0,0,0,0}}
]
14:29:40.075 [main] INFO  sudoku.model.SudokuBoard - Wartość 0 wstawiona nieprawidłowo
14:29:40.075 [main] INFO  sudoku.model.SudokuBoard - Bład w kwadracie 0
sudoku.model.SudokuBoard@410fc508[
  size=9
  solver=sudoku.model.BacktrackingSudokuSolver@4e17442f
  board={{6,8,5,9,4,7,1,2,3},{7,9,3,5,1,2,6,8,4},{1,2,4,3,6,8,5,9,7},{9,7,6,1,2,3,4,5,8},{2,1,8,4,7,5,9,3,6},{4,0,0,0,0,0,0,0,0},{0,0,0,0,0,0,0,0,0},{0,0,0,0,0,0,0,0,0},{0,0,0,0,0,0,0,0,0}}
]
14:29:40.075 [main] INFO  sudoku.model.SudokuBoard - Wartość 0 wstawiona nieprawidłowo
14:29:40.075 [main] INFO  sudoku.model.SudokuBoard - Bład w kwadracie 0
sudoku.model.SudokuBoard@410fc508[
  size=9
  solver=sudoku.model.BacktrackingSudokuSolver@4e17442f
  board={{6,8,5,9,4,7,1,2,3},{7,9,3,5,1,2,6,8,4},{1,2,4,3,6,8,5,9,7},{9,7,6,1,2,3,4,5,8},{2,1,8,4,7,5,9,3,6},{4,0,0,0,0,0,0,0,0},{0,0,0,0,0,0,0,0,0},{0,0,0,0,0,0,0,0,0},{0,0,0,0,0,0,0,0,0}}
]
14:29:40.075 [main] INFO  sudoku.model.SudokuBoard - Wartość 0 wstawiona nieprawidłowo
14:29:40.075 [main] INFO  sudoku.model.SudokuBoard - Bład w kwadracie 0
sudoku.model.SudokuBoard@410fc508[
  size=9
  solver=sudoku.model.BacktrackingSudokuSolver@4e17442f
  board={{6,8,5,9,4,7,1,2,3},{7,9,3,5,1,2,6,8,4},{1,2,4,3,6,8,5,9,7},{9,7,6,1,2,3,4,5,8},{2,1,8,4,7,5,9,3,6},{0,0,0,0,0,0,0,0,0},{0,0,0,0,0,0,0,0,0},{0,0,0,0,0,0,0,0,0},{0,0,0,0,0,0,0,0,0}}
]
14:29:40.076 [main] INFO  sudoku.model.SudokuBoard - Wartość 0 wstawiona nieprawidłowo
14:29:40.077 [main] INFO  sudoku.model.SudokuBoard - Bład w kwadracie 0
sudoku.model.SudokuBoard@410fc508[
  size=9
  solver=sudoku.model.BacktrackingSudokuSolver@4e17442f
  board={{6,8,5,9,4,7,1,2,3},{7,9,3,5,1,2,6,8,4},{1,2,4,3,6,8,5,9,7},{9,7,6,1,2,3,4,5,8},{2,1,8,4,7,5,9,3,6},{5,0,0,0,0,0,0,0,0},{0,0,0,0,0,0,0,0,0},{0,0,0,0,0,0,0,0,0},{0,0,0,0,0,0,0,0,0}}
]
14:29:40.077 [main] INFO  sudoku.model.SudokuBoard - Wartość 0 wstawiona nieprawidłowo
14:29:40.077 [main] INFO  sudoku.model.SudokuBoard - Bład w kwadracie 0
sudoku.model.SudokuBoard@410fc508[
  size=9
  solver=sudoku.model.BacktrackingSudokuSolver@4e17442f
  board={{6,8,5,9,4,7,1,2,3},{7,9,3,5,1,2,6,8,4},{1,2,4,3,6,8,5,9,7},{9,7,6,1,2,3,4,5,8},{2,1,8,4,7,5,9,3,6},{5,0,0,0,0,0,0,0,0},{0,0,0,0,0,0,0,0,0},{0,0,0,0,0,0,0,0,0},{0,0,0,0,0,0,0,0,0}}
]
14:29:40.077 [main] INFO  sudoku.model.SudokuBoard - Wartość 0 wstawiona nieprawidłowo
14:29:40.078 [main] INFO  sudoku.model.SudokuBoard - Bład w kwadracie 0
sudoku.model.SudokuBoard@410fc508[
  size=9
  solver=sudoku.model.BacktrackingSudokuSolver@4e17442f
  board={{6,8,5,9,4,7,1,2,3},{7,9,3,5,1,2,6,8,4},{1,2,4,3,6,8,5,9,7},{9,7,6,1,2,3,4,5,8},{2,1,8,4,7,5,9,3,6},{0,0,0,0,0,0,0,0,0},{0,0,0,0,0,0,0,0,0},{0,0,0,0,0,0,0,0,0},{0,0,0,0,0,0,0,0,0}}
]
14:29:40.078 [main] INFO  sudoku.model.SudokuBoard - Wartość 0 wstawiona nieprawidłowo
14:29:40.078 [main] INFO  sudoku.model.SudokuBoard - Bład w kwadracie 0
sudoku.model.SudokuBoard@410fc508[
  size=9
  solver=sudoku.model.BacktrackingSudokuSolver@4e17442f
  board={{6,8,5,9,4,7,1,2,3},{7,9,3,5,1,2,6,8,4},{1,2,4,3,6,8,5,9,7},{9,7,6,1,2,3,4,5,8},{2,1,8,4,7,5,9,3,0},{0,0,0,0,0,0,0,0,0},{0,0,0,0,0,0,0,0,0},{0,0,0,0,0,0,0,0,0},{0,0,0,0,0,0,0,0,0}}
]
14:29:40.078 [main] INFO  sudoku.model.SudokuBoard - Wartość 0 wstawiona nieprawidłowo
14:29:40.078 [main] INFO  sudoku.model.SudokuBoard - Bład w kwadracie 0
sudoku.model.SudokuBoard@410fc508[
  size=9
  solver=sudoku.model.BacktrackingSudokuSolver@4e17442f
  board={{6,8,5,9,4,7,1,2,3},{7,9,3,5,1,2,6,8,4},{1,2,4,3,6,8,5,9,7},{9,7,6,1,2,3,4,5,8},{2,1,8,4,7,5,9,0,0},{0,0,0,0,0,0,0,0,0},{0,0,0,0,0,0,0,0,0},{0,0,0,0,0,0,0,0,0},{0,0,0,0,0,0,0,0,0}}
]
14:29:40.078 [main] INFO  sudoku.model.SudokuBoard - Wartość 0 wstawiona nieprawidłowo
14:29:40.078 [main] INFO  sudoku.model.SudokuBoard - Bład w kwadracie 0
sudoku.model.SudokuBoard@410fc508[
  size=9
  solver=sudoku.model.BacktrackingSudokuSolver@4e17442f
  board={{6,8,5,9,4,7,1,2,3},{7,9,3,5,1,2,6,8,4},{1,2,4,3,6,8,5,9,7},{9,7,6,1,2,3,4,5,8},{2,1,8,4,7,5,0,0,0},{0,0,0,0,0,0,0,0,0},{0,0,0,0,0,0,0,0,0},{0,0,0,0,0,0,0,0,0},{0,0,0,0,0,0,0,0,0}}
]
14:29:40.078 [main] INFO  sudoku.model.SudokuBoard - Wartość 0 wstawiona nieprawidłowo
14:29:40.078 [main] INFO  sudoku.model.SudokuBoard - Bład w kwadracie 0
sudoku.model.SudokuBoard@410fc508[
  size=9
  solver=sudoku.model.BacktrackingSudokuSolver@4e17442f
  board={{6,8,5,9,4,7,1,2,3},{7,9,3,5,1,2,6,8,4},{1,2,4,3,6,8,5,9,7},{9,7,6,1,2,3,4,5,8},{2,1,8,4,7,0,0,0,0},{0,0,0,0,0,0,0,0,0},{0,0,0,0,0,0,0,0,0},{0,0,0,0,0,0,0,0,0},{0,0,0,0,0,0,0,0,0}}
]
14:29:40.078 [main] INFO  sudoku.model.SudokuBoard - Wartość 0 wstawiona nieprawidłowo
14:29:40.079 [main] INFO  sudoku.model.SudokuBoard - Bład w kwadracie 0
sudoku.model.SudokuBoard@410fc508[
  size=9
  solver=sudoku.model.BacktrackingSudokuSolver@4e17442f
  board={{6,8,5,9,4,7,1,2,3},{7,9,3,5,1,2,6,8,4},{1,2,4,3,6,8,5,9,7},{9,7,6,1,2,3,4,5,8},{2,1,8,4,7,6,9,0,0},{0,0,0,0,0,0,0,0,0},{0,0,0,0,0,0,0,0,0},{0,0,0,0,0,0,0,0,0},{0,0,0,0,0,0,0,0,0}}
]
14:29:40.079 [main] INFO  sudoku.model.SudokuBoard - Wartość 0 wstawiona nieprawidłowo
14:29:40.079 [main] INFO  sudoku.model.SudokuBoard - Bład w kwadracie 0
sudoku.model.SudokuBoard@410fc508[
  size=9
  solver=sudoku.model.BacktrackingSudokuSolver@4e17442f
  board={{6,8,5,9,4,7,1,2,3},{7,9,3,5,1,2,6,8,4},{1,2,4,3,6,8,5,9,7},{9,7,6,1,2,3,4,5,8},{2,1,8,4,7,6,0,0,0},{0,0,0,0,0,0,0,0,0},{0,0,0,0,0,0,0,0,0},{0,0,0,0,0,0,0,0,0},{0,0,0,0,0,0,0,0,0}}
]
14:29:40.079 [main] INFO  sudoku.model.SudokuBoard - Wartość 0 wstawiona nieprawidłowo
14:29:40.079 [main] INFO  sudoku.model.SudokuBoard - Bład w kwadracie 0
sudoku.model.SudokuBoard@410fc508[
  size=9
  solver=sudoku.model.BacktrackingSudokuSolver@4e17442f
  board={{6,8,5,9,4,7,1,2,3},{7,9,3,5,1,2,6,8,4},{1,2,4,3,6,8,5,9,7},{9,7,6,1,2,3,4,5,8},{2,1,8,4,7,6,0,0,0},{0,0,0,0,0,0,0,0,0},{0,0,0,0,0,0,0,0,0},{0,0,0,0,0,0,0,0,0},{0,0,0,0,0,0,0,0,0}}
]
14:29:40.079 [main] INFO  sudoku.model.SudokuBoard - Wartość 0 wstawiona nieprawidłowo
14:29:40.080 [main] INFO  sudoku.model.SudokuBoard - Bład w kwadracie 0
sudoku.model.SudokuBoard@410fc508[
  size=9
  solver=sudoku.model.BacktrackingSudokuSolver@4e17442f
  board={{6,8,5,9,4,7,1,2,3},{7,9,3,5,1,2,6,8,4},{1,2,4,3,6,8,5,9,7},{9,7,6,1,2,3,4,5,8},{2,1,8,4,7,0,0,0,0},{0,0,0,0,0,0,0,0,0},{0,0,0,0,0,0,0,0,0},{0,0,0,0,0,0,0,0,0},{0,0,0,0,0,0,0,0,0}}
]
14:29:40.080 [main] INFO  sudoku.model.SudokuBoard - Wartość 0 wstawiona nieprawidłowo
14:29:40.080 [main] INFO  sudoku.model.SudokuBoard - Bład w kwadracie 0
sudoku.model.SudokuBoard@410fc508[
  size=9
  solver=sudoku.model.BacktrackingSudokuSolver@4e17442f
  board={{6,8,5,9,4,7,1,2,3},{7,9,3,5,1,2,6,8,4},{1,2,4,3,6,8,5,9,7},{9,7,6,1,2,3,4,5,8},{2,1,8,4,7,9,3,0,0},{0,0,0,0,0,0,0,0,0},{0,0,0,0,0,0,0,0,0},{0,0,0,0,0,0,0,0,0},{0,0,0,0,0,0,0,0,0}}
]
14:29:40.080 [main] INFO  sudoku.model.SudokuBoard - Wartość 0 wstawiona nieprawidłowo
14:29:40.080 [main] INFO  sudoku.model.SudokuBoard - Bład w kwadracie 0
sudoku.model.SudokuBoard@410fc508[
  size=9
  solver=sudoku.model.BacktrackingSudokuSolver@4e17442f
  board={{6,8,5,9,4,7,1,2,3},{7,9,3,5,1,2,6,8,4},{1,2,4,3,6,8,5,9,7},{9,7,6,1,2,3,4,5,8},{2,1,8,4,7,9,0,0,0},{0,0,0,0,0,0,0,0,0},{0,0,0,0,0,0,0,0,0},{0,0,0,0,0,0,0,0,0},{0,0,0,0,0,0,0,0,0}}
]
14:29:40.080 [main] INFO  sudoku.model.SudokuBoard - Wartość 0 wstawiona nieprawidłowo
14:29:40.080 [main] INFO  sudoku.model.SudokuBoard - Bład w kwadracie 0
sudoku.model.SudokuBoard@410fc508[
  size=9
  solver=sudoku.model.BacktrackingSudokuSolver@4e17442f
  board={{6,8,5,9,4,7,1,2,3},{7,9,3,5,1,2,6,8,4},{1,2,4,3,6,8,5,9,7},{9,7,6,1,2,3,4,5,8},{2,1,8,4,7,0,0,0,0},{0,0,0,0,0,0,0,0,0},{0,0,0,0,0,0,0,0,0},{0,0,0,0,0,0,0,0,0},{0,0,0,0,0,0,0,0,0}}
]
14:29:40.080 [main] INFO  sudoku.model.SudokuBoard - Wartość 0 wstawiona nieprawidłowo
14:29:40.080 [main] INFO  sudoku.model.SudokuBoard - Bład w kwadracie 0
sudoku.model.SudokuBoard@410fc508[
  size=9
  solver=sudoku.model.BacktrackingSudokuSolver@4e17442f
  board={{6,8,5,9,4,7,1,2,3},{7,9,3,5,1,2,6,8,4},{1,2,4,3,6,8,5,9,7},{9,7,6,1,2,3,4,5,8},{2,1,8,4,0,0,0,0,0},{0,0,0,0,0,0,0,0,0},{0,0,0,0,0,0,0,0,0},{0,0,0,0,0,0,0,0,0},{0,0,0,0,0,0,0,0,0}}
]
14:29:40.080 [main] INFO  sudoku.model.SudokuBoard - Wartość 0 wstawiona nieprawidłowo
14:29:40.081 [main] INFO  sudoku.model.SudokuBoard - Bład w kwadracie 0
sudoku.model.SudokuBoard@410fc508[
  size=9
  solver=sudoku.model.BacktrackingSudokuSolver@4e17442f
  board={{6,8,5,9,4,7,1,2,3},{7,9,3,5,1,2,6,8,4},{1,2,4,3,6,8,5,9,7},{9,7,6,1,2,3,4,5,8},{2,1,8,4,9,5,3,0,0},{0,0,0,0,0,0,0,0,0},{0,0,0,0,0,0,0,0,0},{0,0,0,0,0,0,0,0,0},{0,0,0,0,0,0,0,0,0}}
]
14:29:40.081 [main] INFO  sudoku.model.SudokuBoard - Wartość 0 wstawiona nieprawidłowo
14:29:40.081 [main] INFO  sudoku.model.SudokuBoard - Bład w kwadracie 0
sudoku.model.SudokuBoard@410fc508[
  size=9
  solver=sudoku.model.BacktrackingSudokuSolver@4e17442f
  board={{6,8,5,9,4,7,1,2,3},{7,9,3,5,1,2,6,8,4},{1,2,4,3,6,8,5,9,7},{9,7,6,1,2,3,4,5,8},{2,1,8,4,9,5,3,7,6},{3,0,0,0,0,0,0,0,0},{0,0,0,0,0,0,0,0,0},{0,0,0,0,0,0,0,0,0},{0,0,0,0,0,0,0,0,0}}
]
14:29:40.081 [main] INFO  sudoku.model.SudokuBoard - Wartość 0 wstawiona nieprawidłowo
14:29:40.082 [main] INFO  sudoku.model.SudokuBoard - Bład w kwadracie 0
sudoku.model.SudokuBoard@410fc508[
  size=9
  solver=sudoku.model.BacktrackingSudokuSolver@4e17442f
  board={{6,8,5,9,4,7,1,2,3},{7,9,3,5,1,2,6,8,4},{1,2,4,3,6,8,5,9,7},{9,7,6,1,2,3,4,5,8},{2,1,8,4,9,5,3,7,6},{3,0,0,0,0,0,0,0,0},{0,0,0,0,0,0,0,0,0},{0,0,0,0,0,0,0,0,0},{0,0,0,0,0,0,0,0,0}}
]
14:29:40.082 [main] INFO  sudoku.model.SudokuBoard - Wartość 0 wstawiona nieprawidłowo
14:29:40.082 [main] INFO  sudoku.model.SudokuBoard - Bład w kwadracie 0
sudoku.model.SudokuBoard@410fc508[
  size=9
  solver=sudoku.model.BacktrackingSudokuSolver@4e17442f
  board={{6,8,5,9,4,7,1,2,3},{7,9,3,5,1,2,6,8,4},{1,2,4,3,6,8,5,9,7},{9,7,6,1,2,3,4,5,8},{2,1,8,4,9,5,3,7,6},{0,0,0,0,0,0,0,0,0},{0,0,0,0,0,0,0,0,0},{0,0,0,0,0,0,0,0,0},{0,0,0,0,0,0,0,0,0}}
]
14:29:40.082 [main] INFO  sudoku.model.SudokuBoard - Wartość 0 wstawiona nieprawidłowo
14:29:40.082 [main] INFO  sudoku.model.SudokuBoard - Bład w kwadracie 0
sudoku.model.SudokuBoard@410fc508[
  size=9
  solver=sudoku.model.BacktrackingSudokuSolver@4e17442f
  board={{6,8,5,9,4,7,1,2,3},{7,9,3,5,1,2,6,8,4},{1,2,4,3,6,8,5,9,7},{9,7,6,1,2,3,4,5,8},{2,1,8,4,9,5,3,7,6},{4,0,0,0,0,0,0,0,0},{0,0,0,0,0,0,0,0,0},{0,0,0,0,0,0,0,0,0},{0,0,0,0,0,0,0,0,0}}
]
14:29:40.082 [main] INFO  sudoku.model.SudokuBoard - Wartość 0 wstawiona nieprawidłowo
14:29:40.082 [main] INFO  sudoku.model.SudokuBoard - Bład w kwadracie 0
sudoku.model.SudokuBoard@410fc508[
  size=9
  solver=sudoku.model.BacktrackingSudokuSolver@4e17442f
  board={{6,8,5,9,4,7,1,2,3},{7,9,3,5,1,2,6,8,4},{1,2,4,3,6,8,5,9,7},{9,7,6,1,2,3,4,5,8},{2,1,8,4,9,5,3,7,6},{4,0,0,0,0,0,0,0,0},{0,0,0,0,0,0,0,0,0},{0,0,0,0,0,0,0,0,0},{0,0,0,0,0,0,0,0,0}}
]
14:29:40.082 [main] INFO  sudoku.model.SudokuBoard - Wartość 0 wstawiona nieprawidłowo
14:29:40.082 [main] INFO  sudoku.model.SudokuBoard - Bład w kwadracie 0
sudoku.model.SudokuBoard@410fc508[
  size=9
  solver=sudoku.model.BacktrackingSudokuSolver@4e17442f
  board={{6,8,5,9,4,7,1,2,3},{7,9,3,5,1,2,6,8,4},{1,2,4,3,6,8,5,9,7},{9,7,6,1,2,3,4,5,8},{2,1,8,4,9,5,3,7,6},{0,0,0,0,0,0,0,0,0},{0,0,0,0,0,0,0,0,0},{0,0,0,0,0,0,0,0,0},{0,0,0,0,0,0,0,0,0}}
]
14:29:40.082 [main] INFO  sudoku.model.SudokuBoard - Wartość 0 wstawiona nieprawidłowo
14:29:40.082 [main] INFO  sudoku.model.SudokuBoard - Bład w kwadracie 0
sudoku.model.SudokuBoard@410fc508[
  size=9
  solver=sudoku.model.BacktrackingSudokuSolver@4e17442f
  board={{6,8,5,9,4,7,1,2,3},{7,9,3,5,1,2,6,8,4},{1,2,4,3,6,8,5,9,7},{9,7,6,1,2,3,4,5,8},{2,1,8,4,9,5,3,7,6},{5,0,0,0,0,0,0,0,0},{0,0,0,0,0,0,0,0,0},{0,0,0,0,0,0,0,0,0},{0,0,0,0,0,0,0,0,0}}
]
14:29:40.083 [main] INFO  sudoku.model.SudokuBoard - Wartość 0 wstawiona nieprawidłowo
14:29:40.083 [main] INFO  sudoku.model.SudokuBoard - Bład w kwadracie 0
sudoku.model.SudokuBoard@410fc508[
  size=9
  solver=sudoku.model.BacktrackingSudokuSolver@4e17442f
  board={{6,8,5,9,4,7,1,2,3},{7,9,3,5,1,2,6,8,4},{1,2,4,3,6,8,5,9,7},{9,7,6,1,2,3,4,5,8},{2,1,8,4,9,5,3,7,6},{5,0,0,0,0,0,0,0,0},{0,0,0,0,0,0,0,0,0},{0,0,0,0,0,0,0,0,0},{0,0,0,0,0,0,0,0,0}}
]
14:29:40.083 [main] INFO  sudoku.model.SudokuBoard - Wartość 0 wstawiona nieprawidłowo
14:29:40.084 [main] INFO  sudoku.model.SudokuBoard - Bład w kwadracie 0
sudoku.model.SudokuBoard@410fc508[
  size=9
  solver=sudoku.model.BacktrackingSudokuSolver@4e17442f
  board={{6,8,5,9,4,7,1,2,3},{7,9,3,5,1,2,6,8,4},{1,2,4,3,6,8,5,9,7},{9,7,6,1,2,3,4,5,8},{2,1,8,4,9,5,3,7,6},{0,0,0,0,0,0,0,0,0},{0,0,0,0,0,0,0,0,0},{0,0,0,0,0,0,0,0,0},{0,0,0,0,0,0,0,0,0}}
]
14:29:40.084 [main] INFO  sudoku.model.SudokuBoard - Wartość 0 wstawiona nieprawidłowo
14:29:40.084 [main] INFO  sudoku.model.SudokuBoard - Bład w kwadracie 0
sudoku.model.SudokuBoard@410fc508[
  size=9
  solver=sudoku.model.BacktrackingSudokuSolver@4e17442f
  board={{6,8,5,9,4,7,1,2,3},{7,9,3,5,1,2,6,8,4},{1,2,4,3,6,8,5,9,7},{9,7,6,1,2,3,4,5,8},{2,1,8,4,9,5,3,7,0},{0,0,0,0,0,0,0,0,0},{0,0,0,0,0,0,0,0,0},{0,0,0,0,0,0,0,0,0},{0,0,0,0,0,0,0,0,0}}
]
14:29:40.084 [main] INFO  sudoku.model.SudokuBoard - Wartość 0 wstawiona nieprawidłowo
14:29:40.084 [main] INFO  sudoku.model.SudokuBoard - Bład w kwadracie 0
sudoku.model.SudokuBoard@410fc508[
  size=9
  solver=sudoku.model.BacktrackingSudokuSolver@4e17442f
  board={{6,8,5,9,4,7,1,2,3},{7,9,3,5,1,2,6,8,4},{1,2,4,3,6,8,5,9,7},{9,7,6,1,2,3,4,5,8},{2,1,8,4,9,5,3,0,0},{0,0,0,0,0,0,0,0,0},{0,0,0,0,0,0,0,0,0},{0,0,0,0,0,0,0,0,0},{0,0,0,0,0,0,0,0,0}}
]
14:29:40.084 [main] INFO  sudoku.model.SudokuBoard - Wartość 0 wstawiona nieprawidłowo
14:29:40.084 [main] INFO  sudoku.model.SudokuBoard - Bład w kwadracie 0
sudoku.model.SudokuBoard@410fc508[
  size=9
  solver=sudoku.model.BacktrackingSudokuSolver@4e17442f
  board={{6,8,5,9,4,7,1,2,3},{7,9,3,5,1,2,6,8,4},{1,2,4,3,6,8,5,9,7},{9,7,6,1,2,3,4,5,8},{2,1,8,4,9,5,0,0,0},{0,0,0,0,0,0,0,0,0},{0,0,0,0,0,0,0,0,0},{0,0,0,0,0,0,0,0,0},{0,0,0,0,0,0,0,0,0}}
]
14:29:40.084 [main] INFO  sudoku.model.SudokuBoard - Wartość 0 wstawiona nieprawidłowo
14:29:40.084 [main] INFO  sudoku.model.SudokuBoard - Bład w kwadracie 0
sudoku.model.SudokuBoard@410fc508[
  size=9
  solver=sudoku.model.BacktrackingSudokuSolver@4e17442f
  board={{6,8,5,9,4,7,1,2,3},{7,9,3,5,1,2,6,8,4},{1,2,4,3,6,8,5,9,7},{9,7,6,1,2,3,4,5,8},{2,1,8,4,9,5,7,0,0},{0,0,0,0,0,0,0,0,0},{0,0,0,0,0,0,0,0,0},{0,0,0,0,0,0,0,0,0},{0,0,0,0,0,0,0,0,0}}
]
14:29:40.084 [main] INFO  sudoku.model.SudokuBoard - Wartość 0 wstawiona nieprawidłowo
14:29:40.164 [main] INFO  sudoku.model.SudokuBoard - Bład w kwadracie 0
sudoku.model.SudokuBoard@410fc508[
  size=9
  solver=sudoku.model.BacktrackingSudokuSolver@4e17442f
  board={{6,8,5,9,4,7,1,2,3},{7,9,3,5,1,2,6,8,4},{1,2,4,3,6,8,5,9,7},{9,7,6,1,2,3,4,5,8},{2,1,8,4,9,5,7,3,6},{3,0,0,0,0,0,0,0,0},{0,0,0,0,0,0,0,0,0},{0,0,0,0,0,0,0,0,0},{0,0,0,0,0,0,0,0,0}}
]
14:29:40.165 [main] INFO  sudoku.model.SudokuBoard - Wartość 0 wstawiona nieprawidłowo
14:29:40.167 [main] INFO  sudoku.model.SudokuBoard - Bład w kwadracie 0
sudoku.model.SudokuBoard@410fc508[
  size=9
  solver=sudoku.model.BacktrackingSudokuSolver@4e17442f
  board={{6,8,5,9,4,7,1,2,3},{7,9,3,5,1,2,6,8,4},{1,2,4,3,6,8,5,9,7},{9,7,6,1,2,3,4,5,8},{2,1,8,4,9,5,7,3,6},{3,0,0,0,0,0,0,0,0},{0,0,0,0,0,0,0,0,0},{0,0,0,0,0,0,0,0,0},{0,0,0,0,0,0,0,0,0}}
]
14:29:40.167 [main] INFO  sudoku.model.SudokuBoard - Wartość 0 wstawiona nieprawidłowo
14:29:40.167 [main] INFO  sudoku.model.SudokuBoard - Bład w kwadracie 0
sudoku.model.SudokuBoard@410fc508[
  size=9
  solver=sudoku.model.BacktrackingSudokuSolver@4e17442f
  board={{6,8,5,9,4,7,1,2,3},{7,9,3,5,1,2,6,8,4},{1,2,4,3,6,8,5,9,7},{9,7,6,1,2,3,4,5,8},{2,1,8,4,9,5,7,3,6},{0,0,0,0,0,0,0,0,0},{0,0,0,0,0,0,0,0,0},{0,0,0,0,0,0,0,0,0},{0,0,0,0,0,0,0,0,0}}
]
14:29:40.167 [main] INFO  sudoku.model.SudokuBoard - Wartość 0 wstawiona nieprawidłowo
14:29:40.167 [main] INFO  sudoku.model.SudokuBoard - Bład w kwadracie 0
sudoku.model.SudokuBoard@410fc508[
  size=9
  solver=sudoku.model.BacktrackingSudokuSolver@4e17442f
  board={{6,8,5,9,4,7,1,2,3},{7,9,3,5,1,2,6,8,4},{1,2,4,3,6,8,5,9,7},{9,7,6,1,2,3,4,5,8},{2,1,8,4,9,5,7,3,6},{4,0,0,0,0,0,0,0,0},{0,0,0,0,0,0,0,0,0},{0,0,0,0,0,0,0,0,0},{0,0,0,0,0,0,0,0,0}}
]
14:29:40.167 [main] INFO  sudoku.model.SudokuBoard - Wartość 0 wstawiona nieprawidłowo
14:29:40.167 [main] INFO  sudoku.model.SudokuBoard - Bład w kwadracie 0
sudoku.model.SudokuBoard@410fc508[
  size=9
  solver=sudoku.model.BacktrackingSudokuSolver@4e17442f
  board={{6,8,5,9,4,7,1,2,3},{7,9,3,5,1,2,6,8,4},{1,2,4,3,6,8,5,9,7},{9,7,6,1,2,3,4,5,8},{2,1,8,4,9,5,7,3,6},{4,0,0,0,0,0,0,0,0},{0,0,0,0,0,0,0,0,0},{0,0,0,0,0,0,0,0,0},{0,0,0,0,0,0,0,0,0}}
]
14:29:40.167 [main] INFO  sudoku.model.SudokuBoard - Wartość 0 wstawiona nieprawidłowo
14:29:40.168 [main] INFO  sudoku.model.SudokuBoard - Bład w kwadracie 0
sudoku.model.SudokuBoard@410fc508[
  size=9
  solver=sudoku.model.BacktrackingSudokuSolver@4e17442f
  board={{6,8,5,9,4,7,1,2,3},{7,9,3,5,1,2,6,8,4},{1,2,4,3,6,8,5,9,7},{9,7,6,1,2,3,4,5,8},{2,1,8,4,9,5,7,3,6},{0,0,0,0,0,0,0,0,0},{0,0,0,0,0,0,0,0,0},{0,0,0,0,0,0,0,0,0},{0,0,0,0,0,0,0,0,0}}
]
14:29:40.168 [main] INFO  sudoku.model.SudokuBoard - Wartość 0 wstawiona nieprawidłowo
14:29:40.169 [main] INFO  sudoku.model.SudokuBoard - Bład w kwadracie 0
sudoku.model.SudokuBoard@410fc508[
  size=9
  solver=sudoku.model.BacktrackingSudokuSolver@4e17442f
  board={{6,8,5,9,4,7,1,2,3},{7,9,3,5,1,2,6,8,4},{1,2,4,3,6,8,5,9,7},{9,7,6,1,2,3,4,5,8},{2,1,8,4,9,5,7,3,6},{5,0,0,0,0,0,0,0,0},{0,0,0,0,0,0,0,0,0},{0,0,0,0,0,0,0,0,0},{0,0,0,0,0,0,0,0,0}}
]
14:29:40.169 [main] INFO  sudoku.model.SudokuBoard - Wartość 0 wstawiona nieprawidłowo
14:29:40.169 [main] INFO  sudoku.model.SudokuBoard - Bład w kwadracie 0
sudoku.model.SudokuBoard@410fc508[
  size=9
  solver=sudoku.model.BacktrackingSudokuSolver@4e17442f
  board={{6,8,5,9,4,7,1,2,3},{7,9,3,5,1,2,6,8,4},{1,2,4,3,6,8,5,9,7},{9,7,6,1,2,3,4,5,8},{2,1,8,4,9,5,7,3,6},{5,0,0,0,0,0,0,0,0},{0,0,0,0,0,0,0,0,0},{0,0,0,0,0,0,0,0,0},{0,0,0,0,0,0,0,0,0}}
]
14:29:40.169 [main] INFO  sudoku.model.SudokuBoard - Wartość 0 wstawiona nieprawidłowo
14:29:40.169 [main] INFO  sudoku.model.SudokuBoard - Bład w kwadracie 0
sudoku.model.SudokuBoard@410fc508[
  size=9
  solver=sudoku.model.BacktrackingSudokuSolver@4e17442f
  board={{6,8,5,9,4,7,1,2,3},{7,9,3,5,1,2,6,8,4},{1,2,4,3,6,8,5,9,7},{9,7,6,1,2,3,4,5,8},{2,1,8,4,9,5,7,3,6},{0,0,0,0,0,0,0,0,0},{0,0,0,0,0,0,0,0,0},{0,0,0,0,0,0,0,0,0},{0,0,0,0,0,0,0,0,0}}
]
14:29:40.169 [main] INFO  sudoku.model.SudokuBoard - Wartość 0 wstawiona nieprawidłowo
14:29:40.169 [main] INFO  sudoku.model.SudokuBoard - Bład w kwadracie 0
sudoku.model.SudokuBoard@410fc508[
  size=9
  solver=sudoku.model.BacktrackingSudokuSolver@4e17442f
  board={{6,8,5,9,4,7,1,2,3},{7,9,3,5,1,2,6,8,4},{1,2,4,3,6,8,5,9,7},{9,7,6,1,2,3,4,5,8},{2,1,8,4,9,5,7,3,0},{0,0,0,0,0,0,0,0,0},{0,0,0,0,0,0,0,0,0},{0,0,0,0,0,0,0,0,0},{0,0,0,0,0,0,0,0,0}}
]
14:29:40.170 [main] INFO  sudoku.model.SudokuBoard - Wartość 0 wstawiona nieprawidłowo
14:29:40.170 [main] INFO  sudoku.model.SudokuBoard - Bład w kwadracie 0
sudoku.model.SudokuBoard@410fc508[
  size=9
  solver=sudoku.model.BacktrackingSudokuSolver@4e17442f
  board={{6,8,5,9,4,7,1,2,3},{7,9,3,5,1,2,6,8,4},{1,2,4,3,6,8,5,9,7},{9,7,6,1,2,3,4,5,8},{2,1,8,4,9,5,7,0,0},{0,0,0,0,0,0,0,0,0},{0,0,0,0,0,0,0,0,0},{0,0,0,0,0,0,0,0,0},{0,0,0,0,0,0,0,0,0}}
]
14:29:40.170 [main] INFO  sudoku.model.SudokuBoard - Wartość 0 wstawiona nieprawidłowo
14:29:40.170 [main] INFO  sudoku.model.SudokuBoard - Bład w kwadracie 0
sudoku.model.SudokuBoard@410fc508[
  size=9
  solver=sudoku.model.BacktrackingSudokuSolver@4e17442f
  board={{6,8,5,9,4,7,1,2,3},{7,9,3,5,1,2,6,8,4},{1,2,4,3,6,8,5,9,7},{9,7,6,1,2,3,4,5,8},{2,1,8,4,9,5,0,0,0},{0,0,0,0,0,0,0,0,0},{0,0,0,0,0,0,0,0,0},{0,0,0,0,0,0,0,0,0},{0,0,0,0,0,0,0,0,0}}
]
14:29:40.170 [main] INFO  sudoku.model.SudokuBoard - Wartość 0 wstawiona nieprawidłowo
14:29:40.170 [main] INFO  sudoku.model.SudokuBoard - Bład w kwadracie 0
sudoku.model.SudokuBoard@410fc508[
  size=9
  solver=sudoku.model.BacktrackingSudokuSolver@4e17442f
  board={{6,8,5,9,4,7,1,2,3},{7,9,3,5,1,2,6,8,4},{1,2,4,3,6,8,5,9,7},{9,7,6,1,2,3,4,5,8},{2,1,8,4,9,0,0,0,0},{0,0,0,0,0,0,0,0,0},{0,0,0,0,0,0,0,0,0},{0,0,0,0,0,0,0,0,0},{0,0,0,0,0,0,0,0,0}}
]
14:29:40.170 [main] INFO  sudoku.model.SudokuBoard - Wartość 0 wstawiona nieprawidłowo
14:29:40.171 [main] INFO  sudoku.model.SudokuBoard - Bład w kwadracie 0
sudoku.model.SudokuBoard@410fc508[
  size=9
  solver=sudoku.model.BacktrackingSudokuSolver@4e17442f
  board={{6,8,5,9,4,7,1,2,3},{7,9,3,5,1,2,6,8,4},{1,2,4,3,6,8,5,9,7},{9,7,6,1,2,3,4,5,8},{2,1,8,4,9,6,7,0,0},{0,0,0,0,0,0,0,0,0},{0,0,0,0,0,0,0,0,0},{0,0,0,0,0,0,0,0,0},{0,0,0,0,0,0,0,0,0}}
]
14:29:40.171 [main] INFO  sudoku.model.SudokuBoard - Wartość 0 wstawiona nieprawidłowo
14:29:40.172 [main] INFO  sudoku.model.SudokuBoard - Bład w kwadracie 0
sudoku.model.SudokuBoard@410fc508[
  size=9
  solver=sudoku.model.BacktrackingSudokuSolver@4e17442f
  board={{6,8,5,9,4,7,1,2,3},{7,9,3,5,1,2,6,8,4},{1,2,4,3,6,8,5,9,7},{9,7,6,1,2,3,4,5,8},{2,1,8,4,9,6,0,0,0},{0,0,0,0,0,0,0,0,0},{0,0,0,0,0,0,0,0,0},{0,0,0,0,0,0,0,0,0},{0,0,0,0,0,0,0,0,0}}
]
14:29:40.172 [main] INFO  sudoku.model.SudokuBoard - Wartość 0 wstawiona nieprawidłowo
14:29:40.172 [main] INFO  sudoku.model.SudokuBoard - Bład w kwadracie 0
sudoku.model.SudokuBoard@410fc508[
  size=9
  solver=sudoku.model.BacktrackingSudokuSolver@4e17442f
  board={{6,8,5,9,4,7,1,2,3},{7,9,3,5,1,2,6,8,4},{1,2,4,3,6,8,5,9,7},{9,7,6,1,2,3,4,5,8},{2,1,8,4,9,6,3,0,0},{0,0,0,0,0,0,0,0,0},{0,0,0,0,0,0,0,0,0},{0,0,0,0,0,0,0,0,0},{0,0,0,0,0,0,0,0,0}}
]
14:29:40.172 [main] INFO  sudoku.model.SudokuBoard - Wartość 0 wstawiona nieprawidłowo
14:29:40.172 [main] INFO  sudoku.model.SudokuBoard - Bład w kwadracie 0
sudoku.model.SudokuBoard@410fc508[
  size=9
  solver=sudoku.model.BacktrackingSudokuSolver@4e17442f
  board={{6,8,5,9,4,7,1,2,3},{7,9,3,5,1,2,6,8,4},{1,2,4,3,6,8,5,9,7},{9,7,6,1,2,3,4,5,8},{2,1,8,4,9,6,0,0,0},{0,0,0,0,0,0,0,0,0},{0,0,0,0,0,0,0,0,0},{0,0,0,0,0,0,0,0,0},{0,0,0,0,0,0,0,0,0}}
]
14:29:40.173 [main] INFO  sudoku.model.SudokuBoard - Wartość 0 wstawiona nieprawidłowo
14:29:40.174 [main] INFO  sudoku.model.SudokuBoard - Bład w kwadracie 0
sudoku.model.SudokuBoard@410fc508[
  size=9
  solver=sudoku.model.BacktrackingSudokuSolver@4e17442f
  board={{6,8,5,9,4,7,1,2,3},{7,9,3,5,1,2,6,8,4},{1,2,4,3,6,8,5,9,7},{9,7,6,1,2,3,4,5,8},{2,1,8,4,9,0,0,0,0},{0,0,0,0,0,0,0,0,0},{0,0,0,0,0,0,0,0,0},{0,0,0,0,0,0,0,0,0},{0,0,0,0,0,0,0,0,0}}
]
14:29:40.174 [main] INFO  sudoku.model.SudokuBoard - Wartość 0 wstawiona nieprawidłowo
14:29:40.174 [main] INFO  sudoku.model.SudokuBoard - Bład w kwadracie 0
sudoku.model.SudokuBoard@410fc508[
  size=9
  solver=sudoku.model.BacktrackingSudokuSolver@4e17442f
  board={{6,8,5,9,4,7,1,2,3},{7,9,3,5,1,2,6,8,4},{1,2,4,3,6,8,5,9,7},{9,7,6,1,2,3,4,5,8},{2,1,8,4,0,0,0,0,0},{0,0,0,0,0,0,0,0,0},{0,0,0,0,0,0,0,0,0},{0,0,0,0,0,0,0,0,0},{0,0,0,0,0,0,0,0,0}}
]
14:29:40.174 [main] INFO  sudoku.model.SudokuBoard - Wartość 0 wstawiona nieprawidłowo
14:29:40.174 [main] INFO  sudoku.model.SudokuBoard - Bład w kwadracie 0
sudoku.model.SudokuBoard@410fc508[
  size=9
  solver=sudoku.model.BacktrackingSudokuSolver@4e17442f
  board={{6,8,5,9,4,7,1,2,3},{7,9,3,5,1,2,6,8,4},{1,2,4,3,6,8,5,9,7},{9,7,6,1,2,3,4,5,8},{2,1,8,0,0,0,0,0,0},{0,0,0,0,0,0,0,0,0},{0,0,0,0,0,0,0,0,0},{0,0,0,0,0,0,0,0,0},{0,0,0,0,0,0,0,0,0}}
]
14:29:40.174 [main] INFO  sudoku.model.SudokuBoard - Wartość 0 wstawiona nieprawidłowo
14:29:40.174 [main] INFO  sudoku.model.SudokuBoard - Bład w kwadracie 0
sudoku.model.SudokuBoard@410fc508[
  size=9
  solver=sudoku.model.BacktrackingSudokuSolver@4e17442f
  board={{6,8,5,9,4,7,1,2,3},{7,9,3,5,1,2,6,8,4},{1,2,4,3,6,8,5,9,7},{9,7,6,1,2,3,4,5,8},{2,1,8,6,9,4,7,0,0},{0,0,0,0,0,0,0,0,0},{0,0,0,0,0,0,0,0,0},{0,0,0,0,0,0,0,0,0},{0,0,0,0,0,0,0,0,0}}
]
14:29:40.174 [main] INFO  sudoku.model.SudokuBoard - Wartość 0 wstawiona nieprawidłowo
14:29:40.175 [main] INFO  sudoku.model.SudokuBoard - Bład w kwadracie 0
sudoku.model.SudokuBoard@410fc508[
  size=9
  solver=sudoku.model.BacktrackingSudokuSolver@4e17442f
  board={{6,8,5,9,4,7,1,2,3},{7,9,3,5,1,2,6,8,4},{1,2,4,3,6,8,5,9,7},{9,7,6,1,2,3,4,5,8},{2,1,8,6,9,4,0,0,0},{0,0,0,0,0,0,0,0,0},{0,0,0,0,0,0,0,0,0},{0,0,0,0,0,0,0,0,0},{0,0,0,0,0,0,0,0,0}}
]
14:29:40.175 [main] INFO  sudoku.model.SudokuBoard - Wartość 0 wstawiona nieprawidłowo
14:29:40.175 [main] INFO  sudoku.model.SudokuBoard - Bład w kwadracie 0
sudoku.model.SudokuBoard@410fc508[
  size=9
  solver=sudoku.model.BacktrackingSudokuSolver@4e17442f
  board={{6,8,5,9,4,7,1,2,3},{7,9,3,5,1,2,6,8,4},{1,2,4,3,6,8,5,9,7},{9,7,6,1,2,3,4,5,8},{2,1,8,6,9,4,3,0,0},{0,0,0,0,0,0,0,0,0},{0,0,0,0,0,0,0,0,0},{0,0,0,0,0,0,0,0,0},{0,0,0,0,0,0,0,0,0}}
]
14:29:40.175 [main] INFO  sudoku.model.SudokuBoard - Wartość 0 wstawiona nieprawidłowo
14:29:40.183 [main] INFO  sudoku.model.SudokuBoard - Bład w kwadracie 0
sudoku.model.SudokuBoard@410fc508[
  size=9
  solver=sudoku.model.BacktrackingSudokuSolver@4e17442f
  board={{6,8,5,9,4,7,1,2,3},{7,9,3,5,1,2,6,8,4},{1,2,4,3,6,8,5,9,7},{9,7,6,1,2,3,4,5,8},{2,1,8,6,9,4,0,0,0},{0,0,0,0,0,0,0,0,0},{0,0,0,0,0,0,0,0,0},{0,0,0,0,0,0,0,0,0},{0,0,0,0,0,0,0,0,0}}
]
14:29:40.183 [main] INFO  sudoku.model.SudokuBoard - Wartość 0 wstawiona nieprawidłowo
14:29:40.183 [main] INFO  sudoku.model.SudokuBoard - Bład w kwadracie 0
sudoku.model.SudokuBoard@410fc508[
  size=9
  solver=sudoku.model.BacktrackingSudokuSolver@4e17442f
  board={{6,8,5,9,4,7,1,2,3},{7,9,3,5,1,2,6,8,4},{1,2,4,3,6,8,5,9,7},{9,7,6,1,2,3,4,5,8},{2,1,8,6,9,0,0,0,0},{0,0,0,0,0,0,0,0,0},{0,0,0,0,0,0,0,0,0},{0,0,0,0,0,0,0,0,0},{0,0,0,0,0,0,0,0,0}}
]
14:29:40.183 [main] INFO  sudoku.model.SudokuBoard - Wartość 0 wstawiona nieprawidłowo
14:29:40.183 [main] INFO  sudoku.model.SudokuBoard - Bład w kwadracie 0
sudoku.model.SudokuBoard@410fc508[
  size=9
  solver=sudoku.model.BacktrackingSudokuSolver@4e17442f
  board={{6,8,5,9,4,7,1,2,3},{7,9,3,5,1,2,6,8,4},{1,2,4,3,6,8,5,9,7},{9,7,6,1,2,3,4,5,8},{2,1,8,6,9,5,7,0,0},{0,0,0,0,0,0,0,0,0},{0,0,0,0,0,0,0,0,0},{0,0,0,0,0,0,0,0,0},{0,0,0,0,0,0,0,0,0}}
]
14:29:40.183 [main] INFO  sudoku.model.SudokuBoard - Wartość 0 wstawiona nieprawidłowo
14:29:40.183 [main] INFO  sudoku.model.SudokuBoard - Bład w kwadracie 0
sudoku.model.SudokuBoard@410fc508[
  size=9
  solver=sudoku.model.BacktrackingSudokuSolver@4e17442f
  board={{6,8,5,9,4,7,1,2,3},{7,9,3,5,1,2,6,8,4},{1,2,4,3,6,8,5,9,7},{9,7,6,1,2,3,4,5,8},{2,1,8,6,9,5,0,0,0},{0,0,0,0,0,0,0,0,0},{0,0,0,0,0,0,0,0,0},{0,0,0,0,0,0,0,0,0},{0,0,0,0,0,0,0,0,0}}
]
14:29:40.183 [main] INFO  sudoku.model.SudokuBoard - Wartość 0 wstawiona nieprawidłowo
14:29:40.214 [main] INFO  sudoku.model.SudokuBoard - Bład w kwadracie 0
sudoku.model.SudokuBoard@410fc508[
  size=9
  solver=sudoku.model.BacktrackingSudokuSolver@4e17442f
  board={{6,8,5,9,4,7,1,2,3},{7,9,3,5,1,2,6,8,4},{1,2,4,3,6,8,5,9,7},{9,7,6,1,2,3,4,5,8},{2,1,8,6,9,5,3,0,0},{0,0,0,0,0,0,0,0,0},{0,0,0,0,0,0,0,0,0},{0,0,0,0,0,0,0,0,0},{0,0,0,0,0,0,0,0,0}}
]
14:29:40.214 [main] INFO  sudoku.model.SudokuBoard - Wartość 0 wstawiona nieprawidłowo
14:29:40.214 [main] INFO  sudoku.model.SudokuBoard - Bład w kwadracie 0
sudoku.model.SudokuBoard@410fc508[
  size=9
  solver=sudoku.model.BacktrackingSudokuSolver@4e17442f
  board={{6,8,5,9,4,7,1,2,3},{7,9,3,5,1,2,6,8,4},{1,2,4,3,6,8,5,9,7},{9,7,6,1,2,3,4,5,8},{2,1,8,6,9,5,0,0,0},{0,0,0,0,0,0,0,0,0},{0,0,0,0,0,0,0,0,0},{0,0,0,0,0,0,0,0,0},{0,0,0,0,0,0,0,0,0}}
]
14:29:40.214 [main] INFO  sudoku.model.SudokuBoard - Wartość 0 wstawiona nieprawidłowo
14:29:40.215 [main] INFO  sudoku.model.SudokuBoard - Bład w kwadracie 0
sudoku.model.SudokuBoard@410fc508[
  size=9
  solver=sudoku.model.BacktrackingSudokuSolver@4e17442f
  board={{6,8,5,9,4,7,1,2,3},{7,9,3,5,1,2,6,8,4},{1,2,4,3,6,8,5,9,7},{9,7,6,1,2,3,4,5,8},{2,1,8,6,9,0,0,0,0},{0,0,0,0,0,0,0,0,0},{0,0,0,0,0,0,0,0,0},{0,0,0,0,0,0,0,0,0},{0,0,0,0,0,0,0,0,0}}
]
14:29:40.215 [main] INFO  sudoku.model.SudokuBoard - Wartość 0 wstawiona nieprawidłowo
14:29:40.215 [main] INFO  sudoku.model.SudokuBoard - Bład w kwadracie 0
sudoku.model.SudokuBoard@410fc508[
  size=9
  solver=sudoku.model.BacktrackingSudokuSolver@4e17442f
  board={{6,8,5,9,4,7,1,2,3},{7,9,3,5,1,2,6,8,4},{1,2,4,3,6,8,5,9,7},{9,7,6,1,2,3,4,5,8},{2,1,8,6,0,0,0,0,0},{0,0,0,0,0,0,0,0,0},{0,0,0,0,0,0,0,0,0},{0,0,0,0,0,0,0,0,0},{0,0,0,0,0,0,0,0,0}}
]
14:29:40.215 [main] INFO  sudoku.model.SudokuBoard - Wartość 0 wstawiona nieprawidłowo
14:29:40.215 [main] INFO  sudoku.model.SudokuBoard - Bład w kwadracie 0
sudoku.model.SudokuBoard@410fc508[
  size=9
  solver=sudoku.model.BacktrackingSudokuSolver@4e17442f
  board={{6,8,5,9,4,7,1,2,3},{7,9,3,5,1,2,6,8,4},{1,2,4,3,6,8,5,9,7},{9,7,6,1,2,3,4,5,8},{2,1,8,6,5,9,3,0,0},{0,0,0,0,0,0,0,0,0},{0,0,0,0,0,0,0,0,0},{0,0,0,0,0,0,0,0,0},{0,0,0,0,0,0,0,0,0}}
]
14:29:40.215 [main] INFO  sudoku.model.SudokuBoard - Wartość 0 wstawiona nieprawidłowo
14:29:40.216 [main] INFO  sudoku.model.SudokuBoard - Bład w kwadracie 0
sudoku.model.SudokuBoard@410fc508[
  size=9
  solver=sudoku.model.BacktrackingSudokuSolver@4e17442f
  board={{6,8,5,9,4,7,1,2,3},{7,9,3,5,1,2,6,8,4},{1,2,4,3,6,8,5,9,7},{9,7,6,1,2,3,4,5,8},{2,1,8,6,5,9,0,0,0},{0,0,0,0,0,0,0,0,0},{0,0,0,0,0,0,0,0,0},{0,0,0,0,0,0,0,0,0},{0,0,0,0,0,0,0,0,0}}
]
14:29:40.218 [main] INFO  sudoku.model.SudokuBoard - Wartość 0 wstawiona nieprawidłowo
14:29:40.219 [main] INFO  sudoku.model.SudokuBoard - Bład w kwadracie 0
sudoku.model.SudokuBoard@410fc508[
  size=9
  solver=sudoku.model.BacktrackingSudokuSolver@4e17442f
  board={{6,8,5,9,4,7,1,2,3},{7,9,3,5,1,2,6,8,4},{1,2,4,3,6,8,5,9,7},{9,7,6,1,2,3,4,5,8},{2,1,8,6,5,9,7,0,0},{0,0,0,0,0,0,0,0,0},{0,0,0,0,0,0,0,0,0},{0,0,0,0,0,0,0,0,0},{0,0,0,0,0,0,0,0,0}}
]
14:29:40.220 [main] INFO  sudoku.model.SudokuBoard - Wartość 0 wstawiona nieprawidłowo
14:29:40.220 [main] INFO  sudoku.model.SudokuBoard - Bład w kwadracie 0
sudoku.model.SudokuBoard@410fc508[
  size=9
  solver=sudoku.model.BacktrackingSudokuSolver@4e17442f
  board={{6,8,5,9,4,7,1,2,3},{7,9,3,5,1,2,6,8,4},{1,2,4,3,6,8,5,9,7},{9,7,6,1,2,3,4,5,8},{2,1,8,6,5,9,0,0,0},{0,0,0,0,0,0,0,0,0},{0,0,0,0,0,0,0,0,0},{0,0,0,0,0,0,0,0,0},{0,0,0,0,0,0,0,0,0}}
]
14:29:40.220 [main] INFO  sudoku.model.SudokuBoard - Wartość 0 wstawiona nieprawidłowo
14:29:40.220 [main] INFO  sudoku.model.SudokuBoard - Bład w kwadracie 0
sudoku.model.SudokuBoard@410fc508[
  size=9
  solver=sudoku.model.BacktrackingSudokuSolver@4e17442f
  board={{6,8,5,9,4,7,1,2,3},{7,9,3,5,1,2,6,8,4},{1,2,4,3,6,8,5,9,7},{9,7,6,1,2,3,4,5,8},{2,1,8,6,5,0,0,0,0},{0,0,0,0,0,0,0,0,0},{0,0,0,0,0,0,0,0,0},{0,0,0,0,0,0,0,0,0},{0,0,0,0,0,0,0,0,0}}
]
14:29:40.220 [main] INFO  sudoku.model.SudokuBoard - Wartość 0 wstawiona nieprawidłowo
14:29:40.220 [main] INFO  sudoku.model.SudokuBoard - Bład w kwadracie 0
sudoku.model.SudokuBoard@410fc508[
  size=9
  solver=sudoku.model.BacktrackingSudokuSolver@4e17442f
  board={{6,8,5,9,4,7,1,2,3},{7,9,3,5,1,2,6,8,4},{1,2,4,3,6,8,5,9,7},{9,7,6,1,2,3,4,5,8},{2,1,8,6,5,4,9,0,0},{0,0,0,0,0,0,0,0,0},{0,0,0,0,0,0,0,0,0},{0,0,0,0,0,0,0,0,0},{0,0,0,0,0,0,0,0,0}}
]
14:29:40.220 [main] INFO  sudoku.model.SudokuBoard - Wartość 0 wstawiona nieprawidłowo
14:29:40.220 [main] INFO  sudoku.model.SudokuBoard - Bład w kwadracie 0
sudoku.model.SudokuBoard@410fc508[
  size=9
  solver=sudoku.model.BacktrackingSudokuSolver@4e17442f
  board={{6,8,5,9,4,7,1,2,3},{7,9,3,5,1,2,6,8,4},{1,2,4,3,6,8,5,9,7},{9,7,6,1,2,3,4,5,8},{2,1,8,6,5,4,9,0,0},{0,0,0,0,0,0,0,0,0},{0,0,0,0,0,0,0,0,0},{0,0,0,0,0,0,0,0,0},{0,0,0,0,0,0,0,0,0}}
]
14:29:40.221 [main] INFO  sudoku.model.SudokuBoard - Wartość 0 wstawiona nieprawidłowo
14:29:40.221 [main] INFO  sudoku.model.SudokuBoard - Bład w kwadracie 0
sudoku.model.SudokuBoard@410fc508[
  size=9
  solver=sudoku.model.BacktrackingSudokuSolver@4e17442f
  board={{6,8,5,9,4,7,1,2,3},{7,9,3,5,1,2,6,8,4},{1,2,4,3,6,8,5,9,7},{9,7,6,1,2,3,4,5,8},{2,1,8,6,5,4,0,0,0},{0,0,0,0,0,0,0,0,0},{0,0,0,0,0,0,0,0,0},{0,0,0,0,0,0,0,0,0},{0,0,0,0,0,0,0,0,0}}
]
14:29:40.221 [main] INFO  sudoku.model.SudokuBoard - Wartość 0 wstawiona nieprawidłowo
14:29:40.221 [main] INFO  sudoku.model.SudokuBoard - Bład w kwadracie 0
sudoku.model.SudokuBoard@410fc508[
  size=9
  solver=sudoku.model.BacktrackingSudokuSolver@4e17442f
  board={{6,8,5,9,4,7,1,2,3},{7,9,3,5,1,2,6,8,4},{1,2,4,3,6,8,5,9,7},{9,7,6,1,2,3,4,5,8},{2,1,8,6,5,4,3,7,9},{3,0,0,0,0,0,0,0,0},{0,0,0,0,0,0,0,0,0},{0,0,0,0,0,0,0,0,0},{0,0,0,0,0,0,0,0,0}}
]
14:29:40.221 [main] INFO  sudoku.model.SudokuBoard - Wartość 0 wstawiona nieprawidłowo
14:29:40.221 [main] INFO  sudoku.model.SudokuBoard - Bład w kwadracie 0
sudoku.model.SudokuBoard@410fc508[
  size=9
  solver=sudoku.model.BacktrackingSudokuSolver@4e17442f
  board={{6,8,5,9,4,7,1,2,3},{7,9,3,5,1,2,6,8,4},{1,2,4,3,6,8,5,9,7},{9,7,6,1,2,3,4,5,8},{2,1,8,6,5,4,3,7,9},{3,0,0,0,0,0,0,0,0},{0,0,0,0,0,0,0,0,0},{0,0,0,0,0,0,0,0,0},{0,0,0,0,0,0,0,0,0}}
]
14:29:40.221 [main] INFO  sudoku.model.SudokuBoard - Wartość 0 wstawiona nieprawidłowo
14:29:40.226 [main] INFO  sudoku.model.SudokuBoard - Bład w kwadracie 0
sudoku.model.SudokuBoard@410fc508[
  size=9
  solver=sudoku.model.BacktrackingSudokuSolver@4e17442f
  board={{6,8,5,9,4,7,1,2,3},{7,9,3,5,1,2,6,8,4},{1,2,4,3,6,8,5,9,7},{9,7,6,1,2,3,4,5,8},{2,1,8,6,5,4,3,7,9},{0,0,0,0,0,0,0,0,0},{0,0,0,0,0,0,0,0,0},{0,0,0,0,0,0,0,0,0},{0,0,0,0,0,0,0,0,0}}
]
14:29:40.226 [main] INFO  sudoku.model.SudokuBoard - Wartość 0 wstawiona nieprawidłowo
14:29:40.226 [main] INFO  sudoku.model.SudokuBoard - Bład w kwadracie 0
sudoku.model.SudokuBoard@410fc508[
  size=9
  solver=sudoku.model.BacktrackingSudokuSolver@4e17442f
  board={{6,8,5,9,4,7,1,2,3},{7,9,3,5,1,2,6,8,4},{1,2,4,3,6,8,5,9,7},{9,7,6,1,2,3,4,5,8},{2,1,8,6,5,4,3,7,9},{4,0,0,0,0,0,0,0,0},{0,0,0,0,0,0,0,0,0},{0,0,0,0,0,0,0,0,0},{0,0,0,0,0,0,0,0,0}}
]
14:29:40.226 [main] INFO  sudoku.model.SudokuBoard - Wartość 0 wstawiona nieprawidłowo
14:29:40.226 [main] INFO  sudoku.model.SudokuBoard - Bład w kwadracie 0
sudoku.model.SudokuBoard@410fc508[
  size=9
  solver=sudoku.model.BacktrackingSudokuSolver@4e17442f
  board={{6,8,5,9,4,7,1,2,3},{7,9,3,5,1,2,6,8,4},{1,2,4,3,6,8,5,9,7},{9,7,6,1,2,3,4,5,8},{2,1,8,6,5,4,3,7,9},{4,0,0,0,0,0,0,0,0},{0,0,0,0,0,0,0,0,0},{0,0,0,0,0,0,0,0,0},{0,0,0,0,0,0,0,0,0}}
]
14:29:40.226 [main] INFO  sudoku.model.SudokuBoard - Wartość 0 wstawiona nieprawidłowo
14:29:40.228 [main] INFO  sudoku.model.SudokuBoard - Bład w kwadracie 0
sudoku.model.SudokuBoard@410fc508[
  size=9
  solver=sudoku.model.BacktrackingSudokuSolver@4e17442f
  board={{6,8,5,9,4,7,1,2,3},{7,9,3,5,1,2,6,8,4},{1,2,4,3,6,8,5,9,7},{9,7,6,1,2,3,4,5,8},{2,1,8,6,5,4,3,7,9},{0,0,0,0,0,0,0,0,0},{0,0,0,0,0,0,0,0,0},{0,0,0,0,0,0,0,0,0},{0,0,0,0,0,0,0,0,0}}
]
14:29:40.228 [main] INFO  sudoku.model.SudokuBoard - Wartość 0 wstawiona nieprawidłowo
14:29:40.228 [main] INFO  sudoku.model.SudokuBoard - Bład w kwadracie 0
sudoku.model.SudokuBoard@410fc508[
  size=9
  solver=sudoku.model.BacktrackingSudokuSolver@4e17442f
  board={{6,8,5,9,4,7,1,2,3},{7,9,3,5,1,2,6,8,4},{1,2,4,3,6,8,5,9,7},{9,7,6,1,2,3,4,5,8},{2,1,8,6,5,4,3,7,9},{5,0,0,0,0,0,0,0,0},{0,0,0,0,0,0,0,0,0},{0,0,0,0,0,0,0,0,0},{0,0,0,0,0,0,0,0,0}}
]
14:29:40.228 [main] INFO  sudoku.model.SudokuBoard - Wartość 0 wstawiona nieprawidłowo
14:29:40.228 [main] INFO  sudoku.model.SudokuBoard - Bład w kwadracie 0
sudoku.model.SudokuBoard@410fc508[
  size=9
  solver=sudoku.model.BacktrackingSudokuSolver@4e17442f
  board={{6,8,5,9,4,7,1,2,3},{7,9,3,5,1,2,6,8,4},{1,2,4,3,6,8,5,9,7},{9,7,6,1,2,3,4,5,8},{2,1,8,6,5,4,3,7,9},{5,0,0,0,0,0,0,0,0},{0,0,0,0,0,0,0,0,0},{0,0,0,0,0,0,0,0,0},{0,0,0,0,0,0,0,0,0}}
]
14:29:40.229 [main] INFO  sudoku.model.SudokuBoard - Wartość 0 wstawiona nieprawidłowo
14:29:40.229 [main] INFO  sudoku.model.SudokuBoard - Bład w kwadracie 0
sudoku.model.SudokuBoard@410fc508[
  size=9
  solver=sudoku.model.BacktrackingSudokuSolver@4e17442f
  board={{6,8,5,9,4,7,1,2,3},{7,9,3,5,1,2,6,8,4},{1,2,4,3,6,8,5,9,7},{9,7,6,1,2,3,4,5,8},{2,1,8,6,5,4,3,7,9},{0,0,0,0,0,0,0,0,0},{0,0,0,0,0,0,0,0,0},{0,0,0,0,0,0,0,0,0},{0,0,0,0,0,0,0,0,0}}
]
14:29:40.229 [main] INFO  sudoku.model.SudokuBoard - Wartość 0 wstawiona nieprawidłowo
14:29:40.229 [main] INFO  sudoku.model.SudokuBoard - Bład w kwadracie 0
sudoku.model.SudokuBoard@410fc508[
  size=9
  solver=sudoku.model.BacktrackingSudokuSolver@4e17442f
  board={{6,8,5,9,4,7,1,2,3},{7,9,3,5,1,2,6,8,4},{1,2,4,3,6,8,5,9,7},{9,7,6,1,2,3,4,5,8},{2,1,8,6,5,4,3,7,0},{0,0,0,0,0,0,0,0,0},{0,0,0,0,0,0,0,0,0},{0,0,0,0,0,0,0,0,0},{0,0,0,0,0,0,0,0,0}}
]
14:29:40.229 [main] INFO  sudoku.model.SudokuBoard - Wartość 0 wstawiona nieprawidłowo
14:29:40.229 [main] INFO  sudoku.model.SudokuBoard - Bład w kwadracie 0
sudoku.model.SudokuBoard@410fc508[
  size=9
  solver=sudoku.model.BacktrackingSudokuSolver@4e17442f
  board={{6,8,5,9,4,7,1,2,3},{7,9,3,5,1,2,6,8,4},{1,2,4,3,6,8,5,9,7},{9,7,6,1,2,3,4,5,8},{2,1,8,6,5,4,3,0,0},{0,0,0,0,0,0,0,0,0},{0,0,0,0,0,0,0,0,0},{0,0,0,0,0,0,0,0,0},{0,0,0,0,0,0,0,0,0}}
]
14:29:40.229 [main] INFO  sudoku.model.SudokuBoard - Wartość 0 wstawiona nieprawidłowo
14:29:40.229 [main] INFO  sudoku.model.SudokuBoard - Bład w kwadracie 0
sudoku.model.SudokuBoard@410fc508[
  size=9
  solver=sudoku.model.BacktrackingSudokuSolver@4e17442f
  board={{6,8,5,9,4,7,1,2,3},{7,9,3,5,1,2,6,8,4},{1,2,4,3,6,8,5,9,7},{9,7,6,1,2,3,4,5,8},{2,1,8,6,5,4,0,0,0},{0,0,0,0,0,0,0,0,0},{0,0,0,0,0,0,0,0,0},{0,0,0,0,0,0,0,0,0},{0,0,0,0,0,0,0,0,0}}
]
14:29:40.229 [main] INFO  sudoku.model.SudokuBoard - Wartość 0 wstawiona nieprawidłowo
14:29:40.250 [main] INFO  sudoku.model.SudokuBoard - Bład w kwadracie 0
sudoku.model.SudokuBoard@410fc508[
  size=9
  solver=sudoku.model.BacktrackingSudokuSolver@4e17442f
  board={{6,8,5,9,4,7,1,2,3},{7,9,3,5,1,2,6,8,4},{1,2,4,3,6,8,5,9,7},{9,7,6,1,2,3,4,5,8},{2,1,8,6,5,4,7,3,9},{3,0,0,0,0,0,0,0,0},{0,0,0,0,0,0,0,0,0},{0,0,0,0,0,0,0,0,0},{0,0,0,0,0,0,0,0,0}}
]
14:29:40.251 [main] INFO  sudoku.model.SudokuBoard - Wartość 0 wstawiona nieprawidłowo
14:29:40.251 [main] INFO  sudoku.model.SudokuBoard - Bład w kwadracie 0
sudoku.model.SudokuBoard@410fc508[
  size=9
  solver=sudoku.model.BacktrackingSudokuSolver@4e17442f
  board={{6,8,5,9,4,7,1,2,3},{7,9,3,5,1,2,6,8,4},{1,2,4,3,6,8,5,9,7},{9,7,6,1,2,3,4,5,8},{2,1,8,6,5,4,7,3,9},{3,0,0,0,0,0,0,0,0},{0,0,0,0,0,0,0,0,0},{0,0,0,0,0,0,0,0,0},{0,0,0,0,0,0,0,0,0}}
]
14:29:40.254 [main] INFO  sudoku.model.SudokuBoard - Wartość 0 wstawiona nieprawidłowo
14:29:40.256 [main] INFO  sudoku.model.SudokuBoard - Bład w kwadracie 0
sudoku.model.SudokuBoard@410fc508[
  size=9
  solver=sudoku.model.BacktrackingSudokuSolver@4e17442f
  board={{6,8,5,9,4,7,1,2,3},{7,9,3,5,1,2,6,8,4},{1,2,4,3,6,8,5,9,7},{9,7,6,1,2,3,4,5,8},{2,1,8,6,5,4,7,3,9},{0,0,0,0,0,0,0,0,0},{0,0,0,0,0,0,0,0,0},{0,0,0,0,0,0,0,0,0},{0,0,0,0,0,0,0,0,0}}
]
14:29:40.257 [main] INFO  sudoku.model.SudokuBoard - Wartość 0 wstawiona nieprawidłowo
14:29:40.257 [main] INFO  sudoku.model.SudokuBoard - Bład w kwadracie 0
sudoku.model.SudokuBoard@410fc508[
  size=9
  solver=sudoku.model.BacktrackingSudokuSolver@4e17442f
  board={{6,8,5,9,4,7,1,2,3},{7,9,3,5,1,2,6,8,4},{1,2,4,3,6,8,5,9,7},{9,7,6,1,2,3,4,5,8},{2,1,8,6,5,4,7,3,9},{4,0,0,0,0,0,0,0,0},{0,0,0,0,0,0,0,0,0},{0,0,0,0,0,0,0,0,0},{0,0,0,0,0,0,0,0,0}}
]
14:29:40.257 [main] INFO  sudoku.model.SudokuBoard - Wartość 0 wstawiona nieprawidłowo
14:29:40.257 [main] INFO  sudoku.model.SudokuBoard - Bład w kwadracie 0
sudoku.model.SudokuBoard@410fc508[
  size=9
  solver=sudoku.model.BacktrackingSudokuSolver@4e17442f
  board={{6,8,5,9,4,7,1,2,3},{7,9,3,5,1,2,6,8,4},{1,2,4,3,6,8,5,9,7},{9,7,6,1,2,3,4,5,8},{2,1,8,6,5,4,7,3,9},{4,0,0,0,0,0,0,0,0},{0,0,0,0,0,0,0,0,0},{0,0,0,0,0,0,0,0,0},{0,0,0,0,0,0,0,0,0}}
]
14:29:40.257 [main] INFO  sudoku.model.SudokuBoard - Wartość 0 wstawiona nieprawidłowo
14:29:40.257 [main] INFO  sudoku.model.SudokuBoard - Bład w kwadracie 0
sudoku.model.SudokuBoard@410fc508[
  size=9
  solver=sudoku.model.BacktrackingSudokuSolver@4e17442f
  board={{6,8,5,9,4,7,1,2,3},{7,9,3,5,1,2,6,8,4},{1,2,4,3,6,8,5,9,7},{9,7,6,1,2,3,4,5,8},{2,1,8,6,5,4,7,3,9},{0,0,0,0,0,0,0,0,0},{0,0,0,0,0,0,0,0,0},{0,0,0,0,0,0,0,0,0},{0,0,0,0,0,0,0,0,0}}
]
14:29:40.257 [main] INFO  sudoku.model.SudokuBoard - Wartość 0 wstawiona nieprawidłowo
14:29:40.264 [main] INFO  sudoku.model.SudokuBoard - Bład w kwadracie 0
sudoku.model.SudokuBoard@410fc508[
  size=9
  solver=sudoku.model.BacktrackingSudokuSolver@4e17442f
  board={{6,8,5,9,4,7,1,2,3},{7,9,3,5,1,2,6,8,4},{1,2,4,3,6,8,5,9,7},{9,7,6,1,2,3,4,5,8},{2,1,8,6,5,4,7,3,9},{5,0,0,0,0,0,0,0,0},{0,0,0,0,0,0,0,0,0},{0,0,0,0,0,0,0,0,0},{0,0,0,0,0,0,0,0,0}}
]
14:29:40.264 [main] INFO  sudoku.model.SudokuBoard - Wartość 0 wstawiona nieprawidłowo
14:29:40.264 [main] INFO  sudoku.model.SudokuBoard - Bład w kwadracie 0
sudoku.model.SudokuBoard@410fc508[
  size=9
  solver=sudoku.model.BacktrackingSudokuSolver@4e17442f
  board={{6,8,5,9,4,7,1,2,3},{7,9,3,5,1,2,6,8,4},{1,2,4,3,6,8,5,9,7},{9,7,6,1,2,3,4,5,8},{2,1,8,6,5,4,7,3,9},{5,0,0,0,0,0,0,0,0},{0,0,0,0,0,0,0,0,0},{0,0,0,0,0,0,0,0,0},{0,0,0,0,0,0,0,0,0}}
]
14:29:40.264 [main] INFO  sudoku.model.SudokuBoard - Wartość 0 wstawiona nieprawidłowo
14:29:40.265 [main] INFO  sudoku.model.SudokuBoard - Bład w kwadracie 0
sudoku.model.SudokuBoard@410fc508[
  size=9
  solver=sudoku.model.BacktrackingSudokuSolver@4e17442f
  board={{6,8,5,9,4,7,1,2,3},{7,9,3,5,1,2,6,8,4},{1,2,4,3,6,8,5,9,7},{9,7,6,1,2,3,4,5,8},{2,1,8,6,5,4,7,3,9},{0,0,0,0,0,0,0,0,0},{0,0,0,0,0,0,0,0,0},{0,0,0,0,0,0,0,0,0},{0,0,0,0,0,0,0,0,0}}
]
14:29:40.265 [main] INFO  sudoku.model.SudokuBoard - Wartość 0 wstawiona nieprawidłowo
14:29:40.265 [main] INFO  sudoku.model.SudokuBoard - Bład w kwadracie 0
sudoku.model.SudokuBoard@410fc508[
  size=9
  solver=sudoku.model.BacktrackingSudokuSolver@4e17442f
  board={{6,8,5,9,4,7,1,2,3},{7,9,3,5,1,2,6,8,4},{1,2,4,3,6,8,5,9,7},{9,7,6,1,2,3,4,5,8},{2,1,8,6,5,4,7,3,0},{0,0,0,0,0,0,0,0,0},{0,0,0,0,0,0,0,0,0},{0,0,0,0,0,0,0,0,0},{0,0,0,0,0,0,0,0,0}}
]
14:29:40.265 [main] INFO  sudoku.model.SudokuBoard - Wartość 0 wstawiona nieprawidłowo
14:29:40.265 [main] INFO  sudoku.model.SudokuBoard - Bład w kwadracie 0
sudoku.model.SudokuBoard@410fc508[
  size=9
  solver=sudoku.model.BacktrackingSudokuSolver@4e17442f
  board={{6,8,5,9,4,7,1,2,3},{7,9,3,5,1,2,6,8,4},{1,2,4,3,6,8,5,9,7},{9,7,6,1,2,3,4,5,8},{2,1,8,6,5,4,7,0,0},{0,0,0,0,0,0,0,0,0},{0,0,0,0,0,0,0,0,0},{0,0,0,0,0,0,0,0,0},{0,0,0,0,0,0,0,0,0}}
]
14:29:40.265 [main] INFO  sudoku.model.SudokuBoard - Wartość 0 wstawiona nieprawidłowo
14:29:40.265 [main] INFO  sudoku.model.SudokuBoard - Bład w kwadracie 0
sudoku.model.SudokuBoard@410fc508[
  size=9
  solver=sudoku.model.BacktrackingSudokuSolver@4e17442f
  board={{6,8,5,9,4,7,1,2,3},{7,9,3,5,1,2,6,8,4},{1,2,4,3,6,8,5,9,7},{9,7,6,1,2,3,4,5,8},{2,1,8,6,5,4,0,0,0},{0,0,0,0,0,0,0,0,0},{0,0,0,0,0,0,0,0,0},{0,0,0,0,0,0,0,0,0},{0,0,0,0,0,0,0,0,0}}
]
14:29:40.265 [main] INFO  sudoku.model.SudokuBoard - Wartość 0 wstawiona nieprawidłowo
14:29:40.265 [main] INFO  sudoku.model.SudokuBoard - Bład w kwadracie 0
sudoku.model.SudokuBoard@410fc508[
  size=9
  solver=sudoku.model.BacktrackingSudokuSolver@4e17442f
  board={{6,8,5,9,4,7,1,2,3},{7,9,3,5,1,2,6,8,4},{1,2,4,3,6,8,5,9,7},{9,7,6,1,2,3,4,5,8},{2,1,8,6,5,0,0,0,0},{0,0,0,0,0,0,0,0,0},{0,0,0,0,0,0,0,0,0},{0,0,0,0,0,0,0,0,0},{0,0,0,0,0,0,0,0,0}}
]
14:29:40.265 [main] INFO  sudoku.model.SudokuBoard - Wartość 0 wstawiona nieprawidłowo
14:29:40.265 [main] INFO  sudoku.model.SudokuBoard - Bład w kwadracie 0
sudoku.model.SudokuBoard@410fc508[
  size=9
  solver=sudoku.model.BacktrackingSudokuSolver@4e17442f
  board={{6,8,5,9,4,7,1,2,3},{7,9,3,5,1,2,6,8,4},{1,2,4,3,6,8,5,9,7},{9,7,6,1,2,3,4,5,8},{2,1,8,6,0,0,0,0,0},{0,0,0,0,0,0,0,0,0},{0,0,0,0,0,0,0,0,0},{0,0,0,0,0,0,0,0,0},{0,0,0,0,0,0,0,0,0}}
]
14:29:40.266 [main] INFO  sudoku.model.SudokuBoard - Wartość 0 wstawiona nieprawidłowo
14:29:40.266 [main] INFO  sudoku.model.SudokuBoard - Bład w kwadracie 0
sudoku.model.SudokuBoard@410fc508[
  size=9
  solver=sudoku.model.BacktrackingSudokuSolver@4e17442f
  board={{6,8,5,9,4,7,1,2,3},{7,9,3,5,1,2,6,8,4},{1,2,4,3,6,8,5,9,7},{9,7,6,1,2,3,4,5,8},{2,1,8,6,7,4,9,0,0},{0,0,0,0,0,0,0,0,0},{0,0,0,0,0,0,0,0,0},{0,0,0,0,0,0,0,0,0},{0,0,0,0,0,0,0,0,0}}
]
14:29:40.266 [main] INFO  sudoku.model.SudokuBoard - Wartość 0 wstawiona nieprawidłowo
14:29:40.275 [main] INFO  sudoku.model.SudokuBoard - Bład w kwadracie 0
sudoku.model.SudokuBoard@410fc508[
  size=9
  solver=sudoku.model.BacktrackingSudokuSolver@4e17442f
  board={{6,8,5,9,4,7,1,2,3},{7,9,3,5,1,2,6,8,4},{1,2,4,3,6,8,5,9,7},{9,7,6,1,2,3,4,5,8},{2,1,8,6,7,4,0,0,0},{0,0,0,0,0,0,0,0,0},{0,0,0,0,0,0,0,0,0},{0,0,0,0,0,0,0,0,0},{0,0,0,0,0,0,0,0,0}}
]
14:29:40.275 [main] INFO  sudoku.model.SudokuBoard - Wartość 0 wstawiona nieprawidłowo
14:29:40.275 [main] INFO  sudoku.model.SudokuBoard - Bład w kwadracie 0
sudoku.model.SudokuBoard@410fc508[
  size=9
  solver=sudoku.model.BacktrackingSudokuSolver@4e17442f
  board={{6,8,5,9,4,7,1,2,3},{7,9,3,5,1,2,6,8,4},{1,2,4,3,6,8,5,9,7},{9,7,6,1,2,3,4,5,8},{2,1,8,6,7,4,0,0,0},{0,0,0,0,0,0,0,0,0},{0,0,0,0,0,0,0,0,0},{0,0,0,0,0,0,0,0,0},{0,0,0,0,0,0,0,0,0}}
]
14:29:40.275 [main] INFO  sudoku.model.SudokuBoard - Wartość 0 wstawiona nieprawidłowo
14:29:40.275 [main] INFO  sudoku.model.SudokuBoard - Bład w kwadracie 0
sudoku.model.SudokuBoard@410fc508[
  size=9
  solver=sudoku.model.BacktrackingSudokuSolver@4e17442f
  board={{6,8,5,9,4,7,1,2,3},{7,9,3,5,1,2,6,8,4},{1,2,4,3,6,8,5,9,7},{9,7,6,1,2,3,4,5,8},{2,1,8,6,7,0,0,0,0},{0,0,0,0,0,0,0,0,0},{0,0,0,0,0,0,0,0,0},{0,0,0,0,0,0,0,0,0},{0,0,0,0,0,0,0,0,0}}
]
14:29:40.275 [main] INFO  sudoku.model.SudokuBoard - Wartość 0 wstawiona nieprawidłowo
14:29:40.275 [main] INFO  sudoku.model.SudokuBoard - Bład w kwadracie 0
sudoku.model.SudokuBoard@410fc508[
  size=9
  solver=sudoku.model.BacktrackingSudokuSolver@4e17442f
  board={{6,8,5,9,4,7,1,2,3},{7,9,3,5,1,2,6,8,4},{1,2,4,3,6,8,5,9,7},{9,7,6,1,2,3,4,5,8},{2,1,8,6,7,5,0,0,0},{0,0,0,0,0,0,0,0,0},{0,0,0,0,0,0,0,0,0},{0,0,0,0,0,0,0,0,0},{0,0,0,0,0,0,0,0,0}}
]
14:29:40.275 [main] INFO  sudoku.model.SudokuBoard - Wartość 0 wstawiona nieprawidłowo
14:29:40.275 [main] INFO  sudoku.model.SudokuBoard - Bład w kwadracie 0
sudoku.model.SudokuBoard@410fc508[
  size=9
  solver=sudoku.model.BacktrackingSudokuSolver@4e17442f
  board={{6,8,5,9,4,7,1,2,3},{7,9,3,5,1,2,6,8,4},{1,2,4,3,6,8,5,9,7},{9,7,6,1,2,3,4,5,8},{2,1,8,6,7,5,9,0,0},{0,0,0,0,0,0,0,0,0},{0,0,0,0,0,0,0,0,0},{0,0,0,0,0,0,0,0,0},{0,0,0,0,0,0,0,0,0}}
]
14:29:40.276 [main] INFO  sudoku.model.SudokuBoard - Wartość 0 wstawiona nieprawidłowo
14:29:40.276 [main] INFO  sudoku.model.SudokuBoard - Bład w kwadracie 0
sudoku.model.SudokuBoard@410fc508[
  size=9
  solver=sudoku.model.BacktrackingSudokuSolver@4e17442f
  board={{6,8,5,9,4,7,1,2,3},{7,9,3,5,1,2,6,8,4},{1,2,4,3,6,8,5,9,7},{9,7,6,1,2,3,4,5,8},{2,1,8,6,7,5,0,0,0},{0,0,0,0,0,0,0,0,0},{0,0,0,0,0,0,0,0,0},{0,0,0,0,0,0,0,0,0},{0,0,0,0,0,0,0,0,0}}
]
14:29:40.276 [main] INFO  sudoku.model.SudokuBoard - Wartość 0 wstawiona nieprawidłowo
14:29:40.276 [main] INFO  sudoku.model.SudokuBoard - Bład w kwadracie 0
sudoku.model.SudokuBoard@410fc508[
  size=9
  solver=sudoku.model.BacktrackingSudokuSolver@4e17442f
  board={{6,8,5,9,4,7,1,2,3},{7,9,3,5,1,2,6,8,4},{1,2,4,3,6,8,5,9,7},{9,7,6,1,2,3,4,5,8},{2,1,8,6,7,0,0,0,0},{0,0,0,0,0,0,0,0,0},{0,0,0,0,0,0,0,0,0},{0,0,0,0,0,0,0,0,0},{0,0,0,0,0,0,0,0,0}}
]
14:29:40.276 [main] INFO  sudoku.model.SudokuBoard - Wartość 0 wstawiona nieprawidłowo
14:29:40.277 [main] INFO  sudoku.model.SudokuBoard - Bład w kwadracie 0
sudoku.model.SudokuBoard@410fc508[
  size=9
  solver=sudoku.model.BacktrackingSudokuSolver@4e17442f
  board={{6,8,5,9,4,7,1,2,3},{7,9,3,5,1,2,6,8,4},{1,2,4,3,6,8,5,9,7},{9,7,6,1,2,3,4,5,8},{2,1,8,6,7,9,0,0,0},{0,0,0,0,0,0,0,0,0},{0,0,0,0,0,0,0,0,0},{0,0,0,0,0,0,0,0,0},{0,0,0,0,0,0,0,0,0}}
]
14:29:40.277 [main] INFO  sudoku.model.SudokuBoard - Wartość 0 wstawiona nieprawidłowo
14:29:40.277 [main] INFO  sudoku.model.SudokuBoard - Bład w kwadracie 0
sudoku.model.SudokuBoard@410fc508[
  size=9
  solver=sudoku.model.BacktrackingSudokuSolver@4e17442f
  board={{6,8,5,9,4,7,1,2,3},{7,9,3,5,1,2,6,8,4},{1,2,4,3,6,8,5,9,7},{9,7,6,1,2,3,4,5,8},{2,1,8,6,7,0,0,0,0},{0,0,0,0,0,0,0,0,0},{0,0,0,0,0,0,0,0,0},{0,0,0,0,0,0,0,0,0},{0,0,0,0,0,0,0,0,0}}
]
14:29:40.277 [main] INFO  sudoku.model.SudokuBoard - Wartość 0 wstawiona nieprawidłowo
14:29:40.277 [main] INFO  sudoku.model.SudokuBoard - Bład w kwadracie 0
sudoku.model.SudokuBoard@410fc508[
  size=9
  solver=sudoku.model.BacktrackingSudokuSolver@4e17442f
  board={{6,8,5,9,4,7,1,2,3},{7,9,3,5,1,2,6,8,4},{1,2,4,3,6,8,5,9,7},{9,7,6,1,2,3,4,5,8},{2,1,8,6,0,0,0,0,0},{0,0,0,0,0,0,0,0,0},{0,0,0,0,0,0,0,0,0},{0,0,0,0,0,0,0,0,0},{0,0,0,0,0,0,0,0,0}}
]
14:29:40.277 [main] INFO  sudoku.model.SudokuBoard - Wartość 0 wstawiona nieprawidłowo
14:29:40.277 [main] INFO  sudoku.model.SudokuBoard - Bład w kwadracie 0
sudoku.model.SudokuBoard@410fc508[
  size=9
  solver=sudoku.model.BacktrackingSudokuSolver@4e17442f
  board={{6,8,5,9,4,7,1,2,3},{7,9,3,5,1,2,6,8,4},{1,2,4,3,6,8,5,9,7},{9,7,6,1,2,3,4,5,8},{2,1,8,0,0,0,0,0,0},{0,0,0,0,0,0,0,0,0},{0,0,0,0,0,0,0,0,0},{0,0,0,0,0,0,0,0,0},{0,0,0,0,0,0,0,0,0}}
]
14:29:40.277 [main] INFO  sudoku.model.SudokuBoard - Wartość 0 wstawiona nieprawidłowo
14:29:40.277 [main] INFO  sudoku.model.SudokuBoard - Bład w kwadracie 0
sudoku.model.SudokuBoard@410fc508[
  size=9
  solver=sudoku.model.BacktrackingSudokuSolver@4e17442f
  board={{6,8,5,9,4,7,1,2,3},{7,9,3,5,1,2,6,8,4},{1,2,4,3,6,8,5,9,7},{9,7,6,1,2,3,4,5,8},{2,1,8,7,9,4,3,0,0},{0,0,0,0,0,0,0,0,0},{0,0,0,0,0,0,0,0,0},{0,0,0,0,0,0,0,0,0},{0,0,0,0,0,0,0,0,0}}
]
14:29:40.277 [main] INFO  sudoku.model.SudokuBoard - Wartość 0 wstawiona nieprawidłowo
14:29:40.277 [main] INFO  sudoku.model.SudokuBoard - Bład w kwadracie 0
sudoku.model.SudokuBoard@410fc508[
  size=9
  solver=sudoku.model.BacktrackingSudokuSolver@4e17442f
  board={{6,8,5,9,4,7,1,2,3},{7,9,3,5,1,2,6,8,4},{1,2,4,3,6,8,5,9,7},{9,7,6,1,2,3,4,5,8},{2,1,8,7,9,4,0,0,0},{0,0,0,0,0,0,0,0,0},{0,0,0,0,0,0,0,0,0},{0,0,0,0,0,0,0,0,0},{0,0,0,0,0,0,0,0,0}}
]
14:29:40.278 [main] INFO  sudoku.model.SudokuBoard - Wartość 0 wstawiona nieprawidłowo
14:29:40.278 [main] INFO  sudoku.model.SudokuBoard - Bład w kwadracie 0
sudoku.model.SudokuBoard@410fc508[
  size=9
  solver=sudoku.model.BacktrackingSudokuSolver@4e17442f
  board={{6,8,5,9,4,7,1,2,3},{7,9,3,5,1,2,6,8,4},{1,2,4,3,6,8,5,9,7},{9,7,6,1,2,3,4,5,8},{2,1,8,7,9,0,0,0,0},{0,0,0,0,0,0,0,0,0},{0,0,0,0,0,0,0,0,0},{0,0,0,0,0,0,0,0,0},{0,0,0,0,0,0,0,0,0}}
]
14:29:40.278 [main] INFO  sudoku.model.SudokuBoard - Wartość 0 wstawiona nieprawidłowo
14:29:40.278 [main] INFO  sudoku.model.SudokuBoard - Bład w kwadracie 0
sudoku.model.SudokuBoard@410fc508[
  size=9
  solver=sudoku.model.BacktrackingSudokuSolver@4e17442f
  board={{6,8,5,9,4,7,1,2,3},{7,9,3,5,1,2,6,8,4},{1,2,4,3,6,8,5,9,7},{9,7,6,1,2,3,4,5,8},{2,1,8,7,9,5,3,0,0},{0,0,0,0,0,0,0,0,0},{0,0,0,0,0,0,0,0,0},{0,0,0,0,0,0,0,0,0},{0,0,0,0,0,0,0,0,0}}
]
14:29:40.278 [main] INFO  sudoku.model.SudokuBoard - Wartość 0 wstawiona nieprawidłowo
14:29:40.278 [main] INFO  sudoku.model.SudokuBoard - Bład w kwadracie 0
sudoku.model.SudokuBoard@410fc508[
  size=9
  solver=sudoku.model.BacktrackingSudokuSolver@4e17442f
  board={{6,8,5,9,4,7,1,2,3},{7,9,3,5,1,2,6,8,4},{1,2,4,3,6,8,5,9,7},{9,7,6,1,2,3,4,5,8},{2,1,8,7,9,5,0,0,0},{0,0,0,0,0,0,0,0,0},{0,0,0,0,0,0,0,0,0},{0,0,0,0,0,0,0,0,0},{0,0,0,0,0,0,0,0,0}}
]
14:29:40.278 [main] INFO  sudoku.model.SudokuBoard - Wartość 0 wstawiona nieprawidłowo
14:29:40.286 [main] INFO  sudoku.model.SudokuBoard - Bład w kwadracie 0
sudoku.model.SudokuBoard@410fc508[
  size=9
  solver=sudoku.model.BacktrackingSudokuSolver@4e17442f
  board={{6,8,5,9,4,7,1,2,3},{7,9,3,5,1,2,6,8,4},{1,2,4,3,6,8,5,9,7},{9,7,6,1,2,3,4,5,8},{2,1,8,7,9,0,0,0,0},{0,0,0,0,0,0,0,0,0},{0,0,0,0,0,0,0,0,0},{0,0,0,0,0,0,0,0,0},{0,0,0,0,0,0,0,0,0}}
]
14:29:40.286 [main] INFO  sudoku.model.SudokuBoard - Wartość 0 wstawiona nieprawidłowo
14:29:40.286 [main] INFO  sudoku.model.SudokuBoard - Bład w kwadracie 0
sudoku.model.SudokuBoard@410fc508[
  size=9
  solver=sudoku.model.BacktrackingSudokuSolver@4e17442f
  board={{6,8,5,9,4,7,1,2,3},{7,9,3,5,1,2,6,8,4},{1,2,4,3,6,8,5,9,7},{9,7,6,1,2,3,4,5,8},{2,1,8,7,9,6,0,0,0},{0,0,0,0,0,0,0,0,0},{0,0,0,0,0,0,0,0,0},{0,0,0,0,0,0,0,0,0},{0,0,0,0,0,0,0,0,0}}
]
14:29:40.286 [main] INFO  sudoku.model.SudokuBoard - Wartość 0 wstawiona nieprawidłowo
14:29:40.286 [main] INFO  sudoku.model.SudokuBoard - Bład w kwadracie 0
sudoku.model.SudokuBoard@410fc508[
  size=9
  solver=sudoku.model.BacktrackingSudokuSolver@4e17442f
  board={{6,8,5,9,4,7,1,2,3},{7,9,3,5,1,2,6,8,4},{1,2,4,3,6,8,5,9,7},{9,7,6,1,2,3,4,5,8},{2,1,8,7,9,0,0,0,0},{0,0,0,0,0,0,0,0,0},{0,0,0,0,0,0,0,0,0},{0,0,0,0,0,0,0,0,0},{0,0,0,0,0,0,0,0,0}}
]
14:29:40.286 [main] INFO  sudoku.model.SudokuBoard - Wartość 0 wstawiona nieprawidłowo
14:29:40.286 [main] INFO  sudoku.model.SudokuBoard - Bład w kwadracie 0
sudoku.model.SudokuBoard@410fc508[
  size=9
  solver=sudoku.model.BacktrackingSudokuSolver@4e17442f
  board={{6,8,5,9,4,7,1,2,3},{7,9,3,5,1,2,6,8,4},{1,2,4,3,6,8,5,9,7},{9,7,6,1,2,3,4,5,8},{2,1,8,7,0,0,0,0,0},{0,0,0,0,0,0,0,0,0},{0,0,0,0,0,0,0,0,0},{0,0,0,0,0,0,0,0,0},{0,0,0,0,0,0,0,0,0}}
]
14:29:40.286 [main] INFO  sudoku.model.SudokuBoard - Wartość 0 wstawiona nieprawidłowo
14:29:40.286 [main] INFO  sudoku.model.SudokuBoard - Bład w kwadracie 0
sudoku.model.SudokuBoard@410fc508[
  size=9
  solver=sudoku.model.BacktrackingSudokuSolver@4e17442f
  board={{6,8,5,9,4,7,1,2,3},{7,9,3,5,1,2,6,8,4},{1,2,4,3,6,8,5,9,7},{9,7,6,1,2,3,4,5,8},{2,1,8,7,5,4,9,3,6},{5,0,0,0,0,0,0,0,0},{0,0,0,0,0,0,0,0,0},{0,0,0,0,0,0,0,0,0},{0,0,0,0,0,0,0,0,0}}
]
14:29:40.287 [main] INFO  sudoku.model.SudokuBoard - Wartość 0 wstawiona nieprawidłowo
14:29:40.287 [main] INFO  sudoku.model.SudokuBoard - Bład w kwadracie 0
sudoku.model.SudokuBoard@410fc508[
  size=9
  solver=sudoku.model.BacktrackingSudokuSolver@4e17442f
  board={{6,8,5,9,4,7,1,2,3},{7,9,3,5,1,2,6,8,4},{1,2,4,3,6,8,5,9,7},{9,7,6,1,2,3,4,5,8},{2,1,8,7,5,4,9,3,6},{5,0,0,0,0,0,0,0,0},{0,0,0,0,0,0,0,0,0},{0,0,0,0,0,0,0,0,0},{0,0,0,0,0,0,0,0,0}}
]
14:29:40.287 [main] INFO  sudoku.model.SudokuBoard - Wartość 0 wstawiona nieprawidłowo
14:29:40.287 [main] INFO  sudoku.model.SudokuBoard - Bład w kwadracie 0
sudoku.model.SudokuBoard@410fc508[
  size=9
  solver=sudoku.model.BacktrackingSudokuSolver@4e17442f
  board={{6,8,5,9,4,7,1,2,3},{7,9,3,5,1,2,6,8,4},{1,2,4,3,6,8,5,9,7},{9,7,6,1,2,3,4,5,8},{2,1,8,7,5,4,9,3,6},{0,0,0,0,0,0,0,0,0},{0,0,0,0,0,0,0,0,0},{0,0,0,0,0,0,0,0,0},{0,0,0,0,0,0,0,0,0}}
]
14:29:40.287 [main] INFO  sudoku.model.SudokuBoard - Wartość 0 wstawiona nieprawidłowo
14:29:40.287 [main] INFO  sudoku.model.SudokuBoard - Bład w kwadracie 0
sudoku.model.SudokuBoard@410fc508[
  size=9
  solver=sudoku.model.BacktrackingSudokuSolver@4e17442f
  board={{6,8,5,9,4,7,1,2,3},{7,9,3,5,1,2,6,8,4},{1,2,4,3,6,8,5,9,7},{9,7,6,1,2,3,4,5,8},{2,1,8,7,5,4,9,3,6},{3,0,0,0,0,0,0,0,0},{0,0,0,0,0,0,0,0,0},{0,0,0,0,0,0,0,0,0},{0,0,0,0,0,0,0,0,0}}
]
14:29:40.287 [main] INFO  sudoku.model.SudokuBoard - Wartość 0 wstawiona nieprawidłowo
14:29:40.287 [main] INFO  sudoku.model.SudokuBoard - Bład w kwadracie 0
sudoku.model.SudokuBoard@410fc508[
  size=9
  solver=sudoku.model.BacktrackingSudokuSolver@4e17442f
  board={{6,8,5,9,4,7,1,2,3},{7,9,3,5,1,2,6,8,4},{1,2,4,3,6,8,5,9,7},{9,7,6,1,2,3,4,5,8},{2,1,8,7,5,4,9,3,6},{3,0,0,0,0,0,0,0,0},{0,0,0,0,0,0,0,0,0},{0,0,0,0,0,0,0,0,0},{0,0,0,0,0,0,0,0,0}}
]
14:29:40.287 [main] INFO  sudoku.model.SudokuBoard - Wartość 0 wstawiona nieprawidłowo
14:29:40.287 [main] INFO  sudoku.model.SudokuBoard - Bład w kwadracie 0
sudoku.model.SudokuBoard@410fc508[
  size=9
  solver=sudoku.model.BacktrackingSudokuSolver@4e17442f
  board={{6,8,5,9,4,7,1,2,3},{7,9,3,5,1,2,6,8,4},{1,2,4,3,6,8,5,9,7},{9,7,6,1,2,3,4,5,8},{2,1,8,7,5,4,9,3,6},{0,0,0,0,0,0,0,0,0},{0,0,0,0,0,0,0,0,0},{0,0,0,0,0,0,0,0,0},{0,0,0,0,0,0,0,0,0}}
]
14:29:40.287 [main] INFO  sudoku.model.SudokuBoard - Wartość 0 wstawiona nieprawidłowo
14:29:40.287 [main] INFO  sudoku.model.SudokuBoard - Bład w kwadracie 0
sudoku.model.SudokuBoard@410fc508[
  size=9
  solver=sudoku.model.BacktrackingSudokuSolver@4e17442f
  board={{6,8,5,9,4,7,1,2,3},{7,9,3,5,1,2,6,8,4},{1,2,4,3,6,8,5,9,7},{9,7,6,1,2,3,4,5,8},{2,1,8,7,5,4,9,3,6},{4,0,0,0,0,0,0,0,0},{0,0,0,0,0,0,0,0,0},{0,0,0,0,0,0,0,0,0},{0,0,0,0,0,0,0,0,0}}
]
14:29:40.287 [main] INFO  sudoku.model.SudokuBoard - Wartość 0 wstawiona nieprawidłowo
14:29:40.287 [main] INFO  sudoku.model.SudokuBoard - Bład w kwadracie 0
sudoku.model.SudokuBoard@410fc508[
  size=9
  solver=sudoku.model.BacktrackingSudokuSolver@4e17442f
  board={{6,8,5,9,4,7,1,2,3},{7,9,3,5,1,2,6,8,4},{1,2,4,3,6,8,5,9,7},{9,7,6,1,2,3,4,5,8},{2,1,8,7,5,4,9,3,6},{4,0,0,0,0,0,0,0,0},{0,0,0,0,0,0,0,0,0},{0,0,0,0,0,0,0,0,0},{0,0,0,0,0,0,0,0,0}}
]
14:29:40.288 [main] INFO  sudoku.model.SudokuBoard - Wartość 0 wstawiona nieprawidłowo
14:29:40.288 [main] INFO  sudoku.model.SudokuBoard - Bład w kwadracie 0
sudoku.model.SudokuBoard@410fc508[
  size=9
  solver=sudoku.model.BacktrackingSudokuSolver@4e17442f
  board={{6,8,5,9,4,7,1,2,3},{7,9,3,5,1,2,6,8,4},{1,2,4,3,6,8,5,9,7},{9,7,6,1,2,3,4,5,8},{2,1,8,7,5,4,9,3,6},{0,0,0,0,0,0,0,0,0},{0,0,0,0,0,0,0,0,0},{0,0,0,0,0,0,0,0,0},{0,0,0,0,0,0,0,0,0}}
]
14:29:40.288 [main] INFO  sudoku.model.SudokuBoard - Wartość 0 wstawiona nieprawidłowo
14:29:40.288 [main] INFO  sudoku.model.SudokuBoard - Bład w kwadracie 0
sudoku.model.SudokuBoard@410fc508[
  size=9
  solver=sudoku.model.BacktrackingSudokuSolver@4e17442f
  board={{6,8,5,9,4,7,1,2,3},{7,9,3,5,1,2,6,8,4},{1,2,4,3,6,8,5,9,7},{9,7,6,1,2,3,4,5,8},{2,1,8,7,5,4,9,3,0},{0,0,0,0,0,0,0,0,0},{0,0,0,0,0,0,0,0,0},{0,0,0,0,0,0,0,0,0},{0,0,0,0,0,0,0,0,0}}
]
14:29:40.288 [main] INFO  sudoku.model.SudokuBoard - Wartość 0 wstawiona nieprawidłowo
14:29:40.288 [main] INFO  sudoku.model.SudokuBoard - Bład w kwadracie 0
sudoku.model.SudokuBoard@410fc508[
  size=9
  solver=sudoku.model.BacktrackingSudokuSolver@4e17442f
  board={{6,8,5,9,4,7,1,2,3},{7,9,3,5,1,2,6,8,4},{1,2,4,3,6,8,5,9,7},{9,7,6,1,2,3,4,5,8},{2,1,8,7,5,4,9,0,0},{0,0,0,0,0,0,0,0,0},{0,0,0,0,0,0,0,0,0},{0,0,0,0,0,0,0,0,0},{0,0,0,0,0,0,0,0,0}}
]
14:29:40.288 [main] INFO  sudoku.model.SudokuBoard - Wartość 0 wstawiona nieprawidłowo
14:29:40.289 [main] INFO  sudoku.model.SudokuBoard - Bład w kwadracie 0
sudoku.model.SudokuBoard@410fc508[
  size=9
  solver=sudoku.model.BacktrackingSudokuSolver@4e17442f
  board={{6,8,5,9,4,7,1,2,3},{7,9,3,5,1,2,6,8,4},{1,2,4,3,6,8,5,9,7},{9,7,6,1,2,3,4,5,8},{2,1,8,7,5,4,9,0,0},{0,0,0,0,0,0,0,0,0},{0,0,0,0,0,0,0,0,0},{0,0,0,0,0,0,0,0,0},{0,0,0,0,0,0,0,0,0}}
]
14:29:40.289 [main] INFO  sudoku.model.SudokuBoard - Wartość 0 wstawiona nieprawidłowo
14:29:40.289 [main] INFO  sudoku.model.SudokuBoard - Bład w kwadracie 0
sudoku.model.SudokuBoard@410fc508[
  size=9
  solver=sudoku.model.BacktrackingSudokuSolver@4e17442f
  board={{6,8,5,9,4,7,1,2,3},{7,9,3,5,1,2,6,8,4},{1,2,4,3,6,8,5,9,7},{9,7,6,1,2,3,4,5,8},{2,1,8,7,5,4,0,0,0},{0,0,0,0,0,0,0,0,0},{0,0,0,0,0,0,0,0,0},{0,0,0,0,0,0,0,0,0},{0,0,0,0,0,0,0,0,0}}
]
14:29:40.289 [main] INFO  sudoku.model.SudokuBoard - Wartość 0 wstawiona nieprawidłowo
14:29:40.289 [main] INFO  sudoku.model.SudokuBoard - Bład w kwadracie 0
sudoku.model.SudokuBoard@410fc508[
  size=9
  solver=sudoku.model.BacktrackingSudokuSolver@4e17442f
  board={{6,8,5,9,4,7,1,2,3},{7,9,3,5,1,2,6,8,4},{1,2,4,3,6,8,5,9,7},{9,7,6,1,2,3,4,5,8},{2,1,8,7,5,4,3,6,9},{3,0,0,0,0,0,0,0,0},{0,0,0,0,0,0,0,0,0},{0,0,0,0,0,0,0,0,0},{0,0,0,0,0,0,0,0,0}}
]
14:29:40.289 [main] INFO  sudoku.model.SudokuBoard - Wartość 0 wstawiona nieprawidłowo
14:29:40.290 [main] INFO  sudoku.model.SudokuBoard - Bład w kwadracie 0
sudoku.model.SudokuBoard@410fc508[
  size=9
  solver=sudoku.model.BacktrackingSudokuSolver@4e17442f
  board={{6,8,5,9,4,7,1,2,3},{7,9,3,5,1,2,6,8,4},{1,2,4,3,6,8,5,9,7},{9,7,6,1,2,3,4,5,8},{2,1,8,7,5,4,3,6,9},{3,0,0,0,0,0,0,0,0},{0,0,0,0,0,0,0,0,0},{0,0,0,0,0,0,0,0,0},{0,0,0,0,0,0,0,0,0}}
]
14:29:40.290 [main] INFO  sudoku.model.SudokuBoard - Wartość 0 wstawiona nieprawidłowo
14:29:40.290 [main] INFO  sudoku.model.SudokuBoard - Bład w kwadracie 0
sudoku.model.SudokuBoard@410fc508[
  size=9
  solver=sudoku.model.BacktrackingSudokuSolver@4e17442f
  board={{6,8,5,9,4,7,1,2,3},{7,9,3,5,1,2,6,8,4},{1,2,4,3,6,8,5,9,7},{9,7,6,1,2,3,4,5,8},{2,1,8,7,5,4,3,6,9},{0,0,0,0,0,0,0,0,0},{0,0,0,0,0,0,0,0,0},{0,0,0,0,0,0,0,0,0},{0,0,0,0,0,0,0,0,0}}
]
14:29:40.290 [main] INFO  sudoku.model.SudokuBoard - Wartość 0 wstawiona nieprawidłowo
14:29:40.290 [main] INFO  sudoku.model.SudokuBoard - Bład w kwadracie 0
sudoku.model.SudokuBoard@410fc508[
  size=9
  solver=sudoku.model.BacktrackingSudokuSolver@4e17442f
  board={{6,8,5,9,4,7,1,2,3},{7,9,3,5,1,2,6,8,4},{1,2,4,3,6,8,5,9,7},{9,7,6,1,2,3,4,5,8},{2,1,8,7,5,4,3,6,9},{4,0,0,0,0,0,0,0,0},{0,0,0,0,0,0,0,0,0},{0,0,0,0,0,0,0,0,0},{0,0,0,0,0,0,0,0,0}}
]
14:29:40.290 [main] INFO  sudoku.model.SudokuBoard - Wartość 0 wstawiona nieprawidłowo
14:29:40.290 [main] INFO  sudoku.model.SudokuBoard - Bład w kwadracie 0
sudoku.model.SudokuBoard@410fc508[
  size=9
  solver=sudoku.model.BacktrackingSudokuSolver@4e17442f
  board={{6,8,5,9,4,7,1,2,3},{7,9,3,5,1,2,6,8,4},{1,2,4,3,6,8,5,9,7},{9,7,6,1,2,3,4,5,8},{2,1,8,7,5,4,3,6,9},{4,0,0,0,0,0,0,0,0},{0,0,0,0,0,0,0,0,0},{0,0,0,0,0,0,0,0,0},{0,0,0,0,0,0,0,0,0}}
]
14:29:40.290 [main] INFO  sudoku.model.SudokuBoard - Wartość 0 wstawiona nieprawidłowo
14:29:40.291 [main] INFO  sudoku.model.SudokuBoard - Bład w kwadracie 0
sudoku.model.SudokuBoard@410fc508[
  size=9
  solver=sudoku.model.BacktrackingSudokuSolver@4e17442f
  board={{6,8,5,9,4,7,1,2,3},{7,9,3,5,1,2,6,8,4},{1,2,4,3,6,8,5,9,7},{9,7,6,1,2,3,4,5,8},{2,1,8,7,5,4,3,6,9},{0,0,0,0,0,0,0,0,0},{0,0,0,0,0,0,0,0,0},{0,0,0,0,0,0,0,0,0},{0,0,0,0,0,0,0,0,0}}
]
14:29:40.291 [main] INFO  sudoku.model.SudokuBoard - Wartość 0 wstawiona nieprawidłowo
14:29:40.291 [main] INFO  sudoku.model.SudokuBoard - Bład w kwadracie 0
sudoku.model.SudokuBoard@410fc508[
  size=9
  solver=sudoku.model.BacktrackingSudokuSolver@4e17442f
  board={{6,8,5,9,4,7,1,2,3},{7,9,3,5,1,2,6,8,4},{1,2,4,3,6,8,5,9,7},{9,7,6,1,2,3,4,5,8},{2,1,8,7,5,4,3,6,9},{5,0,0,0,0,0,0,0,0},{0,0,0,0,0,0,0,0,0},{0,0,0,0,0,0,0,0,0},{0,0,0,0,0,0,0,0,0}}
]
14:29:40.291 [main] INFO  sudoku.model.SudokuBoard - Wartość 0 wstawiona nieprawidłowo
14:29:40.300 [main] INFO  sudoku.model.SudokuBoard - Bład w kwadracie 0
sudoku.model.SudokuBoard@410fc508[
  size=9
  solver=sudoku.model.BacktrackingSudokuSolver@4e17442f
  board={{6,8,5,9,4,7,1,2,3},{7,9,3,5,1,2,6,8,4},{1,2,4,3,6,8,5,9,7},{9,7,6,1,2,3,4,5,8},{2,1,8,7,5,4,3,6,9},{5,0,0,0,0,0,0,0,0},{0,0,0,0,0,0,0,0,0},{0,0,0,0,0,0,0,0,0},{0,0,0,0,0,0,0,0,0}}
]
14:29:40.300 [main] INFO  sudoku.model.SudokuBoard - Wartość 0 wstawiona nieprawidłowo
14:29:40.301 [main] INFO  sudoku.model.SudokuBoard - Bład w kwadracie 0
sudoku.model.SudokuBoard@410fc508[
  size=9
  solver=sudoku.model.BacktrackingSudokuSolver@4e17442f
  board={{6,8,5,9,4,7,1,2,3},{7,9,3,5,1,2,6,8,4},{1,2,4,3,6,8,5,9,7},{9,7,6,1,2,3,4,5,8},{2,1,8,7,5,4,3,6,9},{0,0,0,0,0,0,0,0,0},{0,0,0,0,0,0,0,0,0},{0,0,0,0,0,0,0,0,0},{0,0,0,0,0,0,0,0,0}}
]
14:29:40.301 [main] INFO  sudoku.model.SudokuBoard - Wartość 0 wstawiona nieprawidłowo
14:29:40.301 [main] INFO  sudoku.model.SudokuBoard - Bład w kwadracie 0
sudoku.model.SudokuBoard@410fc508[
  size=9
  solver=sudoku.model.BacktrackingSudokuSolver@4e17442f
  board={{6,8,5,9,4,7,1,2,3},{7,9,3,5,1,2,6,8,4},{1,2,4,3,6,8,5,9,7},{9,7,6,1,2,3,4,5,8},{2,1,8,7,5,4,3,6,0},{0,0,0,0,0,0,0,0,0},{0,0,0,0,0,0,0,0,0},{0,0,0,0,0,0,0,0,0},{0,0,0,0,0,0,0,0,0}}
]
14:29:40.301 [main] INFO  sudoku.model.SudokuBoard - Wartość 0 wstawiona nieprawidłowo
14:29:40.301 [main] INFO  sudoku.model.SudokuBoard - Bład w kwadracie 0
sudoku.model.SudokuBoard@410fc508[
  size=9
  solver=sudoku.model.BacktrackingSudokuSolver@4e17442f
  board={{6,8,5,9,4,7,1,2,3},{7,9,3,5,1,2,6,8,4},{1,2,4,3,6,8,5,9,7},{9,7,6,1,2,3,4,5,8},{2,1,8,7,5,4,3,0,0},{0,0,0,0,0,0,0,0,0},{0,0,0,0,0,0,0,0,0},{0,0,0,0,0,0,0,0,0},{0,0,0,0,0,0,0,0,0}}
]
14:29:40.301 [main] INFO  sudoku.model.SudokuBoard - Wartość 0 wstawiona nieprawidłowo
14:29:40.301 [main] INFO  sudoku.model.SudokuBoard - Bład w kwadracie 0
sudoku.model.SudokuBoard@410fc508[
  size=9
  solver=sudoku.model.BacktrackingSudokuSolver@4e17442f
  board={{6,8,5,9,4,7,1,2,3},{7,9,3,5,1,2,6,8,4},{1,2,4,3,6,8,5,9,7},{9,7,6,1,2,3,4,5,8},{2,1,8,7,5,4,0,0,0},{0,0,0,0,0,0,0,0,0},{0,0,0,0,0,0,0,0,0},{0,0,0,0,0,0,0,0,0},{0,0,0,0,0,0,0,0,0}}
]
14:29:40.301 [main] INFO  sudoku.model.SudokuBoard - Wartość 0 wstawiona nieprawidłowo
14:29:40.301 [main] INFO  sudoku.model.SudokuBoard - Bład w kwadracie 0
sudoku.model.SudokuBoard@410fc508[
  size=9
  solver=sudoku.model.BacktrackingSudokuSolver@4e17442f
  board={{6,8,5,9,4,7,1,2,3},{7,9,3,5,1,2,6,8,4},{1,2,4,3,6,8,5,9,7},{9,7,6,1,2,3,4,5,8},{2,1,8,7,5,0,0,0,0},{0,0,0,0,0,0,0,0,0},{0,0,0,0,0,0,0,0,0},{0,0,0,0,0,0,0,0,0},{0,0,0,0,0,0,0,0,0}}
]
14:29:40.301 [main] INFO  sudoku.model.SudokuBoard - Wartość 0 wstawiona nieprawidłowo
14:29:40.301 [main] INFO  sudoku.model.SudokuBoard - Bład w kwadracie 0
sudoku.model.SudokuBoard@410fc508[
  size=9
  solver=sudoku.model.BacktrackingSudokuSolver@4e17442f
  board={{6,8,5,9,4,7,1,2,3},{7,9,3,5,1,2,6,8,4},{1,2,4,3,6,8,5,9,7},{9,7,6,1,2,3,4,5,8},{2,1,8,7,5,6,9,0,0},{0,0,0,0,0,0,0,0,0},{0,0,0,0,0,0,0,0,0},{0,0,0,0,0,0,0,0,0},{0,0,0,0,0,0,0,0,0}}
]
14:29:40.301 [main] INFO  sudoku.model.SudokuBoard - Wartość 0 wstawiona nieprawidłowo
14:29:40.302 [main] INFO  sudoku.model.SudokuBoard - Bład w kwadracie 0
sudoku.model.SudokuBoard@410fc508[
  size=9
  solver=sudoku.model.BacktrackingSudokuSolver@4e17442f
  board={{6,8,5,9,4,7,1,2,3},{7,9,3,5,1,2,6,8,4},{1,2,4,3,6,8,5,9,7},{9,7,6,1,2,3,4,5,8},{2,1,8,7,5,6,0,0,0},{0,0,0,0,0,0,0,0,0},{0,0,0,0,0,0,0,0,0},{0,0,0,0,0,0,0,0,0},{0,0,0,0,0,0,0,0,0}}
]
14:29:40.302 [main] INFO  sudoku.model.SudokuBoard - Wartość 0 wstawiona nieprawidłowo
14:29:40.302 [main] INFO  sudoku.model.SudokuBoard - Bład w kwadracie 0
sudoku.model.SudokuBoard@410fc508[
  size=9
  solver=sudoku.model.BacktrackingSudokuSolver@4e17442f
  board={{6,8,5,9,4,7,1,2,3},{7,9,3,5,1,2,6,8,4},{1,2,4,3,6,8,5,9,7},{9,7,6,1,2,3,4,5,8},{2,1,8,7,5,6,0,0,0},{0,0,0,0,0,0,0,0,0},{0,0,0,0,0,0,0,0,0},{0,0,0,0,0,0,0,0,0},{0,0,0,0,0,0,0,0,0}}
]
14:29:40.302 [main] INFO  sudoku.model.SudokuBoard - Wartość 0 wstawiona nieprawidłowo
14:29:40.302 [main] INFO  sudoku.model.SudokuBoard - Bład w kwadracie 0
sudoku.model.SudokuBoard@410fc508[
  size=9
  solver=sudoku.model.BacktrackingSudokuSolver@4e17442f
  board={{6,8,5,9,4,7,1,2,3},{7,9,3,5,1,2,6,8,4},{1,2,4,3,6,8,5,9,7},{9,7,6,1,2,3,4,5,8},{2,1,8,7,5,0,0,0,0},{0,0,0,0,0,0,0,0,0},{0,0,0,0,0,0,0,0,0},{0,0,0,0,0,0,0,0,0},{0,0,0,0,0,0,0,0,0}}
]
14:29:40.303 [main] INFO  sudoku.model.SudokuBoard - Wartość 0 wstawiona nieprawidłowo
14:29:40.303 [main] INFO  sudoku.model.SudokuBoard - Bład w kwadracie 0
sudoku.model.SudokuBoard@410fc508[
  size=9
  solver=sudoku.model.BacktrackingSudokuSolver@4e17442f
  board={{6,8,5,9,4,7,1,2,3},{7,9,3,5,1,2,6,8,4},{1,2,4,3,6,8,5,9,7},{9,7,6,1,2,3,4,5,8},{2,1,8,7,5,9,3,0,0},{0,0,0,0,0,0,0,0,0},{0,0,0,0,0,0,0,0,0},{0,0,0,0,0,0,0,0,0},{0,0,0,0,0,0,0,0,0}}
]
14:29:40.303 [main] INFO  sudoku.model.SudokuBoard - Wartość 0 wstawiona nieprawidłowo
14:29:40.303 [main] INFO  sudoku.model.SudokuBoard - Bład w kwadracie 0
sudoku.model.SudokuBoard@410fc508[
  size=9
  solver=sudoku.model.BacktrackingSudokuSolver@4e17442f
  board={{6,8,5,9,4,7,1,2,3},{7,9,3,5,1,2,6,8,4},{1,2,4,3,6,8,5,9,7},{9,7,6,1,2,3,4,5,8},{2,1,8,7,5,9,0,0,0},{0,0,0,0,0,0,0,0,0},{0,0,0,0,0,0,0,0,0},{0,0,0,0,0,0,0,0,0},{0,0,0,0,0,0,0,0,0}}
]
14:29:40.303 [main] INFO  sudoku.model.SudokuBoard - Wartość 0 wstawiona nieprawidłowo
14:29:40.303 [main] INFO  sudoku.model.SudokuBoard - Bład w kwadracie 0
sudoku.model.SudokuBoard@410fc508[
  size=9
  solver=sudoku.model.BacktrackingSudokuSolver@4e17442f
  board={{6,8,5,9,4,7,1,2,3},{7,9,3,5,1,2,6,8,4},{1,2,4,3,6,8,5,9,7},{9,7,6,1,2,3,4,5,8},{2,1,8,7,5,0,0,0,0},{0,0,0,0,0,0,0,0,0},{0,0,0,0,0,0,0,0,0},{0,0,0,0,0,0,0,0,0},{0,0,0,0,0,0,0,0,0}}
]
14:29:40.303 [main] INFO  sudoku.model.SudokuBoard - Wartość 0 wstawiona nieprawidłowo
14:29:40.303 [main] INFO  sudoku.model.SudokuBoard - Bład w kwadracie 0
sudoku.model.SudokuBoard@410fc508[
  size=9
  solver=sudoku.model.BacktrackingSudokuSolver@4e17442f
  board={{6,8,5,9,4,7,1,2,3},{7,9,3,5,1,2,6,8,4},{1,2,4,3,6,8,5,9,7},{9,7,6,1,2,3,4,5,8},{2,1,8,7,0,0,0,0,0},{0,0,0,0,0,0,0,0,0},{0,0,0,0,0,0,0,0,0},{0,0,0,0,0,0,0,0,0},{0,0,0,0,0,0,0,0,0}}
]
14:29:40.303 [main] INFO  sudoku.model.SudokuBoard - Wartość 0 wstawiona nieprawidłowo
14:29:40.304 [main] INFO  sudoku.model.SudokuBoard - Bład w kwadracie 0
sudoku.model.SudokuBoard@410fc508[
  size=9
  solver=sudoku.model.BacktrackingSudokuSolver@4e17442f
  board={{6,8,5,9,4,7,1,2,3},{7,9,3,5,1,2,6,8,4},{1,2,4,3,6,8,5,9,7},{9,7,6,1,2,3,4,5,8},{2,1,8,0,0,0,0,0,0},{0,0,0,0,0,0,0,0,0},{0,0,0,0,0,0,0,0,0},{0,0,0,0,0,0,0,0,0},{0,0,0,0,0,0,0,0,0}}
]
14:29:40.304 [main] INFO  sudoku.model.SudokuBoard - Wartość 0 wstawiona nieprawidłowo
14:29:40.304 [main] INFO  sudoku.model.SudokuBoard - Bład w kwadracie 0
sudoku.model.SudokuBoard@410fc508[
  size=9
  solver=sudoku.model.BacktrackingSudokuSolver@4e17442f
  board={{6,8,5,9,4,7,1,2,3},{7,9,3,5,1,2,6,8,4},{1,2,4,3,6,8,5,9,7},{9,7,6,1,2,3,4,5,8},{2,1,0,0,0,0,0,0,0},{0,0,0,0,0,0,0,0,0},{0,0,0,0,0,0,0,0,0},{0,0,0,0,0,0,0,0,0},{0,0,0,0,0,0,0,0,0}}
]
14:29:40.304 [main] INFO  sudoku.model.SudokuBoard - Wartość 0 wstawiona nieprawidłowo
14:29:40.304 [main] INFO  sudoku.model.SudokuBoard - Bład w kwadracie 0
sudoku.model.SudokuBoard@410fc508[
  size=9
  solver=sudoku.model.BacktrackingSudokuSolver@4e17442f
  board={{6,8,5,9,4,7,1,2,3},{7,9,3,5,1,2,6,8,4},{1,2,4,3,6,8,5,9,7},{9,7,6,1,2,3,4,5,8},{2,0,0,0,0,0,0,0,0},{0,0,0,0,0,0,0,0,0},{0,0,0,0,0,0,0,0,0},{0,0,0,0,0,0,0,0,0},{0,0,0,0,0,0,0,0,0}}
]
14:29:40.304 [main] INFO  sudoku.model.SudokuBoard - Wartość 0 wstawiona nieprawidłowo
14:29:40.304 [main] INFO  sudoku.model.SudokuBoard - Bład w kwadracie 0
sudoku.model.SudokuBoard@410fc508[
  size=9
  solver=sudoku.model.BacktrackingSudokuSolver@4e17442f
  board={{6,8,5,9,4,7,1,2,3},{7,9,3,5,1,2,6,8,4},{1,2,4,3,6,8,5,9,7},{9,7,6,1,2,3,4,5,8},{2,3,1,4,9,5,7,0,0},{0,0,0,0,0,0,0,0,0},{0,0,0,0,0,0,0,0,0},{0,0,0,0,0,0,0,0,0},{0,0,0,0,0,0,0,0,0}}
]
14:29:40.304 [main] INFO  sudoku.model.SudokuBoard - Wartość 0 wstawiona nieprawidłowo
14:29:40.304 [main] INFO  sudoku.model.SudokuBoard - Bład w kwadracie 0
sudoku.model.SudokuBoard@410fc508[
  size=9
  solver=sudoku.model.BacktrackingSudokuSolver@4e17442f
  board={{6,8,5,9,4,7,1,2,3},{7,9,3,5,1,2,6,8,4},{1,2,4,3,6,8,5,9,7},{9,7,6,1,2,3,4,5,8},{2,3,1,4,9,5,0,0,0},{0,0,0,0,0,0,0,0,0},{0,0,0,0,0,0,0,0,0},{0,0,0,0,0,0,0,0,0},{0,0,0,0,0,0,0,0,0}}
]
14:29:40.304 [main] INFO  sudoku.model.SudokuBoard - Wartość 0 wstawiona nieprawidłowo
14:29:40.304 [main] INFO  sudoku.model.SudokuBoard - Bład w kwadracie 0
sudoku.model.SudokuBoard@410fc508[
  size=9
  solver=sudoku.model.BacktrackingSudokuSolver@4e17442f
  board={{6,8,5,9,4,7,1,2,3},{7,9,3,5,1,2,6,8,4},{1,2,4,3,6,8,5,9,7},{9,7,6,1,2,3,4,5,8},{2,3,1,4,9,0,0,0,0},{0,0,0,0,0,0,0,0,0},{0,0,0,0,0,0,0,0,0},{0,0,0,0,0,0,0,0,0},{0,0,0,0,0,0,0,0,0}}
]
14:29:40.304 [main] INFO  sudoku.model.SudokuBoard - Wartość 0 wstawiona nieprawidłowo
14:29:40.304 [main] INFO  sudoku.model.SudokuBoard - Bład w kwadracie 0
sudoku.model.SudokuBoard@410fc508[
  size=9
  solver=sudoku.model.BacktrackingSudokuSolver@4e17442f
  board={{6,8,5,9,4,7,1,2,3},{7,9,3,5,1,2,6,8,4},{1,2,4,3,6,8,5,9,7},{9,7,6,1,2,3,4,5,8},{2,3,1,4,9,6,0,0,0},{0,0,0,0,0,0,0,0,0},{0,0,0,0,0,0,0,0,0},{0,0,0,0,0,0,0,0,0},{0,0,0,0,0,0,0,0,0}}
]
14:29:40.304 [main] INFO  sudoku.model.SudokuBoard - Wartość 0 wstawiona nieprawidłowo
14:29:40.304 [main] INFO  sudoku.model.SudokuBoard - Bład w kwadracie 0
sudoku.model.SudokuBoard@410fc508[
  size=9
  solver=sudoku.model.BacktrackingSudokuSolver@4e17442f
  board={{6,8,5,9,4,7,1,2,3},{7,9,3,5,1,2,6,8,4},{1,2,4,3,6,8,5,9,7},{9,7,6,1,2,3,4,5,8},{2,3,1,4,9,0,0,0,0},{0,0,0,0,0,0,0,0,0},{0,0,0,0,0,0,0,0,0},{0,0,0,0,0,0,0,0,0},{0,0,0,0,0,0,0,0,0}}
]
14:29:40.305 [main] INFO  sudoku.model.SudokuBoard - Wartość 0 wstawiona nieprawidłowo
14:29:40.308 [main] INFO  sudoku.model.SudokuBoard - Bład w kwadracie 0
sudoku.model.SudokuBoard@410fc508[
  size=9
  solver=sudoku.model.BacktrackingSudokuSolver@4e17442f
  board={{6,8,5,9,4,7,1,2,3},{7,9,3,5,1,2,6,8,4},{1,2,4,3,6,8,5,9,7},{9,7,6,1,2,3,4,5,8},{2,3,1,4,0,0,0,0,0},{0,0,0,0,0,0,0,0,0},{0,0,0,0,0,0,0,0,0},{0,0,0,0,0,0,0,0,0},{0,0,0,0,0,0,0,0,0}}
]
14:29:40.308 [main] INFO  sudoku.model.SudokuBoard - Wartość 0 wstawiona nieprawidłowo
14:29:40.308 [main] INFO  sudoku.model.SudokuBoard - Bład w kwadracie 0
sudoku.model.SudokuBoard@410fc508[
  size=9
  solver=sudoku.model.BacktrackingSudokuSolver@4e17442f
  board={{6,8,5,9,4,7,1,2,3},{7,9,3,5,1,2,6,8,4},{1,2,4,3,6,8,5,9,7},{9,7,6,1,2,3,4,5,8},{2,3,1,4,5,6,0,0,0},{0,0,0,0,0,0,0,0,0},{0,0,0,0,0,0,0,0,0},{0,0,0,0,0,0,0,0,0},{0,0,0,0,0,0,0,0,0}}
]
14:29:40.308 [main] INFO  sudoku.model.SudokuBoard - Wartość 0 wstawiona nieprawidłowo
14:29:40.309 [main] INFO  sudoku.model.SudokuBoard - Bład w kwadracie 0
sudoku.model.SudokuBoard@410fc508[
  size=9
  solver=sudoku.model.BacktrackingSudokuSolver@4e17442f
  board={{6,8,5,9,4,7,1,2,3},{7,9,3,5,1,2,6,8,4},{1,2,4,3,6,8,5,9,7},{9,7,6,1,2,3,4,5,8},{2,3,1,4,5,6,9,0,0},{0,0,0,0,0,0,0,0,0},{0,0,0,0,0,0,0,0,0},{0,0,0,0,0,0,0,0,0},{0,0,0,0,0,0,0,0,0}}
]
14:29:40.309 [main] INFO  sudoku.model.SudokuBoard - Wartość 0 wstawiona nieprawidłowo
14:29:40.309 [main] INFO  sudoku.model.SudokuBoard - Bład w kwadracie 0
sudoku.model.SudokuBoard@410fc508[
  size=9
  solver=sudoku.model.BacktrackingSudokuSolver@4e17442f
  board={{6,8,5,9,4,7,1,2,3},{7,9,3,5,1,2,6,8,4},{1,2,4,3,6,8,5,9,7},{9,7,6,1,2,3,4,5,8},{2,3,1,4,5,6,0,0,0},{0,0,0,0,0,0,0,0,0},{0,0,0,0,0,0,0,0,0},{0,0,0,0,0,0,0,0,0},{0,0,0,0,0,0,0,0,0}}
]
14:29:40.309 [main] INFO  sudoku.model.SudokuBoard - Wartość 0 wstawiona nieprawidłowo
14:29:40.309 [main] INFO  sudoku.model.SudokuBoard - Bład w kwadracie 0
sudoku.model.SudokuBoard@410fc508[
  size=9
  solver=sudoku.model.BacktrackingSudokuSolver@4e17442f
  board={{6,8,5,9,4,7,1,2,3},{7,9,3,5,1,2,6,8,4},{1,2,4,3,6,8,5,9,7},{9,7,6,1,2,3,4,5,8},{2,3,1,4,5,0,0,0,0},{0,0,0,0,0,0,0,0,0},{0,0,0,0,0,0,0,0,0},{0,0,0,0,0,0,0,0,0},{0,0,0,0,0,0,0,0,0}}
]
14:29:40.309 [main] INFO  sudoku.model.SudokuBoard - Wartość 0 wstawiona nieprawidłowo
14:29:40.309 [main] INFO  sudoku.model.SudokuBoard - Bład w kwadracie 0
sudoku.model.SudokuBoard@410fc508[
  size=9
  solver=sudoku.model.BacktrackingSudokuSolver@4e17442f
  board={{6,8,5,9,4,7,1,2,3},{7,9,3,5,1,2,6,8,4},{1,2,4,3,6,8,5,9,7},{9,7,6,1,2,3,4,5,8},{2,3,1,4,5,9,7,0,0},{0,0,0,0,0,0,0,0,0},{0,0,0,0,0,0,0,0,0},{0,0,0,0,0,0,0,0,0},{0,0,0,0,0,0,0,0,0}}
]
14:29:40.309 [main] INFO  sudoku.model.SudokuBoard - Wartość 0 wstawiona nieprawidłowo
14:29:40.309 [main] INFO  sudoku.model.SudokuBoard - Bład w kwadracie 0
sudoku.model.SudokuBoard@410fc508[
  size=9
  solver=sudoku.model.BacktrackingSudokuSolver@4e17442f
  board={{6,8,5,9,4,7,1,2,3},{7,9,3,5,1,2,6,8,4},{1,2,4,3,6,8,5,9,7},{9,7,6,1,2,3,4,5,8},{2,3,1,4,5,9,0,0,0},{0,0,0,0,0,0,0,0,0},{0,0,0,0,0,0,0,0,0},{0,0,0,0,0,0,0,0,0},{0,0,0,0,0,0,0,0,0}}
]
14:29:40.309 [main] INFO  sudoku.model.SudokuBoard - Wartość 0 wstawiona nieprawidłowo
14:29:40.309 [main] INFO  sudoku.model.SudokuBoard - Bład w kwadracie 0
sudoku.model.SudokuBoard@410fc508[
  size=9
  solver=sudoku.model.BacktrackingSudokuSolver@4e17442f
  board={{6,8,5,9,4,7,1,2,3},{7,9,3,5,1,2,6,8,4},{1,2,4,3,6,8,5,9,7},{9,7,6,1,2,3,4,5,8},{2,3,1,4,5,0,0,0,0},{0,0,0,0,0,0,0,0,0},{0,0,0,0,0,0,0,0,0},{0,0,0,0,0,0,0,0,0},{0,0,0,0,0,0,0,0,0}}
]
14:29:40.310 [main] INFO  sudoku.model.SudokuBoard - Wartość 0 wstawiona nieprawidłowo
14:29:40.310 [main] INFO  sudoku.model.SudokuBoard - Bład w kwadracie 0
sudoku.model.SudokuBoard@410fc508[
  size=9
  solver=sudoku.model.BacktrackingSudokuSolver@4e17442f
  board={{6,8,5,9,4,7,1,2,3},{7,9,3,5,1,2,6,8,4},{1,2,4,3,6,8,5,9,7},{9,7,6,1,2,3,4,5,8},{2,3,1,4,0,0,0,0,0},{0,0,0,0,0,0,0,0,0},{0,0,0,0,0,0,0,0,0},{0,0,0,0,0,0,0,0,0},{0,0,0,0,0,0,0,0,0}}
]
14:29:40.310 [main] INFO  sudoku.model.SudokuBoard - Wartość 0 wstawiona nieprawidłowo
14:29:40.311 [main] INFO  sudoku.model.SudokuBoard - Bład w kwadracie 0
sudoku.model.SudokuBoard@410fc508[
  size=9
  solver=sudoku.model.BacktrackingSudokuSolver@4e17442f
  board={{6,8,5,9,4,7,1,2,3},{7,9,3,5,1,2,6,8,4},{1,2,4,3,6,8,5,9,7},{9,7,6,1,2,3,4,5,8},{2,3,1,4,7,0,0,0,0},{0,0,0,0,0,0,0,0,0},{0,0,0,0,0,0,0,0,0},{0,0,0,0,0,0,0,0,0},{0,0,0,0,0,0,0,0,0}}
]
14:29:40.311 [main] INFO  sudoku.model.SudokuBoard - Wartość 0 wstawiona nieprawidłowo
14:29:40.311 [main] INFO  sudoku.model.SudokuBoard - Bład w kwadracie 0
sudoku.model.SudokuBoard@410fc508[
  size=9
  solver=sudoku.model.BacktrackingSudokuSolver@4e17442f
  board={{6,8,5,9,4,7,1,2,3},{7,9,3,5,1,2,6,8,4},{1,2,4,3,6,8,5,9,7},{9,7,6,1,2,3,4,5,8},{2,3,1,4,7,5,9,0,0},{0,0,0,0,0,0,0,0,0},{0,0,0,0,0,0,0,0,0},{0,0,0,0,0,0,0,0,0},{0,0,0,0,0,0,0,0,0}}
]
14:29:40.311 [main] INFO  sudoku.model.SudokuBoard - Wartość 0 wstawiona nieprawidłowo
14:29:40.311 [main] INFO  sudoku.model.SudokuBoard - Bład w kwadracie 0
sudoku.model.SudokuBoard@410fc508[
  size=9
  solver=sudoku.model.BacktrackingSudokuSolver@4e17442f
  board={{6,8,5,9,4,7,1,2,3},{7,9,3,5,1,2,6,8,4},{1,2,4,3,6,8,5,9,7},{9,7,6,1,2,3,4,5,8},{2,3,1,4,7,5,0,0,0},{0,0,0,0,0,0,0,0,0},{0,0,0,0,0,0,0,0,0},{0,0,0,0,0,0,0,0,0},{0,0,0,0,0,0,0,0,0}}
]
14:29:40.311 [main] INFO  sudoku.model.SudokuBoard - Wartość 0 wstawiona nieprawidłowo
14:29:40.311 [main] INFO  sudoku.model.SudokuBoard - Bład w kwadracie 0
sudoku.model.SudokuBoard@410fc508[
  size=9
  solver=sudoku.model.BacktrackingSudokuSolver@4e17442f
  board={{6,8,5,9,4,7,1,2,3},{7,9,3,5,1,2,6,8,4},{1,2,4,3,6,8,5,9,7},{9,7,6,1,2,3,4,5,8},{2,3,1,4,7,0,0,0,0},{0,0,0,0,0,0,0,0,0},{0,0,0,0,0,0,0,0,0},{0,0,0,0,0,0,0,0,0},{0,0,0,0,0,0,0,0,0}}
]
14:29:40.311 [main] INFO  sudoku.model.SudokuBoard - Wartość 0 wstawiona nieprawidłowo
14:29:40.312 [main] INFO  sudoku.model.SudokuBoard - Bład w kwadracie 0
sudoku.model.SudokuBoard@410fc508[
  size=9
  solver=sudoku.model.BacktrackingSudokuSolver@4e17442f
  board={{6,8,5,9,4,7,1,2,3},{7,9,3,5,1,2,6,8,4},{1,2,4,3,6,8,5,9,7},{9,7,6,1,2,3,4,5,8},{2,3,1,4,7,6,0,0,0},{0,0,0,0,0,0,0,0,0},{0,0,0,0,0,0,0,0,0},{0,0,0,0,0,0,0,0,0},{0,0,0,0,0,0,0,0,0}}
]
14:29:40.312 [main] INFO  sudoku.model.SudokuBoard - Wartość 0 wstawiona nieprawidłowo
14:29:40.312 [main] INFO  sudoku.model.SudokuBoard - Bład w kwadracie 0
sudoku.model.SudokuBoard@410fc508[
  size=9
  solver=sudoku.model.BacktrackingSudokuSolver@4e17442f
  board={{6,8,5,9,4,7,1,2,3},{7,9,3,5,1,2,6,8,4},{1,2,4,3,6,8,5,9,7},{9,7,6,1,2,3,4,5,8},{2,3,1,4,7,0,0,0,0},{0,0,0,0,0,0,0,0,0},{0,0,0,0,0,0,0,0,0},{0,0,0,0,0,0,0,0,0},{0,0,0,0,0,0,0,0,0}}
]
14:29:40.312 [main] INFO  sudoku.model.SudokuBoard - Wartość 0 wstawiona nieprawidłowo
14:29:40.312 [main] INFO  sudoku.model.SudokuBoard - Bład w kwadracie 0
sudoku.model.SudokuBoard@410fc508[
  size=9
  solver=sudoku.model.BacktrackingSudokuSolver@4e17442f
  board={{6,8,5,9,4,7,1,2,3},{7,9,3,5,1,2,6,8,4},{1,2,4,3,6,8,5,9,7},{9,7,6,1,2,3,4,5,8},{2,3,1,4,0,0,0,0,0},{0,0,0,0,0,0,0,0,0},{0,0,0,0,0,0,0,0,0},{0,0,0,0,0,0,0,0,0},{0,0,0,0,0,0,0,0,0}}
]
14:29:40.312 [main] INFO  sudoku.model.SudokuBoard - Wartość 0 wstawiona nieprawidłowo
14:29:40.312 [main] INFO  sudoku.model.SudokuBoard - Bład w kwadracie 0
sudoku.model.SudokuBoard@410fc508[
  size=9
  solver=sudoku.model.BacktrackingSudokuSolver@4e17442f
  board={{6,8,5,9,4,7,1,2,3},{7,9,3,5,1,2,6,8,4},{1,2,4,3,6,8,5,9,7},{9,7,6,1,2,3,4,5,8},{2,3,1,4,8,5,7,6,9},{8,0,0,0,0,0,0,0,0},{0,0,0,0,0,0,0,0,0},{0,0,0,0,0,0,0,0,0},{0,0,0,0,0,0,0,0,0}}
]
14:29:40.312 [main] INFO  sudoku.model.SudokuBoard - Wartość 0 wstawiona nieprawidłowo
14:29:40.312 [main] INFO  sudoku.model.SudokuBoard - Bład w kwadracie 0
sudoku.model.SudokuBoard@410fc508[
  size=9
  solver=sudoku.model.BacktrackingSudokuSolver@4e17442f
  board={{6,8,5,9,4,7,1,2,3},{7,9,3,5,1,2,6,8,4},{1,2,4,3,6,8,5,9,7},{9,7,6,1,2,3,4,5,8},{2,3,1,4,8,5,7,6,9},{8,0,0,0,0,0,0,0,0},{0,0,0,0,0,0,0,0,0},{0,0,0,0,0,0,0,0,0},{0,0,0,0,0,0,0,0,0}}
]
14:29:40.312 [main] INFO  sudoku.model.SudokuBoard - Wartość 0 wstawiona nieprawidłowo
14:29:40.312 [main] INFO  sudoku.model.SudokuBoard - Bład w kwadracie 0
sudoku.model.SudokuBoard@410fc508[
  size=9
  solver=sudoku.model.BacktrackingSudokuSolver@4e17442f
  board={{6,8,5,9,4,7,1,2,3},{7,9,3,5,1,2,6,8,4},{1,2,4,3,6,8,5,9,7},{9,7,6,1,2,3,4,5,8},{2,3,1,4,8,5,7,6,9},{0,0,0,0,0,0,0,0,0},{0,0,0,0,0,0,0,0,0},{0,0,0,0,0,0,0,0,0},{0,0,0,0,0,0,0,0,0}}
]
14:29:40.312 [main] INFO  sudoku.model.SudokuBoard - Wartość 0 wstawiona nieprawidłowo
14:29:40.313 [main] INFO  sudoku.model.SudokuBoard - Bład w kwadracie 0
sudoku.model.SudokuBoard@410fc508[
  size=9
  solver=sudoku.model.BacktrackingSudokuSolver@4e17442f
  board={{6,8,5,9,4,7,1,2,3},{7,9,3,5,1,2,6,8,4},{1,2,4,3,6,8,5,9,7},{9,7,6,1,2,3,4,5,8},{2,3,1,4,8,5,7,6,9},{4,5,8,6,7,9,2,0,0},{0,0,0,0,0,0,0,0,0},{0,0,0,0,0,0,0,0,0},{0,0,0,0,0,0,0,0,0}}
]
14:29:40.313 [main] INFO  sudoku.model.SudokuBoard - Wartość 0 wstawiona nieprawidłowo
]]></system-out>
  </testcase>
  <testcase name="testToString" classname="sudoku.model.SeriesTest" time="0.021">
    <system-out><![CDATA[14:29:40.330 [main] INFO  sudoku.model.SudokuBoard - Bład w kwadracie 0
sudoku.model.SudokuBoard@23e2c1ca[
  size=9
  solver=sudoku.model.BacktrackingSudokuSolver@2d4fb0d8
  board={{1,5,2,6,3,7,8,9,4},{8,7,3,9,1,2,5,0,0},{0,0,0,0,0,0,0,0,0},{0,0,0,0,0,0,0,0,0},{0,0,0,0,0,0,0,0,0},{0,0,0,0,0,0,0,0,0},{0,0,0,0,0,0,0,0,0},{0,0,0,0,0,0,0,0,0},{0,0,0,0,0,0,0,0,0}}
]
14:29:40.331 [main] INFO  sudoku.model.SudokuBoard - Wartość 0 wstawiona nieprawidłowo
14:29:40.331 [main] INFO  sudoku.model.SudokuBoard - Bład w kwadracie 0
sudoku.model.SudokuBoard@23e2c1ca[
  size=9
  solver=sudoku.model.BacktrackingSudokuSolver@2d4fb0d8
  board={{1,5,2,6,3,7,8,9,4},{8,7,3,9,1,2,0,0,0},{0,0,0,0,0,0,0,0,0},{0,0,0,0,0,0,0,0,0},{0,0,0,0,0,0,0,0,0},{0,0,0,0,0,0,0,0,0},{0,0,0,0,0,0,0,0,0},{0,0,0,0,0,0,0,0,0},{0,0,0,0,0,0,0,0,0}}
]
14:29:40.331 [main] INFO  sudoku.model.SudokuBoard - Wartość 0 wstawiona nieprawidłowo
14:29:40.332 [main] INFO  sudoku.model.SudokuBoard - Bład w kwadracie 0
sudoku.model.SudokuBoard@23e2c1ca[
  size=9
  solver=sudoku.model.BacktrackingSudokuSolver@2d4fb0d8
  board={{1,5,2,6,3,7,8,9,4},{8,7,3,9,1,2,6,0,0},{0,0,0,0,0,0,0,0,0},{0,0,0,0,0,0,0,0,0},{0,0,0,0,0,0,0,0,0},{0,0,0,0,0,0,0,0,0},{0,0,0,0,0,0,0,0,0},{0,0,0,0,0,0,0,0,0},{0,0,0,0,0,0,0,0,0}}
]
14:29:40.332 [main] INFO  sudoku.model.SudokuBoard - Wartość 0 wstawiona nieprawidłowo
14:29:40.332 [main] INFO  sudoku.model.SudokuBoard - Bład w kwadracie 0
sudoku.model.SudokuBoard@23e2c1ca[
  size=9
  solver=sudoku.model.BacktrackingSudokuSolver@2d4fb0d8
  board={{1,5,2,6,3,7,8,9,4},{8,7,3,9,1,2,0,0,0},{0,0,0,0,0,0,0,0,0},{0,0,0,0,0,0,0,0,0},{0,0,0,0,0,0,0,0,0},{0,0,0,0,0,0,0,0,0},{0,0,0,0,0,0,0,0,0},{0,0,0,0,0,0,0,0,0},{0,0,0,0,0,0,0,0,0}}
]
14:29:40.332 [main] INFO  sudoku.model.SudokuBoard - Wartość 0 wstawiona nieprawidłowo
14:29:40.332 [main] INFO  sudoku.model.SudokuBoard - Bład w kwadracie 0
sudoku.model.SudokuBoard@23e2c1ca[
  size=9
  solver=sudoku.model.BacktrackingSudokuSolver@2d4fb0d8
  board={{1,5,2,6,3,7,8,9,4},{8,7,3,9,1,0,0,0,0},{0,0,0,0,0,0,0,0,0},{0,0,0,0,0,0,0,0,0},{0,0,0,0,0,0,0,0,0},{0,0,0,0,0,0,0,0,0},{0,0,0,0,0,0,0,0,0},{0,0,0,0,0,0,0,0,0},{0,0,0,0,0,0,0,0,0}}
]
14:29:40.332 [main] INFO  sudoku.model.SudokuBoard - Wartość 0 wstawiona nieprawidłowo
14:29:40.333 [main] INFO  sudoku.model.SudokuBoard - Bład w kwadracie 0
sudoku.model.SudokuBoard@23e2c1ca[
  size=9
  solver=sudoku.model.BacktrackingSudokuSolver@2d4fb0d8
  board={{1,5,2,6,3,7,8,9,4},{8,7,3,9,1,4,2,5,6},{4,6,9,8,2,5,1,3,7},{2,3,4,7,8,6,5,1,9},{9,1,5,2,4,3,6,7,8},{6,8,7,1,5,9,3,0,0},{0,0,0,0,0,0,0,0,0},{0,0,0,0,0,0,0,0,0},{0,0,0,0,0,0,0,0,0}}
]
14:29:40.333 [main] INFO  sudoku.model.SudokuBoard - Wartość 0 wstawiona nieprawidłowo
14:29:40.333 [main] INFO  sudoku.model.SudokuBoard - Bład w kwadracie 0
sudoku.model.SudokuBoard@23e2c1ca[
  size=9
  solver=sudoku.model.BacktrackingSudokuSolver@2d4fb0d8
  board={{1,5,2,6,3,7,8,9,4},{8,7,3,9,1,4,2,5,6},{4,6,9,8,2,5,1,3,7},{2,3,4,7,8,6,5,1,9},{9,1,5,2,4,3,6,7,8},{6,8,7,1,5,9,3,4,2},{7,9,1,3,6,8,4,2,5},{3,2,6,4,7,1,9,0,0},{0,0,0,0,0,0,0,0,0}}
]
14:29:40.333 [main] INFO  sudoku.model.SudokuBoard - Wartość 0 wstawiona nieprawidłowo
14:29:40.334 [main] INFO  sudoku.model.SudokuBoard - Bład w kwadracie 0
sudoku.model.SudokuBoard@23e2c1ca[
  size=9
  solver=sudoku.model.BacktrackingSudokuSolver@2d4fb0d8
  board={{1,5,2,6,3,7,8,9,4},{8,7,3,9,1,4,2,5,6},{4,6,9,8,2,5,1,3,7},{2,3,4,7,8,6,5,1,9},{9,1,5,2,4,3,6,7,8},{6,8,7,1,5,9,3,4,2},{7,9,1,3,6,8,4,2,5},{3,2,6,4,7,1,0,0,0},{0,0,0,0,0,0,0,0,0}}
]
14:29:40.334 [main] INFO  sudoku.model.SudokuBoard - Wartość 0 wstawiona nieprawidłowo
14:29:40.334 [main] INFO  sudoku.model.SudokuBoard - Bład w kwadracie 0
sudoku.model.SudokuBoard@23e2c1ca[
  size=9
  solver=sudoku.model.BacktrackingSudokuSolver@2d4fb0d8
  board={{1,5,2,6,3,7,8,9,4},{8,7,3,9,1,4,2,5,6},{4,6,9,8,2,5,1,3,7},{2,3,4,7,8,6,5,1,9},{9,1,5,2,4,3,6,7,8},{6,8,7,1,5,9,3,4,2},{7,9,1,3,6,8,4,2,5},{3,2,6,4,7,0,0,0,0},{0,0,0,0,0,0,0,0,0}}
]
14:29:40.334 [main] INFO  sudoku.model.SudokuBoard - Wartość 0 wstawiona nieprawidłowo
14:29:40.334 [main] INFO  sudoku.model.SudokuBoard - Bład w kwadracie 0
sudoku.model.SudokuBoard@23e2c1ca[
  size=9
  solver=sudoku.model.BacktrackingSudokuSolver@2d4fb0d8
  board={{1,5,2,6,3,7,8,9,4},{8,7,3,9,1,4,2,5,6},{4,6,9,8,2,5,1,3,7},{2,3,4,7,8,6,5,1,9},{9,1,5,2,4,3,6,7,8},{6,8,7,1,5,9,3,4,2},{7,9,1,3,6,8,4,2,5},{3,2,6,4,0,0,0,0,0},{0,0,0,0,0,0,0,0,0}}
]
14:29:40.334 [main] INFO  sudoku.model.SudokuBoard - Wartość 0 wstawiona nieprawidłowo
14:29:40.334 [main] INFO  sudoku.model.SudokuBoard - Bład w kwadracie 0
sudoku.model.SudokuBoard@23e2c1ca[
  size=9
  solver=sudoku.model.BacktrackingSudokuSolver@2d4fb0d8
  board={{1,5,2,6,3,7,8,9,4},{8,7,3,9,1,4,2,5,6},{4,6,9,8,2,5,1,3,7},{2,3,4,7,8,6,5,1,9},{9,1,5,2,4,3,6,7,8},{6,8,7,1,5,9,3,4,2},{7,9,1,3,6,8,4,2,5},{3,2,6,4,9,1,7,0,0},{0,0,0,0,0,0,0,0,0}}
]
14:29:40.335 [main] INFO  sudoku.model.SudokuBoard - Wartość 0 wstawiona nieprawidłowo
14:29:40.335 [main] INFO  sudoku.model.SudokuBoard - Bład w kwadracie 0
sudoku.model.SudokuBoard@23e2c1ca[
  size=9
  solver=sudoku.model.BacktrackingSudokuSolver@2d4fb0d8
  board={{1,5,2,6,3,7,8,9,4},{8,7,3,9,1,4,2,5,6},{4,6,9,8,2,5,1,3,7},{2,3,4,7,8,6,5,1,9},{9,1,5,2,4,3,6,7,8},{6,8,7,1,5,9,3,4,2},{7,9,1,3,6,8,4,2,5},{3,2,6,4,9,1,0,0,0},{0,0,0,0,0,0,0,0,0}}
]
14:29:40.335 [main] INFO  sudoku.model.SudokuBoard - Wartość 0 wstawiona nieprawidłowo
14:29:40.335 [main] INFO  sudoku.model.SudokuBoard - Bład w kwadracie 0
sudoku.model.SudokuBoard@23e2c1ca[
  size=9
  solver=sudoku.model.BacktrackingSudokuSolver@2d4fb0d8
  board={{1,5,2,6,3,7,8,9,4},{8,7,3,9,1,4,2,5,6},{4,6,9,8,2,5,1,3,7},{2,3,4,7,8,6,5,1,9},{9,1,5,2,4,3,6,7,8},{6,8,7,1,5,9,3,4,2},{7,9,1,3,6,8,4,2,5},{3,2,6,4,9,0,0,0,0},{0,0,0,0,0,0,0,0,0}}
]
14:29:40.335 [main] INFO  sudoku.model.SudokuBoard - Wartość 0 wstawiona nieprawidłowo
14:29:40.335 [main] INFO  sudoku.model.SudokuBoard - Bład w kwadracie 0
sudoku.model.SudokuBoard@23e2c1ca[
  size=9
  solver=sudoku.model.BacktrackingSudokuSolver@2d4fb0d8
  board={{1,5,2,6,3,7,8,9,4},{8,7,3,9,1,4,2,5,6},{4,6,9,8,2,5,1,3,7},{2,3,4,7,8,6,5,1,9},{9,1,5,2,4,3,6,7,8},{6,8,7,1,5,9,3,4,2},{7,9,1,3,6,8,4,2,5},{3,2,6,4,0,0,0,0,0},{0,0,0,0,0,0,0,0,0}}
]
14:29:40.335 [main] INFO  sudoku.model.SudokuBoard - Wartość 0 wstawiona nieprawidłowo
14:29:40.335 [main] INFO  sudoku.model.SudokuBoard - Bład w kwadracie 0
sudoku.model.SudokuBoard@23e2c1ca[
  size=9
  solver=sudoku.model.BacktrackingSudokuSolver@2d4fb0d8
  board={{1,5,2,6,3,7,8,9,4},{8,7,3,9,1,4,2,5,6},{4,6,9,8,2,5,1,3,7},{2,3,4,7,8,6,5,1,9},{9,1,5,2,4,3,6,7,8},{6,8,7,1,5,9,3,4,2},{7,9,1,3,6,8,4,2,5},{3,2,6,0,0,0,0,0,0},{0,0,0,0,0,0,0,0,0}}
]
14:29:40.335 [main] INFO  sudoku.model.SudokuBoard - Wartość 0 wstawiona nieprawidłowo
14:29:40.335 [main] INFO  sudoku.model.SudokuBoard - Bład w kwadracie 0
sudoku.model.SudokuBoard@23e2c1ca[
  size=9
  solver=sudoku.model.BacktrackingSudokuSolver@2d4fb0d8
  board={{1,5,2,6,3,7,8,9,4},{8,7,3,9,1,4,2,5,6},{4,6,9,8,2,5,1,3,7},{2,3,4,7,8,6,5,1,9},{9,1,5,2,4,3,6,7,8},{6,8,7,1,5,9,3,4,2},{7,9,1,3,6,8,4,2,5},{3,2,6,5,7,1,9,0,0},{0,0,0,0,0,0,0,0,0}}
]
14:29:40.335 [main] INFO  sudoku.model.SudokuBoard - Wartość 0 wstawiona nieprawidłowo
14:29:40.336 [main] INFO  sudoku.model.SudokuBoard - Bład w kwadracie 0
sudoku.model.SudokuBoard@23e2c1ca[
  size=9
  solver=sudoku.model.BacktrackingSudokuSolver@2d4fb0d8
  board={{1,5,2,6,3,7,8,9,4},{8,7,3,9,1,4,2,5,6},{4,6,9,8,2,5,1,3,7},{2,3,4,7,8,6,5,1,9},{9,1,5,2,4,3,6,7,8},{6,8,7,1,5,9,3,4,2},{7,9,1,3,6,8,4,2,5},{3,2,6,5,7,1,0,0,0},{0,0,0,0,0,0,0,0,0}}
]
14:29:40.336 [main] INFO  sudoku.model.SudokuBoard - Wartość 0 wstawiona nieprawidłowo
14:29:40.336 [main] INFO  sudoku.model.SudokuBoard - Bład w kwadracie 0
sudoku.model.SudokuBoard@23e2c1ca[
  size=9
  solver=sudoku.model.BacktrackingSudokuSolver@2d4fb0d8
  board={{1,5,2,6,3,7,8,9,4},{8,7,3,9,1,4,2,5,6},{4,6,9,8,2,5,1,3,7},{2,3,4,7,8,6,5,1,9},{9,1,5,2,4,3,6,7,8},{6,8,7,1,5,9,3,4,2},{7,9,1,3,6,8,4,2,5},{3,2,6,5,7,0,0,0,0},{0,0,0,0,0,0,0,0,0}}
]
14:29:40.336 [main] INFO  sudoku.model.SudokuBoard - Wartość 0 wstawiona nieprawidłowo
14:29:40.336 [main] INFO  sudoku.model.SudokuBoard - Bład w kwadracie 0
sudoku.model.SudokuBoard@23e2c1ca[
  size=9
  solver=sudoku.model.BacktrackingSudokuSolver@2d4fb0d8
  board={{1,5,2,6,3,7,8,9,4},{8,7,3,9,1,4,2,5,6},{4,6,9,8,2,5,1,3,7},{2,3,4,7,8,6,5,1,9},{9,1,5,2,4,3,6,7,8},{6,8,7,1,5,9,3,4,2},{7,9,1,3,6,8,4,2,5},{3,2,6,5,0,0,0,0,0},{0,0,0,0,0,0,0,0,0}}
]
14:29:40.336 [main] INFO  sudoku.model.SudokuBoard - Wartość 0 wstawiona nieprawidłowo
14:29:40.337 [main] INFO  sudoku.model.SudokuBoard - Bład w kwadracie 0
sudoku.model.SudokuBoard@23e2c1ca[
  size=9
  solver=sudoku.model.BacktrackingSudokuSolver@2d4fb0d8
  board={{1,5,2,6,3,7,8,9,4},{8,7,3,9,1,4,2,5,6},{4,6,9,8,2,5,1,3,7},{2,3,4,7,8,6,5,1,9},{9,1,5,2,4,3,6,7,8},{6,8,7,1,5,9,3,4,2},{7,9,1,3,6,8,4,2,5},{3,2,6,5,9,1,7,0,0},{0,0,0,0,0,0,0,0,0}}
]
14:29:40.337 [main] INFO  sudoku.model.SudokuBoard - Wartość 0 wstawiona nieprawidłowo
14:29:40.337 [main] INFO  sudoku.model.SudokuBoard - Bład w kwadracie 0
sudoku.model.SudokuBoard@23e2c1ca[
  size=9
  solver=sudoku.model.BacktrackingSudokuSolver@2d4fb0d8
  board={{1,5,2,6,3,7,8,9,4},{8,7,3,9,1,4,2,5,6},{4,6,9,8,2,5,1,3,7},{2,3,4,7,8,6,5,1,9},{9,1,5,2,4,3,6,7,8},{6,8,7,1,5,9,3,4,2},{7,9,1,3,6,8,4,2,5},{3,2,6,5,9,1,0,0,0},{0,0,0,0,0,0,0,0,0}}
]
14:29:40.337 [main] INFO  sudoku.model.SudokuBoard - Wartość 0 wstawiona nieprawidłowo
14:29:40.338 [main] INFO  sudoku.model.SudokuBoard - Bład w kwadracie 0
sudoku.model.SudokuBoard@23e2c1ca[
  size=9
  solver=sudoku.model.BacktrackingSudokuSolver@2d4fb0d8
  board={{1,5,2,6,3,7,8,9,4},{8,7,3,9,1,4,2,5,6},{4,6,9,8,2,5,1,3,7},{2,3,4,7,8,6,5,1,9},{9,1,5,2,4,3,6,7,8},{6,8,7,1,5,9,3,4,2},{7,9,1,3,6,8,4,2,5},{3,2,6,5,9,0,0,0,0},{0,0,0,0,0,0,0,0,0}}
]
14:29:40.338 [main] INFO  sudoku.model.SudokuBoard - Wartość 0 wstawiona nieprawidłowo
14:29:40.338 [main] INFO  sudoku.model.SudokuBoard - Bład w kwadracie 0
sudoku.model.SudokuBoard@23e2c1ca[
  size=9
  solver=sudoku.model.BacktrackingSudokuSolver@2d4fb0d8
  board={{1,5,2,6,3,7,8,9,4},{8,7,3,9,1,4,2,5,6},{4,6,9,8,2,5,1,3,7},{2,3,4,7,8,6,5,1,9},{9,1,5,2,4,3,6,7,8},{6,8,7,1,5,9,3,4,2},{7,9,1,3,6,8,4,2,5},{3,2,6,5,0,0,0,0,0},{0,0,0,0,0,0,0,0,0}}
]
14:29:40.338 [main] INFO  sudoku.model.SudokuBoard - Wartość 0 wstawiona nieprawidłowo
14:29:40.338 [main] INFO  sudoku.model.SudokuBoard - Bład w kwadracie 0
sudoku.model.SudokuBoard@23e2c1ca[
  size=9
  solver=sudoku.model.BacktrackingSudokuSolver@2d4fb0d8
  board={{1,5,2,6,3,7,8,9,4},{8,7,3,9,1,4,2,5,6},{4,6,9,8,2,5,1,3,7},{2,3,4,7,8,6,5,1,9},{9,1,5,2,4,3,6,7,8},{6,8,7,1,5,9,3,4,2},{7,9,1,3,6,8,4,2,5},{3,2,6,0,0,0,0,0,0},{0,0,0,0,0,0,0,0,0}}
]
14:29:40.338 [main] INFO  sudoku.model.SudokuBoard - Wartość 0 wstawiona nieprawidłowo
14:29:40.338 [main] INFO  sudoku.model.SudokuBoard - Bład w kwadracie 0
sudoku.model.SudokuBoard@23e2c1ca[
  size=9
  solver=sudoku.model.BacktrackingSudokuSolver@2d4fb0d8
  board={{1,5,2,6,3,7,8,9,4},{8,7,3,9,1,4,2,5,6},{4,6,9,8,2,5,1,3,7},{2,3,4,7,8,6,5,1,9},{9,1,5,2,4,3,6,7,8},{6,8,7,1,5,9,3,4,2},{7,9,1,3,6,8,4,2,5},{3,2,0,0,0,0,0,0,0},{0,0,0,0,0,0,0,0,0}}
]
14:29:40.338 [main] INFO  sudoku.model.SudokuBoard - Wartość 0 wstawiona nieprawidłowo
14:29:40.339 [main] INFO  sudoku.model.SudokuBoard - Bład w kwadracie 0
sudoku.model.SudokuBoard@23e2c1ca[
  size=9
  solver=sudoku.model.BacktrackingSudokuSolver@2d4fb0d8
  board={{1,5,2,6,3,7,8,9,4},{8,7,3,9,1,4,2,5,6},{4,6,9,8,2,5,1,3,7},{2,3,4,7,8,6,5,1,9},{9,1,5,2,4,3,6,7,8},{6,8,7,1,5,9,3,4,2},{7,9,1,3,6,8,4,2,5},{3,2,8,4,7,1,9,0,0},{0,0,0,0,0,0,0,0,0}}
]
14:29:40.339 [main] INFO  sudoku.model.SudokuBoard - Wartość 0 wstawiona nieprawidłowo
14:29:40.339 [main] INFO  sudoku.model.SudokuBoard - Bład w kwadracie 0
sudoku.model.SudokuBoard@23e2c1ca[
  size=9
  solver=sudoku.model.BacktrackingSudokuSolver@2d4fb0d8
  board={{1,5,2,6,3,7,8,9,4},{8,7,3,9,1,4,2,5,6},{4,6,9,8,2,5,1,3,7},{2,3,4,7,8,6,5,1,9},{9,1,5,2,4,3,6,7,8},{6,8,7,1,5,9,3,4,2},{7,9,1,3,6,8,4,2,5},{3,2,8,4,7,1,0,0,0},{0,0,0,0,0,0,0,0,0}}
]
14:29:40.339 [main] INFO  sudoku.model.SudokuBoard - Wartość 0 wstawiona nieprawidłowo
14:29:40.340 [main] INFO  sudoku.model.SudokuBoard - Bład w kwadracie 0
sudoku.model.SudokuBoard@23e2c1ca[
  size=9
  solver=sudoku.model.BacktrackingSudokuSolver@2d4fb0d8
  board={{1,5,2,6,3,7,8,9,4},{8,7,3,9,1,4,2,5,6},{4,6,9,8,2,5,1,3,7},{2,3,4,7,8,6,5,1,9},{9,1,5,2,4,3,6,7,8},{6,8,7,1,5,9,3,4,2},{7,9,1,3,6,8,4,2,5},{3,2,8,4,7,0,0,0,0},{0,0,0,0,0,0,0,0,0}}
]
14:29:40.340 [main] INFO  sudoku.model.SudokuBoard - Wartość 0 wstawiona nieprawidłowo
14:29:40.340 [main] INFO  sudoku.model.SudokuBoard - Bład w kwadracie 0
sudoku.model.SudokuBoard@23e2c1ca[
  size=9
  solver=sudoku.model.BacktrackingSudokuSolver@2d4fb0d8
  board={{1,5,2,6,3,7,8,9,4},{8,7,3,9,1,4,2,5,6},{4,6,9,8,2,5,1,3,7},{2,3,4,7,8,6,5,1,9},{9,1,5,2,4,3,6,7,8},{6,8,7,1,5,9,3,4,2},{7,9,1,3,6,8,4,2,5},{3,2,8,4,0,0,0,0,0},{0,0,0,0,0,0,0,0,0}}
]
14:29:40.340 [main] INFO  sudoku.model.SudokuBoard - Wartość 0 wstawiona nieprawidłowo
14:29:40.340 [main] INFO  sudoku.model.SudokuBoard - Bład w kwadracie 0
sudoku.model.SudokuBoard@23e2c1ca[
  size=9
  solver=sudoku.model.BacktrackingSudokuSolver@2d4fb0d8
  board={{1,5,2,6,3,7,8,9,4},{8,7,3,9,1,4,2,5,6},{4,6,9,8,2,5,1,3,7},{2,3,4,7,8,6,5,1,9},{9,1,5,2,4,3,6,7,8},{6,8,7,1,5,9,3,4,2},{7,9,1,3,6,8,4,2,5},{3,2,8,4,9,1,7,0,0},{0,0,0,0,0,0,0,0,0}}
]
14:29:40.340 [main] INFO  sudoku.model.SudokuBoard - Wartość 0 wstawiona nieprawidłowo
14:29:40.340 [main] INFO  sudoku.model.SudokuBoard - Bład w kwadracie 0
sudoku.model.SudokuBoard@23e2c1ca[
  size=9
  solver=sudoku.model.BacktrackingSudokuSolver@2d4fb0d8
  board={{1,5,2,6,3,7,8,9,4},{8,7,3,9,1,4,2,5,6},{4,6,9,8,2,5,1,3,7},{2,3,4,7,8,6,5,1,9},{9,1,5,2,4,3,6,7,8},{6,8,7,1,5,9,3,4,2},{7,9,1,3,6,8,4,2,5},{3,2,8,4,9,1,0,0,0},{0,0,0,0,0,0,0,0,0}}
]
14:29:40.340 [main] INFO  sudoku.model.SudokuBoard - Wartość 0 wstawiona nieprawidłowo
14:29:40.341 [main] INFO  sudoku.model.SudokuBoard - Bład w kwadracie 0
sudoku.model.SudokuBoard@23e2c1ca[
  size=9
  solver=sudoku.model.BacktrackingSudokuSolver@2d4fb0d8
  board={{1,5,2,6,3,7,8,9,4},{8,7,3,9,1,4,2,5,6},{4,6,9,8,2,5,1,3,7},{2,3,4,7,8,6,5,1,9},{9,1,5,2,4,3,6,7,8},{6,8,7,1,5,9,3,4,2},{7,9,1,3,6,8,4,2,5},{3,2,8,4,9,0,0,0,0},{0,0,0,0,0,0,0,0,0}}
]
14:29:40.342 [main] INFO  sudoku.model.SudokuBoard - Wartość 0 wstawiona nieprawidłowo
14:29:40.342 [main] INFO  sudoku.model.SudokuBoard - Bład w kwadracie 0
sudoku.model.SudokuBoard@23e2c1ca[
  size=9
  solver=sudoku.model.BacktrackingSudokuSolver@2d4fb0d8
  board={{1,5,2,6,3,7,8,9,4},{8,7,3,9,1,4,2,5,6},{4,6,9,8,2,5,1,3,7},{2,3,4,7,8,6,5,1,9},{9,1,5,2,4,3,6,7,8},{6,8,7,1,5,9,3,4,2},{7,9,1,3,6,8,4,2,5},{3,2,8,4,0,0,0,0,0},{0,0,0,0,0,0,0,0,0}}
]
14:29:40.342 [main] INFO  sudoku.model.SudokuBoard - Wartość 0 wstawiona nieprawidłowo
14:29:40.342 [main] INFO  sudoku.model.SudokuBoard - Bład w kwadracie 0
sudoku.model.SudokuBoard@23e2c1ca[
  size=9
  solver=sudoku.model.BacktrackingSudokuSolver@2d4fb0d8
  board={{1,5,2,6,3,7,8,9,4},{8,7,3,9,1,4,2,5,6},{4,6,9,8,2,5,1,3,7},{2,3,4,7,8,6,5,1,9},{9,1,5,2,4,3,6,7,8},{6,8,7,1,5,9,3,4,2},{7,9,1,3,6,8,4,2,5},{3,2,8,0,0,0,0,0,0},{0,0,0,0,0,0,0,0,0}}
]
14:29:40.342 [main] INFO  sudoku.model.SudokuBoard - Wartość 0 wstawiona nieprawidłowo
14:29:40.343 [main] INFO  sudoku.model.SudokuBoard - Bład w kwadracie 0
sudoku.model.SudokuBoard@23e2c1ca[
  size=9
  solver=sudoku.model.BacktrackingSudokuSolver@2d4fb0d8
  board={{1,5,2,6,3,7,8,9,4},{8,7,3,9,1,4,2,5,6},{4,6,9,8,2,5,1,3,7},{2,3,4,7,8,6,5,1,9},{9,1,5,2,4,3,6,7,8},{6,8,7,1,5,9,3,4,2},{7,9,1,3,6,8,4,2,5},{3,2,8,5,9,1,7,0,0},{0,0,0,0,0,0,0,0,0}}
]
14:29:40.343 [main] INFO  sudoku.model.SudokuBoard - Wartość 0 wstawiona nieprawidłowo
14:29:40.343 [main] INFO  sudoku.model.SudokuBoard - Bład w kwadracie 0
sudoku.model.SudokuBoard@23e2c1ca[
  size=9
  solver=sudoku.model.BacktrackingSudokuSolver@2d4fb0d8
  board={{1,5,2,6,3,7,8,9,4},{8,7,3,9,1,4,2,5,6},{4,6,9,8,2,5,1,3,7},{2,3,4,7,8,6,5,1,9},{9,1,5,2,4,3,6,7,8},{6,8,7,1,5,9,3,4,2},{7,9,1,3,6,8,4,2,5},{3,2,8,5,9,1,0,0,0},{0,0,0,0,0,0,0,0,0}}
]
14:29:40.344 [main] INFO  sudoku.model.SudokuBoard - Wartość 0 wstawiona nieprawidłowo
14:29:40.344 [main] INFO  sudoku.model.SudokuBoard - Bład w kwadracie 0
sudoku.model.SudokuBoard@23e2c1ca[
  size=9
  solver=sudoku.model.BacktrackingSudokuSolver@2d4fb0d8
  board={{1,5,2,6,3,7,8,9,4},{8,7,3,9,1,4,2,5,6},{4,6,9,8,2,5,1,3,7},{2,3,4,7,8,6,5,1,9},{9,1,5,2,4,3,6,7,8},{6,8,7,1,5,9,3,4,2},{7,9,1,3,6,8,4,2,5},{3,2,8,5,9,0,0,0,0},{0,0,0,0,0,0,0,0,0}}
]
14:29:40.344 [main] INFO  sudoku.model.SudokuBoard - Wartość 0 wstawiona nieprawidłowo
14:29:40.344 [main] INFO  sudoku.model.SudokuBoard - Bład w kwadracie 0
sudoku.model.SudokuBoard@23e2c1ca[
  size=9
  solver=sudoku.model.BacktrackingSudokuSolver@2d4fb0d8
  board={{1,5,2,6,3,7,8,9,4},{8,7,3,9,1,4,2,5,6},{4,6,9,8,2,5,1,3,7},{2,3,4,7,8,6,5,1,9},{9,1,5,2,4,3,6,7,8},{6,8,7,1,5,9,3,4,2},{7,9,1,3,6,8,4,2,5},{3,2,8,5,0,0,0,0,0},{0,0,0,0,0,0,0,0,0}}
]
14:29:40.344 [main] INFO  sudoku.model.SudokuBoard - Wartość 0 wstawiona nieprawidłowo
14:29:40.344 [main] INFO  sudoku.model.SudokuBoard - Bład w kwadracie 0
sudoku.model.SudokuBoard@23e2c1ca[
  size=9
  solver=sudoku.model.BacktrackingSudokuSolver@2d4fb0d8
  board={{1,5,2,6,3,7,8,9,4},{8,7,3,9,1,4,2,5,6},{4,6,9,8,2,5,1,3,7},{2,3,4,7,8,6,5,1,9},{9,1,5,2,4,3,6,7,8},{6,8,7,1,5,9,3,4,2},{7,9,1,3,6,8,4,2,5},{3,2,8,5,7,1,9,0,0},{0,0,0,0,0,0,0,0,0}}
]
14:29:40.344 [main] INFO  sudoku.model.SudokuBoard - Wartość 0 wstawiona nieprawidłowo
14:29:40.345 [main] INFO  sudoku.model.SudokuBoard - Bład w kwadracie 0
sudoku.model.SudokuBoard@23e2c1ca[
  size=9
  solver=sudoku.model.BacktrackingSudokuSolver@2d4fb0d8
  board={{1,5,2,6,3,7,8,9,4},{8,7,3,9,1,4,2,5,6},{4,6,9,8,2,5,1,3,7},{2,3,4,7,8,6,5,1,9},{9,1,5,2,4,3,6,7,8},{6,8,7,1,5,9,3,4,2},{7,9,1,3,6,8,4,2,5},{3,2,8,5,7,1,0,0,0},{0,0,0,0,0,0,0,0,0}}
]
14:29:40.345 [main] INFO  sudoku.model.SudokuBoard - Wartość 0 wstawiona nieprawidłowo
14:29:40.346 [main] INFO  sudoku.model.SudokuBoard - Bład w kwadracie 0
sudoku.model.SudokuBoard@23e2c1ca[
  size=9
  solver=sudoku.model.BacktrackingSudokuSolver@2d4fb0d8
  board={{1,5,2,6,3,7,8,9,4},{8,7,3,9,1,4,2,5,6},{4,6,9,8,2,5,1,3,7},{2,3,4,7,8,6,5,1,9},{9,1,5,2,4,3,6,7,8},{6,8,7,1,5,9,3,4,2},{7,9,1,3,6,8,4,2,5},{3,2,8,5,7,0,0,0,0},{0,0,0,0,0,0,0,0,0}}
]
14:29:40.346 [main] INFO  sudoku.model.SudokuBoard - Wartość 0 wstawiona nieprawidłowo
14:29:40.347 [main] INFO  sudoku.model.SudokuBoard - Bład w kwadracie 0
sudoku.model.SudokuBoard@23e2c1ca[
  size=9
  solver=sudoku.model.BacktrackingSudokuSolver@2d4fb0d8
  board={{1,5,2,6,3,7,8,9,4},{8,7,3,9,1,4,2,5,6},{4,6,9,8,2,5,1,3,7},{2,3,4,7,8,6,5,1,9},{9,1,5,2,4,3,6,7,8},{6,8,7,1,5,9,3,4,2},{7,9,1,3,6,8,4,2,5},{3,2,8,5,0,0,0,0,0},{0,0,0,0,0,0,0,0,0}}
]
14:29:40.347 [main] INFO  sudoku.model.SudokuBoard - Wartość 0 wstawiona nieprawidłowo
14:29:40.347 [main] INFO  sudoku.model.SudokuBoard - Bład w kwadracie 0
sudoku.model.SudokuBoard@23e2c1ca[
  size=9
  solver=sudoku.model.BacktrackingSudokuSolver@2d4fb0d8
  board={{1,5,2,6,3,7,8,9,4},{8,7,3,9,1,4,2,5,6},{4,6,9,8,2,5,1,3,7},{2,3,4,7,8,6,5,1,9},{9,1,5,2,4,3,6,7,8},{6,8,7,1,5,9,3,4,2},{7,9,1,3,6,8,4,2,5},{3,2,8,0,0,0,0,0,0},{0,0,0,0,0,0,0,0,0}}
]
14:29:40.347 [main] INFO  sudoku.model.SudokuBoard - Wartość 0 wstawiona nieprawidłowo
14:29:40.347 [main] INFO  sudoku.model.SudokuBoard - Bład w kwadracie 0
sudoku.model.SudokuBoard@23e2c1ca[
  size=9
  solver=sudoku.model.BacktrackingSudokuSolver@2d4fb0d8
  board={{1,5,2,6,3,7,8,9,4},{8,7,3,9,1,4,2,5,6},{4,6,9,8,2,5,1,3,7},{2,3,4,7,8,6,5,1,9},{9,1,5,2,4,3,6,7,8},{6,8,7,1,5,9,3,4,2},{7,9,1,3,6,8,4,2,5},{3,2,0,0,0,0,0,0,0},{0,0,0,0,0,0,0,0,0}}
]
14:29:40.347 [main] INFO  sudoku.model.SudokuBoard - Wartość 0 wstawiona nieprawidłowo
14:29:40.347 [main] INFO  sudoku.model.SudokuBoard - Bład w kwadracie 0
sudoku.model.SudokuBoard@23e2c1ca[
  size=9
  solver=sudoku.model.BacktrackingSudokuSolver@2d4fb0d8
  board={{1,5,2,6,3,7,8,9,4},{8,7,3,9,1,4,2,5,6},{4,6,9,8,2,5,1,3,7},{2,3,4,7,8,6,5,1,9},{9,1,5,2,4,3,6,7,8},{6,8,7,1,5,9,3,4,2},{7,9,1,3,6,8,4,2,5},{3,0,0,0,0,0,0,0,0},{0,0,0,0,0,0,0,0,0}}
]
14:29:40.347 [main] INFO  sudoku.model.SudokuBoard - Wartość 0 wstawiona nieprawidłowo
14:29:40.347 [main] INFO  sudoku.model.SudokuBoard - Bład w kwadracie 0
sudoku.model.SudokuBoard@23e2c1ca[
  size=9
  solver=sudoku.model.BacktrackingSudokuSolver@2d4fb0d8
  board={{1,5,2,6,3,7,8,9,4},{8,7,3,9,1,4,2,5,6},{4,6,9,8,2,5,1,3,7},{2,3,4,7,8,6,5,1,9},{9,1,5,2,4,3,6,7,8},{6,8,7,1,5,9,3,4,2},{7,9,1,3,6,8,4,2,5},{3,4,6,5,7,1,9,0,0},{0,0,0,0,0,0,0,0,0}}
]
14:29:40.347 [main] INFO  sudoku.model.SudokuBoard - Wartość 0 wstawiona nieprawidłowo
14:29:40.348 [main] INFO  sudoku.model.SudokuBoard - Bład w kwadracie 0
sudoku.model.SudokuBoard@23e2c1ca[
  size=9
  solver=sudoku.model.BacktrackingSudokuSolver@2d4fb0d8
  board={{1,5,2,6,3,7,8,9,4},{8,7,3,9,1,4,2,5,6},{4,6,9,8,2,5,1,3,7},{2,3,4,7,8,6,5,1,9},{9,1,5,2,4,3,6,7,8},{6,8,7,1,5,9,3,4,2},{7,9,1,3,6,8,4,2,5},{3,4,6,5,7,1,0,0,0},{0,0,0,0,0,0,0,0,0}}
]
14:29:40.348 [main] INFO  sudoku.model.SudokuBoard - Wartość 0 wstawiona nieprawidłowo
14:29:40.348 [main] INFO  sudoku.model.SudokuBoard - Bład w kwadracie 0
sudoku.model.SudokuBoard@23e2c1ca[
  size=9
  solver=sudoku.model.BacktrackingSudokuSolver@2d4fb0d8
  board={{1,5,2,6,3,7,8,9,4},{8,7,3,9,1,4,2,5,6},{4,6,9,8,2,5,1,3,7},{2,3,4,7,8,6,5,1,9},{9,1,5,2,4,3,6,7,8},{6,8,7,1,5,9,3,4,2},{7,9,1,3,6,8,4,2,5},{3,4,6,5,7,0,0,0,0},{0,0,0,0,0,0,0,0,0}}
]
14:29:40.348 [main] INFO  sudoku.model.SudokuBoard - Wartość 0 wstawiona nieprawidłowo
]]></system-out>
  </testcase>
  <testcase name="testEqualsDiffrentClass" classname="sudoku.model.SeriesTest" time="0.019">
    <system-out><![CDATA[14:29:40.356 [main] INFO  sudoku.model.SudokuBoard - Bład w kwadracie 0
sudoku.model.SudokuBoard@474e34e4[
  size=9
  solver=sudoku.model.BacktrackingSudokuSolver@7e2c6702
  board={{5,7,9,8,4,1,2,6,3},{1,2,8,7,6,9,4,0,0},{0,0,0,0,0,0,0,0,0},{0,0,0,0,0,0,0,0,0},{0,0,0,0,0,0,0,0,0},{0,0,0,0,0,0,0,0,0},{0,0,0,0,0,0,0,0,0},{0,0,0,0,0,0,0,0,0},{0,0,0,0,0,0,0,0,0}}
]
14:29:40.357 [main] INFO  sudoku.model.SudokuBoard - Wartość 0 wstawiona nieprawidłowo
14:29:40.357 [main] INFO  sudoku.model.SudokuBoard - Bład w kwadracie 0
sudoku.model.SudokuBoard@474e34e4[
  size=9
  solver=sudoku.model.BacktrackingSudokuSolver@7e2c6702
  board={{5,7,9,8,4,1,2,6,3},{1,2,8,7,6,9,0,0,0},{0,0,0,0,0,0,0,0,0},{0,0,0,0,0,0,0,0,0},{0,0,0,0,0,0,0,0,0},{0,0,0,0,0,0,0,0,0},{0,0,0,0,0,0,0,0,0},{0,0,0,0,0,0,0,0,0},{0,0,0,0,0,0,0,0,0}}
]
14:29:40.357 [main] INFO  sudoku.model.SudokuBoard - Wartość 0 wstawiona nieprawidłowo
14:29:40.358 [main] INFO  sudoku.model.SudokuBoard - Bład w kwadracie 0
sudoku.model.SudokuBoard@474e34e4[
  size=9
  solver=sudoku.model.BacktrackingSudokuSolver@7e2c6702
  board={{5,7,9,8,4,1,2,6,3},{1,2,8,7,6,9,5,0,0},{0,0,0,0,0,0,0,0,0},{0,0,0,0,0,0,0,0,0},{0,0,0,0,0,0,0,0,0},{0,0,0,0,0,0,0,0,0},{0,0,0,0,0,0,0,0,0},{0,0,0,0,0,0,0,0,0},{0,0,0,0,0,0,0,0,0}}
]
14:29:40.358 [main] INFO  sudoku.model.SudokuBoard - Wartość 0 wstawiona nieprawidłowo
14:29:40.358 [main] INFO  sudoku.model.SudokuBoard - Bład w kwadracie 0
sudoku.model.SudokuBoard@474e34e4[
  size=9
  solver=sudoku.model.BacktrackingSudokuSolver@7e2c6702
  board={{5,7,9,8,4,1,2,6,3},{1,2,8,7,6,9,0,0,0},{0,0,0,0,0,0,0,0,0},{0,0,0,0,0,0,0,0,0},{0,0,0,0,0,0,0,0,0},{0,0,0,0,0,0,0,0,0},{0,0,0,0,0,0,0,0,0},{0,0,0,0,0,0,0,0,0},{0,0,0,0,0,0,0,0,0}}
]
14:29:40.358 [main] INFO  sudoku.model.SudokuBoard - Wartość 0 wstawiona nieprawidłowo
14:29:40.359 [main] INFO  sudoku.model.SudokuBoard - Bład w kwadracie 0
sudoku.model.SudokuBoard@474e34e4[
  size=9
  solver=sudoku.model.BacktrackingSudokuSolver@7e2c6702
  board={{5,7,9,8,4,1,2,6,3},{1,2,8,7,6,0,0,0,0},{0,0,0,0,0,0,0,0,0},{0,0,0,0,0,0,0,0,0},{0,0,0,0,0,0,0,0,0},{0,0,0,0,0,0,0,0,0},{0,0,0,0,0,0,0,0,0},{0,0,0,0,0,0,0,0,0},{0,0,0,0,0,0,0,0,0}}
]
14:29:40.359 [main] INFO  sudoku.model.SudokuBoard - Wartość 0 wstawiona nieprawidłowo
14:29:40.359 [main] INFO  sudoku.model.SudokuBoard - Bład w kwadracie 0
sudoku.model.SudokuBoard@474e34e4[
  size=9
  solver=sudoku.model.BacktrackingSudokuSolver@7e2c6702
  board={{5,7,9,8,4,1,2,6,3},{1,2,8,7,6,3,4,5,9},{3,4,6,5,9,2,7,8,1},{6,8,1,2,7,9,3,4,5},{4,3,2,6,8,5,9,0,0},{0,0,0,0,0,0,0,0,0},{0,0,0,0,0,0,0,0,0},{0,0,0,0,0,0,0,0,0},{0,0,0,0,0,0,0,0,0}}
]
14:29:40.359 [main] INFO  sudoku.model.SudokuBoard - Wartość 0 wstawiona nieprawidłowo
14:29:40.359 [main] INFO  sudoku.model.SudokuBoard - Bład w kwadracie 0
sudoku.model.SudokuBoard@474e34e4[
  size=9
  solver=sudoku.model.BacktrackingSudokuSolver@7e2c6702
  board={{5,7,9,8,4,1,2,6,3},{1,2,8,7,6,3,4,5,9},{3,4,6,5,9,2,7,8,1},{6,8,1,2,7,9,3,4,5},{4,3,2,6,8,5,9,1,7},{7,9,5,3,1,4,6,2,8},{8,5,7,9,3,6,0,0,0},{0,0,0,0,0,0,0,0,0},{0,0,0,0,0,0,0,0,0}}
]
14:29:40.359 [main] INFO  sudoku.model.SudokuBoard - Wartość 0 wstawiona nieprawidłowo
14:29:40.360 [main] INFO  sudoku.model.SudokuBoard - Bład w kwadracie 0
sudoku.model.SudokuBoard@474e34e4[
  size=9
  solver=sudoku.model.BacktrackingSudokuSolver@7e2c6702
  board={{5,7,9,8,4,1,2,6,3},{1,2,8,7,6,3,4,5,9},{3,4,6,5,9,2,7,8,1},{6,8,1,2,7,9,3,4,5},{4,3,2,6,8,5,9,1,7},{7,9,5,3,1,4,6,2,8},{8,5,7,9,3,0,0,0,0},{0,0,0,0,0,0,0,0,0},{0,0,0,0,0,0,0,0,0}}
]
14:29:40.360 [main] INFO  sudoku.model.SudokuBoard - Wartość 0 wstawiona nieprawidłowo
14:29:40.360 [main] INFO  sudoku.model.SudokuBoard - Bład w kwadracie 0
sudoku.model.SudokuBoard@474e34e4[
  size=9
  solver=sudoku.model.BacktrackingSudokuSolver@7e2c6702
  board={{5,7,9,8,4,1,2,6,3},{1,2,8,7,6,3,4,5,9},{3,4,6,5,9,2,7,8,1},{6,8,1,2,7,9,3,4,5},{4,3,2,6,8,5,9,1,7},{7,9,5,3,1,4,6,2,8},{8,5,7,9,0,0,0,0,0},{0,0,0,0,0,0,0,0,0},{0,0,0,0,0,0,0,0,0}}
]
14:29:40.360 [main] INFO  sudoku.model.SudokuBoard - Wartość 0 wstawiona nieprawidłowo
14:29:40.360 [main] INFO  sudoku.model.SudokuBoard - Bład w kwadracie 0
sudoku.model.SudokuBoard@474e34e4[
  size=9
  solver=sudoku.model.BacktrackingSudokuSolver@7e2c6702
  board={{5,7,9,8,4,1,2,6,3},{1,2,8,7,6,3,4,5,9},{3,4,6,5,9,2,7,8,1},{6,8,1,2,7,9,3,4,5},{4,3,2,6,8,5,9,1,7},{7,9,5,3,1,4,6,2,8},{8,5,7,9,2,6,1,3,4},{9,1,3,4,5,7,0,0,0},{0,0,0,0,0,0,0,0,0}}
]
14:29:40.364 [main] INFO  sudoku.model.SudokuBoard - Wartość 0 wstawiona nieprawidłowo
14:29:40.365 [main] INFO  sudoku.model.SudokuBoard - Bład w kwadracie 0
sudoku.model.SudokuBoard@474e34e4[
  size=9
  solver=sudoku.model.BacktrackingSudokuSolver@7e2c6702
  board={{5,7,9,8,4,1,2,6,3},{1,2,8,7,6,3,4,5,9},{3,4,6,5,9,2,7,8,1},{6,8,1,2,7,9,3,4,5},{4,3,2,6,8,5,9,1,7},{7,9,5,3,1,4,6,2,8},{8,5,7,9,2,6,1,3,4},{9,1,3,4,5,0,0,0,0},{0,0,0,0,0,0,0,0,0}}
]
14:29:40.365 [main] INFO  sudoku.model.SudokuBoard - Wartość 0 wstawiona nieprawidłowo
14:29:40.365 [main] INFO  sudoku.model.SudokuBoard - Bład w kwadracie 0
sudoku.model.SudokuBoard@474e34e4[
  size=9
  solver=sudoku.model.BacktrackingSudokuSolver@7e2c6702
  board={{5,7,9,8,4,1,2,6,3},{1,2,8,7,6,3,4,5,9},{3,4,6,5,9,2,7,8,1},{6,8,1,2,7,9,3,4,5},{4,3,2,6,8,5,9,1,7},{7,9,5,3,1,4,6,2,8},{8,5,7,9,2,6,1,3,4},{9,1,3,4,5,0,0,0,0},{0,0,0,0,0,0,0,0,0}}
]
14:29:40.365 [main] INFO  sudoku.model.SudokuBoard - Wartość 0 wstawiona nieprawidłowo
14:29:40.365 [main] INFO  sudoku.model.SudokuBoard - Bład w kwadracie 0
sudoku.model.SudokuBoard@474e34e4[
  size=9
  solver=sudoku.model.BacktrackingSudokuSolver@7e2c6702
  board={{5,7,9,8,4,1,2,6,3},{1,2,8,7,6,3,4,5,9},{3,4,6,5,9,2,7,8,1},{6,8,1,2,7,9,3,4,5},{4,3,2,6,8,5,9,1,7},{7,9,5,3,1,4,6,2,8},{8,5,7,9,2,6,1,3,4},{9,1,3,4,0,0,0,0,0},{0,0,0,0,0,0,0,0,0}}
]
14:29:40.365 [main] INFO  sudoku.model.SudokuBoard - Wartość 0 wstawiona nieprawidłowo
14:29:40.366 [main] INFO  sudoku.model.SudokuBoard - Bład w kwadracie 0
sudoku.model.SudokuBoard@474e34e4[
  size=9
  solver=sudoku.model.BacktrackingSudokuSolver@7e2c6702
  board={{5,7,9,8,4,1,2,6,3},{1,2,8,7,6,3,4,5,9},{3,4,6,5,9,2,7,8,1},{6,8,1,2,7,9,3,4,5},{4,3,2,6,8,5,9,1,7},{7,9,5,3,1,4,6,2,8},{8,5,7,9,2,6,1,3,4},{9,1,3,0,0,0,0,0,0},{0,0,0,0,0,0,0,0,0}}
]
14:29:40.366 [main] INFO  sudoku.model.SudokuBoard - Wartość 0 wstawiona nieprawidłowo
14:29:40.366 [main] INFO  sudoku.model.SudokuBoard - Bład w kwadracie 0
sudoku.model.SudokuBoard@474e34e4[
  size=9
  solver=sudoku.model.BacktrackingSudokuSolver@7e2c6702
  board={{5,7,9,8,4,1,2,6,3},{1,2,8,7,6,3,4,5,9},{3,4,6,5,9,2,7,8,1},{6,8,1,2,7,9,3,4,5},{4,3,2,6,8,5,9,1,7},{7,9,5,3,1,4,6,2,8},{8,5,7,9,2,6,1,3,4},{9,1,0,0,0,0,0,0,0},{0,0,0,0,0,0,0,0,0}}
]
14:29:40.366 [main] INFO  sudoku.model.SudokuBoard - Wartość 0 wstawiona nieprawidłowo
14:29:40.366 [main] INFO  sudoku.model.SudokuBoard - Bład w kwadracie 0
sudoku.model.SudokuBoard@474e34e4[
  size=9
  solver=sudoku.model.BacktrackingSudokuSolver@7e2c6702
  board={{5,7,9,8,4,1,2,6,3},{1,2,8,7,6,3,4,5,9},{3,4,6,5,9,2,7,8,1},{6,8,1,2,7,9,3,4,5},{4,3,2,6,8,5,9,1,7},{7,9,5,3,1,4,6,2,8},{8,5,7,9,2,6,1,3,4},{9,1,0,0,0,0,0,0,0},{0,0,0,0,0,0,0,0,0}}
]
14:29:40.366 [main] INFO  sudoku.model.SudokuBoard - Wartość 0 wstawiona nieprawidłowo
14:29:40.366 [main] INFO  sudoku.model.SudokuBoard - Bład w kwadracie 0
sudoku.model.SudokuBoard@474e34e4[
  size=9
  solver=sudoku.model.BacktrackingSudokuSolver@7e2c6702
  board={{5,7,9,8,4,1,2,6,3},{1,2,8,7,6,3,4,5,9},{3,4,6,5,9,2,7,8,1},{6,8,1,2,7,9,3,4,5},{4,3,2,6,8,5,9,1,7},{7,9,5,3,1,4,6,2,8},{8,5,7,9,2,6,1,3,4},{9,0,0,0,0,0,0,0,0},{0,0,0,0,0,0,0,0,0}}
]
14:29:40.366 [main] INFO  sudoku.model.SudokuBoard - Wartość 0 wstawiona nieprawidłowo
14:29:40.367 [main] INFO  sudoku.model.SudokuBoard - Bład w kwadracie 0
sudoku.model.SudokuBoard@474e34e4[
  size=9
  solver=sudoku.model.BacktrackingSudokuSolver@7e2c6702
  board={{5,7,9,8,4,1,2,6,3},{1,2,8,7,6,3,4,5,9},{3,4,6,5,9,2,7,8,1},{6,8,1,2,7,9,3,4,5},{4,3,2,6,8,5,9,1,7},{7,9,5,3,1,4,6,2,8},{8,5,7,9,2,6,1,3,4},{9,6,3,1,5,0,0,0,0},{0,0,0,0,0,0,0,0,0}}
]
14:29:40.367 [main] INFO  sudoku.model.SudokuBoard - Wartość 0 wstawiona nieprawidłowo
14:29:40.367 [main] INFO  sudoku.model.SudokuBoard - Bład w kwadracie 0
sudoku.model.SudokuBoard@474e34e4[
  size=9
  solver=sudoku.model.BacktrackingSudokuSolver@7e2c6702
  board={{5,7,9,8,4,1,2,6,3},{1,2,8,7,6,3,4,5,9},{3,4,6,5,9,2,7,8,1},{6,8,1,2,7,9,3,4,5},{4,3,2,6,8,5,9,1,7},{7,9,5,3,1,4,6,2,8},{8,5,7,9,2,6,1,3,4},{9,6,3,1,5,7,0,0,0},{0,0,0,0,0,0,0,0,0}}
]
14:29:40.367 [main] INFO  sudoku.model.SudokuBoard - Wartość 0 wstawiona nieprawidłowo
14:29:40.368 [main] INFO  sudoku.model.SudokuBoard - Bład w kwadracie 0
sudoku.model.SudokuBoard@474e34e4[
  size=9
  solver=sudoku.model.BacktrackingSudokuSolver@7e2c6702
  board={{5,7,9,8,4,1,2,6,3},{1,2,8,7,6,3,4,5,9},{3,4,6,5,9,2,7,8,1},{6,8,1,2,7,9,3,4,5},{4,3,2,6,8,5,9,1,7},{7,9,5,3,1,4,6,2,8},{8,5,7,9,2,6,1,3,4},{9,6,3,1,5,0,0,0,0},{0,0,0,0,0,0,0,0,0}}
]
14:29:40.368 [main] INFO  sudoku.model.SudokuBoard - Wartość 0 wstawiona nieprawidłowo
14:29:40.368 [main] INFO  sudoku.model.SudokuBoard - Bład w kwadracie 0
sudoku.model.SudokuBoard@474e34e4[
  size=9
  solver=sudoku.model.BacktrackingSudokuSolver@7e2c6702
  board={{5,7,9,8,4,1,2,6,3},{1,2,8,7,6,3,4,5,9},{3,4,6,5,9,2,7,8,1},{6,8,1,2,7,9,3,4,5},{4,3,2,6,8,5,9,1,7},{7,9,5,3,1,4,6,2,8},{8,5,7,9,2,6,1,3,4},{9,6,3,1,0,0,0,0,0},{0,0,0,0,0,0,0,0,0}}
]
14:29:40.368 [main] INFO  sudoku.model.SudokuBoard - Wartość 0 wstawiona nieprawidłowo
14:29:40.368 [main] INFO  sudoku.model.SudokuBoard - Bład w kwadracie 0
sudoku.model.SudokuBoard@474e34e4[
  size=9
  solver=sudoku.model.BacktrackingSudokuSolver@7e2c6702
  board={{5,7,9,8,4,1,2,6,3},{1,2,8,7,6,3,4,5,9},{3,4,6,5,9,2,7,8,1},{6,8,1,2,7,9,3,4,5},{4,3,2,6,8,5,9,1,7},{7,9,5,3,1,4,6,2,8},{8,5,7,9,2,6,1,3,4},{9,6,3,0,0,0,0,0,0},{0,0,0,0,0,0,0,0,0}}
]
14:29:40.368 [main] INFO  sudoku.model.SudokuBoard - Wartość 0 wstawiona nieprawidłowo
14:29:40.368 [main] INFO  sudoku.model.SudokuBoard - Bład w kwadracie 0
sudoku.model.SudokuBoard@474e34e4[
  size=9
  solver=sudoku.model.BacktrackingSudokuSolver@7e2c6702
  board={{5,7,9,8,4,1,2,6,3},{1,2,8,7,6,3,4,5,9},{3,4,6,5,9,2,7,8,1},{6,8,1,2,7,9,3,4,5},{4,3,2,6,8,5,9,1,7},{7,9,5,3,1,4,6,2,8},{8,5,7,9,2,6,1,3,4},{9,6,3,4,5,7,0,0,0},{0,0,0,0,0,0,0,0,0}}
]
14:29:40.369 [main] INFO  sudoku.model.SudokuBoard - Wartość 0 wstawiona nieprawidłowo
14:29:40.369 [main] INFO  sudoku.model.SudokuBoard - Bład w kwadracie 0
sudoku.model.SudokuBoard@474e34e4[
  size=9
  solver=sudoku.model.BacktrackingSudokuSolver@7e2c6702
  board={{5,7,9,8,4,1,2,6,3},{1,2,8,7,6,3,4,5,9},{3,4,6,5,9,2,7,8,1},{6,8,1,2,7,9,3,4,5},{4,3,2,6,8,5,9,1,7},{7,9,5,3,1,4,6,2,8},{8,5,7,9,2,6,1,3,4},{9,6,3,4,5,0,0,0,0},{0,0,0,0,0,0,0,0,0}}
]
14:29:40.369 [main] INFO  sudoku.model.SudokuBoard - Wartość 0 wstawiona nieprawidłowo
14:29:40.369 [main] INFO  sudoku.model.SudokuBoard - Bład w kwadracie 0
sudoku.model.SudokuBoard@474e34e4[
  size=9
  solver=sudoku.model.BacktrackingSudokuSolver@7e2c6702
  board={{5,7,9,8,4,1,2,6,3},{1,2,8,7,6,3,4,5,9},{3,4,6,5,9,2,7,8,1},{6,8,1,2,7,9,3,4,5},{4,3,2,6,8,5,9,1,7},{7,9,5,3,1,4,6,2,8},{8,5,7,9,2,6,1,3,4},{9,6,3,4,5,0,0,0,0},{0,0,0,0,0,0,0,0,0}}
]
14:29:40.369 [main] INFO  sudoku.model.SudokuBoard - Wartość 0 wstawiona nieprawidłowo
14:29:40.369 [main] INFO  sudoku.model.SudokuBoard - Bład w kwadracie 0
sudoku.model.SudokuBoard@474e34e4[
  size=9
  solver=sudoku.model.BacktrackingSudokuSolver@7e2c6702
  board={{5,7,9,8,4,1,2,6,3},{1,2,8,7,6,3,4,5,9},{3,4,6,5,9,2,7,8,1},{6,8,1,2,7,9,3,4,5},{4,3,2,6,8,5,9,1,7},{7,9,5,3,1,4,6,2,8},{8,5,7,9,2,6,1,3,4},{9,6,3,4,0,0,0,0,0},{0,0,0,0,0,0,0,0,0}}
]
14:29:40.369 [main] INFO  sudoku.model.SudokuBoard - Wartość 0 wstawiona nieprawidłowo
14:29:40.369 [main] INFO  sudoku.model.SudokuBoard - Bład w kwadracie 0
sudoku.model.SudokuBoard@474e34e4[
  size=9
  solver=sudoku.model.BacktrackingSudokuSolver@7e2c6702
  board={{5,7,9,8,4,1,2,6,3},{1,2,8,7,6,3,4,5,9},{3,4,6,5,9,2,7,8,1},{6,8,1,2,7,9,3,4,5},{4,3,2,6,8,5,9,1,7},{7,9,5,3,1,4,6,2,8},{8,5,7,9,2,6,1,3,4},{9,6,3,0,0,0,0,0,0},{0,0,0,0,0,0,0,0,0}}
]
14:29:40.370 [main] INFO  sudoku.model.SudokuBoard - Wartość 0 wstawiona nieprawidłowo
14:29:40.370 [main] INFO  sudoku.model.SudokuBoard - Bład w kwadracie 0
sudoku.model.SudokuBoard@474e34e4[
  size=9
  solver=sudoku.model.BacktrackingSudokuSolver@7e2c6702
  board={{5,7,9,8,4,1,2,6,3},{1,2,8,7,6,3,4,5,9},{3,4,6,5,9,2,7,8,1},{6,8,1,2,7,9,3,4,5},{4,3,2,6,8,5,9,1,7},{7,9,5,3,1,4,6,2,8},{8,5,7,9,2,6,1,3,4},{9,6,0,0,0,0,0,0,0},{0,0,0,0,0,0,0,0,0}}
]
14:29:40.370 [main] INFO  sudoku.model.SudokuBoard - Wartość 0 wstawiona nieprawidłowo
14:29:40.370 [main] INFO  sudoku.model.SudokuBoard - Bład w kwadracie 0
sudoku.model.SudokuBoard@474e34e4[
  size=9
  solver=sudoku.model.BacktrackingSudokuSolver@7e2c6702
  board={{5,7,9,8,4,1,2,6,3},{1,2,8,7,6,3,4,5,9},{3,4,6,5,9,2,7,8,1},{6,8,1,2,7,9,3,4,5},{4,3,2,6,8,5,9,1,7},{7,9,5,3,1,4,6,2,8},{8,5,7,9,2,6,1,3,4},{9,6,4,1,3,7,0,0,0},{0,0,0,0,0,0,0,0,0}}
]
14:29:40.370 [main] INFO  sudoku.model.SudokuBoard - Wartość 0 wstawiona nieprawidłowo
14:29:40.370 [main] INFO  sudoku.model.SudokuBoard - Bład w kwadracie 0
sudoku.model.SudokuBoard@474e34e4[
  size=9
  solver=sudoku.model.BacktrackingSudokuSolver@7e2c6702
  board={{5,7,9,8,4,1,2,6,3},{1,2,8,7,6,3,4,5,9},{3,4,6,5,9,2,7,8,1},{6,8,1,2,7,9,3,4,5},{4,3,2,6,8,5,9,1,7},{7,9,5,3,1,4,6,2,8},{8,5,7,9,2,6,1,3,4},{9,6,4,1,3,7,0,0,0},{0,0,0,0,0,0,0,0,0}}
]
14:29:40.370 [main] INFO  sudoku.model.SudokuBoard - Wartość 0 wstawiona nieprawidłowo
14:29:40.370 [main] INFO  sudoku.model.SudokuBoard - Bład w kwadracie 0
sudoku.model.SudokuBoard@474e34e4[
  size=9
  solver=sudoku.model.BacktrackingSudokuSolver@7e2c6702
  board={{5,7,9,8,4,1,2,6,3},{1,2,8,7,6,3,4,5,9},{3,4,6,5,9,2,7,8,1},{6,8,1,2,7,9,3,4,5},{4,3,2,6,8,5,9,1,7},{7,9,5,3,1,4,6,2,8},{8,5,7,9,2,6,1,3,4},{9,6,4,1,3,0,0,0,0},{0,0,0,0,0,0,0,0,0}}
]
14:29:40.370 [main] INFO  sudoku.model.SudokuBoard - Wartość 0 wstawiona nieprawidłowo
]]></system-out>
  </testcase>
  <testcase name="testEqualsNull" classname="sudoku.model.SeriesTest" time="0.041">
    <system-out><![CDATA[14:29:40.375 [main] INFO  sudoku.model.SudokuBoard - Bład w kwadracie 0
sudoku.model.SudokuBoard@362a561e[
  size=9
  solver=sudoku.model.BacktrackingSudokuSolver@2df3545d
  board={{6,4,7,9,3,8,1,5,2},{8,9,1,5,7,6,3,0,0},{0,0,0,0,0,0,0,0,0},{0,0,0,0,0,0,0,0,0},{0,0,0,0,0,0,0,0,0},{0,0,0,0,0,0,0,0,0},{0,0,0,0,0,0,0,0,0},{0,0,0,0,0,0,0,0,0},{0,0,0,0,0,0,0,0,0}}
]
14:29:40.375 [main] INFO  sudoku.model.SudokuBoard - Wartość 0 wstawiona nieprawidłowo
14:29:40.375 [main] INFO  sudoku.model.SudokuBoard - Bład w kwadracie 0
sudoku.model.SudokuBoard@362a561e[
  size=9
  solver=sudoku.model.BacktrackingSudokuSolver@2df3545d
  board={{6,4,7,9,3,8,1,5,2},{8,9,1,5,7,6,0,0,0},{0,0,0,0,0,0,0,0,0},{0,0,0,0,0,0,0,0,0},{0,0,0,0,0,0,0,0,0},{0,0,0,0,0,0,0,0,0},{0,0,0,0,0,0,0,0,0},{0,0,0,0,0,0,0,0,0},{0,0,0,0,0,0,0,0,0}}
]
14:29:40.375 [main] INFO  sudoku.model.SudokuBoard - Wartość 0 wstawiona nieprawidłowo
14:29:40.376 [main] INFO  sudoku.model.SudokuBoard - Bład w kwadracie 0
sudoku.model.SudokuBoard@362a561e[
  size=9
  solver=sudoku.model.BacktrackingSudokuSolver@2df3545d
  board={{6,4,7,9,3,8,1,5,2},{8,9,1,5,7,6,4,0,0},{0,0,0,0,0,0,0,0,0},{0,0,0,0,0,0,0,0,0},{0,0,0,0,0,0,0,0,0},{0,0,0,0,0,0,0,0,0},{0,0,0,0,0,0,0,0,0},{0,0,0,0,0,0,0,0,0},{0,0,0,0,0,0,0,0,0}}
]
14:29:40.376 [main] INFO  sudoku.model.SudokuBoard - Wartość 0 wstawiona nieprawidłowo
14:29:40.376 [main] INFO  sudoku.model.SudokuBoard - Bład w kwadracie 0
sudoku.model.SudokuBoard@362a561e[
  size=9
  solver=sudoku.model.BacktrackingSudokuSolver@2df3545d
  board={{6,4,7,9,3,8,1,5,2},{8,9,1,5,7,6,0,0,0},{0,0,0,0,0,0,0,0,0},{0,0,0,0,0,0,0,0,0},{0,0,0,0,0,0,0,0,0},{0,0,0,0,0,0,0,0,0},{0,0,0,0,0,0,0,0,0},{0,0,0,0,0,0,0,0,0},{0,0,0,0,0,0,0,0,0}}
]
14:29:40.376 [main] INFO  sudoku.model.SudokuBoard - Wartość 0 wstawiona nieprawidłowo
14:29:40.376 [main] INFO  sudoku.model.SudokuBoard - Bład w kwadracie 0
sudoku.model.SudokuBoard@362a561e[
  size=9
  solver=sudoku.model.BacktrackingSudokuSolver@2df3545d
  board={{6,4,7,9,3,8,1,5,2},{8,9,1,5,7,0,0,0,0},{0,0,0,0,0,0,0,0,0},{0,0,0,0,0,0,0,0,0},{0,0,0,0,0,0,0,0,0},{0,0,0,0,0,0,0,0,0},{0,0,0,0,0,0,0,0,0},{0,0,0,0,0,0,0,0,0},{0,0,0,0,0,0,0,0,0}}
]
14:29:40.376 [main] INFO  sudoku.model.SudokuBoard - Wartość 0 wstawiona nieprawidłowo
14:29:40.376 [main] INFO  sudoku.model.SudokuBoard - Bład w kwadracie 0
sudoku.model.SudokuBoard@362a561e[
  size=9
  solver=sudoku.model.BacktrackingSudokuSolver@2df3545d
  board={{6,4,7,9,3,8,1,5,2},{8,9,1,5,7,2,6,3,4},{2,5,3,1,4,6,7,9,8},{3,6,9,7,8,1,4,2,5},{1,7,2,6,5,4,0,0,0},{0,0,0,0,0,0,0,0,0},{0,0,0,0,0,0,0,0,0},{0,0,0,0,0,0,0,0,0},{0,0,0,0,0,0,0,0,0}}
]
14:29:40.376 [main] INFO  sudoku.model.SudokuBoard - Wartość 0 wstawiona nieprawidłowo
14:29:40.377 [main] INFO  sudoku.model.SudokuBoard - Bład w kwadracie 0
sudoku.model.SudokuBoard@362a561e[
  size=9
  solver=sudoku.model.BacktrackingSudokuSolver@2df3545d
  board={{6,4,7,9,3,8,1,5,2},{8,9,1,5,7,2,6,3,4},{2,5,3,1,4,6,7,9,8},{3,6,9,7,8,1,4,2,5},{1,7,2,6,5,4,9,8,3},{5,8,4,2,9,0,0,0,0},{0,0,0,0,0,0,0,0,0},{0,0,0,0,0,0,0,0,0},{0,0,0,0,0,0,0,0,0}}
]
14:29:40.377 [main] INFO  sudoku.model.SudokuBoard - Wartość 0 wstawiona nieprawidłowo
14:29:40.377 [main] INFO  sudoku.model.SudokuBoard - Bład w kwadracie 0
sudoku.model.SudokuBoard@362a561e[
  size=9
  solver=sudoku.model.BacktrackingSudokuSolver@2df3545d
  board={{6,4,7,9,3,8,1,5,2},{8,9,1,5,7,2,6,3,4},{2,5,3,1,4,6,7,9,8},{3,6,9,7,8,1,4,2,5},{1,7,2,6,5,4,9,8,3},{5,8,4,2,0,0,0,0,0},{0,0,0,0,0,0,0,0,0},{0,0,0,0,0,0,0,0,0},{0,0,0,0,0,0,0,0,0}}
]
14:29:40.377 [main] INFO  sudoku.model.SudokuBoard - Wartość 0 wstawiona nieprawidłowo
14:29:40.377 [main] INFO  sudoku.model.SudokuBoard - Bład w kwadracie 0
sudoku.model.SudokuBoard@362a561e[
  size=9
  solver=sudoku.model.BacktrackingSudokuSolver@2df3545d
  board={{6,4,7,9,3,8,1,5,2},{8,9,1,5,7,2,6,3,4},{2,5,3,1,4,6,7,9,8},{3,6,9,7,8,1,4,2,5},{1,7,2,6,5,4,9,8,3},{5,8,4,0,0,0,0,0,0},{0,0,0,0,0,0,0,0,0},{0,0,0,0,0,0,0,0,0},{0,0,0,0,0,0,0,0,0}}
]
14:29:40.377 [main] INFO  sudoku.model.SudokuBoard - Wartość 0 wstawiona nieprawidłowo
14:29:40.378 [main] INFO  sudoku.model.SudokuBoard - Bład w kwadracie 0
sudoku.model.SudokuBoard@362a561e[
  size=9
  solver=sudoku.model.BacktrackingSudokuSolver@2df3545d
  board={{6,4,7,9,3,8,1,5,2},{8,9,1,5,7,2,6,3,4},{2,5,3,1,4,6,7,9,8},{3,6,9,7,8,1,4,2,5},{1,7,2,6,5,4,9,8,3},{5,8,4,3,2,0,0,0,0},{0,0,0,0,0,0,0,0,0},{0,0,0,0,0,0,0,0,0},{0,0,0,0,0,0,0,0,0}}
]
14:29:40.378 [main] INFO  sudoku.model.SudokuBoard - Wartość 0 wstawiona nieprawidłowo
14:29:40.378 [main] INFO  sudoku.model.SudokuBoard - Bład w kwadracie 0
sudoku.model.SudokuBoard@362a561e[
  size=9
  solver=sudoku.model.BacktrackingSudokuSolver@2df3545d
  board={{6,4,7,9,3,8,1,5,2},{8,9,1,5,7,2,6,3,4},{2,5,3,1,4,6,7,9,8},{3,6,9,7,8,1,4,2,5},{1,7,2,6,5,4,9,8,3},{5,8,4,3,0,0,0,0,0},{0,0,0,0,0,0,0,0,0},{0,0,0,0,0,0,0,0,0},{0,0,0,0,0,0,0,0,0}}
]
14:29:40.378 [main] INFO  sudoku.model.SudokuBoard - Wartość 0 wstawiona nieprawidłowo
14:29:40.378 [main] INFO  sudoku.model.SudokuBoard - Bład w kwadracie 0
sudoku.model.SudokuBoard@362a561e[
  size=9
  solver=sudoku.model.BacktrackingSudokuSolver@2df3545d
  board={{6,4,7,9,3,8,1,5,2},{8,9,1,5,7,2,6,3,4},{2,5,3,1,4,6,7,9,8},{3,6,9,7,8,1,4,2,5},{1,7,2,6,5,4,9,8,3},{5,8,4,3,0,0,0,0,0},{0,0,0,0,0,0,0,0,0},{0,0,0,0,0,0,0,0,0},{0,0,0,0,0,0,0,0,0}}
]
14:29:40.378 [main] INFO  sudoku.model.SudokuBoard - Wartość 0 wstawiona nieprawidłowo
14:29:40.378 [main] INFO  sudoku.model.SudokuBoard - Bład w kwadracie 0
sudoku.model.SudokuBoard@362a561e[
  size=9
  solver=sudoku.model.BacktrackingSudokuSolver@2df3545d
  board={{6,4,7,9,3,8,1,5,2},{8,9,1,5,7,2,6,3,4},{2,5,3,1,4,6,7,9,8},{3,6,9,7,8,1,4,2,5},{1,7,2,6,5,4,9,8,3},{5,8,4,0,0,0,0,0,0},{0,0,0,0,0,0,0,0,0},{0,0,0,0,0,0,0,0,0},{0,0,0,0,0,0,0,0,0}}
]
14:29:40.378 [main] INFO  sudoku.model.SudokuBoard - Wartość 0 wstawiona nieprawidłowo
14:29:40.379 [main] INFO  sudoku.model.SudokuBoard - Bład w kwadracie 0
sudoku.model.SudokuBoard@362a561e[
  size=9
  solver=sudoku.model.BacktrackingSudokuSolver@2df3545d
  board={{6,4,7,9,3,8,1,5,2},{8,9,1,5,7,2,6,3,4},{2,5,3,1,4,6,7,9,8},{3,6,9,7,8,1,4,2,5},{1,7,2,6,5,4,9,8,3},{5,8,0,0,0,0,0,0,0},{0,0,0,0,0,0,0,0,0},{0,0,0,0,0,0,0,0,0},{0,0,0,0,0,0,0,0,0}}
]
14:29:40.379 [main] INFO  sudoku.model.SudokuBoard - Wartość 0 wstawiona nieprawidłowo
14:29:40.379 [main] INFO  sudoku.model.SudokuBoard - Bład w kwadracie 0
sudoku.model.SudokuBoard@362a561e[
  size=9
  solver=sudoku.model.BacktrackingSudokuSolver@2df3545d
  board={{6,4,7,9,3,8,1,5,2},{8,9,1,5,7,2,6,3,4},{2,5,3,1,4,6,7,9,8},{3,6,9,7,8,1,4,2,5},{1,7,2,6,5,4,9,8,3},{5,0,0,0,0,0,0,0,0},{0,0,0,0,0,0,0,0,0},{0,0,0,0,0,0,0,0,0},{0,0,0,0,0,0,0,0,0}}
]
14:29:40.379 [main] INFO  sudoku.model.SudokuBoard - Wartość 0 wstawiona nieprawidłowo
14:29:40.379 [main] INFO  sudoku.model.SudokuBoard - Bład w kwadracie 0
sudoku.model.SudokuBoard@362a561e[
  size=9
  solver=sudoku.model.BacktrackingSudokuSolver@2df3545d
  board={{6,4,7,9,3,8,1,5,2},{8,9,1,5,7,2,6,3,4},{2,5,3,1,4,6,7,9,8},{3,6,9,7,8,1,4,2,5},{1,7,2,6,5,4,9,8,3},{0,0,0,0,0,0,0,0,0},{0,0,0,0,0,0,0,0,0},{0,0,0,0,0,0,0,0,0},{0,0,0,0,0,0,0,0,0}}
]
14:29:40.379 [main] INFO  sudoku.model.SudokuBoard - Wartość 0 wstawiona nieprawidłowo
14:29:40.379 [main] INFO  sudoku.model.SudokuBoard - Bład w kwadracie 0
sudoku.model.SudokuBoard@362a561e[
  size=9
  solver=sudoku.model.BacktrackingSudokuSolver@2df3545d
  board={{6,4,7,9,3,8,1,5,2},{8,9,1,5,7,2,6,3,4},{2,5,3,1,4,6,7,9,8},{3,6,9,7,8,1,4,2,5},{1,7,2,6,5,4,9,8,3},{4,8,5,2,9,0,0,0,0},{0,0,0,0,0,0,0,0,0},{0,0,0,0,0,0,0,0,0},{0,0,0,0,0,0,0,0,0}}
]
14:29:40.379 [main] INFO  sudoku.model.SudokuBoard - Wartość 0 wstawiona nieprawidłowo
14:29:40.379 [main] INFO  sudoku.model.SudokuBoard - Bład w kwadracie 0
sudoku.model.SudokuBoard@362a561e[
  size=9
  solver=sudoku.model.BacktrackingSudokuSolver@2df3545d
  board={{6,4,7,9,3,8,1,5,2},{8,9,1,5,7,2,6,3,4},{2,5,3,1,4,6,7,9,8},{3,6,9,7,8,1,4,2,5},{1,7,2,6,5,4,9,8,3},{4,8,5,2,0,0,0,0,0},{0,0,0,0,0,0,0,0,0},{0,0,0,0,0,0,0,0,0},{0,0,0,0,0,0,0,0,0}}
]
14:29:40.379 [main] INFO  sudoku.model.SudokuBoard - Wartość 0 wstawiona nieprawidłowo
14:29:40.380 [main] INFO  sudoku.model.SudokuBoard - Bład w kwadracie 0
sudoku.model.SudokuBoard@362a561e[
  size=9
  solver=sudoku.model.BacktrackingSudokuSolver@2df3545d
  board={{6,4,7,9,3,8,1,5,2},{8,9,1,5,7,2,6,3,4},{2,5,3,1,4,6,7,9,8},{3,6,9,7,8,1,4,2,5},{1,7,2,6,5,4,9,8,3},{4,8,5,0,0,0,0,0,0},{0,0,0,0,0,0,0,0,0},{0,0,0,0,0,0,0,0,0},{0,0,0,0,0,0,0,0,0}}
]
14:29:40.380 [main] INFO  sudoku.model.SudokuBoard - Wartość 0 wstawiona nieprawidłowo
14:29:40.380 [main] INFO  sudoku.model.SudokuBoard - Bład w kwadracie 0
sudoku.model.SudokuBoard@362a561e[
  size=9
  solver=sudoku.model.BacktrackingSudokuSolver@2df3545d
  board={{6,4,7,9,3,8,1,5,2},{8,9,1,5,7,2,6,3,4},{2,5,3,1,4,6,7,9,8},{3,6,9,7,8,1,4,2,5},{1,7,2,6,5,4,9,8,3},{4,8,5,3,2,0,0,0,0},{0,0,0,0,0,0,0,0,0},{0,0,0,0,0,0,0,0,0},{0,0,0,0,0,0,0,0,0}}
]
14:29:40.380 [main] INFO  sudoku.model.SudokuBoard - Wartość 0 wstawiona nieprawidłowo
14:29:40.380 [main] INFO  sudoku.model.SudokuBoard - Bład w kwadracie 0
sudoku.model.SudokuBoard@362a561e[
  size=9
  solver=sudoku.model.BacktrackingSudokuSolver@2df3545d
  board={{6,4,7,9,3,8,1,5,2},{8,9,1,5,7,2,6,3,4},{2,5,3,1,4,6,7,9,8},{3,6,9,7,8,1,4,2,5},{1,7,2,6,5,4,9,8,3},{4,8,5,3,0,0,0,0,0},{0,0,0,0,0,0,0,0,0},{0,0,0,0,0,0,0,0,0},{0,0,0,0,0,0,0,0,0}}
]
14:29:40.380 [main] INFO  sudoku.model.SudokuBoard - Wartość 0 wstawiona nieprawidłowo
14:29:40.380 [main] INFO  sudoku.model.SudokuBoard - Bład w kwadracie 0
sudoku.model.SudokuBoard@362a561e[
  size=9
  solver=sudoku.model.BacktrackingSudokuSolver@2df3545d
  board={{6,4,7,9,3,8,1,5,2},{8,9,1,5,7,2,6,3,4},{2,5,3,1,4,6,7,9,8},{3,6,9,7,8,1,4,2,5},{1,7,2,6,5,4,9,8,3},{4,8,5,3,0,0,0,0,0},{0,0,0,0,0,0,0,0,0},{0,0,0,0,0,0,0,0,0},{0,0,0,0,0,0,0,0,0}}
]
14:29:40.380 [main] INFO  sudoku.model.SudokuBoard - Wartość 0 wstawiona nieprawidłowo
14:29:40.381 [main] INFO  sudoku.model.SudokuBoard - Bład w kwadracie 0
sudoku.model.SudokuBoard@362a561e[
  size=9
  solver=sudoku.model.BacktrackingSudokuSolver@2df3545d
  board={{6,4,7,9,3,8,1,5,2},{8,9,1,5,7,2,6,3,4},{2,5,3,1,4,6,7,9,8},{3,6,9,7,8,1,4,2,5},{1,7,2,6,5,4,9,8,3},{4,8,5,0,0,0,0,0,0},{0,0,0,0,0,0,0,0,0},{0,0,0,0,0,0,0,0,0},{0,0,0,0,0,0,0,0,0}}
]
14:29:40.381 [main] INFO  sudoku.model.SudokuBoard - Wartość 0 wstawiona nieprawidłowo
14:29:40.381 [main] INFO  sudoku.model.SudokuBoard - Bład w kwadracie 0
sudoku.model.SudokuBoard@362a561e[
  size=9
  solver=sudoku.model.BacktrackingSudokuSolver@2df3545d
  board={{6,4,7,9,3,8,1,5,2},{8,9,1,5,7,2,6,3,4},{2,5,3,1,4,6,7,9,8},{3,6,9,7,8,1,4,2,5},{1,7,2,6,5,4,9,8,3},{4,8,0,0,0,0,0,0,0},{0,0,0,0,0,0,0,0,0},{0,0,0,0,0,0,0,0,0},{0,0,0,0,0,0,0,0,0}}
]
14:29:40.381 [main] INFO  sudoku.model.SudokuBoard - Wartość 0 wstawiona nieprawidłowo
14:29:40.381 [main] INFO  sudoku.model.SudokuBoard - Bład w kwadracie 0
sudoku.model.SudokuBoard@362a561e[
  size=9
  solver=sudoku.model.BacktrackingSudokuSolver@2df3545d
  board={{6,4,7,9,3,8,1,5,2},{8,9,1,5,7,2,6,3,4},{2,5,3,1,4,6,7,9,8},{3,6,9,7,8,1,4,2,5},{1,7,2,6,5,4,9,8,3},{4,0,0,0,0,0,0,0,0},{0,0,0,0,0,0,0,0,0},{0,0,0,0,0,0,0,0,0},{0,0,0,0,0,0,0,0,0}}
]
14:29:40.381 [main] INFO  sudoku.model.SudokuBoard - Wartość 0 wstawiona nieprawidłowo
14:29:40.381 [main] INFO  sudoku.model.SudokuBoard - Bład w kwadracie 0
sudoku.model.SudokuBoard@362a561e[
  size=9
  solver=sudoku.model.BacktrackingSudokuSolver@2df3545d
  board={{6,4,7,9,3,8,1,5,2},{8,9,1,5,7,2,6,3,4},{2,5,3,1,4,6,7,9,8},{3,6,9,7,8,1,4,2,5},{1,7,2,6,5,4,9,8,3},{0,0,0,0,0,0,0,0,0},{0,0,0,0,0,0,0,0,0},{0,0,0,0,0,0,0,0,0},{0,0,0,0,0,0,0,0,0}}
]
14:29:40.381 [main] INFO  sudoku.model.SudokuBoard - Wartość 0 wstawiona nieprawidłowo
14:29:40.381 [main] INFO  sudoku.model.SudokuBoard - Bład w kwadracie 0
sudoku.model.SudokuBoard@362a561e[
  size=9
  solver=sudoku.model.BacktrackingSudokuSolver@2df3545d
  board={{6,4,7,9,3,8,1,5,2},{8,9,1,5,7,2,6,3,4},{2,5,3,1,4,6,7,9,8},{3,6,9,7,8,1,4,2,5},{1,7,2,6,5,4,9,8,0},{0,0,0,0,0,0,0,0,0},{0,0,0,0,0,0,0,0,0},{0,0,0,0,0,0,0,0,0},{0,0,0,0,0,0,0,0,0}}
]
14:29:40.382 [main] INFO  sudoku.model.SudokuBoard - Wartość 0 wstawiona nieprawidłowo
14:29:40.382 [main] INFO  sudoku.model.SudokuBoard - Bład w kwadracie 0
sudoku.model.SudokuBoard@362a561e[
  size=9
  solver=sudoku.model.BacktrackingSudokuSolver@2df3545d
  board={{6,4,7,9,3,8,1,5,2},{8,9,1,5,7,2,6,3,4},{2,5,3,1,4,6,7,9,8},{3,6,9,7,8,1,4,2,5},{1,7,2,6,5,4,9,0,0},{0,0,0,0,0,0,0,0,0},{0,0,0,0,0,0,0,0,0},{0,0,0,0,0,0,0,0,0},{0,0,0,0,0,0,0,0,0}}
]
14:29:40.382 [main] INFO  sudoku.model.SudokuBoard - Wartość 0 wstawiona nieprawidłowo
14:29:40.382 [main] INFO  sudoku.model.SudokuBoard - Bład w kwadracie 0
sudoku.model.SudokuBoard@362a561e[
  size=9
  solver=sudoku.model.BacktrackingSudokuSolver@2df3545d
  board={{6,4,7,9,3,8,1,5,2},{8,9,1,5,7,2,6,3,4},{2,5,3,1,4,6,7,9,8},{3,6,9,7,8,1,4,2,5},{1,7,2,6,5,4,0,0,0},{0,0,0,0,0,0,0,0,0},{0,0,0,0,0,0,0,0,0},{0,0,0,0,0,0,0,0,0},{0,0,0,0,0,0,0,0,0}}
]
14:29:40.385 [main] INFO  sudoku.model.SudokuBoard - Wartość 0 wstawiona nieprawidłowo
14:29:40.385 [main] INFO  sudoku.model.SudokuBoard - Bład w kwadracie 0
sudoku.model.SudokuBoard@362a561e[
  size=9
  solver=sudoku.model.BacktrackingSudokuSolver@2df3545d
  board={{6,4,7,9,3,8,1,5,2},{8,9,1,5,7,2,6,3,4},{2,5,3,1,4,6,7,9,8},{3,6,9,7,8,1,4,2,5},{1,7,2,6,5,4,3,8,9},{4,8,5,2,9,0,0,0,0},{0,0,0,0,0,0,0,0,0},{0,0,0,0,0,0,0,0,0},{0,0,0,0,0,0,0,0,0}}
]
14:29:40.385 [main] INFO  sudoku.model.SudokuBoard - Wartość 0 wstawiona nieprawidłowo
14:29:40.385 [main] INFO  sudoku.model.SudokuBoard - Bład w kwadracie 0
sudoku.model.SudokuBoard@362a561e[
  size=9
  solver=sudoku.model.BacktrackingSudokuSolver@2df3545d
  board={{6,4,7,9,3,8,1,5,2},{8,9,1,5,7,2,6,3,4},{2,5,3,1,4,6,7,9,8},{3,6,9,7,8,1,4,2,5},{1,7,2,6,5,4,3,8,9},{4,8,5,2,0,0,0,0,0},{0,0,0,0,0,0,0,0,0},{0,0,0,0,0,0,0,0,0},{0,0,0,0,0,0,0,0,0}}
]
14:29:40.385 [main] INFO  sudoku.model.SudokuBoard - Wartość 0 wstawiona nieprawidłowo
14:29:40.385 [main] INFO  sudoku.model.SudokuBoard - Bład w kwadracie 0
sudoku.model.SudokuBoard@362a561e[
  size=9
  solver=sudoku.model.BacktrackingSudokuSolver@2df3545d
  board={{6,4,7,9,3,8,1,5,2},{8,9,1,5,7,2,6,3,4},{2,5,3,1,4,6,7,9,8},{3,6,9,7,8,1,4,2,5},{1,7,2,6,5,4,3,8,9},{4,8,5,0,0,0,0,0,0},{0,0,0,0,0,0,0,0,0},{0,0,0,0,0,0,0,0,0},{0,0,0,0,0,0,0,0,0}}
]
14:29:40.385 [main] INFO  sudoku.model.SudokuBoard - Wartość 0 wstawiona nieprawidłowo
14:29:40.385 [main] INFO  sudoku.model.SudokuBoard - Bład w kwadracie 0
sudoku.model.SudokuBoard@362a561e[
  size=9
  solver=sudoku.model.BacktrackingSudokuSolver@2df3545d
  board={{6,4,7,9,3,8,1,5,2},{8,9,1,5,7,2,6,3,4},{2,5,3,1,4,6,7,9,8},{3,6,9,7,8,1,4,2,5},{1,7,2,6,5,4,3,8,9},{4,8,5,3,0,0,0,0,0},{0,0,0,0,0,0,0,0,0},{0,0,0,0,0,0,0,0,0},{0,0,0,0,0,0,0,0,0}}
]
14:29:40.385 [main] INFO  sudoku.model.SudokuBoard - Wartość 0 wstawiona nieprawidłowo
14:29:40.386 [main] INFO  sudoku.model.SudokuBoard - Bład w kwadracie 0
sudoku.model.SudokuBoard@362a561e[
  size=9
  solver=sudoku.model.BacktrackingSudokuSolver@2df3545d
  board={{6,4,7,9,3,8,1,5,2},{8,9,1,5,7,2,6,3,4},{2,5,3,1,4,6,7,9,8},{3,6,9,7,8,1,4,2,5},{1,7,2,6,5,4,3,8,9},{4,8,5,3,2,0,0,0,0},{0,0,0,0,0,0,0,0,0},{0,0,0,0,0,0,0,0,0},{0,0,0,0,0,0,0,0,0}}
]
14:29:40.386 [main] INFO  sudoku.model.SudokuBoard - Wartość 0 wstawiona nieprawidłowo
14:29:40.386 [main] INFO  sudoku.model.SudokuBoard - Bład w kwadracie 0
sudoku.model.SudokuBoard@362a561e[
  size=9
  solver=sudoku.model.BacktrackingSudokuSolver@2df3545d
  board={{6,4,7,9,3,8,1,5,2},{8,9,1,5,7,2,6,3,4},{2,5,3,1,4,6,7,9,8},{3,6,9,7,8,1,4,2,5},{1,7,2,6,5,4,3,8,9},{4,8,5,3,0,0,0,0,0},{0,0,0,0,0,0,0,0,0},{0,0,0,0,0,0,0,0,0},{0,0,0,0,0,0,0,0,0}}
]
14:29:40.386 [main] INFO  sudoku.model.SudokuBoard - Wartość 0 wstawiona nieprawidłowo
14:29:40.386 [main] INFO  sudoku.model.SudokuBoard - Bład w kwadracie 0
sudoku.model.SudokuBoard@362a561e[
  size=9
  solver=sudoku.model.BacktrackingSudokuSolver@2df3545d
  board={{6,4,7,9,3,8,1,5,2},{8,9,1,5,7,2,6,3,4},{2,5,3,1,4,6,7,9,8},{3,6,9,7,8,1,4,2,5},{1,7,2,6,5,4,3,8,9},{4,8,5,0,0,0,0,0,0},{0,0,0,0,0,0,0,0,0},{0,0,0,0,0,0,0,0,0},{0,0,0,0,0,0,0,0,0}}
]
14:29:40.386 [main] INFO  sudoku.model.SudokuBoard - Wartość 0 wstawiona nieprawidłowo
14:29:40.386 [main] INFO  sudoku.model.SudokuBoard - Bład w kwadracie 0
sudoku.model.SudokuBoard@362a561e[
  size=9
  solver=sudoku.model.BacktrackingSudokuSolver@2df3545d
  board={{6,4,7,9,3,8,1,5,2},{8,9,1,5,7,2,6,3,4},{2,5,3,1,4,6,7,9,8},{3,6,9,7,8,1,4,2,5},{1,7,2,6,5,4,3,8,9},{4,8,0,0,0,0,0,0,0},{0,0,0,0,0,0,0,0,0},{0,0,0,0,0,0,0,0,0},{0,0,0,0,0,0,0,0,0}}
]
14:29:40.386 [main] INFO  sudoku.model.SudokuBoard - Wartość 0 wstawiona nieprawidłowo
14:29:40.387 [main] INFO  sudoku.model.SudokuBoard - Bład w kwadracie 0
sudoku.model.SudokuBoard@362a561e[
  size=9
  solver=sudoku.model.BacktrackingSudokuSolver@2df3545d
  board={{6,4,7,9,3,8,1,5,2},{8,9,1,5,7,2,6,3,4},{2,5,3,1,4,6,7,9,8},{3,6,9,7,8,1,4,2,5},{1,7,2,6,5,4,3,8,9},{4,0,0,0,0,0,0,0,0},{0,0,0,0,0,0,0,0,0},{0,0,0,0,0,0,0,0,0},{0,0,0,0,0,0,0,0,0}}
]
14:29:40.387 [main] INFO  sudoku.model.SudokuBoard - Wartość 0 wstawiona nieprawidłowo
14:29:40.387 [main] INFO  sudoku.model.SudokuBoard - Bład w kwadracie 0
sudoku.model.SudokuBoard@362a561e[
  size=9
  solver=sudoku.model.BacktrackingSudokuSolver@2df3545d
  board={{6,4,7,9,3,8,1,5,2},{8,9,1,5,7,2,6,3,4},{2,5,3,1,4,6,7,9,8},{3,6,9,7,8,1,4,2,5},{1,7,2,6,5,4,3,8,9},{0,0,0,0,0,0,0,0,0},{0,0,0,0,0,0,0,0,0},{0,0,0,0,0,0,0,0,0},{0,0,0,0,0,0,0,0,0}}
]
14:29:40.387 [main] INFO  sudoku.model.SudokuBoard - Wartość 0 wstawiona nieprawidłowo
14:29:40.387 [main] INFO  sudoku.model.SudokuBoard - Bład w kwadracie 0
sudoku.model.SudokuBoard@362a561e[
  size=9
  solver=sudoku.model.BacktrackingSudokuSolver@2df3545d
  board={{6,4,7,9,3,8,1,5,2},{8,9,1,5,7,2,6,3,4},{2,5,3,1,4,6,7,9,8},{3,6,9,7,8,1,4,2,5},{1,7,2,6,5,4,3,8,9},{5,8,4,2,9,0,0,0,0},{0,0,0,0,0,0,0,0,0},{0,0,0,0,0,0,0,0,0},{0,0,0,0,0,0,0,0,0}}
]
14:29:40.387 [main] INFO  sudoku.model.SudokuBoard - Wartość 0 wstawiona nieprawidłowo
14:29:40.387 [main] INFO  sudoku.model.SudokuBoard - Bład w kwadracie 0
sudoku.model.SudokuBoard@362a561e[
  size=9
  solver=sudoku.model.BacktrackingSudokuSolver@2df3545d
  board={{6,4,7,9,3,8,1,5,2},{8,9,1,5,7,2,6,3,4},{2,5,3,1,4,6,7,9,8},{3,6,9,7,8,1,4,2,5},{1,7,2,6,5,4,3,8,9},{5,8,4,2,0,0,0,0,0},{0,0,0,0,0,0,0,0,0},{0,0,0,0,0,0,0,0,0},{0,0,0,0,0,0,0,0,0}}
]
14:29:40.387 [main] INFO  sudoku.model.SudokuBoard - Wartość 0 wstawiona nieprawidłowo
14:29:40.387 [main] INFO  sudoku.model.SudokuBoard - Bład w kwadracie 0
sudoku.model.SudokuBoard@362a561e[
  size=9
  solver=sudoku.model.BacktrackingSudokuSolver@2df3545d
  board={{6,4,7,9,3,8,1,5,2},{8,9,1,5,7,2,6,3,4},{2,5,3,1,4,6,7,9,8},{3,6,9,7,8,1,4,2,5},{1,7,2,6,5,4,3,8,9},{5,8,4,0,0,0,0,0,0},{0,0,0,0,0,0,0,0,0},{0,0,0,0,0,0,0,0,0},{0,0,0,0,0,0,0,0,0}}
]
14:29:40.387 [main] INFO  sudoku.model.SudokuBoard - Wartość 0 wstawiona nieprawidłowo
14:29:40.387 [main] INFO  sudoku.model.SudokuBoard - Bład w kwadracie 0
sudoku.model.SudokuBoard@362a561e[
  size=9
  solver=sudoku.model.BacktrackingSudokuSolver@2df3545d
  board={{6,4,7,9,3,8,1,5,2},{8,9,1,5,7,2,6,3,4},{2,5,3,1,4,6,7,9,8},{3,6,9,7,8,1,4,2,5},{1,7,2,6,5,4,3,8,9},{5,8,4,3,2,0,0,0,0},{0,0,0,0,0,0,0,0,0},{0,0,0,0,0,0,0,0,0},{0,0,0,0,0,0,0,0,0}}
]
14:29:40.387 [main] INFO  sudoku.model.SudokuBoard - Wartość 0 wstawiona nieprawidłowo
14:29:40.387 [main] INFO  sudoku.model.SudokuBoard - Bład w kwadracie 0
sudoku.model.SudokuBoard@362a561e[
  size=9
  solver=sudoku.model.BacktrackingSudokuSolver@2df3545d
  board={{6,4,7,9,3,8,1,5,2},{8,9,1,5,7,2,6,3,4},{2,5,3,1,4,6,7,9,8},{3,6,9,7,8,1,4,2,5},{1,7,2,6,5,4,3,8,9},{5,8,4,3,0,0,0,0,0},{0,0,0,0,0,0,0,0,0},{0,0,0,0,0,0,0,0,0},{0,0,0,0,0,0,0,0,0}}
]
14:29:40.387 [main] INFO  sudoku.model.SudokuBoard - Wartość 0 wstawiona nieprawidłowo
14:29:40.387 [main] INFO  sudoku.model.SudokuBoard - Bład w kwadracie 0
sudoku.model.SudokuBoard@362a561e[
  size=9
  solver=sudoku.model.BacktrackingSudokuSolver@2df3545d
  board={{6,4,7,9,3,8,1,5,2},{8,9,1,5,7,2,6,3,4},{2,5,3,1,4,6,7,9,8},{3,6,9,7,8,1,4,2,5},{1,7,2,6,5,4,3,8,9},{5,8,4,3,0,0,0,0,0},{0,0,0,0,0,0,0,0,0},{0,0,0,0,0,0,0,0,0},{0,0,0,0,0,0,0,0,0}}
]
14:29:40.387 [main] INFO  sudoku.model.SudokuBoard - Wartość 0 wstawiona nieprawidłowo
14:29:40.388 [main] INFO  sudoku.model.SudokuBoard - Bład w kwadracie 0
sudoku.model.SudokuBoard@362a561e[
  size=9
  solver=sudoku.model.BacktrackingSudokuSolver@2df3545d
  board={{6,4,7,9,3,8,1,5,2},{8,9,1,5,7,2,6,3,4},{2,5,3,1,4,6,7,9,8},{3,6,9,7,8,1,4,2,5},{1,7,2,6,5,4,3,8,9},{5,8,4,0,0,0,0,0,0},{0,0,0,0,0,0,0,0,0},{0,0,0,0,0,0,0,0,0},{0,0,0,0,0,0,0,0,0}}
]
14:29:40.389 [main] INFO  sudoku.model.SudokuBoard - Wartość 0 wstawiona nieprawidłowo
14:29:40.390 [main] INFO  sudoku.model.SudokuBoard - Bład w kwadracie 0
sudoku.model.SudokuBoard@362a561e[
  size=9
  solver=sudoku.model.BacktrackingSudokuSolver@2df3545d
  board={{6,4,7,9,3,8,1,5,2},{8,9,1,5,7,2,6,3,4},{2,5,3,1,4,6,7,9,8},{3,6,9,7,8,1,4,2,5},{1,7,2,6,5,4,3,8,9},{5,8,0,0,0,0,0,0,0},{0,0,0,0,0,0,0,0,0},{0,0,0,0,0,0,0,0,0},{0,0,0,0,0,0,0,0,0}}
]
14:29:40.390 [main] INFO  sudoku.model.SudokuBoard - Wartość 0 wstawiona nieprawidłowo
14:29:40.390 [main] INFO  sudoku.model.SudokuBoard - Bład w kwadracie 0
sudoku.model.SudokuBoard@362a561e[
  size=9
  solver=sudoku.model.BacktrackingSudokuSolver@2df3545d
  board={{6,4,7,9,3,8,1,5,2},{8,9,1,5,7,2,6,3,4},{2,5,3,1,4,6,7,9,8},{3,6,9,7,8,1,4,2,5},{1,7,2,6,5,4,3,8,9},{5,0,0,0,0,0,0,0,0},{0,0,0,0,0,0,0,0,0},{0,0,0,0,0,0,0,0,0},{0,0,0,0,0,0,0,0,0}}
]
14:29:40.390 [main] INFO  sudoku.model.SudokuBoard - Wartość 0 wstawiona nieprawidłowo
14:29:40.391 [main] INFO  sudoku.model.SudokuBoard - Bład w kwadracie 0
sudoku.model.SudokuBoard@362a561e[
  size=9
  solver=sudoku.model.BacktrackingSudokuSolver@2df3545d
  board={{6,4,7,9,3,8,1,5,2},{8,9,1,5,7,2,6,3,4},{2,5,3,1,4,6,7,9,8},{3,6,9,7,8,1,4,2,5},{1,7,2,6,5,4,3,8,9},{0,0,0,0,0,0,0,0,0},{0,0,0,0,0,0,0,0,0},{0,0,0,0,0,0,0,0,0},{0,0,0,0,0,0,0,0,0}}
]
14:29:40.391 [main] INFO  sudoku.model.SudokuBoard - Wartość 0 wstawiona nieprawidłowo
14:29:40.391 [main] INFO  sudoku.model.SudokuBoard - Bład w kwadracie 0
sudoku.model.SudokuBoard@362a561e[
  size=9
  solver=sudoku.model.BacktrackingSudokuSolver@2df3545d
  board={{6,4,7,9,3,8,1,5,2},{8,9,1,5,7,2,6,3,4},{2,5,3,1,4,6,7,9,8},{3,6,9,7,8,1,4,2,5},{1,7,2,6,5,4,3,8,0},{0,0,0,0,0,0,0,0,0},{0,0,0,0,0,0,0,0,0},{0,0,0,0,0,0,0,0,0},{0,0,0,0,0,0,0,0,0}}
]
14:29:40.391 [main] INFO  sudoku.model.SudokuBoard - Wartość 0 wstawiona nieprawidłowo
14:29:40.391 [main] INFO  sudoku.model.SudokuBoard - Bład w kwadracie 0
sudoku.model.SudokuBoard@362a561e[
  size=9
  solver=sudoku.model.BacktrackingSudokuSolver@2df3545d
  board={{6,4,7,9,3,8,1,5,2},{8,9,1,5,7,2,6,3,4},{2,5,3,1,4,6,7,9,8},{3,6,9,7,8,1,4,2,5},{1,7,2,6,5,4,3,0,0},{0,0,0,0,0,0,0,0,0},{0,0,0,0,0,0,0,0,0},{0,0,0,0,0,0,0,0,0},{0,0,0,0,0,0,0,0,0}}
]
14:29:40.391 [main] INFO  sudoku.model.SudokuBoard - Wartość 0 wstawiona nieprawidłowo
14:29:40.391 [main] INFO  sudoku.model.SudokuBoard - Bład w kwadracie 0
sudoku.model.SudokuBoard@362a561e[
  size=9
  solver=sudoku.model.BacktrackingSudokuSolver@2df3545d
  board={{6,4,7,9,3,8,1,5,2},{8,9,1,5,7,2,6,3,4},{2,5,3,1,4,6,7,9,8},{3,6,9,7,8,1,4,2,5},{1,7,2,6,5,4,0,0,0},{0,0,0,0,0,0,0,0,0},{0,0,0,0,0,0,0,0,0},{0,0,0,0,0,0,0,0,0},{0,0,0,0,0,0,0,0,0}}
]
14:29:40.392 [main] INFO  sudoku.model.SudokuBoard - Wartość 0 wstawiona nieprawidłowo
14:29:40.392 [main] INFO  sudoku.model.SudokuBoard - Bład w kwadracie 0
sudoku.model.SudokuBoard@362a561e[
  size=9
  solver=sudoku.model.BacktrackingSudokuSolver@2df3545d
  board={{6,4,7,9,3,8,1,5,2},{8,9,1,5,7,2,6,3,4},{2,5,3,1,4,6,7,9,8},{3,6,9,7,8,1,4,2,5},{1,7,2,6,5,0,0,0,0},{0,0,0,0,0,0,0,0,0},{0,0,0,0,0,0,0,0,0},{0,0,0,0,0,0,0,0,0},{0,0,0,0,0,0,0,0,0}}
]
14:29:40.392 [main] INFO  sudoku.model.SudokuBoard - Wartość 0 wstawiona nieprawidłowo
14:29:40.393 [main] INFO  sudoku.model.SudokuBoard - Bład w kwadracie 0
sudoku.model.SudokuBoard@362a561e[
  size=9
  solver=sudoku.model.BacktrackingSudokuSolver@2df3545d
  board={{6,4,7,9,3,8,1,5,2},{8,9,1,5,7,2,6,3,4},{2,5,3,1,4,6,7,9,8},{3,6,9,7,8,1,4,2,5},{1,7,2,6,5,9,0,0,0},{0,0,0,0,0,0,0,0,0},{0,0,0,0,0,0,0,0,0},{0,0,0,0,0,0,0,0,0},{0,0,0,0,0,0,0,0,0}}
]
14:29:40.393 [main] INFO  sudoku.model.SudokuBoard - Wartość 0 wstawiona nieprawidłowo
14:29:40.393 [main] INFO  sudoku.model.SudokuBoard - Bład w kwadracie 0
sudoku.model.SudokuBoard@362a561e[
  size=9
  solver=sudoku.model.BacktrackingSudokuSolver@2df3545d
  board={{6,4,7,9,3,8,1,5,2},{8,9,1,5,7,2,6,3,4},{2,5,3,1,4,6,7,9,8},{3,6,9,7,8,1,4,2,5},{1,7,2,6,5,9,3,0,0},{0,0,0,0,0,0,0,0,0},{0,0,0,0,0,0,0,0,0},{0,0,0,0,0,0,0,0,0},{0,0,0,0,0,0,0,0,0}}
]
14:29:40.393 [main] INFO  sudoku.model.SudokuBoard - Wartość 0 wstawiona nieprawidłowo
14:29:40.394 [main] INFO  sudoku.model.SudokuBoard - Bład w kwadracie 0
sudoku.model.SudokuBoard@362a561e[
  size=9
  solver=sudoku.model.BacktrackingSudokuSolver@2df3545d
  board={{6,4,7,9,3,8,1,5,2},{8,9,1,5,7,2,6,3,4},{2,5,3,1,4,6,7,9,8},{3,6,9,7,8,1,4,2,5},{1,7,2,6,5,9,0,0,0},{0,0,0,0,0,0,0,0,0},{0,0,0,0,0,0,0,0,0},{0,0,0,0,0,0,0,0,0},{0,0,0,0,0,0,0,0,0}}
]
14:29:40.394 [main] INFO  sudoku.model.SudokuBoard - Wartość 0 wstawiona nieprawidłowo
14:29:40.394 [main] INFO  sudoku.model.SudokuBoard - Bład w kwadracie 0
sudoku.model.SudokuBoard@362a561e[
  size=9
  solver=sudoku.model.BacktrackingSudokuSolver@2df3545d
  board={{6,4,7,9,3,8,1,5,2},{8,9,1,5,7,2,6,3,4},{2,5,3,1,4,6,7,9,8},{3,6,9,7,8,1,4,2,5},{1,7,2,6,5,0,0,0,0},{0,0,0,0,0,0,0,0,0},{0,0,0,0,0,0,0,0,0},{0,0,0,0,0,0,0,0,0},{0,0,0,0,0,0,0,0,0}}
]
14:29:40.395 [main] INFO  sudoku.model.SudokuBoard - Wartość 0 wstawiona nieprawidłowo
14:29:40.395 [main] INFO  sudoku.model.SudokuBoard - Bład w kwadracie 0
sudoku.model.SudokuBoard@362a561e[
  size=9
  solver=sudoku.model.BacktrackingSudokuSolver@2df3545d
  board={{6,4,7,9,3,8,1,5,2},{8,9,1,5,7,2,6,3,4},{2,5,3,1,4,6,7,9,8},{3,6,9,7,8,1,4,2,5},{1,7,2,6,5,3,0,0,0},{0,0,0,0,0,0,0,0,0},{0,0,0,0,0,0,0,0,0},{0,0,0,0,0,0,0,0,0},{0,0,0,0,0,0,0,0,0}}
]
14:29:40.395 [main] INFO  sudoku.model.SudokuBoard - Wartość 0 wstawiona nieprawidłowo
14:29:40.395 [main] INFO  sudoku.model.SudokuBoard - Bład w kwadracie 0
sudoku.model.SudokuBoard@362a561e[
  size=9
  solver=sudoku.model.BacktrackingSudokuSolver@2df3545d
  board={{6,4,7,9,3,8,1,5,2},{8,9,1,5,7,2,6,3,4},{2,5,3,1,4,6,7,9,8},{3,6,9,7,8,1,4,2,5},{1,7,2,6,5,3,9,0,0},{0,0,0,0,0,0,0,0,0},{0,0,0,0,0,0,0,0,0},{0,0,0,0,0,0,0,0,0},{0,0,0,0,0,0,0,0,0}}
]
14:29:40.396 [main] INFO  sudoku.model.SudokuBoard - Wartość 0 wstawiona nieprawidłowo
14:29:40.396 [main] INFO  sudoku.model.SudokuBoard - Bład w kwadracie 0
sudoku.model.SudokuBoard@362a561e[
  size=9
  solver=sudoku.model.BacktrackingSudokuSolver@2df3545d
  board={{6,4,7,9,3,8,1,5,2},{8,9,1,5,7,2,6,3,4},{2,5,3,1,4,6,7,9,8},{3,6,9,7,8,1,4,2,5},{1,7,2,6,5,3,0,0,0},{0,0,0,0,0,0,0,0,0},{0,0,0,0,0,0,0,0,0},{0,0,0,0,0,0,0,0,0},{0,0,0,0,0,0,0,0,0}}
]
14:29:40.396 [main] INFO  sudoku.model.SudokuBoard - Wartość 0 wstawiona nieprawidłowo
14:29:40.396 [main] INFO  sudoku.model.SudokuBoard - Bład w kwadracie 0
sudoku.model.SudokuBoard@362a561e[
  size=9
  solver=sudoku.model.BacktrackingSudokuSolver@2df3545d
  board={{6,4,7,9,3,8,1,5,2},{8,9,1,5,7,2,6,3,4},{2,5,3,1,4,6,7,9,8},{3,6,9,7,8,1,4,2,5},{1,7,2,6,5,0,0,0,0},{0,0,0,0,0,0,0,0,0},{0,0,0,0,0,0,0,0,0},{0,0,0,0,0,0,0,0,0},{0,0,0,0,0,0,0,0,0}}
]
14:29:40.396 [main] INFO  sudoku.model.SudokuBoard - Wartość 0 wstawiona nieprawidłowo
14:29:40.396 [main] INFO  sudoku.model.SudokuBoard - Bład w kwadracie 0
sudoku.model.SudokuBoard@362a561e[
  size=9
  solver=sudoku.model.BacktrackingSudokuSolver@2df3545d
  board={{6,4,7,9,3,8,1,5,2},{8,9,1,5,7,2,6,3,4},{2,5,3,1,4,6,7,9,8},{3,6,9,7,8,1,4,2,5},{1,7,2,6,0,0,0,0,0},{0,0,0,0,0,0,0,0,0},{0,0,0,0,0,0,0,0,0},{0,0,0,0,0,0,0,0,0},{0,0,0,0,0,0,0,0,0}}
]
14:29:40.396 [main] INFO  sudoku.model.SudokuBoard - Wartość 0 wstawiona nieprawidłowo
14:29:40.397 [main] INFO  sudoku.model.SudokuBoard - Bład w kwadracie 0
sudoku.model.SudokuBoard@362a561e[
  size=9
  solver=sudoku.model.BacktrackingSudokuSolver@2df3545d
  board={{6,4,7,9,3,8,1,5,2},{8,9,1,5,7,2,6,3,4},{2,5,3,1,4,6,7,9,8},{3,6,9,7,8,1,4,2,5},{1,7,2,6,9,4,0,0,0},{0,0,0,0,0,0,0,0,0},{0,0,0,0,0,0,0,0,0},{0,0,0,0,0,0,0,0,0},{0,0,0,0,0,0,0,0,0}}
]
14:29:40.397 [main] INFO  sudoku.model.SudokuBoard - Wartość 0 wstawiona nieprawidłowo
14:29:40.397 [main] INFO  sudoku.model.SudokuBoard - Bład w kwadracie 0
sudoku.model.SudokuBoard@362a561e[
  size=9
  solver=sudoku.model.BacktrackingSudokuSolver@2df3545d
  board={{6,4,7,9,3,8,1,5,2},{8,9,1,5,7,2,6,3,4},{2,5,3,1,4,6,7,9,8},{3,6,9,7,8,1,4,2,5},{1,7,2,6,9,4,3,0,0},{0,0,0,0,0,0,0,0,0},{0,0,0,0,0,0,0,0,0},{0,0,0,0,0,0,0,0,0},{0,0,0,0,0,0,0,0,0}}
]
14:29:40.397 [main] INFO  sudoku.model.SudokuBoard - Wartość 0 wstawiona nieprawidłowo
14:29:40.398 [main] INFO  sudoku.model.SudokuBoard - Bład w kwadracie 0
sudoku.model.SudokuBoard@362a561e[
  size=9
  solver=sudoku.model.BacktrackingSudokuSolver@2df3545d
  board={{6,4,7,9,3,8,1,5,2},{8,9,1,5,7,2,6,3,4},{2,5,3,1,4,6,7,9,8},{3,6,9,7,8,1,4,2,5},{1,7,2,6,9,4,0,0,0},{0,0,0,0,0,0,0,0,0},{0,0,0,0,0,0,0,0,0},{0,0,0,0,0,0,0,0,0},{0,0,0,0,0,0,0,0,0}}
]
14:29:40.398 [main] INFO  sudoku.model.SudokuBoard - Wartość 0 wstawiona nieprawidłowo
14:29:40.398 [main] INFO  sudoku.model.SudokuBoard - Bład w kwadracie 0
sudoku.model.SudokuBoard@362a561e[
  size=9
  solver=sudoku.model.BacktrackingSudokuSolver@2df3545d
  board={{6,4,7,9,3,8,1,5,2},{8,9,1,5,7,2,6,3,4},{2,5,3,1,4,6,7,9,8},{3,6,9,7,8,1,4,2,5},{1,7,2,6,9,0,0,0,0},{0,0,0,0,0,0,0,0,0},{0,0,0,0,0,0,0,0,0},{0,0,0,0,0,0,0,0,0},{0,0,0,0,0,0,0,0,0}}
]
14:29:40.398 [main] INFO  sudoku.model.SudokuBoard - Wartość 0 wstawiona nieprawidłowo
14:29:40.399 [main] INFO  sudoku.model.SudokuBoard - Bład w kwadracie 0
sudoku.model.SudokuBoard@362a561e[
  size=9
  solver=sudoku.model.BacktrackingSudokuSolver@2df3545d
  board={{6,4,7,9,3,8,1,5,2},{8,9,1,5,7,2,6,3,4},{2,5,3,1,4,6,7,9,8},{3,6,9,7,8,1,4,2,5},{1,7,2,6,9,5,3,0,0},{0,0,0,0,0,0,0,0,0},{0,0,0,0,0,0,0,0,0},{0,0,0,0,0,0,0,0,0},{0,0,0,0,0,0,0,0,0}}
]
14:29:40.399 [main] INFO  sudoku.model.SudokuBoard - Wartość 0 wstawiona nieprawidłowo
14:29:40.399 [main] INFO  sudoku.model.SudokuBoard - Bład w kwadracie 0
sudoku.model.SudokuBoard@362a561e[
  size=9
  solver=sudoku.model.BacktrackingSudokuSolver@2df3545d
  board={{6,4,7,9,3,8,1,5,2},{8,9,1,5,7,2,6,3,4},{2,5,3,1,4,6,7,9,8},{3,6,9,7,8,1,4,2,5},{1,7,2,6,9,5,0,0,0},{0,0,0,0,0,0,0,0,0},{0,0,0,0,0,0,0,0,0},{0,0,0,0,0,0,0,0,0},{0,0,0,0,0,0,0,0,0}}
]
14:29:40.399 [main] INFO  sudoku.model.SudokuBoard - Wartość 0 wstawiona nieprawidłowo
14:29:40.399 [main] INFO  sudoku.model.SudokuBoard - Bład w kwadracie 0
sudoku.model.SudokuBoard@362a561e[
  size=9
  solver=sudoku.model.BacktrackingSudokuSolver@2df3545d
  board={{6,4,7,9,3,8,1,5,2},{8,9,1,5,7,2,6,3,4},{2,5,3,1,4,6,7,9,8},{3,6,9,7,8,1,4,2,5},{1,7,2,6,9,5,0,0,0},{0,0,0,0,0,0,0,0,0},{0,0,0,0,0,0,0,0,0},{0,0,0,0,0,0,0,0,0},{0,0,0,0,0,0,0,0,0}}
]
14:29:40.399 [main] INFO  sudoku.model.SudokuBoard - Wartość 0 wstawiona nieprawidłowo
14:29:40.399 [main] INFO  sudoku.model.SudokuBoard - Bład w kwadracie 0
sudoku.model.SudokuBoard@362a561e[
  size=9
  solver=sudoku.model.BacktrackingSudokuSolver@2df3545d
  board={{6,4,7,9,3,8,1,5,2},{8,9,1,5,7,2,6,3,4},{2,5,3,1,4,6,7,9,8},{3,6,9,7,8,1,4,2,5},{1,7,2,6,9,0,0,0,0},{0,0,0,0,0,0,0,0,0},{0,0,0,0,0,0,0,0,0},{0,0,0,0,0,0,0,0,0},{0,0,0,0,0,0,0,0,0}}
]
14:29:40.400 [main] INFO  sudoku.model.SudokuBoard - Wartość 0 wstawiona nieprawidłowo
14:29:40.400 [main] INFO  sudoku.model.SudokuBoard - Bład w kwadracie 0
sudoku.model.SudokuBoard@362a561e[
  size=9
  solver=sudoku.model.BacktrackingSudokuSolver@2df3545d
  board={{6,4,7,9,3,8,1,5,2},{8,9,1,5,7,2,6,3,4},{2,5,3,1,4,6,7,9,8},{3,6,9,7,8,1,4,2,5},{1,7,2,6,9,3,0,0,0},{0,0,0,0,0,0,0,0,0},{0,0,0,0,0,0,0,0,0},{0,0,0,0,0,0,0,0,0},{0,0,0,0,0,0,0,0,0}}
]
14:29:40.400 [main] INFO  sudoku.model.SudokuBoard - Wartość 0 wstawiona nieprawidłowo
14:29:40.400 [main] INFO  sudoku.model.SudokuBoard - Bład w kwadracie 0
sudoku.model.SudokuBoard@362a561e[
  size=9
  solver=sudoku.model.BacktrackingSudokuSolver@2df3545d
  board={{6,4,7,9,3,8,1,5,2},{8,9,1,5,7,2,6,3,4},{2,5,3,1,4,6,7,9,8},{3,6,9,7,8,1,4,2,5},{1,7,2,6,9,0,0,0,0},{0,0,0,0,0,0,0,0,0},{0,0,0,0,0,0,0,0,0},{0,0,0,0,0,0,0,0,0},{0,0,0,0,0,0,0,0,0}}
]
14:29:40.400 [main] INFO  sudoku.model.SudokuBoard - Wartość 0 wstawiona nieprawidłowo
14:29:40.400 [main] INFO  sudoku.model.SudokuBoard - Bład w kwadracie 0
sudoku.model.SudokuBoard@362a561e[
  size=9
  solver=sudoku.model.BacktrackingSudokuSolver@2df3545d
  board={{6,4,7,9,3,8,1,5,2},{8,9,1,5,7,2,6,3,4},{2,5,3,1,4,6,7,9,8},{3,6,9,7,8,1,4,2,5},{1,7,2,6,0,0,0,0,0},{0,0,0,0,0,0,0,0,0},{0,0,0,0,0,0,0,0,0},{0,0,0,0,0,0,0,0,0},{0,0,0,0,0,0,0,0,0}}
]
14:29:40.400 [main] INFO  sudoku.model.SudokuBoard - Wartość 0 wstawiona nieprawidłowo
14:29:40.401 [main] INFO  sudoku.model.SudokuBoard - Bład w kwadracie 0
sudoku.model.SudokuBoard@362a561e[
  size=9
  solver=sudoku.model.BacktrackingSudokuSolver@2df3545d
  board={{6,4,7,9,3,8,1,5,2},{8,9,1,5,7,2,6,3,4},{2,5,3,1,4,6,7,9,8},{3,6,9,7,8,1,4,2,5},{1,7,2,0,0,0,0,0,0},{0,0,0,0,0,0,0,0,0},{0,0,0,0,0,0,0,0,0},{0,0,0,0,0,0,0,0,0},{0,0,0,0,0,0,0,0,0}}
]
14:29:40.401 [main] INFO  sudoku.model.SudokuBoard - Wartość 0 wstawiona nieprawidłowo
14:29:40.401 [main] INFO  sudoku.model.SudokuBoard - Bład w kwadracie 0
sudoku.model.SudokuBoard@362a561e[
  size=9
  solver=sudoku.model.BacktrackingSudokuSolver@2df3545d
  board={{6,4,7,9,3,8,1,5,2},{8,9,1,5,7,2,6,3,4},{2,5,3,1,4,6,7,9,8},{3,6,9,7,8,1,4,2,5},{1,7,2,3,9,4,8,0,0},{0,0,0,0,0,0,0,0,0},{0,0,0,0,0,0,0,0,0},{0,0,0,0,0,0,0,0,0},{0,0,0,0,0,0,0,0,0}}
]
14:29:40.401 [main] INFO  sudoku.model.SudokuBoard - Wartość 0 wstawiona nieprawidłowo
14:29:40.401 [main] INFO  sudoku.model.SudokuBoard - Bład w kwadracie 0
sudoku.model.SudokuBoard@362a561e[
  size=9
  solver=sudoku.model.BacktrackingSudokuSolver@2df3545d
  board={{6,4,7,9,3,8,1,5,2},{8,9,1,5,7,2,6,3,4},{2,5,3,1,4,6,7,9,8},{3,6,9,7,8,1,4,2,5},{1,7,2,3,9,4,0,0,0},{0,0,0,0,0,0,0,0,0},{0,0,0,0,0,0,0,0,0},{0,0,0,0,0,0,0,0,0},{0,0,0,0,0,0,0,0,0}}
]
14:29:40.401 [main] INFO  sudoku.model.SudokuBoard - Wartość 0 wstawiona nieprawidłowo
14:29:40.401 [main] INFO  sudoku.model.SudokuBoard - Bład w kwadracie 0
sudoku.model.SudokuBoard@362a561e[
  size=9
  solver=sudoku.model.BacktrackingSudokuSolver@2df3545d
  board={{6,4,7,9,3,8,1,5,2},{8,9,1,5,7,2,6,3,4},{2,5,3,1,4,6,7,9,8},{3,6,9,7,8,1,4,2,5},{1,7,2,3,9,0,0,0,0},{0,0,0,0,0,0,0,0,0},{0,0,0,0,0,0,0,0,0},{0,0,0,0,0,0,0,0,0},{0,0,0,0,0,0,0,0,0}}
]
14:29:40.401 [main] INFO  sudoku.model.SudokuBoard - Wartość 0 wstawiona nieprawidłowo
14:29:40.402 [main] INFO  sudoku.model.SudokuBoard - Bład w kwadracie 0
sudoku.model.SudokuBoard@362a561e[
  size=9
  solver=sudoku.model.BacktrackingSudokuSolver@2df3545d
  board={{6,4,7,9,3,8,1,5,2},{8,9,1,5,7,2,6,3,4},{2,5,3,1,4,6,7,9,8},{3,6,9,7,8,1,4,2,5},{1,7,2,3,9,5,8,0,0},{0,0,0,0,0,0,0,0,0},{0,0,0,0,0,0,0,0,0},{0,0,0,0,0,0,0,0,0},{0,0,0,0,0,0,0,0,0}}
]
14:29:40.402 [main] INFO  sudoku.model.SudokuBoard - Wartość 0 wstawiona nieprawidłowo
14:29:40.402 [main] INFO  sudoku.model.SudokuBoard - Bład w kwadracie 0
sudoku.model.SudokuBoard@362a561e[
  size=9
  solver=sudoku.model.BacktrackingSudokuSolver@2df3545d
  board={{6,4,7,9,3,8,1,5,2},{8,9,1,5,7,2,6,3,4},{2,5,3,1,4,6,7,9,8},{3,6,9,7,8,1,4,2,5},{1,7,2,3,9,5,0,0,0},{0,0,0,0,0,0,0,0,0},{0,0,0,0,0,0,0,0,0},{0,0,0,0,0,0,0,0,0},{0,0,0,0,0,0,0,0,0}}
]
14:29:40.402 [main] INFO  sudoku.model.SudokuBoard - Wartość 0 wstawiona nieprawidłowo
14:29:40.402 [main] INFO  sudoku.model.SudokuBoard - Bład w kwadracie 0
sudoku.model.SudokuBoard@362a561e[
  size=9
  solver=sudoku.model.BacktrackingSudokuSolver@2df3545d
  board={{6,4,7,9,3,8,1,5,2},{8,9,1,5,7,2,6,3,4},{2,5,3,1,4,6,7,9,8},{3,6,9,7,8,1,4,2,5},{1,7,2,3,9,0,0,0,0},{0,0,0,0,0,0,0,0,0},{0,0,0,0,0,0,0,0,0},{0,0,0,0,0,0,0,0,0},{0,0,0,0,0,0,0,0,0}}
]
14:29:40.402 [main] INFO  sudoku.model.SudokuBoard - Wartość 0 wstawiona nieprawidłowo
14:29:40.402 [main] INFO  sudoku.model.SudokuBoard - Bład w kwadracie 0
sudoku.model.SudokuBoard@362a561e[
  size=9
  solver=sudoku.model.BacktrackingSudokuSolver@2df3545d
  board={{6,4,7,9,3,8,1,5,2},{8,9,1,5,7,2,6,3,4},{2,5,3,1,4,6,7,9,8},{3,6,9,7,8,1,4,2,5},{1,7,2,3,0,0,0,0,0},{0,0,0,0,0,0,0,0,0},{0,0,0,0,0,0,0,0,0},{0,0,0,0,0,0,0,0,0},{0,0,0,0,0,0,0,0,0}}
]
14:29:40.402 [main] INFO  sudoku.model.SudokuBoard - Wartość 0 wstawiona nieprawidłowo
14:29:40.402 [main] INFO  sudoku.model.SudokuBoard - Bład w kwadracie 0
sudoku.model.SudokuBoard@362a561e[
  size=9
  solver=sudoku.model.BacktrackingSudokuSolver@2df3545d
  board={{6,4,7,9,3,8,1,5,2},{8,9,1,5,7,2,6,3,4},{2,5,3,1,4,6,7,9,8},{3,6,9,7,8,1,4,2,5},{1,7,2,3,5,9,8,0,0},{0,0,0,0,0,0,0,0,0},{0,0,0,0,0,0,0,0,0},{0,0,0,0,0,0,0,0,0},{0,0,0,0,0,0,0,0,0}}
]
14:29:40.402 [main] INFO  sudoku.model.SudokuBoard - Wartość 0 wstawiona nieprawidłowo
14:29:40.403 [main] INFO  sudoku.model.SudokuBoard - Bład w kwadracie 0
sudoku.model.SudokuBoard@362a561e[
  size=9
  solver=sudoku.model.BacktrackingSudokuSolver@2df3545d
  board={{6,4,7,9,3,8,1,5,2},{8,9,1,5,7,2,6,3,4},{2,5,3,1,4,6,7,9,8},{3,6,9,7,8,1,4,2,5},{1,7,2,3,5,9,0,0,0},{0,0,0,0,0,0,0,0,0},{0,0,0,0,0,0,0,0,0},{0,0,0,0,0,0,0,0,0},{0,0,0,0,0,0,0,0,0}}
]
14:29:40.403 [main] INFO  sudoku.model.SudokuBoard - Wartość 0 wstawiona nieprawidłowo
14:29:40.403 [main] INFO  sudoku.model.SudokuBoard - Bład w kwadracie 0
sudoku.model.SudokuBoard@362a561e[
  size=9
  solver=sudoku.model.BacktrackingSudokuSolver@2df3545d
  board={{6,4,7,9,3,8,1,5,2},{8,9,1,5,7,2,6,3,4},{2,5,3,1,4,6,7,9,8},{3,6,9,7,8,1,4,2,5},{1,7,2,3,5,0,0,0,0},{0,0,0,0,0,0,0,0,0},{0,0,0,0,0,0,0,0,0},{0,0,0,0,0,0,0,0,0},{0,0,0,0,0,0,0,0,0}}
]
14:29:40.403 [main] INFO  sudoku.model.SudokuBoard - Wartość 0 wstawiona nieprawidłowo
14:29:40.403 [main] INFO  sudoku.model.SudokuBoard - Bład w kwadracie 0
sudoku.model.SudokuBoard@362a561e[
  size=9
  solver=sudoku.model.BacktrackingSudokuSolver@2df3545d
  board={{6,4,7,9,3,8,1,5,2},{8,9,1,5,7,2,6,3,4},{2,5,3,1,4,6,7,9,8},{3,6,9,7,8,1,4,2,5},{1,7,2,3,5,4,9,0,0},{0,0,0,0,0,0,0,0,0},{0,0,0,0,0,0,0,0,0},{0,0,0,0,0,0,0,0,0},{0,0,0,0,0,0,0,0,0}}
]
14:29:40.403 [main] INFO  sudoku.model.SudokuBoard - Wartość 0 wstawiona nieprawidłowo
14:29:40.403 [main] INFO  sudoku.model.SudokuBoard - Bład w kwadracie 0
sudoku.model.SudokuBoard@362a561e[
  size=9
  solver=sudoku.model.BacktrackingSudokuSolver@2df3545d
  board={{6,4,7,9,3,8,1,5,2},{8,9,1,5,7,2,6,3,4},{2,5,3,1,4,6,7,9,8},{3,6,9,7,8,1,4,2,5},{1,7,2,3,5,4,9,8,6},{4,8,5,6,2,9,3,7,1},{7,1,4,8,9,3,2,0,0},{0,0,0,0,0,0,0,0,0},{0,0,0,0,0,0,0,0,0}}
]
14:29:40.403 [main] INFO  sudoku.model.SudokuBoard - Wartość 0 wstawiona nieprawidłowo
14:29:40.404 [main] INFO  sudoku.model.SudokuBoard - Bład w kwadracie 0
sudoku.model.SudokuBoard@362a561e[
  size=9
  solver=sudoku.model.BacktrackingSudokuSolver@2df3545d
  board={{6,4,7,9,3,8,1,5,2},{8,9,1,5,7,2,6,3,4},{2,5,3,1,4,6,7,9,8},{3,6,9,7,8,1,4,2,5},{1,7,2,3,5,4,9,8,6},{4,8,5,6,2,9,3,7,1},{7,1,4,8,9,3,0,0,0},{0,0,0,0,0,0,0,0,0},{0,0,0,0,0,0,0,0,0}}
]
14:29:40.404 [main] INFO  sudoku.model.SudokuBoard - Wartość 0 wstawiona nieprawidłowo
14:29:40.404 [main] INFO  sudoku.model.SudokuBoard - Bład w kwadracie 0
sudoku.model.SudokuBoard@362a561e[
  size=9
  solver=sudoku.model.BacktrackingSudokuSolver@2df3545d
  board={{6,4,7,9,3,8,1,5,2},{8,9,1,5,7,2,6,3,4},{2,5,3,1,4,6,7,9,8},{3,6,9,7,8,1,4,2,5},{1,7,2,3,5,4,9,8,6},{4,8,5,6,2,9,3,7,1},{7,1,4,8,9,3,5,0,0},{0,0,0,0,0,0,0,0,0},{0,0,0,0,0,0,0,0,0}}
]
14:29:40.404 [main] INFO  sudoku.model.SudokuBoard - Wartość 0 wstawiona nieprawidłowo
14:29:40.404 [main] INFO  sudoku.model.SudokuBoard - Bład w kwadracie 0
sudoku.model.SudokuBoard@362a561e[
  size=9
  solver=sudoku.model.BacktrackingSudokuSolver@2df3545d
  board={{6,4,7,9,3,8,1,5,2},{8,9,1,5,7,2,6,3,4},{2,5,3,1,4,6,7,9,8},{3,6,9,7,8,1,4,2,5},{1,7,2,3,5,4,9,8,6},{4,8,5,6,2,9,3,7,1},{7,1,4,8,9,3,0,0,0},{0,0,0,0,0,0,0,0,0},{0,0,0,0,0,0,0,0,0}}
]
14:29:40.404 [main] INFO  sudoku.model.SudokuBoard - Wartość 0 wstawiona nieprawidłowo
14:29:40.404 [main] INFO  sudoku.model.SudokuBoard - Bład w kwadracie 0
sudoku.model.SudokuBoard@362a561e[
  size=9
  solver=sudoku.model.BacktrackingSudokuSolver@2df3545d
  board={{6,4,7,9,3,8,1,5,2},{8,9,1,5,7,2,6,3,4},{2,5,3,1,4,6,7,9,8},{3,6,9,7,8,1,4,2,5},{1,7,2,3,5,4,9,8,6},{4,8,5,6,2,9,3,7,1},{7,1,4,8,9,0,0,0,0},{0,0,0,0,0,0,0,0,0},{0,0,0,0,0,0,0,0,0}}
]
14:29:40.407 [main] INFO  sudoku.model.SudokuBoard - Wartość 0 wstawiona nieprawidłowo
14:29:40.408 [main] INFO  sudoku.model.SudokuBoard - Bład w kwadracie 0
sudoku.model.SudokuBoard@362a561e[
  size=9
  solver=sudoku.model.BacktrackingSudokuSolver@2df3545d
  board={{6,4,7,9,3,8,1,5,2},{8,9,1,5,7,2,6,3,4},{2,5,3,1,4,6,7,9,8},{3,6,9,7,8,1,4,2,5},{1,7,2,3,5,4,9,8,6},{4,8,5,6,2,9,3,7,1},{7,1,4,8,9,5,2,6,3},{5,2,6,4,1,3,0,0,0},{0,0,0,0,0,0,0,0,0}}
]
14:29:40.408 [main] INFO  sudoku.model.SudokuBoard - Wartość 0 wstawiona nieprawidłowo
14:29:40.408 [main] INFO  sudoku.model.SudokuBoard - Bład w kwadracie 0
sudoku.model.SudokuBoard@362a561e[
  size=9
  solver=sudoku.model.BacktrackingSudokuSolver@2df3545d
  board={{6,4,7,9,3,8,1,5,2},{8,9,1,5,7,2,6,3,4},{2,5,3,1,4,6,7,9,8},{3,6,9,7,8,1,4,2,5},{1,7,2,3,5,4,9,8,6},{4,8,5,6,2,9,3,7,1},{7,1,4,8,9,5,2,6,3},{5,2,6,4,1,0,0,0,0},{0,0,0,0,0,0,0,0,0}}
]
14:29:40.408 [main] INFO  sudoku.model.SudokuBoard - Wartość 0 wstawiona nieprawidłowo
14:29:40.409 [main] INFO  sudoku.model.SudokuBoard - Bład w kwadracie 0
sudoku.model.SudokuBoard@362a561e[
  size=9
  solver=sudoku.model.BacktrackingSudokuSolver@2df3545d
  board={{6,4,7,9,3,8,1,5,2},{8,9,1,5,7,2,6,3,4},{2,5,3,1,4,6,7,9,8},{3,6,9,7,8,1,4,2,5},{1,7,2,3,5,4,9,8,6},{4,8,5,6,2,9,3,7,1},{7,1,4,8,9,5,2,6,3},{5,2,6,4,1,7,0,0,0},{0,0,0,0,0,0,0,0,0}}
]
14:29:40.409 [main] INFO  sudoku.model.SudokuBoard - Wartość 0 wstawiona nieprawidłowo
14:29:40.409 [main] INFO  sudoku.model.SudokuBoard - Bład w kwadracie 0
sudoku.model.SudokuBoard@362a561e[
  size=9
  solver=sudoku.model.BacktrackingSudokuSolver@2df3545d
  board={{6,4,7,9,3,8,1,5,2},{8,9,1,5,7,2,6,3,4},{2,5,3,1,4,6,7,9,8},{3,6,9,7,8,1,4,2,5},{1,7,2,3,5,4,9,8,6},{4,8,5,6,2,9,3,7,1},{7,1,4,8,9,5,2,6,3},{5,2,6,4,1,0,0,0,0},{0,0,0,0,0,0,0,0,0}}
]
14:29:40.409 [main] INFO  sudoku.model.SudokuBoard - Wartość 0 wstawiona nieprawidłowo
14:29:40.409 [main] INFO  sudoku.model.SudokuBoard - Bład w kwadracie 0
sudoku.model.SudokuBoard@362a561e[
  size=9
  solver=sudoku.model.BacktrackingSudokuSolver@2df3545d
  board={{6,4,7,9,3,8,1,5,2},{8,9,1,5,7,2,6,3,4},{2,5,3,1,4,6,7,9,8},{3,6,9,7,8,1,4,2,5},{1,7,2,3,5,4,9,8,6},{4,8,5,6,2,9,3,7,1},{7,1,4,8,9,5,2,6,3},{5,2,6,4,0,0,0,0,0},{0,0,0,0,0,0,0,0,0}}
]
14:29:40.409 [main] INFO  sudoku.model.SudokuBoard - Wartość 0 wstawiona nieprawidłowo
14:29:40.410 [main] INFO  sudoku.model.SudokuBoard - Bład w kwadracie 0
sudoku.model.SudokuBoard@362a561e[
  size=9
  solver=sudoku.model.BacktrackingSudokuSolver@2df3545d
  board={{6,4,7,9,3,8,1,5,2},{8,9,1,5,7,2,6,3,4},{2,5,3,1,4,6,7,9,8},{3,6,9,7,8,1,4,2,5},{1,7,2,3,5,4,9,8,6},{4,8,5,6,2,9,3,7,1},{7,1,4,8,9,5,2,6,3},{5,2,6,0,0,0,0,0,0},{0,0,0,0,0,0,0,0,0}}
]
14:29:40.410 [main] INFO  sudoku.model.SudokuBoard - Wartość 0 wstawiona nieprawidłowo
14:29:40.410 [main] INFO  sudoku.model.SudokuBoard - Bład w kwadracie 0
sudoku.model.SudokuBoard@362a561e[
  size=9
  solver=sudoku.model.BacktrackingSudokuSolver@2df3545d
  board={{6,4,7,9,3,8,1,5,2},{8,9,1,5,7,2,6,3,4},{2,5,3,1,4,6,7,9,8},{3,6,9,7,8,1,4,2,5},{1,7,2,3,5,4,9,8,6},{4,8,5,6,2,9,3,7,1},{7,1,4,8,9,5,2,6,3},{5,2,0,0,0,0,0,0,0},{0,0,0,0,0,0,0,0,0}}
]
14:29:40.411 [main] INFO  sudoku.model.SudokuBoard - Wartość 0 wstawiona nieprawidłowo
14:29:40.412 [main] INFO  sudoku.model.SudokuBoard - Bład w kwadracie 0
sudoku.model.SudokuBoard@362a561e[
  size=9
  solver=sudoku.model.BacktrackingSudokuSolver@2df3545d
  board={{6,4,7,9,3,8,1,5,2},{8,9,1,5,7,2,6,3,4},{2,5,3,1,4,6,7,9,8},{3,6,9,7,8,1,4,2,5},{1,7,2,3,5,4,9,8,6},{4,8,5,6,2,9,3,7,1},{7,1,4,8,9,5,2,6,3},{5,2,8,4,6,0,0,0,0},{0,0,0,0,0,0,0,0,0}}
]
14:29:40.412 [main] INFO  sudoku.model.SudokuBoard - Wartość 0 wstawiona nieprawidłowo
14:29:40.412 [main] INFO  sudoku.model.SudokuBoard - Bład w kwadracie 0
sudoku.model.SudokuBoard@362a561e[
  size=9
  solver=sudoku.model.BacktrackingSudokuSolver@2df3545d
  board={{6,4,7,9,3,8,1,5,2},{8,9,1,5,7,2,6,3,4},{2,5,3,1,4,6,7,9,8},{3,6,9,7,8,1,4,2,5},{1,7,2,3,5,4,9,8,6},{4,8,5,6,2,9,3,7,1},{7,1,4,8,9,5,2,6,3},{5,2,8,4,6,0,0,0,0},{0,0,0,0,0,0,0,0,0}}
]
14:29:40.412 [main] INFO  sudoku.model.SudokuBoard - Wartość 0 wstawiona nieprawidłowo
14:29:40.413 [main] INFO  sudoku.model.SudokuBoard - Bład w kwadracie 0
sudoku.model.SudokuBoard@362a561e[
  size=9
  solver=sudoku.model.BacktrackingSudokuSolver@2df3545d
  board={{6,4,7,9,3,8,1,5,2},{8,9,1,5,7,2,6,3,4},{2,5,3,1,4,6,7,9,8},{3,6,9,7,8,1,4,2,5},{1,7,2,3,5,4,9,8,6},{4,8,5,6,2,9,3,7,1},{7,1,4,8,9,5,2,6,3},{5,2,8,4,0,0,0,0,0},{0,0,0,0,0,0,0,0,0}}
]
14:29:40.413 [main] INFO  sudoku.model.SudokuBoard - Wartość 0 wstawiona nieprawidłowo
14:29:40.413 [main] INFO  sudoku.model.SudokuBoard - Bład w kwadracie 0
sudoku.model.SudokuBoard@362a561e[
  size=9
  solver=sudoku.model.BacktrackingSudokuSolver@2df3545d
  board={{6,4,7,9,3,8,1,5,2},{8,9,1,5,7,2,6,3,4},{2,5,3,1,4,6,7,9,8},{3,6,9,7,8,1,4,2,5},{1,7,2,3,5,4,9,8,6},{4,8,5,6,2,9,3,7,1},{7,1,4,8,9,5,2,6,3},{5,2,8,4,1,0,0,0,0},{0,0,0,0,0,0,0,0,0}}
]
14:29:40.413 [main] INFO  sudoku.model.SudokuBoard - Wartość 0 wstawiona nieprawidłowo
14:29:40.413 [main] INFO  sudoku.model.SudokuBoard - Bład w kwadracie 0
sudoku.model.SudokuBoard@362a561e[
  size=9
  solver=sudoku.model.BacktrackingSudokuSolver@2df3545d
  board={{6,4,7,9,3,8,1,5,2},{8,9,1,5,7,2,6,3,4},{2,5,3,1,4,6,7,9,8},{3,6,9,7,8,1,4,2,5},{1,7,2,3,5,4,9,8,6},{4,8,5,6,2,9,3,7,1},{7,1,4,8,9,5,2,6,3},{5,2,8,4,1,0,0,0,0},{0,0,0,0,0,0,0,0,0}}
]
14:29:40.414 [main] INFO  sudoku.model.SudokuBoard - Wartość 0 wstawiona nieprawidłowo
14:29:40.414 [main] INFO  sudoku.model.SudokuBoard - Bład w kwadracie 0
sudoku.model.SudokuBoard@362a561e[
  size=9
  solver=sudoku.model.BacktrackingSudokuSolver@2df3545d
  board={{6,4,7,9,3,8,1,5,2},{8,9,1,5,7,2,6,3,4},{2,5,3,1,4,6,7,9,8},{3,6,9,7,8,1,4,2,5},{1,7,2,3,5,4,9,8,6},{4,8,5,6,2,9,3,7,1},{7,1,4,8,9,5,2,6,3},{5,2,8,4,0,0,0,0,0},{0,0,0,0,0,0,0,0,0}}
]
14:29:40.414 [main] INFO  sudoku.model.SudokuBoard - Wartość 0 wstawiona nieprawidłowo
14:29:40.414 [main] INFO  sudoku.model.SudokuBoard - Bład w kwadracie 0
sudoku.model.SudokuBoard@362a561e[
  size=9
  solver=sudoku.model.BacktrackingSudokuSolver@2df3545d
  board={{6,4,7,9,3,8,1,5,2},{8,9,1,5,7,2,6,3,4},{2,5,3,1,4,6,7,9,8},{3,6,9,7,8,1,4,2,5},{1,7,2,3,5,4,9,8,6},{4,8,5,6,2,9,3,7,1},{7,1,4,8,9,5,2,6,3},{5,2,8,0,0,0,0,0,0},{0,0,0,0,0,0,0,0,0}}
]
14:29:40.414 [main] INFO  sudoku.model.SudokuBoard - Wartość 0 wstawiona nieprawidłowo
14:29:40.414 [main] INFO  sudoku.model.SudokuBoard - Bład w kwadracie 0
sudoku.model.SudokuBoard@362a561e[
  size=9
  solver=sudoku.model.BacktrackingSudokuSolver@2df3545d
  board={{6,4,7,9,3,8,1,5,2},{8,9,1,5,7,2,6,3,4},{2,5,3,1,4,6,7,9,8},{3,6,9,7,8,1,4,2,5},{1,7,2,3,5,4,9,8,6},{4,8,5,6,2,9,3,7,1},{7,1,4,8,9,5,2,6,3},{5,2,0,0,0,0,0,0,0},{0,0,0,0,0,0,0,0,0}}
]
14:29:40.414 [main] INFO  sudoku.model.SudokuBoard - Wartość 0 wstawiona nieprawidłowo
14:29:40.414 [main] INFO  sudoku.model.SudokuBoard - Bład w kwadracie 0
sudoku.model.SudokuBoard@362a561e[
  size=9
  solver=sudoku.model.BacktrackingSudokuSolver@2df3545d
  board={{6,4,7,9,3,8,1,5,2},{8,9,1,5,7,2,6,3,4},{2,5,3,1,4,6,7,9,8},{3,6,9,7,8,1,4,2,5},{1,7,2,3,5,4,9,8,6},{4,8,5,6,2,9,3,7,1},{7,1,4,8,9,5,2,6,3},{5,0,0,0,0,0,0,0,0},{0,0,0,0,0,0,0,0,0}}
]
14:29:40.415 [main] INFO  sudoku.model.SudokuBoard - Wartość 0 wstawiona nieprawidłowo
]]></system-out>
  </testcase>
  <testcase name="testEqualsSame" classname="sudoku.model.SeriesTest" time="0.018">
    <system-out><![CDATA[14:29:40.417 [main] INFO  sudoku.model.SudokuBoard - Bład w kwadracie 0
sudoku.model.SudokuBoard@52c46334[
  size=9
  solver=sudoku.model.BacktrackingSudokuSolver@12fccff0
  board={{1,8,2,7,6,3,9,4,5},{3,4,5,2,9,8,6,7,1},{6,9,7,4,1,5,8,2,3},{4,6,8,3,5,7,1,9,2},{7,3,9,6,8,4,0,0,0},{0,0,0,0,0,0,0,0,0},{0,0,0,0,0,0,0,0,0},{0,0,0,0,0,0,0,0,0},{0,0,0,0,0,0,0,0,0}}
]
14:29:40.417 [main] INFO  sudoku.model.SudokuBoard - Wartość 0 wstawiona nieprawidłowo
14:29:40.417 [main] INFO  sudoku.model.SudokuBoard - Bład w kwadracie 0
sudoku.model.SudokuBoard@52c46334[
  size=9
  solver=sudoku.model.BacktrackingSudokuSolver@12fccff0
  board={{1,8,2,7,6,3,9,4,5},{3,4,5,2,9,8,6,7,1},{6,9,7,4,1,5,8,2,3},{4,6,8,3,5,7,1,9,2},{7,3,9,6,8,0,0,0,0},{0,0,0,0,0,0,0,0,0},{0,0,0,0,0,0,0,0,0},{0,0,0,0,0,0,0,0,0},{0,0,0,0,0,0,0,0,0}}
]
14:29:40.420 [main] INFO  sudoku.model.SudokuBoard - Wartość 0 wstawiona nieprawidłowo
14:29:40.420 [main] INFO  sudoku.model.SudokuBoard - Bład w kwadracie 0
sudoku.model.SudokuBoard@52c46334[
  size=9
  solver=sudoku.model.BacktrackingSudokuSolver@12fccff0
  board={{1,8,2,7,6,3,9,4,5},{3,4,5,2,9,8,6,7,1},{6,9,7,4,1,5,8,2,3},{4,6,8,3,5,7,1,9,2},{7,3,9,6,8,1,4,0,0},{0,0,0,0,0,0,0,0,0},{0,0,0,0,0,0,0,0,0},{0,0,0,0,0,0,0,0,0},{0,0,0,0,0,0,0,0,0}}
]
14:29:40.420 [main] INFO  sudoku.model.SudokuBoard - Wartość 0 wstawiona nieprawidłowo
14:29:40.421 [main] INFO  sudoku.model.SudokuBoard - Bład w kwadracie 0
sudoku.model.SudokuBoard@52c46334[
  size=9
  solver=sudoku.model.BacktrackingSudokuSolver@12fccff0
  board={{1,8,2,7,6,3,9,4,5},{3,4,5,2,9,8,6,7,1},{6,9,7,4,1,5,8,2,3},{4,6,8,3,5,7,1,9,2},{7,3,9,6,8,1,0,0,0},{0,0,0,0,0,0,0,0,0},{0,0,0,0,0,0,0,0,0},{0,0,0,0,0,0,0,0,0},{0,0,0,0,0,0,0,0,0}}
]
14:29:40.421 [main] INFO  sudoku.model.SudokuBoard - Wartość 0 wstawiona nieprawidłowo
14:29:40.421 [main] INFO  sudoku.model.SudokuBoard - Bład w kwadracie 0
sudoku.model.SudokuBoard@52c46334[
  size=9
  solver=sudoku.model.BacktrackingSudokuSolver@12fccff0
  board={{1,8,2,7,6,3,9,4,5},{3,4,5,2,9,8,6,7,1},{6,9,7,4,1,5,8,2,3},{4,6,8,3,5,7,1,9,2},{7,3,9,6,8,1,0,0,0},{0,0,0,0,0,0,0,0,0},{0,0,0,0,0,0,0,0,0},{0,0,0,0,0,0,0,0,0},{0,0,0,0,0,0,0,0,0}}
]
14:29:40.421 [main] INFO  sudoku.model.SudokuBoard - Wartość 0 wstawiona nieprawidłowo
14:29:40.425 [main] INFO  sudoku.model.SudokuBoard - Bład w kwadracie 0
sudoku.model.SudokuBoard@52c46334[
  size=9
  solver=sudoku.model.BacktrackingSudokuSolver@12fccff0
  board={{1,8,2,7,6,3,9,4,5},{3,4,5,2,9,8,6,7,1},{6,9,7,4,1,5,8,2,3},{4,6,8,3,5,7,1,9,2},{7,3,9,6,8,0,0,0,0},{0,0,0,0,0,0,0,0,0},{0,0,0,0,0,0,0,0,0},{0,0,0,0,0,0,0,0,0},{0,0,0,0,0,0,0,0,0}}
]
14:29:40.425 [main] INFO  sudoku.model.SudokuBoard - Wartość 0 wstawiona nieprawidłowo
14:29:40.425 [main] INFO  sudoku.model.SudokuBoard - Bład w kwadracie 0
sudoku.model.SudokuBoard@52c46334[
  size=9
  solver=sudoku.model.BacktrackingSudokuSolver@12fccff0
  board={{1,8,2,7,6,3,9,4,5},{3,4,5,2,9,8,6,7,1},{6,9,7,4,1,5,8,2,3},{4,6,8,3,5,7,1,9,2},{7,3,9,6,8,2,4,0,0},{0,0,0,0,0,0,0,0,0},{0,0,0,0,0,0,0,0,0},{0,0,0,0,0,0,0,0,0},{0,0,0,0,0,0,0,0,0}}
]
14:29:40.425 [main] INFO  sudoku.model.SudokuBoard - Wartość 0 wstawiona nieprawidłowo
14:29:40.425 [main] INFO  sudoku.model.SudokuBoard - Bład w kwadracie 0
sudoku.model.SudokuBoard@52c46334[
  size=9
  solver=sudoku.model.BacktrackingSudokuSolver@12fccff0
  board={{1,8,2,7,6,3,9,4,5},{3,4,5,2,9,8,6,7,1},{6,9,7,4,1,5,8,2,3},{4,6,8,3,5,7,1,9,2},{7,3,9,6,8,2,0,0,0},{0,0,0,0,0,0,0,0,0},{0,0,0,0,0,0,0,0,0},{0,0,0,0,0,0,0,0,0},{0,0,0,0,0,0,0,0,0}}
]
14:29:40.425 [main] INFO  sudoku.model.SudokuBoard - Wartość 0 wstawiona nieprawidłowo
14:29:40.425 [main] INFO  sudoku.model.SudokuBoard - Bład w kwadracie 0
sudoku.model.SudokuBoard@52c46334[
  size=9
  solver=sudoku.model.BacktrackingSudokuSolver@12fccff0
  board={{1,8,2,7,6,3,9,4,5},{3,4,5,2,9,8,6,7,1},{6,9,7,4,1,5,8,2,3},{4,6,8,3,5,7,1,9,2},{7,3,9,6,8,2,0,0,0},{0,0,0,0,0,0,0,0,0},{0,0,0,0,0,0,0,0,0},{0,0,0,0,0,0,0,0,0},{0,0,0,0,0,0,0,0,0}}
]
14:29:40.425 [main] INFO  sudoku.model.SudokuBoard - Wartość 0 wstawiona nieprawidłowo
14:29:40.426 [main] INFO  sudoku.model.SudokuBoard - Bład w kwadracie 0
sudoku.model.SudokuBoard@52c46334[
  size=9
  solver=sudoku.model.BacktrackingSudokuSolver@12fccff0
  board={{1,8,2,7,6,3,9,4,5},{3,4,5,2,9,8,6,7,1},{6,9,7,4,1,5,8,2,3},{4,6,8,3,5,7,1,9,2},{7,3,9,6,8,0,0,0,0},{0,0,0,0,0,0,0,0,0},{0,0,0,0,0,0,0,0,0},{0,0,0,0,0,0,0,0,0},{0,0,0,0,0,0,0,0,0}}
]
14:29:40.426 [main] INFO  sudoku.model.SudokuBoard - Wartość 0 wstawiona nieprawidłowo
14:29:40.426 [main] INFO  sudoku.model.SudokuBoard - Bład w kwadracie 0
sudoku.model.SudokuBoard@52c46334[
  size=9
  solver=sudoku.model.BacktrackingSudokuSolver@12fccff0
  board={{1,8,2,7,6,3,9,4,5},{3,4,5,2,9,8,6,7,1},{6,9,7,4,1,5,8,2,3},{4,6,8,3,5,7,1,9,2},{7,3,9,6,0,0,0,0,0},{0,0,0,0,0,0,0,0,0},{0,0,0,0,0,0,0,0,0},{0,0,0,0,0,0,0,0,0},{0,0,0,0,0,0,0,0,0}}
]
14:29:40.426 [main] INFO  sudoku.model.SudokuBoard - Wartość 0 wstawiona nieprawidłowo
14:29:40.426 [main] INFO  sudoku.model.SudokuBoard - Bład w kwadracie 0
sudoku.model.SudokuBoard@52c46334[
  size=9
  solver=sudoku.model.BacktrackingSudokuSolver@12fccff0
  board={{1,8,2,7,6,3,9,4,5},{3,4,5,2,9,8,6,7,1},{6,9,7,4,1,5,8,2,3},{4,6,8,3,5,7,1,9,2},{7,3,9,6,2,1,5,8,4},{5,0,0,0,0,0,0,0,0},{0,0,0,0,0,0,0,0,0},{0,0,0,0,0,0,0,0,0},{0,0,0,0,0,0,0,0,0}}
]
14:29:40.426 [main] INFO  sudoku.model.SudokuBoard - Wartość 0 wstawiona nieprawidłowo
14:29:40.426 [main] INFO  sudoku.model.SudokuBoard - Bład w kwadracie 0
sudoku.model.SudokuBoard@52c46334[
  size=9
  solver=sudoku.model.BacktrackingSudokuSolver@12fccff0
  board={{1,8,2,7,6,3,9,4,5},{3,4,5,2,9,8,6,7,1},{6,9,7,4,1,5,8,2,3},{4,6,8,3,5,7,1,9,2},{7,3,9,6,2,1,5,8,4},{5,2,1,8,4,9,3,6,7},{2,1,3,5,7,0,0,0,0},{0,0,0,0,0,0,0,0,0},{0,0,0,0,0,0,0,0,0}}
]
14:29:40.426 [main] INFO  sudoku.model.SudokuBoard - Wartość 0 wstawiona nieprawidłowo
14:29:40.426 [main] INFO  sudoku.model.SudokuBoard - Bład w kwadracie 0
sudoku.model.SudokuBoard@52c46334[
  size=9
  solver=sudoku.model.BacktrackingSudokuSolver@12fccff0
  board={{1,8,2,7,6,3,9,4,5},{3,4,5,2,9,8,6,7,1},{6,9,7,4,1,5,8,2,3},{4,6,8,3,5,7,1,9,2},{7,3,9,6,2,1,5,8,4},{5,2,1,8,4,9,3,6,7},{2,1,3,5,7,6,0,0,0},{0,0,0,0,0,0,0,0,0},{0,0,0,0,0,0,0,0,0}}
]
14:29:40.426 [main] INFO  sudoku.model.SudokuBoard - Wartość 0 wstawiona nieprawidłowo
14:29:40.426 [main] INFO  sudoku.model.SudokuBoard - Bład w kwadracie 0
sudoku.model.SudokuBoard@52c46334[
  size=9
  solver=sudoku.model.BacktrackingSudokuSolver@12fccff0
  board={{1,8,2,7,6,3,9,4,5},{3,4,5,2,9,8,6,7,1},{6,9,7,4,1,5,8,2,3},{4,6,8,3,5,7,1,9,2},{7,3,9,6,2,1,5,8,4},{5,2,1,8,4,9,3,6,7},{2,1,3,5,7,0,0,0,0},{0,0,0,0,0,0,0,0,0},{0,0,0,0,0,0,0,0,0}}
]
14:29:40.426 [main] INFO  sudoku.model.SudokuBoard - Wartość 0 wstawiona nieprawidłowo
14:29:40.426 [main] INFO  sudoku.model.SudokuBoard - Bład w kwadracie 0
sudoku.model.SudokuBoard@52c46334[
  size=9
  solver=sudoku.model.BacktrackingSudokuSolver@12fccff0
  board={{1,8,2,7,6,3,9,4,5},{3,4,5,2,9,8,6,7,1},{6,9,7,4,1,5,8,2,3},{4,6,8,3,5,7,1,9,2},{7,3,9,6,2,1,5,8,4},{5,2,1,8,4,9,3,6,7},{2,1,3,5,0,0,0,0,0},{0,0,0,0,0,0,0,0,0},{0,0,0,0,0,0,0,0,0}}
]
14:29:40.426 [main] INFO  sudoku.model.SudokuBoard - Wartość 0 wstawiona nieprawidłowo
14:29:40.427 [main] INFO  sudoku.model.SudokuBoard - Bład w kwadracie 0
sudoku.model.SudokuBoard@52c46334[
  size=9
  solver=sudoku.model.BacktrackingSudokuSolver@12fccff0
  board={{1,8,2,7,6,3,9,4,5},{3,4,5,2,9,8,6,7,1},{6,9,7,4,1,5,8,2,3},{4,6,8,3,5,7,1,9,2},{7,3,9,6,2,1,5,8,4},{5,2,1,8,4,9,3,6,7},{2,1,3,5,8,6,0,0,0},{0,0,0,0,0,0,0,0,0},{0,0,0,0,0,0,0,0,0}}
]
14:29:40.427 [main] INFO  sudoku.model.SudokuBoard - Wartość 0 wstawiona nieprawidłowo
14:29:40.427 [main] INFO  sudoku.model.SudokuBoard - Bład w kwadracie 0
sudoku.model.SudokuBoard@52c46334[
  size=9
  solver=sudoku.model.BacktrackingSudokuSolver@12fccff0
  board={{1,8,2,7,6,3,9,4,5},{3,4,5,2,9,8,6,7,1},{6,9,7,4,1,5,8,2,3},{4,6,8,3,5,7,1,9,2},{7,3,9,6,2,1,5,8,4},{5,2,1,8,4,9,3,6,7},{2,1,3,5,8,6,0,0,0},{0,0,0,0,0,0,0,0,0},{0,0,0,0,0,0,0,0,0}}
]
14:29:40.427 [main] INFO  sudoku.model.SudokuBoard - Wartość 0 wstawiona nieprawidłowo
14:29:40.427 [main] INFO  sudoku.model.SudokuBoard - Bład w kwadracie 0
sudoku.model.SudokuBoard@52c46334[
  size=9
  solver=sudoku.model.BacktrackingSudokuSolver@12fccff0
  board={{1,8,2,7,6,3,9,4,5},{3,4,5,2,9,8,6,7,1},{6,9,7,4,1,5,8,2,3},{4,6,8,3,5,7,1,9,2},{7,3,9,6,2,1,5,8,4},{5,2,1,8,4,9,3,6,7},{2,1,3,5,8,0,0,0,0},{0,0,0,0,0,0,0,0,0},{0,0,0,0,0,0,0,0,0}}
]
14:29:40.427 [main] INFO  sudoku.model.SudokuBoard - Wartość 0 wstawiona nieprawidłowo
14:29:40.427 [main] INFO  sudoku.model.SudokuBoard - Bład w kwadracie 0
sudoku.model.SudokuBoard@52c46334[
  size=9
  solver=sudoku.model.BacktrackingSudokuSolver@12fccff0
  board={{1,8,2,7,6,3,9,4,5},{3,4,5,2,9,8,6,7,1},{6,9,7,4,1,5,8,2,3},{4,6,8,3,5,7,1,9,2},{7,3,9,6,2,1,5,8,4},{5,2,1,8,4,9,3,6,7},{2,1,3,5,8,4,0,0,0},{0,0,0,0,0,0,0,0,0},{0,0,0,0,0,0,0,0,0}}
]
14:29:40.427 [main] INFO  sudoku.model.SudokuBoard - Wartość 0 wstawiona nieprawidłowo
14:29:40.427 [main] INFO  sudoku.model.SudokuBoard - Bład w kwadracie 0
sudoku.model.SudokuBoard@52c46334[
  size=9
  solver=sudoku.model.BacktrackingSudokuSolver@12fccff0
  board={{1,8,2,7,6,3,9,4,5},{3,4,5,2,9,8,6,7,1},{6,9,7,4,1,5,8,2,3},{4,6,8,3,5,7,1,9,2},{7,3,9,6,2,1,5,8,4},{5,2,1,8,4,9,3,6,7},{2,1,3,5,8,0,0,0,0},{0,0,0,0,0,0,0,0,0},{0,0,0,0,0,0,0,0,0}}
]
14:29:40.427 [main] INFO  sudoku.model.SudokuBoard - Wartość 0 wstawiona nieprawidłowo
14:29:40.428 [main] INFO  sudoku.model.SudokuBoard - Bład w kwadracie 0
sudoku.model.SudokuBoard@52c46334[
  size=9
  solver=sudoku.model.BacktrackingSudokuSolver@12fccff0
  board={{1,8,2,7,6,3,9,4,5},{3,4,5,2,9,8,6,7,1},{6,9,7,4,1,5,8,2,3},{4,6,8,3,5,7,1,9,2},{7,3,9,6,2,1,5,8,4},{5,2,1,8,4,9,3,6,7},{2,1,3,5,0,0,0,0,0},{0,0,0,0,0,0,0,0,0},{0,0,0,0,0,0,0,0,0}}
]
14:29:40.428 [main] INFO  sudoku.model.SudokuBoard - Wartość 0 wstawiona nieprawidłowo
14:29:40.428 [main] INFO  sudoku.model.SudokuBoard - Bład w kwadracie 0
sudoku.model.SudokuBoard@52c46334[
  size=9
  solver=sudoku.model.BacktrackingSudokuSolver@12fccff0
  board={{1,8,2,7,6,3,9,4,5},{3,4,5,2,9,8,6,7,1},{6,9,7,4,1,5,8,2,3},{4,6,8,3,5,7,1,9,2},{7,3,9,6,2,1,5,8,4},{5,2,1,8,4,9,3,6,7},{2,1,3,0,0,0,0,0,0},{0,0,0,0,0,0,0,0,0},{0,0,0,0,0,0,0,0,0}}
]
14:29:40.428 [main] INFO  sudoku.model.SudokuBoard - Wartość 0 wstawiona nieprawidłowo
14:29:40.428 [main] INFO  sudoku.model.SudokuBoard - Bład w kwadracie 0
sudoku.model.SudokuBoard@52c46334[
  size=9
  solver=sudoku.model.BacktrackingSudokuSolver@12fccff0
  board={{1,8,2,7,6,3,9,4,5},{3,4,5,2,9,8,6,7,1},{6,9,7,4,1,5,8,2,3},{4,6,8,3,5,7,1,9,2},{7,3,9,6,2,1,5,8,4},{5,2,1,8,4,9,3,6,7},{2,1,3,9,7,6,4,5,8},{8,5,4,1,3,2,0,0,0},{0,0,0,0,0,0,0,0,0}}
]
14:29:40.428 [main] INFO  sudoku.model.SudokuBoard - Wartość 0 wstawiona nieprawidłowo
14:29:40.428 [main] INFO  sudoku.model.SudokuBoard - Bład w kwadracie 0
sudoku.model.SudokuBoard@52c46334[
  size=9
  solver=sudoku.model.BacktrackingSudokuSolver@12fccff0
  board={{1,8,2,7,6,3,9,4,5},{3,4,5,2,9,8,6,7,1},{6,9,7,4,1,5,8,2,3},{4,6,8,3,5,7,1,9,2},{7,3,9,6,2,1,5,8,4},{5,2,1,8,4,9,3,6,7},{2,1,3,9,7,6,4,5,8},{8,5,4,1,3,0,0,0,0},{0,0,0,0,0,0,0,0,0}}
]
14:29:40.428 [main] INFO  sudoku.model.SudokuBoard - Wartość 0 wstawiona nieprawidłowo
14:29:40.428 [main] INFO  sudoku.model.SudokuBoard - Bład w kwadracie 0
sudoku.model.SudokuBoard@52c46334[
  size=9
  solver=sudoku.model.BacktrackingSudokuSolver@12fccff0
  board={{1,8,2,7,6,3,9,4,5},{3,4,5,2,9,8,6,7,1},{6,9,7,4,1,5,8,2,3},{4,6,8,3,5,7,1,9,2},{7,3,9,6,2,1,5,8,4},{5,2,1,8,4,9,3,6,7},{2,1,3,9,7,6,4,5,8},{8,5,4,1,0,0,0,0,0},{0,0,0,0,0,0,0,0,0}}
]
14:29:40.428 [main] INFO  sudoku.model.SudokuBoard - Wartość 0 wstawiona nieprawidłowo
14:29:40.428 [main] INFO  sudoku.model.SudokuBoard - Bład w kwadracie 0
sudoku.model.SudokuBoard@52c46334[
  size=9
  solver=sudoku.model.BacktrackingSudokuSolver@12fccff0
  board={{1,8,2,7,6,3,9,4,5},{3,4,5,2,9,8,6,7,1},{6,9,7,4,1,5,8,2,3},{4,6,8,3,5,7,1,9,2},{7,3,9,6,2,1,5,8,4},{5,2,1,8,4,9,3,6,7},{2,1,3,9,7,6,4,5,8},{8,5,4,0,0,0,0,0,0},{0,0,0,0,0,0,0,0,0}}
]
14:29:40.428 [main] INFO  sudoku.model.SudokuBoard - Wartość 0 wstawiona nieprawidłowo
14:29:40.429 [main] INFO  sudoku.model.SudokuBoard - Bład w kwadracie 0
sudoku.model.SudokuBoard@52c46334[
  size=9
  solver=sudoku.model.BacktrackingSudokuSolver@12fccff0
  board={{1,8,2,7,6,3,9,4,5},{3,4,5,2,9,8,6,7,1},{6,9,7,4,1,5,8,2,3},{4,6,8,3,5,7,1,9,2},{7,3,9,6,2,1,5,8,4},{5,2,1,8,4,9,3,6,7},{2,1,3,9,7,6,4,5,8},{8,5,0,0,0,0,0,0,0},{0,0,0,0,0,0,0,0,0}}
]
14:29:40.429 [main] INFO  sudoku.model.SudokuBoard - Wartość 0 wstawiona nieprawidłowo
14:29:40.429 [main] INFO  sudoku.model.SudokuBoard - Bład w kwadracie 0
sudoku.model.SudokuBoard@52c46334[
  size=9
  solver=sudoku.model.BacktrackingSudokuSolver@12fccff0
  board={{1,8,2,7,6,3,9,4,5},{3,4,5,2,9,8,6,7,1},{6,9,7,4,1,5,8,2,3},{4,6,8,3,5,7,1,9,2},{7,3,9,6,2,1,5,8,4},{5,2,1,8,4,9,3,6,7},{2,1,3,9,7,6,4,5,8},{8,5,6,1,3,2,0,0,0},{0,0,0,0,0,0,0,0,0}}
]
14:29:40.429 [main] INFO  sudoku.model.SudokuBoard - Wartość 0 wstawiona nieprawidłowo
14:29:40.429 [main] INFO  sudoku.model.SudokuBoard - Bład w kwadracie 0
sudoku.model.SudokuBoard@52c46334[
  size=9
  solver=sudoku.model.BacktrackingSudokuSolver@12fccff0
  board={{1,8,2,7,6,3,9,4,5},{3,4,5,2,9,8,6,7,1},{6,9,7,4,1,5,8,2,3},{4,6,8,3,5,7,1,9,2},{7,3,9,6,2,1,5,8,4},{5,2,1,8,4,9,3,6,7},{2,1,3,9,7,6,4,5,8},{8,5,6,1,3,0,0,0,0},{0,0,0,0,0,0,0,0,0}}
]
14:29:40.429 [main] INFO  sudoku.model.SudokuBoard - Wartość 0 wstawiona nieprawidłowo
14:29:40.429 [main] INFO  sudoku.model.SudokuBoard - Bład w kwadracie 0
sudoku.model.SudokuBoard@52c46334[
  size=9
  solver=sudoku.model.BacktrackingSudokuSolver@12fccff0
  board={{1,8,2,7,6,3,9,4,5},{3,4,5,2,9,8,6,7,1},{6,9,7,4,1,5,8,2,3},{4,6,8,3,5,7,1,9,2},{7,3,9,6,2,1,5,8,4},{5,2,1,8,4,9,3,6,7},{2,1,3,9,7,6,4,5,8},{8,5,6,1,3,4,0,0,0},{0,0,0,0,0,0,0,0,0}}
]
14:29:40.429 [main] INFO  sudoku.model.SudokuBoard - Wartość 0 wstawiona nieprawidłowo
14:29:40.429 [main] INFO  sudoku.model.SudokuBoard - Bład w kwadracie 0
sudoku.model.SudokuBoard@52c46334[
  size=9
  solver=sudoku.model.BacktrackingSudokuSolver@12fccff0
  board={{1,8,2,7,6,3,9,4,5},{3,4,5,2,9,8,6,7,1},{6,9,7,4,1,5,8,2,3},{4,6,8,3,5,7,1,9,2},{7,3,9,6,2,1,5,8,4},{5,2,1,8,4,9,3,6,7},{2,1,3,9,7,6,4,5,8},{8,5,6,1,3,4,0,0,0},{0,0,0,0,0,0,0,0,0}}
]
14:29:40.429 [main] INFO  sudoku.model.SudokuBoard - Wartość 0 wstawiona nieprawidłowo
14:29:40.429 [main] INFO  sudoku.model.SudokuBoard - Bład w kwadracie 0
sudoku.model.SudokuBoard@52c46334[
  size=9
  solver=sudoku.model.BacktrackingSudokuSolver@12fccff0
  board={{1,8,2,7,6,3,9,4,5},{3,4,5,2,9,8,6,7,1},{6,9,7,4,1,5,8,2,3},{4,6,8,3,5,7,1,9,2},{7,3,9,6,2,1,5,8,4},{5,2,1,8,4,9,3,6,7},{2,1,3,9,7,6,4,5,8},{8,5,6,1,3,0,0,0,0},{0,0,0,0,0,0,0,0,0}}
]
14:29:40.429 [main] INFO  sudoku.model.SudokuBoard - Wartość 0 wstawiona nieprawidłowo
14:29:40.430 [main] INFO  sudoku.model.SudokuBoard - Bład w kwadracie 0
sudoku.model.SudokuBoard@52c46334[
  size=9
  solver=sudoku.model.BacktrackingSudokuSolver@12fccff0
  board={{1,8,2,7,6,3,9,4,5},{3,4,5,2,9,8,6,7,1},{6,9,7,4,1,5,8,2,3},{4,6,8,3,5,7,1,9,2},{7,3,9,6,2,1,5,8,4},{5,2,1,8,4,9,3,6,7},{2,1,3,9,7,6,4,5,8},{8,5,6,1,0,0,0,0,0},{0,0,0,0,0,0,0,0,0}}
]
14:29:40.431 [main] INFO  sudoku.model.SudokuBoard - Wartość 0 wstawiona nieprawidłowo
14:29:40.431 [main] INFO  sudoku.model.SudokuBoard - Bład w kwadracie 0
sudoku.model.SudokuBoard@52c46334[
  size=9
  solver=sudoku.model.BacktrackingSudokuSolver@12fccff0
  board={{1,8,2,7,6,3,9,4,5},{3,4,5,2,9,8,6,7,1},{6,9,7,4,1,5,8,2,3},{4,6,8,3,5,7,1,9,2},{7,3,9,6,2,1,5,8,4},{5,2,1,8,4,9,3,6,7},{2,1,3,9,7,6,4,5,8},{8,5,6,0,0,0,0,0,0},{0,0,0,0,0,0,0,0,0}}
]
14:29:40.431 [main] INFO  sudoku.model.SudokuBoard - Wartość 0 wstawiona nieprawidłowo
14:29:40.431 [main] INFO  sudoku.model.SudokuBoard - Bład w kwadracie 0
sudoku.model.SudokuBoard@52c46334[
  size=9
  solver=sudoku.model.BacktrackingSudokuSolver@12fccff0
  board={{1,8,2,7,6,3,9,4,5},{3,4,5,2,9,8,6,7,1},{6,9,7,4,1,5,8,2,3},{4,6,8,3,5,7,1,9,2},{7,3,9,6,2,1,5,8,4},{5,2,1,8,4,9,3,6,7},{2,1,3,9,7,6,4,5,8},{8,5,0,0,0,0,0,0,0},{0,0,0,0,0,0,0,0,0}}
]
14:29:40.431 [main] INFO  sudoku.model.SudokuBoard - Wartość 0 wstawiona nieprawidłowo
14:29:40.432 [main] INFO  sudoku.model.SudokuBoard - Bład w kwadracie 0
sudoku.model.SudokuBoard@52c46334[
  size=9
  solver=sudoku.model.BacktrackingSudokuSolver@12fccff0
  board={{1,8,2,7,6,3,9,4,5},{3,4,5,2,9,8,6,7,1},{6,9,7,4,1,5,8,2,3},{4,6,8,3,5,7,1,9,2},{7,3,9,6,2,1,5,8,4},{5,2,1,8,4,9,3,6,7},{2,1,3,9,7,6,4,5,8},{8,0,0,0,0,0,0,0,0},{0,0,0,0,0,0,0,0,0}}
]
14:29:40.432 [main] INFO  sudoku.model.SudokuBoard - Wartość 0 wstawiona nieprawidłowo
14:29:40.432 [main] INFO  sudoku.model.SudokuBoard - Bład w kwadracie 0
sudoku.model.SudokuBoard@52c46334[
  size=9
  solver=sudoku.model.BacktrackingSudokuSolver@12fccff0
  board={{1,8,2,7,6,3,9,4,5},{3,4,5,2,9,8,6,7,1},{6,9,7,4,1,5,8,2,3},{4,6,8,3,5,7,1,9,2},{7,3,9,6,2,1,5,8,4},{5,2,1,8,4,9,3,6,7},{2,1,3,9,7,6,4,5,8},{8,7,4,5,3,0,0,0,0},{0,0,0,0,0,0,0,0,0}}
]
14:29:40.432 [main] INFO  sudoku.model.SudokuBoard - Wartość 0 wstawiona nieprawidłowo
14:29:40.432 [main] INFO  sudoku.model.SudokuBoard - Bład w kwadracie 0
sudoku.model.SudokuBoard@52c46334[
  size=9
  solver=sudoku.model.BacktrackingSudokuSolver@12fccff0
  board={{1,8,2,7,6,3,9,4,5},{3,4,5,2,9,8,6,7,1},{6,9,7,4,1,5,8,2,3},{4,6,8,3,5,7,1,9,2},{7,3,9,6,2,1,5,8,4},{5,2,1,8,4,9,3,6,7},{2,1,3,9,7,6,4,5,8},{8,7,4,5,0,0,0,0,0},{0,0,0,0,0,0,0,0,0}}
]
14:29:40.432 [main] INFO  sudoku.model.SudokuBoard - Wartość 0 wstawiona nieprawidłowo
14:29:40.432 [main] INFO  sudoku.model.SudokuBoard - Bład w kwadracie 0
sudoku.model.SudokuBoard@52c46334[
  size=9
  solver=sudoku.model.BacktrackingSudokuSolver@12fccff0
  board={{1,8,2,7,6,3,9,4,5},{3,4,5,2,9,8,6,7,1},{6,9,7,4,1,5,8,2,3},{4,6,8,3,5,7,1,9,2},{7,3,9,6,2,1,5,8,4},{5,2,1,8,4,9,3,6,7},{2,1,3,9,7,6,4,5,8},{8,7,4,0,0,0,0,0,0},{0,0,0,0,0,0,0,0,0}}
]
14:29:40.432 [main] INFO  sudoku.model.SudokuBoard - Wartość 0 wstawiona nieprawidłowo
14:29:40.433 [main] INFO  sudoku.model.SudokuBoard - Bład w kwadracie 0
sudoku.model.SudokuBoard@52c46334[
  size=9
  solver=sudoku.model.BacktrackingSudokuSolver@12fccff0
  board={{1,8,2,7,6,3,9,4,5},{3,4,5,2,9,8,6,7,1},{6,9,7,4,1,5,8,2,3},{4,6,8,3,5,7,1,9,2},{7,3,9,6,2,1,5,8,4},{5,2,1,8,4,9,3,6,7},{2,1,3,9,7,6,4,5,8},{8,7,4,1,3,0,0,0,0},{0,0,0,0,0,0,0,0,0}}
]
14:29:40.433 [main] INFO  sudoku.model.SudokuBoard - Wartość 0 wstawiona nieprawidłowo
14:29:40.433 [main] INFO  sudoku.model.SudokuBoard - Bład w kwadracie 0
sudoku.model.SudokuBoard@52c46334[
  size=9
  solver=sudoku.model.BacktrackingSudokuSolver@12fccff0
  board={{1,8,2,7,6,3,9,4,5},{3,4,5,2,9,8,6,7,1},{6,9,7,4,1,5,8,2,3},{4,6,8,3,5,7,1,9,2},{7,3,9,6,2,1,5,8,4},{5,2,1,8,4,9,3,6,7},{2,1,3,9,7,6,4,5,8},{8,7,4,1,0,0,0,0,0},{0,0,0,0,0,0,0,0,0}}
]
14:29:40.433 [main] INFO  sudoku.model.SudokuBoard - Wartość 0 wstawiona nieprawidłowo
14:29:40.433 [main] INFO  sudoku.model.SudokuBoard - Bład w kwadracie 0
sudoku.model.SudokuBoard@52c46334[
  size=9
  solver=sudoku.model.BacktrackingSudokuSolver@12fccff0
  board={{1,8,2,7,6,3,9,4,5},{3,4,5,2,9,8,6,7,1},{6,9,7,4,1,5,8,2,3},{4,6,8,3,5,7,1,9,2},{7,3,9,6,2,1,5,8,4},{5,2,1,8,4,9,3,6,7},{2,1,3,9,7,6,4,5,8},{8,7,4,0,0,0,0,0,0},{0,0,0,0,0,0,0,0,0}}
]
14:29:40.433 [main] INFO  sudoku.model.SudokuBoard - Wartość 0 wstawiona nieprawidłowo
14:29:40.433 [main] INFO  sudoku.model.SudokuBoard - Bład w kwadracie 0
sudoku.model.SudokuBoard@52c46334[
  size=9
  solver=sudoku.model.BacktrackingSudokuSolver@12fccff0
  board={{1,8,2,7,6,3,9,4,5},{3,4,5,2,9,8,6,7,1},{6,9,7,4,1,5,8,2,3},{4,6,8,3,5,7,1,9,2},{7,3,9,6,2,1,5,8,4},{5,2,1,8,4,9,3,6,7},{2,1,3,9,7,6,4,5,8},{8,7,0,0,0,0,0,0,0},{0,0,0,0,0,0,0,0,0}}
]
14:29:40.433 [main] INFO  sudoku.model.SudokuBoard - Wartość 0 wstawiona nieprawidłowo
14:29:40.434 [main] INFO  sudoku.model.SudokuBoard - Bład w kwadracie 0
sudoku.model.SudokuBoard@52c46334[
  size=9
  solver=sudoku.model.BacktrackingSudokuSolver@12fccff0
  board={{1,8,2,7,6,3,9,4,5},{3,4,5,2,9,8,6,7,1},{6,9,7,4,1,5,8,2,3},{4,6,8,3,5,7,1,9,2},{7,3,9,6,2,1,5,8,4},{5,2,1,8,4,9,3,6,7},{2,1,3,9,7,6,4,5,8},{8,7,6,5,3,0,0,0,0},{0,0,0,0,0,0,0,0,0}}
]
14:29:40.434 [main] INFO  sudoku.model.SudokuBoard - Wartość 0 wstawiona nieprawidłowo
]]></system-out>
  </testcase>
</testsuite>