<?xml version="1.0" encoding="UTF-8"?>
<testsuite xmlns:xsi="http://www.w3.org/2001/XMLSchema-instance" xsi:noNamespaceSchemaLocation="https://maven.apache.org/surefire/maven-surefire-plugin/xsd/surefire-test-report-3.0.xsd" version="3.0" name="sudoku.model.SeriesTest" time="0.614" tests="5" errors="0" skipped="0" failures="0">
  <properties>
    <property name="java.specification.version" value="14"/>
    <property name="sun.cpu.isalist" value="amd64"/>
    <property name="sun.jnu.encoding" value="Cp1250"/>
    <property name="java.class.path" value="E:\studia\Sem-3\Programowanie komponentowe (07 72 3060 19)_pliki\ProjektKompo\an_pn_1145_03\Model\target\test-classes;C:\Users\maldo\.m2\repository\org\junit\jupiter\junit-jupiter-engine\5.6.2\junit-jupiter-engine-5.6.2.jar;C:\Users\maldo\.m2\repository\org\apiguardian\apiguardian-api\1.1.0\apiguardian-api-1.1.0.jar;C:\Users\maldo\.m2\repository\org\junit\platform\junit-platform-engine\1.6.2\junit-platform-engine-1.6.2.jar;C:\Users\maldo\.m2\repository\org\opentest4j\opentest4j\1.2.0\opentest4j-1.2.0.jar;C:\Users\maldo\.m2\repository\org\junit\platform\junit-platform-commons\1.6.2\junit-platform-commons-1.6.2.jar;C:\Users\maldo\.m2\repository\org\junit\jupiter\junit-jupiter-api\5.6.2\junit-jupiter-api-5.6.2.jar;C:\Users\maldo\.m2\repository\ch\qos\logback\logback-classic\1.1.7\logback-classic-1.1.7.jar;C:\Users\maldo\.m2\repository\ch\qos\logback\logback-core\1.1.7\logback-core-1.1.7.jar;C:\Users\maldo\.m2\repository\org\openjfx\javafx-controls\13\javafx-controls-13.jar;C:\Users\maldo\.m2\repository\org\openjfx\javafx-controls\13\javafx-controls-13-win.jar;C:\Users\maldo\.m2\repository\org\openjfx\javafx-graphics\13\javafx-graphics-13.jar;C:\Users\maldo\.m2\repository\org\openjfx\javafx-graphics\13\javafx-graphics-13-win.jar;C:\Users\maldo\.m2\repository\org\openjfx\javafx-base\13\javafx-base-13.jar;C:\Users\maldo\.m2\repository\org\openjfx\javafx-fxml\13\javafx-fxml-13.jar;C:\Users\maldo\.m2\repository\org\openjfx\javafx-fxml\13\javafx-fxml-13-win.jar;"/>
    <property name="java.vm.vendor" value="Oracle Corporation"/>
    <property name="sun.arch.data.model" value="64"/>
    <property name="user.variant" value=""/>
    <property name="java.vendor.url" value="https://java.oracle.com/"/>
    <property name="user.timezone" value="Europe/Warsaw"/>
    <property name="os.name" value="Windows 10"/>
    <property name="java.vm.specification.version" value="14"/>
    <property name="sun.java.launcher" value="SUN_STANDARD"/>
    <property name="user.country" value="PL"/>
    <property name="sun.boot.library.path" value="C:\Program Files\Java\jdk-14.0.2\bin"/>
    <property name="sun.java.command" value="org.apache.maven.surefire.booter.ForkedBooter C:\Users\maldo\AppData\Local\Temp\surefire11403962640364129957 2021-01-22T17-37-08_046-jvmRun1 surefire17689546544271545101tmp surefire_04216692170467547107tmp"/>
    <property name="jdk.debug" value="release"/>
    <property name="surefire.test.class.path" value="E:\studia\Sem-3\Programowanie komponentowe (07 72 3060 19)_pliki\ProjektKompo\an_pn_1145_03\Model\target\test-classes;C:\Users\maldo\.m2\repository\org\junit\jupiter\junit-jupiter-engine\5.6.2\junit-jupiter-engine-5.6.2.jar;C:\Users\maldo\.m2\repository\org\apiguardian\apiguardian-api\1.1.0\apiguardian-api-1.1.0.jar;C:\Users\maldo\.m2\repository\org\junit\platform\junit-platform-engine\1.6.2\junit-platform-engine-1.6.2.jar;C:\Users\maldo\.m2\repository\org\opentest4j\opentest4j\1.2.0\opentest4j-1.2.0.jar;C:\Users\maldo\.m2\repository\org\junit\platform\junit-platform-commons\1.6.2\junit-platform-commons-1.6.2.jar;C:\Users\maldo\.m2\repository\org\junit\jupiter\junit-jupiter-api\5.6.2\junit-jupiter-api-5.6.2.jar;C:\Users\maldo\.m2\repository\ch\qos\logback\logback-classic\1.1.7\logback-classic-1.1.7.jar;C:\Users\maldo\.m2\repository\ch\qos\logback\logback-core\1.1.7\logback-core-1.1.7.jar;C:\Users\maldo\.m2\repository\org\openjfx\javafx-controls\13\javafx-controls-13.jar;C:\Users\maldo\.m2\repository\org\openjfx\javafx-controls\13\javafx-controls-13-win.jar;C:\Users\maldo\.m2\repository\org\openjfx\javafx-graphics\13\javafx-graphics-13.jar;C:\Users\maldo\.m2\repository\org\openjfx\javafx-graphics\13\javafx-graphics-13-win.jar;C:\Users\maldo\.m2\repository\org\openjfx\javafx-base\13\javafx-base-13.jar;C:\Users\maldo\.m2\repository\org\openjfx\javafx-fxml\13\javafx-fxml-13.jar;C:\Users\maldo\.m2\repository\org\openjfx\javafx-fxml\13\javafx-fxml-13-win.jar;"/>
    <property name="sun.cpu.endian" value="little"/>
    <property name="user.home" value="C:\Users\maldo"/>
    <property name="user.language" value="pl"/>
    <property name="java.specification.vendor" value="Oracle Corporation"/>
    <property name="jdk.module.path" value="E:\studia\Sem-3\Programowanie komponentowe (07 72 3060 19)_pliki\ProjektKompo\an_pn_1145_03\Model\target\classes;C:\Users\maldo\.m2\repository\org\apache\commons\commons-lang3\3.11\commons-lang3-3.11.jar;C:\Users\maldo\.m2\repository\org\slf4j\slf4j-api\1.7.30\slf4j-api-1.7.30.jar;C:\Users\maldo\.m2\repository\org\openjfx\javafx-base\13\javafx-base-13-win.jar"/>
    <property name="java.version.date" value="2020-07-14"/>
    <property name="java.home" value="C:\Program Files\Java\jdk-14.0.2"/>
    <property name="file.separator" value="\"/>
    <property name="basedir" value="E:\studia\Sem-3\Programowanie komponentowe (07 72 3060 19)_pliki\ProjektKompo\an_pn_1145_03\Model"/>
    <property name="java.vm.compressedOopsMode" value="Zero based"/>
    <property name="line.separator" value="&#10;"/>
    <property name="java.vm.specification.vendor" value="Oracle Corporation"/>
    <property name="java.specification.name" value="Java Platform API Specification"/>
    <property name="surefire.real.class.path" value="C:\Users\maldo\.m2\repository\org\apache\maven\surefire\surefire-booter\3.0.0-M5\surefire-booter-3.0.0-M5.jar;C:\Users\maldo\.m2\repository\org\apache\maven\surefire\surefire-api\3.0.0-M5\surefire-api-3.0.0-M5.jar;C:\Users\maldo\.m2\repository\org\apache\maven\surefire\surefire-logger-api\3.0.0-M5\surefire-logger-api-3.0.0-M5.jar;C:\Users\maldo\.m2\repository\org\apache\maven\surefire\surefire-shared-utils\3.0.0-M4\surefire-shared-utils-3.0.0-M4.jar;C:\Users\maldo\.m2\repository\org\apache\maven\surefire\surefire-extensions-spi\3.0.0-M5\surefire-extensions-spi-3.0.0-M5.jar;E:\studia\Sem-3\Programowanie komponentowe (07 72 3060 19)_pliki\ProjektKompo\an_pn_1145_03\Model\target\test-classes;C:\Users\maldo\.m2\repository\org\junit\jupiter\junit-jupiter-engine\5.6.2\junit-jupiter-engine-5.6.2.jar;C:\Users\maldo\.m2\repository\org\apiguardian\apiguardian-api\1.1.0\apiguardian-api-1.1.0.jar;C:\Users\maldo\.m2\repository\org\junit\platform\junit-platform-engine\1.6.2\junit-platform-engine-1.6.2.jar;C:\Users\maldo\.m2\repository\org\opentest4j\opentest4j\1.2.0\opentest4j-1.2.0.jar;C:\Users\maldo\.m2\repository\org\junit\platform\junit-platform-commons\1.6.2\junit-platform-commons-1.6.2.jar;C:\Users\maldo\.m2\repository\org\junit\jupiter\junit-jupiter-api\5.6.2\junit-jupiter-api-5.6.2.jar;C:\Users\maldo\.m2\repository\ch\qos\logback\logback-classic\1.1.7\logback-classic-1.1.7.jar;C:\Users\maldo\.m2\repository\ch\qos\logback\logback-core\1.1.7\logback-core-1.1.7.jar;C:\Users\maldo\.m2\repository\org\openjfx\javafx-controls\13\javafx-controls-13.jar;C:\Users\maldo\.m2\repository\org\openjfx\javafx-controls\13\javafx-controls-13-win.jar;C:\Users\maldo\.m2\repository\org\openjfx\javafx-graphics\13\javafx-graphics-13.jar;C:\Users\maldo\.m2\repository\org\openjfx\javafx-graphics\13\javafx-graphics-13-win.jar;C:\Users\maldo\.m2\repository\org\openjfx\javafx-base\13\javafx-base-13.jar;C:\Users\maldo\.m2\repository\org\openjfx\javafx-fxml\13\javafx-fxml-13.jar;C:\Users\maldo\.m2\repository\org\openjfx\javafx-fxml\13\javafx-fxml-13-win.jar;C:\Users\maldo\.m2\repository\org\apache\maven\surefire\surefire-junit-platform\3.0.0-M5\surefire-junit-platform-3.0.0-M5.jar;C:\Users\maldo\.m2\repository\org\apache\maven\surefire\common-java5\3.0.0-M5\common-java5-3.0.0-M5.jar;C:\Users\maldo\.m2\repository\org\junit\platform\junit-platform-launcher\1.6.2\junit-platform-launcher-1.6.2.jar"/>
    <property name="user.script" value=""/>
    <property name="sun.management.compiler" value="HotSpot 64-Bit Tiered Compilers"/>
    <property name="java.runtime.version" value="14.0.2+12-46"/>
    <property name="user.name" value="maldo"/>
    <property name="path.separator" value=";"/>
    <property name="os.version" value="10.0"/>
    <property name="java.runtime.name" value="Java(TM) SE Runtime Environment"/>
    <property name="file.encoding" value="Cp1250"/>
    <property name="java.vm.name" value="Java HotSpot(TM) 64-Bit Server VM"/>
    <property name="localRepository" value="C:\Users\maldo\.m2\repository"/>
    <property name="java.vendor.url.bug" value="https://bugreport.java.com/bugreport/"/>
    <property name="java.io.tmpdir" value="C:\Users\maldo\AppData\Local\Temp\"/>
    <property name="idea.version" value="2020.2.3"/>
    <property name="java.version" value="14.0.2"/>
    <property name="user.dir" value="E:\studia\Sem-3\Programowanie komponentowe (07 72 3060 19)_pliki\ProjektKompo\an_pn_1145_03\Model"/>
    <property name="os.arch" value="amd64"/>
    <property name="java.vm.specification.name" value="Java Virtual Machine Specification"/>
    <property name="sun.os.patch.level" value=""/>
    <property name="java.library.path" value="C:\Program Files\Java\jdk-14.0.2\bin;C:\WINDOWS\Sun\Java\bin;C:\WINDOWS\system32;C:\WINDOWS;C:\Program Files (x86)\Razer Chroma SDK\bin;C:\Program Files\Razer Chroma SDK\bin;C:\Python\Scripts\;C:\Python\;C:\Program Files (x86)\Intel\iCLS Client\;C:\Program Files\Intel\iCLS Client\;C:\Windows\system32;C:\Windows;C:\Windows\System32\Wbem;C:\Windows\System32\WindowsPowerShell\v1.0\;C:\Windows\System32\OpenSSH\;C:\Program Files (x86)\NVIDIA Corporation\PhysX\Common;C:\Program Files (x86)\Intel\Intel(R) Management Engine Components\DAL;C:\Program Files\Intel\Intel(R) Management Engine Components\DAL;C:\Program Files (x86)\Intel\Intel(R) Management Engine Components\IPT;C:\Program Files\Intel\Intel(R) Management Engine Components\IPT;C:\Program Files\Intel\WiFi\bin\;C:\Program Files\Common Files\Intel\WirelessCommon\;C:\Program Files (x86)\Windows Kits\8.1\Windows Performance Toolkit\;C:\Users\maldo\AppData\Local\Microsoft\WindowsApps;C:\Program Files\NVIDIA Corporation\NVIDIA NvDLISR;C:\Program Files (x86)\MKVToolNix;C:\WINDOWS\system32;C:\WINDOWS;C:\WINDOWS\System32\Wbem;C:\WINDOWS\System32\WindowsPowerShell\v1.0\;C:\WINDOWS\System32\OpenSSH\;E:\studia\Sem-3\Programowanie komponentowe (07 72 3060 19)_pliki\apache-maven-3.6.3\bin;C:\msys64\usr\bin;C:\Program Files\Java\jdk-14.0.2\bin;C:\Program Files (x86)\Calibre2\;C:\Users\maldo\AppData\Local\Microsoft\WindowsApps;C:\Program Files\Intel\WiFi\bin\;C:\Program Files\Common Files\Intel\WirelessCommon\;C:\Program Files\JetBrains\CLion 2019.3.3\bin;;C:\Users\maldo\AppData\Local\Programs\Microsoft VS Code\bin;C:\Users\maldo\AppData\Local\GitHubDesktop\bin;."/>
    <property name="java.vm.info" value="mixed mode"/>
    <property name="java.vendor" value="Oracle Corporation"/>
    <property name="java.vm.version" value="14.0.2+12-46"/>
    <property name="sun.io.unicode.encoding" value="UnicodeLittle"/>
    <property name="java.class.version" value="58.0"/>
  </properties>
  <testcase name="testEqualsDiffrent" classname="sudoku.model.SeriesTest" time="0.413">
    <system-out><![CDATA[17:37:10.590 [main] INFO  sudoku.model.SudokuBoard - Bład w kwadracie 0
sudoku.model.SudokuBoard@5c59a0f7[
  size=9
  solver=sudoku.model.BacktrackingSudokuSolver@101330ad
  board={{1,2,3,6,8,9,7,5,4},{7,4,5,1,2,3,6,8,9},{6,8,9,4,5,7,1,2,3},{2,5,8,3,9,1,4,6,7},{3,7,4,5,6,8,9,1,2},{9,6,1,2,0,0,0,0,0},{0,0,0,0,0,0,0,0,0},{0,0,0,0,0,0,0,0,0},{0,0,0,0,0,0,0,0,0}}
]
17:37:10.591 [main] INFO  sudoku.model.SudokuBoard - Wartość 0 wstawiona nieprawidłowo
17:37:10.591 [main] INFO  sudoku.model.SudokuBoard - Bład w kwadracie 0
sudoku.model.SudokuBoard@5c59a0f7[
  size=9
  solver=sudoku.model.BacktrackingSudokuSolver@101330ad
  board={{1,2,3,6,8,9,7,5,4},{7,4,5,1,2,3,6,8,9},{6,8,9,4,5,7,1,2,3},{2,5,8,3,9,1,4,6,7},{3,7,4,5,6,8,9,1,2},{9,6,1,2,7,4,0,0,0},{0,0,0,0,0,0,0,0,0},{0,0,0,0,0,0,0,0,0},{0,0,0,0,0,0,0,0,0}}
]
17:37:10.591 [main] INFO  sudoku.model.SudokuBoard - Wartość 0 wstawiona nieprawidłowo
17:37:10.592 [main] INFO  sudoku.model.SudokuBoard - Bład w kwadracie 0
sudoku.model.SudokuBoard@5c59a0f7[
  size=9
  solver=sudoku.model.BacktrackingSudokuSolver@101330ad
  board={{1,2,3,6,8,9,7,5,4},{7,4,5,1,2,3,6,8,9},{6,8,9,4,5,7,1,2,3},{2,5,8,3,9,1,4,6,7},{3,7,4,5,6,8,9,1,2},{9,6,1,2,7,4,5,3,8},{8,9,6,7,1,5,2,0,0},{0,0,0,0,0,0,0,0,0},{0,0,0,0,0,0,0,0,0}}
]
17:37:10.599 [main] INFO  sudoku.model.SudokuBoard - Wartość 0 wstawiona nieprawidłowo
17:37:10.612 [main] INFO  sudoku.model.SudokuBoard - Bład w kwadracie 0
sudoku.model.SudokuBoard@5c59a0f7[
  size=9
  solver=sudoku.model.BacktrackingSudokuSolver@101330ad
  board={{1,2,3,6,8,9,7,5,4},{7,4,5,1,2,3,6,8,9},{6,8,9,4,5,7,1,2,3},{2,5,8,3,9,1,4,6,7},{3,7,4,5,6,8,9,1,2},{9,6,1,2,7,4,5,3,8},{8,9,6,7,1,5,0,0,0},{0,0,0,0,0,0,0,0,0},{0,0,0,0,0,0,0,0,0}}
]
17:37:10.613 [main] INFO  sudoku.model.SudokuBoard - Wartość 0 wstawiona nieprawidłowo
17:37:10.614 [main] INFO  sudoku.model.SudokuBoard - Bład w kwadracie 0
sudoku.model.SudokuBoard@5c59a0f7[
  size=9
  solver=sudoku.model.BacktrackingSudokuSolver@101330ad
  board={{1,2,3,6,8,9,7,5,4},{7,4,5,1,2,3,6,8,9},{6,8,9,4,5,7,1,2,3},{2,5,8,3,9,1,4,6,7},{3,7,4,5,6,8,9,1,2},{9,6,1,2,7,4,5,3,8},{8,9,6,7,1,5,3,0,0},{0,0,0,0,0,0,0,0,0},{0,0,0,0,0,0,0,0,0}}
]
17:37:10.614 [main] INFO  sudoku.model.SudokuBoard - Wartość 0 wstawiona nieprawidłowo
17:37:10.615 [main] INFO  sudoku.model.SudokuBoard - Bład w kwadracie 0
sudoku.model.SudokuBoard@5c59a0f7[
  size=9
  solver=sudoku.model.BacktrackingSudokuSolver@101330ad
  board={{1,2,3,6,8,9,7,5,4},{7,4,5,1,2,3,6,8,9},{6,8,9,4,5,7,1,2,3},{2,5,8,3,9,1,4,6,7},{3,7,4,5,6,8,9,1,2},{9,6,1,2,7,4,5,3,8},{8,9,6,7,1,5,0,0,0},{0,0,0,0,0,0,0,0,0},{0,0,0,0,0,0,0,0,0}}
]
17:37:10.615 [main] INFO  sudoku.model.SudokuBoard - Wartość 0 wstawiona nieprawidłowo
17:37:10.616 [main] INFO  sudoku.model.SudokuBoard - Bład w kwadracie 0
sudoku.model.SudokuBoard@5c59a0f7[
  size=9
  solver=sudoku.model.BacktrackingSudokuSolver@101330ad
  board={{1,2,3,6,8,9,7,5,4},{7,4,5,1,2,3,6,8,9},{6,8,9,4,5,7,1,2,3},{2,5,8,3,9,1,4,6,7},{3,7,4,5,6,8,9,1,2},{9,6,1,2,7,4,5,3,8},{8,9,6,7,1,0,0,0,0},{0,0,0,0,0,0,0,0,0},{0,0,0,0,0,0,0,0,0}}
]
17:37:10.616 [main] INFO  sudoku.model.SudokuBoard - Wartość 0 wstawiona nieprawidłowo
17:37:10.620 [main] INFO  sudoku.model.SudokuBoard - Bład w kwadracie 0
sudoku.model.SudokuBoard@3d1c933[
  size=9
  solver=sudoku.model.BacktrackingSudokuSolver@79be91eb
  board={{7,5,8,9,1,4,3,2,6},{4,1,2,3,5,6,7,9,8},{6,9,3,2,8,7,1,4,5},{9,4,1,5,6,8,2,3,7},{5,8,6,4,9,0,0,0,0},{0,0,0,0,0,0,0,0,0},{0,0,0,0,0,0,0,0,0},{0,0,0,0,0,0,0,0,0},{0,0,0,0,0,0,0,0,0}}
]
17:37:10.621 [main] INFO  sudoku.model.SudokuBoard - Wartość 0 wstawiona nieprawidłowo
17:37:10.622 [main] INFO  sudoku.model.SudokuBoard - Bład w kwadracie 0
sudoku.model.SudokuBoard@3d1c933[
  size=9
  solver=sudoku.model.BacktrackingSudokuSolver@79be91eb
  board={{7,5,8,9,1,4,3,2,6},{4,1,2,3,5,6,7,9,8},{6,9,3,2,8,7,1,4,5},{9,4,1,5,6,8,2,3,7},{5,8,6,4,9,0,0,0,0},{0,0,0,0,0,0,0,0,0},{0,0,0,0,0,0,0,0,0},{0,0,0,0,0,0,0,0,0},{0,0,0,0,0,0,0,0,0}}
]
17:37:10.623 [main] INFO  sudoku.model.SudokuBoard - Wartość 0 wstawiona nieprawidłowo
17:37:10.624 [main] INFO  sudoku.model.SudokuBoard - Bład w kwadracie 0
sudoku.model.SudokuBoard@3d1c933[
  size=9
  solver=sudoku.model.BacktrackingSudokuSolver@79be91eb
  board={{7,5,8,9,1,4,3,2,6},{4,1,2,3,5,6,7,9,8},{6,9,3,2,8,7,1,4,5},{9,4,1,5,6,8,2,3,7},{5,8,6,4,9,0,0,0,0},{0,0,0,0,0,0,0,0,0},{0,0,0,0,0,0,0,0,0},{0,0,0,0,0,0,0,0,0},{0,0,0,0,0,0,0,0,0}}
]
17:37:10.624 [main] INFO  sudoku.model.SudokuBoard - Wartość 0 wstawiona nieprawidłowo
17:37:10.624 [main] INFO  sudoku.model.SudokuBoard - Bład w kwadracie 0
sudoku.model.SudokuBoard@3d1c933[
  size=9
  solver=sudoku.model.BacktrackingSudokuSolver@79be91eb
  board={{7,5,8,9,1,4,3,2,6},{4,1,2,3,5,6,7,9,8},{6,9,3,2,8,7,1,4,5},{9,4,1,5,6,8,2,3,7},{5,8,6,4,0,0,0,0,0},{0,0,0,0,0,0,0,0,0},{0,0,0,0,0,0,0,0,0},{0,0,0,0,0,0,0,0,0},{0,0,0,0,0,0,0,0,0}}
]
17:37:10.625 [main] INFO  sudoku.model.SudokuBoard - Wartość 0 wstawiona nieprawidłowo
17:37:10.625 [main] INFO  sudoku.model.SudokuBoard - Bład w kwadracie 0
sudoku.model.SudokuBoard@3d1c933[
  size=9
  solver=sudoku.model.BacktrackingSudokuSolver@79be91eb
  board={{7,5,8,9,1,4,3,2,6},{4,1,2,3,5,6,7,9,8},{6,9,3,2,8,7,1,4,5},{9,4,1,5,6,8,2,3,7},{5,8,6,4,2,3,9,0,0},{0,0,0,0,0,0,0,0,0},{0,0,0,0,0,0,0,0,0},{0,0,0,0,0,0,0,0,0},{0,0,0,0,0,0,0,0,0}}
]
17:37:10.625 [main] INFO  sudoku.model.SudokuBoard - Wartość 0 wstawiona nieprawidłowo
17:37:10.625 [main] INFO  sudoku.model.SudokuBoard - Bład w kwadracie 0
sudoku.model.SudokuBoard@3d1c933[
  size=9
  solver=sudoku.model.BacktrackingSudokuSolver@79be91eb
  board={{7,5,8,9,1,4,3,2,6},{4,1,2,3,5,6,7,9,8},{6,9,3,2,8,7,1,4,5},{9,4,1,5,6,8,2,3,7},{5,8,6,4,2,3,0,0,0},{0,0,0,0,0,0,0,0,0},{0,0,0,0,0,0,0,0,0},{0,0,0,0,0,0,0,0,0},{0,0,0,0,0,0,0,0,0}}
]
17:37:10.625 [main] INFO  sudoku.model.SudokuBoard - Wartość 0 wstawiona nieprawidłowo
17:37:10.626 [main] INFO  sudoku.model.SudokuBoard - Bład w kwadracie 0
sudoku.model.SudokuBoard@3d1c933[
  size=9
  solver=sudoku.model.BacktrackingSudokuSolver@79be91eb
  board={{7,5,8,9,1,4,3,2,6},{4,1,2,3,5,6,7,9,8},{6,9,3,2,8,7,1,4,5},{9,4,1,5,6,8,2,3,7},{5,8,6,4,2,0,0,0,0},{0,0,0,0,0,0,0,0,0},{0,0,0,0,0,0,0,0,0},{0,0,0,0,0,0,0,0,0},{0,0,0,0,0,0,0,0,0}}
]
17:37:10.626 [main] INFO  sudoku.model.SudokuBoard - Wartość 0 wstawiona nieprawidłowo
17:37:10.627 [main] INFO  sudoku.model.SudokuBoard - Bład w kwadracie 0
sudoku.model.SudokuBoard@3d1c933[
  size=9
  solver=sudoku.model.BacktrackingSudokuSolver@79be91eb
  board={{7,5,8,9,1,4,3,2,6},{4,1,2,3,5,6,7,9,8},{6,9,3,2,8,7,1,4,5},{9,4,1,5,6,8,2,3,7},{5,8,6,4,2,0,0,0,0},{0,0,0,0,0,0,0,0,0},{0,0,0,0,0,0,0,0,0},{0,0,0,0,0,0,0,0,0},{0,0,0,0,0,0,0,0,0}}
]
17:37:10.628 [main] INFO  sudoku.model.SudokuBoard - Wartość 0 wstawiona nieprawidłowo
17:37:10.629 [main] INFO  sudoku.model.SudokuBoard - Bład w kwadracie 0
sudoku.model.SudokuBoard@3d1c933[
  size=9
  solver=sudoku.model.BacktrackingSudokuSolver@79be91eb
  board={{7,5,8,9,1,4,3,2,6},{4,1,2,3,5,6,7,9,8},{6,9,3,2,8,7,1,4,5},{9,4,1,5,6,8,2,3,7},{5,8,6,4,2,1,0,0,0},{0,0,0,0,0,0,0,0,0},{0,0,0,0,0,0,0,0,0},{0,0,0,0,0,0,0,0,0},{0,0,0,0,0,0,0,0,0}}
]
17:37:10.629 [main] INFO  sudoku.model.SudokuBoard - Wartość 0 wstawiona nieprawidłowo
17:37:10.630 [main] INFO  sudoku.model.SudokuBoard - Bład w kwadracie 0
sudoku.model.SudokuBoard@3d1c933[
  size=9
  solver=sudoku.model.BacktrackingSudokuSolver@79be91eb
  board={{7,5,8,9,1,4,3,2,6},{4,1,2,3,5,6,7,9,8},{6,9,3,2,8,7,1,4,5},{9,4,1,5,6,8,2,3,7},{5,8,6,4,2,0,0,0,0},{0,0,0,0,0,0,0,0,0},{0,0,0,0,0,0,0,0,0},{0,0,0,0,0,0,0,0,0},{0,0,0,0,0,0,0,0,0}}
]
17:37:10.630 [main] INFO  sudoku.model.SudokuBoard - Wartość 0 wstawiona nieprawidłowo
17:37:10.631 [main] INFO  sudoku.model.SudokuBoard - Bład w kwadracie 0
sudoku.model.SudokuBoard@3d1c933[
  size=9
  solver=sudoku.model.BacktrackingSudokuSolver@79be91eb
  board={{7,5,8,9,1,4,3,2,6},{4,1,2,3,5,6,7,9,8},{6,9,3,2,8,7,1,4,5},{9,4,1,5,6,8,2,3,7},{5,8,6,4,0,0,0,0,0},{0,0,0,0,0,0,0,0,0},{0,0,0,0,0,0,0,0,0},{0,0,0,0,0,0,0,0,0},{0,0,0,0,0,0,0,0,0}}
]
17:37:10.631 [main] INFO  sudoku.model.SudokuBoard - Wartość 0 wstawiona nieprawidłowo
17:37:10.631 [main] INFO  sudoku.model.SudokuBoard - Bład w kwadracie 0
sudoku.model.SudokuBoard@3d1c933[
  size=9
  solver=sudoku.model.BacktrackingSudokuSolver@79be91eb
  board={{7,5,8,9,1,4,3,2,6},{4,1,2,3,5,6,7,9,8},{6,9,3,2,8,7,1,4,5},{9,4,1,5,6,8,2,3,7},{5,8,6,4,3,0,0,0,0},{0,0,0,0,0,0,0,0,0},{0,0,0,0,0,0,0,0,0},{0,0,0,0,0,0,0,0,0},{0,0,0,0,0,0,0,0,0}}
]
17:37:10.632 [main] INFO  sudoku.model.SudokuBoard - Wartość 0 wstawiona nieprawidłowo
17:37:10.633 [main] INFO  sudoku.model.SudokuBoard - Bład w kwadracie 0
sudoku.model.SudokuBoard@3d1c933[
  size=9
  solver=sudoku.model.BacktrackingSudokuSolver@79be91eb
  board={{7,5,8,9,1,4,3,2,6},{4,1,2,3,5,6,7,9,8},{6,9,3,2,8,7,1,4,5},{9,4,1,5,6,8,2,3,7},{5,8,6,4,3,1,0,0,0},{0,0,0,0,0,0,0,0,0},{0,0,0,0,0,0,0,0,0},{0,0,0,0,0,0,0,0,0},{0,0,0,0,0,0,0,0,0}}
]
17:37:10.633 [main] INFO  sudoku.model.SudokuBoard - Wartość 0 wstawiona nieprawidłowo
17:37:10.634 [main] INFO  sudoku.model.SudokuBoard - Bład w kwadracie 0
sudoku.model.SudokuBoard@3d1c933[
  size=9
  solver=sudoku.model.BacktrackingSudokuSolver@79be91eb
  board={{7,5,8,9,1,4,3,2,6},{4,1,2,3,5,6,7,9,8},{6,9,3,2,8,7,1,4,5},{9,4,1,5,6,8,2,3,7},{5,8,6,4,3,0,0,0,0},{0,0,0,0,0,0,0,0,0},{0,0,0,0,0,0,0,0,0},{0,0,0,0,0,0,0,0,0},{0,0,0,0,0,0,0,0,0}}
]
17:37:10.634 [main] INFO  sudoku.model.SudokuBoard - Wartość 0 wstawiona nieprawidłowo
17:37:10.636 [main] INFO  sudoku.model.SudokuBoard - Bład w kwadracie 0
sudoku.model.SudokuBoard@3d1c933[
  size=9
  solver=sudoku.model.BacktrackingSudokuSolver@79be91eb
  board={{7,5,8,9,1,4,3,2,6},{4,1,2,3,5,6,7,9,8},{6,9,3,2,8,7,1,4,5},{9,4,1,5,6,8,2,3,7},{5,8,6,4,3,2,9,0,0},{0,0,0,0,0,0,0,0,0},{0,0,0,0,0,0,0,0,0},{0,0,0,0,0,0,0,0,0},{0,0,0,0,0,0,0,0,0}}
]
17:37:10.636 [main] INFO  sudoku.model.SudokuBoard - Wartość 0 wstawiona nieprawidłowo
17:37:10.637 [main] INFO  sudoku.model.SudokuBoard - Bład w kwadracie 0
sudoku.model.SudokuBoard@3d1c933[
  size=9
  solver=sudoku.model.BacktrackingSudokuSolver@79be91eb
  board={{7,5,8,9,1,4,3,2,6},{4,1,2,3,5,6,7,9,8},{6,9,3,2,8,7,1,4,5},{9,4,1,5,6,8,2,3,7},{5,8,6,4,3,2,0,0,0},{0,0,0,0,0,0,0,0,0},{0,0,0,0,0,0,0,0,0},{0,0,0,0,0,0,0,0,0},{0,0,0,0,0,0,0,0,0}}
]
17:37:10.637 [main] INFO  sudoku.model.SudokuBoard - Wartość 0 wstawiona nieprawidłowo
17:37:10.637 [main] INFO  sudoku.model.SudokuBoard - Bład w kwadracie 0
sudoku.model.SudokuBoard@3d1c933[
  size=9
  solver=sudoku.model.BacktrackingSudokuSolver@79be91eb
  board={{7,5,8,9,1,4,3,2,6},{4,1,2,3,5,6,7,9,8},{6,9,3,2,8,7,1,4,5},{9,4,1,5,6,8,2,3,7},{5,8,6,4,3,0,0,0,0},{0,0,0,0,0,0,0,0,0},{0,0,0,0,0,0,0,0,0},{0,0,0,0,0,0,0,0,0},{0,0,0,0,0,0,0,0,0}}
]
17:37:10.637 [main] INFO  sudoku.model.SudokuBoard - Wartość 0 wstawiona nieprawidłowo
17:37:10.641 [main] INFO  sudoku.model.SudokuBoard - Bład w kwadracie 0
sudoku.model.SudokuBoard@3d1c933[
  size=9
  solver=sudoku.model.BacktrackingSudokuSolver@79be91eb
  board={{7,5,8,9,1,4,3,2,6},{4,1,2,3,5,6,7,9,8},{6,9,3,2,8,7,1,4,5},{9,4,1,5,6,8,2,3,7},{5,8,6,4,0,0,0,0,0},{0,0,0,0,0,0,0,0,0},{0,0,0,0,0,0,0,0,0},{0,0,0,0,0,0,0,0,0},{0,0,0,0,0,0,0,0,0}}
]
17:37:10.642 [main] INFO  sudoku.model.SudokuBoard - Wartość 0 wstawiona nieprawidłowo
17:37:10.644 [main] INFO  sudoku.model.SudokuBoard - Bład w kwadracie 0
sudoku.model.SudokuBoard@3d1c933[
  size=9
  solver=sudoku.model.BacktrackingSudokuSolver@79be91eb
  board={{7,5,8,9,1,4,3,2,6},{4,1,2,3,5,6,7,9,8},{6,9,3,2,8,7,1,4,5},{9,4,1,5,6,8,2,3,7},{5,8,6,4,7,3,9,0,0},{0,0,0,0,0,0,0,0,0},{0,0,0,0,0,0,0,0,0},{0,0,0,0,0,0,0,0,0},{0,0,0,0,0,0,0,0,0}}
]
17:37:10.645 [main] INFO  sudoku.model.SudokuBoard - Wartość 0 wstawiona nieprawidłowo
17:37:10.647 [main] INFO  sudoku.model.SudokuBoard - Bład w kwadracie 0
sudoku.model.SudokuBoard@3d1c933[
  size=9
  solver=sudoku.model.BacktrackingSudokuSolver@79be91eb
  board={{7,5,8,9,1,4,3,2,6},{4,1,2,3,5,6,7,9,8},{6,9,3,2,8,7,1,4,5},{9,4,1,5,6,8,2,3,7},{5,8,6,4,7,3,0,0,0},{0,0,0,0,0,0,0,0,0},{0,0,0,0,0,0,0,0,0},{0,0,0,0,0,0,0,0,0},{0,0,0,0,0,0,0,0,0}}
]
17:37:10.647 [main] INFO  sudoku.model.SudokuBoard - Wartość 0 wstawiona nieprawidłowo
17:37:10.647 [main] INFO  sudoku.model.SudokuBoard - Bład w kwadracie 0
sudoku.model.SudokuBoard@3d1c933[
  size=9
  solver=sudoku.model.BacktrackingSudokuSolver@79be91eb
  board={{7,5,8,9,1,4,3,2,6},{4,1,2,3,5,6,7,9,8},{6,9,3,2,8,7,1,4,5},{9,4,1,5,6,8,2,3,7},{5,8,6,4,7,0,0,0,0},{0,0,0,0,0,0,0,0,0},{0,0,0,0,0,0,0,0,0},{0,0,0,0,0,0,0,0,0},{0,0,0,0,0,0,0,0,0}}
]
17:37:10.647 [main] INFO  sudoku.model.SudokuBoard - Wartość 0 wstawiona nieprawidłowo
17:37:10.648 [main] INFO  sudoku.model.SudokuBoard - Bład w kwadracie 0
sudoku.model.SudokuBoard@3d1c933[
  size=9
  solver=sudoku.model.BacktrackingSudokuSolver@79be91eb
  board={{7,5,8,9,1,4,3,2,6},{4,1,2,3,5,6,7,9,8},{6,9,3,2,8,7,1,4,5},{9,4,1,5,6,8,2,3,7},{5,8,6,4,7,0,0,0,0},{0,0,0,0,0,0,0,0,0},{0,0,0,0,0,0,0,0,0},{0,0,0,0,0,0,0,0,0},{0,0,0,0,0,0,0,0,0}}
]
17:37:10.648 [main] INFO  sudoku.model.SudokuBoard - Wartość 0 wstawiona nieprawidłowo
17:37:10.648 [main] INFO  sudoku.model.SudokuBoard - Bład w kwadracie 0
sudoku.model.SudokuBoard@3d1c933[
  size=9
  solver=sudoku.model.BacktrackingSudokuSolver@79be91eb
  board={{7,5,8,9,1,4,3,2,6},{4,1,2,3,5,6,7,9,8},{6,9,3,2,8,7,1,4,5},{9,4,1,5,6,8,2,3,7},{5,8,6,4,7,1,0,0,0},{0,0,0,0,0,0,0,0,0},{0,0,0,0,0,0,0,0,0},{0,0,0,0,0,0,0,0,0},{0,0,0,0,0,0,0,0,0}}
]
17:37:10.649 [main] INFO  sudoku.model.SudokuBoard - Wartość 0 wstawiona nieprawidłowo
17:37:10.649 [main] INFO  sudoku.model.SudokuBoard - Bład w kwadracie 0
sudoku.model.SudokuBoard@3d1c933[
  size=9
  solver=sudoku.model.BacktrackingSudokuSolver@79be91eb
  board={{7,5,8,9,1,4,3,2,6},{4,1,2,3,5,6,7,9,8},{6,9,3,2,8,7,1,4,5},{9,4,1,5,6,8,2,3,7},{5,8,6,4,7,0,0,0,0},{0,0,0,0,0,0,0,0,0},{0,0,0,0,0,0,0,0,0},{0,0,0,0,0,0,0,0,0},{0,0,0,0,0,0,0,0,0}}
]
17:37:10.650 [main] INFO  sudoku.model.SudokuBoard - Wartość 0 wstawiona nieprawidłowo
17:37:10.651 [main] INFO  sudoku.model.SudokuBoard - Bład w kwadracie 0
sudoku.model.SudokuBoard@3d1c933[
  size=9
  solver=sudoku.model.BacktrackingSudokuSolver@79be91eb
  board={{7,5,8,9,1,4,3,2,6},{4,1,2,3,5,6,7,9,8},{6,9,3,2,8,7,1,4,5},{9,4,1,5,6,8,2,3,7},{5,8,6,4,7,2,9,0,0},{0,0,0,0,0,0,0,0,0},{0,0,0,0,0,0,0,0,0},{0,0,0,0,0,0,0,0,0},{0,0,0,0,0,0,0,0,0}}
]
17:37:10.651 [main] INFO  sudoku.model.SudokuBoard - Wartość 0 wstawiona nieprawidłowo
17:37:10.651 [main] INFO  sudoku.model.SudokuBoard - Bład w kwadracie 0
sudoku.model.SudokuBoard@3d1c933[
  size=9
  solver=sudoku.model.BacktrackingSudokuSolver@79be91eb
  board={{7,5,8,9,1,4,3,2,6},{4,1,2,3,5,6,7,9,8},{6,9,3,2,8,7,1,4,5},{9,4,1,5,6,8,2,3,7},{5,8,6,4,7,2,0,0,0},{0,0,0,0,0,0,0,0,0},{0,0,0,0,0,0,0,0,0},{0,0,0,0,0,0,0,0,0},{0,0,0,0,0,0,0,0,0}}
]
17:37:10.652 [main] INFO  sudoku.model.SudokuBoard - Wartość 0 wstawiona nieprawidłowo
17:37:10.652 [main] INFO  sudoku.model.SudokuBoard - Bład w kwadracie 0
sudoku.model.SudokuBoard@3d1c933[
  size=9
  solver=sudoku.model.BacktrackingSudokuSolver@79be91eb
  board={{7,5,8,9,1,4,3,2,6},{4,1,2,3,5,6,7,9,8},{6,9,3,2,8,7,1,4,5},{9,4,1,5,6,8,2,3,7},{5,8,6,4,7,0,0,0,0},{0,0,0,0,0,0,0,0,0},{0,0,0,0,0,0,0,0,0},{0,0,0,0,0,0,0,0,0},{0,0,0,0,0,0,0,0,0}}
]
17:37:10.652 [main] INFO  sudoku.model.SudokuBoard - Wartość 0 wstawiona nieprawidłowo
17:37:10.653 [main] INFO  sudoku.model.SudokuBoard - Bład w kwadracie 0
sudoku.model.SudokuBoard@3d1c933[
  size=9
  solver=sudoku.model.BacktrackingSudokuSolver@79be91eb
  board={{7,5,8,9,1,4,3,2,6},{4,1,2,3,5,6,7,9,8},{6,9,3,2,8,7,1,4,5},{9,4,1,5,6,8,2,3,7},{5,8,6,4,0,0,0,0,0},{0,0,0,0,0,0,0,0,0},{0,0,0,0,0,0,0,0,0},{0,0,0,0,0,0,0,0,0},{0,0,0,0,0,0,0,0,0}}
]
17:37:10.654 [main] INFO  sudoku.model.SudokuBoard - Wartość 0 wstawiona nieprawidłowo
17:37:10.654 [main] INFO  sudoku.model.SudokuBoard - Bład w kwadracie 0
sudoku.model.SudokuBoard@3d1c933[
  size=9
  solver=sudoku.model.BacktrackingSudokuSolver@79be91eb
  board={{7,5,8,9,1,4,3,2,6},{4,1,2,3,5,6,7,9,8},{6,9,3,2,8,7,1,4,5},{9,4,1,5,6,8,2,3,7},{5,8,6,0,0,0,0,0,0},{0,0,0,0,0,0,0,0,0},{0,0,0,0,0,0,0,0,0},{0,0,0,0,0,0,0,0,0},{0,0,0,0,0,0,0,0,0}}
]
17:37:10.655 [main] INFO  sudoku.model.SudokuBoard - Wartość 0 wstawiona nieprawidłowo
17:37:10.655 [main] INFO  sudoku.model.SudokuBoard - Bład w kwadracie 0
sudoku.model.SudokuBoard@3d1c933[
  size=9
  solver=sudoku.model.BacktrackingSudokuSolver@79be91eb
  board={{7,5,8,9,1,4,3,2,6},{4,1,2,3,5,6,7,9,8},{6,9,3,2,8,7,1,4,5},{9,4,1,5,6,8,2,3,7},{5,8,6,7,4,0,0,0,0},{0,0,0,0,0,0,0,0,0},{0,0,0,0,0,0,0,0,0},{0,0,0,0,0,0,0,0,0},{0,0,0,0,0,0,0,0,0}}
]
17:37:10.655 [main] INFO  sudoku.model.SudokuBoard - Wartość 0 wstawiona nieprawidłowo
17:37:10.657 [main] INFO  sudoku.model.SudokuBoard - Bład w kwadracie 0
sudoku.model.SudokuBoard@3d1c933[
  size=9
  solver=sudoku.model.BacktrackingSudokuSolver@79be91eb
  board={{7,5,8,9,1,4,3,2,6},{4,1,2,3,5,6,7,9,8},{6,9,3,2,8,7,1,4,5},{9,4,1,5,6,8,2,3,7},{5,8,6,7,4,1,0,0,0},{0,0,0,0,0,0,0,0,0},{0,0,0,0,0,0,0,0,0},{0,0,0,0,0,0,0,0,0},{0,0,0,0,0,0,0,0,0}}
]
17:37:10.657 [main] INFO  sudoku.model.SudokuBoard - Wartość 0 wstawiona nieprawidłowo
17:37:10.658 [main] INFO  sudoku.model.SudokuBoard - Bład w kwadracie 0
sudoku.model.SudokuBoard@3d1c933[
  size=9
  solver=sudoku.model.BacktrackingSudokuSolver@79be91eb
  board={{7,5,8,9,1,4,3,2,6},{4,1,2,3,5,6,7,9,8},{6,9,3,2,8,7,1,4,5},{9,4,1,5,6,8,2,3,7},{5,8,6,7,4,0,0,0,0},{0,0,0,0,0,0,0,0,0},{0,0,0,0,0,0,0,0,0},{0,0,0,0,0,0,0,0,0},{0,0,0,0,0,0,0,0,0}}
]
17:37:10.659 [main] INFO  sudoku.model.SudokuBoard - Wartość 0 wstawiona nieprawidłowo
17:37:10.662 [main] INFO  sudoku.model.SudokuBoard - Bład w kwadracie 0
sudoku.model.SudokuBoard@3d1c933[
  size=9
  solver=sudoku.model.BacktrackingSudokuSolver@79be91eb
  board={{7,5,8,9,1,4,3,2,6},{4,1,2,3,5,6,7,9,8},{6,9,3,2,8,7,1,4,5},{9,4,1,5,6,8,2,3,7},{5,8,6,7,4,2,9,0,0},{0,0,0,0,0,0,0,0,0},{0,0,0,0,0,0,0,0,0},{0,0,0,0,0,0,0,0,0},{0,0,0,0,0,0,0,0,0}}
]
17:37:10.663 [main] INFO  sudoku.model.SudokuBoard - Wartość 0 wstawiona nieprawidłowo
17:37:10.665 [main] INFO  sudoku.model.SudokuBoard - Bład w kwadracie 0
sudoku.model.SudokuBoard@3d1c933[
  size=9
  solver=sudoku.model.BacktrackingSudokuSolver@79be91eb
  board={{7,5,8,9,1,4,3,2,6},{4,1,2,3,5,6,7,9,8},{6,9,3,2,8,7,1,4,5},{9,4,1,5,6,8,2,3,7},{5,8,6,7,4,2,0,0,0},{0,0,0,0,0,0,0,0,0},{0,0,0,0,0,0,0,0,0},{0,0,0,0,0,0,0,0,0},{0,0,0,0,0,0,0,0,0}}
]
17:37:10.665 [main] INFO  sudoku.model.SudokuBoard - Wartość 0 wstawiona nieprawidłowo
17:37:10.666 [main] INFO  sudoku.model.SudokuBoard - Bład w kwadracie 0
sudoku.model.SudokuBoard@3d1c933[
  size=9
  solver=sudoku.model.BacktrackingSudokuSolver@79be91eb
  board={{7,5,8,9,1,4,3,2,6},{4,1,2,3,5,6,7,9,8},{6,9,3,2,8,7,1,4,5},{9,4,1,5,6,8,2,3,7},{5,8,6,7,4,0,0,0,0},{0,0,0,0,0,0,0,0,0},{0,0,0,0,0,0,0,0,0},{0,0,0,0,0,0,0,0,0},{0,0,0,0,0,0,0,0,0}}
]
17:37:10.667 [main] INFO  sudoku.model.SudokuBoard - Wartość 0 wstawiona nieprawidłowo
17:37:10.667 [main] INFO  sudoku.model.SudokuBoard - Bład w kwadracie 0
sudoku.model.SudokuBoard@3d1c933[
  size=9
  solver=sudoku.model.BacktrackingSudokuSolver@79be91eb
  board={{7,5,8,9,1,4,3,2,6},{4,1,2,3,5,6,7,9,8},{6,9,3,2,8,7,1,4,5},{9,4,1,5,6,8,2,3,7},{5,8,6,7,4,3,9,0,0},{0,0,0,0,0,0,0,0,0},{0,0,0,0,0,0,0,0,0},{0,0,0,0,0,0,0,0,0},{0,0,0,0,0,0,0,0,0}}
]
17:37:10.667 [main] INFO  sudoku.model.SudokuBoard - Wartość 0 wstawiona nieprawidłowo
17:37:10.667 [main] INFO  sudoku.model.SudokuBoard - Bład w kwadracie 0
sudoku.model.SudokuBoard@3d1c933[
  size=9
  solver=sudoku.model.BacktrackingSudokuSolver@79be91eb
  board={{7,5,8,9,1,4,3,2,6},{4,1,2,3,5,6,7,9,8},{6,9,3,2,8,7,1,4,5},{9,4,1,5,6,8,2,3,7},{5,8,6,7,4,3,0,0,0},{0,0,0,0,0,0,0,0,0},{0,0,0,0,0,0,0,0,0},{0,0,0,0,0,0,0,0,0},{0,0,0,0,0,0,0,0,0}}
]
17:37:10.667 [main] INFO  sudoku.model.SudokuBoard - Wartość 0 wstawiona nieprawidłowo
17:37:10.668 [main] INFO  sudoku.model.SudokuBoard - Bład w kwadracie 0
sudoku.model.SudokuBoard@3d1c933[
  size=9
  solver=sudoku.model.BacktrackingSudokuSolver@79be91eb
  board={{7,5,8,9,1,4,3,2,6},{4,1,2,3,5,6,7,9,8},{6,9,3,2,8,7,1,4,5},{9,4,1,5,6,8,2,3,7},{5,8,6,7,4,0,0,0,0},{0,0,0,0,0,0,0,0,0},{0,0,0,0,0,0,0,0,0},{0,0,0,0,0,0,0,0,0},{0,0,0,0,0,0,0,0,0}}
]
17:37:10.668 [main] INFO  sudoku.model.SudokuBoard - Wartość 0 wstawiona nieprawidłowo
17:37:10.668 [main] INFO  sudoku.model.SudokuBoard - Bład w kwadracie 0
sudoku.model.SudokuBoard@3d1c933[
  size=9
  solver=sudoku.model.BacktrackingSudokuSolver@79be91eb
  board={{7,5,8,9,1,4,3,2,6},{4,1,2,3,5,6,7,9,8},{6,9,3,2,8,7,1,4,5},{9,4,1,5,6,8,2,3,7},{5,8,6,7,0,0,0,0,0},{0,0,0,0,0,0,0,0,0},{0,0,0,0,0,0,0,0,0},{0,0,0,0,0,0,0,0,0},{0,0,0,0,0,0,0,0,0}}
]
17:37:10.668 [main] INFO  sudoku.model.SudokuBoard - Wartość 0 wstawiona nieprawidłowo
17:37:10.668 [main] INFO  sudoku.model.SudokuBoard - Bład w kwadracie 0
sudoku.model.SudokuBoard@3d1c933[
  size=9
  solver=sudoku.model.BacktrackingSudokuSolver@79be91eb
  board={{7,5,8,9,1,4,3,2,6},{4,1,2,3,5,6,7,9,8},{6,9,3,2,8,7,1,4,5},{9,4,1,5,6,8,2,3,7},{5,8,6,7,9,1,0,0,0},{0,0,0,0,0,0,0,0,0},{0,0,0,0,0,0,0,0,0},{0,0,0,0,0,0,0,0,0},{0,0,0,0,0,0,0,0,0}}
]
17:37:10.668 [main] INFO  sudoku.model.SudokuBoard - Wartość 0 wstawiona nieprawidłowo
17:37:10.669 [main] INFO  sudoku.model.SudokuBoard - Bład w kwadracie 0
sudoku.model.SudokuBoard@3d1c933[
  size=9
  solver=sudoku.model.BacktrackingSudokuSolver@79be91eb
  board={{7,5,8,9,1,4,3,2,6},{4,1,2,3,5,6,7,9,8},{6,9,3,2,8,7,1,4,5},{9,4,1,5,6,8,2,3,7},{5,8,6,7,9,0,0,0,0},{0,0,0,0,0,0,0,0,0},{0,0,0,0,0,0,0,0,0},{0,0,0,0,0,0,0,0,0},{0,0,0,0,0,0,0,0,0}}
]
17:37:10.669 [main] INFO  sudoku.model.SudokuBoard - Wartość 0 wstawiona nieprawidłowo
17:37:10.669 [main] INFO  sudoku.model.SudokuBoard - Bład w kwadracie 0
sudoku.model.SudokuBoard@3d1c933[
  size=9
  solver=sudoku.model.BacktrackingSudokuSolver@79be91eb
  board={{7,5,8,9,1,4,3,2,6},{4,1,2,3,5,6,7,9,8},{6,9,3,2,8,7,1,4,5},{9,4,1,5,6,8,2,3,7},{5,8,6,7,9,2,4,0,0},{0,0,0,0,0,0,0,0,0},{0,0,0,0,0,0,0,0,0},{0,0,0,0,0,0,0,0,0},{0,0,0,0,0,0,0,0,0}}
]
17:37:10.669 [main] INFO  sudoku.model.SudokuBoard - Wartość 0 wstawiona nieprawidłowo
17:37:10.669 [main] INFO  sudoku.model.SudokuBoard - Bład w kwadracie 0
sudoku.model.SudokuBoard@3d1c933[
  size=9
  solver=sudoku.model.BacktrackingSudokuSolver@79be91eb
  board={{7,5,8,9,1,4,3,2,6},{4,1,2,3,5,6,7,9,8},{6,9,3,2,8,7,1,4,5},{9,4,1,5,6,8,2,3,7},{5,8,6,7,9,2,0,0,0},{0,0,0,0,0,0,0,0,0},{0,0,0,0,0,0,0,0,0},{0,0,0,0,0,0,0,0,0},{0,0,0,0,0,0,0,0,0}}
]
17:37:10.670 [main] INFO  sudoku.model.SudokuBoard - Wartość 0 wstawiona nieprawidłowo
17:37:10.670 [main] INFO  sudoku.model.SudokuBoard - Bład w kwadracie 0
sudoku.model.SudokuBoard@3d1c933[
  size=9
  solver=sudoku.model.BacktrackingSudokuSolver@79be91eb
  board={{7,5,8,9,1,4,3,2,6},{4,1,2,3,5,6,7,9,8},{6,9,3,2,8,7,1,4,5},{9,4,1,5,6,8,2,3,7},{5,8,6,7,9,0,0,0,0},{0,0,0,0,0,0,0,0,0},{0,0,0,0,0,0,0,0,0},{0,0,0,0,0,0,0,0,0},{0,0,0,0,0,0,0,0,0}}
]
17:37:10.670 [main] INFO  sudoku.model.SudokuBoard - Wartość 0 wstawiona nieprawidłowo
17:37:10.670 [main] INFO  sudoku.model.SudokuBoard - Bład w kwadracie 0
sudoku.model.SudokuBoard@3d1c933[
  size=9
  solver=sudoku.model.BacktrackingSudokuSolver@79be91eb
  board={{7,5,8,9,1,4,3,2,6},{4,1,2,3,5,6,7,9,8},{6,9,3,2,8,7,1,4,5},{9,4,1,5,6,8,2,3,7},{5,8,6,7,9,3,4,0,0},{0,0,0,0,0,0,0,0,0},{0,0,0,0,0,0,0,0,0},{0,0,0,0,0,0,0,0,0},{0,0,0,0,0,0,0,0,0}}
]
17:37:10.670 [main] INFO  sudoku.model.SudokuBoard - Wartość 0 wstawiona nieprawidłowo
17:37:10.671 [main] INFO  sudoku.model.SudokuBoard - Bład w kwadracie 0
sudoku.model.SudokuBoard@3d1c933[
  size=9
  solver=sudoku.model.BacktrackingSudokuSolver@79be91eb
  board={{7,5,8,9,1,4,3,2,6},{4,1,2,3,5,6,7,9,8},{6,9,3,2,8,7,1,4,5},{9,4,1,5,6,8,2,3,7},{5,8,6,7,9,3,0,0,0},{0,0,0,0,0,0,0,0,0},{0,0,0,0,0,0,0,0,0},{0,0,0,0,0,0,0,0,0},{0,0,0,0,0,0,0,0,0}}
]
17:37:10.671 [main] INFO  sudoku.model.SudokuBoard - Wartość 0 wstawiona nieprawidłowo
17:37:10.671 [main] INFO  sudoku.model.SudokuBoard - Bład w kwadracie 0
sudoku.model.SudokuBoard@3d1c933[
  size=9
  solver=sudoku.model.BacktrackingSudokuSolver@79be91eb
  board={{7,5,8,9,1,4,3,2,6},{4,1,2,3,5,6,7,9,8},{6,9,3,2,8,7,1,4,5},{9,4,1,5,6,8,2,3,7},{5,8,6,7,9,0,0,0,0},{0,0,0,0,0,0,0,0,0},{0,0,0,0,0,0,0,0,0},{0,0,0,0,0,0,0,0,0},{0,0,0,0,0,0,0,0,0}}
]
17:37:10.671 [main] INFO  sudoku.model.SudokuBoard - Wartość 0 wstawiona nieprawidłowo
17:37:10.672 [main] INFO  sudoku.model.SudokuBoard - Bład w kwadracie 0
sudoku.model.SudokuBoard@3d1c933[
  size=9
  solver=sudoku.model.BacktrackingSudokuSolver@79be91eb
  board={{7,5,8,9,1,4,3,2,6},{4,1,2,3,5,6,7,9,8},{6,9,3,2,8,7,1,4,5},{9,4,1,5,6,8,2,3,7},{5,8,6,7,0,0,0,0,0},{0,0,0,0,0,0,0,0,0},{0,0,0,0,0,0,0,0,0},{0,0,0,0,0,0,0,0,0},{0,0,0,0,0,0,0,0,0}}
]
17:37:10.672 [main] INFO  sudoku.model.SudokuBoard - Wartość 0 wstawiona nieprawidłowo
17:37:10.672 [main] INFO  sudoku.model.SudokuBoard - Bład w kwadracie 0
sudoku.model.SudokuBoard@3d1c933[
  size=9
  solver=sudoku.model.BacktrackingSudokuSolver@79be91eb
  board={{7,5,8,9,1,4,3,2,6},{4,1,2,3,5,6,7,9,8},{6,9,3,2,8,7,1,4,5},{9,4,1,5,6,8,2,3,7},{5,8,6,7,2,9,4,0,0},{0,0,0,0,0,0,0,0,0},{0,0,0,0,0,0,0,0,0},{0,0,0,0,0,0,0,0,0},{0,0,0,0,0,0,0,0,0}}
]
17:37:10.672 [main] INFO  sudoku.model.SudokuBoard - Wartość 0 wstawiona nieprawidłowo
17:37:10.672 [main] INFO  sudoku.model.SudokuBoard - Bład w kwadracie 0
sudoku.model.SudokuBoard@3d1c933[
  size=9
  solver=sudoku.model.BacktrackingSudokuSolver@79be91eb
  board={{7,5,8,9,1,4,3,2,6},{4,1,2,3,5,6,7,9,8},{6,9,3,2,8,7,1,4,5},{9,4,1,5,6,8,2,3,7},{5,8,6,7,2,9,0,0,0},{0,0,0,0,0,0,0,0,0},{0,0,0,0,0,0,0,0,0},{0,0,0,0,0,0,0,0,0},{0,0,0,0,0,0,0,0,0}}
]
17:37:10.673 [main] INFO  sudoku.model.SudokuBoard - Wartość 0 wstawiona nieprawidłowo
17:37:10.674 [main] INFO  sudoku.model.SudokuBoard - Bład w kwadracie 0
sudoku.model.SudokuBoard@3d1c933[
  size=9
  solver=sudoku.model.BacktrackingSudokuSolver@79be91eb
  board={{7,5,8,9,1,4,3,2,6},{4,1,2,3,5,6,7,9,8},{6,9,3,2,8,7,1,4,5},{9,4,1,5,6,8,2,3,7},{5,8,6,7,2,0,0,0,0},{0,0,0,0,0,0,0,0,0},{0,0,0,0,0,0,0,0,0},{0,0,0,0,0,0,0,0,0},{0,0,0,0,0,0,0,0,0}}
]
17:37:10.675 [main] INFO  sudoku.model.SudokuBoard - Wartość 0 wstawiona nieprawidłowo
17:37:10.675 [main] INFO  sudoku.model.SudokuBoard - Bład w kwadracie 0
sudoku.model.SudokuBoard@3d1c933[
  size=9
  solver=sudoku.model.BacktrackingSudokuSolver@79be91eb
  board={{7,5,8,9,1,4,3,2,6},{4,1,2,3,5,6,7,9,8},{6,9,3,2,8,7,1,4,5},{9,4,1,5,6,8,2,3,7},{5,8,6,7,2,1,0,0,0},{0,0,0,0,0,0,0,0,0},{0,0,0,0,0,0,0,0,0},{0,0,0,0,0,0,0,0,0},{0,0,0,0,0,0,0,0,0}}
]
17:37:10.675 [main] INFO  sudoku.model.SudokuBoard - Wartość 0 wstawiona nieprawidłowo
17:37:10.678 [main] INFO  sudoku.model.SudokuBoard - Bład w kwadracie 0
sudoku.model.SudokuBoard@3d1c933[
  size=9
  solver=sudoku.model.BacktrackingSudokuSolver@79be91eb
  board={{7,5,8,9,1,4,3,2,6},{4,1,2,3,5,6,7,9,8},{6,9,3,2,8,7,1,4,5},{9,4,1,5,6,8,2,3,7},{5,8,6,7,2,1,0,0,0},{0,0,0,0,0,0,0,0,0},{0,0,0,0,0,0,0,0,0},{0,0,0,0,0,0,0,0,0},{0,0,0,0,0,0,0,0,0}}
]
17:37:10.678 [main] INFO  sudoku.model.SudokuBoard - Wartość 0 wstawiona nieprawidłowo
17:37:10.678 [main] INFO  sudoku.model.SudokuBoard - Bład w kwadracie 0
sudoku.model.SudokuBoard@3d1c933[
  size=9
  solver=sudoku.model.BacktrackingSudokuSolver@79be91eb
  board={{7,5,8,9,1,4,3,2,6},{4,1,2,3,5,6,7,9,8},{6,9,3,2,8,7,1,4,5},{9,4,1,5,6,8,2,3,7},{5,8,6,7,2,0,0,0,0},{0,0,0,0,0,0,0,0,0},{0,0,0,0,0,0,0,0,0},{0,0,0,0,0,0,0,0,0},{0,0,0,0,0,0,0,0,0}}
]
17:37:10.678 [main] INFO  sudoku.model.SudokuBoard - Wartość 0 wstawiona nieprawidłowo
17:37:10.679 [main] INFO  sudoku.model.SudokuBoard - Bład w kwadracie 0
sudoku.model.SudokuBoard@3d1c933[
  size=9
  solver=sudoku.model.BacktrackingSudokuSolver@79be91eb
  board={{7,5,8,9,1,4,3,2,6},{4,1,2,3,5,6,7,9,8},{6,9,3,2,8,7,1,4,5},{9,4,1,5,6,8,2,3,7},{5,8,6,7,2,3,4,1,9},{2,3,7,4,9,1,6,0,0},{0,0,0,0,0,0,0,0,0},{0,0,0,0,0,0,0,0,0},{0,0,0,0,0,0,0,0,0}}
]
17:37:10.679 [main] INFO  sudoku.model.SudokuBoard - Wartość 0 wstawiona nieprawidłowo
17:37:10.686 [main] INFO  sudoku.model.SudokuBoard - Bład w kwadracie 0
sudoku.model.SudokuBoard@3d1c933[
  size=9
  solver=sudoku.model.BacktrackingSudokuSolver@79be91eb
  board={{7,5,8,9,1,4,3,2,6},{4,1,2,3,5,6,7,9,8},{6,9,3,2,8,7,1,4,5},{9,4,1,5,6,8,2,3,7},{5,8,6,7,2,3,4,1,9},{2,3,7,4,9,1,6,0,0},{0,0,0,0,0,0,0,0,0},{0,0,0,0,0,0,0,0,0},{0,0,0,0,0,0,0,0,0}}
]
17:37:10.686 [main] INFO  sudoku.model.SudokuBoard - Wartość 0 wstawiona nieprawidłowo
17:37:10.686 [main] INFO  sudoku.model.SudokuBoard - Bład w kwadracie 0
sudoku.model.SudokuBoard@3d1c933[
  size=9
  solver=sudoku.model.BacktrackingSudokuSolver@79be91eb
  board={{7,5,8,9,1,4,3,2,6},{4,1,2,3,5,6,7,9,8},{6,9,3,2,8,7,1,4,5},{9,4,1,5,6,8,2,3,7},{5,8,6,7,2,3,4,1,9},{2,3,7,4,9,1,0,0,0},{0,0,0,0,0,0,0,0,0},{0,0,0,0,0,0,0,0,0},{0,0,0,0,0,0,0,0,0}}
]
17:37:10.686 [main] INFO  sudoku.model.SudokuBoard - Wartość 0 wstawiona nieprawidłowo
17:37:10.686 [main] INFO  sudoku.model.SudokuBoard - Bład w kwadracie 0
sudoku.model.SudokuBoard@3d1c933[
  size=9
  solver=sudoku.model.BacktrackingSudokuSolver@79be91eb
  board={{7,5,8,9,1,4,3,2,6},{4,1,2,3,5,6,7,9,8},{6,9,3,2,8,7,1,4,5},{9,4,1,5,6,8,2,3,7},{5,8,6,7,2,3,4,1,9},{2,3,7,4,9,1,8,0,0},{0,0,0,0,0,0,0,0,0},{0,0,0,0,0,0,0,0,0},{0,0,0,0,0,0,0,0,0}}
]
17:37:10.686 [main] INFO  sudoku.model.SudokuBoard - Wartość 0 wstawiona nieprawidłowo
17:37:10.687 [main] INFO  sudoku.model.SudokuBoard - Bład w kwadracie 0
sudoku.model.SudokuBoard@3d1c933[
  size=9
  solver=sudoku.model.BacktrackingSudokuSolver@79be91eb
  board={{7,5,8,9,1,4,3,2,6},{4,1,2,3,5,6,7,9,8},{6,9,3,2,8,7,1,4,5},{9,4,1,5,6,8,2,3,7},{5,8,6,7,2,3,4,1,9},{2,3,7,4,9,1,8,0,0},{0,0,0,0,0,0,0,0,0},{0,0,0,0,0,0,0,0,0},{0,0,0,0,0,0,0,0,0}}
]
17:37:10.687 [main] INFO  sudoku.model.SudokuBoard - Wartość 0 wstawiona nieprawidłowo
17:37:10.688 [main] INFO  sudoku.model.SudokuBoard - Bład w kwadracie 0
sudoku.model.SudokuBoard@3d1c933[
  size=9
  solver=sudoku.model.BacktrackingSudokuSolver@79be91eb
  board={{7,5,8,9,1,4,3,2,6},{4,1,2,3,5,6,7,9,8},{6,9,3,2,8,7,1,4,5},{9,4,1,5,6,8,2,3,7},{5,8,6,7,2,3,4,1,9},{2,3,7,4,9,1,0,0,0},{0,0,0,0,0,0,0,0,0},{0,0,0,0,0,0,0,0,0},{0,0,0,0,0,0,0,0,0}}
]
17:37:10.688 [main] INFO  sudoku.model.SudokuBoard - Wartość 0 wstawiona nieprawidłowo
17:37:10.688 [main] INFO  sudoku.model.SudokuBoard - Bład w kwadracie 0
sudoku.model.SudokuBoard@3d1c933[
  size=9
  solver=sudoku.model.BacktrackingSudokuSolver@79be91eb
  board={{7,5,8,9,1,4,3,2,6},{4,1,2,3,5,6,7,9,8},{6,9,3,2,8,7,1,4,5},{9,4,1,5,6,8,2,3,7},{5,8,6,7,2,3,4,1,9},{2,3,7,4,9,1,5,0,0},{0,0,0,0,0,0,0,0,0},{0,0,0,0,0,0,0,0,0},{0,0,0,0,0,0,0,0,0}}
]
17:37:10.688 [main] INFO  sudoku.model.SudokuBoard - Wartość 0 wstawiona nieprawidłowo
17:37:10.698 [main] INFO  sudoku.model.SudokuBoard - Bład w kwadracie 0
sudoku.model.SudokuBoard@3d1c933[
  size=9
  solver=sudoku.model.BacktrackingSudokuSolver@79be91eb
  board={{7,5,8,9,1,4,3,2,6},{4,1,2,3,5,6,7,9,8},{6,9,3,2,8,7,1,4,5},{9,4,1,5,6,8,2,3,7},{5,8,6,7,2,3,4,1,9},{2,3,7,4,9,1,5,0,0},{0,0,0,0,0,0,0,0,0},{0,0,0,0,0,0,0,0,0},{0,0,0,0,0,0,0,0,0}}
]
17:37:10.698 [main] INFO  sudoku.model.SudokuBoard - Wartość 0 wstawiona nieprawidłowo
17:37:10.698 [main] INFO  sudoku.model.SudokuBoard - Bład w kwadracie 0
sudoku.model.SudokuBoard@3d1c933[
  size=9
  solver=sudoku.model.BacktrackingSudokuSolver@79be91eb
  board={{7,5,8,9,1,4,3,2,6},{4,1,2,3,5,6,7,9,8},{6,9,3,2,8,7,1,4,5},{9,4,1,5,6,8,2,3,7},{5,8,6,7,2,3,4,1,9},{2,3,7,4,9,1,0,0,0},{0,0,0,0,0,0,0,0,0},{0,0,0,0,0,0,0,0,0},{0,0,0,0,0,0,0,0,0}}
]
17:37:10.698 [main] INFO  sudoku.model.SudokuBoard - Wartość 0 wstawiona nieprawidłowo
17:37:10.698 [main] INFO  sudoku.model.SudokuBoard - Bład w kwadracie 0
sudoku.model.SudokuBoard@3d1c933[
  size=9
  solver=sudoku.model.BacktrackingSudokuSolver@79be91eb
  board={{7,5,8,9,1,4,3,2,6},{4,1,2,3,5,6,7,9,8},{6,9,3,2,8,7,1,4,5},{9,4,1,5,6,8,2,3,7},{5,8,6,7,2,3,4,1,9},{2,3,7,4,9,0,0,0,0},{0,0,0,0,0,0,0,0,0},{0,0,0,0,0,0,0,0,0},{0,0,0,0,0,0,0,0,0}}
]
17:37:10.710 [main] INFO  sudoku.model.SudokuBoard - Wartość 0 wstawiona nieprawidłowo
17:37:10.713 [main] INFO  sudoku.model.SudokuBoard - Bład w kwadracie 0
sudoku.model.SudokuBoard@3d1c933[
  size=9
  solver=sudoku.model.BacktrackingSudokuSolver@79be91eb
  board={{7,5,8,9,1,4,3,2,6},{4,1,2,3,5,6,7,9,8},{6,9,3,2,8,7,1,4,5},{9,4,1,5,6,8,2,3,7},{5,8,6,7,2,3,4,1,9},{2,3,7,4,0,0,0,0,0},{0,0,0,0,0,0,0,0,0},{0,0,0,0,0,0,0,0,0},{0,0,0,0,0,0,0,0,0}}
]
17:37:10.713 [main] INFO  sudoku.model.SudokuBoard - Wartość 0 wstawiona nieprawidłowo
17:37:10.713 [main] INFO  sudoku.model.SudokuBoard - Bład w kwadracie 0
sudoku.model.SudokuBoard@3d1c933[
  size=9
  solver=sudoku.model.BacktrackingSudokuSolver@79be91eb
  board={{7,5,8,9,1,4,3,2,6},{4,1,2,3,5,6,7,9,8},{6,9,3,2,8,7,1,4,5},{9,4,1,5,6,8,2,3,7},{5,8,6,7,2,3,4,1,9},{2,3,7,0,0,0,0,0,0},{0,0,0,0,0,0,0,0,0},{0,0,0,0,0,0,0,0,0},{0,0,0,0,0,0,0,0,0}}
]
17:37:10.713 [main] INFO  sudoku.model.SudokuBoard - Wartość 0 wstawiona nieprawidłowo
17:37:10.713 [main] INFO  sudoku.model.SudokuBoard - Bład w kwadracie 0
sudoku.model.SudokuBoard@3d1c933[
  size=9
  solver=sudoku.model.BacktrackingSudokuSolver@79be91eb
  board={{7,5,8,9,1,4,3,2,6},{4,1,2,3,5,6,7,9,8},{6,9,3,2,8,7,1,4,5},{9,4,1,5,6,8,2,3,7},{5,8,6,7,2,3,4,1,9},{2,3,7,1,0,0,0,0,0},{0,0,0,0,0,0,0,0,0},{0,0,0,0,0,0,0,0,0},{0,0,0,0,0,0,0,0,0}}
]
17:37:10.714 [main] INFO  sudoku.model.SudokuBoard - Wartość 0 wstawiona nieprawidłowo
17:37:10.715 [main] INFO  sudoku.model.SudokuBoard - Bład w kwadracie 0
sudoku.model.SudokuBoard@3d1c933[
  size=9
  solver=sudoku.model.BacktrackingSudokuSolver@79be91eb
  board={{7,5,8,9,1,4,3,2,6},{4,1,2,3,5,6,7,9,8},{6,9,3,2,8,7,1,4,5},{9,4,1,5,6,8,2,3,7},{5,8,6,7,2,3,4,1,9},{2,3,7,1,4,9,8,0,0},{0,0,0,0,0,0,0,0,0},{0,0,0,0,0,0,0,0,0},{0,0,0,0,0,0,0,0,0}}
]
17:37:10.715 [main] INFO  sudoku.model.SudokuBoard - Wartość 0 wstawiona nieprawidłowo
17:37:10.715 [main] INFO  sudoku.model.SudokuBoard - Bład w kwadracie 0
sudoku.model.SudokuBoard@3d1c933[
  size=9
  solver=sudoku.model.BacktrackingSudokuSolver@79be91eb
  board={{7,5,8,9,1,4,3,2,6},{4,1,2,3,5,6,7,9,8},{6,9,3,2,8,7,1,4,5},{9,4,1,5,6,8,2,3,7},{5,8,6,7,2,3,4,1,9},{2,3,7,1,4,9,8,0,0},{0,0,0,0,0,0,0,0,0},{0,0,0,0,0,0,0,0,0},{0,0,0,0,0,0,0,0,0}}
]
17:37:10.715 [main] INFO  sudoku.model.SudokuBoard - Wartość 0 wstawiona nieprawidłowo
17:37:10.715 [main] INFO  sudoku.model.SudokuBoard - Bład w kwadracie 0
sudoku.model.SudokuBoard@3d1c933[
  size=9
  solver=sudoku.model.BacktrackingSudokuSolver@79be91eb
  board={{7,5,8,9,1,4,3,2,6},{4,1,2,3,5,6,7,9,8},{6,9,3,2,8,7,1,4,5},{9,4,1,5,6,8,2,3,7},{5,8,6,7,2,3,4,1,9},{2,3,7,1,4,9,0,0,0},{0,0,0,0,0,0,0,0,0},{0,0,0,0,0,0,0,0,0},{0,0,0,0,0,0,0,0,0}}
]
17:37:10.716 [main] INFO  sudoku.model.SudokuBoard - Wartość 0 wstawiona nieprawidłowo
17:37:10.716 [main] INFO  sudoku.model.SudokuBoard - Bład w kwadracie 0
sudoku.model.SudokuBoard@3d1c933[
  size=9
  solver=sudoku.model.BacktrackingSudokuSolver@79be91eb
  board={{7,5,8,9,1,4,3,2,6},{4,1,2,3,5,6,7,9,8},{6,9,3,2,8,7,1,4,5},{9,4,1,5,6,8,2,3,7},{5,8,6,7,2,3,4,1,9},{2,3,7,1,4,9,5,0,0},{0,0,0,0,0,0,0,0,0},{0,0,0,0,0,0,0,0,0},{0,0,0,0,0,0,0,0,0}}
]
17:37:10.716 [main] INFO  sudoku.model.SudokuBoard - Wartość 0 wstawiona nieprawidłowo
17:37:10.716 [main] INFO  sudoku.model.SudokuBoard - Bład w kwadracie 0
sudoku.model.SudokuBoard@3d1c933[
  size=9
  solver=sudoku.model.BacktrackingSudokuSolver@79be91eb
  board={{7,5,8,9,1,4,3,2,6},{4,1,2,3,5,6,7,9,8},{6,9,3,2,8,7,1,4,5},{9,4,1,5,6,8,2,3,7},{5,8,6,7,2,3,4,1,9},{2,3,7,1,4,9,5,0,0},{0,0,0,0,0,0,0,0,0},{0,0,0,0,0,0,0,0,0},{0,0,0,0,0,0,0,0,0}}
]
17:37:10.716 [main] INFO  sudoku.model.SudokuBoard - Wartość 0 wstawiona nieprawidłowo
17:37:10.717 [main] INFO  sudoku.model.SudokuBoard - Bład w kwadracie 0
sudoku.model.SudokuBoard@3d1c933[
  size=9
  solver=sudoku.model.BacktrackingSudokuSolver@79be91eb
  board={{7,5,8,9,1,4,3,2,6},{4,1,2,3,5,6,7,9,8},{6,9,3,2,8,7,1,4,5},{9,4,1,5,6,8,2,3,7},{5,8,6,7,2,3,4,1,9},{2,3,7,1,4,9,0,0,0},{0,0,0,0,0,0,0,0,0},{0,0,0,0,0,0,0,0,0},{0,0,0,0,0,0,0,0,0}}
]
17:37:10.717 [main] INFO  sudoku.model.SudokuBoard - Wartość 0 wstawiona nieprawidłowo
17:37:10.717 [main] INFO  sudoku.model.SudokuBoard - Bład w kwadracie 0
sudoku.model.SudokuBoard@3d1c933[
  size=9
  solver=sudoku.model.BacktrackingSudokuSolver@79be91eb
  board={{7,5,8,9,1,4,3,2,6},{4,1,2,3,5,6,7,9,8},{6,9,3,2,8,7,1,4,5},{9,4,1,5,6,8,2,3,7},{5,8,6,7,2,3,4,1,9},{2,3,7,1,4,9,6,0,0},{0,0,0,0,0,0,0,0,0},{0,0,0,0,0,0,0,0,0},{0,0,0,0,0,0,0,0,0}}
]
17:37:10.717 [main] INFO  sudoku.model.SudokuBoard - Wartość 0 wstawiona nieprawidłowo
17:37:10.718 [main] INFO  sudoku.model.SudokuBoard - Bład w kwadracie 0
sudoku.model.SudokuBoard@3d1c933[
  size=9
  solver=sudoku.model.BacktrackingSudokuSolver@79be91eb
  board={{7,5,8,9,1,4,3,2,6},{4,1,2,3,5,6,7,9,8},{6,9,3,2,8,7,1,4,5},{9,4,1,5,6,8,2,3,7},{5,8,6,7,2,3,4,1,9},{2,3,7,1,4,9,6,0,0},{0,0,0,0,0,0,0,0,0},{0,0,0,0,0,0,0,0,0},{0,0,0,0,0,0,0,0,0}}
]
17:37:10.718 [main] INFO  sudoku.model.SudokuBoard - Wartość 0 wstawiona nieprawidłowo
17:37:10.718 [main] INFO  sudoku.model.SudokuBoard - Bład w kwadracie 0
sudoku.model.SudokuBoard@3d1c933[
  size=9
  solver=sudoku.model.BacktrackingSudokuSolver@79be91eb
  board={{7,5,8,9,1,4,3,2,6},{4,1,2,3,5,6,7,9,8},{6,9,3,2,8,7,1,4,5},{9,4,1,5,6,8,2,3,7},{5,8,6,7,2,3,4,1,9},{2,3,7,1,4,9,0,0,0},{0,0,0,0,0,0,0,0,0},{0,0,0,0,0,0,0,0,0},{0,0,0,0,0,0,0,0,0}}
]
17:37:10.719 [main] INFO  sudoku.model.SudokuBoard - Wartość 0 wstawiona nieprawidłowo
17:37:10.719 [main] INFO  sudoku.model.SudokuBoard - Bład w kwadracie 0
sudoku.model.SudokuBoard@3d1c933[
  size=9
  solver=sudoku.model.BacktrackingSudokuSolver@79be91eb
  board={{7,5,8,9,1,4,3,2,6},{4,1,2,3,5,6,7,9,8},{6,9,3,2,8,7,1,4,5},{9,4,1,5,6,8,2,3,7},{5,8,6,7,2,3,4,1,9},{2,3,7,1,4,0,0,0,0},{0,0,0,0,0,0,0,0,0},{0,0,0,0,0,0,0,0,0},{0,0,0,0,0,0,0,0,0}}
]
17:37:10.723 [main] INFO  sudoku.model.SudokuBoard - Wartość 0 wstawiona nieprawidłowo
17:37:10.723 [main] INFO  sudoku.model.SudokuBoard - Bład w kwadracie 0
sudoku.model.SudokuBoard@3d1c933[
  size=9
  solver=sudoku.model.BacktrackingSudokuSolver@79be91eb
  board={{7,5,8,9,1,4,3,2,6},{4,1,2,3,5,6,7,9,8},{6,9,3,2,8,7,1,4,5},{9,4,1,5,6,8,2,3,7},{5,8,6,7,2,3,4,1,9},{2,3,7,1,0,0,0,0,0},{0,0,0,0,0,0,0,0,0},{0,0,0,0,0,0,0,0,0},{0,0,0,0,0,0,0,0,0}}
]
17:37:10.724 [main] INFO  sudoku.model.SudokuBoard - Wartość 0 wstawiona nieprawidłowo
17:37:10.724 [main] INFO  sudoku.model.SudokuBoard - Bład w kwadracie 0
sudoku.model.SudokuBoard@3d1c933[
  size=9
  solver=sudoku.model.BacktrackingSudokuSolver@79be91eb
  board={{7,5,8,9,1,4,3,2,6},{4,1,2,3,5,6,7,9,8},{6,9,3,2,8,7,1,4,5},{9,4,1,5,6,8,2,3,7},{5,8,6,7,2,3,4,1,9},{2,3,7,0,0,0,0,0,0},{0,0,0,0,0,0,0,0,0},{0,0,0,0,0,0,0,0,0},{0,0,0,0,0,0,0,0,0}}
]
17:37:10.724 [main] INFO  sudoku.model.SudokuBoard - Wartość 0 wstawiona nieprawidłowo
17:37:10.725 [main] INFO  sudoku.model.SudokuBoard - Bład w kwadracie 0
sudoku.model.SudokuBoard@3d1c933[
  size=9
  solver=sudoku.model.BacktrackingSudokuSolver@79be91eb
  board={{7,5,8,9,1,4,3,2,6},{4,1,2,3,5,6,7,9,8},{6,9,3,2,8,7,1,4,5},{9,4,1,5,6,8,2,3,7},{5,8,6,7,2,3,4,1,9},{2,3,0,0,0,0,0,0,0},{0,0,0,0,0,0,0,0,0},{0,0,0,0,0,0,0,0,0},{0,0,0,0,0,0,0,0,0}}
]
17:37:10.725 [main] INFO  sudoku.model.SudokuBoard - Wartość 0 wstawiona nieprawidłowo
17:37:10.725 [main] INFO  sudoku.model.SudokuBoard - Bład w kwadracie 0
sudoku.model.SudokuBoard@3d1c933[
  size=9
  solver=sudoku.model.BacktrackingSudokuSolver@79be91eb
  board={{7,5,8,9,1,4,3,2,6},{4,1,2,3,5,6,7,9,8},{6,9,3,2,8,7,1,4,5},{9,4,1,5,6,8,2,3,7},{5,8,6,7,2,3,4,1,9},{2,0,0,0,0,0,0,0,0},{0,0,0,0,0,0,0,0,0},{0,0,0,0,0,0,0,0,0},{0,0,0,0,0,0,0,0,0}}
]
17:37:10.725 [main] INFO  sudoku.model.SudokuBoard - Wartość 0 wstawiona nieprawidłowo
17:37:10.726 [main] INFO  sudoku.model.SudokuBoard - Bład w kwadracie 0
sudoku.model.SudokuBoard@3d1c933[
  size=9
  solver=sudoku.model.BacktrackingSudokuSolver@79be91eb
  board={{7,5,8,9,1,4,3,2,6},{4,1,2,3,5,6,7,9,8},{6,9,3,2,8,7,1,4,5},{9,4,1,5,6,8,2,3,7},{5,8,6,7,2,3,4,1,9},{2,0,0,0,0,0,0,0,0},{0,0,0,0,0,0,0,0,0},{0,0,0,0,0,0,0,0,0},{0,0,0,0,0,0,0,0,0}}
]
17:37:10.726 [main] INFO  sudoku.model.SudokuBoard - Wartość 0 wstawiona nieprawidłowo
17:37:10.726 [main] INFO  sudoku.model.SudokuBoard - Bład w kwadracie 0
sudoku.model.SudokuBoard@3d1c933[
  size=9
  solver=sudoku.model.BacktrackingSudokuSolver@79be91eb
  board={{7,5,8,9,1,4,3,2,6},{4,1,2,3,5,6,7,9,8},{6,9,3,2,8,7,1,4,5},{9,4,1,5,6,8,2,3,7},{5,8,6,7,2,3,4,1,9},{0,0,0,0,0,0,0,0,0},{0,0,0,0,0,0,0,0,0},{0,0,0,0,0,0,0,0,0},{0,0,0,0,0,0,0,0,0}}
]
17:37:10.726 [main] INFO  sudoku.model.SudokuBoard - Wartość 0 wstawiona nieprawidłowo
17:37:10.750 [main] INFO  sudoku.model.SudokuBoard - Bład w kwadracie 0
sudoku.model.SudokuBoard@3d1c933[
  size=9
  solver=sudoku.model.BacktrackingSudokuSolver@79be91eb
  board={{7,5,8,9,1,4,3,2,6},{4,1,2,3,5,6,7,9,8},{6,9,3,2,8,7,1,4,5},{9,4,1,5,6,8,2,3,7},{5,8,6,7,2,3,4,1,9},{3,2,7,1,4,9,5,0,0},{0,0,0,0,0,0,0,0,0},{0,0,0,0,0,0,0,0,0},{0,0,0,0,0,0,0,0,0}}
]
17:37:10.750 [main] INFO  sudoku.model.SudokuBoard - Wartość 0 wstawiona nieprawidłowo
17:37:10.750 [main] INFO  sudoku.model.SudokuBoard - Bład w kwadracie 0
sudoku.model.SudokuBoard@3d1c933[
  size=9
  solver=sudoku.model.BacktrackingSudokuSolver@79be91eb
  board={{7,5,8,9,1,4,3,2,6},{4,1,2,3,5,6,7,9,8},{6,9,3,2,8,7,1,4,5},{9,4,1,5,6,8,2,3,7},{5,8,6,7,2,3,4,1,9},{3,2,7,1,4,9,5,0,0},{0,0,0,0,0,0,0,0,0},{0,0,0,0,0,0,0,0,0},{0,0,0,0,0,0,0,0,0}}
]
17:37:10.750 [main] INFO  sudoku.model.SudokuBoard - Wartość 0 wstawiona nieprawidłowo
17:37:10.750 [main] INFO  sudoku.model.SudokuBoard - Bład w kwadracie 0
sudoku.model.SudokuBoard@3d1c933[
  size=9
  solver=sudoku.model.BacktrackingSudokuSolver@79be91eb
  board={{7,5,8,9,1,4,3,2,6},{4,1,2,3,5,6,7,9,8},{6,9,3,2,8,7,1,4,5},{9,4,1,5,6,8,2,3,7},{5,8,6,7,2,3,4,1,9},{3,2,7,1,4,9,0,0,0},{0,0,0,0,0,0,0,0,0},{0,0,0,0,0,0,0,0,0},{0,0,0,0,0,0,0,0,0}}
]
17:37:10.751 [main] INFO  sudoku.model.SudokuBoard - Wartość 0 wstawiona nieprawidłowo
17:37:10.751 [main] INFO  sudoku.model.SudokuBoard - Bład w kwadracie 0
sudoku.model.SudokuBoard@3d1c933[
  size=9
  solver=sudoku.model.BacktrackingSudokuSolver@79be91eb
  board={{7,5,8,9,1,4,3,2,6},{4,1,2,3,5,6,7,9,8},{6,9,3,2,8,7,1,4,5},{9,4,1,5,6,8,2,3,7},{5,8,6,7,2,3,4,1,9},{3,2,7,1,4,9,6,0,0},{0,0,0,0,0,0,0,0,0},{0,0,0,0,0,0,0,0,0},{0,0,0,0,0,0,0,0,0}}
]
17:37:10.751 [main] INFO  sudoku.model.SudokuBoard - Wartość 0 wstawiona nieprawidłowo
17:37:10.751 [main] INFO  sudoku.model.SudokuBoard - Bład w kwadracie 0
sudoku.model.SudokuBoard@3d1c933[
  size=9
  solver=sudoku.model.BacktrackingSudokuSolver@79be91eb
  board={{7,5,8,9,1,4,3,2,6},{4,1,2,3,5,6,7,9,8},{6,9,3,2,8,7,1,4,5},{9,4,1,5,6,8,2,3,7},{5,8,6,7,2,3,4,1,9},{3,2,7,1,4,9,6,0,0},{0,0,0,0,0,0,0,0,0},{0,0,0,0,0,0,0,0,0},{0,0,0,0,0,0,0,0,0}}
]
17:37:10.751 [main] INFO  sudoku.model.SudokuBoard - Wartość 0 wstawiona nieprawidłowo
17:37:10.751 [main] INFO  sudoku.model.SudokuBoard - Bład w kwadracie 0
sudoku.model.SudokuBoard@3d1c933[
  size=9
  solver=sudoku.model.BacktrackingSudokuSolver@79be91eb
  board={{7,5,8,9,1,4,3,2,6},{4,1,2,3,5,6,7,9,8},{6,9,3,2,8,7,1,4,5},{9,4,1,5,6,8,2,3,7},{5,8,6,7,2,3,4,1,9},{3,2,7,1,4,9,0,0,0},{0,0,0,0,0,0,0,0,0},{0,0,0,0,0,0,0,0,0},{0,0,0,0,0,0,0,0,0}}
]
17:37:10.752 [main] INFO  sudoku.model.SudokuBoard - Wartość 0 wstawiona nieprawidłowo
17:37:10.752 [main] INFO  sudoku.model.SudokuBoard - Bład w kwadracie 0
sudoku.model.SudokuBoard@3d1c933[
  size=9
  solver=sudoku.model.BacktrackingSudokuSolver@79be91eb
  board={{7,5,8,9,1,4,3,2,6},{4,1,2,3,5,6,7,9,8},{6,9,3,2,8,7,1,4,5},{9,4,1,5,6,8,2,3,7},{5,8,6,7,2,3,4,1,9},{3,2,7,1,4,9,8,0,0},{0,0,0,0,0,0,0,0,0},{0,0,0,0,0,0,0,0,0},{0,0,0,0,0,0,0,0,0}}
]
17:37:10.752 [main] INFO  sudoku.model.SudokuBoard - Wartość 0 wstawiona nieprawidłowo
17:37:10.752 [main] INFO  sudoku.model.SudokuBoard - Bład w kwadracie 0
sudoku.model.SudokuBoard@3d1c933[
  size=9
  solver=sudoku.model.BacktrackingSudokuSolver@79be91eb
  board={{7,5,8,9,1,4,3,2,6},{4,1,2,3,5,6,7,9,8},{6,9,3,2,8,7,1,4,5},{9,4,1,5,6,8,2,3,7},{5,8,6,7,2,3,4,1,9},{3,2,7,1,4,9,8,0,0},{0,0,0,0,0,0,0,0,0},{0,0,0,0,0,0,0,0,0},{0,0,0,0,0,0,0,0,0}}
]
17:37:10.752 [main] INFO  sudoku.model.SudokuBoard - Wartość 0 wstawiona nieprawidłowo
17:37:10.752 [main] INFO  sudoku.model.SudokuBoard - Bład w kwadracie 0
sudoku.model.SudokuBoard@3d1c933[
  size=9
  solver=sudoku.model.BacktrackingSudokuSolver@79be91eb
  board={{7,5,8,9,1,4,3,2,6},{4,1,2,3,5,6,7,9,8},{6,9,3,2,8,7,1,4,5},{9,4,1,5,6,8,2,3,7},{5,8,6,7,2,3,4,1,9},{3,2,7,1,4,9,0,0,0},{0,0,0,0,0,0,0,0,0},{0,0,0,0,0,0,0,0,0},{0,0,0,0,0,0,0,0,0}}
]
17:37:10.752 [main] INFO  sudoku.model.SudokuBoard - Wartość 0 wstawiona nieprawidłowo
17:37:10.752 [main] INFO  sudoku.model.SudokuBoard - Bład w kwadracie 0
sudoku.model.SudokuBoard@3d1c933[
  size=9
  solver=sudoku.model.BacktrackingSudokuSolver@79be91eb
  board={{7,5,8,9,1,4,3,2,6},{4,1,2,3,5,6,7,9,8},{6,9,3,2,8,7,1,4,5},{9,4,1,5,6,8,2,3,7},{5,8,6,7,2,3,4,1,9},{3,2,7,1,4,0,0,0,0},{0,0,0,0,0,0,0,0,0},{0,0,0,0,0,0,0,0,0},{0,0,0,0,0,0,0,0,0}}
]
17:37:10.752 [main] INFO  sudoku.model.SudokuBoard - Wartość 0 wstawiona nieprawidłowo
17:37:10.753 [main] INFO  sudoku.model.SudokuBoard - Bład w kwadracie 0
sudoku.model.SudokuBoard@3d1c933[
  size=9
  solver=sudoku.model.BacktrackingSudokuSolver@79be91eb
  board={{7,5,8,9,1,4,3,2,6},{4,1,2,3,5,6,7,9,8},{6,9,3,2,8,7,1,4,5},{9,4,1,5,6,8,2,3,7},{5,8,6,7,2,3,4,1,9},{3,2,7,1,0,0,0,0,0},{0,0,0,0,0,0,0,0,0},{0,0,0,0,0,0,0,0,0},{0,0,0,0,0,0,0,0,0}}
]
17:37:10.753 [main] INFO  sudoku.model.SudokuBoard - Wartość 0 wstawiona nieprawidłowo
17:37:10.753 [main] INFO  sudoku.model.SudokuBoard - Bład w kwadracie 0
sudoku.model.SudokuBoard@3d1c933[
  size=9
  solver=sudoku.model.BacktrackingSudokuSolver@79be91eb
  board={{7,5,8,9,1,4,3,2,6},{4,1,2,3,5,6,7,9,8},{6,9,3,2,8,7,1,4,5},{9,4,1,5,6,8,2,3,7},{5,8,6,7,2,3,4,1,9},{3,2,7,1,0,0,0,0,0},{0,0,0,0,0,0,0,0,0},{0,0,0,0,0,0,0,0,0},{0,0,0,0,0,0,0,0,0}}
]
17:37:10.753 [main] INFO  sudoku.model.SudokuBoard - Wartość 0 wstawiona nieprawidłowo
17:37:10.753 [main] INFO  sudoku.model.SudokuBoard - Bład w kwadracie 0
sudoku.model.SudokuBoard@3d1c933[
  size=9
  solver=sudoku.model.BacktrackingSudokuSolver@79be91eb
  board={{7,5,8,9,1,4,3,2,6},{4,1,2,3,5,6,7,9,8},{6,9,3,2,8,7,1,4,5},{9,4,1,5,6,8,2,3,7},{5,8,6,7,2,3,4,1,9},{3,2,7,0,0,0,0,0,0},{0,0,0,0,0,0,0,0,0},{0,0,0,0,0,0,0,0,0},{0,0,0,0,0,0,0,0,0}}
]
17:37:10.753 [main] INFO  sudoku.model.SudokuBoard - Wartość 0 wstawiona nieprawidłowo
17:37:10.754 [main] INFO  sudoku.model.SudokuBoard - Bład w kwadracie 0
sudoku.model.SudokuBoard@3d1c933[
  size=9
  solver=sudoku.model.BacktrackingSudokuSolver@79be91eb
  board={{7,5,8,9,1,4,3,2,6},{4,1,2,3,5,6,7,9,8},{6,9,3,2,8,7,1,4,5},{9,4,1,5,6,8,2,3,7},{5,8,6,7,2,3,4,1,9},{3,2,7,4,9,1,5,0,0},{0,0,0,0,0,0,0,0,0},{0,0,0,0,0,0,0,0,0},{0,0,0,0,0,0,0,0,0}}
]
17:37:10.755 [main] INFO  sudoku.model.SudokuBoard - Wartość 0 wstawiona nieprawidłowo
17:37:10.755 [main] INFO  sudoku.model.SudokuBoard - Bład w kwadracie 0
sudoku.model.SudokuBoard@3d1c933[
  size=9
  solver=sudoku.model.BacktrackingSudokuSolver@79be91eb
  board={{7,5,8,9,1,4,3,2,6},{4,1,2,3,5,6,7,9,8},{6,9,3,2,8,7,1,4,5},{9,4,1,5,6,8,2,3,7},{5,8,6,7,2,3,4,1,9},{3,2,7,4,9,1,5,0,0},{0,0,0,0,0,0,0,0,0},{0,0,0,0,0,0,0,0,0},{0,0,0,0,0,0,0,0,0}}
]
17:37:10.763 [main] INFO  sudoku.model.SudokuBoard - Wartość 0 wstawiona nieprawidłowo
17:37:10.775 [main] INFO  sudoku.model.SudokuBoard - Bład w kwadracie 0
sudoku.model.SudokuBoard@3d1c933[
  size=9
  solver=sudoku.model.BacktrackingSudokuSolver@79be91eb
  board={{7,5,8,9,1,4,3,2,6},{4,1,2,3,5,6,7,9,8},{6,9,3,2,8,7,1,4,5},{9,4,1,5,6,8,2,3,7},{5,8,6,7,2,3,4,1,9},{3,2,7,4,9,1,0,0,0},{0,0,0,0,0,0,0,0,0},{0,0,0,0,0,0,0,0,0},{0,0,0,0,0,0,0,0,0}}
]
17:37:10.776 [main] INFO  sudoku.model.SudokuBoard - Wartość 0 wstawiona nieprawidłowo
17:37:10.778 [main] INFO  sudoku.model.SudokuBoard - Bład w kwadracie 0
sudoku.model.SudokuBoard@3d1c933[
  size=9
  solver=sudoku.model.BacktrackingSudokuSolver@79be91eb
  board={{7,5,8,9,1,4,3,2,6},{4,1,2,3,5,6,7,9,8},{6,9,3,2,8,7,1,4,5},{9,4,1,5,6,8,2,3,7},{5,8,6,7,2,3,4,1,9},{3,2,7,4,9,1,6,0,0},{0,0,0,0,0,0,0,0,0},{0,0,0,0,0,0,0,0,0},{0,0,0,0,0,0,0,0,0}}
]
17:37:10.778 [main] INFO  sudoku.model.SudokuBoard - Wartość 0 wstawiona nieprawidłowo
17:37:10.779 [main] INFO  sudoku.model.SudokuBoard - Bład w kwadracie 0
sudoku.model.SudokuBoard@3d1c933[
  size=9
  solver=sudoku.model.BacktrackingSudokuSolver@79be91eb
  board={{7,5,8,9,1,4,3,2,6},{4,1,2,3,5,6,7,9,8},{6,9,3,2,8,7,1,4,5},{9,4,1,5,6,8,2,3,7},{5,8,6,7,2,3,4,1,9},{3,2,7,4,9,1,6,0,0},{0,0,0,0,0,0,0,0,0},{0,0,0,0,0,0,0,0,0},{0,0,0,0,0,0,0,0,0}}
]
17:37:10.779 [main] INFO  sudoku.model.SudokuBoard - Wartość 0 wstawiona nieprawidłowo
17:37:10.779 [main] INFO  sudoku.model.SudokuBoard - Bład w kwadracie 0
sudoku.model.SudokuBoard@3d1c933[
  size=9
  solver=sudoku.model.BacktrackingSudokuSolver@79be91eb
  board={{7,5,8,9,1,4,3,2,6},{4,1,2,3,5,6,7,9,8},{6,9,3,2,8,7,1,4,5},{9,4,1,5,6,8,2,3,7},{5,8,6,7,2,3,4,1,9},{3,2,7,4,9,1,0,0,0},{0,0,0,0,0,0,0,0,0},{0,0,0,0,0,0,0,0,0},{0,0,0,0,0,0,0,0,0}}
]
17:37:10.779 [main] INFO  sudoku.model.SudokuBoard - Wartość 0 wstawiona nieprawidłowo
17:37:10.779 [main] INFO  sudoku.model.SudokuBoard - Bład w kwadracie 0
sudoku.model.SudokuBoard@3d1c933[
  size=9
  solver=sudoku.model.BacktrackingSudokuSolver@79be91eb
  board={{7,5,8,9,1,4,3,2,6},{4,1,2,3,5,6,7,9,8},{6,9,3,2,8,7,1,4,5},{9,4,1,5,6,8,2,3,7},{5,8,6,7,2,3,4,1,9},{3,2,7,4,9,1,8,0,0},{0,0,0,0,0,0,0,0,0},{0,0,0,0,0,0,0,0,0},{0,0,0,0,0,0,0,0,0}}
]
17:37:10.779 [main] INFO  sudoku.model.SudokuBoard - Wartość 0 wstawiona nieprawidłowo
17:37:10.780 [main] INFO  sudoku.model.SudokuBoard - Bład w kwadracie 0
sudoku.model.SudokuBoard@3d1c933[
  size=9
  solver=sudoku.model.BacktrackingSudokuSolver@79be91eb
  board={{7,5,8,9,1,4,3,2,6},{4,1,2,3,5,6,7,9,8},{6,9,3,2,8,7,1,4,5},{9,4,1,5,6,8,2,3,7},{5,8,6,7,2,3,4,1,9},{3,2,7,4,9,1,8,0,0},{0,0,0,0,0,0,0,0,0},{0,0,0,0,0,0,0,0,0},{0,0,0,0,0,0,0,0,0}}
]
17:37:10.780 [main] INFO  sudoku.model.SudokuBoard - Wartość 0 wstawiona nieprawidłowo
17:37:10.780 [main] INFO  sudoku.model.SudokuBoard - Bład w kwadracie 0
sudoku.model.SudokuBoard@3d1c933[
  size=9
  solver=sudoku.model.BacktrackingSudokuSolver@79be91eb
  board={{7,5,8,9,1,4,3,2,6},{4,1,2,3,5,6,7,9,8},{6,9,3,2,8,7,1,4,5},{9,4,1,5,6,8,2,3,7},{5,8,6,7,2,3,4,1,9},{3,2,7,4,9,1,0,0,0},{0,0,0,0,0,0,0,0,0},{0,0,0,0,0,0,0,0,0},{0,0,0,0,0,0,0,0,0}}
]
17:37:10.780 [main] INFO  sudoku.model.SudokuBoard - Wartość 0 wstawiona nieprawidłowo
17:37:10.780 [main] INFO  sudoku.model.SudokuBoard - Bład w kwadracie 0
sudoku.model.SudokuBoard@3d1c933[
  size=9
  solver=sudoku.model.BacktrackingSudokuSolver@79be91eb
  board={{7,5,8,9,1,4,3,2,6},{4,1,2,3,5,6,7,9,8},{6,9,3,2,8,7,1,4,5},{9,4,1,5,6,8,2,3,7},{5,8,6,7,2,3,4,1,9},{3,2,7,4,9,0,0,0,0},{0,0,0,0,0,0,0,0,0},{0,0,0,0,0,0,0,0,0},{0,0,0,0,0,0,0,0,0}}
]
17:37:10.780 [main] INFO  sudoku.model.SudokuBoard - Wartość 0 wstawiona nieprawidłowo
17:37:10.781 [main] INFO  sudoku.model.SudokuBoard - Bład w kwadracie 0
sudoku.model.SudokuBoard@3d1c933[
  size=9
  solver=sudoku.model.BacktrackingSudokuSolver@79be91eb
  board={{7,5,8,9,1,4,3,2,6},{4,1,2,3,5,6,7,9,8},{6,9,3,2,8,7,1,4,5},{9,4,1,5,6,8,2,3,7},{5,8,6,7,2,3,4,1,9},{3,2,7,4,0,0,0,0,0},{0,0,0,0,0,0,0,0,0},{0,0,0,0,0,0,0,0,0},{0,0,0,0,0,0,0,0,0}}
]
17:37:10.781 [main] INFO  sudoku.model.SudokuBoard - Wartość 0 wstawiona nieprawidłowo
17:37:10.781 [main] INFO  sudoku.model.SudokuBoard - Bład w kwadracie 0
sudoku.model.SudokuBoard@3d1c933[
  size=9
  solver=sudoku.model.BacktrackingSudokuSolver@79be91eb
  board={{7,5,8,9,1,4,3,2,6},{4,1,2,3,5,6,7,9,8},{6,9,3,2,8,7,1,4,5},{9,4,1,5,6,8,2,3,7},{5,8,6,7,2,3,4,1,9},{3,2,7,0,0,0,0,0,0},{0,0,0,0,0,0,0,0,0},{0,0,0,0,0,0,0,0,0},{0,0,0,0,0,0,0,0,0}}
]
17:37:10.781 [main] INFO  sudoku.model.SudokuBoard - Wartość 0 wstawiona nieprawidłowo
17:37:10.782 [main] INFO  sudoku.model.SudokuBoard - Bład w kwadracie 0
sudoku.model.SudokuBoard@3d1c933[
  size=9
  solver=sudoku.model.BacktrackingSudokuSolver@79be91eb
  board={{7,5,8,9,1,4,3,2,6},{4,1,2,3,5,6,7,9,8},{6,9,3,2,8,7,1,4,5},{9,4,1,5,6,8,2,3,7},{5,8,6,7,2,3,4,1,9},{3,2,0,0,0,0,0,0,0},{0,0,0,0,0,0,0,0,0},{0,0,0,0,0,0,0,0,0},{0,0,0,0,0,0,0,0,0}}
]
17:37:10.782 [main] INFO  sudoku.model.SudokuBoard - Wartość 0 wstawiona nieprawidłowo
17:37:10.782 [main] INFO  sudoku.model.SudokuBoard - Bład w kwadracie 0
sudoku.model.SudokuBoard@3d1c933[
  size=9
  solver=sudoku.model.BacktrackingSudokuSolver@79be91eb
  board={{7,5,8,9,1,4,3,2,6},{4,1,2,3,5,6,7,9,8},{6,9,3,2,8,7,1,4,5},{9,4,1,5,6,8,2,3,7},{5,8,6,7,2,3,4,1,9},{3,0,0,0,0,0,0,0,0},{0,0,0,0,0,0,0,0,0},{0,0,0,0,0,0,0,0,0},{0,0,0,0,0,0,0,0,0}}
]
17:37:10.782 [main] INFO  sudoku.model.SudokuBoard - Wartość 0 wstawiona nieprawidłowo
17:37:10.782 [main] INFO  sudoku.model.SudokuBoard - Bład w kwadracie 0
sudoku.model.SudokuBoard@3d1c933[
  size=9
  solver=sudoku.model.BacktrackingSudokuSolver@79be91eb
  board={{7,5,8,9,1,4,3,2,6},{4,1,2,3,5,6,7,9,8},{6,9,3,2,8,7,1,4,5},{9,4,1,5,6,8,2,3,7},{5,8,6,7,2,3,4,1,9},{3,0,0,0,0,0,0,0,0},{0,0,0,0,0,0,0,0,0},{0,0,0,0,0,0,0,0,0},{0,0,0,0,0,0,0,0,0}}
]
17:37:10.782 [main] INFO  sudoku.model.SudokuBoard - Wartość 0 wstawiona nieprawidłowo
17:37:10.782 [main] INFO  sudoku.model.SudokuBoard - Bład w kwadracie 0
sudoku.model.SudokuBoard@3d1c933[
  size=9
  solver=sudoku.model.BacktrackingSudokuSolver@79be91eb
  board={{7,5,8,9,1,4,3,2,6},{4,1,2,3,5,6,7,9,8},{6,9,3,2,8,7,1,4,5},{9,4,1,5,6,8,2,3,7},{5,8,6,7,2,3,4,1,9},{0,0,0,0,0,0,0,0,0},{0,0,0,0,0,0,0,0,0},{0,0,0,0,0,0,0,0,0},{0,0,0,0,0,0,0,0,0}}
]
17:37:10.783 [main] INFO  sudoku.model.SudokuBoard - Wartość 0 wstawiona nieprawidłowo
17:37:10.783 [main] INFO  sudoku.model.SudokuBoard - Bład w kwadracie 0
sudoku.model.SudokuBoard@3d1c933[
  size=9
  solver=sudoku.model.BacktrackingSudokuSolver@79be91eb
  board={{7,5,8,9,1,4,3,2,6},{4,1,2,3,5,6,7,9,8},{6,9,3,2,8,7,1,4,5},{9,4,1,5,6,8,2,3,7},{5,8,6,7,2,3,4,1,0},{0,0,0,0,0,0,0,0,0},{0,0,0,0,0,0,0,0,0},{0,0,0,0,0,0,0,0,0},{0,0,0,0,0,0,0,0,0}}
]
17:37:10.783 [main] INFO  sudoku.model.SudokuBoard - Wartość 0 wstawiona nieprawidłowo
17:37:10.783 [main] INFO  sudoku.model.SudokuBoard - Bład w kwadracie 0
sudoku.model.SudokuBoard@3d1c933[
  size=9
  solver=sudoku.model.BacktrackingSudokuSolver@79be91eb
  board={{7,5,8,9,1,4,3,2,6},{4,1,2,3,5,6,7,9,8},{6,9,3,2,8,7,1,4,5},{9,4,1,5,6,8,2,3,7},{5,8,6,7,2,3,4,0,0},{0,0,0,0,0,0,0,0,0},{0,0,0,0,0,0,0,0,0},{0,0,0,0,0,0,0,0,0},{0,0,0,0,0,0,0,0,0}}
]
17:37:10.783 [main] INFO  sudoku.model.SudokuBoard - Wartość 0 wstawiona nieprawidłowo
17:37:10.784 [main] INFO  sudoku.model.SudokuBoard - Bład w kwadracie 0
sudoku.model.SudokuBoard@3d1c933[
  size=9
  solver=sudoku.model.BacktrackingSudokuSolver@79be91eb
  board={{7,5,8,9,1,4,3,2,6},{4,1,2,3,5,6,7,9,8},{6,9,3,2,8,7,1,4,5},{9,4,1,5,6,8,2,3,7},{5,8,6,7,2,3,0,0,0},{0,0,0,0,0,0,0,0,0},{0,0,0,0,0,0,0,0,0},{0,0,0,0,0,0,0,0,0},{0,0,0,0,0,0,0,0,0}}
]
17:37:10.784 [main] INFO  sudoku.model.SudokuBoard - Wartość 0 wstawiona nieprawidłowo
17:37:10.784 [main] INFO  sudoku.model.SudokuBoard - Bład w kwadracie 0
sudoku.model.SudokuBoard@3d1c933[
  size=9
  solver=sudoku.model.BacktrackingSudokuSolver@79be91eb
  board={{7,5,8,9,1,4,3,2,6},{4,1,2,3,5,6,7,9,8},{6,9,3,2,8,7,1,4,5},{9,4,1,5,6,8,2,3,7},{5,8,6,7,2,3,9,1,4},{2,3,7,1,0,0,0,0,0},{0,0,0,0,0,0,0,0,0},{0,0,0,0,0,0,0,0,0},{0,0,0,0,0,0,0,0,0}}
]
17:37:10.784 [main] INFO  sudoku.model.SudokuBoard - Wartość 0 wstawiona nieprawidłowo
17:37:10.784 [main] INFO  sudoku.model.SudokuBoard - Bład w kwadracie 0
sudoku.model.SudokuBoard@3d1c933[
  size=9
  solver=sudoku.model.BacktrackingSudokuSolver@79be91eb
  board={{7,5,8,9,1,4,3,2,6},{4,1,2,3,5,6,7,9,8},{6,9,3,2,8,7,1,4,5},{9,4,1,5,6,8,2,3,7},{5,8,6,7,2,3,9,1,4},{2,3,7,1,4,9,5,0,0},{0,0,0,0,0,0,0,0,0},{0,0,0,0,0,0,0,0,0},{0,0,0,0,0,0,0,0,0}}
]
17:37:10.785 [main] INFO  sudoku.model.SudokuBoard - Wartość 0 wstawiona nieprawidłowo
17:37:10.785 [main] INFO  sudoku.model.SudokuBoard - Bład w kwadracie 0
sudoku.model.SudokuBoard@3d1c933[
  size=9
  solver=sudoku.model.BacktrackingSudokuSolver@79be91eb
  board={{7,5,8,9,1,4,3,2,6},{4,1,2,3,5,6,7,9,8},{6,9,3,2,8,7,1,4,5},{9,4,1,5,6,8,2,3,7},{5,8,6,7,2,3,9,1,4},{2,3,7,1,4,9,5,0,0},{0,0,0,0,0,0,0,0,0},{0,0,0,0,0,0,0,0,0},{0,0,0,0,0,0,0,0,0}}
]
17:37:10.785 [main] INFO  sudoku.model.SudokuBoard - Wartość 0 wstawiona nieprawidłowo
17:37:10.785 [main] INFO  sudoku.model.SudokuBoard - Bład w kwadracie 0
sudoku.model.SudokuBoard@3d1c933[
  size=9
  solver=sudoku.model.BacktrackingSudokuSolver@79be91eb
  board={{7,5,8,9,1,4,3,2,6},{4,1,2,3,5,6,7,9,8},{6,9,3,2,8,7,1,4,5},{9,4,1,5,6,8,2,3,7},{5,8,6,7,2,3,9,1,4},{2,3,7,1,4,9,0,0,0},{0,0,0,0,0,0,0,0,0},{0,0,0,0,0,0,0,0,0},{0,0,0,0,0,0,0,0,0}}
]
17:37:10.785 [main] INFO  sudoku.model.SudokuBoard - Wartość 0 wstawiona nieprawidłowo
17:37:10.785 [main] INFO  sudoku.model.SudokuBoard - Bład w kwadracie 0
sudoku.model.SudokuBoard@3d1c933[
  size=9
  solver=sudoku.model.BacktrackingSudokuSolver@79be91eb
  board={{7,5,8,9,1,4,3,2,6},{4,1,2,3,5,6,7,9,8},{6,9,3,2,8,7,1,4,5},{9,4,1,5,6,8,2,3,7},{5,8,6,7,2,3,9,1,4},{2,3,7,1,4,9,6,0,0},{0,0,0,0,0,0,0,0,0},{0,0,0,0,0,0,0,0,0},{0,0,0,0,0,0,0,0,0}}
]
17:37:10.785 [main] INFO  sudoku.model.SudokuBoard - Wartość 0 wstawiona nieprawidłowo
17:37:10.800 [main] INFO  sudoku.model.SudokuBoard - Bład w kwadracie 0
sudoku.model.SudokuBoard@3d1c933[
  size=9
  solver=sudoku.model.BacktrackingSudokuSolver@79be91eb
  board={{7,5,8,9,1,4,3,2,6},{4,1,2,3,5,6,7,9,8},{6,9,3,2,8,7,1,4,5},{9,4,1,5,6,8,2,3,7},{5,8,6,7,2,3,9,1,4},{2,3,7,1,4,9,6,0,0},{0,0,0,0,0,0,0,0,0},{0,0,0,0,0,0,0,0,0},{0,0,0,0,0,0,0,0,0}}
]
17:37:10.801 [main] INFO  sudoku.model.SudokuBoard - Wartość 0 wstawiona nieprawidłowo
17:37:10.801 [main] INFO  sudoku.model.SudokuBoard - Bład w kwadracie 0
sudoku.model.SudokuBoard@3d1c933[
  size=9
  solver=sudoku.model.BacktrackingSudokuSolver@79be91eb
  board={{7,5,8,9,1,4,3,2,6},{4,1,2,3,5,6,7,9,8},{6,9,3,2,8,7,1,4,5},{9,4,1,5,6,8,2,3,7},{5,8,6,7,2,3,9,1,4},{2,3,7,1,4,9,0,0,0},{0,0,0,0,0,0,0,0,0},{0,0,0,0,0,0,0,0,0},{0,0,0,0,0,0,0,0,0}}
]
17:37:10.802 [main] INFO  sudoku.model.SudokuBoard - Wartość 0 wstawiona nieprawidłowo
17:37:10.802 [main] INFO  sudoku.model.SudokuBoard - Bład w kwadracie 0
sudoku.model.SudokuBoard@3d1c933[
  size=9
  solver=sudoku.model.BacktrackingSudokuSolver@79be91eb
  board={{7,5,8,9,1,4,3,2,6},{4,1,2,3,5,6,7,9,8},{6,9,3,2,8,7,1,4,5},{9,4,1,5,6,8,2,3,7},{5,8,6,7,2,3,9,1,4},{2,3,7,1,4,9,8,0,0},{0,0,0,0,0,0,0,0,0},{0,0,0,0,0,0,0,0,0},{0,0,0,0,0,0,0,0,0}}
]
17:37:10.802 [main] INFO  sudoku.model.SudokuBoard - Wartość 0 wstawiona nieprawidłowo
17:37:10.802 [main] INFO  sudoku.model.SudokuBoard - Bład w kwadracie 0
sudoku.model.SudokuBoard@3d1c933[
  size=9
  solver=sudoku.model.BacktrackingSudokuSolver@79be91eb
  board={{7,5,8,9,1,4,3,2,6},{4,1,2,3,5,6,7,9,8},{6,9,3,2,8,7,1,4,5},{9,4,1,5,6,8,2,3,7},{5,8,6,7,2,3,9,1,4},{2,3,7,1,4,9,8,0,0},{0,0,0,0,0,0,0,0,0},{0,0,0,0,0,0,0,0,0},{0,0,0,0,0,0,0,0,0}}
]
17:37:10.802 [main] INFO  sudoku.model.SudokuBoard - Wartość 0 wstawiona nieprawidłowo
17:37:10.802 [main] INFO  sudoku.model.SudokuBoard - Bład w kwadracie 0
sudoku.model.SudokuBoard@3d1c933[
  size=9
  solver=sudoku.model.BacktrackingSudokuSolver@79be91eb
  board={{7,5,8,9,1,4,3,2,6},{4,1,2,3,5,6,7,9,8},{6,9,3,2,8,7,1,4,5},{9,4,1,5,6,8,2,3,7},{5,8,6,7,2,3,9,1,4},{2,3,7,1,4,9,0,0,0},{0,0,0,0,0,0,0,0,0},{0,0,0,0,0,0,0,0,0},{0,0,0,0,0,0,0,0,0}}
]
17:37:10.802 [main] INFO  sudoku.model.SudokuBoard - Wartość 0 wstawiona nieprawidłowo
17:37:10.802 [main] INFO  sudoku.model.SudokuBoard - Bład w kwadracie 0
sudoku.model.SudokuBoard@3d1c933[
  size=9
  solver=sudoku.model.BacktrackingSudokuSolver@79be91eb
  board={{7,5,8,9,1,4,3,2,6},{4,1,2,3,5,6,7,9,8},{6,9,3,2,8,7,1,4,5},{9,4,1,5,6,8,2,3,7},{5,8,6,7,2,3,9,1,4},{2,3,7,1,4,0,0,0,0},{0,0,0,0,0,0,0,0,0},{0,0,0,0,0,0,0,0,0},{0,0,0,0,0,0,0,0,0}}
]
17:37:10.803 [main] INFO  sudoku.model.SudokuBoard - Wartość 0 wstawiona nieprawidłowo
17:37:10.803 [main] INFO  sudoku.model.SudokuBoard - Bład w kwadracie 0
sudoku.model.SudokuBoard@3d1c933[
  size=9
  solver=sudoku.model.BacktrackingSudokuSolver@79be91eb
  board={{7,5,8,9,1,4,3,2,6},{4,1,2,3,5,6,7,9,8},{6,9,3,2,8,7,1,4,5},{9,4,1,5,6,8,2,3,7},{5,8,6,7,2,3,9,1,4},{2,3,7,1,0,0,0,0,0},{0,0,0,0,0,0,0,0,0},{0,0,0,0,0,0,0,0,0},{0,0,0,0,0,0,0,0,0}}
]
17:37:10.803 [main] INFO  sudoku.model.SudokuBoard - Wartość 0 wstawiona nieprawidłowo
17:37:10.803 [main] INFO  sudoku.model.SudokuBoard - Bład w kwadracie 0
sudoku.model.SudokuBoard@3d1c933[
  size=9
  solver=sudoku.model.BacktrackingSudokuSolver@79be91eb
  board={{7,5,8,9,1,4,3,2,6},{4,1,2,3,5,6,7,9,8},{6,9,3,2,8,7,1,4,5},{9,4,1,5,6,8,2,3,7},{5,8,6,7,2,3,9,1,4},{2,3,7,0,0,0,0,0,0},{0,0,0,0,0,0,0,0,0},{0,0,0,0,0,0,0,0,0},{0,0,0,0,0,0,0,0,0}}
]
17:37:10.803 [main] INFO  sudoku.model.SudokuBoard - Wartość 0 wstawiona nieprawidłowo
17:37:10.803 [main] INFO  sudoku.model.SudokuBoard - Bład w kwadracie 0
sudoku.model.SudokuBoard@3d1c933[
  size=9
  solver=sudoku.model.BacktrackingSudokuSolver@79be91eb
  board={{7,5,8,9,1,4,3,2,6},{4,1,2,3,5,6,7,9,8},{6,9,3,2,8,7,1,4,5},{9,4,1,5,6,8,2,3,7},{5,8,6,7,2,3,9,1,4},{2,3,7,4,9,1,6,0,0},{0,0,0,0,0,0,0,0,0},{0,0,0,0,0,0,0,0,0},{0,0,0,0,0,0,0,0,0}}
]
17:37:10.803 [main] INFO  sudoku.model.SudokuBoard - Wartość 0 wstawiona nieprawidłowo
17:37:10.803 [main] INFO  sudoku.model.SudokuBoard - Bład w kwadracie 0
sudoku.model.SudokuBoard@3d1c933[
  size=9
  solver=sudoku.model.BacktrackingSudokuSolver@79be91eb
  board={{7,5,8,9,1,4,3,2,6},{4,1,2,3,5,6,7,9,8},{6,9,3,2,8,7,1,4,5},{9,4,1,5,6,8,2,3,7},{5,8,6,7,2,3,9,1,4},{2,3,7,4,9,1,6,0,0},{0,0,0,0,0,0,0,0,0},{0,0,0,0,0,0,0,0,0},{0,0,0,0,0,0,0,0,0}}
]
17:37:10.803 [main] INFO  sudoku.model.SudokuBoard - Wartość 0 wstawiona nieprawidłowo
17:37:10.803 [main] INFO  sudoku.model.SudokuBoard - Bład w kwadracie 0
sudoku.model.SudokuBoard@3d1c933[
  size=9
  solver=sudoku.model.BacktrackingSudokuSolver@79be91eb
  board={{7,5,8,9,1,4,3,2,6},{4,1,2,3,5,6,7,9,8},{6,9,3,2,8,7,1,4,5},{9,4,1,5,6,8,2,3,7},{5,8,6,7,2,3,9,1,4},{2,3,7,4,9,1,0,0,0},{0,0,0,0,0,0,0,0,0},{0,0,0,0,0,0,0,0,0},{0,0,0,0,0,0,0,0,0}}
]
17:37:10.804 [main] INFO  sudoku.model.SudokuBoard - Wartość 0 wstawiona nieprawidłowo
17:37:10.804 [main] INFO  sudoku.model.SudokuBoard - Bład w kwadracie 0
sudoku.model.SudokuBoard@3d1c933[
  size=9
  solver=sudoku.model.BacktrackingSudokuSolver@79be91eb
  board={{7,5,8,9,1,4,3,2,6},{4,1,2,3,5,6,7,9,8},{6,9,3,2,8,7,1,4,5},{9,4,1,5,6,8,2,3,7},{5,8,6,7,2,3,9,1,4},{2,3,7,4,9,1,8,0,0},{0,0,0,0,0,0,0,0,0},{0,0,0,0,0,0,0,0,0},{0,0,0,0,0,0,0,0,0}}
]
17:37:10.804 [main] INFO  sudoku.model.SudokuBoard - Wartość 0 wstawiona nieprawidłowo
17:37:10.804 [main] INFO  sudoku.model.SudokuBoard - Bład w kwadracie 0
sudoku.model.SudokuBoard@3d1c933[
  size=9
  solver=sudoku.model.BacktrackingSudokuSolver@79be91eb
  board={{7,5,8,9,1,4,3,2,6},{4,1,2,3,5,6,7,9,8},{6,9,3,2,8,7,1,4,5},{9,4,1,5,6,8,2,3,7},{5,8,6,7,2,3,9,1,4},{2,3,7,4,9,1,8,0,0},{0,0,0,0,0,0,0,0,0},{0,0,0,0,0,0,0,0,0},{0,0,0,0,0,0,0,0,0}}
]
17:37:10.804 [main] INFO  sudoku.model.SudokuBoard - Wartość 0 wstawiona nieprawidłowo
17:37:10.805 [main] INFO  sudoku.model.SudokuBoard - Bład w kwadracie 0
sudoku.model.SudokuBoard@3d1c933[
  size=9
  solver=sudoku.model.BacktrackingSudokuSolver@79be91eb
  board={{7,5,8,9,1,4,3,2,6},{4,1,2,3,5,6,7,9,8},{6,9,3,2,8,7,1,4,5},{9,4,1,5,6,8,2,3,7},{5,8,6,7,2,3,9,1,4},{2,3,7,4,9,1,0,0,0},{0,0,0,0,0,0,0,0,0},{0,0,0,0,0,0,0,0,0},{0,0,0,0,0,0,0,0,0}}
]
17:37:10.811 [main] INFO  sudoku.model.SudokuBoard - Wartość 0 wstawiona nieprawidłowo
17:37:10.811 [main] INFO  sudoku.model.SudokuBoard - Bład w kwadracie 0
sudoku.model.SudokuBoard@3d1c933[
  size=9
  solver=sudoku.model.BacktrackingSudokuSolver@79be91eb
  board={{7,5,8,9,1,4,3,2,6},{4,1,2,3,5,6,7,9,8},{6,9,3,2,8,7,1,4,5},{9,4,1,5,6,8,2,3,7},{5,8,6,7,2,3,9,1,4},{2,3,7,4,9,1,5,0,0},{0,0,0,0,0,0,0,0,0},{0,0,0,0,0,0,0,0,0},{0,0,0,0,0,0,0,0,0}}
]
17:37:10.812 [main] INFO  sudoku.model.SudokuBoard - Wartość 0 wstawiona nieprawidłowo
17:37:10.813 [main] INFO  sudoku.model.SudokuBoard - Bład w kwadracie 0
sudoku.model.SudokuBoard@3d1c933[
  size=9
  solver=sudoku.model.BacktrackingSudokuSolver@79be91eb
  board={{7,5,8,9,1,4,3,2,6},{4,1,2,3,5,6,7,9,8},{6,9,3,2,8,7,1,4,5},{9,4,1,5,6,8,2,3,7},{5,8,6,7,2,3,9,1,4},{2,3,7,4,9,1,5,0,0},{0,0,0,0,0,0,0,0,0},{0,0,0,0,0,0,0,0,0},{0,0,0,0,0,0,0,0,0}}
]
17:37:10.824 [main] INFO  sudoku.model.SudokuBoard - Wartość 0 wstawiona nieprawidłowo
17:37:10.824 [main] INFO  sudoku.model.SudokuBoard - Bład w kwadracie 0
sudoku.model.SudokuBoard@3d1c933[
  size=9
  solver=sudoku.model.BacktrackingSudokuSolver@79be91eb
  board={{7,5,8,9,1,4,3,2,6},{4,1,2,3,5,6,7,9,8},{6,9,3,2,8,7,1,4,5},{9,4,1,5,6,8,2,3,7},{5,8,6,7,2,3,9,1,4},{2,3,7,4,9,1,0,0,0},{0,0,0,0,0,0,0,0,0},{0,0,0,0,0,0,0,0,0},{0,0,0,0,0,0,0,0,0}}
]
17:37:10.824 [main] INFO  sudoku.model.SudokuBoard - Wartość 0 wstawiona nieprawidłowo
17:37:10.824 [main] INFO  sudoku.model.SudokuBoard - Bład w kwadracie 0
sudoku.model.SudokuBoard@3d1c933[
  size=9
  solver=sudoku.model.BacktrackingSudokuSolver@79be91eb
  board={{7,5,8,9,1,4,3,2,6},{4,1,2,3,5,6,7,9,8},{6,9,3,2,8,7,1,4,5},{9,4,1,5,6,8,2,3,7},{5,8,6,7,2,3,9,1,4},{2,3,7,4,9,0,0,0,0},{0,0,0,0,0,0,0,0,0},{0,0,0,0,0,0,0,0,0},{0,0,0,0,0,0,0,0,0}}
]
17:37:10.824 [main] INFO  sudoku.model.SudokuBoard - Wartość 0 wstawiona nieprawidłowo
17:37:10.824 [main] INFO  sudoku.model.SudokuBoard - Bład w kwadracie 0
sudoku.model.SudokuBoard@3d1c933[
  size=9
  solver=sudoku.model.BacktrackingSudokuSolver@79be91eb
  board={{7,5,8,9,1,4,3,2,6},{4,1,2,3,5,6,7,9,8},{6,9,3,2,8,7,1,4,5},{9,4,1,5,6,8,2,3,7},{5,8,6,7,2,3,9,1,4},{2,3,7,4,0,0,0,0,0},{0,0,0,0,0,0,0,0,0},{0,0,0,0,0,0,0,0,0},{0,0,0,0,0,0,0,0,0}}
]
17:37:10.824 [main] INFO  sudoku.model.SudokuBoard - Wartość 0 wstawiona nieprawidłowo
17:37:10.824 [main] INFO  sudoku.model.SudokuBoard - Bład w kwadracie 0
sudoku.model.SudokuBoard@3d1c933[
  size=9
  solver=sudoku.model.BacktrackingSudokuSolver@79be91eb
  board={{7,5,8,9,1,4,3,2,6},{4,1,2,3,5,6,7,9,8},{6,9,3,2,8,7,1,4,5},{9,4,1,5,6,8,2,3,7},{5,8,6,7,2,3,9,1,4},{2,3,7,0,0,0,0,0,0},{0,0,0,0,0,0,0,0,0},{0,0,0,0,0,0,0,0,0},{0,0,0,0,0,0,0,0,0}}
]
17:37:10.824 [main] INFO  sudoku.model.SudokuBoard - Wartość 0 wstawiona nieprawidłowo
17:37:10.824 [main] INFO  sudoku.model.SudokuBoard - Bład w kwadracie 0
sudoku.model.SudokuBoard@3d1c933[
  size=9
  solver=sudoku.model.BacktrackingSudokuSolver@79be91eb
  board={{7,5,8,9,1,4,3,2,6},{4,1,2,3,5,6,7,9,8},{6,9,3,2,8,7,1,4,5},{9,4,1,5,6,8,2,3,7},{5,8,6,7,2,3,9,1,4},{2,3,0,0,0,0,0,0,0},{0,0,0,0,0,0,0,0,0},{0,0,0,0,0,0,0,0,0},{0,0,0,0,0,0,0,0,0}}
]
17:37:10.885 [main] INFO  sudoku.model.SudokuBoard - Wartość 0 wstawiona nieprawidłowo
17:37:10.889 [main] INFO  sudoku.model.SudokuBoard - Bład w kwadracie 0
sudoku.model.SudokuBoard@3d1c933[
  size=9
  solver=sudoku.model.BacktrackingSudokuSolver@79be91eb
  board={{7,5,8,9,1,4,3,2,6},{4,1,2,3,5,6,7,9,8},{6,9,3,2,8,7,1,4,5},{9,4,1,5,6,8,2,3,7},{5,8,6,7,2,3,9,1,4},{2,0,0,0,0,0,0,0,0},{0,0,0,0,0,0,0,0,0},{0,0,0,0,0,0,0,0,0},{0,0,0,0,0,0,0,0,0}}
]
17:37:10.890 [main] INFO  sudoku.model.SudokuBoard - Wartość 0 wstawiona nieprawidłowo
17:37:10.897 [main] INFO  sudoku.model.SudokuBoard - Bład w kwadracie 0
sudoku.model.SudokuBoard@3d1c933[
  size=9
  solver=sudoku.model.BacktrackingSudokuSolver@79be91eb
  board={{7,5,8,9,1,4,3,2,6},{4,1,2,3,5,6,7,9,8},{6,9,3,2,8,7,1,4,5},{9,4,1,5,6,8,2,3,7},{5,8,6,7,2,3,9,1,4},{2,0,0,0,0,0,0,0,0},{0,0,0,0,0,0,0,0,0},{0,0,0,0,0,0,0,0,0},{0,0,0,0,0,0,0,0,0}}
]
17:37:10.897 [main] INFO  sudoku.model.SudokuBoard - Wartość 0 wstawiona nieprawidłowo
17:37:10.898 [main] INFO  sudoku.model.SudokuBoard - Bład w kwadracie 0
sudoku.model.SudokuBoard@3d1c933[
  size=9
  solver=sudoku.model.BacktrackingSudokuSolver@79be91eb
  board={{7,5,8,9,1,4,3,2,6},{4,1,2,3,5,6,7,9,8},{6,9,3,2,8,7,1,4,5},{9,4,1,5,6,8,2,3,7},{5,8,6,7,2,3,9,1,4},{0,0,0,0,0,0,0,0,0},{0,0,0,0,0,0,0,0,0},{0,0,0,0,0,0,0,0,0},{0,0,0,0,0,0,0,0,0}}
]
17:37:10.898 [main] INFO  sudoku.model.SudokuBoard - Wartość 0 wstawiona nieprawidłowo
17:37:10.898 [main] INFO  sudoku.model.SudokuBoard - Bład w kwadracie 0
sudoku.model.SudokuBoard@3d1c933[
  size=9
  solver=sudoku.model.BacktrackingSudokuSolver@79be91eb
  board={{7,5,8,9,1,4,3,2,6},{4,1,2,3,5,6,7,9,8},{6,9,3,2,8,7,1,4,5},{9,4,1,5,6,8,2,3,7},{5,8,6,7,2,3,9,1,4},{3,0,0,0,0,0,0,0,0},{0,0,0,0,0,0,0,0,0},{0,0,0,0,0,0,0,0,0},{0,0,0,0,0,0,0,0,0}}
]
17:37:10.898 [main] INFO  sudoku.model.SudokuBoard - Wartość 0 wstawiona nieprawidłowo
17:37:10.898 [main] INFO  sudoku.model.SudokuBoard - Bład w kwadracie 0
sudoku.model.SudokuBoard@3d1c933[
  size=9
  solver=sudoku.model.BacktrackingSudokuSolver@79be91eb
  board={{7,5,8,9,1,4,3,2,6},{4,1,2,3,5,6,7,9,8},{6,9,3,2,8,7,1,4,5},{9,4,1,5,6,8,2,3,7},{5,8,6,7,2,3,9,1,4},{3,2,7,4,9,1,8,0,0},{0,0,0,0,0,0,0,0,0},{0,0,0,0,0,0,0,0,0},{0,0,0,0,0,0,0,0,0}}
]
17:37:10.898 [main] INFO  sudoku.model.SudokuBoard - Wartość 0 wstawiona nieprawidłowo
17:37:10.899 [main] INFO  sudoku.model.SudokuBoard - Bład w kwadracie 0
sudoku.model.SudokuBoard@3d1c933[
  size=9
  solver=sudoku.model.BacktrackingSudokuSolver@79be91eb
  board={{7,5,8,9,1,4,3,2,6},{4,1,2,3,5,6,7,9,8},{6,9,3,2,8,7,1,4,5},{9,4,1,5,6,8,2,3,7},{5,8,6,7,2,3,9,1,4},{3,2,7,4,9,1,8,0,0},{0,0,0,0,0,0,0,0,0},{0,0,0,0,0,0,0,0,0},{0,0,0,0,0,0,0,0,0}}
]
17:37:10.899 [main] INFO  sudoku.model.SudokuBoard - Wartość 0 wstawiona nieprawidłowo
17:37:10.899 [main] INFO  sudoku.model.SudokuBoard - Bład w kwadracie 0
sudoku.model.SudokuBoard@3d1c933[
  size=9
  solver=sudoku.model.BacktrackingSudokuSolver@79be91eb
  board={{7,5,8,9,1,4,3,2,6},{4,1,2,3,5,6,7,9,8},{6,9,3,2,8,7,1,4,5},{9,4,1,5,6,8,2,3,7},{5,8,6,7,2,3,9,1,4},{3,2,7,4,9,1,0,0,0},{0,0,0,0,0,0,0,0,0},{0,0,0,0,0,0,0,0,0},{0,0,0,0,0,0,0,0,0}}
]
17:37:10.899 [main] INFO  sudoku.model.SudokuBoard - Wartość 0 wstawiona nieprawidłowo
17:37:10.900 [main] INFO  sudoku.model.SudokuBoard - Bład w kwadracie 0
sudoku.model.SudokuBoard@3d1c933[
  size=9
  solver=sudoku.model.BacktrackingSudokuSolver@79be91eb
  board={{7,5,8,9,1,4,3,2,6},{4,1,2,3,5,6,7,9,8},{6,9,3,2,8,7,1,4,5},{9,4,1,5,6,8,2,3,7},{5,8,6,7,2,3,9,1,4},{3,2,7,4,9,1,5,0,0},{0,0,0,0,0,0,0,0,0},{0,0,0,0,0,0,0,0,0},{0,0,0,0,0,0,0,0,0}}
]
17:37:10.900 [main] INFO  sudoku.model.SudokuBoard - Wartość 0 wstawiona nieprawidłowo
17:37:10.900 [main] INFO  sudoku.model.SudokuBoard - Bład w kwadracie 0
sudoku.model.SudokuBoard@3d1c933[
  size=9
  solver=sudoku.model.BacktrackingSudokuSolver@79be91eb
  board={{7,5,8,9,1,4,3,2,6},{4,1,2,3,5,6,7,9,8},{6,9,3,2,8,7,1,4,5},{9,4,1,5,6,8,2,3,7},{5,8,6,7,2,3,9,1,4},{3,2,7,4,9,1,5,0,0},{0,0,0,0,0,0,0,0,0},{0,0,0,0,0,0,0,0,0},{0,0,0,0,0,0,0,0,0}}
]
17:37:10.901 [main] INFO  sudoku.model.SudokuBoard - Wartość 0 wstawiona nieprawidłowo
17:37:10.902 [main] INFO  sudoku.model.SudokuBoard - Bład w kwadracie 0
sudoku.model.SudokuBoard@3d1c933[
  size=9
  solver=sudoku.model.BacktrackingSudokuSolver@79be91eb
  board={{7,5,8,9,1,4,3,2,6},{4,1,2,3,5,6,7,9,8},{6,9,3,2,8,7,1,4,5},{9,4,1,5,6,8,2,3,7},{5,8,6,7,2,3,9,1,4},{3,2,7,4,9,1,0,0,0},{0,0,0,0,0,0,0,0,0},{0,0,0,0,0,0,0,0,0},{0,0,0,0,0,0,0,0,0}}
]
17:37:10.902 [main] INFO  sudoku.model.SudokuBoard - Wartość 0 wstawiona nieprawidłowo
17:37:10.902 [main] INFO  sudoku.model.SudokuBoard - Bład w kwadracie 0
sudoku.model.SudokuBoard@3d1c933[
  size=9
  solver=sudoku.model.BacktrackingSudokuSolver@79be91eb
  board={{7,5,8,9,1,4,3,2,6},{4,1,2,3,5,6,7,9,8},{6,9,3,2,8,7,1,4,5},{9,4,1,5,6,8,2,3,7},{5,8,6,7,2,3,9,1,4},{3,2,7,4,9,1,6,0,0},{0,0,0,0,0,0,0,0,0},{0,0,0,0,0,0,0,0,0},{0,0,0,0,0,0,0,0,0}}
]
17:37:10.902 [main] INFO  sudoku.model.SudokuBoard - Wartość 0 wstawiona nieprawidłowo
17:37:10.902 [main] INFO  sudoku.model.SudokuBoard - Bład w kwadracie 0
sudoku.model.SudokuBoard@3d1c933[
  size=9
  solver=sudoku.model.BacktrackingSudokuSolver@79be91eb
  board={{7,5,8,9,1,4,3,2,6},{4,1,2,3,5,6,7,9,8},{6,9,3,2,8,7,1,4,5},{9,4,1,5,6,8,2,3,7},{5,8,6,7,2,3,9,1,4},{3,2,7,4,9,1,6,0,0},{0,0,0,0,0,0,0,0,0},{0,0,0,0,0,0,0,0,0},{0,0,0,0,0,0,0,0,0}}
]
17:37:10.902 [main] INFO  sudoku.model.SudokuBoard - Wartość 0 wstawiona nieprawidłowo
17:37:10.903 [main] INFO  sudoku.model.SudokuBoard - Bład w kwadracie 0
sudoku.model.SudokuBoard@3d1c933[
  size=9
  solver=sudoku.model.BacktrackingSudokuSolver@79be91eb
  board={{7,5,8,9,1,4,3,2,6},{4,1,2,3,5,6,7,9,8},{6,9,3,2,8,7,1,4,5},{9,4,1,5,6,8,2,3,7},{5,8,6,7,2,3,9,1,4},{3,2,7,4,9,1,0,0,0},{0,0,0,0,0,0,0,0,0},{0,0,0,0,0,0,0,0,0},{0,0,0,0,0,0,0,0,0}}
]
17:37:10.903 [main] INFO  sudoku.model.SudokuBoard - Wartość 0 wstawiona nieprawidłowo
17:37:10.904 [main] INFO  sudoku.model.SudokuBoard - Bład w kwadracie 0
sudoku.model.SudokuBoard@3d1c933[
  size=9
  solver=sudoku.model.BacktrackingSudokuSolver@79be91eb
  board={{7,5,8,9,1,4,3,2,6},{4,1,2,3,5,6,7,9,8},{6,9,3,2,8,7,1,4,5},{9,4,1,5,6,8,2,3,7},{5,8,6,7,2,3,9,1,4},{3,2,7,4,9,0,0,0,0},{0,0,0,0,0,0,0,0,0},{0,0,0,0,0,0,0,0,0},{0,0,0,0,0,0,0,0,0}}
]
17:37:10.904 [main] INFO  sudoku.model.SudokuBoard - Wartość 0 wstawiona nieprawidłowo
17:37:10.905 [main] INFO  sudoku.model.SudokuBoard - Bład w kwadracie 0
sudoku.model.SudokuBoard@3d1c933[
  size=9
  solver=sudoku.model.BacktrackingSudokuSolver@79be91eb
  board={{7,5,8,9,1,4,3,2,6},{4,1,2,3,5,6,7,9,8},{6,9,3,2,8,7,1,4,5},{9,4,1,5,6,8,2,3,7},{5,8,6,7,2,3,9,1,4},{3,2,7,4,0,0,0,0,0},{0,0,0,0,0,0,0,0,0},{0,0,0,0,0,0,0,0,0},{0,0,0,0,0,0,0,0,0}}
]
17:37:10.905 [main] INFO  sudoku.model.SudokuBoard - Wartość 0 wstawiona nieprawidłowo
17:37:10.905 [main] INFO  sudoku.model.SudokuBoard - Bład w kwadracie 0
sudoku.model.SudokuBoard@3d1c933[
  size=9
  solver=sudoku.model.BacktrackingSudokuSolver@79be91eb
  board={{7,5,8,9,1,4,3,2,6},{4,1,2,3,5,6,7,9,8},{6,9,3,2,8,7,1,4,5},{9,4,1,5,6,8,2,3,7},{5,8,6,7,2,3,9,1,4},{3,2,7,0,0,0,0,0,0},{0,0,0,0,0,0,0,0,0},{0,0,0,0,0,0,0,0,0},{0,0,0,0,0,0,0,0,0}}
]
17:37:10.905 [main] INFO  sudoku.model.SudokuBoard - Wartość 0 wstawiona nieprawidłowo
17:37:10.905 [main] INFO  sudoku.model.SudokuBoard - Bład w kwadracie 0
sudoku.model.SudokuBoard@3d1c933[
  size=9
  solver=sudoku.model.BacktrackingSudokuSolver@79be91eb
  board={{7,5,8,9,1,4,3,2,6},{4,1,2,3,5,6,7,9,8},{6,9,3,2,8,7,1,4,5},{9,4,1,5,6,8,2,3,7},{5,8,6,7,2,3,9,1,4},{3,2,7,1,0,0,0,0,0},{0,0,0,0,0,0,0,0,0},{0,0,0,0,0,0,0,0,0},{0,0,0,0,0,0,0,0,0}}
]
17:37:10.905 [main] INFO  sudoku.model.SudokuBoard - Wartość 0 wstawiona nieprawidłowo
17:37:10.905 [main] INFO  sudoku.model.SudokuBoard - Bład w kwadracie 0
sudoku.model.SudokuBoard@3d1c933[
  size=9
  solver=sudoku.model.BacktrackingSudokuSolver@79be91eb
  board={{7,5,8,9,1,4,3,2,6},{4,1,2,3,5,6,7,9,8},{6,9,3,2,8,7,1,4,5},{9,4,1,5,6,8,2,3,7},{5,8,6,7,2,3,9,1,4},{3,2,7,1,4,9,5,0,0},{0,0,0,0,0,0,0,0,0},{0,0,0,0,0,0,0,0,0},{0,0,0,0,0,0,0,0,0}}
]
17:37:10.906 [main] INFO  sudoku.model.SudokuBoard - Wartość 0 wstawiona nieprawidłowo
17:37:10.906 [main] INFO  sudoku.model.SudokuBoard - Bład w kwadracie 0
sudoku.model.SudokuBoard@3d1c933[
  size=9
  solver=sudoku.model.BacktrackingSudokuSolver@79be91eb
  board={{7,5,8,9,1,4,3,2,6},{4,1,2,3,5,6,7,9,8},{6,9,3,2,8,7,1,4,5},{9,4,1,5,6,8,2,3,7},{5,8,6,7,2,3,9,1,4},{3,2,7,1,4,9,5,0,0},{0,0,0,0,0,0,0,0,0},{0,0,0,0,0,0,0,0,0},{0,0,0,0,0,0,0,0,0}}
]
17:37:10.906 [main] INFO  sudoku.model.SudokuBoard - Wartość 0 wstawiona nieprawidłowo
17:37:10.906 [main] INFO  sudoku.model.SudokuBoard - Bład w kwadracie 0
sudoku.model.SudokuBoard@3d1c933[
  size=9
  solver=sudoku.model.BacktrackingSudokuSolver@79be91eb
  board={{7,5,8,9,1,4,3,2,6},{4,1,2,3,5,6,7,9,8},{6,9,3,2,8,7,1,4,5},{9,4,1,5,6,8,2,3,7},{5,8,6,7,2,3,9,1,4},{3,2,7,1,4,9,0,0,0},{0,0,0,0,0,0,0,0,0},{0,0,0,0,0,0,0,0,0},{0,0,0,0,0,0,0,0,0}}
]
17:37:10.906 [main] INFO  sudoku.model.SudokuBoard - Wartość 0 wstawiona nieprawidłowo
17:37:10.906 [main] INFO  sudoku.model.SudokuBoard - Bład w kwadracie 0
sudoku.model.SudokuBoard@3d1c933[
  size=9
  solver=sudoku.model.BacktrackingSudokuSolver@79be91eb
  board={{7,5,8,9,1,4,3,2,6},{4,1,2,3,5,6,7,9,8},{6,9,3,2,8,7,1,4,5},{9,4,1,5,6,8,2,3,7},{5,8,6,7,2,3,9,1,4},{3,2,7,1,4,9,6,0,0},{0,0,0,0,0,0,0,0,0},{0,0,0,0,0,0,0,0,0},{0,0,0,0,0,0,0,0,0}}
]
17:37:10.906 [main] INFO  sudoku.model.SudokuBoard - Wartość 0 wstawiona nieprawidłowo
17:37:10.906 [main] INFO  sudoku.model.SudokuBoard - Bład w kwadracie 0
sudoku.model.SudokuBoard@3d1c933[
  size=9
  solver=sudoku.model.BacktrackingSudokuSolver@79be91eb
  board={{7,5,8,9,1,4,3,2,6},{4,1,2,3,5,6,7,9,8},{6,9,3,2,8,7,1,4,5},{9,4,1,5,6,8,2,3,7},{5,8,6,7,2,3,9,1,4},{3,2,7,1,4,9,6,0,0},{0,0,0,0,0,0,0,0,0},{0,0,0,0,0,0,0,0,0},{0,0,0,0,0,0,0,0,0}}
]
17:37:10.906 [main] INFO  sudoku.model.SudokuBoard - Wartość 0 wstawiona nieprawidłowo
17:37:10.906 [main] INFO  sudoku.model.SudokuBoard - Bład w kwadracie 0
sudoku.model.SudokuBoard@3d1c933[
  size=9
  solver=sudoku.model.BacktrackingSudokuSolver@79be91eb
  board={{7,5,8,9,1,4,3,2,6},{4,1,2,3,5,6,7,9,8},{6,9,3,2,8,7,1,4,5},{9,4,1,5,6,8,2,3,7},{5,8,6,7,2,3,9,1,4},{3,2,7,1,4,9,0,0,0},{0,0,0,0,0,0,0,0,0},{0,0,0,0,0,0,0,0,0},{0,0,0,0,0,0,0,0,0}}
]
17:37:10.906 [main] INFO  sudoku.model.SudokuBoard - Wartość 0 wstawiona nieprawidłowo
17:37:10.907 [main] INFO  sudoku.model.SudokuBoard - Bład w kwadracie 0
sudoku.model.SudokuBoard@3d1c933[
  size=9
  solver=sudoku.model.BacktrackingSudokuSolver@79be91eb
  board={{7,5,8,9,1,4,3,2,6},{4,1,2,3,5,6,7,9,8},{6,9,3,2,8,7,1,4,5},{9,4,1,5,6,8,2,3,7},{5,8,6,7,2,3,9,1,4},{3,2,7,1,4,9,8,0,0},{0,0,0,0,0,0,0,0,0},{0,0,0,0,0,0,0,0,0},{0,0,0,0,0,0,0,0,0}}
]
17:37:10.907 [main] INFO  sudoku.model.SudokuBoard - Wartość 0 wstawiona nieprawidłowo
17:37:10.907 [main] INFO  sudoku.model.SudokuBoard - Bład w kwadracie 0
sudoku.model.SudokuBoard@3d1c933[
  size=9
  solver=sudoku.model.BacktrackingSudokuSolver@79be91eb
  board={{7,5,8,9,1,4,3,2,6},{4,1,2,3,5,6,7,9,8},{6,9,3,2,8,7,1,4,5},{9,4,1,5,6,8,2,3,7},{5,8,6,7,2,3,9,1,4},{3,2,7,1,4,9,8,0,0},{0,0,0,0,0,0,0,0,0},{0,0,0,0,0,0,0,0,0},{0,0,0,0,0,0,0,0,0}}
]
17:37:10.907 [main] INFO  sudoku.model.SudokuBoard - Wartość 0 wstawiona nieprawidłowo
17:37:10.907 [main] INFO  sudoku.model.SudokuBoard - Bład w kwadracie 0
sudoku.model.SudokuBoard@3d1c933[
  size=9
  solver=sudoku.model.BacktrackingSudokuSolver@79be91eb
  board={{7,5,8,9,1,4,3,2,6},{4,1,2,3,5,6,7,9,8},{6,9,3,2,8,7,1,4,5},{9,4,1,5,6,8,2,3,7},{5,8,6,7,2,3,9,1,4},{3,2,7,1,4,9,0,0,0},{0,0,0,0,0,0,0,0,0},{0,0,0,0,0,0,0,0,0},{0,0,0,0,0,0,0,0,0}}
]
17:37:10.907 [main] INFO  sudoku.model.SudokuBoard - Wartość 0 wstawiona nieprawidłowo
17:37:10.907 [main] INFO  sudoku.model.SudokuBoard - Bład w kwadracie 0
sudoku.model.SudokuBoard@3d1c933[
  size=9
  solver=sudoku.model.BacktrackingSudokuSolver@79be91eb
  board={{7,5,8,9,1,4,3,2,6},{4,1,2,3,5,6,7,9,8},{6,9,3,2,8,7,1,4,5},{9,4,1,5,6,8,2,3,7},{5,8,6,7,2,3,9,1,4},{3,2,7,1,4,0,0,0,0},{0,0,0,0,0,0,0,0,0},{0,0,0,0,0,0,0,0,0},{0,0,0,0,0,0,0,0,0}}
]
17:37:10.907 [main] INFO  sudoku.model.SudokuBoard - Wartość 0 wstawiona nieprawidłowo
17:37:10.907 [main] INFO  sudoku.model.SudokuBoard - Bład w kwadracie 0
sudoku.model.SudokuBoard@3d1c933[
  size=9
  solver=sudoku.model.BacktrackingSudokuSolver@79be91eb
  board={{7,5,8,9,1,4,3,2,6},{4,1,2,3,5,6,7,9,8},{6,9,3,2,8,7,1,4,5},{9,4,1,5,6,8,2,3,7},{5,8,6,7,2,3,9,1,4},{3,2,7,1,0,0,0,0,0},{0,0,0,0,0,0,0,0,0},{0,0,0,0,0,0,0,0,0},{0,0,0,0,0,0,0,0,0}}
]
17:37:10.908 [main] INFO  sudoku.model.SudokuBoard - Wartość 0 wstawiona nieprawidłowo
17:37:10.908 [main] INFO  sudoku.model.SudokuBoard - Bład w kwadracie 0
sudoku.model.SudokuBoard@3d1c933[
  size=9
  solver=sudoku.model.BacktrackingSudokuSolver@79be91eb
  board={{7,5,8,9,1,4,3,2,6},{4,1,2,3,5,6,7,9,8},{6,9,3,2,8,7,1,4,5},{9,4,1,5,6,8,2,3,7},{5,8,6,7,2,3,9,1,4},{3,2,7,0,0,0,0,0,0},{0,0,0,0,0,0,0,0,0},{0,0,0,0,0,0,0,0,0},{0,0,0,0,0,0,0,0,0}}
]
17:37:10.908 [main] INFO  sudoku.model.SudokuBoard - Wartość 0 wstawiona nieprawidłowo
17:37:10.908 [main] INFO  sudoku.model.SudokuBoard - Bład w kwadracie 0
sudoku.model.SudokuBoard@3d1c933[
  size=9
  solver=sudoku.model.BacktrackingSudokuSolver@79be91eb
  board={{7,5,8,9,1,4,3,2,6},{4,1,2,3,5,6,7,9,8},{6,9,3,2,8,7,1,4,5},{9,4,1,5,6,8,2,3,7},{5,8,6,7,2,3,9,1,4},{3,2,0,0,0,0,0,0,0},{0,0,0,0,0,0,0,0,0},{0,0,0,0,0,0,0,0,0},{0,0,0,0,0,0,0,0,0}}
]
17:37:10.908 [main] INFO  sudoku.model.SudokuBoard - Wartość 0 wstawiona nieprawidłowo
17:37:10.908 [main] INFO  sudoku.model.SudokuBoard - Bład w kwadracie 0
sudoku.model.SudokuBoard@3d1c933[
  size=9
  solver=sudoku.model.BacktrackingSudokuSolver@79be91eb
  board={{7,5,8,9,1,4,3,2,6},{4,1,2,3,5,6,7,9,8},{6,9,3,2,8,7,1,4,5},{9,4,1,5,6,8,2,3,7},{5,8,6,7,2,3,9,1,4},{3,0,0,0,0,0,0,0,0},{0,0,0,0,0,0,0,0,0},{0,0,0,0,0,0,0,0,0},{0,0,0,0,0,0,0,0,0}}
]
17:37:10.909 [main] INFO  sudoku.model.SudokuBoard - Wartość 0 wstawiona nieprawidłowo
17:37:10.909 [main] INFO  sudoku.model.SudokuBoard - Bład w kwadracie 0
sudoku.model.SudokuBoard@3d1c933[
  size=9
  solver=sudoku.model.BacktrackingSudokuSolver@79be91eb
  board={{7,5,8,9,1,4,3,2,6},{4,1,2,3,5,6,7,9,8},{6,9,3,2,8,7,1,4,5},{9,4,1,5,6,8,2,3,7},{5,8,6,7,2,3,9,1,4},{0,0,0,0,0,0,0,0,0},{0,0,0,0,0,0,0,0,0},{0,0,0,0,0,0,0,0,0},{0,0,0,0,0,0,0,0,0}}
]
17:37:10.909 [main] INFO  sudoku.model.SudokuBoard - Wartość 0 wstawiona nieprawidłowo
17:37:10.913 [main] INFO  sudoku.model.SudokuBoard - Bład w kwadracie 0
sudoku.model.SudokuBoard@3d1c933[
  size=9
  solver=sudoku.model.BacktrackingSudokuSolver@79be91eb
  board={{7,5,8,9,1,4,3,2,6},{4,1,2,3,5,6,7,9,8},{6,9,3,2,8,7,1,4,5},{9,4,1,5,6,8,2,3,7},{5,8,6,7,2,3,9,1,0},{0,0,0,0,0,0,0,0,0},{0,0,0,0,0,0,0,0,0},{0,0,0,0,0,0,0,0,0},{0,0,0,0,0,0,0,0,0}}
]
17:37:10.913 [main] INFO  sudoku.model.SudokuBoard - Wartość 0 wstawiona nieprawidłowo
17:37:10.913 [main] INFO  sudoku.model.SudokuBoard - Bład w kwadracie 0
sudoku.model.SudokuBoard@3d1c933[
  size=9
  solver=sudoku.model.BacktrackingSudokuSolver@79be91eb
  board={{7,5,8,9,1,4,3,2,6},{4,1,2,3,5,6,7,9,8},{6,9,3,2,8,7,1,4,5},{9,4,1,5,6,8,2,3,7},{5,8,6,7,2,3,9,0,0},{0,0,0,0,0,0,0,0,0},{0,0,0,0,0,0,0,0,0},{0,0,0,0,0,0,0,0,0},{0,0,0,0,0,0,0,0,0}}
]
17:37:10.913 [main] INFO  sudoku.model.SudokuBoard - Wartość 0 wstawiona nieprawidłowo
17:37:10.913 [main] INFO  sudoku.model.SudokuBoard - Bład w kwadracie 0
sudoku.model.SudokuBoard@3d1c933[
  size=9
  solver=sudoku.model.BacktrackingSudokuSolver@79be91eb
  board={{7,5,8,9,1,4,3,2,6},{4,1,2,3,5,6,7,9,8},{6,9,3,2,8,7,1,4,5},{9,4,1,5,6,8,2,3,7},{5,8,6,7,2,3,0,0,0},{0,0,0,0,0,0,0,0,0},{0,0,0,0,0,0,0,0,0},{0,0,0,0,0,0,0,0,0},{0,0,0,0,0,0,0,0,0}}
]
17:37:10.913 [main] INFO  sudoku.model.SudokuBoard - Wartość 0 wstawiona nieprawidłowo
17:37:10.913 [main] INFO  sudoku.model.SudokuBoard - Bład w kwadracie 0
sudoku.model.SudokuBoard@3d1c933[
  size=9
  solver=sudoku.model.BacktrackingSudokuSolver@79be91eb
  board={{7,5,8,9,1,4,3,2,6},{4,1,2,3,5,6,7,9,8},{6,9,3,2,8,7,1,4,5},{9,4,1,5,6,8,2,3,7},{5,8,6,7,2,0,0,0,0},{0,0,0,0,0,0,0,0,0},{0,0,0,0,0,0,0,0,0},{0,0,0,0,0,0,0,0,0},{0,0,0,0,0,0,0,0,0}}
]
17:37:10.913 [main] INFO  sudoku.model.SudokuBoard - Wartość 0 wstawiona nieprawidłowo
17:37:10.913 [main] INFO  sudoku.model.SudokuBoard - Bład w kwadracie 0
sudoku.model.SudokuBoard@3d1c933[
  size=9
  solver=sudoku.model.BacktrackingSudokuSolver@79be91eb
  board={{7,5,8,9,1,4,3,2,6},{4,1,2,3,5,6,7,9,8},{6,9,3,2,8,7,1,4,5},{9,4,1,5,6,8,2,3,7},{5,8,6,7,0,0,0,0,0},{0,0,0,0,0,0,0,0,0},{0,0,0,0,0,0,0,0,0},{0,0,0,0,0,0,0,0,0},{0,0,0,0,0,0,0,0,0}}
]
17:37:10.913 [main] INFO  sudoku.model.SudokuBoard - Wartość 0 wstawiona nieprawidłowo
17:37:10.914 [main] INFO  sudoku.model.SudokuBoard - Bład w kwadracie 0
sudoku.model.SudokuBoard@3d1c933[
  size=9
  solver=sudoku.model.BacktrackingSudokuSolver@79be91eb
  board={{7,5,8,9,1,4,3,2,6},{4,1,2,3,5,6,7,9,8},{6,9,3,2,8,7,1,4,5},{9,4,1,5,6,8,2,3,7},{5,8,6,7,3,9,4,0,0},{0,0,0,0,0,0,0,0,0},{0,0,0,0,0,0,0,0,0},{0,0,0,0,0,0,0,0,0},{0,0,0,0,0,0,0,0,0}}
]
17:37:10.914 [main] INFO  sudoku.model.SudokuBoard - Wartość 0 wstawiona nieprawidłowo
17:37:10.915 [main] INFO  sudoku.model.SudokuBoard - Bład w kwadracie 0
sudoku.model.SudokuBoard@3d1c933[
  size=9
  solver=sudoku.model.BacktrackingSudokuSolver@79be91eb
  board={{7,5,8,9,1,4,3,2,6},{4,1,2,3,5,6,7,9,8},{6,9,3,2,8,7,1,4,5},{9,4,1,5,6,8,2,3,7},{5,8,6,7,3,9,0,0,0},{0,0,0,0,0,0,0,0,0},{0,0,0,0,0,0,0,0,0},{0,0,0,0,0,0,0,0,0},{0,0,0,0,0,0,0,0,0}}
]
17:37:10.915 [main] INFO  sudoku.model.SudokuBoard - Wartość 0 wstawiona nieprawidłowo
17:37:10.915 [main] INFO  sudoku.model.SudokuBoard - Bład w kwadracie 0
sudoku.model.SudokuBoard@3d1c933[
  size=9
  solver=sudoku.model.BacktrackingSudokuSolver@79be91eb
  board={{7,5,8,9,1,4,3,2,6},{4,1,2,3,5,6,7,9,8},{6,9,3,2,8,7,1,4,5},{9,4,1,5,6,8,2,3,7},{5,8,6,7,3,0,0,0,0},{0,0,0,0,0,0,0,0,0},{0,0,0,0,0,0,0,0,0},{0,0,0,0,0,0,0,0,0},{0,0,0,0,0,0,0,0,0}}
]
17:37:10.915 [main] INFO  sudoku.model.SudokuBoard - Wartość 0 wstawiona nieprawidłowo
17:37:10.915 [main] INFO  sudoku.model.SudokuBoard - Bład w kwadracie 0
sudoku.model.SudokuBoard@3d1c933[
  size=9
  solver=sudoku.model.BacktrackingSudokuSolver@79be91eb
  board={{7,5,8,9,1,4,3,2,6},{4,1,2,3,5,6,7,9,8},{6,9,3,2,8,7,1,4,5},{9,4,1,5,6,8,2,3,7},{5,8,6,7,3,1,0,0,0},{0,0,0,0,0,0,0,0,0},{0,0,0,0,0,0,0,0,0},{0,0,0,0,0,0,0,0,0},{0,0,0,0,0,0,0,0,0}}
]
17:37:10.915 [main] INFO  sudoku.model.SudokuBoard - Wartość 0 wstawiona nieprawidłowo
17:37:10.915 [main] INFO  sudoku.model.SudokuBoard - Bład w kwadracie 0
sudoku.model.SudokuBoard@3d1c933[
  size=9
  solver=sudoku.model.BacktrackingSudokuSolver@79be91eb
  board={{7,5,8,9,1,4,3,2,6},{4,1,2,3,5,6,7,9,8},{6,9,3,2,8,7,1,4,5},{9,4,1,5,6,8,2,3,7},{5,8,6,7,3,1,0,0,0},{0,0,0,0,0,0,0,0,0},{0,0,0,0,0,0,0,0,0},{0,0,0,0,0,0,0,0,0},{0,0,0,0,0,0,0,0,0}}
]
17:37:10.915 [main] INFO  sudoku.model.SudokuBoard - Wartość 0 wstawiona nieprawidłowo
17:37:10.915 [main] INFO  sudoku.model.SudokuBoard - Bład w kwadracie 0
sudoku.model.SudokuBoard@3d1c933[
  size=9
  solver=sudoku.model.BacktrackingSudokuSolver@79be91eb
  board={{7,5,8,9,1,4,3,2,6},{4,1,2,3,5,6,7,9,8},{6,9,3,2,8,7,1,4,5},{9,4,1,5,6,8,2,3,7},{5,8,6,7,3,0,0,0,0},{0,0,0,0,0,0,0,0,0},{0,0,0,0,0,0,0,0,0},{0,0,0,0,0,0,0,0,0},{0,0,0,0,0,0,0,0,0}}
]
17:37:10.915 [main] INFO  sudoku.model.SudokuBoard - Wartość 0 wstawiona nieprawidłowo
17:37:10.915 [main] INFO  sudoku.model.SudokuBoard - Bład w kwadracie 0
sudoku.model.SudokuBoard@3d1c933[
  size=9
  solver=sudoku.model.BacktrackingSudokuSolver@79be91eb
  board={{7,5,8,9,1,4,3,2,6},{4,1,2,3,5,6,7,9,8},{6,9,3,2,8,7,1,4,5},{9,4,1,5,6,8,2,3,7},{5,8,6,7,3,2,4,1,9},{2,0,0,0,0,0,0,0,0},{0,0,0,0,0,0,0,0,0},{0,0,0,0,0,0,0,0,0},{0,0,0,0,0,0,0,0,0}}
]
17:37:10.915 [main] INFO  sudoku.model.SudokuBoard - Wartość 0 wstawiona nieprawidłowo
17:37:10.916 [main] INFO  sudoku.model.SudokuBoard - Bład w kwadracie 0
sudoku.model.SudokuBoard@3d1c933[
  size=9
  solver=sudoku.model.BacktrackingSudokuSolver@79be91eb
  board={{7,5,8,9,1,4,3,2,6},{4,1,2,3,5,6,7,9,8},{6,9,3,2,8,7,1,4,5},{9,4,1,5,6,8,2,3,7},{5,8,6,7,3,2,4,1,9},{2,3,7,1,4,9,5,0,0},{0,0,0,0,0,0,0,0,0},{0,0,0,0,0,0,0,0,0},{0,0,0,0,0,0,0,0,0}}
]
17:37:10.916 [main] INFO  sudoku.model.SudokuBoard - Wartość 0 wstawiona nieprawidłowo
17:37:10.916 [main] INFO  sudoku.model.SudokuBoard - Bład w kwadracie 0
sudoku.model.SudokuBoard@3d1c933[
  size=9
  solver=sudoku.model.BacktrackingSudokuSolver@79be91eb
  board={{7,5,8,9,1,4,3,2,6},{4,1,2,3,5,6,7,9,8},{6,9,3,2,8,7,1,4,5},{9,4,1,5,6,8,2,3,7},{5,8,6,7,3,2,4,1,9},{2,3,7,1,4,9,5,0,0},{0,0,0,0,0,0,0,0,0},{0,0,0,0,0,0,0,0,0},{0,0,0,0,0,0,0,0,0}}
]
17:37:10.916 [main] INFO  sudoku.model.SudokuBoard - Wartość 0 wstawiona nieprawidłowo
17:37:10.916 [main] INFO  sudoku.model.SudokuBoard - Bład w kwadracie 0
sudoku.model.SudokuBoard@3d1c933[
  size=9
  solver=sudoku.model.BacktrackingSudokuSolver@79be91eb
  board={{7,5,8,9,1,4,3,2,6},{4,1,2,3,5,6,7,9,8},{6,9,3,2,8,7,1,4,5},{9,4,1,5,6,8,2,3,7},{5,8,6,7,3,2,4,1,9},{2,3,7,1,4,9,0,0,0},{0,0,0,0,0,0,0,0,0},{0,0,0,0,0,0,0,0,0},{0,0,0,0,0,0,0,0,0}}
]
17:37:10.916 [main] INFO  sudoku.model.SudokuBoard - Wartość 0 wstawiona nieprawidłowo
17:37:10.916 [main] INFO  sudoku.model.SudokuBoard - Bład w kwadracie 0
sudoku.model.SudokuBoard@3d1c933[
  size=9
  solver=sudoku.model.BacktrackingSudokuSolver@79be91eb
  board={{7,5,8,9,1,4,3,2,6},{4,1,2,3,5,6,7,9,8},{6,9,3,2,8,7,1,4,5},{9,4,1,5,6,8,2,3,7},{5,8,6,7,3,2,4,1,9},{2,3,7,1,4,9,6,0,0},{0,0,0,0,0,0,0,0,0},{0,0,0,0,0,0,0,0,0},{0,0,0,0,0,0,0,0,0}}
]
17:37:10.916 [main] INFO  sudoku.model.SudokuBoard - Wartość 0 wstawiona nieprawidłowo
17:37:10.916 [main] INFO  sudoku.model.SudokuBoard - Bład w kwadracie 0
sudoku.model.SudokuBoard@3d1c933[
  size=9
  solver=sudoku.model.BacktrackingSudokuSolver@79be91eb
  board={{7,5,8,9,1,4,3,2,6},{4,1,2,3,5,6,7,9,8},{6,9,3,2,8,7,1,4,5},{9,4,1,5,6,8,2,3,7},{5,8,6,7,3,2,4,1,9},{2,3,7,1,4,9,6,0,0},{0,0,0,0,0,0,0,0,0},{0,0,0,0,0,0,0,0,0},{0,0,0,0,0,0,0,0,0}}
]
17:37:10.916 [main] INFO  sudoku.model.SudokuBoard - Wartość 0 wstawiona nieprawidłowo
17:37:10.916 [main] INFO  sudoku.model.SudokuBoard - Bład w kwadracie 0
sudoku.model.SudokuBoard@3d1c933[
  size=9
  solver=sudoku.model.BacktrackingSudokuSolver@79be91eb
  board={{7,5,8,9,1,4,3,2,6},{4,1,2,3,5,6,7,9,8},{6,9,3,2,8,7,1,4,5},{9,4,1,5,6,8,2,3,7},{5,8,6,7,3,2,4,1,9},{2,3,7,1,4,9,0,0,0},{0,0,0,0,0,0,0,0,0},{0,0,0,0,0,0,0,0,0},{0,0,0,0,0,0,0,0,0}}
]
17:37:10.916 [main] INFO  sudoku.model.SudokuBoard - Wartość 0 wstawiona nieprawidłowo
17:37:10.917 [main] INFO  sudoku.model.SudokuBoard - Bład w kwadracie 0
sudoku.model.SudokuBoard@3d1c933[
  size=9
  solver=sudoku.model.BacktrackingSudokuSolver@79be91eb
  board={{7,5,8,9,1,4,3,2,6},{4,1,2,3,5,6,7,9,8},{6,9,3,2,8,7,1,4,5},{9,4,1,5,6,8,2,3,7},{5,8,6,7,3,2,4,1,9},{2,3,7,1,4,9,8,0,0},{0,0,0,0,0,0,0,0,0},{0,0,0,0,0,0,0,0,0},{0,0,0,0,0,0,0,0,0}}
]
17:37:10.917 [main] INFO  sudoku.model.SudokuBoard - Wartość 0 wstawiona nieprawidłowo
17:37:10.917 [main] INFO  sudoku.model.SudokuBoard - Bład w kwadracie 0
sudoku.model.SudokuBoard@3d1c933[
  size=9
  solver=sudoku.model.BacktrackingSudokuSolver@79be91eb
  board={{7,5,8,9,1,4,3,2,6},{4,1,2,3,5,6,7,9,8},{6,9,3,2,8,7,1,4,5},{9,4,1,5,6,8,2,3,7},{5,8,6,7,3,2,4,1,9},{2,3,7,1,4,9,8,0,0},{0,0,0,0,0,0,0,0,0},{0,0,0,0,0,0,0,0,0},{0,0,0,0,0,0,0,0,0}}
]
17:37:10.917 [main] INFO  sudoku.model.SudokuBoard - Wartość 0 wstawiona nieprawidłowo
17:37:10.917 [main] INFO  sudoku.model.SudokuBoard - Bład w kwadracie 0
sudoku.model.SudokuBoard@3d1c933[
  size=9
  solver=sudoku.model.BacktrackingSudokuSolver@79be91eb
  board={{7,5,8,9,1,4,3,2,6},{4,1,2,3,5,6,7,9,8},{6,9,3,2,8,7,1,4,5},{9,4,1,5,6,8,2,3,7},{5,8,6,7,3,2,4,1,9},{2,3,7,1,4,9,0,0,0},{0,0,0,0,0,0,0,0,0},{0,0,0,0,0,0,0,0,0},{0,0,0,0,0,0,0,0,0}}
]
17:37:10.917 [main] INFO  sudoku.model.SudokuBoard - Wartość 0 wstawiona nieprawidłowo
17:37:10.917 [main] INFO  sudoku.model.SudokuBoard - Bład w kwadracie 0
sudoku.model.SudokuBoard@3d1c933[
  size=9
  solver=sudoku.model.BacktrackingSudokuSolver@79be91eb
  board={{7,5,8,9,1,4,3,2,6},{4,1,2,3,5,6,7,9,8},{6,9,3,2,8,7,1,4,5},{9,4,1,5,6,8,2,3,7},{5,8,6,7,3,2,4,1,9},{2,3,7,1,4,0,0,0,0},{0,0,0,0,0,0,0,0,0},{0,0,0,0,0,0,0,0,0},{0,0,0,0,0,0,0,0,0}}
]
17:37:10.917 [main] INFO  sudoku.model.SudokuBoard - Wartość 0 wstawiona nieprawidłowo
17:37:10.918 [main] INFO  sudoku.model.SudokuBoard - Bład w kwadracie 0
sudoku.model.SudokuBoard@3d1c933[
  size=9
  solver=sudoku.model.BacktrackingSudokuSolver@79be91eb
  board={{7,5,8,9,1,4,3,2,6},{4,1,2,3,5,6,7,9,8},{6,9,3,2,8,7,1,4,5},{9,4,1,5,6,8,2,3,7},{5,8,6,7,3,2,4,1,9},{2,3,7,1,0,0,0,0,0},{0,0,0,0,0,0,0,0,0},{0,0,0,0,0,0,0,0,0},{0,0,0,0,0,0,0,0,0}}
]
17:37:10.918 [main] INFO  sudoku.model.SudokuBoard - Wartość 0 wstawiona nieprawidłowo
17:37:10.918 [main] INFO  sudoku.model.SudokuBoard - Bład w kwadracie 0
sudoku.model.SudokuBoard@3d1c933[
  size=9
  solver=sudoku.model.BacktrackingSudokuSolver@79be91eb
  board={{7,5,8,9,1,4,3,2,6},{4,1,2,3,5,6,7,9,8},{6,9,3,2,8,7,1,4,5},{9,4,1,5,6,8,2,3,7},{5,8,6,7,3,2,4,1,9},{2,3,7,1,0,0,0,0,0},{0,0,0,0,0,0,0,0,0},{0,0,0,0,0,0,0,0,0},{0,0,0,0,0,0,0,0,0}}
]
17:37:10.918 [main] INFO  sudoku.model.SudokuBoard - Wartość 0 wstawiona nieprawidłowo
17:37:10.919 [main] INFO  sudoku.model.SudokuBoard - Bład w kwadracie 0
sudoku.model.SudokuBoard@3d1c933[
  size=9
  solver=sudoku.model.BacktrackingSudokuSolver@79be91eb
  board={{7,5,8,9,1,4,3,2,6},{4,1,2,3,5,6,7,9,8},{6,9,3,2,8,7,1,4,5},{9,4,1,5,6,8,2,3,7},{5,8,6,7,3,2,4,1,9},{2,3,7,0,0,0,0,0,0},{0,0,0,0,0,0,0,0,0},{0,0,0,0,0,0,0,0,0},{0,0,0,0,0,0,0,0,0}}
]
17:37:10.919 [main] INFO  sudoku.model.SudokuBoard - Wartość 0 wstawiona nieprawidłowo
17:37:10.919 [main] INFO  sudoku.model.SudokuBoard - Bład w kwadracie 0
sudoku.model.SudokuBoard@3d1c933[
  size=9
  solver=sudoku.model.BacktrackingSudokuSolver@79be91eb
  board={{7,5,8,9,1,4,3,2,6},{4,1,2,3,5,6,7,9,8},{6,9,3,2,8,7,1,4,5},{9,4,1,5,6,8,2,3,7},{5,8,6,7,3,2,4,1,9},{2,3,7,4,9,1,5,0,0},{0,0,0,0,0,0,0,0,0},{0,0,0,0,0,0,0,0,0},{0,0,0,0,0,0,0,0,0}}
]
17:37:10.919 [main] INFO  sudoku.model.SudokuBoard - Wartość 0 wstawiona nieprawidłowo
17:37:10.919 [main] INFO  sudoku.model.SudokuBoard - Bład w kwadracie 0
sudoku.model.SudokuBoard@3d1c933[
  size=9
  solver=sudoku.model.BacktrackingSudokuSolver@79be91eb
  board={{7,5,8,9,1,4,3,2,6},{4,1,2,3,5,6,7,9,8},{6,9,3,2,8,7,1,4,5},{9,4,1,5,6,8,2,3,7},{5,8,6,7,3,2,4,1,9},{2,3,7,4,9,1,5,0,0},{0,0,0,0,0,0,0,0,0},{0,0,0,0,0,0,0,0,0},{0,0,0,0,0,0,0,0,0}}
]
17:37:10.919 [main] INFO  sudoku.model.SudokuBoard - Wartość 0 wstawiona nieprawidłowo
17:37:10.919 [main] INFO  sudoku.model.SudokuBoard - Bład w kwadracie 0
sudoku.model.SudokuBoard@3d1c933[
  size=9
  solver=sudoku.model.BacktrackingSudokuSolver@79be91eb
  board={{7,5,8,9,1,4,3,2,6},{4,1,2,3,5,6,7,9,8},{6,9,3,2,8,7,1,4,5},{9,4,1,5,6,8,2,3,7},{5,8,6,7,3,2,4,1,9},{2,3,7,4,9,1,0,0,0},{0,0,0,0,0,0,0,0,0},{0,0,0,0,0,0,0,0,0},{0,0,0,0,0,0,0,0,0}}
]
17:37:10.919 [main] INFO  sudoku.model.SudokuBoard - Wartość 0 wstawiona nieprawidłowo
17:37:10.919 [main] INFO  sudoku.model.SudokuBoard - Bład w kwadracie 0
sudoku.model.SudokuBoard@3d1c933[
  size=9
  solver=sudoku.model.BacktrackingSudokuSolver@79be91eb
  board={{7,5,8,9,1,4,3,2,6},{4,1,2,3,5,6,7,9,8},{6,9,3,2,8,7,1,4,5},{9,4,1,5,6,8,2,3,7},{5,8,6,7,3,2,4,1,9},{2,3,7,4,9,1,6,0,0},{0,0,0,0,0,0,0,0,0},{0,0,0,0,0,0,0,0,0},{0,0,0,0,0,0,0,0,0}}
]
17:37:10.919 [main] INFO  sudoku.model.SudokuBoard - Wartość 0 wstawiona nieprawidłowo
17:37:10.920 [main] INFO  sudoku.model.SudokuBoard - Bład w kwadracie 0
sudoku.model.SudokuBoard@3d1c933[
  size=9
  solver=sudoku.model.BacktrackingSudokuSolver@79be91eb
  board={{7,5,8,9,1,4,3,2,6},{4,1,2,3,5,6,7,9,8},{6,9,3,2,8,7,1,4,5},{9,4,1,5,6,8,2,3,7},{5,8,6,7,3,2,4,1,9},{2,3,7,4,9,1,6,0,0},{0,0,0,0,0,0,0,0,0},{0,0,0,0,0,0,0,0,0},{0,0,0,0,0,0,0,0,0}}
]
17:37:10.920 [main] INFO  sudoku.model.SudokuBoard - Wartość 0 wstawiona nieprawidłowo
17:37:10.920 [main] INFO  sudoku.model.SudokuBoard - Bład w kwadracie 0
sudoku.model.SudokuBoard@3d1c933[
  size=9
  solver=sudoku.model.BacktrackingSudokuSolver@79be91eb
  board={{7,5,8,9,1,4,3,2,6},{4,1,2,3,5,6,7,9,8},{6,9,3,2,8,7,1,4,5},{9,4,1,5,6,8,2,3,7},{5,8,6,7,3,2,4,1,9},{2,3,7,4,9,1,0,0,0},{0,0,0,0,0,0,0,0,0},{0,0,0,0,0,0,0,0,0},{0,0,0,0,0,0,0,0,0}}
]
17:37:10.920 [main] INFO  sudoku.model.SudokuBoard - Wartość 0 wstawiona nieprawidłowo
17:37:10.920 [main] INFO  sudoku.model.SudokuBoard - Bład w kwadracie 0
sudoku.model.SudokuBoard@3d1c933[
  size=9
  solver=sudoku.model.BacktrackingSudokuSolver@79be91eb
  board={{7,5,8,9,1,4,3,2,6},{4,1,2,3,5,6,7,9,8},{6,9,3,2,8,7,1,4,5},{9,4,1,5,6,8,2,3,7},{5,8,6,7,3,2,4,1,9},{2,3,7,4,9,1,8,0,0},{0,0,0,0,0,0,0,0,0},{0,0,0,0,0,0,0,0,0},{0,0,0,0,0,0,0,0,0}}
]
17:37:10.920 [main] INFO  sudoku.model.SudokuBoard - Wartość 0 wstawiona nieprawidłowo
17:37:10.920 [main] INFO  sudoku.model.SudokuBoard - Bład w kwadracie 0
sudoku.model.SudokuBoard@3d1c933[
  size=9
  solver=sudoku.model.BacktrackingSudokuSolver@79be91eb
  board={{7,5,8,9,1,4,3,2,6},{4,1,2,3,5,6,7,9,8},{6,9,3,2,8,7,1,4,5},{9,4,1,5,6,8,2,3,7},{5,8,6,7,3,2,4,1,9},{2,3,7,4,9,1,8,0,0},{0,0,0,0,0,0,0,0,0},{0,0,0,0,0,0,0,0,0},{0,0,0,0,0,0,0,0,0}}
]
17:37:10.920 [main] INFO  sudoku.model.SudokuBoard - Wartość 0 wstawiona nieprawidłowo
17:37:10.920 [main] INFO  sudoku.model.SudokuBoard - Bład w kwadracie 0
sudoku.model.SudokuBoard@3d1c933[
  size=9
  solver=sudoku.model.BacktrackingSudokuSolver@79be91eb
  board={{7,5,8,9,1,4,3,2,6},{4,1,2,3,5,6,7,9,8},{6,9,3,2,8,7,1,4,5},{9,4,1,5,6,8,2,3,7},{5,8,6,7,3,2,4,1,9},{2,3,7,4,9,1,0,0,0},{0,0,0,0,0,0,0,0,0},{0,0,0,0,0,0,0,0,0},{0,0,0,0,0,0,0,0,0}}
]
17:37:10.920 [main] INFO  sudoku.model.SudokuBoard - Wartość 0 wstawiona nieprawidłowo
17:37:10.921 [main] INFO  sudoku.model.SudokuBoard - Bład w kwadracie 0
sudoku.model.SudokuBoard@3d1c933[
  size=9
  solver=sudoku.model.BacktrackingSudokuSolver@79be91eb
  board={{7,5,8,9,1,4,3,2,6},{4,1,2,3,5,6,7,9,8},{6,9,3,2,8,7,1,4,5},{9,4,1,5,6,8,2,3,7},{5,8,6,7,3,2,4,1,9},{2,3,7,4,9,0,0,0,0},{0,0,0,0,0,0,0,0,0},{0,0,0,0,0,0,0,0,0},{0,0,0,0,0,0,0,0,0}}
]
17:37:10.921 [main] INFO  sudoku.model.SudokuBoard - Wartość 0 wstawiona nieprawidłowo
17:37:10.921 [main] INFO  sudoku.model.SudokuBoard - Bład w kwadracie 0
sudoku.model.SudokuBoard@3d1c933[
  size=9
  solver=sudoku.model.BacktrackingSudokuSolver@79be91eb
  board={{7,5,8,9,1,4,3,2,6},{4,1,2,3,5,6,7,9,8},{6,9,3,2,8,7,1,4,5},{9,4,1,5,6,8,2,3,7},{5,8,6,7,3,2,4,1,9},{2,3,7,4,0,0,0,0,0},{0,0,0,0,0,0,0,0,0},{0,0,0,0,0,0,0,0,0},{0,0,0,0,0,0,0,0,0}}
]
17:37:10.921 [main] INFO  sudoku.model.SudokuBoard - Wartość 0 wstawiona nieprawidłowo
17:37:10.921 [main] INFO  sudoku.model.SudokuBoard - Bład w kwadracie 0
sudoku.model.SudokuBoard@3d1c933[
  size=9
  solver=sudoku.model.BacktrackingSudokuSolver@79be91eb
  board={{7,5,8,9,1,4,3,2,6},{4,1,2,3,5,6,7,9,8},{6,9,3,2,8,7,1,4,5},{9,4,1,5,6,8,2,3,7},{5,8,6,7,3,2,4,1,9},{2,3,7,0,0,0,0,0,0},{0,0,0,0,0,0,0,0,0},{0,0,0,0,0,0,0,0,0},{0,0,0,0,0,0,0,0,0}}
]
17:37:10.921 [main] INFO  sudoku.model.SudokuBoard - Wartość 0 wstawiona nieprawidłowo
17:37:10.921 [main] INFO  sudoku.model.SudokuBoard - Bład w kwadracie 0
sudoku.model.SudokuBoard@3d1c933[
  size=9
  solver=sudoku.model.BacktrackingSudokuSolver@79be91eb
  board={{7,5,8,9,1,4,3,2,6},{4,1,2,3,5,6,7,9,8},{6,9,3,2,8,7,1,4,5},{9,4,1,5,6,8,2,3,7},{5,8,6,7,3,2,4,1,9},{2,3,0,0,0,0,0,0,0},{0,0,0,0,0,0,0,0,0},{0,0,0,0,0,0,0,0,0},{0,0,0,0,0,0,0,0,0}}
]
17:37:10.921 [main] INFO  sudoku.model.SudokuBoard - Wartość 0 wstawiona nieprawidłowo
17:37:10.921 [main] INFO  sudoku.model.SudokuBoard - Bład w kwadracie 0
sudoku.model.SudokuBoard@3d1c933[
  size=9
  solver=sudoku.model.BacktrackingSudokuSolver@79be91eb
  board={{7,5,8,9,1,4,3,2,6},{4,1,2,3,5,6,7,9,8},{6,9,3,2,8,7,1,4,5},{9,4,1,5,6,8,2,3,7},{5,8,6,7,3,2,4,1,9},{2,0,0,0,0,0,0,0,0},{0,0,0,0,0,0,0,0,0},{0,0,0,0,0,0,0,0,0},{0,0,0,0,0,0,0,0,0}}
]
17:37:10.921 [main] INFO  sudoku.model.SudokuBoard - Wartość 0 wstawiona nieprawidłowo
17:37:10.921 [main] INFO  sudoku.model.SudokuBoard - Bład w kwadracie 0
sudoku.model.SudokuBoard@3d1c933[
  size=9
  solver=sudoku.model.BacktrackingSudokuSolver@79be91eb
  board={{7,5,8,9,1,4,3,2,6},{4,1,2,3,5,6,7,9,8},{6,9,3,2,8,7,1,4,5},{9,4,1,5,6,8,2,3,7},{5,8,6,7,3,2,4,1,9},{0,0,0,0,0,0,0,0,0},{0,0,0,0,0,0,0,0,0},{0,0,0,0,0,0,0,0,0},{0,0,0,0,0,0,0,0,0}}
]
17:37:10.921 [main] INFO  sudoku.model.SudokuBoard - Wartość 0 wstawiona nieprawidłowo
17:37:10.922 [main] INFO  sudoku.model.SudokuBoard - Bład w kwadracie 0
sudoku.model.SudokuBoard@3d1c933[
  size=9
  solver=sudoku.model.BacktrackingSudokuSolver@79be91eb
  board={{7,5,8,9,1,4,3,2,6},{4,1,2,3,5,6,7,9,8},{6,9,3,2,8,7,1,4,5},{9,4,1,5,6,8,2,3,7},{5,8,6,7,3,2,4,1,9},{3,0,0,0,0,0,0,0,0},{0,0,0,0,0,0,0,0,0},{0,0,0,0,0,0,0,0,0},{0,0,0,0,0,0,0,0,0}}
]
17:37:10.922 [main] INFO  sudoku.model.SudokuBoard - Wartość 0 wstawiona nieprawidłowo
17:37:10.922 [main] INFO  sudoku.model.SudokuBoard - Bład w kwadracie 0
sudoku.model.SudokuBoard@3d1c933[
  size=9
  solver=sudoku.model.BacktrackingSudokuSolver@79be91eb
  board={{7,5,8,9,1,4,3,2,6},{4,1,2,3,5,6,7,9,8},{6,9,3,2,8,7,1,4,5},{9,4,1,5,6,8,2,3,7},{5,8,6,7,3,2,4,1,9},{3,2,7,1,4,9,5,0,0},{0,0,0,0,0,0,0,0,0},{0,0,0,0,0,0,0,0,0},{0,0,0,0,0,0,0,0,0}}
]
17:37:10.922 [main] INFO  sudoku.model.SudokuBoard - Wartość 0 wstawiona nieprawidłowo
17:37:10.922 [main] INFO  sudoku.model.SudokuBoard - Bład w kwadracie 0
sudoku.model.SudokuBoard@3d1c933[
  size=9
  solver=sudoku.model.BacktrackingSudokuSolver@79be91eb
  board={{7,5,8,9,1,4,3,2,6},{4,1,2,3,5,6,7,9,8},{6,9,3,2,8,7,1,4,5},{9,4,1,5,6,8,2,3,7},{5,8,6,7,3,2,4,1,9},{3,2,7,1,4,9,5,0,0},{0,0,0,0,0,0,0,0,0},{0,0,0,0,0,0,0,0,0},{0,0,0,0,0,0,0,0,0}}
]
17:37:10.922 [main] INFO  sudoku.model.SudokuBoard - Wartość 0 wstawiona nieprawidłowo
17:37:10.922 [main] INFO  sudoku.model.SudokuBoard - Bład w kwadracie 0
sudoku.model.SudokuBoard@3d1c933[
  size=9
  solver=sudoku.model.BacktrackingSudokuSolver@79be91eb
  board={{7,5,8,9,1,4,3,2,6},{4,1,2,3,5,6,7,9,8},{6,9,3,2,8,7,1,4,5},{9,4,1,5,6,8,2,3,7},{5,8,6,7,3,2,4,1,9},{3,2,7,1,4,9,0,0,0},{0,0,0,0,0,0,0,0,0},{0,0,0,0,0,0,0,0,0},{0,0,0,0,0,0,0,0,0}}
]
17:37:10.922 [main] INFO  sudoku.model.SudokuBoard - Wartość 0 wstawiona nieprawidłowo
17:37:10.922 [main] INFO  sudoku.model.SudokuBoard - Bład w kwadracie 0
sudoku.model.SudokuBoard@3d1c933[
  size=9
  solver=sudoku.model.BacktrackingSudokuSolver@79be91eb
  board={{7,5,8,9,1,4,3,2,6},{4,1,2,3,5,6,7,9,8},{6,9,3,2,8,7,1,4,5},{9,4,1,5,6,8,2,3,7},{5,8,6,7,3,2,4,1,9},{3,2,7,1,4,9,6,0,0},{0,0,0,0,0,0,0,0,0},{0,0,0,0,0,0,0,0,0},{0,0,0,0,0,0,0,0,0}}
]
17:37:10.923 [main] INFO  sudoku.model.SudokuBoard - Wartość 0 wstawiona nieprawidłowo
17:37:10.923 [main] INFO  sudoku.model.SudokuBoard - Bład w kwadracie 0
sudoku.model.SudokuBoard@3d1c933[
  size=9
  solver=sudoku.model.BacktrackingSudokuSolver@79be91eb
  board={{7,5,8,9,1,4,3,2,6},{4,1,2,3,5,6,7,9,8},{6,9,3,2,8,7,1,4,5},{9,4,1,5,6,8,2,3,7},{5,8,6,7,3,2,4,1,9},{3,2,7,1,4,9,6,0,0},{0,0,0,0,0,0,0,0,0},{0,0,0,0,0,0,0,0,0},{0,0,0,0,0,0,0,0,0}}
]
17:37:10.923 [main] INFO  sudoku.model.SudokuBoard - Wartość 0 wstawiona nieprawidłowo
17:37:10.923 [main] INFO  sudoku.model.SudokuBoard - Bład w kwadracie 0
sudoku.model.SudokuBoard@3d1c933[
  size=9
  solver=sudoku.model.BacktrackingSudokuSolver@79be91eb
  board={{7,5,8,9,1,4,3,2,6},{4,1,2,3,5,6,7,9,8},{6,9,3,2,8,7,1,4,5},{9,4,1,5,6,8,2,3,7},{5,8,6,7,3,2,4,1,9},{3,2,7,1,4,9,0,0,0},{0,0,0,0,0,0,0,0,0},{0,0,0,0,0,0,0,0,0},{0,0,0,0,0,0,0,0,0}}
]
17:37:10.923 [main] INFO  sudoku.model.SudokuBoard - Wartość 0 wstawiona nieprawidłowo
17:37:10.923 [main] INFO  sudoku.model.SudokuBoard - Bład w kwadracie 0
sudoku.model.SudokuBoard@3d1c933[
  size=9
  solver=sudoku.model.BacktrackingSudokuSolver@79be91eb
  board={{7,5,8,9,1,4,3,2,6},{4,1,2,3,5,6,7,9,8},{6,9,3,2,8,7,1,4,5},{9,4,1,5,6,8,2,3,7},{5,8,6,7,3,2,4,1,9},{3,2,7,1,4,9,8,0,0},{0,0,0,0,0,0,0,0,0},{0,0,0,0,0,0,0,0,0},{0,0,0,0,0,0,0,0,0}}
]
17:37:10.923 [main] INFO  sudoku.model.SudokuBoard - Wartość 0 wstawiona nieprawidłowo
17:37:10.923 [main] INFO  sudoku.model.SudokuBoard - Bład w kwadracie 0
sudoku.model.SudokuBoard@3d1c933[
  size=9
  solver=sudoku.model.BacktrackingSudokuSolver@79be91eb
  board={{7,5,8,9,1,4,3,2,6},{4,1,2,3,5,6,7,9,8},{6,9,3,2,8,7,1,4,5},{9,4,1,5,6,8,2,3,7},{5,8,6,7,3,2,4,1,9},{3,2,7,1,4,9,8,0,0},{0,0,0,0,0,0,0,0,0},{0,0,0,0,0,0,0,0,0},{0,0,0,0,0,0,0,0,0}}
]
17:37:10.923 [main] INFO  sudoku.model.SudokuBoard - Wartość 0 wstawiona nieprawidłowo
17:37:10.923 [main] INFO  sudoku.model.SudokuBoard - Bład w kwadracie 0
sudoku.model.SudokuBoard@3d1c933[
  size=9
  solver=sudoku.model.BacktrackingSudokuSolver@79be91eb
  board={{7,5,8,9,1,4,3,2,6},{4,1,2,3,5,6,7,9,8},{6,9,3,2,8,7,1,4,5},{9,4,1,5,6,8,2,3,7},{5,8,6,7,3,2,4,1,9},{3,2,7,1,4,9,0,0,0},{0,0,0,0,0,0,0,0,0},{0,0,0,0,0,0,0,0,0},{0,0,0,0,0,0,0,0,0}}
]
17:37:10.923 [main] INFO  sudoku.model.SudokuBoard - Wartość 0 wstawiona nieprawidłowo
17:37:10.924 [main] INFO  sudoku.model.SudokuBoard - Bład w kwadracie 0
sudoku.model.SudokuBoard@3d1c933[
  size=9
  solver=sudoku.model.BacktrackingSudokuSolver@79be91eb
  board={{7,5,8,9,1,4,3,2,6},{4,1,2,3,5,6,7,9,8},{6,9,3,2,8,7,1,4,5},{9,4,1,5,6,8,2,3,7},{5,8,6,7,3,2,4,1,9},{3,2,7,1,4,0,0,0,0},{0,0,0,0,0,0,0,0,0},{0,0,0,0,0,0,0,0,0},{0,0,0,0,0,0,0,0,0}}
]
17:37:10.924 [main] INFO  sudoku.model.SudokuBoard - Wartość 0 wstawiona nieprawidłowo
17:37:10.924 [main] INFO  sudoku.model.SudokuBoard - Bład w kwadracie 0
sudoku.model.SudokuBoard@3d1c933[
  size=9
  solver=sudoku.model.BacktrackingSudokuSolver@79be91eb
  board={{7,5,8,9,1,4,3,2,6},{4,1,2,3,5,6,7,9,8},{6,9,3,2,8,7,1,4,5},{9,4,1,5,6,8,2,3,7},{5,8,6,7,3,2,4,1,9},{3,2,7,1,0,0,0,0,0},{0,0,0,0,0,0,0,0,0},{0,0,0,0,0,0,0,0,0},{0,0,0,0,0,0,0,0,0}}
]
17:37:10.924 [main] INFO  sudoku.model.SudokuBoard - Wartość 0 wstawiona nieprawidłowo
17:37:10.924 [main] INFO  sudoku.model.SudokuBoard - Bład w kwadracie 0
sudoku.model.SudokuBoard@3d1c933[
  size=9
  solver=sudoku.model.BacktrackingSudokuSolver@79be91eb
  board={{7,5,8,9,1,4,3,2,6},{4,1,2,3,5,6,7,9,8},{6,9,3,2,8,7,1,4,5},{9,4,1,5,6,8,2,3,7},{5,8,6,7,3,2,4,1,9},{3,2,7,1,0,0,0,0,0},{0,0,0,0,0,0,0,0,0},{0,0,0,0,0,0,0,0,0},{0,0,0,0,0,0,0,0,0}}
]
17:37:10.924 [main] INFO  sudoku.model.SudokuBoard - Wartość 0 wstawiona nieprawidłowo
17:37:10.924 [main] INFO  sudoku.model.SudokuBoard - Bład w kwadracie 0
sudoku.model.SudokuBoard@3d1c933[
  size=9
  solver=sudoku.model.BacktrackingSudokuSolver@79be91eb
  board={{7,5,8,9,1,4,3,2,6},{4,1,2,3,5,6,7,9,8},{6,9,3,2,8,7,1,4,5},{9,4,1,5,6,8,2,3,7},{5,8,6,7,3,2,4,1,9},{3,2,7,0,0,0,0,0,0},{0,0,0,0,0,0,0,0,0},{0,0,0,0,0,0,0,0,0},{0,0,0,0,0,0,0,0,0}}
]
17:37:10.924 [main] INFO  sudoku.model.SudokuBoard - Wartość 0 wstawiona nieprawidłowo
17:37:10.925 [main] INFO  sudoku.model.SudokuBoard - Bład w kwadracie 0
sudoku.model.SudokuBoard@3d1c933[
  size=9
  solver=sudoku.model.BacktrackingSudokuSolver@79be91eb
  board={{7,5,8,9,1,4,3,2,6},{4,1,2,3,5,6,7,9,8},{6,9,3,2,8,7,1,4,5},{9,4,1,5,6,8,2,3,7},{5,8,6,7,3,2,4,1,9},{3,2,7,4,9,1,5,0,0},{0,0,0,0,0,0,0,0,0},{0,0,0,0,0,0,0,0,0},{0,0,0,0,0,0,0,0,0}}
]
17:37:10.925 [main] INFO  sudoku.model.SudokuBoard - Wartość 0 wstawiona nieprawidłowo
17:37:10.925 [main] INFO  sudoku.model.SudokuBoard - Bład w kwadracie 0
sudoku.model.SudokuBoard@3d1c933[
  size=9
  solver=sudoku.model.BacktrackingSudokuSolver@79be91eb
  board={{7,5,8,9,1,4,3,2,6},{4,1,2,3,5,6,7,9,8},{6,9,3,2,8,7,1,4,5},{9,4,1,5,6,8,2,3,7},{5,8,6,7,3,2,4,1,9},{3,2,7,4,9,1,5,0,0},{0,0,0,0,0,0,0,0,0},{0,0,0,0,0,0,0,0,0},{0,0,0,0,0,0,0,0,0}}
]
17:37:10.925 [main] INFO  sudoku.model.SudokuBoard - Wartość 0 wstawiona nieprawidłowo
17:37:10.925 [main] INFO  sudoku.model.SudokuBoard - Bład w kwadracie 0
sudoku.model.SudokuBoard@3d1c933[
  size=9
  solver=sudoku.model.BacktrackingSudokuSolver@79be91eb
  board={{7,5,8,9,1,4,3,2,6},{4,1,2,3,5,6,7,9,8},{6,9,3,2,8,7,1,4,5},{9,4,1,5,6,8,2,3,7},{5,8,6,7,3,2,4,1,9},{3,2,7,4,9,1,0,0,0},{0,0,0,0,0,0,0,0,0},{0,0,0,0,0,0,0,0,0},{0,0,0,0,0,0,0,0,0}}
]
17:37:10.925 [main] INFO  sudoku.model.SudokuBoard - Wartość 0 wstawiona nieprawidłowo
17:37:10.925 [main] INFO  sudoku.model.SudokuBoard - Bład w kwadracie 0
sudoku.model.SudokuBoard@3d1c933[
  size=9
  solver=sudoku.model.BacktrackingSudokuSolver@79be91eb
  board={{7,5,8,9,1,4,3,2,6},{4,1,2,3,5,6,7,9,8},{6,9,3,2,8,7,1,4,5},{9,4,1,5,6,8,2,3,7},{5,8,6,7,3,2,4,1,9},{3,2,7,4,9,1,6,0,0},{0,0,0,0,0,0,0,0,0},{0,0,0,0,0,0,0,0,0},{0,0,0,0,0,0,0,0,0}}
]
17:37:10.925 [main] INFO  sudoku.model.SudokuBoard - Wartość 0 wstawiona nieprawidłowo
17:37:10.925 [main] INFO  sudoku.model.SudokuBoard - Bład w kwadracie 0
sudoku.model.SudokuBoard@3d1c933[
  size=9
  solver=sudoku.model.BacktrackingSudokuSolver@79be91eb
  board={{7,5,8,9,1,4,3,2,6},{4,1,2,3,5,6,7,9,8},{6,9,3,2,8,7,1,4,5},{9,4,1,5,6,8,2,3,7},{5,8,6,7,3,2,4,1,9},{3,2,7,4,9,1,6,0,0},{0,0,0,0,0,0,0,0,0},{0,0,0,0,0,0,0,0,0},{0,0,0,0,0,0,0,0,0}}
]
17:37:10.925 [main] INFO  sudoku.model.SudokuBoard - Wartość 0 wstawiona nieprawidłowo
17:37:10.925 [main] INFO  sudoku.model.SudokuBoard - Bład w kwadracie 0
sudoku.model.SudokuBoard@3d1c933[
  size=9
  solver=sudoku.model.BacktrackingSudokuSolver@79be91eb
  board={{7,5,8,9,1,4,3,2,6},{4,1,2,3,5,6,7,9,8},{6,9,3,2,8,7,1,4,5},{9,4,1,5,6,8,2,3,7},{5,8,6,7,3,2,4,1,9},{3,2,7,4,9,1,0,0,0},{0,0,0,0,0,0,0,0,0},{0,0,0,0,0,0,0,0,0},{0,0,0,0,0,0,0,0,0}}
]
17:37:10.925 [main] INFO  sudoku.model.SudokuBoard - Wartość 0 wstawiona nieprawidłowo
17:37:10.926 [main] INFO  sudoku.model.SudokuBoard - Bład w kwadracie 0
sudoku.model.SudokuBoard@3d1c933[
  size=9
  solver=sudoku.model.BacktrackingSudokuSolver@79be91eb
  board={{7,5,8,9,1,4,3,2,6},{4,1,2,3,5,6,7,9,8},{6,9,3,2,8,7,1,4,5},{9,4,1,5,6,8,2,3,7},{5,8,6,7,3,2,4,1,9},{3,2,7,4,9,1,8,0,0},{0,0,0,0,0,0,0,0,0},{0,0,0,0,0,0,0,0,0},{0,0,0,0,0,0,0,0,0}}
]
17:37:10.926 [main] INFO  sudoku.model.SudokuBoard - Wartość 0 wstawiona nieprawidłowo
17:37:10.926 [main] INFO  sudoku.model.SudokuBoard - Bład w kwadracie 0
sudoku.model.SudokuBoard@3d1c933[
  size=9
  solver=sudoku.model.BacktrackingSudokuSolver@79be91eb
  board={{7,5,8,9,1,4,3,2,6},{4,1,2,3,5,6,7,9,8},{6,9,3,2,8,7,1,4,5},{9,4,1,5,6,8,2,3,7},{5,8,6,7,3,2,4,1,9},{3,2,7,4,9,1,8,0,0},{0,0,0,0,0,0,0,0,0},{0,0,0,0,0,0,0,0,0},{0,0,0,0,0,0,0,0,0}}
]
17:37:10.926 [main] INFO  sudoku.model.SudokuBoard - Wartość 0 wstawiona nieprawidłowo
17:37:10.926 [main] INFO  sudoku.model.SudokuBoard - Bład w kwadracie 0
sudoku.model.SudokuBoard@3d1c933[
  size=9
  solver=sudoku.model.BacktrackingSudokuSolver@79be91eb
  board={{7,5,8,9,1,4,3,2,6},{4,1,2,3,5,6,7,9,8},{6,9,3,2,8,7,1,4,5},{9,4,1,5,6,8,2,3,7},{5,8,6,7,3,2,4,1,9},{3,2,7,4,9,1,0,0,0},{0,0,0,0,0,0,0,0,0},{0,0,0,0,0,0,0,0,0},{0,0,0,0,0,0,0,0,0}}
]
17:37:10.926 [main] INFO  sudoku.model.SudokuBoard - Wartość 0 wstawiona nieprawidłowo
17:37:10.926 [main] INFO  sudoku.model.SudokuBoard - Bład w kwadracie 0
sudoku.model.SudokuBoard@3d1c933[
  size=9
  solver=sudoku.model.BacktrackingSudokuSolver@79be91eb
  board={{7,5,8,9,1,4,3,2,6},{4,1,2,3,5,6,7,9,8},{6,9,3,2,8,7,1,4,5},{9,4,1,5,6,8,2,3,7},{5,8,6,7,3,2,4,1,9},{3,2,7,4,9,0,0,0,0},{0,0,0,0,0,0,0,0,0},{0,0,0,0,0,0,0,0,0},{0,0,0,0,0,0,0,0,0}}
]
17:37:10.926 [main] INFO  sudoku.model.SudokuBoard - Wartość 0 wstawiona nieprawidłowo
17:37:10.926 [main] INFO  sudoku.model.SudokuBoard - Bład w kwadracie 0
sudoku.model.SudokuBoard@3d1c933[
  size=9
  solver=sudoku.model.BacktrackingSudokuSolver@79be91eb
  board={{7,5,8,9,1,4,3,2,6},{4,1,2,3,5,6,7,9,8},{6,9,3,2,8,7,1,4,5},{9,4,1,5,6,8,2,3,7},{5,8,6,7,3,2,4,1,9},{3,2,7,4,0,0,0,0,0},{0,0,0,0,0,0,0,0,0},{0,0,0,0,0,0,0,0,0},{0,0,0,0,0,0,0,0,0}}
]
17:37:10.926 [main] INFO  sudoku.model.SudokuBoard - Wartość 0 wstawiona nieprawidłowo
17:37:10.926 [main] INFO  sudoku.model.SudokuBoard - Bład w kwadracie 0
sudoku.model.SudokuBoard@3d1c933[
  size=9
  solver=sudoku.model.BacktrackingSudokuSolver@79be91eb
  board={{7,5,8,9,1,4,3,2,6},{4,1,2,3,5,6,7,9,8},{6,9,3,2,8,7,1,4,5},{9,4,1,5,6,8,2,3,7},{5,8,6,7,3,2,4,1,9},{3,2,7,0,0,0,0,0,0},{0,0,0,0,0,0,0,0,0},{0,0,0,0,0,0,0,0,0},{0,0,0,0,0,0,0,0,0}}
]
17:37:10.927 [main] INFO  sudoku.model.SudokuBoard - Wartość 0 wstawiona nieprawidłowo
17:37:10.927 [main] INFO  sudoku.model.SudokuBoard - Bład w kwadracie 0
sudoku.model.SudokuBoard@3d1c933[
  size=9
  solver=sudoku.model.BacktrackingSudokuSolver@79be91eb
  board={{7,5,8,9,1,4,3,2,6},{4,1,2,3,5,6,7,9,8},{6,9,3,2,8,7,1,4,5},{9,4,1,5,6,8,2,3,7},{5,8,6,7,3,2,4,1,9},{3,2,0,0,0,0,0,0,0},{0,0,0,0,0,0,0,0,0},{0,0,0,0,0,0,0,0,0},{0,0,0,0,0,0,0,0,0}}
]
17:37:10.927 [main] INFO  sudoku.model.SudokuBoard - Wartość 0 wstawiona nieprawidłowo
17:37:10.927 [main] INFO  sudoku.model.SudokuBoard - Bład w kwadracie 0
sudoku.model.SudokuBoard@3d1c933[
  size=9
  solver=sudoku.model.BacktrackingSudokuSolver@79be91eb
  board={{7,5,8,9,1,4,3,2,6},{4,1,2,3,5,6,7,9,8},{6,9,3,2,8,7,1,4,5},{9,4,1,5,6,8,2,3,7},{5,8,6,7,3,2,4,1,9},{3,0,0,0,0,0,0,0,0},{0,0,0,0,0,0,0,0,0},{0,0,0,0,0,0,0,0,0},{0,0,0,0,0,0,0,0,0}}
]
17:37:10.928 [main] INFO  sudoku.model.SudokuBoard - Wartość 0 wstawiona nieprawidłowo
17:37:10.928 [main] INFO  sudoku.model.SudokuBoard - Bład w kwadracie 0
sudoku.model.SudokuBoard@3d1c933[
  size=9
  solver=sudoku.model.BacktrackingSudokuSolver@79be91eb
  board={{7,5,8,9,1,4,3,2,6},{4,1,2,3,5,6,7,9,8},{6,9,3,2,8,7,1,4,5},{9,4,1,5,6,8,2,3,7},{5,8,6,7,3,2,4,1,9},{0,0,0,0,0,0,0,0,0},{0,0,0,0,0,0,0,0,0},{0,0,0,0,0,0,0,0,0},{0,0,0,0,0,0,0,0,0}}
]
17:37:10.928 [main] INFO  sudoku.model.SudokuBoard - Wartość 0 wstawiona nieprawidłowo
17:37:10.928 [main] INFO  sudoku.model.SudokuBoard - Bład w kwadracie 0
sudoku.model.SudokuBoard@3d1c933[
  size=9
  solver=sudoku.model.BacktrackingSudokuSolver@79be91eb
  board={{7,5,8,9,1,4,3,2,6},{4,1,2,3,5,6,7,9,8},{6,9,3,2,8,7,1,4,5},{9,4,1,5,6,8,2,3,7},{5,8,6,7,3,2,4,1,0},{0,0,0,0,0,0,0,0,0},{0,0,0,0,0,0,0,0,0},{0,0,0,0,0,0,0,0,0},{0,0,0,0,0,0,0,0,0}}
]
17:37:10.928 [main] INFO  sudoku.model.SudokuBoard - Wartość 0 wstawiona nieprawidłowo
17:37:10.928 [main] INFO  sudoku.model.SudokuBoard - Bład w kwadracie 0
sudoku.model.SudokuBoard@3d1c933[
  size=9
  solver=sudoku.model.BacktrackingSudokuSolver@79be91eb
  board={{7,5,8,9,1,4,3,2,6},{4,1,2,3,5,6,7,9,8},{6,9,3,2,8,7,1,4,5},{9,4,1,5,6,8,2,3,7},{5,8,6,7,3,2,4,0,0},{0,0,0,0,0,0,0,0,0},{0,0,0,0,0,0,0,0,0},{0,0,0,0,0,0,0,0,0},{0,0,0,0,0,0,0,0,0}}
]
17:37:10.928 [main] INFO  sudoku.model.SudokuBoard - Wartość 0 wstawiona nieprawidłowo
17:37:10.929 [main] INFO  sudoku.model.SudokuBoard - Bład w kwadracie 0
sudoku.model.SudokuBoard@3d1c933[
  size=9
  solver=sudoku.model.BacktrackingSudokuSolver@79be91eb
  board={{7,5,8,9,1,4,3,2,6},{4,1,2,3,5,6,7,9,8},{6,9,3,2,8,7,1,4,5},{9,4,1,5,6,8,2,3,7},{5,8,6,7,3,2,0,0,0},{0,0,0,0,0,0,0,0,0},{0,0,0,0,0,0,0,0,0},{0,0,0,0,0,0,0,0,0},{0,0,0,0,0,0,0,0,0}}
]
17:37:10.929 [main] INFO  sudoku.model.SudokuBoard - Wartość 0 wstawiona nieprawidłowo
17:37:10.929 [main] INFO  sudoku.model.SudokuBoard - Bład w kwadracie 0
sudoku.model.SudokuBoard@3d1c933[
  size=9
  solver=sudoku.model.BacktrackingSudokuSolver@79be91eb
  board={{7,5,8,9,1,4,3,2,6},{4,1,2,3,5,6,7,9,8},{6,9,3,2,8,7,1,4,5},{9,4,1,5,6,8,2,3,7},{5,8,6,7,3,2,9,1,4},{2,3,7,4,9,1,5,0,0},{0,0,0,0,0,0,0,0,0},{0,0,0,0,0,0,0,0,0},{0,0,0,0,0,0,0,0,0}}
]
17:37:10.929 [main] INFO  sudoku.model.SudokuBoard - Wartość 0 wstawiona nieprawidłowo
17:37:10.929 [main] INFO  sudoku.model.SudokuBoard - Bład w kwadracie 0
sudoku.model.SudokuBoard@3d1c933[
  size=9
  solver=sudoku.model.BacktrackingSudokuSolver@79be91eb
  board={{7,5,8,9,1,4,3,2,6},{4,1,2,3,5,6,7,9,8},{6,9,3,2,8,7,1,4,5},{9,4,1,5,6,8,2,3,7},{5,8,6,7,3,2,9,1,4},{2,3,7,4,9,1,5,0,0},{0,0,0,0,0,0,0,0,0},{0,0,0,0,0,0,0,0,0},{0,0,0,0,0,0,0,0,0}}
]
17:37:10.929 [main] INFO  sudoku.model.SudokuBoard - Wartość 0 wstawiona nieprawidłowo
17:37:10.930 [main] INFO  sudoku.model.SudokuBoard - Bład w kwadracie 0
sudoku.model.SudokuBoard@3d1c933[
  size=9
  solver=sudoku.model.BacktrackingSudokuSolver@79be91eb
  board={{7,5,8,9,1,4,3,2,6},{4,1,2,3,5,6,7,9,8},{6,9,3,2,8,7,1,4,5},{9,4,1,5,6,8,2,3,7},{5,8,6,7,3,2,9,1,4},{2,3,7,4,9,1,0,0,0},{0,0,0,0,0,0,0,0,0},{0,0,0,0,0,0,0,0,0},{0,0,0,0,0,0,0,0,0}}
]
17:37:10.930 [main] INFO  sudoku.model.SudokuBoard - Wartość 0 wstawiona nieprawidłowo
17:37:10.930 [main] INFO  sudoku.model.SudokuBoard - Bład w kwadracie 0
sudoku.model.SudokuBoard@3d1c933[
  size=9
  solver=sudoku.model.BacktrackingSudokuSolver@79be91eb
  board={{7,5,8,9,1,4,3,2,6},{4,1,2,3,5,6,7,9,8},{6,9,3,2,8,7,1,4,5},{9,4,1,5,6,8,2,3,7},{5,8,6,7,3,2,9,1,4},{2,3,7,4,9,1,6,0,0},{0,0,0,0,0,0,0,0,0},{0,0,0,0,0,0,0,0,0},{0,0,0,0,0,0,0,0,0}}
]
17:37:10.930 [main] INFO  sudoku.model.SudokuBoard - Wartość 0 wstawiona nieprawidłowo
17:37:10.931 [main] INFO  sudoku.model.SudokuBoard - Bład w kwadracie 0
sudoku.model.SudokuBoard@3d1c933[
  size=9
  solver=sudoku.model.BacktrackingSudokuSolver@79be91eb
  board={{7,5,8,9,1,4,3,2,6},{4,1,2,3,5,6,7,9,8},{6,9,3,2,8,7,1,4,5},{9,4,1,5,6,8,2,3,7},{5,8,6,7,3,2,9,1,4},{2,3,7,4,9,1,6,0,0},{0,0,0,0,0,0,0,0,0},{0,0,0,0,0,0,0,0,0},{0,0,0,0,0,0,0,0,0}}
]
17:37:10.931 [main] INFO  sudoku.model.SudokuBoard - Wartość 0 wstawiona nieprawidłowo
17:37:10.931 [main] INFO  sudoku.model.SudokuBoard - Bład w kwadracie 0
sudoku.model.SudokuBoard@3d1c933[
  size=9
  solver=sudoku.model.BacktrackingSudokuSolver@79be91eb
  board={{7,5,8,9,1,4,3,2,6},{4,1,2,3,5,6,7,9,8},{6,9,3,2,8,7,1,4,5},{9,4,1,5,6,8,2,3,7},{5,8,6,7,3,2,9,1,4},{2,3,7,4,9,1,0,0,0},{0,0,0,0,0,0,0,0,0},{0,0,0,0,0,0,0,0,0},{0,0,0,0,0,0,0,0,0}}
]
17:37:10.931 [main] INFO  sudoku.model.SudokuBoard - Wartość 0 wstawiona nieprawidłowo
17:37:10.931 [main] INFO  sudoku.model.SudokuBoard - Bład w kwadracie 0
sudoku.model.SudokuBoard@3d1c933[
  size=9
  solver=sudoku.model.BacktrackingSudokuSolver@79be91eb
  board={{7,5,8,9,1,4,3,2,6},{4,1,2,3,5,6,7,9,8},{6,9,3,2,8,7,1,4,5},{9,4,1,5,6,8,2,3,7},{5,8,6,7,3,2,9,1,4},{2,3,7,4,9,1,8,0,0},{0,0,0,0,0,0,0,0,0},{0,0,0,0,0,0,0,0,0},{0,0,0,0,0,0,0,0,0}}
]
17:37:10.931 [main] INFO  sudoku.model.SudokuBoard - Wartość 0 wstawiona nieprawidłowo
17:37:10.931 [main] INFO  sudoku.model.SudokuBoard - Bład w kwadracie 0
sudoku.model.SudokuBoard@3d1c933[
  size=9
  solver=sudoku.model.BacktrackingSudokuSolver@79be91eb
  board={{7,5,8,9,1,4,3,2,6},{4,1,2,3,5,6,7,9,8},{6,9,3,2,8,7,1,4,5},{9,4,1,5,6,8,2,3,7},{5,8,6,7,3,2,9,1,4},{2,3,7,4,9,1,8,0,0},{0,0,0,0,0,0,0,0,0},{0,0,0,0,0,0,0,0,0},{0,0,0,0,0,0,0,0,0}}
]
17:37:10.931 [main] INFO  sudoku.model.SudokuBoard - Wartość 0 wstawiona nieprawidłowo
17:37:10.931 [main] INFO  sudoku.model.SudokuBoard - Bład w kwadracie 0
sudoku.model.SudokuBoard@3d1c933[
  size=9
  solver=sudoku.model.BacktrackingSudokuSolver@79be91eb
  board={{7,5,8,9,1,4,3,2,6},{4,1,2,3,5,6,7,9,8},{6,9,3,2,8,7,1,4,5},{9,4,1,5,6,8,2,3,7},{5,8,6,7,3,2,9,1,4},{2,3,7,4,9,1,0,0,0},{0,0,0,0,0,0,0,0,0},{0,0,0,0,0,0,0,0,0},{0,0,0,0,0,0,0,0,0}}
]
17:37:10.931 [main] INFO  sudoku.model.SudokuBoard - Wartość 0 wstawiona nieprawidłowo
17:37:10.931 [main] INFO  sudoku.model.SudokuBoard - Bład w kwadracie 0
sudoku.model.SudokuBoard@3d1c933[
  size=9
  solver=sudoku.model.BacktrackingSudokuSolver@79be91eb
  board={{7,5,8,9,1,4,3,2,6},{4,1,2,3,5,6,7,9,8},{6,9,3,2,8,7,1,4,5},{9,4,1,5,6,8,2,3,7},{5,8,6,7,3,2,9,1,4},{2,3,7,4,9,0,0,0,0},{0,0,0,0,0,0,0,0,0},{0,0,0,0,0,0,0,0,0},{0,0,0,0,0,0,0,0,0}}
]
17:37:10.931 [main] INFO  sudoku.model.SudokuBoard - Wartość 0 wstawiona nieprawidłowo
17:37:10.931 [main] INFO  sudoku.model.SudokuBoard - Bład w kwadracie 0
sudoku.model.SudokuBoard@3d1c933[
  size=9
  solver=sudoku.model.BacktrackingSudokuSolver@79be91eb
  board={{7,5,8,9,1,4,3,2,6},{4,1,2,3,5,6,7,9,8},{6,9,3,2,8,7,1,4,5},{9,4,1,5,6,8,2,3,7},{5,8,6,7,3,2,9,1,4},{2,3,7,4,0,0,0,0,0},{0,0,0,0,0,0,0,0,0},{0,0,0,0,0,0,0,0,0},{0,0,0,0,0,0,0,0,0}}
]
17:37:10.931 [main] INFO  sudoku.model.SudokuBoard - Wartość 0 wstawiona nieprawidłowo
17:37:10.932 [main] INFO  sudoku.model.SudokuBoard - Bład w kwadracie 0
sudoku.model.SudokuBoard@3d1c933[
  size=9
  solver=sudoku.model.BacktrackingSudokuSolver@79be91eb
  board={{7,5,8,9,1,4,3,2,6},{4,1,2,3,5,6,7,9,8},{6,9,3,2,8,7,1,4,5},{9,4,1,5,6,8,2,3,7},{5,8,6,7,3,2,9,1,4},{2,3,7,0,0,0,0,0,0},{0,0,0,0,0,0,0,0,0},{0,0,0,0,0,0,0,0,0},{0,0,0,0,0,0,0,0,0}}
]
17:37:10.932 [main] INFO  sudoku.model.SudokuBoard - Wartość 0 wstawiona nieprawidłowo
17:37:10.932 [main] INFO  sudoku.model.SudokuBoard - Bład w kwadracie 0
sudoku.model.SudokuBoard@3d1c933[
  size=9
  solver=sudoku.model.BacktrackingSudokuSolver@79be91eb
  board={{7,5,8,9,1,4,3,2,6},{4,1,2,3,5,6,7,9,8},{6,9,3,2,8,7,1,4,5},{9,4,1,5,6,8,2,3,7},{5,8,6,7,3,2,9,1,4},{2,3,7,1,0,0,0,0,0},{0,0,0,0,0,0,0,0,0},{0,0,0,0,0,0,0,0,0},{0,0,0,0,0,0,0,0,0}}
]
17:37:10.932 [main] INFO  sudoku.model.SudokuBoard - Wartość 0 wstawiona nieprawidłowo
17:37:10.932 [main] INFO  sudoku.model.SudokuBoard - Bład w kwadracie 0
sudoku.model.SudokuBoard@3d1c933[
  size=9
  solver=sudoku.model.BacktrackingSudokuSolver@79be91eb
  board={{7,5,8,9,1,4,3,2,6},{4,1,2,3,5,6,7,9,8},{6,9,3,2,8,7,1,4,5},{9,4,1,5,6,8,2,3,7},{5,8,6,7,3,2,9,1,4},{2,3,7,1,4,9,5,0,0},{0,0,0,0,0,0,0,0,0},{0,0,0,0,0,0,0,0,0},{0,0,0,0,0,0,0,0,0}}
]
17:37:10.932 [main] INFO  sudoku.model.SudokuBoard - Wartość 0 wstawiona nieprawidłowo
17:37:10.933 [main] INFO  sudoku.model.SudokuBoard - Bład w kwadracie 0
sudoku.model.SudokuBoard@3d1c933[
  size=9
  solver=sudoku.model.BacktrackingSudokuSolver@79be91eb
  board={{7,5,8,9,1,4,3,2,6},{4,1,2,3,5,6,7,9,8},{6,9,3,2,8,7,1,4,5},{9,4,1,5,6,8,2,3,7},{5,8,6,7,3,2,9,1,4},{2,3,7,1,4,9,5,0,0},{0,0,0,0,0,0,0,0,0},{0,0,0,0,0,0,0,0,0},{0,0,0,0,0,0,0,0,0}}
]
17:37:10.933 [main] INFO  sudoku.model.SudokuBoard - Wartość 0 wstawiona nieprawidłowo
17:37:10.933 [main] INFO  sudoku.model.SudokuBoard - Bład w kwadracie 0
sudoku.model.SudokuBoard@3d1c933[
  size=9
  solver=sudoku.model.BacktrackingSudokuSolver@79be91eb
  board={{7,5,8,9,1,4,3,2,6},{4,1,2,3,5,6,7,9,8},{6,9,3,2,8,7,1,4,5},{9,4,1,5,6,8,2,3,7},{5,8,6,7,3,2,9,1,4},{2,3,7,1,4,9,0,0,0},{0,0,0,0,0,0,0,0,0},{0,0,0,0,0,0,0,0,0},{0,0,0,0,0,0,0,0,0}}
]
17:37:10.933 [main] INFO  sudoku.model.SudokuBoard - Wartość 0 wstawiona nieprawidłowo
17:37:10.933 [main] INFO  sudoku.model.SudokuBoard - Bład w kwadracie 0
sudoku.model.SudokuBoard@3d1c933[
  size=9
  solver=sudoku.model.BacktrackingSudokuSolver@79be91eb
  board={{7,5,8,9,1,4,3,2,6},{4,1,2,3,5,6,7,9,8},{6,9,3,2,8,7,1,4,5},{9,4,1,5,6,8,2,3,7},{5,8,6,7,3,2,9,1,4},{2,3,7,1,4,9,6,0,0},{0,0,0,0,0,0,0,0,0},{0,0,0,0,0,0,0,0,0},{0,0,0,0,0,0,0,0,0}}
]
17:37:10.933 [main] INFO  sudoku.model.SudokuBoard - Wartość 0 wstawiona nieprawidłowo
17:37:10.933 [main] INFO  sudoku.model.SudokuBoard - Bład w kwadracie 0
sudoku.model.SudokuBoard@3d1c933[
  size=9
  solver=sudoku.model.BacktrackingSudokuSolver@79be91eb
  board={{7,5,8,9,1,4,3,2,6},{4,1,2,3,5,6,7,9,8},{6,9,3,2,8,7,1,4,5},{9,4,1,5,6,8,2,3,7},{5,8,6,7,3,2,9,1,4},{2,3,7,1,4,9,6,0,0},{0,0,0,0,0,0,0,0,0},{0,0,0,0,0,0,0,0,0},{0,0,0,0,0,0,0,0,0}}
]
17:37:10.933 [main] INFO  sudoku.model.SudokuBoard - Wartość 0 wstawiona nieprawidłowo
17:37:10.935 [main] INFO  sudoku.model.SudokuBoard - Bład w kwadracie 0
sudoku.model.SudokuBoard@3d1c933[
  size=9
  solver=sudoku.model.BacktrackingSudokuSolver@79be91eb
  board={{7,5,8,9,1,4,3,2,6},{4,1,2,3,5,6,7,9,8},{6,9,3,2,8,7,1,4,5},{9,4,1,5,6,8,2,3,7},{5,8,6,7,3,2,9,1,4},{2,3,7,1,4,9,0,0,0},{0,0,0,0,0,0,0,0,0},{0,0,0,0,0,0,0,0,0},{0,0,0,0,0,0,0,0,0}}
]
17:37:10.935 [main] INFO  sudoku.model.SudokuBoard - Wartość 0 wstawiona nieprawidłowo
17:37:10.935 [main] INFO  sudoku.model.SudokuBoard - Bład w kwadracie 0
sudoku.model.SudokuBoard@3d1c933[
  size=9
  solver=sudoku.model.BacktrackingSudokuSolver@79be91eb
  board={{7,5,8,9,1,4,3,2,6},{4,1,2,3,5,6,7,9,8},{6,9,3,2,8,7,1,4,5},{9,4,1,5,6,8,2,3,7},{5,8,6,7,3,2,9,1,4},{2,3,7,1,4,9,8,0,0},{0,0,0,0,0,0,0,0,0},{0,0,0,0,0,0,0,0,0},{0,0,0,0,0,0,0,0,0}}
]
17:37:10.935 [main] INFO  sudoku.model.SudokuBoard - Wartość 0 wstawiona nieprawidłowo
17:37:10.935 [main] INFO  sudoku.model.SudokuBoard - Bład w kwadracie 0
sudoku.model.SudokuBoard@3d1c933[
  size=9
  solver=sudoku.model.BacktrackingSudokuSolver@79be91eb
  board={{7,5,8,9,1,4,3,2,6},{4,1,2,3,5,6,7,9,8},{6,9,3,2,8,7,1,4,5},{9,4,1,5,6,8,2,3,7},{5,8,6,7,3,2,9,1,4},{2,3,7,1,4,9,8,0,0},{0,0,0,0,0,0,0,0,0},{0,0,0,0,0,0,0,0,0},{0,0,0,0,0,0,0,0,0}}
]
17:37:10.935 [main] INFO  sudoku.model.SudokuBoard - Wartość 0 wstawiona nieprawidłowo
17:37:10.936 [main] INFO  sudoku.model.SudokuBoard - Bład w kwadracie 0
sudoku.model.SudokuBoard@3d1c933[
  size=9
  solver=sudoku.model.BacktrackingSudokuSolver@79be91eb
  board={{7,5,8,9,1,4,3,2,6},{4,1,2,3,5,6,7,9,8},{6,9,3,2,8,7,1,4,5},{9,4,1,5,6,8,2,3,7},{5,8,6,7,3,2,9,1,4},{2,3,7,1,4,9,0,0,0},{0,0,0,0,0,0,0,0,0},{0,0,0,0,0,0,0,0,0},{0,0,0,0,0,0,0,0,0}}
]
17:37:10.936 [main] INFO  sudoku.model.SudokuBoard - Wartość 0 wstawiona nieprawidłowo
17:37:10.936 [main] INFO  sudoku.model.SudokuBoard - Bład w kwadracie 0
sudoku.model.SudokuBoard@3d1c933[
  size=9
  solver=sudoku.model.BacktrackingSudokuSolver@79be91eb
  board={{7,5,8,9,1,4,3,2,6},{4,1,2,3,5,6,7,9,8},{6,9,3,2,8,7,1,4,5},{9,4,1,5,6,8,2,3,7},{5,8,6,7,3,2,9,1,4},{2,3,7,1,4,0,0,0,0},{0,0,0,0,0,0,0,0,0},{0,0,0,0,0,0,0,0,0},{0,0,0,0,0,0,0,0,0}}
]
17:37:10.936 [main] INFO  sudoku.model.SudokuBoard - Wartość 0 wstawiona nieprawidłowo
17:37:10.936 [main] INFO  sudoku.model.SudokuBoard - Bład w kwadracie 0
sudoku.model.SudokuBoard@3d1c933[
  size=9
  solver=sudoku.model.BacktrackingSudokuSolver@79be91eb
  board={{7,5,8,9,1,4,3,2,6},{4,1,2,3,5,6,7,9,8},{6,9,3,2,8,7,1,4,5},{9,4,1,5,6,8,2,3,7},{5,8,6,7,3,2,9,1,4},{2,3,7,1,0,0,0,0,0},{0,0,0,0,0,0,0,0,0},{0,0,0,0,0,0,0,0,0},{0,0,0,0,0,0,0,0,0}}
]
17:37:10.936 [main] INFO  sudoku.model.SudokuBoard - Wartość 0 wstawiona nieprawidłowo
17:37:10.936 [main] INFO  sudoku.model.SudokuBoard - Bład w kwadracie 0
sudoku.model.SudokuBoard@3d1c933[
  size=9
  solver=sudoku.model.BacktrackingSudokuSolver@79be91eb
  board={{7,5,8,9,1,4,3,2,6},{4,1,2,3,5,6,7,9,8},{6,9,3,2,8,7,1,4,5},{9,4,1,5,6,8,2,3,7},{5,8,6,7,3,2,9,1,4},{2,3,7,0,0,0,0,0,0},{0,0,0,0,0,0,0,0,0},{0,0,0,0,0,0,0,0,0},{0,0,0,0,0,0,0,0,0}}
]
17:37:10.937 [main] INFO  sudoku.model.SudokuBoard - Wartość 0 wstawiona nieprawidłowo
17:37:10.937 [main] INFO  sudoku.model.SudokuBoard - Bład w kwadracie 0
sudoku.model.SudokuBoard@3d1c933[
  size=9
  solver=sudoku.model.BacktrackingSudokuSolver@79be91eb
  board={{7,5,8,9,1,4,3,2,6},{4,1,2,3,5,6,7,9,8},{6,9,3,2,8,7,1,4,5},{9,4,1,5,6,8,2,3,7},{5,8,6,7,3,2,9,1,4},{2,3,0,0,0,0,0,0,0},{0,0,0,0,0,0,0,0,0},{0,0,0,0,0,0,0,0,0},{0,0,0,0,0,0,0,0,0}}
]
17:37:10.937 [main] INFO  sudoku.model.SudokuBoard - Wartość 0 wstawiona nieprawidłowo
17:37:10.937 [main] INFO  sudoku.model.SudokuBoard - Bład w kwadracie 0
sudoku.model.SudokuBoard@3d1c933[
  size=9
  solver=sudoku.model.BacktrackingSudokuSolver@79be91eb
  board={{7,5,8,9,1,4,3,2,6},{4,1,2,3,5,6,7,9,8},{6,9,3,2,8,7,1,4,5},{9,4,1,5,6,8,2,3,7},{5,8,6,7,3,2,9,1,4},{2,0,0,0,0,0,0,0,0},{0,0,0,0,0,0,0,0,0},{0,0,0,0,0,0,0,0,0},{0,0,0,0,0,0,0,0,0}}
]
17:37:10.937 [main] INFO  sudoku.model.SudokuBoard - Wartość 0 wstawiona nieprawidłowo
17:37:10.937 [main] INFO  sudoku.model.SudokuBoard - Bład w kwadracie 0
sudoku.model.SudokuBoard@3d1c933[
  size=9
  solver=sudoku.model.BacktrackingSudokuSolver@79be91eb
  board={{7,5,8,9,1,4,3,2,6},{4,1,2,3,5,6,7,9,8},{6,9,3,2,8,7,1,4,5},{9,4,1,5,6,8,2,3,7},{5,8,6,7,3,2,9,1,4},{2,0,0,0,0,0,0,0,0},{0,0,0,0,0,0,0,0,0},{0,0,0,0,0,0,0,0,0},{0,0,0,0,0,0,0,0,0}}
]
17:37:10.937 [main] INFO  sudoku.model.SudokuBoard - Wartość 0 wstawiona nieprawidłowo
17:37:10.937 [main] INFO  sudoku.model.SudokuBoard - Bład w kwadracie 0
sudoku.model.SudokuBoard@3d1c933[
  size=9
  solver=sudoku.model.BacktrackingSudokuSolver@79be91eb
  board={{7,5,8,9,1,4,3,2,6},{4,1,2,3,5,6,7,9,8},{6,9,3,2,8,7,1,4,5},{9,4,1,5,6,8,2,3,7},{5,8,6,7,3,2,9,1,4},{0,0,0,0,0,0,0,0,0},{0,0,0,0,0,0,0,0,0},{0,0,0,0,0,0,0,0,0},{0,0,0,0,0,0,0,0,0}}
]
17:37:10.937 [main] INFO  sudoku.model.SudokuBoard - Wartość 0 wstawiona nieprawidłowo
17:37:10.938 [main] INFO  sudoku.model.SudokuBoard - Bład w kwadracie 0
sudoku.model.SudokuBoard@3d1c933[
  size=9
  solver=sudoku.model.BacktrackingSudokuSolver@79be91eb
  board={{7,5,8,9,1,4,3,2,6},{4,1,2,3,5,6,7,9,8},{6,9,3,2,8,7,1,4,5},{9,4,1,5,6,8,2,3,7},{5,8,6,7,3,2,9,1,4},{3,2,7,1,0,0,0,0,0},{0,0,0,0,0,0,0,0,0},{0,0,0,0,0,0,0,0,0},{0,0,0,0,0,0,0,0,0}}
]
17:37:10.938 [main] INFO  sudoku.model.SudokuBoard - Wartość 0 wstawiona nieprawidłowo
17:37:10.938 [main] INFO  sudoku.model.SudokuBoard - Bład w kwadracie 0
sudoku.model.SudokuBoard@3d1c933[
  size=9
  solver=sudoku.model.BacktrackingSudokuSolver@79be91eb
  board={{7,5,8,9,1,4,3,2,6},{4,1,2,3,5,6,7,9,8},{6,9,3,2,8,7,1,4,5},{9,4,1,5,6,8,2,3,7},{5,8,6,7,3,2,9,1,4},{3,2,7,1,4,9,8,0,0},{0,0,0,0,0,0,0,0,0},{0,0,0,0,0,0,0,0,0},{0,0,0,0,0,0,0,0,0}}
]
17:37:10.938 [main] INFO  sudoku.model.SudokuBoard - Wartość 0 wstawiona nieprawidłowo
17:37:10.938 [main] INFO  sudoku.model.SudokuBoard - Bład w kwadracie 0
sudoku.model.SudokuBoard@3d1c933[
  size=9
  solver=sudoku.model.BacktrackingSudokuSolver@79be91eb
  board={{7,5,8,9,1,4,3,2,6},{4,1,2,3,5,6,7,9,8},{6,9,3,2,8,7,1,4,5},{9,4,1,5,6,8,2,3,7},{5,8,6,7,3,2,9,1,4},{3,2,7,1,4,9,8,0,0},{0,0,0,0,0,0,0,0,0},{0,0,0,0,0,0,0,0,0},{0,0,0,0,0,0,0,0,0}}
]
17:37:10.938 [main] INFO  sudoku.model.SudokuBoard - Wartość 0 wstawiona nieprawidłowo
17:37:10.938 [main] INFO  sudoku.model.SudokuBoard - Bład w kwadracie 0
sudoku.model.SudokuBoard@3d1c933[
  size=9
  solver=sudoku.model.BacktrackingSudokuSolver@79be91eb
  board={{7,5,8,9,1,4,3,2,6},{4,1,2,3,5,6,7,9,8},{6,9,3,2,8,7,1,4,5},{9,4,1,5,6,8,2,3,7},{5,8,6,7,3,2,9,1,4},{3,2,7,1,4,9,0,0,0},{0,0,0,0,0,0,0,0,0},{0,0,0,0,0,0,0,0,0},{0,0,0,0,0,0,0,0,0}}
]
17:37:10.938 [main] INFO  sudoku.model.SudokuBoard - Wartość 0 wstawiona nieprawidłowo
17:37:10.938 [main] INFO  sudoku.model.SudokuBoard - Bład w kwadracie 0
sudoku.model.SudokuBoard@3d1c933[
  size=9
  solver=sudoku.model.BacktrackingSudokuSolver@79be91eb
  board={{7,5,8,9,1,4,3,2,6},{4,1,2,3,5,6,7,9,8},{6,9,3,2,8,7,1,4,5},{9,4,1,5,6,8,2,3,7},{5,8,6,7,3,2,9,1,4},{3,2,7,1,4,9,5,0,0},{0,0,0,0,0,0,0,0,0},{0,0,0,0,0,0,0,0,0},{0,0,0,0,0,0,0,0,0}}
]
17:37:10.938 [main] INFO  sudoku.model.SudokuBoard - Wartość 0 wstawiona nieprawidłowo
17:37:10.938 [main] INFO  sudoku.model.SudokuBoard - Bład w kwadracie 0
sudoku.model.SudokuBoard@3d1c933[
  size=9
  solver=sudoku.model.BacktrackingSudokuSolver@79be91eb
  board={{7,5,8,9,1,4,3,2,6},{4,1,2,3,5,6,7,9,8},{6,9,3,2,8,7,1,4,5},{9,4,1,5,6,8,2,3,7},{5,8,6,7,3,2,9,1,4},{3,2,7,1,4,9,5,0,0},{0,0,0,0,0,0,0,0,0},{0,0,0,0,0,0,0,0,0},{0,0,0,0,0,0,0,0,0}}
]
17:37:10.938 [main] INFO  sudoku.model.SudokuBoard - Wartość 0 wstawiona nieprawidłowo
17:37:10.939 [main] INFO  sudoku.model.SudokuBoard - Bład w kwadracie 0
sudoku.model.SudokuBoard@3d1c933[
  size=9
  solver=sudoku.model.BacktrackingSudokuSolver@79be91eb
  board={{7,5,8,9,1,4,3,2,6},{4,1,2,3,5,6,7,9,8},{6,9,3,2,8,7,1,4,5},{9,4,1,5,6,8,2,3,7},{5,8,6,7,3,2,9,1,4},{3,2,7,1,4,9,0,0,0},{0,0,0,0,0,0,0,0,0},{0,0,0,0,0,0,0,0,0},{0,0,0,0,0,0,0,0,0}}
]
17:37:10.939 [main] INFO  sudoku.model.SudokuBoard - Wartość 0 wstawiona nieprawidłowo
17:37:10.939 [main] INFO  sudoku.model.SudokuBoard - Bład w kwadracie 0
sudoku.model.SudokuBoard@3d1c933[
  size=9
  solver=sudoku.model.BacktrackingSudokuSolver@79be91eb
  board={{7,5,8,9,1,4,3,2,6},{4,1,2,3,5,6,7,9,8},{6,9,3,2,8,7,1,4,5},{9,4,1,5,6,8,2,3,7},{5,8,6,7,3,2,9,1,4},{3,2,7,1,4,9,6,0,0},{0,0,0,0,0,0,0,0,0},{0,0,0,0,0,0,0,0,0},{0,0,0,0,0,0,0,0,0}}
]
17:37:10.939 [main] INFO  sudoku.model.SudokuBoard - Wartość 0 wstawiona nieprawidłowo
17:37:10.939 [main] INFO  sudoku.model.SudokuBoard - Bład w kwadracie 0
sudoku.model.SudokuBoard@3d1c933[
  size=9
  solver=sudoku.model.BacktrackingSudokuSolver@79be91eb
  board={{7,5,8,9,1,4,3,2,6},{4,1,2,3,5,6,7,9,8},{6,9,3,2,8,7,1,4,5},{9,4,1,5,6,8,2,3,7},{5,8,6,7,3,2,9,1,4},{3,2,7,1,4,9,6,0,0},{0,0,0,0,0,0,0,0,0},{0,0,0,0,0,0,0,0,0},{0,0,0,0,0,0,0,0,0}}
]
17:37:10.939 [main] INFO  sudoku.model.SudokuBoard - Wartość 0 wstawiona nieprawidłowo
17:37:10.940 [main] INFO  sudoku.model.SudokuBoard - Bład w kwadracie 0
sudoku.model.SudokuBoard@3d1c933[
  size=9
  solver=sudoku.model.BacktrackingSudokuSolver@79be91eb
  board={{7,5,8,9,1,4,3,2,6},{4,1,2,3,5,6,7,9,8},{6,9,3,2,8,7,1,4,5},{9,4,1,5,6,8,2,3,7},{5,8,6,7,3,2,9,1,4},{3,2,7,1,4,9,0,0,0},{0,0,0,0,0,0,0,0,0},{0,0,0,0,0,0,0,0,0},{0,0,0,0,0,0,0,0,0}}
]
17:37:10.940 [main] INFO  sudoku.model.SudokuBoard - Wartość 0 wstawiona nieprawidłowo
17:37:10.940 [main] INFO  sudoku.model.SudokuBoard - Bład w kwadracie 0
sudoku.model.SudokuBoard@3d1c933[
  size=9
  solver=sudoku.model.BacktrackingSudokuSolver@79be91eb
  board={{7,5,8,9,1,4,3,2,6},{4,1,2,3,5,6,7,9,8},{6,9,3,2,8,7,1,4,5},{9,4,1,5,6,8,2,3,7},{5,8,6,7,3,2,9,1,4},{3,2,7,1,4,0,0,0,0},{0,0,0,0,0,0,0,0,0},{0,0,0,0,0,0,0,0,0},{0,0,0,0,0,0,0,0,0}}
]
17:37:10.940 [main] INFO  sudoku.model.SudokuBoard - Wartość 0 wstawiona nieprawidłowo
17:37:10.940 [main] INFO  sudoku.model.SudokuBoard - Bład w kwadracie 0
sudoku.model.SudokuBoard@3d1c933[
  size=9
  solver=sudoku.model.BacktrackingSudokuSolver@79be91eb
  board={{7,5,8,9,1,4,3,2,6},{4,1,2,3,5,6,7,9,8},{6,9,3,2,8,7,1,4,5},{9,4,1,5,6,8,2,3,7},{5,8,6,7,3,2,9,1,4},{3,2,7,1,0,0,0,0,0},{0,0,0,0,0,0,0,0,0},{0,0,0,0,0,0,0,0,0},{0,0,0,0,0,0,0,0,0}}
]
17:37:10.940 [main] INFO  sudoku.model.SudokuBoard - Wartość 0 wstawiona nieprawidłowo
17:37:10.941 [main] INFO  sudoku.model.SudokuBoard - Bład w kwadracie 0
sudoku.model.SudokuBoard@3d1c933[
  size=9
  solver=sudoku.model.BacktrackingSudokuSolver@79be91eb
  board={{7,5,8,9,1,4,3,2,6},{4,1,2,3,5,6,7,9,8},{6,9,3,2,8,7,1,4,5},{9,4,1,5,6,8,2,3,7},{5,8,6,7,3,2,9,1,4},{3,2,7,0,0,0,0,0,0},{0,0,0,0,0,0,0,0,0},{0,0,0,0,0,0,0,0,0},{0,0,0,0,0,0,0,0,0}}
]
17:37:10.941 [main] INFO  sudoku.model.SudokuBoard - Wartość 0 wstawiona nieprawidłowo
17:37:10.941 [main] INFO  sudoku.model.SudokuBoard - Bład w kwadracie 0
sudoku.model.SudokuBoard@3d1c933[
  size=9
  solver=sudoku.model.BacktrackingSudokuSolver@79be91eb
  board={{7,5,8,9,1,4,3,2,6},{4,1,2,3,5,6,7,9,8},{6,9,3,2,8,7,1,4,5},{9,4,1,5,6,8,2,3,7},{5,8,6,7,3,2,9,1,4},{3,2,7,4,9,1,8,0,0},{0,0,0,0,0,0,0,0,0},{0,0,0,0,0,0,0,0,0},{0,0,0,0,0,0,0,0,0}}
]
17:37:10.941 [main] INFO  sudoku.model.SudokuBoard - Wartość 0 wstawiona nieprawidłowo
17:37:10.941 [main] INFO  sudoku.model.SudokuBoard - Bład w kwadracie 0
sudoku.model.SudokuBoard@3d1c933[
  size=9
  solver=sudoku.model.BacktrackingSudokuSolver@79be91eb
  board={{7,5,8,9,1,4,3,2,6},{4,1,2,3,5,6,7,9,8},{6,9,3,2,8,7,1,4,5},{9,4,1,5,6,8,2,3,7},{5,8,6,7,3,2,9,1,4},{3,2,7,4,9,1,8,0,0},{0,0,0,0,0,0,0,0,0},{0,0,0,0,0,0,0,0,0},{0,0,0,0,0,0,0,0,0}}
]
17:37:10.941 [main] INFO  sudoku.model.SudokuBoard - Wartość 0 wstawiona nieprawidłowo
17:37:10.941 [main] INFO  sudoku.model.SudokuBoard - Bład w kwadracie 0
sudoku.model.SudokuBoard@3d1c933[
  size=9
  solver=sudoku.model.BacktrackingSudokuSolver@79be91eb
  board={{7,5,8,9,1,4,3,2,6},{4,1,2,3,5,6,7,9,8},{6,9,3,2,8,7,1,4,5},{9,4,1,5,6,8,2,3,7},{5,8,6,7,3,2,9,1,4},{3,2,7,4,9,1,0,0,0},{0,0,0,0,0,0,0,0,0},{0,0,0,0,0,0,0,0,0},{0,0,0,0,0,0,0,0,0}}
]
17:37:10.941 [main] INFO  sudoku.model.SudokuBoard - Wartość 0 wstawiona nieprawidłowo
17:37:10.941 [main] INFO  sudoku.model.SudokuBoard - Bład w kwadracie 0
sudoku.model.SudokuBoard@3d1c933[
  size=9
  solver=sudoku.model.BacktrackingSudokuSolver@79be91eb
  board={{7,5,8,9,1,4,3,2,6},{4,1,2,3,5,6,7,9,8},{6,9,3,2,8,7,1,4,5},{9,4,1,5,6,8,2,3,7},{5,8,6,7,3,2,9,1,4},{3,2,7,4,9,1,5,0,0},{0,0,0,0,0,0,0,0,0},{0,0,0,0,0,0,0,0,0},{0,0,0,0,0,0,0,0,0}}
]
17:37:10.941 [main] INFO  sudoku.model.SudokuBoard - Wartość 0 wstawiona nieprawidłowo
17:37:10.942 [main] INFO  sudoku.model.SudokuBoard - Bład w kwadracie 0
sudoku.model.SudokuBoard@3d1c933[
  size=9
  solver=sudoku.model.BacktrackingSudokuSolver@79be91eb
  board={{7,5,8,9,1,4,3,2,6},{4,1,2,3,5,6,7,9,8},{6,9,3,2,8,7,1,4,5},{9,4,1,5,6,8,2,3,7},{5,8,6,7,3,2,9,1,4},{3,2,7,4,9,1,5,0,0},{0,0,0,0,0,0,0,0,0},{0,0,0,0,0,0,0,0,0},{0,0,0,0,0,0,0,0,0}}
]
17:37:10.942 [main] INFO  sudoku.model.SudokuBoard - Wartość 0 wstawiona nieprawidłowo
17:37:10.942 [main] INFO  sudoku.model.SudokuBoard - Bład w kwadracie 0
sudoku.model.SudokuBoard@3d1c933[
  size=9
  solver=sudoku.model.BacktrackingSudokuSolver@79be91eb
  board={{7,5,8,9,1,4,3,2,6},{4,1,2,3,5,6,7,9,8},{6,9,3,2,8,7,1,4,5},{9,4,1,5,6,8,2,3,7},{5,8,6,7,3,2,9,1,4},{3,2,7,4,9,1,0,0,0},{0,0,0,0,0,0,0,0,0},{0,0,0,0,0,0,0,0,0},{0,0,0,0,0,0,0,0,0}}
]
17:37:10.942 [main] INFO  sudoku.model.SudokuBoard - Wartość 0 wstawiona nieprawidłowo
17:37:10.942 [main] INFO  sudoku.model.SudokuBoard - Bład w kwadracie 0
sudoku.model.SudokuBoard@3d1c933[
  size=9
  solver=sudoku.model.BacktrackingSudokuSolver@79be91eb
  board={{7,5,8,9,1,4,3,2,6},{4,1,2,3,5,6,7,9,8},{6,9,3,2,8,7,1,4,5},{9,4,1,5,6,8,2,3,7},{5,8,6,7,3,2,9,1,4},{3,2,7,4,9,1,6,0,0},{0,0,0,0,0,0,0,0,0},{0,0,0,0,0,0,0,0,0},{0,0,0,0,0,0,0,0,0}}
]
17:37:10.942 [main] INFO  sudoku.model.SudokuBoard - Wartość 0 wstawiona nieprawidłowo
17:37:10.942 [main] INFO  sudoku.model.SudokuBoard - Bład w kwadracie 0
sudoku.model.SudokuBoard@3d1c933[
  size=9
  solver=sudoku.model.BacktrackingSudokuSolver@79be91eb
  board={{7,5,8,9,1,4,3,2,6},{4,1,2,3,5,6,7,9,8},{6,9,3,2,8,7,1,4,5},{9,4,1,5,6,8,2,3,7},{5,8,6,7,3,2,9,1,4},{3,2,7,4,9,1,6,0,0},{0,0,0,0,0,0,0,0,0},{0,0,0,0,0,0,0,0,0},{0,0,0,0,0,0,0,0,0}}
]
17:37:10.942 [main] INFO  sudoku.model.SudokuBoard - Wartość 0 wstawiona nieprawidłowo
17:37:10.942 [main] INFO  sudoku.model.SudokuBoard - Bład w kwadracie 0
sudoku.model.SudokuBoard@3d1c933[
  size=9
  solver=sudoku.model.BacktrackingSudokuSolver@79be91eb
  board={{7,5,8,9,1,4,3,2,6},{4,1,2,3,5,6,7,9,8},{6,9,3,2,8,7,1,4,5},{9,4,1,5,6,8,2,3,7},{5,8,6,7,3,2,9,1,4},{3,2,7,4,9,1,0,0,0},{0,0,0,0,0,0,0,0,0},{0,0,0,0,0,0,0,0,0},{0,0,0,0,0,0,0,0,0}}
]
17:37:10.942 [main] INFO  sudoku.model.SudokuBoard - Wartość 0 wstawiona nieprawidłowo
17:37:10.943 [main] INFO  sudoku.model.SudokuBoard - Bład w kwadracie 0
sudoku.model.SudokuBoard@3d1c933[
  size=9
  solver=sudoku.model.BacktrackingSudokuSolver@79be91eb
  board={{7,5,8,9,1,4,3,2,6},{4,1,2,3,5,6,7,9,8},{6,9,3,2,8,7,1,4,5},{9,4,1,5,6,8,2,3,7},{5,8,6,7,3,2,9,1,4},{3,2,7,4,9,0,0,0,0},{0,0,0,0,0,0,0,0,0},{0,0,0,0,0,0,0,0,0},{0,0,0,0,0,0,0,0,0}}
]
17:37:10.943 [main] INFO  sudoku.model.SudokuBoard - Wartość 0 wstawiona nieprawidłowo
17:37:10.943 [main] INFO  sudoku.model.SudokuBoard - Bład w kwadracie 0
sudoku.model.SudokuBoard@3d1c933[
  size=9
  solver=sudoku.model.BacktrackingSudokuSolver@79be91eb
  board={{7,5,8,9,1,4,3,2,6},{4,1,2,3,5,6,7,9,8},{6,9,3,2,8,7,1,4,5},{9,4,1,5,6,8,2,3,7},{5,8,6,7,3,2,9,1,4},{3,2,7,4,0,0,0,0,0},{0,0,0,0,0,0,0,0,0},{0,0,0,0,0,0,0,0,0},{0,0,0,0,0,0,0,0,0}}
]
17:37:10.943 [main] INFO  sudoku.model.SudokuBoard - Wartość 0 wstawiona nieprawidłowo
17:37:10.943 [main] INFO  sudoku.model.SudokuBoard - Bład w kwadracie 0
sudoku.model.SudokuBoard@3d1c933[
  size=9
  solver=sudoku.model.BacktrackingSudokuSolver@79be91eb
  board={{7,5,8,9,1,4,3,2,6},{4,1,2,3,5,6,7,9,8},{6,9,3,2,8,7,1,4,5},{9,4,1,5,6,8,2,3,7},{5,8,6,7,3,2,9,1,4},{3,2,7,0,0,0,0,0,0},{0,0,0,0,0,0,0,0,0},{0,0,0,0,0,0,0,0,0},{0,0,0,0,0,0,0,0,0}}
]
17:37:10.943 [main] INFO  sudoku.model.SudokuBoard - Wartość 0 wstawiona nieprawidłowo
17:37:10.943 [main] INFO  sudoku.model.SudokuBoard - Bład w kwadracie 0
sudoku.model.SudokuBoard@3d1c933[
  size=9
  solver=sudoku.model.BacktrackingSudokuSolver@79be91eb
  board={{7,5,8,9,1,4,3,2,6},{4,1,2,3,5,6,7,9,8},{6,9,3,2,8,7,1,4,5},{9,4,1,5,6,8,2,3,7},{5,8,6,7,3,2,9,1,4},{3,2,0,0,0,0,0,0,0},{0,0,0,0,0,0,0,0,0},{0,0,0,0,0,0,0,0,0},{0,0,0,0,0,0,0,0,0}}
]
17:37:10.943 [main] INFO  sudoku.model.SudokuBoard - Wartość 0 wstawiona nieprawidłowo
17:37:10.943 [main] INFO  sudoku.model.SudokuBoard - Bład w kwadracie 0
sudoku.model.SudokuBoard@3d1c933[
  size=9
  solver=sudoku.model.BacktrackingSudokuSolver@79be91eb
  board={{7,5,8,9,1,4,3,2,6},{4,1,2,3,5,6,7,9,8},{6,9,3,2,8,7,1,4,5},{9,4,1,5,6,8,2,3,7},{5,8,6,7,3,2,9,1,4},{3,0,0,0,0,0,0,0,0},{0,0,0,0,0,0,0,0,0},{0,0,0,0,0,0,0,0,0},{0,0,0,0,0,0,0,0,0}}
]
17:37:10.943 [main] INFO  sudoku.model.SudokuBoard - Wartość 0 wstawiona nieprawidłowo
17:37:10.943 [main] INFO  sudoku.model.SudokuBoard - Bład w kwadracie 0
sudoku.model.SudokuBoard@3d1c933[
  size=9
  solver=sudoku.model.BacktrackingSudokuSolver@79be91eb
  board={{7,5,8,9,1,4,3,2,6},{4,1,2,3,5,6,7,9,8},{6,9,3,2,8,7,1,4,5},{9,4,1,5,6,8,2,3,7},{5,8,6,7,3,2,9,1,4},{3,0,0,0,0,0,0,0,0},{0,0,0,0,0,0,0,0,0},{0,0,0,0,0,0,0,0,0},{0,0,0,0,0,0,0,0,0}}
]
17:37:10.943 [main] INFO  sudoku.model.SudokuBoard - Wartość 0 wstawiona nieprawidłowo
17:37:10.943 [main] INFO  sudoku.model.SudokuBoard - Bład w kwadracie 0
sudoku.model.SudokuBoard@3d1c933[
  size=9
  solver=sudoku.model.BacktrackingSudokuSolver@79be91eb
  board={{7,5,8,9,1,4,3,2,6},{4,1,2,3,5,6,7,9,8},{6,9,3,2,8,7,1,4,5},{9,4,1,5,6,8,2,3,7},{5,8,6,7,3,2,9,1,4},{0,0,0,0,0,0,0,0,0},{0,0,0,0,0,0,0,0,0},{0,0,0,0,0,0,0,0,0},{0,0,0,0,0,0,0,0,0}}
]
17:37:10.943 [main] INFO  sudoku.model.SudokuBoard - Wartość 0 wstawiona nieprawidłowo
17:37:10.944 [main] INFO  sudoku.model.SudokuBoard - Bład w kwadracie 0
sudoku.model.SudokuBoard@3d1c933[
  size=9
  solver=sudoku.model.BacktrackingSudokuSolver@79be91eb
  board={{7,5,8,9,1,4,3,2,6},{4,1,2,3,5,6,7,9,8},{6,9,3,2,8,7,1,4,5},{9,4,1,5,6,8,2,3,7},{5,8,6,7,3,2,9,1,0},{0,0,0,0,0,0,0,0,0},{0,0,0,0,0,0,0,0,0},{0,0,0,0,0,0,0,0,0},{0,0,0,0,0,0,0,0,0}}
]
17:37:10.944 [main] INFO  sudoku.model.SudokuBoard - Wartość 0 wstawiona nieprawidłowo
17:37:10.944 [main] INFO  sudoku.model.SudokuBoard - Bład w kwadracie 0
sudoku.model.SudokuBoard@3d1c933[
  size=9
  solver=sudoku.model.BacktrackingSudokuSolver@79be91eb
  board={{7,5,8,9,1,4,3,2,6},{4,1,2,3,5,6,7,9,8},{6,9,3,2,8,7,1,4,5},{9,4,1,5,6,8,2,3,7},{5,8,6,7,3,2,9,0,0},{0,0,0,0,0,0,0,0,0},{0,0,0,0,0,0,0,0,0},{0,0,0,0,0,0,0,0,0},{0,0,0,0,0,0,0,0,0}}
]
17:37:10.944 [main] INFO  sudoku.model.SudokuBoard - Wartość 0 wstawiona nieprawidłowo
17:37:10.944 [main] INFO  sudoku.model.SudokuBoard - Bład w kwadracie 0
sudoku.model.SudokuBoard@3d1c933[
  size=9
  solver=sudoku.model.BacktrackingSudokuSolver@79be91eb
  board={{7,5,8,9,1,4,3,2,6},{4,1,2,3,5,6,7,9,8},{6,9,3,2,8,7,1,4,5},{9,4,1,5,6,8,2,3,7},{5,8,6,7,3,2,0,0,0},{0,0,0,0,0,0,0,0,0},{0,0,0,0,0,0,0,0,0},{0,0,0,0,0,0,0,0,0},{0,0,0,0,0,0,0,0,0}}
]
17:37:10.944 [main] INFO  sudoku.model.SudokuBoard - Wartość 0 wstawiona nieprawidłowo
17:37:10.944 [main] INFO  sudoku.model.SudokuBoard - Bład w kwadracie 0
sudoku.model.SudokuBoard@3d1c933[
  size=9
  solver=sudoku.model.BacktrackingSudokuSolver@79be91eb
  board={{7,5,8,9,1,4,3,2,6},{4,1,2,3,5,6,7,9,8},{6,9,3,2,8,7,1,4,5},{9,4,1,5,6,8,2,3,7},{5,8,6,7,3,0,0,0,0},{0,0,0,0,0,0,0,0,0},{0,0,0,0,0,0,0,0,0},{0,0,0,0,0,0,0,0,0},{0,0,0,0,0,0,0,0,0}}
]
17:37:10.944 [main] INFO  sudoku.model.SudokuBoard - Wartość 0 wstawiona nieprawidłowo
17:37:10.946 [main] INFO  sudoku.model.SudokuBoard - Bład w kwadracie 0
sudoku.model.SudokuBoard@3d1c933[
  size=9
  solver=sudoku.model.BacktrackingSudokuSolver@79be91eb
  board={{7,5,8,9,1,4,3,2,6},{4,1,2,3,5,6,7,9,8},{6,9,3,2,8,7,1,4,5},{9,4,1,5,6,8,2,3,7},{5,8,6,7,0,0,0,0,0},{0,0,0,0,0,0,0,0,0},{0,0,0,0,0,0,0,0,0},{0,0,0,0,0,0,0,0,0},{0,0,0,0,0,0,0,0,0}}
]
17:37:10.946 [main] INFO  sudoku.model.SudokuBoard - Wartość 0 wstawiona nieprawidłowo
17:37:10.952 [main] INFO  sudoku.model.SudokuBoard - Bład w kwadracie 0
sudoku.model.SudokuBoard@3d1c933[
  size=9
  solver=sudoku.model.BacktrackingSudokuSolver@79be91eb
  board={{7,5,8,9,1,4,3,2,6},{4,1,2,3,5,6,7,9,8},{6,9,3,2,8,7,1,4,5},{9,4,1,5,6,8,2,3,7},{5,8,6,0,0,0,0,0,0},{0,0,0,0,0,0,0,0,0},{0,0,0,0,0,0,0,0,0},{0,0,0,0,0,0,0,0,0},{0,0,0,0,0,0,0,0,0}}
]
17:37:10.953 [main] INFO  sudoku.model.SudokuBoard - Wartość 0 wstawiona nieprawidłowo
17:37:10.953 [main] INFO  sudoku.model.SudokuBoard - Bład w kwadracie 0
sudoku.model.SudokuBoard@3d1c933[
  size=9
  solver=sudoku.model.BacktrackingSudokuSolver@79be91eb
  board={{7,5,8,9,1,4,3,2,6},{4,1,2,3,5,6,7,9,8},{6,9,3,2,8,7,1,4,5},{9,4,1,5,6,8,2,3,7},{5,8,6,1,4,0,0,0,0},{0,0,0,0,0,0,0,0,0},{0,0,0,0,0,0,0,0,0},{0,0,0,0,0,0,0,0,0},{0,0,0,0,0,0,0,0,0}}
]
17:37:10.953 [main] INFO  sudoku.model.SudokuBoard - Wartość 0 wstawiona nieprawidłowo
17:37:10.954 [main] INFO  sudoku.model.SudokuBoard - Bład w kwadracie 0
sudoku.model.SudokuBoard@3d1c933[
  size=9
  solver=sudoku.model.BacktrackingSudokuSolver@79be91eb
  board={{7,5,8,9,1,4,3,2,6},{4,1,2,3,5,6,7,9,8},{6,9,3,2,8,7,1,4,5},{9,4,1,5,6,8,2,3,7},{5,8,6,1,4,2,0,0,0},{0,0,0,0,0,0,0,0,0},{0,0,0,0,0,0,0,0,0},{0,0,0,0,0,0,0,0,0},{0,0,0,0,0,0,0,0,0}}
]
17:37:10.954 [main] INFO  sudoku.model.SudokuBoard - Wartość 0 wstawiona nieprawidłowo
17:37:10.954 [main] INFO  sudoku.model.SudokuBoard - Bład w kwadracie 0
sudoku.model.SudokuBoard@3d1c933[
  size=9
  solver=sudoku.model.BacktrackingSudokuSolver@79be91eb
  board={{7,5,8,9,1,4,3,2,6},{4,1,2,3,5,6,7,9,8},{6,9,3,2,8,7,1,4,5},{9,4,1,5,6,8,2,3,7},{5,8,6,1,4,0,0,0,0},{0,0,0,0,0,0,0,0,0},{0,0,0,0,0,0,0,0,0},{0,0,0,0,0,0,0,0,0},{0,0,0,0,0,0,0,0,0}}
]
17:37:10.954 [main] INFO  sudoku.model.SudokuBoard - Wartość 0 wstawiona nieprawidłowo
17:37:10.954 [main] INFO  sudoku.model.SudokuBoard - Bład w kwadracie 0
sudoku.model.SudokuBoard@3d1c933[
  size=9
  solver=sudoku.model.BacktrackingSudokuSolver@79be91eb
  board={{7,5,8,9,1,4,3,2,6},{4,1,2,3,5,6,7,9,8},{6,9,3,2,8,7,1,4,5},{9,4,1,5,6,8,2,3,7},{5,8,6,1,4,3,0,0,0},{0,0,0,0,0,0,0,0,0},{0,0,0,0,0,0,0,0,0},{0,0,0,0,0,0,0,0,0},{0,0,0,0,0,0,0,0,0}}
]
17:37:10.954 [main] INFO  sudoku.model.SudokuBoard - Wartość 0 wstawiona nieprawidłowo
17:37:10.954 [main] INFO  sudoku.model.SudokuBoard - Bład w kwadracie 0
sudoku.model.SudokuBoard@3d1c933[
  size=9
  solver=sudoku.model.BacktrackingSudokuSolver@79be91eb
  board={{7,5,8,9,1,4,3,2,6},{4,1,2,3,5,6,7,9,8},{6,9,3,2,8,7,1,4,5},{9,4,1,5,6,8,2,3,7},{5,8,6,1,4,0,0,0,0},{0,0,0,0,0,0,0,0,0},{0,0,0,0,0,0,0,0,0},{0,0,0,0,0,0,0,0,0},{0,0,0,0,0,0,0,0,0}}
]
17:37:10.954 [main] INFO  sudoku.model.SudokuBoard - Wartość 0 wstawiona nieprawidłowo
17:37:10.954 [main] INFO  sudoku.model.SudokuBoard - Bład w kwadracie 0
sudoku.model.SudokuBoard@3d1c933[
  size=9
  solver=sudoku.model.BacktrackingSudokuSolver@79be91eb
  board={{7,5,8,9,1,4,3,2,6},{4,1,2,3,5,6,7,9,8},{6,9,3,2,8,7,1,4,5},{9,4,1,5,6,8,2,3,7},{5,8,6,1,0,0,0,0,0},{0,0,0,0,0,0,0,0,0},{0,0,0,0,0,0,0,0,0},{0,0,0,0,0,0,0,0,0},{0,0,0,0,0,0,0,0,0}}
]
17:37:10.955 [main] INFO  sudoku.model.SudokuBoard - Wartość 0 wstawiona nieprawidłowo
17:37:10.955 [main] INFO  sudoku.model.SudokuBoard - Bład w kwadracie 0
sudoku.model.SudokuBoard@3d1c933[
  size=9
  solver=sudoku.model.BacktrackingSudokuSolver@79be91eb
  board={{7,5,8,9,1,4,3,2,6},{4,1,2,3,5,6,7,9,8},{6,9,3,2,8,7,1,4,5},{9,4,1,5,6,8,2,3,7},{5,8,6,1,7,3,0,0,0},{0,0,0,0,0,0,0,0,0},{0,0,0,0,0,0,0,0,0},{0,0,0,0,0,0,0,0,0},{0,0,0,0,0,0,0,0,0}}
]
17:37:10.955 [main] INFO  sudoku.model.SudokuBoard - Wartość 0 wstawiona nieprawidłowo
17:37:10.955 [main] INFO  sudoku.model.SudokuBoard - Bład w kwadracie 0
sudoku.model.SudokuBoard@3d1c933[
  size=9
  solver=sudoku.model.BacktrackingSudokuSolver@79be91eb
  board={{7,5,8,9,1,4,3,2,6},{4,1,2,3,5,6,7,9,8},{6,9,3,2,8,7,1,4,5},{9,4,1,5,6,8,2,3,7},{5,8,6,1,7,3,0,0,0},{0,0,0,0,0,0,0,0,0},{0,0,0,0,0,0,0,0,0},{0,0,0,0,0,0,0,0,0},{0,0,0,0,0,0,0,0,0}}
]
17:37:10.955 [main] INFO  sudoku.model.SudokuBoard - Wartość 0 wstawiona nieprawidłowo
17:37:10.955 [main] INFO  sudoku.model.SudokuBoard - Bład w kwadracie 0
sudoku.model.SudokuBoard@3d1c933[
  size=9
  solver=sudoku.model.BacktrackingSudokuSolver@79be91eb
  board={{7,5,8,9,1,4,3,2,6},{4,1,2,3,5,6,7,9,8},{6,9,3,2,8,7,1,4,5},{9,4,1,5,6,8,2,3,7},{5,8,6,1,7,0,0,0,0},{0,0,0,0,0,0,0,0,0},{0,0,0,0,0,0,0,0,0},{0,0,0,0,0,0,0,0,0},{0,0,0,0,0,0,0,0,0}}
]
17:37:10.955 [main] INFO  sudoku.model.SudokuBoard - Wartość 0 wstawiona nieprawidłowo
17:37:10.955 [main] INFO  sudoku.model.SudokuBoard - Bład w kwadracie 0
sudoku.model.SudokuBoard@3d1c933[
  size=9
  solver=sudoku.model.BacktrackingSudokuSolver@79be91eb
  board={{7,5,8,9,1,4,3,2,6},{4,1,2,3,5,6,7,9,8},{6,9,3,2,8,7,1,4,5},{9,4,1,5,6,8,2,3,7},{5,8,6,1,7,9,0,0,0},{0,0,0,0,0,0,0,0,0},{0,0,0,0,0,0,0,0,0},{0,0,0,0,0,0,0,0,0},{0,0,0,0,0,0,0,0,0}}
]
17:37:10.955 [main] INFO  sudoku.model.SudokuBoard - Wartość 0 wstawiona nieprawidłowo
17:37:10.956 [main] INFO  sudoku.model.SudokuBoard - Bład w kwadracie 0
sudoku.model.SudokuBoard@3d1c933[
  size=9
  solver=sudoku.model.BacktrackingSudokuSolver@79be91eb
  board={{7,5,8,9,1,4,3,2,6},{4,1,2,3,5,6,7,9,8},{6,9,3,2,8,7,1,4,5},{9,4,1,5,6,8,2,3,7},{5,8,6,1,7,0,0,0,0},{0,0,0,0,0,0,0,0,0},{0,0,0,0,0,0,0,0,0},{0,0,0,0,0,0,0,0,0},{0,0,0,0,0,0,0,0,0}}
]
17:37:10.956 [main] INFO  sudoku.model.SudokuBoard - Wartość 0 wstawiona nieprawidłowo
17:37:10.956 [main] INFO  sudoku.model.SudokuBoard - Bład w kwadracie 0
sudoku.model.SudokuBoard@3d1c933[
  size=9
  solver=sudoku.model.BacktrackingSudokuSolver@79be91eb
  board={{7,5,8,9,1,4,3,2,6},{4,1,2,3,5,6,7,9,8},{6,9,3,2,8,7,1,4,5},{9,4,1,5,6,8,2,3,7},{5,8,6,1,7,2,0,0,0},{0,0,0,0,0,0,0,0,0},{0,0,0,0,0,0,0,0,0},{0,0,0,0,0,0,0,0,0},{0,0,0,0,0,0,0,0,0}}
]
17:37:10.957 [main] INFO  sudoku.model.SudokuBoard - Wartość 0 wstawiona nieprawidłowo
17:37:10.957 [main] INFO  sudoku.model.SudokuBoard - Bład w kwadracie 0
sudoku.model.SudokuBoard@3d1c933[
  size=9
  solver=sudoku.model.BacktrackingSudokuSolver@79be91eb
  board={{7,5,8,9,1,4,3,2,6},{4,1,2,3,5,6,7,9,8},{6,9,3,2,8,7,1,4,5},{9,4,1,5,6,8,2,3,7},{5,8,6,1,7,2,0,0,0},{0,0,0,0,0,0,0,0,0},{0,0,0,0,0,0,0,0,0},{0,0,0,0,0,0,0,0,0},{0,0,0,0,0,0,0,0,0}}
]
17:37:10.957 [main] INFO  sudoku.model.SudokuBoard - Wartość 0 wstawiona nieprawidłowo
17:37:10.957 [main] INFO  sudoku.model.SudokuBoard - Bład w kwadracie 0
sudoku.model.SudokuBoard@3d1c933[
  size=9
  solver=sudoku.model.BacktrackingSudokuSolver@79be91eb
  board={{7,5,8,9,1,4,3,2,6},{4,1,2,3,5,6,7,9,8},{6,9,3,2,8,7,1,4,5},{9,4,1,5,6,8,2,3,7},{5,8,6,1,7,0,0,0,0},{0,0,0,0,0,0,0,0,0},{0,0,0,0,0,0,0,0,0},{0,0,0,0,0,0,0,0,0},{0,0,0,0,0,0,0,0,0}}
]
17:37:10.957 [main] INFO  sudoku.model.SudokuBoard - Wartość 0 wstawiona nieprawidłowo
17:37:10.957 [main] INFO  sudoku.model.SudokuBoard - Bład w kwadracie 0
sudoku.model.SudokuBoard@3d1c933[
  size=9
  solver=sudoku.model.BacktrackingSudokuSolver@79be91eb
  board={{7,5,8,9,1,4,3,2,6},{4,1,2,3,5,6,7,9,8},{6,9,3,2,8,7,1,4,5},{9,4,1,5,6,8,2,3,7},{5,8,6,1,0,0,0,0,0},{0,0,0,0,0,0,0,0,0},{0,0,0,0,0,0,0,0,0},{0,0,0,0,0,0,0,0,0},{0,0,0,0,0,0,0,0,0}}
]
17:37:10.957 [main] INFO  sudoku.model.SudokuBoard - Wartość 0 wstawiona nieprawidłowo
17:37:10.957 [main] INFO  sudoku.model.SudokuBoard - Bład w kwadracie 0
sudoku.model.SudokuBoard@3d1c933[
  size=9
  solver=sudoku.model.BacktrackingSudokuSolver@79be91eb
  board={{7,5,8,9,1,4,3,2,6},{4,1,2,3,5,6,7,9,8},{6,9,3,2,8,7,1,4,5},{9,4,1,5,6,8,2,3,7},{5,8,6,1,9,2,0,0,0},{0,0,0,0,0,0,0,0,0},{0,0,0,0,0,0,0,0,0},{0,0,0,0,0,0,0,0,0},{0,0,0,0,0,0,0,0,0}}
]
17:37:10.957 [main] INFO  sudoku.model.SudokuBoard - Wartość 0 wstawiona nieprawidłowo
17:37:10.957 [main] INFO  sudoku.model.SudokuBoard - Bład w kwadracie 0
sudoku.model.SudokuBoard@3d1c933[
  size=9
  solver=sudoku.model.BacktrackingSudokuSolver@79be91eb
  board={{7,5,8,9,1,4,3,2,6},{4,1,2,3,5,6,7,9,8},{6,9,3,2,8,7,1,4,5},{9,4,1,5,6,8,2,3,7},{5,8,6,1,9,0,0,0,0},{0,0,0,0,0,0,0,0,0},{0,0,0,0,0,0,0,0,0},{0,0,0,0,0,0,0,0,0},{0,0,0,0,0,0,0,0,0}}
]
17:37:10.957 [main] INFO  sudoku.model.SudokuBoard - Wartość 0 wstawiona nieprawidłowo
17:37:10.958 [main] INFO  sudoku.model.SudokuBoard - Bład w kwadracie 0
sudoku.model.SudokuBoard@3d1c933[
  size=9
  solver=sudoku.model.BacktrackingSudokuSolver@79be91eb
  board={{7,5,8,9,1,4,3,2,6},{4,1,2,3,5,6,7,9,8},{6,9,3,2,8,7,1,4,5},{9,4,1,5,6,8,2,3,7},{5,8,6,1,9,3,0,0,0},{0,0,0,0,0,0,0,0,0},{0,0,0,0,0,0,0,0,0},{0,0,0,0,0,0,0,0,0},{0,0,0,0,0,0,0,0,0}}
]
17:37:10.958 [main] INFO  sudoku.model.SudokuBoard - Wartość 0 wstawiona nieprawidłowo
17:37:10.958 [main] INFO  sudoku.model.SudokuBoard - Bład w kwadracie 0
sudoku.model.SudokuBoard@3d1c933[
  size=9
  solver=sudoku.model.BacktrackingSudokuSolver@79be91eb
  board={{7,5,8,9,1,4,3,2,6},{4,1,2,3,5,6,7,9,8},{6,9,3,2,8,7,1,4,5},{9,4,1,5,6,8,2,3,7},{5,8,6,1,9,0,0,0,0},{0,0,0,0,0,0,0,0,0},{0,0,0,0,0,0,0,0,0},{0,0,0,0,0,0,0,0,0},{0,0,0,0,0,0,0,0,0}}
]
17:37:10.958 [main] INFO  sudoku.model.SudokuBoard - Wartość 0 wstawiona nieprawidłowo
17:37:10.959 [main] INFO  sudoku.model.SudokuBoard - Bład w kwadracie 0
sudoku.model.SudokuBoard@3d1c933[
  size=9
  solver=sudoku.model.BacktrackingSudokuSolver@79be91eb
  board={{7,5,8,9,1,4,3,2,6},{4,1,2,3,5,6,7,9,8},{6,9,3,2,8,7,1,4,5},{9,4,1,5,6,8,2,3,7},{5,8,6,1,0,0,0,0,0},{0,0,0,0,0,0,0,0,0},{0,0,0,0,0,0,0,0,0},{0,0,0,0,0,0,0,0,0},{0,0,0,0,0,0,0,0,0}}
]
17:37:10.959 [main] INFO  sudoku.model.SudokuBoard - Wartość 0 wstawiona nieprawidłowo
17:37:10.959 [main] INFO  sudoku.model.SudokuBoard - Bład w kwadracie 0
sudoku.model.SudokuBoard@3d1c933[
  size=9
  solver=sudoku.model.BacktrackingSudokuSolver@79be91eb
  board={{7,5,8,9,1,4,3,2,6},{4,1,2,3,5,6,7,9,8},{6,9,3,2,8,7,1,4,5},{9,4,1,5,6,8,2,3,7},{5,8,6,1,2,3,0,0,0},{0,0,0,0,0,0,0,0,0},{0,0,0,0,0,0,0,0,0},{0,0,0,0,0,0,0,0,0},{0,0,0,0,0,0,0,0,0}}
]
17:37:10.959 [main] INFO  sudoku.model.SudokuBoard - Wartość 0 wstawiona nieprawidłowo
17:37:10.959 [main] INFO  sudoku.model.SudokuBoard - Bład w kwadracie 0
sudoku.model.SudokuBoard@3d1c933[
  size=9
  solver=sudoku.model.BacktrackingSudokuSolver@79be91eb
  board={{7,5,8,9,1,4,3,2,6},{4,1,2,3,5,6,7,9,8},{6,9,3,2,8,7,1,4,5},{9,4,1,5,6,8,2,3,7},{5,8,6,1,2,3,0,0,0},{0,0,0,0,0,0,0,0,0},{0,0,0,0,0,0,0,0,0},{0,0,0,0,0,0,0,0,0},{0,0,0,0,0,0,0,0,0}}
]
17:37:10.959 [main] INFO  sudoku.model.SudokuBoard - Wartość 0 wstawiona nieprawidłowo
17:37:10.959 [main] INFO  sudoku.model.SudokuBoard - Bład w kwadracie 0
sudoku.model.SudokuBoard@3d1c933[
  size=9
  solver=sudoku.model.BacktrackingSudokuSolver@79be91eb
  board={{7,5,8,9,1,4,3,2,6},{4,1,2,3,5,6,7,9,8},{6,9,3,2,8,7,1,4,5},{9,4,1,5,6,8,2,3,7},{5,8,6,1,2,0,0,0,0},{0,0,0,0,0,0,0,0,0},{0,0,0,0,0,0,0,0,0},{0,0,0,0,0,0,0,0,0},{0,0,0,0,0,0,0,0,0}}
]
17:37:10.959 [main] INFO  sudoku.model.SudokuBoard - Wartość 0 wstawiona nieprawidłowo
17:37:10.959 [main] INFO  sudoku.model.SudokuBoard - Bład w kwadracie 0
sudoku.model.SudokuBoard@3d1c933[
  size=9
  solver=sudoku.model.BacktrackingSudokuSolver@79be91eb
  board={{7,5,8,9,1,4,3,2,6},{4,1,2,3,5,6,7,9,8},{6,9,3,2,8,7,1,4,5},{9,4,1,5,6,8,2,3,7},{5,8,6,1,2,9,0,0,0},{0,0,0,0,0,0,0,0,0},{0,0,0,0,0,0,0,0,0},{0,0,0,0,0,0,0,0,0},{0,0,0,0,0,0,0,0,0}}
]
17:37:10.959 [main] INFO  sudoku.model.SudokuBoard - Wartość 0 wstawiona nieprawidłowo
17:37:10.959 [main] INFO  sudoku.model.SudokuBoard - Bład w kwadracie 0
sudoku.model.SudokuBoard@3d1c933[
  size=9
  solver=sudoku.model.BacktrackingSudokuSolver@79be91eb
  board={{7,5,8,9,1,4,3,2,6},{4,1,2,3,5,6,7,9,8},{6,9,3,2,8,7,1,4,5},{9,4,1,5,6,8,2,3,7},{5,8,6,1,2,0,0,0,0},{0,0,0,0,0,0,0,0,0},{0,0,0,0,0,0,0,0,0},{0,0,0,0,0,0,0,0,0},{0,0,0,0,0,0,0,0,0}}
]
17:37:10.959 [main] INFO  sudoku.model.SudokuBoard - Wartość 0 wstawiona nieprawidłowo
17:37:10.959 [main] INFO  sudoku.model.SudokuBoard - Bład w kwadracie 0
sudoku.model.SudokuBoard@3d1c933[
  size=9
  solver=sudoku.model.BacktrackingSudokuSolver@79be91eb
  board={{7,5,8,9,1,4,3,2,6},{4,1,2,3,5,6,7,9,8},{6,9,3,2,8,7,1,4,5},{9,4,1,5,6,8,2,3,7},{5,8,6,1,0,0,0,0,0},{0,0,0,0,0,0,0,0,0},{0,0,0,0,0,0,0,0,0},{0,0,0,0,0,0,0,0,0},{0,0,0,0,0,0,0,0,0}}
]
17:37:10.959 [main] INFO  sudoku.model.SudokuBoard - Wartość 0 wstawiona nieprawidłowo
17:37:10.959 [main] INFO  sudoku.model.SudokuBoard - Bład w kwadracie 0
sudoku.model.SudokuBoard@3d1c933[
  size=9
  solver=sudoku.model.BacktrackingSudokuSolver@79be91eb
  board={{7,5,8,9,1,4,3,2,6},{4,1,2,3,5,6,7,9,8},{6,9,3,2,8,7,1,4,5},{9,4,1,5,6,8,2,3,7},{5,8,6,1,3,2,0,0,0},{0,0,0,0,0,0,0,0,0},{0,0,0,0,0,0,0,0,0},{0,0,0,0,0,0,0,0,0},{0,0,0,0,0,0,0,0,0}}
]
17:37:10.959 [main] INFO  sudoku.model.SudokuBoard - Wartość 0 wstawiona nieprawidłowo
17:37:10.960 [main] INFO  sudoku.model.SudokuBoard - Bład w kwadracie 0
sudoku.model.SudokuBoard@3d1c933[
  size=9
  solver=sudoku.model.BacktrackingSudokuSolver@79be91eb
  board={{7,5,8,9,1,4,3,2,6},{4,1,2,3,5,6,7,9,8},{6,9,3,2,8,7,1,4,5},{9,4,1,5,6,8,2,3,7},{5,8,6,1,3,2,0,0,0},{0,0,0,0,0,0,0,0,0},{0,0,0,0,0,0,0,0,0},{0,0,0,0,0,0,0,0,0},{0,0,0,0,0,0,0,0,0}}
]
17:37:10.960 [main] INFO  sudoku.model.SudokuBoard - Wartość 0 wstawiona nieprawidłowo
17:37:10.960 [main] INFO  sudoku.model.SudokuBoard - Bład w kwadracie 0
sudoku.model.SudokuBoard@3d1c933[
  size=9
  solver=sudoku.model.BacktrackingSudokuSolver@79be91eb
  board={{7,5,8,9,1,4,3,2,6},{4,1,2,3,5,6,7,9,8},{6,9,3,2,8,7,1,4,5},{9,4,1,5,6,8,2,3,7},{5,8,6,1,3,0,0,0,0},{0,0,0,0,0,0,0,0,0},{0,0,0,0,0,0,0,0,0},{0,0,0,0,0,0,0,0,0},{0,0,0,0,0,0,0,0,0}}
]
17:37:10.960 [main] INFO  sudoku.model.SudokuBoard - Wartość 0 wstawiona nieprawidłowo
17:37:10.960 [main] INFO  sudoku.model.SudokuBoard - Bład w kwadracie 0
sudoku.model.SudokuBoard@3d1c933[
  size=9
  solver=sudoku.model.BacktrackingSudokuSolver@79be91eb
  board={{7,5,8,9,1,4,3,2,6},{4,1,2,3,5,6,7,9,8},{6,9,3,2,8,7,1,4,5},{9,4,1,5,6,8,2,3,7},{5,8,6,1,3,9,0,0,0},{0,0,0,0,0,0,0,0,0},{0,0,0,0,0,0,0,0,0},{0,0,0,0,0,0,0,0,0},{0,0,0,0,0,0,0,0,0}}
]
17:37:10.960 [main] INFO  sudoku.model.SudokuBoard - Wartość 0 wstawiona nieprawidłowo
17:37:10.960 [main] INFO  sudoku.model.SudokuBoard - Bład w kwadracie 0
sudoku.model.SudokuBoard@3d1c933[
  size=9
  solver=sudoku.model.BacktrackingSudokuSolver@79be91eb
  board={{7,5,8,9,1,4,3,2,6},{4,1,2,3,5,6,7,9,8},{6,9,3,2,8,7,1,4,5},{9,4,1,5,6,8,2,3,7},{5,8,6,1,3,0,0,0,0},{0,0,0,0,0,0,0,0,0},{0,0,0,0,0,0,0,0,0},{0,0,0,0,0,0,0,0,0},{0,0,0,0,0,0,0,0,0}}
]
17:37:10.960 [main] INFO  sudoku.model.SudokuBoard - Wartość 0 wstawiona nieprawidłowo
17:37:10.960 [main] INFO  sudoku.model.SudokuBoard - Bład w kwadracie 0
sudoku.model.SudokuBoard@3d1c933[
  size=9
  solver=sudoku.model.BacktrackingSudokuSolver@79be91eb
  board={{7,5,8,9,1,4,3,2,6},{4,1,2,3,5,6,7,9,8},{6,9,3,2,8,7,1,4,5},{9,4,1,5,6,8,2,3,7},{5,8,6,1,0,0,0,0,0},{0,0,0,0,0,0,0,0,0},{0,0,0,0,0,0,0,0,0},{0,0,0,0,0,0,0,0,0},{0,0,0,0,0,0,0,0,0}}
]
17:37:10.960 [main] INFO  sudoku.model.SudokuBoard - Wartość 0 wstawiona nieprawidłowo
17:37:10.960 [main] INFO  sudoku.model.SudokuBoard - Bład w kwadracie 0
sudoku.model.SudokuBoard@3d1c933[
  size=9
  solver=sudoku.model.BacktrackingSudokuSolver@79be91eb
  board={{7,5,8,9,1,4,3,2,6},{4,1,2,3,5,6,7,9,8},{6,9,3,2,8,7,1,4,5},{9,4,1,5,6,8,2,3,7},{5,8,6,0,0,0,0,0,0},{0,0,0,0,0,0,0,0,0},{0,0,0,0,0,0,0,0,0},{0,0,0,0,0,0,0,0,0},{0,0,0,0,0,0,0,0,0}}
]
17:37:10.960 [main] INFO  sudoku.model.SudokuBoard - Wartość 0 wstawiona nieprawidłowo
17:37:10.962 [main] INFO  sudoku.model.SudokuBoard - Bład w kwadracie 0
sudoku.model.SudokuBoard@3d1c933[
  size=9
  solver=sudoku.model.BacktrackingSudokuSolver@79be91eb
  board={{7,5,8,9,1,4,3,2,6},{4,1,2,3,5,6,7,9,8},{6,9,3,2,8,7,1,4,5},{9,4,1,5,6,8,2,3,7},{5,8,0,0,0,0,0,0,0},{0,0,0,0,0,0,0,0,0},{0,0,0,0,0,0,0,0,0},{0,0,0,0,0,0,0,0,0},{0,0,0,0,0,0,0,0,0}}
]
17:37:10.962 [main] INFO  sudoku.model.SudokuBoard - Wartość 0 wstawiona nieprawidłowo
17:37:10.962 [main] INFO  sudoku.model.SudokuBoard - Bład w kwadracie 0
sudoku.model.SudokuBoard@3d1c933[
  size=9
  solver=sudoku.model.BacktrackingSudokuSolver@79be91eb
  board={{7,5,8,9,1,4,3,2,6},{4,1,2,3,5,6,7,9,8},{6,9,3,2,8,7,1,4,5},{9,4,1,5,6,8,2,3,7},{5,8,7,1,9,2,0,0,0},{0,0,0,0,0,0,0,0,0},{0,0,0,0,0,0,0,0,0},{0,0,0,0,0,0,0,0,0},{0,0,0,0,0,0,0,0,0}}
]
17:37:10.962 [main] INFO  sudoku.model.SudokuBoard - Wartość 0 wstawiona nieprawidłowo
17:37:10.962 [main] INFO  sudoku.model.SudokuBoard - Bład w kwadracie 0
sudoku.model.SudokuBoard@3d1c933[
  size=9
  solver=sudoku.model.BacktrackingSudokuSolver@79be91eb
  board={{7,5,8,9,1,4,3,2,6},{4,1,2,3,5,6,7,9,8},{6,9,3,2,8,7,1,4,5},{9,4,1,5,6,8,2,3,7},{5,8,7,1,9,2,4,0,0},{0,0,0,0,0,0,0,0,0},{0,0,0,0,0,0,0,0,0},{0,0,0,0,0,0,0,0,0},{0,0,0,0,0,0,0,0,0}}
]
17:37:10.962 [main] INFO  sudoku.model.SudokuBoard - Wartość 0 wstawiona nieprawidłowo
17:37:10.963 [main] INFO  sudoku.model.SudokuBoard - Bład w kwadracie 0
sudoku.model.SudokuBoard@3d1c933[
  size=9
  solver=sudoku.model.BacktrackingSudokuSolver@79be91eb
  board={{7,5,8,9,1,4,3,2,6},{4,1,2,3,5,6,7,9,8},{6,9,3,2,8,7,1,4,5},{9,4,1,5,6,8,2,3,7},{5,8,7,1,9,2,0,0,0},{0,0,0,0,0,0,0,0,0},{0,0,0,0,0,0,0,0,0},{0,0,0,0,0,0,0,0,0},{0,0,0,0,0,0,0,0,0}}
]
17:37:10.963 [main] INFO  sudoku.model.SudokuBoard - Wartość 0 wstawiona nieprawidłowo
17:37:10.963 [main] INFO  sudoku.model.SudokuBoard - Bład w kwadracie 0
sudoku.model.SudokuBoard@3d1c933[
  size=9
  solver=sudoku.model.BacktrackingSudokuSolver@79be91eb
  board={{7,5,8,9,1,4,3,2,6},{4,1,2,3,5,6,7,9,8},{6,9,3,2,8,7,1,4,5},{9,4,1,5,6,8,2,3,7},{5,8,7,1,9,0,0,0,0},{0,0,0,0,0,0,0,0,0},{0,0,0,0,0,0,0,0,0},{0,0,0,0,0,0,0,0,0},{0,0,0,0,0,0,0,0,0}}
]
17:37:10.963 [main] INFO  sudoku.model.SudokuBoard - Wartość 0 wstawiona nieprawidłowo
17:37:10.963 [main] INFO  sudoku.model.SudokuBoard - Bład w kwadracie 0
sudoku.model.SudokuBoard@3d1c933[
  size=9
  solver=sudoku.model.BacktrackingSudokuSolver@79be91eb
  board={{7,5,8,9,1,4,3,2,6},{4,1,2,3,5,6,7,9,8},{6,9,3,2,8,7,1,4,5},{9,4,1,5,6,8,2,3,7},{5,8,7,1,9,3,4,0,0},{0,0,0,0,0,0,0,0,0},{0,0,0,0,0,0,0,0,0},{0,0,0,0,0,0,0,0,0},{0,0,0,0,0,0,0,0,0}}
]
17:37:10.963 [main] INFO  sudoku.model.SudokuBoard - Wartość 0 wstawiona nieprawidłowo
17:37:10.963 [main] INFO  sudoku.model.SudokuBoard - Bład w kwadracie 0
sudoku.model.SudokuBoard@3d1c933[
  size=9
  solver=sudoku.model.BacktrackingSudokuSolver@79be91eb
  board={{7,5,8,9,1,4,3,2,6},{4,1,2,3,5,6,7,9,8},{6,9,3,2,8,7,1,4,5},{9,4,1,5,6,8,2,3,7},{5,8,7,1,9,3,0,0,0},{0,0,0,0,0,0,0,0,0},{0,0,0,0,0,0,0,0,0},{0,0,0,0,0,0,0,0,0},{0,0,0,0,0,0,0,0,0}}
]
17:37:10.963 [main] INFO  sudoku.model.SudokuBoard - Wartość 0 wstawiona nieprawidłowo
17:37:10.963 [main] INFO  sudoku.model.SudokuBoard - Bład w kwadracie 0
sudoku.model.SudokuBoard@3d1c933[
  size=9
  solver=sudoku.model.BacktrackingSudokuSolver@79be91eb
  board={{7,5,8,9,1,4,3,2,6},{4,1,2,3,5,6,7,9,8},{6,9,3,2,8,7,1,4,5},{9,4,1,5,6,8,2,3,7},{5,8,7,1,9,3,0,0,0},{0,0,0,0,0,0,0,0,0},{0,0,0,0,0,0,0,0,0},{0,0,0,0,0,0,0,0,0},{0,0,0,0,0,0,0,0,0}}
]
17:37:10.963 [main] INFO  sudoku.model.SudokuBoard - Wartość 0 wstawiona nieprawidłowo
17:37:10.963 [main] INFO  sudoku.model.SudokuBoard - Bład w kwadracie 0
sudoku.model.SudokuBoard@3d1c933[
  size=9
  solver=sudoku.model.BacktrackingSudokuSolver@79be91eb
  board={{7,5,8,9,1,4,3,2,6},{4,1,2,3,5,6,7,9,8},{6,9,3,2,8,7,1,4,5},{9,4,1,5,6,8,2,3,7},{5,8,7,1,9,0,0,0,0},{0,0,0,0,0,0,0,0,0},{0,0,0,0,0,0,0,0,0},{0,0,0,0,0,0,0,0,0},{0,0,0,0,0,0,0,0,0}}
]
17:37:10.963 [main] INFO  sudoku.model.SudokuBoard - Wartość 0 wstawiona nieprawidłowo
17:37:10.963 [main] INFO  sudoku.model.SudokuBoard - Bład w kwadracie 0
sudoku.model.SudokuBoard@3d1c933[
  size=9
  solver=sudoku.model.BacktrackingSudokuSolver@79be91eb
  board={{7,5,8,9,1,4,3,2,6},{4,1,2,3,5,6,7,9,8},{6,9,3,2,8,7,1,4,5},{9,4,1,5,6,8,2,3,7},{5,8,7,1,0,0,0,0,0},{0,0,0,0,0,0,0,0,0},{0,0,0,0,0,0,0,0,0},{0,0,0,0,0,0,0,0,0},{0,0,0,0,0,0,0,0,0}}
]
17:37:10.963 [main] INFO  sudoku.model.SudokuBoard - Wartość 0 wstawiona nieprawidłowo
17:37:10.963 [main] INFO  sudoku.model.SudokuBoard - Bład w kwadracie 0
sudoku.model.SudokuBoard@3d1c933[
  size=9
  solver=sudoku.model.BacktrackingSudokuSolver@79be91eb
  board={{7,5,8,9,1,4,3,2,6},{4,1,2,3,5,6,7,9,8},{6,9,3,2,8,7,1,4,5},{9,4,1,5,6,8,2,3,7},{5,8,7,1,2,9,4,0,0},{0,0,0,0,0,0,0,0,0},{0,0,0,0,0,0,0,0,0},{0,0,0,0,0,0,0,0,0},{0,0,0,0,0,0,0,0,0}}
]
17:37:10.964 [main] INFO  sudoku.model.SudokuBoard - Wartość 0 wstawiona nieprawidłowo
17:37:10.983 [main] INFO  sudoku.model.SudokuBoard - Bład w kwadracie 0
sudoku.model.SudokuBoard@3d1c933[
  size=9
  solver=sudoku.model.BacktrackingSudokuSolver@79be91eb
  board={{7,5,8,9,1,4,3,2,6},{4,1,2,3,5,6,7,9,8},{6,9,3,2,8,7,1,4,5},{9,4,1,5,6,8,2,3,7},{5,8,7,1,2,9,0,0,0},{0,0,0,0,0,0,0,0,0},{0,0,0,0,0,0,0,0,0},{0,0,0,0,0,0,0,0,0},{0,0,0,0,0,0,0,0,0}}
]
17:37:10.983 [main] INFO  sudoku.model.SudokuBoard - Wartość 0 wstawiona nieprawidłowo
17:37:10.983 [main] INFO  sudoku.model.SudokuBoard - Bład w kwadracie 0
sudoku.model.SudokuBoard@3d1c933[
  size=9
  solver=sudoku.model.BacktrackingSudokuSolver@79be91eb
  board={{7,5,8,9,1,4,3,2,6},{4,1,2,3,5,6,7,9,8},{6,9,3,2,8,7,1,4,5},{9,4,1,5,6,8,2,3,7},{5,8,7,1,2,9,0,0,0},{0,0,0,0,0,0,0,0,0},{0,0,0,0,0,0,0,0,0},{0,0,0,0,0,0,0,0,0},{0,0,0,0,0,0,0,0,0}}
]
17:37:10.984 [main] INFO  sudoku.model.SudokuBoard - Wartość 0 wstawiona nieprawidłowo
17:37:10.984 [main] INFO  sudoku.model.SudokuBoard - Bład w kwadracie 0
sudoku.model.SudokuBoard@3d1c933[
  size=9
  solver=sudoku.model.BacktrackingSudokuSolver@79be91eb
  board={{7,5,8,9,1,4,3,2,6},{4,1,2,3,5,6,7,9,8},{6,9,3,2,8,7,1,4,5},{9,4,1,5,6,8,2,3,7},{5,8,7,1,2,0,0,0,0},{0,0,0,0,0,0,0,0,0},{0,0,0,0,0,0,0,0,0},{0,0,0,0,0,0,0,0,0},{0,0,0,0,0,0,0,0,0}}
]
17:37:10.984 [main] INFO  sudoku.model.SudokuBoard - Wartość 0 wstawiona nieprawidłowo
17:37:10.984 [main] INFO  sudoku.model.SudokuBoard - Bład w kwadracie 0
sudoku.model.SudokuBoard@3d1c933[
  size=9
  solver=sudoku.model.BacktrackingSudokuSolver@79be91eb
  board={{7,5,8,9,1,4,3,2,6},{4,1,2,3,5,6,7,9,8},{6,9,3,2,8,7,1,4,5},{9,4,1,5,6,8,2,3,7},{5,8,7,1,2,3,0,0,0},{0,0,0,0,0,0,0,0,0},{0,0,0,0,0,0,0,0,0},{0,0,0,0,0,0,0,0,0},{0,0,0,0,0,0,0,0,0}}
]
17:37:10.984 [main] INFO  sudoku.model.SudokuBoard - Wartość 0 wstawiona nieprawidłowo
17:37:10.984 [main] INFO  sudoku.model.SudokuBoard - Bład w kwadracie 0
sudoku.model.SudokuBoard@3d1c933[
  size=9
  solver=sudoku.model.BacktrackingSudokuSolver@79be91eb
  board={{7,5,8,9,1,4,3,2,6},{4,1,2,3,5,6,7,9,8},{6,9,3,2,8,7,1,4,5},{9,4,1,5,6,8,2,3,7},{5,8,7,1,2,3,9,6,4},{2,0,0,0,0,0,0,0,0},{0,0,0,0,0,0,0,0,0},{0,0,0,0,0,0,0,0,0},{0,0,0,0,0,0,0,0,0}}
]
17:37:10.984 [main] INFO  sudoku.model.SudokuBoard - Wartość 0 wstawiona nieprawidłowo
17:37:10.984 [main] INFO  sudoku.model.SudokuBoard - Bład w kwadracie 0
sudoku.model.SudokuBoard@3d1c933[
  size=9
  solver=sudoku.model.BacktrackingSudokuSolver@79be91eb
  board={{7,5,8,9,1,4,3,2,6},{4,1,2,3,5,6,7,9,8},{6,9,3,2,8,7,1,4,5},{9,4,1,5,6,8,2,3,7},{5,8,7,1,2,3,9,6,4},{2,3,6,4,0,0,0,0,0},{0,0,0,0,0,0,0,0,0},{0,0,0,0,0,0,0,0,0},{0,0,0,0,0,0,0,0,0}}
]
17:37:10.984 [main] INFO  sudoku.model.SudokuBoard - Wartość 0 wstawiona nieprawidłowo
17:37:10.985 [main] INFO  sudoku.model.SudokuBoard - Bład w kwadracie 0
sudoku.model.SudokuBoard@3d1c933[
  size=9
  solver=sudoku.model.BacktrackingSudokuSolver@79be91eb
  board={{7,5,8,9,1,4,3,2,6},{4,1,2,3,5,6,7,9,8},{6,9,3,2,8,7,1,4,5},{9,4,1,5,6,8,2,3,7},{5,8,7,1,2,3,9,6,4},{2,3,6,4,7,9,8,5,1},{1,6,5,7,9,2,4,8,3},{3,2,4,0,0,0,0,0,0},{0,0,0,0,0,0,0,0,0}}
]
17:37:10.985 [main] INFO  sudoku.model.SudokuBoard - Wartość 0 wstawiona nieprawidłowo
17:37:10.985 [main] INFO  sudoku.model.SudokuBoard - Bład w kwadracie 0
sudoku.model.SudokuBoard@3d1c933[
  size=9
  solver=sudoku.model.BacktrackingSudokuSolver@79be91eb
  board={{7,5,8,9,1,4,3,2,6},{4,1,2,3,5,6,7,9,8},{6,9,3,2,8,7,1,4,5},{9,4,1,5,6,8,2,3,7},{5,8,7,1,2,3,9,6,4},{2,3,6,4,7,9,8,5,1},{1,6,5,7,9,2,4,8,3},{3,2,4,0,0,0,0,0,0},{0,0,0,0,0,0,0,0,0}}
]
17:37:10.985 [main] INFO  sudoku.model.SudokuBoard - Wartość 0 wstawiona nieprawidłowo
17:37:10.985 [main] INFO  sudoku.model.SudokuBoard - Bład w kwadracie 0
sudoku.model.SudokuBoard@3d1c933[
  size=9
  solver=sudoku.model.BacktrackingSudokuSolver@79be91eb
  board={{7,5,8,9,1,4,3,2,6},{4,1,2,3,5,6,7,9,8},{6,9,3,2,8,7,1,4,5},{9,4,1,5,6,8,2,3,7},{5,8,7,1,2,3,9,6,4},{2,3,6,4,7,9,8,5,1},{1,6,5,7,9,2,4,8,3},{3,2,0,0,0,0,0,0,0},{0,0,0,0,0,0,0,0,0}}
]
17:37:10.985 [main] INFO  sudoku.model.SudokuBoard - Wartość 0 wstawiona nieprawidłowo
17:37:10.986 [main] INFO  sudoku.model.SudokuBoard - Bład w kwadracie 0
sudoku.model.SudokuBoard@3d1c933[
  size=9
  solver=sudoku.model.BacktrackingSudokuSolver@79be91eb
  board={{7,5,8,9,1,4,3,2,6},{4,1,2,3,5,6,7,9,8},{6,9,3,2,8,7,1,4,5},{9,4,1,5,6,8,2,3,7},{5,8,7,1,2,3,9,6,4},{2,3,6,4,7,9,8,5,1},{1,6,5,7,9,2,4,8,3},{3,2,9,6,4,1,5,0,0},{0,0,0,0,0,0,0,0,0}}
]
17:37:10.986 [main] INFO  sudoku.model.SudokuBoard - Wartość 0 wstawiona nieprawidłowo
17:37:10.986 [main] INFO  sudoku.model.SudokuBoard - Bład w kwadracie 0
sudoku.model.SudokuBoard@3d1c933[
  size=9
  solver=sudoku.model.BacktrackingSudokuSolver@79be91eb
  board={{7,5,8,9,1,4,3,2,6},{4,1,2,3,5,6,7,9,8},{6,9,3,2,8,7,1,4,5},{9,4,1,5,6,8,2,3,7},{5,8,7,1,2,3,9,6,4},{2,3,6,4,7,9,8,5,1},{1,6,5,7,9,2,4,8,3},{3,2,9,6,4,1,0,0,0},{0,0,0,0,0,0,0,0,0}}
]
17:37:10.986 [main] INFO  sudoku.model.SudokuBoard - Wartość 0 wstawiona nieprawidłowo
17:37:10.986 [main] INFO  sudoku.model.SudokuBoard - Bład w kwadracie 0
sudoku.model.SudokuBoard@3d1c933[
  size=9
  solver=sudoku.model.BacktrackingSudokuSolver@79be91eb
  board={{7,5,8,9,1,4,3,2,6},{4,1,2,3,5,6,7,9,8},{6,9,3,2,8,7,1,4,5},{9,4,1,5,6,8,2,3,7},{5,8,7,1,2,3,9,6,4},{2,3,6,4,7,9,8,5,1},{1,6,5,7,9,2,4,8,3},{3,2,9,6,4,0,0,0,0},{0,0,0,0,0,0,0,0,0}}
]
17:37:10.986 [main] INFO  sudoku.model.SudokuBoard - Wartość 0 wstawiona nieprawidłowo
17:37:10.986 [main] INFO  sudoku.model.SudokuBoard - Bład w kwadracie 0
sudoku.model.SudokuBoard@3d1c933[
  size=9
  solver=sudoku.model.BacktrackingSudokuSolver@79be91eb
  board={{7,5,8,9,1,4,3,2,6},{4,1,2,3,5,6,7,9,8},{6,9,3,2,8,7,1,4,5},{9,4,1,5,6,8,2,3,7},{5,8,7,1,2,3,9,6,4},{2,3,6,4,7,9,8,5,1},{1,6,5,7,9,2,4,8,3},{3,2,9,6,4,0,0,0,0},{0,0,0,0,0,0,0,0,0}}
]
17:37:10.986 [main] INFO  sudoku.model.SudokuBoard - Wartość 0 wstawiona nieprawidłowo
17:37:10.986 [main] INFO  sudoku.model.SudokuBoard - Bład w kwadracie 0
sudoku.model.SudokuBoard@3d1c933[
  size=9
  solver=sudoku.model.BacktrackingSudokuSolver@79be91eb
  board={{7,5,8,9,1,4,3,2,6},{4,1,2,3,5,6,7,9,8},{6,9,3,2,8,7,1,4,5},{9,4,1,5,6,8,2,3,7},{5,8,7,1,2,3,9,6,4},{2,3,6,4,7,9,8,5,1},{1,6,5,7,9,2,4,8,3},{3,2,9,6,0,0,0,0,0},{0,0,0,0,0,0,0,0,0}}
]
17:37:10.986 [main] INFO  sudoku.model.SudokuBoard - Wartość 0 wstawiona nieprawidłowo
17:37:10.987 [main] INFO  sudoku.model.SudokuBoard - Bład w kwadracie 0
sudoku.model.SudokuBoard@3d1c933[
  size=9
  solver=sudoku.model.BacktrackingSudokuSolver@79be91eb
  board={{7,5,8,9,1,4,3,2,6},{4,1,2,3,5,6,7,9,8},{6,9,3,2,8,7,1,4,5},{9,4,1,5,6,8,2,3,7},{5,8,7,1,2,3,9,6,4},{2,3,6,4,7,9,8,5,1},{1,6,5,7,9,2,4,8,3},{3,2,9,0,0,0,0,0,0},{0,0,0,0,0,0,0,0,0}}
]
17:37:10.987 [main] INFO  sudoku.model.SudokuBoard - Wartość 0 wstawiona nieprawidłowo
17:37:10.987 [main] INFO  sudoku.model.SudokuBoard - Bład w kwadracie 0
sudoku.model.SudokuBoard@3d1c933[
  size=9
  solver=sudoku.model.BacktrackingSudokuSolver@79be91eb
  board={{7,5,8,9,1,4,3,2,6},{4,1,2,3,5,6,7,9,8},{6,9,3,2,8,7,1,4,5},{9,4,1,5,6,8,2,3,7},{5,8,7,1,2,3,9,6,4},{2,3,6,4,7,9,8,5,1},{1,6,5,7,9,2,4,8,3},{3,2,9,8,4,5,6,0,0},{0,0,0,0,0,0,0,0,0}}
]
17:37:10.987 [main] INFO  sudoku.model.SudokuBoard - Wartość 0 wstawiona nieprawidłowo
17:37:10.987 [main] INFO  sudoku.model.SudokuBoard - Bład w kwadracie 0
sudoku.model.SudokuBoard@3d1c933[
  size=9
  solver=sudoku.model.BacktrackingSudokuSolver@79be91eb
  board={{7,5,8,9,1,4,3,2,6},{4,1,2,3,5,6,7,9,8},{6,9,3,2,8,7,1,4,5},{9,4,1,5,6,8,2,3,7},{5,8,7,1,2,3,9,6,4},{2,3,6,4,7,9,8,5,1},{1,6,5,7,9,2,4,8,3},{3,2,9,8,4,5,6,0,0},{0,0,0,0,0,0,0,0,0}}
]
17:37:10.987 [main] INFO  sudoku.model.SudokuBoard - Wartość 0 wstawiona nieprawidłowo
17:37:10.987 [main] INFO  sudoku.model.SudokuBoard - Bład w kwadracie 0
sudoku.model.SudokuBoard@3d1c933[
  size=9
  solver=sudoku.model.BacktrackingSudokuSolver@79be91eb
  board={{7,5,8,9,1,4,3,2,6},{4,1,2,3,5,6,7,9,8},{6,9,3,2,8,7,1,4,5},{9,4,1,5,6,8,2,3,7},{5,8,7,1,2,3,9,6,4},{2,3,6,4,7,9,8,5,1},{1,6,5,7,9,2,4,8,3},{3,2,9,8,4,5,0,0,0},{0,0,0,0,0,0,0,0,0}}
]
17:37:10.987 [main] INFO  sudoku.model.SudokuBoard - Wartość 0 wstawiona nieprawidłowo
17:37:10.987 [main] INFO  sudoku.model.SudokuBoard - Bład w kwadracie 0
sudoku.model.SudokuBoard@3d1c933[
  size=9
  solver=sudoku.model.BacktrackingSudokuSolver@79be91eb
  board={{7,5,8,9,1,4,3,2,6},{4,1,2,3,5,6,7,9,8},{6,9,3,2,8,7,1,4,5},{9,4,1,5,6,8,2,3,7},{5,8,7,1,2,3,9,6,4},{2,3,6,4,7,9,8,5,1},{1,6,5,7,9,2,4,8,3},{3,2,9,8,4,0,0,0,0},{0,0,0,0,0,0,0,0,0}}
]
17:37:10.987 [main] INFO  sudoku.model.SudokuBoard - Wartość 0 wstawiona nieprawidłowo
17:37:10.987 [main] INFO  sudoku.model.SudokuBoard - Bład w kwadracie 0
sudoku.model.SudokuBoard@3d1c933[
  size=9
  solver=sudoku.model.BacktrackingSudokuSolver@79be91eb
  board={{7,5,8,9,1,4,3,2,6},{4,1,2,3,5,6,7,9,8},{6,9,3,2,8,7,1,4,5},{9,4,1,5,6,8,2,3,7},{5,8,7,1,2,3,9,6,4},{2,3,6,4,7,9,8,5,1},{1,6,5,7,9,2,4,8,3},{3,2,9,8,4,1,5,0,0},{0,0,0,0,0,0,0,0,0}}
]
17:37:10.987 [main] INFO  sudoku.model.SudokuBoard - Wartość 0 wstawiona nieprawidłowo
17:37:10.988 [main] INFO  sudoku.model.SudokuBoard - Bład w kwadracie 0
sudoku.model.SudokuBoard@3d1c933[
  size=9
  solver=sudoku.model.BacktrackingSudokuSolver@79be91eb
  board={{7,5,8,9,1,4,3,2,6},{4,1,2,3,5,6,7,9,8},{6,9,3,2,8,7,1,4,5},{9,4,1,5,6,8,2,3,7},{5,8,7,1,2,3,9,6,4},{2,3,6,4,7,9,8,5,1},{1,6,5,7,9,2,4,8,3},{3,2,9,8,4,1,0,0,0},{0,0,0,0,0,0,0,0,0}}
]
17:37:10.988 [main] INFO  sudoku.model.SudokuBoard - Wartość 0 wstawiona nieprawidłowo
17:37:10.997 [main] INFO  sudoku.model.SudokuBoard - Bład w kwadracie 0
sudoku.model.SudokuBoard@3d1c933[
  size=9
  solver=sudoku.model.BacktrackingSudokuSolver@79be91eb
  board={{7,5,8,9,1,4,3,2,6},{4,1,2,3,5,6,7,9,8},{6,9,3,2,8,7,1,4,5},{9,4,1,5,6,8,2,3,7},{5,8,7,1,2,3,9,6,4},{2,3,6,4,7,9,8,5,1},{1,6,5,7,9,2,4,8,3},{3,2,9,8,4,1,6,0,0},{0,0,0,0,0,0,0,0,0}}
]
17:37:10.997 [main] INFO  sudoku.model.SudokuBoard - Wartość 0 wstawiona nieprawidłowo
17:37:10.997 [main] INFO  sudoku.model.SudokuBoard - Bład w kwadracie 0
sudoku.model.SudokuBoard@3d1c933[
  size=9
  solver=sudoku.model.BacktrackingSudokuSolver@79be91eb
  board={{7,5,8,9,1,4,3,2,6},{4,1,2,3,5,6,7,9,8},{6,9,3,2,8,7,1,4,5},{9,4,1,5,6,8,2,3,7},{5,8,7,1,2,3,9,6,4},{2,3,6,4,7,9,8,5,1},{1,6,5,7,9,2,4,8,3},{3,2,9,8,4,1,0,0,0},{0,0,0,0,0,0,0,0,0}}
]
17:37:10.997 [main] INFO  sudoku.model.SudokuBoard - Wartość 0 wstawiona nieprawidłowo
17:37:10.997 [main] INFO  sudoku.model.SudokuBoard - Bład w kwadracie 0
sudoku.model.SudokuBoard@3d1c933[
  size=9
  solver=sudoku.model.BacktrackingSudokuSolver@79be91eb
  board={{7,5,8,9,1,4,3,2,6},{4,1,2,3,5,6,7,9,8},{6,9,3,2,8,7,1,4,5},{9,4,1,5,6,8,2,3,7},{5,8,7,1,2,3,9,6,4},{2,3,6,4,7,9,8,5,1},{1,6,5,7,9,2,4,8,3},{3,2,9,8,4,0,0,0,0},{0,0,0,0,0,0,0,0,0}}
]
17:37:10.997 [main] INFO  sudoku.model.SudokuBoard - Wartość 0 wstawiona nieprawidłowo
17:37:10.997 [main] INFO  sudoku.model.SudokuBoard - Bład w kwadracie 0
sudoku.model.SudokuBoard@3d1c933[
  size=9
  solver=sudoku.model.BacktrackingSudokuSolver@79be91eb
  board={{7,5,8,9,1,4,3,2,6},{4,1,2,3,5,6,7,9,8},{6,9,3,2,8,7,1,4,5},{9,4,1,5,6,8,2,3,7},{5,8,7,1,2,3,9,6,4},{2,3,6,4,7,9,8,5,1},{1,6,5,7,9,2,4,8,3},{3,2,9,8,0,0,0,0,0},{0,0,0,0,0,0,0,0,0}}
]
17:37:10.997 [main] INFO  sudoku.model.SudokuBoard - Wartość 0 wstawiona nieprawidłowo
17:37:10.997 [main] INFO  sudoku.model.SudokuBoard - Bład w kwadracie 0
sudoku.model.SudokuBoard@3d1c933[
  size=9
  solver=sudoku.model.BacktrackingSudokuSolver@79be91eb
  board={{7,5,8,9,1,4,3,2,6},{4,1,2,3,5,6,7,9,8},{6,9,3,2,8,7,1,4,5},{9,4,1,5,6,8,2,3,7},{5,8,7,1,2,3,9,6,4},{2,3,6,4,7,9,8,5,1},{1,6,5,7,9,2,4,8,3},{3,2,9,0,0,0,0,0,0},{0,0,0,0,0,0,0,0,0}}
]
17:37:10.997 [main] INFO  sudoku.model.SudokuBoard - Wartość 0 wstawiona nieprawidłowo
17:37:10.997 [main] INFO  sudoku.model.SudokuBoard - Bład w kwadracie 0
sudoku.model.SudokuBoard@3d1c933[
  size=9
  solver=sudoku.model.BacktrackingSudokuSolver@79be91eb
  board={{7,5,8,9,1,4,3,2,6},{4,1,2,3,5,6,7,9,8},{6,9,3,2,8,7,1,4,5},{9,4,1,5,6,8,2,3,7},{5,8,7,1,2,3,9,6,4},{2,3,6,4,7,9,8,5,1},{1,6,5,7,9,2,4,8,3},{3,2,0,0,0,0,0,0,0},{0,0,0,0,0,0,0,0,0}}
]
17:37:10.997 [main] INFO  sudoku.model.SudokuBoard - Wartość 0 wstawiona nieprawidłowo
17:37:10.998 [main] INFO  sudoku.model.SudokuBoard - Bład w kwadracie 0
sudoku.model.SudokuBoard@3d1c933[
  size=9
  solver=sudoku.model.BacktrackingSudokuSolver@79be91eb
  board={{7,5,8,9,1,4,3,2,6},{4,1,2,3,5,6,7,9,8},{6,9,3,2,8,7,1,4,5},{9,4,1,5,6,8,2,3,7},{5,8,7,1,2,3,9,6,4},{2,3,6,4,7,9,8,5,1},{1,6,5,7,9,2,4,8,3},{3,0,0,0,0,0,0,0,0},{0,0,0,0,0,0,0,0,0}}
]
17:37:10.998 [main] INFO  sudoku.model.SudokuBoard - Wartość 0 wstawiona nieprawidłowo
]]></system-out>
  </testcase>
  <testcase name="testToString" classname="sudoku.model.SeriesTest" time="0.006">
    <system-out><![CDATA[17:37:11.002 [main] INFO  sudoku.model.SudokuBoard - Bład w kwadracie 0
sudoku.model.SudokuBoard@4c5406b[
  size=9
  solver=sudoku.model.BacktrackingSudokuSolver@66b0e207
  board={{3,8,9,4,5,7,6,1,2},{4,1,6,8,2,9,3,5,7},{2,5,7,6,1,3,8,4,9},{7,2,8,3,4,5,9,6,1},{1,9,3,2,6,8,4,7,5},{5,0,0,0,0,0,0,0,0},{0,0,0,0,0,0,0,0,0},{0,0,0,0,0,0,0,0,0},{0,0,0,0,0,0,0,0,0}}
]
17:37:11.003 [main] INFO  sudoku.model.SudokuBoard - Wartość 0 wstawiona nieprawidłowo
17:37:11.003 [main] INFO  sudoku.model.SudokuBoard - Bład w kwadracie 0
sudoku.model.SudokuBoard@4c5406b[
  size=9
  solver=sudoku.model.BacktrackingSudokuSolver@66b0e207
  board={{3,8,9,4,5,7,6,1,2},{4,1,6,8,2,9,3,5,7},{2,5,7,6,1,3,8,4,9},{7,2,8,3,4,5,9,6,1},{1,9,3,2,6,8,4,7,5},{5,6,4,1,0,0,0,0,0},{0,0,0,0,0,0,0,0,0},{0,0,0,0,0,0,0,0,0},{0,0,0,0,0,0,0,0,0}}
]
17:37:11.003 [main] INFO  sudoku.model.SudokuBoard - Wartość 0 wstawiona nieprawidłowo
17:37:11.004 [main] INFO  sudoku.model.SudokuBoard - Bład w kwadracie 0
sudoku.model.SudokuBoard@4c5406b[
  size=9
  solver=sudoku.model.BacktrackingSudokuSolver@66b0e207
  board={{3,8,9,4,5,7,6,1,2},{4,1,6,8,2,9,3,5,7},{2,5,7,6,1,3,8,4,9},{7,2,8,3,4,5,9,6,1},{1,9,3,2,6,8,4,7,5},{5,6,4,1,0,0,0,0,0},{0,0,0,0,0,0,0,0,0},{0,0,0,0,0,0,0,0,0},{0,0,0,0,0,0,0,0,0}}
]
17:37:11.004 [main] INFO  sudoku.model.SudokuBoard - Wartość 0 wstawiona nieprawidłowo
17:37:11.004 [main] INFO  sudoku.model.SudokuBoard - Bład w kwadracie 0
sudoku.model.SudokuBoard@4c5406b[
  size=9
  solver=sudoku.model.BacktrackingSudokuSolver@66b0e207
  board={{3,8,9,4,5,7,6,1,2},{4,1,6,8,2,9,3,5,7},{2,5,7,6,1,3,8,4,9},{7,2,8,3,4,5,9,6,1},{1,9,3,2,6,8,4,7,5},{5,6,4,0,0,0,0,0,0},{0,0,0,0,0,0,0,0,0},{0,0,0,0,0,0,0,0,0},{0,0,0,0,0,0,0,0,0}}
]
17:37:11.004 [main] INFO  sudoku.model.SudokuBoard - Wartość 0 wstawiona nieprawidłowo
17:37:11.005 [main] INFO  sudoku.model.SudokuBoard - Bład w kwadracie 0
sudoku.model.SudokuBoard@4c5406b[
  size=9
  solver=sudoku.model.BacktrackingSudokuSolver@66b0e207
  board={{3,8,9,4,5,7,6,1,2},{4,1,6,8,2,9,3,5,7},{2,5,7,6,1,3,8,4,9},{7,2,8,3,4,5,9,6,1},{1,9,3,2,6,8,4,7,5},{5,6,4,7,9,1,2,8,3},{6,3,5,9,7,2,0,0,0},{0,0,0,0,0,0,0,0,0},{0,0,0,0,0,0,0,0,0}}
]
17:37:11.005 [main] INFO  sudoku.model.SudokuBoard - Wartość 0 wstawiona nieprawidłowo
17:37:11.005 [main] INFO  sudoku.model.SudokuBoard - Bład w kwadracie 0
sudoku.model.SudokuBoard@4c5406b[
  size=9
  solver=sudoku.model.BacktrackingSudokuSolver@66b0e207
  board={{3,8,9,4,5,7,6,1,2},{4,1,6,8,2,9,3,5,7},{2,5,7,6,1,3,8,4,9},{7,2,8,3,4,5,9,6,1},{1,9,3,2,6,8,4,7,5},{5,6,4,7,9,1,2,8,3},{6,3,5,9,7,0,0,0,0},{0,0,0,0,0,0,0,0,0},{0,0,0,0,0,0,0,0,0}}
]
17:37:11.005 [main] INFO  sudoku.model.SudokuBoard - Wartość 0 wstawiona nieprawidłowo
17:37:11.005 [main] INFO  sudoku.model.SudokuBoard - Bład w kwadracie 0
sudoku.model.SudokuBoard@4c5406b[
  size=9
  solver=sudoku.model.BacktrackingSudokuSolver@66b0e207
  board={{3,8,9,4,5,7,6,1,2},{4,1,6,8,2,9,3,5,7},{2,5,7,6,1,3,8,4,9},{7,2,8,3,4,5,9,6,1},{1,9,3,2,6,8,4,7,5},{5,6,4,7,9,1,2,8,3},{6,3,5,9,7,4,1,2,8},{8,7,1,5,3,0,0,0,0},{0,0,0,0,0,0,0,0,0}}
]
17:37:11.005 [main] INFO  sudoku.model.SudokuBoard - Wartość 0 wstawiona nieprawidłowo
17:37:11.005 [main] INFO  sudoku.model.SudokuBoard - Bład w kwadracie 0
sudoku.model.SudokuBoard@4c5406b[
  size=9
  solver=sudoku.model.BacktrackingSudokuSolver@66b0e207
  board={{3,8,9,4,5,7,6,1,2},{4,1,6,8,2,9,3,5,7},{2,5,7,6,1,3,8,4,9},{7,2,8,3,4,5,9,6,1},{1,9,3,2,6,8,4,7,5},{5,6,4,7,9,1,2,8,3},{6,3,5,9,7,4,1,2,8},{8,7,1,5,3,0,0,0,0},{0,0,0,0,0,0,0,0,0}}
]
17:37:11.005 [main] INFO  sudoku.model.SudokuBoard - Wartość 0 wstawiona nieprawidłowo
17:37:11.005 [main] INFO  sudoku.model.SudokuBoard - Bład w kwadracie 0
sudoku.model.SudokuBoard@4c5406b[
  size=9
  solver=sudoku.model.BacktrackingSudokuSolver@66b0e207
  board={{3,8,9,4,5,7,6,1,2},{4,1,6,8,2,9,3,5,7},{2,5,7,6,1,3,8,4,9},{7,2,8,3,4,5,9,6,1},{1,9,3,2,6,8,4,7,5},{5,6,4,7,9,1,2,8,3},{6,3,5,9,7,4,1,2,8},{8,7,1,5,0,0,0,0,0},{0,0,0,0,0,0,0,0,0}}
]
17:37:11.005 [main] INFO  sudoku.model.SudokuBoard - Wartość 0 wstawiona nieprawidłowo
17:37:11.005 [main] INFO  sudoku.model.SudokuBoard - Bład w kwadracie 0
sudoku.model.SudokuBoard@4c5406b[
  size=9
  solver=sudoku.model.BacktrackingSudokuSolver@66b0e207
  board={{3,8,9,4,5,7,6,1,2},{4,1,6,8,2,9,3,5,7},{2,5,7,6,1,3,8,4,9},{7,2,8,3,4,5,9,6,1},{1,9,3,2,6,8,4,7,5},{5,6,4,7,9,1,2,8,3},{6,3,5,9,7,4,1,2,8},{8,7,1,0,0,0,0,0,0},{0,0,0,0,0,0,0,0,0}}
]
17:37:11.005 [main] INFO  sudoku.model.SudokuBoard - Wartość 0 wstawiona nieprawidłowo
17:37:11.005 [main] INFO  sudoku.model.SudokuBoard - Bład w kwadracie 0
sudoku.model.SudokuBoard@4c5406b[
  size=9
  solver=sudoku.model.BacktrackingSudokuSolver@66b0e207
  board={{3,8,9,4,5,7,6,1,2},{4,1,6,8,2,9,3,5,7},{2,5,7,6,1,3,8,4,9},{7,2,8,3,4,5,9,6,1},{1,9,3,2,6,8,4,7,5},{5,6,4,7,9,1,2,8,3},{6,3,5,9,7,4,1,2,8},{8,7,0,0,0,0,0,0,0},{0,0,0,0,0,0,0,0,0}}
]
17:37:11.005 [main] INFO  sudoku.model.SudokuBoard - Wartość 0 wstawiona nieprawidłowo
]]></system-out>
  </testcase>
  <testcase name="testEqualsDiffrentClass" classname="sudoku.model.SeriesTest" time="0.015">
    <system-out><![CDATA[17:37:11.008 [main] INFO  sudoku.model.SudokuBoard - Bład w kwadracie 0
sudoku.model.SudokuBoard@baa9ce4[
  size=9
  solver=sudoku.model.BacktrackingSudokuSolver@5b332439
  board={{6,7,8,9,5,1,2,3,4},{5,9,1,2,7,3,6,0,0},{0,0,0,0,0,0,0,0,0},{0,0,0,0,0,0,0,0,0},{0,0,0,0,0,0,0,0,0},{0,0,0,0,0,0,0,0,0},{0,0,0,0,0,0,0,0,0},{0,0,0,0,0,0,0,0,0},{0,0,0,0,0,0,0,0,0}}
]
17:37:11.009 [main] INFO  sudoku.model.SudokuBoard - Wartość 0 wstawiona nieprawidłowo
17:37:11.009 [main] INFO  sudoku.model.SudokuBoard - Bład w kwadracie 0
sudoku.model.SudokuBoard@baa9ce4[
  size=9
  solver=sudoku.model.BacktrackingSudokuSolver@5b332439
  board={{6,7,8,9,5,1,2,3,4},{5,9,1,2,7,3,0,0,0},{0,0,0,0,0,0,0,0,0},{0,0,0,0,0,0,0,0,0},{0,0,0,0,0,0,0,0,0},{0,0,0,0,0,0,0,0,0},{0,0,0,0,0,0,0,0,0},{0,0,0,0,0,0,0,0,0},{0,0,0,0,0,0,0,0,0}}
]
17:37:11.009 [main] INFO  sudoku.model.SudokuBoard - Wartość 0 wstawiona nieprawidłowo
17:37:11.010 [main] INFO  sudoku.model.SudokuBoard - Bład w kwadracie 0
sudoku.model.SudokuBoard@baa9ce4[
  size=9
  solver=sudoku.model.BacktrackingSudokuSolver@5b332439
  board={{6,7,8,9,5,1,2,3,4},{5,9,1,2,7,3,8,0,0},{0,0,0,0,0,0,0,0,0},{0,0,0,0,0,0,0,0,0},{0,0,0,0,0,0,0,0,0},{0,0,0,0,0,0,0,0,0},{0,0,0,0,0,0,0,0,0},{0,0,0,0,0,0,0,0,0},{0,0,0,0,0,0,0,0,0}}
]
17:37:11.011 [main] INFO  sudoku.model.SudokuBoard - Wartość 0 wstawiona nieprawidłowo
17:37:11.011 [main] INFO  sudoku.model.SudokuBoard - Bład w kwadracie 0
sudoku.model.SudokuBoard@baa9ce4[
  size=9
  solver=sudoku.model.BacktrackingSudokuSolver@5b332439
  board={{6,7,8,9,5,1,2,3,4},{5,9,1,2,7,3,0,0,0},{0,0,0,0,0,0,0,0,0},{0,0,0,0,0,0,0,0,0},{0,0,0,0,0,0,0,0,0},{0,0,0,0,0,0,0,0,0},{0,0,0,0,0,0,0,0,0},{0,0,0,0,0,0,0,0,0},{0,0,0,0,0,0,0,0,0}}
]
17:37:11.011 [main] INFO  sudoku.model.SudokuBoard - Wartość 0 wstawiona nieprawidłowo
17:37:11.012 [main] INFO  sudoku.model.SudokuBoard - Bład w kwadracie 0
sudoku.model.SudokuBoard@baa9ce4[
  size=9
  solver=sudoku.model.BacktrackingSudokuSolver@5b332439
  board={{6,7,8,9,5,1,2,3,4},{5,9,1,2,7,0,0,0,0},{0,0,0,0,0,0,0,0,0},{0,0,0,0,0,0,0,0,0},{0,0,0,0,0,0,0,0,0},{0,0,0,0,0,0,0,0,0},{0,0,0,0,0,0,0,0,0},{0,0,0,0,0,0,0,0,0},{0,0,0,0,0,0,0,0,0}}
]
17:37:11.012 [main] INFO  sudoku.model.SudokuBoard - Wartość 0 wstawiona nieprawidłowo
17:37:11.012 [main] INFO  sudoku.model.SudokuBoard - Bład w kwadracie 0
sudoku.model.SudokuBoard@baa9ce4[
  size=9
  solver=sudoku.model.BacktrackingSudokuSolver@5b332439
  board={{6,7,8,9,5,1,2,3,4},{5,9,1,2,7,4,6,0,0},{0,0,0,0,0,0,0,0,0},{0,0,0,0,0,0,0,0,0},{0,0,0,0,0,0,0,0,0},{0,0,0,0,0,0,0,0,0},{0,0,0,0,0,0,0,0,0},{0,0,0,0,0,0,0,0,0},{0,0,0,0,0,0,0,0,0}}
]
17:37:11.012 [main] INFO  sudoku.model.SudokuBoard - Wartość 0 wstawiona nieprawidłowo
17:37:11.012 [main] INFO  sudoku.model.SudokuBoard - Bład w kwadracie 0
sudoku.model.SudokuBoard@baa9ce4[
  size=9
  solver=sudoku.model.BacktrackingSudokuSolver@5b332439
  board={{6,7,8,9,5,1,2,3,4},{5,9,1,2,7,4,0,0,0},{0,0,0,0,0,0,0,0,0},{0,0,0,0,0,0,0,0,0},{0,0,0,0,0,0,0,0,0},{0,0,0,0,0,0,0,0,0},{0,0,0,0,0,0,0,0,0},{0,0,0,0,0,0,0,0,0},{0,0,0,0,0,0,0,0,0}}
]
17:37:11.012 [main] INFO  sudoku.model.SudokuBoard - Wartość 0 wstawiona nieprawidłowo
17:37:11.012 [main] INFO  sudoku.model.SudokuBoard - Bład w kwadracie 0
sudoku.model.SudokuBoard@baa9ce4[
  size=9
  solver=sudoku.model.BacktrackingSudokuSolver@5b332439
  board={{6,7,8,9,5,1,2,3,4},{5,9,1,2,7,4,8,0,0},{0,0,0,0,0,0,0,0,0},{0,0,0,0,0,0,0,0,0},{0,0,0,0,0,0,0,0,0},{0,0,0,0,0,0,0,0,0},{0,0,0,0,0,0,0,0,0},{0,0,0,0,0,0,0,0,0},{0,0,0,0,0,0,0,0,0}}
]
17:37:11.012 [main] INFO  sudoku.model.SudokuBoard - Wartość 0 wstawiona nieprawidłowo
17:37:11.013 [main] INFO  sudoku.model.SudokuBoard - Bład w kwadracie 0
sudoku.model.SudokuBoard@baa9ce4[
  size=9
  solver=sudoku.model.BacktrackingSudokuSolver@5b332439
  board={{6,7,8,9,5,1,2,3,4},{5,9,1,2,7,4,0,0,0},{0,0,0,0,0,0,0,0,0},{0,0,0,0,0,0,0,0,0},{0,0,0,0,0,0,0,0,0},{0,0,0,0,0,0,0,0,0},{0,0,0,0,0,0,0,0,0},{0,0,0,0,0,0,0,0,0},{0,0,0,0,0,0,0,0,0}}
]
17:37:11.013 [main] INFO  sudoku.model.SudokuBoard - Wartość 0 wstawiona nieprawidłowo
17:37:11.013 [main] INFO  sudoku.model.SudokuBoard - Bład w kwadracie 0
sudoku.model.SudokuBoard@baa9ce4[
  size=9
  solver=sudoku.model.BacktrackingSudokuSolver@5b332439
  board={{6,7,8,9,5,1,2,3,4},{5,9,1,2,7,0,0,0,0},{0,0,0,0,0,0,0,0,0},{0,0,0,0,0,0,0,0,0},{0,0,0,0,0,0,0,0,0},{0,0,0,0,0,0,0,0,0},{0,0,0,0,0,0,0,0,0},{0,0,0,0,0,0,0,0,0},{0,0,0,0,0,0,0,0,0}}
]
17:37:11.013 [main] INFO  sudoku.model.SudokuBoard - Wartość 0 wstawiona nieprawidłowo
17:37:11.013 [main] INFO  sudoku.model.SudokuBoard - Bład w kwadracie 0
sudoku.model.SudokuBoard@baa9ce4[
  size=9
  solver=sudoku.model.BacktrackingSudokuSolver@5b332439
  board={{6,7,8,9,5,1,2,3,4},{5,9,1,2,7,6,0,0,0},{0,0,0,0,0,0,0,0,0},{0,0,0,0,0,0,0,0,0},{0,0,0,0,0,0,0,0,0},{0,0,0,0,0,0,0,0,0},{0,0,0,0,0,0,0,0,0},{0,0,0,0,0,0,0,0,0},{0,0,0,0,0,0,0,0,0}}
]
17:37:11.013 [main] INFO  sudoku.model.SudokuBoard - Wartość 0 wstawiona nieprawidłowo
17:37:11.013 [main] INFO  sudoku.model.SudokuBoard - Bład w kwadracie 0
sudoku.model.SudokuBoard@baa9ce4[
  size=9
  solver=sudoku.model.BacktrackingSudokuSolver@5b332439
  board={{6,7,8,9,5,1,2,3,4},{5,9,1,2,7,0,0,0,0},{0,0,0,0,0,0,0,0,0},{0,0,0,0,0,0,0,0,0},{0,0,0,0,0,0,0,0,0},{0,0,0,0,0,0,0,0,0},{0,0,0,0,0,0,0,0,0},{0,0,0,0,0,0,0,0,0},{0,0,0,0,0,0,0,0,0}}
]
17:37:11.013 [main] INFO  sudoku.model.SudokuBoard - Wartość 0 wstawiona nieprawidłowo
17:37:11.013 [main] INFO  sudoku.model.SudokuBoard - Bład w kwadracie 0
sudoku.model.SudokuBoard@baa9ce4[
  size=9
  solver=sudoku.model.BacktrackingSudokuSolver@5b332439
  board={{6,7,8,9,5,1,2,3,4},{5,9,1,2,7,8,0,0,0},{0,0,0,0,0,0,0,0,0},{0,0,0,0,0,0,0,0,0},{0,0,0,0,0,0,0,0,0},{0,0,0,0,0,0,0,0,0},{0,0,0,0,0,0,0,0,0},{0,0,0,0,0,0,0,0,0},{0,0,0,0,0,0,0,0,0}}
]
17:37:11.013 [main] INFO  sudoku.model.SudokuBoard - Wartość 0 wstawiona nieprawidłowo
17:37:11.014 [main] INFO  sudoku.model.SudokuBoard - Bład w kwadracie 0
sudoku.model.SudokuBoard@baa9ce4[
  size=9
  solver=sudoku.model.BacktrackingSudokuSolver@5b332439
  board={{6,7,8,9,5,1,2,3,4},{5,9,1,2,7,0,0,0,0},{0,0,0,0,0,0,0,0,0},{0,0,0,0,0,0,0,0,0},{0,0,0,0,0,0,0,0,0},{0,0,0,0,0,0,0,0,0},{0,0,0,0,0,0,0,0,0},{0,0,0,0,0,0,0,0,0},{0,0,0,0,0,0,0,0,0}}
]
17:37:11.014 [main] INFO  sudoku.model.SudokuBoard - Wartość 0 wstawiona nieprawidłowo
17:37:11.014 [main] INFO  sudoku.model.SudokuBoard - Bład w kwadracie 0
sudoku.model.SudokuBoard@baa9ce4[
  size=9
  solver=sudoku.model.BacktrackingSudokuSolver@5b332439
  board={{6,7,8,9,5,1,2,3,4},{5,9,1,2,0,0,0,0,0},{0,0,0,0,0,0,0,0,0},{0,0,0,0,0,0,0,0,0},{0,0,0,0,0,0,0,0,0},{0,0,0,0,0,0,0,0,0},{0,0,0,0,0,0,0,0,0},{0,0,0,0,0,0,0,0,0},{0,0,0,0,0,0,0,0,0}}
]
17:37:11.014 [main] INFO  sudoku.model.SudokuBoard - Wartość 0 wstawiona nieprawidłowo
17:37:11.014 [main] INFO  sudoku.model.SudokuBoard - Bład w kwadracie 0
sudoku.model.SudokuBoard@baa9ce4[
  size=9
  solver=sudoku.model.BacktrackingSudokuSolver@5b332439
  board={{6,7,8,9,5,1,2,3,4},{5,9,1,2,8,6,0,0,0},{0,0,0,0,0,0,0,0,0},{0,0,0,0,0,0,0,0,0},{0,0,0,0,0,0,0,0,0},{0,0,0,0,0,0,0,0,0},{0,0,0,0,0,0,0,0,0},{0,0,0,0,0,0,0,0,0},{0,0,0,0,0,0,0,0,0}}
]
17:37:11.014 [main] INFO  sudoku.model.SudokuBoard - Wartość 0 wstawiona nieprawidłowo
17:37:11.014 [main] INFO  sudoku.model.SudokuBoard - Bład w kwadracie 0
sudoku.model.SudokuBoard@baa9ce4[
  size=9
  solver=sudoku.model.BacktrackingSudokuSolver@5b332439
  board={{6,7,8,9,5,1,2,3,4},{5,9,1,2,8,0,0,0,0},{0,0,0,0,0,0,0,0,0},{0,0,0,0,0,0,0,0,0},{0,0,0,0,0,0,0,0,0},{0,0,0,0,0,0,0,0,0},{0,0,0,0,0,0,0,0,0},{0,0,0,0,0,0,0,0,0},{0,0,0,0,0,0,0,0,0}}
]
17:37:11.014 [main] INFO  sudoku.model.SudokuBoard - Wartość 0 wstawiona nieprawidłowo
17:37:11.015 [main] INFO  sudoku.model.SudokuBoard - Bład w kwadracie 0
sudoku.model.SudokuBoard@baa9ce4[
  size=9
  solver=sudoku.model.BacktrackingSudokuSolver@5b332439
  board={{6,7,8,9,5,1,2,3,4},{5,9,1,2,8,7,0,0,0},{0,0,0,0,0,0,0,0,0},{0,0,0,0,0,0,0,0,0},{0,0,0,0,0,0,0,0,0},{0,0,0,0,0,0,0,0,0},{0,0,0,0,0,0,0,0,0},{0,0,0,0,0,0,0,0,0},{0,0,0,0,0,0,0,0,0}}
]
17:37:11.015 [main] INFO  sudoku.model.SudokuBoard - Wartość 0 wstawiona nieprawidłowo
17:37:11.015 [main] INFO  sudoku.model.SudokuBoard - Bład w kwadracie 0
sudoku.model.SudokuBoard@baa9ce4[
  size=9
  solver=sudoku.model.BacktrackingSudokuSolver@5b332439
  board={{6,7,8,9,5,1,2,3,4},{5,9,1,2,8,0,0,0,0},{0,0,0,0,0,0,0,0,0},{0,0,0,0,0,0,0,0,0},{0,0,0,0,0,0,0,0,0},{0,0,0,0,0,0,0,0,0},{0,0,0,0,0,0,0,0,0},{0,0,0,0,0,0,0,0,0},{0,0,0,0,0,0,0,0,0}}
]
17:37:11.015 [main] INFO  sudoku.model.SudokuBoard - Wartość 0 wstawiona nieprawidłowo
17:37:11.015 [main] INFO  sudoku.model.SudokuBoard - Bład w kwadracie 0
sudoku.model.SudokuBoard@baa9ce4[
  size=9
  solver=sudoku.model.BacktrackingSudokuSolver@5b332439
  board={{6,7,8,9,5,1,2,3,4},{5,9,1,2,8,3,6,0,0},{0,0,0,0,0,0,0,0,0},{0,0,0,0,0,0,0,0,0},{0,0,0,0,0,0,0,0,0},{0,0,0,0,0,0,0,0,0},{0,0,0,0,0,0,0,0,0},{0,0,0,0,0,0,0,0,0},{0,0,0,0,0,0,0,0,0}}
]
17:37:11.015 [main] INFO  sudoku.model.SudokuBoard - Wartość 0 wstawiona nieprawidłowo
17:37:11.015 [main] INFO  sudoku.model.SudokuBoard - Bład w kwadracie 0
sudoku.model.SudokuBoard@baa9ce4[
  size=9
  solver=sudoku.model.BacktrackingSudokuSolver@5b332439
  board={{6,7,8,9,5,1,2,3,4},{5,9,1,2,8,3,0,0,0},{0,0,0,0,0,0,0,0,0},{0,0,0,0,0,0,0,0,0},{0,0,0,0,0,0,0,0,0},{0,0,0,0,0,0,0,0,0},{0,0,0,0,0,0,0,0,0},{0,0,0,0,0,0,0,0,0},{0,0,0,0,0,0,0,0,0}}
]
17:37:11.015 [main] INFO  sudoku.model.SudokuBoard - Wartość 0 wstawiona nieprawidłowo
17:37:11.015 [main] INFO  sudoku.model.SudokuBoard - Bład w kwadracie 0
sudoku.model.SudokuBoard@baa9ce4[
  size=9
  solver=sudoku.model.BacktrackingSudokuSolver@5b332439
  board={{6,7,8,9,5,1,2,3,4},{5,9,1,2,8,3,7,0,0},{0,0,0,0,0,0,0,0,0},{0,0,0,0,0,0,0,0,0},{0,0,0,0,0,0,0,0,0},{0,0,0,0,0,0,0,0,0},{0,0,0,0,0,0,0,0,0},{0,0,0,0,0,0,0,0,0},{0,0,0,0,0,0,0,0,0}}
]
17:37:11.015 [main] INFO  sudoku.model.SudokuBoard - Wartość 0 wstawiona nieprawidłowo
17:37:11.015 [main] INFO  sudoku.model.SudokuBoard - Bład w kwadracie 0
sudoku.model.SudokuBoard@baa9ce4[
  size=9
  solver=sudoku.model.BacktrackingSudokuSolver@5b332439
  board={{6,7,8,9,5,1,2,3,4},{5,9,1,2,8,3,0,0,0},{0,0,0,0,0,0,0,0,0},{0,0,0,0,0,0,0,0,0},{0,0,0,0,0,0,0,0,0},{0,0,0,0,0,0,0,0,0},{0,0,0,0,0,0,0,0,0},{0,0,0,0,0,0,0,0,0},{0,0,0,0,0,0,0,0,0}}
]
17:37:11.016 [main] INFO  sudoku.model.SudokuBoard - Wartość 0 wstawiona nieprawidłowo
17:37:11.016 [main] INFO  sudoku.model.SudokuBoard - Bład w kwadracie 0
sudoku.model.SudokuBoard@baa9ce4[
  size=9
  solver=sudoku.model.BacktrackingSudokuSolver@5b332439
  board={{6,7,8,9,5,1,2,3,4},{5,9,1,2,8,0,0,0,0},{0,0,0,0,0,0,0,0,0},{0,0,0,0,0,0,0,0,0},{0,0,0,0,0,0,0,0,0},{0,0,0,0,0,0,0,0,0},{0,0,0,0,0,0,0,0,0},{0,0,0,0,0,0,0,0,0},{0,0,0,0,0,0,0,0,0}}
]
17:37:11.016 [main] INFO  sudoku.model.SudokuBoard - Wartość 0 wstawiona nieprawidłowo
17:37:11.016 [main] INFO  sudoku.model.SudokuBoard - Bład w kwadracie 0
sudoku.model.SudokuBoard@baa9ce4[
  size=9
  solver=sudoku.model.BacktrackingSudokuSolver@5b332439
  board={{6,7,8,9,5,1,2,3,4},{5,9,1,2,8,4,6,0,0},{0,0,0,0,0,0,0,0,0},{0,0,0,0,0,0,0,0,0},{0,0,0,0,0,0,0,0,0},{0,0,0,0,0,0,0,0,0},{0,0,0,0,0,0,0,0,0},{0,0,0,0,0,0,0,0,0},{0,0,0,0,0,0,0,0,0}}
]
17:37:11.016 [main] INFO  sudoku.model.SudokuBoard - Wartość 0 wstawiona nieprawidłowo
17:37:11.016 [main] INFO  sudoku.model.SudokuBoard - Bład w kwadracie 0
sudoku.model.SudokuBoard@baa9ce4[
  size=9
  solver=sudoku.model.BacktrackingSudokuSolver@5b332439
  board={{6,7,8,9,5,1,2,3,4},{5,9,1,2,8,4,0,0,0},{0,0,0,0,0,0,0,0,0},{0,0,0,0,0,0,0,0,0},{0,0,0,0,0,0,0,0,0},{0,0,0,0,0,0,0,0,0},{0,0,0,0,0,0,0,0,0},{0,0,0,0,0,0,0,0,0},{0,0,0,0,0,0,0,0,0}}
]
17:37:11.016 [main] INFO  sudoku.model.SudokuBoard - Wartość 0 wstawiona nieprawidłowo
17:37:11.016 [main] INFO  sudoku.model.SudokuBoard - Bład w kwadracie 0
sudoku.model.SudokuBoard@baa9ce4[
  size=9
  solver=sudoku.model.BacktrackingSudokuSolver@5b332439
  board={{6,7,8,9,5,1,2,3,4},{5,9,1,2,8,4,7,0,0},{0,0,0,0,0,0,0,0,0},{0,0,0,0,0,0,0,0,0},{0,0,0,0,0,0,0,0,0},{0,0,0,0,0,0,0,0,0},{0,0,0,0,0,0,0,0,0},{0,0,0,0,0,0,0,0,0},{0,0,0,0,0,0,0,0,0}}
]
17:37:11.016 [main] INFO  sudoku.model.SudokuBoard - Wartość 0 wstawiona nieprawidłowo
17:37:11.017 [main] INFO  sudoku.model.SudokuBoard - Bład w kwadracie 0
sudoku.model.SudokuBoard@baa9ce4[
  size=9
  solver=sudoku.model.BacktrackingSudokuSolver@5b332439
  board={{6,7,8,9,5,1,2,3,4},{5,9,1,2,8,4,0,0,0},{0,0,0,0,0,0,0,0,0},{0,0,0,0,0,0,0,0,0},{0,0,0,0,0,0,0,0,0},{0,0,0,0,0,0,0,0,0},{0,0,0,0,0,0,0,0,0},{0,0,0,0,0,0,0,0,0},{0,0,0,0,0,0,0,0,0}}
]
17:37:11.017 [main] INFO  sudoku.model.SudokuBoard - Wartość 0 wstawiona nieprawidłowo
17:37:11.017 [main] INFO  sudoku.model.SudokuBoard - Bład w kwadracie 0
sudoku.model.SudokuBoard@baa9ce4[
  size=9
  solver=sudoku.model.BacktrackingSudokuSolver@5b332439
  board={{6,7,8,9,5,1,2,3,4},{5,9,1,2,8,0,0,0,0},{0,0,0,0,0,0,0,0,0},{0,0,0,0,0,0,0,0,0},{0,0,0,0,0,0,0,0,0},{0,0,0,0,0,0,0,0,0},{0,0,0,0,0,0,0,0,0},{0,0,0,0,0,0,0,0,0},{0,0,0,0,0,0,0,0,0}}
]
17:37:11.017 [main] INFO  sudoku.model.SudokuBoard - Wartość 0 wstawiona nieprawidłowo
17:37:11.017 [main] INFO  sudoku.model.SudokuBoard - Bład w kwadracie 0
sudoku.model.SudokuBoard@baa9ce4[
  size=9
  solver=sudoku.model.BacktrackingSudokuSolver@5b332439
  board={{6,7,8,9,5,1,2,3,4},{5,9,1,2,0,0,0,0,0},{0,0,0,0,0,0,0,0,0},{0,0,0,0,0,0,0,0,0},{0,0,0,0,0,0,0,0,0},{0,0,0,0,0,0,0,0,0},{0,0,0,0,0,0,0,0,0},{0,0,0,0,0,0,0,0,0},{0,0,0,0,0,0,0,0,0}}
]
17:37:11.017 [main] INFO  sudoku.model.SudokuBoard - Wartość 0 wstawiona nieprawidłowo
17:37:11.017 [main] INFO  sudoku.model.SudokuBoard - Bład w kwadracie 0
sudoku.model.SudokuBoard@baa9ce4[
  size=9
  solver=sudoku.model.BacktrackingSudokuSolver@5b332439
  board={{6,7,8,9,5,1,2,3,4},{5,9,1,2,3,4,6,7,8},{2,3,4,6,7,8,9,5,1},{7,4,5,8,1,6,3,9,2},{8,1,9,7,2,3,4,6,5},{3,2,6,5,0,0,0,0,0},{0,0,0,0,0,0,0,0,0},{0,0,0,0,0,0,0,0,0},{0,0,0,0,0,0,0,0,0}}
]
17:37:11.017 [main] INFO  sudoku.model.SudokuBoard - Wartość 0 wstawiona nieprawidłowo
17:37:11.018 [main] INFO  sudoku.model.SudokuBoard - Bład w kwadracie 0
sudoku.model.SudokuBoard@baa9ce4[
  size=9
  solver=sudoku.model.BacktrackingSudokuSolver@5b332439
  board={{6,7,8,9,5,1,2,3,4},{5,9,1,2,3,4,6,7,8},{2,3,4,6,7,8,9,5,1},{7,4,5,8,1,6,3,9,2},{8,1,9,7,2,3,4,6,5},{3,2,6,5,4,9,7,0,0},{0,0,0,0,0,0,0,0,0},{0,0,0,0,0,0,0,0,0},{0,0,0,0,0,0,0,0,0}}
]
17:37:11.018 [main] INFO  sudoku.model.SudokuBoard - Wartość 0 wstawiona nieprawidłowo
17:37:11.018 [main] INFO  sudoku.model.SudokuBoard - Bład w kwadracie 0
sudoku.model.SudokuBoard@baa9ce4[
  size=9
  solver=sudoku.model.BacktrackingSudokuSolver@5b332439
  board={{6,7,8,9,5,1,2,3,4},{5,9,1,2,3,4,6,7,8},{2,3,4,6,7,8,9,5,1},{7,4,5,8,1,6,3,9,2},{8,1,9,7,2,3,4,6,5},{3,2,6,5,4,9,7,0,0},{0,0,0,0,0,0,0,0,0},{0,0,0,0,0,0,0,0,0},{0,0,0,0,0,0,0,0,0}}
]
17:37:11.018 [main] INFO  sudoku.model.SudokuBoard - Wartość 0 wstawiona nieprawidłowo
17:37:11.019 [main] INFO  sudoku.model.SudokuBoard - Bład w kwadracie 0
sudoku.model.SudokuBoard@baa9ce4[
  size=9
  solver=sudoku.model.BacktrackingSudokuSolver@5b332439
  board={{6,7,8,9,5,1,2,3,4},{5,9,1,2,3,4,6,7,8},{2,3,4,6,7,8,9,5,1},{7,4,5,8,1,6,3,9,2},{8,1,9,7,2,3,4,6,5},{3,2,6,5,4,9,0,0,0},{0,0,0,0,0,0,0,0,0},{0,0,0,0,0,0,0,0,0},{0,0,0,0,0,0,0,0,0}}
]
17:37:11.019 [main] INFO  sudoku.model.SudokuBoard - Wartość 0 wstawiona nieprawidłowo
17:37:11.019 [main] INFO  sudoku.model.SudokuBoard - Bład w kwadracie 0
sudoku.model.SudokuBoard@baa9ce4[
  size=9
  solver=sudoku.model.BacktrackingSudokuSolver@5b332439
  board={{6,7,8,9,5,1,2,3,4},{5,9,1,2,3,4,6,7,8},{2,3,4,6,7,8,9,5,1},{7,4,5,8,1,6,3,9,2},{8,1,9,7,2,3,4,6,5},{3,2,6,5,4,9,8,1,7},{9,5,3,1,6,0,0,0,0},{0,0,0,0,0,0,0,0,0},{0,0,0,0,0,0,0,0,0}}
]
17:37:11.019 [main] INFO  sudoku.model.SudokuBoard - Wartość 0 wstawiona nieprawidłowo
17:37:11.019 [main] INFO  sudoku.model.SudokuBoard - Bład w kwadracie 0
sudoku.model.SudokuBoard@baa9ce4[
  size=9
  solver=sudoku.model.BacktrackingSudokuSolver@5b332439
  board={{6,7,8,9,5,1,2,3,4},{5,9,1,2,3,4,6,7,8},{2,3,4,6,7,8,9,5,1},{7,4,5,8,1,6,3,9,2},{8,1,9,7,2,3,4,6,5},{3,2,6,5,4,9,8,1,7},{9,5,3,1,6,2,7,0,0},{0,0,0,0,0,0,0,0,0},{0,0,0,0,0,0,0,0,0}}
]
17:37:11.019 [main] INFO  sudoku.model.SudokuBoard - Wartość 0 wstawiona nieprawidłowo
17:37:11.019 [main] INFO  sudoku.model.SudokuBoard - Bład w kwadracie 0
sudoku.model.SudokuBoard@baa9ce4[
  size=9
  solver=sudoku.model.BacktrackingSudokuSolver@5b332439
  board={{6,7,8,9,5,1,2,3,4},{5,9,1,2,3,4,6,7,8},{2,3,4,6,7,8,9,5,1},{7,4,5,8,1,6,3,9,2},{8,1,9,7,2,3,4,6,5},{3,2,6,5,4,9,8,1,7},{9,5,3,1,6,2,7,0,0},{0,0,0,0,0,0,0,0,0},{0,0,0,0,0,0,0,0,0}}
]
17:37:11.019 [main] INFO  sudoku.model.SudokuBoard - Wartość 0 wstawiona nieprawidłowo
17:37:11.019 [main] INFO  sudoku.model.SudokuBoard - Bład w kwadracie 0
sudoku.model.SudokuBoard@baa9ce4[
  size=9
  solver=sudoku.model.BacktrackingSudokuSolver@5b332439
  board={{6,7,8,9,5,1,2,3,4},{5,9,1,2,3,4,6,7,8},{2,3,4,6,7,8,9,5,1},{7,4,5,8,1,6,3,9,2},{8,1,9,7,2,3,4,6,5},{3,2,6,5,4,9,8,1,7},{9,5,3,1,6,2,0,0,0},{0,0,0,0,0,0,0,0,0},{0,0,0,0,0,0,0,0,0}}
]
17:37:11.019 [main] INFO  sudoku.model.SudokuBoard - Wartość 0 wstawiona nieprawidłowo
17:37:11.020 [main] INFO  sudoku.model.SudokuBoard - Bład w kwadracie 0
sudoku.model.SudokuBoard@baa9ce4[
  size=9
  solver=sudoku.model.BacktrackingSudokuSolver@5b332439
  board={{6,7,8,9,5,1,2,3,4},{5,9,1,2,3,4,6,7,8},{2,3,4,6,7,8,9,5,1},{7,4,5,8,1,6,3,9,2},{8,1,9,7,2,3,4,6,5},{3,2,6,5,4,9,8,1,7},{9,5,3,1,6,0,0,0,0},{0,0,0,0,0,0,0,0,0},{0,0,0,0,0,0,0,0,0}}
]
17:37:11.020 [main] INFO  sudoku.model.SudokuBoard - Wartość 0 wstawiona nieprawidłowo
17:37:11.020 [main] INFO  sudoku.model.SudokuBoard - Bład w kwadracie 0
sudoku.model.SudokuBoard@baa9ce4[
  size=9
  solver=sudoku.model.BacktrackingSudokuSolver@5b332439
  board={{6,7,8,9,5,1,2,3,4},{5,9,1,2,3,4,6,7,8},{2,3,4,6,7,8,9,5,1},{7,4,5,8,1,6,3,9,2},{8,1,9,7,2,3,4,6,5},{3,2,6,5,4,9,8,1,7},{9,5,3,1,0,0,0,0,0},{0,0,0,0,0,0,0,0,0},{0,0,0,0,0,0,0,0,0}}
]
17:37:11.020 [main] INFO  sudoku.model.SudokuBoard - Wartość 0 wstawiona nieprawidłowo
17:37:11.020 [main] INFO  sudoku.model.SudokuBoard - Bład w kwadracie 0
sudoku.model.SudokuBoard@baa9ce4[
  size=9
  solver=sudoku.model.BacktrackingSudokuSolver@5b332439
  board={{6,7,8,9,5,1,2,3,4},{5,9,1,2,3,4,6,7,8},{2,3,4,6,7,8,9,5,1},{7,4,5,8,1,6,3,9,2},{8,1,9,7,2,3,4,6,5},{3,2,6,5,4,9,8,1,7},{9,5,3,1,8,0,0,0,0},{0,0,0,0,0,0,0,0,0},{0,0,0,0,0,0,0,0,0}}
]
17:37:11.020 [main] INFO  sudoku.model.SudokuBoard - Wartość 0 wstawiona nieprawidłowo
17:37:11.020 [main] INFO  sudoku.model.SudokuBoard - Bład w kwadracie 0
sudoku.model.SudokuBoard@baa9ce4[
  size=9
  solver=sudoku.model.BacktrackingSudokuSolver@5b332439
  board={{6,7,8,9,5,1,2,3,4},{5,9,1,2,3,4,6,7,8},{2,3,4,6,7,8,9,5,1},{7,4,5,8,1,6,3,9,2},{8,1,9,7,2,3,4,6,5},{3,2,6,5,4,9,8,1,7},{9,5,3,1,8,2,7,4,6},{1,6,7,3,9,0,0,0,0},{0,0,0,0,0,0,0,0,0}}
]
17:37:11.020 [main] INFO  sudoku.model.SudokuBoard - Wartość 0 wstawiona nieprawidłowo
17:37:11.020 [main] INFO  sudoku.model.SudokuBoard - Bład w kwadracie 0
sudoku.model.SudokuBoard@baa9ce4[
  size=9
  solver=sudoku.model.BacktrackingSudokuSolver@5b332439
  board={{6,7,8,9,5,1,2,3,4},{5,9,1,2,3,4,6,7,8},{2,3,4,6,7,8,9,5,1},{7,4,5,8,1,6,3,9,2},{8,1,9,7,2,3,4,6,5},{3,2,6,5,4,9,8,1,7},{9,5,3,1,8,2,7,4,6},{1,6,7,3,0,0,0,0,0},{0,0,0,0,0,0,0,0,0}}
]
17:37:11.020 [main] INFO  sudoku.model.SudokuBoard - Wartość 0 wstawiona nieprawidłowo
17:37:11.020 [main] INFO  sudoku.model.SudokuBoard - Bład w kwadracie 0
sudoku.model.SudokuBoard@baa9ce4[
  size=9
  solver=sudoku.model.BacktrackingSudokuSolver@5b332439
  board={{6,7,8,9,5,1,2,3,4},{5,9,1,2,3,4,6,7,8},{2,3,4,6,7,8,9,5,1},{7,4,5,8,1,6,3,9,2},{8,1,9,7,2,3,4,6,5},{3,2,6,5,4,9,8,1,7},{9,5,3,1,8,2,7,4,6},{1,6,7,0,0,0,0,0,0},{0,0,0,0,0,0,0,0,0}}
]
17:37:11.021 [main] INFO  sudoku.model.SudokuBoard - Wartość 0 wstawiona nieprawidłowo
17:37:11.021 [main] INFO  sudoku.model.SudokuBoard - Bład w kwadracie 0
sudoku.model.SudokuBoard@baa9ce4[
  size=9
  solver=sudoku.model.BacktrackingSudokuSolver@5b332439
  board={{6,7,8,9,5,1,2,3,4},{5,9,1,2,3,4,6,7,8},{2,3,4,6,7,8,9,5,1},{7,4,5,8,1,6,3,9,2},{8,1,9,7,2,3,4,6,5},{3,2,6,5,4,9,8,1,7},{9,5,3,1,8,2,7,4,6},{1,6,7,4,9,0,0,0,0},{0,0,0,0,0,0,0,0,0}}
]
17:37:11.021 [main] INFO  sudoku.model.SudokuBoard - Wartość 0 wstawiona nieprawidłowo
17:37:11.021 [main] INFO  sudoku.model.SudokuBoard - Bład w kwadracie 0
sudoku.model.SudokuBoard@baa9ce4[
  size=9
  solver=sudoku.model.BacktrackingSudokuSolver@5b332439
  board={{6,7,8,9,5,1,2,3,4},{5,9,1,2,3,4,6,7,8},{2,3,4,6,7,8,9,5,1},{7,4,5,8,1,6,3,9,2},{8,1,9,7,2,3,4,6,5},{3,2,6,5,4,9,8,1,7},{9,5,3,1,8,2,7,4,6},{1,6,7,4,0,0,0,0,0},{0,0,0,0,0,0,0,0,0}}
]
17:37:11.021 [main] INFO  sudoku.model.SudokuBoard - Wartość 0 wstawiona nieprawidłowo
17:37:11.021 [main] INFO  sudoku.model.SudokuBoard - Bład w kwadracie 0
sudoku.model.SudokuBoard@baa9ce4[
  size=9
  solver=sudoku.model.BacktrackingSudokuSolver@5b332439
  board={{6,7,8,9,5,1,2,3,4},{5,9,1,2,3,4,6,7,8},{2,3,4,6,7,8,9,5,1},{7,4,5,8,1,6,3,9,2},{8,1,9,7,2,3,4,6,5},{3,2,6,5,4,9,8,1,7},{9,5,3,1,8,2,7,4,6},{1,6,7,0,0,0,0,0,0},{0,0,0,0,0,0,0,0,0}}
]
17:37:11.021 [main] INFO  sudoku.model.SudokuBoard - Wartość 0 wstawiona nieprawidłowo
17:37:11.022 [main] INFO  sudoku.model.SudokuBoard - Bład w kwadracie 0
sudoku.model.SudokuBoard@baa9ce4[
  size=9
  solver=sudoku.model.BacktrackingSudokuSolver@5b332439
  board={{6,7,8,9,5,1,2,3,4},{5,9,1,2,3,4,6,7,8},{2,3,4,6,7,8,9,5,1},{7,4,5,8,1,6,3,9,2},{8,1,9,7,2,3,4,6,5},{3,2,6,5,4,9,8,1,7},{9,5,3,1,8,2,7,4,6},{1,6,0,0,0,0,0,0,0},{0,0,0,0,0,0,0,0,0}}
]
17:37:11.022 [main] INFO  sudoku.model.SudokuBoard - Wartość 0 wstawiona nieprawidłowo
17:37:11.022 [main] INFO  sudoku.model.SudokuBoard - Bład w kwadracie 0
sudoku.model.SudokuBoard@baa9ce4[
  size=9
  solver=sudoku.model.BacktrackingSudokuSolver@5b332439
  board={{6,7,8,9,5,1,2,3,4},{5,9,1,2,3,4,6,7,8},{2,3,4,6,7,8,9,5,1},{7,4,5,8,1,6,3,9,2},{8,1,9,7,2,3,4,6,5},{3,2,6,5,4,9,8,1,7},{9,5,3,1,8,2,7,4,6},{1,6,2,4,9,0,0,0,0},{0,0,0,0,0,0,0,0,0}}
]
17:37:11.022 [main] INFO  sudoku.model.SudokuBoard - Wartość 0 wstawiona nieprawidłowo
]]></system-out>
  </testcase>
  <testcase name="testEqualsNull" classname="sudoku.model.SeriesTest" time="0.11">
    <system-out><![CDATA[17:37:11.028 [main] INFO  sudoku.model.SudokuBoard - Bład w kwadracie 0
sudoku.model.SudokuBoard@4ce267cc[
  size=9
  solver=sudoku.model.BacktrackingSudokuSolver@2eebce87
  board={{5,6,2,3,4,1,9,7,8},{4,9,1,8,2,5,3,0,0},{0,0,0,0,0,0,0,0,0},{0,0,0,0,0,0,0,0,0},{0,0,0,0,0,0,0,0,0},{0,0,0,0,0,0,0,0,0},{0,0,0,0,0,0,0,0,0},{0,0,0,0,0,0,0,0,0},{0,0,0,0,0,0,0,0,0}}
]
17:37:11.028 [main] INFO  sudoku.model.SudokuBoard - Wartość 0 wstawiona nieprawidłowo
17:37:11.028 [main] INFO  sudoku.model.SudokuBoard - Bład w kwadracie 0
sudoku.model.SudokuBoard@4ce267cc[
  size=9
  solver=sudoku.model.BacktrackingSudokuSolver@2eebce87
  board={{5,6,2,3,4,1,9,7,8},{4,9,1,8,2,5,0,0,0},{0,0,0,0,0,0,0,0,0},{0,0,0,0,0,0,0,0,0},{0,0,0,0,0,0,0,0,0},{0,0,0,0,0,0,0,0,0},{0,0,0,0,0,0,0,0,0},{0,0,0,0,0,0,0,0,0},{0,0,0,0,0,0,0,0,0}}
]
17:37:11.028 [main] INFO  sudoku.model.SudokuBoard - Wartość 0 wstawiona nieprawidłowo
17:37:11.029 [main] INFO  sudoku.model.SudokuBoard - Bład w kwadracie 0
sudoku.model.SudokuBoard@4ce267cc[
  size=9
  solver=sudoku.model.BacktrackingSudokuSolver@2eebce87
  board={{5,6,2,3,4,1,9,7,8},{4,9,1,8,2,5,6,0,0},{0,0,0,0,0,0,0,0,0},{0,0,0,0,0,0,0,0,0},{0,0,0,0,0,0,0,0,0},{0,0,0,0,0,0,0,0,0},{0,0,0,0,0,0,0,0,0},{0,0,0,0,0,0,0,0,0},{0,0,0,0,0,0,0,0,0}}
]
17:37:11.029 [main] INFO  sudoku.model.SudokuBoard - Wartość 0 wstawiona nieprawidłowo
17:37:11.029 [main] INFO  sudoku.model.SudokuBoard - Bład w kwadracie 0
sudoku.model.SudokuBoard@4ce267cc[
  size=9
  solver=sudoku.model.BacktrackingSudokuSolver@2eebce87
  board={{5,6,2,3,4,1,9,7,8},{4,9,1,8,2,5,0,0,0},{0,0,0,0,0,0,0,0,0},{0,0,0,0,0,0,0,0,0},{0,0,0,0,0,0,0,0,0},{0,0,0,0,0,0,0,0,0},{0,0,0,0,0,0,0,0,0},{0,0,0,0,0,0,0,0,0},{0,0,0,0,0,0,0,0,0}}
]
17:37:11.029 [main] INFO  sudoku.model.SudokuBoard - Wartość 0 wstawiona nieprawidłowo
17:37:11.029 [main] INFO  sudoku.model.SudokuBoard - Bład w kwadracie 0
sudoku.model.SudokuBoard@4ce267cc[
  size=9
  solver=sudoku.model.BacktrackingSudokuSolver@2eebce87
  board={{5,6,2,3,4,1,9,7,8},{4,9,1,8,2,0,0,0,0},{0,0,0,0,0,0,0,0,0},{0,0,0,0,0,0,0,0,0},{0,0,0,0,0,0,0,0,0},{0,0,0,0,0,0,0,0,0},{0,0,0,0,0,0,0,0,0},{0,0,0,0,0,0,0,0,0},{0,0,0,0,0,0,0,0,0}}
]
17:37:11.029 [main] INFO  sudoku.model.SudokuBoard - Wartość 0 wstawiona nieprawidłowo
17:37:11.029 [main] INFO  sudoku.model.SudokuBoard - Bład w kwadracie 0
sudoku.model.SudokuBoard@4ce267cc[
  size=9
  solver=sudoku.model.BacktrackingSudokuSolver@2eebce87
  board={{5,6,2,3,4,1,9,7,8},{4,9,1,8,2,6,3,0,0},{0,0,0,0,0,0,0,0,0},{0,0,0,0,0,0,0,0,0},{0,0,0,0,0,0,0,0,0},{0,0,0,0,0,0,0,0,0},{0,0,0,0,0,0,0,0,0},{0,0,0,0,0,0,0,0,0},{0,0,0,0,0,0,0,0,0}}
]
17:37:11.029 [main] INFO  sudoku.model.SudokuBoard - Wartość 0 wstawiona nieprawidłowo
17:37:11.029 [main] INFO  sudoku.model.SudokuBoard - Bład w kwadracie 0
sudoku.model.SudokuBoard@4ce267cc[
  size=9
  solver=sudoku.model.BacktrackingSudokuSolver@2eebce87
  board={{5,6,2,3,4,1,9,7,8},{4,9,1,8,2,6,0,0,0},{0,0,0,0,0,0,0,0,0},{0,0,0,0,0,0,0,0,0},{0,0,0,0,0,0,0,0,0},{0,0,0,0,0,0,0,0,0},{0,0,0,0,0,0,0,0,0},{0,0,0,0,0,0,0,0,0},{0,0,0,0,0,0,0,0,0}}
]
17:37:11.029 [main] INFO  sudoku.model.SudokuBoard - Wartość 0 wstawiona nieprawidłowo
17:37:11.064 [main] INFO  sudoku.model.SudokuBoard - Bład w kwadracie 0
sudoku.model.SudokuBoard@4ce267cc[
  size=9
  solver=sudoku.model.BacktrackingSudokuSolver@2eebce87
  board={{5,6,2,3,4,1,9,7,8},{4,9,1,8,2,6,5,0,0},{0,0,0,0,0,0,0,0,0},{0,0,0,0,0,0,0,0,0},{0,0,0,0,0,0,0,0,0},{0,0,0,0,0,0,0,0,0},{0,0,0,0,0,0,0,0,0},{0,0,0,0,0,0,0,0,0},{0,0,0,0,0,0,0,0,0}}
]
17:37:11.064 [main] INFO  sudoku.model.SudokuBoard - Wartość 0 wstawiona nieprawidłowo
17:37:11.064 [main] INFO  sudoku.model.SudokuBoard - Bład w kwadracie 0
sudoku.model.SudokuBoard@4ce267cc[
  size=9
  solver=sudoku.model.BacktrackingSudokuSolver@2eebce87
  board={{5,6,2,3,4,1,9,7,8},{4,9,1,8,2,6,0,0,0},{0,0,0,0,0,0,0,0,0},{0,0,0,0,0,0,0,0,0},{0,0,0,0,0,0,0,0,0},{0,0,0,0,0,0,0,0,0},{0,0,0,0,0,0,0,0,0},{0,0,0,0,0,0,0,0,0},{0,0,0,0,0,0,0,0,0}}
]
17:37:11.064 [main] INFO  sudoku.model.SudokuBoard - Wartość 0 wstawiona nieprawidłowo
17:37:11.064 [main] INFO  sudoku.model.SudokuBoard - Bład w kwadracie 0
sudoku.model.SudokuBoard@4ce267cc[
  size=9
  solver=sudoku.model.BacktrackingSudokuSolver@2eebce87
  board={{5,6,2,3,4,1,9,7,8},{4,9,1,8,2,0,0,0,0},{0,0,0,0,0,0,0,0,0},{0,0,0,0,0,0,0,0,0},{0,0,0,0,0,0,0,0,0},{0,0,0,0,0,0,0,0,0},{0,0,0,0,0,0,0,0,0},{0,0,0,0,0,0,0,0,0},{0,0,0,0,0,0,0,0,0}}
]
17:37:11.065 [main] INFO  sudoku.model.SudokuBoard - Wartość 0 wstawiona nieprawidłowo
17:37:11.065 [main] INFO  sudoku.model.SudokuBoard - Bład w kwadracie 0
sudoku.model.SudokuBoard@4ce267cc[
  size=9
  solver=sudoku.model.BacktrackingSudokuSolver@2eebce87
  board={{5,6,2,3,4,1,9,7,8},{4,9,1,8,2,7,3,5,6},{7,3,8,5,6,9,1,2,4},{3,5,7,9,1,4,6,8,2},{6,4,9,7,8,2,5,3,1},{1,0,0,0,0,0,0,0,0},{0,0,0,0,0,0,0,0,0},{0,0,0,0,0,0,0,0,0},{0,0,0,0,0,0,0,0,0}}
]
17:37:11.065 [main] INFO  sudoku.model.SudokuBoard - Wartość 0 wstawiona nieprawidłowo
17:37:11.065 [main] INFO  sudoku.model.SudokuBoard - Bład w kwadracie 0
sudoku.model.SudokuBoard@4ce267cc[
  size=9
  solver=sudoku.model.BacktrackingSudokuSolver@2eebce87
  board={{5,6,2,3,4,1,9,7,8},{4,9,1,8,2,7,3,5,6},{7,3,8,5,6,9,1,2,4},{3,5,7,9,1,4,6,8,2},{6,4,9,7,8,2,5,3,1},{1,0,0,0,0,0,0,0,0},{0,0,0,0,0,0,0,0,0},{0,0,0,0,0,0,0,0,0},{0,0,0,0,0,0,0,0,0}}
]
17:37:11.065 [main] INFO  sudoku.model.SudokuBoard - Wartość 0 wstawiona nieprawidłowo
17:37:11.065 [main] INFO  sudoku.model.SudokuBoard - Bład w kwadracie 0
sudoku.model.SudokuBoard@4ce267cc[
  size=9
  solver=sudoku.model.BacktrackingSudokuSolver@2eebce87
  board={{5,6,2,3,4,1,9,7,8},{4,9,1,8,2,7,3,5,6},{7,3,8,5,6,9,1,2,4},{3,5,7,9,1,4,6,8,2},{6,4,9,7,8,2,5,3,1},{0,0,0,0,0,0,0,0,0},{0,0,0,0,0,0,0,0,0},{0,0,0,0,0,0,0,0,0},{0,0,0,0,0,0,0,0,0}}
]
17:37:11.065 [main] INFO  sudoku.model.SudokuBoard - Wartość 0 wstawiona nieprawidłowo
17:37:11.065 [main] INFO  sudoku.model.SudokuBoard - Bład w kwadracie 0
sudoku.model.SudokuBoard@4ce267cc[
  size=9
  solver=sudoku.model.BacktrackingSudokuSolver@2eebce87
  board={{5,6,2,3,4,1,9,7,8},{4,9,1,8,2,7,3,5,6},{7,3,8,5,6,9,1,2,4},{3,5,7,9,1,4,6,8,2},{6,4,9,7,8,2,5,3,1},{2,0,0,0,0,0,0,0,0},{0,0,0,0,0,0,0,0,0},{0,0,0,0,0,0,0,0,0},{0,0,0,0,0,0,0,0,0}}
]
17:37:11.065 [main] INFO  sudoku.model.SudokuBoard - Wartość 0 wstawiona nieprawidłowo
17:37:11.065 [main] INFO  sudoku.model.SudokuBoard - Bład w kwadracie 0
sudoku.model.SudokuBoard@4ce267cc[
  size=9
  solver=sudoku.model.BacktrackingSudokuSolver@2eebce87
  board={{5,6,2,3,4,1,9,7,8},{4,9,1,8,2,7,3,5,6},{7,3,8,5,6,9,1,2,4},{3,5,7,9,1,4,6,8,2},{6,4,9,7,8,2,5,3,1},{2,0,0,0,0,0,0,0,0},{0,0,0,0,0,0,0,0,0},{0,0,0,0,0,0,0,0,0},{0,0,0,0,0,0,0,0,0}}
]
17:37:11.065 [main] INFO  sudoku.model.SudokuBoard - Wartość 0 wstawiona nieprawidłowo
17:37:11.065 [main] INFO  sudoku.model.SudokuBoard - Bład w kwadracie 0
sudoku.model.SudokuBoard@4ce267cc[
  size=9
  solver=sudoku.model.BacktrackingSudokuSolver@2eebce87
  board={{5,6,2,3,4,1,9,7,8},{4,9,1,8,2,7,3,5,6},{7,3,8,5,6,9,1,2,4},{3,5,7,9,1,4,6,8,2},{6,4,9,7,8,2,5,3,1},{0,0,0,0,0,0,0,0,0},{0,0,0,0,0,0,0,0,0},{0,0,0,0,0,0,0,0,0},{0,0,0,0,0,0,0,0,0}}
]
17:37:11.065 [main] INFO  sudoku.model.SudokuBoard - Wartość 0 wstawiona nieprawidłowo
17:37:11.066 [main] INFO  sudoku.model.SudokuBoard - Bład w kwadracie 0
sudoku.model.SudokuBoard@4ce267cc[
  size=9
  solver=sudoku.model.BacktrackingSudokuSolver@2eebce87
  board={{5,6,2,3,4,1,9,7,8},{4,9,1,8,2,7,3,5,6},{7,3,8,5,6,9,1,2,4},{3,5,7,9,1,4,6,8,2},{6,4,9,7,8,2,5,3,1},{8,0,0,0,0,0,0,0,0},{0,0,0,0,0,0,0,0,0},{0,0,0,0,0,0,0,0,0},{0,0,0,0,0,0,0,0,0}}
]
17:37:11.066 [main] INFO  sudoku.model.SudokuBoard - Wartość 0 wstawiona nieprawidłowo
17:37:11.066 [main] INFO  sudoku.model.SudokuBoard - Bład w kwadracie 0
sudoku.model.SudokuBoard@4ce267cc[
  size=9
  solver=sudoku.model.BacktrackingSudokuSolver@2eebce87
  board={{5,6,2,3,4,1,9,7,8},{4,9,1,8,2,7,3,5,6},{7,3,8,5,6,9,1,2,4},{3,5,7,9,1,4,6,8,2},{6,4,9,7,8,2,5,3,1},{8,0,0,0,0,0,0,0,0},{0,0,0,0,0,0,0,0,0},{0,0,0,0,0,0,0,0,0},{0,0,0,0,0,0,0,0,0}}
]
17:37:11.066 [main] INFO  sudoku.model.SudokuBoard - Wartość 0 wstawiona nieprawidłowo
17:37:11.066 [main] INFO  sudoku.model.SudokuBoard - Bład w kwadracie 0
sudoku.model.SudokuBoard@4ce267cc[
  size=9
  solver=sudoku.model.BacktrackingSudokuSolver@2eebce87
  board={{5,6,2,3,4,1,9,7,8},{4,9,1,8,2,7,3,5,6},{7,3,8,5,6,9,1,2,4},{3,5,7,9,1,4,6,8,2},{6,4,9,7,8,2,5,3,1},{0,0,0,0,0,0,0,0,0},{0,0,0,0,0,0,0,0,0},{0,0,0,0,0,0,0,0,0},{0,0,0,0,0,0,0,0,0}}
]
17:37:11.066 [main] INFO  sudoku.model.SudokuBoard - Wartość 0 wstawiona nieprawidłowo
17:37:11.066 [main] INFO  sudoku.model.SudokuBoard - Bład w kwadracie 0
sudoku.model.SudokuBoard@4ce267cc[
  size=9
  solver=sudoku.model.BacktrackingSudokuSolver@2eebce87
  board={{5,6,2,3,4,1,9,7,8},{4,9,1,8,2,7,3,5,6},{7,3,8,5,6,9,1,2,4},{3,5,7,9,1,4,6,8,2},{6,4,9,7,8,2,5,3,0},{0,0,0,0,0,0,0,0,0},{0,0,0,0,0,0,0,0,0},{0,0,0,0,0,0,0,0,0},{0,0,0,0,0,0,0,0,0}}
]
17:37:11.066 [main] INFO  sudoku.model.SudokuBoard - Wartość 0 wstawiona nieprawidłowo
17:37:11.066 [main] INFO  sudoku.model.SudokuBoard - Bład w kwadracie 0
sudoku.model.SudokuBoard@4ce267cc[
  size=9
  solver=sudoku.model.BacktrackingSudokuSolver@2eebce87
  board={{5,6,2,3,4,1,9,7,8},{4,9,1,8,2,7,3,5,6},{7,3,8,5,6,9,1,2,4},{3,5,7,9,1,4,6,8,2},{6,4,9,7,8,2,5,0,0},{0,0,0,0,0,0,0,0,0},{0,0,0,0,0,0,0,0,0},{0,0,0,0,0,0,0,0,0},{0,0,0,0,0,0,0,0,0}}
]
17:37:11.066 [main] INFO  sudoku.model.SudokuBoard - Wartość 0 wstawiona nieprawidłowo
17:37:11.066 [main] INFO  sudoku.model.SudokuBoard - Bład w kwadracie 0
sudoku.model.SudokuBoard@4ce267cc[
  size=9
  solver=sudoku.model.BacktrackingSudokuSolver@2eebce87
  board={{5,6,2,3,4,1,9,7,8},{4,9,1,8,2,7,3,5,6},{7,3,8,5,6,9,1,2,4},{3,5,7,9,1,4,6,8,2},{6,4,9,7,8,2,5,1,3},{8,0,0,0,0,0,0,0,0},{0,0,0,0,0,0,0,0,0},{0,0,0,0,0,0,0,0,0},{0,0,0,0,0,0,0,0,0}}
]
17:37:11.067 [main] INFO  sudoku.model.SudokuBoard - Wartość 0 wstawiona nieprawidłowo
17:37:11.071 [main] INFO  sudoku.model.SudokuBoard - Bład w kwadracie 0
sudoku.model.SudokuBoard@4ce267cc[
  size=9
  solver=sudoku.model.BacktrackingSudokuSolver@2eebce87
  board={{5,6,2,3,4,1,9,7,8},{4,9,1,8,2,7,3,5,6},{7,3,8,5,6,9,1,2,4},{3,5,7,9,1,4,6,8,2},{6,4,9,7,8,2,5,1,3},{8,0,0,0,0,0,0,0,0},{0,0,0,0,0,0,0,0,0},{0,0,0,0,0,0,0,0,0},{0,0,0,0,0,0,0,0,0}}
]
17:37:11.071 [main] INFO  sudoku.model.SudokuBoard - Wartość 0 wstawiona nieprawidłowo
17:37:11.071 [main] INFO  sudoku.model.SudokuBoard - Bład w kwadracie 0
sudoku.model.SudokuBoard@4ce267cc[
  size=9
  solver=sudoku.model.BacktrackingSudokuSolver@2eebce87
  board={{5,6,2,3,4,1,9,7,8},{4,9,1,8,2,7,3,5,6},{7,3,8,5,6,9,1,2,4},{3,5,7,9,1,4,6,8,2},{6,4,9,7,8,2,5,1,3},{0,0,0,0,0,0,0,0,0},{0,0,0,0,0,0,0,0,0},{0,0,0,0,0,0,0,0,0},{0,0,0,0,0,0,0,0,0}}
]
17:37:11.071 [main] INFO  sudoku.model.SudokuBoard - Wartość 0 wstawiona nieprawidłowo
17:37:11.071 [main] INFO  sudoku.model.SudokuBoard - Bład w kwadracie 0
sudoku.model.SudokuBoard@4ce267cc[
  size=9
  solver=sudoku.model.BacktrackingSudokuSolver@2eebce87
  board={{5,6,2,3,4,1,9,7,8},{4,9,1,8,2,7,3,5,6},{7,3,8,5,6,9,1,2,4},{3,5,7,9,1,4,6,8,2},{6,4,9,7,8,2,5,1,3},{1,0,0,0,0,0,0,0,0},{0,0,0,0,0,0,0,0,0},{0,0,0,0,0,0,0,0,0},{0,0,0,0,0,0,0,0,0}}
]
17:37:11.071 [main] INFO  sudoku.model.SudokuBoard - Wartość 0 wstawiona nieprawidłowo
17:37:11.071 [main] INFO  sudoku.model.SudokuBoard - Bład w kwadracie 0
sudoku.model.SudokuBoard@4ce267cc[
  size=9
  solver=sudoku.model.BacktrackingSudokuSolver@2eebce87
  board={{5,6,2,3,4,1,9,7,8},{4,9,1,8,2,7,3,5,6},{7,3,8,5,6,9,1,2,4},{3,5,7,9,1,4,6,8,2},{6,4,9,7,8,2,5,1,3},{1,0,0,0,0,0,0,0,0},{0,0,0,0,0,0,0,0,0},{0,0,0,0,0,0,0,0,0},{0,0,0,0,0,0,0,0,0}}
]
17:37:11.071 [main] INFO  sudoku.model.SudokuBoard - Wartość 0 wstawiona nieprawidłowo
17:37:11.071 [main] INFO  sudoku.model.SudokuBoard - Bład w kwadracie 0
sudoku.model.SudokuBoard@4ce267cc[
  size=9
  solver=sudoku.model.BacktrackingSudokuSolver@2eebce87
  board={{5,6,2,3,4,1,9,7,8},{4,9,1,8,2,7,3,5,6},{7,3,8,5,6,9,1,2,4},{3,5,7,9,1,4,6,8,2},{6,4,9,7,8,2,5,1,3},{0,0,0,0,0,0,0,0,0},{0,0,0,0,0,0,0,0,0},{0,0,0,0,0,0,0,0,0},{0,0,0,0,0,0,0,0,0}}
]
17:37:11.072 [main] INFO  sudoku.model.SudokuBoard - Wartość 0 wstawiona nieprawidłowo
17:37:11.072 [main] INFO  sudoku.model.SudokuBoard - Bład w kwadracie 0
sudoku.model.SudokuBoard@4ce267cc[
  size=9
  solver=sudoku.model.BacktrackingSudokuSolver@2eebce87
  board={{5,6,2,3,4,1,9,7,8},{4,9,1,8,2,7,3,5,6},{7,3,8,5,6,9,1,2,4},{3,5,7,9,1,4,6,8,2},{6,4,9,7,8,2,5,1,3},{2,0,0,0,0,0,0,0,0},{0,0,0,0,0,0,0,0,0},{0,0,0,0,0,0,0,0,0},{0,0,0,0,0,0,0,0,0}}
]
17:37:11.072 [main] INFO  sudoku.model.SudokuBoard - Wartość 0 wstawiona nieprawidłowo
17:37:11.072 [main] INFO  sudoku.model.SudokuBoard - Bład w kwadracie 0
sudoku.model.SudokuBoard@4ce267cc[
  size=9
  solver=sudoku.model.BacktrackingSudokuSolver@2eebce87
  board={{5,6,2,3,4,1,9,7,8},{4,9,1,8,2,7,3,5,6},{7,3,8,5,6,9,1,2,4},{3,5,7,9,1,4,6,8,2},{6,4,9,7,8,2,5,1,3},{2,0,0,0,0,0,0,0,0},{0,0,0,0,0,0,0,0,0},{0,0,0,0,0,0,0,0,0},{0,0,0,0,0,0,0,0,0}}
]
17:37:11.072 [main] INFO  sudoku.model.SudokuBoard - Wartość 0 wstawiona nieprawidłowo
17:37:11.072 [main] INFO  sudoku.model.SudokuBoard - Bład w kwadracie 0
sudoku.model.SudokuBoard@4ce267cc[
  size=9
  solver=sudoku.model.BacktrackingSudokuSolver@2eebce87
  board={{5,6,2,3,4,1,9,7,8},{4,9,1,8,2,7,3,5,6},{7,3,8,5,6,9,1,2,4},{3,5,7,9,1,4,6,8,2},{6,4,9,7,8,2,5,1,3},{0,0,0,0,0,0,0,0,0},{0,0,0,0,0,0,0,0,0},{0,0,0,0,0,0,0,0,0},{0,0,0,0,0,0,0,0,0}}
]
17:37:11.072 [main] INFO  sudoku.model.SudokuBoard - Wartość 0 wstawiona nieprawidłowo
17:37:11.072 [main] INFO  sudoku.model.SudokuBoard - Bład w kwadracie 0
sudoku.model.SudokuBoard@4ce267cc[
  size=9
  solver=sudoku.model.BacktrackingSudokuSolver@2eebce87
  board={{5,6,2,3,4,1,9,7,8},{4,9,1,8,2,7,3,5,6},{7,3,8,5,6,9,1,2,4},{3,5,7,9,1,4,6,8,2},{6,4,9,7,8,2,5,1,0},{0,0,0,0,0,0,0,0,0},{0,0,0,0,0,0,0,0,0},{0,0,0,0,0,0,0,0,0},{0,0,0,0,0,0,0,0,0}}
]
17:37:11.072 [main] INFO  sudoku.model.SudokuBoard - Wartość 0 wstawiona nieprawidłowo
17:37:11.072 [main] INFO  sudoku.model.SudokuBoard - Bład w kwadracie 0
sudoku.model.SudokuBoard@4ce267cc[
  size=9
  solver=sudoku.model.BacktrackingSudokuSolver@2eebce87
  board={{5,6,2,3,4,1,9,7,8},{4,9,1,8,2,7,3,5,6},{7,3,8,5,6,9,1,2,4},{3,5,7,9,1,4,6,8,2},{6,4,9,7,8,2,5,0,0},{0,0,0,0,0,0,0,0,0},{0,0,0,0,0,0,0,0,0},{0,0,0,0,0,0,0,0,0},{0,0,0,0,0,0,0,0,0}}
]
17:37:11.072 [main] INFO  sudoku.model.SudokuBoard - Wartość 0 wstawiona nieprawidłowo
17:37:11.072 [main] INFO  sudoku.model.SudokuBoard - Bład w kwadracie 0
sudoku.model.SudokuBoard@4ce267cc[
  size=9
  solver=sudoku.model.BacktrackingSudokuSolver@2eebce87
  board={{5,6,2,3,4,1,9,7,8},{4,9,1,8,2,7,3,5,6},{7,3,8,5,6,9,1,2,4},{3,5,7,9,1,4,6,8,2},{6,4,9,7,8,2,0,0,0},{0,0,0,0,0,0,0,0,0},{0,0,0,0,0,0,0,0,0},{0,0,0,0,0,0,0,0,0},{0,0,0,0,0,0,0,0,0}}
]
17:37:11.072 [main] INFO  sudoku.model.SudokuBoard - Wartość 0 wstawiona nieprawidłowo
17:37:11.072 [main] INFO  sudoku.model.SudokuBoard - Bład w kwadracie 0
sudoku.model.SudokuBoard@4ce267cc[
  size=9
  solver=sudoku.model.BacktrackingSudokuSolver@2eebce87
  board={{5,6,2,3,4,1,9,7,8},{4,9,1,8,2,7,3,5,6},{7,3,8,5,6,9,1,2,4},{3,5,7,9,1,4,6,8,2},{6,4,9,7,8,0,0,0,0},{0,0,0,0,0,0,0,0,0},{0,0,0,0,0,0,0,0,0},{0,0,0,0,0,0,0,0,0},{0,0,0,0,0,0,0,0,0}}
]
17:37:11.072 [main] INFO  sudoku.model.SudokuBoard - Wartość 0 wstawiona nieprawidłowo
17:37:11.072 [main] INFO  sudoku.model.SudokuBoard - Bład w kwadracie 0
sudoku.model.SudokuBoard@4ce267cc[
  size=9
  solver=sudoku.model.BacktrackingSudokuSolver@2eebce87
  board={{5,6,2,3,4,1,9,7,8},{4,9,1,8,2,7,3,5,6},{7,3,8,5,6,9,1,2,4},{3,5,7,9,1,4,6,8,2},{6,4,9,7,8,3,5,0,0},{0,0,0,0,0,0,0,0,0},{0,0,0,0,0,0,0,0,0},{0,0,0,0,0,0,0,0,0},{0,0,0,0,0,0,0,0,0}}
]
17:37:11.073 [main] INFO  sudoku.model.SudokuBoard - Wartość 0 wstawiona nieprawidłowo
17:37:11.073 [main] INFO  sudoku.model.SudokuBoard - Bład w kwadracie 0
sudoku.model.SudokuBoard@4ce267cc[
  size=9
  solver=sudoku.model.BacktrackingSudokuSolver@2eebce87
  board={{5,6,2,3,4,1,9,7,8},{4,9,1,8,2,7,3,5,6},{7,3,8,5,6,9,1,2,4},{3,5,7,9,1,4,6,8,2},{6,4,9,7,8,3,0,0,0},{0,0,0,0,0,0,0,0,0},{0,0,0,0,0,0,0,0,0},{0,0,0,0,0,0,0,0,0},{0,0,0,0,0,0,0,0,0}}
]
17:37:11.073 [main] INFO  sudoku.model.SudokuBoard - Wartość 0 wstawiona nieprawidłowo
17:37:11.073 [main] INFO  sudoku.model.SudokuBoard - Bład w kwadracie 0
sudoku.model.SudokuBoard@4ce267cc[
  size=9
  solver=sudoku.model.BacktrackingSudokuSolver@2eebce87
  board={{5,6,2,3,4,1,9,7,8},{4,9,1,8,2,7,3,5,6},{7,3,8,5,6,9,1,2,4},{3,5,7,9,1,4,6,8,2},{6,4,9,7,8,0,0,0,0},{0,0,0,0,0,0,0,0,0},{0,0,0,0,0,0,0,0,0},{0,0,0,0,0,0,0,0,0},{0,0,0,0,0,0,0,0,0}}
]
17:37:11.073 [main] INFO  sudoku.model.SudokuBoard - Wartość 0 wstawiona nieprawidłowo
17:37:11.073 [main] INFO  sudoku.model.SudokuBoard - Bład w kwadracie 0
sudoku.model.SudokuBoard@4ce267cc[
  size=9
  solver=sudoku.model.BacktrackingSudokuSolver@2eebce87
  board={{5,6,2,3,4,1,9,7,8},{4,9,1,8,2,7,3,5,6},{7,3,8,5,6,9,1,2,4},{3,5,7,9,1,4,6,8,2},{6,4,9,7,8,0,0,0,0},{0,0,0,0,0,0,0,0,0},{0,0,0,0,0,0,0,0,0},{0,0,0,0,0,0,0,0,0},{0,0,0,0,0,0,0,0,0}}
]
17:37:11.074 [main] INFO  sudoku.model.SudokuBoard - Wartość 0 wstawiona nieprawidłowo
17:37:11.074 [main] INFO  sudoku.model.SudokuBoard - Bład w kwadracie 0
sudoku.model.SudokuBoard@4ce267cc[
  size=9
  solver=sudoku.model.BacktrackingSudokuSolver@2eebce87
  board={{5,6,2,3,4,1,9,7,8},{4,9,1,8,2,7,3,5,6},{7,3,8,5,6,9,1,2,4},{3,5,7,9,1,4,6,8,2},{6,4,9,7,0,0,0,0,0},{0,0,0,0,0,0,0,0,0},{0,0,0,0,0,0,0,0,0},{0,0,0,0,0,0,0,0,0},{0,0,0,0,0,0,0,0,0}}
]
17:37:11.074 [main] INFO  sudoku.model.SudokuBoard - Wartość 0 wstawiona nieprawidłowo
17:37:11.074 [main] INFO  sudoku.model.SudokuBoard - Bład w kwadracie 0
sudoku.model.SudokuBoard@4ce267cc[
  size=9
  solver=sudoku.model.BacktrackingSudokuSolver@2eebce87
  board={{5,6,2,3,4,1,9,7,8},{4,9,1,8,2,7,3,5,6},{7,3,8,5,6,9,1,2,4},{3,5,7,9,1,4,6,8,2},{6,4,9,7,3,0,0,0,0},{0,0,0,0,0,0,0,0,0},{0,0,0,0,0,0,0,0,0},{0,0,0,0,0,0,0,0,0},{0,0,0,0,0,0,0,0,0}}
]
17:37:11.074 [main] INFO  sudoku.model.SudokuBoard - Wartość 0 wstawiona nieprawidłowo
17:37:11.074 [main] INFO  sudoku.model.SudokuBoard - Bład w kwadracie 0
sudoku.model.SudokuBoard@4ce267cc[
  size=9
  solver=sudoku.model.BacktrackingSudokuSolver@2eebce87
  board={{5,6,2,3,4,1,9,7,8},{4,9,1,8,2,7,3,5,6},{7,3,8,5,6,9,1,2,4},{3,5,7,9,1,4,6,8,2},{6,4,9,7,3,8,5,0,0},{0,0,0,0,0,0,0,0,0},{0,0,0,0,0,0,0,0,0},{0,0,0,0,0,0,0,0,0},{0,0,0,0,0,0,0,0,0}}
]
17:37:11.074 [main] INFO  sudoku.model.SudokuBoard - Wartość 0 wstawiona nieprawidłowo
17:37:11.074 [main] INFO  sudoku.model.SudokuBoard - Bład w kwadracie 0
sudoku.model.SudokuBoard@4ce267cc[
  size=9
  solver=sudoku.model.BacktrackingSudokuSolver@2eebce87
  board={{5,6,2,3,4,1,9,7,8},{4,9,1,8,2,7,3,5,6},{7,3,8,5,6,9,1,2,4},{3,5,7,9,1,4,6,8,2},{6,4,9,7,3,8,0,0,0},{0,0,0,0,0,0,0,0,0},{0,0,0,0,0,0,0,0,0},{0,0,0,0,0,0,0,0,0},{0,0,0,0,0,0,0,0,0}}
]
17:37:11.074 [main] INFO  sudoku.model.SudokuBoard - Wartość 0 wstawiona nieprawidłowo
17:37:11.074 [main] INFO  sudoku.model.SudokuBoard - Bład w kwadracie 0
sudoku.model.SudokuBoard@4ce267cc[
  size=9
  solver=sudoku.model.BacktrackingSudokuSolver@2eebce87
  board={{5,6,2,3,4,1,9,7,8},{4,9,1,8,2,7,3,5,6},{7,3,8,5,6,9,1,2,4},{3,5,7,9,1,4,6,8,2},{6,4,9,7,3,0,0,0,0},{0,0,0,0,0,0,0,0,0},{0,0,0,0,0,0,0,0,0},{0,0,0,0,0,0,0,0,0},{0,0,0,0,0,0,0,0,0}}
]
17:37:11.074 [main] INFO  sudoku.model.SudokuBoard - Wartość 0 wstawiona nieprawidłowo
17:37:11.074 [main] INFO  sudoku.model.SudokuBoard - Bład w kwadracie 0
sudoku.model.SudokuBoard@4ce267cc[
  size=9
  solver=sudoku.model.BacktrackingSudokuSolver@2eebce87
  board={{5,6,2,3,4,1,9,7,8},{4,9,1,8,2,7,3,5,6},{7,3,8,5,6,9,1,2,4},{3,5,7,9,1,4,6,8,2},{6,4,9,7,3,2,5,0,0},{0,0,0,0,0,0,0,0,0},{0,0,0,0,0,0,0,0,0},{0,0,0,0,0,0,0,0,0},{0,0,0,0,0,0,0,0,0}}
]
17:37:11.074 [main] INFO  sudoku.model.SudokuBoard - Wartość 0 wstawiona nieprawidłowo
17:37:11.074 [main] INFO  sudoku.model.SudokuBoard - Bład w kwadracie 0
sudoku.model.SudokuBoard@4ce267cc[
  size=9
  solver=sudoku.model.BacktrackingSudokuSolver@2eebce87
  board={{5,6,2,3,4,1,9,7,8},{4,9,1,8,2,7,3,5,6},{7,3,8,5,6,9,1,2,4},{3,5,7,9,1,4,6,8,2},{6,4,9,7,3,2,0,0,0},{0,0,0,0,0,0,0,0,0},{0,0,0,0,0,0,0,0,0},{0,0,0,0,0,0,0,0,0},{0,0,0,0,0,0,0,0,0}}
]
17:37:11.074 [main] INFO  sudoku.model.SudokuBoard - Wartość 0 wstawiona nieprawidłowo
17:37:11.075 [main] INFO  sudoku.model.SudokuBoard - Bład w kwadracie 0
sudoku.model.SudokuBoard@4ce267cc[
  size=9
  solver=sudoku.model.BacktrackingSudokuSolver@2eebce87
  board={{5,6,2,3,4,1,9,7,8},{4,9,1,8,2,7,3,5,6},{7,3,8,5,6,9,1,2,4},{3,5,7,9,1,4,6,8,2},{6,4,9,7,3,0,0,0,0},{0,0,0,0,0,0,0,0,0},{0,0,0,0,0,0,0,0,0},{0,0,0,0,0,0,0,0,0},{0,0,0,0,0,0,0,0,0}}
]
17:37:11.075 [main] INFO  sudoku.model.SudokuBoard - Wartość 0 wstawiona nieprawidłowo
17:37:11.075 [main] INFO  sudoku.model.SudokuBoard - Bład w kwadracie 0
sudoku.model.SudokuBoard@4ce267cc[
  size=9
  solver=sudoku.model.BacktrackingSudokuSolver@2eebce87
  board={{5,6,2,3,4,1,9,7,8},{4,9,1,8,2,7,3,5,6},{7,3,8,5,6,9,1,2,4},{3,5,7,9,1,4,6,8,2},{6,4,9,7,0,0,0,0,0},{0,0,0,0,0,0,0,0,0},{0,0,0,0,0,0,0,0,0},{0,0,0,0,0,0,0,0,0},{0,0,0,0,0,0,0,0,0}}
]
17:37:11.075 [main] INFO  sudoku.model.SudokuBoard - Wartość 0 wstawiona nieprawidłowo
17:37:11.075 [main] INFO  sudoku.model.SudokuBoard - Bład w kwadracie 0
sudoku.model.SudokuBoard@4ce267cc[
  size=9
  solver=sudoku.model.BacktrackingSudokuSolver@2eebce87
  board={{5,6,2,3,4,1,9,7,8},{4,9,1,8,2,7,3,5,6},{7,3,8,5,6,9,1,2,4},{3,5,7,9,1,4,6,8,2},{6,4,9,7,5,0,0,0,0},{0,0,0,0,0,0,0,0,0},{0,0,0,0,0,0,0,0,0},{0,0,0,0,0,0,0,0,0},{0,0,0,0,0,0,0,0,0}}
]
17:37:11.077 [main] INFO  sudoku.model.SudokuBoard - Wartość 0 wstawiona nieprawidłowo
17:37:11.077 [main] INFO  sudoku.model.SudokuBoard - Bład w kwadracie 0
sudoku.model.SudokuBoard@4ce267cc[
  size=9
  solver=sudoku.model.BacktrackingSudokuSolver@2eebce87
  board={{5,6,2,3,4,1,9,7,8},{4,9,1,8,2,7,3,5,6},{7,3,8,5,6,9,1,2,4},{3,5,7,9,1,4,6,8,2},{6,4,9,7,5,0,0,0,0},{0,0,0,0,0,0,0,0,0},{0,0,0,0,0,0,0,0,0},{0,0,0,0,0,0,0,0,0},{0,0,0,0,0,0,0,0,0}}
]
17:37:11.077 [main] INFO  sudoku.model.SudokuBoard - Wartość 0 wstawiona nieprawidłowo
17:37:11.077 [main] INFO  sudoku.model.SudokuBoard - Bład w kwadracie 0
sudoku.model.SudokuBoard@4ce267cc[
  size=9
  solver=sudoku.model.BacktrackingSudokuSolver@2eebce87
  board={{5,6,2,3,4,1,9,7,8},{4,9,1,8,2,7,3,5,6},{7,3,8,5,6,9,1,2,4},{3,5,7,9,1,4,6,8,2},{6,4,9,7,5,0,0,0,0},{0,0,0,0,0,0,0,0,0},{0,0,0,0,0,0,0,0,0},{0,0,0,0,0,0,0,0,0},{0,0,0,0,0,0,0,0,0}}
]
17:37:11.077 [main] INFO  sudoku.model.SudokuBoard - Wartość 0 wstawiona nieprawidłowo
17:37:11.077 [main] INFO  sudoku.model.SudokuBoard - Bład w kwadracie 0
sudoku.model.SudokuBoard@4ce267cc[
  size=9
  solver=sudoku.model.BacktrackingSudokuSolver@2eebce87
  board={{5,6,2,3,4,1,9,7,8},{4,9,1,8,2,7,3,5,6},{7,3,8,5,6,9,1,2,4},{3,5,7,9,1,4,6,8,2},{6,4,9,7,0,0,0,0,0},{0,0,0,0,0,0,0,0,0},{0,0,0,0,0,0,0,0,0},{0,0,0,0,0,0,0,0,0},{0,0,0,0,0,0,0,0,0}}
]
17:37:11.077 [main] INFO  sudoku.model.SudokuBoard - Wartość 0 wstawiona nieprawidłowo
17:37:11.078 [main] INFO  sudoku.model.SudokuBoard - Bład w kwadracie 0
sudoku.model.SudokuBoard@4ce267cc[
  size=9
  solver=sudoku.model.BacktrackingSudokuSolver@2eebce87
  board={{5,6,2,3,4,1,9,7,8},{4,9,1,8,2,7,3,5,6},{7,3,8,5,6,9,1,2,4},{3,5,7,9,1,4,6,8,2},{6,4,9,0,0,0,0,0,0},{0,0,0,0,0,0,0,0,0},{0,0,0,0,0,0,0,0,0},{0,0,0,0,0,0,0,0,0},{0,0,0,0,0,0,0,0,0}}
]
17:37:11.078 [main] INFO  sudoku.model.SudokuBoard - Wartość 0 wstawiona nieprawidłowo
17:37:11.078 [main] INFO  sudoku.model.SudokuBoard - Bład w kwadracie 0
sudoku.model.SudokuBoard@4ce267cc[
  size=9
  solver=sudoku.model.BacktrackingSudokuSolver@2eebce87
  board={{5,6,2,3,4,1,9,7,8},{4,9,1,8,2,7,3,5,6},{7,3,8,5,6,9,1,2,4},{3,5,7,9,1,4,6,8,2},{6,4,9,2,8,3,5,1,7},{8,0,0,0,0,0,0,0,0},{0,0,0,0,0,0,0,0,0},{0,0,0,0,0,0,0,0,0},{0,0,0,0,0,0,0,0,0}}
]
17:37:11.079 [main] INFO  sudoku.model.SudokuBoard - Wartość 0 wstawiona nieprawidłowo
17:37:11.080 [main] INFO  sudoku.model.SudokuBoard - Bład w kwadracie 0
sudoku.model.SudokuBoard@4ce267cc[
  size=9
  solver=sudoku.model.BacktrackingSudokuSolver@2eebce87
  board={{5,6,2,3,4,1,9,7,8},{4,9,1,8,2,7,3,5,6},{7,3,8,5,6,9,1,2,4},{3,5,7,9,1,4,6,8,2},{6,4,9,2,8,3,5,1,7},{8,0,0,0,0,0,0,0,0},{0,0,0,0,0,0,0,0,0},{0,0,0,0,0,0,0,0,0},{0,0,0,0,0,0,0,0,0}}
]
17:37:11.080 [main] INFO  sudoku.model.SudokuBoard - Wartość 0 wstawiona nieprawidłowo
17:37:11.080 [main] INFO  sudoku.model.SudokuBoard - Bład w kwadracie 0
sudoku.model.SudokuBoard@4ce267cc[
  size=9
  solver=sudoku.model.BacktrackingSudokuSolver@2eebce87
  board={{5,6,2,3,4,1,9,7,8},{4,9,1,8,2,7,3,5,6},{7,3,8,5,6,9,1,2,4},{3,5,7,9,1,4,6,8,2},{6,4,9,2,8,3,5,1,7},{0,0,0,0,0,0,0,0,0},{0,0,0,0,0,0,0,0,0},{0,0,0,0,0,0,0,0,0},{0,0,0,0,0,0,0,0,0}}
]
17:37:11.080 [main] INFO  sudoku.model.SudokuBoard - Wartość 0 wstawiona nieprawidłowo
17:37:11.087 [main] INFO  sudoku.model.SudokuBoard - Bład w kwadracie 0
sudoku.model.SudokuBoard@4ce267cc[
  size=9
  solver=sudoku.model.BacktrackingSudokuSolver@2eebce87
  board={{5,6,2,3,4,1,9,7,8},{4,9,1,8,2,7,3,5,6},{7,3,8,5,6,9,1,2,4},{3,5,7,9,1,4,6,8,2},{6,4,9,2,8,3,5,1,7},{1,0,0,0,0,0,0,0,0},{0,0,0,0,0,0,0,0,0},{0,0,0,0,0,0,0,0,0},{0,0,0,0,0,0,0,0,0}}
]
17:37:11.087 [main] INFO  sudoku.model.SudokuBoard - Wartość 0 wstawiona nieprawidłowo
17:37:11.087 [main] INFO  sudoku.model.SudokuBoard - Bład w kwadracie 0
sudoku.model.SudokuBoard@4ce267cc[
  size=9
  solver=sudoku.model.BacktrackingSudokuSolver@2eebce87
  board={{5,6,2,3,4,1,9,7,8},{4,9,1,8,2,7,3,5,6},{7,3,8,5,6,9,1,2,4},{3,5,7,9,1,4,6,8,2},{6,4,9,2,8,3,5,1,7},{1,0,0,0,0,0,0,0,0},{0,0,0,0,0,0,0,0,0},{0,0,0,0,0,0,0,0,0},{0,0,0,0,0,0,0,0,0}}
]
17:37:11.087 [main] INFO  sudoku.model.SudokuBoard - Wartość 0 wstawiona nieprawidłowo
17:37:11.087 [main] INFO  sudoku.model.SudokuBoard - Bład w kwadracie 0
sudoku.model.SudokuBoard@4ce267cc[
  size=9
  solver=sudoku.model.BacktrackingSudokuSolver@2eebce87
  board={{5,6,2,3,4,1,9,7,8},{4,9,1,8,2,7,3,5,6},{7,3,8,5,6,9,1,2,4},{3,5,7,9,1,4,6,8,2},{6,4,9,2,8,3,5,1,7},{0,0,0,0,0,0,0,0,0},{0,0,0,0,0,0,0,0,0},{0,0,0,0,0,0,0,0,0},{0,0,0,0,0,0,0,0,0}}
]
17:37:11.087 [main] INFO  sudoku.model.SudokuBoard - Wartość 0 wstawiona nieprawidłowo
17:37:11.087 [main] INFO  sudoku.model.SudokuBoard - Bład w kwadracie 0
sudoku.model.SudokuBoard@4ce267cc[
  size=9
  solver=sudoku.model.BacktrackingSudokuSolver@2eebce87
  board={{5,6,2,3,4,1,9,7,8},{4,9,1,8,2,7,3,5,6},{7,3,8,5,6,9,1,2,4},{3,5,7,9,1,4,6,8,2},{6,4,9,2,8,3,5,1,7},{2,0,0,0,0,0,0,0,0},{0,0,0,0,0,0,0,0,0},{0,0,0,0,0,0,0,0,0},{0,0,0,0,0,0,0,0,0}}
]
17:37:11.087 [main] INFO  sudoku.model.SudokuBoard - Wartość 0 wstawiona nieprawidłowo
17:37:11.087 [main] INFO  sudoku.model.SudokuBoard - Bład w kwadracie 0
sudoku.model.SudokuBoard@4ce267cc[
  size=9
  solver=sudoku.model.BacktrackingSudokuSolver@2eebce87
  board={{5,6,2,3,4,1,9,7,8},{4,9,1,8,2,7,3,5,6},{7,3,8,5,6,9,1,2,4},{3,5,7,9,1,4,6,8,2},{6,4,9,2,8,3,5,1,7},{2,0,0,0,0,0,0,0,0},{0,0,0,0,0,0,0,0,0},{0,0,0,0,0,0,0,0,0},{0,0,0,0,0,0,0,0,0}}
]
17:37:11.087 [main] INFO  sudoku.model.SudokuBoard - Wartość 0 wstawiona nieprawidłowo
17:37:11.088 [main] INFO  sudoku.model.SudokuBoard - Bład w kwadracie 0
sudoku.model.SudokuBoard@4ce267cc[
  size=9
  solver=sudoku.model.BacktrackingSudokuSolver@2eebce87
  board={{5,6,2,3,4,1,9,7,8},{4,9,1,8,2,7,3,5,6},{7,3,8,5,6,9,1,2,4},{3,5,7,9,1,4,6,8,2},{6,4,9,2,8,3,5,1,7},{0,0,0,0,0,0,0,0,0},{0,0,0,0,0,0,0,0,0},{0,0,0,0,0,0,0,0,0},{0,0,0,0,0,0,0,0,0}}
]
17:37:11.089 [main] INFO  sudoku.model.SudokuBoard - Wartość 0 wstawiona nieprawidłowo
17:37:11.089 [main] INFO  sudoku.model.SudokuBoard - Bład w kwadracie 0
sudoku.model.SudokuBoard@4ce267cc[
  size=9
  solver=sudoku.model.BacktrackingSudokuSolver@2eebce87
  board={{5,6,2,3,4,1,9,7,8},{4,9,1,8,2,7,3,5,6},{7,3,8,5,6,9,1,2,4},{3,5,7,9,1,4,6,8,2},{6,4,9,2,8,3,5,1,0},{0,0,0,0,0,0,0,0,0},{0,0,0,0,0,0,0,0,0},{0,0,0,0,0,0,0,0,0},{0,0,0,0,0,0,0,0,0}}
]
17:37:11.089 [main] INFO  sudoku.model.SudokuBoard - Wartość 0 wstawiona nieprawidłowo
17:37:11.089 [main] INFO  sudoku.model.SudokuBoard - Bład w kwadracie 0
sudoku.model.SudokuBoard@4ce267cc[
  size=9
  solver=sudoku.model.BacktrackingSudokuSolver@2eebce87
  board={{5,6,2,3,4,1,9,7,8},{4,9,1,8,2,7,3,5,6},{7,3,8,5,6,9,1,2,4},{3,5,7,9,1,4,6,8,2},{6,4,9,2,8,3,5,0,0},{0,0,0,0,0,0,0,0,0},{0,0,0,0,0,0,0,0,0},{0,0,0,0,0,0,0,0,0},{0,0,0,0,0,0,0,0,0}}
]
17:37:11.089 [main] INFO  sudoku.model.SudokuBoard - Wartość 0 wstawiona nieprawidłowo
17:37:11.089 [main] INFO  sudoku.model.SudokuBoard - Bład w kwadracie 0
sudoku.model.SudokuBoard@4ce267cc[
  size=9
  solver=sudoku.model.BacktrackingSudokuSolver@2eebce87
  board={{5,6,2,3,4,1,9,7,8},{4,9,1,8,2,7,3,5,6},{7,3,8,5,6,9,1,2,4},{3,5,7,9,1,4,6,8,2},{6,4,9,2,8,3,0,0,0},{0,0,0,0,0,0,0,0,0},{0,0,0,0,0,0,0,0,0},{0,0,0,0,0,0,0,0,0},{0,0,0,0,0,0,0,0,0}}
]
17:37:11.089 [main] INFO  sudoku.model.SudokuBoard - Wartość 0 wstawiona nieprawidłowo
17:37:11.089 [main] INFO  sudoku.model.SudokuBoard - Bład w kwadracie 0
sudoku.model.SudokuBoard@4ce267cc[
  size=9
  solver=sudoku.model.BacktrackingSudokuSolver@2eebce87
  board={{5,6,2,3,4,1,9,7,8},{4,9,1,8,2,7,3,5,6},{7,3,8,5,6,9,1,2,4},{3,5,7,9,1,4,6,8,2},{6,4,9,2,8,3,7,1,5},{1,0,0,0,0,0,0,0,0},{0,0,0,0,0,0,0,0,0},{0,0,0,0,0,0,0,0,0},{0,0,0,0,0,0,0,0,0}}
]
17:37:11.089 [main] INFO  sudoku.model.SudokuBoard - Wartość 0 wstawiona nieprawidłowo
17:37:11.089 [main] INFO  sudoku.model.SudokuBoard - Bład w kwadracie 0
sudoku.model.SudokuBoard@4ce267cc[
  size=9
  solver=sudoku.model.BacktrackingSudokuSolver@2eebce87
  board={{5,6,2,3,4,1,9,7,8},{4,9,1,8,2,7,3,5,6},{7,3,8,5,6,9,1,2,4},{3,5,7,9,1,4,6,8,2},{6,4,9,2,8,3,7,1,5},{1,0,0,0,0,0,0,0,0},{0,0,0,0,0,0,0,0,0},{0,0,0,0,0,0,0,0,0},{0,0,0,0,0,0,0,0,0}}
]
17:37:11.089 [main] INFO  sudoku.model.SudokuBoard - Wartość 0 wstawiona nieprawidłowo
17:37:11.090 [main] INFO  sudoku.model.SudokuBoard - Bład w kwadracie 0
sudoku.model.SudokuBoard@4ce267cc[
  size=9
  solver=sudoku.model.BacktrackingSudokuSolver@2eebce87
  board={{5,6,2,3,4,1,9,7,8},{4,9,1,8,2,7,3,5,6},{7,3,8,5,6,9,1,2,4},{3,5,7,9,1,4,6,8,2},{6,4,9,2,8,3,7,1,5},{0,0,0,0,0,0,0,0,0},{0,0,0,0,0,0,0,0,0},{0,0,0,0,0,0,0,0,0},{0,0,0,0,0,0,0,0,0}}
]
17:37:11.090 [main] INFO  sudoku.model.SudokuBoard - Wartość 0 wstawiona nieprawidłowo
17:37:11.090 [main] INFO  sudoku.model.SudokuBoard - Bład w kwadracie 0
sudoku.model.SudokuBoard@4ce267cc[
  size=9
  solver=sudoku.model.BacktrackingSudokuSolver@2eebce87
  board={{5,6,2,3,4,1,9,7,8},{4,9,1,8,2,7,3,5,6},{7,3,8,5,6,9,1,2,4},{3,5,7,9,1,4,6,8,2},{6,4,9,2,8,3,7,1,5},{2,0,0,0,0,0,0,0,0},{0,0,0,0,0,0,0,0,0},{0,0,0,0,0,0,0,0,0},{0,0,0,0,0,0,0,0,0}}
]
17:37:11.090 [main] INFO  sudoku.model.SudokuBoard - Wartość 0 wstawiona nieprawidłowo
17:37:11.091 [main] INFO  sudoku.model.SudokuBoard - Bład w kwadracie 0
sudoku.model.SudokuBoard@4ce267cc[
  size=9
  solver=sudoku.model.BacktrackingSudokuSolver@2eebce87
  board={{5,6,2,3,4,1,9,7,8},{4,9,1,8,2,7,3,5,6},{7,3,8,5,6,9,1,2,4},{3,5,7,9,1,4,6,8,2},{6,4,9,2,8,3,7,1,5},{2,0,0,0,0,0,0,0,0},{0,0,0,0,0,0,0,0,0},{0,0,0,0,0,0,0,0,0},{0,0,0,0,0,0,0,0,0}}
]
17:37:11.091 [main] INFO  sudoku.model.SudokuBoard - Wartość 0 wstawiona nieprawidłowo
17:37:11.091 [main] INFO  sudoku.model.SudokuBoard - Bład w kwadracie 0
sudoku.model.SudokuBoard@4ce267cc[
  size=9
  solver=sudoku.model.BacktrackingSudokuSolver@2eebce87
  board={{5,6,2,3,4,1,9,7,8},{4,9,1,8,2,7,3,5,6},{7,3,8,5,6,9,1,2,4},{3,5,7,9,1,4,6,8,2},{6,4,9,2,8,3,7,1,5},{0,0,0,0,0,0,0,0,0},{0,0,0,0,0,0,0,0,0},{0,0,0,0,0,0,0,0,0},{0,0,0,0,0,0,0,0,0}}
]
17:37:11.091 [main] INFO  sudoku.model.SudokuBoard - Wartość 0 wstawiona nieprawidłowo
17:37:11.091 [main] INFO  sudoku.model.SudokuBoard - Bład w kwadracie 0
sudoku.model.SudokuBoard@4ce267cc[
  size=9
  solver=sudoku.model.BacktrackingSudokuSolver@2eebce87
  board={{5,6,2,3,4,1,9,7,8},{4,9,1,8,2,7,3,5,6},{7,3,8,5,6,9,1,2,4},{3,5,7,9,1,4,6,8,2},{6,4,9,2,8,3,7,1,5},{8,0,0,0,0,0,0,0,0},{0,0,0,0,0,0,0,0,0},{0,0,0,0,0,0,0,0,0},{0,0,0,0,0,0,0,0,0}}
]
17:37:11.091 [main] INFO  sudoku.model.SudokuBoard - Wartość 0 wstawiona nieprawidłowo
17:37:11.091 [main] INFO  sudoku.model.SudokuBoard - Bład w kwadracie 0
sudoku.model.SudokuBoard@4ce267cc[
  size=9
  solver=sudoku.model.BacktrackingSudokuSolver@2eebce87
  board={{5,6,2,3,4,1,9,7,8},{4,9,1,8,2,7,3,5,6},{7,3,8,5,6,9,1,2,4},{3,5,7,9,1,4,6,8,2},{6,4,9,2,8,3,7,1,5},{8,0,0,0,0,0,0,0,0},{0,0,0,0,0,0,0,0,0},{0,0,0,0,0,0,0,0,0},{0,0,0,0,0,0,0,0,0}}
]
17:37:11.091 [main] INFO  sudoku.model.SudokuBoard - Wartość 0 wstawiona nieprawidłowo
17:37:11.091 [main] INFO  sudoku.model.SudokuBoard - Bład w kwadracie 0
sudoku.model.SudokuBoard@4ce267cc[
  size=9
  solver=sudoku.model.BacktrackingSudokuSolver@2eebce87
  board={{5,6,2,3,4,1,9,7,8},{4,9,1,8,2,7,3,5,6},{7,3,8,5,6,9,1,2,4},{3,5,7,9,1,4,6,8,2},{6,4,9,2,8,3,7,1,5},{0,0,0,0,0,0,0,0,0},{0,0,0,0,0,0,0,0,0},{0,0,0,0,0,0,0,0,0},{0,0,0,0,0,0,0,0,0}}
]
17:37:11.091 [main] INFO  sudoku.model.SudokuBoard - Wartość 0 wstawiona nieprawidłowo
17:37:11.091 [main] INFO  sudoku.model.SudokuBoard - Bład w kwadracie 0
sudoku.model.SudokuBoard@4ce267cc[
  size=9
  solver=sudoku.model.BacktrackingSudokuSolver@2eebce87
  board={{5,6,2,3,4,1,9,7,8},{4,9,1,8,2,7,3,5,6},{7,3,8,5,6,9,1,2,4},{3,5,7,9,1,4,6,8,2},{6,4,9,2,8,3,7,1,0},{0,0,0,0,0,0,0,0,0},{0,0,0,0,0,0,0,0,0},{0,0,0,0,0,0,0,0,0},{0,0,0,0,0,0,0,0,0}}
]
17:37:11.091 [main] INFO  sudoku.model.SudokuBoard - Wartość 0 wstawiona nieprawidłowo
17:37:11.091 [main] INFO  sudoku.model.SudokuBoard - Bład w kwadracie 0
sudoku.model.SudokuBoard@4ce267cc[
  size=9
  solver=sudoku.model.BacktrackingSudokuSolver@2eebce87
  board={{5,6,2,3,4,1,9,7,8},{4,9,1,8,2,7,3,5,6},{7,3,8,5,6,9,1,2,4},{3,5,7,9,1,4,6,8,2},{6,4,9,2,8,3,7,0,0},{0,0,0,0,0,0,0,0,0},{0,0,0,0,0,0,0,0,0},{0,0,0,0,0,0,0,0,0},{0,0,0,0,0,0,0,0,0}}
]
17:37:11.091 [main] INFO  sudoku.model.SudokuBoard - Wartość 0 wstawiona nieprawidłowo
17:37:11.099 [main] INFO  sudoku.model.SudokuBoard - Bład w kwadracie 0
sudoku.model.SudokuBoard@4ce267cc[
  size=9
  solver=sudoku.model.BacktrackingSudokuSolver@2eebce87
  board={{5,6,2,3,4,1,9,7,8},{4,9,1,8,2,7,3,5,6},{7,3,8,5,6,9,1,2,4},{3,5,7,9,1,4,6,8,2},{6,4,9,2,8,3,0,0,0},{0,0,0,0,0,0,0,0,0},{0,0,0,0,0,0,0,0,0},{0,0,0,0,0,0,0,0,0},{0,0,0,0,0,0,0,0,0}}
]
17:37:11.099 [main] INFO  sudoku.model.SudokuBoard - Wartość 0 wstawiona nieprawidłowo
17:37:11.099 [main] INFO  sudoku.model.SudokuBoard - Bład w kwadracie 0
sudoku.model.SudokuBoard@4ce267cc[
  size=9
  solver=sudoku.model.BacktrackingSudokuSolver@2eebce87
  board={{5,6,2,3,4,1,9,7,8},{4,9,1,8,2,7,3,5,6},{7,3,8,5,6,9,1,2,4},{3,5,7,9,1,4,6,8,2},{6,4,9,2,8,0,0,0,0},{0,0,0,0,0,0,0,0,0},{0,0,0,0,0,0,0,0,0},{0,0,0,0,0,0,0,0,0},{0,0,0,0,0,0,0,0,0}}
]
17:37:11.099 [main] INFO  sudoku.model.SudokuBoard - Wartość 0 wstawiona nieprawidłowo
17:37:11.099 [main] INFO  sudoku.model.SudokuBoard - Bład w kwadracie 0
sudoku.model.SudokuBoard@4ce267cc[
  size=9
  solver=sudoku.model.BacktrackingSudokuSolver@2eebce87
  board={{5,6,2,3,4,1,9,7,8},{4,9,1,8,2,7,3,5,6},{7,3,8,5,6,9,1,2,4},{3,5,7,9,1,4,6,8,2},{6,4,9,2,8,5,7,1,3},{8,0,0,0,0,0,0,0,0},{0,0,0,0,0,0,0,0,0},{0,0,0,0,0,0,0,0,0},{0,0,0,0,0,0,0,0,0}}
]
17:37:11.099 [main] INFO  sudoku.model.SudokuBoard - Wartość 0 wstawiona nieprawidłowo
17:37:11.099 [main] INFO  sudoku.model.SudokuBoard - Bład w kwadracie 0
sudoku.model.SudokuBoard@4ce267cc[
  size=9
  solver=sudoku.model.BacktrackingSudokuSolver@2eebce87
  board={{5,6,2,3,4,1,9,7,8},{4,9,1,8,2,7,3,5,6},{7,3,8,5,6,9,1,2,4},{3,5,7,9,1,4,6,8,2},{6,4,9,2,8,5,7,1,3},{8,0,0,0,0,0,0,0,0},{0,0,0,0,0,0,0,0,0},{0,0,0,0,0,0,0,0,0},{0,0,0,0,0,0,0,0,0}}
]
17:37:11.099 [main] INFO  sudoku.model.SudokuBoard - Wartość 0 wstawiona nieprawidłowo
17:37:11.099 [main] INFO  sudoku.model.SudokuBoard - Bład w kwadracie 0
sudoku.model.SudokuBoard@4ce267cc[
  size=9
  solver=sudoku.model.BacktrackingSudokuSolver@2eebce87
  board={{5,6,2,3,4,1,9,7,8},{4,9,1,8,2,7,3,5,6},{7,3,8,5,6,9,1,2,4},{3,5,7,9,1,4,6,8,2},{6,4,9,2,8,5,7,1,3},{0,0,0,0,0,0,0,0,0},{0,0,0,0,0,0,0,0,0},{0,0,0,0,0,0,0,0,0},{0,0,0,0,0,0,0,0,0}}
]
17:37:11.099 [main] INFO  sudoku.model.SudokuBoard - Wartość 0 wstawiona nieprawidłowo
17:37:11.099 [main] INFO  sudoku.model.SudokuBoard - Bład w kwadracie 0
sudoku.model.SudokuBoard@4ce267cc[
  size=9
  solver=sudoku.model.BacktrackingSudokuSolver@2eebce87
  board={{5,6,2,3,4,1,9,7,8},{4,9,1,8,2,7,3,5,6},{7,3,8,5,6,9,1,2,4},{3,5,7,9,1,4,6,8,2},{6,4,9,2,8,5,7,1,3},{1,0,0,0,0,0,0,0,0},{0,0,0,0,0,0,0,0,0},{0,0,0,0,0,0,0,0,0},{0,0,0,0,0,0,0,0,0}}
]
17:37:11.099 [main] INFO  sudoku.model.SudokuBoard - Wartość 0 wstawiona nieprawidłowo
17:37:11.100 [main] INFO  sudoku.model.SudokuBoard - Bład w kwadracie 0
sudoku.model.SudokuBoard@4ce267cc[
  size=9
  solver=sudoku.model.BacktrackingSudokuSolver@2eebce87
  board={{5,6,2,3,4,1,9,7,8},{4,9,1,8,2,7,3,5,6},{7,3,8,5,6,9,1,2,4},{3,5,7,9,1,4,6,8,2},{6,4,9,2,8,5,7,1,3},{1,0,0,0,0,0,0,0,0},{0,0,0,0,0,0,0,0,0},{0,0,0,0,0,0,0,0,0},{0,0,0,0,0,0,0,0,0}}
]
17:37:11.100 [main] INFO  sudoku.model.SudokuBoard - Wartość 0 wstawiona nieprawidłowo
17:37:11.100 [main] INFO  sudoku.model.SudokuBoard - Bład w kwadracie 0
sudoku.model.SudokuBoard@4ce267cc[
  size=9
  solver=sudoku.model.BacktrackingSudokuSolver@2eebce87
  board={{5,6,2,3,4,1,9,7,8},{4,9,1,8,2,7,3,5,6},{7,3,8,5,6,9,1,2,4},{3,5,7,9,1,4,6,8,2},{6,4,9,2,8,5,7,1,3},{0,0,0,0,0,0,0,0,0},{0,0,0,0,0,0,0,0,0},{0,0,0,0,0,0,0,0,0},{0,0,0,0,0,0,0,0,0}}
]
17:37:11.100 [main] INFO  sudoku.model.SudokuBoard - Wartość 0 wstawiona nieprawidłowo
17:37:11.100 [main] INFO  sudoku.model.SudokuBoard - Bład w kwadracie 0
sudoku.model.SudokuBoard@4ce267cc[
  size=9
  solver=sudoku.model.BacktrackingSudokuSolver@2eebce87
  board={{5,6,2,3,4,1,9,7,8},{4,9,1,8,2,7,3,5,6},{7,3,8,5,6,9,1,2,4},{3,5,7,9,1,4,6,8,2},{6,4,9,2,8,5,7,1,3},{2,0,0,0,0,0,0,0,0},{0,0,0,0,0,0,0,0,0},{0,0,0,0,0,0,0,0,0},{0,0,0,0,0,0,0,0,0}}
]
17:37:11.100 [main] INFO  sudoku.model.SudokuBoard - Wartość 0 wstawiona nieprawidłowo
17:37:11.100 [main] INFO  sudoku.model.SudokuBoard - Bład w kwadracie 0
sudoku.model.SudokuBoard@4ce267cc[
  size=9
  solver=sudoku.model.BacktrackingSudokuSolver@2eebce87
  board={{5,6,2,3,4,1,9,7,8},{4,9,1,8,2,7,3,5,6},{7,3,8,5,6,9,1,2,4},{3,5,7,9,1,4,6,8,2},{6,4,9,2,8,5,7,1,3},{2,0,0,0,0,0,0,0,0},{0,0,0,0,0,0,0,0,0},{0,0,0,0,0,0,0,0,0},{0,0,0,0,0,0,0,0,0}}
]
17:37:11.100 [main] INFO  sudoku.model.SudokuBoard - Wartość 0 wstawiona nieprawidłowo
17:37:11.100 [main] INFO  sudoku.model.SudokuBoard - Bład w kwadracie 0
sudoku.model.SudokuBoard@4ce267cc[
  size=9
  solver=sudoku.model.BacktrackingSudokuSolver@2eebce87
  board={{5,6,2,3,4,1,9,7,8},{4,9,1,8,2,7,3,5,6},{7,3,8,5,6,9,1,2,4},{3,5,7,9,1,4,6,8,2},{6,4,9,2,8,5,7,1,3},{0,0,0,0,0,0,0,0,0},{0,0,0,0,0,0,0,0,0},{0,0,0,0,0,0,0,0,0},{0,0,0,0,0,0,0,0,0}}
]
17:37:11.100 [main] INFO  sudoku.model.SudokuBoard - Wartość 0 wstawiona nieprawidłowo
17:37:11.100 [main] INFO  sudoku.model.SudokuBoard - Bład w kwadracie 0
sudoku.model.SudokuBoard@4ce267cc[
  size=9
  solver=sudoku.model.BacktrackingSudokuSolver@2eebce87
  board={{5,6,2,3,4,1,9,7,8},{4,9,1,8,2,7,3,5,6},{7,3,8,5,6,9,1,2,4},{3,5,7,9,1,4,6,8,2},{6,4,9,2,8,5,7,1,0},{0,0,0,0,0,0,0,0,0},{0,0,0,0,0,0,0,0,0},{0,0,0,0,0,0,0,0,0},{0,0,0,0,0,0,0,0,0}}
]
17:37:11.100 [main] INFO  sudoku.model.SudokuBoard - Wartość 0 wstawiona nieprawidłowo
17:37:11.100 [main] INFO  sudoku.model.SudokuBoard - Bład w kwadracie 0
sudoku.model.SudokuBoard@4ce267cc[
  size=9
  solver=sudoku.model.BacktrackingSudokuSolver@2eebce87
  board={{5,6,2,3,4,1,9,7,8},{4,9,1,8,2,7,3,5,6},{7,3,8,5,6,9,1,2,4},{3,5,7,9,1,4,6,8,2},{6,4,9,2,8,5,7,0,0},{0,0,0,0,0,0,0,0,0},{0,0,0,0,0,0,0,0,0},{0,0,0,0,0,0,0,0,0},{0,0,0,0,0,0,0,0,0}}
]
17:37:11.100 [main] INFO  sudoku.model.SudokuBoard - Wartość 0 wstawiona nieprawidłowo
17:37:11.101 [main] INFO  sudoku.model.SudokuBoard - Bład w kwadracie 0
sudoku.model.SudokuBoard@4ce267cc[
  size=9
  solver=sudoku.model.BacktrackingSudokuSolver@2eebce87
  board={{5,6,2,3,4,1,9,7,8},{4,9,1,8,2,7,3,5,6},{7,3,8,5,6,9,1,2,4},{3,5,7,9,1,4,6,8,2},{6,4,9,2,8,5,7,3,1},{8,0,0,0,0,0,0,0,0},{0,0,0,0,0,0,0,0,0},{0,0,0,0,0,0,0,0,0},{0,0,0,0,0,0,0,0,0}}
]
17:37:11.101 [main] INFO  sudoku.model.SudokuBoard - Wartość 0 wstawiona nieprawidłowo
17:37:11.101 [main] INFO  sudoku.model.SudokuBoard - Bład w kwadracie 0
sudoku.model.SudokuBoard@4ce267cc[
  size=9
  solver=sudoku.model.BacktrackingSudokuSolver@2eebce87
  board={{5,6,2,3,4,1,9,7,8},{4,9,1,8,2,7,3,5,6},{7,3,8,5,6,9,1,2,4},{3,5,7,9,1,4,6,8,2},{6,4,9,2,8,5,7,3,1},{8,0,0,0,0,0,0,0,0},{0,0,0,0,0,0,0,0,0},{0,0,0,0,0,0,0,0,0},{0,0,0,0,0,0,0,0,0}}
]
17:37:11.101 [main] INFO  sudoku.model.SudokuBoard - Wartość 0 wstawiona nieprawidłowo
17:37:11.101 [main] INFO  sudoku.model.SudokuBoard - Bład w kwadracie 0
sudoku.model.SudokuBoard@4ce267cc[
  size=9
  solver=sudoku.model.BacktrackingSudokuSolver@2eebce87
  board={{5,6,2,3,4,1,9,7,8},{4,9,1,8,2,7,3,5,6},{7,3,8,5,6,9,1,2,4},{3,5,7,9,1,4,6,8,2},{6,4,9,2,8,5,7,3,1},{0,0,0,0,0,0,0,0,0},{0,0,0,0,0,0,0,0,0},{0,0,0,0,0,0,0,0,0},{0,0,0,0,0,0,0,0,0}}
]
17:37:11.101 [main] INFO  sudoku.model.SudokuBoard - Wartość 0 wstawiona nieprawidłowo
17:37:11.101 [main] INFO  sudoku.model.SudokuBoard - Bład w kwadracie 0
sudoku.model.SudokuBoard@4ce267cc[
  size=9
  solver=sudoku.model.BacktrackingSudokuSolver@2eebce87
  board={{5,6,2,3,4,1,9,7,8},{4,9,1,8,2,7,3,5,6},{7,3,8,5,6,9,1,2,4},{3,5,7,9,1,4,6,8,2},{6,4,9,2,8,5,7,3,1},{1,0,0,0,0,0,0,0,0},{0,0,0,0,0,0,0,0,0},{0,0,0,0,0,0,0,0,0},{0,0,0,0,0,0,0,0,0}}
]
17:37:11.101 [main] INFO  sudoku.model.SudokuBoard - Wartość 0 wstawiona nieprawidłowo
17:37:11.101 [main] INFO  sudoku.model.SudokuBoard - Bład w kwadracie 0
sudoku.model.SudokuBoard@4ce267cc[
  size=9
  solver=sudoku.model.BacktrackingSudokuSolver@2eebce87
  board={{5,6,2,3,4,1,9,7,8},{4,9,1,8,2,7,3,5,6},{7,3,8,5,6,9,1,2,4},{3,5,7,9,1,4,6,8,2},{6,4,9,2,8,5,7,3,1},{1,0,0,0,0,0,0,0,0},{0,0,0,0,0,0,0,0,0},{0,0,0,0,0,0,0,0,0},{0,0,0,0,0,0,0,0,0}}
]
17:37:11.101 [main] INFO  sudoku.model.SudokuBoard - Wartość 0 wstawiona nieprawidłowo
17:37:11.101 [main] INFO  sudoku.model.SudokuBoard - Bład w kwadracie 0
sudoku.model.SudokuBoard@4ce267cc[
  size=9
  solver=sudoku.model.BacktrackingSudokuSolver@2eebce87
  board={{5,6,2,3,4,1,9,7,8},{4,9,1,8,2,7,3,5,6},{7,3,8,5,6,9,1,2,4},{3,5,7,9,1,4,6,8,2},{6,4,9,2,8,5,7,3,1},{0,0,0,0,0,0,0,0,0},{0,0,0,0,0,0,0,0,0},{0,0,0,0,0,0,0,0,0},{0,0,0,0,0,0,0,0,0}}
]
17:37:11.101 [main] INFO  sudoku.model.SudokuBoard - Wartość 0 wstawiona nieprawidłowo
17:37:11.101 [main] INFO  sudoku.model.SudokuBoard - Bład w kwadracie 0
sudoku.model.SudokuBoard@4ce267cc[
  size=9
  solver=sudoku.model.BacktrackingSudokuSolver@2eebce87
  board={{5,6,2,3,4,1,9,7,8},{4,9,1,8,2,7,3,5,6},{7,3,8,5,6,9,1,2,4},{3,5,7,9,1,4,6,8,2},{6,4,9,2,8,5,7,3,1},{2,0,0,0,0,0,0,0,0},{0,0,0,0,0,0,0,0,0},{0,0,0,0,0,0,0,0,0},{0,0,0,0,0,0,0,0,0}}
]
17:37:11.101 [main] INFO  sudoku.model.SudokuBoard - Wartość 0 wstawiona nieprawidłowo
17:37:11.102 [main] INFO  sudoku.model.SudokuBoard - Bład w kwadracie 0
sudoku.model.SudokuBoard@4ce267cc[
  size=9
  solver=sudoku.model.BacktrackingSudokuSolver@2eebce87
  board={{5,6,2,3,4,1,9,7,8},{4,9,1,8,2,7,3,5,6},{7,3,8,5,6,9,1,2,4},{3,5,7,9,1,4,6,8,2},{6,4,9,2,8,5,7,3,1},{2,0,0,0,0,0,0,0,0},{0,0,0,0,0,0,0,0,0},{0,0,0,0,0,0,0,0,0},{0,0,0,0,0,0,0,0,0}}
]
17:37:11.102 [main] INFO  sudoku.model.SudokuBoard - Wartość 0 wstawiona nieprawidłowo
17:37:11.102 [main] INFO  sudoku.model.SudokuBoard - Bład w kwadracie 0
sudoku.model.SudokuBoard@4ce267cc[
  size=9
  solver=sudoku.model.BacktrackingSudokuSolver@2eebce87
  board={{5,6,2,3,4,1,9,7,8},{4,9,1,8,2,7,3,5,6},{7,3,8,5,6,9,1,2,4},{3,5,7,9,1,4,6,8,2},{6,4,9,2,8,5,7,3,1},{0,0,0,0,0,0,0,0,0},{0,0,0,0,0,0,0,0,0},{0,0,0,0,0,0,0,0,0},{0,0,0,0,0,0,0,0,0}}
]
17:37:11.102 [main] INFO  sudoku.model.SudokuBoard - Wartość 0 wstawiona nieprawidłowo
17:37:11.102 [main] INFO  sudoku.model.SudokuBoard - Bład w kwadracie 0
sudoku.model.SudokuBoard@4ce267cc[
  size=9
  solver=sudoku.model.BacktrackingSudokuSolver@2eebce87
  board={{5,6,2,3,4,1,9,7,8},{4,9,1,8,2,7,3,5,6},{7,3,8,5,6,9,1,2,4},{3,5,7,9,1,4,6,8,2},{6,4,9,2,8,5,7,3,0},{0,0,0,0,0,0,0,0,0},{0,0,0,0,0,0,0,0,0},{0,0,0,0,0,0,0,0,0},{0,0,0,0,0,0,0,0,0}}
]
17:37:11.102 [main] INFO  sudoku.model.SudokuBoard - Wartość 0 wstawiona nieprawidłowo
17:37:11.102 [main] INFO  sudoku.model.SudokuBoard - Bład w kwadracie 0
sudoku.model.SudokuBoard@4ce267cc[
  size=9
  solver=sudoku.model.BacktrackingSudokuSolver@2eebce87
  board={{5,6,2,3,4,1,9,7,8},{4,9,1,8,2,7,3,5,6},{7,3,8,5,6,9,1,2,4},{3,5,7,9,1,4,6,8,2},{6,4,9,2,8,5,7,0,0},{0,0,0,0,0,0,0,0,0},{0,0,0,0,0,0,0,0,0},{0,0,0,0,0,0,0,0,0},{0,0,0,0,0,0,0,0,0}}
]
17:37:11.102 [main] INFO  sudoku.model.SudokuBoard - Wartość 0 wstawiona nieprawidłowo
17:37:11.102 [main] INFO  sudoku.model.SudokuBoard - Bład w kwadracie 0
sudoku.model.SudokuBoard@4ce267cc[
  size=9
  solver=sudoku.model.BacktrackingSudokuSolver@2eebce87
  board={{5,6,2,3,4,1,9,7,8},{4,9,1,8,2,7,3,5,6},{7,3,8,5,6,9,1,2,4},{3,5,7,9,1,4,6,8,2},{6,4,9,2,8,5,0,0,0},{0,0,0,0,0,0,0,0,0},{0,0,0,0,0,0,0,0,0},{0,0,0,0,0,0,0,0,0},{0,0,0,0,0,0,0,0,0}}
]
17:37:11.102 [main] INFO  sudoku.model.SudokuBoard - Wartość 0 wstawiona nieprawidłowo
17:37:11.102 [main] INFO  sudoku.model.SudokuBoard - Bład w kwadracie 0
sudoku.model.SudokuBoard@4ce267cc[
  size=9
  solver=sudoku.model.BacktrackingSudokuSolver@2eebce87
  board={{5,6,2,3,4,1,9,7,8},{4,9,1,8,2,7,3,5,6},{7,3,8,5,6,9,1,2,4},{3,5,7,9,1,4,6,8,2},{6,4,9,2,8,0,0,0,0},{0,0,0,0,0,0,0,0,0},{0,0,0,0,0,0,0,0,0},{0,0,0,0,0,0,0,0,0},{0,0,0,0,0,0,0,0,0}}
]
17:37:11.102 [main] INFO  sudoku.model.SudokuBoard - Wartość 0 wstawiona nieprawidłowo
17:37:11.102 [main] INFO  sudoku.model.SudokuBoard - Bład w kwadracie 0
sudoku.model.SudokuBoard@4ce267cc[
  size=9
  solver=sudoku.model.BacktrackingSudokuSolver@2eebce87
  board={{5,6,2,3,4,1,9,7,8},{4,9,1,8,2,7,3,5,6},{7,3,8,5,6,9,1,2,4},{3,5,7,9,1,4,6,8,2},{6,4,9,2,0,0,0,0,0},{0,0,0,0,0,0,0,0,0},{0,0,0,0,0,0,0,0,0},{0,0,0,0,0,0,0,0,0},{0,0,0,0,0,0,0,0,0}}
]
17:37:11.102 [main] INFO  sudoku.model.SudokuBoard - Wartość 0 wstawiona nieprawidłowo
17:37:11.102 [main] INFO  sudoku.model.SudokuBoard - Bład w kwadracie 0
sudoku.model.SudokuBoard@4ce267cc[
  size=9
  solver=sudoku.model.BacktrackingSudokuSolver@2eebce87
  board={{5,6,2,3,4,1,9,7,8},{4,9,1,8,2,7,3,5,6},{7,3,8,5,6,9,1,2,4},{3,5,7,9,1,4,6,8,2},{6,4,9,2,3,5,7,0,0},{0,0,0,0,0,0,0,0,0},{0,0,0,0,0,0,0,0,0},{0,0,0,0,0,0,0,0,0},{0,0,0,0,0,0,0,0,0}}
]
17:37:11.102 [main] INFO  sudoku.model.SudokuBoard - Wartość 0 wstawiona nieprawidłowo
17:37:11.103 [main] INFO  sudoku.model.SudokuBoard - Bład w kwadracie 0
sudoku.model.SudokuBoard@4ce267cc[
  size=9
  solver=sudoku.model.BacktrackingSudokuSolver@2eebce87
  board={{5,6,2,3,4,1,9,7,8},{4,9,1,8,2,7,3,5,6},{7,3,8,5,6,9,1,2,4},{3,5,7,9,1,4,6,8,2},{6,4,9,2,3,5,0,0,0},{0,0,0,0,0,0,0,0,0},{0,0,0,0,0,0,0,0,0},{0,0,0,0,0,0,0,0,0},{0,0,0,0,0,0,0,0,0}}
]
17:37:11.103 [main] INFO  sudoku.model.SudokuBoard - Wartość 0 wstawiona nieprawidłowo
17:37:11.103 [main] INFO  sudoku.model.SudokuBoard - Bład w kwadracie 0
sudoku.model.SudokuBoard@4ce267cc[
  size=9
  solver=sudoku.model.BacktrackingSudokuSolver@2eebce87
  board={{5,6,2,3,4,1,9,7,8},{4,9,1,8,2,7,3,5,6},{7,3,8,5,6,9,1,2,4},{3,5,7,9,1,4,6,8,2},{6,4,9,2,3,0,0,0,0},{0,0,0,0,0,0,0,0,0},{0,0,0,0,0,0,0,0,0},{0,0,0,0,0,0,0,0,0},{0,0,0,0,0,0,0,0,0}}
]
17:37:11.103 [main] INFO  sudoku.model.SudokuBoard - Wartość 0 wstawiona nieprawidłowo
17:37:11.103 [main] INFO  sudoku.model.SudokuBoard - Bład w kwadracie 0
sudoku.model.SudokuBoard@4ce267cc[
  size=9
  solver=sudoku.model.BacktrackingSudokuSolver@2eebce87
  board={{5,6,2,3,4,1,9,7,8},{4,9,1,8,2,7,3,5,6},{7,3,8,5,6,9,1,2,4},{3,5,7,9,1,4,6,8,2},{6,4,9,2,3,8,7,1,5},{2,0,0,0,0,0,0,0,0},{0,0,0,0,0,0,0,0,0},{0,0,0,0,0,0,0,0,0},{0,0,0,0,0,0,0,0,0}}
]
17:37:11.103 [main] INFO  sudoku.model.SudokuBoard - Wartość 0 wstawiona nieprawidłowo
17:37:11.103 [main] INFO  sudoku.model.SudokuBoard - Bład w kwadracie 0
sudoku.model.SudokuBoard@4ce267cc[
  size=9
  solver=sudoku.model.BacktrackingSudokuSolver@2eebce87
  board={{5,6,2,3,4,1,9,7,8},{4,9,1,8,2,7,3,5,6},{7,3,8,5,6,9,1,2,4},{3,5,7,9,1,4,6,8,2},{6,4,9,2,3,8,7,1,5},{2,0,0,0,0,0,0,0,0},{0,0,0,0,0,0,0,0,0},{0,0,0,0,0,0,0,0,0},{0,0,0,0,0,0,0,0,0}}
]
17:37:11.103 [main] INFO  sudoku.model.SudokuBoard - Wartość 0 wstawiona nieprawidłowo
17:37:11.103 [main] INFO  sudoku.model.SudokuBoard - Bład w kwadracie 0
sudoku.model.SudokuBoard@4ce267cc[
  size=9
  solver=sudoku.model.BacktrackingSudokuSolver@2eebce87
  board={{5,6,2,3,4,1,9,7,8},{4,9,1,8,2,7,3,5,6},{7,3,8,5,6,9,1,2,4},{3,5,7,9,1,4,6,8,2},{6,4,9,2,3,8,7,1,5},{0,0,0,0,0,0,0,0,0},{0,0,0,0,0,0,0,0,0},{0,0,0,0,0,0,0,0,0},{0,0,0,0,0,0,0,0,0}}
]
17:37:11.103 [main] INFO  sudoku.model.SudokuBoard - Wartość 0 wstawiona nieprawidłowo
17:37:11.103 [main] INFO  sudoku.model.SudokuBoard - Bład w kwadracie 0
sudoku.model.SudokuBoard@4ce267cc[
  size=9
  solver=sudoku.model.BacktrackingSudokuSolver@2eebce87
  board={{5,6,2,3,4,1,9,7,8},{4,9,1,8,2,7,3,5,6},{7,3,8,5,6,9,1,2,4},{3,5,7,9,1,4,6,8,2},{6,4,9,2,3,8,7,1,5},{8,0,0,0,0,0,0,0,0},{0,0,0,0,0,0,0,0,0},{0,0,0,0,0,0,0,0,0},{0,0,0,0,0,0,0,0,0}}
]
17:37:11.103 [main] INFO  sudoku.model.SudokuBoard - Wartość 0 wstawiona nieprawidłowo
17:37:11.103 [main] INFO  sudoku.model.SudokuBoard - Bład w kwadracie 0
sudoku.model.SudokuBoard@4ce267cc[
  size=9
  solver=sudoku.model.BacktrackingSudokuSolver@2eebce87
  board={{5,6,2,3,4,1,9,7,8},{4,9,1,8,2,7,3,5,6},{7,3,8,5,6,9,1,2,4},{3,5,7,9,1,4,6,8,2},{6,4,9,2,3,8,7,1,5},{8,0,0,0,0,0,0,0,0},{0,0,0,0,0,0,0,0,0},{0,0,0,0,0,0,0,0,0},{0,0,0,0,0,0,0,0,0}}
]
17:37:11.104 [main] INFO  sudoku.model.SudokuBoard - Wartość 0 wstawiona nieprawidłowo
17:37:11.104 [main] INFO  sudoku.model.SudokuBoard - Bład w kwadracie 0
sudoku.model.SudokuBoard@4ce267cc[
  size=9
  solver=sudoku.model.BacktrackingSudokuSolver@2eebce87
  board={{5,6,2,3,4,1,9,7,8},{4,9,1,8,2,7,3,5,6},{7,3,8,5,6,9,1,2,4},{3,5,7,9,1,4,6,8,2},{6,4,9,2,3,8,7,1,5},{0,0,0,0,0,0,0,0,0},{0,0,0,0,0,0,0,0,0},{0,0,0,0,0,0,0,0,0},{0,0,0,0,0,0,0,0,0}}
]
17:37:11.104 [main] INFO  sudoku.model.SudokuBoard - Wartość 0 wstawiona nieprawidłowo
17:37:11.104 [main] INFO  sudoku.model.SudokuBoard - Bład w kwadracie 0
sudoku.model.SudokuBoard@4ce267cc[
  size=9
  solver=sudoku.model.BacktrackingSudokuSolver@2eebce87
  board={{5,6,2,3,4,1,9,7,8},{4,9,1,8,2,7,3,5,6},{7,3,8,5,6,9,1,2,4},{3,5,7,9,1,4,6,8,2},{6,4,9,2,3,8,7,1,5},{1,0,0,0,0,0,0,0,0},{0,0,0,0,0,0,0,0,0},{0,0,0,0,0,0,0,0,0},{0,0,0,0,0,0,0,0,0}}
]
17:37:11.104 [main] INFO  sudoku.model.SudokuBoard - Wartość 0 wstawiona nieprawidłowo
17:37:11.104 [main] INFO  sudoku.model.SudokuBoard - Bład w kwadracie 0
sudoku.model.SudokuBoard@4ce267cc[
  size=9
  solver=sudoku.model.BacktrackingSudokuSolver@2eebce87
  board={{5,6,2,3,4,1,9,7,8},{4,9,1,8,2,7,3,5,6},{7,3,8,5,6,9,1,2,4},{3,5,7,9,1,4,6,8,2},{6,4,9,2,3,8,7,1,5},{1,0,0,0,0,0,0,0,0},{0,0,0,0,0,0,0,0,0},{0,0,0,0,0,0,0,0,0},{0,0,0,0,0,0,0,0,0}}
]
17:37:11.104 [main] INFO  sudoku.model.SudokuBoard - Wartość 0 wstawiona nieprawidłowo
17:37:11.104 [main] INFO  sudoku.model.SudokuBoard - Bład w kwadracie 0
sudoku.model.SudokuBoard@4ce267cc[
  size=9
  solver=sudoku.model.BacktrackingSudokuSolver@2eebce87
  board={{5,6,2,3,4,1,9,7,8},{4,9,1,8,2,7,3,5,6},{7,3,8,5,6,9,1,2,4},{3,5,7,9,1,4,6,8,2},{6,4,9,2,3,8,7,1,5},{0,0,0,0,0,0,0,0,0},{0,0,0,0,0,0,0,0,0},{0,0,0,0,0,0,0,0,0},{0,0,0,0,0,0,0,0,0}}
]
17:37:11.104 [main] INFO  sudoku.model.SudokuBoard - Wartość 0 wstawiona nieprawidłowo
17:37:11.104 [main] INFO  sudoku.model.SudokuBoard - Bład w kwadracie 0
sudoku.model.SudokuBoard@4ce267cc[
  size=9
  solver=sudoku.model.BacktrackingSudokuSolver@2eebce87
  board={{5,6,2,3,4,1,9,7,8},{4,9,1,8,2,7,3,5,6},{7,3,8,5,6,9,1,2,4},{3,5,7,9,1,4,6,8,2},{6,4,9,2,3,8,7,1,0},{0,0,0,0,0,0,0,0,0},{0,0,0,0,0,0,0,0,0},{0,0,0,0,0,0,0,0,0},{0,0,0,0,0,0,0,0,0}}
]
17:37:11.104 [main] INFO  sudoku.model.SudokuBoard - Wartość 0 wstawiona nieprawidłowo
17:37:11.105 [main] INFO  sudoku.model.SudokuBoard - Bład w kwadracie 0
sudoku.model.SudokuBoard@4ce267cc[
  size=9
  solver=sudoku.model.BacktrackingSudokuSolver@2eebce87
  board={{5,6,2,3,4,1,9,7,8},{4,9,1,8,2,7,3,5,6},{7,3,8,5,6,9,1,2,4},{3,5,7,9,1,4,6,8,2},{6,4,9,2,3,8,7,0,0},{0,0,0,0,0,0,0,0,0},{0,0,0,0,0,0,0,0,0},{0,0,0,0,0,0,0,0,0},{0,0,0,0,0,0,0,0,0}}
]
17:37:11.105 [main] INFO  sudoku.model.SudokuBoard - Wartość 0 wstawiona nieprawidłowo
17:37:11.105 [main] INFO  sudoku.model.SudokuBoard - Bład w kwadracie 0
sudoku.model.SudokuBoard@4ce267cc[
  size=9
  solver=sudoku.model.BacktrackingSudokuSolver@2eebce87
  board={{5,6,2,3,4,1,9,7,8},{4,9,1,8,2,7,3,5,6},{7,3,8,5,6,9,1,2,4},{3,5,7,9,1,4,6,8,2},{6,4,9,2,3,8,0,0,0},{0,0,0,0,0,0,0,0,0},{0,0,0,0,0,0,0,0,0},{0,0,0,0,0,0,0,0,0},{0,0,0,0,0,0,0,0,0}}
]
17:37:11.105 [main] INFO  sudoku.model.SudokuBoard - Wartość 0 wstawiona nieprawidłowo
17:37:11.105 [main] INFO  sudoku.model.SudokuBoard - Bład w kwadracie 0
sudoku.model.SudokuBoard@4ce267cc[
  size=9
  solver=sudoku.model.BacktrackingSudokuSolver@2eebce87
  board={{5,6,2,3,4,1,9,7,8},{4,9,1,8,2,7,3,5,6},{7,3,8,5,6,9,1,2,4},{3,5,7,9,1,4,6,8,2},{6,4,9,2,3,8,5,1,7},{8,0,0,0,0,0,0,0,0},{0,0,0,0,0,0,0,0,0},{0,0,0,0,0,0,0,0,0},{0,0,0,0,0,0,0,0,0}}
]
17:37:11.105 [main] INFO  sudoku.model.SudokuBoard - Wartość 0 wstawiona nieprawidłowo
17:37:11.105 [main] INFO  sudoku.model.SudokuBoard - Bład w kwadracie 0
sudoku.model.SudokuBoard@4ce267cc[
  size=9
  solver=sudoku.model.BacktrackingSudokuSolver@2eebce87
  board={{5,6,2,3,4,1,9,7,8},{4,9,1,8,2,7,3,5,6},{7,3,8,5,6,9,1,2,4},{3,5,7,9,1,4,6,8,2},{6,4,9,2,3,8,5,1,7},{8,0,0,0,0,0,0,0,0},{0,0,0,0,0,0,0,0,0},{0,0,0,0,0,0,0,0,0},{0,0,0,0,0,0,0,0,0}}
]
17:37:11.105 [main] INFO  sudoku.model.SudokuBoard - Wartość 0 wstawiona nieprawidłowo
17:37:11.105 [main] INFO  sudoku.model.SudokuBoard - Bład w kwadracie 0
sudoku.model.SudokuBoard@4ce267cc[
  size=9
  solver=sudoku.model.BacktrackingSudokuSolver@2eebce87
  board={{5,6,2,3,4,1,9,7,8},{4,9,1,8,2,7,3,5,6},{7,3,8,5,6,9,1,2,4},{3,5,7,9,1,4,6,8,2},{6,4,9,2,3,8,5,1,7},{0,0,0,0,0,0,0,0,0},{0,0,0,0,0,0,0,0,0},{0,0,0,0,0,0,0,0,0},{0,0,0,0,0,0,0,0,0}}
]
17:37:11.105 [main] INFO  sudoku.model.SudokuBoard - Wartość 0 wstawiona nieprawidłowo
17:37:11.105 [main] INFO  sudoku.model.SudokuBoard - Bład w kwadracie 0
sudoku.model.SudokuBoard@4ce267cc[
  size=9
  solver=sudoku.model.BacktrackingSudokuSolver@2eebce87
  board={{5,6,2,3,4,1,9,7,8},{4,9,1,8,2,7,3,5,6},{7,3,8,5,6,9,1,2,4},{3,5,7,9,1,4,6,8,2},{6,4,9,2,3,8,5,1,7},{1,0,0,0,0,0,0,0,0},{0,0,0,0,0,0,0,0,0},{0,0,0,0,0,0,0,0,0},{0,0,0,0,0,0,0,0,0}}
]
17:37:11.105 [main] INFO  sudoku.model.SudokuBoard - Wartość 0 wstawiona nieprawidłowo
17:37:11.105 [main] INFO  sudoku.model.SudokuBoard - Bład w kwadracie 0
sudoku.model.SudokuBoard@4ce267cc[
  size=9
  solver=sudoku.model.BacktrackingSudokuSolver@2eebce87
  board={{5,6,2,3,4,1,9,7,8},{4,9,1,8,2,7,3,5,6},{7,3,8,5,6,9,1,2,4},{3,5,7,9,1,4,6,8,2},{6,4,9,2,3,8,5,1,7},{1,0,0,0,0,0,0,0,0},{0,0,0,0,0,0,0,0,0},{0,0,0,0,0,0,0,0,0},{0,0,0,0,0,0,0,0,0}}
]
17:37:11.105 [main] INFO  sudoku.model.SudokuBoard - Wartość 0 wstawiona nieprawidłowo
17:37:11.106 [main] INFO  sudoku.model.SudokuBoard - Bład w kwadracie 0
sudoku.model.SudokuBoard@4ce267cc[
  size=9
  solver=sudoku.model.BacktrackingSudokuSolver@2eebce87
  board={{5,6,2,3,4,1,9,7,8},{4,9,1,8,2,7,3,5,6},{7,3,8,5,6,9,1,2,4},{3,5,7,9,1,4,6,8,2},{6,4,9,2,3,8,5,1,7},{0,0,0,0,0,0,0,0,0},{0,0,0,0,0,0,0,0,0},{0,0,0,0,0,0,0,0,0},{0,0,0,0,0,0,0,0,0}}
]
17:37:11.106 [main] INFO  sudoku.model.SudokuBoard - Wartość 0 wstawiona nieprawidłowo
17:37:11.106 [main] INFO  sudoku.model.SudokuBoard - Bład w kwadracie 0
sudoku.model.SudokuBoard@4ce267cc[
  size=9
  solver=sudoku.model.BacktrackingSudokuSolver@2eebce87
  board={{5,6,2,3,4,1,9,7,8},{4,9,1,8,2,7,3,5,6},{7,3,8,5,6,9,1,2,4},{3,5,7,9,1,4,6,8,2},{6,4,9,2,3,8,5,1,7},{2,0,0,0,0,0,0,0,0},{0,0,0,0,0,0,0,0,0},{0,0,0,0,0,0,0,0,0},{0,0,0,0,0,0,0,0,0}}
]
17:37:11.106 [main] INFO  sudoku.model.SudokuBoard - Wartość 0 wstawiona nieprawidłowo
17:37:11.106 [main] INFO  sudoku.model.SudokuBoard - Bład w kwadracie 0
sudoku.model.SudokuBoard@4ce267cc[
  size=9
  solver=sudoku.model.BacktrackingSudokuSolver@2eebce87
  board={{5,6,2,3,4,1,9,7,8},{4,9,1,8,2,7,3,5,6},{7,3,8,5,6,9,1,2,4},{3,5,7,9,1,4,6,8,2},{6,4,9,2,3,8,5,1,7},{2,0,0,0,0,0,0,0,0},{0,0,0,0,0,0,0,0,0},{0,0,0,0,0,0,0,0,0},{0,0,0,0,0,0,0,0,0}}
]
17:37:11.106 [main] INFO  sudoku.model.SudokuBoard - Wartość 0 wstawiona nieprawidłowo
17:37:11.106 [main] INFO  sudoku.model.SudokuBoard - Bład w kwadracie 0
sudoku.model.SudokuBoard@4ce267cc[
  size=9
  solver=sudoku.model.BacktrackingSudokuSolver@2eebce87
  board={{5,6,2,3,4,1,9,7,8},{4,9,1,8,2,7,3,5,6},{7,3,8,5,6,9,1,2,4},{3,5,7,9,1,4,6,8,2},{6,4,9,2,3,8,5,1,7},{0,0,0,0,0,0,0,0,0},{0,0,0,0,0,0,0,0,0},{0,0,0,0,0,0,0,0,0},{0,0,0,0,0,0,0,0,0}}
]
17:37:11.106 [main] INFO  sudoku.model.SudokuBoard - Wartość 0 wstawiona nieprawidłowo
17:37:11.106 [main] INFO  sudoku.model.SudokuBoard - Bład w kwadracie 0
sudoku.model.SudokuBoard@4ce267cc[
  size=9
  solver=sudoku.model.BacktrackingSudokuSolver@2eebce87
  board={{5,6,2,3,4,1,9,7,8},{4,9,1,8,2,7,3,5,6},{7,3,8,5,6,9,1,2,4},{3,5,7,9,1,4,6,8,2},{6,4,9,2,3,8,5,1,0},{0,0,0,0,0,0,0,0,0},{0,0,0,0,0,0,0,0,0},{0,0,0,0,0,0,0,0,0},{0,0,0,0,0,0,0,0,0}}
]
17:37:11.106 [main] INFO  sudoku.model.SudokuBoard - Wartość 0 wstawiona nieprawidłowo
17:37:11.106 [main] INFO  sudoku.model.SudokuBoard - Bład w kwadracie 0
sudoku.model.SudokuBoard@4ce267cc[
  size=9
  solver=sudoku.model.BacktrackingSudokuSolver@2eebce87
  board={{5,6,2,3,4,1,9,7,8},{4,9,1,8,2,7,3,5,6},{7,3,8,5,6,9,1,2,4},{3,5,7,9,1,4,6,8,2},{6,4,9,2,3,8,5,0,0},{0,0,0,0,0,0,0,0,0},{0,0,0,0,0,0,0,0,0},{0,0,0,0,0,0,0,0,0},{0,0,0,0,0,0,0,0,0}}
]
17:37:11.106 [main] INFO  sudoku.model.SudokuBoard - Wartość 0 wstawiona nieprawidłowo
17:37:11.106 [main] INFO  sudoku.model.SudokuBoard - Bład w kwadracie 0
sudoku.model.SudokuBoard@4ce267cc[
  size=9
  solver=sudoku.model.BacktrackingSudokuSolver@2eebce87
  board={{5,6,2,3,4,1,9,7,8},{4,9,1,8,2,7,3,5,6},{7,3,8,5,6,9,1,2,4},{3,5,7,9,1,4,6,8,2},{6,4,9,2,3,8,0,0,0},{0,0,0,0,0,0,0,0,0},{0,0,0,0,0,0,0,0,0},{0,0,0,0,0,0,0,0,0},{0,0,0,0,0,0,0,0,0}}
]
17:37:11.106 [main] INFO  sudoku.model.SudokuBoard - Wartość 0 wstawiona nieprawidłowo
17:37:11.107 [main] INFO  sudoku.model.SudokuBoard - Bład w kwadracie 0
sudoku.model.SudokuBoard@4ce267cc[
  size=9
  solver=sudoku.model.BacktrackingSudokuSolver@2eebce87
  board={{5,6,2,3,4,1,9,7,8},{4,9,1,8,2,7,3,5,6},{7,3,8,5,6,9,1,2,4},{3,5,7,9,1,4,6,8,2},{6,4,9,2,3,0,0,0,0},{0,0,0,0,0,0,0,0,0},{0,0,0,0,0,0,0,0,0},{0,0,0,0,0,0,0,0,0},{0,0,0,0,0,0,0,0,0}}
]
17:37:11.107 [main] INFO  sudoku.model.SudokuBoard - Wartość 0 wstawiona nieprawidłowo
17:37:11.107 [main] INFO  sudoku.model.SudokuBoard - Bład w kwadracie 0
sudoku.model.SudokuBoard@4ce267cc[
  size=9
  solver=sudoku.model.BacktrackingSudokuSolver@2eebce87
  board={{5,6,2,3,4,1,9,7,8},{4,9,1,8,2,7,3,5,6},{7,3,8,5,6,9,1,2,4},{3,5,7,9,1,4,6,8,2},{6,4,9,2,0,0,0,0,0},{0,0,0,0,0,0,0,0,0},{0,0,0,0,0,0,0,0,0},{0,0,0,0,0,0,0,0,0},{0,0,0,0,0,0,0,0,0}}
]
17:37:11.107 [main] INFO  sudoku.model.SudokuBoard - Wartość 0 wstawiona nieprawidłowo
17:37:11.107 [main] INFO  sudoku.model.SudokuBoard - Bład w kwadracie 0
sudoku.model.SudokuBoard@4ce267cc[
  size=9
  solver=sudoku.model.BacktrackingSudokuSolver@2eebce87
  board={{5,6,2,3,4,1,9,7,8},{4,9,1,8,2,7,3,5,6},{7,3,8,5,6,9,1,2,4},{3,5,7,9,1,4,6,8,2},{6,4,9,2,5,3,7,0,0},{0,0,0,0,0,0,0,0,0},{0,0,0,0,0,0,0,0,0},{0,0,0,0,0,0,0,0,0},{0,0,0,0,0,0,0,0,0}}
]
17:37:11.107 [main] INFO  sudoku.model.SudokuBoard - Wartość 0 wstawiona nieprawidłowo
17:37:11.108 [main] INFO  sudoku.model.SudokuBoard - Bład w kwadracie 0
sudoku.model.SudokuBoard@4ce267cc[
  size=9
  solver=sudoku.model.BacktrackingSudokuSolver@2eebce87
  board={{5,6,2,3,4,1,9,7,8},{4,9,1,8,2,7,3,5,6},{7,3,8,5,6,9,1,2,4},{3,5,7,9,1,4,6,8,2},{6,4,9,2,5,3,0,0,0},{0,0,0,0,0,0,0,0,0},{0,0,0,0,0,0,0,0,0},{0,0,0,0,0,0,0,0,0},{0,0,0,0,0,0,0,0,0}}
]
17:37:11.108 [main] INFO  sudoku.model.SudokuBoard - Wartość 0 wstawiona nieprawidłowo
17:37:11.108 [main] INFO  sudoku.model.SudokuBoard - Bład w kwadracie 0
sudoku.model.SudokuBoard@4ce267cc[
  size=9
  solver=sudoku.model.BacktrackingSudokuSolver@2eebce87
  board={{5,6,2,3,4,1,9,7,8},{4,9,1,8,2,7,3,5,6},{7,3,8,5,6,9,1,2,4},{3,5,7,9,1,4,6,8,2},{6,4,9,2,5,0,0,0,0},{0,0,0,0,0,0,0,0,0},{0,0,0,0,0,0,0,0,0},{0,0,0,0,0,0,0,0,0},{0,0,0,0,0,0,0,0,0}}
]
17:37:11.108 [main] INFO  sudoku.model.SudokuBoard - Wartość 0 wstawiona nieprawidłowo
17:37:11.108 [main] INFO  sudoku.model.SudokuBoard - Bład w kwadracie 0
sudoku.model.SudokuBoard@4ce267cc[
  size=9
  solver=sudoku.model.BacktrackingSudokuSolver@2eebce87
  board={{5,6,2,3,4,1,9,7,8},{4,9,1,8,2,7,3,5,6},{7,3,8,5,6,9,1,2,4},{3,5,7,9,1,4,6,8,2},{6,4,9,2,5,8,7,1,3},{8,0,0,0,0,0,0,0,0},{0,0,0,0,0,0,0,0,0},{0,0,0,0,0,0,0,0,0},{0,0,0,0,0,0,0,0,0}}
]
17:37:11.108 [main] INFO  sudoku.model.SudokuBoard - Wartość 0 wstawiona nieprawidłowo
17:37:11.108 [main] INFO  sudoku.model.SudokuBoard - Bład w kwadracie 0
sudoku.model.SudokuBoard@4ce267cc[
  size=9
  solver=sudoku.model.BacktrackingSudokuSolver@2eebce87
  board={{5,6,2,3,4,1,9,7,8},{4,9,1,8,2,7,3,5,6},{7,3,8,5,6,9,1,2,4},{3,5,7,9,1,4,6,8,2},{6,4,9,2,5,8,7,1,3},{8,0,0,0,0,0,0,0,0},{0,0,0,0,0,0,0,0,0},{0,0,0,0,0,0,0,0,0},{0,0,0,0,0,0,0,0,0}}
]
17:37:11.109 [main] INFO  sudoku.model.SudokuBoard - Wartość 0 wstawiona nieprawidłowo
17:37:11.109 [main] INFO  sudoku.model.SudokuBoard - Bład w kwadracie 0
sudoku.model.SudokuBoard@4ce267cc[
  size=9
  solver=sudoku.model.BacktrackingSudokuSolver@2eebce87
  board={{5,6,2,3,4,1,9,7,8},{4,9,1,8,2,7,3,5,6},{7,3,8,5,6,9,1,2,4},{3,5,7,9,1,4,6,8,2},{6,4,9,2,5,8,7,1,3},{0,0,0,0,0,0,0,0,0},{0,0,0,0,0,0,0,0,0},{0,0,0,0,0,0,0,0,0},{0,0,0,0,0,0,0,0,0}}
]
17:37:11.109 [main] INFO  sudoku.model.SudokuBoard - Wartość 0 wstawiona nieprawidłowo
17:37:11.109 [main] INFO  sudoku.model.SudokuBoard - Bład w kwadracie 0
sudoku.model.SudokuBoard@4ce267cc[
  size=9
  solver=sudoku.model.BacktrackingSudokuSolver@2eebce87
  board={{5,6,2,3,4,1,9,7,8},{4,9,1,8,2,7,3,5,6},{7,3,8,5,6,9,1,2,4},{3,5,7,9,1,4,6,8,2},{6,4,9,2,5,8,7,1,3},{1,0,0,0,0,0,0,0,0},{0,0,0,0,0,0,0,0,0},{0,0,0,0,0,0,0,0,0},{0,0,0,0,0,0,0,0,0}}
]
17:37:11.109 [main] INFO  sudoku.model.SudokuBoard - Wartość 0 wstawiona nieprawidłowo
17:37:11.109 [main] INFO  sudoku.model.SudokuBoard - Bład w kwadracie 0
sudoku.model.SudokuBoard@4ce267cc[
  size=9
  solver=sudoku.model.BacktrackingSudokuSolver@2eebce87
  board={{5,6,2,3,4,1,9,7,8},{4,9,1,8,2,7,3,5,6},{7,3,8,5,6,9,1,2,4},{3,5,7,9,1,4,6,8,2},{6,4,9,2,5,8,7,1,3},{1,0,0,0,0,0,0,0,0},{0,0,0,0,0,0,0,0,0},{0,0,0,0,0,0,0,0,0},{0,0,0,0,0,0,0,0,0}}
]
17:37:11.109 [main] INFO  sudoku.model.SudokuBoard - Wartość 0 wstawiona nieprawidłowo
17:37:11.109 [main] INFO  sudoku.model.SudokuBoard - Bład w kwadracie 0
sudoku.model.SudokuBoard@4ce267cc[
  size=9
  solver=sudoku.model.BacktrackingSudokuSolver@2eebce87
  board={{5,6,2,3,4,1,9,7,8},{4,9,1,8,2,7,3,5,6},{7,3,8,5,6,9,1,2,4},{3,5,7,9,1,4,6,8,2},{6,4,9,2,5,8,7,1,3},{0,0,0,0,0,0,0,0,0},{0,0,0,0,0,0,0,0,0},{0,0,0,0,0,0,0,0,0},{0,0,0,0,0,0,0,0,0}}
]
17:37:11.109 [main] INFO  sudoku.model.SudokuBoard - Wartość 0 wstawiona nieprawidłowo
17:37:11.109 [main] INFO  sudoku.model.SudokuBoard - Bład w kwadracie 0
sudoku.model.SudokuBoard@4ce267cc[
  size=9
  solver=sudoku.model.BacktrackingSudokuSolver@2eebce87
  board={{5,6,2,3,4,1,9,7,8},{4,9,1,8,2,7,3,5,6},{7,3,8,5,6,9,1,2,4},{3,5,7,9,1,4,6,8,2},{6,4,9,2,5,8,7,1,3},{2,0,0,0,0,0,0,0,0},{0,0,0,0,0,0,0,0,0},{0,0,0,0,0,0,0,0,0},{0,0,0,0,0,0,0,0,0}}
]
17:37:11.109 [main] INFO  sudoku.model.SudokuBoard - Wartość 0 wstawiona nieprawidłowo
17:37:11.110 [main] INFO  sudoku.model.SudokuBoard - Bład w kwadracie 0
sudoku.model.SudokuBoard@4ce267cc[
  size=9
  solver=sudoku.model.BacktrackingSudokuSolver@2eebce87
  board={{5,6,2,3,4,1,9,7,8},{4,9,1,8,2,7,3,5,6},{7,3,8,5,6,9,1,2,4},{3,5,7,9,1,4,6,8,2},{6,4,9,2,5,8,7,1,3},{2,0,0,0,0,0,0,0,0},{0,0,0,0,0,0,0,0,0},{0,0,0,0,0,0,0,0,0},{0,0,0,0,0,0,0,0,0}}
]
17:37:11.110 [main] INFO  sudoku.model.SudokuBoard - Wartość 0 wstawiona nieprawidłowo
17:37:11.110 [main] INFO  sudoku.model.SudokuBoard - Bład w kwadracie 0
sudoku.model.SudokuBoard@4ce267cc[
  size=9
  solver=sudoku.model.BacktrackingSudokuSolver@2eebce87
  board={{5,6,2,3,4,1,9,7,8},{4,9,1,8,2,7,3,5,6},{7,3,8,5,6,9,1,2,4},{3,5,7,9,1,4,6,8,2},{6,4,9,2,5,8,7,1,3},{0,0,0,0,0,0,0,0,0},{0,0,0,0,0,0,0,0,0},{0,0,0,0,0,0,0,0,0},{0,0,0,0,0,0,0,0,0}}
]
17:37:11.110 [main] INFO  sudoku.model.SudokuBoard - Wartość 0 wstawiona nieprawidłowo
17:37:11.110 [main] INFO  sudoku.model.SudokuBoard - Bład w kwadracie 0
sudoku.model.SudokuBoard@4ce267cc[
  size=9
  solver=sudoku.model.BacktrackingSudokuSolver@2eebce87
  board={{5,6,2,3,4,1,9,7,8},{4,9,1,8,2,7,3,5,6},{7,3,8,5,6,9,1,2,4},{3,5,7,9,1,4,6,8,2},{6,4,9,2,5,8,7,1,0},{0,0,0,0,0,0,0,0,0},{0,0,0,0,0,0,0,0,0},{0,0,0,0,0,0,0,0,0},{0,0,0,0,0,0,0,0,0}}
]
17:37:11.110 [main] INFO  sudoku.model.SudokuBoard - Wartość 0 wstawiona nieprawidłowo
17:37:11.110 [main] INFO  sudoku.model.SudokuBoard - Bład w kwadracie 0
sudoku.model.SudokuBoard@4ce267cc[
  size=9
  solver=sudoku.model.BacktrackingSudokuSolver@2eebce87
  board={{5,6,2,3,4,1,9,7,8},{4,9,1,8,2,7,3,5,6},{7,3,8,5,6,9,1,2,4},{3,5,7,9,1,4,6,8,2},{6,4,9,2,5,8,7,0,0},{0,0,0,0,0,0,0,0,0},{0,0,0,0,0,0,0,0,0},{0,0,0,0,0,0,0,0,0},{0,0,0,0,0,0,0,0,0}}
]
17:37:11.110 [main] INFO  sudoku.model.SudokuBoard - Wartość 0 wstawiona nieprawidłowo
17:37:11.110 [main] INFO  sudoku.model.SudokuBoard - Bład w kwadracie 0
sudoku.model.SudokuBoard@4ce267cc[
  size=9
  solver=sudoku.model.BacktrackingSudokuSolver@2eebce87
  board={{5,6,2,3,4,1,9,7,8},{4,9,1,8,2,7,3,5,6},{7,3,8,5,6,9,1,2,4},{3,5,7,9,1,4,6,8,2},{6,4,9,2,5,8,7,3,1},{8,0,0,0,0,0,0,0,0},{0,0,0,0,0,0,0,0,0},{0,0,0,0,0,0,0,0,0},{0,0,0,0,0,0,0,0,0}}
]
17:37:11.110 [main] INFO  sudoku.model.SudokuBoard - Wartość 0 wstawiona nieprawidłowo
17:37:11.110 [main] INFO  sudoku.model.SudokuBoard - Bład w kwadracie 0
sudoku.model.SudokuBoard@4ce267cc[
  size=9
  solver=sudoku.model.BacktrackingSudokuSolver@2eebce87
  board={{5,6,2,3,4,1,9,7,8},{4,9,1,8,2,7,3,5,6},{7,3,8,5,6,9,1,2,4},{3,5,7,9,1,4,6,8,2},{6,4,9,2,5,8,7,3,1},{8,0,0,0,0,0,0,0,0},{0,0,0,0,0,0,0,0,0},{0,0,0,0,0,0,0,0,0},{0,0,0,0,0,0,0,0,0}}
]
17:37:11.110 [main] INFO  sudoku.model.SudokuBoard - Wartość 0 wstawiona nieprawidłowo
17:37:11.110 [main] INFO  sudoku.model.SudokuBoard - Bład w kwadracie 0
sudoku.model.SudokuBoard@4ce267cc[
  size=9
  solver=sudoku.model.BacktrackingSudokuSolver@2eebce87
  board={{5,6,2,3,4,1,9,7,8},{4,9,1,8,2,7,3,5,6},{7,3,8,5,6,9,1,2,4},{3,5,7,9,1,4,6,8,2},{6,4,9,2,5,8,7,3,1},{0,0,0,0,0,0,0,0,0},{0,0,0,0,0,0,0,0,0},{0,0,0,0,0,0,0,0,0},{0,0,0,0,0,0,0,0,0}}
]
17:37:11.111 [main] INFO  sudoku.model.SudokuBoard - Wartość 0 wstawiona nieprawidłowo
17:37:11.111 [main] INFO  sudoku.model.SudokuBoard - Bład w kwadracie 0
sudoku.model.SudokuBoard@4ce267cc[
  size=9
  solver=sudoku.model.BacktrackingSudokuSolver@2eebce87
  board={{5,6,2,3,4,1,9,7,8},{4,9,1,8,2,7,3,5,6},{7,3,8,5,6,9,1,2,4},{3,5,7,9,1,4,6,8,2},{6,4,9,2,5,8,7,3,1},{1,0,0,0,0,0,0,0,0},{0,0,0,0,0,0,0,0,0},{0,0,0,0,0,0,0,0,0},{0,0,0,0,0,0,0,0,0}}
]
17:37:11.111 [main] INFO  sudoku.model.SudokuBoard - Wartość 0 wstawiona nieprawidłowo
17:37:11.111 [main] INFO  sudoku.model.SudokuBoard - Bład w kwadracie 0
sudoku.model.SudokuBoard@4ce267cc[
  size=9
  solver=sudoku.model.BacktrackingSudokuSolver@2eebce87
  board={{5,6,2,3,4,1,9,7,8},{4,9,1,8,2,7,3,5,6},{7,3,8,5,6,9,1,2,4},{3,5,7,9,1,4,6,8,2},{6,4,9,2,5,8,7,3,1},{1,0,0,0,0,0,0,0,0},{0,0,0,0,0,0,0,0,0},{0,0,0,0,0,0,0,0,0},{0,0,0,0,0,0,0,0,0}}
]
17:37:11.111 [main] INFO  sudoku.model.SudokuBoard - Wartość 0 wstawiona nieprawidłowo
17:37:11.111 [main] INFO  sudoku.model.SudokuBoard - Bład w kwadracie 0
sudoku.model.SudokuBoard@4ce267cc[
  size=9
  solver=sudoku.model.BacktrackingSudokuSolver@2eebce87
  board={{5,6,2,3,4,1,9,7,8},{4,9,1,8,2,7,3,5,6},{7,3,8,5,6,9,1,2,4},{3,5,7,9,1,4,6,8,2},{6,4,9,2,5,8,7,3,1},{0,0,0,0,0,0,0,0,0},{0,0,0,0,0,0,0,0,0},{0,0,0,0,0,0,0,0,0},{0,0,0,0,0,0,0,0,0}}
]
17:37:11.111 [main] INFO  sudoku.model.SudokuBoard - Wartość 0 wstawiona nieprawidłowo
17:37:11.112 [main] INFO  sudoku.model.SudokuBoard - Bład w kwadracie 0
sudoku.model.SudokuBoard@4ce267cc[
  size=9
  solver=sudoku.model.BacktrackingSudokuSolver@2eebce87
  board={{5,6,2,3,4,1,9,7,8},{4,9,1,8,2,7,3,5,6},{7,3,8,5,6,9,1,2,4},{3,5,7,9,1,4,6,8,2},{6,4,9,2,5,8,7,3,1},{2,0,0,0,0,0,0,0,0},{0,0,0,0,0,0,0,0,0},{0,0,0,0,0,0,0,0,0},{0,0,0,0,0,0,0,0,0}}
]
17:37:11.112 [main] INFO  sudoku.model.SudokuBoard - Wartość 0 wstawiona nieprawidłowo
17:37:11.112 [main] INFO  sudoku.model.SudokuBoard - Bład w kwadracie 0
sudoku.model.SudokuBoard@4ce267cc[
  size=9
  solver=sudoku.model.BacktrackingSudokuSolver@2eebce87
  board={{5,6,2,3,4,1,9,7,8},{4,9,1,8,2,7,3,5,6},{7,3,8,5,6,9,1,2,4},{3,5,7,9,1,4,6,8,2},{6,4,9,2,5,8,7,3,1},{2,0,0,0,0,0,0,0,0},{0,0,0,0,0,0,0,0,0},{0,0,0,0,0,0,0,0,0},{0,0,0,0,0,0,0,0,0}}
]
17:37:11.112 [main] INFO  sudoku.model.SudokuBoard - Wartość 0 wstawiona nieprawidłowo
17:37:11.112 [main] INFO  sudoku.model.SudokuBoard - Bład w kwadracie 0
sudoku.model.SudokuBoard@4ce267cc[
  size=9
  solver=sudoku.model.BacktrackingSudokuSolver@2eebce87
  board={{5,6,2,3,4,1,9,7,8},{4,9,1,8,2,7,3,5,6},{7,3,8,5,6,9,1,2,4},{3,5,7,9,1,4,6,8,2},{6,4,9,2,5,8,7,3,1},{0,0,0,0,0,0,0,0,0},{0,0,0,0,0,0,0,0,0},{0,0,0,0,0,0,0,0,0},{0,0,0,0,0,0,0,0,0}}
]
17:37:11.112 [main] INFO  sudoku.model.SudokuBoard - Wartość 0 wstawiona nieprawidłowo
17:37:11.112 [main] INFO  sudoku.model.SudokuBoard - Bład w kwadracie 0
sudoku.model.SudokuBoard@4ce267cc[
  size=9
  solver=sudoku.model.BacktrackingSudokuSolver@2eebce87
  board={{5,6,2,3,4,1,9,7,8},{4,9,1,8,2,7,3,5,6},{7,3,8,5,6,9,1,2,4},{3,5,7,9,1,4,6,8,2},{6,4,9,2,5,8,7,3,0},{0,0,0,0,0,0,0,0,0},{0,0,0,0,0,0,0,0,0},{0,0,0,0,0,0,0,0,0},{0,0,0,0,0,0,0,0,0}}
]
17:37:11.112 [main] INFO  sudoku.model.SudokuBoard - Wartość 0 wstawiona nieprawidłowo
17:37:11.113 [main] INFO  sudoku.model.SudokuBoard - Bład w kwadracie 0
sudoku.model.SudokuBoard@4ce267cc[
  size=9
  solver=sudoku.model.BacktrackingSudokuSolver@2eebce87
  board={{5,6,2,3,4,1,9,7,8},{4,9,1,8,2,7,3,5,6},{7,3,8,5,6,9,1,2,4},{3,5,7,9,1,4,6,8,2},{6,4,9,2,5,8,7,0,0},{0,0,0,0,0,0,0,0,0},{0,0,0,0,0,0,0,0,0},{0,0,0,0,0,0,0,0,0},{0,0,0,0,0,0,0,0,0}}
]
17:37:11.113 [main] INFO  sudoku.model.SudokuBoard - Wartość 0 wstawiona nieprawidłowo
17:37:11.113 [main] INFO  sudoku.model.SudokuBoard - Bład w kwadracie 0
sudoku.model.SudokuBoard@4ce267cc[
  size=9
  solver=sudoku.model.BacktrackingSudokuSolver@2eebce87
  board={{5,6,2,3,4,1,9,7,8},{4,9,1,8,2,7,3,5,6},{7,3,8,5,6,9,1,2,4},{3,5,7,9,1,4,6,8,2},{6,4,9,2,5,8,0,0,0},{0,0,0,0,0,0,0,0,0},{0,0,0,0,0,0,0,0,0},{0,0,0,0,0,0,0,0,0},{0,0,0,0,0,0,0,0,0}}
]
17:37:11.113 [main] INFO  sudoku.model.SudokuBoard - Wartość 0 wstawiona nieprawidłowo
17:37:11.113 [main] INFO  sudoku.model.SudokuBoard - Bład w kwadracie 0
sudoku.model.SudokuBoard@4ce267cc[
  size=9
  solver=sudoku.model.BacktrackingSudokuSolver@2eebce87
  board={{5,6,2,3,4,1,9,7,8},{4,9,1,8,2,7,3,5,6},{7,3,8,5,6,9,1,2,4},{3,5,7,9,1,4,6,8,2},{6,4,9,2,5,0,0,0,0},{0,0,0,0,0,0,0,0,0},{0,0,0,0,0,0,0,0,0},{0,0,0,0,0,0,0,0,0},{0,0,0,0,0,0,0,0,0}}
]
17:37:11.113 [main] INFO  sudoku.model.SudokuBoard - Wartość 0 wstawiona nieprawidłowo
17:37:11.113 [main] INFO  sudoku.model.SudokuBoard - Bład w kwadracie 0
sudoku.model.SudokuBoard@4ce267cc[
  size=9
  solver=sudoku.model.BacktrackingSudokuSolver@2eebce87
  board={{5,6,2,3,4,1,9,7,8},{4,9,1,8,2,7,3,5,6},{7,3,8,5,6,9,1,2,4},{3,5,7,9,1,4,6,8,2},{6,4,9,2,0,0,0,0,0},{0,0,0,0,0,0,0,0,0},{0,0,0,0,0,0,0,0,0},{0,0,0,0,0,0,0,0,0},{0,0,0,0,0,0,0,0,0}}
]
17:37:11.113 [main] INFO  sudoku.model.SudokuBoard - Wartość 0 wstawiona nieprawidłowo
17:37:11.113 [main] INFO  sudoku.model.SudokuBoard - Bład w kwadracie 0
sudoku.model.SudokuBoard@4ce267cc[
  size=9
  solver=sudoku.model.BacktrackingSudokuSolver@2eebce87
  board={{5,6,2,3,4,1,9,7,8},{4,9,1,8,2,7,3,5,6},{7,3,8,5,6,9,1,2,4},{3,5,7,9,1,4,6,8,2},{6,4,9,2,7,0,0,0,0},{0,0,0,0,0,0,0,0,0},{0,0,0,0,0,0,0,0,0},{0,0,0,0,0,0,0,0,0},{0,0,0,0,0,0,0,0,0}}
]
17:37:11.113 [main] INFO  sudoku.model.SudokuBoard - Wartość 0 wstawiona nieprawidłowo
17:37:11.113 [main] INFO  sudoku.model.SudokuBoard - Bład w kwadracie 0
sudoku.model.SudokuBoard@4ce267cc[
  size=9
  solver=sudoku.model.BacktrackingSudokuSolver@2eebce87
  board={{5,6,2,3,4,1,9,7,8},{4,9,1,8,2,7,3,5,6},{7,3,8,5,6,9,1,2,4},{3,5,7,9,1,4,6,8,2},{6,4,9,2,7,8,5,1,3},{2,0,0,0,0,0,0,0,0},{0,0,0,0,0,0,0,0,0},{0,0,0,0,0,0,0,0,0},{0,0,0,0,0,0,0,0,0}}
]
17:37:11.113 [main] INFO  sudoku.model.SudokuBoard - Wartość 0 wstawiona nieprawidłowo
17:37:11.113 [main] INFO  sudoku.model.SudokuBoard - Bład w kwadracie 0
sudoku.model.SudokuBoard@4ce267cc[
  size=9
  solver=sudoku.model.BacktrackingSudokuSolver@2eebce87
  board={{5,6,2,3,4,1,9,7,8},{4,9,1,8,2,7,3,5,6},{7,3,8,5,6,9,1,2,4},{3,5,7,9,1,4,6,8,2},{6,4,9,2,7,8,5,1,3},{2,0,0,0,0,0,0,0,0},{0,0,0,0,0,0,0,0,0},{0,0,0,0,0,0,0,0,0},{0,0,0,0,0,0,0,0,0}}
]
17:37:11.113 [main] INFO  sudoku.model.SudokuBoard - Wartość 0 wstawiona nieprawidłowo
17:37:11.113 [main] INFO  sudoku.model.SudokuBoard - Bład w kwadracie 0
sudoku.model.SudokuBoard@4ce267cc[
  size=9
  solver=sudoku.model.BacktrackingSudokuSolver@2eebce87
  board={{5,6,2,3,4,1,9,7,8},{4,9,1,8,2,7,3,5,6},{7,3,8,5,6,9,1,2,4},{3,5,7,9,1,4,6,8,2},{6,4,9,2,7,8,5,1,3},{0,0,0,0,0,0,0,0,0},{0,0,0,0,0,0,0,0,0},{0,0,0,0,0,0,0,0,0},{0,0,0,0,0,0,0,0,0}}
]
17:37:11.113 [main] INFO  sudoku.model.SudokuBoard - Wartość 0 wstawiona nieprawidłowo
17:37:11.114 [main] INFO  sudoku.model.SudokuBoard - Bład w kwadracie 0
sudoku.model.SudokuBoard@4ce267cc[
  size=9
  solver=sudoku.model.BacktrackingSudokuSolver@2eebce87
  board={{5,6,2,3,4,1,9,7,8},{4,9,1,8,2,7,3,5,6},{7,3,8,5,6,9,1,2,4},{3,5,7,9,1,4,6,8,2},{6,4,9,2,7,8,5,1,3},{8,0,0,0,0,0,0,0,0},{0,0,0,0,0,0,0,0,0},{0,0,0,0,0,0,0,0,0},{0,0,0,0,0,0,0,0,0}}
]
17:37:11.114 [main] INFO  sudoku.model.SudokuBoard - Wartość 0 wstawiona nieprawidłowo
17:37:11.114 [main] INFO  sudoku.model.SudokuBoard - Bład w kwadracie 0
sudoku.model.SudokuBoard@4ce267cc[
  size=9
  solver=sudoku.model.BacktrackingSudokuSolver@2eebce87
  board={{5,6,2,3,4,1,9,7,8},{4,9,1,8,2,7,3,5,6},{7,3,8,5,6,9,1,2,4},{3,5,7,9,1,4,6,8,2},{6,4,9,2,7,8,5,1,3},{8,0,0,0,0,0,0,0,0},{0,0,0,0,0,0,0,0,0},{0,0,0,0,0,0,0,0,0},{0,0,0,0,0,0,0,0,0}}
]
17:37:11.114 [main] INFO  sudoku.model.SudokuBoard - Wartość 0 wstawiona nieprawidłowo
17:37:11.114 [main] INFO  sudoku.model.SudokuBoard - Bład w kwadracie 0
sudoku.model.SudokuBoard@4ce267cc[
  size=9
  solver=sudoku.model.BacktrackingSudokuSolver@2eebce87
  board={{5,6,2,3,4,1,9,7,8},{4,9,1,8,2,7,3,5,6},{7,3,8,5,6,9,1,2,4},{3,5,7,9,1,4,6,8,2},{6,4,9,2,7,8,5,1,3},{0,0,0,0,0,0,0,0,0},{0,0,0,0,0,0,0,0,0},{0,0,0,0,0,0,0,0,0},{0,0,0,0,0,0,0,0,0}}
]
17:37:11.114 [main] INFO  sudoku.model.SudokuBoard - Wartość 0 wstawiona nieprawidłowo
17:37:11.114 [main] INFO  sudoku.model.SudokuBoard - Bład w kwadracie 0
sudoku.model.SudokuBoard@4ce267cc[
  size=9
  solver=sudoku.model.BacktrackingSudokuSolver@2eebce87
  board={{5,6,2,3,4,1,9,7,8},{4,9,1,8,2,7,3,5,6},{7,3,8,5,6,9,1,2,4},{3,5,7,9,1,4,6,8,2},{6,4,9,2,7,8,5,1,3},{1,0,0,0,0,0,0,0,0},{0,0,0,0,0,0,0,0,0},{0,0,0,0,0,0,0,0,0},{0,0,0,0,0,0,0,0,0}}
]
17:37:11.114 [main] INFO  sudoku.model.SudokuBoard - Wartość 0 wstawiona nieprawidłowo
17:37:11.114 [main] INFO  sudoku.model.SudokuBoard - Bład w kwadracie 0
sudoku.model.SudokuBoard@4ce267cc[
  size=9
  solver=sudoku.model.BacktrackingSudokuSolver@2eebce87
  board={{5,6,2,3,4,1,9,7,8},{4,9,1,8,2,7,3,5,6},{7,3,8,5,6,9,1,2,4},{3,5,7,9,1,4,6,8,2},{6,4,9,2,7,8,5,1,3},{1,0,0,0,0,0,0,0,0},{0,0,0,0,0,0,0,0,0},{0,0,0,0,0,0,0,0,0},{0,0,0,0,0,0,0,0,0}}
]
17:37:11.115 [main] INFO  sudoku.model.SudokuBoard - Wartość 0 wstawiona nieprawidłowo
17:37:11.115 [main] INFO  sudoku.model.SudokuBoard - Bład w kwadracie 0
sudoku.model.SudokuBoard@4ce267cc[
  size=9
  solver=sudoku.model.BacktrackingSudokuSolver@2eebce87
  board={{5,6,2,3,4,1,9,7,8},{4,9,1,8,2,7,3,5,6},{7,3,8,5,6,9,1,2,4},{3,5,7,9,1,4,6,8,2},{6,4,9,2,7,8,5,1,3},{0,0,0,0,0,0,0,0,0},{0,0,0,0,0,0,0,0,0},{0,0,0,0,0,0,0,0,0},{0,0,0,0,0,0,0,0,0}}
]
17:37:11.115 [main] INFO  sudoku.model.SudokuBoard - Wartość 0 wstawiona nieprawidłowo
17:37:11.115 [main] INFO  sudoku.model.SudokuBoard - Bład w kwadracie 0
sudoku.model.SudokuBoard@4ce267cc[
  size=9
  solver=sudoku.model.BacktrackingSudokuSolver@2eebce87
  board={{5,6,2,3,4,1,9,7,8},{4,9,1,8,2,7,3,5,6},{7,3,8,5,6,9,1,2,4},{3,5,7,9,1,4,6,8,2},{6,4,9,2,7,8,5,1,0},{0,0,0,0,0,0,0,0,0},{0,0,0,0,0,0,0,0,0},{0,0,0,0,0,0,0,0,0},{0,0,0,0,0,0,0,0,0}}
]
17:37:11.115 [main] INFO  sudoku.model.SudokuBoard - Wartość 0 wstawiona nieprawidłowo
17:37:11.115 [main] INFO  sudoku.model.SudokuBoard - Bład w kwadracie 0
sudoku.model.SudokuBoard@4ce267cc[
  size=9
  solver=sudoku.model.BacktrackingSudokuSolver@2eebce87
  board={{5,6,2,3,4,1,9,7,8},{4,9,1,8,2,7,3,5,6},{7,3,8,5,6,9,1,2,4},{3,5,7,9,1,4,6,8,2},{6,4,9,2,7,8,5,0,0},{0,0,0,0,0,0,0,0,0},{0,0,0,0,0,0,0,0,0},{0,0,0,0,0,0,0,0,0},{0,0,0,0,0,0,0,0,0}}
]
17:37:11.115 [main] INFO  sudoku.model.SudokuBoard - Wartość 0 wstawiona nieprawidłowo
17:37:11.115 [main] INFO  sudoku.model.SudokuBoard - Bład w kwadracie 0
sudoku.model.SudokuBoard@4ce267cc[
  size=9
  solver=sudoku.model.BacktrackingSudokuSolver@2eebce87
  board={{5,6,2,3,4,1,9,7,8},{4,9,1,8,2,7,3,5,6},{7,3,8,5,6,9,1,2,4},{3,5,7,9,1,4,6,8,2},{6,4,9,2,7,8,5,3,1},{2,0,0,0,0,0,0,0,0},{0,0,0,0,0,0,0,0,0},{0,0,0,0,0,0,0,0,0},{0,0,0,0,0,0,0,0,0}}
]
17:37:11.115 [main] INFO  sudoku.model.SudokuBoard - Wartość 0 wstawiona nieprawidłowo
17:37:11.116 [main] INFO  sudoku.model.SudokuBoard - Bład w kwadracie 0
sudoku.model.SudokuBoard@4ce267cc[
  size=9
  solver=sudoku.model.BacktrackingSudokuSolver@2eebce87
  board={{5,6,2,3,4,1,9,7,8},{4,9,1,8,2,7,3,5,6},{7,3,8,5,6,9,1,2,4},{3,5,7,9,1,4,6,8,2},{6,4,9,2,7,8,5,3,1},{2,0,0,0,0,0,0,0,0},{0,0,0,0,0,0,0,0,0},{0,0,0,0,0,0,0,0,0},{0,0,0,0,0,0,0,0,0}}
]
17:37:11.116 [main] INFO  sudoku.model.SudokuBoard - Wartość 0 wstawiona nieprawidłowo
17:37:11.116 [main] INFO  sudoku.model.SudokuBoard - Bład w kwadracie 0
sudoku.model.SudokuBoard@4ce267cc[
  size=9
  solver=sudoku.model.BacktrackingSudokuSolver@2eebce87
  board={{5,6,2,3,4,1,9,7,8},{4,9,1,8,2,7,3,5,6},{7,3,8,5,6,9,1,2,4},{3,5,7,9,1,4,6,8,2},{6,4,9,2,7,8,5,3,1},{0,0,0,0,0,0,0,0,0},{0,0,0,0,0,0,0,0,0},{0,0,0,0,0,0,0,0,0},{0,0,0,0,0,0,0,0,0}}
]
17:37:11.116 [main] INFO  sudoku.model.SudokuBoard - Wartość 0 wstawiona nieprawidłowo
17:37:11.116 [main] INFO  sudoku.model.SudokuBoard - Bład w kwadracie 0
sudoku.model.SudokuBoard@4ce267cc[
  size=9
  solver=sudoku.model.BacktrackingSudokuSolver@2eebce87
  board={{5,6,2,3,4,1,9,7,8},{4,9,1,8,2,7,3,5,6},{7,3,8,5,6,9,1,2,4},{3,5,7,9,1,4,6,8,2},{6,4,9,2,7,8,5,3,1},{8,0,0,0,0,0,0,0,0},{0,0,0,0,0,0,0,0,0},{0,0,0,0,0,0,0,0,0},{0,0,0,0,0,0,0,0,0}}
]
17:37:11.116 [main] INFO  sudoku.model.SudokuBoard - Wartość 0 wstawiona nieprawidłowo
17:37:11.116 [main] INFO  sudoku.model.SudokuBoard - Bład w kwadracie 0
sudoku.model.SudokuBoard@4ce267cc[
  size=9
  solver=sudoku.model.BacktrackingSudokuSolver@2eebce87
  board={{5,6,2,3,4,1,9,7,8},{4,9,1,8,2,7,3,5,6},{7,3,8,5,6,9,1,2,4},{3,5,7,9,1,4,6,8,2},{6,4,9,2,7,8,5,3,1},{8,0,0,0,0,0,0,0,0},{0,0,0,0,0,0,0,0,0},{0,0,0,0,0,0,0,0,0},{0,0,0,0,0,0,0,0,0}}
]
17:37:11.116 [main] INFO  sudoku.model.SudokuBoard - Wartość 0 wstawiona nieprawidłowo
17:37:11.116 [main] INFO  sudoku.model.SudokuBoard - Bład w kwadracie 0
sudoku.model.SudokuBoard@4ce267cc[
  size=9
  solver=sudoku.model.BacktrackingSudokuSolver@2eebce87
  board={{5,6,2,3,4,1,9,7,8},{4,9,1,8,2,7,3,5,6},{7,3,8,5,6,9,1,2,4},{3,5,7,9,1,4,6,8,2},{6,4,9,2,7,8,5,3,1},{0,0,0,0,0,0,0,0,0},{0,0,0,0,0,0,0,0,0},{0,0,0,0,0,0,0,0,0},{0,0,0,0,0,0,0,0,0}}
]
17:37:11.116 [main] INFO  sudoku.model.SudokuBoard - Wartość 0 wstawiona nieprawidłowo
17:37:11.116 [main] INFO  sudoku.model.SudokuBoard - Bład w kwadracie 0
sudoku.model.SudokuBoard@4ce267cc[
  size=9
  solver=sudoku.model.BacktrackingSudokuSolver@2eebce87
  board={{5,6,2,3,4,1,9,7,8},{4,9,1,8,2,7,3,5,6},{7,3,8,5,6,9,1,2,4},{3,5,7,9,1,4,6,8,2},{6,4,9,2,7,8,5,3,1},{1,0,0,0,0,0,0,0,0},{0,0,0,0,0,0,0,0,0},{0,0,0,0,0,0,0,0,0},{0,0,0,0,0,0,0,0,0}}
]
17:37:11.116 [main] INFO  sudoku.model.SudokuBoard - Wartość 0 wstawiona nieprawidłowo
17:37:11.116 [main] INFO  sudoku.model.SudokuBoard - Bład w kwadracie 0
sudoku.model.SudokuBoard@4ce267cc[
  size=9
  solver=sudoku.model.BacktrackingSudokuSolver@2eebce87
  board={{5,6,2,3,4,1,9,7,8},{4,9,1,8,2,7,3,5,6},{7,3,8,5,6,9,1,2,4},{3,5,7,9,1,4,6,8,2},{6,4,9,2,7,8,5,3,1},{1,0,0,0,0,0,0,0,0},{0,0,0,0,0,0,0,0,0},{0,0,0,0,0,0,0,0,0},{0,0,0,0,0,0,0,0,0}}
]
17:37:11.118 [main] INFO  sudoku.model.SudokuBoard - Wartość 0 wstawiona nieprawidłowo
17:37:11.118 [main] INFO  sudoku.model.SudokuBoard - Bład w kwadracie 0
sudoku.model.SudokuBoard@4ce267cc[
  size=9
  solver=sudoku.model.BacktrackingSudokuSolver@2eebce87
  board={{5,6,2,3,4,1,9,7,8},{4,9,1,8,2,7,3,5,6},{7,3,8,5,6,9,1,2,4},{3,5,7,9,1,4,6,8,2},{6,4,9,2,7,8,5,3,1},{0,0,0,0,0,0,0,0,0},{0,0,0,0,0,0,0,0,0},{0,0,0,0,0,0,0,0,0},{0,0,0,0,0,0,0,0,0}}
]
17:37:11.119 [main] INFO  sudoku.model.SudokuBoard - Wartość 0 wstawiona nieprawidłowo
17:37:11.120 [main] INFO  sudoku.model.SudokuBoard - Bład w kwadracie 0
sudoku.model.SudokuBoard@4ce267cc[
  size=9
  solver=sudoku.model.BacktrackingSudokuSolver@2eebce87
  board={{5,6,2,3,4,1,9,7,8},{4,9,1,8,2,7,3,5,6},{7,3,8,5,6,9,1,2,4},{3,5,7,9,1,4,6,8,2},{6,4,9,2,7,8,5,3,0},{0,0,0,0,0,0,0,0,0},{0,0,0,0,0,0,0,0,0},{0,0,0,0,0,0,0,0,0},{0,0,0,0,0,0,0,0,0}}
]
17:37:11.120 [main] INFO  sudoku.model.SudokuBoard - Wartość 0 wstawiona nieprawidłowo
17:37:11.120 [main] INFO  sudoku.model.SudokuBoard - Bład w kwadracie 0
sudoku.model.SudokuBoard@4ce267cc[
  size=9
  solver=sudoku.model.BacktrackingSudokuSolver@2eebce87
  board={{5,6,2,3,4,1,9,7,8},{4,9,1,8,2,7,3,5,6},{7,3,8,5,6,9,1,2,4},{3,5,7,9,1,4,6,8,2},{6,4,9,2,7,8,5,0,0},{0,0,0,0,0,0,0,0,0},{0,0,0,0,0,0,0,0,0},{0,0,0,0,0,0,0,0,0},{0,0,0,0,0,0,0,0,0}}
]
17:37:11.120 [main] INFO  sudoku.model.SudokuBoard - Wartość 0 wstawiona nieprawidłowo
17:37:11.120 [main] INFO  sudoku.model.SudokuBoard - Bład w kwadracie 0
sudoku.model.SudokuBoard@4ce267cc[
  size=9
  solver=sudoku.model.BacktrackingSudokuSolver@2eebce87
  board={{5,6,2,3,4,1,9,7,8},{4,9,1,8,2,7,3,5,6},{7,3,8,5,6,9,1,2,4},{3,5,7,9,1,4,6,8,2},{6,4,9,2,7,8,0,0,0},{0,0,0,0,0,0,0,0,0},{0,0,0,0,0,0,0,0,0},{0,0,0,0,0,0,0,0,0},{0,0,0,0,0,0,0,0,0}}
]
17:37:11.120 [main] INFO  sudoku.model.SudokuBoard - Wartość 0 wstawiona nieprawidłowo
17:37:11.120 [main] INFO  sudoku.model.SudokuBoard - Bład w kwadracie 0
sudoku.model.SudokuBoard@4ce267cc[
  size=9
  solver=sudoku.model.BacktrackingSudokuSolver@2eebce87
  board={{5,6,2,3,4,1,9,7,8},{4,9,1,8,2,7,3,5,6},{7,3,8,5,6,9,1,2,4},{3,5,7,9,1,4,6,8,2},{6,4,9,2,7,0,0,0,0},{0,0,0,0,0,0,0,0,0},{0,0,0,0,0,0,0,0,0},{0,0,0,0,0,0,0,0,0},{0,0,0,0,0,0,0,0,0}}
]
17:37:11.120 [main] INFO  sudoku.model.SudokuBoard - Wartość 0 wstawiona nieprawidłowo
17:37:11.121 [main] INFO  sudoku.model.SudokuBoard - Bład w kwadracie 0
sudoku.model.SudokuBoard@4ce267cc[
  size=9
  solver=sudoku.model.BacktrackingSudokuSolver@2eebce87
  board={{5,6,2,3,4,1,9,7,8},{4,9,1,8,2,7,3,5,6},{7,3,8,5,6,9,1,2,4},{3,5,7,9,1,4,6,8,2},{6,4,9,2,7,3,5,0,0},{0,0,0,0,0,0,0,0,0},{0,0,0,0,0,0,0,0,0},{0,0,0,0,0,0,0,0,0},{0,0,0,0,0,0,0,0,0}}
]
17:37:11.121 [main] INFO  sudoku.model.SudokuBoard - Wartość 0 wstawiona nieprawidłowo
17:37:11.121 [main] INFO  sudoku.model.SudokuBoard - Bład w kwadracie 0
sudoku.model.SudokuBoard@4ce267cc[
  size=9
  solver=sudoku.model.BacktrackingSudokuSolver@2eebce87
  board={{5,6,2,3,4,1,9,7,8},{4,9,1,8,2,7,3,5,6},{7,3,8,5,6,9,1,2,4},{3,5,7,9,1,4,6,8,2},{6,4,9,2,7,3,0,0,0},{0,0,0,0,0,0,0,0,0},{0,0,0,0,0,0,0,0,0},{0,0,0,0,0,0,0,0,0},{0,0,0,0,0,0,0,0,0}}
]
17:37:11.121 [main] INFO  sudoku.model.SudokuBoard - Wartość 0 wstawiona nieprawidłowo
17:37:11.121 [main] INFO  sudoku.model.SudokuBoard - Bład w kwadracie 0
sudoku.model.SudokuBoard@4ce267cc[
  size=9
  solver=sudoku.model.BacktrackingSudokuSolver@2eebce87
  board={{5,6,2,3,4,1,9,7,8},{4,9,1,8,2,7,3,5,6},{7,3,8,5,6,9,1,2,4},{3,5,7,9,1,4,6,8,2},{6,4,9,2,7,0,0,0,0},{0,0,0,0,0,0,0,0,0},{0,0,0,0,0,0,0,0,0},{0,0,0,0,0,0,0,0,0},{0,0,0,0,0,0,0,0,0}}
]
17:37:11.121 [main] INFO  sudoku.model.SudokuBoard - Wartość 0 wstawiona nieprawidłowo
17:37:11.121 [main] INFO  sudoku.model.SudokuBoard - Bład w kwadracie 0
sudoku.model.SudokuBoard@4ce267cc[
  size=9
  solver=sudoku.model.BacktrackingSudokuSolver@2eebce87
  board={{5,6,2,3,4,1,9,7,8},{4,9,1,8,2,7,3,5,6},{7,3,8,5,6,9,1,2,4},{3,5,7,9,1,4,6,8,2},{6,4,9,2,0,0,0,0,0},{0,0,0,0,0,0,0,0,0},{0,0,0,0,0,0,0,0,0},{0,0,0,0,0,0,0,0,0},{0,0,0,0,0,0,0,0,0}}
]
17:37:11.121 [main] INFO  sudoku.model.SudokuBoard - Wartość 0 wstawiona nieprawidłowo
17:37:11.121 [main] INFO  sudoku.model.SudokuBoard - Bład w kwadracie 0
sudoku.model.SudokuBoard@4ce267cc[
  size=9
  solver=sudoku.model.BacktrackingSudokuSolver@2eebce87
  board={{5,6,2,3,4,1,9,7,8},{4,9,1,8,2,7,3,5,6},{7,3,8,5,6,9,1,2,4},{3,5,7,9,1,4,6,8,2},{6,4,9,0,0,0,0,0,0},{0,0,0,0,0,0,0,0,0},{0,0,0,0,0,0,0,0,0},{0,0,0,0,0,0,0,0,0},{0,0,0,0,0,0,0,0,0}}
]
17:37:11.121 [main] INFO  sudoku.model.SudokuBoard - Wartość 0 wstawiona nieprawidłowo
17:37:11.121 [main] INFO  sudoku.model.SudokuBoard - Bład w kwadracie 0
sudoku.model.SudokuBoard@4ce267cc[
  size=9
  solver=sudoku.model.BacktrackingSudokuSolver@2eebce87
  board={{5,6,2,3,4,1,9,7,8},{4,9,1,8,2,7,3,5,6},{7,3,8,5,6,9,1,2,4},{3,5,7,9,1,4,6,8,2},{6,4,0,0,0,0,0,0,0},{0,0,0,0,0,0,0,0,0},{0,0,0,0,0,0,0,0,0},{0,0,0,0,0,0,0,0,0},{0,0,0,0,0,0,0,0,0}}
]
17:37:11.121 [main] INFO  sudoku.model.SudokuBoard - Wartość 0 wstawiona nieprawidłowo
17:37:11.121 [main] INFO  sudoku.model.SudokuBoard - Bład w kwadracie 0
sudoku.model.SudokuBoard@4ce267cc[
  size=9
  solver=sudoku.model.BacktrackingSudokuSolver@2eebce87
  board={{5,6,2,3,4,1,9,7,8},{4,9,1,8,2,7,3,5,6},{7,3,8,5,6,9,1,2,4},{3,5,7,9,1,4,6,8,2},{6,0,0,0,0,0,0,0,0},{0,0,0,0,0,0,0,0,0},{0,0,0,0,0,0,0,0,0},{0,0,0,0,0,0,0,0,0},{0,0,0,0,0,0,0,0,0}}
]
17:37:11.121 [main] INFO  sudoku.model.SudokuBoard - Wartość 0 wstawiona nieprawidłowo
17:37:11.122 [main] INFO  sudoku.model.SudokuBoard - Bład w kwadracie 0
sudoku.model.SudokuBoard@4ce267cc[
  size=9
  solver=sudoku.model.BacktrackingSudokuSolver@2eebce87
  board={{5,6,2,3,4,1,9,7,8},{4,9,1,8,2,7,3,5,6},{7,3,8,5,6,9,1,2,4},{3,5,7,9,1,4,6,8,2},{6,8,9,2,3,5,4,1,7},{1,2,4,7,8,6,5,9,3},{9,1,3,4,5,2,8,0,0},{0,0,0,0,0,0,0,0,0},{0,0,0,0,0,0,0,0,0}}
]
17:37:11.122 [main] INFO  sudoku.model.SudokuBoard - Wartość 0 wstawiona nieprawidłowo
17:37:11.122 [main] INFO  sudoku.model.SudokuBoard - Bład w kwadracie 0
sudoku.model.SudokuBoard@4ce267cc[
  size=9
  solver=sudoku.model.BacktrackingSudokuSolver@2eebce87
  board={{5,6,2,3,4,1,9,7,8},{4,9,1,8,2,7,3,5,6},{7,3,8,5,6,9,1,2,4},{3,5,7,9,1,4,6,8,2},{6,8,9,2,3,5,4,1,7},{1,2,4,7,8,6,5,9,3},{9,1,3,4,5,2,0,0,0},{0,0,0,0,0,0,0,0,0},{0,0,0,0,0,0,0,0,0}}
]
17:37:11.122 [main] INFO  sudoku.model.SudokuBoard - Wartość 0 wstawiona nieprawidłowo
17:37:11.122 [main] INFO  sudoku.model.SudokuBoard - Bład w kwadracie 0
sudoku.model.SudokuBoard@4ce267cc[
  size=9
  solver=sudoku.model.BacktrackingSudokuSolver@2eebce87
  board={{5,6,2,3,4,1,9,7,8},{4,9,1,8,2,7,3,5,6},{7,3,8,5,6,9,1,2,4},{3,5,7,9,1,4,6,8,2},{6,8,9,2,3,5,4,1,7},{1,2,4,7,8,6,5,9,3},{9,1,3,4,5,2,7,0,0},{0,0,0,0,0,0,0,0,0},{0,0,0,0,0,0,0,0,0}}
]
17:37:11.122 [main] INFO  sudoku.model.SudokuBoard - Wartość 0 wstawiona nieprawidłowo
17:37:11.122 [main] INFO  sudoku.model.SudokuBoard - Bład w kwadracie 0
sudoku.model.SudokuBoard@4ce267cc[
  size=9
  solver=sudoku.model.BacktrackingSudokuSolver@2eebce87
  board={{5,6,2,3,4,1,9,7,8},{4,9,1,8,2,7,3,5,6},{7,3,8,5,6,9,1,2,4},{3,5,7,9,1,4,6,8,2},{6,8,9,2,3,5,4,1,7},{1,2,4,7,8,6,5,9,3},{9,1,3,4,5,2,0,0,0},{0,0,0,0,0,0,0,0,0},{0,0,0,0,0,0,0,0,0}}
]
17:37:11.122 [main] INFO  sudoku.model.SudokuBoard - Wartość 0 wstawiona nieprawidłowo
17:37:11.122 [main] INFO  sudoku.model.SudokuBoard - Bład w kwadracie 0
sudoku.model.SudokuBoard@4ce267cc[
  size=9
  solver=sudoku.model.BacktrackingSudokuSolver@2eebce87
  board={{5,6,2,3,4,1,9,7,8},{4,9,1,8,2,7,3,5,6},{7,3,8,5,6,9,1,2,4},{3,5,7,9,1,4,6,8,2},{6,8,9,2,3,5,4,1,7},{1,2,4,7,8,6,5,9,3},{9,1,3,4,5,0,0,0,0},{0,0,0,0,0,0,0,0,0},{0,0,0,0,0,0,0,0,0}}
]
17:37:11.122 [main] INFO  sudoku.model.SudokuBoard - Wartość 0 wstawiona nieprawidłowo
17:37:11.123 [main] INFO  sudoku.model.SudokuBoard - Bład w kwadracie 0
sudoku.model.SudokuBoard@4ce267cc[
  size=9
  solver=sudoku.model.BacktrackingSudokuSolver@2eebce87
  board={{5,6,2,3,4,1,9,7,8},{4,9,1,8,2,7,3,5,6},{7,3,8,5,6,9,1,2,4},{3,5,7,9,1,4,6,8,2},{6,8,9,2,3,5,4,1,7},{1,2,4,7,8,6,5,9,3},{9,1,3,4,5,8,7,0,0},{0,0,0,0,0,0,0,0,0},{0,0,0,0,0,0,0,0,0}}
]
17:37:11.126 [main] INFO  sudoku.model.SudokuBoard - Wartość 0 wstawiona nieprawidłowo
17:37:11.127 [main] INFO  sudoku.model.SudokuBoard - Bład w kwadracie 0
sudoku.model.SudokuBoard@4ce267cc[
  size=9
  solver=sudoku.model.BacktrackingSudokuSolver@2eebce87
  board={{5,6,2,3,4,1,9,7,8},{4,9,1,8,2,7,3,5,6},{7,3,8,5,6,9,1,2,4},{3,5,7,9,1,4,6,8,2},{6,8,9,2,3,5,4,1,7},{1,2,4,7,8,6,5,9,3},{9,1,3,4,5,8,0,0,0},{0,0,0,0,0,0,0,0,0},{0,0,0,0,0,0,0,0,0}}
]
17:37:11.128 [main] INFO  sudoku.model.SudokuBoard - Wartość 0 wstawiona nieprawidłowo
17:37:11.129 [main] INFO  sudoku.model.SudokuBoard - Bład w kwadracie 0
sudoku.model.SudokuBoard@4ce267cc[
  size=9
  solver=sudoku.model.BacktrackingSudokuSolver@2eebce87
  board={{5,6,2,3,4,1,9,7,8},{4,9,1,8,2,7,3,5,6},{7,3,8,5,6,9,1,2,4},{3,5,7,9,1,4,6,8,2},{6,8,9,2,3,5,4,1,7},{1,2,4,7,8,6,5,9,3},{9,1,3,4,5,8,2,0,0},{0,0,0,0,0,0,0,0,0},{0,0,0,0,0,0,0,0,0}}
]
17:37:11.129 [main] INFO  sudoku.model.SudokuBoard - Wartość 0 wstawiona nieprawidłowo
17:37:11.129 [main] INFO  sudoku.model.SudokuBoard - Bład w kwadracie 0
sudoku.model.SudokuBoard@4ce267cc[
  size=9
  solver=sudoku.model.BacktrackingSudokuSolver@2eebce87
  board={{5,6,2,3,4,1,9,7,8},{4,9,1,8,2,7,3,5,6},{7,3,8,5,6,9,1,2,4},{3,5,7,9,1,4,6,8,2},{6,8,9,2,3,5,4,1,7},{1,2,4,7,8,6,5,9,3},{9,1,3,4,5,8,0,0,0},{0,0,0,0,0,0,0,0,0},{0,0,0,0,0,0,0,0,0}}
]
17:37:11.129 [main] INFO  sudoku.model.SudokuBoard - Wartość 0 wstawiona nieprawidłowo
17:37:11.129 [main] INFO  sudoku.model.SudokuBoard - Bład w kwadracie 0
sudoku.model.SudokuBoard@4ce267cc[
  size=9
  solver=sudoku.model.BacktrackingSudokuSolver@2eebce87
  board={{5,6,2,3,4,1,9,7,8},{4,9,1,8,2,7,3,5,6},{7,3,8,5,6,9,1,2,4},{3,5,7,9,1,4,6,8,2},{6,8,9,2,3,5,4,1,7},{1,2,4,7,8,6,5,9,3},{9,1,3,4,5,0,0,0,0},{0,0,0,0,0,0,0,0,0},{0,0,0,0,0,0,0,0,0}}
]
17:37:11.130 [main] INFO  sudoku.model.SudokuBoard - Wartość 0 wstawiona nieprawidłowo
17:37:11.130 [main] INFO  sudoku.model.SudokuBoard - Bład w kwadracie 0
sudoku.model.SudokuBoard@4ce267cc[
  size=9
  solver=sudoku.model.BacktrackingSudokuSolver@2eebce87
  board={{5,6,2,3,4,1,9,7,8},{4,9,1,8,2,7,3,5,6},{7,3,8,5,6,9,1,2,4},{3,5,7,9,1,4,6,8,2},{6,8,9,2,3,5,4,1,7},{1,2,4,7,8,6,5,9,3},{9,1,3,4,0,0,0,0,0},{0,0,0,0,0,0,0,0,0},{0,0,0,0,0,0,0,0,0}}
]
17:37:11.130 [main] INFO  sudoku.model.SudokuBoard - Wartość 0 wstawiona nieprawidłowo
]]></system-out>
  </testcase>
  <testcase name="testEqualsSame" classname="sudoku.model.SeriesTest" time="0.057">
    <system-out><![CDATA[17:37:11.139 [main] INFO  sudoku.model.SudokuBoard - Bład w kwadracie 0
sudoku.model.SudokuBoard@20b54cfe[
  size=9
  solver=sudoku.model.BacktrackingSudokuSolver@2bdb5e0f
  board={{9,8,6,1,7,2,4,3,5},{2,3,7,4,5,6,8,9,1},{4,1,5,8,3,9,2,6,7},{8,2,9,3,1,4,5,7,6},{3,4,1,2,6,5,9,0,0},{0,0,0,0,0,0,0,0,0},{0,0,0,0,0,0,0,0,0},{0,0,0,0,0,0,0,0,0},{0,0,0,0,0,0,0,0,0}}
]
17:37:11.139 [main] INFO  sudoku.model.SudokuBoard - Wartość 0 wstawiona nieprawidłowo
17:37:11.139 [main] INFO  sudoku.model.SudokuBoard - Bład w kwadracie 0
sudoku.model.SudokuBoard@20b54cfe[
  size=9
  solver=sudoku.model.BacktrackingSudokuSolver@2bdb5e0f
  board={{9,8,6,1,7,2,4,3,5},{2,3,7,4,5,6,8,9,1},{4,1,5,8,3,9,2,6,7},{8,2,9,3,1,4,5,7,6},{3,4,1,2,6,5,0,0,0},{0,0,0,0,0,0,0,0,0},{0,0,0,0,0,0,0,0,0},{0,0,0,0,0,0,0,0,0},{0,0,0,0,0,0,0,0,0}}
]
17:37:11.139 [main] INFO  sudoku.model.SudokuBoard - Wartość 0 wstawiona nieprawidłowo
17:37:11.139 [main] INFO  sudoku.model.SudokuBoard - Bład w kwadracie 0
sudoku.model.SudokuBoard@20b54cfe[
  size=9
  solver=sudoku.model.BacktrackingSudokuSolver@2bdb5e0f
  board={{9,8,6,1,7,2,4,3,5},{2,3,7,4,5,6,8,9,1},{4,1,5,8,3,9,2,6,7},{8,2,9,3,1,4,5,7,6},{3,4,1,2,6,0,0,0,0},{0,0,0,0,0,0,0,0,0},{0,0,0,0,0,0,0,0,0},{0,0,0,0,0,0,0,0,0},{0,0,0,0,0,0,0,0,0}}
]
17:37:11.139 [main] INFO  sudoku.model.SudokuBoard - Wartość 0 wstawiona nieprawidłowo
17:37:11.139 [main] INFO  sudoku.model.SudokuBoard - Bład w kwadracie 0
sudoku.model.SudokuBoard@20b54cfe[
  size=9
  solver=sudoku.model.BacktrackingSudokuSolver@2bdb5e0f
  board={{9,8,6,1,7,2,4,3,5},{2,3,7,4,5,6,8,9,1},{4,1,5,8,3,9,2,6,7},{8,2,9,3,1,4,5,7,6},{3,4,1,2,6,7,9,0,0},{0,0,0,0,0,0,0,0,0},{0,0,0,0,0,0,0,0,0},{0,0,0,0,0,0,0,0,0},{0,0,0,0,0,0,0,0,0}}
]
17:37:11.139 [main] INFO  sudoku.model.SudokuBoard - Wartość 0 wstawiona nieprawidłowo
17:37:11.139 [main] INFO  sudoku.model.SudokuBoard - Bład w kwadracie 0
sudoku.model.SudokuBoard@20b54cfe[
  size=9
  solver=sudoku.model.BacktrackingSudokuSolver@2bdb5e0f
  board={{9,8,6,1,7,2,4,3,5},{2,3,7,4,5,6,8,9,1},{4,1,5,8,3,9,2,6,7},{8,2,9,3,1,4,5,7,6},{3,4,1,2,6,7,0,0,0},{0,0,0,0,0,0,0,0,0},{0,0,0,0,0,0,0,0,0},{0,0,0,0,0,0,0,0,0},{0,0,0,0,0,0,0,0,0}}
]
17:37:11.139 [main] INFO  sudoku.model.SudokuBoard - Wartość 0 wstawiona nieprawidłowo
17:37:11.147 [main] INFO  sudoku.model.SudokuBoard - Bład w kwadracie 0
sudoku.model.SudokuBoard@20b54cfe[
  size=9
  solver=sudoku.model.BacktrackingSudokuSolver@2bdb5e0f
  board={{9,8,6,1,7,2,4,3,5},{2,3,7,4,5,6,8,9,1},{4,1,5,8,3,9,2,6,7},{8,2,9,3,1,4,5,7,6},{3,4,1,2,6,0,0,0,0},{0,0,0,0,0,0,0,0,0},{0,0,0,0,0,0,0,0,0},{0,0,0,0,0,0,0,0,0},{0,0,0,0,0,0,0,0,0}}
]
17:37:11.147 [main] INFO  sudoku.model.SudokuBoard - Wartość 0 wstawiona nieprawidłowo
17:37:11.147 [main] INFO  sudoku.model.SudokuBoard - Bład w kwadracie 0
sudoku.model.SudokuBoard@20b54cfe[
  size=9
  solver=sudoku.model.BacktrackingSudokuSolver@2bdb5e0f
  board={{9,8,6,1,7,2,4,3,5},{2,3,7,4,5,6,8,9,1},{4,1,5,8,3,9,2,6,7},{8,2,9,3,1,4,5,7,6},{3,4,1,2,6,8,0,0,0},{0,0,0,0,0,0,0,0,0},{0,0,0,0,0,0,0,0,0},{0,0,0,0,0,0,0,0,0},{0,0,0,0,0,0,0,0,0}}
]
17:37:11.147 [main] INFO  sudoku.model.SudokuBoard - Wartość 0 wstawiona nieprawidłowo
17:37:11.148 [main] INFO  sudoku.model.SudokuBoard - Bład w kwadracie 0
sudoku.model.SudokuBoard@20b54cfe[
  size=9
  solver=sudoku.model.BacktrackingSudokuSolver@2bdb5e0f
  board={{9,8,6,1,7,2,4,3,5},{2,3,7,4,5,6,8,9,1},{4,1,5,8,3,9,2,6,7},{8,2,9,3,1,4,5,7,6},{3,4,1,2,6,0,0,0,0},{0,0,0,0,0,0,0,0,0},{0,0,0,0,0,0,0,0,0},{0,0,0,0,0,0,0,0,0},{0,0,0,0,0,0,0,0,0}}
]
17:37:11.148 [main] INFO  sudoku.model.SudokuBoard - Wartość 0 wstawiona nieprawidłowo
17:37:11.148 [main] INFO  sudoku.model.SudokuBoard - Bład w kwadracie 0
sudoku.model.SudokuBoard@20b54cfe[
  size=9
  solver=sudoku.model.BacktrackingSudokuSolver@2bdb5e0f
  board={{9,8,6,1,7,2,4,3,5},{2,3,7,4,5,6,8,9,1},{4,1,5,8,3,9,2,6,7},{8,2,9,3,1,4,5,7,6},{3,4,1,2,0,0,0,0,0},{0,0,0,0,0,0,0,0,0},{0,0,0,0,0,0,0,0,0},{0,0,0,0,0,0,0,0,0},{0,0,0,0,0,0,0,0,0}}
]
17:37:11.148 [main] INFO  sudoku.model.SudokuBoard - Wartość 0 wstawiona nieprawidłowo
17:37:11.148 [main] INFO  sudoku.model.SudokuBoard - Bład w kwadracie 0
sudoku.model.SudokuBoard@20b54cfe[
  size=9
  solver=sudoku.model.BacktrackingSudokuSolver@2bdb5e0f
  board={{9,8,6,1,7,2,4,3,5},{2,3,7,4,5,6,8,9,1},{4,1,5,8,3,9,2,6,7},{8,2,9,3,1,4,5,7,6},{3,4,1,2,8,7,0,0,0},{0,0,0,0,0,0,0,0,0},{0,0,0,0,0,0,0,0,0},{0,0,0,0,0,0,0,0,0},{0,0,0,0,0,0,0,0,0}}
]
17:37:11.148 [main] INFO  sudoku.model.SudokuBoard - Wartość 0 wstawiona nieprawidłowo
17:37:11.148 [main] INFO  sudoku.model.SudokuBoard - Bład w kwadracie 0
sudoku.model.SudokuBoard@20b54cfe[
  size=9
  solver=sudoku.model.BacktrackingSudokuSolver@2bdb5e0f
  board={{9,8,6,1,7,2,4,3,5},{2,3,7,4,5,6,8,9,1},{4,1,5,8,3,9,2,6,7},{8,2,9,3,1,4,5,7,6},{3,4,1,2,8,0,0,0,0},{0,0,0,0,0,0,0,0,0},{0,0,0,0,0,0,0,0,0},{0,0,0,0,0,0,0,0,0},{0,0,0,0,0,0,0,0,0}}
]
17:37:11.148 [main] INFO  sudoku.model.SudokuBoard - Wartość 0 wstawiona nieprawidłowo
17:37:11.148 [main] INFO  sudoku.model.SudokuBoard - Bład w kwadracie 0
sudoku.model.SudokuBoard@20b54cfe[
  size=9
  solver=sudoku.model.BacktrackingSudokuSolver@2bdb5e0f
  board={{9,8,6,1,7,2,4,3,5},{2,3,7,4,5,6,8,9,1},{4,1,5,8,3,9,2,6,7},{8,2,9,3,1,4,5,7,6},{3,4,1,2,8,5,0,0,0},{0,0,0,0,0,0,0,0,0},{0,0,0,0,0,0,0,0,0},{0,0,0,0,0,0,0,0,0},{0,0,0,0,0,0,0,0,0}}
]
17:37:11.148 [main] INFO  sudoku.model.SudokuBoard - Wartość 0 wstawiona nieprawidłowo
17:37:11.148 [main] INFO  sudoku.model.SudokuBoard - Bład w kwadracie 0
sudoku.model.SudokuBoard@20b54cfe[
  size=9
  solver=sudoku.model.BacktrackingSudokuSolver@2bdb5e0f
  board={{9,8,6,1,7,2,4,3,5},{2,3,7,4,5,6,8,9,1},{4,1,5,8,3,9,2,6,7},{8,2,9,3,1,4,5,7,6},{3,4,1,2,8,0,0,0,0},{0,0,0,0,0,0,0,0,0},{0,0,0,0,0,0,0,0,0},{0,0,0,0,0,0,0,0,0},{0,0,0,0,0,0,0,0,0}}
]
17:37:11.148 [main] INFO  sudoku.model.SudokuBoard - Wartość 0 wstawiona nieprawidłowo
17:37:11.148 [main] INFO  sudoku.model.SudokuBoard - Bład w kwadracie 0
sudoku.model.SudokuBoard@20b54cfe[
  size=9
  solver=sudoku.model.BacktrackingSudokuSolver@2bdb5e0f
  board={{9,8,6,1,7,2,4,3,5},{2,3,7,4,5,6,8,9,1},{4,1,5,8,3,9,2,6,7},{8,2,9,3,1,4,5,7,6},{3,4,1,2,0,0,0,0,0},{0,0,0,0,0,0,0,0,0},{0,0,0,0,0,0,0,0,0},{0,0,0,0,0,0,0,0,0},{0,0,0,0,0,0,0,0,0}}
]
17:37:11.148 [main] INFO  sudoku.model.SudokuBoard - Wartość 0 wstawiona nieprawidłowo
17:37:11.148 [main] INFO  sudoku.model.SudokuBoard - Bład w kwadracie 0
sudoku.model.SudokuBoard@20b54cfe[
  size=9
  solver=sudoku.model.BacktrackingSudokuSolver@2bdb5e0f
  board={{9,8,6,1,7,2,4,3,5},{2,3,7,4,5,6,8,9,1},{4,1,5,8,3,9,2,6,7},{8,2,9,3,1,4,5,7,6},{3,4,1,2,9,0,0,0,0},{0,0,0,0,0,0,0,0,0},{0,0,0,0,0,0,0,0,0},{0,0,0,0,0,0,0,0,0},{0,0,0,0,0,0,0,0,0}}
]
17:37:11.148 [main] INFO  sudoku.model.SudokuBoard - Wartość 0 wstawiona nieprawidłowo
17:37:11.149 [main] INFO  sudoku.model.SudokuBoard - Bład w kwadracie 0
sudoku.model.SudokuBoard@20b54cfe[
  size=9
  solver=sudoku.model.BacktrackingSudokuSolver@2bdb5e0f
  board={{9,8,6,1,7,2,4,3,5},{2,3,7,4,5,6,8,9,1},{4,1,5,8,3,9,2,6,7},{8,2,9,3,1,4,5,7,6},{3,4,1,2,9,0,0,0,0},{0,0,0,0,0,0,0,0,0},{0,0,0,0,0,0,0,0,0},{0,0,0,0,0,0,0,0,0},{0,0,0,0,0,0,0,0,0}}
]
17:37:11.149 [main] INFO  sudoku.model.SudokuBoard - Wartość 0 wstawiona nieprawidłowo
17:37:11.149 [main] INFO  sudoku.model.SudokuBoard - Bład w kwadracie 0
sudoku.model.SudokuBoard@20b54cfe[
  size=9
  solver=sudoku.model.BacktrackingSudokuSolver@2bdb5e0f
  board={{9,8,6,1,7,2,4,3,5},{2,3,7,4,5,6,8,9,1},{4,1,5,8,3,9,2,6,7},{8,2,9,3,1,4,5,7,6},{3,4,1,2,9,0,0,0,0},{0,0,0,0,0,0,0,0,0},{0,0,0,0,0,0,0,0,0},{0,0,0,0,0,0,0,0,0},{0,0,0,0,0,0,0,0,0}}
]
17:37:11.149 [main] INFO  sudoku.model.SudokuBoard - Wartość 0 wstawiona nieprawidłowo
17:37:11.149 [main] INFO  sudoku.model.SudokuBoard - Bład w kwadracie 0
sudoku.model.SudokuBoard@20b54cfe[
  size=9
  solver=sudoku.model.BacktrackingSudokuSolver@2bdb5e0f
  board={{9,8,6,1,7,2,4,3,5},{2,3,7,4,5,6,8,9,1},{4,1,5,8,3,9,2,6,7},{8,2,9,3,1,4,5,7,6},{3,4,1,2,0,0,0,0,0},{0,0,0,0,0,0,0,0,0},{0,0,0,0,0,0,0,0,0},{0,0,0,0,0,0,0,0,0},{0,0,0,0,0,0,0,0,0}}
]
17:37:11.149 [main] INFO  sudoku.model.SudokuBoard - Wartość 0 wstawiona nieprawidłowo
17:37:11.149 [main] INFO  sudoku.model.SudokuBoard - Bład w kwadracie 0
sudoku.model.SudokuBoard@20b54cfe[
  size=9
  solver=sudoku.model.BacktrackingSudokuSolver@2bdb5e0f
  board={{9,8,6,1,7,2,4,3,5},{2,3,7,4,5,6,8,9,1},{4,1,5,8,3,9,2,6,7},{8,2,9,3,1,4,5,7,6},{3,4,1,0,0,0,0,0,0},{0,0,0,0,0,0,0,0,0},{0,0,0,0,0,0,0,0,0},{0,0,0,0,0,0,0,0,0},{0,0,0,0,0,0,0,0,0}}
]
17:37:11.149 [main] INFO  sudoku.model.SudokuBoard - Wartość 0 wstawiona nieprawidłowo
17:37:11.149 [main] INFO  sudoku.model.SudokuBoard - Bład w kwadracie 0
sudoku.model.SudokuBoard@20b54cfe[
  size=9
  solver=sudoku.model.BacktrackingSudokuSolver@2bdb5e0f
  board={{9,8,6,1,7,2,4,3,5},{2,3,7,4,5,6,8,9,1},{4,1,5,8,3,9,2,6,7},{8,2,9,3,1,4,5,7,6},{3,4,1,5,8,7,9,0,0},{0,0,0,0,0,0,0,0,0},{0,0,0,0,0,0,0,0,0},{0,0,0,0,0,0,0,0,0},{0,0,0,0,0,0,0,0,0}}
]
17:37:11.149 [main] INFO  sudoku.model.SudokuBoard - Wartość 0 wstawiona nieprawidłowo
17:37:11.149 [main] INFO  sudoku.model.SudokuBoard - Bład w kwadracie 0
sudoku.model.SudokuBoard@20b54cfe[
  size=9
  solver=sudoku.model.BacktrackingSudokuSolver@2bdb5e0f
  board={{9,8,6,1,7,2,4,3,5},{2,3,7,4,5,6,8,9,1},{4,1,5,8,3,9,2,6,7},{8,2,9,3,1,4,5,7,6},{3,4,1,5,8,7,0,0,0},{0,0,0,0,0,0,0,0,0},{0,0,0,0,0,0,0,0,0},{0,0,0,0,0,0,0,0,0},{0,0,0,0,0,0,0,0,0}}
]
17:37:11.149 [main] INFO  sudoku.model.SudokuBoard - Wartość 0 wstawiona nieprawidłowo
17:37:11.150 [main] INFO  sudoku.model.SudokuBoard - Bład w kwadracie 0
sudoku.model.SudokuBoard@20b54cfe[
  size=9
  solver=sudoku.model.BacktrackingSudokuSolver@2bdb5e0f
  board={{9,8,6,1,7,2,4,3,5},{2,3,7,4,5,6,8,9,1},{4,1,5,8,3,9,2,6,7},{8,2,9,3,1,4,5,7,6},{3,4,1,5,8,0,0,0,0},{0,0,0,0,0,0,0,0,0},{0,0,0,0,0,0,0,0,0},{0,0,0,0,0,0,0,0,0},{0,0,0,0,0,0,0,0,0}}
]
17:37:11.150 [main] INFO  sudoku.model.SudokuBoard - Wartość 0 wstawiona nieprawidłowo
17:37:11.150 [main] INFO  sudoku.model.SudokuBoard - Bład w kwadracie 0
sudoku.model.SudokuBoard@20b54cfe[
  size=9
  solver=sudoku.model.BacktrackingSudokuSolver@2bdb5e0f
  board={{9,8,6,1,7,2,4,3,5},{2,3,7,4,5,6,8,9,1},{4,1,5,8,3,9,2,6,7},{8,2,9,3,1,4,5,7,6},{3,4,1,5,0,0,0,0,0},{0,0,0,0,0,0,0,0,0},{0,0,0,0,0,0,0,0,0},{0,0,0,0,0,0,0,0,0},{0,0,0,0,0,0,0,0,0}}
]
17:37:11.150 [main] INFO  sudoku.model.SudokuBoard - Wartość 0 wstawiona nieprawidłowo
17:37:11.150 [main] INFO  sudoku.model.SudokuBoard - Bład w kwadracie 0
sudoku.model.SudokuBoard@20b54cfe[
  size=9
  solver=sudoku.model.BacktrackingSudokuSolver@2bdb5e0f
  board={{9,8,6,1,7,2,4,3,5},{2,3,7,4,5,6,8,9,1},{4,1,5,8,3,9,2,6,7},{8,2,9,3,1,4,5,7,6},{3,4,1,5,9,0,0,0,0},{0,0,0,0,0,0,0,0,0},{0,0,0,0,0,0,0,0,0},{0,0,0,0,0,0,0,0,0},{0,0,0,0,0,0,0,0,0}}
]
17:37:11.150 [main] INFO  sudoku.model.SudokuBoard - Wartość 0 wstawiona nieprawidłowo
17:37:11.150 [main] INFO  sudoku.model.SudokuBoard - Bład w kwadracie 0
sudoku.model.SudokuBoard@20b54cfe[
  size=9
  solver=sudoku.model.BacktrackingSudokuSolver@2bdb5e0f
  board={{9,8,6,1,7,2,4,3,5},{2,3,7,4,5,6,8,9,1},{4,1,5,8,3,9,2,6,7},{8,2,9,3,1,4,5,7,6},{3,4,1,5,9,0,0,0,0},{0,0,0,0,0,0,0,0,0},{0,0,0,0,0,0,0,0,0},{0,0,0,0,0,0,0,0,0},{0,0,0,0,0,0,0,0,0}}
]
17:37:11.150 [main] INFO  sudoku.model.SudokuBoard - Wartość 0 wstawiona nieprawidłowo
17:37:11.150 [main] INFO  sudoku.model.SudokuBoard - Bład w kwadracie 0
sudoku.model.SudokuBoard@20b54cfe[
  size=9
  solver=sudoku.model.BacktrackingSudokuSolver@2bdb5e0f
  board={{9,8,6,1,7,2,4,3,5},{2,3,7,4,5,6,8,9,1},{4,1,5,8,3,9,2,6,7},{8,2,9,3,1,4,5,7,6},{3,4,1,5,0,0,0,0,0},{0,0,0,0,0,0,0,0,0},{0,0,0,0,0,0,0,0,0},{0,0,0,0,0,0,0,0,0},{0,0,0,0,0,0,0,0,0}}
]
17:37:11.150 [main] INFO  sudoku.model.SudokuBoard - Wartość 0 wstawiona nieprawidłowo
17:37:11.150 [main] INFO  sudoku.model.SudokuBoard - Bład w kwadracie 0
sudoku.model.SudokuBoard@20b54cfe[
  size=9
  solver=sudoku.model.BacktrackingSudokuSolver@2bdb5e0f
  board={{9,8,6,1,7,2,4,3,5},{2,3,7,4,5,6,8,9,1},{4,1,5,8,3,9,2,6,7},{8,2,9,3,1,4,5,7,6},{3,4,1,5,2,7,9,0,0},{0,0,0,0,0,0,0,0,0},{0,0,0,0,0,0,0,0,0},{0,0,0,0,0,0,0,0,0},{0,0,0,0,0,0,0,0,0}}
]
17:37:11.150 [main] INFO  sudoku.model.SudokuBoard - Wartość 0 wstawiona nieprawidłowo
17:37:11.150 [main] INFO  sudoku.model.SudokuBoard - Bład w kwadracie 0
sudoku.model.SudokuBoard@20b54cfe[
  size=9
  solver=sudoku.model.BacktrackingSudokuSolver@2bdb5e0f
  board={{9,8,6,1,7,2,4,3,5},{2,3,7,4,5,6,8,9,1},{4,1,5,8,3,9,2,6,7},{8,2,9,3,1,4,5,7,6},{3,4,1,5,2,7,0,0,0},{0,0,0,0,0,0,0,0,0},{0,0,0,0,0,0,0,0,0},{0,0,0,0,0,0,0,0,0},{0,0,0,0,0,0,0,0,0}}
]
17:37:11.150 [main] INFO  sudoku.model.SudokuBoard - Wartość 0 wstawiona nieprawidłowo
17:37:11.150 [main] INFO  sudoku.model.SudokuBoard - Bład w kwadracie 0
sudoku.model.SudokuBoard@20b54cfe[
  size=9
  solver=sudoku.model.BacktrackingSudokuSolver@2bdb5e0f
  board={{9,8,6,1,7,2,4,3,5},{2,3,7,4,5,6,8,9,1},{4,1,5,8,3,9,2,6,7},{8,2,9,3,1,4,5,7,6},{3,4,1,5,2,0,0,0,0},{0,0,0,0,0,0,0,0,0},{0,0,0,0,0,0,0,0,0},{0,0,0,0,0,0,0,0,0},{0,0,0,0,0,0,0,0,0}}
]
17:37:11.150 [main] INFO  sudoku.model.SudokuBoard - Wartość 0 wstawiona nieprawidłowo
17:37:11.151 [main] INFO  sudoku.model.SudokuBoard - Bład w kwadracie 0
sudoku.model.SudokuBoard@20b54cfe[
  size=9
  solver=sudoku.model.BacktrackingSudokuSolver@2bdb5e0f
  board={{9,8,6,1,7,2,4,3,5},{2,3,7,4,5,6,8,9,1},{4,1,5,8,3,9,2,6,7},{8,2,9,3,1,4,5,7,6},{3,4,1,5,2,8,0,0,0},{0,0,0,0,0,0,0,0,0},{0,0,0,0,0,0,0,0,0},{0,0,0,0,0,0,0,0,0},{0,0,0,0,0,0,0,0,0}}
]
17:37:11.151 [main] INFO  sudoku.model.SudokuBoard - Wartość 0 wstawiona nieprawidłowo
17:37:11.151 [main] INFO  sudoku.model.SudokuBoard - Bład w kwadracie 0
sudoku.model.SudokuBoard@20b54cfe[
  size=9
  solver=sudoku.model.BacktrackingSudokuSolver@2bdb5e0f
  board={{9,8,6,1,7,2,4,3,5},{2,3,7,4,5,6,8,9,1},{4,1,5,8,3,9,2,6,7},{8,2,9,3,1,4,5,7,6},{3,4,1,5,2,0,0,0,0},{0,0,0,0,0,0,0,0,0},{0,0,0,0,0,0,0,0,0},{0,0,0,0,0,0,0,0,0},{0,0,0,0,0,0,0,0,0}}
]
17:37:11.151 [main] INFO  sudoku.model.SudokuBoard - Wartość 0 wstawiona nieprawidłowo
17:37:11.151 [main] INFO  sudoku.model.SudokuBoard - Bład w kwadracie 0
sudoku.model.SudokuBoard@20b54cfe[
  size=9
  solver=sudoku.model.BacktrackingSudokuSolver@2bdb5e0f
  board={{9,8,6,1,7,2,4,3,5},{2,3,7,4,5,6,8,9,1},{4,1,5,8,3,9,2,6,7},{8,2,9,3,1,4,5,7,6},{3,4,1,5,0,0,0,0,0},{0,0,0,0,0,0,0,0,0},{0,0,0,0,0,0,0,0,0},{0,0,0,0,0,0,0,0,0},{0,0,0,0,0,0,0,0,0}}
]
17:37:11.151 [main] INFO  sudoku.model.SudokuBoard - Wartość 0 wstawiona nieprawidłowo
17:37:11.151 [main] INFO  sudoku.model.SudokuBoard - Bład w kwadracie 0
sudoku.model.SudokuBoard@20b54cfe[
  size=9
  solver=sudoku.model.BacktrackingSudokuSolver@2bdb5e0f
  board={{9,8,6,1,7,2,4,3,5},{2,3,7,4,5,6,8,9,1},{4,1,5,8,3,9,2,6,7},{8,2,9,3,1,4,5,7,6},{3,4,1,5,6,7,9,8,2},{5,0,0,0,0,0,0,0,0},{0,0,0,0,0,0,0,0,0},{0,0,0,0,0,0,0,0,0},{0,0,0,0,0,0,0,0,0}}
]
17:37:11.151 [main] INFO  sudoku.model.SudokuBoard - Wartość 0 wstawiona nieprawidłowo
17:37:11.151 [main] INFO  sudoku.model.SudokuBoard - Bład w kwadracie 0
sudoku.model.SudokuBoard@20b54cfe[
  size=9
  solver=sudoku.model.BacktrackingSudokuSolver@2bdb5e0f
  board={{9,8,6,1,7,2,4,3,5},{2,3,7,4,5,6,8,9,1},{4,1,5,8,3,9,2,6,7},{8,2,9,3,1,4,5,7,6},{3,4,1,5,6,7,9,8,2},{5,0,0,0,0,0,0,0,0},{0,0,0,0,0,0,0,0,0},{0,0,0,0,0,0,0,0,0},{0,0,0,0,0,0,0,0,0}}
]
17:37:11.152 [main] INFO  sudoku.model.SudokuBoard - Wartość 0 wstawiona nieprawidłowo
17:37:11.152 [main] INFO  sudoku.model.SudokuBoard - Bład w kwadracie 0
sudoku.model.SudokuBoard@20b54cfe[
  size=9
  solver=sudoku.model.BacktrackingSudokuSolver@2bdb5e0f
  board={{9,8,6,1,7,2,4,3,5},{2,3,7,4,5,6,8,9,1},{4,1,5,8,3,9,2,6,7},{8,2,9,3,1,4,5,7,6},{3,4,1,5,6,7,9,8,2},{0,0,0,0,0,0,0,0,0},{0,0,0,0,0,0,0,0,0},{0,0,0,0,0,0,0,0,0},{0,0,0,0,0,0,0,0,0}}
]
17:37:11.152 [main] INFO  sudoku.model.SudokuBoard - Wartość 0 wstawiona nieprawidłowo
17:37:11.152 [main] INFO  sudoku.model.SudokuBoard - Bład w kwadracie 0
sudoku.model.SudokuBoard@20b54cfe[
  size=9
  solver=sudoku.model.BacktrackingSudokuSolver@2bdb5e0f
  board={{9,8,6,1,7,2,4,3,5},{2,3,7,4,5,6,8,9,1},{4,1,5,8,3,9,2,6,7},{8,2,9,3,1,4,5,7,6},{3,4,1,5,6,7,9,8,2},{6,0,0,0,0,0,0,0,0},{0,0,0,0,0,0,0,0,0},{0,0,0,0,0,0,0,0,0},{0,0,0,0,0,0,0,0,0}}
]
17:37:11.152 [main] INFO  sudoku.model.SudokuBoard - Wartość 0 wstawiona nieprawidłowo
17:37:11.152 [main] INFO  sudoku.model.SudokuBoard - Bład w kwadracie 0
sudoku.model.SudokuBoard@20b54cfe[
  size=9
  solver=sudoku.model.BacktrackingSudokuSolver@2bdb5e0f
  board={{9,8,6,1,7,2,4,3,5},{2,3,7,4,5,6,8,9,1},{4,1,5,8,3,9,2,6,7},{8,2,9,3,1,4,5,7,6},{3,4,1,5,6,7,9,8,2},{6,0,0,0,0,0,0,0,0},{0,0,0,0,0,0,0,0,0},{0,0,0,0,0,0,0,0,0},{0,0,0,0,0,0,0,0,0}}
]
17:37:11.152 [main] INFO  sudoku.model.SudokuBoard - Wartość 0 wstawiona nieprawidłowo
17:37:11.152 [main] INFO  sudoku.model.SudokuBoard - Bład w kwadracie 0
sudoku.model.SudokuBoard@20b54cfe[
  size=9
  solver=sudoku.model.BacktrackingSudokuSolver@2bdb5e0f
  board={{9,8,6,1,7,2,4,3,5},{2,3,7,4,5,6,8,9,1},{4,1,5,8,3,9,2,6,7},{8,2,9,3,1,4,5,7,6},{3,4,1,5,6,7,9,8,2},{0,0,0,0,0,0,0,0,0},{0,0,0,0,0,0,0,0,0},{0,0,0,0,0,0,0,0,0},{0,0,0,0,0,0,0,0,0}}
]
17:37:11.152 [main] INFO  sudoku.model.SudokuBoard - Wartość 0 wstawiona nieprawidłowo
17:37:11.152 [main] INFO  sudoku.model.SudokuBoard - Bład w kwadracie 0
sudoku.model.SudokuBoard@20b54cfe[
  size=9
  solver=sudoku.model.BacktrackingSudokuSolver@2bdb5e0f
  board={{9,8,6,1,7,2,4,3,5},{2,3,7,4,5,6,8,9,1},{4,1,5,8,3,9,2,6,7},{8,2,9,3,1,4,5,7,6},{3,4,1,5,6,7,9,8,2},{7,0,0,0,0,0,0,0,0},{0,0,0,0,0,0,0,0,0},{0,0,0,0,0,0,0,0,0},{0,0,0,0,0,0,0,0,0}}
]
17:37:11.152 [main] INFO  sudoku.model.SudokuBoard - Wartość 0 wstawiona nieprawidłowo
17:37:11.152 [main] INFO  sudoku.model.SudokuBoard - Bład w kwadracie 0
sudoku.model.SudokuBoard@20b54cfe[
  size=9
  solver=sudoku.model.BacktrackingSudokuSolver@2bdb5e0f
  board={{9,8,6,1,7,2,4,3,5},{2,3,7,4,5,6,8,9,1},{4,1,5,8,3,9,2,6,7},{8,2,9,3,1,4,5,7,6},{3,4,1,5,6,7,9,8,2},{7,0,0,0,0,0,0,0,0},{0,0,0,0,0,0,0,0,0},{0,0,0,0,0,0,0,0,0},{0,0,0,0,0,0,0,0,0}}
]
17:37:11.152 [main] INFO  sudoku.model.SudokuBoard - Wartość 0 wstawiona nieprawidłowo
17:37:11.152 [main] INFO  sudoku.model.SudokuBoard - Bład w kwadracie 0
sudoku.model.SudokuBoard@20b54cfe[
  size=9
  solver=sudoku.model.BacktrackingSudokuSolver@2bdb5e0f
  board={{9,8,6,1,7,2,4,3,5},{2,3,7,4,5,6,8,9,1},{4,1,5,8,3,9,2,6,7},{8,2,9,3,1,4,5,7,6},{3,4,1,5,6,7,9,8,2},{0,0,0,0,0,0,0,0,0},{0,0,0,0,0,0,0,0,0},{0,0,0,0,0,0,0,0,0},{0,0,0,0,0,0,0,0,0}}
]
17:37:11.152 [main] INFO  sudoku.model.SudokuBoard - Wartość 0 wstawiona nieprawidłowo
17:37:11.152 [main] INFO  sudoku.model.SudokuBoard - Bład w kwadracie 0
sudoku.model.SudokuBoard@20b54cfe[
  size=9
  solver=sudoku.model.BacktrackingSudokuSolver@2bdb5e0f
  board={{9,8,6,1,7,2,4,3,5},{2,3,7,4,5,6,8,9,1},{4,1,5,8,3,9,2,6,7},{8,2,9,3,1,4,5,7,6},{3,4,1,5,6,7,9,8,0},{0,0,0,0,0,0,0,0,0},{0,0,0,0,0,0,0,0,0},{0,0,0,0,0,0,0,0,0},{0,0,0,0,0,0,0,0,0}}
]
17:37:11.153 [main] INFO  sudoku.model.SudokuBoard - Wartość 0 wstawiona nieprawidłowo
17:37:11.153 [main] INFO  sudoku.model.SudokuBoard - Bład w kwadracie 0
sudoku.model.SudokuBoard@20b54cfe[
  size=9
  solver=sudoku.model.BacktrackingSudokuSolver@2bdb5e0f
  board={{9,8,6,1,7,2,4,3,5},{2,3,7,4,5,6,8,9,1},{4,1,5,8,3,9,2,6,7},{8,2,9,3,1,4,5,7,6},{3,4,1,5,6,7,9,0,0},{0,0,0,0,0,0,0,0,0},{0,0,0,0,0,0,0,0,0},{0,0,0,0,0,0,0,0,0},{0,0,0,0,0,0,0,0,0}}
]
17:37:11.153 [main] INFO  sudoku.model.SudokuBoard - Wartość 0 wstawiona nieprawidłowo
17:37:11.153 [main] INFO  sudoku.model.SudokuBoard - Bład w kwadracie 0
sudoku.model.SudokuBoard@20b54cfe[
  size=9
  solver=sudoku.model.BacktrackingSudokuSolver@2bdb5e0f
  board={{9,8,6,1,7,2,4,3,5},{2,3,7,4,5,6,8,9,1},{4,1,5,8,3,9,2,6,7},{8,2,9,3,1,4,5,7,6},{3,4,1,5,6,7,9,2,8},{6,0,0,0,0,0,0,0,0},{0,0,0,0,0,0,0,0,0},{0,0,0,0,0,0,0,0,0},{0,0,0,0,0,0,0,0,0}}
]
17:37:11.153 [main] INFO  sudoku.model.SudokuBoard - Wartość 0 wstawiona nieprawidłowo
17:37:11.153 [main] INFO  sudoku.model.SudokuBoard - Bład w kwadracie 0
sudoku.model.SudokuBoard@20b54cfe[
  size=9
  solver=sudoku.model.BacktrackingSudokuSolver@2bdb5e0f
  board={{9,8,6,1,7,2,4,3,5},{2,3,7,4,5,6,8,9,1},{4,1,5,8,3,9,2,6,7},{8,2,9,3,1,4,5,7,6},{3,4,1,5,6,7,9,2,8},{6,0,0,0,0,0,0,0,0},{0,0,0,0,0,0,0,0,0},{0,0,0,0,0,0,0,0,0},{0,0,0,0,0,0,0,0,0}}
]
17:37:11.153 [main] INFO  sudoku.model.SudokuBoard - Wartość 0 wstawiona nieprawidłowo
17:37:11.153 [main] INFO  sudoku.model.SudokuBoard - Bład w kwadracie 0
sudoku.model.SudokuBoard@20b54cfe[
  size=9
  solver=sudoku.model.BacktrackingSudokuSolver@2bdb5e0f
  board={{9,8,6,1,7,2,4,3,5},{2,3,7,4,5,6,8,9,1},{4,1,5,8,3,9,2,6,7},{8,2,9,3,1,4,5,7,6},{3,4,1,5,6,7,9,2,8},{0,0,0,0,0,0,0,0,0},{0,0,0,0,0,0,0,0,0},{0,0,0,0,0,0,0,0,0},{0,0,0,0,0,0,0,0,0}}
]
17:37:11.153 [main] INFO  sudoku.model.SudokuBoard - Wartość 0 wstawiona nieprawidłowo
17:37:11.153 [main] INFO  sudoku.model.SudokuBoard - Bład w kwadracie 0
sudoku.model.SudokuBoard@20b54cfe[
  size=9
  solver=sudoku.model.BacktrackingSudokuSolver@2bdb5e0f
  board={{9,8,6,1,7,2,4,3,5},{2,3,7,4,5,6,8,9,1},{4,1,5,8,3,9,2,6,7},{8,2,9,3,1,4,5,7,6},{3,4,1,5,6,7,9,2,8},{7,0,0,0,0,0,0,0,0},{0,0,0,0,0,0,0,0,0},{0,0,0,0,0,0,0,0,0},{0,0,0,0,0,0,0,0,0}}
]
17:37:11.154 [main] INFO  sudoku.model.SudokuBoard - Wartość 0 wstawiona nieprawidłowo
17:37:11.154 [main] INFO  sudoku.model.SudokuBoard - Bład w kwadracie 0
sudoku.model.SudokuBoard@20b54cfe[
  size=9
  solver=sudoku.model.BacktrackingSudokuSolver@2bdb5e0f
  board={{9,8,6,1,7,2,4,3,5},{2,3,7,4,5,6,8,9,1},{4,1,5,8,3,9,2,6,7},{8,2,9,3,1,4,5,7,6},{3,4,1,5,6,7,9,2,8},{7,0,0,0,0,0,0,0,0},{0,0,0,0,0,0,0,0,0},{0,0,0,0,0,0,0,0,0},{0,0,0,0,0,0,0,0,0}}
]
17:37:11.154 [main] INFO  sudoku.model.SudokuBoard - Wartość 0 wstawiona nieprawidłowo
17:37:11.154 [main] INFO  sudoku.model.SudokuBoard - Bład w kwadracie 0
sudoku.model.SudokuBoard@20b54cfe[
  size=9
  solver=sudoku.model.BacktrackingSudokuSolver@2bdb5e0f
  board={{9,8,6,1,7,2,4,3,5},{2,3,7,4,5,6,8,9,1},{4,1,5,8,3,9,2,6,7},{8,2,9,3,1,4,5,7,6},{3,4,1,5,6,7,9,2,8},{0,0,0,0,0,0,0,0,0},{0,0,0,0,0,0,0,0,0},{0,0,0,0,0,0,0,0,0},{0,0,0,0,0,0,0,0,0}}
]
17:37:11.154 [main] INFO  sudoku.model.SudokuBoard - Wartość 0 wstawiona nieprawidłowo
17:37:11.155 [main] INFO  sudoku.model.SudokuBoard - Bład w kwadracie 0
sudoku.model.SudokuBoard@20b54cfe[
  size=9
  solver=sudoku.model.BacktrackingSudokuSolver@2bdb5e0f
  board={{9,8,6,1,7,2,4,3,5},{2,3,7,4,5,6,8,9,1},{4,1,5,8,3,9,2,6,7},{8,2,9,3,1,4,5,7,6},{3,4,1,5,6,7,9,2,8},{5,0,0,0,0,0,0,0,0},{0,0,0,0,0,0,0,0,0},{0,0,0,0,0,0,0,0,0},{0,0,0,0,0,0,0,0,0}}
]
17:37:11.155 [main] INFO  sudoku.model.SudokuBoard - Wartość 0 wstawiona nieprawidłowo
17:37:11.155 [main] INFO  sudoku.model.SudokuBoard - Bład w kwadracie 0
sudoku.model.SudokuBoard@20b54cfe[
  size=9
  solver=sudoku.model.BacktrackingSudokuSolver@2bdb5e0f
  board={{9,8,6,1,7,2,4,3,5},{2,3,7,4,5,6,8,9,1},{4,1,5,8,3,9,2,6,7},{8,2,9,3,1,4,5,7,6},{3,4,1,5,6,7,9,2,8},{5,0,0,0,0,0,0,0,0},{0,0,0,0,0,0,0,0,0},{0,0,0,0,0,0,0,0,0},{0,0,0,0,0,0,0,0,0}}
]
17:37:11.155 [main] INFO  sudoku.model.SudokuBoard - Wartość 0 wstawiona nieprawidłowo
17:37:11.162 [main] INFO  sudoku.model.SudokuBoard - Bład w kwadracie 0
sudoku.model.SudokuBoard@20b54cfe[
  size=9
  solver=sudoku.model.BacktrackingSudokuSolver@2bdb5e0f
  board={{9,8,6,1,7,2,4,3,5},{2,3,7,4,5,6,8,9,1},{4,1,5,8,3,9,2,6,7},{8,2,9,3,1,4,5,7,6},{3,4,1,5,6,7,9,2,8},{0,0,0,0,0,0,0,0,0},{0,0,0,0,0,0,0,0,0},{0,0,0,0,0,0,0,0,0},{0,0,0,0,0,0,0,0,0}}
]
17:37:11.162 [main] INFO  sudoku.model.SudokuBoard - Wartość 0 wstawiona nieprawidłowo
17:37:11.162 [main] INFO  sudoku.model.SudokuBoard - Bład w kwadracie 0
sudoku.model.SudokuBoard@20b54cfe[
  size=9
  solver=sudoku.model.BacktrackingSudokuSolver@2bdb5e0f
  board={{9,8,6,1,7,2,4,3,5},{2,3,7,4,5,6,8,9,1},{4,1,5,8,3,9,2,6,7},{8,2,9,3,1,4,5,7,6},{3,4,1,5,6,7,9,2,0},{0,0,0,0,0,0,0,0,0},{0,0,0,0,0,0,0,0,0},{0,0,0,0,0,0,0,0,0},{0,0,0,0,0,0,0,0,0}}
]
17:37:11.162 [main] INFO  sudoku.model.SudokuBoard - Wartość 0 wstawiona nieprawidłowo
17:37:11.162 [main] INFO  sudoku.model.SudokuBoard - Bład w kwadracie 0
sudoku.model.SudokuBoard@20b54cfe[
  size=9
  solver=sudoku.model.BacktrackingSudokuSolver@2bdb5e0f
  board={{9,8,6,1,7,2,4,3,5},{2,3,7,4,5,6,8,9,1},{4,1,5,8,3,9,2,6,7},{8,2,9,3,1,4,5,7,6},{3,4,1,5,6,7,9,0,0},{0,0,0,0,0,0,0,0,0},{0,0,0,0,0,0,0,0,0},{0,0,0,0,0,0,0,0,0},{0,0,0,0,0,0,0,0,0}}
]
17:37:11.162 [main] INFO  sudoku.model.SudokuBoard - Wartość 0 wstawiona nieprawidłowo
17:37:11.162 [main] INFO  sudoku.model.SudokuBoard - Bład w kwadracie 0
sudoku.model.SudokuBoard@20b54cfe[
  size=9
  solver=sudoku.model.BacktrackingSudokuSolver@2bdb5e0f
  board={{9,8,6,1,7,2,4,3,5},{2,3,7,4,5,6,8,9,1},{4,1,5,8,3,9,2,6,7},{8,2,9,3,1,4,5,7,6},{3,4,1,5,6,7,0,0,0},{0,0,0,0,0,0,0,0,0},{0,0,0,0,0,0,0,0,0},{0,0,0,0,0,0,0,0,0},{0,0,0,0,0,0,0,0,0}}
]
17:37:11.162 [main] INFO  sudoku.model.SudokuBoard - Wartość 0 wstawiona nieprawidłowo
17:37:11.162 [main] INFO  sudoku.model.SudokuBoard - Bład w kwadracie 0
sudoku.model.SudokuBoard@20b54cfe[
  size=9
  solver=sudoku.model.BacktrackingSudokuSolver@2bdb5e0f
  board={{9,8,6,1,7,2,4,3,5},{2,3,7,4,5,6,8,9,1},{4,1,5,8,3,9,2,6,7},{8,2,9,3,1,4,5,7,6},{3,4,1,5,6,0,0,0,0},{0,0,0,0,0,0,0,0,0},{0,0,0,0,0,0,0,0,0},{0,0,0,0,0,0,0,0,0},{0,0,0,0,0,0,0,0,0}}
]
17:37:11.162 [main] INFO  sudoku.model.SudokuBoard - Wartość 0 wstawiona nieprawidłowo
17:37:11.163 [main] INFO  sudoku.model.SudokuBoard - Bład w kwadracie 0
sudoku.model.SudokuBoard@20b54cfe[
  size=9
  solver=sudoku.model.BacktrackingSudokuSolver@2bdb5e0f
  board={{9,8,6,1,7,2,4,3,5},{2,3,7,4,5,6,8,9,1},{4,1,5,8,3,9,2,6,7},{8,2,9,3,1,4,5,7,6},{3,4,1,5,6,8,9,0,0},{0,0,0,0,0,0,0,0,0},{0,0,0,0,0,0,0,0,0},{0,0,0,0,0,0,0,0,0},{0,0,0,0,0,0,0,0,0}}
]
17:37:11.163 [main] INFO  sudoku.model.SudokuBoard - Wartość 0 wstawiona nieprawidłowo
17:37:11.163 [main] INFO  sudoku.model.SudokuBoard - Bład w kwadracie 0
sudoku.model.SudokuBoard@20b54cfe[
  size=9
  solver=sudoku.model.BacktrackingSudokuSolver@2bdb5e0f
  board={{9,8,6,1,7,2,4,3,5},{2,3,7,4,5,6,8,9,1},{4,1,5,8,3,9,2,6,7},{8,2,9,3,1,4,5,7,6},{3,4,1,5,6,8,0,0,0},{0,0,0,0,0,0,0,0,0},{0,0,0,0,0,0,0,0,0},{0,0,0,0,0,0,0,0,0},{0,0,0,0,0,0,0,0,0}}
]
17:37:11.163 [main] INFO  sudoku.model.SudokuBoard - Wartość 0 wstawiona nieprawidłowo
17:37:11.163 [main] INFO  sudoku.model.SudokuBoard - Bład w kwadracie 0
sudoku.model.SudokuBoard@20b54cfe[
  size=9
  solver=sudoku.model.BacktrackingSudokuSolver@2bdb5e0f
  board={{9,8,6,1,7,2,4,3,5},{2,3,7,4,5,6,8,9,1},{4,1,5,8,3,9,2,6,7},{8,2,9,3,1,4,5,7,6},{3,4,1,5,6,0,0,0,0},{0,0,0,0,0,0,0,0,0},{0,0,0,0,0,0,0,0,0},{0,0,0,0,0,0,0,0,0},{0,0,0,0,0,0,0,0,0}}
]
17:37:11.163 [main] INFO  sudoku.model.SudokuBoard - Wartość 0 wstawiona nieprawidłowo
17:37:11.163 [main] INFO  sudoku.model.SudokuBoard - Bład w kwadracie 0
sudoku.model.SudokuBoard@20b54cfe[
  size=9
  solver=sudoku.model.BacktrackingSudokuSolver@2bdb5e0f
  board={{9,8,6,1,7,2,4,3,5},{2,3,7,4,5,6,8,9,1},{4,1,5,8,3,9,2,6,7},{8,2,9,3,1,4,5,7,6},{3,4,1,5,0,0,0,0,0},{0,0,0,0,0,0,0,0,0},{0,0,0,0,0,0,0,0,0},{0,0,0,0,0,0,0,0,0},{0,0,0,0,0,0,0,0,0}}
]
17:37:11.163 [main] INFO  sudoku.model.SudokuBoard - Wartość 0 wstawiona nieprawidłowo
17:37:11.163 [main] INFO  sudoku.model.SudokuBoard - Bład w kwadracie 0
sudoku.model.SudokuBoard@20b54cfe[
  size=9
  solver=sudoku.model.BacktrackingSudokuSolver@2bdb5e0f
  board={{9,8,6,1,7,2,4,3,5},{2,3,7,4,5,6,8,9,1},{4,1,5,8,3,9,2,6,7},{8,2,9,3,1,4,5,7,6},{3,4,1,0,0,0,0,0,0},{0,0,0,0,0,0,0,0,0},{0,0,0,0,0,0,0,0,0},{0,0,0,0,0,0,0,0,0},{0,0,0,0,0,0,0,0,0}}
]
17:37:11.164 [main] INFO  sudoku.model.SudokuBoard - Wartość 0 wstawiona nieprawidłowo
17:37:11.164 [main] INFO  sudoku.model.SudokuBoard - Bład w kwadracie 0
sudoku.model.SudokuBoard@20b54cfe[
  size=9
  solver=sudoku.model.BacktrackingSudokuSolver@2bdb5e0f
  board={{9,8,6,1,7,2,4,3,5},{2,3,7,4,5,6,8,9,1},{4,1,5,8,3,9,2,6,7},{8,2,9,3,1,4,5,7,6},{3,4,1,6,8,5,9,0,0},{0,0,0,0,0,0,0,0,0},{0,0,0,0,0,0,0,0,0},{0,0,0,0,0,0,0,0,0},{0,0,0,0,0,0,0,0,0}}
]
17:37:11.164 [main] INFO  sudoku.model.SudokuBoard - Wartość 0 wstawiona nieprawidłowo
17:37:11.164 [main] INFO  sudoku.model.SudokuBoard - Bład w kwadracie 0
sudoku.model.SudokuBoard@20b54cfe[
  size=9
  solver=sudoku.model.BacktrackingSudokuSolver@2bdb5e0f
  board={{9,8,6,1,7,2,4,3,5},{2,3,7,4,5,6,8,9,1},{4,1,5,8,3,9,2,6,7},{8,2,9,3,1,4,5,7,6},{3,4,1,6,8,5,0,0,0},{0,0,0,0,0,0,0,0,0},{0,0,0,0,0,0,0,0,0},{0,0,0,0,0,0,0,0,0},{0,0,0,0,0,0,0,0,0}}
]
17:37:11.164 [main] INFO  sudoku.model.SudokuBoard - Wartość 0 wstawiona nieprawidłowo
17:37:11.164 [main] INFO  sudoku.model.SudokuBoard - Bład w kwadracie 0
sudoku.model.SudokuBoard@20b54cfe[
  size=9
  solver=sudoku.model.BacktrackingSudokuSolver@2bdb5e0f
  board={{9,8,6,1,7,2,4,3,5},{2,3,7,4,5,6,8,9,1},{4,1,5,8,3,9,2,6,7},{8,2,9,3,1,4,5,7,6},{3,4,1,6,8,0,0,0,0},{0,0,0,0,0,0,0,0,0},{0,0,0,0,0,0,0,0,0},{0,0,0,0,0,0,0,0,0},{0,0,0,0,0,0,0,0,0}}
]
17:37:11.164 [main] INFO  sudoku.model.SudokuBoard - Wartość 0 wstawiona nieprawidłowo
17:37:11.164 [main] INFO  sudoku.model.SudokuBoard - Bład w kwadracie 0
sudoku.model.SudokuBoard@20b54cfe[
  size=9
  solver=sudoku.model.BacktrackingSudokuSolver@2bdb5e0f
  board={{9,8,6,1,7,2,4,3,5},{2,3,7,4,5,6,8,9,1},{4,1,5,8,3,9,2,6,7},{8,2,9,3,1,4,5,7,6},{3,4,1,6,8,7,9,0,0},{0,0,0,0,0,0,0,0,0},{0,0,0,0,0,0,0,0,0},{0,0,0,0,0,0,0,0,0},{0,0,0,0,0,0,0,0,0}}
]
17:37:11.164 [main] INFO  sudoku.model.SudokuBoard - Wartość 0 wstawiona nieprawidłowo
17:37:11.164 [main] INFO  sudoku.model.SudokuBoard - Bład w kwadracie 0
sudoku.model.SudokuBoard@20b54cfe[
  size=9
  solver=sudoku.model.BacktrackingSudokuSolver@2bdb5e0f
  board={{9,8,6,1,7,2,4,3,5},{2,3,7,4,5,6,8,9,1},{4,1,5,8,3,9,2,6,7},{8,2,9,3,1,4,5,7,6},{3,4,1,6,8,7,0,0,0},{0,0,0,0,0,0,0,0,0},{0,0,0,0,0,0,0,0,0},{0,0,0,0,0,0,0,0,0},{0,0,0,0,0,0,0,0,0}}
]
17:37:11.164 [main] INFO  sudoku.model.SudokuBoard - Wartość 0 wstawiona nieprawidłowo
17:37:11.164 [main] INFO  sudoku.model.SudokuBoard - Bład w kwadracie 0
sudoku.model.SudokuBoard@20b54cfe[
  size=9
  solver=sudoku.model.BacktrackingSudokuSolver@2bdb5e0f
  board={{9,8,6,1,7,2,4,3,5},{2,3,7,4,5,6,8,9,1},{4,1,5,8,3,9,2,6,7},{8,2,9,3,1,4,5,7,6},{3,4,1,6,8,0,0,0,0},{0,0,0,0,0,0,0,0,0},{0,0,0,0,0,0,0,0,0},{0,0,0,0,0,0,0,0,0},{0,0,0,0,0,0,0,0,0}}
]
17:37:11.164 [main] INFO  sudoku.model.SudokuBoard - Wartość 0 wstawiona nieprawidłowo
17:37:11.164 [main] INFO  sudoku.model.SudokuBoard - Bład w kwadracie 0
sudoku.model.SudokuBoard@20b54cfe[
  size=9
  solver=sudoku.model.BacktrackingSudokuSolver@2bdb5e0f
  board={{9,8,6,1,7,2,4,3,5},{2,3,7,4,5,6,8,9,1},{4,1,5,8,3,9,2,6,7},{8,2,9,3,1,4,5,7,6},{3,4,1,6,0,0,0,0,0},{0,0,0,0,0,0,0,0,0},{0,0,0,0,0,0,0,0,0},{0,0,0,0,0,0,0,0,0},{0,0,0,0,0,0,0,0,0}}
]
17:37:11.165 [main] INFO  sudoku.model.SudokuBoard - Wartość 0 wstawiona nieprawidłowo
17:37:11.165 [main] INFO  sudoku.model.SudokuBoard - Bład w kwadracie 0
sudoku.model.SudokuBoard@20b54cfe[
  size=9
  solver=sudoku.model.BacktrackingSudokuSolver@2bdb5e0f
  board={{9,8,6,1,7,2,4,3,5},{2,3,7,4,5,6,8,9,1},{4,1,5,8,3,9,2,6,7},{8,2,9,3,1,4,5,7,6},{3,4,1,6,9,0,0,0,0},{0,0,0,0,0,0,0,0,0},{0,0,0,0,0,0,0,0,0},{0,0,0,0,0,0,0,0,0},{0,0,0,0,0,0,0,0,0}}
]
17:37:11.165 [main] INFO  sudoku.model.SudokuBoard - Wartość 0 wstawiona nieprawidłowo
17:37:11.165 [main] INFO  sudoku.model.SudokuBoard - Bład w kwadracie 0
sudoku.model.SudokuBoard@20b54cfe[
  size=9
  solver=sudoku.model.BacktrackingSudokuSolver@2bdb5e0f
  board={{9,8,6,1,7,2,4,3,5},{2,3,7,4,5,6,8,9,1},{4,1,5,8,3,9,2,6,7},{8,2,9,3,1,4,5,7,6},{3,4,1,6,9,0,0,0,0},{0,0,0,0,0,0,0,0,0},{0,0,0,0,0,0,0,0,0},{0,0,0,0,0,0,0,0,0},{0,0,0,0,0,0,0,0,0}}
]
17:37:11.165 [main] INFO  sudoku.model.SudokuBoard - Wartość 0 wstawiona nieprawidłowo
17:37:11.165 [main] INFO  sudoku.model.SudokuBoard - Bład w kwadracie 0
sudoku.model.SudokuBoard@20b54cfe[
  size=9
  solver=sudoku.model.BacktrackingSudokuSolver@2bdb5e0f
  board={{9,8,6,1,7,2,4,3,5},{2,3,7,4,5,6,8,9,1},{4,1,5,8,3,9,2,6,7},{8,2,9,3,1,4,5,7,6},{3,4,1,6,9,0,0,0,0},{0,0,0,0,0,0,0,0,0},{0,0,0,0,0,0,0,0,0},{0,0,0,0,0,0,0,0,0},{0,0,0,0,0,0,0,0,0}}
]
17:37:11.165 [main] INFO  sudoku.model.SudokuBoard - Wartość 0 wstawiona nieprawidłowo
17:37:11.165 [main] INFO  sudoku.model.SudokuBoard - Bład w kwadracie 0
sudoku.model.SudokuBoard@20b54cfe[
  size=9
  solver=sudoku.model.BacktrackingSudokuSolver@2bdb5e0f
  board={{9,8,6,1,7,2,4,3,5},{2,3,7,4,5,6,8,9,1},{4,1,5,8,3,9,2,6,7},{8,2,9,3,1,4,5,7,6},{3,4,1,6,0,0,0,0,0},{0,0,0,0,0,0,0,0,0},{0,0,0,0,0,0,0,0,0},{0,0,0,0,0,0,0,0,0},{0,0,0,0,0,0,0,0,0}}
]
17:37:11.165 [main] INFO  sudoku.model.SudokuBoard - Wartość 0 wstawiona nieprawidłowo
17:37:11.165 [main] INFO  sudoku.model.SudokuBoard - Bład w kwadracie 0
sudoku.model.SudokuBoard@20b54cfe[
  size=9
  solver=sudoku.model.BacktrackingSudokuSolver@2bdb5e0f
  board={{9,8,6,1,7,2,4,3,5},{2,3,7,4,5,6,8,9,1},{4,1,5,8,3,9,2,6,7},{8,2,9,3,1,4,5,7,6},{3,4,1,6,2,5,9,0,0},{0,0,0,0,0,0,0,0,0},{0,0,0,0,0,0,0,0,0},{0,0,0,0,0,0,0,0,0},{0,0,0,0,0,0,0,0,0}}
]
17:37:11.165 [main] INFO  sudoku.model.SudokuBoard - Wartość 0 wstawiona nieprawidłowo
17:37:11.165 [main] INFO  sudoku.model.SudokuBoard - Bład w kwadracie 0
sudoku.model.SudokuBoard@20b54cfe[
  size=9
  solver=sudoku.model.BacktrackingSudokuSolver@2bdb5e0f
  board={{9,8,6,1,7,2,4,3,5},{2,3,7,4,5,6,8,9,1},{4,1,5,8,3,9,2,6,7},{8,2,9,3,1,4,5,7,6},{3,4,1,6,2,5,0,0,0},{0,0,0,0,0,0,0,0,0},{0,0,0,0,0,0,0,0,0},{0,0,0,0,0,0,0,0,0},{0,0,0,0,0,0,0,0,0}}
]
17:37:11.165 [main] INFO  sudoku.model.SudokuBoard - Wartość 0 wstawiona nieprawidłowo
17:37:11.166 [main] INFO  sudoku.model.SudokuBoard - Bład w kwadracie 0
sudoku.model.SudokuBoard@20b54cfe[
  size=9
  solver=sudoku.model.BacktrackingSudokuSolver@2bdb5e0f
  board={{9,8,6,1,7,2,4,3,5},{2,3,7,4,5,6,8,9,1},{4,1,5,8,3,9,2,6,7},{8,2,9,3,1,4,5,7,6},{3,4,1,6,2,0,0,0,0},{0,0,0,0,0,0,0,0,0},{0,0,0,0,0,0,0,0,0},{0,0,0,0,0,0,0,0,0},{0,0,0,0,0,0,0,0,0}}
]
17:37:11.166 [main] INFO  sudoku.model.SudokuBoard - Wartość 0 wstawiona nieprawidłowo
17:37:11.166 [main] INFO  sudoku.model.SudokuBoard - Bład w kwadracie 0
sudoku.model.SudokuBoard@20b54cfe[
  size=9
  solver=sudoku.model.BacktrackingSudokuSolver@2bdb5e0f
  board={{9,8,6,1,7,2,4,3,5},{2,3,7,4,5,6,8,9,1},{4,1,5,8,3,9,2,6,7},{8,2,9,3,1,4,5,7,6},{3,4,1,6,2,7,9,0,0},{0,0,0,0,0,0,0,0,0},{0,0,0,0,0,0,0,0,0},{0,0,0,0,0,0,0,0,0},{0,0,0,0,0,0,0,0,0}}
]
17:37:11.166 [main] INFO  sudoku.model.SudokuBoard - Wartość 0 wstawiona nieprawidłowo
17:37:11.166 [main] INFO  sudoku.model.SudokuBoard - Bład w kwadracie 0
sudoku.model.SudokuBoard@20b54cfe[
  size=9
  solver=sudoku.model.BacktrackingSudokuSolver@2bdb5e0f
  board={{9,8,6,1,7,2,4,3,5},{2,3,7,4,5,6,8,9,1},{4,1,5,8,3,9,2,6,7},{8,2,9,3,1,4,5,7,6},{3,4,1,6,2,7,0,0,0},{0,0,0,0,0,0,0,0,0},{0,0,0,0,0,0,0,0,0},{0,0,0,0,0,0,0,0,0},{0,0,0,0,0,0,0,0,0}}
]
17:37:11.166 [main] INFO  sudoku.model.SudokuBoard - Wartość 0 wstawiona nieprawidłowo
17:37:11.170 [main] INFO  sudoku.model.SudokuBoard - Bład w kwadracie 0
sudoku.model.SudokuBoard@20b54cfe[
  size=9
  solver=sudoku.model.BacktrackingSudokuSolver@2bdb5e0f
  board={{9,8,6,1,7,2,4,3,5},{2,3,7,4,5,6,8,9,1},{4,1,5,8,3,9,2,6,7},{8,2,9,3,1,4,5,7,6},{3,4,1,6,2,0,0,0,0},{0,0,0,0,0,0,0,0,0},{0,0,0,0,0,0,0,0,0},{0,0,0,0,0,0,0,0,0},{0,0,0,0,0,0,0,0,0}}
]
17:37:11.170 [main] INFO  sudoku.model.SudokuBoard - Wartość 0 wstawiona nieprawidłowo
17:37:11.170 [main] INFO  sudoku.model.SudokuBoard - Bład w kwadracie 0
sudoku.model.SudokuBoard@20b54cfe[
  size=9
  solver=sudoku.model.BacktrackingSudokuSolver@2bdb5e0f
  board={{9,8,6,1,7,2,4,3,5},{2,3,7,4,5,6,8,9,1},{4,1,5,8,3,9,2,6,7},{8,2,9,3,1,4,5,7,6},{3,4,1,6,2,8,0,0,0},{0,0,0,0,0,0,0,0,0},{0,0,0,0,0,0,0,0,0},{0,0,0,0,0,0,0,0,0},{0,0,0,0,0,0,0,0,0}}
]
17:37:11.170 [main] INFO  sudoku.model.SudokuBoard - Wartość 0 wstawiona nieprawidłowo
17:37:11.173 [main] INFO  sudoku.model.SudokuBoard - Bład w kwadracie 0
sudoku.model.SudokuBoard@20b54cfe[
  size=9
  solver=sudoku.model.BacktrackingSudokuSolver@2bdb5e0f
  board={{9,8,6,1,7,2,4,3,5},{2,3,7,4,5,6,8,9,1},{4,1,5,8,3,9,2,6,7},{8,2,9,3,1,4,5,7,6},{3,4,1,6,2,0,0,0,0},{0,0,0,0,0,0,0,0,0},{0,0,0,0,0,0,0,0,0},{0,0,0,0,0,0,0,0,0},{0,0,0,0,0,0,0,0,0}}
]
17:37:11.173 [main] INFO  sudoku.model.SudokuBoard - Wartość 0 wstawiona nieprawidłowo
17:37:11.173 [main] INFO  sudoku.model.SudokuBoard - Bład w kwadracie 0
sudoku.model.SudokuBoard@20b54cfe[
  size=9
  solver=sudoku.model.BacktrackingSudokuSolver@2bdb5e0f
  board={{9,8,6,1,7,2,4,3,5},{2,3,7,4,5,6,8,9,1},{4,1,5,8,3,9,2,6,7},{8,2,9,3,1,4,5,7,6},{3,4,1,6,0,0,0,0,0},{0,0,0,0,0,0,0,0,0},{0,0,0,0,0,0,0,0,0},{0,0,0,0,0,0,0,0,0},{0,0,0,0,0,0,0,0,0}}
]
17:37:11.173 [main] INFO  sudoku.model.SudokuBoard - Wartość 0 wstawiona nieprawidłowo
17:37:11.173 [main] INFO  sudoku.model.SudokuBoard - Bład w kwadracie 0
sudoku.model.SudokuBoard@20b54cfe[
  size=9
  solver=sudoku.model.BacktrackingSudokuSolver@2bdb5e0f
  board={{9,8,6,1,7,2,4,3,5},{2,3,7,4,5,6,8,9,1},{4,1,5,8,3,9,2,6,7},{8,2,9,3,1,4,5,7,6},{3,4,1,0,0,0,0,0,0},{0,0,0,0,0,0,0,0,0},{0,0,0,0,0,0,0,0,0},{0,0,0,0,0,0,0,0,0},{0,0,0,0,0,0,0,0,0}}
]
17:37:11.173 [main] INFO  sudoku.model.SudokuBoard - Wartość 0 wstawiona nieprawidłowo
17:37:11.173 [main] INFO  sudoku.model.SudokuBoard - Bład w kwadracie 0
sudoku.model.SudokuBoard@20b54cfe[
  size=9
  solver=sudoku.model.BacktrackingSudokuSolver@2bdb5e0f
  board={{9,8,6,1,7,2,4,3,5},{2,3,7,4,5,6,8,9,1},{4,1,5,8,3,9,2,6,7},{8,2,9,3,1,4,5,7,6},{3,4,1,7,6,8,9,0,0},{0,0,0,0,0,0,0,0,0},{0,0,0,0,0,0,0,0,0},{0,0,0,0,0,0,0,0,0},{0,0,0,0,0,0,0,0,0}}
]
17:37:11.173 [main] INFO  sudoku.model.SudokuBoard - Wartość 0 wstawiona nieprawidłowo
17:37:11.174 [main] INFO  sudoku.model.SudokuBoard - Bład w kwadracie 0
sudoku.model.SudokuBoard@20b54cfe[
  size=9
  solver=sudoku.model.BacktrackingSudokuSolver@2bdb5e0f
  board={{9,8,6,1,7,2,4,3,5},{2,3,7,4,5,6,8,9,1},{4,1,5,8,3,9,2,6,7},{8,2,9,3,1,4,5,7,6},{3,4,1,7,6,8,0,0,0},{0,0,0,0,0,0,0,0,0},{0,0,0,0,0,0,0,0,0},{0,0,0,0,0,0,0,0,0},{0,0,0,0,0,0,0,0,0}}
]
17:37:11.174 [main] INFO  sudoku.model.SudokuBoard - Wartość 0 wstawiona nieprawidłowo
17:37:11.174 [main] INFO  sudoku.model.SudokuBoard - Bład w kwadracie 0
sudoku.model.SudokuBoard@20b54cfe[
  size=9
  solver=sudoku.model.BacktrackingSudokuSolver@2bdb5e0f
  board={{9,8,6,1,7,2,4,3,5},{2,3,7,4,5,6,8,9,1},{4,1,5,8,3,9,2,6,7},{8,2,9,3,1,4,5,7,6},{3,4,1,7,6,0,0,0,0},{0,0,0,0,0,0,0,0,0},{0,0,0,0,0,0,0,0,0},{0,0,0,0,0,0,0,0,0},{0,0,0,0,0,0,0,0,0}}
]
17:37:11.174 [main] INFO  sudoku.model.SudokuBoard - Wartość 0 wstawiona nieprawidłowo
17:37:11.174 [main] INFO  sudoku.model.SudokuBoard - Bład w kwadracie 0
sudoku.model.SudokuBoard@20b54cfe[
  size=9
  solver=sudoku.model.BacktrackingSudokuSolver@2bdb5e0f
  board={{9,8,6,1,7,2,4,3,5},{2,3,7,4,5,6,8,9,1},{4,1,5,8,3,9,2,6,7},{8,2,9,3,1,4,5,7,6},{3,4,1,7,6,5,9,8,2},{5,0,0,0,0,0,0,0,0},{0,0,0,0,0,0,0,0,0},{0,0,0,0,0,0,0,0,0},{0,0,0,0,0,0,0,0,0}}
]
17:37:11.174 [main] INFO  sudoku.model.SudokuBoard - Wartość 0 wstawiona nieprawidłowo
17:37:11.174 [main] INFO  sudoku.model.SudokuBoard - Bład w kwadracie 0
sudoku.model.SudokuBoard@20b54cfe[
  size=9
  solver=sudoku.model.BacktrackingSudokuSolver@2bdb5e0f
  board={{9,8,6,1,7,2,4,3,5},{2,3,7,4,5,6,8,9,1},{4,1,5,8,3,9,2,6,7},{8,2,9,3,1,4,5,7,6},{3,4,1,7,6,5,9,8,2},{5,0,0,0,0,0,0,0,0},{0,0,0,0,0,0,0,0,0},{0,0,0,0,0,0,0,0,0},{0,0,0,0,0,0,0,0,0}}
]
17:37:11.174 [main] INFO  sudoku.model.SudokuBoard - Wartość 0 wstawiona nieprawidłowo
17:37:11.174 [main] INFO  sudoku.model.SudokuBoard - Bład w kwadracie 0
sudoku.model.SudokuBoard@20b54cfe[
  size=9
  solver=sudoku.model.BacktrackingSudokuSolver@2bdb5e0f
  board={{9,8,6,1,7,2,4,3,5},{2,3,7,4,5,6,8,9,1},{4,1,5,8,3,9,2,6,7},{8,2,9,3,1,4,5,7,6},{3,4,1,7,6,5,9,8,2},{0,0,0,0,0,0,0,0,0},{0,0,0,0,0,0,0,0,0},{0,0,0,0,0,0,0,0,0},{0,0,0,0,0,0,0,0,0}}
]
17:37:11.180 [main] INFO  sudoku.model.SudokuBoard - Wartość 0 wstawiona nieprawidłowo
17:37:11.180 [main] INFO  sudoku.model.SudokuBoard - Bład w kwadracie 0
sudoku.model.SudokuBoard@20b54cfe[
  size=9
  solver=sudoku.model.BacktrackingSudokuSolver@2bdb5e0f
  board={{9,8,6,1,7,2,4,3,5},{2,3,7,4,5,6,8,9,1},{4,1,5,8,3,9,2,6,7},{8,2,9,3,1,4,5,7,6},{3,4,1,7,6,5,9,8,2},{6,0,0,0,0,0,0,0,0},{0,0,0,0,0,0,0,0,0},{0,0,0,0,0,0,0,0,0},{0,0,0,0,0,0,0,0,0}}
]
17:37:11.182 [main] INFO  sudoku.model.SudokuBoard - Wartość 0 wstawiona nieprawidłowo
17:37:11.182 [main] INFO  sudoku.model.SudokuBoard - Bład w kwadracie 0
sudoku.model.SudokuBoard@20b54cfe[
  size=9
  solver=sudoku.model.BacktrackingSudokuSolver@2bdb5e0f
  board={{9,8,6,1,7,2,4,3,5},{2,3,7,4,5,6,8,9,1},{4,1,5,8,3,9,2,6,7},{8,2,9,3,1,4,5,7,6},{3,4,1,7,6,5,9,8,2},{6,0,0,0,0,0,0,0,0},{0,0,0,0,0,0,0,0,0},{0,0,0,0,0,0,0,0,0},{0,0,0,0,0,0,0,0,0}}
]
17:37:11.182 [main] INFO  sudoku.model.SudokuBoard - Wartość 0 wstawiona nieprawidłowo
17:37:11.182 [main] INFO  sudoku.model.SudokuBoard - Bład w kwadracie 0
sudoku.model.SudokuBoard@20b54cfe[
  size=9
  solver=sudoku.model.BacktrackingSudokuSolver@2bdb5e0f
  board={{9,8,6,1,7,2,4,3,5},{2,3,7,4,5,6,8,9,1},{4,1,5,8,3,9,2,6,7},{8,2,9,3,1,4,5,7,6},{3,4,1,7,6,5,9,8,2},{0,0,0,0,0,0,0,0,0},{0,0,0,0,0,0,0,0,0},{0,0,0,0,0,0,0,0,0},{0,0,0,0,0,0,0,0,0}}
]
17:37:11.183 [main] INFO  sudoku.model.SudokuBoard - Wartość 0 wstawiona nieprawidłowo
17:37:11.184 [main] INFO  sudoku.model.SudokuBoard - Bład w kwadracie 0
sudoku.model.SudokuBoard@20b54cfe[
  size=9
  solver=sudoku.model.BacktrackingSudokuSolver@2bdb5e0f
  board={{9,8,6,1,7,2,4,3,5},{2,3,7,4,5,6,8,9,1},{4,1,5,8,3,9,2,6,7},{8,2,9,3,1,4,5,7,6},{3,4,1,7,6,5,9,8,2},{7,0,0,0,0,0,0,0,0},{0,0,0,0,0,0,0,0,0},{0,0,0,0,0,0,0,0,0},{0,0,0,0,0,0,0,0,0}}
]
17:37:11.184 [main] INFO  sudoku.model.SudokuBoard - Wartość 0 wstawiona nieprawidłowo
17:37:11.184 [main] INFO  sudoku.model.SudokuBoard - Bład w kwadracie 0
sudoku.model.SudokuBoard@20b54cfe[
  size=9
  solver=sudoku.model.BacktrackingSudokuSolver@2bdb5e0f
  board={{9,8,6,1,7,2,4,3,5},{2,3,7,4,5,6,8,9,1},{4,1,5,8,3,9,2,6,7},{8,2,9,3,1,4,5,7,6},{3,4,1,7,6,5,9,8,2},{7,0,0,0,0,0,0,0,0},{0,0,0,0,0,0,0,0,0},{0,0,0,0,0,0,0,0,0},{0,0,0,0,0,0,0,0,0}}
]
17:37:11.184 [main] INFO  sudoku.model.SudokuBoard - Wartość 0 wstawiona nieprawidłowo
17:37:11.184 [main] INFO  sudoku.model.SudokuBoard - Bład w kwadracie 0
sudoku.model.SudokuBoard@20b54cfe[
  size=9
  solver=sudoku.model.BacktrackingSudokuSolver@2bdb5e0f
  board={{9,8,6,1,7,2,4,3,5},{2,3,7,4,5,6,8,9,1},{4,1,5,8,3,9,2,6,7},{8,2,9,3,1,4,5,7,6},{3,4,1,7,6,5,9,8,2},{0,0,0,0,0,0,0,0,0},{0,0,0,0,0,0,0,0,0},{0,0,0,0,0,0,0,0,0},{0,0,0,0,0,0,0,0,0}}
]
17:37:11.184 [main] INFO  sudoku.model.SudokuBoard - Wartość 0 wstawiona nieprawidłowo
17:37:11.184 [main] INFO  sudoku.model.SudokuBoard - Bład w kwadracie 0
sudoku.model.SudokuBoard@20b54cfe[
  size=9
  solver=sudoku.model.BacktrackingSudokuSolver@2bdb5e0f
  board={{9,8,6,1,7,2,4,3,5},{2,3,7,4,5,6,8,9,1},{4,1,5,8,3,9,2,6,7},{8,2,9,3,1,4,5,7,6},{3,4,1,7,6,5,9,8,0},{0,0,0,0,0,0,0,0,0},{0,0,0,0,0,0,0,0,0},{0,0,0,0,0,0,0,0,0},{0,0,0,0,0,0,0,0,0}}
]
17:37:11.184 [main] INFO  sudoku.model.SudokuBoard - Wartość 0 wstawiona nieprawidłowo
17:37:11.184 [main] INFO  sudoku.model.SudokuBoard - Bład w kwadracie 0
sudoku.model.SudokuBoard@20b54cfe[
  size=9
  solver=sudoku.model.BacktrackingSudokuSolver@2bdb5e0f
  board={{9,8,6,1,7,2,4,3,5},{2,3,7,4,5,6,8,9,1},{4,1,5,8,3,9,2,6,7},{8,2,9,3,1,4,5,7,6},{3,4,1,7,6,5,9,0,0},{0,0,0,0,0,0,0,0,0},{0,0,0,0,0,0,0,0,0},{0,0,0,0,0,0,0,0,0},{0,0,0,0,0,0,0,0,0}}
]
17:37:11.184 [main] INFO  sudoku.model.SudokuBoard - Wartość 0 wstawiona nieprawidłowo
17:37:11.184 [main] INFO  sudoku.model.SudokuBoard - Bład w kwadracie 0
sudoku.model.SudokuBoard@20b54cfe[
  size=9
  solver=sudoku.model.BacktrackingSudokuSolver@2bdb5e0f
  board={{9,8,6,1,7,2,4,3,5},{2,3,7,4,5,6,8,9,1},{4,1,5,8,3,9,2,6,7},{8,2,9,3,1,4,5,7,6},{3,4,1,7,6,5,9,2,8},{5,0,0,0,0,0,0,0,0},{0,0,0,0,0,0,0,0,0},{0,0,0,0,0,0,0,0,0},{0,0,0,0,0,0,0,0,0}}
]
17:37:11.184 [main] INFO  sudoku.model.SudokuBoard - Wartość 0 wstawiona nieprawidłowo
17:37:11.184 [main] INFO  sudoku.model.SudokuBoard - Bład w kwadracie 0
sudoku.model.SudokuBoard@20b54cfe[
  size=9
  solver=sudoku.model.BacktrackingSudokuSolver@2bdb5e0f
  board={{9,8,6,1,7,2,4,3,5},{2,3,7,4,5,6,8,9,1},{4,1,5,8,3,9,2,6,7},{8,2,9,3,1,4,5,7,6},{3,4,1,7,6,5,9,2,8},{5,0,0,0,0,0,0,0,0},{0,0,0,0,0,0,0,0,0},{0,0,0,0,0,0,0,0,0},{0,0,0,0,0,0,0,0,0}}
]
17:37:11.184 [main] INFO  sudoku.model.SudokuBoard - Wartość 0 wstawiona nieprawidłowo
17:37:11.185 [main] INFO  sudoku.model.SudokuBoard - Bład w kwadracie 0
sudoku.model.SudokuBoard@20b54cfe[
  size=9
  solver=sudoku.model.BacktrackingSudokuSolver@2bdb5e0f
  board={{9,8,6,1,7,2,4,3,5},{2,3,7,4,5,6,8,9,1},{4,1,5,8,3,9,2,6,7},{8,2,9,3,1,4,5,7,6},{3,4,1,7,6,5,9,2,8},{0,0,0,0,0,0,0,0,0},{0,0,0,0,0,0,0,0,0},{0,0,0,0,0,0,0,0,0},{0,0,0,0,0,0,0,0,0}}
]
17:37:11.185 [main] INFO  sudoku.model.SudokuBoard - Wartość 0 wstawiona nieprawidłowo
17:37:11.185 [main] INFO  sudoku.model.SudokuBoard - Bład w kwadracie 0
sudoku.model.SudokuBoard@20b54cfe[
  size=9
  solver=sudoku.model.BacktrackingSudokuSolver@2bdb5e0f
  board={{9,8,6,1,7,2,4,3,5},{2,3,7,4,5,6,8,9,1},{4,1,5,8,3,9,2,6,7},{8,2,9,3,1,4,5,7,6},{3,4,1,7,6,5,9,2,8},{6,0,0,0,0,0,0,0,0},{0,0,0,0,0,0,0,0,0},{0,0,0,0,0,0,0,0,0},{0,0,0,0,0,0,0,0,0}}
]
17:37:11.185 [main] INFO  sudoku.model.SudokuBoard - Wartość 0 wstawiona nieprawidłowo
17:37:11.185 [main] INFO  sudoku.model.SudokuBoard - Bład w kwadracie 0
sudoku.model.SudokuBoard@20b54cfe[
  size=9
  solver=sudoku.model.BacktrackingSudokuSolver@2bdb5e0f
  board={{9,8,6,1,7,2,4,3,5},{2,3,7,4,5,6,8,9,1},{4,1,5,8,3,9,2,6,7},{8,2,9,3,1,4,5,7,6},{3,4,1,7,6,5,9,2,8},{6,0,0,0,0,0,0,0,0},{0,0,0,0,0,0,0,0,0},{0,0,0,0,0,0,0,0,0},{0,0,0,0,0,0,0,0,0}}
]
17:37:11.185 [main] INFO  sudoku.model.SudokuBoard - Wartość 0 wstawiona nieprawidłowo
17:37:11.185 [main] INFO  sudoku.model.SudokuBoard - Bład w kwadracie 0
sudoku.model.SudokuBoard@20b54cfe[
  size=9
  solver=sudoku.model.BacktrackingSudokuSolver@2bdb5e0f
  board={{9,8,6,1,7,2,4,3,5},{2,3,7,4,5,6,8,9,1},{4,1,5,8,3,9,2,6,7},{8,2,9,3,1,4,5,7,6},{3,4,1,7,6,5,9,2,8},{0,0,0,0,0,0,0,0,0},{0,0,0,0,0,0,0,0,0},{0,0,0,0,0,0,0,0,0},{0,0,0,0,0,0,0,0,0}}
]
17:37:11.185 [main] INFO  sudoku.model.SudokuBoard - Wartość 0 wstawiona nieprawidłowo
17:37:11.185 [main] INFO  sudoku.model.SudokuBoard - Bład w kwadracie 0
sudoku.model.SudokuBoard@20b54cfe[
  size=9
  solver=sudoku.model.BacktrackingSudokuSolver@2bdb5e0f
  board={{9,8,6,1,7,2,4,3,5},{2,3,7,4,5,6,8,9,1},{4,1,5,8,3,9,2,6,7},{8,2,9,3,1,4,5,7,6},{3,4,1,7,6,5,9,2,8},{7,0,0,0,0,0,0,0,0},{0,0,0,0,0,0,0,0,0},{0,0,0,0,0,0,0,0,0},{0,0,0,0,0,0,0,0,0}}
]
17:37:11.185 [main] INFO  sudoku.model.SudokuBoard - Wartość 0 wstawiona nieprawidłowo
17:37:11.185 [main] INFO  sudoku.model.SudokuBoard - Bład w kwadracie 0
sudoku.model.SudokuBoard@20b54cfe[
  size=9
  solver=sudoku.model.BacktrackingSudokuSolver@2bdb5e0f
  board={{9,8,6,1,7,2,4,3,5},{2,3,7,4,5,6,8,9,1},{4,1,5,8,3,9,2,6,7},{8,2,9,3,1,4,5,7,6},{3,4,1,7,6,5,9,2,8},{7,0,0,0,0,0,0,0,0},{0,0,0,0,0,0,0,0,0},{0,0,0,0,0,0,0,0,0},{0,0,0,0,0,0,0,0,0}}
]
17:37:11.185 [main] INFO  sudoku.model.SudokuBoard - Wartość 0 wstawiona nieprawidłowo
17:37:11.185 [main] INFO  sudoku.model.SudokuBoard - Bład w kwadracie 0
sudoku.model.SudokuBoard@20b54cfe[
  size=9
  solver=sudoku.model.BacktrackingSudokuSolver@2bdb5e0f
  board={{9,8,6,1,7,2,4,3,5},{2,3,7,4,5,6,8,9,1},{4,1,5,8,3,9,2,6,7},{8,2,9,3,1,4,5,7,6},{3,4,1,7,6,5,9,2,8},{0,0,0,0,0,0,0,0,0},{0,0,0,0,0,0,0,0,0},{0,0,0,0,0,0,0,0,0},{0,0,0,0,0,0,0,0,0}}
]
17:37:11.185 [main] INFO  sudoku.model.SudokuBoard - Wartość 0 wstawiona nieprawidłowo
17:37:11.186 [main] INFO  sudoku.model.SudokuBoard - Bład w kwadracie 0
sudoku.model.SudokuBoard@20b54cfe[
  size=9
  solver=sudoku.model.BacktrackingSudokuSolver@2bdb5e0f
  board={{9,8,6,1,7,2,4,3,5},{2,3,7,4,5,6,8,9,1},{4,1,5,8,3,9,2,6,7},{8,2,9,3,1,4,5,7,6},{3,4,1,7,6,5,9,2,0},{0,0,0,0,0,0,0,0,0},{0,0,0,0,0,0,0,0,0},{0,0,0,0,0,0,0,0,0},{0,0,0,0,0,0,0,0,0}}
]
17:37:11.186 [main] INFO  sudoku.model.SudokuBoard - Wartość 0 wstawiona nieprawidłowo
17:37:11.186 [main] INFO  sudoku.model.SudokuBoard - Bład w kwadracie 0
sudoku.model.SudokuBoard@20b54cfe[
  size=9
  solver=sudoku.model.BacktrackingSudokuSolver@2bdb5e0f
  board={{9,8,6,1,7,2,4,3,5},{2,3,7,4,5,6,8,9,1},{4,1,5,8,3,9,2,6,7},{8,2,9,3,1,4,5,7,6},{3,4,1,7,6,5,9,0,0},{0,0,0,0,0,0,0,0,0},{0,0,0,0,0,0,0,0,0},{0,0,0,0,0,0,0,0,0},{0,0,0,0,0,0,0,0,0}}
]
17:37:11.186 [main] INFO  sudoku.model.SudokuBoard - Wartość 0 wstawiona nieprawidłowo
17:37:11.186 [main] INFO  sudoku.model.SudokuBoard - Bład w kwadracie 0
sudoku.model.SudokuBoard@20b54cfe[
  size=9
  solver=sudoku.model.BacktrackingSudokuSolver@2bdb5e0f
  board={{9,8,6,1,7,2,4,3,5},{2,3,7,4,5,6,8,9,1},{4,1,5,8,3,9,2,6,7},{8,2,9,3,1,4,5,7,6},{3,4,1,7,6,5,0,0,0},{0,0,0,0,0,0,0,0,0},{0,0,0,0,0,0,0,0,0},{0,0,0,0,0,0,0,0,0},{0,0,0,0,0,0,0,0,0}}
]
17:37:11.186 [main] INFO  sudoku.model.SudokuBoard - Wartość 0 wstawiona nieprawidłowo
17:37:11.186 [main] INFO  sudoku.model.SudokuBoard - Bład w kwadracie 0
sudoku.model.SudokuBoard@20b54cfe[
  size=9
  solver=sudoku.model.BacktrackingSudokuSolver@2bdb5e0f
  board={{9,8,6,1,7,2,4,3,5},{2,3,7,4,5,6,8,9,1},{4,1,5,8,3,9,2,6,7},{8,2,9,3,1,4,5,7,6},{3,4,1,7,6,0,0,0,0},{0,0,0,0,0,0,0,0,0},{0,0,0,0,0,0,0,0,0},{0,0,0,0,0,0,0,0,0},{0,0,0,0,0,0,0,0,0}}
]
17:37:11.186 [main] INFO  sudoku.model.SudokuBoard - Wartość 0 wstawiona nieprawidłowo
17:37:11.186 [main] INFO  sudoku.model.SudokuBoard - Bład w kwadracie 0
sudoku.model.SudokuBoard@20b54cfe[
  size=9
  solver=sudoku.model.BacktrackingSudokuSolver@2bdb5e0f
  board={{9,8,6,1,7,2,4,3,5},{2,3,7,4,5,6,8,9,1},{4,1,5,8,3,9,2,6,7},{8,2,9,3,1,4,5,7,6},{3,4,1,7,0,0,0,0,0},{0,0,0,0,0,0,0,0,0},{0,0,0,0,0,0,0,0,0},{0,0,0,0,0,0,0,0,0},{0,0,0,0,0,0,0,0,0}}
]
17:37:11.186 [main] INFO  sudoku.model.SudokuBoard - Wartość 0 wstawiona nieprawidłowo
17:37:11.186 [main] INFO  sudoku.model.SudokuBoard - Bład w kwadracie 0
sudoku.model.SudokuBoard@20b54cfe[
  size=9
  solver=sudoku.model.BacktrackingSudokuSolver@2bdb5e0f
  board={{9,8,6,1,7,2,4,3,5},{2,3,7,4,5,6,8,9,1},{4,1,5,8,3,9,2,6,7},{8,2,9,3,1,4,5,7,6},{3,4,1,7,8,5,9,0,0},{0,0,0,0,0,0,0,0,0},{0,0,0,0,0,0,0,0,0},{0,0,0,0,0,0,0,0,0},{0,0,0,0,0,0,0,0,0}}
]
17:37:11.186 [main] INFO  sudoku.model.SudokuBoard - Wartość 0 wstawiona nieprawidłowo
17:37:11.186 [main] INFO  sudoku.model.SudokuBoard - Bład w kwadracie 0
sudoku.model.SudokuBoard@20b54cfe[
  size=9
  solver=sudoku.model.BacktrackingSudokuSolver@2bdb5e0f
  board={{9,8,6,1,7,2,4,3,5},{2,3,7,4,5,6,8,9,1},{4,1,5,8,3,9,2,6,7},{8,2,9,3,1,4,5,7,6},{3,4,1,7,8,5,0,0,0},{0,0,0,0,0,0,0,0,0},{0,0,0,0,0,0,0,0,0},{0,0,0,0,0,0,0,0,0},{0,0,0,0,0,0,0,0,0}}
]
17:37:11.186 [main] INFO  sudoku.model.SudokuBoard - Wartość 0 wstawiona nieprawidłowo
17:37:11.186 [main] INFO  sudoku.model.SudokuBoard - Bład w kwadracie 0
sudoku.model.SudokuBoard@20b54cfe[
  size=9
  solver=sudoku.model.BacktrackingSudokuSolver@2bdb5e0f
  board={{9,8,6,1,7,2,4,3,5},{2,3,7,4,5,6,8,9,1},{4,1,5,8,3,9,2,6,7},{8,2,9,3,1,4,5,7,6},{3,4,1,7,8,0,0,0,0},{0,0,0,0,0,0,0,0,0},{0,0,0,0,0,0,0,0,0},{0,0,0,0,0,0,0,0,0},{0,0,0,0,0,0,0,0,0}}
]
17:37:11.187 [main] INFO  sudoku.model.SudokuBoard - Wartość 0 wstawiona nieprawidłowo
17:37:11.187 [main] INFO  sudoku.model.SudokuBoard - Bład w kwadracie 0
sudoku.model.SudokuBoard@20b54cfe[
  size=9
  solver=sudoku.model.BacktrackingSudokuSolver@2bdb5e0f
  board={{9,8,6,1,7,2,4,3,5},{2,3,7,4,5,6,8,9,1},{4,1,5,8,3,9,2,6,7},{8,2,9,3,1,4,5,7,6},{3,4,1,7,0,0,0,0,0},{0,0,0,0,0,0,0,0,0},{0,0,0,0,0,0,0,0,0},{0,0,0,0,0,0,0,0,0},{0,0,0,0,0,0,0,0,0}}
]
17:37:11.187 [main] INFO  sudoku.model.SudokuBoard - Wartość 0 wstawiona nieprawidłowo
17:37:11.187 [main] INFO  sudoku.model.SudokuBoard - Bład w kwadracie 0
sudoku.model.SudokuBoard@20b54cfe[
  size=9
  solver=sudoku.model.BacktrackingSudokuSolver@2bdb5e0f
  board={{9,8,6,1,7,2,4,3,5},{2,3,7,4,5,6,8,9,1},{4,1,5,8,3,9,2,6,7},{8,2,9,3,1,4,5,7,6},{3,4,1,7,9,0,0,0,0},{0,0,0,0,0,0,0,0,0},{0,0,0,0,0,0,0,0,0},{0,0,0,0,0,0,0,0,0},{0,0,0,0,0,0,0,0,0}}
]
17:37:11.187 [main] INFO  sudoku.model.SudokuBoard - Wartość 0 wstawiona nieprawidłowo
17:37:11.187 [main] INFO  sudoku.model.SudokuBoard - Bład w kwadracie 0
sudoku.model.SudokuBoard@20b54cfe[
  size=9
  solver=sudoku.model.BacktrackingSudokuSolver@2bdb5e0f
  board={{9,8,6,1,7,2,4,3,5},{2,3,7,4,5,6,8,9,1},{4,1,5,8,3,9,2,6,7},{8,2,9,3,1,4,5,7,6},{3,4,1,7,9,0,0,0,0},{0,0,0,0,0,0,0,0,0},{0,0,0,0,0,0,0,0,0},{0,0,0,0,0,0,0,0,0},{0,0,0,0,0,0,0,0,0}}
]
17:37:11.187 [main] INFO  sudoku.model.SudokuBoard - Wartość 0 wstawiona nieprawidłowo
17:37:11.187 [main] INFO  sudoku.model.SudokuBoard - Bład w kwadracie 0
sudoku.model.SudokuBoard@20b54cfe[
  size=9
  solver=sudoku.model.BacktrackingSudokuSolver@2bdb5e0f
  board={{9,8,6,1,7,2,4,3,5},{2,3,7,4,5,6,8,9,1},{4,1,5,8,3,9,2,6,7},{8,2,9,3,1,4,5,7,6},{3,4,1,7,0,0,0,0,0},{0,0,0,0,0,0,0,0,0},{0,0,0,0,0,0,0,0,0},{0,0,0,0,0,0,0,0,0},{0,0,0,0,0,0,0,0,0}}
]
17:37:11.187 [main] INFO  sudoku.model.SudokuBoard - Wartość 0 wstawiona nieprawidłowo
17:37:11.187 [main] INFO  sudoku.model.SudokuBoard - Bład w kwadracie 0
sudoku.model.SudokuBoard@20b54cfe[
  size=9
  solver=sudoku.model.BacktrackingSudokuSolver@2bdb5e0f
  board={{9,8,6,1,7,2,4,3,5},{2,3,7,4,5,6,8,9,1},{4,1,5,8,3,9,2,6,7},{8,2,9,3,1,4,5,7,6},{3,4,1,7,2,5,9,0,0},{0,0,0,0,0,0,0,0,0},{0,0,0,0,0,0,0,0,0},{0,0,0,0,0,0,0,0,0},{0,0,0,0,0,0,0,0,0}}
]
17:37:11.187 [main] INFO  sudoku.model.SudokuBoard - Wartość 0 wstawiona nieprawidłowo
17:37:11.187 [main] INFO  sudoku.model.SudokuBoard - Bład w kwadracie 0
sudoku.model.SudokuBoard@20b54cfe[
  size=9
  solver=sudoku.model.BacktrackingSudokuSolver@2bdb5e0f
  board={{9,8,6,1,7,2,4,3,5},{2,3,7,4,5,6,8,9,1},{4,1,5,8,3,9,2,6,7},{8,2,9,3,1,4,5,7,6},{3,4,1,7,2,5,0,0,0},{0,0,0,0,0,0,0,0,0},{0,0,0,0,0,0,0,0,0},{0,0,0,0,0,0,0,0,0},{0,0,0,0,0,0,0,0,0}}
]
17:37:11.188 [main] INFO  sudoku.model.SudokuBoard - Wartość 0 wstawiona nieprawidłowo
17:37:11.188 [main] INFO  sudoku.model.SudokuBoard - Bład w kwadracie 0
sudoku.model.SudokuBoard@20b54cfe[
  size=9
  solver=sudoku.model.BacktrackingSudokuSolver@2bdb5e0f
  board={{9,8,6,1,7,2,4,3,5},{2,3,7,4,5,6,8,9,1},{4,1,5,8,3,9,2,6,7},{8,2,9,3,1,4,5,7,6},{3,4,1,7,2,0,0,0,0},{0,0,0,0,0,0,0,0,0},{0,0,0,0,0,0,0,0,0},{0,0,0,0,0,0,0,0,0},{0,0,0,0,0,0,0,0,0}}
]
17:37:11.188 [main] INFO  sudoku.model.SudokuBoard - Wartość 0 wstawiona nieprawidłowo
17:37:11.188 [main] INFO  sudoku.model.SudokuBoard - Bład w kwadracie 0
sudoku.model.SudokuBoard@20b54cfe[
  size=9
  solver=sudoku.model.BacktrackingSudokuSolver@2bdb5e0f
  board={{9,8,6,1,7,2,4,3,5},{2,3,7,4,5,6,8,9,1},{4,1,5,8,3,9,2,6,7},{8,2,9,3,1,4,5,7,6},{3,4,1,7,2,8,0,0,0},{0,0,0,0,0,0,0,0,0},{0,0,0,0,0,0,0,0,0},{0,0,0,0,0,0,0,0,0},{0,0,0,0,0,0,0,0,0}}
]
17:37:11.188 [main] INFO  sudoku.model.SudokuBoard - Wartość 0 wstawiona nieprawidłowo
17:37:11.188 [main] INFO  sudoku.model.SudokuBoard - Bład w kwadracie 0
sudoku.model.SudokuBoard@20b54cfe[
  size=9
  solver=sudoku.model.BacktrackingSudokuSolver@2bdb5e0f
  board={{9,8,6,1,7,2,4,3,5},{2,3,7,4,5,6,8,9,1},{4,1,5,8,3,9,2,6,7},{8,2,9,3,1,4,5,7,6},{3,4,1,7,2,0,0,0,0},{0,0,0,0,0,0,0,0,0},{0,0,0,0,0,0,0,0,0},{0,0,0,0,0,0,0,0,0},{0,0,0,0,0,0,0,0,0}}
]
17:37:11.188 [main] INFO  sudoku.model.SudokuBoard - Wartość 0 wstawiona nieprawidłowo
17:37:11.188 [main] INFO  sudoku.model.SudokuBoard - Bład w kwadracie 0
sudoku.model.SudokuBoard@20b54cfe[
  size=9
  solver=sudoku.model.BacktrackingSudokuSolver@2bdb5e0f
  board={{9,8,6,1,7,2,4,3,5},{2,3,7,4,5,6,8,9,1},{4,1,5,8,3,9,2,6,7},{8,2,9,3,1,4,5,7,6},{3,4,1,7,0,0,0,0,0},{0,0,0,0,0,0,0,0,0},{0,0,0,0,0,0,0,0,0},{0,0,0,0,0,0,0,0,0},{0,0,0,0,0,0,0,0,0}}
]
17:37:11.188 [main] INFO  sudoku.model.SudokuBoard - Wartość 0 wstawiona nieprawidłowo
17:37:11.188 [main] INFO  sudoku.model.SudokuBoard - Bład w kwadracie 0
sudoku.model.SudokuBoard@20b54cfe[
  size=9
  solver=sudoku.model.BacktrackingSudokuSolver@2bdb5e0f
  board={{9,8,6,1,7,2,4,3,5},{2,3,7,4,5,6,8,9,1},{4,1,5,8,3,9,2,6,7},{8,2,9,3,1,4,5,7,6},{3,4,1,0,0,0,0,0,0},{0,0,0,0,0,0,0,0,0},{0,0,0,0,0,0,0,0,0},{0,0,0,0,0,0,0,0,0},{0,0,0,0,0,0,0,0,0}}
]
17:37:11.188 [main] INFO  sudoku.model.SudokuBoard - Wartość 0 wstawiona nieprawidłowo
17:37:11.188 [main] INFO  sudoku.model.SudokuBoard - Bład w kwadracie 0
sudoku.model.SudokuBoard@20b54cfe[
  size=9
  solver=sudoku.model.BacktrackingSudokuSolver@2bdb5e0f
  board={{9,8,6,1,7,2,4,3,5},{2,3,7,4,5,6,8,9,1},{4,1,5,8,3,9,2,6,7},{8,2,9,3,1,4,5,7,6},{3,4,1,9,2,0,0,0,0},{0,0,0,0,0,0,0,0,0},{0,0,0,0,0,0,0,0,0},{0,0,0,0,0,0,0,0,0},{0,0,0,0,0,0,0,0,0}}
]
17:37:11.188 [main] INFO  sudoku.model.SudokuBoard - Wartość 0 wstawiona nieprawidłowo
17:37:11.189 [main] INFO  sudoku.model.SudokuBoard - Bład w kwadracie 0
sudoku.model.SudokuBoard@20b54cfe[
  size=9
  solver=sudoku.model.BacktrackingSudokuSolver@2bdb5e0f
  board={{9,8,6,1,7,2,4,3,5},{2,3,7,4,5,6,8,9,1},{4,1,5,8,3,9,2,6,7},{8,2,9,3,1,4,5,7,6},{3,4,1,9,2,0,0,0,0},{0,0,0,0,0,0,0,0,0},{0,0,0,0,0,0,0,0,0},{0,0,0,0,0,0,0,0,0},{0,0,0,0,0,0,0,0,0}}
]
17:37:11.189 [main] INFO  sudoku.model.SudokuBoard - Wartość 0 wstawiona nieprawidłowo
17:37:11.189 [main] INFO  sudoku.model.SudokuBoard - Bład w kwadracie 0
sudoku.model.SudokuBoard@20b54cfe[
  size=9
  solver=sudoku.model.BacktrackingSudokuSolver@2bdb5e0f
  board={{9,8,6,1,7,2,4,3,5},{2,3,7,4,5,6,8,9,1},{4,1,5,8,3,9,2,6,7},{8,2,9,3,1,4,5,7,6},{3,4,1,9,2,0,0,0,0},{0,0,0,0,0,0,0,0,0},{0,0,0,0,0,0,0,0,0},{0,0,0,0,0,0,0,0,0},{0,0,0,0,0,0,0,0,0}}
]
17:37:11.189 [main] INFO  sudoku.model.SudokuBoard - Wartość 0 wstawiona nieprawidłowo
17:37:11.189 [main] INFO  sudoku.model.SudokuBoard - Bład w kwadracie 0
sudoku.model.SudokuBoard@20b54cfe[
  size=9
  solver=sudoku.model.BacktrackingSudokuSolver@2bdb5e0f
  board={{9,8,6,1,7,2,4,3,5},{2,3,7,4,5,6,8,9,1},{4,1,5,8,3,9,2,6,7},{8,2,9,3,1,4,5,7,6},{3,4,1,9,0,0,0,0,0},{0,0,0,0,0,0,0,0,0},{0,0,0,0,0,0,0,0,0},{0,0,0,0,0,0,0,0,0},{0,0,0,0,0,0,0,0,0}}
]
17:37:11.189 [main] INFO  sudoku.model.SudokuBoard - Wartość 0 wstawiona nieprawidłowo
17:37:11.189 [main] INFO  sudoku.model.SudokuBoard - Bład w kwadracie 0
sudoku.model.SudokuBoard@20b54cfe[
  size=9
  solver=sudoku.model.BacktrackingSudokuSolver@2bdb5e0f
  board={{9,8,6,1,7,2,4,3,5},{2,3,7,4,5,6,8,9,1},{4,1,5,8,3,9,2,6,7},{8,2,9,3,1,4,5,7,6},{3,4,1,9,6,0,0,0,0},{0,0,0,0,0,0,0,0,0},{0,0,0,0,0,0,0,0,0},{0,0,0,0,0,0,0,0,0},{0,0,0,0,0,0,0,0,0}}
]
17:37:11.189 [main] INFO  sudoku.model.SudokuBoard - Wartość 0 wstawiona nieprawidłowo
17:37:11.189 [main] INFO  sudoku.model.SudokuBoard - Bład w kwadracie 0
sudoku.model.SudokuBoard@20b54cfe[
  size=9
  solver=sudoku.model.BacktrackingSudokuSolver@2bdb5e0f
  board={{9,8,6,1,7,2,4,3,5},{2,3,7,4,5,6,8,9,1},{4,1,5,8,3,9,2,6,7},{8,2,9,3,1,4,5,7,6},{3,4,1,9,6,0,0,0,0},{0,0,0,0,0,0,0,0,0},{0,0,0,0,0,0,0,0,0},{0,0,0,0,0,0,0,0,0},{0,0,0,0,0,0,0,0,0}}
]
17:37:11.189 [main] INFO  sudoku.model.SudokuBoard - Wartość 0 wstawiona nieprawidłowo
17:37:11.189 [main] INFO  sudoku.model.SudokuBoard - Bład w kwadracie 0
sudoku.model.SudokuBoard@20b54cfe[
  size=9
  solver=sudoku.model.BacktrackingSudokuSolver@2bdb5e0f
  board={{9,8,6,1,7,2,4,3,5},{2,3,7,4,5,6,8,9,1},{4,1,5,8,3,9,2,6,7},{8,2,9,3,1,4,5,7,6},{3,4,1,9,6,0,0,0,0},{0,0,0,0,0,0,0,0,0},{0,0,0,0,0,0,0,0,0},{0,0,0,0,0,0,0,0,0},{0,0,0,0,0,0,0,0,0}}
]
17:37:11.189 [main] INFO  sudoku.model.SudokuBoard - Wartość 0 wstawiona nieprawidłowo
17:37:11.189 [main] INFO  sudoku.model.SudokuBoard - Bład w kwadracie 0
sudoku.model.SudokuBoard@20b54cfe[
  size=9
  solver=sudoku.model.BacktrackingSudokuSolver@2bdb5e0f
  board={{9,8,6,1,7,2,4,3,5},{2,3,7,4,5,6,8,9,1},{4,1,5,8,3,9,2,6,7},{8,2,9,3,1,4,5,7,6},{3,4,1,9,0,0,0,0,0},{0,0,0,0,0,0,0,0,0},{0,0,0,0,0,0,0,0,0},{0,0,0,0,0,0,0,0,0},{0,0,0,0,0,0,0,0,0}}
]
17:37:11.189 [main] INFO  sudoku.model.SudokuBoard - Wartość 0 wstawiona nieprawidłowo
17:37:11.189 [main] INFO  sudoku.model.SudokuBoard - Bład w kwadracie 0
sudoku.model.SudokuBoard@20b54cfe[
  size=9
  solver=sudoku.model.BacktrackingSudokuSolver@2bdb5e0f
  board={{9,8,6,1,7,2,4,3,5},{2,3,7,4,5,6,8,9,1},{4,1,5,8,3,9,2,6,7},{8,2,9,3,1,4,5,7,6},{3,4,1,9,8,0,0,0,0},{0,0,0,0,0,0,0,0,0},{0,0,0,0,0,0,0,0,0},{0,0,0,0,0,0,0,0,0},{0,0,0,0,0,0,0,0,0}}
]
17:37:11.189 [main] INFO  sudoku.model.SudokuBoard - Wartość 0 wstawiona nieprawidłowo
17:37:11.189 [main] INFO  sudoku.model.SudokuBoard - Bład w kwadracie 0
sudoku.model.SudokuBoard@20b54cfe[
  size=9
  solver=sudoku.model.BacktrackingSudokuSolver@2bdb5e0f
  board={{9,8,6,1,7,2,4,3,5},{2,3,7,4,5,6,8,9,1},{4,1,5,8,3,9,2,6,7},{8,2,9,3,1,4,5,7,6},{3,4,1,9,8,0,0,0,0},{0,0,0,0,0,0,0,0,0},{0,0,0,0,0,0,0,0,0},{0,0,0,0,0,0,0,0,0},{0,0,0,0,0,0,0,0,0}}
]
17:37:11.189 [main] INFO  sudoku.model.SudokuBoard - Wartość 0 wstawiona nieprawidłowo
17:37:11.190 [main] INFO  sudoku.model.SudokuBoard - Bład w kwadracie 0
sudoku.model.SudokuBoard@20b54cfe[
  size=9
  solver=sudoku.model.BacktrackingSudokuSolver@2bdb5e0f
  board={{9,8,6,1,7,2,4,3,5},{2,3,7,4,5,6,8,9,1},{4,1,5,8,3,9,2,6,7},{8,2,9,3,1,4,5,7,6},{3,4,1,9,0,0,0,0,0},{0,0,0,0,0,0,0,0,0},{0,0,0,0,0,0,0,0,0},{0,0,0,0,0,0,0,0,0},{0,0,0,0,0,0,0,0,0}}
]
17:37:11.190 [main] INFO  sudoku.model.SudokuBoard - Wartość 0 wstawiona nieprawidłowo
17:37:11.190 [main] INFO  sudoku.model.SudokuBoard - Bład w kwadracie 0
sudoku.model.SudokuBoard@20b54cfe[
  size=9
  solver=sudoku.model.BacktrackingSudokuSolver@2bdb5e0f
  board={{9,8,6,1,7,2,4,3,5},{2,3,7,4,5,6,8,9,1},{4,1,5,8,3,9,2,6,7},{8,2,9,3,1,4,5,7,6},{3,4,1,0,0,0,0,0,0},{0,0,0,0,0,0,0,0,0},{0,0,0,0,0,0,0,0,0},{0,0,0,0,0,0,0,0,0},{0,0,0,0,0,0,0,0,0}}
]
17:37:11.190 [main] INFO  sudoku.model.SudokuBoard - Wartość 0 wstawiona nieprawidłowo
17:37:11.190 [main] INFO  sudoku.model.SudokuBoard - Bład w kwadracie 0
sudoku.model.SudokuBoard@20b54cfe[
  size=9
  solver=sudoku.model.BacktrackingSudokuSolver@2bdb5e0f
  board={{9,8,6,1,7,2,4,3,5},{2,3,7,4,5,6,8,9,1},{4,1,5,8,3,9,2,6,7},{8,2,9,3,1,4,5,7,6},{3,4,0,0,0,0,0,0,0},{0,0,0,0,0,0,0,0,0},{0,0,0,0,0,0,0,0,0},{0,0,0,0,0,0,0,0,0},{0,0,0,0,0,0,0,0,0}}
]
17:37:11.190 [main] INFO  sudoku.model.SudokuBoard - Wartość 0 wstawiona nieprawidłowo
17:37:11.190 [main] INFO  sudoku.model.SudokuBoard - Bład w kwadracie 0
sudoku.model.SudokuBoard@20b54cfe[
  size=9
  solver=sudoku.model.BacktrackingSudokuSolver@2bdb5e0f
  board={{9,8,6,1,7,2,4,3,5},{2,3,7,4,5,6,8,9,1},{4,1,5,8,3,9,2,6,7},{8,2,9,3,1,4,5,7,6},{3,0,0,0,0,0,0,0,0},{0,0,0,0,0,0,0,0,0},{0,0,0,0,0,0,0,0,0},{0,0,0,0,0,0,0,0,0},{0,0,0,0,0,0,0,0,0}}
]
17:37:11.190 [main] INFO  sudoku.model.SudokuBoard - Wartość 0 wstawiona nieprawidłowo
17:37:11.190 [main] INFO  sudoku.model.SudokuBoard - Bład w kwadracie 0
sudoku.model.SudokuBoard@20b54cfe[
  size=9
  solver=sudoku.model.BacktrackingSudokuSolver@2bdb5e0f
  board={{9,8,6,1,7,2,4,3,5},{2,3,7,4,5,6,8,9,1},{4,1,5,8,3,9,2,6,7},{8,2,9,3,1,4,5,7,6},{3,5,1,9,6,0,0,0,0},{0,0,0,0,0,0,0,0,0},{0,0,0,0,0,0,0,0,0},{0,0,0,0,0,0,0,0,0},{0,0,0,0,0,0,0,0,0}}
]
17:37:11.190 [main] INFO  sudoku.model.SudokuBoard - Wartość 0 wstawiona nieprawidłowo
17:37:11.190 [main] INFO  sudoku.model.SudokuBoard - Bład w kwadracie 0
sudoku.model.SudokuBoard@20b54cfe[
  size=9
  solver=sudoku.model.BacktrackingSudokuSolver@2bdb5e0f
  board={{9,8,6,1,7,2,4,3,5},{2,3,7,4,5,6,8,9,1},{4,1,5,8,3,9,2,6,7},{8,2,9,3,1,4,5,7,6},{3,5,1,9,6,0,0,0,0},{0,0,0,0,0,0,0,0,0},{0,0,0,0,0,0,0,0,0},{0,0,0,0,0,0,0,0,0},{0,0,0,0,0,0,0,0,0}}
]
17:37:11.190 [main] INFO  sudoku.model.SudokuBoard - Wartość 0 wstawiona nieprawidłowo
17:37:11.190 [main] INFO  sudoku.model.SudokuBoard - Bład w kwadracie 0
sudoku.model.SudokuBoard@20b54cfe[
  size=9
  solver=sudoku.model.BacktrackingSudokuSolver@2bdb5e0f
  board={{9,8,6,1,7,2,4,3,5},{2,3,7,4,5,6,8,9,1},{4,1,5,8,3,9,2,6,7},{8,2,9,3,1,4,5,7,6},{3,5,1,9,0,0,0,0,0},{0,0,0,0,0,0,0,0,0},{0,0,0,0,0,0,0,0,0},{0,0,0,0,0,0,0,0,0},{0,0,0,0,0,0,0,0,0}}
]
17:37:11.190 [main] INFO  sudoku.model.SudokuBoard - Wartość 0 wstawiona nieprawidłowo
17:37:11.190 [main] INFO  sudoku.model.SudokuBoard - Bład w kwadracie 0
sudoku.model.SudokuBoard@20b54cfe[
  size=9
  solver=sudoku.model.BacktrackingSudokuSolver@2bdb5e0f
  board={{9,8,6,1,7,2,4,3,5},{2,3,7,4,5,6,8,9,1},{4,1,5,8,3,9,2,6,7},{8,2,9,3,1,4,5,7,6},{3,5,1,9,8,0,0,0,0},{0,0,0,0,0,0,0,0,0},{0,0,0,0,0,0,0,0,0},{0,0,0,0,0,0,0,0,0},{0,0,0,0,0,0,0,0,0}}
]
17:37:11.191 [main] INFO  sudoku.model.SudokuBoard - Wartość 0 wstawiona nieprawidłowo
17:37:11.191 [main] INFO  sudoku.model.SudokuBoard - Bład w kwadracie 0
sudoku.model.SudokuBoard@20b54cfe[
  size=9
  solver=sudoku.model.BacktrackingSudokuSolver@2bdb5e0f
  board={{9,8,6,1,7,2,4,3,5},{2,3,7,4,5,6,8,9,1},{4,1,5,8,3,9,2,6,7},{8,2,9,3,1,4,5,7,6},{3,5,1,9,0,0,0,0,0},{0,0,0,0,0,0,0,0,0},{0,0,0,0,0,0,0,0,0},{0,0,0,0,0,0,0,0,0},{0,0,0,0,0,0,0,0,0}}
]
17:37:11.191 [main] INFO  sudoku.model.SudokuBoard - Wartość 0 wstawiona nieprawidłowo
17:37:11.191 [main] INFO  sudoku.model.SudokuBoard - Bład w kwadracie 0
sudoku.model.SudokuBoard@20b54cfe[
  size=9
  solver=sudoku.model.BacktrackingSudokuSolver@2bdb5e0f
  board={{9,8,6,1,7,2,4,3,5},{2,3,7,4,5,6,8,9,1},{4,1,5,8,3,9,2,6,7},{8,2,9,3,1,4,5,7,6},{3,5,1,9,2,0,0,0,0},{0,0,0,0,0,0,0,0,0},{0,0,0,0,0,0,0,0,0},{0,0,0,0,0,0,0,0,0},{0,0,0,0,0,0,0,0,0}}
]
17:37:11.191 [main] INFO  sudoku.model.SudokuBoard - Wartość 0 wstawiona nieprawidłowo
17:37:11.191 [main] INFO  sudoku.model.SudokuBoard - Bład w kwadracie 0
sudoku.model.SudokuBoard@20b54cfe[
  size=9
  solver=sudoku.model.BacktrackingSudokuSolver@2bdb5e0f
  board={{9,8,6,1,7,2,4,3,5},{2,3,7,4,5,6,8,9,1},{4,1,5,8,3,9,2,6,7},{8,2,9,3,1,4,5,7,6},{3,5,1,9,2,0,0,0,0},{0,0,0,0,0,0,0,0,0},{0,0,0,0,0,0,0,0,0},{0,0,0,0,0,0,0,0,0},{0,0,0,0,0,0,0,0,0}}
]
17:37:11.191 [main] INFO  sudoku.model.SudokuBoard - Wartość 0 wstawiona nieprawidłowo
17:37:11.191 [main] INFO  sudoku.model.SudokuBoard - Bład w kwadracie 0
sudoku.model.SudokuBoard@20b54cfe[
  size=9
  solver=sudoku.model.BacktrackingSudokuSolver@2bdb5e0f
  board={{9,8,6,1,7,2,4,3,5},{2,3,7,4,5,6,8,9,1},{4,1,5,8,3,9,2,6,7},{8,2,9,3,1,4,5,7,6},{3,5,1,9,0,0,0,0,0},{0,0,0,0,0,0,0,0,0},{0,0,0,0,0,0,0,0,0},{0,0,0,0,0,0,0,0,0},{0,0,0,0,0,0,0,0,0}}
]
17:37:11.191 [main] INFO  sudoku.model.SudokuBoard - Wartość 0 wstawiona nieprawidłowo
17:37:11.191 [main] INFO  sudoku.model.SudokuBoard - Bład w kwadracie 0
sudoku.model.SudokuBoard@20b54cfe[
  size=9
  solver=sudoku.model.BacktrackingSudokuSolver@2bdb5e0f
  board={{9,8,6,1,7,2,4,3,5},{2,3,7,4,5,6,8,9,1},{4,1,5,8,3,9,2,6,7},{8,2,9,3,1,4,5,7,6},{3,5,1,0,0,0,0,0,0},{0,0,0,0,0,0,0,0,0},{0,0,0,0,0,0,0,0,0},{0,0,0,0,0,0,0,0,0},{0,0,0,0,0,0,0,0,0}}
]
17:37:11.191 [main] INFO  sudoku.model.SudokuBoard - Wartość 0 wstawiona nieprawidłowo
17:37:11.191 [main] INFO  sudoku.model.SudokuBoard - Bład w kwadracie 0
sudoku.model.SudokuBoard@20b54cfe[
  size=9
  solver=sudoku.model.BacktrackingSudokuSolver@2bdb5e0f
  board={{9,8,6,1,7,2,4,3,5},{2,3,7,4,5,6,8,9,1},{4,1,5,8,3,9,2,6,7},{8,2,9,3,1,4,5,7,6},{3,5,1,2,6,7,9,4,8},{7,0,0,0,0,0,0,0,0},{0,0,0,0,0,0,0,0,0},{0,0,0,0,0,0,0,0,0},{0,0,0,0,0,0,0,0,0}}
]
17:37:11.191 [main] INFO  sudoku.model.SudokuBoard - Wartość 0 wstawiona nieprawidłowo
17:37:11.191 [main] INFO  sudoku.model.SudokuBoard - Bład w kwadracie 0
sudoku.model.SudokuBoard@20b54cfe[
  size=9
  solver=sudoku.model.BacktrackingSudokuSolver@2bdb5e0f
  board={{9,8,6,1,7,2,4,3,5},{2,3,7,4,5,6,8,9,1},{4,1,5,8,3,9,2,6,7},{8,2,9,3,1,4,5,7,6},{3,5,1,2,6,7,9,4,8},{7,6,4,5,0,0,0,0,0},{0,0,0,0,0,0,0,0,0},{0,0,0,0,0,0,0,0,0},{0,0,0,0,0,0,0,0,0}}
]
17:37:11.192 [main] INFO  sudoku.model.SudokuBoard - Wartość 0 wstawiona nieprawidłowo
17:37:11.192 [main] INFO  sudoku.model.SudokuBoard - Bład w kwadracie 0
sudoku.model.SudokuBoard@20b54cfe[
  size=9
  solver=sudoku.model.BacktrackingSudokuSolver@2bdb5e0f
  board={{9,8,6,1,7,2,4,3,5},{2,3,7,4,5,6,8,9,1},{4,1,5,8,3,9,2,6,7},{8,2,9,3,1,4,5,7,6},{3,5,1,2,6,7,9,4,8},{7,6,4,5,9,8,1,2,3},{1,7,8,9,4,3,6,5,2},{5,9,2,6,8,1,0,0,0},{0,0,0,0,0,0,0,0,0}}
]
17:37:11.192 [main] INFO  sudoku.model.SudokuBoard - Wartość 0 wstawiona nieprawidłowo
17:37:11.192 [main] INFO  sudoku.model.SudokuBoard - Bład w kwadracie 0
sudoku.model.SudokuBoard@20b54cfe[
  size=9
  solver=sudoku.model.BacktrackingSudokuSolver@2bdb5e0f
  board={{9,8,6,1,7,2,4,3,5},{2,3,7,4,5,6,8,9,1},{4,1,5,8,3,9,2,6,7},{8,2,9,3,1,4,5,7,6},{3,5,1,2,6,7,9,4,8},{7,6,4,5,9,8,1,2,3},{1,7,8,9,4,3,6,5,2},{5,9,2,6,8,1,0,0,0},{0,0,0,0,0,0,0,0,0}}
]
17:37:11.192 [main] INFO  sudoku.model.SudokuBoard - Wartość 0 wstawiona nieprawidłowo
17:37:11.192 [main] INFO  sudoku.model.SudokuBoard - Bład w kwadracie 0
sudoku.model.SudokuBoard@20b54cfe[
  size=9
  solver=sudoku.model.BacktrackingSudokuSolver@2bdb5e0f
  board={{9,8,6,1,7,2,4,3,5},{2,3,7,4,5,6,8,9,1},{4,1,5,8,3,9,2,6,7},{8,2,9,3,1,4,5,7,6},{3,5,1,2,6,7,9,4,8},{7,6,4,5,9,8,1,2,3},{1,7,8,9,4,3,6,5,2},{5,9,2,6,8,0,0,0,0},{0,0,0,0,0,0,0,0,0}}
]
17:37:11.192 [main] INFO  sudoku.model.SudokuBoard - Wartość 0 wstawiona nieprawidłowo
17:37:11.192 [main] INFO  sudoku.model.SudokuBoard - Bład w kwadracie 0
sudoku.model.SudokuBoard@20b54cfe[
  size=9
  solver=sudoku.model.BacktrackingSudokuSolver@2bdb5e0f
  board={{9,8,6,1,7,2,4,3,5},{2,3,7,4,5,6,8,9,1},{4,1,5,8,3,9,2,6,7},{8,2,9,3,1,4,5,7,6},{3,5,1,2,6,7,9,4,8},{7,6,4,5,9,8,1,2,3},{1,7,8,9,4,3,6,5,2},{5,9,2,6,0,0,0,0,0},{0,0,0,0,0,0,0,0,0}}
]
17:37:11.192 [main] INFO  sudoku.model.SudokuBoard - Wartość 0 wstawiona nieprawidłowo
17:37:11.192 [main] INFO  sudoku.model.SudokuBoard - Bład w kwadracie 0
sudoku.model.SudokuBoard@20b54cfe[
  size=9
  solver=sudoku.model.BacktrackingSudokuSolver@2bdb5e0f
  board={{9,8,6,1,7,2,4,3,5},{2,3,7,4,5,6,8,9,1},{4,1,5,8,3,9,2,6,7},{8,2,9,3,1,4,5,7,6},{3,5,1,2,6,7,9,4,8},{7,6,4,5,9,8,1,2,3},{1,7,8,9,4,3,6,5,2},{5,9,2,0,0,0,0,0,0},{0,0,0,0,0,0,0,0,0}}
]
17:37:11.192 [main] INFO  sudoku.model.SudokuBoard - Wartość 0 wstawiona nieprawidłowo
17:37:11.192 [main] INFO  sudoku.model.SudokuBoard - Bład w kwadracie 0
sudoku.model.SudokuBoard@20b54cfe[
  size=9
  solver=sudoku.model.BacktrackingSudokuSolver@2bdb5e0f
  board={{9,8,6,1,7,2,4,3,5},{2,3,7,4,5,6,8,9,1},{4,1,5,8,3,9,2,6,7},{8,2,9,3,1,4,5,7,6},{3,5,1,2,6,7,9,4,8},{7,6,4,5,9,8,1,2,3},{1,7,8,9,4,3,6,5,2},{5,9,2,7,8,1,0,0,0},{0,0,0,0,0,0,0,0,0}}
]
17:37:11.192 [main] INFO  sudoku.model.SudokuBoard - Wartość 0 wstawiona nieprawidłowo
17:37:11.192 [main] INFO  sudoku.model.SudokuBoard - Bład w kwadracie 0
sudoku.model.SudokuBoard@20b54cfe[
  size=9
  solver=sudoku.model.BacktrackingSudokuSolver@2bdb5e0f
  board={{9,8,6,1,7,2,4,3,5},{2,3,7,4,5,6,8,9,1},{4,1,5,8,3,9,2,6,7},{8,2,9,3,1,4,5,7,6},{3,5,1,2,6,7,9,4,8},{7,6,4,5,9,8,1,2,3},{1,7,8,9,4,3,6,5,2},{5,9,2,7,8,0,0,0,0},{0,0,0,0,0,0,0,0,0}}
]
17:37:11.192 [main] INFO  sudoku.model.SudokuBoard - Wartość 0 wstawiona nieprawidłowo
17:37:11.193 [main] INFO  sudoku.model.SudokuBoard - Bład w kwadracie 0
sudoku.model.SudokuBoard@20b54cfe[
  size=9
  solver=sudoku.model.BacktrackingSudokuSolver@2bdb5e0f
  board={{9,8,6,1,7,2,4,3,5},{2,3,7,4,5,6,8,9,1},{4,1,5,8,3,9,2,6,7},{8,2,9,3,1,4,5,7,6},{3,5,1,2,6,7,9,4,8},{7,6,4,5,9,8,1,2,3},{1,7,8,9,4,3,6,5,2},{5,9,2,7,0,0,0,0,0},{0,0,0,0,0,0,0,0,0}}
]
17:37:11.193 [main] INFO  sudoku.model.SudokuBoard - Wartość 0 wstawiona nieprawidłowo
17:37:11.193 [main] INFO  sudoku.model.SudokuBoard - Bład w kwadracie 0
sudoku.model.SudokuBoard@20b54cfe[
  size=9
  solver=sudoku.model.BacktrackingSudokuSolver@2bdb5e0f
  board={{9,8,6,1,7,2,4,3,5},{2,3,7,4,5,6,8,9,1},{4,1,5,8,3,9,2,6,7},{8,2,9,3,1,4,5,7,6},{3,5,1,2,6,7,9,4,8},{7,6,4,5,9,8,1,2,3},{1,7,8,9,4,3,6,5,2},{5,9,2,0,0,0,0,0,0},{0,0,0,0,0,0,0,0,0}}
]
17:37:11.193 [main] INFO  sudoku.model.SudokuBoard - Wartość 0 wstawiona nieprawidłowo
17:37:11.193 [main] INFO  sudoku.model.SudokuBoard - Bład w kwadracie 0
sudoku.model.SudokuBoard@20b54cfe[
  size=9
  solver=sudoku.model.BacktrackingSudokuSolver@2bdb5e0f
  board={{9,8,6,1,7,2,4,3,5},{2,3,7,4,5,6,8,9,1},{4,1,5,8,3,9,2,6,7},{8,2,9,3,1,4,5,7,6},{3,5,1,2,6,7,9,4,8},{7,6,4,5,9,8,1,2,3},{1,7,8,9,4,3,6,5,2},{5,9,0,0,0,0,0,0,0},{0,0,0,0,0,0,0,0,0}}
]
17:37:11.193 [main] INFO  sudoku.model.SudokuBoard - Wartość 0 wstawiona nieprawidłowo
17:37:11.193 [main] INFO  sudoku.model.SudokuBoard - Bład w kwadracie 0
sudoku.model.SudokuBoard@20b54cfe[
  size=9
  solver=sudoku.model.BacktrackingSudokuSolver@2bdb5e0f
  board={{9,8,6,1,7,2,4,3,5},{2,3,7,4,5,6,8,9,1},{4,1,5,8,3,9,2,6,7},{8,2,9,3,1,4,5,7,6},{3,5,1,2,6,7,9,4,8},{7,6,4,5,9,8,1,2,3},{1,7,8,9,4,3,6,5,2},{5,9,3,6,8,1,0,0,0},{0,0,0,0,0,0,0,0,0}}
]
17:37:11.193 [main] INFO  sudoku.model.SudokuBoard - Wartość 0 wstawiona nieprawidłowo
17:37:11.193 [main] INFO  sudoku.model.SudokuBoard - Bład w kwadracie 0
sudoku.model.SudokuBoard@20b54cfe[
  size=9
  solver=sudoku.model.BacktrackingSudokuSolver@2bdb5e0f
  board={{9,8,6,1,7,2,4,3,5},{2,3,7,4,5,6,8,9,1},{4,1,5,8,3,9,2,6,7},{8,2,9,3,1,4,5,7,6},{3,5,1,2,6,7,9,4,8},{7,6,4,5,9,8,1,2,3},{1,7,8,9,4,3,6,5,2},{5,9,3,6,8,0,0,0,0},{0,0,0,0,0,0,0,0,0}}
]
17:37:11.193 [main] INFO  sudoku.model.SudokuBoard - Wartość 0 wstawiona nieprawidłowo
17:37:11.193 [main] INFO  sudoku.model.SudokuBoard - Bład w kwadracie 0
sudoku.model.SudokuBoard@20b54cfe[
  size=9
  solver=sudoku.model.BacktrackingSudokuSolver@2bdb5e0f
  board={{9,8,6,1,7,2,4,3,5},{2,3,7,4,5,6,8,9,1},{4,1,5,8,3,9,2,6,7},{8,2,9,3,1,4,5,7,6},{3,5,1,2,6,7,9,4,8},{7,6,4,5,9,8,1,2,3},{1,7,8,9,4,3,6,5,2},{5,9,3,6,0,0,0,0,0},{0,0,0,0,0,0,0,0,0}}
]
17:37:11.193 [main] INFO  sudoku.model.SudokuBoard - Wartość 0 wstawiona nieprawidłowo
]]></system-out>
  </testcase>
</testsuite>