<?xml version="1.0" encoding="UTF-8"?>
<testsuite xmlns:xsi="http://www.w3.org/2001/XMLSchema-instance" xsi:noNamespaceSchemaLocation="https://maven.apache.org/surefire/maven-surefire-plugin/xsd/surefire-test-report-3.0.xsd" version="3.0" name="sudoku.model.BacktrackingSudokuSolverTest" time="0.549" tests="1" errors="0" skipped="0" failures="0">
  <properties>
    <property name="java.specification.version" value="14"/>
    <property name="sun.cpu.isalist" value="amd64"/>
    <property name="sun.jnu.encoding" value="Cp1250"/>
    <property name="java.class.path" value="E:\studia\Sem-3\Programowanie komponentowe (07 72 3060 19)_pliki\ProjektKompo\an_pn_1145_03\Model\target\test-classes;C:\Users\maldo\.m2\repository\org\junit\jupiter\junit-jupiter-engine\5.6.2\junit-jupiter-engine-5.6.2.jar;C:\Users\maldo\.m2\repository\org\apiguardian\apiguardian-api\1.1.0\apiguardian-api-1.1.0.jar;C:\Users\maldo\.m2\repository\org\junit\platform\junit-platform-engine\1.6.2\junit-platform-engine-1.6.2.jar;C:\Users\maldo\.m2\repository\org\opentest4j\opentest4j\1.2.0\opentest4j-1.2.0.jar;C:\Users\maldo\.m2\repository\org\junit\platform\junit-platform-commons\1.6.2\junit-platform-commons-1.6.2.jar;C:\Users\maldo\.m2\repository\org\junit\jupiter\junit-jupiter-api\5.6.2\junit-jupiter-api-5.6.2.jar;C:\Users\maldo\.m2\repository\ch\qos\logback\logback-classic\1.1.7\logback-classic-1.1.7.jar;C:\Users\maldo\.m2\repository\ch\qos\logback\logback-core\1.1.7\logback-core-1.1.7.jar;C:\Users\maldo\.m2\repository\org\openjfx\javafx-controls\13\javafx-controls-13.jar;C:\Users\maldo\.m2\repository\org\openjfx\javafx-controls\13\javafx-controls-13-win.jar;C:\Users\maldo\.m2\repository\org\openjfx\javafx-graphics\13\javafx-graphics-13.jar;C:\Users\maldo\.m2\repository\org\openjfx\javafx-graphics\13\javafx-graphics-13-win.jar;C:\Users\maldo\.m2\repository\org\openjfx\javafx-base\13\javafx-base-13.jar;C:\Users\maldo\.m2\repository\org\openjfx\javafx-fxml\13\javafx-fxml-13.jar;C:\Users\maldo\.m2\repository\org\openjfx\javafx-fxml\13\javafx-fxml-13-win.jar;"/>
    <property name="java.vm.vendor" value="Oracle Corporation"/>
    <property name="sun.arch.data.model" value="64"/>
    <property name="user.variant" value=""/>
    <property name="java.vendor.url" value="https://java.oracle.com/"/>
    <property name="user.timezone" value="Europe/Warsaw"/>
    <property name="os.name" value="Windows 10"/>
    <property name="java.vm.specification.version" value="14"/>
    <property name="sun.java.launcher" value="SUN_STANDARD"/>
    <property name="user.country" value="PL"/>
    <property name="sun.boot.library.path" value="C:\Program Files\Java\jdk-14.0.2\bin"/>
    <property name="sun.java.command" value="org.apache.maven.surefire.booter.ForkedBooter C:\Users\maldo\AppData\Local\Temp\surefire17739166011850550494 2021-01-23T00-17-19_233-jvmRun1 surefire1391606855008274217tmp surefire_011249184552721382080tmp"/>
    <property name="jdk.debug" value="release"/>
    <property name="surefire.test.class.path" value="E:\studia\Sem-3\Programowanie komponentowe (07 72 3060 19)_pliki\ProjektKompo\an_pn_1145_03\Model\target\test-classes;C:\Users\maldo\.m2\repository\org\junit\jupiter\junit-jupiter-engine\5.6.2\junit-jupiter-engine-5.6.2.jar;C:\Users\maldo\.m2\repository\org\apiguardian\apiguardian-api\1.1.0\apiguardian-api-1.1.0.jar;C:\Users\maldo\.m2\repository\org\junit\platform\junit-platform-engine\1.6.2\junit-platform-engine-1.6.2.jar;C:\Users\maldo\.m2\repository\org\opentest4j\opentest4j\1.2.0\opentest4j-1.2.0.jar;C:\Users\maldo\.m2\repository\org\junit\platform\junit-platform-commons\1.6.2\junit-platform-commons-1.6.2.jar;C:\Users\maldo\.m2\repository\org\junit\jupiter\junit-jupiter-api\5.6.2\junit-jupiter-api-5.6.2.jar;C:\Users\maldo\.m2\repository\ch\qos\logback\logback-classic\1.1.7\logback-classic-1.1.7.jar;C:\Users\maldo\.m2\repository\ch\qos\logback\logback-core\1.1.7\logback-core-1.1.7.jar;C:\Users\maldo\.m2\repository\org\openjfx\javafx-controls\13\javafx-controls-13.jar;C:\Users\maldo\.m2\repository\org\openjfx\javafx-controls\13\javafx-controls-13-win.jar;C:\Users\maldo\.m2\repository\org\openjfx\javafx-graphics\13\javafx-graphics-13.jar;C:\Users\maldo\.m2\repository\org\openjfx\javafx-graphics\13\javafx-graphics-13-win.jar;C:\Users\maldo\.m2\repository\org\openjfx\javafx-base\13\javafx-base-13.jar;C:\Users\maldo\.m2\repository\org\openjfx\javafx-fxml\13\javafx-fxml-13.jar;C:\Users\maldo\.m2\repository\org\openjfx\javafx-fxml\13\javafx-fxml-13-win.jar;"/>
    <property name="sun.cpu.endian" value="little"/>
    <property name="user.home" value="C:\Users\maldo"/>
    <property name="user.language" value="pl"/>
    <property name="java.specification.vendor" value="Oracle Corporation"/>
    <property name="jdk.module.path" value="E:\studia\Sem-3\Programowanie komponentowe (07 72 3060 19)_pliki\ProjektKompo\an_pn_1145_03\Model\target\classes;C:\Users\maldo\.m2\repository\org\apache\commons\commons-lang3\3.11\commons-lang3-3.11.jar;C:\Users\maldo\.m2\repository\org\slf4j\slf4j-api\1.7.30\slf4j-api-1.7.30.jar;C:\Users\maldo\.m2\repository\org\openjfx\javafx-base\13\javafx-base-13-win.jar"/>
    <property name="java.version.date" value="2020-07-14"/>
    <property name="java.home" value="C:\Program Files\Java\jdk-14.0.2"/>
    <property name="file.separator" value="\"/>
    <property name="basedir" value="E:\studia\Sem-3\Programowanie komponentowe (07 72 3060 19)_pliki\ProjektKompo\an_pn_1145_03\Model"/>
    <property name="java.vm.compressedOopsMode" value="Zero based"/>
    <property name="line.separator" value="&#10;"/>
    <property name="java.vm.specification.vendor" value="Oracle Corporation"/>
    <property name="java.specification.name" value="Java Platform API Specification"/>
    <property name="surefire.real.class.path" value="C:\Users\maldo\.m2\repository\org\apache\maven\surefire\surefire-booter\3.0.0-M5\surefire-booter-3.0.0-M5.jar;C:\Users\maldo\.m2\repository\org\apache\maven\surefire\surefire-api\3.0.0-M5\surefire-api-3.0.0-M5.jar;C:\Users\maldo\.m2\repository\org\apache\maven\surefire\surefire-logger-api\3.0.0-M5\surefire-logger-api-3.0.0-M5.jar;C:\Users\maldo\.m2\repository\org\apache\maven\surefire\surefire-shared-utils\3.0.0-M4\surefire-shared-utils-3.0.0-M4.jar;C:\Users\maldo\.m2\repository\org\apache\maven\surefire\surefire-extensions-spi\3.0.0-M5\surefire-extensions-spi-3.0.0-M5.jar;E:\studia\Sem-3\Programowanie komponentowe (07 72 3060 19)_pliki\ProjektKompo\an_pn_1145_03\Model\target\test-classes;C:\Users\maldo\.m2\repository\org\junit\jupiter\junit-jupiter-engine\5.6.2\junit-jupiter-engine-5.6.2.jar;C:\Users\maldo\.m2\repository\org\apiguardian\apiguardian-api\1.1.0\apiguardian-api-1.1.0.jar;C:\Users\maldo\.m2\repository\org\junit\platform\junit-platform-engine\1.6.2\junit-platform-engine-1.6.2.jar;C:\Users\maldo\.m2\repository\org\opentest4j\opentest4j\1.2.0\opentest4j-1.2.0.jar;C:\Users\maldo\.m2\repository\org\junit\platform\junit-platform-commons\1.6.2\junit-platform-commons-1.6.2.jar;C:\Users\maldo\.m2\repository\org\junit\jupiter\junit-jupiter-api\5.6.2\junit-jupiter-api-5.6.2.jar;C:\Users\maldo\.m2\repository\ch\qos\logback\logback-classic\1.1.7\logback-classic-1.1.7.jar;C:\Users\maldo\.m2\repository\ch\qos\logback\logback-core\1.1.7\logback-core-1.1.7.jar;C:\Users\maldo\.m2\repository\org\openjfx\javafx-controls\13\javafx-controls-13.jar;C:\Users\maldo\.m2\repository\org\openjfx\javafx-controls\13\javafx-controls-13-win.jar;C:\Users\maldo\.m2\repository\org\openjfx\javafx-graphics\13\javafx-graphics-13.jar;C:\Users\maldo\.m2\repository\org\openjfx\javafx-graphics\13\javafx-graphics-13-win.jar;C:\Users\maldo\.m2\repository\org\openjfx\javafx-base\13\javafx-base-13.jar;C:\Users\maldo\.m2\repository\org\openjfx\javafx-fxml\13\javafx-fxml-13.jar;C:\Users\maldo\.m2\repository\org\openjfx\javafx-fxml\13\javafx-fxml-13-win.jar;C:\Users\maldo\.m2\repository\org\apache\maven\surefire\surefire-junit-platform\3.0.0-M5\surefire-junit-platform-3.0.0-M5.jar;C:\Users\maldo\.m2\repository\org\apache\maven\surefire\common-java5\3.0.0-M5\common-java5-3.0.0-M5.jar;C:\Users\maldo\.m2\repository\org\junit\platform\junit-platform-launcher\1.6.2\junit-platform-launcher-1.6.2.jar"/>
    <property name="user.script" value=""/>
    <property name="sun.management.compiler" value="HotSpot 64-Bit Tiered Compilers"/>
    <property name="java.runtime.version" value="14.0.2+12-46"/>
    <property name="user.name" value="maldo"/>
    <property name="path.separator" value=";"/>
    <property name="os.version" value="10.0"/>
    <property name="java.runtime.name" value="Java(TM) SE Runtime Environment"/>
    <property name="file.encoding" value="Cp1250"/>
    <property name="java.vm.name" value="Java HotSpot(TM) 64-Bit Server VM"/>
    <property name="localRepository" value="C:\Users\maldo\.m2\repository"/>
    <property name="java.vendor.url.bug" value="https://bugreport.java.com/bugreport/"/>
    <property name="java.io.tmpdir" value="C:\Users\maldo\AppData\Local\Temp\"/>
    <property name="idea.version" value="2020.2.3"/>
    <property name="java.version" value="14.0.2"/>
    <property name="user.dir" value="E:\studia\Sem-3\Programowanie komponentowe (07 72 3060 19)_pliki\ProjektKompo\an_pn_1145_03\Model"/>
    <property name="os.arch" value="amd64"/>
    <property name="java.vm.specification.name" value="Java Virtual Machine Specification"/>
    <property name="sun.os.patch.level" value=""/>
    <property name="java.library.path" value="C:\Program Files\Java\jdk-14.0.2\bin;C:\WINDOWS\Sun\Java\bin;C:\WINDOWS\system32;C:\WINDOWS;C:\Program Files (x86)\Razer Chroma SDK\bin;C:\Program Files\Razer Chroma SDK\bin;C:\Python\Scripts\;C:\Python\;C:\Program Files (x86)\Intel\iCLS Client\;C:\Program Files\Intel\iCLS Client\;C:\Windows\system32;C:\Windows;C:\Windows\System32\Wbem;C:\Windows\System32\WindowsPowerShell\v1.0\;C:\Windows\System32\OpenSSH\;C:\Program Files (x86)\NVIDIA Corporation\PhysX\Common;C:\Program Files (x86)\Intel\Intel(R) Management Engine Components\DAL;C:\Program Files\Intel\Intel(R) Management Engine Components\DAL;C:\Program Files (x86)\Intel\Intel(R) Management Engine Components\IPT;C:\Program Files\Intel\Intel(R) Management Engine Components\IPT;C:\Program Files\Intel\WiFi\bin\;C:\Program Files\Common Files\Intel\WirelessCommon\;C:\Program Files (x86)\Windows Kits\8.1\Windows Performance Toolkit\;C:\Users\maldo\AppData\Local\Microsoft\WindowsApps;C:\Program Files\NVIDIA Corporation\NVIDIA NvDLISR;C:\Program Files (x86)\MKVToolNix;C:\WINDOWS\system32;C:\WINDOWS;C:\WINDOWS\System32\Wbem;C:\WINDOWS\System32\WindowsPowerShell\v1.0\;C:\WINDOWS\System32\OpenSSH\;E:\studia\Sem-3\Programowanie komponentowe (07 72 3060 19)_pliki\apache-maven-3.6.3\bin;C:\msys64\usr\bin;C:\Program Files\Java\jdk-14.0.2\bin;C:\Program Files (x86)\Calibre2\;C:\Users\maldo\AppData\Local\Microsoft\WindowsApps;C:\Program Files\Intel\WiFi\bin\;C:\Program Files\Common Files\Intel\WirelessCommon\;C:\Program Files\JetBrains\CLion 2019.3.3\bin;;C:\Users\maldo\AppData\Local\Programs\Microsoft VS Code\bin;C:\Users\maldo\AppData\Local\GitHubDesktop\bin;."/>
    <property name="java.vm.info" value="mixed mode"/>
    <property name="java.vendor" value="Oracle Corporation"/>
    <property name="java.vm.version" value="14.0.2+12-46"/>
    <property name="sun.io.unicode.encoding" value="UnicodeLittle"/>
    <property name="java.class.version" value="58.0"/>
  </properties>
  <testcase name="solve" classname="sudoku.model.BacktrackingSudokuSolverTest" time="0.506">
    <system-out><![CDATA[00:17:21.582 [main] INFO  sudoku.model.SudokuBoard - Bład w kwadracie 0
sudoku.model.SudokuBoard@1ef31f71[
  size=9
  solver=sudoku.model.BacktrackingSudokuSolver@6e8fdd19
  board={{4,7,9,1,2,8,3,6,5},{5,1,8,6,7,9,2,0,0},{0,0,0,0,0,0,0,0,0},{0,0,0,0,0,0,0,0,0},{0,0,0,0,0,0,0,0,0},{0,0,0,0,0,0,0,0,0},{0,0,0,0,0,0,0,0,0},{0,0,0,0,0,0,0,0,0},{0,0,0,0,0,0,0,0,0}}
]
00:17:21.589 [main] INFO  sudoku.model.SudokuBoard - Wartość 0 wstawiona nieprawidłowo
00:17:21.591 [main] INFO  sudoku.model.SudokuBoard - Bład w kwadracie 0
sudoku.model.SudokuBoard@1ef31f71[
  size=9
  solver=sudoku.model.BacktrackingSudokuSolver@6e8fdd19
  board={{4,7,9,1,2,8,3,6,5},{5,1,8,6,7,9,0,0,0},{0,0,0,0,0,0,0,0,0},{0,0,0,0,0,0,0,0,0},{0,0,0,0,0,0,0,0,0},{0,0,0,0,0,0,0,0,0},{0,0,0,0,0,0,0,0,0},{0,0,0,0,0,0,0,0,0},{0,0,0,0,0,0,0,0,0}}
]
00:17:21.591 [main] INFO  sudoku.model.SudokuBoard - Wartość 0 wstawiona nieprawidłowo
00:17:21.593 [main] INFO  sudoku.model.SudokuBoard - Bład w kwadracie 0
sudoku.model.SudokuBoard@1ef31f71[
  size=9
  solver=sudoku.model.BacktrackingSudokuSolver@6e8fdd19
  board={{4,7,9,1,2,8,3,6,5},{5,1,8,6,7,9,4,0,0},{0,0,0,0,0,0,0,0,0},{0,0,0,0,0,0,0,0,0},{0,0,0,0,0,0,0,0,0},{0,0,0,0,0,0,0,0,0},{0,0,0,0,0,0,0,0,0},{0,0,0,0,0,0,0,0,0},{0,0,0,0,0,0,0,0,0}}
]
00:17:21.593 [main] INFO  sudoku.model.SudokuBoard - Wartość 0 wstawiona nieprawidłowo
00:17:21.594 [main] INFO  sudoku.model.SudokuBoard - Bład w kwadracie 0
sudoku.model.SudokuBoard@1ef31f71[
  size=9
  solver=sudoku.model.BacktrackingSudokuSolver@6e8fdd19
  board={{4,7,9,1,2,8,3,6,5},{5,1,8,6,7,9,0,0,0},{0,0,0,0,0,0,0,0,0},{0,0,0,0,0,0,0,0,0},{0,0,0,0,0,0,0,0,0},{0,0,0,0,0,0,0,0,0},{0,0,0,0,0,0,0,0,0},{0,0,0,0,0,0,0,0,0},{0,0,0,0,0,0,0,0,0}}
]
00:17:21.595 [main] INFO  sudoku.model.SudokuBoard - Wartość 0 wstawiona nieprawidłowo
00:17:21.598 [main] INFO  sudoku.model.SudokuBoard - Bład w kwadracie 0
sudoku.model.SudokuBoard@1ef31f71[
  size=9
  solver=sudoku.model.BacktrackingSudokuSolver@6e8fdd19
  board={{4,7,9,1,2,8,3,6,5},{5,1,8,6,7,0,0,0,0},{0,0,0,0,0,0,0,0,0},{0,0,0,0,0,0,0,0,0},{0,0,0,0,0,0,0,0,0},{0,0,0,0,0,0,0,0,0},{0,0,0,0,0,0,0,0,0},{0,0,0,0,0,0,0,0,0},{0,0,0,0,0,0,0,0,0}}
]
00:17:21.599 [main] INFO  sudoku.model.SudokuBoard - Wartość 0 wstawiona nieprawidłowo
00:17:21.601 [main] INFO  sudoku.model.SudokuBoard - Bład w kwadracie 0
sudoku.model.SudokuBoard@1ef31f71[
  size=9
  solver=sudoku.model.BacktrackingSudokuSolver@6e8fdd19
  board={{4,7,9,1,2,8,3,6,5},{5,1,8,6,7,3,2,9,4},{2,3,6,9,4,5,7,8,1},{8,5,7,4,9,6,1,2,3},{9,6,3,2,5,7,8,0,0},{0,0,0,0,0,0,0,0,0},{0,0,0,0,0,0,0,0,0},{0,0,0,0,0,0,0,0,0},{0,0,0,0,0,0,0,0,0}}
]
00:17:21.602 [main] INFO  sudoku.model.SudokuBoard - Wartość 0 wstawiona nieprawidłowo
00:17:21.604 [main] INFO  sudoku.model.SudokuBoard - Bład w kwadracie 0
sudoku.model.SudokuBoard@1ef31f71[
  size=9
  solver=sudoku.model.BacktrackingSudokuSolver@6e8fdd19
  board={{4,7,9,1,2,8,3,6,5},{5,1,8,6,7,3,2,9,4},{2,3,6,9,4,5,7,8,1},{8,5,7,4,9,6,1,2,3},{9,6,3,2,5,7,0,0,0},{0,0,0,0,0,0,0,0,0},{0,0,0,0,0,0,0,0,0},{0,0,0,0,0,0,0,0,0},{0,0,0,0,0,0,0,0,0}}
]
00:17:21.604 [main] INFO  sudoku.model.SudokuBoard - Wartość 0 wstawiona nieprawidłowo
00:17:21.607 [main] INFO  sudoku.model.SudokuBoard - Bład w kwadracie 0
sudoku.model.SudokuBoard@1ef31f71[
  size=9
  solver=sudoku.model.BacktrackingSudokuSolver@6e8fdd19
  board={{4,7,9,1,2,8,3,6,5},{5,1,8,6,7,3,2,9,4},{2,3,6,9,4,5,7,8,1},{8,5,7,4,9,6,1,2,3},{9,6,3,2,5,7,0,0,0},{0,0,0,0,0,0,0,0,0},{0,0,0,0,0,0,0,0,0},{0,0,0,0,0,0,0,0,0},{0,0,0,0,0,0,0,0,0}}
]
00:17:21.607 [main] INFO  sudoku.model.SudokuBoard - Wartość 0 wstawiona nieprawidłowo
00:17:21.608 [main] INFO  sudoku.model.SudokuBoard - Bład w kwadracie 0
sudoku.model.SudokuBoard@1ef31f71[
  size=9
  solver=sudoku.model.BacktrackingSudokuSolver@6e8fdd19
  board={{4,7,9,1,2,8,3,6,5},{5,1,8,6,7,3,2,9,4},{2,3,6,9,4,5,7,8,1},{8,5,7,4,9,6,1,2,3},{9,6,3,2,5,0,0,0,0},{0,0,0,0,0,0,0,0,0},{0,0,0,0,0,0,0,0,0},{0,0,0,0,0,0,0,0,0},{0,0,0,0,0,0,0,0,0}}
]
00:17:21.609 [main] INFO  sudoku.model.SudokuBoard - Wartość 0 wstawiona nieprawidłowo
00:17:21.611 [main] INFO  sudoku.model.SudokuBoard - Bład w kwadracie 0
sudoku.model.SudokuBoard@1ef31f71[
  size=9
  solver=sudoku.model.BacktrackingSudokuSolver@6e8fdd19
  board={{4,7,9,1,2,8,3,6,5},{5,1,8,6,7,3,2,9,4},{2,3,6,9,4,5,7,8,1},{8,5,7,4,9,6,1,2,3},{9,6,3,2,5,1,8,4,7},{1,2,4,7,0,0,0,0,0},{0,0,0,0,0,0,0,0,0},{0,0,0,0,0,0,0,0,0},{0,0,0,0,0,0,0,0,0}}
]
00:17:21.612 [main] INFO  sudoku.model.SudokuBoard - Wartość 0 wstawiona nieprawidłowo
00:17:21.614 [main] INFO  sudoku.model.SudokuBoard - Bład w kwadracie 0
sudoku.model.SudokuBoard@1ef31f71[
  size=9
  solver=sudoku.model.BacktrackingSudokuSolver@6e8fdd19
  board={{4,7,9,1,2,8,3,6,5},{5,1,8,6,7,3,2,9,4},{2,3,6,9,4,5,7,8,1},{8,5,7,4,9,6,1,2,3},{9,6,3,2,5,1,8,4,7},{1,2,4,7,0,0,0,0,0},{0,0,0,0,0,0,0,0,0},{0,0,0,0,0,0,0,0,0},{0,0,0,0,0,0,0,0,0}}
]
00:17:21.614 [main] INFO  sudoku.model.SudokuBoard - Wartość 0 wstawiona nieprawidłowo
00:17:21.615 [main] INFO  sudoku.model.SudokuBoard - Bład w kwadracie 0
sudoku.model.SudokuBoard@1ef31f71[
  size=9
  solver=sudoku.model.BacktrackingSudokuSolver@6e8fdd19
  board={{4,7,9,1,2,8,3,6,5},{5,1,8,6,7,3,2,9,4},{2,3,6,9,4,5,7,8,1},{8,5,7,4,9,6,1,2,3},{9,6,3,2,5,1,8,4,7},{1,2,4,0,0,0,0,0,0},{0,0,0,0,0,0,0,0,0},{0,0,0,0,0,0,0,0,0},{0,0,0,0,0,0,0,0,0}}
]
00:17:21.616 [main] INFO  sudoku.model.SudokuBoard - Wartość 0 wstawiona nieprawidłowo
00:17:21.618 [main] INFO  sudoku.model.SudokuBoard - Bład w kwadracie 0
sudoku.model.SudokuBoard@1ef31f71[
  size=9
  solver=sudoku.model.BacktrackingSudokuSolver@6e8fdd19
  board={{4,7,9,1,2,8,3,6,5},{5,1,8,6,7,3,2,9,4},{2,3,6,9,4,5,7,8,1},{8,5,7,4,9,6,1,2,3},{9,6,3,2,5,1,8,4,7},{1,2,4,8,3,7,0,0,0},{0,0,0,0,0,0,0,0,0},{0,0,0,0,0,0,0,0,0},{0,0,0,0,0,0,0,0,0}}
]
00:17:21.619 [main] INFO  sudoku.model.SudokuBoard - Wartość 0 wstawiona nieprawidłowo
00:17:21.621 [main] INFO  sudoku.model.SudokuBoard - Bład w kwadracie 0
sudoku.model.SudokuBoard@1ef31f71[
  size=9
  solver=sudoku.model.BacktrackingSudokuSolver@6e8fdd19
  board={{4,7,9,1,2,8,3,6,5},{5,1,8,6,7,3,2,9,4},{2,3,6,9,4,5,7,8,1},{8,5,7,4,9,6,1,2,3},{9,6,3,2,5,1,8,4,7},{1,2,4,8,3,7,6,5,9},{6,8,1,0,0,0,0,0,0},{0,0,0,0,0,0,0,0,0},{0,0,0,0,0,0,0,0,0}}
]
00:17:21.621 [main] INFO  sudoku.model.SudokuBoard - Wartość 0 wstawiona nieprawidłowo
00:17:21.624 [main] INFO  sudoku.model.SudokuBoard - Bład w kwadracie 0
sudoku.model.SudokuBoard@1ef31f71[
  size=9
  solver=sudoku.model.BacktrackingSudokuSolver@6e8fdd19
  board={{4,7,9,1,2,8,3,6,5},{5,1,8,6,7,3,2,9,4},{2,3,6,9,4,5,7,8,1},{8,5,7,4,9,6,1,2,3},{9,6,3,2,5,1,8,4,7},{1,2,4,8,3,7,6,5,9},{6,8,1,0,0,0,0,0,0},{0,0,0,0,0,0,0,0,0},{0,0,0,0,0,0,0,0,0}}
]
00:17:21.625 [main] INFO  sudoku.model.SudokuBoard - Wartość 0 wstawiona nieprawidłowo
00:17:21.627 [main] INFO  sudoku.model.SudokuBoard - Bład w kwadracie 0
sudoku.model.SudokuBoard@1ef31f71[
  size=9
  solver=sudoku.model.BacktrackingSudokuSolver@6e8fdd19
  board={{4,7,9,1,2,8,3,6,5},{5,1,8,6,7,3,2,9,4},{2,3,6,9,4,5,7,8,1},{8,5,7,4,9,6,1,2,3},{9,6,3,2,5,1,8,4,7},{1,2,4,8,3,7,6,5,9},{6,8,1,0,0,0,0,0,0},{0,0,0,0,0,0,0,0,0},{0,0,0,0,0,0,0,0,0}}
]
00:17:21.628 [main] INFO  sudoku.model.SudokuBoard - Wartość 0 wstawiona nieprawidłowo
00:17:21.630 [main] INFO  sudoku.model.SudokuBoard - Bład w kwadracie 0
sudoku.model.SudokuBoard@1ef31f71[
  size=9
  solver=sudoku.model.BacktrackingSudokuSolver@6e8fdd19
  board={{4,7,9,1,2,8,3,6,5},{5,1,8,6,7,3,2,9,4},{2,3,6,9,4,5,7,8,1},{8,5,7,4,9,6,1,2,3},{9,6,3,2,5,1,8,4,7},{1,2,4,8,3,7,6,5,9},{6,8,0,0,0,0,0,0,0},{0,0,0,0,0,0,0,0,0},{0,0,0,0,0,0,0,0,0}}
]
00:17:21.631 [main] INFO  sudoku.model.SudokuBoard - Wartość 0 wstawiona nieprawidłowo
00:17:21.632 [main] INFO  sudoku.model.SudokuBoard - Bład w kwadracie 0
sudoku.model.SudokuBoard@1ef31f71[
  size=9
  solver=sudoku.model.BacktrackingSudokuSolver@6e8fdd19
  board={{4,7,9,1,2,8,3,6,5},{5,1,8,6,7,3,2,9,4},{2,3,6,9,4,5,7,8,1},{8,5,7,4,9,6,1,2,3},{9,6,3,2,5,1,8,4,7},{1,2,4,8,3,7,6,5,9},{6,8,2,3,1,9,4,0,0},{0,0,0,0,0,0,0,0,0},{0,0,0,0,0,0,0,0,0}}
]
00:17:21.634 [main] INFO  sudoku.model.SudokuBoard - Wartość 0 wstawiona nieprawidłowo
00:17:21.635 [main] INFO  sudoku.model.SudokuBoard - Bład w kwadracie 0
sudoku.model.SudokuBoard@1ef31f71[
  size=9
  solver=sudoku.model.BacktrackingSudokuSolver@6e8fdd19
  board={{4,7,9,1,2,8,3,6,5},{5,1,8,6,7,3,2,9,4},{2,3,6,9,4,5,7,8,1},{8,5,7,4,9,6,1,2,3},{9,6,3,2,5,1,8,4,7},{1,2,4,8,3,7,6,5,9},{6,8,2,3,1,9,0,0,0},{0,0,0,0,0,0,0,0,0},{0,0,0,0,0,0,0,0,0}}
]
00:17:21.635 [main] INFO  sudoku.model.SudokuBoard - Wartość 0 wstawiona nieprawidłowo
00:17:21.636 [main] INFO  sudoku.model.SudokuBoard - Bład w kwadracie 0
sudoku.model.SudokuBoard@1ef31f71[
  size=9
  solver=sudoku.model.BacktrackingSudokuSolver@6e8fdd19
  board={{4,7,9,1,2,8,3,6,5},{5,1,8,6,7,3,2,9,4},{2,3,6,9,4,5,7,8,1},{8,5,7,4,9,6,1,2,3},{9,6,3,2,5,1,8,4,7},{1,2,4,8,3,7,6,5,9},{6,8,2,3,1,9,5,0,0},{0,0,0,0,0,0,0,0,0},{0,0,0,0,0,0,0,0,0}}
]
00:17:21.636 [main] INFO  sudoku.model.SudokuBoard - Wartość 0 wstawiona nieprawidłowo
00:17:21.638 [main] INFO  sudoku.model.SudokuBoard - Bład w kwadracie 0
sudoku.model.SudokuBoard@1ef31f71[
  size=9
  solver=sudoku.model.BacktrackingSudokuSolver@6e8fdd19
  board={{4,7,9,1,2,8,3,6,5},{5,1,8,6,7,3,2,9,4},{2,3,6,9,4,5,7,8,1},{8,5,7,4,9,6,1,2,3},{9,6,3,2,5,1,8,4,7},{1,2,4,8,3,7,6,5,9},{6,8,2,3,1,9,0,0,0},{0,0,0,0,0,0,0,0,0},{0,0,0,0,0,0,0,0,0}}
]
00:17:21.639 [main] INFO  sudoku.model.SudokuBoard - Wartość 0 wstawiona nieprawidłowo
00:17:21.640 [main] INFO  sudoku.model.SudokuBoard - Bład w kwadracie 0
sudoku.model.SudokuBoard@1ef31f71[
  size=9
  solver=sudoku.model.BacktrackingSudokuSolver@6e8fdd19
  board={{4,7,9,1,2,8,3,6,5},{5,1,8,6,7,3,2,9,4},{2,3,6,9,4,5,7,8,1},{8,5,7,4,9,6,1,2,3},{9,6,3,2,5,1,8,4,7},{1,2,4,8,3,7,6,5,9},{6,8,2,3,1,0,0,0,0},{0,0,0,0,0,0,0,0,0},{0,0,0,0,0,0,0,0,0}}
]
00:17:21.640 [main] INFO  sudoku.model.SudokuBoard - Wartość 0 wstawiona nieprawidłowo
00:17:21.641 [main] INFO  sudoku.model.SudokuBoard - Bład w kwadracie 0
sudoku.model.SudokuBoard@1ef31f71[
  size=9
  solver=sudoku.model.BacktrackingSudokuSolver@6e8fdd19
  board={{4,7,9,1,2,8,3,6,5},{5,1,8,6,7,3,2,9,4},{2,3,6,9,4,5,7,8,1},{8,5,7,4,9,6,1,2,3},{9,6,3,2,5,1,8,4,7},{1,2,4,8,3,7,6,5,9},{6,8,2,3,1,4,9,0,0},{0,0,0,0,0,0,0,0,0},{0,0,0,0,0,0,0,0,0}}
]
00:17:21.642 [main] INFO  sudoku.model.SudokuBoard - Wartość 0 wstawiona nieprawidłowo
00:17:21.642 [main] INFO  sudoku.model.SudokuBoard - Bład w kwadracie 0
sudoku.model.SudokuBoard@1ef31f71[
  size=9
  solver=sudoku.model.BacktrackingSudokuSolver@6e8fdd19
  board={{4,7,9,1,2,8,3,6,5},{5,1,8,6,7,3,2,9,4},{2,3,6,9,4,5,7,8,1},{8,5,7,4,9,6,1,2,3},{9,6,3,2,5,1,8,4,7},{1,2,4,8,3,7,6,5,9},{6,8,2,3,1,4,0,0,0},{0,0,0,0,0,0,0,0,0},{0,0,0,0,0,0,0,0,0}}
]
00:17:21.642 [main] INFO  sudoku.model.SudokuBoard - Wartość 0 wstawiona nieprawidłowo
00:17:21.642 [main] INFO  sudoku.model.SudokuBoard - Bład w kwadracie 0
sudoku.model.SudokuBoard@1ef31f71[
  size=9
  solver=sudoku.model.BacktrackingSudokuSolver@6e8fdd19
  board={{4,7,9,1,2,8,3,6,5},{5,1,8,6,7,3,2,9,4},{2,3,6,9,4,5,7,8,1},{8,5,7,4,9,6,1,2,3},{9,6,3,2,5,1,8,4,7},{1,2,4,8,3,7,6,5,9},{6,8,2,3,1,4,5,0,0},{0,0,0,0,0,0,0,0,0},{0,0,0,0,0,0,0,0,0}}
]
00:17:21.643 [main] INFO  sudoku.model.SudokuBoard - Wartość 0 wstawiona nieprawidłowo
00:17:21.643 [main] INFO  sudoku.model.SudokuBoard - Bład w kwadracie 0
sudoku.model.SudokuBoard@1ef31f71[
  size=9
  solver=sudoku.model.BacktrackingSudokuSolver@6e8fdd19
  board={{4,7,9,1,2,8,3,6,5},{5,1,8,6,7,3,2,9,4},{2,3,6,9,4,5,7,8,1},{8,5,7,4,9,6,1,2,3},{9,6,3,2,5,1,8,4,7},{1,2,4,8,3,7,6,5,9},{6,8,2,3,1,4,0,0,0},{0,0,0,0,0,0,0,0,0},{0,0,0,0,0,0,0,0,0}}
]
00:17:21.645 [main] INFO  sudoku.model.SudokuBoard - Wartość 0 wstawiona nieprawidłowo
00:17:21.646 [main] INFO  sudoku.model.SudokuBoard - Bład w kwadracie 0
sudoku.model.SudokuBoard@1ef31f71[
  size=9
  solver=sudoku.model.BacktrackingSudokuSolver@6e8fdd19
  board={{4,7,9,1,2,8,3,6,5},{5,1,8,6,7,3,2,9,4},{2,3,6,9,4,5,7,8,1},{8,5,7,4,9,6,1,2,3},{9,6,3,2,5,1,8,4,7},{1,2,4,8,3,7,6,5,9},{6,8,2,3,1,0,0,0,0},{0,0,0,0,0,0,0,0,0},{0,0,0,0,0,0,0,0,0}}
]
00:17:21.647 [main] INFO  sudoku.model.SudokuBoard - Wartość 0 wstawiona nieprawidłowo
00:17:21.647 [main] INFO  sudoku.model.SudokuBoard - Bład w kwadracie 0
sudoku.model.SudokuBoard@1ef31f71[
  size=9
  solver=sudoku.model.BacktrackingSudokuSolver@6e8fdd19
  board={{4,7,9,1,2,8,3,6,5},{5,1,8,6,7,3,2,9,4},{2,3,6,9,4,5,7,8,1},{8,5,7,4,9,6,1,2,3},{9,6,3,2,5,1,8,4,7},{1,2,4,8,3,7,6,5,9},{6,8,2,3,0,0,0,0,0},{0,0,0,0,0,0,0,0,0},{0,0,0,0,0,0,0,0,0}}
]
00:17:21.648 [main] INFO  sudoku.model.SudokuBoard - Wartość 0 wstawiona nieprawidłowo
00:17:21.648 [main] INFO  sudoku.model.SudokuBoard - Bład w kwadracie 0
sudoku.model.SudokuBoard@1ef31f71[
  size=9
  solver=sudoku.model.BacktrackingSudokuSolver@6e8fdd19
  board={{4,7,9,1,2,8,3,6,5},{5,1,8,6,7,3,2,9,4},{2,3,6,9,4,5,7,8,1},{8,5,7,4,9,6,1,2,3},{9,6,3,2,5,1,8,4,7},{1,2,4,8,3,7,6,5,9},{6,8,2,0,0,0,0,0,0},{0,0,0,0,0,0,0,0,0},{0,0,0,0,0,0,0,0,0}}
]
00:17:21.648 [main] INFO  sudoku.model.SudokuBoard - Wartość 0 wstawiona nieprawidłowo
00:17:21.649 [main] INFO  sudoku.model.SudokuBoard - Bład w kwadracie 0
sudoku.model.SudokuBoard@1ef31f71[
  size=9
  solver=sudoku.model.BacktrackingSudokuSolver@6e8fdd19
  board={{4,7,9,1,2,8,3,6,5},{5,1,8,6,7,3,2,9,4},{2,3,6,9,4,5,7,8,1},{8,5,7,4,9,6,1,2,3},{9,6,3,2,5,1,8,4,7},{1,2,4,8,3,7,6,5,9},{6,8,2,5,1,9,4,0,0},{0,0,0,0,0,0,0,0,0},{0,0,0,0,0,0,0,0,0}}
]
00:17:21.650 [main] INFO  sudoku.model.SudokuBoard - Wartość 0 wstawiona nieprawidłowo
00:17:21.650 [main] INFO  sudoku.model.SudokuBoard - Bład w kwadracie 0
sudoku.model.SudokuBoard@1ef31f71[
  size=9
  solver=sudoku.model.BacktrackingSudokuSolver@6e8fdd19
  board={{4,7,9,1,2,8,3,6,5},{5,1,8,6,7,3,2,9,4},{2,3,6,9,4,5,7,8,1},{8,5,7,4,9,6,1,2,3},{9,6,3,2,5,1,8,4,7},{1,2,4,8,3,7,6,5,9},{6,8,2,5,1,9,4,0,0},{0,0,0,0,0,0,0,0,0},{0,0,0,0,0,0,0,0,0}}
]
00:17:21.651 [main] INFO  sudoku.model.SudokuBoard - Wartość 0 wstawiona nieprawidłowo
00:17:21.651 [main] INFO  sudoku.model.SudokuBoard - Bład w kwadracie 0
sudoku.model.SudokuBoard@1ef31f71[
  size=9
  solver=sudoku.model.BacktrackingSudokuSolver@6e8fdd19
  board={{4,7,9,1,2,8,3,6,5},{5,1,8,6,7,3,2,9,4},{2,3,6,9,4,5,7,8,1},{8,5,7,4,9,6,1,2,3},{9,6,3,2,5,1,8,4,7},{1,2,4,8,3,7,6,5,9},{6,8,2,5,1,9,0,0,0},{0,0,0,0,0,0,0,0,0},{0,0,0,0,0,0,0,0,0}}
]
00:17:21.651 [main] INFO  sudoku.model.SudokuBoard - Wartość 0 wstawiona nieprawidłowo
00:17:21.652 [main] INFO  sudoku.model.SudokuBoard - Bład w kwadracie 0
sudoku.model.SudokuBoard@1ef31f71[
  size=9
  solver=sudoku.model.BacktrackingSudokuSolver@6e8fdd19
  board={{4,7,9,1,2,8,3,6,5},{5,1,8,6,7,3,2,9,4},{2,3,6,9,4,5,7,8,1},{8,5,7,4,9,6,1,2,3},{9,6,3,2,5,1,8,4,7},{1,2,4,8,3,7,6,5,9},{6,8,2,5,1,0,0,0,0},{0,0,0,0,0,0,0,0,0},{0,0,0,0,0,0,0,0,0}}
]
00:17:21.652 [main] INFO  sudoku.model.SudokuBoard - Wartość 0 wstawiona nieprawidłowo
00:17:21.653 [main] INFO  sudoku.model.SudokuBoard - Bład w kwadracie 0
sudoku.model.SudokuBoard@1ef31f71[
  size=9
  solver=sudoku.model.BacktrackingSudokuSolver@6e8fdd19
  board={{4,7,9,1,2,8,3,6,5},{5,1,8,6,7,3,2,9,4},{2,3,6,9,4,5,7,8,1},{8,5,7,4,9,6,1,2,3},{9,6,3,2,5,1,8,4,7},{1,2,4,8,3,7,6,5,9},{6,8,2,5,1,4,9,0,0},{0,0,0,0,0,0,0,0,0},{0,0,0,0,0,0,0,0,0}}
]
00:17:21.653 [main] INFO  sudoku.model.SudokuBoard - Wartość 0 wstawiona nieprawidłowo
00:17:21.654 [main] INFO  sudoku.model.SudokuBoard - Bład w kwadracie 0
sudoku.model.SudokuBoard@1ef31f71[
  size=9
  solver=sudoku.model.BacktrackingSudokuSolver@6e8fdd19
  board={{4,7,9,1,2,8,3,6,5},{5,1,8,6,7,3,2,9,4},{2,3,6,9,4,5,7,8,1},{8,5,7,4,9,6,1,2,3},{9,6,3,2,5,1,8,4,7},{1,2,4,8,3,7,6,5,9},{6,8,2,5,1,4,9,0,0},{0,0,0,0,0,0,0,0,0},{0,0,0,0,0,0,0,0,0}}
]
00:17:21.654 [main] INFO  sudoku.model.SudokuBoard - Wartość 0 wstawiona nieprawidłowo
00:17:21.655 [main] INFO  sudoku.model.SudokuBoard - Bład w kwadracie 0
sudoku.model.SudokuBoard@1ef31f71[
  size=9
  solver=sudoku.model.BacktrackingSudokuSolver@6e8fdd19
  board={{4,7,9,1,2,8,3,6,5},{5,1,8,6,7,3,2,9,4},{2,3,6,9,4,5,7,8,1},{8,5,7,4,9,6,1,2,3},{9,6,3,2,5,1,8,4,7},{1,2,4,8,3,7,6,5,9},{6,8,2,5,1,4,0,0,0},{0,0,0,0,0,0,0,0,0},{0,0,0,0,0,0,0,0,0}}
]
00:17:21.655 [main] INFO  sudoku.model.SudokuBoard - Wartość 0 wstawiona nieprawidłowo
00:17:21.655 [main] INFO  sudoku.model.SudokuBoard - Bład w kwadracie 0
sudoku.model.SudokuBoard@1ef31f71[
  size=9
  solver=sudoku.model.BacktrackingSudokuSolver@6e8fdd19
  board={{4,7,9,1,2,8,3,6,5},{5,1,8,6,7,3,2,9,4},{2,3,6,9,4,5,7,8,1},{8,5,7,4,9,6,1,2,3},{9,6,3,2,5,1,8,4,7},{1,2,4,8,3,7,6,5,9},{6,8,2,5,1,0,0,0,0},{0,0,0,0,0,0,0,0,0},{0,0,0,0,0,0,0,0,0}}
]
00:17:21.657 [main] INFO  sudoku.model.SudokuBoard - Wartość 0 wstawiona nieprawidłowo
00:17:21.657 [main] INFO  sudoku.model.SudokuBoard - Bład w kwadracie 0
sudoku.model.SudokuBoard@1ef31f71[
  size=9
  solver=sudoku.model.BacktrackingSudokuSolver@6e8fdd19
  board={{4,7,9,1,2,8,3,6,5},{5,1,8,6,7,3,2,9,4},{2,3,6,9,4,5,7,8,1},{8,5,7,4,9,6,1,2,3},{9,6,3,2,5,1,8,4,7},{1,2,4,8,3,7,6,5,9},{6,8,2,5,0,0,0,0,0},{0,0,0,0,0,0,0,0,0},{0,0,0,0,0,0,0,0,0}}
]
00:17:21.657 [main] INFO  sudoku.model.SudokuBoard - Wartość 0 wstawiona nieprawidłowo
00:17:21.658 [main] INFO  sudoku.model.SudokuBoard - Bład w kwadracie 0
sudoku.model.SudokuBoard@1ef31f71[
  size=9
  solver=sudoku.model.BacktrackingSudokuSolver@6e8fdd19
  board={{4,7,9,1,2,8,3,6,5},{5,1,8,6,7,3,2,9,4},{2,3,6,9,4,5,7,8,1},{8,5,7,4,9,6,1,2,3},{9,6,3,2,5,1,8,4,7},{1,2,4,8,3,7,6,5,9},{6,8,2,0,0,0,0,0,0},{0,0,0,0,0,0,0,0,0},{0,0,0,0,0,0,0,0,0}}
]
00:17:21.658 [main] INFO  sudoku.model.SudokuBoard - Wartość 0 wstawiona nieprawidłowo
00:17:21.659 [main] INFO  sudoku.model.SudokuBoard - Bład w kwadracie 0
sudoku.model.SudokuBoard@1ef31f71[
  size=9
  solver=sudoku.model.BacktrackingSudokuSolver@6e8fdd19
  board={{4,7,9,1,2,8,3,6,5},{5,1,8,6,7,3,2,9,4},{2,3,6,9,4,5,7,8,1},{8,5,7,4,9,6,1,2,3},{9,6,3,2,5,1,8,4,7},{1,2,4,8,3,7,6,5,9},{6,8,2,7,1,9,4,0,0},{0,0,0,0,0,0,0,0,0},{0,0,0,0,0,0,0,0,0}}
]
00:17:21.659 [main] INFO  sudoku.model.SudokuBoard - Wartość 0 wstawiona nieprawidłowo
00:17:21.660 [main] INFO  sudoku.model.SudokuBoard - Bład w kwadracie 0
sudoku.model.SudokuBoard@1ef31f71[
  size=9
  solver=sudoku.model.BacktrackingSudokuSolver@6e8fdd19
  board={{4,7,9,1,2,8,3,6,5},{5,1,8,6,7,3,2,9,4},{2,3,6,9,4,5,7,8,1},{8,5,7,4,9,6,1,2,3},{9,6,3,2,5,1,8,4,7},{1,2,4,8,3,7,6,5,9},{6,8,2,7,1,9,0,0,0},{0,0,0,0,0,0,0,0,0},{0,0,0,0,0,0,0,0,0}}
]
00:17:21.660 [main] INFO  sudoku.model.SudokuBoard - Wartość 0 wstawiona nieprawidłowo
00:17:21.661 [main] INFO  sudoku.model.SudokuBoard - Bład w kwadracie 0
sudoku.model.SudokuBoard@1ef31f71[
  size=9
  solver=sudoku.model.BacktrackingSudokuSolver@6e8fdd19
  board={{4,7,9,1,2,8,3,6,5},{5,1,8,6,7,3,2,9,4},{2,3,6,9,4,5,7,8,1},{8,5,7,4,9,6,1,2,3},{9,6,3,2,5,1,8,4,7},{1,2,4,8,3,7,6,5,9},{6,8,2,7,1,9,5,0,0},{0,0,0,0,0,0,0,0,0},{0,0,0,0,0,0,0,0,0}}
]
00:17:21.661 [main] INFO  sudoku.model.SudokuBoard - Wartość 0 wstawiona nieprawidłowo
00:17:21.661 [main] INFO  sudoku.model.SudokuBoard - Bład w kwadracie 0
sudoku.model.SudokuBoard@1ef31f71[
  size=9
  solver=sudoku.model.BacktrackingSudokuSolver@6e8fdd19
  board={{4,7,9,1,2,8,3,6,5},{5,1,8,6,7,3,2,9,4},{2,3,6,9,4,5,7,8,1},{8,5,7,4,9,6,1,2,3},{9,6,3,2,5,1,8,4,7},{1,2,4,8,3,7,6,5,9},{6,8,2,7,1,9,0,0,0},{0,0,0,0,0,0,0,0,0},{0,0,0,0,0,0,0,0,0}}
]
00:17:21.663 [main] INFO  sudoku.model.SudokuBoard - Wartość 0 wstawiona nieprawidłowo
00:17:21.663 [main] INFO  sudoku.model.SudokuBoard - Bład w kwadracie 0
sudoku.model.SudokuBoard@1ef31f71[
  size=9
  solver=sudoku.model.BacktrackingSudokuSolver@6e8fdd19
  board={{4,7,9,1,2,8,3,6,5},{5,1,8,6,7,3,2,9,4},{2,3,6,9,4,5,7,8,1},{8,5,7,4,9,6,1,2,3},{9,6,3,2,5,1,8,4,7},{1,2,4,8,3,7,6,5,9},{6,8,2,7,1,0,0,0,0},{0,0,0,0,0,0,0,0,0},{0,0,0,0,0,0,0,0,0}}
]
00:17:21.664 [main] INFO  sudoku.model.SudokuBoard - Wartość 0 wstawiona nieprawidłowo
00:17:21.664 [main] INFO  sudoku.model.SudokuBoard - Bład w kwadracie 0
sudoku.model.SudokuBoard@1ef31f71[
  size=9
  solver=sudoku.model.BacktrackingSudokuSolver@6e8fdd19
  board={{4,7,9,1,2,8,3,6,5},{5,1,8,6,7,3,2,9,4},{2,3,6,9,4,5,7,8,1},{8,5,7,4,9,6,1,2,3},{9,6,3,2,5,1,8,4,7},{1,2,4,8,3,7,6,5,9},{6,8,2,7,1,4,9,0,0},{0,0,0,0,0,0,0,0,0},{0,0,0,0,0,0,0,0,0}}
]
00:17:21.665 [main] INFO  sudoku.model.SudokuBoard - Wartość 0 wstawiona nieprawidłowo
00:17:21.665 [main] INFO  sudoku.model.SudokuBoard - Bład w kwadracie 0
sudoku.model.SudokuBoard@1ef31f71[
  size=9
  solver=sudoku.model.BacktrackingSudokuSolver@6e8fdd19
  board={{4,7,9,1,2,8,3,6,5},{5,1,8,6,7,3,2,9,4},{2,3,6,9,4,5,7,8,1},{8,5,7,4,9,6,1,2,3},{9,6,3,2,5,1,8,4,7},{1,2,4,8,3,7,6,5,9},{6,8,2,7,1,4,0,0,0},{0,0,0,0,0,0,0,0,0},{0,0,0,0,0,0,0,0,0}}
]
00:17:21.665 [main] INFO  sudoku.model.SudokuBoard - Wartość 0 wstawiona nieprawidłowo
00:17:21.666 [main] INFO  sudoku.model.SudokuBoard - Bład w kwadracie 0
sudoku.model.SudokuBoard@1ef31f71[
  size=9
  solver=sudoku.model.BacktrackingSudokuSolver@6e8fdd19
  board={{4,7,9,1,2,8,3,6,5},{5,1,8,6,7,3,2,9,4},{2,3,6,9,4,5,7,8,1},{8,5,7,4,9,6,1,2,3},{9,6,3,2,5,1,8,4,7},{1,2,4,8,3,7,6,5,9},{6,8,2,7,1,4,5,0,0},{0,0,0,0,0,0,0,0,0},{0,0,0,0,0,0,0,0,0}}
]
00:17:21.666 [main] INFO  sudoku.model.SudokuBoard - Wartość 0 wstawiona nieprawidłowo
00:17:21.667 [main] INFO  sudoku.model.SudokuBoard - Bład w kwadracie 0
sudoku.model.SudokuBoard@1ef31f71[
  size=9
  solver=sudoku.model.BacktrackingSudokuSolver@6e8fdd19
  board={{4,7,9,1,2,8,3,6,5},{5,1,8,6,7,3,2,9,4},{2,3,6,9,4,5,7,8,1},{8,5,7,4,9,6,1,2,3},{9,6,3,2,5,1,8,4,7},{1,2,4,8,3,7,6,5,9},{6,8,2,7,1,4,0,0,0},{0,0,0,0,0,0,0,0,0},{0,0,0,0,0,0,0,0,0}}
]
00:17:21.667 [main] INFO  sudoku.model.SudokuBoard - Wartość 0 wstawiona nieprawidłowo
00:17:21.667 [main] INFO  sudoku.model.SudokuBoard - Bład w kwadracie 0
sudoku.model.SudokuBoard@1ef31f71[
  size=9
  solver=sudoku.model.BacktrackingSudokuSolver@6e8fdd19
  board={{4,7,9,1,2,8,3,6,5},{5,1,8,6,7,3,2,9,4},{2,3,6,9,4,5,7,8,1},{8,5,7,4,9,6,1,2,3},{9,6,3,2,5,1,8,4,7},{1,2,4,8,3,7,6,5,9},{6,8,2,7,1,0,0,0,0},{0,0,0,0,0,0,0,0,0},{0,0,0,0,0,0,0,0,0}}
]
00:17:21.669 [main] INFO  sudoku.model.SudokuBoard - Wartość 0 wstawiona nieprawidłowo
00:17:21.670 [main] INFO  sudoku.model.SudokuBoard - Bład w kwadracie 0
sudoku.model.SudokuBoard@1ef31f71[
  size=9
  solver=sudoku.model.BacktrackingSudokuSolver@6e8fdd19
  board={{4,7,9,1,2,8,3,6,5},{5,1,8,6,7,3,2,9,4},{2,3,6,9,4,5,7,8,1},{8,5,7,4,9,6,1,2,3},{9,6,3,2,5,1,8,4,7},{1,2,4,8,3,7,6,5,9},{6,8,2,7,0,0,0,0,0},{0,0,0,0,0,0,0,0,0},{0,0,0,0,0,0,0,0,0}}
]
00:17:21.671 [main] INFO  sudoku.model.SudokuBoard - Wartość 0 wstawiona nieprawidłowo
00:17:21.672 [main] INFO  sudoku.model.SudokuBoard - Bład w kwadracie 0
sudoku.model.SudokuBoard@1ef31f71[
  size=9
  solver=sudoku.model.BacktrackingSudokuSolver@6e8fdd19
  board={{4,7,9,1,2,8,3,6,5},{5,1,8,6,7,3,2,9,4},{2,3,6,9,4,5,7,8,1},{8,5,7,4,9,6,1,2,3},{9,6,3,2,5,1,8,4,7},{1,2,4,8,3,7,6,5,9},{6,8,2,0,0,0,0,0,0},{0,0,0,0,0,0,0,0,0},{0,0,0,0,0,0,0,0,0}}
]
00:17:21.672 [main] INFO  sudoku.model.SudokuBoard - Wartość 0 wstawiona nieprawidłowo
00:17:21.672 [main] INFO  sudoku.model.SudokuBoard - Bład w kwadracie 0
sudoku.model.SudokuBoard@1ef31f71[
  size=9
  solver=sudoku.model.BacktrackingSudokuSolver@6e8fdd19
  board={{4,7,9,1,2,8,3,6,5},{5,1,8,6,7,3,2,9,4},{2,3,6,9,4,5,7,8,1},{8,5,7,4,9,6,1,2,3},{9,6,3,2,5,1,8,4,7},{1,2,4,8,3,7,6,5,9},{6,8,0,0,0,0,0,0,0},{0,0,0,0,0,0,0,0,0},{0,0,0,0,0,0,0,0,0}}
]
00:17:21.672 [main] INFO  sudoku.model.SudokuBoard - Wartość 0 wstawiona nieprawidłowo
00:17:21.673 [main] INFO  sudoku.model.SudokuBoard - Bład w kwadracie 0
sudoku.model.SudokuBoard@1ef31f71[
  size=9
  solver=sudoku.model.BacktrackingSudokuSolver@6e8fdd19
  board={{4,7,9,1,2,8,3,6,5},{5,1,8,6,7,3,2,9,4},{2,3,6,9,4,5,7,8,1},{8,5,7,4,9,6,1,2,3},{9,6,3,2,5,1,8,4,7},{1,2,4,8,3,7,6,5,9},{6,8,5,7,1,2,4,0,0},{0,0,0,0,0,0,0,0,0},{0,0,0,0,0,0,0,0,0}}
]
00:17:21.674 [main] INFO  sudoku.model.SudokuBoard - Wartość 0 wstawiona nieprawidłowo
00:17:21.674 [main] INFO  sudoku.model.SudokuBoard - Bład w kwadracie 0
sudoku.model.SudokuBoard@1ef31f71[
  size=9
  solver=sudoku.model.BacktrackingSudokuSolver@6e8fdd19
  board={{4,7,9,1,2,8,3,6,5},{5,1,8,6,7,3,2,9,4},{2,3,6,9,4,5,7,8,1},{8,5,7,4,9,6,1,2,3},{9,6,3,2,5,1,8,4,7},{1,2,4,8,3,7,6,5,9},{6,8,5,7,1,2,0,0,0},{0,0,0,0,0,0,0,0,0},{0,0,0,0,0,0,0,0,0}}
]
00:17:21.674 [main] INFO  sudoku.model.SudokuBoard - Wartość 0 wstawiona nieprawidłowo
00:17:21.675 [main] INFO  sudoku.model.SudokuBoard - Bład w kwadracie 0
sudoku.model.SudokuBoard@1ef31f71[
  size=9
  solver=sudoku.model.BacktrackingSudokuSolver@6e8fdd19
  board={{4,7,9,1,2,8,3,6,5},{5,1,8,6,7,3,2,9,4},{2,3,6,9,4,5,7,8,1},{8,5,7,4,9,6,1,2,3},{9,6,3,2,5,1,8,4,7},{1,2,4,8,3,7,6,5,9},{6,8,5,7,1,2,9,0,0},{0,0,0,0,0,0,0,0,0},{0,0,0,0,0,0,0,0,0}}
]
00:17:21.675 [main] INFO  sudoku.model.SudokuBoard - Wartość 0 wstawiona nieprawidłowo
00:17:21.676 [main] INFO  sudoku.model.SudokuBoard - Bład w kwadracie 0
sudoku.model.SudokuBoard@1ef31f71[
  size=9
  solver=sudoku.model.BacktrackingSudokuSolver@6e8fdd19
  board={{4,7,9,1,2,8,3,6,5},{5,1,8,6,7,3,2,9,4},{2,3,6,9,4,5,7,8,1},{8,5,7,4,9,6,1,2,3},{9,6,3,2,5,1,8,4,7},{1,2,4,8,3,7,6,5,9},{6,8,5,7,1,2,0,0,0},{0,0,0,0,0,0,0,0,0},{0,0,0,0,0,0,0,0,0}}
]
00:17:21.676 [main] INFO  sudoku.model.SudokuBoard - Wartość 0 wstawiona nieprawidłowo
00:17:21.676 [main] INFO  sudoku.model.SudokuBoard - Bład w kwadracie 0
sudoku.model.SudokuBoard@1ef31f71[
  size=9
  solver=sudoku.model.BacktrackingSudokuSolver@6e8fdd19
  board={{4,7,9,1,2,8,3,6,5},{5,1,8,6,7,3,2,9,4},{2,3,6,9,4,5,7,8,1},{8,5,7,4,9,6,1,2,3},{9,6,3,2,5,1,8,4,7},{1,2,4,8,3,7,6,5,9},{6,8,5,7,1,0,0,0,0},{0,0,0,0,0,0,0,0,0},{0,0,0,0,0,0,0,0,0}}
]
00:17:21.677 [main] INFO  sudoku.model.SudokuBoard - Wartość 0 wstawiona nieprawidłowo
00:17:21.678 [main] INFO  sudoku.model.SudokuBoard - Bład w kwadracie 0
sudoku.model.SudokuBoard@1ef31f71[
  size=9
  solver=sudoku.model.BacktrackingSudokuSolver@6e8fdd19
  board={{4,7,9,1,2,8,3,6,5},{5,1,8,6,7,3,2,9,4},{2,3,6,9,4,5,7,8,1},{8,5,7,4,9,6,1,2,3},{9,6,3,2,5,1,8,4,7},{1,2,4,8,3,7,6,5,9},{6,8,5,7,1,4,9,3,2},{3,4,1,5,8,0,0,0,0},{0,0,0,0,0,0,0,0,0}}
]
00:17:21.678 [main] INFO  sudoku.model.SudokuBoard - Wartość 0 wstawiona nieprawidłowo
00:17:21.678 [main] INFO  sudoku.model.SudokuBoard - Bład w kwadracie 0
sudoku.model.SudokuBoard@1ef31f71[
  size=9
  solver=sudoku.model.BacktrackingSudokuSolver@6e8fdd19
  board={{4,7,9,1,2,8,3,6,5},{5,1,8,6,7,3,2,9,4},{2,3,6,9,4,5,7,8,1},{8,5,7,4,9,6,1,2,3},{9,6,3,2,5,1,8,4,7},{1,2,4,8,3,7,6,5,9},{6,8,5,7,1,4,9,3,2},{3,4,1,5,8,0,0,0,0},{0,0,0,0,0,0,0,0,0}}
]
00:17:21.678 [main] INFO  sudoku.model.SudokuBoard - Wartość 0 wstawiona nieprawidłowo
00:17:21.680 [main] INFO  sudoku.model.SudokuBoard - Bład w kwadracie 0
sudoku.model.SudokuBoard@1ef31f71[
  size=9
  solver=sudoku.model.BacktrackingSudokuSolver@6e8fdd19
  board={{4,7,9,1,2,8,3,6,5},{5,1,8,6,7,3,2,9,4},{2,3,6,9,4,5,7,8,1},{8,5,7,4,9,6,1,2,3},{9,6,3,2,5,1,8,4,7},{1,2,4,8,3,7,6,5,9},{6,8,5,7,1,4,9,3,2},{3,4,1,5,0,0,0,0,0},{0,0,0,0,0,0,0,0,0}}
]
00:17:21.681 [main] INFO  sudoku.model.SudokuBoard - Wartość 0 wstawiona nieprawidłowo
00:17:21.682 [main] INFO  sudoku.model.SudokuBoard - Bład w kwadracie 0
sudoku.model.SudokuBoard@1ef31f71[
  size=9
  solver=sudoku.model.BacktrackingSudokuSolver@6e8fdd19
  board={{4,7,9,1,2,8,3,6,5},{5,1,8,6,7,3,2,9,4},{2,3,6,9,4,5,7,8,1},{8,5,7,4,9,6,1,2,3},{9,6,3,2,5,1,8,4,7},{1,2,4,8,3,7,6,5,9},{6,8,5,7,1,4,9,3,2},{3,4,1,5,6,0,0,0,0},{0,0,0,0,0,0,0,0,0}}
]
00:17:21.682 [main] INFO  sudoku.model.SudokuBoard - Wartość 0 wstawiona nieprawidłowo
00:17:21.682 [main] INFO  sudoku.model.SudokuBoard - Bład w kwadracie 0
sudoku.model.SudokuBoard@1ef31f71[
  size=9
  solver=sudoku.model.BacktrackingSudokuSolver@6e8fdd19
  board={{4,7,9,1,2,8,3,6,5},{5,1,8,6,7,3,2,9,4},{2,3,6,9,4,5,7,8,1},{8,5,7,4,9,6,1,2,3},{9,6,3,2,5,1,8,4,7},{1,2,4,8,3,7,6,5,9},{6,8,5,7,1,4,9,3,2},{3,4,1,5,6,0,0,0,0},{0,0,0,0,0,0,0,0,0}}
]
00:17:21.682 [main] INFO  sudoku.model.SudokuBoard - Wartość 0 wstawiona nieprawidłowo
00:17:21.683 [main] INFO  sudoku.model.SudokuBoard - Bład w kwadracie 0
sudoku.model.SudokuBoard@1ef31f71[
  size=9
  solver=sudoku.model.BacktrackingSudokuSolver@6e8fdd19
  board={{4,7,9,1,2,8,3,6,5},{5,1,8,6,7,3,2,9,4},{2,3,6,9,4,5,7,8,1},{8,5,7,4,9,6,1,2,3},{9,6,3,2,5,1,8,4,7},{1,2,4,8,3,7,6,5,9},{6,8,5,7,1,4,9,3,2},{3,4,1,5,0,0,0,0,0},{0,0,0,0,0,0,0,0,0}}
]
00:17:21.683 [main] INFO  sudoku.model.SudokuBoard - Wartość 0 wstawiona nieprawidłowo
00:17:21.684 [main] INFO  sudoku.model.SudokuBoard - Bład w kwadracie 0
sudoku.model.SudokuBoard@1ef31f71[
  size=9
  solver=sudoku.model.BacktrackingSudokuSolver@6e8fdd19
  board={{4,7,9,1,2,8,3,6,5},{5,1,8,6,7,3,2,9,4},{2,3,6,9,4,5,7,8,1},{8,5,7,4,9,6,1,2,3},{9,6,3,2,5,1,8,4,7},{1,2,4,8,3,7,6,5,9},{6,8,5,7,1,4,9,3,2},{3,4,1,0,0,0,0,0,0},{0,0,0,0,0,0,0,0,0}}
]
00:17:21.684 [main] INFO  sudoku.model.SudokuBoard - Wartość 0 wstawiona nieprawidłowo
00:17:21.685 [main] INFO  sudoku.model.SudokuBoard - Bład w kwadracie 0
sudoku.model.SudokuBoard@1ef31f71[
  size=9
  solver=sudoku.model.BacktrackingSudokuSolver@6e8fdd19
  board={{4,7,9,1,2,8,3,6,5},{5,1,8,6,7,3,2,9,4},{2,3,6,9,4,5,7,8,1},{8,5,7,4,9,6,1,2,3},{9,6,3,2,5,1,8,4,7},{1,2,4,8,3,7,6,5,9},{6,8,5,7,1,4,9,3,2},{3,4,0,0,0,0,0,0,0},{0,0,0,0,0,0,0,0,0}}
]
00:17:21.685 [main] INFO  sudoku.model.SudokuBoard - Wartość 0 wstawiona nieprawidłowo
00:17:21.686 [main] INFO  sudoku.model.SudokuBoard - Bład w kwadracie 0
sudoku.model.SudokuBoard@1ef31f71[
  size=9
  solver=sudoku.model.BacktrackingSudokuSolver@6e8fdd19
  board={{4,7,9,1,2,8,3,6,5},{5,1,8,6,7,3,2,9,4},{2,3,6,9,4,5,7,8,1},{8,5,7,4,9,6,1,2,3},{9,6,3,2,5,1,8,4,7},{1,2,4,8,3,7,6,5,9},{6,8,5,7,1,4,9,3,2},{3,4,2,5,8,0,0,0,0},{0,0,0,0,0,0,0,0,0}}
]
00:17:21.686 [main] INFO  sudoku.model.SudokuBoard - Wartość 0 wstawiona nieprawidłowo
00:17:21.686 [main] INFO  sudoku.model.SudokuBoard - Bład w kwadracie 0
sudoku.model.SudokuBoard@1ef31f71[
  size=9
  solver=sudoku.model.BacktrackingSudokuSolver@6e8fdd19
  board={{4,7,9,1,2,8,3,6,5},{5,1,8,6,7,3,2,9,4},{2,3,6,9,4,5,7,8,1},{8,5,7,4,9,6,1,2,3},{9,6,3,2,5,1,8,4,7},{1,2,4,8,3,7,6,5,9},{6,8,5,7,1,4,9,3,2},{3,4,2,5,0,0,0,0,0},{0,0,0,0,0,0,0,0,0}}
]
00:17:21.686 [main] INFO  sudoku.model.SudokuBoard - Wartość 0 wstawiona nieprawidłowo
00:17:21.687 [main] INFO  sudoku.model.SudokuBoard - Bład w kwadracie 0
sudoku.model.SudokuBoard@1ef31f71[
  size=9
  solver=sudoku.model.BacktrackingSudokuSolver@6e8fdd19
  board={{4,7,9,1,2,8,3,6,5},{5,1,8,6,7,3,2,9,4},{2,3,6,9,4,5,7,8,1},{8,5,7,4,9,6,1,2,3},{9,6,3,2,5,1,8,4,7},{1,2,4,8,3,7,6,5,9},{6,8,5,7,1,4,9,3,2},{3,4,2,5,6,0,0,0,0},{0,0,0,0,0,0,0,0,0}}
]
00:17:21.687 [main] INFO  sudoku.model.SudokuBoard - Wartość 0 wstawiona nieprawidłowo
00:17:21.687 [main] INFO  sudoku.model.SudokuBoard - Bład w kwadracie 0
sudoku.model.SudokuBoard@1ef31f71[
  size=9
  solver=sudoku.model.BacktrackingSudokuSolver@6e8fdd19
  board={{4,7,9,1,2,8,3,6,5},{5,1,8,6,7,3,2,9,4},{2,3,6,9,4,5,7,8,1},{8,5,7,4,9,6,1,2,3},{9,6,3,2,5,1,8,4,7},{1,2,4,8,3,7,6,5,9},{6,8,5,7,1,4,9,3,2},{3,4,2,5,0,0,0,0,0},{0,0,0,0,0,0,0,0,0}}
]
00:17:21.687 [main] INFO  sudoku.model.SudokuBoard - Wartość 0 wstawiona nieprawidłowo
00:17:21.688 [main] INFO  sudoku.model.SudokuBoard - Bład w kwadracie 0
sudoku.model.SudokuBoard@1ef31f71[
  size=9
  solver=sudoku.model.BacktrackingSudokuSolver@6e8fdd19
  board={{4,7,9,1,2,8,3,6,5},{5,1,8,6,7,3,2,9,4},{2,3,6,9,4,5,7,8,1},{8,5,7,4,9,6,1,2,3},{9,6,3,2,5,1,8,4,7},{1,2,4,8,3,7,6,5,9},{6,8,5,7,1,4,9,3,2},{3,4,2,0,0,0,0,0,0},{0,0,0,0,0,0,0,0,0}}
]
00:17:21.688 [main] INFO  sudoku.model.SudokuBoard - Wartość 0 wstawiona nieprawidłowo
00:17:21.688 [main] INFO  sudoku.model.SudokuBoard - Bład w kwadracie 0
sudoku.model.SudokuBoard@1ef31f71[
  size=9
  solver=sudoku.model.BacktrackingSudokuSolver@6e8fdd19
  board={{4,7,9,1,2,8,3,6,5},{5,1,8,6,7,3,2,9,4},{2,3,6,9,4,5,7,8,1},{8,5,7,4,9,6,1,2,3},{9,6,3,2,5,1,8,4,7},{1,2,4,8,3,7,6,5,9},{6,8,5,7,1,4,9,3,2},{3,4,0,0,0,0,0,0,0},{0,0,0,0,0,0,0,0,0}}
]
00:17:21.689 [main] INFO  sudoku.model.SudokuBoard - Wartość 0 wstawiona nieprawidłowo
00:17:21.689 [main] INFO  sudoku.model.SudokuBoard - Bład w kwadracie 0
sudoku.model.SudokuBoard@1ef31f71[
  size=9
  solver=sudoku.model.BacktrackingSudokuSolver@6e8fdd19
  board={{4,7,9,1,2,8,3,6,5},{5,1,8,6,7,3,2,9,4},{2,3,6,9,4,5,7,8,1},{8,5,7,4,9,6,1,2,3},{9,6,3,2,5,1,8,4,7},{1,2,4,8,3,7,6,5,9},{6,8,5,7,1,4,9,3,2},{3,0,0,0,0,0,0,0,0},{0,0,0,0,0,0,0,0,0}}
]
00:17:21.689 [main] INFO  sudoku.model.SudokuBoard - Wartość 0 wstawiona nieprawidłowo
Nie wykryto bledu]]></system-out>
  </testcase>
</testsuite>