<?xml version="1.0" encoding="UTF-8"?>
<testsuite xmlns:xsi="http://www.w3.org/2001/XMLSchema-instance" xsi:noNamespaceSchemaLocation="https://maven.apache.org/surefire/maven-surefire-plugin/xsd/surefire-test-report-3.0.xsd" version="3.0" name="sudoku.model.FileSudokuBoardDaoTest" time="0.508" tests="2" errors="0" skipped="0" failures="0">
  <properties>
    <property name="java.specification.version" value="14"/>
    <property name="sun.cpu.isalist" value="amd64"/>
    <property name="sun.jnu.encoding" value="Cp1250"/>
    <property name="java.class.path" value="E:\studia\Sem-3\Programowanie komponentowe (07 72 3060 19)_pliki\ProjektKompo\an_pn_1145_03\Model\target\test-classes;C:\Users\maldo\.m2\repository\org\junit\jupiter\junit-jupiter-engine\5.6.2\junit-jupiter-engine-5.6.2.jar;C:\Users\maldo\.m2\repository\org\apiguardian\apiguardian-api\1.1.0\apiguardian-api-1.1.0.jar;C:\Users\maldo\.m2\repository\org\junit\platform\junit-platform-engine\1.6.2\junit-platform-engine-1.6.2.jar;C:\Users\maldo\.m2\repository\org\opentest4j\opentest4j\1.2.0\opentest4j-1.2.0.jar;C:\Users\maldo\.m2\repository\org\junit\platform\junit-platform-commons\1.6.2\junit-platform-commons-1.6.2.jar;C:\Users\maldo\.m2\repository\org\junit\jupiter\junit-jupiter-api\5.6.2\junit-jupiter-api-5.6.2.jar;C:\Users\maldo\.m2\repository\ch\qos\logback\logback-classic\1.1.7\logback-classic-1.1.7.jar;C:\Users\maldo\.m2\repository\ch\qos\logback\logback-core\1.1.7\logback-core-1.1.7.jar;C:\Users\maldo\.m2\repository\org\openjfx\javafx-controls\13\javafx-controls-13.jar;C:\Users\maldo\.m2\repository\org\openjfx\javafx-controls\13\javafx-controls-13-win.jar;C:\Users\maldo\.m2\repository\org\openjfx\javafx-graphics\13\javafx-graphics-13.jar;C:\Users\maldo\.m2\repository\org\openjfx\javafx-graphics\13\javafx-graphics-13-win.jar;C:\Users\maldo\.m2\repository\org\openjfx\javafx-base\13\javafx-base-13.jar;C:\Users\maldo\.m2\repository\org\openjfx\javafx-fxml\13\javafx-fxml-13.jar;C:\Users\maldo\.m2\repository\org\openjfx\javafx-fxml\13\javafx-fxml-13-win.jar;"/>
    <property name="java.vm.vendor" value="Oracle Corporation"/>
    <property name="sun.arch.data.model" value="64"/>
    <property name="user.variant" value=""/>
    <property name="java.vendor.url" value="https://java.oracle.com/"/>
    <property name="user.timezone" value="Europe/Warsaw"/>
    <property name="os.name" value="Windows 10"/>
    <property name="java.vm.specification.version" value="14"/>
    <property name="sun.java.launcher" value="SUN_STANDARD"/>
    <property name="user.country" value="PL"/>
    <property name="sun.boot.library.path" value="C:\Program Files\Java\jdk-14.0.2\bin"/>
    <property name="sun.java.command" value="org.apache.maven.surefire.booter.ForkedBooter C:\Users\maldo\AppData\Local\Temp\surefire17345554027573010755 2021-01-22T15-41-37_502-jvmRun1 surefire1142510444361258376tmp surefire_09753954994278721125tmp"/>
    <property name="jdk.debug" value="release"/>
    <property name="surefire.test.class.path" value="E:\studia\Sem-3\Programowanie komponentowe (07 72 3060 19)_pliki\ProjektKompo\an_pn_1145_03\Model\target\test-classes;C:\Users\maldo\.m2\repository\org\junit\jupiter\junit-jupiter-engine\5.6.2\junit-jupiter-engine-5.6.2.jar;C:\Users\maldo\.m2\repository\org\apiguardian\apiguardian-api\1.1.0\apiguardian-api-1.1.0.jar;C:\Users\maldo\.m2\repository\org\junit\platform\junit-platform-engine\1.6.2\junit-platform-engine-1.6.2.jar;C:\Users\maldo\.m2\repository\org\opentest4j\opentest4j\1.2.0\opentest4j-1.2.0.jar;C:\Users\maldo\.m2\repository\org\junit\platform\junit-platform-commons\1.6.2\junit-platform-commons-1.6.2.jar;C:\Users\maldo\.m2\repository\org\junit\jupiter\junit-jupiter-api\5.6.2\junit-jupiter-api-5.6.2.jar;C:\Users\maldo\.m2\repository\ch\qos\logback\logback-classic\1.1.7\logback-classic-1.1.7.jar;C:\Users\maldo\.m2\repository\ch\qos\logback\logback-core\1.1.7\logback-core-1.1.7.jar;C:\Users\maldo\.m2\repository\org\openjfx\javafx-controls\13\javafx-controls-13.jar;C:\Users\maldo\.m2\repository\org\openjfx\javafx-controls\13\javafx-controls-13-win.jar;C:\Users\maldo\.m2\repository\org\openjfx\javafx-graphics\13\javafx-graphics-13.jar;C:\Users\maldo\.m2\repository\org\openjfx\javafx-graphics\13\javafx-graphics-13-win.jar;C:\Users\maldo\.m2\repository\org\openjfx\javafx-base\13\javafx-base-13.jar;C:\Users\maldo\.m2\repository\org\openjfx\javafx-fxml\13\javafx-fxml-13.jar;C:\Users\maldo\.m2\repository\org\openjfx\javafx-fxml\13\javafx-fxml-13-win.jar;"/>
    <property name="sun.cpu.endian" value="little"/>
    <property name="user.home" value="C:\Users\maldo"/>
    <property name="user.language" value="pl"/>
    <property name="java.specification.vendor" value="Oracle Corporation"/>
    <property name="jdk.module.path" value="E:\studia\Sem-3\Programowanie komponentowe (07 72 3060 19)_pliki\ProjektKompo\an_pn_1145_03\Model\target\classes;C:\Users\maldo\.m2\repository\org\apache\commons\commons-lang3\3.11\commons-lang3-3.11.jar;C:\Users\maldo\.m2\repository\org\slf4j\slf4j-api\1.7.30\slf4j-api-1.7.30.jar;C:\Users\maldo\.m2\repository\org\openjfx\javafx-base\13\javafx-base-13-win.jar"/>
    <property name="java.version.date" value="2020-07-14"/>
    <property name="java.home" value="C:\Program Files\Java\jdk-14.0.2"/>
    <property name="file.separator" value="\"/>
    <property name="basedir" value="E:\studia\Sem-3\Programowanie komponentowe (07 72 3060 19)_pliki\ProjektKompo\an_pn_1145_03\Model"/>
    <property name="java.vm.compressedOopsMode" value="Zero based"/>
    <property name="line.separator" value="&#10;"/>
    <property name="java.vm.specification.vendor" value="Oracle Corporation"/>
    <property name="java.specification.name" value="Java Platform API Specification"/>
    <property name="surefire.real.class.path" value="C:\Users\maldo\.m2\repository\org\apache\maven\surefire\surefire-booter\3.0.0-M5\surefire-booter-3.0.0-M5.jar;C:\Users\maldo\.m2\repository\org\apache\maven\surefire\surefire-api\3.0.0-M5\surefire-api-3.0.0-M5.jar;C:\Users\maldo\.m2\repository\org\apache\maven\surefire\surefire-logger-api\3.0.0-M5\surefire-logger-api-3.0.0-M5.jar;C:\Users\maldo\.m2\repository\org\apache\maven\surefire\surefire-shared-utils\3.0.0-M4\surefire-shared-utils-3.0.0-M4.jar;C:\Users\maldo\.m2\repository\org\apache\maven\surefire\surefire-extensions-spi\3.0.0-M5\surefire-extensions-spi-3.0.0-M5.jar;E:\studia\Sem-3\Programowanie komponentowe (07 72 3060 19)_pliki\ProjektKompo\an_pn_1145_03\Model\target\test-classes;C:\Users\maldo\.m2\repository\org\junit\jupiter\junit-jupiter-engine\5.6.2\junit-jupiter-engine-5.6.2.jar;C:\Users\maldo\.m2\repository\org\apiguardian\apiguardian-api\1.1.0\apiguardian-api-1.1.0.jar;C:\Users\maldo\.m2\repository\org\junit\platform\junit-platform-engine\1.6.2\junit-platform-engine-1.6.2.jar;C:\Users\maldo\.m2\repository\org\opentest4j\opentest4j\1.2.0\opentest4j-1.2.0.jar;C:\Users\maldo\.m2\repository\org\junit\platform\junit-platform-commons\1.6.2\junit-platform-commons-1.6.2.jar;C:\Users\maldo\.m2\repository\org\junit\jupiter\junit-jupiter-api\5.6.2\junit-jupiter-api-5.6.2.jar;C:\Users\maldo\.m2\repository\ch\qos\logback\logback-classic\1.1.7\logback-classic-1.1.7.jar;C:\Users\maldo\.m2\repository\ch\qos\logback\logback-core\1.1.7\logback-core-1.1.7.jar;C:\Users\maldo\.m2\repository\org\openjfx\javafx-controls\13\javafx-controls-13.jar;C:\Users\maldo\.m2\repository\org\openjfx\javafx-controls\13\javafx-controls-13-win.jar;C:\Users\maldo\.m2\repository\org\openjfx\javafx-graphics\13\javafx-graphics-13.jar;C:\Users\maldo\.m2\repository\org\openjfx\javafx-graphics\13\javafx-graphics-13-win.jar;C:\Users\maldo\.m2\repository\org\openjfx\javafx-base\13\javafx-base-13.jar;C:\Users\maldo\.m2\repository\org\openjfx\javafx-fxml\13\javafx-fxml-13.jar;C:\Users\maldo\.m2\repository\org\openjfx\javafx-fxml\13\javafx-fxml-13-win.jar;C:\Users\maldo\.m2\repository\org\apache\maven\surefire\surefire-junit-platform\3.0.0-M5\surefire-junit-platform-3.0.0-M5.jar;C:\Users\maldo\.m2\repository\org\apache\maven\surefire\common-java5\3.0.0-M5\common-java5-3.0.0-M5.jar;C:\Users\maldo\.m2\repository\org\junit\platform\junit-platform-launcher\1.6.2\junit-platform-launcher-1.6.2.jar"/>
    <property name="user.script" value=""/>
    <property name="sun.management.compiler" value="HotSpot 64-Bit Tiered Compilers"/>
    <property name="java.runtime.version" value="14.0.2+12-46"/>
    <property name="user.name" value="maldo"/>
    <property name="path.separator" value=";"/>
    <property name="os.version" value="10.0"/>
    <property name="java.runtime.name" value="Java(TM) SE Runtime Environment"/>
    <property name="file.encoding" value="Cp1250"/>
    <property name="java.vm.name" value="Java HotSpot(TM) 64-Bit Server VM"/>
    <property name="localRepository" value="C:\Users\maldo\.m2\repository"/>
    <property name="java.vendor.url.bug" value="https://bugreport.java.com/bugreport/"/>
    <property name="java.io.tmpdir" value="C:\Users\maldo\AppData\Local\Temp\"/>
    <property name="idea.version" value="2020.2.3"/>
    <property name="java.version" value="14.0.2"/>
    <property name="user.dir" value="E:\studia\Sem-3\Programowanie komponentowe (07 72 3060 19)_pliki\ProjektKompo\an_pn_1145_03\Model"/>
    <property name="os.arch" value="amd64"/>
    <property name="java.vm.specification.name" value="Java Virtual Machine Specification"/>
    <property name="sun.os.patch.level" value=""/>
    <property name="java.library.path" value="C:\Program Files\Java\jdk-14.0.2\bin;C:\WINDOWS\Sun\Java\bin;C:\WINDOWS\system32;C:\WINDOWS;C:\Program Files (x86)\Razer Chroma SDK\bin;C:\Program Files\Razer Chroma SDK\bin;C:\Python\Scripts\;C:\Python\;C:\Program Files (x86)\Intel\iCLS Client\;C:\Program Files\Intel\iCLS Client\;C:\Windows\system32;C:\Windows;C:\Windows\System32\Wbem;C:\Windows\System32\WindowsPowerShell\v1.0\;C:\Windows\System32\OpenSSH\;C:\Program Files (x86)\NVIDIA Corporation\PhysX\Common;C:\Program Files (x86)\Intel\Intel(R) Management Engine Components\DAL;C:\Program Files\Intel\Intel(R) Management Engine Components\DAL;C:\Program Files (x86)\Intel\Intel(R) Management Engine Components\IPT;C:\Program Files\Intel\Intel(R) Management Engine Components\IPT;C:\Program Files\Intel\WiFi\bin\;C:\Program Files\Common Files\Intel\WirelessCommon\;C:\Program Files (x86)\Windows Kits\8.1\Windows Performance Toolkit\;C:\Users\maldo\AppData\Local\Microsoft\WindowsApps;C:\Program Files\NVIDIA Corporation\NVIDIA NvDLISR;C:\Program Files (x86)\MKVToolNix;C:\WINDOWS\system32;C:\WINDOWS;C:\WINDOWS\System32\Wbem;C:\WINDOWS\System32\WindowsPowerShell\v1.0\;C:\WINDOWS\System32\OpenSSH\;E:\studia\Sem-3\Programowanie komponentowe (07 72 3060 19)_pliki\apache-maven-3.6.3\bin;C:\msys64\usr\bin;C:\Program Files\Java\jdk-14.0.2\bin;C:\Program Files (x86)\Calibre2\;C:\Users\maldo\AppData\Local\Microsoft\WindowsApps;C:\Program Files\Intel\WiFi\bin\;C:\Program Files\Common Files\Intel\WirelessCommon\;C:\Program Files\JetBrains\CLion 2019.3.3\bin;;C:\Users\maldo\AppData\Local\Programs\Microsoft VS Code\bin;C:\Users\maldo\AppData\Local\GitHubDesktop\bin;."/>
    <property name="java.vm.info" value="mixed mode"/>
    <property name="java.vendor" value="Oracle Corporation"/>
    <property name="java.vm.version" value="14.0.2+12-46"/>
    <property name="sun.io.unicode.encoding" value="UnicodeLittle"/>
    <property name="java.class.version" value="58.0"/>
  </properties>
  <testcase name="finalizeTest" classname="sudoku.model.FileSudokuBoardDaoTest" time="0.01"/>
  <testcase name="writeReadTest" classname="sudoku.model.FileSudokuBoardDaoTest" time="0.491">
    <system-out><![CDATA[15:41:39.913 [main] INFO sudoku.model.SudokuBoard - Bład w kwadracie 0
sudoku.model.SudokuBoard@47ac613b[
  size=9
  solver=sudoku.model.BacktrackingSudokuSolver@60d6fdd4
  board={{2,4,5,6,7,8,1,9,3},{1,6,7,3,5,4,8,0,0},{0,0,0,0,0,0,0,0,0},{0,0,0,0,0,0,0,0,0},{0,0,0,0,0,0,0,0,0},{0,0,0,0,0,0,0,0,0},{0,0,0,0,0,0,0,0,0},{0,0,0,0,0,0,0,0,0},{0,0,0,0,0,0,0,0,0}}
]
15:41:39.913 [main] INFO sudoku.model.SudokuBoard - Wartość 0 wstawiona nieprawidłowo
15:41:39.914 [main] INFO sudoku.model.SudokuBoard - Bład w kwadracie 0
sudoku.model.SudokuBoard@47ac613b[
  size=9
  solver=sudoku.model.BacktrackingSudokuSolver@60d6fdd4
  board={{2,4,5,6,7,8,1,9,3},{1,6,7,3,5,4,0,0,0},{0,0,0,0,0,0,0,0,0},{0,0,0,0,0,0,0,0,0},{0,0,0,0,0,0,0,0,0},{0,0,0,0,0,0,0,0,0},{0,0,0,0,0,0,0,0,0},{0,0,0,0,0,0,0,0,0},{0,0,0,0,0,0,0,0,0}}
]
15:41:39.915 [main] INFO sudoku.model.SudokuBoard - Wartość 0 wstawiona nieprawidłowo
15:41:39.916 [main] INFO sudoku.model.SudokuBoard - Bład w kwadracie 0
sudoku.model.SudokuBoard@47ac613b[
  size=9
  solver=sudoku.model.BacktrackingSudokuSolver@60d6fdd4
  board={{2,4,5,6,7,8,1,9,3},{1,6,7,3,5,4,2,0,0},{0,0,0,0,0,0,0,0,0},{0,0,0,0,0,0,0,0,0},{0,0,0,0,0,0,0,0,0},{0,0,0,0,0,0,0,0,0},{0,0,0,0,0,0,0,0,0},{0,0,0,0,0,0,0,0,0},{0,0,0,0,0,0,0,0,0}}
]
15:41:39.916 [main] INFO sudoku.model.SudokuBoard - Wartość 0 wstawiona nieprawidłowo
15:41:39.917 [main] INFO sudoku.model.SudokuBoard - Bład w kwadracie 0
sudoku.model.SudokuBoard@47ac613b[
  size=9
  solver=sudoku.model.BacktrackingSudokuSolver@60d6fdd4
  board={{2,4,5,6,7,8,1,9,3},{1,6,7,3,5,4,0,0,0},{0,0,0,0,0,0,0,0,0},{0,0,0,0,0,0,0,0,0},{0,0,0,0,0,0,0,0,0},{0,0,0,0,0,0,0,0,0},{0,0,0,0,0,0,0,0,0},{0,0,0,0,0,0,0,0,0},{0,0,0,0,0,0,0,0,0}}
]
15:41:39.918 [main] INFO sudoku.model.SudokuBoard - Wartość 0 wstawiona nieprawidłowo
15:41:39.919 [main] INFO sudoku.model.SudokuBoard - Bład w kwadracie 0
sudoku.model.SudokuBoard@47ac613b[
  size=9
  solver=sudoku.model.BacktrackingSudokuSolver@60d6fdd4
  board={{2,4,5,6,7,8,1,9,3},{1,6,7,3,5,0,0,0,0},{0,0,0,0,0,0,0,0,0},{0,0,0,0,0,0,0,0,0},{0,0,0,0,0,0,0,0,0},{0,0,0,0,0,0,0,0,0},{0,0,0,0,0,0,0,0,0},{0,0,0,0,0,0,0,0,0},{0,0,0,0,0,0,0,0,0}}
]
15:41:39.921 [main] INFO sudoku.model.SudokuBoard - Wartość 0 wstawiona nieprawidłowo
15:41:39.923 [main] INFO sudoku.model.SudokuBoard - Bład w kwadracie 0
sudoku.model.SudokuBoard@47ac613b[
  size=9
  solver=sudoku.model.BacktrackingSudokuSolver@60d6fdd4
  board={{2,4,5,6,7,8,1,9,3},{1,6,7,3,5,9,2,8,4},{8,3,9,1,2,4,5,6,7},{3,1,6,2,4,5,0,0,0},{0,0,0,0,0,0,0,0,0},{0,0,0,0,0,0,0,0,0},{0,0,0,0,0,0,0,0,0},{0,0,0,0,0,0,0,0,0},{0,0,0,0,0,0,0,0,0}}
]
15:41:39.924 [main] INFO sudoku.model.SudokuBoard - Wartość 0 wstawiona nieprawidłowo
15:41:39.930 [main] INFO sudoku.model.SudokuBoard - Bład w kwadracie 0
sudoku.model.SudokuBoard@47ac613b[
  size=9
  solver=sudoku.model.BacktrackingSudokuSolver@60d6fdd4
  board={{2,4,5,6,7,8,1,9,3},{1,6,7,3,5,9,2,8,4},{8,3,9,1,2,4,5,6,7},{3,1,6,2,4,5,8,7,9},{4,8,2,7,1,3,6,0,0},{0,0,0,0,0,0,0,0,0},{0,0,0,0,0,0,0,0,0},{0,0,0,0,0,0,0,0,0},{0,0,0,0,0,0,0,0,0}}
]
15:41:39.931 [main] INFO sudoku.model.SudokuBoard - Wartość 0 wstawiona nieprawidłowo
15:41:39.931 [main] INFO sudoku.model.SudokuBoard - Bład w kwadracie 0
sudoku.model.SudokuBoard@47ac613b[
  size=9
  solver=sudoku.model.BacktrackingSudokuSolver@60d6fdd4
  board={{2,4,5,6,7,8,1,9,3},{1,6,7,3,5,9,2,8,4},{8,3,9,1,2,4,5,6,7},{3,1,6,2,4,5,8,7,9},{4,8,2,7,1,3,0,0,0},{0,0,0,0,0,0,0,0,0},{0,0,0,0,0,0,0,0,0},{0,0,0,0,0,0,0,0,0},{0,0,0,0,0,0,0,0,0}}
]
15:41:39.931 [main] INFO sudoku.model.SudokuBoard - Wartość 0 wstawiona nieprawidłowo
15:41:39.932 [main] INFO sudoku.model.SudokuBoard - Bład w kwadracie 0
sudoku.model.SudokuBoard@47ac613b[
  size=9
  solver=sudoku.model.BacktrackingSudokuSolver@60d6fdd4
  board={{2,4,5,6,7,8,1,9,3},{1,6,7,3,5,9,2,8,4},{8,3,9,1,2,4,5,6,7},{3,1,6,2,4,5,8,7,9},{4,8,2,7,1,0,0,0,0},{0,0,0,0,0,0,0,0,0},{0,0,0,0,0,0,0,0,0},{0,0,0,0,0,0,0,0,0},{0,0,0,0,0,0,0,0,0}}
]
15:41:39.933 [main] INFO sudoku.model.SudokuBoard - Wartość 0 wstawiona nieprawidłowo
15:41:39.934 [main] INFO sudoku.model.SudokuBoard - Bład w kwadracie 0
sudoku.model.SudokuBoard@47ac613b[
  size=9
  solver=sudoku.model.BacktrackingSudokuSolver@60d6fdd4
  board={{2,4,5,6,7,8,1,9,3},{1,6,7,3,5,9,2,8,4},{8,3,9,1,2,4,5,6,7},{3,1,6,2,4,5,8,7,9},{4,8,2,7,1,6,3,0,0},{0,0,0,0,0,0,0,0,0},{0,0,0,0,0,0,0,0,0},{0,0,0,0,0,0,0,0,0},{0,0,0,0,0,0,0,0,0}}
]
15:41:39.934 [main] INFO sudoku.model.SudokuBoard - Wartość 0 wstawiona nieprawidłowo
15:41:39.935 [main] INFO sudoku.model.SudokuBoard - Bład w kwadracie 0
sudoku.model.SudokuBoard@47ac613b[
  size=9
  solver=sudoku.model.BacktrackingSudokuSolver@60d6fdd4
  board={{2,4,5,6,7,8,1,9,3},{1,6,7,3,5,9,2,8,4},{8,3,9,1,2,4,5,6,7},{3,1,6,2,4,5,8,7,9},{4,8,2,7,1,6,0,0,0},{0,0,0,0,0,0,0,0,0},{0,0,0,0,0,0,0,0,0},{0,0,0,0,0,0,0,0,0},{0,0,0,0,0,0,0,0,0}}
]
15:41:39.935 [main] INFO sudoku.model.SudokuBoard - Wartość 0 wstawiona nieprawidłowo
15:41:39.935 [main] INFO sudoku.model.SudokuBoard - Bład w kwadracie 0
sudoku.model.SudokuBoard@47ac613b[
  size=9
  solver=sudoku.model.BacktrackingSudokuSolver@60d6fdd4
  board={{2,4,5,6,7,8,1,9,3},{1,6,7,3,5,9,2,8,4},{8,3,9,1,2,4,5,6,7},{3,1,6,2,4,5,8,7,9},{4,8,2,7,1,0,0,0,0},{0,0,0,0,0,0,0,0,0},{0,0,0,0,0,0,0,0,0},{0,0,0,0,0,0,0,0,0},{0,0,0,0,0,0,0,0,0}}
]
15:41:39.935 [main] INFO sudoku.model.SudokuBoard - Wartość 0 wstawiona nieprawidłowo
15:41:39.936 [main] INFO sudoku.model.SudokuBoard - Bład w kwadracie 0
sudoku.model.SudokuBoard@47ac613b[
  size=9
  solver=sudoku.model.BacktrackingSudokuSolver@60d6fdd4
  board={{2,4,5,6,7,8,1,9,3},{1,6,7,3,5,9,2,8,4},{8,3,9,1,2,4,5,6,7},{3,1,6,2,4,5,8,7,9},{4,8,2,7,0,0,0,0,0},{0,0,0,0,0,0,0,0,0},{0,0,0,0,0,0,0,0,0},{0,0,0,0,0,0,0,0,0},{0,0,0,0,0,0,0,0,0}}
]
15:41:39.936 [main] INFO sudoku.model.SudokuBoard - Wartość 0 wstawiona nieprawidłowo
15:41:39.936 [main] INFO sudoku.model.SudokuBoard - Bład w kwadracie 0
sudoku.model.SudokuBoard@47ac613b[
  size=9
  solver=sudoku.model.BacktrackingSudokuSolver@60d6fdd4
  board={{2,4,5,6,7,8,1,9,3},{1,6,7,3,5,9,2,8,4},{8,3,9,1,2,4,5,6,7},{3,1,6,2,4,5,8,7,9},{4,8,2,7,3,1,6,0,0},{0,0,0,0,0,0,0,0,0},{0,0,0,0,0,0,0,0,0},{0,0,0,0,0,0,0,0,0},{0,0,0,0,0,0,0,0,0}}
]
15:41:39.937 [main] INFO sudoku.model.SudokuBoard - Wartość 0 wstawiona nieprawidłowo
15:41:39.937 [main] INFO sudoku.model.SudokuBoard - Bład w kwadracie 0
sudoku.model.SudokuBoard@47ac613b[
  size=9
  solver=sudoku.model.BacktrackingSudokuSolver@60d6fdd4
  board={{2,4,5,6,7,8,1,9,3},{1,6,7,3,5,9,2,8,4},{8,3,9,1,2,4,5,6,7},{3,1,6,2,4,5,8,7,9},{4,8,2,7,3,1,0,0,0},{0,0,0,0,0,0,0,0,0},{0,0,0,0,0,0,0,0,0},{0,0,0,0,0,0,0,0,0},{0,0,0,0,0,0,0,0,0}}
]
15:41:39.937 [main] INFO sudoku.model.SudokuBoard - Wartość 0 wstawiona nieprawidłowo
15:41:39.937 [main] INFO sudoku.model.SudokuBoard - Bład w kwadracie 0
sudoku.model.SudokuBoard@47ac613b[
  size=9
  solver=sudoku.model.BacktrackingSudokuSolver@60d6fdd4
  board={{2,4,5,6,7,8,1,9,3},{1,6,7,3,5,9,2,8,4},{8,3,9,1,2,4,5,6,7},{3,1,6,2,4,5,8,7,9},{4,8,2,7,3,0,0,0,0},{0,0,0,0,0,0,0,0,0},{0,0,0,0,0,0,0,0,0},{0,0,0,0,0,0,0,0,0},{0,0,0,0,0,0,0,0,0}}
]
15:41:39.937 [main] INFO sudoku.model.SudokuBoard - Wartość 0 wstawiona nieprawidłowo
15:41:39.938 [main] INFO sudoku.model.SudokuBoard - Bład w kwadracie 0
sudoku.model.SudokuBoard@47ac613b[
  size=9
  solver=sudoku.model.BacktrackingSudokuSolver@60d6fdd4
  board={{2,4,5,6,7,8,1,9,3},{1,6,7,3,5,9,2,8,4},{8,3,9,1,2,4,5,6,7},{3,1,6,2,4,5,8,7,9},{4,8,2,7,3,0,0,0,0},{0,0,0,0,0,0,0,0,0},{0,0,0,0,0,0,0,0,0},{0,0,0,0,0,0,0,0,0},{0,0,0,0,0,0,0,0,0}}
]
15:41:39.938 [main] INFO sudoku.model.SudokuBoard - Wartość 0 wstawiona nieprawidłowo
15:41:39.938 [main] INFO sudoku.model.SudokuBoard - Bład w kwadracie 0
sudoku.model.SudokuBoard@47ac613b[
  size=9
  solver=sudoku.model.BacktrackingSudokuSolver@60d6fdd4
  board={{2,4,5,6,7,8,1,9,3},{1,6,7,3,5,9,2,8,4},{8,3,9,1,2,4,5,6,7},{3,1,6,2,4,5,8,7,9},{4,8,2,7,0,0,0,0,0},{0,0,0,0,0,0,0,0,0},{0,0,0,0,0,0,0,0,0},{0,0,0,0,0,0,0,0,0},{0,0,0,0,0,0,0,0,0}}
]
15:41:39.938 [main] INFO sudoku.model.SudokuBoard - Wartość 0 wstawiona nieprawidłowo
15:41:39.939 [main] INFO sudoku.model.SudokuBoard - Bład w kwadracie 0
sudoku.model.SudokuBoard@47ac613b[
  size=9
  solver=sudoku.model.BacktrackingSudokuSolver@60d6fdd4
  board={{2,4,5,6,7,8,1,9,3},{1,6,7,3,5,9,2,8,4},{8,3,9,1,2,4,5,6,7},{3,1,6,2,4,5,8,7,9},{4,8,2,7,6,1,3,0,0},{0,0,0,0,0,0,0,0,0},{0,0,0,0,0,0,0,0,0},{0,0,0,0,0,0,0,0,0},{0,0,0,0,0,0,0,0,0}}
]
15:41:39.939 [main] INFO sudoku.model.SudokuBoard - Wartość 0 wstawiona nieprawidłowo
15:41:39.939 [main] INFO sudoku.model.SudokuBoard - Bład w kwadracie 0
sudoku.model.SudokuBoard@47ac613b[
  size=9
  solver=sudoku.model.BacktrackingSudokuSolver@60d6fdd4
  board={{2,4,5,6,7,8,1,9,3},{1,6,7,3,5,9,2,8,4},{8,3,9,1,2,4,5,6,7},{3,1,6,2,4,5,8,7,9},{4,8,2,7,6,1,0,0,0},{0,0,0,0,0,0,0,0,0},{0,0,0,0,0,0,0,0,0},{0,0,0,0,0,0,0,0,0},{0,0,0,0,0,0,0,0,0}}
]
15:41:39.939 [main] INFO sudoku.model.SudokuBoard - Wartość 0 wstawiona nieprawidłowo
15:41:39.939 [main] INFO sudoku.model.SudokuBoard - Bład w kwadracie 0
sudoku.model.SudokuBoard@47ac613b[
  size=9
  solver=sudoku.model.BacktrackingSudokuSolver@60d6fdd4
  board={{2,4,5,6,7,8,1,9,3},{1,6,7,3,5,9,2,8,4},{8,3,9,1,2,4,5,6,7},{3,1,6,2,4,5,8,7,9},{4,8,2,7,6,0,0,0,0},{0,0,0,0,0,0,0,0,0},{0,0,0,0,0,0,0,0,0},{0,0,0,0,0,0,0,0,0},{0,0,0,0,0,0,0,0,0}}
]
15:41:39.939 [main] INFO sudoku.model.SudokuBoard - Wartość 0 wstawiona nieprawidłowo
15:41:39.940 [main] INFO sudoku.model.SudokuBoard - Bład w kwadracie 0
sudoku.model.SudokuBoard@47ac613b[
  size=9
  solver=sudoku.model.BacktrackingSudokuSolver@60d6fdd4
  board={{2,4,5,6,7,8,1,9,3},{1,6,7,3,5,9,2,8,4},{8,3,9,1,2,4,5,6,7},{3,1,6,2,4,5,8,7,9},{4,8,2,7,6,0,0,0,0},{0,0,0,0,0,0,0,0,0},{0,0,0,0,0,0,0,0,0},{0,0,0,0,0,0,0,0,0},{0,0,0,0,0,0,0,0,0}}
]
15:41:39.940 [main] INFO sudoku.model.SudokuBoard - Wartość 0 wstawiona nieprawidłowo
15:41:39.940 [main] INFO sudoku.model.SudokuBoard - Bład w kwadracie 0
sudoku.model.SudokuBoard@47ac613b[
  size=9
  solver=sudoku.model.BacktrackingSudokuSolver@60d6fdd4
  board={{2,4,5,6,7,8,1,9,3},{1,6,7,3,5,9,2,8,4},{8,3,9,1,2,4,5,6,7},{3,1,6,2,4,5,8,7,9},{4,8,2,7,0,0,0,0,0},{0,0,0,0,0,0,0,0,0},{0,0,0,0,0,0,0,0,0},{0,0,0,0,0,0,0,0,0},{0,0,0,0,0,0,0,0,0}}
]
15:41:39.940 [main] INFO sudoku.model.SudokuBoard - Wartość 0 wstawiona nieprawidłowo
15:41:39.940 [main] INFO sudoku.model.SudokuBoard - Bład w kwadracie 0
sudoku.model.SudokuBoard@47ac613b[
  size=9
  solver=sudoku.model.BacktrackingSudokuSolver@60d6fdd4
  board={{2,4,5,6,7,8,1,9,3},{1,6,7,3,5,9,2,8,4},{8,3,9,1,2,4,5,6,7},{3,1,6,2,4,5,8,7,9},{4,8,2,7,9,6,3,1,5},{9,0,0,0,0,0,0,0,0},{0,0,0,0,0,0,0,0,0},{0,0,0,0,0,0,0,0,0},{0,0,0,0,0,0,0,0,0}}
]
15:41:39.941 [main] INFO sudoku.model.SudokuBoard - Wartość 0 wstawiona nieprawidłowo
15:41:39.941 [main] INFO sudoku.model.SudokuBoard - Bład w kwadracie 0
sudoku.model.SudokuBoard@47ac613b[
  size=9
  solver=sudoku.model.BacktrackingSudokuSolver@60d6fdd4
  board={{2,4,5,6,7,8,1,9,3},{1,6,7,3,5,9,2,8,4},{8,3,9,1,2,4,5,6,7},{3,1,6,2,4,5,8,7,9},{4,8,2,7,9,6,3,1,5},{9,0,0,0,0,0,0,0,0},{0,0,0,0,0,0,0,0,0},{0,0,0,0,0,0,0,0,0},{0,0,0,0,0,0,0,0,0}}
]
15:41:39.941 [main] INFO sudoku.model.SudokuBoard - Wartość 0 wstawiona nieprawidłowo
15:41:39.941 [main] INFO sudoku.model.SudokuBoard - Bład w kwadracie 0
sudoku.model.SudokuBoard@47ac613b[
  size=9
  solver=sudoku.model.BacktrackingSudokuSolver@60d6fdd4
  board={{2,4,5,6,7,8,1,9,3},{1,6,7,3,5,9,2,8,4},{8,3,9,1,2,4,5,6,7},{3,1,6,2,4,5,8,7,9},{4,8,2,7,9,6,3,1,5},{0,0,0,0,0,0,0,0,0},{0,0,0,0,0,0,0,0,0},{0,0,0,0,0,0,0,0,0},{0,0,0,0,0,0,0,0,0}}
]
15:41:39.941 [main] INFO sudoku.model.SudokuBoard - Wartość 0 wstawiona nieprawidłowo
15:41:39.943 [main] INFO sudoku.model.SudokuBoard - Bład w kwadracie 0
sudoku.model.SudokuBoard@47ac613b[
  size=9
  solver=sudoku.model.BacktrackingSudokuSolver@60d6fdd4
  board={{2,4,5,6,7,8,1,9,3},{1,6,7,3,5,9,2,8,4},{8,3,9,1,2,4,5,6,7},{3,1,6,2,4,5,8,7,9},{4,8,2,7,9,6,3,1,5},{5,0,0,0,0,0,0,0,0},{0,0,0,0,0,0,0,0,0},{0,0,0,0,0,0,0,0,0},{0,0,0,0,0,0,0,0,0}}
]
15:41:39.943 [main] INFO sudoku.model.SudokuBoard - Wartość 0 wstawiona nieprawidłowo
15:41:39.944 [main] INFO sudoku.model.SudokuBoard - Bład w kwadracie 0
sudoku.model.SudokuBoard@47ac613b[
  size=9
  solver=sudoku.model.BacktrackingSudokuSolver@60d6fdd4
  board={{2,4,5,6,7,8,1,9,3},{1,6,7,3,5,9,2,8,4},{8,3,9,1,2,4,5,6,7},{3,1,6,2,4,5,8,7,9},{4,8,2,7,9,6,3,1,5},{5,0,0,0,0,0,0,0,0},{0,0,0,0,0,0,0,0,0},{0,0,0,0,0,0,0,0,0},{0,0,0,0,0,0,0,0,0}}
]
15:41:39.945 [main] INFO sudoku.model.SudokuBoard - Wartość 0 wstawiona nieprawidłowo
15:41:39.945 [main] INFO sudoku.model.SudokuBoard - Bład w kwadracie 0
sudoku.model.SudokuBoard@47ac613b[
  size=9
  solver=sudoku.model.BacktrackingSudokuSolver@60d6fdd4
  board={{2,4,5,6,7,8,1,9,3},{1,6,7,3,5,9,2,8,4},{8,3,9,1,2,4,5,6,7},{3,1,6,2,4,5,8,7,9},{4,8,2,7,9,6,3,1,5},{0,0,0,0,0,0,0,0,0},{0,0,0,0,0,0,0,0,0},{0,0,0,0,0,0,0,0,0},{0,0,0,0,0,0,0,0,0}}
]
15:41:39.945 [main] INFO sudoku.model.SudokuBoard - Wartość 0 wstawiona nieprawidłowo
15:41:39.948 [main] INFO sudoku.model.SudokuBoard - Bład w kwadracie 0
sudoku.model.SudokuBoard@47ac613b[
  size=9
  solver=sudoku.model.BacktrackingSudokuSolver@60d6fdd4
  board={{2,4,5,6,7,8,1,9,3},{1,6,7,3,5,9,2,8,4},{8,3,9,1,2,4,5,6,7},{3,1,6,2,4,5,8,7,9},{4,8,2,7,9,6,3,1,5},{7,0,0,0,0,0,0,0,0},{0,0,0,0,0,0,0,0,0},{0,0,0,0,0,0,0,0,0},{0,0,0,0,0,0,0,0,0}}
]
15:41:39.948 [main] INFO sudoku.model.SudokuBoard - Wartość 0 wstawiona nieprawidłowo
15:41:39.951 [main] INFO sudoku.model.SudokuBoard - Bład w kwadracie 0
sudoku.model.SudokuBoard@47ac613b[
  size=9
  solver=sudoku.model.BacktrackingSudokuSolver@60d6fdd4
  board={{2,4,5,6,7,8,1,9,3},{1,6,7,3,5,9,2,8,4},{8,3,9,1,2,4,5,6,7},{3,1,6,2,4,5,8,7,9},{4,8,2,7,9,6,3,1,5},{7,0,0,0,0,0,0,0,0},{0,0,0,0,0,0,0,0,0},{0,0,0,0,0,0,0,0,0},{0,0,0,0,0,0,0,0,0}}
]
15:41:39.951 [main] INFO sudoku.model.SudokuBoard - Wartość 0 wstawiona nieprawidłowo
15:41:39.951 [main] INFO sudoku.model.SudokuBoard - Bład w kwadracie 0
sudoku.model.SudokuBoard@47ac613b[
  size=9
  solver=sudoku.model.BacktrackingSudokuSolver@60d6fdd4
  board={{2,4,5,6,7,8,1,9,3},{1,6,7,3,5,9,2,8,4},{8,3,9,1,2,4,5,6,7},{3,1,6,2,4,5,8,7,9},{4,8,2,7,9,6,3,1,5},{0,0,0,0,0,0,0,0,0},{0,0,0,0,0,0,0,0,0},{0,0,0,0,0,0,0,0,0},{0,0,0,0,0,0,0,0,0}}
]
15:41:39.951 [main] INFO sudoku.model.SudokuBoard - Wartość 0 wstawiona nieprawidłowo
15:41:39.952 [main] INFO sudoku.model.SudokuBoard - Bład w kwadracie 0
sudoku.model.SudokuBoard@47ac613b[
  size=9
  solver=sudoku.model.BacktrackingSudokuSolver@60d6fdd4
  board={{2,4,5,6,7,8,1,9,3},{1,6,7,3,5,9,2,8,4},{8,3,9,1,2,4,5,6,7},{3,1,6,2,4,5,8,7,9},{4,8,2,7,9,6,3,1,0},{0,0,0,0,0,0,0,0,0},{0,0,0,0,0,0,0,0,0},{0,0,0,0,0,0,0,0,0},{0,0,0,0,0,0,0,0,0}}
]
15:41:39.952 [main] INFO sudoku.model.SudokuBoard - Wartość 0 wstawiona nieprawidłowo
15:41:39.953 [main] INFO sudoku.model.SudokuBoard - Bład w kwadracie 0
sudoku.model.SudokuBoard@47ac613b[
  size=9
  solver=sudoku.model.BacktrackingSudokuSolver@60d6fdd4
  board={{2,4,5,6,7,8,1,9,3},{1,6,7,3,5,9,2,8,4},{8,3,9,1,2,4,5,6,7},{3,1,6,2,4,5,8,7,9},{4,8,2,7,9,6,3,0,0},{0,0,0,0,0,0,0,0,0},{0,0,0,0,0,0,0,0,0},{0,0,0,0,0,0,0,0,0},{0,0,0,0,0,0,0,0,0}}
]
15:41:39.953 [main] INFO sudoku.model.SudokuBoard - Wartość 0 wstawiona nieprawidłowo
15:41:39.954 [main] INFO sudoku.model.SudokuBoard - Bład w kwadracie 0
sudoku.model.SudokuBoard@47ac613b[
  size=9
  solver=sudoku.model.BacktrackingSudokuSolver@60d6fdd4
  board={{2,4,5,6,7,8,1,9,3},{1,6,7,3,5,9,2,8,4},{8,3,9,1,2,4,5,6,7},{3,1,6,2,4,5,8,7,9},{4,8,2,7,9,6,3,5,1},{7,0,0,0,0,0,0,0,0},{0,0,0,0,0,0,0,0,0},{0,0,0,0,0,0,0,0,0},{0,0,0,0,0,0,0,0,0}}
]
15:41:39.954 [main] INFO sudoku.model.SudokuBoard - Wartość 0 wstawiona nieprawidłowo
15:41:39.954 [main] INFO sudoku.model.SudokuBoard - Bład w kwadracie 0
sudoku.model.SudokuBoard@47ac613b[
  size=9
  solver=sudoku.model.BacktrackingSudokuSolver@60d6fdd4
  board={{2,4,5,6,7,8,1,9,3},{1,6,7,3,5,9,2,8,4},{8,3,9,1,2,4,5,6,7},{3,1,6,2,4,5,8,7,9},{4,8,2,7,9,6,3,5,1},{7,0,0,0,0,0,0,0,0},{0,0,0,0,0,0,0,0,0},{0,0,0,0,0,0,0,0,0},{0,0,0,0,0,0,0,0,0}}
]
15:41:39.954 [main] INFO sudoku.model.SudokuBoard - Wartość 0 wstawiona nieprawidłowo
15:41:39.955 [main] INFO sudoku.model.SudokuBoard - Bład w kwadracie 0
sudoku.model.SudokuBoard@47ac613b[
  size=9
  solver=sudoku.model.BacktrackingSudokuSolver@60d6fdd4
  board={{2,4,5,6,7,8,1,9,3},{1,6,7,3,5,9,2,8,4},{8,3,9,1,2,4,5,6,7},{3,1,6,2,4,5,8,7,9},{4,8,2,7,9,6,3,5,1},{0,0,0,0,0,0,0,0,0},{0,0,0,0,0,0,0,0,0},{0,0,0,0,0,0,0,0,0},{0,0,0,0,0,0,0,0,0}}
]
15:41:39.955 [main] INFO sudoku.model.SudokuBoard - Wartość 0 wstawiona nieprawidłowo
15:41:39.958 [main] INFO sudoku.model.SudokuBoard - Bład w kwadracie 0
sudoku.model.SudokuBoard@47ac613b[
  size=9
  solver=sudoku.model.BacktrackingSudokuSolver@60d6fdd4
  board={{2,4,5,6,7,8,1,9,3},{1,6,7,3,5,9,2,8,4},{8,3,9,1,2,4,5,6,7},{3,1,6,2,4,5,8,7,9},{4,8,2,7,9,6,3,5,1},{9,0,0,0,0,0,0,0,0},{0,0,0,0,0,0,0,0,0},{0,0,0,0,0,0,0,0,0},{0,0,0,0,0,0,0,0,0}}
]
15:41:39.959 [main] INFO sudoku.model.SudokuBoard - Wartość 0 wstawiona nieprawidłowo
15:41:39.961 [main] INFO sudoku.model.SudokuBoard - Bład w kwadracie 0
sudoku.model.SudokuBoard@47ac613b[
  size=9
  solver=sudoku.model.BacktrackingSudokuSolver@60d6fdd4
  board={{2,4,5,6,7,8,1,9,3},{1,6,7,3,5,9,2,8,4},{8,3,9,1,2,4,5,6,7},{3,1,6,2,4,5,8,7,9},{4,8,2,7,9,6,3,5,1},{9,0,0,0,0,0,0,0,0},{0,0,0,0,0,0,0,0,0},{0,0,0,0,0,0,0,0,0},{0,0,0,0,0,0,0,0,0}}
]
15:41:39.961 [main] INFO sudoku.model.SudokuBoard - Wartość 0 wstawiona nieprawidłowo
15:41:39.961 [main] INFO sudoku.model.SudokuBoard - Bład w kwadracie 0
sudoku.model.SudokuBoard@47ac613b[
  size=9
  solver=sudoku.model.BacktrackingSudokuSolver@60d6fdd4
  board={{2,4,5,6,7,8,1,9,3},{1,6,7,3,5,9,2,8,4},{8,3,9,1,2,4,5,6,7},{3,1,6,2,4,5,8,7,9},{4,8,2,7,9,6,3,5,1},{0,0,0,0,0,0,0,0,0},{0,0,0,0,0,0,0,0,0},{0,0,0,0,0,0,0,0,0},{0,0,0,0,0,0,0,0,0}}
]
15:41:39.961 [main] INFO sudoku.model.SudokuBoard - Wartość 0 wstawiona nieprawidłowo
15:41:39.963 [main] INFO sudoku.model.SudokuBoard - Bład w kwadracie 0
sudoku.model.SudokuBoard@47ac613b[
  size=9
  solver=sudoku.model.BacktrackingSudokuSolver@60d6fdd4
  board={{2,4,5,6,7,8,1,9,3},{1,6,7,3,5,9,2,8,4},{8,3,9,1,2,4,5,6,7},{3,1,6,2,4,5,8,7,9},{4,8,2,7,9,6,3,5,1},{5,0,0,0,0,0,0,0,0},{0,0,0,0,0,0,0,0,0},{0,0,0,0,0,0,0,0,0},{0,0,0,0,0,0,0,0,0}}
]
15:41:39.963 [main] INFO sudoku.model.SudokuBoard - Wartość 0 wstawiona nieprawidłowo
15:41:39.965 [main] INFO sudoku.model.SudokuBoard - Bład w kwadracie 0
sudoku.model.SudokuBoard@47ac613b[
  size=9
  solver=sudoku.model.BacktrackingSudokuSolver@60d6fdd4
  board={{2,4,5,6,7,8,1,9,3},{1,6,7,3,5,9,2,8,4},{8,3,9,1,2,4,5,6,7},{3,1,6,2,4,5,8,7,9},{4,8,2,7,9,6,3,5,1},{5,0,0,0,0,0,0,0,0},{0,0,0,0,0,0,0,0,0},{0,0,0,0,0,0,0,0,0},{0,0,0,0,0,0,0,0,0}}
]
15:41:39.965 [main] INFO sudoku.model.SudokuBoard - Wartość 0 wstawiona nieprawidłowo
15:41:39.965 [main] INFO sudoku.model.SudokuBoard - Bład w kwadracie 0
sudoku.model.SudokuBoard@47ac613b[
  size=9
  solver=sudoku.model.BacktrackingSudokuSolver@60d6fdd4
  board={{2,4,5,6,7,8,1,9,3},{1,6,7,3,5,9,2,8,4},{8,3,9,1,2,4,5,6,7},{3,1,6,2,4,5,8,7,9},{4,8,2,7,9,6,3,5,1},{0,0,0,0,0,0,0,0,0},{0,0,0,0,0,0,0,0,0},{0,0,0,0,0,0,0,0,0},{0,0,0,0,0,0,0,0,0}}
]
15:41:39.966 [main] INFO sudoku.model.SudokuBoard - Wartość 0 wstawiona nieprawidłowo
15:41:39.966 [main] INFO sudoku.model.SudokuBoard - Bład w kwadracie 0
sudoku.model.SudokuBoard@47ac613b[
  size=9
  solver=sudoku.model.BacktrackingSudokuSolver@60d6fdd4
  board={{2,4,5,6,7,8,1,9,3},{1,6,7,3,5,9,2,8,4},{8,3,9,1,2,4,5,6,7},{3,1,6,2,4,5,8,7,9},{4,8,2,7,9,6,3,5,0},{0,0,0,0,0,0,0,0,0},{0,0,0,0,0,0,0,0,0},{0,0,0,0,0,0,0,0,0},{0,0,0,0,0,0,0,0,0}}
]
15:41:39.966 [main] INFO sudoku.model.SudokuBoard - Wartość 0 wstawiona nieprawidłowo
15:41:39.966 [main] INFO sudoku.model.SudokuBoard - Bład w kwadracie 0
sudoku.model.SudokuBoard@47ac613b[
  size=9
  solver=sudoku.model.BacktrackingSudokuSolver@60d6fdd4
  board={{2,4,5,6,7,8,1,9,3},{1,6,7,3,5,9,2,8,4},{8,3,9,1,2,4,5,6,7},{3,1,6,2,4,5,8,7,9},{4,8,2,7,9,6,3,0,0},{0,0,0,0,0,0,0,0,0},{0,0,0,0,0,0,0,0,0},{0,0,0,0,0,0,0,0,0},{0,0,0,0,0,0,0,0,0}}
]
15:41:39.967 [main] INFO sudoku.model.SudokuBoard - Wartość 0 wstawiona nieprawidłowo
15:41:39.968 [main] INFO sudoku.model.SudokuBoard - Bład w kwadracie 0
sudoku.model.SudokuBoard@47ac613b[
  size=9
  solver=sudoku.model.BacktrackingSudokuSolver@60d6fdd4
  board={{2,4,5,6,7,8,1,9,3},{1,6,7,3,5,9,2,8,4},{8,3,9,1,2,4,5,6,7},{3,1,6,2,4,5,8,7,9},{4,8,2,7,9,6,0,0,0},{0,0,0,0,0,0,0,0,0},{0,0,0,0,0,0,0,0,0},{0,0,0,0,0,0,0,0,0},{0,0,0,0,0,0,0,0,0}}
]
15:41:39.968 [main] INFO sudoku.model.SudokuBoard - Wartość 0 wstawiona nieprawidłowo
15:41:39.968 [main] INFO sudoku.model.SudokuBoard - Bład w kwadracie 0
sudoku.model.SudokuBoard@47ac613b[
  size=9
  solver=sudoku.model.BacktrackingSudokuSolver@60d6fdd4
  board={{2,4,5,6,7,8,1,9,3},{1,6,7,3,5,9,2,8,4},{8,3,9,1,2,4,5,6,7},{3,1,6,2,4,5,8,7,9},{4,8,2,7,9,0,0,0,0},{0,0,0,0,0,0,0,0,0},{0,0,0,0,0,0,0,0,0},{0,0,0,0,0,0,0,0,0},{0,0,0,0,0,0,0,0,0}}
]
15:41:39.968 [main] INFO sudoku.model.SudokuBoard - Wartość 0 wstawiona nieprawidłowo
15:41:39.969 [main] INFO sudoku.model.SudokuBoard - Bład w kwadracie 0
sudoku.model.SudokuBoard@47ac613b[
  size=9
  solver=sudoku.model.BacktrackingSudokuSolver@60d6fdd4
  board={{2,4,5,6,7,8,1,9,3},{1,6,7,3,5,9,2,8,4},{8,3,9,1,2,4,5,6,7},{3,1,6,2,4,5,8,7,9},{4,8,2,7,9,1,3,5,6},{5,0,0,0,0,0,0,0,0},{0,0,0,0,0,0,0,0,0},{0,0,0,0,0,0,0,0,0},{0,0,0,0,0,0,0,0,0}}
]
15:41:39.969 [main] INFO sudoku.model.SudokuBoard - Wartość 0 wstawiona nieprawidłowo
15:41:39.969 [main] INFO sudoku.model.SudokuBoard - Bład w kwadracie 0
sudoku.model.SudokuBoard@47ac613b[
  size=9
  solver=sudoku.model.BacktrackingSudokuSolver@60d6fdd4
  board={{2,4,5,6,7,8,1,9,3},{1,6,7,3,5,9,2,8,4},{8,3,9,1,2,4,5,6,7},{3,1,6,2,4,5,8,7,9},{4,8,2,7,9,1,3,5,6},{5,0,0,0,0,0,0,0,0},{0,0,0,0,0,0,0,0,0},{0,0,0,0,0,0,0,0,0},{0,0,0,0,0,0,0,0,0}}
]
15:41:39.969 [main] INFO sudoku.model.SudokuBoard - Wartość 0 wstawiona nieprawidłowo
15:41:39.970 [main] INFO sudoku.model.SudokuBoard - Bład w kwadracie 0
sudoku.model.SudokuBoard@47ac613b[
  size=9
  solver=sudoku.model.BacktrackingSudokuSolver@60d6fdd4
  board={{2,4,5,6,7,8,1,9,3},{1,6,7,3,5,9,2,8,4},{8,3,9,1,2,4,5,6,7},{3,1,6,2,4,5,8,7,9},{4,8,2,7,9,1,3,5,6},{0,0,0,0,0,0,0,0,0},{0,0,0,0,0,0,0,0,0},{0,0,0,0,0,0,0,0,0},{0,0,0,0,0,0,0,0,0}}
]
15:41:39.970 [main] INFO sudoku.model.SudokuBoard - Wartość 0 wstawiona nieprawidłowo
15:41:39.970 [main] INFO sudoku.model.SudokuBoard - Bład w kwadracie 0
sudoku.model.SudokuBoard@47ac613b[
  size=9
  solver=sudoku.model.BacktrackingSudokuSolver@60d6fdd4
  board={{2,4,5,6,7,8,1,9,3},{1,6,7,3,5,9,2,8,4},{8,3,9,1,2,4,5,6,7},{3,1,6,2,4,5,8,7,9},{4,8,2,7,9,1,3,5,6},{7,0,0,0,0,0,0,0,0},{0,0,0,0,0,0,0,0,0},{0,0,0,0,0,0,0,0,0},{0,0,0,0,0,0,0,0,0}}
]
15:41:39.970 [main] INFO sudoku.model.SudokuBoard - Wartość 0 wstawiona nieprawidłowo
15:41:39.971 [main] INFO sudoku.model.SudokuBoard - Bład w kwadracie 0
sudoku.model.SudokuBoard@47ac613b[
  size=9
  solver=sudoku.model.BacktrackingSudokuSolver@60d6fdd4
  board={{2,4,5,6,7,8,1,9,3},{1,6,7,3,5,9,2,8,4},{8,3,9,1,2,4,5,6,7},{3,1,6,2,4,5,8,7,9},{4,8,2,7,9,1,3,5,6},{7,0,0,0,0,0,0,0,0},{0,0,0,0,0,0,0,0,0},{0,0,0,0,0,0,0,0,0},{0,0,0,0,0,0,0,0,0}}
]
15:41:39.971 [main] INFO sudoku.model.SudokuBoard - Wartość 0 wstawiona nieprawidłowo
15:41:39.971 [main] INFO sudoku.model.SudokuBoard - Bład w kwadracie 0
sudoku.model.SudokuBoard@47ac613b[
  size=9
  solver=sudoku.model.BacktrackingSudokuSolver@60d6fdd4
  board={{2,4,5,6,7,8,1,9,3},{1,6,7,3,5,9,2,8,4},{8,3,9,1,2,4,5,6,7},{3,1,6,2,4,5,8,7,9},{4,8,2,7,9,1,3,5,6},{0,0,0,0,0,0,0,0,0},{0,0,0,0,0,0,0,0,0},{0,0,0,0,0,0,0,0,0},{0,0,0,0,0,0,0,0,0}}
]
15:41:39.971 [main] INFO sudoku.model.SudokuBoard - Wartość 0 wstawiona nieprawidłowo
15:41:39.971 [main] INFO sudoku.model.SudokuBoard - Bład w kwadracie 0
sudoku.model.SudokuBoard@47ac613b[
  size=9
  solver=sudoku.model.BacktrackingSudokuSolver@60d6fdd4
  board={{2,4,5,6,7,8,1,9,3},{1,6,7,3,5,9,2,8,4},{8,3,9,1,2,4,5,6,7},{3,1,6,2,4,5,8,7,9},{4,8,2,7,9,1,3,5,6},{9,0,0,0,0,0,0,0,0},{0,0,0,0,0,0,0,0,0},{0,0,0,0,0,0,0,0,0},{0,0,0,0,0,0,0,0,0}}
]
15:41:39.971 [main] INFO sudoku.model.SudokuBoard - Wartość 0 wstawiona nieprawidłowo
15:41:39.972 [main] INFO sudoku.model.SudokuBoard - Bład w kwadracie 0
sudoku.model.SudokuBoard@47ac613b[
  size=9
  solver=sudoku.model.BacktrackingSudokuSolver@60d6fdd4
  board={{2,4,5,6,7,8,1,9,3},{1,6,7,3,5,9,2,8,4},{8,3,9,1,2,4,5,6,7},{3,1,6,2,4,5,8,7,9},{4,8,2,7,9,1,3,5,6},{9,0,0,0,0,0,0,0,0},{0,0,0,0,0,0,0,0,0},{0,0,0,0,0,0,0,0,0},{0,0,0,0,0,0,0,0,0}}
]
15:41:39.972 [main] INFO sudoku.model.SudokuBoard - Wartość 0 wstawiona nieprawidłowo
15:41:39.972 [main] INFO sudoku.model.SudokuBoard - Bład w kwadracie 0
sudoku.model.SudokuBoard@47ac613b[
  size=9
  solver=sudoku.model.BacktrackingSudokuSolver@60d6fdd4
  board={{2,4,5,6,7,8,1,9,3},{1,6,7,3,5,9,2,8,4},{8,3,9,1,2,4,5,6,7},{3,1,6,2,4,5,8,7,9},{4,8,2,7,9,1,3,5,6},{0,0,0,0,0,0,0,0,0},{0,0,0,0,0,0,0,0,0},{0,0,0,0,0,0,0,0,0},{0,0,0,0,0,0,0,0,0}}
]
15:41:39.972 [main] INFO sudoku.model.SudokuBoard - Wartość 0 wstawiona nieprawidłowo
15:41:39.972 [main] INFO sudoku.model.SudokuBoard - Bład w kwadracie 0
sudoku.model.SudokuBoard@47ac613b[
  size=9
  solver=sudoku.model.BacktrackingSudokuSolver@60d6fdd4
  board={{2,4,5,6,7,8,1,9,3},{1,6,7,3,5,9,2,8,4},{8,3,9,1,2,4,5,6,7},{3,1,6,2,4,5,8,7,9},{4,8,2,7,9,1,3,5,0},{0,0,0,0,0,0,0,0,0},{0,0,0,0,0,0,0,0,0},{0,0,0,0,0,0,0,0,0},{0,0,0,0,0,0,0,0,0}}
]
15:41:39.972 [main] INFO sudoku.model.SudokuBoard - Wartość 0 wstawiona nieprawidłowo
15:41:39.974 [main] INFO sudoku.model.SudokuBoard - Bład w kwadracie 0
sudoku.model.SudokuBoard@47ac613b[
  size=9
  solver=sudoku.model.BacktrackingSudokuSolver@60d6fdd4
  board={{2,4,5,6,7,8,1,9,3},{1,6,7,3,5,9,2,8,4},{8,3,9,1,2,4,5,6,7},{3,1,6,2,4,5,8,7,9},{4,8,2,7,9,1,3,0,0},{0,0,0,0,0,0,0,0,0},{0,0,0,0,0,0,0,0,0},{0,0,0,0,0,0,0,0,0},{0,0,0,0,0,0,0,0,0}}
]
15:41:39.975 [main] INFO sudoku.model.SudokuBoard - Wartość 0 wstawiona nieprawidłowo
15:41:39.975 [main] INFO sudoku.model.SudokuBoard - Bład w kwadracie 0
sudoku.model.SudokuBoard@47ac613b[
  size=9
  solver=sudoku.model.BacktrackingSudokuSolver@60d6fdd4
  board={{2,4,5,6,7,8,1,9,3},{1,6,7,3,5,9,2,8,4},{8,3,9,1,2,4,5,6,7},{3,1,6,2,4,5,8,7,9},{4,8,2,7,9,1,0,0,0},{0,0,0,0,0,0,0,0,0},{0,0,0,0,0,0,0,0,0},{0,0,0,0,0,0,0,0,0},{0,0,0,0,0,0,0,0,0}}
]
15:41:39.976 [main] INFO sudoku.model.SudokuBoard - Wartość 0 wstawiona nieprawidłowo
15:41:39.976 [main] INFO sudoku.model.SudokuBoard - Bład w kwadracie 0
sudoku.model.SudokuBoard@47ac613b[
  size=9
  solver=sudoku.model.BacktrackingSudokuSolver@60d6fdd4
  board={{2,4,5,6,7,8,1,9,3},{1,6,7,3,5,9,2,8,4},{8,3,9,1,2,4,5,6,7},{3,1,6,2,4,5,8,7,9},{4,8,2,7,9,1,6,3,5},{5,0,0,0,0,0,0,0,0},{0,0,0,0,0,0,0,0,0},{0,0,0,0,0,0,0,0,0},{0,0,0,0,0,0,0,0,0}}
]
15:41:39.976 [main] INFO sudoku.model.SudokuBoard - Wartość 0 wstawiona nieprawidłowo
15:41:39.976 [main] INFO sudoku.model.SudokuBoard - Bład w kwadracie 0
sudoku.model.SudokuBoard@47ac613b[
  size=9
  solver=sudoku.model.BacktrackingSudokuSolver@60d6fdd4
  board={{2,4,5,6,7,8,1,9,3},{1,6,7,3,5,9,2,8,4},{8,3,9,1,2,4,5,6,7},{3,1,6,2,4,5,8,7,9},{4,8,2,7,9,1,6,3,5},{5,0,0,0,0,0,0,0,0},{0,0,0,0,0,0,0,0,0},{0,0,0,0,0,0,0,0,0},{0,0,0,0,0,0,0,0,0}}
]
15:41:39.976 [main] INFO sudoku.model.SudokuBoard - Wartość 0 wstawiona nieprawidłowo
15:41:39.981 [main] INFO sudoku.model.SudokuBoard - Bład w kwadracie 0
sudoku.model.SudokuBoard@47ac613b[
  size=9
  solver=sudoku.model.BacktrackingSudokuSolver@60d6fdd4
  board={{2,4,5,6,7,8,1,9,3},{1,6,7,3,5,9,2,8,4},{8,3,9,1,2,4,5,6,7},{3,1,6,2,4,5,8,7,9},{4,8,2,7,9,1,6,3,5},{0,0,0,0,0,0,0,0,0},{0,0,0,0,0,0,0,0,0},{0,0,0,0,0,0,0,0,0},{0,0,0,0,0,0,0,0,0}}
]
15:41:39.981 [main] INFO sudoku.model.SudokuBoard - Wartość 0 wstawiona nieprawidłowo
15:41:39.983 [main] INFO sudoku.model.SudokuBoard - Bład w kwadracie 0
sudoku.model.SudokuBoard@47ac613b[
  size=9
  solver=sudoku.model.BacktrackingSudokuSolver@60d6fdd4
  board={{2,4,5,6,7,8,1,9,3},{1,6,7,3,5,9,2,8,4},{8,3,9,1,2,4,5,6,7},{3,1,6,2,4,5,8,7,9},{4,8,2,7,9,1,6,3,5},{7,0,0,0,0,0,0,0,0},{0,0,0,0,0,0,0,0,0},{0,0,0,0,0,0,0,0,0},{0,0,0,0,0,0,0,0,0}}
]
15:41:39.985 [main] INFO sudoku.model.SudokuBoard - Wartość 0 wstawiona nieprawidłowo
15:41:39.985 [main] INFO sudoku.model.SudokuBoard - Bład w kwadracie 0
sudoku.model.SudokuBoard@47ac613b[
  size=9
  solver=sudoku.model.BacktrackingSudokuSolver@60d6fdd4
  board={{2,4,5,6,7,8,1,9,3},{1,6,7,3,5,9,2,8,4},{8,3,9,1,2,4,5,6,7},{3,1,6,2,4,5,8,7,9},{4,8,2,7,9,1,6,3,5},{7,0,0,0,0,0,0,0,0},{0,0,0,0,0,0,0,0,0},{0,0,0,0,0,0,0,0,0},{0,0,0,0,0,0,0,0,0}}
]
15:41:39.985 [main] INFO sudoku.model.SudokuBoard - Wartość 0 wstawiona nieprawidłowo
15:41:39.986 [main] INFO sudoku.model.SudokuBoard - Bład w kwadracie 0
sudoku.model.SudokuBoard@47ac613b[
  size=9
  solver=sudoku.model.BacktrackingSudokuSolver@60d6fdd4
  board={{2,4,5,6,7,8,1,9,3},{1,6,7,3,5,9,2,8,4},{8,3,9,1,2,4,5,6,7},{3,1,6,2,4,5,8,7,9},{4,8,2,7,9,1,6,3,5},{0,0,0,0,0,0,0,0,0},{0,0,0,0,0,0,0,0,0},{0,0,0,0,0,0,0,0,0},{0,0,0,0,0,0,0,0,0}}
]
15:41:39.986 [main] INFO sudoku.model.SudokuBoard - Wartość 0 wstawiona nieprawidłowo
15:41:39.986 [main] INFO sudoku.model.SudokuBoard - Bład w kwadracie 0
sudoku.model.SudokuBoard@47ac613b[
  size=9
  solver=sudoku.model.BacktrackingSudokuSolver@60d6fdd4
  board={{2,4,5,6,7,8,1,9,3},{1,6,7,3,5,9,2,8,4},{8,3,9,1,2,4,5,6,7},{3,1,6,2,4,5,8,7,9},{4,8,2,7,9,1,6,3,5},{9,0,0,0,0,0,0,0,0},{0,0,0,0,0,0,0,0,0},{0,0,0,0,0,0,0,0,0},{0,0,0,0,0,0,0,0,0}}
]
15:41:39.986 [main] INFO sudoku.model.SudokuBoard - Wartość 0 wstawiona nieprawidłowo
15:41:39.987 [main] INFO sudoku.model.SudokuBoard - Bład w kwadracie 0
sudoku.model.SudokuBoard@47ac613b[
  size=9
  solver=sudoku.model.BacktrackingSudokuSolver@60d6fdd4
  board={{2,4,5,6,7,8,1,9,3},{1,6,7,3,5,9,2,8,4},{8,3,9,1,2,4,5,6,7},{3,1,6,2,4,5,8,7,9},{4,8,2,7,9,1,6,3,5},{9,0,0,0,0,0,0,0,0},{0,0,0,0,0,0,0,0,0},{0,0,0,0,0,0,0,0,0},{0,0,0,0,0,0,0,0,0}}
]
15:41:39.988 [main] INFO sudoku.model.SudokuBoard - Wartość 0 wstawiona nieprawidłowo
15:41:39.988 [main] INFO sudoku.model.SudokuBoard - Bład w kwadracie 0
sudoku.model.SudokuBoard@47ac613b[
  size=9
  solver=sudoku.model.BacktrackingSudokuSolver@60d6fdd4
  board={{2,4,5,6,7,8,1,9,3},{1,6,7,3,5,9,2,8,4},{8,3,9,1,2,4,5,6,7},{3,1,6,2,4,5,8,7,9},{4,8,2,7,9,1,6,3,5},{0,0,0,0,0,0,0,0,0},{0,0,0,0,0,0,0,0,0},{0,0,0,0,0,0,0,0,0},{0,0,0,0,0,0,0,0,0}}
]
15:41:39.988 [main] INFO sudoku.model.SudokuBoard - Wartość 0 wstawiona nieprawidłowo
15:41:39.989 [main] INFO sudoku.model.SudokuBoard - Bład w kwadracie 0
sudoku.model.SudokuBoard@47ac613b[
  size=9
  solver=sudoku.model.BacktrackingSudokuSolver@60d6fdd4
  board={{2,4,5,6,7,8,1,9,3},{1,6,7,3,5,9,2,8,4},{8,3,9,1,2,4,5,6,7},{3,1,6,2,4,5,8,7,9},{4,8,2,7,9,1,6,3,0},{0,0,0,0,0,0,0,0,0},{0,0,0,0,0,0,0,0,0},{0,0,0,0,0,0,0,0,0},{0,0,0,0,0,0,0,0,0}}
]
15:41:39.989 [main] INFO sudoku.model.SudokuBoard - Wartość 0 wstawiona nieprawidłowo
15:41:39.989 [main] INFO sudoku.model.SudokuBoard - Bład w kwadracie 0
sudoku.model.SudokuBoard@47ac613b[
  size=9
  solver=sudoku.model.BacktrackingSudokuSolver@60d6fdd4
  board={{2,4,5,6,7,8,1,9,3},{1,6,7,3,5,9,2,8,4},{8,3,9,1,2,4,5,6,7},{3,1,6,2,4,5,8,7,9},{4,8,2,7,9,1,6,0,0},{0,0,0,0,0,0,0,0,0},{0,0,0,0,0,0,0,0,0},{0,0,0,0,0,0,0,0,0},{0,0,0,0,0,0,0,0,0}}
]
15:41:39.989 [main] INFO sudoku.model.SudokuBoard - Wartość 0 wstawiona nieprawidłowo
15:41:39.990 [main] INFO sudoku.model.SudokuBoard - Bład w kwadracie 0
sudoku.model.SudokuBoard@47ac613b[
  size=9
  solver=sudoku.model.BacktrackingSudokuSolver@60d6fdd4
  board={{2,4,5,6,7,8,1,9,3},{1,6,7,3,5,9,2,8,4},{8,3,9,1,2,4,5,6,7},{3,1,6,2,4,5,8,7,9},{4,8,2,7,9,1,6,0,0},{0,0,0,0,0,0,0,0,0},{0,0,0,0,0,0,0,0,0},{0,0,0,0,0,0,0,0,0},{0,0,0,0,0,0,0,0,0}}
]
15:41:39.990 [main] INFO sudoku.model.SudokuBoard - Wartość 0 wstawiona nieprawidłowo
15:41:39.990 [main] INFO sudoku.model.SudokuBoard - Bład w kwadracie 0
sudoku.model.SudokuBoard@47ac613b[
  size=9
  solver=sudoku.model.BacktrackingSudokuSolver@60d6fdd4
  board={{2,4,5,6,7,8,1,9,3},{1,6,7,3,5,9,2,8,4},{8,3,9,1,2,4,5,6,7},{3,1,6,2,4,5,8,7,9},{4,8,2,7,9,1,0,0,0},{0,0,0,0,0,0,0,0,0},{0,0,0,0,0,0,0,0,0},{0,0,0,0,0,0,0,0,0},{0,0,0,0,0,0,0,0,0}}
]
15:41:39.990 [main] INFO sudoku.model.SudokuBoard - Wartość 0 wstawiona nieprawidłowo
15:41:39.990 [main] INFO sudoku.model.SudokuBoard - Bład w kwadracie 0
sudoku.model.SudokuBoard@47ac613b[
  size=9
  solver=sudoku.model.BacktrackingSudokuSolver@60d6fdd4
  board={{2,4,5,6,7,8,1,9,3},{1,6,7,3,5,9,2,8,4},{8,3,9,1,2,4,5,6,7},{3,1,6,2,4,5,8,7,9},{4,8,2,7,9,0,0,0,0},{0,0,0,0,0,0,0,0,0},{0,0,0,0,0,0,0,0,0},{0,0,0,0,0,0,0,0,0},{0,0,0,0,0,0,0,0,0}}
]
15:41:39.990 [main] INFO sudoku.model.SudokuBoard - Wartość 0 wstawiona nieprawidłowo
15:41:39.991 [main] INFO sudoku.model.SudokuBoard - Bład w kwadracie 0
sudoku.model.SudokuBoard@47ac613b[
  size=9
  solver=sudoku.model.BacktrackingSudokuSolver@60d6fdd4
  board={{2,4,5,6,7,8,1,9,3},{1,6,7,3,5,9,2,8,4},{8,3,9,1,2,4,5,6,7},{3,1,6,2,4,5,8,7,9},{4,8,2,7,9,3,6,1,5},{5,0,0,0,0,0,0,0,0},{0,0,0,0,0,0,0,0,0},{0,0,0,0,0,0,0,0,0},{0,0,0,0,0,0,0,0,0}}
]
15:41:39.991 [main] INFO sudoku.model.SudokuBoard - Wartość 0 wstawiona nieprawidłowo
15:41:39.991 [main] INFO sudoku.model.SudokuBoard - Bład w kwadracie 0
sudoku.model.SudokuBoard@47ac613b[
  size=9
  solver=sudoku.model.BacktrackingSudokuSolver@60d6fdd4
  board={{2,4,5,6,7,8,1,9,3},{1,6,7,3,5,9,2,8,4},{8,3,9,1,2,4,5,6,7},{3,1,6,2,4,5,8,7,9},{4,8,2,7,9,3,6,1,5},{5,0,0,0,0,0,0,0,0},{0,0,0,0,0,0,0,0,0},{0,0,0,0,0,0,0,0,0},{0,0,0,0,0,0,0,0,0}}
]
15:41:39.991 [main] INFO sudoku.model.SudokuBoard - Wartość 0 wstawiona nieprawidłowo
15:41:39.991 [main] INFO sudoku.model.SudokuBoard - Bład w kwadracie 0
sudoku.model.SudokuBoard@47ac613b[
  size=9
  solver=sudoku.model.BacktrackingSudokuSolver@60d6fdd4
  board={{2,4,5,6,7,8,1,9,3},{1,6,7,3,5,9,2,8,4},{8,3,9,1,2,4,5,6,7},{3,1,6,2,4,5,8,7,9},{4,8,2,7,9,3,6,1,5},{0,0,0,0,0,0,0,0,0},{0,0,0,0,0,0,0,0,0},{0,0,0,0,0,0,0,0,0},{0,0,0,0,0,0,0,0,0}}
]
15:41:39.991 [main] INFO sudoku.model.SudokuBoard - Wartość 0 wstawiona nieprawidłowo
15:41:39.992 [main] INFO sudoku.model.SudokuBoard - Bład w kwadracie 0
sudoku.model.SudokuBoard@47ac613b[
  size=9
  solver=sudoku.model.BacktrackingSudokuSolver@60d6fdd4
  board={{2,4,5,6,7,8,1,9,3},{1,6,7,3,5,9,2,8,4},{8,3,9,1,2,4,5,6,7},{3,1,6,2,4,5,8,7,9},{4,8,2,7,9,3,6,1,5},{7,0,0,0,0,0,0,0,0},{0,0,0,0,0,0,0,0,0},{0,0,0,0,0,0,0,0,0},{0,0,0,0,0,0,0,0,0}}
]
15:41:39.992 [main] INFO sudoku.model.SudokuBoard - Wartość 0 wstawiona nieprawidłowo
15:41:39.992 [main] INFO sudoku.model.SudokuBoard - Bład w kwadracie 0
sudoku.model.SudokuBoard@47ac613b[
  size=9
  solver=sudoku.model.BacktrackingSudokuSolver@60d6fdd4
  board={{2,4,5,6,7,8,1,9,3},{1,6,7,3,5,9,2,8,4},{8,3,9,1,2,4,5,6,7},{3,1,6,2,4,5,8,7,9},{4,8,2,7,9,3,6,1,5},{7,0,0,0,0,0,0,0,0},{0,0,0,0,0,0,0,0,0},{0,0,0,0,0,0,0,0,0},{0,0,0,0,0,0,0,0,0}}
]
15:41:39.992 [main] INFO sudoku.model.SudokuBoard - Wartość 0 wstawiona nieprawidłowo
15:41:39.993 [main] INFO sudoku.model.SudokuBoard - Bład w kwadracie 0
sudoku.model.SudokuBoard@47ac613b[
  size=9
  solver=sudoku.model.BacktrackingSudokuSolver@60d6fdd4
  board={{2,4,5,6,7,8,1,9,3},{1,6,7,3,5,9,2,8,4},{8,3,9,1,2,4,5,6,7},{3,1,6,2,4,5,8,7,9},{4,8,2,7,9,3,6,1,5},{0,0,0,0,0,0,0,0,0},{0,0,0,0,0,0,0,0,0},{0,0,0,0,0,0,0,0,0},{0,0,0,0,0,0,0,0,0}}
]
15:41:39.993 [main] INFO sudoku.model.SudokuBoard - Wartość 0 wstawiona nieprawidłowo
15:41:39.993 [main] INFO sudoku.model.SudokuBoard - Bład w kwadracie 0
sudoku.model.SudokuBoard@47ac613b[
  size=9
  solver=sudoku.model.BacktrackingSudokuSolver@60d6fdd4
  board={{2,4,5,6,7,8,1,9,3},{1,6,7,3,5,9,2,8,4},{8,3,9,1,2,4,5,6,7},{3,1,6,2,4,5,8,7,9},{4,8,2,7,9,3,6,1,5},{9,0,0,0,0,0,0,0,0},{0,0,0,0,0,0,0,0,0},{0,0,0,0,0,0,0,0,0},{0,0,0,0,0,0,0,0,0}}
]
15:41:39.993 [main] INFO sudoku.model.SudokuBoard - Wartość 0 wstawiona nieprawidłowo
15:41:39.993 [main] INFO sudoku.model.SudokuBoard - Bład w kwadracie 0
sudoku.model.SudokuBoard@47ac613b[
  size=9
  solver=sudoku.model.BacktrackingSudokuSolver@60d6fdd4
  board={{2,4,5,6,7,8,1,9,3},{1,6,7,3,5,9,2,8,4},{8,3,9,1,2,4,5,6,7},{3,1,6,2,4,5,8,7,9},{4,8,2,7,9,3,6,1,5},{9,0,0,0,0,0,0,0,0},{0,0,0,0,0,0,0,0,0},{0,0,0,0,0,0,0,0,0},{0,0,0,0,0,0,0,0,0}}
]
15:41:39.993 [main] INFO sudoku.model.SudokuBoard - Wartość 0 wstawiona nieprawidłowo
15:41:39.994 [main] INFO sudoku.model.SudokuBoard - Bład w kwadracie 0
sudoku.model.SudokuBoard@47ac613b[
  size=9
  solver=sudoku.model.BacktrackingSudokuSolver@60d6fdd4
  board={{2,4,5,6,7,8,1,9,3},{1,6,7,3,5,9,2,8,4},{8,3,9,1,2,4,5,6,7},{3,1,6,2,4,5,8,7,9},{4,8,2,7,9,3,6,1,5},{0,0,0,0,0,0,0,0,0},{0,0,0,0,0,0,0,0,0},{0,0,0,0,0,0,0,0,0},{0,0,0,0,0,0,0,0,0}}
]
15:41:39.994 [main] INFO sudoku.model.SudokuBoard - Wartość 0 wstawiona nieprawidłowo
15:41:39.994 [main] INFO sudoku.model.SudokuBoard - Bład w kwadracie 0
sudoku.model.SudokuBoard@47ac613b[
  size=9
  solver=sudoku.model.BacktrackingSudokuSolver@60d6fdd4
  board={{2,4,5,6,7,8,1,9,3},{1,6,7,3,5,9,2,8,4},{8,3,9,1,2,4,5,6,7},{3,1,6,2,4,5,8,7,9},{4,8,2,7,9,3,6,1,0},{0,0,0,0,0,0,0,0,0},{0,0,0,0,0,0,0,0,0},{0,0,0,0,0,0,0,0,0},{0,0,0,0,0,0,0,0,0}}
]
15:41:39.994 [main] INFO sudoku.model.SudokuBoard - Wartość 0 wstawiona nieprawidłowo
15:41:39.995 [main] INFO sudoku.model.SudokuBoard - Bład w kwadracie 0
sudoku.model.SudokuBoard@47ac613b[
  size=9
  solver=sudoku.model.BacktrackingSudokuSolver@60d6fdd4
  board={{2,4,5,6,7,8,1,9,3},{1,6,7,3,5,9,2,8,4},{8,3,9,1,2,4,5,6,7},{3,1,6,2,4,5,8,7,9},{4,8,2,7,9,3,6,0,0},{0,0,0,0,0,0,0,0,0},{0,0,0,0,0,0,0,0,0},{0,0,0,0,0,0,0,0,0},{0,0,0,0,0,0,0,0,0}}
]
15:41:39.995 [main] INFO sudoku.model.SudokuBoard - Wartość 0 wstawiona nieprawidłowo
15:41:39.995 [main] INFO sudoku.model.SudokuBoard - Bład w kwadracie 0
sudoku.model.SudokuBoard@47ac613b[
  size=9
  solver=sudoku.model.BacktrackingSudokuSolver@60d6fdd4
  board={{2,4,5,6,7,8,1,9,3},{1,6,7,3,5,9,2,8,4},{8,3,9,1,2,4,5,6,7},{3,1,6,2,4,5,8,7,9},{4,8,2,7,9,3,6,5,1},{5,0,0,0,0,0,0,0,0},{0,0,0,0,0,0,0,0,0},{0,0,0,0,0,0,0,0,0},{0,0,0,0,0,0,0,0,0}}
]
15:41:39.995 [main] INFO sudoku.model.SudokuBoard - Wartość 0 wstawiona nieprawidłowo
15:41:39.995 [main] INFO sudoku.model.SudokuBoard - Bład w kwadracie 0
sudoku.model.SudokuBoard@47ac613b[
  size=9
  solver=sudoku.model.BacktrackingSudokuSolver@60d6fdd4
  board={{2,4,5,6,7,8,1,9,3},{1,6,7,3,5,9,2,8,4},{8,3,9,1,2,4,5,6,7},{3,1,6,2,4,5,8,7,9},{4,8,2,7,9,3,6,5,1},{5,0,0,0,0,0,0,0,0},{0,0,0,0,0,0,0,0,0},{0,0,0,0,0,0,0,0,0},{0,0,0,0,0,0,0,0,0}}
]
15:41:39.995 [main] INFO sudoku.model.SudokuBoard - Wartość 0 wstawiona nieprawidłowo
15:41:39.995 [main] INFO sudoku.model.SudokuBoard - Bład w kwadracie 0
sudoku.model.SudokuBoard@47ac613b[
  size=9
  solver=sudoku.model.BacktrackingSudokuSolver@60d6fdd4
  board={{2,4,5,6,7,8,1,9,3},{1,6,7,3,5,9,2,8,4},{8,3,9,1,2,4,5,6,7},{3,1,6,2,4,5,8,7,9},{4,8,2,7,9,3,6,5,1},{0,0,0,0,0,0,0,0,0},{0,0,0,0,0,0,0,0,0},{0,0,0,0,0,0,0,0,0},{0,0,0,0,0,0,0,0,0}}
]
15:41:39.996 [main] INFO sudoku.model.SudokuBoard - Wartość 0 wstawiona nieprawidłowo
15:41:39.996 [main] INFO sudoku.model.SudokuBoard - Bład w kwadracie 0
sudoku.model.SudokuBoard@47ac613b[
  size=9
  solver=sudoku.model.BacktrackingSudokuSolver@60d6fdd4
  board={{2,4,5,6,7,8,1,9,3},{1,6,7,3,5,9,2,8,4},{8,3,9,1,2,4,5,6,7},{3,1,6,2,4,5,8,7,9},{4,8,2,7,9,3,6,5,1},{7,0,0,0,0,0,0,0,0},{0,0,0,0,0,0,0,0,0},{0,0,0,0,0,0,0,0,0},{0,0,0,0,0,0,0,0,0}}
]
15:41:39.996 [main] INFO sudoku.model.SudokuBoard - Wartość 0 wstawiona nieprawidłowo
15:41:39.996 [main] INFO sudoku.model.SudokuBoard - Bład w kwadracie 0
sudoku.model.SudokuBoard@47ac613b[
  size=9
  solver=sudoku.model.BacktrackingSudokuSolver@60d6fdd4
  board={{2,4,5,6,7,8,1,9,3},{1,6,7,3,5,9,2,8,4},{8,3,9,1,2,4,5,6,7},{3,1,6,2,4,5,8,7,9},{4,8,2,7,9,3,6,5,1},{7,0,0,0,0,0,0,0,0},{0,0,0,0,0,0,0,0,0},{0,0,0,0,0,0,0,0,0},{0,0,0,0,0,0,0,0,0}}
]
15:41:39.996 [main] INFO sudoku.model.SudokuBoard - Wartość 0 wstawiona nieprawidłowo
15:41:39.996 [main] INFO sudoku.model.SudokuBoard - Bład w kwadracie 0
sudoku.model.SudokuBoard@47ac613b[
  size=9
  solver=sudoku.model.BacktrackingSudokuSolver@60d6fdd4
  board={{2,4,5,6,7,8,1,9,3},{1,6,7,3,5,9,2,8,4},{8,3,9,1,2,4,5,6,7},{3,1,6,2,4,5,8,7,9},{4,8,2,7,9,3,6,5,1},{0,0,0,0,0,0,0,0,0},{0,0,0,0,0,0,0,0,0},{0,0,0,0,0,0,0,0,0},{0,0,0,0,0,0,0,0,0}}
]
15:41:39.996 [main] INFO sudoku.model.SudokuBoard - Wartość 0 wstawiona nieprawidłowo
15:41:39.997 [main] INFO sudoku.model.SudokuBoard - Bład w kwadracie 0
sudoku.model.SudokuBoard@47ac613b[
  size=9
  solver=sudoku.model.BacktrackingSudokuSolver@60d6fdd4
  board={{2,4,5,6,7,8,1,9,3},{1,6,7,3,5,9,2,8,4},{8,3,9,1,2,4,5,6,7},{3,1,6,2,4,5,8,7,9},{4,8,2,7,9,3,6,5,1},{9,0,0,0,0,0,0,0,0},{0,0,0,0,0,0,0,0,0},{0,0,0,0,0,0,0,0,0},{0,0,0,0,0,0,0,0,0}}
]
15:41:39.997 [main] INFO sudoku.model.SudokuBoard - Wartość 0 wstawiona nieprawidłowo
15:41:40.012 [main] INFO sudoku.model.SudokuBoard - Bład w kwadracie 0
sudoku.model.SudokuBoard@47ac613b[
  size=9
  solver=sudoku.model.BacktrackingSudokuSolver@60d6fdd4
  board={{2,4,5,6,7,8,1,9,3},{1,6,7,3,5,9,2,8,4},{8,3,9,1,2,4,5,6,7},{3,1,6,2,4,5,8,7,9},{4,8,2,7,9,3,6,5,1},{9,0,0,0,0,0,0,0,0},{0,0,0,0,0,0,0,0,0},{0,0,0,0,0,0,0,0,0},{0,0,0,0,0,0,0,0,0}}
]
15:41:40.012 [main] INFO sudoku.model.SudokuBoard - Wartość 0 wstawiona nieprawidłowo
15:41:40.012 [main] INFO sudoku.model.SudokuBoard - Bład w kwadracie 0
sudoku.model.SudokuBoard@47ac613b[
  size=9
  solver=sudoku.model.BacktrackingSudokuSolver@60d6fdd4
  board={{2,4,5,6,7,8,1,9,3},{1,6,7,3,5,9,2,8,4},{8,3,9,1,2,4,5,6,7},{3,1,6,2,4,5,8,7,9},{4,8,2,7,9,3,6,5,1},{0,0,0,0,0,0,0,0,0},{0,0,0,0,0,0,0,0,0},{0,0,0,0,0,0,0,0,0},{0,0,0,0,0,0,0,0,0}}
]
15:41:40.012 [main] INFO sudoku.model.SudokuBoard - Wartość 0 wstawiona nieprawidłowo
15:41:40.013 [main] INFO sudoku.model.SudokuBoard - Bład w kwadracie 0
sudoku.model.SudokuBoard@47ac613b[
  size=9
  solver=sudoku.model.BacktrackingSudokuSolver@60d6fdd4
  board={{2,4,5,6,7,8,1,9,3},{1,6,7,3,5,9,2,8,4},{8,3,9,1,2,4,5,6,7},{3,1,6,2,4,5,8,7,9},{4,8,2,7,9,3,6,5,0},{0,0,0,0,0,0,0,0,0},{0,0,0,0,0,0,0,0,0},{0,0,0,0,0,0,0,0,0},{0,0,0,0,0,0,0,0,0}}
]
15:41:40.013 [main] INFO sudoku.model.SudokuBoard - Wartość 0 wstawiona nieprawidłowo
15:41:40.013 [main] INFO sudoku.model.SudokuBoard - Bład w kwadracie 0
sudoku.model.SudokuBoard@47ac613b[
  size=9
  solver=sudoku.model.BacktrackingSudokuSolver@60d6fdd4
  board={{2,4,5,6,7,8,1,9,3},{1,6,7,3,5,9,2,8,4},{8,3,9,1,2,4,5,6,7},{3,1,6,2,4,5,8,7,9},{4,8,2,7,9,3,6,0,0},{0,0,0,0,0,0,0,0,0},{0,0,0,0,0,0,0,0,0},{0,0,0,0,0,0,0,0,0},{0,0,0,0,0,0,0,0,0}}
]
15:41:40.013 [main] INFO sudoku.model.SudokuBoard - Wartość 0 wstawiona nieprawidłowo
15:41:40.013 [main] INFO sudoku.model.SudokuBoard - Bład w kwadracie 0
sudoku.model.SudokuBoard@47ac613b[
  size=9
  solver=sudoku.model.BacktrackingSudokuSolver@60d6fdd4
  board={{2,4,5,6,7,8,1,9,3},{1,6,7,3,5,9,2,8,4},{8,3,9,1,2,4,5,6,7},{3,1,6,2,4,5,8,7,9},{4,8,2,7,9,3,0,0,0},{0,0,0,0,0,0,0,0,0},{0,0,0,0,0,0,0,0,0},{0,0,0,0,0,0,0,0,0},{0,0,0,0,0,0,0,0,0}}
]
15:41:40.013 [main] INFO sudoku.model.SudokuBoard - Wartość 0 wstawiona nieprawidłowo
15:41:40.013 [main] INFO sudoku.model.SudokuBoard - Bład w kwadracie 0
sudoku.model.SudokuBoard@47ac613b[
  size=9
  solver=sudoku.model.BacktrackingSudokuSolver@60d6fdd4
  board={{2,4,5,6,7,8,1,9,3},{1,6,7,3,5,9,2,8,4},{8,3,9,1,2,4,5,6,7},{3,1,6,2,4,5,8,7,9},{4,8,2,7,9,0,0,0,0},{0,0,0,0,0,0,0,0,0},{0,0,0,0,0,0,0,0,0},{0,0,0,0,0,0,0,0,0},{0,0,0,0,0,0,0,0,0}}
]
15:41:40.013 [main] INFO sudoku.model.SudokuBoard - Wartość 0 wstawiona nieprawidłowo
15:41:40.014 [main] INFO sudoku.model.SudokuBoard - Bład w kwadracie 0
sudoku.model.SudokuBoard@47ac613b[
  size=9
  solver=sudoku.model.BacktrackingSudokuSolver@60d6fdd4
  board={{2,4,5,6,7,8,1,9,3},{1,6,7,3,5,9,2,8,4},{8,3,9,1,2,4,5,6,7},{3,1,6,2,4,5,8,7,9},{4,8,2,7,0,0,0,0,0},{0,0,0,0,0,0,0,0,0},{0,0,0,0,0,0,0,0,0},{0,0,0,0,0,0,0,0,0},{0,0,0,0,0,0,0,0,0}}
]
15:41:40.015 [main] INFO sudoku.model.SudokuBoard - Wartość 0 wstawiona nieprawidłowo
15:41:40.015 [main] INFO sudoku.model.SudokuBoard - Bład w kwadracie 0
sudoku.model.SudokuBoard@47ac613b[
  size=9
  solver=sudoku.model.BacktrackingSudokuSolver@60d6fdd4
  board={{2,4,5,6,7,8,1,9,3},{1,6,7,3,5,9,2,8,4},{8,3,9,1,2,4,5,6,7},{3,1,6,2,4,5,8,7,9},{4,8,2,0,0,0,0,0,0},{0,0,0,0,0,0,0,0,0},{0,0,0,0,0,0,0,0,0},{0,0,0,0,0,0,0,0,0},{0,0,0,0,0,0,0,0,0}}
]
15:41:40.015 [main] INFO sudoku.model.SudokuBoard - Wartość 0 wstawiona nieprawidłowo
15:41:40.015 [main] INFO sudoku.model.SudokuBoard - Bład w kwadracie 0
sudoku.model.SudokuBoard@47ac613b[
  size=9
  solver=sudoku.model.BacktrackingSudokuSolver@60d6fdd4
  board={{2,4,5,6,7,8,1,9,3},{1,6,7,3,5,9,2,8,4},{8,3,9,1,2,4,5,6,7},{3,1,6,2,4,5,8,7,9},{4,8,2,9,1,6,3,0,0},{0,0,0,0,0,0,0,0,0},{0,0,0,0,0,0,0,0,0},{0,0,0,0,0,0,0,0,0},{0,0,0,0,0,0,0,0,0}}
]
15:41:40.015 [main] INFO sudoku.model.SudokuBoard - Wartość 0 wstawiona nieprawidłowo
15:41:40.015 [main] INFO sudoku.model.SudokuBoard - Bład w kwadracie 0
sudoku.model.SudokuBoard@47ac613b[
  size=9
  solver=sudoku.model.BacktrackingSudokuSolver@60d6fdd4
  board={{2,4,5,6,7,8,1,9,3},{1,6,7,3,5,9,2,8,4},{8,3,9,1,2,4,5,6,7},{3,1,6,2,4,5,8,7,9},{4,8,2,9,1,6,0,0,0},{0,0,0,0,0,0,0,0,0},{0,0,0,0,0,0,0,0,0},{0,0,0,0,0,0,0,0,0},{0,0,0,0,0,0,0,0,0}}
]
15:41:40.017 [main] INFO sudoku.model.SudokuBoard - Wartość 0 wstawiona nieprawidłowo
15:41:40.018 [main] INFO sudoku.model.SudokuBoard - Bład w kwadracie 0
sudoku.model.SudokuBoard@47ac613b[
  size=9
  solver=sudoku.model.BacktrackingSudokuSolver@60d6fdd4
  board={{2,4,5,6,7,8,1,9,3},{1,6,7,3,5,9,2,8,4},{8,3,9,1,2,4,5,6,7},{3,1,6,2,4,5,8,7,9},{4,8,2,9,1,0,0,0,0},{0,0,0,0,0,0,0,0,0},{0,0,0,0,0,0,0,0,0},{0,0,0,0,0,0,0,0,0},{0,0,0,0,0,0,0,0,0}}
]
15:41:40.018 [main] INFO sudoku.model.SudokuBoard - Wartość 0 wstawiona nieprawidłowo
15:41:40.019 [main] INFO sudoku.model.SudokuBoard - Bład w kwadracie 0
sudoku.model.SudokuBoard@47ac613b[
  size=9
  solver=sudoku.model.BacktrackingSudokuSolver@60d6fdd4
  board={{2,4,5,6,7,8,1,9,3},{1,6,7,3,5,9,2,8,4},{8,3,9,1,2,4,5,6,7},{3,1,6,2,4,5,8,7,9},{4,8,2,9,1,7,3,5,6},{5,0,0,0,0,0,0,0,0},{0,0,0,0,0,0,0,0,0},{0,0,0,0,0,0,0,0,0},{0,0,0,0,0,0,0,0,0}}
]
15:41:40.019 [main] INFO sudoku.model.SudokuBoard - Wartość 0 wstawiona nieprawidłowo
15:41:40.019 [main] INFO sudoku.model.SudokuBoard - Bład w kwadracie 0
sudoku.model.SudokuBoard@47ac613b[
  size=9
  solver=sudoku.model.BacktrackingSudokuSolver@60d6fdd4
  board={{2,4,5,6,7,8,1,9,3},{1,6,7,3,5,9,2,8,4},{8,3,9,1,2,4,5,6,7},{3,1,6,2,4,5,8,7,9},{4,8,2,9,1,7,3,5,6},{5,0,0,0,0,0,0,0,0},{0,0,0,0,0,0,0,0,0},{0,0,0,0,0,0,0,0,0},{0,0,0,0,0,0,0,0,0}}
]
15:41:40.019 [main] INFO sudoku.model.SudokuBoard - Wartość 0 wstawiona nieprawidłowo
15:41:40.019 [main] INFO sudoku.model.SudokuBoard - Bład w kwadracie 0
sudoku.model.SudokuBoard@47ac613b[
  size=9
  solver=sudoku.model.BacktrackingSudokuSolver@60d6fdd4
  board={{2,4,5,6,7,8,1,9,3},{1,6,7,3,5,9,2,8,4},{8,3,9,1,2,4,5,6,7},{3,1,6,2,4,5,8,7,9},{4,8,2,9,1,7,3,5,6},{0,0,0,0,0,0,0,0,0},{0,0,0,0,0,0,0,0,0},{0,0,0,0,0,0,0,0,0},{0,0,0,0,0,0,0,0,0}}
]
15:41:40.020 [main] INFO sudoku.model.SudokuBoard - Wartość 0 wstawiona nieprawidłowo
15:41:40.020 [main] INFO sudoku.model.SudokuBoard - Bład w kwadracie 0
sudoku.model.SudokuBoard@47ac613b[
  size=9
  solver=sudoku.model.BacktrackingSudokuSolver@60d6fdd4
  board={{2,4,5,6,7,8,1,9,3},{1,6,7,3,5,9,2,8,4},{8,3,9,1,2,4,5,6,7},{3,1,6,2,4,5,8,7,9},{4,8,2,9,1,7,3,5,6},{7,0,0,0,0,0,0,0,0},{0,0,0,0,0,0,0,0,0},{0,0,0,0,0,0,0,0,0},{0,0,0,0,0,0,0,0,0}}
]
15:41:40.020 [main] INFO sudoku.model.SudokuBoard - Wartość 0 wstawiona nieprawidłowo
15:41:40.020 [main] INFO sudoku.model.SudokuBoard - Bład w kwadracie 0
sudoku.model.SudokuBoard@47ac613b[
  size=9
  solver=sudoku.model.BacktrackingSudokuSolver@60d6fdd4
  board={{2,4,5,6,7,8,1,9,3},{1,6,7,3,5,9,2,8,4},{8,3,9,1,2,4,5,6,7},{3,1,6,2,4,5,8,7,9},{4,8,2,9,1,7,3,5,6},{7,0,0,0,0,0,0,0,0},{0,0,0,0,0,0,0,0,0},{0,0,0,0,0,0,0,0,0},{0,0,0,0,0,0,0,0,0}}
]
15:41:40.020 [main] INFO sudoku.model.SudokuBoard - Wartość 0 wstawiona nieprawidłowo
15:41:40.020 [main] INFO sudoku.model.SudokuBoard - Bład w kwadracie 0
sudoku.model.SudokuBoard@47ac613b[
  size=9
  solver=sudoku.model.BacktrackingSudokuSolver@60d6fdd4
  board={{2,4,5,6,7,8,1,9,3},{1,6,7,3,5,9,2,8,4},{8,3,9,1,2,4,5,6,7},{3,1,6,2,4,5,8,7,9},{4,8,2,9,1,7,3,5,6},{0,0,0,0,0,0,0,0,0},{0,0,0,0,0,0,0,0,0},{0,0,0,0,0,0,0,0,0},{0,0,0,0,0,0,0,0,0}}
]
15:41:40.020 [main] INFO sudoku.model.SudokuBoard - Wartość 0 wstawiona nieprawidłowo
15:41:40.021 [main] INFO sudoku.model.SudokuBoard - Bład w kwadracie 0
sudoku.model.SudokuBoard@47ac613b[
  size=9
  solver=sudoku.model.BacktrackingSudokuSolver@60d6fdd4
  board={{2,4,5,6,7,8,1,9,3},{1,6,7,3,5,9,2,8,4},{8,3,9,1,2,4,5,6,7},{3,1,6,2,4,5,8,7,9},{4,8,2,9,1,7,3,5,6},{9,0,0,0,0,0,0,0,0},{0,0,0,0,0,0,0,0,0},{0,0,0,0,0,0,0,0,0},{0,0,0,0,0,0,0,0,0}}
]
15:41:40.021 [main] INFO sudoku.model.SudokuBoard - Wartość 0 wstawiona nieprawidłowo
15:41:40.021 [main] INFO sudoku.model.SudokuBoard - Bład w kwadracie 0
sudoku.model.SudokuBoard@47ac613b[
  size=9
  solver=sudoku.model.BacktrackingSudokuSolver@60d6fdd4
  board={{2,4,5,6,7,8,1,9,3},{1,6,7,3,5,9,2,8,4},{8,3,9,1,2,4,5,6,7},{3,1,6,2,4,5,8,7,9},{4,8,2,9,1,7,3,5,6},{9,0,0,0,0,0,0,0,0},{0,0,0,0,0,0,0,0,0},{0,0,0,0,0,0,0,0,0},{0,0,0,0,0,0,0,0,0}}
]
15:41:40.021 [main] INFO sudoku.model.SudokuBoard - Wartość 0 wstawiona nieprawidłowo
15:41:40.021 [main] INFO sudoku.model.SudokuBoard - Bład w kwadracie 0
sudoku.model.SudokuBoard@47ac613b[
  size=9
  solver=sudoku.model.BacktrackingSudokuSolver@60d6fdd4
  board={{2,4,5,6,7,8,1,9,3},{1,6,7,3,5,9,2,8,4},{8,3,9,1,2,4,5,6,7},{3,1,6,2,4,5,8,7,9},{4,8,2,9,1,7,3,5,6},{0,0,0,0,0,0,0,0,0},{0,0,0,0,0,0,0,0,0},{0,0,0,0,0,0,0,0,0},{0,0,0,0,0,0,0,0,0}}
]
15:41:40.021 [main] INFO sudoku.model.SudokuBoard - Wartość 0 wstawiona nieprawidłowo
15:41:40.022 [main] INFO sudoku.model.SudokuBoard - Bład w kwadracie 0
sudoku.model.SudokuBoard@47ac613b[
  size=9
  solver=sudoku.model.BacktrackingSudokuSolver@60d6fdd4
  board={{2,4,5,6,7,8,1,9,3},{1,6,7,3,5,9,2,8,4},{8,3,9,1,2,4,5,6,7},{3,1,6,2,4,5,8,7,9},{4,8,2,9,1,7,3,5,0},{0,0,0,0,0,0,0,0,0},{0,0,0,0,0,0,0,0,0},{0,0,0,0,0,0,0,0,0},{0,0,0,0,0,0,0,0,0}}
]
15:41:40.022 [main] INFO sudoku.model.SudokuBoard - Wartość 0 wstawiona nieprawidłowo
15:41:40.022 [main] INFO sudoku.model.SudokuBoard - Bład w kwadracie 0
sudoku.model.SudokuBoard@47ac613b[
  size=9
  solver=sudoku.model.BacktrackingSudokuSolver@60d6fdd4
  board={{2,4,5,6,7,8,1,9,3},{1,6,7,3,5,9,2,8,4},{8,3,9,1,2,4,5,6,7},{3,1,6,2,4,5,8,7,9},{4,8,2,9,1,7,3,0,0},{0,0,0,0,0,0,0,0,0},{0,0,0,0,0,0,0,0,0},{0,0,0,0,0,0,0,0,0},{0,0,0,0,0,0,0,0,0}}
]
15:41:40.022 [main] INFO sudoku.model.SudokuBoard - Wartość 0 wstawiona nieprawidłowo
15:41:40.023 [main] INFO sudoku.model.SudokuBoard - Bład w kwadracie 0
sudoku.model.SudokuBoard@47ac613b[
  size=9
  solver=sudoku.model.BacktrackingSudokuSolver@60d6fdd4
  board={{2,4,5,6,7,8,1,9,3},{1,6,7,3,5,9,2,8,4},{8,3,9,1,2,4,5,6,7},{3,1,6,2,4,5,8,7,9},{4,8,2,9,1,7,0,0,0},{0,0,0,0,0,0,0,0,0},{0,0,0,0,0,0,0,0,0},{0,0,0,0,0,0,0,0,0},{0,0,0,0,0,0,0,0,0}}
]
15:41:40.023 [main] INFO sudoku.model.SudokuBoard - Wartość 0 wstawiona nieprawidłowo
15:41:40.023 [main] INFO sudoku.model.SudokuBoard - Bład w kwadracie 0
sudoku.model.SudokuBoard@47ac613b[
  size=9
  solver=sudoku.model.BacktrackingSudokuSolver@60d6fdd4
  board={{2,4,5,6,7,8,1,9,3},{1,6,7,3,5,9,2,8,4},{8,3,9,1,2,4,5,6,7},{3,1,6,2,4,5,8,7,9},{4,8,2,9,1,7,6,3,5},{5,0,0,0,0,0,0,0,0},{0,0,0,0,0,0,0,0,0},{0,0,0,0,0,0,0,0,0},{0,0,0,0,0,0,0,0,0}}
]
15:41:40.023 [main] INFO sudoku.model.SudokuBoard - Wartość 0 wstawiona nieprawidłowo
15:41:40.023 [main] INFO sudoku.model.SudokuBoard - Bład w kwadracie 0
sudoku.model.SudokuBoard@47ac613b[
  size=9
  solver=sudoku.model.BacktrackingSudokuSolver@60d6fdd4
  board={{2,4,5,6,7,8,1,9,3},{1,6,7,3,5,9,2,8,4},{8,3,9,1,2,4,5,6,7},{3,1,6,2,4,5,8,7,9},{4,8,2,9,1,7,6,3,5},{5,0,0,0,0,0,0,0,0},{0,0,0,0,0,0,0,0,0},{0,0,0,0,0,0,0,0,0},{0,0,0,0,0,0,0,0,0}}
]
15:41:40.023 [main] INFO sudoku.model.SudokuBoard - Wartość 0 wstawiona nieprawidłowo
15:41:40.024 [main] INFO sudoku.model.SudokuBoard - Bład w kwadracie 0
sudoku.model.SudokuBoard@47ac613b[
  size=9
  solver=sudoku.model.BacktrackingSudokuSolver@60d6fdd4
  board={{2,4,5,6,7,8,1,9,3},{1,6,7,3,5,9,2,8,4},{8,3,9,1,2,4,5,6,7},{3,1,6,2,4,5,8,7,9},{4,8,2,9,1,7,6,3,5},{0,0,0,0,0,0,0,0,0},{0,0,0,0,0,0,0,0,0},{0,0,0,0,0,0,0,0,0},{0,0,0,0,0,0,0,0,0}}
]
15:41:40.025 [main] INFO sudoku.model.SudokuBoard - Wartość 0 wstawiona nieprawidłowo
15:41:40.029 [main] INFO sudoku.model.SudokuBoard - Bład w kwadracie 0
sudoku.model.SudokuBoard@47ac613b[
  size=9
  solver=sudoku.model.BacktrackingSudokuSolver@60d6fdd4
  board={{2,4,5,6,7,8,1,9,3},{1,6,7,3,5,9,2,8,4},{8,3,9,1,2,4,5,6,7},{3,1,6,2,4,5,8,7,9},{4,8,2,9,1,7,6,3,5},{7,0,0,0,0,0,0,0,0},{0,0,0,0,0,0,0,0,0},{0,0,0,0,0,0,0,0,0},{0,0,0,0,0,0,0,0,0}}
]
15:41:40.029 [main] INFO sudoku.model.SudokuBoard - Wartość 0 wstawiona nieprawidłowo
15:41:40.030 [main] INFO sudoku.model.SudokuBoard - Bład w kwadracie 0
sudoku.model.SudokuBoard@47ac613b[
  size=9
  solver=sudoku.model.BacktrackingSudokuSolver@60d6fdd4
  board={{2,4,5,6,7,8,1,9,3},{1,6,7,3,5,9,2,8,4},{8,3,9,1,2,4,5,6,7},{3,1,6,2,4,5,8,7,9},{4,8,2,9,1,7,6,3,5},{7,0,0,0,0,0,0,0,0},{0,0,0,0,0,0,0,0,0},{0,0,0,0,0,0,0,0,0},{0,0,0,0,0,0,0,0,0}}
]
15:41:40.030 [main] INFO sudoku.model.SudokuBoard - Wartość 0 wstawiona nieprawidłowo
15:41:40.030 [main] INFO sudoku.model.SudokuBoard - Bład w kwadracie 0
sudoku.model.SudokuBoard@47ac613b[
  size=9
  solver=sudoku.model.BacktrackingSudokuSolver@60d6fdd4
  board={{2,4,5,6,7,8,1,9,3},{1,6,7,3,5,9,2,8,4},{8,3,9,1,2,4,5,6,7},{3,1,6,2,4,5,8,7,9},{4,8,2,9,1,7,6,3,5},{0,0,0,0,0,0,0,0,0},{0,0,0,0,0,0,0,0,0},{0,0,0,0,0,0,0,0,0},{0,0,0,0,0,0,0,0,0}}
]
15:41:40.030 [main] INFO sudoku.model.SudokuBoard - Wartość 0 wstawiona nieprawidłowo
15:41:40.030 [main] INFO sudoku.model.SudokuBoard - Bład w kwadracie 0
sudoku.model.SudokuBoard@47ac613b[
  size=9
  solver=sudoku.model.BacktrackingSudokuSolver@60d6fdd4
  board={{2,4,5,6,7,8,1,9,3},{1,6,7,3,5,9,2,8,4},{8,3,9,1,2,4,5,6,7},{3,1,6,2,4,5,8,7,9},{4,8,2,9,1,7,6,3,5},{9,0,0,0,0,0,0,0,0},{0,0,0,0,0,0,0,0,0},{0,0,0,0,0,0,0,0,0},{0,0,0,0,0,0,0,0,0}}
]
15:41:40.030 [main] INFO sudoku.model.SudokuBoard - Wartość 0 wstawiona nieprawidłowo
15:41:40.031 [main] INFO sudoku.model.SudokuBoard - Bład w kwadracie 0
sudoku.model.SudokuBoard@47ac613b[
  size=9
  solver=sudoku.model.BacktrackingSudokuSolver@60d6fdd4
  board={{2,4,5,6,7,8,1,9,3},{1,6,7,3,5,9,2,8,4},{8,3,9,1,2,4,5,6,7},{3,1,6,2,4,5,8,7,9},{4,8,2,9,1,7,6,3,5},{9,0,0,0,0,0,0,0,0},{0,0,0,0,0,0,0,0,0},{0,0,0,0,0,0,0,0,0},{0,0,0,0,0,0,0,0,0}}
]
15:41:40.031 [main] INFO sudoku.model.SudokuBoard - Wartość 0 wstawiona nieprawidłowo
15:41:40.031 [main] INFO sudoku.model.SudokuBoard - Bład w kwadracie 0
sudoku.model.SudokuBoard@47ac613b[
  size=9
  solver=sudoku.model.BacktrackingSudokuSolver@60d6fdd4
  board={{2,4,5,6,7,8,1,9,3},{1,6,7,3,5,9,2,8,4},{8,3,9,1,2,4,5,6,7},{3,1,6,2,4,5,8,7,9},{4,8,2,9,1,7,6,3,5},{0,0,0,0,0,0,0,0,0},{0,0,0,0,0,0,0,0,0},{0,0,0,0,0,0,0,0,0},{0,0,0,0,0,0,0,0,0}}
]
15:41:40.031 [main] INFO sudoku.model.SudokuBoard - Wartość 0 wstawiona nieprawidłowo
15:41:40.032 [main] INFO sudoku.model.SudokuBoard - Bład w kwadracie 0
sudoku.model.SudokuBoard@47ac613b[
  size=9
  solver=sudoku.model.BacktrackingSudokuSolver@60d6fdd4
  board={{2,4,5,6,7,8,1,9,3},{1,6,7,3,5,9,2,8,4},{8,3,9,1,2,4,5,6,7},{3,1,6,2,4,5,8,7,9},{4,8,2,9,1,7,6,3,0},{0,0,0,0,0,0,0,0,0},{0,0,0,0,0,0,0,0,0},{0,0,0,0,0,0,0,0,0},{0,0,0,0,0,0,0,0,0}}
]
15:41:40.032 [main] INFO sudoku.model.SudokuBoard - Wartość 0 wstawiona nieprawidłowo
15:41:40.032 [main] INFO sudoku.model.SudokuBoard - Bład w kwadracie 0
sudoku.model.SudokuBoard@47ac613b[
  size=9
  solver=sudoku.model.BacktrackingSudokuSolver@60d6fdd4
  board={{2,4,5,6,7,8,1,9,3},{1,6,7,3,5,9,2,8,4},{8,3,9,1,2,4,5,6,7},{3,1,6,2,4,5,8,7,9},{4,8,2,9,1,7,6,0,0},{0,0,0,0,0,0,0,0,0},{0,0,0,0,0,0,0,0,0},{0,0,0,0,0,0,0,0,0},{0,0,0,0,0,0,0,0,0}}
]
15:41:40.032 [main] INFO sudoku.model.SudokuBoard - Wartość 0 wstawiona nieprawidłowo
15:41:40.032 [main] INFO sudoku.model.SudokuBoard - Bład w kwadracie 0
sudoku.model.SudokuBoard@47ac613b[
  size=9
  solver=sudoku.model.BacktrackingSudokuSolver@60d6fdd4
  board={{2,4,5,6,7,8,1,9,3},{1,6,7,3,5,9,2,8,4},{8,3,9,1,2,4,5,6,7},{3,1,6,2,4,5,8,7,9},{4,8,2,9,1,7,6,0,0},{0,0,0,0,0,0,0,0,0},{0,0,0,0,0,0,0,0,0},{0,0,0,0,0,0,0,0,0},{0,0,0,0,0,0,0,0,0}}
]
15:41:40.032 [main] INFO sudoku.model.SudokuBoard - Wartość 0 wstawiona nieprawidłowo
15:41:40.032 [main] INFO sudoku.model.SudokuBoard - Bład w kwadracie 0
sudoku.model.SudokuBoard@47ac613b[
  size=9
  solver=sudoku.model.BacktrackingSudokuSolver@60d6fdd4
  board={{2,4,5,6,7,8,1,9,3},{1,6,7,3,5,9,2,8,4},{8,3,9,1,2,4,5,6,7},{3,1,6,2,4,5,8,7,9},{4,8,2,9,1,7,0,0,0},{0,0,0,0,0,0,0,0,0},{0,0,0,0,0,0,0,0,0},{0,0,0,0,0,0,0,0,0},{0,0,0,0,0,0,0,0,0}}
]
15:41:40.034 [main] INFO sudoku.model.SudokuBoard - Wartość 0 wstawiona nieprawidłowo
15:41:40.034 [main] INFO sudoku.model.SudokuBoard - Bład w kwadracie 0
sudoku.model.SudokuBoard@47ac613b[
  size=9
  solver=sudoku.model.BacktrackingSudokuSolver@60d6fdd4
  board={{2,4,5,6,7,8,1,9,3},{1,6,7,3,5,9,2,8,4},{8,3,9,1,2,4,5,6,7},{3,1,6,2,4,5,8,7,9},{4,8,2,9,1,0,0,0,0},{0,0,0,0,0,0,0,0,0},{0,0,0,0,0,0,0,0,0},{0,0,0,0,0,0,0,0,0},{0,0,0,0,0,0,0,0,0}}
]
15:41:40.034 [main] INFO sudoku.model.SudokuBoard - Wartość 0 wstawiona nieprawidłowo
15:41:40.035 [main] INFO sudoku.model.SudokuBoard - Bład w kwadracie 0
sudoku.model.SudokuBoard@47ac613b[
  size=9
  solver=sudoku.model.BacktrackingSudokuSolver@60d6fdd4
  board={{2,4,5,6,7,8,1,9,3},{1,6,7,3,5,9,2,8,4},{8,3,9,1,2,4,5,6,7},{3,1,6,2,4,5,8,7,9},{4,8,2,9,1,3,6,0,0},{0,0,0,0,0,0,0,0,0},{0,0,0,0,0,0,0,0,0},{0,0,0,0,0,0,0,0,0},{0,0,0,0,0,0,0,0,0}}
]
15:41:40.035 [main] INFO sudoku.model.SudokuBoard - Wartość 0 wstawiona nieprawidłowo
15:41:40.035 [main] INFO sudoku.model.SudokuBoard - Bład w kwadracie 0
sudoku.model.SudokuBoard@47ac613b[
  size=9
  solver=sudoku.model.BacktrackingSudokuSolver@60d6fdd4
  board={{2,4,5,6,7,8,1,9,3},{1,6,7,3,5,9,2,8,4},{8,3,9,1,2,4,5,6,7},{3,1,6,2,4,5,8,7,9},{4,8,2,9,1,3,0,0,0},{0,0,0,0,0,0,0,0,0},{0,0,0,0,0,0,0,0,0},{0,0,0,0,0,0,0,0,0},{0,0,0,0,0,0,0,0,0}}
]
15:41:40.035 [main] INFO sudoku.model.SudokuBoard - Wartość 0 wstawiona nieprawidłowo
15:41:40.035 [main] INFO sudoku.model.SudokuBoard - Bład w kwadracie 0
sudoku.model.SudokuBoard@47ac613b[
  size=9
  solver=sudoku.model.BacktrackingSudokuSolver@60d6fdd4
  board={{2,4,5,6,7,8,1,9,3},{1,6,7,3,5,9,2,8,4},{8,3,9,1,2,4,5,6,7},{3,1,6,2,4,5,8,7,9},{4,8,2,9,1,0,0,0,0},{0,0,0,0,0,0,0,0,0},{0,0,0,0,0,0,0,0,0},{0,0,0,0,0,0,0,0,0},{0,0,0,0,0,0,0,0,0}}
]
15:41:40.035 [main] INFO sudoku.model.SudokuBoard - Wartość 0 wstawiona nieprawidłowo
15:41:40.035 [main] INFO sudoku.model.SudokuBoard - Bład w kwadracie 0
sudoku.model.SudokuBoard@47ac613b[
  size=9
  solver=sudoku.model.BacktrackingSudokuSolver@60d6fdd4
  board={{2,4,5,6,7,8,1,9,3},{1,6,7,3,5,9,2,8,4},{8,3,9,1,2,4,5,6,7},{3,1,6,2,4,5,8,7,9},{4,8,2,9,0,0,0,0,0},{0,0,0,0,0,0,0,0,0},{0,0,0,0,0,0,0,0,0},{0,0,0,0,0,0,0,0,0},{0,0,0,0,0,0,0,0,0}}
]
15:41:40.035 [main] INFO sudoku.model.SudokuBoard - Wartość 0 wstawiona nieprawidłowo
15:41:40.038 [main] INFO sudoku.model.SudokuBoard - Bład w kwadracie 0
sudoku.model.SudokuBoard@47ac613b[
  size=9
  solver=sudoku.model.BacktrackingSudokuSolver@60d6fdd4
  board={{2,4,5,6,7,8,1,9,3},{1,6,7,3,5,9,2,8,4},{8,3,9,1,2,4,5,6,7},{3,1,6,2,4,5,8,7,9},{4,8,2,9,3,0,0,0,0},{0,0,0,0,0,0,0,0,0},{0,0,0,0,0,0,0,0,0},{0,0,0,0,0,0,0,0,0},{0,0,0,0,0,0,0,0,0}}
]
15:41:40.040 [main] INFO sudoku.model.SudokuBoard - Wartość 0 wstawiona nieprawidłowo
15:41:40.052 [main] INFO sudoku.model.SudokuBoard - Bład w kwadracie 0
sudoku.model.SudokuBoard@47ac613b[
  size=9
  solver=sudoku.model.BacktrackingSudokuSolver@60d6fdd4
  board={{2,4,5,6,7,8,1,9,3},{1,6,7,3,5,9,2,8,4},{8,3,9,1,2,4,5,6,7},{3,1,6,2,4,5,8,7,9},{4,8,2,9,3,7,6,1,5},{5,0,0,0,0,0,0,0,0},{0,0,0,0,0,0,0,0,0},{0,0,0,0,0,0,0,0,0},{0,0,0,0,0,0,0,0,0}}
]
15:41:40.052 [main] INFO sudoku.model.SudokuBoard - Wartość 0 wstawiona nieprawidłowo
15:41:40.054 [main] INFO sudoku.model.SudokuBoard - Bład w kwadracie 0
sudoku.model.SudokuBoard@47ac613b[
  size=9
  solver=sudoku.model.BacktrackingSudokuSolver@60d6fdd4
  board={{2,4,5,6,7,8,1,9,3},{1,6,7,3,5,9,2,8,4},{8,3,9,1,2,4,5,6,7},{3,1,6,2,4,5,8,7,9},{4,8,2,9,3,7,6,1,5},{5,0,0,0,0,0,0,0,0},{0,0,0,0,0,0,0,0,0},{0,0,0,0,0,0,0,0,0},{0,0,0,0,0,0,0,0,0}}
]
15:41:40.054 [main] INFO sudoku.model.SudokuBoard - Wartość 0 wstawiona nieprawidłowo
15:41:40.086 [main] INFO sudoku.model.SudokuBoard - Bład w kwadracie 0
sudoku.model.SudokuBoard@47ac613b[
  size=9
  solver=sudoku.model.BacktrackingSudokuSolver@60d6fdd4
  board={{2,4,5,6,7,8,1,9,3},{1,6,7,3,5,9,2,8,4},{8,3,9,1,2,4,5,6,7},{3,1,6,2,4,5,8,7,9},{4,8,2,9,3,7,6,1,5},{0,0,0,0,0,0,0,0,0},{0,0,0,0,0,0,0,0,0},{0,0,0,0,0,0,0,0,0},{0,0,0,0,0,0,0,0,0}}
]
15:41:40.087 [main] INFO sudoku.model.SudokuBoard - Wartość 0 wstawiona nieprawidłowo
15:41:40.090 [main] INFO sudoku.model.SudokuBoard - Bład w kwadracie 0
sudoku.model.SudokuBoard@47ac613b[
  size=9
  solver=sudoku.model.BacktrackingSudokuSolver@60d6fdd4
  board={{2,4,5,6,7,8,1,9,3},{1,6,7,3,5,9,2,8,4},{8,3,9,1,2,4,5,6,7},{3,1,6,2,4,5,8,7,9},{4,8,2,9,3,7,6,1,5},{7,0,0,0,0,0,0,0,0},{0,0,0,0,0,0,0,0,0},{0,0,0,0,0,0,0,0,0},{0,0,0,0,0,0,0,0,0}}
]
15:41:40.090 [main] INFO sudoku.model.SudokuBoard - Wartość 0 wstawiona nieprawidłowo
15:41:40.135 [main] INFO sudoku.model.SudokuBoard - Bład w kwadracie 0
sudoku.model.SudokuBoard@47ac613b[
  size=9
  solver=sudoku.model.BacktrackingSudokuSolver@60d6fdd4
  board={{2,4,5,6,7,8,1,9,3},{1,6,7,3,5,9,2,8,4},{8,3,9,1,2,4,5,6,7},{3,1,6,2,4,5,8,7,9},{4,8,2,9,3,7,6,1,5},{7,0,0,0,0,0,0,0,0},{0,0,0,0,0,0,0,0,0},{0,0,0,0,0,0,0,0,0},{0,0,0,0,0,0,0,0,0}}
]
15:41:40.150 [main] INFO sudoku.model.SudokuBoard - Wartość 0 wstawiona nieprawidłowo
15:41:40.150 [main] INFO sudoku.model.SudokuBoard - Bład w kwadracie 0
sudoku.model.SudokuBoard@47ac613b[
  size=9
  solver=sudoku.model.BacktrackingSudokuSolver@60d6fdd4
  board={{2,4,5,6,7,8,1,9,3},{1,6,7,3,5,9,2,8,4},{8,3,9,1,2,4,5,6,7},{3,1,6,2,4,5,8,7,9},{4,8,2,9,3,7,6,1,5},{0,0,0,0,0,0,0,0,0},{0,0,0,0,0,0,0,0,0},{0,0,0,0,0,0,0,0,0},{0,0,0,0,0,0,0,0,0}}
]
15:41:40.150 [main] INFO sudoku.model.SudokuBoard - Wartość 0 wstawiona nieprawidłowo
15:41:40.174 [main] INFO sudoku.model.SudokuBoard - Bład w kwadracie 0
sudoku.model.SudokuBoard@47ac613b[
  size=9
  solver=sudoku.model.BacktrackingSudokuSolver@60d6fdd4
  board={{2,4,5,6,7,8,1,9,3},{1,6,7,3,5,9,2,8,4},{8,3,9,1,2,4,5,6,7},{3,1,6,2,4,5,8,7,9},{4,8,2,9,3,7,6,1,5},{9,0,0,0,0,0,0,0,0},{0,0,0,0,0,0,0,0,0},{0,0,0,0,0,0,0,0,0},{0,0,0,0,0,0,0,0,0}}
]
15:41:40.207 [main] INFO sudoku.model.SudokuBoard - Wartość 0 wstawiona nieprawidłowo
15:41:40.209 [main] INFO sudoku.model.SudokuBoard - Bład w kwadracie 0
sudoku.model.SudokuBoard@47ac613b[
  size=9
  solver=sudoku.model.BacktrackingSudokuSolver@60d6fdd4
  board={{2,4,5,6,7,8,1,9,3},{1,6,7,3,5,9,2,8,4},{8,3,9,1,2,4,5,6,7},{3,1,6,2,4,5,8,7,9},{4,8,2,9,3,7,6,1,5},{9,0,0,0,0,0,0,0,0},{0,0,0,0,0,0,0,0,0},{0,0,0,0,0,0,0,0,0},{0,0,0,0,0,0,0,0,0}}
]
15:41:40.209 [main] INFO sudoku.model.SudokuBoard - Wartość 0 wstawiona nieprawidłowo
15:41:40.209 [main] INFO sudoku.model.SudokuBoard - Bład w kwadracie 0
sudoku.model.SudokuBoard@47ac613b[
  size=9
  solver=sudoku.model.BacktrackingSudokuSolver@60d6fdd4
  board={{2,4,5,6,7,8,1,9,3},{1,6,7,3,5,9,2,8,4},{8,3,9,1,2,4,5,6,7},{3,1,6,2,4,5,8,7,9},{4,8,2,9,3,7,6,1,5},{0,0,0,0,0,0,0,0,0},{0,0,0,0,0,0,0,0,0},{0,0,0,0,0,0,0,0,0},{0,0,0,0,0,0,0,0,0}}
]
15:41:40.209 [main] INFO sudoku.model.SudokuBoard - Wartość 0 wstawiona nieprawidłowo
15:41:40.213 [main] INFO sudoku.model.SudokuBoard - Bład w kwadracie 0
sudoku.model.SudokuBoard@47ac613b[
  size=9
  solver=sudoku.model.BacktrackingSudokuSolver@60d6fdd4
  board={{2,4,5,6,7,8,1,9,3},{1,6,7,3,5,9,2,8,4},{8,3,9,1,2,4,5,6,7},{3,1,6,2,4,5,8,7,9},{4,8,2,9,3,7,6,1,0},{0,0,0,0,0,0,0,0,0},{0,0,0,0,0,0,0,0,0},{0,0,0,0,0,0,0,0,0},{0,0,0,0,0,0,0,0,0}}
]
15:41:40.213 [main] INFO sudoku.model.SudokuBoard - Wartość 0 wstawiona nieprawidłowo
15:41:40.214 [main] INFO sudoku.model.SudokuBoard - Bład w kwadracie 0
sudoku.model.SudokuBoard@47ac613b[
  size=9
  solver=sudoku.model.BacktrackingSudokuSolver@60d6fdd4
  board={{2,4,5,6,7,8,1,9,3},{1,6,7,3,5,9,2,8,4},{8,3,9,1,2,4,5,6,7},{3,1,6,2,4,5,8,7,9},{4,8,2,9,3,7,6,0,0},{0,0,0,0,0,0,0,0,0},{0,0,0,0,0,0,0,0,0},{0,0,0,0,0,0,0,0,0},{0,0,0,0,0,0,0,0,0}}
]
15:41:40.214 [main] INFO sudoku.model.SudokuBoard - Wartość 0 wstawiona nieprawidłowo
15:41:40.232 [main] INFO sudoku.model.SudokuBoard - Bład w kwadracie 0
sudoku.model.SudokuBoard@47ac613b[
  size=9
  solver=sudoku.model.BacktrackingSudokuSolver@60d6fdd4
  board={{2,4,5,6,7,8,1,9,3},{1,6,7,3,5,9,2,8,4},{8,3,9,1,2,4,5,6,7},{3,1,6,2,4,5,8,7,9},{4,8,2,9,3,7,6,5,1},{5,0,0,0,0,0,0,0,0},{0,0,0,0,0,0,0,0,0},{0,0,0,0,0,0,0,0,0},{0,0,0,0,0,0,0,0,0}}
]
15:41:40.232 [main] INFO sudoku.model.SudokuBoard - Wartość 0 wstawiona nieprawidłowo
15:41:40.232 [main] INFO sudoku.model.SudokuBoard - Bład w kwadracie 0
sudoku.model.SudokuBoard@47ac613b[
  size=9
  solver=sudoku.model.BacktrackingSudokuSolver@60d6fdd4
  board={{2,4,5,6,7,8,1,9,3},{1,6,7,3,5,9,2,8,4},{8,3,9,1,2,4,5,6,7},{3,1,6,2,4,5,8,7,9},{4,8,2,9,3,7,6,5,1},{5,0,0,0,0,0,0,0,0},{0,0,0,0,0,0,0,0,0},{0,0,0,0,0,0,0,0,0},{0,0,0,0,0,0,0,0,0}}
]
15:41:40.232 [main] INFO sudoku.model.SudokuBoard - Wartość 0 wstawiona nieprawidłowo
15:41:40.232 [main] INFO sudoku.model.SudokuBoard - Bład w kwadracie 0
sudoku.model.SudokuBoard@47ac613b[
  size=9
  solver=sudoku.model.BacktrackingSudokuSolver@60d6fdd4
  board={{2,4,5,6,7,8,1,9,3},{1,6,7,3,5,9,2,8,4},{8,3,9,1,2,4,5,6,7},{3,1,6,2,4,5,8,7,9},{4,8,2,9,3,7,6,5,1},{0,0,0,0,0,0,0,0,0},{0,0,0,0,0,0,0,0,0},{0,0,0,0,0,0,0,0,0},{0,0,0,0,0,0,0,0,0}}
]
15:41:40.232 [main] INFO sudoku.model.SudokuBoard - Wartość 0 wstawiona nieprawidłowo
15:41:40.234 [main] INFO sudoku.model.SudokuBoard - Bład w kwadracie 0
sudoku.model.SudokuBoard@47ac613b[
  size=9
  solver=sudoku.model.BacktrackingSudokuSolver@60d6fdd4
  board={{2,4,5,6,7,8,1,9,3},{1,6,7,3,5,9,2,8,4},{8,3,9,1,2,4,5,6,7},{3,1,6,2,4,5,8,7,9},{4,8,2,9,3,7,6,5,1},{7,0,0,0,0,0,0,0,0},{0,0,0,0,0,0,0,0,0},{0,0,0,0,0,0,0,0,0},{0,0,0,0,0,0,0,0,0}}
]
15:41:40.235 [main] INFO sudoku.model.SudokuBoard - Wartość 0 wstawiona nieprawidłowo
15:41:40.235 [main] INFO sudoku.model.SudokuBoard - Bład w kwadracie 0
sudoku.model.SudokuBoard@47ac613b[
  size=9
  solver=sudoku.model.BacktrackingSudokuSolver@60d6fdd4
  board={{2,4,5,6,7,8,1,9,3},{1,6,7,3,5,9,2,8,4},{8,3,9,1,2,4,5,6,7},{3,1,6,2,4,5,8,7,9},{4,8,2,9,3,7,6,5,1},{7,0,0,0,0,0,0,0,0},{0,0,0,0,0,0,0,0,0},{0,0,0,0,0,0,0,0,0},{0,0,0,0,0,0,0,0,0}}
]
15:41:40.235 [main] INFO sudoku.model.SudokuBoard - Wartość 0 wstawiona nieprawidłowo
15:41:40.235 [main] INFO sudoku.model.SudokuBoard - Bład w kwadracie 0
sudoku.model.SudokuBoard@47ac613b[
  size=9
  solver=sudoku.model.BacktrackingSudokuSolver@60d6fdd4
  board={{2,4,5,6,7,8,1,9,3},{1,6,7,3,5,9,2,8,4},{8,3,9,1,2,4,5,6,7},{3,1,6,2,4,5,8,7,9},{4,8,2,9,3,7,6,5,1},{0,0,0,0,0,0,0,0,0},{0,0,0,0,0,0,0,0,0},{0,0,0,0,0,0,0,0,0},{0,0,0,0,0,0,0,0,0}}
]
15:41:40.235 [main] INFO sudoku.model.SudokuBoard - Wartość 0 wstawiona nieprawidłowo
15:41:40.235 [main] INFO sudoku.model.SudokuBoard - Bład w kwadracie 0
sudoku.model.SudokuBoard@47ac613b[
  size=9
  solver=sudoku.model.BacktrackingSudokuSolver@60d6fdd4
  board={{2,4,5,6,7,8,1,9,3},{1,6,7,3,5,9,2,8,4},{8,3,9,1,2,4,5,6,7},{3,1,6,2,4,5,8,7,9},{4,8,2,9,3,7,6,5,1},{9,0,0,0,0,0,0,0,0},{0,0,0,0,0,0,0,0,0},{0,0,0,0,0,0,0,0,0},{0,0,0,0,0,0,0,0,0}}
]
15:41:40.235 [main] INFO sudoku.model.SudokuBoard - Wartość 0 wstawiona nieprawidłowo
15:41:40.236 [main] INFO sudoku.model.SudokuBoard - Bład w kwadracie 0
sudoku.model.SudokuBoard@47ac613b[
  size=9
  solver=sudoku.model.BacktrackingSudokuSolver@60d6fdd4
  board={{2,4,5,6,7,8,1,9,3},{1,6,7,3,5,9,2,8,4},{8,3,9,1,2,4,5,6,7},{3,1,6,2,4,5,8,7,9},{4,8,2,9,3,7,6,5,1},{9,0,0,0,0,0,0,0,0},{0,0,0,0,0,0,0,0,0},{0,0,0,0,0,0,0,0,0},{0,0,0,0,0,0,0,0,0}}
]
15:41:40.236 [main] INFO sudoku.model.SudokuBoard - Wartość 0 wstawiona nieprawidłowo
15:41:40.236 [main] INFO sudoku.model.SudokuBoard - Bład w kwadracie 0
sudoku.model.SudokuBoard@47ac613b[
  size=9
  solver=sudoku.model.BacktrackingSudokuSolver@60d6fdd4
  board={{2,4,5,6,7,8,1,9,3},{1,6,7,3,5,9,2,8,4},{8,3,9,1,2,4,5,6,7},{3,1,6,2,4,5,8,7,9},{4,8,2,9,3,7,6,5,1},{0,0,0,0,0,0,0,0,0},{0,0,0,0,0,0,0,0,0},{0,0,0,0,0,0,0,0,0},{0,0,0,0,0,0,0,0,0}}
]
15:41:40.236 [main] INFO sudoku.model.SudokuBoard - Wartość 0 wstawiona nieprawidłowo
15:41:40.236 [main] INFO sudoku.model.SudokuBoard - Bład w kwadracie 0
sudoku.model.SudokuBoard@47ac613b[
  size=9
  solver=sudoku.model.BacktrackingSudokuSolver@60d6fdd4
  board={{2,4,5,6,7,8,1,9,3},{1,6,7,3,5,9,2,8,4},{8,3,9,1,2,4,5,6,7},{3,1,6,2,4,5,8,7,9},{4,8,2,9,3,7,6,5,0},{0,0,0,0,0,0,0,0,0},{0,0,0,0,0,0,0,0,0},{0,0,0,0,0,0,0,0,0},{0,0,0,0,0,0,0,0,0}}
]
15:41:40.236 [main] INFO sudoku.model.SudokuBoard - Wartość 0 wstawiona nieprawidłowo
15:41:40.236 [main] INFO sudoku.model.SudokuBoard - Bład w kwadracie 0
sudoku.model.SudokuBoard@47ac613b[
  size=9
  solver=sudoku.model.BacktrackingSudokuSolver@60d6fdd4
  board={{2,4,5,6,7,8,1,9,3},{1,6,7,3,5,9,2,8,4},{8,3,9,1,2,4,5,6,7},{3,1,6,2,4,5,8,7,9},{4,8,2,9,3,7,6,0,0},{0,0,0,0,0,0,0,0,0},{0,0,0,0,0,0,0,0,0},{0,0,0,0,0,0,0,0,0},{0,0,0,0,0,0,0,0,0}}
]
15:41:40.236 [main] INFO sudoku.model.SudokuBoard - Wartość 0 wstawiona nieprawidłowo
15:41:40.237 [main] INFO sudoku.model.SudokuBoard - Bład w kwadracie 0
sudoku.model.SudokuBoard@47ac613b[
  size=9
  solver=sudoku.model.BacktrackingSudokuSolver@60d6fdd4
  board={{2,4,5,6,7,8,1,9,3},{1,6,7,3,5,9,2,8,4},{8,3,9,1,2,4,5,6,7},{3,1,6,2,4,5,8,7,9},{4,8,2,9,3,7,0,0,0},{0,0,0,0,0,0,0,0,0},{0,0,0,0,0,0,0,0,0},{0,0,0,0,0,0,0,0,0},{0,0,0,0,0,0,0,0,0}}
]
15:41:40.237 [main] INFO sudoku.model.SudokuBoard - Wartość 0 wstawiona nieprawidłowo
15:41:40.237 [main] INFO sudoku.model.SudokuBoard - Bład w kwadracie 0
sudoku.model.SudokuBoard@47ac613b[
  size=9
  solver=sudoku.model.BacktrackingSudokuSolver@60d6fdd4
  board={{2,4,5,6,7,8,1,9,3},{1,6,7,3,5,9,2,8,4},{8,3,9,1,2,4,5,6,7},{3,1,6,2,4,5,8,7,9},{4,8,2,9,3,0,0,0,0},{0,0,0,0,0,0,0,0,0},{0,0,0,0,0,0,0,0,0},{0,0,0,0,0,0,0,0,0},{0,0,0,0,0,0,0,0,0}}
]
15:41:40.237 [main] INFO sudoku.model.SudokuBoard - Wartość 0 wstawiona nieprawidłowo
15:41:40.238 [main] INFO sudoku.model.SudokuBoard - Bład w kwadracie 0
sudoku.model.SudokuBoard@47ac613b[
  size=9
  solver=sudoku.model.BacktrackingSudokuSolver@60d6fdd4
  board={{2,4,5,6,7,8,1,9,3},{1,6,7,3,5,9,2,8,4},{8,3,9,1,2,4,5,6,7},{3,1,6,2,4,5,8,7,9},{4,8,2,9,3,1,6,0,0},{0,0,0,0,0,0,0,0,0},{0,0,0,0,0,0,0,0,0},{0,0,0,0,0,0,0,0,0},{0,0,0,0,0,0,0,0,0}}
]
15:41:40.238 [main] INFO sudoku.model.SudokuBoard - Wartość 0 wstawiona nieprawidłowo
15:41:40.238 [main] INFO sudoku.model.SudokuBoard - Bład w kwadracie 0
sudoku.model.SudokuBoard@47ac613b[
  size=9
  solver=sudoku.model.BacktrackingSudokuSolver@60d6fdd4
  board={{2,4,5,6,7,8,1,9,3},{1,6,7,3,5,9,2,8,4},{8,3,9,1,2,4,5,6,7},{3,1,6,2,4,5,8,7,9},{4,8,2,9,3,1,0,0,0},{0,0,0,0,0,0,0,0,0},{0,0,0,0,0,0,0,0,0},{0,0,0,0,0,0,0,0,0},{0,0,0,0,0,0,0,0,0}}
]
15:41:40.238 [main] INFO sudoku.model.SudokuBoard - Wartość 0 wstawiona nieprawidłowo
15:41:40.238 [main] INFO sudoku.model.SudokuBoard - Bład w kwadracie 0
sudoku.model.SudokuBoard@47ac613b[
  size=9
  solver=sudoku.model.BacktrackingSudokuSolver@60d6fdd4
  board={{2,4,5,6,7,8,1,9,3},{1,6,7,3,5,9,2,8,4},{8,3,9,1,2,4,5,6,7},{3,1,6,2,4,5,8,7,9},{4,8,2,9,3,0,0,0,0},{0,0,0,0,0,0,0,0,0},{0,0,0,0,0,0,0,0,0},{0,0,0,0,0,0,0,0,0},{0,0,0,0,0,0,0,0,0}}
]
15:41:40.238 [main] INFO sudoku.model.SudokuBoard - Wartość 0 wstawiona nieprawidłowo
15:41:40.239 [main] INFO sudoku.model.SudokuBoard - Bład w kwadracie 0
sudoku.model.SudokuBoard@47ac613b[
  size=9
  solver=sudoku.model.BacktrackingSudokuSolver@60d6fdd4
  board={{2,4,5,6,7,8,1,9,3},{1,6,7,3,5,9,2,8,4},{8,3,9,1,2,4,5,6,7},{3,1,6,2,4,5,8,7,9},{4,8,2,9,0,0,0,0,0},{0,0,0,0,0,0,0,0,0},{0,0,0,0,0,0,0,0,0},{0,0,0,0,0,0,0,0,0},{0,0,0,0,0,0,0,0,0}}
]
15:41:40.239 [main] INFO sudoku.model.SudokuBoard - Wartość 0 wstawiona nieprawidłowo
15:41:40.239 [main] INFO sudoku.model.SudokuBoard - Bład w kwadracie 0
sudoku.model.SudokuBoard@47ac613b[
  size=9
  solver=sudoku.model.BacktrackingSudokuSolver@60d6fdd4
  board={{2,4,5,6,7,8,1,9,3},{1,6,7,3,5,9,2,8,4},{8,3,9,1,2,4,5,6,7},{3,1,6,2,4,5,8,7,9},{4,8,2,9,6,1,3,0,0},{0,0,0,0,0,0,0,0,0},{0,0,0,0,0,0,0,0,0},{0,0,0,0,0,0,0,0,0},{0,0,0,0,0,0,0,0,0}}
]
15:41:40.239 [main] INFO sudoku.model.SudokuBoard - Wartość 0 wstawiona nieprawidłowo
15:41:40.239 [main] INFO sudoku.model.SudokuBoard - Bład w kwadracie 0
sudoku.model.SudokuBoard@47ac613b[
  size=9
  solver=sudoku.model.BacktrackingSudokuSolver@60d6fdd4
  board={{2,4,5,6,7,8,1,9,3},{1,6,7,3,5,9,2,8,4},{8,3,9,1,2,4,5,6,7},{3,1,6,2,4,5,8,7,9},{4,8,2,9,6,1,0,0,0},{0,0,0,0,0,0,0,0,0},{0,0,0,0,0,0,0,0,0},{0,0,0,0,0,0,0,0,0},{0,0,0,0,0,0,0,0,0}}
]
15:41:40.239 [main] INFO sudoku.model.SudokuBoard - Wartość 0 wstawiona nieprawidłowo
15:41:40.239 [main] INFO sudoku.model.SudokuBoard - Bład w kwadracie 0
sudoku.model.SudokuBoard@47ac613b[
  size=9
  solver=sudoku.model.BacktrackingSudokuSolver@60d6fdd4
  board={{2,4,5,6,7,8,1,9,3},{1,6,7,3,5,9,2,8,4},{8,3,9,1,2,4,5,6,7},{3,1,6,2,4,5,8,7,9},{4,8,2,9,6,0,0,0,0},{0,0,0,0,0,0,0,0,0},{0,0,0,0,0,0,0,0,0},{0,0,0,0,0,0,0,0,0},{0,0,0,0,0,0,0,0,0}}
]
15:41:40.239 [main] INFO sudoku.model.SudokuBoard - Wartość 0 wstawiona nieprawidłowo
15:41:40.239 [main] INFO sudoku.model.SudokuBoard - Bład w kwadracie 0
sudoku.model.SudokuBoard@47ac613b[
  size=9
  solver=sudoku.model.BacktrackingSudokuSolver@60d6fdd4
  board={{2,4,5,6,7,8,1,9,3},{1,6,7,3,5,9,2,8,4},{8,3,9,1,2,4,5,6,7},{3,1,6,2,4,5,8,7,9},{4,8,2,9,6,0,0,0,0},{0,0,0,0,0,0,0,0,0},{0,0,0,0,0,0,0,0,0},{0,0,0,0,0,0,0,0,0},{0,0,0,0,0,0,0,0,0}}
]
15:41:40.240 [main] INFO sudoku.model.SudokuBoard - Wartość 0 wstawiona nieprawidłowo
15:41:40.243 [main] INFO sudoku.model.SudokuBoard - Bład w kwadracie 0
sudoku.model.SudokuBoard@47ac613b[
  size=9
  solver=sudoku.model.BacktrackingSudokuSolver@60d6fdd4
  board={{2,4,5,6,7,8,1,9,3},{1,6,7,3,5,9,2,8,4},{8,3,9,1,2,4,5,6,7},{3,1,6,2,4,5,8,7,9},{4,8,2,9,6,7,3,1,5},{5,0,0,0,0,0,0,0,0},{0,0,0,0,0,0,0,0,0},{0,0,0,0,0,0,0,0,0},{0,0,0,0,0,0,0,0,0}}
]
15:41:40.243 [main] INFO sudoku.model.SudokuBoard - Wartość 0 wstawiona nieprawidłowo
15:41:40.243 [main] INFO sudoku.model.SudokuBoard - Bład w kwadracie 0
sudoku.model.SudokuBoard@47ac613b[
  size=9
  solver=sudoku.model.BacktrackingSudokuSolver@60d6fdd4
  board={{2,4,5,6,7,8,1,9,3},{1,6,7,3,5,9,2,8,4},{8,3,9,1,2,4,5,6,7},{3,1,6,2,4,5,8,7,9},{4,8,2,9,6,7,3,1,5},{5,0,0,0,0,0,0,0,0},{0,0,0,0,0,0,0,0,0},{0,0,0,0,0,0,0,0,0},{0,0,0,0,0,0,0,0,0}}
]
15:41:40.243 [main] INFO sudoku.model.SudokuBoard - Wartość 0 wstawiona nieprawidłowo
15:41:40.243 [main] INFO sudoku.model.SudokuBoard - Bład w kwadracie 0
sudoku.model.SudokuBoard@47ac613b[
  size=9
  solver=sudoku.model.BacktrackingSudokuSolver@60d6fdd4
  board={{2,4,5,6,7,8,1,9,3},{1,6,7,3,5,9,2,8,4},{8,3,9,1,2,4,5,6,7},{3,1,6,2,4,5,8,7,9},{4,8,2,9,6,7,3,1,5},{0,0,0,0,0,0,0,0,0},{0,0,0,0,0,0,0,0,0},{0,0,0,0,0,0,0,0,0},{0,0,0,0,0,0,0,0,0}}
]
15:41:40.244 [main] INFO sudoku.model.SudokuBoard - Wartość 0 wstawiona nieprawidłowo
15:41:40.244 [main] INFO sudoku.model.SudokuBoard - Bład w kwadracie 0
sudoku.model.SudokuBoard@47ac613b[
  size=9
  solver=sudoku.model.BacktrackingSudokuSolver@60d6fdd4
  board={{2,4,5,6,7,8,1,9,3},{1,6,7,3,5,9,2,8,4},{8,3,9,1,2,4,5,6,7},{3,1,6,2,4,5,8,7,9},{4,8,2,9,6,7,3,1,5},{7,0,0,0,0,0,0,0,0},{0,0,0,0,0,0,0,0,0},{0,0,0,0,0,0,0,0,0},{0,0,0,0,0,0,0,0,0}}
]
15:41:40.244 [main] INFO sudoku.model.SudokuBoard - Wartość 0 wstawiona nieprawidłowo
15:41:40.245 [main] INFO sudoku.model.SudokuBoard - Bład w kwadracie 0
sudoku.model.SudokuBoard@47ac613b[
  size=9
  solver=sudoku.model.BacktrackingSudokuSolver@60d6fdd4
  board={{2,4,5,6,7,8,1,9,3},{1,6,7,3,5,9,2,8,4},{8,3,9,1,2,4,5,6,7},{3,1,6,2,4,5,8,7,9},{4,8,2,9,6,7,3,1,5},{7,0,0,0,0,0,0,0,0},{0,0,0,0,0,0,0,0,0},{0,0,0,0,0,0,0,0,0},{0,0,0,0,0,0,0,0,0}}
]
15:41:40.246 [main] INFO sudoku.model.SudokuBoard - Wartość 0 wstawiona nieprawidłowo
15:41:40.246 [main] INFO sudoku.model.SudokuBoard - Bład w kwadracie 0
sudoku.model.SudokuBoard@47ac613b[
  size=9
  solver=sudoku.model.BacktrackingSudokuSolver@60d6fdd4
  board={{2,4,5,6,7,8,1,9,3},{1,6,7,3,5,9,2,8,4},{8,3,9,1,2,4,5,6,7},{3,1,6,2,4,5,8,7,9},{4,8,2,9,6,7,3,1,5},{0,0,0,0,0,0,0,0,0},{0,0,0,0,0,0,0,0,0},{0,0,0,0,0,0,0,0,0},{0,0,0,0,0,0,0,0,0}}
]
15:41:40.246 [main] INFO sudoku.model.SudokuBoard - Wartość 0 wstawiona nieprawidłowo
15:41:40.246 [main] INFO sudoku.model.SudokuBoard - Bład w kwadracie 0
sudoku.model.SudokuBoard@47ac613b[
  size=9
  solver=sudoku.model.BacktrackingSudokuSolver@60d6fdd4
  board={{2,4,5,6,7,8,1,9,3},{1,6,7,3,5,9,2,8,4},{8,3,9,1,2,4,5,6,7},{3,1,6,2,4,5,8,7,9},{4,8,2,9,6,7,3,1,5},{9,0,0,0,0,0,0,0,0},{0,0,0,0,0,0,0,0,0},{0,0,0,0,0,0,0,0,0},{0,0,0,0,0,0,0,0,0}}
]
15:41:40.246 [main] INFO sudoku.model.SudokuBoard - Wartość 0 wstawiona nieprawidłowo
15:41:40.246 [main] INFO sudoku.model.SudokuBoard - Bład w kwadracie 0
sudoku.model.SudokuBoard@47ac613b[
  size=9
  solver=sudoku.model.BacktrackingSudokuSolver@60d6fdd4
  board={{2,4,5,6,7,8,1,9,3},{1,6,7,3,5,9,2,8,4},{8,3,9,1,2,4,5,6,7},{3,1,6,2,4,5,8,7,9},{4,8,2,9,6,7,3,1,5},{9,0,0,0,0,0,0,0,0},{0,0,0,0,0,0,0,0,0},{0,0,0,0,0,0,0,0,0},{0,0,0,0,0,0,0,0,0}}
]
15:41:40.246 [main] INFO sudoku.model.SudokuBoard - Wartość 0 wstawiona nieprawidłowo
15:41:40.247 [main] INFO sudoku.model.SudokuBoard - Bład w kwadracie 0
sudoku.model.SudokuBoard@47ac613b[
  size=9
  solver=sudoku.model.BacktrackingSudokuSolver@60d6fdd4
  board={{2,4,5,6,7,8,1,9,3},{1,6,7,3,5,9,2,8,4},{8,3,9,1,2,4,5,6,7},{3,1,6,2,4,5,8,7,9},{4,8,2,9,6,7,3,1,5},{0,0,0,0,0,0,0,0,0},{0,0,0,0,0,0,0,0,0},{0,0,0,0,0,0,0,0,0},{0,0,0,0,0,0,0,0,0}}
]
15:41:40.247 [main] INFO sudoku.model.SudokuBoard - Wartość 0 wstawiona nieprawidłowo
15:41:40.247 [main] INFO sudoku.model.SudokuBoard - Bład w kwadracie 0
sudoku.model.SudokuBoard@47ac613b[
  size=9
  solver=sudoku.model.BacktrackingSudokuSolver@60d6fdd4
  board={{2,4,5,6,7,8,1,9,3},{1,6,7,3,5,9,2,8,4},{8,3,9,1,2,4,5,6,7},{3,1,6,2,4,5,8,7,9},{4,8,2,9,6,7,3,1,0},{0,0,0,0,0,0,0,0,0},{0,0,0,0,0,0,0,0,0},{0,0,0,0,0,0,0,0,0},{0,0,0,0,0,0,0,0,0}}
]
15:41:40.247 [main] INFO sudoku.model.SudokuBoard - Wartość 0 wstawiona nieprawidłowo
15:41:40.247 [main] INFO sudoku.model.SudokuBoard - Bład w kwadracie 0
sudoku.model.SudokuBoard@47ac613b[
  size=9
  solver=sudoku.model.BacktrackingSudokuSolver@60d6fdd4
  board={{2,4,5,6,7,8,1,9,3},{1,6,7,3,5,9,2,8,4},{8,3,9,1,2,4,5,6,7},{3,1,6,2,4,5,8,7,9},{4,8,2,9,6,7,3,0,0},{0,0,0,0,0,0,0,0,0},{0,0,0,0,0,0,0,0,0},{0,0,0,0,0,0,0,0,0},{0,0,0,0,0,0,0,0,0}}
]
15:41:40.247 [main] INFO sudoku.model.SudokuBoard - Wartość 0 wstawiona nieprawidłowo
15:41:40.247 [main] INFO sudoku.model.SudokuBoard - Bład w kwadracie 0
sudoku.model.SudokuBoard@47ac613b[
  size=9
  solver=sudoku.model.BacktrackingSudokuSolver@60d6fdd4
  board={{2,4,5,6,7,8,1,9,3},{1,6,7,3,5,9,2,8,4},{8,3,9,1,2,4,5,6,7},{3,1,6,2,4,5,8,7,9},{4,8,2,9,6,7,3,5,1},{7,0,0,0,0,0,0,0,0},{0,0,0,0,0,0,0,0,0},{0,0,0,0,0,0,0,0,0},{0,0,0,0,0,0,0,0,0}}
]
15:41:40.247 [main] INFO sudoku.model.SudokuBoard - Wartość 0 wstawiona nieprawidłowo
15:41:40.249 [main] INFO sudoku.model.SudokuBoard - Bład w kwadracie 0
sudoku.model.SudokuBoard@47ac613b[
  size=9
  solver=sudoku.model.BacktrackingSudokuSolver@60d6fdd4
  board={{2,4,5,6,7,8,1,9,3},{1,6,7,3,5,9,2,8,4},{8,3,9,1,2,4,5,6,7},{3,1,6,2,4,5,8,7,9},{4,8,2,9,6,7,3,5,1},{7,0,0,0,0,0,0,0,0},{0,0,0,0,0,0,0,0,0},{0,0,0,0,0,0,0,0,0},{0,0,0,0,0,0,0,0,0}}
]
15:41:40.249 [main] INFO sudoku.model.SudokuBoard - Wartość 0 wstawiona nieprawidłowo
15:41:40.250 [main] INFO sudoku.model.SudokuBoard - Bład w kwadracie 0
sudoku.model.SudokuBoard@47ac613b[
  size=9
  solver=sudoku.model.BacktrackingSudokuSolver@60d6fdd4
  board={{2,4,5,6,7,8,1,9,3},{1,6,7,3,5,9,2,8,4},{8,3,9,1,2,4,5,6,7},{3,1,6,2,4,5,8,7,9},{4,8,2,9,6,7,3,5,1},{0,0,0,0,0,0,0,0,0},{0,0,0,0,0,0,0,0,0},{0,0,0,0,0,0,0,0,0},{0,0,0,0,0,0,0,0,0}}
]
15:41:40.250 [main] INFO sudoku.model.SudokuBoard - Wartość 0 wstawiona nieprawidłowo
15:41:40.250 [main] INFO sudoku.model.SudokuBoard - Bład w kwadracie 0
sudoku.model.SudokuBoard@47ac613b[
  size=9
  solver=sudoku.model.BacktrackingSudokuSolver@60d6fdd4
  board={{2,4,5,6,7,8,1,9,3},{1,6,7,3,5,9,2,8,4},{8,3,9,1,2,4,5,6,7},{3,1,6,2,4,5,8,7,9},{4,8,2,9,6,7,3,5,1},{9,0,0,0,0,0,0,0,0},{0,0,0,0,0,0,0,0,0},{0,0,0,0,0,0,0,0,0},{0,0,0,0,0,0,0,0,0}}
]
15:41:40.250 [main] INFO sudoku.model.SudokuBoard - Wartość 0 wstawiona nieprawidłowo
15:41:40.250 [main] INFO sudoku.model.SudokuBoard - Bład w kwadracie 0
sudoku.model.SudokuBoard@47ac613b[
  size=9
  solver=sudoku.model.BacktrackingSudokuSolver@60d6fdd4
  board={{2,4,5,6,7,8,1,9,3},{1,6,7,3,5,9,2,8,4},{8,3,9,1,2,4,5,6,7},{3,1,6,2,4,5,8,7,9},{4,8,2,9,6,7,3,5,1},{9,0,0,0,0,0,0,0,0},{0,0,0,0,0,0,0,0,0},{0,0,0,0,0,0,0,0,0},{0,0,0,0,0,0,0,0,0}}
]
15:41:40.264 [main] INFO sudoku.model.SudokuBoard - Wartość 0 wstawiona nieprawidłowo
15:41:40.264 [main] INFO sudoku.model.SudokuBoard - Bład w kwadracie 0
sudoku.model.SudokuBoard@47ac613b[
  size=9
  solver=sudoku.model.BacktrackingSudokuSolver@60d6fdd4
  board={{2,4,5,6,7,8,1,9,3},{1,6,7,3,5,9,2,8,4},{8,3,9,1,2,4,5,6,7},{3,1,6,2,4,5,8,7,9},{4,8,2,9,6,7,3,5,1},{0,0,0,0,0,0,0,0,0},{0,0,0,0,0,0,0,0,0},{0,0,0,0,0,0,0,0,0},{0,0,0,0,0,0,0,0,0}}
]
15:41:40.264 [main] INFO sudoku.model.SudokuBoard - Wartość 0 wstawiona nieprawidłowo
15:41:40.265 [main] INFO sudoku.model.SudokuBoard - Bład w kwadracie 0
sudoku.model.SudokuBoard@47ac613b[
  size=9
  solver=sudoku.model.BacktrackingSudokuSolver@60d6fdd4
  board={{2,4,5,6,7,8,1,9,3},{1,6,7,3,5,9,2,8,4},{8,3,9,1,2,4,5,6,7},{3,1,6,2,4,5,8,7,9},{4,8,2,9,6,7,3,5,1},{5,0,0,0,0,0,0,0,0},{0,0,0,0,0,0,0,0,0},{0,0,0,0,0,0,0,0,0},{0,0,0,0,0,0,0,0,0}}
]
15:41:40.265 [main] INFO sudoku.model.SudokuBoard - Wartość 0 wstawiona nieprawidłowo
15:41:40.265 [main] INFO sudoku.model.SudokuBoard - Bład w kwadracie 0
sudoku.model.SudokuBoard@47ac613b[
  size=9
  solver=sudoku.model.BacktrackingSudokuSolver@60d6fdd4
  board={{2,4,5,6,7,8,1,9,3},{1,6,7,3,5,9,2,8,4},{8,3,9,1,2,4,5,6,7},{3,1,6,2,4,5,8,7,9},{4,8,2,9,6,7,3,5,1},{5,0,0,0,0,0,0,0,0},{0,0,0,0,0,0,0,0,0},{0,0,0,0,0,0,0,0,0},{0,0,0,0,0,0,0,0,0}}
]
15:41:40.265 [main] INFO sudoku.model.SudokuBoard - Wartość 0 wstawiona nieprawidłowo
15:41:40.265 [main] INFO sudoku.model.SudokuBoard - Bład w kwadracie 0
sudoku.model.SudokuBoard@47ac613b[
  size=9
  solver=sudoku.model.BacktrackingSudokuSolver@60d6fdd4
  board={{2,4,5,6,7,8,1,9,3},{1,6,7,3,5,9,2,8,4},{8,3,9,1,2,4,5,6,7},{3,1,6,2,4,5,8,7,9},{4,8,2,9,6,7,3,5,1},{0,0,0,0,0,0,0,0,0},{0,0,0,0,0,0,0,0,0},{0,0,0,0,0,0,0,0,0},{0,0,0,0,0,0,0,0,0}}
]
15:41:40.266 [main] INFO sudoku.model.SudokuBoard - Wartość 0 wstawiona nieprawidłowo
15:41:40.266 [main] INFO sudoku.model.SudokuBoard - Bład w kwadracie 0
sudoku.model.SudokuBoard@47ac613b[
  size=9
  solver=sudoku.model.BacktrackingSudokuSolver@60d6fdd4
  board={{2,4,5,6,7,8,1,9,3},{1,6,7,3,5,9,2,8,4},{8,3,9,1,2,4,5,6,7},{3,1,6,2,4,5,8,7,9},{4,8,2,9,6,7,3,5,0},{0,0,0,0,0,0,0,0,0},{0,0,0,0,0,0,0,0,0},{0,0,0,0,0,0,0,0,0},{0,0,0,0,0,0,0,0,0}}
]
15:41:40.266 [main] INFO sudoku.model.SudokuBoard - Wartość 0 wstawiona nieprawidłowo
15:41:40.266 [main] INFO sudoku.model.SudokuBoard - Bład w kwadracie 0
sudoku.model.SudokuBoard@47ac613b[
  size=9
  solver=sudoku.model.BacktrackingSudokuSolver@60d6fdd4
  board={{2,4,5,6,7,8,1,9,3},{1,6,7,3,5,9,2,8,4},{8,3,9,1,2,4,5,6,7},{3,1,6,2,4,5,8,7,9},{4,8,2,9,6,7,3,0,0},{0,0,0,0,0,0,0,0,0},{0,0,0,0,0,0,0,0,0},{0,0,0,0,0,0,0,0,0},{0,0,0,0,0,0,0,0,0}}
]
15:41:40.266 [main] INFO sudoku.model.SudokuBoard - Wartość 0 wstawiona nieprawidłowo
15:41:40.267 [main] INFO sudoku.model.SudokuBoard - Bład w kwadracie 0
sudoku.model.SudokuBoard@47ac613b[
  size=9
  solver=sudoku.model.BacktrackingSudokuSolver@60d6fdd4
  board={{2,4,5,6,7,8,1,9,3},{1,6,7,3,5,9,2,8,4},{8,3,9,1,2,4,5,6,7},{3,1,6,2,4,5,8,7,9},{4,8,2,9,6,7,0,0,0},{0,0,0,0,0,0,0,0,0},{0,0,0,0,0,0,0,0,0},{0,0,0,0,0,0,0,0,0},{0,0,0,0,0,0,0,0,0}}
]
15:41:40.267 [main] INFO sudoku.model.SudokuBoard - Wartość 0 wstawiona nieprawidłowo
15:41:40.267 [main] INFO sudoku.model.SudokuBoard - Bład w kwadracie 0
sudoku.model.SudokuBoard@47ac613b[
  size=9
  solver=sudoku.model.BacktrackingSudokuSolver@60d6fdd4
  board={{2,4,5,6,7,8,1,9,3},{1,6,7,3,5,9,2,8,4},{8,3,9,1,2,4,5,6,7},{3,1,6,2,4,5,8,7,9},{4,8,2,9,6,0,0,0,0},{0,0,0,0,0,0,0,0,0},{0,0,0,0,0,0,0,0,0},{0,0,0,0,0,0,0,0,0},{0,0,0,0,0,0,0,0,0}}
]
15:41:40.267 [main] INFO sudoku.model.SudokuBoard - Wartość 0 wstawiona nieprawidłowo
15:41:40.267 [main] INFO sudoku.model.SudokuBoard - Bład w kwadracie 0
sudoku.model.SudokuBoard@47ac613b[
  size=9
  solver=sudoku.model.BacktrackingSudokuSolver@60d6fdd4
  board={{2,4,5,6,7,8,1,9,3},{1,6,7,3,5,9,2,8,4},{8,3,9,1,2,4,5,6,7},{3,1,6,2,4,5,8,7,9},{4,8,2,9,0,0,0,0,0},{0,0,0,0,0,0,0,0,0},{0,0,0,0,0,0,0,0,0},{0,0,0,0,0,0,0,0,0},{0,0,0,0,0,0,0,0,0}}
]
15:41:40.267 [main] INFO sudoku.model.SudokuBoard - Wartość 0 wstawiona nieprawidłowo
15:41:40.267 [main] INFO sudoku.model.SudokuBoard - Bład w kwadracie 0
sudoku.model.SudokuBoard@47ac613b[
  size=9
  solver=sudoku.model.BacktrackingSudokuSolver@60d6fdd4
  board={{2,4,5,6,7,8,1,9,3},{1,6,7,3,5,9,2,8,4},{8,3,9,1,2,4,5,6,7},{3,1,6,2,4,5,8,7,9},{4,8,2,0,0,0,0,0,0},{0,0,0,0,0,0,0,0,0},{0,0,0,0,0,0,0,0,0},{0,0,0,0,0,0,0,0,0},{0,0,0,0,0,0,0,0,0}}
]
15:41:40.267 [main] INFO sudoku.model.SudokuBoard - Wartość 0 wstawiona nieprawidłowo
15:41:40.267 [main] INFO sudoku.model.SudokuBoard - Bład w kwadracie 0
sudoku.model.SudokuBoard@47ac613b[
  size=9
  solver=sudoku.model.BacktrackingSudokuSolver@60d6fdd4
  board={{2,4,5,6,7,8,1,9,3},{1,6,7,3,5,9,2,8,4},{8,3,9,1,2,4,5,6,7},{3,1,6,2,4,5,8,7,9},{4,8,0,0,0,0,0,0,0},{0,0,0,0,0,0,0,0,0},{0,0,0,0,0,0,0,0,0},{0,0,0,0,0,0,0,0,0},{0,0,0,0,0,0,0,0,0}}
]
15:41:40.267 [main] INFO sudoku.model.SudokuBoard - Wartość 0 wstawiona nieprawidłowo
15:41:40.269 [main] INFO sudoku.model.SudokuBoard - Bład w kwadracie 0
sudoku.model.SudokuBoard@47ac613b[
  size=9
  solver=sudoku.model.BacktrackingSudokuSolver@60d6fdd4
  board={{2,4,5,6,7,8,1,9,3},{1,6,7,3,5,9,2,8,4},{8,3,9,1,2,4,5,6,7},{3,1,6,2,4,5,8,7,9},{4,0,0,0,0,0,0,0,0},{0,0,0,0,0,0,0,0,0},{0,0,0,0,0,0,0,0,0},{0,0,0,0,0,0,0,0,0},{0,0,0,0,0,0,0,0,0}}
]
15:41:40.269 [main] INFO sudoku.model.SudokuBoard - Wartość 0 wstawiona nieprawidłowo
15:41:40.269 [main] INFO sudoku.model.SudokuBoard - Bład w kwadracie 0
sudoku.model.SudokuBoard@47ac613b[
  size=9
  solver=sudoku.model.BacktrackingSudokuSolver@60d6fdd4
  board={{2,4,5,6,7,8,1,9,3},{1,6,7,3,5,9,2,8,4},{8,3,9,1,2,4,5,6,7},{3,1,6,2,4,5,8,7,9},{4,9,2,7,6,0,0,0,0},{0,0,0,0,0,0,0,0,0},{0,0,0,0,0,0,0,0,0},{0,0,0,0,0,0,0,0,0},{0,0,0,0,0,0,0,0,0}}
]
15:41:40.269 [main] INFO sudoku.model.SudokuBoard - Wartość 0 wstawiona nieprawidłowo
15:41:40.269 [main] INFO sudoku.model.SudokuBoard - Bład w kwadracie 0
sudoku.model.SudokuBoard@47ac613b[
  size=9
  solver=sudoku.model.BacktrackingSudokuSolver@60d6fdd4
  board={{2,4,5,6,7,8,1,9,3},{1,6,7,3,5,9,2,8,4},{8,3,9,1,2,4,5,6,7},{3,1,6,2,4,5,8,7,9},{4,9,2,7,6,1,3,0,0},{0,0,0,0,0,0,0,0,0},{0,0,0,0,0,0,0,0,0},{0,0,0,0,0,0,0,0,0},{0,0,0,0,0,0,0,0,0}}
]
15:41:40.269 [main] INFO sudoku.model.SudokuBoard - Wartość 0 wstawiona nieprawidłowo
15:41:40.269 [main] INFO sudoku.model.SudokuBoard - Bład w kwadracie 0
sudoku.model.SudokuBoard@47ac613b[
  size=9
  solver=sudoku.model.BacktrackingSudokuSolver@60d6fdd4
  board={{2,4,5,6,7,8,1,9,3},{1,6,7,3,5,9,2,8,4},{8,3,9,1,2,4,5,6,7},{3,1,6,2,4,5,8,7,9},{4,9,2,7,6,1,0,0,0},{0,0,0,0,0,0,0,0,0},{0,0,0,0,0,0,0,0,0},{0,0,0,0,0,0,0,0,0},{0,0,0,0,0,0,0,0,0}}
]
15:41:40.269 [main] INFO sudoku.model.SudokuBoard - Wartość 0 wstawiona nieprawidłowo
15:41:40.276 [main] INFO sudoku.model.SudokuBoard - Bład w kwadracie 0
sudoku.model.SudokuBoard@47ac613b[
  size=9
  solver=sudoku.model.BacktrackingSudokuSolver@60d6fdd4
  board={{2,4,5,6,7,8,1,9,3},{1,6,7,3,5,9,2,8,4},{8,3,9,1,2,4,5,6,7},{3,1,6,2,4,5,8,7,9},{4,9,2,7,6,0,0,0,0},{0,0,0,0,0,0,0,0,0},{0,0,0,0,0,0,0,0,0},{0,0,0,0,0,0,0,0,0},{0,0,0,0,0,0,0,0,0}}
]
15:41:40.281 [main] INFO sudoku.model.SudokuBoard - Wartość 0 wstawiona nieprawidłowo
15:41:40.284 [main] INFO sudoku.model.SudokuBoard - Bład w kwadracie 0
sudoku.model.SudokuBoard@47ac613b[
  size=9
  solver=sudoku.model.BacktrackingSudokuSolver@60d6fdd4
  board={{2,4,5,6,7,8,1,9,3},{1,6,7,3,5,9,2,8,4},{8,3,9,1,2,4,5,6,7},{3,1,6,2,4,5,8,7,9},{4,9,2,7,0,0,0,0,0},{0,0,0,0,0,0,0,0,0},{0,0,0,0,0,0,0,0,0},{0,0,0,0,0,0,0,0,0},{0,0,0,0,0,0,0,0,0}}
]
15:41:40.285 [main] INFO sudoku.model.SudokuBoard - Wartość 0 wstawiona nieprawidłowo
15:41:40.286 [main] INFO sudoku.model.SudokuBoard - Bład w kwadracie 0
sudoku.model.SudokuBoard@47ac613b[
  size=9
  solver=sudoku.model.BacktrackingSudokuSolver@60d6fdd4
  board={{2,4,5,6,7,8,1,9,3},{1,6,7,3,5,9,2,8,4},{8,3,9,1,2,4,5,6,7},{3,1,6,2,4,5,8,7,9},{4,9,2,7,8,1,3,5,6},{7,0,0,0,0,0,0,0,0},{0,0,0,0,0,0,0,0,0},{0,0,0,0,0,0,0,0,0},{0,0,0,0,0,0,0,0,0}}
]
15:41:40.286 [main] INFO sudoku.model.SudokuBoard - Wartość 0 wstawiona nieprawidłowo
15:41:40.286 [main] INFO sudoku.model.SudokuBoard - Bład w kwadracie 0
sudoku.model.SudokuBoard@47ac613b[
  size=9
  solver=sudoku.model.BacktrackingSudokuSolver@60d6fdd4
  board={{2,4,5,6,7,8,1,9,3},{1,6,7,3,5,9,2,8,4},{8,3,9,1,2,4,5,6,7},{3,1,6,2,4,5,8,7,9},{4,9,2,7,8,1,3,5,6},{7,5,8,9,3,6,4,1,2},{5,2,1,4,6,7,9,3,8},{6,7,3,5,1,0,0,0,0},{0,0,0,0,0,0,0,0,0}}
]
15:41:40.286 [main] INFO sudoku.model.SudokuBoard - Wartość 0 wstawiona nieprawidłowo
15:41:40.286 [main] INFO sudoku.model.SudokuBoard - Bład w kwadracie 0
sudoku.model.SudokuBoard@47ac613b[
  size=9
  solver=sudoku.model.BacktrackingSudokuSolver@60d6fdd4
  board={{2,4,5,6,7,8,1,9,3},{1,6,7,3,5,9,2,8,4},{8,3,9,1,2,4,5,6,7},{3,1,6,2,4,5,8,7,9},{4,9,2,7,8,1,3,5,6},{7,5,8,9,3,6,4,1,2},{5,2,1,4,6,7,9,3,8},{6,7,3,5,0,0,0,0,0},{0,0,0,0,0,0,0,0,0}}
]
15:41:40.286 [main] INFO sudoku.model.SudokuBoard - Wartość 0 wstawiona nieprawidłowo
15:41:40.286 [main] INFO sudoku.model.SudokuBoard - Bład w kwadracie 0
sudoku.model.SudokuBoard@47ac613b[
  size=9
  solver=sudoku.model.BacktrackingSudokuSolver@60d6fdd4
  board={{2,4,5,6,7,8,1,9,3},{1,6,7,3,5,9,2,8,4},{8,3,9,1,2,4,5,6,7},{3,1,6,2,4,5,8,7,9},{4,9,2,7,8,1,3,5,6},{7,5,8,9,3,6,4,1,2},{5,2,1,4,6,7,9,3,8},{6,7,3,5,9,0,0,0,0},{0,0,0,0,0,0,0,0,0}}
]
15:41:40.286 [main] INFO sudoku.model.SudokuBoard - Wartość 0 wstawiona nieprawidłowo
15:41:40.286 [main] INFO sudoku.model.SudokuBoard - Bład w kwadracie 0
sudoku.model.SudokuBoard@47ac613b[
  size=9
  solver=sudoku.model.BacktrackingSudokuSolver@60d6fdd4
  board={{2,4,5,6,7,8,1,9,3},{1,6,7,3,5,9,2,8,4},{8,3,9,1,2,4,5,6,7},{3,1,6,2,4,5,8,7,9},{4,9,2,7,8,1,3,5,6},{7,5,8,9,3,6,4,1,2},{5,2,1,4,6,7,9,3,8},{6,7,3,5,0,0,0,0,0},{0,0,0,0,0,0,0,0,0}}
]
15:41:40.286 [main] INFO sudoku.model.SudokuBoard - Wartość 0 wstawiona nieprawidłowo
15:41:40.287 [main] INFO sudoku.model.SudokuBoard - Bład w kwadracie 0
sudoku.model.SudokuBoard@47ac613b[
  size=9
  solver=sudoku.model.BacktrackingSudokuSolver@60d6fdd4
  board={{2,4,5,6,7,8,1,9,3},{1,6,7,3,5,9,2,8,4},{8,3,9,1,2,4,5,6,7},{3,1,6,2,4,5,8,7,9},{4,9,2,7,8,1,3,5,6},{7,5,8,9,3,6,4,1,2},{5,2,1,4,6,7,9,3,8},{6,7,3,0,0,0,0,0,0},{0,0,0,0,0,0,0,0,0}}
]
15:41:40.287 [main] INFO sudoku.model.SudokuBoard - Wartość 0 wstawiona nieprawidłowo
15:41:40.287 [main] INFO sudoku.model.SudokuBoard - Bład w kwadracie 0
sudoku.model.SudokuBoard@47ac613b[
  size=9
  solver=sudoku.model.BacktrackingSudokuSolver@60d6fdd4
  board={{2,4,5,6,7,8,1,9,3},{1,6,7,3,5,9,2,8,4},{8,3,9,1,2,4,5,6,7},{3,1,6,2,4,5,8,7,9},{4,9,2,7,8,1,3,5,6},{7,5,8,9,3,6,4,1,2},{5,2,1,4,6,7,9,3,8},{6,7,3,8,9,0,0,0,0},{0,0,0,0,0,0,0,0,0}}
]
15:41:40.287 [main] INFO sudoku.model.SudokuBoard - Wartość 0 wstawiona nieprawidłowo
15:41:40.287 [main] INFO sudoku.model.SudokuBoard - Bład w kwadracie 0
sudoku.model.SudokuBoard@47ac613b[
  size=9
  solver=sudoku.model.BacktrackingSudokuSolver@60d6fdd4
  board={{2,4,5,6,7,8,1,9,3},{1,6,7,3,5,9,2,8,4},{8,3,9,1,2,4,5,6,7},{3,1,6,2,4,5,8,7,9},{4,9,2,7,8,1,3,5,6},{7,5,8,9,3,6,4,1,2},{5,2,1,4,6,7,9,3,8},{6,7,3,8,0,0,0,0,0},{0,0,0,0,0,0,0,0,0}}
]
15:41:40.287 [main] INFO sudoku.model.SudokuBoard - Wartość 0 wstawiona nieprawidłowo
15:41:40.287 [main] INFO sudoku.model.SudokuBoard - Bład w kwadracie 0
sudoku.model.SudokuBoard@47ac613b[
  size=9
  solver=sudoku.model.BacktrackingSudokuSolver@60d6fdd4
  board={{2,4,5,6,7,8,1,9,3},{1,6,7,3,5,9,2,8,4},{8,3,9,1,2,4,5,6,7},{3,1,6,2,4,5,8,7,9},{4,9,2,7,8,1,3,5,6},{7,5,8,9,3,6,4,1,2},{5,2,1,4,6,7,9,3,8},{6,7,3,8,1,0,0,0,0},{0,0,0,0,0,0,0,0,0}}
]
15:41:40.287 [main] INFO sudoku.model.SudokuBoard - Wartość 0 wstawiona nieprawidłowo
15:41:40.287 [main] INFO sudoku.model.SudokuBoard - Bład w kwadracie 0
sudoku.model.SudokuBoard@47ac613b[
  size=9
  solver=sudoku.model.BacktrackingSudokuSolver@60d6fdd4
  board={{2,4,5,6,7,8,1,9,3},{1,6,7,3,5,9,2,8,4},{8,3,9,1,2,4,5,6,7},{3,1,6,2,4,5,8,7,9},{4,9,2,7,8,1,3,5,6},{7,5,8,9,3,6,4,1,2},{5,2,1,4,6,7,9,3,8},{6,7,3,8,0,0,0,0,0},{0,0,0,0,0,0,0,0,0}}
]
15:41:40.287 [main] INFO sudoku.model.SudokuBoard - Wartość 0 wstawiona nieprawidłowo
15:41:40.287 [main] INFO sudoku.model.SudokuBoard - Bład w kwadracie 0
sudoku.model.SudokuBoard@47ac613b[
  size=9
  solver=sudoku.model.BacktrackingSudokuSolver@60d6fdd4
  board={{2,4,5,6,7,8,1,9,3},{1,6,7,3,5,9,2,8,4},{8,3,9,1,2,4,5,6,7},{3,1,6,2,4,5,8,7,9},{4,9,2,7,8,1,3,5,6},{7,5,8,9,3,6,4,1,2},{5,2,1,4,6,7,9,3,8},{6,7,3,0,0,0,0,0,0},{0,0,0,0,0,0,0,0,0}}
]
15:41:40.287 [main] INFO sudoku.model.SudokuBoard - Wartość 0 wstawiona nieprawidłowo
15:41:40.289 [main] INFO sudoku.model.SudokuBoard - Bład w kwadracie 0
sudoku.model.SudokuBoard@47ac613b[
  size=9
  solver=sudoku.model.BacktrackingSudokuSolver@60d6fdd4
  board={{2,4,5,6,7,8,1,9,3},{1,6,7,3,5,9,2,8,4},{8,3,9,1,2,4,5,6,7},{3,1,6,2,4,5,8,7,9},{4,9,2,7,8,1,3,5,6},{7,5,8,9,3,6,4,1,2},{5,2,1,4,6,7,9,3,8},{6,7,0,0,0,0,0,0,0},{0,0,0,0,0,0,0,0,0}}
]
15:41:40.289 [main] INFO sudoku.model.SudokuBoard - Wartość 0 wstawiona nieprawidłowo
15:41:40.289 [main] INFO sudoku.model.SudokuBoard - Bład w kwadracie 0
sudoku.model.SudokuBoard@47ac613b[
  size=9
  solver=sudoku.model.BacktrackingSudokuSolver@60d6fdd4
  board={{2,4,5,6,7,8,1,9,3},{1,6,7,3,5,9,2,8,4},{8,3,9,1,2,4,5,6,7},{3,1,6,2,4,5,8,7,9},{4,9,2,7,8,1,3,5,6},{7,5,8,9,3,6,4,1,2},{5,2,1,4,6,7,9,3,8},{6,7,4,5,9,0,0,0,0},{0,0,0,0,0,0,0,0,0}}
]
15:41:40.289 [main] INFO sudoku.model.SudokuBoard - Wartość 0 wstawiona nieprawidłowo
15:41:40.289 [main] INFO sudoku.model.SudokuBoard - Bład w kwadracie 0
sudoku.model.SudokuBoard@47ac613b[
  size=9
  solver=sudoku.model.BacktrackingSudokuSolver@60d6fdd4
  board={{2,4,5,6,7,8,1,9,3},{1,6,7,3,5,9,2,8,4},{8,3,9,1,2,4,5,6,7},{3,1,6,2,4,5,8,7,9},{4,9,2,7,8,1,3,5,6},{7,5,8,9,3,6,4,1,2},{5,2,1,4,6,7,9,3,8},{6,7,4,5,9,0,0,0,0},{0,0,0,0,0,0,0,0,0}}
]
15:41:40.289 [main] INFO sudoku.model.SudokuBoard - Wartość 0 wstawiona nieprawidłowo
15:41:40.289 [main] INFO sudoku.model.SudokuBoard - Bład w kwadracie 0
sudoku.model.SudokuBoard@47ac613b[
  size=9
  solver=sudoku.model.BacktrackingSudokuSolver@60d6fdd4
  board={{2,4,5,6,7,8,1,9,3},{1,6,7,3,5,9,2,8,4},{8,3,9,1,2,4,5,6,7},{3,1,6,2,4,5,8,7,9},{4,9,2,7,8,1,3,5,6},{7,5,8,9,3,6,4,1,2},{5,2,1,4,6,7,9,3,8},{6,7,4,5,0,0,0,0,0},{0,0,0,0,0,0,0,0,0}}
]
15:41:40.289 [main] INFO sudoku.model.SudokuBoard - Wartość 0 wstawiona nieprawidłowo
15:41:40.289 [main] INFO sudoku.model.SudokuBoard - Bład w kwadracie 0
sudoku.model.SudokuBoard@47ac613b[
  size=9
  solver=sudoku.model.BacktrackingSudokuSolver@60d6fdd4
  board={{2,4,5,6,7,8,1,9,3},{1,6,7,3,5,9,2,8,4},{8,3,9,1,2,4,5,6,7},{3,1,6,2,4,5,8,7,9},{4,9,2,7,8,1,3,5,6},{7,5,8,9,3,6,4,1,2},{5,2,1,4,6,7,9,3,8},{6,7,4,5,1,0,0,0,0},{0,0,0,0,0,0,0,0,0}}
]
15:41:40.289 [main] INFO sudoku.model.SudokuBoard - Wartość 0 wstawiona nieprawidłowo
15:41:40.289 [main] INFO sudoku.model.SudokuBoard - Bład w kwadracie 0
sudoku.model.SudokuBoard@47ac613b[
  size=9
  solver=sudoku.model.BacktrackingSudokuSolver@60d6fdd4
  board={{2,4,5,6,7,8,1,9,3},{1,6,7,3,5,9,2,8,4},{8,3,9,1,2,4,5,6,7},{3,1,6,2,4,5,8,7,9},{4,9,2,7,8,1,3,5,6},{7,5,8,9,3,6,4,1,2},{5,2,1,4,6,7,9,3,8},{6,7,4,5,1,0,0,0,0},{0,0,0,0,0,0,0,0,0}}
]
15:41:40.289 [main] INFO sudoku.model.SudokuBoard - Wartość 0 wstawiona nieprawidłowo
15:41:40.291 [main] INFO sudoku.model.SudokuBoard - Bład w kwadracie 0
sudoku.model.SudokuBoard@47ac613b[
  size=9
  solver=sudoku.model.BacktrackingSudokuSolver@60d6fdd4
  board={{2,4,5,6,7,8,1,9,3},{1,6,7,3,5,9,2,8,4},{8,3,9,1,2,4,5,6,7},{3,1,6,2,4,5,8,7,9},{4,9,2,7,8,1,3,5,6},{7,5,8,9,3,6,4,1,2},{5,2,1,4,6,7,9,3,8},{6,7,4,5,0,0,0,0,0},{0,0,0,0,0,0,0,0,0}}
]
15:41:40.291 [main] INFO sudoku.model.SudokuBoard - Wartość 0 wstawiona nieprawidłowo
15:41:40.291 [main] INFO sudoku.model.SudokuBoard - Bład w kwadracie 0
sudoku.model.SudokuBoard@47ac613b[
  size=9
  solver=sudoku.model.BacktrackingSudokuSolver@60d6fdd4
  board={{2,4,5,6,7,8,1,9,3},{1,6,7,3,5,9,2,8,4},{8,3,9,1,2,4,5,6,7},{3,1,6,2,4,5,8,7,9},{4,9,2,7,8,1,3,5,6},{7,5,8,9,3,6,4,1,2},{5,2,1,4,6,7,9,3,8},{6,7,4,0,0,0,0,0,0},{0,0,0,0,0,0,0,0,0}}
]
15:41:40.291 [main] INFO sudoku.model.SudokuBoard - Wartość 0 wstawiona nieprawidłowo
15:41:40.292 [main] INFO sudoku.model.SudokuBoard - Bład w kwadracie 0
sudoku.model.SudokuBoard@47ac613b[
  size=9
  solver=sudoku.model.BacktrackingSudokuSolver@60d6fdd4
  board={{2,4,5,6,7,8,1,9,3},{1,6,7,3,5,9,2,8,4},{8,3,9,1,2,4,5,6,7},{3,1,6,2,4,5,8,7,9},{4,9,2,7,8,1,3,5,6},{7,5,8,9,3,6,4,1,2},{5,2,1,4,6,7,9,3,8},{6,7,4,8,9,0,0,0,0},{0,0,0,0,0,0,0,0,0}}
]
15:41:40.292 [main] INFO sudoku.model.SudokuBoard - Wartość 0 wstawiona nieprawidłowo
15:41:40.292 [main] INFO sudoku.model.SudokuBoard - Bład w kwadracie 0
sudoku.model.SudokuBoard@47ac613b[
  size=9
  solver=sudoku.model.BacktrackingSudokuSolver@60d6fdd4
  board={{2,4,5,6,7,8,1,9,3},{1,6,7,3,5,9,2,8,4},{8,3,9,1,2,4,5,6,7},{3,1,6,2,4,5,8,7,9},{4,9,2,7,8,1,3,5,6},{7,5,8,9,3,6,4,1,2},{5,2,1,4,6,7,9,3,8},{6,7,4,8,9,0,0,0,0},{0,0,0,0,0,0,0,0,0}}
]
15:41:40.292 [main] INFO sudoku.model.SudokuBoard - Wartość 0 wstawiona nieprawidłowo
15:41:40.293 [main] INFO sudoku.model.SudokuBoard - Bład w kwadracie 0
sudoku.model.SudokuBoard@47ac613b[
  size=9
  solver=sudoku.model.BacktrackingSudokuSolver@60d6fdd4
  board={{2,4,5,6,7,8,1,9,3},{1,6,7,3,5,9,2,8,4},{8,3,9,1,2,4,5,6,7},{3,1,6,2,4,5,8,7,9},{4,9,2,7,8,1,3,5,6},{7,5,8,9,3,6,4,1,2},{5,2,1,4,6,7,9,3,8},{6,7,4,8,0,0,0,0,0},{0,0,0,0,0,0,0,0,0}}
]
15:41:40.293 [main] INFO sudoku.model.SudokuBoard - Wartość 0 wstawiona nieprawidłowo
15:41:40.293 [main] INFO sudoku.model.SudokuBoard - Bład w kwadracie 0
sudoku.model.SudokuBoard@47ac613b[
  size=9
  solver=sudoku.model.BacktrackingSudokuSolver@60d6fdd4
  board={{2,4,5,6,7,8,1,9,3},{1,6,7,3,5,9,2,8,4},{8,3,9,1,2,4,5,6,7},{3,1,6,2,4,5,8,7,9},{4,9,2,7,8,1,3,5,6},{7,5,8,9,3,6,4,1,2},{5,2,1,4,6,7,9,3,8},{6,7,4,8,1,0,0,0,0},{0,0,0,0,0,0,0,0,0}}
]
15:41:40.293 [main] INFO sudoku.model.SudokuBoard - Wartość 0 wstawiona nieprawidłowo
15:41:40.293 [main] INFO sudoku.model.SudokuBoard - Bład w kwadracie 0
sudoku.model.SudokuBoard@47ac613b[
  size=9
  solver=sudoku.model.BacktrackingSudokuSolver@60d6fdd4
  board={{2,4,5,6,7,8,1,9,3},{1,6,7,3,5,9,2,8,4},{8,3,9,1,2,4,5,6,7},{3,1,6,2,4,5,8,7,9},{4,9,2,7,8,1,3,5,6},{7,5,8,9,3,6,4,1,2},{5,2,1,4,6,7,9,3,8},{6,7,4,8,1,0,0,0,0},{0,0,0,0,0,0,0,0,0}}
]
15:41:40.293 [main] INFO sudoku.model.SudokuBoard - Wartość 0 wstawiona nieprawidłowo
15:41:40.293 [main] INFO sudoku.model.SudokuBoard - Bład w kwadracie 0
sudoku.model.SudokuBoard@47ac613b[
  size=9
  solver=sudoku.model.BacktrackingSudokuSolver@60d6fdd4
  board={{2,4,5,6,7,8,1,9,3},{1,6,7,3,5,9,2,8,4},{8,3,9,1,2,4,5,6,7},{3,1,6,2,4,5,8,7,9},{4,9,2,7,8,1,3,5,6},{7,5,8,9,3,6,4,1,2},{5,2,1,4,6,7,9,3,8},{6,7,4,8,0,0,0,0,0},{0,0,0,0,0,0,0,0,0}}
]
15:41:40.293 [main] INFO sudoku.model.SudokuBoard - Wartość 0 wstawiona nieprawidłowo
15:41:40.293 [main] INFO sudoku.model.SudokuBoard - Bład w kwadracie 0
sudoku.model.SudokuBoard@47ac613b[
  size=9
  solver=sudoku.model.BacktrackingSudokuSolver@60d6fdd4
  board={{2,4,5,6,7,8,1,9,3},{1,6,7,3,5,9,2,8,4},{8,3,9,1,2,4,5,6,7},{3,1,6,2,4,5,8,7,9},{4,9,2,7,8,1,3,5,6},{7,5,8,9,3,6,4,1,2},{5,2,1,4,6,7,9,3,8},{6,7,4,0,0,0,0,0,0},{0,0,0,0,0,0,0,0,0}}
]
15:41:40.293 [main] INFO sudoku.model.SudokuBoard - Wartość 0 wstawiona nieprawidłowo
15:41:40.296 [main] INFO sudoku.model.SudokuBoard - Bład w kwadracie 0
sudoku.model.SudokuBoard@47ac613b[
  size=9
  solver=sudoku.model.BacktrackingSudokuSolver@60d6fdd4
  board={{2,4,5,6,7,8,1,9,3},{1,6,7,3,5,9,2,8,4},{8,3,9,1,2,4,5,6,7},{3,1,6,2,4,5,8,7,9},{4,9,2,7,8,1,3,5,6},{7,5,8,9,3,6,4,1,2},{5,2,1,4,6,7,9,3,8},{6,7,0,0,0,0,0,0,0},{0,0,0,0,0,0,0,0,0}}
]
15:41:40.296 [main] INFO sudoku.model.SudokuBoard - Wartość 0 wstawiona nieprawidłowo
15:41:40.296 [main] INFO sudoku.model.SudokuBoard - Bład w kwadracie 0
sudoku.model.SudokuBoard@47ac613b[
  size=9
  solver=sudoku.model.BacktrackingSudokuSolver@60d6fdd4
  board={{2,4,5,6,7,8,1,9,3},{1,6,7,3,5,9,2,8,4},{8,3,9,1,2,4,5,6,7},{3,1,6,2,4,5,8,7,9},{4,9,2,7,8,1,3,5,6},{7,5,8,9,3,6,4,1,2},{5,2,1,4,6,7,9,3,8},{6,0,0,0,0,0,0,0,0},{0,0,0,0,0,0,0,0,0}}
]
15:41:40.296 [main] INFO sudoku.model.SudokuBoard - Wartość 0 wstawiona nieprawidłowo
sudoku.model.SudokuBoard@5f174dd2[
  size=9
  solver=sudoku.model.BacktrackingSudokuSolver@60d6fdd4
  board={{2,4,5,6,7,8,1,9,3},{1,6,7,3,5,9,2,8,4},{8,3,9,1,2,4,5,6,7},{3,1,6,2,4,5,8,7,9},{4,9,2,7,8,1,3,5,6},{7,5,8,9,3,6,4,1,2},{5,2,1,4,6,7,9,3,8},{6,8,3,5,9,2,7,4,1},{9,7,4,8,1,3,6,2,5}}
]
sudoku.model.SudokuBoard@51dae791[
  size=9
  solver=sudoku.model.BacktrackingSudokuSolver@688a2c09
  board={{2,4,5,6,7,8,1,9,3},{1,6,7,3,5,9,2,8,4},{8,3,9,1,2,4,5,6,7},{3,1,6,2,4,5,8,7,9},{4,9,2,7,8,1,3,5,6},{7,5,8,9,3,6,4,1,2},{5,2,1,4,6,7,9,3,8},{6,8,3,5,9,2,7,4,1},{9,7,4,8,1,3,6,2,5}}
]
]]></system-out>
  </testcase>
</testsuite>