<?xml version="1.0" encoding="UTF-8"?>
<testsuite xmlns:xsi="http://www.w3.org/2001/XMLSchema-instance" xsi:noNamespaceSchemaLocation="https://maven.apache.org/surefire/maven-surefire-plugin/xsd/surefire-test-report-3.0.xsd" version="3.0" name="sudoku.model.SudokuBoardTest" time="0.41" tests="14" errors="0" skipped="0" failures="0">
  <properties>
    <property name="java.specification.version" value="14"/>
    <property name="sun.cpu.isalist" value="amd64"/>
    <property name="sun.jnu.encoding" value="Cp1250"/>
    <property name="java.class.path" value="E:\studia\Sem-3\Programowanie komponentowe (07 72 3060 19)_pliki\ProjektKompo\an_pn_1145_03\Model\target\test-classes;C:\Users\maldo\.m2\repository\org\junit\jupiter\junit-jupiter-engine\5.6.2\junit-jupiter-engine-5.6.2.jar;C:\Users\maldo\.m2\repository\org\apiguardian\apiguardian-api\1.1.0\apiguardian-api-1.1.0.jar;C:\Users\maldo\.m2\repository\org\junit\platform\junit-platform-engine\1.6.2\junit-platform-engine-1.6.2.jar;C:\Users\maldo\.m2\repository\org\opentest4j\opentest4j\1.2.0\opentest4j-1.2.0.jar;C:\Users\maldo\.m2\repository\org\junit\platform\junit-platform-commons\1.6.2\junit-platform-commons-1.6.2.jar;C:\Users\maldo\.m2\repository\org\junit\jupiter\junit-jupiter-api\5.6.2\junit-jupiter-api-5.6.2.jar;C:\Users\maldo\.m2\repository\org\projectlombok\lombok\1.18.16\lombok-1.18.16.jar;C:\Users\maldo\.m2\repository\org\hibernate\hibernate-core\5.4.27.Final\hibernate-core-5.4.27.Final.jar;C:\Users\maldo\.m2\repository\org\jboss\logging\jboss-logging\3.4.1.Final\jboss-logging-3.4.1.Final.jar;C:\Users\maldo\.m2\repository\org\javassist\javassist\3.27.0-GA\javassist-3.27.0-GA.jar;C:\Users\maldo\.m2\repository\net\bytebuddy\byte-buddy\1.10.17\byte-buddy-1.10.17.jar;C:\Users\maldo\.m2\repository\antlr\antlr\2.7.7\antlr-2.7.7.jar;C:\Users\maldo\.m2\repository\org\jboss\spec\javax\transaction\jboss-transaction-api_1.2_spec\1.1.1.Final\jboss-transaction-api_1.2_spec-1.1.1.Final.jar;C:\Users\maldo\.m2\repository\org\jboss\jandex\2.1.3.Final\jandex-2.1.3.Final.jar;C:\Users\maldo\.m2\repository\com\fasterxml\classmate\1.5.1\classmate-1.5.1.jar;C:\Users\maldo\.m2\repository\javax\activation\javax.activation-api\1.2.0\javax.activation-api-1.2.0.jar;C:\Users\maldo\.m2\repository\org\dom4j\dom4j\2.1.3\dom4j-2.1.3.jar;C:\Users\maldo\.m2\repository\javax\xml\bind\jaxb-api\2.3.1\jaxb-api-2.3.1.jar;C:\Users\maldo\.m2\repository\com\h2database\h2\1.4.200\h2-1.4.200.jar;C:\Users\maldo\.m2\repository\jakarta\xml\bind\jakarta.xml.bind-api\3.0.0\jakarta.xml.bind-api-3.0.0.jar;C:\Users\maldo\.m2\repository\com\sun\activation\jakarta.activation\2.0.0\jakarta.activation-2.0.0.jar;C:\Users\maldo\.m2\repository\org\glassfish\jaxb\jaxb-runtime\3.0.0\jaxb-runtime-3.0.0.jar;C:\Users\maldo\.m2\repository\org\glassfish\jaxb\jaxb-core\3.0.0\jaxb-core-3.0.0.jar;C:\Users\maldo\.m2\repository\org\glassfish\jaxb\txw2\3.0.0\txw2-3.0.0.jar;C:\Users\maldo\.m2\repository\com\sun\istack\istack-commons-runtime\4.0.0\istack-commons-runtime-4.0.0.jar;C:\Users\maldo\.m2\repository\org\xerial\sqlite-jdbc\3.25.2\sqlite-jdbc-3.25.2.jar;C:\Users\maldo\.m2\repository\ch\qos\logback\logback-classic\1.1.7\logback-classic-1.1.7.jar;C:\Users\maldo\.m2\repository\ch\qos\logback\logback-core\1.1.7\logback-core-1.1.7.jar;C:\Users\maldo\.m2\repository\org\openjfx\javafx-controls\13\javafx-controls-13.jar;C:\Users\maldo\.m2\repository\org\openjfx\javafx-controls\13\javafx-controls-13-win.jar;C:\Users\maldo\.m2\repository\org\openjfx\javafx-graphics\13\javafx-graphics-13.jar;C:\Users\maldo\.m2\repository\org\openjfx\javafx-graphics\13\javafx-graphics-13-win.jar;C:\Users\maldo\.m2\repository\org\openjfx\javafx-base\13\javafx-base-13.jar;C:\Users\maldo\.m2\repository\org\openjfx\javafx-fxml\13\javafx-fxml-13.jar;C:\Users\maldo\.m2\repository\org\openjfx\javafx-fxml\13\javafx-fxml-13-win.jar;"/>
    <property name="java.vm.vendor" value="Oracle Corporation"/>
    <property name="sun.arch.data.model" value="64"/>
    <property name="user.variant" value=""/>
    <property name="java.vendor.url" value="https://java.oracle.com/"/>
    <property name="user.timezone" value="Europe/Warsaw"/>
    <property name="os.name" value="Windows 10"/>
    <property name="java.vm.specification.version" value="14"/>
    <property name="sun.java.launcher" value="SUN_STANDARD"/>
    <property name="user.country" value="PL"/>
    <property name="sun.boot.library.path" value="C:\Program Files\Java\jdk-14.0.2\bin"/>
    <property name="sun.java.command" value="org.apache.maven.surefire.booter.ForkedBooter C:\Users\maldo\AppData\Local\Temp\surefire2562436703396632923 2021-02-01T00-38-07_969-jvmRun1 surefire7845845246903971005tmp surefire_013243441665761317tmp"/>
    <property name="jdk.debug" value="release"/>
    <property name="surefire.test.class.path" value="E:\studia\Sem-3\Programowanie komponentowe (07 72 3060 19)_pliki\ProjektKompo\an_pn_1145_03\Model\target\test-classes;C:\Users\maldo\.m2\repository\org\junit\jupiter\junit-jupiter-engine\5.6.2\junit-jupiter-engine-5.6.2.jar;C:\Users\maldo\.m2\repository\org\apiguardian\apiguardian-api\1.1.0\apiguardian-api-1.1.0.jar;C:\Users\maldo\.m2\repository\org\junit\platform\junit-platform-engine\1.6.2\junit-platform-engine-1.6.2.jar;C:\Users\maldo\.m2\repository\org\opentest4j\opentest4j\1.2.0\opentest4j-1.2.0.jar;C:\Users\maldo\.m2\repository\org\junit\platform\junit-platform-commons\1.6.2\junit-platform-commons-1.6.2.jar;C:\Users\maldo\.m2\repository\org\junit\jupiter\junit-jupiter-api\5.6.2\junit-jupiter-api-5.6.2.jar;C:\Users\maldo\.m2\repository\org\projectlombok\lombok\1.18.16\lombok-1.18.16.jar;C:\Users\maldo\.m2\repository\org\hibernate\hibernate-core\5.4.27.Final\hibernate-core-5.4.27.Final.jar;C:\Users\maldo\.m2\repository\org\jboss\logging\jboss-logging\3.4.1.Final\jboss-logging-3.4.1.Final.jar;C:\Users\maldo\.m2\repository\org\javassist\javassist\3.27.0-GA\javassist-3.27.0-GA.jar;C:\Users\maldo\.m2\repository\net\bytebuddy\byte-buddy\1.10.17\byte-buddy-1.10.17.jar;C:\Users\maldo\.m2\repository\antlr\antlr\2.7.7\antlr-2.7.7.jar;C:\Users\maldo\.m2\repository\org\jboss\spec\javax\transaction\jboss-transaction-api_1.2_spec\1.1.1.Final\jboss-transaction-api_1.2_spec-1.1.1.Final.jar;C:\Users\maldo\.m2\repository\org\jboss\jandex\2.1.3.Final\jandex-2.1.3.Final.jar;C:\Users\maldo\.m2\repository\com\fasterxml\classmate\1.5.1\classmate-1.5.1.jar;C:\Users\maldo\.m2\repository\javax\activation\javax.activation-api\1.2.0\javax.activation-api-1.2.0.jar;C:\Users\maldo\.m2\repository\org\dom4j\dom4j\2.1.3\dom4j-2.1.3.jar;C:\Users\maldo\.m2\repository\javax\xml\bind\jaxb-api\2.3.1\jaxb-api-2.3.1.jar;C:\Users\maldo\.m2\repository\com\h2database\h2\1.4.200\h2-1.4.200.jar;C:\Users\maldo\.m2\repository\jakarta\xml\bind\jakarta.xml.bind-api\3.0.0\jakarta.xml.bind-api-3.0.0.jar;C:\Users\maldo\.m2\repository\com\sun\activation\jakarta.activation\2.0.0\jakarta.activation-2.0.0.jar;C:\Users\maldo\.m2\repository\org\glassfish\jaxb\jaxb-runtime\3.0.0\jaxb-runtime-3.0.0.jar;C:\Users\maldo\.m2\repository\org\glassfish\jaxb\jaxb-core\3.0.0\jaxb-core-3.0.0.jar;C:\Users\maldo\.m2\repository\org\glassfish\jaxb\txw2\3.0.0\txw2-3.0.0.jar;C:\Users\maldo\.m2\repository\com\sun\istack\istack-commons-runtime\4.0.0\istack-commons-runtime-4.0.0.jar;C:\Users\maldo\.m2\repository\org\xerial\sqlite-jdbc\3.25.2\sqlite-jdbc-3.25.2.jar;C:\Users\maldo\.m2\repository\ch\qos\logback\logback-classic\1.1.7\logback-classic-1.1.7.jar;C:\Users\maldo\.m2\repository\ch\qos\logback\logback-core\1.1.7\logback-core-1.1.7.jar;C:\Users\maldo\.m2\repository\org\openjfx\javafx-controls\13\javafx-controls-13.jar;C:\Users\maldo\.m2\repository\org\openjfx\javafx-controls\13\javafx-controls-13-win.jar;C:\Users\maldo\.m2\repository\org\openjfx\javafx-graphics\13\javafx-graphics-13.jar;C:\Users\maldo\.m2\repository\org\openjfx\javafx-graphics\13\javafx-graphics-13-win.jar;C:\Users\maldo\.m2\repository\org\openjfx\javafx-base\13\javafx-base-13.jar;C:\Users\maldo\.m2\repository\org\openjfx\javafx-fxml\13\javafx-fxml-13.jar;C:\Users\maldo\.m2\repository\org\openjfx\javafx-fxml\13\javafx-fxml-13-win.jar;"/>
    <property name="sun.cpu.endian" value="little"/>
    <property name="user.home" value="C:\Users\maldo"/>
    <property name="user.language" value="pl"/>
    <property name="java.specification.vendor" value="Oracle Corporation"/>
    <property name="jdk.module.path" value="E:\studia\Sem-3\Programowanie komponentowe (07 72 3060 19)_pliki\ProjektKompo\an_pn_1145_03\Model\target\classes;C:\Users\maldo\.m2\repository\org\apache\commons\commons-lang3\3.11\commons-lang3-3.11.jar;C:\Users\maldo\.m2\repository\javax\persistence\javax.persistence-api\2.2\javax.persistence-api-2.2.jar;C:\Users\maldo\.m2\repository\org\hibernate\common\hibernate-commons-annotations\5.1.2.Final\hibernate-commons-annotations-5.1.2.Final.jar;C:\Users\maldo\.m2\repository\org\hibernate\hibernate-entitymanager\5.4.27.Final\hibernate-entitymanager-5.4.27.Final.jar;C:\Users\maldo\.m2\repository\org\slf4j\slf4j-api\1.7.30\slf4j-api-1.7.30.jar;C:\Users\maldo\.m2\repository\org\openjfx\javafx-base\13\javafx-base-13-win.jar"/>
    <property name="java.version.date" value="2020-07-14"/>
    <property name="java.home" value="C:\Program Files\Java\jdk-14.0.2"/>
    <property name="file.separator" value="\"/>
    <property name="basedir" value="E:\studia\Sem-3\Programowanie komponentowe (07 72 3060 19)_pliki\ProjektKompo\an_pn_1145_03\Model"/>
    <property name="java.vm.compressedOopsMode" value="Zero based"/>
    <property name="line.separator" value="&#10;"/>
    <property name="java.vm.specification.vendor" value="Oracle Corporation"/>
    <property name="java.specification.name" value="Java Platform API Specification"/>
    <property name="surefire.real.class.path" value="C:\Users\maldo\.m2\repository\org\apache\maven\surefire\surefire-booter\3.0.0-M5\surefire-booter-3.0.0-M5.jar;C:\Users\maldo\.m2\repository\org\apache\maven\surefire\surefire-api\3.0.0-M5\surefire-api-3.0.0-M5.jar;C:\Users\maldo\.m2\repository\org\apache\maven\surefire\surefire-logger-api\3.0.0-M5\surefire-logger-api-3.0.0-M5.jar;C:\Users\maldo\.m2\repository\org\apache\maven\surefire\surefire-shared-utils\3.0.0-M4\surefire-shared-utils-3.0.0-M4.jar;C:\Users\maldo\.m2\repository\org\apache\maven\surefire\surefire-extensions-spi\3.0.0-M5\surefire-extensions-spi-3.0.0-M5.jar;E:\studia\Sem-3\Programowanie komponentowe (07 72 3060 19)_pliki\ProjektKompo\an_pn_1145_03\Model\target\test-classes;C:\Users\maldo\.m2\repository\org\junit\jupiter\junit-jupiter-engine\5.6.2\junit-jupiter-engine-5.6.2.jar;C:\Users\maldo\.m2\repository\org\apiguardian\apiguardian-api\1.1.0\apiguardian-api-1.1.0.jar;C:\Users\maldo\.m2\repository\org\junit\platform\junit-platform-engine\1.6.2\junit-platform-engine-1.6.2.jar;C:\Users\maldo\.m2\repository\org\opentest4j\opentest4j\1.2.0\opentest4j-1.2.0.jar;C:\Users\maldo\.m2\repository\org\junit\platform\junit-platform-commons\1.6.2\junit-platform-commons-1.6.2.jar;C:\Users\maldo\.m2\repository\org\junit\jupiter\junit-jupiter-api\5.6.2\junit-jupiter-api-5.6.2.jar;C:\Users\maldo\.m2\repository\org\projectlombok\lombok\1.18.16\lombok-1.18.16.jar;C:\Users\maldo\.m2\repository\org\hibernate\hibernate-core\5.4.27.Final\hibernate-core-5.4.27.Final.jar;C:\Users\maldo\.m2\repository\org\jboss\logging\jboss-logging\3.4.1.Final\jboss-logging-3.4.1.Final.jar;C:\Users\maldo\.m2\repository\org\javassist\javassist\3.27.0-GA\javassist-3.27.0-GA.jar;C:\Users\maldo\.m2\repository\net\bytebuddy\byte-buddy\1.10.17\byte-buddy-1.10.17.jar;C:\Users\maldo\.m2\repository\antlr\antlr\2.7.7\antlr-2.7.7.jar;C:\Users\maldo\.m2\repository\org\jboss\spec\javax\transaction\jboss-transaction-api_1.2_spec\1.1.1.Final\jboss-transaction-api_1.2_spec-1.1.1.Final.jar;C:\Users\maldo\.m2\repository\org\jboss\jandex\2.1.3.Final\jandex-2.1.3.Final.jar;C:\Users\maldo\.m2\repository\com\fasterxml\classmate\1.5.1\classmate-1.5.1.jar;C:\Users\maldo\.m2\repository\javax\activation\javax.activation-api\1.2.0\javax.activation-api-1.2.0.jar;C:\Users\maldo\.m2\repository\org\dom4j\dom4j\2.1.3\dom4j-2.1.3.jar;C:\Users\maldo\.m2\repository\javax\xml\bind\jaxb-api\2.3.1\jaxb-api-2.3.1.jar;C:\Users\maldo\.m2\repository\com\h2database\h2\1.4.200\h2-1.4.200.jar;C:\Users\maldo\.m2\repository\jakarta\xml\bind\jakarta.xml.bind-api\3.0.0\jakarta.xml.bind-api-3.0.0.jar;C:\Users\maldo\.m2\repository\com\sun\activation\jakarta.activation\2.0.0\jakarta.activation-2.0.0.jar;C:\Users\maldo\.m2\repository\org\glassfish\jaxb\jaxb-runtime\3.0.0\jaxb-runtime-3.0.0.jar;C:\Users\maldo\.m2\repository\org\glassfish\jaxb\jaxb-core\3.0.0\jaxb-core-3.0.0.jar;C:\Users\maldo\.m2\repository\org\glassfish\jaxb\txw2\3.0.0\txw2-3.0.0.jar;C:\Users\maldo\.m2\repository\com\sun\istack\istack-commons-runtime\4.0.0\istack-commons-runtime-4.0.0.jar;C:\Users\maldo\.m2\repository\org\xerial\sqlite-jdbc\3.25.2\sqlite-jdbc-3.25.2.jar;C:\Users\maldo\.m2\repository\ch\qos\logback\logback-classic\1.1.7\logback-classic-1.1.7.jar;C:\Users\maldo\.m2\repository\ch\qos\logback\logback-core\1.1.7\logback-core-1.1.7.jar;C:\Users\maldo\.m2\repository\org\openjfx\javafx-controls\13\javafx-controls-13.jar;C:\Users\maldo\.m2\repository\org\openjfx\javafx-controls\13\javafx-controls-13-win.jar;C:\Users\maldo\.m2\repository\org\openjfx\javafx-graphics\13\javafx-graphics-13.jar;C:\Users\maldo\.m2\repository\org\openjfx\javafx-graphics\13\javafx-graphics-13-win.jar;C:\Users\maldo\.m2\repository\org\openjfx\javafx-base\13\javafx-base-13.jar;C:\Users\maldo\.m2\repository\org\openjfx\javafx-fxml\13\javafx-fxml-13.jar;C:\Users\maldo\.m2\repository\org\openjfx\javafx-fxml\13\javafx-fxml-13-win.jar;C:\Users\maldo\.m2\repository\org\apache\maven\surefire\surefire-junit-platform\3.0.0-M5\surefire-junit-platform-3.0.0-M5.jar;C:\Users\maldo\.m2\repository\org\apache\maven\surefire\common-java5\3.0.0-M5\common-java5-3.0.0-M5.jar;C:\Users\maldo\.m2\repository\org\junit\platform\junit-platform-launcher\1.6.2\junit-platform-launcher-1.6.2.jar"/>
    <property name="user.script" value=""/>
    <property name="sun.management.compiler" value="HotSpot 64-Bit Tiered Compilers"/>
    <property name="java.runtime.version" value="14.0.2+12-46"/>
    <property name="user.name" value="maldo"/>
    <property name="path.separator" value=";"/>
    <property name="os.version" value="10.0"/>
    <property name="java.runtime.name" value="Java(TM) SE Runtime Environment"/>
    <property name="file.encoding" value="Cp1250"/>
    <property name="java.vm.name" value="Java HotSpot(TM) 64-Bit Server VM"/>
    <property name="localRepository" value="C:\Users\maldo\.m2\repository"/>
    <property name="java.vendor.url.bug" value="https://bugreport.java.com/bugreport/"/>
    <property name="java.io.tmpdir" value="C:\Users\maldo\AppData\Local\Temp\"/>
    <property name="idea.version" value="2020.2.3"/>
    <property name="java.version" value="14.0.2"/>
    <property name="user.dir" value="E:\studia\Sem-3\Programowanie komponentowe (07 72 3060 19)_pliki\ProjektKompo\an_pn_1145_03\Model"/>
    <property name="os.arch" value="amd64"/>
    <property name="java.vm.specification.name" value="Java Virtual Machine Specification"/>
    <property name="sun.os.patch.level" value=""/>
    <property name="java.library.path" value="C:\Program Files\Java\jdk-14.0.2\bin;C:\WINDOWS\Sun\Java\bin;C:\WINDOWS\system32;C:\WINDOWS;C:\Program Files (x86)\Razer Chroma SDK\bin;C:\Program Files\Razer Chroma SDK\bin;C:\Python\Scripts\;C:\Python\;C:\Program Files (x86)\Intel\iCLS Client\;C:\Program Files\Intel\iCLS Client\;C:\Windows\system32;C:\Windows;C:\Windows\System32\Wbem;C:\Windows\System32\WindowsPowerShell\v1.0\;C:\Windows\System32\OpenSSH\;C:\Program Files (x86)\NVIDIA Corporation\PhysX\Common;C:\Program Files (x86)\Intel\Intel(R) Management Engine Components\DAL;C:\Program Files\Intel\Intel(R) Management Engine Components\DAL;C:\Program Files (x86)\Intel\Intel(R) Management Engine Components\IPT;C:\Program Files\Intel\Intel(R) Management Engine Components\IPT;C:\Program Files\Intel\WiFi\bin\;C:\Program Files\Common Files\Intel\WirelessCommon\;C:\Program Files (x86)\Windows Kits\8.1\Windows Performance Toolkit\;C:\Users\maldo\AppData\Local\Microsoft\WindowsApps;C:\Program Files\NVIDIA Corporation\NVIDIA NvDLISR;C:\Program Files (x86)\MKVToolNix;C:\WINDOWS\system32;C:\WINDOWS;C:\WINDOWS\System32\Wbem;C:\WINDOWS\System32\WindowsPowerShell\v1.0\;C:\WINDOWS\System32\OpenSSH\;E:\studia\Sem-3\Programowanie komponentowe (07 72 3060 19)_pliki\apache-maven-3.6.3\bin;C:\msys64\usr\bin;C:\Program Files\Java\jdk-14.0.2\bin;C:\Program Files (x86)\Calibre2\;C:\Users\maldo\AppData\Local\Microsoft\WindowsApps;C:\Program Files\Intel\WiFi\bin\;C:\Program Files\Common Files\Intel\WirelessCommon\;C:\Program Files\JetBrains\CLion 2019.3.3\bin;;C:\Users\maldo\AppData\Local\Programs\Microsoft VS Code\bin;C:\Users\maldo\AppData\Local\GitHubDesktop\bin;."/>
    <property name="java.vm.info" value="mixed mode"/>
    <property name="java.vendor" value="Oracle Corporation"/>
    <property name="java.vm.version" value="14.0.2+12-46"/>
    <property name="sun.io.unicode.encoding" value="UnicodeLittle"/>
    <property name="java.class.version" value="58.0"/>
  </properties>
  <testcase name="ShowBoardTest" classname="sudoku.model.SudokuBoardTest" time="0.001"/>
  <testcase name="testEqualsWrongObject" classname="sudoku.model.SudokuBoardTest" time="0.001"/>
  <testcase name="testToString" classname="sudoku.model.SudokuBoardTest" time="0.011">
    <system-out><![CDATA[00:38:12.850 [main] INFO  sudoku.model.SudokuBoard - Bład w kwadracie 0
sudoku.model.SudokuBoard@6cc8c13c[
  size=9
  solver=sudoku.model.BacktrackingSudokuSolver@371cd2fc
  board={{4,5,8,6,9,7,3,1,2},{6,2,3,5,4,8,7,0,0},{0,0,0,0,0,0,0,0,0},{0,0,0,0,0,0,0,0,0},{0,0,0,0,0,0,0,0,0},{0,0,0,0,0,0,0,0,0},{0,0,0,0,0,0,0,0,0},{0,0,0,0,0,0,0,0,0},{0,0,0,0,0,0,0,0,0}}
]
00:38:12.850 [main] INFO  sudoku.model.SudokuBoard - Wartość 0 wstawiona nieprawidłowo
00:38:12.850 [main] INFO  sudoku.model.SudokuBoard - Bład w kwadracie 0
sudoku.model.SudokuBoard@6cc8c13c[
  size=9
  solver=sudoku.model.BacktrackingSudokuSolver@371cd2fc
  board={{4,5,8,6,9,7,3,1,2},{6,2,3,5,4,8,0,0,0},{0,0,0,0,0,0,0,0,0},{0,0,0,0,0,0,0,0,0},{0,0,0,0,0,0,0,0,0},{0,0,0,0,0,0,0,0,0},{0,0,0,0,0,0,0,0,0},{0,0,0,0,0,0,0,0,0},{0,0,0,0,0,0,0,0,0}}
]
00:38:12.851 [main] INFO  sudoku.model.SudokuBoard - Wartość 0 wstawiona nieprawidłowo
00:38:12.851 [main] INFO  sudoku.model.SudokuBoard - Bład w kwadracie 0
sudoku.model.SudokuBoard@6cc8c13c[
  size=9
  solver=sudoku.model.BacktrackingSudokuSolver@371cd2fc
  board={{4,5,8,6,9,7,3,1,2},{6,2,3,5,4,8,9,0,0},{0,0,0,0,0,0,0,0,0},{0,0,0,0,0,0,0,0,0},{0,0,0,0,0,0,0,0,0},{0,0,0,0,0,0,0,0,0},{0,0,0,0,0,0,0,0,0},{0,0,0,0,0,0,0,0,0},{0,0,0,0,0,0,0,0,0}}
]
00:38:12.851 [main] INFO  sudoku.model.SudokuBoard - Wartość 0 wstawiona nieprawidłowo
00:38:12.851 [main] INFO  sudoku.model.SudokuBoard - Bład w kwadracie 0
sudoku.model.SudokuBoard@6cc8c13c[
  size=9
  solver=sudoku.model.BacktrackingSudokuSolver@371cd2fc
  board={{4,5,8,6,9,7,3,1,2},{6,2,3,5,4,8,0,0,0},{0,0,0,0,0,0,0,0,0},{0,0,0,0,0,0,0,0,0},{0,0,0,0,0,0,0,0,0},{0,0,0,0,0,0,0,0,0},{0,0,0,0,0,0,0,0,0},{0,0,0,0,0,0,0,0,0},{0,0,0,0,0,0,0,0,0}}
]
00:38:12.851 [main] INFO  sudoku.model.SudokuBoard - Wartość 0 wstawiona nieprawidłowo
00:38:12.851 [main] INFO  sudoku.model.SudokuBoard - Bład w kwadracie 0
sudoku.model.SudokuBoard@6cc8c13c[
  size=9
  solver=sudoku.model.BacktrackingSudokuSolver@371cd2fc
  board={{4,5,8,6,9,7,3,1,2},{6,2,3,5,4,0,0,0,0},{0,0,0,0,0,0,0,0,0},{0,0,0,0,0,0,0,0,0},{0,0,0,0,0,0,0,0,0},{0,0,0,0,0,0,0,0,0},{0,0,0,0,0,0,0,0,0},{0,0,0,0,0,0,0,0,0},{0,0,0,0,0,0,0,0,0}}
]
00:38:12.851 [main] INFO  sudoku.model.SudokuBoard - Wartość 0 wstawiona nieprawidłowo
00:38:12.851 [main] INFO  sudoku.model.SudokuBoard - Bład w kwadracie 0
sudoku.model.SudokuBoard@6cc8c13c[
  size=9
  solver=sudoku.model.BacktrackingSudokuSolver@371cd2fc
  board={{4,5,8,6,9,7,3,1,2},{6,2,3,5,4,1,7,8,9},{7,9,1,2,3,8,4,6,5},{8,1,7,9,2,5,6,3,4},{2,4,5,1,6,3,8,0,0},{0,0,0,0,0,0,0,0,0},{0,0,0,0,0,0,0,0,0},{0,0,0,0,0,0,0,0,0},{0,0,0,0,0,0,0,0,0}}
]
00:38:12.851 [main] INFO  sudoku.model.SudokuBoard - Wartość 0 wstawiona nieprawidłowo
00:38:12.851 [main] INFO  sudoku.model.SudokuBoard - Bład w kwadracie 0
sudoku.model.SudokuBoard@6cc8c13c[
  size=9
  solver=sudoku.model.BacktrackingSudokuSolver@371cd2fc
  board={{4,5,8,6,9,7,3,1,2},{6,2,3,5,4,1,7,8,9},{7,9,1,2,3,8,4,6,5},{8,1,7,9,2,5,6,3,4},{2,4,5,1,6,3,8,9,7},{9,3,6,4,0,0,0,0,0},{0,0,0,0,0,0,0,0,0},{0,0,0,0,0,0,0,0,0},{0,0,0,0,0,0,0,0,0}}
]
00:38:12.851 [main] INFO  sudoku.model.SudokuBoard - Wartość 0 wstawiona nieprawidłowo
00:38:12.851 [main] INFO  sudoku.model.SudokuBoard - Bład w kwadracie 0
sudoku.model.SudokuBoard@6cc8c13c[
  size=9
  solver=sudoku.model.BacktrackingSudokuSolver@371cd2fc
  board={{4,5,8,6,9,7,3,1,2},{6,2,3,5,4,1,7,8,9},{7,9,1,2,3,8,4,6,5},{8,1,7,9,2,5,6,3,4},{2,4,5,1,6,3,8,9,7},{9,3,6,4,0,0,0,0,0},{0,0,0,0,0,0,0,0,0},{0,0,0,0,0,0,0,0,0},{0,0,0,0,0,0,0,0,0}}
]
00:38:12.852 [main] INFO  sudoku.model.SudokuBoard - Wartość 0 wstawiona nieprawidłowo
00:38:12.852 [main] INFO  sudoku.model.SudokuBoard - Bład w kwadracie 0
sudoku.model.SudokuBoard@6cc8c13c[
  size=9
  solver=sudoku.model.BacktrackingSudokuSolver@371cd2fc
  board={{4,5,8,6,9,7,3,1,2},{6,2,3,5,4,1,7,8,9},{7,9,1,2,3,8,4,6,5},{8,1,7,9,2,5,6,3,4},{2,4,5,1,6,3,8,9,7},{9,3,6,0,0,0,0,0,0},{0,0,0,0,0,0,0,0,0},{0,0,0,0,0,0,0,0,0},{0,0,0,0,0,0,0,0,0}}
]
00:38:12.852 [main] INFO  sudoku.model.SudokuBoard - Wartość 0 wstawiona nieprawidłowo
00:38:12.852 [main] INFO  sudoku.model.SudokuBoard - Bład w kwadracie 0
sudoku.model.SudokuBoard@6cc8c13c[
  size=9
  solver=sudoku.model.BacktrackingSudokuSolver@371cd2fc
  board={{4,5,8,6,9,7,3,1,2},{6,2,3,5,4,1,7,8,9},{7,9,1,2,3,8,4,6,5},{8,1,7,9,2,5,6,3,4},{2,4,5,1,6,3,8,9,7},{9,3,6,7,8,4,1,0,0},{0,0,0,0,0,0,0,0,0},{0,0,0,0,0,0,0,0,0},{0,0,0,0,0,0,0,0,0}}
]
00:38:12.852 [main] INFO  sudoku.model.SudokuBoard - Wartość 0 wstawiona nieprawidłowo
00:38:12.852 [main] INFO  sudoku.model.SudokuBoard - Bład w kwadracie 0
sudoku.model.SudokuBoard@6cc8c13c[
  size=9
  solver=sudoku.model.BacktrackingSudokuSolver@371cd2fc
  board={{4,5,8,6,9,7,3,1,2},{6,2,3,5,4,1,7,8,9},{7,9,1,2,3,8,4,6,5},{8,1,7,9,2,5,6,3,4},{2,4,5,1,6,3,8,9,7},{9,3,6,7,8,4,1,0,0},{0,0,0,0,0,0,0,0,0},{0,0,0,0,0,0,0,0,0},{0,0,0,0,0,0,0,0,0}}
]
00:38:12.852 [main] INFO  sudoku.model.SudokuBoard - Wartość 0 wstawiona nieprawidłowo
00:38:12.852 [main] INFO  sudoku.model.SudokuBoard - Bład w kwadracie 0
sudoku.model.SudokuBoard@6cc8c13c[
  size=9
  solver=sudoku.model.BacktrackingSudokuSolver@371cd2fc
  board={{4,5,8,6,9,7,3,1,2},{6,2,3,5,4,1,7,8,9},{7,9,1,2,3,8,4,6,5},{8,1,7,9,2,5,6,3,4},{2,4,5,1,6,3,8,9,7},{9,3,6,7,8,4,0,0,0},{0,0,0,0,0,0,0,0,0},{0,0,0,0,0,0,0,0,0},{0,0,0,0,0,0,0,0,0}}
]
00:38:12.852 [main] INFO  sudoku.model.SudokuBoard - Wartość 0 wstawiona nieprawidłowo
00:38:12.852 [main] INFO  sudoku.model.SudokuBoard - Bład w kwadracie 0
sudoku.model.SudokuBoard@6cc8c13c[
  size=9
  solver=sudoku.model.BacktrackingSudokuSolver@371cd2fc
  board={{4,5,8,6,9,7,3,1,2},{6,2,3,5,4,1,7,8,9},{7,9,1,2,3,8,4,6,5},{8,1,7,9,2,5,6,3,4},{2,4,5,1,6,3,8,9,7},{9,3,6,7,8,4,2,5,1},{3,6,4,8,5,9,1,0,0},{0,0,0,0,0,0,0,0,0},{0,0,0,0,0,0,0,0,0}}
]
00:38:12.852 [main] INFO  sudoku.model.SudokuBoard - Wartość 0 wstawiona nieprawidłowo
00:38:12.853 [main] INFO  sudoku.model.SudokuBoard - Bład w kwadracie 0
sudoku.model.SudokuBoard@6cc8c13c[
  size=9
  solver=sudoku.model.BacktrackingSudokuSolver@371cd2fc
  board={{4,5,8,6,9,7,3,1,2},{6,2,3,5,4,1,7,8,9},{7,9,1,2,3,8,4,6,5},{8,1,7,9,2,5,6,3,4},{2,4,5,1,6,3,8,9,7},{9,3,6,7,8,4,2,5,1},{3,6,4,8,5,9,1,0,0},{0,0,0,0,0,0,0,0,0},{0,0,0,0,0,0,0,0,0}}
]
00:38:12.853 [main] INFO  sudoku.model.SudokuBoard - Wartość 0 wstawiona nieprawidłowo
00:38:12.853 [main] INFO  sudoku.model.SudokuBoard - Bład w kwadracie 0
sudoku.model.SudokuBoard@6cc8c13c[
  size=9
  solver=sudoku.model.BacktrackingSudokuSolver@371cd2fc
  board={{4,5,8,6,9,7,3,1,2},{6,2,3,5,4,1,7,8,9},{7,9,1,2,3,8,4,6,5},{8,1,7,9,2,5,6,3,4},{2,4,5,1,6,3,8,9,7},{9,3,6,7,8,4,2,5,1},{3,6,4,8,5,9,0,0,0},{0,0,0,0,0,0,0,0,0},{0,0,0,0,0,0,0,0,0}}
]
00:38:12.853 [main] INFO  sudoku.model.SudokuBoard - Wartość 0 wstawiona nieprawidłowo
00:38:12.853 [main] INFO  sudoku.model.SudokuBoard - Bład w kwadracie 0
sudoku.model.SudokuBoard@6cc8c13c[
  size=9
  solver=sudoku.model.BacktrackingSudokuSolver@371cd2fc
  board={{4,5,8,6,9,7,3,1,2},{6,2,3,5,4,1,7,8,9},{7,9,1,2,3,8,4,6,5},{8,1,7,9,2,5,6,3,4},{2,4,5,1,6,3,8,9,7},{9,3,6,7,8,4,2,5,1},{3,6,4,8,5,0,0,0,0},{0,0,0,0,0,0,0,0,0},{0,0,0,0,0,0,0,0,0}}
]
00:38:12.853 [main] INFO  sudoku.model.SudokuBoard - Wartość 0 wstawiona nieprawidłowo
00:38:12.853 [main] INFO  sudoku.model.SudokuBoard - Bład w kwadracie 0
sudoku.model.SudokuBoard@6cc8c13c[
  size=9
  solver=sudoku.model.BacktrackingSudokuSolver@371cd2fc
  board={{4,5,8,6,9,7,3,1,2},{6,2,3,5,4,1,7,8,9},{7,9,1,2,3,8,4,6,5},{8,1,7,9,2,5,6,3,4},{2,4,5,1,6,3,8,9,7},{9,3,6,7,8,4,2,5,1},{3,6,4,8,5,2,9,0,0},{0,0,0,0,0,0,0,0,0},{0,0,0,0,0,0,0,0,0}}
]
00:38:12.853 [main] INFO  sudoku.model.SudokuBoard - Wartość 0 wstawiona nieprawidłowo
00:38:12.854 [main] INFO  sudoku.model.SudokuBoard - Bład w kwadracie 0
sudoku.model.SudokuBoard@6cc8c13c[
  size=9
  solver=sudoku.model.BacktrackingSudokuSolver@371cd2fc
  board={{4,5,8,6,9,7,3,1,2},{6,2,3,5,4,1,7,8,9},{7,9,1,2,3,8,4,6,5},{8,1,7,9,2,5,6,3,4},{2,4,5,1,6,3,8,9,7},{9,3,6,7,8,4,2,5,1},{3,6,4,8,5,2,0,0,0},{0,0,0,0,0,0,0,0,0},{0,0,0,0,0,0,0,0,0}}
]
00:38:12.854 [main] INFO  sudoku.model.SudokuBoard - Wartość 0 wstawiona nieprawidłowo
00:38:12.855 [main] INFO  sudoku.model.SudokuBoard - Bład w kwadracie 0
sudoku.model.SudokuBoard@6cc8c13c[
  size=9
  solver=sudoku.model.BacktrackingSudokuSolver@371cd2fc
  board={{4,5,8,6,9,7,3,1,2},{6,2,3,5,4,1,7,8,9},{7,9,1,2,3,8,4,6,5},{8,1,7,9,2,5,6,3,4},{2,4,5,1,6,3,8,9,7},{9,3,6,7,8,4,2,5,1},{3,6,4,8,5,2,1,0,0},{0,0,0,0,0,0,0,0,0},{0,0,0,0,0,0,0,0,0}}
]
00:38:12.855 [main] INFO  sudoku.model.SudokuBoard - Wartość 0 wstawiona nieprawidłowo
00:38:12.855 [main] INFO  sudoku.model.SudokuBoard - Bład w kwadracie 0
sudoku.model.SudokuBoard@6cc8c13c[
  size=9
  solver=sudoku.model.BacktrackingSudokuSolver@371cd2fc
  board={{4,5,8,6,9,7,3,1,2},{6,2,3,5,4,1,7,8,9},{7,9,1,2,3,8,4,6,5},{8,1,7,9,2,5,6,3,4},{2,4,5,1,6,3,8,9,7},{9,3,6,7,8,4,2,5,1},{3,6,4,8,5,2,0,0,0},{0,0,0,0,0,0,0,0,0},{0,0,0,0,0,0,0,0,0}}
]
00:38:12.855 [main] INFO  sudoku.model.SudokuBoard - Wartość 0 wstawiona nieprawidłowo
00:38:12.855 [main] INFO  sudoku.model.SudokuBoard - Bład w kwadracie 0
sudoku.model.SudokuBoard@6cc8c13c[
  size=9
  solver=sudoku.model.BacktrackingSudokuSolver@371cd2fc
  board={{4,5,8,6,9,7,3,1,2},{6,2,3,5,4,1,7,8,9},{7,9,1,2,3,8,4,6,5},{8,1,7,9,2,5,6,3,4},{2,4,5,1,6,3,8,9,7},{9,3,6,7,8,4,2,5,1},{3,6,4,8,5,0,0,0,0},{0,0,0,0,0,0,0,0,0},{0,0,0,0,0,0,0,0,0}}
]
00:38:12.855 [main] INFO  sudoku.model.SudokuBoard - Wartość 0 wstawiona nieprawidłowo
00:38:12.855 [main] INFO  sudoku.model.SudokuBoard - Bład w kwadracie 0
sudoku.model.SudokuBoard@6cc8c13c[
  size=9
  solver=sudoku.model.BacktrackingSudokuSolver@371cd2fc
  board={{4,5,8,6,9,7,3,1,2},{6,2,3,5,4,1,7,8,9},{7,9,1,2,3,8,4,6,5},{8,1,7,9,2,5,6,3,4},{2,4,5,1,6,3,8,9,7},{9,3,6,7,8,4,2,5,1},{3,6,4,8,0,0,0,0,0},{0,0,0,0,0,0,0,0,0},{0,0,0,0,0,0,0,0,0}}
]
00:38:12.855 [main] INFO  sudoku.model.SudokuBoard - Wartość 0 wstawiona nieprawidłowo
00:38:12.855 [main] INFO  sudoku.model.SudokuBoard - Bład w kwadracie 0
sudoku.model.SudokuBoard@6cc8c13c[
  size=9
  solver=sudoku.model.BacktrackingSudokuSolver@371cd2fc
  board={{4,5,8,6,9,7,3,1,2},{6,2,3,5,4,1,7,8,9},{7,9,1,2,3,8,4,6,5},{8,1,7,9,2,5,6,3,4},{2,4,5,1,6,3,8,9,7},{9,3,6,7,8,4,2,5,1},{3,6,4,8,7,9,5,0,0},{0,0,0,0,0,0,0,0,0},{0,0,0,0,0,0,0,0,0}}
]
00:38:12.855 [main] INFO  sudoku.model.SudokuBoard - Wartość 0 wstawiona nieprawidłowo
00:38:12.855 [main] INFO  sudoku.model.SudokuBoard - Bład w kwadracie 0
sudoku.model.SudokuBoard@6cc8c13c[
  size=9
  solver=sudoku.model.BacktrackingSudokuSolver@371cd2fc
  board={{4,5,8,6,9,7,3,1,2},{6,2,3,5,4,1,7,8,9},{7,9,1,2,3,8,4,6,5},{8,1,7,9,2,5,6,3,4},{2,4,5,1,6,3,8,9,7},{9,3,6,7,8,4,2,5,1},{3,6,4,8,7,9,0,0,0},{0,0,0,0,0,0,0,0,0},{0,0,0,0,0,0,0,0,0}}
]
00:38:12.855 [main] INFO  sudoku.model.SudokuBoard - Wartość 0 wstawiona nieprawidłowo
00:38:12.856 [main] INFO  sudoku.model.SudokuBoard - Bład w kwadracie 0
sudoku.model.SudokuBoard@6cc8c13c[
  size=9
  solver=sudoku.model.BacktrackingSudokuSolver@371cd2fc
  board={{4,5,8,6,9,7,3,1,2},{6,2,3,5,4,1,7,8,9},{7,9,1,2,3,8,4,6,5},{8,1,7,9,2,5,6,3,4},{2,4,5,1,6,3,8,9,7},{9,3,6,7,8,4,2,5,1},{3,6,4,8,7,9,1,0,0},{0,0,0,0,0,0,0,0,0},{0,0,0,0,0,0,0,0,0}}
]
00:38:12.856 [main] INFO  sudoku.model.SudokuBoard - Wartość 0 wstawiona nieprawidłowo
00:38:12.856 [main] INFO  sudoku.model.SudokuBoard - Bład w kwadracie 0
sudoku.model.SudokuBoard@6cc8c13c[
  size=9
  solver=sudoku.model.BacktrackingSudokuSolver@371cd2fc
  board={{4,5,8,6,9,7,3,1,2},{6,2,3,5,4,1,7,8,9},{7,9,1,2,3,8,4,6,5},{8,1,7,9,2,5,6,3,4},{2,4,5,1,6,3,8,9,7},{9,3,6,7,8,4,2,5,1},{3,6,4,8,7,9,0,0,0},{0,0,0,0,0,0,0,0,0},{0,0,0,0,0,0,0,0,0}}
]
00:38:12.856 [main] INFO  sudoku.model.SudokuBoard - Wartość 0 wstawiona nieprawidłowo
00:38:12.856 [main] INFO  sudoku.model.SudokuBoard - Bład w kwadracie 0
sudoku.model.SudokuBoard@6cc8c13c[
  size=9
  solver=sudoku.model.BacktrackingSudokuSolver@371cd2fc
  board={{4,5,8,6,9,7,3,1,2},{6,2,3,5,4,1,7,8,9},{7,9,1,2,3,8,4,6,5},{8,1,7,9,2,5,6,3,4},{2,4,5,1,6,3,8,9,7},{9,3,6,7,8,4,2,5,1},{3,6,4,8,7,0,0,0,0},{0,0,0,0,0,0,0,0,0},{0,0,0,0,0,0,0,0,0}}
]
00:38:12.856 [main] INFO  sudoku.model.SudokuBoard - Wartość 0 wstawiona nieprawidłowo
00:38:12.856 [main] INFO  sudoku.model.SudokuBoard - Bład w kwadracie 0
sudoku.model.SudokuBoard@6cc8c13c[
  size=9
  solver=sudoku.model.BacktrackingSudokuSolver@371cd2fc
  board={{4,5,8,6,9,7,3,1,2},{6,2,3,5,4,1,7,8,9},{7,9,1,2,3,8,4,6,5},{8,1,7,9,2,5,6,3,4},{2,4,5,1,6,3,8,9,7},{9,3,6,7,8,4,2,5,1},{3,6,4,8,7,2,0,0,0},{0,0,0,0,0,0,0,0,0},{0,0,0,0,0,0,0,0,0}}
]
00:38:12.856 [main] INFO  sudoku.model.SudokuBoard - Wartość 0 wstawiona nieprawidłowo
00:38:12.856 [main] INFO  sudoku.model.SudokuBoard - Bład w kwadracie 0
sudoku.model.SudokuBoard@6cc8c13c[
  size=9
  solver=sudoku.model.BacktrackingSudokuSolver@371cd2fc
  board={{4,5,8,6,9,7,3,1,2},{6,2,3,5,4,1,7,8,9},{7,9,1,2,3,8,4,6,5},{8,1,7,9,2,5,6,3,4},{2,4,5,1,6,3,8,9,7},{9,3,6,7,8,4,2,5,1},{3,6,4,8,7,2,0,0,0},{0,0,0,0,0,0,0,0,0},{0,0,0,0,0,0,0,0,0}}
]
00:38:12.856 [main] INFO  sudoku.model.SudokuBoard - Wartość 0 wstawiona nieprawidłowo
00:38:12.857 [main] INFO  sudoku.model.SudokuBoard - Bład w kwadracie 0
sudoku.model.SudokuBoard@6cc8c13c[
  size=9
  solver=sudoku.model.BacktrackingSudokuSolver@371cd2fc
  board={{4,5,8,6,9,7,3,1,2},{6,2,3,5,4,1,7,8,9},{7,9,1,2,3,8,4,6,5},{8,1,7,9,2,5,6,3,4},{2,4,5,1,6,3,8,9,7},{9,3,6,7,8,4,2,5,1},{3,6,4,8,7,2,0,0,0},{0,0,0,0,0,0,0,0,0},{0,0,0,0,0,0,0,0,0}}
]
00:38:12.858 [main] INFO  sudoku.model.SudokuBoard - Wartość 0 wstawiona nieprawidłowo
00:38:12.858 [main] INFO  sudoku.model.SudokuBoard - Bład w kwadracie 0
sudoku.model.SudokuBoard@6cc8c13c[
  size=9
  solver=sudoku.model.BacktrackingSudokuSolver@371cd2fc
  board={{4,5,8,6,9,7,3,1,2},{6,2,3,5,4,1,7,8,9},{7,9,1,2,3,8,4,6,5},{8,1,7,9,2,5,6,3,4},{2,4,5,1,6,3,8,9,7},{9,3,6,7,8,4,2,5,1},{3,6,4,8,7,0,0,0,0},{0,0,0,0,0,0,0,0,0},{0,0,0,0,0,0,0,0,0}}
]
00:38:12.858 [main] INFO  sudoku.model.SudokuBoard - Wartość 0 wstawiona nieprawidłowo
00:38:12.858 [main] INFO  sudoku.model.SudokuBoard - Bład w kwadracie 0
sudoku.model.SudokuBoard@6cc8c13c[
  size=9
  solver=sudoku.model.BacktrackingSudokuSolver@371cd2fc
  board={{4,5,8,6,9,7,3,1,2},{6,2,3,5,4,1,7,8,9},{7,9,1,2,3,8,4,6,5},{8,1,7,9,2,5,6,3,4},{2,4,5,1,6,3,8,9,7},{9,3,6,7,8,4,2,5,1},{3,6,4,8,0,0,0,0,0},{0,0,0,0,0,0,0,0,0},{0,0,0,0,0,0,0,0,0}}
]
00:38:12.858 [main] INFO  sudoku.model.SudokuBoard - Wartość 0 wstawiona nieprawidłowo
00:38:12.859 [main] INFO  sudoku.model.SudokuBoard - Bład w kwadracie 0
sudoku.model.SudokuBoard@6cc8c13c[
  size=9
  solver=sudoku.model.BacktrackingSudokuSolver@371cd2fc
  board={{4,5,8,6,9,7,3,1,2},{6,2,3,5,4,1,7,8,9},{7,9,1,2,3,8,4,6,5},{8,1,7,9,2,5,6,3,4},{2,4,5,1,6,3,8,9,7},{9,3,6,7,8,4,2,5,1},{3,6,4,8,1,9,5,0,0},{0,0,0,0,0,0,0,0,0},{0,0,0,0,0,0,0,0,0}}
]
00:38:12.859 [main] INFO  sudoku.model.SudokuBoard - Wartość 0 wstawiona nieprawidłowo
00:38:12.859 [main] INFO  sudoku.model.SudokuBoard - Bład w kwadracie 0
sudoku.model.SudokuBoard@6cc8c13c[
  size=9
  solver=sudoku.model.BacktrackingSudokuSolver@371cd2fc
  board={{4,5,8,6,9,7,3,1,2},{6,2,3,5,4,1,7,8,9},{7,9,1,2,3,8,4,6,5},{8,1,7,9,2,5,6,3,4},{2,4,5,1,6,3,8,9,7},{9,3,6,7,8,4,2,5,1},{3,6,4,8,1,9,5,0,0},{0,0,0,0,0,0,0,0,0},{0,0,0,0,0,0,0,0,0}}
]
00:38:12.859 [main] INFO  sudoku.model.SudokuBoard - Wartość 0 wstawiona nieprawidłowo
00:38:12.859 [main] INFO  sudoku.model.SudokuBoard - Bład w kwadracie 0
sudoku.model.SudokuBoard@6cc8c13c[
  size=9
  solver=sudoku.model.BacktrackingSudokuSolver@371cd2fc
  board={{4,5,8,6,9,7,3,1,2},{6,2,3,5,4,1,7,8,9},{7,9,1,2,3,8,4,6,5},{8,1,7,9,2,5,6,3,4},{2,4,5,1,6,3,8,9,7},{9,3,6,7,8,4,2,5,1},{3,6,4,8,1,9,0,0,0},{0,0,0,0,0,0,0,0,0},{0,0,0,0,0,0,0,0,0}}
]
00:38:12.859 [main] INFO  sudoku.model.SudokuBoard - Wartość 0 wstawiona nieprawidłowo
00:38:12.859 [main] INFO  sudoku.model.SudokuBoard - Bład w kwadracie 0
sudoku.model.SudokuBoard@6cc8c13c[
  size=9
  solver=sudoku.model.BacktrackingSudokuSolver@371cd2fc
  board={{4,5,8,6,9,7,3,1,2},{6,2,3,5,4,1,7,8,9},{7,9,1,2,3,8,4,6,5},{8,1,7,9,2,5,6,3,4},{2,4,5,1,6,3,8,9,7},{9,3,6,7,8,4,2,5,1},{3,6,4,8,1,0,0,0,0},{0,0,0,0,0,0,0,0,0},{0,0,0,0,0,0,0,0,0}}
]
00:38:12.859 [main] INFO  sudoku.model.SudokuBoard - Wartość 0 wstawiona nieprawidłowo
00:38:12.859 [main] INFO  sudoku.model.SudokuBoard - Bład w kwadracie 0
sudoku.model.SudokuBoard@6cc8c13c[
  size=9
  solver=sudoku.model.BacktrackingSudokuSolver@371cd2fc
  board={{4,5,8,6,9,7,3,1,2},{6,2,3,5,4,1,7,8,9},{7,9,1,2,3,8,4,6,5},{8,1,7,9,2,5,6,3,4},{2,4,5,1,6,3,8,9,7},{9,3,6,7,8,4,2,5,1},{3,6,4,8,1,2,9,0,0},{0,0,0,0,0,0,0,0,0},{0,0,0,0,0,0,0,0,0}}
]
00:38:12.859 [main] INFO  sudoku.model.SudokuBoard - Wartość 0 wstawiona nieprawidłowo
00:38:12.859 [main] INFO  sudoku.model.SudokuBoard - Bład w kwadracie 0
sudoku.model.SudokuBoard@6cc8c13c[
  size=9
  solver=sudoku.model.BacktrackingSudokuSolver@371cd2fc
  board={{4,5,8,6,9,7,3,1,2},{6,2,3,5,4,1,7,8,9},{7,9,1,2,3,8,4,6,5},{8,1,7,9,2,5,6,3,4},{2,4,5,1,6,3,8,9,7},{9,3,6,7,8,4,2,5,1},{3,6,4,8,1,2,0,0,0},{0,0,0,0,0,0,0,0,0},{0,0,0,0,0,0,0,0,0}}
]
00:38:12.859 [main] INFO  sudoku.model.SudokuBoard - Wartość 0 wstawiona nieprawidłowo
00:38:12.860 [main] INFO  sudoku.model.SudokuBoard - Bład w kwadracie 0
sudoku.model.SudokuBoard@6cc8c13c[
  size=9
  solver=sudoku.model.BacktrackingSudokuSolver@371cd2fc
  board={{4,5,8,6,9,7,3,1,2},{6,2,3,5,4,1,7,8,9},{7,9,1,2,3,8,4,6,5},{8,1,7,9,2,5,6,3,4},{2,4,5,1,6,3,8,9,7},{9,3,6,7,8,4,2,5,1},{3,6,4,8,1,2,5,0,0},{0,0,0,0,0,0,0,0,0},{0,0,0,0,0,0,0,0,0}}
]
00:38:12.860 [main] INFO  sudoku.model.SudokuBoard - Wartość 0 wstawiona nieprawidłowo
00:38:12.860 [main] INFO  sudoku.model.SudokuBoard - Bład w kwadracie 0
sudoku.model.SudokuBoard@6cc8c13c[
  size=9
  solver=sudoku.model.BacktrackingSudokuSolver@371cd2fc
  board={{4,5,8,6,9,7,3,1,2},{6,2,3,5,4,1,7,8,9},{7,9,1,2,3,8,4,6,5},{8,1,7,9,2,5,6,3,4},{2,4,5,1,6,3,8,9,7},{9,3,6,7,8,4,2,5,1},{3,6,4,8,1,2,0,0,0},{0,0,0,0,0,0,0,0,0},{0,0,0,0,0,0,0,0,0}}
]
00:38:12.860 [main] INFO  sudoku.model.SudokuBoard - Wartość 0 wstawiona nieprawidłowo
00:38:12.860 [main] INFO  sudoku.model.SudokuBoard - Bład w kwadracie 0
sudoku.model.SudokuBoard@6cc8c13c[
  size=9
  solver=sudoku.model.BacktrackingSudokuSolver@371cd2fc
  board={{4,5,8,6,9,7,3,1,2},{6,2,3,5,4,1,7,8,9},{7,9,1,2,3,8,4,6,5},{8,1,7,9,2,5,6,3,4},{2,4,5,1,6,3,8,9,7},{9,3,6,7,8,4,2,5,1},{3,6,4,8,1,0,0,0,0},{0,0,0,0,0,0,0,0,0},{0,0,0,0,0,0,0,0,0}}
]
00:38:12.860 [main] INFO  sudoku.model.SudokuBoard - Wartość 0 wstawiona nieprawidłowo
00:38:12.860 [main] INFO  sudoku.model.SudokuBoard - Bład w kwadracie 0
sudoku.model.SudokuBoard@6cc8c13c[
  size=9
  solver=sudoku.model.BacktrackingSudokuSolver@371cd2fc
  board={{4,5,8,6,9,7,3,1,2},{6,2,3,5,4,1,7,8,9},{7,9,1,2,3,8,4,6,5},{8,1,7,9,2,5,6,3,4},{2,4,5,1,6,3,8,9,7},{9,3,6,7,8,4,2,5,1},{3,6,4,8,0,0,0,0,0},{0,0,0,0,0,0,0,0,0},{0,0,0,0,0,0,0,0,0}}
]
00:38:12.860 [main] INFO  sudoku.model.SudokuBoard - Wartość 0 wstawiona nieprawidłowo
00:38:12.860 [main] INFO  sudoku.model.SudokuBoard - Bład w kwadracie 0
sudoku.model.SudokuBoard@6cc8c13c[
  size=9
  solver=sudoku.model.BacktrackingSudokuSolver@371cd2fc
  board={{4,5,8,6,9,7,3,1,2},{6,2,3,5,4,1,7,8,9},{7,9,1,2,3,8,4,6,5},{8,1,7,9,2,5,6,3,4},{2,4,5,1,6,3,8,9,7},{9,3,6,7,8,4,2,5,1},{3,6,4,0,0,0,0,0,0},{0,0,0,0,0,0,0,0,0},{0,0,0,0,0,0,0,0,0}}
]
00:38:12.860 [main] INFO  sudoku.model.SudokuBoard - Wartość 0 wstawiona nieprawidłowo
00:38:12.860 [main] INFO  sudoku.model.SudokuBoard - Bład w kwadracie 0
sudoku.model.SudokuBoard@6cc8c13c[
  size=9
  solver=sudoku.model.BacktrackingSudokuSolver@371cd2fc
  board={{4,5,8,6,9,7,3,1,2},{6,2,3,5,4,1,7,8,9},{7,9,1,2,3,8,4,6,5},{8,1,7,9,2,5,6,3,4},{2,4,5,1,6,3,8,9,7},{9,3,6,7,8,4,2,5,1},{3,6,0,0,0,0,0,0,0},{0,0,0,0,0,0,0,0,0},{0,0,0,0,0,0,0,0,0}}
]
00:38:12.860 [main] INFO  sudoku.model.SudokuBoard - Wartość 0 wstawiona nieprawidłowo
00:38:12.860 [main] INFO  sudoku.model.SudokuBoard - Bład w kwadracie 0
sudoku.model.SudokuBoard@6cc8c13c[
  size=9
  solver=sudoku.model.BacktrackingSudokuSolver@371cd2fc
  board={{4,5,8,6,9,7,3,1,2},{6,2,3,5,4,1,7,8,9},{7,9,1,2,3,8,4,6,5},{8,1,7,9,2,5,6,3,4},{2,4,5,1,6,3,8,9,7},{9,3,6,7,8,4,2,5,1},{3,6,9,4,7,2,0,0,0},{0,0,0,0,0,0,0,0,0},{0,0,0,0,0,0,0,0,0}}
]
00:38:12.860 [main] INFO  sudoku.model.SudokuBoard - Wartość 0 wstawiona nieprawidłowo
00:38:12.861 [main] INFO  sudoku.model.SudokuBoard - Bład w kwadracie 0
sudoku.model.SudokuBoard@6cc8c13c[
  size=9
  solver=sudoku.model.BacktrackingSudokuSolver@371cd2fc
  board={{4,5,8,6,9,7,3,1,2},{6,2,3,5,4,1,7,8,9},{7,9,1,2,3,8,4,6,5},{8,1,7,9,2,5,6,3,4},{2,4,5,1,6,3,8,9,7},{9,3,6,7,8,4,2,5,1},{3,6,9,4,7,2,0,0,0},{0,0,0,0,0,0,0,0,0},{0,0,0,0,0,0,0,0,0}}
]
00:38:12.861 [main] INFO  sudoku.model.SudokuBoard - Wartość 0 wstawiona nieprawidłowo
00:38:12.861 [main] INFO  sudoku.model.SudokuBoard - Bład w kwadracie 0
sudoku.model.SudokuBoard@6cc8c13c[
  size=9
  solver=sudoku.model.BacktrackingSudokuSolver@371cd2fc
  board={{4,5,8,6,9,7,3,1,2},{6,2,3,5,4,1,7,8,9},{7,9,1,2,3,8,4,6,5},{8,1,7,9,2,5,6,3,4},{2,4,5,1,6,3,8,9,7},{9,3,6,7,8,4,2,5,1},{3,6,9,4,7,0,0,0,0},{0,0,0,0,0,0,0,0,0},{0,0,0,0,0,0,0,0,0}}
]
00:38:12.861 [main] INFO  sudoku.model.SudokuBoard - Wartość 0 wstawiona nieprawidłowo
00:38:12.861 [main] INFO  sudoku.model.SudokuBoard - Bład w kwadracie 0
sudoku.model.SudokuBoard@6cc8c13c[
  size=9
  solver=sudoku.model.BacktrackingSudokuSolver@371cd2fc
  board={{4,5,8,6,9,7,3,1,2},{6,2,3,5,4,1,7,8,9},{7,9,1,2,3,8,4,6,5},{8,1,7,9,2,5,6,3,4},{2,4,5,1,6,3,8,9,7},{9,3,6,7,8,4,2,5,1},{3,6,9,4,0,0,0,0,0},{0,0,0,0,0,0,0,0,0},{0,0,0,0,0,0,0,0,0}}
]
00:38:12.861 [main] INFO  sudoku.model.SudokuBoard - Wartość 0 wstawiona nieprawidłowo
sudoku.model.SudokuBoard@10166230[
  size=9
  solver=sudoku.model.BacktrackingSudokuSolver@371cd2fc
  board={{4,5,8,6,9,7,3,1,2},{6,2,3,5,4,1,7,8,9},{7,9,1,2,3,8,4,6,5},{8,1,7,9,2,5,6,3,4},{2,4,5,1,6,3,8,9,7},{9,3,6,7,8,4,2,5,1},{3,6,9,4,1,2,5,7,8},{1,7,2,8,5,6,9,4,3},{5,8,4,3,7,9,1,2,6}}
]
]]></system-out>
  </testcase>
  <testcase name="checkBoardTestRowFalse" classname="sudoku.model.SudokuBoardTest" time="0.028">
    <system-out><![CDATA[00:38:12.866 [main] INFO  sudoku.model.SudokuBoard - Bład w kwadracie 0
sudoku.model.SudokuBoard@7221539[
  size=9
  solver=sudoku.model.BacktrackingSudokuSolver@b77b0a0
  board={{1,2,3,4,9,5,6,7,8},{4,5,6,3,1,7,9,0,0},{0,0,0,0,0,0,0,0,0},{0,0,0,0,0,0,0,0,0},{0,0,0,0,0,0,0,0,0},{0,0,0,0,0,0,0,0,0},{0,0,0,0,0,0,0,0,0},{0,0,0,0,0,0,0,0,0},{0,0,0,0,0,0,0,0,0}}
]
00:38:12.866 [main] INFO  sudoku.model.SudokuBoard - Wartość 0 wstawiona nieprawidłowo
00:38:12.866 [main] INFO  sudoku.model.SudokuBoard - Bład w kwadracie 0
sudoku.model.SudokuBoard@7221539[
  size=9
  solver=sudoku.model.BacktrackingSudokuSolver@b77b0a0
  board={{1,2,3,4,9,5,6,7,8},{4,5,6,3,1,7,0,0,0},{0,0,0,0,0,0,0,0,0},{0,0,0,0,0,0,0,0,0},{0,0,0,0,0,0,0,0,0},{0,0,0,0,0,0,0,0,0},{0,0,0,0,0,0,0,0,0},{0,0,0,0,0,0,0,0,0},{0,0,0,0,0,0,0,0,0}}
]
00:38:12.866 [main] INFO  sudoku.model.SudokuBoard - Wartość 0 wstawiona nieprawidłowo
00:38:12.866 [main] INFO  sudoku.model.SudokuBoard - Bład w kwadracie 0
sudoku.model.SudokuBoard@7221539[
  size=9
  solver=sudoku.model.BacktrackingSudokuSolver@b77b0a0
  board={{1,2,3,4,9,5,6,7,8},{4,5,6,3,1,7,2,0,0},{0,0,0,0,0,0,0,0,0},{0,0,0,0,0,0,0,0,0},{0,0,0,0,0,0,0,0,0},{0,0,0,0,0,0,0,0,0},{0,0,0,0,0,0,0,0,0},{0,0,0,0,0,0,0,0,0},{0,0,0,0,0,0,0,0,0}}
]
00:38:12.866 [main] INFO  sudoku.model.SudokuBoard - Wartość 0 wstawiona nieprawidłowo
00:38:12.867 [main] INFO  sudoku.model.SudokuBoard - Bład w kwadracie 0
sudoku.model.SudokuBoard@7221539[
  size=9
  solver=sudoku.model.BacktrackingSudokuSolver@b77b0a0
  board={{1,2,3,4,9,5,6,7,8},{4,5,6,3,1,7,0,0,0},{0,0,0,0,0,0,0,0,0},{0,0,0,0,0,0,0,0,0},{0,0,0,0,0,0,0,0,0},{0,0,0,0,0,0,0,0,0},{0,0,0,0,0,0,0,0,0},{0,0,0,0,0,0,0,0,0},{0,0,0,0,0,0,0,0,0}}
]
00:38:12.868 [main] INFO  sudoku.model.SudokuBoard - Wartość 0 wstawiona nieprawidłowo
00:38:12.870 [main] INFO  sudoku.model.SudokuBoard - Bład w kwadracie 0
sudoku.model.SudokuBoard@7221539[
  size=9
  solver=sudoku.model.BacktrackingSudokuSolver@b77b0a0
  board={{1,2,3,4,9,5,6,7,8},{4,5,6,3,1,0,0,0,0},{0,0,0,0,0,0,0,0,0},{0,0,0,0,0,0,0,0,0},{0,0,0,0,0,0,0,0,0},{0,0,0,0,0,0,0,0,0},{0,0,0,0,0,0,0,0,0},{0,0,0,0,0,0,0,0,0},{0,0,0,0,0,0,0,0,0}}
]
00:38:12.870 [main] INFO  sudoku.model.SudokuBoard - Wartość 0 wstawiona nieprawidłowo
00:38:12.870 [main] INFO  sudoku.model.SudokuBoard - Bład w kwadracie 0
sudoku.model.SudokuBoard@7221539[
  size=9
  solver=sudoku.model.BacktrackingSudokuSolver@b77b0a0
  board={{1,2,3,4,9,5,6,7,8},{4,5,6,3,1,8,9,0,0},{0,0,0,0,0,0,0,0,0},{0,0,0,0,0,0,0,0,0},{0,0,0,0,0,0,0,0,0},{0,0,0,0,0,0,0,0,0},{0,0,0,0,0,0,0,0,0},{0,0,0,0,0,0,0,0,0},{0,0,0,0,0,0,0,0,0}}
]
00:38:12.870 [main] INFO  sudoku.model.SudokuBoard - Wartość 0 wstawiona nieprawidłowo
00:38:12.871 [main] INFO  sudoku.model.SudokuBoard - Bład w kwadracie 0
sudoku.model.SudokuBoard@7221539[
  size=9
  solver=sudoku.model.BacktrackingSudokuSolver@b77b0a0
  board={{1,2,3,4,9,5,6,7,8},{4,5,6,3,1,8,0,0,0},{0,0,0,0,0,0,0,0,0},{0,0,0,0,0,0,0,0,0},{0,0,0,0,0,0,0,0,0},{0,0,0,0,0,0,0,0,0},{0,0,0,0,0,0,0,0,0},{0,0,0,0,0,0,0,0,0},{0,0,0,0,0,0,0,0,0}}
]
00:38:12.871 [main] INFO  sudoku.model.SudokuBoard - Wartość 0 wstawiona nieprawidłowo
00:38:12.871 [main] INFO  sudoku.model.SudokuBoard - Bład w kwadracie 0
sudoku.model.SudokuBoard@7221539[
  size=9
  solver=sudoku.model.BacktrackingSudokuSolver@b77b0a0
  board={{1,2,3,4,9,5,6,7,8},{4,5,6,3,1,8,2,0,0},{0,0,0,0,0,0,0,0,0},{0,0,0,0,0,0,0,0,0},{0,0,0,0,0,0,0,0,0},{0,0,0,0,0,0,0,0,0},{0,0,0,0,0,0,0,0,0},{0,0,0,0,0,0,0,0,0},{0,0,0,0,0,0,0,0,0}}
]
00:38:12.871 [main] INFO  sudoku.model.SudokuBoard - Wartość 0 wstawiona nieprawidłowo
00:38:12.871 [main] INFO  sudoku.model.SudokuBoard - Bład w kwadracie 0
sudoku.model.SudokuBoard@7221539[
  size=9
  solver=sudoku.model.BacktrackingSudokuSolver@b77b0a0
  board={{1,2,3,4,9,5,6,7,8},{4,5,6,3,1,8,0,0,0},{0,0,0,0,0,0,0,0,0},{0,0,0,0,0,0,0,0,0},{0,0,0,0,0,0,0,0,0},{0,0,0,0,0,0,0,0,0},{0,0,0,0,0,0,0,0,0},{0,0,0,0,0,0,0,0,0},{0,0,0,0,0,0,0,0,0}}
]
00:38:12.871 [main] INFO  sudoku.model.SudokuBoard - Wartość 0 wstawiona nieprawidłowo
00:38:12.871 [main] INFO  sudoku.model.SudokuBoard - Bład w kwadracie 0
sudoku.model.SudokuBoard@7221539[
  size=9
  solver=sudoku.model.BacktrackingSudokuSolver@b77b0a0
  board={{1,2,3,4,9,5,6,7,8},{4,5,6,3,1,0,0,0,0},{0,0,0,0,0,0,0,0,0},{0,0,0,0,0,0,0,0,0},{0,0,0,0,0,0,0,0,0},{0,0,0,0,0,0,0,0,0},{0,0,0,0,0,0,0,0,0},{0,0,0,0,0,0,0,0,0},{0,0,0,0,0,0,0,0,0}}
]
00:38:12.871 [main] INFO  sudoku.model.SudokuBoard - Wartość 0 wstawiona nieprawidłowo
00:38:12.871 [main] INFO  sudoku.model.SudokuBoard - Bład w kwadracie 0
sudoku.model.SudokuBoard@7221539[
  size=9
  solver=sudoku.model.BacktrackingSudokuSolver@b77b0a0
  board={{1,2,3,4,9,5,6,7,8},{4,5,6,3,1,2,0,0,0},{0,0,0,0,0,0,0,0,0},{0,0,0,0,0,0,0,0,0},{0,0,0,0,0,0,0,0,0},{0,0,0,0,0,0,0,0,0},{0,0,0,0,0,0,0,0,0},{0,0,0,0,0,0,0,0,0},{0,0,0,0,0,0,0,0,0}}
]
00:38:12.873 [main] INFO  sudoku.model.SudokuBoard - Wartość 0 wstawiona nieprawidłowo
00:38:12.873 [main] INFO  sudoku.model.SudokuBoard - Bład w kwadracie 0
sudoku.model.SudokuBoard@7221539[
  size=9
  solver=sudoku.model.BacktrackingSudokuSolver@b77b0a0
  board={{1,2,3,4,9,5,6,7,8},{4,5,6,3,1,0,0,0,0},{0,0,0,0,0,0,0,0,0},{0,0,0,0,0,0,0,0,0},{0,0,0,0,0,0,0,0,0},{0,0,0,0,0,0,0,0,0},{0,0,0,0,0,0,0,0,0},{0,0,0,0,0,0,0,0,0},{0,0,0,0,0,0,0,0,0}}
]
00:38:12.873 [main] INFO  sudoku.model.SudokuBoard - Wartość 0 wstawiona nieprawidłowo
00:38:12.873 [main] INFO  sudoku.model.SudokuBoard - Bład w kwadracie 0
sudoku.model.SudokuBoard@7221539[
  size=9
  solver=sudoku.model.BacktrackingSudokuSolver@b77b0a0
  board={{1,2,3,4,9,5,6,7,8},{4,5,6,3,0,0,0,0,0},{0,0,0,0,0,0,0,0,0},{0,0,0,0,0,0,0,0,0},{0,0,0,0,0,0,0,0,0},{0,0,0,0,0,0,0,0,0},{0,0,0,0,0,0,0,0,0},{0,0,0,0,0,0,0,0,0},{0,0,0,0,0,0,0,0,0}}
]
00:38:12.873 [main] INFO  sudoku.model.SudokuBoard - Wartość 0 wstawiona nieprawidłowo
00:38:12.873 [main] INFO  sudoku.model.SudokuBoard - Bład w kwadracie 0
sudoku.model.SudokuBoard@7221539[
  size=9
  solver=sudoku.model.BacktrackingSudokuSolver@b77b0a0
  board={{1,2,3,4,9,5,6,7,8},{4,5,6,3,2,7,9,0,0},{0,0,0,0,0,0,0,0,0},{0,0,0,0,0,0,0,0,0},{0,0,0,0,0,0,0,0,0},{0,0,0,0,0,0,0,0,0},{0,0,0,0,0,0,0,0,0},{0,0,0,0,0,0,0,0,0},{0,0,0,0,0,0,0,0,0}}
]
00:38:12.873 [main] INFO  sudoku.model.SudokuBoard - Wartość 0 wstawiona nieprawidłowo
00:38:12.873 [main] INFO  sudoku.model.SudokuBoard - Bład w kwadracie 0
sudoku.model.SudokuBoard@7221539[
  size=9
  solver=sudoku.model.BacktrackingSudokuSolver@b77b0a0
  board={{1,2,3,4,9,5,6,7,8},{4,5,6,3,2,7,0,0,0},{0,0,0,0,0,0,0,0,0},{0,0,0,0,0,0,0,0,0},{0,0,0,0,0,0,0,0,0},{0,0,0,0,0,0,0,0,0},{0,0,0,0,0,0,0,0,0},{0,0,0,0,0,0,0,0,0},{0,0,0,0,0,0,0,0,0}}
]
00:38:12.873 [main] INFO  sudoku.model.SudokuBoard - Wartość 0 wstawiona nieprawidłowo
00:38:12.874 [main] INFO  sudoku.model.SudokuBoard - Bład w kwadracie 0
sudoku.model.SudokuBoard@7221539[
  size=9
  solver=sudoku.model.BacktrackingSudokuSolver@b77b0a0
  board={{1,2,3,4,9,5,6,7,8},{4,5,6,3,2,7,1,0,0},{0,0,0,0,0,0,0,0,0},{0,0,0,0,0,0,0,0,0},{0,0,0,0,0,0,0,0,0},{0,0,0,0,0,0,0,0,0},{0,0,0,0,0,0,0,0,0},{0,0,0,0,0,0,0,0,0},{0,0,0,0,0,0,0,0,0}}
]
00:38:12.874 [main] INFO  sudoku.model.SudokuBoard - Wartość 0 wstawiona nieprawidłowo
00:38:12.874 [main] INFO  sudoku.model.SudokuBoard - Bład w kwadracie 0
sudoku.model.SudokuBoard@7221539[
  size=9
  solver=sudoku.model.BacktrackingSudokuSolver@b77b0a0
  board={{1,2,3,4,9,5,6,7,8},{4,5,6,3,2,7,0,0,0},{0,0,0,0,0,0,0,0,0},{0,0,0,0,0,0,0,0,0},{0,0,0,0,0,0,0,0,0},{0,0,0,0,0,0,0,0,0},{0,0,0,0,0,0,0,0,0},{0,0,0,0,0,0,0,0,0},{0,0,0,0,0,0,0,0,0}}
]
00:38:12.874 [main] INFO  sudoku.model.SudokuBoard - Wartość 0 wstawiona nieprawidłowo
00:38:12.874 [main] INFO  sudoku.model.SudokuBoard - Bład w kwadracie 0
sudoku.model.SudokuBoard@7221539[
  size=9
  solver=sudoku.model.BacktrackingSudokuSolver@b77b0a0
  board={{1,2,3,4,9,5,6,7,8},{4,5,6,3,2,0,0,0,0},{0,0,0,0,0,0,0,0,0},{0,0,0,0,0,0,0,0,0},{0,0,0,0,0,0,0,0,0},{0,0,0,0,0,0,0,0,0},{0,0,0,0,0,0,0,0,0},{0,0,0,0,0,0,0,0,0},{0,0,0,0,0,0,0,0,0}}
]
00:38:12.874 [main] INFO  sudoku.model.SudokuBoard - Wartość 0 wstawiona nieprawidłowo
00:38:12.874 [main] INFO  sudoku.model.SudokuBoard - Bład w kwadracie 0
sudoku.model.SudokuBoard@7221539[
  size=9
  solver=sudoku.model.BacktrackingSudokuSolver@b77b0a0
  board={{1,2,3,4,9,5,6,7,8},{4,5,6,3,2,8,9,0,0},{0,0,0,0,0,0,0,0,0},{0,0,0,0,0,0,0,0,0},{0,0,0,0,0,0,0,0,0},{0,0,0,0,0,0,0,0,0},{0,0,0,0,0,0,0,0,0},{0,0,0,0,0,0,0,0,0},{0,0,0,0,0,0,0,0,0}}
]
00:38:12.874 [main] INFO  sudoku.model.SudokuBoard - Wartość 0 wstawiona nieprawidłowo
00:38:12.874 [main] INFO  sudoku.model.SudokuBoard - Bład w kwadracie 0
sudoku.model.SudokuBoard@7221539[
  size=9
  solver=sudoku.model.BacktrackingSudokuSolver@b77b0a0
  board={{1,2,3,4,9,5,6,7,8},{4,5,6,3,2,8,0,0,0},{0,0,0,0,0,0,0,0,0},{0,0,0,0,0,0,0,0,0},{0,0,0,0,0,0,0,0,0},{0,0,0,0,0,0,0,0,0},{0,0,0,0,0,0,0,0,0},{0,0,0,0,0,0,0,0,0},{0,0,0,0,0,0,0,0,0}}
]
00:38:12.874 [main] INFO  sudoku.model.SudokuBoard - Wartość 0 wstawiona nieprawidłowo
00:38:12.874 [main] INFO  sudoku.model.SudokuBoard - Bład w kwadracie 0
sudoku.model.SudokuBoard@7221539[
  size=9
  solver=sudoku.model.BacktrackingSudokuSolver@b77b0a0
  board={{1,2,3,4,9,5,6,7,8},{4,5,6,3,2,8,1,0,0},{0,0,0,0,0,0,0,0,0},{0,0,0,0,0,0,0,0,0},{0,0,0,0,0,0,0,0,0},{0,0,0,0,0,0,0,0,0},{0,0,0,0,0,0,0,0,0},{0,0,0,0,0,0,0,0,0},{0,0,0,0,0,0,0,0,0}}
]
00:38:12.875 [main] INFO  sudoku.model.SudokuBoard - Wartość 0 wstawiona nieprawidłowo
00:38:12.876 [main] INFO  sudoku.model.SudokuBoard - Bład w kwadracie 0
sudoku.model.SudokuBoard@7221539[
  size=9
  solver=sudoku.model.BacktrackingSudokuSolver@b77b0a0
  board={{1,2,3,4,9,5,6,7,8},{4,5,6,3,2,8,0,0,0},{0,0,0,0,0,0,0,0,0},{0,0,0,0,0,0,0,0,0},{0,0,0,0,0,0,0,0,0},{0,0,0,0,0,0,0,0,0},{0,0,0,0,0,0,0,0,0},{0,0,0,0,0,0,0,0,0},{0,0,0,0,0,0,0,0,0}}
]
00:38:12.876 [main] INFO  sudoku.model.SudokuBoard - Wartość 0 wstawiona nieprawidłowo
00:38:12.876 [main] INFO  sudoku.model.SudokuBoard - Bład w kwadracie 0
sudoku.model.SudokuBoard@7221539[
  size=9
  solver=sudoku.model.BacktrackingSudokuSolver@b77b0a0
  board={{1,2,3,4,9,5,6,7,8},{4,5,6,3,2,0,0,0,0},{0,0,0,0,0,0,0,0,0},{0,0,0,0,0,0,0,0,0},{0,0,0,0,0,0,0,0,0},{0,0,0,0,0,0,0,0,0},{0,0,0,0,0,0,0,0,0},{0,0,0,0,0,0,0,0,0},{0,0,0,0,0,0,0,0,0}}
]
00:38:12.876 [main] INFO  sudoku.model.SudokuBoard - Wartość 0 wstawiona nieprawidłowo
00:38:12.876 [main] INFO  sudoku.model.SudokuBoard - Bład w kwadracie 0
sudoku.model.SudokuBoard@7221539[
  size=9
  solver=sudoku.model.BacktrackingSudokuSolver@b77b0a0
  board={{1,2,3,4,9,5,6,7,8},{4,5,6,3,2,1,0,0,0},{0,0,0,0,0,0,0,0,0},{0,0,0,0,0,0,0,0,0},{0,0,0,0,0,0,0,0,0},{0,0,0,0,0,0,0,0,0},{0,0,0,0,0,0,0,0,0},{0,0,0,0,0,0,0,0,0},{0,0,0,0,0,0,0,0,0}}
]
00:38:12.876 [main] INFO  sudoku.model.SudokuBoard - Wartość 0 wstawiona nieprawidłowo
00:38:12.877 [main] INFO  sudoku.model.SudokuBoard - Bład w kwadracie 0
sudoku.model.SudokuBoard@7221539[
  size=9
  solver=sudoku.model.BacktrackingSudokuSolver@b77b0a0
  board={{1,2,3,4,9,5,6,7,8},{4,5,6,3,2,0,0,0,0},{0,0,0,0,0,0,0,0,0},{0,0,0,0,0,0,0,0,0},{0,0,0,0,0,0,0,0,0},{0,0,0,0,0,0,0,0,0},{0,0,0,0,0,0,0,0,0},{0,0,0,0,0,0,0,0,0},{0,0,0,0,0,0,0,0,0}}
]
00:38:12.877 [main] INFO  sudoku.model.SudokuBoard - Wartość 0 wstawiona nieprawidłowo
00:38:12.877 [main] INFO  sudoku.model.SudokuBoard - Bład w kwadracie 0
sudoku.model.SudokuBoard@7221539[
  size=9
  solver=sudoku.model.BacktrackingSudokuSolver@b77b0a0
  board={{1,2,3,4,9,5,6,7,8},{4,5,6,3,0,0,0,0,0},{0,0,0,0,0,0,0,0,0},{0,0,0,0,0,0,0,0,0},{0,0,0,0,0,0,0,0,0},{0,0,0,0,0,0,0,0,0},{0,0,0,0,0,0,0,0,0},{0,0,0,0,0,0,0,0,0},{0,0,0,0,0,0,0,0,0}}
]
00:38:12.877 [main] INFO  sudoku.model.SudokuBoard - Wartość 0 wstawiona nieprawidłowo
00:38:12.878 [main] INFO  sudoku.model.SudokuBoard - Bład w kwadracie 0
sudoku.model.SudokuBoard@7221539[
  size=9
  solver=sudoku.model.BacktrackingSudokuSolver@b77b0a0
  board={{1,2,3,4,9,5,6,7,8},{4,5,6,3,7,8,9,1,2},{7,8,9,6,1,2,3,4,5},{2,4,5,8,3,7,1,9,6},{3,7,8,9,2,1,4,0,0},{0,0,0,0,0,0,0,0,0},{0,0,0,0,0,0,0,0,0},{0,0,0,0,0,0,0,0,0},{0,0,0,0,0,0,0,0,0}}
]
00:38:12.879 [main] INFO  sudoku.model.SudokuBoard - Wartość 0 wstawiona nieprawidłowo
00:38:12.879 [main] INFO  sudoku.model.SudokuBoard - Bład w kwadracie 0
sudoku.model.SudokuBoard@7221539[
  size=9
  solver=sudoku.model.BacktrackingSudokuSolver@b77b0a0
  board={{1,2,3,4,9,5,6,7,8},{4,5,6,3,7,8,9,1,2},{7,8,9,6,1,2,3,4,5},{2,4,5,8,3,7,1,9,6},{3,7,8,9,2,1,0,0,0},{0,0,0,0,0,0,0,0,0},{0,0,0,0,0,0,0,0,0},{0,0,0,0,0,0,0,0,0},{0,0,0,0,0,0,0,0,0}}
]
00:38:12.879 [main] INFO  sudoku.model.SudokuBoard - Wartość 0 wstawiona nieprawidłowo
00:38:12.879 [main] INFO  sudoku.model.SudokuBoard - Bład w kwadracie 0
sudoku.model.SudokuBoard@7221539[
  size=9
  solver=sudoku.model.BacktrackingSudokuSolver@b77b0a0
  board={{1,2,3,4,9,5,6,7,8},{4,5,6,3,7,8,9,1,2},{7,8,9,6,1,2,3,4,5},{2,4,5,8,3,7,1,9,6},{3,7,8,9,2,1,0,0,0},{0,0,0,0,0,0,0,0,0},{0,0,0,0,0,0,0,0,0},{0,0,0,0,0,0,0,0,0},{0,0,0,0,0,0,0,0,0}}
]
00:38:12.879 [main] INFO  sudoku.model.SudokuBoard - Wartość 0 wstawiona nieprawidłowo
00:38:12.879 [main] INFO  sudoku.model.SudokuBoard - Bład w kwadracie 0
sudoku.model.SudokuBoard@7221539[
  size=9
  solver=sudoku.model.BacktrackingSudokuSolver@b77b0a0
  board={{1,2,3,4,9,5,6,7,8},{4,5,6,3,7,8,9,1,2},{7,8,9,6,1,2,3,4,5},{2,4,5,8,3,7,1,9,6},{3,7,8,9,2,0,0,0,0},{0,0,0,0,0,0,0,0,0},{0,0,0,0,0,0,0,0,0},{0,0,0,0,0,0,0,0,0},{0,0,0,0,0,0,0,0,0}}
]
00:38:12.879 [main] INFO  sudoku.model.SudokuBoard - Wartość 0 wstawiona nieprawidłowo
00:38:12.880 [main] INFO  sudoku.model.SudokuBoard - Bład w kwadracie 0
sudoku.model.SudokuBoard@7221539[
  size=9
  solver=sudoku.model.BacktrackingSudokuSolver@b77b0a0
  board={{1,2,3,4,9,5,6,7,8},{4,5,6,3,7,8,9,1,2},{7,8,9,6,1,2,3,4,5},{2,4,5,8,3,7,1,9,6},{3,7,8,9,2,4,0,0,0},{0,0,0,0,0,0,0,0,0},{0,0,0,0,0,0,0,0,0},{0,0,0,0,0,0,0,0,0},{0,0,0,0,0,0,0,0,0}}
]
00:38:12.880 [main] INFO  sudoku.model.SudokuBoard - Wartość 0 wstawiona nieprawidłowo
00:38:12.880 [main] INFO  sudoku.model.SudokuBoard - Bład w kwadracie 0
sudoku.model.SudokuBoard@7221539[
  size=9
  solver=sudoku.model.BacktrackingSudokuSolver@b77b0a0
  board={{1,2,3,4,9,5,6,7,8},{4,5,6,3,7,8,9,1,2},{7,8,9,6,1,2,3,4,5},{2,4,5,8,3,7,1,9,6},{3,7,8,9,2,0,0,0,0},{0,0,0,0,0,0,0,0,0},{0,0,0,0,0,0,0,0,0},{0,0,0,0,0,0,0,0,0},{0,0,0,0,0,0,0,0,0}}
]
00:38:12.880 [main] INFO  sudoku.model.SudokuBoard - Wartość 0 wstawiona nieprawidłowo
00:38:12.880 [main] INFO  sudoku.model.SudokuBoard - Bład w kwadracie 0
sudoku.model.SudokuBoard@7221539[
  size=9
  solver=sudoku.model.BacktrackingSudokuSolver@b77b0a0
  board={{1,2,3,4,9,5,6,7,8},{4,5,6,3,7,8,9,1,2},{7,8,9,6,1,2,3,4,5},{2,4,5,8,3,7,1,9,6},{3,7,8,9,2,6,4,0,0},{0,0,0,0,0,0,0,0,0},{0,0,0,0,0,0,0,0,0},{0,0,0,0,0,0,0,0,0},{0,0,0,0,0,0,0,0,0}}
]
00:38:12.880 [main] INFO  sudoku.model.SudokuBoard - Wartość 0 wstawiona nieprawidłowo
00:38:12.880 [main] INFO  sudoku.model.SudokuBoard - Bład w kwadracie 0
sudoku.model.SudokuBoard@7221539[
  size=9
  solver=sudoku.model.BacktrackingSudokuSolver@b77b0a0
  board={{1,2,3,4,9,5,6,7,8},{4,5,6,3,7,8,9,1,2},{7,8,9,6,1,2,3,4,5},{2,4,5,8,3,7,1,9,6},{3,7,8,9,2,6,0,0,0},{0,0,0,0,0,0,0,0,0},{0,0,0,0,0,0,0,0,0},{0,0,0,0,0,0,0,0,0},{0,0,0,0,0,0,0,0,0}}
]
00:38:12.880 [main] INFO  sudoku.model.SudokuBoard - Wartość 0 wstawiona nieprawidłowo
00:38:12.880 [main] INFO  sudoku.model.SudokuBoard - Bład w kwadracie 0
sudoku.model.SudokuBoard@7221539[
  size=9
  solver=sudoku.model.BacktrackingSudokuSolver@b77b0a0
  board={{1,2,3,4,9,5,6,7,8},{4,5,6,3,7,8,9,1,2},{7,8,9,6,1,2,3,4,5},{2,4,5,8,3,7,1,9,6},{3,7,8,9,2,6,0,0,0},{0,0,0,0,0,0,0,0,0},{0,0,0,0,0,0,0,0,0},{0,0,0,0,0,0,0,0,0},{0,0,0,0,0,0,0,0,0}}
]
00:38:12.880 [main] INFO  sudoku.model.SudokuBoard - Wartość 0 wstawiona nieprawidłowo
00:38:12.880 [main] INFO  sudoku.model.SudokuBoard - Bład w kwadracie 0
sudoku.model.SudokuBoard@7221539[
  size=9
  solver=sudoku.model.BacktrackingSudokuSolver@b77b0a0
  board={{1,2,3,4,9,5,6,7,8},{4,5,6,3,7,8,9,1,2},{7,8,9,6,1,2,3,4,5},{2,4,5,8,3,7,1,9,6},{3,7,8,9,2,0,0,0,0},{0,0,0,0,0,0,0,0,0},{0,0,0,0,0,0,0,0,0},{0,0,0,0,0,0,0,0,0},{0,0,0,0,0,0,0,0,0}}
]
00:38:12.880 [main] INFO  sudoku.model.SudokuBoard - Wartość 0 wstawiona nieprawidłowo
00:38:12.880 [main] INFO  sudoku.model.SudokuBoard - Bład w kwadracie 0
sudoku.model.SudokuBoard@7221539[
  size=9
  solver=sudoku.model.BacktrackingSudokuSolver@b77b0a0
  board={{1,2,3,4,9,5,6,7,8},{4,5,6,3,7,8,9,1,2},{7,8,9,6,1,2,3,4,5},{2,4,5,8,3,7,1,9,6},{3,7,8,9,0,0,0,0,0},{0,0,0,0,0,0,0,0,0},{0,0,0,0,0,0,0,0,0},{0,0,0,0,0,0,0,0,0},{0,0,0,0,0,0,0,0,0}}
]
00:38:12.881 [main] INFO  sudoku.model.SudokuBoard - Wartość 0 wstawiona nieprawidłowo
00:38:12.881 [main] INFO  sudoku.model.SudokuBoard - Bład w kwadracie 0
sudoku.model.SudokuBoard@7221539[
  size=9
  solver=sudoku.model.BacktrackingSudokuSolver@b77b0a0
  board={{1,2,3,4,9,5,6,7,8},{4,5,6,3,7,8,9,1,2},{7,8,9,6,1,2,3,4,5},{2,4,5,8,3,7,1,9,6},{3,7,8,9,4,1,2,0,0},{0,0,0,0,0,0,0,0,0},{0,0,0,0,0,0,0,0,0},{0,0,0,0,0,0,0,0,0},{0,0,0,0,0,0,0,0,0}}
]
00:38:12.881 [main] INFO  sudoku.model.SudokuBoard - Wartość 0 wstawiona nieprawidłowo
00:38:12.881 [main] INFO  sudoku.model.SudokuBoard - Bład w kwadracie 0
sudoku.model.SudokuBoard@7221539[
  size=9
  solver=sudoku.model.BacktrackingSudokuSolver@b77b0a0
  board={{1,2,3,4,9,5,6,7,8},{4,5,6,3,7,8,9,1,2},{7,8,9,6,1,2,3,4,5},{2,4,5,8,3,7,1,9,6},{3,7,8,9,4,1,0,0,0},{0,0,0,0,0,0,0,0,0},{0,0,0,0,0,0,0,0,0},{0,0,0,0,0,0,0,0,0},{0,0,0,0,0,0,0,0,0}}
]
00:38:12.881 [main] INFO  sudoku.model.SudokuBoard - Wartość 0 wstawiona nieprawidłowo
00:38:12.881 [main] INFO  sudoku.model.SudokuBoard - Bład w kwadracie 0
sudoku.model.SudokuBoard@7221539[
  size=9
  solver=sudoku.model.BacktrackingSudokuSolver@b77b0a0
  board={{1,2,3,4,9,5,6,7,8},{4,5,6,3,7,8,9,1,2},{7,8,9,6,1,2,3,4,5},{2,4,5,8,3,7,1,9,6},{3,7,8,9,4,1,5,0,0},{0,0,0,0,0,0,0,0,0},{0,0,0,0,0,0,0,0,0},{0,0,0,0,0,0,0,0,0},{0,0,0,0,0,0,0,0,0}}
]
00:38:12.881 [main] INFO  sudoku.model.SudokuBoard - Wartość 0 wstawiona nieprawidłowo
00:38:12.881 [main] INFO  sudoku.model.SudokuBoard - Bład w kwadracie 0
sudoku.model.SudokuBoard@7221539[
  size=9
  solver=sudoku.model.BacktrackingSudokuSolver@b77b0a0
  board={{1,2,3,4,9,5,6,7,8},{4,5,6,3,7,8,9,1,2},{7,8,9,6,1,2,3,4,5},{2,4,5,8,3,7,1,9,6},{3,7,8,9,4,1,0,0,0},{0,0,0,0,0,0,0,0,0},{0,0,0,0,0,0,0,0,0},{0,0,0,0,0,0,0,0,0},{0,0,0,0,0,0,0,0,0}}
]
00:38:12.881 [main] INFO  sudoku.model.SudokuBoard - Wartość 0 wstawiona nieprawidłowo
00:38:12.881 [main] INFO  sudoku.model.SudokuBoard - Bład w kwadracie 0
sudoku.model.SudokuBoard@7221539[
  size=9
  solver=sudoku.model.BacktrackingSudokuSolver@b77b0a0
  board={{1,2,3,4,9,5,6,7,8},{4,5,6,3,7,8,9,1,2},{7,8,9,6,1,2,3,4,5},{2,4,5,8,3,7,1,9,6},{3,7,8,9,4,0,0,0,0},{0,0,0,0,0,0,0,0,0},{0,0,0,0,0,0,0,0,0},{0,0,0,0,0,0,0,0,0},{0,0,0,0,0,0,0,0,0}}
]
00:38:12.881 [main] INFO  sudoku.model.SudokuBoard - Wartość 0 wstawiona nieprawidłowo
00:38:12.881 [main] INFO  sudoku.model.SudokuBoard - Bład w kwadracie 0
sudoku.model.SudokuBoard@7221539[
  size=9
  solver=sudoku.model.BacktrackingSudokuSolver@b77b0a0
  board={{1,2,3,4,9,5,6,7,8},{4,5,6,3,7,8,9,1,2},{7,8,9,6,1,2,3,4,5},{2,4,5,8,3,7,1,9,6},{3,7,8,9,4,6,2,0,0},{0,0,0,0,0,0,0,0,0},{0,0,0,0,0,0,0,0,0},{0,0,0,0,0,0,0,0,0},{0,0,0,0,0,0,0,0,0}}
]
00:38:12.881 [main] INFO  sudoku.model.SudokuBoard - Wartość 0 wstawiona nieprawidłowo
00:38:12.881 [main] INFO  sudoku.model.SudokuBoard - Bład w kwadracie 0
sudoku.model.SudokuBoard@7221539[
  size=9
  solver=sudoku.model.BacktrackingSudokuSolver@b77b0a0
  board={{1,2,3,4,9,5,6,7,8},{4,5,6,3,7,8,9,1,2},{7,8,9,6,1,2,3,4,5},{2,4,5,8,3,7,1,9,6},{3,7,8,9,4,6,0,0,0},{0,0,0,0,0,0,0,0,0},{0,0,0,0,0,0,0,0,0},{0,0,0,0,0,0,0,0,0},{0,0,0,0,0,0,0,0,0}}
]
00:38:12.881 [main] INFO  sudoku.model.SudokuBoard - Wartość 0 wstawiona nieprawidłowo
00:38:12.882 [main] INFO  sudoku.model.SudokuBoard - Bład w kwadracie 0
sudoku.model.SudokuBoard@7221539[
  size=9
  solver=sudoku.model.BacktrackingSudokuSolver@b77b0a0
  board={{1,2,3,4,9,5,6,7,8},{4,5,6,3,7,8,9,1,2},{7,8,9,6,1,2,3,4,5},{2,4,5,8,3,7,1,9,6},{3,7,8,9,4,6,5,0,0},{0,0,0,0,0,0,0,0,0},{0,0,0,0,0,0,0,0,0},{0,0,0,0,0,0,0,0,0},{0,0,0,0,0,0,0,0,0}}
]
00:38:12.882 [main] INFO  sudoku.model.SudokuBoard - Wartość 0 wstawiona nieprawidłowo
00:38:12.882 [main] INFO  sudoku.model.SudokuBoard - Bład w kwadracie 0
sudoku.model.SudokuBoard@7221539[
  size=9
  solver=sudoku.model.BacktrackingSudokuSolver@b77b0a0
  board={{1,2,3,4,9,5,6,7,8},{4,5,6,3,7,8,9,1,2},{7,8,9,6,1,2,3,4,5},{2,4,5,8,3,7,1,9,6},{3,7,8,9,4,6,0,0,0},{0,0,0,0,0,0,0,0,0},{0,0,0,0,0,0,0,0,0},{0,0,0,0,0,0,0,0,0},{0,0,0,0,0,0,0,0,0}}
]
00:38:12.882 [main] INFO  sudoku.model.SudokuBoard - Wartość 0 wstawiona nieprawidłowo
00:38:12.882 [main] INFO  sudoku.model.SudokuBoard - Bład w kwadracie 0
sudoku.model.SudokuBoard@7221539[
  size=9
  solver=sudoku.model.BacktrackingSudokuSolver@b77b0a0
  board={{1,2,3,4,9,5,6,7,8},{4,5,6,3,7,8,9,1,2},{7,8,9,6,1,2,3,4,5},{2,4,5,8,3,7,1,9,6},{3,7,8,9,4,0,0,0,0},{0,0,0,0,0,0,0,0,0},{0,0,0,0,0,0,0,0,0},{0,0,0,0,0,0,0,0,0},{0,0,0,0,0,0,0,0,0}}
]
00:38:12.882 [main] INFO  sudoku.model.SudokuBoard - Wartość 0 wstawiona nieprawidłowo
00:38:12.882 [main] INFO  sudoku.model.SudokuBoard - Bład w kwadracie 0
sudoku.model.SudokuBoard@7221539[
  size=9
  solver=sudoku.model.BacktrackingSudokuSolver@b77b0a0
  board={{1,2,3,4,9,5,6,7,8},{4,5,6,3,7,8,9,1,2},{7,8,9,6,1,2,3,4,5},{2,4,5,8,3,7,1,9,6},{3,7,8,9,0,0,0,0,0},{0,0,0,0,0,0,0,0,0},{0,0,0,0,0,0,0,0,0},{0,0,0,0,0,0,0,0,0},{0,0,0,0,0,0,0,0,0}}
]
00:38:12.882 [main] INFO  sudoku.model.SudokuBoard - Wartość 0 wstawiona nieprawidłowo
00:38:12.882 [main] INFO  sudoku.model.SudokuBoard - Bład w kwadracie 0
sudoku.model.SudokuBoard@7221539[
  size=9
  solver=sudoku.model.BacktrackingSudokuSolver@b77b0a0
  board={{1,2,3,4,9,5,6,7,8},{4,5,6,3,7,8,9,1,2},{7,8,9,6,1,2,3,4,5},{2,4,5,8,3,7,1,9,6},{3,7,8,9,5,4,0,0,0},{0,0,0,0,0,0,0,0,0},{0,0,0,0,0,0,0,0,0},{0,0,0,0,0,0,0,0,0},{0,0,0,0,0,0,0,0,0}}
]
00:38:12.882 [main] INFO  sudoku.model.SudokuBoard - Wartość 0 wstawiona nieprawidłowo
00:38:12.882 [main] INFO  sudoku.model.SudokuBoard - Bład w kwadracie 0
sudoku.model.SudokuBoard@7221539[
  size=9
  solver=sudoku.model.BacktrackingSudokuSolver@b77b0a0
  board={{1,2,3,4,9,5,6,7,8},{4,5,6,3,7,8,9,1,2},{7,8,9,6,1,2,3,4,5},{2,4,5,8,3,7,1,9,6},{3,7,8,9,5,0,0,0,0},{0,0,0,0,0,0,0,0,0},{0,0,0,0,0,0,0,0,0},{0,0,0,0,0,0,0,0,0},{0,0,0,0,0,0,0,0,0}}
]
00:38:12.882 [main] INFO  sudoku.model.SudokuBoard - Wartość 0 wstawiona nieprawidłowo
00:38:12.882 [main] INFO  sudoku.model.SudokuBoard - Bład w kwadracie 0
sudoku.model.SudokuBoard@7221539[
  size=9
  solver=sudoku.model.BacktrackingSudokuSolver@b77b0a0
  board={{1,2,3,4,9,5,6,7,8},{4,5,6,3,7,8,9,1,2},{7,8,9,6,1,2,3,4,5},{2,4,5,8,3,7,1,9,6},{3,7,8,9,5,6,0,0,0},{0,0,0,0,0,0,0,0,0},{0,0,0,0,0,0,0,0,0},{0,0,0,0,0,0,0,0,0},{0,0,0,0,0,0,0,0,0}}
]
00:38:12.883 [main] INFO  sudoku.model.SudokuBoard - Wartość 0 wstawiona nieprawidłowo
00:38:12.883 [main] INFO  sudoku.model.SudokuBoard - Bład w kwadracie 0
sudoku.model.SudokuBoard@7221539[
  size=9
  solver=sudoku.model.BacktrackingSudokuSolver@b77b0a0
  board={{1,2,3,4,9,5,6,7,8},{4,5,6,3,7,8,9,1,2},{7,8,9,6,1,2,3,4,5},{2,4,5,8,3,7,1,9,6},{3,7,8,9,5,6,4,0,0},{0,0,0,0,0,0,0,0,0},{0,0,0,0,0,0,0,0,0},{0,0,0,0,0,0,0,0,0},{0,0,0,0,0,0,0,0,0}}
]
00:38:12.883 [main] INFO  sudoku.model.SudokuBoard - Wartość 0 wstawiona nieprawidłowo
00:38:12.883 [main] INFO  sudoku.model.SudokuBoard - Bład w kwadracie 0
sudoku.model.SudokuBoard@7221539[
  size=9
  solver=sudoku.model.BacktrackingSudokuSolver@b77b0a0
  board={{1,2,3,4,9,5,6,7,8},{4,5,6,3,7,8,9,1,2},{7,8,9,6,1,2,3,4,5},{2,4,5,8,3,7,1,9,6},{3,7,8,9,5,6,0,0,0},{0,0,0,0,0,0,0,0,0},{0,0,0,0,0,0,0,0,0},{0,0,0,0,0,0,0,0,0},{0,0,0,0,0,0,0,0,0}}
]
00:38:12.883 [main] INFO  sudoku.model.SudokuBoard - Wartość 0 wstawiona nieprawidłowo
00:38:12.883 [main] INFO  sudoku.model.SudokuBoard - Bład w kwadracie 0
sudoku.model.SudokuBoard@7221539[
  size=9
  solver=sudoku.model.BacktrackingSudokuSolver@b77b0a0
  board={{1,2,3,4,9,5,6,7,8},{4,5,6,3,7,8,9,1,2},{7,8,9,6,1,2,3,4,5},{2,4,5,8,3,7,1,9,6},{3,7,8,9,5,0,0,0,0},{0,0,0,0,0,0,0,0,0},{0,0,0,0,0,0,0,0,0},{0,0,0,0,0,0,0,0,0},{0,0,0,0,0,0,0,0,0}}
]
00:38:12.883 [main] INFO  sudoku.model.SudokuBoard - Wartość 0 wstawiona nieprawidłowo
00:38:12.883 [main] INFO  sudoku.model.SudokuBoard - Bład w kwadracie 0
sudoku.model.SudokuBoard@7221539[
  size=9
  solver=sudoku.model.BacktrackingSudokuSolver@b77b0a0
  board={{1,2,3,4,9,5,6,7,8},{4,5,6,3,7,8,9,1,2},{7,8,9,6,1,2,3,4,5},{2,4,5,8,3,7,1,9,6},{3,7,8,9,5,1,0,0,0},{0,0,0,0,0,0,0,0,0},{0,0,0,0,0,0,0,0,0},{0,0,0,0,0,0,0,0,0},{0,0,0,0,0,0,0,0,0}}
]
00:38:12.883 [main] INFO  sudoku.model.SudokuBoard - Wartość 0 wstawiona nieprawidłowo
00:38:12.883 [main] INFO  sudoku.model.SudokuBoard - Bład w kwadracie 0
sudoku.model.SudokuBoard@7221539[
  size=9
  solver=sudoku.model.BacktrackingSudokuSolver@b77b0a0
  board={{1,2,3,4,9,5,6,7,8},{4,5,6,3,7,8,9,1,2},{7,8,9,6,1,2,3,4,5},{2,4,5,8,3,7,1,9,6},{3,7,8,9,5,1,4,0,0},{0,0,0,0,0,0,0,0,0},{0,0,0,0,0,0,0,0,0},{0,0,0,0,0,0,0,0,0},{0,0,0,0,0,0,0,0,0}}
]
00:38:12.883 [main] INFO  sudoku.model.SudokuBoard - Wartość 0 wstawiona nieprawidłowo
00:38:12.883 [main] INFO  sudoku.model.SudokuBoard - Bład w kwadracie 0
sudoku.model.SudokuBoard@7221539[
  size=9
  solver=sudoku.model.BacktrackingSudokuSolver@b77b0a0
  board={{1,2,3,4,9,5,6,7,8},{4,5,6,3,7,8,9,1,2},{7,8,9,6,1,2,3,4,5},{2,4,5,8,3,7,1,9,6},{3,7,8,9,5,1,0,0,0},{0,0,0,0,0,0,0,0,0},{0,0,0,0,0,0,0,0,0},{0,0,0,0,0,0,0,0,0},{0,0,0,0,0,0,0,0,0}}
]
00:38:12.883 [main] INFO  sudoku.model.SudokuBoard - Wartość 0 wstawiona nieprawidłowo
00:38:12.884 [main] INFO  sudoku.model.SudokuBoard - Bład w kwadracie 0
sudoku.model.SudokuBoard@7221539[
  size=9
  solver=sudoku.model.BacktrackingSudokuSolver@b77b0a0
  board={{1,2,3,4,9,5,6,7,8},{4,5,6,3,7,8,9,1,2},{7,8,9,6,1,2,3,4,5},{2,4,5,8,3,7,1,9,6},{3,7,8,9,5,0,0,0,0},{0,0,0,0,0,0,0,0,0},{0,0,0,0,0,0,0,0,0},{0,0,0,0,0,0,0,0,0},{0,0,0,0,0,0,0,0,0}}
]
00:38:12.884 [main] INFO  sudoku.model.SudokuBoard - Wartość 0 wstawiona nieprawidłowo
00:38:12.884 [main] INFO  sudoku.model.SudokuBoard - Bład w kwadracie 0
sudoku.model.SudokuBoard@7221539[
  size=9
  solver=sudoku.model.BacktrackingSudokuSolver@b77b0a0
  board={{1,2,3,4,9,5,6,7,8},{4,5,6,3,7,8,9,1,2},{7,8,9,6,1,2,3,4,5},{2,4,5,8,3,7,1,9,6},{3,7,8,9,0,0,0,0,0},{0,0,0,0,0,0,0,0,0},{0,0,0,0,0,0,0,0,0},{0,0,0,0,0,0,0,0,0},{0,0,0,0,0,0,0,0,0}}
]
00:38:12.884 [main] INFO  sudoku.model.SudokuBoard - Wartość 0 wstawiona nieprawidłowo
00:38:12.884 [main] INFO  sudoku.model.SudokuBoard - Bład w kwadracie 0
sudoku.model.SudokuBoard@7221539[
  size=9
  solver=sudoku.model.BacktrackingSudokuSolver@b77b0a0
  board={{1,2,3,4,9,5,6,7,8},{4,5,6,3,7,8,9,1,2},{7,8,9,6,1,2,3,4,5},{2,4,5,8,3,7,1,9,6},{3,7,8,9,6,1,4,0,0},{0,0,0,0,0,0,0,0,0},{0,0,0,0,0,0,0,0,0},{0,0,0,0,0,0,0,0,0},{0,0,0,0,0,0,0,0,0}}
]
00:38:12.884 [main] INFO  sudoku.model.SudokuBoard - Wartość 0 wstawiona nieprawidłowo
00:38:12.884 [main] INFO  sudoku.model.SudokuBoard - Bład w kwadracie 0
sudoku.model.SudokuBoard@7221539[
  size=9
  solver=sudoku.model.BacktrackingSudokuSolver@b77b0a0
  board={{1,2,3,4,9,5,6,7,8},{4,5,6,3,7,8,9,1,2},{7,8,9,6,1,2,3,4,5},{2,4,5,8,3,7,1,9,6},{3,7,8,9,6,1,4,0,0},{0,0,0,0,0,0,0,0,0},{0,0,0,0,0,0,0,0,0},{0,0,0,0,0,0,0,0,0},{0,0,0,0,0,0,0,0,0}}
]
00:38:12.884 [main] INFO  sudoku.model.SudokuBoard - Wartość 0 wstawiona nieprawidłowo
00:38:12.884 [main] INFO  sudoku.model.SudokuBoard - Bład w kwadracie 0
sudoku.model.SudokuBoard@7221539[
  size=9
  solver=sudoku.model.BacktrackingSudokuSolver@b77b0a0
  board={{1,2,3,4,9,5,6,7,8},{4,5,6,3,7,8,9,1,2},{7,8,9,6,1,2,3,4,5},{2,4,5,8,3,7,1,9,6},{3,7,8,9,6,1,0,0,0},{0,0,0,0,0,0,0,0,0},{0,0,0,0,0,0,0,0,0},{0,0,0,0,0,0,0,0,0},{0,0,0,0,0,0,0,0,0}}
]
00:38:12.884 [main] INFO  sudoku.model.SudokuBoard - Wartość 0 wstawiona nieprawidłowo
00:38:12.884 [main] INFO  sudoku.model.SudokuBoard - Bład w kwadracie 0
sudoku.model.SudokuBoard@7221539[
  size=9
  solver=sudoku.model.BacktrackingSudokuSolver@b77b0a0
  board={{1,2,3,4,9,5,6,7,8},{4,5,6,3,7,8,9,1,2},{7,8,9,6,1,2,3,4,5},{2,4,5,8,3,7,1,9,6},{3,7,8,9,6,1,5,2,4},{6,9,1,2,0,0,0,0,0},{0,0,0,0,0,0,0,0,0},{0,0,0,0,0,0,0,0,0},{0,0,0,0,0,0,0,0,0}}
]
00:38:12.885 [main] INFO  sudoku.model.SudokuBoard - Wartość 0 wstawiona nieprawidłowo
00:38:12.885 [main] INFO  sudoku.model.SudokuBoard - Bład w kwadracie 0
sudoku.model.SudokuBoard@7221539[
  size=9
  solver=sudoku.model.BacktrackingSudokuSolver@b77b0a0
  board={{1,2,3,4,9,5,6,7,8},{4,5,6,3,7,8,9,1,2},{7,8,9,6,1,2,3,4,5},{2,4,5,8,3,7,1,9,6},{3,7,8,9,6,1,5,2,4},{6,9,1,2,5,4,7,8,3},{5,1,0,0,0,0,0,0,0},{0,0,0,0,0,0,0,0,0},{0,0,0,0,0,0,0,0,0}}
]
00:38:12.885 [main] INFO  sudoku.model.SudokuBoard - Wartość 0 wstawiona nieprawidłowo
00:38:12.885 [main] INFO  sudoku.model.SudokuBoard - Bład w kwadracie 0
sudoku.model.SudokuBoard@7221539[
  size=9
  solver=sudoku.model.BacktrackingSudokuSolver@b77b0a0
  board={{1,2,3,4,9,5,6,7,8},{4,5,6,3,7,8,9,1,2},{7,8,9,6,1,2,3,4,5},{2,4,5,8,3,7,1,9,6},{3,7,8,9,6,1,5,2,4},{6,9,1,2,5,4,7,8,3},{5,1,2,7,4,3,8,6,9},{8,3,7,1,2,9,4,0,0},{0,0,0,0,0,0,0,0,0}}
]
00:38:12.885 [main] INFO  sudoku.model.SudokuBoard - Wartość 0 wstawiona nieprawidłowo
00:38:12.885 [main] INFO  sudoku.model.SudokuBoard - Bład w kwadracie 0
sudoku.model.SudokuBoard@7221539[
  size=9
  solver=sudoku.model.BacktrackingSudokuSolver@b77b0a0
  board={{1,2,3,4,9,5,6,7,8},{4,5,6,3,7,8,9,1,2},{7,8,9,6,1,2,3,4,5},{2,4,5,8,3,7,1,9,6},{3,7,8,9,6,1,5,2,4},{6,9,1,2,5,4,7,8,3},{5,1,2,7,4,3,8,6,9},{8,3,7,1,2,9,0,0,0},{0,0,0,0,0,0,0,0,0}}
]
00:38:12.885 [main] INFO  sudoku.model.SudokuBoard - Wartość 0 wstawiona nieprawidłowo
00:38:12.885 [main] INFO  sudoku.model.SudokuBoard - Bład w kwadracie 0
sudoku.model.SudokuBoard@7221539[
  size=9
  solver=sudoku.model.BacktrackingSudokuSolver@b77b0a0
  board={{1,2,3,4,9,5,6,7,8},{4,5,6,3,7,8,9,1,2},{7,8,9,6,1,2,3,4,5},{2,4,5,8,3,7,1,9,6},{3,7,8,9,6,1,5,2,4},{6,9,1,2,5,4,7,8,3},{5,1,2,7,4,3,8,6,9},{8,3,7,1,2,0,0,0,0},{0,0,0,0,0,0,0,0,0}}
]
00:38:12.885 [main] INFO  sudoku.model.SudokuBoard - Wartość 0 wstawiona nieprawidłowo
00:38:12.886 [main] INFO  sudoku.model.SudokuBoard - Bład w kwadracie 0
sudoku.model.SudokuBoard@7221539[
  size=9
  solver=sudoku.model.BacktrackingSudokuSolver@b77b0a0
  board={{1,2,3,4,9,5,6,7,8},{4,5,6,3,7,8,9,1,2},{7,8,9,6,1,2,3,4,5},{2,4,5,8,3,7,1,9,6},{3,7,8,9,6,1,5,2,4},{6,9,1,2,5,4,7,8,3},{5,1,2,7,4,3,8,6,9},{8,3,7,1,2,6,4,0,0},{0,0,0,0,0,0,0,0,0}}
]
00:38:12.886 [main] INFO  sudoku.model.SudokuBoard - Wartość 0 wstawiona nieprawidłowo
00:38:12.886 [main] INFO  sudoku.model.SudokuBoard - Bład w kwadracie 0
sudoku.model.SudokuBoard@7221539[
  size=9
  solver=sudoku.model.BacktrackingSudokuSolver@b77b0a0
  board={{1,2,3,4,9,5,6,7,8},{4,5,6,3,7,8,9,1,2},{7,8,9,6,1,2,3,4,5},{2,4,5,8,3,7,1,9,6},{3,7,8,9,6,1,5,2,4},{6,9,1,2,5,4,7,8,3},{5,1,2,7,4,3,8,6,9},{8,3,7,1,2,6,0,0,0},{0,0,0,0,0,0,0,0,0}}
]
00:38:12.886 [main] INFO  sudoku.model.SudokuBoard - Wartość 0 wstawiona nieprawidłowo
00:38:12.886 [main] INFO  sudoku.model.SudokuBoard - Bład w kwadracie 0
sudoku.model.SudokuBoard@7221539[
  size=9
  solver=sudoku.model.BacktrackingSudokuSolver@b77b0a0
  board={{1,2,3,4,9,5,6,7,8},{4,5,6,3,7,8,9,1,2},{7,8,9,6,1,2,3,4,5},{2,4,5,8,3,7,1,9,6},{3,7,8,9,6,1,5,2,4},{6,9,1,2,5,4,7,8,3},{5,1,2,7,4,3,8,6,9},{8,3,7,1,2,0,0,0,0},{0,0,0,0,0,0,0,0,0}}
]
00:38:12.886 [main] INFO  sudoku.model.SudokuBoard - Wartość 0 wstawiona nieprawidłowo
00:38:12.886 [main] INFO  sudoku.model.SudokuBoard - Bład w kwadracie 0
sudoku.model.SudokuBoard@7221539[
  size=9
  solver=sudoku.model.BacktrackingSudokuSolver@b77b0a0
  board={{1,2,3,4,9,5,6,7,8},{4,5,6,3,7,8,9,1,2},{7,8,9,6,1,2,3,4,5},{2,4,5,8,3,7,1,9,6},{3,7,8,9,6,1,5,2,4},{6,9,1,2,5,4,7,8,3},{5,1,2,7,4,3,8,6,9},{8,3,7,1,0,0,0,0,0},{0,0,0,0,0,0,0,0,0}}
]
00:38:12.886 [main] INFO  sudoku.model.SudokuBoard - Wartość 0 wstawiona nieprawidłowo
00:38:12.886 [main] INFO  sudoku.model.SudokuBoard - Bład w kwadracie 0
sudoku.model.SudokuBoard@7221539[
  size=9
  solver=sudoku.model.BacktrackingSudokuSolver@b77b0a0
  board={{1,2,3,4,9,5,6,7,8},{4,5,6,3,7,8,9,1,2},{7,8,9,6,1,2,3,4,5},{2,4,5,8,3,7,1,9,6},{3,7,8,9,6,1,5,2,4},{6,9,1,2,5,4,7,8,3},{5,1,2,7,4,3,8,6,9},{8,3,7,0,0,0,0,0,0},{0,0,0,0,0,0,0,0,0}}
]
00:38:12.886 [main] INFO  sudoku.model.SudokuBoard - Wartość 0 wstawiona nieprawidłowo
00:38:12.886 [main] INFO  sudoku.model.SudokuBoard - Bład w kwadracie 0
sudoku.model.SudokuBoard@7221539[
  size=9
  solver=sudoku.model.BacktrackingSudokuSolver@b77b0a0
  board={{1,2,3,4,9,5,6,7,8},{4,5,6,3,7,8,9,1,2},{7,8,9,6,1,2,3,4,5},{2,4,5,8,3,7,1,9,6},{3,7,8,9,6,1,5,2,4},{6,9,1,2,5,4,7,8,3},{5,1,2,7,4,3,8,6,9},{8,3,7,5,2,6,0,0,0},{0,0,0,0,0,0,0,0,0}}
]
00:38:12.886 [main] INFO  sudoku.model.SudokuBoard - Wartość 0 wstawiona nieprawidłowo
00:38:12.887 [main] INFO  sudoku.model.SudokuBoard - Bład w kwadracie 0
sudoku.model.SudokuBoard@7221539[
  size=9
  solver=sudoku.model.BacktrackingSudokuSolver@b77b0a0
  board={{1,2,3,4,9,5,6,7,8},{4,5,6,3,7,8,9,1,2},{7,8,9,6,1,2,3,4,5},{2,4,5,8,3,7,1,9,6},{3,7,8,9,6,1,5,2,4},{6,9,1,2,5,4,7,8,3},{5,1,2,7,4,3,8,6,9},{8,3,7,5,2,0,0,0,0},{0,0,0,0,0,0,0,0,0}}
]
00:38:12.887 [main] INFO  sudoku.model.SudokuBoard - Wartość 0 wstawiona nieprawidłowo
00:38:12.887 [main] INFO  sudoku.model.SudokuBoard - Bład w kwadracie 0
sudoku.model.SudokuBoard@7221539[
  size=9
  solver=sudoku.model.BacktrackingSudokuSolver@b77b0a0
  board={{1,2,3,4,9,5,6,7,8},{4,5,6,3,7,8,9,1,2},{7,8,9,6,1,2,3,4,5},{2,4,5,8,3,7,1,9,6},{3,7,8,9,6,1,5,2,4},{6,9,1,2,5,4,7,8,3},{5,1,2,7,4,3,8,6,9},{8,3,7,5,2,9,0,0,0},{0,0,0,0,0,0,0,0,0}}
]
00:38:12.887 [main] INFO  sudoku.model.SudokuBoard - Wartość 0 wstawiona nieprawidłowo
00:38:12.887 [main] INFO  sudoku.model.SudokuBoard - Bład w kwadracie 0
sudoku.model.SudokuBoard@7221539[
  size=9
  solver=sudoku.model.BacktrackingSudokuSolver@b77b0a0
  board={{1,2,3,4,9,5,6,7,8},{4,5,6,3,7,8,9,1,2},{7,8,9,6,1,2,3,4,5},{2,4,5,8,3,7,1,9,6},{3,7,8,9,6,1,5,2,4},{6,9,1,2,5,4,7,8,3},{5,1,2,7,4,3,8,6,9},{8,3,7,5,2,0,0,0,0},{0,0,0,0,0,0,0,0,0}}
]
00:38:12.887 [main] INFO  sudoku.model.SudokuBoard - Wartość 0 wstawiona nieprawidłowo
00:38:12.888 [main] INFO  sudoku.model.SudokuBoard - Bład w kwadracie 0
sudoku.model.SudokuBoard@7221539[
  size=9
  solver=sudoku.model.BacktrackingSudokuSolver@b77b0a0
  board={{1,2,3,4,9,5,6,7,8},{4,5,6,3,7,8,9,1,2},{7,8,9,6,1,2,3,4,5},{2,4,5,8,3,7,1,9,6},{3,7,8,9,6,1,5,2,4},{6,9,1,2,5,4,7,8,3},{5,1,2,7,4,3,8,6,9},{8,3,7,5,0,0,0,0,0},{0,0,0,0,0,0,0,0,0}}
]
00:38:12.888 [main] INFO  sudoku.model.SudokuBoard - Wartość 0 wstawiona nieprawidłowo
00:38:12.888 [main] INFO  sudoku.model.SudokuBoard - Bład w kwadracie 0
sudoku.model.SudokuBoard@7221539[
  size=9
  solver=sudoku.model.BacktrackingSudokuSolver@b77b0a0
  board={{1,2,3,4,9,5,6,7,8},{4,5,6,3,7,8,9,1,2},{7,8,9,6,1,2,3,4,5},{2,4,5,8,3,7,1,9,6},{3,7,8,9,6,1,5,2,4},{6,9,1,2,5,4,7,8,3},{5,1,2,7,4,3,8,6,9},{8,3,7,0,0,0,0,0,0},{0,0,0,0,0,0,0,0,0}}
]
00:38:12.888 [main] INFO  sudoku.model.SudokuBoard - Wartość 0 wstawiona nieprawidłowo
00:38:12.888 [main] INFO  sudoku.model.SudokuBoard - Bład w kwadracie 0
sudoku.model.SudokuBoard@7221539[
  size=9
  solver=sudoku.model.BacktrackingSudokuSolver@b77b0a0
  board={{1,2,3,4,9,5,6,7,8},{4,5,6,3,7,8,9,1,2},{7,8,9,6,1,2,3,4,5},{2,4,5,8,3,7,1,9,6},{3,7,8,9,6,1,5,2,4},{6,9,1,2,5,4,7,8,3},{5,1,2,7,4,3,8,6,9},{8,3,0,0,0,0,0,0,0},{0,0,0,0,0,0,0,0,0}}
]
00:38:12.888 [main] INFO  sudoku.model.SudokuBoard - Wartość 0 wstawiona nieprawidłowo
00:38:12.888 [main] INFO  sudoku.model.SudokuBoard - Bład w kwadracie 0
sudoku.model.SudokuBoard@7221539[
  size=9
  solver=sudoku.model.BacktrackingSudokuSolver@b77b0a0
  board={{1,2,3,4,9,5,6,7,8},{4,5,6,3,7,8,9,1,2},{7,8,9,6,1,2,3,4,5},{2,4,5,8,3,7,1,9,6},{3,7,8,9,6,1,5,2,4},{6,9,1,2,5,4,7,8,3},{5,1,2,7,4,3,8,6,9},{8,3,4,5,2,0,0,0,0},{0,0,0,0,0,0,0,0,0}}
]
00:38:12.888 [main] INFO  sudoku.model.SudokuBoard - Wartość 0 wstawiona nieprawidłowo
00:38:12.888 [main] INFO  sudoku.model.SudokuBoard - Bład w kwadracie 0
sudoku.model.SudokuBoard@7221539[
  size=9
  solver=sudoku.model.BacktrackingSudokuSolver@b77b0a0
  board={{1,2,3,4,9,5,6,7,8},{4,5,6,3,7,8,9,1,2},{7,8,9,6,1,2,3,4,5},{2,4,5,8,3,7,1,9,6},{3,7,8,9,6,1,5,2,4},{6,9,1,2,5,4,7,8,3},{5,1,2,7,4,3,8,6,9},{8,3,4,5,2,0,0,0,0},{0,0,0,0,0,0,0,0,0}}
]
00:38:12.888 [main] INFO  sudoku.model.SudokuBoard - Wartość 0 wstawiona nieprawidłowo
00:38:12.888 [main] INFO  sudoku.model.SudokuBoard - Bład w kwadracie 0
sudoku.model.SudokuBoard@7221539[
  size=9
  solver=sudoku.model.BacktrackingSudokuSolver@b77b0a0
  board={{1,2,3,4,9,5,6,7,8},{4,5,6,3,7,8,9,1,2},{7,8,9,6,1,2,3,4,5},{2,4,5,8,3,7,1,9,6},{3,7,8,9,6,1,5,2,4},{6,9,1,2,5,4,7,8,3},{5,1,2,7,4,3,8,6,9},{8,3,4,5,0,0,0,0,0},{0,0,0,0,0,0,0,0,0}}
]
00:38:12.888 [main] INFO  sudoku.model.SudokuBoard - Wartość 0 wstawiona nieprawidłowo
00:38:12.888 [main] INFO  sudoku.model.SudokuBoard - Bład w kwadracie 0
sudoku.model.SudokuBoard@7221539[
  size=9
  solver=sudoku.model.BacktrackingSudokuSolver@b77b0a0
  board={{1,2,3,4,9,5,6,7,8},{4,5,6,3,7,8,9,1,2},{7,8,9,6,1,2,3,4,5},{2,4,5,8,3,7,1,9,6},{3,7,8,9,6,1,5,2,4},{6,9,1,2,5,4,7,8,3},{5,1,2,7,4,3,8,6,9},{8,3,4,0,0,0,0,0,0},{0,0,0,0,0,0,0,0,0}}
]
00:38:12.888 [main] INFO  sudoku.model.SudokuBoard - Wartość 0 wstawiona nieprawidłowo
00:38:12.889 [main] INFO  sudoku.model.SudokuBoard - Bład w kwadracie 0
sudoku.model.SudokuBoard@7221539[
  size=9
  solver=sudoku.model.BacktrackingSudokuSolver@b77b0a0
  board={{1,2,3,4,9,5,6,7,8},{4,5,6,3,7,8,9,1,2},{7,8,9,6,1,2,3,4,5},{2,4,5,8,3,7,1,9,6},{3,7,8,9,6,1,5,2,4},{6,9,1,2,5,4,7,8,3},{5,1,2,7,4,3,8,6,9},{8,3,4,1,2,0,0,0,0},{0,0,0,0,0,0,0,0,0}}
]
00:38:12.889 [main] INFO  sudoku.model.SudokuBoard - Wartość 0 wstawiona nieprawidłowo
00:38:12.889 [main] INFO  sudoku.model.SudokuBoard - Bład w kwadracie 0
sudoku.model.SudokuBoard@7221539[
  size=9
  solver=sudoku.model.BacktrackingSudokuSolver@b77b0a0
  board={{1,2,3,4,9,5,6,7,8},{4,5,6,3,7,8,9,1,2},{7,8,9,6,1,2,3,4,5},{2,4,5,8,3,7,1,9,6},{3,7,8,9,6,1,5,2,4},{6,9,1,2,5,4,7,8,3},{5,1,2,7,4,3,8,6,9},{8,3,4,1,2,0,0,0,0},{0,0,0,0,0,0,0,0,0}}
]
00:38:12.889 [main] INFO  sudoku.model.SudokuBoard - Wartość 0 wstawiona nieprawidłowo
00:38:12.889 [main] INFO  sudoku.model.SudokuBoard - Bład w kwadracie 0
sudoku.model.SudokuBoard@7221539[
  size=9
  solver=sudoku.model.BacktrackingSudokuSolver@b77b0a0
  board={{1,2,3,4,9,5,6,7,8},{4,5,6,3,7,8,9,1,2},{7,8,9,6,1,2,3,4,5},{2,4,5,8,3,7,1,9,6},{3,7,8,9,6,1,5,2,4},{6,9,1,2,5,4,7,8,3},{5,1,2,7,4,3,8,6,9},{8,3,4,1,0,0,0,0,0},{0,0,0,0,0,0,0,0,0}}
]
00:38:12.889 [main] INFO  sudoku.model.SudokuBoard - Wartość 0 wstawiona nieprawidłowo
00:38:12.889 [main] INFO  sudoku.model.SudokuBoard - Bład w kwadracie 0
sudoku.model.SudokuBoard@7221539[
  size=9
  solver=sudoku.model.BacktrackingSudokuSolver@b77b0a0
  board={{1,2,3,4,9,5,6,7,8},{4,5,6,3,7,8,9,1,2},{7,8,9,6,1,2,3,4,5},{2,4,5,8,3,7,1,9,6},{3,7,8,9,6,1,5,2,4},{6,9,1,2,5,4,7,8,3},{5,1,2,7,4,3,8,6,9},{8,3,4,0,0,0,0,0,0},{0,0,0,0,0,0,0,0,0}}
]
00:38:12.889 [main] INFO  sudoku.model.SudokuBoard - Wartość 0 wstawiona nieprawidłowo
00:38:12.889 [main] INFO  sudoku.model.SudokuBoard - Bład w kwadracie 0
sudoku.model.SudokuBoard@7221539[
  size=9
  solver=sudoku.model.BacktrackingSudokuSolver@b77b0a0
  board={{1,2,3,4,9,5,6,7,8},{4,5,6,3,7,8,9,1,2},{7,8,9,6,1,2,3,4,5},{2,4,5,8,3,7,1,9,6},{3,7,8,9,6,1,5,2,4},{6,9,1,2,5,4,7,8,3},{5,1,2,7,4,3,8,6,9},{8,3,0,0,0,0,0,0,0},{0,0,0,0,0,0,0,0,0}}
]
00:38:12.889 [main] INFO  sudoku.model.SudokuBoard - Wartość 0 wstawiona nieprawidłowo
00:38:12.889 [main] INFO  sudoku.model.SudokuBoard - Bład w kwadracie 0
sudoku.model.SudokuBoard@7221539[
  size=9
  solver=sudoku.model.BacktrackingSudokuSolver@b77b0a0
  board={{1,2,3,4,9,5,6,7,8},{4,5,6,3,7,8,9,1,2},{7,8,9,6,1,2,3,4,5},{2,4,5,8,3,7,1,9,6},{3,7,8,9,6,1,5,2,4},{6,9,1,2,5,4,7,8,3},{5,1,2,7,4,3,8,6,9},{8,0,0,0,0,0,0,0,0},{0,0,0,0,0,0,0,0,0}}
]
00:38:12.889 [main] INFO  sudoku.model.SudokuBoard - Wartość 0 wstawiona nieprawidłowo
00:38:12.889 [main] INFO  sudoku.model.SudokuBoard - Bład w kwadracie 0
sudoku.model.SudokuBoard@7221539[
  size=9
  solver=sudoku.model.BacktrackingSudokuSolver@b77b0a0
  board={{1,2,3,4,9,5,6,7,8},{4,5,6,3,7,8,9,1,2},{7,8,9,6,1,2,3,4,5},{2,4,5,8,3,7,1,9,6},{3,7,8,9,6,1,5,2,4},{6,9,1,2,5,4,7,8,3},{5,1,2,7,4,3,8,6,9},{8,6,7,1,2,9,4,0,0},{0,0,0,0,0,0,0,0,0}}
]
00:38:12.889 [main] INFO  sudoku.model.SudokuBoard - Wartość 0 wstawiona nieprawidłowo
00:38:12.890 [main] INFO  sudoku.model.SudokuBoard - Bład w kwadracie 0
sudoku.model.SudokuBoard@7221539[
  size=9
  solver=sudoku.model.BacktrackingSudokuSolver@b77b0a0
  board={{1,2,3,4,9,5,6,7,8},{4,5,6,3,7,8,9,1,2},{7,8,9,6,1,2,3,4,5},{2,4,5,8,3,7,1,9,6},{3,7,8,9,6,1,5,2,4},{6,9,1,2,5,4,7,8,3},{5,1,2,7,4,3,8,6,9},{8,6,7,1,2,9,4,0,0},{0,0,0,0,0,0,0,0,0}}
]
00:38:12.891 [main] INFO  sudoku.model.SudokuBoard - Wartość 0 wstawiona nieprawidłowo
00:38:12.891 [main] INFO  sudoku.model.SudokuBoard - Bład w kwadracie 0
sudoku.model.SudokuBoard@7221539[
  size=9
  solver=sudoku.model.BacktrackingSudokuSolver@b77b0a0
  board={{1,2,3,4,9,5,6,7,8},{4,5,6,3,7,8,9,1,2},{7,8,9,6,1,2,3,4,5},{2,4,5,8,3,7,1,9,6},{3,7,8,9,6,1,5,2,4},{6,9,1,2,5,4,7,8,3},{5,1,2,7,4,3,8,6,9},{8,6,7,1,2,9,0,0,0},{0,0,0,0,0,0,0,0,0}}
]
00:38:12.892 [main] INFO  sudoku.model.SudokuBoard - Wartość 0 wstawiona nieprawidłowo
00:38:12.892 [main] INFO  sudoku.model.SudokuBoard - Bład w kwadracie 0
sudoku.model.SudokuBoard@7221539[
  size=9
  solver=sudoku.model.BacktrackingSudokuSolver@b77b0a0
  board={{1,2,3,4,9,5,6,7,8},{4,5,6,3,7,8,9,1,2},{7,8,9,6,1,2,3,4,5},{2,4,5,8,3,7,1,9,6},{3,7,8,9,6,1,5,2,4},{6,9,1,2,5,4,7,8,3},{5,1,2,7,4,3,8,6,9},{8,6,7,1,2,0,0,0,0},{0,0,0,0,0,0,0,0,0}}
]
00:38:12.892 [main] INFO  sudoku.model.SudokuBoard - Wartość 0 wstawiona nieprawidłowo
00:38:12.892 [main] INFO  sudoku.model.SudokuBoard - Bład w kwadracie 0
sudoku.model.SudokuBoard@7221539[
  size=9
  solver=sudoku.model.BacktrackingSudokuSolver@b77b0a0
  board={{1,2,3,4,9,5,6,7,8},{4,5,6,3,7,8,9,1,2},{7,8,9,6,1,2,3,4,5},{2,4,5,8,3,7,1,9,6},{3,7,8,9,6,1,5,2,4},{6,9,1,2,5,4,7,8,3},{5,1,2,7,4,3,8,6,9},{8,6,7,1,0,0,0,0,0},{0,0,0,0,0,0,0,0,0}}
]
00:38:12.892 [main] INFO  sudoku.model.SudokuBoard - Wartość 0 wstawiona nieprawidłowo
00:38:12.892 [main] INFO  sudoku.model.SudokuBoard - Bład w kwadracie 0
sudoku.model.SudokuBoard@7221539[
  size=9
  solver=sudoku.model.BacktrackingSudokuSolver@b77b0a0
  board={{1,2,3,4,9,5,6,7,8},{4,5,6,3,7,8,9,1,2},{7,8,9,6,1,2,3,4,5},{2,4,5,8,3,7,1,9,6},{3,7,8,9,6,1,5,2,4},{6,9,1,2,5,4,7,8,3},{5,1,2,7,4,3,8,6,9},{8,6,7,0,0,0,0,0,0},{0,0,0,0,0,0,0,0,0}}
]
00:38:12.892 [main] INFO  sudoku.model.SudokuBoard - Wartość 0 wstawiona nieprawidłowo
00:38:12.892 [main] INFO  sudoku.model.SudokuBoard - Bład w kwadracie 0
sudoku.model.SudokuBoard@7221539[
  size=9
  solver=sudoku.model.BacktrackingSudokuSolver@b77b0a0
  board={{1,1,3,4,9,5,6,7,8},{4,5,6,3,7,8,9,1,2},{7,8,9,6,1,2,3,4,5},{2,4,5,8,3,7,1,9,6},{3,7,8,9,6,1,5,2,4},{6,9,1,2,5,4,7,8,3},{5,1,2,7,4,3,8,6,9},{8,6,7,5,2,9,4,3,1},{9,3,4,1,8,6,2,5,7}}
]
00:38:12.892 [main] INFO  sudoku.model.SudokuBoard - Wartość 1 wstawiona nieprawidłowo
00:38:12.892 [main] INFO  sudoku.model.SudokuBoard - Bład w kwadracie 0
sudoku.model.SudokuBoard@9f2376f[
  size=9
  solver=sudoku.model.BacktrackingSudokuSolver@b77b0a0
  board={{1,1,3,4,9,5,6,7,8},{4,5,6,3,7,8,9,1,2},{7,8,9,6,1,2,3,4,5},{2,4,5,8,3,7,1,9,6},{3,7,8,9,6,1,5,2,4},{6,9,1,2,5,4,7,8,3},{5,1,2,7,4,3,8,6,9},{8,6,7,5,2,9,4,3,1},{9,3,4,1,8,6,2,5,7}}
]
]]></system-out>
  </testcase>
  <testcase name="testEqualsDiffrentInstance" classname="sudoku.model.SudokuBoardTest" time="0.001"/>
  <testcase name="cloneTest" classname="sudoku.model.SudokuBoardTest" time="0.137">
    <system-out><![CDATA[00:38:12.897 [main] INFO  sudoku.model.SudokuBoard - Bład w kwadracie 0
sudoku.model.SudokuBoard@4a520f05[
  size=9
  solver=sudoku.model.BacktrackingSudokuSolver@389a1e34
  board={{4,8,6,9,1,5,2,3,7},{7,5,3,2,8,6,9,1,4},{9,1,2,7,3,4,5,6,8},{8,7,1,6,2,9,3,4,5},{6,9,4,1,5,3,8,7,2},{2,3,5,8,0,0,0,0,0},{0,0,0,0,0,0,0,0,0},{0,0,0,0,0,0,0,0,0},{0,0,0,0,0,0,0,0,0}}
]
00:38:12.897 [main] INFO  sudoku.model.SudokuBoard - Wartość 0 wstawiona nieprawidłowo
00:38:12.897 [main] INFO  sudoku.model.SudokuBoard - Bład w kwadracie 0
sudoku.model.SudokuBoard@4a520f05[
  size=9
  solver=sudoku.model.BacktrackingSudokuSolver@389a1e34
  board={{4,8,6,9,1,5,2,3,7},{7,5,3,2,8,6,9,1,4},{9,1,2,7,3,4,5,6,8},{8,7,1,6,2,9,3,4,5},{6,9,4,1,5,3,8,7,2},{2,3,5,8,4,7,6,9,1},{1,4,7,5,6,0,0,0,0},{0,0,0,0,0,0,0,0,0},{0,0,0,0,0,0,0,0,0}}
]
00:38:12.897 [main] INFO  sudoku.model.SudokuBoard - Wartość 0 wstawiona nieprawidłowo
00:38:12.897 [main] INFO  sudoku.model.SudokuBoard - Bład w kwadracie 0
sudoku.model.SudokuBoard@4a520f05[
  size=9
  solver=sudoku.model.BacktrackingSudokuSolver@389a1e34
  board={{4,8,6,9,1,5,2,3,7},{7,5,3,2,8,6,9,1,4},{9,1,2,7,3,4,5,6,8},{8,7,1,6,2,9,3,4,5},{6,9,4,1,5,3,8,7,2},{2,3,5,8,4,7,6,9,1},{1,4,7,5,6,0,0,0,0},{0,0,0,0,0,0,0,0,0},{0,0,0,0,0,0,0,0,0}}
]
00:38:12.897 [main] INFO  sudoku.model.SudokuBoard - Wartość 0 wstawiona nieprawidłowo
00:38:12.972 [main] INFO  sudoku.model.SudokuBoard - Bład w kwadracie 0
sudoku.model.SudokuBoard@4a520f05[
  size=9
  solver=sudoku.model.BacktrackingSudokuSolver@389a1e34
  board={{4,8,6,9,1,5,2,3,7},{7,5,3,2,8,6,9,1,4},{9,1,2,7,3,4,5,6,8},{8,7,1,6,2,9,3,4,5},{6,9,4,1,5,3,8,7,2},{2,3,5,8,4,7,6,9,1},{1,4,7,5,0,0,0,0,0},{0,0,0,0,0,0,0,0,0},{0,0,0,0,0,0,0,0,0}}
]
00:38:12.972 [main] INFO  sudoku.model.SudokuBoard - Wartość 0 wstawiona nieprawidłowo
00:38:12.976 [main] INFO  sudoku.model.SudokuBoard - Bład w kwadracie 0
sudoku.model.SudokuBoard@4a520f05[
  size=9
  solver=sudoku.model.BacktrackingSudokuSolver@389a1e34
  board={{4,8,6,9,1,5,2,3,7},{7,5,3,2,8,6,9,1,4},{9,1,2,7,3,4,5,6,8},{8,7,1,6,2,9,3,4,5},{6,9,4,1,5,3,8,7,2},{2,3,5,8,4,7,6,9,1},{1,4,7,5,9,0,0,0,0},{0,0,0,0,0,0,0,0,0},{0,0,0,0,0,0,0,0,0}}
]
00:38:12.985 [main] INFO  sudoku.model.SudokuBoard - Wartość 0 wstawiona nieprawidłowo
00:38:12.986 [main] INFO  sudoku.model.SudokuBoard - Bład w kwadracie 0
sudoku.model.SudokuBoard@4a520f05[
  size=9
  solver=sudoku.model.BacktrackingSudokuSolver@389a1e34
  board={{4,8,6,9,1,5,2,3,7},{7,5,3,2,8,6,9,1,4},{9,1,2,7,3,4,5,6,8},{8,7,1,6,2,9,3,4,5},{6,9,4,1,5,3,8,7,2},{2,3,5,8,4,7,6,9,1},{1,4,7,5,9,0,0,0,0},{0,0,0,0,0,0,0,0,0},{0,0,0,0,0,0,0,0,0}}
]
00:38:12.986 [main] INFO  sudoku.model.SudokuBoard - Wartość 0 wstawiona nieprawidłowo
00:38:12.986 [main] INFO  sudoku.model.SudokuBoard - Bład w kwadracie 0
sudoku.model.SudokuBoard@4a520f05[
  size=9
  solver=sudoku.model.BacktrackingSudokuSolver@389a1e34
  board={{4,8,6,9,1,5,2,3,7},{7,5,3,2,8,6,9,1,4},{9,1,2,7,3,4,5,6,8},{8,7,1,6,2,9,3,4,5},{6,9,4,1,5,3,8,7,2},{2,3,5,8,4,7,6,9,1},{1,4,7,5,0,0,0,0,0},{0,0,0,0,0,0,0,0,0},{0,0,0,0,0,0,0,0,0}}
]
00:38:12.986 [main] INFO  sudoku.model.SudokuBoard - Wartość 0 wstawiona nieprawidłowo
00:38:12.986 [main] INFO  sudoku.model.SudokuBoard - Bład w kwadracie 0
sudoku.model.SudokuBoard@4a520f05[
  size=9
  solver=sudoku.model.BacktrackingSudokuSolver@389a1e34
  board={{4,8,6,9,1,5,2,3,7},{7,5,3,2,8,6,9,1,4},{9,1,2,7,3,4,5,6,8},{8,7,1,6,2,9,3,4,5},{6,9,4,1,5,3,8,7,2},{2,3,5,8,4,7,6,9,1},{1,4,7,0,0,0,0,0,0},{0,0,0,0,0,0,0,0,0},{0,0,0,0,0,0,0,0,0}}
]
00:38:12.986 [main] INFO  sudoku.model.SudokuBoard - Wartość 0 wstawiona nieprawidłowo
00:38:12.999 [main] INFO  sudoku.model.SudokuBoard - Bład w kwadracie 0
sudoku.model.SudokuBoard@4a520f05[
  size=9
  solver=sudoku.model.BacktrackingSudokuSolver@389a1e34
  board={{4,8,6,9,1,5,2,3,7},{7,5,3,2,8,6,9,1,4},{9,1,2,7,3,4,5,6,8},{8,7,1,6,2,9,3,4,5},{6,9,4,1,5,3,8,7,2},{2,3,5,8,4,7,6,9,1},{1,4,7,3,6,0,0,0,0},{0,0,0,0,0,0,0,0,0},{0,0,0,0,0,0,0,0,0}}
]
00:38:12.999 [main] INFO  sudoku.model.SudokuBoard - Wartość 0 wstawiona nieprawidłowo
00:38:12.999 [main] INFO  sudoku.model.SudokuBoard - Bład w kwadracie 0
sudoku.model.SudokuBoard@4a520f05[
  size=9
  solver=sudoku.model.BacktrackingSudokuSolver@389a1e34
  board={{4,8,6,9,1,5,2,3,7},{7,5,3,2,8,6,9,1,4},{9,1,2,7,3,4,5,6,8},{8,7,1,6,2,9,3,4,5},{6,9,4,1,5,3,8,7,2},{2,3,5,8,4,7,6,9,1},{1,4,7,3,6,0,0,0,0},{0,0,0,0,0,0,0,0,0},{0,0,0,0,0,0,0,0,0}}
]
00:38:12.999 [main] INFO  sudoku.model.SudokuBoard - Wartość 0 wstawiona nieprawidłowo
00:38:12.999 [main] INFO  sudoku.model.SudokuBoard - Bład w kwadracie 0
sudoku.model.SudokuBoard@4a520f05[
  size=9
  solver=sudoku.model.BacktrackingSudokuSolver@389a1e34
  board={{4,8,6,9,1,5,2,3,7},{7,5,3,2,8,6,9,1,4},{9,1,2,7,3,4,5,6,8},{8,7,1,6,2,9,3,4,5},{6,9,4,1,5,3,8,7,2},{2,3,5,8,4,7,6,9,1},{1,4,7,3,0,0,0,0,0},{0,0,0,0,0,0,0,0,0},{0,0,0,0,0,0,0,0,0}}
]
00:38:12.999 [main] INFO  sudoku.model.SudokuBoard - Wartość 0 wstawiona nieprawidłowo
00:38:12.999 [main] INFO  sudoku.model.SudokuBoard - Bład w kwadracie 0
sudoku.model.SudokuBoard@4a520f05[
  size=9
  solver=sudoku.model.BacktrackingSudokuSolver@389a1e34
  board={{4,8,6,9,1,5,2,3,7},{7,5,3,2,8,6,9,1,4},{9,1,2,7,3,4,5,6,8},{8,7,1,6,2,9,3,4,5},{6,9,4,1,5,3,8,7,2},{2,3,5,8,4,7,6,9,1},{1,4,7,3,9,0,0,0,0},{0,0,0,0,0,0,0,0,0},{0,0,0,0,0,0,0,0,0}}
]
00:38:13.009 [main] INFO  sudoku.model.SudokuBoard - Wartość 0 wstawiona nieprawidłowo
00:38:13.012 [main] INFO  sudoku.model.SudokuBoard - Bład w kwadracie 0
sudoku.model.SudokuBoard@4a520f05[
  size=9
  solver=sudoku.model.BacktrackingSudokuSolver@389a1e34
  board={{4,8,6,9,1,5,2,3,7},{7,5,3,2,8,6,9,1,4},{9,1,2,7,3,4,5,6,8},{8,7,1,6,2,9,3,4,5},{6,9,4,1,5,3,8,7,2},{2,3,5,8,4,7,6,9,1},{1,4,7,3,9,0,0,0,0},{0,0,0,0,0,0,0,0,0},{0,0,0,0,0,0,0,0,0}}
]
00:38:13.012 [main] INFO  sudoku.model.SudokuBoard - Wartość 0 wstawiona nieprawidłowo
00:38:13.020 [main] INFO  sudoku.model.SudokuBoard - Bład w kwadracie 0
sudoku.model.SudokuBoard@4a520f05[
  size=9
  solver=sudoku.model.BacktrackingSudokuSolver@389a1e34
  board={{4,8,6,9,1,5,2,3,7},{7,5,3,2,8,6,9,1,4},{9,1,2,7,3,4,5,6,8},{8,7,1,6,2,9,3,4,5},{6,9,4,1,5,3,8,7,2},{2,3,5,8,4,7,6,9,1},{1,4,7,3,0,0,0,0,0},{0,0,0,0,0,0,0,0,0},{0,0,0,0,0,0,0,0,0}}
]
00:38:13.021 [main] INFO  sudoku.model.SudokuBoard - Wartość 0 wstawiona nieprawidłowo
00:38:13.021 [main] INFO  sudoku.model.SudokuBoard - Bład w kwadracie 0
sudoku.model.SudokuBoard@4a520f05[
  size=9
  solver=sudoku.model.BacktrackingSudokuSolver@389a1e34
  board={{4,8,6,9,1,5,2,3,7},{7,5,3,2,8,6,9,1,4},{9,1,2,7,3,4,5,6,8},{8,7,1,6,2,9,3,4,5},{6,9,4,1,5,3,8,7,2},{2,3,5,8,4,7,6,9,1},{1,4,7,0,0,0,0,0,0},{0,0,0,0,0,0,0,0,0},{0,0,0,0,0,0,0,0,0}}
]
00:38:13.021 [main] INFO  sudoku.model.SudokuBoard - Wartość 0 wstawiona nieprawidłowo
00:38:13.021 [main] INFO  sudoku.model.SudokuBoard - Bład w kwadracie 0
sudoku.model.SudokuBoard@4a520f05[
  size=9
  solver=sudoku.model.BacktrackingSudokuSolver@389a1e34
  board={{4,8,6,9,1,5,2,3,7},{7,5,3,2,8,6,9,1,4},{9,1,2,7,3,4,5,6,8},{8,7,1,6,2,9,3,4,5},{6,9,4,1,5,3,8,7,2},{2,3,5,8,4,7,6,9,1},{1,4,0,0,0,0,0,0,0},{0,0,0,0,0,0,0,0,0},{0,0,0,0,0,0,0,0,0}}
]
00:38:13.021 [main] INFO  sudoku.model.SudokuBoard - Wartość 0 wstawiona nieprawidłowo
00:38:13.021 [main] INFO  sudoku.model.SudokuBoard - Bład w kwadracie 0
sudoku.model.SudokuBoard@4a520f05[
  size=9
  solver=sudoku.model.BacktrackingSudokuSolver@389a1e34
  board={{4,8,6,9,1,5,2,3,7},{7,5,3,2,8,6,9,1,4},{9,1,2,7,3,4,5,6,8},{8,7,1,6,2,9,3,4,5},{6,9,4,1,5,3,8,7,2},{2,3,5,8,4,7,6,9,1},{1,4,8,3,6,2,7,5,9},{3,2,9,4,7,8,0,0,0},{0,0,0,0,0,0,0,0,0}}
]
00:38:13.021 [main] INFO  sudoku.model.SudokuBoard - Wartość 0 wstawiona nieprawidłowo
00:38:13.023 [main] INFO  sudoku.model.SudokuBoard - Bład w kwadracie 0
sudoku.model.SudokuBoard@4a520f05[
  size=9
  solver=sudoku.model.BacktrackingSudokuSolver@389a1e34
  board={{4,8,6,9,1,5,2,3,7},{7,5,3,2,8,6,9,1,4},{9,1,2,7,3,4,5,6,8},{8,7,1,6,2,9,3,4,5},{6,9,4,1,5,3,8,7,2},{2,3,5,8,4,7,6,9,1},{1,4,8,3,6,2,7,5,9},{3,2,9,4,7,0,0,0,0},{0,0,0,0,0,0,0,0,0}}
]
00:38:13.024 [main] INFO  sudoku.model.SudokuBoard - Wartość 0 wstawiona nieprawidłowo
00:38:13.024 [main] INFO  sudoku.model.SudokuBoard - Bład w kwadracie 0
sudoku.model.SudokuBoard@4a520f05[
  size=9
  solver=sudoku.model.BacktrackingSudokuSolver@389a1e34
  board={{4,8,6,9,1,5,2,3,7},{7,5,3,2,8,6,9,1,4},{9,1,2,7,3,4,5,6,8},{8,7,1,6,2,9,3,4,5},{6,9,4,1,5,3,8,7,2},{2,3,5,8,4,7,6,9,1},{1,4,8,3,6,2,7,5,9},{3,2,9,4,7,0,0,0,0},{0,0,0,0,0,0,0,0,0}}
]
00:38:13.024 [main] INFO  sudoku.model.SudokuBoard - Wartość 0 wstawiona nieprawidłowo
00:38:13.024 [main] INFO  sudoku.model.SudokuBoard - Bład w kwadracie 0
sudoku.model.SudokuBoard@4a520f05[
  size=9
  solver=sudoku.model.BacktrackingSudokuSolver@389a1e34
  board={{4,8,6,9,1,5,2,3,7},{7,5,3,2,8,6,9,1,4},{9,1,2,7,3,4,5,6,8},{8,7,1,6,2,9,3,4,5},{6,9,4,1,5,3,8,7,2},{2,3,5,8,4,7,6,9,1},{1,4,8,3,6,2,7,5,9},{3,2,9,4,0,0,0,0,0},{0,0,0,0,0,0,0,0,0}}
]
00:38:13.024 [main] INFO  sudoku.model.SudokuBoard - Wartość 0 wstawiona nieprawidłowo
00:38:13.024 [main] INFO  sudoku.model.SudokuBoard - Bład w kwadracie 0
sudoku.model.SudokuBoard@4a520f05[
  size=9
  solver=sudoku.model.BacktrackingSudokuSolver@389a1e34
  board={{4,8,6,9,1,5,2,3,7},{7,5,3,2,8,6,9,1,4},{9,1,2,7,3,4,5,6,8},{8,7,1,6,2,9,3,4,5},{6,9,4,1,5,3,8,7,2},{2,3,5,8,4,7,6,9,1},{1,4,8,3,6,2,7,5,9},{3,2,9,0,0,0,0,0,0},{0,0,0,0,0,0,0,0,0}}
]
00:38:13.024 [main] INFO  sudoku.model.SudokuBoard - Wartość 0 wstawiona nieprawidłowo
00:38:13.024 [main] INFO  sudoku.model.SudokuBoard - Bład w kwadracie 0
sudoku.model.SudokuBoard@4a520f05[
  size=9
  solver=sudoku.model.BacktrackingSudokuSolver@389a1e34
  board={{4,8,6,9,1,5,2,3,7},{7,5,3,2,8,6,9,1,4},{9,1,2,7,3,4,5,6,8},{8,7,1,6,2,9,3,4,5},{6,9,4,1,5,3,8,7,2},{2,3,5,8,4,7,6,9,1},{1,4,8,3,6,2,7,5,9},{3,2,9,5,7,8,0,0,0},{0,0,0,0,0,0,0,0,0}}
]
00:38:13.024 [main] INFO  sudoku.model.SudokuBoard - Wartość 0 wstawiona nieprawidłowo
00:38:13.025 [main] INFO  sudoku.model.SudokuBoard - Bład w kwadracie 0
sudoku.model.SudokuBoard@4a520f05[
  size=9
  solver=sudoku.model.BacktrackingSudokuSolver@389a1e34
  board={{4,8,6,9,1,5,2,3,7},{7,5,3,2,8,6,9,1,4},{9,1,2,7,3,4,5,6,8},{8,7,1,6,2,9,3,4,5},{6,9,4,1,5,3,8,7,2},{2,3,5,8,4,7,6,9,1},{1,4,8,3,6,2,7,5,9},{3,2,9,5,7,8,0,0,0},{0,0,0,0,0,0,0,0,0}}
]
00:38:13.025 [main] INFO  sudoku.model.SudokuBoard - Wartość 0 wstawiona nieprawidłowo
00:38:13.025 [main] INFO  sudoku.model.SudokuBoard - Bład w kwadracie 0
sudoku.model.SudokuBoard@4a520f05[
  size=9
  solver=sudoku.model.BacktrackingSudokuSolver@389a1e34
  board={{4,8,6,9,1,5,2,3,7},{7,5,3,2,8,6,9,1,4},{9,1,2,7,3,4,5,6,8},{8,7,1,6,2,9,3,4,5},{6,9,4,1,5,3,8,7,2},{2,3,5,8,4,7,6,9,1},{1,4,8,3,6,2,7,5,9},{3,2,9,5,7,0,0,0,0},{0,0,0,0,0,0,0,0,0}}
]
00:38:13.026 [main] INFO  sudoku.model.SudokuBoard - Wartość 0 wstawiona nieprawidłowo
]]></system-out>
  </testcase>
  <testcase name="checkBoardTestColumnFalse" classname="sudoku.model.SudokuBoardTest" time="0.031">
    <system-out><![CDATA[00:38:13.036 [main] INFO  sudoku.model.SudokuBoard - Bład w kwadracie 0
sudoku.model.SudokuBoard@1308ef19[
  size=9
  solver=sudoku.model.BacktrackingSudokuSolver@5b1ff8cd
  board={{4,3,7,1,5,6,8,9,2},{2,5,8,3,9,4,7,1,6},{9,6,1,7,8,2,3,4,5},{3,1,9,8,4,7,6,0,0},{0,0,0,0,0,0,0,0,0},{0,0,0,0,0,0,0,0,0},{0,0,0,0,0,0,0,0,0},{0,0,0,0,0,0,0,0,0},{0,0,0,0,0,0,0,0,0}}
]
00:38:13.038 [main] INFO  sudoku.model.SudokuBoard - Wartość 0 wstawiona nieprawidłowo
00:38:13.038 [main] INFO  sudoku.model.SudokuBoard - Bład w kwadracie 0
sudoku.model.SudokuBoard@1308ef19[
  size=9
  solver=sudoku.model.BacktrackingSudokuSolver@5b1ff8cd
  board={{4,3,7,1,5,6,8,9,2},{2,5,8,3,9,4,7,1,6},{9,6,1,7,8,2,3,4,5},{3,1,9,8,4,7,6,0,0},{0,0,0,0,0,0,0,0,0},{0,0,0,0,0,0,0,0,0},{0,0,0,0,0,0,0,0,0},{0,0,0,0,0,0,0,0,0},{0,0,0,0,0,0,0,0,0}}
]
00:38:13.039 [main] INFO  sudoku.model.SudokuBoard - Wartość 0 wstawiona nieprawidłowo
00:38:13.039 [main] INFO  sudoku.model.SudokuBoard - Bład w kwadracie 0
sudoku.model.SudokuBoard@1308ef19[
  size=9
  solver=sudoku.model.BacktrackingSudokuSolver@5b1ff8cd
  board={{4,3,7,1,5,6,8,9,2},{2,5,8,3,9,4,7,1,6},{9,6,1,7,8,2,3,4,5},{3,1,9,8,4,7,0,0,0},{0,0,0,0,0,0,0,0,0},{0,0,0,0,0,0,0,0,0},{0,0,0,0,0,0,0,0,0},{0,0,0,0,0,0,0,0,0},{0,0,0,0,0,0,0,0,0}}
]
00:38:13.039 [main] INFO  sudoku.model.SudokuBoard - Wartość 0 wstawiona nieprawidłowo
00:38:13.040 [main] INFO  sudoku.model.SudokuBoard - Bład w kwadracie 0
sudoku.model.SudokuBoard@1308ef19[
  size=9
  solver=sudoku.model.BacktrackingSudokuSolver@5b1ff8cd
  board={{4,3,7,1,5,6,8,9,2},{2,5,8,3,9,4,7,1,6},{9,6,1,7,8,2,3,4,5},{3,1,9,8,4,7,2,0,0},{0,0,0,0,0,0,0,0,0},{0,0,0,0,0,0,0,0,0},{0,0,0,0,0,0,0,0,0},{0,0,0,0,0,0,0,0,0},{0,0,0,0,0,0,0,0,0}}
]
00:38:13.041 [main] INFO  sudoku.model.SudokuBoard - Wartość 0 wstawiona nieprawidłowo
00:38:13.041 [main] INFO  sudoku.model.SudokuBoard - Bład w kwadracie 0
sudoku.model.SudokuBoard@1308ef19[
  size=9
  solver=sudoku.model.BacktrackingSudokuSolver@5b1ff8cd
  board={{4,3,7,1,5,6,8,9,2},{2,5,8,3,9,4,7,1,6},{9,6,1,7,8,2,3,4,5},{3,1,9,8,4,7,2,0,0},{0,0,0,0,0,0,0,0,0},{0,0,0,0,0,0,0,0,0},{0,0,0,0,0,0,0,0,0},{0,0,0,0,0,0,0,0,0},{0,0,0,0,0,0,0,0,0}}
]
00:38:13.041 [main] INFO  sudoku.model.SudokuBoard - Wartość 0 wstawiona nieprawidłowo
00:38:13.041 [main] INFO  sudoku.model.SudokuBoard - Bład w kwadracie 0
sudoku.model.SudokuBoard@1308ef19[
  size=9
  solver=sudoku.model.BacktrackingSudokuSolver@5b1ff8cd
  board={{4,3,7,1,5,6,8,9,2},{2,5,8,3,9,4,7,1,6},{9,6,1,7,8,2,3,4,5},{3,1,9,8,4,7,0,0,0},{0,0,0,0,0,0,0,0,0},{0,0,0,0,0,0,0,0,0},{0,0,0,0,0,0,0,0,0},{0,0,0,0,0,0,0,0,0},{0,0,0,0,0,0,0,0,0}}
]
00:38:13.041 [main] INFO  sudoku.model.SudokuBoard - Wartość 0 wstawiona nieprawidłowo
00:38:13.042 [main] INFO  sudoku.model.SudokuBoard - Bład w kwadracie 0
sudoku.model.SudokuBoard@1308ef19[
  size=9
  solver=sudoku.model.BacktrackingSudokuSolver@5b1ff8cd
  board={{4,3,7,1,5,6,8,9,2},{2,5,8,3,9,4,7,1,6},{9,6,1,7,8,2,3,4,5},{3,1,9,8,4,7,5,0,0},{0,0,0,0,0,0,0,0,0},{0,0,0,0,0,0,0,0,0},{0,0,0,0,0,0,0,0,0},{0,0,0,0,0,0,0,0,0},{0,0,0,0,0,0,0,0,0}}
]
00:38:13.042 [main] INFO  sudoku.model.SudokuBoard - Wartość 0 wstawiona nieprawidłowo
00:38:13.042 [main] INFO  sudoku.model.SudokuBoard - Bład w kwadracie 0
sudoku.model.SudokuBoard@1308ef19[
  size=9
  solver=sudoku.model.BacktrackingSudokuSolver@5b1ff8cd
  board={{4,3,7,1,5,6,8,9,2},{2,5,8,3,9,4,7,1,6},{9,6,1,7,8,2,3,4,5},{3,1,9,8,4,7,5,0,0},{0,0,0,0,0,0,0,0,0},{0,0,0,0,0,0,0,0,0},{0,0,0,0,0,0,0,0,0},{0,0,0,0,0,0,0,0,0},{0,0,0,0,0,0,0,0,0}}
]
00:38:13.042 [main] INFO  sudoku.model.SudokuBoard - Wartość 0 wstawiona nieprawidłowo
00:38:13.042 [main] INFO  sudoku.model.SudokuBoard - Bład w kwadracie 0
sudoku.model.SudokuBoard@1308ef19[
  size=9
  solver=sudoku.model.BacktrackingSudokuSolver@5b1ff8cd
  board={{4,3,7,1,5,6,8,9,2},{2,5,8,3,9,4,7,1,6},{9,6,1,7,8,2,3,4,5},{3,1,9,8,4,7,0,0,0},{0,0,0,0,0,0,0,0,0},{0,0,0,0,0,0,0,0,0},{0,0,0,0,0,0,0,0,0},{0,0,0,0,0,0,0,0,0},{0,0,0,0,0,0,0,0,0}}
]
00:38:13.042 [main] INFO  sudoku.model.SudokuBoard - Wartość 0 wstawiona nieprawidłowo
00:38:13.043 [main] INFO  sudoku.model.SudokuBoard - Bład w kwadracie 0
sudoku.model.SudokuBoard@1308ef19[
  size=9
  solver=sudoku.model.BacktrackingSudokuSolver@5b1ff8cd
  board={{4,3,7,1,5,6,8,9,2},{2,5,8,3,9,4,7,1,6},{9,6,1,7,8,2,3,4,5},{3,1,9,8,4,0,0,0,0},{0,0,0,0,0,0,0,0,0},{0,0,0,0,0,0,0,0,0},{0,0,0,0,0,0,0,0,0},{0,0,0,0,0,0,0,0,0},{0,0,0,0,0,0,0,0,0}}
]
00:38:13.043 [main] INFO  sudoku.model.SudokuBoard - Wartość 0 wstawiona nieprawidłowo
00:38:13.043 [main] INFO  sudoku.model.SudokuBoard - Bład w kwadracie 0
sudoku.model.SudokuBoard@1308ef19[
  size=9
  solver=sudoku.model.BacktrackingSudokuSolver@5b1ff8cd
  board={{4,3,7,1,5,6,8,9,2},{2,5,8,3,9,4,7,1,6},{9,6,1,7,8,2,3,4,5},{3,1,9,8,4,5,2,6,7},{7,4,2,6,1,9,5,8,3},{5,8,6,2,3,7,0,0,0},{0,0,0,0,0,0,0,0,0},{0,0,0,0,0,0,0,0,0},{0,0,0,0,0,0,0,0,0}}
]
00:38:13.043 [main] INFO  sudoku.model.SudokuBoard - Wartość 0 wstawiona nieprawidłowo
00:38:13.043 [main] INFO  sudoku.model.SudokuBoard - Bład w kwadracie 0
sudoku.model.SudokuBoard@1308ef19[
  size=9
  solver=sudoku.model.BacktrackingSudokuSolver@5b1ff8cd
  board={{4,3,7,1,5,6,8,9,2},{2,5,8,3,9,4,7,1,6},{9,6,1,7,8,2,3,4,5},{3,1,9,8,4,5,2,6,7},{7,4,2,6,1,9,5,8,3},{5,8,6,2,3,7,0,0,0},{0,0,0,0,0,0,0,0,0},{0,0,0,0,0,0,0,0,0},{0,0,0,0,0,0,0,0,0}}
]
00:38:13.043 [main] INFO  sudoku.model.SudokuBoard - Wartość 0 wstawiona nieprawidłowo
00:38:13.043 [main] INFO  sudoku.model.SudokuBoard - Bład w kwadracie 0
sudoku.model.SudokuBoard@1308ef19[
  size=9
  solver=sudoku.model.BacktrackingSudokuSolver@5b1ff8cd
  board={{4,3,7,1,5,6,8,9,2},{2,5,8,3,9,4,7,1,6},{9,6,1,7,8,2,3,4,5},{3,1,9,8,4,5,2,6,7},{7,4,2,6,1,9,5,8,3},{5,8,6,2,3,7,0,0,0},{0,0,0,0,0,0,0,0,0},{0,0,0,0,0,0,0,0,0},{0,0,0,0,0,0,0,0,0}}
]
00:38:13.043 [main] INFO  sudoku.model.SudokuBoard - Wartość 0 wstawiona nieprawidłowo
00:38:13.045 [main] INFO  sudoku.model.SudokuBoard - Bład w kwadracie 0
sudoku.model.SudokuBoard@1308ef19[
  size=9
  solver=sudoku.model.BacktrackingSudokuSolver@5b1ff8cd
  board={{4,3,7,1,5,6,8,9,2},{2,5,8,3,9,4,7,1,6},{9,6,1,7,8,2,3,4,5},{3,1,9,8,4,5,2,6,7},{7,4,2,6,1,9,5,8,3},{5,8,6,2,3,0,0,0,0},{0,0,0,0,0,0,0,0,0},{0,0,0,0,0,0,0,0,0},{0,0,0,0,0,0,0,0,0}}
]
00:38:13.045 [main] INFO  sudoku.model.SudokuBoard - Wartość 0 wstawiona nieprawidłowo
00:38:13.046 [main] INFO  sudoku.model.SudokuBoard - Bład w kwadracie 0
sudoku.model.SudokuBoard@1308ef19[
  size=9
  solver=sudoku.model.BacktrackingSudokuSolver@5b1ff8cd
  board={{4,3,7,1,5,6,8,9,2},{2,5,8,3,9,4,7,1,6},{9,6,1,7,8,2,3,4,5},{3,1,9,8,4,5,2,6,7},{7,4,2,6,1,9,5,8,3},{5,8,6,2,0,0,0,0,0},{0,0,0,0,0,0,0,0,0},{0,0,0,0,0,0,0,0,0},{0,0,0,0,0,0,0,0,0}}
]
00:38:13.046 [main] INFO  sudoku.model.SudokuBoard - Wartość 0 wstawiona nieprawidłowo
00:38:13.046 [main] INFO  sudoku.model.SudokuBoard - Bład w kwadracie 0
sudoku.model.SudokuBoard@1308ef19[
  size=9
  solver=sudoku.model.BacktrackingSudokuSolver@5b1ff8cd
  board={{4,3,7,1,5,6,8,9,2},{2,5,8,3,9,4,7,1,6},{9,6,1,7,8,2,3,4,5},{3,1,9,8,4,5,2,6,7},{7,4,2,6,1,9,5,8,3},{5,8,6,2,7,3,0,0,0},{0,0,0,0,0,0,0,0,0},{0,0,0,0,0,0,0,0,0},{0,0,0,0,0,0,0,0,0}}
]
00:38:13.046 [main] INFO  sudoku.model.SudokuBoard - Wartość 0 wstawiona nieprawidłowo
00:38:13.046 [main] INFO  sudoku.model.SudokuBoard - Bład w kwadracie 0
sudoku.model.SudokuBoard@1308ef19[
  size=9
  solver=sudoku.model.BacktrackingSudokuSolver@5b1ff8cd
  board={{4,3,7,1,5,6,8,9,2},{2,5,8,3,9,4,7,1,6},{9,6,1,7,8,2,3,4,5},{3,1,9,8,4,5,2,6,7},{7,4,2,6,1,9,5,8,3},{5,8,6,2,7,3,0,0,0},{0,0,0,0,0,0,0,0,0},{0,0,0,0,0,0,0,0,0},{0,0,0,0,0,0,0,0,0}}
]
00:38:13.046 [main] INFO  sudoku.model.SudokuBoard - Wartość 0 wstawiona nieprawidłowo
00:38:13.047 [main] INFO  sudoku.model.SudokuBoard - Bład w kwadracie 0
sudoku.model.SudokuBoard@1308ef19[
  size=9
  solver=sudoku.model.BacktrackingSudokuSolver@5b1ff8cd
  board={{4,3,7,1,5,6,8,9,2},{2,5,8,3,9,4,7,1,6},{9,6,1,7,8,2,3,4,5},{3,1,9,8,4,5,2,6,7},{7,4,2,6,1,9,5,8,3},{5,8,6,2,7,3,0,0,0},{0,0,0,0,0,0,0,0,0},{0,0,0,0,0,0,0,0,0},{0,0,0,0,0,0,0,0,0}}
]
00:38:13.047 [main] INFO  sudoku.model.SudokuBoard - Wartość 0 wstawiona nieprawidłowo
00:38:13.047 [main] INFO  sudoku.model.SudokuBoard - Bład w kwadracie 0
sudoku.model.SudokuBoard@1308ef19[
  size=9
  solver=sudoku.model.BacktrackingSudokuSolver@5b1ff8cd
  board={{4,3,7,1,5,6,8,9,2},{2,5,8,3,9,4,7,1,6},{9,6,1,7,8,2,3,4,5},{3,1,9,8,4,5,2,6,7},{7,4,2,6,1,9,5,8,3},{5,8,6,2,7,0,0,0,0},{0,0,0,0,0,0,0,0,0},{0,0,0,0,0,0,0,0,0},{0,0,0,0,0,0,0,0,0}}
]
00:38:13.047 [main] INFO  sudoku.model.SudokuBoard - Wartość 0 wstawiona nieprawidłowo
00:38:13.047 [main] INFO  sudoku.model.SudokuBoard - Bład w kwadracie 0
sudoku.model.SudokuBoard@1308ef19[
  size=9
  solver=sudoku.model.BacktrackingSudokuSolver@5b1ff8cd
  board={{4,3,7,1,5,6,8,9,2},{2,5,8,3,9,4,7,1,6},{9,6,1,7,8,2,3,4,5},{3,1,9,8,4,5,2,6,7},{7,4,2,6,1,9,5,8,3},{5,8,6,2,0,0,0,0,0},{0,0,0,0,0,0,0,0,0},{0,0,0,0,0,0,0,0,0},{0,0,0,0,0,0,0,0,0}}
]
00:38:13.047 [main] INFO  sudoku.model.SudokuBoard - Wartość 0 wstawiona nieprawidłowo
00:38:13.047 [main] INFO  sudoku.model.SudokuBoard - Bład w kwadracie 0
sudoku.model.SudokuBoard@1308ef19[
  size=9
  solver=sudoku.model.BacktrackingSudokuSolver@5b1ff8cd
  board={{4,3,7,1,5,6,8,9,2},{2,5,8,3,9,4,7,1,6},{9,6,1,7,8,2,3,4,5},{3,1,9,8,4,5,2,6,7},{7,4,2,6,1,9,5,8,3},{5,8,6,0,0,0,0,0,0},{0,0,0,0,0,0,0,0,0},{0,0,0,0,0,0,0,0,0},{0,0,0,0,0,0,0,0,0}}
]
00:38:13.047 [main] INFO  sudoku.model.SudokuBoard - Wartość 0 wstawiona nieprawidłowo
00:38:13.047 [main] INFO  sudoku.model.SudokuBoard - Bład w kwadracie 0
sudoku.model.SudokuBoard@1308ef19[
  size=9
  solver=sudoku.model.BacktrackingSudokuSolver@5b1ff8cd
  board={{4,3,7,1,5,6,8,9,2},{2,5,8,3,9,4,7,1,6},{9,6,1,7,8,2,3,4,5},{3,1,9,8,4,5,2,6,7},{7,4,2,6,1,9,5,8,3},{5,8,0,0,0,0,0,0,0},{0,0,0,0,0,0,0,0,0},{0,0,0,0,0,0,0,0,0},{0,0,0,0,0,0,0,0,0}}
]
00:38:13.047 [main] INFO  sudoku.model.SudokuBoard - Wartość 0 wstawiona nieprawidłowo
00:38:13.047 [main] INFO  sudoku.model.SudokuBoard - Bład w kwadracie 0
sudoku.model.SudokuBoard@1308ef19[
  size=9
  solver=sudoku.model.BacktrackingSudokuSolver@5b1ff8cd
  board={{4,3,7,1,5,6,8,9,2},{2,5,8,3,9,4,7,1,6},{9,6,1,7,8,2,3,4,5},{3,1,9,8,4,5,2,6,7},{7,4,2,6,1,9,5,8,3},{5,0,0,0,0,0,0,0,0},{0,0,0,0,0,0,0,0,0},{0,0,0,0,0,0,0,0,0},{0,0,0,0,0,0,0,0,0}}
]
00:38:13.047 [main] INFO  sudoku.model.SudokuBoard - Wartość 0 wstawiona nieprawidłowo
00:38:13.048 [main] INFO  sudoku.model.SudokuBoard - Bład w kwadracie 0
sudoku.model.SudokuBoard@1308ef19[
  size=9
  solver=sudoku.model.BacktrackingSudokuSolver@5b1ff8cd
  board={{4,3,7,1,5,6,8,9,2},{2,5,8,3,9,4,7,1,6},{9,6,1,7,8,2,3,4,5},{3,1,9,8,4,5,2,6,7},{7,4,2,6,1,9,5,8,3},{0,0,0,0,0,0,0,0,0},{0,0,0,0,0,0,0,0,0},{0,0,0,0,0,0,0,0,0},{0,0,0,0,0,0,0,0,0}}
]
00:38:13.048 [main] INFO  sudoku.model.SudokuBoard - Wartość 0 wstawiona nieprawidłowo
00:38:13.048 [main] INFO  sudoku.model.SudokuBoard - Bład w kwadracie 0
sudoku.model.SudokuBoard@1308ef19[
  size=9
  solver=sudoku.model.BacktrackingSudokuSolver@5b1ff8cd
  board={{4,3,7,1,5,6,8,9,2},{2,5,8,3,9,4,7,1,6},{9,6,1,7,8,2,3,4,5},{3,1,9,8,4,5,2,6,7},{7,4,2,6,1,9,5,8,3},{6,8,5,2,7,3,0,0,0},{0,0,0,0,0,0,0,0,0},{0,0,0,0,0,0,0,0,0},{0,0,0,0,0,0,0,0,0}}
]
00:38:13.048 [main] INFO  sudoku.model.SudokuBoard - Wartość 0 wstawiona nieprawidłowo
00:38:13.048 [main] INFO  sudoku.model.SudokuBoard - Bład w kwadracie 0
sudoku.model.SudokuBoard@1308ef19[
  size=9
  solver=sudoku.model.BacktrackingSudokuSolver@5b1ff8cd
  board={{4,3,7,1,5,6,8,9,2},{2,5,8,3,9,4,7,1,6},{9,6,1,7,8,2,3,4,5},{3,1,9,8,4,5,2,6,7},{7,4,2,6,1,9,5,8,3},{6,8,5,2,7,3,0,0,0},{0,0,0,0,0,0,0,0,0},{0,0,0,0,0,0,0,0,0},{0,0,0,0,0,0,0,0,0}}
]
00:38:13.048 [main] INFO  sudoku.model.SudokuBoard - Wartość 0 wstawiona nieprawidłowo
00:38:13.048 [main] INFO  sudoku.model.SudokuBoard - Bład w kwadracie 0
sudoku.model.SudokuBoard@1308ef19[
  size=9
  solver=sudoku.model.BacktrackingSudokuSolver@5b1ff8cd
  board={{4,3,7,1,5,6,8,9,2},{2,5,8,3,9,4,7,1,6},{9,6,1,7,8,2,3,4,5},{3,1,9,8,4,5,2,6,7},{7,4,2,6,1,9,5,8,3},{6,8,5,2,7,3,0,0,0},{0,0,0,0,0,0,0,0,0},{0,0,0,0,0,0,0,0,0},{0,0,0,0,0,0,0,0,0}}
]
00:38:13.048 [main] INFO  sudoku.model.SudokuBoard - Wartość 0 wstawiona nieprawidłowo
00:38:13.048 [main] INFO  sudoku.model.SudokuBoard - Bład w kwadracie 0
sudoku.model.SudokuBoard@1308ef19[
  size=9
  solver=sudoku.model.BacktrackingSudokuSolver@5b1ff8cd
  board={{4,3,7,1,5,6,8,9,2},{2,5,8,3,9,4,7,1,6},{9,6,1,7,8,2,3,4,5},{3,1,9,8,4,5,2,6,7},{7,4,2,6,1,9,5,8,3},{6,8,5,2,7,0,0,0,0},{0,0,0,0,0,0,0,0,0},{0,0,0,0,0,0,0,0,0},{0,0,0,0,0,0,0,0,0}}
]
00:38:13.048 [main] INFO  sudoku.model.SudokuBoard - Wartość 0 wstawiona nieprawidłowo
00:38:13.048 [main] INFO  sudoku.model.SudokuBoard - Bład w kwadracie 0
sudoku.model.SudokuBoard@1308ef19[
  size=9
  solver=sudoku.model.BacktrackingSudokuSolver@5b1ff8cd
  board={{4,3,7,1,5,6,8,9,2},{2,5,8,3,9,4,7,1,6},{9,6,1,7,8,2,3,4,5},{3,1,9,8,4,5,2,6,7},{7,4,2,6,1,9,5,8,3},{6,8,5,2,0,0,0,0,0},{0,0,0,0,0,0,0,0,0},{0,0,0,0,0,0,0,0,0},{0,0,0,0,0,0,0,0,0}}
]
00:38:13.048 [main] INFO  sudoku.model.SudokuBoard - Wartość 0 wstawiona nieprawidłowo
00:38:13.048 [main] INFO  sudoku.model.SudokuBoard - Bład w kwadracie 0
sudoku.model.SudokuBoard@1308ef19[
  size=9
  solver=sudoku.model.BacktrackingSudokuSolver@5b1ff8cd
  board={{4,3,7,1,5,6,8,9,2},{2,5,8,3,9,4,7,1,6},{9,6,1,7,8,2,3,4,5},{3,1,9,8,4,5,2,6,7},{7,4,2,6,1,9,5,8,3},{6,8,5,2,3,7,0,0,0},{0,0,0,0,0,0,0,0,0},{0,0,0,0,0,0,0,0,0},{0,0,0,0,0,0,0,0,0}}
]
00:38:13.048 [main] INFO  sudoku.model.SudokuBoard - Wartość 0 wstawiona nieprawidłowo
00:38:13.049 [main] INFO  sudoku.model.SudokuBoard - Bład w kwadracie 0
sudoku.model.SudokuBoard@1308ef19[
  size=9
  solver=sudoku.model.BacktrackingSudokuSolver@5b1ff8cd
  board={{4,3,7,1,5,6,8,9,2},{2,5,8,3,9,4,7,1,6},{9,6,1,7,8,2,3,4,5},{3,1,9,8,4,5,2,6,7},{7,4,2,6,1,9,5,8,3},{6,8,5,2,3,7,0,0,0},{0,0,0,0,0,0,0,0,0},{0,0,0,0,0,0,0,0,0},{0,0,0,0,0,0,0,0,0}}
]
00:38:13.049 [main] INFO  sudoku.model.SudokuBoard - Wartość 0 wstawiona nieprawidłowo
00:38:13.049 [main] INFO  sudoku.model.SudokuBoard - Bład w kwadracie 0
sudoku.model.SudokuBoard@1308ef19[
  size=9
  solver=sudoku.model.BacktrackingSudokuSolver@5b1ff8cd
  board={{4,3,7,1,5,6,8,9,2},{2,5,8,3,9,4,7,1,6},{9,6,1,7,8,2,3,4,5},{3,1,9,8,4,5,2,6,7},{7,4,2,6,1,9,5,8,3},{6,8,5,2,3,7,0,0,0},{0,0,0,0,0,0,0,0,0},{0,0,0,0,0,0,0,0,0},{0,0,0,0,0,0,0,0,0}}
]
00:38:13.049 [main] INFO  sudoku.model.SudokuBoard - Wartość 0 wstawiona nieprawidłowo
00:38:13.049 [main] INFO  sudoku.model.SudokuBoard - Bład w kwadracie 0
sudoku.model.SudokuBoard@1308ef19[
  size=9
  solver=sudoku.model.BacktrackingSudokuSolver@5b1ff8cd
  board={{4,3,7,1,5,6,8,9,2},{2,5,8,3,9,4,7,1,6},{9,6,1,7,8,2,3,4,5},{3,1,9,8,4,5,2,6,7},{7,4,2,6,1,9,5,8,3},{6,8,5,2,3,0,0,0,0},{0,0,0,0,0,0,0,0,0},{0,0,0,0,0,0,0,0,0},{0,0,0,0,0,0,0,0,0}}
]
00:38:13.049 [main] INFO  sudoku.model.SudokuBoard - Wartość 0 wstawiona nieprawidłowo
00:38:13.049 [main] INFO  sudoku.model.SudokuBoard - Bład w kwadracie 0
sudoku.model.SudokuBoard@1308ef19[
  size=9
  solver=sudoku.model.BacktrackingSudokuSolver@5b1ff8cd
  board={{4,3,7,1,5,6,8,9,2},{2,5,8,3,9,4,7,1,6},{9,6,1,7,8,2,3,4,5},{3,1,9,8,4,5,2,6,7},{7,4,2,6,1,9,5,8,3},{6,8,5,2,0,0,0,0,0},{0,0,0,0,0,0,0,0,0},{0,0,0,0,0,0,0,0,0},{0,0,0,0,0,0,0,0,0}}
]
00:38:13.049 [main] INFO  sudoku.model.SudokuBoard - Wartość 0 wstawiona nieprawidłowo
00:38:13.049 [main] INFO  sudoku.model.SudokuBoard - Bład w kwadracie 0
sudoku.model.SudokuBoard@1308ef19[
  size=9
  solver=sudoku.model.BacktrackingSudokuSolver@5b1ff8cd
  board={{4,3,7,1,5,6,8,9,2},{2,5,8,3,9,4,7,1,6},{9,6,1,7,8,2,3,4,5},{3,1,9,8,4,5,2,6,7},{7,4,2,6,1,9,5,8,3},{6,8,5,0,0,0,0,0,0},{0,0,0,0,0,0,0,0,0},{0,0,0,0,0,0,0,0,0},{0,0,0,0,0,0,0,0,0}}
]
00:38:13.049 [main] INFO  sudoku.model.SudokuBoard - Wartość 0 wstawiona nieprawidłowo
00:38:13.049 [main] INFO  sudoku.model.SudokuBoard - Bład w kwadracie 0
sudoku.model.SudokuBoard@1308ef19[
  size=9
  solver=sudoku.model.BacktrackingSudokuSolver@5b1ff8cd
  board={{4,3,7,1,5,6,8,9,2},{2,5,8,3,9,4,7,1,6},{9,6,1,7,8,2,3,4,5},{3,1,9,8,4,5,2,6,7},{7,4,2,6,1,9,5,8,3},{6,8,0,0,0,0,0,0,0},{0,0,0,0,0,0,0,0,0},{0,0,0,0,0,0,0,0,0},{0,0,0,0,0,0,0,0,0}}
]
00:38:13.049 [main] INFO  sudoku.model.SudokuBoard - Wartość 0 wstawiona nieprawidłowo
00:38:13.049 [main] INFO  sudoku.model.SudokuBoard - Bład w kwadracie 0
sudoku.model.SudokuBoard@1308ef19[
  size=9
  solver=sudoku.model.BacktrackingSudokuSolver@5b1ff8cd
  board={{4,3,7,1,5,6,8,9,2},{2,5,8,3,9,4,7,1,6},{9,6,1,7,8,2,3,4,5},{3,1,9,8,4,5,2,6,7},{7,4,2,6,1,9,5,8,3},{6,0,0,0,0,0,0,0,0},{0,0,0,0,0,0,0,0,0},{0,0,0,0,0,0,0,0,0},{0,0,0,0,0,0,0,0,0}}
]
00:38:13.049 [main] INFO  sudoku.model.SudokuBoard - Wartość 0 wstawiona nieprawidłowo
00:38:13.049 [main] INFO  sudoku.model.SudokuBoard - Bład w kwadracie 0
sudoku.model.SudokuBoard@1308ef19[
  size=9
  solver=sudoku.model.BacktrackingSudokuSolver@5b1ff8cd
  board={{4,3,7,1,5,6,8,9,2},{2,5,8,3,9,4,7,1,6},{9,6,1,7,8,2,3,4,5},{3,1,9,8,4,5,2,6,7},{7,4,2,6,1,9,5,8,3},{0,0,0,0,0,0,0,0,0},{0,0,0,0,0,0,0,0,0},{0,0,0,0,0,0,0,0,0},{0,0,0,0,0,0,0,0,0}}
]
00:38:13.050 [main] INFO  sudoku.model.SudokuBoard - Wartość 0 wstawiona nieprawidłowo
00:38:13.050 [main] INFO  sudoku.model.SudokuBoard - Bład w kwadracie 0
sudoku.model.SudokuBoard@1308ef19[
  size=9
  solver=sudoku.model.BacktrackingSudokuSolver@5b1ff8cd
  board={{4,3,7,1,5,6,8,9,2},{2,5,8,3,9,4,7,1,6},{9,6,1,7,8,2,3,4,5},{3,1,9,8,4,5,2,6,7},{7,4,2,6,1,9,5,8,3},{0,0,0,0,0,0,0,0,0},{0,0,0,0,0,0,0,0,0},{0,0,0,0,0,0,0,0,0},{0,0,0,0,0,0,0,0,0}}
]
00:38:13.050 [main] INFO  sudoku.model.SudokuBoard - Wartość 0 wstawiona nieprawidłowo
00:38:13.050 [main] INFO  sudoku.model.SudokuBoard - Bład w kwadracie 0
sudoku.model.SudokuBoard@1308ef19[
  size=9
  solver=sudoku.model.BacktrackingSudokuSolver@5b1ff8cd
  board={{4,3,7,1,5,6,8,9,2},{2,5,8,3,9,4,7,1,6},{9,6,1,7,8,2,3,4,5},{3,1,9,8,4,5,2,6,7},{7,4,2,6,1,9,5,8,0},{0,0,0,0,0,0,0,0,0},{0,0,0,0,0,0,0,0,0},{0,0,0,0,0,0,0,0,0},{0,0,0,0,0,0,0,0,0}}
]
00:38:13.050 [main] INFO  sudoku.model.SudokuBoard - Wartość 0 wstawiona nieprawidłowo
00:38:13.050 [main] INFO  sudoku.model.SudokuBoard - Bład w kwadracie 0
sudoku.model.SudokuBoard@1308ef19[
  size=9
  solver=sudoku.model.BacktrackingSudokuSolver@5b1ff8cd
  board={{4,3,7,1,5,6,8,9,2},{2,5,8,3,9,4,7,1,6},{9,6,1,7,8,2,3,4,5},{3,1,9,8,4,5,2,6,7},{7,4,2,6,1,9,5,0,0},{0,0,0,0,0,0,0,0,0},{0,0,0,0,0,0,0,0,0},{0,0,0,0,0,0,0,0,0},{0,0,0,0,0,0,0,0,0}}
]
00:38:13.050 [main] INFO  sudoku.model.SudokuBoard - Wartość 0 wstawiona nieprawidłowo
00:38:13.050 [main] INFO  sudoku.model.SudokuBoard - Bład w kwadracie 0
sudoku.model.SudokuBoard@1308ef19[
  size=9
  solver=sudoku.model.BacktrackingSudokuSolver@5b1ff8cd
  board={{4,3,7,1,5,6,8,9,2},{2,5,8,3,9,4,7,1,6},{9,6,1,7,8,2,3,4,5},{3,1,9,8,4,5,2,6,7},{7,4,2,6,1,9,5,3,8},{5,8,6,2,7,3,0,0,0},{0,0,0,0,0,0,0,0,0},{0,0,0,0,0,0,0,0,0},{0,0,0,0,0,0,0,0,0}}
]
00:38:13.050 [main] INFO  sudoku.model.SudokuBoard - Wartość 0 wstawiona nieprawidłowo
00:38:13.050 [main] INFO  sudoku.model.SudokuBoard - Bład w kwadracie 0
sudoku.model.SudokuBoard@1308ef19[
  size=9
  solver=sudoku.model.BacktrackingSudokuSolver@5b1ff8cd
  board={{4,3,7,1,5,6,8,9,2},{2,5,8,3,9,4,7,1,6},{9,6,1,7,8,2,3,4,5},{3,1,9,8,4,5,2,6,7},{7,4,2,6,1,9,5,3,8},{5,8,6,2,7,3,0,0,0},{0,0,0,0,0,0,0,0,0},{0,0,0,0,0,0,0,0,0},{0,0,0,0,0,0,0,0,0}}
]
00:38:13.050 [main] INFO  sudoku.model.SudokuBoard - Wartość 0 wstawiona nieprawidłowo
00:38:13.050 [main] INFO  sudoku.model.SudokuBoard - Bład w kwadracie 0
sudoku.model.SudokuBoard@1308ef19[
  size=9
  solver=sudoku.model.BacktrackingSudokuSolver@5b1ff8cd
  board={{4,3,7,1,5,6,8,9,2},{2,5,8,3,9,4,7,1,6},{9,6,1,7,8,2,3,4,5},{3,1,9,8,4,5,2,6,7},{7,4,2,6,1,9,5,3,8},{5,8,6,2,7,3,0,0,0},{0,0,0,0,0,0,0,0,0},{0,0,0,0,0,0,0,0,0},{0,0,0,0,0,0,0,0,0}}
]
00:38:13.050 [main] INFO  sudoku.model.SudokuBoard - Wartość 0 wstawiona nieprawidłowo
00:38:13.051 [main] INFO  sudoku.model.SudokuBoard - Bład w kwadracie 0
sudoku.model.SudokuBoard@1308ef19[
  size=9
  solver=sudoku.model.BacktrackingSudokuSolver@5b1ff8cd
  board={{4,3,7,1,5,6,8,9,2},{2,5,8,3,9,4,7,1,6},{9,6,1,7,8,2,3,4,5},{3,1,9,8,4,5,2,6,7},{7,4,2,6,1,9,5,3,8},{5,8,6,2,7,0,0,0,0},{0,0,0,0,0,0,0,0,0},{0,0,0,0,0,0,0,0,0},{0,0,0,0,0,0,0,0,0}}
]
00:38:13.051 [main] INFO  sudoku.model.SudokuBoard - Wartość 0 wstawiona nieprawidłowo
00:38:13.051 [main] INFO  sudoku.model.SudokuBoard - Bład w kwadracie 0
sudoku.model.SudokuBoard@1308ef19[
  size=9
  solver=sudoku.model.BacktrackingSudokuSolver@5b1ff8cd
  board={{4,3,7,1,5,6,8,9,2},{2,5,8,3,9,4,7,1,6},{9,6,1,7,8,2,3,4,5},{3,1,9,8,4,5,2,6,7},{7,4,2,6,1,9,5,3,8},{5,8,6,2,0,0,0,0,0},{0,0,0,0,0,0,0,0,0},{0,0,0,0,0,0,0,0,0},{0,0,0,0,0,0,0,0,0}}
]
00:38:13.051 [main] INFO  sudoku.model.SudokuBoard - Wartość 0 wstawiona nieprawidłowo
00:38:13.051 [main] INFO  sudoku.model.SudokuBoard - Bład w kwadracie 0
sudoku.model.SudokuBoard@1308ef19[
  size=9
  solver=sudoku.model.BacktrackingSudokuSolver@5b1ff8cd
  board={{4,3,7,1,5,6,8,9,2},{2,5,8,3,9,4,7,1,6},{9,6,1,7,8,2,3,4,5},{3,1,9,8,4,5,2,6,7},{7,4,2,6,1,9,5,3,8},{5,8,6,2,3,7,0,0,0},{0,0,0,0,0,0,0,0,0},{0,0,0,0,0,0,0,0,0},{0,0,0,0,0,0,0,0,0}}
]
00:38:13.051 [main] INFO  sudoku.model.SudokuBoard - Wartość 0 wstawiona nieprawidłowo
00:38:13.051 [main] INFO  sudoku.model.SudokuBoard - Bład w kwadracie 0
sudoku.model.SudokuBoard@1308ef19[
  size=9
  solver=sudoku.model.BacktrackingSudokuSolver@5b1ff8cd
  board={{4,3,7,1,5,6,8,9,2},{2,5,8,3,9,4,7,1,6},{9,6,1,7,8,2,3,4,5},{3,1,9,8,4,5,2,6,7},{7,4,2,6,1,9,5,3,8},{5,8,6,2,3,7,0,0,0},{0,0,0,0,0,0,0,0,0},{0,0,0,0,0,0,0,0,0},{0,0,0,0,0,0,0,0,0}}
]
00:38:13.051 [main] INFO  sudoku.model.SudokuBoard - Wartość 0 wstawiona nieprawidłowo
00:38:13.051 [main] INFO  sudoku.model.SudokuBoard - Bład w kwadracie 0
sudoku.model.SudokuBoard@1308ef19[
  size=9
  solver=sudoku.model.BacktrackingSudokuSolver@5b1ff8cd
  board={{4,3,7,1,5,6,8,9,2},{2,5,8,3,9,4,7,1,6},{9,6,1,7,8,2,3,4,5},{3,1,9,8,4,5,2,6,7},{7,4,2,6,1,9,5,3,8},{5,8,6,2,3,7,0,0,0},{0,0,0,0,0,0,0,0,0},{0,0,0,0,0,0,0,0,0},{0,0,0,0,0,0,0,0,0}}
]
00:38:13.051 [main] INFO  sudoku.model.SudokuBoard - Wartość 0 wstawiona nieprawidłowo
00:38:13.051 [main] INFO  sudoku.model.SudokuBoard - Bład w kwadracie 0
sudoku.model.SudokuBoard@1308ef19[
  size=9
  solver=sudoku.model.BacktrackingSudokuSolver@5b1ff8cd
  board={{4,3,7,1,5,6,8,9,2},{2,5,8,3,9,4,7,1,6},{9,6,1,7,8,2,3,4,5},{3,1,9,8,4,5,2,6,7},{7,4,2,6,1,9,5,3,8},{5,8,6,2,3,0,0,0,0},{0,0,0,0,0,0,0,0,0},{0,0,0,0,0,0,0,0,0},{0,0,0,0,0,0,0,0,0}}
]
00:38:13.051 [main] INFO  sudoku.model.SudokuBoard - Wartość 0 wstawiona nieprawidłowo
00:38:13.051 [main] INFO  sudoku.model.SudokuBoard - Bład w kwadracie 0
sudoku.model.SudokuBoard@1308ef19[
  size=9
  solver=sudoku.model.BacktrackingSudokuSolver@5b1ff8cd
  board={{4,3,7,1,5,6,8,9,2},{2,5,8,3,9,4,7,1,6},{9,6,1,7,8,2,3,4,5},{3,1,9,8,4,5,2,6,7},{7,4,2,6,1,9,5,3,8},{5,8,6,2,0,0,0,0,0},{0,0,0,0,0,0,0,0,0},{0,0,0,0,0,0,0,0,0},{0,0,0,0,0,0,0,0,0}}
]
00:38:13.051 [main] INFO  sudoku.model.SudokuBoard - Wartość 0 wstawiona nieprawidłowo
00:38:13.051 [main] INFO  sudoku.model.SudokuBoard - Bład w kwadracie 0
sudoku.model.SudokuBoard@1308ef19[
  size=9
  solver=sudoku.model.BacktrackingSudokuSolver@5b1ff8cd
  board={{4,3,7,1,5,6,8,9,2},{2,5,8,3,9,4,7,1,6},{9,6,1,7,8,2,3,4,5},{3,1,9,8,4,5,2,6,7},{7,4,2,6,1,9,5,3,8},{5,8,6,0,0,0,0,0,0},{0,0,0,0,0,0,0,0,0},{0,0,0,0,0,0,0,0,0},{0,0,0,0,0,0,0,0,0}}
]
00:38:13.051 [main] INFO  sudoku.model.SudokuBoard - Wartość 0 wstawiona nieprawidłowo
00:38:13.052 [main] INFO  sudoku.model.SudokuBoard - Bład w kwadracie 0
sudoku.model.SudokuBoard@1308ef19[
  size=9
  solver=sudoku.model.BacktrackingSudokuSolver@5b1ff8cd
  board={{4,3,7,1,5,6,8,9,2},{2,5,8,3,9,4,7,1,6},{9,6,1,7,8,2,3,4,5},{3,1,9,8,4,5,2,6,7},{7,4,2,6,1,9,5,3,8},{5,8,0,0,0,0,0,0,0},{0,0,0,0,0,0,0,0,0},{0,0,0,0,0,0,0,0,0},{0,0,0,0,0,0,0,0,0}}
]
00:38:13.052 [main] INFO  sudoku.model.SudokuBoard - Wartość 0 wstawiona nieprawidłowo
00:38:13.052 [main] INFO  sudoku.model.SudokuBoard - Bład w kwadracie 0
sudoku.model.SudokuBoard@1308ef19[
  size=9
  solver=sudoku.model.BacktrackingSudokuSolver@5b1ff8cd
  board={{4,3,7,1,5,6,8,9,2},{2,5,8,3,9,4,7,1,6},{9,6,1,7,8,2,3,4,5},{3,1,9,8,4,5,2,6,7},{7,4,2,6,1,9,5,3,8},{5,0,0,0,0,0,0,0,0},{0,0,0,0,0,0,0,0,0},{0,0,0,0,0,0,0,0,0},{0,0,0,0,0,0,0,0,0}}
]
00:38:13.052 [main] INFO  sudoku.model.SudokuBoard - Wartość 0 wstawiona nieprawidłowo
00:38:13.052 [main] INFO  sudoku.model.SudokuBoard - Bład w kwadracie 0
sudoku.model.SudokuBoard@1308ef19[
  size=9
  solver=sudoku.model.BacktrackingSudokuSolver@5b1ff8cd
  board={{4,3,7,1,5,6,8,9,2},{2,5,8,3,9,4,7,1,6},{9,6,1,7,8,2,3,4,5},{3,1,9,8,4,5,2,6,7},{7,4,2,6,1,9,5,3,8},{0,0,0,0,0,0,0,0,0},{0,0,0,0,0,0,0,0,0},{0,0,0,0,0,0,0,0,0},{0,0,0,0,0,0,0,0,0}}
]
00:38:13.052 [main] INFO  sudoku.model.SudokuBoard - Wartość 0 wstawiona nieprawidłowo
00:38:13.052 [main] INFO  sudoku.model.SudokuBoard - Bład w kwadracie 0
sudoku.model.SudokuBoard@1308ef19[
  size=9
  solver=sudoku.model.BacktrackingSudokuSolver@5b1ff8cd
  board={{4,3,7,1,5,6,8,9,2},{2,5,8,3,9,4,7,1,6},{9,6,1,7,8,2,3,4,5},{3,1,9,8,4,5,2,6,7},{7,4,2,6,1,9,5,3,8},{6,8,5,2,7,3,0,0,0},{0,0,0,0,0,0,0,0,0},{0,0,0,0,0,0,0,0,0},{0,0,0,0,0,0,0,0,0}}
]
00:38:13.052 [main] INFO  sudoku.model.SudokuBoard - Wartość 0 wstawiona nieprawidłowo
00:38:13.052 [main] INFO  sudoku.model.SudokuBoard - Bład w kwadracie 0
sudoku.model.SudokuBoard@1308ef19[
  size=9
  solver=sudoku.model.BacktrackingSudokuSolver@5b1ff8cd
  board={{4,3,7,1,5,6,8,9,2},{2,5,8,3,9,4,7,1,6},{9,6,1,7,8,2,3,4,5},{3,1,9,8,4,5,2,6,7},{7,4,2,6,1,9,5,3,8},{6,8,5,2,7,3,0,0,0},{0,0,0,0,0,0,0,0,0},{0,0,0,0,0,0,0,0,0},{0,0,0,0,0,0,0,0,0}}
]
00:38:13.053 [main] INFO  sudoku.model.SudokuBoard - Wartość 0 wstawiona nieprawidłowo
00:38:13.053 [main] INFO  sudoku.model.SudokuBoard - Bład w kwadracie 0
sudoku.model.SudokuBoard@1308ef19[
  size=9
  solver=sudoku.model.BacktrackingSudokuSolver@5b1ff8cd
  board={{4,3,7,1,5,6,8,9,2},{2,5,8,3,9,4,7,1,6},{9,6,1,7,8,2,3,4,5},{3,1,9,8,4,5,2,6,7},{7,4,2,6,1,9,5,3,8},{6,8,5,2,7,3,0,0,0},{0,0,0,0,0,0,0,0,0},{0,0,0,0,0,0,0,0,0},{0,0,0,0,0,0,0,0,0}}
]
00:38:13.053 [main] INFO  sudoku.model.SudokuBoard - Wartość 0 wstawiona nieprawidłowo
00:38:13.053 [main] INFO  sudoku.model.SudokuBoard - Bład w kwadracie 0
sudoku.model.SudokuBoard@1308ef19[
  size=9
  solver=sudoku.model.BacktrackingSudokuSolver@5b1ff8cd
  board={{4,3,7,1,5,6,8,9,2},{2,5,8,3,9,4,7,1,6},{9,6,1,7,8,2,3,4,5},{3,1,9,8,4,5,2,6,7},{7,4,2,6,1,9,5,3,8},{6,8,5,2,7,0,0,0,0},{0,0,0,0,0,0,0,0,0},{0,0,0,0,0,0,0,0,0},{0,0,0,0,0,0,0,0,0}}
]
00:38:13.053 [main] INFO  sudoku.model.SudokuBoard - Wartość 0 wstawiona nieprawidłowo
00:38:13.053 [main] INFO  sudoku.model.SudokuBoard - Bład w kwadracie 0
sudoku.model.SudokuBoard@1308ef19[
  size=9
  solver=sudoku.model.BacktrackingSudokuSolver@5b1ff8cd
  board={{4,3,7,1,5,6,8,9,2},{2,5,8,3,9,4,7,1,6},{9,6,1,7,8,2,3,4,5},{3,1,9,8,4,5,2,6,7},{7,4,2,6,1,9,5,3,8},{6,8,5,2,0,0,0,0,0},{0,0,0,0,0,0,0,0,0},{0,0,0,0,0,0,0,0,0},{0,0,0,0,0,0,0,0,0}}
]
00:38:13.053 [main] INFO  sudoku.model.SudokuBoard - Wartość 0 wstawiona nieprawidłowo
00:38:13.053 [main] INFO  sudoku.model.SudokuBoard - Bład w kwadracie 0
sudoku.model.SudokuBoard@1308ef19[
  size=9
  solver=sudoku.model.BacktrackingSudokuSolver@5b1ff8cd
  board={{4,3,7,1,5,6,8,9,2},{2,5,8,3,9,4,7,1,6},{9,6,1,7,8,2,3,4,5},{3,1,9,8,4,5,2,6,7},{7,4,2,6,1,9,5,3,8},{6,8,5,2,3,7,0,0,0},{0,0,0,0,0,0,0,0,0},{0,0,0,0,0,0,0,0,0},{0,0,0,0,0,0,0,0,0}}
]
00:38:13.053 [main] INFO  sudoku.model.SudokuBoard - Wartość 0 wstawiona nieprawidłowo
00:38:13.053 [main] INFO  sudoku.model.SudokuBoard - Bład w kwadracie 0
sudoku.model.SudokuBoard@1308ef19[
  size=9
  solver=sudoku.model.BacktrackingSudokuSolver@5b1ff8cd
  board={{4,3,7,1,5,6,8,9,2},{2,5,8,3,9,4,7,1,6},{9,6,1,7,8,2,3,4,5},{3,1,9,8,4,5,2,6,7},{7,4,2,6,1,9,5,3,8},{6,8,5,2,3,7,0,0,0},{0,0,0,0,0,0,0,0,0},{0,0,0,0,0,0,0,0,0},{0,0,0,0,0,0,0,0,0}}
]
00:38:13.053 [main] INFO  sudoku.model.SudokuBoard - Wartość 0 wstawiona nieprawidłowo
00:38:13.053 [main] INFO  sudoku.model.SudokuBoard - Bład w kwadracie 0
sudoku.model.SudokuBoard@1308ef19[
  size=9
  solver=sudoku.model.BacktrackingSudokuSolver@5b1ff8cd
  board={{4,3,7,1,5,6,8,9,2},{2,5,8,3,9,4,7,1,6},{9,6,1,7,8,2,3,4,5},{3,1,9,8,4,5,2,6,7},{7,4,2,6,1,9,5,3,8},{6,8,5,2,3,7,0,0,0},{0,0,0,0,0,0,0,0,0},{0,0,0,0,0,0,0,0,0},{0,0,0,0,0,0,0,0,0}}
]
00:38:13.053 [main] INFO  sudoku.model.SudokuBoard - Wartość 0 wstawiona nieprawidłowo
00:38:13.054 [main] INFO  sudoku.model.SudokuBoard - Bład w kwadracie 0
sudoku.model.SudokuBoard@1308ef19[
  size=9
  solver=sudoku.model.BacktrackingSudokuSolver@5b1ff8cd
  board={{4,3,7,1,5,6,8,9,2},{2,5,8,3,9,4,7,1,6},{9,6,1,7,8,2,3,4,5},{3,1,9,8,4,5,2,6,7},{7,4,2,6,1,9,5,3,8},{6,8,5,2,3,0,0,0,0},{0,0,0,0,0,0,0,0,0},{0,0,0,0,0,0,0,0,0},{0,0,0,0,0,0,0,0,0}}
]
00:38:13.054 [main] INFO  sudoku.model.SudokuBoard - Wartość 0 wstawiona nieprawidłowo
00:38:13.054 [main] INFO  sudoku.model.SudokuBoard - Bład w kwadracie 0
sudoku.model.SudokuBoard@1308ef19[
  size=9
  solver=sudoku.model.BacktrackingSudokuSolver@5b1ff8cd
  board={{4,3,7,1,5,6,8,9,2},{2,5,8,3,9,4,7,1,6},{9,6,1,7,8,2,3,4,5},{3,1,9,8,4,5,2,6,7},{7,4,2,6,1,9,5,3,8},{6,8,5,2,0,0,0,0,0},{0,0,0,0,0,0,0,0,0},{0,0,0,0,0,0,0,0,0},{0,0,0,0,0,0,0,0,0}}
]
00:38:13.054 [main] INFO  sudoku.model.SudokuBoard - Wartość 0 wstawiona nieprawidłowo
00:38:13.054 [main] INFO  sudoku.model.SudokuBoard - Bład w kwadracie 0
sudoku.model.SudokuBoard@1308ef19[
  size=9
  solver=sudoku.model.BacktrackingSudokuSolver@5b1ff8cd
  board={{4,3,7,1,5,6,8,9,2},{2,5,8,3,9,4,7,1,6},{9,6,1,7,8,2,3,4,5},{3,1,9,8,4,5,2,6,7},{7,4,2,6,1,9,5,3,8},{6,8,5,0,0,0,0,0,0},{0,0,0,0,0,0,0,0,0},{0,0,0,0,0,0,0,0,0},{0,0,0,0,0,0,0,0,0}}
]
00:38:13.054 [main] INFO  sudoku.model.SudokuBoard - Wartość 0 wstawiona nieprawidłowo
00:38:13.054 [main] INFO  sudoku.model.SudokuBoard - Bład w kwadracie 0
sudoku.model.SudokuBoard@1308ef19[
  size=9
  solver=sudoku.model.BacktrackingSudokuSolver@5b1ff8cd
  board={{4,3,7,1,5,6,8,9,2},{2,5,8,3,9,4,7,1,6},{9,6,1,7,8,2,3,4,5},{3,1,9,8,4,5,2,6,7},{7,4,2,6,1,9,5,3,8},{6,8,0,0,0,0,0,0,0},{0,0,0,0,0,0,0,0,0},{0,0,0,0,0,0,0,0,0},{0,0,0,0,0,0,0,0,0}}
]
00:38:13.054 [main] INFO  sudoku.model.SudokuBoard - Wartość 0 wstawiona nieprawidłowo
00:38:13.054 [main] INFO  sudoku.model.SudokuBoard - Bład w kwadracie 0
sudoku.model.SudokuBoard@1308ef19[
  size=9
  solver=sudoku.model.BacktrackingSudokuSolver@5b1ff8cd
  board={{4,3,7,1,5,6,8,9,2},{2,5,8,3,9,4,7,1,6},{9,6,1,7,8,2,3,4,5},{3,1,9,8,4,5,2,6,7},{7,4,2,6,1,9,5,3,8},{6,0,0,0,0,0,0,0,0},{0,0,0,0,0,0,0,0,0},{0,0,0,0,0,0,0,0,0},{0,0,0,0,0,0,0,0,0}}
]
00:38:13.054 [main] INFO  sudoku.model.SudokuBoard - Wartość 0 wstawiona nieprawidłowo
00:38:13.054 [main] INFO  sudoku.model.SudokuBoard - Bład w kwadracie 0
sudoku.model.SudokuBoard@1308ef19[
  size=9
  solver=sudoku.model.BacktrackingSudokuSolver@5b1ff8cd
  board={{4,3,7,1,5,6,8,9,2},{2,5,8,3,9,4,7,1,6},{9,6,1,7,8,2,3,4,5},{3,1,9,8,4,5,2,6,7},{7,4,2,6,1,9,5,3,8},{0,0,0,0,0,0,0,0,0},{0,0,0,0,0,0,0,0,0},{0,0,0,0,0,0,0,0,0},{0,0,0,0,0,0,0,0,0}}
]
00:38:13.054 [main] INFO  sudoku.model.SudokuBoard - Wartość 0 wstawiona nieprawidłowo
00:38:13.054 [main] INFO  sudoku.model.SudokuBoard - Bład w kwadracie 0
sudoku.model.SudokuBoard@1308ef19[
  size=9
  solver=sudoku.model.BacktrackingSudokuSolver@5b1ff8cd
  board={{4,3,7,1,5,6,8,9,2},{2,5,8,3,9,4,7,1,6},{9,6,1,7,8,2,3,4,5},{3,1,9,8,4,5,2,6,7},{7,4,2,6,1,9,5,3,8},{0,0,0,0,0,0,0,0,0},{0,0,0,0,0,0,0,0,0},{0,0,0,0,0,0,0,0,0},{0,0,0,0,0,0,0,0,0}}
]
00:38:13.055 [main] INFO  sudoku.model.SudokuBoard - Wartość 0 wstawiona nieprawidłowo
00:38:13.055 [main] INFO  sudoku.model.SudokuBoard - Bład w kwadracie 0
sudoku.model.SudokuBoard@1308ef19[
  size=9
  solver=sudoku.model.BacktrackingSudokuSolver@5b1ff8cd
  board={{4,3,7,1,5,6,8,9,2},{2,5,8,3,9,4,7,1,6},{9,6,1,7,8,2,3,4,5},{3,1,9,8,4,5,2,6,7},{7,4,2,6,1,9,5,3,0},{0,0,0,0,0,0,0,0,0},{0,0,0,0,0,0,0,0,0},{0,0,0,0,0,0,0,0,0},{0,0,0,0,0,0,0,0,0}}
]
00:38:13.055 [main] INFO  sudoku.model.SudokuBoard - Wartość 0 wstawiona nieprawidłowo
00:38:13.055 [main] INFO  sudoku.model.SudokuBoard - Bład w kwadracie 0
sudoku.model.SudokuBoard@1308ef19[
  size=9
  solver=sudoku.model.BacktrackingSudokuSolver@5b1ff8cd
  board={{4,3,7,1,5,6,8,9,2},{2,5,8,3,9,4,7,1,6},{9,6,1,7,8,2,3,4,5},{3,1,9,8,4,5,2,6,7},{7,4,2,6,1,9,5,0,0},{0,0,0,0,0,0,0,0,0},{0,0,0,0,0,0,0,0,0},{0,0,0,0,0,0,0,0,0},{0,0,0,0,0,0,0,0,0}}
]
00:38:13.055 [main] INFO  sudoku.model.SudokuBoard - Wartość 0 wstawiona nieprawidłowo
00:38:13.055 [main] INFO  sudoku.model.SudokuBoard - Bład w kwadracie 0
sudoku.model.SudokuBoard@1308ef19[
  size=9
  solver=sudoku.model.BacktrackingSudokuSolver@5b1ff8cd
  board={{4,3,7,1,5,6,8,9,2},{2,5,8,3,9,4,7,1,6},{9,6,1,7,8,2,3,4,5},{3,1,9,8,4,5,2,6,7},{7,4,2,6,1,9,0,0,0},{0,0,0,0,0,0,0,0,0},{0,0,0,0,0,0,0,0,0},{0,0,0,0,0,0,0,0,0},{0,0,0,0,0,0,0,0,0}}
]
00:38:13.055 [main] INFO  sudoku.model.SudokuBoard - Wartość 0 wstawiona nieprawidłowo
00:38:13.055 [main] INFO  sudoku.model.SudokuBoard - Bład w kwadracie 0
sudoku.model.SudokuBoard@1308ef19[
  size=9
  solver=sudoku.model.BacktrackingSudokuSolver@5b1ff8cd
  board={{4,3,7,1,5,6,8,9,2},{2,5,8,3,9,4,7,1,6},{9,6,1,7,8,2,3,4,5},{3,1,9,8,4,5,2,6,7},{7,4,2,6,1,0,0,0,0},{0,0,0,0,0,0,0,0,0},{0,0,0,0,0,0,0,0,0},{0,0,0,0,0,0,0,0,0},{0,0,0,0,0,0,0,0,0}}
]
00:38:13.055 [main] INFO  sudoku.model.SudokuBoard - Wartość 0 wstawiona nieprawidłowo
00:38:13.055 [main] INFO  sudoku.model.SudokuBoard - Bład w kwadracie 0
sudoku.model.SudokuBoard@1308ef19[
  size=9
  solver=sudoku.model.BacktrackingSudokuSolver@5b1ff8cd
  board={{4,3,7,1,5,6,8,9,2},{2,5,8,3,9,4,7,1,6},{9,6,1,7,8,2,3,4,5},{3,1,9,8,4,5,2,6,7},{7,4,2,6,1,3,5,8,9},{5,8,6,9,2,7,1,3,4},{6,2,3,5,7,8,0,0,0},{0,0,0,0,0,0,0,0,0},{0,0,0,0,0,0,0,0,0}}
]
00:38:13.055 [main] INFO  sudoku.model.SudokuBoard - Wartość 0 wstawiona nieprawidłowo
00:38:13.056 [main] INFO  sudoku.model.SudokuBoard - Bład w kwadracie 0
sudoku.model.SudokuBoard@1308ef19[
  size=9
  solver=sudoku.model.BacktrackingSudokuSolver@5b1ff8cd
  board={{4,3,7,1,5,6,8,9,2},{2,5,8,3,9,4,7,1,6},{9,6,1,7,8,2,3,4,5},{3,1,9,8,4,5,2,6,7},{7,4,2,6,1,3,5,8,9},{5,8,6,9,2,7,1,3,4},{6,2,3,5,7,8,0,0,0},{0,0,0,0,0,0,0,0,0},{0,0,0,0,0,0,0,0,0}}
]
00:38:13.056 [main] INFO  sudoku.model.SudokuBoard - Wartość 0 wstawiona nieprawidłowo
00:38:13.056 [main] INFO  sudoku.model.SudokuBoard - Bład w kwadracie 0
sudoku.model.SudokuBoard@1308ef19[
  size=9
  solver=sudoku.model.BacktrackingSudokuSolver@5b1ff8cd
  board={{4,3,7,1,5,6,8,9,2},{2,5,8,3,9,4,7,1,6},{9,6,1,7,8,2,3,4,5},{3,1,9,8,4,5,2,6,7},{7,4,2,6,1,3,5,8,9},{5,8,6,9,2,7,1,3,4},{6,2,3,5,7,0,0,0,0},{0,0,0,0,0,0,0,0,0},{0,0,0,0,0,0,0,0,0}}
]
00:38:13.056 [main] INFO  sudoku.model.SudokuBoard - Wartość 0 wstawiona nieprawidłowo
00:38:13.056 [main] INFO  sudoku.model.SudokuBoard - Bład w kwadracie 0
sudoku.model.SudokuBoard@1308ef19[
  size=9
  solver=sudoku.model.BacktrackingSudokuSolver@5b1ff8cd
  board={{4,3,7,1,5,6,8,9,2},{2,5,8,3,9,4,7,1,6},{9,6,1,7,8,2,3,4,5},{3,1,9,8,4,5,2,6,7},{7,4,2,6,1,3,5,8,9},{5,8,6,9,2,7,1,3,4},{6,2,3,5,7,9,0,0,0},{0,0,0,0,0,0,0,0,0},{0,0,0,0,0,0,0,0,0}}
]
00:38:13.056 [main] INFO  sudoku.model.SudokuBoard - Wartość 0 wstawiona nieprawidłowo
00:38:13.056 [main] INFO  sudoku.model.SudokuBoard - Bład w kwadracie 0
sudoku.model.SudokuBoard@1308ef19[
  size=9
  solver=sudoku.model.BacktrackingSudokuSolver@5b1ff8cd
  board={{4,3,7,1,5,6,8,9,2},{2,5,8,3,9,4,7,1,6},{9,6,1,7,8,2,3,4,5},{3,1,9,8,4,5,2,6,7},{7,4,2,6,1,3,5,8,9},{5,8,6,9,2,7,1,3,4},{6,2,3,5,7,0,0,0,0},{0,0,0,0,0,0,0,0,0},{0,0,0,0,0,0,0,0,0}}
]
00:38:13.056 [main] INFO  sudoku.model.SudokuBoard - Wartość 0 wstawiona nieprawidłowo
00:38:13.056 [main] INFO  sudoku.model.SudokuBoard - Bład w kwadracie 0
sudoku.model.SudokuBoard@1308ef19[
  size=9
  solver=sudoku.model.BacktrackingSudokuSolver@5b1ff8cd
  board={{4,3,7,1,5,6,8,9,2},{2,5,8,3,9,4,7,1,6},{9,6,1,7,8,2,3,4,5},{3,1,9,8,4,5,2,6,7},{7,4,2,6,1,3,5,8,9},{5,8,6,9,2,7,1,3,4},{6,2,3,5,7,1,0,0,0},{0,0,0,0,0,0,0,0,0},{0,0,0,0,0,0,0,0,0}}
]
00:38:13.056 [main] INFO  sudoku.model.SudokuBoard - Wartość 0 wstawiona nieprawidłowo
00:38:13.056 [main] INFO  sudoku.model.SudokuBoard - Bład w kwadracie 0
sudoku.model.SudokuBoard@1308ef19[
  size=9
  solver=sudoku.model.BacktrackingSudokuSolver@5b1ff8cd
  board={{4,3,7,1,5,6,8,9,2},{2,5,8,3,9,4,7,1,6},{9,6,1,7,8,2,3,4,5},{3,1,9,8,4,5,2,6,7},{7,4,2,6,1,3,5,8,9},{5,8,6,9,2,7,1,3,4},{6,2,3,5,7,1,0,0,0},{0,0,0,0,0,0,0,0,0},{0,0,0,0,0,0,0,0,0}}
]
00:38:13.056 [main] INFO  sudoku.model.SudokuBoard - Wartość 0 wstawiona nieprawidłowo
00:38:13.056 [main] INFO  sudoku.model.SudokuBoard - Bład w kwadracie 0
sudoku.model.SudokuBoard@1308ef19[
  size=9
  solver=sudoku.model.BacktrackingSudokuSolver@5b1ff8cd
  board={{4,3,7,1,5,6,8,9,2},{2,5,8,3,9,4,7,1,6},{9,6,1,7,8,2,3,4,5},{3,1,9,8,4,5,2,6,7},{7,4,2,6,1,3,5,8,9},{5,8,6,9,2,7,1,3,4},{6,2,3,5,7,0,0,0,0},{0,0,0,0,0,0,0,0,0},{0,0,0,0,0,0,0,0,0}}
]
00:38:13.057 [main] INFO  sudoku.model.SudokuBoard - Wartość 0 wstawiona nieprawidłowo
00:38:13.057 [main] INFO  sudoku.model.SudokuBoard - Bład w kwadracie 0
sudoku.model.SudokuBoard@1308ef19[
  size=9
  solver=sudoku.model.BacktrackingSudokuSolver@5b1ff8cd
  board={{4,3,7,1,5,6,8,9,2},{2,5,8,3,9,4,7,1,6},{9,6,1,7,8,2,3,4,5},{3,1,9,8,4,5,2,6,7},{7,4,2,6,1,3,5,8,9},{5,8,6,9,2,7,1,3,4},{6,2,3,5,0,0,0,0,0},{0,0,0,0,0,0,0,0,0},{0,0,0,0,0,0,0,0,0}}
]
00:38:13.057 [main] INFO  sudoku.model.SudokuBoard - Wartość 0 wstawiona nieprawidłowo
00:38:13.057 [main] INFO  sudoku.model.SudokuBoard - Bład w kwadracie 0
sudoku.model.SudokuBoard@1308ef19[
  size=9
  solver=sudoku.model.BacktrackingSudokuSolver@5b1ff8cd
  board={{4,3,7,1,5,6,8,9,2},{2,5,8,3,9,4,7,1,6},{9,6,1,7,8,2,3,4,5},{3,1,9,8,4,5,2,6,7},{7,4,2,6,1,3,5,8,9},{5,8,6,9,2,7,1,3,4},{6,2,3,0,0,0,0,0,0},{0,0,0,0,0,0,0,0,0},{0,0,0,0,0,0,0,0,0}}
]
00:38:13.057 [main] INFO  sudoku.model.SudokuBoard - Wartość 0 wstawiona nieprawidłowo
00:38:13.057 [main] INFO  sudoku.model.SudokuBoard - Bład w kwadracie 0
sudoku.model.SudokuBoard@1308ef19[
  size=9
  solver=sudoku.model.BacktrackingSudokuSolver@5b1ff8cd
  board={{4,3,7,1,5,6,8,9,2},{2,5,8,3,9,4,7,1,6},{9,6,1,7,8,2,3,4,5},{3,1,9,8,4,5,2,6,7},{7,4,2,6,1,3,5,8,9},{5,8,6,9,2,7,1,3,4},{6,2,3,4,7,8,9,5,1},{8,7,5,2,3,9,0,0,0},{0,0,0,0,0,0,0,0,0}}
]
00:38:13.057 [main] INFO  sudoku.model.SudokuBoard - Wartość 0 wstawiona nieprawidłowo
00:38:13.057 [main] INFO  sudoku.model.SudokuBoard - Bład w kwadracie 0
sudoku.model.SudokuBoard@1308ef19[
  size=9
  solver=sudoku.model.BacktrackingSudokuSolver@5b1ff8cd
  board={{4,3,7,1,5,6,8,9,2},{2,5,8,3,9,4,7,1,6},{9,6,1,7,8,2,3,4,5},{3,1,9,8,4,5,2,6,7},{7,4,2,6,1,3,5,8,9},{5,8,6,9,2,7,1,3,4},{6,2,3,4,7,8,9,5,1},{8,7,5,2,3,9,0,0,0},{0,0,0,0,0,0,0,0,0}}
]
00:38:13.057 [main] INFO  sudoku.model.SudokuBoard - Wartość 0 wstawiona nieprawidłowo
00:38:13.057 [main] INFO  sudoku.model.SudokuBoard - Bład w kwadracie 0
sudoku.model.SudokuBoard@1308ef19[
  size=9
  solver=sudoku.model.BacktrackingSudokuSolver@5b1ff8cd
  board={{4,3,7,1,5,6,8,9,2},{2,5,8,3,9,4,7,1,6},{9,6,1,7,8,2,3,4,5},{3,1,9,8,4,5,2,6,7},{7,4,2,6,1,3,5,8,9},{5,8,6,9,2,7,1,3,4},{6,2,3,4,7,8,9,5,1},{8,7,5,2,3,0,0,0,0},{0,0,0,0,0,0,0,0,0}}
]
00:38:13.057 [main] INFO  sudoku.model.SudokuBoard - Wartość 0 wstawiona nieprawidłowo
00:38:13.057 [main] INFO  sudoku.model.SudokuBoard - Bład w kwadracie 0
sudoku.model.SudokuBoard@1308ef19[
  size=9
  solver=sudoku.model.BacktrackingSudokuSolver@5b1ff8cd
  board={{4,3,7,1,5,6,8,9,2},{2,5,8,3,9,4,7,1,6},{9,6,1,7,8,2,3,4,5},{3,1,9,8,4,5,2,6,7},{7,4,2,6,1,3,5,8,9},{5,8,6,9,2,7,1,3,4},{6,2,3,4,7,8,9,5,1},{8,7,5,2,3,1,0,0,0},{0,0,0,0,0,0,0,0,0}}
]
00:38:13.058 [main] INFO  sudoku.model.SudokuBoard - Wartość 0 wstawiona nieprawidłowo
00:38:13.058 [main] INFO  sudoku.model.SudokuBoard - Bład w kwadracie 0
sudoku.model.SudokuBoard@1308ef19[
  size=9
  solver=sudoku.model.BacktrackingSudokuSolver@5b1ff8cd
  board={{4,3,7,1,5,6,8,9,2},{2,5,8,3,9,4,7,1,6},{9,6,1,7,8,2,3,4,5},{3,1,9,8,4,5,2,6,7},{7,4,2,6,1,3,5,8,9},{5,8,6,9,2,7,1,3,4},{6,2,3,4,7,8,9,5,1},{8,7,5,2,3,1,0,0,0},{0,0,0,0,0,0,0,0,0}}
]
00:38:13.058 [main] INFO  sudoku.model.SudokuBoard - Wartość 0 wstawiona nieprawidłowo
00:38:13.058 [main] INFO  sudoku.model.SudokuBoard - Bład w kwadracie 0
sudoku.model.SudokuBoard@1308ef19[
  size=9
  solver=sudoku.model.BacktrackingSudokuSolver@5b1ff8cd
  board={{4,3,7,1,5,6,8,9,2},{2,5,8,3,9,4,7,1,6},{9,6,1,7,8,2,3,4,5},{3,1,9,8,4,5,2,6,7},{7,4,2,6,1,3,5,8,9},{5,8,6,9,2,7,1,3,4},{6,2,3,4,7,8,9,5,1},{8,7,5,2,3,0,0,0,0},{0,0,0,0,0,0,0,0,0}}
]
00:38:13.058 [main] INFO  sudoku.model.SudokuBoard - Wartość 0 wstawiona nieprawidłowo
00:38:13.058 [main] INFO  sudoku.model.SudokuBoard - Bład w kwadracie 0
sudoku.model.SudokuBoard@1308ef19[
  size=9
  solver=sudoku.model.BacktrackingSudokuSolver@5b1ff8cd
  board={{4,3,7,1,5,6,8,9,2},{2,5,8,3,9,4,7,1,6},{9,6,1,7,8,2,3,4,5},{3,1,9,8,4,5,2,6,7},{7,4,2,6,1,3,5,8,9},{5,8,6,9,2,7,1,3,4},{6,2,3,4,7,8,9,5,1},{8,7,5,2,0,0,0,0,0},{0,0,0,0,0,0,0,0,0}}
]
00:38:13.058 [main] INFO  sudoku.model.SudokuBoard - Wartość 0 wstawiona nieprawidłowo
00:38:13.058 [main] INFO  sudoku.model.SudokuBoard - Bład w kwadracie 0
sudoku.model.SudokuBoard@1308ef19[
  size=9
  solver=sudoku.model.BacktrackingSudokuSolver@5b1ff8cd
  board={{4,3,7,1,5,6,8,9,2},{2,5,8,3,9,4,7,1,6},{9,6,1,7,8,2,3,4,5},{3,1,9,8,4,5,2,6,7},{7,4,2,6,1,3,5,8,9},{5,8,6,9,2,7,1,3,4},{6,2,3,4,7,8,9,5,1},{8,7,5,2,6,9,0,0,0},{0,0,0,0,0,0,0,0,0}}
]
00:38:13.058 [main] INFO  sudoku.model.SudokuBoard - Wartość 0 wstawiona nieprawidłowo
00:38:13.059 [main] INFO  sudoku.model.SudokuBoard - Bład w kwadracie 0
sudoku.model.SudokuBoard@1308ef19[
  size=9
  solver=sudoku.model.BacktrackingSudokuSolver@5b1ff8cd
  board={{4,3,7,1,5,6,8,9,2},{2,5,8,3,9,4,7,1,6},{9,6,1,7,8,2,3,4,5},{3,1,9,8,4,5,2,6,7},{7,4,2,6,1,3,5,8,9},{5,8,6,9,2,7,1,3,4},{6,2,3,4,7,8,9,5,1},{8,7,5,2,6,0,0,0,0},{0,0,0,0,0,0,0,0,0}}
]
00:38:13.059 [main] INFO  sudoku.model.SudokuBoard - Wartość 0 wstawiona nieprawidłowo
00:38:13.059 [main] INFO  sudoku.model.SudokuBoard - Bład w kwadracie 0
sudoku.model.SudokuBoard@1308ef19[
  size=9
  solver=sudoku.model.BacktrackingSudokuSolver@5b1ff8cd
  board={{4,3,7,1,5,6,8,9,2},{2,5,8,3,9,4,7,1,6},{9,6,1,7,8,2,3,4,5},{3,1,9,8,4,5,2,6,7},{7,4,2,6,1,3,5,8,9},{5,8,6,9,2,7,1,3,4},{6,2,3,4,7,8,9,5,1},{8,7,5,2,6,1,0,0,0},{0,0,0,0,0,0,0,0,0}}
]
00:38:13.059 [main] INFO  sudoku.model.SudokuBoard - Wartość 0 wstawiona nieprawidłowo
00:38:13.059 [main] INFO  sudoku.model.SudokuBoard - Bład w kwadracie 0
sudoku.model.SudokuBoard@1308ef19[
  size=9
  solver=sudoku.model.BacktrackingSudokuSolver@5b1ff8cd
  board={{4,3,7,1,5,6,8,9,2},{2,5,8,3,9,4,7,1,6},{9,6,1,7,8,2,3,4,5},{3,1,9,8,4,5,2,6,7},{7,4,2,6,1,3,5,8,9},{5,8,6,9,2,7,1,3,4},{6,2,3,4,7,8,9,5,1},{8,7,5,2,6,0,0,0,0},{0,0,0,0,0,0,0,0,0}}
]
00:38:13.059 [main] INFO  sudoku.model.SudokuBoard - Wartość 0 wstawiona nieprawidłowo
00:38:13.059 [main] INFO  sudoku.model.SudokuBoard - Bład w kwadracie 0
sudoku.model.SudokuBoard@1308ef19[
  size=9
  solver=sudoku.model.BacktrackingSudokuSolver@5b1ff8cd
  board={{4,3,7,1,5,6,8,9,2},{2,5,8,3,9,4,7,1,6},{9,6,1,7,8,2,3,4,5},{3,1,9,8,4,5,2,6,7},{7,4,2,6,1,3,5,8,9},{5,8,6,9,2,7,1,3,4},{6,2,3,4,7,8,9,5,1},{8,7,5,2,0,0,0,0,0},{0,0,0,0,0,0,0,0,0}}
]
00:38:13.059 [main] INFO  sudoku.model.SudokuBoard - Wartość 0 wstawiona nieprawidłowo
00:38:13.059 [main] INFO  sudoku.model.SudokuBoard - Bład w kwadracie 0
sudoku.model.SudokuBoard@1308ef19[
  size=9
  solver=sudoku.model.BacktrackingSudokuSolver@5b1ff8cd
  board={{4,3,7,1,5,6,8,9,2},{2,5,8,3,9,4,7,1,6},{9,6,1,7,8,2,3,4,5},{3,1,9,8,4,5,2,6,7},{7,4,2,6,1,3,5,8,9},{5,8,6,9,2,7,1,3,4},{6,2,3,4,7,8,9,5,1},{8,7,5,0,0,0,0,0,0},{0,0,0,0,0,0,0,0,0}}
]
00:38:13.059 [main] INFO  sudoku.model.SudokuBoard - Wartość 0 wstawiona nieprawidłowo
00:38:13.059 [main] INFO  sudoku.model.SudokuBoard - Bład w kwadracie 0
sudoku.model.SudokuBoard@1308ef19[
  size=9
  solver=sudoku.model.BacktrackingSudokuSolver@5b1ff8cd
  board={{4,3,7,1,5,6,8,9,2},{2,5,8,3,9,4,7,1,6},{9,6,1,7,8,2,3,4,5},{3,1,9,8,4,5,2,6,7},{7,4,2,6,1,3,5,8,9},{5,8,6,9,2,7,1,3,4},{6,2,3,4,7,8,9,5,1},{8,7,0,0,0,0,0,0,0},{0,0,0,0,0,0,0,0,0}}
]
00:38:13.060 [main] INFO  sudoku.model.SudokuBoard - Wartość 0 wstawiona nieprawidłowo
00:38:13.060 [main] INFO  sudoku.model.SudokuBoard - Bład w kwadracie 0
sudoku.model.SudokuBoard@1308ef19[
  size=9
  solver=sudoku.model.BacktrackingSudokuSolver@5b1ff8cd
  board={{4,3,7,1,5,6,8,9,2},{2,5,8,3,9,4,7,1,6},{9,6,1,7,8,2,3,4,5},{3,1,9,8,4,5,2,6,7},{7,4,2,6,1,3,5,8,9},{5,8,6,9,2,7,1,3,4},{6,2,3,4,7,8,9,5,1},{8,7,4,2,3,9,0,0,0},{0,0,0,0,0,0,0,0,0}}
]
00:38:13.060 [main] INFO  sudoku.model.SudokuBoard - Wartość 0 wstawiona nieprawidłowo
00:38:13.060 [main] INFO  sudoku.model.SudokuBoard - Bład w kwadracie 0
sudoku.model.SudokuBoard@1308ef19[
  size=9
  solver=sudoku.model.BacktrackingSudokuSolver@5b1ff8cd
  board={{4,3,7,1,5,6,8,9,2},{2,5,8,3,9,4,7,1,6},{9,6,1,7,8,2,3,4,5},{3,1,9,8,4,5,2,6,7},{7,4,2,6,1,3,5,8,9},{5,8,6,9,2,7,1,3,4},{6,2,3,4,7,8,9,5,1},{8,7,4,2,3,0,0,0,0},{0,0,0,0,0,0,0,0,0}}
]
00:38:13.060 [main] INFO  sudoku.model.SudokuBoard - Wartość 0 wstawiona nieprawidłowo
00:38:13.060 [main] INFO  sudoku.model.SudokuBoard - Bład w kwadracie 0
sudoku.model.SudokuBoard@1308ef19[
  size=9
  solver=sudoku.model.BacktrackingSudokuSolver@5b1ff8cd
  board={{4,3,7,1,5,6,8,9,2},{2,5,8,3,9,4,7,1,6},{9,6,1,7,8,2,3,4,5},{3,1,9,8,4,5,2,6,7},{7,4,2,6,1,3,5,8,9},{5,8,6,9,2,7,1,3,4},{6,2,3,4,7,8,9,5,1},{8,7,4,2,3,1,0,0,0},{0,0,0,0,0,0,0,0,0}}
]
00:38:13.060 [main] INFO  sudoku.model.SudokuBoard - Wartość 0 wstawiona nieprawidłowo
00:38:13.061 [main] INFO  sudoku.model.SudokuBoard - Bład w kwadracie 0
sudoku.model.SudokuBoard@1308ef19[
  size=9
  solver=sudoku.model.BacktrackingSudokuSolver@5b1ff8cd
  board={{4,3,7,1,5,6,8,9,2},{2,5,8,3,9,4,7,1,6},{9,6,1,7,8,2,3,4,5},{3,1,9,8,4,5,2,6,7},{7,4,2,6,1,3,5,8,9},{5,8,6,9,2,7,1,3,4},{6,2,3,4,7,8,9,5,1},{8,7,4,2,3,0,0,0,0},{0,0,0,0,0,0,0,0,0}}
]
00:38:13.061 [main] INFO  sudoku.model.SudokuBoard - Wartość 0 wstawiona nieprawidłowo
00:38:13.061 [main] INFO  sudoku.model.SudokuBoard - Bład w kwadracie 0
sudoku.model.SudokuBoard@1308ef19[
  size=9
  solver=sudoku.model.BacktrackingSudokuSolver@5b1ff8cd
  board={{4,3,7,1,5,6,8,9,2},{2,5,8,3,9,4,7,1,6},{9,6,1,7,8,2,3,4,5},{3,1,9,8,4,5,2,6,7},{7,4,2,6,1,3,5,8,9},{5,8,6,9,2,7,1,3,4},{6,2,3,4,7,8,9,5,1},{8,7,4,2,0,0,0,0,0},{0,0,0,0,0,0,0,0,0}}
]
00:38:13.061 [main] INFO  sudoku.model.SudokuBoard - Wartość 0 wstawiona nieprawidłowo
00:38:13.061 [main] INFO  sudoku.model.SudokuBoard - Bład w kwadracie 0
sudoku.model.SudokuBoard@1308ef19[
  size=9
  solver=sudoku.model.BacktrackingSudokuSolver@5b1ff8cd
  board={{4,3,7,1,5,6,8,9,2},{2,5,8,3,9,4,7,1,6},{9,6,1,7,8,2,3,4,5},{3,1,9,8,4,5,2,6,7},{7,4,2,6,1,3,5,8,9},{5,8,6,9,2,7,1,3,4},{6,2,3,4,7,8,9,5,1},{8,7,4,2,6,0,0,0,0},{0,0,0,0,0,0,0,0,0}}
]
00:38:13.061 [main] INFO  sudoku.model.SudokuBoard - Wartość 0 wstawiona nieprawidłowo
00:38:13.061 [main] INFO  sudoku.model.SudokuBoard - Bład w kwadracie 0
sudoku.model.SudokuBoard@1308ef19[
  size=9
  solver=sudoku.model.BacktrackingSudokuSolver@5b1ff8cd
  board={{4,3,7,1,5,6,8,9,2},{2,5,8,3,9,4,7,1,6},{9,6,1,7,8,2,3,4,5},{3,1,9,8,4,5,2,6,7},{7,4,2,6,1,3,5,8,9},{5,8,6,9,2,7,1,3,4},{6,2,3,4,7,8,9,5,1},{8,7,4,2,6,0,0,0,0},{0,0,0,0,0,0,0,0,0}}
]
00:38:13.061 [main] INFO  sudoku.model.SudokuBoard - Wartość 0 wstawiona nieprawidłowo
00:38:13.061 [main] INFO  sudoku.model.SudokuBoard - Bład w kwadracie 0
sudoku.model.SudokuBoard@1308ef19[
  size=9
  solver=sudoku.model.BacktrackingSudokuSolver@5b1ff8cd
  board={{4,3,7,1,5,6,8,9,2},{2,5,8,3,9,4,7,1,6},{9,6,1,7,8,2,3,4,5},{3,1,9,8,4,5,2,6,7},{7,4,2,6,1,3,5,8,9},{5,8,6,9,2,7,1,3,4},{6,2,3,4,7,8,9,5,1},{8,7,4,2,0,0,0,0,0},{0,0,0,0,0,0,0,0,0}}
]
00:38:13.061 [main] INFO  sudoku.model.SudokuBoard - Wartość 0 wstawiona nieprawidłowo
00:38:13.061 [main] INFO  sudoku.model.SudokuBoard - Bład w kwadracie 0
sudoku.model.SudokuBoard@1308ef19[
  size=9
  solver=sudoku.model.BacktrackingSudokuSolver@5b1ff8cd
  board={{4,3,7,1,5,6,8,9,2},{2,5,8,3,9,4,7,1,6},{9,6,1,7,8,2,3,4,5},{3,1,9,8,4,5,2,6,7},{7,4,2,6,1,3,5,8,9},{5,8,6,9,2,7,1,3,4},{6,2,3,4,7,8,9,5,1},{8,7,4,0,0,0,0,0,0},{0,0,0,0,0,0,0,0,0}}
]
00:38:13.061 [main] INFO  sudoku.model.SudokuBoard - Wartość 0 wstawiona nieprawidłowo
00:38:13.061 [main] INFO  sudoku.model.SudokuBoard - Bład w kwadracie 0
sudoku.model.SudokuBoard@1308ef19[
  size=9
  solver=sudoku.model.BacktrackingSudokuSolver@5b1ff8cd
  board={{4,3,7,1,5,6,8,9,2},{2,5,8,3,9,4,7,1,6},{9,6,1,7,8,2,3,4,5},{3,1,9,8,4,5,2,6,7},{7,4,2,6,1,3,5,8,9},{5,8,6,9,2,7,1,3,4},{6,2,3,4,7,8,9,5,1},{8,7,4,5,3,9,6,0,0},{0,0,0,0,0,0,0,0,0}}
]
00:38:13.061 [main] INFO  sudoku.model.SudokuBoard - Wartość 0 wstawiona nieprawidłowo
00:38:13.062 [main] INFO  sudoku.model.SudokuBoard - Bład w kwadracie 0
sudoku.model.SudokuBoard@1308ef19[
  size=9
  solver=sudoku.model.BacktrackingSudokuSolver@5b1ff8cd
  board={{4,3,7,1,5,6,8,9,2},{2,5,8,3,9,4,7,1,6},{9,6,1,7,8,2,3,4,5},{3,1,9,8,4,5,2,6,7},{7,4,2,6,1,3,5,8,9},{5,8,6,9,2,7,1,3,4},{6,2,3,4,7,8,9,5,1},{8,7,4,5,3,9,0,0,0},{0,0,0,0,0,0,0,0,0}}
]
00:38:13.062 [main] INFO  sudoku.model.SudokuBoard - Wartość 0 wstawiona nieprawidłowo
00:38:13.062 [main] INFO  sudoku.model.SudokuBoard - Bład w kwadracie 0
sudoku.model.SudokuBoard@1308ef19[
  size=9
  solver=sudoku.model.BacktrackingSudokuSolver@5b1ff8cd
  board={{4,3,7,1,5,6,8,9,2},{2,5,8,3,9,4,7,1,6},{9,6,1,7,8,2,3,4,5},{3,1,9,8,4,5,2,6,7},{7,4,2,6,1,3,5,8,9},{5,8,6,9,2,7,1,3,4},{6,2,3,4,7,8,9,5,1},{8,7,4,5,3,0,0,0,0},{0,0,0,0,0,0,0,0,0}}
]
00:38:13.062 [main] INFO  sudoku.model.SudokuBoard - Wartość 0 wstawiona nieprawidłowo
00:38:13.062 [main] INFO  sudoku.model.SudokuBoard - Bład w kwadracie 0
sudoku.model.SudokuBoard@1308ef19[
  size=9
  solver=sudoku.model.BacktrackingSudokuSolver@5b1ff8cd
  board={{4,3,7,1,5,6,8,9,2},{2,5,8,3,9,4,7,1,6},{9,6,1,7,8,2,3,4,5},{3,1,9,8,4,5,2,6,7},{7,4,2,6,1,3,5,8,9},{5,8,6,9,2,7,1,3,4},{6,2,3,4,7,8,9,5,1},{8,7,4,5,3,1,6,0,0},{0,0,0,0,0,0,0,0,0}}
]
00:38:13.062 [main] INFO  sudoku.model.SudokuBoard - Wartość 0 wstawiona nieprawidłowo
00:38:13.062 [main] INFO  sudoku.model.SudokuBoard - Bład w kwadracie 0
sudoku.model.SudokuBoard@1308ef19[
  size=9
  solver=sudoku.model.BacktrackingSudokuSolver@5b1ff8cd
  board={{4,3,7,1,5,6,8,9,2},{2,5,8,3,9,4,7,1,6},{9,6,1,7,8,2,3,4,5},{3,1,9,8,4,5,2,6,7},{7,4,2,6,1,3,5,8,9},{5,8,6,9,2,7,1,3,4},{6,2,3,4,7,8,9,5,1},{8,7,4,5,3,1,0,0,0},{0,0,0,0,0,0,0,0,0}}
]
00:38:13.062 [main] INFO  sudoku.model.SudokuBoard - Wartość 0 wstawiona nieprawidłowo
00:38:13.062 [main] INFO  sudoku.model.SudokuBoard - Bład w kwadracie 0
sudoku.model.SudokuBoard@1308ef19[
  size=9
  solver=sudoku.model.BacktrackingSudokuSolver@5b1ff8cd
  board={{4,3,7,1,5,6,8,9,2},{2,5,8,3,9,4,7,1,6},{9,6,1,7,8,2,3,4,5},{3,1,9,8,4,5,2,6,7},{7,4,2,6,1,3,5,8,9},{5,8,6,9,2,7,1,3,4},{6,2,3,4,7,8,9,5,1},{8,7,4,5,3,0,0,0,0},{0,0,0,0,0,0,0,0,0}}
]
00:38:13.062 [main] INFO  sudoku.model.SudokuBoard - Wartość 0 wstawiona nieprawidłowo
00:38:13.062 [main] INFO  sudoku.model.SudokuBoard - Bład w kwadracie 0
sudoku.model.SudokuBoard@1308ef19[
  size=9
  solver=sudoku.model.BacktrackingSudokuSolver@5b1ff8cd
  board={{4,3,7,1,5,6,8,9,2},{2,5,8,3,9,4,7,1,6},{9,6,1,7,8,2,3,4,5},{3,1,9,8,4,5,2,6,7},{7,4,2,6,1,3,5,8,9},{5,8,6,9,2,7,1,3,4},{6,2,3,4,7,8,9,5,1},{8,7,4,5,0,0,0,0,0},{0,0,0,0,0,0,0,0,0}}
]
00:38:13.062 [main] INFO  sudoku.model.SudokuBoard - Wartość 0 wstawiona nieprawidłowo
00:38:13.063 [main] INFO  sudoku.model.SudokuBoard - Bład w kwadracie 0
sudoku.model.SudokuBoard@1308ef19[
  size=9
  solver=sudoku.model.BacktrackingSudokuSolver@5b1ff8cd
  board={{4,3,7,1,5,6,8,9,2},{2,5,8,3,9,4,7,1,6},{9,6,1,7,8,2,3,4,5},{3,1,9,8,4,5,2,6,7},{7,4,2,6,1,3,5,8,9},{5,8,6,9,2,7,1,3,4},{6,2,3,4,7,8,9,5,1},{8,7,4,5,6,0,0,0,0},{0,0,0,0,0,0,0,0,0}}
]
00:38:13.063 [main] INFO  sudoku.model.SudokuBoard - Wartość 0 wstawiona nieprawidłowo
00:38:13.063 [main] INFO  sudoku.model.SudokuBoard - Bład w kwadracie 0
sudoku.model.SudokuBoard@1308ef19[
  size=9
  solver=sudoku.model.BacktrackingSudokuSolver@5b1ff8cd
  board={{4,3,7,1,5,6,8,9,2},{2,5,8,3,9,4,7,1,6},{9,6,1,7,8,2,3,4,5},{3,1,9,8,4,5,2,6,7},{7,4,2,6,1,3,5,8,9},{5,8,6,9,2,7,1,3,4},{6,2,3,4,7,8,9,5,1},{8,7,4,5,6,0,0,0,0},{0,0,0,0,0,0,0,0,0}}
]
00:38:13.063 [main] INFO  sudoku.model.SudokuBoard - Wartość 0 wstawiona nieprawidłowo
00:38:13.063 [main] INFO  sudoku.model.SudokuBoard - Bład w kwadracie 0
sudoku.model.SudokuBoard@1308ef19[
  size=9
  solver=sudoku.model.BacktrackingSudokuSolver@5b1ff8cd
  board={{4,3,7,1,5,6,8,9,2},{2,5,8,3,9,4,7,1,6},{9,6,1,7,8,2,3,4,5},{3,1,9,8,4,5,2,6,7},{7,4,2,6,1,3,5,8,9},{5,8,6,9,2,7,1,3,4},{6,2,3,4,7,8,9,5,1},{8,7,4,5,0,0,0,0,0},{0,0,0,0,0,0,0,0,0}}
]
00:38:13.063 [main] INFO  sudoku.model.SudokuBoard - Wartość 0 wstawiona nieprawidłowo
00:38:13.063 [main] INFO  sudoku.model.SudokuBoard - Bład w kwadracie 0
sudoku.model.SudokuBoard@1308ef19[
  size=9
  solver=sudoku.model.BacktrackingSudokuSolver@5b1ff8cd
  board={{4,3,7,1,5,6,8,9,2},{2,5,8,3,9,4,7,1,6},{9,6,1,7,8,2,3,4,5},{3,1,9,8,4,5,2,6,7},{7,4,2,6,1,3,5,8,9},{5,8,6,9,2,7,1,3,4},{6,2,3,4,7,8,9,5,1},{8,7,4,0,0,0,0,0,0},{0,0,0,0,0,0,0,0,0}}
]
00:38:13.063 [main] INFO  sudoku.model.SudokuBoard - Wartość 0 wstawiona nieprawidłowo
00:38:13.064 [main] INFO  sudoku.model.SudokuBoard - Bład w kwadracie 0
sudoku.model.SudokuBoard@1308ef19[
  size=9
  solver=sudoku.model.BacktrackingSudokuSolver@5b1ff8cd
  board={{4,3,7,1,5,6,8,9,2},{2,5,8,3,9,4,7,1,6},{9,6,1,7,8,2,3,4,5},{3,1,9,8,4,5,2,6,7},{7,4,2,6,1,3,5,8,9},{5,8,6,9,2,7,1,3,4},{6,2,3,4,7,8,9,5,1},{8,7,0,0,0,0,0,0,0},{0,0,0,0,0,0,0,0,0}}
]
00:38:13.064 [main] INFO  sudoku.model.SudokuBoard - Wartość 0 wstawiona nieprawidłowo
00:38:13.064 [main] INFO  sudoku.model.SudokuBoard - Bład w kwadracie 0
sudoku.model.SudokuBoard@1308ef19[
  size=9
  solver=sudoku.model.BacktrackingSudokuSolver@5b1ff8cd
  board={{4,3,7,1,5,6,8,9,2},{2,5,8,3,9,4,7,1,6},{9,6,1,7,8,2,3,4,5},{3,1,9,8,4,5,2,6,7},{7,4,2,6,1,3,5,8,9},{5,8,6,9,2,7,1,3,4},{6,2,3,4,7,8,9,5,1},{8,0,0,0,0,0,0,0,0},{0,0,0,0,0,0,0,0,0}}
]
00:38:13.064 [main] INFO  sudoku.model.SudokuBoard - Wartość 0 wstawiona nieprawidłowo
00:38:13.064 [main] INFO  sudoku.model.SudokuBoard - Bład w kwadracie 0
sudoku.model.SudokuBoard@1308ef19[
  size=9
  solver=sudoku.model.BacktrackingSudokuSolver@5b1ff8cd
  board={{4,3,7,1,5,6,8,9,2},{2,5,8,3,9,4,7,1,6},{9,6,1,7,8,2,3,4,5},{3,1,9,8,4,5,2,6,7},{7,4,2,6,1,3,5,8,9},{5,8,6,9,2,7,1,3,4},{6,2,3,4,7,8,9,5,1},{8,9,5,2,3,1,4,0,0},{0,0,0,0,0,0,0,0,0}}
]
00:38:13.064 [main] INFO  sudoku.model.SudokuBoard - Wartość 0 wstawiona nieprawidłowo
00:38:13.064 [main] INFO  sudoku.model.SudokuBoard - Bład w kwadracie 0
sudoku.model.SudokuBoard@1308ef19[
  size=9
  solver=sudoku.model.BacktrackingSudokuSolver@5b1ff8cd
  board={{4,3,7,1,5,6,8,9,2},{2,5,8,3,9,4,7,1,6},{9,6,1,7,8,2,3,4,5},{3,1,9,8,4,5,2,6,7},{7,4,2,6,1,3,5,8,9},{5,8,6,9,2,7,1,3,4},{6,2,3,4,7,8,9,5,1},{8,9,5,2,3,1,0,0,0},{0,0,0,0,0,0,0,0,0}}
]
00:38:13.064 [main] INFO  sudoku.model.SudokuBoard - Wartość 0 wstawiona nieprawidłowo
00:38:13.064 [main] INFO  sudoku.model.SudokuBoard - Bład w kwadracie 0
sudoku.model.SudokuBoard@1308ef19[
  size=9
  solver=sudoku.model.BacktrackingSudokuSolver@5b1ff8cd
  board={{4,3,7,1,5,6,8,9,2},{2,5,8,3,9,4,7,1,6},{9,6,1,7,8,2,3,4,5},{3,1,9,8,4,5,2,6,7},{7,4,2,6,1,3,5,8,9},{5,8,6,9,2,7,1,3,4},{6,2,3,4,7,8,9,5,1},{8,9,5,2,3,1,6,0,0},{0,0,0,0,0,0,0,0,0}}
]
00:38:13.064 [main] INFO  sudoku.model.SudokuBoard - Wartość 0 wstawiona nieprawidłowo
00:38:13.064 [main] INFO  sudoku.model.SudokuBoard - Bład w kwadracie 0
sudoku.model.SudokuBoard@1308ef19[
  size=9
  solver=sudoku.model.BacktrackingSudokuSolver@5b1ff8cd
  board={{4,3,7,1,5,6,8,9,2},{2,5,8,3,9,4,7,1,6},{9,6,1,7,8,2,3,4,5},{3,1,9,8,4,5,2,6,7},{7,4,2,6,1,3,5,8,9},{5,8,6,9,2,7,1,3,4},{6,2,3,4,7,8,9,5,1},{8,9,5,2,3,1,0,0,0},{0,0,0,0,0,0,0,0,0}}
]
00:38:13.064 [main] INFO  sudoku.model.SudokuBoard - Wartość 0 wstawiona nieprawidłowo
00:38:13.065 [main] INFO  sudoku.model.SudokuBoard - Bład w kwadracie 0
sudoku.model.SudokuBoard@1308ef19[
  size=9
  solver=sudoku.model.BacktrackingSudokuSolver@5b1ff8cd
  board={{4,3,7,1,5,6,8,9,2},{2,5,8,3,9,4,7,1,6},{9,6,1,7,8,2,3,4,5},{3,1,9,8,4,5,2,6,7},{7,4,2,6,1,3,5,8,9},{5,8,6,9,2,7,1,3,4},{6,2,3,4,7,8,9,5,1},{8,9,5,2,3,0,0,0,0},{0,0,0,0,0,0,0,0,0}}
]
00:38:13.065 [main] INFO  sudoku.model.SudokuBoard - Wartość 0 wstawiona nieprawidłowo
00:38:13.065 [main] INFO  sudoku.model.SudokuBoard - Bład w kwadracie 0
sudoku.model.SudokuBoard@1308ef19[
  size=9
  solver=sudoku.model.BacktrackingSudokuSolver@5b1ff8cd
  board={{4,3,7,1,5,6,8,9,2},{2,5,8,3,9,4,7,1,6},{9,6,1,7,8,2,3,4,5},{3,1,9,8,4,5,2,6,7},{7,4,2,6,1,3,5,8,9},{5,8,6,9,2,7,1,3,4},{6,2,3,4,7,8,9,5,1},{8,9,5,2,0,0,0,0,0},{0,0,0,0,0,0,0,0,0}}
]
00:38:13.065 [main] INFO  sudoku.model.SudokuBoard - Wartość 0 wstawiona nieprawidłowo
00:38:13.065 [main] INFO  sudoku.model.SudokuBoard - Bład w kwadracie 0
sudoku.model.SudokuBoard@1308ef19[
  size=9
  solver=sudoku.model.BacktrackingSudokuSolver@5b1ff8cd
  board={{4,3,7,1,5,6,8,9,2},{4,5,8,3,9,4,7,1,6},{9,6,1,7,8,2,3,4,5},{3,1,9,8,4,5,2,6,7},{7,4,2,6,1,3,5,8,9},{5,8,6,9,2,7,1,3,4},{6,2,3,4,7,8,9,5,1},{8,9,5,2,6,1,4,7,3},{1,7,4,5,3,9,6,2,8}}
]
00:38:13.065 [main] INFO  sudoku.model.SudokuBoard - Wartość 4 wstawiona nieprawidłowo
00:38:13.065 [main] INFO  sudoku.model.SudokuBoard - Bład w kwadracie 0
sudoku.model.SudokuBoard@1308ef19[
  size=9
  solver=sudoku.model.BacktrackingSudokuSolver@5b1ff8cd
  board={{4,3,7,1,5,6,8,9,2},{4,5,8,3,9,4,7,1,6},{4,6,1,7,8,2,3,4,5},{3,1,9,8,4,5,2,6,7},{7,4,2,6,1,3,5,8,9},{5,8,6,9,2,7,1,3,4},{6,2,3,4,7,8,9,5,1},{8,9,5,2,6,1,4,7,3},{1,7,4,5,3,9,6,2,8}}
]
00:38:13.065 [main] INFO  sudoku.model.SudokuBoard - Wartość 4 wstawiona nieprawidłowo
00:38:13.066 [main] INFO  sudoku.model.SudokuBoard - Bład w kwadracie 0
sudoku.model.SudokuBoard@7ba1cdbe[
  size=9
  solver=sudoku.model.BacktrackingSudokuSolver@5b1ff8cd
  board={{4,3,7,1,5,6,8,9,2},{4,5,8,3,9,4,7,1,6},{4,6,1,7,8,2,3,4,5},{3,1,9,8,4,5,2,6,7},{7,4,2,6,1,3,5,8,9},{5,8,6,9,2,7,1,3,4},{6,2,3,4,7,8,9,5,1},{8,9,5,2,6,1,4,7,3},{1,7,4,5,3,9,6,2,8}}
]
]]></system-out>
  </testcase>
  <testcase name="testEqualsNull" classname="sudoku.model.SudokuBoardTest" time="0.001"/>
  <testcase name="testEqualsSame" classname="sudoku.model.SudokuBoardTest" time="0"/>
  <testcase name="checkBoardTest" classname="sudoku.model.SudokuBoardTest" time="0.032">
    <system-out><![CDATA[00:38:13.071 [main] INFO  sudoku.model.SudokuBoard - Bład w kwadracie 0
sudoku.model.SudokuBoard@226e07e7[
  size=9
  solver=sudoku.model.BacktrackingSudokuSolver@7c31e410
  board={{5,1,8,2,7,3,4,6,9},{6,4,2,5,8,9,7,1,3},{9,3,7,1,4,6,5,2,8},{1,6,9,8,2,4,3,5,7},{7,5,3,6,9,1,8,4,2},{2,8,4,7,3,5,6,9,1},{4,7,5,9,6,8,1,0,0},{0,0,0,0,0,0,0,0,0},{0,0,0,0,0,0,0,0,0}}
]
00:38:13.071 [main] INFO  sudoku.model.SudokuBoard - Wartość 0 wstawiona nieprawidłowo
00:38:13.071 [main] INFO  sudoku.model.SudokuBoard - Bład w kwadracie 0
sudoku.model.SudokuBoard@226e07e7[
  size=9
  solver=sudoku.model.BacktrackingSudokuSolver@7c31e410
  board={{5,1,8,2,7,3,4,6,9},{6,4,2,5,8,9,7,1,3},{9,3,7,1,4,6,5,2,8},{1,6,9,8,2,4,3,5,7},{7,5,3,6,9,1,8,4,2},{2,8,4,7,3,5,6,9,1},{4,7,5,9,6,8,0,0,0},{0,0,0,0,0,0,0,0,0},{0,0,0,0,0,0,0,0,0}}
]
00:38:13.071 [main] INFO  sudoku.model.SudokuBoard - Wartość 0 wstawiona nieprawidłowo
00:38:13.071 [main] INFO  sudoku.model.SudokuBoard - Bład w kwadracie 0
sudoku.model.SudokuBoard@226e07e7[
  size=9
  solver=sudoku.model.BacktrackingSudokuSolver@7c31e410
  board={{5,1,8,2,7,3,4,6,9},{6,4,2,5,8,9,7,1,3},{9,3,7,1,4,6,5,2,8},{1,6,9,8,2,4,3,5,7},{7,5,3,6,9,1,8,4,2},{2,8,4,7,3,5,6,9,1},{4,7,5,9,6,8,2,0,0},{0,0,0,0,0,0,0,0,0},{0,0,0,0,0,0,0,0,0}}
]
00:38:13.071 [main] INFO  sudoku.model.SudokuBoard - Wartość 0 wstawiona nieprawidłowo
00:38:13.071 [main] INFO  sudoku.model.SudokuBoard - Bład w kwadracie 0
sudoku.model.SudokuBoard@226e07e7[
  size=9
  solver=sudoku.model.BacktrackingSudokuSolver@7c31e410
  board={{5,1,8,2,7,3,4,6,9},{6,4,2,5,8,9,7,1,3},{9,3,7,1,4,6,5,2,8},{1,6,9,8,2,4,3,5,7},{7,5,3,6,9,1,8,4,2},{2,8,4,7,3,5,6,9,1},{4,7,5,9,6,8,0,0,0},{0,0,0,0,0,0,0,0,0},{0,0,0,0,0,0,0,0,0}}
]
00:38:13.071 [main] INFO  sudoku.model.SudokuBoard - Wartość 0 wstawiona nieprawidłowo
00:38:13.071 [main] INFO  sudoku.model.SudokuBoard - Bład w kwadracie 0
sudoku.model.SudokuBoard@226e07e7[
  size=9
  solver=sudoku.model.BacktrackingSudokuSolver@7c31e410
  board={{5,1,8,2,7,3,4,6,9},{6,4,2,5,8,9,7,1,3},{9,3,7,1,4,6,5,2,8},{1,6,9,8,2,4,3,5,7},{7,5,3,6,9,1,8,4,2},{2,8,4,7,3,5,6,9,1},{4,7,5,9,6,0,0,0,0},{0,0,0,0,0,0,0,0,0},{0,0,0,0,0,0,0,0,0}}
]
00:38:13.071 [main] INFO  sudoku.model.SudokuBoard - Wartość 0 wstawiona nieprawidłowo
00:38:13.088 [main] INFO  sudoku.model.SudokuBoard - Bład w kwadracie 0
sudoku.model.SudokuBoard@226e07e7[
  size=9
  solver=sudoku.model.BacktrackingSudokuSolver@7c31e410
  board={{5,1,8,2,7,3,4,6,9},{6,4,2,5,8,9,7,1,3},{9,3,7,1,4,6,5,2,8},{1,6,9,8,2,4,3,5,7},{7,5,3,6,9,1,8,4,2},{2,8,4,7,3,5,6,9,1},{4,7,5,9,6,2,1,0,0},{0,0,0,0,0,0,0,0,0},{0,0,0,0,0,0,0,0,0}}
]
00:38:13.088 [main] INFO  sudoku.model.SudokuBoard - Wartość 0 wstawiona nieprawidłowo
00:38:13.089 [main] INFO  sudoku.model.SudokuBoard - Bład w kwadracie 0
sudoku.model.SudokuBoard@226e07e7[
  size=9
  solver=sudoku.model.BacktrackingSudokuSolver@7c31e410
  board={{5,1,8,2,7,3,4,6,9},{6,4,2,5,8,9,7,1,3},{9,3,7,1,4,6,5,2,8},{1,6,9,8,2,4,3,5,7},{7,5,3,6,9,1,8,4,2},{2,8,4,7,3,5,6,9,1},{4,7,5,9,6,2,1,0,0},{0,0,0,0,0,0,0,0,0},{0,0,0,0,0,0,0,0,0}}
]
00:38:13.089 [main] INFO  sudoku.model.SudokuBoard - Wartość 0 wstawiona nieprawidłowo
00:38:13.089 [main] INFO  sudoku.model.SudokuBoard - Bład w kwadracie 0
sudoku.model.SudokuBoard@226e07e7[
  size=9
  solver=sudoku.model.BacktrackingSudokuSolver@7c31e410
  board={{5,1,8,2,7,3,4,6,9},{6,4,2,5,8,9,7,1,3},{9,3,7,1,4,6,5,2,8},{1,6,9,8,2,4,3,5,7},{7,5,3,6,9,1,8,4,2},{2,8,4,7,3,5,6,9,1},{4,7,5,9,6,2,0,0,0},{0,0,0,0,0,0,0,0,0},{0,0,0,0,0,0,0,0,0}}
]
00:38:13.089 [main] INFO  sudoku.model.SudokuBoard - Wartość 0 wstawiona nieprawidłowo
00:38:13.089 [main] INFO  sudoku.model.SudokuBoard - Bład w kwadracie 0
sudoku.model.SudokuBoard@226e07e7[
  size=9
  solver=sudoku.model.BacktrackingSudokuSolver@7c31e410
  board={{5,1,8,2,7,3,4,6,9},{6,4,2,5,8,9,7,1,3},{9,3,7,1,4,6,5,2,8},{1,6,9,8,2,4,3,5,7},{7,5,3,6,9,1,8,4,2},{2,8,4,7,3,5,6,9,1},{4,7,5,9,6,0,0,0,0},{0,0,0,0,0,0,0,0,0},{0,0,0,0,0,0,0,0,0}}
]
00:38:13.089 [main] INFO  sudoku.model.SudokuBoard - Wartość 0 wstawiona nieprawidłowo
00:38:13.089 [main] INFO  sudoku.model.SudokuBoard - Bład w kwadracie 0
sudoku.model.SudokuBoard@226e07e7[
  size=9
  solver=sudoku.model.BacktrackingSudokuSolver@7c31e410
  board={{5,1,8,2,7,3,4,6,9},{6,4,2,5,8,9,7,1,3},{9,3,7,1,4,6,5,2,8},{1,6,9,8,2,4,3,5,7},{7,5,3,6,9,1,8,4,2},{2,8,4,7,3,5,6,9,1},{4,7,5,9,0,0,0,0,0},{0,0,0,0,0,0,0,0,0},{0,0,0,0,0,0,0,0,0}}
]
00:38:13.089 [main] INFO  sudoku.model.SudokuBoard - Wartość 0 wstawiona nieprawidłowo
00:38:13.089 [main] INFO  sudoku.model.SudokuBoard - Bład w kwadracie 0
sudoku.model.SudokuBoard@226e07e7[
  size=9
  solver=sudoku.model.BacktrackingSudokuSolver@7c31e410
  board={{5,1,8,2,7,3,4,6,9},{6,4,2,5,8,9,7,1,3},{9,3,7,1,4,6,5,2,8},{1,6,9,8,2,4,3,5,7},{7,5,3,6,9,1,8,4,2},{2,8,4,7,3,5,6,9,1},{4,7,5,9,1,8,2,3,6},{8,2,1,3,5,7,0,0,0},{0,0,0,0,0,0,0,0,0}}
]
00:38:13.089 [main] INFO  sudoku.model.SudokuBoard - Wartość 0 wstawiona nieprawidłowo
00:38:13.090 [main] INFO  sudoku.model.SudokuBoard - Bład w kwadracie 0
sudoku.model.SudokuBoard@226e07e7[
  size=9
  solver=sudoku.model.BacktrackingSudokuSolver@7c31e410
  board={{5,1,8,2,7,3,4,6,9},{6,4,2,5,8,9,7,1,3},{9,3,7,1,4,6,5,2,8},{1,6,9,8,2,4,3,5,7},{7,5,3,6,9,1,8,4,2},{2,8,4,7,3,5,6,9,1},{4,7,5,9,1,8,2,3,6},{8,2,1,3,5,0,0,0,0},{0,0,0,0,0,0,0,0,0}}
]
00:38:13.090 [main] INFO  sudoku.model.SudokuBoard - Wartość 0 wstawiona nieprawidłowo
00:38:13.091 [main] INFO  sudoku.model.SudokuBoard - Bład w kwadracie 0
sudoku.model.SudokuBoard@226e07e7[
  size=9
  solver=sudoku.model.BacktrackingSudokuSolver@7c31e410
  board={{5,1,8,2,7,3,4,6,9},{6,4,2,5,8,9,7,1,3},{9,3,7,1,4,6,5,2,8},{1,6,9,8,2,4,3,5,7},{7,5,3,6,9,1,8,4,2},{2,8,4,7,3,5,6,9,1},{4,7,5,9,1,8,2,3,6},{8,2,1,3,0,0,0,0,0},{0,0,0,0,0,0,0,0,0}}
]
00:38:13.091 [main] INFO  sudoku.model.SudokuBoard - Wartość 0 wstawiona nieprawidłowo
00:38:13.091 [main] INFO  sudoku.model.SudokuBoard - Bład w kwadracie 0
sudoku.model.SudokuBoard@226e07e7[
  size=9
  solver=sudoku.model.BacktrackingSudokuSolver@7c31e410
  board={{5,1,8,2,7,3,4,6,9},{6,4,2,5,8,9,7,1,3},{9,3,7,1,4,6,5,2,8},{1,6,9,8,2,4,3,5,7},{7,5,3,6,9,1,8,4,2},{2,8,4,7,3,5,6,9,1},{4,7,5,9,1,8,2,3,6},{8,2,1,3,6,7,0,0,0},{0,0,0,0,0,0,0,0,0}}
]
00:38:13.091 [main] INFO  sudoku.model.SudokuBoard - Wartość 0 wstawiona nieprawidłowo
00:38:13.092 [main] INFO  sudoku.model.SudokuBoard - Bład w kwadracie 0
sudoku.model.SudokuBoard@226e07e7[
  size=9
  solver=sudoku.model.BacktrackingSudokuSolver@7c31e410
  board={{5,1,8,2,7,3,4,6,9},{6,4,2,5,8,9,7,1,3},{9,3,7,1,4,6,5,2,8},{1,6,9,8,2,4,3,5,7},{7,5,3,6,9,1,8,4,2},{2,8,4,7,3,5,6,9,1},{4,7,5,9,1,8,2,3,6},{8,2,1,3,6,0,0,0,0},{0,0,0,0,0,0,0,0,0}}
]
00:38:13.095 [main] INFO  sudoku.model.SudokuBoard - Wartość 0 wstawiona nieprawidłowo
00:38:13.095 [main] INFO  sudoku.model.SudokuBoard - Bład w kwadracie 0
sudoku.model.SudokuBoard@226e07e7[
  size=9
  solver=sudoku.model.BacktrackingSudokuSolver@7c31e410
  board={{5,1,8,2,7,3,4,6,9},{6,4,2,5,8,9,7,1,3},{9,3,7,1,4,6,5,2,8},{1,6,9,8,2,4,3,5,7},{7,5,3,6,9,1,8,4,2},{2,8,4,7,3,5,6,9,1},{4,7,5,9,1,8,2,3,6},{8,2,1,3,0,0,0,0,0},{0,0,0,0,0,0,0,0,0}}
]
00:38:13.095 [main] INFO  sudoku.model.SudokuBoard - Wartość 0 wstawiona nieprawidłowo
00:38:13.097 [main] INFO  sudoku.model.SudokuBoard - Bład w kwadracie 0
sudoku.model.SudokuBoard@226e07e7[
  size=9
  solver=sudoku.model.BacktrackingSudokuSolver@7c31e410
  board={{5,1,8,2,7,3,4,6,9},{6,4,2,5,8,9,7,1,3},{9,3,7,1,4,6,5,2,8},{1,6,9,8,2,4,3,5,7},{7,5,3,6,9,1,8,4,2},{2,8,4,7,3,5,6,9,1},{4,7,5,9,1,8,2,3,6},{8,2,1,0,0,0,0,0,0},{0,0,0,0,0,0,0,0,0}}
]
00:38:13.097 [main] INFO  sudoku.model.SudokuBoard - Wartość 0 wstawiona nieprawidłowo
00:38:13.097 [main] INFO  sudoku.model.SudokuBoard - Bład w kwadracie 0
sudoku.model.SudokuBoard@226e07e7[
  size=9
  solver=sudoku.model.BacktrackingSudokuSolver@7c31e410
  board={{5,1,8,2,7,3,4,6,9},{6,4,2,5,8,9,7,1,3},{9,3,7,1,4,6,5,2,8},{1,6,9,8,2,4,3,5,7},{7,5,3,6,9,1,8,4,2},{2,8,4,7,3,5,6,9,1},{4,7,5,9,1,8,2,3,6},{8,2,1,4,5,7,0,0,0},{0,0,0,0,0,0,0,0,0}}
]
00:38:13.098 [main] INFO  sudoku.model.SudokuBoard - Wartość 0 wstawiona nieprawidłowo
00:38:13.098 [main] INFO  sudoku.model.SudokuBoard - Bład w kwadracie 0
sudoku.model.SudokuBoard@226e07e7[
  size=9
  solver=sudoku.model.BacktrackingSudokuSolver@7c31e410
  board={{5,1,8,2,7,3,4,6,9},{6,4,2,5,8,9,7,1,3},{9,3,7,1,4,6,5,2,8},{1,6,9,8,2,4,3,5,7},{7,5,3,6,9,1,8,4,2},{2,8,4,7,3,5,6,9,1},{4,7,5,9,1,8,2,3,6},{8,2,1,4,5,0,0,0,0},{0,0,0,0,0,0,0,0,0}}
]
00:38:13.098 [main] INFO  sudoku.model.SudokuBoard - Wartość 0 wstawiona nieprawidłowo
00:38:13.098 [main] INFO  sudoku.model.SudokuBoard - Bład w kwadracie 0
sudoku.model.SudokuBoard@226e07e7[
  size=9
  solver=sudoku.model.BacktrackingSudokuSolver@7c31e410
  board={{5,1,8,2,7,3,4,6,9},{6,4,2,5,8,9,7,1,3},{9,3,7,1,4,6,5,2,8},{1,6,9,8,2,4,3,5,7},{7,5,3,6,9,1,8,4,2},{2,8,4,7,3,5,6,9,1},{4,7,5,9,1,8,2,3,6},{8,2,1,4,0,0,0,0,0},{0,0,0,0,0,0,0,0,0}}
]
00:38:13.098 [main] INFO  sudoku.model.SudokuBoard - Wartość 0 wstawiona nieprawidłowo
00:38:13.098 [main] INFO  sudoku.model.SudokuBoard - Bład w kwadracie 0
sudoku.model.SudokuBoard@226e07e7[
  size=9
  solver=sudoku.model.BacktrackingSudokuSolver@7c31e410
  board={{5,1,8,2,7,3,4,6,9},{6,4,2,5,8,9,7,1,3},{9,3,7,1,4,6,5,2,8},{1,6,9,8,2,4,3,5,7},{7,5,3,6,9,1,8,4,2},{2,8,4,7,3,5,6,9,1},{4,7,5,9,1,8,2,3,6},{8,2,1,4,6,7,0,0,0},{0,0,0,0,0,0,0,0,0}}
]
00:38:13.098 [main] INFO  sudoku.model.SudokuBoard - Wartość 0 wstawiona nieprawidłowo
00:38:13.098 [main] INFO  sudoku.model.SudokuBoard - Bład w kwadracie 0
sudoku.model.SudokuBoard@226e07e7[
  size=9
  solver=sudoku.model.BacktrackingSudokuSolver@7c31e410
  board={{5,1,8,2,7,3,4,6,9},{6,4,2,5,8,9,7,1,3},{9,3,7,1,4,6,5,2,8},{1,6,9,8,2,4,3,5,7},{7,5,3,6,9,1,8,4,2},{2,8,4,7,3,5,6,9,1},{4,7,5,9,1,8,2,3,6},{8,2,1,4,6,0,0,0,0},{0,0,0,0,0,0,0,0,0}}
]
00:38:13.098 [main] INFO  sudoku.model.SudokuBoard - Wartość 0 wstawiona nieprawidłowo
00:38:13.099 [main] INFO  sudoku.model.SudokuBoard - Bład w kwadracie 0
sudoku.model.SudokuBoard@226e07e7[
  size=9
  solver=sudoku.model.BacktrackingSudokuSolver@7c31e410
  board={{5,1,8,2,7,3,4,6,9},{6,4,2,5,8,9,7,1,3},{9,3,7,1,4,6,5,2,8},{1,6,9,8,2,4,3,5,7},{7,5,3,6,9,1,8,4,2},{2,8,4,7,3,5,6,9,1},{4,7,5,9,1,8,2,3,6},{8,2,1,4,0,0,0,0,0},{0,0,0,0,0,0,0,0,0}}
]
00:38:13.099 [main] INFO  sudoku.model.SudokuBoard - Wartość 0 wstawiona nieprawidłowo
00:38:13.099 [main] INFO  sudoku.model.SudokuBoard - Bład w kwadracie 0
sudoku.model.SudokuBoard@226e07e7[
  size=9
  solver=sudoku.model.BacktrackingSudokuSolver@7c31e410
  board={{5,1,8,2,7,3,4,6,9},{6,4,2,5,8,9,7,1,3},{9,3,7,1,4,6,5,2,8},{1,6,9,8,2,4,3,5,7},{7,5,3,6,9,1,8,4,2},{2,8,4,7,3,5,6,9,1},{4,7,5,9,1,8,2,3,6},{8,2,1,0,0,0,0,0,0},{0,0,0,0,0,0,0,0,0}}
]
00:38:13.099 [main] INFO  sudoku.model.SudokuBoard - Wartość 0 wstawiona nieprawidłowo
00:38:13.099 [main] INFO  sudoku.model.SudokuBoard - Bład w kwadracie 0
sudoku.model.SudokuBoard@226e07e7[
  size=9
  solver=sudoku.model.BacktrackingSudokuSolver@7c31e410
  board={{5,1,8,2,7,3,4,6,9},{6,4,2,5,8,9,7,1,3},{9,3,7,1,4,6,5,2,8},{1,6,9,8,2,4,3,5,7},{7,5,3,6,9,1,8,4,2},{2,8,4,7,3,5,6,9,1},{4,7,5,9,1,8,2,3,6},{8,2,0,0,0,0,0,0,0},{0,0,0,0,0,0,0,0,0}}
]
00:38:13.099 [main] INFO  sudoku.model.SudokuBoard - Wartość 0 wstawiona nieprawidłowo
00:38:13.099 [main] INFO  sudoku.model.SudokuBoard - Bład w kwadracie 0
sudoku.model.SudokuBoard@226e07e7[
  size=9
  solver=sudoku.model.BacktrackingSudokuSolver@7c31e410
  board={{5,1,8,2,7,3,4,6,9},{6,4,2,5,8,9,7,1,3},{9,3,7,1,4,6,5,2,8},{1,6,9,8,2,4,3,5,7},{7,5,3,6,9,1,8,4,2},{2,8,4,7,3,5,6,9,1},{4,7,5,9,1,8,2,3,6},{8,2,6,3,5,7,0,0,0},{0,0,0,0,0,0,0,0,0}}
]
00:38:13.099 [main] INFO  sudoku.model.SudokuBoard - Wartość 0 wstawiona nieprawidłowo
00:38:13.099 [main] INFO  sudoku.model.SudokuBoard - Bład w kwadracie 0
sudoku.model.SudokuBoard@226e07e7[
  size=9
  solver=sudoku.model.BacktrackingSudokuSolver@7c31e410
  board={{5,1,8,2,7,3,4,6,9},{6,4,2,5,8,9,7,1,3},{9,3,7,1,4,6,5,2,8},{1,6,9,8,2,4,3,5,7},{7,5,3,6,9,1,8,4,2},{2,8,4,7,3,5,6,9,1},{4,7,5,9,1,8,2,3,6},{8,2,6,3,5,7,0,0,0},{0,0,0,0,0,0,0,0,0}}
]
00:38:13.099 [main] INFO  sudoku.model.SudokuBoard - Wartość 0 wstawiona nieprawidłowo
00:38:13.099 [main] INFO  sudoku.model.SudokuBoard - Bład w kwadracie 0
sudoku.model.SudokuBoard@226e07e7[
  size=9
  solver=sudoku.model.BacktrackingSudokuSolver@7c31e410
  board={{5,1,8,2,7,3,4,6,9},{6,4,2,5,8,9,7,1,3},{9,3,7,1,4,6,5,2,8},{1,6,9,8,2,4,3,5,7},{7,5,3,6,9,1,8,4,2},{2,8,4,7,3,5,6,9,1},{4,7,5,9,1,8,2,3,6},{8,2,6,3,5,0,0,0,0},{0,0,0,0,0,0,0,0,0}}
]
00:38:13.099 [main] INFO  sudoku.model.SudokuBoard - Wartość 0 wstawiona nieprawidłowo
00:38:13.100 [main] INFO  sudoku.model.SudokuBoard - Bład w kwadracie 0
sudoku.model.SudokuBoard@226e07e7[
  size=9
  solver=sudoku.model.BacktrackingSudokuSolver@7c31e410
  board={{5,1,8,2,7,3,4,6,9},{6,4,2,5,8,9,7,1,3},{9,3,7,1,4,6,5,2,8},{1,6,9,8,2,4,3,5,7},{7,5,3,6,9,1,8,4,2},{2,8,4,7,3,5,6,9,1},{4,7,5,9,1,8,2,3,6},{8,2,6,3,0,0,0,0,0},{0,0,0,0,0,0,0,0,0}}
]
00:38:13.100 [main] INFO  sudoku.model.SudokuBoard - Wartość 0 wstawiona nieprawidłowo
00:38:13.100 [main] INFO  sudoku.model.SudokuBoard - Bład w kwadracie 0
sudoku.model.SudokuBoard@226e07e7[
  size=9
  solver=sudoku.model.BacktrackingSudokuSolver@7c31e410
  board={{5,1,8,2,7,3,4,6,9},{6,4,2,5,8,9,7,1,3},{9,3,7,1,4,6,5,2,8},{1,6,9,8,2,4,3,5,7},{7,5,3,6,9,1,8,4,2},{2,8,4,7,3,5,6,9,1},{4,7,5,9,1,8,2,3,6},{8,2,6,0,0,0,0,0,0},{0,0,0,0,0,0,0,0,0}}
]
00:38:13.100 [main] INFO  sudoku.model.SudokuBoard - Wartość 0 wstawiona nieprawidłowo
00:38:13.100 [main] INFO  sudoku.model.SudokuBoard - Bład w kwadracie 0
sudoku.model.SudokuBoard@226e07e7[
  size=9
  solver=sudoku.model.BacktrackingSudokuSolver@7c31e410
  board={{5,1,8,2,7,3,4,6,9},{6,4,2,5,8,9,7,1,3},{9,3,7,1,4,6,5,2,8},{1,6,9,8,2,4,3,5,7},{7,5,3,6,9,1,8,4,2},{2,8,4,7,3,5,6,9,1},{4,7,5,9,1,8,2,3,6},{8,2,6,4,5,7,0,0,0},{0,0,0,0,0,0,0,0,0}}
]
00:38:13.100 [main] INFO  sudoku.model.SudokuBoard - Wartość 0 wstawiona nieprawidłowo
00:38:13.100 [main] INFO  sudoku.model.SudokuBoard - Bład w kwadracie 0
sudoku.model.SudokuBoard@226e07e7[
  size=9
  solver=sudoku.model.BacktrackingSudokuSolver@7c31e410
  board={{5,1,8,2,7,3,4,6,9},{6,4,2,5,8,9,7,1,3},{9,3,7,1,4,6,5,2,8},{1,6,9,8,2,4,3,5,7},{7,5,3,6,9,1,8,4,2},{2,8,4,7,3,5,6,9,1},{4,7,5,9,1,8,2,3,6},{8,2,6,4,5,7,0,0,0},{0,0,0,0,0,0,0,0,0}}
]
00:38:13.100 [main] INFO  sudoku.model.SudokuBoard - Wartość 0 wstawiona nieprawidłowo
00:38:13.100 [main] INFO  sudoku.model.SudokuBoard - Bład w kwadracie 0
sudoku.model.SudokuBoard@226e07e7[
  size=9
  solver=sudoku.model.BacktrackingSudokuSolver@7c31e410
  board={{5,1,8,2,7,3,4,6,9},{6,4,2,5,8,9,7,1,3},{9,3,7,1,4,6,5,2,8},{1,6,9,8,2,4,3,5,7},{7,5,3,6,9,1,8,4,2},{2,8,4,7,3,5,6,9,1},{4,7,5,9,1,8,2,3,6},{8,2,6,4,5,0,0,0,0},{0,0,0,0,0,0,0,0,0}}
]
00:38:13.100 [main] INFO  sudoku.model.SudokuBoard - Wartość 0 wstawiona nieprawidłowo
00:38:13.100 [main] INFO  sudoku.model.SudokuBoard - Bład w kwadracie 0
sudoku.model.SudokuBoard@226e07e7[
  size=9
  solver=sudoku.model.BacktrackingSudokuSolver@7c31e410
  board={{5,1,8,2,7,3,4,6,9},{6,4,2,5,8,9,7,1,3},{9,3,7,1,4,6,5,2,8},{1,6,9,8,2,4,3,5,7},{7,5,3,6,9,1,8,4,2},{2,8,4,7,3,5,6,9,1},{4,7,5,9,1,8,2,3,6},{8,2,6,4,0,0,0,0,0},{0,0,0,0,0,0,0,0,0}}
]
00:38:13.100 [main] INFO  sudoku.model.SudokuBoard - Wartość 0 wstawiona nieprawidłowo
00:38:13.101 [main] INFO  sudoku.model.SudokuBoard - Bład w kwadracie 0
sudoku.model.SudokuBoard@226e07e7[
  size=9
  solver=sudoku.model.BacktrackingSudokuSolver@7c31e410
  board={{5,1,8,2,7,3,4,6,9},{6,4,2,5,8,9,7,1,3},{9,3,7,1,4,6,5,2,8},{1,6,9,8,2,4,3,5,7},{7,5,3,6,9,1,8,4,2},{2,8,4,7,3,5,6,9,1},{4,7,5,9,1,8,2,3,6},{8,2,6,0,0,0,0,0,0},{0,0,0,0,0,0,0,0,0}}
]
00:38:13.101 [main] INFO  sudoku.model.SudokuBoard - Wartość 0 wstawiona nieprawidłowo
00:38:13.101 [main] INFO  sudoku.model.SudokuBoard - Bład w kwadracie 0
sudoku.model.SudokuBoard@226e07e7[
  size=9
  solver=sudoku.model.BacktrackingSudokuSolver@7c31e410
  board={{5,1,8,2,7,3,4,6,9},{6,4,2,5,8,9,7,1,3},{9,3,7,1,4,6,5,2,8},{1,6,9,8,2,4,3,5,7},{7,5,3,6,9,1,8,4,2},{2,8,4,7,3,5,6,9,1},{4,7,5,9,1,8,2,3,6},{8,2,0,0,0,0,0,0,0},{0,0,0,0,0,0,0,0,0}}
]
00:38:13.101 [main] INFO  sudoku.model.SudokuBoard - Wartość 0 wstawiona nieprawidłowo
00:38:13.101 [main] INFO  sudoku.model.SudokuBoard - Bład w kwadracie 0
sudoku.model.SudokuBoard@226e07e7[
  size=9
  solver=sudoku.model.BacktrackingSudokuSolver@7c31e410
  board={{5,1,8,2,7,3,4,6,9},{6,4,2,5,8,9,7,1,3},{9,3,7,1,4,6,5,2,8},{1,6,9,8,2,4,3,5,7},{7,5,3,6,9,1,8,4,2},{2,8,4,7,3,5,6,9,1},{4,7,5,9,1,8,2,3,6},{8,0,0,0,0,0,0,0,0},{0,0,0,0,0,0,0,0,0}}
]
00:38:13.101 [main] INFO  sudoku.model.SudokuBoard - Wartość 0 wstawiona nieprawidłowo
00:38:13.101 [main] INFO  sudoku.model.SudokuBoard - Bład w kwadracie 0
sudoku.model.SudokuBoard@226e07e7[
  size=9
  solver=sudoku.model.BacktrackingSudokuSolver@7c31e410
  board={{5,1,8,2,7,3,4,6,9},{6,4,2,5,8,9,7,1,3},{9,3,7,1,4,6,5,2,8},{1,6,9,8,2,4,3,5,7},{7,5,3,6,9,1,8,4,2},{2,8,4,7,3,5,6,9,1},{4,7,5,9,1,8,2,3,6},{8,9,6,3,5,7,0,0,0},{0,0,0,0,0,0,0,0,0}}
]
00:38:13.101 [main] INFO  sudoku.model.SudokuBoard - Wartość 0 wstawiona nieprawidłowo
00:38:13.101 [main] INFO  sudoku.model.SudokuBoard - Bład w kwadracie 0
sudoku.model.SudokuBoard@226e07e7[
  size=9
  solver=sudoku.model.BacktrackingSudokuSolver@7c31e410
  board={{5,1,8,2,7,3,4,6,9},{6,4,2,5,8,9,7,1,3},{9,3,7,1,4,6,5,2,8},{1,6,9,8,2,4,3,5,7},{7,5,3,6,9,1,8,4,2},{2,8,4,7,3,5,6,9,1},{4,7,5,9,1,8,2,3,6},{8,9,6,3,5,0,0,0,0},{0,0,0,0,0,0,0,0,0}}
]
00:38:13.101 [main] INFO  sudoku.model.SudokuBoard - Wartość 0 wstawiona nieprawidłowo
]]></system-out>
  </testcase>
  <testcase name="repeatFillBoardTest" classname="sudoku.model.SudokuBoardTest" time="0.024">
    <system-out><![CDATA[00:38:13.103 [main] INFO  sudoku.model.SudokuBoard - Bład w kwadracie 0
sudoku.model.SudokuBoard@6814262d[
  size=9
  solver=sudoku.model.BacktrackingSudokuSolver@7fc1fd31
  board={{1,3,4,5,6,7,2,9,8},{7,2,5,4,8,1,3,0,0},{0,0,0,0,0,0,0,0,0},{0,0,0,0,0,0,0,0,0},{0,0,0,0,0,0,0,0,0},{0,0,0,0,0,0,0,0,0},{0,0,0,0,0,0,0,0,0},{0,0,0,0,0,0,0,0,0},{0,0,0,0,0,0,0,0,0}}
]
00:38:13.103 [main] INFO  sudoku.model.SudokuBoard - Wartość 0 wstawiona nieprawidłowo
00:38:13.104 [main] INFO  sudoku.model.SudokuBoard - Bład w kwadracie 0
sudoku.model.SudokuBoard@6814262d[
  size=9
  solver=sudoku.model.BacktrackingSudokuSolver@7fc1fd31
  board={{1,3,4,5,6,7,2,9,8},{7,2,5,4,8,1,0,0,0},{0,0,0,0,0,0,0,0,0},{0,0,0,0,0,0,0,0,0},{0,0,0,0,0,0,0,0,0},{0,0,0,0,0,0,0,0,0},{0,0,0,0,0,0,0,0,0},{0,0,0,0,0,0,0,0,0},{0,0,0,0,0,0,0,0,0}}
]
00:38:13.104 [main] INFO  sudoku.model.SudokuBoard - Wartość 0 wstawiona nieprawidłowo
00:38:13.104 [main] INFO  sudoku.model.SudokuBoard - Bład w kwadracie 0
sudoku.model.SudokuBoard@6814262d[
  size=9
  solver=sudoku.model.BacktrackingSudokuSolver@7fc1fd31
  board={{1,3,4,5,6,7,2,9,8},{7,2,5,4,8,1,6,0,0},{0,0,0,0,0,0,0,0,0},{0,0,0,0,0,0,0,0,0},{0,0,0,0,0,0,0,0,0},{0,0,0,0,0,0,0,0,0},{0,0,0,0,0,0,0,0,0},{0,0,0,0,0,0,0,0,0},{0,0,0,0,0,0,0,0,0}}
]
00:38:13.104 [main] INFO  sudoku.model.SudokuBoard - Wartość 0 wstawiona nieprawidłowo
00:38:13.104 [main] INFO  sudoku.model.SudokuBoard - Bład w kwadracie 0
sudoku.model.SudokuBoard@6814262d[
  size=9
  solver=sudoku.model.BacktrackingSudokuSolver@7fc1fd31
  board={{1,3,4,5,6,7,2,9,8},{7,2,5,4,8,1,0,0,0},{0,0,0,0,0,0,0,0,0},{0,0,0,0,0,0,0,0,0},{0,0,0,0,0,0,0,0,0},{0,0,0,0,0,0,0,0,0},{0,0,0,0,0,0,0,0,0},{0,0,0,0,0,0,0,0,0},{0,0,0,0,0,0,0,0,0}}
]
00:38:13.104 [main] INFO  sudoku.model.SudokuBoard - Wartość 0 wstawiona nieprawidłowo
00:38:13.104 [main] INFO  sudoku.model.SudokuBoard - Bład w kwadracie 0
sudoku.model.SudokuBoard@6814262d[
  size=9
  solver=sudoku.model.BacktrackingSudokuSolver@7fc1fd31
  board={{1,3,4,5,6,7,2,9,8},{7,2,5,4,8,0,0,0,0},{0,0,0,0,0,0,0,0,0},{0,0,0,0,0,0,0,0,0},{0,0,0,0,0,0,0,0,0},{0,0,0,0,0,0,0,0,0},{0,0,0,0,0,0,0,0,0},{0,0,0,0,0,0,0,0,0},{0,0,0,0,0,0,0,0,0}}
]
00:38:13.104 [main] INFO  sudoku.model.SudokuBoard - Wartość 0 wstawiona nieprawidłowo
00:38:13.104 [main] INFO  sudoku.model.SudokuBoard - Bład w kwadracie 0
sudoku.model.SudokuBoard@6814262d[
  size=9
  solver=sudoku.model.BacktrackingSudokuSolver@7fc1fd31
  board={{1,3,4,5,6,7,2,9,8},{7,2,5,4,8,3,1,0,0},{0,0,0,0,0,0,0,0,0},{0,0,0,0,0,0,0,0,0},{0,0,0,0,0,0,0,0,0},{0,0,0,0,0,0,0,0,0},{0,0,0,0,0,0,0,0,0},{0,0,0,0,0,0,0,0,0},{0,0,0,0,0,0,0,0,0}}
]
00:38:13.104 [main] INFO  sudoku.model.SudokuBoard - Wartość 0 wstawiona nieprawidłowo
00:38:13.104 [main] INFO  sudoku.model.SudokuBoard - Bład w kwadracie 0
sudoku.model.SudokuBoard@6814262d[
  size=9
  solver=sudoku.model.BacktrackingSudokuSolver@7fc1fd31
  board={{1,3,4,5,6,7,2,9,8},{7,2,5,4,8,3,0,0,0},{0,0,0,0,0,0,0,0,0},{0,0,0,0,0,0,0,0,0},{0,0,0,0,0,0,0,0,0},{0,0,0,0,0,0,0,0,0},{0,0,0,0,0,0,0,0,0},{0,0,0,0,0,0,0,0,0},{0,0,0,0,0,0,0,0,0}}
]
00:38:13.104 [main] INFO  sudoku.model.SudokuBoard - Wartość 0 wstawiona nieprawidłowo
00:38:13.105 [main] INFO  sudoku.model.SudokuBoard - Bład w kwadracie 0
sudoku.model.SudokuBoard@6814262d[
  size=9
  solver=sudoku.model.BacktrackingSudokuSolver@7fc1fd31
  board={{1,3,4,5,6,7,2,9,8},{7,2,5,4,8,3,6,0,0},{0,0,0,0,0,0,0,0,0},{0,0,0,0,0,0,0,0,0},{0,0,0,0,0,0,0,0,0},{0,0,0,0,0,0,0,0,0},{0,0,0,0,0,0,0,0,0},{0,0,0,0,0,0,0,0,0},{0,0,0,0,0,0,0,0,0}}
]
00:38:13.105 [main] INFO  sudoku.model.SudokuBoard - Wartość 0 wstawiona nieprawidłowo
00:38:13.105 [main] INFO  sudoku.model.SudokuBoard - Bład w kwadracie 0
sudoku.model.SudokuBoard@6814262d[
  size=9
  solver=sudoku.model.BacktrackingSudokuSolver@7fc1fd31
  board={{1,3,4,5,6,7,2,9,8},{7,2,5,4,8,3,0,0,0},{0,0,0,0,0,0,0,0,0},{0,0,0,0,0,0,0,0,0},{0,0,0,0,0,0,0,0,0},{0,0,0,0,0,0,0,0,0},{0,0,0,0,0,0,0,0,0},{0,0,0,0,0,0,0,0,0},{0,0,0,0,0,0,0,0,0}}
]
00:38:13.105 [main] INFO  sudoku.model.SudokuBoard - Wartość 0 wstawiona nieprawidłowo
00:38:13.105 [main] INFO  sudoku.model.SudokuBoard - Bład w kwadracie 0
sudoku.model.SudokuBoard@6814262d[
  size=9
  solver=sudoku.model.BacktrackingSudokuSolver@7fc1fd31
  board={{1,3,4,5,6,7,2,9,8},{7,2,5,4,8,0,0,0,0},{0,0,0,0,0,0,0,0,0},{0,0,0,0,0,0,0,0,0},{0,0,0,0,0,0,0,0,0},{0,0,0,0,0,0,0,0,0},{0,0,0,0,0,0,0,0,0},{0,0,0,0,0,0,0,0,0},{0,0,0,0,0,0,0,0,0}}
]
00:38:13.105 [main] INFO  sudoku.model.SudokuBoard - Wartość 0 wstawiona nieprawidłowo
00:38:13.105 [main] INFO  sudoku.model.SudokuBoard - Bład w kwadracie 0
sudoku.model.SudokuBoard@6814262d[
  size=9
  solver=sudoku.model.BacktrackingSudokuSolver@7fc1fd31
  board={{1,3,4,5,6,7,2,9,8},{7,2,5,4,8,9,1,3,6},{6,8,9,1,2,3,4,5,7},{2,5,3,6,4,8,7,1,9},{4,9,6,2,7,1,3,8,5},{8,7,1,3,9,5,6,2,4},{5,6,7,8,3,4,0,0,0},{0,0,0,0,0,0,0,0,0},{0,0,0,0,0,0,0,0,0}}
]
00:38:13.105 [main] INFO  sudoku.model.SudokuBoard - Wartość 0 wstawiona nieprawidłowo
00:38:13.105 [main] INFO  sudoku.model.SudokuBoard - Bład w kwadracie 0
sudoku.model.SudokuBoard@6814262d[
  size=9
  solver=sudoku.model.BacktrackingSudokuSolver@7fc1fd31
  board={{1,3,4,5,6,7,2,9,8},{7,2,5,4,8,9,1,3,6},{6,8,9,1,2,3,4,5,7},{2,5,3,6,4,8,7,1,9},{4,9,6,2,7,1,3,8,5},{8,7,1,3,9,5,6,2,4},{5,6,7,8,3,0,0,0,0},{0,0,0,0,0,0,0,0,0},{0,0,0,0,0,0,0,0,0}}
]
00:38:13.105 [main] INFO  sudoku.model.SudokuBoard - Wartość 0 wstawiona nieprawidłowo
00:38:13.106 [main] INFO  sudoku.model.SudokuBoard - Bład w kwadracie 0
sudoku.model.SudokuBoard@6814262d[
  size=9
  solver=sudoku.model.BacktrackingSudokuSolver@7fc1fd31
  board={{1,3,4,5,6,7,2,9,8},{7,2,5,4,8,9,1,3,6},{6,8,9,1,2,3,4,5,7},{2,5,3,6,4,8,7,1,9},{4,9,6,2,7,1,3,8,5},{8,7,1,3,9,5,6,2,4},{5,6,7,8,3,2,9,4,1},{3,1,2,7,5,4,8,0,0},{0,0,0,0,0,0,0,0,0}}
]
00:38:13.106 [main] INFO  sudoku.model.SudokuBoard - Wartość 0 wstawiona nieprawidłowo
00:38:13.106 [main] INFO  sudoku.model.SudokuBoard - Bład w kwadracie 0
sudoku.model.SudokuBoard@6814262d[
  size=9
  solver=sudoku.model.BacktrackingSudokuSolver@7fc1fd31
  board={{1,3,4,5,6,7,2,9,8},{7,2,5,4,8,9,1,3,6},{6,8,9,1,2,3,4,5,7},{2,5,3,6,4,8,7,1,9},{4,9,6,2,7,1,3,8,5},{8,7,1,3,9,5,6,2,4},{5,6,7,8,3,2,9,4,1},{3,1,2,7,5,4,0,0,0},{0,0,0,0,0,0,0,0,0}}
]
00:38:13.106 [main] INFO  sudoku.model.SudokuBoard - Wartość 0 wstawiona nieprawidłowo
00:38:13.106 [main] INFO  sudoku.model.SudokuBoard - Bład w kwadracie 0
sudoku.model.SudokuBoard@6814262d[
  size=9
  solver=sudoku.model.BacktrackingSudokuSolver@7fc1fd31
  board={{1,3,4,5,6,7,2,9,8},{7,2,5,4,8,9,1,3,6},{6,8,9,1,2,3,4,5,7},{2,5,3,6,4,8,7,1,9},{4,9,6,2,7,1,3,8,5},{8,7,1,3,9,5,6,2,4},{5,6,7,8,3,2,9,4,1},{3,1,2,7,5,0,0,0,0},{0,0,0,0,0,0,0,0,0}}
]
00:38:13.106 [main] INFO  sudoku.model.SudokuBoard - Wartość 0 wstawiona nieprawidłowo
00:38:13.106 [main] INFO  sudoku.model.SudokuBoard - Bład w kwadracie 0
sudoku.model.SudokuBoard@6814262d[
  size=9
  solver=sudoku.model.BacktrackingSudokuSolver@7fc1fd31
  board={{1,3,4,5,6,7,2,9,8},{7,2,5,4,8,9,1,3,6},{6,8,9,1,2,3,4,5,7},{2,5,3,6,4,8,7,1,9},{4,9,6,2,7,1,3,8,5},{8,7,1,3,9,5,6,2,4},{5,6,7,8,3,2,9,4,1},{3,1,2,7,5,6,0,0,0},{0,0,0,0,0,0,0,0,0}}
]
00:38:13.106 [main] INFO  sudoku.model.SudokuBoard - Wartość 0 wstawiona nieprawidłowo
00:38:13.106 [main] INFO  sudoku.model.SudokuBoard - Bład w kwadracie 0
sudoku.model.SudokuBoard@6814262d[
  size=9
  solver=sudoku.model.BacktrackingSudokuSolver@7fc1fd31
  board={{1,3,4,5,6,7,2,9,8},{7,2,5,4,8,9,1,3,6},{6,8,9,1,2,3,4,5,7},{2,5,3,6,4,8,7,1,9},{4,9,6,2,7,1,3,8,5},{8,7,1,3,9,5,6,2,4},{5,6,7,8,3,2,9,4,1},{3,1,2,7,5,0,0,0,0},{0,0,0,0,0,0,0,0,0}}
]
00:38:13.106 [main] INFO  sudoku.model.SudokuBoard - Wartość 0 wstawiona nieprawidłowo
00:38:13.106 [main] INFO  sudoku.model.SudokuBoard - Bład w kwadracie 0
sudoku.model.SudokuBoard@6814262d[
  size=9
  solver=sudoku.model.BacktrackingSudokuSolver@7fc1fd31
  board={{1,3,4,5,6,7,2,9,8},{7,2,5,4,8,9,1,3,6},{6,8,9,1,2,3,4,5,7},{2,5,3,6,4,8,7,1,9},{4,9,6,2,7,1,3,8,5},{8,7,1,3,9,5,6,2,4},{5,6,7,8,3,2,9,4,1},{3,1,2,7,0,0,0,0,0},{0,0,0,0,0,0,0,0,0}}
]
00:38:13.106 [main] INFO  sudoku.model.SudokuBoard - Wartość 0 wstawiona nieprawidłowo
00:38:13.106 [main] INFO  sudoku.model.SudokuBoard - Bład w kwadracie 0
sudoku.model.SudokuBoard@6814262d[
  size=9
  solver=sudoku.model.BacktrackingSudokuSolver@7fc1fd31
  board={{1,3,4,5,6,7,2,9,8},{7,2,5,4,8,9,1,3,6},{6,8,9,1,2,3,4,5,7},{2,5,3,6,4,8,7,1,9},{4,9,6,2,7,1,3,8,5},{8,7,1,3,9,5,6,2,4},{5,6,7,8,3,2,9,4,1},{3,1,2,0,0,0,0,0,0},{0,0,0,0,0,0,0,0,0}}
]
00:38:13.107 [main] INFO  sudoku.model.SudokuBoard - Wartość 0 wstawiona nieprawidłowo
00:38:13.107 [main] INFO  sudoku.model.SudokuBoard - Bład w kwadracie 0
sudoku.model.SudokuBoard@6814262d[
  size=9
  solver=sudoku.model.BacktrackingSudokuSolver@7fc1fd31
  board={{1,3,4,5,6,7,2,9,8},{7,2,5,4,8,9,1,3,6},{6,8,9,1,2,3,4,5,7},{2,5,3,6,4,8,7,1,9},{4,9,6,2,7,1,3,8,5},{8,7,1,3,9,5,6,2,4},{5,6,7,8,3,2,9,4,1},{3,1,2,9,5,6,8,0,0},{0,0,0,0,0,0,0,0,0}}
]
00:38:13.107 [main] INFO  sudoku.model.SudokuBoard - Wartość 0 wstawiona nieprawidłowo
00:38:13.107 [main] INFO  sudoku.model.SudokuBoard - Bład w kwadracie 0
sudoku.model.SudokuBoard@6814262d[
  size=9
  solver=sudoku.model.BacktrackingSudokuSolver@7fc1fd31
  board={{1,3,4,5,6,7,2,9,8},{7,2,5,4,8,9,1,3,6},{6,8,9,1,2,3,4,5,7},{2,5,3,6,4,8,7,1,9},{4,9,6,2,7,1,3,8,5},{8,7,1,3,9,5,6,2,4},{5,6,7,8,3,2,9,4,1},{3,1,2,9,5,6,0,0,0},{0,0,0,0,0,0,0,0,0}}
]
00:38:13.107 [main] INFO  sudoku.model.SudokuBoard - Wartość 0 wstawiona nieprawidłowo
00:38:13.107 [main] INFO  sudoku.model.SudokuBoard - Bład w kwadracie 0
sudoku.model.SudokuBoard@6814262d[
  size=9
  solver=sudoku.model.BacktrackingSudokuSolver@7fc1fd31
  board={{1,3,4,5,6,7,2,9,8},{7,2,5,4,8,9,1,3,6},{6,8,9,1,2,3,4,5,7},{2,5,3,6,4,8,7,1,9},{4,9,6,2,7,1,3,8,5},{8,7,1,3,9,5,6,2,4},{5,6,7,8,3,2,9,4,1},{3,1,2,9,5,0,0,0,0},{0,0,0,0,0,0,0,0,0}}
]
00:38:13.107 [main] INFO  sudoku.model.SudokuBoard - Wartość 0 wstawiona nieprawidłowo
00:38:13.107 [main] INFO  sudoku.model.SudokuBoard - Bład w kwadracie 0
sudoku.model.SudokuBoard@6814262d[
  size=9
  solver=sudoku.model.BacktrackingSudokuSolver@7fc1fd31
  board={{1,3,4,5,6,7,2,9,8},{7,2,5,4,8,9,1,3,6},{6,8,9,1,2,3,4,5,7},{2,5,3,6,4,8,7,1,9},{4,9,6,2,7,1,3,8,5},{8,7,1,3,9,5,6,2,4},{5,6,7,8,3,2,9,4,1},{3,1,2,9,5,4,8,0,0},{0,0,0,0,0,0,0,0,0}}
]
00:38:13.107 [main] INFO  sudoku.model.SudokuBoard - Wartość 0 wstawiona nieprawidłowo
00:38:13.107 [main] INFO  sudoku.model.SudokuBoard - Bład w kwadracie 0
sudoku.model.SudokuBoard@6814262d[
  size=9
  solver=sudoku.model.BacktrackingSudokuSolver@7fc1fd31
  board={{1,3,4,5,6,7,2,9,8},{7,2,5,4,8,9,1,3,6},{6,8,9,1,2,3,4,5,7},{2,5,3,6,4,8,7,1,9},{4,9,6,2,7,1,3,8,5},{8,7,1,3,9,5,6,2,4},{5,6,7,8,3,2,9,4,1},{3,1,2,9,5,4,8,0,0},{0,0,0,0,0,0,0,0,0}}
]
00:38:13.107 [main] INFO  sudoku.model.SudokuBoard - Wartość 0 wstawiona nieprawidłowo
00:38:13.107 [main] INFO  sudoku.model.SudokuBoard - Bład w kwadracie 0
sudoku.model.SudokuBoard@6814262d[
  size=9
  solver=sudoku.model.BacktrackingSudokuSolver@7fc1fd31
  board={{1,3,4,5,6,7,2,9,8},{7,2,5,4,8,9,1,3,6},{6,8,9,1,2,3,4,5,7},{2,5,3,6,4,8,7,1,9},{4,9,6,2,7,1,3,8,5},{8,7,1,3,9,5,6,2,4},{5,6,7,8,3,2,9,4,1},{3,1,2,9,5,4,0,0,0},{0,0,0,0,0,0,0,0,0}}
]
00:38:13.108 [main] INFO  sudoku.model.SudokuBoard - Wartość 0 wstawiona nieprawidłowo
00:38:13.108 [main] INFO  sudoku.model.SudokuBoard - Bład w kwadracie 0
sudoku.model.SudokuBoard@6814262d[
  size=9
  solver=sudoku.model.BacktrackingSudokuSolver@7fc1fd31
  board={{1,3,4,5,6,7,2,9,8},{7,2,5,4,8,9,1,3,6},{6,8,9,1,2,3,4,5,7},{2,5,3,6,4,8,7,1,9},{4,9,6,2,7,1,3,8,5},{8,7,1,3,9,5,6,2,4},{5,6,7,8,3,2,9,4,1},{3,1,2,9,5,0,0,0,0},{0,0,0,0,0,0,0,0,0}}
]
00:38:13.108 [main] INFO  sudoku.model.SudokuBoard - Wartość 0 wstawiona nieprawidłowo
00:38:13.108 [main] INFO  sudoku.model.SudokuBoard - Bład w kwadracie 0
sudoku.model.SudokuBoard@6814262d[
  size=9
  solver=sudoku.model.BacktrackingSudokuSolver@7fc1fd31
  board={{1,3,4,5,6,7,2,9,8},{7,2,5,4,8,9,1,3,6},{6,8,9,1,2,3,4,5,7},{2,5,3,6,4,8,7,1,9},{4,9,6,2,7,1,3,8,5},{8,7,1,3,9,5,6,2,4},{5,6,7,8,3,2,9,4,1},{3,1,2,9,0,0,0,0,0},{0,0,0,0,0,0,0,0,0}}
]
00:38:13.108 [main] INFO  sudoku.model.SudokuBoard - Wartość 0 wstawiona nieprawidłowo
00:38:13.108 [main] INFO  sudoku.model.SudokuBoard - Bład w kwadracie 0
sudoku.model.SudokuBoard@6814262d[
  size=9
  solver=sudoku.model.BacktrackingSudokuSolver@7fc1fd31
  board={{1,3,4,5,6,7,2,9,8},{7,2,5,4,8,9,1,3,6},{6,8,9,1,2,3,4,5,7},{2,5,3,6,4,8,7,1,9},{4,9,6,2,7,1,3,8,5},{8,7,1,3,9,5,6,2,4},{5,6,7,8,3,2,9,4,1},{3,1,2,0,0,0,0,0,0},{0,0,0,0,0,0,0,0,0}}
]
00:38:13.108 [main] INFO  sudoku.model.SudokuBoard - Wartość 0 wstawiona nieprawidłowo
00:38:13.108 [main] INFO  sudoku.model.SudokuBoard - Bład w kwadracie 0
sudoku.model.SudokuBoard@6814262d[
  size=9
  solver=sudoku.model.BacktrackingSudokuSolver@7fc1fd31
  board={{1,3,4,5,6,7,2,9,8},{7,2,5,4,8,9,1,3,6},{6,8,9,1,2,3,4,5,7},{2,5,3,6,4,8,7,1,9},{4,9,6,2,7,1,3,8,5},{8,7,1,3,9,5,6,2,4},{5,6,7,8,3,2,9,4,1},{3,1,0,0,0,0,0,0,0},{0,0,0,0,0,0,0,0,0}}
]
00:38:13.108 [main] INFO  sudoku.model.SudokuBoard - Wartość 0 wstawiona nieprawidłowo
00:38:13.108 [main] INFO  sudoku.model.SudokuBoard - Bład w kwadracie 0
sudoku.model.SudokuBoard@6814262d[
  size=9
  solver=sudoku.model.BacktrackingSudokuSolver@7fc1fd31
  board={{1,3,4,5,6,7,2,9,8},{7,2,5,4,8,9,1,3,6},{6,8,9,1,2,3,4,5,7},{2,5,3,6,4,8,7,1,9},{4,9,6,2,7,1,3,8,5},{8,7,1,3,9,5,6,2,4},{5,6,7,8,3,2,9,4,1},{3,1,8,7,5,0,0,0,0},{0,0,0,0,0,0,0,0,0}}
]
00:38:13.108 [main] INFO  sudoku.model.SudokuBoard - Wartość 0 wstawiona nieprawidłowo
00:38:13.108 [main] INFO  sudoku.model.SudokuBoard - Bład w kwadracie 0
sudoku.model.SudokuBoard@6814262d[
  size=9
  solver=sudoku.model.BacktrackingSudokuSolver@7fc1fd31
  board={{1,3,4,5,6,7,2,9,8},{7,2,5,4,8,9,1,3,6},{6,8,9,1,2,3,4,5,7},{2,5,3,6,4,8,7,1,9},{4,9,6,2,7,1,3,8,5},{8,7,1,3,9,5,6,2,4},{5,6,7,8,3,2,9,4,1},{3,1,8,7,5,0,0,0,0},{0,0,0,0,0,0,0,0,0}}
]
00:38:13.108 [main] INFO  sudoku.model.SudokuBoard - Wartość 0 wstawiona nieprawidłowo
00:38:13.109 [main] INFO  sudoku.model.SudokuBoard - Bład w kwadracie 0
sudoku.model.SudokuBoard@6814262d[
  size=9
  solver=sudoku.model.BacktrackingSudokuSolver@7fc1fd31
  board={{1,3,4,5,6,7,2,9,8},{7,2,5,4,8,9,1,3,6},{6,8,9,1,2,3,4,5,7},{2,5,3,6,4,8,7,1,9},{4,9,6,2,7,1,3,8,5},{8,7,1,3,9,5,6,2,4},{5,6,7,8,3,2,9,4,1},{3,1,8,7,0,0,0,0,0},{0,0,0,0,0,0,0,0,0}}
]
00:38:13.109 [main] INFO  sudoku.model.SudokuBoard - Wartość 0 wstawiona nieprawidłowo
00:38:13.109 [main] INFO  sudoku.model.SudokuBoard - Bład w kwadracie 0
sudoku.model.SudokuBoard@6814262d[
  size=9
  solver=sudoku.model.BacktrackingSudokuSolver@7fc1fd31
  board={{1,3,4,5,6,7,2,9,8},{7,2,5,4,8,9,1,3,6},{6,8,9,1,2,3,4,5,7},{2,5,3,6,4,8,7,1,9},{4,9,6,2,7,1,3,8,5},{8,7,1,3,9,5,6,2,4},{5,6,7,8,3,2,9,4,1},{3,1,8,0,0,0,0,0,0},{0,0,0,0,0,0,0,0,0}}
]
00:38:13.109 [main] INFO  sudoku.model.SudokuBoard - Wartość 0 wstawiona nieprawidłowo
00:38:13.109 [main] INFO  sudoku.model.SudokuBoard - Bład w kwadracie 0
sudoku.model.SudokuBoard@6814262d[
  size=9
  solver=sudoku.model.BacktrackingSudokuSolver@7fc1fd31
  board={{1,3,4,5,6,7,2,9,8},{7,2,5,4,8,9,1,3,6},{6,8,9,1,2,3,4,5,7},{2,5,3,6,4,8,7,1,9},{4,9,6,2,7,1,3,8,5},{8,7,1,3,9,5,6,2,4},{5,6,7,8,3,2,9,4,1},{3,1,8,9,5,0,0,0,0},{0,0,0,0,0,0,0,0,0}}
]
00:38:13.109 [main] INFO  sudoku.model.SudokuBoard - Wartość 0 wstawiona nieprawidłowo
00:38:13.109 [main] INFO  sudoku.model.SudokuBoard - Bład w kwadracie 0
sudoku.model.SudokuBoard@6814262d[
  size=9
  solver=sudoku.model.BacktrackingSudokuSolver@7fc1fd31
  board={{1,3,4,5,6,7,2,9,8},{7,2,5,4,8,9,1,3,6},{6,8,9,1,2,3,4,5,7},{2,5,3,6,4,8,7,1,9},{4,9,6,2,7,1,3,8,5},{8,7,1,3,9,5,6,2,4},{5,6,7,8,3,2,9,4,1},{3,1,8,9,5,0,0,0,0},{0,0,0,0,0,0,0,0,0}}
]
00:38:13.109 [main] INFO  sudoku.model.SudokuBoard - Wartość 0 wstawiona nieprawidłowo
00:38:13.109 [main] INFO  sudoku.model.SudokuBoard - Bład w kwadracie 0
sudoku.model.SudokuBoard@6814262d[
  size=9
  solver=sudoku.model.BacktrackingSudokuSolver@7fc1fd31
  board={{1,3,4,5,6,7,2,9,8},{7,2,5,4,8,9,1,3,6},{6,8,9,1,2,3,4,5,7},{2,5,3,6,4,8,7,1,9},{4,9,6,2,7,1,3,8,5},{8,7,1,3,9,5,6,2,4},{5,6,7,8,3,2,9,4,1},{3,1,8,9,0,0,0,0,0},{0,0,0,0,0,0,0,0,0}}
]
00:38:13.109 [main] INFO  sudoku.model.SudokuBoard - Wartość 0 wstawiona nieprawidłowo
00:38:13.109 [main] INFO  sudoku.model.SudokuBoard - Bład w kwadracie 0
sudoku.model.SudokuBoard@6814262d[
  size=9
  solver=sudoku.model.BacktrackingSudokuSolver@7fc1fd31
  board={{1,3,4,5,6,7,2,9,8},{7,2,5,4,8,9,1,3,6},{6,8,9,1,2,3,4,5,7},{2,5,3,6,4,8,7,1,9},{4,9,6,2,7,1,3,8,5},{8,7,1,3,9,5,6,2,4},{5,6,7,8,3,2,9,4,1},{3,1,8,0,0,0,0,0,0},{0,0,0,0,0,0,0,0,0}}
]
00:38:13.109 [main] INFO  sudoku.model.SudokuBoard - Wartość 0 wstawiona nieprawidłowo
00:38:13.109 [main] INFO  sudoku.model.SudokuBoard - Bład w kwadracie 0
sudoku.model.SudokuBoard@6814262d[
  size=9
  solver=sudoku.model.BacktrackingSudokuSolver@7fc1fd31
  board={{1,3,4,5,6,7,2,9,8},{7,2,5,4,8,9,1,3,6},{6,8,9,1,2,3,4,5,7},{2,5,3,6,4,8,7,1,9},{4,9,6,2,7,1,3,8,5},{8,7,1,3,9,5,6,2,4},{5,6,7,8,3,2,9,4,1},{3,1,0,0,0,0,0,0,0},{0,0,0,0,0,0,0,0,0}}
]
00:38:13.109 [main] INFO  sudoku.model.SudokuBoard - Wartość 0 wstawiona nieprawidłowo
00:38:13.109 [main] INFO  sudoku.model.SudokuBoard - Bład w kwadracie 0
sudoku.model.SudokuBoard@6814262d[
  size=9
  solver=sudoku.model.BacktrackingSudokuSolver@7fc1fd31
  board={{1,3,4,5,6,7,2,9,8},{7,2,5,4,8,9,1,3,6},{6,8,9,1,2,3,4,5,7},{2,5,3,6,4,8,7,1,9},{4,9,6,2,7,1,3,8,5},{8,7,1,3,9,5,6,2,4},{5,6,7,8,3,2,9,4,1},{3,0,0,0,0,0,0,0,0},{0,0,0,0,0,0,0,0,0}}
]
00:38:13.109 [main] INFO  sudoku.model.SudokuBoard - Wartość 0 wstawiona nieprawidłowo
00:38:13.110 [main] INFO  sudoku.model.SudokuBoard - Bład w kwadracie 0
sudoku.model.SudokuBoard@6814262d[
  size=9
  solver=sudoku.model.BacktrackingSudokuSolver@7fc1fd31
  board={{1,3,4,5,6,7,2,9,8},{7,2,5,4,8,9,1,3,6},{6,8,9,1,2,3,4,5,7},{2,5,3,6,4,8,7,1,9},{4,9,6,2,7,1,3,8,5},{8,7,1,3,9,5,6,2,4},{5,6,7,8,3,2,9,4,1},{3,4,2,7,1,6,0,0,0},{0,0,0,0,0,0,0,0,0}}
]
00:38:13.110 [main] INFO  sudoku.model.SudokuBoard - Wartość 0 wstawiona nieprawidłowo
00:38:13.110 [main] INFO  sudoku.model.SudokuBoard - Bład w kwadracie 0
sudoku.model.SudokuBoard@6814262d[
  size=9
  solver=sudoku.model.BacktrackingSudokuSolver@7fc1fd31
  board={{1,3,4,5,6,7,2,9,8},{7,2,5,4,8,9,1,3,6},{6,8,9,1,2,3,4,5,7},{2,5,3,6,4,8,7,1,9},{4,9,6,2,7,1,3,8,5},{8,7,1,3,9,5,6,2,4},{5,6,7,8,3,2,9,4,1},{3,4,2,7,1,6,0,0,0},{0,0,0,0,0,0,0,0,0}}
]
00:38:13.110 [main] INFO  sudoku.model.SudokuBoard - Wartość 0 wstawiona nieprawidłowo
00:38:13.110 [main] INFO  sudoku.model.SudokuBoard - Bład w kwadracie 0
sudoku.model.SudokuBoard@6814262d[
  size=9
  solver=sudoku.model.BacktrackingSudokuSolver@7fc1fd31
  board={{1,3,4,5,6,7,2,9,8},{7,2,5,4,8,9,1,3,6},{6,8,9,1,2,3,4,5,7},{2,5,3,6,4,8,7,1,9},{4,9,6,2,7,1,3,8,5},{8,7,1,3,9,5,6,2,4},{5,6,7,8,3,2,9,4,1},{3,4,2,7,1,0,0,0,0},{0,0,0,0,0,0,0,0,0}}
]
00:38:13.110 [main] INFO  sudoku.model.SudokuBoard - Wartość 0 wstawiona nieprawidłowo
00:38:13.110 [main] INFO  sudoku.model.SudokuBoard - Bład w kwadracie 0
sudoku.model.SudokuBoard@6814262d[
  size=9
  solver=sudoku.model.BacktrackingSudokuSolver@7fc1fd31
  board={{1,3,4,5,6,7,2,9,8},{7,2,5,4,8,9,1,3,6},{6,8,9,1,2,3,4,5,7},{2,5,3,6,4,8,7,1,9},{4,9,6,2,7,1,3,8,5},{8,7,1,3,9,5,6,2,4},{5,6,7,8,3,2,9,4,1},{3,4,2,7,0,0,0,0,0},{0,0,0,0,0,0,0,0,0}}
]
00:38:13.110 [main] INFO  sudoku.model.SudokuBoard - Wartość 0 wstawiona nieprawidłowo
00:38:13.110 [main] INFO  sudoku.model.SudokuBoard - Bład w kwadracie 0
sudoku.model.SudokuBoard@6814262d[
  size=9
  solver=sudoku.model.BacktrackingSudokuSolver@7fc1fd31
  board={{1,3,4,5,6,7,2,9,8},{7,2,5,4,8,9,1,3,6},{6,8,9,1,2,3,4,5,7},{2,5,3,6,4,8,7,1,9},{4,9,6,2,7,1,3,8,5},{8,7,1,3,9,5,6,2,4},{5,6,7,8,3,2,9,4,1},{3,4,2,7,5,6,0,0,0},{0,0,0,0,0,0,0,0,0}}
]
00:38:13.110 [main] INFO  sudoku.model.SudokuBoard - Wartość 0 wstawiona nieprawidłowo
00:38:13.110 [main] INFO  sudoku.model.SudokuBoard - Bład w kwadracie 0
sudoku.model.SudokuBoard@6814262d[
  size=9
  solver=sudoku.model.BacktrackingSudokuSolver@7fc1fd31
  board={{1,3,4,5,6,7,2,9,8},{7,2,5,4,8,9,1,3,6},{6,8,9,1,2,3,4,5,7},{2,5,3,6,4,8,7,1,9},{4,9,6,2,7,1,3,8,5},{8,7,1,3,9,5,6,2,4},{5,6,7,8,3,2,9,4,1},{3,4,2,7,5,0,0,0,0},{0,0,0,0,0,0,0,0,0}}
]
00:38:13.110 [main] INFO  sudoku.model.SudokuBoard - Wartość 0 wstawiona nieprawidłowo
00:38:13.111 [main] INFO  sudoku.model.SudokuBoard - Bład w kwadracie 0
sudoku.model.SudokuBoard@6814262d[
  size=9
  solver=sudoku.model.BacktrackingSudokuSolver@7fc1fd31
  board={{1,3,4,5,6,7,2,9,8},{7,2,5,4,8,9,1,3,6},{6,8,9,1,2,3,4,5,7},{2,5,3,6,4,8,7,1,9},{4,9,6,2,7,1,3,8,5},{8,7,1,3,9,5,6,2,4},{5,6,7,8,3,2,9,4,1},{3,4,2,7,0,0,0,0,0},{0,0,0,0,0,0,0,0,0}}
]
00:38:13.111 [main] INFO  sudoku.model.SudokuBoard - Wartość 0 wstawiona nieprawidłowo
00:38:13.111 [main] INFO  sudoku.model.SudokuBoard - Bład w kwadracie 0
sudoku.model.SudokuBoard@6814262d[
  size=9
  solver=sudoku.model.BacktrackingSudokuSolver@7fc1fd31
  board={{1,3,4,5,6,7,2,9,8},{7,2,5,4,8,9,1,3,6},{6,8,9,1,2,3,4,5,7},{2,5,3,6,4,8,7,1,9},{4,9,6,2,7,1,3,8,5},{8,7,1,3,9,5,6,2,4},{5,6,7,8,3,2,9,4,1},{3,4,2,0,0,0,0,0,0},{0,0,0,0,0,0,0,0,0}}
]
00:38:13.111 [main] INFO  sudoku.model.SudokuBoard - Wartość 0 wstawiona nieprawidłowo
00:38:13.111 [main] INFO  sudoku.model.SudokuBoard - Bład w kwadracie 0
sudoku.model.SudokuBoard@6814262d[
  size=9
  solver=sudoku.model.BacktrackingSudokuSolver@7fc1fd31
  board={{1,3,4,5,6,7,2,9,8},{7,2,5,4,8,9,1,3,6},{6,8,9,1,2,3,4,5,7},{2,5,3,6,4,8,7,1,9},{4,9,6,2,7,1,3,8,5},{8,7,1,3,9,5,6,2,4},{5,6,7,8,3,2,9,4,1},{3,4,2,9,5,6,8,0,0},{0,0,0,0,0,0,0,0,0}}
]
00:38:13.111 [main] INFO  sudoku.model.SudokuBoard - Wartość 0 wstawiona nieprawidłowo
00:38:13.111 [main] INFO  sudoku.model.SudokuBoard - Bład w kwadracie 0
sudoku.model.SudokuBoard@6814262d[
  size=9
  solver=sudoku.model.BacktrackingSudokuSolver@7fc1fd31
  board={{1,3,4,5,6,7,2,9,8},{7,2,5,4,8,9,1,3,6},{6,8,9,1,2,3,4,5,7},{2,5,3,6,4,8,7,1,9},{4,9,6,2,7,1,3,8,5},{8,7,1,3,9,5,6,2,4},{5,6,7,8,3,2,9,4,1},{3,4,2,9,5,6,0,0,0},{0,0,0,0,0,0,0,0,0}}
]
00:38:13.111 [main] INFO  sudoku.model.SudokuBoard - Wartość 0 wstawiona nieprawidłowo
00:38:13.111 [main] INFO  sudoku.model.SudokuBoard - Bład w kwadracie 0
sudoku.model.SudokuBoard@6814262d[
  size=9
  solver=sudoku.model.BacktrackingSudokuSolver@7fc1fd31
  board={{1,3,4,5,6,7,2,9,8},{7,2,5,4,8,9,1,3,6},{6,8,9,1,2,3,4,5,7},{2,5,3,6,4,8,7,1,9},{4,9,6,2,7,1,3,8,5},{8,7,1,3,9,5,6,2,4},{5,6,7,8,3,2,9,4,1},{3,4,2,9,5,0,0,0,0},{0,0,0,0,0,0,0,0,0}}
]
00:38:13.111 [main] INFO  sudoku.model.SudokuBoard - Wartość 0 wstawiona nieprawidłowo
00:38:13.111 [main] INFO  sudoku.model.SudokuBoard - Bład w kwadracie 0
sudoku.model.SudokuBoard@6814262d[
  size=9
  solver=sudoku.model.BacktrackingSudokuSolver@7fc1fd31
  board={{1,3,4,5,6,7,2,9,8},{7,2,5,4,8,9,1,3,6},{6,8,9,1,2,3,4,5,7},{2,5,3,6,4,8,7,1,9},{4,9,6,2,7,1,3,8,5},{8,7,1,3,9,5,6,2,4},{5,6,7,8,3,2,9,4,1},{3,4,2,9,0,0,0,0,0},{0,0,0,0,0,0,0,0,0}}
]
00:38:13.111 [main] INFO  sudoku.model.SudokuBoard - Wartość 0 wstawiona nieprawidłowo
00:38:13.111 [main] INFO  sudoku.model.SudokuBoard - Bład w kwadracie 0
sudoku.model.SudokuBoard@6814262d[
  size=9
  solver=sudoku.model.BacktrackingSudokuSolver@7fc1fd31
  board={{1,3,4,5,6,7,2,9,8},{7,2,5,4,8,9,1,3,6},{6,8,9,1,2,3,4,5,7},{2,5,3,6,4,8,7,1,9},{4,9,6,2,7,1,3,8,5},{8,7,1,3,9,5,6,2,4},{5,6,7,8,3,2,9,4,1},{3,4,2,9,1,6,8,0,0},{0,0,0,0,0,0,0,0,0}}
]
00:38:13.111 [main] INFO  sudoku.model.SudokuBoard - Wartość 0 wstawiona nieprawidłowo
00:38:13.111 [main] INFO  sudoku.model.SudokuBoard - Bład w kwadracie 0
sudoku.model.SudokuBoard@6814262d[
  size=9
  solver=sudoku.model.BacktrackingSudokuSolver@7fc1fd31
  board={{1,3,4,5,6,7,2,9,8},{7,2,5,4,8,9,1,3,6},{6,8,9,1,2,3,4,5,7},{2,5,3,6,4,8,7,1,9},{4,9,6,2,7,1,3,8,5},{8,7,1,3,9,5,6,2,4},{5,6,7,8,3,2,9,4,1},{3,4,2,9,1,6,0,0,0},{0,0,0,0,0,0,0,0,0}}
]
00:38:13.112 [main] INFO  sudoku.model.SudokuBoard - Wartość 0 wstawiona nieprawidłowo
00:38:13.112 [main] INFO  sudoku.model.SudokuBoard - Bład w kwadracie 0
sudoku.model.SudokuBoard@6814262d[
  size=9
  solver=sudoku.model.BacktrackingSudokuSolver@7fc1fd31
  board={{1,3,4,5,6,7,2,9,8},{7,2,5,4,8,9,1,3,6},{6,8,9,1,2,3,4,5,7},{2,5,3,6,4,8,7,1,9},{4,9,6,2,7,1,3,8,5},{8,7,1,3,9,5,6,2,4},{5,6,7,8,3,2,9,4,1},{3,4,2,9,1,6,5,0,0},{0,0,0,0,0,0,0,0,0}}
]
00:38:13.112 [main] INFO  sudoku.model.SudokuBoard - Wartość 0 wstawiona nieprawidłowo
00:38:13.112 [main] INFO  sudoku.model.SudokuBoard - Bład w kwadracie 0
sudoku.model.SudokuBoard@6814262d[
  size=9
  solver=sudoku.model.BacktrackingSudokuSolver@7fc1fd31
  board={{1,3,4,5,6,7,2,9,8},{7,2,5,4,8,9,1,3,6},{6,8,9,1,2,3,4,5,7},{2,5,3,6,4,8,7,1,9},{4,9,6,2,7,1,3,8,5},{8,7,1,3,9,5,6,2,4},{5,6,7,8,3,2,9,4,1},{3,4,2,9,1,6,0,0,0},{0,0,0,0,0,0,0,0,0}}
]
00:38:13.112 [main] INFO  sudoku.model.SudokuBoard - Wartość 0 wstawiona nieprawidłowo
00:38:13.112 [main] INFO  sudoku.model.SudokuBoard - Bład w kwadracie 0
sudoku.model.SudokuBoard@6814262d[
  size=9
  solver=sudoku.model.BacktrackingSudokuSolver@7fc1fd31
  board={{1,3,4,5,6,7,2,9,8},{7,2,5,4,8,9,1,3,6},{6,8,9,1,2,3,4,5,7},{2,5,3,6,4,8,7,1,9},{4,9,6,2,7,1,3,8,5},{8,7,1,3,9,5,6,2,4},{5,6,7,8,3,2,9,4,1},{3,4,2,9,1,0,0,0,0},{0,0,0,0,0,0,0,0,0}}
]
00:38:13.112 [main] INFO  sudoku.model.SudokuBoard - Wartość 0 wstawiona nieprawidłowo
00:38:13.112 [main] INFO  sudoku.model.SudokuBoard - Bład w kwadracie 0
sudoku.model.SudokuBoard@6814262d[
  size=9
  solver=sudoku.model.BacktrackingSudokuSolver@7fc1fd31
  board={{1,3,4,5,6,7,2,9,8},{7,2,5,4,8,9,1,3,6},{6,8,9,1,2,3,4,5,7},{2,5,3,6,4,8,7,1,9},{4,9,6,2,7,1,3,8,5},{8,7,1,3,9,5,6,2,4},{5,6,7,8,3,2,9,4,1},{3,4,2,9,0,0,0,0,0},{0,0,0,0,0,0,0,0,0}}
]
00:38:13.112 [main] INFO  sudoku.model.SudokuBoard - Wartość 0 wstawiona nieprawidłowo
00:38:13.112 [main] INFO  sudoku.model.SudokuBoard - Bład w kwadracie 0
sudoku.model.SudokuBoard@6814262d[
  size=9
  solver=sudoku.model.BacktrackingSudokuSolver@7fc1fd31
  board={{1,3,4,5,6,7,2,9,8},{7,2,5,4,8,9,1,3,6},{6,8,9,1,2,3,4,5,7},{2,5,3,6,4,8,7,1,9},{4,9,6,2,7,1,3,8,5},{8,7,1,3,9,5,6,2,4},{5,6,7,8,3,2,9,4,1},{3,4,2,0,0,0,0,0,0},{0,0,0,0,0,0,0,0,0}}
]
00:38:13.112 [main] INFO  sudoku.model.SudokuBoard - Wartość 0 wstawiona nieprawidłowo
00:38:13.112 [main] INFO  sudoku.model.SudokuBoard - Bład w kwadracie 0
sudoku.model.SudokuBoard@6814262d[
  size=9
  solver=sudoku.model.BacktrackingSudokuSolver@7fc1fd31
  board={{1,3,4,5,6,7,2,9,8},{7,2,5,4,8,9,1,3,6},{6,8,9,1,2,3,4,5,7},{2,5,3,6,4,8,7,1,9},{4,9,6,2,7,1,3,8,5},{8,7,1,3,9,5,6,2,4},{5,6,7,8,3,2,9,4,1},{3,4,0,0,0,0,0,0,0},{0,0,0,0,0,0,0,0,0}}
]
00:38:13.112 [main] INFO  sudoku.model.SudokuBoard - Wartość 0 wstawiona nieprawidłowo
00:38:13.113 [main] INFO  sudoku.model.SudokuBoard - Bład w kwadracie 0
sudoku.model.SudokuBoard@36665c11[
  size=9
  solver=sudoku.model.BacktrackingSudokuSolver@7fc1fd31
  board={{2,4,7,3,5,6,8,9,1},{9,8,1,7,2,4,3,5,6},{3,5,6,8,9,1,7,2,4},{1,2,8,4,3,9,5,6,7},{4,6,9,5,7,8,1,3,2},{5,0,0,0,0,0,0,0,0},{0,0,0,0,0,0,0,0,0},{0,0,0,0,0,0,0,0,0},{0,0,0,0,0,0,0,0,0}}
]
00:38:13.113 [main] INFO  sudoku.model.SudokuBoard - Wartość 0 wstawiona nieprawidłowo
00:38:13.113 [main] INFO  sudoku.model.SudokuBoard - Bład w kwadracie 0
sudoku.model.SudokuBoard@36665c11[
  size=9
  solver=sudoku.model.BacktrackingSudokuSolver@7fc1fd31
  board={{2,4,7,3,5,6,8,9,1},{9,8,1,7,2,4,3,5,6},{3,5,6,8,9,1,7,2,4},{1,2,8,4,3,9,5,6,7},{4,6,9,5,7,8,1,3,2},{5,7,3,6,1,2,9,4,8},{6,9,4,1,8,3,2,7,5},{8,1,2,9,4,7,0,0,0},{0,0,0,0,0,0,0,0,0}}
]
00:38:13.114 [main] INFO  sudoku.model.SudokuBoard - Wartość 0 wstawiona nieprawidłowo
00:38:13.114 [main] INFO  sudoku.model.SudokuBoard - Bład w kwadracie 0
sudoku.model.SudokuBoard@36665c11[
  size=9
  solver=sudoku.model.BacktrackingSudokuSolver@7fc1fd31
  board={{2,4,7,3,5,6,8,9,1},{9,8,1,7,2,4,3,5,6},{3,5,6,8,9,1,7,2,4},{1,2,8,4,3,9,5,6,7},{4,6,9,5,7,8,1,3,2},{5,7,3,6,1,2,9,4,8},{6,9,4,1,8,3,2,7,5},{8,1,2,9,4,0,0,0,0},{0,0,0,0,0,0,0,0,0}}
]
00:38:13.114 [main] INFO  sudoku.model.SudokuBoard - Wartość 0 wstawiona nieprawidłowo
00:38:13.114 [main] INFO  sudoku.model.SudokuBoard - Bład w kwadracie 0
sudoku.model.SudokuBoard@36665c11[
  size=9
  solver=sudoku.model.BacktrackingSudokuSolver@7fc1fd31
  board={{2,4,7,3,5,6,8,9,1},{9,8,1,7,2,4,3,5,6},{3,5,6,8,9,1,7,2,4},{1,2,8,4,3,9,5,6,7},{4,6,9,5,7,8,1,3,2},{5,7,3,6,1,2,9,4,8},{6,9,4,1,8,3,2,7,5},{8,1,2,9,4,5,0,0,0},{0,0,0,0,0,0,0,0,0}}
]
00:38:13.114 [main] INFO  sudoku.model.SudokuBoard - Wartość 0 wstawiona nieprawidłowo
00:38:13.114 [main] INFO  sudoku.model.SudokuBoard - Bład w kwadracie 0
sudoku.model.SudokuBoard@36665c11[
  size=9
  solver=sudoku.model.BacktrackingSudokuSolver@7fc1fd31
  board={{2,4,7,3,5,6,8,9,1},{9,8,1,7,2,4,3,5,6},{3,5,6,8,9,1,7,2,4},{1,2,8,4,3,9,5,6,7},{4,6,9,5,7,8,1,3,2},{5,7,3,6,1,2,9,4,8},{6,9,4,1,8,3,2,7,5},{8,1,2,9,4,0,0,0,0},{0,0,0,0,0,0,0,0,0}}
]
00:38:13.114 [main] INFO  sudoku.model.SudokuBoard - Wartość 0 wstawiona nieprawidłowo
00:38:13.114 [main] INFO  sudoku.model.SudokuBoard - Bład w kwadracie 0
sudoku.model.SudokuBoard@36665c11[
  size=9
  solver=sudoku.model.BacktrackingSudokuSolver@7fc1fd31
  board={{2,4,7,3,5,6,8,9,1},{9,8,1,7,2,4,3,5,6},{3,5,6,8,9,1,7,2,4},{1,2,8,4,3,9,5,6,7},{4,6,9,5,7,8,1,3,2},{5,7,3,6,1,2,9,4,8},{6,9,4,1,8,3,2,7,5},{8,1,2,9,0,0,0,0,0},{0,0,0,0,0,0,0,0,0}}
]
00:38:13.114 [main] INFO  sudoku.model.SudokuBoard - Wartość 0 wstawiona nieprawidłowo
00:38:13.114 [main] INFO  sudoku.model.SudokuBoard - Bład w kwadracie 0
sudoku.model.SudokuBoard@36665c11[
  size=9
  solver=sudoku.model.BacktrackingSudokuSolver@7fc1fd31
  board={{2,4,7,3,5,6,8,9,1},{9,8,1,7,2,4,3,5,6},{3,5,6,8,9,1,7,2,4},{1,2,8,4,3,9,5,6,7},{4,6,9,5,7,8,1,3,2},{5,7,3,6,1,2,9,4,8},{6,9,4,1,8,3,2,7,5},{8,1,2,9,6,5,0,0,0},{0,0,0,0,0,0,0,0,0}}
]
00:38:13.114 [main] INFO  sudoku.model.SudokuBoard - Wartość 0 wstawiona nieprawidłowo
00:38:13.114 [main] INFO  sudoku.model.SudokuBoard - Bład w kwadracie 0
sudoku.model.SudokuBoard@36665c11[
  size=9
  solver=sudoku.model.BacktrackingSudokuSolver@7fc1fd31
  board={{2,4,7,3,5,6,8,9,1},{9,8,1,7,2,4,3,5,6},{3,5,6,8,9,1,7,2,4},{1,2,8,4,3,9,5,6,7},{4,6,9,5,7,8,1,3,2},{5,7,3,6,1,2,9,4,8},{6,9,4,1,8,3,2,7,5},{8,1,2,9,6,0,0,0,0},{0,0,0,0,0,0,0,0,0}}
]
00:38:13.114 [main] INFO  sudoku.model.SudokuBoard - Wartość 0 wstawiona nieprawidłowo
00:38:13.115 [main] INFO  sudoku.model.SudokuBoard - Bład w kwadracie 0
sudoku.model.SudokuBoard@36665c11[
  size=9
  solver=sudoku.model.BacktrackingSudokuSolver@7fc1fd31
  board={{2,4,7,3,5,6,8,9,1},{9,8,1,7,2,4,3,5,6},{3,5,6,8,9,1,7,2,4},{1,2,8,4,3,9,5,6,7},{4,6,9,5,7,8,1,3,2},{5,7,3,6,1,2,9,4,8},{6,9,4,1,8,3,2,7,5},{8,1,2,9,6,7,0,0,0},{0,0,0,0,0,0,0,0,0}}
]
00:38:13.115 [main] INFO  sudoku.model.SudokuBoard - Wartość 0 wstawiona nieprawidłowo
00:38:13.116 [main] INFO  sudoku.model.SudokuBoard - Bład w kwadracie 0
sudoku.model.SudokuBoard@36665c11[
  size=9
  solver=sudoku.model.BacktrackingSudokuSolver@7fc1fd31
  board={{2,4,7,3,5,6,8,9,1},{9,8,1,7,2,4,3,5,6},{3,5,6,8,9,1,7,2,4},{1,2,8,4,3,9,5,6,7},{4,6,9,5,7,8,1,3,2},{5,7,3,6,1,2,9,4,8},{6,9,4,1,8,3,2,7,5},{8,1,2,9,6,0,0,0,0},{0,0,0,0,0,0,0,0,0}}
]
00:38:13.116 [main] INFO  sudoku.model.SudokuBoard - Wartość 0 wstawiona nieprawidłowo
00:38:13.116 [main] INFO  sudoku.model.SudokuBoard - Bład w kwadracie 0
sudoku.model.SudokuBoard@36665c11[
  size=9
  solver=sudoku.model.BacktrackingSudokuSolver@7fc1fd31
  board={{2,4,7,3,5,6,8,9,1},{9,8,1,7,2,4,3,5,6},{3,5,6,8,9,1,7,2,4},{1,2,8,4,3,9,5,6,7},{4,6,9,5,7,8,1,3,2},{5,7,3,6,1,2,9,4,8},{6,9,4,1,8,3,2,7,5},{8,1,2,9,0,0,0,0,0},{0,0,0,0,0,0,0,0,0}}
]
00:38:13.116 [main] INFO  sudoku.model.SudokuBoard - Wartość 0 wstawiona nieprawidłowo
00:38:13.116 [main] INFO  sudoku.model.SudokuBoard - Bład w kwadracie 0
sudoku.model.SudokuBoard@36665c11[
  size=9
  solver=sudoku.model.BacktrackingSudokuSolver@7fc1fd31
  board={{2,4,7,3,5,6,8,9,1},{9,8,1,7,2,4,3,5,6},{3,5,6,8,9,1,7,2,4},{1,2,8,4,3,9,5,6,7},{4,6,9,5,7,8,1,3,2},{5,7,3,6,1,2,9,4,8},{6,9,4,1,8,3,2,7,5},{8,1,2,0,0,0,0,0,0},{0,0,0,0,0,0,0,0,0}}
]
00:38:13.116 [main] INFO  sudoku.model.SudokuBoard - Wartość 0 wstawiona nieprawidłowo
00:38:13.116 [main] INFO  sudoku.model.SudokuBoard - Bład w kwadracie 0
sudoku.model.SudokuBoard@36665c11[
  size=9
  solver=sudoku.model.BacktrackingSudokuSolver@7fc1fd31
  board={{2,4,7,3,5,6,8,9,1},{9,8,1,7,2,4,3,5,6},{3,5,6,8,9,1,7,2,4},{1,2,8,4,3,9,5,6,7},{4,6,9,5,7,8,1,3,2},{5,7,3,6,1,2,9,4,8},{6,9,4,1,8,3,2,7,5},{8,1,0,0,0,0,0,0,0},{0,0,0,0,0,0,0,0,0}}
]
00:38:13.116 [main] INFO  sudoku.model.SudokuBoard - Wartość 0 wstawiona nieprawidłowo
00:38:13.116 [main] INFO  sudoku.model.SudokuBoard - Bład w kwadracie 0
sudoku.model.SudokuBoard@36665c11[
  size=9
  solver=sudoku.model.BacktrackingSudokuSolver@7fc1fd31
  board={{2,4,7,3,5,6,8,9,1},{9,8,1,7,2,4,3,5,6},{3,5,6,8,9,1,7,2,4},{1,2,8,4,3,9,5,6,7},{4,6,9,5,7,8,1,3,2},{5,7,3,6,1,2,9,4,8},{6,9,4,1,8,3,2,7,5},{8,1,5,9,4,7,0,0,0},{0,0,0,0,0,0,0,0,0}}
]
00:38:13.116 [main] INFO  sudoku.model.SudokuBoard - Wartość 0 wstawiona nieprawidłowo
00:38:13.116 [main] INFO  sudoku.model.SudokuBoard - Bład w kwadracie 0
sudoku.model.SudokuBoard@36665c11[
  size=9
  solver=sudoku.model.BacktrackingSudokuSolver@7fc1fd31
  board={{2,4,7,3,5,6,8,9,1},{9,8,1,7,2,4,3,5,6},{3,5,6,8,9,1,7,2,4},{1,2,8,4,3,9,5,6,7},{4,6,9,5,7,8,1,3,2},{5,7,3,6,1,2,9,4,8},{6,9,4,1,8,3,2,7,5},{8,1,5,9,4,0,0,0,0},{0,0,0,0,0,0,0,0,0}}
]
00:38:13.116 [main] INFO  sudoku.model.SudokuBoard - Wartość 0 wstawiona nieprawidłowo
00:38:13.117 [main] INFO  sudoku.model.SudokuBoard - Bład w kwadracie 0
sudoku.model.SudokuBoard@36665c11[
  size=9
  solver=sudoku.model.BacktrackingSudokuSolver@7fc1fd31
  board={{2,4,7,3,5,6,8,9,1},{9,8,1,7,2,4,3,5,6},{3,5,6,8,9,1,7,2,4},{1,2,8,4,3,9,5,6,7},{4,6,9,5,7,8,1,3,2},{5,7,3,6,1,2,9,4,8},{6,9,4,1,8,3,2,7,5},{8,1,5,9,0,0,0,0,0},{0,0,0,0,0,0,0,0,0}}
]
00:38:13.117 [main] INFO  sudoku.model.SudokuBoard - Wartość 0 wstawiona nieprawidłowo
00:38:13.117 [main] INFO  sudoku.model.SudokuBoard - Bład w kwadracie 0
sudoku.model.SudokuBoard@36665c11[
  size=9
  solver=sudoku.model.BacktrackingSudokuSolver@7fc1fd31
  board={{2,4,7,3,5,6,8,9,1},{9,8,1,7,2,4,3,5,6},{3,5,6,8,9,1,7,2,4},{1,2,8,4,3,9,5,6,7},{4,6,9,5,7,8,1,3,2},{5,7,3,6,1,2,9,4,8},{6,9,4,1,8,3,2,7,5},{8,1,5,9,6,7,0,0,0},{0,0,0,0,0,0,0,0,0}}
]
00:38:13.117 [main] INFO  sudoku.model.SudokuBoard - Wartość 0 wstawiona nieprawidłowo
00:38:13.117 [main] INFO  sudoku.model.SudokuBoard - Bład w kwadracie 0
sudoku.model.SudokuBoard@36665c11[
  size=9
  solver=sudoku.model.BacktrackingSudokuSolver@7fc1fd31
  board={{2,4,7,3,5,6,8,9,1},{9,8,1,7,2,4,3,5,6},{3,5,6,8,9,1,7,2,4},{1,2,8,4,3,9,5,6,7},{4,6,9,5,7,8,1,3,2},{5,7,3,6,1,2,9,4,8},{6,9,4,1,8,3,2,7,5},{8,1,5,9,6,0,0,0,0},{0,0,0,0,0,0,0,0,0}}
]
00:38:13.117 [main] INFO  sudoku.model.SudokuBoard - Wartość 0 wstawiona nieprawidłowo
00:38:13.117 [main] INFO  sudoku.model.SudokuBoard - Bład w kwadracie 0
sudoku.model.SudokuBoard@36665c11[
  size=9
  solver=sudoku.model.BacktrackingSudokuSolver@7fc1fd31
  board={{2,4,7,3,5,6,8,9,1},{9,8,1,7,2,4,3,5,6},{3,5,6,8,9,1,7,2,4},{1,2,8,4,3,9,5,6,7},{4,6,9,5,7,8,1,3,2},{5,7,3,6,1,2,9,4,8},{6,9,4,1,8,3,2,7,5},{8,1,5,9,0,0,0,0,0},{0,0,0,0,0,0,0,0,0}}
]
00:38:13.117 [main] INFO  sudoku.model.SudokuBoard - Wartość 0 wstawiona nieprawidłowo
00:38:13.117 [main] INFO  sudoku.model.SudokuBoard - Bład w kwadracie 0
sudoku.model.SudokuBoard@36665c11[
  size=9
  solver=sudoku.model.BacktrackingSudokuSolver@7fc1fd31
  board={{2,4,7,3,5,6,8,9,1},{9,8,1,7,2,4,3,5,6},{3,5,6,8,9,1,7,2,4},{1,2,8,4,3,9,5,6,7},{4,6,9,5,7,8,1,3,2},{5,7,3,6,1,2,9,4,8},{6,9,4,1,8,3,2,7,5},{8,1,5,0,0,0,0,0,0},{0,0,0,0,0,0,0,0,0}}
]
00:38:13.118 [main] INFO  sudoku.model.SudokuBoard - Wartość 0 wstawiona nieprawidłowo
00:38:13.118 [main] INFO  sudoku.model.SudokuBoard - Bład w kwadracie 0
sudoku.model.SudokuBoard@36665c11[
  size=9
  solver=sudoku.model.BacktrackingSudokuSolver@7fc1fd31
  board={{2,4,7,3,5,6,8,9,1},{9,8,1,7,2,4,3,5,6},{3,5,6,8,9,1,7,2,4},{1,2,8,4,3,9,5,6,7},{4,6,9,5,7,8,1,3,2},{5,7,3,6,1,2,9,4,8},{6,9,4,1,8,3,2,7,5},{8,1,5,2,4,7,0,0,0},{0,0,0,0,0,0,0,0,0}}
]
00:38:13.118 [main] INFO  sudoku.model.SudokuBoard - Wartość 0 wstawiona nieprawidłowo
00:38:13.118 [main] INFO  sudoku.model.SudokuBoard - Bład w kwadracie 0
sudoku.model.SudokuBoard@36665c11[
  size=9
  solver=sudoku.model.BacktrackingSudokuSolver@7fc1fd31
  board={{2,4,7,3,5,6,8,9,1},{9,8,1,7,2,4,3,5,6},{3,5,6,8,9,1,7,2,4},{1,2,8,4,3,9,5,6,7},{4,6,9,5,7,8,1,3,2},{5,7,3,6,1,2,9,4,8},{6,9,4,1,8,3,2,7,5},{8,1,5,2,4,0,0,0,0},{0,0,0,0,0,0,0,0,0}}
]
00:38:13.118 [main] INFO  sudoku.model.SudokuBoard - Wartość 0 wstawiona nieprawidłowo
00:38:13.118 [main] INFO  sudoku.model.SudokuBoard - Bład w kwadracie 0
sudoku.model.SudokuBoard@36665c11[
  size=9
  solver=sudoku.model.BacktrackingSudokuSolver@7fc1fd31
  board={{2,4,7,3,5,6,8,9,1},{9,8,1,7,2,4,3,5,6},{3,5,6,8,9,1,7,2,4},{1,2,8,4,3,9,5,6,7},{4,6,9,5,7,8,1,3,2},{5,7,3,6,1,2,9,4,8},{6,9,4,1,8,3,2,7,5},{8,1,5,2,0,0,0,0,0},{0,0,0,0,0,0,0,0,0}}
]
00:38:13.118 [main] INFO  sudoku.model.SudokuBoard - Wartość 0 wstawiona nieprawidłowo
00:38:13.118 [main] INFO  sudoku.model.SudokuBoard - Bład w kwadracie 0
sudoku.model.SudokuBoard@36665c11[
  size=9
  solver=sudoku.model.BacktrackingSudokuSolver@7fc1fd31
  board={{2,4,7,3,5,6,8,9,1},{9,8,1,7,2,4,3,5,6},{3,5,6,8,9,1,7,2,4},{1,2,8,4,3,9,5,6,7},{4,6,9,5,7,8,1,3,2},{5,7,3,6,1,2,9,4,8},{6,9,4,1,8,3,2,7,5},{8,1,5,2,6,7,0,0,0},{0,0,0,0,0,0,0,0,0}}
]
00:38:13.118 [main] INFO  sudoku.model.SudokuBoard - Wartość 0 wstawiona nieprawidłowo
00:38:13.118 [main] INFO  sudoku.model.SudokuBoard - Bład w kwadracie 0
sudoku.model.SudokuBoard@36665c11[
  size=9
  solver=sudoku.model.BacktrackingSudokuSolver@7fc1fd31
  board={{2,4,7,3,5,6,8,9,1},{9,8,1,7,2,4,3,5,6},{3,5,6,8,9,1,7,2,4},{1,2,8,4,3,9,5,6,7},{4,6,9,5,7,8,1,3,2},{5,7,3,6,1,2,9,4,8},{6,9,4,1,8,3,2,7,5},{8,1,5,2,6,0,0,0,0},{0,0,0,0,0,0,0,0,0}}
]
00:38:13.119 [main] INFO  sudoku.model.SudokuBoard - Wartość 0 wstawiona nieprawidłowo
00:38:13.119 [main] INFO  sudoku.model.SudokuBoard - Bład w kwadracie 0
sudoku.model.SudokuBoard@36665c11[
  size=9
  solver=sudoku.model.BacktrackingSudokuSolver@7fc1fd31
  board={{2,4,7,3,5,6,8,9,1},{9,8,1,7,2,4,3,5,6},{3,5,6,8,9,1,7,2,4},{1,2,8,4,3,9,5,6,7},{4,6,9,5,7,8,1,3,2},{5,7,3,6,1,2,9,4,8},{6,9,4,1,8,3,2,7,5},{8,1,5,2,0,0,0,0,0},{0,0,0,0,0,0,0,0,0}}
]
00:38:13.119 [main] INFO  sudoku.model.SudokuBoard - Wartość 0 wstawiona nieprawidłowo
00:38:13.119 [main] INFO  sudoku.model.SudokuBoard - Bład w kwadracie 0
sudoku.model.SudokuBoard@36665c11[
  size=9
  solver=sudoku.model.BacktrackingSudokuSolver@7fc1fd31
  board={{2,4,7,3,5,6,8,9,1},{9,8,1,7,2,4,3,5,6},{3,5,6,8,9,1,7,2,4},{1,2,8,4,3,9,5,6,7},{4,6,9,5,7,8,1,3,2},{5,7,3,6,1,2,9,4,8},{6,9,4,1,8,3,2,7,5},{8,1,5,0,0,0,0,0,0},{0,0,0,0,0,0,0,0,0}}
]
00:38:13.119 [main] INFO  sudoku.model.SudokuBoard - Wartość 0 wstawiona nieprawidłowo
00:38:13.119 [main] INFO  sudoku.model.SudokuBoard - Bład w kwadracie 0
sudoku.model.SudokuBoard@36665c11[
  size=9
  solver=sudoku.model.BacktrackingSudokuSolver@7fc1fd31
  board={{2,4,7,3,5,6,8,9,1},{9,8,1,7,2,4,3,5,6},{3,5,6,8,9,1,7,2,4},{1,2,8,4,3,9,5,6,7},{4,6,9,5,7,8,1,3,2},{5,7,3,6,1,2,9,4,8},{6,9,4,1,8,3,2,7,5},{8,1,0,0,0,0,0,0,0},{0,0,0,0,0,0,0,0,0}}
]
00:38:13.119 [main] INFO  sudoku.model.SudokuBoard - Wartość 0 wstawiona nieprawidłowo
00:38:13.119 [main] INFO  sudoku.model.SudokuBoard - Bład w kwadracie 0
sudoku.model.SudokuBoard@36665c11[
  size=9
  solver=sudoku.model.BacktrackingSudokuSolver@7fc1fd31
  board={{2,4,7,3,5,6,8,9,1},{9,8,1,7,2,4,3,5,6},{3,5,6,8,9,1,7,2,4},{1,2,8,4,3,9,5,6,7},{4,6,9,5,7,8,1,3,2},{5,7,3,6,1,2,9,4,8},{6,9,4,1,8,3,2,7,5},{8,0,0,0,0,0,0,0,0},{0,0,0,0,0,0,0,0,0}}
]
00:38:13.119 [main] INFO  sudoku.model.SudokuBoard - Wartość 0 wstawiona nieprawidłowo
00:38:13.119 [main] INFO  sudoku.model.SudokuBoard - Bład w kwadracie 0
sudoku.model.SudokuBoard@36665c11[
  size=9
  solver=sudoku.model.BacktrackingSudokuSolver@7fc1fd31
  board={{2,4,7,3,5,6,8,9,1},{9,8,1,7,2,4,3,5,6},{3,5,6,8,9,1,7,2,4},{1,2,8,4,3,9,5,6,7},{4,6,9,5,7,8,1,3,2},{5,7,3,6,1,2,9,4,8},{6,9,4,1,8,3,2,7,5},{8,3,2,9,4,5,6,0,0},{0,0,0,0,0,0,0,0,0}}
]
00:38:13.119 [main] INFO  sudoku.model.SudokuBoard - Wartość 0 wstawiona nieprawidłowo
00:38:13.119 [main] INFO  sudoku.model.SudokuBoard - Bład w kwadracie 0
sudoku.model.SudokuBoard@36665c11[
  size=9
  solver=sudoku.model.BacktrackingSudokuSolver@7fc1fd31
  board={{2,4,7,3,5,6,8,9,1},{9,8,1,7,2,4,3,5,6},{3,5,6,8,9,1,7,2,4},{1,2,8,4,3,9,5,6,7},{4,6,9,5,7,8,1,3,2},{5,7,3,6,1,2,9,4,8},{6,9,4,1,8,3,2,7,5},{8,3,2,9,4,5,0,0,0},{0,0,0,0,0,0,0,0,0}}
]
00:38:13.120 [main] INFO  sudoku.model.SudokuBoard - Wartość 0 wstawiona nieprawidłowo
00:38:13.120 [main] INFO  sudoku.model.SudokuBoard - Bład w kwadracie 0
sudoku.model.SudokuBoard@36665c11[
  size=9
  solver=sudoku.model.BacktrackingSudokuSolver@7fc1fd31
  board={{2,4,7,3,5,6,8,9,1},{9,8,1,7,2,4,3,5,6},{3,5,6,8,9,1,7,2,4},{1,2,8,4,3,9,5,6,7},{4,6,9,5,7,8,1,3,2},{5,7,3,6,1,2,9,4,8},{6,9,4,1,8,3,2,7,5},{8,3,2,9,4,0,0,0,0},{0,0,0,0,0,0,0,0,0}}
]
00:38:13.120 [main] INFO  sudoku.model.SudokuBoard - Wartość 0 wstawiona nieprawidłowo
00:38:13.120 [main] INFO  sudoku.model.SudokuBoard - Bład w kwadracie 0
sudoku.model.SudokuBoard@36665c11[
  size=9
  solver=sudoku.model.BacktrackingSudokuSolver@7fc1fd31
  board={{2,4,7,3,5,6,8,9,1},{9,8,1,7,2,4,3,5,6},{3,5,6,8,9,1,7,2,4},{1,2,8,4,3,9,5,6,7},{4,6,9,5,7,8,1,3,2},{5,7,3,6,1,2,9,4,8},{6,9,4,1,8,3,2,7,5},{8,3,2,9,4,7,6,0,0},{0,0,0,0,0,0,0,0,0}}
]
00:38:13.120 [main] INFO  sudoku.model.SudokuBoard - Wartość 0 wstawiona nieprawidłowo
00:38:13.120 [main] INFO  sudoku.model.SudokuBoard - Bład w kwadracie 0
sudoku.model.SudokuBoard@36665c11[
  size=9
  solver=sudoku.model.BacktrackingSudokuSolver@7fc1fd31
  board={{2,4,7,3,5,6,8,9,1},{9,8,1,7,2,4,3,5,6},{3,5,6,8,9,1,7,2,4},{1,2,8,4,3,9,5,6,7},{4,6,9,5,7,8,1,3,2},{5,7,3,6,1,2,9,4,8},{6,9,4,1,8,3,2,7,5},{8,3,2,9,4,7,0,0,0},{0,0,0,0,0,0,0,0,0}}
]
00:38:13.120 [main] INFO  sudoku.model.SudokuBoard - Wartość 0 wstawiona nieprawidłowo
00:38:13.120 [main] INFO  sudoku.model.SudokuBoard - Bład w kwadracie 0
sudoku.model.SudokuBoard@36665c11[
  size=9
  solver=sudoku.model.BacktrackingSudokuSolver@7fc1fd31
  board={{2,4,7,3,5,6,8,9,1},{9,8,1,7,2,4,3,5,6},{3,5,6,8,9,1,7,2,4},{1,2,8,4,3,9,5,6,7},{4,6,9,5,7,8,1,3,2},{5,7,3,6,1,2,9,4,8},{6,9,4,1,8,3,2,7,5},{8,3,2,9,4,0,0,0,0},{0,0,0,0,0,0,0,0,0}}
]
00:38:13.120 [main] INFO  sudoku.model.SudokuBoard - Wartość 0 wstawiona nieprawidłowo
00:38:13.120 [main] INFO  sudoku.model.SudokuBoard - Bład w kwadracie 0
sudoku.model.SudokuBoard@36665c11[
  size=9
  solver=sudoku.model.BacktrackingSudokuSolver@7fc1fd31
  board={{2,4,7,3,5,6,8,9,1},{9,8,1,7,2,4,3,5,6},{3,5,6,8,9,1,7,2,4},{1,2,8,4,3,9,5,6,7},{4,6,9,5,7,8,1,3,2},{5,7,3,6,1,2,9,4,8},{6,9,4,1,8,3,2,7,5},{8,3,2,9,0,0,0,0,0},{0,0,0,0,0,0,0,0,0}}
]
00:38:13.120 [main] INFO  sudoku.model.SudokuBoard - Wartość 0 wstawiona nieprawidłowo
00:38:13.121 [main] INFO  sudoku.model.SudokuBoard - Bład w kwadracie 0
sudoku.model.SudokuBoard@36665c11[
  size=9
  solver=sudoku.model.BacktrackingSudokuSolver@7fc1fd31
  board={{2,4,7,3,5,6,8,9,1},{9,8,1,7,2,4,3,5,6},{3,5,6,8,9,1,7,2,4},{1,2,8,4,3,9,5,6,7},{4,6,9,5,7,8,1,3,2},{5,7,3,6,1,2,9,4,8},{6,9,4,1,8,3,2,7,5},{8,3,2,9,6,7,4,0,0},{0,0,0,0,0,0,0,0,0}}
]
00:38:13.121 [main] INFO  sudoku.model.SudokuBoard - Wartość 0 wstawiona nieprawidłowo
00:38:13.121 [main] INFO  sudoku.model.SudokuBoard - Bład w kwadracie 0
sudoku.model.SudokuBoard@36665c11[
  size=9
  solver=sudoku.model.BacktrackingSudokuSolver@7fc1fd31
  board={{2,4,7,3,5,6,8,9,1},{9,8,1,7,2,4,3,5,6},{3,5,6,8,9,1,7,2,4},{1,2,8,4,3,9,5,6,7},{4,6,9,5,7,8,1,3,2},{5,7,3,6,1,2,9,4,8},{6,9,4,1,8,3,2,7,5},{8,3,2,9,6,7,0,0,0},{0,0,0,0,0,0,0,0,0}}
]
00:38:13.121 [main] INFO  sudoku.model.SudokuBoard - Wartość 0 wstawiona nieprawidłowo
00:38:13.121 [main] INFO  sudoku.model.SudokuBoard - Bład w kwadracie 0
sudoku.model.SudokuBoard@36665c11[
  size=9
  solver=sudoku.model.BacktrackingSudokuSolver@7fc1fd31
  board={{2,4,7,3,5,6,8,9,1},{9,8,1,7,2,4,3,5,6},{3,5,6,8,9,1,7,2,4},{1,2,8,4,3,9,5,6,7},{4,6,9,5,7,8,1,3,2},{5,7,3,6,1,2,9,4,8},{6,9,4,1,8,3,2,7,5},{8,3,2,9,6,0,0,0,0},{0,0,0,0,0,0,0,0,0}}
]
00:38:13.121 [main] INFO  sudoku.model.SudokuBoard - Wartość 0 wstawiona nieprawidłowo
00:38:13.121 [main] INFO  sudoku.model.SudokuBoard - Bład w kwadracie 0
sudoku.model.SudokuBoard@36665c11[
  size=9
  solver=sudoku.model.BacktrackingSudokuSolver@7fc1fd31
  board={{2,4,7,3,5,6,8,9,1},{9,8,1,7,2,4,3,5,6},{3,5,6,8,9,1,7,2,4},{1,2,8,4,3,9,5,6,7},{4,6,9,5,7,8,1,3,2},{5,7,3,6,1,2,9,4,8},{6,9,4,1,8,3,2,7,5},{8,3,2,9,6,5,4,0,0},{0,0,0,0,0,0,0,0,0}}
]
00:38:13.121 [main] INFO  sudoku.model.SudokuBoard - Wartość 0 wstawiona nieprawidłowo
00:38:13.121 [main] INFO  sudoku.model.SudokuBoard - Bład w kwadracie 0
sudoku.model.SudokuBoard@36665c11[
  size=9
  solver=sudoku.model.BacktrackingSudokuSolver@7fc1fd31
  board={{2,4,7,3,5,6,8,9,1},{9,8,1,7,2,4,3,5,6},{3,5,6,8,9,1,7,2,4},{1,2,8,4,3,9,5,6,7},{4,6,9,5,7,8,1,3,2},{5,7,3,6,1,2,9,4,8},{6,9,4,1,8,3,2,7,5},{8,3,2,9,6,5,0,0,0},{0,0,0,0,0,0,0,0,0}}
]
00:38:13.121 [main] INFO  sudoku.model.SudokuBoard - Wartość 0 wstawiona nieprawidłowo
00:38:13.121 [main] INFO  sudoku.model.SudokuBoard - Bład w kwadracie 0
sudoku.model.SudokuBoard@36665c11[
  size=9
  solver=sudoku.model.BacktrackingSudokuSolver@7fc1fd31
  board={{2,4,7,3,5,6,8,9,1},{9,8,1,7,2,4,3,5,6},{3,5,6,8,9,1,7,2,4},{1,2,8,4,3,9,5,6,7},{4,6,9,5,7,8,1,3,2},{5,7,3,6,1,2,9,4,8},{6,9,4,1,8,3,2,7,5},{8,3,2,9,6,0,0,0,0},{0,0,0,0,0,0,0,0,0}}
]
00:38:13.121 [main] INFO  sudoku.model.SudokuBoard - Wartość 0 wstawiona nieprawidłowo
00:38:13.121 [main] INFO  sudoku.model.SudokuBoard - Bład w kwadracie 0
sudoku.model.SudokuBoard@36665c11[
  size=9
  solver=sudoku.model.BacktrackingSudokuSolver@7fc1fd31
  board={{2,4,7,3,5,6,8,9,1},{9,8,1,7,2,4,3,5,6},{3,5,6,8,9,1,7,2,4},{1,2,8,4,3,9,5,6,7},{4,6,9,5,7,8,1,3,2},{5,7,3,6,1,2,9,4,8},{6,9,4,1,8,3,2,7,5},{8,3,2,9,0,0,0,0,0},{0,0,0,0,0,0,0,0,0}}
]
00:38:13.122 [main] INFO  sudoku.model.SudokuBoard - Wartość 0 wstawiona nieprawidłowo
00:38:13.122 [main] INFO  sudoku.model.SudokuBoard - Bład w kwadracie 0
sudoku.model.SudokuBoard@36665c11[
  size=9
  solver=sudoku.model.BacktrackingSudokuSolver@7fc1fd31
  board={{2,4,7,3,5,6,8,9,1},{9,8,1,7,2,4,3,5,6},{3,5,6,8,9,1,7,2,4},{1,2,8,4,3,9,5,6,7},{4,6,9,5,7,8,1,3,2},{5,7,3,6,1,2,9,4,8},{6,9,4,1,8,3,2,7,5},{8,3,2,0,0,0,0,0,0},{0,0,0,0,0,0,0,0,0}}
]
00:38:13.122 [main] INFO  sudoku.model.SudokuBoard - Wartość 0 wstawiona nieprawidłowo
00:38:13.123 [main] INFO  sudoku.model.SudokuBoard - Bład w kwadracie 0
sudoku.model.SudokuBoard@36665c11[
  size=9
  solver=sudoku.model.BacktrackingSudokuSolver@7fc1fd31
  board={{2,4,7,3,5,6,8,9,1},{9,8,1,7,2,4,3,5,6},{3,5,6,8,9,1,7,2,4},{1,2,8,4,3,9,5,6,7},{4,6,9,5,7,8,1,3,2},{5,7,3,6,1,2,9,4,8},{6,9,4,1,8,3,2,7,5},{8,3,0,0,0,0,0,0,0},{0,0,0,0,0,0,0,0,0}}
]
00:38:13.123 [main] INFO  sudoku.model.SudokuBoard - Wartość 0 wstawiona nieprawidłowo
00:38:13.123 [main] INFO  sudoku.model.SudokuBoard - Bład w kwadracie 0
sudoku.model.SudokuBoard@36665c11[
  size=9
  solver=sudoku.model.BacktrackingSudokuSolver@7fc1fd31
  board={{2,4,7,3,5,6,8,9,1},{9,8,1,7,2,4,3,5,6},{3,5,6,8,9,1,7,2,4},{1,2,8,4,3,9,5,6,7},{4,6,9,5,7,8,1,3,2},{5,7,3,6,1,2,9,4,8},{6,9,4,1,8,3,2,7,5},{8,3,5,9,4,7,6,0,0},{0,0,0,0,0,0,0,0,0}}
]
00:38:13.123 [main] INFO  sudoku.model.SudokuBoard - Wartość 0 wstawiona nieprawidłowo
00:38:13.123 [main] INFO  sudoku.model.SudokuBoard - Bład w kwadracie 0
sudoku.model.SudokuBoard@36665c11[
  size=9
  solver=sudoku.model.BacktrackingSudokuSolver@7fc1fd31
  board={{2,4,7,3,5,6,8,9,1},{9,8,1,7,2,4,3,5,6},{3,5,6,8,9,1,7,2,4},{1,2,8,4,3,9,5,6,7},{4,6,9,5,7,8,1,3,2},{5,7,3,6,1,2,9,4,8},{6,9,4,1,8,3,2,7,5},{8,3,5,9,4,7,0,0,0},{0,0,0,0,0,0,0,0,0}}
]
00:38:13.123 [main] INFO  sudoku.model.SudokuBoard - Wartość 0 wstawiona nieprawidłowo
00:38:13.123 [main] INFO  sudoku.model.SudokuBoard - Bład w kwadracie 0
sudoku.model.SudokuBoard@36665c11[
  size=9
  solver=sudoku.model.BacktrackingSudokuSolver@7fc1fd31
  board={{2,4,7,3,5,6,8,9,1},{9,8,1,7,2,4,3,5,6},{3,5,6,8,9,1,7,2,4},{1,2,8,4,3,9,5,6,7},{4,6,9,5,7,8,1,3,2},{5,7,3,6,1,2,9,4,8},{6,9,4,1,8,3,2,7,5},{8,3,5,9,4,0,0,0,0},{0,0,0,0,0,0,0,0,0}}
]
00:38:13.123 [main] INFO  sudoku.model.SudokuBoard - Wartość 0 wstawiona nieprawidłowo
00:38:13.123 [main] INFO  sudoku.model.SudokuBoard - Bład w kwadracie 0
sudoku.model.SudokuBoard@36665c11[
  size=9
  solver=sudoku.model.BacktrackingSudokuSolver@7fc1fd31
  board={{2,4,7,3,5,6,8,9,1},{9,8,1,7,2,4,3,5,6},{3,5,6,8,9,1,7,2,4},{1,2,8,4,3,9,5,6,7},{4,6,9,5,7,8,1,3,2},{5,7,3,6,1,2,9,4,8},{6,9,4,1,8,3,2,7,5},{8,3,5,9,0,0,0,0,0},{0,0,0,0,0,0,0,0,0}}
]
00:38:13.123 [main] INFO  sudoku.model.SudokuBoard - Wartość 0 wstawiona nieprawidłowo
00:38:13.123 [main] INFO  sudoku.model.SudokuBoard - Bład w kwadracie 0
sudoku.model.SudokuBoard@36665c11[
  size=9
  solver=sudoku.model.BacktrackingSudokuSolver@7fc1fd31
  board={{2,4,7,3,5,6,8,9,1},{9,8,1,7,2,4,3,5,6},{3,5,6,8,9,1,7,2,4},{1,2,8,4,3,9,5,6,7},{4,6,9,5,7,8,1,3,2},{5,7,3,6,1,2,9,4,8},{6,9,4,1,8,3,2,7,5},{8,3,5,9,6,7,4,0,0},{0,0,0,0,0,0,0,0,0}}
]
00:38:13.123 [main] INFO  sudoku.model.SudokuBoard - Wartość 0 wstawiona nieprawidłowo
00:38:13.125 [main] INFO  sudoku.model.SudokuBoard - Bład w kwadracie 0
sudoku.model.SudokuBoard@36665c11[
  size=9
  solver=sudoku.model.BacktrackingSudokuSolver@7fc1fd31
  board={{2,4,7,3,5,6,8,9,1},{9,8,1,7,2,4,3,5,6},{3,5,6,8,9,1,7,2,4},{1,2,8,4,3,9,5,6,7},{4,6,9,5,7,8,1,3,2},{5,7,3,6,1,2,9,4,8},{6,9,4,1,8,3,2,7,5},{8,3,5,9,6,7,0,0,0},{0,0,0,0,0,0,0,0,0}}
]
00:38:13.125 [main] INFO  sudoku.model.SudokuBoard - Wartość 0 wstawiona nieprawidłowo
00:38:13.125 [main] INFO  sudoku.model.SudokuBoard - Bład w kwadracie 0
sudoku.model.SudokuBoard@36665c11[
  size=9
  solver=sudoku.model.BacktrackingSudokuSolver@7fc1fd31
  board={{2,4,7,3,5,6,8,9,1},{9,8,1,7,2,4,3,5,6},{3,5,6,8,9,1,7,2,4},{1,2,8,4,3,9,5,6,7},{4,6,9,5,7,8,1,3,2},{5,7,3,6,1,2,9,4,8},{6,9,4,1,8,3,2,7,5},{8,3,5,9,6,0,0,0,0},{0,0,0,0,0,0,0,0,0}}
]
00:38:13.125 [main] INFO  sudoku.model.SudokuBoard - Wartość 0 wstawiona nieprawidłowo
00:38:13.125 [main] INFO  sudoku.model.SudokuBoard - Bład w kwadracie 0
sudoku.model.SudokuBoard@36665c11[
  size=9
  solver=sudoku.model.BacktrackingSudokuSolver@7fc1fd31
  board={{2,4,7,3,5,6,8,9,1},{9,8,1,7,2,4,3,5,6},{3,5,6,8,9,1,7,2,4},{1,2,8,4,3,9,5,6,7},{4,6,9,5,7,8,1,3,2},{5,7,3,6,1,2,9,4,8},{6,9,4,1,8,3,2,7,5},{8,3,5,9,0,0,0,0,0},{0,0,0,0,0,0,0,0,0}}
]
00:38:13.125 [main] INFO  sudoku.model.SudokuBoard - Wartość 0 wstawiona nieprawidłowo
00:38:13.126 [main] INFO  sudoku.model.SudokuBoard - Bład w kwadracie 0
sudoku.model.SudokuBoard@36665c11[
  size=9
  solver=sudoku.model.BacktrackingSudokuSolver@7fc1fd31
  board={{2,4,7,3,5,6,8,9,1},{9,8,1,7,2,4,3,5,6},{3,5,6,8,9,1,7,2,4},{1,2,8,4,3,9,5,6,7},{4,6,9,5,7,8,1,3,2},{5,7,3,6,1,2,9,4,8},{6,9,4,1,8,3,2,7,5},{8,3,5,0,0,0,0,0,0},{0,0,0,0,0,0,0,0,0}}
]
00:38:13.126 [main] INFO  sudoku.model.SudokuBoard - Wartość 0 wstawiona nieprawidłowo
Tablice maja inny uklad liczb]]></system-out>
  </testcase>
  <testcase name="checkFillBoardTest" classname="sudoku.model.SudokuBoardTest" time="0.005">
    <system-out><![CDATA[00:38:13.129 [main] INFO  sudoku.model.SudokuBoard - Bład w kwadracie 0
sudoku.model.SudokuBoard@18cbc3c2[
  size=9
  solver=sudoku.model.BacktrackingSudokuSolver@1b25d695
  board={{8,2,9,1,3,4,5,6,7},{4,5,1,7,9,8,2,0,0},{0,0,0,0,0,0,0,0,0},{0,0,0,0,0,0,0,0,0},{0,0,0,0,0,0,0,0,0},{0,0,0,0,0,0,0,0,0},{0,0,0,0,0,0,0,0,0},{0,0,0,0,0,0,0,0,0},{0,0,0,0,0,0,0,0,0}}
]
00:38:13.129 [main] INFO  sudoku.model.SudokuBoard - Wartość 0 wstawiona nieprawidłowo
00:38:13.129 [main] INFO  sudoku.model.SudokuBoard - Bład w kwadracie 0
sudoku.model.SudokuBoard@18cbc3c2[
  size=9
  solver=sudoku.model.BacktrackingSudokuSolver@1b25d695
  board={{8,2,9,1,3,4,5,6,7},{4,5,1,7,9,8,0,0,0},{0,0,0,0,0,0,0,0,0},{0,0,0,0,0,0,0,0,0},{0,0,0,0,0,0,0,0,0},{0,0,0,0,0,0,0,0,0},{0,0,0,0,0,0,0,0,0},{0,0,0,0,0,0,0,0,0},{0,0,0,0,0,0,0,0,0}}
]
00:38:13.129 [main] INFO  sudoku.model.SudokuBoard - Wartość 0 wstawiona nieprawidłowo
00:38:13.130 [main] INFO  sudoku.model.SudokuBoard - Bład w kwadracie 0
sudoku.model.SudokuBoard@18cbc3c2[
  size=9
  solver=sudoku.model.BacktrackingSudokuSolver@1b25d695
  board={{8,2,9,1,3,4,5,6,7},{4,5,1,7,9,8,3,0,0},{0,0,0,0,0,0,0,0,0},{0,0,0,0,0,0,0,0,0},{0,0,0,0,0,0,0,0,0},{0,0,0,0,0,0,0,0,0},{0,0,0,0,0,0,0,0,0},{0,0,0,0,0,0,0,0,0},{0,0,0,0,0,0,0,0,0}}
]
00:38:13.130 [main] INFO  sudoku.model.SudokuBoard - Wartość 0 wstawiona nieprawidłowo
00:38:13.130 [main] INFO  sudoku.model.SudokuBoard - Bład w kwadracie 0
sudoku.model.SudokuBoard@18cbc3c2[
  size=9
  solver=sudoku.model.BacktrackingSudokuSolver@1b25d695
  board={{8,2,9,1,3,4,5,6,7},{4,5,1,7,9,8,0,0,0},{0,0,0,0,0,0,0,0,0},{0,0,0,0,0,0,0,0,0},{0,0,0,0,0,0,0,0,0},{0,0,0,0,0,0,0,0,0},{0,0,0,0,0,0,0,0,0},{0,0,0,0,0,0,0,0,0},{0,0,0,0,0,0,0,0,0}}
]
00:38:13.130 [main] INFO  sudoku.model.SudokuBoard - Wartość 0 wstawiona nieprawidłowo
00:38:13.130 [main] INFO  sudoku.model.SudokuBoard - Bład w kwadracie 0
sudoku.model.SudokuBoard@18cbc3c2[
  size=9
  solver=sudoku.model.BacktrackingSudokuSolver@1b25d695
  board={{8,2,9,1,3,4,5,6,7},{4,5,1,7,9,0,0,0,0},{0,0,0,0,0,0,0,0,0},{0,0,0,0,0,0,0,0,0},{0,0,0,0,0,0,0,0,0},{0,0,0,0,0,0,0,0,0},{0,0,0,0,0,0,0,0,0},{0,0,0,0,0,0,0,0,0},{0,0,0,0,0,0,0,0,0}}
]
00:38:13.130 [main] INFO  sudoku.model.SudokuBoard - Wartość 0 wstawiona nieprawidłowo
00:38:13.130 [main] INFO  sudoku.model.SudokuBoard - Bład w kwadracie 0
sudoku.model.SudokuBoard@18cbc3c2[
  size=9
  solver=sudoku.model.BacktrackingSudokuSolver@1b25d695
  board={{8,2,9,1,3,4,5,6,7},{4,5,1,7,9,2,3,0,0},{0,0,0,0,0,0,0,0,0},{0,0,0,0,0,0,0,0,0},{0,0,0,0,0,0,0,0,0},{0,0,0,0,0,0,0,0,0},{0,0,0,0,0,0,0,0,0},{0,0,0,0,0,0,0,0,0},{0,0,0,0,0,0,0,0,0}}
]
00:38:13.130 [main] INFO  sudoku.model.SudokuBoard - Wartość 0 wstawiona nieprawidłowo
00:38:13.130 [main] INFO  sudoku.model.SudokuBoard - Bład w kwadracie 0
sudoku.model.SudokuBoard@18cbc3c2[
  size=9
  solver=sudoku.model.BacktrackingSudokuSolver@1b25d695
  board={{8,2,9,1,3,4,5,6,7},{4,5,1,7,9,2,0,0,0},{0,0,0,0,0,0,0,0,0},{0,0,0,0,0,0,0,0,0},{0,0,0,0,0,0,0,0,0},{0,0,0,0,0,0,0,0,0},{0,0,0,0,0,0,0,0,0},{0,0,0,0,0,0,0,0,0},{0,0,0,0,0,0,0,0,0}}
]
00:38:13.130 [main] INFO  sudoku.model.SudokuBoard - Wartość 0 wstawiona nieprawidłowo
00:38:13.130 [main] INFO  sudoku.model.SudokuBoard - Bład w kwadracie 0
sudoku.model.SudokuBoard@18cbc3c2[
  size=9
  solver=sudoku.model.BacktrackingSudokuSolver@1b25d695
  board={{8,2,9,1,3,4,5,6,7},{4,5,1,7,9,2,8,0,0},{0,0,0,0,0,0,0,0,0},{0,0,0,0,0,0,0,0,0},{0,0,0,0,0,0,0,0,0},{0,0,0,0,0,0,0,0,0},{0,0,0,0,0,0,0,0,0},{0,0,0,0,0,0,0,0,0},{0,0,0,0,0,0,0,0,0}}
]
00:38:13.130 [main] INFO  sudoku.model.SudokuBoard - Wartość 0 wstawiona nieprawidłowo
00:38:13.130 [main] INFO  sudoku.model.SudokuBoard - Bład w kwadracie 0
sudoku.model.SudokuBoard@18cbc3c2[
  size=9
  solver=sudoku.model.BacktrackingSudokuSolver@1b25d695
  board={{8,2,9,1,3,4,5,6,7},{4,5,1,7,9,2,0,0,0},{0,0,0,0,0,0,0,0,0},{0,0,0,0,0,0,0,0,0},{0,0,0,0,0,0,0,0,0},{0,0,0,0,0,0,0,0,0},{0,0,0,0,0,0,0,0,0},{0,0,0,0,0,0,0,0,0},{0,0,0,0,0,0,0,0,0}}
]
00:38:13.130 [main] INFO  sudoku.model.SudokuBoard - Wartość 0 wstawiona nieprawidłowo
00:38:13.130 [main] INFO  sudoku.model.SudokuBoard - Bład w kwadracie 0
sudoku.model.SudokuBoard@18cbc3c2[
  size=9
  solver=sudoku.model.BacktrackingSudokuSolver@1b25d695
  board={{8,2,9,1,3,4,5,6,7},{4,5,1,7,9,0,0,0,0},{0,0,0,0,0,0,0,0,0},{0,0,0,0,0,0,0,0,0},{0,0,0,0,0,0,0,0,0},{0,0,0,0,0,0,0,0,0},{0,0,0,0,0,0,0,0,0},{0,0,0,0,0,0,0,0,0},{0,0,0,0,0,0,0,0,0}}
]
00:38:13.131 [main] INFO  sudoku.model.SudokuBoard - Wartość 0 wstawiona nieprawidłowo
00:38:13.131 [main] INFO  sudoku.model.SudokuBoard - Bład w kwadracie 0
sudoku.model.SudokuBoard@18cbc3c2[
  size=9
  solver=sudoku.model.BacktrackingSudokuSolver@1b25d695
  board={{8,2,9,1,3,4,5,6,7},{4,5,1,7,9,6,8,2,3},{6,3,7,5,8,2,4,9,1},{1,4,3,6,5,7,9,8,2},{5,9,2,8,1,3,6,7,4},{7,6,8,9,0,0,0,0,0},{0,0,0,0,0,0,0,0,0},{0,0,0,0,0,0,0,0,0},{0,0,0,0,0,0,0,0,0}}
]
00:38:13.131 [main] INFO  sudoku.model.SudokuBoard - Wartość 0 wstawiona nieprawidłowo
00:38:13.131 [main] INFO  sudoku.model.SudokuBoard - Bład w kwadracie 0
sudoku.model.SudokuBoard@18cbc3c2[
  size=9
  solver=sudoku.model.BacktrackingSudokuSolver@1b25d695
  board={{8,2,9,1,3,4,5,6,7},{4,5,1,7,9,6,8,2,3},{6,3,7,5,8,2,4,9,1},{1,4,3,6,5,7,9,8,2},{5,9,2,8,1,3,6,7,4},{7,6,8,9,0,0,0,0,0},{0,0,0,0,0,0,0,0,0},{0,0,0,0,0,0,0,0,0},{0,0,0,0,0,0,0,0,0}}
]
00:38:13.131 [main] INFO  sudoku.model.SudokuBoard - Wartość 0 wstawiona nieprawidłowo
00:38:13.131 [main] INFO  sudoku.model.SudokuBoard - Bład w kwadracie 0
sudoku.model.SudokuBoard@18cbc3c2[
  size=9
  solver=sudoku.model.BacktrackingSudokuSolver@1b25d695
  board={{8,2,9,1,3,4,5,6,7},{4,5,1,7,9,6,8,2,3},{6,3,7,5,8,2,4,9,1},{1,4,3,6,5,7,9,8,2},{5,9,2,8,1,3,6,7,4},{7,6,8,0,0,0,0,0,0},{0,0,0,0,0,0,0,0,0},{0,0,0,0,0,0,0,0,0},{0,0,0,0,0,0,0,0,0}}
]
00:38:13.131 [main] INFO  sudoku.model.SudokuBoard - Wartość 0 wstawiona nieprawidłowo
00:38:13.131 [main] INFO  sudoku.model.SudokuBoard - Bład w kwadracie 0
sudoku.model.SudokuBoard@18cbc3c2[
  size=9
  solver=sudoku.model.BacktrackingSudokuSolver@1b25d695
  board={{8,2,9,1,3,4,5,6,7},{4,5,1,7,9,6,8,2,3},{6,3,7,5,8,2,4,9,1},{1,4,3,6,5,7,9,8,2},{5,9,2,8,1,3,6,7,4},{7,6,8,2,4,9,1,3,5},{2,1,4,9,7,5,0,0,0},{0,0,0,0,0,0,0,0,0},{0,0,0,0,0,0,0,0,0}}
]
00:38:13.132 [main] INFO  sudoku.model.SudokuBoard - Wartość 0 wstawiona nieprawidłowo
00:38:13.132 [main] INFO  sudoku.model.SudokuBoard - Bład w kwadracie 0
sudoku.model.SudokuBoard@18cbc3c2[
  size=9
  solver=sudoku.model.BacktrackingSudokuSolver@1b25d695
  board={{8,2,9,1,3,4,5,6,7},{4,5,1,7,9,6,8,2,3},{6,3,7,5,8,2,4,9,1},{1,4,3,6,5,7,9,8,2},{5,9,2,8,1,3,6,7,4},{7,6,8,2,4,9,1,3,5},{2,1,4,9,7,0,0,0,0},{0,0,0,0,0,0,0,0,0},{0,0,0,0,0,0,0,0,0}}
]
00:38:13.132 [main] INFO  sudoku.model.SudokuBoard - Wartość 0 wstawiona nieprawidłowo
Nie wykryto bledu]]></system-out>
  </testcase>
  <testcase name="checkBoardTestBoxFalse" classname="sudoku.model.SudokuBoardTest" time="0.02">
    <system-out><![CDATA[00:38:13.137 [main] INFO  sudoku.model.SudokuBoard - Bład w kwadracie 0
sudoku.model.SudokuBoard@3f45dfec[
  size=9
  solver=sudoku.model.BacktrackingSudokuSolver@7c69e1e1
  board={{6,2,7,5,8,9,3,4,1},{9,3,8,7,4,1,2,6,5},{4,1,5,2,3,6,7,8,9},{8,7,6,4,1,2,9,5,3},{1,9,2,8,5,7,0,0,0},{0,0,0,0,0,0,0,0,0},{0,0,0,0,0,0,0,0,0},{0,0,0,0,0,0,0,0,0},{0,0,0,0,0,0,0,0,0}}
]
00:38:13.138 [main] INFO  sudoku.model.SudokuBoard - Wartość 0 wstawiona nieprawidłowo
00:38:13.138 [main] INFO  sudoku.model.SudokuBoard - Bład w kwadracie 0
sudoku.model.SudokuBoard@3f45dfec[
  size=9
  solver=sudoku.model.BacktrackingSudokuSolver@7c69e1e1
  board={{6,2,7,5,8,9,3,4,1},{9,3,8,7,4,1,2,6,5},{4,1,5,2,3,6,7,8,9},{8,7,6,4,1,2,9,5,3},{1,9,2,8,5,7,0,0,0},{0,0,0,0,0,0,0,0,0},{0,0,0,0,0,0,0,0,0},{0,0,0,0,0,0,0,0,0},{0,0,0,0,0,0,0,0,0}}
]
00:38:13.138 [main] INFO  sudoku.model.SudokuBoard - Wartość 0 wstawiona nieprawidłowo
00:38:13.138 [main] INFO  sudoku.model.SudokuBoard - Bład w kwadracie 0
sudoku.model.SudokuBoard@3f45dfec[
  size=9
  solver=sudoku.model.BacktrackingSudokuSolver@7c69e1e1
  board={{6,2,7,5,8,9,3,4,1},{9,3,8,7,4,1,2,6,5},{4,1,5,2,3,6,7,8,9},{8,7,6,4,1,2,9,5,3},{1,9,2,8,5,0,0,0,0},{0,0,0,0,0,0,0,0,0},{0,0,0,0,0,0,0,0,0},{0,0,0,0,0,0,0,0,0},{0,0,0,0,0,0,0,0,0}}
]
00:38:13.138 [main] INFO  sudoku.model.SudokuBoard - Wartość 0 wstawiona nieprawidłowo
00:38:13.142 [main] INFO  sudoku.model.SudokuBoard - Bład w kwadracie 0
sudoku.model.SudokuBoard@3f45dfec[
  size=9
  solver=sudoku.model.BacktrackingSudokuSolver@7c69e1e1
  board={{6,2,7,5,8,9,3,4,1},{9,3,8,7,4,1,2,6,5},{4,1,5,2,3,6,7,8,9},{8,7,6,4,1,2,9,5,3},{1,9,2,8,5,3,4,7,6},{3,5,4,6,9,7,8,1,2},{7,4,9,1,6,0,0,0,0},{0,0,0,0,0,0,0,0,0},{0,0,0,0,0,0,0,0,0}}
]
00:38:13.142 [main] INFO  sudoku.model.SudokuBoard - Wartość 0 wstawiona nieprawidłowo
00:38:13.142 [main] INFO  sudoku.model.SudokuBoard - Bład w kwadracie 0
sudoku.model.SudokuBoard@3f45dfec[
  size=9
  solver=sudoku.model.BacktrackingSudokuSolver@7c69e1e1
  board={{6,2,7,5,8,9,3,4,1},{9,3,8,7,4,1,2,6,5},{4,1,5,2,3,6,7,8,9},{8,7,6,4,1,2,9,5,3},{1,9,2,8,5,3,4,7,6},{3,5,4,6,9,7,8,1,2},{7,4,9,1,6,8,5,0,0},{0,0,0,0,0,0,0,0,0},{0,0,0,0,0,0,0,0,0}}
]
00:38:13.142 [main] INFO  sudoku.model.SudokuBoard - Wartość 0 wstawiona nieprawidłowo
00:38:13.142 [main] INFO  sudoku.model.SudokuBoard - Bład w kwadracie 0
sudoku.model.SudokuBoard@3f45dfec[
  size=9
  solver=sudoku.model.BacktrackingSudokuSolver@7c69e1e1
  board={{6,2,7,5,8,9,3,4,1},{9,3,8,7,4,1,2,6,5},{4,1,5,2,3,6,7,8,9},{8,7,6,4,1,2,9,5,3},{1,9,2,8,5,3,4,7,6},{3,5,4,6,9,7,8,1,2},{7,4,9,1,6,8,5,0,0},{0,0,0,0,0,0,0,0,0},{0,0,0,0,0,0,0,0,0}}
]
00:38:13.142 [main] INFO  sudoku.model.SudokuBoard - Wartość 0 wstawiona nieprawidłowo
00:38:13.142 [main] INFO  sudoku.model.SudokuBoard - Bład w kwadracie 0
sudoku.model.SudokuBoard@3f45dfec[
  size=9
  solver=sudoku.model.BacktrackingSudokuSolver@7c69e1e1
  board={{6,2,7,5,8,9,3,4,1},{9,3,8,7,4,1,2,6,5},{4,1,5,2,3,6,7,8,9},{8,7,6,4,1,2,9,5,3},{1,9,2,8,5,3,4,7,6},{3,5,4,6,9,7,8,1,2},{7,4,9,1,6,8,0,0,0},{0,0,0,0,0,0,0,0,0},{0,0,0,0,0,0,0,0,0}}
]
00:38:13.142 [main] INFO  sudoku.model.SudokuBoard - Wartość 0 wstawiona nieprawidłowo
00:38:13.143 [main] INFO  sudoku.model.SudokuBoard - Bład w kwadracie 0
sudoku.model.SudokuBoard@3f45dfec[
  size=9
  solver=sudoku.model.BacktrackingSudokuSolver@7c69e1e1
  board={{6,2,7,5,8,9,3,4,1},{9,3,8,7,4,1,2,6,5},{4,1,5,2,3,6,7,8,9},{8,7,6,4,1,2,9,5,3},{1,9,2,8,5,3,4,7,6},{3,5,4,6,9,7,8,1,2},{7,4,9,1,6,0,0,0,0},{0,0,0,0,0,0,0,0,0},{0,0,0,0,0,0,0,0,0}}
]
00:38:13.143 [main] INFO  sudoku.model.SudokuBoard - Wartość 0 wstawiona nieprawidłowo
00:38:13.148 [main] INFO  sudoku.model.SudokuBoard - Bład w kwadracie 0
sudoku.model.SudokuBoard@3f45dfec[
  size=9
  solver=sudoku.model.BacktrackingSudokuSolver@7c69e1e1
  board={{6,2,7,5,8,9,3,4,1},{9,3,8,7,4,1,2,6,5},{4,1,5,2,3,6,7,8,9},{8,7,6,4,1,2,9,5,3},{1,9,2,8,5,3,4,7,6},{3,5,4,6,9,7,8,1,2},{7,4,9,1,0,0,0,0,0},{0,0,0,0,0,0,0,0,0},{0,0,0,0,0,0,0,0,0}}
]
00:38:13.151 [main] INFO  sudoku.model.SudokuBoard - Wartość 0 wstawiona nieprawidłowo
00:38:13.151 [main] INFO  sudoku.model.SudokuBoard - Bład w kwadracie 0
sudoku.model.SudokuBoard@3f45dfec[
  size=9
  solver=sudoku.model.BacktrackingSudokuSolver@7c69e1e1
  board={{6,2,7,5,8,9,3,4,1},{9,3,8,7,4,1,2,6,5},{4,1,5,2,3,6,7,8,9},{8,7,6,4,1,2,9,5,3},{1,9,2,8,5,3,4,7,6},{3,5,4,6,9,7,8,1,2},{7,4,9,1,2,5,6,3,8},{2,8,1,9,6,4,0,0,0},{0,0,0,0,0,0,0,0,0}}
]
00:38:13.151 [main] INFO  sudoku.model.SudokuBoard - Wartość 0 wstawiona nieprawidłowo
00:38:13.151 [main] INFO  sudoku.model.SudokuBoard - Bład w kwadracie 0
sudoku.model.SudokuBoard@3f45dfec[
  size=9
  solver=sudoku.model.BacktrackingSudokuSolver@7c69e1e1
  board={{6,2,7,5,8,9,3,4,1},{9,3,8,7,4,1,2,6,5},{4,1,5,2,3,6,7,8,9},{8,7,6,4,1,2,9,5,3},{1,9,2,8,5,3,4,7,6},{3,5,4,6,9,7,8,1,2},{7,4,9,1,2,5,6,3,8},{2,8,1,9,6,0,0,0,0},{0,0,0,0,0,0,0,0,0}}
]
00:38:13.151 [main] INFO  sudoku.model.SudokuBoard - Wartość 0 wstawiona nieprawidłowo
00:38:13.152 [main] INFO  sudoku.model.SudokuBoard - Bład w kwadracie 0
sudoku.model.SudokuBoard@3f45dfec[
  size=9
  solver=sudoku.model.BacktrackingSudokuSolver@7c69e1e1
  board={{6,2,7,5,8,9,3,4,1},{9,3,8,7,4,1,2,6,5},{4,1,5,2,3,6,7,8,9},{8,7,6,4,1,2,9,5,3},{1,9,2,8,5,3,4,7,6},{3,5,4,6,9,7,8,1,2},{7,4,9,1,2,5,6,3,8},{2,8,1,9,0,0,0,0,0},{0,0,0,0,0,0,0,0,0}}
]
00:38:13.152 [main] INFO  sudoku.model.SudokuBoard - Wartość 0 wstawiona nieprawidłowo
00:38:13.152 [main] INFO  sudoku.model.SudokuBoard - Bład w kwadracie 0
sudoku.model.SudokuBoard@3f45dfec[
  size=9
  solver=sudoku.model.BacktrackingSudokuSolver@7c69e1e1
  board={{6,2,7,5,8,9,3,4,1},{9,3,8,7,4,1,2,6,5},{4,1,5,2,3,6,7,8,9},{8,7,6,4,1,2,9,5,3},{1,9,2,8,5,3,4,7,6},{3,5,4,6,9,7,8,1,2},{7,4,9,1,2,5,6,3,8},{2,8,1,9,7,4,0,0,0},{0,0,0,0,0,0,0,0,0}}
]
00:38:13.152 [main] INFO  sudoku.model.SudokuBoard - Wartość 0 wstawiona nieprawidłowo
00:38:13.153 [main] INFO  sudoku.model.SudokuBoard - Bład w kwadracie 0
sudoku.model.SudokuBoard@3f45dfec[
  size=9
  solver=sudoku.model.BacktrackingSudokuSolver@7c69e1e1
  board={{6,2,7,5,8,9,3,4,1},{9,3,8,7,4,1,2,6,5},{4,1,5,2,3,6,7,8,9},{8,7,6,4,1,2,9,5,3},{1,9,2,8,5,3,4,7,6},{3,5,4,6,9,7,8,1,2},{7,4,9,1,2,5,6,3,8},{2,8,1,9,7,0,0,0,0},{0,0,0,0,0,0,0,0,0}}
]
00:38:13.153 [main] INFO  sudoku.model.SudokuBoard - Wartość 0 wstawiona nieprawidłowo
00:38:13.153 [main] INFO  sudoku.model.SudokuBoard - Bład w kwadracie 0
sudoku.model.SudokuBoard@3f45dfec[
  size=9
  solver=sudoku.model.BacktrackingSudokuSolver@7c69e1e1
  board={{6,2,7,5,8,9,3,4,1},{9,3,8,7,4,1,2,6,5},{4,1,5,2,3,6,7,8,9},{8,7,6,4,1,2,9,5,3},{1,9,2,8,5,3,4,7,6},{3,5,4,6,9,7,8,1,2},{7,4,9,1,2,5,6,3,8},{2,8,1,9,0,0,0,0,0},{0,0,0,0,0,0,0,0,0}}
]
00:38:13.153 [main] INFO  sudoku.model.SudokuBoard - Wartość 0 wstawiona nieprawidłowo
00:38:13.153 [main] INFO  sudoku.model.SudokuBoard - Bład w kwadracie 0
sudoku.model.SudokuBoard@3f45dfec[
  size=9
  solver=sudoku.model.BacktrackingSudokuSolver@7c69e1e1
  board={{6,2,7,5,8,9,3,4,1},{9,3,8,7,4,1,2,6,5},{4,1,5,2,3,6,7,8,9},{8,7,6,4,1,2,9,5,3},{1,9,2,8,5,3,4,7,6},{3,5,4,6,9,7,8,1,2},{7,4,9,1,2,5,6,3,8},{2,8,1,0,0,0,0,0,0},{0,0,0,0,0,0,0,0,0}}
]
00:38:13.153 [main] INFO  sudoku.model.SudokuBoard - Wartość 0 wstawiona nieprawidłowo
00:38:13.154 [main] INFO  sudoku.model.SudokuBoard - Bład w kwadracie 0
sudoku.model.SudokuBoard@3f45dfec[
  size=9
  solver=sudoku.model.BacktrackingSudokuSolver@7c69e1e1
  board={{6,2,7,5,8,9,3,4,1},{9,6,8,7,4,1,2,6,5},{4,1,5,2,3,6,7,8,9},{8,7,6,4,1,2,9,5,3},{1,9,2,8,5,3,4,7,6},{3,5,4,6,9,7,8,1,2},{7,4,9,1,2,5,6,3,8},{2,8,1,3,6,4,5,9,7},{5,6,3,9,7,8,1,2,4}}
]
00:38:13.154 [main] INFO  sudoku.model.SudokuBoard - Wartość 6 wstawiona nieprawidłowo
00:38:13.154 [main] INFO  sudoku.model.SudokuBoard - Bład w kwadracie 0
sudoku.model.SudokuBoard@45f1413c[
  size=9
  solver=sudoku.model.BacktrackingSudokuSolver@7c69e1e1
  board={{6,2,7,5,8,9,3,4,1},{9,6,8,7,4,1,2,6,5},{4,1,5,2,3,6,7,8,9},{8,7,6,4,1,2,9,5,3},{1,9,2,8,5,3,4,7,6},{3,5,4,6,9,7,8,1,2},{7,4,9,1,2,5,6,3,8},{2,8,1,3,6,4,5,9,7},{5,6,3,9,7,8,1,2,4}}
]
]]></system-out>
  </testcase>
  <testcase name="checkCellBox1" classname="sudoku.model.SudokuBoardTest" time="0.094">
    <system-out><![CDATA[00:38:13.165 [main] INFO  sudoku.model.SudokuBoard - Bład w kwadracie 0
sudoku.model.SudokuBoard@186295cc[
  size=9
  solver=sudoku.model.BacktrackingSudokuSolver@4e85dcb2
  board={{7,8,5,2,1,9,4,3,6},{1,6,3,4,5,7,8,2,9},{4,9,2,3,6,8,7,1,5},{6,7,4,5,3,1,2,0,0},{0,0,0,0,0,0,0,0,0},{0,0,0,0,0,0,0,0,0},{0,0,0,0,0,0,0,0,0},{0,0,0,0,0,0,0,0,0},{0,0,0,0,0,0,0,0,0}}
]
00:38:13.165 [main] INFO  sudoku.model.SudokuBoard - Wartość 0 wstawiona nieprawidłowo
00:38:13.165 [main] INFO  sudoku.model.SudokuBoard - Bład w kwadracie 0
sudoku.model.SudokuBoard@186295cc[
  size=9
  solver=sudoku.model.BacktrackingSudokuSolver@4e85dcb2
  board={{7,8,5,2,1,9,4,3,6},{1,6,3,4,5,7,8,2,9},{4,9,2,3,6,8,7,1,5},{6,7,4,5,3,1,2,9,8},{8,1,9,6,7,2,3,0,0},{0,0,0,0,0,0,0,0,0},{0,0,0,0,0,0,0,0,0},{0,0,0,0,0,0,0,0,0},{0,0,0,0,0,0,0,0,0}}
]
00:38:13.165 [main] INFO  sudoku.model.SudokuBoard - Wartość 0 wstawiona nieprawidłowo
00:38:13.166 [main] INFO  sudoku.model.SudokuBoard - Bład w kwadracie 0
sudoku.model.SudokuBoard@186295cc[
  size=9
  solver=sudoku.model.BacktrackingSudokuSolver@4e85dcb2
  board={{7,8,5,2,1,9,4,3,6},{1,6,3,4,5,7,8,2,9},{4,9,2,3,6,8,7,1,5},{6,7,4,5,3,1,2,9,8},{8,1,9,6,7,2,3,5,4},{5,0,0,0,0,0,0,0,0},{0,0,0,0,0,0,0,0,0},{0,0,0,0,0,0,0,0,0},{0,0,0,0,0,0,0,0,0}}
]
00:38:13.166 [main] INFO  sudoku.model.SudokuBoard - Wartość 0 wstawiona nieprawidłowo
00:38:13.166 [main] INFO  sudoku.model.SudokuBoard - Bład w kwadracie 0
sudoku.model.SudokuBoard@186295cc[
  size=9
  solver=sudoku.model.BacktrackingSudokuSolver@4e85dcb2
  board={{7,8,5,2,1,9,4,3,6},{1,6,3,4,5,7,8,2,9},{4,9,2,3,6,8,7,1,5},{6,7,4,5,3,1,2,9,8},{8,1,9,6,7,2,3,5,4},{5,0,0,0,0,0,0,0,0},{0,0,0,0,0,0,0,0,0},{0,0,0,0,0,0,0,0,0},{0,0,0,0,0,0,0,0,0}}
]
00:38:13.166 [main] INFO  sudoku.model.SudokuBoard - Wartość 0 wstawiona nieprawidłowo
00:38:13.167 [main] INFO  sudoku.model.SudokuBoard - Bład w kwadracie 0
sudoku.model.SudokuBoard@186295cc[
  size=9
  solver=sudoku.model.BacktrackingSudokuSolver@4e85dcb2
  board={{7,8,5,2,1,9,4,3,6},{1,6,3,4,5,7,8,2,9},{4,9,2,3,6,8,7,1,5},{6,7,4,5,3,1,2,9,8},{8,1,9,6,7,2,3,5,4},{0,0,0,0,0,0,0,0,0},{0,0,0,0,0,0,0,0,0},{0,0,0,0,0,0,0,0,0},{0,0,0,0,0,0,0,0,0}}
]
00:38:13.167 [main] INFO  sudoku.model.SudokuBoard - Wartość 0 wstawiona nieprawidłowo
00:38:13.167 [main] INFO  sudoku.model.SudokuBoard - Bład w kwadracie 0
sudoku.model.SudokuBoard@186295cc[
  size=9
  solver=sudoku.model.BacktrackingSudokuSolver@4e85dcb2
  board={{7,8,5,2,1,9,4,3,6},{1,6,3,4,5,7,8,2,9},{4,9,2,3,6,8,7,1,5},{6,7,4,5,3,1,2,9,8},{8,1,9,6,7,2,3,5,4},{2,0,0,0,0,0,0,0,0},{0,0,0,0,0,0,0,0,0},{0,0,0,0,0,0,0,0,0},{0,0,0,0,0,0,0,0,0}}
]
00:38:13.167 [main] INFO  sudoku.model.SudokuBoard - Wartość 0 wstawiona nieprawidłowo
00:38:13.167 [main] INFO  sudoku.model.SudokuBoard - Bład w kwadracie 0
sudoku.model.SudokuBoard@186295cc[
  size=9
  solver=sudoku.model.BacktrackingSudokuSolver@4e85dcb2
  board={{7,8,5,2,1,9,4,3,6},{1,6,3,4,5,7,8,2,9},{4,9,2,3,6,8,7,1,5},{6,7,4,5,3,1,2,9,8},{8,1,9,6,7,2,3,5,4},{2,0,0,0,0,0,0,0,0},{0,0,0,0,0,0,0,0,0},{0,0,0,0,0,0,0,0,0},{0,0,0,0,0,0,0,0,0}}
]
00:38:13.167 [main] INFO  sudoku.model.SudokuBoard - Wartość 0 wstawiona nieprawidłowo
00:38:13.168 [main] INFO  sudoku.model.SudokuBoard - Bład w kwadracie 0
sudoku.model.SudokuBoard@186295cc[
  size=9
  solver=sudoku.model.BacktrackingSudokuSolver@4e85dcb2
  board={{7,8,5,2,1,9,4,3,6},{1,6,3,4,5,7,8,2,9},{4,9,2,3,6,8,7,1,5},{6,7,4,5,3,1,2,9,8},{8,1,9,6,7,2,3,5,4},{0,0,0,0,0,0,0,0,0},{0,0,0,0,0,0,0,0,0},{0,0,0,0,0,0,0,0,0},{0,0,0,0,0,0,0,0,0}}
]
00:38:13.168 [main] INFO  sudoku.model.SudokuBoard - Wartość 0 wstawiona nieprawidłowo
00:38:13.168 [main] INFO  sudoku.model.SudokuBoard - Bład w kwadracie 0
sudoku.model.SudokuBoard@186295cc[
  size=9
  solver=sudoku.model.BacktrackingSudokuSolver@4e85dcb2
  board={{7,8,5,2,1,9,4,3,6},{1,6,3,4,5,7,8,2,9},{4,9,2,3,6,8,7,1,5},{6,7,4,5,3,1,2,9,8},{8,1,9,6,7,2,3,5,4},{3,0,0,0,0,0,0,0,0},{0,0,0,0,0,0,0,0,0},{0,0,0,0,0,0,0,0,0},{0,0,0,0,0,0,0,0,0}}
]
00:38:13.170 [main] INFO  sudoku.model.SudokuBoard - Wartość 0 wstawiona nieprawidłowo
00:38:13.170 [main] INFO  sudoku.model.SudokuBoard - Bład w kwadracie 0
sudoku.model.SudokuBoard@186295cc[
  size=9
  solver=sudoku.model.BacktrackingSudokuSolver@4e85dcb2
  board={{7,8,5,2,1,9,4,3,6},{1,6,3,4,5,7,8,2,9},{4,9,2,3,6,8,7,1,5},{6,7,4,5,3,1,2,9,8},{8,1,9,6,7,2,3,5,4},{3,0,0,0,0,0,0,0,0},{0,0,0,0,0,0,0,0,0},{0,0,0,0,0,0,0,0,0},{0,0,0,0,0,0,0,0,0}}
]
00:38:13.170 [main] INFO  sudoku.model.SudokuBoard - Wartość 0 wstawiona nieprawidłowo
00:38:13.170 [main] INFO  sudoku.model.SudokuBoard - Bład w kwadracie 0
sudoku.model.SudokuBoard@186295cc[
  size=9
  solver=sudoku.model.BacktrackingSudokuSolver@4e85dcb2
  board={{7,8,5,2,1,9,4,3,6},{1,6,3,4,5,7,8,2,9},{4,9,2,3,6,8,7,1,5},{6,7,4,5,3,1,2,9,8},{8,1,9,6,7,2,3,5,4},{0,0,0,0,0,0,0,0,0},{0,0,0,0,0,0,0,0,0},{0,0,0,0,0,0,0,0,0},{0,0,0,0,0,0,0,0,0}}
]
00:38:13.170 [main] INFO  sudoku.model.SudokuBoard - Wartość 0 wstawiona nieprawidłowo
00:38:13.170 [main] INFO  sudoku.model.SudokuBoard - Bład w kwadracie 0
sudoku.model.SudokuBoard@186295cc[
  size=9
  solver=sudoku.model.BacktrackingSudokuSolver@4e85dcb2
  board={{7,8,5,2,1,9,4,3,6},{1,6,3,4,5,7,8,2,9},{4,9,2,3,6,8,7,1,5},{6,7,4,5,3,1,2,9,8},{8,1,9,6,7,2,3,5,0},{0,0,0,0,0,0,0,0,0},{0,0,0,0,0,0,0,0,0},{0,0,0,0,0,0,0,0,0},{0,0,0,0,0,0,0,0,0}}
]
00:38:13.170 [main] INFO  sudoku.model.SudokuBoard - Wartość 0 wstawiona nieprawidłowo
00:38:13.171 [main] INFO  sudoku.model.SudokuBoard - Bład w kwadracie 0
sudoku.model.SudokuBoard@186295cc[
  size=9
  solver=sudoku.model.BacktrackingSudokuSolver@4e85dcb2
  board={{7,8,5,2,1,9,4,3,6},{1,6,3,4,5,7,8,2,9},{4,9,2,3,6,8,7,1,5},{6,7,4,5,3,1,2,9,8},{8,1,9,6,7,2,3,0,0},{0,0,0,0,0,0,0,0,0},{0,0,0,0,0,0,0,0,0},{0,0,0,0,0,0,0,0,0},{0,0,0,0,0,0,0,0,0}}
]
00:38:13.171 [main] INFO  sudoku.model.SudokuBoard - Wartość 0 wstawiona nieprawidłowo
00:38:13.171 [main] INFO  sudoku.model.SudokuBoard - Bład w kwadracie 0
sudoku.model.SudokuBoard@186295cc[
  size=9
  solver=sudoku.model.BacktrackingSudokuSolver@4e85dcb2
  board={{7,8,5,2,1,9,4,3,6},{1,6,3,4,5,7,8,2,9},{4,9,2,3,6,8,7,1,5},{6,7,4,5,3,1,2,9,8},{8,1,9,6,7,2,0,0,0},{0,0,0,0,0,0,0,0,0},{0,0,0,0,0,0,0,0,0},{0,0,0,0,0,0,0,0,0},{0,0,0,0,0,0,0,0,0}}
]
00:38:13.172 [main] INFO  sudoku.model.SudokuBoard - Wartość 0 wstawiona nieprawidłowo
00:38:13.172 [main] INFO  sudoku.model.SudokuBoard - Bład w kwadracie 0
sudoku.model.SudokuBoard@186295cc[
  size=9
  solver=sudoku.model.BacktrackingSudokuSolver@4e85dcb2
  board={{7,8,5,2,1,9,4,3,6},{1,6,3,4,5,7,8,2,9},{4,9,2,3,6,8,7,1,5},{6,7,4,5,3,1,2,9,8},{8,1,9,6,7,2,5,4,3},{2,0,0,0,0,0,0,0,0},{0,0,0,0,0,0,0,0,0},{0,0,0,0,0,0,0,0,0},{0,0,0,0,0,0,0,0,0}}
]
00:38:13.172 [main] INFO  sudoku.model.SudokuBoard - Wartość 0 wstawiona nieprawidłowo
00:38:13.172 [main] INFO  sudoku.model.SudokuBoard - Bład w kwadracie 0
sudoku.model.SudokuBoard@186295cc[
  size=9
  solver=sudoku.model.BacktrackingSudokuSolver@4e85dcb2
  board={{7,8,5,2,1,9,4,3,6},{1,6,3,4,5,7,8,2,9},{4,9,2,3,6,8,7,1,5},{6,7,4,5,3,1,2,9,8},{8,1,9,6,7,2,5,4,3},{2,0,0,0,0,0,0,0,0},{0,0,0,0,0,0,0,0,0},{0,0,0,0,0,0,0,0,0},{0,0,0,0,0,0,0,0,0}}
]
00:38:13.172 [main] INFO  sudoku.model.SudokuBoard - Wartość 0 wstawiona nieprawidłowo
00:38:13.172 [main] INFO  sudoku.model.SudokuBoard - Bład w kwadracie 0
sudoku.model.SudokuBoard@186295cc[
  size=9
  solver=sudoku.model.BacktrackingSudokuSolver@4e85dcb2
  board={{7,8,5,2,1,9,4,3,6},{1,6,3,4,5,7,8,2,9},{4,9,2,3,6,8,7,1,5},{6,7,4,5,3,1,2,9,8},{8,1,9,6,7,2,5,4,3},{0,0,0,0,0,0,0,0,0},{0,0,0,0,0,0,0,0,0},{0,0,0,0,0,0,0,0,0},{0,0,0,0,0,0,0,0,0}}
]
00:38:13.172 [main] INFO  sudoku.model.SudokuBoard - Wartość 0 wstawiona nieprawidłowo
00:38:13.172 [main] INFO  sudoku.model.SudokuBoard - Bład w kwadracie 0
sudoku.model.SudokuBoard@186295cc[
  size=9
  solver=sudoku.model.BacktrackingSudokuSolver@4e85dcb2
  board={{7,8,5,2,1,9,4,3,6},{1,6,3,4,5,7,8,2,9},{4,9,2,3,6,8,7,1,5},{6,7,4,5,3,1,2,9,8},{8,1,9,6,7,2,5,4,3},{3,0,0,0,0,0,0,0,0},{0,0,0,0,0,0,0,0,0},{0,0,0,0,0,0,0,0,0},{0,0,0,0,0,0,0,0,0}}
]
00:38:13.172 [main] INFO  sudoku.model.SudokuBoard - Wartość 0 wstawiona nieprawidłowo
00:38:13.173 [main] INFO  sudoku.model.SudokuBoard - Bład w kwadracie 0
sudoku.model.SudokuBoard@186295cc[
  size=9
  solver=sudoku.model.BacktrackingSudokuSolver@4e85dcb2
  board={{7,8,5,2,1,9,4,3,6},{1,6,3,4,5,7,8,2,9},{4,9,2,3,6,8,7,1,5},{6,7,4,5,3,1,2,9,8},{8,1,9,6,7,2,5,4,3},{3,0,0,0,0,0,0,0,0},{0,0,0,0,0,0,0,0,0},{0,0,0,0,0,0,0,0,0},{0,0,0,0,0,0,0,0,0}}
]
00:38:13.173 [main] INFO  sudoku.model.SudokuBoard - Wartość 0 wstawiona nieprawidłowo
00:38:13.173 [main] INFO  sudoku.model.SudokuBoard - Bład w kwadracie 0
sudoku.model.SudokuBoard@186295cc[
  size=9
  solver=sudoku.model.BacktrackingSudokuSolver@4e85dcb2
  board={{7,8,5,2,1,9,4,3,6},{1,6,3,4,5,7,8,2,9},{4,9,2,3,6,8,7,1,5},{6,7,4,5,3,1,2,9,8},{8,1,9,6,7,2,5,4,3},{0,0,0,0,0,0,0,0,0},{0,0,0,0,0,0,0,0,0},{0,0,0,0,0,0,0,0,0},{0,0,0,0,0,0,0,0,0}}
]
00:38:13.173 [main] INFO  sudoku.model.SudokuBoard - Wartość 0 wstawiona nieprawidłowo
00:38:13.173 [main] INFO  sudoku.model.SudokuBoard - Bład w kwadracie 0
sudoku.model.SudokuBoard@186295cc[
  size=9
  solver=sudoku.model.BacktrackingSudokuSolver@4e85dcb2
  board={{7,8,5,2,1,9,4,3,6},{1,6,3,4,5,7,8,2,9},{4,9,2,3,6,8,7,1,5},{6,7,4,5,3,1,2,9,8},{8,1,9,6,7,2,5,4,3},{5,0,0,0,0,0,0,0,0},{0,0,0,0,0,0,0,0,0},{0,0,0,0,0,0,0,0,0},{0,0,0,0,0,0,0,0,0}}
]
00:38:13.173 [main] INFO  sudoku.model.SudokuBoard - Wartość 0 wstawiona nieprawidłowo
00:38:13.173 [main] INFO  sudoku.model.SudokuBoard - Bład w kwadracie 0
sudoku.model.SudokuBoard@186295cc[
  size=9
  solver=sudoku.model.BacktrackingSudokuSolver@4e85dcb2
  board={{7,8,5,2,1,9,4,3,6},{1,6,3,4,5,7,8,2,9},{4,9,2,3,6,8,7,1,5},{6,7,4,5,3,1,2,9,8},{8,1,9,6,7,2,5,4,3},{5,0,0,0,0,0,0,0,0},{0,0,0,0,0,0,0,0,0},{0,0,0,0,0,0,0,0,0},{0,0,0,0,0,0,0,0,0}}
]
00:38:13.173 [main] INFO  sudoku.model.SudokuBoard - Wartość 0 wstawiona nieprawidłowo
00:38:13.173 [main] INFO  sudoku.model.SudokuBoard - Bład w kwadracie 0
sudoku.model.SudokuBoard@186295cc[
  size=9
  solver=sudoku.model.BacktrackingSudokuSolver@4e85dcb2
  board={{7,8,5,2,1,9,4,3,6},{1,6,3,4,5,7,8,2,9},{4,9,2,3,6,8,7,1,5},{6,7,4,5,3,1,2,9,8},{8,1,9,6,7,2,5,4,3},{0,0,0,0,0,0,0,0,0},{0,0,0,0,0,0,0,0,0},{0,0,0,0,0,0,0,0,0},{0,0,0,0,0,0,0,0,0}}
]
00:38:13.174 [main] INFO  sudoku.model.SudokuBoard - Wartość 0 wstawiona nieprawidłowo
00:38:13.174 [main] INFO  sudoku.model.SudokuBoard - Bład w kwadracie 0
sudoku.model.SudokuBoard@186295cc[
  size=9
  solver=sudoku.model.BacktrackingSudokuSolver@4e85dcb2
  board={{7,8,5,2,1,9,4,3,6},{1,6,3,4,5,7,8,2,9},{4,9,2,3,6,8,7,1,5},{6,7,4,5,3,1,2,9,8},{8,1,9,6,7,2,5,4,0},{0,0,0,0,0,0,0,0,0},{0,0,0,0,0,0,0,0,0},{0,0,0,0,0,0,0,0,0},{0,0,0,0,0,0,0,0,0}}
]
00:38:13.174 [main] INFO  sudoku.model.SudokuBoard - Wartość 0 wstawiona nieprawidłowo
00:38:13.174 [main] INFO  sudoku.model.SudokuBoard - Bład w kwadracie 0
sudoku.model.SudokuBoard@186295cc[
  size=9
  solver=sudoku.model.BacktrackingSudokuSolver@4e85dcb2
  board={{7,8,5,2,1,9,4,3,6},{1,6,3,4,5,7,8,2,9},{4,9,2,3,6,8,7,1,5},{6,7,4,5,3,1,2,9,8},{8,1,9,6,7,2,5,0,0},{0,0,0,0,0,0,0,0,0},{0,0,0,0,0,0,0,0,0},{0,0,0,0,0,0,0,0,0},{0,0,0,0,0,0,0,0,0}}
]
00:38:13.176 [main] INFO  sudoku.model.SudokuBoard - Wartość 0 wstawiona nieprawidłowo
00:38:13.177 [main] INFO  sudoku.model.SudokuBoard - Bład w kwadracie 0
sudoku.model.SudokuBoard@186295cc[
  size=9
  solver=sudoku.model.BacktrackingSudokuSolver@4e85dcb2
  board={{7,8,5,2,1,9,4,3,6},{1,6,3,4,5,7,8,2,9},{4,9,2,3,6,8,7,1,5},{6,7,4,5,3,1,2,9,8},{8,1,9,6,7,2,0,0,0},{0,0,0,0,0,0,0,0,0},{0,0,0,0,0,0,0,0,0},{0,0,0,0,0,0,0,0,0},{0,0,0,0,0,0,0,0,0}}
]
00:38:13.178 [main] INFO  sudoku.model.SudokuBoard - Wartość 0 wstawiona nieprawidłowo
00:38:13.178 [main] INFO  sudoku.model.SudokuBoard - Bład w kwadracie 0
sudoku.model.SudokuBoard@186295cc[
  size=9
  solver=sudoku.model.BacktrackingSudokuSolver@4e85dcb2
  board={{7,8,5,2,1,9,4,3,6},{1,6,3,4,5,7,8,2,9},{4,9,2,3,6,8,7,1,5},{6,7,4,5,3,1,2,9,8},{8,1,9,6,7,0,0,0,0},{0,0,0,0,0,0,0,0,0},{0,0,0,0,0,0,0,0,0},{0,0,0,0,0,0,0,0,0},{0,0,0,0,0,0,0,0,0}}
]
00:38:13.178 [main] INFO  sudoku.model.SudokuBoard - Wartość 0 wstawiona nieprawidłowo
00:38:13.180 [main] INFO  sudoku.model.SudokuBoard - Bład w kwadracie 0
sudoku.model.SudokuBoard@186295cc[
  size=9
  solver=sudoku.model.BacktrackingSudokuSolver@4e85dcb2
  board={{7,8,5,2,1,9,4,3,6},{1,6,3,4,5,7,8,2,9},{4,9,2,3,6,8,7,1,5},{6,7,4,5,3,1,2,9,8},{8,1,9,6,7,4,3,0,0},{0,0,0,0,0,0,0,0,0},{0,0,0,0,0,0,0,0,0},{0,0,0,0,0,0,0,0,0},{0,0,0,0,0,0,0,0,0}}
]
00:38:13.181 [main] INFO  sudoku.model.SudokuBoard - Wartość 0 wstawiona nieprawidłowo
00:38:13.181 [main] INFO  sudoku.model.SudokuBoard - Bład w kwadracie 0
sudoku.model.SudokuBoard@186295cc[
  size=9
  solver=sudoku.model.BacktrackingSudokuSolver@4e85dcb2
  board={{7,8,5,2,1,9,4,3,6},{1,6,3,4,5,7,8,2,9},{4,9,2,3,6,8,7,1,5},{6,7,4,5,3,1,2,9,8},{8,1,9,6,7,4,0,0,0},{0,0,0,0,0,0,0,0,0},{0,0,0,0,0,0,0,0,0},{0,0,0,0,0,0,0,0,0},{0,0,0,0,0,0,0,0,0}}
]
00:38:13.181 [main] INFO  sudoku.model.SudokuBoard - Wartość 0 wstawiona nieprawidłowo
00:38:13.181 [main] INFO  sudoku.model.SudokuBoard - Bład w kwadracie 0
sudoku.model.SudokuBoard@186295cc[
  size=9
  solver=sudoku.model.BacktrackingSudokuSolver@4e85dcb2
  board={{7,8,5,2,1,9,4,3,6},{1,6,3,4,5,7,8,2,9},{4,9,2,3,6,8,7,1,5},{6,7,4,5,3,1,2,9,8},{8,1,9,6,7,4,0,0,0},{0,0,0,0,0,0,0,0,0},{0,0,0,0,0,0,0,0,0},{0,0,0,0,0,0,0,0,0},{0,0,0,0,0,0,0,0,0}}
]
00:38:13.181 [main] INFO  sudoku.model.SudokuBoard - Wartość 0 wstawiona nieprawidłowo
00:38:13.181 [main] INFO  sudoku.model.SudokuBoard - Bład w kwadracie 0
sudoku.model.SudokuBoard@186295cc[
  size=9
  solver=sudoku.model.BacktrackingSudokuSolver@4e85dcb2
  board={{7,8,5,2,1,9,4,3,6},{1,6,3,4,5,7,8,2,9},{4,9,2,3,6,8,7,1,5},{6,7,4,5,3,1,2,9,8},{8,1,9,6,7,0,0,0,0},{0,0,0,0,0,0,0,0,0},{0,0,0,0,0,0,0,0,0},{0,0,0,0,0,0,0,0,0},{0,0,0,0,0,0,0,0,0}}
]
00:38:13.181 [main] INFO  sudoku.model.SudokuBoard - Wartość 0 wstawiona nieprawidłowo
00:38:13.181 [main] INFO  sudoku.model.SudokuBoard - Bład w kwadracie 0
sudoku.model.SudokuBoard@186295cc[
  size=9
  solver=sudoku.model.BacktrackingSudokuSolver@4e85dcb2
  board={{7,8,5,2,1,9,4,3,6},{1,6,3,4,5,7,8,2,9},{4,9,2,3,6,8,7,1,5},{6,7,4,5,3,1,2,9,8},{8,1,9,6,0,0,0,0,0},{0,0,0,0,0,0,0,0,0},{0,0,0,0,0,0,0,0,0},{0,0,0,0,0,0,0,0,0},{0,0,0,0,0,0,0,0,0}}
]
00:38:13.181 [main] INFO  sudoku.model.SudokuBoard - Wartość 0 wstawiona nieprawidłowo
00:38:13.181 [main] INFO  sudoku.model.SudokuBoard - Bład w kwadracie 0
sudoku.model.SudokuBoard@186295cc[
  size=9
  solver=sudoku.model.BacktrackingSudokuSolver@4e85dcb2
  board={{7,8,5,2,1,9,4,3,6},{1,6,3,4,5,7,8,2,9},{4,9,2,3,6,8,7,1,5},{6,7,4,5,3,1,2,9,8},{8,1,9,6,2,4,3,5,7},{5,0,0,0,0,0,0,0,0},{0,0,0,0,0,0,0,0,0},{0,0,0,0,0,0,0,0,0},{0,0,0,0,0,0,0,0,0}}
]
00:38:13.181 [main] INFO  sudoku.model.SudokuBoard - Wartość 0 wstawiona nieprawidłowo
00:38:13.182 [main] INFO  sudoku.model.SudokuBoard - Bład w kwadracie 0
sudoku.model.SudokuBoard@186295cc[
  size=9
  solver=sudoku.model.BacktrackingSudokuSolver@4e85dcb2
  board={{7,8,5,2,1,9,4,3,6},{1,6,3,4,5,7,8,2,9},{4,9,2,3,6,8,7,1,5},{6,7,4,5,3,1,2,9,8},{8,1,9,6,2,4,3,5,7},{5,0,0,0,0,0,0,0,0},{0,0,0,0,0,0,0,0,0},{0,0,0,0,0,0,0,0,0},{0,0,0,0,0,0,0,0,0}}
]
00:38:13.182 [main] INFO  sudoku.model.SudokuBoard - Wartość 0 wstawiona nieprawidłowo
00:38:13.182 [main] INFO  sudoku.model.SudokuBoard - Bład w kwadracie 0
sudoku.model.SudokuBoard@186295cc[
  size=9
  solver=sudoku.model.BacktrackingSudokuSolver@4e85dcb2
  board={{7,8,5,2,1,9,4,3,6},{1,6,3,4,5,7,8,2,9},{4,9,2,3,6,8,7,1,5},{6,7,4,5,3,1,2,9,8},{8,1,9,6,2,4,3,5,7},{0,0,0,0,0,0,0,0,0},{0,0,0,0,0,0,0,0,0},{0,0,0,0,0,0,0,0,0},{0,0,0,0,0,0,0,0,0}}
]
00:38:13.182 [main] INFO  sudoku.model.SudokuBoard - Wartość 0 wstawiona nieprawidłowo
00:38:13.182 [main] INFO  sudoku.model.SudokuBoard - Bład w kwadracie 0
sudoku.model.SudokuBoard@186295cc[
  size=9
  solver=sudoku.model.BacktrackingSudokuSolver@4e85dcb2
  board={{7,8,5,2,1,9,4,3,6},{1,6,3,4,5,7,8,2,9},{4,9,2,3,6,8,7,1,5},{6,7,4,5,3,1,2,9,8},{8,1,9,6,2,4,3,5,7},{2,0,0,0,0,0,0,0,0},{0,0,0,0,0,0,0,0,0},{0,0,0,0,0,0,0,0,0},{0,0,0,0,0,0,0,0,0}}
]
00:38:13.182 [main] INFO  sudoku.model.SudokuBoard - Wartość 0 wstawiona nieprawidłowo
00:38:13.182 [main] INFO  sudoku.model.SudokuBoard - Bład w kwadracie 0
sudoku.model.SudokuBoard@186295cc[
  size=9
  solver=sudoku.model.BacktrackingSudokuSolver@4e85dcb2
  board={{7,8,5,2,1,9,4,3,6},{1,6,3,4,5,7,8,2,9},{4,9,2,3,6,8,7,1,5},{6,7,4,5,3,1,2,9,8},{8,1,9,6,2,4,3,5,7},{2,0,0,0,0,0,0,0,0},{0,0,0,0,0,0,0,0,0},{0,0,0,0,0,0,0,0,0},{0,0,0,0,0,0,0,0,0}}
]
00:38:13.182 [main] INFO  sudoku.model.SudokuBoard - Wartość 0 wstawiona nieprawidłowo
00:38:13.183 [main] INFO  sudoku.model.SudokuBoard - Bład w kwadracie 0
sudoku.model.SudokuBoard@186295cc[
  size=9
  solver=sudoku.model.BacktrackingSudokuSolver@4e85dcb2
  board={{7,8,5,2,1,9,4,3,6},{1,6,3,4,5,7,8,2,9},{4,9,2,3,6,8,7,1,5},{6,7,4,5,3,1,2,9,8},{8,1,9,6,2,4,3,5,7},{0,0,0,0,0,0,0,0,0},{0,0,0,0,0,0,0,0,0},{0,0,0,0,0,0,0,0,0},{0,0,0,0,0,0,0,0,0}}
]
00:38:13.183 [main] INFO  sudoku.model.SudokuBoard - Wartość 0 wstawiona nieprawidłowo
00:38:13.183 [main] INFO  sudoku.model.SudokuBoard - Bład w kwadracie 0
sudoku.model.SudokuBoard@186295cc[
  size=9
  solver=sudoku.model.BacktrackingSudokuSolver@4e85dcb2
  board={{7,8,5,2,1,9,4,3,6},{1,6,3,4,5,7,8,2,9},{4,9,2,3,6,8,7,1,5},{6,7,4,5,3,1,2,9,8},{8,1,9,6,2,4,3,5,7},{3,0,0,0,0,0,0,0,0},{0,0,0,0,0,0,0,0,0},{0,0,0,0,0,0,0,0,0},{0,0,0,0,0,0,0,0,0}}
]
00:38:13.183 [main] INFO  sudoku.model.SudokuBoard - Wartość 0 wstawiona nieprawidłowo
00:38:13.183 [main] INFO  sudoku.model.SudokuBoard - Bład w kwadracie 0
sudoku.model.SudokuBoard@186295cc[
  size=9
  solver=sudoku.model.BacktrackingSudokuSolver@4e85dcb2
  board={{7,8,5,2,1,9,4,3,6},{1,6,3,4,5,7,8,2,9},{4,9,2,3,6,8,7,1,5},{6,7,4,5,3,1,2,9,8},{8,1,9,6,2,4,3,5,7},{3,0,0,0,0,0,0,0,0},{0,0,0,0,0,0,0,0,0},{0,0,0,0,0,0,0,0,0},{0,0,0,0,0,0,0,0,0}}
]
00:38:13.183 [main] INFO  sudoku.model.SudokuBoard - Wartość 0 wstawiona nieprawidłowo
00:38:13.183 [main] INFO  sudoku.model.SudokuBoard - Bład w kwadracie 0
sudoku.model.SudokuBoard@186295cc[
  size=9
  solver=sudoku.model.BacktrackingSudokuSolver@4e85dcb2
  board={{7,8,5,2,1,9,4,3,6},{1,6,3,4,5,7,8,2,9},{4,9,2,3,6,8,7,1,5},{6,7,4,5,3,1,2,9,8},{8,1,9,6,2,4,3,5,7},{0,0,0,0,0,0,0,0,0},{0,0,0,0,0,0,0,0,0},{0,0,0,0,0,0,0,0,0},{0,0,0,0,0,0,0,0,0}}
]
00:38:13.183 [main] INFO  sudoku.model.SudokuBoard - Wartość 0 wstawiona nieprawidłowo
00:38:13.183 [main] INFO  sudoku.model.SudokuBoard - Bład w kwadracie 0
sudoku.model.SudokuBoard@186295cc[
  size=9
  solver=sudoku.model.BacktrackingSudokuSolver@4e85dcb2
  board={{7,8,5,2,1,9,4,3,6},{1,6,3,4,5,7,8,2,9},{4,9,2,3,6,8,7,1,5},{6,7,4,5,3,1,2,9,8},{8,1,9,6,2,4,3,5,0},{0,0,0,0,0,0,0,0,0},{0,0,0,0,0,0,0,0,0},{0,0,0,0,0,0,0,0,0},{0,0,0,0,0,0,0,0,0}}
]
00:38:13.183 [main] INFO  sudoku.model.SudokuBoard - Wartość 0 wstawiona nieprawidłowo
00:38:13.183 [main] INFO  sudoku.model.SudokuBoard - Bład w kwadracie 0
sudoku.model.SudokuBoard@186295cc[
  size=9
  solver=sudoku.model.BacktrackingSudokuSolver@4e85dcb2
  board={{7,8,5,2,1,9,4,3,6},{1,6,3,4,5,7,8,2,9},{4,9,2,3,6,8,7,1,5},{6,7,4,5,3,1,2,9,8},{8,1,9,6,2,4,3,0,0},{0,0,0,0,0,0,0,0,0},{0,0,0,0,0,0,0,0,0},{0,0,0,0,0,0,0,0,0},{0,0,0,0,0,0,0,0,0}}
]
00:38:13.188 [main] INFO  sudoku.model.SudokuBoard - Wartość 0 wstawiona nieprawidłowo
00:38:13.188 [main] INFO  sudoku.model.SudokuBoard - Bład w kwadracie 0
sudoku.model.SudokuBoard@186295cc[
  size=9
  solver=sudoku.model.BacktrackingSudokuSolver@4e85dcb2
  board={{7,8,5,2,1,9,4,3,6},{1,6,3,4,5,7,8,2,9},{4,9,2,3,6,8,7,1,5},{6,7,4,5,3,1,2,9,8},{8,1,9,6,2,4,3,0,0},{0,0,0,0,0,0,0,0,0},{0,0,0,0,0,0,0,0,0},{0,0,0,0,0,0,0,0,0},{0,0,0,0,0,0,0,0,0}}
]
00:38:13.188 [main] INFO  sudoku.model.SudokuBoard - Wartość 0 wstawiona nieprawidłowo
00:38:13.188 [main] INFO  sudoku.model.SudokuBoard - Bład w kwadracie 0
sudoku.model.SudokuBoard@186295cc[
  size=9
  solver=sudoku.model.BacktrackingSudokuSolver@4e85dcb2
  board={{7,8,5,2,1,9,4,3,6},{1,6,3,4,5,7,8,2,9},{4,9,2,3,6,8,7,1,5},{6,7,4,5,3,1,2,9,8},{8,1,9,6,2,4,0,0,0},{0,0,0,0,0,0,0,0,0},{0,0,0,0,0,0,0,0,0},{0,0,0,0,0,0,0,0,0},{0,0,0,0,0,0,0,0,0}}
]
00:38:13.188 [main] INFO  sudoku.model.SudokuBoard - Wartość 0 wstawiona nieprawidłowo
00:38:13.188 [main] INFO  sudoku.model.SudokuBoard - Bład w kwadracie 0
sudoku.model.SudokuBoard@186295cc[
  size=9
  solver=sudoku.model.BacktrackingSudokuSolver@4e85dcb2
  board={{7,8,5,2,1,9,4,3,6},{1,6,3,4,5,7,8,2,9},{4,9,2,3,6,8,7,1,5},{6,7,4,5,3,1,2,9,8},{8,1,9,6,2,4,5,7,3},{2,0,0,0,0,0,0,0,0},{0,0,0,0,0,0,0,0,0},{0,0,0,0,0,0,0,0,0},{0,0,0,0,0,0,0,0,0}}
]
00:38:13.188 [main] INFO  sudoku.model.SudokuBoard - Wartość 0 wstawiona nieprawidłowo
00:38:13.188 [main] INFO  sudoku.model.SudokuBoard - Bład w kwadracie 0
sudoku.model.SudokuBoard@186295cc[
  size=9
  solver=sudoku.model.BacktrackingSudokuSolver@4e85dcb2
  board={{7,8,5,2,1,9,4,3,6},{1,6,3,4,5,7,8,2,9},{4,9,2,3,6,8,7,1,5},{6,7,4,5,3,1,2,9,8},{8,1,9,6,2,4,5,7,3},{2,0,0,0,0,0,0,0,0},{0,0,0,0,0,0,0,0,0},{0,0,0,0,0,0,0,0,0},{0,0,0,0,0,0,0,0,0}}
]
00:38:13.189 [main] INFO  sudoku.model.SudokuBoard - Wartość 0 wstawiona nieprawidłowo
00:38:13.189 [main] INFO  sudoku.model.SudokuBoard - Bład w kwadracie 0
sudoku.model.SudokuBoard@186295cc[
  size=9
  solver=sudoku.model.BacktrackingSudokuSolver@4e85dcb2
  board={{7,8,5,2,1,9,4,3,6},{1,6,3,4,5,7,8,2,9},{4,9,2,3,6,8,7,1,5},{6,7,4,5,3,1,2,9,8},{8,1,9,6,2,4,5,7,3},{0,0,0,0,0,0,0,0,0},{0,0,0,0,0,0,0,0,0},{0,0,0,0,0,0,0,0,0},{0,0,0,0,0,0,0,0,0}}
]
00:38:13.189 [main] INFO  sudoku.model.SudokuBoard - Wartość 0 wstawiona nieprawidłowo
00:38:13.189 [main] INFO  sudoku.model.SudokuBoard - Bład w kwadracie 0
sudoku.model.SudokuBoard@186295cc[
  size=9
  solver=sudoku.model.BacktrackingSudokuSolver@4e85dcb2
  board={{7,8,5,2,1,9,4,3,6},{1,6,3,4,5,7,8,2,9},{4,9,2,3,6,8,7,1,5},{6,7,4,5,3,1,2,9,8},{8,1,9,6,2,4,5,7,3},{3,0,0,0,0,0,0,0,0},{0,0,0,0,0,0,0,0,0},{0,0,0,0,0,0,0,0,0},{0,0,0,0,0,0,0,0,0}}
]
00:38:13.189 [main] INFO  sudoku.model.SudokuBoard - Wartość 0 wstawiona nieprawidłowo
00:38:13.189 [main] INFO  sudoku.model.SudokuBoard - Bład w kwadracie 0
sudoku.model.SudokuBoard@186295cc[
  size=9
  solver=sudoku.model.BacktrackingSudokuSolver@4e85dcb2
  board={{7,8,5,2,1,9,4,3,6},{1,6,3,4,5,7,8,2,9},{4,9,2,3,6,8,7,1,5},{6,7,4,5,3,1,2,9,8},{8,1,9,6,2,4,5,7,3},{3,0,0,0,0,0,0,0,0},{0,0,0,0,0,0,0,0,0},{0,0,0,0,0,0,0,0,0},{0,0,0,0,0,0,0,0,0}}
]
00:38:13.189 [main] INFO  sudoku.model.SudokuBoard - Wartość 0 wstawiona nieprawidłowo
00:38:13.189 [main] INFO  sudoku.model.SudokuBoard - Bład w kwadracie 0
sudoku.model.SudokuBoard@186295cc[
  size=9
  solver=sudoku.model.BacktrackingSudokuSolver@4e85dcb2
  board={{7,8,5,2,1,9,4,3,6},{1,6,3,4,5,7,8,2,9},{4,9,2,3,6,8,7,1,5},{6,7,4,5,3,1,2,9,8},{8,1,9,6,2,4,5,7,3},{0,0,0,0,0,0,0,0,0},{0,0,0,0,0,0,0,0,0},{0,0,0,0,0,0,0,0,0},{0,0,0,0,0,0,0,0,0}}
]
00:38:13.189 [main] INFO  sudoku.model.SudokuBoard - Wartość 0 wstawiona nieprawidłowo
00:38:13.189 [main] INFO  sudoku.model.SudokuBoard - Bład w kwadracie 0
sudoku.model.SudokuBoard@186295cc[
  size=9
  solver=sudoku.model.BacktrackingSudokuSolver@4e85dcb2
  board={{7,8,5,2,1,9,4,3,6},{1,6,3,4,5,7,8,2,9},{4,9,2,3,6,8,7,1,5},{6,7,4,5,3,1,2,9,8},{8,1,9,6,2,4,5,7,3},{5,0,0,0,0,0,0,0,0},{0,0,0,0,0,0,0,0,0},{0,0,0,0,0,0,0,0,0},{0,0,0,0,0,0,0,0,0}}
]
00:38:13.189 [main] INFO  sudoku.model.SudokuBoard - Wartość 0 wstawiona nieprawidłowo
00:38:13.190 [main] INFO  sudoku.model.SudokuBoard - Bład w kwadracie 0
sudoku.model.SudokuBoard@186295cc[
  size=9
  solver=sudoku.model.BacktrackingSudokuSolver@4e85dcb2
  board={{7,8,5,2,1,9,4,3,6},{1,6,3,4,5,7,8,2,9},{4,9,2,3,6,8,7,1,5},{6,7,4,5,3,1,2,9,8},{8,1,9,6,2,4,5,7,3},{5,0,0,0,0,0,0,0,0},{0,0,0,0,0,0,0,0,0},{0,0,0,0,0,0,0,0,0},{0,0,0,0,0,0,0,0,0}}
]
00:38:13.190 [main] INFO  sudoku.model.SudokuBoard - Wartość 0 wstawiona nieprawidłowo
00:38:13.190 [main] INFO  sudoku.model.SudokuBoard - Bład w kwadracie 0
sudoku.model.SudokuBoard@186295cc[
  size=9
  solver=sudoku.model.BacktrackingSudokuSolver@4e85dcb2
  board={{7,8,5,2,1,9,4,3,6},{1,6,3,4,5,7,8,2,9},{4,9,2,3,6,8,7,1,5},{6,7,4,5,3,1,2,9,8},{8,1,9,6,2,4,5,7,3},{0,0,0,0,0,0,0,0,0},{0,0,0,0,0,0,0,0,0},{0,0,0,0,0,0,0,0,0},{0,0,0,0,0,0,0,0,0}}
]
00:38:13.190 [main] INFO  sudoku.model.SudokuBoard - Wartość 0 wstawiona nieprawidłowo
00:38:13.190 [main] INFO  sudoku.model.SudokuBoard - Bład w kwadracie 0
sudoku.model.SudokuBoard@186295cc[
  size=9
  solver=sudoku.model.BacktrackingSudokuSolver@4e85dcb2
  board={{7,8,5,2,1,9,4,3,6},{1,6,3,4,5,7,8,2,9},{4,9,2,3,6,8,7,1,5},{6,7,4,5,3,1,2,9,8},{8,1,9,6,2,4,5,7,0},{0,0,0,0,0,0,0,0,0},{0,0,0,0,0,0,0,0,0},{0,0,0,0,0,0,0,0,0},{0,0,0,0,0,0,0,0,0}}
]
00:38:13.190 [main] INFO  sudoku.model.SudokuBoard - Wartość 0 wstawiona nieprawidłowo
00:38:13.190 [main] INFO  sudoku.model.SudokuBoard - Bład w kwadracie 0
sudoku.model.SudokuBoard@186295cc[
  size=9
  solver=sudoku.model.BacktrackingSudokuSolver@4e85dcb2
  board={{7,8,5,2,1,9,4,3,6},{1,6,3,4,5,7,8,2,9},{4,9,2,3,6,8,7,1,5},{6,7,4,5,3,1,2,9,8},{8,1,9,6,2,4,5,0,0},{0,0,0,0,0,0,0,0,0},{0,0,0,0,0,0,0,0,0},{0,0,0,0,0,0,0,0,0},{0,0,0,0,0,0,0,0,0}}
]
00:38:13.190 [main] INFO  sudoku.model.SudokuBoard - Wartość 0 wstawiona nieprawidłowo
00:38:13.190 [main] INFO  sudoku.model.SudokuBoard - Bład w kwadracie 0
sudoku.model.SudokuBoard@186295cc[
  size=9
  solver=sudoku.model.BacktrackingSudokuSolver@4e85dcb2
  board={{7,8,5,2,1,9,4,3,6},{1,6,3,4,5,7,8,2,9},{4,9,2,3,6,8,7,1,5},{6,7,4,5,3,1,2,9,8},{8,1,9,6,2,4,0,0,0},{0,0,0,0,0,0,0,0,0},{0,0,0,0,0,0,0,0,0},{0,0,0,0,0,0,0,0,0},{0,0,0,0,0,0,0,0,0}}
]
00:38:13.190 [main] INFO  sudoku.model.SudokuBoard - Wartość 0 wstawiona nieprawidłowo
00:38:13.190 [main] INFO  sudoku.model.SudokuBoard - Bład w kwadracie 0
sudoku.model.SudokuBoard@186295cc[
  size=9
  solver=sudoku.model.BacktrackingSudokuSolver@4e85dcb2
  board={{7,8,5,2,1,9,4,3,6},{1,6,3,4,5,7,8,2,9},{4,9,2,3,6,8,7,1,5},{6,7,4,5,3,1,2,9,8},{8,1,9,6,2,0,0,0,0},{0,0,0,0,0,0,0,0,0},{0,0,0,0,0,0,0,0,0},{0,0,0,0,0,0,0,0,0},{0,0,0,0,0,0,0,0,0}}
]
00:38:13.190 [main] INFO  sudoku.model.SudokuBoard - Wartość 0 wstawiona nieprawidłowo
00:38:13.191 [main] INFO  sudoku.model.SudokuBoard - Bład w kwadracie 0
sudoku.model.SudokuBoard@186295cc[
  size=9
  solver=sudoku.model.BacktrackingSudokuSolver@4e85dcb2
  board={{7,8,5,2,1,9,4,3,6},{1,6,3,4,5,7,8,2,9},{4,9,2,3,6,8,7,1,5},{6,7,4,5,3,1,2,9,8},{8,1,9,6,0,0,0,0,0},{0,0,0,0,0,0,0,0,0},{0,0,0,0,0,0,0,0,0},{0,0,0,0,0,0,0,0,0},{0,0,0,0,0,0,0,0,0}}
]
00:38:13.191 [main] INFO  sudoku.model.SudokuBoard - Wartość 0 wstawiona nieprawidłowo
00:38:13.191 [main] INFO  sudoku.model.SudokuBoard - Bład w kwadracie 0
sudoku.model.SudokuBoard@186295cc[
  size=9
  solver=sudoku.model.BacktrackingSudokuSolver@4e85dcb2
  board={{7,8,5,2,1,9,4,3,6},{1,6,3,4,5,7,8,2,9},{4,9,2,3,6,8,7,1,5},{6,7,4,5,3,1,2,9,8},{8,1,9,6,4,2,3,5,7},{5,0,0,0,0,0,0,0,0},{0,0,0,0,0,0,0,0,0},{0,0,0,0,0,0,0,0,0},{0,0,0,0,0,0,0,0,0}}
]
00:38:13.192 [main] INFO  sudoku.model.SudokuBoard - Wartość 0 wstawiona nieprawidłowo
00:38:13.192 [main] INFO  sudoku.model.SudokuBoard - Bład w kwadracie 0
sudoku.model.SudokuBoard@186295cc[
  size=9
  solver=sudoku.model.BacktrackingSudokuSolver@4e85dcb2
  board={{7,8,5,2,1,9,4,3,6},{1,6,3,4,5,7,8,2,9},{4,9,2,3,6,8,7,1,5},{6,7,4,5,3,1,2,9,8},{8,1,9,6,4,2,3,5,7},{5,0,0,0,0,0,0,0,0},{0,0,0,0,0,0,0,0,0},{0,0,0,0,0,0,0,0,0},{0,0,0,0,0,0,0,0,0}}
]
00:38:13.192 [main] INFO  sudoku.model.SudokuBoard - Wartość 0 wstawiona nieprawidłowo
00:38:13.192 [main] INFO  sudoku.model.SudokuBoard - Bład w kwadracie 0
sudoku.model.SudokuBoard@186295cc[
  size=9
  solver=sudoku.model.BacktrackingSudokuSolver@4e85dcb2
  board={{7,8,5,2,1,9,4,3,6},{1,6,3,4,5,7,8,2,9},{4,9,2,3,6,8,7,1,5},{6,7,4,5,3,1,2,9,8},{8,1,9,6,4,2,3,5,7},{0,0,0,0,0,0,0,0,0},{0,0,0,0,0,0,0,0,0},{0,0,0,0,0,0,0,0,0},{0,0,0,0,0,0,0,0,0}}
]
00:38:13.192 [main] INFO  sudoku.model.SudokuBoard - Wartość 0 wstawiona nieprawidłowo
00:38:13.192 [main] INFO  sudoku.model.SudokuBoard - Bład w kwadracie 0
sudoku.model.SudokuBoard@186295cc[
  size=9
  solver=sudoku.model.BacktrackingSudokuSolver@4e85dcb2
  board={{7,8,5,2,1,9,4,3,6},{1,6,3,4,5,7,8,2,9},{4,9,2,3,6,8,7,1,5},{6,7,4,5,3,1,2,9,8},{8,1,9,6,4,2,3,5,7},{2,0,0,0,0,0,0,0,0},{0,0,0,0,0,0,0,0,0},{0,0,0,0,0,0,0,0,0},{0,0,0,0,0,0,0,0,0}}
]
00:38:13.192 [main] INFO  sudoku.model.SudokuBoard - Wartość 0 wstawiona nieprawidłowo
00:38:13.192 [main] INFO  sudoku.model.SudokuBoard - Bład w kwadracie 0
sudoku.model.SudokuBoard@186295cc[
  size=9
  solver=sudoku.model.BacktrackingSudokuSolver@4e85dcb2
  board={{7,8,5,2,1,9,4,3,6},{1,6,3,4,5,7,8,2,9},{4,9,2,3,6,8,7,1,5},{6,7,4,5,3,1,2,9,8},{8,1,9,6,4,2,3,5,7},{2,0,0,0,0,0,0,0,0},{0,0,0,0,0,0,0,0,0},{0,0,0,0,0,0,0,0,0},{0,0,0,0,0,0,0,0,0}}
]
00:38:13.192 [main] INFO  sudoku.model.SudokuBoard - Wartość 0 wstawiona nieprawidłowo
00:38:13.192 [main] INFO  sudoku.model.SudokuBoard - Bład w kwadracie 0
sudoku.model.SudokuBoard@186295cc[
  size=9
  solver=sudoku.model.BacktrackingSudokuSolver@4e85dcb2
  board={{7,8,5,2,1,9,4,3,6},{1,6,3,4,5,7,8,2,9},{4,9,2,3,6,8,7,1,5},{6,7,4,5,3,1,2,9,8},{8,1,9,6,4,2,3,5,7},{0,0,0,0,0,0,0,0,0},{0,0,0,0,0,0,0,0,0},{0,0,0,0,0,0,0,0,0},{0,0,0,0,0,0,0,0,0}}
]
00:38:13.192 [main] INFO  sudoku.model.SudokuBoard - Wartość 0 wstawiona nieprawidłowo
00:38:13.192 [main] INFO  sudoku.model.SudokuBoard - Bład w kwadracie 0
sudoku.model.SudokuBoard@186295cc[
  size=9
  solver=sudoku.model.BacktrackingSudokuSolver@4e85dcb2
  board={{7,8,5,2,1,9,4,3,6},{1,6,3,4,5,7,8,2,9},{4,9,2,3,6,8,7,1,5},{6,7,4,5,3,1,2,9,8},{8,1,9,6,4,2,3,5,7},{3,0,0,0,0,0,0,0,0},{0,0,0,0,0,0,0,0,0},{0,0,0,0,0,0,0,0,0},{0,0,0,0,0,0,0,0,0}}
]
00:38:13.194 [main] INFO  sudoku.model.SudokuBoard - Wartość 0 wstawiona nieprawidłowo
00:38:13.194 [main] INFO  sudoku.model.SudokuBoard - Bład w kwadracie 0
sudoku.model.SudokuBoard@186295cc[
  size=9
  solver=sudoku.model.BacktrackingSudokuSolver@4e85dcb2
  board={{7,8,5,2,1,9,4,3,6},{1,6,3,4,5,7,8,2,9},{4,9,2,3,6,8,7,1,5},{6,7,4,5,3,1,2,9,8},{8,1,9,6,4,2,3,5,7},{3,0,0,0,0,0,0,0,0},{0,0,0,0,0,0,0,0,0},{0,0,0,0,0,0,0,0,0},{0,0,0,0,0,0,0,0,0}}
]
00:38:13.194 [main] INFO  sudoku.model.SudokuBoard - Wartość 0 wstawiona nieprawidłowo
00:38:13.194 [main] INFO  sudoku.model.SudokuBoard - Bład w kwadracie 0
sudoku.model.SudokuBoard@186295cc[
  size=9
  solver=sudoku.model.BacktrackingSudokuSolver@4e85dcb2
  board={{7,8,5,2,1,9,4,3,6},{1,6,3,4,5,7,8,2,9},{4,9,2,3,6,8,7,1,5},{6,7,4,5,3,1,2,9,8},{8,1,9,6,4,2,3,5,7},{0,0,0,0,0,0,0,0,0},{0,0,0,0,0,0,0,0,0},{0,0,0,0,0,0,0,0,0},{0,0,0,0,0,0,0,0,0}}
]
00:38:13.194 [main] INFO  sudoku.model.SudokuBoard - Wartość 0 wstawiona nieprawidłowo
00:38:13.204 [main] INFO  sudoku.model.SudokuBoard - Bład w kwadracie 0
sudoku.model.SudokuBoard@186295cc[
  size=9
  solver=sudoku.model.BacktrackingSudokuSolver@4e85dcb2
  board={{7,8,5,2,1,9,4,3,6},{1,6,3,4,5,7,8,2,9},{4,9,2,3,6,8,7,1,5},{6,7,4,5,3,1,2,9,8},{8,1,9,6,4,2,3,5,0},{0,0,0,0,0,0,0,0,0},{0,0,0,0,0,0,0,0,0},{0,0,0,0,0,0,0,0,0},{0,0,0,0,0,0,0,0,0}}
]
00:38:13.204 [main] INFO  sudoku.model.SudokuBoard - Wartość 0 wstawiona nieprawidłowo
00:38:13.204 [main] INFO  sudoku.model.SudokuBoard - Bład w kwadracie 0
sudoku.model.SudokuBoard@186295cc[
  size=9
  solver=sudoku.model.BacktrackingSudokuSolver@4e85dcb2
  board={{7,8,5,2,1,9,4,3,6},{1,6,3,4,5,7,8,2,9},{4,9,2,3,6,8,7,1,5},{6,7,4,5,3,1,2,9,8},{8,1,9,6,4,2,3,0,0},{0,0,0,0,0,0,0,0,0},{0,0,0,0,0,0,0,0,0},{0,0,0,0,0,0,0,0,0},{0,0,0,0,0,0,0,0,0}}
]
00:38:13.204 [main] INFO  sudoku.model.SudokuBoard - Wartość 0 wstawiona nieprawidłowo
00:38:13.205 [main] INFO  sudoku.model.SudokuBoard - Bład w kwadracie 0
sudoku.model.SudokuBoard@186295cc[
  size=9
  solver=sudoku.model.BacktrackingSudokuSolver@4e85dcb2
  board={{7,8,5,2,1,9,4,3,6},{1,6,3,4,5,7,8,2,9},{4,9,2,3,6,8,7,1,5},{6,7,4,5,3,1,2,9,8},{8,1,9,6,4,2,3,0,0},{0,0,0,0,0,0,0,0,0},{0,0,0,0,0,0,0,0,0},{0,0,0,0,0,0,0,0,0},{0,0,0,0,0,0,0,0,0}}
]
00:38:13.205 [main] INFO  sudoku.model.SudokuBoard - Wartość 0 wstawiona nieprawidłowo
00:38:13.205 [main] INFO  sudoku.model.SudokuBoard - Bład w kwadracie 0
sudoku.model.SudokuBoard@186295cc[
  size=9
  solver=sudoku.model.BacktrackingSudokuSolver@4e85dcb2
  board={{7,8,5,2,1,9,4,3,6},{1,6,3,4,5,7,8,2,9},{4,9,2,3,6,8,7,1,5},{6,7,4,5,3,1,2,9,8},{8,1,9,6,4,2,0,0,0},{0,0,0,0,0,0,0,0,0},{0,0,0,0,0,0,0,0,0},{0,0,0,0,0,0,0,0,0},{0,0,0,0,0,0,0,0,0}}
]
00:38:13.206 [main] INFO  sudoku.model.SudokuBoard - Wartość 0 wstawiona nieprawidłowo
00:38:13.206 [main] INFO  sudoku.model.SudokuBoard - Bład w kwadracie 0
sudoku.model.SudokuBoard@186295cc[
  size=9
  solver=sudoku.model.BacktrackingSudokuSolver@4e85dcb2
  board={{7,8,5,2,1,9,4,3,6},{1,6,3,4,5,7,8,2,9},{4,9,2,3,6,8,7,1,5},{6,7,4,5,3,1,2,9,8},{8,1,9,6,4,2,5,7,3},{2,0,0,0,0,0,0,0,0},{0,0,0,0,0,0,0,0,0},{0,0,0,0,0,0,0,0,0},{0,0,0,0,0,0,0,0,0}}
]
00:38:13.206 [main] INFO  sudoku.model.SudokuBoard - Wartość 0 wstawiona nieprawidłowo
00:38:13.206 [main] INFO  sudoku.model.SudokuBoard - Bład w kwadracie 0
sudoku.model.SudokuBoard@186295cc[
  size=9
  solver=sudoku.model.BacktrackingSudokuSolver@4e85dcb2
  board={{7,8,5,2,1,9,4,3,6},{1,6,3,4,5,7,8,2,9},{4,9,2,3,6,8,7,1,5},{6,7,4,5,3,1,2,9,8},{8,1,9,6,4,2,5,7,3},{2,0,0,0,0,0,0,0,0},{0,0,0,0,0,0,0,0,0},{0,0,0,0,0,0,0,0,0},{0,0,0,0,0,0,0,0,0}}
]
00:38:13.206 [main] INFO  sudoku.model.SudokuBoard - Wartość 0 wstawiona nieprawidłowo
00:38:13.206 [main] INFO  sudoku.model.SudokuBoard - Bład w kwadracie 0
sudoku.model.SudokuBoard@186295cc[
  size=9
  solver=sudoku.model.BacktrackingSudokuSolver@4e85dcb2
  board={{7,8,5,2,1,9,4,3,6},{1,6,3,4,5,7,8,2,9},{4,9,2,3,6,8,7,1,5},{6,7,4,5,3,1,2,9,8},{8,1,9,6,4,2,5,7,3},{0,0,0,0,0,0,0,0,0},{0,0,0,0,0,0,0,0,0},{0,0,0,0,0,0,0,0,0},{0,0,0,0,0,0,0,0,0}}
]
00:38:13.206 [main] INFO  sudoku.model.SudokuBoard - Wartość 0 wstawiona nieprawidłowo
00:38:13.206 [main] INFO  sudoku.model.SudokuBoard - Bład w kwadracie 0
sudoku.model.SudokuBoard@186295cc[
  size=9
  solver=sudoku.model.BacktrackingSudokuSolver@4e85dcb2
  board={{7,8,5,2,1,9,4,3,6},{1,6,3,4,5,7,8,2,9},{4,9,2,3,6,8,7,1,5},{6,7,4,5,3,1,2,9,8},{8,1,9,6,4,2,5,7,3},{3,0,0,0,0,0,0,0,0},{0,0,0,0,0,0,0,0,0},{0,0,0,0,0,0,0,0,0},{0,0,0,0,0,0,0,0,0}}
]
00:38:13.206 [main] INFO  sudoku.model.SudokuBoard - Wartość 0 wstawiona nieprawidłowo
00:38:13.207 [main] INFO  sudoku.model.SudokuBoard - Bład w kwadracie 0
sudoku.model.SudokuBoard@186295cc[
  size=9
  solver=sudoku.model.BacktrackingSudokuSolver@4e85dcb2
  board={{7,8,5,2,1,9,4,3,6},{1,6,3,4,5,7,8,2,9},{4,9,2,3,6,8,7,1,5},{6,7,4,5,3,1,2,9,8},{8,1,9,6,4,2,5,7,3},{3,0,0,0,0,0,0,0,0},{0,0,0,0,0,0,0,0,0},{0,0,0,0,0,0,0,0,0},{0,0,0,0,0,0,0,0,0}}
]
00:38:13.207 [main] INFO  sudoku.model.SudokuBoard - Wartość 0 wstawiona nieprawidłowo
00:38:13.207 [main] INFO  sudoku.model.SudokuBoard - Bład w kwadracie 0
sudoku.model.SudokuBoard@186295cc[
  size=9
  solver=sudoku.model.BacktrackingSudokuSolver@4e85dcb2
  board={{7,8,5,2,1,9,4,3,6},{1,6,3,4,5,7,8,2,9},{4,9,2,3,6,8,7,1,5},{6,7,4,5,3,1,2,9,8},{8,1,9,6,4,2,5,7,3},{0,0,0,0,0,0,0,0,0},{0,0,0,0,0,0,0,0,0},{0,0,0,0,0,0,0,0,0},{0,0,0,0,0,0,0,0,0}}
]
00:38:13.207 [main] INFO  sudoku.model.SudokuBoard - Wartość 0 wstawiona nieprawidłowo
00:38:13.208 [main] INFO  sudoku.model.SudokuBoard - Bład w kwadracie 0
sudoku.model.SudokuBoard@186295cc[
  size=9
  solver=sudoku.model.BacktrackingSudokuSolver@4e85dcb2
  board={{7,8,5,2,1,9,4,3,6},{1,6,3,4,5,7,8,2,9},{4,9,2,3,6,8,7,1,5},{6,7,4,5,3,1,2,9,8},{8,1,9,6,4,2,5,7,3},{5,0,0,0,0,0,0,0,0},{0,0,0,0,0,0,0,0,0},{0,0,0,0,0,0,0,0,0},{0,0,0,0,0,0,0,0,0}}
]
00:38:13.208 [main] INFO  sudoku.model.SudokuBoard - Wartość 0 wstawiona nieprawidłowo
00:38:13.208 [main] INFO  sudoku.model.SudokuBoard - Bład w kwadracie 0
sudoku.model.SudokuBoard@186295cc[
  size=9
  solver=sudoku.model.BacktrackingSudokuSolver@4e85dcb2
  board={{7,8,5,2,1,9,4,3,6},{1,6,3,4,5,7,8,2,9},{4,9,2,3,6,8,7,1,5},{6,7,4,5,3,1,2,9,8},{8,1,9,6,4,2,5,7,3},{5,0,0,0,0,0,0,0,0},{0,0,0,0,0,0,0,0,0},{0,0,0,0,0,0,0,0,0},{0,0,0,0,0,0,0,0,0}}
]
00:38:13.208 [main] INFO  sudoku.model.SudokuBoard - Wartość 0 wstawiona nieprawidłowo
00:38:13.208 [main] INFO  sudoku.model.SudokuBoard - Bład w kwadracie 0
sudoku.model.SudokuBoard@186295cc[
  size=9
  solver=sudoku.model.BacktrackingSudokuSolver@4e85dcb2
  board={{7,8,5,2,1,9,4,3,6},{1,6,3,4,5,7,8,2,9},{4,9,2,3,6,8,7,1,5},{6,7,4,5,3,1,2,9,8},{8,1,9,6,4,2,5,7,3},{0,0,0,0,0,0,0,0,0},{0,0,0,0,0,0,0,0,0},{0,0,0,0,0,0,0,0,0},{0,0,0,0,0,0,0,0,0}}
]
00:38:13.208 [main] INFO  sudoku.model.SudokuBoard - Wartość 0 wstawiona nieprawidłowo
00:38:13.208 [main] INFO  sudoku.model.SudokuBoard - Bład w kwadracie 0
sudoku.model.SudokuBoard@186295cc[
  size=9
  solver=sudoku.model.BacktrackingSudokuSolver@4e85dcb2
  board={{7,8,5,2,1,9,4,3,6},{1,6,3,4,5,7,8,2,9},{4,9,2,3,6,8,7,1,5},{6,7,4,5,3,1,2,9,8},{8,1,9,6,4,2,5,7,0},{0,0,0,0,0,0,0,0,0},{0,0,0,0,0,0,0,0,0},{0,0,0,0,0,0,0,0,0},{0,0,0,0,0,0,0,0,0}}
]
00:38:13.208 [main] INFO  sudoku.model.SudokuBoard - Wartość 0 wstawiona nieprawidłowo
00:38:13.208 [main] INFO  sudoku.model.SudokuBoard - Bład w kwadracie 0
sudoku.model.SudokuBoard@186295cc[
  size=9
  solver=sudoku.model.BacktrackingSudokuSolver@4e85dcb2
  board={{7,8,5,2,1,9,4,3,6},{1,6,3,4,5,7,8,2,9},{4,9,2,3,6,8,7,1,5},{6,7,4,5,3,1,2,9,8},{8,1,9,6,4,2,5,0,0},{0,0,0,0,0,0,0,0,0},{0,0,0,0,0,0,0,0,0},{0,0,0,0,0,0,0,0,0},{0,0,0,0,0,0,0,0,0}}
]
00:38:13.208 [main] INFO  sudoku.model.SudokuBoard - Wartość 0 wstawiona nieprawidłowo
00:38:13.208 [main] INFO  sudoku.model.SudokuBoard - Bład w kwadracie 0
sudoku.model.SudokuBoard@186295cc[
  size=9
  solver=sudoku.model.BacktrackingSudokuSolver@4e85dcb2
  board={{7,8,5,2,1,9,4,3,6},{1,6,3,4,5,7,8,2,9},{4,9,2,3,6,8,7,1,5},{6,7,4,5,3,1,2,9,8},{8,1,9,6,4,2,0,0,0},{0,0,0,0,0,0,0,0,0},{0,0,0,0,0,0,0,0,0},{0,0,0,0,0,0,0,0,0},{0,0,0,0,0,0,0,0,0}}
]
00:38:13.208 [main] INFO  sudoku.model.SudokuBoard - Wartość 0 wstawiona nieprawidłowo
00:38:13.208 [main] INFO  sudoku.model.SudokuBoard - Bład w kwadracie 0
sudoku.model.SudokuBoard@186295cc[
  size=9
  solver=sudoku.model.BacktrackingSudokuSolver@4e85dcb2
  board={{7,8,5,2,1,9,4,3,6},{1,6,3,4,5,7,8,2,9},{4,9,2,3,6,8,7,1,5},{6,7,4,5,3,1,2,9,8},{8,1,9,6,4,0,0,0,0},{0,0,0,0,0,0,0,0,0},{0,0,0,0,0,0,0,0,0},{0,0,0,0,0,0,0,0,0},{0,0,0,0,0,0,0,0,0}}
]
00:38:13.218 [main] INFO  sudoku.model.SudokuBoard - Wartość 0 wstawiona nieprawidłowo
00:38:13.219 [main] INFO  sudoku.model.SudokuBoard - Bład w kwadracie 0
sudoku.model.SudokuBoard@186295cc[
  size=9
  solver=sudoku.model.BacktrackingSudokuSolver@4e85dcb2
  board={{7,8,5,2,1,9,4,3,6},{1,6,3,4,5,7,8,2,9},{4,9,2,3,6,8,7,1,5},{6,7,4,5,3,1,2,9,8},{8,1,9,6,0,0,0,0,0},{0,0,0,0,0,0,0,0,0},{0,0,0,0,0,0,0,0,0},{0,0,0,0,0,0,0,0,0},{0,0,0,0,0,0,0,0,0}}
]
00:38:13.219 [main] INFO  sudoku.model.SudokuBoard - Wartość 0 wstawiona nieprawidłowo
00:38:13.219 [main] INFO  sudoku.model.SudokuBoard - Bład w kwadracie 0
sudoku.model.SudokuBoard@186295cc[
  size=9
  solver=sudoku.model.BacktrackingSudokuSolver@4e85dcb2
  board={{7,8,5,2,1,9,4,3,6},{1,6,3,4,5,7,8,2,9},{4,9,2,3,6,8,7,1,5},{6,7,4,5,3,1,2,9,8},{8,1,9,0,0,0,0,0,0},{0,0,0,0,0,0,0,0,0},{0,0,0,0,0,0,0,0,0},{0,0,0,0,0,0,0,0,0},{0,0,0,0,0,0,0,0,0}}
]
00:38:13.219 [main] INFO  sudoku.model.SudokuBoard - Wartość 0 wstawiona nieprawidłowo
00:38:13.219 [main] INFO  sudoku.model.SudokuBoard - Bład w kwadracie 0
sudoku.model.SudokuBoard@186295cc[
  size=9
  solver=sudoku.model.BacktrackingSudokuSolver@4e85dcb2
  board={{7,8,5,2,1,9,4,3,6},{1,6,3,4,5,7,8,2,9},{4,9,2,3,6,8,7,1,5},{6,7,4,5,3,1,2,9,8},{8,1,9,7,2,4,3,0,0},{0,0,0,0,0,0,0,0,0},{0,0,0,0,0,0,0,0,0},{0,0,0,0,0,0,0,0,0},{0,0,0,0,0,0,0,0,0}}
]
00:38:13.219 [main] INFO  sudoku.model.SudokuBoard - Wartość 0 wstawiona nieprawidłowo
00:38:13.219 [main] INFO  sudoku.model.SudokuBoard - Bład w kwadracie 0
sudoku.model.SudokuBoard@186295cc[
  size=9
  solver=sudoku.model.BacktrackingSudokuSolver@4e85dcb2
  board={{7,8,5,2,1,9,4,3,6},{1,6,3,4,5,7,8,2,9},{4,9,2,3,6,8,7,1,5},{6,7,4,5,3,1,2,9,8},{8,1,9,7,2,4,3,0,0},{0,0,0,0,0,0,0,0,0},{0,0,0,0,0,0,0,0,0},{0,0,0,0,0,0,0,0,0},{0,0,0,0,0,0,0,0,0}}
]
00:38:13.219 [main] INFO  sudoku.model.SudokuBoard - Wartość 0 wstawiona nieprawidłowo
00:38:13.219 [main] INFO  sudoku.model.SudokuBoard - Bład w kwadracie 0
sudoku.model.SudokuBoard@186295cc[
  size=9
  solver=sudoku.model.BacktrackingSudokuSolver@4e85dcb2
  board={{7,8,5,2,1,9,4,3,6},{1,6,3,4,5,7,8,2,9},{4,9,2,3,6,8,7,1,5},{6,7,4,5,3,1,2,9,8},{8,1,9,7,2,4,0,0,0},{0,0,0,0,0,0,0,0,0},{0,0,0,0,0,0,0,0,0},{0,0,0,0,0,0,0,0,0},{0,0,0,0,0,0,0,0,0}}
]
00:38:13.220 [main] INFO  sudoku.model.SudokuBoard - Wartość 0 wstawiona nieprawidłowo
00:38:13.232 [main] INFO  sudoku.model.SudokuBoard - Bład w kwadracie 0
sudoku.model.SudokuBoard@186295cc[
  size=9
  solver=sudoku.model.BacktrackingSudokuSolver@4e85dcb2
  board={{7,8,5,2,1,9,4,3,6},{1,6,3,4,5,7,8,2,9},{4,9,2,3,6,8,7,1,5},{6,7,4,5,3,1,2,9,8},{8,1,9,7,2,4,5,6,3},{2,0,0,0,0,0,0,0,0},{0,0,0,0,0,0,0,0,0},{0,0,0,0,0,0,0,0,0},{0,0,0,0,0,0,0,0,0}}
]
00:38:13.232 [main] INFO  sudoku.model.SudokuBoard - Wartość 0 wstawiona nieprawidłowo
00:38:13.232 [main] INFO  sudoku.model.SudokuBoard - Bład w kwadracie 0
sudoku.model.SudokuBoard@186295cc[
  size=9
  solver=sudoku.model.BacktrackingSudokuSolver@4e85dcb2
  board={{7,8,5,2,1,9,4,3,6},{1,6,3,4,5,7,8,2,9},{4,9,2,3,6,8,7,1,5},{6,7,4,5,3,1,2,9,8},{8,1,9,7,2,4,5,6,3},{2,0,0,0,0,0,0,0,0},{0,0,0,0,0,0,0,0,0},{0,0,0,0,0,0,0,0,0},{0,0,0,0,0,0,0,0,0}}
]
00:38:13.232 [main] INFO  sudoku.model.SudokuBoard - Wartość 0 wstawiona nieprawidłowo
00:38:13.232 [main] INFO  sudoku.model.SudokuBoard - Bład w kwadracie 0
sudoku.model.SudokuBoard@186295cc[
  size=9
  solver=sudoku.model.BacktrackingSudokuSolver@4e85dcb2
  board={{7,8,5,2,1,9,4,3,6},{1,6,3,4,5,7,8,2,9},{4,9,2,3,6,8,7,1,5},{6,7,4,5,3,1,2,9,8},{8,1,9,7,2,4,5,6,3},{0,0,0,0,0,0,0,0,0},{0,0,0,0,0,0,0,0,0},{0,0,0,0,0,0,0,0,0},{0,0,0,0,0,0,0,0,0}}
]
00:38:13.233 [main] INFO  sudoku.model.SudokuBoard - Wartość 0 wstawiona nieprawidłowo
00:38:13.234 [main] INFO  sudoku.model.SudokuBoard - Bład w kwadracie 0
sudoku.model.SudokuBoard@186295cc[
  size=9
  solver=sudoku.model.BacktrackingSudokuSolver@4e85dcb2
  board={{7,8,5,2,1,9,4,3,6},{1,6,3,4,5,7,8,2,9},{4,9,2,3,6,8,7,1,5},{6,7,4,5,3,1,2,9,8},{8,1,9,7,2,4,5,6,3},{3,0,0,0,0,0,0,0,0},{0,0,0,0,0,0,0,0,0},{0,0,0,0,0,0,0,0,0},{0,0,0,0,0,0,0,0,0}}
]
00:38:13.234 [main] INFO  sudoku.model.SudokuBoard - Wartość 0 wstawiona nieprawidłowo
00:38:13.235 [main] INFO  sudoku.model.SudokuBoard - Bład w kwadracie 0
sudoku.model.SudokuBoard@186295cc[
  size=9
  solver=sudoku.model.BacktrackingSudokuSolver@4e85dcb2
  board={{7,8,5,2,1,9,4,3,6},{1,6,3,4,5,7,8,2,9},{4,9,2,3,6,8,7,1,5},{6,7,4,5,3,1,2,9,8},{8,1,9,7,2,4,5,6,3},{3,0,0,0,0,0,0,0,0},{0,0,0,0,0,0,0,0,0},{0,0,0,0,0,0,0,0,0},{0,0,0,0,0,0,0,0,0}}
]
00:38:13.235 [main] INFO  sudoku.model.SudokuBoard - Wartość 0 wstawiona nieprawidłowo
00:38:13.235 [main] INFO  sudoku.model.SudokuBoard - Bład w kwadracie 0
sudoku.model.SudokuBoard@186295cc[
  size=9
  solver=sudoku.model.BacktrackingSudokuSolver@4e85dcb2
  board={{7,8,5,2,1,9,4,3,6},{1,6,3,4,5,7,8,2,9},{4,9,2,3,6,8,7,1,5},{6,7,4,5,3,1,2,9,8},{8,1,9,7,2,4,5,6,3},{0,0,0,0,0,0,0,0,0},{0,0,0,0,0,0,0,0,0},{0,0,0,0,0,0,0,0,0},{0,0,0,0,0,0,0,0,0}}
]
00:38:13.235 [main] INFO  sudoku.model.SudokuBoard - Wartość 0 wstawiona nieprawidłowo
00:38:13.235 [main] INFO  sudoku.model.SudokuBoard - Bład w kwadracie 0
sudoku.model.SudokuBoard@186295cc[
  size=9
  solver=sudoku.model.BacktrackingSudokuSolver@4e85dcb2
  board={{7,8,5,2,1,9,4,3,6},{1,6,3,4,5,7,8,2,9},{4,9,2,3,6,8,7,1,5},{6,7,4,5,3,1,2,9,8},{8,1,9,7,2,4,5,6,3},{5,0,0,0,0,0,0,0,0},{0,0,0,0,0,0,0,0,0},{0,0,0,0,0,0,0,0,0},{0,0,0,0,0,0,0,0,0}}
]
00:38:13.235 [main] INFO  sudoku.model.SudokuBoard - Wartość 0 wstawiona nieprawidłowo
00:38:13.235 [main] INFO  sudoku.model.SudokuBoard - Bład w kwadracie 0
sudoku.model.SudokuBoard@186295cc[
  size=9
  solver=sudoku.model.BacktrackingSudokuSolver@4e85dcb2
  board={{7,8,5,2,1,9,4,3,6},{1,6,3,4,5,7,8,2,9},{4,9,2,3,6,8,7,1,5},{6,7,4,5,3,1,2,9,8},{8,1,9,7,2,4,5,6,3},{5,0,0,0,0,0,0,0,0},{0,0,0,0,0,0,0,0,0},{0,0,0,0,0,0,0,0,0},{0,0,0,0,0,0,0,0,0}}
]
00:38:13.235 [main] INFO  sudoku.model.SudokuBoard - Wartość 0 wstawiona nieprawidłowo
00:38:13.235 [main] INFO  sudoku.model.SudokuBoard - Bład w kwadracie 0
sudoku.model.SudokuBoard@186295cc[
  size=9
  solver=sudoku.model.BacktrackingSudokuSolver@4e85dcb2
  board={{7,8,5,2,1,9,4,3,6},{1,6,3,4,5,7,8,2,9},{4,9,2,3,6,8,7,1,5},{6,7,4,5,3,1,2,9,8},{8,1,9,7,2,4,5,6,3},{0,0,0,0,0,0,0,0,0},{0,0,0,0,0,0,0,0,0},{0,0,0,0,0,0,0,0,0},{0,0,0,0,0,0,0,0,0}}
]
00:38:13.235 [main] INFO  sudoku.model.SudokuBoard - Wartość 0 wstawiona nieprawidłowo
00:38:13.235 [main] INFO  sudoku.model.SudokuBoard - Bład w kwadracie 0
sudoku.model.SudokuBoard@186295cc[
  size=9
  solver=sudoku.model.BacktrackingSudokuSolver@4e85dcb2
  board={{7,8,5,2,1,9,4,3,6},{1,6,3,4,5,7,8,2,9},{4,9,2,3,6,8,7,1,5},{6,7,4,5,3,1,2,9,8},{8,1,9,7,2,4,5,6,0},{0,0,0,0,0,0,0,0,0},{0,0,0,0,0,0,0,0,0},{0,0,0,0,0,0,0,0,0},{0,0,0,0,0,0,0,0,0}}
]
00:38:13.235 [main] INFO  sudoku.model.SudokuBoard - Wartość 0 wstawiona nieprawidłowo
00:38:13.236 [main] INFO  sudoku.model.SudokuBoard - Bład w kwadracie 0
sudoku.model.SudokuBoard@186295cc[
  size=9
  solver=sudoku.model.BacktrackingSudokuSolver@4e85dcb2
  board={{7,8,5,2,1,9,4,3,6},{1,6,3,4,5,7,8,2,9},{4,9,2,3,6,8,7,1,5},{6,7,4,5,3,1,2,9,8},{8,1,9,7,2,4,5,0,0},{0,0,0,0,0,0,0,0,0},{0,0,0,0,0,0,0,0,0},{0,0,0,0,0,0,0,0,0},{0,0,0,0,0,0,0,0,0}}
]
00:38:13.236 [main] INFO  sudoku.model.SudokuBoard - Wartość 0 wstawiona nieprawidłowo
00:38:13.236 [main] INFO  sudoku.model.SudokuBoard - Bład w kwadracie 0
sudoku.model.SudokuBoard@186295cc[
  size=9
  solver=sudoku.model.BacktrackingSudokuSolver@4e85dcb2
  board={{7,8,5,2,1,9,4,3,6},{1,6,3,4,5,7,8,2,9},{4,9,2,3,6,8,7,1,5},{6,7,4,5,3,1,2,9,8},{8,1,9,7,2,4,0,0,0},{0,0,0,0,0,0,0,0,0},{0,0,0,0,0,0,0,0,0},{0,0,0,0,0,0,0,0,0},{0,0,0,0,0,0,0,0,0}}
]
00:38:13.236 [main] INFO  sudoku.model.SudokuBoard - Wartość 0 wstawiona nieprawidłowo
00:38:13.236 [main] INFO  sudoku.model.SudokuBoard - Bład w kwadracie 0
sudoku.model.SudokuBoard@186295cc[
  size=9
  solver=sudoku.model.BacktrackingSudokuSolver@4e85dcb2
  board={{7,8,5,2,1,9,4,3,6},{1,6,3,4,5,7,8,2,9},{4,9,2,3,6,8,7,1,5},{6,7,4,5,3,1,2,9,8},{8,1,9,7,2,4,6,5,3},{2,0,0,0,0,0,0,0,0},{0,0,0,0,0,0,0,0,0},{0,0,0,0,0,0,0,0,0},{0,0,0,0,0,0,0,0,0}}
]
00:38:13.236 [main] INFO  sudoku.model.SudokuBoard - Wartość 0 wstawiona nieprawidłowo
00:38:13.236 [main] INFO  sudoku.model.SudokuBoard - Bład w kwadracie 0
sudoku.model.SudokuBoard@186295cc[
  size=9
  solver=sudoku.model.BacktrackingSudokuSolver@4e85dcb2
  board={{7,8,5,2,1,9,4,3,6},{1,6,3,4,5,7,8,2,9},{4,9,2,3,6,8,7,1,5},{6,7,4,5,3,1,2,9,8},{8,1,9,7,2,4,6,5,3},{2,0,0,0,0,0,0,0,0},{0,0,0,0,0,0,0,0,0},{0,0,0,0,0,0,0,0,0},{0,0,0,0,0,0,0,0,0}}
]
00:38:13.236 [main] INFO  sudoku.model.SudokuBoard - Wartość 0 wstawiona nieprawidłowo
00:38:13.236 [main] INFO  sudoku.model.SudokuBoard - Bład w kwadracie 0
sudoku.model.SudokuBoard@186295cc[
  size=9
  solver=sudoku.model.BacktrackingSudokuSolver@4e85dcb2
  board={{7,8,5,2,1,9,4,3,6},{1,6,3,4,5,7,8,2,9},{4,9,2,3,6,8,7,1,5},{6,7,4,5,3,1,2,9,8},{8,1,9,7,2,4,6,5,3},{0,0,0,0,0,0,0,0,0},{0,0,0,0,0,0,0,0,0},{0,0,0,0,0,0,0,0,0},{0,0,0,0,0,0,0,0,0}}
]
00:38:13.237 [main] INFO  sudoku.model.SudokuBoard - Wartość 0 wstawiona nieprawidłowo
00:38:13.237 [main] INFO  sudoku.model.SudokuBoard - Bład w kwadracie 0
sudoku.model.SudokuBoard@186295cc[
  size=9
  solver=sudoku.model.BacktrackingSudokuSolver@4e85dcb2
  board={{7,8,5,2,1,9,4,3,6},{1,6,3,4,5,7,8,2,9},{4,9,2,3,6,8,7,1,5},{6,7,4,5,3,1,2,9,8},{8,1,9,7,2,4,6,5,3},{3,0,0,0,0,0,0,0,0},{0,0,0,0,0,0,0,0,0},{0,0,0,0,0,0,0,0,0},{0,0,0,0,0,0,0,0,0}}
]
00:38:13.237 [main] INFO  sudoku.model.SudokuBoard - Wartość 0 wstawiona nieprawidłowo
00:38:13.237 [main] INFO  sudoku.model.SudokuBoard - Bład w kwadracie 0
sudoku.model.SudokuBoard@186295cc[
  size=9
  solver=sudoku.model.BacktrackingSudokuSolver@4e85dcb2
  board={{7,8,5,2,1,9,4,3,6},{1,6,3,4,5,7,8,2,9},{4,9,2,3,6,8,7,1,5},{6,7,4,5,3,1,2,9,8},{8,1,9,7,2,4,6,5,3},{3,0,0,0,0,0,0,0,0},{0,0,0,0,0,0,0,0,0},{0,0,0,0,0,0,0,0,0},{0,0,0,0,0,0,0,0,0}}
]
00:38:13.237 [main] INFO  sudoku.model.SudokuBoard - Wartość 0 wstawiona nieprawidłowo
00:38:13.237 [main] INFO  sudoku.model.SudokuBoard - Bład w kwadracie 0
sudoku.model.SudokuBoard@186295cc[
  size=9
  solver=sudoku.model.BacktrackingSudokuSolver@4e85dcb2
  board={{7,8,5,2,1,9,4,3,6},{1,6,3,4,5,7,8,2,9},{4,9,2,3,6,8,7,1,5},{6,7,4,5,3,1,2,9,8},{8,1,9,7,2,4,6,5,3},{0,0,0,0,0,0,0,0,0},{0,0,0,0,0,0,0,0,0},{0,0,0,0,0,0,0,0,0},{0,0,0,0,0,0,0,0,0}}
]
00:38:13.237 [main] INFO  sudoku.model.SudokuBoard - Wartość 0 wstawiona nieprawidłowo
00:38:13.237 [main] INFO  sudoku.model.SudokuBoard - Bład w kwadracie 0
sudoku.model.SudokuBoard@186295cc[
  size=9
  solver=sudoku.model.BacktrackingSudokuSolver@4e85dcb2
  board={{7,8,5,2,1,9,4,3,6},{1,6,3,4,5,7,8,2,9},{4,9,2,3,6,8,7,1,5},{6,7,4,5,3,1,2,9,8},{8,1,9,7,2,4,6,5,3},{5,0,0,0,0,0,0,0,0},{0,0,0,0,0,0,0,0,0},{0,0,0,0,0,0,0,0,0},{0,0,0,0,0,0,0,0,0}}
]
00:38:13.237 [main] INFO  sudoku.model.SudokuBoard - Wartość 0 wstawiona nieprawidłowo
00:38:13.238 [main] INFO  sudoku.model.SudokuBoard - Bład w kwadracie 0
sudoku.model.SudokuBoard@186295cc[
  size=9
  solver=sudoku.model.BacktrackingSudokuSolver@4e85dcb2
  board={{7,8,5,2,1,9,4,3,6},{1,6,3,4,5,7,8,2,9},{4,9,2,3,6,8,7,1,5},{6,7,4,5,3,1,2,9,8},{8,1,9,7,2,4,6,5,3},{5,0,0,0,0,0,0,0,0},{0,0,0,0,0,0,0,0,0},{0,0,0,0,0,0,0,0,0},{0,0,0,0,0,0,0,0,0}}
]
00:38:13.238 [main] INFO  sudoku.model.SudokuBoard - Wartość 0 wstawiona nieprawidłowo
00:38:13.238 [main] INFO  sudoku.model.SudokuBoard - Bład w kwadracie 0
sudoku.model.SudokuBoard@186295cc[
  size=9
  solver=sudoku.model.BacktrackingSudokuSolver@4e85dcb2
  board={{7,8,5,2,1,9,4,3,6},{1,6,3,4,5,7,8,2,9},{4,9,2,3,6,8,7,1,5},{6,7,4,5,3,1,2,9,8},{8,1,9,7,2,4,6,5,3},{0,0,0,0,0,0,0,0,0},{0,0,0,0,0,0,0,0,0},{0,0,0,0,0,0,0,0,0},{0,0,0,0,0,0,0,0,0}}
]
00:38:13.238 [main] INFO  sudoku.model.SudokuBoard - Wartość 0 wstawiona nieprawidłowo
00:38:13.238 [main] INFO  sudoku.model.SudokuBoard - Bład w kwadracie 0
sudoku.model.SudokuBoard@186295cc[
  size=9
  solver=sudoku.model.BacktrackingSudokuSolver@4e85dcb2
  board={{7,8,5,2,1,9,4,3,6},{1,6,3,4,5,7,8,2,9},{4,9,2,3,6,8,7,1,5},{6,7,4,5,3,1,2,9,8},{8,1,9,7,2,4,6,5,0},{0,0,0,0,0,0,0,0,0},{0,0,0,0,0,0,0,0,0},{0,0,0,0,0,0,0,0,0},{0,0,0,0,0,0,0,0,0}}
]
00:38:13.238 [main] INFO  sudoku.model.SudokuBoard - Wartość 0 wstawiona nieprawidłowo
00:38:13.238 [main] INFO  sudoku.model.SudokuBoard - Bład w kwadracie 0
sudoku.model.SudokuBoard@186295cc[
  size=9
  solver=sudoku.model.BacktrackingSudokuSolver@4e85dcb2
  board={{7,8,5,2,1,9,4,3,6},{1,6,3,4,5,7,8,2,9},{4,9,2,3,6,8,7,1,5},{6,7,4,5,3,1,2,9,8},{8,1,9,7,2,4,6,0,0},{0,0,0,0,0,0,0,0,0},{0,0,0,0,0,0,0,0,0},{0,0,0,0,0,0,0,0,0},{0,0,0,0,0,0,0,0,0}}
]
00:38:13.238 [main] INFO  sudoku.model.SudokuBoard - Wartość 0 wstawiona nieprawidłowo
00:38:13.238 [main] INFO  sudoku.model.SudokuBoard - Bład w kwadracie 0
sudoku.model.SudokuBoard@186295cc[
  size=9
  solver=sudoku.model.BacktrackingSudokuSolver@4e85dcb2
  board={{7,8,5,2,1,9,4,3,6},{1,6,3,4,5,7,8,2,9},{4,9,2,3,6,8,7,1,5},{6,7,4,5,3,1,2,9,8},{8,1,9,7,2,4,0,0,0},{0,0,0,0,0,0,0,0,0},{0,0,0,0,0,0,0,0,0},{0,0,0,0,0,0,0,0,0},{0,0,0,0,0,0,0,0,0}}
]
00:38:13.238 [main] INFO  sudoku.model.SudokuBoard - Wartość 0 wstawiona nieprawidłowo
00:38:13.238 [main] INFO  sudoku.model.SudokuBoard - Bład w kwadracie 0
sudoku.model.SudokuBoard@186295cc[
  size=9
  solver=sudoku.model.BacktrackingSudokuSolver@4e85dcb2
  board={{7,8,5,2,1,9,4,3,6},{1,6,3,4,5,7,8,2,9},{4,9,2,3,6,8,7,1,5},{6,7,4,5,3,1,2,9,8},{8,1,9,7,2,0,0,0,0},{0,0,0,0,0,0,0,0,0},{0,0,0,0,0,0,0,0,0},{0,0,0,0,0,0,0,0,0},{0,0,0,0,0,0,0,0,0}}
]
00:38:13.239 [main] INFO  sudoku.model.SudokuBoard - Wartość 0 wstawiona nieprawidłowo
00:38:13.239 [main] INFO  sudoku.model.SudokuBoard - Bład w kwadracie 0
sudoku.model.SudokuBoard@186295cc[
  size=9
  solver=sudoku.model.BacktrackingSudokuSolver@4e85dcb2
  board={{7,8,5,2,1,9,4,3,6},{1,6,3,4,5,7,8,2,9},{4,9,2,3,6,8,7,1,5},{6,7,4,5,3,1,2,9,8},{8,1,9,7,2,6,3,0,0},{0,0,0,0,0,0,0,0,0},{0,0,0,0,0,0,0,0,0},{0,0,0,0,0,0,0,0,0},{0,0,0,0,0,0,0,0,0}}
]
00:38:13.239 [main] INFO  sudoku.model.SudokuBoard - Wartość 0 wstawiona nieprawidłowo
00:38:13.239 [main] INFO  sudoku.model.SudokuBoard - Bład w kwadracie 0
sudoku.model.SudokuBoard@186295cc[
  size=9
  solver=sudoku.model.BacktrackingSudokuSolver@4e85dcb2
  board={{7,8,5,2,1,9,4,3,6},{1,6,3,4,5,7,8,2,9},{4,9,2,3,6,8,7,1,5},{6,7,4,5,3,1,2,9,8},{8,1,9,7,2,6,3,5,4},{2,0,0,0,0,0,0,0,0},{0,0,0,0,0,0,0,0,0},{0,0,0,0,0,0,0,0,0},{0,0,0,0,0,0,0,0,0}}
]
00:38:13.239 [main] INFO  sudoku.model.SudokuBoard - Wartość 0 wstawiona nieprawidłowo
00:38:13.239 [main] INFO  sudoku.model.SudokuBoard - Bład w kwadracie 0
sudoku.model.SudokuBoard@186295cc[
  size=9
  solver=sudoku.model.BacktrackingSudokuSolver@4e85dcb2
  board={{7,8,5,2,1,9,4,3,6},{1,6,3,4,5,7,8,2,9},{4,9,2,3,6,8,7,1,5},{6,7,4,5,3,1,2,9,8},{8,1,9,7,2,6,3,5,4},{2,0,0,0,0,0,0,0,0},{0,0,0,0,0,0,0,0,0},{0,0,0,0,0,0,0,0,0},{0,0,0,0,0,0,0,0,0}}
]
00:38:13.239 [main] INFO  sudoku.model.SudokuBoard - Wartość 0 wstawiona nieprawidłowo
00:38:13.239 [main] INFO  sudoku.model.SudokuBoard - Bład w kwadracie 0
sudoku.model.SudokuBoard@186295cc[
  size=9
  solver=sudoku.model.BacktrackingSudokuSolver@4e85dcb2
  board={{7,8,5,2,1,9,4,3,6},{1,6,3,4,5,7,8,2,9},{4,9,2,3,6,8,7,1,5},{6,7,4,5,3,1,2,9,8},{8,1,9,7,2,6,3,5,4},{0,0,0,0,0,0,0,0,0},{0,0,0,0,0,0,0,0,0},{0,0,0,0,0,0,0,0,0},{0,0,0,0,0,0,0,0,0}}
]
00:38:13.239 [main] INFO  sudoku.model.SudokuBoard - Wartość 0 wstawiona nieprawidłowo
00:38:13.239 [main] INFO  sudoku.model.SudokuBoard - Bład w kwadracie 0
sudoku.model.SudokuBoard@186295cc[
  size=9
  solver=sudoku.model.BacktrackingSudokuSolver@4e85dcb2
  board={{7,8,5,2,1,9,4,3,6},{1,6,3,4,5,7,8,2,9},{4,9,2,3,6,8,7,1,5},{6,7,4,5,3,1,2,9,8},{8,1,9,7,2,6,3,5,4},{3,0,0,0,0,0,0,0,0},{0,0,0,0,0,0,0,0,0},{0,0,0,0,0,0,0,0,0},{0,0,0,0,0,0,0,0,0}}
]
00:38:13.239 [main] INFO  sudoku.model.SudokuBoard - Wartość 0 wstawiona nieprawidłowo
00:38:13.240 [main] INFO  sudoku.model.SudokuBoard - Bład w kwadracie 0
sudoku.model.SudokuBoard@186295cc[
  size=9
  solver=sudoku.model.BacktrackingSudokuSolver@4e85dcb2
  board={{7,8,5,2,1,9,4,3,6},{1,6,3,4,5,7,8,2,9},{4,9,2,3,6,8,7,1,5},{6,7,4,5,3,1,2,9,8},{8,1,9,7,2,6,3,5,4},{3,0,0,0,0,0,0,0,0},{0,0,0,0,0,0,0,0,0},{0,0,0,0,0,0,0,0,0},{0,0,0,0,0,0,0,0,0}}
]
00:38:13.240 [main] INFO  sudoku.model.SudokuBoard - Wartość 0 wstawiona nieprawidłowo
00:38:13.240 [main] INFO  sudoku.model.SudokuBoard - Bład w kwadracie 0
sudoku.model.SudokuBoard@186295cc[
  size=9
  solver=sudoku.model.BacktrackingSudokuSolver@4e85dcb2
  board={{7,8,5,2,1,9,4,3,6},{1,6,3,4,5,7,8,2,9},{4,9,2,3,6,8,7,1,5},{6,7,4,5,3,1,2,9,8},{8,1,9,7,2,6,3,5,4},{0,0,0,0,0,0,0,0,0},{0,0,0,0,0,0,0,0,0},{0,0,0,0,0,0,0,0,0},{0,0,0,0,0,0,0,0,0}}
]
00:38:13.240 [main] INFO  sudoku.model.SudokuBoard - Wartość 0 wstawiona nieprawidłowo
00:38:13.240 [main] INFO  sudoku.model.SudokuBoard - Bład w kwadracie 0
sudoku.model.SudokuBoard@186295cc[
  size=9
  solver=sudoku.model.BacktrackingSudokuSolver@4e85dcb2
  board={{7,8,5,2,1,9,4,3,6},{1,6,3,4,5,7,8,2,9},{4,9,2,3,6,8,7,1,5},{6,7,4,5,3,1,2,9,8},{8,1,9,7,2,6,3,5,4},{5,0,0,0,0,0,0,0,0},{0,0,0,0,0,0,0,0,0},{0,0,0,0,0,0,0,0,0},{0,0,0,0,0,0,0,0,0}}
]
00:38:13.240 [main] INFO  sudoku.model.SudokuBoard - Wartość 0 wstawiona nieprawidłowo
00:38:13.240 [main] INFO  sudoku.model.SudokuBoard - Bład w kwadracie 0
sudoku.model.SudokuBoard@186295cc[
  size=9
  solver=sudoku.model.BacktrackingSudokuSolver@4e85dcb2
  board={{7,8,5,2,1,9,4,3,6},{1,6,3,4,5,7,8,2,9},{4,9,2,3,6,8,7,1,5},{6,7,4,5,3,1,2,9,8},{8,1,9,7,2,6,3,5,4},{5,0,0,0,0,0,0,0,0},{0,0,0,0,0,0,0,0,0},{0,0,0,0,0,0,0,0,0},{0,0,0,0,0,0,0,0,0}}
]
00:38:13.240 [main] INFO  sudoku.model.SudokuBoard - Wartość 0 wstawiona nieprawidłowo
00:38:13.240 [main] INFO  sudoku.model.SudokuBoard - Bład w kwadracie 0
sudoku.model.SudokuBoard@186295cc[
  size=9
  solver=sudoku.model.BacktrackingSudokuSolver@4e85dcb2
  board={{7,8,5,2,1,9,4,3,6},{1,6,3,4,5,7,8,2,9},{4,9,2,3,6,8,7,1,5},{6,7,4,5,3,1,2,9,8},{8,1,9,7,2,6,3,5,4},{0,0,0,0,0,0,0,0,0},{0,0,0,0,0,0,0,0,0},{0,0,0,0,0,0,0,0,0},{0,0,0,0,0,0,0,0,0}}
]
00:38:13.240 [main] INFO  sudoku.model.SudokuBoard - Wartość 0 wstawiona nieprawidłowo
00:38:13.240 [main] INFO  sudoku.model.SudokuBoard - Bład w kwadracie 0
sudoku.model.SudokuBoard@186295cc[
  size=9
  solver=sudoku.model.BacktrackingSudokuSolver@4e85dcb2
  board={{7,8,5,2,1,9,4,3,6},{1,6,3,4,5,7,8,2,9},{4,9,2,3,6,8,7,1,5},{6,7,4,5,3,1,2,9,8},{8,1,9,7,2,6,3,5,0},{0,0,0,0,0,0,0,0,0},{0,0,0,0,0,0,0,0,0},{0,0,0,0,0,0,0,0,0},{0,0,0,0,0,0,0,0,0}}
]
00:38:13.240 [main] INFO  sudoku.model.SudokuBoard - Wartość 0 wstawiona nieprawidłowo
00:38:13.241 [main] INFO  sudoku.model.SudokuBoard - Bład w kwadracie 0
sudoku.model.SudokuBoard@186295cc[
  size=9
  solver=sudoku.model.BacktrackingSudokuSolver@4e85dcb2
  board={{7,8,5,2,1,9,4,3,6},{1,6,3,4,5,7,8,2,9},{4,9,2,3,6,8,7,1,5},{6,7,4,5,3,1,2,9,8},{8,1,9,7,2,6,3,0,0},{0,0,0,0,0,0,0,0,0},{0,0,0,0,0,0,0,0,0},{0,0,0,0,0,0,0,0,0},{0,0,0,0,0,0,0,0,0}}
]
00:38:13.241 [main] INFO  sudoku.model.SudokuBoard - Wartość 0 wstawiona nieprawidłowo
00:38:13.241 [main] INFO  sudoku.model.SudokuBoard - Bład w kwadracie 0
sudoku.model.SudokuBoard@186295cc[
  size=9
  solver=sudoku.model.BacktrackingSudokuSolver@4e85dcb2
  board={{7,8,5,2,1,9,4,3,6},{1,6,3,4,5,7,8,2,9},{4,9,2,3,6,8,7,1,5},{6,7,4,5,3,1,2,9,8},{8,1,9,7,2,6,0,0,0},{0,0,0,0,0,0,0,0,0},{0,0,0,0,0,0,0,0,0},{0,0,0,0,0,0,0,0,0},{0,0,0,0,0,0,0,0,0}}
]
00:38:13.241 [main] INFO  sudoku.model.SudokuBoard - Wartość 0 wstawiona nieprawidłowo
00:38:13.241 [main] INFO  sudoku.model.SudokuBoard - Bład w kwadracie 0
sudoku.model.SudokuBoard@186295cc[
  size=9
  solver=sudoku.model.BacktrackingSudokuSolver@4e85dcb2
  board={{7,8,5,2,1,9,4,3,6},{1,6,3,4,5,7,8,2,9},{4,9,2,3,6,8,7,1,5},{6,7,4,5,3,1,2,9,8},{8,1,9,7,2,6,5,4,3},{2,0,0,0,0,0,0,0,0},{0,0,0,0,0,0,0,0,0},{0,0,0,0,0,0,0,0,0},{0,0,0,0,0,0,0,0,0}}
]
00:38:13.241 [main] INFO  sudoku.model.SudokuBoard - Wartość 0 wstawiona nieprawidłowo
00:38:13.241 [main] INFO  sudoku.model.SudokuBoard - Bład w kwadracie 0
sudoku.model.SudokuBoard@186295cc[
  size=9
  solver=sudoku.model.BacktrackingSudokuSolver@4e85dcb2
  board={{7,8,5,2,1,9,4,3,6},{1,6,3,4,5,7,8,2,9},{4,9,2,3,6,8,7,1,5},{6,7,4,5,3,1,2,9,8},{8,1,9,7,2,6,5,4,3},{2,0,0,0,0,0,0,0,0},{0,0,0,0,0,0,0,0,0},{0,0,0,0,0,0,0,0,0},{0,0,0,0,0,0,0,0,0}}
]
00:38:13.241 [main] INFO  sudoku.model.SudokuBoard - Wartość 0 wstawiona nieprawidłowo
00:38:13.241 [main] INFO  sudoku.model.SudokuBoard - Bład w kwadracie 0
sudoku.model.SudokuBoard@186295cc[
  size=9
  solver=sudoku.model.BacktrackingSudokuSolver@4e85dcb2
  board={{7,8,5,2,1,9,4,3,6},{1,6,3,4,5,7,8,2,9},{4,9,2,3,6,8,7,1,5},{6,7,4,5,3,1,2,9,8},{8,1,9,7,2,6,5,4,3},{0,0,0,0,0,0,0,0,0},{0,0,0,0,0,0,0,0,0},{0,0,0,0,0,0,0,0,0},{0,0,0,0,0,0,0,0,0}}
]
00:38:13.241 [main] INFO  sudoku.model.SudokuBoard - Wartość 0 wstawiona nieprawidłowo
00:38:13.241 [main] INFO  sudoku.model.SudokuBoard - Bład w kwadracie 0
sudoku.model.SudokuBoard@186295cc[
  size=9
  solver=sudoku.model.BacktrackingSudokuSolver@4e85dcb2
  board={{7,8,5,2,1,9,4,3,6},{1,6,3,4,5,7,8,2,9},{4,9,2,3,6,8,7,1,5},{6,7,4,5,3,1,2,9,8},{8,1,9,7,2,6,5,4,3},{3,0,0,0,0,0,0,0,0},{0,0,0,0,0,0,0,0,0},{0,0,0,0,0,0,0,0,0},{0,0,0,0,0,0,0,0,0}}
]
00:38:13.241 [main] INFO  sudoku.model.SudokuBoard - Wartość 0 wstawiona nieprawidłowo
00:38:13.242 [main] INFO  sudoku.model.SudokuBoard - Bład w kwadracie 0
sudoku.model.SudokuBoard@186295cc[
  size=9
  solver=sudoku.model.BacktrackingSudokuSolver@4e85dcb2
  board={{7,8,5,2,1,9,4,3,6},{1,6,3,4,5,7,8,2,9},{4,9,2,3,6,8,7,1,5},{6,7,4,5,3,1,2,9,8},{8,1,9,7,2,6,5,4,3},{3,0,0,0,0,0,0,0,0},{0,0,0,0,0,0,0,0,0},{0,0,0,0,0,0,0,0,0},{0,0,0,0,0,0,0,0,0}}
]
00:38:13.242 [main] INFO  sudoku.model.SudokuBoard - Wartość 0 wstawiona nieprawidłowo
00:38:13.242 [main] INFO  sudoku.model.SudokuBoard - Bład w kwadracie 0
sudoku.model.SudokuBoard@186295cc[
  size=9
  solver=sudoku.model.BacktrackingSudokuSolver@4e85dcb2
  board={{7,8,5,2,1,9,4,3,6},{1,6,3,4,5,7,8,2,9},{4,9,2,3,6,8,7,1,5},{6,7,4,5,3,1,2,9,8},{8,1,9,7,2,6,5,4,3},{0,0,0,0,0,0,0,0,0},{0,0,0,0,0,0,0,0,0},{0,0,0,0,0,0,0,0,0},{0,0,0,0,0,0,0,0,0}}
]
00:38:13.242 [main] INFO  sudoku.model.SudokuBoard - Wartość 0 wstawiona nieprawidłowo
00:38:13.242 [main] INFO  sudoku.model.SudokuBoard - Bład w kwadracie 0
sudoku.model.SudokuBoard@186295cc[
  size=9
  solver=sudoku.model.BacktrackingSudokuSolver@4e85dcb2
  board={{7,8,5,2,1,9,4,3,6},{1,6,3,4,5,7,8,2,9},{4,9,2,3,6,8,7,1,5},{6,7,4,5,3,1,2,9,8},{8,1,9,7,2,6,5,4,3},{5,0,0,0,0,0,0,0,0},{0,0,0,0,0,0,0,0,0},{0,0,0,0,0,0,0,0,0},{0,0,0,0,0,0,0,0,0}}
]
00:38:13.242 [main] INFO  sudoku.model.SudokuBoard - Wartość 0 wstawiona nieprawidłowo
00:38:13.242 [main] INFO  sudoku.model.SudokuBoard - Bład w kwadracie 0
sudoku.model.SudokuBoard@186295cc[
  size=9
  solver=sudoku.model.BacktrackingSudokuSolver@4e85dcb2
  board={{7,8,5,2,1,9,4,3,6},{1,6,3,4,5,7,8,2,9},{4,9,2,3,6,8,7,1,5},{6,7,4,5,3,1,2,9,8},{8,1,9,7,2,6,5,4,3},{5,0,0,0,0,0,0,0,0},{0,0,0,0,0,0,0,0,0},{0,0,0,0,0,0,0,0,0},{0,0,0,0,0,0,0,0,0}}
]
00:38:13.242 [main] INFO  sudoku.model.SudokuBoard - Wartość 0 wstawiona nieprawidłowo
00:38:13.242 [main] INFO  sudoku.model.SudokuBoard - Bład w kwadracie 0
sudoku.model.SudokuBoard@186295cc[
  size=9
  solver=sudoku.model.BacktrackingSudokuSolver@4e85dcb2
  board={{7,8,5,2,1,9,4,3,6},{1,6,3,4,5,7,8,2,9},{4,9,2,3,6,8,7,1,5},{6,7,4,5,3,1,2,9,8},{8,1,9,7,2,6,5,4,3},{0,0,0,0,0,0,0,0,0},{0,0,0,0,0,0,0,0,0},{0,0,0,0,0,0,0,0,0},{0,0,0,0,0,0,0,0,0}}
]
00:38:13.242 [main] INFO  sudoku.model.SudokuBoard - Wartość 0 wstawiona nieprawidłowo
00:38:13.242 [main] INFO  sudoku.model.SudokuBoard - Bład w kwadracie 0
sudoku.model.SudokuBoard@186295cc[
  size=9
  solver=sudoku.model.BacktrackingSudokuSolver@4e85dcb2
  board={{7,8,5,2,1,9,4,3,6},{1,6,3,4,5,7,8,2,9},{4,9,2,3,6,8,7,1,5},{6,7,4,5,3,1,2,9,8},{8,1,9,7,2,6,5,4,0},{0,0,0,0,0,0,0,0,0},{0,0,0,0,0,0,0,0,0},{0,0,0,0,0,0,0,0,0},{0,0,0,0,0,0,0,0,0}}
]
00:38:13.242 [main] INFO  sudoku.model.SudokuBoard - Wartość 0 wstawiona nieprawidłowo
00:38:13.242 [main] INFO  sudoku.model.SudokuBoard - Bład w kwadracie 0
sudoku.model.SudokuBoard@186295cc[
  size=9
  solver=sudoku.model.BacktrackingSudokuSolver@4e85dcb2
  board={{7,8,5,2,1,9,4,3,6},{1,6,3,4,5,7,8,2,9},{4,9,2,3,6,8,7,1,5},{6,7,4,5,3,1,2,9,8},{8,1,9,7,2,6,5,0,0},{0,0,0,0,0,0,0,0,0},{0,0,0,0,0,0,0,0,0},{0,0,0,0,0,0,0,0,0},{0,0,0,0,0,0,0,0,0}}
]
00:38:13.242 [main] INFO  sudoku.model.SudokuBoard - Wartość 0 wstawiona nieprawidłowo
00:38:13.242 [main] INFO  sudoku.model.SudokuBoard - Bład w kwadracie 0
sudoku.model.SudokuBoard@186295cc[
  size=9
  solver=sudoku.model.BacktrackingSudokuSolver@4e85dcb2
  board={{7,8,5,2,1,9,4,3,6},{1,6,3,4,5,7,8,2,9},{4,9,2,3,6,8,7,1,5},{6,7,4,5,3,1,2,9,8},{8,1,9,7,2,6,0,0,0},{0,0,0,0,0,0,0,0,0},{0,0,0,0,0,0,0,0,0},{0,0,0,0,0,0,0,0,0},{0,0,0,0,0,0,0,0,0}}
]
00:38:13.242 [main] INFO  sudoku.model.SudokuBoard - Wartość 0 wstawiona nieprawidłowo
00:38:13.243 [main] INFO  sudoku.model.SudokuBoard - Bład w kwadracie 0
sudoku.model.SudokuBoard@186295cc[
  size=9
  solver=sudoku.model.BacktrackingSudokuSolver@4e85dcb2
  board={{7,8,5,2,1,9,4,3,6},{1,6,3,4,5,7,8,2,9},{4,9,2,3,6,8,7,1,5},{6,7,4,5,3,1,2,9,8},{8,1,9,7,2,0,0,0,0},{0,0,0,0,0,0,0,0,0},{0,0,0,0,0,0,0,0,0},{0,0,0,0,0,0,0,0,0},{0,0,0,0,0,0,0,0,0}}
]
00:38:13.243 [main] INFO  sudoku.model.SudokuBoard - Wartość 0 wstawiona nieprawidłowo
00:38:13.243 [main] INFO  sudoku.model.SudokuBoard - Bład w kwadracie 0
sudoku.model.SudokuBoard@186295cc[
  size=9
  solver=sudoku.model.BacktrackingSudokuSolver@4e85dcb2
  board={{7,8,5,2,1,9,4,3,6},{1,6,3,4,5,7,8,2,9},{4,9,2,3,6,8,7,1,5},{6,7,4,5,3,1,2,9,8},{8,1,9,7,0,0,0,0,0},{0,0,0,0,0,0,0,0,0},{0,0,0,0,0,0,0,0,0},{0,0,0,0,0,0,0,0,0},{0,0,0,0,0,0,0,0,0}}
]
00:38:13.243 [main] INFO  sudoku.model.SudokuBoard - Wartość 0 wstawiona nieprawidłowo
00:38:13.243 [main] INFO  sudoku.model.SudokuBoard - Bład w kwadracie 0
sudoku.model.SudokuBoard@186295cc[
  size=9
  solver=sudoku.model.BacktrackingSudokuSolver@4e85dcb2
  board={{7,8,5,2,1,9,4,3,6},{1,6,3,4,5,7,8,2,9},{4,9,2,3,6,8,7,1,5},{6,7,4,5,3,1,2,9,8},{8,1,9,7,4,2,5,6,3},{3,0,0,0,0,0,0,0,0},{0,0,0,0,0,0,0,0,0},{0,0,0,0,0,0,0,0,0},{0,0,0,0,0,0,0,0,0}}
]
00:38:13.243 [main] INFO  sudoku.model.SudokuBoard - Wartość 0 wstawiona nieprawidłowo
00:38:13.243 [main] INFO  sudoku.model.SudokuBoard - Bład w kwadracie 0
sudoku.model.SudokuBoard@186295cc[
  size=9
  solver=sudoku.model.BacktrackingSudokuSolver@4e85dcb2
  board={{7,8,5,2,1,9,4,3,6},{1,6,3,4,5,7,8,2,9},{4,9,2,3,6,8,7,1,5},{6,7,4,5,3,1,2,9,8},{8,1,9,7,4,2,5,6,3},{3,0,0,0,0,0,0,0,0},{0,0,0,0,0,0,0,0,0},{0,0,0,0,0,0,0,0,0},{0,0,0,0,0,0,0,0,0}}
]
00:38:13.243 [main] INFO  sudoku.model.SudokuBoard - Wartość 0 wstawiona nieprawidłowo
00:38:13.243 [main] INFO  sudoku.model.SudokuBoard - Bład w kwadracie 0
sudoku.model.SudokuBoard@186295cc[
  size=9
  solver=sudoku.model.BacktrackingSudokuSolver@4e85dcb2
  board={{7,8,5,2,1,9,4,3,6},{1,6,3,4,5,7,8,2,9},{4,9,2,3,6,8,7,1,5},{6,7,4,5,3,1,2,9,8},{8,1,9,7,4,2,5,6,3},{0,0,0,0,0,0,0,0,0},{0,0,0,0,0,0,0,0,0},{0,0,0,0,0,0,0,0,0},{0,0,0,0,0,0,0,0,0}}
]
00:38:13.243 [main] INFO  sudoku.model.SudokuBoard - Wartość 0 wstawiona nieprawidłowo
00:38:13.243 [main] INFO  sudoku.model.SudokuBoard - Bład w kwadracie 0
sudoku.model.SudokuBoard@186295cc[
  size=9
  solver=sudoku.model.BacktrackingSudokuSolver@4e85dcb2
  board={{7,8,5,2,1,9,4,3,6},{1,6,3,4,5,7,8,2,9},{4,9,2,3,6,8,7,1,5},{6,7,4,5,3,1,2,9,8},{8,1,9,7,4,2,5,6,3},{5,0,0,0,0,0,0,0,0},{0,0,0,0,0,0,0,0,0},{0,0,0,0,0,0,0,0,0},{0,0,0,0,0,0,0,0,0}}
]
00:38:13.243 [main] INFO  sudoku.model.SudokuBoard - Wartość 0 wstawiona nieprawidłowo
00:38:13.243 [main] INFO  sudoku.model.SudokuBoard - Bład w kwadracie 0
sudoku.model.SudokuBoard@186295cc[
  size=9
  solver=sudoku.model.BacktrackingSudokuSolver@4e85dcb2
  board={{7,8,5,2,1,9,4,3,6},{1,6,3,4,5,7,8,2,9},{4,9,2,3,6,8,7,1,5},{6,7,4,5,3,1,2,9,8},{8,1,9,7,4,2,5,6,3},{5,0,0,0,0,0,0,0,0},{0,0,0,0,0,0,0,0,0},{0,0,0,0,0,0,0,0,0},{0,0,0,0,0,0,0,0,0}}
]
00:38:13.244 [main] INFO  sudoku.model.SudokuBoard - Wartość 0 wstawiona nieprawidłowo
00:38:13.244 [main] INFO  sudoku.model.SudokuBoard - Bład w kwadracie 0
sudoku.model.SudokuBoard@186295cc[
  size=9
  solver=sudoku.model.BacktrackingSudokuSolver@4e85dcb2
  board={{7,8,5,2,1,9,4,3,6},{1,6,3,4,5,7,8,2,9},{4,9,2,3,6,8,7,1,5},{6,7,4,5,3,1,2,9,8},{8,1,9,7,4,2,5,6,3},{0,0,0,0,0,0,0,0,0},{0,0,0,0,0,0,0,0,0},{0,0,0,0,0,0,0,0,0},{0,0,0,0,0,0,0,0,0}}
]
00:38:13.244 [main] INFO  sudoku.model.SudokuBoard - Wartość 0 wstawiona nieprawidłowo
00:38:13.244 [main] INFO  sudoku.model.SudokuBoard - Bład w kwadracie 0
sudoku.model.SudokuBoard@186295cc[
  size=9
  solver=sudoku.model.BacktrackingSudokuSolver@4e85dcb2
  board={{7,8,5,2,1,9,4,3,6},{1,6,3,4,5,7,8,2,9},{4,9,2,3,6,8,7,1,5},{6,7,4,5,3,1,2,9,8},{8,1,9,7,4,2,5,6,3},{2,0,0,0,0,0,0,0,0},{0,0,0,0,0,0,0,0,0},{0,0,0,0,0,0,0,0,0},{0,0,0,0,0,0,0,0,0}}
]
00:38:13.244 [main] INFO  sudoku.model.SudokuBoard - Wartość 0 wstawiona nieprawidłowo
00:38:13.244 [main] INFO  sudoku.model.SudokuBoard - Bład w kwadracie 0
sudoku.model.SudokuBoard@186295cc[
  size=9
  solver=sudoku.model.BacktrackingSudokuSolver@4e85dcb2
  board={{7,8,5,2,1,9,4,3,6},{1,6,3,4,5,7,8,2,9},{4,9,2,3,6,8,7,1,5},{6,7,4,5,3,1,2,9,8},{8,1,9,7,4,2,5,6,3},{2,0,0,0,0,0,0,0,0},{0,0,0,0,0,0,0,0,0},{0,0,0,0,0,0,0,0,0},{0,0,0,0,0,0,0,0,0}}
]
00:38:13.244 [main] INFO  sudoku.model.SudokuBoard - Wartość 0 wstawiona nieprawidłowo
00:38:13.244 [main] INFO  sudoku.model.SudokuBoard - Bład w kwadracie 0
sudoku.model.SudokuBoard@186295cc[
  size=9
  solver=sudoku.model.BacktrackingSudokuSolver@4e85dcb2
  board={{7,8,5,2,1,9,4,3,6},{1,6,3,4,5,7,8,2,9},{4,9,2,3,6,8,7,1,5},{6,7,4,5,3,1,2,9,8},{8,1,9,7,4,2,5,6,3},{0,0,0,0,0,0,0,0,0},{0,0,0,0,0,0,0,0,0},{0,0,0,0,0,0,0,0,0},{0,0,0,0,0,0,0,0,0}}
]
00:38:13.244 [main] INFO  sudoku.model.SudokuBoard - Wartość 0 wstawiona nieprawidłowo
00:38:13.245 [main] INFO  sudoku.model.SudokuBoard - Bład w kwadracie 0
sudoku.model.SudokuBoard@186295cc[
  size=9
  solver=sudoku.model.BacktrackingSudokuSolver@4e85dcb2
  board={{7,8,5,2,1,9,4,3,6},{1,6,3,4,5,7,8,2,9},{4,9,2,3,6,8,7,1,5},{6,7,4,5,3,1,2,9,8},{8,1,9,7,4,2,5,6,0},{0,0,0,0,0,0,0,0,0},{0,0,0,0,0,0,0,0,0},{0,0,0,0,0,0,0,0,0},{0,0,0,0,0,0,0,0,0}}
]
00:38:13.246 [main] INFO  sudoku.model.SudokuBoard - Wartość 0 wstawiona nieprawidłowo
00:38:13.247 [main] INFO  sudoku.model.SudokuBoard - Bład w kwadracie 0
sudoku.model.SudokuBoard@186295cc[
  size=9
  solver=sudoku.model.BacktrackingSudokuSolver@4e85dcb2
  board={{7,8,5,2,1,9,4,3,6},{1,6,3,4,5,7,8,2,9},{4,9,2,3,6,8,7,1,5},{6,7,4,5,3,1,2,9,8},{8,1,9,7,4,2,5,0,0},{0,0,0,0,0,0,0,0,0},{0,0,0,0,0,0,0,0,0},{0,0,0,0,0,0,0,0,0},{0,0,0,0,0,0,0,0,0}}
]
00:38:13.247 [main] INFO  sudoku.model.SudokuBoard - Wartość 0 wstawiona nieprawidłowo
00:38:13.247 [main] INFO  sudoku.model.SudokuBoard - Bład w kwadracie 0
sudoku.model.SudokuBoard@186295cc[
  size=9
  solver=sudoku.model.BacktrackingSudokuSolver@4e85dcb2
  board={{7,8,5,2,1,9,4,3,6},{1,6,3,4,5,7,8,2,9},{4,9,2,3,6,8,7,1,5},{6,7,4,5,3,1,2,9,8},{8,1,9,7,4,2,0,0,0},{0,0,0,0,0,0,0,0,0},{0,0,0,0,0,0,0,0,0},{0,0,0,0,0,0,0,0,0},{0,0,0,0,0,0,0,0,0}}
]
00:38:13.247 [main] INFO  sudoku.model.SudokuBoard - Wartość 0 wstawiona nieprawidłowo
00:38:13.247 [main] INFO  sudoku.model.SudokuBoard - Bład w kwadracie 0
sudoku.model.SudokuBoard@186295cc[
  size=9
  solver=sudoku.model.BacktrackingSudokuSolver@4e85dcb2
  board={{7,8,5,2,1,9,4,3,6},{1,6,3,4,5,7,8,2,9},{4,9,2,3,6,8,7,1,5},{6,7,4,5,3,1,2,9,8},{8,1,9,7,4,2,6,5,3},{5,0,0,0,0,0,0,0,0},{0,0,0,0,0,0,0,0,0},{0,0,0,0,0,0,0,0,0},{0,0,0,0,0,0,0,0,0}}
]
00:38:13.247 [main] INFO  sudoku.model.SudokuBoard - Wartość 0 wstawiona nieprawidłowo
00:38:13.247 [main] INFO  sudoku.model.SudokuBoard - Bład w kwadracie 0
sudoku.model.SudokuBoard@186295cc[
  size=9
  solver=sudoku.model.BacktrackingSudokuSolver@4e85dcb2
  board={{7,8,5,2,1,9,4,3,6},{1,6,3,4,5,7,8,2,9},{4,9,2,3,6,8,7,1,5},{6,7,4,5,3,1,2,9,8},{8,1,9,7,4,2,6,5,3},{5,0,0,0,0,0,0,0,0},{0,0,0,0,0,0,0,0,0},{0,0,0,0,0,0,0,0,0},{0,0,0,0,0,0,0,0,0}}
]
00:38:13.248 [main] INFO  sudoku.model.SudokuBoard - Wartość 0 wstawiona nieprawidłowo
00:38:13.248 [main] INFO  sudoku.model.SudokuBoard - Bład w kwadracie 0
sudoku.model.SudokuBoard@186295cc[
  size=9
  solver=sudoku.model.BacktrackingSudokuSolver@4e85dcb2
  board={{7,8,5,2,1,9,4,3,6},{1,6,3,4,5,7,8,2,9},{4,9,2,3,6,8,7,1,5},{6,7,4,5,3,1,2,9,8},{8,1,9,7,4,2,6,5,3},{0,0,0,0,0,0,0,0,0},{0,0,0,0,0,0,0,0,0},{0,0,0,0,0,0,0,0,0},{0,0,0,0,0,0,0,0,0}}
]
00:38:13.248 [main] INFO  sudoku.model.SudokuBoard - Wartość 0 wstawiona nieprawidłowo
00:38:13.248 [main] INFO  sudoku.model.SudokuBoard - Bład w kwadracie 0
sudoku.model.SudokuBoard@186295cc[
  size=9
  solver=sudoku.model.BacktrackingSudokuSolver@4e85dcb2
  board={{7,8,5,2,1,9,4,3,6},{1,6,3,4,5,7,8,2,9},{4,9,2,3,6,8,7,1,5},{6,7,4,5,3,1,2,9,8},{8,1,9,7,4,2,6,5,3},{2,0,0,0,0,0,0,0,0},{0,0,0,0,0,0,0,0,0},{0,0,0,0,0,0,0,0,0},{0,0,0,0,0,0,0,0,0}}
]
00:38:13.248 [main] INFO  sudoku.model.SudokuBoard - Wartość 0 wstawiona nieprawidłowo
00:38:13.248 [main] INFO  sudoku.model.SudokuBoard - Bład w kwadracie 0
sudoku.model.SudokuBoard@186295cc[
  size=9
  solver=sudoku.model.BacktrackingSudokuSolver@4e85dcb2
  board={{7,8,5,2,1,9,4,3,6},{1,6,3,4,5,7,8,2,9},{4,9,2,3,6,8,7,1,5},{6,7,4,5,3,1,2,9,8},{8,1,9,7,4,2,6,5,3},{2,0,0,0,0,0,0,0,0},{0,0,0,0,0,0,0,0,0},{0,0,0,0,0,0,0,0,0},{0,0,0,0,0,0,0,0,0}}
]
00:38:13.248 [main] INFO  sudoku.model.SudokuBoard - Wartość 0 wstawiona nieprawidłowo
00:38:13.248 [main] INFO  sudoku.model.SudokuBoard - Bład w kwadracie 0
sudoku.model.SudokuBoard@186295cc[
  size=9
  solver=sudoku.model.BacktrackingSudokuSolver@4e85dcb2
  board={{7,8,5,2,1,9,4,3,6},{1,6,3,4,5,7,8,2,9},{4,9,2,3,6,8,7,1,5},{6,7,4,5,3,1,2,9,8},{8,1,9,7,4,2,6,5,3},{0,0,0,0,0,0,0,0,0},{0,0,0,0,0,0,0,0,0},{0,0,0,0,0,0,0,0,0},{0,0,0,0,0,0,0,0,0}}
]
00:38:13.248 [main] INFO  sudoku.model.SudokuBoard - Wartość 0 wstawiona nieprawidłowo
00:38:13.248 [main] INFO  sudoku.model.SudokuBoard - Bład w kwadracie 0
sudoku.model.SudokuBoard@186295cc[
  size=9
  solver=sudoku.model.BacktrackingSudokuSolver@4e85dcb2
  board={{7,8,5,2,1,9,4,3,6},{1,6,3,4,5,7,8,2,9},{4,9,2,3,6,8,7,1,5},{6,7,4,5,3,1,2,9,8},{8,1,9,7,4,2,6,5,3},{3,0,0,0,0,0,0,0,0},{0,0,0,0,0,0,0,0,0},{0,0,0,0,0,0,0,0,0},{0,0,0,0,0,0,0,0,0}}
]
00:38:13.248 [main] INFO  sudoku.model.SudokuBoard - Wartość 0 wstawiona nieprawidłowo
00:38:13.249 [main] INFO  sudoku.model.SudokuBoard - Bład w kwadracie 0
sudoku.model.SudokuBoard@186295cc[
  size=9
  solver=sudoku.model.BacktrackingSudokuSolver@4e85dcb2
  board={{7,8,5,2,1,9,4,3,6},{1,6,3,4,5,7,8,2,9},{4,9,2,3,6,8,7,1,5},{6,7,4,5,3,1,2,9,8},{8,1,9,7,4,2,6,5,3},{3,0,0,0,0,0,0,0,0},{0,0,0,0,0,0,0,0,0},{0,0,0,0,0,0,0,0,0},{0,0,0,0,0,0,0,0,0}}
]
00:38:13.249 [main] INFO  sudoku.model.SudokuBoard - Wartość 0 wstawiona nieprawidłowo
00:38:13.249 [main] INFO  sudoku.model.SudokuBoard - Bład w kwadracie 0
sudoku.model.SudokuBoard@186295cc[
  size=9
  solver=sudoku.model.BacktrackingSudokuSolver@4e85dcb2
  board={{7,8,5,2,1,9,4,3,6},{1,6,3,4,5,7,8,2,9},{4,9,2,3,6,8,7,1,5},{6,7,4,5,3,1,2,9,8},{8,1,9,7,4,2,6,5,3},{0,0,0,0,0,0,0,0,0},{0,0,0,0,0,0,0,0,0},{0,0,0,0,0,0,0,0,0},{0,0,0,0,0,0,0,0,0}}
]
00:38:13.249 [main] INFO  sudoku.model.SudokuBoard - Wartość 0 wstawiona nieprawidłowo
00:38:13.249 [main] INFO  sudoku.model.SudokuBoard - Bład w kwadracie 0
sudoku.model.SudokuBoard@186295cc[
  size=9
  solver=sudoku.model.BacktrackingSudokuSolver@4e85dcb2
  board={{7,8,5,2,1,9,4,3,6},{1,6,3,4,5,7,8,2,9},{4,9,2,3,6,8,7,1,5},{6,7,4,5,3,1,2,9,8},{8,1,9,7,4,2,6,5,0},{0,0,0,0,0,0,0,0,0},{0,0,0,0,0,0,0,0,0},{0,0,0,0,0,0,0,0,0},{0,0,0,0,0,0,0,0,0}}
]
00:38:13.249 [main] INFO  sudoku.model.SudokuBoard - Wartość 0 wstawiona nieprawidłowo
00:38:13.249 [main] INFO  sudoku.model.SudokuBoard - Bład w kwadracie 0
sudoku.model.SudokuBoard@186295cc[
  size=9
  solver=sudoku.model.BacktrackingSudokuSolver@4e85dcb2
  board={{7,8,5,2,1,9,4,3,6},{1,6,3,4,5,7,8,2,9},{4,9,2,3,6,8,7,1,5},{6,7,4,5,3,1,2,9,8},{8,1,9,7,4,2,6,0,0},{0,0,0,0,0,0,0,0,0},{0,0,0,0,0,0,0,0,0},{0,0,0,0,0,0,0,0,0},{0,0,0,0,0,0,0,0,0}}
]
00:38:13.249 [main] INFO  sudoku.model.SudokuBoard - Wartość 0 wstawiona nieprawidłowo
00:38:13.249 [main] INFO  sudoku.model.SudokuBoard - Bład w kwadracie 0
sudoku.model.SudokuBoard@186295cc[
  size=9
  solver=sudoku.model.BacktrackingSudokuSolver@4e85dcb2
  board={{7,8,5,2,1,9,4,3,6},{1,6,3,4,5,7,8,2,9},{4,9,2,3,6,8,7,1,5},{6,7,4,5,3,1,2,9,8},{8,1,9,7,4,2,0,0,0},{0,0,0,0,0,0,0,0,0},{0,0,0,0,0,0,0,0,0},{0,0,0,0,0,0,0,0,0},{0,0,0,0,0,0,0,0,0}}
]
00:38:13.249 [main] INFO  sudoku.model.SudokuBoard - Wartość 0 wstawiona nieprawidłowo
00:38:13.249 [main] INFO  sudoku.model.SudokuBoard - Bład w kwadracie 0
sudoku.model.SudokuBoard@186295cc[
  size=9
  solver=sudoku.model.BacktrackingSudokuSolver@4e85dcb2
  board={{7,8,5,2,1,9,4,3,6},{1,6,3,4,5,7,8,2,9},{4,9,2,3,6,8,7,1,5},{6,7,4,5,3,1,2,9,8},{8,1,9,7,4,2,3,0,0},{0,0,0,0,0,0,0,0,0},{0,0,0,0,0,0,0,0,0},{0,0,0,0,0,0,0,0,0},{0,0,0,0,0,0,0,0,0}}
]
00:38:13.249 [main] INFO  sudoku.model.SudokuBoard - Wartość 0 wstawiona nieprawidłowo
00:38:13.250 [main] INFO  sudoku.model.SudokuBoard - Bład w kwadracie 0
sudoku.model.SudokuBoard@186295cc[
  size=9
  solver=sudoku.model.BacktrackingSudokuSolver@4e85dcb2
  board={{7,8,5,2,1,9,4,3,6},{1,6,3,4,5,7,8,2,9},{4,9,2,3,6,8,7,1,5},{6,7,4,5,3,1,2,9,8},{8,1,9,7,4,2,3,0,0},{0,0,0,0,0,0,0,0,0},{0,0,0,0,0,0,0,0,0},{0,0,0,0,0,0,0,0,0},{0,0,0,0,0,0,0,0,0}}
]
00:38:13.250 [main] INFO  sudoku.model.SudokuBoard - Wartość 0 wstawiona nieprawidłowo
00:38:13.250 [main] INFO  sudoku.model.SudokuBoard - Bład w kwadracie 0
sudoku.model.SudokuBoard@186295cc[
  size=9
  solver=sudoku.model.BacktrackingSudokuSolver@4e85dcb2
  board={{7,8,5,2,1,9,4,3,6},{1,6,3,4,5,7,8,2,9},{4,9,2,3,6,8,7,1,5},{6,7,4,5,3,1,2,9,8},{8,1,9,7,4,2,0,0,0},{0,0,0,0,0,0,0,0,0},{0,0,0,0,0,0,0,0,0},{0,0,0,0,0,0,0,0,0},{0,0,0,0,0,0,0,0,0}}
]
00:38:13.250 [main] INFO  sudoku.model.SudokuBoard - Wartość 0 wstawiona nieprawidłowo
00:38:13.250 [main] INFO  sudoku.model.SudokuBoard - Bład w kwadracie 0
sudoku.model.SudokuBoard@186295cc[
  size=9
  solver=sudoku.model.BacktrackingSudokuSolver@4e85dcb2
  board={{7,8,5,2,1,9,4,3,6},{1,6,3,4,5,7,8,2,9},{4,9,2,3,6,8,7,1,5},{6,7,4,5,3,1,2,9,8},{8,1,9,7,4,0,0,0,0},{0,0,0,0,0,0,0,0,0},{0,0,0,0,0,0,0,0,0},{0,0,0,0,0,0,0,0,0},{0,0,0,0,0,0,0,0,0}}
]
00:38:13.250 [main] INFO  sudoku.model.SudokuBoard - Wartość 0 wstawiona nieprawidłowo
00:38:13.250 [main] INFO  sudoku.model.SudokuBoard - Bład w kwadracie 0
sudoku.model.SudokuBoard@186295cc[
  size=9
  solver=sudoku.model.BacktrackingSudokuSolver@4e85dcb2
  board={{7,8,5,2,1,9,4,3,6},{1,6,3,4,5,7,8,2,9},{4,9,2,3,6,8,7,1,5},{6,7,4,5,3,1,2,9,8},{8,1,9,7,4,6,3,0,0},{0,0,0,0,0,0,0,0,0},{0,0,0,0,0,0,0,0,0},{0,0,0,0,0,0,0,0,0},{0,0,0,0,0,0,0,0,0}}
]
00:38:13.250 [main] INFO  sudoku.model.SudokuBoard - Wartość 0 wstawiona nieprawidłowo
00:38:13.250 [main] INFO  sudoku.model.SudokuBoard - Bład w kwadracie 0
sudoku.model.SudokuBoard@186295cc[
  size=9
  solver=sudoku.model.BacktrackingSudokuSolver@4e85dcb2
  board={{7,8,5,2,1,9,4,3,6},{1,6,3,4,5,7,8,2,9},{4,9,2,3,6,8,7,1,5},{6,7,4,5,3,1,2,9,8},{8,1,9,7,4,6,0,0,0},{0,0,0,0,0,0,0,0,0},{0,0,0,0,0,0,0,0,0},{0,0,0,0,0,0,0,0,0},{0,0,0,0,0,0,0,0,0}}
]
00:38:13.251 [main] INFO  sudoku.model.SudokuBoard - Wartość 0 wstawiona nieprawidłowo
00:38:13.251 [main] INFO  sudoku.model.SudokuBoard - Bład w kwadracie 0
sudoku.model.SudokuBoard@186295cc[
  size=9
  solver=sudoku.model.BacktrackingSudokuSolver@4e85dcb2
  board={{7,8,5,2,1,9,4,3,6},{1,6,3,4,5,7,8,2,9},{4,9,2,3,6,8,7,1,5},{6,7,4,5,3,1,2,9,8},{8,1,9,7,4,6,0,0,0},{0,0,0,0,0,0,0,0,0},{0,0,0,0,0,0,0,0,0},{0,0,0,0,0,0,0,0,0},{0,0,0,0,0,0,0,0,0}}
]
00:38:13.252 [main] INFO  sudoku.model.SudokuBoard - Wartość 0 wstawiona nieprawidłowo
00:38:13.252 [main] INFO  sudoku.model.SudokuBoard - Bład w kwadracie 0
sudoku.model.SudokuBoard@186295cc[
  size=9
  solver=sudoku.model.BacktrackingSudokuSolver@4e85dcb2
  board={{7,8,5,2,1,9,4,3,6},{1,6,3,4,5,7,8,2,9},{4,9,2,3,6,8,7,1,5},{6,7,4,5,3,1,2,9,8},{8,1,9,7,4,0,0,0,0},{0,0,0,0,0,0,0,0,0},{0,0,0,0,0,0,0,0,0},{0,0,0,0,0,0,0,0,0},{0,0,0,0,0,0,0,0,0}}
]
00:38:13.252 [main] INFO  sudoku.model.SudokuBoard - Wartość 0 wstawiona nieprawidłowo
00:38:13.253 [main] INFO  sudoku.model.SudokuBoard - Bład w kwadracie 0
sudoku.model.SudokuBoard@186295cc[
  size=9
  solver=sudoku.model.BacktrackingSudokuSolver@4e85dcb2
  board={{7,8,5,2,1,9,4,3,6},{1,6,3,4,5,7,8,2,9},{4,9,2,3,6,8,7,1,5},{6,7,4,5,3,1,2,9,8},{8,1,9,7,0,0,0,0,0},{0,0,0,0,0,0,0,0,0},{0,0,0,0,0,0,0,0,0},{0,0,0,0,0,0,0,0,0},{0,0,0,0,0,0,0,0,0}}
]
00:38:13.253 [main] INFO  sudoku.model.SudokuBoard - Wartość 0 wstawiona nieprawidłowo
00:38:13.253 [main] INFO  sudoku.model.SudokuBoard - Bład w kwadracie 0
sudoku.model.SudokuBoard@186295cc[
  size=9
  solver=sudoku.model.BacktrackingSudokuSolver@4e85dcb2
  board={{7,8,5,2,1,9,4,3,6},{1,6,3,4,5,7,8,2,9},{4,9,2,3,6,8,7,1,5},{6,7,4,5,3,1,2,9,8},{8,1,9,0,0,0,0,0,0},{0,0,0,0,0,0,0,0,0},{0,0,0,0,0,0,0,0,0},{0,0,0,0,0,0,0,0,0},{0,0,0,0,0,0,0,0,0}}
]
00:38:13.253 [main] INFO  sudoku.model.SudokuBoard - Wartość 0 wstawiona nieprawidłowo
00:38:13.253 [main] INFO  sudoku.model.SudokuBoard - Bład w kwadracie 0
sudoku.model.SudokuBoard@186295cc[
  size=9
  solver=sudoku.model.BacktrackingSudokuSolver@4e85dcb2
  board={{7,8,5,2,1,9,4,3,6},{1,6,3,4,5,7,8,2,9},{4,9,2,3,6,8,7,1,5},{6,7,4,5,3,1,2,9,8},{8,1,0,0,0,0,0,0,0},{0,0,0,0,0,0,0,0,0},{0,0,0,0,0,0,0,0,0},{0,0,0,0,0,0,0,0,0},{0,0,0,0,0,0,0,0,0}}
]
00:38:13.253 [main] INFO  sudoku.model.SudokuBoard - Wartość 0 wstawiona nieprawidłowo
00:38:13.253 [main] INFO  sudoku.model.SudokuBoard - Bład w kwadracie 0
sudoku.model.SudokuBoard@186295cc[
  size=9
  solver=sudoku.model.BacktrackingSudokuSolver@4e85dcb2
  board={{7,8,5,2,1,9,4,3,6},{1,6,3,4,5,7,8,2,9},{4,9,2,3,6,8,7,1,5},{6,7,4,5,3,1,2,9,8},{8,0,0,0,0,0,0,0,0},{0,0,0,0,0,0,0,0,0},{0,0,0,0,0,0,0,0,0},{0,0,0,0,0,0,0,0,0},{0,0,0,0,0,0,0,0,0}}
]
00:38:13.253 [main] INFO  sudoku.model.SudokuBoard - Wartość 0 wstawiona nieprawidłowo
00:38:13.253 [main] INFO  sudoku.model.SudokuBoard - Bład w kwadracie 0
sudoku.model.SudokuBoard@186295cc[
  size=9
  solver=sudoku.model.BacktrackingSudokuSolver@4e85dcb2
  board={{7,8,5,2,1,9,4,3,6},{1,6,3,4,5,7,8,2,9},{4,9,2,3,6,8,7,1,5},{6,7,4,5,3,1,2,9,8},{8,2,9,7,4,6,3,5,1},{3,0,0,0,0,0,0,0,0},{0,0,0,0,0,0,0,0,0},{0,0,0,0,0,0,0,0,0},{0,0,0,0,0,0,0,0,0}}
]
00:38:13.253 [main] INFO  sudoku.model.SudokuBoard - Wartość 0 wstawiona nieprawidłowo
00:38:13.253 [main] INFO  sudoku.model.SudokuBoard - Bład w kwadracie 0
sudoku.model.SudokuBoard@186295cc[
  size=9
  solver=sudoku.model.BacktrackingSudokuSolver@4e85dcb2
  board={{7,8,5,2,1,9,4,3,6},{1,6,3,4,5,7,8,2,9},{4,9,2,3,6,8,7,1,5},{6,7,4,5,3,1,2,9,8},{8,2,9,7,4,6,3,5,1},{3,5,1,8,9,2,6,4,7},{2,3,6,9,8,4,1,0,0},{0,0,0,0,0,0,0,0,0},{0,0,0,0,0,0,0,0,0}}
]
00:38:13.254 [main] INFO  sudoku.model.SudokuBoard - Wartość 0 wstawiona nieprawidłowo
00:38:13.254 [main] INFO  sudoku.model.SudokuBoard - Bład w kwadracie 0
sudoku.model.SudokuBoard@186295cc[
  size=9
  solver=sudoku.model.BacktrackingSudokuSolver@4e85dcb2
  board={{7,8,5,2,1,9,4,3,6},{1,6,3,4,5,7,8,2,9},{4,9,2,3,6,8,7,1,5},{6,7,4,5,3,1,2,9,8},{8,2,9,7,4,6,3,5,1},{3,5,1,8,9,2,6,4,7},{2,3,6,9,8,4,0,0,0},{0,0,0,0,0,0,0,0,0},{0,0,0,0,0,0,0,0,0}}
]
00:38:13.254 [main] INFO  sudoku.model.SudokuBoard - Wartość 0 wstawiona nieprawidłowo
00:38:13.254 [main] INFO  sudoku.model.SudokuBoard - Bład w kwadracie 0
sudoku.model.SudokuBoard@186295cc[
  size=9
  solver=sudoku.model.BacktrackingSudokuSolver@4e85dcb2
  board={{7,8,5,2,1,9,4,3,6},{1,6,3,4,5,7,8,2,9},{4,9,2,3,6,8,7,1,5},{6,7,4,5,3,1,2,9,8},{8,2,9,7,4,6,3,5,1},{3,5,1,8,9,2,6,4,7},{2,3,6,9,8,4,5,0,0},{0,0,0,0,0,0,0,0,0},{0,0,0,0,0,0,0,0,0}}
]
00:38:13.254 [main] INFO  sudoku.model.SudokuBoard - Wartość 0 wstawiona nieprawidłowo
00:38:13.254 [main] INFO  sudoku.model.SudokuBoard - Bład w kwadracie 0
sudoku.model.SudokuBoard@186295cc[
  size=9
  solver=sudoku.model.BacktrackingSudokuSolver@4e85dcb2
  board={{7,8,5,2,1,9,4,3,6},{1,6,3,4,5,7,8,2,9},{4,9,2,3,6,8,7,1,5},{6,7,4,5,3,1,2,9,8},{8,2,9,7,4,6,3,5,1},{3,5,1,8,9,2,6,4,7},{2,3,6,9,8,4,0,0,0},{0,0,0,0,0,0,0,0,0},{0,0,0,0,0,0,0,0,0}}
]
00:38:13.254 [main] INFO  sudoku.model.SudokuBoard - Wartość 0 wstawiona nieprawidłowo
00:38:13.254 [main] INFO  sudoku.model.SudokuBoard - Bład w kwadracie 0
sudoku.model.SudokuBoard@186295cc[
  size=9
  solver=sudoku.model.BacktrackingSudokuSolver@4e85dcb2
  board={{7,8,5,2,1,9,4,3,6},{1,6,3,4,5,7,8,2,9},{4,9,2,3,6,8,7,1,5},{6,7,4,5,3,1,2,9,8},{8,2,9,7,4,6,3,5,1},{3,5,1,8,9,2,6,4,7},{2,3,6,9,8,0,0,0,0},{0,0,0,0,0,0,0,0,0},{0,0,0,0,0,0,0,0,0}}
]
00:38:13.254 [main] INFO  sudoku.model.SudokuBoard - Wartość 0 wstawiona nieprawidłowo
00:38:13.254 [main] INFO  sudoku.model.SudokuBoard - Bład w kwadracie 0
sudoku.model.SudokuBoard@186295cc[
  size=9
  solver=sudoku.model.BacktrackingSudokuSolver@4e85dcb2
  board={{7,8,5,2,1,9,4,3,6},{1,6,3,4,5,7,8,2,9},{4,9,2,3,6,8,7,1,5},{6,7,4,5,3,1,2,9,8},{8,2,9,7,4,6,3,5,1},{3,5,1,8,9,2,6,4,7},{2,3,6,9,8,5,1,7,4},{5,1,7,6,2,3,9,0,0},{0,0,0,0,0,0,0,0,0}}
]
00:38:13.254 [main] INFO  sudoku.model.SudokuBoard - Wartość 0 wstawiona nieprawidłowo
00:38:13.255 [main] INFO  sudoku.model.SudokuBoard - Bład w kwadracie 0
sudoku.model.SudokuBoard@186295cc[
  size=9
  solver=sudoku.model.BacktrackingSudokuSolver@4e85dcb2
  board={{7,8,5,2,1,9,4,3,6},{1,6,3,4,5,7,8,2,9},{4,9,2,3,6,8,7,1,5},{6,7,4,5,3,1,2,9,8},{8,2,9,7,4,6,3,5,1},{3,5,1,8,9,2,6,4,7},{2,3,6,9,8,5,1,7,4},{5,1,7,6,2,3,0,0,0},{0,0,0,0,0,0,0,0,0}}
]
00:38:13.255 [main] INFO  sudoku.model.SudokuBoard - Wartość 0 wstawiona nieprawidłowo
00:38:13.255 [main] INFO  sudoku.model.SudokuBoard - Bład w kwadracie 0
sudoku.model.SudokuBoard@186295cc[
  size=9
  solver=sudoku.model.BacktrackingSudokuSolver@4e85dcb2
  board={{7,8,5,2,1,9,4,3,6},{1,6,3,4,5,7,8,2,9},{4,9,2,3,6,8,7,1,5},{6,7,4,5,3,1,2,9,8},{8,2,9,7,4,6,3,5,1},{3,5,1,8,9,2,6,4,7},{2,3,6,9,8,5,1,7,4},{5,1,7,6,2,0,0,0,0},{0,0,0,0,0,0,0,0,0}}
]
00:38:13.255 [main] INFO  sudoku.model.SudokuBoard - Wartość 0 wstawiona nieprawidłowo
00:38:13.255 [main] INFO  sudoku.model.SudokuBoard - Bład w kwadracie 0
sudoku.model.SudokuBoard@186295cc[
  size=9
  solver=sudoku.model.BacktrackingSudokuSolver@4e85dcb2
  board={{0,8,5,2,1,9,4,3,6},{1,6,3,4,5,7,8,2,9},{4,9,2,3,6,8,7,1,5},{6,7,4,5,3,1,2,9,8},{8,2,9,7,4,6,3,5,1},{3,5,1,8,9,2,6,4,7},{2,3,6,9,8,5,1,7,4},{5,1,7,6,2,4,9,8,3},{9,4,8,1,7,3,5,6,2}}
]
00:38:13.255 [main] INFO  sudoku.model.SudokuBoard - Wartość 0 wstawiona nieprawidłowo
]]></system-out>
  </testcase>
</testsuite>