<?xml version="1.0" encoding="UTF-8"?>
<testsuite xmlns:xsi="http://www.w3.org/2001/XMLSchema-instance" xsi:noNamespaceSchemaLocation="https://maven.apache.org/surefire/maven-surefire-plugin/xsd/surefire-test-report-3.0.xsd" version="3.0" name="sudoku.model.SeriesTest" time="0.127" tests="5" errors="0" skipped="0" failures="0">
  <properties>
    <property name="java.specification.version" value="14"/>
    <property name="sun.cpu.isalist" value="amd64"/>
    <property name="sun.jnu.encoding" value="Cp1250"/>
    <property name="java.class.path" value="E:\studia\Sem-3\Programowanie komponentowe (07 72 3060 19)_pliki\ProjektKompo\an_pn_1145_03\Model\target\test-classes;C:\Users\maldo\.m2\repository\org\junit\jupiter\junit-jupiter-engine\5.6.2\junit-jupiter-engine-5.6.2.jar;C:\Users\maldo\.m2\repository\org\apiguardian\apiguardian-api\1.1.0\apiguardian-api-1.1.0.jar;C:\Users\maldo\.m2\repository\org\junit\platform\junit-platform-engine\1.6.2\junit-platform-engine-1.6.2.jar;C:\Users\maldo\.m2\repository\org\opentest4j\opentest4j\1.2.0\opentest4j-1.2.0.jar;C:\Users\maldo\.m2\repository\org\junit\platform\junit-platform-commons\1.6.2\junit-platform-commons-1.6.2.jar;C:\Users\maldo\.m2\repository\org\junit\jupiter\junit-jupiter-api\5.6.2\junit-jupiter-api-5.6.2.jar;C:\Users\maldo\.m2\repository\ch\qos\logback\logback-classic\1.1.7\logback-classic-1.1.7.jar;C:\Users\maldo\.m2\repository\ch\qos\logback\logback-core\1.1.7\logback-core-1.1.7.jar;C:\Users\maldo\.m2\repository\org\openjfx\javafx-controls\13\javafx-controls-13.jar;C:\Users\maldo\.m2\repository\org\openjfx\javafx-controls\13\javafx-controls-13-win.jar;C:\Users\maldo\.m2\repository\org\openjfx\javafx-graphics\13\javafx-graphics-13.jar;C:\Users\maldo\.m2\repository\org\openjfx\javafx-graphics\13\javafx-graphics-13-win.jar;C:\Users\maldo\.m2\repository\org\openjfx\javafx-base\13\javafx-base-13.jar;C:\Users\maldo\.m2\repository\org\openjfx\javafx-fxml\13\javafx-fxml-13.jar;C:\Users\maldo\.m2\repository\org\openjfx\javafx-fxml\13\javafx-fxml-13-win.jar;"/>
    <property name="java.vm.vendor" value="Oracle Corporation"/>
    <property name="sun.arch.data.model" value="64"/>
    <property name="user.variant" value=""/>
    <property name="java.vendor.url" value="https://java.oracle.com/"/>
    <property name="user.timezone" value="Europe/Warsaw"/>
    <property name="os.name" value="Windows 10"/>
    <property name="java.vm.specification.version" value="14"/>
    <property name="sun.java.launcher" value="SUN_STANDARD"/>
    <property name="user.country" value="PL"/>
    <property name="sun.boot.library.path" value="C:\Program Files\Java\jdk-14.0.2\bin"/>
    <property name="sun.java.command" value="org.apache.maven.surefire.booter.ForkedBooter C:\Users\maldo\AppData\Local\Temp\surefire17345554027573010755 2021-01-22T15-41-37_502-jvmRun1 surefire1142510444361258376tmp surefire_09753954994278721125tmp"/>
    <property name="jdk.debug" value="release"/>
    <property name="surefire.test.class.path" value="E:\studia\Sem-3\Programowanie komponentowe (07 72 3060 19)_pliki\ProjektKompo\an_pn_1145_03\Model\target\test-classes;C:\Users\maldo\.m2\repository\org\junit\jupiter\junit-jupiter-engine\5.6.2\junit-jupiter-engine-5.6.2.jar;C:\Users\maldo\.m2\repository\org\apiguardian\apiguardian-api\1.1.0\apiguardian-api-1.1.0.jar;C:\Users\maldo\.m2\repository\org\junit\platform\junit-platform-engine\1.6.2\junit-platform-engine-1.6.2.jar;C:\Users\maldo\.m2\repository\org\opentest4j\opentest4j\1.2.0\opentest4j-1.2.0.jar;C:\Users\maldo\.m2\repository\org\junit\platform\junit-platform-commons\1.6.2\junit-platform-commons-1.6.2.jar;C:\Users\maldo\.m2\repository\org\junit\jupiter\junit-jupiter-api\5.6.2\junit-jupiter-api-5.6.2.jar;C:\Users\maldo\.m2\repository\ch\qos\logback\logback-classic\1.1.7\logback-classic-1.1.7.jar;C:\Users\maldo\.m2\repository\ch\qos\logback\logback-core\1.1.7\logback-core-1.1.7.jar;C:\Users\maldo\.m2\repository\org\openjfx\javafx-controls\13\javafx-controls-13.jar;C:\Users\maldo\.m2\repository\org\openjfx\javafx-controls\13\javafx-controls-13-win.jar;C:\Users\maldo\.m2\repository\org\openjfx\javafx-graphics\13\javafx-graphics-13.jar;C:\Users\maldo\.m2\repository\org\openjfx\javafx-graphics\13\javafx-graphics-13-win.jar;C:\Users\maldo\.m2\repository\org\openjfx\javafx-base\13\javafx-base-13.jar;C:\Users\maldo\.m2\repository\org\openjfx\javafx-fxml\13\javafx-fxml-13.jar;C:\Users\maldo\.m2\repository\org\openjfx\javafx-fxml\13\javafx-fxml-13-win.jar;"/>
    <property name="sun.cpu.endian" value="little"/>
    <property name="user.home" value="C:\Users\maldo"/>
    <property name="user.language" value="pl"/>
    <property name="java.specification.vendor" value="Oracle Corporation"/>
    <property name="jdk.module.path" value="E:\studia\Sem-3\Programowanie komponentowe (07 72 3060 19)_pliki\ProjektKompo\an_pn_1145_03\Model\target\classes;C:\Users\maldo\.m2\repository\org\apache\commons\commons-lang3\3.11\commons-lang3-3.11.jar;C:\Users\maldo\.m2\repository\org\slf4j\slf4j-api\1.7.30\slf4j-api-1.7.30.jar;C:\Users\maldo\.m2\repository\org\openjfx\javafx-base\13\javafx-base-13-win.jar"/>
    <property name="java.version.date" value="2020-07-14"/>
    <property name="java.home" value="C:\Program Files\Java\jdk-14.0.2"/>
    <property name="file.separator" value="\"/>
    <property name="basedir" value="E:\studia\Sem-3\Programowanie komponentowe (07 72 3060 19)_pliki\ProjektKompo\an_pn_1145_03\Model"/>
    <property name="java.vm.compressedOopsMode" value="Zero based"/>
    <property name="line.separator" value="&#10;"/>
    <property name="java.vm.specification.vendor" value="Oracle Corporation"/>
    <property name="java.specification.name" value="Java Platform API Specification"/>
    <property name="surefire.real.class.path" value="C:\Users\maldo\.m2\repository\org\apache\maven\surefire\surefire-booter\3.0.0-M5\surefire-booter-3.0.0-M5.jar;C:\Users\maldo\.m2\repository\org\apache\maven\surefire\surefire-api\3.0.0-M5\surefire-api-3.0.0-M5.jar;C:\Users\maldo\.m2\repository\org\apache\maven\surefire\surefire-logger-api\3.0.0-M5\surefire-logger-api-3.0.0-M5.jar;C:\Users\maldo\.m2\repository\org\apache\maven\surefire\surefire-shared-utils\3.0.0-M4\surefire-shared-utils-3.0.0-M4.jar;C:\Users\maldo\.m2\repository\org\apache\maven\surefire\surefire-extensions-spi\3.0.0-M5\surefire-extensions-spi-3.0.0-M5.jar;E:\studia\Sem-3\Programowanie komponentowe (07 72 3060 19)_pliki\ProjektKompo\an_pn_1145_03\Model\target\test-classes;C:\Users\maldo\.m2\repository\org\junit\jupiter\junit-jupiter-engine\5.6.2\junit-jupiter-engine-5.6.2.jar;C:\Users\maldo\.m2\repository\org\apiguardian\apiguardian-api\1.1.0\apiguardian-api-1.1.0.jar;C:\Users\maldo\.m2\repository\org\junit\platform\junit-platform-engine\1.6.2\junit-platform-engine-1.6.2.jar;C:\Users\maldo\.m2\repository\org\opentest4j\opentest4j\1.2.0\opentest4j-1.2.0.jar;C:\Users\maldo\.m2\repository\org\junit\platform\junit-platform-commons\1.6.2\junit-platform-commons-1.6.2.jar;C:\Users\maldo\.m2\repository\org\junit\jupiter\junit-jupiter-api\5.6.2\junit-jupiter-api-5.6.2.jar;C:\Users\maldo\.m2\repository\ch\qos\logback\logback-classic\1.1.7\logback-classic-1.1.7.jar;C:\Users\maldo\.m2\repository\ch\qos\logback\logback-core\1.1.7\logback-core-1.1.7.jar;C:\Users\maldo\.m2\repository\org\openjfx\javafx-controls\13\javafx-controls-13.jar;C:\Users\maldo\.m2\repository\org\openjfx\javafx-controls\13\javafx-controls-13-win.jar;C:\Users\maldo\.m2\repository\org\openjfx\javafx-graphics\13\javafx-graphics-13.jar;C:\Users\maldo\.m2\repository\org\openjfx\javafx-graphics\13\javafx-graphics-13-win.jar;C:\Users\maldo\.m2\repository\org\openjfx\javafx-base\13\javafx-base-13.jar;C:\Users\maldo\.m2\repository\org\openjfx\javafx-fxml\13\javafx-fxml-13.jar;C:\Users\maldo\.m2\repository\org\openjfx\javafx-fxml\13\javafx-fxml-13-win.jar;C:\Users\maldo\.m2\repository\org\apache\maven\surefire\surefire-junit-platform\3.0.0-M5\surefire-junit-platform-3.0.0-M5.jar;C:\Users\maldo\.m2\repository\org\apache\maven\surefire\common-java5\3.0.0-M5\common-java5-3.0.0-M5.jar;C:\Users\maldo\.m2\repository\org\junit\platform\junit-platform-launcher\1.6.2\junit-platform-launcher-1.6.2.jar"/>
    <property name="user.script" value=""/>
    <property name="sun.management.compiler" value="HotSpot 64-Bit Tiered Compilers"/>
    <property name="java.runtime.version" value="14.0.2+12-46"/>
    <property name="user.name" value="maldo"/>
    <property name="path.separator" value=";"/>
    <property name="os.version" value="10.0"/>
    <property name="java.runtime.name" value="Java(TM) SE Runtime Environment"/>
    <property name="file.encoding" value="Cp1250"/>
    <property name="java.vm.name" value="Java HotSpot(TM) 64-Bit Server VM"/>
    <property name="localRepository" value="C:\Users\maldo\.m2\repository"/>
    <property name="java.vendor.url.bug" value="https://bugreport.java.com/bugreport/"/>
    <property name="java.io.tmpdir" value="C:\Users\maldo\AppData\Local\Temp\"/>
    <property name="idea.version" value="2020.2.3"/>
    <property name="java.version" value="14.0.2"/>
    <property name="user.dir" value="E:\studia\Sem-3\Programowanie komponentowe (07 72 3060 19)_pliki\ProjektKompo\an_pn_1145_03\Model"/>
    <property name="os.arch" value="amd64"/>
    <property name="java.vm.specification.name" value="Java Virtual Machine Specification"/>
    <property name="sun.os.patch.level" value=""/>
    <property name="java.library.path" value="C:\Program Files\Java\jdk-14.0.2\bin;C:\WINDOWS\Sun\Java\bin;C:\WINDOWS\system32;C:\WINDOWS;C:\Program Files (x86)\Razer Chroma SDK\bin;C:\Program Files\Razer Chroma SDK\bin;C:\Python\Scripts\;C:\Python\;C:\Program Files (x86)\Intel\iCLS Client\;C:\Program Files\Intel\iCLS Client\;C:\Windows\system32;C:\Windows;C:\Windows\System32\Wbem;C:\Windows\System32\WindowsPowerShell\v1.0\;C:\Windows\System32\OpenSSH\;C:\Program Files (x86)\NVIDIA Corporation\PhysX\Common;C:\Program Files (x86)\Intel\Intel(R) Management Engine Components\DAL;C:\Program Files\Intel\Intel(R) Management Engine Components\DAL;C:\Program Files (x86)\Intel\Intel(R) Management Engine Components\IPT;C:\Program Files\Intel\Intel(R) Management Engine Components\IPT;C:\Program Files\Intel\WiFi\bin\;C:\Program Files\Common Files\Intel\WirelessCommon\;C:\Program Files (x86)\Windows Kits\8.1\Windows Performance Toolkit\;C:\Users\maldo\AppData\Local\Microsoft\WindowsApps;C:\Program Files\NVIDIA Corporation\NVIDIA NvDLISR;C:\Program Files (x86)\MKVToolNix;C:\WINDOWS\system32;C:\WINDOWS;C:\WINDOWS\System32\Wbem;C:\WINDOWS\System32\WindowsPowerShell\v1.0\;C:\WINDOWS\System32\OpenSSH\;E:\studia\Sem-3\Programowanie komponentowe (07 72 3060 19)_pliki\apache-maven-3.6.3\bin;C:\msys64\usr\bin;C:\Program Files\Java\jdk-14.0.2\bin;C:\Program Files (x86)\Calibre2\;C:\Users\maldo\AppData\Local\Microsoft\WindowsApps;C:\Program Files\Intel\WiFi\bin\;C:\Program Files\Common Files\Intel\WirelessCommon\;C:\Program Files\JetBrains\CLion 2019.3.3\bin;;C:\Users\maldo\AppData\Local\Programs\Microsoft VS Code\bin;C:\Users\maldo\AppData\Local\GitHubDesktop\bin;."/>
    <property name="java.vm.info" value="mixed mode"/>
    <property name="java.vendor" value="Oracle Corporation"/>
    <property name="java.vm.version" value="14.0.2+12-46"/>
    <property name="sun.io.unicode.encoding" value="UnicodeLittle"/>
    <property name="java.class.version" value="58.0"/>
  </properties>
  <testcase name="testEqualsDiffrent" classname="sudoku.model.SeriesTest" time="0.027">
    <system-out><![CDATA[15:41:40.406 [main] INFO sudoku.model.SudokuBoard - Bład w kwadracie 0
sudoku.model.SudokuBoard@609e57da[
  size=9
  solver=sudoku.model.BacktrackingSudokuSolver@56dd6efa
  board={{5,3,2,6,7,4,8,9,1},{7,8,6,9,1,5,2,3,4},{4,9,1,2,8,3,5,6,7},{9,4,5,7,6,1,3,2,8},{1,2,7,8,3,9,6,4,5},{3,6,8,4,5,2,7,1,9},{6,5,3,1,4,7,9,8,2},{8,7,4,3,2,6,1,0,0},{0,0,0,0,0,0,0,0,0}}
]
15:41:40.406 [main] INFO sudoku.model.SudokuBoard - Wartość 0 wstawiona nieprawidłowo
15:41:40.407 [main] INFO sudoku.model.SudokuBoard - Bład w kwadracie 0
sudoku.model.SudokuBoard@609e57da[
  size=9
  solver=sudoku.model.BacktrackingSudokuSolver@56dd6efa
  board={{5,3,2,6,7,4,8,9,1},{7,8,6,9,1,5,2,3,4},{4,9,1,2,8,3,5,6,7},{9,4,5,7,6,1,3,2,8},{1,2,7,8,3,9,6,4,5},{3,6,8,4,5,2,7,1,9},{6,5,3,1,4,7,9,8,2},{8,7,4,3,2,6,0,0,0},{0,0,0,0,0,0,0,0,0}}
]
15:41:40.407 [main] INFO sudoku.model.SudokuBoard - Wartość 0 wstawiona nieprawidłowo
15:41:40.407 [main] INFO sudoku.model.SudokuBoard - Bład w kwadracie 0
sudoku.model.SudokuBoard@609e57da[
  size=9
  solver=sudoku.model.BacktrackingSudokuSolver@56dd6efa
  board={{5,3,2,6,7,4,8,9,1},{7,8,6,9,1,5,2,3,4},{4,9,1,2,8,3,5,6,7},{9,4,5,7,6,1,3,2,8},{1,2,7,8,3,9,6,4,5},{3,6,8,4,5,2,7,1,9},{6,5,3,1,4,7,9,8,2},{8,7,4,3,2,0,0,0,0},{0,0,0,0,0,0,0,0,0}}
]
15:41:40.407 [main] INFO sudoku.model.SudokuBoard - Wartość 0 wstawiona nieprawidłowo
15:41:40.408 [main] INFO sudoku.model.SudokuBoard - Bład w kwadracie 0
sudoku.model.SudokuBoard@609e57da[
  size=9
  solver=sudoku.model.BacktrackingSudokuSolver@56dd6efa
  board={{5,3,2,6,7,4,8,9,1},{7,8,6,9,1,5,2,3,4},{4,9,1,2,8,3,5,6,7},{9,4,5,7,6,1,3,2,8},{1,2,7,8,3,9,6,4,5},{3,6,8,4,5,2,7,1,9},{6,5,3,1,4,7,9,8,2},{8,7,4,3,0,0,0,0,0},{0,0,0,0,0,0,0,0,0}}
]
15:41:40.408 [main] INFO sudoku.model.SudokuBoard - Wartość 0 wstawiona nieprawidłowo
15:41:40.408 [main] INFO sudoku.model.SudokuBoard - Bład w kwadracie 0
sudoku.model.SudokuBoard@609e57da[
  size=9
  solver=sudoku.model.BacktrackingSudokuSolver@56dd6efa
  board={{5,3,2,6,7,4,8,9,1},{7,8,6,9,1,5,2,3,4},{4,9,1,2,8,3,5,6,7},{9,4,5,7,6,1,3,2,8},{1,2,7,8,3,9,6,4,5},{3,6,8,4,5,2,7,1,9},{6,5,3,1,4,7,9,8,2},{8,7,4,3,9,6,1,0,0},{0,0,0,0,0,0,0,0,0}}
]
15:41:40.408 [main] INFO sudoku.model.SudokuBoard - Wartość 0 wstawiona nieprawidłowo
15:41:40.408 [main] INFO sudoku.model.SudokuBoard - Bład w kwadracie 0
sudoku.model.SudokuBoard@609e57da[
  size=9
  solver=sudoku.model.BacktrackingSudokuSolver@56dd6efa
  board={{5,3,2,6,7,4,8,9,1},{7,8,6,9,1,5,2,3,4},{4,9,1,2,8,3,5,6,7},{9,4,5,7,6,1,3,2,8},{1,2,7,8,3,9,6,4,5},{3,6,8,4,5,2,7,1,9},{6,5,3,1,4,7,9,8,2},{8,7,4,3,9,6,0,0,0},{0,0,0,0,0,0,0,0,0}}
]
15:41:40.408 [main] INFO sudoku.model.SudokuBoard - Wartość 0 wstawiona nieprawidłowo
15:41:40.409 [main] INFO sudoku.model.SudokuBoard - Bład w kwadracie 0
sudoku.model.SudokuBoard@609e57da[
  size=9
  solver=sudoku.model.BacktrackingSudokuSolver@56dd6efa
  board={{5,3,2,6,7,4,8,9,1},{7,8,6,9,1,5,2,3,4},{4,9,1,2,8,3,5,6,7},{9,4,5,7,6,1,3,2,8},{1,2,7,8,3,9,6,4,5},{3,6,8,4,5,2,7,1,9},{6,5,3,1,4,7,9,8,2},{8,7,4,3,9,0,0,0,0},{0,0,0,0,0,0,0,0,0}}
]
15:41:40.409 [main] INFO sudoku.model.SudokuBoard - Wartość 0 wstawiona nieprawidłowo
15:41:40.409 [main] INFO sudoku.model.SudokuBoard - Bład w kwadracie 0
sudoku.model.SudokuBoard@609e57da[
  size=9
  solver=sudoku.model.BacktrackingSudokuSolver@56dd6efa
  board={{5,3,2,6,7,4,8,9,1},{7,8,6,9,1,5,2,3,4},{4,9,1,2,8,3,5,6,7},{9,4,5,7,6,1,3,2,8},{1,2,7,8,3,9,6,4,5},{3,6,8,4,5,2,7,1,9},{6,5,3,1,4,7,9,8,2},{8,7,4,3,0,0,0,0,0},{0,0,0,0,0,0,0,0,0}}
]
15:41:40.409 [main] INFO sudoku.model.SudokuBoard - Wartość 0 wstawiona nieprawidłowo
15:41:40.409 [main] INFO sudoku.model.SudokuBoard - Bład w kwadracie 0
sudoku.model.SudokuBoard@609e57da[
  size=9
  solver=sudoku.model.BacktrackingSudokuSolver@56dd6efa
  board={{5,3,2,6,7,4,8,9,1},{7,8,6,9,1,5,2,3,4},{4,9,1,2,8,3,5,6,7},{9,4,5,7,6,1,3,2,8},{1,2,7,8,3,9,6,4,5},{3,6,8,4,5,2,7,1,9},{6,5,3,1,4,7,9,8,2},{8,7,4,0,0,0,0,0,0},{0,0,0,0,0,0,0,0,0}}
]
15:41:40.409 [main] INFO sudoku.model.SudokuBoard - Wartość 0 wstawiona nieprawidłowo
15:41:40.410 [main] INFO sudoku.model.SudokuBoard - Bład w kwadracie 0
sudoku.model.SudokuBoard@609e57da[
  size=9
  solver=sudoku.model.BacktrackingSudokuSolver@56dd6efa
  board={{5,3,2,6,7,4,8,9,1},{7,8,6,9,1,5,2,3,4},{4,9,1,2,8,3,5,6,7},{9,4,5,7,6,1,3,2,8},{1,2,7,8,3,9,6,4,5},{3,6,8,4,5,2,7,1,9},{6,5,3,1,4,7,9,8,2},{8,7,4,5,9,6,0,0,0},{0,0,0,0,0,0,0,0,0}}
]
15:41:40.410 [main] INFO sudoku.model.SudokuBoard - Wartość 0 wstawiona nieprawidłowo
15:41:40.410 [main] INFO sudoku.model.SudokuBoard - Bład w kwadracie 0
sudoku.model.SudokuBoard@609e57da[
  size=9
  solver=sudoku.model.BacktrackingSudokuSolver@56dd6efa
  board={{5,3,2,6,7,4,8,9,1},{7,8,6,9,1,5,2,3,4},{4,9,1,2,8,3,5,6,7},{9,4,5,7,6,1,3,2,8},{1,2,7,8,3,9,6,4,5},{3,6,8,4,5,2,7,1,9},{6,5,3,1,4,7,9,8,2},{8,7,4,5,9,0,0,0,0},{0,0,0,0,0,0,0,0,0}}
]
15:41:40.410 [main] INFO sudoku.model.SudokuBoard - Wartość 0 wstawiona nieprawidłowo
15:41:40.410 [main] INFO sudoku.model.SudokuBoard - Bład w kwadracie 0
sudoku.model.SudokuBoard@609e57da[
  size=9
  solver=sudoku.model.BacktrackingSudokuSolver@56dd6efa
  board={{5,3,2,6,7,4,8,9,1},{7,8,6,9,1,5,2,3,4},{4,9,1,2,8,3,5,6,7},{9,4,5,7,6,1,3,2,8},{1,2,7,8,3,9,6,4,5},{3,6,8,4,5,2,7,1,9},{6,5,3,1,4,7,9,8,2},{8,7,4,5,0,0,0,0,0},{0,0,0,0,0,0,0,0,0}}
]
15:41:40.410 [main] INFO sudoku.model.SudokuBoard - Wartość 0 wstawiona nieprawidłowo
15:41:40.410 [main] INFO sudoku.model.SudokuBoard - Bład w kwadracie 0
sudoku.model.SudokuBoard@609e57da[
  size=9
  solver=sudoku.model.BacktrackingSudokuSolver@56dd6efa
  board={{5,3,2,6,7,4,8,9,1},{7,8,6,9,1,5,2,3,4},{4,9,1,2,8,3,5,6,7},{9,4,5,7,6,1,3,2,8},{1,2,7,8,3,9,6,4,5},{3,6,8,4,5,2,7,1,9},{6,5,3,1,4,7,9,8,2},{8,7,4,5,2,6,0,0,0},{0,0,0,0,0,0,0,0,0}}
]
15:41:40.411 [main] INFO sudoku.model.SudokuBoard - Wartość 0 wstawiona nieprawidłowo
15:41:40.411 [main] INFO sudoku.model.SudokuBoard - Bład w kwadracie 0
sudoku.model.SudokuBoard@609e57da[
  size=9
  solver=sudoku.model.BacktrackingSudokuSolver@56dd6efa
  board={{5,3,2,6,7,4,8,9,1},{7,8,6,9,1,5,2,3,4},{4,9,1,2,8,3,5,6,7},{9,4,5,7,6,1,3,2,8},{1,2,7,8,3,9,6,4,5},{3,6,8,4,5,2,7,1,9},{6,5,3,1,4,7,9,8,2},{8,7,4,5,2,0,0,0,0},{0,0,0,0,0,0,0,0,0}}
]
15:41:40.411 [main] INFO sudoku.model.SudokuBoard - Wartość 0 wstawiona nieprawidłowo
15:41:40.411 [main] INFO sudoku.model.SudokuBoard - Bład w kwadracie 0
sudoku.model.SudokuBoard@609e57da[
  size=9
  solver=sudoku.model.BacktrackingSudokuSolver@56dd6efa
  board={{5,3,2,6,7,4,8,9,1},{7,8,6,9,1,5,2,3,4},{4,9,1,2,8,3,5,6,7},{9,4,5,7,6,1,3,2,8},{1,2,7,8,3,9,6,4,5},{3,6,8,4,5,2,7,1,9},{6,5,3,1,4,7,9,8,2},{8,7,4,5,0,0,0,0,0},{0,0,0,0,0,0,0,0,0}}
]
15:41:40.411 [main] INFO sudoku.model.SudokuBoard - Wartość 0 wstawiona nieprawidłowo
15:41:40.412 [main] INFO sudoku.model.SudokuBoard - Bład w kwadracie 0
sudoku.model.SudokuBoard@609e57da[
  size=9
  solver=sudoku.model.BacktrackingSudokuSolver@56dd6efa
  board={{5,3,2,6,7,4,8,9,1},{7,8,6,9,1,5,2,3,4},{4,9,1,2,8,3,5,6,7},{9,4,5,7,6,1,3,2,8},{1,2,7,8,3,9,6,4,5},{3,6,8,4,5,2,7,1,9},{6,5,3,1,4,7,9,8,2},{8,7,4,0,0,0,0,0,0},{0,0,0,0,0,0,0,0,0}}
]
15:41:40.412 [main] INFO sudoku.model.SudokuBoard - Wartość 0 wstawiona nieprawidłowo
15:41:40.412 [main] INFO sudoku.model.SudokuBoard - Bład w kwadracie 0
sudoku.model.SudokuBoard@609e57da[
  size=9
  solver=sudoku.model.BacktrackingSudokuSolver@56dd6efa
  board={{5,3,2,6,7,4,8,9,1},{7,8,6,9,1,5,2,3,4},{4,9,1,2,8,3,5,6,7},{9,4,5,7,6,1,3,2,8},{1,2,7,8,3,9,6,4,5},{3,6,8,4,5,2,7,1,9},{6,5,3,1,4,7,9,8,2},{8,7,0,0,0,0,0,0,0},{0,0,0,0,0,0,0,0,0}}
]
15:41:40.412 [main] INFO sudoku.model.SudokuBoard - Wartość 0 wstawiona nieprawidłowo
15:41:40.412 [main] INFO sudoku.model.SudokuBoard - Bład w kwadracie 0
sudoku.model.SudokuBoard@609e57da[
  size=9
  solver=sudoku.model.BacktrackingSudokuSolver@56dd6efa
  board={{5,3,2,6,7,4,8,9,1},{7,8,6,9,1,5,2,3,4},{4,9,1,2,8,3,5,6,7},{9,4,5,7,6,1,3,2,8},{1,2,7,8,3,9,6,4,5},{3,6,8,4,5,2,7,1,9},{6,5,3,1,4,7,9,8,2},{8,7,9,3,2,6,1,0,0},{0,0,0,0,0,0,0,0,0}}
]
15:41:40.412 [main] INFO sudoku.model.SudokuBoard - Wartość 0 wstawiona nieprawidłowo
15:41:40.413 [main] INFO sudoku.model.SudokuBoard - Bład w kwadracie 0
sudoku.model.SudokuBoard@609e57da[
  size=9
  solver=sudoku.model.BacktrackingSudokuSolver@56dd6efa
  board={{5,3,2,6,7,4,8,9,1},{7,8,6,9,1,5,2,3,4},{4,9,1,2,8,3,5,6,7},{9,4,5,7,6,1,3,2,8},{1,2,7,8,3,9,6,4,5},{3,6,8,4,5,2,7,1,9},{6,5,3,1,4,7,9,8,2},{8,7,9,3,2,6,0,0,0},{0,0,0,0,0,0,0,0,0}}
]
15:41:40.413 [main] INFO sudoku.model.SudokuBoard - Wartość 0 wstawiona nieprawidłowo
15:41:40.413 [main] INFO sudoku.model.SudokuBoard - Bład w kwadracie 0
sudoku.model.SudokuBoard@609e57da[
  size=9
  solver=sudoku.model.BacktrackingSudokuSolver@56dd6efa
  board={{5,3,2,6,7,4,8,9,1},{7,8,6,9,1,5,2,3,4},{4,9,1,2,8,3,5,6,7},{9,4,5,7,6,1,3,2,8},{1,2,7,8,3,9,6,4,5},{3,6,8,4,5,2,7,1,9},{6,5,3,1,4,7,9,8,2},{8,7,9,3,2,6,4,0,0},{0,0,0,0,0,0,0,0,0}}
]
15:41:40.413 [main] INFO sudoku.model.SudokuBoard - Wartość 0 wstawiona nieprawidłowo
15:41:40.413 [main] INFO sudoku.model.SudokuBoard - Bład w kwadracie 0
sudoku.model.SudokuBoard@609e57da[
  size=9
  solver=sudoku.model.BacktrackingSudokuSolver@56dd6efa
  board={{5,3,2,6,7,4,8,9,1},{7,8,6,9,1,5,2,3,4},{4,9,1,2,8,3,5,6,7},{9,4,5,7,6,1,3,2,8},{1,2,7,8,3,9,6,4,5},{3,6,8,4,5,2,7,1,9},{6,5,3,1,4,7,9,8,2},{8,7,9,3,2,6,0,0,0},{0,0,0,0,0,0,0,0,0}}
]
15:41:40.413 [main] INFO sudoku.model.SudokuBoard - Wartość 0 wstawiona nieprawidłowo
15:41:40.414 [main] INFO sudoku.model.SudokuBoard - Bład w kwadracie 0
sudoku.model.SudokuBoard@609e57da[
  size=9
  solver=sudoku.model.BacktrackingSudokuSolver@56dd6efa
  board={{5,3,2,6,7,4,8,9,1},{7,8,6,9,1,5,2,3,4},{4,9,1,2,8,3,5,6,7},{9,4,5,7,6,1,3,2,8},{1,2,7,8,3,9,6,4,5},{3,6,8,4,5,2,7,1,9},{6,5,3,1,4,7,9,8,2},{8,7,9,3,2,0,0,0,0},{0,0,0,0,0,0,0,0,0}}
]
15:41:40.414 [main] INFO sudoku.model.SudokuBoard - Wartość 0 wstawiona nieprawidłowo
15:41:40.417 [main] INFO sudoku.model.SudokuBoard - Bład w kwadracie 0
sudoku.model.SudokuBoard@609e57da[
  size=9
  solver=sudoku.model.BacktrackingSudokuSolver@56dd6efa
  board={{5,3,2,6,7,4,8,9,1},{7,8,6,9,1,5,2,3,4},{4,9,1,2,8,3,5,6,7},{9,4,5,7,6,1,3,2,8},{1,2,7,8,3,9,6,4,5},{3,6,8,4,5,2,7,1,9},{6,5,3,1,4,7,9,8,2},{8,7,9,3,0,0,0,0,0},{0,0,0,0,0,0,0,0,0}}
]
15:41:40.417 [main] INFO sudoku.model.SudokuBoard - Wartość 0 wstawiona nieprawidłowo
15:41:40.417 [main] INFO sudoku.model.SudokuBoard - Bład w kwadracie 0
sudoku.model.SudokuBoard@609e57da[
  size=9
  solver=sudoku.model.BacktrackingSudokuSolver@56dd6efa
  board={{5,3,2,6,7,4,8,9,1},{7,8,6,9,1,5,2,3,4},{4,9,1,2,8,3,5,6,7},{9,4,5,7,6,1,3,2,8},{1,2,7,8,3,9,6,4,5},{3,6,8,4,5,2,7,1,9},{6,5,3,1,4,7,9,8,2},{8,7,9,0,0,0,0,0,0},{0,0,0,0,0,0,0,0,0}}
]
15:41:40.417 [main] INFO sudoku.model.SudokuBoard - Wartość 0 wstawiona nieprawidłowo
15:41:40.418 [main] INFO sudoku.model.SudokuBoard - Bład w kwadracie 0
sudoku.model.SudokuBoard@609e57da[
  size=9
  solver=sudoku.model.BacktrackingSudokuSolver@56dd6efa
  board={{5,3,2,6,7,4,8,9,1},{7,8,6,9,1,5,2,3,4},{4,9,1,2,8,3,5,6,7},{9,4,5,7,6,1,3,2,8},{1,2,7,8,3,9,6,4,5},{3,6,8,4,5,2,7,1,9},{6,5,3,1,4,7,9,8,2},{8,7,9,5,2,6,0,0,0},{0,0,0,0,0,0,0,0,0}}
]
15:41:40.418 [main] INFO sudoku.model.SudokuBoard - Wartość 0 wstawiona nieprawidłowo
15:41:40.418 [main] INFO sudoku.model.SudokuBoard - Bład w kwadracie 0
sudoku.model.SudokuBoard@609e57da[
  size=9
  solver=sudoku.model.BacktrackingSudokuSolver@56dd6efa
  board={{5,3,2,6,7,4,8,9,1},{7,8,6,9,1,5,2,3,4},{4,9,1,2,8,3,5,6,7},{9,4,5,7,6,1,3,2,8},{1,2,7,8,3,9,6,4,5},{3,6,8,4,5,2,7,1,9},{6,5,3,1,4,7,9,8,2},{8,7,9,5,2,6,0,0,0},{0,0,0,0,0,0,0,0,0}}
]
15:41:40.418 [main] INFO sudoku.model.SudokuBoard - Wartość 0 wstawiona nieprawidłowo
15:41:40.418 [main] INFO sudoku.model.SudokuBoard - Bład w kwadracie 0
sudoku.model.SudokuBoard@609e57da[
  size=9
  solver=sudoku.model.BacktrackingSudokuSolver@56dd6efa
  board={{5,3,2,6,7,4,8,9,1},{7,8,6,9,1,5,2,3,4},{4,9,1,2,8,3,5,6,7},{9,4,5,7,6,1,3,2,8},{1,2,7,8,3,9,6,4,5},{3,6,8,4,5,2,7,1,9},{6,5,3,1,4,7,9,8,2},{8,7,9,5,2,0,0,0,0},{0,0,0,0,0,0,0,0,0}}
]
15:41:40.418 [main] INFO sudoku.model.SudokuBoard - Wartość 0 wstawiona nieprawidłowo
15:41:40.419 [main] INFO sudoku.model.SudokuBoard - Bład w kwadracie 0
sudoku.model.SudokuBoard@609e57da[
  size=9
  solver=sudoku.model.BacktrackingSudokuSolver@56dd6efa
  board={{5,3,2,6,7,4,8,9,1},{7,8,6,9,1,5,2,3,4},{4,9,1,2,8,3,5,6,7},{9,4,5,7,6,1,3,2,8},{1,2,7,8,3,9,6,4,5},{3,6,8,4,5,2,7,1,9},{6,5,3,1,4,7,9,8,2},{8,7,9,5,0,0,0,0,0},{0,0,0,0,0,0,0,0,0}}
]
15:41:40.419 [main] INFO sudoku.model.SudokuBoard - Wartość 0 wstawiona nieprawidłowo
15:41:40.419 [main] INFO sudoku.model.SudokuBoard - Bład w kwadracie 0
sudoku.model.SudokuBoard@609e57da[
  size=9
  solver=sudoku.model.BacktrackingSudokuSolver@56dd6efa
  board={{5,3,2,6,7,4,8,9,1},{7,8,6,9,1,5,2,3,4},{4,9,1,2,8,3,5,6,7},{9,4,5,7,6,1,3,2,8},{1,2,7,8,3,9,6,4,5},{3,6,8,4,5,2,7,1,9},{6,5,3,1,4,7,9,8,2},{8,7,9,0,0,0,0,0,0},{0,0,0,0,0,0,0,0,0}}
]
15:41:40.419 [main] INFO sudoku.model.SudokuBoard - Wartość 0 wstawiona nieprawidłowo
15:41:40.419 [main] INFO sudoku.model.SudokuBoard - Bład w kwadracie 0
sudoku.model.SudokuBoard@609e57da[
  size=9
  solver=sudoku.model.BacktrackingSudokuSolver@56dd6efa
  board={{5,3,2,6,7,4,8,9,1},{7,8,6,9,1,5,2,3,4},{4,9,1,2,8,3,5,6,7},{9,4,5,7,6,1,3,2,8},{1,2,7,8,3,9,6,4,5},{3,6,8,4,5,2,7,1,9},{6,5,3,1,4,7,9,8,2},{8,7,0,0,0,0,0,0,0},{0,0,0,0,0,0,0,0,0}}
]
15:41:40.419 [main] INFO sudoku.model.SudokuBoard - Wartość 0 wstawiona nieprawidłowo
15:41:40.420 [main] INFO sudoku.model.SudokuBoard - Bład w kwadracie 0
sudoku.model.SudokuBoard@609e57da[
  size=9
  solver=sudoku.model.BacktrackingSudokuSolver@56dd6efa
  board={{5,3,2,6,7,4,8,9,1},{7,8,6,9,1,5,2,3,4},{4,9,1,2,8,3,5,6,7},{9,4,5,7,6,1,3,2,8},{1,2,7,8,3,9,6,4,5},{3,6,8,4,5,2,7,1,9},{6,5,3,1,4,7,9,8,2},{8,0,0,0,0,0,0,0,0},{0,0,0,0,0,0,0,0,0}}
]
15:41:40.420 [main] INFO sudoku.model.SudokuBoard - Wartość 0 wstawiona nieprawidłowo
15:41:40.420 [main] INFO sudoku.model.SudokuBoard - Bład w kwadracie 0
sudoku.model.SudokuBoard@609e57da[
  size=9
  solver=sudoku.model.BacktrackingSudokuSolver@56dd6efa
  board={{5,3,2,6,7,4,8,9,1},{7,8,6,9,1,5,2,3,4},{4,9,1,2,8,3,5,6,7},{9,4,5,7,6,1,3,2,8},{1,2,7,8,3,9,6,4,5},{3,6,8,4,5,2,7,1,9},{6,5,3,1,4,7,9,8,2},{8,1,9,3,2,6,4,0,0},{0,0,0,0,0,0,0,0,0}}
]
15:41:40.420 [main] INFO sudoku.model.SudokuBoard - Wartość 0 wstawiona nieprawidłowo
15:41:40.421 [main] INFO sudoku.model.SudokuBoard - Bład w kwadracie 0
sudoku.model.SudokuBoard@609e57da[
  size=9
  solver=sudoku.model.BacktrackingSudokuSolver@56dd6efa
  board={{5,3,2,6,7,4,8,9,1},{7,8,6,9,1,5,2,3,4},{4,9,1,2,8,3,5,6,7},{9,4,5,7,6,1,3,2,8},{1,2,7,8,3,9,6,4,5},{3,6,8,4,5,2,7,1,9},{6,5,3,1,4,7,9,8,2},{8,1,9,3,2,6,4,0,0},{0,0,0,0,0,0,0,0,0}}
]
15:41:40.421 [main] INFO sudoku.model.SudokuBoard - Wartość 0 wstawiona nieprawidłowo
15:41:40.421 [main] INFO sudoku.model.SudokuBoard - Bład w kwadracie 0
sudoku.model.SudokuBoard@609e57da[
  size=9
  solver=sudoku.model.BacktrackingSudokuSolver@56dd6efa
  board={{5,3,2,6,7,4,8,9,1},{7,8,6,9,1,5,2,3,4},{4,9,1,2,8,3,5,6,7},{9,4,5,7,6,1,3,2,8},{1,2,7,8,3,9,6,4,5},{3,6,8,4,5,2,7,1,9},{6,5,3,1,4,7,9,8,2},{8,1,9,3,2,6,0,0,0},{0,0,0,0,0,0,0,0,0}}
]
15:41:40.421 [main] INFO sudoku.model.SudokuBoard - Wartość 0 wstawiona nieprawidłowo
15:41:40.421 [main] INFO sudoku.model.SudokuBoard - Bład w kwadracie 0
sudoku.model.SudokuBoard@609e57da[
  size=9
  solver=sudoku.model.BacktrackingSudokuSolver@56dd6efa
  board={{5,3,2,6,7,4,8,9,1},{7,8,6,9,1,5,2,3,4},{4,9,1,2,8,3,5,6,7},{9,4,5,7,6,1,3,2,8},{1,2,7,8,3,9,6,4,5},{3,6,8,4,5,2,7,1,9},{6,5,3,1,4,7,9,8,2},{8,1,9,3,2,0,0,0,0},{0,0,0,0,0,0,0,0,0}}
]
15:41:40.421 [main] INFO sudoku.model.SudokuBoard - Wartość 0 wstawiona nieprawidłowo
15:41:40.422 [main] INFO sudoku.model.SudokuBoard - Bład w kwadracie 0
sudoku.model.SudokuBoard@609e57da[
  size=9
  solver=sudoku.model.BacktrackingSudokuSolver@56dd6efa
  board={{5,3,2,6,7,4,8,9,1},{7,8,6,9,1,5,2,3,4},{4,9,1,2,8,3,5,6,7},{9,4,5,7,6,1,3,2,8},{1,2,7,8,3,9,6,4,5},{3,6,8,4,5,2,7,1,9},{6,5,3,1,4,7,9,8,2},{8,1,9,3,0,0,0,0,0},{0,0,0,0,0,0,0,0,0}}
]
15:41:40.422 [main] INFO sudoku.model.SudokuBoard - Wartość 0 wstawiona nieprawidłowo
15:41:40.422 [main] INFO sudoku.model.SudokuBoard - Bład w kwadracie 0
sudoku.model.SudokuBoard@609e57da[
  size=9
  solver=sudoku.model.BacktrackingSudokuSolver@56dd6efa
  board={{5,3,2,6,7,4,8,9,1},{7,8,6,9,1,5,2,3,4},{4,9,1,2,8,3,5,6,7},{9,4,5,7,6,1,3,2,8},{1,2,7,8,3,9,6,4,5},{3,6,8,4,5,2,7,1,9},{6,5,3,1,4,7,9,8,2},{8,1,9,0,0,0,0,0,0},{0,0,0,0,0,0,0,0,0}}
]
15:41:40.422 [main] INFO sudoku.model.SudokuBoard - Wartość 0 wstawiona nieprawidłowo
15:41:40.422 [main] INFO sudoku.model.SudokuBoard - Bład w kwadracie 0
sudoku.model.SudokuBoard@4d634127[
  size=9
  solver=sudoku.model.BacktrackingSudokuSolver@d2e6b0b
  board={{7,4,9,6,3,8,1,5,2},{1,2,3,5,7,9,8,4,6},{5,6,8,1,2,4,3,7,9},{9,7,2,3,8,5,4,6,1},{3,8,1,9,4,2,0,0,0},{0,0,0,0,0,0,0,0,0},{0,0,0,0,0,0,0,0,0},{0,0,0,0,0,0,0,0,0},{0,0,0,0,0,0,0,0,0}}
]
15:41:40.422 [main] INFO sudoku.model.SudokuBoard - Wartość 0 wstawiona nieprawidłowo
15:41:40.422 [main] INFO sudoku.model.SudokuBoard - Bład w kwadracie 0
sudoku.model.SudokuBoard@4d634127[
  size=9
  solver=sudoku.model.BacktrackingSudokuSolver@d2e6b0b
  board={{7,4,9,6,3,8,1,5,2},{1,2,3,5,7,9,8,4,6},{5,6,8,1,2,4,3,7,9},{9,7,2,3,8,5,4,6,1},{3,8,1,9,4,2,0,0,0},{0,0,0,0,0,0,0,0,0},{0,0,0,0,0,0,0,0,0},{0,0,0,0,0,0,0,0,0},{0,0,0,0,0,0,0,0,0}}
]
15:41:40.422 [main] INFO sudoku.model.SudokuBoard - Wartość 0 wstawiona nieprawidłowo
15:41:40.422 [main] INFO sudoku.model.SudokuBoard - Bład w kwadracie 0
sudoku.model.SudokuBoard@4d634127[
  size=9
  solver=sudoku.model.BacktrackingSudokuSolver@d2e6b0b
  board={{7,4,9,6,3,8,1,5,2},{1,2,3,5,7,9,8,4,6},{5,6,8,1,2,4,3,7,9},{9,7,2,3,8,5,4,6,1},{3,8,1,9,4,0,0,0,0},{0,0,0,0,0,0,0,0,0},{0,0,0,0,0,0,0,0,0},{0,0,0,0,0,0,0,0,0},{0,0,0,0,0,0,0,0,0}}
]
15:41:40.422 [main] INFO sudoku.model.SudokuBoard - Wartość 0 wstawiona nieprawidłowo
15:41:40.422 [main] INFO sudoku.model.SudokuBoard - Bład w kwadracie 0
sudoku.model.SudokuBoard@4d634127[
  size=9
  solver=sudoku.model.BacktrackingSudokuSolver@d2e6b0b
  board={{7,4,9,6,3,8,1,5,2},{1,2,3,5,7,9,8,4,6},{5,6,8,1,2,4,3,7,9},{9,7,2,3,8,5,4,6,1},{3,8,1,9,4,6,0,0,0},{0,0,0,0,0,0,0,0,0},{0,0,0,0,0,0,0,0,0},{0,0,0,0,0,0,0,0,0},{0,0,0,0,0,0,0,0,0}}
]
15:41:40.422 [main] INFO sudoku.model.SudokuBoard - Wartość 0 wstawiona nieprawidłowo
15:41:40.422 [main] INFO sudoku.model.SudokuBoard - Bład w kwadracie 0
sudoku.model.SudokuBoard@4d634127[
  size=9
  solver=sudoku.model.BacktrackingSudokuSolver@d2e6b0b
  board={{7,4,9,6,3,8,1,5,2},{1,2,3,5,7,9,8,4,6},{5,6,8,1,2,4,3,7,9},{9,7,2,3,8,5,4,6,1},{3,8,1,9,4,6,5,2,7},{6,5,4,7,1,2,9,3,8},{8,9,5,2,6,0,0,0,0},{0,0,0,0,0,0,0,0,0},{0,0,0,0,0,0,0,0,0}}
]
15:41:40.422 [main] INFO sudoku.model.SudokuBoard - Wartość 0 wstawiona nieprawidłowo
15:41:40.423 [main] INFO sudoku.model.SudokuBoard - Bład w kwadracie 0
sudoku.model.SudokuBoard@4d634127[
  size=9
  solver=sudoku.model.BacktrackingSudokuSolver@d2e6b0b
  board={{7,4,9,6,3,8,1,5,2},{1,2,3,5,7,9,8,4,6},{5,6,8,1,2,4,3,7,9},{9,7,2,3,8,5,4,6,1},{3,8,1,9,4,6,5,2,7},{6,5,4,7,1,2,9,3,8},{8,9,5,2,6,1,0,0,0},{0,0,0,0,0,0,0,0,0},{0,0,0,0,0,0,0,0,0}}
]
15:41:40.423 [main] INFO sudoku.model.SudokuBoard - Wartość 0 wstawiona nieprawidłowo
15:41:40.423 [main] INFO sudoku.model.SudokuBoard - Bład w kwadracie 0
sudoku.model.SudokuBoard@4d634127[
  size=9
  solver=sudoku.model.BacktrackingSudokuSolver@d2e6b0b
  board={{7,4,9,6,3,8,1,5,2},{1,2,3,5,7,9,8,4,6},{5,6,8,1,2,4,3,7,9},{9,7,2,3,8,5,4,6,1},{3,8,1,9,4,6,5,2,7},{6,5,4,7,1,2,9,3,8},{8,9,5,2,6,0,0,0,0},{0,0,0,0,0,0,0,0,0},{0,0,0,0,0,0,0,0,0}}
]
15:41:40.423 [main] INFO sudoku.model.SudokuBoard - Wartość 0 wstawiona nieprawidłowo
15:41:40.423 [main] INFO sudoku.model.SudokuBoard - Bład w kwadracie 0
sudoku.model.SudokuBoard@4d634127[
  size=9
  solver=sudoku.model.BacktrackingSudokuSolver@d2e6b0b
  board={{7,4,9,6,3,8,1,5,2},{1,2,3,5,7,9,8,4,6},{5,6,8,1,2,4,3,7,9},{9,7,2,3,8,5,4,6,1},{3,8,1,9,4,6,5,2,7},{6,5,4,7,1,2,9,3,8},{8,9,5,2,6,3,7,1,4},{4,3,6,8,9,1,0,0,0},{0,0,0,0,0,0,0,0,0}}
]
15:41:40.423 [main] INFO sudoku.model.SudokuBoard - Wartość 0 wstawiona nieprawidłowo
15:41:40.424 [main] INFO sudoku.model.SudokuBoard - Bład w kwadracie 0
sudoku.model.SudokuBoard@4d634127[
  size=9
  solver=sudoku.model.BacktrackingSudokuSolver@d2e6b0b
  board={{7,4,9,6,3,8,1,5,2},{1,2,3,5,7,9,8,4,6},{5,6,8,1,2,4,3,7,9},{9,7,2,3,8,5,4,6,1},{3,8,1,9,4,6,5,2,7},{6,5,4,7,1,2,9,3,8},{8,9,5,2,6,3,7,1,4},{4,3,6,8,9,0,0,0,0},{0,0,0,0,0,0,0,0,0}}
]
15:41:40.424 [main] INFO sudoku.model.SudokuBoard - Wartość 0 wstawiona nieprawidłowo
15:41:40.424 [main] INFO sudoku.model.SudokuBoard - Bład w kwadracie 0
sudoku.model.SudokuBoard@4d634127[
  size=9
  solver=sudoku.model.BacktrackingSudokuSolver@d2e6b0b
  board={{7,4,9,6,3,8,1,5,2},{1,2,3,5,7,9,8,4,6},{5,6,8,1,2,4,3,7,9},{9,7,2,3,8,5,4,6,1},{3,8,1,9,4,6,5,2,7},{6,5,4,7,1,2,9,3,8},{8,9,5,2,6,3,7,1,4},{4,3,6,8,9,7,0,0,0},{0,0,0,0,0,0,0,0,0}}
]
15:41:40.424 [main] INFO sudoku.model.SudokuBoard - Wartość 0 wstawiona nieprawidłowo
15:41:40.424 [main] INFO sudoku.model.SudokuBoard - Bład w kwadracie 0
sudoku.model.SudokuBoard@4d634127[
  size=9
  solver=sudoku.model.BacktrackingSudokuSolver@d2e6b0b
  board={{7,4,9,6,3,8,1,5,2},{1,2,3,5,7,9,8,4,6},{5,6,8,1,2,4,3,7,9},{9,7,2,3,8,5,4,6,1},{3,8,1,9,4,6,5,2,7},{6,5,4,7,1,2,9,3,8},{8,9,5,2,6,3,7,1,4},{4,3,6,8,9,0,0,0,0},{0,0,0,0,0,0,0,0,0}}
]
15:41:40.424 [main] INFO sudoku.model.SudokuBoard - Wartość 0 wstawiona nieprawidłowo
15:41:40.424 [main] INFO sudoku.model.SudokuBoard - Bład w kwadracie 0
sudoku.model.SudokuBoard@4d634127[
  size=9
  solver=sudoku.model.BacktrackingSudokuSolver@d2e6b0b
  board={{7,4,9,6,3,8,1,5,2},{1,2,3,5,7,9,8,4,6},{5,6,8,1,2,4,3,7,9},{9,7,2,3,8,5,4,6,1},{3,8,1,9,4,6,5,2,7},{6,5,4,7,1,2,9,3,8},{8,9,5,2,6,3,7,1,4},{4,3,6,8,0,0,0,0,0},{0,0,0,0,0,0,0,0,0}}
]
15:41:40.424 [main] INFO sudoku.model.SudokuBoard - Wartość 0 wstawiona nieprawidłowo
15:41:40.424 [main] INFO sudoku.model.SudokuBoard - Bład w kwadracie 0
sudoku.model.SudokuBoard@4d634127[
  size=9
  solver=sudoku.model.BacktrackingSudokuSolver@d2e6b0b
  board={{7,4,9,6,3,8,1,5,2},{1,2,3,5,7,9,8,4,6},{5,6,8,1,2,4,3,7,9},{9,7,2,3,8,5,4,6,1},{3,8,1,9,4,6,5,2,7},{6,5,4,7,1,2,9,3,8},{8,9,5,2,6,3,7,1,4},{4,3,6,8,5,7,2,0,0},{0,0,0,0,0,0,0,0,0}}
]
15:41:40.424 [main] INFO sudoku.model.SudokuBoard - Wartość 0 wstawiona nieprawidłowo
15:41:40.425 [main] INFO sudoku.model.SudokuBoard - Bład w kwadracie 0
sudoku.model.SudokuBoard@4d634127[
  size=9
  solver=sudoku.model.BacktrackingSudokuSolver@d2e6b0b
  board={{7,4,9,6,3,8,1,5,2},{1,2,3,5,7,9,8,4,6},{5,6,8,1,2,4,3,7,9},{9,7,2,3,8,5,4,6,1},{3,8,1,9,4,6,5,2,7},{6,5,4,7,1,2,9,3,8},{8,9,5,2,6,3,7,1,4},{4,3,6,8,5,7,0,0,0},{0,0,0,0,0,0,0,0,0}}
]
15:41:40.425 [main] INFO sudoku.model.SudokuBoard - Wartość 0 wstawiona nieprawidłowo
15:41:40.425 [main] INFO sudoku.model.SudokuBoard - Bład w kwadracie 0
sudoku.model.SudokuBoard@4d634127[
  size=9
  solver=sudoku.model.BacktrackingSudokuSolver@d2e6b0b
  board={{7,4,9,6,3,8,1,5,2},{1,2,3,5,7,9,8,4,6},{5,6,8,1,2,4,3,7,9},{9,7,2,3,8,5,4,6,1},{3,8,1,9,4,6,5,2,7},{6,5,4,7,1,2,9,3,8},{8,9,5,2,6,3,7,1,4},{4,3,6,8,5,0,0,0,0},{0,0,0,0,0,0,0,0,0}}
]
15:41:40.425 [main] INFO sudoku.model.SudokuBoard - Wartość 0 wstawiona nieprawidłowo
15:41:40.425 [main] INFO sudoku.model.SudokuBoard - Bład w kwadracie 0
sudoku.model.SudokuBoard@4d634127[
  size=9
  solver=sudoku.model.BacktrackingSudokuSolver@d2e6b0b
  board={{7,4,9,6,3,8,1,5,2},{1,2,3,5,7,9,8,4,6},{5,6,8,1,2,4,3,7,9},{9,7,2,3,8,5,4,6,1},{3,8,1,9,4,6,5,2,7},{6,5,4,7,1,2,9,3,8},{8,9,5,2,6,3,7,1,4},{4,3,6,8,5,1,2,0,0},{0,0,0,0,0,0,0,0,0}}
]
15:41:40.425 [main] INFO sudoku.model.SudokuBoard - Wartość 0 wstawiona nieprawidłowo
15:41:40.425 [main] INFO sudoku.model.SudokuBoard - Bład w kwadracie 0
sudoku.model.SudokuBoard@4d634127[
  size=9
  solver=sudoku.model.BacktrackingSudokuSolver@d2e6b0b
  board={{7,4,9,6,3,8,1,5,2},{1,2,3,5,7,9,8,4,6},{5,6,8,1,2,4,3,7,9},{9,7,2,3,8,5,4,6,1},{3,8,1,9,4,6,5,2,7},{6,5,4,7,1,2,9,3,8},{8,9,5,2,6,3,7,1,4},{4,3,6,8,5,1,0,0,0},{0,0,0,0,0,0,0,0,0}}
]
15:41:40.425 [main] INFO sudoku.model.SudokuBoard - Wartość 0 wstawiona nieprawidłowo
15:41:40.426 [main] INFO sudoku.model.SudokuBoard - Bład w kwadracie 0
sudoku.model.SudokuBoard@4d634127[
  size=9
  solver=sudoku.model.BacktrackingSudokuSolver@d2e6b0b
  board={{7,4,9,6,3,8,1,5,2},{1,2,3,5,7,9,8,4,6},{5,6,8,1,2,4,3,7,9},{9,7,2,3,8,5,4,6,1},{3,8,1,9,4,6,5,2,7},{6,5,4,7,1,2,9,3,8},{8,9,5,2,6,3,7,1,4},{4,3,6,8,5,0,0,0,0},{0,0,0,0,0,0,0,0,0}}
]
15:41:40.426 [main] INFO sudoku.model.SudokuBoard - Wartość 0 wstawiona nieprawidłowo
15:41:40.426 [main] INFO sudoku.model.SudokuBoard - Bład w kwadracie 0
sudoku.model.SudokuBoard@4d634127[
  size=9
  solver=sudoku.model.BacktrackingSudokuSolver@d2e6b0b
  board={{7,4,9,6,3,8,1,5,2},{1,2,3,5,7,9,8,4,6},{5,6,8,1,2,4,3,7,9},{9,7,2,3,8,5,4,6,1},{3,8,1,9,4,6,5,2,7},{6,5,4,7,1,2,9,3,8},{8,9,5,2,6,3,7,1,4},{4,3,6,8,0,0,0,0,0},{0,0,0,0,0,0,0,0,0}}
]
15:41:40.426 [main] INFO sudoku.model.SudokuBoard - Wartość 0 wstawiona nieprawidłowo
15:41:40.426 [main] INFO sudoku.model.SudokuBoard - Bład w kwadracie 0
sudoku.model.SudokuBoard@4d634127[
  size=9
  solver=sudoku.model.BacktrackingSudokuSolver@d2e6b0b
  board={{7,4,9,6,3,8,1,5,2},{1,2,3,5,7,9,8,4,6},{5,6,8,1,2,4,3,7,9},{9,7,2,3,8,5,4,6,1},{3,8,1,9,4,6,5,2,7},{6,5,4,7,1,2,9,3,8},{8,9,5,2,6,3,7,1,4},{4,3,6,0,0,0,0,0,0},{0,0,0,0,0,0,0,0,0}}
]
15:41:40.426 [main] INFO sudoku.model.SudokuBoard - Wartość 0 wstawiona nieprawidłowo
15:41:40.426 [main] INFO sudoku.model.SudokuBoard - Bład w kwadracie 0
sudoku.model.SudokuBoard@4d634127[
  size=9
  solver=sudoku.model.BacktrackingSudokuSolver@d2e6b0b
  board={{7,4,9,6,3,8,1,5,2},{1,2,3,5,7,9,8,4,6},{5,6,8,1,2,4,3,7,9},{9,7,2,3,8,5,4,6,1},{3,8,1,9,4,6,5,2,7},{6,5,4,7,1,2,9,3,8},{8,9,5,2,6,3,7,1,4},{4,3,0,0,0,0,0,0,0},{0,0,0,0,0,0,0,0,0}}
]
15:41:40.426 [main] INFO sudoku.model.SudokuBoard - Wartość 0 wstawiona nieprawidłowo
15:41:40.427 [main] INFO sudoku.model.SudokuBoard - Bład w kwadracie 0
sudoku.model.SudokuBoard@4d634127[
  size=9
  solver=sudoku.model.BacktrackingSudokuSolver@d2e6b0b
  board={{7,4,9,6,3,8,1,5,2},{1,2,3,5,7,9,8,4,6},{5,6,8,1,2,4,3,7,9},{9,7,2,3,8,5,4,6,1},{3,8,1,9,4,6,5,2,7},{6,5,4,7,1,2,9,3,8},{8,9,5,2,6,3,7,1,4},{4,3,7,8,5,1,6,0,0},{0,0,0,0,0,0,0,0,0}}
]
15:41:40.427 [main] INFO sudoku.model.SudokuBoard - Wartość 0 wstawiona nieprawidłowo
15:41:40.427 [main] INFO sudoku.model.SudokuBoard - Bład w kwadracie 0
sudoku.model.SudokuBoard@4d634127[
  size=9
  solver=sudoku.model.BacktrackingSudokuSolver@d2e6b0b
  board={{7,4,9,6,3,8,1,5,2},{1,2,3,5,7,9,8,4,6},{5,6,8,1,2,4,3,7,9},{9,7,2,3,8,5,4,6,1},{3,8,1,9,4,6,5,2,7},{6,5,4,7,1,2,9,3,8},{8,9,5,2,6,3,7,1,4},{4,3,7,8,5,1,0,0,0},{0,0,0,0,0,0,0,0,0}}
]
15:41:40.427 [main] INFO sudoku.model.SudokuBoard - Wartość 0 wstawiona nieprawidłowo
15:41:40.427 [main] INFO sudoku.model.SudokuBoard - Bład w kwadracie 0
sudoku.model.SudokuBoard@4d634127[
  size=9
  solver=sudoku.model.BacktrackingSudokuSolver@d2e6b0b
  board={{7,4,9,6,3,8,1,5,2},{1,2,3,5,7,9,8,4,6},{5,6,8,1,2,4,3,7,9},{9,7,2,3,8,5,4,6,1},{3,8,1,9,4,6,5,2,7},{6,5,4,7,1,2,9,3,8},{8,9,5,2,6,3,7,1,4},{4,3,7,8,5,1,2,0,0},{0,0,0,0,0,0,0,0,0}}
]
15:41:40.427 [main] INFO sudoku.model.SudokuBoard - Wartość 0 wstawiona nieprawidłowo
15:41:40.427 [main] INFO sudoku.model.SudokuBoard - Bład w kwadracie 0
sudoku.model.SudokuBoard@4d634127[
  size=9
  solver=sudoku.model.BacktrackingSudokuSolver@d2e6b0b
  board={{7,4,9,6,3,8,1,5,2},{1,2,3,5,7,9,8,4,6},{5,6,8,1,2,4,3,7,9},{9,7,2,3,8,5,4,6,1},{3,8,1,9,4,6,5,2,7},{6,5,4,7,1,2,9,3,8},{8,9,5,2,6,3,7,1,4},{4,3,7,8,5,1,0,0,0},{0,0,0,0,0,0,0,0,0}}
]
15:41:40.427 [main] INFO sudoku.model.SudokuBoard - Wartość 0 wstawiona nieprawidłowo
15:41:40.428 [main] INFO sudoku.model.SudokuBoard - Bład w kwadracie 0
sudoku.model.SudokuBoard@4d634127[
  size=9
  solver=sudoku.model.BacktrackingSudokuSolver@d2e6b0b
  board={{7,4,9,6,3,8,1,5,2},{1,2,3,5,7,9,8,4,6},{5,6,8,1,2,4,3,7,9},{9,7,2,3,8,5,4,6,1},{3,8,1,9,4,6,5,2,7},{6,5,4,7,1,2,9,3,8},{8,9,5,2,6,3,7,1,4},{4,3,7,8,5,0,0,0,0},{0,0,0,0,0,0,0,0,0}}
]
15:41:40.428 [main] INFO sudoku.model.SudokuBoard - Wartość 0 wstawiona nieprawidłowo
15:41:40.428 [main] INFO sudoku.model.SudokuBoard - Bład w kwadracie 0
sudoku.model.SudokuBoard@4d634127[
  size=9
  solver=sudoku.model.BacktrackingSudokuSolver@d2e6b0b
  board={{7,4,9,6,3,8,1,5,2},{1,2,3,5,7,9,8,4,6},{5,6,8,1,2,4,3,7,9},{9,7,2,3,8,5,4,6,1},{3,8,1,9,4,6,5,2,7},{6,5,4,7,1,2,9,3,8},{8,9,5,2,6,3,7,1,4},{4,3,7,8,0,0,0,0,0},{0,0,0,0,0,0,0,0,0}}
]
15:41:40.428 [main] INFO sudoku.model.SudokuBoard - Wartość 0 wstawiona nieprawidłowo
15:41:40.428 [main] INFO sudoku.model.SudokuBoard - Bład w kwadracie 0
sudoku.model.SudokuBoard@4d634127[
  size=9
  solver=sudoku.model.BacktrackingSudokuSolver@d2e6b0b
  board={{7,4,9,6,3,8,1,5,2},{1,2,3,5,7,9,8,4,6},{5,6,8,1,2,4,3,7,9},{9,7,2,3,8,5,4,6,1},{3,8,1,9,4,6,5,2,7},{6,5,4,7,1,2,9,3,8},{8,9,5,2,6,3,7,1,4},{4,3,7,8,9,1,0,0,0},{0,0,0,0,0,0,0,0,0}}
]
15:41:40.428 [main] INFO sudoku.model.SudokuBoard - Wartość 0 wstawiona nieprawidłowo
15:41:40.428 [main] INFO sudoku.model.SudokuBoard - Bład w kwadracie 0
sudoku.model.SudokuBoard@4d634127[
  size=9
  solver=sudoku.model.BacktrackingSudokuSolver@d2e6b0b
  board={{7,4,9,6,3,8,1,5,2},{1,2,3,5,7,9,8,4,6},{5,6,8,1,2,4,3,7,9},{9,7,2,3,8,5,4,6,1},{3,8,1,9,4,6,5,2,7},{6,5,4,7,1,2,9,3,8},{8,9,5,2,6,3,7,1,4},{4,3,7,8,9,1,0,0,0},{0,0,0,0,0,0,0,0,0}}
]
15:41:40.428 [main] INFO sudoku.model.SudokuBoard - Wartość 0 wstawiona nieprawidłowo
15:41:40.429 [main] INFO sudoku.model.SudokuBoard - Bład w kwadracie 0
sudoku.model.SudokuBoard@4d634127[
  size=9
  solver=sudoku.model.BacktrackingSudokuSolver@d2e6b0b
  board={{7,4,9,6,3,8,1,5,2},{1,2,3,5,7,9,8,4,6},{5,6,8,1,2,4,3,7,9},{9,7,2,3,8,5,4,6,1},{3,8,1,9,4,6,5,2,7},{6,5,4,7,1,2,9,3,8},{8,9,5,2,6,3,7,1,4},{4,3,7,8,9,0,0,0,0},{0,0,0,0,0,0,0,0,0}}
]
15:41:40.429 [main] INFO sudoku.model.SudokuBoard - Wartość 0 wstawiona nieprawidłowo
15:41:40.429 [main] INFO sudoku.model.SudokuBoard - Bład w kwadracie 0
sudoku.model.SudokuBoard@4d634127[
  size=9
  solver=sudoku.model.BacktrackingSudokuSolver@d2e6b0b
  board={{7,4,9,6,3,8,1,5,2},{1,2,3,5,7,9,8,4,6},{5,6,8,1,2,4,3,7,9},{9,7,2,3,8,5,4,6,1},{3,8,1,9,4,6,5,2,7},{6,5,4,7,1,2,9,3,8},{8,9,5,2,6,3,7,1,4},{4,3,7,8,0,0,0,0,0},{0,0,0,0,0,0,0,0,0}}
]
15:41:40.429 [main] INFO sudoku.model.SudokuBoard - Wartość 0 wstawiona nieprawidłowo
15:41:40.429 [main] INFO sudoku.model.SudokuBoard - Bład w kwadracie 0
sudoku.model.SudokuBoard@4d634127[
  size=9
  solver=sudoku.model.BacktrackingSudokuSolver@d2e6b0b
  board={{7,4,9,6,3,8,1,5,2},{1,2,3,5,7,9,8,4,6},{5,6,8,1,2,4,3,7,9},{9,7,2,3,8,5,4,6,1},{3,8,1,9,4,6,5,2,7},{6,5,4,7,1,2,9,3,8},{8,9,5,2,6,3,7,1,4},{4,3,7,0,0,0,0,0,0},{0,0,0,0,0,0,0,0,0}}
]
15:41:40.429 [main] INFO sudoku.model.SudokuBoard - Wartość 0 wstawiona nieprawidłowo
15:41:40.429 [main] INFO sudoku.model.SudokuBoard - Bład w kwadracie 0
sudoku.model.SudokuBoard@4d634127[
  size=9
  solver=sudoku.model.BacktrackingSudokuSolver@d2e6b0b
  board={{7,4,9,6,3,8,1,5,2},{1,2,3,5,7,9,8,4,6},{5,6,8,1,2,4,3,7,9},{9,7,2,3,8,5,4,6,1},{3,8,1,9,4,6,5,2,7},{6,5,4,7,1,2,9,3,8},{8,9,5,2,6,3,7,1,4},{4,3,0,0,0,0,0,0,0},{0,0,0,0,0,0,0,0,0}}
]
15:41:40.429 [main] INFO sudoku.model.SudokuBoard - Wartość 0 wstawiona nieprawidłowo
15:41:40.430 [main] INFO sudoku.model.SudokuBoard - Bład w kwadracie 0
sudoku.model.SudokuBoard@4d634127[
  size=9
  solver=sudoku.model.BacktrackingSudokuSolver@d2e6b0b
  board={{7,4,9,6,3,8,1,5,2},{1,2,3,5,7,9,8,4,6},{5,6,8,1,2,4,3,7,9},{9,7,2,3,8,5,4,6,1},{3,8,1,9,4,6,5,2,7},{6,5,4,7,1,2,9,3,8},{8,9,5,2,6,3,7,1,4},{4,0,0,0,0,0,0,0,0},{0,0,0,0,0,0,0,0,0}}
]
15:41:40.430 [main] INFO sudoku.model.SudokuBoard - Wartość 0 wstawiona nieprawidłowo
15:41:40.430 [main] INFO sudoku.model.SudokuBoard - Bład w kwadracie 0
sudoku.model.SudokuBoard@4d634127[
  size=9
  solver=sudoku.model.BacktrackingSudokuSolver@d2e6b0b
  board={{7,4,9,6,3,8,1,5,2},{1,2,3,5,7,9,8,4,6},{5,6,8,1,2,4,3,7,9},{9,7,2,3,8,5,4,6,1},{3,8,1,9,4,6,5,2,7},{6,5,4,7,1,2,9,3,8},{8,9,5,2,6,3,7,1,4},{4,1,6,8,9,7,0,0,0},{0,0,0,0,0,0,0,0,0}}
]
15:41:40.430 [main] INFO sudoku.model.SudokuBoard - Wartość 0 wstawiona nieprawidłowo
15:41:40.430 [main] INFO sudoku.model.SudokuBoard - Bład w kwadracie 0
sudoku.model.SudokuBoard@4d634127[
  size=9
  solver=sudoku.model.BacktrackingSudokuSolver@d2e6b0b
  board={{7,4,9,6,3,8,1,5,2},{1,2,3,5,7,9,8,4,6},{5,6,8,1,2,4,3,7,9},{9,7,2,3,8,5,4,6,1},{3,8,1,9,4,6,5,2,7},{6,5,4,7,1,2,9,3,8},{8,9,5,2,6,3,7,1,4},{4,1,6,8,9,0,0,0,0},{0,0,0,0,0,0,0,0,0}}
]
15:41:40.430 [main] INFO sudoku.model.SudokuBoard - Wartość 0 wstawiona nieprawidłowo
15:41:40.430 [main] INFO sudoku.model.SudokuBoard - Bład w kwadracie 0
sudoku.model.SudokuBoard@4d634127[
  size=9
  solver=sudoku.model.BacktrackingSudokuSolver@d2e6b0b
  board={{7,4,9,6,3,8,1,5,2},{1,2,3,5,7,9,8,4,6},{5,6,8,1,2,4,3,7,9},{9,7,2,3,8,5,4,6,1},{3,8,1,9,4,6,5,2,7},{6,5,4,7,1,2,9,3,8},{8,9,5,2,6,3,7,1,4},{4,1,6,8,0,0,0,0,0},{0,0,0,0,0,0,0,0,0}}
]
15:41:40.430 [main] INFO sudoku.model.SudokuBoard - Wartość 0 wstawiona nieprawidłowo
]]></system-out>
  </testcase>
  <testcase name="testToString" classname="sudoku.model.SeriesTest" time="0.03">
    <system-out><![CDATA[15:41:40.443 [main] INFO sudoku.model.SudokuBoard - Bład w kwadracie 0
sudoku.model.SudokuBoard@32f96bba[
  size=9
  solver=sudoku.model.BacktrackingSudokuSolver@611640f0
  board={{7,1,6,2,8,9,3,4,5},{8,2,5,6,1,3,9,0,0},{0,0,0,0,0,0,0,0,0},{0,0,0,0,0,0,0,0,0},{0,0,0,0,0,0,0,0,0},{0,0,0,0,0,0,0,0,0},{0,0,0,0,0,0,0,0,0},{0,0,0,0,0,0,0,0,0},{0,0,0,0,0,0,0,0,0}}
]
15:41:40.443 [main] INFO sudoku.model.SudokuBoard - Wartość 0 wstawiona nieprawidłowo
15:41:40.444 [main] INFO sudoku.model.SudokuBoard - Bład w kwadracie 0
sudoku.model.SudokuBoard@32f96bba[
  size=9
  solver=sudoku.model.BacktrackingSudokuSolver@611640f0
  board={{7,1,6,2,8,9,3,4,5},{8,2,5,6,1,3,0,0,0},{0,0,0,0,0,0,0,0,0},{0,0,0,0,0,0,0,0,0},{0,0,0,0,0,0,0,0,0},{0,0,0,0,0,0,0,0,0},{0,0,0,0,0,0,0,0,0},{0,0,0,0,0,0,0,0,0},{0,0,0,0,0,0,0,0,0}}
]
15:41:40.444 [main] INFO sudoku.model.SudokuBoard - Wartość 0 wstawiona nieprawidłowo
15:41:40.444 [main] INFO sudoku.model.SudokuBoard - Bład w kwadracie 0
sudoku.model.SudokuBoard@32f96bba[
  size=9
  solver=sudoku.model.BacktrackingSudokuSolver@611640f0
  board={{7,1,6,2,8,9,3,4,5},{8,2,5,6,1,3,7,0,0},{0,0,0,0,0,0,0,0,0},{0,0,0,0,0,0,0,0,0},{0,0,0,0,0,0,0,0,0},{0,0,0,0,0,0,0,0,0},{0,0,0,0,0,0,0,0,0},{0,0,0,0,0,0,0,0,0},{0,0,0,0,0,0,0,0,0}}
]
15:41:40.444 [main] INFO sudoku.model.SudokuBoard - Wartość 0 wstawiona nieprawidłowo
15:41:40.444 [main] INFO sudoku.model.SudokuBoard - Bład w kwadracie 0
sudoku.model.SudokuBoard@32f96bba[
  size=9
  solver=sudoku.model.BacktrackingSudokuSolver@611640f0
  board={{7,1,6,2,8,9,3,4,5},{8,2,5,6,1,3,0,0,0},{0,0,0,0,0,0,0,0,0},{0,0,0,0,0,0,0,0,0},{0,0,0,0,0,0,0,0,0},{0,0,0,0,0,0,0,0,0},{0,0,0,0,0,0,0,0,0},{0,0,0,0,0,0,0,0,0},{0,0,0,0,0,0,0,0,0}}
]
15:41:40.444 [main] INFO sudoku.model.SudokuBoard - Wartość 0 wstawiona nieprawidłowo
15:41:40.444 [main] INFO sudoku.model.SudokuBoard - Bład w kwadracie 0
sudoku.model.SudokuBoard@32f96bba[
  size=9
  solver=sudoku.model.BacktrackingSudokuSolver@611640f0
  board={{7,1,6,2,8,9,3,4,5},{8,2,5,6,1,0,0,0,0},{0,0,0,0,0,0,0,0,0},{0,0,0,0,0,0,0,0,0},{0,0,0,0,0,0,0,0,0},{0,0,0,0,0,0,0,0,0},{0,0,0,0,0,0,0,0,0},{0,0,0,0,0,0,0,0,0},{0,0,0,0,0,0,0,0,0}}
]
15:41:40.444 [main] INFO sudoku.model.SudokuBoard - Wartość 0 wstawiona nieprawidłowo
15:41:40.444 [main] INFO sudoku.model.SudokuBoard - Bład w kwadracie 0
sudoku.model.SudokuBoard@32f96bba[
  size=9
  solver=sudoku.model.BacktrackingSudokuSolver@611640f0
  board={{7,1,6,2,8,9,3,4,5},{8,2,5,6,1,4,7,0,0},{0,0,0,0,0,0,0,0,0},{0,0,0,0,0,0,0,0,0},{0,0,0,0,0,0,0,0,0},{0,0,0,0,0,0,0,0,0},{0,0,0,0,0,0,0,0,0},{0,0,0,0,0,0,0,0,0},{0,0,0,0,0,0,0,0,0}}
]
15:41:40.444 [main] INFO sudoku.model.SudokuBoard - Wartość 0 wstawiona nieprawidłowo
15:41:40.444 [main] INFO sudoku.model.SudokuBoard - Bład w kwadracie 0
sudoku.model.SudokuBoard@32f96bba[
  size=9
  solver=sudoku.model.BacktrackingSudokuSolver@611640f0
  board={{7,1,6,2,8,9,3,4,5},{8,2,5,6,1,4,0,0,0},{0,0,0,0,0,0,0,0,0},{0,0,0,0,0,0,0,0,0},{0,0,0,0,0,0,0,0,0},{0,0,0,0,0,0,0,0,0},{0,0,0,0,0,0,0,0,0},{0,0,0,0,0,0,0,0,0},{0,0,0,0,0,0,0,0,0}}
]
15:41:40.444 [main] INFO sudoku.model.SudokuBoard - Wartość 0 wstawiona nieprawidłowo
15:41:40.445 [main] INFO sudoku.model.SudokuBoard - Bład w kwadracie 0
sudoku.model.SudokuBoard@32f96bba[
  size=9
  solver=sudoku.model.BacktrackingSudokuSolver@611640f0
  board={{7,1,6,2,8,9,3,4,5},{8,2,5,6,1,4,9,0,0},{0,0,0,0,0,0,0,0,0},{0,0,0,0,0,0,0,0,0},{0,0,0,0,0,0,0,0,0},{0,0,0,0,0,0,0,0,0},{0,0,0,0,0,0,0,0,0},{0,0,0,0,0,0,0,0,0},{0,0,0,0,0,0,0,0,0}}
]
15:41:40.445 [main] INFO sudoku.model.SudokuBoard - Wartość 0 wstawiona nieprawidłowo
15:41:40.445 [main] INFO sudoku.model.SudokuBoard - Bład w kwadracie 0
sudoku.model.SudokuBoard@32f96bba[
  size=9
  solver=sudoku.model.BacktrackingSudokuSolver@611640f0
  board={{7,1,6,2,8,9,3,4,5},{8,2,5,6,1,4,0,0,0},{0,0,0,0,0,0,0,0,0},{0,0,0,0,0,0,0,0,0},{0,0,0,0,0,0,0,0,0},{0,0,0,0,0,0,0,0,0},{0,0,0,0,0,0,0,0,0},{0,0,0,0,0,0,0,0,0},{0,0,0,0,0,0,0,0,0}}
]
15:41:40.445 [main] INFO sudoku.model.SudokuBoard - Wartość 0 wstawiona nieprawidłowo
15:41:40.445 [main] INFO sudoku.model.SudokuBoard - Bład w kwadracie 0
sudoku.model.SudokuBoard@32f96bba[
  size=9
  solver=sudoku.model.BacktrackingSudokuSolver@611640f0
  board={{7,1,6,2,8,9,3,4,5},{8,2,5,6,1,0,0,0,0},{0,0,0,0,0,0,0,0,0},{0,0,0,0,0,0,0,0,0},{0,0,0,0,0,0,0,0,0},{0,0,0,0,0,0,0,0,0},{0,0,0,0,0,0,0,0,0},{0,0,0,0,0,0,0,0,0},{0,0,0,0,0,0,0,0,0}}
]
15:41:40.445 [main] INFO sudoku.model.SudokuBoard - Wartość 0 wstawiona nieprawidłowo
15:41:40.446 [main] INFO sudoku.model.SudokuBoard - Bład w kwadracie 0
sudoku.model.SudokuBoard@32f96bba[
  size=9
  solver=sudoku.model.BacktrackingSudokuSolver@611640f0
  board={{7,1,6,2,8,9,3,4,5},{8,2,5,6,1,7,0,0,0},{0,0,0,0,0,0,0,0,0},{0,0,0,0,0,0,0,0,0},{0,0,0,0,0,0,0,0,0},{0,0,0,0,0,0,0,0,0},{0,0,0,0,0,0,0,0,0},{0,0,0,0,0,0,0,0,0},{0,0,0,0,0,0,0,0,0}}
]
15:41:40.446 [main] INFO sudoku.model.SudokuBoard - Wartość 0 wstawiona nieprawidłowo
15:41:40.446 [main] INFO sudoku.model.SudokuBoard - Bład w kwadracie 0
sudoku.model.SudokuBoard@32f96bba[
  size=9
  solver=sudoku.model.BacktrackingSudokuSolver@611640f0
  board={{7,1,6,2,8,9,3,4,5},{8,2,5,6,1,0,0,0,0},{0,0,0,0,0,0,0,0,0},{0,0,0,0,0,0,0,0,0},{0,0,0,0,0,0,0,0,0},{0,0,0,0,0,0,0,0,0},{0,0,0,0,0,0,0,0,0},{0,0,0,0,0,0,0,0,0},{0,0,0,0,0,0,0,0,0}}
]
15:41:40.446 [main] INFO sudoku.model.SudokuBoard - Wartość 0 wstawiona nieprawidłowo
15:41:40.446 [main] INFO sudoku.model.SudokuBoard - Bład w kwadracie 0
sudoku.model.SudokuBoard@32f96bba[
  size=9
  solver=sudoku.model.BacktrackingSudokuSolver@611640f0
  board={{7,1,6,2,8,9,3,4,5},{8,2,5,6,0,0,0,0,0},{0,0,0,0,0,0,0,0,0},{0,0,0,0,0,0,0,0,0},{0,0,0,0,0,0,0,0,0},{0,0,0,0,0,0,0,0,0},{0,0,0,0,0,0,0,0,0},{0,0,0,0,0,0,0,0,0},{0,0,0,0,0,0,0,0,0}}
]
15:41:40.446 [main] INFO sudoku.model.SudokuBoard - Wartość 0 wstawiona nieprawidłowo
15:41:40.446 [main] INFO sudoku.model.SudokuBoard - Bład w kwadracie 0
sudoku.model.SudokuBoard@32f96bba[
  size=9
  solver=sudoku.model.BacktrackingSudokuSolver@611640f0
  board={{7,1,6,2,8,9,3,4,5},{8,2,5,6,3,7,9,0,0},{0,0,0,0,0,0,0,0,0},{0,0,0,0,0,0,0,0,0},{0,0,0,0,0,0,0,0,0},{0,0,0,0,0,0,0,0,0},{0,0,0,0,0,0,0,0,0},{0,0,0,0,0,0,0,0,0},{0,0,0,0,0,0,0,0,0}}
]
15:41:40.446 [main] INFO sudoku.model.SudokuBoard - Wartość 0 wstawiona nieprawidłowo
15:41:40.453 [main] INFO sudoku.model.SudokuBoard - Bład w kwadracie 0
sudoku.model.SudokuBoard@32f96bba[
  size=9
  solver=sudoku.model.BacktrackingSudokuSolver@611640f0
  board={{7,1,6,2,8,9,3,4,5},{8,2,5,6,3,7,0,0,0},{0,0,0,0,0,0,0,0,0},{0,0,0,0,0,0,0,0,0},{0,0,0,0,0,0,0,0,0},{0,0,0,0,0,0,0,0,0},{0,0,0,0,0,0,0,0,0},{0,0,0,0,0,0,0,0,0},{0,0,0,0,0,0,0,0,0}}
]
15:41:40.453 [main] INFO sudoku.model.SudokuBoard - Wartość 0 wstawiona nieprawidłowo
15:41:40.453 [main] INFO sudoku.model.SudokuBoard - Bład w kwadracie 0
sudoku.model.SudokuBoard@32f96bba[
  size=9
  solver=sudoku.model.BacktrackingSudokuSolver@611640f0
  board={{7,1,6,2,8,9,3,4,5},{8,2,5,6,3,7,1,0,0},{0,0,0,0,0,0,0,0,0},{0,0,0,0,0,0,0,0,0},{0,0,0,0,0,0,0,0,0},{0,0,0,0,0,0,0,0,0},{0,0,0,0,0,0,0,0,0},{0,0,0,0,0,0,0,0,0},{0,0,0,0,0,0,0,0,0}}
]
15:41:40.453 [main] INFO sudoku.model.SudokuBoard - Wartość 0 wstawiona nieprawidłowo
15:41:40.453 [main] INFO sudoku.model.SudokuBoard - Bład w kwadracie 0
sudoku.model.SudokuBoard@32f96bba[
  size=9
  solver=sudoku.model.BacktrackingSudokuSolver@611640f0
  board={{7,1,6,2,8,9,3,4,5},{8,2,5,6,3,7,0,0,0},{0,0,0,0,0,0,0,0,0},{0,0,0,0,0,0,0,0,0},{0,0,0,0,0,0,0,0,0},{0,0,0,0,0,0,0,0,0},{0,0,0,0,0,0,0,0,0},{0,0,0,0,0,0,0,0,0},{0,0,0,0,0,0,0,0,0}}
]
15:41:40.453 [main] INFO sudoku.model.SudokuBoard - Wartość 0 wstawiona nieprawidłowo
15:41:40.453 [main] INFO sudoku.model.SudokuBoard - Bład w kwadracie 0
sudoku.model.SudokuBoard@32f96bba[
  size=9
  solver=sudoku.model.BacktrackingSudokuSolver@611640f0
  board={{7,1,6,2,8,9,3,4,5},{8,2,5,6,3,0,0,0,0},{0,0,0,0,0,0,0,0,0},{0,0,0,0,0,0,0,0,0},{0,0,0,0,0,0,0,0,0},{0,0,0,0,0,0,0,0,0},{0,0,0,0,0,0,0,0,0},{0,0,0,0,0,0,0,0,0},{0,0,0,0,0,0,0,0,0}}
]
15:41:40.454 [main] INFO sudoku.model.SudokuBoard - Wartość 0 wstawiona nieprawidłowo
15:41:40.454 [main] INFO sudoku.model.SudokuBoard - Bład w kwadracie 0
sudoku.model.SudokuBoard@32f96bba[
  size=9
  solver=sudoku.model.BacktrackingSudokuSolver@611640f0
  board={{7,1,6,2,8,9,3,4,5},{8,2,5,6,3,1,7,0,0},{0,0,0,0,0,0,0,0,0},{0,0,0,0,0,0,0,0,0},{0,0,0,0,0,0,0,0,0},{0,0,0,0,0,0,0,0,0},{0,0,0,0,0,0,0,0,0},{0,0,0,0,0,0,0,0,0},{0,0,0,0,0,0,0,0,0}}
]
15:41:40.454 [main] INFO sudoku.model.SudokuBoard - Wartość 0 wstawiona nieprawidłowo
15:41:40.454 [main] INFO sudoku.model.SudokuBoard - Bład w kwadracie 0
sudoku.model.SudokuBoard@32f96bba[
  size=9
  solver=sudoku.model.BacktrackingSudokuSolver@611640f0
  board={{7,1,6,2,8,9,3,4,5},{8,2,5,6,3,1,0,0,0},{0,0,0,0,0,0,0,0,0},{0,0,0,0,0,0,0,0,0},{0,0,0,0,0,0,0,0,0},{0,0,0,0,0,0,0,0,0},{0,0,0,0,0,0,0,0,0},{0,0,0,0,0,0,0,0,0},{0,0,0,0,0,0,0,0,0}}
]
15:41:40.454 [main] INFO sudoku.model.SudokuBoard - Wartość 0 wstawiona nieprawidłowo
15:41:40.454 [main] INFO sudoku.model.SudokuBoard - Bład w kwadracie 0
sudoku.model.SudokuBoard@32f96bba[
  size=9
  solver=sudoku.model.BacktrackingSudokuSolver@611640f0
  board={{7,1,6,2,8,9,3,4,5},{8,2,5,6,3,1,9,0,0},{0,0,0,0,0,0,0,0,0},{0,0,0,0,0,0,0,0,0},{0,0,0,0,0,0,0,0,0},{0,0,0,0,0,0,0,0,0},{0,0,0,0,0,0,0,0,0},{0,0,0,0,0,0,0,0,0},{0,0,0,0,0,0,0,0,0}}
]
15:41:40.454 [main] INFO sudoku.model.SudokuBoard - Wartość 0 wstawiona nieprawidłowo
15:41:40.456 [main] INFO sudoku.model.SudokuBoard - Bład w kwadracie 0
sudoku.model.SudokuBoard@32f96bba[
  size=9
  solver=sudoku.model.BacktrackingSudokuSolver@611640f0
  board={{7,1,6,2,8,9,3,4,5},{8,2,5,6,3,1,0,0,0},{0,0,0,0,0,0,0,0,0},{0,0,0,0,0,0,0,0,0},{0,0,0,0,0,0,0,0,0},{0,0,0,0,0,0,0,0,0},{0,0,0,0,0,0,0,0,0},{0,0,0,0,0,0,0,0,0},{0,0,0,0,0,0,0,0,0}}
]
15:41:40.456 [main] INFO sudoku.model.SudokuBoard - Wartość 0 wstawiona nieprawidłowo
15:41:40.456 [main] INFO sudoku.model.SudokuBoard - Bład w kwadracie 0
sudoku.model.SudokuBoard@32f96bba[
  size=9
  solver=sudoku.model.BacktrackingSudokuSolver@611640f0
  board={{7,1,6,2,8,9,3,4,5},{8,2,5,6,3,0,0,0,0},{0,0,0,0,0,0,0,0,0},{0,0,0,0,0,0,0,0,0},{0,0,0,0,0,0,0,0,0},{0,0,0,0,0,0,0,0,0},{0,0,0,0,0,0,0,0,0},{0,0,0,0,0,0,0,0,0},{0,0,0,0,0,0,0,0,0}}
]
15:41:40.456 [main] INFO sudoku.model.SudokuBoard - Wartość 0 wstawiona nieprawidłowo
15:41:40.457 [main] INFO sudoku.model.SudokuBoard - Bład w kwadracie 0
sudoku.model.SudokuBoard@32f96bba[
  size=9
  solver=sudoku.model.BacktrackingSudokuSolver@611640f0
  board={{7,1,6,2,8,9,3,4,5},{8,2,5,6,3,4,9,7,1},{9,4,3,7,1,5,8,2,6},{5,9,8,4,2,1,6,3,7},{1,7,2,8,9,3,4,0,0},{0,0,0,0,0,0,0,0,0},{0,0,0,0,0,0,0,0,0},{0,0,0,0,0,0,0,0,0},{0,0,0,0,0,0,0,0,0}}
]
15:41:40.457 [main] INFO sudoku.model.SudokuBoard - Wartość 0 wstawiona nieprawidłowo
15:41:40.457 [main] INFO sudoku.model.SudokuBoard - Bład w kwadracie 0
sudoku.model.SudokuBoard@32f96bba[
  size=9
  solver=sudoku.model.BacktrackingSudokuSolver@611640f0
  board={{7,1,6,2,8,9,3,4,5},{8,2,5,6,3,4,9,7,1},{9,4,3,7,1,5,8,2,6},{5,9,8,4,2,1,6,3,7},{1,7,2,8,9,3,0,0,0},{0,0,0,0,0,0,0,0,0},{0,0,0,0,0,0,0,0,0},{0,0,0,0,0,0,0,0,0},{0,0,0,0,0,0,0,0,0}}
]
15:41:40.457 [main] INFO sudoku.model.SudokuBoard - Wartość 0 wstawiona nieprawidłowo
15:41:40.457 [main] INFO sudoku.model.SudokuBoard - Bład w kwadracie 0
sudoku.model.SudokuBoard@32f96bba[
  size=9
  solver=sudoku.model.BacktrackingSudokuSolver@611640f0
  board={{7,1,6,2,8,9,3,4,5},{8,2,5,6,3,4,9,7,1},{9,4,3,7,1,5,8,2,6},{5,9,8,4,2,1,6,3,7},{1,7,2,8,9,3,0,0,0},{0,0,0,0,0,0,0,0,0},{0,0,0,0,0,0,0,0,0},{0,0,0,0,0,0,0,0,0},{0,0,0,0,0,0,0,0,0}}
]
15:41:40.457 [main] INFO sudoku.model.SudokuBoard - Wartość 0 wstawiona nieprawidłowo
15:41:40.458 [main] INFO sudoku.model.SudokuBoard - Bład w kwadracie 0
sudoku.model.SudokuBoard@32f96bba[
  size=9
  solver=sudoku.model.BacktrackingSudokuSolver@611640f0
  board={{7,1,6,2,8,9,3,4,5},{8,2,5,6,3,4,9,7,1},{9,4,3,7,1,5,8,2,6},{5,9,8,4,2,1,6,3,7},{1,7,2,8,9,0,0,0,0},{0,0,0,0,0,0,0,0,0},{0,0,0,0,0,0,0,0,0},{0,0,0,0,0,0,0,0,0},{0,0,0,0,0,0,0,0,0}}
]
15:41:40.458 [main] INFO sudoku.model.SudokuBoard - Wartość 0 wstawiona nieprawidłowo
15:41:40.458 [main] INFO sudoku.model.SudokuBoard - Bład w kwadracie 0
sudoku.model.SudokuBoard@32f96bba[
  size=9
  solver=sudoku.model.BacktrackingSudokuSolver@611640f0
  board={{7,1,6,2,8,9,3,4,5},{8,2,5,6,3,4,9,7,1},{9,4,3,7,1,5,8,2,6},{5,9,8,4,2,1,6,3,7},{1,7,2,8,9,6,4,0,0},{0,0,0,0,0,0,0,0,0},{0,0,0,0,0,0,0,0,0},{0,0,0,0,0,0,0,0,0},{0,0,0,0,0,0,0,0,0}}
]
15:41:40.458 [main] INFO sudoku.model.SudokuBoard - Wartość 0 wstawiona nieprawidłowo
15:41:40.458 [main] INFO sudoku.model.SudokuBoard - Bład w kwadracie 0
sudoku.model.SudokuBoard@32f96bba[
  size=9
  solver=sudoku.model.BacktrackingSudokuSolver@611640f0
  board={{7,1,6,2,8,9,3,4,5},{8,2,5,6,3,4,9,7,1},{9,4,3,7,1,5,8,2,6},{5,9,8,4,2,1,6,3,7},{1,7,2,8,9,6,0,0,0},{0,0,0,0,0,0,0,0,0},{0,0,0,0,0,0,0,0,0},{0,0,0,0,0,0,0,0,0},{0,0,0,0,0,0,0,0,0}}
]
15:41:40.458 [main] INFO sudoku.model.SudokuBoard - Wartość 0 wstawiona nieprawidłowo
15:41:40.458 [main] INFO sudoku.model.SudokuBoard - Bład w kwadracie 0
sudoku.model.SudokuBoard@32f96bba[
  size=9
  solver=sudoku.model.BacktrackingSudokuSolver@611640f0
  board={{7,1,6,2,8,9,3,4,5},{8,2,5,6,3,4,9,7,1},{9,4,3,7,1,5,8,2,6},{5,9,8,4,2,1,6,3,7},{1,7,2,8,9,6,0,0,0},{0,0,0,0,0,0,0,0,0},{0,0,0,0,0,0,0,0,0},{0,0,0,0,0,0,0,0,0},{0,0,0,0,0,0,0,0,0}}
]
15:41:40.458 [main] INFO sudoku.model.SudokuBoard - Wartość 0 wstawiona nieprawidłowo
15:41:40.465 [main] INFO sudoku.model.SudokuBoard - Bład w kwadracie 0
sudoku.model.SudokuBoard@32f96bba[
  size=9
  solver=sudoku.model.BacktrackingSudokuSolver@611640f0
  board={{7,1,6,2,8,9,3,4,5},{8,2,5,6,3,4,9,7,1},{9,4,3,7,1,5,8,2,6},{5,9,8,4,2,1,6,3,7},{1,7,2,8,9,0,0,0,0},{0,0,0,0,0,0,0,0,0},{0,0,0,0,0,0,0,0,0},{0,0,0,0,0,0,0,0,0},{0,0,0,0,0,0,0,0,0}}
]
15:41:40.465 [main] INFO sudoku.model.SudokuBoard - Wartość 0 wstawiona nieprawidłowo
15:41:40.465 [main] INFO sudoku.model.SudokuBoard - Bład w kwadracie 0
sudoku.model.SudokuBoard@32f96bba[
  size=9
  solver=sudoku.model.BacktrackingSudokuSolver@611640f0
  board={{7,1,6,2,8,9,3,4,5},{8,2,5,6,3,4,9,7,1},{9,4,3,7,1,5,8,2,6},{5,9,8,4,2,1,6,3,7},{1,7,2,8,0,0,0,0,0},{0,0,0,0,0,0,0,0,0},{0,0,0,0,0,0,0,0,0},{0,0,0,0,0,0,0,0,0},{0,0,0,0,0,0,0,0,0}}
]
15:41:40.465 [main] INFO sudoku.model.SudokuBoard - Wartość 0 wstawiona nieprawidłowo
15:41:40.465 [main] INFO sudoku.model.SudokuBoard - Bład w kwadracie 0
sudoku.model.SudokuBoard@32f96bba[
  size=9
  solver=sudoku.model.BacktrackingSudokuSolver@611640f0
  board={{7,1,6,2,8,9,3,4,5},{8,2,5,6,3,4,9,7,1},{9,4,3,7,1,5,8,2,6},{5,9,8,4,2,1,6,3,7},{1,7,2,8,5,3,4,0,0},{0,0,0,0,0,0,0,0,0},{0,0,0,0,0,0,0,0,0},{0,0,0,0,0,0,0,0,0},{0,0,0,0,0,0,0,0,0}}
]
15:41:40.465 [main] INFO sudoku.model.SudokuBoard - Wartość 0 wstawiona nieprawidłowo
15:41:40.466 [main] INFO sudoku.model.SudokuBoard - Bład w kwadracie 0
sudoku.model.SudokuBoard@32f96bba[
  size=9
  solver=sudoku.model.BacktrackingSudokuSolver@611640f0
  board={{7,1,6,2,8,9,3,4,5},{8,2,5,6,3,4,9,7,1},{9,4,3,7,1,5,8,2,6},{5,9,8,4,2,1,6,3,7},{1,7,2,8,5,3,0,0,0},{0,0,0,0,0,0,0,0,0},{0,0,0,0,0,0,0,0,0},{0,0,0,0,0,0,0,0,0},{0,0,0,0,0,0,0,0,0}}
]
15:41:40.466 [main] INFO sudoku.model.SudokuBoard - Wartość 0 wstawiona nieprawidłowo
15:41:40.466 [main] INFO sudoku.model.SudokuBoard - Bład w kwadracie 0
sudoku.model.SudokuBoard@32f96bba[
  size=9
  solver=sudoku.model.BacktrackingSudokuSolver@611640f0
  board={{7,1,6,2,8,9,3,4,5},{8,2,5,6,3,4,9,7,1},{9,4,3,7,1,5,8,2,6},{5,9,8,4,2,1,6,3,7},{1,7,2,8,5,0,0,0,0},{0,0,0,0,0,0,0,0,0},{0,0,0,0,0,0,0,0,0},{0,0,0,0,0,0,0,0,0},{0,0,0,0,0,0,0,0,0}}
]
15:41:40.466 [main] INFO sudoku.model.SudokuBoard - Wartość 0 wstawiona nieprawidłowo
15:41:40.466 [main] INFO sudoku.model.SudokuBoard - Bład w kwadracie 0
sudoku.model.SudokuBoard@32f96bba[
  size=9
  solver=sudoku.model.BacktrackingSudokuSolver@611640f0
  board={{7,1,6,2,8,9,3,4,5},{8,2,5,6,3,4,9,7,1},{9,4,3,7,1,5,8,2,6},{5,9,8,4,2,1,6,3,7},{1,7,2,8,5,6,4,0,0},{0,0,0,0,0,0,0,0,0},{0,0,0,0,0,0,0,0,0},{0,0,0,0,0,0,0,0,0},{0,0,0,0,0,0,0,0,0}}
]
15:41:40.466 [main] INFO sudoku.model.SudokuBoard - Wartość 0 wstawiona nieprawidłowo
15:41:40.466 [main] INFO sudoku.model.SudokuBoard - Bład w kwadracie 0
sudoku.model.SudokuBoard@32f96bba[
  size=9
  solver=sudoku.model.BacktrackingSudokuSolver@611640f0
  board={{7,1,6,2,8,9,3,4,5},{8,2,5,6,3,4,9,7,1},{9,4,3,7,1,5,8,2,6},{5,9,8,4,2,1,6,3,7},{1,7,2,8,5,6,0,0,0},{0,0,0,0,0,0,0,0,0},{0,0,0,0,0,0,0,0,0},{0,0,0,0,0,0,0,0,0},{0,0,0,0,0,0,0,0,0}}
]
15:41:40.466 [main] INFO sudoku.model.SudokuBoard - Wartość 0 wstawiona nieprawidłowo
15:41:40.466 [main] INFO sudoku.model.SudokuBoard - Bład w kwadracie 0
sudoku.model.SudokuBoard@32f96bba[
  size=9
  solver=sudoku.model.BacktrackingSudokuSolver@611640f0
  board={{7,1,6,2,8,9,3,4,5},{8,2,5,6,3,4,9,7,1},{9,4,3,7,1,5,8,2,6},{5,9,8,4,2,1,6,3,7},{1,7,2,8,5,0,0,0,0},{0,0,0,0,0,0,0,0,0},{0,0,0,0,0,0,0,0,0},{0,0,0,0,0,0,0,0,0},{0,0,0,0,0,0,0,0,0}}
]
15:41:40.466 [main] INFO sudoku.model.SudokuBoard - Wartość 0 wstawiona nieprawidłowo
15:41:40.466 [main] INFO sudoku.model.SudokuBoard - Bład w kwadracie 0
sudoku.model.SudokuBoard@32f96bba[
  size=9
  solver=sudoku.model.BacktrackingSudokuSolver@611640f0
  board={{7,1,6,2,8,9,3,4,5},{8,2,5,6,3,4,9,7,1},{9,4,3,7,1,5,8,2,6},{5,9,8,4,2,1,6,3,7},{1,7,2,8,0,0,0,0,0},{0,0,0,0,0,0,0,0,0},{0,0,0,0,0,0,0,0,0},{0,0,0,0,0,0,0,0,0},{0,0,0,0,0,0,0,0,0}}
]
15:41:40.466 [main] INFO sudoku.model.SudokuBoard - Wartość 0 wstawiona nieprawidłowo
15:41:40.468 [main] INFO sudoku.model.SudokuBoard - Bład w kwadracie 0
sudoku.model.SudokuBoard@32f96bba[
  size=9
  solver=sudoku.model.BacktrackingSudokuSolver@611640f0
  board={{7,1,6,2,8,9,3,4,5},{8,2,5,6,3,4,9,7,1},{9,4,3,7,1,5,8,2,6},{5,9,8,4,2,1,6,3,7},{1,7,2,8,6,3,4,5,9},{3,6,4,9,5,7,2,1,8},{4,3,7,1,9,8,5,6,2},{6,5,9,3,4,2,1,0,0},{0,0,0,0,0,0,0,0,0}}
]
15:41:40.468 [main] INFO sudoku.model.SudokuBoard - Wartość 0 wstawiona nieprawidłowo
15:41:40.468 [main] INFO sudoku.model.SudokuBoard - Bład w kwadracie 0
sudoku.model.SudokuBoard@32f96bba[
  size=9
  solver=sudoku.model.BacktrackingSudokuSolver@611640f0
  board={{7,1,6,2,8,9,3,4,5},{8,2,5,6,3,4,9,7,1},{9,4,3,7,1,5,8,2,6},{5,9,8,4,2,1,6,3,7},{1,7,2,8,6,3,4,5,9},{3,6,4,9,5,7,2,1,8},{4,3,7,1,9,8,5,6,2},{6,5,9,3,4,2,0,0,0},{0,0,0,0,0,0,0,0,0}}
]
15:41:40.468 [main] INFO sudoku.model.SudokuBoard - Wartość 0 wstawiona nieprawidłowo
15:41:40.468 [main] INFO sudoku.model.SudokuBoard - Bład w kwadracie 0
sudoku.model.SudokuBoard@32f96bba[
  size=9
  solver=sudoku.model.BacktrackingSudokuSolver@611640f0
  board={{7,1,6,2,8,9,3,4,5},{8,2,5,6,3,4,9,7,1},{9,4,3,7,1,5,8,2,6},{5,9,8,4,2,1,6,3,7},{1,7,2,8,6,3,4,5,9},{3,6,4,9,5,7,2,1,8},{4,3,7,1,9,8,5,6,2},{6,5,9,3,4,2,7,0,0},{0,0,0,0,0,0,0,0,0}}
]
15:41:40.468 [main] INFO sudoku.model.SudokuBoard - Wartość 0 wstawiona nieprawidłowo
15:41:40.468 [main] INFO sudoku.model.SudokuBoard - Bład w kwadracie 0
sudoku.model.SudokuBoard@32f96bba[
  size=9
  solver=sudoku.model.BacktrackingSudokuSolver@611640f0
  board={{7,1,6,2,8,9,3,4,5},{8,2,5,6,3,4,9,7,1},{9,4,3,7,1,5,8,2,6},{5,9,8,4,2,1,6,3,7},{1,7,2,8,6,3,4,5,9},{3,6,4,9,5,7,2,1,8},{4,3,7,1,9,8,5,6,2},{6,5,9,3,4,2,0,0,0},{0,0,0,0,0,0,0,0,0}}
]
15:41:40.468 [main] INFO sudoku.model.SudokuBoard - Wartość 0 wstawiona nieprawidłowo
15:41:40.468 [main] INFO sudoku.model.SudokuBoard - Bład w kwadracie 0
sudoku.model.SudokuBoard@32f96bba[
  size=9
  solver=sudoku.model.BacktrackingSudokuSolver@611640f0
  board={{7,1,6,2,8,9,3,4,5},{8,2,5,6,3,4,9,7,1},{9,4,3,7,1,5,8,2,6},{5,9,8,4,2,1,6,3,7},{1,7,2,8,6,3,4,5,9},{3,6,4,9,5,7,2,1,8},{4,3,7,1,9,8,5,6,2},{6,5,9,3,4,0,0,0,0},{0,0,0,0,0,0,0,0,0}}
]
15:41:40.468 [main] INFO sudoku.model.SudokuBoard - Wartość 0 wstawiona nieprawidłowo
15:41:40.469 [main] INFO sudoku.model.SudokuBoard - Bład w kwadracie 0
sudoku.model.SudokuBoard@32f96bba[
  size=9
  solver=sudoku.model.BacktrackingSudokuSolver@611640f0
  board={{7,1,6,2,8,9,3,4,5},{8,2,5,6,3,4,9,7,1},{9,4,3,7,1,5,8,2,6},{5,9,8,4,2,1,6,3,7},{1,7,2,8,6,3,4,5,9},{3,6,4,9,5,7,2,1,8},{4,3,7,1,9,8,5,6,2},{6,5,9,3,0,0,0,0,0},{0,0,0,0,0,0,0,0,0}}
]
15:41:40.469 [main] INFO sudoku.model.SudokuBoard - Wartość 0 wstawiona nieprawidłowo
]]></system-out>
  </testcase>
  <testcase name="testEqualsDiffrentClass" classname="sudoku.model.SeriesTest" time="0.005">
    <system-out><![CDATA[15:41:40.480 [main] INFO sudoku.model.SudokuBoard - Bład w kwadracie 0
sudoku.model.SudokuBoard@58f4b31a[
  size=9
  solver=sudoku.model.BacktrackingSudokuSolver@21a9a705
  board={{8,5,7,2,9,1,4,6,3},{6,9,4,3,5,7,1,8,2},{1,2,3,6,4,8,7,9,5},{7,3,8,9,6,4,2,5,1},{2,1,5,7,0,0,0,0,0},{0,0,0,0,0,0,0,0,0},{0,0,0,0,0,0,0,0,0},{0,0,0,0,0,0,0,0,0},{0,0,0,0,0,0,0,0,0}}
]
15:41:40.480 [main] INFO sudoku.model.SudokuBoard - Wartość 0 wstawiona nieprawidłowo
15:41:40.480 [main] INFO sudoku.model.SudokuBoard - Bład w kwadracie 0
sudoku.model.SudokuBoard@58f4b31a[
  size=9
  solver=sudoku.model.BacktrackingSudokuSolver@21a9a705
  board={{8,5,7,2,9,1,4,6,3},{6,9,4,3,5,7,1,8,2},{1,2,3,6,4,8,7,9,5},{7,3,8,9,6,4,2,5,1},{2,1,5,7,8,3,9,4,6},{9,0,0,0,0,0,0,0,0},{0,0,0,0,0,0,0,0,0},{0,0,0,0,0,0,0,0,0},{0,0,0,0,0,0,0,0,0}}
]
15:41:40.480 [main] INFO sudoku.model.SudokuBoard - Wartość 0 wstawiona nieprawidłowo
15:41:40.480 [main] INFO sudoku.model.SudokuBoard - Bład w kwadracie 0
sudoku.model.SudokuBoard@58f4b31a[
  size=9
  solver=sudoku.model.BacktrackingSudokuSolver@21a9a705
  board={{8,5,7,2,9,1,4,6,3},{6,9,4,3,5,7,1,8,2},{1,2,3,6,4,8,7,9,5},{7,3,8,9,6,4,2,5,1},{2,1,5,7,8,3,9,4,6},{9,4,6,1,2,5,3,7,8},{4,6,9,5,7,2,8,0,0},{0,0,0,0,0,0,0,0,0},{0,0,0,0,0,0,0,0,0}}
]
15:41:40.480 [main] INFO sudoku.model.SudokuBoard - Wartość 0 wstawiona nieprawidłowo
15:41:40.481 [main] INFO sudoku.model.SudokuBoard - Bład w kwadracie 0
sudoku.model.SudokuBoard@58f4b31a[
  size=9
  solver=sudoku.model.BacktrackingSudokuSolver@21a9a705
  board={{8,5,7,2,9,1,4,6,3},{6,9,4,3,5,7,1,8,2},{1,2,3,6,4,8,7,9,5},{7,3,8,9,6,4,2,5,1},{2,1,5,7,8,3,9,4,6},{9,4,6,1,2,5,3,7,8},{4,6,9,5,7,2,8,0,0},{0,0,0,0,0,0,0,0,0},{0,0,0,0,0,0,0,0,0}}
]
15:41:40.481 [main] INFO sudoku.model.SudokuBoard - Wartość 0 wstawiona nieprawidłowo
15:41:40.481 [main] INFO sudoku.model.SudokuBoard - Bład w kwadracie 0
sudoku.model.SudokuBoard@58f4b31a[
  size=9
  solver=sudoku.model.BacktrackingSudokuSolver@21a9a705
  board={{8,5,7,2,9,1,4,6,3},{6,9,4,3,5,7,1,8,2},{1,2,3,6,4,8,7,9,5},{7,3,8,9,6,4,2,5,1},{2,1,5,7,8,3,9,4,6},{9,4,6,1,2,5,3,7,8},{4,6,9,5,7,2,0,0,0},{0,0,0,0,0,0,0,0,0},{0,0,0,0,0,0,0,0,0}}
]
15:41:40.481 [main] INFO sudoku.model.SudokuBoard - Wartość 0 wstawiona nieprawidłowo
15:41:40.481 [main] INFO sudoku.model.SudokuBoard - Bład w kwadracie 0
sudoku.model.SudokuBoard@58f4b31a[
  size=9
  solver=sudoku.model.BacktrackingSudokuSolver@21a9a705
  board={{8,5,7,2,9,1,4,6,3},{6,9,4,3,5,7,1,8,2},{1,2,3,6,4,8,7,9,5},{7,3,8,9,6,4,2,5,1},{2,1,5,7,8,3,9,4,6},{9,4,6,1,2,5,3,7,8},{4,6,9,5,7,0,0,0,0},{0,0,0,0,0,0,0,0,0},{0,0,0,0,0,0,0,0,0}}
]
15:41:40.481 [main] INFO sudoku.model.SudokuBoard - Wartość 0 wstawiona nieprawidłowo
15:41:40.481 [main] INFO sudoku.model.SudokuBoard - Bład w kwadracie 0
sudoku.model.SudokuBoard@58f4b31a[
  size=9
  solver=sudoku.model.BacktrackingSudokuSolver@21a9a705
  board={{8,5,7,2,9,1,4,6,3},{6,9,4,3,5,7,1,8,2},{1,2,3,6,4,8,7,9,5},{7,3,8,9,6,4,2,5,1},{2,1,5,7,8,3,9,4,6},{9,4,6,1,2,5,3,7,8},{4,6,9,5,0,0,0,0,0},{0,0,0,0,0,0,0,0,0},{0,0,0,0,0,0,0,0,0}}
]
15:41:40.481 [main] INFO sudoku.model.SudokuBoard - Wartość 0 wstawiona nieprawidłowo
15:41:40.481 [main] INFO sudoku.model.SudokuBoard - Bład w kwadracie 0
sudoku.model.SudokuBoard@58f4b31a[
  size=9
  solver=sudoku.model.BacktrackingSudokuSolver@21a9a705
  board={{8,5,7,2,9,1,4,6,3},{6,9,4,3,5,7,1,8,2},{1,2,3,6,4,8,7,9,5},{7,3,8,9,6,4,2,5,1},{2,1,5,7,8,3,9,4,6},{9,4,6,1,2,5,3,7,8},{4,6,9,5,1,2,8,3,7},{5,7,1,8,3,0,0,0,0},{0,0,0,0,0,0,0,0,0}}
]
15:41:40.481 [main] INFO sudoku.model.SudokuBoard - Wartość 0 wstawiona nieprawidłowo
]]></system-out>
  </testcase>
  <testcase name="testEqualsNull" classname="sudoku.model.SeriesTest" time="0.014">
    <system-out><![CDATA[15:41:40.493 [main] INFO sudoku.model.SudokuBoard - Bład w kwadracie 0
sudoku.model.SudokuBoard@72eb6200[
  size=9
  solver=sudoku.model.BacktrackingSudokuSolver@76ececd
  board={{8,2,5,6,4,7,9,1,3},{6,1,7,5,2,8,0,0,0},{0,0,0,0,0,0,0,0,0},{0,0,0,0,0,0,0,0,0},{0,0,0,0,0,0,0,0,0},{0,0,0,0,0,0,0,0,0},{0,0,0,0,0,0,0,0,0},{0,0,0,0,0,0,0,0,0},{0,0,0,0,0,0,0,0,0}}
]
15:41:40.493 [main] INFO sudoku.model.SudokuBoard - Wartość 0 wstawiona nieprawidłowo
15:41:40.494 [main] INFO sudoku.model.SudokuBoard - Bład w kwadracie 0
sudoku.model.SudokuBoard@72eb6200[
  size=9
  solver=sudoku.model.BacktrackingSudokuSolver@76ececd
  board={{8,2,5,6,4,7,9,1,3},{6,1,7,5,2,0,0,0,0},{0,0,0,0,0,0,0,0,0},{0,0,0,0,0,0,0,0,0},{0,0,0,0,0,0,0,0,0},{0,0,0,0,0,0,0,0,0},{0,0,0,0,0,0,0,0,0},{0,0,0,0,0,0,0,0,0},{0,0,0,0,0,0,0,0,0}}
]
15:41:40.494 [main] INFO sudoku.model.SudokuBoard - Wartość 0 wstawiona nieprawidłowo
15:41:40.494 [main] INFO sudoku.model.SudokuBoard - Bład w kwadracie 0
sudoku.model.SudokuBoard@72eb6200[
  size=9
  solver=sudoku.model.BacktrackingSudokuSolver@76ececd
  board={{8,2,5,6,4,7,9,1,3},{6,1,7,5,2,9,4,0,0},{0,0,0,0,0,0,0,0,0},{0,0,0,0,0,0,0,0,0},{0,0,0,0,0,0,0,0,0},{0,0,0,0,0,0,0,0,0},{0,0,0,0,0,0,0,0,0},{0,0,0,0,0,0,0,0,0},{0,0,0,0,0,0,0,0,0}}
]
15:41:40.494 [main] INFO sudoku.model.SudokuBoard - Wartość 0 wstawiona nieprawidłowo
15:41:40.494 [main] INFO sudoku.model.SudokuBoard - Bład w kwadracie 0
sudoku.model.SudokuBoard@72eb6200[
  size=9
  solver=sudoku.model.BacktrackingSudokuSolver@76ececd
  board={{8,2,5,6,4,7,9,1,3},{6,1,7,5,2,9,0,0,0},{0,0,0,0,0,0,0,0,0},{0,0,0,0,0,0,0,0,0},{0,0,0,0,0,0,0,0,0},{0,0,0,0,0,0,0,0,0},{0,0,0,0,0,0,0,0,0},{0,0,0,0,0,0,0,0,0},{0,0,0,0,0,0,0,0,0}}
]
15:41:40.494 [main] INFO sudoku.model.SudokuBoard - Wartość 0 wstawiona nieprawidłowo
15:41:40.494 [main] INFO sudoku.model.SudokuBoard - Bład w kwadracie 0
sudoku.model.SudokuBoard@72eb6200[
  size=9
  solver=sudoku.model.BacktrackingSudokuSolver@76ececd
  board={{8,2,5,6,4,7,9,1,3},{6,1,7,5,2,9,8,0,0},{0,0,0,0,0,0,0,0,0},{0,0,0,0,0,0,0,0,0},{0,0,0,0,0,0,0,0,0},{0,0,0,0,0,0,0,0,0},{0,0,0,0,0,0,0,0,0},{0,0,0,0,0,0,0,0,0},{0,0,0,0,0,0,0,0,0}}
]
15:41:40.494 [main] INFO sudoku.model.SudokuBoard - Wartość 0 wstawiona nieprawidłowo
15:41:40.494 [main] INFO sudoku.model.SudokuBoard - Bład w kwadracie 0
sudoku.model.SudokuBoard@72eb6200[
  size=9
  solver=sudoku.model.BacktrackingSudokuSolver@76ececd
  board={{8,2,5,6,4,7,9,1,3},{6,1,7,5,2,9,0,0,0},{0,0,0,0,0,0,0,0,0},{0,0,0,0,0,0,0,0,0},{0,0,0,0,0,0,0,0,0},{0,0,0,0,0,0,0,0,0},{0,0,0,0,0,0,0,0,0},{0,0,0,0,0,0,0,0,0},{0,0,0,0,0,0,0,0,0}}
]
15:41:40.494 [main] INFO sudoku.model.SudokuBoard - Wartość 0 wstawiona nieprawidłowo
15:41:40.495 [main] INFO sudoku.model.SudokuBoard - Bład w kwadracie 0
sudoku.model.SudokuBoard@72eb6200[
  size=9
  solver=sudoku.model.BacktrackingSudokuSolver@76ececd
  board={{8,2,5,6,4,7,9,1,3},{6,1,7,5,2,0,0,0,0},{0,0,0,0,0,0,0,0,0},{0,0,0,0,0,0,0,0,0},{0,0,0,0,0,0,0,0,0},{0,0,0,0,0,0,0,0,0},{0,0,0,0,0,0,0,0,0},{0,0,0,0,0,0,0,0,0},{0,0,0,0,0,0,0,0,0}}
]
15:41:40.495 [main] INFO sudoku.model.SudokuBoard - Wartość 0 wstawiona nieprawidłowo
15:41:40.495 [main] INFO sudoku.model.SudokuBoard - Bład w kwadracie 0
sudoku.model.SudokuBoard@72eb6200[
  size=9
  solver=sudoku.model.BacktrackingSudokuSolver@76ececd
  board={{8,2,5,6,4,7,9,1,3},{6,1,7,5,2,3,4,0,0},{0,0,0,0,0,0,0,0,0},{0,0,0,0,0,0,0,0,0},{0,0,0,0,0,0,0,0,0},{0,0,0,0,0,0,0,0,0},{0,0,0,0,0,0,0,0,0},{0,0,0,0,0,0,0,0,0},{0,0,0,0,0,0,0,0,0}}
]
15:41:40.495 [main] INFO sudoku.model.SudokuBoard - Wartość 0 wstawiona nieprawidłowo
15:41:40.495 [main] INFO sudoku.model.SudokuBoard - Bład w kwadracie 0
sudoku.model.SudokuBoard@72eb6200[
  size=9
  solver=sudoku.model.BacktrackingSudokuSolver@76ececd
  board={{8,2,5,6,4,7,9,1,3},{6,1,7,5,2,3,0,0,0},{0,0,0,0,0,0,0,0,0},{0,0,0,0,0,0,0,0,0},{0,0,0,0,0,0,0,0,0},{0,0,0,0,0,0,0,0,0},{0,0,0,0,0,0,0,0,0},{0,0,0,0,0,0,0,0,0},{0,0,0,0,0,0,0,0,0}}
]
15:41:40.495 [main] INFO sudoku.model.SudokuBoard - Wartość 0 wstawiona nieprawidłowo
15:41:40.495 [main] INFO sudoku.model.SudokuBoard - Bład w kwadracie 0
sudoku.model.SudokuBoard@72eb6200[
  size=9
  solver=sudoku.model.BacktrackingSudokuSolver@76ececd
  board={{8,2,5,6,4,7,9,1,3},{6,1,7,5,2,3,8,0,0},{0,0,0,0,0,0,0,0,0},{0,0,0,0,0,0,0,0,0},{0,0,0,0,0,0,0,0,0},{0,0,0,0,0,0,0,0,0},{0,0,0,0,0,0,0,0,0},{0,0,0,0,0,0,0,0,0},{0,0,0,0,0,0,0,0,0}}
]
15:41:40.495 [main] INFO sudoku.model.SudokuBoard - Wartość 0 wstawiona nieprawidłowo
15:41:40.495 [main] INFO sudoku.model.SudokuBoard - Bład w kwadracie 0
sudoku.model.SudokuBoard@72eb6200[
  size=9
  solver=sudoku.model.BacktrackingSudokuSolver@76ececd
  board={{8,2,5,6,4,7,9,1,3},{6,1,7,5,2,3,0,0,0},{0,0,0,0,0,0,0,0,0},{0,0,0,0,0,0,0,0,0},{0,0,0,0,0,0,0,0,0},{0,0,0,0,0,0,0,0,0},{0,0,0,0,0,0,0,0,0},{0,0,0,0,0,0,0,0,0},{0,0,0,0,0,0,0,0,0}}
]
15:41:40.495 [main] INFO sudoku.model.SudokuBoard - Wartość 0 wstawiona nieprawidłowo
15:41:40.496 [main] INFO sudoku.model.SudokuBoard - Bład w kwadracie 0
sudoku.model.SudokuBoard@72eb6200[
  size=9
  solver=sudoku.model.BacktrackingSudokuSolver@76ececd
  board={{8,2,5,6,4,7,9,1,3},{6,1,7,5,2,0,0,0,0},{0,0,0,0,0,0,0,0,0},{0,0,0,0,0,0,0,0,0},{0,0,0,0,0,0,0,0,0},{0,0,0,0,0,0,0,0,0},{0,0,0,0,0,0,0,0,0},{0,0,0,0,0,0,0,0,0},{0,0,0,0,0,0,0,0,0}}
]
15:41:40.496 [main] INFO sudoku.model.SudokuBoard - Wartość 0 wstawiona nieprawidłowo
15:41:40.502 [main] INFO sudoku.model.SudokuBoard - Bład w kwadracie 0
sudoku.model.SudokuBoard@72eb6200[
  size=9
  solver=sudoku.model.BacktrackingSudokuSolver@76ececd
  board={{8,2,5,6,4,7,9,1,3},{6,1,7,5,0,0,0,0,0},{0,0,0,0,0,0,0,0,0},{0,0,0,0,0,0,0,0,0},{0,0,0,0,0,0,0,0,0},{0,0,0,0,0,0,0,0,0},{0,0,0,0,0,0,0,0,0},{0,0,0,0,0,0,0,0,0},{0,0,0,0,0,0,0,0,0}}
]
15:41:40.502 [main] INFO sudoku.model.SudokuBoard - Wartość 0 wstawiona nieprawidłowo
15:41:40.502 [main] INFO sudoku.model.SudokuBoard - Bład w kwadracie 0
sudoku.model.SudokuBoard@72eb6200[
  size=9
  solver=sudoku.model.BacktrackingSudokuSolver@76ececd
  board={{8,2,5,6,4,7,9,1,3},{6,1,7,5,3,8,2,0,0},{0,0,0,0,0,0,0,0,0},{0,0,0,0,0,0,0,0,0},{0,0,0,0,0,0,0,0,0},{0,0,0,0,0,0,0,0,0},{0,0,0,0,0,0,0,0,0},{0,0,0,0,0,0,0,0,0},{0,0,0,0,0,0,0,0,0}}
]
15:41:40.502 [main] INFO sudoku.model.SudokuBoard - Wartość 0 wstawiona nieprawidłowo
15:41:40.502 [main] INFO sudoku.model.SudokuBoard - Bład w kwadracie 0
sudoku.model.SudokuBoard@72eb6200[
  size=9
  solver=sudoku.model.BacktrackingSudokuSolver@76ececd
  board={{8,2,5,6,4,7,9,1,3},{6,1,7,5,3,8,0,0,0},{0,0,0,0,0,0,0,0,0},{0,0,0,0,0,0,0,0,0},{0,0,0,0,0,0,0,0,0},{0,0,0,0,0,0,0,0,0},{0,0,0,0,0,0,0,0,0},{0,0,0,0,0,0,0,0,0},{0,0,0,0,0,0,0,0,0}}
]
15:41:40.502 [main] INFO sudoku.model.SudokuBoard - Wartość 0 wstawiona nieprawidłowo
15:41:40.502 [main] INFO sudoku.model.SudokuBoard - Bład w kwadracie 0
sudoku.model.SudokuBoard@72eb6200[
  size=9
  solver=sudoku.model.BacktrackingSudokuSolver@76ececd
  board={{8,2,5,6,4,7,9,1,3},{6,1,7,5,3,8,4,0,0},{0,0,0,0,0,0,0,0,0},{0,0,0,0,0,0,0,0,0},{0,0,0,0,0,0,0,0,0},{0,0,0,0,0,0,0,0,0},{0,0,0,0,0,0,0,0,0},{0,0,0,0,0,0,0,0,0},{0,0,0,0,0,0,0,0,0}}
]
15:41:40.502 [main] INFO sudoku.model.SudokuBoard - Wartość 0 wstawiona nieprawidłowo
15:41:40.502 [main] INFO sudoku.model.SudokuBoard - Bład w kwadracie 0
sudoku.model.SudokuBoard@72eb6200[
  size=9
  solver=sudoku.model.BacktrackingSudokuSolver@76ececd
  board={{8,2,5,6,4,7,9,1,3},{6,1,7,5,3,8,0,0,0},{0,0,0,0,0,0,0,0,0},{0,0,0,0,0,0,0,0,0},{0,0,0,0,0,0,0,0,0},{0,0,0,0,0,0,0,0,0},{0,0,0,0,0,0,0,0,0},{0,0,0,0,0,0,0,0,0},{0,0,0,0,0,0,0,0,0}}
]
15:41:40.502 [main] INFO sudoku.model.SudokuBoard - Wartość 0 wstawiona nieprawidłowo
15:41:40.502 [main] INFO sudoku.model.SudokuBoard - Bład w kwadracie 0
sudoku.model.SudokuBoard@72eb6200[
  size=9
  solver=sudoku.model.BacktrackingSudokuSolver@76ececd
  board={{8,2,5,6,4,7,9,1,3},{6,1,7,5,3,0,0,0,0},{0,0,0,0,0,0,0,0,0},{0,0,0,0,0,0,0,0,0},{0,0,0,0,0,0,0,0,0},{0,0,0,0,0,0,0,0,0},{0,0,0,0,0,0,0,0,0},{0,0,0,0,0,0,0,0,0},{0,0,0,0,0,0,0,0,0}}
]
15:41:40.502 [main] INFO sudoku.model.SudokuBoard - Wartość 0 wstawiona nieprawidłowo
15:41:40.503 [main] INFO sudoku.model.SudokuBoard - Bład w kwadracie 0
sudoku.model.SudokuBoard@72eb6200[
  size=9
  solver=sudoku.model.BacktrackingSudokuSolver@76ececd
  board={{8,2,5,6,4,7,9,1,3},{6,1,7,5,3,9,4,8,2},{9,3,4,8,1,2,5,6,7},{7,9,8,2,5,3,6,4,1},{1,5,2,4,9,6,7,3,8},{3,4,6,7,8,1,2,9,5},{5,8,9,1,6,4,3,0,0},{0,0,0,0,0,0,0,0,0},{0,0,0,0,0,0,0,0,0}}
]
15:41:40.503 [main] INFO sudoku.model.SudokuBoard - Wartość 0 wstawiona nieprawidłowo
15:41:40.503 [main] INFO sudoku.model.SudokuBoard - Bład w kwadracie 0
sudoku.model.SudokuBoard@72eb6200[
  size=9
  solver=sudoku.model.BacktrackingSudokuSolver@76ececd
  board={{8,2,5,6,4,7,9,1,3},{6,1,7,5,3,9,4,8,2},{9,3,4,8,1,2,5,6,7},{7,9,8,2,5,3,6,4,1},{1,5,2,4,9,6,7,3,8},{3,4,6,7,8,1,2,9,5},{5,8,9,1,6,4,3,0,0},{0,0,0,0,0,0,0,0,0},{0,0,0,0,0,0,0,0,0}}
]
15:41:40.503 [main] INFO sudoku.model.SudokuBoard - Wartość 0 wstawiona nieprawidłowo
15:41:40.504 [main] INFO sudoku.model.SudokuBoard - Bład w kwadracie 0
sudoku.model.SudokuBoard@72eb6200[
  size=9
  solver=sudoku.model.BacktrackingSudokuSolver@76ececd
  board={{8,2,5,6,4,7,9,1,3},{6,1,7,5,3,9,4,8,2},{9,3,4,8,1,2,5,6,7},{7,9,8,2,5,3,6,4,1},{1,5,2,4,9,6,7,3,8},{3,4,6,7,8,1,2,9,5},{5,8,9,1,6,4,0,0,0},{0,0,0,0,0,0,0,0,0},{0,0,0,0,0,0,0,0,0}}
]
15:41:40.504 [main] INFO sudoku.model.SudokuBoard - Wartość 0 wstawiona nieprawidłowo
15:41:40.504 [main] INFO sudoku.model.SudokuBoard - Bład w kwadracie 0
sudoku.model.SudokuBoard@72eb6200[
  size=9
  solver=sudoku.model.BacktrackingSudokuSolver@76ececd
  board={{8,2,5,6,4,7,9,1,3},{6,1,7,5,3,9,4,8,2},{9,3,4,8,1,2,5,6,7},{7,9,8,2,5,3,6,4,1},{1,5,2,4,9,6,7,3,8},{3,4,6,7,8,1,2,9,5},{5,8,9,1,6,0,0,0,0},{0,0,0,0,0,0,0,0,0},{0,0,0,0,0,0,0,0,0}}
]
15:41:40.504 [main] INFO sudoku.model.SudokuBoard - Wartość 0 wstawiona nieprawidłowo
15:41:40.504 [main] INFO sudoku.model.SudokuBoard - Bład w kwadracie 0
sudoku.model.SudokuBoard@72eb6200[
  size=9
  solver=sudoku.model.BacktrackingSudokuSolver@76ececd
  board={{8,2,5,6,4,7,9,1,3},{6,1,7,5,3,9,4,8,2},{9,3,4,8,1,2,5,6,7},{7,9,8,2,5,3,6,4,1},{1,5,2,4,9,6,7,3,8},{3,4,6,7,8,1,2,9,5},{5,8,9,1,0,0,0,0,0},{0,0,0,0,0,0,0,0,0},{0,0,0,0,0,0,0,0,0}}
]
15:41:40.504 [main] INFO sudoku.model.SudokuBoard - Wartość 0 wstawiona nieprawidłowo
15:41:40.504 [main] INFO sudoku.model.SudokuBoard - Bład w kwadracie 0
sudoku.model.SudokuBoard@72eb6200[
  size=9
  solver=sudoku.model.BacktrackingSudokuSolver@76ececd
  board={{8,2,5,6,4,7,9,1,3},{6,1,7,5,3,9,4,8,2},{9,3,4,8,1,2,5,6,7},{7,9,8,2,5,3,6,4,1},{1,5,2,4,9,6,7,3,8},{3,4,6,7,8,1,2,9,5},{5,8,9,1,7,4,3,2,6},{4,6,1,9,2,0,0,0,0},{0,0,0,0,0,0,0,0,0}}
]
15:41:40.504 [main] INFO sudoku.model.SudokuBoard - Wartość 0 wstawiona nieprawidłowo
15:41:40.504 [main] INFO sudoku.model.SudokuBoard - Bład w kwadracie 0
sudoku.model.SudokuBoard@72eb6200[
  size=9
  solver=sudoku.model.BacktrackingSudokuSolver@76ececd
  board={{8,2,5,6,4,7,9,1,3},{6,1,7,5,3,9,4,8,2},{9,3,4,8,1,2,5,6,7},{7,9,8,2,5,3,6,4,1},{1,5,2,4,9,6,7,3,8},{3,4,6,7,8,1,2,9,5},{5,8,9,1,7,4,3,2,6},{4,6,1,9,2,5,8,0,0},{0,0,0,0,0,0,0,0,0}}
]
15:41:40.504 [main] INFO sudoku.model.SudokuBoard - Wartość 0 wstawiona nieprawidłowo
15:41:40.504 [main] INFO sudoku.model.SudokuBoard - Bład w kwadracie 0
sudoku.model.SudokuBoard@72eb6200[
  size=9
  solver=sudoku.model.BacktrackingSudokuSolver@76ececd
  board={{8,2,5,6,4,7,9,1,3},{6,1,7,5,3,9,4,8,2},{9,3,4,8,1,2,5,6,7},{7,9,8,2,5,3,6,4,1},{1,5,2,4,9,6,7,3,8},{3,4,6,7,8,1,2,9,5},{5,8,9,1,7,4,3,2,6},{4,6,1,9,2,5,0,0,0},{0,0,0,0,0,0,0,0,0}}
]
15:41:40.504 [main] INFO sudoku.model.SudokuBoard - Wartość 0 wstawiona nieprawidłowo
15:41:40.505 [main] INFO sudoku.model.SudokuBoard - Bład w kwadracie 0
sudoku.model.SudokuBoard@72eb6200[
  size=9
  solver=sudoku.model.BacktrackingSudokuSolver@76ececd
  board={{8,2,5,6,4,7,9,1,3},{6,1,7,5,3,9,4,8,2},{9,3,4,8,1,2,5,6,7},{7,9,8,2,5,3,6,4,1},{1,5,2,4,9,6,7,3,8},{3,4,6,7,8,1,2,9,5},{5,8,9,1,7,4,3,2,6},{4,6,1,9,2,0,0,0,0},{0,0,0,0,0,0,0,0,0}}
]
15:41:40.505 [main] INFO sudoku.model.SudokuBoard - Wartość 0 wstawiona nieprawidłowo
15:41:40.505 [main] INFO sudoku.model.SudokuBoard - Bład w kwadracie 0
sudoku.model.SudokuBoard@72eb6200[
  size=9
  solver=sudoku.model.BacktrackingSudokuSolver@76ececd
  board={{8,2,5,6,4,7,9,1,3},{6,1,7,5,3,9,4,8,2},{9,3,4,8,1,2,5,6,7},{7,9,8,2,5,3,6,4,1},{1,5,2,4,9,6,7,3,8},{3,4,6,7,8,1,2,9,5},{5,8,9,1,7,4,3,2,6},{4,6,1,9,0,0,0,0,0},{0,0,0,0,0,0,0,0,0}}
]
15:41:40.505 [main] INFO sudoku.model.SudokuBoard - Wartość 0 wstawiona nieprawidłowo
15:41:40.505 [main] INFO sudoku.model.SudokuBoard - Bład w kwadracie 0
sudoku.model.SudokuBoard@72eb6200[
  size=9
  solver=sudoku.model.BacktrackingSudokuSolver@76ececd
  board={{8,2,5,6,4,7,9,1,3},{6,1,7,5,3,9,4,8,2},{9,3,4,8,1,2,5,6,7},{7,9,8,2,5,3,6,4,1},{1,5,2,4,9,6,7,3,8},{3,4,6,7,8,1,2,9,5},{5,8,9,1,7,4,3,2,6},{4,6,1,0,0,0,0,0,0},{0,0,0,0,0,0,0,0,0}}
]
15:41:40.505 [main] INFO sudoku.model.SudokuBoard - Wartość 0 wstawiona nieprawidłowo
15:41:40.505 [main] INFO sudoku.model.SudokuBoard - Bład w kwadracie 0
sudoku.model.SudokuBoard@72eb6200[
  size=9
  solver=sudoku.model.BacktrackingSudokuSolver@76ececd
  board={{8,2,5,6,4,7,9,1,3},{6,1,7,5,3,9,4,8,2},{9,3,4,8,1,2,5,6,7},{7,9,8,2,5,3,6,4,1},{1,5,2,4,9,6,7,3,8},{3,4,6,7,8,1,2,9,5},{5,8,9,1,7,4,3,2,6},{4,6,1,3,2,0,0,0,0},{0,0,0,0,0,0,0,0,0}}
]
15:41:40.505 [main] INFO sudoku.model.SudokuBoard - Wartość 0 wstawiona nieprawidłowo
]]></system-out>
  </testcase>
  <testcase name="testEqualsSame" classname="sudoku.model.SeriesTest" time="0.014">
    <system-out><![CDATA[15:41:40.516 [main] INFO sudoku.model.SudokuBoard - Bład w kwadracie 0
sudoku.model.SudokuBoard@7affc159[
  size=9
  solver=sudoku.model.BacktrackingSudokuSolver@1682c08c
  board={{8,7,2,1,3,4,6,9,5},{9,3,4,2,5,6,8,7,1},{5,6,1,7,8,9,2,3,4},{1,2,9,8,4,5,7,6,3},{6,4,5,9,7,3,1,8,2},{7,8,3,6,1,2,9,0,0},{0,0,0,0,0,0,0,0,0},{0,0,0,0,0,0,0,0,0},{0,0,0,0,0,0,0,0,0}}
]
15:41:40.516 [main] INFO sudoku.model.SudokuBoard - Wartość 0 wstawiona nieprawidłowo
15:41:40.516 [main] INFO sudoku.model.SudokuBoard - Bład w kwadracie 0
sudoku.model.SudokuBoard@7affc159[
  size=9
  solver=sudoku.model.BacktrackingSudokuSolver@1682c08c
  board={{8,7,2,1,3,4,6,9,5},{9,3,4,2,5,6,8,7,1},{5,6,1,7,8,9,2,3,4},{1,2,9,8,4,5,7,6,3},{6,4,5,9,7,3,1,8,2},{7,8,3,6,1,2,9,0,0},{0,0,0,0,0,0,0,0,0},{0,0,0,0,0,0,0,0,0},{0,0,0,0,0,0,0,0,0}}
]
15:41:40.516 [main] INFO sudoku.model.SudokuBoard - Wartość 0 wstawiona nieprawidłowo
15:41:40.516 [main] INFO sudoku.model.SudokuBoard - Bład w kwadracie 0
sudoku.model.SudokuBoard@7affc159[
  size=9
  solver=sudoku.model.BacktrackingSudokuSolver@1682c08c
  board={{8,7,2,1,3,4,6,9,5},{9,3,4,2,5,6,8,7,1},{5,6,1,7,8,9,2,3,4},{1,2,9,8,4,5,7,6,3},{6,4,5,9,7,3,1,8,2},{7,8,3,6,1,2,0,0,0},{0,0,0,0,0,0,0,0,0},{0,0,0,0,0,0,0,0,0},{0,0,0,0,0,0,0,0,0}}
]
15:41:40.516 [main] INFO sudoku.model.SudokuBoard - Wartość 0 wstawiona nieprawidłowo
15:41:40.516 [main] INFO sudoku.model.SudokuBoard - Bład w kwadracie 0
sudoku.model.SudokuBoard@7affc159[
  size=9
  solver=sudoku.model.BacktrackingSudokuSolver@1682c08c
  board={{8,7,2,1,3,4,6,9,5},{9,3,4,2,5,6,8,7,1},{5,6,1,7,8,9,2,3,4},{1,2,9,8,4,5,7,6,3},{6,4,5,9,7,3,1,8,2},{7,8,3,6,1,2,4,5,9},{2,5,6,3,9,0,0,0,0},{0,0,0,0,0,0,0,0,0},{0,0,0,0,0,0,0,0,0}}
]
15:41:40.517 [main] INFO sudoku.model.SudokuBoard - Wartość 0 wstawiona nieprawidłowo
15:41:40.517 [main] INFO sudoku.model.SudokuBoard - Bład w kwadracie 0
sudoku.model.SudokuBoard@7affc159[
  size=9
  solver=sudoku.model.BacktrackingSudokuSolver@1682c08c
  board={{8,7,2,1,3,4,6,9,5},{9,3,4,2,5,6,8,7,1},{5,6,1,7,8,9,2,3,4},{1,2,9,8,4,5,7,6,3},{6,4,5,9,7,3,1,8,2},{7,8,3,6,1,2,4,5,9},{2,5,6,3,9,0,0,0,0},{0,0,0,0,0,0,0,0,0},{0,0,0,0,0,0,0,0,0}}
]
15:41:40.517 [main] INFO sudoku.model.SudokuBoard - Wartość 0 wstawiona nieprawidłowo
15:41:40.517 [main] INFO sudoku.model.SudokuBoard - Bład w kwadracie 0
sudoku.model.SudokuBoard@7affc159[
  size=9
  solver=sudoku.model.BacktrackingSudokuSolver@1682c08c
  board={{8,7,2,1,3,4,6,9,5},{9,3,4,2,5,6,8,7,1},{5,6,1,7,8,9,2,3,4},{1,2,9,8,4,5,7,6,3},{6,4,5,9,7,3,1,8,2},{7,8,3,6,1,2,4,5,9},{2,5,6,3,9,0,0,0,0},{0,0,0,0,0,0,0,0,0},{0,0,0,0,0,0,0,0,0}}
]
15:41:40.517 [main] INFO sudoku.model.SudokuBoard - Wartość 0 wstawiona nieprawidłowo
15:41:40.517 [main] INFO sudoku.model.SudokuBoard - Bład w kwadracie 0
sudoku.model.SudokuBoard@7affc159[
  size=9
  solver=sudoku.model.BacktrackingSudokuSolver@1682c08c
  board={{8,7,2,1,3,4,6,9,5},{9,3,4,2,5,6,8,7,1},{5,6,1,7,8,9,2,3,4},{1,2,9,8,4,5,7,6,3},{6,4,5,9,7,3,1,8,2},{7,8,3,6,1,2,4,5,9},{2,5,6,3,0,0,0,0,0},{0,0,0,0,0,0,0,0,0},{0,0,0,0,0,0,0,0,0}}
]
15:41:40.517 [main] INFO sudoku.model.SudokuBoard - Wartość 0 wstawiona nieprawidłowo
15:41:40.517 [main] INFO sudoku.model.SudokuBoard - Bład w kwadracie 0
sudoku.model.SudokuBoard@7affc159[
  size=9
  solver=sudoku.model.BacktrackingSudokuSolver@1682c08c
  board={{8,7,2,1,3,4,6,9,5},{9,3,4,2,5,6,8,7,1},{5,6,1,7,8,9,2,3,4},{1,2,9,8,4,5,7,6,3},{6,4,5,9,7,3,1,8,2},{7,8,3,6,1,2,4,5,9},{2,5,6,0,0,0,0,0,0},{0,0,0,0,0,0,0,0,0},{0,0,0,0,0,0,0,0,0}}
]
15:41:40.517 [main] INFO sudoku.model.SudokuBoard - Wartość 0 wstawiona nieprawidłowo
15:41:40.517 [main] INFO sudoku.model.SudokuBoard - Bład w kwadracie 0
sudoku.model.SudokuBoard@7affc159[
  size=9
  solver=sudoku.model.BacktrackingSudokuSolver@1682c08c
  board={{8,7,2,1,3,4,6,9,5},{9,3,4,2,5,6,8,7,1},{5,6,1,7,8,9,2,3,4},{1,2,9,8,4,5,7,6,3},{6,4,5,9,7,3,1,8,2},{7,8,3,6,1,2,4,5,9},{2,5,6,4,9,1,0,0,0},{0,0,0,0,0,0,0,0,0},{0,0,0,0,0,0,0,0,0}}
]
15:41:40.518 [main] INFO sudoku.model.SudokuBoard - Wartość 0 wstawiona nieprawidłowo
15:41:40.518 [main] INFO sudoku.model.SudokuBoard - Bład w kwadracie 0
sudoku.model.SudokuBoard@7affc159[
  size=9
  solver=sudoku.model.BacktrackingSudokuSolver@1682c08c
  board={{8,7,2,1,3,4,6,9,5},{9,3,4,2,5,6,8,7,1},{5,6,1,7,8,9,2,3,4},{1,2,9,8,4,5,7,6,3},{6,4,5,9,7,3,1,8,2},{7,8,3,6,1,2,4,5,9},{2,5,6,4,9,0,0,0,0},{0,0,0,0,0,0,0,0,0},{0,0,0,0,0,0,0,0,0}}
]
15:41:40.518 [main] INFO sudoku.model.SudokuBoard - Wartość 0 wstawiona nieprawidłowo
15:41:40.518 [main] INFO sudoku.model.SudokuBoard - Bład w kwadracie 0
sudoku.model.SudokuBoard@7affc159[
  size=9
  solver=sudoku.model.BacktrackingSudokuSolver@1682c08c
  board={{8,7,2,1,3,4,6,9,5},{9,3,4,2,5,6,8,7,1},{5,6,1,7,8,9,2,3,4},{1,2,9,8,4,5,7,6,3},{6,4,5,9,7,3,1,8,2},{7,8,3,6,1,2,4,5,9},{2,5,6,4,9,7,3,1,8},{3,9,7,5,2,0,0,0,0},{0,0,0,0,0,0,0,0,0}}
]
15:41:40.518 [main] INFO sudoku.model.SudokuBoard - Wartość 0 wstawiona nieprawidłowo
15:41:40.518 [main] INFO sudoku.model.SudokuBoard - Bład w kwadracie 0
sudoku.model.SudokuBoard@7affc159[
  size=9
  solver=sudoku.model.BacktrackingSudokuSolver@1682c08c
  board={{8,7,2,1,3,4,6,9,5},{9,3,4,2,5,6,8,7,1},{5,6,1,7,8,9,2,3,4},{1,2,9,8,4,5,7,6,3},{6,4,5,9,7,3,1,8,2},{7,8,3,6,1,2,4,5,9},{2,5,6,4,9,7,3,1,8},{3,9,7,5,2,0,0,0,0},{0,0,0,0,0,0,0,0,0}}
]
15:41:40.518 [main] INFO sudoku.model.SudokuBoard - Wartość 0 wstawiona nieprawidłowo
15:41:40.518 [main] INFO sudoku.model.SudokuBoard - Bład w kwadracie 0
sudoku.model.SudokuBoard@7affc159[
  size=9
  solver=sudoku.model.BacktrackingSudokuSolver@1682c08c
  board={{8,7,2,1,3,4,6,9,5},{9,3,4,2,5,6,8,7,1},{5,6,1,7,8,9,2,3,4},{1,2,9,8,4,5,7,6,3},{6,4,5,9,7,3,1,8,2},{7,8,3,6,1,2,4,5,9},{2,5,6,4,9,7,3,1,8},{3,9,7,5,0,0,0,0,0},{0,0,0,0,0,0,0,0,0}}
]
15:41:40.518 [main] INFO sudoku.model.SudokuBoard - Wartość 0 wstawiona nieprawidłowo
15:41:40.519 [main] INFO sudoku.model.SudokuBoard - Bład w kwadracie 0
sudoku.model.SudokuBoard@7affc159[
  size=9
  solver=sudoku.model.BacktrackingSudokuSolver@1682c08c
  board={{8,7,2,1,3,4,6,9,5},{9,3,4,2,5,6,8,7,1},{5,6,1,7,8,9,2,3,4},{1,2,9,8,4,5,7,6,3},{6,4,5,9,7,3,1,8,2},{7,8,3,6,1,2,4,5,9},{2,5,6,4,9,7,3,1,8},{3,9,7,5,6,0,0,0,0},{0,0,0,0,0,0,0,0,0}}
]
15:41:40.519 [main] INFO sudoku.model.SudokuBoard - Wartość 0 wstawiona nieprawidłowo
15:41:40.519 [main] INFO sudoku.model.SudokuBoard - Bład w kwadracie 0
sudoku.model.SudokuBoard@7affc159[
  size=9
  solver=sudoku.model.BacktrackingSudokuSolver@1682c08c
  board={{8,7,2,1,3,4,6,9,5},{9,3,4,2,5,6,8,7,1},{5,6,1,7,8,9,2,3,4},{1,2,9,8,4,5,7,6,3},{6,4,5,9,7,3,1,8,2},{7,8,3,6,1,2,4,5,9},{2,5,6,4,9,7,3,1,8},{3,9,7,5,6,0,0,0,0},{0,0,0,0,0,0,0,0,0}}
]
15:41:40.519 [main] INFO sudoku.model.SudokuBoard - Wartość 0 wstawiona nieprawidłowo
15:41:40.519 [main] INFO sudoku.model.SudokuBoard - Bład w kwadracie 0
sudoku.model.SudokuBoard@7affc159[
  size=9
  solver=sudoku.model.BacktrackingSudokuSolver@1682c08c
  board={{8,7,2,1,3,4,6,9,5},{9,3,4,2,5,6,8,7,1},{5,6,1,7,8,9,2,3,4},{1,2,9,8,4,5,7,6,3},{6,4,5,9,7,3,1,8,2},{7,8,3,6,1,2,4,5,9},{2,5,6,4,9,7,3,1,8},{3,9,7,5,0,0,0,0,0},{0,0,0,0,0,0,0,0,0}}
]
15:41:40.519 [main] INFO sudoku.model.SudokuBoard - Wartość 0 wstawiona nieprawidłowo
15:41:40.519 [main] INFO sudoku.model.SudokuBoard - Bład w kwadracie 0
sudoku.model.SudokuBoard@7affc159[
  size=9
  solver=sudoku.model.BacktrackingSudokuSolver@1682c08c
  board={{8,7,2,1,3,4,6,9,5},{9,3,4,2,5,6,8,7,1},{5,6,1,7,8,9,2,3,4},{1,2,9,8,4,5,7,6,3},{6,4,5,9,7,3,1,8,2},{7,8,3,6,1,2,4,5,9},{2,5,6,4,9,7,3,1,8},{3,9,7,0,0,0,0,0,0},{0,0,0,0,0,0,0,0,0}}
]
15:41:40.519 [main] INFO sudoku.model.SudokuBoard - Wartość 0 wstawiona nieprawidłowo
15:41:40.519 [main] INFO sudoku.model.SudokuBoard - Bład w kwadracie 0
sudoku.model.SudokuBoard@7affc159[
  size=9
  solver=sudoku.model.BacktrackingSudokuSolver@1682c08c
  board={{8,7,2,1,3,4,6,9,5},{9,3,4,2,5,6,8,7,1},{5,6,1,7,8,9,2,3,4},{1,2,9,8,4,5,7,6,3},{6,4,5,9,7,3,1,8,2},{7,8,3,6,1,2,4,5,9},{2,5,6,4,9,7,3,1,8},{3,9,0,0,0,0,0,0,0},{0,0,0,0,0,0,0,0,0}}
]
15:41:40.519 [main] INFO sudoku.model.SudokuBoard - Wartość 0 wstawiona nieprawidłowo
15:41:40.519 [main] INFO sudoku.model.SudokuBoard - Bład w kwadracie 0
sudoku.model.SudokuBoard@7affc159[
  size=9
  solver=sudoku.model.BacktrackingSudokuSolver@1682c08c
  board={{8,7,2,1,3,4,6,9,5},{9,3,4,2,5,6,8,7,1},{5,6,1,7,8,9,2,3,4},{1,2,9,8,4,5,7,6,3},{6,4,5,9,7,3,1,8,2},{7,8,3,6,1,2,4,5,9},{2,5,6,4,9,7,3,1,8},{3,9,8,5,6,0,0,0,0},{0,0,0,0,0,0,0,0,0}}
]
15:41:40.519 [main] INFO sudoku.model.SudokuBoard - Wartość 0 wstawiona nieprawidłowo
15:41:40.520 [main] INFO sudoku.model.SudokuBoard - Bład w kwadracie 0
sudoku.model.SudokuBoard@7affc159[
  size=9
  solver=sudoku.model.BacktrackingSudokuSolver@1682c08c
  board={{8,7,2,1,3,4,6,9,5},{9,3,4,2,5,6,8,7,1},{5,6,1,7,8,9,2,3,4},{1,2,9,8,4,5,7,6,3},{6,4,5,9,7,3,1,8,2},{7,8,3,6,1,2,4,5,9},{2,5,6,4,9,7,3,1,8},{3,9,8,5,0,0,0,0,0},{0,0,0,0,0,0,0,0,0}}
]
15:41:40.525 [main] INFO sudoku.model.SudokuBoard - Wartość 0 wstawiona nieprawidłowo
15:41:40.525 [main] INFO sudoku.model.SudokuBoard - Bład w kwadracie 0
sudoku.model.SudokuBoard@7affc159[
  size=9
  solver=sudoku.model.BacktrackingSudokuSolver@1682c08c
  board={{8,7,2,1,3,4,6,9,5},{9,3,4,2,5,6,8,7,1},{5,6,1,7,8,9,2,3,4},{1,2,9,8,4,5,7,6,3},{6,4,5,9,7,3,1,8,2},{7,8,3,6,1,2,4,5,9},{2,5,6,4,9,7,3,1,8},{3,9,8,5,2,0,0,0,0},{0,0,0,0,0,0,0,0,0}}
]
15:41:40.526 [main] INFO sudoku.model.SudokuBoard - Wartość 0 wstawiona nieprawidłowo
15:41:40.526 [main] INFO sudoku.model.SudokuBoard - Bład w kwadracie 0
sudoku.model.SudokuBoard@7affc159[
  size=9
  solver=sudoku.model.BacktrackingSudokuSolver@1682c08c
  board={{8,7,2,1,3,4,6,9,5},{9,3,4,2,5,6,8,7,1},{5,6,1,7,8,9,2,3,4},{1,2,9,8,4,5,7,6,3},{6,4,5,9,7,3,1,8,2},{7,8,3,6,1,2,4,5,9},{2,5,6,4,9,7,3,1,8},{3,9,8,5,0,0,0,0,0},{0,0,0,0,0,0,0,0,0}}
]
15:41:40.526 [main] INFO sudoku.model.SudokuBoard - Wartość 0 wstawiona nieprawidłowo
15:41:40.528 [main] INFO sudoku.model.SudokuBoard - Bład w kwadracie 0
sudoku.model.SudokuBoard@7affc159[
  size=9
  solver=sudoku.model.BacktrackingSudokuSolver@1682c08c
  board={{8,7,2,1,3,4,6,9,5},{9,3,4,2,5,6,8,7,1},{5,6,1,7,8,9,2,3,4},{1,2,9,8,4,5,7,6,3},{6,4,5,9,7,3,1,8,2},{7,8,3,6,1,2,4,5,9},{2,5,6,4,9,7,3,1,8},{3,9,8,0,0,0,0,0,0},{0,0,0,0,0,0,0,0,0}}
]
15:41:40.528 [main] INFO sudoku.model.SudokuBoard - Wartość 0 wstawiona nieprawidłowo
15:41:40.528 [main] INFO sudoku.model.SudokuBoard - Bład w kwadracie 0
sudoku.model.SudokuBoard@7affc159[
  size=9
  solver=sudoku.model.BacktrackingSudokuSolver@1682c08c
  board={{8,7,2,1,3,4,6,9,5},{9,3,4,2,5,6,8,7,1},{5,6,1,7,8,9,2,3,4},{1,2,9,8,4,5,7,6,3},{6,4,5,9,7,3,1,8,2},{7,8,3,6,1,2,4,5,9},{2,5,6,4,9,7,3,1,8},{3,9,0,0,0,0,0,0,0},{0,0,0,0,0,0,0,0,0}}
]
15:41:40.528 [main] INFO sudoku.model.SudokuBoard - Wartość 0 wstawiona nieprawidłowo
15:41:40.528 [main] INFO sudoku.model.SudokuBoard - Bład w kwadracie 0
sudoku.model.SudokuBoard@7affc159[
  size=9
  solver=sudoku.model.BacktrackingSudokuSolver@1682c08c
  board={{8,7,2,1,3,4,6,9,5},{9,3,4,2,5,6,8,7,1},{5,6,1,7,8,9,2,3,4},{1,2,9,8,4,5,7,6,3},{6,4,5,9,7,3,1,8,2},{7,8,3,6,1,2,4,5,9},{2,5,6,4,9,7,3,1,8},{3,0,0,0,0,0,0,0,0},{0,0,0,0,0,0,0,0,0}}
]
15:41:40.528 [main] INFO sudoku.model.SudokuBoard - Wartość 0 wstawiona nieprawidłowo
15:41:40.528 [main] INFO sudoku.model.SudokuBoard - Bład w kwadracie 0
sudoku.model.SudokuBoard@7affc159[
  size=9
  solver=sudoku.model.BacktrackingSudokuSolver@1682c08c
  board={{8,7,2,1,3,4,6,9,5},{9,3,4,2,5,6,8,7,1},{5,6,1,7,8,9,2,3,4},{1,2,9,8,4,5,7,6,3},{6,4,5,9,7,3,1,8,2},{7,8,3,6,1,2,4,5,9},{2,5,6,4,9,7,3,1,8},{3,1,7,5,6,8,9,0,0},{0,0,0,0,0,0,0,0,0}}
]
15:41:40.528 [main] INFO sudoku.model.SudokuBoard - Wartość 0 wstawiona nieprawidłowo
15:41:40.528 [main] INFO sudoku.model.SudokuBoard - Bład w kwadracie 0
sudoku.model.SudokuBoard@7affc159[
  size=9
  solver=sudoku.model.BacktrackingSudokuSolver@1682c08c
  board={{8,7,2,1,3,4,6,9,5},{9,3,4,2,5,6,8,7,1},{5,6,1,7,8,9,2,3,4},{1,2,9,8,4,5,7,6,3},{6,4,5,9,7,3,1,8,2},{7,8,3,6,1,2,4,5,9},{2,5,6,4,9,7,3,1,8},{3,1,7,5,6,8,9,0,0},{0,0,0,0,0,0,0,0,0}}
]
15:41:40.528 [main] INFO sudoku.model.SudokuBoard - Wartość 0 wstawiona nieprawidłowo
15:41:40.529 [main] INFO sudoku.model.SudokuBoard - Bład w kwadracie 0
sudoku.model.SudokuBoard@7affc159[
  size=9
  solver=sudoku.model.BacktrackingSudokuSolver@1682c08c
  board={{8,7,2,1,3,4,6,9,5},{9,3,4,2,5,6,8,7,1},{5,6,1,7,8,9,2,3,4},{1,2,9,8,4,5,7,6,3},{6,4,5,9,7,3,1,8,2},{7,8,3,6,1,2,4,5,9},{2,5,6,4,9,7,3,1,8},{3,1,7,5,6,8,0,0,0},{0,0,0,0,0,0,0,0,0}}
]
15:41:40.529 [main] INFO sudoku.model.SudokuBoard - Wartość 0 wstawiona nieprawidłowo
15:41:40.529 [main] INFO sudoku.model.SudokuBoard - Bład w kwadracie 0
sudoku.model.SudokuBoard@7affc159[
  size=9
  solver=sudoku.model.BacktrackingSudokuSolver@1682c08c
  board={{8,7,2,1,3,4,6,9,5},{9,3,4,2,5,6,8,7,1},{5,6,1,7,8,9,2,3,4},{1,2,9,8,4,5,7,6,3},{6,4,5,9,7,3,1,8,2},{7,8,3,6,1,2,4,5,9},{2,5,6,4,9,7,3,1,8},{3,1,7,5,6,0,0,0,0},{0,0,0,0,0,0,0,0,0}}
]
15:41:40.529 [main] INFO sudoku.model.SudokuBoard - Wartość 0 wstawiona nieprawidłowo
15:41:40.529 [main] INFO sudoku.model.SudokuBoard - Bład w kwadracie 0
sudoku.model.SudokuBoard@7affc159[
  size=9
  solver=sudoku.model.BacktrackingSudokuSolver@1682c08c
  board={{8,7,2,1,3,4,6,9,5},{9,3,4,2,5,6,8,7,1},{5,6,1,7,8,9,2,3,4},{1,2,9,8,4,5,7,6,3},{6,4,5,9,7,3,1,8,2},{7,8,3,6,1,2,4,5,9},{2,5,6,4,9,7,3,1,8},{3,1,7,5,0,0,0,0,0},{0,0,0,0,0,0,0,0,0}}
]
15:41:40.529 [main] INFO sudoku.model.SudokuBoard - Wartość 0 wstawiona nieprawidłowo
]]></system-out>
  </testcase>
</testsuite>