<?xml version="1.0" encoding="UTF-8"?>
<testsuite xmlns:xsi="http://www.w3.org/2001/XMLSchema-instance" xsi:noNamespaceSchemaLocation="https://maven.apache.org/surefire/maven-surefire-plugin/xsd/surefire-test-report-3.0.xsd" version="3.0" name="sudoku.model.SeriesTest" time="0.205" tests="5" errors="0" skipped="0" failures="0">
  <properties>
    <property name="java.specification.version" value="14"/>
    <property name="sun.cpu.isalist" value="amd64"/>
    <property name="sun.jnu.encoding" value="Cp1250"/>
    <property name="java.class.path" value="E:\studia\Sem-3\Programowanie komponentowe (07 72 3060 19)_pliki\ProjektKompo\an_pn_1145_03\Model\target\test-classes;C:\Users\maldo\.m2\repository\org\junit\jupiter\junit-jupiter-engine\5.6.2\junit-jupiter-engine-5.6.2.jar;C:\Users\maldo\.m2\repository\org\apiguardian\apiguardian-api\1.1.0\apiguardian-api-1.1.0.jar;C:\Users\maldo\.m2\repository\org\junit\platform\junit-platform-engine\1.6.2\junit-platform-engine-1.6.2.jar;C:\Users\maldo\.m2\repository\org\opentest4j\opentest4j\1.2.0\opentest4j-1.2.0.jar;C:\Users\maldo\.m2\repository\org\junit\platform\junit-platform-commons\1.6.2\junit-platform-commons-1.6.2.jar;C:\Users\maldo\.m2\repository\org\junit\jupiter\junit-jupiter-api\5.6.2\junit-jupiter-api-5.6.2.jar;C:\Users\maldo\.m2\repository\org\projectlombok\lombok\1.18.16\lombok-1.18.16.jar;C:\Users\maldo\.m2\repository\org\hibernate\hibernate-core\5.4.27.Final\hibernate-core-5.4.27.Final.jar;C:\Users\maldo\.m2\repository\org\jboss\logging\jboss-logging\3.4.1.Final\jboss-logging-3.4.1.Final.jar;C:\Users\maldo\.m2\repository\org\javassist\javassist\3.27.0-GA\javassist-3.27.0-GA.jar;C:\Users\maldo\.m2\repository\net\bytebuddy\byte-buddy\1.10.17\byte-buddy-1.10.17.jar;C:\Users\maldo\.m2\repository\antlr\antlr\2.7.7\antlr-2.7.7.jar;C:\Users\maldo\.m2\repository\org\jboss\spec\javax\transaction\jboss-transaction-api_1.2_spec\1.1.1.Final\jboss-transaction-api_1.2_spec-1.1.1.Final.jar;C:\Users\maldo\.m2\repository\org\jboss\jandex\2.1.3.Final\jandex-2.1.3.Final.jar;C:\Users\maldo\.m2\repository\com\fasterxml\classmate\1.5.1\classmate-1.5.1.jar;C:\Users\maldo\.m2\repository\javax\activation\javax.activation-api\1.2.0\javax.activation-api-1.2.0.jar;C:\Users\maldo\.m2\repository\org\dom4j\dom4j\2.1.3\dom4j-2.1.3.jar;C:\Users\maldo\.m2\repository\javax\xml\bind\jaxb-api\2.3.1\jaxb-api-2.3.1.jar;C:\Users\maldo\.m2\repository\com\h2database\h2\1.4.200\h2-1.4.200.jar;C:\Users\maldo\.m2\repository\jakarta\xml\bind\jakarta.xml.bind-api\3.0.0\jakarta.xml.bind-api-3.0.0.jar;C:\Users\maldo\.m2\repository\com\sun\activation\jakarta.activation\2.0.0\jakarta.activation-2.0.0.jar;C:\Users\maldo\.m2\repository\org\glassfish\jaxb\jaxb-runtime\3.0.0\jaxb-runtime-3.0.0.jar;C:\Users\maldo\.m2\repository\org\glassfish\jaxb\jaxb-core\3.0.0\jaxb-core-3.0.0.jar;C:\Users\maldo\.m2\repository\org\glassfish\jaxb\txw2\3.0.0\txw2-3.0.0.jar;C:\Users\maldo\.m2\repository\com\sun\istack\istack-commons-runtime\4.0.0\istack-commons-runtime-4.0.0.jar;C:\Users\maldo\.m2\repository\org\xerial\sqlite-jdbc\3.25.2\sqlite-jdbc-3.25.2.jar;C:\Users\maldo\.m2\repository\ch\qos\logback\logback-classic\1.1.7\logback-classic-1.1.7.jar;C:\Users\maldo\.m2\repository\ch\qos\logback\logback-core\1.1.7\logback-core-1.1.7.jar;C:\Users\maldo\.m2\repository\org\openjfx\javafx-controls\13\javafx-controls-13.jar;C:\Users\maldo\.m2\repository\org\openjfx\javafx-controls\13\javafx-controls-13-win.jar;C:\Users\maldo\.m2\repository\org\openjfx\javafx-graphics\13\javafx-graphics-13.jar;C:\Users\maldo\.m2\repository\org\openjfx\javafx-graphics\13\javafx-graphics-13-win.jar;C:\Users\maldo\.m2\repository\org\openjfx\javafx-base\13\javafx-base-13.jar;C:\Users\maldo\.m2\repository\org\openjfx\javafx-fxml\13\javafx-fxml-13.jar;C:\Users\maldo\.m2\repository\org\openjfx\javafx-fxml\13\javafx-fxml-13-win.jar;"/>
    <property name="java.vm.vendor" value="Oracle Corporation"/>
    <property name="sun.arch.data.model" value="64"/>
    <property name="user.variant" value=""/>
    <property name="java.vendor.url" value="https://java.oracle.com/"/>
    <property name="user.timezone" value="Europe/Warsaw"/>
    <property name="os.name" value="Windows 10"/>
    <property name="java.vm.specification.version" value="14"/>
    <property name="sun.java.launcher" value="SUN_STANDARD"/>
    <property name="user.country" value="PL"/>
    <property name="sun.boot.library.path" value="C:\Program Files\Java\jdk-14.0.2\bin"/>
    <property name="sun.java.command" value="org.apache.maven.surefire.booter.ForkedBooter C:\Users\maldo\AppData\Local\Temp\surefire1208940752005479687 2021-02-01T11-09-39_558-jvmRun1 surefire4484383023397680432tmp surefire_017011050744098088653tmp"/>
    <property name="jdk.debug" value="release"/>
    <property name="surefire.test.class.path" value="E:\studia\Sem-3\Programowanie komponentowe (07 72 3060 19)_pliki\ProjektKompo\an_pn_1145_03\Model\target\test-classes;C:\Users\maldo\.m2\repository\org\junit\jupiter\junit-jupiter-engine\5.6.2\junit-jupiter-engine-5.6.2.jar;C:\Users\maldo\.m2\repository\org\apiguardian\apiguardian-api\1.1.0\apiguardian-api-1.1.0.jar;C:\Users\maldo\.m2\repository\org\junit\platform\junit-platform-engine\1.6.2\junit-platform-engine-1.6.2.jar;C:\Users\maldo\.m2\repository\org\opentest4j\opentest4j\1.2.0\opentest4j-1.2.0.jar;C:\Users\maldo\.m2\repository\org\junit\platform\junit-platform-commons\1.6.2\junit-platform-commons-1.6.2.jar;C:\Users\maldo\.m2\repository\org\junit\jupiter\junit-jupiter-api\5.6.2\junit-jupiter-api-5.6.2.jar;C:\Users\maldo\.m2\repository\org\projectlombok\lombok\1.18.16\lombok-1.18.16.jar;C:\Users\maldo\.m2\repository\org\hibernate\hibernate-core\5.4.27.Final\hibernate-core-5.4.27.Final.jar;C:\Users\maldo\.m2\repository\org\jboss\logging\jboss-logging\3.4.1.Final\jboss-logging-3.4.1.Final.jar;C:\Users\maldo\.m2\repository\org\javassist\javassist\3.27.0-GA\javassist-3.27.0-GA.jar;C:\Users\maldo\.m2\repository\net\bytebuddy\byte-buddy\1.10.17\byte-buddy-1.10.17.jar;C:\Users\maldo\.m2\repository\antlr\antlr\2.7.7\antlr-2.7.7.jar;C:\Users\maldo\.m2\repository\org\jboss\spec\javax\transaction\jboss-transaction-api_1.2_spec\1.1.1.Final\jboss-transaction-api_1.2_spec-1.1.1.Final.jar;C:\Users\maldo\.m2\repository\org\jboss\jandex\2.1.3.Final\jandex-2.1.3.Final.jar;C:\Users\maldo\.m2\repository\com\fasterxml\classmate\1.5.1\classmate-1.5.1.jar;C:\Users\maldo\.m2\repository\javax\activation\javax.activation-api\1.2.0\javax.activation-api-1.2.0.jar;C:\Users\maldo\.m2\repository\org\dom4j\dom4j\2.1.3\dom4j-2.1.3.jar;C:\Users\maldo\.m2\repository\javax\xml\bind\jaxb-api\2.3.1\jaxb-api-2.3.1.jar;C:\Users\maldo\.m2\repository\com\h2database\h2\1.4.200\h2-1.4.200.jar;C:\Users\maldo\.m2\repository\jakarta\xml\bind\jakarta.xml.bind-api\3.0.0\jakarta.xml.bind-api-3.0.0.jar;C:\Users\maldo\.m2\repository\com\sun\activation\jakarta.activation\2.0.0\jakarta.activation-2.0.0.jar;C:\Users\maldo\.m2\repository\org\glassfish\jaxb\jaxb-runtime\3.0.0\jaxb-runtime-3.0.0.jar;C:\Users\maldo\.m2\repository\org\glassfish\jaxb\jaxb-core\3.0.0\jaxb-core-3.0.0.jar;C:\Users\maldo\.m2\repository\org\glassfish\jaxb\txw2\3.0.0\txw2-3.0.0.jar;C:\Users\maldo\.m2\repository\com\sun\istack\istack-commons-runtime\4.0.0\istack-commons-runtime-4.0.0.jar;C:\Users\maldo\.m2\repository\org\xerial\sqlite-jdbc\3.25.2\sqlite-jdbc-3.25.2.jar;C:\Users\maldo\.m2\repository\ch\qos\logback\logback-classic\1.1.7\logback-classic-1.1.7.jar;C:\Users\maldo\.m2\repository\ch\qos\logback\logback-core\1.1.7\logback-core-1.1.7.jar;C:\Users\maldo\.m2\repository\org\openjfx\javafx-controls\13\javafx-controls-13.jar;C:\Users\maldo\.m2\repository\org\openjfx\javafx-controls\13\javafx-controls-13-win.jar;C:\Users\maldo\.m2\repository\org\openjfx\javafx-graphics\13\javafx-graphics-13.jar;C:\Users\maldo\.m2\repository\org\openjfx\javafx-graphics\13\javafx-graphics-13-win.jar;C:\Users\maldo\.m2\repository\org\openjfx\javafx-base\13\javafx-base-13.jar;C:\Users\maldo\.m2\repository\org\openjfx\javafx-fxml\13\javafx-fxml-13.jar;C:\Users\maldo\.m2\repository\org\openjfx\javafx-fxml\13\javafx-fxml-13-win.jar;"/>
    <property name="sun.cpu.endian" value="little"/>
    <property name="user.home" value="C:\Users\maldo"/>
    <property name="user.language" value="pl"/>
    <property name="java.specification.vendor" value="Oracle Corporation"/>
    <property name="jdk.module.path" value="E:\studia\Sem-3\Programowanie komponentowe (07 72 3060 19)_pliki\ProjektKompo\an_pn_1145_03\Model\target\classes;C:\Users\maldo\.m2\repository\org\apache\commons\commons-lang3\3.11\commons-lang3-3.11.jar;C:\Users\maldo\.m2\repository\javax\persistence\javax.persistence-api\2.2\javax.persistence-api-2.2.jar;C:\Users\maldo\.m2\repository\org\hibernate\common\hibernate-commons-annotations\5.1.2.Final\hibernate-commons-annotations-5.1.2.Final.jar;C:\Users\maldo\.m2\repository\org\hibernate\hibernate-entitymanager\5.4.27.Final\hibernate-entitymanager-5.4.27.Final.jar;C:\Users\maldo\.m2\repository\org\slf4j\slf4j-api\1.7.30\slf4j-api-1.7.30.jar;C:\Users\maldo\.m2\repository\org\openjfx\javafx-base\13\javafx-base-13-win.jar"/>
    <property name="java.version.date" value="2020-07-14"/>
    <property name="java.home" value="C:\Program Files\Java\jdk-14.0.2"/>
    <property name="file.separator" value="\"/>
    <property name="basedir" value="E:\studia\Sem-3\Programowanie komponentowe (07 72 3060 19)_pliki\ProjektKompo\an_pn_1145_03\Model"/>
    <property name="java.vm.compressedOopsMode" value="Zero based"/>
    <property name="line.separator" value="&#10;"/>
    <property name="java.vm.specification.vendor" value="Oracle Corporation"/>
    <property name="java.specification.name" value="Java Platform API Specification"/>
    <property name="surefire.real.class.path" value="C:\Users\maldo\.m2\repository\org\apache\maven\surefire\surefire-booter\3.0.0-M5\surefire-booter-3.0.0-M5.jar;C:\Users\maldo\.m2\repository\org\apache\maven\surefire\surefire-api\3.0.0-M5\surefire-api-3.0.0-M5.jar;C:\Users\maldo\.m2\repository\org\apache\maven\surefire\surefire-logger-api\3.0.0-M5\surefire-logger-api-3.0.0-M5.jar;C:\Users\maldo\.m2\repository\org\apache\maven\surefire\surefire-shared-utils\3.0.0-M4\surefire-shared-utils-3.0.0-M4.jar;C:\Users\maldo\.m2\repository\org\apache\maven\surefire\surefire-extensions-spi\3.0.0-M5\surefire-extensions-spi-3.0.0-M5.jar;E:\studia\Sem-3\Programowanie komponentowe (07 72 3060 19)_pliki\ProjektKompo\an_pn_1145_03\Model\target\test-classes;C:\Users\maldo\.m2\repository\org\junit\jupiter\junit-jupiter-engine\5.6.2\junit-jupiter-engine-5.6.2.jar;C:\Users\maldo\.m2\repository\org\apiguardian\apiguardian-api\1.1.0\apiguardian-api-1.1.0.jar;C:\Users\maldo\.m2\repository\org\junit\platform\junit-platform-engine\1.6.2\junit-platform-engine-1.6.2.jar;C:\Users\maldo\.m2\repository\org\opentest4j\opentest4j\1.2.0\opentest4j-1.2.0.jar;C:\Users\maldo\.m2\repository\org\junit\platform\junit-platform-commons\1.6.2\junit-platform-commons-1.6.2.jar;C:\Users\maldo\.m2\repository\org\junit\jupiter\junit-jupiter-api\5.6.2\junit-jupiter-api-5.6.2.jar;C:\Users\maldo\.m2\repository\org\projectlombok\lombok\1.18.16\lombok-1.18.16.jar;C:\Users\maldo\.m2\repository\org\hibernate\hibernate-core\5.4.27.Final\hibernate-core-5.4.27.Final.jar;C:\Users\maldo\.m2\repository\org\jboss\logging\jboss-logging\3.4.1.Final\jboss-logging-3.4.1.Final.jar;C:\Users\maldo\.m2\repository\org\javassist\javassist\3.27.0-GA\javassist-3.27.0-GA.jar;C:\Users\maldo\.m2\repository\net\bytebuddy\byte-buddy\1.10.17\byte-buddy-1.10.17.jar;C:\Users\maldo\.m2\repository\antlr\antlr\2.7.7\antlr-2.7.7.jar;C:\Users\maldo\.m2\repository\org\jboss\spec\javax\transaction\jboss-transaction-api_1.2_spec\1.1.1.Final\jboss-transaction-api_1.2_spec-1.1.1.Final.jar;C:\Users\maldo\.m2\repository\org\jboss\jandex\2.1.3.Final\jandex-2.1.3.Final.jar;C:\Users\maldo\.m2\repository\com\fasterxml\classmate\1.5.1\classmate-1.5.1.jar;C:\Users\maldo\.m2\repository\javax\activation\javax.activation-api\1.2.0\javax.activation-api-1.2.0.jar;C:\Users\maldo\.m2\repository\org\dom4j\dom4j\2.1.3\dom4j-2.1.3.jar;C:\Users\maldo\.m2\repository\javax\xml\bind\jaxb-api\2.3.1\jaxb-api-2.3.1.jar;C:\Users\maldo\.m2\repository\com\h2database\h2\1.4.200\h2-1.4.200.jar;C:\Users\maldo\.m2\repository\jakarta\xml\bind\jakarta.xml.bind-api\3.0.0\jakarta.xml.bind-api-3.0.0.jar;C:\Users\maldo\.m2\repository\com\sun\activation\jakarta.activation\2.0.0\jakarta.activation-2.0.0.jar;C:\Users\maldo\.m2\repository\org\glassfish\jaxb\jaxb-runtime\3.0.0\jaxb-runtime-3.0.0.jar;C:\Users\maldo\.m2\repository\org\glassfish\jaxb\jaxb-core\3.0.0\jaxb-core-3.0.0.jar;C:\Users\maldo\.m2\repository\org\glassfish\jaxb\txw2\3.0.0\txw2-3.0.0.jar;C:\Users\maldo\.m2\repository\com\sun\istack\istack-commons-runtime\4.0.0\istack-commons-runtime-4.0.0.jar;C:\Users\maldo\.m2\repository\org\xerial\sqlite-jdbc\3.25.2\sqlite-jdbc-3.25.2.jar;C:\Users\maldo\.m2\repository\ch\qos\logback\logback-classic\1.1.7\logback-classic-1.1.7.jar;C:\Users\maldo\.m2\repository\ch\qos\logback\logback-core\1.1.7\logback-core-1.1.7.jar;C:\Users\maldo\.m2\repository\org\openjfx\javafx-controls\13\javafx-controls-13.jar;C:\Users\maldo\.m2\repository\org\openjfx\javafx-controls\13\javafx-controls-13-win.jar;C:\Users\maldo\.m2\repository\org\openjfx\javafx-graphics\13\javafx-graphics-13.jar;C:\Users\maldo\.m2\repository\org\openjfx\javafx-graphics\13\javafx-graphics-13-win.jar;C:\Users\maldo\.m2\repository\org\openjfx\javafx-base\13\javafx-base-13.jar;C:\Users\maldo\.m2\repository\org\openjfx\javafx-fxml\13\javafx-fxml-13.jar;C:\Users\maldo\.m2\repository\org\openjfx\javafx-fxml\13\javafx-fxml-13-win.jar;C:\Users\maldo\.m2\repository\org\apache\maven\surefire\surefire-junit-platform\3.0.0-M5\surefire-junit-platform-3.0.0-M5.jar;C:\Users\maldo\.m2\repository\org\apache\maven\surefire\common-java5\3.0.0-M5\common-java5-3.0.0-M5.jar;C:\Users\maldo\.m2\repository\org\junit\platform\junit-platform-launcher\1.6.2\junit-platform-launcher-1.6.2.jar"/>
    <property name="user.script" value=""/>
    <property name="sun.management.compiler" value="HotSpot 64-Bit Tiered Compilers"/>
    <property name="java.runtime.version" value="14.0.2+12-46"/>
    <property name="user.name" value="maldo"/>
    <property name="path.separator" value=";"/>
    <property name="os.version" value="10.0"/>
    <property name="java.runtime.name" value="Java(TM) SE Runtime Environment"/>
    <property name="file.encoding" value="Cp1250"/>
    <property name="java.vm.name" value="Java HotSpot(TM) 64-Bit Server VM"/>
    <property name="localRepository" value="C:\Users\maldo\.m2\repository"/>
    <property name="java.vendor.url.bug" value="https://bugreport.java.com/bugreport/"/>
    <property name="java.io.tmpdir" value="C:\Users\maldo\AppData\Local\Temp\"/>
    <property name="idea.version" value="2020.2.3"/>
    <property name="java.version" value="14.0.2"/>
    <property name="user.dir" value="E:\studia\Sem-3\Programowanie komponentowe (07 72 3060 19)_pliki\ProjektKompo\an_pn_1145_03\Model"/>
    <property name="os.arch" value="amd64"/>
    <property name="java.vm.specification.name" value="Java Virtual Machine Specification"/>
    <property name="sun.os.patch.level" value=""/>
    <property name="java.library.path" value="C:\Program Files\Java\jdk-14.0.2\bin;C:\WINDOWS\Sun\Java\bin;C:\WINDOWS\system32;C:\WINDOWS;C:\Program Files (x86)\Razer Chroma SDK\bin;C:\Program Files\Razer Chroma SDK\bin;C:\Python\Scripts\;C:\Python\;C:\Program Files (x86)\Intel\iCLS Client\;C:\Program Files\Intel\iCLS Client\;C:\Windows\system32;C:\Windows;C:\Windows\System32\Wbem;C:\Windows\System32\WindowsPowerShell\v1.0\;C:\Windows\System32\OpenSSH\;C:\Program Files (x86)\NVIDIA Corporation\PhysX\Common;C:\Program Files (x86)\Intel\Intel(R) Management Engine Components\DAL;C:\Program Files\Intel\Intel(R) Management Engine Components\DAL;C:\Program Files (x86)\Intel\Intel(R) Management Engine Components\IPT;C:\Program Files\Intel\Intel(R) Management Engine Components\IPT;C:\Program Files\Intel\WiFi\bin\;C:\Program Files\Common Files\Intel\WirelessCommon\;C:\Program Files (x86)\Windows Kits\8.1\Windows Performance Toolkit\;C:\Users\maldo\AppData\Local\Microsoft\WindowsApps;C:\Program Files\NVIDIA Corporation\NVIDIA NvDLISR;C:\Program Files (x86)\MKVToolNix;C:\WINDOWS\system32;C:\WINDOWS;C:\WINDOWS\System32\Wbem;C:\WINDOWS\System32\WindowsPowerShell\v1.0\;C:\WINDOWS\System32\OpenSSH\;E:\studia\Sem-3\Programowanie komponentowe (07 72 3060 19)_pliki\apache-maven-3.6.3\bin;C:\msys64\usr\bin;C:\Program Files\Java\jdk-14.0.2\bin;C:\Program Files (x86)\Calibre2\;C:\Users\maldo\AppData\Local\Microsoft\WindowsApps;C:\Program Files\Intel\WiFi\bin\;C:\Program Files\Common Files\Intel\WirelessCommon\;C:\Program Files\JetBrains\CLion 2019.3.3\bin;;C:\Users\maldo\AppData\Local\Programs\Microsoft VS Code\bin;C:\Users\maldo\AppData\Local\GitHubDesktop\bin;."/>
    <property name="java.vm.info" value="mixed mode"/>
    <property name="java.vendor" value="Oracle Corporation"/>
    <property name="java.vm.version" value="14.0.2+12-46"/>
    <property name="sun.io.unicode.encoding" value="UnicodeLittle"/>
    <property name="java.class.version" value="58.0"/>
  </properties>
  <testcase name="testEqualsDiffrent" classname="sudoku.model.SeriesTest" time="0.05">
    <system-out><![CDATA[11:09:44.292 [main] INFO  sudoku.model.SudokuBoard - Bład w kwadracie 0
sudoku.model.SudokuBoard@a84338a[
  size=9
  solver=sudoku.model.BacktrackingSudokuSolver@4070ace9
  board={{3,1,9,6,7,8,4,5,2},{4,6,7,5,9,1,8,0,0},{0,0,0,0,0,0,0,0,0},{0,0,0,0,0,0,0,0,0},{0,0,0,0,0,0,0,0,0},{0,0,0,0,0,0,0,0,0},{0,0,0,0,0,0,0,0,0},{0,0,0,0,0,0,0,0,0},{0,0,0,0,0,0,0,0,0}}
]
11:09:44.292 [main] INFO  sudoku.model.SudokuBoard - Wartość 0 wstawiona nieprawidłowo
11:09:44.292 [main] INFO  sudoku.model.SudokuBoard - Bład w kwadracie 0
sudoku.model.SudokuBoard@a84338a[
  size=9
  solver=sudoku.model.BacktrackingSudokuSolver@4070ace9
  board={{3,1,9,6,7,8,4,5,2},{4,6,7,5,9,1,0,0,0},{0,0,0,0,0,0,0,0,0},{0,0,0,0,0,0,0,0,0},{0,0,0,0,0,0,0,0,0},{0,0,0,0,0,0,0,0,0},{0,0,0,0,0,0,0,0,0},{0,0,0,0,0,0,0,0,0},{0,0,0,0,0,0,0,0,0}}
]
11:09:44.292 [main] INFO  sudoku.model.SudokuBoard - Wartość 0 wstawiona nieprawidłowo
11:09:44.293 [main] INFO  sudoku.model.SudokuBoard - Bład w kwadracie 0
sudoku.model.SudokuBoard@a84338a[
  size=9
  solver=sudoku.model.BacktrackingSudokuSolver@4070ace9
  board={{3,1,9,6,7,8,4,5,2},{4,6,7,5,9,1,3,0,0},{0,0,0,0,0,0,0,0,0},{0,0,0,0,0,0,0,0,0},{0,0,0,0,0,0,0,0,0},{0,0,0,0,0,0,0,0,0},{0,0,0,0,0,0,0,0,0},{0,0,0,0,0,0,0,0,0},{0,0,0,0,0,0,0,0,0}}
]
11:09:44.293 [main] INFO  sudoku.model.SudokuBoard - Wartość 0 wstawiona nieprawidłowo
11:09:44.293 [main] INFO  sudoku.model.SudokuBoard - Bład w kwadracie 0
sudoku.model.SudokuBoard@a84338a[
  size=9
  solver=sudoku.model.BacktrackingSudokuSolver@4070ace9
  board={{3,1,9,6,7,8,4,5,2},{4,6,7,5,9,1,0,0,0},{0,0,0,0,0,0,0,0,0},{0,0,0,0,0,0,0,0,0},{0,0,0,0,0,0,0,0,0},{0,0,0,0,0,0,0,0,0},{0,0,0,0,0,0,0,0,0},{0,0,0,0,0,0,0,0,0},{0,0,0,0,0,0,0,0,0}}
]
11:09:44.293 [main] INFO  sudoku.model.SudokuBoard - Wartość 0 wstawiona nieprawidłowo
11:09:44.293 [main] INFO  sudoku.model.SudokuBoard - Bład w kwadracie 0
sudoku.model.SudokuBoard@a84338a[
  size=9
  solver=sudoku.model.BacktrackingSudokuSolver@4070ace9
  board={{3,1,9,6,7,8,4,5,2},{4,6,7,5,9,0,0,0,0},{0,0,0,0,0,0,0,0,0},{0,0,0,0,0,0,0,0,0},{0,0,0,0,0,0,0,0,0},{0,0,0,0,0,0,0,0,0},{0,0,0,0,0,0,0,0,0},{0,0,0,0,0,0,0,0,0},{0,0,0,0,0,0,0,0,0}}
]
11:09:44.294 [main] INFO  sudoku.model.SudokuBoard - Wartość 0 wstawiona nieprawidłowo
11:09:44.294 [main] INFO  sudoku.model.SudokuBoard - Bład w kwadracie 0
sudoku.model.SudokuBoard@a84338a[
  size=9
  solver=sudoku.model.BacktrackingSudokuSolver@4070ace9
  board={{3,1,9,6,7,8,4,5,2},{4,6,7,5,9,2,1,8,3},{5,8,2,1,3,4,9,6,7},{6,5,3,2,8,0,0,0,0},{0,0,0,0,0,0,0,0,0},{0,0,0,0,0,0,0,0,0},{0,0,0,0,0,0,0,0,0},{0,0,0,0,0,0,0,0,0},{0,0,0,0,0,0,0,0,0}}
]
11:09:44.294 [main] INFO  sudoku.model.SudokuBoard - Wartość 0 wstawiona nieprawidłowo
11:09:44.294 [main] INFO  sudoku.model.SudokuBoard - Bład w kwadracie 0
sudoku.model.SudokuBoard@a84338a[
  size=9
  solver=sudoku.model.BacktrackingSudokuSolver@4070ace9
  board={{3,1,9,6,7,8,4,5,2},{4,6,7,5,9,2,1,8,3},{5,8,2,1,3,4,9,6,7},{6,5,3,2,8,9,7,1,4},{7,2,8,3,4,1,6,9,5},{9,4,1,7,5,6,8,0,0},{0,0,0,0,0,0,0,0,0},{0,0,0,0,0,0,0,0,0},{0,0,0,0,0,0,0,0,0}}
]
11:09:44.294 [main] INFO  sudoku.model.SudokuBoard - Wartość 0 wstawiona nieprawidłowo
11:09:44.295 [main] INFO  sudoku.model.SudokuBoard - Bład w kwadracie 0
sudoku.model.SudokuBoard@a84338a[
  size=9
  solver=sudoku.model.BacktrackingSudokuSolver@4070ace9
  board={{3,1,9,6,7,8,4,5,2},{4,6,7,5,9,2,1,8,3},{5,8,2,1,3,4,9,6,7},{6,5,3,2,8,9,7,1,4},{7,2,8,3,4,1,6,9,5},{9,4,1,7,5,6,8,0,0},{0,0,0,0,0,0,0,0,0},{0,0,0,0,0,0,0,0,0},{0,0,0,0,0,0,0,0,0}}
]
11:09:44.295 [main] INFO  sudoku.model.SudokuBoard - Wartość 0 wstawiona nieprawidłowo
11:09:44.297 [main] INFO  sudoku.model.SudokuBoard - Bład w kwadracie 0
sudoku.model.SudokuBoard@a84338a[
  size=9
  solver=sudoku.model.BacktrackingSudokuSolver@4070ace9
  board={{3,1,9,6,7,8,4,5,2},{4,6,7,5,9,2,1,8,3},{5,8,2,1,3,4,9,6,7},{6,5,3,2,8,9,7,1,4},{7,2,8,3,4,1,6,9,5},{9,4,1,7,5,6,0,0,0},{0,0,0,0,0,0,0,0,0},{0,0,0,0,0,0,0,0,0},{0,0,0,0,0,0,0,0,0}}
]
11:09:44.298 [main] INFO  sudoku.model.SudokuBoard - Wartość 0 wstawiona nieprawidłowo
11:09:44.299 [main] INFO  sudoku.model.SudokuBoard - Bład w kwadracie 0
sudoku.model.SudokuBoard@a84338a[
  size=9
  solver=sudoku.model.BacktrackingSudokuSolver@4070ace9
  board={{3,1,9,6,7,8,4,5,2},{4,6,7,5,9,2,1,8,3},{5,8,2,1,3,4,9,6,7},{6,5,3,2,8,9,7,1,4},{7,2,8,3,4,1,6,9,5},{9,4,1,7,5,6,2,3,8},{8,3,4,9,1,0,0,0,0},{0,0,0,0,0,0,0,0,0},{0,0,0,0,0,0,0,0,0}}
]
11:09:44.299 [main] INFO  sudoku.model.SudokuBoard - Wartość 0 wstawiona nieprawidłowo
11:09:44.299 [main] INFO  sudoku.model.SudokuBoard - Bład w kwadracie 0
sudoku.model.SudokuBoard@a84338a[
  size=9
  solver=sudoku.model.BacktrackingSudokuSolver@4070ace9
  board={{3,1,9,6,7,8,4,5,2},{4,6,7,5,9,2,1,8,3},{5,8,2,1,3,4,9,6,7},{6,5,3,2,8,9,7,1,4},{7,2,8,3,4,1,6,9,5},{9,4,1,7,5,6,2,3,8},{8,3,4,9,1,7,5,2,6},{1,7,5,8,2,0,0,0,0},{0,0,0,0,0,0,0,0,0}}
]
11:09:44.299 [main] INFO  sudoku.model.SudokuBoard - Wartość 0 wstawiona nieprawidłowo
11:09:44.299 [main] INFO  sudoku.model.SudokuBoard - Bład w kwadracie 0
sudoku.model.SudokuBoard@a84338a[
  size=9
  solver=sudoku.model.BacktrackingSudokuSolver@4070ace9
  board={{3,1,9,6,7,8,4,5,2},{4,6,7,5,9,2,1,8,3},{5,8,2,1,3,4,9,6,7},{6,5,3,2,8,9,7,1,4},{7,2,8,3,4,1,6,9,5},{9,4,1,7,5,6,2,3,8},{8,3,4,9,1,7,5,2,6},{1,7,5,8,0,0,0,0,0},{0,0,0,0,0,0,0,0,0}}
]
11:09:44.299 [main] INFO  sudoku.model.SudokuBoard - Wartość 0 wstawiona nieprawidłowo
11:09:44.300 [main] INFO  sudoku.model.SudokuBoard - Bład w kwadracie 0
sudoku.model.SudokuBoard@a84338a[
  size=9
  solver=sudoku.model.BacktrackingSudokuSolver@4070ace9
  board={{3,1,9,6,7,8,4,5,2},{4,6,7,5,9,2,1,8,3},{5,8,2,1,3,4,9,6,7},{6,5,3,2,8,9,7,1,4},{7,2,8,3,4,1,6,9,5},{9,4,1,7,5,6,2,3,8},{8,3,4,9,1,7,5,2,6},{1,7,5,8,6,0,0,0,0},{0,0,0,0,0,0,0,0,0}}
]
11:09:44.300 [main] INFO  sudoku.model.SudokuBoard - Wartość 0 wstawiona nieprawidłowo
11:09:44.300 [main] INFO  sudoku.model.SudokuBoard - Bład w kwadracie 0
sudoku.model.SudokuBoard@a84338a[
  size=9
  solver=sudoku.model.BacktrackingSudokuSolver@4070ace9
  board={{3,1,9,6,7,8,4,5,2},{4,6,7,5,9,2,1,8,3},{5,8,2,1,3,4,9,6,7},{6,5,3,2,8,9,7,1,4},{7,2,8,3,4,1,6,9,5},{9,4,1,7,5,6,2,3,8},{8,3,4,9,1,7,5,2,6},{1,7,5,8,0,0,0,0,0},{0,0,0,0,0,0,0,0,0}}
]
11:09:44.302 [main] INFO  sudoku.model.SudokuBoard - Wartość 0 wstawiona nieprawidłowo
11:09:44.302 [main] INFO  sudoku.model.SudokuBoard - Bład w kwadracie 0
sudoku.model.SudokuBoard@a84338a[
  size=9
  solver=sudoku.model.BacktrackingSudokuSolver@4070ace9
  board={{3,1,9,6,7,8,4,5,2},{4,6,7,5,9,2,1,8,3},{5,8,2,1,3,4,9,6,7},{6,5,3,2,8,9,7,1,4},{7,2,8,3,4,1,6,9,5},{9,4,1,7,5,6,2,3,8},{8,3,4,9,1,7,5,2,6},{1,7,5,0,0,0,0,0,0},{0,0,0,0,0,0,0,0,0}}
]
11:09:44.302 [main] INFO  sudoku.model.SudokuBoard - Wartość 0 wstawiona nieprawidłowo
11:09:44.302 [main] INFO  sudoku.model.SudokuBoard - Bład w kwadracie 0
sudoku.model.SudokuBoard@a84338a[
  size=9
  solver=sudoku.model.BacktrackingSudokuSolver@4070ace9
  board={{3,1,9,6,7,8,4,5,2},{4,6,7,5,9,2,1,8,3},{5,8,2,1,3,4,9,6,7},{6,5,3,2,8,9,7,1,4},{7,2,8,3,4,1,6,9,5},{9,4,1,7,5,6,2,3,8},{8,3,4,9,1,7,5,2,6},{1,7,5,4,2,3,0,0,0},{0,0,0,0,0,0,0,0,0}}
]
11:09:44.303 [main] INFO  sudoku.model.SudokuBoard - Wartość 0 wstawiona nieprawidłowo
11:09:44.308 [main] INFO  sudoku.model.SudokuBoard - Bład w kwadracie 0
sudoku.model.SudokuBoard@a84338a[
  size=9
  solver=sudoku.model.BacktrackingSudokuSolver@4070ace9
  board={{3,1,9,6,7,8,4,5,2},{4,6,7,5,9,2,1,8,3},{5,8,2,1,3,4,9,6,7},{6,5,3,2,8,9,7,1,4},{7,2,8,3,4,1,6,9,5},{9,4,1,7,5,6,2,3,8},{8,3,4,9,1,7,5,2,6},{1,7,5,4,2,0,0,0,0},{0,0,0,0,0,0,0,0,0}}
]
11:09:44.309 [main] INFO  sudoku.model.SudokuBoard - Wartość 0 wstawiona nieprawidłowo
11:09:44.309 [main] INFO  sudoku.model.SudokuBoard - Bład w kwadracie 0
sudoku.model.SudokuBoard@a84338a[
  size=9
  solver=sudoku.model.BacktrackingSudokuSolver@4070ace9
  board={{3,1,9,6,7,8,4,5,2},{4,6,7,5,9,2,1,8,3},{5,8,2,1,3,4,9,6,7},{6,5,3,2,8,9,7,1,4},{7,2,8,3,4,1,6,9,5},{9,4,1,7,5,6,2,3,8},{8,3,4,9,1,7,5,2,6},{1,7,5,4,0,0,0,0,0},{0,0,0,0,0,0,0,0,0}}
]
11:09:44.309 [main] INFO  sudoku.model.SudokuBoard - Wartość 0 wstawiona nieprawidłowo
11:09:44.309 [main] INFO  sudoku.model.SudokuBoard - Bład w kwadracie 0
sudoku.model.SudokuBoard@a84338a[
  size=9
  solver=sudoku.model.BacktrackingSudokuSolver@4070ace9
  board={{3,1,9,6,7,8,4,5,2},{4,6,7,5,9,2,1,8,3},{5,8,2,1,3,4,9,6,7},{6,5,3,2,8,9,7,1,4},{7,2,8,3,4,1,6,9,5},{9,4,1,7,5,6,2,3,8},{8,3,4,9,1,7,5,2,6},{1,7,5,4,6,3,0,0,0},{0,0,0,0,0,0,0,0,0}}
]
11:09:44.310 [main] INFO  sudoku.model.SudokuBoard - Wartość 0 wstawiona nieprawidłowo
11:09:44.310 [main] INFO  sudoku.model.SudokuBoard - Bład w kwadracie 0
sudoku.model.SudokuBoard@a84338a[
  size=9
  solver=sudoku.model.BacktrackingSudokuSolver@4070ace9
  board={{3,1,9,6,7,8,4,5,2},{4,6,7,5,9,2,1,8,3},{5,8,2,1,3,4,9,6,7},{6,5,3,2,8,9,7,1,4},{7,2,8,3,4,1,6,9,5},{9,4,1,7,5,6,2,3,8},{8,3,4,9,1,7,5,2,6},{1,7,5,4,6,0,0,0,0},{0,0,0,0,0,0,0,0,0}}
]
11:09:44.310 [main] INFO  sudoku.model.SudokuBoard - Wartość 0 wstawiona nieprawidłowo
11:09:44.310 [main] INFO  sudoku.model.SudokuBoard - Bład w kwadracie 0
sudoku.model.SudokuBoard@a84338a[
  size=9
  solver=sudoku.model.BacktrackingSudokuSolver@4070ace9
  board={{3,1,9,6,7,8,4,5,2},{4,6,7,5,9,2,1,8,3},{5,8,2,1,3,4,9,6,7},{6,5,3,2,8,9,7,1,4},{7,2,8,3,4,1,6,9,5},{9,4,1,7,5,6,2,3,8},{8,3,4,9,1,7,5,2,6},{1,7,5,4,0,0,0,0,0},{0,0,0,0,0,0,0,0,0}}
]
11:09:44.312 [main] INFO  sudoku.model.SudokuBoard - Wartość 0 wstawiona nieprawidłowo
11:09:44.312 [main] INFO  sudoku.model.SudokuBoard - Bład w kwadracie 0
sudoku.model.SudokuBoard@a84338a[
  size=9
  solver=sudoku.model.BacktrackingSudokuSolver@4070ace9
  board={{3,1,9,6,7,8,4,5,2},{4,6,7,5,9,2,1,8,3},{5,8,2,1,3,4,9,6,7},{6,5,3,2,8,9,7,1,4},{7,2,8,3,4,1,6,9,5},{9,4,1,7,5,6,2,3,8},{8,3,4,9,1,7,5,2,6},{1,7,5,0,0,0,0,0,0},{0,0,0,0,0,0,0,0,0}}
]
11:09:44.313 [main] INFO  sudoku.model.SudokuBoard - Wartość 0 wstawiona nieprawidłowo
11:09:44.313 [main] INFO  sudoku.model.SudokuBoard - Bład w kwadracie 0
sudoku.model.SudokuBoard@a84338a[
  size=9
  solver=sudoku.model.BacktrackingSudokuSolver@4070ace9
  board={{3,1,9,6,7,8,4,5,2},{4,6,7,5,9,2,1,8,3},{5,8,2,1,3,4,9,6,7},{6,5,3,2,8,9,7,1,4},{7,2,8,3,4,1,6,9,5},{9,4,1,7,5,6,2,3,8},{8,3,4,9,1,7,5,2,6},{1,7,0,0,0,0,0,0,0},{0,0,0,0,0,0,0,0,0}}
]
11:09:44.313 [main] INFO  sudoku.model.SudokuBoard - Wartość 0 wstawiona nieprawidłowo
11:09:44.314 [main] INFO  sudoku.model.SudokuBoard - Bład w kwadracie 0
sudoku.model.SudokuBoard@a84338a[
  size=9
  solver=sudoku.model.BacktrackingSudokuSolver@4070ace9
  board={{3,1,9,6,7,8,4,5,2},{4,6,7,5,9,2,1,8,3},{5,8,2,1,3,4,9,6,7},{6,5,3,2,8,9,7,1,4},{7,2,8,3,4,1,6,9,5},{9,4,1,7,5,6,2,3,8},{8,3,4,9,1,7,5,2,6},{1,7,6,4,2,3,0,0,0},{0,0,0,0,0,0,0,0,0}}
]
11:09:44.314 [main] INFO  sudoku.model.SudokuBoard - Wartość 0 wstawiona nieprawidłowo
11:09:44.314 [main] INFO  sudoku.model.SudokuBoard - Bład w kwadracie 0
sudoku.model.SudokuBoard@a84338a[
  size=9
  solver=sudoku.model.BacktrackingSudokuSolver@4070ace9
  board={{3,1,9,6,7,8,4,5,2},{4,6,7,5,9,2,1,8,3},{5,8,2,1,3,4,9,6,7},{6,5,3,2,8,9,7,1,4},{7,2,8,3,4,1,6,9,5},{9,4,1,7,5,6,2,3,8},{8,3,4,9,1,7,5,2,6},{1,7,6,4,2,0,0,0,0},{0,0,0,0,0,0,0,0,0}}
]
11:09:44.314 [main] INFO  sudoku.model.SudokuBoard - Wartość 0 wstawiona nieprawidłowo
11:09:44.314 [main] INFO  sudoku.model.SudokuBoard - Bład w kwadracie 0
sudoku.model.SudokuBoard@a84338a[
  size=9
  solver=sudoku.model.BacktrackingSudokuSolver@4070ace9
  board={{3,1,9,6,7,8,4,5,2},{4,6,7,5,9,2,1,8,3},{5,8,2,1,3,4,9,6,7},{6,5,3,2,8,9,7,1,4},{7,2,8,3,4,1,6,9,5},{9,4,1,7,5,6,2,3,8},{8,3,4,9,1,7,5,2,6},{1,7,6,4,2,5,0,0,0},{0,0,0,0,0,0,0,0,0}}
]
11:09:44.315 [main] INFO  sudoku.model.SudokuBoard - Wartość 0 wstawiona nieprawidłowo
11:09:44.315 [main] INFO  sudoku.model.SudokuBoard - Bład w kwadracie 0
sudoku.model.SudokuBoard@a84338a[
  size=9
  solver=sudoku.model.BacktrackingSudokuSolver@4070ace9
  board={{3,1,9,6,7,8,4,5,2},{4,6,7,5,9,2,1,8,3},{5,8,2,1,3,4,9,6,7},{6,5,3,2,8,9,7,1,4},{7,2,8,3,4,1,6,9,5},{9,4,1,7,5,6,2,3,8},{8,3,4,9,1,7,5,2,6},{1,7,6,4,2,5,0,0,0},{0,0,0,0,0,0,0,0,0}}
]
11:09:44.315 [main] INFO  sudoku.model.SudokuBoard - Wartość 0 wstawiona nieprawidłowo
11:09:44.315 [main] INFO  sudoku.model.SudokuBoard - Bład w kwadracie 0
sudoku.model.SudokuBoard@a84338a[
  size=9
  solver=sudoku.model.BacktrackingSudokuSolver@4070ace9
  board={{3,1,9,6,7,8,4,5,2},{4,6,7,5,9,2,1,8,3},{5,8,2,1,3,4,9,6,7},{6,5,3,2,8,9,7,1,4},{7,2,8,3,4,1,6,9,5},{9,4,1,7,5,6,2,3,8},{8,3,4,9,1,7,5,2,6},{1,7,6,4,2,0,0,0,0},{0,0,0,0,0,0,0,0,0}}
]
11:09:44.316 [main] INFO  sudoku.model.SudokuBoard - Wartość 0 wstawiona nieprawidłowo
11:09:44.316 [main] INFO  sudoku.model.SudokuBoard - Bład w kwadracie 0
sudoku.model.SudokuBoard@a84338a[
  size=9
  solver=sudoku.model.BacktrackingSudokuSolver@4070ace9
  board={{3,1,9,6,7,8,4,5,2},{4,6,7,5,9,2,1,8,3},{5,8,2,1,3,4,9,6,7},{6,5,3,2,8,9,7,1,4},{7,2,8,3,4,1,6,9,5},{9,4,1,7,5,6,2,3,8},{8,3,4,9,1,7,5,2,6},{1,7,6,4,0,0,0,0,0},{0,0,0,0,0,0,0,0,0}}
]
11:09:44.317 [main] INFO  sudoku.model.SudokuBoard - Wartość 0 wstawiona nieprawidłowo
11:09:44.317 [main] INFO  sudoku.model.SudokuBoard - Bład w kwadracie 0
sudoku.model.SudokuBoard@a84338a[
  size=9
  solver=sudoku.model.BacktrackingSudokuSolver@4070ace9
  board={{3,1,9,6,7,8,4,5,2},{4,6,7,5,9,2,1,8,3},{5,8,2,1,3,4,9,6,7},{6,5,3,2,8,9,7,1,4},{7,2,8,3,4,1,6,9,5},{9,4,1,7,5,6,2,3,8},{8,3,4,9,1,7,5,2,6},{1,7,6,0,0,0,0,0,0},{0,0,0,0,0,0,0,0,0}}
]
11:09:44.319 [main] INFO  sudoku.model.SudokuBoard - Wartość 0 wstawiona nieprawidłowo
11:09:44.320 [main] INFO  sudoku.model.SudokuBoard - Bład w kwadracie 0
sudoku.model.SudokuBoard@a84338a[
  size=9
  solver=sudoku.model.BacktrackingSudokuSolver@4070ace9
  board={{3,1,9,6,7,8,4,5,2},{4,6,7,5,9,2,1,8,3},{5,8,2,1,3,4,9,6,7},{6,5,3,2,8,9,7,1,4},{7,2,8,3,4,1,6,9,5},{9,4,1,7,5,6,2,3,8},{8,3,4,9,1,7,5,2,6},{1,7,6,8,2,0,0,0,0},{0,0,0,0,0,0,0,0,0}}
]
11:09:44.320 [main] INFO  sudoku.model.SudokuBoard - Wartość 0 wstawiona nieprawidłowo
11:09:44.320 [main] INFO  sudoku.model.SudokuBoard - Bład w kwadracie 0
sudoku.model.SudokuBoard@1f9a7684[
  size=9
  solver=sudoku.model.BacktrackingSudokuSolver@3b30eec5
  board={{5,6,7,8,9,1,3,4,2},{3,8,2,4,5,6,9,7,1},{9,4,1,2,3,7,8,5,6},{1,2,8,6,4,9,5,3,7},{6,3,9,1,7,5,2,8,4},{4,0,0,0,0,0,0,0,0},{0,0,0,0,0,0,0,0,0},{0,0,0,0,0,0,0,0,0},{0,0,0,0,0,0,0,0,0}}
]
11:09:44.321 [main] INFO  sudoku.model.SudokuBoard - Wartość 0 wstawiona nieprawidłowo
11:09:44.321 [main] INFO  sudoku.model.SudokuBoard - Bład w kwadracie 0
sudoku.model.SudokuBoard@1f9a7684[
  size=9
  solver=sudoku.model.BacktrackingSudokuSolver@3b30eec5
  board={{5,6,7,8,9,1,3,4,2},{3,8,2,4,5,6,9,7,1},{9,4,1,2,3,7,8,5,6},{1,2,8,6,4,9,5,3,7},{6,3,9,1,7,5,2,8,4},{4,7,5,3,2,8,1,6,9},{2,9,3,5,6,4,7,1,8},{7,5,4,9,8,2,0,0,0},{0,0,0,0,0,0,0,0,0}}
]
11:09:44.321 [main] INFO  sudoku.model.SudokuBoard - Wartość 0 wstawiona nieprawidłowo
11:09:44.321 [main] INFO  sudoku.model.SudokuBoard - Bład w kwadracie 0
sudoku.model.SudokuBoard@1f9a7684[
  size=9
  solver=sudoku.model.BacktrackingSudokuSolver@3b30eec5
  board={{5,6,7,8,9,1,3,4,2},{3,8,2,4,5,6,9,7,1},{9,4,1,2,3,7,8,5,6},{1,2,8,6,4,9,5,3,7},{6,3,9,1,7,5,2,8,4},{4,7,5,3,2,8,1,6,9},{2,9,3,5,6,4,7,1,8},{7,5,4,9,8,0,0,0,0},{0,0,0,0,0,0,0,0,0}}
]
11:09:44.321 [main] INFO  sudoku.model.SudokuBoard - Wartość 0 wstawiona nieprawidłowo
11:09:44.322 [main] INFO  sudoku.model.SudokuBoard - Bład w kwadracie 0
sudoku.model.SudokuBoard@1f9a7684[
  size=9
  solver=sudoku.model.BacktrackingSudokuSolver@3b30eec5
  board={{5,6,7,8,9,1,3,4,2},{3,8,2,4,5,6,9,7,1},{9,4,1,2,3,7,8,5,6},{1,2,8,6,4,9,5,3,7},{6,3,9,1,7,5,2,8,4},{4,7,5,3,2,8,1,6,9},{2,9,3,5,6,4,7,1,8},{7,5,4,9,8,3,6,0,0},{0,0,0,0,0,0,0,0,0}}
]
11:09:44.322 [main] INFO  sudoku.model.SudokuBoard - Wartość 0 wstawiona nieprawidłowo
11:09:44.322 [main] INFO  sudoku.model.SudokuBoard - Bład w kwadracie 0
sudoku.model.SudokuBoard@1f9a7684[
  size=9
  solver=sudoku.model.BacktrackingSudokuSolver@3b30eec5
  board={{5,6,7,8,9,1,3,4,2},{3,8,2,4,5,6,9,7,1},{9,4,1,2,3,7,8,5,6},{1,2,8,6,4,9,5,3,7},{6,3,9,1,7,5,2,8,4},{4,7,5,3,2,8,1,6,9},{2,9,3,5,6,4,7,1,8},{7,5,4,9,8,3,0,0,0},{0,0,0,0,0,0,0,0,0}}
]
11:09:44.322 [main] INFO  sudoku.model.SudokuBoard - Wartość 0 wstawiona nieprawidłowo
11:09:44.322 [main] INFO  sudoku.model.SudokuBoard - Bład w kwadracie 0
sudoku.model.SudokuBoard@1f9a7684[
  size=9
  solver=sudoku.model.BacktrackingSudokuSolver@3b30eec5
  board={{5,6,7,8,9,1,3,4,2},{3,8,2,4,5,6,9,7,1},{9,4,1,2,3,7,8,5,6},{1,2,8,6,4,9,5,3,7},{6,3,9,1,7,5,2,8,4},{4,7,5,3,2,8,1,6,9},{2,9,3,5,6,4,7,1,8},{7,5,4,9,8,0,0,0,0},{0,0,0,0,0,0,0,0,0}}
]
11:09:44.322 [main] INFO  sudoku.model.SudokuBoard - Wartość 0 wstawiona nieprawidłowo
11:09:44.323 [main] INFO  sudoku.model.SudokuBoard - Bład w kwadracie 0
sudoku.model.SudokuBoard@1f9a7684[
  size=9
  solver=sudoku.model.BacktrackingSudokuSolver@3b30eec5
  board={{5,6,7,8,9,1,3,4,2},{3,8,2,4,5,6,9,7,1},{9,4,1,2,3,7,8,5,6},{1,2,8,6,4,9,5,3,7},{6,3,9,1,7,5,2,8,4},{4,7,5,3,2,8,1,6,9},{2,9,3,5,6,4,7,1,8},{7,5,4,9,0,0,0,0,0},{0,0,0,0,0,0,0,0,0}}
]
11:09:44.323 [main] INFO  sudoku.model.SudokuBoard - Wartość 0 wstawiona nieprawidłowo
11:09:44.323 [main] INFO  sudoku.model.SudokuBoard - Bład w kwadracie 0
sudoku.model.SudokuBoard@1f9a7684[
  size=9
  solver=sudoku.model.BacktrackingSudokuSolver@3b30eec5
  board={{5,6,7,8,9,1,3,4,2},{3,8,2,4,5,6,9,7,1},{9,4,1,2,3,7,8,5,6},{1,2,8,6,4,9,5,3,7},{6,3,9,1,7,5,2,8,4},{4,7,5,3,2,8,1,6,9},{2,9,3,5,6,4,7,1,8},{7,5,4,9,1,2,0,0,0},{0,0,0,0,0,0,0,0,0}}
]
11:09:44.323 [main] INFO  sudoku.model.SudokuBoard - Wartość 0 wstawiona nieprawidłowo
11:09:44.323 [main] INFO  sudoku.model.SudokuBoard - Bład w kwadracie 0
sudoku.model.SudokuBoard@1f9a7684[
  size=9
  solver=sudoku.model.BacktrackingSudokuSolver@3b30eec5
  board={{5,6,7,8,9,1,3,4,2},{3,8,2,4,5,6,9,7,1},{9,4,1,2,3,7,8,5,6},{1,2,8,6,4,9,5,3,7},{6,3,9,1,7,5,2,8,4},{4,7,5,3,2,8,1,6,9},{2,9,3,5,6,4,7,1,8},{7,5,4,9,1,0,0,0,0},{0,0,0,0,0,0,0,0,0}}
]
11:09:44.323 [main] INFO  sudoku.model.SudokuBoard - Wartość 0 wstawiona nieprawidłowo
11:09:44.324 [main] INFO  sudoku.model.SudokuBoard - Bład w kwadracie 0
sudoku.model.SudokuBoard@1f9a7684[
  size=9
  solver=sudoku.model.BacktrackingSudokuSolver@3b30eec5
  board={{5,6,7,8,9,1,3,4,2},{3,8,2,4,5,6,9,7,1},{9,4,1,2,3,7,8,5,6},{1,2,8,6,4,9,5,3,7},{6,3,9,1,7,5,2,8,4},{4,7,5,3,2,8,1,6,9},{2,9,3,5,6,4,7,1,8},{7,5,4,9,1,3,6,0,0},{0,0,0,0,0,0,0,0,0}}
]
11:09:44.324 [main] INFO  sudoku.model.SudokuBoard - Wartość 0 wstawiona nieprawidłowo
11:09:44.324 [main] INFO  sudoku.model.SudokuBoard - Bład w kwadracie 0
sudoku.model.SudokuBoard@1f9a7684[
  size=9
  solver=sudoku.model.BacktrackingSudokuSolver@3b30eec5
  board={{5,6,7,8,9,1,3,4,2},{3,8,2,4,5,6,9,7,1},{9,4,1,2,3,7,8,5,6},{1,2,8,6,4,9,5,3,7},{6,3,9,1,7,5,2,8,4},{4,7,5,3,2,8,1,6,9},{2,9,3,5,6,4,7,1,8},{7,5,4,9,1,3,0,0,0},{0,0,0,0,0,0,0,0,0}}
]
11:09:44.324 [main] INFO  sudoku.model.SudokuBoard - Wartość 0 wstawiona nieprawidłowo
11:09:44.324 [main] INFO  sudoku.model.SudokuBoard - Bład w kwadracie 0
sudoku.model.SudokuBoard@1f9a7684[
  size=9
  solver=sudoku.model.BacktrackingSudokuSolver@3b30eec5
  board={{5,6,7,8,9,1,3,4,2},{3,8,2,4,5,6,9,7,1},{9,4,1,2,3,7,8,5,6},{1,2,8,6,4,9,5,3,7},{6,3,9,1,7,5,2,8,4},{4,7,5,3,2,8,1,6,9},{2,9,3,5,6,4,7,1,8},{7,5,4,9,1,0,0,0,0},{0,0,0,0,0,0,0,0,0}}
]
11:09:44.324 [main] INFO  sudoku.model.SudokuBoard - Wartość 0 wstawiona nieprawidłowo
11:09:44.324 [main] INFO  sudoku.model.SudokuBoard - Bład w kwadracie 0
sudoku.model.SudokuBoard@1f9a7684[
  size=9
  solver=sudoku.model.BacktrackingSudokuSolver@3b30eec5
  board={{5,6,7,8,9,1,3,4,2},{3,8,2,4,5,6,9,7,1},{9,4,1,2,3,7,8,5,6},{1,2,8,6,4,9,5,3,7},{6,3,9,1,7,5,2,8,4},{4,7,5,3,2,8,1,6,9},{2,9,3,5,6,4,7,1,8},{7,5,4,9,0,0,0,0,0},{0,0,0,0,0,0,0,0,0}}
]
11:09:44.325 [main] INFO  sudoku.model.SudokuBoard - Wartość 0 wstawiona nieprawidłowo
11:09:44.326 [main] INFO  sudoku.model.SudokuBoard - Bład w kwadracie 0
sudoku.model.SudokuBoard@1f9a7684[
  size=9
  solver=sudoku.model.BacktrackingSudokuSolver@3b30eec5
  board={{5,6,7,8,9,1,3,4,2},{3,8,2,4,5,6,9,7,1},{9,4,1,2,3,7,8,5,6},{1,2,8,6,4,9,5,3,7},{6,3,9,1,7,5,2,8,4},{4,7,5,3,2,8,1,6,9},{2,9,3,5,6,4,7,1,8},{7,5,4,0,0,0,0,0,0},{0,0,0,0,0,0,0,0,0}}
]
11:09:44.326 [main] INFO  sudoku.model.SudokuBoard - Wartość 0 wstawiona nieprawidłowo
11:09:44.327 [main] INFO  sudoku.model.SudokuBoard - Bład w kwadracie 0
sudoku.model.SudokuBoard@1f9a7684[
  size=9
  solver=sudoku.model.BacktrackingSudokuSolver@3b30eec5
  board={{5,6,7,8,9,1,3,4,2},{3,8,2,4,5,6,9,7,1},{9,4,1,2,3,7,8,5,6},{1,2,8,6,4,9,5,3,7},{6,3,9,1,7,5,2,8,4},{4,7,5,3,2,8,1,6,9},{2,9,3,5,6,4,7,1,8},{7,5,0,0,0,0,0,0,0},{0,0,0,0,0,0,0,0,0}}
]
11:09:44.327 [main] INFO  sudoku.model.SudokuBoard - Wartość 0 wstawiona nieprawidłowo
11:09:44.329 [main] INFO  sudoku.model.SudokuBoard - Bład w kwadracie 0
sudoku.model.SudokuBoard@1f9a7684[
  size=9
  solver=sudoku.model.BacktrackingSudokuSolver@3b30eec5
  board={{5,6,7,8,9,1,3,4,2},{3,8,2,4,5,6,9,7,1},{9,4,1,2,3,7,8,5,6},{1,2,8,6,4,9,5,3,7},{6,3,9,1,7,5,2,8,4},{4,7,5,3,2,8,1,6,9},{2,9,3,5,6,4,7,1,8},{7,5,6,9,8,2,0,0,0},{0,0,0,0,0,0,0,0,0}}
]
11:09:44.330 [main] INFO  sudoku.model.SudokuBoard - Wartość 0 wstawiona nieprawidłowo
11:09:44.331 [main] INFO  sudoku.model.SudokuBoard - Bład w kwadracie 0
sudoku.model.SudokuBoard@1f9a7684[
  size=9
  solver=sudoku.model.BacktrackingSudokuSolver@3b30eec5
  board={{5,6,7,8,9,1,3,4,2},{3,8,2,4,5,6,9,7,1},{9,4,1,2,3,7,8,5,6},{1,2,8,6,4,9,5,3,7},{6,3,9,1,7,5,2,8,4},{4,7,5,3,2,8,1,6,9},{2,9,3,5,6,4,7,1,8},{7,5,6,9,8,0,0,0,0},{0,0,0,0,0,0,0,0,0}}
]
11:09:44.331 [main] INFO  sudoku.model.SudokuBoard - Wartość 0 wstawiona nieprawidłowo
11:09:44.331 [main] INFO  sudoku.model.SudokuBoard - Bład w kwadracie 0
sudoku.model.SudokuBoard@1f9a7684[
  size=9
  solver=sudoku.model.BacktrackingSudokuSolver@3b30eec5
  board={{5,6,7,8,9,1,3,4,2},{3,8,2,4,5,6,9,7,1},{9,4,1,2,3,7,8,5,6},{1,2,8,6,4,9,5,3,7},{6,3,9,1,7,5,2,8,4},{4,7,5,3,2,8,1,6,9},{2,9,3,5,6,4,7,1,8},{7,5,6,9,8,3,4,0,0},{0,0,0,0,0,0,0,0,0}}
]
11:09:44.331 [main] INFO  sudoku.model.SudokuBoard - Wartość 0 wstawiona nieprawidłowo
11:09:44.332 [main] INFO  sudoku.model.SudokuBoard - Bład w kwadracie 0
sudoku.model.SudokuBoard@1f9a7684[
  size=9
  solver=sudoku.model.BacktrackingSudokuSolver@3b30eec5
  board={{5,6,7,8,9,1,3,4,2},{3,8,2,4,5,6,9,7,1},{9,4,1,2,3,7,8,5,6},{1,2,8,6,4,9,5,3,7},{6,3,9,1,7,5,2,8,4},{4,7,5,3,2,8,1,6,9},{2,9,3,5,6,4,7,1,8},{7,5,6,9,8,3,0,0,0},{0,0,0,0,0,0,0,0,0}}
]
11:09:44.332 [main] INFO  sudoku.model.SudokuBoard - Wartość 0 wstawiona nieprawidłowo
11:09:44.333 [main] INFO  sudoku.model.SudokuBoard - Bład w kwadracie 0
sudoku.model.SudokuBoard@1f9a7684[
  size=9
  solver=sudoku.model.BacktrackingSudokuSolver@3b30eec5
  board={{5,6,7,8,9,1,3,4,2},{3,8,2,4,5,6,9,7,1},{9,4,1,2,3,7,8,5,6},{1,2,8,6,4,9,5,3,7},{6,3,9,1,7,5,2,8,4},{4,7,5,3,2,8,1,6,9},{2,9,3,5,6,4,7,1,8},{7,5,6,9,8,0,0,0,0},{0,0,0,0,0,0,0,0,0}}
]
11:09:44.333 [main] INFO  sudoku.model.SudokuBoard - Wartość 0 wstawiona nieprawidłowo
11:09:44.333 [main] INFO  sudoku.model.SudokuBoard - Bład w kwadracie 0
sudoku.model.SudokuBoard@1f9a7684[
  size=9
  solver=sudoku.model.BacktrackingSudokuSolver@3b30eec5
  board={{5,6,7,8,9,1,3,4,2},{3,8,2,4,5,6,9,7,1},{9,4,1,2,3,7,8,5,6},{1,2,8,6,4,9,5,3,7},{6,3,9,1,7,5,2,8,4},{4,7,5,3,2,8,1,6,9},{2,9,3,5,6,4,7,1,8},{7,5,6,9,0,0,0,0,0},{0,0,0,0,0,0,0,0,0}}
]
11:09:44.334 [main] INFO  sudoku.model.SudokuBoard - Wartość 0 wstawiona nieprawidłowo
11:09:44.334 [main] INFO  sudoku.model.SudokuBoard - Bład w kwadracie 0
sudoku.model.SudokuBoard@1f9a7684[
  size=9
  solver=sudoku.model.BacktrackingSudokuSolver@3b30eec5
  board={{5,6,7,8,9,1,3,4,2},{3,8,2,4,5,6,9,7,1},{9,4,1,2,3,7,8,5,6},{1,2,8,6,4,9,5,3,7},{6,3,9,1,7,5,2,8,4},{4,7,5,3,2,8,1,6,9},{2,9,3,5,6,4,7,1,8},{7,5,6,9,1,2,0,0,0},{0,0,0,0,0,0,0,0,0}}
]
11:09:44.334 [main] INFO  sudoku.model.SudokuBoard - Wartość 0 wstawiona nieprawidłowo
11:09:44.334 [main] INFO  sudoku.model.SudokuBoard - Bład w kwadracie 0
sudoku.model.SudokuBoard@1f9a7684[
  size=9
  solver=sudoku.model.BacktrackingSudokuSolver@3b30eec5
  board={{5,6,7,8,9,1,3,4,2},{3,8,2,4,5,6,9,7,1},{9,4,1,2,3,7,8,5,6},{1,2,8,6,4,9,5,3,7},{6,3,9,1,7,5,2,8,4},{4,7,5,3,2,8,1,6,9},{2,9,3,5,6,4,7,1,8},{7,5,6,9,1,0,0,0,0},{0,0,0,0,0,0,0,0,0}}
]
11:09:44.335 [main] INFO  sudoku.model.SudokuBoard - Wartość 0 wstawiona nieprawidłowo
11:09:44.335 [main] INFO  sudoku.model.SudokuBoard - Bład w kwadracie 0
sudoku.model.SudokuBoard@1f9a7684[
  size=9
  solver=sudoku.model.BacktrackingSudokuSolver@3b30eec5
  board={{5,6,7,8,9,1,3,4,2},{3,8,2,4,5,6,9,7,1},{9,4,1,2,3,7,8,5,6},{1,2,8,6,4,9,5,3,7},{6,3,9,1,7,5,2,8,4},{4,7,5,3,2,8,1,6,9},{2,9,3,5,6,4,7,1,8},{7,5,6,9,1,3,4,0,0},{0,0,0,0,0,0,0,0,0}}
]
11:09:44.335 [main] INFO  sudoku.model.SudokuBoard - Wartość 0 wstawiona nieprawidłowo
11:09:44.335 [main] INFO  sudoku.model.SudokuBoard - Bład w kwadracie 0
sudoku.model.SudokuBoard@1f9a7684[
  size=9
  solver=sudoku.model.BacktrackingSudokuSolver@3b30eec5
  board={{5,6,7,8,9,1,3,4,2},{3,8,2,4,5,6,9,7,1},{9,4,1,2,3,7,8,5,6},{1,2,8,6,4,9,5,3,7},{6,3,9,1,7,5,2,8,4},{4,7,5,3,2,8,1,6,9},{2,9,3,5,6,4,7,1,8},{7,5,6,9,1,3,0,0,0},{0,0,0,0,0,0,0,0,0}}
]
11:09:44.335 [main] INFO  sudoku.model.SudokuBoard - Wartość 0 wstawiona nieprawidłowo
11:09:44.336 [main] INFO  sudoku.model.SudokuBoard - Bład w kwadracie 0
sudoku.model.SudokuBoard@1f9a7684[
  size=9
  solver=sudoku.model.BacktrackingSudokuSolver@3b30eec5
  board={{5,6,7,8,9,1,3,4,2},{3,8,2,4,5,6,9,7,1},{9,4,1,2,3,7,8,5,6},{1,2,8,6,4,9,5,3,7},{6,3,9,1,7,5,2,8,4},{4,7,5,3,2,8,1,6,9},{2,9,3,5,6,4,7,1,8},{7,5,6,9,1,0,0,0,0},{0,0,0,0,0,0,0,0,0}}
]
11:09:44.336 [main] INFO  sudoku.model.SudokuBoard - Wartość 0 wstawiona nieprawidłowo
11:09:44.336 [main] INFO  sudoku.model.SudokuBoard - Bład w kwadracie 0
sudoku.model.SudokuBoard@1f9a7684[
  size=9
  solver=sudoku.model.BacktrackingSudokuSolver@3b30eec5
  board={{5,6,7,8,9,1,3,4,2},{3,8,2,4,5,6,9,7,1},{9,4,1,2,3,7,8,5,6},{1,2,8,6,4,9,5,3,7},{6,3,9,1,7,5,2,8,4},{4,7,5,3,2,8,1,6,9},{2,9,3,5,6,4,7,1,8},{7,5,6,9,0,0,0,0,0},{0,0,0,0,0,0,0,0,0}}
]
11:09:44.336 [main] INFO  sudoku.model.SudokuBoard - Wartość 0 wstawiona nieprawidłowo
11:09:44.336 [main] INFO  sudoku.model.SudokuBoard - Bład w kwadracie 0
sudoku.model.SudokuBoard@1f9a7684[
  size=9
  solver=sudoku.model.BacktrackingSudokuSolver@3b30eec5
  board={{5,6,7,8,9,1,3,4,2},{3,8,2,4,5,6,9,7,1},{9,4,1,2,3,7,8,5,6},{1,2,8,6,4,9,5,3,7},{6,3,9,1,7,5,2,8,4},{4,7,5,3,2,8,1,6,9},{2,9,3,5,6,4,7,1,8},{7,5,6,0,0,0,0,0,0},{0,0,0,0,0,0,0,0,0}}
]
11:09:44.336 [main] INFO  sudoku.model.SudokuBoard - Wartość 0 wstawiona nieprawidłowo
11:09:44.336 [main] INFO  sudoku.model.SudokuBoard - Bład w kwadracie 0
sudoku.model.SudokuBoard@1f9a7684[
  size=9
  solver=sudoku.model.BacktrackingSudokuSolver@3b30eec5
  board={{5,6,7,8,9,1,3,4,2},{3,8,2,4,5,6,9,7,1},{9,4,1,2,3,7,8,5,6},{1,2,8,6,4,9,5,3,7},{6,3,9,1,7,5,2,8,4},{4,7,5,3,2,8,1,6,9},{2,9,3,5,6,4,7,1,8},{7,5,0,0,0,0,0,0,0},{0,0,0,0,0,0,0,0,0}}
]
11:09:44.337 [main] INFO  sudoku.model.SudokuBoard - Wartość 0 wstawiona nieprawidłowo
11:09:44.337 [main] INFO  sudoku.model.SudokuBoard - Bład w kwadracie 0
sudoku.model.SudokuBoard@1f9a7684[
  size=9
  solver=sudoku.model.BacktrackingSudokuSolver@3b30eec5
  board={{5,6,7,8,9,1,3,4,2},{3,8,2,4,5,6,9,7,1},{9,4,1,2,3,7,8,5,6},{1,2,8,6,4,9,5,3,7},{6,3,9,1,7,5,2,8,4},{4,7,5,3,2,8,1,6,9},{2,9,3,5,6,4,7,1,8},{7,0,0,0,0,0,0,0,0},{0,0,0,0,0,0,0,0,0}}
]
11:09:44.338 [main] INFO  sudoku.model.SudokuBoard - Wartość 0 wstawiona nieprawidłowo
11:09:44.340 [main] INFO  sudoku.model.SudokuBoard - Bład w kwadracie 0
sudoku.model.SudokuBoard@1f9a7684[
  size=9
  solver=sudoku.model.BacktrackingSudokuSolver@3b30eec5
  board={{5,6,7,8,9,1,3,4,2},{3,8,2,4,5,6,9,7,1},{9,4,1,2,3,7,8,5,6},{1,2,8,6,4,9,5,3,7},{6,3,9,1,7,5,2,8,4},{4,7,5,3,2,8,1,6,9},{2,9,3,5,6,4,7,1,8},{7,1,4,9,8,2,0,0,0},{0,0,0,0,0,0,0,0,0}}
]
11:09:44.341 [main] INFO  sudoku.model.SudokuBoard - Wartość 0 wstawiona nieprawidłowo
11:09:44.341 [main] INFO  sudoku.model.SudokuBoard - Bład w kwadracie 0
sudoku.model.SudokuBoard@1f9a7684[
  size=9
  solver=sudoku.model.BacktrackingSudokuSolver@3b30eec5
  board={{5,6,7,8,9,1,3,4,2},{3,8,2,4,5,6,9,7,1},{9,4,1,2,3,7,8,5,6},{1,2,8,6,4,9,5,3,7},{6,3,9,1,7,5,2,8,4},{4,7,5,3,2,8,1,6,9},{2,9,3,5,6,4,7,1,8},{7,1,4,9,8,0,0,0,0},{0,0,0,0,0,0,0,0,0}}
]
11:09:44.341 [main] INFO  sudoku.model.SudokuBoard - Wartość 0 wstawiona nieprawidłowo
]]></system-out>
  </testcase>
  <testcase name="testToString" classname="sudoku.model.SeriesTest" time="0.016">
    <system-out><![CDATA[11:09:44.346 [main] INFO  sudoku.model.SudokuBoard - Bład w kwadracie 0
sudoku.model.SudokuBoard@3f1158ee[
  size=9
  solver=sudoku.model.BacktrackingSudokuSolver@6463da36
  board={{8,7,2,9,4,1,3,5,6},{3,5,4,6,7,2,1,8,9},{9,1,6,3,5,8,7,2,4},{1,9,5,2,6,3,4,7,8},{7,2,3,8,9,4,5,6,1},{4,6,8,5,1,7,9,3,2},{2,4,7,1,3,5,6,0,0},{0,0,0,0,0,0,0,0,0},{0,0,0,0,0,0,0,0,0}}
]
11:09:44.346 [main] INFO  sudoku.model.SudokuBoard - Wartość 0 wstawiona nieprawidłowo
11:09:44.346 [main] INFO  sudoku.model.SudokuBoard - Bład w kwadracie 0
sudoku.model.SudokuBoard@3f1158ee[
  size=9
  solver=sudoku.model.BacktrackingSudokuSolver@6463da36
  board={{8,7,2,9,4,1,3,5,6},{3,5,4,6,7,2,1,8,9},{9,1,6,3,5,8,7,2,4},{1,9,5,2,6,3,4,7,8},{7,2,3,8,9,4,5,6,1},{4,6,8,5,1,7,9,3,2},{2,4,7,1,3,5,0,0,0},{0,0,0,0,0,0,0,0,0},{0,0,0,0,0,0,0,0,0}}
]
11:09:44.346 [main] INFO  sudoku.model.SudokuBoard - Wartość 0 wstawiona nieprawidłowo
11:09:44.346 [main] INFO  sudoku.model.SudokuBoard - Bład w kwadracie 0
sudoku.model.SudokuBoard@3f1158ee[
  size=9
  solver=sudoku.model.BacktrackingSudokuSolver@6463da36
  board={{8,7,2,9,4,1,3,5,6},{3,5,4,6,7,2,1,8,9},{9,1,6,3,5,8,7,2,4},{1,9,5,2,6,3,4,7,8},{7,2,3,8,9,4,5,6,1},{4,6,8,5,1,7,9,3,2},{2,4,7,1,3,5,8,0,0},{0,0,0,0,0,0,0,0,0},{0,0,0,0,0,0,0,0,0}}
]
11:09:44.346 [main] INFO  sudoku.model.SudokuBoard - Wartość 0 wstawiona nieprawidłowo
11:09:44.347 [main] INFO  sudoku.model.SudokuBoard - Bład w kwadracie 0
sudoku.model.SudokuBoard@3f1158ee[
  size=9
  solver=sudoku.model.BacktrackingSudokuSolver@6463da36
  board={{8,7,2,9,4,1,3,5,6},{3,5,4,6,7,2,1,8,9},{9,1,6,3,5,8,7,2,4},{1,9,5,2,6,3,4,7,8},{7,2,3,8,9,4,5,6,1},{4,6,8,5,1,7,9,3,2},{2,4,7,1,3,5,0,0,0},{0,0,0,0,0,0,0,0,0},{0,0,0,0,0,0,0,0,0}}
]
11:09:44.351 [main] INFO  sudoku.model.SudokuBoard - Wartość 0 wstawiona nieprawidłowo
11:09:44.355 [main] INFO  sudoku.model.SudokuBoard - Bład w kwadracie 0
sudoku.model.SudokuBoard@3f1158ee[
  size=9
  solver=sudoku.model.BacktrackingSudokuSolver@6463da36
  board={{8,7,2,9,4,1,3,5,6},{3,5,4,6,7,2,1,8,9},{9,1,6,3,5,8,7,2,4},{1,9,5,2,6,3,4,7,8},{7,2,3,8,9,4,5,6,1},{4,6,8,5,1,7,9,3,2},{2,4,7,1,3,0,0,0,0},{0,0,0,0,0,0,0,0,0},{0,0,0,0,0,0,0,0,0}}
]
11:09:44.355 [main] INFO  sudoku.model.SudokuBoard - Wartość 0 wstawiona nieprawidłowo
11:09:44.355 [main] INFO  sudoku.model.SudokuBoard - Bład w kwadracie 0
sudoku.model.SudokuBoard@3f1158ee[
  size=9
  solver=sudoku.model.BacktrackingSudokuSolver@6463da36
  board={{8,7,2,9,4,1,3,5,6},{3,5,4,6,7,2,1,8,9},{9,1,6,3,5,8,7,2,4},{1,9,5,2,6,3,4,7,8},{7,2,3,8,9,4,5,6,1},{4,6,8,5,1,7,9,3,2},{2,4,7,1,3,6,8,9,5},{5,8,9,4,0,0,0,0,0},{0,0,0,0,0,0,0,0,0}}
]
11:09:44.355 [main] INFO  sudoku.model.SudokuBoard - Wartość 0 wstawiona nieprawidłowo
11:09:44.355 [main] INFO  sudoku.model.SudokuBoard - Bład w kwadracie 0
sudoku.model.SudokuBoard@3f1158ee[
  size=9
  solver=sudoku.model.BacktrackingSudokuSolver@6463da36
  board={{8,7,2,9,4,1,3,5,6},{3,5,4,6,7,2,1,8,9},{9,1,6,3,5,8,7,2,4},{1,9,5,2,6,3,4,7,8},{7,2,3,8,9,4,5,6,1},{4,6,8,5,1,7,9,3,2},{2,4,7,1,3,6,8,9,5},{5,8,9,0,0,0,0,0,0},{0,0,0,0,0,0,0,0,0}}
]
11:09:44.356 [main] INFO  sudoku.model.SudokuBoard - Wartość 0 wstawiona nieprawidłowo
11:09:44.356 [main] INFO  sudoku.model.SudokuBoard - Bład w kwadracie 0
sudoku.model.SudokuBoard@3f1158ee[
  size=9
  solver=sudoku.model.BacktrackingSudokuSolver@6463da36
  board={{8,7,2,9,4,1,3,5,6},{3,5,4,6,7,2,1,8,9},{9,1,6,3,5,8,7,2,4},{1,9,5,2,6,3,4,7,8},{7,2,3,8,9,4,5,6,1},{4,6,8,5,1,7,9,3,2},{2,4,7,1,3,6,8,9,5},{5,8,9,7,0,0,0,0,0},{0,0,0,0,0,0,0,0,0}}
]
11:09:44.356 [main] INFO  sudoku.model.SudokuBoard - Wartość 0 wstawiona nieprawidłowo
11:09:44.356 [main] INFO  sudoku.model.SudokuBoard - Bład w kwadracie 0
sudoku.model.SudokuBoard@3f1158ee[
  size=9
  solver=sudoku.model.BacktrackingSudokuSolver@6463da36
  board={{8,7,2,9,4,1,3,5,6},{3,5,4,6,7,2,1,8,9},{9,1,6,3,5,8,7,2,4},{1,9,5,2,6,3,4,7,8},{7,2,3,8,9,4,5,6,1},{4,6,8,5,1,7,9,3,2},{2,4,7,1,3,6,8,9,5},{5,8,9,0,0,0,0,0,0},{0,0,0,0,0,0,0,0,0}}
]
11:09:44.356 [main] INFO  sudoku.model.SudokuBoard - Wartość 0 wstawiona nieprawidłowo
11:09:44.356 [main] INFO  sudoku.model.SudokuBoard - Bład w kwadracie 0
sudoku.model.SudokuBoard@3f1158ee[
  size=9
  solver=sudoku.model.BacktrackingSudokuSolver@6463da36
  board={{8,7,2,9,4,1,3,5,6},{3,5,4,6,7,2,1,8,9},{9,1,6,3,5,8,7,2,4},{1,9,5,2,6,3,4,7,8},{7,2,3,8,9,4,5,6,1},{4,6,8,5,1,7,9,3,2},{2,4,7,1,3,6,8,9,5},{5,8,0,0,0,0,0,0,0},{0,0,0,0,0,0,0,0,0}}
]
11:09:44.356 [main] INFO  sudoku.model.SudokuBoard - Wartość 0 wstawiona nieprawidłowo
11:09:44.356 [main] INFO  sudoku.model.SudokuBoard - Bład w kwadracie 0
sudoku.model.SudokuBoard@3f1158ee[
  size=9
  solver=sudoku.model.BacktrackingSudokuSolver@6463da36
  board={{8,7,2,9,4,1,3,5,6},{3,5,4,6,7,2,1,8,9},{9,1,6,3,5,8,7,2,4},{1,9,5,2,6,3,4,7,8},{7,2,3,8,9,4,5,6,1},{4,6,8,5,1,7,9,3,2},{2,4,7,1,3,6,8,9,5},{5,8,1,4,2,9,0,0,0},{0,0,0,0,0,0,0,0,0}}
]
11:09:44.356 [main] INFO  sudoku.model.SudokuBoard - Wartość 0 wstawiona nieprawidłowo
11:09:44.356 [main] INFO  sudoku.model.SudokuBoard - Bład w kwadracie 0
sudoku.model.SudokuBoard@3f1158ee[
  size=9
  solver=sudoku.model.BacktrackingSudokuSolver@6463da36
  board={{8,7,2,9,4,1,3,5,6},{3,5,4,6,7,2,1,8,9},{9,1,6,3,5,8,7,2,4},{1,9,5,2,6,3,4,7,8},{7,2,3,8,9,4,5,6,1},{4,6,8,5,1,7,9,3,2},{2,4,7,1,3,6,8,9,5},{5,8,1,4,2,0,0,0,0},{0,0,0,0,0,0,0,0,0}}
]
11:09:44.356 [main] INFO  sudoku.model.SudokuBoard - Wartość 0 wstawiona nieprawidłowo
11:09:44.357 [main] INFO  sudoku.model.SudokuBoard - Bład w kwadracie 0
sudoku.model.SudokuBoard@3f1158ee[
  size=9
  solver=sudoku.model.BacktrackingSudokuSolver@6463da36
  board={{8,7,2,9,4,1,3,5,6},{3,5,4,6,7,2,1,8,9},{9,1,6,3,5,8,7,2,4},{1,9,5,2,6,3,4,7,8},{7,2,3,8,9,4,5,6,1},{4,6,8,5,1,7,9,3,2},{2,4,7,1,3,6,8,9,5},{5,8,1,4,0,0,0,0,0},{0,0,0,0,0,0,0,0,0}}
]
11:09:44.357 [main] INFO  sudoku.model.SudokuBoard - Wartość 0 wstawiona nieprawidłowo
11:09:44.357 [main] INFO  sudoku.model.SudokuBoard - Bład w kwadracie 0
sudoku.model.SudokuBoard@3f1158ee[
  size=9
  solver=sudoku.model.BacktrackingSudokuSolver@6463da36
  board={{8,7,2,9,4,1,3,5,6},{3,5,4,6,7,2,1,8,9},{9,1,6,3,5,8,7,2,4},{1,9,5,2,6,3,4,7,8},{7,2,3,8,9,4,5,6,1},{4,6,8,5,1,7,9,3,2},{2,4,7,1,3,6,8,9,5},{5,8,1,0,0,0,0,0,0},{0,0,0,0,0,0,0,0,0}}
]
11:09:44.357 [main] INFO  sudoku.model.SudokuBoard - Wartość 0 wstawiona nieprawidłowo
]]></system-out>
  </testcase>
  <testcase name="testEqualsDiffrentClass" classname="sudoku.model.SeriesTest" time="0.064">
    <system-out><![CDATA[11:09:44.362 [main] INFO  sudoku.model.SudokuBoard - Bład w kwadracie 0
sudoku.model.SudokuBoard@2f471037[
  size=9
  solver=sudoku.model.BacktrackingSudokuSolver@1d1cfe4
  board={{8,3,4,5,9,6,7,1,2},{5,2,9,7,1,8,4,6,3},{1,6,7,2,3,4,8,5,9},{4,8,1,9,2,7,5,3,6},{9,7,2,3,6,0,0,0,0},{0,0,0,0,0,0,0,0,0},{0,0,0,0,0,0,0,0,0},{0,0,0,0,0,0,0,0,0},{0,0,0,0,0,0,0,0,0}}
]
11:09:44.363 [main] INFO  sudoku.model.SudokuBoard - Wartość 0 wstawiona nieprawidłowo
11:09:44.401 [main] INFO  sudoku.model.SudokuBoard - Bład w kwadracie 0
sudoku.model.SudokuBoard@2f471037[
  size=9
  solver=sudoku.model.BacktrackingSudokuSolver@1d1cfe4
  board={{8,3,4,5,9,6,7,1,2},{5,2,9,7,1,8,4,6,3},{1,6,7,2,3,4,8,5,9},{4,8,1,9,2,7,5,3,6},{9,7,2,3,6,5,1,8,4},{6,5,3,8,4,1,9,0,0},{0,0,0,0,0,0,0,0,0},{0,0,0,0,0,0,0,0,0},{0,0,0,0,0,0,0,0,0}}
]
11:09:44.402 [main] INFO  sudoku.model.SudokuBoard - Wartość 0 wstawiona nieprawidłowo
11:09:44.404 [main] INFO  sudoku.model.SudokuBoard - Bład w kwadracie 0
sudoku.model.SudokuBoard@2f471037[
  size=9
  solver=sudoku.model.BacktrackingSudokuSolver@1d1cfe4
  board={{8,3,4,5,9,6,7,1,2},{5,2,9,7,1,8,4,6,3},{1,6,7,2,3,4,8,5,9},{4,8,1,9,2,7,5,3,6},{9,7,2,3,6,5,1,8,4},{6,5,3,8,4,1,9,2,7},{2,9,5,6,7,0,0,0,0},{0,0,0,0,0,0,0,0,0},{0,0,0,0,0,0,0,0,0}}
]
11:09:44.404 [main] INFO  sudoku.model.SudokuBoard - Wartość 0 wstawiona nieprawidłowo
11:09:44.404 [main] INFO  sudoku.model.SudokuBoard - Bład w kwadracie 0
sudoku.model.SudokuBoard@2f471037[
  size=9
  solver=sudoku.model.BacktrackingSudokuSolver@1d1cfe4
  board={{8,3,4,5,9,6,7,1,2},{5,2,9,7,1,8,4,6,3},{1,6,7,2,3,4,8,5,9},{4,8,1,9,2,7,5,3,6},{9,7,2,3,6,5,1,8,4},{6,5,3,8,4,1,9,2,7},{2,9,5,6,0,0,0,0,0},{0,0,0,0,0,0,0,0,0},{0,0,0,0,0,0,0,0,0}}
]
11:09:44.404 [main] INFO  sudoku.model.SudokuBoard - Wartość 0 wstawiona nieprawidłowo
11:09:44.405 [main] INFO  sudoku.model.SudokuBoard - Bład w kwadracie 0
sudoku.model.SudokuBoard@2f471037[
  size=9
  solver=sudoku.model.BacktrackingSudokuSolver@1d1cfe4
  board={{8,3,4,5,9,6,7,1,2},{5,2,9,7,1,8,4,6,3},{1,6,7,2,3,4,8,5,9},{4,8,1,9,2,7,5,3,6},{9,7,2,3,6,5,1,8,4},{6,5,3,8,4,1,9,2,7},{2,9,5,6,8,0,0,0,0},{0,0,0,0,0,0,0,0,0},{0,0,0,0,0,0,0,0,0}}
]
11:09:44.405 [main] INFO  sudoku.model.SudokuBoard - Wartość 0 wstawiona nieprawidłowo
11:09:44.412 [main] INFO  sudoku.model.SudokuBoard - Bład w kwadracie 0
sudoku.model.SudokuBoard@2f471037[
  size=9
  solver=sudoku.model.BacktrackingSudokuSolver@1d1cfe4
  board={{8,3,4,5,9,6,7,1,2},{5,2,9,7,1,8,4,6,3},{1,6,7,2,3,4,8,5,9},{4,8,1,9,2,7,5,3,6},{9,7,2,3,6,5,1,8,4},{6,5,3,8,4,1,9,2,7},{2,9,5,6,0,0,0,0,0},{0,0,0,0,0,0,0,0,0},{0,0,0,0,0,0,0,0,0}}
]
11:09:44.412 [main] INFO  sudoku.model.SudokuBoard - Wartość 0 wstawiona nieprawidłowo
11:09:44.413 [main] INFO  sudoku.model.SudokuBoard - Bład w kwadracie 0
sudoku.model.SudokuBoard@2f471037[
  size=9
  solver=sudoku.model.BacktrackingSudokuSolver@1d1cfe4
  board={{8,3,4,5,9,6,7,1,2},{5,2,9,7,1,8,4,6,3},{1,6,7,2,3,4,8,5,9},{4,8,1,9,2,7,5,3,6},{9,7,2,3,6,5,1,8,4},{6,5,3,8,4,1,9,2,7},{2,9,5,0,0,0,0,0,0},{0,0,0,0,0,0,0,0,0},{0,0,0,0,0,0,0,0,0}}
]
11:09:44.413 [main] INFO  sudoku.model.SudokuBoard - Wartość 0 wstawiona nieprawidłowo
11:09:44.413 [main] INFO  sudoku.model.SudokuBoard - Bład w kwadracie 0
sudoku.model.SudokuBoard@2f471037[
  size=9
  solver=sudoku.model.BacktrackingSudokuSolver@1d1cfe4
  board={{8,3,4,5,9,6,7,1,2},{5,2,9,7,1,8,4,6,3},{1,6,7,2,3,4,8,5,9},{4,8,1,9,2,7,5,3,6},{9,7,2,3,6,5,1,8,4},{6,5,3,8,4,1,9,2,7},{2,9,5,1,8,3,6,0,0},{0,0,0,0,0,0,0,0,0},{0,0,0,0,0,0,0,0,0}}
]
11:09:44.413 [main] INFO  sudoku.model.SudokuBoard - Wartość 0 wstawiona nieprawidłowo
11:09:44.414 [main] INFO  sudoku.model.SudokuBoard - Bład w kwadracie 0
sudoku.model.SudokuBoard@2f471037[
  size=9
  solver=sudoku.model.BacktrackingSudokuSolver@1d1cfe4
  board={{8,3,4,5,9,6,7,1,2},{5,2,9,7,1,8,4,6,3},{1,6,7,2,3,4,8,5,9},{4,8,1,9,2,7,5,3,6},{9,7,2,3,6,5,1,8,4},{6,5,3,8,4,1,9,2,7},{2,9,5,1,8,3,6,0,0},{0,0,0,0,0,0,0,0,0},{0,0,0,0,0,0,0,0,0}}
]
11:09:44.414 [main] INFO  sudoku.model.SudokuBoard - Wartość 0 wstawiona nieprawidłowo
11:09:44.414 [main] INFO  sudoku.model.SudokuBoard - Bład w kwadracie 0
sudoku.model.SudokuBoard@2f471037[
  size=9
  solver=sudoku.model.BacktrackingSudokuSolver@1d1cfe4
  board={{8,3,4,5,9,6,7,1,2},{5,2,9,7,1,8,4,6,3},{1,6,7,2,3,4,8,5,9},{4,8,1,9,2,7,5,3,6},{9,7,2,3,6,5,1,8,4},{6,5,3,8,4,1,9,2,7},{2,9,5,1,8,3,0,0,0},{0,0,0,0,0,0,0,0,0},{0,0,0,0,0,0,0,0,0}}
]
11:09:44.414 [main] INFO  sudoku.model.SudokuBoard - Wartość 0 wstawiona nieprawidłowo
11:09:44.415 [main] INFO  sudoku.model.SudokuBoard - Bład w kwadracie 0
sudoku.model.SudokuBoard@2f471037[
  size=9
  solver=sudoku.model.BacktrackingSudokuSolver@1d1cfe4
  board={{8,3,4,5,9,6,7,1,2},{5,2,9,7,1,8,4,6,3},{1,6,7,2,3,4,8,5,9},{4,8,1,9,2,7,5,3,6},{9,7,2,3,6,5,1,8,4},{6,5,3,8,4,1,9,2,7},{2,9,5,1,8,0,0,0,0},{0,0,0,0,0,0,0,0,0},{0,0,0,0,0,0,0,0,0}}
]
11:09:44.415 [main] INFO  sudoku.model.SudokuBoard - Wartość 0 wstawiona nieprawidłowo
11:09:44.415 [main] INFO  sudoku.model.SudokuBoard - Bład w kwadracie 0
sudoku.model.SudokuBoard@2f471037[
  size=9
  solver=sudoku.model.BacktrackingSudokuSolver@1d1cfe4
  board={{8,3,4,5,9,6,7,1,2},{5,2,9,7,1,8,4,6,3},{1,6,7,2,3,4,8,5,9},{4,8,1,9,2,7,5,3,6},{9,7,2,3,6,5,1,8,4},{6,5,3,8,4,1,9,2,7},{2,9,5,1,0,0,0,0,0},{0,0,0,0,0,0,0,0,0},{0,0,0,0,0,0,0,0,0}}
]
11:09:44.415 [main] INFO  sudoku.model.SudokuBoard - Wartość 0 wstawiona nieprawidłowo
11:09:44.415 [main] INFO  sudoku.model.SudokuBoard - Bład w kwadracie 0
sudoku.model.SudokuBoard@2f471037[
  size=9
  solver=sudoku.model.BacktrackingSudokuSolver@1d1cfe4
  board={{8,3,4,5,9,6,7,1,2},{5,2,9,7,1,8,4,6,3},{1,6,7,2,3,4,8,5,9},{4,8,1,9,2,7,5,3,6},{9,7,2,3,6,5,1,8,4},{6,5,3,8,4,1,9,2,7},{2,9,5,1,7,3,6,4,8},{7,4,0,0,0,0,0,0,0},{0,0,0,0,0,0,0,0,0}}
]
11:09:44.415 [main] INFO  sudoku.model.SudokuBoard - Wartość 0 wstawiona nieprawidłowo
11:09:44.415 [main] INFO  sudoku.model.SudokuBoard - Bład w kwadracie 0
sudoku.model.SudokuBoard@2f471037[
  size=9
  solver=sudoku.model.BacktrackingSudokuSolver@1d1cfe4
  board={{8,3,4,5,9,6,7,1,2},{5,2,9,7,1,8,4,6,3},{1,6,7,2,3,4,8,5,9},{4,8,1,9,2,7,5,3,6},{9,7,2,3,6,5,1,8,4},{6,5,3,8,4,1,9,2,7},{2,9,5,1,7,3,6,4,8},{7,4,8,6,5,9,0,0,0},{0,0,0,0,0,0,0,0,0}}
]
11:09:44.415 [main] INFO  sudoku.model.SudokuBoard - Wartość 0 wstawiona nieprawidłowo
11:09:44.415 [main] INFO  sudoku.model.SudokuBoard - Bład w kwadracie 0
sudoku.model.SudokuBoard@2f471037[
  size=9
  solver=sudoku.model.BacktrackingSudokuSolver@1d1cfe4
  board={{8,3,4,5,9,6,7,1,2},{5,2,9,7,1,8,4,6,3},{1,6,7,2,3,4,8,5,9},{4,8,1,9,2,7,5,3,6},{9,7,2,3,6,5,1,8,4},{6,5,3,8,4,1,9,2,7},{2,9,5,1,7,3,6,4,8},{7,4,8,6,5,9,0,0,0},{0,0,0,0,0,0,0,0,0}}
]
11:09:44.424 [main] INFO  sudoku.model.SudokuBoard - Wartość 0 wstawiona nieprawidłowo
11:09:44.425 [main] INFO  sudoku.model.SudokuBoard - Bład w kwadracie 0
sudoku.model.SudokuBoard@2f471037[
  size=9
  solver=sudoku.model.BacktrackingSudokuSolver@1d1cfe4
  board={{8,3,4,5,9,6,7,1,2},{5,2,9,7,1,8,4,6,3},{1,6,7,2,3,4,8,5,9},{4,8,1,9,2,7,5,3,6},{9,7,2,3,6,5,1,8,4},{6,5,3,8,4,1,9,2,7},{2,9,5,1,7,3,6,4,8},{7,4,8,6,5,0,0,0,0},{0,0,0,0,0,0,0,0,0}}
]
11:09:44.425 [main] INFO  sudoku.model.SudokuBoard - Wartość 0 wstawiona nieprawidłowo
]]></system-out>
  </testcase>
  <testcase name="testEqualsNull" classname="sudoku.model.SeriesTest" time="0.059">
    <system-out><![CDATA[11:09:44.428 [main] INFO  sudoku.model.SudokuBoard - Bład w kwadracie 0
sudoku.model.SudokuBoard@dae5e0[
  size=9
  solver=sudoku.model.BacktrackingSudokuSolver@59a94d0f
  board={{3,7,1,2,8,9,4,6,5},{2,8,6,3,7,4,9,0,0},{0,0,0,0,0,0,0,0,0},{0,0,0,0,0,0,0,0,0},{0,0,0,0,0,0,0,0,0},{0,0,0,0,0,0,0,0,0},{0,0,0,0,0,0,0,0,0},{0,0,0,0,0,0,0,0,0},{0,0,0,0,0,0,0,0,0}}
]
11:09:44.428 [main] INFO  sudoku.model.SudokuBoard - Wartość 0 wstawiona nieprawidłowo
11:09:44.429 [main] INFO  sudoku.model.SudokuBoard - Bład w kwadracie 0
sudoku.model.SudokuBoard@dae5e0[
  size=9
  solver=sudoku.model.BacktrackingSudokuSolver@59a94d0f
  board={{3,7,1,2,8,9,4,6,5},{2,8,6,3,7,4,0,0,0},{0,0,0,0,0,0,0,0,0},{0,0,0,0,0,0,0,0,0},{0,0,0,0,0,0,0,0,0},{0,0,0,0,0,0,0,0,0},{0,0,0,0,0,0,0,0,0},{0,0,0,0,0,0,0,0,0},{0,0,0,0,0,0,0,0,0}}
]
11:09:44.430 [main] INFO  sudoku.model.SudokuBoard - Wartość 0 wstawiona nieprawidłowo
11:09:44.432 [main] INFO  sudoku.model.SudokuBoard - Bład w kwadracie 0
sudoku.model.SudokuBoard@dae5e0[
  size=9
  solver=sudoku.model.BacktrackingSudokuSolver@59a94d0f
  board={{3,7,1,2,8,9,4,6,5},{2,8,6,3,7,4,1,0,0},{0,0,0,0,0,0,0,0,0},{0,0,0,0,0,0,0,0,0},{0,0,0,0,0,0,0,0,0},{0,0,0,0,0,0,0,0,0},{0,0,0,0,0,0,0,0,0},{0,0,0,0,0,0,0,0,0},{0,0,0,0,0,0,0,0,0}}
]
11:09:44.435 [main] INFO  sudoku.model.SudokuBoard - Wartość 0 wstawiona nieprawidłowo
11:09:44.436 [main] INFO  sudoku.model.SudokuBoard - Bład w kwadracie 0
sudoku.model.SudokuBoard@dae5e0[
  size=9
  solver=sudoku.model.BacktrackingSudokuSolver@59a94d0f
  board={{3,7,1,2,8,9,4,6,5},{2,8,6,3,7,4,0,0,0},{0,0,0,0,0,0,0,0,0},{0,0,0,0,0,0,0,0,0},{0,0,0,0,0,0,0,0,0},{0,0,0,0,0,0,0,0,0},{0,0,0,0,0,0,0,0,0},{0,0,0,0,0,0,0,0,0},{0,0,0,0,0,0,0,0,0}}
]
11:09:44.436 [main] INFO  sudoku.model.SudokuBoard - Wartość 0 wstawiona nieprawidłowo
11:09:44.436 [main] INFO  sudoku.model.SudokuBoard - Bład w kwadracie 0
sudoku.model.SudokuBoard@dae5e0[
  size=9
  solver=sudoku.model.BacktrackingSudokuSolver@59a94d0f
  board={{3,7,1,2,8,9,4,6,5},{2,8,6,3,7,0,0,0,0},{0,0,0,0,0,0,0,0,0},{0,0,0,0,0,0,0,0,0},{0,0,0,0,0,0,0,0,0},{0,0,0,0,0,0,0,0,0},{0,0,0,0,0,0,0,0,0},{0,0,0,0,0,0,0,0,0},{0,0,0,0,0,0,0,0,0}}
]
11:09:44.436 [main] INFO  sudoku.model.SudokuBoard - Wartość 0 wstawiona nieprawidłowo
11:09:44.436 [main] INFO  sudoku.model.SudokuBoard - Bład w kwadracie 0
sudoku.model.SudokuBoard@dae5e0[
  size=9
  solver=sudoku.model.BacktrackingSudokuSolver@59a94d0f
  board={{3,7,1,2,8,9,4,6,5},{2,8,6,3,7,5,9,0,0},{0,0,0,0,0,0,0,0,0},{0,0,0,0,0,0,0,0,0},{0,0,0,0,0,0,0,0,0},{0,0,0,0,0,0,0,0,0},{0,0,0,0,0,0,0,0,0},{0,0,0,0,0,0,0,0,0},{0,0,0,0,0,0,0,0,0}}
]
11:09:44.436 [main] INFO  sudoku.model.SudokuBoard - Wartość 0 wstawiona nieprawidłowo
11:09:44.436 [main] INFO  sudoku.model.SudokuBoard - Bład w kwadracie 0
sudoku.model.SudokuBoard@dae5e0[
  size=9
  solver=sudoku.model.BacktrackingSudokuSolver@59a94d0f
  board={{3,7,1,2,8,9,4,6,5},{2,8,6,3,7,5,0,0,0},{0,0,0,0,0,0,0,0,0},{0,0,0,0,0,0,0,0,0},{0,0,0,0,0,0,0,0,0},{0,0,0,0,0,0,0,0,0},{0,0,0,0,0,0,0,0,0},{0,0,0,0,0,0,0,0,0},{0,0,0,0,0,0,0,0,0}}
]
11:09:44.437 [main] INFO  sudoku.model.SudokuBoard - Wartość 0 wstawiona nieprawidłowo
11:09:44.437 [main] INFO  sudoku.model.SudokuBoard - Bład w kwadracie 0
sudoku.model.SudokuBoard@dae5e0[
  size=9
  solver=sudoku.model.BacktrackingSudokuSolver@59a94d0f
  board={{3,7,1,2,8,9,4,6,5},{2,8,6,3,7,5,1,0,0},{0,0,0,0,0,0,0,0,0},{0,0,0,0,0,0,0,0,0},{0,0,0,0,0,0,0,0,0},{0,0,0,0,0,0,0,0,0},{0,0,0,0,0,0,0,0,0},{0,0,0,0,0,0,0,0,0},{0,0,0,0,0,0,0,0,0}}
]
11:09:44.437 [main] INFO  sudoku.model.SudokuBoard - Wartość 0 wstawiona nieprawidłowo
11:09:44.437 [main] INFO  sudoku.model.SudokuBoard - Bład w kwadracie 0
sudoku.model.SudokuBoard@dae5e0[
  size=9
  solver=sudoku.model.BacktrackingSudokuSolver@59a94d0f
  board={{3,7,1,2,8,9,4,6,5},{2,8,6,3,7,5,0,0,0},{0,0,0,0,0,0,0,0,0},{0,0,0,0,0,0,0,0,0},{0,0,0,0,0,0,0,0,0},{0,0,0,0,0,0,0,0,0},{0,0,0,0,0,0,0,0,0},{0,0,0,0,0,0,0,0,0},{0,0,0,0,0,0,0,0,0}}
]
11:09:44.437 [main] INFO  sudoku.model.SudokuBoard - Wartość 0 wstawiona nieprawidłowo
11:09:44.437 [main] INFO  sudoku.model.SudokuBoard - Bład w kwadracie 0
sudoku.model.SudokuBoard@dae5e0[
  size=9
  solver=sudoku.model.BacktrackingSudokuSolver@59a94d0f
  board={{3,7,1,2,8,9,4,6,5},{2,8,6,3,7,0,0,0,0},{0,0,0,0,0,0,0,0,0},{0,0,0,0,0,0,0,0,0},{0,0,0,0,0,0,0,0,0},{0,0,0,0,0,0,0,0,0},{0,0,0,0,0,0,0,0,0},{0,0,0,0,0,0,0,0,0},{0,0,0,0,0,0,0,0,0}}
]
11:09:44.437 [main] INFO  sudoku.model.SudokuBoard - Wartość 0 wstawiona nieprawidłowo
11:09:44.439 [main] INFO  sudoku.model.SudokuBoard - Bład w kwadracie 0
sudoku.model.SudokuBoard@dae5e0[
  size=9
  solver=sudoku.model.BacktrackingSudokuSolver@59a94d0f
  board={{3,7,1,2,8,9,4,6,5},{2,8,6,3,7,1,0,0,0},{0,0,0,0,0,0,0,0,0},{0,0,0,0,0,0,0,0,0},{0,0,0,0,0,0,0,0,0},{0,0,0,0,0,0,0,0,0},{0,0,0,0,0,0,0,0,0},{0,0,0,0,0,0,0,0,0},{0,0,0,0,0,0,0,0,0}}
]
11:09:44.439 [main] INFO  sudoku.model.SudokuBoard - Wartość 0 wstawiona nieprawidłowo
11:09:44.439 [main] INFO  sudoku.model.SudokuBoard - Bład w kwadracie 0
sudoku.model.SudokuBoard@dae5e0[
  size=9
  solver=sudoku.model.BacktrackingSudokuSolver@59a94d0f
  board={{3,7,1,2,8,9,4,6,5},{2,8,6,3,7,0,0,0,0},{0,0,0,0,0,0,0,0,0},{0,0,0,0,0,0,0,0,0},{0,0,0,0,0,0,0,0,0},{0,0,0,0,0,0,0,0,0},{0,0,0,0,0,0,0,0,0},{0,0,0,0,0,0,0,0,0},{0,0,0,0,0,0,0,0,0}}
]
11:09:44.440 [main] INFO  sudoku.model.SudokuBoard - Wartość 0 wstawiona nieprawidłowo
11:09:44.440 [main] INFO  sudoku.model.SudokuBoard - Bład w kwadracie 0
sudoku.model.SudokuBoard@dae5e0[
  size=9
  solver=sudoku.model.BacktrackingSudokuSolver@59a94d0f
  board={{3,7,1,2,8,9,4,6,5},{2,8,6,3,0,0,0,0,0},{0,0,0,0,0,0,0,0,0},{0,0,0,0,0,0,0,0,0},{0,0,0,0,0,0,0,0,0},{0,0,0,0,0,0,0,0,0},{0,0,0,0,0,0,0,0,0},{0,0,0,0,0,0,0,0,0},{0,0,0,0,0,0,0,0,0}}
]
11:09:44.440 [main] INFO  sudoku.model.SudokuBoard - Wartość 0 wstawiona nieprawidłowo
11:09:44.440 [main] INFO  sudoku.model.SudokuBoard - Bład w kwadracie 0
sudoku.model.SudokuBoard@dae5e0[
  size=9
  solver=sudoku.model.BacktrackingSudokuSolver@59a94d0f
  board={{3,7,1,2,8,9,4,6,5},{2,8,6,3,1,4,7,0,0},{0,0,0,0,0,0,0,0,0},{0,0,0,0,0,0,0,0,0},{0,0,0,0,0,0,0,0,0},{0,0,0,0,0,0,0,0,0},{0,0,0,0,0,0,0,0,0},{0,0,0,0,0,0,0,0,0},{0,0,0,0,0,0,0,0,0}}
]
11:09:44.440 [main] INFO  sudoku.model.SudokuBoard - Wartość 0 wstawiona nieprawidłowo
11:09:44.440 [main] INFO  sudoku.model.SudokuBoard - Bład w kwadracie 0
sudoku.model.SudokuBoard@dae5e0[
  size=9
  solver=sudoku.model.BacktrackingSudokuSolver@59a94d0f
  board={{3,7,1,2,8,9,4,6,5},{2,8,6,3,1,4,0,0,0},{0,0,0,0,0,0,0,0,0},{0,0,0,0,0,0,0,0,0},{0,0,0,0,0,0,0,0,0},{0,0,0,0,0,0,0,0,0},{0,0,0,0,0,0,0,0,0},{0,0,0,0,0,0,0,0,0},{0,0,0,0,0,0,0,0,0}}
]
11:09:44.440 [main] INFO  sudoku.model.SudokuBoard - Wartość 0 wstawiona nieprawidłowo
11:09:44.441 [main] INFO  sudoku.model.SudokuBoard - Bład w kwadracie 0
sudoku.model.SudokuBoard@dae5e0[
  size=9
  solver=sudoku.model.BacktrackingSudokuSolver@59a94d0f
  board={{3,7,1,2,8,9,4,6,5},{2,8,6,3,1,4,9,0,0},{0,0,0,0,0,0,0,0,0},{0,0,0,0,0,0,0,0,0},{0,0,0,0,0,0,0,0,0},{0,0,0,0,0,0,0,0,0},{0,0,0,0,0,0,0,0,0},{0,0,0,0,0,0,0,0,0},{0,0,0,0,0,0,0,0,0}}
]
11:09:44.441 [main] INFO  sudoku.model.SudokuBoard - Wartość 0 wstawiona nieprawidłowo
11:09:44.441 [main] INFO  sudoku.model.SudokuBoard - Bład w kwadracie 0
sudoku.model.SudokuBoard@dae5e0[
  size=9
  solver=sudoku.model.BacktrackingSudokuSolver@59a94d0f
  board={{3,7,1,2,8,9,4,6,5},{2,8,6,3,1,4,0,0,0},{0,0,0,0,0,0,0,0,0},{0,0,0,0,0,0,0,0,0},{0,0,0,0,0,0,0,0,0},{0,0,0,0,0,0,0,0,0},{0,0,0,0,0,0,0,0,0},{0,0,0,0,0,0,0,0,0},{0,0,0,0,0,0,0,0,0}}
]
11:09:44.441 [main] INFO  sudoku.model.SudokuBoard - Wartość 0 wstawiona nieprawidłowo
11:09:44.441 [main] INFO  sudoku.model.SudokuBoard - Bład w kwadracie 0
sudoku.model.SudokuBoard@dae5e0[
  size=9
  solver=sudoku.model.BacktrackingSudokuSolver@59a94d0f
  board={{3,7,1,2,8,9,4,6,5},{2,8,6,3,1,0,0,0,0},{0,0,0,0,0,0,0,0,0},{0,0,0,0,0,0,0,0,0},{0,0,0,0,0,0,0,0,0},{0,0,0,0,0,0,0,0,0},{0,0,0,0,0,0,0,0,0},{0,0,0,0,0,0,0,0,0},{0,0,0,0,0,0,0,0,0}}
]
11:09:44.441 [main] INFO  sudoku.model.SudokuBoard - Wartość 0 wstawiona nieprawidłowo
11:09:44.441 [main] INFO  sudoku.model.SudokuBoard - Bład w kwadracie 0
sudoku.model.SudokuBoard@dae5e0[
  size=9
  solver=sudoku.model.BacktrackingSudokuSolver@59a94d0f
  board={{3,7,1,2,8,9,4,6,5},{2,8,6,3,1,5,7,0,0},{0,0,0,0,0,0,0,0,0},{0,0,0,0,0,0,0,0,0},{0,0,0,0,0,0,0,0,0},{0,0,0,0,0,0,0,0,0},{0,0,0,0,0,0,0,0,0},{0,0,0,0,0,0,0,0,0},{0,0,0,0,0,0,0,0,0}}
]
11:09:44.441 [main] INFO  sudoku.model.SudokuBoard - Wartość 0 wstawiona nieprawidłowo
11:09:44.442 [main] INFO  sudoku.model.SudokuBoard - Bład w kwadracie 0
sudoku.model.SudokuBoard@dae5e0[
  size=9
  solver=sudoku.model.BacktrackingSudokuSolver@59a94d0f
  board={{3,7,1,2,8,9,4,6,5},{2,8,6,3,1,5,0,0,0},{0,0,0,0,0,0,0,0,0},{0,0,0,0,0,0,0,0,0},{0,0,0,0,0,0,0,0,0},{0,0,0,0,0,0,0,0,0},{0,0,0,0,0,0,0,0,0},{0,0,0,0,0,0,0,0,0},{0,0,0,0,0,0,0,0,0}}
]
11:09:44.442 [main] INFO  sudoku.model.SudokuBoard - Wartość 0 wstawiona nieprawidłowo
11:09:44.442 [main] INFO  sudoku.model.SudokuBoard - Bład w kwadracie 0
sudoku.model.SudokuBoard@dae5e0[
  size=9
  solver=sudoku.model.BacktrackingSudokuSolver@59a94d0f
  board={{3,7,1,2,8,9,4,6,5},{2,8,6,3,1,5,9,0,0},{0,0,0,0,0,0,0,0,0},{0,0,0,0,0,0,0,0,0},{0,0,0,0,0,0,0,0,0},{0,0,0,0,0,0,0,0,0},{0,0,0,0,0,0,0,0,0},{0,0,0,0,0,0,0,0,0},{0,0,0,0,0,0,0,0,0}}
]
11:09:44.442 [main] INFO  sudoku.model.SudokuBoard - Wartość 0 wstawiona nieprawidłowo
11:09:44.442 [main] INFO  sudoku.model.SudokuBoard - Bład w kwadracie 0
sudoku.model.SudokuBoard@dae5e0[
  size=9
  solver=sudoku.model.BacktrackingSudokuSolver@59a94d0f
  board={{3,7,1,2,8,9,4,6,5},{2,8,6,3,1,5,0,0,0},{0,0,0,0,0,0,0,0,0},{0,0,0,0,0,0,0,0,0},{0,0,0,0,0,0,0,0,0},{0,0,0,0,0,0,0,0,0},{0,0,0,0,0,0,0,0,0},{0,0,0,0,0,0,0,0,0},{0,0,0,0,0,0,0,0,0}}
]
11:09:44.442 [main] INFO  sudoku.model.SudokuBoard - Wartość 0 wstawiona nieprawidłowo
11:09:44.442 [main] INFO  sudoku.model.SudokuBoard - Bład w kwadracie 0
sudoku.model.SudokuBoard@dae5e0[
  size=9
  solver=sudoku.model.BacktrackingSudokuSolver@59a94d0f
  board={{3,7,1,2,8,9,4,6,5},{2,8,6,3,1,0,0,0,0},{0,0,0,0,0,0,0,0,0},{0,0,0,0,0,0,0,0,0},{0,0,0,0,0,0,0,0,0},{0,0,0,0,0,0,0,0,0},{0,0,0,0,0,0,0,0,0},{0,0,0,0,0,0,0,0,0},{0,0,0,0,0,0,0,0,0}}
]
11:09:44.443 [main] INFO  sudoku.model.SudokuBoard - Wartość 0 wstawiona nieprawidłowo
11:09:44.443 [main] INFO  sudoku.model.SudokuBoard - Bład w kwadracie 0
sudoku.model.SudokuBoard@dae5e0[
  size=9
  solver=sudoku.model.BacktrackingSudokuSolver@59a94d0f
  board={{3,7,1,2,8,9,4,6,5},{2,8,6,3,1,7,0,0,0},{0,0,0,0,0,0,0,0,0},{0,0,0,0,0,0,0,0,0},{0,0,0,0,0,0,0,0,0},{0,0,0,0,0,0,0,0,0},{0,0,0,0,0,0,0,0,0},{0,0,0,0,0,0,0,0,0},{0,0,0,0,0,0,0,0,0}}
]
11:09:44.443 [main] INFO  sudoku.model.SudokuBoard - Wartość 0 wstawiona nieprawidłowo
11:09:44.443 [main] INFO  sudoku.model.SudokuBoard - Bład w kwadracie 0
sudoku.model.SudokuBoard@dae5e0[
  size=9
  solver=sudoku.model.BacktrackingSudokuSolver@59a94d0f
  board={{3,7,1,2,8,9,4,6,5},{2,8,6,3,1,0,0,0,0},{0,0,0,0,0,0,0,0,0},{0,0,0,0,0,0,0,0,0},{0,0,0,0,0,0,0,0,0},{0,0,0,0,0,0,0,0,0},{0,0,0,0,0,0,0,0,0},{0,0,0,0,0,0,0,0,0},{0,0,0,0,0,0,0,0,0}}
]
11:09:44.443 [main] INFO  sudoku.model.SudokuBoard - Wartość 0 wstawiona nieprawidłowo
11:09:44.443 [main] INFO  sudoku.model.SudokuBoard - Bład w kwadracie 0
sudoku.model.SudokuBoard@dae5e0[
  size=9
  solver=sudoku.model.BacktrackingSudokuSolver@59a94d0f
  board={{3,7,1,2,8,9,4,6,5},{2,8,6,3,0,0,0,0,0},{0,0,0,0,0,0,0,0,0},{0,0,0,0,0,0,0,0,0},{0,0,0,0,0,0,0,0,0},{0,0,0,0,0,0,0,0,0},{0,0,0,0,0,0,0,0,0},{0,0,0,0,0,0,0,0,0},{0,0,0,0,0,0,0,0,0}}
]
11:09:44.443 [main] INFO  sudoku.model.SudokuBoard - Wartość 0 wstawiona nieprawidłowo
11:09:44.443 [main] INFO  sudoku.model.SudokuBoard - Bład w kwadracie 0
sudoku.model.SudokuBoard@dae5e0[
  size=9
  solver=sudoku.model.BacktrackingSudokuSolver@59a94d0f
  board={{3,7,1,2,8,9,4,6,5},{2,8,6,3,4,1,7,0,0},{0,0,0,0,0,0,0,0,0},{0,0,0,0,0,0,0,0,0},{0,0,0,0,0,0,0,0,0},{0,0,0,0,0,0,0,0,0},{0,0,0,0,0,0,0,0,0},{0,0,0,0,0,0,0,0,0},{0,0,0,0,0,0,0,0,0}}
]
11:09:44.443 [main] INFO  sudoku.model.SudokuBoard - Wartość 0 wstawiona nieprawidłowo
11:09:44.444 [main] INFO  sudoku.model.SudokuBoard - Bład w kwadracie 0
sudoku.model.SudokuBoard@dae5e0[
  size=9
  solver=sudoku.model.BacktrackingSudokuSolver@59a94d0f
  board={{3,7,1,2,8,9,4,6,5},{2,8,6,3,4,1,0,0,0},{0,0,0,0,0,0,0,0,0},{0,0,0,0,0,0,0,0,0},{0,0,0,0,0,0,0,0,0},{0,0,0,0,0,0,0,0,0},{0,0,0,0,0,0,0,0,0},{0,0,0,0,0,0,0,0,0},{0,0,0,0,0,0,0,0,0}}
]
11:09:44.444 [main] INFO  sudoku.model.SudokuBoard - Wartość 0 wstawiona nieprawidłowo
11:09:44.444 [main] INFO  sudoku.model.SudokuBoard - Bład w kwadracie 0
sudoku.model.SudokuBoard@dae5e0[
  size=9
  solver=sudoku.model.BacktrackingSudokuSolver@59a94d0f
  board={{3,7,1,2,8,9,4,6,5},{2,8,6,3,4,1,9,0,0},{0,0,0,0,0,0,0,0,0},{0,0,0,0,0,0,0,0,0},{0,0,0,0,0,0,0,0,0},{0,0,0,0,0,0,0,0,0},{0,0,0,0,0,0,0,0,0},{0,0,0,0,0,0,0,0,0},{0,0,0,0,0,0,0,0,0}}
]
11:09:44.444 [main] INFO  sudoku.model.SudokuBoard - Wartość 0 wstawiona nieprawidłowo
11:09:44.444 [main] INFO  sudoku.model.SudokuBoard - Bład w kwadracie 0
sudoku.model.SudokuBoard@dae5e0[
  size=9
  solver=sudoku.model.BacktrackingSudokuSolver@59a94d0f
  board={{3,7,1,2,8,9,4,6,5},{2,8,6,3,4,1,0,0,0},{0,0,0,0,0,0,0,0,0},{0,0,0,0,0,0,0,0,0},{0,0,0,0,0,0,0,0,0},{0,0,0,0,0,0,0,0,0},{0,0,0,0,0,0,0,0,0},{0,0,0,0,0,0,0,0,0},{0,0,0,0,0,0,0,0,0}}
]
11:09:44.444 [main] INFO  sudoku.model.SudokuBoard - Wartość 0 wstawiona nieprawidłowo
11:09:44.444 [main] INFO  sudoku.model.SudokuBoard - Bład w kwadracie 0
sudoku.model.SudokuBoard@dae5e0[
  size=9
  solver=sudoku.model.BacktrackingSudokuSolver@59a94d0f
  board={{3,7,1,2,8,9,4,6,5},{2,8,6,3,4,0,0,0,0},{0,0,0,0,0,0,0,0,0},{0,0,0,0,0,0,0,0,0},{0,0,0,0,0,0,0,0,0},{0,0,0,0,0,0,0,0,0},{0,0,0,0,0,0,0,0,0},{0,0,0,0,0,0,0,0,0},{0,0,0,0,0,0,0,0,0}}
]
11:09:44.445 [main] INFO  sudoku.model.SudokuBoard - Wartość 0 wstawiona nieprawidłowo
11:09:44.446 [main] INFO  sudoku.model.SudokuBoard - Bład w kwadracie 0
sudoku.model.SudokuBoard@dae5e0[
  size=9
  solver=sudoku.model.BacktrackingSudokuSolver@59a94d0f
  board={{3,7,1,2,8,9,4,6,5},{2,8,6,3,4,5,7,9,1},{9,4,5,6,1,7,8,2,3},{5,1,8,7,9,2,6,3,4},{4,9,7,5,3,1,2,0,0},{0,0,0,0,0,0,0,0,0},{0,0,0,0,0,0,0,0,0},{0,0,0,0,0,0,0,0,0},{0,0,0,0,0,0,0,0,0}}
]
11:09:44.448 [main] INFO  sudoku.model.SudokuBoard - Wartość 0 wstawiona nieprawidłowo
11:09:44.448 [main] INFO  sudoku.model.SudokuBoard - Bład w kwadracie 0
sudoku.model.SudokuBoard@dae5e0[
  size=9
  solver=sudoku.model.BacktrackingSudokuSolver@59a94d0f
  board={{3,7,1,2,8,9,4,6,5},{2,8,6,3,4,5,7,9,1},{9,4,5,6,1,7,8,2,3},{5,1,8,7,9,2,6,3,4},{4,9,7,5,3,1,0,0,0},{0,0,0,0,0,0,0,0,0},{0,0,0,0,0,0,0,0,0},{0,0,0,0,0,0,0,0,0},{0,0,0,0,0,0,0,0,0}}
]
11:09:44.449 [main] INFO  sudoku.model.SudokuBoard - Wartość 0 wstawiona nieprawidłowo
11:09:44.449 [main] INFO  sudoku.model.SudokuBoard - Bład w kwadracie 0
sudoku.model.SudokuBoard@dae5e0[
  size=9
  solver=sudoku.model.BacktrackingSudokuSolver@59a94d0f
  board={{3,7,1,2,8,9,4,6,5},{2,8,6,3,4,5,7,9,1},{9,4,5,6,1,7,8,2,3},{5,1,8,7,9,2,6,3,4},{4,9,7,5,3,0,0,0,0},{0,0,0,0,0,0,0,0,0},{0,0,0,0,0,0,0,0,0},{0,0,0,0,0,0,0,0,0},{0,0,0,0,0,0,0,0,0}}
]
11:09:44.449 [main] INFO  sudoku.model.SudokuBoard - Wartość 0 wstawiona nieprawidłowo
11:09:44.449 [main] INFO  sudoku.model.SudokuBoard - Bład w kwadracie 0
sudoku.model.SudokuBoard@dae5e0[
  size=9
  solver=sudoku.model.BacktrackingSudokuSolver@59a94d0f
  board={{3,7,1,2,8,9,4,6,5},{2,8,6,3,4,5,7,9,1},{9,4,5,6,1,7,8,2,3},{5,1,8,7,9,2,6,3,4},{4,9,7,5,3,6,1,8,2},{6,2,3,0,0,0,0,0,0},{0,0,0,0,0,0,0,0,0},{0,0,0,0,0,0,0,0,0},{0,0,0,0,0,0,0,0,0}}
]
11:09:44.449 [main] INFO  sudoku.model.SudokuBoard - Wartość 0 wstawiona nieprawidłowo
11:09:44.452 [main] INFO  sudoku.model.SudokuBoard - Bład w kwadracie 0
sudoku.model.SudokuBoard@dae5e0[
  size=9
  solver=sudoku.model.BacktrackingSudokuSolver@59a94d0f
  board={{3,7,1,2,8,9,4,6,5},{2,8,6,3,4,5,7,9,1},{9,4,5,6,1,7,8,2,3},{5,1,8,7,9,2,6,3,4},{4,9,7,5,3,6,1,8,2},{6,2,3,0,0,0,0,0,0},{0,0,0,0,0,0,0,0,0},{0,0,0,0,0,0,0,0,0},{0,0,0,0,0,0,0,0,0}}
]
11:09:44.453 [main] INFO  sudoku.model.SudokuBoard - Wartość 0 wstawiona nieprawidłowo
11:09:44.453 [main] INFO  sudoku.model.SudokuBoard - Bład w kwadracie 0
sudoku.model.SudokuBoard@dae5e0[
  size=9
  solver=sudoku.model.BacktrackingSudokuSolver@59a94d0f
  board={{3,7,1,2,8,9,4,6,5},{2,8,6,3,4,5,7,9,1},{9,4,5,6,1,7,8,2,3},{5,1,8,7,9,2,6,3,4},{4,9,7,5,3,6,1,8,2},{6,2,3,0,0,0,0,0,0},{0,0,0,0,0,0,0,0,0},{0,0,0,0,0,0,0,0,0},{0,0,0,0,0,0,0,0,0}}
]
11:09:44.453 [main] INFO  sudoku.model.SudokuBoard - Wartość 0 wstawiona nieprawidłowo
11:09:44.453 [main] INFO  sudoku.model.SudokuBoard - Bład w kwadracie 0
sudoku.model.SudokuBoard@dae5e0[
  size=9
  solver=sudoku.model.BacktrackingSudokuSolver@59a94d0f
  board={{3,7,1,2,8,9,4,6,5},{2,8,6,3,4,5,7,9,1},{9,4,5,6,1,7,8,2,3},{5,1,8,7,9,2,6,3,4},{4,9,7,5,3,6,1,8,2},{6,2,0,0,0,0,0,0,0},{0,0,0,0,0,0,0,0,0},{0,0,0,0,0,0,0,0,0},{0,0,0,0,0,0,0,0,0}}
]
11:09:44.453 [main] INFO  sudoku.model.SudokuBoard - Wartość 0 wstawiona nieprawidłowo
11:09:44.453 [main] INFO  sudoku.model.SudokuBoard - Bład w kwadracie 0
sudoku.model.SudokuBoard@dae5e0[
  size=9
  solver=sudoku.model.BacktrackingSudokuSolver@59a94d0f
  board={{3,7,1,2,8,9,4,6,5},{2,8,6,3,4,5,7,9,1},{9,4,5,6,1,7,8,2,3},{5,1,8,7,9,2,6,3,4},{4,9,7,5,3,6,1,8,2},{6,0,0,0,0,0,0,0,0},{0,0,0,0,0,0,0,0,0},{0,0,0,0,0,0,0,0,0},{0,0,0,0,0,0,0,0,0}}
]
11:09:44.453 [main] INFO  sudoku.model.SudokuBoard - Wartość 0 wstawiona nieprawidłowo
11:09:44.453 [main] INFO  sudoku.model.SudokuBoard - Bład w kwadracie 0
sudoku.model.SudokuBoard@dae5e0[
  size=9
  solver=sudoku.model.BacktrackingSudokuSolver@59a94d0f
  board={{3,7,1,2,8,9,4,6,5},{2,8,6,3,4,5,7,9,1},{9,4,5,6,1,7,8,2,3},{5,1,8,7,9,2,6,3,4},{4,9,7,5,3,6,1,8,2},{6,3,2,0,0,0,0,0,0},{0,0,0,0,0,0,0,0,0},{0,0,0,0,0,0,0,0,0},{0,0,0,0,0,0,0,0,0}}
]
11:09:44.453 [main] INFO  sudoku.model.SudokuBoard - Wartość 0 wstawiona nieprawidłowo
11:09:44.453 [main] INFO  sudoku.model.SudokuBoard - Bład w kwadracie 0
sudoku.model.SudokuBoard@dae5e0[
  size=9
  solver=sudoku.model.BacktrackingSudokuSolver@59a94d0f
  board={{3,7,1,2,8,9,4,6,5},{2,8,6,3,4,5,7,9,1},{9,4,5,6,1,7,8,2,3},{5,1,8,7,9,2,6,3,4},{4,9,7,5,3,6,1,8,2},{6,3,2,0,0,0,0,0,0},{0,0,0,0,0,0,0,0,0},{0,0,0,0,0,0,0,0,0},{0,0,0,0,0,0,0,0,0}}
]
11:09:44.454 [main] INFO  sudoku.model.SudokuBoard - Wartość 0 wstawiona nieprawidłowo
11:09:44.454 [main] INFO  sudoku.model.SudokuBoard - Bład w kwadracie 0
sudoku.model.SudokuBoard@dae5e0[
  size=9
  solver=sudoku.model.BacktrackingSudokuSolver@59a94d0f
  board={{3,7,1,2,8,9,4,6,5},{2,8,6,3,4,5,7,9,1},{9,4,5,6,1,7,8,2,3},{5,1,8,7,9,2,6,3,4},{4,9,7,5,3,6,1,8,2},{6,3,2,0,0,0,0,0,0},{0,0,0,0,0,0,0,0,0},{0,0,0,0,0,0,0,0,0},{0,0,0,0,0,0,0,0,0}}
]
11:09:44.454 [main] INFO  sudoku.model.SudokuBoard - Wartość 0 wstawiona nieprawidłowo
11:09:44.454 [main] INFO  sudoku.model.SudokuBoard - Bład w kwadracie 0
sudoku.model.SudokuBoard@dae5e0[
  size=9
  solver=sudoku.model.BacktrackingSudokuSolver@59a94d0f
  board={{3,7,1,2,8,9,4,6,5},{2,8,6,3,4,5,7,9,1},{9,4,5,6,1,7,8,2,3},{5,1,8,7,9,2,6,3,4},{4,9,7,5,3,6,1,8,2},{6,3,0,0,0,0,0,0,0},{0,0,0,0,0,0,0,0,0},{0,0,0,0,0,0,0,0,0},{0,0,0,0,0,0,0,0,0}}
]
11:09:44.454 [main] INFO  sudoku.model.SudokuBoard - Wartość 0 wstawiona nieprawidłowo
11:09:44.455 [main] INFO  sudoku.model.SudokuBoard - Bład w kwadracie 0
sudoku.model.SudokuBoard@dae5e0[
  size=9
  solver=sudoku.model.BacktrackingSudokuSolver@59a94d0f
  board={{3,7,1,2,8,9,4,6,5},{2,8,6,3,4,5,7,9,1},{9,4,5,6,1,7,8,2,3},{5,1,8,7,9,2,6,3,4},{4,9,7,5,3,6,1,8,2},{6,0,0,0,0,0,0,0,0},{0,0,0,0,0,0,0,0,0},{0,0,0,0,0,0,0,0,0},{0,0,0,0,0,0,0,0,0}}
]
11:09:44.455 [main] INFO  sudoku.model.SudokuBoard - Wartość 0 wstawiona nieprawidłowo
11:09:44.455 [main] INFO  sudoku.model.SudokuBoard - Bład w kwadracie 0
sudoku.model.SudokuBoard@dae5e0[
  size=9
  solver=sudoku.model.BacktrackingSudokuSolver@59a94d0f
  board={{3,7,1,2,8,9,4,6,5},{2,8,6,3,4,5,7,9,1},{9,4,5,6,1,7,8,2,3},{5,1,8,7,9,2,6,3,4},{4,9,7,5,3,6,1,8,2},{0,0,0,0,0,0,0,0,0},{0,0,0,0,0,0,0,0,0},{0,0,0,0,0,0,0,0,0},{0,0,0,0,0,0,0,0,0}}
]
11:09:44.455 [main] INFO  sudoku.model.SudokuBoard - Wartość 0 wstawiona nieprawidłowo
11:09:44.455 [main] INFO  sudoku.model.SudokuBoard - Bład w kwadracie 0
sudoku.model.SudokuBoard@dae5e0[
  size=9
  solver=sudoku.model.BacktrackingSudokuSolver@59a94d0f
  board={{3,7,1,2,8,9,4,6,5},{2,8,6,3,4,5,7,9,1},{9,4,5,6,1,7,8,2,3},{5,1,8,7,9,2,6,3,4},{4,9,7,5,3,6,1,8,0},{0,0,0,0,0,0,0,0,0},{0,0,0,0,0,0,0,0,0},{0,0,0,0,0,0,0,0,0},{0,0,0,0,0,0,0,0,0}}
]
11:09:44.455 [main] INFO  sudoku.model.SudokuBoard - Wartość 0 wstawiona nieprawidłowo
11:09:44.455 [main] INFO  sudoku.model.SudokuBoard - Bład w kwadracie 0
sudoku.model.SudokuBoard@dae5e0[
  size=9
  solver=sudoku.model.BacktrackingSudokuSolver@59a94d0f
  board={{3,7,1,2,8,9,4,6,5},{2,8,6,3,4,5,7,9,1},{9,4,5,6,1,7,8,2,3},{5,1,8,7,9,2,6,3,4},{4,9,7,5,3,6,1,0,0},{0,0,0,0,0,0,0,0,0},{0,0,0,0,0,0,0,0,0},{0,0,0,0,0,0,0,0,0},{0,0,0,0,0,0,0,0,0}}
]
11:09:44.455 [main] INFO  sudoku.model.SudokuBoard - Wartość 0 wstawiona nieprawidłowo
11:09:44.455 [main] INFO  sudoku.model.SudokuBoard - Bład w kwadracie 0
sudoku.model.SudokuBoard@dae5e0[
  size=9
  solver=sudoku.model.BacktrackingSudokuSolver@59a94d0f
  board={{3,7,1,2,8,9,4,6,5},{2,8,6,3,4,5,7,9,1},{9,4,5,6,1,7,8,2,3},{5,1,8,7,9,2,6,3,4},{4,9,7,5,3,6,0,0,0},{0,0,0,0,0,0,0,0,0},{0,0,0,0,0,0,0,0,0},{0,0,0,0,0,0,0,0,0},{0,0,0,0,0,0,0,0,0}}
]
11:09:44.455 [main] INFO  sudoku.model.SudokuBoard - Wartość 0 wstawiona nieprawidłowo
11:09:44.455 [main] INFO  sudoku.model.SudokuBoard - Bład w kwadracie 0
sudoku.model.SudokuBoard@dae5e0[
  size=9
  solver=sudoku.model.BacktrackingSudokuSolver@59a94d0f
  board={{3,7,1,2,8,9,4,6,5},{2,8,6,3,4,5,7,9,1},{9,4,5,6,1,7,8,2,3},{5,1,8,7,9,2,6,3,4},{4,9,7,5,3,6,2,0,0},{0,0,0,0,0,0,0,0,0},{0,0,0,0,0,0,0,0,0},{0,0,0,0,0,0,0,0,0},{0,0,0,0,0,0,0,0,0}}
]
11:09:44.456 [main] INFO  sudoku.model.SudokuBoard - Wartość 0 wstawiona nieprawidłowo
11:09:44.456 [main] INFO  sudoku.model.SudokuBoard - Bład w kwadracie 0
sudoku.model.SudokuBoard@dae5e0[
  size=9
  solver=sudoku.model.BacktrackingSudokuSolver@59a94d0f
  board={{3,7,1,2,8,9,4,6,5},{2,8,6,3,4,5,7,9,1},{9,4,5,6,1,7,8,2,3},{5,1,8,7,9,2,6,3,4},{4,9,7,5,3,6,2,1,8},{6,2,3,0,0,0,0,0,0},{0,0,0,0,0,0,0,0,0},{0,0,0,0,0,0,0,0,0},{0,0,0,0,0,0,0,0,0}}
]
11:09:44.456 [main] INFO  sudoku.model.SudokuBoard - Wartość 0 wstawiona nieprawidłowo
11:09:44.456 [main] INFO  sudoku.model.SudokuBoard - Bład w kwadracie 0
sudoku.model.SudokuBoard@dae5e0[
  size=9
  solver=sudoku.model.BacktrackingSudokuSolver@59a94d0f
  board={{3,7,1,2,8,9,4,6,5},{2,8,6,3,4,5,7,9,1},{9,4,5,6,1,7,8,2,3},{5,1,8,7,9,2,6,3,4},{4,9,7,5,3,6,2,1,8},{6,2,3,0,0,0,0,0,0},{0,0,0,0,0,0,0,0,0},{0,0,0,0,0,0,0,0,0},{0,0,0,0,0,0,0,0,0}}
]
11:09:44.456 [main] INFO  sudoku.model.SudokuBoard - Wartość 0 wstawiona nieprawidłowo
11:09:44.456 [main] INFO  sudoku.model.SudokuBoard - Bład w kwadracie 0
sudoku.model.SudokuBoard@dae5e0[
  size=9
  solver=sudoku.model.BacktrackingSudokuSolver@59a94d0f
  board={{3,7,1,2,8,9,4,6,5},{2,8,6,3,4,5,7,9,1},{9,4,5,6,1,7,8,2,3},{5,1,8,7,9,2,6,3,4},{4,9,7,5,3,6,2,1,8},{6,2,3,0,0,0,0,0,0},{0,0,0,0,0,0,0,0,0},{0,0,0,0,0,0,0,0,0},{0,0,0,0,0,0,0,0,0}}
]
11:09:44.456 [main] INFO  sudoku.model.SudokuBoard - Wartość 0 wstawiona nieprawidłowo
11:09:44.456 [main] INFO  sudoku.model.SudokuBoard - Bład w kwadracie 0
sudoku.model.SudokuBoard@dae5e0[
  size=9
  solver=sudoku.model.BacktrackingSudokuSolver@59a94d0f
  board={{3,7,1,2,8,9,4,6,5},{2,8,6,3,4,5,7,9,1},{9,4,5,6,1,7,8,2,3},{5,1,8,7,9,2,6,3,4},{4,9,7,5,3,6,2,1,8},{6,2,0,0,0,0,0,0,0},{0,0,0,0,0,0,0,0,0},{0,0,0,0,0,0,0,0,0},{0,0,0,0,0,0,0,0,0}}
]
11:09:44.456 [main] INFO  sudoku.model.SudokuBoard - Wartość 0 wstawiona nieprawidłowo
11:09:44.456 [main] INFO  sudoku.model.SudokuBoard - Bład w kwadracie 0
sudoku.model.SudokuBoard@dae5e0[
  size=9
  solver=sudoku.model.BacktrackingSudokuSolver@59a94d0f
  board={{3,7,1,2,8,9,4,6,5},{2,8,6,3,4,5,7,9,1},{9,4,5,6,1,7,8,2,3},{5,1,8,7,9,2,6,3,4},{4,9,7,5,3,6,2,1,8},{6,0,0,0,0,0,0,0,0},{0,0,0,0,0,0,0,0,0},{0,0,0,0,0,0,0,0,0},{0,0,0,0,0,0,0,0,0}}
]
11:09:44.456 [main] INFO  sudoku.model.SudokuBoard - Wartość 0 wstawiona nieprawidłowo
11:09:44.457 [main] INFO  sudoku.model.SudokuBoard - Bład w kwadracie 0
sudoku.model.SudokuBoard@dae5e0[
  size=9
  solver=sudoku.model.BacktrackingSudokuSolver@59a94d0f
  board={{3,7,1,2,8,9,4,6,5},{2,8,6,3,4,5,7,9,1},{9,4,5,6,1,7,8,2,3},{5,1,8,7,9,2,6,3,4},{4,9,7,5,3,6,2,1,8},{6,3,2,0,0,0,0,0,0},{0,0,0,0,0,0,0,0,0},{0,0,0,0,0,0,0,0,0},{0,0,0,0,0,0,0,0,0}}
]
11:09:44.457 [main] INFO  sudoku.model.SudokuBoard - Wartość 0 wstawiona nieprawidłowo
11:09:44.457 [main] INFO  sudoku.model.SudokuBoard - Bład w kwadracie 0
sudoku.model.SudokuBoard@dae5e0[
  size=9
  solver=sudoku.model.BacktrackingSudokuSolver@59a94d0f
  board={{3,7,1,2,8,9,4,6,5},{2,8,6,3,4,5,7,9,1},{9,4,5,6,1,7,8,2,3},{5,1,8,7,9,2,6,3,4},{4,9,7,5,3,6,2,1,8},{6,3,2,0,0,0,0,0,0},{0,0,0,0,0,0,0,0,0},{0,0,0,0,0,0,0,0,0},{0,0,0,0,0,0,0,0,0}}
]
11:09:44.457 [main] INFO  sudoku.model.SudokuBoard - Wartość 0 wstawiona nieprawidłowo
11:09:44.457 [main] INFO  sudoku.model.SudokuBoard - Bład w kwadracie 0
sudoku.model.SudokuBoard@dae5e0[
  size=9
  solver=sudoku.model.BacktrackingSudokuSolver@59a94d0f
  board={{3,7,1,2,8,9,4,6,5},{2,8,6,3,4,5,7,9,1},{9,4,5,6,1,7,8,2,3},{5,1,8,7,9,2,6,3,4},{4,9,7,5,3,6,2,1,8},{6,3,2,0,0,0,0,0,0},{0,0,0,0,0,0,0,0,0},{0,0,0,0,0,0,0,0,0},{0,0,0,0,0,0,0,0,0}}
]
11:09:44.457 [main] INFO  sudoku.model.SudokuBoard - Wartość 0 wstawiona nieprawidłowo
11:09:44.457 [main] INFO  sudoku.model.SudokuBoard - Bład w kwadracie 0
sudoku.model.SudokuBoard@dae5e0[
  size=9
  solver=sudoku.model.BacktrackingSudokuSolver@59a94d0f
  board={{3,7,1,2,8,9,4,6,5},{2,8,6,3,4,5,7,9,1},{9,4,5,6,1,7,8,2,3},{5,1,8,7,9,2,6,3,4},{4,9,7,5,3,6,2,1,8},{6,3,0,0,0,0,0,0,0},{0,0,0,0,0,0,0,0,0},{0,0,0,0,0,0,0,0,0},{0,0,0,0,0,0,0,0,0}}
]
11:09:44.457 [main] INFO  sudoku.model.SudokuBoard - Wartość 0 wstawiona nieprawidłowo
11:09:44.457 [main] INFO  sudoku.model.SudokuBoard - Bład w kwadracie 0
sudoku.model.SudokuBoard@dae5e0[
  size=9
  solver=sudoku.model.BacktrackingSudokuSolver@59a94d0f
  board={{3,7,1,2,8,9,4,6,5},{2,8,6,3,4,5,7,9,1},{9,4,5,6,1,7,8,2,3},{5,1,8,7,9,2,6,3,4},{4,9,7,5,3,6,2,1,8},{6,0,0,0,0,0,0,0,0},{0,0,0,0,0,0,0,0,0},{0,0,0,0,0,0,0,0,0},{0,0,0,0,0,0,0,0,0}}
]
11:09:44.457 [main] INFO  sudoku.model.SudokuBoard - Wartość 0 wstawiona nieprawidłowo
11:09:44.457 [main] INFO  sudoku.model.SudokuBoard - Bład w kwadracie 0
sudoku.model.SudokuBoard@dae5e0[
  size=9
  solver=sudoku.model.BacktrackingSudokuSolver@59a94d0f
  board={{3,7,1,2,8,9,4,6,5},{2,8,6,3,4,5,7,9,1},{9,4,5,6,1,7,8,2,3},{5,1,8,7,9,2,6,3,4},{4,9,7,5,3,6,2,1,8},{0,0,0,0,0,0,0,0,0},{0,0,0,0,0,0,0,0,0},{0,0,0,0,0,0,0,0,0},{0,0,0,0,0,0,0,0,0}}
]
11:09:44.458 [main] INFO  sudoku.model.SudokuBoard - Wartość 0 wstawiona nieprawidłowo
11:09:44.458 [main] INFO  sudoku.model.SudokuBoard - Bład w kwadracie 0
sudoku.model.SudokuBoard@dae5e0[
  size=9
  solver=sudoku.model.BacktrackingSudokuSolver@59a94d0f
  board={{3,7,1,2,8,9,4,6,5},{2,8,6,3,4,5,7,9,1},{9,4,5,6,1,7,8,2,3},{5,1,8,7,9,2,6,3,4},{4,9,7,5,3,6,2,1,0},{0,0,0,0,0,0,0,0,0},{0,0,0,0,0,0,0,0,0},{0,0,0,0,0,0,0,0,0},{0,0,0,0,0,0,0,0,0}}
]
11:09:44.458 [main] INFO  sudoku.model.SudokuBoard - Wartość 0 wstawiona nieprawidłowo
11:09:44.458 [main] INFO  sudoku.model.SudokuBoard - Bład w kwadracie 0
sudoku.model.SudokuBoard@dae5e0[
  size=9
  solver=sudoku.model.BacktrackingSudokuSolver@59a94d0f
  board={{3,7,1,2,8,9,4,6,5},{2,8,6,3,4,5,7,9,1},{9,4,5,6,1,7,8,2,3},{5,1,8,7,9,2,6,3,4},{4,9,7,5,3,6,2,0,0},{0,0,0,0,0,0,0,0,0},{0,0,0,0,0,0,0,0,0},{0,0,0,0,0,0,0,0,0},{0,0,0,0,0,0,0,0,0}}
]
11:09:44.458 [main] INFO  sudoku.model.SudokuBoard - Wartość 0 wstawiona nieprawidłowo
11:09:44.458 [main] INFO  sudoku.model.SudokuBoard - Bład w kwadracie 0
sudoku.model.SudokuBoard@dae5e0[
  size=9
  solver=sudoku.model.BacktrackingSudokuSolver@59a94d0f
  board={{3,7,1,2,8,9,4,6,5},{2,8,6,3,4,5,7,9,1},{9,4,5,6,1,7,8,2,3},{5,1,8,7,9,2,6,3,4},{4,9,7,5,3,6,0,0,0},{0,0,0,0,0,0,0,0,0},{0,0,0,0,0,0,0,0,0},{0,0,0,0,0,0,0,0,0},{0,0,0,0,0,0,0,0,0}}
]
11:09:44.458 [main] INFO  sudoku.model.SudokuBoard - Wartość 0 wstawiona nieprawidłowo
11:09:44.458 [main] INFO  sudoku.model.SudokuBoard - Bład w kwadracie 0
sudoku.model.SudokuBoard@dae5e0[
  size=9
  solver=sudoku.model.BacktrackingSudokuSolver@59a94d0f
  board={{3,7,1,2,8,9,4,6,5},{2,8,6,3,4,5,7,9,1},{9,4,5,6,1,7,8,2,3},{5,1,8,7,9,2,6,3,4},{4,9,7,5,3,0,0,0,0},{0,0,0,0,0,0,0,0,0},{0,0,0,0,0,0,0,0,0},{0,0,0,0,0,0,0,0,0},{0,0,0,0,0,0,0,0,0}}
]
11:09:44.458 [main] INFO  sudoku.model.SudokuBoard - Wartość 0 wstawiona nieprawidłowo
11:09:44.459 [main] INFO  sudoku.model.SudokuBoard - Bład w kwadracie 0
sudoku.model.SudokuBoard@dae5e0[
  size=9
  solver=sudoku.model.BacktrackingSudokuSolver@59a94d0f
  board={{3,7,1,2,8,9,4,6,5},{2,8,6,3,4,5,7,9,1},{9,4,5,6,1,7,8,2,3},{5,1,8,7,9,2,6,3,4},{4,9,7,5,3,8,2,0,0},{0,0,0,0,0,0,0,0,0},{0,0,0,0,0,0,0,0,0},{0,0,0,0,0,0,0,0,0},{0,0,0,0,0,0,0,0,0}}
]
11:09:44.459 [main] INFO  sudoku.model.SudokuBoard - Wartość 0 wstawiona nieprawidłowo
11:09:44.459 [main] INFO  sudoku.model.SudokuBoard - Bład w kwadracie 0
sudoku.model.SudokuBoard@dae5e0[
  size=9
  solver=sudoku.model.BacktrackingSudokuSolver@59a94d0f
  board={{3,7,1,2,8,9,4,6,5},{2,8,6,3,4,5,7,9,1},{9,4,5,6,1,7,8,2,3},{5,1,8,7,9,2,6,3,4},{4,9,7,5,3,8,0,0,0},{0,0,0,0,0,0,0,0,0},{0,0,0,0,0,0,0,0,0},{0,0,0,0,0,0,0,0,0},{0,0,0,0,0,0,0,0,0}}
]
11:09:44.459 [main] INFO  sudoku.model.SudokuBoard - Wartość 0 wstawiona nieprawidłowo
11:09:44.459 [main] INFO  sudoku.model.SudokuBoard - Bład w kwadracie 0
sudoku.model.SudokuBoard@dae5e0[
  size=9
  solver=sudoku.model.BacktrackingSudokuSolver@59a94d0f
  board={{3,7,1,2,8,9,4,6,5},{2,8,6,3,4,5,7,9,1},{9,4,5,6,1,7,8,2,3},{5,1,8,7,9,2,6,3,4},{4,9,7,5,3,8,0,0,0},{0,0,0,0,0,0,0,0,0},{0,0,0,0,0,0,0,0,0},{0,0,0,0,0,0,0,0,0},{0,0,0,0,0,0,0,0,0}}
]
11:09:44.459 [main] INFO  sudoku.model.SudokuBoard - Wartość 0 wstawiona nieprawidłowo
11:09:44.459 [main] INFO  sudoku.model.SudokuBoard - Bład w kwadracie 0
sudoku.model.SudokuBoard@dae5e0[
  size=9
  solver=sudoku.model.BacktrackingSudokuSolver@59a94d0f
  board={{3,7,1,2,8,9,4,6,5},{2,8,6,3,4,5,7,9,1},{9,4,5,6,1,7,8,2,3},{5,1,8,7,9,2,6,3,4},{4,9,7,5,3,0,0,0,0},{0,0,0,0,0,0,0,0,0},{0,0,0,0,0,0,0,0,0},{0,0,0,0,0,0,0,0,0},{0,0,0,0,0,0,0,0,0}}
]
11:09:44.459 [main] INFO  sudoku.model.SudokuBoard - Wartość 0 wstawiona nieprawidłowo
11:09:44.459 [main] INFO  sudoku.model.SudokuBoard - Bład w kwadracie 0
sudoku.model.SudokuBoard@dae5e0[
  size=9
  solver=sudoku.model.BacktrackingSudokuSolver@59a94d0f
  board={{3,7,1,2,8,9,4,6,5},{2,8,6,3,4,5,7,9,1},{9,4,5,6,1,7,8,2,3},{5,1,8,7,9,2,6,3,4},{4,9,7,5,0,0,0,0,0},{0,0,0,0,0,0,0,0,0},{0,0,0,0,0,0,0,0,0},{0,0,0,0,0,0,0,0,0},{0,0,0,0,0,0,0,0,0}}
]
11:09:44.459 [main] INFO  sudoku.model.SudokuBoard - Wartość 0 wstawiona nieprawidłowo
11:09:44.459 [main] INFO  sudoku.model.SudokuBoard - Bład w kwadracie 0
sudoku.model.SudokuBoard@dae5e0[
  size=9
  solver=sudoku.model.BacktrackingSudokuSolver@59a94d0f
  board={{3,7,1,2,8,9,4,6,5},{2,8,6,3,4,5,7,9,1},{9,4,5,6,1,7,8,2,3},{5,1,8,7,9,2,6,3,4},{4,9,7,5,6,8,0,0,0},{0,0,0,0,0,0,0,0,0},{0,0,0,0,0,0,0,0,0},{0,0,0,0,0,0,0,0,0},{0,0,0,0,0,0,0,0,0}}
]
11:09:44.460 [main] INFO  sudoku.model.SudokuBoard - Wartość 0 wstawiona nieprawidłowo
11:09:44.460 [main] INFO  sudoku.model.SudokuBoard - Bład w kwadracie 0
sudoku.model.SudokuBoard@dae5e0[
  size=9
  solver=sudoku.model.BacktrackingSudokuSolver@59a94d0f
  board={{3,7,1,2,8,9,4,6,5},{2,8,6,3,4,5,7,9,1},{9,4,5,6,1,7,8,2,3},{5,1,8,7,9,2,6,3,4},{4,9,7,5,6,8,2,0,0},{0,0,0,0,0,0,0,0,0},{0,0,0,0,0,0,0,0,0},{0,0,0,0,0,0,0,0,0},{0,0,0,0,0,0,0,0,0}}
]
11:09:44.460 [main] INFO  sudoku.model.SudokuBoard - Wartość 0 wstawiona nieprawidłowo
11:09:44.460 [main] INFO  sudoku.model.SudokuBoard - Bład w kwadracie 0
sudoku.model.SudokuBoard@dae5e0[
  size=9
  solver=sudoku.model.BacktrackingSudokuSolver@59a94d0f
  board={{3,7,1,2,8,9,4,6,5},{2,8,6,3,4,5,7,9,1},{9,4,5,6,1,7,8,2,3},{5,1,8,7,9,2,6,3,4},{4,9,7,5,6,8,0,0,0},{0,0,0,0,0,0,0,0,0},{0,0,0,0,0,0,0,0,0},{0,0,0,0,0,0,0,0,0},{0,0,0,0,0,0,0,0,0}}
]
11:09:44.460 [main] INFO  sudoku.model.SudokuBoard - Wartość 0 wstawiona nieprawidłowo
11:09:44.461 [main] INFO  sudoku.model.SudokuBoard - Bład w kwadracie 0
sudoku.model.SudokuBoard@dae5e0[
  size=9
  solver=sudoku.model.BacktrackingSudokuSolver@59a94d0f
  board={{3,7,1,2,8,9,4,6,5},{2,8,6,3,4,5,7,9,1},{9,4,5,6,1,7,8,2,3},{5,1,8,7,9,2,6,3,4},{4,9,7,5,6,0,0,0,0},{0,0,0,0,0,0,0,0,0},{0,0,0,0,0,0,0,0,0},{0,0,0,0,0,0,0,0,0},{0,0,0,0,0,0,0,0,0}}
]
11:09:44.461 [main] INFO  sudoku.model.SudokuBoard - Wartość 0 wstawiona nieprawidłowo
11:09:44.461 [main] INFO  sudoku.model.SudokuBoard - Bład w kwadracie 0
sudoku.model.SudokuBoard@dae5e0[
  size=9
  solver=sudoku.model.BacktrackingSudokuSolver@59a94d0f
  board={{3,7,1,2,8,9,4,6,5},{2,8,6,3,4,5,7,9,1},{9,4,5,6,1,7,8,2,3},{5,1,8,7,9,2,6,3,4},{4,9,7,5,6,1,2,0,0},{0,0,0,0,0,0,0,0,0},{0,0,0,0,0,0,0,0,0},{0,0,0,0,0,0,0,0,0},{0,0,0,0,0,0,0,0,0}}
]
11:09:44.461 [main] INFO  sudoku.model.SudokuBoard - Wartość 0 wstawiona nieprawidłowo
11:09:44.461 [main] INFO  sudoku.model.SudokuBoard - Bład w kwadracie 0
sudoku.model.SudokuBoard@dae5e0[
  size=9
  solver=sudoku.model.BacktrackingSudokuSolver@59a94d0f
  board={{3,7,1,2,8,9,4,6,5},{2,8,6,3,4,5,7,9,1},{9,4,5,6,1,7,8,2,3},{5,1,8,7,9,2,6,3,4},{4,9,7,5,6,1,0,0,0},{0,0,0,0,0,0,0,0,0},{0,0,0,0,0,0,0,0,0},{0,0,0,0,0,0,0,0,0},{0,0,0,0,0,0,0,0,0}}
]
11:09:44.461 [main] INFO  sudoku.model.SudokuBoard - Wartość 0 wstawiona nieprawidłowo
11:09:44.461 [main] INFO  sudoku.model.SudokuBoard - Bład w kwadracie 0
sudoku.model.SudokuBoard@dae5e0[
  size=9
  solver=sudoku.model.BacktrackingSudokuSolver@59a94d0f
  board={{3,7,1,2,8,9,4,6,5},{2,8,6,3,4,5,7,9,1},{9,4,5,6,1,7,8,2,3},{5,1,8,7,9,2,6,3,4},{4,9,7,5,6,0,0,0,0},{0,0,0,0,0,0,0,0,0},{0,0,0,0,0,0,0,0,0},{0,0,0,0,0,0,0,0,0},{0,0,0,0,0,0,0,0,0}}
]
11:09:44.462 [main] INFO  sudoku.model.SudokuBoard - Wartość 0 wstawiona nieprawidłowo
11:09:44.462 [main] INFO  sudoku.model.SudokuBoard - Bład w kwadracie 0
sudoku.model.SudokuBoard@dae5e0[
  size=9
  solver=sudoku.model.BacktrackingSudokuSolver@59a94d0f
  board={{3,7,1,2,8,9,4,6,5},{2,8,6,3,4,5,7,9,1},{9,4,5,6,1,7,8,2,3},{5,1,8,7,9,2,6,3,4},{4,9,7,5,6,3,1,8,2},{6,2,3,0,0,0,0,0,0},{0,0,0,0,0,0,0,0,0},{0,0,0,0,0,0,0,0,0},{0,0,0,0,0,0,0,0,0}}
]
11:09:44.462 [main] INFO  sudoku.model.SudokuBoard - Wartość 0 wstawiona nieprawidłowo
11:09:44.462 [main] INFO  sudoku.model.SudokuBoard - Bład w kwadracie 0
sudoku.model.SudokuBoard@dae5e0[
  size=9
  solver=sudoku.model.BacktrackingSudokuSolver@59a94d0f
  board={{3,7,1,2,8,9,4,6,5},{2,8,6,3,4,5,7,9,1},{9,4,5,6,1,7,8,2,3},{5,1,8,7,9,2,6,3,4},{4,9,7,5,6,3,1,8,2},{6,2,3,0,0,0,0,0,0},{0,0,0,0,0,0,0,0,0},{0,0,0,0,0,0,0,0,0},{0,0,0,0,0,0,0,0,0}}
]
11:09:44.462 [main] INFO  sudoku.model.SudokuBoard - Wartość 0 wstawiona nieprawidłowo
11:09:44.462 [main] INFO  sudoku.model.SudokuBoard - Bład w kwadracie 0
sudoku.model.SudokuBoard@dae5e0[
  size=9
  solver=sudoku.model.BacktrackingSudokuSolver@59a94d0f
  board={{3,7,1,2,8,9,4,6,5},{2,8,6,3,4,5,7,9,1},{9,4,5,6,1,7,8,2,3},{5,1,8,7,9,2,6,3,4},{4,9,7,5,6,3,1,8,2},{6,2,3,0,0,0,0,0,0},{0,0,0,0,0,0,0,0,0},{0,0,0,0,0,0,0,0,0},{0,0,0,0,0,0,0,0,0}}
]
11:09:44.462 [main] INFO  sudoku.model.SudokuBoard - Wartość 0 wstawiona nieprawidłowo
11:09:44.462 [main] INFO  sudoku.model.SudokuBoard - Bład w kwadracie 0
sudoku.model.SudokuBoard@dae5e0[
  size=9
  solver=sudoku.model.BacktrackingSudokuSolver@59a94d0f
  board={{3,7,1,2,8,9,4,6,5},{2,8,6,3,4,5,7,9,1},{9,4,5,6,1,7,8,2,3},{5,1,8,7,9,2,6,3,4},{4,9,7,5,6,3,1,8,2},{6,2,0,0,0,0,0,0,0},{0,0,0,0,0,0,0,0,0},{0,0,0,0,0,0,0,0,0},{0,0,0,0,0,0,0,0,0}}
]
11:09:44.462 [main] INFO  sudoku.model.SudokuBoard - Wartość 0 wstawiona nieprawidłowo
11:09:44.462 [main] INFO  sudoku.model.SudokuBoard - Bład w kwadracie 0
sudoku.model.SudokuBoard@dae5e0[
  size=9
  solver=sudoku.model.BacktrackingSudokuSolver@59a94d0f
  board={{3,7,1,2,8,9,4,6,5},{2,8,6,3,4,5,7,9,1},{9,4,5,6,1,7,8,2,3},{5,1,8,7,9,2,6,3,4},{4,9,7,5,6,3,1,8,2},{6,0,0,0,0,0,0,0,0},{0,0,0,0,0,0,0,0,0},{0,0,0,0,0,0,0,0,0},{0,0,0,0,0,0,0,0,0}}
]
11:09:44.463 [main] INFO  sudoku.model.SudokuBoard - Wartość 0 wstawiona nieprawidłowo
11:09:44.465 [main] INFO  sudoku.model.SudokuBoard - Bład w kwadracie 0
sudoku.model.SudokuBoard@dae5e0[
  size=9
  solver=sudoku.model.BacktrackingSudokuSolver@59a94d0f
  board={{3,7,1,2,8,9,4,6,5},{2,8,6,3,4,5,7,9,1},{9,4,5,6,1,7,8,2,3},{5,1,8,7,9,2,6,3,4},{4,9,7,5,6,3,1,8,2},{6,3,2,0,0,0,0,0,0},{0,0,0,0,0,0,0,0,0},{0,0,0,0,0,0,0,0,0},{0,0,0,0,0,0,0,0,0}}
]
11:09:44.466 [main] INFO  sudoku.model.SudokuBoard - Wartość 0 wstawiona nieprawidłowo
11:09:44.466 [main] INFO  sudoku.model.SudokuBoard - Bład w kwadracie 0
sudoku.model.SudokuBoard@dae5e0[
  size=9
  solver=sudoku.model.BacktrackingSudokuSolver@59a94d0f
  board={{3,7,1,2,8,9,4,6,5},{2,8,6,3,4,5,7,9,1},{9,4,5,6,1,7,8,2,3},{5,1,8,7,9,2,6,3,4},{4,9,7,5,6,3,1,8,2},{6,3,2,0,0,0,0,0,0},{0,0,0,0,0,0,0,0,0},{0,0,0,0,0,0,0,0,0},{0,0,0,0,0,0,0,0,0}}
]
11:09:44.466 [main] INFO  sudoku.model.SudokuBoard - Wartość 0 wstawiona nieprawidłowo
11:09:44.466 [main] INFO  sudoku.model.SudokuBoard - Bład w kwadracie 0
sudoku.model.SudokuBoard@dae5e0[
  size=9
  solver=sudoku.model.BacktrackingSudokuSolver@59a94d0f
  board={{3,7,1,2,8,9,4,6,5},{2,8,6,3,4,5,7,9,1},{9,4,5,6,1,7,8,2,3},{5,1,8,7,9,2,6,3,4},{4,9,7,5,6,3,1,8,2},{6,3,2,0,0,0,0,0,0},{0,0,0,0,0,0,0,0,0},{0,0,0,0,0,0,0,0,0},{0,0,0,0,0,0,0,0,0}}
]
11:09:44.466 [main] INFO  sudoku.model.SudokuBoard - Wartość 0 wstawiona nieprawidłowo
11:09:44.466 [main] INFO  sudoku.model.SudokuBoard - Bład w kwadracie 0
sudoku.model.SudokuBoard@dae5e0[
  size=9
  solver=sudoku.model.BacktrackingSudokuSolver@59a94d0f
  board={{3,7,1,2,8,9,4,6,5},{2,8,6,3,4,5,7,9,1},{9,4,5,6,1,7,8,2,3},{5,1,8,7,9,2,6,3,4},{4,9,7,5,6,3,1,8,2},{6,3,0,0,0,0,0,0,0},{0,0,0,0,0,0,0,0,0},{0,0,0,0,0,0,0,0,0},{0,0,0,0,0,0,0,0,0}}
]
11:09:44.466 [main] INFO  sudoku.model.SudokuBoard - Wartość 0 wstawiona nieprawidłowo
11:09:44.466 [main] INFO  sudoku.model.SudokuBoard - Bład w kwadracie 0
sudoku.model.SudokuBoard@dae5e0[
  size=9
  solver=sudoku.model.BacktrackingSudokuSolver@59a94d0f
  board={{3,7,1,2,8,9,4,6,5},{2,8,6,3,4,5,7,9,1},{9,4,5,6,1,7,8,2,3},{5,1,8,7,9,2,6,3,4},{4,9,7,5,6,3,1,8,2},{6,0,0,0,0,0,0,0,0},{0,0,0,0,0,0,0,0,0},{0,0,0,0,0,0,0,0,0},{0,0,0,0,0,0,0,0,0}}
]
11:09:44.466 [main] INFO  sudoku.model.SudokuBoard - Wartość 0 wstawiona nieprawidłowo
11:09:44.466 [main] INFO  sudoku.model.SudokuBoard - Bład w kwadracie 0
sudoku.model.SudokuBoard@dae5e0[
  size=9
  solver=sudoku.model.BacktrackingSudokuSolver@59a94d0f
  board={{3,7,1,2,8,9,4,6,5},{2,8,6,3,4,5,7,9,1},{9,4,5,6,1,7,8,2,3},{5,1,8,7,9,2,6,3,4},{4,9,7,5,6,3,1,8,2},{0,0,0,0,0,0,0,0,0},{0,0,0,0,0,0,0,0,0},{0,0,0,0,0,0,0,0,0},{0,0,0,0,0,0,0,0,0}}
]
11:09:44.467 [main] INFO  sudoku.model.SudokuBoard - Wartość 0 wstawiona nieprawidłowo
11:09:44.467 [main] INFO  sudoku.model.SudokuBoard - Bład w kwadracie 0
sudoku.model.SudokuBoard@dae5e0[
  size=9
  solver=sudoku.model.BacktrackingSudokuSolver@59a94d0f
  board={{3,7,1,2,8,9,4,6,5},{2,8,6,3,4,5,7,9,1},{9,4,5,6,1,7,8,2,3},{5,1,8,7,9,2,6,3,4},{4,9,7,5,6,3,1,8,0},{0,0,0,0,0,0,0,0,0},{0,0,0,0,0,0,0,0,0},{0,0,0,0,0,0,0,0,0},{0,0,0,0,0,0,0,0,0}}
]
11:09:44.467 [main] INFO  sudoku.model.SudokuBoard - Wartość 0 wstawiona nieprawidłowo
11:09:44.467 [main] INFO  sudoku.model.SudokuBoard - Bład w kwadracie 0
sudoku.model.SudokuBoard@dae5e0[
  size=9
  solver=sudoku.model.BacktrackingSudokuSolver@59a94d0f
  board={{3,7,1,2,8,9,4,6,5},{2,8,6,3,4,5,7,9,1},{9,4,5,6,1,7,8,2,3},{5,1,8,7,9,2,6,3,4},{4,9,7,5,6,3,1,0,0},{0,0,0,0,0,0,0,0,0},{0,0,0,0,0,0,0,0,0},{0,0,0,0,0,0,0,0,0},{0,0,0,0,0,0,0,0,0}}
]
11:09:44.467 [main] INFO  sudoku.model.SudokuBoard - Wartość 0 wstawiona nieprawidłowo
11:09:44.467 [main] INFO  sudoku.model.SudokuBoard - Bład w kwadracie 0
sudoku.model.SudokuBoard@dae5e0[
  size=9
  solver=sudoku.model.BacktrackingSudokuSolver@59a94d0f
  board={{3,7,1,2,8,9,4,6,5},{2,8,6,3,4,5,7,9,1},{9,4,5,6,1,7,8,2,3},{5,1,8,7,9,2,6,3,4},{4,9,7,5,6,3,0,0,0},{0,0,0,0,0,0,0,0,0},{0,0,0,0,0,0,0,0,0},{0,0,0,0,0,0,0,0,0},{0,0,0,0,0,0,0,0,0}}
]
11:09:44.467 [main] INFO  sudoku.model.SudokuBoard - Wartość 0 wstawiona nieprawidłowo
11:09:44.467 [main] INFO  sudoku.model.SudokuBoard - Bład w kwadracie 0
sudoku.model.SudokuBoard@dae5e0[
  size=9
  solver=sudoku.model.BacktrackingSudokuSolver@59a94d0f
  board={{3,7,1,2,8,9,4,6,5},{2,8,6,3,4,5,7,9,1},{9,4,5,6,1,7,8,2,3},{5,1,8,7,9,2,6,3,4},{4,9,7,5,6,3,2,0,0},{0,0,0,0,0,0,0,0,0},{0,0,0,0,0,0,0,0,0},{0,0,0,0,0,0,0,0,0},{0,0,0,0,0,0,0,0,0}}
]
11:09:44.468 [main] INFO  sudoku.model.SudokuBoard - Wartość 0 wstawiona nieprawidłowo
11:09:44.468 [main] INFO  sudoku.model.SudokuBoard - Bład w kwadracie 0
sudoku.model.SudokuBoard@dae5e0[
  size=9
  solver=sudoku.model.BacktrackingSudokuSolver@59a94d0f
  board={{3,7,1,2,8,9,4,6,5},{2,8,6,3,4,5,7,9,1},{9,4,5,6,1,7,8,2,3},{5,1,8,7,9,2,6,3,4},{4,9,7,5,6,3,2,1,8},{6,2,3,0,0,0,0,0,0},{0,0,0,0,0,0,0,0,0},{0,0,0,0,0,0,0,0,0},{0,0,0,0,0,0,0,0,0}}
]
11:09:44.468 [main] INFO  sudoku.model.SudokuBoard - Wartość 0 wstawiona nieprawidłowo
11:09:44.471 [main] INFO  sudoku.model.SudokuBoard - Bład w kwadracie 0
sudoku.model.SudokuBoard@dae5e0[
  size=9
  solver=sudoku.model.BacktrackingSudokuSolver@59a94d0f
  board={{3,7,1,2,8,9,4,6,5},{2,8,6,3,4,5,7,9,1},{9,4,5,6,1,7,8,2,3},{5,1,8,7,9,2,6,3,4},{4,9,7,5,6,3,2,1,8},{6,2,3,0,0,0,0,0,0},{0,0,0,0,0,0,0,0,0},{0,0,0,0,0,0,0,0,0},{0,0,0,0,0,0,0,0,0}}
]
11:09:44.471 [main] INFO  sudoku.model.SudokuBoard - Wartość 0 wstawiona nieprawidłowo
11:09:44.471 [main] INFO  sudoku.model.SudokuBoard - Bład w kwadracie 0
sudoku.model.SudokuBoard@dae5e0[
  size=9
  solver=sudoku.model.BacktrackingSudokuSolver@59a94d0f
  board={{3,7,1,2,8,9,4,6,5},{2,8,6,3,4,5,7,9,1},{9,4,5,6,1,7,8,2,3},{5,1,8,7,9,2,6,3,4},{4,9,7,5,6,3,2,1,8},{6,2,3,0,0,0,0,0,0},{0,0,0,0,0,0,0,0,0},{0,0,0,0,0,0,0,0,0},{0,0,0,0,0,0,0,0,0}}
]
11:09:44.471 [main] INFO  sudoku.model.SudokuBoard - Wartość 0 wstawiona nieprawidłowo
11:09:44.471 [main] INFO  sudoku.model.SudokuBoard - Bład w kwadracie 0
sudoku.model.SudokuBoard@dae5e0[
  size=9
  solver=sudoku.model.BacktrackingSudokuSolver@59a94d0f
  board={{3,7,1,2,8,9,4,6,5},{2,8,6,3,4,5,7,9,1},{9,4,5,6,1,7,8,2,3},{5,1,8,7,9,2,6,3,4},{4,9,7,5,6,3,2,1,8},{6,2,0,0,0,0,0,0,0},{0,0,0,0,0,0,0,0,0},{0,0,0,0,0,0,0,0,0},{0,0,0,0,0,0,0,0,0}}
]
11:09:44.471 [main] INFO  sudoku.model.SudokuBoard - Wartość 0 wstawiona nieprawidłowo
11:09:44.471 [main] INFO  sudoku.model.SudokuBoard - Bład w kwadracie 0
sudoku.model.SudokuBoard@dae5e0[
  size=9
  solver=sudoku.model.BacktrackingSudokuSolver@59a94d0f
  board={{3,7,1,2,8,9,4,6,5},{2,8,6,3,4,5,7,9,1},{9,4,5,6,1,7,8,2,3},{5,1,8,7,9,2,6,3,4},{4,9,7,5,6,3,2,1,8},{6,0,0,0,0,0,0,0,0},{0,0,0,0,0,0,0,0,0},{0,0,0,0,0,0,0,0,0},{0,0,0,0,0,0,0,0,0}}
]
11:09:44.472 [main] INFO  sudoku.model.SudokuBoard - Wartość 0 wstawiona nieprawidłowo
11:09:44.472 [main] INFO  sudoku.model.SudokuBoard - Bład w kwadracie 0
sudoku.model.SudokuBoard@dae5e0[
  size=9
  solver=sudoku.model.BacktrackingSudokuSolver@59a94d0f
  board={{3,7,1,2,8,9,4,6,5},{2,8,6,3,4,5,7,9,1},{9,4,5,6,1,7,8,2,3},{5,1,8,7,9,2,6,3,4},{4,9,7,5,6,3,2,1,8},{6,3,2,0,0,0,0,0,0},{0,0,0,0,0,0,0,0,0},{0,0,0,0,0,0,0,0,0},{0,0,0,0,0,0,0,0,0}}
]
11:09:44.472 [main] INFO  sudoku.model.SudokuBoard - Wartość 0 wstawiona nieprawidłowo
11:09:44.472 [main] INFO  sudoku.model.SudokuBoard - Bład w kwadracie 0
sudoku.model.SudokuBoard@dae5e0[
  size=9
  solver=sudoku.model.BacktrackingSudokuSolver@59a94d0f
  board={{3,7,1,2,8,9,4,6,5},{2,8,6,3,4,5,7,9,1},{9,4,5,6,1,7,8,2,3},{5,1,8,7,9,2,6,3,4},{4,9,7,5,6,3,2,1,8},{6,3,2,0,0,0,0,0,0},{0,0,0,0,0,0,0,0,0},{0,0,0,0,0,0,0,0,0},{0,0,0,0,0,0,0,0,0}}
]
11:09:44.473 [main] INFO  sudoku.model.SudokuBoard - Wartość 0 wstawiona nieprawidłowo
11:09:44.473 [main] INFO  sudoku.model.SudokuBoard - Bład w kwadracie 0
sudoku.model.SudokuBoard@dae5e0[
  size=9
  solver=sudoku.model.BacktrackingSudokuSolver@59a94d0f
  board={{3,7,1,2,8,9,4,6,5},{2,8,6,3,4,5,7,9,1},{9,4,5,6,1,7,8,2,3},{5,1,8,7,9,2,6,3,4},{4,9,7,5,6,3,2,1,8},{6,3,2,0,0,0,0,0,0},{0,0,0,0,0,0,0,0,0},{0,0,0,0,0,0,0,0,0},{0,0,0,0,0,0,0,0,0}}
]
11:09:44.473 [main] INFO  sudoku.model.SudokuBoard - Wartość 0 wstawiona nieprawidłowo
11:09:44.473 [main] INFO  sudoku.model.SudokuBoard - Bład w kwadracie 0
sudoku.model.SudokuBoard@dae5e0[
  size=9
  solver=sudoku.model.BacktrackingSudokuSolver@59a94d0f
  board={{3,7,1,2,8,9,4,6,5},{2,8,6,3,4,5,7,9,1},{9,4,5,6,1,7,8,2,3},{5,1,8,7,9,2,6,3,4},{4,9,7,5,6,3,2,1,8},{6,3,0,0,0,0,0,0,0},{0,0,0,0,0,0,0,0,0},{0,0,0,0,0,0,0,0,0},{0,0,0,0,0,0,0,0,0}}
]
11:09:44.473 [main] INFO  sudoku.model.SudokuBoard - Wartość 0 wstawiona nieprawidłowo
11:09:44.473 [main] INFO  sudoku.model.SudokuBoard - Bład w kwadracie 0
sudoku.model.SudokuBoard@dae5e0[
  size=9
  solver=sudoku.model.BacktrackingSudokuSolver@59a94d0f
  board={{3,7,1,2,8,9,4,6,5},{2,8,6,3,4,5,7,9,1},{9,4,5,6,1,7,8,2,3},{5,1,8,7,9,2,6,3,4},{4,9,7,5,6,3,2,1,8},{6,0,0,0,0,0,0,0,0},{0,0,0,0,0,0,0,0,0},{0,0,0,0,0,0,0,0,0},{0,0,0,0,0,0,0,0,0}}
]
11:09:44.473 [main] INFO  sudoku.model.SudokuBoard - Wartość 0 wstawiona nieprawidłowo
11:09:44.473 [main] INFO  sudoku.model.SudokuBoard - Bład w kwadracie 0
sudoku.model.SudokuBoard@dae5e0[
  size=9
  solver=sudoku.model.BacktrackingSudokuSolver@59a94d0f
  board={{3,7,1,2,8,9,4,6,5},{2,8,6,3,4,5,7,9,1},{9,4,5,6,1,7,8,2,3},{5,1,8,7,9,2,6,3,4},{4,9,7,5,6,3,2,1,8},{0,0,0,0,0,0,0,0,0},{0,0,0,0,0,0,0,0,0},{0,0,0,0,0,0,0,0,0},{0,0,0,0,0,0,0,0,0}}
]
11:09:44.473 [main] INFO  sudoku.model.SudokuBoard - Wartość 0 wstawiona nieprawidłowo
11:09:44.473 [main] INFO  sudoku.model.SudokuBoard - Bład w kwadracie 0
sudoku.model.SudokuBoard@dae5e0[
  size=9
  solver=sudoku.model.BacktrackingSudokuSolver@59a94d0f
  board={{3,7,1,2,8,9,4,6,5},{2,8,6,3,4,5,7,9,1},{9,4,5,6,1,7,8,2,3},{5,1,8,7,9,2,6,3,4},{4,9,7,5,6,3,2,1,0},{0,0,0,0,0,0,0,0,0},{0,0,0,0,0,0,0,0,0},{0,0,0,0,0,0,0,0,0},{0,0,0,0,0,0,0,0,0}}
]
11:09:44.473 [main] INFO  sudoku.model.SudokuBoard - Wartość 0 wstawiona nieprawidłowo
11:09:44.474 [main] INFO  sudoku.model.SudokuBoard - Bład w kwadracie 0
sudoku.model.SudokuBoard@dae5e0[
  size=9
  solver=sudoku.model.BacktrackingSudokuSolver@59a94d0f
  board={{3,7,1,2,8,9,4,6,5},{2,8,6,3,4,5,7,9,1},{9,4,5,6,1,7,8,2,3},{5,1,8,7,9,2,6,3,4},{4,9,7,5,6,3,2,0,0},{0,0,0,0,0,0,0,0,0},{0,0,0,0,0,0,0,0,0},{0,0,0,0,0,0,0,0,0},{0,0,0,0,0,0,0,0,0}}
]
11:09:44.474 [main] INFO  sudoku.model.SudokuBoard - Wartość 0 wstawiona nieprawidłowo
11:09:44.474 [main] INFO  sudoku.model.SudokuBoard - Bład w kwadracie 0
sudoku.model.SudokuBoard@dae5e0[
  size=9
  solver=sudoku.model.BacktrackingSudokuSolver@59a94d0f
  board={{3,7,1,2,8,9,4,6,5},{2,8,6,3,4,5,7,9,1},{9,4,5,6,1,7,8,2,3},{5,1,8,7,9,2,6,3,4},{4,9,7,5,6,3,0,0,0},{0,0,0,0,0,0,0,0,0},{0,0,0,0,0,0,0,0,0},{0,0,0,0,0,0,0,0,0},{0,0,0,0,0,0,0,0,0}}
]
11:09:44.474 [main] INFO  sudoku.model.SudokuBoard - Wartość 0 wstawiona nieprawidłowo
11:09:44.474 [main] INFO  sudoku.model.SudokuBoard - Bład w kwadracie 0
sudoku.model.SudokuBoard@dae5e0[
  size=9
  solver=sudoku.model.BacktrackingSudokuSolver@59a94d0f
  board={{3,7,1,2,8,9,4,6,5},{2,8,6,3,4,5,7,9,1},{9,4,5,6,1,7,8,2,3},{5,1,8,7,9,2,6,3,4},{4,9,7,5,6,0,0,0,0},{0,0,0,0,0,0,0,0,0},{0,0,0,0,0,0,0,0,0},{0,0,0,0,0,0,0,0,0},{0,0,0,0,0,0,0,0,0}}
]
11:09:44.474 [main] INFO  sudoku.model.SudokuBoard - Wartość 0 wstawiona nieprawidłowo
11:09:44.474 [main] INFO  sudoku.model.SudokuBoard - Bład w kwadracie 0
sudoku.model.SudokuBoard@dae5e0[
  size=9
  solver=sudoku.model.BacktrackingSudokuSolver@59a94d0f
  board={{3,7,1,2,8,9,4,6,5},{2,8,6,3,4,5,7,9,1},{9,4,5,6,1,7,8,2,3},{5,1,8,7,9,2,6,3,4},{4,9,7,5,0,0,0,0,0},{0,0,0,0,0,0,0,0,0},{0,0,0,0,0,0,0,0,0},{0,0,0,0,0,0,0,0,0},{0,0,0,0,0,0,0,0,0}}
]
11:09:44.474 [main] INFO  sudoku.model.SudokuBoard - Wartość 0 wstawiona nieprawidłowo
11:09:44.474 [main] INFO  sudoku.model.SudokuBoard - Bład w kwadracie 0
sudoku.model.SudokuBoard@dae5e0[
  size=9
  solver=sudoku.model.BacktrackingSudokuSolver@59a94d0f
  board={{3,7,1,2,8,9,4,6,5},{2,8,6,3,4,5,7,9,1},{9,4,5,6,1,7,8,2,3},{5,1,8,7,9,2,6,3,4},{4,9,7,0,0,0,0,0,0},{0,0,0,0,0,0,0,0,0},{0,0,0,0,0,0,0,0,0},{0,0,0,0,0,0,0,0,0},{0,0,0,0,0,0,0,0,0}}
]
11:09:44.474 [main] INFO  sudoku.model.SudokuBoard - Wartość 0 wstawiona nieprawidłowo
11:09:44.474 [main] INFO  sudoku.model.SudokuBoard - Bład w kwadracie 0
sudoku.model.SudokuBoard@dae5e0[
  size=9
  solver=sudoku.model.BacktrackingSudokuSolver@59a94d0f
  board={{3,7,1,2,8,9,4,6,5},{2,8,6,3,4,5,7,9,1},{9,4,5,6,1,7,8,2,3},{5,1,8,7,9,2,6,3,4},{4,9,7,8,5,6,0,0,0},{0,0,0,0,0,0,0,0,0},{0,0,0,0,0,0,0,0,0},{0,0,0,0,0,0,0,0,0},{0,0,0,0,0,0,0,0,0}}
]
11:09:44.474 [main] INFO  sudoku.model.SudokuBoard - Wartość 0 wstawiona nieprawidłowo
11:09:44.475 [main] INFO  sudoku.model.SudokuBoard - Bład w kwadracie 0
sudoku.model.SudokuBoard@dae5e0[
  size=9
  solver=sudoku.model.BacktrackingSudokuSolver@59a94d0f
  board={{3,7,1,2,8,9,4,6,5},{2,8,6,3,4,5,7,9,1},{9,4,5,6,1,7,8,2,3},{5,1,8,7,9,2,6,3,4},{4,9,7,8,5,6,2,0,0},{0,0,0,0,0,0,0,0,0},{0,0,0,0,0,0,0,0,0},{0,0,0,0,0,0,0,0,0},{0,0,0,0,0,0,0,0,0}}
]
11:09:44.475 [main] INFO  sudoku.model.SudokuBoard - Wartość 0 wstawiona nieprawidłowo
11:09:44.475 [main] INFO  sudoku.model.SudokuBoard - Bład w kwadracie 0
sudoku.model.SudokuBoard@dae5e0[
  size=9
  solver=sudoku.model.BacktrackingSudokuSolver@59a94d0f
  board={{3,7,1,2,8,9,4,6,5},{2,8,6,3,4,5,7,9,1},{9,4,5,6,1,7,8,2,3},{5,1,8,7,9,2,6,3,4},{4,9,7,8,5,6,0,0,0},{0,0,0,0,0,0,0,0,0},{0,0,0,0,0,0,0,0,0},{0,0,0,0,0,0,0,0,0},{0,0,0,0,0,0,0,0,0}}
]
11:09:44.475 [main] INFO  sudoku.model.SudokuBoard - Wartość 0 wstawiona nieprawidłowo
11:09:44.475 [main] INFO  sudoku.model.SudokuBoard - Bład w kwadracie 0
sudoku.model.SudokuBoard@dae5e0[
  size=9
  solver=sudoku.model.BacktrackingSudokuSolver@59a94d0f
  board={{3,7,1,2,8,9,4,6,5},{2,8,6,3,4,5,7,9,1},{9,4,5,6,1,7,8,2,3},{5,1,8,7,9,2,6,3,4},{4,9,7,8,5,0,0,0,0},{0,0,0,0,0,0,0,0,0},{0,0,0,0,0,0,0,0,0},{0,0,0,0,0,0,0,0,0},{0,0,0,0,0,0,0,0,0}}
]
11:09:44.475 [main] INFO  sudoku.model.SudokuBoard - Wartość 0 wstawiona nieprawidłowo
11:09:44.475 [main] INFO  sudoku.model.SudokuBoard - Bład w kwadracie 0
sudoku.model.SudokuBoard@dae5e0[
  size=9
  solver=sudoku.model.BacktrackingSudokuSolver@59a94d0f
  board={{3,7,1,2,8,9,4,6,5},{2,8,6,3,4,5,7,9,1},{9,4,5,6,1,7,8,2,3},{5,1,8,7,9,2,6,3,4},{4,9,7,8,5,1,0,0,0},{0,0,0,0,0,0,0,0,0},{0,0,0,0,0,0,0,0,0},{0,0,0,0,0,0,0,0,0},{0,0,0,0,0,0,0,0,0}}
]
11:09:44.475 [main] INFO  sudoku.model.SudokuBoard - Wartość 0 wstawiona nieprawidłowo
11:09:44.476 [main] INFO  sudoku.model.SudokuBoard - Bład w kwadracie 0
sudoku.model.SudokuBoard@dae5e0[
  size=9
  solver=sudoku.model.BacktrackingSudokuSolver@59a94d0f
  board={{3,7,1,2,8,9,4,6,5},{2,8,6,3,4,5,7,9,1},{9,4,5,6,1,7,8,2,3},{5,1,8,7,9,2,6,3,4},{4,9,7,8,5,0,0,0,0},{0,0,0,0,0,0,0,0,0},{0,0,0,0,0,0,0,0,0},{0,0,0,0,0,0,0,0,0},{0,0,0,0,0,0,0,0,0}}
]
11:09:44.476 [main] INFO  sudoku.model.SudokuBoard - Wartość 0 wstawiona nieprawidłowo
11:09:44.476 [main] INFO  sudoku.model.SudokuBoard - Bład w kwadracie 0
sudoku.model.SudokuBoard@dae5e0[
  size=9
  solver=sudoku.model.BacktrackingSudokuSolver@59a94d0f
  board={{3,7,1,2,8,9,4,6,5},{2,8,6,3,4,5,7,9,1},{9,4,5,6,1,7,8,2,3},{5,1,8,7,9,2,6,3,4},{4,9,7,8,5,3,0,0,0},{0,0,0,0,0,0,0,0,0},{0,0,0,0,0,0,0,0,0},{0,0,0,0,0,0,0,0,0},{0,0,0,0,0,0,0,0,0}}
]
11:09:44.476 [main] INFO  sudoku.model.SudokuBoard - Wartość 0 wstawiona nieprawidłowo
11:09:44.476 [main] INFO  sudoku.model.SudokuBoard - Bład w kwadracie 0
sudoku.model.SudokuBoard@dae5e0[
  size=9
  solver=sudoku.model.BacktrackingSudokuSolver@59a94d0f
  board={{3,7,1,2,8,9,4,6,5},{2,8,6,3,4,5,7,9,1},{9,4,5,6,1,7,8,2,3},{5,1,8,7,9,2,6,3,4},{4,9,7,8,5,3,2,0,0},{0,0,0,0,0,0,0,0,0},{0,0,0,0,0,0,0,0,0},{0,0,0,0,0,0,0,0,0},{0,0,0,0,0,0,0,0,0}}
]
11:09:44.476 [main] INFO  sudoku.model.SudokuBoard - Wartość 0 wstawiona nieprawidłowo
11:09:44.476 [main] INFO  sudoku.model.SudokuBoard - Bład w kwadracie 0
sudoku.model.SudokuBoard@dae5e0[
  size=9
  solver=sudoku.model.BacktrackingSudokuSolver@59a94d0f
  board={{3,7,1,2,8,9,4,6,5},{2,8,6,3,4,5,7,9,1},{9,4,5,6,1,7,8,2,3},{5,1,8,7,9,2,6,3,4},{4,9,7,8,5,3,0,0,0},{0,0,0,0,0,0,0,0,0},{0,0,0,0,0,0,0,0,0},{0,0,0,0,0,0,0,0,0},{0,0,0,0,0,0,0,0,0}}
]
11:09:44.477 [main] INFO  sudoku.model.SudokuBoard - Wartość 0 wstawiona nieprawidłowo
11:09:44.477 [main] INFO  sudoku.model.SudokuBoard - Bład w kwadracie 0
sudoku.model.SudokuBoard@dae5e0[
  size=9
  solver=sudoku.model.BacktrackingSudokuSolver@59a94d0f
  board={{3,7,1,2,8,9,4,6,5},{2,8,6,3,4,5,7,9,1},{9,4,5,6,1,7,8,2,3},{5,1,8,7,9,2,6,3,4},{4,9,7,8,5,0,0,0,0},{0,0,0,0,0,0,0,0,0},{0,0,0,0,0,0,0,0,0},{0,0,0,0,0,0,0,0,0},{0,0,0,0,0,0,0,0,0}}
]
11:09:44.478 [main] INFO  sudoku.model.SudokuBoard - Wartość 0 wstawiona nieprawidłowo
11:09:44.478 [main] INFO  sudoku.model.SudokuBoard - Bład w kwadracie 0
sudoku.model.SudokuBoard@dae5e0[
  size=9
  solver=sudoku.model.BacktrackingSudokuSolver@59a94d0f
  board={{3,7,1,2,8,9,4,6,5},{2,8,6,3,4,5,7,9,1},{9,4,5,6,1,7,8,2,3},{5,1,8,7,9,2,6,3,4},{4,9,7,8,0,0,0,0,0},{0,0,0,0,0,0,0,0,0},{0,0,0,0,0,0,0,0,0},{0,0,0,0,0,0,0,0,0},{0,0,0,0,0,0,0,0,0}}
]
11:09:44.478 [main] INFO  sudoku.model.SudokuBoard - Wartość 0 wstawiona nieprawidłowo
11:09:44.478 [main] INFO  sudoku.model.SudokuBoard - Bład w kwadracie 0
sudoku.model.SudokuBoard@dae5e0[
  size=9
  solver=sudoku.model.BacktrackingSudokuSolver@59a94d0f
  board={{3,7,1,2,8,9,4,6,5},{2,8,6,3,4,5,7,9,1},{9,4,5,6,1,7,8,2,3},{5,1,8,7,9,2,6,3,4},{4,9,7,8,6,3,5,1,2},{6,2,3,0,0,0,0,0,0},{0,0,0,0,0,0,0,0,0},{0,0,0,0,0,0,0,0,0},{0,0,0,0,0,0,0,0,0}}
]
11:09:44.478 [main] INFO  sudoku.model.SudokuBoard - Wartość 0 wstawiona nieprawidłowo
11:09:44.478 [main] INFO  sudoku.model.SudokuBoard - Bład w kwadracie 0
sudoku.model.SudokuBoard@dae5e0[
  size=9
  solver=sudoku.model.BacktrackingSudokuSolver@59a94d0f
  board={{3,7,1,2,8,9,4,6,5},{2,8,6,3,4,5,7,9,1},{9,4,5,6,1,7,8,2,3},{5,1,8,7,9,2,6,3,4},{4,9,7,8,6,3,5,1,2},{6,2,3,1,5,4,9,7,8},{7,3,2,0,0,0,0,0,0},{0,0,0,0,0,0,0,0,0},{0,0,0,0,0,0,0,0,0}}
]
11:09:44.478 [main] INFO  sudoku.model.SudokuBoard - Wartość 0 wstawiona nieprawidłowo
11:09:44.478 [main] INFO  sudoku.model.SudokuBoard - Bład w kwadracie 0
sudoku.model.SudokuBoard@dae5e0[
  size=9
  solver=sudoku.model.BacktrackingSudokuSolver@59a94d0f
  board={{3,7,1,2,8,9,4,6,5},{2,8,6,3,4,5,7,9,1},{9,4,5,6,1,7,8,2,3},{5,1,8,7,9,2,6,3,4},{4,9,7,8,6,3,5,1,2},{6,2,3,1,5,4,9,7,8},{7,3,2,0,0,0,0,0,0},{0,0,0,0,0,0,0,0,0},{0,0,0,0,0,0,0,0,0}}
]
11:09:44.478 [main] INFO  sudoku.model.SudokuBoard - Wartość 0 wstawiona nieprawidłowo
11:09:44.478 [main] INFO  sudoku.model.SudokuBoard - Bład w kwadracie 0
sudoku.model.SudokuBoard@dae5e0[
  size=9
  solver=sudoku.model.BacktrackingSudokuSolver@59a94d0f
  board={{3,7,1,2,8,9,4,6,5},{2,8,6,3,4,5,7,9,1},{9,4,5,6,1,7,8,2,3},{5,1,8,7,9,2,6,3,4},{4,9,7,8,6,3,5,1,2},{6,2,3,1,5,4,9,7,8},{7,3,2,0,0,0,0,0,0},{0,0,0,0,0,0,0,0,0},{0,0,0,0,0,0,0,0,0}}
]
11:09:44.478 [main] INFO  sudoku.model.SudokuBoard - Wartość 0 wstawiona nieprawidłowo
11:09:44.478 [main] INFO  sudoku.model.SudokuBoard - Bład w kwadracie 0
sudoku.model.SudokuBoard@dae5e0[
  size=9
  solver=sudoku.model.BacktrackingSudokuSolver@59a94d0f
  board={{3,7,1,2,8,9,4,6,5},{2,8,6,3,4,5,7,9,1},{9,4,5,6,1,7,8,2,3},{5,1,8,7,9,2,6,3,4},{4,9,7,8,6,3,5,1,2},{6,2,3,1,5,4,9,7,8},{7,3,0,0,0,0,0,0,0},{0,0,0,0,0,0,0,0,0},{0,0,0,0,0,0,0,0,0}}
]
11:09:44.479 [main] INFO  sudoku.model.SudokuBoard - Wartość 0 wstawiona nieprawidłowo
11:09:44.479 [main] INFO  sudoku.model.SudokuBoard - Bład w kwadracie 0
sudoku.model.SudokuBoard@dae5e0[
  size=9
  solver=sudoku.model.BacktrackingSudokuSolver@59a94d0f
  board={{3,7,1,2,8,9,4,6,5},{2,8,6,3,4,5,7,9,1},{9,4,5,6,1,7,8,2,3},{5,1,8,7,9,2,6,3,4},{4,9,7,8,6,3,5,1,2},{6,2,3,1,5,4,9,7,8},{7,3,4,5,2,8,0,0,0},{0,0,0,0,0,0,0,0,0},{0,0,0,0,0,0,0,0,0}}
]
11:09:44.479 [main] INFO  sudoku.model.SudokuBoard - Wartość 0 wstawiona nieprawidłowo
11:09:44.479 [main] INFO  sudoku.model.SudokuBoard - Bład w kwadracie 0
sudoku.model.SudokuBoard@dae5e0[
  size=9
  solver=sudoku.model.BacktrackingSudokuSolver@59a94d0f
  board={{3,7,1,2,8,9,4,6,5},{2,8,6,3,4,5,7,9,1},{9,4,5,6,1,7,8,2,3},{5,1,8,7,9,2,6,3,4},{4,9,7,8,6,3,5,1,2},{6,2,3,1,5,4,9,7,8},{7,3,4,5,2,0,0,0,0},{0,0,0,0,0,0,0,0,0},{0,0,0,0,0,0,0,0,0}}
]
11:09:44.479 [main] INFO  sudoku.model.SudokuBoard - Wartość 0 wstawiona nieprawidłowo
11:09:44.479 [main] INFO  sudoku.model.SudokuBoard - Bład w kwadracie 0
sudoku.model.SudokuBoard@dae5e0[
  size=9
  solver=sudoku.model.BacktrackingSudokuSolver@59a94d0f
  board={{3,7,1,2,8,9,4,6,5},{2,8,6,3,4,5,7,9,1},{9,4,5,6,1,7,8,2,3},{5,1,8,7,9,2,6,3,4},{4,9,7,8,6,3,5,1,2},{6,2,3,1,5,4,9,7,8},{7,3,4,5,2,0,0,0,0},{0,0,0,0,0,0,0,0,0},{0,0,0,0,0,0,0,0,0}}
]
11:09:44.479 [main] INFO  sudoku.model.SudokuBoard - Wartość 0 wstawiona nieprawidłowo
11:09:44.479 [main] INFO  sudoku.model.SudokuBoard - Bład w kwadracie 0
sudoku.model.SudokuBoard@dae5e0[
  size=9
  solver=sudoku.model.BacktrackingSudokuSolver@59a94d0f
  board={{3,7,1,2,8,9,4,6,5},{2,8,6,3,4,5,7,9,1},{9,4,5,6,1,7,8,2,3},{5,1,8,7,9,2,6,3,4},{4,9,7,8,6,3,5,1,2},{6,2,3,1,5,4,9,7,8},{7,3,4,5,2,6,1,8,9},{8,5,9,4,7,1,0,0,0},{0,0,0,0,0,0,0,0,0}}
]
11:09:44.479 [main] INFO  sudoku.model.SudokuBoard - Wartość 0 wstawiona nieprawidłowo
11:09:44.479 [main] INFO  sudoku.model.SudokuBoard - Bład w kwadracie 0
sudoku.model.SudokuBoard@dae5e0[
  size=9
  solver=sudoku.model.BacktrackingSudokuSolver@59a94d0f
  board={{3,7,1,2,8,9,4,6,5},{2,8,6,3,4,5,7,9,1},{9,4,5,6,1,7,8,2,3},{5,1,8,7,9,2,6,3,4},{4,9,7,8,6,3,5,1,2},{6,2,3,1,5,4,9,7,8},{7,3,4,5,2,6,1,8,9},{8,5,9,4,7,1,0,0,0},{0,0,0,0,0,0,0,0,0}}
]
11:09:44.479 [main] INFO  sudoku.model.SudokuBoard - Wartość 0 wstawiona nieprawidłowo
11:09:44.479 [main] INFO  sudoku.model.SudokuBoard - Bład w kwadracie 0
sudoku.model.SudokuBoard@dae5e0[
  size=9
  solver=sudoku.model.BacktrackingSudokuSolver@59a94d0f
  board={{3,7,1,2,8,9,4,6,5},{2,8,6,3,4,5,7,9,1},{9,4,5,6,1,7,8,2,3},{5,1,8,7,9,2,6,3,4},{4,9,7,8,6,3,5,1,2},{6,2,3,1,5,4,9,7,8},{7,3,4,5,2,6,1,8,9},{8,5,9,4,7,0,0,0,0},{0,0,0,0,0,0,0,0,0}}
]
11:09:44.480 [main] INFO  sudoku.model.SudokuBoard - Wartość 0 wstawiona nieprawidłowo
11:09:44.480 [main] INFO  sudoku.model.SudokuBoard - Bład w kwadracie 0
sudoku.model.SudokuBoard@dae5e0[
  size=9
  solver=sudoku.model.BacktrackingSudokuSolver@59a94d0f
  board={{3,7,1,2,8,9,4,6,5},{2,8,6,3,4,5,7,9,1},{9,4,5,6,1,7,8,2,3},{5,1,8,7,9,2,6,3,4},{4,9,7,8,6,3,5,1,2},{6,2,3,1,5,4,9,7,8},{7,3,4,5,2,6,1,8,9},{8,5,9,4,0,0,0,0,0},{0,0,0,0,0,0,0,0,0}}
]
11:09:44.480 [main] INFO  sudoku.model.SudokuBoard - Wartość 0 wstawiona nieprawidłowo
11:09:44.480 [main] INFO  sudoku.model.SudokuBoard - Bład w kwadracie 0
sudoku.model.SudokuBoard@dae5e0[
  size=9
  solver=sudoku.model.BacktrackingSudokuSolver@59a94d0f
  board={{3,7,1,2,8,9,4,6,5},{2,8,6,3,4,5,7,9,1},{9,4,5,6,1,7,8,2,3},{5,1,8,7,9,2,6,3,4},{4,9,7,8,6,3,5,1,2},{6,2,3,1,5,4,9,7,8},{7,3,4,5,2,6,1,8,9},{8,5,9,4,3,1,0,0,0},{0,0,0,0,0,0,0,0,0}}
]
11:09:44.480 [main] INFO  sudoku.model.SudokuBoard - Wartość 0 wstawiona nieprawidłowo
11:09:44.480 [main] INFO  sudoku.model.SudokuBoard - Bład w kwadracie 0
sudoku.model.SudokuBoard@dae5e0[
  size=9
  solver=sudoku.model.BacktrackingSudokuSolver@59a94d0f
  board={{3,7,1,2,8,9,4,6,5},{2,8,6,3,4,5,7,9,1},{9,4,5,6,1,7,8,2,3},{5,1,8,7,9,2,6,3,4},{4,9,7,8,6,3,5,1,2},{6,2,3,1,5,4,9,7,8},{7,3,4,5,2,6,1,8,9},{8,5,9,4,3,0,0,0,0},{0,0,0,0,0,0,0,0,0}}
]
11:09:44.480 [main] INFO  sudoku.model.SudokuBoard - Wartość 0 wstawiona nieprawidłowo
11:09:44.480 [main] INFO  sudoku.model.SudokuBoard - Bład w kwadracie 0
sudoku.model.SudokuBoard@dae5e0[
  size=9
  solver=sudoku.model.BacktrackingSudokuSolver@59a94d0f
  board={{3,7,1,2,8,9,4,6,5},{2,8,6,3,4,5,7,9,1},{9,4,5,6,1,7,8,2,3},{5,1,8,7,9,2,6,3,4},{4,9,7,8,6,3,5,1,2},{6,2,3,1,5,4,9,7,8},{7,3,4,5,2,6,1,8,9},{8,5,9,4,0,0,0,0,0},{0,0,0,0,0,0,0,0,0}}
]
11:09:44.482 [main] INFO  sudoku.model.SudokuBoard - Wartość 0 wstawiona nieprawidłowo
11:09:44.483 [main] INFO  sudoku.model.SudokuBoard - Bład w kwadracie 0
sudoku.model.SudokuBoard@dae5e0[
  size=9
  solver=sudoku.model.BacktrackingSudokuSolver@59a94d0f
  board={{3,7,1,2,8,9,4,6,5},{2,8,6,3,4,5,7,9,1},{9,4,5,6,1,7,8,2,3},{5,1,8,7,9,2,6,3,4},{4,9,7,8,6,3,5,1,2},{6,2,3,1,5,4,9,7,8},{7,3,4,5,2,6,1,8,9},{8,5,9,0,0,0,0,0,0},{0,0,0,0,0,0,0,0,0}}
]
11:09:44.483 [main] INFO  sudoku.model.SudokuBoard - Wartość 0 wstawiona nieprawidłowo
11:09:44.483 [main] INFO  sudoku.model.SudokuBoard - Bład w kwadracie 0
sudoku.model.SudokuBoard@dae5e0[
  size=9
  solver=sudoku.model.BacktrackingSudokuSolver@59a94d0f
  board={{3,7,1,2,8,9,4,6,5},{2,8,6,3,4,5,7,9,1},{9,4,5,6,1,7,8,2,3},{5,1,8,7,9,2,6,3,4},{4,9,7,8,6,3,5,1,2},{6,2,3,1,5,4,9,7,8},{7,3,4,5,2,6,1,8,9},{8,5,0,0,0,0,0,0,0},{0,0,0,0,0,0,0,0,0}}
]
11:09:44.483 [main] INFO  sudoku.model.SudokuBoard - Wartość 0 wstawiona nieprawidłowo
11:09:44.483 [main] INFO  sudoku.model.SudokuBoard - Bład w kwadracie 0
sudoku.model.SudokuBoard@dae5e0[
  size=9
  solver=sudoku.model.BacktrackingSudokuSolver@59a94d0f
  board={{3,7,1,2,8,9,4,6,5},{2,8,6,3,4,5,7,9,1},{9,4,5,6,1,7,8,2,3},{5,1,8,7,9,2,6,3,4},{4,9,7,8,6,3,5,1,2},{6,2,3,1,5,4,9,7,8},{7,3,4,5,2,6,1,8,9},{8,5,2,4,7,1,0,0,0},{0,0,0,0,0,0,0,0,0}}
]
11:09:44.483 [main] INFO  sudoku.model.SudokuBoard - Wartość 0 wstawiona nieprawidłowo
11:09:44.483 [main] INFO  sudoku.model.SudokuBoard - Bład w kwadracie 0
sudoku.model.SudokuBoard@dae5e0[
  size=9
  solver=sudoku.model.BacktrackingSudokuSolver@59a94d0f
  board={{3,7,1,2,8,9,4,6,5},{2,8,6,3,4,5,7,9,1},{9,4,5,6,1,7,8,2,3},{5,1,8,7,9,2,6,3,4},{4,9,7,8,6,3,5,1,2},{6,2,3,1,5,4,9,7,8},{7,3,4,5,2,6,1,8,9},{8,5,2,4,7,0,0,0,0},{0,0,0,0,0,0,0,0,0}}
]
11:09:44.483 [main] INFO  sudoku.model.SudokuBoard - Wartość 0 wstawiona nieprawidłowo
11:09:44.483 [main] INFO  sudoku.model.SudokuBoard - Bład w kwadracie 0
sudoku.model.SudokuBoard@dae5e0[
  size=9
  solver=sudoku.model.BacktrackingSudokuSolver@59a94d0f
  board={{3,7,1,2,8,9,4,6,5},{2,8,6,3,4,5,7,9,1},{9,4,5,6,1,7,8,2,3},{5,1,8,7,9,2,6,3,4},{4,9,7,8,6,3,5,1,2},{6,2,3,1,5,4,9,7,8},{7,3,4,5,2,6,1,8,9},{8,5,2,4,0,0,0,0,0},{0,0,0,0,0,0,0,0,0}}
]
11:09:44.484 [main] INFO  sudoku.model.SudokuBoard - Wartość 0 wstawiona nieprawidłowo
11:09:44.484 [main] INFO  sudoku.model.SudokuBoard - Bład w kwadracie 0
sudoku.model.SudokuBoard@dae5e0[
  size=9
  solver=sudoku.model.BacktrackingSudokuSolver@59a94d0f
  board={{3,7,1,2,8,9,4,6,5},{2,8,6,3,4,5,7,9,1},{9,4,5,6,1,7,8,2,3},{5,1,8,7,9,2,6,3,4},{4,9,7,8,6,3,5,1,2},{6,2,3,1,5,4,9,7,8},{7,3,4,5,2,6,1,8,9},{8,5,2,4,3,0,0,0,0},{0,0,0,0,0,0,0,0,0}}
]
11:09:44.484 [main] INFO  sudoku.model.SudokuBoard - Wartość 0 wstawiona nieprawidłowo
11:09:44.484 [main] INFO  sudoku.model.SudokuBoard - Bład w kwadracie 0
sudoku.model.SudokuBoard@dae5e0[
  size=9
  solver=sudoku.model.BacktrackingSudokuSolver@59a94d0f
  board={{3,7,1,2,8,9,4,6,5},{2,8,6,3,4,5,7,9,1},{9,4,5,6,1,7,8,2,3},{5,1,8,7,9,2,6,3,4},{4,9,7,8,6,3,5,1,2},{6,2,3,1,5,4,9,7,8},{7,3,4,5,2,6,1,8,9},{8,5,2,4,0,0,0,0,0},{0,0,0,0,0,0,0,0,0}}
]
11:09:44.484 [main] INFO  sudoku.model.SudokuBoard - Wartość 0 wstawiona nieprawidłowo
11:09:44.484 [main] INFO  sudoku.model.SudokuBoard - Bład w kwadracie 0
sudoku.model.SudokuBoard@dae5e0[
  size=9
  solver=sudoku.model.BacktrackingSudokuSolver@59a94d0f
  board={{3,7,1,2,8,9,4,6,5},{2,8,6,3,4,5,7,9,1},{9,4,5,6,1,7,8,2,3},{5,1,8,7,9,2,6,3,4},{4,9,7,8,6,3,5,1,2},{6,2,3,1,5,4,9,7,8},{7,3,4,5,2,6,1,8,9},{8,5,2,0,0,0,0,0,0},{0,0,0,0,0,0,0,0,0}}
]
11:09:44.484 [main] INFO  sudoku.model.SudokuBoard - Wartość 0 wstawiona nieprawidłowo
]]></system-out>
  </testcase>
  <testcase name="testEqualsSame" classname="sudoku.model.SeriesTest" time="0.01">
    <system-out><![CDATA[11:09:44.486 [main] INFO  sudoku.model.SudokuBoard - Bład w kwadracie 0
sudoku.model.SudokuBoard@2d5ae78e[
  size=9
  solver=sudoku.model.BacktrackingSudokuSolver@21f91efa
  board={{1,6,7,8,9,2,3,4,5},{8,5,9,1,3,6,7,0,0},{0,0,0,0,0,0,0,0,0},{0,0,0,0,0,0,0,0,0},{0,0,0,0,0,0,0,0,0},{0,0,0,0,0,0,0,0,0},{0,0,0,0,0,0,0,0,0},{0,0,0,0,0,0,0,0,0},{0,0,0,0,0,0,0,0,0}}
]
11:09:44.486 [main] INFO  sudoku.model.SudokuBoard - Wartość 0 wstawiona nieprawidłowo
11:09:44.486 [main] INFO  sudoku.model.SudokuBoard - Bład w kwadracie 0
sudoku.model.SudokuBoard@2d5ae78e[
  size=9
  solver=sudoku.model.BacktrackingSudokuSolver@21f91efa
  board={{1,6,7,8,9,2,3,4,5},{8,5,9,1,3,6,0,0,0},{0,0,0,0,0,0,0,0,0},{0,0,0,0,0,0,0,0,0},{0,0,0,0,0,0,0,0,0},{0,0,0,0,0,0,0,0,0},{0,0,0,0,0,0,0,0,0},{0,0,0,0,0,0,0,0,0},{0,0,0,0,0,0,0,0,0}}
]
11:09:44.488 [main] INFO  sudoku.model.SudokuBoard - Wartość 0 wstawiona nieprawidłowo
11:09:44.488 [main] INFO  sudoku.model.SudokuBoard - Bład w kwadracie 0
sudoku.model.SudokuBoard@2d5ae78e[
  size=9
  solver=sudoku.model.BacktrackingSudokuSolver@21f91efa
  board={{1,6,7,8,9,2,3,4,5},{8,5,9,1,3,6,2,0,0},{0,0,0,0,0,0,0,0,0},{0,0,0,0,0,0,0,0,0},{0,0,0,0,0,0,0,0,0},{0,0,0,0,0,0,0,0,0},{0,0,0,0,0,0,0,0,0},{0,0,0,0,0,0,0,0,0},{0,0,0,0,0,0,0,0,0}}
]
11:09:44.488 [main] INFO  sudoku.model.SudokuBoard - Wartość 0 wstawiona nieprawidłowo
11:09:44.488 [main] INFO  sudoku.model.SudokuBoard - Bład w kwadracie 0
sudoku.model.SudokuBoard@2d5ae78e[
  size=9
  solver=sudoku.model.BacktrackingSudokuSolver@21f91efa
  board={{1,6,7,8,9,2,3,4,5},{8,5,9,1,3,6,0,0,0},{0,0,0,0,0,0,0,0,0},{0,0,0,0,0,0,0,0,0},{0,0,0,0,0,0,0,0,0},{0,0,0,0,0,0,0,0,0},{0,0,0,0,0,0,0,0,0},{0,0,0,0,0,0,0,0,0},{0,0,0,0,0,0,0,0,0}}
]
11:09:44.488 [main] INFO  sudoku.model.SudokuBoard - Wartość 0 wstawiona nieprawidłowo
11:09:44.488 [main] INFO  sudoku.model.SudokuBoard - Bład w kwadracie 0
sudoku.model.SudokuBoard@2d5ae78e[
  size=9
  solver=sudoku.model.BacktrackingSudokuSolver@21f91efa
  board={{1,6,7,8,9,2,3,4,5},{8,5,9,1,3,0,0,0,0},{0,0,0,0,0,0,0,0,0},{0,0,0,0,0,0,0,0,0},{0,0,0,0,0,0,0,0,0},{0,0,0,0,0,0,0,0,0},{0,0,0,0,0,0,0,0,0},{0,0,0,0,0,0,0,0,0},{0,0,0,0,0,0,0,0,0}}
]
11:09:44.488 [main] INFO  sudoku.model.SudokuBoard - Wartość 0 wstawiona nieprawidłowo
11:09:44.489 [main] INFO  sudoku.model.SudokuBoard - Bład w kwadracie 0
sudoku.model.SudokuBoard@2d5ae78e[
  size=9
  solver=sudoku.model.BacktrackingSudokuSolver@21f91efa
  board={{1,6,7,8,9,2,3,4,5},{8,5,9,1,3,7,6,0,0},{0,0,0,0,0,0,0,0,0},{0,0,0,0,0,0,0,0,0},{0,0,0,0,0,0,0,0,0},{0,0,0,0,0,0,0,0,0},{0,0,0,0,0,0,0,0,0},{0,0,0,0,0,0,0,0,0},{0,0,0,0,0,0,0,0,0}}
]
11:09:44.489 [main] INFO  sudoku.model.SudokuBoard - Wartość 0 wstawiona nieprawidłowo
11:09:44.489 [main] INFO  sudoku.model.SudokuBoard - Bład w kwadracie 0
sudoku.model.SudokuBoard@2d5ae78e[
  size=9
  solver=sudoku.model.BacktrackingSudokuSolver@21f91efa
  board={{1,6,7,8,9,2,3,4,5},{8,5,9,1,3,7,0,0,0},{0,0,0,0,0,0,0,0,0},{0,0,0,0,0,0,0,0,0},{0,0,0,0,0,0,0,0,0},{0,0,0,0,0,0,0,0,0},{0,0,0,0,0,0,0,0,0},{0,0,0,0,0,0,0,0,0},{0,0,0,0,0,0,0,0,0}}
]
11:09:44.489 [main] INFO  sudoku.model.SudokuBoard - Wartość 0 wstawiona nieprawidłowo
11:09:44.489 [main] INFO  sudoku.model.SudokuBoard - Bład w kwadracie 0
sudoku.model.SudokuBoard@2d5ae78e[
  size=9
  solver=sudoku.model.BacktrackingSudokuSolver@21f91efa
  board={{1,6,7,8,9,2,3,4,5},{8,5,9,1,3,7,2,0,0},{0,0,0,0,0,0,0,0,0},{0,0,0,0,0,0,0,0,0},{0,0,0,0,0,0,0,0,0},{0,0,0,0,0,0,0,0,0},{0,0,0,0,0,0,0,0,0},{0,0,0,0,0,0,0,0,0},{0,0,0,0,0,0,0,0,0}}
]
11:09:44.489 [main] INFO  sudoku.model.SudokuBoard - Wartość 0 wstawiona nieprawidłowo
11:09:44.489 [main] INFO  sudoku.model.SudokuBoard - Bład w kwadracie 0
sudoku.model.SudokuBoard@2d5ae78e[
  size=9
  solver=sudoku.model.BacktrackingSudokuSolver@21f91efa
  board={{1,6,7,8,9,2,3,4,5},{8,5,9,1,3,7,0,0,0},{0,0,0,0,0,0,0,0,0},{0,0,0,0,0,0,0,0,0},{0,0,0,0,0,0,0,0,0},{0,0,0,0,0,0,0,0,0},{0,0,0,0,0,0,0,0,0},{0,0,0,0,0,0,0,0,0},{0,0,0,0,0,0,0,0,0}}
]
11:09:44.489 [main] INFO  sudoku.model.SudokuBoard - Wartość 0 wstawiona nieprawidłowo
11:09:44.489 [main] INFO  sudoku.model.SudokuBoard - Bład w kwadracie 0
sudoku.model.SudokuBoard@2d5ae78e[
  size=9
  solver=sudoku.model.BacktrackingSudokuSolver@21f91efa
  board={{1,6,7,8,9,2,3,4,5},{8,5,9,1,3,0,0,0,0},{0,0,0,0,0,0,0,0,0},{0,0,0,0,0,0,0,0,0},{0,0,0,0,0,0,0,0,0},{0,0,0,0,0,0,0,0,0},{0,0,0,0,0,0,0,0,0},{0,0,0,0,0,0,0,0,0},{0,0,0,0,0,0,0,0,0}}
]
11:09:44.489 [main] INFO  sudoku.model.SudokuBoard - Wartość 0 wstawiona nieprawidłowo
11:09:44.489 [main] INFO  sudoku.model.SudokuBoard - Bład w kwadracie 0
sudoku.model.SudokuBoard@2d5ae78e[
  size=9
  solver=sudoku.model.BacktrackingSudokuSolver@21f91efa
  board={{1,6,7,8,9,2,3,4,5},{8,5,9,1,3,4,2,6,7},{2,4,3,5,6,7,1,8,9},{3,7,2,9,4,6,8,0,0},{0,0,0,0,0,0,0,0,0},{0,0,0,0,0,0,0,0,0},{0,0,0,0,0,0,0,0,0},{0,0,0,0,0,0,0,0,0},{0,0,0,0,0,0,0,0,0}}
]
11:09:44.490 [main] INFO  sudoku.model.SudokuBoard - Wartość 0 wstawiona nieprawidłowo
11:09:44.490 [main] INFO  sudoku.model.SudokuBoard - Bład w kwadracie 0
sudoku.model.SudokuBoard@2d5ae78e[
  size=9
  solver=sudoku.model.BacktrackingSudokuSolver@21f91efa
  board={{1,6,7,8,9,2,3,4,5},{8,5,9,1,3,4,2,6,7},{2,4,3,5,6,7,1,8,9},{3,7,2,9,4,6,8,5,1},{4,8,5,2,1,3,6,0,0},{0,0,0,0,0,0,0,0,0},{0,0,0,0,0,0,0,0,0},{0,0,0,0,0,0,0,0,0},{0,0,0,0,0,0,0,0,0}}
]
11:09:44.490 [main] INFO  sudoku.model.SudokuBoard - Wartość 0 wstawiona nieprawidłowo
11:09:44.490 [main] INFO  sudoku.model.SudokuBoard - Bład w kwadracie 0
sudoku.model.SudokuBoard@2d5ae78e[
  size=9
  solver=sudoku.model.BacktrackingSudokuSolver@21f91efa
  board={{1,6,7,8,9,2,3,4,5},{8,5,9,1,3,4,2,6,7},{2,4,3,5,6,7,1,8,9},{3,7,2,9,4,6,8,5,1},{4,8,5,2,1,3,6,0,0},{0,0,0,0,0,0,0,0,0},{0,0,0,0,0,0,0,0,0},{0,0,0,0,0,0,0,0,0},{0,0,0,0,0,0,0,0,0}}
]
11:09:44.490 [main] INFO  sudoku.model.SudokuBoard - Wartość 0 wstawiona nieprawidłowo
11:09:44.490 [main] INFO  sudoku.model.SudokuBoard - Bład w kwadracie 0
sudoku.model.SudokuBoard@2d5ae78e[
  size=9
  solver=sudoku.model.BacktrackingSudokuSolver@21f91efa
  board={{1,6,7,8,9,2,3,4,5},{8,5,9,1,3,4,2,6,7},{2,4,3,5,6,7,1,8,9},{3,7,2,9,4,6,8,5,1},{4,8,5,2,1,3,0,0,0},{0,0,0,0,0,0,0,0,0},{0,0,0,0,0,0,0,0,0},{0,0,0,0,0,0,0,0,0},{0,0,0,0,0,0,0,0,0}}
]
11:09:44.490 [main] INFO  sudoku.model.SudokuBoard - Wartość 0 wstawiona nieprawidłowo
11:09:44.490 [main] INFO  sudoku.model.SudokuBoard - Bład w kwadracie 0
sudoku.model.SudokuBoard@2d5ae78e[
  size=9
  solver=sudoku.model.BacktrackingSudokuSolver@21f91efa
  board={{1,6,7,8,9,2,3,4,5},{8,5,9,1,3,4,2,6,7},{2,4,3,5,6,7,1,8,9},{3,7,2,9,4,6,8,5,1},{4,8,5,2,1,3,7,9,6},{9,1,6,7,5,8,4,2,3},{5,9,8,3,7,1,0,0,0},{0,0,0,0,0,0,0,0,0},{0,0,0,0,0,0,0,0,0}}
]
11:09:44.490 [main] INFO  sudoku.model.SudokuBoard - Wartość 0 wstawiona nieprawidłowo
11:09:44.490 [main] INFO  sudoku.model.SudokuBoard - Bład w kwadracie 0
sudoku.model.SudokuBoard@2d5ae78e[
  size=9
  solver=sudoku.model.BacktrackingSudokuSolver@21f91efa
  board={{1,6,7,8,9,2,3,4,5},{8,5,9,1,3,4,2,6,7},{2,4,3,5,6,7,1,8,9},{3,7,2,9,4,6,8,5,1},{4,8,5,2,1,3,7,9,6},{9,1,6,7,5,8,4,2,3},{5,9,8,3,7,0,0,0,0},{0,0,0,0,0,0,0,0,0},{0,0,0,0,0,0,0,0,0}}
]
11:09:44.490 [main] INFO  sudoku.model.SudokuBoard - Wartość 0 wstawiona nieprawidłowo
11:09:44.491 [main] INFO  sudoku.model.SudokuBoard - Bład w kwadracie 0
sudoku.model.SudokuBoard@2d5ae78e[
  size=9
  solver=sudoku.model.BacktrackingSudokuSolver@21f91efa
  board={{1,6,7,8,9,2,3,4,5},{8,5,9,1,3,4,2,6,7},{2,4,3,5,6,7,1,8,9},{3,7,2,9,4,6,8,5,1},{4,8,5,2,1,3,7,9,6},{9,1,6,7,5,8,4,2,3},{5,9,8,3,0,0,0,0,0},{0,0,0,0,0,0,0,0,0},{0,0,0,0,0,0,0,0,0}}
]
11:09:44.491 [main] INFO  sudoku.model.SudokuBoard - Wartość 0 wstawiona nieprawidłowo
11:09:44.491 [main] INFO  sudoku.model.SudokuBoard - Bład w kwadracie 0
sudoku.model.SudokuBoard@2d5ae78e[
  size=9
  solver=sudoku.model.BacktrackingSudokuSolver@21f91efa
  board={{1,6,7,8,9,2,3,4,5},{8,5,9,1,3,4,2,6,7},{2,4,3,5,6,7,1,8,9},{3,7,2,9,4,6,8,5,1},{4,8,5,2,1,3,7,9,6},{9,1,6,7,5,8,4,2,3},{5,9,8,3,2,1,6,7,4},{6,3,1,4,7,5,0,0,0},{0,0,0,0,0,0,0,0,0}}
]
11:09:44.491 [main] INFO  sudoku.model.SudokuBoard - Wartość 0 wstawiona nieprawidłowo
11:09:44.491 [main] INFO  sudoku.model.SudokuBoard - Bład w kwadracie 0
sudoku.model.SudokuBoard@2d5ae78e[
  size=9
  solver=sudoku.model.BacktrackingSudokuSolver@21f91efa
  board={{1,6,7,8,9,2,3,4,5},{8,5,9,1,3,4,2,6,7},{2,4,3,5,6,7,1,8,9},{3,7,2,9,4,6,8,5,1},{4,8,5,2,1,3,7,9,6},{9,1,6,7,5,8,4,2,3},{5,9,8,3,2,1,6,7,4},{6,3,1,4,7,0,0,0,0},{0,0,0,0,0,0,0,0,0}}
]
11:09:44.491 [main] INFO  sudoku.model.SudokuBoard - Wartość 0 wstawiona nieprawidłowo
11:09:44.491 [main] INFO  sudoku.model.SudokuBoard - Bład w kwadracie 0
sudoku.model.SudokuBoard@2d5ae78e[
  size=9
  solver=sudoku.model.BacktrackingSudokuSolver@21f91efa
  board={{1,6,7,8,9,2,3,4,5},{8,5,9,1,3,4,2,6,7},{2,4,3,5,6,7,1,8,9},{3,7,2,9,4,6,8,5,1},{4,8,5,2,1,3,7,9,6},{9,1,6,7,5,8,4,2,3},{5,9,8,3,2,1,6,7,4},{6,3,1,4,7,9,0,0,0},{0,0,0,0,0,0,0,0,0}}
]
11:09:44.491 [main] INFO  sudoku.model.SudokuBoard - Wartość 0 wstawiona nieprawidłowo
11:09:44.491 [main] INFO  sudoku.model.SudokuBoard - Bład w kwadracie 0
sudoku.model.SudokuBoard@2d5ae78e[
  size=9
  solver=sudoku.model.BacktrackingSudokuSolver@21f91efa
  board={{1,6,7,8,9,2,3,4,5},{8,5,9,1,3,4,2,6,7},{2,4,3,5,6,7,1,8,9},{3,7,2,9,4,6,8,5,1},{4,8,5,2,1,3,7,9,6},{9,1,6,7,5,8,4,2,3},{5,9,8,3,2,1,6,7,4},{6,3,1,4,7,0,0,0,0},{0,0,0,0,0,0,0,0,0}}
]
11:09:44.492 [main] INFO  sudoku.model.SudokuBoard - Wartość 0 wstawiona nieprawidłowo
11:09:44.492 [main] INFO  sudoku.model.SudokuBoard - Bład w kwadracie 0
sudoku.model.SudokuBoard@2d5ae78e[
  size=9
  solver=sudoku.model.BacktrackingSudokuSolver@21f91efa
  board={{1,6,7,8,9,2,3,4,5},{8,5,9,1,3,4,2,6,7},{2,4,3,5,6,7,1,8,9},{3,7,2,9,4,6,8,5,1},{4,8,5,2,1,3,7,9,6},{9,1,6,7,5,8,4,2,3},{5,9,8,3,2,1,6,7,4},{6,3,1,4,0,0,0,0,0},{0,0,0,0,0,0,0,0,0}}
]
11:09:44.492 [main] INFO  sudoku.model.SudokuBoard - Wartość 0 wstawiona nieprawidłowo
11:09:44.492 [main] INFO  sudoku.model.SudokuBoard - Bład w kwadracie 0
sudoku.model.SudokuBoard@2d5ae78e[
  size=9
  solver=sudoku.model.BacktrackingSudokuSolver@21f91efa
  board={{1,6,7,8,9,2,3,4,5},{8,5,9,1,3,4,2,6,7},{2,4,3,5,6,7,1,8,9},{3,7,2,9,4,6,8,5,1},{4,8,5,2,1,3,7,9,6},{9,1,6,7,5,8,4,2,3},{5,9,8,3,2,1,6,7,4},{6,3,1,4,8,9,0,0,0},{0,0,0,0,0,0,0,0,0}}
]
11:09:44.492 [main] INFO  sudoku.model.SudokuBoard - Wartość 0 wstawiona nieprawidłowo
11:09:44.492 [main] INFO  sudoku.model.SudokuBoard - Bład w kwadracie 0
sudoku.model.SudokuBoard@2d5ae78e[
  size=9
  solver=sudoku.model.BacktrackingSudokuSolver@21f91efa
  board={{1,6,7,8,9,2,3,4,5},{8,5,9,1,3,4,2,6,7},{2,4,3,5,6,7,1,8,9},{3,7,2,9,4,6,8,5,1},{4,8,5,2,1,3,7,9,6},{9,1,6,7,5,8,4,2,3},{5,9,8,3,2,1,6,7,4},{6,3,1,4,8,0,0,0,0},{0,0,0,0,0,0,0,0,0}}
]
11:09:44.492 [main] INFO  sudoku.model.SudokuBoard - Wartość 0 wstawiona nieprawidłowo
11:09:44.492 [main] INFO  sudoku.model.SudokuBoard - Bład w kwadracie 0
sudoku.model.SudokuBoard@2d5ae78e[
  size=9
  solver=sudoku.model.BacktrackingSudokuSolver@21f91efa
  board={{1,6,7,8,9,2,3,4,5},{8,5,9,1,3,4,2,6,7},{2,4,3,5,6,7,1,8,9},{3,7,2,9,4,6,8,5,1},{4,8,5,2,1,3,7,9,6},{9,1,6,7,5,8,4,2,3},{5,9,8,3,2,1,6,7,4},{6,3,1,4,8,5,0,0,0},{0,0,0,0,0,0,0,0,0}}
]
11:09:44.492 [main] INFO  sudoku.model.SudokuBoard - Wartość 0 wstawiona nieprawidłowo
11:09:44.492 [main] INFO  sudoku.model.SudokuBoard - Bład w kwadracie 0
sudoku.model.SudokuBoard@2d5ae78e[
  size=9
  solver=sudoku.model.BacktrackingSudokuSolver@21f91efa
  board={{1,6,7,8,9,2,3,4,5},{8,5,9,1,3,4,2,6,7},{2,4,3,5,6,7,1,8,9},{3,7,2,9,4,6,8,5,1},{4,8,5,2,1,3,7,9,6},{9,1,6,7,5,8,4,2,3},{5,9,8,3,2,1,6,7,4},{6,3,1,4,8,0,0,0,0},{0,0,0,0,0,0,0,0,0}}
]
11:09:44.493 [main] INFO  sudoku.model.SudokuBoard - Wartość 0 wstawiona nieprawidłowo
11:09:44.493 [main] INFO  sudoku.model.SudokuBoard - Bład w kwadracie 0
sudoku.model.SudokuBoard@2d5ae78e[
  size=9
  solver=sudoku.model.BacktrackingSudokuSolver@21f91efa
  board={{1,6,7,8,9,2,3,4,5},{8,5,9,1,3,4,2,6,7},{2,4,3,5,6,7,1,8,9},{3,7,2,9,4,6,8,5,1},{4,8,5,2,1,3,7,9,6},{9,1,6,7,5,8,4,2,3},{5,9,8,3,2,1,6,7,4},{6,3,1,4,0,0,0,0,0},{0,0,0,0,0,0,0,0,0}}
]
11:09:44.493 [main] INFO  sudoku.model.SudokuBoard - Wartość 0 wstawiona nieprawidłowo
11:09:44.493 [main] INFO  sudoku.model.SudokuBoard - Bład w kwadracie 0
sudoku.model.SudokuBoard@2d5ae78e[
  size=9
  solver=sudoku.model.BacktrackingSudokuSolver@21f91efa
  board={{1,6,7,8,9,2,3,4,5},{8,5,9,1,3,4,2,6,7},{2,4,3,5,6,7,1,8,9},{3,7,2,9,4,6,8,5,1},{4,8,5,2,1,3,7,9,6},{9,1,6,7,5,8,4,2,3},{5,9,8,3,2,1,6,7,4},{6,3,1,0,0,0,0,0,0},{0,0,0,0,0,0,0,0,0}}
]
11:09:44.493 [main] INFO  sudoku.model.SudokuBoard - Wartość 0 wstawiona nieprawidłowo
11:09:44.493 [main] INFO  sudoku.model.SudokuBoard - Bład w kwadracie 0
sudoku.model.SudokuBoard@2d5ae78e[
  size=9
  solver=sudoku.model.BacktrackingSudokuSolver@21f91efa
  board={{1,6,7,8,9,2,3,4,5},{8,5,9,1,3,4,2,6,7},{2,4,3,5,6,7,1,8,9},{3,7,2,9,4,6,8,5,1},{4,8,5,2,1,3,7,9,6},{9,1,6,7,5,8,4,2,3},{5,9,8,3,2,1,6,7,4},{6,3,0,0,0,0,0,0,0},{0,0,0,0,0,0,0,0,0}}
]
11:09:44.493 [main] INFO  sudoku.model.SudokuBoard - Wartość 0 wstawiona nieprawidłowo
11:09:44.493 [main] INFO  sudoku.model.SudokuBoard - Bład w kwadracie 0
sudoku.model.SudokuBoard@2d5ae78e[
  size=9
  solver=sudoku.model.BacktrackingSudokuSolver@21f91efa
  board={{1,6,7,8,9,2,3,4,5},{8,5,9,1,3,4,2,6,7},{2,4,3,5,6,7,1,8,9},{3,7,2,9,4,6,8,5,1},{4,8,5,2,1,3,7,9,6},{9,1,6,7,5,8,4,2,3},{5,9,8,3,2,1,6,7,4},{6,3,0,0,0,0,0,0,0},{0,0,0,0,0,0,0,0,0}}
]
11:09:44.493 [main] INFO  sudoku.model.SudokuBoard - Wartość 0 wstawiona nieprawidłowo
11:09:44.493 [main] INFO  sudoku.model.SudokuBoard - Bład w kwadracie 0
sudoku.model.SudokuBoard@2d5ae78e[
  size=9
  solver=sudoku.model.BacktrackingSudokuSolver@21f91efa
  board={{1,6,7,8,9,2,3,4,5},{8,5,9,1,3,4,2,6,7},{2,4,3,5,6,7,1,8,9},{3,7,2,9,4,6,8,5,1},{4,8,5,2,1,3,7,9,6},{9,1,6,7,5,8,4,2,3},{5,9,8,3,2,1,6,7,4},{6,0,0,0,0,0,0,0,0},{0,0,0,0,0,0,0,0,0}}
]
11:09:44.493 [main] INFO  sudoku.model.SudokuBoard - Wartość 0 wstawiona nieprawidłowo
11:09:44.494 [main] INFO  sudoku.model.SudokuBoard - Bład w kwadracie 0
sudoku.model.SudokuBoard@2d5ae78e[
  size=9
  solver=sudoku.model.BacktrackingSudokuSolver@21f91efa
  board={{1,6,7,8,9,2,3,4,5},{8,5,9,1,3,4,2,6,7},{2,4,3,5,6,7,1,8,9},{3,7,2,9,4,6,8,5,1},{4,8,5,2,1,3,7,9,6},{9,1,6,7,5,8,4,2,3},{5,9,8,3,2,1,6,7,4},{6,2,0,0,0,0,0,0,0},{0,0,0,0,0,0,0,0,0}}
]
11:09:44.494 [main] INFO  sudoku.model.SudokuBoard - Wartość 0 wstawiona nieprawidłowo
]]></system-out>
  </testcase>
</testsuite>