<?xml version="1.0" encoding="UTF-8"?>
<testsuite xmlns:xsi="http://www.w3.org/2001/XMLSchema-instance" xsi:noNamespaceSchemaLocation="https://maven.apache.org/surefire/maven-surefire-plugin/xsd/surefire-test-report-3.0.xsd" version="3.0" name="sudoku.model.SeriesTest" time="0.398" tests="5" errors="0" skipped="0" failures="0">
  <properties>
    <property name="java.specification.version" value="14"/>
    <property name="sun.cpu.isalist" value="amd64"/>
    <property name="sun.jnu.encoding" value="Cp1252"/>
    <property name="java.class.path" value="D:\New\an_pn_1145_03\Model\target\test-classes;C:\Users\MaciekDate\.m2\repository\org\junit\jupiter\junit-jupiter-engine\5.6.2\junit-jupiter-engine-5.6.2.jar;C:\Users\MaciekDate\.m2\repository\org\apiguardian\apiguardian-api\1.1.0\apiguardian-api-1.1.0.jar;C:\Users\MaciekDate\.m2\repository\org\junit\platform\junit-platform-engine\1.6.2\junit-platform-engine-1.6.2.jar;C:\Users\MaciekDate\.m2\repository\org\opentest4j\opentest4j\1.2.0\opentest4j-1.2.0.jar;C:\Users\MaciekDate\.m2\repository\org\junit\platform\junit-platform-commons\1.6.2\junit-platform-commons-1.6.2.jar;C:\Users\MaciekDate\.m2\repository\org\junit\jupiter\junit-jupiter-api\5.6.2\junit-jupiter-api-5.6.2.jar;C:\Users\MaciekDate\.m2\repository\org\apache\logging\log4j\log4j-api\2.7\log4j-api-2.7.jar;C:\Users\MaciekDate\.m2\repository\org\apache\logging\log4j\log4j-core\2.7\log4j-core-2.7.jar;C:\Users\MaciekDate\.m2\repository\org\apache\logging\log4j\log4j-slf4j-impl\2.7\log4j-slf4j-impl-2.7.jar;C:\Users\MaciekDate\.m2\repository\org\openjfx\javafx-controls\13\javafx-controls-13.jar;C:\Users\MaciekDate\.m2\repository\org\openjfx\javafx-controls\13\javafx-controls-13-win.jar;C:\Users\MaciekDate\.m2\repository\org\openjfx\javafx-graphics\13\javafx-graphics-13.jar;C:\Users\MaciekDate\.m2\repository\org\openjfx\javafx-graphics\13\javafx-graphics-13-win.jar;C:\Users\MaciekDate\.m2\repository\org\openjfx\javafx-base\13\javafx-base-13.jar;C:\Users\MaciekDate\.m2\repository\org\openjfx\javafx-fxml\13\javafx-fxml-13.jar;C:\Users\MaciekDate\.m2\repository\org\openjfx\javafx-fxml\13\javafx-fxml-13-win.jar;"/>
    <property name="java.vm.vendor" value="Oracle Corporation"/>
    <property name="sun.arch.data.model" value="64"/>
    <property name="user.variant" value=""/>
    <property name="java.vendor.url" value="https://java.oracle.com/"/>
    <property name="user.timezone" value="Europe/Warsaw"/>
    <property name="os.name" value="Windows 10"/>
    <property name="java.vm.specification.version" value="14"/>
    <property name="sun.java.launcher" value="SUN_STANDARD"/>
    <property name="user.country" value="US"/>
    <property name="sun.boot.library.path" value="D:\openjdk\jdk-14.0.2\bin"/>
    <property name="sun.java.command" value="org.apache.maven.surefire.booter.ForkedBooter C:\Users\MaciekDate\AppData\Local\Temp\surefire5767444691000843753 2021-01-22T13-52-43_002-jvmRun1 surefire8707008423384396485tmp surefire_010758903282510126022tmp"/>
    <property name="jdk.debug" value="release"/>
    <property name="surefire.test.class.path" value="D:\New\an_pn_1145_03\Model\target\test-classes;C:\Users\MaciekDate\.m2\repository\org\junit\jupiter\junit-jupiter-engine\5.6.2\junit-jupiter-engine-5.6.2.jar;C:\Users\MaciekDate\.m2\repository\org\apiguardian\apiguardian-api\1.1.0\apiguardian-api-1.1.0.jar;C:\Users\MaciekDate\.m2\repository\org\junit\platform\junit-platform-engine\1.6.2\junit-platform-engine-1.6.2.jar;C:\Users\MaciekDate\.m2\repository\org\opentest4j\opentest4j\1.2.0\opentest4j-1.2.0.jar;C:\Users\MaciekDate\.m2\repository\org\junit\platform\junit-platform-commons\1.6.2\junit-platform-commons-1.6.2.jar;C:\Users\MaciekDate\.m2\repository\org\junit\jupiter\junit-jupiter-api\5.6.2\junit-jupiter-api-5.6.2.jar;C:\Users\MaciekDate\.m2\repository\org\apache\logging\log4j\log4j-api\2.7\log4j-api-2.7.jar;C:\Users\MaciekDate\.m2\repository\org\apache\logging\log4j\log4j-core\2.7\log4j-core-2.7.jar;C:\Users\MaciekDate\.m2\repository\org\apache\logging\log4j\log4j-slf4j-impl\2.7\log4j-slf4j-impl-2.7.jar;C:\Users\MaciekDate\.m2\repository\org\openjfx\javafx-controls\13\javafx-controls-13.jar;C:\Users\MaciekDate\.m2\repository\org\openjfx\javafx-controls\13\javafx-controls-13-win.jar;C:\Users\MaciekDate\.m2\repository\org\openjfx\javafx-graphics\13\javafx-graphics-13.jar;C:\Users\MaciekDate\.m2\repository\org\openjfx\javafx-graphics\13\javafx-graphics-13-win.jar;C:\Users\MaciekDate\.m2\repository\org\openjfx\javafx-base\13\javafx-base-13.jar;C:\Users\MaciekDate\.m2\repository\org\openjfx\javafx-fxml\13\javafx-fxml-13.jar;C:\Users\MaciekDate\.m2\repository\org\openjfx\javafx-fxml\13\javafx-fxml-13-win.jar;"/>
    <property name="sun.cpu.endian" value="little"/>
    <property name="user.home" value="C:\Users\MaciekDate"/>
    <property name="user.language" value="en"/>
    <property name="java.specification.vendor" value="Oracle Corporation"/>
    <property name="jdk.module.path" value="D:\New\an_pn_1145_03\Model\target\classes;C:\Users\MaciekDate\.m2\repository\org\apache\commons\commons-lang3\3.11\commons-lang3-3.11.jar;C:\Users\MaciekDate\.m2\repository\org\slf4j\slf4j-api\1.7.30\slf4j-api-1.7.30.jar;C:\Users\MaciekDate\.m2\repository\org\openjfx\javafx-base\13\javafx-base-13-win.jar"/>
    <property name="java.version.date" value="2020-07-14"/>
    <property name="java.home" value="D:\openjdk\jdk-14.0.2"/>
    <property name="file.separator" value="\"/>
    <property name="basedir" value="D:\New\an_pn_1145_03\Model"/>
    <property name="java.vm.compressedOopsMode" value="Zero based"/>
    <property name="line.separator" value="&#10;"/>
    <property name="java.vm.specification.vendor" value="Oracle Corporation"/>
    <property name="java.specification.name" value="Java Platform API Specification"/>
    <property name="surefire.real.class.path" value="C:\Users\MaciekDate\.m2\repository\org\apache\maven\surefire\surefire-booter\3.0.0-M5\surefire-booter-3.0.0-M5.jar;C:\Users\MaciekDate\.m2\repository\org\apache\maven\surefire\surefire-api\3.0.0-M5\surefire-api-3.0.0-M5.jar;C:\Users\MaciekDate\.m2\repository\org\apache\maven\surefire\surefire-logger-api\3.0.0-M5\surefire-logger-api-3.0.0-M5.jar;C:\Users\MaciekDate\.m2\repository\org\apache\maven\surefire\surefire-shared-utils\3.0.0-M4\surefire-shared-utils-3.0.0-M4.jar;C:\Users\MaciekDate\.m2\repository\org\apache\maven\surefire\surefire-extensions-spi\3.0.0-M5\surefire-extensions-spi-3.0.0-M5.jar;D:\New\an_pn_1145_03\Model\target\test-classes;C:\Users\MaciekDate\.m2\repository\org\junit\jupiter\junit-jupiter-engine\5.6.2\junit-jupiter-engine-5.6.2.jar;C:\Users\MaciekDate\.m2\repository\org\apiguardian\apiguardian-api\1.1.0\apiguardian-api-1.1.0.jar;C:\Users\MaciekDate\.m2\repository\org\junit\platform\junit-platform-engine\1.6.2\junit-platform-engine-1.6.2.jar;C:\Users\MaciekDate\.m2\repository\org\opentest4j\opentest4j\1.2.0\opentest4j-1.2.0.jar;C:\Users\MaciekDate\.m2\repository\org\junit\platform\junit-platform-commons\1.6.2\junit-platform-commons-1.6.2.jar;C:\Users\MaciekDate\.m2\repository\org\junit\jupiter\junit-jupiter-api\5.6.2\junit-jupiter-api-5.6.2.jar;C:\Users\MaciekDate\.m2\repository\org\apache\logging\log4j\log4j-api\2.7\log4j-api-2.7.jar;C:\Users\MaciekDate\.m2\repository\org\apache\logging\log4j\log4j-core\2.7\log4j-core-2.7.jar;C:\Users\MaciekDate\.m2\repository\org\apache\logging\log4j\log4j-slf4j-impl\2.7\log4j-slf4j-impl-2.7.jar;C:\Users\MaciekDate\.m2\repository\org\openjfx\javafx-controls\13\javafx-controls-13.jar;C:\Users\MaciekDate\.m2\repository\org\openjfx\javafx-controls\13\javafx-controls-13-win.jar;C:\Users\MaciekDate\.m2\repository\org\openjfx\javafx-graphics\13\javafx-graphics-13.jar;C:\Users\MaciekDate\.m2\repository\org\openjfx\javafx-graphics\13\javafx-graphics-13-win.jar;C:\Users\MaciekDate\.m2\repository\org\openjfx\javafx-base\13\javafx-base-13.jar;C:\Users\MaciekDate\.m2\repository\org\openjfx\javafx-fxml\13\javafx-fxml-13.jar;C:\Users\MaciekDate\.m2\repository\org\openjfx\javafx-fxml\13\javafx-fxml-13-win.jar;C:\Users\MaciekDate\.m2\repository\org\apache\maven\surefire\surefire-junit-platform\3.0.0-M5\surefire-junit-platform-3.0.0-M5.jar;C:\Users\MaciekDate\.m2\repository\org\apache\maven\surefire\common-java5\3.0.0-M5\common-java5-3.0.0-M5.jar;C:\Users\MaciekDate\.m2\repository\org\junit\platform\junit-platform-launcher\1.6.2\junit-platform-launcher-1.6.2.jar"/>
    <property name="user.script" value=""/>
    <property name="sun.management.compiler" value="HotSpot 64-Bit Tiered Compilers"/>
    <property name="java.runtime.version" value="14.0.2+12-46"/>
    <property name="user.name" value="MaciekDate"/>
    <property name="path.separator" value=";"/>
    <property name="os.version" value="10.0"/>
    <property name="java.runtime.name" value="OpenJDK Runtime Environment"/>
    <property name="file.encoding" value="Cp1252"/>
    <property name="java.vm.name" value="OpenJDK 64-Bit Server VM"/>
    <property name="localRepository" value="C:\Users\MaciekDate\.m2\repository"/>
    <property name="java.vendor.url.bug" value="https://bugreport.java.com/bugreport/"/>
    <property name="java.io.tmpdir" value="C:\Users\MACIEK~1\AppData\Local\Temp\"/>
    <property name="idea.version" value="2020.3"/>
    <property name="java.version" value="14.0.2"/>
    <property name="user.dir" value="D:\New\an_pn_1145_03\Model"/>
    <property name="os.arch" value="amd64"/>
    <property name="java.vm.specification.name" value="Java Virtual Machine Specification"/>
    <property name="sun.os.patch.level" value=""/>
    <property name="java.library.path" value="D:\openjdk\jdk-14.0.2\bin;C:\Windows\Sun\Java\bin;C:\Windows\system32;C:\Windows;c:\program files\python39\scripts\;c:\program files\python39\;c:\programdata\oracle\java\javapath;c:\program files (x86)\common files\oracle\java\javapath;c:\windows\system32;c:\windows;c:\windows\system32\wbem;c:\windows\system32\windowspowershell\v1.0\;c:\windows\system32\openssh\;c:\program files\nvidia corporation\nvidia nvdlisr;C:\Program Files\Git\cmd;C:\Program Files (x86)\Windows Live\Shared;C:\Users\MaciekDate\AppData\Local\Microsoft\WindowsApps;C:\Users\MaciekDate\AppData\Local\GitHubDesktop\bin;D:\Programs\PyCharm 2020.2.3\bin;;D:\Programs\CLion 2020.2.4\bin;;."/>
    <property name="java.vm.info" value="mixed mode"/>
    <property name="java.vendor" value="Oracle Corporation"/>
    <property name="java.vm.version" value="14.0.2+12-46"/>
    <property name="sun.io.unicode.encoding" value="UnicodeLittle"/>
    <property name="java.class.version" value="58.0"/>
  </properties>
  <testcase name="testEqualsDiffrent" classname="sudoku.model.SeriesTest" time="0.214">
    <system-out><![CDATA[13:52:47.191 INFO  [main] SudokuBoard - B?ad w kwadracie 0
sudoku.model.SudokuBoard@a6d4547[
  size=9
  solver=sudoku.model.BacktrackingSudokuSolver@701996e9
  board={{3,6,4,9,5,2,7,8,1},{1,5,7,3,4,6,2,0,0},{0,0,0,0,0,0,0,0,0},{0,0,0,0,0,0,0,0,0},{0,0,0,0,0,0,0,0,0},{0,0,0,0,0,0,0,0,0},{0,0,0,0,0,0,0,0,0},{0,0,0,0,0,0,0,0,0},{0,0,0,0,0,0,0,0,0}}
]
13:52:47.192 INFO  [main] SudokuBoard - Warto?? 0 wstawiona nieprawid?owo
13:52:47.193 INFO  [main] SudokuBoard - B?ad w kwadracie 0
sudoku.model.SudokuBoard@a6d4547[
  size=9
  solver=sudoku.model.BacktrackingSudokuSolver@701996e9
  board={{3,6,4,9,5,2,7,8,1},{1,5,7,3,4,6,0,0,0},{0,0,0,0,0,0,0,0,0},{0,0,0,0,0,0,0,0,0},{0,0,0,0,0,0,0,0,0},{0,0,0,0,0,0,0,0,0},{0,0,0,0,0,0,0,0,0},{0,0,0,0,0,0,0,0,0},{0,0,0,0,0,0,0,0,0}}
]
13:52:47.194 INFO  [main] SudokuBoard - Warto?? 0 wstawiona nieprawid?owo
13:52:47.195 INFO  [main] SudokuBoard - B?ad w kwadracie 0
sudoku.model.SudokuBoard@a6d4547[
  size=9
  solver=sudoku.model.BacktrackingSudokuSolver@701996e9
  board={{3,6,4,9,5,2,7,8,1},{1,5,7,3,4,6,9,0,0},{0,0,0,0,0,0,0,0,0},{0,0,0,0,0,0,0,0,0},{0,0,0,0,0,0,0,0,0},{0,0,0,0,0,0,0,0,0},{0,0,0,0,0,0,0,0,0},{0,0,0,0,0,0,0,0,0},{0,0,0,0,0,0,0,0,0}}
]
13:52:47.195 INFO  [main] SudokuBoard - Warto?? 0 wstawiona nieprawid?owo
13:52:47.196 INFO  [main] SudokuBoard - B?ad w kwadracie 0
sudoku.model.SudokuBoard@a6d4547[
  size=9
  solver=sudoku.model.BacktrackingSudokuSolver@701996e9
  board={{3,6,4,9,5,2,7,8,1},{1,5,7,3,4,6,0,0,0},{0,0,0,0,0,0,0,0,0},{0,0,0,0,0,0,0,0,0},{0,0,0,0,0,0,0,0,0},{0,0,0,0,0,0,0,0,0},{0,0,0,0,0,0,0,0,0},{0,0,0,0,0,0,0,0,0},{0,0,0,0,0,0,0,0,0}}
]
13:52:47.197 INFO  [main] SudokuBoard - Warto?? 0 wstawiona nieprawid?owo
13:52:47.198 INFO  [main] SudokuBoard - B?ad w kwadracie 0
sudoku.model.SudokuBoard@a6d4547[
  size=9
  solver=sudoku.model.BacktrackingSudokuSolver@701996e9
  board={{3,6,4,9,5,2,7,8,1},{1,5,7,3,4,0,0,0,0},{0,0,0,0,0,0,0,0,0},{0,0,0,0,0,0,0,0,0},{0,0,0,0,0,0,0,0,0},{0,0,0,0,0,0,0,0,0},{0,0,0,0,0,0,0,0,0},{0,0,0,0,0,0,0,0,0},{0,0,0,0,0,0,0,0,0}}
]
13:52:47.198 INFO  [main] SudokuBoard - Warto?? 0 wstawiona nieprawid?owo
13:52:47.200 INFO  [main] SudokuBoard - B?ad w kwadracie 0
sudoku.model.SudokuBoard@a6d4547[
  size=9
  solver=sudoku.model.BacktrackingSudokuSolver@701996e9
  board={{3,6,4,9,5,2,7,8,1},{1,5,7,3,4,8,6,9,2},{9,2,8,6,1,7,3,4,5},{4,1,5,2,9,6,8,3,7},{6,3,9,4,7,5,2,0,0},{0,0,0,0,0,0,0,0,0},{0,0,0,0,0,0,0,0,0},{0,0,0,0,0,0,0,0,0},{0,0,0,0,0,0,0,0,0}}
]
13:52:47.200 INFO  [main] SudokuBoard - Warto?? 0 wstawiona nieprawid?owo
13:52:47.201 INFO  [main] SudokuBoard - B?ad w kwadracie 0
sudoku.model.SudokuBoard@a6d4547[
  size=9
  solver=sudoku.model.BacktrackingSudokuSolver@701996e9
  board={{3,6,4,9,5,2,7,8,1},{1,5,7,3,4,8,6,9,2},{9,2,8,6,1,7,3,4,5},{4,1,5,2,9,6,8,3,7},{6,3,9,4,7,5,0,0,0},{0,0,0,0,0,0,0,0,0},{0,0,0,0,0,0,0,0,0},{0,0,0,0,0,0,0,0,0},{0,0,0,0,0,0,0,0,0}}
]
13:52:47.201 INFO  [main] SudokuBoard - Warto?? 0 wstawiona nieprawid?owo
13:52:47.202 INFO  [main] SudokuBoard - B?ad w kwadracie 0
sudoku.model.SudokuBoard@a6d4547[
  size=9
  solver=sudoku.model.BacktrackingSudokuSolver@701996e9
  board={{3,6,4,9,5,2,7,8,1},{1,5,7,3,4,8,6,9,2},{9,2,8,6,1,7,3,4,5},{4,1,5,2,9,6,8,3,7},{6,3,9,4,7,5,1,0,0},{0,0,0,0,0,0,0,0,0},{0,0,0,0,0,0,0,0,0},{0,0,0,0,0,0,0,0,0},{0,0,0,0,0,0,0,0,0}}
]
13:52:47.203 INFO  [main] SudokuBoard - Warto?? 0 wstawiona nieprawid?owo
13:52:47.204 INFO  [main] SudokuBoard - B?ad w kwadracie 0
sudoku.model.SudokuBoard@a6d4547[
  size=9
  solver=sudoku.model.BacktrackingSudokuSolver@701996e9
  board={{3,6,4,9,5,2,7,8,1},{1,5,7,3,4,8,6,9,2},{9,2,8,6,1,7,3,4,5},{4,1,5,2,9,6,8,3,7},{6,3,9,4,7,5,0,0,0},{0,0,0,0,0,0,0,0,0},{0,0,0,0,0,0,0,0,0},{0,0,0,0,0,0,0,0,0},{0,0,0,0,0,0,0,0,0}}
]
13:52:47.205 INFO  [main] SudokuBoard - Warto?? 0 wstawiona nieprawid?owo
13:52:47.206 INFO  [main] SudokuBoard - B?ad w kwadracie 0
sudoku.model.SudokuBoard@a6d4547[
  size=9
  solver=sudoku.model.BacktrackingSudokuSolver@701996e9
  board={{3,6,4,9,5,2,7,8,1},{1,5,7,3,4,8,6,9,2},{9,2,8,6,1,7,3,4,5},{4,1,5,2,9,6,8,3,7},{6,3,9,4,7,0,0,0,0},{0,0,0,0,0,0,0,0,0},{0,0,0,0,0,0,0,0,0},{0,0,0,0,0,0,0,0,0},{0,0,0,0,0,0,0,0,0}}
]
13:52:47.207 INFO  [main] SudokuBoard - Warto?? 0 wstawiona nieprawid?owo
13:52:47.208 INFO  [main] SudokuBoard - B?ad w kwadracie 0
sudoku.model.SudokuBoard@a6d4547[
  size=9
  solver=sudoku.model.BacktrackingSudokuSolver@701996e9
  board={{3,6,4,9,5,2,7,8,1},{1,5,7,3,4,8,6,9,2},{9,2,8,6,1,7,3,4,5},{4,1,5,2,9,6,8,3,7},{6,3,9,4,7,1,5,0,0},{0,0,0,0,0,0,0,0,0},{0,0,0,0,0,0,0,0,0},{0,0,0,0,0,0,0,0,0},{0,0,0,0,0,0,0,0,0}}
]
13:52:47.208 INFO  [main] SudokuBoard - Warto?? 0 wstawiona nieprawid?owo
13:52:47.209 INFO  [main] SudokuBoard - B?ad w kwadracie 0
sudoku.model.SudokuBoard@a6d4547[
  size=9
  solver=sudoku.model.BacktrackingSudokuSolver@701996e9
  board={{3,6,4,9,5,2,7,8,1},{1,5,7,3,4,8,6,9,2},{9,2,8,6,1,7,3,4,5},{4,1,5,2,9,6,8,3,7},{6,3,9,4,7,1,0,0,0},{0,0,0,0,0,0,0,0,0},{0,0,0,0,0,0,0,0,0},{0,0,0,0,0,0,0,0,0},{0,0,0,0,0,0,0,0,0}}
]
13:52:47.209 INFO  [main] SudokuBoard - Warto?? 0 wstawiona nieprawid?owo
13:52:47.211 INFO  [main] SudokuBoard - B?ad w kwadracie 0
sudoku.model.SudokuBoard@a6d4547[
  size=9
  solver=sudoku.model.BacktrackingSudokuSolver@701996e9
  board={{3,6,4,9,5,2,7,8,1},{1,5,7,3,4,8,6,9,2},{9,2,8,6,1,7,3,4,5},{4,1,5,2,9,6,8,3,7},{6,3,9,4,7,1,2,0,0},{0,0,0,0,0,0,0,0,0},{0,0,0,0,0,0,0,0,0},{0,0,0,0,0,0,0,0,0},{0,0,0,0,0,0,0,0,0}}
]
13:52:47.211 INFO  [main] SudokuBoard - Warto?? 0 wstawiona nieprawid?owo
13:52:47.212 INFO  [main] SudokuBoard - B?ad w kwadracie 0
sudoku.model.SudokuBoard@a6d4547[
  size=9
  solver=sudoku.model.BacktrackingSudokuSolver@701996e9
  board={{3,6,4,9,5,2,7,8,1},{1,5,7,3,4,8,6,9,2},{9,2,8,6,1,7,3,4,5},{4,1,5,2,9,6,8,3,7},{6,3,9,4,7,1,0,0,0},{0,0,0,0,0,0,0,0,0},{0,0,0,0,0,0,0,0,0},{0,0,0,0,0,0,0,0,0},{0,0,0,0,0,0,0,0,0}}
]
13:52:47.212 INFO  [main] SudokuBoard - Warto?? 0 wstawiona nieprawid?owo
13:52:47.213 INFO  [main] SudokuBoard - B?ad w kwadracie 0
sudoku.model.SudokuBoard@a6d4547[
  size=9
  solver=sudoku.model.BacktrackingSudokuSolver@701996e9
  board={{3,6,4,9,5,2,7,8,1},{1,5,7,3,4,8,6,9,2},{9,2,8,6,1,7,3,4,5},{4,1,5,2,9,6,8,3,7},{6,3,9,4,7,0,0,0,0},{0,0,0,0,0,0,0,0,0},{0,0,0,0,0,0,0,0,0},{0,0,0,0,0,0,0,0,0},{0,0,0,0,0,0,0,0,0}}
]
13:52:47.214 INFO  [main] SudokuBoard - Warto?? 0 wstawiona nieprawid?owo
13:52:47.215 INFO  [main] SudokuBoard - B?ad w kwadracie 0
sudoku.model.SudokuBoard@a6d4547[
  size=9
  solver=sudoku.model.BacktrackingSudokuSolver@701996e9
  board={{3,6,4,9,5,2,7,8,1},{1,5,7,3,4,8,6,9,2},{9,2,8,6,1,7,3,4,5},{4,1,5,2,9,6,8,3,7},{6,3,9,4,0,0,0,0,0},{0,0,0,0,0,0,0,0,0},{0,0,0,0,0,0,0,0,0},{0,0,0,0,0,0,0,0,0},{0,0,0,0,0,0,0,0,0}}
]
13:52:47.215 INFO  [main] SudokuBoard - Warto?? 0 wstawiona nieprawid?owo
13:52:47.216 INFO  [main] SudokuBoard - B?ad w kwadracie 0
sudoku.model.SudokuBoard@a6d4547[
  size=9
  solver=sudoku.model.BacktrackingSudokuSolver@701996e9
  board={{3,6,4,9,5,2,7,8,1},{1,5,7,3,4,8,6,9,2},{9,2,8,6,1,7,3,4,5},{4,1,5,2,9,6,8,3,7},{6,3,9,4,8,1,2,0,0},{0,0,0,0,0,0,0,0,0},{0,0,0,0,0,0,0,0,0},{0,0,0,0,0,0,0,0,0},{0,0,0,0,0,0,0,0,0}}
]
13:52:47.216 INFO  [main] SudokuBoard - Warto?? 0 wstawiona nieprawid?owo
13:52:47.217 INFO  [main] SudokuBoard - B?ad w kwadracie 0
sudoku.model.SudokuBoard@a6d4547[
  size=9
  solver=sudoku.model.BacktrackingSudokuSolver@701996e9
  board={{3,6,4,9,5,2,7,8,1},{1,5,7,3,4,8,6,9,2},{9,2,8,6,1,7,3,4,5},{4,1,5,2,9,6,8,3,7},{6,3,9,4,8,1,0,0,0},{0,0,0,0,0,0,0,0,0},{0,0,0,0,0,0,0,0,0},{0,0,0,0,0,0,0,0,0},{0,0,0,0,0,0,0,0,0}}
]
13:52:47.218 INFO  [main] SudokuBoard - Warto?? 0 wstawiona nieprawid?owo
13:52:47.218 INFO  [main] SudokuBoard - B?ad w kwadracie 0
sudoku.model.SudokuBoard@a6d4547[
  size=9
  solver=sudoku.model.BacktrackingSudokuSolver@701996e9
  board={{3,6,4,9,5,2,7,8,1},{1,5,7,3,4,8,6,9,2},{9,2,8,6,1,7,3,4,5},{4,1,5,2,9,6,8,3,7},{6,3,9,4,8,1,5,0,0},{0,0,0,0,0,0,0,0,0},{0,0,0,0,0,0,0,0,0},{0,0,0,0,0,0,0,0,0},{0,0,0,0,0,0,0,0,0}}
]
13:52:47.219 INFO  [main] SudokuBoard - Warto?? 0 wstawiona nieprawid?owo
13:52:47.222 INFO  [main] SudokuBoard - B?ad w kwadracie 0
sudoku.model.SudokuBoard@a6d4547[
  size=9
  solver=sudoku.model.BacktrackingSudokuSolver@701996e9
  board={{3,6,4,9,5,2,7,8,1},{1,5,7,3,4,8,6,9,2},{9,2,8,6,1,7,3,4,5},{4,1,5,2,9,6,8,3,7},{6,3,9,4,8,1,0,0,0},{0,0,0,0,0,0,0,0,0},{0,0,0,0,0,0,0,0,0},{0,0,0,0,0,0,0,0,0},{0,0,0,0,0,0,0,0,0}}
]
13:52:47.223 INFO  [main] SudokuBoard - Warto?? 0 wstawiona nieprawid?owo
13:52:47.224 INFO  [main] SudokuBoard - B?ad w kwadracie 0
sudoku.model.SudokuBoard@a6d4547[
  size=9
  solver=sudoku.model.BacktrackingSudokuSolver@701996e9
  board={{3,6,4,9,5,2,7,8,1},{1,5,7,3,4,8,6,9,2},{9,2,8,6,1,7,3,4,5},{4,1,5,2,9,6,8,3,7},{6,3,9,4,8,0,0,0,0},{0,0,0,0,0,0,0,0,0},{0,0,0,0,0,0,0,0,0},{0,0,0,0,0,0,0,0,0},{0,0,0,0,0,0,0,0,0}}
]
13:52:47.224 INFO  [main] SudokuBoard - Warto?? 0 wstawiona nieprawid?owo
13:52:47.225 INFO  [main] SudokuBoard - B?ad w kwadracie 0
sudoku.model.SudokuBoard@a6d4547[
  size=9
  solver=sudoku.model.BacktrackingSudokuSolver@701996e9
  board={{3,6,4,9,5,2,7,8,1},{1,5,7,3,4,8,6,9,2},{9,2,8,6,1,7,3,4,5},{4,1,5,2,9,6,8,3,7},{6,3,9,4,8,5,1,0,0},{0,0,0,0,0,0,0,0,0},{0,0,0,0,0,0,0,0,0},{0,0,0,0,0,0,0,0,0},{0,0,0,0,0,0,0,0,0}}
]
13:52:47.225 INFO  [main] SudokuBoard - Warto?? 0 wstawiona nieprawid?owo
13:52:47.226 INFO  [main] SudokuBoard - B?ad w kwadracie 0
sudoku.model.SudokuBoard@a6d4547[
  size=9
  solver=sudoku.model.BacktrackingSudokuSolver@701996e9
  board={{3,6,4,9,5,2,7,8,1},{1,5,7,3,4,8,6,9,2},{9,2,8,6,1,7,3,4,5},{4,1,5,2,9,6,8,3,7},{6,3,9,4,8,5,0,0,0},{0,0,0,0,0,0,0,0,0},{0,0,0,0,0,0,0,0,0},{0,0,0,0,0,0,0,0,0},{0,0,0,0,0,0,0,0,0}}
]
13:52:47.227 INFO  [main] SudokuBoard - Warto?? 0 wstawiona nieprawid?owo
13:52:47.228 INFO  [main] SudokuBoard - B?ad w kwadracie 0
sudoku.model.SudokuBoard@a6d4547[
  size=9
  solver=sudoku.model.BacktrackingSudokuSolver@701996e9
  board={{3,6,4,9,5,2,7,8,1},{1,5,7,3,4,8,6,9,2},{9,2,8,6,1,7,3,4,5},{4,1,5,2,9,6,8,3,7},{6,3,9,4,8,5,2,0,0},{0,0,0,0,0,0,0,0,0},{0,0,0,0,0,0,0,0,0},{0,0,0,0,0,0,0,0,0},{0,0,0,0,0,0,0,0,0}}
]
13:52:47.229 INFO  [main] SudokuBoard - Warto?? 0 wstawiona nieprawid?owo
13:52:47.230 INFO  [main] SudokuBoard - B?ad w kwadracie 0
sudoku.model.SudokuBoard@a6d4547[
  size=9
  solver=sudoku.model.BacktrackingSudokuSolver@701996e9
  board={{3,6,4,9,5,2,7,8,1},{1,5,7,3,4,8,6,9,2},{9,2,8,6,1,7,3,4,5},{4,1,5,2,9,6,8,3,7},{6,3,9,4,8,5,0,0,0},{0,0,0,0,0,0,0,0,0},{0,0,0,0,0,0,0,0,0},{0,0,0,0,0,0,0,0,0},{0,0,0,0,0,0,0,0,0}}
]
13:52:47.230 INFO  [main] SudokuBoard - Warto?? 0 wstawiona nieprawid?owo
13:52:47.232 INFO  [main] SudokuBoard - B?ad w kwadracie 0
sudoku.model.SudokuBoard@a6d4547[
  size=9
  solver=sudoku.model.BacktrackingSudokuSolver@701996e9
  board={{3,6,4,9,5,2,7,8,1},{1,5,7,3,4,8,6,9,2},{9,2,8,6,1,7,3,4,5},{4,1,5,2,9,6,8,3,7},{6,3,9,4,8,0,0,0,0},{0,0,0,0,0,0,0,0,0},{0,0,0,0,0,0,0,0,0},{0,0,0,0,0,0,0,0,0},{0,0,0,0,0,0,0,0,0}}
]
13:52:47.232 INFO  [main] SudokuBoard - Warto?? 0 wstawiona nieprawid?owo
13:52:47.233 INFO  [main] SudokuBoard - B?ad w kwadracie 0
sudoku.model.SudokuBoard@a6d4547[
  size=9
  solver=sudoku.model.BacktrackingSudokuSolver@701996e9
  board={{3,6,4,9,5,2,7,8,1},{1,5,7,3,4,8,6,9,2},{9,2,8,6,1,7,3,4,5},{4,1,5,2,9,6,8,3,7},{6,3,9,4,0,0,0,0,0},{0,0,0,0,0,0,0,0,0},{0,0,0,0,0,0,0,0,0},{0,0,0,0,0,0,0,0,0},{0,0,0,0,0,0,0,0,0}}
]
13:52:47.233 INFO  [main] SudokuBoard - Warto?? 0 wstawiona nieprawid?owo
13:52:47.234 INFO  [main] SudokuBoard - B?ad w kwadracie 0
sudoku.model.SudokuBoard@a6d4547[
  size=9
  solver=sudoku.model.BacktrackingSudokuSolver@701996e9
  board={{3,6,4,9,5,2,7,8,1},{1,5,7,3,4,8,6,9,2},{9,2,8,6,1,7,3,4,5},{4,1,5,2,9,6,8,3,7},{6,3,9,0,0,0,0,0,0},{0,0,0,0,0,0,0,0,0},{0,0,0,0,0,0,0,0,0},{0,0,0,0,0,0,0,0,0},{0,0,0,0,0,0,0,0,0}}
]
13:52:47.234 INFO  [main] SudokuBoard - Warto?? 0 wstawiona nieprawid?owo
13:52:47.235 INFO  [main] SudokuBoard - B?ad w kwadracie 0
sudoku.model.SudokuBoard@a6d4547[
  size=9
  solver=sudoku.model.BacktrackingSudokuSolver@701996e9
  board={{3,6,4,9,5,2,7,8,1},{1,5,7,3,4,8,6,9,2},{9,2,8,6,1,7,3,4,5},{4,1,5,2,9,6,8,3,7},{6,3,9,5,7,1,0,0,0},{0,0,0,0,0,0,0,0,0},{0,0,0,0,0,0,0,0,0},{0,0,0,0,0,0,0,0,0},{0,0,0,0,0,0,0,0,0}}
]
13:52:47.236 INFO  [main] SudokuBoard - Warto?? 0 wstawiona nieprawid?owo
13:52:47.237 INFO  [main] SudokuBoard - B?ad w kwadracie 0
sudoku.model.SudokuBoard@a6d4547[
  size=9
  solver=sudoku.model.BacktrackingSudokuSolver@701996e9
  board={{3,6,4,9,5,2,7,8,1},{1,5,7,3,4,8,6,9,2},{9,2,8,6,1,7,3,4,5},{4,1,5,2,9,6,8,3,7},{6,3,9,5,7,1,4,0,0},{0,0,0,0,0,0,0,0,0},{0,0,0,0,0,0,0,0,0},{0,0,0,0,0,0,0,0,0},{0,0,0,0,0,0,0,0,0}}
]
13:52:47.238 INFO  [main] SudokuBoard - Warto?? 0 wstawiona nieprawid?owo
13:52:47.239 INFO  [main] SudokuBoard - B?ad w kwadracie 0
sudoku.model.SudokuBoard@a6d4547[
  size=9
  solver=sudoku.model.BacktrackingSudokuSolver@701996e9
  board={{3,6,4,9,5,2,7,8,1},{1,5,7,3,4,8,6,9,2},{9,2,8,6,1,7,3,4,5},{4,1,5,2,9,6,8,3,7},{6,3,9,5,7,1,0,0,0},{0,0,0,0,0,0,0,0,0},{0,0,0,0,0,0,0,0,0},{0,0,0,0,0,0,0,0,0},{0,0,0,0,0,0,0,0,0}}
]
13:52:47.239 INFO  [main] SudokuBoard - Warto?? 0 wstawiona nieprawid?owo
13:52:47.240 INFO  [main] SudokuBoard - B?ad w kwadracie 0
sudoku.model.SudokuBoard@a6d4547[
  size=9
  solver=sudoku.model.BacktrackingSudokuSolver@701996e9
  board={{3,6,4,9,5,2,7,8,1},{1,5,7,3,4,8,6,9,2},{9,2,8,6,1,7,3,4,5},{4,1,5,2,9,6,8,3,7},{6,3,9,5,7,0,0,0,0},{0,0,0,0,0,0,0,0,0},{0,0,0,0,0,0,0,0,0},{0,0,0,0,0,0,0,0,0},{0,0,0,0,0,0,0,0,0}}
]
13:52:47.240 INFO  [main] SudokuBoard - Warto?? 0 wstawiona nieprawid?owo
13:52:47.241 INFO  [main] SudokuBoard - B?ad w kwadracie 0
sudoku.model.SudokuBoard@a6d4547[
  size=9
  solver=sudoku.model.BacktrackingSudokuSolver@701996e9
  board={{3,6,4,9,5,2,7,8,1},{1,5,7,3,4,8,6,9,2},{9,2,8,6,1,7,3,4,5},{4,1,5,2,9,6,8,3,7},{6,3,9,5,7,4,1,0,0},{0,0,0,0,0,0,0,0,0},{0,0,0,0,0,0,0,0,0},{0,0,0,0,0,0,0,0,0},{0,0,0,0,0,0,0,0,0}}
]
13:52:47.241 INFO  [main] SudokuBoard - Warto?? 0 wstawiona nieprawid?owo
13:52:47.242 INFO  [main] SudokuBoard - B?ad w kwadracie 0
sudoku.model.SudokuBoard@a6d4547[
  size=9
  solver=sudoku.model.BacktrackingSudokuSolver@701996e9
  board={{3,6,4,9,5,2,7,8,1},{1,5,7,3,4,8,6,9,2},{9,2,8,6,1,7,3,4,5},{4,1,5,2,9,6,8,3,7},{6,3,9,5,7,4,0,0,0},{0,0,0,0,0,0,0,0,0},{0,0,0,0,0,0,0,0,0},{0,0,0,0,0,0,0,0,0},{0,0,0,0,0,0,0,0,0}}
]
13:52:47.243 INFO  [main] SudokuBoard - Warto?? 0 wstawiona nieprawid?owo
13:52:47.244 INFO  [main] SudokuBoard - B?ad w kwadracie 0
sudoku.model.SudokuBoard@a6d4547[
  size=9
  solver=sudoku.model.BacktrackingSudokuSolver@701996e9
  board={{3,6,4,9,5,2,7,8,1},{1,5,7,3,4,8,6,9,2},{9,2,8,6,1,7,3,4,5},{4,1,5,2,9,6,8,3,7},{6,3,9,5,7,4,2,0,0},{0,0,0,0,0,0,0,0,0},{0,0,0,0,0,0,0,0,0},{0,0,0,0,0,0,0,0,0},{0,0,0,0,0,0,0,0,0}}
]
13:52:47.244 INFO  [main] SudokuBoard - Warto?? 0 wstawiona nieprawid?owo
13:52:47.245 INFO  [main] SudokuBoard - B?ad w kwadracie 0
sudoku.model.SudokuBoard@a6d4547[
  size=9
  solver=sudoku.model.BacktrackingSudokuSolver@701996e9
  board={{3,6,4,9,5,2,7,8,1},{1,5,7,3,4,8,6,9,2},{9,2,8,6,1,7,3,4,5},{4,1,5,2,9,6,8,3,7},{6,3,9,5,7,4,0,0,0},{0,0,0,0,0,0,0,0,0},{0,0,0,0,0,0,0,0,0},{0,0,0,0,0,0,0,0,0},{0,0,0,0,0,0,0,0,0}}
]
13:52:47.246 INFO  [main] SudokuBoard - Warto?? 0 wstawiona nieprawid?owo
13:52:47.246 INFO  [main] SudokuBoard - B?ad w kwadracie 0
sudoku.model.SudokuBoard@a6d4547[
  size=9
  solver=sudoku.model.BacktrackingSudokuSolver@701996e9
  board={{3,6,4,9,5,2,7,8,1},{1,5,7,3,4,8,6,9,2},{9,2,8,6,1,7,3,4,5},{4,1,5,2,9,6,8,3,7},{6,3,9,5,7,0,0,0,0},{0,0,0,0,0,0,0,0,0},{0,0,0,0,0,0,0,0,0},{0,0,0,0,0,0,0,0,0},{0,0,0,0,0,0,0,0,0}}
]
13:52:47.247 INFO  [main] SudokuBoard - Warto?? 0 wstawiona nieprawid?owo
13:52:47.248 INFO  [main] SudokuBoard - B?ad w kwadracie 0
sudoku.model.SudokuBoard@a6d4547[
  size=9
  solver=sudoku.model.BacktrackingSudokuSolver@701996e9
  board={{3,6,4,9,5,2,7,8,1},{1,5,7,3,4,8,6,9,2},{9,2,8,6,1,7,3,4,5},{4,1,5,2,9,6,8,3,7},{6,3,9,5,0,0,0,0,0},{0,0,0,0,0,0,0,0,0},{0,0,0,0,0,0,0,0,0},{0,0,0,0,0,0,0,0,0},{0,0,0,0,0,0,0,0,0}}
]
13:52:47.248 INFO  [main] SudokuBoard - Warto?? 0 wstawiona nieprawid?owo
13:52:47.249 INFO  [main] SudokuBoard - B?ad w kwadracie 0
sudoku.model.SudokuBoard@a6d4547[
  size=9
  solver=sudoku.model.BacktrackingSudokuSolver@701996e9
  board={{3,6,4,9,5,2,7,8,1},{1,5,7,3,4,8,6,9,2},{9,2,8,6,1,7,3,4,5},{4,1,5,2,9,6,8,3,7},{6,3,9,5,8,4,1,0,0},{0,0,0,0,0,0,0,0,0},{0,0,0,0,0,0,0,0,0},{0,0,0,0,0,0,0,0,0},{0,0,0,0,0,0,0,0,0}}
]
13:52:47.249 INFO  [main] SudokuBoard - Warto?? 0 wstawiona nieprawid?owo
13:52:47.250 INFO  [main] SudokuBoard - B?ad w kwadracie 0
sudoku.model.SudokuBoard@a6d4547[
  size=9
  solver=sudoku.model.BacktrackingSudokuSolver@701996e9
  board={{3,6,4,9,5,2,7,8,1},{1,5,7,3,4,8,6,9,2},{9,2,8,6,1,7,3,4,5},{4,1,5,2,9,6,8,3,7},{6,3,9,5,8,4,0,0,0},{0,0,0,0,0,0,0,0,0},{0,0,0,0,0,0,0,0,0},{0,0,0,0,0,0,0,0,0},{0,0,0,0,0,0,0,0,0}}
]
13:52:47.250 INFO  [main] SudokuBoard - Warto?? 0 wstawiona nieprawid?owo
13:52:47.255 INFO  [main] SudokuBoard - B?ad w kwadracie 0
sudoku.model.SudokuBoard@a6d4547[
  size=9
  solver=sudoku.model.BacktrackingSudokuSolver@701996e9
  board={{3,6,4,9,5,2,7,8,1},{1,5,7,3,4,8,6,9,2},{9,2,8,6,1,7,3,4,5},{4,1,5,2,9,6,8,3,7},{6,3,9,5,8,4,2,0,0},{0,0,0,0,0,0,0,0,0},{0,0,0,0,0,0,0,0,0},{0,0,0,0,0,0,0,0,0},{0,0,0,0,0,0,0,0,0}}
]
13:52:47.257 INFO  [main] SudokuBoard - Warto?? 0 wstawiona nieprawid?owo
13:52:47.261 INFO  [main] SudokuBoard - B?ad w kwadracie 0
sudoku.model.SudokuBoard@a6d4547[
  size=9
  solver=sudoku.model.BacktrackingSudokuSolver@701996e9
  board={{3,6,4,9,5,2,7,8,1},{1,5,7,3,4,8,6,9,2},{9,2,8,6,1,7,3,4,5},{4,1,5,2,9,6,8,3,7},{6,3,9,5,8,4,0,0,0},{0,0,0,0,0,0,0,0,0},{0,0,0,0,0,0,0,0,0},{0,0,0,0,0,0,0,0,0},{0,0,0,0,0,0,0,0,0}}
]
13:52:47.261 INFO  [main] SudokuBoard - Warto?? 0 wstawiona nieprawid?owo
13:52:47.263 INFO  [main] SudokuBoard - B?ad w kwadracie 0
sudoku.model.SudokuBoard@a6d4547[
  size=9
  solver=sudoku.model.BacktrackingSudokuSolver@701996e9
  board={{3,6,4,9,5,2,7,8,1},{1,5,7,3,4,8,6,9,2},{9,2,8,6,1,7,3,4,5},{4,1,5,2,9,6,8,3,7},{6,3,9,5,8,0,0,0,0},{0,0,0,0,0,0,0,0,0},{0,0,0,0,0,0,0,0,0},{0,0,0,0,0,0,0,0,0},{0,0,0,0,0,0,0,0,0}}
]
13:52:47.264 INFO  [main] SudokuBoard - Warto?? 0 wstawiona nieprawid?owo
13:52:47.265 INFO  [main] SudokuBoard - B?ad w kwadracie 0
sudoku.model.SudokuBoard@a6d4547[
  size=9
  solver=sudoku.model.BacktrackingSudokuSolver@701996e9
  board={{3,6,4,9,5,2,7,8,1},{1,5,7,3,4,8,6,9,2},{9,2,8,6,1,7,3,4,5},{4,1,5,2,9,6,8,3,7},{6,3,9,5,8,1,0,0,0},{0,0,0,0,0,0,0,0,0},{0,0,0,0,0,0,0,0,0},{0,0,0,0,0,0,0,0,0},{0,0,0,0,0,0,0,0,0}}
]
13:52:47.266 INFO  [main] SudokuBoard - Warto?? 0 wstawiona nieprawid?owo
13:52:47.267 INFO  [main] SudokuBoard - B?ad w kwadracie 0
sudoku.model.SudokuBoard@a6d4547[
  size=9
  solver=sudoku.model.BacktrackingSudokuSolver@701996e9
  board={{3,6,4,9,5,2,7,8,1},{1,5,7,3,4,8,6,9,2},{9,2,8,6,1,7,3,4,5},{4,1,5,2,9,6,8,3,7},{6,3,9,5,8,1,4,0,0},{0,0,0,0,0,0,0,0,0},{0,0,0,0,0,0,0,0,0},{0,0,0,0,0,0,0,0,0},{0,0,0,0,0,0,0,0,0}}
]
13:52:47.268 INFO  [main] SudokuBoard - Warto?? 0 wstawiona nieprawid?owo
13:52:47.269 INFO  [main] SudokuBoard - B?ad w kwadracie 0
sudoku.model.SudokuBoard@a6d4547[
  size=9
  solver=sudoku.model.BacktrackingSudokuSolver@701996e9
  board={{3,6,4,9,5,2,7,8,1},{1,5,7,3,4,8,6,9,2},{9,2,8,6,1,7,3,4,5},{4,1,5,2,9,6,8,3,7},{6,3,9,5,8,1,0,0,0},{0,0,0,0,0,0,0,0,0},{0,0,0,0,0,0,0,0,0},{0,0,0,0,0,0,0,0,0},{0,0,0,0,0,0,0,0,0}}
]
13:52:47.269 INFO  [main] SudokuBoard - Warto?? 0 wstawiona nieprawid?owo
13:52:47.269 INFO  [main] SudokuBoard - B?ad w kwadracie 0
sudoku.model.SudokuBoard@a6d4547[
  size=9
  solver=sudoku.model.BacktrackingSudokuSolver@701996e9
  board={{3,6,4,9,5,2,7,8,1},{1,5,7,3,4,8,6,9,2},{9,2,8,6,1,7,3,4,5},{4,1,5,2,9,6,8,3,7},{6,3,9,5,8,0,0,0,0},{0,0,0,0,0,0,0,0,0},{0,0,0,0,0,0,0,0,0},{0,0,0,0,0,0,0,0,0},{0,0,0,0,0,0,0,0,0}}
]
13:52:47.270 INFO  [main] SudokuBoard - Warto?? 0 wstawiona nieprawid?owo
13:52:47.271 INFO  [main] SudokuBoard - B?ad w kwadracie 0
sudoku.model.SudokuBoard@a6d4547[
  size=9
  solver=sudoku.model.BacktrackingSudokuSolver@701996e9
  board={{3,6,4,9,5,2,7,8,1},{1,5,7,3,4,8,6,9,2},{9,2,8,6,1,7,3,4,5},{4,1,5,2,9,6,8,3,7},{6,3,9,5,0,0,0,0,0},{0,0,0,0,0,0,0,0,0},{0,0,0,0,0,0,0,0,0},{0,0,0,0,0,0,0,0,0},{0,0,0,0,0,0,0,0,0}}
]
13:52:47.271 INFO  [main] SudokuBoard - Warto?? 0 wstawiona nieprawid?owo
13:52:47.272 INFO  [main] SudokuBoard - B?ad w kwadracie 0
sudoku.model.SudokuBoard@a6d4547[
  size=9
  solver=sudoku.model.BacktrackingSudokuSolver@701996e9
  board={{3,6,4,9,5,2,7,8,1},{1,5,7,3,4,8,6,9,2},{9,2,8,6,1,7,3,4,5},{4,1,5,2,9,6,8,3,7},{6,3,9,0,0,0,0,0,0},{0,0,0,0,0,0,0,0,0},{0,0,0,0,0,0,0,0,0},{0,0,0,0,0,0,0,0,0},{0,0,0,0,0,0,0,0,0}}
]
13:52:47.273 INFO  [main] SudokuBoard - Warto?? 0 wstawiona nieprawid?owo
13:52:47.275 INFO  [main] SudokuBoard - B?ad w kwadracie 0
sudoku.model.SudokuBoard@a6d4547[
  size=9
  solver=sudoku.model.BacktrackingSudokuSolver@701996e9
  board={{3,6,4,9,5,2,7,8,1},{1,5,7,3,4,8,6,9,2},{9,2,8,6,1,7,3,4,5},{4,1,5,2,9,6,8,3,7},{6,3,9,7,8,1,2,5,4},{2,0,0,0,0,0,0,0,0},{0,0,0,0,0,0,0,0,0},{0,0,0,0,0,0,0,0,0},{0,0,0,0,0,0,0,0,0}}
]
13:52:47.275 INFO  [main] SudokuBoard - Warto?? 0 wstawiona nieprawid?owo
13:52:47.276 INFO  [main] SudokuBoard - B?ad w kwadracie 0
sudoku.model.SudokuBoard@a6d4547[
  size=9
  solver=sudoku.model.BacktrackingSudokuSolver@701996e9
  board={{3,6,4,9,5,2,7,8,1},{1,5,7,3,4,8,6,9,2},{9,2,8,6,1,7,3,4,5},{4,1,5,2,9,6,8,3,7},{6,3,9,7,8,1,2,5,4},{2,0,0,0,0,0,0,0,0},{0,0,0,0,0,0,0,0,0},{0,0,0,0,0,0,0,0,0},{0,0,0,0,0,0,0,0,0}}
]
13:52:47.276 INFO  [main] SudokuBoard - Warto?? 0 wstawiona nieprawid?owo
13:52:47.277 INFO  [main] SudokuBoard - B?ad w kwadracie 0
sudoku.model.SudokuBoard@a6d4547[
  size=9
  solver=sudoku.model.BacktrackingSudokuSolver@701996e9
  board={{3,6,4,9,5,2,7,8,1},{1,5,7,3,4,8,6,9,2},{9,2,8,6,1,7,3,4,5},{4,1,5,2,9,6,8,3,7},{6,3,9,7,8,1,2,5,4},{0,0,0,0,0,0,0,0,0},{0,0,0,0,0,0,0,0,0},{0,0,0,0,0,0,0,0,0},{0,0,0,0,0,0,0,0,0}}
]
13:52:47.277 INFO  [main] SudokuBoard - Warto?? 0 wstawiona nieprawid?owo
13:52:47.278 INFO  [main] SudokuBoard - B?ad w kwadracie 0
sudoku.model.SudokuBoard@a6d4547[
  size=9
  solver=sudoku.model.BacktrackingSudokuSolver@701996e9
  board={{3,6,4,9,5,2,7,8,1},{1,5,7,3,4,8,6,9,2},{9,2,8,6,1,7,3,4,5},{4,1,5,2,9,6,8,3,7},{6,3,9,7,8,1,2,5,4},{7,8,2,4,3,5,9,0,0},{0,0,0,0,0,0,0,0,0},{0,0,0,0,0,0,0,0,0},{0,0,0,0,0,0,0,0,0}}
]
13:52:47.278 INFO  [main] SudokuBoard - Warto?? 0 wstawiona nieprawid?owo
13:52:47.279 INFO  [main] SudokuBoard - B?ad w kwadracie 0
sudoku.model.SudokuBoard@a6d4547[
  size=9
  solver=sudoku.model.BacktrackingSudokuSolver@701996e9
  board={{3,6,4,9,5,2,7,8,1},{1,5,7,3,4,8,6,9,2},{9,2,8,6,1,7,3,4,5},{4,1,5,2,9,6,8,3,7},{6,3,9,7,8,1,2,5,4},{7,8,2,4,3,5,9,1,6},{8,4,1,5,6,0,0,0,0},{0,0,0,0,0,0,0,0,0},{0,0,0,0,0,0,0,0,0}}
]
13:52:47.279 INFO  [main] SudokuBoard - Warto?? 0 wstawiona nieprawid?owo
13:52:47.280 INFO  [main] SudokuBoard - B?ad w kwadracie 0
sudoku.model.SudokuBoard@a6d4547[
  size=9
  solver=sudoku.model.BacktrackingSudokuSolver@701996e9
  board={{3,6,4,9,5,2,7,8,1},{1,5,7,3,4,8,6,9,2},{9,2,8,6,1,7,3,4,5},{4,1,5,2,9,6,8,3,7},{6,3,9,7,8,1,2,5,4},{7,8,2,4,3,5,9,1,6},{8,4,1,5,6,0,0,0,0},{0,0,0,0,0,0,0,0,0},{0,0,0,0,0,0,0,0,0}}
]
13:52:47.280 INFO  [main] SudokuBoard - Warto?? 0 wstawiona nieprawid?owo
13:52:47.281 INFO  [main] SudokuBoard - B?ad w kwadracie 0
sudoku.model.SudokuBoard@a6d4547[
  size=9
  solver=sudoku.model.BacktrackingSudokuSolver@701996e9
  board={{3,6,4,9,5,2,7,8,1},{1,5,7,3,4,8,6,9,2},{9,2,8,6,1,7,3,4,5},{4,1,5,2,9,6,8,3,7},{6,3,9,7,8,1,2,5,4},{7,8,2,4,3,5,9,1,6},{8,4,1,5,0,0,0,0,0},{0,0,0,0,0,0,0,0,0},{0,0,0,0,0,0,0,0,0}}
]
13:52:47.281 INFO  [main] SudokuBoard - Warto?? 0 wstawiona nieprawid?owo
13:52:47.282 INFO  [main] SudokuBoard - B?ad w kwadracie 0
sudoku.model.SudokuBoard@a6d4547[
  size=9
  solver=sudoku.model.BacktrackingSudokuSolver@701996e9
  board={{3,6,4,9,5,2,7,8,1},{1,5,7,3,4,8,6,9,2},{9,2,8,6,1,7,3,4,5},{4,1,5,2,9,6,8,3,7},{6,3,9,7,8,1,2,5,4},{7,8,2,4,3,5,9,1,6},{8,4,1,5,7,0,0,0,0},{0,0,0,0,0,0,0,0,0},{0,0,0,0,0,0,0,0,0}}
]
13:52:47.282 INFO  [main] SudokuBoard - Warto?? 0 wstawiona nieprawid?owo
13:52:47.283 INFO  [main] SudokuBoard - B?ad w kwadracie 0
sudoku.model.SudokuBoard@a6d4547[
  size=9
  solver=sudoku.model.BacktrackingSudokuSolver@701996e9
  board={{3,6,4,9,5,2,7,8,1},{1,5,7,3,4,8,6,9,2},{9,2,8,6,1,7,3,4,5},{4,1,5,2,9,6,8,3,7},{6,3,9,7,8,1,2,5,4},{7,8,2,4,3,5,9,1,6},{8,4,1,5,7,0,0,0,0},{0,0,0,0,0,0,0,0,0},{0,0,0,0,0,0,0,0,0}}
]
13:52:47.284 INFO  [main] SudokuBoard - Warto?? 0 wstawiona nieprawid?owo
13:52:47.285 INFO  [main] SudokuBoard - B?ad w kwadracie 0
sudoku.model.SudokuBoard@a6d4547[
  size=9
  solver=sudoku.model.BacktrackingSudokuSolver@701996e9
  board={{3,6,4,9,5,2,7,8,1},{1,5,7,3,4,8,6,9,2},{9,2,8,6,1,7,3,4,5},{4,1,5,2,9,6,8,3,7},{6,3,9,7,8,1,2,5,4},{7,8,2,4,3,5,9,1,6},{8,4,1,5,0,0,0,0,0},{0,0,0,0,0,0,0,0,0},{0,0,0,0,0,0,0,0,0}}
]
13:52:47.285 INFO  [main] SudokuBoard - Warto?? 0 wstawiona nieprawid?owo
13:52:47.285 INFO  [main] SudokuBoard - B?ad w kwadracie 0
sudoku.model.SudokuBoard@a6d4547[
  size=9
  solver=sudoku.model.BacktrackingSudokuSolver@701996e9
  board={{3,6,4,9,5,2,7,8,1},{1,5,7,3,4,8,6,9,2},{9,2,8,6,1,7,3,4,5},{4,1,5,2,9,6,8,3,7},{6,3,9,7,8,1,2,5,4},{7,8,2,4,3,5,9,1,6},{8,4,1,5,2,0,0,0,0},{0,0,0,0,0,0,0,0,0},{0,0,0,0,0,0,0,0,0}}
]
13:52:47.286 INFO  [main] SudokuBoard - Warto?? 0 wstawiona nieprawid?owo
13:52:47.286 INFO  [main] SudokuBoard - B?ad w kwadracie 0
sudoku.model.SudokuBoard@a6d4547[
  size=9
  solver=sudoku.model.BacktrackingSudokuSolver@701996e9
  board={{3,6,4,9,5,2,7,8,1},{1,5,7,3,4,8,6,9,2},{9,2,8,6,1,7,3,4,5},{4,1,5,2,9,6,8,3,7},{6,3,9,7,8,1,2,5,4},{7,8,2,4,3,5,9,1,6},{8,4,1,5,2,0,0,0,0},{0,0,0,0,0,0,0,0,0},{0,0,0,0,0,0,0,0,0}}
]
13:52:47.286 INFO  [main] SudokuBoard - Warto?? 0 wstawiona nieprawid?owo
13:52:47.287 INFO  [main] SudokuBoard - B?ad w kwadracie 0
sudoku.model.SudokuBoard@a6d4547[
  size=9
  solver=sudoku.model.BacktrackingSudokuSolver@701996e9
  board={{3,6,4,9,5,2,7,8,1},{1,5,7,3,4,8,6,9,2},{9,2,8,6,1,7,3,4,5},{4,1,5,2,9,6,8,3,7},{6,3,9,7,8,1,2,5,4},{7,8,2,4,3,5,9,1,6},{8,4,1,5,0,0,0,0,0},{0,0,0,0,0,0,0,0,0},{0,0,0,0,0,0,0,0,0}}
]
13:52:47.287 INFO  [main] SudokuBoard - Warto?? 0 wstawiona nieprawid?owo
13:52:47.288 INFO  [main] SudokuBoard - B?ad w kwadracie 0
sudoku.model.SudokuBoard@a6d4547[
  size=9
  solver=sudoku.model.BacktrackingSudokuSolver@701996e9
  board={{3,6,4,9,5,2,7,8,1},{1,5,7,3,4,8,6,9,2},{9,2,8,6,1,7,3,4,5},{4,1,5,2,9,6,8,3,7},{6,3,9,7,8,1,2,5,4},{7,8,2,4,3,5,9,1,6},{8,4,1,0,0,0,0,0,0},{0,0,0,0,0,0,0,0,0},{0,0,0,0,0,0,0,0,0}}
]
13:52:47.288 INFO  [main] SudokuBoard - Warto?? 0 wstawiona nieprawid?owo
13:52:47.289 INFO  [main] SudokuBoard - B?ad w kwadracie 0
sudoku.model.SudokuBoard@a6d4547[
  size=9
  solver=sudoku.model.BacktrackingSudokuSolver@701996e9
  board={{3,6,4,9,5,2,7,8,1},{1,5,7,3,4,8,6,9,2},{9,2,8,6,1,7,3,4,5},{4,1,5,2,9,6,8,3,7},{6,3,9,7,8,1,2,5,4},{7,8,2,4,3,5,9,1,6},{8,4,0,0,0,0,0,0,0},{0,0,0,0,0,0,0,0,0},{0,0,0,0,0,0,0,0,0}}
]
13:52:47.289 INFO  [main] SudokuBoard - Warto?? 0 wstawiona nieprawid?owo
13:52:47.290 INFO  [main] SudokuBoard - B?ad w kwadracie 0
sudoku.model.SudokuBoard@a6d4547[
  size=9
  solver=sudoku.model.BacktrackingSudokuSolver@701996e9
  board={{3,6,4,9,5,2,7,8,1},{1,5,7,3,4,8,6,9,2},{9,2,8,6,1,7,3,4,5},{4,1,5,2,9,6,8,3,7},{6,3,9,7,8,1,2,5,4},{7,8,2,4,3,5,9,1,6},{8,4,3,1,6,9,5,0,0},{0,0,0,0,0,0,0,0,0},{0,0,0,0,0,0,0,0,0}}
]
13:52:47.290 INFO  [main] SudokuBoard - Warto?? 0 wstawiona nieprawid?owo
13:52:47.290 INFO  [main] SudokuBoard - B?ad w kwadracie 0
sudoku.model.SudokuBoard@a6d4547[
  size=9
  solver=sudoku.model.BacktrackingSudokuSolver@701996e9
  board={{3,6,4,9,5,2,7,8,1},{1,5,7,3,4,8,6,9,2},{9,2,8,6,1,7,3,4,5},{4,1,5,2,9,6,8,3,7},{6,3,9,7,8,1,2,5,4},{7,8,2,4,3,5,9,1,6},{8,4,3,1,6,9,5,0,0},{0,0,0,0,0,0,0,0,0},{0,0,0,0,0,0,0,0,0}}
]
13:52:47.291 INFO  [main] SudokuBoard - Warto?? 0 wstawiona nieprawid?owo
13:52:47.291 INFO  [main] SudokuBoard - B?ad w kwadracie 0
sudoku.model.SudokuBoard@a6d4547[
  size=9
  solver=sudoku.model.BacktrackingSudokuSolver@701996e9
  board={{3,6,4,9,5,2,7,8,1},{1,5,7,3,4,8,6,9,2},{9,2,8,6,1,7,3,4,5},{4,1,5,2,9,6,8,3,7},{6,3,9,7,8,1,2,5,4},{7,8,2,4,3,5,9,1,6},{8,4,3,1,6,9,0,0,0},{0,0,0,0,0,0,0,0,0},{0,0,0,0,0,0,0,0,0}}
]
13:52:47.291 INFO  [main] SudokuBoard - Warto?? 0 wstawiona nieprawid?owo
13:52:47.292 INFO  [main] SudokuBoard - B?ad w kwadracie 0
sudoku.model.SudokuBoard@a6d4547[
  size=9
  solver=sudoku.model.BacktrackingSudokuSolver@701996e9
  board={{3,6,4,9,5,2,7,8,1},{1,5,7,3,4,8,6,9,2},{9,2,8,6,1,7,3,4,5},{4,1,5,2,9,6,8,3,7},{6,3,9,7,8,1,2,5,4},{7,8,2,4,3,5,9,1,6},{8,4,3,1,6,0,0,0,0},{0,0,0,0,0,0,0,0,0},{0,0,0,0,0,0,0,0,0}}
]
13:52:47.292 INFO  [main] SudokuBoard - Warto?? 0 wstawiona nieprawid?owo
13:52:47.292 INFO  [main] SudokuBoard - B?ad w kwadracie 0
sudoku.model.SudokuBoard@a6d4547[
  size=9
  solver=sudoku.model.BacktrackingSudokuSolver@701996e9
  board={{3,6,4,9,5,2,7,8,1},{1,5,7,3,4,8,6,9,2},{9,2,8,6,1,7,3,4,5},{4,1,5,2,9,6,8,3,7},{6,3,9,7,8,1,2,5,4},{7,8,2,4,3,5,9,1,6},{8,4,3,1,0,0,0,0,0},{0,0,0,0,0,0,0,0,0},{0,0,0,0,0,0,0,0,0}}
]
13:52:47.293 INFO  [main] SudokuBoard - Warto?? 0 wstawiona nieprawid?owo
13:52:47.293 INFO  [main] SudokuBoard - B?ad w kwadracie 0
sudoku.model.SudokuBoard@a6d4547[
  size=9
  solver=sudoku.model.BacktrackingSudokuSolver@701996e9
  board={{3,6,4,9,5,2,7,8,1},{1,5,7,3,4,8,6,9,2},{9,2,8,6,1,7,3,4,5},{4,1,5,2,9,6,8,3,7},{6,3,9,7,8,1,2,5,4},{7,8,2,4,3,5,9,1,6},{8,4,3,1,7,9,5,0,0},{0,0,0,0,0,0,0,0,0},{0,0,0,0,0,0,0,0,0}}
]
13:52:47.293 INFO  [main] SudokuBoard - Warto?? 0 wstawiona nieprawid?owo
13:52:47.294 INFO  [main] SudokuBoard - B?ad w kwadracie 0
sudoku.model.SudokuBoard@a6d4547[
  size=9
  solver=sudoku.model.BacktrackingSudokuSolver@701996e9
  board={{3,6,4,9,5,2,7,8,1},{1,5,7,3,4,8,6,9,2},{9,2,8,6,1,7,3,4,5},{4,1,5,2,9,6,8,3,7},{6,3,9,7,8,1,2,5,4},{7,8,2,4,3,5,9,1,6},{8,4,3,1,7,9,5,0,0},{0,0,0,0,0,0,0,0,0},{0,0,0,0,0,0,0,0,0}}
]
13:52:47.294 INFO  [main] SudokuBoard - Warto?? 0 wstawiona nieprawid?owo
13:52:47.295 INFO  [main] SudokuBoard - B?ad w kwadracie 0
sudoku.model.SudokuBoard@a6d4547[
  size=9
  solver=sudoku.model.BacktrackingSudokuSolver@701996e9
  board={{3,6,4,9,5,2,7,8,1},{1,5,7,3,4,8,6,9,2},{9,2,8,6,1,7,3,4,5},{4,1,5,2,9,6,8,3,7},{6,3,9,7,8,1,2,5,4},{7,8,2,4,3,5,9,1,6},{8,4,3,1,7,9,0,0,0},{0,0,0,0,0,0,0,0,0},{0,0,0,0,0,0,0,0,0}}
]
13:52:47.295 INFO  [main] SudokuBoard - Warto?? 0 wstawiona nieprawid?owo
13:52:47.295 INFO  [main] SudokuBoard - B?ad w kwadracie 0
sudoku.model.SudokuBoard@a6d4547[
  size=9
  solver=sudoku.model.BacktrackingSudokuSolver@701996e9
  board={{3,6,4,9,5,2,7,8,1},{1,5,7,3,4,8,6,9,2},{9,2,8,6,1,7,3,4,5},{4,1,5,2,9,6,8,3,7},{6,3,9,7,8,1,2,5,4},{7,8,2,4,3,5,9,1,6},{8,4,3,1,7,0,0,0,0},{0,0,0,0,0,0,0,0,0},{0,0,0,0,0,0,0,0,0}}
]
13:52:47.296 INFO  [main] SudokuBoard - Warto?? 0 wstawiona nieprawid?owo
13:52:47.296 INFO  [main] SudokuBoard - B?ad w kwadracie 0
sudoku.model.SudokuBoard@a6d4547[
  size=9
  solver=sudoku.model.BacktrackingSudokuSolver@701996e9
  board={{3,6,4,9,5,2,7,8,1},{1,5,7,3,4,8,6,9,2},{9,2,8,6,1,7,3,4,5},{4,1,5,2,9,6,8,3,7},{6,3,9,7,8,1,2,5,4},{7,8,2,4,3,5,9,1,6},{8,4,3,1,0,0,0,0,0},{0,0,0,0,0,0,0,0,0},{0,0,0,0,0,0,0,0,0}}
]
13:52:47.296 INFO  [main] SudokuBoard - Warto?? 0 wstawiona nieprawid?owo
13:52:47.297 INFO  [main] SudokuBoard - B?ad w kwadracie 0
sudoku.model.SudokuBoard@a6d4547[
  size=9
  solver=sudoku.model.BacktrackingSudokuSolver@701996e9
  board={{3,6,4,9,5,2,7,8,1},{1,5,7,3,4,8,6,9,2},{9,2,8,6,1,7,3,4,5},{4,1,5,2,9,6,8,3,7},{6,3,9,7,8,1,2,5,4},{7,8,2,4,3,5,9,1,6},{8,4,3,1,2,9,5,0,0},{0,0,0,0,0,0,0,0,0},{0,0,0,0,0,0,0,0,0}}
]
13:52:47.297 INFO  [main] SudokuBoard - Warto?? 0 wstawiona nieprawid?owo
13:52:47.298 INFO  [main] SudokuBoard - B?ad w kwadracie 0
sudoku.model.SudokuBoard@a6d4547[
  size=9
  solver=sudoku.model.BacktrackingSudokuSolver@701996e9
  board={{3,6,4,9,5,2,7,8,1},{1,5,7,3,4,8,6,9,2},{9,2,8,6,1,7,3,4,5},{4,1,5,2,9,6,8,3,7},{6,3,9,7,8,1,2,5,4},{7,8,2,4,3,5,9,1,6},{8,4,3,1,2,9,5,0,0},{0,0,0,0,0,0,0,0,0},{0,0,0,0,0,0,0,0,0}}
]
13:52:47.298 INFO  [main] SudokuBoard - Warto?? 0 wstawiona nieprawid?owo
13:52:47.299 INFO  [main] SudokuBoard - B?ad w kwadracie 0
sudoku.model.SudokuBoard@a6d4547[
  size=9
  solver=sudoku.model.BacktrackingSudokuSolver@701996e9
  board={{3,6,4,9,5,2,7,8,1},{1,5,7,3,4,8,6,9,2},{9,2,8,6,1,7,3,4,5},{4,1,5,2,9,6,8,3,7},{6,3,9,7,8,1,2,5,4},{7,8,2,4,3,5,9,1,6},{8,4,3,1,2,9,0,0,0},{0,0,0,0,0,0,0,0,0},{0,0,0,0,0,0,0,0,0}}
]
13:52:47.300 INFO  [main] SudokuBoard - Warto?? 0 wstawiona nieprawid?owo
13:52:47.300 INFO  [main] SudokuBoard - B?ad w kwadracie 0
sudoku.model.SudokuBoard@a6d4547[
  size=9
  solver=sudoku.model.BacktrackingSudokuSolver@701996e9
  board={{3,6,4,9,5,2,7,8,1},{1,5,7,3,4,8,6,9,2},{9,2,8,6,1,7,3,4,5},{4,1,5,2,9,6,8,3,7},{6,3,9,7,8,1,2,5,4},{7,8,2,4,3,5,9,1,6},{8,4,3,1,2,0,0,0,0},{0,0,0,0,0,0,0,0,0},{0,0,0,0,0,0,0,0,0}}
]
13:52:47.301 INFO  [main] SudokuBoard - Warto?? 0 wstawiona nieprawid?owo
13:52:47.301 INFO  [main] SudokuBoard - B?ad w kwadracie 0
sudoku.model.SudokuBoard@a6d4547[
  size=9
  solver=sudoku.model.BacktrackingSudokuSolver@701996e9
  board={{3,6,4,9,5,2,7,8,1},{1,5,7,3,4,8,6,9,2},{9,2,8,6,1,7,3,4,5},{4,1,5,2,9,6,8,3,7},{6,3,9,7,8,1,2,5,4},{7,8,2,4,3,5,9,1,6},{8,4,3,1,0,0,0,0,0},{0,0,0,0,0,0,0,0,0},{0,0,0,0,0,0,0,0,0}}
]
13:52:47.301 INFO  [main] SudokuBoard - Warto?? 0 wstawiona nieprawid?owo
13:52:47.301 INFO  [main] SudokuBoard - B?ad w kwadracie 0
sudoku.model.SudokuBoard@a6d4547[
  size=9
  solver=sudoku.model.BacktrackingSudokuSolver@701996e9
  board={{3,6,4,9,5,2,7,8,1},{1,5,7,3,4,8,6,9,2},{9,2,8,6,1,7,3,4,5},{4,1,5,2,9,6,8,3,7},{6,3,9,7,8,1,2,5,4},{7,8,2,4,3,5,9,1,6},{8,4,3,0,0,0,0,0,0},{0,0,0,0,0,0,0,0,0},{0,0,0,0,0,0,0,0,0}}
]
13:52:47.302 INFO  [main] SudokuBoard - Warto?? 0 wstawiona nieprawid?owo
13:52:47.302 INFO  [main] SudokuBoard - B?ad w kwadracie 0
sudoku.model.SudokuBoard@a6d4547[
  size=9
  solver=sudoku.model.BacktrackingSudokuSolver@701996e9
  board={{3,6,4,9,5,2,7,8,1},{1,5,7,3,4,8,6,9,2},{9,2,8,6,1,7,3,4,5},{4,1,5,2,9,6,8,3,7},{6,3,9,7,8,1,2,5,4},{7,8,2,4,3,5,9,1,6},{8,4,3,5,6,9,1,0,0},{0,0,0,0,0,0,0,0,0},{0,0,0,0,0,0,0,0,0}}
]
13:52:47.302 INFO  [main] SudokuBoard - Warto?? 0 wstawiona nieprawid?owo
13:52:47.302 INFO  [main] SudokuBoard - B?ad w kwadracie 0
sudoku.model.SudokuBoard@a6d4547[
  size=9
  solver=sudoku.model.BacktrackingSudokuSolver@701996e9
  board={{3,6,4,9,5,2,7,8,1},{1,5,7,3,4,8,6,9,2},{9,2,8,6,1,7,3,4,5},{4,1,5,2,9,6,8,3,7},{6,3,9,7,8,1,2,5,4},{7,8,2,4,3,5,9,1,6},{8,4,3,5,6,9,1,0,0},{0,0,0,0,0,0,0,0,0},{0,0,0,0,0,0,0,0,0}}
]
13:52:47.302 INFO  [main] SudokuBoard - Warto?? 0 wstawiona nieprawid?owo
13:52:47.303 INFO  [main] SudokuBoard - B?ad w kwadracie 0
sudoku.model.SudokuBoard@a6d4547[
  size=9
  solver=sudoku.model.BacktrackingSudokuSolver@701996e9
  board={{3,6,4,9,5,2,7,8,1},{1,5,7,3,4,8,6,9,2},{9,2,8,6,1,7,3,4,5},{4,1,5,2,9,6,8,3,7},{6,3,9,7,8,1,2,5,4},{7,8,2,4,3,5,9,1,6},{8,4,3,5,6,9,0,0,0},{0,0,0,0,0,0,0,0,0},{0,0,0,0,0,0,0,0,0}}
]
13:52:47.303 INFO  [main] SudokuBoard - Warto?? 0 wstawiona nieprawid?owo
13:52:47.304 INFO  [main] SudokuBoard - B?ad w kwadracie 0
sudoku.model.SudokuBoard@a6d4547[
  size=9
  solver=sudoku.model.BacktrackingSudokuSolver@701996e9
  board={{3,6,4,9,5,2,7,8,1},{1,5,7,3,4,8,6,9,2},{9,2,8,6,1,7,3,4,5},{4,1,5,2,9,6,8,3,7},{6,3,9,7,8,1,2,5,4},{7,8,2,4,3,5,9,1,6},{8,4,3,5,6,0,0,0,0},{0,0,0,0,0,0,0,0,0},{0,0,0,0,0,0,0,0,0}}
]
13:52:47.305 INFO  [main] SudokuBoard - Warto?? 0 wstawiona nieprawid?owo
13:52:47.305 INFO  [main] SudokuBoard - B?ad w kwadracie 0
sudoku.model.SudokuBoard@a6d4547[
  size=9
  solver=sudoku.model.BacktrackingSudokuSolver@701996e9
  board={{3,6,4,9,5,2,7,8,1},{1,5,7,3,4,8,6,9,2},{9,2,8,6,1,7,3,4,5},{4,1,5,2,9,6,8,3,7},{6,3,9,7,8,1,2,5,4},{7,8,2,4,3,5,9,1,6},{8,4,3,5,0,0,0,0,0},{0,0,0,0,0,0,0,0,0},{0,0,0,0,0,0,0,0,0}}
]
13:52:47.306 INFO  [main] SudokuBoard - Warto?? 0 wstawiona nieprawid?owo
13:52:47.306 INFO  [main] SudokuBoard - B?ad w kwadracie 0
sudoku.model.SudokuBoard@a6d4547[
  size=9
  solver=sudoku.model.BacktrackingSudokuSolver@701996e9
  board={{3,6,4,9,5,2,7,8,1},{1,5,7,3,4,8,6,9,2},{9,2,8,6,1,7,3,4,5},{4,1,5,2,9,6,8,3,7},{6,3,9,7,8,1,2,5,4},{7,8,2,4,3,5,9,1,6},{8,4,3,5,7,9,1,0,0},{0,0,0,0,0,0,0,0,0},{0,0,0,0,0,0,0,0,0}}
]
13:52:47.306 INFO  [main] SudokuBoard - Warto?? 0 wstawiona nieprawid?owo
13:52:47.307 INFO  [main] SudokuBoard - B?ad w kwadracie 0
sudoku.model.SudokuBoard@a6d4547[
  size=9
  solver=sudoku.model.BacktrackingSudokuSolver@701996e9
  board={{3,6,4,9,5,2,7,8,1},{1,5,7,3,4,8,6,9,2},{9,2,8,6,1,7,3,4,5},{4,1,5,2,9,6,8,3,7},{6,3,9,7,8,1,2,5,4},{7,8,2,4,3,5,9,1,6},{8,4,3,5,7,9,1,0,0},{0,0,0,0,0,0,0,0,0},{0,0,0,0,0,0,0,0,0}}
]
13:52:47.307 INFO  [main] SudokuBoard - Warto?? 0 wstawiona nieprawid?owo
13:52:47.307 INFO  [main] SudokuBoard - B?ad w kwadracie 0
sudoku.model.SudokuBoard@a6d4547[
  size=9
  solver=sudoku.model.BacktrackingSudokuSolver@701996e9
  board={{3,6,4,9,5,2,7,8,1},{1,5,7,3,4,8,6,9,2},{9,2,8,6,1,7,3,4,5},{4,1,5,2,9,6,8,3,7},{6,3,9,7,8,1,2,5,4},{7,8,2,4,3,5,9,1,6},{8,4,3,5,7,9,0,0,0},{0,0,0,0,0,0,0,0,0},{0,0,0,0,0,0,0,0,0}}
]
13:52:47.308 INFO  [main] SudokuBoard - Warto?? 0 wstawiona nieprawid?owo
13:52:47.308 INFO  [main] SudokuBoard - B?ad w kwadracie 0
sudoku.model.SudokuBoard@a6d4547[
  size=9
  solver=sudoku.model.BacktrackingSudokuSolver@701996e9
  board={{3,6,4,9,5,2,7,8,1},{1,5,7,3,4,8,6,9,2},{9,2,8,6,1,7,3,4,5},{4,1,5,2,9,6,8,3,7},{6,3,9,7,8,1,2,5,4},{7,8,2,4,3,5,9,1,6},{8,4,3,5,7,0,0,0,0},{0,0,0,0,0,0,0,0,0},{0,0,0,0,0,0,0,0,0}}
]
13:52:47.308 INFO  [main] SudokuBoard - Warto?? 0 wstawiona nieprawid?owo
13:52:47.309 INFO  [main] SudokuBoard - B?ad w kwadracie 0
sudoku.model.SudokuBoard@a6d4547[
  size=9
  solver=sudoku.model.BacktrackingSudokuSolver@701996e9
  board={{3,6,4,9,5,2,7,8,1},{1,5,7,3,4,8,6,9,2},{9,2,8,6,1,7,3,4,5},{4,1,5,2,9,6,8,3,7},{6,3,9,7,8,1,2,5,4},{7,8,2,4,3,5,9,1,6},{8,4,3,5,0,0,0,0,0},{0,0,0,0,0,0,0,0,0},{0,0,0,0,0,0,0,0,0}}
]
13:52:47.309 INFO  [main] SudokuBoard - Warto?? 0 wstawiona nieprawid?owo
13:52:47.310 INFO  [main] SudokuBoard - B?ad w kwadracie 0
sudoku.model.SudokuBoard@a6d4547[
  size=9
  solver=sudoku.model.BacktrackingSudokuSolver@701996e9
  board={{3,6,4,9,5,2,7,8,1},{1,5,7,3,4,8,6,9,2},{9,2,8,6,1,7,3,4,5},{4,1,5,2,9,6,8,3,7},{6,3,9,7,8,1,2,5,4},{7,8,2,4,3,5,9,1,6},{8,4,3,5,2,9,1,0,0},{0,0,0,0,0,0,0,0,0},{0,0,0,0,0,0,0,0,0}}
]
13:52:47.310 INFO  [main] SudokuBoard - Warto?? 0 wstawiona nieprawid?owo
13:52:47.311 INFO  [main] SudokuBoard - B?ad w kwadracie 0
sudoku.model.SudokuBoard@a6d4547[
  size=9
  solver=sudoku.model.BacktrackingSudokuSolver@701996e9
  board={{3,6,4,9,5,2,7,8,1},{1,5,7,3,4,8,6,9,2},{9,2,8,6,1,7,3,4,5},{4,1,5,2,9,6,8,3,7},{6,3,9,7,8,1,2,5,4},{7,8,2,4,3,5,9,1,6},{8,4,3,5,2,9,1,0,0},{0,0,0,0,0,0,0,0,0},{0,0,0,0,0,0,0,0,0}}
]
13:52:47.311 INFO  [main] SudokuBoard - Warto?? 0 wstawiona nieprawid?owo
13:52:47.311 INFO  [main] SudokuBoard - B?ad w kwadracie 0
sudoku.model.SudokuBoard@a6d4547[
  size=9
  solver=sudoku.model.BacktrackingSudokuSolver@701996e9
  board={{3,6,4,9,5,2,7,8,1},{1,5,7,3,4,8,6,9,2},{9,2,8,6,1,7,3,4,5},{4,1,5,2,9,6,8,3,7},{6,3,9,7,8,1,2,5,4},{7,8,2,4,3,5,9,1,6},{8,4,3,5,2,9,0,0,0},{0,0,0,0,0,0,0,0,0},{0,0,0,0,0,0,0,0,0}}
]
13:52:47.312 INFO  [main] SudokuBoard - Warto?? 0 wstawiona nieprawid?owo
13:52:47.312 INFO  [main] SudokuBoard - B?ad w kwadracie 0
sudoku.model.SudokuBoard@a6d4547[
  size=9
  solver=sudoku.model.BacktrackingSudokuSolver@701996e9
  board={{3,6,4,9,5,2,7,8,1},{1,5,7,3,4,8,6,9,2},{9,2,8,6,1,7,3,4,5},{4,1,5,2,9,6,8,3,7},{6,3,9,7,8,1,2,5,4},{7,8,2,4,3,5,9,1,6},{8,4,3,5,2,0,0,0,0},{0,0,0,0,0,0,0,0,0},{0,0,0,0,0,0,0,0,0}}
]
13:52:47.312 INFO  [main] SudokuBoard - Warto?? 0 wstawiona nieprawid?owo
13:52:47.313 INFO  [main] SudokuBoard - B?ad w kwadracie 0
sudoku.model.SudokuBoard@a6d4547[
  size=9
  solver=sudoku.model.BacktrackingSudokuSolver@701996e9
  board={{3,6,4,9,5,2,7,8,1},{1,5,7,3,4,8,6,9,2},{9,2,8,6,1,7,3,4,5},{4,1,5,2,9,6,8,3,7},{6,3,9,7,8,1,2,5,4},{7,8,2,4,3,5,9,1,6},{8,4,3,5,0,0,0,0,0},{0,0,0,0,0,0,0,0,0},{0,0,0,0,0,0,0,0,0}}
]
13:52:47.313 INFO  [main] SudokuBoard - Warto?? 0 wstawiona nieprawid?owo
13:52:47.314 INFO  [main] SudokuBoard - B?ad w kwadracie 0
sudoku.model.SudokuBoard@a6d4547[
  size=9
  solver=sudoku.model.BacktrackingSudokuSolver@701996e9
  board={{3,6,4,9,5,2,7,8,1},{1,5,7,3,4,8,6,9,2},{9,2,8,6,1,7,3,4,5},{4,1,5,2,9,6,8,3,7},{6,3,9,7,8,1,2,5,4},{7,8,2,4,3,5,9,1,6},{8,4,3,0,0,0,0,0,0},{0,0,0,0,0,0,0,0,0},{0,0,0,0,0,0,0,0,0}}
]
13:52:47.314 INFO  [main] SudokuBoard - Warto?? 0 wstawiona nieprawid?owo
13:52:47.314 INFO  [main] SudokuBoard - B?ad w kwadracie 0
sudoku.model.SudokuBoard@a6d4547[
  size=9
  solver=sudoku.model.BacktrackingSudokuSolver@701996e9
  board={{3,6,4,9,5,2,7,8,1},{1,5,7,3,4,8,6,9,2},{9,2,8,6,1,7,3,4,5},{4,1,5,2,9,6,8,3,7},{6,3,9,7,8,1,2,5,4},{7,8,2,4,3,5,9,1,6},{8,4,0,0,0,0,0,0,0},{0,0,0,0,0,0,0,0,0},{0,0,0,0,0,0,0,0,0}}
]
13:52:47.314 INFO  [main] SudokuBoard - Warto?? 0 wstawiona nieprawid?owo
13:52:47.315 INFO  [main] SudokuBoard - B?ad w kwadracie 0
sudoku.model.SudokuBoard@a6d4547[
  size=9
  solver=sudoku.model.BacktrackingSudokuSolver@701996e9
  board={{3,6,4,9,5,2,7,8,1},{1,5,7,3,4,8,6,9,2},{9,2,8,6,1,7,3,4,5},{4,1,5,2,9,6,8,3,7},{6,3,9,7,8,1,2,5,4},{7,8,2,4,3,5,9,1,6},{8,4,6,5,7,9,1,2,3},{2,9,3,8,6,4,5,0,0},{0,0,0,0,0,0,0,0,0}}
]
13:52:47.315 INFO  [main] SudokuBoard - Warto?? 0 wstawiona nieprawid?owo
13:52:47.316 INFO  [main] SudokuBoard - B?ad w kwadracie 0
sudoku.model.SudokuBoard@a6d4547[
  size=9
  solver=sudoku.model.BacktrackingSudokuSolver@701996e9
  board={{3,6,4,9,5,2,7,8,1},{1,5,7,3,4,8,6,9,2},{9,2,8,6,1,7,3,4,5},{4,1,5,2,9,6,8,3,7},{6,3,9,7,8,1,2,5,4},{7,8,2,4,3,5,9,1,6},{8,4,6,5,7,9,1,2,3},{2,9,3,8,6,4,0,0,0},{0,0,0,0,0,0,0,0,0}}
]
13:52:47.316 INFO  [main] SudokuBoard - Warto?? 0 wstawiona nieprawid?owo
13:52:47.317 INFO  [main] SudokuBoard - B?ad w kwadracie 0
sudoku.model.SudokuBoard@a6d4547[
  size=9
  solver=sudoku.model.BacktrackingSudokuSolver@701996e9
  board={{3,6,4,9,5,2,7,8,1},{1,5,7,3,4,8,6,9,2},{9,2,8,6,1,7,3,4,5},{4,1,5,2,9,6,8,3,7},{6,3,9,7,8,1,2,5,4},{7,8,2,4,3,5,9,1,6},{8,4,6,5,7,9,1,2,3},{2,9,3,8,6,0,0,0,0},{0,0,0,0,0,0,0,0,0}}
]
13:52:47.317 INFO  [main] SudokuBoard - Warto?? 0 wstawiona nieprawid?owo
13:52:47.318 INFO  [main] SudokuBoard - B?ad w kwadracie 0
sudoku.model.SudokuBoard@a6d4547[
  size=9
  solver=sudoku.model.BacktrackingSudokuSolver@701996e9
  board={{3,6,4,9,5,2,7,8,1},{1,5,7,3,4,8,6,9,2},{9,2,8,6,1,7,3,4,5},{4,1,5,2,9,6,8,3,7},{6,3,9,7,8,1,2,5,4},{7,8,2,4,3,5,9,1,6},{8,4,6,5,7,9,1,2,3},{2,9,3,8,0,0,0,0,0},{0,0,0,0,0,0,0,0,0}}
]
13:52:47.318 INFO  [main] SudokuBoard - Warto?? 0 wstawiona nieprawid?owo
13:52:47.318 INFO  [main] SudokuBoard - B?ad w kwadracie 0
sudoku.model.SudokuBoard@a6d4547[
  size=9
  solver=sudoku.model.BacktrackingSudokuSolver@701996e9
  board={{3,6,4,9,5,2,7,8,1},{1,5,7,3,4,8,6,9,2},{9,2,8,6,1,7,3,4,5},{4,1,5,2,9,6,8,3,7},{6,3,9,7,8,1,2,5,4},{7,8,2,4,3,5,9,1,6},{8,4,6,5,7,9,1,2,3},{2,9,3,0,0,0,0,0,0},{0,0,0,0,0,0,0,0,0}}
]
13:52:47.319 INFO  [main] SudokuBoard - Warto?? 0 wstawiona nieprawid?owo
13:52:47.328 INFO  [main] SudokuBoard - B?ad w kwadracie 0
sudoku.model.SudokuBoard@23263586[
  size=9
  solver=sudoku.model.BacktrackingSudokuSolver@4e2ad1f2
  board={{9,5,6,4,3,7,1,8,2},{4,3,7,1,5,6,0,0,0},{0,0,0,0,0,0,0,0,0},{0,0,0,0,0,0,0,0,0},{0,0,0,0,0,0,0,0,0},{0,0,0,0,0,0,0,0,0},{0,0,0,0,0,0,0,0,0},{0,0,0,0,0,0,0,0,0},{0,0,0,0,0,0,0,0,0}}
]
13:52:47.328 INFO  [main] SudokuBoard - Warto?? 0 wstawiona nieprawid?owo
13:52:47.329 INFO  [main] SudokuBoard - B?ad w kwadracie 0
sudoku.model.SudokuBoard@23263586[
  size=9
  solver=sudoku.model.BacktrackingSudokuSolver@4e2ad1f2
  board={{9,5,6,4,3,7,1,8,2},{4,3,7,1,5,0,0,0,0},{0,0,0,0,0,0,0,0,0},{0,0,0,0,0,0,0,0,0},{0,0,0,0,0,0,0,0,0},{0,0,0,0,0,0,0,0,0},{0,0,0,0,0,0,0,0,0},{0,0,0,0,0,0,0,0,0},{0,0,0,0,0,0,0,0,0}}
]
13:52:47.329 INFO  [main] SudokuBoard - Warto?? 0 wstawiona nieprawid?owo
13:52:47.329 INFO  [main] SudokuBoard - B?ad w kwadracie 0
sudoku.model.SudokuBoard@23263586[
  size=9
  solver=sudoku.model.BacktrackingSudokuSolver@4e2ad1f2
  board={{9,5,6,4,3,7,1,8,2},{4,3,7,1,5,8,9,0,0},{0,0,0,0,0,0,0,0,0},{0,0,0,0,0,0,0,0,0},{0,0,0,0,0,0,0,0,0},{0,0,0,0,0,0,0,0,0},{0,0,0,0,0,0,0,0,0},{0,0,0,0,0,0,0,0,0},{0,0,0,0,0,0,0,0,0}}
]
13:52:47.329 INFO  [main] SudokuBoard - Warto?? 0 wstawiona nieprawid?owo
13:52:47.330 INFO  [main] SudokuBoard - B?ad w kwadracie 0
sudoku.model.SudokuBoard@23263586[
  size=9
  solver=sudoku.model.BacktrackingSudokuSolver@4e2ad1f2
  board={{9,5,6,4,3,7,1,8,2},{4,3,7,1,5,8,0,0,0},{0,0,0,0,0,0,0,0,0},{0,0,0,0,0,0,0,0,0},{0,0,0,0,0,0,0,0,0},{0,0,0,0,0,0,0,0,0},{0,0,0,0,0,0,0,0,0},{0,0,0,0,0,0,0,0,0},{0,0,0,0,0,0,0,0,0}}
]
13:52:47.330 INFO  [main] SudokuBoard - Warto?? 0 wstawiona nieprawid?owo
13:52:47.331 INFO  [main] SudokuBoard - B?ad w kwadracie 0
sudoku.model.SudokuBoard@23263586[
  size=9
  solver=sudoku.model.BacktrackingSudokuSolver@4e2ad1f2
  board={{9,5,6,4,3,7,1,8,2},{4,3,7,1,5,8,6,0,0},{0,0,0,0,0,0,0,0,0},{0,0,0,0,0,0,0,0,0},{0,0,0,0,0,0,0,0,0},{0,0,0,0,0,0,0,0,0},{0,0,0,0,0,0,0,0,0},{0,0,0,0,0,0,0,0,0},{0,0,0,0,0,0,0,0,0}}
]
13:52:47.333 INFO  [main] SudokuBoard - Warto?? 0 wstawiona nieprawid?owo
13:52:47.334 INFO  [main] SudokuBoard - B?ad w kwadracie 0
sudoku.model.SudokuBoard@23263586[
  size=9
  solver=sudoku.model.BacktrackingSudokuSolver@4e2ad1f2
  board={{9,5,6,4,3,7,1,8,2},{4,3,7,1,5,8,0,0,0},{0,0,0,0,0,0,0,0,0},{0,0,0,0,0,0,0,0,0},{0,0,0,0,0,0,0,0,0},{0,0,0,0,0,0,0,0,0},{0,0,0,0,0,0,0,0,0},{0,0,0,0,0,0,0,0,0},{0,0,0,0,0,0,0,0,0}}
]
13:52:47.334 INFO  [main] SudokuBoard - Warto?? 0 wstawiona nieprawid?owo
13:52:47.334 INFO  [main] SudokuBoard - B?ad w kwadracie 0
sudoku.model.SudokuBoard@23263586[
  size=9
  solver=sudoku.model.BacktrackingSudokuSolver@4e2ad1f2
  board={{9,5,6,4,3,7,1,8,2},{4,3,7,1,5,0,0,0,0},{0,0,0,0,0,0,0,0,0},{0,0,0,0,0,0,0,0,0},{0,0,0,0,0,0,0,0,0},{0,0,0,0,0,0,0,0,0},{0,0,0,0,0,0,0,0,0},{0,0,0,0,0,0,0,0,0},{0,0,0,0,0,0,0,0,0}}
]
13:52:47.335 INFO  [main] SudokuBoard - Warto?? 0 wstawiona nieprawid?owo
13:52:47.335 INFO  [main] SudokuBoard - B?ad w kwadracie 0
sudoku.model.SudokuBoard@23263586[
  size=9
  solver=sudoku.model.BacktrackingSudokuSolver@4e2ad1f2
  board={{9,5,6,4,3,7,1,8,2},{4,3,7,1,5,9,0,0,0},{0,0,0,0,0,0,0,0,0},{0,0,0,0,0,0,0,0,0},{0,0,0,0,0,0,0,0,0},{0,0,0,0,0,0,0,0,0},{0,0,0,0,0,0,0,0,0},{0,0,0,0,0,0,0,0,0},{0,0,0,0,0,0,0,0,0}}
]
13:52:47.335 INFO  [main] SudokuBoard - Warto?? 0 wstawiona nieprawid?owo
13:52:47.336 INFO  [main] SudokuBoard - B?ad w kwadracie 0
sudoku.model.SudokuBoard@23263586[
  size=9
  solver=sudoku.model.BacktrackingSudokuSolver@4e2ad1f2
  board={{9,5,6,4,3,7,1,8,2},{4,3,7,1,5,0,0,0,0},{0,0,0,0,0,0,0,0,0},{0,0,0,0,0,0,0,0,0},{0,0,0,0,0,0,0,0,0},{0,0,0,0,0,0,0,0,0},{0,0,0,0,0,0,0,0,0},{0,0,0,0,0,0,0,0,0},{0,0,0,0,0,0,0,0,0}}
]
13:52:47.336 INFO  [main] SudokuBoard - Warto?? 0 wstawiona nieprawid?owo
13:52:47.338 INFO  [main] SudokuBoard - B?ad w kwadracie 0
sudoku.model.SudokuBoard@23263586[
  size=9
  solver=sudoku.model.BacktrackingSudokuSolver@4e2ad1f2
  board={{9,5,6,4,3,7,1,8,2},{4,3,7,1,5,2,6,0,0},{0,0,0,0,0,0,0,0,0},{0,0,0,0,0,0,0,0,0},{0,0,0,0,0,0,0,0,0},{0,0,0,0,0,0,0,0,0},{0,0,0,0,0,0,0,0,0},{0,0,0,0,0,0,0,0,0},{0,0,0,0,0,0,0,0,0}}
]
13:52:47.338 INFO  [main] SudokuBoard - Warto?? 0 wstawiona nieprawid?owo
13:52:47.339 INFO  [main] SudokuBoard - B?ad w kwadracie 0
sudoku.model.SudokuBoard@23263586[
  size=9
  solver=sudoku.model.BacktrackingSudokuSolver@4e2ad1f2
  board={{9,5,6,4,3,7,1,8,2},{4,3,7,1,5,2,0,0,0},{0,0,0,0,0,0,0,0,0},{0,0,0,0,0,0,0,0,0},{0,0,0,0,0,0,0,0,0},{0,0,0,0,0,0,0,0,0},{0,0,0,0,0,0,0,0,0},{0,0,0,0,0,0,0,0,0},{0,0,0,0,0,0,0,0,0}}
]
13:52:47.339 INFO  [main] SudokuBoard - Warto?? 0 wstawiona nieprawid?owo
13:52:47.339 INFO  [main] SudokuBoard - B?ad w kwadracie 0
sudoku.model.SudokuBoard@23263586[
  size=9
  solver=sudoku.model.BacktrackingSudokuSolver@4e2ad1f2
  board={{9,5,6,4,3,7,1,8,2},{4,3,7,1,5,2,9,0,0},{0,0,0,0,0,0,0,0,0},{0,0,0,0,0,0,0,0,0},{0,0,0,0,0,0,0,0,0},{0,0,0,0,0,0,0,0,0},{0,0,0,0,0,0,0,0,0},{0,0,0,0,0,0,0,0,0},{0,0,0,0,0,0,0,0,0}}
]
13:52:47.339 INFO  [main] SudokuBoard - Warto?? 0 wstawiona nieprawid?owo
13:52:47.340 INFO  [main] SudokuBoard - B?ad w kwadracie 0
sudoku.model.SudokuBoard@23263586[
  size=9
  solver=sudoku.model.BacktrackingSudokuSolver@4e2ad1f2
  board={{9,5,6,4,3,7,1,8,2},{4,3,7,1,5,2,0,0,0},{0,0,0,0,0,0,0,0,0},{0,0,0,0,0,0,0,0,0},{0,0,0,0,0,0,0,0,0},{0,0,0,0,0,0,0,0,0},{0,0,0,0,0,0,0,0,0},{0,0,0,0,0,0,0,0,0},{0,0,0,0,0,0,0,0,0}}
]
13:52:47.340 INFO  [main] SudokuBoard - Warto?? 0 wstawiona nieprawid?owo
13:52:47.340 INFO  [main] SudokuBoard - B?ad w kwadracie 0
sudoku.model.SudokuBoard@23263586[
  size=9
  solver=sudoku.model.BacktrackingSudokuSolver@4e2ad1f2
  board={{9,5,6,4,3,7,1,8,2},{4,3,7,1,5,0,0,0,0},{0,0,0,0,0,0,0,0,0},{0,0,0,0,0,0,0,0,0},{0,0,0,0,0,0,0,0,0},{0,0,0,0,0,0,0,0,0},{0,0,0,0,0,0,0,0,0},{0,0,0,0,0,0,0,0,0},{0,0,0,0,0,0,0,0,0}}
]
13:52:47.340 INFO  [main] SudokuBoard - Warto?? 0 wstawiona nieprawid?owo
13:52:47.341 INFO  [main] SudokuBoard - B?ad w kwadracie 0
sudoku.model.SudokuBoard@23263586[
  size=9
  solver=sudoku.model.BacktrackingSudokuSolver@4e2ad1f2
  board={{9,5,6,4,3,7,1,8,2},{4,3,7,1,0,0,0,0,0},{0,0,0,0,0,0,0,0,0},{0,0,0,0,0,0,0,0,0},{0,0,0,0,0,0,0,0,0},{0,0,0,0,0,0,0,0,0},{0,0,0,0,0,0,0,0,0},{0,0,0,0,0,0,0,0,0},{0,0,0,0,0,0,0,0,0}}
]
13:52:47.341 INFO  [main] SudokuBoard - Warto?? 0 wstawiona nieprawid?owo
13:52:47.341 INFO  [main] SudokuBoard - B?ad w kwadracie 0
sudoku.model.SudokuBoard@23263586[
  size=9
  solver=sudoku.model.BacktrackingSudokuSolver@4e2ad1f2
  board={{9,5,6,4,3,7,1,8,2},{4,3,7,1,6,5,0,0,0},{0,0,0,0,0,0,0,0,0},{0,0,0,0,0,0,0,0,0},{0,0,0,0,0,0,0,0,0},{0,0,0,0,0,0,0,0,0},{0,0,0,0,0,0,0,0,0},{0,0,0,0,0,0,0,0,0},{0,0,0,0,0,0,0,0,0}}
]
13:52:47.342 INFO  [main] SudokuBoard - Warto?? 0 wstawiona nieprawid?owo
13:52:47.342 INFO  [main] SudokuBoard - B?ad w kwadracie 0
sudoku.model.SudokuBoard@23263586[
  size=9
  solver=sudoku.model.BacktrackingSudokuSolver@4e2ad1f2
  board={{9,5,6,4,3,7,1,8,2},{4,3,7,1,6,0,0,0,0},{0,0,0,0,0,0,0,0,0},{0,0,0,0,0,0,0,0,0},{0,0,0,0,0,0,0,0,0},{0,0,0,0,0,0,0,0,0},{0,0,0,0,0,0,0,0,0},{0,0,0,0,0,0,0,0,0},{0,0,0,0,0,0,0,0,0}}
]
13:52:47.342 INFO  [main] SudokuBoard - Warto?? 0 wstawiona nieprawid?owo
13:52:47.343 INFO  [main] SudokuBoard - B?ad w kwadracie 0
sudoku.model.SudokuBoard@23263586[
  size=9
  solver=sudoku.model.BacktrackingSudokuSolver@4e2ad1f2
  board={{9,5,6,4,3,7,1,8,2},{4,3,7,1,6,8,5,0,0},{0,0,0,0,0,0,0,0,0},{0,0,0,0,0,0,0,0,0},{0,0,0,0,0,0,0,0,0},{0,0,0,0,0,0,0,0,0},{0,0,0,0,0,0,0,0,0},{0,0,0,0,0,0,0,0,0},{0,0,0,0,0,0,0,0,0}}
]
13:52:47.345 INFO  [main] SudokuBoard - Warto?? 0 wstawiona nieprawid?owo
13:52:47.346 INFO  [main] SudokuBoard - B?ad w kwadracie 0
sudoku.model.SudokuBoard@23263586[
  size=9
  solver=sudoku.model.BacktrackingSudokuSolver@4e2ad1f2
  board={{9,5,6,4,3,7,1,8,2},{4,3,7,1,6,8,0,0,0},{0,0,0,0,0,0,0,0,0},{0,0,0,0,0,0,0,0,0},{0,0,0,0,0,0,0,0,0},{0,0,0,0,0,0,0,0,0},{0,0,0,0,0,0,0,0,0},{0,0,0,0,0,0,0,0,0},{0,0,0,0,0,0,0,0,0}}
]
13:52:47.347 INFO  [main] SudokuBoard - Warto?? 0 wstawiona nieprawid?owo
13:52:47.349 INFO  [main] SudokuBoard - B?ad w kwadracie 0
sudoku.model.SudokuBoard@23263586[
  size=9
  solver=sudoku.model.BacktrackingSudokuSolver@4e2ad1f2
  board={{9,5,6,4,3,7,1,8,2},{4,3,7,1,6,8,9,0,0},{0,0,0,0,0,0,0,0,0},{0,0,0,0,0,0,0,0,0},{0,0,0,0,0,0,0,0,0},{0,0,0,0,0,0,0,0,0},{0,0,0,0,0,0,0,0,0},{0,0,0,0,0,0,0,0,0},{0,0,0,0,0,0,0,0,0}}
]
13:52:47.350 INFO  [main] SudokuBoard - Warto?? 0 wstawiona nieprawid?owo
13:52:47.350 INFO  [main] SudokuBoard - B?ad w kwadracie 0
sudoku.model.SudokuBoard@23263586[
  size=9
  solver=sudoku.model.BacktrackingSudokuSolver@4e2ad1f2
  board={{9,5,6,4,3,7,1,8,2},{4,3,7,1,6,8,0,0,0},{0,0,0,0,0,0,0,0,0},{0,0,0,0,0,0,0,0,0},{0,0,0,0,0,0,0,0,0},{0,0,0,0,0,0,0,0,0},{0,0,0,0,0,0,0,0,0},{0,0,0,0,0,0,0,0,0},{0,0,0,0,0,0,0,0,0}}
]
13:52:47.351 INFO  [main] SudokuBoard - Warto?? 0 wstawiona nieprawid?owo
13:52:47.352 INFO  [main] SudokuBoard - B?ad w kwadracie 0
sudoku.model.SudokuBoard@23263586[
  size=9
  solver=sudoku.model.BacktrackingSudokuSolver@4e2ad1f2
  board={{9,5,6,4,3,7,1,8,2},{4,3,7,1,6,0,0,0,0},{0,0,0,0,0,0,0,0,0},{0,0,0,0,0,0,0,0,0},{0,0,0,0,0,0,0,0,0},{0,0,0,0,0,0,0,0,0},{0,0,0,0,0,0,0,0,0},{0,0,0,0,0,0,0,0,0},{0,0,0,0,0,0,0,0,0}}
]
13:52:47.352 INFO  [main] SudokuBoard - Warto?? 0 wstawiona nieprawid?owo
13:52:47.352 INFO  [main] SudokuBoard - B?ad w kwadracie 0
sudoku.model.SudokuBoard@23263586[
  size=9
  solver=sudoku.model.BacktrackingSudokuSolver@4e2ad1f2
  board={{9,5,6,4,3,7,1,8,2},{4,3,7,1,6,9,0,0,0},{0,0,0,0,0,0,0,0,0},{0,0,0,0,0,0,0,0,0},{0,0,0,0,0,0,0,0,0},{0,0,0,0,0,0,0,0,0},{0,0,0,0,0,0,0,0,0},{0,0,0,0,0,0,0,0,0},{0,0,0,0,0,0,0,0,0}}
]
13:52:47.353 INFO  [main] SudokuBoard - Warto?? 0 wstawiona nieprawid?owo
13:52:47.353 INFO  [main] SudokuBoard - B?ad w kwadracie 0
sudoku.model.SudokuBoard@23263586[
  size=9
  solver=sudoku.model.BacktrackingSudokuSolver@4e2ad1f2
  board={{9,5,6,4,3,7,1,8,2},{4,3,7,1,6,0,0,0,0},{0,0,0,0,0,0,0,0,0},{0,0,0,0,0,0,0,0,0},{0,0,0,0,0,0,0,0,0},{0,0,0,0,0,0,0,0,0},{0,0,0,0,0,0,0,0,0},{0,0,0,0,0,0,0,0,0},{0,0,0,0,0,0,0,0,0}}
]
13:52:47.354 INFO  [main] SudokuBoard - Warto?? 0 wstawiona nieprawid?owo
13:52:47.354 INFO  [main] SudokuBoard - B?ad w kwadracie 0
sudoku.model.SudokuBoard@23263586[
  size=9
  solver=sudoku.model.BacktrackingSudokuSolver@4e2ad1f2
  board={{9,5,6,4,3,7,1,8,2},{4,3,7,1,6,2,9,0,0},{0,0,0,0,0,0,0,0,0},{0,0,0,0,0,0,0,0,0},{0,0,0,0,0,0,0,0,0},{0,0,0,0,0,0,0,0,0},{0,0,0,0,0,0,0,0,0},{0,0,0,0,0,0,0,0,0},{0,0,0,0,0,0,0,0,0}}
]
13:52:47.354 INFO  [main] SudokuBoard - Warto?? 0 wstawiona nieprawid?owo
13:52:47.356 INFO  [main] SudokuBoard - B?ad w kwadracie 0
sudoku.model.SudokuBoard@23263586[
  size=9
  solver=sudoku.model.BacktrackingSudokuSolver@4e2ad1f2
  board={{9,5,6,4,3,7,1,8,2},{4,3,7,1,6,2,0,0,0},{0,0,0,0,0,0,0,0,0},{0,0,0,0,0,0,0,0,0},{0,0,0,0,0,0,0,0,0},{0,0,0,0,0,0,0,0,0},{0,0,0,0,0,0,0,0,0},{0,0,0,0,0,0,0,0,0},{0,0,0,0,0,0,0,0,0}}
]
13:52:47.356 INFO  [main] SudokuBoard - Warto?? 0 wstawiona nieprawid?owo
13:52:47.356 INFO  [main] SudokuBoard - B?ad w kwadracie 0
sudoku.model.SudokuBoard@23263586[
  size=9
  solver=sudoku.model.BacktrackingSudokuSolver@4e2ad1f2
  board={{9,5,6,4,3,7,1,8,2},{4,3,7,1,6,2,5,0,0},{0,0,0,0,0,0,0,0,0},{0,0,0,0,0,0,0,0,0},{0,0,0,0,0,0,0,0,0},{0,0,0,0,0,0,0,0,0},{0,0,0,0,0,0,0,0,0},{0,0,0,0,0,0,0,0,0},{0,0,0,0,0,0,0,0,0}}
]
13:52:47.357 INFO  [main] SudokuBoard - Warto?? 0 wstawiona nieprawid?owo
13:52:47.357 INFO  [main] SudokuBoard - B?ad w kwadracie 0
sudoku.model.SudokuBoard@23263586[
  size=9
  solver=sudoku.model.BacktrackingSudokuSolver@4e2ad1f2
  board={{9,5,6,4,3,7,1,8,2},{4,3,7,1,6,2,0,0,0},{0,0,0,0,0,0,0,0,0},{0,0,0,0,0,0,0,0,0},{0,0,0,0,0,0,0,0,0},{0,0,0,0,0,0,0,0,0},{0,0,0,0,0,0,0,0,0},{0,0,0,0,0,0,0,0,0},{0,0,0,0,0,0,0,0,0}}
]
13:52:47.357 INFO  [main] SudokuBoard - Warto?? 0 wstawiona nieprawid?owo
13:52:47.358 INFO  [main] SudokuBoard - B?ad w kwadracie 0
sudoku.model.SudokuBoard@23263586[
  size=9
  solver=sudoku.model.BacktrackingSudokuSolver@4e2ad1f2
  board={{9,5,6,4,3,7,1,8,2},{4,3,7,1,6,0,0,0,0},{0,0,0,0,0,0,0,0,0},{0,0,0,0,0,0,0,0,0},{0,0,0,0,0,0,0,0,0},{0,0,0,0,0,0,0,0,0},{0,0,0,0,0,0,0,0,0},{0,0,0,0,0,0,0,0,0},{0,0,0,0,0,0,0,0,0}}
]
13:52:47.358 INFO  [main] SudokuBoard - Warto?? 0 wstawiona nieprawid?owo
13:52:47.358 INFO  [main] SudokuBoard - B?ad w kwadracie 0
sudoku.model.SudokuBoard@23263586[
  size=9
  solver=sudoku.model.BacktrackingSudokuSolver@4e2ad1f2
  board={{9,5,6,4,3,7,1,8,2},{4,3,7,1,0,0,0,0,0},{0,0,0,0,0,0,0,0,0},{0,0,0,0,0,0,0,0,0},{0,0,0,0,0,0,0,0,0},{0,0,0,0,0,0,0,0,0},{0,0,0,0,0,0,0,0,0},{0,0,0,0,0,0,0,0,0},{0,0,0,0,0,0,0,0,0}}
]
13:52:47.358 INFO  [main] SudokuBoard - Warto?? 0 wstawiona nieprawid?owo
13:52:47.359 INFO  [main] SudokuBoard - B?ad w kwadracie 0
sudoku.model.SudokuBoard@23263586[
  size=9
  solver=sudoku.model.BacktrackingSudokuSolver@4e2ad1f2
  board={{9,5,6,4,3,7,1,8,2},{4,3,7,1,8,5,6,0,0},{0,0,0,0,0,0,0,0,0},{0,0,0,0,0,0,0,0,0},{0,0,0,0,0,0,0,0,0},{0,0,0,0,0,0,0,0,0},{0,0,0,0,0,0,0,0,0},{0,0,0,0,0,0,0,0,0},{0,0,0,0,0,0,0,0,0}}
]
13:52:47.359 INFO  [main] SudokuBoard - Warto?? 0 wstawiona nieprawid?owo
13:52:47.359 INFO  [main] SudokuBoard - B?ad w kwadracie 0
sudoku.model.SudokuBoard@23263586[
  size=9
  solver=sudoku.model.BacktrackingSudokuSolver@4e2ad1f2
  board={{9,5,6,4,3,7,1,8,2},{4,3,7,1,8,5,0,0,0},{0,0,0,0,0,0,0,0,0},{0,0,0,0,0,0,0,0,0},{0,0,0,0,0,0,0,0,0},{0,0,0,0,0,0,0,0,0},{0,0,0,0,0,0,0,0,0},{0,0,0,0,0,0,0,0,0},{0,0,0,0,0,0,0,0,0}}
]
13:52:47.359 INFO  [main] SudokuBoard - Warto?? 0 wstawiona nieprawid?owo
13:52:47.360 INFO  [main] SudokuBoard - B?ad w kwadracie 0
sudoku.model.SudokuBoard@23263586[
  size=9
  solver=sudoku.model.BacktrackingSudokuSolver@4e2ad1f2
  board={{9,5,6,4,3,7,1,8,2},{4,3,7,1,8,5,9,0,0},{0,0,0,0,0,0,0,0,0},{0,0,0,0,0,0,0,0,0},{0,0,0,0,0,0,0,0,0},{0,0,0,0,0,0,0,0,0},{0,0,0,0,0,0,0,0,0},{0,0,0,0,0,0,0,0,0},{0,0,0,0,0,0,0,0,0}}
]
13:52:47.360 INFO  [main] SudokuBoard - Warto?? 0 wstawiona nieprawid?owo
13:52:47.361 INFO  [main] SudokuBoard - B?ad w kwadracie 0
sudoku.model.SudokuBoard@23263586[
  size=9
  solver=sudoku.model.BacktrackingSudokuSolver@4e2ad1f2
  board={{9,5,6,4,3,7,1,8,2},{4,3,7,1,8,5,0,0,0},{0,0,0,0,0,0,0,0,0},{0,0,0,0,0,0,0,0,0},{0,0,0,0,0,0,0,0,0},{0,0,0,0,0,0,0,0,0},{0,0,0,0,0,0,0,0,0},{0,0,0,0,0,0,0,0,0},{0,0,0,0,0,0,0,0,0}}
]
13:52:47.361 INFO  [main] SudokuBoard - Warto?? 0 wstawiona nieprawid?owo
13:52:47.361 INFO  [main] SudokuBoard - B?ad w kwadracie 0
sudoku.model.SudokuBoard@23263586[
  size=9
  solver=sudoku.model.BacktrackingSudokuSolver@4e2ad1f2
  board={{9,5,6,4,3,7,1,8,2},{4,3,7,1,8,0,0,0,0},{0,0,0,0,0,0,0,0,0},{0,0,0,0,0,0,0,0,0},{0,0,0,0,0,0,0,0,0},{0,0,0,0,0,0,0,0,0},{0,0,0,0,0,0,0,0,0},{0,0,0,0,0,0,0,0,0},{0,0,0,0,0,0,0,0,0}}
]
13:52:47.362 INFO  [main] SudokuBoard - Warto?? 0 wstawiona nieprawid?owo
13:52:47.362 INFO  [main] SudokuBoard - B?ad w kwadracie 0
sudoku.model.SudokuBoard@23263586[
  size=9
  solver=sudoku.model.BacktrackingSudokuSolver@4e2ad1f2
  board={{9,5,6,4,3,7,1,8,2},{4,3,7,1,8,6,5,0,0},{0,0,0,0,0,0,0,0,0},{0,0,0,0,0,0,0,0,0},{0,0,0,0,0,0,0,0,0},{0,0,0,0,0,0,0,0,0},{0,0,0,0,0,0,0,0,0},{0,0,0,0,0,0,0,0,0},{0,0,0,0,0,0,0,0,0}}
]
13:52:47.362 INFO  [main] SudokuBoard - Warto?? 0 wstawiona nieprawid?owo
13:52:47.363 INFO  [main] SudokuBoard - B?ad w kwadracie 0
sudoku.model.SudokuBoard@23263586[
  size=9
  solver=sudoku.model.BacktrackingSudokuSolver@4e2ad1f2
  board={{9,5,6,4,3,7,1,8,2},{4,3,7,1,8,6,0,0,0},{0,0,0,0,0,0,0,0,0},{0,0,0,0,0,0,0,0,0},{0,0,0,0,0,0,0,0,0},{0,0,0,0,0,0,0,0,0},{0,0,0,0,0,0,0,0,0},{0,0,0,0,0,0,0,0,0},{0,0,0,0,0,0,0,0,0}}
]
13:52:47.363 INFO  [main] SudokuBoard - Warto?? 0 wstawiona nieprawid?owo
13:52:47.364 INFO  [main] SudokuBoard - B?ad w kwadracie 0
sudoku.model.SudokuBoard@23263586[
  size=9
  solver=sudoku.model.BacktrackingSudokuSolver@4e2ad1f2
  board={{9,5,6,4,3,7,1,8,2},{4,3,7,1,8,6,9,0,0},{0,0,0,0,0,0,0,0,0},{0,0,0,0,0,0,0,0,0},{0,0,0,0,0,0,0,0,0},{0,0,0,0,0,0,0,0,0},{0,0,0,0,0,0,0,0,0},{0,0,0,0,0,0,0,0,0},{0,0,0,0,0,0,0,0,0}}
]
13:52:47.364 INFO  [main] SudokuBoard - Warto?? 0 wstawiona nieprawid?owo
13:52:47.364 INFO  [main] SudokuBoard - B?ad w kwadracie 0
sudoku.model.SudokuBoard@23263586[
  size=9
  solver=sudoku.model.BacktrackingSudokuSolver@4e2ad1f2
  board={{9,5,6,4,3,7,1,8,2},{4,3,7,1,8,6,0,0,0},{0,0,0,0,0,0,0,0,0},{0,0,0,0,0,0,0,0,0},{0,0,0,0,0,0,0,0,0},{0,0,0,0,0,0,0,0,0},{0,0,0,0,0,0,0,0,0},{0,0,0,0,0,0,0,0,0},{0,0,0,0,0,0,0,0,0}}
]
13:52:47.364 INFO  [main] SudokuBoard - Warto?? 0 wstawiona nieprawid?owo
13:52:47.364 INFO  [main] SudokuBoard - B?ad w kwadracie 0
sudoku.model.SudokuBoard@23263586[
  size=9
  solver=sudoku.model.BacktrackingSudokuSolver@4e2ad1f2
  board={{9,5,6,4,3,7,1,8,2},{4,3,7,1,8,0,0,0,0},{0,0,0,0,0,0,0,0,0},{0,0,0,0,0,0,0,0,0},{0,0,0,0,0,0,0,0,0},{0,0,0,0,0,0,0,0,0},{0,0,0,0,0,0,0,0,0},{0,0,0,0,0,0,0,0,0},{0,0,0,0,0,0,0,0,0}}
]
13:52:47.365 INFO  [main] SudokuBoard - Warto?? 0 wstawiona nieprawid?owo
13:52:47.365 INFO  [main] SudokuBoard - B?ad w kwadracie 0
sudoku.model.SudokuBoard@23263586[
  size=9
  solver=sudoku.model.BacktrackingSudokuSolver@4e2ad1f2
  board={{9,5,6,4,3,7,1,8,2},{4,3,7,1,8,9,5,0,0},{0,0,0,0,0,0,0,0,0},{0,0,0,0,0,0,0,0,0},{0,0,0,0,0,0,0,0,0},{0,0,0,0,0,0,0,0,0},{0,0,0,0,0,0,0,0,0},{0,0,0,0,0,0,0,0,0},{0,0,0,0,0,0,0,0,0}}
]
13:52:47.365 INFO  [main] SudokuBoard - Warto?? 0 wstawiona nieprawid?owo
13:52:47.366 INFO  [main] SudokuBoard - B?ad w kwadracie 0
sudoku.model.SudokuBoard@23263586[
  size=9
  solver=sudoku.model.BacktrackingSudokuSolver@4e2ad1f2
  board={{9,5,6,4,3,7,1,8,2},{4,3,7,1,8,9,0,0,0},{0,0,0,0,0,0,0,0,0},{0,0,0,0,0,0,0,0,0},{0,0,0,0,0,0,0,0,0},{0,0,0,0,0,0,0,0,0},{0,0,0,0,0,0,0,0,0},{0,0,0,0,0,0,0,0,0},{0,0,0,0,0,0,0,0,0}}
]
13:52:47.366 INFO  [main] SudokuBoard - Warto?? 0 wstawiona nieprawid?owo
13:52:47.366 INFO  [main] SudokuBoard - B?ad w kwadracie 0
sudoku.model.SudokuBoard@23263586[
  size=9
  solver=sudoku.model.BacktrackingSudokuSolver@4e2ad1f2
  board={{9,5,6,4,3,7,1,8,2},{4,3,7,1,8,9,6,0,0},{0,0,0,0,0,0,0,0,0},{0,0,0,0,0,0,0,0,0},{0,0,0,0,0,0,0,0,0},{0,0,0,0,0,0,0,0,0},{0,0,0,0,0,0,0,0,0},{0,0,0,0,0,0,0,0,0},{0,0,0,0,0,0,0,0,0}}
]
13:52:47.366 INFO  [main] SudokuBoard - Warto?? 0 wstawiona nieprawid?owo
13:52:47.367 INFO  [main] SudokuBoard - B?ad w kwadracie 0
sudoku.model.SudokuBoard@23263586[
  size=9
  solver=sudoku.model.BacktrackingSudokuSolver@4e2ad1f2
  board={{9,5,6,4,3,7,1,8,2},{4,3,7,1,8,9,0,0,0},{0,0,0,0,0,0,0,0,0},{0,0,0,0,0,0,0,0,0},{0,0,0,0,0,0,0,0,0},{0,0,0,0,0,0,0,0,0},{0,0,0,0,0,0,0,0,0},{0,0,0,0,0,0,0,0,0},{0,0,0,0,0,0,0,0,0}}
]
13:52:47.367 INFO  [main] SudokuBoard - Warto?? 0 wstawiona nieprawid?owo
13:52:47.367 INFO  [main] SudokuBoard - B?ad w kwadracie 0
sudoku.model.SudokuBoard@23263586[
  size=9
  solver=sudoku.model.BacktrackingSudokuSolver@4e2ad1f2
  board={{9,5,6,4,3,7,1,8,2},{4,3,7,1,8,0,0,0,0},{0,0,0,0,0,0,0,0,0},{0,0,0,0,0,0,0,0,0},{0,0,0,0,0,0,0,0,0},{0,0,0,0,0,0,0,0,0},{0,0,0,0,0,0,0,0,0},{0,0,0,0,0,0,0,0,0},{0,0,0,0,0,0,0,0,0}}
]
13:52:47.367 INFO  [main] SudokuBoard - Warto?? 0 wstawiona nieprawid?owo
13:52:47.368 INFO  [main] SudokuBoard - B?ad w kwadracie 0
sudoku.model.SudokuBoard@23263586[
  size=9
  solver=sudoku.model.BacktrackingSudokuSolver@4e2ad1f2
  board={{9,5,6,4,3,7,1,8,2},{4,3,7,1,8,2,9,5,6},{8,1,2,9,5,6,7,3,4},{6,7,3,2,9,5,4,1,8},{5,2,8,3,4,1,6,7,9},{1,4,9,6,7,8,3,2,5},{3,8,1,5,6,4,2,9,7},{7,6,4,8,1,9,0,0,0},{0,0,0,0,0,0,0,0,0}}
]
13:52:47.368 INFO  [main] SudokuBoard - Warto?? 0 wstawiona nieprawid?owo
13:52:47.369 INFO  [main] SudokuBoard - B?ad w kwadracie 0
sudoku.model.SudokuBoard@23263586[
  size=9
  solver=sudoku.model.BacktrackingSudokuSolver@4e2ad1f2
  board={{9,5,6,4,3,7,1,8,2},{4,3,7,1,8,2,9,5,6},{8,1,2,9,5,6,7,3,4},{6,7,3,2,9,5,4,1,8},{5,2,8,3,4,1,6,7,9},{1,4,9,6,7,8,3,2,5},{3,8,1,5,6,4,2,9,7},{7,6,4,8,1,0,0,0,0},{0,0,0,0,0,0,0,0,0}}
]
13:52:47.369 INFO  [main] SudokuBoard - Warto?? 0 wstawiona nieprawid?owo
13:52:47.369 INFO  [main] SudokuBoard - B?ad w kwadracie 0
sudoku.model.SudokuBoard@23263586[
  size=9
  solver=sudoku.model.BacktrackingSudokuSolver@4e2ad1f2
  board={{9,5,6,4,3,7,1,8,2},{4,3,7,1,8,2,9,5,6},{8,1,2,9,5,6,7,3,4},{6,7,3,2,9,5,4,1,8},{5,2,8,3,4,1,6,7,9},{1,4,9,6,7,8,3,2,5},{3,8,1,5,6,4,2,9,7},{7,6,4,8,1,3,0,0,0},{0,0,0,0,0,0,0,0,0}}
]
13:52:47.370 INFO  [main] SudokuBoard - Warto?? 0 wstawiona nieprawid?owo
13:52:47.371 INFO  [main] SudokuBoard - B?ad w kwadracie 0
sudoku.model.SudokuBoard@23263586[
  size=9
  solver=sudoku.model.BacktrackingSudokuSolver@4e2ad1f2
  board={{9,5,6,4,3,7,1,8,2},{4,3,7,1,8,2,9,5,6},{8,1,2,9,5,6,7,3,4},{6,7,3,2,9,5,4,1,8},{5,2,8,3,4,1,6,7,9},{1,4,9,6,7,8,3,2,5},{3,8,1,5,6,4,2,9,7},{7,6,4,8,1,0,0,0,0},{0,0,0,0,0,0,0,0,0}}
]
13:52:47.371 INFO  [main] SudokuBoard - Warto?? 0 wstawiona nieprawid?owo
13:52:47.372 INFO  [main] SudokuBoard - B?ad w kwadracie 0
sudoku.model.SudokuBoard@23263586[
  size=9
  solver=sudoku.model.BacktrackingSudokuSolver@4e2ad1f2
  board={{9,5,6,4,3,7,1,8,2},{4,3,7,1,8,2,9,5,6},{8,1,2,9,5,6,7,3,4},{6,7,3,2,9,5,4,1,8},{5,2,8,3,4,1,6,7,9},{1,4,9,6,7,8,3,2,5},{3,8,1,5,6,4,2,9,7},{7,6,4,8,0,0,0,0,0},{0,0,0,0,0,0,0,0,0}}
]
13:52:47.372 INFO  [main] SudokuBoard - Warto?? 0 wstawiona nieprawid?owo
13:52:47.373 INFO  [main] SudokuBoard - B?ad w kwadracie 0
sudoku.model.SudokuBoard@23263586[
  size=9
  solver=sudoku.model.BacktrackingSudokuSolver@4e2ad1f2
  board={{9,5,6,4,3,7,1,8,2},{4,3,7,1,8,2,9,5,6},{8,1,2,9,5,6,7,3,4},{6,7,3,2,9,5,4,1,8},{5,2,8,3,4,1,6,7,9},{1,4,9,6,7,8,3,2,5},{3,8,1,5,6,4,2,9,7},{7,6,4,8,2,3,0,0,0},{0,0,0,0,0,0,0,0,0}}
]
13:52:47.373 INFO  [main] SudokuBoard - Warto?? 0 wstawiona nieprawid?owo
13:52:47.374 INFO  [main] SudokuBoard - B?ad w kwadracie 0
sudoku.model.SudokuBoard@23263586[
  size=9
  solver=sudoku.model.BacktrackingSudokuSolver@4e2ad1f2
  board={{9,5,6,4,3,7,1,8,2},{4,3,7,1,8,2,9,5,6},{8,1,2,9,5,6,7,3,4},{6,7,3,2,9,5,4,1,8},{5,2,8,3,4,1,6,7,9},{1,4,9,6,7,8,3,2,5},{3,8,1,5,6,4,2,9,7},{7,6,4,8,2,0,0,0,0},{0,0,0,0,0,0,0,0,0}}
]
13:52:47.374 INFO  [main] SudokuBoard - Warto?? 0 wstawiona nieprawid?owo
13:52:47.374 INFO  [main] SudokuBoard - B?ad w kwadracie 0
sudoku.model.SudokuBoard@23263586[
  size=9
  solver=sudoku.model.BacktrackingSudokuSolver@4e2ad1f2
  board={{9,5,6,4,3,7,1,8,2},{4,3,7,1,8,2,9,5,6},{8,1,2,9,5,6,7,3,4},{6,7,3,2,9,5,4,1,8},{5,2,8,3,4,1,6,7,9},{1,4,9,6,7,8,3,2,5},{3,8,1,5,6,4,2,9,7},{7,6,4,8,2,9,0,0,0},{0,0,0,0,0,0,0,0,0}}
]
13:52:47.374 INFO  [main] SudokuBoard - Warto?? 0 wstawiona nieprawid?owo
13:52:47.375 INFO  [main] SudokuBoard - B?ad w kwadracie 0
sudoku.model.SudokuBoard@23263586[
  size=9
  solver=sudoku.model.BacktrackingSudokuSolver@4e2ad1f2
  board={{9,5,6,4,3,7,1,8,2},{4,3,7,1,8,2,9,5,6},{8,1,2,9,5,6,7,3,4},{6,7,3,2,9,5,4,1,8},{5,2,8,3,4,1,6,7,9},{1,4,9,6,7,8,3,2,5},{3,8,1,5,6,4,2,9,7},{7,6,4,8,2,0,0,0,0},{0,0,0,0,0,0,0,0,0}}
]
13:52:47.375 INFO  [main] SudokuBoard - Warto?? 0 wstawiona nieprawid?owo
13:52:47.377 INFO  [main] SudokuBoard - B?ad w kwadracie 0
sudoku.model.SudokuBoard@23263586[
  size=9
  solver=sudoku.model.BacktrackingSudokuSolver@4e2ad1f2
  board={{9,5,6,4,3,7,1,8,2},{4,3,7,1,8,2,9,5,6},{8,1,2,9,5,6,7,3,4},{6,7,3,2,9,5,4,1,8},{5,2,8,3,4,1,6,7,9},{1,4,9,6,7,8,3,2,5},{3,8,1,5,6,4,2,9,7},{7,6,4,8,0,0,0,0,0},{0,0,0,0,0,0,0,0,0}}
]
13:52:47.377 INFO  [main] SudokuBoard - Warto?? 0 wstawiona nieprawid?owo
13:52:47.378 INFO  [main] SudokuBoard - B?ad w kwadracie 0
sudoku.model.SudokuBoard@23263586[
  size=9
  solver=sudoku.model.BacktrackingSudokuSolver@4e2ad1f2
  board={{9,5,6,4,3,7,1,8,2},{4,3,7,1,8,2,9,5,6},{8,1,2,9,5,6,7,3,4},{6,7,3,2,9,5,4,1,8},{5,2,8,3,4,1,6,7,9},{1,4,9,6,7,8,3,2,5},{3,8,1,5,6,4,2,9,7},{7,6,4,0,0,0,0,0,0},{0,0,0,0,0,0,0,0,0}}
]
13:52:47.378 INFO  [main] SudokuBoard - Warto?? 0 wstawiona nieprawid?owo
13:52:47.379 INFO  [main] SudokuBoard - B?ad w kwadracie 0
sudoku.model.SudokuBoard@23263586[
  size=9
  solver=sudoku.model.BacktrackingSudokuSolver@4e2ad1f2
  board={{9,5,6,4,3,7,1,8,2},{4,3,7,1,8,2,9,5,6},{8,1,2,9,5,6,7,3,4},{6,7,3,2,9,5,4,1,8},{5,2,8,3,4,1,6,7,9},{1,4,9,6,7,8,3,2,5},{3,8,1,5,6,4,2,9,7},{7,6,0,0,0,0,0,0,0},{0,0,0,0,0,0,0,0,0}}
]
13:52:47.379 INFO  [main] SudokuBoard - Warto?? 0 wstawiona nieprawid?owo
13:52:47.379 INFO  [main] SudokuBoard - B?ad w kwadracie 0
sudoku.model.SudokuBoard@23263586[
  size=9
  solver=sudoku.model.BacktrackingSudokuSolver@4e2ad1f2
  board={{9,5,6,4,3,7,1,8,2},{4,3,7,1,8,2,9,5,6},{8,1,2,9,5,6,7,3,4},{6,7,3,2,9,5,4,1,8},{5,2,8,3,4,1,6,7,9},{1,4,9,6,7,8,3,2,5},{3,8,1,5,6,4,2,9,7},{7,6,5,8,1,0,0,0,0},{0,0,0,0,0,0,0,0,0}}
]
13:52:47.380 INFO  [main] SudokuBoard - Warto?? 0 wstawiona nieprawid?owo
13:52:47.380 INFO  [main] SudokuBoard - B?ad w kwadracie 0
sudoku.model.SudokuBoard@23263586[
  size=9
  solver=sudoku.model.BacktrackingSudokuSolver@4e2ad1f2
  board={{9,5,6,4,3,7,1,8,2},{4,3,7,1,8,2,9,5,6},{8,1,2,9,5,6,7,3,4},{6,7,3,2,9,5,4,1,8},{5,2,8,3,4,1,6,7,9},{1,4,9,6,7,8,3,2,5},{3,8,1,5,6,4,2,9,7},{7,6,5,8,1,0,0,0,0},{0,0,0,0,0,0,0,0,0}}
]
13:52:47.380 INFO  [main] SudokuBoard - Warto?? 0 wstawiona nieprawid?owo
13:52:47.381 INFO  [main] SudokuBoard - B?ad w kwadracie 0
sudoku.model.SudokuBoard@23263586[
  size=9
  solver=sudoku.model.BacktrackingSudokuSolver@4e2ad1f2
  board={{9,5,6,4,3,7,1,8,2},{4,3,7,1,8,2,9,5,6},{8,1,2,9,5,6,7,3,4},{6,7,3,2,9,5,4,1,8},{5,2,8,3,4,1,6,7,9},{1,4,9,6,7,8,3,2,5},{3,8,1,5,6,4,2,9,7},{7,6,5,8,0,0,0,0,0},{0,0,0,0,0,0,0,0,0}}
]
13:52:47.381 INFO  [main] SudokuBoard - Warto?? 0 wstawiona nieprawid?owo
13:52:47.381 INFO  [main] SudokuBoard - B?ad w kwadracie 0
sudoku.model.SudokuBoard@23263586[
  size=9
  solver=sudoku.model.BacktrackingSudokuSolver@4e2ad1f2
  board={{9,5,6,4,3,7,1,8,2},{4,3,7,1,8,2,9,5,6},{8,1,2,9,5,6,7,3,4},{6,7,3,2,9,5,4,1,8},{5,2,8,3,4,1,6,7,9},{1,4,9,6,7,8,3,2,5},{3,8,1,5,6,4,2,9,7},{7,6,5,8,2,0,0,0,0},{0,0,0,0,0,0,0,0,0}}
]
13:52:47.382 INFO  [main] SudokuBoard - Warto?? 0 wstawiona nieprawid?owo
13:52:47.382 INFO  [main] SudokuBoard - B?ad w kwadracie 0
sudoku.model.SudokuBoard@23263586[
  size=9
  solver=sudoku.model.BacktrackingSudokuSolver@4e2ad1f2
  board={{9,5,6,4,3,7,1,8,2},{4,3,7,1,8,2,9,5,6},{8,1,2,9,5,6,7,3,4},{6,7,3,2,9,5,4,1,8},{5,2,8,3,4,1,6,7,9},{1,4,9,6,7,8,3,2,5},{3,8,1,5,6,4,2,9,7},{7,6,5,8,2,0,0,0,0},{0,0,0,0,0,0,0,0,0}}
]
13:52:47.382 INFO  [main] SudokuBoard - Warto?? 0 wstawiona nieprawid?owo
13:52:47.383 INFO  [main] SudokuBoard - B?ad w kwadracie 0
sudoku.model.SudokuBoard@23263586[
  size=9
  solver=sudoku.model.BacktrackingSudokuSolver@4e2ad1f2
  board={{9,5,6,4,3,7,1,8,2},{4,3,7,1,8,2,9,5,6},{8,1,2,9,5,6,7,3,4},{6,7,3,2,9,5,4,1,8},{5,2,8,3,4,1,6,7,9},{1,4,9,6,7,8,3,2,5},{3,8,1,5,6,4,2,9,7},{7,6,5,8,0,0,0,0,0},{0,0,0,0,0,0,0,0,0}}
]
13:52:47.383 INFO  [main] SudokuBoard - Warto?? 0 wstawiona nieprawid?owo
13:52:47.383 INFO  [main] SudokuBoard - B?ad w kwadracie 0
sudoku.model.SudokuBoard@23263586[
  size=9
  solver=sudoku.model.BacktrackingSudokuSolver@4e2ad1f2
  board={{9,5,6,4,3,7,1,8,2},{4,3,7,1,8,2,9,5,6},{8,1,2,9,5,6,7,3,4},{6,7,3,2,9,5,4,1,8},{5,2,8,3,4,1,6,7,9},{1,4,9,6,7,8,3,2,5},{3,8,1,5,6,4,2,9,7},{7,6,5,0,0,0,0,0,0},{0,0,0,0,0,0,0,0,0}}
]
13:52:47.384 INFO  [main] SudokuBoard - Warto?? 0 wstawiona nieprawid?owo
13:52:47.384 INFO  [main] SudokuBoard - B?ad w kwadracie 0
sudoku.model.SudokuBoard@23263586[
  size=9
  solver=sudoku.model.BacktrackingSudokuSolver@4e2ad1f2
  board={{9,5,6,4,3,7,1,8,2},{4,3,7,1,8,2,9,5,6},{8,1,2,9,5,6,7,3,4},{6,7,3,2,9,5,4,1,8},{5,2,8,3,4,1,6,7,9},{1,4,9,6,7,8,3,2,5},{3,8,1,5,6,4,2,9,7},{7,6,0,0,0,0,0,0,0},{0,0,0,0,0,0,0,0,0}}
]
13:52:47.384 INFO  [main] SudokuBoard - Warto?? 0 wstawiona nieprawid?owo
13:52:47.385 INFO  [main] SudokuBoard - B?ad w kwadracie 0
sudoku.model.SudokuBoard@23263586[
  size=9
  solver=sudoku.model.BacktrackingSudokuSolver@4e2ad1f2
  board={{9,5,6,4,3,7,1,8,2},{4,3,7,1,8,2,9,5,6},{8,1,2,9,5,6,7,3,4},{6,7,3,2,9,5,4,1,8},{5,2,8,3,4,1,6,7,9},{1,4,9,6,7,8,3,2,5},{3,8,1,5,6,4,2,9,7},{7,0,0,0,0,0,0,0,0},{0,0,0,0,0,0,0,0,0}}
]
13:52:47.385 INFO  [main] SudokuBoard - Warto?? 0 wstawiona nieprawid?owo
13:52:47.385 INFO  [main] SudokuBoard - B?ad w kwadracie 0
sudoku.model.SudokuBoard@23263586[
  size=9
  solver=sudoku.model.BacktrackingSudokuSolver@4e2ad1f2
  board={{9,5,6,4,3,7,1,8,2},{4,3,7,1,8,2,9,5,6},{8,1,2,9,5,6,7,3,4},{6,7,3,2,9,5,4,1,8},{5,2,8,3,4,1,6,7,9},{1,4,9,6,7,8,3,2,5},{3,8,1,5,6,4,2,9,7},{7,9,5,8,1,0,0,0,0},{0,0,0,0,0,0,0,0,0}}
]
13:52:47.385 INFO  [main] SudokuBoard - Warto?? 0 wstawiona nieprawid?owo
13:52:47.386 INFO  [main] SudokuBoard - B?ad w kwadracie 0
sudoku.model.SudokuBoard@23263586[
  size=9
  solver=sudoku.model.BacktrackingSudokuSolver@4e2ad1f2
  board={{9,5,6,4,3,7,1,8,2},{4,3,7,1,8,2,9,5,6},{8,1,2,9,5,6,7,3,4},{6,7,3,2,9,5,4,1,8},{5,2,8,3,4,1,6,7,9},{1,4,9,6,7,8,3,2,5},{3,8,1,5,6,4,2,9,7},{7,9,5,8,0,0,0,0,0},{0,0,0,0,0,0,0,0,0}}
]
13:52:47.386 INFO  [main] SudokuBoard - Warto?? 0 wstawiona nieprawid?owo
13:52:47.386 INFO  [main] SudokuBoard - B?ad w kwadracie 0
sudoku.model.SudokuBoard@23263586[
  size=9
  solver=sudoku.model.BacktrackingSudokuSolver@4e2ad1f2
  board={{9,5,6,4,3,7,1,8,2},{4,3,7,1,8,2,9,5,6},{8,1,2,9,5,6,7,3,4},{6,7,3,2,9,5,4,1,8},{5,2,8,3,4,1,6,7,9},{1,4,9,6,7,8,3,2,5},{3,8,1,5,6,4,2,9,7},{7,9,5,8,2,0,0,0,0},{0,0,0,0,0,0,0,0,0}}
]
13:52:47.387 INFO  [main] SudokuBoard - Warto?? 0 wstawiona nieprawid?owo
13:52:47.387 INFO  [main] SudokuBoard - B?ad w kwadracie 0
sudoku.model.SudokuBoard@23263586[
  size=9
  solver=sudoku.model.BacktrackingSudokuSolver@4e2ad1f2
  board={{9,5,6,4,3,7,1,8,2},{4,3,7,1,8,2,9,5,6},{8,1,2,9,5,6,7,3,4},{6,7,3,2,9,5,4,1,8},{5,2,8,3,4,1,6,7,9},{1,4,9,6,7,8,3,2,5},{3,8,1,5,6,4,2,9,7},{7,9,5,8,0,0,0,0,0},{0,0,0,0,0,0,0,0,0}}
]
13:52:47.387 INFO  [main] SudokuBoard - Warto?? 0 wstawiona nieprawid?owo
13:52:47.387 INFO  [main] SudokuBoard - B?ad w kwadracie 0
sudoku.model.SudokuBoard@23263586[
  size=9
  solver=sudoku.model.BacktrackingSudokuSolver@4e2ad1f2
  board={{9,5,6,4,3,7,1,8,2},{4,3,7,1,8,2,9,5,6},{8,1,2,9,5,6,7,3,4},{6,7,3,2,9,5,4,1,8},{5,2,8,3,4,1,6,7,9},{1,4,9,6,7,8,3,2,5},{3,8,1,5,6,4,2,9,7},{7,9,5,0,0,0,0,0,0},{0,0,0,0,0,0,0,0,0}}
]
13:52:47.388 INFO  [main] SudokuBoard - Warto?? 0 wstawiona nieprawid?owo
13:52:47.388 INFO  [main] SudokuBoard - B?ad w kwadracie 0
sudoku.model.SudokuBoard@23263586[
  size=9
  solver=sudoku.model.BacktrackingSudokuSolver@4e2ad1f2
  board={{9,5,6,4,3,7,1,8,2},{4,3,7,1,8,2,9,5,6},{8,1,2,9,5,6,7,3,4},{6,7,3,2,9,5,4,1,8},{5,2,8,3,4,1,6,7,9},{1,4,9,6,7,8,3,2,5},{3,8,1,5,6,4,2,9,7},{7,9,0,0,0,0,0,0,0},{0,0,0,0,0,0,0,0,0}}
]
13:52:47.388 INFO  [main] SudokuBoard - Warto?? 0 wstawiona nieprawid?owo
13:52:47.388 INFO  [main] SudokuBoard - B?ad w kwadracie 0
sudoku.model.SudokuBoard@23263586[
  size=9
  solver=sudoku.model.BacktrackingSudokuSolver@4e2ad1f2
  board={{9,5,6,4,3,7,1,8,2},{4,3,7,1,8,2,9,5,6},{8,1,2,9,5,6,7,3,4},{6,7,3,2,9,5,4,1,8},{5,2,8,3,4,1,6,7,9},{1,4,9,6,7,8,3,2,5},{3,8,1,5,6,4,2,9,7},{7,9,4,8,1,3,5,0,0},{0,0,0,0,0,0,0,0,0}}
]
13:52:47.389 INFO  [main] SudokuBoard - Warto?? 0 wstawiona nieprawid?owo
13:52:47.390 INFO  [main] SudokuBoard - B?ad w kwadracie 0
sudoku.model.SudokuBoard@23263586[
  size=9
  solver=sudoku.model.BacktrackingSudokuSolver@4e2ad1f2
  board={{9,5,6,4,3,7,1,8,2},{4,3,7,1,8,2,9,5,6},{8,1,2,9,5,6,7,3,4},{6,7,3,2,9,5,4,1,8},{5,2,8,3,4,1,6,7,9},{1,4,9,6,7,8,3,2,5},{3,8,1,5,6,4,2,9,7},{7,9,4,8,1,3,0,0,0},{0,0,0,0,0,0,0,0,0}}
]
13:52:47.390 INFO  [main] SudokuBoard - Warto?? 0 wstawiona nieprawid?owo
13:52:47.390 INFO  [main] SudokuBoard - B?ad w kwadracie 0
sudoku.model.SudokuBoard@23263586[
  size=9
  solver=sudoku.model.BacktrackingSudokuSolver@4e2ad1f2
  board={{9,5,6,4,3,7,1,8,2},{4,3,7,1,8,2,9,5,6},{8,1,2,9,5,6,7,3,4},{6,7,3,2,9,5,4,1,8},{5,2,8,3,4,1,6,7,9},{1,4,9,6,7,8,3,2,5},{3,8,1,5,6,4,2,9,7},{7,9,4,8,1,0,0,0,0},{0,0,0,0,0,0,0,0,0}}
]
13:52:47.390 INFO  [main] SudokuBoard - Warto?? 0 wstawiona nieprawid?owo
13:52:47.391 INFO  [main] SudokuBoard - B?ad w kwadracie 0
sudoku.model.SudokuBoard@23263586[
  size=9
  solver=sudoku.model.BacktrackingSudokuSolver@4e2ad1f2
  board={{9,5,6,4,3,7,1,8,2},{4,3,7,1,8,2,9,5,6},{8,1,2,9,5,6,7,3,4},{6,7,3,2,9,5,4,1,8},{5,2,8,3,4,1,6,7,9},{1,4,9,6,7,8,3,2,5},{3,8,1,5,6,4,2,9,7},{7,9,4,8,0,0,0,0,0},{0,0,0,0,0,0,0,0,0}}
]
13:52:47.391 INFO  [main] SudokuBoard - Warto?? 0 wstawiona nieprawid?owo
]]></system-out>
  </testcase>
  <testcase name="testToString" classname="sudoku.model.SeriesTest" time="0.027">
    <system-out><![CDATA[13:52:47.408 INFO  [main] SudokuBoard - B?ad w kwadracie 0
sudoku.model.SudokuBoard@40477d52[
  size=9
  solver=sudoku.model.BacktrackingSudokuSolver@2a1be9f8
  board={{6,7,4,8,9,3,5,1,2},{5,8,9,4,2,6,3,0,0},{0,0,0,0,0,0,0,0,0},{0,0,0,0,0,0,0,0,0},{0,0,0,0,0,0,0,0,0},{0,0,0,0,0,0,0,0,0},{0,0,0,0,0,0,0,0,0},{0,0,0,0,0,0,0,0,0},{0,0,0,0,0,0,0,0,0}}
]
13:52:47.408 INFO  [main] SudokuBoard - Warto?? 0 wstawiona nieprawid?owo
13:52:47.409 INFO  [main] SudokuBoard - B?ad w kwadracie 0
sudoku.model.SudokuBoard@40477d52[
  size=9
  solver=sudoku.model.BacktrackingSudokuSolver@2a1be9f8
  board={{6,7,4,8,9,3,5,1,2},{5,8,9,4,2,6,0,0,0},{0,0,0,0,0,0,0,0,0},{0,0,0,0,0,0,0,0,0},{0,0,0,0,0,0,0,0,0},{0,0,0,0,0,0,0,0,0},{0,0,0,0,0,0,0,0,0},{0,0,0,0,0,0,0,0,0},{0,0,0,0,0,0,0,0,0}}
]
13:52:47.409 INFO  [main] SudokuBoard - Warto?? 0 wstawiona nieprawid?owo
13:52:47.409 INFO  [main] SudokuBoard - B?ad w kwadracie 0
sudoku.model.SudokuBoard@40477d52[
  size=9
  solver=sudoku.model.BacktrackingSudokuSolver@2a1be9f8
  board={{6,7,4,8,9,3,5,1,2},{5,8,9,4,2,6,7,0,0},{0,0,0,0,0,0,0,0,0},{0,0,0,0,0,0,0,0,0},{0,0,0,0,0,0,0,0,0},{0,0,0,0,0,0,0,0,0},{0,0,0,0,0,0,0,0,0},{0,0,0,0,0,0,0,0,0},{0,0,0,0,0,0,0,0,0}}
]
13:52:47.410 INFO  [main] SudokuBoard - Warto?? 0 wstawiona nieprawid?owo
13:52:47.410 INFO  [main] SudokuBoard - B?ad w kwadracie 0
sudoku.model.SudokuBoard@40477d52[
  size=9
  solver=sudoku.model.BacktrackingSudokuSolver@2a1be9f8
  board={{6,7,4,8,9,3,5,1,2},{5,8,9,4,2,6,0,0,0},{0,0,0,0,0,0,0,0,0},{0,0,0,0,0,0,0,0,0},{0,0,0,0,0,0,0,0,0},{0,0,0,0,0,0,0,0,0},{0,0,0,0,0,0,0,0,0},{0,0,0,0,0,0,0,0,0},{0,0,0,0,0,0,0,0,0}}
]
13:52:47.410 INFO  [main] SudokuBoard - Warto?? 0 wstawiona nieprawid?owo
13:52:47.410 INFO  [main] SudokuBoard - B?ad w kwadracie 0
sudoku.model.SudokuBoard@40477d52[
  size=9
  solver=sudoku.model.BacktrackingSudokuSolver@2a1be9f8
  board={{6,7,4,8,9,3,5,1,2},{5,8,9,4,2,0,0,0,0},{0,0,0,0,0,0,0,0,0},{0,0,0,0,0,0,0,0,0},{0,0,0,0,0,0,0,0,0},{0,0,0,0,0,0,0,0,0},{0,0,0,0,0,0,0,0,0},{0,0,0,0,0,0,0,0,0},{0,0,0,0,0,0,0,0,0}}
]
13:52:47.411 INFO  [main] SudokuBoard - Warto?? 0 wstawiona nieprawid?owo
13:52:47.411 INFO  [main] SudokuBoard - B?ad w kwadracie 0
sudoku.model.SudokuBoard@40477d52[
  size=9
  solver=sudoku.model.BacktrackingSudokuSolver@2a1be9f8
  board={{6,7,4,8,9,3,5,1,2},{5,8,9,4,2,7,6,0,0},{0,0,0,0,0,0,0,0,0},{0,0,0,0,0,0,0,0,0},{0,0,0,0,0,0,0,0,0},{0,0,0,0,0,0,0,0,0},{0,0,0,0,0,0,0,0,0},{0,0,0,0,0,0,0,0,0},{0,0,0,0,0,0,0,0,0}}
]
13:52:47.412 INFO  [main] SudokuBoard - Warto?? 0 wstawiona nieprawid?owo
13:52:47.413 INFO  [main] SudokuBoard - B?ad w kwadracie 0
sudoku.model.SudokuBoard@40477d52[
  size=9
  solver=sudoku.model.BacktrackingSudokuSolver@2a1be9f8
  board={{6,7,4,8,9,3,5,1,2},{5,8,9,4,2,7,0,0,0},{0,0,0,0,0,0,0,0,0},{0,0,0,0,0,0,0,0,0},{0,0,0,0,0,0,0,0,0},{0,0,0,0,0,0,0,0,0},{0,0,0,0,0,0,0,0,0},{0,0,0,0,0,0,0,0,0},{0,0,0,0,0,0,0,0,0}}
]
13:52:47.414 INFO  [main] SudokuBoard - Warto?? 0 wstawiona nieprawid?owo
13:52:47.415 INFO  [main] SudokuBoard - B?ad w kwadracie 0
sudoku.model.SudokuBoard@40477d52[
  size=9
  solver=sudoku.model.BacktrackingSudokuSolver@2a1be9f8
  board={{6,7,4,8,9,3,5,1,2},{5,8,9,4,2,7,3,0,0},{0,0,0,0,0,0,0,0,0},{0,0,0,0,0,0,0,0,0},{0,0,0,0,0,0,0,0,0},{0,0,0,0,0,0,0,0,0},{0,0,0,0,0,0,0,0,0},{0,0,0,0,0,0,0,0,0},{0,0,0,0,0,0,0,0,0}}
]
13:52:47.415 INFO  [main] SudokuBoard - Warto?? 0 wstawiona nieprawid?owo
13:52:47.415 INFO  [main] SudokuBoard - B?ad w kwadracie 0
sudoku.model.SudokuBoard@40477d52[
  size=9
  solver=sudoku.model.BacktrackingSudokuSolver@2a1be9f8
  board={{6,7,4,8,9,3,5,1,2},{5,8,9,4,2,7,0,0,0},{0,0,0,0,0,0,0,0,0},{0,0,0,0,0,0,0,0,0},{0,0,0,0,0,0,0,0,0},{0,0,0,0,0,0,0,0,0},{0,0,0,0,0,0,0,0,0},{0,0,0,0,0,0,0,0,0},{0,0,0,0,0,0,0,0,0}}
]
13:52:47.415 INFO  [main] SudokuBoard - Warto?? 0 wstawiona nieprawid?owo
13:52:47.416 INFO  [main] SudokuBoard - B?ad w kwadracie 0
sudoku.model.SudokuBoard@40477d52[
  size=9
  solver=sudoku.model.BacktrackingSudokuSolver@2a1be9f8
  board={{6,7,4,8,9,3,5,1,2},{5,8,9,4,2,0,0,0,0},{0,0,0,0,0,0,0,0,0},{0,0,0,0,0,0,0,0,0},{0,0,0,0,0,0,0,0,0},{0,0,0,0,0,0,0,0,0},{0,0,0,0,0,0,0,0,0},{0,0,0,0,0,0,0,0,0},{0,0,0,0,0,0,0,0,0}}
]
13:52:47.416 INFO  [main] SudokuBoard - Warto?? 0 wstawiona nieprawid?owo
13:52:47.417 INFO  [main] SudokuBoard - B?ad w kwadracie 0
sudoku.model.SudokuBoard@40477d52[
  size=9
  solver=sudoku.model.BacktrackingSudokuSolver@2a1be9f8
  board={{6,7,4,8,9,3,5,1,2},{5,8,9,4,2,1,3,6,7},{1,2,3,7,5,6,8,9,4},{2,6,1,9,4,8,7,3,5},{8,9,5,6,1,7,2,0,0},{0,0,0,0,0,0,0,0,0},{0,0,0,0,0,0,0,0,0},{0,0,0,0,0,0,0,0,0},{0,0,0,0,0,0,0,0,0}}
]
13:52:47.417 INFO  [main] SudokuBoard - Warto?? 0 wstawiona nieprawid?owo
13:52:47.417 INFO  [main] SudokuBoard - B?ad w kwadracie 0
sudoku.model.SudokuBoard@40477d52[
  size=9
  solver=sudoku.model.BacktrackingSudokuSolver@2a1be9f8
  board={{6,7,4,8,9,3,5,1,2},{5,8,9,4,2,1,3,6,7},{1,2,3,7,5,6,8,9,4},{2,6,1,9,4,8,7,3,5},{8,9,5,6,1,7,0,0,0},{0,0,0,0,0,0,0,0,0},{0,0,0,0,0,0,0,0,0},{0,0,0,0,0,0,0,0,0},{0,0,0,0,0,0,0,0,0}}
]
13:52:47.417 INFO  [main] SudokuBoard - Warto?? 0 wstawiona nieprawid?owo
13:52:47.418 INFO  [main] SudokuBoard - B?ad w kwadracie 0
sudoku.model.SudokuBoard@40477d52[
  size=9
  solver=sudoku.model.BacktrackingSudokuSolver@2a1be9f8
  board={{6,7,4,8,9,3,5,1,2},{5,8,9,4,2,1,3,6,7},{1,2,3,7,5,6,8,9,4},{2,6,1,9,4,8,7,3,5},{8,9,5,6,1,7,4,0,0},{0,0,0,0,0,0,0,0,0},{0,0,0,0,0,0,0,0,0},{0,0,0,0,0,0,0,0,0},{0,0,0,0,0,0,0,0,0}}
]
13:52:47.418 INFO  [main] SudokuBoard - Warto?? 0 wstawiona nieprawid?owo
13:52:47.418 INFO  [main] SudokuBoard - B?ad w kwadracie 0
sudoku.model.SudokuBoard@40477d52[
  size=9
  solver=sudoku.model.BacktrackingSudokuSolver@2a1be9f8
  board={{6,7,4,8,9,3,5,1,2},{5,8,9,4,2,1,3,6,7},{1,2,3,7,5,6,8,9,4},{2,6,1,9,4,8,7,3,5},{8,9,5,6,1,7,0,0,0},{0,0,0,0,0,0,0,0,0},{0,0,0,0,0,0,0,0,0},{0,0,0,0,0,0,0,0,0},{0,0,0,0,0,0,0,0,0}}
]
13:52:47.418 INFO  [main] SudokuBoard - Warto?? 0 wstawiona nieprawid?owo
13:52:47.419 INFO  [main] SudokuBoard - B?ad w kwadracie 0
sudoku.model.SudokuBoard@40477d52[
  size=9
  solver=sudoku.model.BacktrackingSudokuSolver@2a1be9f8
  board={{6,7,4,8,9,3,5,1,2},{5,8,9,4,2,1,3,6,7},{1,2,3,7,5,6,8,9,4},{2,6,1,9,4,8,7,3,5},{8,9,5,6,1,0,0,0,0},{0,0,0,0,0,0,0,0,0},{0,0,0,0,0,0,0,0,0},{0,0,0,0,0,0,0,0,0},{0,0,0,0,0,0,0,0,0}}
]
13:52:47.419 INFO  [main] SudokuBoard - Warto?? 0 wstawiona nieprawid?owo
13:52:47.419 INFO  [main] SudokuBoard - B?ad w kwadracie 0
sudoku.model.SudokuBoard@40477d52[
  size=9
  solver=sudoku.model.BacktrackingSudokuSolver@2a1be9f8
  board={{6,7,4,8,9,3,5,1,2},{5,8,9,4,2,1,3,6,7},{1,2,3,7,5,6,8,9,4},{2,6,1,9,4,8,7,3,5},{8,9,5,6,1,2,0,0,0},{0,0,0,0,0,0,0,0,0},{0,0,0,0,0,0,0,0,0},{0,0,0,0,0,0,0,0,0},{0,0,0,0,0,0,0,0,0}}
]
13:52:47.419 INFO  [main] SudokuBoard - Warto?? 0 wstawiona nieprawid?owo
13:52:47.419 INFO  [main] SudokuBoard - B?ad w kwadracie 0
sudoku.model.SudokuBoard@40477d52[
  size=9
  solver=sudoku.model.BacktrackingSudokuSolver@2a1be9f8
  board={{6,7,4,8,9,3,5,1,2},{5,8,9,4,2,1,3,6,7},{1,2,3,7,5,6,8,9,4},{2,6,1,9,4,8,7,3,5},{8,9,5,6,1,0,0,0,0},{0,0,0,0,0,0,0,0,0},{0,0,0,0,0,0,0,0,0},{0,0,0,0,0,0,0,0,0},{0,0,0,0,0,0,0,0,0}}
]
13:52:47.419 INFO  [main] SudokuBoard - Warto?? 0 wstawiona nieprawid?owo
13:52:47.420 INFO  [main] SudokuBoard - B?ad w kwadracie 0
sudoku.model.SudokuBoard@40477d52[
  size=9
  solver=sudoku.model.BacktrackingSudokuSolver@2a1be9f8
  board={{6,7,4,8,9,3,5,1,2},{5,8,9,4,2,1,3,6,7},{1,2,3,7,5,6,8,9,4},{2,6,1,9,4,8,7,3,5},{8,9,5,6,0,0,0,0,0},{0,0,0,0,0,0,0,0,0},{0,0,0,0,0,0,0,0,0},{0,0,0,0,0,0,0,0,0},{0,0,0,0,0,0,0,0,0}}
]
13:52:47.420 INFO  [main] SudokuBoard - Warto?? 0 wstawiona nieprawid?owo
13:52:47.421 INFO  [main] SudokuBoard - B?ad w kwadracie 0
sudoku.model.SudokuBoard@40477d52[
  size=9
  solver=sudoku.model.BacktrackingSudokuSolver@2a1be9f8
  board={{6,7,4,8,9,3,5,1,2},{5,8,9,4,2,1,3,6,7},{1,2,3,7,5,6,8,9,4},{2,6,1,9,4,8,7,3,5},{8,9,5,6,3,2,1,0,0},{0,0,0,0,0,0,0,0,0},{0,0,0,0,0,0,0,0,0},{0,0,0,0,0,0,0,0,0},{0,0,0,0,0,0,0,0,0}}
]
13:52:47.421 INFO  [main] SudokuBoard - Warto?? 0 wstawiona nieprawid?owo
13:52:47.421 INFO  [main] SudokuBoard - B?ad w kwadracie 0
sudoku.model.SudokuBoard@40477d52[
  size=9
  solver=sudoku.model.BacktrackingSudokuSolver@2a1be9f8
  board={{6,7,4,8,9,3,5,1,2},{5,8,9,4,2,1,3,6,7},{1,2,3,7,5,6,8,9,4},{2,6,1,9,4,8,7,3,5},{8,9,5,6,3,2,0,0,0},{0,0,0,0,0,0,0,0,0},{0,0,0,0,0,0,0,0,0},{0,0,0,0,0,0,0,0,0},{0,0,0,0,0,0,0,0,0}}
]
13:52:47.421 INFO  [main] SudokuBoard - Warto?? 0 wstawiona nieprawid?owo
13:52:47.422 INFO  [main] SudokuBoard - B?ad w kwadracie 0
sudoku.model.SudokuBoard@40477d52[
  size=9
  solver=sudoku.model.BacktrackingSudokuSolver@2a1be9f8
  board={{6,7,4,8,9,3,5,1,2},{5,8,9,4,2,1,3,6,7},{1,2,3,7,5,6,8,9,4},{2,6,1,9,4,8,7,3,5},{8,9,5,6,3,2,0,0,0},{0,0,0,0,0,0,0,0,0},{0,0,0,0,0,0,0,0,0},{0,0,0,0,0,0,0,0,0},{0,0,0,0,0,0,0,0,0}}
]
13:52:47.422 INFO  [main] SudokuBoard - Warto?? 0 wstawiona nieprawid?owo
13:52:47.422 INFO  [main] SudokuBoard - B?ad w kwadracie 0
sudoku.model.SudokuBoard@40477d52[
  size=9
  solver=sudoku.model.BacktrackingSudokuSolver@2a1be9f8
  board={{6,7,4,8,9,3,5,1,2},{5,8,9,4,2,1,3,6,7},{1,2,3,7,5,6,8,9,4},{2,6,1,9,4,8,7,3,5},{8,9,5,6,3,0,0,0,0},{0,0,0,0,0,0,0,0,0},{0,0,0,0,0,0,0,0,0},{0,0,0,0,0,0,0,0,0},{0,0,0,0,0,0,0,0,0}}
]
13:52:47.422 INFO  [main] SudokuBoard - Warto?? 0 wstawiona nieprawid?owo
13:52:47.423 INFO  [main] SudokuBoard - B?ad w kwadracie 0
sudoku.model.SudokuBoard@40477d52[
  size=9
  solver=sudoku.model.BacktrackingSudokuSolver@2a1be9f8
  board={{6,7,4,8,9,3,5,1,2},{5,8,9,4,2,1,3,6,7},{1,2,3,7,5,6,8,9,4},{2,6,1,9,4,8,7,3,5},{8,9,5,6,3,7,1,0,0},{0,0,0,0,0,0,0,0,0},{0,0,0,0,0,0,0,0,0},{0,0,0,0,0,0,0,0,0},{0,0,0,0,0,0,0,0,0}}
]
13:52:47.423 INFO  [main] SudokuBoard - Warto?? 0 wstawiona nieprawid?owo
13:52:47.423 INFO  [main] SudokuBoard - B?ad w kwadracie 0
sudoku.model.SudokuBoard@40477d52[
  size=9
  solver=sudoku.model.BacktrackingSudokuSolver@2a1be9f8
  board={{6,7,4,8,9,3,5,1,2},{5,8,9,4,2,1,3,6,7},{1,2,3,7,5,6,8,9,4},{2,6,1,9,4,8,7,3,5},{8,9,5,6,3,7,1,0,0},{0,0,0,0,0,0,0,0,0},{0,0,0,0,0,0,0,0,0},{0,0,0,0,0,0,0,0,0},{0,0,0,0,0,0,0,0,0}}
]
13:52:47.423 INFO  [main] SudokuBoard - Warto?? 0 wstawiona nieprawid?owo
13:52:47.424 INFO  [main] SudokuBoard - B?ad w kwadracie 0
sudoku.model.SudokuBoard@40477d52[
  size=9
  solver=sudoku.model.BacktrackingSudokuSolver@2a1be9f8
  board={{6,7,4,8,9,3,5,1,2},{5,8,9,4,2,1,3,6,7},{1,2,3,7,5,6,8,9,4},{2,6,1,9,4,8,7,3,5},{8,9,5,6,3,7,0,0,0},{0,0,0,0,0,0,0,0,0},{0,0,0,0,0,0,0,0,0},{0,0,0,0,0,0,0,0,0},{0,0,0,0,0,0,0,0,0}}
]
13:52:47.424 INFO  [main] SudokuBoard - Warto?? 0 wstawiona nieprawid?owo
]]></system-out>
  </testcase>
  <testcase name="testEqualsDiffrentClass" classname="sudoku.model.SeriesTest" time="0.042">
    <system-out><![CDATA[13:52:47.433 INFO  [main] SudokuBoard - B?ad w kwadracie 0
sudoku.model.SudokuBoard@66297b63[
  size=9
  solver=sudoku.model.BacktrackingSudokuSolver@1d7f2719
  board={{2,3,1,4,5,6,7,8,9},{7,4,9,8,1,2,3,5,6},{8,5,6,9,3,7,1,4,2},{6,7,4,3,2,8,5,9,1},{3,8,2,1,4,5,6,0,0},{0,0,0,0,0,0,0,0,0},{0,0,0,0,0,0,0,0,0},{0,0,0,0,0,0,0,0,0},{0,0,0,0,0,0,0,0,0}}
]
13:52:47.433 INFO  [main] SudokuBoard - Warto?? 0 wstawiona nieprawid?owo
13:52:47.434 INFO  [main] SudokuBoard - B?ad w kwadracie 0
sudoku.model.SudokuBoard@66297b63[
  size=9
  solver=sudoku.model.BacktrackingSudokuSolver@1d7f2719
  board={{2,3,1,4,5,6,7,8,9},{7,4,9,8,1,2,3,5,6},{8,5,6,9,3,7,1,4,2},{6,7,4,3,2,8,5,9,1},{3,8,2,1,4,5,0,0,0},{0,0,0,0,0,0,0,0,0},{0,0,0,0,0,0,0,0,0},{0,0,0,0,0,0,0,0,0},{0,0,0,0,0,0,0,0,0}}
]
13:52:47.434 INFO  [main] SudokuBoard - Warto?? 0 wstawiona nieprawid?owo
13:52:47.435 INFO  [main] SudokuBoard - B?ad w kwadracie 0
sudoku.model.SudokuBoard@66297b63[
  size=9
  solver=sudoku.model.BacktrackingSudokuSolver@1d7f2719
  board={{2,3,1,4,5,6,7,8,9},{7,4,9,8,1,2,3,5,6},{8,5,6,9,3,7,1,4,2},{6,7,4,3,2,8,5,9,1},{3,8,2,1,4,0,0,0,0},{0,0,0,0,0,0,0,0,0},{0,0,0,0,0,0,0,0,0},{0,0,0,0,0,0,0,0,0},{0,0,0,0,0,0,0,0,0}}
]
13:52:47.435 INFO  [main] SudokuBoard - Warto?? 0 wstawiona nieprawid?owo
13:52:47.436 INFO  [main] SudokuBoard - B?ad w kwadracie 0
sudoku.model.SudokuBoard@66297b63[
  size=9
  solver=sudoku.model.BacktrackingSudokuSolver@1d7f2719
  board={{2,3,1,4,5,6,7,8,9},{7,4,9,8,1,2,3,5,6},{8,5,6,9,3,7,1,4,2},{6,7,4,3,2,8,5,9,1},{3,8,2,1,4,9,6,0,0},{0,0,0,0,0,0,0,0,0},{0,0,0,0,0,0,0,0,0},{0,0,0,0,0,0,0,0,0},{0,0,0,0,0,0,0,0,0}}
]
13:52:47.436 INFO  [main] SudokuBoard - Warto?? 0 wstawiona nieprawid?owo
13:52:47.439 INFO  [main] SudokuBoard - B?ad w kwadracie 0
sudoku.model.SudokuBoard@66297b63[
  size=9
  solver=sudoku.model.BacktrackingSudokuSolver@1d7f2719
  board={{2,3,1,4,5,6,7,8,9},{7,4,9,8,1,2,3,5,6},{8,5,6,9,3,7,1,4,2},{6,7,4,3,2,8,5,9,1},{3,8,2,1,4,9,0,0,0},{0,0,0,0,0,0,0,0,0},{0,0,0,0,0,0,0,0,0},{0,0,0,0,0,0,0,0,0},{0,0,0,0,0,0,0,0,0}}
]
13:52:47.439 INFO  [main] SudokuBoard - Warto?? 0 wstawiona nieprawid?owo
13:52:47.440 INFO  [main] SudokuBoard - B?ad w kwadracie 0
sudoku.model.SudokuBoard@66297b63[
  size=9
  solver=sudoku.model.BacktrackingSudokuSolver@1d7f2719
  board={{2,3,1,4,5,6,7,8,9},{7,4,9,8,1,2,3,5,6},{8,5,6,9,3,7,1,4,2},{6,7,4,3,2,8,5,9,1},{3,8,2,1,4,0,0,0,0},{0,0,0,0,0,0,0,0,0},{0,0,0,0,0,0,0,0,0},{0,0,0,0,0,0,0,0,0},{0,0,0,0,0,0,0,0,0}}
]
13:52:47.440 INFO  [main] SudokuBoard - Warto?? 0 wstawiona nieprawid?owo
13:52:47.441 INFO  [main] SudokuBoard - B?ad w kwadracie 0
sudoku.model.SudokuBoard@66297b63[
  size=9
  solver=sudoku.model.BacktrackingSudokuSolver@1d7f2719
  board={{2,3,1,4,5,6,7,8,9},{7,4,9,8,1,2,3,5,6},{8,5,6,9,3,7,1,4,2},{6,7,4,3,2,8,5,9,1},{3,8,2,1,0,0,0,0,0},{0,0,0,0,0,0,0,0,0},{0,0,0,0,0,0,0,0,0},{0,0,0,0,0,0,0,0,0},{0,0,0,0,0,0,0,0,0}}
]
13:52:47.441 INFO  [main] SudokuBoard - Warto?? 0 wstawiona nieprawid?owo
13:52:47.442 INFO  [main] SudokuBoard - B?ad w kwadracie 0
sudoku.model.SudokuBoard@66297b63[
  size=9
  solver=sudoku.model.BacktrackingSudokuSolver@1d7f2719
  board={{2,3,1,4,5,6,7,8,9},{7,4,9,8,1,2,3,5,6},{8,5,6,9,3,7,1,4,2},{6,7,4,3,2,8,5,9,1},{3,8,2,1,6,9,4,0,0},{0,0,0,0,0,0,0,0,0},{0,0,0,0,0,0,0,0,0},{0,0,0,0,0,0,0,0,0},{0,0,0,0,0,0,0,0,0}}
]
13:52:47.442 INFO  [main] SudokuBoard - Warto?? 0 wstawiona nieprawid?owo
13:52:47.443 INFO  [main] SudokuBoard - B?ad w kwadracie 0
sudoku.model.SudokuBoard@66297b63[
  size=9
  solver=sudoku.model.BacktrackingSudokuSolver@1d7f2719
  board={{2,3,1,4,5,6,7,8,9},{7,4,9,8,1,2,3,5,6},{8,5,6,9,3,7,1,4,2},{6,7,4,3,2,8,5,9,1},{3,8,2,1,6,9,0,0,0},{0,0,0,0,0,0,0,0,0},{0,0,0,0,0,0,0,0,0},{0,0,0,0,0,0,0,0,0},{0,0,0,0,0,0,0,0,0}}
]
13:52:47.443 INFO  [main] SudokuBoard - Warto?? 0 wstawiona nieprawid?owo
13:52:47.444 INFO  [main] SudokuBoard - B?ad w kwadracie 0
sudoku.model.SudokuBoard@66297b63[
  size=9
  solver=sudoku.model.BacktrackingSudokuSolver@1d7f2719
  board={{2,3,1,4,5,6,7,8,9},{7,4,9,8,1,2,3,5,6},{8,5,6,9,3,7,1,4,2},{6,7,4,3,2,8,5,9,1},{3,8,2,1,6,0,0,0,0},{0,0,0,0,0,0,0,0,0},{0,0,0,0,0,0,0,0,0},{0,0,0,0,0,0,0,0,0},{0,0,0,0,0,0,0,0,0}}
]
13:52:47.444 INFO  [main] SudokuBoard - Warto?? 0 wstawiona nieprawid?owo
13:52:47.445 INFO  [main] SudokuBoard - B?ad w kwadracie 0
sudoku.model.SudokuBoard@66297b63[
  size=9
  solver=sudoku.model.BacktrackingSudokuSolver@1d7f2719
  board={{2,3,1,4,5,6,7,8,9},{7,4,9,8,1,2,3,5,6},{8,5,6,9,3,7,1,4,2},{6,7,4,3,2,8,5,9,1},{3,8,2,1,6,0,0,0,0},{0,0,0,0,0,0,0,0,0},{0,0,0,0,0,0,0,0,0},{0,0,0,0,0,0,0,0,0},{0,0,0,0,0,0,0,0,0}}
]
13:52:47.445 INFO  [main] SudokuBoard - Warto?? 0 wstawiona nieprawid?owo
13:52:47.445 INFO  [main] SudokuBoard - B?ad w kwadracie 0
sudoku.model.SudokuBoard@66297b63[
  size=9
  solver=sudoku.model.BacktrackingSudokuSolver@1d7f2719
  board={{2,3,1,4,5,6,7,8,9},{7,4,9,8,1,2,3,5,6},{8,5,6,9,3,7,1,4,2},{6,7,4,3,2,8,5,9,1},{3,8,2,1,6,5,4,0,0},{0,0,0,0,0,0,0,0,0},{0,0,0,0,0,0,0,0,0},{0,0,0,0,0,0,0,0,0},{0,0,0,0,0,0,0,0,0}}
]
13:52:47.445 INFO  [main] SudokuBoard - Warto?? 0 wstawiona nieprawid?owo
13:52:47.446 INFO  [main] SudokuBoard - B?ad w kwadracie 0
sudoku.model.SudokuBoard@66297b63[
  size=9
  solver=sudoku.model.BacktrackingSudokuSolver@1d7f2719
  board={{2,3,1,4,5,6,7,8,9},{7,4,9,8,1,2,3,5,6},{8,5,6,9,3,7,1,4,2},{6,7,4,3,2,8,5,9,1},{3,8,2,1,6,5,0,0,0},{0,0,0,0,0,0,0,0,0},{0,0,0,0,0,0,0,0,0},{0,0,0,0,0,0,0,0,0},{0,0,0,0,0,0,0,0,0}}
]
13:52:47.446 INFO  [main] SudokuBoard - Warto?? 0 wstawiona nieprawid?owo
13:52:47.447 INFO  [main] SudokuBoard - B?ad w kwadracie 0
sudoku.model.SudokuBoard@66297b63[
  size=9
  solver=sudoku.model.BacktrackingSudokuSolver@1d7f2719
  board={{2,3,1,4,5,6,7,8,9},{7,4,9,8,1,2,3,5,6},{8,5,6,9,3,7,1,4,2},{6,7,4,3,2,8,5,9,1},{3,8,2,1,6,0,0,0,0},{0,0,0,0,0,0,0,0,0},{0,0,0,0,0,0,0,0,0},{0,0,0,0,0,0,0,0,0},{0,0,0,0,0,0,0,0,0}}
]
13:52:47.447 INFO  [main] SudokuBoard - Warto?? 0 wstawiona nieprawid?owo
13:52:47.447 INFO  [main] SudokuBoard - B?ad w kwadracie 0
sudoku.model.SudokuBoard@66297b63[
  size=9
  solver=sudoku.model.BacktrackingSudokuSolver@1d7f2719
  board={{2,3,1,4,5,6,7,8,9},{7,4,9,8,1,2,3,5,6},{8,5,6,9,3,7,1,4,2},{6,7,4,3,2,8,5,9,1},{3,8,2,1,0,0,0,0,0},{0,0,0,0,0,0,0,0,0},{0,0,0,0,0,0,0,0,0},{0,0,0,0,0,0,0,0,0},{0,0,0,0,0,0,0,0,0}}
]
13:52:47.448 INFO  [main] SudokuBoard - Warto?? 0 wstawiona nieprawid?owo
13:52:47.448 INFO  [main] SudokuBoard - B?ad w kwadracie 0
sudoku.model.SudokuBoard@66297b63[
  size=9
  solver=sudoku.model.BacktrackingSudokuSolver@1d7f2719
  board={{2,3,1,4,5,6,7,8,9},{7,4,9,8,1,2,3,5,6},{8,5,6,9,3,7,1,4,2},{6,7,4,3,2,8,5,9,1},{3,8,2,1,7,9,4,0,0},{0,0,0,0,0,0,0,0,0},{0,0,0,0,0,0,0,0,0},{0,0,0,0,0,0,0,0,0},{0,0,0,0,0,0,0,0,0}}
]
13:52:47.449 INFO  [main] SudokuBoard - Warto?? 0 wstawiona nieprawid?owo
13:52:47.449 INFO  [main] SudokuBoard - B?ad w kwadracie 0
sudoku.model.SudokuBoard@66297b63[
  size=9
  solver=sudoku.model.BacktrackingSudokuSolver@1d7f2719
  board={{2,3,1,4,5,6,7,8,9},{7,4,9,8,1,2,3,5,6},{8,5,6,9,3,7,1,4,2},{6,7,4,3,2,8,5,9,1},{3,8,2,1,7,9,0,0,0},{0,0,0,0,0,0,0,0,0},{0,0,0,0,0,0,0,0,0},{0,0,0,0,0,0,0,0,0},{0,0,0,0,0,0,0,0,0}}
]
13:52:47.449 INFO  [main] SudokuBoard - Warto?? 0 wstawiona nieprawid?owo
13:52:47.450 INFO  [main] SudokuBoard - B?ad w kwadracie 0
sudoku.model.SudokuBoard@66297b63[
  size=9
  solver=sudoku.model.BacktrackingSudokuSolver@1d7f2719
  board={{2,3,1,4,5,6,7,8,9},{7,4,9,8,1,2,3,5,6},{8,5,6,9,3,7,1,4,2},{6,7,4,3,2,8,5,9,1},{3,8,2,1,7,9,0,0,0},{0,0,0,0,0,0,0,0,0},{0,0,0,0,0,0,0,0,0},{0,0,0,0,0,0,0,0,0},{0,0,0,0,0,0,0,0,0}}
]
13:52:47.450 INFO  [main] SudokuBoard - Warto?? 0 wstawiona nieprawid?owo
13:52:47.451 INFO  [main] SudokuBoard - B?ad w kwadracie 0
sudoku.model.SudokuBoard@66297b63[
  size=9
  solver=sudoku.model.BacktrackingSudokuSolver@1d7f2719
  board={{2,3,1,4,5,6,7,8,9},{7,4,9,8,1,2,3,5,6},{8,5,6,9,3,7,1,4,2},{6,7,4,3,2,8,5,9,1},{3,8,2,1,7,0,0,0,0},{0,0,0,0,0,0,0,0,0},{0,0,0,0,0,0,0,0,0},{0,0,0,0,0,0,0,0,0},{0,0,0,0,0,0,0,0,0}}
]
13:52:47.451 INFO  [main] SudokuBoard - Warto?? 0 wstawiona nieprawid?owo
13:52:47.452 INFO  [main] SudokuBoard - B?ad w kwadracie 0
sudoku.model.SudokuBoard@66297b63[
  size=9
  solver=sudoku.model.BacktrackingSudokuSolver@1d7f2719
  board={{2,3,1,4,5,6,7,8,9},{7,4,9,8,1,2,3,5,6},{8,5,6,9,3,7,1,4,2},{6,7,4,3,2,8,5,9,1},{3,8,2,1,7,4,0,0,0},{0,0,0,0,0,0,0,0,0},{0,0,0,0,0,0,0,0,0},{0,0,0,0,0,0,0,0,0},{0,0,0,0,0,0,0,0,0}}
]
13:52:47.452 INFO  [main] SudokuBoard - Warto?? 0 wstawiona nieprawid?owo
13:52:47.452 INFO  [main] SudokuBoard - B?ad w kwadracie 0
sudoku.model.SudokuBoard@66297b63[
  size=9
  solver=sudoku.model.BacktrackingSudokuSolver@1d7f2719
  board={{2,3,1,4,5,6,7,8,9},{7,4,9,8,1,2,3,5,6},{8,5,6,9,3,7,1,4,2},{6,7,4,3,2,8,5,9,1},{3,8,2,1,7,0,0,0,0},{0,0,0,0,0,0,0,0,0},{0,0,0,0,0,0,0,0,0},{0,0,0,0,0,0,0,0,0},{0,0,0,0,0,0,0,0,0}}
]
13:52:47.453 INFO  [main] SudokuBoard - Warto?? 0 wstawiona nieprawid?owo
13:52:47.456 INFO  [main] SudokuBoard - B?ad w kwadracie 0
sudoku.model.SudokuBoard@66297b63[
  size=9
  solver=sudoku.model.BacktrackingSudokuSolver@1d7f2719
  board={{2,3,1,4,5,6,7,8,9},{7,4,9,8,1,2,3,5,6},{8,5,6,9,3,7,1,4,2},{6,7,4,3,2,8,5,9,1},{3,8,2,1,7,5,4,0,0},{0,0,0,0,0,0,0,0,0},{0,0,0,0,0,0,0,0,0},{0,0,0,0,0,0,0,0,0},{0,0,0,0,0,0,0,0,0}}
]
13:52:47.456 INFO  [main] SudokuBoard - Warto?? 0 wstawiona nieprawid?owo
13:52:47.457 INFO  [main] SudokuBoard - B?ad w kwadracie 0
sudoku.model.SudokuBoard@66297b63[
  size=9
  solver=sudoku.model.BacktrackingSudokuSolver@1d7f2719
  board={{2,3,1,4,5,6,7,8,9},{7,4,9,8,1,2,3,5,6},{8,5,6,9,3,7,1,4,2},{6,7,4,3,2,8,5,9,1},{3,8,2,1,7,5,0,0,0},{0,0,0,0,0,0,0,0,0},{0,0,0,0,0,0,0,0,0},{0,0,0,0,0,0,0,0,0},{0,0,0,0,0,0,0,0,0}}
]
13:52:47.457 INFO  [main] SudokuBoard - Warto?? 0 wstawiona nieprawid?owo
13:52:47.459 INFO  [main] SudokuBoard - B?ad w kwadracie 0
sudoku.model.SudokuBoard@66297b63[
  size=9
  solver=sudoku.model.BacktrackingSudokuSolver@1d7f2719
  board={{2,3,1,4,5,6,7,8,9},{7,4,9,8,1,2,3,5,6},{8,5,6,9,3,7,1,4,2},{6,7,4,3,2,8,5,9,1},{3,8,2,1,7,5,0,0,0},{0,0,0,0,0,0,0,0,0},{0,0,0,0,0,0,0,0,0},{0,0,0,0,0,0,0,0,0},{0,0,0,0,0,0,0,0,0}}
]
13:52:47.459 INFO  [main] SudokuBoard - Warto?? 0 wstawiona nieprawid?owo
13:52:47.460 INFO  [main] SudokuBoard - B?ad w kwadracie 0
sudoku.model.SudokuBoard@66297b63[
  size=9
  solver=sudoku.model.BacktrackingSudokuSolver@1d7f2719
  board={{2,3,1,4,5,6,7,8,9},{7,4,9,8,1,2,3,5,6},{8,5,6,9,3,7,1,4,2},{6,7,4,3,2,8,5,9,1},{3,8,2,1,7,0,0,0,0},{0,0,0,0,0,0,0,0,0},{0,0,0,0,0,0,0,0,0},{0,0,0,0,0,0,0,0,0},{0,0,0,0,0,0,0,0,0}}
]
13:52:47.460 INFO  [main] SudokuBoard - Warto?? 0 wstawiona nieprawid?owo
13:52:47.460 INFO  [main] SudokuBoard - B?ad w kwadracie 0
sudoku.model.SudokuBoard@66297b63[
  size=9
  solver=sudoku.model.BacktrackingSudokuSolver@1d7f2719
  board={{2,3,1,4,5,6,7,8,9},{7,4,9,8,1,2,3,5,6},{8,5,6,9,3,7,1,4,2},{6,7,4,3,2,8,5,9,1},{3,8,2,1,0,0,0,0,0},{0,0,0,0,0,0,0,0,0},{0,0,0,0,0,0,0,0,0},{0,0,0,0,0,0,0,0,0},{0,0,0,0,0,0,0,0,0}}
]
13:52:47.460 INFO  [main] SudokuBoard - Warto?? 0 wstawiona nieprawid?owo
13:52:47.461 INFO  [main] SudokuBoard - B?ad w kwadracie 0
sudoku.model.SudokuBoard@66297b63[
  size=9
  solver=sudoku.model.BacktrackingSudokuSolver@1d7f2719
  board={{2,3,1,4,5,6,7,8,9},{7,4,9,8,1,2,3,5,6},{8,5,6,9,3,7,1,4,2},{6,7,4,3,2,8,5,9,1},{3,8,2,1,9,4,6,0,0},{0,0,0,0,0,0,0,0,0},{0,0,0,0,0,0,0,0,0},{0,0,0,0,0,0,0,0,0},{0,0,0,0,0,0,0,0,0}}
]
13:52:47.461 INFO  [main] SudokuBoard - Warto?? 0 wstawiona nieprawid?owo
13:52:47.462 INFO  [main] SudokuBoard - B?ad w kwadracie 0
sudoku.model.SudokuBoard@66297b63[
  size=9
  solver=sudoku.model.BacktrackingSudokuSolver@1d7f2719
  board={{2,3,1,4,5,6,7,8,9},{7,4,9,8,1,2,3,5,6},{8,5,6,9,3,7,1,4,2},{6,7,4,3,2,8,5,9,1},{3,8,2,1,9,4,0,0,0},{0,0,0,0,0,0,0,0,0},{0,0,0,0,0,0,0,0,0},{0,0,0,0,0,0,0,0,0},{0,0,0,0,0,0,0,0,0}}
]
13:52:47.462 INFO  [main] SudokuBoard - Warto?? 0 wstawiona nieprawid?owo
13:52:47.463 INFO  [main] SudokuBoard - B?ad w kwadracie 0
sudoku.model.SudokuBoard@66297b63[
  size=9
  solver=sudoku.model.BacktrackingSudokuSolver@1d7f2719
  board={{2,3,1,4,5,6,7,8,9},{7,4,9,8,1,2,3,5,6},{8,5,6,9,3,7,1,4,2},{6,7,4,3,2,8,5,9,1},{3,8,2,1,9,0,0,0,0},{0,0,0,0,0,0,0,0,0},{0,0,0,0,0,0,0,0,0},{0,0,0,0,0,0,0,0,0},{0,0,0,0,0,0,0,0,0}}
]
13:52:47.463 INFO  [main] SudokuBoard - Warto?? 0 wstawiona nieprawid?owo
13:52:47.463 INFO  [main] SudokuBoard - B?ad w kwadracie 0
sudoku.model.SudokuBoard@66297b63[
  size=9
  solver=sudoku.model.BacktrackingSudokuSolver@1d7f2719
  board={{2,3,1,4,5,6,7,8,9},{7,4,9,8,1,2,3,5,6},{8,5,6,9,3,7,1,4,2},{6,7,4,3,2,8,5,9,1},{3,8,2,1,9,5,4,6,7},{5,0,0,0,0,0,0,0,0},{0,0,0,0,0,0,0,0,0},{0,0,0,0,0,0,0,0,0},{0,0,0,0,0,0,0,0,0}}
]
13:52:47.463 INFO  [main] SudokuBoard - Warto?? 0 wstawiona nieprawid?owo
13:52:47.464 INFO  [main] SudokuBoard - B?ad w kwadracie 0
sudoku.model.SudokuBoard@66297b63[
  size=9
  solver=sudoku.model.BacktrackingSudokuSolver@1d7f2719
  board={{2,3,1,4,5,6,7,8,9},{7,4,9,8,1,2,3,5,6},{8,5,6,9,3,7,1,4,2},{6,7,4,3,2,8,5,9,1},{3,8,2,1,9,5,4,6,7},{5,0,0,0,0,0,0,0,0},{0,0,0,0,0,0,0,0,0},{0,0,0,0,0,0,0,0,0},{0,0,0,0,0,0,0,0,0}}
]
13:52:47.464 INFO  [main] SudokuBoard - Warto?? 0 wstawiona nieprawid?owo
13:52:47.465 INFO  [main] SudokuBoard - B?ad w kwadracie 0
sudoku.model.SudokuBoard@66297b63[
  size=9
  solver=sudoku.model.BacktrackingSudokuSolver@1d7f2719
  board={{2,3,1,4,5,6,7,8,9},{7,4,9,8,1,2,3,5,6},{8,5,6,9,3,7,1,4,2},{6,7,4,3,2,8,5,9,1},{3,8,2,1,9,5,4,6,7},{0,0,0,0,0,0,0,0,0},{0,0,0,0,0,0,0,0,0},{0,0,0,0,0,0,0,0,0},{0,0,0,0,0,0,0,0,0}}
]
13:52:47.465 INFO  [main] SudokuBoard - Warto?? 0 wstawiona nieprawid?owo
13:52:47.465 INFO  [main] SudokuBoard - B?ad w kwadracie 0
sudoku.model.SudokuBoard@66297b63[
  size=9
  solver=sudoku.model.BacktrackingSudokuSolver@1d7f2719
  board={{2,3,1,4,5,6,7,8,9},{7,4,9,8,1,2,3,5,6},{8,5,6,9,3,7,1,4,2},{6,7,4,3,2,8,5,9,1},{3,8,2,1,9,5,4,6,7},{9,1,5,6,0,0,0,0,0},{0,0,0,0,0,0,0,0,0},{0,0,0,0,0,0,0,0,0},{0,0,0,0,0,0,0,0,0}}
]
13:52:47.466 INFO  [main] SudokuBoard - Warto?? 0 wstawiona nieprawid?owo
13:52:47.466 INFO  [main] SudokuBoard - B?ad w kwadracie 0
sudoku.model.SudokuBoard@66297b63[
  size=9
  solver=sudoku.model.BacktrackingSudokuSolver@1d7f2719
  board={{2,3,1,4,5,6,7,8,9},{7,4,9,8,1,2,3,5,6},{8,5,6,9,3,7,1,4,2},{6,7,4,3,2,8,5,9,1},{3,8,2,1,9,5,4,6,7},{9,1,5,6,7,4,8,2,3},{4,6,3,2,8,1,9,7,5},{1,2,7,5,4,3,0,0,0},{0,0,0,0,0,0,0,0,0}}
]
13:52:47.466 INFO  [main] SudokuBoard - Warto?? 0 wstawiona nieprawid?owo
13:52:47.467 INFO  [main] SudokuBoard - B?ad w kwadracie 0
sudoku.model.SudokuBoard@66297b63[
  size=9
  solver=sudoku.model.BacktrackingSudokuSolver@1d7f2719
  board={{2,3,1,4,5,6,7,8,9},{7,4,9,8,1,2,3,5,6},{8,5,6,9,3,7,1,4,2},{6,7,4,3,2,8,5,9,1},{3,8,2,1,9,5,4,6,7},{9,1,5,6,7,4,8,2,3},{4,6,3,2,8,1,9,7,5},{1,2,7,5,4,0,0,0,0},{0,0,0,0,0,0,0,0,0}}
]
13:52:47.467 INFO  [main] SudokuBoard - Warto?? 0 wstawiona nieprawid?owo
]]></system-out>
  </testcase>
  <testcase name="testEqualsNull" classname="sudoku.model.SeriesTest" time="0.055">
    <system-out><![CDATA[13:52:47.483 INFO  [main] SudokuBoard - B?ad w kwadracie 0
sudoku.model.SudokuBoard@685e5967[
  size=9
  solver=sudoku.model.BacktrackingSudokuSolver@106387cf
  board={{4,5,6,8,7,9,1,2,3},{7,8,9,6,3,1,4,0,0},{0,0,0,0,0,0,0,0,0},{0,0,0,0,0,0,0,0,0},{0,0,0,0,0,0,0,0,0},{0,0,0,0,0,0,0,0,0},{0,0,0,0,0,0,0,0,0},{0,0,0,0,0,0,0,0,0},{0,0,0,0,0,0,0,0,0}}
]
13:52:47.483 INFO  [main] SudokuBoard - Warto?? 0 wstawiona nieprawid?owo
13:52:47.484 INFO  [main] SudokuBoard - B?ad w kwadracie 0
sudoku.model.SudokuBoard@685e5967[
  size=9
  solver=sudoku.model.BacktrackingSudokuSolver@106387cf
  board={{4,5,6,8,7,9,1,2,3},{7,8,9,6,3,1,0,0,0},{0,0,0,0,0,0,0,0,0},{0,0,0,0,0,0,0,0,0},{0,0,0,0,0,0,0,0,0},{0,0,0,0,0,0,0,0,0},{0,0,0,0,0,0,0,0,0},{0,0,0,0,0,0,0,0,0},{0,0,0,0,0,0,0,0,0}}
]
13:52:47.484 INFO  [main] SudokuBoard - Warto?? 0 wstawiona nieprawid?owo
13:52:47.484 INFO  [main] SudokuBoard - B?ad w kwadracie 0
sudoku.model.SudokuBoard@685e5967[
  size=9
  solver=sudoku.model.BacktrackingSudokuSolver@106387cf
  board={{4,5,6,8,7,9,1,2,3},{7,8,9,6,3,1,5,0,0},{0,0,0,0,0,0,0,0,0},{0,0,0,0,0,0,0,0,0},{0,0,0,0,0,0,0,0,0},{0,0,0,0,0,0,0,0,0},{0,0,0,0,0,0,0,0,0},{0,0,0,0,0,0,0,0,0},{0,0,0,0,0,0,0,0,0}}
]
13:52:47.484 INFO  [main] SudokuBoard - Warto?? 0 wstawiona nieprawid?owo
13:52:47.485 INFO  [main] SudokuBoard - B?ad w kwadracie 0
sudoku.model.SudokuBoard@685e5967[
  size=9
  solver=sudoku.model.BacktrackingSudokuSolver@106387cf
  board={{4,5,6,8,7,9,1,2,3},{7,8,9,6,3,1,0,0,0},{0,0,0,0,0,0,0,0,0},{0,0,0,0,0,0,0,0,0},{0,0,0,0,0,0,0,0,0},{0,0,0,0,0,0,0,0,0},{0,0,0,0,0,0,0,0,0},{0,0,0,0,0,0,0,0,0},{0,0,0,0,0,0,0,0,0}}
]
13:52:47.485 INFO  [main] SudokuBoard - Warto?? 0 wstawiona nieprawid?owo
13:52:47.485 INFO  [main] SudokuBoard - B?ad w kwadracie 0
sudoku.model.SudokuBoard@685e5967[
  size=9
  solver=sudoku.model.BacktrackingSudokuSolver@106387cf
  board={{4,5,6,8,7,9,1,2,3},{7,8,9,6,3,0,0,0,0},{0,0,0,0,0,0,0,0,0},{0,0,0,0,0,0,0,0,0},{0,0,0,0,0,0,0,0,0},{0,0,0,0,0,0,0,0,0},{0,0,0,0,0,0,0,0,0},{0,0,0,0,0,0,0,0,0},{0,0,0,0,0,0,0,0,0}}
]
13:52:47.485 INFO  [main] SudokuBoard - Warto?? 0 wstawiona nieprawid?owo
13:52:47.485 INFO  [main] SudokuBoard - B?ad w kwadracie 0
sudoku.model.SudokuBoard@685e5967[
  size=9
  solver=sudoku.model.BacktrackingSudokuSolver@106387cf
  board={{4,5,6,8,7,9,1,2,3},{7,8,9,6,3,2,5,0,0},{0,0,0,0,0,0,0,0,0},{0,0,0,0,0,0,0,0,0},{0,0,0,0,0,0,0,0,0},{0,0,0,0,0,0,0,0,0},{0,0,0,0,0,0,0,0,0},{0,0,0,0,0,0,0,0,0},{0,0,0,0,0,0,0,0,0}}
]
13:52:47.485 INFO  [main] SudokuBoard - Warto?? 0 wstawiona nieprawid?owo
13:52:47.486 INFO  [main] SudokuBoard - B?ad w kwadracie 0
sudoku.model.SudokuBoard@685e5967[
  size=9
  solver=sudoku.model.BacktrackingSudokuSolver@106387cf
  board={{4,5,6,8,7,9,1,2,3},{7,8,9,6,3,2,0,0,0},{0,0,0,0,0,0,0,0,0},{0,0,0,0,0,0,0,0,0},{0,0,0,0,0,0,0,0,0},{0,0,0,0,0,0,0,0,0},{0,0,0,0,0,0,0,0,0},{0,0,0,0,0,0,0,0,0},{0,0,0,0,0,0,0,0,0}}
]
13:52:47.486 INFO  [main] SudokuBoard - Warto?? 0 wstawiona nieprawid?owo
13:52:47.486 INFO  [main] SudokuBoard - B?ad w kwadracie 0
sudoku.model.SudokuBoard@685e5967[
  size=9
  solver=sudoku.model.BacktrackingSudokuSolver@106387cf
  board={{4,5,6,8,7,9,1,2,3},{7,8,9,6,3,2,4,0,0},{0,0,0,0,0,0,0,0,0},{0,0,0,0,0,0,0,0,0},{0,0,0,0,0,0,0,0,0},{0,0,0,0,0,0,0,0,0},{0,0,0,0,0,0,0,0,0},{0,0,0,0,0,0,0,0,0},{0,0,0,0,0,0,0,0,0}}
]
13:52:47.486 INFO  [main] SudokuBoard - Warto?? 0 wstawiona nieprawid?owo
13:52:47.487 INFO  [main] SudokuBoard - B?ad w kwadracie 0
sudoku.model.SudokuBoard@685e5967[
  size=9
  solver=sudoku.model.BacktrackingSudokuSolver@106387cf
  board={{4,5,6,8,7,9,1,2,3},{7,8,9,6,3,2,0,0,0},{0,0,0,0,0,0,0,0,0},{0,0,0,0,0,0,0,0,0},{0,0,0,0,0,0,0,0,0},{0,0,0,0,0,0,0,0,0},{0,0,0,0,0,0,0,0,0},{0,0,0,0,0,0,0,0,0},{0,0,0,0,0,0,0,0,0}}
]
13:52:47.487 INFO  [main] SudokuBoard - Warto?? 0 wstawiona nieprawid?owo
13:52:47.488 INFO  [main] SudokuBoard - B?ad w kwadracie 0
sudoku.model.SudokuBoard@685e5967[
  size=9
  solver=sudoku.model.BacktrackingSudokuSolver@106387cf
  board={{4,5,6,8,7,9,1,2,3},{7,8,9,6,3,0,0,0,0},{0,0,0,0,0,0,0,0,0},{0,0,0,0,0,0,0,0,0},{0,0,0,0,0,0,0,0,0},{0,0,0,0,0,0,0,0,0},{0,0,0,0,0,0,0,0,0},{0,0,0,0,0,0,0,0,0},{0,0,0,0,0,0,0,0,0}}
]
13:52:47.488 INFO  [main] SudokuBoard - Warto?? 0 wstawiona nieprawid?owo
13:52:47.489 INFO  [main] SudokuBoard - B?ad w kwadracie 0
sudoku.model.SudokuBoard@685e5967[
  size=9
  solver=sudoku.model.BacktrackingSudokuSolver@106387cf
  board={{4,5,6,8,7,9,1,2,3},{7,8,9,6,3,4,0,0,0},{0,0,0,0,0,0,0,0,0},{0,0,0,0,0,0,0,0,0},{0,0,0,0,0,0,0,0,0},{0,0,0,0,0,0,0,0,0},{0,0,0,0,0,0,0,0,0},{0,0,0,0,0,0,0,0,0},{0,0,0,0,0,0,0,0,0}}
]
13:52:47.489 INFO  [main] SudokuBoard - Warto?? 0 wstawiona nieprawid?owo
13:52:47.490 INFO  [main] SudokuBoard - B?ad w kwadracie 0
sudoku.model.SudokuBoard@685e5967[
  size=9
  solver=sudoku.model.BacktrackingSudokuSolver@106387cf
  board={{4,5,6,8,7,9,1,2,3},{7,8,9,6,3,0,0,0,0},{0,0,0,0,0,0,0,0,0},{0,0,0,0,0,0,0,0,0},{0,0,0,0,0,0,0,0,0},{0,0,0,0,0,0,0,0,0},{0,0,0,0,0,0,0,0,0},{0,0,0,0,0,0,0,0,0},{0,0,0,0,0,0,0,0,0}}
]
13:52:47.490 INFO  [main] SudokuBoard - Warto?? 0 wstawiona nieprawid?owo
13:52:47.490 INFO  [main] SudokuBoard - B?ad w kwadracie 0
sudoku.model.SudokuBoard@685e5967[
  size=9
  solver=sudoku.model.BacktrackingSudokuSolver@106387cf
  board={{4,5,6,8,7,9,1,2,3},{7,8,9,6,3,5,0,0,0},{0,0,0,0,0,0,0,0,0},{0,0,0,0,0,0,0,0,0},{0,0,0,0,0,0,0,0,0},{0,0,0,0,0,0,0,0,0},{0,0,0,0,0,0,0,0,0},{0,0,0,0,0,0,0,0,0},{0,0,0,0,0,0,0,0,0}}
]
13:52:47.490 INFO  [main] SudokuBoard - Warto?? 0 wstawiona nieprawid?owo
13:52:47.491 INFO  [main] SudokuBoard - B?ad w kwadracie 0
sudoku.model.SudokuBoard@685e5967[
  size=9
  solver=sudoku.model.BacktrackingSudokuSolver@106387cf
  board={{4,5,6,8,7,9,1,2,3},{7,8,9,6,3,0,0,0,0},{0,0,0,0,0,0,0,0,0},{0,0,0,0,0,0,0,0,0},{0,0,0,0,0,0,0,0,0},{0,0,0,0,0,0,0,0,0},{0,0,0,0,0,0,0,0,0},{0,0,0,0,0,0,0,0,0},{0,0,0,0,0,0,0,0,0}}
]
13:52:47.491 INFO  [main] SudokuBoard - Warto?? 0 wstawiona nieprawid?owo
13:52:47.491 INFO  [main] SudokuBoard - B?ad w kwadracie 0
sudoku.model.SudokuBoard@685e5967[
  size=9
  solver=sudoku.model.BacktrackingSudokuSolver@106387cf
  board={{4,5,6,8,7,9,1,2,3},{7,8,9,6,0,0,0,0,0},{0,0,0,0,0,0,0,0,0},{0,0,0,0,0,0,0,0,0},{0,0,0,0,0,0,0,0,0},{0,0,0,0,0,0,0,0,0},{0,0,0,0,0,0,0,0,0},{0,0,0,0,0,0,0,0,0},{0,0,0,0,0,0,0,0,0}}
]
13:52:47.491 INFO  [main] SudokuBoard - Warto?? 0 wstawiona nieprawid?owo
13:52:47.491 INFO  [main] SudokuBoard - B?ad w kwadracie 0
sudoku.model.SudokuBoard@685e5967[
  size=9
  solver=sudoku.model.BacktrackingSudokuSolver@106387cf
  board={{4,5,6,8,7,9,1,2,3},{7,8,9,6,4,1,0,0,0},{0,0,0,0,0,0,0,0,0},{0,0,0,0,0,0,0,0,0},{0,0,0,0,0,0,0,0,0},{0,0,0,0,0,0,0,0,0},{0,0,0,0,0,0,0,0,0},{0,0,0,0,0,0,0,0,0},{0,0,0,0,0,0,0,0,0}}
]
13:52:47.492 INFO  [main] SudokuBoard - Warto?? 0 wstawiona nieprawid?owo
13:52:47.492 INFO  [main] SudokuBoard - B?ad w kwadracie 0
sudoku.model.SudokuBoard@685e5967[
  size=9
  solver=sudoku.model.BacktrackingSudokuSolver@106387cf
  board={{4,5,6,8,7,9,1,2,3},{7,8,9,6,4,0,0,0,0},{0,0,0,0,0,0,0,0,0},{0,0,0,0,0,0,0,0,0},{0,0,0,0,0,0,0,0,0},{0,0,0,0,0,0,0,0,0},{0,0,0,0,0,0,0,0,0},{0,0,0,0,0,0,0,0,0},{0,0,0,0,0,0,0,0,0}}
]
13:52:47.492 INFO  [main] SudokuBoard - Warto?? 0 wstawiona nieprawid?owo
13:52:47.492 INFO  [main] SudokuBoard - B?ad w kwadracie 0
sudoku.model.SudokuBoard@685e5967[
  size=9
  solver=sudoku.model.BacktrackingSudokuSolver@106387cf
  board={{4,5,6,8,7,9,1,2,3},{7,8,9,6,4,2,0,0,0},{0,0,0,0,0,0,0,0,0},{0,0,0,0,0,0,0,0,0},{0,0,0,0,0,0,0,0,0},{0,0,0,0,0,0,0,0,0},{0,0,0,0,0,0,0,0,0},{0,0,0,0,0,0,0,0,0},{0,0,0,0,0,0,0,0,0}}
]
13:52:47.492 INFO  [main] SudokuBoard - Warto?? 0 wstawiona nieprawid?owo
13:52:47.493 INFO  [main] SudokuBoard - B?ad w kwadracie 0
sudoku.model.SudokuBoard@685e5967[
  size=9
  solver=sudoku.model.BacktrackingSudokuSolver@106387cf
  board={{4,5,6,8,7,9,1,2,3},{7,8,9,6,4,0,0,0,0},{0,0,0,0,0,0,0,0,0},{0,0,0,0,0,0,0,0,0},{0,0,0,0,0,0,0,0,0},{0,0,0,0,0,0,0,0,0},{0,0,0,0,0,0,0,0,0},{0,0,0,0,0,0,0,0,0},{0,0,0,0,0,0,0,0,0}}
]
13:52:47.493 INFO  [main] SudokuBoard - Warto?? 0 wstawiona nieprawid?owo
13:52:47.494 INFO  [main] SudokuBoard - B?ad w kwadracie 0
sudoku.model.SudokuBoard@685e5967[
  size=9
  solver=sudoku.model.BacktrackingSudokuSolver@106387cf
  board={{4,5,6,8,7,9,1,2,3},{7,8,9,6,4,3,0,0,0},{0,0,0,0,0,0,0,0,0},{0,0,0,0,0,0,0,0,0},{0,0,0,0,0,0,0,0,0},{0,0,0,0,0,0,0,0,0},{0,0,0,0,0,0,0,0,0},{0,0,0,0,0,0,0,0,0},{0,0,0,0,0,0,0,0,0}}
]
13:52:47.494 INFO  [main] SudokuBoard - Warto?? 0 wstawiona nieprawid?owo
13:52:47.494 INFO  [main] SudokuBoard - B?ad w kwadracie 0
sudoku.model.SudokuBoard@685e5967[
  size=9
  solver=sudoku.model.BacktrackingSudokuSolver@106387cf
  board={{4,5,6,8,7,9,1,2,3},{7,8,9,6,4,0,0,0,0},{0,0,0,0,0,0,0,0,0},{0,0,0,0,0,0,0,0,0},{0,0,0,0,0,0,0,0,0},{0,0,0,0,0,0,0,0,0},{0,0,0,0,0,0,0,0,0},{0,0,0,0,0,0,0,0,0},{0,0,0,0,0,0,0,0,0}}
]
13:52:47.494 INFO  [main] SudokuBoard - Warto?? 0 wstawiona nieprawid?owo
13:52:47.495 INFO  [main] SudokuBoard - B?ad w kwadracie 0
sudoku.model.SudokuBoard@685e5967[
  size=9
  solver=sudoku.model.BacktrackingSudokuSolver@106387cf
  board={{4,5,6,8,7,9,1,2,3},{7,8,9,6,4,0,0,0,0},{0,0,0,0,0,0,0,0,0},{0,0,0,0,0,0,0,0,0},{0,0,0,0,0,0,0,0,0},{0,0,0,0,0,0,0,0,0},{0,0,0,0,0,0,0,0,0},{0,0,0,0,0,0,0,0,0},{0,0,0,0,0,0,0,0,0}}
]
13:52:47.495 INFO  [main] SudokuBoard - Warto?? 0 wstawiona nieprawid?owo
13:52:47.495 INFO  [main] SudokuBoard - B?ad w kwadracie 0
sudoku.model.SudokuBoard@685e5967[
  size=9
  solver=sudoku.model.BacktrackingSudokuSolver@106387cf
  board={{4,5,6,8,7,9,1,2,3},{7,8,9,6,0,0,0,0,0},{0,0,0,0,0,0,0,0,0},{0,0,0,0,0,0,0,0,0},{0,0,0,0,0,0,0,0,0},{0,0,0,0,0,0,0,0,0},{0,0,0,0,0,0,0,0,0},{0,0,0,0,0,0,0,0,0},{0,0,0,0,0,0,0,0,0}}
]
13:52:47.496 INFO  [main] SudokuBoard - Warto?? 0 wstawiona nieprawid?owo
13:52:47.496 INFO  [main] SudokuBoard - B?ad w kwadracie 0
sudoku.model.SudokuBoard@685e5967[
  size=9
  solver=sudoku.model.BacktrackingSudokuSolver@106387cf
  board={{4,5,6,8,7,9,1,2,3},{7,8,9,6,5,1,0,0,0},{0,0,0,0,0,0,0,0,0},{0,0,0,0,0,0,0,0,0},{0,0,0,0,0,0,0,0,0},{0,0,0,0,0,0,0,0,0},{0,0,0,0,0,0,0,0,0},{0,0,0,0,0,0,0,0,0},{0,0,0,0,0,0,0,0,0}}
]
13:52:47.496 INFO  [main] SudokuBoard - Warto?? 0 wstawiona nieprawid?owo
13:52:47.496 INFO  [main] SudokuBoard - B?ad w kwadracie 0
sudoku.model.SudokuBoard@685e5967[
  size=9
  solver=sudoku.model.BacktrackingSudokuSolver@106387cf
  board={{4,5,6,8,7,9,1,2,3},{7,8,9,6,5,0,0,0,0},{0,0,0,0,0,0,0,0,0},{0,0,0,0,0,0,0,0,0},{0,0,0,0,0,0,0,0,0},{0,0,0,0,0,0,0,0,0},{0,0,0,0,0,0,0,0,0},{0,0,0,0,0,0,0,0,0},{0,0,0,0,0,0,0,0,0}}
]
13:52:47.497 INFO  [main] SudokuBoard - Warto?? 0 wstawiona nieprawid?owo
13:52:47.497 INFO  [main] SudokuBoard - B?ad w kwadracie 0
sudoku.model.SudokuBoard@685e5967[
  size=9
  solver=sudoku.model.BacktrackingSudokuSolver@106387cf
  board={{4,5,6,8,7,9,1,2,3},{7,8,9,6,5,2,0,0,0},{0,0,0,0,0,0,0,0,0},{0,0,0,0,0,0,0,0,0},{0,0,0,0,0,0,0,0,0},{0,0,0,0,0,0,0,0,0},{0,0,0,0,0,0,0,0,0},{0,0,0,0,0,0,0,0,0},{0,0,0,0,0,0,0,0,0}}
]
13:52:47.497 INFO  [main] SudokuBoard - Warto?? 0 wstawiona nieprawid?owo
13:52:47.497 INFO  [main] SudokuBoard - B?ad w kwadracie 0
sudoku.model.SudokuBoard@685e5967[
  size=9
  solver=sudoku.model.BacktrackingSudokuSolver@106387cf
  board={{4,5,6,8,7,9,1,2,3},{7,8,9,6,5,0,0,0,0},{0,0,0,0,0,0,0,0,0},{0,0,0,0,0,0,0,0,0},{0,0,0,0,0,0,0,0,0},{0,0,0,0,0,0,0,0,0},{0,0,0,0,0,0,0,0,0},{0,0,0,0,0,0,0,0,0},{0,0,0,0,0,0,0,0,0}}
]
13:52:47.497 INFO  [main] SudokuBoard - Warto?? 0 wstawiona nieprawid?owo
13:52:47.498 INFO  [main] SudokuBoard - B?ad w kwadracie 0
sudoku.model.SudokuBoard@685e5967[
  size=9
  solver=sudoku.model.BacktrackingSudokuSolver@106387cf
  board={{4,5,6,8,7,9,1,2,3},{7,8,9,6,5,3,0,0,0},{0,0,0,0,0,0,0,0,0},{0,0,0,0,0,0,0,0,0},{0,0,0,0,0,0,0,0,0},{0,0,0,0,0,0,0,0,0},{0,0,0,0,0,0,0,0,0},{0,0,0,0,0,0,0,0,0},{0,0,0,0,0,0,0,0,0}}
]
13:52:47.498 INFO  [main] SudokuBoard - Warto?? 0 wstawiona nieprawid?owo
13:52:47.498 INFO  [main] SudokuBoard - B?ad w kwadracie 0
sudoku.model.SudokuBoard@685e5967[
  size=9
  solver=sudoku.model.BacktrackingSudokuSolver@106387cf
  board={{4,5,6,8,7,9,1,2,3},{7,8,9,6,5,0,0,0,0},{0,0,0,0,0,0,0,0,0},{0,0,0,0,0,0,0,0,0},{0,0,0,0,0,0,0,0,0},{0,0,0,0,0,0,0,0,0},{0,0,0,0,0,0,0,0,0},{0,0,0,0,0,0,0,0,0},{0,0,0,0,0,0,0,0,0}}
]
13:52:47.498 INFO  [main] SudokuBoard - Warto?? 0 wstawiona nieprawid?owo
13:52:47.499 INFO  [main] SudokuBoard - B?ad w kwadracie 0
sudoku.model.SudokuBoard@685e5967[
  size=9
  solver=sudoku.model.BacktrackingSudokuSolver@106387cf
  board={{4,5,6,8,7,9,1,2,3},{7,8,9,6,5,0,0,0,0},{0,0,0,0,0,0,0,0,0},{0,0,0,0,0,0,0,0,0},{0,0,0,0,0,0,0,0,0},{0,0,0,0,0,0,0,0,0},{0,0,0,0,0,0,0,0,0},{0,0,0,0,0,0,0,0,0},{0,0,0,0,0,0,0,0,0}}
]
13:52:47.499 INFO  [main] SudokuBoard - Warto?? 0 wstawiona nieprawid?owo
13:52:47.499 INFO  [main] SudokuBoard - B?ad w kwadracie 0
sudoku.model.SudokuBoard@685e5967[
  size=9
  solver=sudoku.model.BacktrackingSudokuSolver@106387cf
  board={{4,5,6,8,7,9,1,2,3},{7,8,9,6,0,0,0,0,0},{0,0,0,0,0,0,0,0,0},{0,0,0,0,0,0,0,0,0},{0,0,0,0,0,0,0,0,0},{0,0,0,0,0,0,0,0,0},{0,0,0,0,0,0,0,0,0},{0,0,0,0,0,0,0,0,0},{0,0,0,0,0,0,0,0,0}}
]
13:52:47.499 INFO  [main] SudokuBoard - Warto?? 0 wstawiona nieprawid?owo
13:52:47.499 INFO  [main] SudokuBoard - B?ad w kwadracie 0
sudoku.model.SudokuBoard@685e5967[
  size=9
  solver=sudoku.model.BacktrackingSudokuSolver@106387cf
  board={{4,5,6,8,7,9,1,2,3},{7,8,9,6,1,2,4,0,0},{0,0,0,0,0,0,0,0,0},{0,0,0,0,0,0,0,0,0},{0,0,0,0,0,0,0,0,0},{0,0,0,0,0,0,0,0,0},{0,0,0,0,0,0,0,0,0},{0,0,0,0,0,0,0,0,0},{0,0,0,0,0,0,0,0,0}}
]
13:52:47.499 INFO  [main] SudokuBoard - Warto?? 0 wstawiona nieprawid?owo
13:52:47.500 INFO  [main] SudokuBoard - B?ad w kwadracie 0
sudoku.model.SudokuBoard@685e5967[
  size=9
  solver=sudoku.model.BacktrackingSudokuSolver@106387cf
  board={{4,5,6,8,7,9,1,2,3},{7,8,9,6,1,2,0,0,0},{0,0,0,0,0,0,0,0,0},{0,0,0,0,0,0,0,0,0},{0,0,0,0,0,0,0,0,0},{0,0,0,0,0,0,0,0,0},{0,0,0,0,0,0,0,0,0},{0,0,0,0,0,0,0,0,0},{0,0,0,0,0,0,0,0,0}}
]
13:52:47.500 INFO  [main] SudokuBoard - Warto?? 0 wstawiona nieprawid?owo
13:52:47.500 INFO  [main] SudokuBoard - B?ad w kwadracie 0
sudoku.model.SudokuBoard@685e5967[
  size=9
  solver=sudoku.model.BacktrackingSudokuSolver@106387cf
  board={{4,5,6,8,7,9,1,2,3},{7,8,9,6,1,2,5,0,0},{0,0,0,0,0,0,0,0,0},{0,0,0,0,0,0,0,0,0},{0,0,0,0,0,0,0,0,0},{0,0,0,0,0,0,0,0,0},{0,0,0,0,0,0,0,0,0},{0,0,0,0,0,0,0,0,0},{0,0,0,0,0,0,0,0,0}}
]
13:52:47.500 INFO  [main] SudokuBoard - Warto?? 0 wstawiona nieprawid?owo
13:52:47.500 INFO  [main] SudokuBoard - B?ad w kwadracie 0
sudoku.model.SudokuBoard@685e5967[
  size=9
  solver=sudoku.model.BacktrackingSudokuSolver@106387cf
  board={{4,5,6,8,7,9,1,2,3},{7,8,9,6,1,2,0,0,0},{0,0,0,0,0,0,0,0,0},{0,0,0,0,0,0,0,0,0},{0,0,0,0,0,0,0,0,0},{0,0,0,0,0,0,0,0,0},{0,0,0,0,0,0,0,0,0},{0,0,0,0,0,0,0,0,0},{0,0,0,0,0,0,0,0,0}}
]
13:52:47.501 INFO  [main] SudokuBoard - Warto?? 0 wstawiona nieprawid?owo
13:52:47.501 INFO  [main] SudokuBoard - B?ad w kwadracie 0
sudoku.model.SudokuBoard@685e5967[
  size=9
  solver=sudoku.model.BacktrackingSudokuSolver@106387cf
  board={{4,5,6,8,7,9,1,2,3},{7,8,9,6,1,0,0,0,0},{0,0,0,0,0,0,0,0,0},{0,0,0,0,0,0,0,0,0},{0,0,0,0,0,0,0,0,0},{0,0,0,0,0,0,0,0,0},{0,0,0,0,0,0,0,0,0},{0,0,0,0,0,0,0,0,0},{0,0,0,0,0,0,0,0,0}}
]
13:52:47.501 INFO  [main] SudokuBoard - Warto?? 0 wstawiona nieprawid?owo
13:52:47.501 INFO  [main] SudokuBoard - B?ad w kwadracie 0
sudoku.model.SudokuBoard@685e5967[
  size=9
  solver=sudoku.model.BacktrackingSudokuSolver@106387cf
  board={{4,5,6,8,7,9,1,2,3},{7,8,9,6,1,3,4,0,0},{0,0,0,0,0,0,0,0,0},{0,0,0,0,0,0,0,0,0},{0,0,0,0,0,0,0,0,0},{0,0,0,0,0,0,0,0,0},{0,0,0,0,0,0,0,0,0},{0,0,0,0,0,0,0,0,0},{0,0,0,0,0,0,0,0,0}}
]
13:52:47.501 INFO  [main] SudokuBoard - Warto?? 0 wstawiona nieprawid?owo
13:52:47.502 INFO  [main] SudokuBoard - B?ad w kwadracie 0
sudoku.model.SudokuBoard@685e5967[
  size=9
  solver=sudoku.model.BacktrackingSudokuSolver@106387cf
  board={{4,5,6,8,7,9,1,2,3},{7,8,9,6,1,3,0,0,0},{0,0,0,0,0,0,0,0,0},{0,0,0,0,0,0,0,0,0},{0,0,0,0,0,0,0,0,0},{0,0,0,0,0,0,0,0,0},{0,0,0,0,0,0,0,0,0},{0,0,0,0,0,0,0,0,0},{0,0,0,0,0,0,0,0,0}}
]
13:52:47.502 INFO  [main] SudokuBoard - Warto?? 0 wstawiona nieprawid?owo
13:52:47.502 INFO  [main] SudokuBoard - B?ad w kwadracie 0
sudoku.model.SudokuBoard@685e5967[
  size=9
  solver=sudoku.model.BacktrackingSudokuSolver@106387cf
  board={{4,5,6,8,7,9,1,2,3},{7,8,9,6,1,3,5,0,0},{0,0,0,0,0,0,0,0,0},{0,0,0,0,0,0,0,0,0},{0,0,0,0,0,0,0,0,0},{0,0,0,0,0,0,0,0,0},{0,0,0,0,0,0,0,0,0},{0,0,0,0,0,0,0,0,0},{0,0,0,0,0,0,0,0,0}}
]
13:52:47.502 INFO  [main] SudokuBoard - Warto?? 0 wstawiona nieprawid?owo
13:52:47.502 INFO  [main] SudokuBoard - B?ad w kwadracie 0
sudoku.model.SudokuBoard@685e5967[
  size=9
  solver=sudoku.model.BacktrackingSudokuSolver@106387cf
  board={{4,5,6,8,7,9,1,2,3},{7,8,9,6,1,3,0,0,0},{0,0,0,0,0,0,0,0,0},{0,0,0,0,0,0,0,0,0},{0,0,0,0,0,0,0,0,0},{0,0,0,0,0,0,0,0,0},{0,0,0,0,0,0,0,0,0},{0,0,0,0,0,0,0,0,0},{0,0,0,0,0,0,0,0,0}}
]
13:52:47.503 INFO  [main] SudokuBoard - Warto?? 0 wstawiona nieprawid?owo
13:52:47.503 INFO  [main] SudokuBoard - B?ad w kwadracie 0
sudoku.model.SudokuBoard@685e5967[
  size=9
  solver=sudoku.model.BacktrackingSudokuSolver@106387cf
  board={{4,5,6,8,7,9,1,2,3},{7,8,9,6,1,0,0,0,0},{0,0,0,0,0,0,0,0,0},{0,0,0,0,0,0,0,0,0},{0,0,0,0,0,0,0,0,0},{0,0,0,0,0,0,0,0,0},{0,0,0,0,0,0,0,0,0},{0,0,0,0,0,0,0,0,0},{0,0,0,0,0,0,0,0,0}}
]
13:52:47.503 INFO  [main] SudokuBoard - Warto?? 0 wstawiona nieprawid?owo
13:52:47.503 INFO  [main] SudokuBoard - B?ad w kwadracie 0
sudoku.model.SudokuBoard@685e5967[
  size=9
  solver=sudoku.model.BacktrackingSudokuSolver@106387cf
  board={{4,5,6,8,7,9,1,2,3},{7,8,9,6,1,4,0,0,0},{0,0,0,0,0,0,0,0,0},{0,0,0,0,0,0,0,0,0},{0,0,0,0,0,0,0,0,0},{0,0,0,0,0,0,0,0,0},{0,0,0,0,0,0,0,0,0},{0,0,0,0,0,0,0,0,0},{0,0,0,0,0,0,0,0,0}}
]
13:52:47.503 INFO  [main] SudokuBoard - Warto?? 0 wstawiona nieprawid?owo
13:52:47.504 INFO  [main] SudokuBoard - B?ad w kwadracie 0
sudoku.model.SudokuBoard@685e5967[
  size=9
  solver=sudoku.model.BacktrackingSudokuSolver@106387cf
  board={{4,5,6,8,7,9,1,2,3},{7,8,9,6,1,0,0,0,0},{0,0,0,0,0,0,0,0,0},{0,0,0,0,0,0,0,0,0},{0,0,0,0,0,0,0,0,0},{0,0,0,0,0,0,0,0,0},{0,0,0,0,0,0,0,0,0},{0,0,0,0,0,0,0,0,0},{0,0,0,0,0,0,0,0,0}}
]
13:52:47.504 INFO  [main] SudokuBoard - Warto?? 0 wstawiona nieprawid?owo
13:52:47.505 INFO  [main] SudokuBoard - B?ad w kwadracie 0
sudoku.model.SudokuBoard@685e5967[
  size=9
  solver=sudoku.model.BacktrackingSudokuSolver@106387cf
  board={{4,5,6,8,7,9,1,2,3},{7,8,9,6,1,5,0,0,0},{0,0,0,0,0,0,0,0,0},{0,0,0,0,0,0,0,0,0},{0,0,0,0,0,0,0,0,0},{0,0,0,0,0,0,0,0,0},{0,0,0,0,0,0,0,0,0},{0,0,0,0,0,0,0,0,0},{0,0,0,0,0,0,0,0,0}}
]
13:52:47.505 INFO  [main] SudokuBoard - Warto?? 0 wstawiona nieprawid?owo
13:52:47.505 INFO  [main] SudokuBoard - B?ad w kwadracie 0
sudoku.model.SudokuBoard@685e5967[
  size=9
  solver=sudoku.model.BacktrackingSudokuSolver@106387cf
  board={{4,5,6,8,7,9,1,2,3},{7,8,9,6,1,0,0,0,0},{0,0,0,0,0,0,0,0,0},{0,0,0,0,0,0,0,0,0},{0,0,0,0,0,0,0,0,0},{0,0,0,0,0,0,0,0,0},{0,0,0,0,0,0,0,0,0},{0,0,0,0,0,0,0,0,0},{0,0,0,0,0,0,0,0,0}}
]
13:52:47.505 INFO  [main] SudokuBoard - Warto?? 0 wstawiona nieprawid?owo
13:52:47.505 INFO  [main] SudokuBoard - B?ad w kwadracie 0
sudoku.model.SudokuBoard@685e5967[
  size=9
  solver=sudoku.model.BacktrackingSudokuSolver@106387cf
  board={{4,5,6,8,7,9,1,2,3},{7,8,9,6,0,0,0,0,0},{0,0,0,0,0,0,0,0,0},{0,0,0,0,0,0,0,0,0},{0,0,0,0,0,0,0,0,0},{0,0,0,0,0,0,0,0,0},{0,0,0,0,0,0,0,0,0},{0,0,0,0,0,0,0,0,0},{0,0,0,0,0,0,0,0,0}}
]
13:52:47.505 INFO  [main] SudokuBoard - Warto?? 0 wstawiona nieprawid?owo
13:52:47.506 INFO  [main] SudokuBoard - B?ad w kwadracie 0
sudoku.model.SudokuBoard@685e5967[
  size=9
  solver=sudoku.model.BacktrackingSudokuSolver@106387cf
  board={{4,5,6,8,7,9,1,2,3},{7,8,9,6,2,1,5,0,0},{0,0,0,0,0,0,0,0,0},{0,0,0,0,0,0,0,0,0},{0,0,0,0,0,0,0,0,0},{0,0,0,0,0,0,0,0,0},{0,0,0,0,0,0,0,0,0},{0,0,0,0,0,0,0,0,0},{0,0,0,0,0,0,0,0,0}}
]
13:52:47.506 INFO  [main] SudokuBoard - Warto?? 0 wstawiona nieprawid?owo
13:52:47.506 INFO  [main] SudokuBoard - B?ad w kwadracie 0
sudoku.model.SudokuBoard@685e5967[
  size=9
  solver=sudoku.model.BacktrackingSudokuSolver@106387cf
  board={{4,5,6,8,7,9,1,2,3},{7,8,9,6,2,1,0,0,0},{0,0,0,0,0,0,0,0,0},{0,0,0,0,0,0,0,0,0},{0,0,0,0,0,0,0,0,0},{0,0,0,0,0,0,0,0,0},{0,0,0,0,0,0,0,0,0},{0,0,0,0,0,0,0,0,0},{0,0,0,0,0,0,0,0,0}}
]
13:52:47.506 INFO  [main] SudokuBoard - Warto?? 0 wstawiona nieprawid?owo
13:52:47.506 INFO  [main] SudokuBoard - B?ad w kwadracie 0
sudoku.model.SudokuBoard@685e5967[
  size=9
  solver=sudoku.model.BacktrackingSudokuSolver@106387cf
  board={{4,5,6,8,7,9,1,2,3},{7,8,9,6,2,1,4,0,0},{0,0,0,0,0,0,0,0,0},{0,0,0,0,0,0,0,0,0},{0,0,0,0,0,0,0,0,0},{0,0,0,0,0,0,0,0,0},{0,0,0,0,0,0,0,0,0},{0,0,0,0,0,0,0,0,0},{0,0,0,0,0,0,0,0,0}}
]
13:52:47.508 INFO  [main] SudokuBoard - Warto?? 0 wstawiona nieprawid?owo
13:52:47.508 INFO  [main] SudokuBoard - B?ad w kwadracie 0
sudoku.model.SudokuBoard@685e5967[
  size=9
  solver=sudoku.model.BacktrackingSudokuSolver@106387cf
  board={{4,5,6,8,7,9,1,2,3},{7,8,9,6,2,1,0,0,0},{0,0,0,0,0,0,0,0,0},{0,0,0,0,0,0,0,0,0},{0,0,0,0,0,0,0,0,0},{0,0,0,0,0,0,0,0,0},{0,0,0,0,0,0,0,0,0},{0,0,0,0,0,0,0,0,0},{0,0,0,0,0,0,0,0,0}}
]
13:52:47.509 INFO  [main] SudokuBoard - Warto?? 0 wstawiona nieprawid?owo
13:52:47.509 INFO  [main] SudokuBoard - B?ad w kwadracie 0
sudoku.model.SudokuBoard@685e5967[
  size=9
  solver=sudoku.model.BacktrackingSudokuSolver@106387cf
  board={{4,5,6,8,7,9,1,2,3},{7,8,9,6,2,0,0,0,0},{0,0,0,0,0,0,0,0,0},{0,0,0,0,0,0,0,0,0},{0,0,0,0,0,0,0,0,0},{0,0,0,0,0,0,0,0,0},{0,0,0,0,0,0,0,0,0},{0,0,0,0,0,0,0,0,0},{0,0,0,0,0,0,0,0,0}}
]
13:52:47.509 INFO  [main] SudokuBoard - Warto?? 0 wstawiona nieprawid?owo
13:52:47.509 INFO  [main] SudokuBoard - B?ad w kwadracie 0
sudoku.model.SudokuBoard@685e5967[
  size=9
  solver=sudoku.model.BacktrackingSudokuSolver@106387cf
  board={{4,5,6,8,7,9,1,2,3},{7,8,9,6,2,3,4,0,0},{0,0,0,0,0,0,0,0,0},{0,0,0,0,0,0,0,0,0},{0,0,0,0,0,0,0,0,0},{0,0,0,0,0,0,0,0,0},{0,0,0,0,0,0,0,0,0},{0,0,0,0,0,0,0,0,0},{0,0,0,0,0,0,0,0,0}}
]
13:52:47.509 INFO  [main] SudokuBoard - Warto?? 0 wstawiona nieprawid?owo
13:52:47.514 INFO  [main] SudokuBoard - B?ad w kwadracie 0
sudoku.model.SudokuBoard@685e5967[
  size=9
  solver=sudoku.model.BacktrackingSudokuSolver@106387cf
  board={{4,5,6,8,7,9,1,2,3},{7,8,9,6,2,3,0,0,0},{0,0,0,0,0,0,0,0,0},{0,0,0,0,0,0,0,0,0},{0,0,0,0,0,0,0,0,0},{0,0,0,0,0,0,0,0,0},{0,0,0,0,0,0,0,0,0},{0,0,0,0,0,0,0,0,0},{0,0,0,0,0,0,0,0,0}}
]
13:52:47.514 INFO  [main] SudokuBoard - Warto?? 0 wstawiona nieprawid?owo
13:52:47.514 INFO  [main] SudokuBoard - B?ad w kwadracie 0
sudoku.model.SudokuBoard@685e5967[
  size=9
  solver=sudoku.model.BacktrackingSudokuSolver@106387cf
  board={{4,5,6,8,7,9,1,2,3},{7,8,9,6,2,3,5,0,0},{0,0,0,0,0,0,0,0,0},{0,0,0,0,0,0,0,0,0},{0,0,0,0,0,0,0,0,0},{0,0,0,0,0,0,0,0,0},{0,0,0,0,0,0,0,0,0},{0,0,0,0,0,0,0,0,0},{0,0,0,0,0,0,0,0,0}}
]
13:52:47.514 INFO  [main] SudokuBoard - Warto?? 0 wstawiona nieprawid?owo
13:52:47.515 INFO  [main] SudokuBoard - B?ad w kwadracie 0
sudoku.model.SudokuBoard@685e5967[
  size=9
  solver=sudoku.model.BacktrackingSudokuSolver@106387cf
  board={{4,5,6,8,7,9,1,2,3},{7,8,9,6,2,3,0,0,0},{0,0,0,0,0,0,0,0,0},{0,0,0,0,0,0,0,0,0},{0,0,0,0,0,0,0,0,0},{0,0,0,0,0,0,0,0,0},{0,0,0,0,0,0,0,0,0},{0,0,0,0,0,0,0,0,0},{0,0,0,0,0,0,0,0,0}}
]
13:52:47.515 INFO  [main] SudokuBoard - Warto?? 0 wstawiona nieprawid?owo
13:52:47.515 INFO  [main] SudokuBoard - B?ad w kwadracie 0
sudoku.model.SudokuBoard@685e5967[
  size=9
  solver=sudoku.model.BacktrackingSudokuSolver@106387cf
  board={{4,5,6,8,7,9,1,2,3},{7,8,9,6,2,0,0,0,0},{0,0,0,0,0,0,0,0,0},{0,0,0,0,0,0,0,0,0},{0,0,0,0,0,0,0,0,0},{0,0,0,0,0,0,0,0,0},{0,0,0,0,0,0,0,0,0},{0,0,0,0,0,0,0,0,0},{0,0,0,0,0,0,0,0,0}}
]
13:52:47.515 INFO  [main] SudokuBoard - Warto?? 0 wstawiona nieprawid?owo
13:52:47.515 INFO  [main] SudokuBoard - B?ad w kwadracie 0
sudoku.model.SudokuBoard@685e5967[
  size=9
  solver=sudoku.model.BacktrackingSudokuSolver@106387cf
  board={{4,5,6,8,7,9,1,2,3},{7,8,9,6,2,4,0,0,0},{0,0,0,0,0,0,0,0,0},{0,0,0,0,0,0,0,0,0},{0,0,0,0,0,0,0,0,0},{0,0,0,0,0,0,0,0,0},{0,0,0,0,0,0,0,0,0},{0,0,0,0,0,0,0,0,0},{0,0,0,0,0,0,0,0,0}}
]
13:52:47.515 INFO  [main] SudokuBoard - Warto?? 0 wstawiona nieprawid?owo
13:52:47.516 INFO  [main] SudokuBoard - B?ad w kwadracie 0
sudoku.model.SudokuBoard@685e5967[
  size=9
  solver=sudoku.model.BacktrackingSudokuSolver@106387cf
  board={{4,5,6,8,7,9,1,2,3},{7,8,9,6,2,0,0,0,0},{0,0,0,0,0,0,0,0,0},{0,0,0,0,0,0,0,0,0},{0,0,0,0,0,0,0,0,0},{0,0,0,0,0,0,0,0,0},{0,0,0,0,0,0,0,0,0},{0,0,0,0,0,0,0,0,0},{0,0,0,0,0,0,0,0,0}}
]
13:52:47.516 INFO  [main] SudokuBoard - Warto?? 0 wstawiona nieprawid?owo
13:52:47.516 INFO  [main] SudokuBoard - B?ad w kwadracie 0
sudoku.model.SudokuBoard@685e5967[
  size=9
  solver=sudoku.model.BacktrackingSudokuSolver@106387cf
  board={{4,5,6,8,7,9,1,2,3},{7,8,9,6,2,5,0,0,0},{0,0,0,0,0,0,0,0,0},{0,0,0,0,0,0,0,0,0},{0,0,0,0,0,0,0,0,0},{0,0,0,0,0,0,0,0,0},{0,0,0,0,0,0,0,0,0},{0,0,0,0,0,0,0,0,0},{0,0,0,0,0,0,0,0,0}}
]
13:52:47.516 INFO  [main] SudokuBoard - Warto?? 0 wstawiona nieprawid?owo
13:52:47.516 INFO  [main] SudokuBoard - B?ad w kwadracie 0
sudoku.model.SudokuBoard@685e5967[
  size=9
  solver=sudoku.model.BacktrackingSudokuSolver@106387cf
  board={{4,5,6,8,7,9,1,2,3},{7,8,9,6,2,0,0,0,0},{0,0,0,0,0,0,0,0,0},{0,0,0,0,0,0,0,0,0},{0,0,0,0,0,0,0,0,0},{0,0,0,0,0,0,0,0,0},{0,0,0,0,0,0,0,0,0},{0,0,0,0,0,0,0,0,0},{0,0,0,0,0,0,0,0,0}}
]
13:52:47.517 INFO  [main] SudokuBoard - Warto?? 0 wstawiona nieprawid?owo
13:52:47.517 INFO  [main] SudokuBoard - B?ad w kwadracie 0
sudoku.model.SudokuBoard@685e5967[
  size=9
  solver=sudoku.model.BacktrackingSudokuSolver@106387cf
  board={{4,5,6,8,7,9,1,2,3},{7,8,9,6,0,0,0,0,0},{0,0,0,0,0,0,0,0,0},{0,0,0,0,0,0,0,0,0},{0,0,0,0,0,0,0,0,0},{0,0,0,0,0,0,0,0,0},{0,0,0,0,0,0,0,0,0},{0,0,0,0,0,0,0,0,0},{0,0,0,0,0,0,0,0,0}}
]
13:52:47.519 INFO  [main] SudokuBoard - Warto?? 0 wstawiona nieprawid?owo
13:52:47.520 INFO  [main] SudokuBoard - B?ad w kwadracie 0
sudoku.model.SudokuBoard@685e5967[
  size=9
  solver=sudoku.model.BacktrackingSudokuSolver@106387cf
  board={{4,5,6,8,7,9,1,2,3},{7,8,9,0,0,0,0,0,0},{0,0,0,0,0,0,0,0,0},{0,0,0,0,0,0,0,0,0},{0,0,0,0,0,0,0,0,0},{0,0,0,0,0,0,0,0,0},{0,0,0,0,0,0,0,0,0},{0,0,0,0,0,0,0,0,0},{0,0,0,0,0,0,0,0,0}}
]
13:52:47.520 INFO  [main] SudokuBoard - Warto?? 0 wstawiona nieprawid?owo
13:52:47.520 INFO  [main] SudokuBoard - B?ad w kwadracie 0
sudoku.model.SudokuBoard@685e5967[
  size=9
  solver=sudoku.model.BacktrackingSudokuSolver@106387cf
  board={{4,5,6,8,7,9,1,2,3},{7,8,9,1,3,6,4,0,0},{0,0,0,0,0,0,0,0,0},{0,0,0,0,0,0,0,0,0},{0,0,0,0,0,0,0,0,0},{0,0,0,0,0,0,0,0,0},{0,0,0,0,0,0,0,0,0},{0,0,0,0,0,0,0,0,0},{0,0,0,0,0,0,0,0,0}}
]
13:52:47.521 INFO  [main] SudokuBoard - Warto?? 0 wstawiona nieprawid?owo
13:52:47.521 INFO  [main] SudokuBoard - B?ad w kwadracie 0
sudoku.model.SudokuBoard@685e5967[
  size=9
  solver=sudoku.model.BacktrackingSudokuSolver@106387cf
  board={{4,5,6,8,7,9,1,2,3},{7,8,9,1,3,6,0,0,0},{0,0,0,0,0,0,0,0,0},{0,0,0,0,0,0,0,0,0},{0,0,0,0,0,0,0,0,0},{0,0,0,0,0,0,0,0,0},{0,0,0,0,0,0,0,0,0},{0,0,0,0,0,0,0,0,0},{0,0,0,0,0,0,0,0,0}}
]
13:52:47.521 INFO  [main] SudokuBoard - Warto?? 0 wstawiona nieprawid?owo
13:52:47.522 INFO  [main] SudokuBoard - B?ad w kwadracie 0
sudoku.model.SudokuBoard@685e5967[
  size=9
  solver=sudoku.model.BacktrackingSudokuSolver@106387cf
  board={{4,5,6,8,7,9,1,2,3},{7,8,9,1,3,6,5,0,0},{0,0,0,0,0,0,0,0,0},{0,0,0,0,0,0,0,0,0},{0,0,0,0,0,0,0,0,0},{0,0,0,0,0,0,0,0,0},{0,0,0,0,0,0,0,0,0},{0,0,0,0,0,0,0,0,0},{0,0,0,0,0,0,0,0,0}}
]
13:52:47.522 INFO  [main] SudokuBoard - Warto?? 0 wstawiona nieprawid?owo
13:52:47.522 INFO  [main] SudokuBoard - B?ad w kwadracie 0
sudoku.model.SudokuBoard@685e5967[
  size=9
  solver=sudoku.model.BacktrackingSudokuSolver@106387cf
  board={{4,5,6,8,7,9,1,2,3},{7,8,9,1,3,6,0,0,0},{0,0,0,0,0,0,0,0,0},{0,0,0,0,0,0,0,0,0},{0,0,0,0,0,0,0,0,0},{0,0,0,0,0,0,0,0,0},{0,0,0,0,0,0,0,0,0},{0,0,0,0,0,0,0,0,0},{0,0,0,0,0,0,0,0,0}}
]
13:52:47.522 INFO  [main] SudokuBoard - Warto?? 0 wstawiona nieprawid?owo
13:52:47.522 INFO  [main] SudokuBoard - B?ad w kwadracie 0
sudoku.model.SudokuBoard@685e5967[
  size=9
  solver=sudoku.model.BacktrackingSudokuSolver@106387cf
  board={{4,5,6,8,7,9,1,2,3},{7,8,9,1,3,0,0,0,0},{0,0,0,0,0,0,0,0,0},{0,0,0,0,0,0,0,0,0},{0,0,0,0,0,0,0,0,0},{0,0,0,0,0,0,0,0,0},{0,0,0,0,0,0,0,0,0},{0,0,0,0,0,0,0,0,0},{0,0,0,0,0,0,0,0,0}}
]
13:52:47.523 INFO  [main] SudokuBoard - Warto?? 0 wstawiona nieprawid?owo
13:52:47.525 INFO  [main] SudokuBoard - B?ad w kwadracie 0
sudoku.model.SudokuBoard@685e5967[
  size=9
  solver=sudoku.model.BacktrackingSudokuSolver@106387cf
  board={{4,5,6,8,7,9,1,2,3},{7,8,9,1,3,2,4,5,6},{1,2,3,4,5,6,7,8,9},{5,6,1,9,2,3,8,7,4},{9,7,8,6,1,4,2,3,5},{2,3,4,7,8,5,9,0,0},{0,0,0,0,0,0,0,0,0},{0,0,0,0,0,0,0,0,0},{0,0,0,0,0,0,0,0,0}}
]
13:52:47.525 INFO  [main] SudokuBoard - Warto?? 0 wstawiona nieprawid?owo
]]></system-out>
  </testcase>
  <testcase name="testEqualsSame" classname="sudoku.model.SeriesTest" time="0.049">
    <system-out><![CDATA[13:52:47.544 INFO  [main] SudokuBoard - B?ad w kwadracie 0
sudoku.model.SudokuBoard@3d3c14c3[
  size=9
  solver=sudoku.model.BacktrackingSudokuSolver@599fab92
  board={{1,9,8,7,3,4,2,5,6},{2,3,4,5,8,6,7,9,1},{5,6,7,2,9,1,3,8,4},{4,1,3,6,5,7,8,2,9},{6,7,5,4,1,0,0,0,0},{0,0,0,0,0,0,0,0,0},{0,0,0,0,0,0,0,0,0},{0,0,0,0,0,0,0,0,0},{0,0,0,0,0,0,0,0,0}}
]
13:52:47.544 INFO  [main] SudokuBoard - Warto?? 0 wstawiona nieprawid?owo
13:52:47.545 INFO  [main] SudokuBoard - B?ad w kwadracie 0
sudoku.model.SudokuBoard@3d3c14c3[
  size=9
  solver=sudoku.model.BacktrackingSudokuSolver@599fab92
  board={{1,9,8,7,3,4,2,5,6},{2,3,4,5,8,6,7,9,1},{5,6,7,2,9,1,3,8,4},{4,1,3,6,5,7,8,2,9},{6,7,5,4,1,0,0,0,0},{0,0,0,0,0,0,0,0,0},{0,0,0,0,0,0,0,0,0},{0,0,0,0,0,0,0,0,0},{0,0,0,0,0,0,0,0,0}}
]
13:52:47.546 INFO  [main] SudokuBoard - Warto?? 0 wstawiona nieprawid?owo
13:52:47.548 INFO  [main] SudokuBoard - B?ad w kwadracie 0
sudoku.model.SudokuBoard@3d3c14c3[
  size=9
  solver=sudoku.model.BacktrackingSudokuSolver@599fab92
  board={{1,9,8,7,3,4,2,5,6},{2,3,4,5,8,6,7,9,1},{5,6,7,2,9,1,3,8,4},{4,1,3,6,5,7,8,2,9},{6,7,5,4,1,0,0,0,0},{0,0,0,0,0,0,0,0,0},{0,0,0,0,0,0,0,0,0},{0,0,0,0,0,0,0,0,0},{0,0,0,0,0,0,0,0,0}}
]
13:52:47.549 INFO  [main] SudokuBoard - Warto?? 0 wstawiona nieprawid?owo
13:52:47.549 INFO  [main] SudokuBoard - B?ad w kwadracie 0
sudoku.model.SudokuBoard@3d3c14c3[
  size=9
  solver=sudoku.model.BacktrackingSudokuSolver@599fab92
  board={{1,9,8,7,3,4,2,5,6},{2,3,4,5,8,6,7,9,1},{5,6,7,2,9,1,3,8,4},{4,1,3,6,5,7,8,2,9},{6,7,5,4,1,0,0,0,0},{0,0,0,0,0,0,0,0,0},{0,0,0,0,0,0,0,0,0},{0,0,0,0,0,0,0,0,0},{0,0,0,0,0,0,0,0,0}}
]
13:52:47.549 INFO  [main] SudokuBoard - Warto?? 0 wstawiona nieprawid?owo
13:52:47.549 INFO  [main] SudokuBoard - B?ad w kwadracie 0
sudoku.model.SudokuBoard@3d3c14c3[
  size=9
  solver=sudoku.model.BacktrackingSudokuSolver@599fab92
  board={{1,9,8,7,3,4,2,5,6},{2,3,4,5,8,6,7,9,1},{5,6,7,2,9,1,3,8,4},{4,1,3,6,5,7,8,2,9},{6,7,5,4,0,0,0,0,0},{0,0,0,0,0,0,0,0,0},{0,0,0,0,0,0,0,0,0},{0,0,0,0,0,0,0,0,0},{0,0,0,0,0,0,0,0,0}}
]
13:52:47.549 INFO  [main] SudokuBoard - Warto?? 0 wstawiona nieprawid?owo
13:52:47.550 INFO  [main] SudokuBoard - B?ad w kwadracie 0
sudoku.model.SudokuBoard@3d3c14c3[
  size=9
  solver=sudoku.model.BacktrackingSudokuSolver@599fab92
  board={{1,9,8,7,3,4,2,5,6},{2,3,4,5,8,6,7,9,1},{5,6,7,2,9,1,3,8,4},{4,1,3,6,5,7,8,2,9},{6,7,5,4,2,3,0,0,0},{0,0,0,0,0,0,0,0,0},{0,0,0,0,0,0,0,0,0},{0,0,0,0,0,0,0,0,0},{0,0,0,0,0,0,0,0,0}}
]
13:52:47.551 INFO  [main] SudokuBoard - Warto?? 0 wstawiona nieprawid?owo
13:52:47.551 INFO  [main] SudokuBoard - B?ad w kwadracie 0
sudoku.model.SudokuBoard@3d3c14c3[
  size=9
  solver=sudoku.model.BacktrackingSudokuSolver@599fab92
  board={{1,9,8,7,3,4,2,5,6},{2,3,4,5,8,6,7,9,1},{5,6,7,2,9,1,3,8,4},{4,1,3,6,5,7,8,2,9},{6,7,5,4,2,0,0,0,0},{0,0,0,0,0,0,0,0,0},{0,0,0,0,0,0,0,0,0},{0,0,0,0,0,0,0,0,0},{0,0,0,0,0,0,0,0,0}}
]
13:52:47.552 INFO  [main] SudokuBoard - Warto?? 0 wstawiona nieprawid?owo
13:52:47.552 INFO  [main] SudokuBoard - B?ad w kwadracie 0
sudoku.model.SudokuBoard@3d3c14c3[
  size=9
  solver=sudoku.model.BacktrackingSudokuSolver@599fab92
  board={{1,9,8,7,3,4,2,5,6},{2,3,4,5,8,6,7,9,1},{5,6,7,2,9,1,3,8,4},{4,1,3,6,5,7,8,2,9},{6,7,5,4,2,8,1,0,0},{0,0,0,0,0,0,0,0,0},{0,0,0,0,0,0,0,0,0},{0,0,0,0,0,0,0,0,0},{0,0,0,0,0,0,0,0,0}}
]
13:52:47.552 INFO  [main] SudokuBoard - Warto?? 0 wstawiona nieprawid?owo
13:52:47.553 INFO  [main] SudokuBoard - B?ad w kwadracie 0
sudoku.model.SudokuBoard@3d3c14c3[
  size=9
  solver=sudoku.model.BacktrackingSudokuSolver@599fab92
  board={{1,9,8,7,3,4,2,5,6},{2,3,4,5,8,6,7,9,1},{5,6,7,2,9,1,3,8,4},{4,1,3,6,5,7,8,2,9},{6,7,5,4,2,8,0,0,0},{0,0,0,0,0,0,0,0,0},{0,0,0,0,0,0,0,0,0},{0,0,0,0,0,0,0,0,0},{0,0,0,0,0,0,0,0,0}}
]
13:52:47.553 INFO  [main] SudokuBoard - Warto?? 0 wstawiona nieprawid?owo
13:52:47.553 INFO  [main] SudokuBoard - B?ad w kwadracie 0
sudoku.model.SudokuBoard@3d3c14c3[
  size=9
  solver=sudoku.model.BacktrackingSudokuSolver@599fab92
  board={{1,9,8,7,3,4,2,5,6},{2,3,4,5,8,6,7,9,1},{5,6,7,2,9,1,3,8,4},{4,1,3,6,5,7,8,2,9},{6,7,5,4,2,0,0,0,0},{0,0,0,0,0,0,0,0,0},{0,0,0,0,0,0,0,0,0},{0,0,0,0,0,0,0,0,0},{0,0,0,0,0,0,0,0,0}}
]
13:52:47.553 INFO  [main] SudokuBoard - Warto?? 0 wstawiona nieprawid?owo
13:52:47.554 INFO  [main] SudokuBoard - B?ad w kwadracie 0
sudoku.model.SudokuBoard@3d3c14c3[
  size=9
  solver=sudoku.model.BacktrackingSudokuSolver@599fab92
  board={{1,9,8,7,3,4,2,5,6},{2,3,4,5,8,6,7,9,1},{5,6,7,2,9,1,3,8,4},{4,1,3,6,5,7,8,2,9},{6,7,5,4,2,9,1,0,0},{0,0,0,0,0,0,0,0,0},{0,0,0,0,0,0,0,0,0},{0,0,0,0,0,0,0,0,0},{0,0,0,0,0,0,0,0,0}}
]
13:52:47.554 INFO  [main] SudokuBoard - Warto?? 0 wstawiona nieprawid?owo
13:52:47.554 INFO  [main] SudokuBoard - B?ad w kwadracie 0
sudoku.model.SudokuBoard@3d3c14c3[
  size=9
  solver=sudoku.model.BacktrackingSudokuSolver@599fab92
  board={{1,9,8,7,3,4,2,5,6},{2,3,4,5,8,6,7,9,1},{5,6,7,2,9,1,3,8,4},{4,1,3,6,5,7,8,2,9},{6,7,5,4,2,9,0,0,0},{0,0,0,0,0,0,0,0,0},{0,0,0,0,0,0,0,0,0},{0,0,0,0,0,0,0,0,0},{0,0,0,0,0,0,0,0,0}}
]
13:52:47.554 INFO  [main] SudokuBoard - Warto?? 0 wstawiona nieprawid?owo
13:52:47.555 INFO  [main] SudokuBoard - B?ad w kwadracie 0
sudoku.model.SudokuBoard@3d3c14c3[
  size=9
  solver=sudoku.model.BacktrackingSudokuSolver@599fab92
  board={{1,9,8,7,3,4,2,5,6},{2,3,4,5,8,6,7,9,1},{5,6,7,2,9,1,3,8,4},{4,1,3,6,5,7,8,2,9},{6,7,5,4,2,0,0,0,0},{0,0,0,0,0,0,0,0,0},{0,0,0,0,0,0,0,0,0},{0,0,0,0,0,0,0,0,0},{0,0,0,0,0,0,0,0,0}}
]
13:52:47.556 INFO  [main] SudokuBoard - Warto?? 0 wstawiona nieprawid?owo
13:52:47.556 INFO  [main] SudokuBoard - B?ad w kwadracie 0
sudoku.model.SudokuBoard@3d3c14c3[
  size=9
  solver=sudoku.model.BacktrackingSudokuSolver@599fab92
  board={{1,9,8,7,3,4,2,5,6},{2,3,4,5,8,6,7,9,1},{5,6,7,2,9,1,3,8,4},{4,1,3,6,5,7,8,2,9},{6,7,5,4,0,0,0,0,0},{0,0,0,0,0,0,0,0,0},{0,0,0,0,0,0,0,0,0},{0,0,0,0,0,0,0,0,0},{0,0,0,0,0,0,0,0,0}}
]
13:52:47.556 INFO  [main] SudokuBoard - Warto?? 0 wstawiona nieprawid?owo
13:52:47.557 INFO  [main] SudokuBoard - B?ad w kwadracie 0
sudoku.model.SudokuBoard@3d3c14c3[
  size=9
  solver=sudoku.model.BacktrackingSudokuSolver@599fab92
  board={{1,9,8,7,3,4,2,5,6},{2,3,4,5,8,6,7,9,1},{5,6,7,2,9,1,3,8,4},{4,1,3,6,5,7,8,2,9},{6,7,5,0,0,0,0,0,0},{0,0,0,0,0,0,0,0,0},{0,0,0,0,0,0,0,0,0},{0,0,0,0,0,0,0,0,0},{0,0,0,0,0,0,0,0,0}}
]
13:52:47.557 INFO  [main] SudokuBoard - Warto?? 0 wstawiona nieprawid?owo
13:52:47.557 INFO  [main] SudokuBoard - B?ad w kwadracie 0
sudoku.model.SudokuBoard@3d3c14c3[
  size=9
  solver=sudoku.model.BacktrackingSudokuSolver@599fab92
  board={{1,9,8,7,3,4,2,5,6},{2,3,4,5,8,6,7,9,1},{5,6,7,2,9,1,3,8,4},{4,1,3,6,5,7,8,2,9},{6,7,5,8,1,9,4,0,0},{0,0,0,0,0,0,0,0,0},{0,0,0,0,0,0,0,0,0},{0,0,0,0,0,0,0,0,0},{0,0,0,0,0,0,0,0,0}}
]
13:52:47.557 INFO  [main] SudokuBoard - Warto?? 0 wstawiona nieprawid?owo
13:52:47.558 INFO  [main] SudokuBoard - B?ad w kwadracie 0
sudoku.model.SudokuBoard@3d3c14c3[
  size=9
  solver=sudoku.model.BacktrackingSudokuSolver@599fab92
  board={{1,9,8,7,3,4,2,5,6},{2,3,4,5,8,6,7,9,1},{5,6,7,2,9,1,3,8,4},{4,1,3,6,5,7,8,2,9},{6,7,5,8,1,9,0,0,0},{0,0,0,0,0,0,0,0,0},{0,0,0,0,0,0,0,0,0},{0,0,0,0,0,0,0,0,0},{0,0,0,0,0,0,0,0,0}}
]
13:52:47.558 INFO  [main] SudokuBoard - Warto?? 0 wstawiona nieprawid?owo
13:52:47.558 INFO  [main] SudokuBoard - B?ad w kwadracie 0
sudoku.model.SudokuBoard@3d3c14c3[
  size=9
  solver=sudoku.model.BacktrackingSudokuSolver@599fab92
  board={{1,9,8,7,3,4,2,5,6},{2,3,4,5,8,6,7,9,1},{5,6,7,2,9,1,3,8,4},{4,1,3,6,5,7,8,2,9},{6,7,5,8,1,0,0,0,0},{0,0,0,0,0,0,0,0,0},{0,0,0,0,0,0,0,0,0},{0,0,0,0,0,0,0,0,0},{0,0,0,0,0,0,0,0,0}}
]
13:52:47.558 INFO  [main] SudokuBoard - Warto?? 0 wstawiona nieprawid?owo
13:52:47.558 INFO  [main] SudokuBoard - B?ad w kwadracie 0
sudoku.model.SudokuBoard@3d3c14c3[
  size=9
  solver=sudoku.model.BacktrackingSudokuSolver@599fab92
  board={{1,9,8,7,3,4,2,5,6},{2,3,4,5,8,6,7,9,1},{5,6,7,2,9,1,3,8,4},{4,1,3,6,5,7,8,2,9},{6,7,5,8,1,2,4,0,0},{0,0,0,0,0,0,0,0,0},{0,0,0,0,0,0,0,0,0},{0,0,0,0,0,0,0,0,0},{0,0,0,0,0,0,0,0,0}}
]
13:52:47.559 INFO  [main] SudokuBoard - Warto?? 0 wstawiona nieprawid?owo
13:52:47.559 INFO  [main] SudokuBoard - B?ad w kwadracie 0
sudoku.model.SudokuBoard@3d3c14c3[
  size=9
  solver=sudoku.model.BacktrackingSudokuSolver@599fab92
  board={{1,9,8,7,3,4,2,5,6},{2,3,4,5,8,6,7,9,1},{5,6,7,2,9,1,3,8,4},{4,1,3,6,5,7,8,2,9},{6,7,5,8,1,2,0,0,0},{0,0,0,0,0,0,0,0,0},{0,0,0,0,0,0,0,0,0},{0,0,0,0,0,0,0,0,0},{0,0,0,0,0,0,0,0,0}}
]
13:52:47.559 INFO  [main] SudokuBoard - Warto?? 0 wstawiona nieprawid?owo
13:52:47.559 INFO  [main] SudokuBoard - B?ad w kwadracie 0
sudoku.model.SudokuBoard@3d3c14c3[
  size=9
  solver=sudoku.model.BacktrackingSudokuSolver@599fab92
  board={{1,9,8,7,3,4,2,5,6},{2,3,4,5,8,6,7,9,1},{5,6,7,2,9,1,3,8,4},{4,1,3,6,5,7,8,2,9},{6,7,5,8,1,0,0,0,0},{0,0,0,0,0,0,0,0,0},{0,0,0,0,0,0,0,0,0},{0,0,0,0,0,0,0,0,0},{0,0,0,0,0,0,0,0,0}}
]
13:52:47.559 INFO  [main] SudokuBoard - Warto?? 0 wstawiona nieprawid?owo
13:52:47.560 INFO  [main] SudokuBoard - B?ad w kwadracie 0
sudoku.model.SudokuBoard@3d3c14c3[
  size=9
  solver=sudoku.model.BacktrackingSudokuSolver@599fab92
  board={{1,9,8,7,3,4,2,5,6},{2,3,4,5,8,6,7,9,1},{5,6,7,2,9,1,3,8,4},{4,1,3,6,5,7,8,2,9},{6,7,5,8,1,3,0,0,0},{0,0,0,0,0,0,0,0,0},{0,0,0,0,0,0,0,0,0},{0,0,0,0,0,0,0,0,0},{0,0,0,0,0,0,0,0,0}}
]
13:52:47.560 INFO  [main] SudokuBoard - Warto?? 0 wstawiona nieprawid?owo
13:52:47.560 INFO  [main] SudokuBoard - B?ad w kwadracie 0
sudoku.model.SudokuBoard@3d3c14c3[
  size=9
  solver=sudoku.model.BacktrackingSudokuSolver@599fab92
  board={{1,9,8,7,3,4,2,5,6},{2,3,4,5,8,6,7,9,1},{5,6,7,2,9,1,3,8,4},{4,1,3,6,5,7,8,2,9},{6,7,5,8,1,0,0,0,0},{0,0,0,0,0,0,0,0,0},{0,0,0,0,0,0,0,0,0},{0,0,0,0,0,0,0,0,0},{0,0,0,0,0,0,0,0,0}}
]
13:52:47.560 INFO  [main] SudokuBoard - Warto?? 0 wstawiona nieprawid?owo
13:52:47.561 INFO  [main] SudokuBoard - B?ad w kwadracie 0
sudoku.model.SudokuBoard@3d3c14c3[
  size=9
  solver=sudoku.model.BacktrackingSudokuSolver@599fab92
  board={{1,9,8,7,3,4,2,5,6},{2,3,4,5,8,6,7,9,1},{5,6,7,2,9,1,3,8,4},{4,1,3,6,5,7,8,2,9},{6,7,5,8,0,0,0,0,0},{0,0,0,0,0,0,0,0,0},{0,0,0,0,0,0,0,0,0},{0,0,0,0,0,0,0,0,0},{0,0,0,0,0,0,0,0,0}}
]
13:52:47.561 INFO  [main] SudokuBoard - Warto?? 0 wstawiona nieprawid?owo
13:52:47.561 INFO  [main] SudokuBoard - B?ad w kwadracie 0
sudoku.model.SudokuBoard@3d3c14c3[
  size=9
  solver=sudoku.model.BacktrackingSudokuSolver@599fab92
  board={{1,9,8,7,3,4,2,5,6},{2,3,4,5,8,6,7,9,1},{5,6,7,2,9,1,3,8,4},{4,1,3,6,5,7,8,2,9},{6,7,5,8,2,9,1,0,0},{0,0,0,0,0,0,0,0,0},{0,0,0,0,0,0,0,0,0},{0,0,0,0,0,0,0,0,0},{0,0,0,0,0,0,0,0,0}}
]
13:52:47.561 INFO  [main] SudokuBoard - Warto?? 0 wstawiona nieprawid?owo
13:52:47.561 INFO  [main] SudokuBoard - B?ad w kwadracie 0
sudoku.model.SudokuBoard@3d3c14c3[
  size=9
  solver=sudoku.model.BacktrackingSudokuSolver@599fab92
  board={{1,9,8,7,3,4,2,5,6},{2,3,4,5,8,6,7,9,1},{5,6,7,2,9,1,3,8,4},{4,1,3,6,5,7,8,2,9},{6,7,5,8,2,9,1,4,3},{8,2,9,3,0,0,0,0,0},{0,0,0,0,0,0,0,0,0},{0,0,0,0,0,0,0,0,0},{0,0,0,0,0,0,0,0,0}}
]
13:52:47.561 INFO  [main] SudokuBoard - Warto?? 0 wstawiona nieprawid?owo
13:52:47.562 INFO  [main] SudokuBoard - B?ad w kwadracie 0
sudoku.model.SudokuBoard@3d3c14c3[
  size=9
  solver=sudoku.model.BacktrackingSudokuSolver@599fab92
  board={{1,9,8,7,3,4,2,5,6},{2,3,4,5,8,6,7,9,1},{5,6,7,2,9,1,3,8,4},{4,1,3,6,5,7,8,2,9},{6,7,5,8,2,9,1,4,3},{8,2,9,3,0,0,0,0,0},{0,0,0,0,0,0,0,0,0},{0,0,0,0,0,0,0,0,0},{0,0,0,0,0,0,0,0,0}}
]
13:52:47.562 INFO  [main] SudokuBoard - Warto?? 0 wstawiona nieprawid?owo
13:52:47.562 INFO  [main] SudokuBoard - B?ad w kwadracie 0
sudoku.model.SudokuBoard@3d3c14c3[
  size=9
  solver=sudoku.model.BacktrackingSudokuSolver@599fab92
  board={{1,9,8,7,3,4,2,5,6},{2,3,4,5,8,6,7,9,1},{5,6,7,2,9,1,3,8,4},{4,1,3,6,5,7,8,2,9},{6,7,5,8,2,9,1,4,3},{8,2,9,0,0,0,0,0,0},{0,0,0,0,0,0,0,0,0},{0,0,0,0,0,0,0,0,0},{0,0,0,0,0,0,0,0,0}}
]
13:52:47.562 INFO  [main] SudokuBoard - Warto?? 0 wstawiona nieprawid?owo
13:52:47.562 INFO  [main] SudokuBoard - B?ad w kwadracie 0
sudoku.model.SudokuBoard@3d3c14c3[
  size=9
  solver=sudoku.model.BacktrackingSudokuSolver@599fab92
  board={{1,9,8,7,3,4,2,5,6},{2,3,4,5,8,6,7,9,1},{5,6,7,2,9,1,3,8,4},{4,1,3,6,5,7,8,2,9},{6,7,5,8,2,9,1,4,3},{8,2,9,4,1,3,5,6,7},{7,8,1,9,4,2,6,3,5},{9,4,2,1,6,0,0,0,0},{0,0,0,0,0,0,0,0,0}}
]
13:52:47.563 INFO  [main] SudokuBoard - Warto?? 0 wstawiona nieprawid?owo
13:52:47.563 INFO  [main] SudokuBoard - B?ad w kwadracie 0
sudoku.model.SudokuBoard@3d3c14c3[
  size=9
  solver=sudoku.model.BacktrackingSudokuSolver@599fab92
  board={{1,9,8,7,3,4,2,5,6},{2,3,4,5,8,6,7,9,1},{5,6,7,2,9,1,3,8,4},{4,1,3,6,5,7,8,2,9},{6,7,5,8,2,9,1,4,3},{8,2,9,4,1,3,5,6,7},{7,8,1,9,4,2,6,3,5},{9,4,2,1,6,0,0,0,0},{0,0,0,0,0,0,0,0,0}}
]
13:52:47.563 INFO  [main] SudokuBoard - Warto?? 0 wstawiona nieprawid?owo
13:52:47.563 INFO  [main] SudokuBoard - B?ad w kwadracie 0
sudoku.model.SudokuBoard@3d3c14c3[
  size=9
  solver=sudoku.model.BacktrackingSudokuSolver@599fab92
  board={{1,9,8,7,3,4,2,5,6},{2,3,4,5,8,6,7,9,1},{5,6,7,2,9,1,3,8,4},{4,1,3,6,5,7,8,2,9},{6,7,5,8,2,9,1,4,3},{8,2,9,4,1,3,5,6,7},{7,8,1,9,4,2,6,3,5},{9,4,2,1,0,0,0,0,0},{0,0,0,0,0,0,0,0,0}}
]
13:52:47.563 INFO  [main] SudokuBoard - Warto?? 0 wstawiona nieprawid?owo
13:52:47.563 INFO  [main] SudokuBoard - B?ad w kwadracie 0
sudoku.model.SudokuBoard@3d3c14c3[
  size=9
  solver=sudoku.model.BacktrackingSudokuSolver@599fab92
  board={{1,9,8,7,3,4,2,5,6},{2,3,4,5,8,6,7,9,1},{5,6,7,2,9,1,3,8,4},{4,1,3,6,5,7,8,2,9},{6,7,5,8,2,9,1,4,3},{8,2,9,4,1,3,5,6,7},{7,8,1,9,4,2,6,3,5},{9,4,2,1,7,0,0,0,0},{0,0,0,0,0,0,0,0,0}}
]
13:52:47.563 INFO  [main] SudokuBoard - Warto?? 0 wstawiona nieprawid?owo
13:52:47.564 INFO  [main] SudokuBoard - B?ad w kwadracie 0
sudoku.model.SudokuBoard@3d3c14c3[
  size=9
  solver=sudoku.model.BacktrackingSudokuSolver@599fab92
  board={{1,9,8,7,3,4,2,5,6},{2,3,4,5,8,6,7,9,1},{5,6,7,2,9,1,3,8,4},{4,1,3,6,5,7,8,2,9},{6,7,5,8,2,9,1,4,3},{8,2,9,4,1,3,5,6,7},{7,8,1,9,4,2,6,3,5},{9,4,2,1,7,0,0,0,0},{0,0,0,0,0,0,0,0,0}}
]
13:52:47.564 INFO  [main] SudokuBoard - Warto?? 0 wstawiona nieprawid?owo
13:52:47.564 INFO  [main] SudokuBoard - B?ad w kwadracie 0
sudoku.model.SudokuBoard@3d3c14c3[
  size=9
  solver=sudoku.model.BacktrackingSudokuSolver@599fab92
  board={{1,9,8,7,3,4,2,5,6},{2,3,4,5,8,6,7,9,1},{5,6,7,2,9,1,3,8,4},{4,1,3,6,5,7,8,2,9},{6,7,5,8,2,9,1,4,3},{8,2,9,4,1,3,5,6,7},{7,8,1,9,4,2,6,3,5},{9,4,2,1,0,0,0,0,0},{0,0,0,0,0,0,0,0,0}}
]
13:52:47.564 INFO  [main] SudokuBoard - Warto?? 0 wstawiona nieprawid?owo
13:52:47.565 INFO  [main] SudokuBoard - B?ad w kwadracie 0
sudoku.model.SudokuBoard@3d3c14c3[
  size=9
  solver=sudoku.model.BacktrackingSudokuSolver@599fab92
  board={{1,9,8,7,3,4,2,5,6},{2,3,4,5,8,6,7,9,1},{5,6,7,2,9,1,3,8,4},{4,1,3,6,5,7,8,2,9},{6,7,5,8,2,9,1,4,3},{8,2,9,4,1,3,5,6,7},{7,8,1,9,4,2,6,3,5},{9,4,2,0,0,0,0,0,0},{0,0,0,0,0,0,0,0,0}}
]
13:52:47.565 INFO  [main] SudokuBoard - Warto?? 0 wstawiona nieprawid?owo
13:52:47.568 INFO  [main] SudokuBoard - B?ad w kwadracie 0
sudoku.model.SudokuBoard@3d3c14c3[
  size=9
  solver=sudoku.model.BacktrackingSudokuSolver@599fab92
  board={{1,9,8,7,3,4,2,5,6},{2,3,4,5,8,6,7,9,1},{5,6,7,2,9,1,3,8,4},{4,1,3,6,5,7,8,2,9},{6,7,5,8,2,9,1,4,3},{8,2,9,4,1,3,5,6,7},{7,8,1,9,4,2,6,3,5},{9,4,2,3,6,0,0,0,0},{0,0,0,0,0,0,0,0,0}}
]
13:52:47.570 INFO  [main] SudokuBoard - Warto?? 0 wstawiona nieprawid?owo
13:52:47.570 INFO  [main] SudokuBoard - B?ad w kwadracie 0
sudoku.model.SudokuBoard@3d3c14c3[
  size=9
  solver=sudoku.model.BacktrackingSudokuSolver@599fab92
  board={{1,9,8,7,3,4,2,5,6},{2,3,4,5,8,6,7,9,1},{5,6,7,2,9,1,3,8,4},{4,1,3,6,5,7,8,2,9},{6,7,5,8,2,9,1,4,3},{8,2,9,4,1,3,5,6,7},{7,8,1,9,4,2,6,3,5},{9,4,2,3,6,0,0,0,0},{0,0,0,0,0,0,0,0,0}}
]
13:52:47.570 INFO  [main] SudokuBoard - Warto?? 0 wstawiona nieprawid?owo
13:52:47.572 INFO  [main] SudokuBoard - B?ad w kwadracie 0
sudoku.model.SudokuBoard@3d3c14c3[
  size=9
  solver=sudoku.model.BacktrackingSudokuSolver@599fab92
  board={{1,9,8,7,3,4,2,5,6},{2,3,4,5,8,6,7,9,1},{5,6,7,2,9,1,3,8,4},{4,1,3,6,5,7,8,2,9},{6,7,5,8,2,9,1,4,3},{8,2,9,4,1,3,5,6,7},{7,8,1,9,4,2,6,3,5},{9,4,2,3,0,0,0,0,0},{0,0,0,0,0,0,0,0,0}}
]
13:52:47.572 INFO  [main] SudokuBoard - Warto?? 0 wstawiona nieprawid?owo
13:52:47.572 INFO  [main] SudokuBoard - B?ad w kwadracie 0
sudoku.model.SudokuBoard@3d3c14c3[
  size=9
  solver=sudoku.model.BacktrackingSudokuSolver@599fab92
  board={{1,9,8,7,3,4,2,5,6},{2,3,4,5,8,6,7,9,1},{5,6,7,2,9,1,3,8,4},{4,1,3,6,5,7,8,2,9},{6,7,5,8,2,9,1,4,3},{8,2,9,4,1,3,5,6,7},{7,8,1,9,4,2,6,3,5},{9,4,2,3,7,0,0,0,0},{0,0,0,0,0,0,0,0,0}}
]
13:52:47.572 INFO  [main] SudokuBoard - Warto?? 0 wstawiona nieprawid?owo
13:52:47.573 INFO  [main] SudokuBoard - B?ad w kwadracie 0
sudoku.model.SudokuBoard@3d3c14c3[
  size=9
  solver=sudoku.model.BacktrackingSudokuSolver@599fab92
  board={{1,9,8,7,3,4,2,5,6},{2,3,4,5,8,6,7,9,1},{5,6,7,2,9,1,3,8,4},{4,1,3,6,5,7,8,2,9},{6,7,5,8,2,9,1,4,3},{8,2,9,4,1,3,5,6,7},{7,8,1,9,4,2,6,3,5},{9,4,2,3,7,0,0,0,0},{0,0,0,0,0,0,0,0,0}}
]
13:52:47.573 INFO  [main] SudokuBoard - Warto?? 0 wstawiona nieprawid?owo
13:52:47.573 INFO  [main] SudokuBoard - B?ad w kwadracie 0
sudoku.model.SudokuBoard@3d3c14c3[
  size=9
  solver=sudoku.model.BacktrackingSudokuSolver@599fab92
  board={{1,9,8,7,3,4,2,5,6},{2,3,4,5,8,6,7,9,1},{5,6,7,2,9,1,3,8,4},{4,1,3,6,5,7,8,2,9},{6,7,5,8,2,9,1,4,3},{8,2,9,4,1,3,5,6,7},{7,8,1,9,4,2,6,3,5},{9,4,2,3,0,0,0,0,0},{0,0,0,0,0,0,0,0,0}}
]
13:52:47.573 INFO  [main] SudokuBoard - Warto?? 0 wstawiona nieprawid?owo
13:52:47.573 INFO  [main] SudokuBoard - B?ad w kwadracie 0
sudoku.model.SudokuBoard@3d3c14c3[
  size=9
  solver=sudoku.model.BacktrackingSudokuSolver@599fab92
  board={{1,9,8,7,3,4,2,5,6},{2,3,4,5,8,6,7,9,1},{5,6,7,2,9,1,3,8,4},{4,1,3,6,5,7,8,2,9},{6,7,5,8,2,9,1,4,3},{8,2,9,4,1,3,5,6,7},{7,8,1,9,4,2,6,3,5},{9,4,2,0,0,0,0,0,0},{0,0,0,0,0,0,0,0,0}}
]
13:52:47.574 INFO  [main] SudokuBoard - Warto?? 0 wstawiona nieprawid?owo
13:52:47.574 INFO  [main] SudokuBoard - B?ad w kwadracie 0
sudoku.model.SudokuBoard@3d3c14c3[
  size=9
  solver=sudoku.model.BacktrackingSudokuSolver@599fab92
  board={{1,9,8,7,3,4,2,5,6},{2,3,4,5,8,6,7,9,1},{5,6,7,2,9,1,3,8,4},{4,1,3,6,5,7,8,2,9},{6,7,5,8,2,9,1,4,3},{8,2,9,4,1,3,5,6,7},{7,8,1,9,4,2,6,3,5},{9,4,0,0,0,0,0,0,0},{0,0,0,0,0,0,0,0,0}}
]
13:52:47.574 INFO  [main] SudokuBoard - Warto?? 0 wstawiona nieprawid?owo
13:52:47.574 INFO  [main] SudokuBoard - B?ad w kwadracie 0
sudoku.model.SudokuBoard@3d3c14c3[
  size=9
  solver=sudoku.model.BacktrackingSudokuSolver@599fab92
  board={{1,9,8,7,3,4,2,5,6},{2,3,4,5,8,6,7,9,1},{5,6,7,2,9,1,3,8,4},{4,1,3,6,5,7,8,2,9},{6,7,5,8,2,9,1,4,3},{8,2,9,4,1,3,5,6,7},{7,8,1,9,4,2,6,3,5},{9,4,6,1,7,0,0,0,0},{0,0,0,0,0,0,0,0,0}}
]
13:52:47.574 INFO  [main] SudokuBoard - Warto?? 0 wstawiona nieprawid?owo
13:52:47.575 INFO  [main] SudokuBoard - B?ad w kwadracie 0
sudoku.model.SudokuBoard@3d3c14c3[
  size=9
  solver=sudoku.model.BacktrackingSudokuSolver@599fab92
  board={{1,9,8,7,3,4,2,5,6},{2,3,4,5,8,6,7,9,1},{5,6,7,2,9,1,3,8,4},{4,1,3,6,5,7,8,2,9},{6,7,5,8,2,9,1,4,3},{8,2,9,4,1,3,5,6,7},{7,8,1,9,4,2,6,3,5},{9,4,6,1,7,0,0,0,0},{0,0,0,0,0,0,0,0,0}}
]
13:52:47.575 INFO  [main] SudokuBoard - Warto?? 0 wstawiona nieprawid?owo
13:52:47.575 INFO  [main] SudokuBoard - B?ad w kwadracie 0
sudoku.model.SudokuBoard@3d3c14c3[
  size=9
  solver=sudoku.model.BacktrackingSudokuSolver@599fab92
  board={{1,9,8,7,3,4,2,5,6},{2,3,4,5,8,6,7,9,1},{5,6,7,2,9,1,3,8,4},{4,1,3,6,5,7,8,2,9},{6,7,5,8,2,9,1,4,3},{8,2,9,4,1,3,5,6,7},{7,8,1,9,4,2,6,3,5},{9,4,6,1,0,0,0,0,0},{0,0,0,0,0,0,0,0,0}}
]
13:52:47.575 INFO  [main] SudokuBoard - Warto?? 0 wstawiona nieprawid?owo
13:52:47.575 INFO  [main] SudokuBoard - B?ad w kwadracie 0
sudoku.model.SudokuBoard@3d3c14c3[
  size=9
  solver=sudoku.model.BacktrackingSudokuSolver@599fab92
  board={{1,9,8,7,3,4,2,5,6},{2,3,4,5,8,6,7,9,1},{5,6,7,2,9,1,3,8,4},{4,1,3,6,5,7,8,2,9},{6,7,5,8,2,9,1,4,3},{8,2,9,4,1,3,5,6,7},{7,8,1,9,4,2,6,3,5},{9,4,6,0,0,0,0,0,0},{0,0,0,0,0,0,0,0,0}}
]
13:52:47.575 INFO  [main] SudokuBoard - Warto?? 0 wstawiona nieprawid?owo
13:52:47.576 INFO  [main] SudokuBoard - B?ad w kwadracie 0
sudoku.model.SudokuBoard@3d3c14c3[
  size=9
  solver=sudoku.model.BacktrackingSudokuSolver@599fab92
  board={{1,9,8,7,3,4,2,5,6},{2,3,4,5,8,6,7,9,1},{5,6,7,2,9,1,3,8,4},{4,1,3,6,5,7,8,2,9},{6,7,5,8,2,9,1,4,3},{8,2,9,4,1,3,5,6,7},{7,8,1,9,4,2,6,3,5},{9,4,6,3,7,0,0,0,0},{0,0,0,0,0,0,0,0,0}}
]
13:52:47.576 INFO  [main] SudokuBoard - Warto?? 0 wstawiona nieprawid?owo
13:52:47.576 INFO  [main] SudokuBoard - B?ad w kwadracie 0
sudoku.model.SudokuBoard@3d3c14c3[
  size=9
  solver=sudoku.model.BacktrackingSudokuSolver@599fab92
  board={{1,9,8,7,3,4,2,5,6},{2,3,4,5,8,6,7,9,1},{5,6,7,2,9,1,3,8,4},{4,1,3,6,5,7,8,2,9},{6,7,5,8,2,9,1,4,3},{8,2,9,4,1,3,5,6,7},{7,8,1,9,4,2,6,3,5},{9,4,6,3,7,0,0,0,0},{0,0,0,0,0,0,0,0,0}}
]
13:52:47.576 INFO  [main] SudokuBoard - Warto?? 0 wstawiona nieprawid?owo
13:52:47.576 INFO  [main] SudokuBoard - B?ad w kwadracie 0
sudoku.model.SudokuBoard@3d3c14c3[
  size=9
  solver=sudoku.model.BacktrackingSudokuSolver@599fab92
  board={{1,9,8,7,3,4,2,5,6},{2,3,4,5,8,6,7,9,1},{5,6,7,2,9,1,3,8,4},{4,1,3,6,5,7,8,2,9},{6,7,5,8,2,9,1,4,3},{8,2,9,4,1,3,5,6,7},{7,8,1,9,4,2,6,3,5},{9,4,6,3,0,0,0,0,0},{0,0,0,0,0,0,0,0,0}}
]
13:52:47.577 INFO  [main] SudokuBoard - Warto?? 0 wstawiona nieprawid?owo
13:52:47.577 INFO  [main] SudokuBoard - B?ad w kwadracie 0
sudoku.model.SudokuBoard@3d3c14c3[
  size=9
  solver=sudoku.model.BacktrackingSudokuSolver@599fab92
  board={{1,9,8,7,3,4,2,5,6},{2,3,4,5,8,6,7,9,1},{5,6,7,2,9,1,3,8,4},{4,1,3,6,5,7,8,2,9},{6,7,5,8,2,9,1,4,3},{8,2,9,4,1,3,5,6,7},{7,8,1,9,4,2,6,3,5},{9,4,6,0,0,0,0,0,0},{0,0,0,0,0,0,0,0,0}}
]
13:52:47.577 INFO  [main] SudokuBoard - Warto?? 0 wstawiona nieprawid?owo
13:52:47.578 INFO  [main] SudokuBoard - B?ad w kwadracie 0
sudoku.model.SudokuBoard@3d3c14c3[
  size=9
  solver=sudoku.model.BacktrackingSudokuSolver@599fab92
  board={{1,9,8,7,3,4,2,5,6},{2,3,4,5,8,6,7,9,1},{5,6,7,2,9,1,3,8,4},{4,1,3,6,5,7,8,2,9},{6,7,5,8,2,9,1,4,3},{8,2,9,4,1,3,5,6,7},{7,8,1,9,4,2,6,3,5},{9,4,0,0,0,0,0,0,0},{0,0,0,0,0,0,0,0,0}}
]
13:52:47.578 INFO  [main] SudokuBoard - Warto?? 0 wstawiona nieprawid?owo
13:52:47.578 INFO  [main] SudokuBoard - B?ad w kwadracie 0
sudoku.model.SudokuBoard@3d3c14c3[
  size=9
  solver=sudoku.model.BacktrackingSudokuSolver@599fab92
  board={{1,9,8,7,3,4,2,5,6},{2,3,4,5,8,6,7,9,1},{5,6,7,2,9,1,3,8,4},{4,1,3,6,5,7,8,2,9},{6,7,5,8,2,9,1,4,3},{8,2,9,4,1,3,5,6,7},{7,8,1,9,4,2,6,3,5},{9,0,0,0,0,0,0,0,0},{0,0,0,0,0,0,0,0,0}}
]
13:52:47.578 INFO  [main] SudokuBoard - Warto?? 0 wstawiona nieprawid?owo
]]></system-out>
  </testcase>
</testsuite>