<?xml version="1.0" encoding="UTF-8"?>
<testsuite xmlns:xsi="http://www.w3.org/2001/XMLSchema-instance" xsi:noNamespaceSchemaLocation="https://maven.apache.org/surefire/maven-surefire-plugin/xsd/surefire-test-report-3.0.xsd" version="3.0" name="sudoku.model.SudokuBoardTest" time="0.212" tests="14" errors="0" skipped="0" failures="0">
  <properties>
    <property name="java.specification.version" value="14"/>
    <property name="sun.cpu.isalist" value="amd64"/>
    <property name="sun.jnu.encoding" value="Cp1250"/>
    <property name="java.class.path" value="E:\studia\Sem-3\Programowanie komponentowe (07 72 3060 19)_pliki\ProjektKompo\an_pn_1145_03\Model\target\test-classes;C:\Users\maldo\.m2\repository\org\junit\jupiter\junit-jupiter-engine\5.6.2\junit-jupiter-engine-5.6.2.jar;C:\Users\maldo\.m2\repository\org\apiguardian\apiguardian-api\1.1.0\apiguardian-api-1.1.0.jar;C:\Users\maldo\.m2\repository\org\junit\platform\junit-platform-engine\1.6.2\junit-platform-engine-1.6.2.jar;C:\Users\maldo\.m2\repository\org\opentest4j\opentest4j\1.2.0\opentest4j-1.2.0.jar;C:\Users\maldo\.m2\repository\org\junit\platform\junit-platform-commons\1.6.2\junit-platform-commons-1.6.2.jar;C:\Users\maldo\.m2\repository\org\junit\jupiter\junit-jupiter-api\5.6.2\junit-jupiter-api-5.6.2.jar;C:\Users\maldo\.m2\repository\ch\qos\logback\logback-classic\1.1.7\logback-classic-1.1.7.jar;C:\Users\maldo\.m2\repository\ch\qos\logback\logback-core\1.1.7\logback-core-1.1.7.jar;C:\Users\maldo\.m2\repository\org\openjfx\javafx-controls\13\javafx-controls-13.jar;C:\Users\maldo\.m2\repository\org\openjfx\javafx-controls\13\javafx-controls-13-win.jar;C:\Users\maldo\.m2\repository\org\openjfx\javafx-graphics\13\javafx-graphics-13.jar;C:\Users\maldo\.m2\repository\org\openjfx\javafx-graphics\13\javafx-graphics-13-win.jar;C:\Users\maldo\.m2\repository\org\openjfx\javafx-base\13\javafx-base-13.jar;C:\Users\maldo\.m2\repository\org\openjfx\javafx-fxml\13\javafx-fxml-13.jar;C:\Users\maldo\.m2\repository\org\openjfx\javafx-fxml\13\javafx-fxml-13-win.jar;"/>
    <property name="java.vm.vendor" value="Oracle Corporation"/>
    <property name="sun.arch.data.model" value="64"/>
    <property name="user.variant" value=""/>
    <property name="java.vendor.url" value="https://java.oracle.com/"/>
    <property name="user.timezone" value="Europe/Warsaw"/>
    <property name="os.name" value="Windows 10"/>
    <property name="java.vm.specification.version" value="14"/>
    <property name="sun.java.launcher" value="SUN_STANDARD"/>
    <property name="user.country" value="PL"/>
    <property name="sun.boot.library.path" value="C:\Program Files\Java\jdk-14.0.2\bin"/>
    <property name="sun.java.command" value="org.apache.maven.surefire.booter.ForkedBooter C:\Users\maldo\AppData\Local\Temp\surefire17739166011850550494 2021-01-23T00-17-19_233-jvmRun1 surefire1391606855008274217tmp surefire_011249184552721382080tmp"/>
    <property name="jdk.debug" value="release"/>
    <property name="surefire.test.class.path" value="E:\studia\Sem-3\Programowanie komponentowe (07 72 3060 19)_pliki\ProjektKompo\an_pn_1145_03\Model\target\test-classes;C:\Users\maldo\.m2\repository\org\junit\jupiter\junit-jupiter-engine\5.6.2\junit-jupiter-engine-5.6.2.jar;C:\Users\maldo\.m2\repository\org\apiguardian\apiguardian-api\1.1.0\apiguardian-api-1.1.0.jar;C:\Users\maldo\.m2\repository\org\junit\platform\junit-platform-engine\1.6.2\junit-platform-engine-1.6.2.jar;C:\Users\maldo\.m2\repository\org\opentest4j\opentest4j\1.2.0\opentest4j-1.2.0.jar;C:\Users\maldo\.m2\repository\org\junit\platform\junit-platform-commons\1.6.2\junit-platform-commons-1.6.2.jar;C:\Users\maldo\.m2\repository\org\junit\jupiter\junit-jupiter-api\5.6.2\junit-jupiter-api-5.6.2.jar;C:\Users\maldo\.m2\repository\ch\qos\logback\logback-classic\1.1.7\logback-classic-1.1.7.jar;C:\Users\maldo\.m2\repository\ch\qos\logback\logback-core\1.1.7\logback-core-1.1.7.jar;C:\Users\maldo\.m2\repository\org\openjfx\javafx-controls\13\javafx-controls-13.jar;C:\Users\maldo\.m2\repository\org\openjfx\javafx-controls\13\javafx-controls-13-win.jar;C:\Users\maldo\.m2\repository\org\openjfx\javafx-graphics\13\javafx-graphics-13.jar;C:\Users\maldo\.m2\repository\org\openjfx\javafx-graphics\13\javafx-graphics-13-win.jar;C:\Users\maldo\.m2\repository\org\openjfx\javafx-base\13\javafx-base-13.jar;C:\Users\maldo\.m2\repository\org\openjfx\javafx-fxml\13\javafx-fxml-13.jar;C:\Users\maldo\.m2\repository\org\openjfx\javafx-fxml\13\javafx-fxml-13-win.jar;"/>
    <property name="sun.cpu.endian" value="little"/>
    <property name="user.home" value="C:\Users\maldo"/>
    <property name="user.language" value="pl"/>
    <property name="java.specification.vendor" value="Oracle Corporation"/>
    <property name="jdk.module.path" value="E:\studia\Sem-3\Programowanie komponentowe (07 72 3060 19)_pliki\ProjektKompo\an_pn_1145_03\Model\target\classes;C:\Users\maldo\.m2\repository\org\apache\commons\commons-lang3\3.11\commons-lang3-3.11.jar;C:\Users\maldo\.m2\repository\org\slf4j\slf4j-api\1.7.30\slf4j-api-1.7.30.jar;C:\Users\maldo\.m2\repository\org\openjfx\javafx-base\13\javafx-base-13-win.jar"/>
    <property name="java.version.date" value="2020-07-14"/>
    <property name="java.home" value="C:\Program Files\Java\jdk-14.0.2"/>
    <property name="file.separator" value="\"/>
    <property name="basedir" value="E:\studia\Sem-3\Programowanie komponentowe (07 72 3060 19)_pliki\ProjektKompo\an_pn_1145_03\Model"/>
    <property name="java.vm.compressedOopsMode" value="Zero based"/>
    <property name="line.separator" value="&#10;"/>
    <property name="java.vm.specification.vendor" value="Oracle Corporation"/>
    <property name="java.specification.name" value="Java Platform API Specification"/>
    <property name="surefire.real.class.path" value="C:\Users\maldo\.m2\repository\org\apache\maven\surefire\surefire-booter\3.0.0-M5\surefire-booter-3.0.0-M5.jar;C:\Users\maldo\.m2\repository\org\apache\maven\surefire\surefire-api\3.0.0-M5\surefire-api-3.0.0-M5.jar;C:\Users\maldo\.m2\repository\org\apache\maven\surefire\surefire-logger-api\3.0.0-M5\surefire-logger-api-3.0.0-M5.jar;C:\Users\maldo\.m2\repository\org\apache\maven\surefire\surefire-shared-utils\3.0.0-M4\surefire-shared-utils-3.0.0-M4.jar;C:\Users\maldo\.m2\repository\org\apache\maven\surefire\surefire-extensions-spi\3.0.0-M5\surefire-extensions-spi-3.0.0-M5.jar;E:\studia\Sem-3\Programowanie komponentowe (07 72 3060 19)_pliki\ProjektKompo\an_pn_1145_03\Model\target\test-classes;C:\Users\maldo\.m2\repository\org\junit\jupiter\junit-jupiter-engine\5.6.2\junit-jupiter-engine-5.6.2.jar;C:\Users\maldo\.m2\repository\org\apiguardian\apiguardian-api\1.1.0\apiguardian-api-1.1.0.jar;C:\Users\maldo\.m2\repository\org\junit\platform\junit-platform-engine\1.6.2\junit-platform-engine-1.6.2.jar;C:\Users\maldo\.m2\repository\org\opentest4j\opentest4j\1.2.0\opentest4j-1.2.0.jar;C:\Users\maldo\.m2\repository\org\junit\platform\junit-platform-commons\1.6.2\junit-platform-commons-1.6.2.jar;C:\Users\maldo\.m2\repository\org\junit\jupiter\junit-jupiter-api\5.6.2\junit-jupiter-api-5.6.2.jar;C:\Users\maldo\.m2\repository\ch\qos\logback\logback-classic\1.1.7\logback-classic-1.1.7.jar;C:\Users\maldo\.m2\repository\ch\qos\logback\logback-core\1.1.7\logback-core-1.1.7.jar;C:\Users\maldo\.m2\repository\org\openjfx\javafx-controls\13\javafx-controls-13.jar;C:\Users\maldo\.m2\repository\org\openjfx\javafx-controls\13\javafx-controls-13-win.jar;C:\Users\maldo\.m2\repository\org\openjfx\javafx-graphics\13\javafx-graphics-13.jar;C:\Users\maldo\.m2\repository\org\openjfx\javafx-graphics\13\javafx-graphics-13-win.jar;C:\Users\maldo\.m2\repository\org\openjfx\javafx-base\13\javafx-base-13.jar;C:\Users\maldo\.m2\repository\org\openjfx\javafx-fxml\13\javafx-fxml-13.jar;C:\Users\maldo\.m2\repository\org\openjfx\javafx-fxml\13\javafx-fxml-13-win.jar;C:\Users\maldo\.m2\repository\org\apache\maven\surefire\surefire-junit-platform\3.0.0-M5\surefire-junit-platform-3.0.0-M5.jar;C:\Users\maldo\.m2\repository\org\apache\maven\surefire\common-java5\3.0.0-M5\common-java5-3.0.0-M5.jar;C:\Users\maldo\.m2\repository\org\junit\platform\junit-platform-launcher\1.6.2\junit-platform-launcher-1.6.2.jar"/>
    <property name="user.script" value=""/>
    <property name="sun.management.compiler" value="HotSpot 64-Bit Tiered Compilers"/>
    <property name="java.runtime.version" value="14.0.2+12-46"/>
    <property name="user.name" value="maldo"/>
    <property name="path.separator" value=";"/>
    <property name="os.version" value="10.0"/>
    <property name="java.runtime.name" value="Java(TM) SE Runtime Environment"/>
    <property name="file.encoding" value="Cp1250"/>
    <property name="java.vm.name" value="Java HotSpot(TM) 64-Bit Server VM"/>
    <property name="localRepository" value="C:\Users\maldo\.m2\repository"/>
    <property name="java.vendor.url.bug" value="https://bugreport.java.com/bugreport/"/>
    <property name="java.io.tmpdir" value="C:\Users\maldo\AppData\Local\Temp\"/>
    <property name="idea.version" value="2020.2.3"/>
    <property name="java.version" value="14.0.2"/>
    <property name="user.dir" value="E:\studia\Sem-3\Programowanie komponentowe (07 72 3060 19)_pliki\ProjektKompo\an_pn_1145_03\Model"/>
    <property name="os.arch" value="amd64"/>
    <property name="java.vm.specification.name" value="Java Virtual Machine Specification"/>
    <property name="sun.os.patch.level" value=""/>
    <property name="java.library.path" value="C:\Program Files\Java\jdk-14.0.2\bin;C:\WINDOWS\Sun\Java\bin;C:\WINDOWS\system32;C:\WINDOWS;C:\Program Files (x86)\Razer Chroma SDK\bin;C:\Program Files\Razer Chroma SDK\bin;C:\Python\Scripts\;C:\Python\;C:\Program Files (x86)\Intel\iCLS Client\;C:\Program Files\Intel\iCLS Client\;C:\Windows\system32;C:\Windows;C:\Windows\System32\Wbem;C:\Windows\System32\WindowsPowerShell\v1.0\;C:\Windows\System32\OpenSSH\;C:\Program Files (x86)\NVIDIA Corporation\PhysX\Common;C:\Program Files (x86)\Intel\Intel(R) Management Engine Components\DAL;C:\Program Files\Intel\Intel(R) Management Engine Components\DAL;C:\Program Files (x86)\Intel\Intel(R) Management Engine Components\IPT;C:\Program Files\Intel\Intel(R) Management Engine Components\IPT;C:\Program Files\Intel\WiFi\bin\;C:\Program Files\Common Files\Intel\WirelessCommon\;C:\Program Files (x86)\Windows Kits\8.1\Windows Performance Toolkit\;C:\Users\maldo\AppData\Local\Microsoft\WindowsApps;C:\Program Files\NVIDIA Corporation\NVIDIA NvDLISR;C:\Program Files (x86)\MKVToolNix;C:\WINDOWS\system32;C:\WINDOWS;C:\WINDOWS\System32\Wbem;C:\WINDOWS\System32\WindowsPowerShell\v1.0\;C:\WINDOWS\System32\OpenSSH\;E:\studia\Sem-3\Programowanie komponentowe (07 72 3060 19)_pliki\apache-maven-3.6.3\bin;C:\msys64\usr\bin;C:\Program Files\Java\jdk-14.0.2\bin;C:\Program Files (x86)\Calibre2\;C:\Users\maldo\AppData\Local\Microsoft\WindowsApps;C:\Program Files\Intel\WiFi\bin\;C:\Program Files\Common Files\Intel\WirelessCommon\;C:\Program Files\JetBrains\CLion 2019.3.3\bin;;C:\Users\maldo\AppData\Local\Programs\Microsoft VS Code\bin;C:\Users\maldo\AppData\Local\GitHubDesktop\bin;."/>
    <property name="java.vm.info" value="mixed mode"/>
    <property name="java.vendor" value="Oracle Corporation"/>
    <property name="java.vm.version" value="14.0.2+12-46"/>
    <property name="sun.io.unicode.encoding" value="UnicodeLittle"/>
    <property name="java.class.version" value="58.0"/>
  </properties>
  <testcase name="ShowBoardTest" classname="sudoku.model.SudokuBoardTest" time="0.001"/>
  <testcase name="testEqualsWrongObject" classname="sudoku.model.SudokuBoardTest" time="0"/>
  <testcase name="testToString" classname="sudoku.model.SudokuBoardTest" time="0.01">
    <system-out><![CDATA[00:17:22.458 [main] INFO  sudoku.model.SudokuBoard - Bład w kwadracie 0
sudoku.model.SudokuBoard@1a717d79[
  size=9
  solver=sudoku.model.BacktrackingSudokuSolver@4cb00fa5
  board={{6,7,4,3,1,5,8,9,2},{1,9,8,2,4,6,3,5,7},{2,3,5,8,9,7,6,1,4},{7,1,2,9,6,3,4,8,5},{3,8,6,7,2,1,0,0,0},{0,0,0,0,0,0,0,0,0},{0,0,0,0,0,0,0,0,0},{0,0,0,0,0,0,0,0,0},{0,0,0,0,0,0,0,0,0}}
]
00:17:22.458 [main] INFO  sudoku.model.SudokuBoard - Wartość 0 wstawiona nieprawidłowo
00:17:22.458 [main] INFO  sudoku.model.SudokuBoard - Bład w kwadracie 0
sudoku.model.SudokuBoard@1a717d79[
  size=9
  solver=sudoku.model.BacktrackingSudokuSolver@4cb00fa5
  board={{6,7,4,3,1,5,8,9,2},{1,9,8,2,4,6,3,5,7},{2,3,5,8,9,7,6,1,4},{7,1,2,9,6,3,4,8,5},{3,8,6,7,2,0,0,0,0},{0,0,0,0,0,0,0,0,0},{0,0,0,0,0,0,0,0,0},{0,0,0,0,0,0,0,0,0},{0,0,0,0,0,0,0,0,0}}
]
00:17:22.458 [main] INFO  sudoku.model.SudokuBoard - Wartość 0 wstawiona nieprawidłowo
00:17:22.458 [main] INFO  sudoku.model.SudokuBoard - Bład w kwadracie 0
sudoku.model.SudokuBoard@1a717d79[
  size=9
  solver=sudoku.model.BacktrackingSudokuSolver@4cb00fa5
  board={{6,7,4,3,1,5,8,9,2},{1,9,8,2,4,6,3,5,7},{2,3,5,8,9,7,6,1,4},{7,1,2,9,6,3,4,8,5},{3,8,6,7,2,4,0,0,0},{0,0,0,0,0,0,0,0,0},{0,0,0,0,0,0,0,0,0},{0,0,0,0,0,0,0,0,0},{0,0,0,0,0,0,0,0,0}}
]
00:17:22.458 [main] INFO  sudoku.model.SudokuBoard - Wartość 0 wstawiona nieprawidłowo
00:17:22.458 [main] INFO  sudoku.model.SudokuBoard - Bład w kwadracie 0
sudoku.model.SudokuBoard@1a717d79[
  size=9
  solver=sudoku.model.BacktrackingSudokuSolver@4cb00fa5
  board={{6,7,4,3,1,5,8,9,2},{1,9,8,2,4,6,3,5,7},{2,3,5,8,9,7,6,1,4},{7,1,2,9,6,3,4,8,5},{3,8,6,7,2,4,0,0,0},{0,0,0,0,0,0,0,0,0},{0,0,0,0,0,0,0,0,0},{0,0,0,0,0,0,0,0,0},{0,0,0,0,0,0,0,0,0}}
]
00:17:22.458 [main] INFO  sudoku.model.SudokuBoard - Wartość 0 wstawiona nieprawidłowo
00:17:22.458 [main] INFO  sudoku.model.SudokuBoard - Bład w kwadracie 0
sudoku.model.SudokuBoard@1a717d79[
  size=9
  solver=sudoku.model.BacktrackingSudokuSolver@4cb00fa5
  board={{6,7,4,3,1,5,8,9,2},{1,9,8,2,4,6,3,5,7},{2,3,5,8,9,7,6,1,4},{7,1,2,9,6,3,4,8,5},{3,8,6,7,2,0,0,0,0},{0,0,0,0,0,0,0,0,0},{0,0,0,0,0,0,0,0,0},{0,0,0,0,0,0,0,0,0},{0,0,0,0,0,0,0,0,0}}
]
00:17:22.458 [main] INFO  sudoku.model.SudokuBoard - Wartość 0 wstawiona nieprawidłowo
00:17:22.458 [main] INFO  sudoku.model.SudokuBoard - Bład w kwadracie 0
sudoku.model.SudokuBoard@1a717d79[
  size=9
  solver=sudoku.model.BacktrackingSudokuSolver@4cb00fa5
  board={{6,7,4,3,1,5,8,9,2},{1,9,8,2,4,6,3,5,7},{2,3,5,8,9,7,6,1,4},{7,1,2,9,6,3,4,8,5},{3,8,6,7,0,0,0,0,0},{0,0,0,0,0,0,0,0,0},{0,0,0,0,0,0,0,0,0},{0,0,0,0,0,0,0,0,0},{0,0,0,0,0,0,0,0,0}}
]
00:17:22.459 [main] INFO  sudoku.model.SudokuBoard - Wartość 0 wstawiona nieprawidłowo
00:17:22.459 [main] INFO  sudoku.model.SudokuBoard - Bład w kwadracie 0
sudoku.model.SudokuBoard@1a717d79[
  size=9
  solver=sudoku.model.BacktrackingSudokuSolver@4cb00fa5
  board={{6,7,4,3,1,5,8,9,2},{1,9,8,2,4,6,3,5,7},{2,3,5,8,9,7,6,1,4},{7,1,2,9,6,3,4,8,5},{3,8,6,7,5,4,9,2,1},{9,0,0,0,0,0,0,0,0},{0,0,0,0,0,0,0,0,0},{0,0,0,0,0,0,0,0,0},{0,0,0,0,0,0,0,0,0}}
]
00:17:22.459 [main] INFO  sudoku.model.SudokuBoard - Wartość 0 wstawiona nieprawidłowo
00:17:22.459 [main] INFO  sudoku.model.SudokuBoard - Bład w kwadracie 0
sudoku.model.SudokuBoard@1a717d79[
  size=9
  solver=sudoku.model.BacktrackingSudokuSolver@4cb00fa5
  board={{6,7,4,3,1,5,8,9,2},{1,9,8,2,4,6,3,5,7},{2,3,5,8,9,7,6,1,4},{7,1,2,9,6,3,4,8,5},{3,8,6,7,5,4,9,2,1},{9,0,0,0,0,0,0,0,0},{0,0,0,0,0,0,0,0,0},{0,0,0,0,0,0,0,0,0},{0,0,0,0,0,0,0,0,0}}
]
00:17:22.459 [main] INFO  sudoku.model.SudokuBoard - Wartość 0 wstawiona nieprawidłowo
00:17:22.459 [main] INFO  sudoku.model.SudokuBoard - Bład w kwadracie 0
sudoku.model.SudokuBoard@1a717d79[
  size=9
  solver=sudoku.model.BacktrackingSudokuSolver@4cb00fa5
  board={{6,7,4,3,1,5,8,9,2},{1,9,8,2,4,6,3,5,7},{2,3,5,8,9,7,6,1,4},{7,1,2,9,6,3,4,8,5},{3,8,6,7,5,4,9,2,1},{0,0,0,0,0,0,0,0,0},{0,0,0,0,0,0,0,0,0},{0,0,0,0,0,0,0,0,0},{0,0,0,0,0,0,0,0,0}}
]
00:17:22.459 [main] INFO  sudoku.model.SudokuBoard - Wartość 0 wstawiona nieprawidłowo
00:17:22.460 [main] INFO  sudoku.model.SudokuBoard - Bład w kwadracie 0
sudoku.model.SudokuBoard@1a717d79[
  size=9
  solver=sudoku.model.BacktrackingSudokuSolver@4cb00fa5
  board={{6,7,4,3,1,5,8,9,2},{1,9,8,2,4,6,3,5,7},{2,3,5,8,9,7,6,1,4},{7,1,2,9,6,3,4,8,5},{3,8,6,7,5,4,9,2,1},{4,5,9,1,8,2,7,3,6},{8,4,7,5,2,9,1,6,3},{9,2,1,4,3,8,5,0,0},{0,0,0,0,0,0,0,0,0}}
]
00:17:22.460 [main] INFO  sudoku.model.SudokuBoard - Wartość 0 wstawiona nieprawidłowo
00:17:22.460 [main] INFO  sudoku.model.SudokuBoard - Bład w kwadracie 0
sudoku.model.SudokuBoard@1a717d79[
  size=9
  solver=sudoku.model.BacktrackingSudokuSolver@4cb00fa5
  board={{6,7,4,3,1,5,8,9,2},{1,9,8,2,4,6,3,5,7},{2,3,5,8,9,7,6,1,4},{7,1,2,9,6,3,4,8,5},{3,8,6,7,5,4,9,2,1},{4,5,9,1,8,2,7,3,6},{8,4,7,5,2,9,1,6,3},{9,2,1,4,3,8,0,0,0},{0,0,0,0,0,0,0,0,0}}
]
00:17:22.460 [main] INFO  sudoku.model.SudokuBoard - Wartość 0 wstawiona nieprawidłowo
00:17:22.460 [main] INFO  sudoku.model.SudokuBoard - Bład w kwadracie 0
sudoku.model.SudokuBoard@1a717d79[
  size=9
  solver=sudoku.model.BacktrackingSudokuSolver@4cb00fa5
  board={{6,7,4,3,1,5,8,9,2},{1,9,8,2,4,6,3,5,7},{2,3,5,8,9,7,6,1,4},{7,1,2,9,6,3,4,8,5},{3,8,6,7,5,4,9,2,1},{4,5,9,1,8,2,7,3,6},{8,4,7,5,2,9,1,6,3},{9,2,1,4,3,0,0,0,0},{0,0,0,0,0,0,0,0,0}}
]
00:17:22.460 [main] INFO  sudoku.model.SudokuBoard - Wartość 0 wstawiona nieprawidłowo
00:17:22.460 [main] INFO  sudoku.model.SudokuBoard - Bład w kwadracie 0
sudoku.model.SudokuBoard@1a717d79[
  size=9
  solver=sudoku.model.BacktrackingSudokuSolver@4cb00fa5
  board={{6,7,4,3,1,5,8,9,2},{1,9,8,2,4,6,3,5,7},{2,3,5,8,9,7,6,1,4},{7,1,2,9,6,3,4,8,5},{3,8,6,7,5,4,9,2,1},{4,5,9,1,8,2,7,3,6},{8,4,7,5,2,9,1,6,3},{9,2,1,4,0,0,0,0,0},{0,0,0,0,0,0,0,0,0}}
]
00:17:22.460 [main] INFO  sudoku.model.SudokuBoard - Wartość 0 wstawiona nieprawidłowo
00:17:22.460 [main] INFO  sudoku.model.SudokuBoard - Bład w kwadracie 0
sudoku.model.SudokuBoard@1a717d79[
  size=9
  solver=sudoku.model.BacktrackingSudokuSolver@4cb00fa5
  board={{6,7,4,3,1,5,8,9,2},{1,9,8,2,4,6,3,5,7},{2,3,5,8,9,7,6,1,4},{7,1,2,9,6,3,4,8,5},{3,8,6,7,5,4,9,2,1},{4,5,9,1,8,2,7,3,6},{8,4,7,5,2,9,1,6,3},{9,2,1,4,7,8,0,0,0},{0,0,0,0,0,0,0,0,0}}
]
00:17:22.460 [main] INFO  sudoku.model.SudokuBoard - Wartość 0 wstawiona nieprawidłowo
00:17:22.460 [main] INFO  sudoku.model.SudokuBoard - Bład w kwadracie 0
sudoku.model.SudokuBoard@1a717d79[
  size=9
  solver=sudoku.model.BacktrackingSudokuSolver@4cb00fa5
  board={{6,7,4,3,1,5,8,9,2},{1,9,8,2,4,6,3,5,7},{2,3,5,8,9,7,6,1,4},{7,1,2,9,6,3,4,8,5},{3,8,6,7,5,4,9,2,1},{4,5,9,1,8,2,7,3,6},{8,4,7,5,2,9,1,6,3},{9,2,1,4,7,0,0,0,0},{0,0,0,0,0,0,0,0,0}}
]
00:17:22.460 [main] INFO  sudoku.model.SudokuBoard - Wartość 0 wstawiona nieprawidłowo
00:17:22.460 [main] INFO  sudoku.model.SudokuBoard - Bład w kwadracie 0
sudoku.model.SudokuBoard@1a717d79[
  size=9
  solver=sudoku.model.BacktrackingSudokuSolver@4cb00fa5
  board={{6,7,4,3,1,5,8,9,2},{1,9,8,2,4,6,3,5,7},{2,3,5,8,9,7,6,1,4},{7,1,2,9,6,3,4,8,5},{3,8,6,7,5,4,9,2,1},{4,5,9,1,8,2,7,3,6},{8,4,7,5,2,9,1,6,3},{9,2,1,4,0,0,0,0,0},{0,0,0,0,0,0,0,0,0}}
]
00:17:22.460 [main] INFO  sudoku.model.SudokuBoard - Wartość 0 wstawiona nieprawidłowo
00:17:22.461 [main] INFO  sudoku.model.SudokuBoard - Bład w kwadracie 0
sudoku.model.SudokuBoard@1a717d79[
  size=9
  solver=sudoku.model.BacktrackingSudokuSolver@4cb00fa5
  board={{6,7,4,3,1,5,8,9,2},{1,9,8,2,4,6,3,5,7},{2,3,5,8,9,7,6,1,4},{7,1,2,9,6,3,4,8,5},{3,8,6,7,5,4,9,2,1},{4,5,9,1,8,2,7,3,6},{8,4,7,5,2,9,1,6,3},{9,2,1,0,0,0,0,0,0},{0,0,0,0,0,0,0,0,0}}
]
00:17:22.461 [main] INFO  sudoku.model.SudokuBoard - Wartość 0 wstawiona nieprawidłowo
00:17:22.461 [main] INFO  sudoku.model.SudokuBoard - Bład w kwadracie 0
sudoku.model.SudokuBoard@1a717d79[
  size=9
  solver=sudoku.model.BacktrackingSudokuSolver@4cb00fa5
  board={{6,7,4,3,1,5,8,9,2},{1,9,8,2,4,6,3,5,7},{2,3,5,8,9,7,6,1,4},{7,1,2,9,6,3,4,8,5},{3,8,6,7,5,4,9,2,1},{4,5,9,1,8,2,7,3,6},{8,4,7,5,2,9,1,6,3},{9,2,1,6,3,8,5,0,0},{0,0,0,0,0,0,0,0,0}}
]
00:17:22.461 [main] INFO  sudoku.model.SudokuBoard - Wartość 0 wstawiona nieprawidłowo
00:17:22.461 [main] INFO  sudoku.model.SudokuBoard - Bład w kwadracie 0
sudoku.model.SudokuBoard@1a717d79[
  size=9
  solver=sudoku.model.BacktrackingSudokuSolver@4cb00fa5
  board={{6,7,4,3,1,5,8,9,2},{1,9,8,2,4,6,3,5,7},{2,3,5,8,9,7,6,1,4},{7,1,2,9,6,3,4,8,5},{3,8,6,7,5,4,9,2,1},{4,5,9,1,8,2,7,3,6},{8,4,7,5,2,9,1,6,3},{9,2,1,6,3,8,5,0,0},{0,0,0,0,0,0,0,0,0}}
]
00:17:22.461 [main] INFO  sudoku.model.SudokuBoard - Wartość 0 wstawiona nieprawidłowo
00:17:22.461 [main] INFO  sudoku.model.SudokuBoard - Bład w kwadracie 0
sudoku.model.SudokuBoard@1a717d79[
  size=9
  solver=sudoku.model.BacktrackingSudokuSolver@4cb00fa5
  board={{6,7,4,3,1,5,8,9,2},{1,9,8,2,4,6,3,5,7},{2,3,5,8,9,7,6,1,4},{7,1,2,9,6,3,4,8,5},{3,8,6,7,5,4,9,2,1},{4,5,9,1,8,2,7,3,6},{8,4,7,5,2,9,1,6,3},{9,2,1,6,3,8,0,0,0},{0,0,0,0,0,0,0,0,0}}
]
00:17:22.461 [main] INFO  sudoku.model.SudokuBoard - Wartość 0 wstawiona nieprawidłowo
00:17:22.461 [main] INFO  sudoku.model.SudokuBoard - Bład w kwadracie 0
sudoku.model.SudokuBoard@1a717d79[
  size=9
  solver=sudoku.model.BacktrackingSudokuSolver@4cb00fa5
  board={{6,7,4,3,1,5,8,9,2},{1,9,8,2,4,6,3,5,7},{2,3,5,8,9,7,6,1,4},{7,1,2,9,6,3,4,8,5},{3,8,6,7,5,4,9,2,1},{4,5,9,1,8,2,7,3,6},{8,4,7,5,2,9,1,6,3},{9,2,1,6,3,0,0,0,0},{0,0,0,0,0,0,0,0,0}}
]
00:17:22.461 [main] INFO  sudoku.model.SudokuBoard - Wartość 0 wstawiona nieprawidłowo
00:17:22.461 [main] INFO  sudoku.model.SudokuBoard - Bład w kwadracie 0
sudoku.model.SudokuBoard@1a717d79[
  size=9
  solver=sudoku.model.BacktrackingSudokuSolver@4cb00fa5
  board={{6,7,4,3,1,5,8,9,2},{1,9,8,2,4,6,3,5,7},{2,3,5,8,9,7,6,1,4},{7,1,2,9,6,3,4,8,5},{3,8,6,7,5,4,9,2,1},{4,5,9,1,8,2,7,3,6},{8,4,7,5,2,9,1,6,3},{9,2,1,6,0,0,0,0,0},{0,0,0,0,0,0,0,0,0}}
]
00:17:22.462 [main] INFO  sudoku.model.SudokuBoard - Wartość 0 wstawiona nieprawidłowo
00:17:22.462 [main] INFO  sudoku.model.SudokuBoard - Bład w kwadracie 0
sudoku.model.SudokuBoard@1a717d79[
  size=9
  solver=sudoku.model.BacktrackingSudokuSolver@4cb00fa5
  board={{6,7,4,3,1,5,8,9,2},{1,9,8,2,4,6,3,5,7},{2,3,5,8,9,7,6,1,4},{7,1,2,9,6,3,4,8,5},{3,8,6,7,5,4,9,2,1},{4,5,9,1,8,2,7,3,6},{8,4,7,5,2,9,1,6,3},{9,2,1,6,7,8,5,0,0},{0,0,0,0,0,0,0,0,0}}
]
00:17:22.462 [main] INFO  sudoku.model.SudokuBoard - Wartość 0 wstawiona nieprawidłowo
00:17:22.462 [main] INFO  sudoku.model.SudokuBoard - Bład w kwadracie 0
sudoku.model.SudokuBoard@1a717d79[
  size=9
  solver=sudoku.model.BacktrackingSudokuSolver@4cb00fa5
  board={{6,7,4,3,1,5,8,9,2},{1,9,8,2,4,6,3,5,7},{2,3,5,8,9,7,6,1,4},{7,1,2,9,6,3,4,8,5},{3,8,6,7,5,4,9,2,1},{4,5,9,1,8,2,7,3,6},{8,4,7,5,2,9,1,6,3},{9,2,1,6,7,8,0,0,0},{0,0,0,0,0,0,0,0,0}}
]
00:17:22.462 [main] INFO  sudoku.model.SudokuBoard - Wartość 0 wstawiona nieprawidłowo
00:17:22.463 [main] INFO  sudoku.model.SudokuBoard - Bład w kwadracie 0
sudoku.model.SudokuBoard@1a717d79[
  size=9
  solver=sudoku.model.BacktrackingSudokuSolver@4cb00fa5
  board={{6,7,4,3,1,5,8,9,2},{1,9,8,2,4,6,3,5,7},{2,3,5,8,9,7,6,1,4},{7,1,2,9,6,3,4,8,5},{3,8,6,7,5,4,9,2,1},{4,5,9,1,8,2,7,3,6},{8,4,7,5,2,9,1,6,3},{9,2,1,6,7,0,0,0,0},{0,0,0,0,0,0,0,0,0}}
]
00:17:22.464 [main] INFO  sudoku.model.SudokuBoard - Wartość 0 wstawiona nieprawidłowo
00:17:22.464 [main] INFO  sudoku.model.SudokuBoard - Bład w kwadracie 0
sudoku.model.SudokuBoard@1a717d79[
  size=9
  solver=sudoku.model.BacktrackingSudokuSolver@4cb00fa5
  board={{6,7,4,3,1,5,8,9,2},{1,9,8,2,4,6,3,5,7},{2,3,5,8,9,7,6,1,4},{7,1,2,9,6,3,4,8,5},{3,8,6,7,5,4,9,2,1},{4,5,9,1,8,2,7,3,6},{8,4,7,5,2,9,1,6,3},{9,2,1,6,0,0,0,0,0},{0,0,0,0,0,0,0,0,0}}
]
00:17:22.464 [main] INFO  sudoku.model.SudokuBoard - Wartość 0 wstawiona nieprawidłowo
00:17:22.465 [main] INFO  sudoku.model.SudokuBoard - Bład w kwadracie 0
sudoku.model.SudokuBoard@1a717d79[
  size=9
  solver=sudoku.model.BacktrackingSudokuSolver@4cb00fa5
  board={{6,7,4,3,1,5,8,9,2},{1,9,8,2,4,6,3,5,7},{2,3,5,8,9,7,6,1,4},{7,1,2,9,6,3,4,8,5},{3,8,6,7,5,4,9,2,1},{4,5,9,1,8,2,7,3,6},{8,4,7,5,2,9,1,6,3},{9,2,1,0,0,0,0,0,0},{0,0,0,0,0,0,0,0,0}}
]
00:17:22.465 [main] INFO  sudoku.model.SudokuBoard - Wartość 0 wstawiona nieprawidłowo
00:17:22.465 [main] INFO  sudoku.model.SudokuBoard - Bład w kwadracie 0
sudoku.model.SudokuBoard@1a717d79[
  size=9
  solver=sudoku.model.BacktrackingSudokuSolver@4cb00fa5
  board={{6,7,4,3,1,5,8,9,2},{1,9,8,2,4,6,3,5,7},{2,3,5,8,9,7,6,1,4},{7,1,2,9,6,3,4,8,5},{3,8,6,7,5,4,9,2,1},{4,5,9,1,8,2,7,3,6},{8,4,7,5,2,9,1,6,3},{9,2,0,0,0,0,0,0,0},{0,0,0,0,0,0,0,0,0}}
]
00:17:22.465 [main] INFO  sudoku.model.SudokuBoard - Wartość 0 wstawiona nieprawidłowo
00:17:22.465 [main] INFO  sudoku.model.SudokuBoard - Bład w kwadracie 0
sudoku.model.SudokuBoard@1a717d79[
  size=9
  solver=sudoku.model.BacktrackingSudokuSolver@4cb00fa5
  board={{6,7,4,3,1,5,8,9,2},{1,9,8,2,4,6,3,5,7},{2,3,5,8,9,7,6,1,4},{7,1,2,9,6,3,4,8,5},{3,8,6,7,5,4,9,2,1},{4,5,9,1,8,2,7,3,6},{8,4,7,5,2,9,1,6,3},{9,2,3,4,7,8,0,0,0},{0,0,0,0,0,0,0,0,0}}
]
00:17:22.465 [main] INFO  sudoku.model.SudokuBoard - Wartość 0 wstawiona nieprawidłowo
00:17:22.465 [main] INFO  sudoku.model.SudokuBoard - Bład w kwadracie 0
sudoku.model.SudokuBoard@1a717d79[
  size=9
  solver=sudoku.model.BacktrackingSudokuSolver@4cb00fa5
  board={{6,7,4,3,1,5,8,9,2},{1,9,8,2,4,6,3,5,7},{2,3,5,8,9,7,6,1,4},{7,1,2,9,6,3,4,8,5},{3,8,6,7,5,4,9,2,1},{4,5,9,1,8,2,7,3,6},{8,4,7,5,2,9,1,6,3},{9,2,3,4,7,0,0,0,0},{0,0,0,0,0,0,0,0,0}}
]
00:17:22.465 [main] INFO  sudoku.model.SudokuBoard - Wartość 0 wstawiona nieprawidłowo
00:17:22.465 [main] INFO  sudoku.model.SudokuBoard - Bład w kwadracie 0
sudoku.model.SudokuBoard@1a717d79[
  size=9
  solver=sudoku.model.BacktrackingSudokuSolver@4cb00fa5
  board={{6,7,4,3,1,5,8,9,2},{1,9,8,2,4,6,3,5,7},{2,3,5,8,9,7,6,1,4},{7,1,2,9,6,3,4,8,5},{3,8,6,7,5,4,9,2,1},{4,5,9,1,8,2,7,3,6},{8,4,7,5,2,9,1,6,3},{9,2,3,4,7,1,0,0,0},{0,0,0,0,0,0,0,0,0}}
]
00:17:22.465 [main] INFO  sudoku.model.SudokuBoard - Wartość 0 wstawiona nieprawidłowo
00:17:22.466 [main] INFO  sudoku.model.SudokuBoard - Bład w kwadracie 0
sudoku.model.SudokuBoard@1a717d79[
  size=9
  solver=sudoku.model.BacktrackingSudokuSolver@4cb00fa5
  board={{6,7,4,3,1,5,8,9,2},{1,9,8,2,4,6,3,5,7},{2,3,5,8,9,7,6,1,4},{7,1,2,9,6,3,4,8,5},{3,8,6,7,5,4,9,2,1},{4,5,9,1,8,2,7,3,6},{8,4,7,5,2,9,1,6,3},{9,2,3,4,7,0,0,0,0},{0,0,0,0,0,0,0,0,0}}
]
00:17:22.466 [main] INFO  sudoku.model.SudokuBoard - Wartość 0 wstawiona nieprawidłowo
00:17:22.466 [main] INFO  sudoku.model.SudokuBoard - Bład w kwadracie 0
sudoku.model.SudokuBoard@1a717d79[
  size=9
  solver=sudoku.model.BacktrackingSudokuSolver@4cb00fa5
  board={{6,7,4,3,1,5,8,9,2},{1,9,8,2,4,6,3,5,7},{2,3,5,8,9,7,6,1,4},{7,1,2,9,6,3,4,8,5},{3,8,6,7,5,4,9,2,1},{4,5,9,1,8,2,7,3,6},{8,4,7,5,2,9,1,6,3},{9,2,3,4,0,0,0,0,0},{0,0,0,0,0,0,0,0,0}}
]
00:17:22.466 [main] INFO  sudoku.model.SudokuBoard - Wartość 0 wstawiona nieprawidłowo
00:17:22.466 [main] INFO  sudoku.model.SudokuBoard - Bład w kwadracie 0
sudoku.model.SudokuBoard@1a717d79[
  size=9
  solver=sudoku.model.BacktrackingSudokuSolver@4cb00fa5
  board={{6,7,4,3,1,5,8,9,2},{1,9,8,2,4,6,3,5,7},{2,3,5,8,9,7,6,1,4},{7,1,2,9,6,3,4,8,5},{3,8,6,7,5,4,9,2,1},{4,5,9,1,8,2,7,3,6},{8,4,7,5,2,9,1,6,3},{9,2,3,0,0,0,0,0,0},{0,0,0,0,0,0,0,0,0}}
]
00:17:22.466 [main] INFO  sudoku.model.SudokuBoard - Wartość 0 wstawiona nieprawidłowo
00:17:22.466 [main] INFO  sudoku.model.SudokuBoard - Bład w kwadracie 0
sudoku.model.SudokuBoard@1a717d79[
  size=9
  solver=sudoku.model.BacktrackingSudokuSolver@4cb00fa5
  board={{6,7,4,3,1,5,8,9,2},{1,9,8,2,4,6,3,5,7},{2,3,5,8,9,7,6,1,4},{7,1,2,9,6,3,4,8,5},{3,8,6,7,5,4,9,2,1},{4,5,9,1,8,2,7,3,6},{8,4,7,5,2,9,1,6,3},{9,2,3,6,7,8,5,0,0},{0,0,0,0,0,0,0,0,0}}
]
00:17:22.466 [main] INFO  sudoku.model.SudokuBoard - Wartość 0 wstawiona nieprawidłowo
00:17:22.466 [main] INFO  sudoku.model.SudokuBoard - Bład w kwadracie 0
sudoku.model.SudokuBoard@1a717d79[
  size=9
  solver=sudoku.model.BacktrackingSudokuSolver@4cb00fa5
  board={{6,7,4,3,1,5,8,9,2},{1,9,8,2,4,6,3,5,7},{2,3,5,8,9,7,6,1,4},{7,1,2,9,6,3,4,8,5},{3,8,6,7,5,4,9,2,1},{4,5,9,1,8,2,7,3,6},{8,4,7,5,2,9,1,6,3},{9,2,3,6,7,8,0,0,0},{0,0,0,0,0,0,0,0,0}}
]
00:17:22.466 [main] INFO  sudoku.model.SudokuBoard - Wartość 0 wstawiona nieprawidłowo
00:17:22.466 [main] INFO  sudoku.model.SudokuBoard - Bład w kwadracie 0
sudoku.model.SudokuBoard@1a717d79[
  size=9
  solver=sudoku.model.BacktrackingSudokuSolver@4cb00fa5
  board={{6,7,4,3,1,5,8,9,2},{1,9,8,2,4,6,3,5,7},{2,3,5,8,9,7,6,1,4},{7,1,2,9,6,3,4,8,5},{3,8,6,7,5,4,9,2,1},{4,5,9,1,8,2,7,3,6},{8,4,7,5,2,9,1,6,3},{9,2,3,6,7,0,0,0,0},{0,0,0,0,0,0,0,0,0}}
]
00:17:22.466 [main] INFO  sudoku.model.SudokuBoard - Wartość 0 wstawiona nieprawidłowo
sudoku.model.SudokuBoard@790ac3e0[
  size=9
  solver=sudoku.model.BacktrackingSudokuSolver@4cb00fa5
  board={{6,7,4,3,1,5,8,9,2},{1,9,8,2,4,6,3,5,7},{2,3,5,8,9,7,6,1,4},{7,1,2,9,6,3,4,8,5},{3,8,6,7,5,4,9,2,1},{4,5,9,1,8,2,7,3,6},{8,4,7,5,2,9,1,6,3},{9,2,3,6,7,1,5,4,8},{5,6,1,4,3,8,2,7,9}}
]
]]></system-out>
  </testcase>
  <testcase name="checkBoardTestRowFalse" classname="sudoku.model.SudokuBoardTest" time="0.017">
    <system-out><![CDATA[00:17:22.470 [main] INFO  sudoku.model.SudokuBoard - Bład w kwadracie 0
sudoku.model.SudokuBoard@5bb2fb2b[
  size=9
  solver=sudoku.model.BacktrackingSudokuSolver@2cee5365
  board={{4,1,5,2,6,7,8,3,9},{6,2,7,9,1,8,4,0,0},{0,0,0,0,0,0,0,0,0},{0,0,0,0,0,0,0,0,0},{0,0,0,0,0,0,0,0,0},{0,0,0,0,0,0,0,0,0},{0,0,0,0,0,0,0,0,0},{0,0,0,0,0,0,0,0,0},{0,0,0,0,0,0,0,0,0}}
]
00:17:22.470 [main] INFO  sudoku.model.SudokuBoard - Wartość 0 wstawiona nieprawidłowo
00:17:22.470 [main] INFO  sudoku.model.SudokuBoard - Bład w kwadracie 0
sudoku.model.SudokuBoard@5bb2fb2b[
  size=9
  solver=sudoku.model.BacktrackingSudokuSolver@2cee5365
  board={{4,1,5,2,6,7,8,3,9},{6,2,7,9,1,8,0,0,0},{0,0,0,0,0,0,0,0,0},{0,0,0,0,0,0,0,0,0},{0,0,0,0,0,0,0,0,0},{0,0,0,0,0,0,0,0,0},{0,0,0,0,0,0,0,0,0},{0,0,0,0,0,0,0,0,0},{0,0,0,0,0,0,0,0,0}}
]
00:17:22.470 [main] INFO  sudoku.model.SudokuBoard - Wartość 0 wstawiona nieprawidłowo
00:17:22.470 [main] INFO  sudoku.model.SudokuBoard - Bład w kwadracie 0
sudoku.model.SudokuBoard@5bb2fb2b[
  size=9
  solver=sudoku.model.BacktrackingSudokuSolver@2cee5365
  board={{4,1,5,2,6,7,8,3,9},{6,2,7,9,1,8,5,0,0},{0,0,0,0,0,0,0,0,0},{0,0,0,0,0,0,0,0,0},{0,0,0,0,0,0,0,0,0},{0,0,0,0,0,0,0,0,0},{0,0,0,0,0,0,0,0,0},{0,0,0,0,0,0,0,0,0},{0,0,0,0,0,0,0,0,0}}
]
00:17:22.470 [main] INFO  sudoku.model.SudokuBoard - Wartość 0 wstawiona nieprawidłowo
00:17:22.470 [main] INFO  sudoku.model.SudokuBoard - Bład w kwadracie 0
sudoku.model.SudokuBoard@5bb2fb2b[
  size=9
  solver=sudoku.model.BacktrackingSudokuSolver@2cee5365
  board={{4,1,5,2,6,7,8,3,9},{6,2,7,9,1,8,0,0,0},{0,0,0,0,0,0,0,0,0},{0,0,0,0,0,0,0,0,0},{0,0,0,0,0,0,0,0,0},{0,0,0,0,0,0,0,0,0},{0,0,0,0,0,0,0,0,0},{0,0,0,0,0,0,0,0,0},{0,0,0,0,0,0,0,0,0}}
]
00:17:22.470 [main] INFO  sudoku.model.SudokuBoard - Wartość 0 wstawiona nieprawidłowo
00:17:22.470 [main] INFO  sudoku.model.SudokuBoard - Bład w kwadracie 0
sudoku.model.SudokuBoard@5bb2fb2b[
  size=9
  solver=sudoku.model.BacktrackingSudokuSolver@2cee5365
  board={{4,1,5,2,6,7,8,3,9},{6,2,7,9,1,0,0,0,0},{0,0,0,0,0,0,0,0,0},{0,0,0,0,0,0,0,0,0},{0,0,0,0,0,0,0,0,0},{0,0,0,0,0,0,0,0,0},{0,0,0,0,0,0,0,0,0},{0,0,0,0,0,0,0,0,0},{0,0,0,0,0,0,0,0,0}}
]
00:17:22.471 [main] INFO  sudoku.model.SudokuBoard - Wartość 0 wstawiona nieprawidłowo
00:17:22.472 [main] INFO  sudoku.model.SudokuBoard - Bład w kwadracie 0
sudoku.model.SudokuBoard@5bb2fb2b[
  size=9
  solver=sudoku.model.BacktrackingSudokuSolver@2cee5365
  board={{4,1,5,2,6,7,8,3,9},{6,2,7,9,1,3,4,0,0},{0,0,0,0,0,0,0,0,0},{0,0,0,0,0,0,0,0,0},{0,0,0,0,0,0,0,0,0},{0,0,0,0,0,0,0,0,0},{0,0,0,0,0,0,0,0,0},{0,0,0,0,0,0,0,0,0},{0,0,0,0,0,0,0,0,0}}
]
00:17:22.472 [main] INFO  sudoku.model.SudokuBoard - Wartość 0 wstawiona nieprawidłowo
00:17:22.472 [main] INFO  sudoku.model.SudokuBoard - Bład w kwadracie 0
sudoku.model.SudokuBoard@5bb2fb2b[
  size=9
  solver=sudoku.model.BacktrackingSudokuSolver@2cee5365
  board={{4,1,5,2,6,7,8,3,9},{6,2,7,9,1,3,0,0,0},{0,0,0,0,0,0,0,0,0},{0,0,0,0,0,0,0,0,0},{0,0,0,0,0,0,0,0,0},{0,0,0,0,0,0,0,0,0},{0,0,0,0,0,0,0,0,0},{0,0,0,0,0,0,0,0,0},{0,0,0,0,0,0,0,0,0}}
]
00:17:22.472 [main] INFO  sudoku.model.SudokuBoard - Wartość 0 wstawiona nieprawidłowo
00:17:22.472 [main] INFO  sudoku.model.SudokuBoard - Bład w kwadracie 0
sudoku.model.SudokuBoard@5bb2fb2b[
  size=9
  solver=sudoku.model.BacktrackingSudokuSolver@2cee5365
  board={{4,1,5,2,6,7,8,3,9},{6,2,7,9,1,3,5,0,0},{0,0,0,0,0,0,0,0,0},{0,0,0,0,0,0,0,0,0},{0,0,0,0,0,0,0,0,0},{0,0,0,0,0,0,0,0,0},{0,0,0,0,0,0,0,0,0},{0,0,0,0,0,0,0,0,0},{0,0,0,0,0,0,0,0,0}}
]
00:17:22.472 [main] INFO  sudoku.model.SudokuBoard - Wartość 0 wstawiona nieprawidłowo
00:17:22.472 [main] INFO  sudoku.model.SudokuBoard - Bład w kwadracie 0
sudoku.model.SudokuBoard@5bb2fb2b[
  size=9
  solver=sudoku.model.BacktrackingSudokuSolver@2cee5365
  board={{4,1,5,2,6,7,8,3,9},{6,2,7,9,1,3,0,0,0},{0,0,0,0,0,0,0,0,0},{0,0,0,0,0,0,0,0,0},{0,0,0,0,0,0,0,0,0},{0,0,0,0,0,0,0,0,0},{0,0,0,0,0,0,0,0,0},{0,0,0,0,0,0,0,0,0},{0,0,0,0,0,0,0,0,0}}
]
00:17:22.472 [main] INFO  sudoku.model.SudokuBoard - Wartość 0 wstawiona nieprawidłowo
00:17:22.472 [main] INFO  sudoku.model.SudokuBoard - Bład w kwadracie 0
sudoku.model.SudokuBoard@5bb2fb2b[
  size=9
  solver=sudoku.model.BacktrackingSudokuSolver@2cee5365
  board={{4,1,5,2,6,7,8,3,9},{6,2,7,9,1,0,0,0,0},{0,0,0,0,0,0,0,0,0},{0,0,0,0,0,0,0,0,0},{0,0,0,0,0,0,0,0,0},{0,0,0,0,0,0,0,0,0},{0,0,0,0,0,0,0,0,0},{0,0,0,0,0,0,0,0,0},{0,0,0,0,0,0,0,0,0}}
]
00:17:22.472 [main] INFO  sudoku.model.SudokuBoard - Wartość 0 wstawiona nieprawidłowo
00:17:22.473 [main] INFO  sudoku.model.SudokuBoard - Bład w kwadracie 0
sudoku.model.SudokuBoard@5bb2fb2b[
  size=9
  solver=sudoku.model.BacktrackingSudokuSolver@2cee5365
  board={{4,1,5,2,6,7,8,3,9},{6,2,7,9,1,4,0,0,0},{0,0,0,0,0,0,0,0,0},{0,0,0,0,0,0,0,0,0},{0,0,0,0,0,0,0,0,0},{0,0,0,0,0,0,0,0,0},{0,0,0,0,0,0,0,0,0},{0,0,0,0,0,0,0,0,0},{0,0,0,0,0,0,0,0,0}}
]
00:17:22.473 [main] INFO  sudoku.model.SudokuBoard - Wartość 0 wstawiona nieprawidłowo
00:17:22.473 [main] INFO  sudoku.model.SudokuBoard - Bład w kwadracie 0
sudoku.model.SudokuBoard@5bb2fb2b[
  size=9
  solver=sudoku.model.BacktrackingSudokuSolver@2cee5365
  board={{4,1,5,2,6,7,8,3,9},{6,2,7,9,1,0,0,0,0},{0,0,0,0,0,0,0,0,0},{0,0,0,0,0,0,0,0,0},{0,0,0,0,0,0,0,0,0},{0,0,0,0,0,0,0,0,0},{0,0,0,0,0,0,0,0,0},{0,0,0,0,0,0,0,0,0},{0,0,0,0,0,0,0,0,0}}
]
00:17:22.473 [main] INFO  sudoku.model.SudokuBoard - Wartość 0 wstawiona nieprawidłowo
00:17:22.473 [main] INFO  sudoku.model.SudokuBoard - Bład w kwadracie 0
sudoku.model.SudokuBoard@5bb2fb2b[
  size=9
  solver=sudoku.model.BacktrackingSudokuSolver@2cee5365
  board={{4,1,5,2,6,7,8,3,9},{6,2,7,9,1,5,0,0,0},{0,0,0,0,0,0,0,0,0},{0,0,0,0,0,0,0,0,0},{0,0,0,0,0,0,0,0,0},{0,0,0,0,0,0,0,0,0},{0,0,0,0,0,0,0,0,0},{0,0,0,0,0,0,0,0,0},{0,0,0,0,0,0,0,0,0}}
]
00:17:22.473 [main] INFO  sudoku.model.SudokuBoard - Wartość 0 wstawiona nieprawidłowo
00:17:22.473 [main] INFO  sudoku.model.SudokuBoard - Bład w kwadracie 0
sudoku.model.SudokuBoard@5bb2fb2b[
  size=9
  solver=sudoku.model.BacktrackingSudokuSolver@2cee5365
  board={{4,1,5,2,6,7,8,3,9},{6,2,7,9,1,0,0,0,0},{0,0,0,0,0,0,0,0,0},{0,0,0,0,0,0,0,0,0},{0,0,0,0,0,0,0,0,0},{0,0,0,0,0,0,0,0,0},{0,0,0,0,0,0,0,0,0},{0,0,0,0,0,0,0,0,0},{0,0,0,0,0,0,0,0,0}}
]
00:17:22.473 [main] INFO  sudoku.model.SudokuBoard - Wartość 0 wstawiona nieprawidłowo
00:17:22.473 [main] INFO  sudoku.model.SudokuBoard - Bład w kwadracie 0
sudoku.model.SudokuBoard@5bb2fb2b[
  size=9
  solver=sudoku.model.BacktrackingSudokuSolver@2cee5365
  board={{4,1,5,2,6,7,8,3,9},{6,2,7,9,0,0,0,0,0},{0,0,0,0,0,0,0,0,0},{0,0,0,0,0,0,0,0,0},{0,0,0,0,0,0,0,0,0},{0,0,0,0,0,0,0,0,0},{0,0,0,0,0,0,0,0,0},{0,0,0,0,0,0,0,0,0},{0,0,0,0,0,0,0,0,0}}
]
00:17:22.473 [main] INFO  sudoku.model.SudokuBoard - Wartość 0 wstawiona nieprawidłowo
00:17:22.473 [main] INFO  sudoku.model.SudokuBoard - Bład w kwadracie 0
sudoku.model.SudokuBoard@5bb2fb2b[
  size=9
  solver=sudoku.model.BacktrackingSudokuSolver@2cee5365
  board={{4,1,5,2,6,7,8,3,9},{6,2,7,9,3,8,4,1,5},{8,9,3,1,4,5,6,2,7},{9,3,2,5,7,0,0,0,0},{0,0,0,0,0,0,0,0,0},{0,0,0,0,0,0,0,0,0},{0,0,0,0,0,0,0,0,0},{0,0,0,0,0,0,0,0,0},{0,0,0,0,0,0,0,0,0}}
]
00:17:22.474 [main] INFO  sudoku.model.SudokuBoard - Wartość 0 wstawiona nieprawidłowo
00:17:22.474 [main] INFO  sudoku.model.SudokuBoard - Bład w kwadracie 0
sudoku.model.SudokuBoard@5bb2fb2b[
  size=9
  solver=sudoku.model.BacktrackingSudokuSolver@2cee5365
  board={{4,1,5,2,6,7,8,3,9},{6,2,7,9,3,8,4,1,5},{8,9,3,1,4,5,6,2,7},{9,3,2,5,7,4,1,6,8},{7,8,1,3,2,9,5,0,0},{0,0,0,0,0,0,0,0,0},{0,0,0,0,0,0,0,0,0},{0,0,0,0,0,0,0,0,0},{0,0,0,0,0,0,0,0,0}}
]
00:17:22.474 [main] INFO  sudoku.model.SudokuBoard - Wartość 0 wstawiona nieprawidłowo
00:17:22.474 [main] INFO  sudoku.model.SudokuBoard - Bład w kwadracie 0
sudoku.model.SudokuBoard@5bb2fb2b[
  size=9
  solver=sudoku.model.BacktrackingSudokuSolver@2cee5365
  board={{4,1,5,2,6,7,8,3,9},{6,2,7,9,3,8,4,1,5},{8,9,3,1,4,5,6,2,7},{9,3,2,5,7,4,1,6,8},{7,8,1,3,2,9,0,0,0},{0,0,0,0,0,0,0,0,0},{0,0,0,0,0,0,0,0,0},{0,0,0,0,0,0,0,0,0},{0,0,0,0,0,0,0,0,0}}
]
00:17:22.474 [main] INFO  sudoku.model.SudokuBoard - Wartość 0 wstawiona nieprawidłowo
00:17:22.474 [main] INFO  sudoku.model.SudokuBoard - Bład w kwadracie 0
sudoku.model.SudokuBoard@5bb2fb2b[
  size=9
  solver=sudoku.model.BacktrackingSudokuSolver@2cee5365
  board={{4,1,5,2,6,7,8,3,9},{6,2,7,9,3,8,4,1,5},{8,9,3,1,4,5,6,2,7},{9,3,2,5,7,4,1,6,8},{7,8,1,3,2,0,0,0,0},{0,0,0,0,0,0,0,0,0},{0,0,0,0,0,0,0,0,0},{0,0,0,0,0,0,0,0,0},{0,0,0,0,0,0,0,0,0}}
]
00:17:22.474 [main] INFO  sudoku.model.SudokuBoard - Wartość 0 wstawiona nieprawidłowo
00:17:22.475 [main] INFO  sudoku.model.SudokuBoard - Bład w kwadracie 0
sudoku.model.SudokuBoard@5bb2fb2b[
  size=9
  solver=sudoku.model.BacktrackingSudokuSolver@2cee5365
  board={{4,1,5,2,6,7,8,3,9},{6,2,7,9,3,8,4,1,5},{8,9,3,1,4,5,6,2,7},{9,3,2,5,7,4,1,6,8},{7,8,1,3,2,6,5,9,4},{5,6,4,8,1,9,0,0,0},{0,0,0,0,0,0,0,0,0},{0,0,0,0,0,0,0,0,0},{0,0,0,0,0,0,0,0,0}}
]
00:17:22.475 [main] INFO  sudoku.model.SudokuBoard - Wartość 0 wstawiona nieprawidłowo
00:17:22.475 [main] INFO  sudoku.model.SudokuBoard - Bład w kwadracie 0
sudoku.model.SudokuBoard@5bb2fb2b[
  size=9
  solver=sudoku.model.BacktrackingSudokuSolver@2cee5365
  board={{4,1,5,2,6,7,8,3,9},{6,2,7,9,3,8,4,1,5},{8,9,3,1,4,5,6,2,7},{9,3,2,5,7,4,1,6,8},{7,8,1,3,2,6,5,9,4},{5,6,4,8,1,9,2,7,3},{1,4,6,7,5,2,9,0,0},{0,0,0,0,0,0,0,0,0},{0,0,0,0,0,0,0,0,0}}
]
00:17:22.475 [main] INFO  sudoku.model.SudokuBoard - Wartość 0 wstawiona nieprawidłowo
00:17:22.476 [main] INFO  sudoku.model.SudokuBoard - Bład w kwadracie 0
sudoku.model.SudokuBoard@5bb2fb2b[
  size=9
  solver=sudoku.model.BacktrackingSudokuSolver@2cee5365
  board={{4,1,5,2,6,7,8,3,9},{6,2,7,9,3,8,4,1,5},{8,9,3,1,4,5,6,2,7},{9,3,2,5,7,4,1,6,8},{7,8,1,3,2,6,5,9,4},{5,6,4,8,1,9,2,7,3},{1,4,6,7,5,2,0,0,0},{0,0,0,0,0,0,0,0,0},{0,0,0,0,0,0,0,0,0}}
]
00:17:22.476 [main] INFO  sudoku.model.SudokuBoard - Wartość 0 wstawiona nieprawidłowo
00:17:22.476 [main] INFO  sudoku.model.SudokuBoard - Bład w kwadracie 0
sudoku.model.SudokuBoard@5bb2fb2b[
  size=9
  solver=sudoku.model.BacktrackingSudokuSolver@2cee5365
  board={{4,1,5,2,6,7,8,3,9},{6,2,7,9,3,8,4,1,5},{8,9,3,1,4,5,6,2,7},{9,3,2,5,7,4,1,6,8},{7,8,1,3,2,6,5,9,4},{5,6,4,8,1,9,2,7,3},{1,4,6,7,5,2,3,0,0},{0,0,0,0,0,0,0,0,0},{0,0,0,0,0,0,0,0,0}}
]
00:17:22.476 [main] INFO  sudoku.model.SudokuBoard - Wartość 0 wstawiona nieprawidłowo
00:17:22.476 [main] INFO  sudoku.model.SudokuBoard - Bład w kwadracie 0
sudoku.model.SudokuBoard@5bb2fb2b[
  size=9
  solver=sudoku.model.BacktrackingSudokuSolver@2cee5365
  board={{4,1,5,2,6,7,8,3,9},{6,2,7,9,3,8,4,1,5},{8,9,3,1,4,5,6,2,7},{9,3,2,5,7,4,1,6,8},{7,8,1,3,2,6,5,9,4},{5,6,4,8,1,9,2,7,3},{1,4,6,7,5,2,0,0,0},{0,0,0,0,0,0,0,0,0},{0,0,0,0,0,0,0,0,0}}
]
00:17:22.476 [main] INFO  sudoku.model.SudokuBoard - Wartość 0 wstawiona nieprawidłowo
00:17:22.476 [main] INFO  sudoku.model.SudokuBoard - Bład w kwadracie 0
sudoku.model.SudokuBoard@5bb2fb2b[
  size=9
  solver=sudoku.model.BacktrackingSudokuSolver@2cee5365
  board={{4,1,5,2,6,7,8,3,9},{6,2,7,9,3,8,4,1,5},{8,9,3,1,4,5,6,2,7},{9,3,2,5,7,4,1,6,8},{7,8,1,3,2,6,5,9,4},{5,6,4,8,1,9,2,7,3},{1,4,6,7,5,0,0,0,0},{0,0,0,0,0,0,0,0,0},{0,0,0,0,0,0,0,0,0}}
]
00:17:22.476 [main] INFO  sudoku.model.SudokuBoard - Wartość 0 wstawiona nieprawidłowo
00:17:22.477 [main] INFO  sudoku.model.SudokuBoard - Bład w kwadracie 0
sudoku.model.SudokuBoard@5bb2fb2b[
  size=9
  solver=sudoku.model.BacktrackingSudokuSolver@2cee5365
  board={{4,1,5,2,6,7,8,3,9},{6,2,7,9,3,8,4,1,5},{8,9,3,1,4,5,6,2,7},{9,3,2,5,7,4,1,6,8},{7,8,1,3,2,6,5,9,4},{5,6,4,8,1,9,2,7,3},{1,4,6,7,5,3,9,8,2},{2,5,8,4,9,1,0,0,0},{0,0,0,0,0,0,0,0,0}}
]
00:17:22.477 [main] INFO  sudoku.model.SudokuBoard - Wartość 0 wstawiona nieprawidłowo
00:17:22.477 [main] INFO  sudoku.model.SudokuBoard - Bład w kwadracie 0
sudoku.model.SudokuBoard@5bb2fb2b[
  size=9
  solver=sudoku.model.BacktrackingSudokuSolver@2cee5365
  board={{4,1,5,2,6,7,8,3,9},{6,2,7,9,3,8,4,1,5},{8,9,3,1,4,5,6,2,7},{9,3,2,5,7,4,1,6,8},{7,8,1,3,2,6,5,9,4},{5,6,4,8,1,9,2,7,3},{1,4,6,7,5,3,9,8,2},{2,5,8,4,9,1,0,0,0},{0,0,0,0,0,0,0,0,0}}
]
00:17:22.477 [main] INFO  sudoku.model.SudokuBoard - Wartość 0 wstawiona nieprawidłowo
00:17:22.478 [main] INFO  sudoku.model.SudokuBoard - Bład w kwadracie 0
sudoku.model.SudokuBoard@5bb2fb2b[
  size=9
  solver=sudoku.model.BacktrackingSudokuSolver@2cee5365
  board={{4,1,5,2,6,7,8,3,9},{6,2,7,9,3,8,4,1,5},{8,9,3,1,4,5,6,2,7},{9,3,2,5,7,4,1,6,8},{7,8,1,3,2,6,5,9,4},{5,6,4,8,1,9,2,7,3},{1,4,6,7,5,3,9,8,2},{2,5,8,4,9,0,0,0,0},{0,0,0,0,0,0,0,0,0}}
]
00:17:22.478 [main] INFO  sudoku.model.SudokuBoard - Wartość 0 wstawiona nieprawidłowo
00:17:22.478 [main] INFO  sudoku.model.SudokuBoard - Bład w kwadracie 0
sudoku.model.SudokuBoard@5bb2fb2b[
  size=9
  solver=sudoku.model.BacktrackingSudokuSolver@2cee5365
  board={{4,1,5,2,6,7,8,3,9},{6,2,7,9,3,8,4,1,5},{8,9,3,1,4,5,6,2,7},{9,3,2,5,7,4,1,6,8},{7,8,1,3,2,6,5,9,4},{5,6,4,8,1,9,2,7,3},{1,4,6,7,5,3,9,8,2},{2,5,8,4,0,0,0,0,0},{0,0,0,0,0,0,0,0,0}}
]
00:17:22.478 [main] INFO  sudoku.model.SudokuBoard - Wartość 0 wstawiona nieprawidłowo
00:17:22.478 [main] INFO  sudoku.model.SudokuBoard - Bład w kwadracie 0
sudoku.model.SudokuBoard@5bb2fb2b[
  size=9
  solver=sudoku.model.BacktrackingSudokuSolver@2cee5365
  board={{4,1,5,2,6,7,8,3,9},{6,2,7,9,3,8,4,1,5},{8,9,3,1,4,5,6,2,7},{9,3,2,5,7,4,1,6,8},{7,8,1,3,2,6,5,9,4},{5,6,4,8,1,9,2,7,3},{1,4,6,7,5,3,9,8,2},{2,5,8,0,0,0,0,0,0},{0,0,0,0,0,0,0,0,0}}
]
00:17:22.478 [main] INFO  sudoku.model.SudokuBoard - Wartość 0 wstawiona nieprawidłowo
00:17:22.478 [main] INFO  sudoku.model.SudokuBoard - Bład w kwadracie 0
sudoku.model.SudokuBoard@5bb2fb2b[
  size=9
  solver=sudoku.model.BacktrackingSudokuSolver@2cee5365
  board={{4,1,5,2,6,7,8,3,9},{6,2,7,9,3,8,4,1,5},{8,9,3,1,4,5,6,2,7},{9,3,2,5,7,4,1,6,8},{7,8,1,3,2,6,5,9,4},{5,6,4,8,1,9,2,7,3},{1,4,6,7,5,3,9,8,2},{2,5,8,6,9,1,3,0,0},{0,0,0,0,0,0,0,0,0}}
]
00:17:22.478 [main] INFO  sudoku.model.SudokuBoard - Wartość 0 wstawiona nieprawidłowo
00:17:22.478 [main] INFO  sudoku.model.SudokuBoard - Bład w kwadracie 0
sudoku.model.SudokuBoard@5bb2fb2b[
  size=9
  solver=sudoku.model.BacktrackingSudokuSolver@2cee5365
  board={{4,1,5,2,6,7,8,3,9},{6,2,7,9,3,8,4,1,5},{8,9,3,1,4,5,6,2,7},{9,3,2,5,7,4,1,6,8},{7,8,1,3,2,6,5,9,4},{5,6,4,8,1,9,2,7,3},{1,4,6,7,5,3,9,8,2},{2,5,8,6,9,1,0,0,0},{0,0,0,0,0,0,0,0,0}}
]
00:17:22.478 [main] INFO  sudoku.model.SudokuBoard - Wartość 0 wstawiona nieprawidłowo
00:17:22.478 [main] INFO  sudoku.model.SudokuBoard - Bład w kwadracie 0
sudoku.model.SudokuBoard@5bb2fb2b[
  size=9
  solver=sudoku.model.BacktrackingSudokuSolver@2cee5365
  board={{4,1,5,2,6,7,8,3,9},{6,2,7,9,3,8,4,1,5},{8,9,3,1,4,5,6,2,7},{9,3,2,5,7,4,1,6,8},{7,8,1,3,2,6,5,9,4},{5,6,4,8,1,9,2,7,3},{1,4,6,7,5,3,9,8,2},{2,5,8,6,9,1,7,0,0},{0,0,0,0,0,0,0,0,0}}
]
00:17:22.479 [main] INFO  sudoku.model.SudokuBoard - Wartość 0 wstawiona nieprawidłowo
00:17:22.479 [main] INFO  sudoku.model.SudokuBoard - Bład w kwadracie 0
sudoku.model.SudokuBoard@5bb2fb2b[
  size=9
  solver=sudoku.model.BacktrackingSudokuSolver@2cee5365
  board={{4,1,5,2,6,7,8,3,9},{6,2,7,9,3,8,4,1,5},{8,9,3,1,4,5,6,2,7},{9,3,2,5,7,4,1,6,8},{7,8,1,3,2,6,5,9,4},{5,6,4,8,1,9,2,7,3},{1,4,6,7,5,3,9,8,2},{2,5,8,6,9,1,0,0,0},{0,0,0,0,0,0,0,0,0}}
]
00:17:22.479 [main] INFO  sudoku.model.SudokuBoard - Wartość 0 wstawiona nieprawidłowo
00:17:22.479 [main] INFO  sudoku.model.SudokuBoard - Bład w kwadracie 0
sudoku.model.SudokuBoard@5bb2fb2b[
  size=9
  solver=sudoku.model.BacktrackingSudokuSolver@2cee5365
  board={{4,1,5,2,6,7,8,3,9},{6,2,7,9,3,8,4,1,5},{8,9,3,1,4,5,6,2,7},{9,3,2,5,7,4,1,6,8},{7,8,1,3,2,6,5,9,4},{5,6,4,8,1,9,2,7,3},{1,4,6,7,5,3,9,8,2},{2,5,8,6,9,0,0,0,0},{0,0,0,0,0,0,0,0,0}}
]
00:17:22.479 [main] INFO  sudoku.model.SudokuBoard - Wartość 0 wstawiona nieprawidłowo
00:17:22.479 [main] INFO  sudoku.model.SudokuBoard - Bład w kwadracie 0
sudoku.model.SudokuBoard@5bb2fb2b[
  size=9
  solver=sudoku.model.BacktrackingSudokuSolver@2cee5365
  board={{4,1,5,2,6,7,8,3,9},{6,2,7,9,3,8,4,1,5},{8,9,3,1,4,5,6,2,7},{9,3,2,5,7,4,1,6,8},{7,8,1,3,2,6,5,9,4},{5,6,4,8,1,9,2,7,3},{1,4,6,7,5,3,9,8,2},{2,5,8,6,0,0,0,0,0},{0,0,0,0,0,0,0,0,0}}
]
00:17:22.480 [main] INFO  sudoku.model.SudokuBoard - Wartość 0 wstawiona nieprawidłowo
00:17:22.481 [main] INFO  sudoku.model.SudokuBoard - Bład w kwadracie 0
sudoku.model.SudokuBoard@5bb2fb2b[
  size=9
  solver=sudoku.model.BacktrackingSudokuSolver@2cee5365
  board={{4,1,5,2,6,7,8,3,9},{6,2,7,9,3,8,4,1,5},{8,9,3,1,4,5,6,2,7},{9,3,2,5,7,4,1,6,8},{7,8,1,3,2,6,5,9,4},{5,6,4,8,1,9,2,7,3},{1,4,6,7,5,3,9,8,2},{2,5,8,0,0,0,0,0,0},{0,0,0,0,0,0,0,0,0}}
]
00:17:22.481 [main] INFO  sudoku.model.SudokuBoard - Wartość 0 wstawiona nieprawidłowo
00:17:22.481 [main] INFO  sudoku.model.SudokuBoard - Bład w kwadracie 0
sudoku.model.SudokuBoard@5bb2fb2b[
  size=9
  solver=sudoku.model.BacktrackingSudokuSolver@2cee5365
  board={{4,1,5,2,6,7,8,3,9},{6,2,7,9,3,8,4,1,5},{8,9,3,1,4,5,6,2,7},{9,3,2,5,7,4,1,6,8},{7,8,1,3,2,6,5,9,4},{5,6,4,8,1,9,2,7,3},{1,4,6,7,5,3,9,8,2},{2,5,0,0,0,0,0,0,0},{0,0,0,0,0,0,0,0,0}}
]
00:17:22.481 [main] INFO  sudoku.model.SudokuBoard - Wartość 0 wstawiona nieprawidłowo
00:17:22.481 [main] INFO  sudoku.model.SudokuBoard - Bład w kwadracie 0
sudoku.model.SudokuBoard@5bb2fb2b[
  size=9
  solver=sudoku.model.BacktrackingSudokuSolver@2cee5365
  board={{4,1,5,2,6,7,8,3,9},{6,2,7,9,3,8,4,1,5},{8,9,3,1,4,5,6,2,7},{9,3,2,5,7,4,1,6,8},{7,8,1,3,2,6,5,9,4},{5,6,4,8,1,9,2,7,3},{1,4,6,7,5,3,9,8,2},{2,5,9,4,8,1,0,0,0},{0,0,0,0,0,0,0,0,0}}
]
00:17:22.482 [main] INFO  sudoku.model.SudokuBoard - Wartość 0 wstawiona nieprawidłowo
00:17:22.482 [main] INFO  sudoku.model.SudokuBoard - Bład w kwadracie 0
sudoku.model.SudokuBoard@5bb2fb2b[
  size=9
  solver=sudoku.model.BacktrackingSudokuSolver@2cee5365
  board={{4,1,5,2,6,7,8,3,9},{6,2,7,9,3,8,4,1,5},{8,9,3,1,4,5,6,2,7},{9,3,2,5,7,4,1,6,8},{7,8,1,3,2,6,5,9,4},{5,6,4,8,1,9,2,7,3},{1,4,6,7,5,3,9,8,2},{2,5,9,4,8,1,0,0,0},{0,0,0,0,0,0,0,0,0}}
]
00:17:22.482 [main] INFO  sudoku.model.SudokuBoard - Wartość 0 wstawiona nieprawidłowo
00:17:22.482 [main] INFO  sudoku.model.SudokuBoard - Bład w kwadracie 0
sudoku.model.SudokuBoard@5bb2fb2b[
  size=9
  solver=sudoku.model.BacktrackingSudokuSolver@2cee5365
  board={{4,1,5,2,6,7,8,3,9},{6,2,7,9,3,8,4,1,5},{8,9,3,1,4,5,6,2,7},{9,3,2,5,7,4,1,6,8},{7,8,1,3,2,6,5,9,4},{5,6,4,8,1,9,2,7,3},{1,4,6,7,5,3,9,8,2},{2,5,9,4,8,0,0,0,0},{0,0,0,0,0,0,0,0,0}}
]
00:17:22.482 [main] INFO  sudoku.model.SudokuBoard - Wartość 0 wstawiona nieprawidłowo
00:17:22.482 [main] INFO  sudoku.model.SudokuBoard - Bład w kwadracie 0
sudoku.model.SudokuBoard@5bb2fb2b[
  size=9
  solver=sudoku.model.BacktrackingSudokuSolver@2cee5365
  board={{4,1,5,2,6,7,8,3,9},{6,2,7,9,3,8,4,1,5},{8,9,3,1,4,5,6,2,7},{9,3,2,5,7,4,1,6,8},{7,8,1,3,2,6,5,9,4},{5,6,4,8,1,9,2,7,3},{1,4,6,7,5,3,9,8,2},{2,5,9,4,0,0,0,0,0},{0,0,0,0,0,0,0,0,0}}
]
00:17:22.482 [main] INFO  sudoku.model.SudokuBoard - Wartość 0 wstawiona nieprawidłowo
00:17:22.482 [main] INFO  sudoku.model.SudokuBoard - Bład w kwadracie 0
sudoku.model.SudokuBoard@5bb2fb2b[
  size=9
  solver=sudoku.model.BacktrackingSudokuSolver@2cee5365
  board={{4,1,5,2,6,7,8,3,9},{6,2,7,9,3,8,4,1,5},{8,9,3,1,4,5,6,2,7},{9,3,2,5,7,4,1,6,8},{7,8,1,3,2,6,5,9,4},{5,6,4,8,1,9,2,7,3},{1,4,6,7,5,3,9,8,2},{2,5,9,0,0,0,0,0,0},{0,0,0,0,0,0,0,0,0}}
]
00:17:22.482 [main] INFO  sudoku.model.SudokuBoard - Wartość 0 wstawiona nieprawidłowo
00:17:22.482 [main] INFO  sudoku.model.SudokuBoard - Bład w kwadracie 0
sudoku.model.SudokuBoard@5bb2fb2b[
  size=9
  solver=sudoku.model.BacktrackingSudokuSolver@2cee5365
  board={{4,1,5,2,6,7,8,3,9},{6,2,7,9,3,8,4,1,5},{8,9,3,1,4,5,6,2,7},{9,3,2,5,7,4,1,6,8},{7,8,1,3,2,6,5,9,4},{5,6,4,8,1,9,2,7,3},{1,4,6,7,5,3,9,8,2},{2,5,9,6,8,1,7,0,0},{0,0,0,0,0,0,0,0,0}}
]
00:17:22.482 [main] INFO  sudoku.model.SudokuBoard - Wartość 0 wstawiona nieprawidłowo
00:17:22.482 [main] INFO  sudoku.model.SudokuBoard - Bład w kwadracie 0
sudoku.model.SudokuBoard@5bb2fb2b[
  size=9
  solver=sudoku.model.BacktrackingSudokuSolver@2cee5365
  board={{4,1,5,2,6,7,8,3,9},{6,2,7,9,3,8,4,1,5},{8,9,3,1,4,5,6,2,7},{9,3,2,5,7,4,1,6,8},{7,8,1,3,2,6,5,9,4},{5,6,4,8,1,9,2,7,3},{1,4,6,7,5,3,9,8,2},{2,5,9,6,8,1,0,0,0},{0,0,0,0,0,0,0,0,0}}
]
00:17:22.483 [main] INFO  sudoku.model.SudokuBoard - Wartość 0 wstawiona nieprawidłowo
00:17:22.483 [main] INFO  sudoku.model.SudokuBoard - Bład w kwadracie 0
sudoku.model.SudokuBoard@5bb2fb2b[
  size=9
  solver=sudoku.model.BacktrackingSudokuSolver@2cee5365
  board={{4,1,5,2,6,7,8,3,9},{6,2,7,9,3,8,4,1,5},{8,9,3,1,4,5,6,2,7},{9,3,2,5,7,4,1,6,8},{7,8,1,3,2,6,5,9,4},{5,6,4,8,1,9,2,7,3},{1,4,6,7,5,3,9,8,2},{2,5,9,6,8,1,3,0,0},{0,0,0,0,0,0,0,0,0}}
]
00:17:22.483 [main] INFO  sudoku.model.SudokuBoard - Wartość 0 wstawiona nieprawidłowo
00:17:22.483 [main] INFO  sudoku.model.SudokuBoard - Bład w kwadracie 0
sudoku.model.SudokuBoard@5bb2fb2b[
  size=9
  solver=sudoku.model.BacktrackingSudokuSolver@2cee5365
  board={{4,1,5,2,6,7,8,3,9},{6,2,7,9,3,8,4,1,5},{8,9,3,1,4,5,6,2,7},{9,3,2,5,7,4,1,6,8},{7,8,1,3,2,6,5,9,4},{5,6,4,8,1,9,2,7,3},{1,4,6,7,5,3,9,8,2},{2,5,9,6,8,1,0,0,0},{0,0,0,0,0,0,0,0,0}}
]
00:17:22.483 [main] INFO  sudoku.model.SudokuBoard - Wartość 0 wstawiona nieprawidłowo
00:17:22.483 [main] INFO  sudoku.model.SudokuBoard - Bład w kwadracie 0
sudoku.model.SudokuBoard@5bb2fb2b[
  size=9
  solver=sudoku.model.BacktrackingSudokuSolver@2cee5365
  board={{4,1,5,2,6,7,8,3,9},{6,2,7,9,3,8,4,1,5},{8,9,3,1,4,5,6,2,7},{9,3,2,5,7,4,1,6,8},{7,8,1,3,2,6,5,9,4},{5,6,4,8,1,9,2,7,3},{1,4,6,7,5,3,9,8,2},{2,5,9,6,8,0,0,0,0},{0,0,0,0,0,0,0,0,0}}
]
00:17:22.483 [main] INFO  sudoku.model.SudokuBoard - Wartość 0 wstawiona nieprawidłowo
00:17:22.483 [main] INFO  sudoku.model.SudokuBoard - Bład w kwadracie 0
sudoku.model.SudokuBoard@5bb2fb2b[
  size=9
  solver=sudoku.model.BacktrackingSudokuSolver@2cee5365
  board={{4,1,5,2,6,7,8,3,9},{6,2,7,9,3,8,4,1,5},{8,9,3,1,4,5,6,2,7},{9,3,2,5,7,4,1,6,8},{7,8,1,3,2,6,5,9,4},{5,6,4,8,1,9,2,7,3},{1,4,6,7,5,3,9,8,2},{2,5,9,6,0,0,0,0,0},{0,0,0,0,0,0,0,0,0}}
]
00:17:22.483 [main] INFO  sudoku.model.SudokuBoard - Wartość 0 wstawiona nieprawidłowo
00:17:22.483 [main] INFO  sudoku.model.SudokuBoard - Bład w kwadracie 0
sudoku.model.SudokuBoard@5bb2fb2b[
  size=9
  solver=sudoku.model.BacktrackingSudokuSolver@2cee5365
  board={{4,1,5,2,6,7,8,3,9},{6,2,7,9,3,8,4,1,5},{8,9,3,1,4,5,6,2,7},{9,3,2,5,7,4,1,6,8},{7,8,1,3,2,6,5,9,4},{5,6,4,8,1,9,2,7,3},{1,4,6,7,5,3,9,8,2},{2,5,9,0,0,0,0,0,0},{0,0,0,0,0,0,0,0,0}}
]
00:17:22.483 [main] INFO  sudoku.model.SudokuBoard - Wartość 0 wstawiona nieprawidłowo
00:17:22.484 [main] INFO  sudoku.model.SudokuBoard - Bład w kwadracie 0
sudoku.model.SudokuBoard@5bb2fb2b[
  size=9
  solver=sudoku.model.BacktrackingSudokuSolver@2cee5365
  board={{4,1,5,2,6,7,8,3,9},{6,2,7,9,3,8,4,1,5},{8,9,3,1,4,5,6,2,7},{9,3,2,5,7,4,1,6,8},{7,8,1,3,2,6,5,9,4},{5,6,4,8,1,9,2,7,3},{1,4,6,7,5,3,9,8,2},{2,5,0,0,0,0,0,0,0},{0,0,0,0,0,0,0,0,0}}
]
00:17:22.484 [main] INFO  sudoku.model.SudokuBoard - Wartość 0 wstawiona nieprawidłowo
00:17:22.484 [main] INFO  sudoku.model.SudokuBoard - Bład w kwadracie 0
sudoku.model.SudokuBoard@5bb2fb2b[
  size=9
  solver=sudoku.model.BacktrackingSudokuSolver@2cee5365
  board={{4,1,5,2,6,7,8,3,9},{6,2,7,9,3,8,4,1,5},{8,9,3,1,4,5,6,2,7},{9,3,2,5,7,4,1,6,8},{7,8,1,3,2,6,5,9,4},{5,6,4,8,1,9,2,7,3},{1,4,6,7,5,3,9,8,2},{2,0,0,0,0,0,0,0,0},{0,0,0,0,0,0,0,0,0}}
]
00:17:22.484 [main] INFO  sudoku.model.SudokuBoard - Wartość 0 wstawiona nieprawidłowo
00:17:22.484 [main] INFO  sudoku.model.SudokuBoard - Bład w kwadracie 0
sudoku.model.SudokuBoard@5bb2fb2b[
  size=9
  solver=sudoku.model.BacktrackingSudokuSolver@2cee5365
  board={{4,1,5,2,6,7,8,3,9},{6,2,7,9,3,8,4,1,5},{8,9,3,1,4,5,6,2,7},{9,3,2,5,7,4,1,6,8},{7,8,1,3,2,6,5,9,4},{5,6,4,8,1,9,2,7,3},{1,4,6,7,5,3,9,8,2},{2,7,8,6,9,1,3,0,0},{0,0,0,0,0,0,0,0,0}}
]
00:17:22.484 [main] INFO  sudoku.model.SudokuBoard - Wartość 0 wstawiona nieprawidłowo
00:17:22.485 [main] INFO  sudoku.model.SudokuBoard - Bład w kwadracie 0
sudoku.model.SudokuBoard@5bb2fb2b[
  size=9
  solver=sudoku.model.BacktrackingSudokuSolver@2cee5365
  board={{4,1,5,2,6,7,8,3,9},{6,2,7,9,3,8,4,1,5},{8,9,3,1,4,5,6,2,7},{9,3,2,5,7,4,1,6,8},{7,8,1,3,2,6,5,9,4},{5,6,4,8,1,9,2,7,3},{1,4,6,7,5,3,9,8,2},{2,7,8,6,9,1,3,0,0},{0,0,0,0,0,0,0,0,0}}
]
00:17:22.485 [main] INFO  sudoku.model.SudokuBoard - Wartość 0 wstawiona nieprawidłowo
00:17:22.485 [main] INFO  sudoku.model.SudokuBoard - Bład w kwadracie 0
sudoku.model.SudokuBoard@5bb2fb2b[
  size=9
  solver=sudoku.model.BacktrackingSudokuSolver@2cee5365
  board={{4,1,5,2,6,7,8,3,9},{6,2,7,9,3,8,4,1,5},{8,9,3,1,4,5,6,2,7},{9,3,2,5,7,4,1,6,8},{7,8,1,3,2,6,5,9,4},{5,6,4,8,1,9,2,7,3},{1,4,6,7,5,3,9,8,2},{2,7,8,6,9,1,0,0,0},{0,0,0,0,0,0,0,0,0}}
]
00:17:22.485 [main] INFO  sudoku.model.SudokuBoard - Wartość 0 wstawiona nieprawidłowo
00:17:22.485 [main] INFO  sudoku.model.SudokuBoard - Bład w kwadracie 0
sudoku.model.SudokuBoard@5bb2fb2b[
  size=9
  solver=sudoku.model.BacktrackingSudokuSolver@2cee5365
  board={{4,1,5,2,6,7,8,3,9},{6,2,7,9,3,8,4,1,5},{8,9,3,1,4,5,6,2,7},{9,3,2,5,7,4,1,6,8},{7,8,1,3,2,6,5,9,4},{5,6,4,8,1,9,2,7,3},{1,4,6,7,5,3,9,8,2},{2,7,8,6,9,0,0,0,0},{0,0,0,0,0,0,0,0,0}}
]
00:17:22.485 [main] INFO  sudoku.model.SudokuBoard - Wartość 0 wstawiona nieprawidłowo
00:17:22.485 [main] INFO  sudoku.model.SudokuBoard - Bład w kwadracie 0
sudoku.model.SudokuBoard@5bb2fb2b[
  size=9
  solver=sudoku.model.BacktrackingSudokuSolver@2cee5365
  board={{4,1,5,2,6,7,8,3,9},{6,2,7,9,3,8,4,1,5},{8,9,3,1,4,5,6,2,7},{9,3,2,5,7,4,1,6,8},{7,8,1,3,2,6,5,9,4},{5,6,4,8,1,9,2,7,3},{1,4,6,7,5,3,9,8,2},{2,7,8,6,0,0,0,0,0},{0,0,0,0,0,0,0,0,0}}
]
00:17:22.485 [main] INFO  sudoku.model.SudokuBoard - Wartość 0 wstawiona nieprawidłowo
00:17:22.485 [main] INFO  sudoku.model.SudokuBoard - Bład w kwadracie 0
sudoku.model.SudokuBoard@5bb2fb2b[
  size=9
  solver=sudoku.model.BacktrackingSudokuSolver@2cee5365
  board={{4,1,5,2,6,7,8,3,9},{6,2,7,9,3,8,4,1,5},{8,9,3,1,4,5,6,2,7},{9,3,2,5,7,4,1,6,8},{7,8,1,3,2,6,5,9,4},{5,6,4,8,1,9,2,7,3},{1,4,6,7,5,3,9,8,2},{2,7,8,0,0,0,0,0,0},{0,0,0,0,0,0,0,0,0}}
]
00:17:22.485 [main] INFO  sudoku.model.SudokuBoard - Wartość 0 wstawiona nieprawidłowo
00:17:22.485 [main] INFO  sudoku.model.SudokuBoard - Bład w kwadracie 0
sudoku.model.SudokuBoard@5bb2fb2b[
  size=9
  solver=sudoku.model.BacktrackingSudokuSolver@2cee5365
  board={{1,1,5,2,6,7,8,3,9},{6,2,7,9,3,8,4,1,5},{8,9,3,1,4,5,6,2,7},{9,3,2,5,7,4,1,6,8},{7,8,1,3,2,6,5,9,4},{5,6,4,8,1,9,2,7,3},{1,4,6,7,5,3,9,8,2},{2,7,8,4,9,1,3,5,6},{3,5,9,6,8,2,7,4,1}}
]
00:17:22.485 [main] INFO  sudoku.model.SudokuBoard - Wartość 1 wstawiona nieprawidłowo
00:17:22.486 [main] INFO  sudoku.model.SudokuBoard - Bład w kwadracie 0
sudoku.model.SudokuBoard@64c8fcfb[
  size=9
  solver=sudoku.model.BacktrackingSudokuSolver@2cee5365
  board={{1,1,5,2,6,7,8,3,9},{6,2,7,9,3,8,4,1,5},{8,9,3,1,4,5,6,2,7},{9,3,2,5,7,4,1,6,8},{7,8,1,3,2,6,5,9,4},{5,6,4,8,1,9,2,7,3},{1,4,6,7,5,3,9,8,2},{2,7,8,4,9,1,3,5,6},{3,5,9,6,8,2,7,4,1}}
]
]]></system-out>
  </testcase>
  <testcase name="testEqualsDiffrentInstance" classname="sudoku.model.SudokuBoardTest" time="0.003"/>
  <testcase name="cloneTest" classname="sudoku.model.SudokuBoardTest" time="0.04">
    <system-out><![CDATA[00:17:22.491 [main] INFO  sudoku.model.SudokuBoard - Bład w kwadracie 0
sudoku.model.SudokuBoard@19105a87[
  size=9
  solver=sudoku.model.BacktrackingSudokuSolver@83b0d0f
  board={{8,9,1,7,3,2,6,5,4},{5,4,6,8,9,1,2,3,7},{7,2,3,5,4,6,8,9,1},{9,1,2,3,5,7,4,6,8},{6,3,4,1,8,9,7,2,0},{0,0,0,0,0,0,0,0,0},{0,0,0,0,0,0,0,0,0},{0,0,0,0,0,0,0,0,0},{0,0,0,0,0,0,0,0,0}}
]
00:17:22.491 [main] INFO  sudoku.model.SudokuBoard - Wartość 0 wstawiona nieprawidłowo
00:17:22.491 [main] INFO  sudoku.model.SudokuBoard - Bład w kwadracie 0
sudoku.model.SudokuBoard@19105a87[
  size=9
  solver=sudoku.model.BacktrackingSudokuSolver@83b0d0f
  board={{8,9,1,7,3,2,6,5,4},{5,4,6,8,9,1,2,3,7},{7,2,3,5,4,6,8,9,1},{9,1,2,3,5,7,4,6,8},{6,3,4,1,8,9,7,0,0},{0,0,0,0,0,0,0,0,0},{0,0,0,0,0,0,0,0,0},{0,0,0,0,0,0,0,0,0},{0,0,0,0,0,0,0,0,0}}
]
00:17:22.491 [main] INFO  sudoku.model.SudokuBoard - Wartość 0 wstawiona nieprawidłowo
00:17:22.491 [main] INFO  sudoku.model.SudokuBoard - Bład w kwadracie 0
sudoku.model.SudokuBoard@19105a87[
  size=9
  solver=sudoku.model.BacktrackingSudokuSolver@83b0d0f
  board={{8,9,1,7,3,2,6,5,4},{5,4,6,8,9,1,2,3,7},{7,2,3,5,4,6,8,9,1},{9,1,2,3,5,7,4,6,8},{6,3,4,1,8,9,0,0,0},{0,0,0,0,0,0,0,0,0},{0,0,0,0,0,0,0,0,0},{0,0,0,0,0,0,0,0,0},{0,0,0,0,0,0,0,0,0}}
]
00:17:22.491 [main] INFO  sudoku.model.SudokuBoard - Wartość 0 wstawiona nieprawidłowo
00:17:22.492 [main] INFO  sudoku.model.SudokuBoard - Bład w kwadracie 0
sudoku.model.SudokuBoard@19105a87[
  size=9
  solver=sudoku.model.BacktrackingSudokuSolver@83b0d0f
  board={{8,9,1,7,3,2,6,5,4},{5,4,6,8,9,1,2,3,7},{7,2,3,5,4,6,8,9,1},{9,1,2,3,5,7,4,6,8},{6,3,4,1,8,9,5,0,0},{0,0,0,0,0,0,0,0,0},{0,0,0,0,0,0,0,0,0},{0,0,0,0,0,0,0,0,0},{0,0,0,0,0,0,0,0,0}}
]
00:17:22.492 [main] INFO  sudoku.model.SudokuBoard - Wartość 0 wstawiona nieprawidłowo
00:17:22.492 [main] INFO  sudoku.model.SudokuBoard - Bład w kwadracie 0
sudoku.model.SudokuBoard@19105a87[
  size=9
  solver=sudoku.model.BacktrackingSudokuSolver@83b0d0f
  board={{8,9,1,7,3,2,6,5,4},{5,4,6,8,9,1,2,3,7},{7,2,3,5,4,6,8,9,1},{9,1,2,3,5,7,4,6,8},{6,3,4,1,8,9,5,7,0},{0,0,0,0,0,0,0,0,0},{0,0,0,0,0,0,0,0,0},{0,0,0,0,0,0,0,0,0},{0,0,0,0,0,0,0,0,0}}
]
00:17:22.492 [main] INFO  sudoku.model.SudokuBoard - Wartość 0 wstawiona nieprawidłowo
00:17:22.492 [main] INFO  sudoku.model.SudokuBoard - Bład w kwadracie 0
sudoku.model.SudokuBoard@19105a87[
  size=9
  solver=sudoku.model.BacktrackingSudokuSolver@83b0d0f
  board={{8,9,1,7,3,2,6,5,4},{5,4,6,8,9,1,2,3,7},{7,2,3,5,4,6,8,9,1},{9,1,2,3,5,7,4,6,8},{6,3,4,1,8,9,5,0,0},{0,0,0,0,0,0,0,0,0},{0,0,0,0,0,0,0,0,0},{0,0,0,0,0,0,0,0,0},{0,0,0,0,0,0,0,0,0}}
]
00:17:22.492 [main] INFO  sudoku.model.SudokuBoard - Wartość 0 wstawiona nieprawidłowo
00:17:22.492 [main] INFO  sudoku.model.SudokuBoard - Bład w kwadracie 0
sudoku.model.SudokuBoard@19105a87[
  size=9
  solver=sudoku.model.BacktrackingSudokuSolver@83b0d0f
  board={{8,9,1,7,3,2,6,5,4},{5,4,6,8,9,1,2,3,7},{7,2,3,5,4,6,8,9,1},{9,1,2,3,5,7,4,6,8},{6,3,4,1,8,9,0,0,0},{0,0,0,0,0,0,0,0,0},{0,0,0,0,0,0,0,0,0},{0,0,0,0,0,0,0,0,0},{0,0,0,0,0,0,0,0,0}}
]
00:17:22.492 [main] INFO  sudoku.model.SudokuBoard - Wartość 0 wstawiona nieprawidłowo
00:17:22.492 [main] INFO  sudoku.model.SudokuBoard - Bład w kwadracie 0
sudoku.model.SudokuBoard@19105a87[
  size=9
  solver=sudoku.model.BacktrackingSudokuSolver@83b0d0f
  board={{8,9,1,7,3,2,6,5,4},{5,4,6,8,9,1,2,3,7},{7,2,3,5,4,6,8,9,1},{9,1,2,3,5,7,4,6,8},{6,3,4,1,8,0,0,0,0},{0,0,0,0,0,0,0,0,0},{0,0,0,0,0,0,0,0,0},{0,0,0,0,0,0,0,0,0},{0,0,0,0,0,0,0,0,0}}
]
00:17:22.492 [main] INFO  sudoku.model.SudokuBoard - Wartość 0 wstawiona nieprawidłowo
00:17:22.492 [main] INFO  sudoku.model.SudokuBoard - Bład w kwadracie 0
sudoku.model.SudokuBoard@19105a87[
  size=9
  solver=sudoku.model.BacktrackingSudokuSolver@83b0d0f
  board={{8,9,1,7,3,2,6,5,4},{5,4,6,8,9,1,2,3,7},{7,2,3,5,4,6,8,9,1},{9,1,2,3,5,7,4,6,8},{6,3,4,1,0,0,0,0,0},{0,0,0,0,0,0,0,0,0},{0,0,0,0,0,0,0,0,0},{0,0,0,0,0,0,0,0,0},{0,0,0,0,0,0,0,0,0}}
]
00:17:22.492 [main] INFO  sudoku.model.SudokuBoard - Wartość 0 wstawiona nieprawidłowo
00:17:22.492 [main] INFO  sudoku.model.SudokuBoard - Bład w kwadracie 0
sudoku.model.SudokuBoard@19105a87[
  size=9
  solver=sudoku.model.BacktrackingSudokuSolver@83b0d0f
  board={{8,9,1,7,3,2,6,5,4},{5,4,6,8,9,1,2,3,7},{7,2,3,5,4,6,8,9,1},{9,1,2,3,5,7,4,6,8},{6,3,4,1,2,8,5,7,0},{0,0,0,0,0,0,0,0,0},{0,0,0,0,0,0,0,0,0},{0,0,0,0,0,0,0,0,0},{0,0,0,0,0,0,0,0,0}}
]
00:17:22.493 [main] INFO  sudoku.model.SudokuBoard - Wartość 0 wstawiona nieprawidłowo
00:17:22.493 [main] INFO  sudoku.model.SudokuBoard - Bład w kwadracie 0
sudoku.model.SudokuBoard@19105a87[
  size=9
  solver=sudoku.model.BacktrackingSudokuSolver@83b0d0f
  board={{8,9,1,7,3,2,6,5,4},{5,4,6,8,9,1,2,3,7},{7,2,3,5,4,6,8,9,1},{9,1,2,3,5,7,4,6,8},{6,3,4,1,2,8,5,0,0},{0,0,0,0,0,0,0,0,0},{0,0,0,0,0,0,0,0,0},{0,0,0,0,0,0,0,0,0},{0,0,0,0,0,0,0,0,0}}
]
00:17:22.493 [main] INFO  sudoku.model.SudokuBoard - Wartość 0 wstawiona nieprawidłowo
00:17:22.493 [main] INFO  sudoku.model.SudokuBoard - Bład w kwadracie 0
sudoku.model.SudokuBoard@19105a87[
  size=9
  solver=sudoku.model.BacktrackingSudokuSolver@83b0d0f
  board={{8,9,1,7,3,2,6,5,4},{5,4,6,8,9,1,2,3,7},{7,2,3,5,4,6,8,9,1},{9,1,2,3,5,7,4,6,8},{6,3,4,1,2,8,0,0,0},{0,0,0,0,0,0,0,0,0},{0,0,0,0,0,0,0,0,0},{0,0,0,0,0,0,0,0,0},{0,0,0,0,0,0,0,0,0}}
]
00:17:22.493 [main] INFO  sudoku.model.SudokuBoard - Wartość 0 wstawiona nieprawidłowo
00:17:22.493 [main] INFO  sudoku.model.SudokuBoard - Bład w kwadracie 0
sudoku.model.SudokuBoard@19105a87[
  size=9
  solver=sudoku.model.BacktrackingSudokuSolver@83b0d0f
  board={{8,9,1,7,3,2,6,5,4},{5,4,6,8,9,1,2,3,7},{7,2,3,5,4,6,8,9,1},{9,1,2,3,5,7,4,6,8},{6,3,4,1,2,8,0,0,0},{0,0,0,0,0,0,0,0,0},{0,0,0,0,0,0,0,0,0},{0,0,0,0,0,0,0,0,0},{0,0,0,0,0,0,0,0,0}}
]
00:17:22.493 [main] INFO  sudoku.model.SudokuBoard - Wartość 0 wstawiona nieprawidłowo
00:17:22.493 [main] INFO  sudoku.model.SudokuBoard - Bład w kwadracie 0
sudoku.model.SudokuBoard@19105a87[
  size=9
  solver=sudoku.model.BacktrackingSudokuSolver@83b0d0f
  board={{8,9,1,7,3,2,6,5,4},{5,4,6,8,9,1,2,3,7},{7,2,3,5,4,6,8,9,1},{9,1,2,3,5,7,4,6,8},{6,3,4,1,2,8,9,7,0},{0,0,0,0,0,0,0,0,0},{0,0,0,0,0,0,0,0,0},{0,0,0,0,0,0,0,0,0},{0,0,0,0,0,0,0,0,0}}
]
00:17:22.493 [main] INFO  sudoku.model.SudokuBoard - Wartość 0 wstawiona nieprawidłowo
00:17:22.493 [main] INFO  sudoku.model.SudokuBoard - Bład w kwadracie 0
sudoku.model.SudokuBoard@19105a87[
  size=9
  solver=sudoku.model.BacktrackingSudokuSolver@83b0d0f
  board={{8,9,1,7,3,2,6,5,4},{5,4,6,8,9,1,2,3,7},{7,2,3,5,4,6,8,9,1},{9,1,2,3,5,7,4,6,8},{6,3,4,1,2,8,9,0,0},{0,0,0,0,0,0,0,0,0},{0,0,0,0,0,0,0,0,0},{0,0,0,0,0,0,0,0,0},{0,0,0,0,0,0,0,0,0}}
]
00:17:22.493 [main] INFO  sudoku.model.SudokuBoard - Wartość 0 wstawiona nieprawidłowo
00:17:22.493 [main] INFO  sudoku.model.SudokuBoard - Bład w kwadracie 0
sudoku.model.SudokuBoard@19105a87[
  size=9
  solver=sudoku.model.BacktrackingSudokuSolver@83b0d0f
  board={{8,9,1,7,3,2,6,5,4},{5,4,6,8,9,1,2,3,7},{7,2,3,5,4,6,8,9,1},{9,1,2,3,5,7,4,6,8},{6,3,4,1,2,8,0,0,0},{0,0,0,0,0,0,0,0,0},{0,0,0,0,0,0,0,0,0},{0,0,0,0,0,0,0,0,0},{0,0,0,0,0,0,0,0,0}}
]
00:17:22.493 [main] INFO  sudoku.model.SudokuBoard - Wartość 0 wstawiona nieprawidłowo
00:17:22.494 [main] INFO  sudoku.model.SudokuBoard - Bład w kwadracie 0
sudoku.model.SudokuBoard@19105a87[
  size=9
  solver=sudoku.model.BacktrackingSudokuSolver@83b0d0f
  board={{8,9,1,7,3,2,6,5,4},{5,4,6,8,9,1,2,3,7},{7,2,3,5,4,6,8,9,1},{9,1,2,3,5,7,4,6,8},{6,3,4,1,2,0,0,0,0},{0,0,0,0,0,0,0,0,0},{0,0,0,0,0,0,0,0,0},{0,0,0,0,0,0,0,0,0},{0,0,0,0,0,0,0,0,0}}
]
00:17:22.494 [main] INFO  sudoku.model.SudokuBoard - Wartość 0 wstawiona nieprawidłowo
00:17:22.494 [main] INFO  sudoku.model.SudokuBoard - Bład w kwadracie 0
sudoku.model.SudokuBoard@19105a87[
  size=9
  solver=sudoku.model.BacktrackingSudokuSolver@83b0d0f
  board={{8,9,1,7,3,2,6,5,4},{5,4,6,8,9,1,2,3,7},{7,2,3,5,4,6,8,9,1},{9,1,2,3,5,7,4,6,8},{6,3,4,1,2,9,5,0,0},{0,0,0,0,0,0,0,0,0},{0,0,0,0,0,0,0,0,0},{0,0,0,0,0,0,0,0,0},{0,0,0,0,0,0,0,0,0}}
]
00:17:22.494 [main] INFO  sudoku.model.SudokuBoard - Wartość 0 wstawiona nieprawidłowo
00:17:22.494 [main] INFO  sudoku.model.SudokuBoard - Bład w kwadracie 0
sudoku.model.SudokuBoard@19105a87[
  size=9
  solver=sudoku.model.BacktrackingSudokuSolver@83b0d0f
  board={{8,9,1,7,3,2,6,5,4},{5,4,6,8,9,1,2,3,7},{7,2,3,5,4,6,8,9,1},{9,1,2,3,5,7,4,6,8},{6,3,4,1,2,9,0,0,0},{0,0,0,0,0,0,0,0,0},{0,0,0,0,0,0,0,0,0},{0,0,0,0,0,0,0,0,0},{0,0,0,0,0,0,0,0,0}}
]
00:17:22.494 [main] INFO  sudoku.model.SudokuBoard - Wartość 0 wstawiona nieprawidłowo
00:17:22.494 [main] INFO  sudoku.model.SudokuBoard - Bład w kwadracie 0
sudoku.model.SudokuBoard@19105a87[
  size=9
  solver=sudoku.model.BacktrackingSudokuSolver@83b0d0f
  board={{8,9,1,7,3,2,6,5,4},{5,4,6,8,9,1,2,3,7},{7,2,3,5,4,6,8,9,1},{9,1,2,3,5,7,4,6,8},{6,3,4,1,2,9,0,0,0},{0,0,0,0,0,0,0,0,0},{0,0,0,0,0,0,0,0,0},{0,0,0,0,0,0,0,0,0},{0,0,0,0,0,0,0,0,0}}
]
00:17:22.494 [main] INFO  sudoku.model.SudokuBoard - Wartość 0 wstawiona nieprawidłowo
00:17:22.494 [main] INFO  sudoku.model.SudokuBoard - Bład w kwadracie 0
sudoku.model.SudokuBoard@19105a87[
  size=9
  solver=sudoku.model.BacktrackingSudokuSolver@83b0d0f
  board={{8,9,1,7,3,2,6,5,4},{5,4,6,8,9,1,2,3,7},{7,2,3,5,4,6,8,9,1},{9,1,2,3,5,7,4,6,8},{6,3,4,1,2,0,0,0,0},{0,0,0,0,0,0,0,0,0},{0,0,0,0,0,0,0,0,0},{0,0,0,0,0,0,0,0,0},{0,0,0,0,0,0,0,0,0}}
]
00:17:22.494 [main] INFO  sudoku.model.SudokuBoard - Wartość 0 wstawiona nieprawidłowo
00:17:22.494 [main] INFO  sudoku.model.SudokuBoard - Bład w kwadracie 0
sudoku.model.SudokuBoard@19105a87[
  size=9
  solver=sudoku.model.BacktrackingSudokuSolver@83b0d0f
  board={{8,9,1,7,3,2,6,5,4},{5,4,6,8,9,1,2,3,7},{7,2,3,5,4,6,8,9,1},{9,1,2,3,5,7,4,6,8},{6,3,4,1,0,0,0,0,0},{0,0,0,0,0,0,0,0,0},{0,0,0,0,0,0,0,0,0},{0,0,0,0,0,0,0,0,0},{0,0,0,0,0,0,0,0,0}}
]
00:17:22.494 [main] INFO  sudoku.model.SudokuBoard - Wartość 0 wstawiona nieprawidłowo
00:17:22.494 [main] INFO  sudoku.model.SudokuBoard - Bład w kwadracie 0
sudoku.model.SudokuBoard@19105a87[
  size=9
  solver=sudoku.model.BacktrackingSudokuSolver@83b0d0f
  board={{8,9,1,7,3,2,6,5,4},{5,4,6,8,9,1,2,3,7},{7,2,3,5,4,6,8,9,1},{9,1,2,3,5,7,4,6,8},{6,3,4,0,0,0,0,0,0},{0,0,0,0,0,0,0,0,0},{0,0,0,0,0,0,0,0,0},{0,0,0,0,0,0,0,0,0},{0,0,0,0,0,0,0,0,0}}
]
00:17:22.494 [main] INFO  sudoku.model.SudokuBoard - Wartość 0 wstawiona nieprawidłowo
00:17:22.494 [main] INFO  sudoku.model.SudokuBoard - Bład w kwadracie 0
sudoku.model.SudokuBoard@19105a87[
  size=9
  solver=sudoku.model.BacktrackingSudokuSolver@83b0d0f
  board={{8,9,1,7,3,2,6,5,4},{5,4,6,8,9,1,2,3,7},{7,2,3,5,4,6,8,9,1},{9,1,2,3,5,7,4,6,8},{6,3,4,2,8,9,5,0,0},{0,0,0,0,0,0,0,0,0},{0,0,0,0,0,0,0,0,0},{0,0,0,0,0,0,0,0,0},{0,0,0,0,0,0,0,0,0}}
]
00:17:22.494 [main] INFO  sudoku.model.SudokuBoard - Wartość 0 wstawiona nieprawidłowo
00:17:22.494 [main] INFO  sudoku.model.SudokuBoard - Bład w kwadracie 0
sudoku.model.SudokuBoard@19105a87[
  size=9
  solver=sudoku.model.BacktrackingSudokuSolver@83b0d0f
  board={{8,9,1,7,3,2,6,5,4},{5,4,6,8,9,1,2,3,7},{7,2,3,5,4,6,8,9,1},{9,1,2,3,5,7,4,6,8},{6,3,4,2,8,9,5,0,0},{0,0,0,0,0,0,0,0,0},{0,0,0,0,0,0,0,0,0},{0,0,0,0,0,0,0,0,0},{0,0,0,0,0,0,0,0,0}}
]
00:17:22.495 [main] INFO  sudoku.model.SudokuBoard - Wartość 0 wstawiona nieprawidłowo
00:17:22.495 [main] INFO  sudoku.model.SudokuBoard - Bład w kwadracie 0
sudoku.model.SudokuBoard@19105a87[
  size=9
  solver=sudoku.model.BacktrackingSudokuSolver@83b0d0f
  board={{8,9,1,7,3,2,6,5,4},{5,4,6,8,9,1,2,3,7},{7,2,3,5,4,6,8,9,1},{9,1,2,3,5,7,4,6,8},{6,3,4,2,8,9,0,0,0},{0,0,0,0,0,0,0,0,0},{0,0,0,0,0,0,0,0,0},{0,0,0,0,0,0,0,0,0},{0,0,0,0,0,0,0,0,0}}
]
00:17:22.495 [main] INFO  sudoku.model.SudokuBoard - Wartość 0 wstawiona nieprawidłowo
00:17:22.495 [main] INFO  sudoku.model.SudokuBoard - Bład w kwadracie 0
sudoku.model.SudokuBoard@19105a87[
  size=9
  solver=sudoku.model.BacktrackingSudokuSolver@83b0d0f
  board={{8,9,1,7,3,2,6,5,4},{5,4,6,8,9,1,2,3,7},{7,2,3,5,4,6,8,9,1},{9,1,2,3,5,7,4,6,8},{6,3,4,2,8,9,7,1,0},{0,0,0,0,0,0,0,0,0},{0,0,0,0,0,0,0,0,0},{0,0,0,0,0,0,0,0,0},{0,0,0,0,0,0,0,0,0}}
]
00:17:22.495 [main] INFO  sudoku.model.SudokuBoard - Wartość 0 wstawiona nieprawidłowo
00:17:22.495 [main] INFO  sudoku.model.SudokuBoard - Bład w kwadracie 0
sudoku.model.SudokuBoard@19105a87[
  size=9
  solver=sudoku.model.BacktrackingSudokuSolver@83b0d0f
  board={{8,9,1,7,3,2,6,5,4},{5,4,6,8,9,1,2,3,7},{7,2,3,5,4,6,8,9,1},{9,1,2,3,5,7,4,6,8},{6,3,4,2,8,9,7,0,0},{0,0,0,0,0,0,0,0,0},{0,0,0,0,0,0,0,0,0},{0,0,0,0,0,0,0,0,0},{0,0,0,0,0,0,0,0,0}}
]
00:17:22.495 [main] INFO  sudoku.model.SudokuBoard - Wartość 0 wstawiona nieprawidłowo
00:17:22.495 [main] INFO  sudoku.model.SudokuBoard - Bład w kwadracie 0
sudoku.model.SudokuBoard@19105a87[
  size=9
  solver=sudoku.model.BacktrackingSudokuSolver@83b0d0f
  board={{8,9,1,7,3,2,6,5,4},{5,4,6,8,9,1,2,3,7},{7,2,3,5,4,6,8,9,1},{9,1,2,3,5,7,4,6,8},{6,3,4,2,8,9,0,0,0},{0,0,0,0,0,0,0,0,0},{0,0,0,0,0,0,0,0,0},{0,0,0,0,0,0,0,0,0},{0,0,0,0,0,0,0,0,0}}
]
00:17:22.495 [main] INFO  sudoku.model.SudokuBoard - Wartość 0 wstawiona nieprawidłowo
00:17:22.496 [main] INFO  sudoku.model.SudokuBoard - Bład w kwadracie 0
sudoku.model.SudokuBoard@19105a87[
  size=9
  solver=sudoku.model.BacktrackingSudokuSolver@83b0d0f
  board={{8,9,1,7,3,2,6,5,4},{5,4,6,8,9,1,2,3,7},{7,2,3,5,4,6,8,9,1},{9,1,2,3,5,7,4,6,8},{6,3,4,2,8,9,1,7,0},{0,0,0,0,0,0,0,0,0},{0,0,0,0,0,0,0,0,0},{0,0,0,0,0,0,0,0,0},{0,0,0,0,0,0,0,0,0}}
]
00:17:22.496 [main] INFO  sudoku.model.SudokuBoard - Wartość 0 wstawiona nieprawidłowo
00:17:22.496 [main] INFO  sudoku.model.SudokuBoard - Bład w kwadracie 0
sudoku.model.SudokuBoard@19105a87[
  size=9
  solver=sudoku.model.BacktrackingSudokuSolver@83b0d0f
  board={{8,9,1,7,3,2,6,5,4},{5,4,6,8,9,1,2,3,7},{7,2,3,5,4,6,8,9,1},{9,1,2,3,5,7,4,6,8},{6,3,4,2,8,9,1,0,0},{0,0,0,0,0,0,0,0,0},{0,0,0,0,0,0,0,0,0},{0,0,0,0,0,0,0,0,0},{0,0,0,0,0,0,0,0,0}}
]
00:17:22.496 [main] INFO  sudoku.model.SudokuBoard - Wartość 0 wstawiona nieprawidłowo
00:17:22.496 [main] INFO  sudoku.model.SudokuBoard - Bład w kwadracie 0
sudoku.model.SudokuBoard@19105a87[
  size=9
  solver=sudoku.model.BacktrackingSudokuSolver@83b0d0f
  board={{8,9,1,7,3,2,6,5,4},{5,4,6,8,9,1,2,3,7},{7,2,3,5,4,6,8,9,1},{9,1,2,3,5,7,4,6,8},{6,3,4,2,8,9,0,0,0},{0,0,0,0,0,0,0,0,0},{0,0,0,0,0,0,0,0,0},{0,0,0,0,0,0,0,0,0},{0,0,0,0,0,0,0,0,0}}
]
00:17:22.496 [main] INFO  sudoku.model.SudokuBoard - Wartość 0 wstawiona nieprawidłowo
00:17:22.496 [main] INFO  sudoku.model.SudokuBoard - Bład w kwadracie 0
sudoku.model.SudokuBoard@19105a87[
  size=9
  solver=sudoku.model.BacktrackingSudokuSolver@83b0d0f
  board={{8,9,1,7,3,2,6,5,4},{5,4,6,8,9,1,2,3,7},{7,2,3,5,4,6,8,9,1},{9,1,2,3,5,7,4,6,8},{6,3,4,2,8,0,0,0,0},{0,0,0,0,0,0,0,0,0},{0,0,0,0,0,0,0,0,0},{0,0,0,0,0,0,0,0,0},{0,0,0,0,0,0,0,0,0}}
]
00:17:22.497 [main] INFO  sudoku.model.SudokuBoard - Wartość 0 wstawiona nieprawidłowo
00:17:22.497 [main] INFO  sudoku.model.SudokuBoard - Bład w kwadracie 0
sudoku.model.SudokuBoard@19105a87[
  size=9
  solver=sudoku.model.BacktrackingSudokuSolver@83b0d0f
  board={{8,9,1,7,3,2,6,5,4},{5,4,6,8,9,1,2,3,7},{7,2,3,5,4,6,8,9,1},{9,1,2,3,5,7,4,6,8},{6,3,4,2,0,0,0,0,0},{0,0,0,0,0,0,0,0,0},{0,0,0,0,0,0,0,0,0},{0,0,0,0,0,0,0,0,0},{0,0,0,0,0,0,0,0,0}}
]
00:17:22.497 [main] INFO  sudoku.model.SudokuBoard - Wartość 0 wstawiona nieprawidłowo
00:17:22.497 [main] INFO  sudoku.model.SudokuBoard - Bład w kwadracie 0
sudoku.model.SudokuBoard@19105a87[
  size=9
  solver=sudoku.model.BacktrackingSudokuSolver@83b0d0f
  board={{8,9,1,7,3,2,6,5,4},{5,4,6,8,9,1,2,3,7},{7,2,3,5,4,6,8,9,1},{9,1,2,3,5,7,4,6,8},{6,3,4,2,1,8,0,0,0},{0,0,0,0,0,0,0,0,0},{0,0,0,0,0,0,0,0,0},{0,0,0,0,0,0,0,0,0},{0,0,0,0,0,0,0,0,0}}
]
00:17:22.498 [main] INFO  sudoku.model.SudokuBoard - Wartość 0 wstawiona nieprawidłowo
00:17:22.498 [main] INFO  sudoku.model.SudokuBoard - Bład w kwadracie 0
sudoku.model.SudokuBoard@19105a87[
  size=9
  solver=sudoku.model.BacktrackingSudokuSolver@83b0d0f
  board={{8,9,1,7,3,2,6,5,4},{5,4,6,8,9,1,2,3,7},{7,2,3,5,4,6,8,9,1},{9,1,2,3,5,7,4,6,8},{6,3,4,2,1,8,9,7,0},{0,0,0,0,0,0,0,0,0},{0,0,0,0,0,0,0,0,0},{0,0,0,0,0,0,0,0,0},{0,0,0,0,0,0,0,0,0}}
]
00:17:22.499 [main] INFO  sudoku.model.SudokuBoard - Wartość 0 wstawiona nieprawidłowo
00:17:22.499 [main] INFO  sudoku.model.SudokuBoard - Bład w kwadracie 0
sudoku.model.SudokuBoard@19105a87[
  size=9
  solver=sudoku.model.BacktrackingSudokuSolver@83b0d0f
  board={{8,9,1,7,3,2,6,5,4},{5,4,6,8,9,1,2,3,7},{7,2,3,5,4,6,8,9,1},{9,1,2,3,5,7,4,6,8},{6,3,4,2,1,8,9,0,0},{0,0,0,0,0,0,0,0,0},{0,0,0,0,0,0,0,0,0},{0,0,0,0,0,0,0,0,0},{0,0,0,0,0,0,0,0,0}}
]
00:17:22.500 [main] INFO  sudoku.model.SudokuBoard - Wartość 0 wstawiona nieprawidłowo
00:17:22.502 [main] INFO  sudoku.model.SudokuBoard - Bład w kwadracie 0
sudoku.model.SudokuBoard@19105a87[
  size=9
  solver=sudoku.model.BacktrackingSudokuSolver@83b0d0f
  board={{8,9,1,7,3,2,6,5,4},{5,4,6,8,9,1,2,3,7},{7,2,3,5,4,6,8,9,1},{9,1,2,3,5,7,4,6,8},{6,3,4,2,1,8,0,0,0},{0,0,0,0,0,0,0,0,0},{0,0,0,0,0,0,0,0,0},{0,0,0,0,0,0,0,0,0},{0,0,0,0,0,0,0,0,0}}
]
00:17:22.502 [main] INFO  sudoku.model.SudokuBoard - Wartość 0 wstawiona nieprawidłowo
00:17:22.502 [main] INFO  sudoku.model.SudokuBoard - Bład w kwadracie 0
sudoku.model.SudokuBoard@19105a87[
  size=9
  solver=sudoku.model.BacktrackingSudokuSolver@83b0d0f
  board={{8,9,1,7,3,2,6,5,4},{5,4,6,8,9,1,2,3,7},{7,2,3,5,4,6,8,9,1},{9,1,2,3,5,7,4,6,8},{6,3,4,2,1,8,5,7,0},{0,0,0,0,0,0,0,0,0},{0,0,0,0,0,0,0,0,0},{0,0,0,0,0,0,0,0,0},{0,0,0,0,0,0,0,0,0}}
]
00:17:22.502 [main] INFO  sudoku.model.SudokuBoard - Wartość 0 wstawiona nieprawidłowo
00:17:22.502 [main] INFO  sudoku.model.SudokuBoard - Bład w kwadracie 0
sudoku.model.SudokuBoard@19105a87[
  size=9
  solver=sudoku.model.BacktrackingSudokuSolver@83b0d0f
  board={{8,9,1,7,3,2,6,5,4},{5,4,6,8,9,1,2,3,7},{7,2,3,5,4,6,8,9,1},{9,1,2,3,5,7,4,6,8},{6,3,4,2,1,8,5,0,0},{0,0,0,0,0,0,0,0,0},{0,0,0,0,0,0,0,0,0},{0,0,0,0,0,0,0,0,0},{0,0,0,0,0,0,0,0,0}}
]
00:17:22.502 [main] INFO  sudoku.model.SudokuBoard - Wartość 0 wstawiona nieprawidłowo
00:17:22.502 [main] INFO  sudoku.model.SudokuBoard - Bład w kwadracie 0
sudoku.model.SudokuBoard@19105a87[
  size=9
  solver=sudoku.model.BacktrackingSudokuSolver@83b0d0f
  board={{8,9,1,7,3,2,6,5,4},{5,4,6,8,9,1,2,3,7},{7,2,3,5,4,6,8,9,1},{9,1,2,3,5,7,4,6,8},{6,3,4,2,1,8,0,0,0},{0,0,0,0,0,0,0,0,0},{0,0,0,0,0,0,0,0,0},{0,0,0,0,0,0,0,0,0},{0,0,0,0,0,0,0,0,0}}
]
00:17:22.502 [main] INFO  sudoku.model.SudokuBoard - Wartość 0 wstawiona nieprawidłowo
00:17:22.502 [main] INFO  sudoku.model.SudokuBoard - Bład w kwadracie 0
sudoku.model.SudokuBoard@19105a87[
  size=9
  solver=sudoku.model.BacktrackingSudokuSolver@83b0d0f
  board={{8,9,1,7,3,2,6,5,4},{5,4,6,8,9,1,2,3,7},{7,2,3,5,4,6,8,9,1},{9,1,2,3,5,7,4,6,8},{6,3,4,2,1,0,0,0,0},{0,0,0,0,0,0,0,0,0},{0,0,0,0,0,0,0,0,0},{0,0,0,0,0,0,0,0,0},{0,0,0,0,0,0,0,0,0}}
]
00:17:22.502 [main] INFO  sudoku.model.SudokuBoard - Wartość 0 wstawiona nieprawidłowo
00:17:22.503 [main] INFO  sudoku.model.SudokuBoard - Bład w kwadracie 0
sudoku.model.SudokuBoard@19105a87[
  size=9
  solver=sudoku.model.BacktrackingSudokuSolver@83b0d0f
  board={{8,9,1,7,3,2,6,5,4},{5,4,6,8,9,1,2,3,7},{7,2,3,5,4,6,8,9,1},{9,1,2,3,5,7,4,6,8},{6,3,4,2,1,9,5,0,0},{0,0,0,0,0,0,0,0,0},{0,0,0,0,0,0,0,0,0},{0,0,0,0,0,0,0,0,0},{0,0,0,0,0,0,0,0,0}}
]
00:17:22.503 [main] INFO  sudoku.model.SudokuBoard - Wartość 0 wstawiona nieprawidłowo
00:17:22.503 [main] INFO  sudoku.model.SudokuBoard - Bład w kwadracie 0
sudoku.model.SudokuBoard@19105a87[
  size=9
  solver=sudoku.model.BacktrackingSudokuSolver@83b0d0f
  board={{8,9,1,7,3,2,6,5,4},{5,4,6,8,9,1,2,3,7},{7,2,3,5,4,6,8,9,1},{9,1,2,3,5,7,4,6,8},{6,3,4,2,1,9,0,0,0},{0,0,0,0,0,0,0,0,0},{0,0,0,0,0,0,0,0,0},{0,0,0,0,0,0,0,0,0},{0,0,0,0,0,0,0,0,0}}
]
00:17:22.503 [main] INFO  sudoku.model.SudokuBoard - Wartość 0 wstawiona nieprawidłowo
00:17:22.504 [main] INFO  sudoku.model.SudokuBoard - Bład w kwadracie 0
sudoku.model.SudokuBoard@19105a87[
  size=9
  solver=sudoku.model.BacktrackingSudokuSolver@83b0d0f
  board={{8,9,1,7,3,2,6,5,4},{5,4,6,8,9,1,2,3,7},{7,2,3,5,4,6,8,9,1},{9,1,2,3,5,7,4,6,8},{6,3,4,2,1,9,0,0,0},{0,0,0,0,0,0,0,0,0},{0,0,0,0,0,0,0,0,0},{0,0,0,0,0,0,0,0,0},{0,0,0,0,0,0,0,0,0}}
]
00:17:22.504 [main] INFO  sudoku.model.SudokuBoard - Wartość 0 wstawiona nieprawidłowo
00:17:22.504 [main] INFO  sudoku.model.SudokuBoard - Bład w kwadracie 0
sudoku.model.SudokuBoard@19105a87[
  size=9
  solver=sudoku.model.BacktrackingSudokuSolver@83b0d0f
  board={{8,9,1,7,3,2,6,5,4},{5,4,6,8,9,1,2,3,7},{7,2,3,5,4,6,8,9,1},{9,1,2,3,5,7,4,6,8},{6,3,4,2,1,0,0,0,0},{0,0,0,0,0,0,0,0,0},{0,0,0,0,0,0,0,0,0},{0,0,0,0,0,0,0,0,0},{0,0,0,0,0,0,0,0,0}}
]
00:17:22.504 [main] INFO  sudoku.model.SudokuBoard - Wartość 0 wstawiona nieprawidłowo
00:17:22.505 [main] INFO  sudoku.model.SudokuBoard - Bład w kwadracie 0
sudoku.model.SudokuBoard@19105a87[
  size=9
  solver=sudoku.model.BacktrackingSudokuSolver@83b0d0f
  board={{8,9,1,7,3,2,6,5,4},{5,4,6,8,9,1,2,3,7},{7,2,3,5,4,6,8,9,1},{9,1,2,3,5,7,4,6,8},{6,3,4,2,0,0,0,0,0},{0,0,0,0,0,0,0,0,0},{0,0,0,0,0,0,0,0,0},{0,0,0,0,0,0,0,0,0},{0,0,0,0,0,0,0,0,0}}
]
00:17:22.505 [main] INFO  sudoku.model.SudokuBoard - Wartość 0 wstawiona nieprawidłowo
00:17:22.505 [main] INFO  sudoku.model.SudokuBoard - Bład w kwadracie 0
sudoku.model.SudokuBoard@19105a87[
  size=9
  solver=sudoku.model.BacktrackingSudokuSolver@83b0d0f
  board={{8,9,1,7,3,2,6,5,4},{5,4,6,8,9,1,2,3,7},{7,2,3,5,4,6,8,9,1},{9,1,2,3,5,7,4,6,8},{6,3,4,0,0,0,0,0,0},{0,0,0,0,0,0,0,0,0},{0,0,0,0,0,0,0,0,0},{0,0,0,0,0,0,0,0,0},{0,0,0,0,0,0,0,0,0}}
]
00:17:22.505 [main] INFO  sudoku.model.SudokuBoard - Wartość 0 wstawiona nieprawidłowo
00:17:22.506 [main] INFO  sudoku.model.SudokuBoard - Bład w kwadracie 0
sudoku.model.SudokuBoard@19105a87[
  size=9
  solver=sudoku.model.BacktrackingSudokuSolver@83b0d0f
  board={{8,9,1,7,3,2,6,5,4},{5,4,6,8,9,1,2,3,7},{7,2,3,5,4,6,8,9,1},{9,1,2,3,5,7,4,6,8},{6,3,4,9,0,0,0,0,0},{0,0,0,0,0,0,0,0,0},{0,0,0,0,0,0,0,0,0},{0,0,0,0,0,0,0,0,0},{0,0,0,0,0,0,0,0,0}}
]
00:17:22.506 [main] INFO  sudoku.model.SudokuBoard - Wartość 0 wstawiona nieprawidłowo
00:17:22.506 [main] INFO  sudoku.model.SudokuBoard - Bład w kwadracie 0
sudoku.model.SudokuBoard@19105a87[
  size=9
  solver=sudoku.model.BacktrackingSudokuSolver@83b0d0f
  board={{8,9,1,7,3,2,6,5,4},{5,4,6,8,9,1,2,3,7},{7,2,3,5,4,6,8,9,1},{9,1,2,3,5,7,4,6,8},{6,3,4,9,1,8,5,0,0},{0,0,0,0,0,0,0,0,0},{0,0,0,0,0,0,0,0,0},{0,0,0,0,0,0,0,0,0},{0,0,0,0,0,0,0,0,0}}
]
00:17:22.506 [main] INFO  sudoku.model.SudokuBoard - Wartość 0 wstawiona nieprawidłowo
00:17:22.506 [main] INFO  sudoku.model.SudokuBoard - Bład w kwadracie 0
sudoku.model.SudokuBoard@19105a87[
  size=9
  solver=sudoku.model.BacktrackingSudokuSolver@83b0d0f
  board={{8,9,1,7,3,2,6,5,4},{5,4,6,8,9,1,2,3,7},{7,2,3,5,4,6,8,9,1},{9,1,2,3,5,7,4,6,8},{6,3,4,9,1,8,5,7,0},{0,0,0,0,0,0,0,0,0},{0,0,0,0,0,0,0,0,0},{0,0,0,0,0,0,0,0,0},{0,0,0,0,0,0,0,0,0}}
]
00:17:22.506 [main] INFO  sudoku.model.SudokuBoard - Wartość 0 wstawiona nieprawidłowo
00:17:22.506 [main] INFO  sudoku.model.SudokuBoard - Bład w kwadracie 0
sudoku.model.SudokuBoard@19105a87[
  size=9
  solver=sudoku.model.BacktrackingSudokuSolver@83b0d0f
  board={{8,9,1,7,3,2,6,5,4},{5,4,6,8,9,1,2,3,7},{7,2,3,5,4,6,8,9,1},{9,1,2,3,5,7,4,6,8},{6,3,4,9,1,8,5,0,0},{0,0,0,0,0,0,0,0,0},{0,0,0,0,0,0,0,0,0},{0,0,0,0,0,0,0,0,0},{0,0,0,0,0,0,0,0,0}}
]
00:17:22.506 [main] INFO  sudoku.model.SudokuBoard - Wartość 0 wstawiona nieprawidłowo
00:17:22.506 [main] INFO  sudoku.model.SudokuBoard - Bład w kwadracie 0
sudoku.model.SudokuBoard@19105a87[
  size=9
  solver=sudoku.model.BacktrackingSudokuSolver@83b0d0f
  board={{8,9,1,7,3,2,6,5,4},{5,4,6,8,9,1,2,3,7},{7,2,3,5,4,6,8,9,1},{9,1,2,3,5,7,4,6,8},{6,3,4,9,1,8,0,0,0},{0,0,0,0,0,0,0,0,0},{0,0,0,0,0,0,0,0,0},{0,0,0,0,0,0,0,0,0},{0,0,0,0,0,0,0,0,0}}
]
00:17:22.506 [main] INFO  sudoku.model.SudokuBoard - Wartość 0 wstawiona nieprawidłowo
00:17:22.506 [main] INFO  sudoku.model.SudokuBoard - Bład w kwadracie 0
sudoku.model.SudokuBoard@19105a87[
  size=9
  solver=sudoku.model.BacktrackingSudokuSolver@83b0d0f
  board={{8,9,1,7,3,2,6,5,4},{5,4,6,8,9,1,2,3,7},{7,2,3,5,4,6,8,9,1},{9,1,2,3,5,7,4,6,8},{6,3,4,9,1,8,7,2,0},{0,0,0,0,0,0,0,0,0},{0,0,0,0,0,0,0,0,0},{0,0,0,0,0,0,0,0,0},{0,0,0,0,0,0,0,0,0}}
]
00:17:22.506 [main] INFO  sudoku.model.SudokuBoard - Wartość 0 wstawiona nieprawidłowo
00:17:22.506 [main] INFO  sudoku.model.SudokuBoard - Bład w kwadracie 0
sudoku.model.SudokuBoard@19105a87[
  size=9
  solver=sudoku.model.BacktrackingSudokuSolver@83b0d0f
  board={{8,9,1,7,3,2,6,5,4},{5,4,6,8,9,1,2,3,7},{7,2,3,5,4,6,8,9,1},{9,1,2,3,5,7,4,6,8},{6,3,4,9,1,8,7,0,0},{0,0,0,0,0,0,0,0,0},{0,0,0,0,0,0,0,0,0},{0,0,0,0,0,0,0,0,0},{0,0,0,0,0,0,0,0,0}}
]
00:17:22.506 [main] INFO  sudoku.model.SudokuBoard - Wartość 0 wstawiona nieprawidłowo
00:17:22.507 [main] INFO  sudoku.model.SudokuBoard - Bład w kwadracie 0
sudoku.model.SudokuBoard@19105a87[
  size=9
  solver=sudoku.model.BacktrackingSudokuSolver@83b0d0f
  board={{8,9,1,7,3,2,6,5,4},{5,4,6,8,9,1,2,3,7},{7,2,3,5,4,6,8,9,1},{9,1,2,3,5,7,4,6,8},{6,3,4,9,1,8,0,0,0},{0,0,0,0,0,0,0,0,0},{0,0,0,0,0,0,0,0,0},{0,0,0,0,0,0,0,0,0},{0,0,0,0,0,0,0,0,0}}
]
00:17:22.507 [main] INFO  sudoku.model.SudokuBoard - Wartość 0 wstawiona nieprawidłowo
00:17:22.507 [main] INFO  sudoku.model.SudokuBoard - Bład w kwadracie 0
sudoku.model.SudokuBoard@19105a87[
  size=9
  solver=sudoku.model.BacktrackingSudokuSolver@83b0d0f
  board={{8,9,1,7,3,2,6,5,4},{5,4,6,8,9,1,2,3,7},{7,2,3,5,4,6,8,9,1},{9,1,2,3,5,7,4,6,8},{6,3,4,9,1,0,0,0,0},{0,0,0,0,0,0,0,0,0},{0,0,0,0,0,0,0,0,0},{0,0,0,0,0,0,0,0,0},{0,0,0,0,0,0,0,0,0}}
]
00:17:22.507 [main] INFO  sudoku.model.SudokuBoard - Wartość 0 wstawiona nieprawidłowo
00:17:22.507 [main] INFO  sudoku.model.SudokuBoard - Bład w kwadracie 0
sudoku.model.SudokuBoard@19105a87[
  size=9
  solver=sudoku.model.BacktrackingSudokuSolver@83b0d0f
  board={{8,9,1,7,3,2,6,5,4},{5,4,6,8,9,1,2,3,7},{7,2,3,5,4,6,8,9,1},{9,1,2,3,5,7,4,6,8},{6,3,4,9,0,0,0,0,0},{0,0,0,0,0,0,0,0,0},{0,0,0,0,0,0,0,0,0},{0,0,0,0,0,0,0,0,0},{0,0,0,0,0,0,0,0,0}}
]
00:17:22.507 [main] INFO  sudoku.model.SudokuBoard - Wartość 0 wstawiona nieprawidłowo
00:17:22.507 [main] INFO  sudoku.model.SudokuBoard - Bład w kwadracie 0
sudoku.model.SudokuBoard@19105a87[
  size=9
  solver=sudoku.model.BacktrackingSudokuSolver@83b0d0f
  board={{8,9,1,7,3,2,6,5,4},{5,4,6,8,9,1,2,3,7},{7,2,3,5,4,6,8,9,1},{9,1,2,3,5,7,4,6,8},{6,3,4,9,2,8,5,0,0},{0,0,0,0,0,0,0,0,0},{0,0,0,0,0,0,0,0,0},{0,0,0,0,0,0,0,0,0},{0,0,0,0,0,0,0,0,0}}
]
00:17:22.507 [main] INFO  sudoku.model.SudokuBoard - Wartość 0 wstawiona nieprawidłowo
00:17:22.508 [main] INFO  sudoku.model.SudokuBoard - Bład w kwadracie 0
sudoku.model.SudokuBoard@19105a87[
  size=9
  solver=sudoku.model.BacktrackingSudokuSolver@83b0d0f
  board={{8,9,1,7,3,2,6,5,4},{5,4,6,8,9,1,2,3,7},{7,2,3,5,4,6,8,9,1},{9,1,2,3,5,7,4,6,8},{6,3,4,9,2,8,5,0,0},{0,0,0,0,0,0,0,0,0},{0,0,0,0,0,0,0,0,0},{0,0,0,0,0,0,0,0,0},{0,0,0,0,0,0,0,0,0}}
]
00:17:22.508 [main] INFO  sudoku.model.SudokuBoard - Wartość 0 wstawiona nieprawidłowo
00:17:22.508 [main] INFO  sudoku.model.SudokuBoard - Bład w kwadracie 0
sudoku.model.SudokuBoard@19105a87[
  size=9
  solver=sudoku.model.BacktrackingSudokuSolver@83b0d0f
  board={{8,9,1,7,3,2,6,5,4},{5,4,6,8,9,1,2,3,7},{7,2,3,5,4,6,8,9,1},{9,1,2,3,5,7,4,6,8},{6,3,4,9,2,8,0,0,0},{0,0,0,0,0,0,0,0,0},{0,0,0,0,0,0,0,0,0},{0,0,0,0,0,0,0,0,0},{0,0,0,0,0,0,0,0,0}}
]
00:17:22.508 [main] INFO  sudoku.model.SudokuBoard - Wartość 0 wstawiona nieprawidłowo
00:17:22.508 [main] INFO  sudoku.model.SudokuBoard - Bład w kwadracie 0
sudoku.model.SudokuBoard@19105a87[
  size=9
  solver=sudoku.model.BacktrackingSudokuSolver@83b0d0f
  board={{8,9,1,7,3,2,6,5,4},{5,4,6,8,9,1,2,3,7},{7,2,3,5,4,6,8,9,1},{9,1,2,3,5,7,4,6,8},{6,3,4,9,2,8,7,1,0},{0,0,0,0,0,0,0,0,0},{0,0,0,0,0,0,0,0,0},{0,0,0,0,0,0,0,0,0},{0,0,0,0,0,0,0,0,0}}
]
00:17:22.508 [main] INFO  sudoku.model.SudokuBoard - Wartość 0 wstawiona nieprawidłowo
00:17:22.508 [main] INFO  sudoku.model.SudokuBoard - Bład w kwadracie 0
sudoku.model.SudokuBoard@19105a87[
  size=9
  solver=sudoku.model.BacktrackingSudokuSolver@83b0d0f
  board={{8,9,1,7,3,2,6,5,4},{5,4,6,8,9,1,2,3,7},{7,2,3,5,4,6,8,9,1},{9,1,2,3,5,7,4,6,8},{6,3,4,9,2,8,7,0,0},{0,0,0,0,0,0,0,0,0},{0,0,0,0,0,0,0,0,0},{0,0,0,0,0,0,0,0,0},{0,0,0,0,0,0,0,0,0}}
]
00:17:22.508 [main] INFO  sudoku.model.SudokuBoard - Wartość 0 wstawiona nieprawidłowo
00:17:22.508 [main] INFO  sudoku.model.SudokuBoard - Bład w kwadracie 0
sudoku.model.SudokuBoard@19105a87[
  size=9
  solver=sudoku.model.BacktrackingSudokuSolver@83b0d0f
  board={{8,9,1,7,3,2,6,5,4},{5,4,6,8,9,1,2,3,7},{7,2,3,5,4,6,8,9,1},{9,1,2,3,5,7,4,6,8},{6,3,4,9,2,8,0,0,0},{0,0,0,0,0,0,0,0,0},{0,0,0,0,0,0,0,0,0},{0,0,0,0,0,0,0,0,0},{0,0,0,0,0,0,0,0,0}}
]
00:17:22.508 [main] INFO  sudoku.model.SudokuBoard - Wartość 0 wstawiona nieprawidłowo
00:17:22.508 [main] INFO  sudoku.model.SudokuBoard - Bład w kwadracie 0
sudoku.model.SudokuBoard@19105a87[
  size=9
  solver=sudoku.model.BacktrackingSudokuSolver@83b0d0f
  board={{8,9,1,7,3,2,6,5,4},{5,4,6,8,9,1,2,3,7},{7,2,3,5,4,6,8,9,1},{9,1,2,3,5,7,4,6,8},{6,3,4,9,2,8,1,7,0},{0,0,0,0,0,0,0,0,0},{0,0,0,0,0,0,0,0,0},{0,0,0,0,0,0,0,0,0},{0,0,0,0,0,0,0,0,0}}
]
00:17:22.508 [main] INFO  sudoku.model.SudokuBoard - Wartość 0 wstawiona nieprawidłowo
00:17:22.508 [main] INFO  sudoku.model.SudokuBoard - Bład w kwadracie 0
sudoku.model.SudokuBoard@19105a87[
  size=9
  solver=sudoku.model.BacktrackingSudokuSolver@83b0d0f
  board={{8,9,1,7,3,2,6,5,4},{5,4,6,8,9,1,2,3,7},{7,2,3,5,4,6,8,9,1},{9,1,2,3,5,7,4,6,8},{6,3,4,9,2,8,1,0,0},{0,0,0,0,0,0,0,0,0},{0,0,0,0,0,0,0,0,0},{0,0,0,0,0,0,0,0,0},{0,0,0,0,0,0,0,0,0}}
]
00:17:22.508 [main] INFO  sudoku.model.SudokuBoard - Wartość 0 wstawiona nieprawidłowo
00:17:22.508 [main] INFO  sudoku.model.SudokuBoard - Bład w kwadracie 0
sudoku.model.SudokuBoard@19105a87[
  size=9
  solver=sudoku.model.BacktrackingSudokuSolver@83b0d0f
  board={{8,9,1,7,3,2,6,5,4},{5,4,6,8,9,1,2,3,7},{7,2,3,5,4,6,8,9,1},{9,1,2,3,5,7,4,6,8},{6,3,4,9,2,8,0,0,0},{0,0,0,0,0,0,0,0,0},{0,0,0,0,0,0,0,0,0},{0,0,0,0,0,0,0,0,0},{0,0,0,0,0,0,0,0,0}}
]
00:17:22.508 [main] INFO  sudoku.model.SudokuBoard - Wartość 0 wstawiona nieprawidłowo
00:17:22.509 [main] INFO  sudoku.model.SudokuBoard - Bład w kwadracie 0
sudoku.model.SudokuBoard@19105a87[
  size=9
  solver=sudoku.model.BacktrackingSudokuSolver@83b0d0f
  board={{8,9,1,7,3,2,6,5,4},{5,4,6,8,9,1,2,3,7},{7,2,3,5,4,6,8,9,1},{9,1,2,3,5,7,4,6,8},{6,3,4,9,2,0,0,0,0},{0,0,0,0,0,0,0,0,0},{0,0,0,0,0,0,0,0,0},{0,0,0,0,0,0,0,0,0},{0,0,0,0,0,0,0,0,0}}
]
00:17:22.509 [main] INFO  sudoku.model.SudokuBoard - Wartość 0 wstawiona nieprawidłowo
00:17:22.509 [main] INFO  sudoku.model.SudokuBoard - Bład w kwadracie 0
sudoku.model.SudokuBoard@19105a87[
  size=9
  solver=sudoku.model.BacktrackingSudokuSolver@83b0d0f
  board={{8,9,1,7,3,2,6,5,4},{5,4,6,8,9,1,2,3,7},{7,2,3,5,4,6,8,9,1},{9,1,2,3,5,7,4,6,8},{6,3,4,9,0,0,0,0,0},{0,0,0,0,0,0,0,0,0},{0,0,0,0,0,0,0,0,0},{0,0,0,0,0,0,0,0,0},{0,0,0,0,0,0,0,0,0}}
]
00:17:22.513 [main] INFO  sudoku.model.SudokuBoard - Wartość 0 wstawiona nieprawidłowo
00:17:22.513 [main] INFO  sudoku.model.SudokuBoard - Bład w kwadracie 0
sudoku.model.SudokuBoard@19105a87[
  size=9
  solver=sudoku.model.BacktrackingSudokuSolver@83b0d0f
  board={{8,9,1,7,3,2,6,5,4},{5,4,6,8,9,1,2,3,7},{7,2,3,5,4,6,8,9,1},{9,1,2,3,5,7,4,6,8},{6,3,4,0,0,0,0,0,0},{0,0,0,0,0,0,0,0,0},{0,0,0,0,0,0,0,0,0},{0,0,0,0,0,0,0,0,0},{0,0,0,0,0,0,0,0,0}}
]
00:17:22.513 [main] INFO  sudoku.model.SudokuBoard - Wartość 0 wstawiona nieprawidłowo
00:17:22.514 [main] INFO  sudoku.model.SudokuBoard - Bład w kwadracie 0
sudoku.model.SudokuBoard@19105a87[
  size=9
  solver=sudoku.model.BacktrackingSudokuSolver@83b0d0f
  board={{8,9,1,7,3,2,6,5,4},{5,4,6,8,9,1,2,3,7},{7,2,3,5,4,6,8,9,1},{9,1,2,3,5,7,4,6,8},{6,3,0,0,0,0,0,0,0},{0,0,0,0,0,0,0,0,0},{0,0,0,0,0,0,0,0,0},{0,0,0,0,0,0,0,0,0},{0,0,0,0,0,0,0,0,0}}
]
00:17:22.514 [main] INFO  sudoku.model.SudokuBoard - Wartość 0 wstawiona nieprawidłowo
00:17:22.514 [main] INFO  sudoku.model.SudokuBoard - Bład w kwadracie 0
sudoku.model.SudokuBoard@19105a87[
  size=9
  solver=sudoku.model.BacktrackingSudokuSolver@83b0d0f
  board={{8,9,1,7,3,2,6,5,4},{5,4,6,8,9,1,2,3,7},{7,2,3,5,4,6,8,9,1},{9,1,2,3,5,7,4,6,8},{6,3,5,9,8,4,7,1,2},{4,7,8,6,0,0,0,0,0},{0,0,0,0,0,0,0,0,0},{0,0,0,0,0,0,0,0,0},{0,0,0,0,0,0,0,0,0}}
]
00:17:22.514 [main] INFO  sudoku.model.SudokuBoard - Wartość 0 wstawiona nieprawidłowo
00:17:22.514 [main] INFO  sudoku.model.SudokuBoard - Bład w kwadracie 0
sudoku.model.SudokuBoard@19105a87[
  size=9
  solver=sudoku.model.BacktrackingSudokuSolver@83b0d0f
  board={{8,9,1,7,3,2,6,5,4},{5,4,6,8,9,1,2,3,7},{7,2,3,5,4,6,8,9,1},{9,1,2,3,5,7,4,6,8},{6,3,5,9,8,4,7,1,2},{4,7,8,6,0,0,0,0,0},{0,0,0,0,0,0,0,0,0},{0,0,0,0,0,0,0,0,0},{0,0,0,0,0,0,0,0,0}}
]
00:17:22.514 [main] INFO  sudoku.model.SudokuBoard - Wartość 0 wstawiona nieprawidłowo
00:17:22.514 [main] INFO  sudoku.model.SudokuBoard - Bład w kwadracie 0
sudoku.model.SudokuBoard@19105a87[
  size=9
  solver=sudoku.model.BacktrackingSudokuSolver@83b0d0f
  board={{8,9,1,7,3,2,6,5,4},{5,4,6,8,9,1,2,3,7},{7,2,3,5,4,6,8,9,1},{9,1,2,3,5,7,4,6,8},{6,3,5,9,8,4,7,1,2},{4,7,8,0,0,0,0,0,0},{0,0,0,0,0,0,0,0,0},{0,0,0,0,0,0,0,0,0},{0,0,0,0,0,0,0,0,0}}
]
00:17:22.514 [main] INFO  sudoku.model.SudokuBoard - Wartość 0 wstawiona nieprawidłowo
00:17:22.515 [main] INFO  sudoku.model.SudokuBoard - Bład w kwadracie 0
sudoku.model.SudokuBoard@19105a87[
  size=9
  solver=sudoku.model.BacktrackingSudokuSolver@83b0d0f
  board={{8,9,1,7,3,2,6,5,4},{5,4,6,8,9,1,2,3,7},{7,2,3,5,4,6,8,9,1},{9,1,2,3,5,7,4,6,8},{6,3,5,9,8,4,7,1,2},{4,7,8,1,0,0,0,0,0},{0,0,0,0,0,0,0,0,0},{0,0,0,0,0,0,0,0,0},{0,0,0,0,0,0,0,0,0}}
]
00:17:22.515 [main] INFO  sudoku.model.SudokuBoard - Wartość 0 wstawiona nieprawidłowo
00:17:22.515 [main] INFO  sudoku.model.SudokuBoard - Bład w kwadracie 0
sudoku.model.SudokuBoard@19105a87[
  size=9
  solver=sudoku.model.BacktrackingSudokuSolver@83b0d0f
  board={{8,9,1,7,3,2,6,5,4},{5,4,6,8,9,1,2,3,7},{7,2,3,5,4,6,8,9,1},{9,1,2,3,5,7,4,6,8},{6,3,5,9,8,4,7,1,2},{4,7,8,1,0,0,0,0,0},{0,0,0,0,0,0,0,0,0},{0,0,0,0,0,0,0,0,0},{0,0,0,0,0,0,0,0,0}}
]
00:17:22.515 [main] INFO  sudoku.model.SudokuBoard - Wartość 0 wstawiona nieprawidłowo
00:17:22.515 [main] INFO  sudoku.model.SudokuBoard - Bład w kwadracie 0
sudoku.model.SudokuBoard@19105a87[
  size=9
  solver=sudoku.model.BacktrackingSudokuSolver@83b0d0f
  board={{8,9,1,7,3,2,6,5,4},{5,4,6,8,9,1,2,3,7},{7,2,3,5,4,6,8,9,1},{9,1,2,3,5,7,4,6,8},{6,3,5,9,8,4,7,1,2},{4,7,8,0,0,0,0,0,0},{0,0,0,0,0,0,0,0,0},{0,0,0,0,0,0,0,0,0},{0,0,0,0,0,0,0,0,0}}
]
00:17:22.515 [main] INFO  sudoku.model.SudokuBoard - Wartość 0 wstawiona nieprawidłowo
00:17:22.516 [main] INFO  sudoku.model.SudokuBoard - Bład w kwadracie 0
sudoku.model.SudokuBoard@19105a87[
  size=9
  solver=sudoku.model.BacktrackingSudokuSolver@83b0d0f
  board={{8,9,1,7,3,2,6,5,4},{5,4,6,8,9,1,2,3,7},{7,2,3,5,4,6,8,9,1},{9,1,2,3,5,7,4,6,8},{6,3,5,9,8,4,7,1,2},{4,7,8,2,0,0,0,0,0},{0,0,0,0,0,0,0,0,0},{0,0,0,0,0,0,0,0,0},{0,0,0,0,0,0,0,0,0}}
]
00:17:22.516 [main] INFO  sudoku.model.SudokuBoard - Wartość 0 wstawiona nieprawidłowo
00:17:22.516 [main] INFO  sudoku.model.SudokuBoard - Bład w kwadracie 0
sudoku.model.SudokuBoard@19105a87[
  size=9
  solver=sudoku.model.BacktrackingSudokuSolver@83b0d0f
  board={{8,9,1,7,3,2,6,5,4},{5,4,6,8,9,1,2,3,7},{7,2,3,5,4,6,8,9,1},{9,1,2,3,5,7,4,6,8},{6,3,5,9,8,4,7,1,2},{4,7,8,2,0,0,0,0,0},{0,0,0,0,0,0,0,0,0},{0,0,0,0,0,0,0,0,0},{0,0,0,0,0,0,0,0,0}}
]
00:17:22.516 [main] INFO  sudoku.model.SudokuBoard - Wartość 0 wstawiona nieprawidłowo
00:17:22.516 [main] INFO  sudoku.model.SudokuBoard - Bład w kwadracie 0
sudoku.model.SudokuBoard@19105a87[
  size=9
  solver=sudoku.model.BacktrackingSudokuSolver@83b0d0f
  board={{8,9,1,7,3,2,6,5,4},{5,4,6,8,9,1,2,3,7},{7,2,3,5,4,6,8,9,1},{9,1,2,3,5,7,4,6,8},{6,3,5,9,8,4,7,1,2},{4,7,8,0,0,0,0,0,0},{0,0,0,0,0,0,0,0,0},{0,0,0,0,0,0,0,0,0},{0,0,0,0,0,0,0,0,0}}
]
00:17:22.517 [main] INFO  sudoku.model.SudokuBoard - Wartość 0 wstawiona nieprawidłowo
00:17:22.517 [main] INFO  sudoku.model.SudokuBoard - Bład w kwadracie 0
sudoku.model.SudokuBoard@19105a87[
  size=9
  solver=sudoku.model.BacktrackingSudokuSolver@83b0d0f
  board={{8,9,1,7,3,2,6,5,4},{5,4,6,8,9,1,2,3,7},{7,2,3,5,4,6,8,9,1},{9,1,2,3,5,7,4,6,8},{6,3,5,9,8,4,7,1,2},{4,7,0,0,0,0,0,0,0},{0,0,0,0,0,0,0,0,0},{0,0,0,0,0,0,0,0,0},{0,0,0,0,0,0,0,0,0}}
]
00:17:22.517 [main] INFO  sudoku.model.SudokuBoard - Wartość 0 wstawiona nieprawidłowo
00:17:22.518 [main] INFO  sudoku.model.SudokuBoard - Bład w kwadracie 0
sudoku.model.SudokuBoard@19105a87[
  size=9
  solver=sudoku.model.BacktrackingSudokuSolver@83b0d0f
  board={{8,9,1,7,3,2,6,5,4},{5,4,6,8,9,1,2,3,7},{7,2,3,5,4,6,8,9,1},{9,1,2,3,5,7,4,6,8},{6,3,5,9,8,4,7,1,2},{4,0,0,0,0,0,0,0,0},{0,0,0,0,0,0,0,0,0},{0,0,0,0,0,0,0,0,0},{0,0,0,0,0,0,0,0,0}}
]
00:17:22.518 [main] INFO  sudoku.model.SudokuBoard - Wartość 0 wstawiona nieprawidłowo
00:17:22.518 [main] INFO  sudoku.model.SudokuBoard - Bład w kwadracie 0
sudoku.model.SudokuBoard@19105a87[
  size=9
  solver=sudoku.model.BacktrackingSudokuSolver@83b0d0f
  board={{8,9,1,7,3,2,6,5,4},{5,4,6,8,9,1,2,3,7},{7,2,3,5,4,6,8,9,1},{9,1,2,3,5,7,4,6,8},{6,3,5,9,8,4,7,1,2},{4,8,7,1,0,0,0,0,0},{0,0,0,0,0,0,0,0,0},{0,0,0,0,0,0,0,0,0},{0,0,0,0,0,0,0,0,0}}
]
00:17:22.518 [main] INFO  sudoku.model.SudokuBoard - Wartość 0 wstawiona nieprawidłowo
00:17:22.518 [main] INFO  sudoku.model.SudokuBoard - Bład w kwadracie 0
sudoku.model.SudokuBoard@19105a87[
  size=9
  solver=sudoku.model.BacktrackingSudokuSolver@83b0d0f
  board={{8,9,1,7,3,2,6,5,4},{5,4,6,8,9,1,2,3,7},{7,2,3,5,4,6,8,9,1},{9,1,2,3,5,7,4,6,8},{6,3,5,9,8,4,7,1,2},{4,8,7,1,0,0,0,0,0},{0,0,0,0,0,0,0,0,0},{0,0,0,0,0,0,0,0,0},{0,0,0,0,0,0,0,0,0}}
]
00:17:22.518 [main] INFO  sudoku.model.SudokuBoard - Wartość 0 wstawiona nieprawidłowo
00:17:22.518 [main] INFO  sudoku.model.SudokuBoard - Bład w kwadracie 0
sudoku.model.SudokuBoard@19105a87[
  size=9
  solver=sudoku.model.BacktrackingSudokuSolver@83b0d0f
  board={{8,9,1,7,3,2,6,5,4},{5,4,6,8,9,1,2,3,7},{7,2,3,5,4,6,8,9,1},{9,1,2,3,5,7,4,6,8},{6,3,5,9,8,4,7,1,2},{4,8,7,0,0,0,0,0,0},{0,0,0,0,0,0,0,0,0},{0,0,0,0,0,0,0,0,0},{0,0,0,0,0,0,0,0,0}}
]
00:17:22.518 [main] INFO  sudoku.model.SudokuBoard - Wartość 0 wstawiona nieprawidłowo
00:17:22.519 [main] INFO  sudoku.model.SudokuBoard - Bład w kwadracie 0
sudoku.model.SudokuBoard@19105a87[
  size=9
  solver=sudoku.model.BacktrackingSudokuSolver@83b0d0f
  board={{8,9,1,7,3,2,6,5,4},{5,4,6,8,9,1,2,3,7},{7,2,3,5,4,6,8,9,1},{9,1,2,3,5,7,4,6,8},{6,3,5,9,8,4,7,1,2},{4,8,7,2,0,0,0,0,0},{0,0,0,0,0,0,0,0,0},{0,0,0,0,0,0,0,0,0},{0,0,0,0,0,0,0,0,0}}
]
00:17:22.519 [main] INFO  sudoku.model.SudokuBoard - Wartość 0 wstawiona nieprawidłowo
00:17:22.519 [main] INFO  sudoku.model.SudokuBoard - Bład w kwadracie 0
sudoku.model.SudokuBoard@19105a87[
  size=9
  solver=sudoku.model.BacktrackingSudokuSolver@83b0d0f
  board={{8,9,1,7,3,2,6,5,4},{5,4,6,8,9,1,2,3,7},{7,2,3,5,4,6,8,9,1},{9,1,2,3,5,7,4,6,8},{6,3,5,9,8,4,7,1,2},{4,8,7,2,0,0,0,0,0},{0,0,0,0,0,0,0,0,0},{0,0,0,0,0,0,0,0,0},{0,0,0,0,0,0,0,0,0}}
]
00:17:22.519 [main] INFO  sudoku.model.SudokuBoard - Wartość 0 wstawiona nieprawidłowo
00:17:22.519 [main] INFO  sudoku.model.SudokuBoard - Bład w kwadracie 0
sudoku.model.SudokuBoard@19105a87[
  size=9
  solver=sudoku.model.BacktrackingSudokuSolver@83b0d0f
  board={{8,9,1,7,3,2,6,5,4},{5,4,6,8,9,1,2,3,7},{7,2,3,5,4,6,8,9,1},{9,1,2,3,5,7,4,6,8},{6,3,5,9,8,4,7,1,2},{4,8,7,0,0,0,0,0,0},{0,0,0,0,0,0,0,0,0},{0,0,0,0,0,0,0,0,0},{0,0,0,0,0,0,0,0,0}}
]
00:17:22.519 [main] INFO  sudoku.model.SudokuBoard - Wartość 0 wstawiona nieprawidłowo
00:17:22.519 [main] INFO  sudoku.model.SudokuBoard - Bład w kwadracie 0
sudoku.model.SudokuBoard@19105a87[
  size=9
  solver=sudoku.model.BacktrackingSudokuSolver@83b0d0f
  board={{8,9,1,7,3,2,6,5,4},{5,4,6,8,9,1,2,3,7},{7,2,3,5,4,6,8,9,1},{9,1,2,3,5,7,4,6,8},{6,3,5,9,8,4,7,1,2},{4,8,7,6,0,0,0,0,0},{0,0,0,0,0,0,0,0,0},{0,0,0,0,0,0,0,0,0},{0,0,0,0,0,0,0,0,0}}
]
00:17:22.519 [main] INFO  sudoku.model.SudokuBoard - Wartość 0 wstawiona nieprawidłowo
00:17:22.519 [main] INFO  sudoku.model.SudokuBoard - Bład w kwadracie 0
sudoku.model.SudokuBoard@19105a87[
  size=9
  solver=sudoku.model.BacktrackingSudokuSolver@83b0d0f
  board={{8,9,1,7,3,2,6,5,4},{5,4,6,8,9,1,2,3,7},{7,2,3,5,4,6,8,9,1},{9,1,2,3,5,7,4,6,8},{6,3,5,9,8,4,7,1,2},{4,8,7,6,0,0,0,0,0},{0,0,0,0,0,0,0,0,0},{0,0,0,0,0,0,0,0,0},{0,0,0,0,0,0,0,0,0}}
]
00:17:22.519 [main] INFO  sudoku.model.SudokuBoard - Wartość 0 wstawiona nieprawidłowo
00:17:22.520 [main] INFO  sudoku.model.SudokuBoard - Bład w kwadracie 0
sudoku.model.SudokuBoard@19105a87[
  size=9
  solver=sudoku.model.BacktrackingSudokuSolver@83b0d0f
  board={{8,9,1,7,3,2,6,5,4},{5,4,6,8,9,1,2,3,7},{7,2,3,5,4,6,8,9,1},{9,1,2,3,5,7,4,6,8},{6,3,5,9,8,4,7,1,2},{4,8,7,0,0,0,0,0,0},{0,0,0,0,0,0,0,0,0},{0,0,0,0,0,0,0,0,0},{0,0,0,0,0,0,0,0,0}}
]
00:17:22.520 [main] INFO  sudoku.model.SudokuBoard - Wartość 0 wstawiona nieprawidłowo
00:17:22.520 [main] INFO  sudoku.model.SudokuBoard - Bład w kwadracie 0
sudoku.model.SudokuBoard@19105a87[
  size=9
  solver=sudoku.model.BacktrackingSudokuSolver@83b0d0f
  board={{8,9,1,7,3,2,6,5,4},{5,4,6,8,9,1,2,3,7},{7,2,3,5,4,6,8,9,1},{9,1,2,3,5,7,4,6,8},{6,3,5,9,8,4,7,1,2},{4,8,0,0,0,0,0,0,0},{0,0,0,0,0,0,0,0,0},{0,0,0,0,0,0,0,0,0},{0,0,0,0,0,0,0,0,0}}
]
00:17:22.520 [main] INFO  sudoku.model.SudokuBoard - Wartość 0 wstawiona nieprawidłowo
00:17:22.520 [main] INFO  sudoku.model.SudokuBoard - Bład w kwadracie 0
sudoku.model.SudokuBoard@19105a87[
  size=9
  solver=sudoku.model.BacktrackingSudokuSolver@83b0d0f
  board={{8,9,1,7,3,2,6,5,4},{5,4,6,8,9,1,2,3,7},{7,2,3,5,4,6,8,9,1},{9,1,2,3,5,7,4,6,8},{6,3,5,9,8,4,7,1,2},{4,0,0,0,0,0,0,0,0},{0,0,0,0,0,0,0,0,0},{0,0,0,0,0,0,0,0,0},{0,0,0,0,0,0,0,0,0}}
]
00:17:22.520 [main] INFO  sudoku.model.SudokuBoard - Wartość 0 wstawiona nieprawidłowo
00:17:22.520 [main] INFO  sudoku.model.SudokuBoard - Bład w kwadracie 0
sudoku.model.SudokuBoard@19105a87[
  size=9
  solver=sudoku.model.BacktrackingSudokuSolver@83b0d0f
  board={{8,9,1,7,3,2,6,5,4},{5,4,6,8,9,1,2,3,7},{7,2,3,5,4,6,8,9,1},{9,1,2,3,5,7,4,6,8},{6,3,5,9,8,4,7,1,2},{0,0,0,0,0,0,0,0,0},{0,0,0,0,0,0,0,0,0},{0,0,0,0,0,0,0,0,0},{0,0,0,0,0,0,0,0,0}}
]
00:17:22.520 [main] INFO  sudoku.model.SudokuBoard - Wartość 0 wstawiona nieprawidłowo
00:17:22.520 [main] INFO  sudoku.model.SudokuBoard - Bład w kwadracie 0
sudoku.model.SudokuBoard@19105a87[
  size=9
  solver=sudoku.model.BacktrackingSudokuSolver@83b0d0f
  board={{8,9,1,7,3,2,6,5,4},{5,4,6,8,9,1,2,3,7},{7,2,3,5,4,6,8,9,1},{9,1,2,3,5,7,4,6,8},{6,3,5,9,8,4,7,1,0},{0,0,0,0,0,0,0,0,0},{0,0,0,0,0,0,0,0,0},{0,0,0,0,0,0,0,0,0},{0,0,0,0,0,0,0,0,0}}
]
00:17:22.520 [main] INFO  sudoku.model.SudokuBoard - Wartość 0 wstawiona nieprawidłowo
00:17:22.520 [main] INFO  sudoku.model.SudokuBoard - Bład w kwadracie 0
sudoku.model.SudokuBoard@19105a87[
  size=9
  solver=sudoku.model.BacktrackingSudokuSolver@83b0d0f
  board={{8,9,1,7,3,2,6,5,4},{5,4,6,8,9,1,2,3,7},{7,2,3,5,4,6,8,9,1},{9,1,2,3,5,7,4,6,8},{6,3,5,9,8,4,7,0,0},{0,0,0,0,0,0,0,0,0},{0,0,0,0,0,0,0,0,0},{0,0,0,0,0,0,0,0,0},{0,0,0,0,0,0,0,0,0}}
]
00:17:22.520 [main] INFO  sudoku.model.SudokuBoard - Wartość 0 wstawiona nieprawidłowo
00:17:22.520 [main] INFO  sudoku.model.SudokuBoard - Bład w kwadracie 0
sudoku.model.SudokuBoard@19105a87[
  size=9
  solver=sudoku.model.BacktrackingSudokuSolver@83b0d0f
  board={{8,9,1,7,3,2,6,5,4},{5,4,6,8,9,1,2,3,7},{7,2,3,5,4,6,8,9,1},{9,1,2,3,5,7,4,6,8},{6,3,5,9,8,4,7,0,0},{0,0,0,0,0,0,0,0,0},{0,0,0,0,0,0,0,0,0},{0,0,0,0,0,0,0,0,0},{0,0,0,0,0,0,0,0,0}}
]
00:17:22.520 [main] INFO  sudoku.model.SudokuBoard - Wartość 0 wstawiona nieprawidłowo
00:17:22.521 [main] INFO  sudoku.model.SudokuBoard - Bład w kwadracie 0
sudoku.model.SudokuBoard@19105a87[
  size=9
  solver=sudoku.model.BacktrackingSudokuSolver@83b0d0f
  board={{8,9,1,7,3,2,6,5,4},{5,4,6,8,9,1,2,3,7},{7,2,3,5,4,6,8,9,1},{9,1,2,3,5,7,4,6,8},{6,3,5,9,8,4,0,0,0},{0,0,0,0,0,0,0,0,0},{0,0,0,0,0,0,0,0,0},{0,0,0,0,0,0,0,0,0},{0,0,0,0,0,0,0,0,0}}
]
00:17:22.521 [main] INFO  sudoku.model.SudokuBoard - Wartość 0 wstawiona nieprawidłowo
00:17:22.521 [main] INFO  sudoku.model.SudokuBoard - Bład w kwadracie 0
sudoku.model.SudokuBoard@19105a87[
  size=9
  solver=sudoku.model.BacktrackingSudokuSolver@83b0d0f
  board={{8,9,1,7,3,2,6,5,4},{5,4,6,8,9,1,2,3,7},{7,2,3,5,4,6,8,9,1},{9,1,2,3,5,7,4,6,8},{6,3,5,9,8,4,1,0,0},{0,0,0,0,0,0,0,0,0},{0,0,0,0,0,0,0,0,0},{0,0,0,0,0,0,0,0,0},{0,0,0,0,0,0,0,0,0}}
]
00:17:22.521 [main] INFO  sudoku.model.SudokuBoard - Wartość 0 wstawiona nieprawidłowo
00:17:22.521 [main] INFO  sudoku.model.SudokuBoard - Bład w kwadracie 0
sudoku.model.SudokuBoard@19105a87[
  size=9
  solver=sudoku.model.BacktrackingSudokuSolver@83b0d0f
  board={{8,9,1,7,3,2,6,5,4},{5,4,6,8,9,1,2,3,7},{7,2,3,5,4,6,8,9,1},{9,1,2,3,5,7,4,6,8},{6,3,5,9,8,4,1,7,2},{4,7,8,1,0,0,0,0,0},{0,0,0,0,0,0,0,0,0},{0,0,0,0,0,0,0,0,0},{0,0,0,0,0,0,0,0,0}}
]
00:17:22.521 [main] INFO  sudoku.model.SudokuBoard - Wartość 0 wstawiona nieprawidłowo
00:17:22.522 [main] INFO  sudoku.model.SudokuBoard - Bład w kwadracie 0
sudoku.model.SudokuBoard@19105a87[
  size=9
  solver=sudoku.model.BacktrackingSudokuSolver@83b0d0f
  board={{8,9,1,7,3,2,6,5,4},{5,4,6,8,9,1,2,3,7},{7,2,3,5,4,6,8,9,1},{9,1,2,3,5,7,4,6,8},{6,3,5,9,8,4,1,7,2},{4,7,8,1,0,0,0,0,0},{0,0,0,0,0,0,0,0,0},{0,0,0,0,0,0,0,0,0},{0,0,0,0,0,0,0,0,0}}
]
00:17:22.522 [main] INFO  sudoku.model.SudokuBoard - Wartość 0 wstawiona nieprawidłowo
00:17:22.522 [main] INFO  sudoku.model.SudokuBoard - Bład w kwadracie 0
sudoku.model.SudokuBoard@19105a87[
  size=9
  solver=sudoku.model.BacktrackingSudokuSolver@83b0d0f
  board={{8,9,1,7,3,2,6,5,4},{5,4,6,8,9,1,2,3,7},{7,2,3,5,4,6,8,9,1},{9,1,2,3,5,7,4,6,8},{6,3,5,9,8,4,1,7,2},{4,7,8,0,0,0,0,0,0},{0,0,0,0,0,0,0,0,0},{0,0,0,0,0,0,0,0,0},{0,0,0,0,0,0,0,0,0}}
]
00:17:22.522 [main] INFO  sudoku.model.SudokuBoard - Wartość 0 wstawiona nieprawidłowo
00:17:22.522 [main] INFO  sudoku.model.SudokuBoard - Bład w kwadracie 0
sudoku.model.SudokuBoard@19105a87[
  size=9
  solver=sudoku.model.BacktrackingSudokuSolver@83b0d0f
  board={{8,9,1,7,3,2,6,5,4},{5,4,6,8,9,1,2,3,7},{7,2,3,5,4,6,8,9,1},{9,1,2,3,5,7,4,6,8},{6,3,5,9,8,4,1,7,2},{4,7,8,2,0,0,0,0,0},{0,0,0,0,0,0,0,0,0},{0,0,0,0,0,0,0,0,0},{0,0,0,0,0,0,0,0,0}}
]
00:17:22.522 [main] INFO  sudoku.model.SudokuBoard - Wartość 0 wstawiona nieprawidłowo
00:17:22.522 [main] INFO  sudoku.model.SudokuBoard - Bład w kwadracie 0
sudoku.model.SudokuBoard@19105a87[
  size=9
  solver=sudoku.model.BacktrackingSudokuSolver@83b0d0f
  board={{8,9,1,7,3,2,6,5,4},{5,4,6,8,9,1,2,3,7},{7,2,3,5,4,6,8,9,1},{9,1,2,3,5,7,4,6,8},{6,3,5,9,8,4,1,7,2},{4,7,8,2,0,0,0,0,0},{0,0,0,0,0,0,0,0,0},{0,0,0,0,0,0,0,0,0},{0,0,0,0,0,0,0,0,0}}
]
00:17:22.522 [main] INFO  sudoku.model.SudokuBoard - Wartość 0 wstawiona nieprawidłowo
00:17:22.522 [main] INFO  sudoku.model.SudokuBoard - Bład w kwadracie 0
sudoku.model.SudokuBoard@19105a87[
  size=9
  solver=sudoku.model.BacktrackingSudokuSolver@83b0d0f
  board={{8,9,1,7,3,2,6,5,4},{5,4,6,8,9,1,2,3,7},{7,2,3,5,4,6,8,9,1},{9,1,2,3,5,7,4,6,8},{6,3,5,9,8,4,1,7,2},{4,7,8,0,0,0,0,0,0},{0,0,0,0,0,0,0,0,0},{0,0,0,0,0,0,0,0,0},{0,0,0,0,0,0,0,0,0}}
]
00:17:22.522 [main] INFO  sudoku.model.SudokuBoard - Wartość 0 wstawiona nieprawidłowo
00:17:22.522 [main] INFO  sudoku.model.SudokuBoard - Bład w kwadracie 0
sudoku.model.SudokuBoard@19105a87[
  size=9
  solver=sudoku.model.BacktrackingSudokuSolver@83b0d0f
  board={{8,9,1,7,3,2,6,5,4},{5,4,6,8,9,1,2,3,7},{7,2,3,5,4,6,8,9,1},{9,1,2,3,5,7,4,6,8},{6,3,5,9,8,4,1,7,2},{4,7,8,6,0,0,0,0,0},{0,0,0,0,0,0,0,0,0},{0,0,0,0,0,0,0,0,0},{0,0,0,0,0,0,0,0,0}}
]
00:17:22.522 [main] INFO  sudoku.model.SudokuBoard - Wartość 0 wstawiona nieprawidłowo
00:17:22.522 [main] INFO  sudoku.model.SudokuBoard - Bład w kwadracie 0
sudoku.model.SudokuBoard@19105a87[
  size=9
  solver=sudoku.model.BacktrackingSudokuSolver@83b0d0f
  board={{8,9,1,7,3,2,6,5,4},{5,4,6,8,9,1,2,3,7},{7,2,3,5,4,6,8,9,1},{9,1,2,3,5,7,4,6,8},{6,3,5,9,8,4,1,7,2},{4,7,8,6,0,0,0,0,0},{0,0,0,0,0,0,0,0,0},{0,0,0,0,0,0,0,0,0},{0,0,0,0,0,0,0,0,0}}
]
00:17:22.522 [main] INFO  sudoku.model.SudokuBoard - Wartość 0 wstawiona nieprawidłowo
00:17:22.523 [main] INFO  sudoku.model.SudokuBoard - Bład w kwadracie 0
sudoku.model.SudokuBoard@19105a87[
  size=9
  solver=sudoku.model.BacktrackingSudokuSolver@83b0d0f
  board={{8,9,1,7,3,2,6,5,4},{5,4,6,8,9,1,2,3,7},{7,2,3,5,4,6,8,9,1},{9,1,2,3,5,7,4,6,8},{6,3,5,9,8,4,1,7,2},{4,7,8,0,0,0,0,0,0},{0,0,0,0,0,0,0,0,0},{0,0,0,0,0,0,0,0,0},{0,0,0,0,0,0,0,0,0}}
]
00:17:22.523 [main] INFO  sudoku.model.SudokuBoard - Wartość 0 wstawiona nieprawidłowo
00:17:22.523 [main] INFO  sudoku.model.SudokuBoard - Bład w kwadracie 0
sudoku.model.SudokuBoard@19105a87[
  size=9
  solver=sudoku.model.BacktrackingSudokuSolver@83b0d0f
  board={{8,9,1,7,3,2,6,5,4},{5,4,6,8,9,1,2,3,7},{7,2,3,5,4,6,8,9,1},{9,1,2,3,5,7,4,6,8},{6,3,5,9,8,4,1,7,2},{4,7,0,0,0,0,0,0,0},{0,0,0,0,0,0,0,0,0},{0,0,0,0,0,0,0,0,0},{0,0,0,0,0,0,0,0,0}}
]
00:17:22.523 [main] INFO  sudoku.model.SudokuBoard - Wartość 0 wstawiona nieprawidłowo
00:17:22.523 [main] INFO  sudoku.model.SudokuBoard - Bład w kwadracie 0
sudoku.model.SudokuBoard@19105a87[
  size=9
  solver=sudoku.model.BacktrackingSudokuSolver@83b0d0f
  board={{8,9,1,7,3,2,6,5,4},{5,4,6,8,9,1,2,3,7},{7,2,3,5,4,6,8,9,1},{9,1,2,3,5,7,4,6,8},{6,3,5,9,8,4,1,7,2},{4,0,0,0,0,0,0,0,0},{0,0,0,0,0,0,0,0,0},{0,0,0,0,0,0,0,0,0},{0,0,0,0,0,0,0,0,0}}
]
00:17:22.523 [main] INFO  sudoku.model.SudokuBoard - Wartość 0 wstawiona nieprawidłowo
00:17:22.523 [main] INFO  sudoku.model.SudokuBoard - Bład w kwadracie 0
sudoku.model.SudokuBoard@19105a87[
  size=9
  solver=sudoku.model.BacktrackingSudokuSolver@83b0d0f
  board={{8,9,1,7,3,2,6,5,4},{5,4,6,8,9,1,2,3,7},{7,2,3,5,4,6,8,9,1},{9,1,2,3,5,7,4,6,8},{6,3,5,9,8,4,1,7,2},{4,8,7,1,0,0,0,0,0},{0,0,0,0,0,0,0,0,0},{0,0,0,0,0,0,0,0,0},{0,0,0,0,0,0,0,0,0}}
]
00:17:22.523 [main] INFO  sudoku.model.SudokuBoard - Wartość 0 wstawiona nieprawidłowo
00:17:22.523 [main] INFO  sudoku.model.SudokuBoard - Bład w kwadracie 0
sudoku.model.SudokuBoard@19105a87[
  size=9
  solver=sudoku.model.BacktrackingSudokuSolver@83b0d0f
  board={{8,9,1,7,3,2,6,5,4},{5,4,6,8,9,1,2,3,7},{7,2,3,5,4,6,8,9,1},{9,1,2,3,5,7,4,6,8},{6,3,5,9,8,4,1,7,2},{4,8,7,1,0,0,0,0,0},{0,0,0,0,0,0,0,0,0},{0,0,0,0,0,0,0,0,0},{0,0,0,0,0,0,0,0,0}}
]
00:17:22.523 [main] INFO  sudoku.model.SudokuBoard - Wartość 0 wstawiona nieprawidłowo
00:17:22.523 [main] INFO  sudoku.model.SudokuBoard - Bład w kwadracie 0
sudoku.model.SudokuBoard@19105a87[
  size=9
  solver=sudoku.model.BacktrackingSudokuSolver@83b0d0f
  board={{8,9,1,7,3,2,6,5,4},{5,4,6,8,9,1,2,3,7},{7,2,3,5,4,6,8,9,1},{9,1,2,3,5,7,4,6,8},{6,3,5,9,8,4,1,7,2},{4,8,7,0,0,0,0,0,0},{0,0,0,0,0,0,0,0,0},{0,0,0,0,0,0,0,0,0},{0,0,0,0,0,0,0,0,0}}
]
00:17:22.523 [main] INFO  sudoku.model.SudokuBoard - Wartość 0 wstawiona nieprawidłowo
00:17:22.523 [main] INFO  sudoku.model.SudokuBoard - Bład w kwadracie 0
sudoku.model.SudokuBoard@19105a87[
  size=9
  solver=sudoku.model.BacktrackingSudokuSolver@83b0d0f
  board={{8,9,1,7,3,2,6,5,4},{5,4,6,8,9,1,2,3,7},{7,2,3,5,4,6,8,9,1},{9,1,2,3,5,7,4,6,8},{6,3,5,9,8,4,1,7,2},{4,8,7,2,0,0,0,0,0},{0,0,0,0,0,0,0,0,0},{0,0,0,0,0,0,0,0,0},{0,0,0,0,0,0,0,0,0}}
]
00:17:22.523 [main] INFO  sudoku.model.SudokuBoard - Wartość 0 wstawiona nieprawidłowo
00:17:22.524 [main] INFO  sudoku.model.SudokuBoard - Bład w kwadracie 0
sudoku.model.SudokuBoard@19105a87[
  size=9
  solver=sudoku.model.BacktrackingSudokuSolver@83b0d0f
  board={{8,9,1,7,3,2,6,5,4},{5,4,6,8,9,1,2,3,7},{7,2,3,5,4,6,8,9,1},{9,1,2,3,5,7,4,6,8},{6,3,5,9,8,4,1,7,2},{4,8,7,2,0,0,0,0,0},{0,0,0,0,0,0,0,0,0},{0,0,0,0,0,0,0,0,0},{0,0,0,0,0,0,0,0,0}}
]
00:17:22.524 [main] INFO  sudoku.model.SudokuBoard - Wartość 0 wstawiona nieprawidłowo
00:17:22.524 [main] INFO  sudoku.model.SudokuBoard - Bład w kwadracie 0
sudoku.model.SudokuBoard@19105a87[
  size=9
  solver=sudoku.model.BacktrackingSudokuSolver@83b0d0f
  board={{8,9,1,7,3,2,6,5,4},{5,4,6,8,9,1,2,3,7},{7,2,3,5,4,6,8,9,1},{9,1,2,3,5,7,4,6,8},{6,3,5,9,8,4,1,7,2},{4,8,7,0,0,0,0,0,0},{0,0,0,0,0,0,0,0,0},{0,0,0,0,0,0,0,0,0},{0,0,0,0,0,0,0,0,0}}
]
00:17:22.524 [main] INFO  sudoku.model.SudokuBoard - Wartość 0 wstawiona nieprawidłowo
00:17:22.524 [main] INFO  sudoku.model.SudokuBoard - Bład w kwadracie 0
sudoku.model.SudokuBoard@19105a87[
  size=9
  solver=sudoku.model.BacktrackingSudokuSolver@83b0d0f
  board={{8,9,1,7,3,2,6,5,4},{5,4,6,8,9,1,2,3,7},{7,2,3,5,4,6,8,9,1},{9,1,2,3,5,7,4,6,8},{6,3,5,9,8,4,1,7,2},{4,8,7,6,0,0,0,0,0},{0,0,0,0,0,0,0,0,0},{0,0,0,0,0,0,0,0,0},{0,0,0,0,0,0,0,0,0}}
]
00:17:22.524 [main] INFO  sudoku.model.SudokuBoard - Wartość 0 wstawiona nieprawidłowo
00:17:22.524 [main] INFO  sudoku.model.SudokuBoard - Bład w kwadracie 0
sudoku.model.SudokuBoard@19105a87[
  size=9
  solver=sudoku.model.BacktrackingSudokuSolver@83b0d0f
  board={{8,9,1,7,3,2,6,5,4},{5,4,6,8,9,1,2,3,7},{7,2,3,5,4,6,8,9,1},{9,1,2,3,5,7,4,6,8},{6,3,5,9,8,4,1,7,2},{4,8,7,6,0,0,0,0,0},{0,0,0,0,0,0,0,0,0},{0,0,0,0,0,0,0,0,0},{0,0,0,0,0,0,0,0,0}}
]
00:17:22.524 [main] INFO  sudoku.model.SudokuBoard - Wartość 0 wstawiona nieprawidłowo
00:17:22.524 [main] INFO  sudoku.model.SudokuBoard - Bład w kwadracie 0
sudoku.model.SudokuBoard@19105a87[
  size=9
  solver=sudoku.model.BacktrackingSudokuSolver@83b0d0f
  board={{8,9,1,7,3,2,6,5,4},{5,4,6,8,9,1,2,3,7},{7,2,3,5,4,6,8,9,1},{9,1,2,3,5,7,4,6,8},{6,3,5,9,8,4,1,7,2},{4,8,7,0,0,0,0,0,0},{0,0,0,0,0,0,0,0,0},{0,0,0,0,0,0,0,0,0},{0,0,0,0,0,0,0,0,0}}
]
00:17:22.524 [main] INFO  sudoku.model.SudokuBoard - Wartość 0 wstawiona nieprawidłowo
00:17:22.524 [main] INFO  sudoku.model.SudokuBoard - Bład w kwadracie 0
sudoku.model.SudokuBoard@19105a87[
  size=9
  solver=sudoku.model.BacktrackingSudokuSolver@83b0d0f
  board={{8,9,1,7,3,2,6,5,4},{5,4,6,8,9,1,2,3,7},{7,2,3,5,4,6,8,9,1},{9,1,2,3,5,7,4,6,8},{6,3,5,9,8,4,1,7,2},{4,8,0,0,0,0,0,0,0},{0,0,0,0,0,0,0,0,0},{0,0,0,0,0,0,0,0,0},{0,0,0,0,0,0,0,0,0}}
]
00:17:22.524 [main] INFO  sudoku.model.SudokuBoard - Wartość 0 wstawiona nieprawidłowo
00:17:22.524 [main] INFO  sudoku.model.SudokuBoard - Bład w kwadracie 0
sudoku.model.SudokuBoard@19105a87[
  size=9
  solver=sudoku.model.BacktrackingSudokuSolver@83b0d0f
  board={{8,9,1,7,3,2,6,5,4},{5,4,6,8,9,1,2,3,7},{7,2,3,5,4,6,8,9,1},{9,1,2,3,5,7,4,6,8},{6,3,5,9,8,4,1,7,2},{4,0,0,0,0,0,0,0,0},{0,0,0,0,0,0,0,0,0},{0,0,0,0,0,0,0,0,0},{0,0,0,0,0,0,0,0,0}}
]
00:17:22.524 [main] INFO  sudoku.model.SudokuBoard - Wartość 0 wstawiona nieprawidłowo
00:17:22.525 [main] INFO  sudoku.model.SudokuBoard - Bład w kwadracie 0
sudoku.model.SudokuBoard@19105a87[
  size=9
  solver=sudoku.model.BacktrackingSudokuSolver@83b0d0f
  board={{8,9,1,7,3,2,6,5,4},{5,4,6,8,9,1,2,3,7},{7,2,3,5,4,6,8,9,1},{9,1,2,3,5,7,4,6,8},{6,3,5,9,8,4,1,7,2},{0,0,0,0,0,0,0,0,0},{0,0,0,0,0,0,0,0,0},{0,0,0,0,0,0,0,0,0},{0,0,0,0,0,0,0,0,0}}
]
00:17:22.525 [main] INFO  sudoku.model.SudokuBoard - Wartość 0 wstawiona nieprawidłowo
00:17:22.525 [main] INFO  sudoku.model.SudokuBoard - Bład w kwadracie 0
sudoku.model.SudokuBoard@19105a87[
  size=9
  solver=sudoku.model.BacktrackingSudokuSolver@83b0d0f
  board={{8,9,1,7,3,2,6,5,4},{5,4,6,8,9,1,2,3,7},{7,2,3,5,4,6,8,9,1},{9,1,2,3,5,7,4,6,8},{6,3,5,9,8,4,1,7,0},{0,0,0,0,0,0,0,0,0},{0,0,0,0,0,0,0,0,0},{0,0,0,0,0,0,0,0,0},{0,0,0,0,0,0,0,0,0}}
]
00:17:22.525 [main] INFO  sudoku.model.SudokuBoard - Wartość 0 wstawiona nieprawidłowo
00:17:22.525 [main] INFO  sudoku.model.SudokuBoard - Bład w kwadracie 0
sudoku.model.SudokuBoard@19105a87[
  size=9
  solver=sudoku.model.BacktrackingSudokuSolver@83b0d0f
  board={{8,9,1,7,3,2,6,5,4},{5,4,6,8,9,1,2,3,7},{7,2,3,5,4,6,8,9,1},{9,1,2,3,5,7,4,6,8},{6,3,5,9,8,4,1,0,0},{0,0,0,0,0,0,0,0,0},{0,0,0,0,0,0,0,0,0},{0,0,0,0,0,0,0,0,0},{0,0,0,0,0,0,0,0,0}}
]
00:17:22.525 [main] INFO  sudoku.model.SudokuBoard - Wartość 0 wstawiona nieprawidłowo
00:17:22.525 [main] INFO  sudoku.model.SudokuBoard - Bład w kwadracie 0
sudoku.model.SudokuBoard@19105a87[
  size=9
  solver=sudoku.model.BacktrackingSudokuSolver@83b0d0f
  board={{8,9,1,7,3,2,6,5,4},{5,4,6,8,9,1,2,3,7},{7,2,3,5,4,6,8,9,1},{9,1,2,3,5,7,4,6,8},{6,3,5,9,8,4,0,0,0},{0,0,0,0,0,0,0,0,0},{0,0,0,0,0,0,0,0,0},{0,0,0,0,0,0,0,0,0},{0,0,0,0,0,0,0,0,0}}
]
00:17:22.525 [main] INFO  sudoku.model.SudokuBoard - Wartość 0 wstawiona nieprawidłowo
00:17:22.525 [main] INFO  sudoku.model.SudokuBoard - Bład w kwadracie 0
sudoku.model.SudokuBoard@19105a87[
  size=9
  solver=sudoku.model.BacktrackingSudokuSolver@83b0d0f
  board={{8,9,1,7,3,2,6,5,4},{5,4,6,8,9,1,2,3,7},{7,2,3,5,4,6,8,9,1},{9,1,2,3,5,7,4,6,8},{6,3,5,9,8,0,0,0,0},{0,0,0,0,0,0,0,0,0},{0,0,0,0,0,0,0,0,0},{0,0,0,0,0,0,0,0,0},{0,0,0,0,0,0,0,0,0}}
]
00:17:22.525 [main] INFO  sudoku.model.SudokuBoard - Wartość 0 wstawiona nieprawidłowo
00:17:22.525 [main] INFO  sudoku.model.SudokuBoard - Bład w kwadracie 0
sudoku.model.SudokuBoard@19105a87[
  size=9
  solver=sudoku.model.BacktrackingSudokuSolver@83b0d0f
  board={{8,9,1,7,3,2,6,5,4},{5,4,6,8,9,1,2,3,7},{7,2,3,5,4,6,8,9,1},{9,1,2,3,5,7,4,6,8},{6,3,5,9,0,0,0,0,0},{0,0,0,0,0,0,0,0,0},{0,0,0,0,0,0,0,0,0},{0,0,0,0,0,0,0,0,0},{0,0,0,0,0,0,0,0,0}}
]
00:17:22.525 [main] INFO  sudoku.model.SudokuBoard - Wartość 0 wstawiona nieprawidłowo
00:17:22.526 [main] INFO  sudoku.model.SudokuBoard - Bład w kwadracie 0
sudoku.model.SudokuBoard@19105a87[
  size=9
  solver=sudoku.model.BacktrackingSudokuSolver@83b0d0f
  board={{8,9,1,7,3,2,6,5,4},{5,4,6,8,9,1,2,3,7},{7,2,3,5,4,6,8,9,1},{9,1,2,3,5,7,4,6,8},{6,3,5,9,1,8,7,0,0},{0,0,0,0,0,0,0,0,0},{0,0,0,0,0,0,0,0,0},{0,0,0,0,0,0,0,0,0},{0,0,0,0,0,0,0,0,0}}
]
00:17:22.526 [main] INFO  sudoku.model.SudokuBoard - Wartość 0 wstawiona nieprawidłowo
00:17:22.526 [main] INFO  sudoku.model.SudokuBoard - Bład w kwadracie 0
sudoku.model.SudokuBoard@19105a87[
  size=9
  solver=sudoku.model.BacktrackingSudokuSolver@83b0d0f
  board={{8,9,1,7,3,2,6,5,4},{5,4,6,8,9,1,2,3,7},{7,2,3,5,4,6,8,9,1},{9,1,2,3,5,7,4,6,8},{6,3,5,9,1,8,0,0,0},{0,0,0,0,0,0,0,0,0},{0,0,0,0,0,0,0,0,0},{0,0,0,0,0,0,0,0,0},{0,0,0,0,0,0,0,0,0}}
]
00:17:22.526 [main] INFO  sudoku.model.SudokuBoard - Wartość 0 wstawiona nieprawidłowo
00:17:22.526 [main] INFO  sudoku.model.SudokuBoard - Bład w kwadracie 0
sudoku.model.SudokuBoard@19105a87[
  size=9
  solver=sudoku.model.BacktrackingSudokuSolver@83b0d0f
  board={{8,9,1,7,3,2,6,5,4},{5,4,6,8,9,1,2,3,7},{7,2,3,5,4,6,8,9,1},{9,1,2,3,5,7,4,6,8},{6,3,5,9,1,0,0,0,0},{0,0,0,0,0,0,0,0,0},{0,0,0,0,0,0,0,0,0},{0,0,0,0,0,0,0,0,0},{0,0,0,0,0,0,0,0,0}}
]
00:17:22.526 [main] INFO  sudoku.model.SudokuBoard - Wartość 0 wstawiona nieprawidłowo
00:17:22.526 [main] INFO  sudoku.model.SudokuBoard - Bład w kwadracie 0
sudoku.model.SudokuBoard@19105a87[
  size=9
  solver=sudoku.model.BacktrackingSudokuSolver@83b0d0f
  board={{8,9,1,7,3,2,6,5,4},{5,4,6,8,9,1,2,3,7},{7,2,3,5,4,6,8,9,1},{9,1,2,3,5,7,4,6,8},{6,3,5,9,1,4,7,0,0},{0,0,0,0,0,0,0,0,0},{0,0,0,0,0,0,0,0,0},{0,0,0,0,0,0,0,0,0},{0,0,0,0,0,0,0,0,0}}
]
00:17:22.526 [main] INFO  sudoku.model.SudokuBoard - Wartość 0 wstawiona nieprawidłowo
00:17:22.526 [main] INFO  sudoku.model.SudokuBoard - Bład w kwadracie 0
sudoku.model.SudokuBoard@19105a87[
  size=9
  solver=sudoku.model.BacktrackingSudokuSolver@83b0d0f
  board={{8,9,1,7,3,2,6,5,4},{5,4,6,8,9,1,2,3,7},{7,2,3,5,4,6,8,9,1},{9,1,2,3,5,7,4,6,8},{6,3,5,9,1,4,0,0,0},{0,0,0,0,0,0,0,0,0},{0,0,0,0,0,0,0,0,0},{0,0,0,0,0,0,0,0,0},{0,0,0,0,0,0,0,0,0}}
]
00:17:22.526 [main] INFO  sudoku.model.SudokuBoard - Wartość 0 wstawiona nieprawidłowo
00:17:22.526 [main] INFO  sudoku.model.SudokuBoard - Bład w kwadracie 0
sudoku.model.SudokuBoard@19105a87[
  size=9
  solver=sudoku.model.BacktrackingSudokuSolver@83b0d0f
  board={{8,9,1,7,3,2,6,5,4},{5,4,6,8,9,1,2,3,7},{7,2,3,5,4,6,8,9,1},{9,1,2,3,5,7,4,6,8},{6,3,5,9,1,0,0,0,0},{0,0,0,0,0,0,0,0,0},{0,0,0,0,0,0,0,0,0},{0,0,0,0,0,0,0,0,0},{0,0,0,0,0,0,0,0,0}}
]
00:17:22.526 [main] INFO  sudoku.model.SudokuBoard - Wartość 0 wstawiona nieprawidłowo
00:17:22.526 [main] INFO  sudoku.model.SudokuBoard - Bład w kwadracie 0
sudoku.model.SudokuBoard@19105a87[
  size=9
  solver=sudoku.model.BacktrackingSudokuSolver@83b0d0f
  board={{8,9,1,7,3,2,6,5,4},{5,4,6,8,9,1,2,3,7},{7,2,3,5,4,6,8,9,1},{9,1,2,3,5,7,4,6,8},{6,3,5,9,0,0,0,0,0},{0,0,0,0,0,0,0,0,0},{0,0,0,0,0,0,0,0,0},{0,0,0,0,0,0,0,0,0},{0,0,0,0,0,0,0,0,0}}
]
00:17:22.526 [main] INFO  sudoku.model.SudokuBoard - Wartość 0 wstawiona nieprawidłowo
00:17:22.526 [main] INFO  sudoku.model.SudokuBoard - Bład w kwadracie 0
sudoku.model.SudokuBoard@19105a87[
  size=9
  solver=sudoku.model.BacktrackingSudokuSolver@83b0d0f
  board={{8,9,1,7,3,2,6,5,4},{5,4,6,8,9,1,2,3,7},{7,2,3,5,4,6,8,9,1},{9,1,2,3,5,7,4,6,8},{6,3,5,9,2,8,7,0,0},{0,0,0,0,0,0,0,0,0},{0,0,0,0,0,0,0,0,0},{0,0,0,0,0,0,0,0,0},{0,0,0,0,0,0,0,0,0}}
]
00:17:22.527 [main] INFO  sudoku.model.SudokuBoard - Wartość 0 wstawiona nieprawidłowo
00:17:22.527 [main] INFO  sudoku.model.SudokuBoard - Bład w kwadracie 0
sudoku.model.SudokuBoard@19105a87[
  size=9
  solver=sudoku.model.BacktrackingSudokuSolver@83b0d0f
  board={{8,9,1,7,3,2,6,5,4},{5,4,6,8,9,1,2,3,7},{7,2,3,5,4,6,8,9,1},{9,1,2,3,5,7,4,6,8},{6,3,5,9,2,8,0,0,0},{0,0,0,0,0,0,0,0,0},{0,0,0,0,0,0,0,0,0},{0,0,0,0,0,0,0,0,0},{0,0,0,0,0,0,0,0,0}}
]
00:17:22.527 [main] INFO  sudoku.model.SudokuBoard - Wartość 0 wstawiona nieprawidłowo
00:17:22.527 [main] INFO  sudoku.model.SudokuBoard - Bład w kwadracie 0
sudoku.model.SudokuBoard@19105a87[
  size=9
  solver=sudoku.model.BacktrackingSudokuSolver@83b0d0f
  board={{8,9,1,7,3,2,6,5,4},{5,4,6,8,9,1,2,3,7},{7,2,3,5,4,6,8,9,1},{9,1,2,3,5,7,4,6,8},{6,3,5,9,2,8,1,0,0},{0,0,0,0,0,0,0,0,0},{0,0,0,0,0,0,0,0,0},{0,0,0,0,0,0,0,0,0},{0,0,0,0,0,0,0,0,0}}
]
00:17:22.527 [main] INFO  sudoku.model.SudokuBoard - Wartość 0 wstawiona nieprawidłowo
00:17:22.527 [main] INFO  sudoku.model.SudokuBoard - Bład w kwadracie 0
sudoku.model.SudokuBoard@19105a87[
  size=9
  solver=sudoku.model.BacktrackingSudokuSolver@83b0d0f
  board={{8,9,1,7,3,2,6,5,4},{5,4,6,8,9,1,2,3,7},{7,2,3,5,4,6,8,9,1},{9,1,2,3,5,7,4,6,8},{6,3,5,9,2,8,0,0,0},{0,0,0,0,0,0,0,0,0},{0,0,0,0,0,0,0,0,0},{0,0,0,0,0,0,0,0,0},{0,0,0,0,0,0,0,0,0}}
]
00:17:22.527 [main] INFO  sudoku.model.SudokuBoard - Wartość 0 wstawiona nieprawidłowo
00:17:22.527 [main] INFO  sudoku.model.SudokuBoard - Bład w kwadracie 0
sudoku.model.SudokuBoard@19105a87[
  size=9
  solver=sudoku.model.BacktrackingSudokuSolver@83b0d0f
  board={{8,9,1,7,3,2,6,5,4},{5,4,6,8,9,1,2,3,7},{7,2,3,5,4,6,8,9,1},{9,1,2,3,5,7,4,6,8},{6,3,5,9,2,0,0,0,0},{0,0,0,0,0,0,0,0,0},{0,0,0,0,0,0,0,0,0},{0,0,0,0,0,0,0,0,0},{0,0,0,0,0,0,0,0,0}}
]
00:17:22.527 [main] INFO  sudoku.model.SudokuBoard - Wartość 0 wstawiona nieprawidłowo
00:17:22.527 [main] INFO  sudoku.model.SudokuBoard - Bład w kwadracie 0
sudoku.model.SudokuBoard@19105a87[
  size=9
  solver=sudoku.model.BacktrackingSudokuSolver@83b0d0f
  board={{8,9,1,7,3,2,6,5,4},{5,4,6,8,9,1,2,3,7},{7,2,3,5,4,6,8,9,1},{9,1,2,3,5,7,4,6,8},{6,3,5,9,2,4,7,0,0},{0,0,0,0,0,0,0,0,0},{0,0,0,0,0,0,0,0,0},{0,0,0,0,0,0,0,0,0},{0,0,0,0,0,0,0,0,0}}
]
00:17:22.527 [main] INFO  sudoku.model.SudokuBoard - Wartość 0 wstawiona nieprawidłowo
00:17:22.527 [main] INFO  sudoku.model.SudokuBoard - Bład w kwadracie 0
sudoku.model.SudokuBoard@19105a87[
  size=9
  solver=sudoku.model.BacktrackingSudokuSolver@83b0d0f
  board={{8,9,1,7,3,2,6,5,4},{5,4,6,8,9,1,2,3,7},{7,2,3,5,4,6,8,9,1},{9,1,2,3,5,7,4,6,8},{6,3,5,9,2,4,0,0,0},{0,0,0,0,0,0,0,0,0},{0,0,0,0,0,0,0,0,0},{0,0,0,0,0,0,0,0,0},{0,0,0,0,0,0,0,0,0}}
]
00:17:22.527 [main] INFO  sudoku.model.SudokuBoard - Wartość 0 wstawiona nieprawidłowo
00:17:22.528 [main] INFO  sudoku.model.SudokuBoard - Bład w kwadracie 0
sudoku.model.SudokuBoard@19105a87[
  size=9
  solver=sudoku.model.BacktrackingSudokuSolver@83b0d0f
  board={{8,9,1,7,3,2,6,5,4},{5,4,6,8,9,1,2,3,7},{7,2,3,5,4,6,8,9,1},{9,1,2,3,5,7,4,6,8},{6,3,5,9,2,4,1,0,0},{0,0,0,0,0,0,0,0,0},{0,0,0,0,0,0,0,0,0},{0,0,0,0,0,0,0,0,0},{0,0,0,0,0,0,0,0,0}}
]
00:17:22.528 [main] INFO  sudoku.model.SudokuBoard - Wartość 0 wstawiona nieprawidłowo
00:17:22.528 [main] INFO  sudoku.model.SudokuBoard - Bład w kwadracie 0
sudoku.model.SudokuBoard@19105a87[
  size=9
  solver=sudoku.model.BacktrackingSudokuSolver@83b0d0f
  board={{8,9,1,7,3,2,6,5,4},{5,4,6,8,9,1,2,3,7},{7,2,3,5,4,6,8,9,1},{9,1,2,3,5,7,4,6,8},{6,3,5,9,2,4,0,0,0},{0,0,0,0,0,0,0,0,0},{0,0,0,0,0,0,0,0,0},{0,0,0,0,0,0,0,0,0},{0,0,0,0,0,0,0,0,0}}
]
00:17:22.528 [main] INFO  sudoku.model.SudokuBoard - Wartość 0 wstawiona nieprawidłowo
00:17:22.528 [main] INFO  sudoku.model.SudokuBoard - Bład w kwadracie 0
sudoku.model.SudokuBoard@19105a87[
  size=9
  solver=sudoku.model.BacktrackingSudokuSolver@83b0d0f
  board={{8,9,1,7,3,2,6,5,4},{5,4,6,8,9,1,2,3,7},{7,2,3,5,4,6,8,9,1},{9,1,2,3,5,7,4,6,8},{6,3,5,9,2,0,0,0,0},{0,0,0,0,0,0,0,0,0},{0,0,0,0,0,0,0,0,0},{0,0,0,0,0,0,0,0,0},{0,0,0,0,0,0,0,0,0}}
]
00:17:22.528 [main] INFO  sudoku.model.SudokuBoard - Wartość 0 wstawiona nieprawidłowo
00:17:22.528 [main] INFO  sudoku.model.SudokuBoard - Bład w kwadracie 0
sudoku.model.SudokuBoard@19105a87[
  size=9
  solver=sudoku.model.BacktrackingSudokuSolver@83b0d0f
  board={{8,9,1,7,3,2,6,5,4},{5,4,6,8,9,1,2,3,7},{7,2,3,5,4,6,8,9,1},{9,1,2,3,5,7,4,6,8},{6,3,5,9,0,0,0,0,0},{0,0,0,0,0,0,0,0,0},{0,0,0,0,0,0,0,0,0},{0,0,0,0,0,0,0,0,0},{0,0,0,0,0,0,0,0,0}}
]
00:17:22.528 [main] INFO  sudoku.model.SudokuBoard - Wartość 0 wstawiona nieprawidłowo
00:17:22.528 [main] INFO  sudoku.model.SudokuBoard - Bład w kwadracie 0
sudoku.model.SudokuBoard@19105a87[
  size=9
  solver=sudoku.model.BacktrackingSudokuSolver@83b0d0f
  board={{8,9,1,7,3,2,6,5,4},{5,4,6,8,9,1,2,3,7},{7,2,3,5,4,6,8,9,1},{9,1,2,3,5,7,4,6,8},{6,3,5,0,0,0,0,0,0},{0,0,0,0,0,0,0,0,0},{0,0,0,0,0,0,0,0,0},{0,0,0,0,0,0,0,0,0},{0,0,0,0,0,0,0,0,0}}
]
00:17:22.528 [main] INFO  sudoku.model.SudokuBoard - Wartość 0 wstawiona nieprawidłowo
00:17:22.528 [main] INFO  sudoku.model.SudokuBoard - Bład w kwadracie 0
sudoku.model.SudokuBoard@19105a87[
  size=9
  solver=sudoku.model.BacktrackingSudokuSolver@83b0d0f
  board={{8,9,1,7,3,2,6,5,4},{5,4,6,8,9,1,2,3,7},{7,2,3,5,4,6,8,9,1},{9,1,2,3,5,7,4,6,8},{6,3,5,1,8,4,9,0,0},{0,0,0,0,0,0,0,0,0},{0,0,0,0,0,0,0,0,0},{0,0,0,0,0,0,0,0,0},{0,0,0,0,0,0,0,0,0}}
]
00:17:22.528 [main] INFO  sudoku.model.SudokuBoard - Wartość 0 wstawiona nieprawidłowo
00:17:22.529 [main] INFO  sudoku.model.SudokuBoard - Bład w kwadracie 0
sudoku.model.SudokuBoard@19105a87[
  size=9
  solver=sudoku.model.BacktrackingSudokuSolver@83b0d0f
  board={{8,9,1,7,3,2,6,5,4},{5,4,6,8,9,1,2,3,7},{7,2,3,5,4,6,8,9,1},{9,1,2,3,5,7,4,6,8},{6,3,5,1,8,4,9,7,2},{4,7,8,9,0,0,0,0,0},{0,0,0,0,0,0,0,0,0},{0,0,0,0,0,0,0,0,0},{0,0,0,0,0,0,0,0,0}}
]
00:17:22.529 [main] INFO  sudoku.model.SudokuBoard - Wartość 0 wstawiona nieprawidłowo
00:17:22.529 [main] INFO  sudoku.model.SudokuBoard - Bład w kwadracie 0
sudoku.model.SudokuBoard@19105a87[
  size=9
  solver=sudoku.model.BacktrackingSudokuSolver@83b0d0f
  board={{8,9,1,7,3,2,6,5,4},{5,4,6,8,9,1,2,3,7},{7,2,3,5,4,6,8,9,1},{9,1,2,3,5,7,4,6,8},{6,3,5,1,8,4,9,7,2},{4,7,8,9,0,0,0,0,0},{0,0,0,0,0,0,0,0,0},{0,0,0,0,0,0,0,0,0},{0,0,0,0,0,0,0,0,0}}
]
00:17:22.529 [main] INFO  sudoku.model.SudokuBoard - Wartość 0 wstawiona nieprawidłowo
00:17:22.529 [main] INFO  sudoku.model.SudokuBoard - Bład w kwadracie 0
sudoku.model.SudokuBoard@19105a87[
  size=9
  solver=sudoku.model.BacktrackingSudokuSolver@83b0d0f
  board={{8,9,1,7,3,2,6,5,4},{5,4,6,8,9,1,2,3,7},{7,2,3,5,4,6,8,9,1},{9,1,2,3,5,7,4,6,8},{6,3,5,1,8,4,9,7,2},{4,7,8,0,0,0,0,0,0},{0,0,0,0,0,0,0,0,0},{0,0,0,0,0,0,0,0,0},{0,0,0,0,0,0,0,0,0}}
]
00:17:22.529 [main] INFO  sudoku.model.SudokuBoard - Wartość 0 wstawiona nieprawidłowo
00:17:22.529 [main] INFO  sudoku.model.SudokuBoard - Bład w kwadracie 0
sudoku.model.SudokuBoard@19105a87[
  size=9
  solver=sudoku.model.BacktrackingSudokuSolver@83b0d0f
  board={{8,9,1,7,3,2,6,5,4},{5,4,6,8,9,1,2,3,7},{7,2,3,5,4,6,8,9,1},{9,1,2,3,5,7,4,6,8},{6,3,5,1,8,4,9,7,2},{4,7,8,2,6,9,0,0,0},{0,0,0,0,0,0,0,0,0},{0,0,0,0,0,0,0,0,0},{0,0,0,0,0,0,0,0,0}}
]
00:17:22.529 [main] INFO  sudoku.model.SudokuBoard - Wartość 0 wstawiona nieprawidłowo
00:17:22.529 [main] INFO  sudoku.model.SudokuBoard - Bład w kwadracie 0
sudoku.model.SudokuBoard@19105a87[
  size=9
  solver=sudoku.model.BacktrackingSudokuSolver@83b0d0f
  board={{8,9,1,7,3,2,6,5,4},{5,4,6,8,9,1,2,3,7},{7,2,3,5,4,6,8,9,1},{9,1,2,3,5,7,4,6,8},{6,3,5,1,8,4,9,7,2},{4,7,8,2,6,9,3,1,5},{2,6,7,9,1,8,5,4,3},{1,5,9,4,7,0,0,0,0},{0,0,0,0,0,0,0,0,0}}
]
00:17:22.529 [main] INFO  sudoku.model.SudokuBoard - Wartość 0 wstawiona nieprawidłowo
00:17:22.530 [main] INFO  sudoku.model.SudokuBoard - Bład w kwadracie 0
sudoku.model.SudokuBoard@19105a87[
  size=9
  solver=sudoku.model.BacktrackingSudokuSolver@83b0d0f
  board={{8,9,1,7,3,2,6,5,4},{5,4,6,8,9,1,2,3,7},{7,2,3,5,4,6,8,9,1},{9,1,2,3,5,7,4,6,8},{6,3,5,1,8,4,9,7,2},{4,7,8,2,6,9,3,1,5},{2,6,7,9,1,8,5,4,3},{1,5,9,4,0,0,0,0,0},{0,0,0,0,0,0,0,0,0}}
]
00:17:22.530 [main] INFO  sudoku.model.SudokuBoard - Wartość 0 wstawiona nieprawidłowo
]]></system-out>
  </testcase>
  <testcase name="checkBoardTestColumnFalse" classname="sudoku.model.SudokuBoardTest" time="0.012">
    <system-out><![CDATA[00:17:22.532 [main] INFO  sudoku.model.SudokuBoard - Bład w kwadracie 0
sudoku.model.SudokuBoard@6598caab[
  size=9
  solver=sudoku.model.BacktrackingSudokuSolver@47f2c722
  board={{5,7,6,4,1,8,9,2,3},{8,9,1,3,2,5,7,4,6},{2,3,4,6,7,9,5,1,8},{1,2,3,9,5,4,6,0,0},{0,0,0,0,0,0,0,0,0},{0,0,0,0,0,0,0,0,0},{0,0,0,0,0,0,0,0,0},{0,0,0,0,0,0,0,0,0},{0,0,0,0,0,0,0,0,0}}
]
00:17:22.532 [main] INFO  sudoku.model.SudokuBoard - Wartość 0 wstawiona nieprawidłowo
00:17:22.532 [main] INFO  sudoku.model.SudokuBoard - Bład w kwadracie 0
sudoku.model.SudokuBoard@6598caab[
  size=9
  solver=sudoku.model.BacktrackingSudokuSolver@47f2c722
  board={{5,7,6,4,1,8,9,2,3},{8,9,1,3,2,5,7,4,6},{2,3,4,6,7,9,5,1,8},{1,2,3,9,5,4,6,8,7},{4,5,7,8,6,3,2,9,1},{9,6,8,0,0,0,0,0,0},{0,0,0,0,0,0,0,0,0},{0,0,0,0,0,0,0,0,0},{0,0,0,0,0,0,0,0,0}}
]
00:17:22.533 [main] INFO  sudoku.model.SudokuBoard - Wartość 0 wstawiona nieprawidłowo
00:17:22.533 [main] INFO  sudoku.model.SudokuBoard - Bład w kwadracie 0
sudoku.model.SudokuBoard@6598caab[
  size=9
  solver=sudoku.model.BacktrackingSudokuSolver@47f2c722
  board={{5,7,6,4,1,8,9,2,3},{8,9,1,3,2,5,7,4,6},{2,3,4,6,7,9,5,1,8},{1,2,3,9,5,4,6,8,7},{4,5,7,8,6,3,2,9,1},{9,6,8,0,0,0,0,0,0},{0,0,0,0,0,0,0,0,0},{0,0,0,0,0,0,0,0,0},{0,0,0,0,0,0,0,0,0}}
]
00:17:22.533 [main] INFO  sudoku.model.SudokuBoard - Wartość 0 wstawiona nieprawidłowo
00:17:22.533 [main] INFO  sudoku.model.SudokuBoard - Bład w kwadracie 0
sudoku.model.SudokuBoard@6598caab[
  size=9
  solver=sudoku.model.BacktrackingSudokuSolver@47f2c722
  board={{5,7,6,4,1,8,9,2,3},{8,9,1,3,2,5,7,4,6},{2,3,4,6,7,9,5,1,8},{1,2,3,9,5,4,6,8,7},{4,5,7,8,6,3,2,9,1},{9,6,8,0,0,0,0,0,0},{0,0,0,0,0,0,0,0,0},{0,0,0,0,0,0,0,0,0},{0,0,0,0,0,0,0,0,0}}
]
00:17:22.533 [main] INFO  sudoku.model.SudokuBoard - Wartość 0 wstawiona nieprawidłowo
00:17:22.533 [main] INFO  sudoku.model.SudokuBoard - Bład w kwadracie 0
sudoku.model.SudokuBoard@6598caab[
  size=9
  solver=sudoku.model.BacktrackingSudokuSolver@47f2c722
  board={{5,7,6,4,1,8,9,2,3},{8,9,1,3,2,5,7,4,6},{2,3,4,6,7,9,5,1,8},{1,2,3,9,5,4,6,8,7},{4,5,7,8,6,3,2,9,1},{9,6,0,0,0,0,0,0,0},{0,0,0,0,0,0,0,0,0},{0,0,0,0,0,0,0,0,0},{0,0,0,0,0,0,0,0,0}}
]
00:17:22.533 [main] INFO  sudoku.model.SudokuBoard - Wartość 0 wstawiona nieprawidłowo
00:17:22.534 [main] INFO  sudoku.model.SudokuBoard - Bład w kwadracie 0
sudoku.model.SudokuBoard@6598caab[
  size=9
  solver=sudoku.model.BacktrackingSudokuSolver@47f2c722
  board={{5,7,6,4,1,8,9,2,3},{8,9,1,3,2,5,7,4,6},{2,3,4,6,7,9,5,1,8},{1,2,3,9,5,4,6,8,7},{4,5,7,8,6,3,2,9,1},{9,0,0,0,0,0,0,0,0},{0,0,0,0,0,0,0,0,0},{0,0,0,0,0,0,0,0,0},{0,0,0,0,0,0,0,0,0}}
]
00:17:22.534 [main] INFO  sudoku.model.SudokuBoard - Wartość 0 wstawiona nieprawidłowo
00:17:22.534 [main] INFO  sudoku.model.SudokuBoard - Bład w kwadracie 0
sudoku.model.SudokuBoard@6598caab[
  size=9
  solver=sudoku.model.BacktrackingSudokuSolver@47f2c722
  board={{5,7,6,4,1,8,9,2,3},{8,9,1,3,2,5,7,4,6},{2,3,4,6,7,9,5,1,8},{1,2,3,9,5,4,6,8,7},{4,5,7,8,6,3,2,9,1},{9,0,0,0,0,0,0,0,0},{0,0,0,0,0,0,0,0,0},{0,0,0,0,0,0,0,0,0},{0,0,0,0,0,0,0,0,0}}
]
00:17:22.534 [main] INFO  sudoku.model.SudokuBoard - Wartość 0 wstawiona nieprawidłowo
00:17:22.534 [main] INFO  sudoku.model.SudokuBoard - Bład w kwadracie 0
sudoku.model.SudokuBoard@6598caab[
  size=9
  solver=sudoku.model.BacktrackingSudokuSolver@47f2c722
  board={{5,7,6,4,1,8,9,2,3},{8,9,1,3,2,5,7,4,6},{2,3,4,6,7,9,5,1,8},{1,2,3,9,5,4,6,8,7},{4,5,7,8,6,3,2,9,1},{0,0,0,0,0,0,0,0,0},{0,0,0,0,0,0,0,0,0},{0,0,0,0,0,0,0,0,0},{0,0,0,0,0,0,0,0,0}}
]
00:17:22.534 [main] INFO  sudoku.model.SudokuBoard - Wartość 0 wstawiona nieprawidłowo
00:17:22.534 [main] INFO  sudoku.model.SudokuBoard - Bład w kwadracie 0
sudoku.model.SudokuBoard@6598caab[
  size=9
  solver=sudoku.model.BacktrackingSudokuSolver@47f2c722
  board={{5,7,6,4,1,8,9,2,3},{8,9,1,3,2,5,7,4,6},{2,3,4,6,7,9,5,1,8},{1,2,3,9,5,4,6,8,7},{4,5,7,8,6,3,2,9,1},{6,8,9,0,0,0,0,0,0},{0,0,0,0,0,0,0,0,0},{0,0,0,0,0,0,0,0,0},{0,0,0,0,0,0,0,0,0}}
]
00:17:22.534 [main] INFO  sudoku.model.SudokuBoard - Wartość 0 wstawiona nieprawidłowo
00:17:22.534 [main] INFO  sudoku.model.SudokuBoard - Bład w kwadracie 0
sudoku.model.SudokuBoard@6598caab[
  size=9
  solver=sudoku.model.BacktrackingSudokuSolver@47f2c722
  board={{5,7,6,4,1,8,9,2,3},{8,9,1,3,2,5,7,4,6},{2,3,4,6,7,9,5,1,8},{1,2,3,9,5,4,6,8,7},{4,5,7,8,6,3,2,9,1},{6,8,9,0,0,0,0,0,0},{0,0,0,0,0,0,0,0,0},{0,0,0,0,0,0,0,0,0},{0,0,0,0,0,0,0,0,0}}
]
00:17:22.534 [main] INFO  sudoku.model.SudokuBoard - Wartość 0 wstawiona nieprawidłowo
00:17:22.534 [main] INFO  sudoku.model.SudokuBoard - Bład w kwadracie 0
sudoku.model.SudokuBoard@6598caab[
  size=9
  solver=sudoku.model.BacktrackingSudokuSolver@47f2c722
  board={{5,7,6,4,1,8,9,2,3},{8,9,1,3,2,5,7,4,6},{2,3,4,6,7,9,5,1,8},{1,2,3,9,5,4,6,8,7},{4,5,7,8,6,3,2,9,1},{6,8,9,0,0,0,0,0,0},{0,0,0,0,0,0,0,0,0},{0,0,0,0,0,0,0,0,0},{0,0,0,0,0,0,0,0,0}}
]
00:17:22.534 [main] INFO  sudoku.model.SudokuBoard - Wartość 0 wstawiona nieprawidłowo
00:17:22.534 [main] INFO  sudoku.model.SudokuBoard - Bład w kwadracie 0
sudoku.model.SudokuBoard@6598caab[
  size=9
  solver=sudoku.model.BacktrackingSudokuSolver@47f2c722
  board={{5,7,6,4,1,8,9,2,3},{8,9,1,3,2,5,7,4,6},{2,3,4,6,7,9,5,1,8},{1,2,3,9,5,4,6,8,7},{4,5,7,8,6,3,2,9,1},{6,8,0,0,0,0,0,0,0},{0,0,0,0,0,0,0,0,0},{0,0,0,0,0,0,0,0,0},{0,0,0,0,0,0,0,0,0}}
]
00:17:22.534 [main] INFO  sudoku.model.SudokuBoard - Wartość 0 wstawiona nieprawidłowo
00:17:22.535 [main] INFO  sudoku.model.SudokuBoard - Bład w kwadracie 0
sudoku.model.SudokuBoard@6598caab[
  size=9
  solver=sudoku.model.BacktrackingSudokuSolver@47f2c722
  board={{5,7,6,4,1,8,9,2,3},{8,9,1,3,2,5,7,4,6},{2,3,4,6,7,9,5,1,8},{1,2,3,9,5,4,6,8,7},{4,5,7,8,6,3,2,9,1},{6,0,0,0,0,0,0,0,0},{0,0,0,0,0,0,0,0,0},{0,0,0,0,0,0,0,0,0},{0,0,0,0,0,0,0,0,0}}
]
00:17:22.535 [main] INFO  sudoku.model.SudokuBoard - Wartość 0 wstawiona nieprawidłowo
00:17:22.535 [main] INFO  sudoku.model.SudokuBoard - Bład w kwadracie 0
sudoku.model.SudokuBoard@6598caab[
  size=9
  solver=sudoku.model.BacktrackingSudokuSolver@47f2c722
  board={{5,7,6,4,1,8,9,2,3},{8,9,1,3,2,5,7,4,6},{2,3,4,6,7,9,5,1,8},{1,2,3,9,5,4,6,8,7},{4,5,7,8,6,3,2,9,1},{0,0,0,0,0,0,0,0,0},{0,0,0,0,0,0,0,0,0},{0,0,0,0,0,0,0,0,0},{0,0,0,0,0,0,0,0,0}}
]
00:17:22.535 [main] INFO  sudoku.model.SudokuBoard - Wartość 0 wstawiona nieprawidłowo
00:17:22.535 [main] INFO  sudoku.model.SudokuBoard - Bład w kwadracie 0
sudoku.model.SudokuBoard@6598caab[
  size=9
  solver=sudoku.model.BacktrackingSudokuSolver@47f2c722
  board={{5,7,6,4,1,8,9,2,3},{8,9,1,3,2,5,7,4,6},{2,3,4,6,7,9,5,1,8},{1,2,3,9,5,4,6,8,7},{4,5,7,8,6,3,2,9,0},{0,0,0,0,0,0,0,0,0},{0,0,0,0,0,0,0,0,0},{0,0,0,0,0,0,0,0,0},{0,0,0,0,0,0,0,0,0}}
]
00:17:22.535 [main] INFO  sudoku.model.SudokuBoard - Wartość 0 wstawiona nieprawidłowo
00:17:22.535 [main] INFO  sudoku.model.SudokuBoard - Bład w kwadracie 0
sudoku.model.SudokuBoard@6598caab[
  size=9
  solver=sudoku.model.BacktrackingSudokuSolver@47f2c722
  board={{5,7,6,4,1,8,9,2,3},{8,9,1,3,2,5,7,4,6},{2,3,4,6,7,9,5,1,8},{1,2,3,9,5,4,6,8,7},{4,5,7,8,6,3,2,0,0},{0,0,0,0,0,0,0,0,0},{0,0,0,0,0,0,0,0,0},{0,0,0,0,0,0,0,0,0},{0,0,0,0,0,0,0,0,0}}
]
00:17:22.535 [main] INFO  sudoku.model.SudokuBoard - Wartość 0 wstawiona nieprawidłowo
00:17:22.535 [main] INFO  sudoku.model.SudokuBoard - Bład w kwadracie 0
sudoku.model.SudokuBoard@6598caab[
  size=9
  solver=sudoku.model.BacktrackingSudokuSolver@47f2c722
  board={{5,7,6,4,1,8,9,2,3},{8,9,1,3,2,5,7,4,6},{2,3,4,6,7,9,5,1,8},{1,2,3,9,5,4,6,8,7},{4,5,7,8,6,3,0,0,0},{0,0,0,0,0,0,0,0,0},{0,0,0,0,0,0,0,0,0},{0,0,0,0,0,0,0,0,0},{0,0,0,0,0,0,0,0,0}}
]
00:17:22.535 [main] INFO  sudoku.model.SudokuBoard - Wartość 0 wstawiona nieprawidłowo
00:17:22.535 [main] INFO  sudoku.model.SudokuBoard - Bład w kwadracie 0
sudoku.model.SudokuBoard@6598caab[
  size=9
  solver=sudoku.model.BacktrackingSudokuSolver@47f2c722
  board={{5,7,6,4,1,8,9,2,3},{8,9,1,3,2,5,7,4,6},{2,3,4,6,7,9,5,1,8},{1,2,3,9,5,4,6,8,7},{4,5,7,8,6,3,1,9,2},{6,8,9,0,0,0,0,0,0},{0,0,0,0,0,0,0,0,0},{0,0,0,0,0,0,0,0,0},{0,0,0,0,0,0,0,0,0}}
]
00:17:22.535 [main] INFO  sudoku.model.SudokuBoard - Wartość 0 wstawiona nieprawidłowo
00:17:22.535 [main] INFO  sudoku.model.SudokuBoard - Bład w kwadracie 0
sudoku.model.SudokuBoard@6598caab[
  size=9
  solver=sudoku.model.BacktrackingSudokuSolver@47f2c722
  board={{5,7,6,4,1,8,9,2,3},{8,9,1,3,2,5,7,4,6},{2,3,4,6,7,9,5,1,8},{1,2,3,9,5,4,6,8,7},{4,5,7,8,6,3,1,9,2},{6,8,9,0,0,0,0,0,0},{0,0,0,0,0,0,0,0,0},{0,0,0,0,0,0,0,0,0},{0,0,0,0,0,0,0,0,0}}
]
00:17:22.536 [main] INFO  sudoku.model.SudokuBoard - Wartość 0 wstawiona nieprawidłowo
00:17:22.536 [main] INFO  sudoku.model.SudokuBoard - Bład w kwadracie 0
sudoku.model.SudokuBoard@6598caab[
  size=9
  solver=sudoku.model.BacktrackingSudokuSolver@47f2c722
  board={{5,7,6,4,1,8,9,2,3},{8,9,1,3,2,5,7,4,6},{2,3,4,6,7,9,5,1,8},{1,2,3,9,5,4,6,8,7},{4,5,7,8,6,3,1,9,2},{6,8,9,0,0,0,0,0,0},{0,0,0,0,0,0,0,0,0},{0,0,0,0,0,0,0,0,0},{0,0,0,0,0,0,0,0,0}}
]
00:17:22.536 [main] INFO  sudoku.model.SudokuBoard - Wartość 0 wstawiona nieprawidłowo
00:17:22.536 [main] INFO  sudoku.model.SudokuBoard - Bład w kwadracie 0
sudoku.model.SudokuBoard@6598caab[
  size=9
  solver=sudoku.model.BacktrackingSudokuSolver@47f2c722
  board={{5,7,6,4,1,8,9,2,3},{8,9,1,3,2,5,7,4,6},{2,3,4,6,7,9,5,1,8},{1,2,3,9,5,4,6,8,7},{4,5,7,8,6,3,1,9,2},{6,8,0,0,0,0,0,0,0},{0,0,0,0,0,0,0,0,0},{0,0,0,0,0,0,0,0,0},{0,0,0,0,0,0,0,0,0}}
]
00:17:22.536 [main] INFO  sudoku.model.SudokuBoard - Wartość 0 wstawiona nieprawidłowo
00:17:22.536 [main] INFO  sudoku.model.SudokuBoard - Bład w kwadracie 0
sudoku.model.SudokuBoard@6598caab[
  size=9
  solver=sudoku.model.BacktrackingSudokuSolver@47f2c722
  board={{5,7,6,4,1,8,9,2,3},{8,9,1,3,2,5,7,4,6},{2,3,4,6,7,9,5,1,8},{1,2,3,9,5,4,6,8,7},{4,5,7,8,6,3,1,9,2},{6,0,0,0,0,0,0,0,0},{0,0,0,0,0,0,0,0,0},{0,0,0,0,0,0,0,0,0},{0,0,0,0,0,0,0,0,0}}
]
00:17:22.536 [main] INFO  sudoku.model.SudokuBoard - Wartość 0 wstawiona nieprawidłowo
00:17:22.536 [main] INFO  sudoku.model.SudokuBoard - Bład w kwadracie 0
sudoku.model.SudokuBoard@6598caab[
  size=9
  solver=sudoku.model.BacktrackingSudokuSolver@47f2c722
  board={{5,7,6,4,1,8,9,2,3},{8,9,1,3,2,5,7,4,6},{2,3,4,6,7,9,5,1,8},{1,2,3,9,5,4,6,8,7},{4,5,7,8,6,3,1,9,2},{0,0,0,0,0,0,0,0,0},{0,0,0,0,0,0,0,0,0},{0,0,0,0,0,0,0,0,0},{0,0,0,0,0,0,0,0,0}}
]
00:17:22.536 [main] INFO  sudoku.model.SudokuBoard - Wartość 0 wstawiona nieprawidłowo
00:17:22.536 [main] INFO  sudoku.model.SudokuBoard - Bład w kwadracie 0
sudoku.model.SudokuBoard@6598caab[
  size=9
  solver=sudoku.model.BacktrackingSudokuSolver@47f2c722
  board={{5,7,6,4,1,8,9,2,3},{8,9,1,3,2,5,7,4,6},{2,3,4,6,7,9,5,1,8},{1,2,3,9,5,4,6,8,7},{4,5,7,8,6,3,1,9,2},{9,6,8,0,0,0,0,0,0},{0,0,0,0,0,0,0,0,0},{0,0,0,0,0,0,0,0,0},{0,0,0,0,0,0,0,0,0}}
]
00:17:22.536 [main] INFO  sudoku.model.SudokuBoard - Wartość 0 wstawiona nieprawidłowo
00:17:22.536 [main] INFO  sudoku.model.SudokuBoard - Bład w kwadracie 0
sudoku.model.SudokuBoard@6598caab[
  size=9
  solver=sudoku.model.BacktrackingSudokuSolver@47f2c722
  board={{5,7,6,4,1,8,9,2,3},{8,9,1,3,2,5,7,4,6},{2,3,4,6,7,9,5,1,8},{1,2,3,9,5,4,6,8,7},{4,5,7,8,6,3,1,9,2},{9,6,8,0,0,0,0,0,0},{0,0,0,0,0,0,0,0,0},{0,0,0,0,0,0,0,0,0},{0,0,0,0,0,0,0,0,0}}
]
00:17:22.536 [main] INFO  sudoku.model.SudokuBoard - Wartość 0 wstawiona nieprawidłowo
00:17:22.537 [main] INFO  sudoku.model.SudokuBoard - Bład w kwadracie 0
sudoku.model.SudokuBoard@6598caab[
  size=9
  solver=sudoku.model.BacktrackingSudokuSolver@47f2c722
  board={{5,7,6,4,1,8,9,2,3},{8,9,1,3,2,5,7,4,6},{2,3,4,6,7,9,5,1,8},{1,2,3,9,5,4,6,8,7},{4,5,7,8,6,3,1,9,2},{9,6,8,0,0,0,0,0,0},{0,0,0,0,0,0,0,0,0},{0,0,0,0,0,0,0,0,0},{0,0,0,0,0,0,0,0,0}}
]
00:17:22.537 [main] INFO  sudoku.model.SudokuBoard - Wartość 0 wstawiona nieprawidłowo
00:17:22.537 [main] INFO  sudoku.model.SudokuBoard - Bład w kwadracie 0
sudoku.model.SudokuBoard@6598caab[
  size=9
  solver=sudoku.model.BacktrackingSudokuSolver@47f2c722
  board={{5,7,6,4,1,8,9,2,3},{8,9,1,3,2,5,7,4,6},{2,3,4,6,7,9,5,1,8},{1,2,3,9,5,4,6,8,7},{4,5,7,8,6,3,1,9,2},{9,6,0,0,0,0,0,0,0},{0,0,0,0,0,0,0,0,0},{0,0,0,0,0,0,0,0,0},{0,0,0,0,0,0,0,0,0}}
]
00:17:22.537 [main] INFO  sudoku.model.SudokuBoard - Wartość 0 wstawiona nieprawidłowo
00:17:22.537 [main] INFO  sudoku.model.SudokuBoard - Bład w kwadracie 0
sudoku.model.SudokuBoard@6598caab[
  size=9
  solver=sudoku.model.BacktrackingSudokuSolver@47f2c722
  board={{5,7,6,4,1,8,9,2,3},{8,9,1,3,2,5,7,4,6},{2,3,4,6,7,9,5,1,8},{1,2,3,9,5,4,6,8,7},{4,5,7,8,6,3,1,9,2},{9,0,0,0,0,0,0,0,0},{0,0,0,0,0,0,0,0,0},{0,0,0,0,0,0,0,0,0},{0,0,0,0,0,0,0,0,0}}
]
00:17:22.537 [main] INFO  sudoku.model.SudokuBoard - Wartość 0 wstawiona nieprawidłowo
00:17:22.537 [main] INFO  sudoku.model.SudokuBoard - Bład w kwadracie 0
sudoku.model.SudokuBoard@6598caab[
  size=9
  solver=sudoku.model.BacktrackingSudokuSolver@47f2c722
  board={{5,7,6,4,1,8,9,2,3},{8,9,1,3,2,5,7,4,6},{2,3,4,6,7,9,5,1,8},{1,2,3,9,5,4,6,8,7},{4,5,7,8,6,3,1,9,2},{9,0,0,0,0,0,0,0,0},{0,0,0,0,0,0,0,0,0},{0,0,0,0,0,0,0,0,0},{0,0,0,0,0,0,0,0,0}}
]
00:17:22.537 [main] INFO  sudoku.model.SudokuBoard - Wartość 0 wstawiona nieprawidłowo
00:17:22.537 [main] INFO  sudoku.model.SudokuBoard - Bład w kwadracie 0
sudoku.model.SudokuBoard@6598caab[
  size=9
  solver=sudoku.model.BacktrackingSudokuSolver@47f2c722
  board={{5,7,6,4,1,8,9,2,3},{8,9,1,3,2,5,7,4,6},{2,3,4,6,7,9,5,1,8},{1,2,3,9,5,4,6,8,7},{4,5,7,8,6,3,1,9,2},{0,0,0,0,0,0,0,0,0},{0,0,0,0,0,0,0,0,0},{0,0,0,0,0,0,0,0,0},{0,0,0,0,0,0,0,0,0}}
]
00:17:22.537 [main] INFO  sudoku.model.SudokuBoard - Wartość 0 wstawiona nieprawidłowo
00:17:22.537 [main] INFO  sudoku.model.SudokuBoard - Bład w kwadracie 0
sudoku.model.SudokuBoard@6598caab[
  size=9
  solver=sudoku.model.BacktrackingSudokuSolver@47f2c722
  board={{5,7,6,4,1,8,9,2,3},{8,9,1,3,2,5,7,4,6},{2,3,4,6,7,9,5,1,8},{1,2,3,9,5,4,6,8,7},{4,5,7,8,6,3,1,9,0},{0,0,0,0,0,0,0,0,0},{0,0,0,0,0,0,0,0,0},{0,0,0,0,0,0,0,0,0},{0,0,0,0,0,0,0,0,0}}
]
00:17:22.537 [main] INFO  sudoku.model.SudokuBoard - Wartość 0 wstawiona nieprawidłowo
00:17:22.538 [main] INFO  sudoku.model.SudokuBoard - Bład w kwadracie 0
sudoku.model.SudokuBoard@6598caab[
  size=9
  solver=sudoku.model.BacktrackingSudokuSolver@47f2c722
  board={{5,7,6,4,1,8,9,2,3},{8,9,1,3,2,5,7,4,6},{2,3,4,6,7,9,5,1,8},{1,2,3,9,5,4,6,8,7},{4,5,7,8,6,3,1,0,0},{0,0,0,0,0,0,0,0,0},{0,0,0,0,0,0,0,0,0},{0,0,0,0,0,0,0,0,0},{0,0,0,0,0,0,0,0,0}}
]
00:17:22.538 [main] INFO  sudoku.model.SudokuBoard - Wartość 0 wstawiona nieprawidłowo
00:17:22.538 [main] INFO  sudoku.model.SudokuBoard - Bład w kwadracie 0
sudoku.model.SudokuBoard@6598caab[
  size=9
  solver=sudoku.model.BacktrackingSudokuSolver@47f2c722
  board={{5,7,6,4,1,8,9,2,3},{8,9,1,3,2,5,7,4,6},{2,3,4,6,7,9,5,1,8},{1,2,3,9,5,4,6,8,7},{4,5,7,8,6,3,0,0,0},{0,0,0,0,0,0,0,0,0},{0,0,0,0,0,0,0,0,0},{0,0,0,0,0,0,0,0,0},{0,0,0,0,0,0,0,0,0}}
]
00:17:22.538 [main] INFO  sudoku.model.SudokuBoard - Wartość 0 wstawiona nieprawidłowo
00:17:22.538 [main] INFO  sudoku.model.SudokuBoard - Bład w kwadracie 0
sudoku.model.SudokuBoard@6598caab[
  size=9
  solver=sudoku.model.BacktrackingSudokuSolver@47f2c722
  board={{5,7,6,4,1,8,9,2,3},{8,9,1,3,2,5,7,4,6},{2,3,4,6,7,9,5,1,8},{1,2,3,9,5,4,6,8,7},{4,5,7,8,6,0,0,0,0},{0,0,0,0,0,0,0,0,0},{0,0,0,0,0,0,0,0,0},{0,0,0,0,0,0,0,0,0},{0,0,0,0,0,0,0,0,0}}
]
00:17:22.538 [main] INFO  sudoku.model.SudokuBoard - Wartość 0 wstawiona nieprawidłowo
00:17:22.538 [main] INFO  sudoku.model.SudokuBoard - Bład w kwadracie 0
sudoku.model.SudokuBoard@6598caab[
  size=9
  solver=sudoku.model.BacktrackingSudokuSolver@47f2c722
  board={{5,7,6,4,1,8,9,2,3},{8,9,1,3,2,5,7,4,6},{2,3,4,6,7,9,5,1,8},{1,2,3,9,5,4,6,8,7},{4,5,7,8,6,1,2,0,0},{0,0,0,0,0,0,0,0,0},{0,0,0,0,0,0,0,0,0},{0,0,0,0,0,0,0,0,0},{0,0,0,0,0,0,0,0,0}}
]
00:17:22.538 [main] INFO  sudoku.model.SudokuBoard - Wartość 0 wstawiona nieprawidłowo
00:17:22.538 [main] INFO  sudoku.model.SudokuBoard - Bład w kwadracie 0
sudoku.model.SudokuBoard@6598caab[
  size=9
  solver=sudoku.model.BacktrackingSudokuSolver@47f2c722
  board={{5,7,6,4,1,8,9,2,3},{8,9,1,3,2,5,7,4,6},{2,3,4,6,7,9,5,1,8},{1,2,3,9,5,4,6,8,7},{4,5,7,8,6,1,2,3,9},{6,8,9,7,3,2,4,5,1},{7,1,2,5,4,6,3,0,0},{0,0,0,0,0,0,0,0,0},{0,0,0,0,0,0,0,0,0}}
]
00:17:22.538 [main] INFO  sudoku.model.SudokuBoard - Wartość 0 wstawiona nieprawidłowo
00:17:22.538 [main] INFO  sudoku.model.SudokuBoard - Bład w kwadracie 0
sudoku.model.SudokuBoard@6598caab[
  size=9
  solver=sudoku.model.BacktrackingSudokuSolver@47f2c722
  board={{5,7,6,4,1,8,9,2,3},{8,9,1,3,2,5,7,4,6},{2,3,4,6,7,9,5,1,8},{1,2,3,9,5,4,6,8,7},{4,5,7,8,6,1,2,3,9},{6,8,9,7,3,2,4,5,1},{7,1,2,5,4,6,0,0,0},{0,0,0,0,0,0,0,0,0},{0,0,0,0,0,0,0,0,0}}
]
00:17:22.538 [main] INFO  sudoku.model.SudokuBoard - Wartość 0 wstawiona nieprawidłowo
00:17:22.539 [main] INFO  sudoku.model.SudokuBoard - Bład w kwadracie 0
sudoku.model.SudokuBoard@6598caab[
  size=9
  solver=sudoku.model.BacktrackingSudokuSolver@47f2c722
  board={{5,7,6,4,1,8,9,2,3},{8,9,1,3,2,5,7,4,6},{2,3,4,6,7,9,5,1,8},{1,2,3,9,5,4,6,8,7},{4,5,7,8,6,1,2,3,9},{6,8,9,7,3,2,4,5,1},{7,1,2,5,4,6,8,0,0},{0,0,0,0,0,0,0,0,0},{0,0,0,0,0,0,0,0,0}}
]
00:17:22.539 [main] INFO  sudoku.model.SudokuBoard - Wartość 0 wstawiona nieprawidłowo
00:17:22.539 [main] INFO  sudoku.model.SudokuBoard - Bład w kwadracie 0
sudoku.model.SudokuBoard@6598caab[
  size=9
  solver=sudoku.model.BacktrackingSudokuSolver@47f2c722
  board={{5,7,6,4,1,8,9,2,3},{8,9,1,3,2,5,7,4,6},{2,3,4,6,7,9,5,1,8},{1,2,3,9,5,4,6,8,7},{4,5,7,8,6,1,2,3,9},{6,8,9,7,3,2,4,5,1},{7,1,2,5,4,6,0,0,0},{0,0,0,0,0,0,0,0,0},{0,0,0,0,0,0,0,0,0}}
]
00:17:22.539 [main] INFO  sudoku.model.SudokuBoard - Wartość 0 wstawiona nieprawidłowo
00:17:22.539 [main] INFO  sudoku.model.SudokuBoard - Bład w kwadracie 0
sudoku.model.SudokuBoard@6598caab[
  size=9
  solver=sudoku.model.BacktrackingSudokuSolver@47f2c722
  board={{5,7,6,4,1,8,9,2,3},{8,9,1,3,2,5,7,4,6},{2,3,4,6,7,9,5,1,8},{1,2,3,9,5,4,6,8,7},{4,5,7,8,6,1,2,3,9},{6,8,9,7,3,2,4,5,1},{7,1,2,5,4,0,0,0,0},{0,0,0,0,0,0,0,0,0},{0,0,0,0,0,0,0,0,0}}
]
00:17:22.539 [main] INFO  sudoku.model.SudokuBoard - Wartość 0 wstawiona nieprawidłowo
00:17:22.539 [main] INFO  sudoku.model.SudokuBoard - Bład w kwadracie 0
sudoku.model.SudokuBoard@6598caab[
  size=9
  solver=sudoku.model.BacktrackingSudokuSolver@47f2c722
  board={{5,7,6,4,1,8,9,2,3},{8,9,1,3,2,5,7,4,6},{2,3,4,6,7,9,5,1,8},{1,2,3,9,5,4,6,8,7},{4,5,7,8,6,1,2,3,9},{6,8,9,7,3,2,4,5,1},{7,1,2,5,4,3,8,0,0},{0,0,0,0,0,0,0,0,0},{0,0,0,0,0,0,0,0,0}}
]
00:17:22.539 [main] INFO  sudoku.model.SudokuBoard - Wartość 0 wstawiona nieprawidłowo
00:17:22.539 [main] INFO  sudoku.model.SudokuBoard - Bład w kwadracie 0
sudoku.model.SudokuBoard@6598caab[
  size=9
  solver=sudoku.model.BacktrackingSudokuSolver@47f2c722
  board={{5,7,6,4,1,8,9,2,3},{8,9,1,3,2,5,7,4,6},{2,3,4,6,7,9,5,1,8},{1,2,3,9,5,4,6,8,7},{4,5,7,8,6,1,2,3,9},{6,8,9,7,3,2,4,5,1},{7,1,2,5,4,3,8,0,0},{0,0,0,0,0,0,0,0,0},{0,0,0,0,0,0,0,0,0}}
]
00:17:22.539 [main] INFO  sudoku.model.SudokuBoard - Wartość 0 wstawiona nieprawidłowo
00:17:22.539 [main] INFO  sudoku.model.SudokuBoard - Bład w kwadracie 0
sudoku.model.SudokuBoard@6598caab[
  size=9
  solver=sudoku.model.BacktrackingSudokuSolver@47f2c722
  board={{5,7,6,4,1,8,9,2,3},{8,9,1,3,2,5,7,4,6},{2,3,4,6,7,9,5,1,8},{1,2,3,9,5,4,6,8,7},{4,5,7,8,6,1,2,3,9},{6,8,9,7,3,2,4,5,1},{7,1,2,5,4,3,0,0,0},{0,0,0,0,0,0,0,0,0},{0,0,0,0,0,0,0,0,0}}
]
00:17:22.539 [main] INFO  sudoku.model.SudokuBoard - Wartość 0 wstawiona nieprawidłowo
00:17:22.540 [main] INFO  sudoku.model.SudokuBoard - Bład w kwadracie 0
sudoku.model.SudokuBoard@6598caab[
  size=9
  solver=sudoku.model.BacktrackingSudokuSolver@47f2c722
  board={{5,7,6,4,1,8,9,2,3},{8,9,1,3,2,5,7,4,6},{2,3,4,6,7,9,5,1,8},{1,2,3,9,5,4,6,8,7},{4,5,7,8,6,1,2,3,9},{6,8,9,7,3,2,4,5,1},{7,1,2,5,4,0,0,0,0},{0,0,0,0,0,0,0,0,0},{0,0,0,0,0,0,0,0,0}}
]
00:17:22.540 [main] INFO  sudoku.model.SudokuBoard - Wartość 0 wstawiona nieprawidłowo
00:17:22.540 [main] INFO  sudoku.model.SudokuBoard - Bład w kwadracie 0
sudoku.model.SudokuBoard@6598caab[
  size=9
  solver=sudoku.model.BacktrackingSudokuSolver@47f2c722
  board={{5,7,6,4,1,8,9,2,3},{8,9,1,3,2,5,7,4,6},{2,3,4,6,7,9,5,1,8},{1,2,3,9,5,4,6,8,7},{4,5,7,8,6,1,2,3,9},{6,8,9,7,3,2,4,5,1},{7,1,2,5,0,0,0,0,0},{0,0,0,0,0,0,0,0,0},{0,0,0,0,0,0,0,0,0}}
]
00:17:22.540 [main] INFO  sudoku.model.SudokuBoard - Wartość 0 wstawiona nieprawidłowo
00:17:22.541 [main] INFO  sudoku.model.SudokuBoard - Bład w kwadracie 0
sudoku.model.SudokuBoard@6598caab[
  size=9
  solver=sudoku.model.BacktrackingSudokuSolver@47f2c722
  board={{5,7,6,4,1,8,9,2,3},{8,9,1,3,2,5,7,4,6},{2,3,4,6,7,9,5,1,8},{1,2,3,9,5,4,6,8,7},{4,5,7,8,6,1,2,3,9},{6,8,9,7,3,2,4,5,1},{7,1,2,5,8,6,3,9,4},{9,4,8,0,0,0,0,0,0},{0,0,0,0,0,0,0,0,0}}
]
00:17:22.541 [main] INFO  sudoku.model.SudokuBoard - Wartość 0 wstawiona nieprawidłowo
00:17:22.541 [main] INFO  sudoku.model.SudokuBoard - Bład w kwadracie 0
sudoku.model.SudokuBoard@6598caab[
  size=9
  solver=sudoku.model.BacktrackingSudokuSolver@47f2c722
  board={{5,7,6,4,1,8,9,2,3},{8,9,1,3,2,5,7,4,6},{2,3,4,6,7,9,5,1,8},{1,2,3,9,5,4,6,8,7},{4,5,7,8,6,1,2,3,9},{6,8,9,7,3,2,4,5,1},{7,1,2,5,8,6,3,9,4},{9,4,8,0,0,0,0,0,0},{0,0,0,0,0,0,0,0,0}}
]
00:17:22.541 [main] INFO  sudoku.model.SudokuBoard - Wartość 0 wstawiona nieprawidłowo
00:17:22.541 [main] INFO  sudoku.model.SudokuBoard - Bład w kwadracie 0
sudoku.model.SudokuBoard@6598caab[
  size=9
  solver=sudoku.model.BacktrackingSudokuSolver@47f2c722
  board={{5,7,6,4,1,8,9,2,3},{8,9,1,3,2,5,7,4,6},{2,3,4,6,7,9,5,1,8},{1,2,3,9,5,4,6,8,7},{4,5,7,8,6,1,2,3,9},{6,8,9,7,3,2,4,5,1},{7,1,2,5,8,6,3,9,4},{9,4,0,0,0,0,0,0,0},{0,0,0,0,0,0,0,0,0}}
]
00:17:22.541 [main] INFO  sudoku.model.SudokuBoard - Wartość 0 wstawiona nieprawidłowo
00:17:22.541 [main] INFO  sudoku.model.SudokuBoard - Bład w kwadracie 0
sudoku.model.SudokuBoard@6598caab[
  size=9
  solver=sudoku.model.BacktrackingSudokuSolver@47f2c722
  board={{5,7,6,4,1,8,9,2,3},{8,9,1,3,2,5,7,4,6},{2,3,4,6,7,9,5,1,8},{1,2,3,9,5,4,6,8,7},{4,5,7,8,6,1,2,3,9},{6,8,9,7,3,2,4,5,1},{7,1,2,5,8,6,3,9,4},{9,4,5,0,0,0,0,0,0},{0,0,0,0,0,0,0,0,0}}
]
00:17:22.541 [main] INFO  sudoku.model.SudokuBoard - Wartość 0 wstawiona nieprawidłowo
00:17:22.541 [main] INFO  sudoku.model.SudokuBoard - Bład w kwadracie 0
sudoku.model.SudokuBoard@6598caab[
  size=9
  solver=sudoku.model.BacktrackingSudokuSolver@47f2c722
  board={{5,7,6,4,1,8,9,2,3},{8,9,1,3,2,5,7,4,6},{2,3,4,6,7,9,5,1,8},{1,2,3,9,5,4,6,8,7},{4,5,7,8,6,1,2,3,9},{6,8,9,7,3,2,4,5,1},{7,1,2,5,8,6,3,9,4},{9,4,5,0,0,0,0,0,0},{0,0,0,0,0,0,0,0,0}}
]
00:17:22.541 [main] INFO  sudoku.model.SudokuBoard - Wartość 0 wstawiona nieprawidłowo
00:17:22.542 [main] INFO  sudoku.model.SudokuBoard - Bład w kwadracie 0
sudoku.model.SudokuBoard@6598caab[
  size=9
  solver=sudoku.model.BacktrackingSudokuSolver@47f2c722
  board={{5,7,6,4,1,8,9,2,3},{8,9,1,3,2,5,7,4,6},{2,3,4,6,7,9,5,1,8},{1,2,3,9,5,4,6,8,7},{4,5,7,8,6,1,2,3,9},{6,8,9,7,3,2,4,5,1},{7,1,2,5,8,6,3,9,4},{9,4,0,0,0,0,0,0,0},{0,0,0,0,0,0,0,0,0}}
]
00:17:22.542 [main] INFO  sudoku.model.SudokuBoard - Wartość 0 wstawiona nieprawidłowo
00:17:22.542 [main] INFO  sudoku.model.SudokuBoard - Bład w kwadracie 0
sudoku.model.SudokuBoard@6598caab[
  size=9
  solver=sudoku.model.BacktrackingSudokuSolver@47f2c722
  board={{5,7,6,4,1,8,9,2,3},{8,9,1,3,2,5,7,4,6},{2,3,4,6,7,9,5,1,8},{1,2,3,9,5,4,6,8,7},{4,5,7,8,6,1,2,3,9},{6,8,9,7,3,2,4,5,1},{7,1,2,5,8,6,3,9,4},{9,0,0,0,0,0,0,0,0},{0,0,0,0,0,0,0,0,0}}
]
00:17:22.542 [main] INFO  sudoku.model.SudokuBoard - Wartość 0 wstawiona nieprawidłowo
00:17:22.542 [main] INFO  sudoku.model.SudokuBoard - Bład w kwadracie 0
sudoku.model.SudokuBoard@6598caab[
  size=9
  solver=sudoku.model.BacktrackingSudokuSolver@47f2c722
  board={{5,7,6,4,1,8,9,2,3},{5,9,1,3,2,5,7,4,6},{2,3,4,6,7,9,5,1,8},{1,2,3,9,5,4,6,8,7},{4,5,7,8,6,1,2,3,9},{6,8,9,7,3,2,4,5,1},{7,1,2,5,8,6,3,9,4},{9,6,5,1,4,3,8,7,2},{3,4,8,2,9,7,1,6,5}}
]
00:17:22.542 [main] INFO  sudoku.model.SudokuBoard - Wartość 5 wstawiona nieprawidłowo
00:17:22.542 [main] INFO  sudoku.model.SudokuBoard - Bład w kwadracie 0
sudoku.model.SudokuBoard@6598caab[
  size=9
  solver=sudoku.model.BacktrackingSudokuSolver@47f2c722
  board={{5,7,6,4,1,8,9,2,3},{5,9,1,3,2,5,7,4,6},{5,3,4,6,7,9,5,1,8},{1,2,3,9,5,4,6,8,7},{4,5,7,8,6,1,2,3,9},{6,8,9,7,3,2,4,5,1},{7,1,2,5,8,6,3,9,4},{9,6,5,1,4,3,8,7,2},{3,4,8,2,9,7,1,6,5}}
]
00:17:22.542 [main] INFO  sudoku.model.SudokuBoard - Wartość 5 wstawiona nieprawidłowo
00:17:22.542 [main] INFO  sudoku.model.SudokuBoard - Bład w kwadracie 0
sudoku.model.SudokuBoard@1322b575[
  size=9
  solver=sudoku.model.BacktrackingSudokuSolver@47f2c722
  board={{5,7,6,4,1,8,9,2,3},{5,9,1,3,2,5,7,4,6},{5,3,4,6,7,9,5,1,8},{1,2,3,9,5,4,6,8,7},{4,5,7,8,6,1,2,3,9},{6,8,9,7,3,2,4,5,1},{7,1,2,5,8,6,3,9,4},{9,6,5,1,4,3,8,7,2},{3,4,8,2,9,7,1,6,5}}
]
]]></system-out>
  </testcase>
  <testcase name="testEqualsNull" classname="sudoku.model.SudokuBoardTest" time="0.002"/>
  <testcase name="testEqualsSame" classname="sudoku.model.SudokuBoardTest" time="0.001"/>
  <testcase name="checkBoardTest" classname="sudoku.model.SudokuBoardTest" time="0.058">
    <system-out><![CDATA[00:17:22.552 [main] INFO  sudoku.model.SudokuBoard - Bład w kwadracie 0
sudoku.model.SudokuBoard@d504137[
  size=9
  solver=sudoku.model.BacktrackingSudokuSolver@8432469
  board={{5,2,1,3,8,9,4,6,7},{3,6,9,5,4,2,8,0,0},{0,0,0,0,0,0,0,0,0},{0,0,0,0,0,0,0,0,0},{0,0,0,0,0,0,0,0,0},{0,0,0,0,0,0,0,0,0},{0,0,0,0,0,0,0,0,0},{0,0,0,0,0,0,0,0,0},{0,0,0,0,0,0,0,0,0}}
]
00:17:22.552 [main] INFO  sudoku.model.SudokuBoard - Wartość 0 wstawiona nieprawidłowo
00:17:22.552 [main] INFO  sudoku.model.SudokuBoard - Bład w kwadracie 0
sudoku.model.SudokuBoard@d504137[
  size=9
  solver=sudoku.model.BacktrackingSudokuSolver@8432469
  board={{5,2,1,3,8,9,4,6,7},{3,6,9,5,4,2,0,0,0},{0,0,0,0,0,0,0,0,0},{0,0,0,0,0,0,0,0,0},{0,0,0,0,0,0,0,0,0},{0,0,0,0,0,0,0,0,0},{0,0,0,0,0,0,0,0,0},{0,0,0,0,0,0,0,0,0},{0,0,0,0,0,0,0,0,0}}
]
00:17:22.552 [main] INFO  sudoku.model.SudokuBoard - Wartość 0 wstawiona nieprawidłowo
00:17:22.552 [main] INFO  sudoku.model.SudokuBoard - Bład w kwadracie 0
sudoku.model.SudokuBoard@d504137[
  size=9
  solver=sudoku.model.BacktrackingSudokuSolver@8432469
  board={{5,2,1,3,8,9,4,6,7},{3,6,9,5,4,2,1,0,0},{0,0,0,0,0,0,0,0,0},{0,0,0,0,0,0,0,0,0},{0,0,0,0,0,0,0,0,0},{0,0,0,0,0,0,0,0,0},{0,0,0,0,0,0,0,0,0},{0,0,0,0,0,0,0,0,0},{0,0,0,0,0,0,0,0,0}}
]
00:17:22.552 [main] INFO  sudoku.model.SudokuBoard - Wartość 0 wstawiona nieprawidłowo
00:17:22.553 [main] INFO  sudoku.model.SudokuBoard - Bład w kwadracie 0
sudoku.model.SudokuBoard@d504137[
  size=9
  solver=sudoku.model.BacktrackingSudokuSolver@8432469
  board={{5,2,1,3,8,9,4,6,7},{3,6,9,5,4,2,0,0,0},{0,0,0,0,0,0,0,0,0},{0,0,0,0,0,0,0,0,0},{0,0,0,0,0,0,0,0,0},{0,0,0,0,0,0,0,0,0},{0,0,0,0,0,0,0,0,0},{0,0,0,0,0,0,0,0,0},{0,0,0,0,0,0,0,0,0}}
]
00:17:22.553 [main] INFO  sudoku.model.SudokuBoard - Wartość 0 wstawiona nieprawidłowo
00:17:22.554 [main] INFO  sudoku.model.SudokuBoard - Bład w kwadracie 0
sudoku.model.SudokuBoard@d504137[
  size=9
  solver=sudoku.model.BacktrackingSudokuSolver@8432469
  board={{5,2,1,3,8,9,4,6,7},{3,6,9,5,4,0,0,0,0},{0,0,0,0,0,0,0,0,0},{0,0,0,0,0,0,0,0,0},{0,0,0,0,0,0,0,0,0},{0,0,0,0,0,0,0,0,0},{0,0,0,0,0,0,0,0,0},{0,0,0,0,0,0,0,0,0},{0,0,0,0,0,0,0,0,0}}
]
00:17:22.554 [main] INFO  sudoku.model.SudokuBoard - Wartość 0 wstawiona nieprawidłowo
00:17:22.554 [main] INFO  sudoku.model.SudokuBoard - Bład w kwadracie 0
sudoku.model.SudokuBoard@d504137[
  size=9
  solver=sudoku.model.BacktrackingSudokuSolver@8432469
  board={{5,2,1,3,8,9,4,6,7},{3,6,9,5,4,7,8,1,2},{4,7,8,6,1,2,3,5,9},{1,5,6,2,7,8,9,3,4},{7,8,2,9,6,3,0,0,0},{0,0,0,0,0,0,0,0,0},{0,0,0,0,0,0,0,0,0},{0,0,0,0,0,0,0,0,0},{0,0,0,0,0,0,0,0,0}}
]
00:17:22.554 [main] INFO  sudoku.model.SudokuBoard - Wartość 0 wstawiona nieprawidłowo
00:17:22.554 [main] INFO  sudoku.model.SudokuBoard - Bład w kwadracie 0
sudoku.model.SudokuBoard@d504137[
  size=9
  solver=sudoku.model.BacktrackingSudokuSolver@8432469
  board={{5,2,1,3,8,9,4,6,7},{3,6,9,5,4,7,8,1,2},{4,7,8,6,1,2,3,5,9},{1,5,6,2,7,8,9,3,4},{7,8,2,9,6,3,0,0,0},{0,0,0,0,0,0,0,0,0},{0,0,0,0,0,0,0,0,0},{0,0,0,0,0,0,0,0,0},{0,0,0,0,0,0,0,0,0}}
]
00:17:22.554 [main] INFO  sudoku.model.SudokuBoard - Wartość 0 wstawiona nieprawidłowo
00:17:22.554 [main] INFO  sudoku.model.SudokuBoard - Bład w kwadracie 0
sudoku.model.SudokuBoard@d504137[
  size=9
  solver=sudoku.model.BacktrackingSudokuSolver@8432469
  board={{5,2,1,3,8,9,4,6,7},{3,6,9,5,4,7,8,1,2},{4,7,8,6,1,2,3,5,9},{1,5,6,2,7,8,9,3,4},{7,8,2,9,6,0,0,0,0},{0,0,0,0,0,0,0,0,0},{0,0,0,0,0,0,0,0,0},{0,0,0,0,0,0,0,0,0},{0,0,0,0,0,0,0,0,0}}
]
00:17:22.554 [main] INFO  sudoku.model.SudokuBoard - Wartość 0 wstawiona nieprawidłowo
00:17:22.554 [main] INFO  sudoku.model.SudokuBoard - Bład w kwadracie 0
sudoku.model.SudokuBoard@d504137[
  size=9
  solver=sudoku.model.BacktrackingSudokuSolver@8432469
  board={{5,2,1,3,8,9,4,6,7},{3,6,9,5,4,7,8,1,2},{4,7,8,6,1,2,3,5,9},{1,5,6,2,7,8,9,3,4},{7,8,2,9,6,4,0,0,0},{0,0,0,0,0,0,0,0,0},{0,0,0,0,0,0,0,0,0},{0,0,0,0,0,0,0,0,0},{0,0,0,0,0,0,0,0,0}}
]
00:17:22.554 [main] INFO  sudoku.model.SudokuBoard - Wartość 0 wstawiona nieprawidłowo
00:17:22.555 [main] INFO  sudoku.model.SudokuBoard - Bład w kwadracie 0
sudoku.model.SudokuBoard@d504137[
  size=9
  solver=sudoku.model.BacktrackingSudokuSolver@8432469
  board={{5,2,1,3,8,9,4,6,7},{3,6,9,5,4,7,8,1,2},{4,7,8,6,1,2,3,5,9},{1,5,6,2,7,8,9,3,4},{7,8,2,9,6,4,0,0,0},{0,0,0,0,0,0,0,0,0},{0,0,0,0,0,0,0,0,0},{0,0,0,0,0,0,0,0,0},{0,0,0,0,0,0,0,0,0}}
]
00:17:22.555 [main] INFO  sudoku.model.SudokuBoard - Wartość 0 wstawiona nieprawidłowo
00:17:22.555 [main] INFO  sudoku.model.SudokuBoard - Bład w kwadracie 0
sudoku.model.SudokuBoard@d504137[
  size=9
  solver=sudoku.model.BacktrackingSudokuSolver@8432469
  board={{5,2,1,3,8,9,4,6,7},{3,6,9,5,4,7,8,1,2},{4,7,8,6,1,2,3,5,9},{1,5,6,2,7,8,9,3,4},{7,8,2,9,6,0,0,0,0},{0,0,0,0,0,0,0,0,0},{0,0,0,0,0,0,0,0,0},{0,0,0,0,0,0,0,0,0},{0,0,0,0,0,0,0,0,0}}
]
00:17:22.555 [main] INFO  sudoku.model.SudokuBoard - Wartość 0 wstawiona nieprawidłowo
00:17:22.555 [main] INFO  sudoku.model.SudokuBoard - Bład w kwadracie 0
sudoku.model.SudokuBoard@d504137[
  size=9
  solver=sudoku.model.BacktrackingSudokuSolver@8432469
  board={{5,2,1,3,8,9,4,6,7},{3,6,9,5,4,7,8,1,2},{4,7,8,6,1,2,3,5,9},{1,5,6,2,7,8,9,3,4},{7,8,2,9,6,5,0,0,0},{0,0,0,0,0,0,0,0,0},{0,0,0,0,0,0,0,0,0},{0,0,0,0,0,0,0,0,0},{0,0,0,0,0,0,0,0,0}}
]
00:17:22.555 [main] INFO  sudoku.model.SudokuBoard - Wartość 0 wstawiona nieprawidłowo
00:17:22.555 [main] INFO  sudoku.model.SudokuBoard - Bład w kwadracie 0
sudoku.model.SudokuBoard@d504137[
  size=9
  solver=sudoku.model.BacktrackingSudokuSolver@8432469
  board={{5,2,1,3,8,9,4,6,7},{3,6,9,5,4,7,8,1,2},{4,7,8,6,1,2,3,5,9},{1,5,6,2,7,8,9,3,4},{7,8,2,9,6,0,0,0,0},{0,0,0,0,0,0,0,0,0},{0,0,0,0,0,0,0,0,0},{0,0,0,0,0,0,0,0,0},{0,0,0,0,0,0,0,0,0}}
]
00:17:22.555 [main] INFO  sudoku.model.SudokuBoard - Wartość 0 wstawiona nieprawidłowo
00:17:22.555 [main] INFO  sudoku.model.SudokuBoard - Bład w kwadracie 0
sudoku.model.SudokuBoard@d504137[
  size=9
  solver=sudoku.model.BacktrackingSudokuSolver@8432469
  board={{5,2,1,3,8,9,4,6,7},{3,6,9,5,4,7,8,1,2},{4,7,8,6,1,2,3,5,9},{1,5,6,2,7,8,9,3,4},{7,8,2,9,6,1,0,0,0},{0,0,0,0,0,0,0,0,0},{0,0,0,0,0,0,0,0,0},{0,0,0,0,0,0,0,0,0},{0,0,0,0,0,0,0,0,0}}
]
00:17:22.556 [main] INFO  sudoku.model.SudokuBoard - Wartość 0 wstawiona nieprawidłowo
00:17:22.556 [main] INFO  sudoku.model.SudokuBoard - Bład w kwadracie 0
sudoku.model.SudokuBoard@d504137[
  size=9
  solver=sudoku.model.BacktrackingSudokuSolver@8432469
  board={{5,2,1,3,8,9,4,6,7},{3,6,9,5,4,7,8,1,2},{4,7,8,6,1,2,3,5,9},{1,5,6,2,7,8,9,3,4},{7,8,2,9,6,0,0,0,0},{0,0,0,0,0,0,0,0,0},{0,0,0,0,0,0,0,0,0},{0,0,0,0,0,0,0,0,0},{0,0,0,0,0,0,0,0,0}}
]
00:17:22.556 [main] INFO  sudoku.model.SudokuBoard - Wartość 0 wstawiona nieprawidłowo
00:17:22.556 [main] INFO  sudoku.model.SudokuBoard - Bład w kwadracie 0
sudoku.model.SudokuBoard@d504137[
  size=9
  solver=sudoku.model.BacktrackingSudokuSolver@8432469
  board={{5,2,1,3,8,9,4,6,7},{3,6,9,5,4,7,8,1,2},{4,7,8,6,1,2,3,5,9},{1,5,6,2,7,8,9,3,4},{7,8,2,9,0,0,0,0,0},{0,0,0,0,0,0,0,0,0},{0,0,0,0,0,0,0,0,0},{0,0,0,0,0,0,0,0,0},{0,0,0,0,0,0,0,0,0}}
]
00:17:22.556 [main] INFO  sudoku.model.SudokuBoard - Wartość 0 wstawiona nieprawidłowo
00:17:22.556 [main] INFO  sudoku.model.SudokuBoard - Bład w kwadracie 0
sudoku.model.SudokuBoard@d504137[
  size=9
  solver=sudoku.model.BacktrackingSudokuSolver@8432469
  board={{5,2,1,3,8,9,4,6,7},{3,6,9,5,4,7,8,1,2},{4,7,8,6,1,2,3,5,9},{1,5,6,2,7,8,9,3,4},{7,8,2,9,3,1,0,0,0},{0,0,0,0,0,0,0,0,0},{0,0,0,0,0,0,0,0,0},{0,0,0,0,0,0,0,0,0},{0,0,0,0,0,0,0,0,0}}
]
00:17:22.556 [main] INFO  sudoku.model.SudokuBoard - Wartość 0 wstawiona nieprawidłowo
00:17:22.556 [main] INFO  sudoku.model.SudokuBoard - Bład w kwadracie 0
sudoku.model.SudokuBoard@d504137[
  size=9
  solver=sudoku.model.BacktrackingSudokuSolver@8432469
  board={{5,2,1,3,8,9,4,6,7},{3,6,9,5,4,7,8,1,2},{4,7,8,6,1,2,3,5,9},{1,5,6,2,7,8,9,3,4},{7,8,2,9,3,1,0,0,0},{0,0,0,0,0,0,0,0,0},{0,0,0,0,0,0,0,0,0},{0,0,0,0,0,0,0,0,0},{0,0,0,0,0,0,0,0,0}}
]
00:17:22.556 [main] INFO  sudoku.model.SudokuBoard - Wartość 0 wstawiona nieprawidłowo
00:17:22.556 [main] INFO  sudoku.model.SudokuBoard - Bład w kwadracie 0
sudoku.model.SudokuBoard@d504137[
  size=9
  solver=sudoku.model.BacktrackingSudokuSolver@8432469
  board={{5,2,1,3,8,9,4,6,7},{3,6,9,5,4,7,8,1,2},{4,7,8,6,1,2,3,5,9},{1,5,6,2,7,8,9,3,4},{7,8,2,9,3,0,0,0,0},{0,0,0,0,0,0,0,0,0},{0,0,0,0,0,0,0,0,0},{0,0,0,0,0,0,0,0,0},{0,0,0,0,0,0,0,0,0}}
]
00:17:22.556 [main] INFO  sudoku.model.SudokuBoard - Wartość 0 wstawiona nieprawidłowo
00:17:22.556 [main] INFO  sudoku.model.SudokuBoard - Bład w kwadracie 0
sudoku.model.SudokuBoard@d504137[
  size=9
  solver=sudoku.model.BacktrackingSudokuSolver@8432469
  board={{5,2,1,3,8,9,4,6,7},{3,6,9,5,4,7,8,1,2},{4,7,8,6,1,2,3,5,9},{1,5,6,2,7,8,9,3,4},{7,8,2,9,3,4,0,0,0},{0,0,0,0,0,0,0,0,0},{0,0,0,0,0,0,0,0,0},{0,0,0,0,0,0,0,0,0},{0,0,0,0,0,0,0,0,0}}
]
00:17:22.557 [main] INFO  sudoku.model.SudokuBoard - Wartość 0 wstawiona nieprawidłowo
00:17:22.557 [main] INFO  sudoku.model.SudokuBoard - Bład w kwadracie 0
sudoku.model.SudokuBoard@d504137[
  size=9
  solver=sudoku.model.BacktrackingSudokuSolver@8432469
  board={{5,2,1,3,8,9,4,6,7},{3,6,9,5,4,7,8,1,2},{4,7,8,6,1,2,3,5,9},{1,5,6,2,7,8,9,3,4},{7,8,2,9,3,4,0,0,0},{0,0,0,0,0,0,0,0,0},{0,0,0,0,0,0,0,0,0},{0,0,0,0,0,0,0,0,0},{0,0,0,0,0,0,0,0,0}}
]
00:17:22.557 [main] INFO  sudoku.model.SudokuBoard - Wartość 0 wstawiona nieprawidłowo
00:17:22.557 [main] INFO  sudoku.model.SudokuBoard - Bład w kwadracie 0
sudoku.model.SudokuBoard@d504137[
  size=9
  solver=sudoku.model.BacktrackingSudokuSolver@8432469
  board={{5,2,1,3,8,9,4,6,7},{3,6,9,5,4,7,8,1,2},{4,7,8,6,1,2,3,5,9},{1,5,6,2,7,8,9,3,4},{7,8,2,9,3,4,0,0,0},{0,0,0,0,0,0,0,0,0},{0,0,0,0,0,0,0,0,0},{0,0,0,0,0,0,0,0,0},{0,0,0,0,0,0,0,0,0}}
]
00:17:22.557 [main] INFO  sudoku.model.SudokuBoard - Wartość 0 wstawiona nieprawidłowo
00:17:22.557 [main] INFO  sudoku.model.SudokuBoard - Bład w kwadracie 0
sudoku.model.SudokuBoard@d504137[
  size=9
  solver=sudoku.model.BacktrackingSudokuSolver@8432469
  board={{5,2,1,3,8,9,4,6,7},{3,6,9,5,4,7,8,1,2},{4,7,8,6,1,2,3,5,9},{1,5,6,2,7,8,9,3,4},{7,8,2,9,3,0,0,0,0},{0,0,0,0,0,0,0,0,0},{0,0,0,0,0,0,0,0,0},{0,0,0,0,0,0,0,0,0},{0,0,0,0,0,0,0,0,0}}
]
00:17:22.557 [main] INFO  sudoku.model.SudokuBoard - Wartość 0 wstawiona nieprawidłowo
00:17:22.558 [main] INFO  sudoku.model.SudokuBoard - Bład w kwadracie 0
sudoku.model.SudokuBoard@d504137[
  size=9
  solver=sudoku.model.BacktrackingSudokuSolver@8432469
  board={{5,2,1,3,8,9,4,6,7},{3,6,9,5,4,7,8,1,2},{4,7,8,6,1,2,3,5,9},{1,5,6,2,7,8,9,3,4},{7,8,2,9,3,5,0,0,0},{0,0,0,0,0,0,0,0,0},{0,0,0,0,0,0,0,0,0},{0,0,0,0,0,0,0,0,0},{0,0,0,0,0,0,0,0,0}}
]
00:17:22.558 [main] INFO  sudoku.model.SudokuBoard - Wartość 0 wstawiona nieprawidłowo
00:17:22.558 [main] INFO  sudoku.model.SudokuBoard - Bład w kwadracie 0
sudoku.model.SudokuBoard@d504137[
  size=9
  solver=sudoku.model.BacktrackingSudokuSolver@8432469
  board={{5,2,1,3,8,9,4,6,7},{3,6,9,5,4,7,8,1,2},{4,7,8,6,1,2,3,5,9},{1,5,6,2,7,8,9,3,4},{7,8,2,9,3,5,0,0,0},{0,0,0,0,0,0,0,0,0},{0,0,0,0,0,0,0,0,0},{0,0,0,0,0,0,0,0,0},{0,0,0,0,0,0,0,0,0}}
]
00:17:22.558 [main] INFO  sudoku.model.SudokuBoard - Wartość 0 wstawiona nieprawidłowo
00:17:22.558 [main] INFO  sudoku.model.SudokuBoard - Bład w kwadracie 0
sudoku.model.SudokuBoard@d504137[
  size=9
  solver=sudoku.model.BacktrackingSudokuSolver@8432469
  board={{5,2,1,3,8,9,4,6,7},{3,6,9,5,4,7,8,1,2},{4,7,8,6,1,2,3,5,9},{1,5,6,2,7,8,9,3,4},{7,8,2,9,3,0,0,0,0},{0,0,0,0,0,0,0,0,0},{0,0,0,0,0,0,0,0,0},{0,0,0,0,0,0,0,0,0},{0,0,0,0,0,0,0,0,0}}
]
00:17:22.558 [main] INFO  sudoku.model.SudokuBoard - Wartość 0 wstawiona nieprawidłowo
00:17:22.558 [main] INFO  sudoku.model.SudokuBoard - Bład w kwadracie 0
sudoku.model.SudokuBoard@d504137[
  size=9
  solver=sudoku.model.BacktrackingSudokuSolver@8432469
  board={{5,2,1,3,8,9,4,6,7},{3,6,9,5,4,7,8,1,2},{4,7,8,6,1,2,3,5,9},{1,5,6,2,7,8,9,3,4},{7,8,2,9,3,6,0,0,0},{0,0,0,0,0,0,0,0,0},{0,0,0,0,0,0,0,0,0},{0,0,0,0,0,0,0,0,0},{0,0,0,0,0,0,0,0,0}}
]
00:17:22.558 [main] INFO  sudoku.model.SudokuBoard - Wartość 0 wstawiona nieprawidłowo
00:17:22.558 [main] INFO  sudoku.model.SudokuBoard - Bład w kwadracie 0
sudoku.model.SudokuBoard@d504137[
  size=9
  solver=sudoku.model.BacktrackingSudokuSolver@8432469
  board={{5,2,1,3,8,9,4,6,7},{3,6,9,5,4,7,8,1,2},{4,7,8,6,1,2,3,5,9},{1,5,6,2,7,8,9,3,4},{7,8,2,9,3,6,0,0,0},{0,0,0,0,0,0,0,0,0},{0,0,0,0,0,0,0,0,0},{0,0,0,0,0,0,0,0,0},{0,0,0,0,0,0,0,0,0}}
]
00:17:22.558 [main] INFO  sudoku.model.SudokuBoard - Wartość 0 wstawiona nieprawidłowo
00:17:22.563 [main] INFO  sudoku.model.SudokuBoard - Bład w kwadracie 0
sudoku.model.SudokuBoard@d504137[
  size=9
  solver=sudoku.model.BacktrackingSudokuSolver@8432469
  board={{5,2,1,3,8,9,4,6,7},{3,6,9,5,4,7,8,1,2},{4,7,8,6,1,2,3,5,9},{1,5,6,2,7,8,9,3,4},{7,8,2,9,3,0,0,0,0},{0,0,0,0,0,0,0,0,0},{0,0,0,0,0,0,0,0,0},{0,0,0,0,0,0,0,0,0},{0,0,0,0,0,0,0,0,0}}
]
00:17:22.563 [main] INFO  sudoku.model.SudokuBoard - Wartość 0 wstawiona nieprawidłowo
00:17:22.563 [main] INFO  sudoku.model.SudokuBoard - Bład w kwadracie 0
sudoku.model.SudokuBoard@d504137[
  size=9
  solver=sudoku.model.BacktrackingSudokuSolver@8432469
  board={{5,2,1,3,8,9,4,6,7},{3,6,9,5,4,7,8,1,2},{4,7,8,6,1,2,3,5,9},{1,5,6,2,7,8,9,3,4},{7,8,2,9,0,0,0,0,0},{0,0,0,0,0,0,0,0,0},{0,0,0,0,0,0,0,0,0},{0,0,0,0,0,0,0,0,0},{0,0,0,0,0,0,0,0,0}}
]
00:17:22.563 [main] INFO  sudoku.model.SudokuBoard - Wartość 0 wstawiona nieprawidłowo
00:17:22.564 [main] INFO  sudoku.model.SudokuBoard - Bład w kwadracie 0
sudoku.model.SudokuBoard@d504137[
  size=9
  solver=sudoku.model.BacktrackingSudokuSolver@8432469
  board={{5,2,1,3,8,9,4,6,7},{3,6,9,5,4,7,8,1,2},{4,7,8,6,1,2,3,5,9},{1,5,6,2,7,8,9,3,4},{7,8,2,9,5,4,0,0,0},{0,0,0,0,0,0,0,0,0},{0,0,0,0,0,0,0,0,0},{0,0,0,0,0,0,0,0,0},{0,0,0,0,0,0,0,0,0}}
]
00:17:22.564 [main] INFO  sudoku.model.SudokuBoard - Wartość 0 wstawiona nieprawidłowo
00:17:22.564 [main] INFO  sudoku.model.SudokuBoard - Bład w kwadracie 0
sudoku.model.SudokuBoard@d504137[
  size=9
  solver=sudoku.model.BacktrackingSudokuSolver@8432469
  board={{5,2,1,3,8,9,4,6,7},{3,6,9,5,4,7,8,1,2},{4,7,8,6,1,2,3,5,9},{1,5,6,2,7,8,9,3,4},{7,8,2,9,5,4,0,0,0},{0,0,0,0,0,0,0,0,0},{0,0,0,0,0,0,0,0,0},{0,0,0,0,0,0,0,0,0},{0,0,0,0,0,0,0,0,0}}
]
00:17:22.564 [main] INFO  sudoku.model.SudokuBoard - Wartość 0 wstawiona nieprawidłowo
00:17:22.564 [main] INFO  sudoku.model.SudokuBoard - Bład w kwadracie 0
sudoku.model.SudokuBoard@d504137[
  size=9
  solver=sudoku.model.BacktrackingSudokuSolver@8432469
  board={{5,2,1,3,8,9,4,6,7},{3,6,9,5,4,7,8,1,2},{4,7,8,6,1,2,3,5,9},{1,5,6,2,7,8,9,3,4},{7,8,2,9,5,0,0,0,0},{0,0,0,0,0,0,0,0,0},{0,0,0,0,0,0,0,0,0},{0,0,0,0,0,0,0,0,0},{0,0,0,0,0,0,0,0,0}}
]
00:17:22.564 [main] INFO  sudoku.model.SudokuBoard - Wartość 0 wstawiona nieprawidłowo
00:17:22.564 [main] INFO  sudoku.model.SudokuBoard - Bład w kwadracie 0
sudoku.model.SudokuBoard@d504137[
  size=9
  solver=sudoku.model.BacktrackingSudokuSolver@8432469
  board={{5,2,1,3,8,9,4,6,7},{3,6,9,5,4,7,8,1,2},{4,7,8,6,1,2,3,5,9},{1,5,6,2,7,8,9,3,4},{7,8,2,9,5,6,0,0,0},{0,0,0,0,0,0,0,0,0},{0,0,0,0,0,0,0,0,0},{0,0,0,0,0,0,0,0,0},{0,0,0,0,0,0,0,0,0}}
]
00:17:22.564 [main] INFO  sudoku.model.SudokuBoard - Wartość 0 wstawiona nieprawidłowo
00:17:22.565 [main] INFO  sudoku.model.SudokuBoard - Bład w kwadracie 0
sudoku.model.SudokuBoard@d504137[
  size=9
  solver=sudoku.model.BacktrackingSudokuSolver@8432469
  board={{5,2,1,3,8,9,4,6,7},{3,6,9,5,4,7,8,1,2},{4,7,8,6,1,2,3,5,9},{1,5,6,2,7,8,9,3,4},{7,8,2,9,5,0,0,0,0},{0,0,0,0,0,0,0,0,0},{0,0,0,0,0,0,0,0,0},{0,0,0,0,0,0,0,0,0},{0,0,0,0,0,0,0,0,0}}
]
00:17:22.565 [main] INFO  sudoku.model.SudokuBoard - Wartość 0 wstawiona nieprawidłowo
00:17:22.565 [main] INFO  sudoku.model.SudokuBoard - Bład w kwadracie 0
sudoku.model.SudokuBoard@d504137[
  size=9
  solver=sudoku.model.BacktrackingSudokuSolver@8432469
  board={{5,2,1,3,8,9,4,6,7},{3,6,9,5,4,7,8,1,2},{4,7,8,6,1,2,3,5,9},{1,5,6,2,7,8,9,3,4},{7,8,2,9,5,1,0,0,0},{0,0,0,0,0,0,0,0,0},{0,0,0,0,0,0,0,0,0},{0,0,0,0,0,0,0,0,0},{0,0,0,0,0,0,0,0,0}}
]
00:17:22.565 [main] INFO  sudoku.model.SudokuBoard - Wartość 0 wstawiona nieprawidłowo
00:17:22.565 [main] INFO  sudoku.model.SudokuBoard - Bład w kwadracie 0
sudoku.model.SudokuBoard@d504137[
  size=9
  solver=sudoku.model.BacktrackingSudokuSolver@8432469
  board={{5,2,1,3,8,9,4,6,7},{3,6,9,5,4,7,8,1,2},{4,7,8,6,1,2,3,5,9},{1,5,6,2,7,8,9,3,4},{7,8,2,9,5,0,0,0,0},{0,0,0,0,0,0,0,0,0},{0,0,0,0,0,0,0,0,0},{0,0,0,0,0,0,0,0,0},{0,0,0,0,0,0,0,0,0}}
]
00:17:22.565 [main] INFO  sudoku.model.SudokuBoard - Wartość 0 wstawiona nieprawidłowo
00:17:22.565 [main] INFO  sudoku.model.SudokuBoard - Bład w kwadracie 0
sudoku.model.SudokuBoard@d504137[
  size=9
  solver=sudoku.model.BacktrackingSudokuSolver@8432469
  board={{5,2,1,3,8,9,4,6,7},{3,6,9,5,4,7,8,1,2},{4,7,8,6,1,2,3,5,9},{1,5,6,2,7,8,9,3,4},{7,8,2,9,5,3,0,0,0},{0,0,0,0,0,0,0,0,0},{0,0,0,0,0,0,0,0,0},{0,0,0,0,0,0,0,0,0},{0,0,0,0,0,0,0,0,0}}
]
00:17:22.565 [main] INFO  sudoku.model.SudokuBoard - Wartość 0 wstawiona nieprawidłowo
00:17:22.565 [main] INFO  sudoku.model.SudokuBoard - Bład w kwadracie 0
sudoku.model.SudokuBoard@d504137[
  size=9
  solver=sudoku.model.BacktrackingSudokuSolver@8432469
  board={{5,2,1,3,8,9,4,6,7},{3,6,9,5,4,7,8,1,2},{4,7,8,6,1,2,3,5,9},{1,5,6,2,7,8,9,3,4},{7,8,2,9,5,3,0,0,0},{0,0,0,0,0,0,0,0,0},{0,0,0,0,0,0,0,0,0},{0,0,0,0,0,0,0,0,0},{0,0,0,0,0,0,0,0,0}}
]
00:17:22.565 [main] INFO  sudoku.model.SudokuBoard - Wartość 0 wstawiona nieprawidłowo
00:17:22.565 [main] INFO  sudoku.model.SudokuBoard - Bład w kwadracie 0
sudoku.model.SudokuBoard@d504137[
  size=9
  solver=sudoku.model.BacktrackingSudokuSolver@8432469
  board={{5,2,1,3,8,9,4,6,7},{3,6,9,5,4,7,8,1,2},{4,7,8,6,1,2,3,5,9},{1,5,6,2,7,8,9,3,4},{7,8,2,9,5,0,0,0,0},{0,0,0,0,0,0,0,0,0},{0,0,0,0,0,0,0,0,0},{0,0,0,0,0,0,0,0,0},{0,0,0,0,0,0,0,0,0}}
]
00:17:22.565 [main] INFO  sudoku.model.SudokuBoard - Wartość 0 wstawiona nieprawidłowo
00:17:22.565 [main] INFO  sudoku.model.SudokuBoard - Bład w kwadracie 0
sudoku.model.SudokuBoard@d504137[
  size=9
  solver=sudoku.model.BacktrackingSudokuSolver@8432469
  board={{5,2,1,3,8,9,4,6,7},{3,6,9,5,4,7,8,1,2},{4,7,8,6,1,2,3,5,9},{1,5,6,2,7,8,9,3,4},{7,8,2,9,0,0,0,0,0},{0,0,0,0,0,0,0,0,0},{0,0,0,0,0,0,0,0,0},{0,0,0,0,0,0,0,0,0},{0,0,0,0,0,0,0,0,0}}
]
00:17:22.565 [main] INFO  sudoku.model.SudokuBoard - Wartość 0 wstawiona nieprawidłowo
00:17:22.565 [main] INFO  sudoku.model.SudokuBoard - Bład w kwadracie 0
sudoku.model.SudokuBoard@d504137[
  size=9
  solver=sudoku.model.BacktrackingSudokuSolver@8432469
  board={{5,2,1,3,8,9,4,6,7},{3,6,9,5,4,7,8,1,2},{4,7,8,6,1,2,3,5,9},{1,5,6,2,7,8,9,3,4},{7,8,2,0,0,0,0,0,0},{0,0,0,0,0,0,0,0,0},{0,0,0,0,0,0,0,0,0},{0,0,0,0,0,0,0,0,0},{0,0,0,0,0,0,0,0,0}}
]
00:17:22.566 [main] INFO  sudoku.model.SudokuBoard - Wartość 0 wstawiona nieprawidłowo
00:17:22.566 [main] INFO  sudoku.model.SudokuBoard - Bład w kwadracie 0
sudoku.model.SudokuBoard@d504137[
  size=9
  solver=sudoku.model.BacktrackingSudokuSolver@8432469
  board={{5,2,1,3,8,9,4,6,7},{3,6,9,5,4,7,8,1,2},{4,7,8,6,1,2,3,5,9},{1,5,6,2,7,8,9,3,4},{7,8,2,1,6,3,0,0,0},{0,0,0,0,0,0,0,0,0},{0,0,0,0,0,0,0,0,0},{0,0,0,0,0,0,0,0,0},{0,0,0,0,0,0,0,0,0}}
]
00:17:22.566 [main] INFO  sudoku.model.SudokuBoard - Wartość 0 wstawiona nieprawidłowo
00:17:22.566 [main] INFO  sudoku.model.SudokuBoard - Bład w kwadracie 0
sudoku.model.SudokuBoard@d504137[
  size=9
  solver=sudoku.model.BacktrackingSudokuSolver@8432469
  board={{5,2,1,3,8,9,4,6,7},{3,6,9,5,4,7,8,1,2},{4,7,8,6,1,2,3,5,9},{1,5,6,2,7,8,9,3,4},{7,8,2,1,6,0,0,0,0},{0,0,0,0,0,0,0,0,0},{0,0,0,0,0,0,0,0,0},{0,0,0,0,0,0,0,0,0},{0,0,0,0,0,0,0,0,0}}
]
00:17:22.566 [main] INFO  sudoku.model.SudokuBoard - Wartość 0 wstawiona nieprawidłowo
00:17:22.566 [main] INFO  sudoku.model.SudokuBoard - Bład w kwadracie 0
sudoku.model.SudokuBoard@d504137[
  size=9
  solver=sudoku.model.BacktrackingSudokuSolver@8432469
  board={{5,2,1,3,8,9,4,6,7},{3,6,9,5,4,7,8,1,2},{4,7,8,6,1,2,3,5,9},{1,5,6,2,7,8,9,3,4},{7,8,2,1,6,4,0,0,0},{0,0,0,0,0,0,0,0,0},{0,0,0,0,0,0,0,0,0},{0,0,0,0,0,0,0,0,0},{0,0,0,0,0,0,0,0,0}}
]
00:17:22.567 [main] INFO  sudoku.model.SudokuBoard - Wartość 0 wstawiona nieprawidłowo
00:17:22.567 [main] INFO  sudoku.model.SudokuBoard - Bład w kwadracie 0
sudoku.model.SudokuBoard@d504137[
  size=9
  solver=sudoku.model.BacktrackingSudokuSolver@8432469
  board={{5,2,1,3,8,9,4,6,7},{3,6,9,5,4,7,8,1,2},{4,7,8,6,1,2,3,5,9},{1,5,6,2,7,8,9,3,4},{7,8,2,1,6,0,0,0,0},{0,0,0,0,0,0,0,0,0},{0,0,0,0,0,0,0,0,0},{0,0,0,0,0,0,0,0,0},{0,0,0,0,0,0,0,0,0}}
]
00:17:22.567 [main] INFO  sudoku.model.SudokuBoard - Wartość 0 wstawiona nieprawidłowo
00:17:22.567 [main] INFO  sudoku.model.SudokuBoard - Bład w kwadracie 0
sudoku.model.SudokuBoard@d504137[
  size=9
  solver=sudoku.model.BacktrackingSudokuSolver@8432469
  board={{5,2,1,3,8,9,4,6,7},{3,6,9,5,4,7,8,1,2},{4,7,8,6,1,2,3,5,9},{1,5,6,2,7,8,9,3,4},{7,8,2,1,6,0,0,0,0},{0,0,0,0,0,0,0,0,0},{0,0,0,0,0,0,0,0,0},{0,0,0,0,0,0,0,0,0},{0,0,0,0,0,0,0,0,0}}
]
00:17:22.567 [main] INFO  sudoku.model.SudokuBoard - Wartość 0 wstawiona nieprawidłowo
00:17:22.567 [main] INFO  sudoku.model.SudokuBoard - Bład w kwadracie 0
sudoku.model.SudokuBoard@d504137[
  size=9
  solver=sudoku.model.BacktrackingSudokuSolver@8432469
  board={{5,2,1,3,8,9,4,6,7},{3,6,9,5,4,7,8,1,2},{4,7,8,6,1,2,3,5,9},{1,5,6,2,7,8,9,3,4},{7,8,2,1,0,0,0,0,0},{0,0,0,0,0,0,0,0,0},{0,0,0,0,0,0,0,0,0},{0,0,0,0,0,0,0,0,0},{0,0,0,0,0,0,0,0,0}}
]
00:17:22.567 [main] INFO  sudoku.model.SudokuBoard - Wartość 0 wstawiona nieprawidłowo
00:17:22.567 [main] INFO  sudoku.model.SudokuBoard - Bład w kwadracie 0
sudoku.model.SudokuBoard@d504137[
  size=9
  solver=sudoku.model.BacktrackingSudokuSolver@8432469
  board={{5,2,1,3,8,9,4,6,7},{3,6,9,5,4,7,8,1,2},{4,7,8,6,1,2,3,5,9},{1,5,6,2,7,8,9,3,4},{7,8,2,1,9,6,0,0,0},{0,0,0,0,0,0,0,0,0},{0,0,0,0,0,0,0,0,0},{0,0,0,0,0,0,0,0,0},{0,0,0,0,0,0,0,0,0}}
]
00:17:22.567 [main] INFO  sudoku.model.SudokuBoard - Wartość 0 wstawiona nieprawidłowo
00:17:22.567 [main] INFO  sudoku.model.SudokuBoard - Bład w kwadracie 0
sudoku.model.SudokuBoard@d504137[
  size=9
  solver=sudoku.model.BacktrackingSudokuSolver@8432469
  board={{5,2,1,3,8,9,4,6,7},{3,6,9,5,4,7,8,1,2},{4,7,8,6,1,2,3,5,9},{1,5,6,2,7,8,9,3,4},{7,8,2,1,9,0,0,0,0},{0,0,0,0,0,0,0,0,0},{0,0,0,0,0,0,0,0,0},{0,0,0,0,0,0,0,0,0},{0,0,0,0,0,0,0,0,0}}
]
00:17:22.567 [main] INFO  sudoku.model.SudokuBoard - Wartość 0 wstawiona nieprawidłowo
00:17:22.567 [main] INFO  sudoku.model.SudokuBoard - Bład w kwadracie 0
sudoku.model.SudokuBoard@d504137[
  size=9
  solver=sudoku.model.BacktrackingSudokuSolver@8432469
  board={{5,2,1,3,8,9,4,6,7},{3,6,9,5,4,7,8,1,2},{4,7,8,6,1,2,3,5,9},{1,5,6,2,7,8,9,3,4},{7,8,2,1,9,3,0,0,0},{0,0,0,0,0,0,0,0,0},{0,0,0,0,0,0,0,0,0},{0,0,0,0,0,0,0,0,0},{0,0,0,0,0,0,0,0,0}}
]
00:17:22.567 [main] INFO  sudoku.model.SudokuBoard - Wartość 0 wstawiona nieprawidłowo
00:17:22.567 [main] INFO  sudoku.model.SudokuBoard - Bład w kwadracie 0
sudoku.model.SudokuBoard@d504137[
  size=9
  solver=sudoku.model.BacktrackingSudokuSolver@8432469
  board={{5,2,1,3,8,9,4,6,7},{3,6,9,5,4,7,8,1,2},{4,7,8,6,1,2,3,5,9},{1,5,6,2,7,8,9,3,4},{7,8,2,1,9,3,0,0,0},{0,0,0,0,0,0,0,0,0},{0,0,0,0,0,0,0,0,0},{0,0,0,0,0,0,0,0,0},{0,0,0,0,0,0,0,0,0}}
]
00:17:22.568 [main] INFO  sudoku.model.SudokuBoard - Wartość 0 wstawiona nieprawidłowo
00:17:22.568 [main] INFO  sudoku.model.SudokuBoard - Bład w kwadracie 0
sudoku.model.SudokuBoard@d504137[
  size=9
  solver=sudoku.model.BacktrackingSudokuSolver@8432469
  board={{5,2,1,3,8,9,4,6,7},{3,6,9,5,4,7,8,1,2},{4,7,8,6,1,2,3,5,9},{1,5,6,2,7,8,9,3,4},{7,8,2,1,9,0,0,0,0},{0,0,0,0,0,0,0,0,0},{0,0,0,0,0,0,0,0,0},{0,0,0,0,0,0,0,0,0},{0,0,0,0,0,0,0,0,0}}
]
00:17:22.568 [main] INFO  sudoku.model.SudokuBoard - Wartość 0 wstawiona nieprawidłowo
00:17:22.568 [main] INFO  sudoku.model.SudokuBoard - Bład w kwadracie 0
sudoku.model.SudokuBoard@d504137[
  size=9
  solver=sudoku.model.BacktrackingSudokuSolver@8432469
  board={{5,2,1,3,8,9,4,6,7},{3,6,9,5,4,7,8,1,2},{4,7,8,6,1,2,3,5,9},{1,5,6,2,7,8,9,3,4},{7,8,2,1,9,4,0,0,0},{0,0,0,0,0,0,0,0,0},{0,0,0,0,0,0,0,0,0},{0,0,0,0,0,0,0,0,0},{0,0,0,0,0,0,0,0,0}}
]
00:17:22.568 [main] INFO  sudoku.model.SudokuBoard - Wartość 0 wstawiona nieprawidłowo
00:17:22.569 [main] INFO  sudoku.model.SudokuBoard - Bład w kwadracie 0
sudoku.model.SudokuBoard@d504137[
  size=9
  solver=sudoku.model.BacktrackingSudokuSolver@8432469
  board={{5,2,1,3,8,9,4,6,7},{3,6,9,5,4,7,8,1,2},{4,7,8,6,1,2,3,5,9},{1,5,6,2,7,8,9,3,4},{7,8,2,1,9,4,0,0,0},{0,0,0,0,0,0,0,0,0},{0,0,0,0,0,0,0,0,0},{0,0,0,0,0,0,0,0,0},{0,0,0,0,0,0,0,0,0}}
]
00:17:22.569 [main] INFO  sudoku.model.SudokuBoard - Wartość 0 wstawiona nieprawidłowo
00:17:22.569 [main] INFO  sudoku.model.SudokuBoard - Bład w kwadracie 0
sudoku.model.SudokuBoard@d504137[
  size=9
  solver=sudoku.model.BacktrackingSudokuSolver@8432469
  board={{5,2,1,3,8,9,4,6,7},{3,6,9,5,4,7,8,1,2},{4,7,8,6,1,2,3,5,9},{1,5,6,2,7,8,9,3,4},{7,8,2,1,9,0,0,0,0},{0,0,0,0,0,0,0,0,0},{0,0,0,0,0,0,0,0,0},{0,0,0,0,0,0,0,0,0},{0,0,0,0,0,0,0,0,0}}
]
00:17:22.569 [main] INFO  sudoku.model.SudokuBoard - Wartość 0 wstawiona nieprawidłowo
00:17:22.569 [main] INFO  sudoku.model.SudokuBoard - Bład w kwadracie 0
sudoku.model.SudokuBoard@d504137[
  size=9
  solver=sudoku.model.BacktrackingSudokuSolver@8432469
  board={{5,2,1,3,8,9,4,6,7},{3,6,9,5,4,7,8,1,2},{4,7,8,6,1,2,3,5,9},{1,5,6,2,7,8,9,3,4},{7,8,2,1,9,5,0,0,0},{0,0,0,0,0,0,0,0,0},{0,0,0,0,0,0,0,0,0},{0,0,0,0,0,0,0,0,0},{0,0,0,0,0,0,0,0,0}}
]
00:17:22.569 [main] INFO  sudoku.model.SudokuBoard - Wartość 0 wstawiona nieprawidłowo
00:17:22.571 [main] INFO  sudoku.model.SudokuBoard - Bład w kwadracie 0
sudoku.model.SudokuBoard@d504137[
  size=9
  solver=sudoku.model.BacktrackingSudokuSolver@8432469
  board={{5,2,1,3,8,9,4,6,7},{3,6,9,5,4,7,8,1,2},{4,7,8,6,1,2,3,5,9},{1,5,6,2,7,8,9,3,4},{7,8,2,1,9,0,0,0,0},{0,0,0,0,0,0,0,0,0},{0,0,0,0,0,0,0,0,0},{0,0,0,0,0,0,0,0,0},{0,0,0,0,0,0,0,0,0}}
]
00:17:22.571 [main] INFO  sudoku.model.SudokuBoard - Wartość 0 wstawiona nieprawidłowo
00:17:22.571 [main] INFO  sudoku.model.SudokuBoard - Bład w kwadracie 0
sudoku.model.SudokuBoard@d504137[
  size=9
  solver=sudoku.model.BacktrackingSudokuSolver@8432469
  board={{5,2,1,3,8,9,4,6,7},{3,6,9,5,4,7,8,1,2},{4,7,8,6,1,2,3,5,9},{1,5,6,2,7,8,9,3,4},{7,8,2,1,0,0,0,0,0},{0,0,0,0,0,0,0,0,0},{0,0,0,0,0,0,0,0,0},{0,0,0,0,0,0,0,0,0},{0,0,0,0,0,0,0,0,0}}
]
00:17:22.571 [main] INFO  sudoku.model.SudokuBoard - Wartość 0 wstawiona nieprawidłowo
00:17:22.571 [main] INFO  sudoku.model.SudokuBoard - Bład w kwadracie 0
sudoku.model.SudokuBoard@d504137[
  size=9
  solver=sudoku.model.BacktrackingSudokuSolver@8432469
  board={{5,2,1,3,8,9,4,6,7},{3,6,9,5,4,7,8,1,2},{4,7,8,6,1,2,3,5,9},{1,5,6,2,7,8,9,3,4},{7,8,2,1,3,4,0,0,0},{0,0,0,0,0,0,0,0,0},{0,0,0,0,0,0,0,0,0},{0,0,0,0,0,0,0,0,0},{0,0,0,0,0,0,0,0,0}}
]
00:17:22.571 [main] INFO  sudoku.model.SudokuBoard - Wartość 0 wstawiona nieprawidłowo
00:17:22.572 [main] INFO  sudoku.model.SudokuBoard - Bład w kwadracie 0
sudoku.model.SudokuBoard@d504137[
  size=9
  solver=sudoku.model.BacktrackingSudokuSolver@8432469
  board={{5,2,1,3,8,9,4,6,7},{3,6,9,5,4,7,8,1,2},{4,7,8,6,1,2,3,5,9},{1,5,6,2,7,8,9,3,4},{7,8,2,1,3,4,0,0,0},{0,0,0,0,0,0,0,0,0},{0,0,0,0,0,0,0,0,0},{0,0,0,0,0,0,0,0,0},{0,0,0,0,0,0,0,0,0}}
]
00:17:22.572 [main] INFO  sudoku.model.SudokuBoard - Wartość 0 wstawiona nieprawidłowo
00:17:22.572 [main] INFO  sudoku.model.SudokuBoard - Bład w kwadracie 0
sudoku.model.SudokuBoard@d504137[
  size=9
  solver=sudoku.model.BacktrackingSudokuSolver@8432469
  board={{5,2,1,3,8,9,4,6,7},{3,6,9,5,4,7,8,1,2},{4,7,8,6,1,2,3,5,9},{1,5,6,2,7,8,9,3,4},{7,8,2,1,3,0,0,0,0},{0,0,0,0,0,0,0,0,0},{0,0,0,0,0,0,0,0,0},{0,0,0,0,0,0,0,0,0},{0,0,0,0,0,0,0,0,0}}
]
00:17:22.572 [main] INFO  sudoku.model.SudokuBoard - Wartość 0 wstawiona nieprawidłowo
00:17:22.572 [main] INFO  sudoku.model.SudokuBoard - Bład w kwadracie 0
sudoku.model.SudokuBoard@d504137[
  size=9
  solver=sudoku.model.BacktrackingSudokuSolver@8432469
  board={{5,2,1,3,8,9,4,6,7},{3,6,9,5,4,7,8,1,2},{4,7,8,6,1,2,3,5,9},{1,5,6,2,7,8,9,3,4},{7,8,2,1,3,5,0,0,0},{0,0,0,0,0,0,0,0,0},{0,0,0,0,0,0,0,0,0},{0,0,0,0,0,0,0,0,0},{0,0,0,0,0,0,0,0,0}}
]
00:17:22.572 [main] INFO  sudoku.model.SudokuBoard - Wartość 0 wstawiona nieprawidłowo
00:17:22.572 [main] INFO  sudoku.model.SudokuBoard - Bład w kwadracie 0
sudoku.model.SudokuBoard@d504137[
  size=9
  solver=sudoku.model.BacktrackingSudokuSolver@8432469
  board={{5,2,1,3,8,9,4,6,7},{3,6,9,5,4,7,8,1,2},{4,7,8,6,1,2,3,5,9},{1,5,6,2,7,8,9,3,4},{7,8,2,1,3,0,0,0,0},{0,0,0,0,0,0,0,0,0},{0,0,0,0,0,0,0,0,0},{0,0,0,0,0,0,0,0,0},{0,0,0,0,0,0,0,0,0}}
]
00:17:22.572 [main] INFO  sudoku.model.SudokuBoard - Wartość 0 wstawiona nieprawidłowo
00:17:22.572 [main] INFO  sudoku.model.SudokuBoard - Bład w kwadracie 0
sudoku.model.SudokuBoard@d504137[
  size=9
  solver=sudoku.model.BacktrackingSudokuSolver@8432469
  board={{5,2,1,3,8,9,4,6,7},{3,6,9,5,4,7,8,1,2},{4,7,8,6,1,2,3,5,9},{1,5,6,2,7,8,9,3,4},{7,8,2,1,3,6,0,0,0},{0,0,0,0,0,0,0,0,0},{0,0,0,0,0,0,0,0,0},{0,0,0,0,0,0,0,0,0},{0,0,0,0,0,0,0,0,0}}
]
00:17:22.572 [main] INFO  sudoku.model.SudokuBoard - Wartość 0 wstawiona nieprawidłowo
00:17:22.572 [main] INFO  sudoku.model.SudokuBoard - Bład w kwadracie 0
sudoku.model.SudokuBoard@d504137[
  size=9
  solver=sudoku.model.BacktrackingSudokuSolver@8432469
  board={{5,2,1,3,8,9,4,6,7},{3,6,9,5,4,7,8,1,2},{4,7,8,6,1,2,3,5,9},{1,5,6,2,7,8,9,3,4},{7,8,2,1,3,0,0,0,0},{0,0,0,0,0,0,0,0,0},{0,0,0,0,0,0,0,0,0},{0,0,0,0,0,0,0,0,0},{0,0,0,0,0,0,0,0,0}}
]
00:17:22.573 [main] INFO  sudoku.model.SudokuBoard - Wartość 0 wstawiona nieprawidłowo
00:17:22.579 [main] INFO  sudoku.model.SudokuBoard - Bład w kwadracie 0
sudoku.model.SudokuBoard@d504137[
  size=9
  solver=sudoku.model.BacktrackingSudokuSolver@8432469
  board={{5,2,1,3,8,9,4,6,7},{3,6,9,5,4,7,8,1,2},{4,7,8,6,1,2,3,5,9},{1,5,6,2,7,8,9,3,4},{7,8,2,1,0,0,0,0,0},{0,0,0,0,0,0,0,0,0},{0,0,0,0,0,0,0,0,0},{0,0,0,0,0,0,0,0,0},{0,0,0,0,0,0,0,0,0}}
]
00:17:22.581 [main] INFO  sudoku.model.SudokuBoard - Wartość 0 wstawiona nieprawidłowo
00:17:22.581 [main] INFO  sudoku.model.SudokuBoard - Bład w kwadracie 0
sudoku.model.SudokuBoard@d504137[
  size=9
  solver=sudoku.model.BacktrackingSudokuSolver@8432469
  board={{5,2,1,3,8,9,4,6,7},{3,6,9,5,4,7,8,1,2},{4,7,8,6,1,2,3,5,9},{1,5,6,2,7,8,9,3,4},{7,8,2,1,5,3,0,0,0},{0,0,0,0,0,0,0,0,0},{0,0,0,0,0,0,0,0,0},{0,0,0,0,0,0,0,0,0},{0,0,0,0,0,0,0,0,0}}
]
00:17:22.581 [main] INFO  sudoku.model.SudokuBoard - Wartość 0 wstawiona nieprawidłowo
00:17:22.581 [main] INFO  sudoku.model.SudokuBoard - Bład w kwadracie 0
sudoku.model.SudokuBoard@d504137[
  size=9
  solver=sudoku.model.BacktrackingSudokuSolver@8432469
  board={{5,2,1,3,8,9,4,6,7},{3,6,9,5,4,7,8,1,2},{4,7,8,6,1,2,3,5,9},{1,5,6,2,7,8,9,3,4},{7,8,2,1,5,0,0,0,0},{0,0,0,0,0,0,0,0,0},{0,0,0,0,0,0,0,0,0},{0,0,0,0,0,0,0,0,0},{0,0,0,0,0,0,0,0,0}}
]
00:17:22.581 [main] INFO  sudoku.model.SudokuBoard - Wartość 0 wstawiona nieprawidłowo
00:17:22.581 [main] INFO  sudoku.model.SudokuBoard - Bład w kwadracie 0
sudoku.model.SudokuBoard@d504137[
  size=9
  solver=sudoku.model.BacktrackingSudokuSolver@8432469
  board={{5,2,1,3,8,9,4,6,7},{3,6,9,5,4,7,8,1,2},{4,7,8,6,1,2,3,5,9},{1,5,6,2,7,8,9,3,4},{7,8,2,1,5,4,0,0,0},{0,0,0,0,0,0,0,0,0},{0,0,0,0,0,0,0,0,0},{0,0,0,0,0,0,0,0,0},{0,0,0,0,0,0,0,0,0}}
]
00:17:22.581 [main] INFO  sudoku.model.SudokuBoard - Wartość 0 wstawiona nieprawidłowo
00:17:22.581 [main] INFO  sudoku.model.SudokuBoard - Bład w kwadracie 0
sudoku.model.SudokuBoard@d504137[
  size=9
  solver=sudoku.model.BacktrackingSudokuSolver@8432469
  board={{5,2,1,3,8,9,4,6,7},{3,6,9,5,4,7,8,1,2},{4,7,8,6,1,2,3,5,9},{1,5,6,2,7,8,9,3,4},{7,8,2,1,5,0,0,0,0},{0,0,0,0,0,0,0,0,0},{0,0,0,0,0,0,0,0,0},{0,0,0,0,0,0,0,0,0},{0,0,0,0,0,0,0,0,0}}
]
00:17:22.581 [main] INFO  sudoku.model.SudokuBoard - Wartość 0 wstawiona nieprawidłowo
00:17:22.582 [main] INFO  sudoku.model.SudokuBoard - Bład w kwadracie 0
sudoku.model.SudokuBoard@d504137[
  size=9
  solver=sudoku.model.BacktrackingSudokuSolver@8432469
  board={{5,2,1,3,8,9,4,6,7},{3,6,9,5,4,7,8,1,2},{4,7,8,6,1,2,3,5,9},{1,5,6,2,7,8,9,3,4},{7,8,2,1,5,0,0,0,0},{0,0,0,0,0,0,0,0,0},{0,0,0,0,0,0,0,0,0},{0,0,0,0,0,0,0,0,0},{0,0,0,0,0,0,0,0,0}}
]
00:17:22.582 [main] INFO  sudoku.model.SudokuBoard - Wartość 0 wstawiona nieprawidłowo
00:17:22.582 [main] INFO  sudoku.model.SudokuBoard - Bład w kwadracie 0
sudoku.model.SudokuBoard@d504137[
  size=9
  solver=sudoku.model.BacktrackingSudokuSolver@8432469
  board={{5,2,1,3,8,9,4,6,7},{3,6,9,5,4,7,8,1,2},{4,7,8,6,1,2,3,5,9},{1,5,6,2,7,8,9,3,4},{7,8,2,1,0,0,0,0,0},{0,0,0,0,0,0,0,0,0},{0,0,0,0,0,0,0,0,0},{0,0,0,0,0,0,0,0,0},{0,0,0,0,0,0,0,0,0}}
]
00:17:22.582 [main] INFO  sudoku.model.SudokuBoard - Wartość 0 wstawiona nieprawidłowo
00:17:22.582 [main] INFO  sudoku.model.SudokuBoard - Bład w kwadracie 0
sudoku.model.SudokuBoard@d504137[
  size=9
  solver=sudoku.model.BacktrackingSudokuSolver@8432469
  board={{5,2,1,3,8,9,4,6,7},{3,6,9,5,4,7,8,1,2},{4,7,8,6,1,2,3,5,9},{1,5,6,2,7,8,9,3,4},{7,8,2,0,0,0,0,0,0},{0,0,0,0,0,0,0,0,0},{0,0,0,0,0,0,0,0,0},{0,0,0,0,0,0,0,0,0},{0,0,0,0,0,0,0,0,0}}
]
00:17:22.582 [main] INFO  sudoku.model.SudokuBoard - Wartość 0 wstawiona nieprawidłowo
00:17:22.582 [main] INFO  sudoku.model.SudokuBoard - Bład w kwadracie 0
sudoku.model.SudokuBoard@d504137[
  size=9
  solver=sudoku.model.BacktrackingSudokuSolver@8432469
  board={{5,2,1,3,8,9,4,6,7},{3,6,9,5,4,7,8,1,2},{4,7,8,6,1,2,3,5,9},{1,5,6,2,7,8,9,3,4},{7,8,2,4,6,1,0,0,0},{0,0,0,0,0,0,0,0,0},{0,0,0,0,0,0,0,0,0},{0,0,0,0,0,0,0,0,0},{0,0,0,0,0,0,0,0,0}}
]
00:17:22.582 [main] INFO  sudoku.model.SudokuBoard - Wartość 0 wstawiona nieprawidłowo
00:17:22.583 [main] INFO  sudoku.model.SudokuBoard - Bład w kwadracie 0
sudoku.model.SudokuBoard@d504137[
  size=9
  solver=sudoku.model.BacktrackingSudokuSolver@8432469
  board={{5,2,1,3,8,9,4,6,7},{3,6,9,5,4,7,8,1,2},{4,7,8,6,1,2,3,5,9},{1,5,6,2,7,8,9,3,4},{7,8,2,4,6,0,0,0,0},{0,0,0,0,0,0,0,0,0},{0,0,0,0,0,0,0,0,0},{0,0,0,0,0,0,0,0,0},{0,0,0,0,0,0,0,0,0}}
]
00:17:22.583 [main] INFO  sudoku.model.SudokuBoard - Wartość 0 wstawiona nieprawidłowo
00:17:22.584 [main] INFO  sudoku.model.SudokuBoard - Bład w kwadracie 0
sudoku.model.SudokuBoard@d504137[
  size=9
  solver=sudoku.model.BacktrackingSudokuSolver@8432469
  board={{5,2,1,3,8,9,4,6,7},{3,6,9,5,4,7,8,1,2},{4,7,8,6,1,2,3,5,9},{1,5,6,2,7,8,9,3,4},{7,8,2,4,6,3,0,0,0},{0,0,0,0,0,0,0,0,0},{0,0,0,0,0,0,0,0,0},{0,0,0,0,0,0,0,0,0},{0,0,0,0,0,0,0,0,0}}
]
00:17:22.584 [main] INFO  sudoku.model.SudokuBoard - Wartość 0 wstawiona nieprawidłowo
00:17:22.585 [main] INFO  sudoku.model.SudokuBoard - Bład w kwadracie 0
sudoku.model.SudokuBoard@d504137[
  size=9
  solver=sudoku.model.BacktrackingSudokuSolver@8432469
  board={{5,2,1,3,8,9,4,6,7},{3,6,9,5,4,7,8,1,2},{4,7,8,6,1,2,3,5,9},{1,5,6,2,7,8,9,3,4},{7,8,2,4,6,3,0,0,0},{0,0,0,0,0,0,0,0,0},{0,0,0,0,0,0,0,0,0},{0,0,0,0,0,0,0,0,0},{0,0,0,0,0,0,0,0,0}}
]
00:17:22.586 [main] INFO  sudoku.model.SudokuBoard - Wartość 0 wstawiona nieprawidłowo
00:17:22.587 [main] INFO  sudoku.model.SudokuBoard - Bład w kwadracie 0
sudoku.model.SudokuBoard@d504137[
  size=9
  solver=sudoku.model.BacktrackingSudokuSolver@8432469
  board={{5,2,1,3,8,9,4,6,7},{3,6,9,5,4,7,8,1,2},{4,7,8,6,1,2,3,5,9},{1,5,6,2,7,8,9,3,4},{7,8,2,4,6,0,0,0,0},{0,0,0,0,0,0,0,0,0},{0,0,0,0,0,0,0,0,0},{0,0,0,0,0,0,0,0,0},{0,0,0,0,0,0,0,0,0}}
]
00:17:22.587 [main] INFO  sudoku.model.SudokuBoard - Wartość 0 wstawiona nieprawidłowo
00:17:22.587 [main] INFO  sudoku.model.SudokuBoard - Bład w kwadracie 0
sudoku.model.SudokuBoard@d504137[
  size=9
  solver=sudoku.model.BacktrackingSudokuSolver@8432469
  board={{5,2,1,3,8,9,4,6,7},{3,6,9,5,4,7,8,1,2},{4,7,8,6,1,2,3,5,9},{1,5,6,2,7,8,9,3,4},{7,8,2,4,6,5,0,0,0},{0,0,0,0,0,0,0,0,0},{0,0,0,0,0,0,0,0,0},{0,0,0,0,0,0,0,0,0},{0,0,0,0,0,0,0,0,0}}
]
00:17:22.587 [main] INFO  sudoku.model.SudokuBoard - Wartość 0 wstawiona nieprawidłowo
00:17:22.587 [main] INFO  sudoku.model.SudokuBoard - Bład w kwadracie 0
sudoku.model.SudokuBoard@d504137[
  size=9
  solver=sudoku.model.BacktrackingSudokuSolver@8432469
  board={{5,2,1,3,8,9,4,6,7},{3,6,9,5,4,7,8,1,2},{4,7,8,6,1,2,3,5,9},{1,5,6,2,7,8,9,3,4},{7,8,2,4,6,0,0,0,0},{0,0,0,0,0,0,0,0,0},{0,0,0,0,0,0,0,0,0},{0,0,0,0,0,0,0,0,0},{0,0,0,0,0,0,0,0,0}}
]
00:17:22.587 [main] INFO  sudoku.model.SudokuBoard - Wartość 0 wstawiona nieprawidłowo
00:17:22.587 [main] INFO  sudoku.model.SudokuBoard - Bład w kwadracie 0
sudoku.model.SudokuBoard@d504137[
  size=9
  solver=sudoku.model.BacktrackingSudokuSolver@8432469
  board={{5,2,1,3,8,9,4,6,7},{3,6,9,5,4,7,8,1,2},{4,7,8,6,1,2,3,5,9},{1,5,6,2,7,8,9,3,4},{7,8,2,4,0,0,0,0,0},{0,0,0,0,0,0,0,0,0},{0,0,0,0,0,0,0,0,0},{0,0,0,0,0,0,0,0,0},{0,0,0,0,0,0,0,0,0}}
]
00:17:22.587 [main] INFO  sudoku.model.SudokuBoard - Wartość 0 wstawiona nieprawidłowo
00:17:22.587 [main] INFO  sudoku.model.SudokuBoard - Bład w kwadracie 0
sudoku.model.SudokuBoard@d504137[
  size=9
  solver=sudoku.model.BacktrackingSudokuSolver@8432469
  board={{5,2,1,3,8,9,4,6,7},{3,6,9,5,4,7,8,1,2},{4,7,8,6,1,2,3,5,9},{1,5,6,2,7,8,9,3,4},{7,8,2,4,9,1,0,0,0},{0,0,0,0,0,0,0,0,0},{0,0,0,0,0,0,0,0,0},{0,0,0,0,0,0,0,0,0},{0,0,0,0,0,0,0,0,0}}
]
00:17:22.587 [main] INFO  sudoku.model.SudokuBoard - Wartość 0 wstawiona nieprawidłowo
00:17:22.588 [main] INFO  sudoku.model.SudokuBoard - Bład w kwadracie 0
sudoku.model.SudokuBoard@d504137[
  size=9
  solver=sudoku.model.BacktrackingSudokuSolver@8432469
  board={{5,2,1,3,8,9,4,6,7},{3,6,9,5,4,7,8,1,2},{4,7,8,6,1,2,3,5,9},{1,5,6,2,7,8,9,3,4},{7,8,2,4,9,1,0,0,0},{0,0,0,0,0,0,0,0,0},{0,0,0,0,0,0,0,0,0},{0,0,0,0,0,0,0,0,0},{0,0,0,0,0,0,0,0,0}}
]
00:17:22.588 [main] INFO  sudoku.model.SudokuBoard - Wartość 0 wstawiona nieprawidłowo
00:17:22.595 [main] INFO  sudoku.model.SudokuBoard - Bład w kwadracie 0
sudoku.model.SudokuBoard@d504137[
  size=9
  solver=sudoku.model.BacktrackingSudokuSolver@8432469
  board={{5,2,1,3,8,9,4,6,7},{3,6,9,5,4,7,8,1,2},{4,7,8,6,1,2,3,5,9},{1,5,6,2,7,8,9,3,4},{7,8,2,4,9,0,0,0,0},{0,0,0,0,0,0,0,0,0},{0,0,0,0,0,0,0,0,0},{0,0,0,0,0,0,0,0,0},{0,0,0,0,0,0,0,0,0}}
]
00:17:22.595 [main] INFO  sudoku.model.SudokuBoard - Wartość 0 wstawiona nieprawidłowo
00:17:22.599 [main] INFO  sudoku.model.SudokuBoard - Bład w kwadracie 0
sudoku.model.SudokuBoard@d504137[
  size=9
  solver=sudoku.model.BacktrackingSudokuSolver@8432469
  board={{5,2,1,3,8,9,4,6,7},{3,6,9,5,4,7,8,1,2},{4,7,8,6,1,2,3,5,9},{1,5,6,2,7,8,9,3,4},{7,8,2,4,9,3,0,0,0},{0,0,0,0,0,0,0,0,0},{0,0,0,0,0,0,0,0,0},{0,0,0,0,0,0,0,0,0},{0,0,0,0,0,0,0,0,0}}
]
00:17:22.599 [main] INFO  sudoku.model.SudokuBoard - Wartość 0 wstawiona nieprawidłowo
00:17:22.599 [main] INFO  sudoku.model.SudokuBoard - Bład w kwadracie 0
sudoku.model.SudokuBoard@d504137[
  size=9
  solver=sudoku.model.BacktrackingSudokuSolver@8432469
  board={{5,2,1,3,8,9,4,6,7},{3,6,9,5,4,7,8,1,2},{4,7,8,6,1,2,3,5,9},{1,5,6,2,7,8,9,3,4},{7,8,2,4,9,3,0,0,0},{0,0,0,0,0,0,0,0,0},{0,0,0,0,0,0,0,0,0},{0,0,0,0,0,0,0,0,0},{0,0,0,0,0,0,0,0,0}}
]
00:17:22.599 [main] INFO  sudoku.model.SudokuBoard - Wartość 0 wstawiona nieprawidłowo
00:17:22.599 [main] INFO  sudoku.model.SudokuBoard - Bład w kwadracie 0
sudoku.model.SudokuBoard@d504137[
  size=9
  solver=sudoku.model.BacktrackingSudokuSolver@8432469
  board={{5,2,1,3,8,9,4,6,7},{3,6,9,5,4,7,8,1,2},{4,7,8,6,1,2,3,5,9},{1,5,6,2,7,8,9,3,4},{7,8,2,4,9,3,0,0,0},{0,0,0,0,0,0,0,0,0},{0,0,0,0,0,0,0,0,0},{0,0,0,0,0,0,0,0,0},{0,0,0,0,0,0,0,0,0}}
]
00:17:22.599 [main] INFO  sudoku.model.SudokuBoard - Wartość 0 wstawiona nieprawidłowo
00:17:22.599 [main] INFO  sudoku.model.SudokuBoard - Bład w kwadracie 0
sudoku.model.SudokuBoard@d504137[
  size=9
  solver=sudoku.model.BacktrackingSudokuSolver@8432469
  board={{5,2,1,3,8,9,4,6,7},{3,6,9,5,4,7,8,1,2},{4,7,8,6,1,2,3,5,9},{1,5,6,2,7,8,9,3,4},{7,8,2,4,9,0,0,0,0},{0,0,0,0,0,0,0,0,0},{0,0,0,0,0,0,0,0,0},{0,0,0,0,0,0,0,0,0},{0,0,0,0,0,0,0,0,0}}
]
00:17:22.599 [main] INFO  sudoku.model.SudokuBoard - Wartość 0 wstawiona nieprawidłowo
00:17:22.599 [main] INFO  sudoku.model.SudokuBoard - Bład w kwadracie 0
sudoku.model.SudokuBoard@d504137[
  size=9
  solver=sudoku.model.BacktrackingSudokuSolver@8432469
  board={{5,2,1,3,8,9,4,6,7},{3,6,9,5,4,7,8,1,2},{4,7,8,6,1,2,3,5,9},{1,5,6,2,7,8,9,3,4},{7,8,2,4,9,5,0,0,0},{0,0,0,0,0,0,0,0,0},{0,0,0,0,0,0,0,0,0},{0,0,0,0,0,0,0,0,0},{0,0,0,0,0,0,0,0,0}}
]
00:17:22.599 [main] INFO  sudoku.model.SudokuBoard - Wartość 0 wstawiona nieprawidłowo
00:17:22.602 [main] INFO  sudoku.model.SudokuBoard - Bład w kwadracie 0
sudoku.model.SudokuBoard@d504137[
  size=9
  solver=sudoku.model.BacktrackingSudokuSolver@8432469
  board={{5,2,1,3,8,9,4,6,7},{3,6,9,5,4,7,8,1,2},{4,7,8,6,1,2,3,5,9},{1,5,6,2,7,8,9,3,4},{7,8,2,4,9,5,0,0,0},{0,0,0,0,0,0,0,0,0},{0,0,0,0,0,0,0,0,0},{0,0,0,0,0,0,0,0,0},{0,0,0,0,0,0,0,0,0}}
]
00:17:22.602 [main] INFO  sudoku.model.SudokuBoard - Wartość 0 wstawiona nieprawidłowo
00:17:22.602 [main] INFO  sudoku.model.SudokuBoard - Bład w kwadracie 0
sudoku.model.SudokuBoard@d504137[
  size=9
  solver=sudoku.model.BacktrackingSudokuSolver@8432469
  board={{5,2,1,3,8,9,4,6,7},{3,6,9,5,4,7,8,1,2},{4,7,8,6,1,2,3,5,9},{1,5,6,2,7,8,9,3,4},{7,8,2,4,9,0,0,0,0},{0,0,0,0,0,0,0,0,0},{0,0,0,0,0,0,0,0,0},{0,0,0,0,0,0,0,0,0},{0,0,0,0,0,0,0,0,0}}
]
00:17:22.602 [main] INFO  sudoku.model.SudokuBoard - Wartość 0 wstawiona nieprawidłowo
00:17:22.602 [main] INFO  sudoku.model.SudokuBoard - Bład w kwadracie 0
sudoku.model.SudokuBoard@d504137[
  size=9
  solver=sudoku.model.BacktrackingSudokuSolver@8432469
  board={{5,2,1,3,8,9,4,6,7},{3,6,9,5,4,7,8,1,2},{4,7,8,6,1,2,3,5,9},{1,5,6,2,7,8,9,3,4},{7,8,2,4,9,6,0,0,0},{0,0,0,0,0,0,0,0,0},{0,0,0,0,0,0,0,0,0},{0,0,0,0,0,0,0,0,0},{0,0,0,0,0,0,0,0,0}}
]
00:17:22.602 [main] INFO  sudoku.model.SudokuBoard - Wartość 0 wstawiona nieprawidłowo
00:17:22.603 [main] INFO  sudoku.model.SudokuBoard - Bład w kwadracie 0
sudoku.model.SudokuBoard@d504137[
  size=9
  solver=sudoku.model.BacktrackingSudokuSolver@8432469
  board={{5,2,1,3,8,9,4,6,7},{3,6,9,5,4,7,8,1,2},{4,7,8,6,1,2,3,5,9},{1,5,6,2,7,8,9,3,4},{7,8,2,4,9,6,0,0,0},{0,0,0,0,0,0,0,0,0},{0,0,0,0,0,0,0,0,0},{0,0,0,0,0,0,0,0,0},{0,0,0,0,0,0,0,0,0}}
]
00:17:22.603 [main] INFO  sudoku.model.SudokuBoard - Wartość 0 wstawiona nieprawidłowo
00:17:22.603 [main] INFO  sudoku.model.SudokuBoard - Bład w kwadracie 0
sudoku.model.SudokuBoard@d504137[
  size=9
  solver=sudoku.model.BacktrackingSudokuSolver@8432469
  board={{5,2,1,3,8,9,4,6,7},{3,6,9,5,4,7,8,1,2},{4,7,8,6,1,2,3,5,9},{1,5,6,2,7,8,9,3,4},{7,8,2,4,9,0,0,0,0},{0,0,0,0,0,0,0,0,0},{0,0,0,0,0,0,0,0,0},{0,0,0,0,0,0,0,0,0},{0,0,0,0,0,0,0,0,0}}
]
00:17:22.603 [main] INFO  sudoku.model.SudokuBoard - Wartość 0 wstawiona nieprawidłowo
00:17:22.604 [main] INFO  sudoku.model.SudokuBoard - Bład w kwadracie 0
sudoku.model.SudokuBoard@d504137[
  size=9
  solver=sudoku.model.BacktrackingSudokuSolver@8432469
  board={{5,2,1,3,8,9,4,6,7},{3,6,9,5,4,7,8,1,2},{4,7,8,6,1,2,3,5,9},{1,5,6,2,7,8,9,3,4},{7,8,2,4,0,0,0,0,0},{0,0,0,0,0,0,0,0,0},{0,0,0,0,0,0,0,0,0},{0,0,0,0,0,0,0,0,0},{0,0,0,0,0,0,0,0,0}}
]
00:17:22.604 [main] INFO  sudoku.model.SudokuBoard - Wartość 0 wstawiona nieprawidłowo
00:17:22.604 [main] INFO  sudoku.model.SudokuBoard - Bład w kwadracie 0
sudoku.model.SudokuBoard@d504137[
  size=9
  solver=sudoku.model.BacktrackingSudokuSolver@8432469
  board={{5,2,1,3,8,9,4,6,7},{3,6,9,5,4,7,8,1,2},{4,7,8,6,1,2,3,5,9},{1,5,6,2,7,8,9,3,4},{7,8,2,4,3,5,0,0,0},{0,0,0,0,0,0,0,0,0},{0,0,0,0,0,0,0,0,0},{0,0,0,0,0,0,0,0,0},{0,0,0,0,0,0,0,0,0}}
]
00:17:22.604 [main] INFO  sudoku.model.SudokuBoard - Wartość 0 wstawiona nieprawidłowo
00:17:22.604 [main] INFO  sudoku.model.SudokuBoard - Bład w kwadracie 0
sudoku.model.SudokuBoard@d504137[
  size=9
  solver=sudoku.model.BacktrackingSudokuSolver@8432469
  board={{5,2,1,3,8,9,4,6,7},{3,6,9,5,4,7,8,1,2},{4,7,8,6,1,2,3,5,9},{1,5,6,2,7,8,9,3,4},{7,8,2,4,3,5,0,0,0},{0,0,0,0,0,0,0,0,0},{0,0,0,0,0,0,0,0,0},{0,0,0,0,0,0,0,0,0},{0,0,0,0,0,0,0,0,0}}
]
00:17:22.604 [main] INFO  sudoku.model.SudokuBoard - Wartość 0 wstawiona nieprawidłowo
00:17:22.604 [main] INFO  sudoku.model.SudokuBoard - Bład w kwadracie 0
sudoku.model.SudokuBoard@d504137[
  size=9
  solver=sudoku.model.BacktrackingSudokuSolver@8432469
  board={{5,2,1,3,8,9,4,6,7},{3,6,9,5,4,7,8,1,2},{4,7,8,6,1,2,3,5,9},{1,5,6,2,7,8,9,3,4},{7,8,2,4,3,0,0,0,0},{0,0,0,0,0,0,0,0,0},{0,0,0,0,0,0,0,0,0},{0,0,0,0,0,0,0,0,0},{0,0,0,0,0,0,0,0,0}}
]
00:17:22.604 [main] INFO  sudoku.model.SudokuBoard - Wartość 0 wstawiona nieprawidłowo
00:17:22.604 [main] INFO  sudoku.model.SudokuBoard - Bład w kwadracie 0
sudoku.model.SudokuBoard@d504137[
  size=9
  solver=sudoku.model.BacktrackingSudokuSolver@8432469
  board={{5,2,1,3,8,9,4,6,7},{3,6,9,5,4,7,8,1,2},{4,7,8,6,1,2,3,5,9},{1,5,6,2,7,8,9,3,4},{7,8,2,4,3,6,0,0,0},{0,0,0,0,0,0,0,0,0},{0,0,0,0,0,0,0,0,0},{0,0,0,0,0,0,0,0,0},{0,0,0,0,0,0,0,0,0}}
]
00:17:22.604 [main] INFO  sudoku.model.SudokuBoard - Wartość 0 wstawiona nieprawidłowo
00:17:22.605 [main] INFO  sudoku.model.SudokuBoard - Bład w kwadracie 0
sudoku.model.SudokuBoard@d504137[
  size=9
  solver=sudoku.model.BacktrackingSudokuSolver@8432469
  board={{5,2,1,3,8,9,4,6,7},{3,6,9,5,4,7,8,1,2},{4,7,8,6,1,2,3,5,9},{1,5,6,2,7,8,9,3,4},{7,8,2,4,3,6,0,0,0},{0,0,0,0,0,0,0,0,0},{0,0,0,0,0,0,0,0,0},{0,0,0,0,0,0,0,0,0},{0,0,0,0,0,0,0,0,0}}
]
00:17:22.605 [main] INFO  sudoku.model.SudokuBoard - Wartość 0 wstawiona nieprawidłowo
00:17:22.605 [main] INFO  sudoku.model.SudokuBoard - Bład w kwadracie 0
sudoku.model.SudokuBoard@d504137[
  size=9
  solver=sudoku.model.BacktrackingSudokuSolver@8432469
  board={{5,2,1,3,8,9,4,6,7},{3,6,9,5,4,7,8,1,2},{4,7,8,6,1,2,3,5,9},{1,5,6,2,7,8,9,3,4},{7,8,2,4,3,0,0,0,0},{0,0,0,0,0,0,0,0,0},{0,0,0,0,0,0,0,0,0},{0,0,0,0,0,0,0,0,0},{0,0,0,0,0,0,0,0,0}}
]
00:17:22.605 [main] INFO  sudoku.model.SudokuBoard - Wartość 0 wstawiona nieprawidłowo
00:17:22.605 [main] INFO  sudoku.model.SudokuBoard - Bład w kwadracie 0
sudoku.model.SudokuBoard@d504137[
  size=9
  solver=sudoku.model.BacktrackingSudokuSolver@8432469
  board={{5,2,1,3,8,9,4,6,7},{3,6,9,5,4,7,8,1,2},{4,7,8,6,1,2,3,5,9},{1,5,6,2,7,8,9,3,4},{7,8,2,4,3,1,0,0,0},{0,0,0,0,0,0,0,0,0},{0,0,0,0,0,0,0,0,0},{0,0,0,0,0,0,0,0,0},{0,0,0,0,0,0,0,0,0}}
]
00:17:22.605 [main] INFO  sudoku.model.SudokuBoard - Wartość 0 wstawiona nieprawidłowo
00:17:22.605 [main] INFO  sudoku.model.SudokuBoard - Bład w kwadracie 0
sudoku.model.SudokuBoard@d504137[
  size=9
  solver=sudoku.model.BacktrackingSudokuSolver@8432469
  board={{5,2,1,3,8,9,4,6,7},{3,6,9,5,4,7,8,1,2},{4,7,8,6,1,2,3,5,9},{1,5,6,2,7,8,9,3,4},{7,8,2,4,3,1,0,0,0},{0,0,0,0,0,0,0,0,0},{0,0,0,0,0,0,0,0,0},{0,0,0,0,0,0,0,0,0},{0,0,0,0,0,0,0,0,0}}
]
00:17:22.605 [main] INFO  sudoku.model.SudokuBoard - Wartość 0 wstawiona nieprawidłowo
00:17:22.605 [main] INFO  sudoku.model.SudokuBoard - Bład w kwadracie 0
sudoku.model.SudokuBoard@d504137[
  size=9
  solver=sudoku.model.BacktrackingSudokuSolver@8432469
  board={{5,2,1,3,8,9,4,6,7},{3,6,9,5,4,7,8,1,2},{4,7,8,6,1,2,3,5,9},{1,5,6,2,7,8,9,3,4},{7,8,2,4,3,0,0,0,0},{0,0,0,0,0,0,0,0,0},{0,0,0,0,0,0,0,0,0},{0,0,0,0,0,0,0,0,0},{0,0,0,0,0,0,0,0,0}}
]
00:17:22.605 [main] INFO  sudoku.model.SudokuBoard - Wartość 0 wstawiona nieprawidłowo
00:17:22.606 [main] INFO  sudoku.model.SudokuBoard - Bład w kwadracie 0
sudoku.model.SudokuBoard@d504137[
  size=9
  solver=sudoku.model.BacktrackingSudokuSolver@8432469
  board={{5,2,1,3,8,9,4,6,7},{3,6,9,5,4,7,8,1,2},{4,7,8,6,1,2,3,5,9},{1,5,6,2,7,8,9,3,4},{7,8,2,4,0,0,0,0,0},{0,0,0,0,0,0,0,0,0},{0,0,0,0,0,0,0,0,0},{0,0,0,0,0,0,0,0,0},{0,0,0,0,0,0,0,0,0}}
]
00:17:22.606 [main] INFO  sudoku.model.SudokuBoard - Wartość 0 wstawiona nieprawidłowo
00:17:22.606 [main] INFO  sudoku.model.SudokuBoard - Bład w kwadracie 0
sudoku.model.SudokuBoard@d504137[
  size=9
  solver=sudoku.model.BacktrackingSudokuSolver@8432469
  board={{5,2,1,3,8,9,4,6,7},{3,6,9,5,4,7,8,1,2},{4,7,8,6,1,2,3,5,9},{1,5,6,2,7,8,9,3,4},{7,8,2,4,5,1,0,0,0},{0,0,0,0,0,0,0,0,0},{0,0,0,0,0,0,0,0,0},{0,0,0,0,0,0,0,0,0},{0,0,0,0,0,0,0,0,0}}
]
00:17:22.606 [main] INFO  sudoku.model.SudokuBoard - Wartość 0 wstawiona nieprawidłowo
00:17:22.606 [main] INFO  sudoku.model.SudokuBoard - Bład w kwadracie 0
sudoku.model.SudokuBoard@d504137[
  size=9
  solver=sudoku.model.BacktrackingSudokuSolver@8432469
  board={{5,2,1,3,8,9,4,6,7},{3,6,9,5,4,7,8,1,2},{4,7,8,6,1,2,3,5,9},{1,5,6,2,7,8,9,3,4},{7,8,2,4,5,0,0,0,0},{0,0,0,0,0,0,0,0,0},{0,0,0,0,0,0,0,0,0},{0,0,0,0,0,0,0,0,0},{0,0,0,0,0,0,0,0,0}}
]
00:17:22.606 [main] INFO  sudoku.model.SudokuBoard - Wartość 0 wstawiona nieprawidłowo
00:17:22.607 [main] INFO  sudoku.model.SudokuBoard - Bład w kwadracie 0
sudoku.model.SudokuBoard@d504137[
  size=9
  solver=sudoku.model.BacktrackingSudokuSolver@8432469
  board={{5,2,1,3,8,9,4,6,7},{3,6,9,5,4,7,8,1,2},{4,7,8,6,1,2,3,5,9},{1,5,6,2,7,8,9,3,4},{7,8,2,4,5,3,0,0,0},{0,0,0,0,0,0,0,0,0},{0,0,0,0,0,0,0,0,0},{0,0,0,0,0,0,0,0,0},{0,0,0,0,0,0,0,0,0}}
]
00:17:22.607 [main] INFO  sudoku.model.SudokuBoard - Wartość 0 wstawiona nieprawidłowo
00:17:22.607 [main] INFO  sudoku.model.SudokuBoard - Bład w kwadracie 0
sudoku.model.SudokuBoard@d504137[
  size=9
  solver=sudoku.model.BacktrackingSudokuSolver@8432469
  board={{5,2,1,3,8,9,4,6,7},{3,6,9,5,4,7,8,1,2},{4,7,8,6,1,2,3,5,9},{1,5,6,2,7,8,9,3,4},{7,8,2,4,5,3,0,0,0},{0,0,0,0,0,0,0,0,0},{0,0,0,0,0,0,0,0,0},{0,0,0,0,0,0,0,0,0},{0,0,0,0,0,0,0,0,0}}
]
00:17:22.607 [main] INFO  sudoku.model.SudokuBoard - Wartość 0 wstawiona nieprawidłowo
00:17:22.607 [main] INFO  sudoku.model.SudokuBoard - Bład w kwadracie 0
sudoku.model.SudokuBoard@d504137[
  size=9
  solver=sudoku.model.BacktrackingSudokuSolver@8432469
  board={{5,2,1,3,8,9,4,6,7},{3,6,9,5,4,7,8,1,2},{4,7,8,6,1,2,3,5,9},{1,5,6,2,7,8,9,3,4},{7,8,2,4,5,0,0,0,0},{0,0,0,0,0,0,0,0,0},{0,0,0,0,0,0,0,0,0},{0,0,0,0,0,0,0,0,0},{0,0,0,0,0,0,0,0,0}}
]
00:17:22.607 [main] INFO  sudoku.model.SudokuBoard - Wartość 0 wstawiona nieprawidłowo
00:17:22.607 [main] INFO  sudoku.model.SudokuBoard - Bład w kwadracie 0
sudoku.model.SudokuBoard@d504137[
  size=9
  solver=sudoku.model.BacktrackingSudokuSolver@8432469
  board={{5,2,1,3,8,9,4,6,7},{3,6,9,5,4,7,8,1,2},{4,7,8,6,1,2,3,5,9},{1,5,6,2,7,8,9,3,4},{7,8,2,4,5,6,0,0,0},{0,0,0,0,0,0,0,0,0},{0,0,0,0,0,0,0,0,0},{0,0,0,0,0,0,0,0,0},{0,0,0,0,0,0,0,0,0}}
]
00:17:22.607 [main] INFO  sudoku.model.SudokuBoard - Wartość 0 wstawiona nieprawidłowo
00:17:22.607 [main] INFO  sudoku.model.SudokuBoard - Bład w kwadracie 0
sudoku.model.SudokuBoard@d504137[
  size=9
  solver=sudoku.model.BacktrackingSudokuSolver@8432469
  board={{5,2,1,3,8,9,4,6,7},{3,6,9,5,4,7,8,1,2},{4,7,8,6,1,2,3,5,9},{1,5,6,2,7,8,9,3,4},{7,8,2,4,5,0,0,0,0},{0,0,0,0,0,0,0,0,0},{0,0,0,0,0,0,0,0,0},{0,0,0,0,0,0,0,0,0},{0,0,0,0,0,0,0,0,0}}
]
00:17:22.607 [main] INFO  sudoku.model.SudokuBoard - Wartość 0 wstawiona nieprawidłowo
00:17:22.607 [main] INFO  sudoku.model.SudokuBoard - Bład w kwadracie 0
sudoku.model.SudokuBoard@d504137[
  size=9
  solver=sudoku.model.BacktrackingSudokuSolver@8432469
  board={{5,2,1,3,8,9,4,6,7},{3,6,9,5,4,7,8,1,2},{4,7,8,6,1,2,3,5,9},{1,5,6,2,7,8,9,3,4},{7,8,2,4,0,0,0,0,0},{0,0,0,0,0,0,0,0,0},{0,0,0,0,0,0,0,0,0},{0,0,0,0,0,0,0,0,0},{0,0,0,0,0,0,0,0,0}}
]
00:17:22.607 [main] INFO  sudoku.model.SudokuBoard - Wartość 0 wstawiona nieprawidłowo
00:17:22.607 [main] INFO  sudoku.model.SudokuBoard - Bład w kwadracie 0
sudoku.model.SudokuBoard@d504137[
  size=9
  solver=sudoku.model.BacktrackingSudokuSolver@8432469
  board={{5,2,1,3,8,9,4,6,7},{3,6,9,5,4,7,8,1,2},{4,7,8,6,1,2,3,5,9},{1,5,6,2,7,8,9,3,4},{7,8,2,0,0,0,0,0,0},{0,0,0,0,0,0,0,0,0},{0,0,0,0,0,0,0,0,0},{0,0,0,0,0,0,0,0,0},{0,0,0,0,0,0,0,0,0}}
]
00:17:22.607 [main] INFO  sudoku.model.SudokuBoard - Wartość 0 wstawiona nieprawidłowo
00:17:22.607 [main] INFO  sudoku.model.SudokuBoard - Bład w kwadracie 0
sudoku.model.SudokuBoard@d504137[
  size=9
  solver=sudoku.model.BacktrackingSudokuSolver@8432469
  board={{5,2,1,3,8,9,4,6,7},{3,6,9,5,4,7,8,1,2},{4,7,8,6,1,2,3,5,9},{1,5,6,2,7,8,9,3,4},{7,8,0,0,0,0,0,0,0},{0,0,0,0,0,0,0,0,0},{0,0,0,0,0,0,0,0,0},{0,0,0,0,0,0,0,0,0},{0,0,0,0,0,0,0,0,0}}
]
00:17:22.607 [main] INFO  sudoku.model.SudokuBoard - Wartość 0 wstawiona nieprawidłowo
00:17:22.608 [main] INFO  sudoku.model.SudokuBoard - Bład w kwadracie 0
sudoku.model.SudokuBoard@d504137[
  size=9
  solver=sudoku.model.BacktrackingSudokuSolver@8432469
  board={{5,2,1,3,8,9,4,6,7},{3,6,9,5,4,7,8,1,2},{4,7,8,6,1,2,3,5,9},{1,5,6,2,7,8,9,3,4},{7,8,3,9,5,4,0,0,0},{0,0,0,0,0,0,0,0,0},{0,0,0,0,0,0,0,0,0},{0,0,0,0,0,0,0,0,0},{0,0,0,0,0,0,0,0,0}}
]
00:17:22.608 [main] INFO  sudoku.model.SudokuBoard - Wartość 0 wstawiona nieprawidłowo
00:17:22.608 [main] INFO  sudoku.model.SudokuBoard - Bład w kwadracie 0
sudoku.model.SudokuBoard@d504137[
  size=9
  solver=sudoku.model.BacktrackingSudokuSolver@8432469
  board={{5,2,1,3,8,9,4,6,7},{3,6,9,5,4,7,8,1,2},{4,7,8,6,1,2,3,5,9},{1,5,6,2,7,8,9,3,4},{7,8,3,9,5,4,6,2,1},{2,9,4,1,3,6,5,7,8},{8,3,5,4,9,1,0,0,0},{0,0,0,0,0,0,0,0,0},{0,0,0,0,0,0,0,0,0}}
]
00:17:22.608 [main] INFO  sudoku.model.SudokuBoard - Wartość 0 wstawiona nieprawidłowo
00:17:22.608 [main] INFO  sudoku.model.SudokuBoard - Bład w kwadracie 0
sudoku.model.SudokuBoard@d504137[
  size=9
  solver=sudoku.model.BacktrackingSudokuSolver@8432469
  board={{5,2,1,3,8,9,4,6,7},{3,6,9,5,4,7,8,1,2},{4,7,8,6,1,2,3,5,9},{1,5,6,2,7,8,9,3,4},{7,8,3,9,5,4,6,2,1},{2,9,4,1,3,6,5,7,8},{8,3,5,4,9,1,0,0,0},{0,0,0,0,0,0,0,0,0},{0,0,0,0,0,0,0,0,0}}
]
00:17:22.608 [main] INFO  sudoku.model.SudokuBoard - Wartość 0 wstawiona nieprawidłowo
00:17:22.608 [main] INFO  sudoku.model.SudokuBoard - Bład w kwadracie 0
sudoku.model.SudokuBoard@d504137[
  size=9
  solver=sudoku.model.BacktrackingSudokuSolver@8432469
  board={{5,2,1,3,8,9,4,6,7},{3,6,9,5,4,7,8,1,2},{4,7,8,6,1,2,3,5,9},{1,5,6,2,7,8,9,3,4},{7,8,3,9,5,4,6,2,1},{2,9,4,1,3,6,5,7,8},{8,3,5,4,9,0,0,0,0},{0,0,0,0,0,0,0,0,0},{0,0,0,0,0,0,0,0,0}}
]
00:17:22.608 [main] INFO  sudoku.model.SudokuBoard - Wartość 0 wstawiona nieprawidłowo
00:17:22.608 [main] INFO  sudoku.model.SudokuBoard - Bład w kwadracie 0
sudoku.model.SudokuBoard@d504137[
  size=9
  solver=sudoku.model.BacktrackingSudokuSolver@8432469
  board={{5,2,1,3,8,9,4,6,7},{3,6,9,5,4,7,8,1,2},{4,7,8,6,1,2,3,5,9},{1,5,6,2,7,8,9,3,4},{7,8,3,9,5,4,6,2,1},{2,9,4,1,3,6,5,7,8},{8,3,5,4,0,0,0,0,0},{0,0,0,0,0,0,0,0,0},{0,0,0,0,0,0,0,0,0}}
]
00:17:22.608 [main] INFO  sudoku.model.SudokuBoard - Wartość 0 wstawiona nieprawidłowo
]]></system-out>
  </testcase>
  <testcase name="repeatFillBoardTest" classname="sudoku.model.SudokuBoardTest" time="0.033">
    <system-out><![CDATA[00:17:22.610 [main] INFO  sudoku.model.SudokuBoard - Bład w kwadracie 0
sudoku.model.SudokuBoard@628ba266[
  size=9
  solver=sudoku.model.BacktrackingSudokuSolver@1231a1be
  board={{2,3,7,5,4,6,8,9,1},{1,6,8,7,9,3,2,4,5},{9,4,5,8,1,2,3,7,6},{3,5,9,1,6,7,4,8,2},{7,8,6,9,2,4,1,0,0},{0,0,0,0,0,0,0,0,0},{0,0,0,0,0,0,0,0,0},{0,0,0,0,0,0,0,0,0},{0,0,0,0,0,0,0,0,0}}
]
00:17:22.610 [main] INFO  sudoku.model.SudokuBoard - Wartość 0 wstawiona nieprawidłowo
00:17:22.610 [main] INFO  sudoku.model.SudokuBoard - Bład w kwadracie 0
sudoku.model.SudokuBoard@628ba266[
  size=9
  solver=sudoku.model.BacktrackingSudokuSolver@1231a1be
  board={{2,3,7,5,4,6,8,9,1},{1,6,8,7,9,3,2,4,5},{9,4,5,8,1,2,3,7,6},{3,5,9,1,6,7,4,8,2},{7,8,6,9,2,4,1,5,3},{4,1,2,3,8,5,0,0,0},{0,0,0,0,0,0,0,0,0},{0,0,0,0,0,0,0,0,0},{0,0,0,0,0,0,0,0,0}}
]
00:17:22.610 [main] INFO  sudoku.model.SudokuBoard - Wartość 0 wstawiona nieprawidłowo
00:17:22.611 [main] INFO  sudoku.model.SudokuBoard - Bład w kwadracie 0
sudoku.model.SudokuBoard@628ba266[
  size=9
  solver=sudoku.model.BacktrackingSudokuSolver@1231a1be
  board={{2,3,7,5,4,6,8,9,1},{1,6,8,7,9,3,2,4,5},{9,4,5,8,1,2,3,7,6},{3,5,9,1,6,7,4,8,2},{7,8,6,9,2,4,1,5,3},{4,1,2,3,8,5,7,6,9},{5,9,4,2,3,8,6,1,7},{8,7,3,6,5,0,0,0,0},{0,0,0,0,0,0,0,0,0}}
]
00:17:22.611 [main] INFO  sudoku.model.SudokuBoard - Wartość 0 wstawiona nieprawidłowo
00:17:22.611 [main] INFO  sudoku.model.SudokuBoard - Bład w kwadracie 0
sudoku.model.SudokuBoard@6ad6ae45[
  size=9
  solver=sudoku.model.BacktrackingSudokuSolver@1231a1be
  board={{5,9,4,2,6,1,3,7,8},{1,2,3,4,5,7,6,0,0},{0,0,0,0,0,0,0,0,0},{0,0,0,0,0,0,0,0,0},{0,0,0,0,0,0,0,0,0},{0,0,0,0,0,0,0,0,0},{0,0,0,0,0,0,0,0,0},{0,0,0,0,0,0,0,0,0},{0,0,0,0,0,0,0,0,0}}
]
00:17:22.611 [main] INFO  sudoku.model.SudokuBoard - Wartość 0 wstawiona nieprawidłowo
00:17:22.611 [main] INFO  sudoku.model.SudokuBoard - Bład w kwadracie 0
sudoku.model.SudokuBoard@6ad6ae45[
  size=9
  solver=sudoku.model.BacktrackingSudokuSolver@1231a1be
  board={{5,9,4,2,6,1,3,7,8},{1,2,3,4,5,7,0,0,0},{0,0,0,0,0,0,0,0,0},{0,0,0,0,0,0,0,0,0},{0,0,0,0,0,0,0,0,0},{0,0,0,0,0,0,0,0,0},{0,0,0,0,0,0,0,0,0},{0,0,0,0,0,0,0,0,0},{0,0,0,0,0,0,0,0,0}}
]
00:17:22.611 [main] INFO  sudoku.model.SudokuBoard - Wartość 0 wstawiona nieprawidłowo
00:17:22.611 [main] INFO  sudoku.model.SudokuBoard - Bład w kwadracie 0
sudoku.model.SudokuBoard@6ad6ae45[
  size=9
  solver=sudoku.model.BacktrackingSudokuSolver@1231a1be
  board={{5,9,4,2,6,1,3,7,8},{1,2,3,4,5,7,9,0,0},{0,0,0,0,0,0,0,0,0},{0,0,0,0,0,0,0,0,0},{0,0,0,0,0,0,0,0,0},{0,0,0,0,0,0,0,0,0},{0,0,0,0,0,0,0,0,0},{0,0,0,0,0,0,0,0,0},{0,0,0,0,0,0,0,0,0}}
]
00:17:22.611 [main] INFO  sudoku.model.SudokuBoard - Wartość 0 wstawiona nieprawidłowo
00:17:22.611 [main] INFO  sudoku.model.SudokuBoard - Bład w kwadracie 0
sudoku.model.SudokuBoard@6ad6ae45[
  size=9
  solver=sudoku.model.BacktrackingSudokuSolver@1231a1be
  board={{5,9,4,2,6,1,3,7,8},{1,2,3,4,5,7,0,0,0},{0,0,0,0,0,0,0,0,0},{0,0,0,0,0,0,0,0,0},{0,0,0,0,0,0,0,0,0},{0,0,0,0,0,0,0,0,0},{0,0,0,0,0,0,0,0,0},{0,0,0,0,0,0,0,0,0},{0,0,0,0,0,0,0,0,0}}
]
00:17:22.611 [main] INFO  sudoku.model.SudokuBoard - Wartość 0 wstawiona nieprawidłowo
00:17:22.611 [main] INFO  sudoku.model.SudokuBoard - Bład w kwadracie 0
sudoku.model.SudokuBoard@6ad6ae45[
  size=9
  solver=sudoku.model.BacktrackingSudokuSolver@1231a1be
  board={{5,9,4,2,6,1,3,7,8},{1,2,3,4,5,0,0,0,0},{0,0,0,0,0,0,0,0,0},{0,0,0,0,0,0,0,0,0},{0,0,0,0,0,0,0,0,0},{0,0,0,0,0,0,0,0,0},{0,0,0,0,0,0,0,0,0},{0,0,0,0,0,0,0,0,0},{0,0,0,0,0,0,0,0,0}}
]
00:17:22.611 [main] INFO  sudoku.model.SudokuBoard - Wartość 0 wstawiona nieprawidłowo
00:17:22.612 [main] INFO  sudoku.model.SudokuBoard - Bład w kwadracie 0
sudoku.model.SudokuBoard@6ad6ae45[
  size=9
  solver=sudoku.model.BacktrackingSudokuSolver@1231a1be
  board={{5,9,4,2,6,1,3,7,8},{1,2,3,4,5,8,6,0,0},{0,0,0,0,0,0,0,0,0},{0,0,0,0,0,0,0,0,0},{0,0,0,0,0,0,0,0,0},{0,0,0,0,0,0,0,0,0},{0,0,0,0,0,0,0,0,0},{0,0,0,0,0,0,0,0,0},{0,0,0,0,0,0,0,0,0}}
]
00:17:22.612 [main] INFO  sudoku.model.SudokuBoard - Wartość 0 wstawiona nieprawidłowo
00:17:22.612 [main] INFO  sudoku.model.SudokuBoard - Bład w kwadracie 0
sudoku.model.SudokuBoard@6ad6ae45[
  size=9
  solver=sudoku.model.BacktrackingSudokuSolver@1231a1be
  board={{5,9,4,2,6,1,3,7,8},{1,2,3,4,5,8,0,0,0},{0,0,0,0,0,0,0,0,0},{0,0,0,0,0,0,0,0,0},{0,0,0,0,0,0,0,0,0},{0,0,0,0,0,0,0,0,0},{0,0,0,0,0,0,0,0,0},{0,0,0,0,0,0,0,0,0},{0,0,0,0,0,0,0,0,0}}
]
00:17:22.612 [main] INFO  sudoku.model.SudokuBoard - Wartość 0 wstawiona nieprawidłowo
00:17:22.612 [main] INFO  sudoku.model.SudokuBoard - Bład w kwadracie 0
sudoku.model.SudokuBoard@6ad6ae45[
  size=9
  solver=sudoku.model.BacktrackingSudokuSolver@1231a1be
  board={{5,9,4,2,6,1,3,7,8},{1,2,3,4,5,8,9,0,0},{0,0,0,0,0,0,0,0,0},{0,0,0,0,0,0,0,0,0},{0,0,0,0,0,0,0,0,0},{0,0,0,0,0,0,0,0,0},{0,0,0,0,0,0,0,0,0},{0,0,0,0,0,0,0,0,0},{0,0,0,0,0,0,0,0,0}}
]
00:17:22.612 [main] INFO  sudoku.model.SudokuBoard - Wartość 0 wstawiona nieprawidłowo
00:17:22.612 [main] INFO  sudoku.model.SudokuBoard - Bład w kwadracie 0
sudoku.model.SudokuBoard@6ad6ae45[
  size=9
  solver=sudoku.model.BacktrackingSudokuSolver@1231a1be
  board={{5,9,4,2,6,1,3,7,8},{1,2,3,4,5,8,0,0,0},{0,0,0,0,0,0,0,0,0},{0,0,0,0,0,0,0,0,0},{0,0,0,0,0,0,0,0,0},{0,0,0,0,0,0,0,0,0},{0,0,0,0,0,0,0,0,0},{0,0,0,0,0,0,0,0,0},{0,0,0,0,0,0,0,0,0}}
]
00:17:22.612 [main] INFO  sudoku.model.SudokuBoard - Wartość 0 wstawiona nieprawidłowo
00:17:22.612 [main] INFO  sudoku.model.SudokuBoard - Bład w kwadracie 0
sudoku.model.SudokuBoard@6ad6ae45[
  size=9
  solver=sudoku.model.BacktrackingSudokuSolver@1231a1be
  board={{5,9,4,2,6,1,3,7,8},{1,2,3,4,5,0,0,0,0},{0,0,0,0,0,0,0,0,0},{0,0,0,0,0,0,0,0,0},{0,0,0,0,0,0,0,0,0},{0,0,0,0,0,0,0,0,0},{0,0,0,0,0,0,0,0,0},{0,0,0,0,0,0,0,0,0},{0,0,0,0,0,0,0,0,0}}
]
00:17:22.612 [main] INFO  sudoku.model.SudokuBoard - Wartość 0 wstawiona nieprawidłowo
00:17:22.612 [main] INFO  sudoku.model.SudokuBoard - Bład w kwadracie 0
sudoku.model.SudokuBoard@6ad6ae45[
  size=9
  solver=sudoku.model.BacktrackingSudokuSolver@1231a1be
  board={{5,9,4,2,6,1,3,7,8},{1,2,3,4,5,9,0,0,0},{0,0,0,0,0,0,0,0,0},{0,0,0,0,0,0,0,0,0},{0,0,0,0,0,0,0,0,0},{0,0,0,0,0,0,0,0,0},{0,0,0,0,0,0,0,0,0},{0,0,0,0,0,0,0,0,0},{0,0,0,0,0,0,0,0,0}}
]
00:17:22.612 [main] INFO  sudoku.model.SudokuBoard - Wartość 0 wstawiona nieprawidłowo
00:17:22.612 [main] INFO  sudoku.model.SudokuBoard - Bład w kwadracie 0
sudoku.model.SudokuBoard@6ad6ae45[
  size=9
  solver=sudoku.model.BacktrackingSudokuSolver@1231a1be
  board={{5,9,4,2,6,1,3,7,8},{1,2,3,4,5,0,0,0,0},{0,0,0,0,0,0,0,0,0},{0,0,0,0,0,0,0,0,0},{0,0,0,0,0,0,0,0,0},{0,0,0,0,0,0,0,0,0},{0,0,0,0,0,0,0,0,0},{0,0,0,0,0,0,0,0,0},{0,0,0,0,0,0,0,0,0}}
]
00:17:22.612 [main] INFO  sudoku.model.SudokuBoard - Wartość 0 wstawiona nieprawidłowo
00:17:22.613 [main] INFO  sudoku.model.SudokuBoard - Bład w kwadracie 0
sudoku.model.SudokuBoard@6ad6ae45[
  size=9
  solver=sudoku.model.BacktrackingSudokuSolver@1231a1be
  board={{5,9,4,2,6,1,3,7,8},{1,2,3,4,0,0,0,0,0},{0,0,0,0,0,0,0,0,0},{0,0,0,0,0,0,0,0,0},{0,0,0,0,0,0,0,0,0},{0,0,0,0,0,0,0,0,0},{0,0,0,0,0,0,0,0,0},{0,0,0,0,0,0,0,0,0},{0,0,0,0,0,0,0,0,0}}
]
00:17:22.613 [main] INFO  sudoku.model.SudokuBoard - Wartość 0 wstawiona nieprawidłowo
00:17:22.613 [main] INFO  sudoku.model.SudokuBoard - Bład w kwadracie 0
sudoku.model.SudokuBoard@6ad6ae45[
  size=9
  solver=sudoku.model.BacktrackingSudokuSolver@1231a1be
  board={{5,9,4,2,6,1,3,7,8},{1,2,3,4,7,8,5,9,6},{8,6,7,9,5,3,1,4,2},{7,3,8,5,9,2,4,0,0},{0,0,0,0,0,0,0,0,0},{0,0,0,0,0,0,0,0,0},{0,0,0,0,0,0,0,0,0},{0,0,0,0,0,0,0,0,0},{0,0,0,0,0,0,0,0,0}}
]
00:17:22.613 [main] INFO  sudoku.model.SudokuBoard - Wartość 0 wstawiona nieprawidłowo
00:17:22.613 [main] INFO  sudoku.model.SudokuBoard - Bład w kwadracie 0
sudoku.model.SudokuBoard@6ad6ae45[
  size=9
  solver=sudoku.model.BacktrackingSudokuSolver@1231a1be
  board={{5,9,4,2,6,1,3,7,8},{1,2,3,4,7,8,5,9,6},{8,6,7,9,5,3,1,4,2},{7,3,8,5,9,2,4,6,1},{4,1,5,3,8,6,0,0,0},{0,0,0,0,0,0,0,0,0},{0,0,0,0,0,0,0,0,0},{0,0,0,0,0,0,0,0,0},{0,0,0,0,0,0,0,0,0}}
]
00:17:22.613 [main] INFO  sudoku.model.SudokuBoard - Wartość 0 wstawiona nieprawidłowo
00:17:22.613 [main] INFO  sudoku.model.SudokuBoard - Bład w kwadracie 0
sudoku.model.SudokuBoard@6ad6ae45[
  size=9
  solver=sudoku.model.BacktrackingSudokuSolver@1231a1be
  board={{5,9,4,2,6,1,3,7,8},{1,2,3,4,7,8,5,9,6},{8,6,7,9,5,3,1,4,2},{7,3,8,5,9,2,4,6,1},{4,1,5,3,8,6,7,2,9},{0,0,0,0,0,0,0,0,0},{0,0,0,0,0,0,0,0,0},{0,0,0,0,0,0,0,0,0},{0,0,0,0,0,0,0,0,0}}
]
00:17:22.613 [main] INFO  sudoku.model.SudokuBoard - Wartość 0 wstawiona nieprawidłowo
00:17:22.613 [main] INFO  sudoku.model.SudokuBoard - Bład w kwadracie 0
sudoku.model.SudokuBoard@6ad6ae45[
  size=9
  solver=sudoku.model.BacktrackingSudokuSolver@1231a1be
  board={{5,9,4,2,6,1,3,7,8},{1,2,3,4,7,8,5,9,6},{8,6,7,9,5,3,1,4,2},{7,3,8,5,9,2,4,6,1},{4,1,5,3,8,6,7,2,9},{0,0,0,0,0,0,0,0,0},{0,0,0,0,0,0,0,0,0},{0,0,0,0,0,0,0,0,0},{0,0,0,0,0,0,0,0,0}}
]
00:17:22.614 [main] INFO  sudoku.model.SudokuBoard - Wartość 0 wstawiona nieprawidłowo
00:17:22.614 [main] INFO  sudoku.model.SudokuBoard - Bład w kwadracie 0
sudoku.model.SudokuBoard@6ad6ae45[
  size=9
  solver=sudoku.model.BacktrackingSudokuSolver@1231a1be
  board={{5,9,4,2,6,1,3,7,8},{1,2,3,4,7,8,5,9,6},{8,6,7,9,5,3,1,4,2},{7,3,8,5,9,2,4,6,1},{4,1,5,3,8,6,7,2,9},{0,0,0,0,0,0,0,0,0},{0,0,0,0,0,0,0,0,0},{0,0,0,0,0,0,0,0,0},{0,0,0,0,0,0,0,0,0}}
]
00:17:22.614 [main] INFO  sudoku.model.SudokuBoard - Wartość 0 wstawiona nieprawidłowo
00:17:22.614 [main] INFO  sudoku.model.SudokuBoard - Bład w kwadracie 0
sudoku.model.SudokuBoard@6ad6ae45[
  size=9
  solver=sudoku.model.BacktrackingSudokuSolver@1231a1be
  board={{5,9,4,2,6,1,3,7,8},{1,2,3,4,7,8,5,9,6},{8,6,7,9,5,3,1,4,2},{7,3,8,5,9,2,4,6,1},{4,1,5,3,8,6,7,2,0},{0,0,0,0,0,0,0,0,0},{0,0,0,0,0,0,0,0,0},{0,0,0,0,0,0,0,0,0},{0,0,0,0,0,0,0,0,0}}
]
00:17:22.614 [main] INFO  sudoku.model.SudokuBoard - Wartość 0 wstawiona nieprawidłowo
00:17:22.614 [main] INFO  sudoku.model.SudokuBoard - Bład w kwadracie 0
sudoku.model.SudokuBoard@6ad6ae45[
  size=9
  solver=sudoku.model.BacktrackingSudokuSolver@1231a1be
  board={{5,9,4,2,6,1,3,7,8},{1,2,3,4,7,8,5,9,6},{8,6,7,9,5,3,1,4,2},{7,3,8,5,9,2,4,6,1},{4,1,5,3,8,6,7,0,0},{0,0,0,0,0,0,0,0,0},{0,0,0,0,0,0,0,0,0},{0,0,0,0,0,0,0,0,0},{0,0,0,0,0,0,0,0,0}}
]
00:17:22.614 [main] INFO  sudoku.model.SudokuBoard - Wartość 0 wstawiona nieprawidłowo
00:17:22.614 [main] INFO  sudoku.model.SudokuBoard - Bład w kwadracie 0
sudoku.model.SudokuBoard@6ad6ae45[
  size=9
  solver=sudoku.model.BacktrackingSudokuSolver@1231a1be
  board={{5,9,4,2,6,1,3,7,8},{1,2,3,4,7,8,5,9,6},{8,6,7,9,5,3,1,4,2},{7,3,8,5,9,2,4,6,1},{4,1,5,3,8,6,0,0,0},{0,0,0,0,0,0,0,0,0},{0,0,0,0,0,0,0,0,0},{0,0,0,0,0,0,0,0,0},{0,0,0,0,0,0,0,0,0}}
]
00:17:22.614 [main] INFO  sudoku.model.SudokuBoard - Wartość 0 wstawiona nieprawidłowo
00:17:22.614 [main] INFO  sudoku.model.SudokuBoard - Bład w kwadracie 0
sudoku.model.SudokuBoard@6ad6ae45[
  size=9
  solver=sudoku.model.BacktrackingSudokuSolver@1231a1be
  board={{5,9,4,2,6,1,3,7,8},{1,2,3,4,7,8,5,9,6},{8,6,7,9,5,3,1,4,2},{7,3,8,5,9,2,4,6,1},{4,1,5,3,8,6,9,2,7},{0,0,0,0,0,0,0,0,0},{0,0,0,0,0,0,0,0,0},{0,0,0,0,0,0,0,0,0},{0,0,0,0,0,0,0,0,0}}
]
00:17:22.614 [main] INFO  sudoku.model.SudokuBoard - Wartość 0 wstawiona nieprawidłowo
00:17:22.614 [main] INFO  sudoku.model.SudokuBoard - Bład w kwadracie 0
sudoku.model.SudokuBoard@6ad6ae45[
  size=9
  solver=sudoku.model.BacktrackingSudokuSolver@1231a1be
  board={{5,9,4,2,6,1,3,7,8},{1,2,3,4,7,8,5,9,6},{8,6,7,9,5,3,1,4,2},{7,3,8,5,9,2,4,6,1},{4,1,5,3,8,6,9,2,7},{0,0,0,0,0,0,0,0,0},{0,0,0,0,0,0,0,0,0},{0,0,0,0,0,0,0,0,0},{0,0,0,0,0,0,0,0,0}}
]
00:17:22.614 [main] INFO  sudoku.model.SudokuBoard - Wartość 0 wstawiona nieprawidłowo
00:17:22.614 [main] INFO  sudoku.model.SudokuBoard - Bład w kwadracie 0
sudoku.model.SudokuBoard@6ad6ae45[
  size=9
  solver=sudoku.model.BacktrackingSudokuSolver@1231a1be
  board={{5,9,4,2,6,1,3,7,8},{1,2,3,4,7,8,5,9,6},{8,6,7,9,5,3,1,4,2},{7,3,8,5,9,2,4,6,1},{4,1,5,3,8,6,9,2,7},{0,0,0,0,0,0,0,0,0},{0,0,0,0,0,0,0,0,0},{0,0,0,0,0,0,0,0,0},{0,0,0,0,0,0,0,0,0}}
]
00:17:22.614 [main] INFO  sudoku.model.SudokuBoard - Wartość 0 wstawiona nieprawidłowo
00:17:22.615 [main] INFO  sudoku.model.SudokuBoard - Bład w kwadracie 0
sudoku.model.SudokuBoard@6ad6ae45[
  size=9
  solver=sudoku.model.BacktrackingSudokuSolver@1231a1be
  board={{5,9,4,2,6,1,3,7,8},{1,2,3,4,7,8,5,9,6},{8,6,7,9,5,3,1,4,2},{7,3,8,5,9,2,4,6,1},{4,1,5,3,8,6,9,2,0},{0,0,0,0,0,0,0,0,0},{0,0,0,0,0,0,0,0,0},{0,0,0,0,0,0,0,0,0},{0,0,0,0,0,0,0,0,0}}
]
00:17:22.615 [main] INFO  sudoku.model.SudokuBoard - Wartość 0 wstawiona nieprawidłowo
00:17:22.615 [main] INFO  sudoku.model.SudokuBoard - Bład w kwadracie 0
sudoku.model.SudokuBoard@6ad6ae45[
  size=9
  solver=sudoku.model.BacktrackingSudokuSolver@1231a1be
  board={{5,9,4,2,6,1,3,7,8},{1,2,3,4,7,8,5,9,6},{8,6,7,9,5,3,1,4,2},{7,3,8,5,9,2,4,6,1},{4,1,5,3,8,6,9,0,0},{0,0,0,0,0,0,0,0,0},{0,0,0,0,0,0,0,0,0},{0,0,0,0,0,0,0,0,0},{0,0,0,0,0,0,0,0,0}}
]
00:17:22.615 [main] INFO  sudoku.model.SudokuBoard - Wartość 0 wstawiona nieprawidłowo
00:17:22.615 [main] INFO  sudoku.model.SudokuBoard - Bład w kwadracie 0
sudoku.model.SudokuBoard@6ad6ae45[
  size=9
  solver=sudoku.model.BacktrackingSudokuSolver@1231a1be
  board={{5,9,4,2,6,1,3,7,8},{1,2,3,4,7,8,5,9,6},{8,6,7,9,5,3,1,4,2},{7,3,8,5,9,2,4,6,1},{4,1,5,3,8,6,0,0,0},{0,0,0,0,0,0,0,0,0},{0,0,0,0,0,0,0,0,0},{0,0,0,0,0,0,0,0,0},{0,0,0,0,0,0,0,0,0}}
]
00:17:22.615 [main] INFO  sudoku.model.SudokuBoard - Wartość 0 wstawiona nieprawidłowo
00:17:22.615 [main] INFO  sudoku.model.SudokuBoard - Bład w kwadracie 0
sudoku.model.SudokuBoard@6ad6ae45[
  size=9
  solver=sudoku.model.BacktrackingSudokuSolver@1231a1be
  board={{5,9,4,2,6,1,3,7,8},{1,2,3,4,7,8,5,9,6},{8,6,7,9,5,3,1,4,2},{7,3,8,5,9,2,4,6,1},{4,1,5,3,8,0,0,0,0},{0,0,0,0,0,0,0,0,0},{0,0,0,0,0,0,0,0,0},{0,0,0,0,0,0,0,0,0},{0,0,0,0,0,0,0,0,0}}
]
00:17:22.615 [main] INFO  sudoku.model.SudokuBoard - Wartość 0 wstawiona nieprawidłowo
00:17:22.615 [main] INFO  sudoku.model.SudokuBoard - Bład w kwadracie 0
sudoku.model.SudokuBoard@6ad6ae45[
  size=9
  solver=sudoku.model.BacktrackingSudokuSolver@1231a1be
  board={{5,9,4,2,6,1,3,7,8},{1,2,3,4,7,8,5,9,6},{8,6,7,9,5,3,1,4,2},{7,3,8,5,9,2,4,6,1},{4,1,5,3,8,7,9,0,0},{0,0,0,0,0,0,0,0,0},{0,0,0,0,0,0,0,0,0},{0,0,0,0,0,0,0,0,0},{0,0,0,0,0,0,0,0,0}}
]
00:17:22.615 [main] INFO  sudoku.model.SudokuBoard - Wartość 0 wstawiona nieprawidłowo
00:17:22.615 [main] INFO  sudoku.model.SudokuBoard - Bład w kwadracie 0
sudoku.model.SudokuBoard@6ad6ae45[
  size=9
  solver=sudoku.model.BacktrackingSudokuSolver@1231a1be
  board={{5,9,4,2,6,1,3,7,8},{1,2,3,4,7,8,5,9,6},{8,6,7,9,5,3,1,4,2},{7,3,8,5,9,2,4,6,1},{4,1,5,3,8,7,0,0,0},{0,0,0,0,0,0,0,0,0},{0,0,0,0,0,0,0,0,0},{0,0,0,0,0,0,0,0,0},{0,0,0,0,0,0,0,0,0}}
]
00:17:22.615 [main] INFO  sudoku.model.SudokuBoard - Wartość 0 wstawiona nieprawidłowo
00:17:22.615 [main] INFO  sudoku.model.SudokuBoard - Bład w kwadracie 0
sudoku.model.SudokuBoard@6ad6ae45[
  size=9
  solver=sudoku.model.BacktrackingSudokuSolver@1231a1be
  board={{5,9,4,2,6,1,3,7,8},{1,2,3,4,7,8,5,9,6},{8,6,7,9,5,3,1,4,2},{7,3,8,5,9,2,4,6,1},{4,1,5,3,8,7,0,0,0},{0,0,0,0,0,0,0,0,0},{0,0,0,0,0,0,0,0,0},{0,0,0,0,0,0,0,0,0},{0,0,0,0,0,0,0,0,0}}
]
00:17:22.615 [main] INFO  sudoku.model.SudokuBoard - Wartość 0 wstawiona nieprawidłowo
00:17:22.615 [main] INFO  sudoku.model.SudokuBoard - Bład w kwadracie 0
sudoku.model.SudokuBoard@6ad6ae45[
  size=9
  solver=sudoku.model.BacktrackingSudokuSolver@1231a1be
  board={{5,9,4,2,6,1,3,7,8},{1,2,3,4,7,8,5,9,6},{8,6,7,9,5,3,1,4,2},{7,3,8,5,9,2,4,6,1},{4,1,5,3,8,0,0,0,0},{0,0,0,0,0,0,0,0,0},{0,0,0,0,0,0,0,0,0},{0,0,0,0,0,0,0,0,0},{0,0,0,0,0,0,0,0,0}}
]
00:17:22.615 [main] INFO  sudoku.model.SudokuBoard - Wartość 0 wstawiona nieprawidłowo
00:17:22.616 [main] INFO  sudoku.model.SudokuBoard - Bład w kwadracie 0
sudoku.model.SudokuBoard@6ad6ae45[
  size=9
  solver=sudoku.model.BacktrackingSudokuSolver@1231a1be
  board={{5,9,4,2,6,1,3,7,8},{1,2,3,4,7,8,5,9,6},{8,6,7,9,5,3,1,4,2},{7,3,8,5,9,2,4,6,1},{4,1,5,3,0,0,0,0,0},{0,0,0,0,0,0,0,0,0},{0,0,0,0,0,0,0,0,0},{0,0,0,0,0,0,0,0,0},{0,0,0,0,0,0,0,0,0}}
]
00:17:22.616 [main] INFO  sudoku.model.SudokuBoard - Wartość 0 wstawiona nieprawidłowo
00:17:22.616 [main] INFO  sudoku.model.SudokuBoard - Bład w kwadracie 0
sudoku.model.SudokuBoard@6ad6ae45[
  size=9
  solver=sudoku.model.BacktrackingSudokuSolver@1231a1be
  board={{5,9,4,2,6,1,3,7,8},{1,2,3,4,7,8,5,9,6},{8,6,7,9,5,3,1,4,2},{7,3,8,5,9,2,4,6,1},{4,1,5,0,0,0,0,0,0},{0,0,0,0,0,0,0,0,0},{0,0,0,0,0,0,0,0,0},{0,0,0,0,0,0,0,0,0},{0,0,0,0,0,0,0,0,0}}
]
00:17:22.616 [main] INFO  sudoku.model.SudokuBoard - Wartość 0 wstawiona nieprawidłowo
00:17:22.616 [main] INFO  sudoku.model.SudokuBoard - Bład w kwadracie 0
sudoku.model.SudokuBoard@6ad6ae45[
  size=9
  solver=sudoku.model.BacktrackingSudokuSolver@1231a1be
  board={{5,9,4,2,6,1,3,7,8},{1,2,3,4,7,8,5,9,6},{8,6,7,9,5,3,1,4,2},{7,3,8,5,9,2,4,6,1},{4,1,5,6,8,7,9,2,3},{0,0,0,0,0,0,0,0,0},{0,0,0,0,0,0,0,0,0},{0,0,0,0,0,0,0,0,0},{0,0,0,0,0,0,0,0,0}}
]
00:17:22.616 [main] INFO  sudoku.model.SudokuBoard - Wartość 0 wstawiona nieprawidłowo
00:17:22.616 [main] INFO  sudoku.model.SudokuBoard - Bład w kwadracie 0
sudoku.model.SudokuBoard@6ad6ae45[
  size=9
  solver=sudoku.model.BacktrackingSudokuSolver@1231a1be
  board={{5,9,4,2,6,1,3,7,8},{1,2,3,4,7,8,5,9,6},{8,6,7,9,5,3,1,4,2},{7,3,8,5,9,2,4,6,1},{4,1,5,6,8,7,9,2,3},{0,0,0,0,0,0,0,0,0},{0,0,0,0,0,0,0,0,0},{0,0,0,0,0,0,0,0,0},{0,0,0,0,0,0,0,0,0}}
]
00:17:22.616 [main] INFO  sudoku.model.SudokuBoard - Wartość 0 wstawiona nieprawidłowo
00:17:22.616 [main] INFO  sudoku.model.SudokuBoard - Bład w kwadracie 0
sudoku.model.SudokuBoard@6ad6ae45[
  size=9
  solver=sudoku.model.BacktrackingSudokuSolver@1231a1be
  board={{5,9,4,2,6,1,3,7,8},{1,2,3,4,7,8,5,9,6},{8,6,7,9,5,3,1,4,2},{7,3,8,5,9,2,4,6,1},{4,1,5,6,8,7,9,2,3},{0,0,0,0,0,0,0,0,0},{0,0,0,0,0,0,0,0,0},{0,0,0,0,0,0,0,0,0},{0,0,0,0,0,0,0,0,0}}
]
00:17:22.616 [main] INFO  sudoku.model.SudokuBoard - Wartość 0 wstawiona nieprawidłowo
00:17:22.616 [main] INFO  sudoku.model.SudokuBoard - Bład w kwadracie 0
sudoku.model.SudokuBoard@6ad6ae45[
  size=9
  solver=sudoku.model.BacktrackingSudokuSolver@1231a1be
  board={{5,9,4,2,6,1,3,7,8},{1,2,3,4,7,8,5,9,6},{8,6,7,9,5,3,1,4,2},{7,3,8,5,9,2,4,6,1},{4,1,5,6,8,7,9,2,0},{0,0,0,0,0,0,0,0,0},{0,0,0,0,0,0,0,0,0},{0,0,0,0,0,0,0,0,0},{0,0,0,0,0,0,0,0,0}}
]
00:17:22.616 [main] INFO  sudoku.model.SudokuBoard - Wartość 0 wstawiona nieprawidłowo
00:17:22.616 [main] INFO  sudoku.model.SudokuBoard - Bład w kwadracie 0
sudoku.model.SudokuBoard@6ad6ae45[
  size=9
  solver=sudoku.model.BacktrackingSudokuSolver@1231a1be
  board={{5,9,4,2,6,1,3,7,8},{1,2,3,4,7,8,5,9,6},{8,6,7,9,5,3,1,4,2},{7,3,8,5,9,2,4,6,1},{4,1,5,6,8,7,9,0,0},{0,0,0,0,0,0,0,0,0},{0,0,0,0,0,0,0,0,0},{0,0,0,0,0,0,0,0,0},{0,0,0,0,0,0,0,0,0}}
]
00:17:22.616 [main] INFO  sudoku.model.SudokuBoard - Wartość 0 wstawiona nieprawidłowo
00:17:22.621 [main] INFO  sudoku.model.SudokuBoard - Bład w kwadracie 0
sudoku.model.SudokuBoard@6ad6ae45[
  size=9
  solver=sudoku.model.BacktrackingSudokuSolver@1231a1be
  board={{5,9,4,2,6,1,3,7,8},{1,2,3,4,7,8,5,9,6},{8,6,7,9,5,3,1,4,2},{7,3,8,5,9,2,4,6,1},{4,1,5,6,8,7,9,0,0},{0,0,0,0,0,0,0,0,0},{0,0,0,0,0,0,0,0,0},{0,0,0,0,0,0,0,0,0},{0,0,0,0,0,0,0,0,0}}
]
00:17:22.621 [main] INFO  sudoku.model.SudokuBoard - Wartość 0 wstawiona nieprawidłowo
00:17:22.621 [main] INFO  sudoku.model.SudokuBoard - Bład w kwadracie 0
sudoku.model.SudokuBoard@6ad6ae45[
  size=9
  solver=sudoku.model.BacktrackingSudokuSolver@1231a1be
  board={{5,9,4,2,6,1,3,7,8},{1,2,3,4,7,8,5,9,6},{8,6,7,9,5,3,1,4,2},{7,3,8,5,9,2,4,6,1},{4,1,5,6,8,7,0,0,0},{0,0,0,0,0,0,0,0,0},{0,0,0,0,0,0,0,0,0},{0,0,0,0,0,0,0,0,0},{0,0,0,0,0,0,0,0,0}}
]
00:17:22.621 [main] INFO  sudoku.model.SudokuBoard - Wartość 0 wstawiona nieprawidłowo
00:17:22.622 [main] INFO  sudoku.model.SudokuBoard - Bład w kwadracie 0
sudoku.model.SudokuBoard@6ad6ae45[
  size=9
  solver=sudoku.model.BacktrackingSudokuSolver@1231a1be
  board={{5,9,4,2,6,1,3,7,8},{1,2,3,4,7,8,5,9,6},{8,6,7,9,5,3,1,4,2},{7,3,8,5,9,2,4,6,1},{4,1,5,6,8,7,2,3,9},{0,0,0,0,0,0,0,0,0},{0,0,0,0,0,0,0,0,0},{0,0,0,0,0,0,0,0,0},{0,0,0,0,0,0,0,0,0}}
]
00:17:22.622 [main] INFO  sudoku.model.SudokuBoard - Wartość 0 wstawiona nieprawidłowo
00:17:22.622 [main] INFO  sudoku.model.SudokuBoard - Bład w kwadracie 0
sudoku.model.SudokuBoard@6ad6ae45[
  size=9
  solver=sudoku.model.BacktrackingSudokuSolver@1231a1be
  board={{5,9,4,2,6,1,3,7,8},{1,2,3,4,7,8,5,9,6},{8,6,7,9,5,3,1,4,2},{7,3,8,5,9,2,4,6,1},{4,1,5,6,8,7,2,3,9},{0,0,0,0,0,0,0,0,0},{0,0,0,0,0,0,0,0,0},{0,0,0,0,0,0,0,0,0},{0,0,0,0,0,0,0,0,0}}
]
00:17:22.622 [main] INFO  sudoku.model.SudokuBoard - Wartość 0 wstawiona nieprawidłowo
00:17:22.622 [main] INFO  sudoku.model.SudokuBoard - Bład w kwadracie 0
sudoku.model.SudokuBoard@6ad6ae45[
  size=9
  solver=sudoku.model.BacktrackingSudokuSolver@1231a1be
  board={{5,9,4,2,6,1,3,7,8},{1,2,3,4,7,8,5,9,6},{8,6,7,9,5,3,1,4,2},{7,3,8,5,9,2,4,6,1},{4,1,5,6,8,7,2,3,9},{0,0,0,0,0,0,0,0,0},{0,0,0,0,0,0,0,0,0},{0,0,0,0,0,0,0,0,0},{0,0,0,0,0,0,0,0,0}}
]
00:17:22.622 [main] INFO  sudoku.model.SudokuBoard - Wartość 0 wstawiona nieprawidłowo
00:17:22.622 [main] INFO  sudoku.model.SudokuBoard - Bład w kwadracie 0
sudoku.model.SudokuBoard@6ad6ae45[
  size=9
  solver=sudoku.model.BacktrackingSudokuSolver@1231a1be
  board={{5,9,4,2,6,1,3,7,8},{1,2,3,4,7,8,5,9,6},{8,6,7,9,5,3,1,4,2},{7,3,8,5,9,2,4,6,1},{4,1,5,6,8,7,2,3,0},{0,0,0,0,0,0,0,0,0},{0,0,0,0,0,0,0,0,0},{0,0,0,0,0,0,0,0,0},{0,0,0,0,0,0,0,0,0}}
]
00:17:22.622 [main] INFO  sudoku.model.SudokuBoard - Wartość 0 wstawiona nieprawidłowo
00:17:22.622 [main] INFO  sudoku.model.SudokuBoard - Bład w kwadracie 0
sudoku.model.SudokuBoard@6ad6ae45[
  size=9
  solver=sudoku.model.BacktrackingSudokuSolver@1231a1be
  board={{5,9,4,2,6,1,3,7,8},{1,2,3,4,7,8,5,9,6},{8,6,7,9,5,3,1,4,2},{7,3,8,5,9,2,4,6,1},{4,1,5,6,8,7,2,0,0},{0,0,0,0,0,0,0,0,0},{0,0,0,0,0,0,0,0,0},{0,0,0,0,0,0,0,0,0},{0,0,0,0,0,0,0,0,0}}
]
00:17:22.622 [main] INFO  sudoku.model.SudokuBoard - Wartość 0 wstawiona nieprawidłowo
00:17:22.622 [main] INFO  sudoku.model.SudokuBoard - Bład w kwadracie 0
sudoku.model.SudokuBoard@6ad6ae45[
  size=9
  solver=sudoku.model.BacktrackingSudokuSolver@1231a1be
  board={{5,9,4,2,6,1,3,7,8},{1,2,3,4,7,8,5,9,6},{8,6,7,9,5,3,1,4,2},{7,3,8,5,9,2,4,6,1},{4,1,5,6,8,7,0,0,0},{0,0,0,0,0,0,0,0,0},{0,0,0,0,0,0,0,0,0},{0,0,0,0,0,0,0,0,0},{0,0,0,0,0,0,0,0,0}}
]
00:17:22.622 [main] INFO  sudoku.model.SudokuBoard - Wartość 0 wstawiona nieprawidłowo
00:17:22.622 [main] INFO  sudoku.model.SudokuBoard - Bład w kwadracie 0
sudoku.model.SudokuBoard@6ad6ae45[
  size=9
  solver=sudoku.model.BacktrackingSudokuSolver@1231a1be
  board={{5,9,4,2,6,1,3,7,8},{1,2,3,4,7,8,5,9,6},{8,6,7,9,5,3,1,4,2},{7,3,8,5,9,2,4,6,1},{4,1,5,6,8,0,0,0,0},{0,0,0,0,0,0,0,0,0},{0,0,0,0,0,0,0,0,0},{0,0,0,0,0,0,0,0,0},{0,0,0,0,0,0,0,0,0}}
]
00:17:22.622 [main] INFO  sudoku.model.SudokuBoard - Wartość 0 wstawiona nieprawidłowo
00:17:22.622 [main] INFO  sudoku.model.SudokuBoard - Bład w kwadracie 0
sudoku.model.SudokuBoard@6ad6ae45[
  size=9
  solver=sudoku.model.BacktrackingSudokuSolver@1231a1be
  board={{5,9,4,2,6,1,3,7,8},{1,2,3,4,7,8,5,9,6},{8,6,7,9,5,3,1,4,2},{7,3,8,5,9,2,4,6,1},{4,1,5,6,0,0,0,0,0},{0,0,0,0,0,0,0,0,0},{0,0,0,0,0,0,0,0,0},{0,0,0,0,0,0,0,0,0},{0,0,0,0,0,0,0,0,0}}
]
00:17:22.622 [main] INFO  sudoku.model.SudokuBoard - Wartość 0 wstawiona nieprawidłowo
00:17:22.623 [main] INFO  sudoku.model.SudokuBoard - Bład w kwadracie 0
sudoku.model.SudokuBoard@6ad6ae45[
  size=9
  solver=sudoku.model.BacktrackingSudokuSolver@1231a1be
  board={{5,9,4,2,6,1,3,7,8},{1,2,3,4,7,8,5,9,6},{8,6,7,9,5,3,1,4,2},{7,3,8,5,9,2,4,6,1},{4,1,5,6,3,7,8,2,9},{0,0,0,0,0,0,0,0,0},{0,0,0,0,0,0,0,0,0},{0,0,0,0,0,0,0,0,0},{0,0,0,0,0,0,0,0,0}}
]
00:17:22.623 [main] INFO  sudoku.model.SudokuBoard - Wartość 0 wstawiona nieprawidłowo
00:17:22.623 [main] INFO  sudoku.model.SudokuBoard - Bład w kwadracie 0
sudoku.model.SudokuBoard@6ad6ae45[
  size=9
  solver=sudoku.model.BacktrackingSudokuSolver@1231a1be
  board={{5,9,4,2,6,1,3,7,8},{1,2,3,4,7,8,5,9,6},{8,6,7,9,5,3,1,4,2},{7,3,8,5,9,2,4,6,1},{4,1,5,6,3,7,8,2,9},{0,0,0,0,0,0,0,0,0},{0,0,0,0,0,0,0,0,0},{0,0,0,0,0,0,0,0,0},{0,0,0,0,0,0,0,0,0}}
]
00:17:22.623 [main] INFO  sudoku.model.SudokuBoard - Wartość 0 wstawiona nieprawidłowo
00:17:22.623 [main] INFO  sudoku.model.SudokuBoard - Bład w kwadracie 0
sudoku.model.SudokuBoard@6ad6ae45[
  size=9
  solver=sudoku.model.BacktrackingSudokuSolver@1231a1be
  board={{5,9,4,2,6,1,3,7,8},{1,2,3,4,7,8,5,9,6},{8,6,7,9,5,3,1,4,2},{7,3,8,5,9,2,4,6,1},{4,1,5,6,3,7,8,2,9},{0,0,0,0,0,0,0,0,0},{0,0,0,0,0,0,0,0,0},{0,0,0,0,0,0,0,0,0},{0,0,0,0,0,0,0,0,0}}
]
00:17:22.623 [main] INFO  sudoku.model.SudokuBoard - Wartość 0 wstawiona nieprawidłowo
00:17:22.623 [main] INFO  sudoku.model.SudokuBoard - Bład w kwadracie 0
sudoku.model.SudokuBoard@6ad6ae45[
  size=9
  solver=sudoku.model.BacktrackingSudokuSolver@1231a1be
  board={{5,9,4,2,6,1,3,7,8},{1,2,3,4,7,8,5,9,6},{8,6,7,9,5,3,1,4,2},{7,3,8,5,9,2,4,6,1},{4,1,5,6,3,7,8,2,0},{0,0,0,0,0,0,0,0,0},{0,0,0,0,0,0,0,0,0},{0,0,0,0,0,0,0,0,0},{0,0,0,0,0,0,0,0,0}}
]
00:17:22.624 [main] INFO  sudoku.model.SudokuBoard - Wartość 0 wstawiona nieprawidłowo
00:17:22.624 [main] INFO  sudoku.model.SudokuBoard - Bład w kwadracie 0
sudoku.model.SudokuBoard@6ad6ae45[
  size=9
  solver=sudoku.model.BacktrackingSudokuSolver@1231a1be
  board={{5,9,4,2,6,1,3,7,8},{1,2,3,4,7,8,5,9,6},{8,6,7,9,5,3,1,4,2},{7,3,8,5,9,2,4,6,1},{4,1,5,6,3,7,8,0,0},{0,0,0,0,0,0,0,0,0},{0,0,0,0,0,0,0,0,0},{0,0,0,0,0,0,0,0,0},{0,0,0,0,0,0,0,0,0}}
]
00:17:22.624 [main] INFO  sudoku.model.SudokuBoard - Wartość 0 wstawiona nieprawidłowo
00:17:22.625 [main] INFO  sudoku.model.SudokuBoard - Bład w kwadracie 0
sudoku.model.SudokuBoard@6ad6ae45[
  size=9
  solver=sudoku.model.BacktrackingSudokuSolver@1231a1be
  board={{5,9,4,2,6,1,3,7,8},{1,2,3,4,7,8,5,9,6},{8,6,7,9,5,3,1,4,2},{7,3,8,5,9,2,4,6,1},{4,1,5,6,3,7,0,0,0},{0,0,0,0,0,0,0,0,0},{0,0,0,0,0,0,0,0,0},{0,0,0,0,0,0,0,0,0},{0,0,0,0,0,0,0,0,0}}
]
00:17:22.625 [main] INFO  sudoku.model.SudokuBoard - Wartość 0 wstawiona nieprawidłowo
00:17:22.625 [main] INFO  sudoku.model.SudokuBoard - Bład w kwadracie 0
sudoku.model.SudokuBoard@6ad6ae45[
  size=9
  solver=sudoku.model.BacktrackingSudokuSolver@1231a1be
  board={{5,9,4,2,6,1,3,7,8},{1,2,3,4,7,8,5,9,6},{8,6,7,9,5,3,1,4,2},{7,3,8,5,9,2,4,6,1},{4,1,5,6,3,7,9,0,0},{0,0,0,0,0,0,0,0,0},{0,0,0,0,0,0,0,0,0},{0,0,0,0,0,0,0,0,0},{0,0,0,0,0,0,0,0,0}}
]
00:17:22.625 [main] INFO  sudoku.model.SudokuBoard - Wartość 0 wstawiona nieprawidłowo
00:17:22.625 [main] INFO  sudoku.model.SudokuBoard - Bład w kwadracie 0
sudoku.model.SudokuBoard@6ad6ae45[
  size=9
  solver=sudoku.model.BacktrackingSudokuSolver@1231a1be
  board={{5,9,4,2,6,1,3,7,8},{1,2,3,4,7,8,5,9,6},{8,6,7,9,5,3,1,4,2},{7,3,8,5,9,2,4,6,1},{4,1,5,6,3,7,9,0,0},{0,0,0,0,0,0,0,0,0},{0,0,0,0,0,0,0,0,0},{0,0,0,0,0,0,0,0,0},{0,0,0,0,0,0,0,0,0}}
]
00:17:22.625 [main] INFO  sudoku.model.SudokuBoard - Wartość 0 wstawiona nieprawidłowo
00:17:22.625 [main] INFO  sudoku.model.SudokuBoard - Bład w kwadracie 0
sudoku.model.SudokuBoard@6ad6ae45[
  size=9
  solver=sudoku.model.BacktrackingSudokuSolver@1231a1be
  board={{5,9,4,2,6,1,3,7,8},{1,2,3,4,7,8,5,9,6},{8,6,7,9,5,3,1,4,2},{7,3,8,5,9,2,4,6,1},{4,1,5,6,3,7,0,0,0},{0,0,0,0,0,0,0,0,0},{0,0,0,0,0,0,0,0,0},{0,0,0,0,0,0,0,0,0},{0,0,0,0,0,0,0,0,0}}
]
00:17:22.625 [main] INFO  sudoku.model.SudokuBoard - Wartość 0 wstawiona nieprawidłowo
00:17:22.625 [main] INFO  sudoku.model.SudokuBoard - Bład w kwadracie 0
sudoku.model.SudokuBoard@6ad6ae45[
  size=9
  solver=sudoku.model.BacktrackingSudokuSolver@1231a1be
  board={{5,9,4,2,6,1,3,7,8},{1,2,3,4,7,8,5,9,6},{8,6,7,9,5,3,1,4,2},{7,3,8,5,9,2,4,6,1},{4,1,5,6,3,7,2,8,9},{0,0,0,0,0,0,0,0,0},{0,0,0,0,0,0,0,0,0},{0,0,0,0,0,0,0,0,0},{0,0,0,0,0,0,0,0,0}}
]
00:17:22.626 [main] INFO  sudoku.model.SudokuBoard - Wartość 0 wstawiona nieprawidłowo
00:17:22.626 [main] INFO  sudoku.model.SudokuBoard - Bład w kwadracie 0
sudoku.model.SudokuBoard@6ad6ae45[
  size=9
  solver=sudoku.model.BacktrackingSudokuSolver@1231a1be
  board={{5,9,4,2,6,1,3,7,8},{1,2,3,4,7,8,5,9,6},{8,6,7,9,5,3,1,4,2},{7,3,8,5,9,2,4,6,1},{4,1,5,6,3,7,2,8,9},{0,0,0,0,0,0,0,0,0},{0,0,0,0,0,0,0,0,0},{0,0,0,0,0,0,0,0,0},{0,0,0,0,0,0,0,0,0}}
]
00:17:22.626 [main] INFO  sudoku.model.SudokuBoard - Wartość 0 wstawiona nieprawidłowo
00:17:22.626 [main] INFO  sudoku.model.SudokuBoard - Bład w kwadracie 0
sudoku.model.SudokuBoard@6ad6ae45[
  size=9
  solver=sudoku.model.BacktrackingSudokuSolver@1231a1be
  board={{5,9,4,2,6,1,3,7,8},{1,2,3,4,7,8,5,9,6},{8,6,7,9,5,3,1,4,2},{7,3,8,5,9,2,4,6,1},{4,1,5,6,3,7,2,8,9},{0,0,0,0,0,0,0,0,0},{0,0,0,0,0,0,0,0,0},{0,0,0,0,0,0,0,0,0},{0,0,0,0,0,0,0,0,0}}
]
00:17:22.626 [main] INFO  sudoku.model.SudokuBoard - Wartość 0 wstawiona nieprawidłowo
00:17:22.626 [main] INFO  sudoku.model.SudokuBoard - Bład w kwadracie 0
sudoku.model.SudokuBoard@6ad6ae45[
  size=9
  solver=sudoku.model.BacktrackingSudokuSolver@1231a1be
  board={{5,9,4,2,6,1,3,7,8},{1,2,3,4,7,8,5,9,6},{8,6,7,9,5,3,1,4,2},{7,3,8,5,9,2,4,6,1},{4,1,5,6,3,7,2,8,0},{0,0,0,0,0,0,0,0,0},{0,0,0,0,0,0,0,0,0},{0,0,0,0,0,0,0,0,0},{0,0,0,0,0,0,0,0,0}}
]
00:17:22.626 [main] INFO  sudoku.model.SudokuBoard - Wartość 0 wstawiona nieprawidłowo
00:17:22.626 [main] INFO  sudoku.model.SudokuBoard - Bład w kwadracie 0
sudoku.model.SudokuBoard@6ad6ae45[
  size=9
  solver=sudoku.model.BacktrackingSudokuSolver@1231a1be
  board={{5,9,4,2,6,1,3,7,8},{1,2,3,4,7,8,5,9,6},{8,6,7,9,5,3,1,4,2},{7,3,8,5,9,2,4,6,1},{4,1,5,6,3,7,2,0,0},{0,0,0,0,0,0,0,0,0},{0,0,0,0,0,0,0,0,0},{0,0,0,0,0,0,0,0,0},{0,0,0,0,0,0,0,0,0}}
]
00:17:22.626 [main] INFO  sudoku.model.SudokuBoard - Wartość 0 wstawiona nieprawidłowo
00:17:22.626 [main] INFO  sudoku.model.SudokuBoard - Bład w kwadracie 0
sudoku.model.SudokuBoard@6ad6ae45[
  size=9
  solver=sudoku.model.BacktrackingSudokuSolver@1231a1be
  board={{5,9,4,2,6,1,3,7,8},{1,2,3,4,7,8,5,9,6},{8,6,7,9,5,3,1,4,2},{7,3,8,5,9,2,4,6,1},{4,1,5,6,3,7,0,0,0},{0,0,0,0,0,0,0,0,0},{0,0,0,0,0,0,0,0,0},{0,0,0,0,0,0,0,0,0},{0,0,0,0,0,0,0,0,0}}
]
00:17:22.626 [main] INFO  sudoku.model.SudokuBoard - Wartość 0 wstawiona nieprawidłowo
00:17:22.626 [main] INFO  sudoku.model.SudokuBoard - Bład w kwadracie 0
sudoku.model.SudokuBoard@6ad6ae45[
  size=9
  solver=sudoku.model.BacktrackingSudokuSolver@1231a1be
  board={{5,9,4,2,6,1,3,7,8},{1,2,3,4,7,8,5,9,6},{8,6,7,9,5,3,1,4,2},{7,3,8,5,9,2,4,6,1},{4,1,5,6,3,0,0,0,0},{0,0,0,0,0,0,0,0,0},{0,0,0,0,0,0,0,0,0},{0,0,0,0,0,0,0,0,0},{0,0,0,0,0,0,0,0,0}}
]
00:17:22.626 [main] INFO  sudoku.model.SudokuBoard - Wartość 0 wstawiona nieprawidłowo
00:17:22.626 [main] INFO  sudoku.model.SudokuBoard - Bład w kwadracie 0
sudoku.model.SudokuBoard@6ad6ae45[
  size=9
  solver=sudoku.model.BacktrackingSudokuSolver@1231a1be
  board={{5,9,4,2,6,1,3,7,8},{1,2,3,4,7,8,5,9,6},{8,6,7,9,5,3,1,4,2},{7,3,8,5,9,2,4,6,1},{4,1,5,6,0,0,0,0,0},{0,0,0,0,0,0,0,0,0},{0,0,0,0,0,0,0,0,0},{0,0,0,0,0,0,0,0,0},{0,0,0,0,0,0,0,0,0}}
]
00:17:22.626 [main] INFO  sudoku.model.SudokuBoard - Wartość 0 wstawiona nieprawidłowo
00:17:22.627 [main] INFO  sudoku.model.SudokuBoard - Bład w kwadracie 0
sudoku.model.SudokuBoard@6ad6ae45[
  size=9
  solver=sudoku.model.BacktrackingSudokuSolver@1231a1be
  board={{5,9,4,2,6,1,3,7,8},{1,2,3,4,7,8,5,9,6},{8,6,7,9,5,3,1,4,2},{7,3,8,5,9,2,4,6,1},{4,1,5,0,0,0,0,0,0},{0,0,0,0,0,0,0,0,0},{0,0,0,0,0,0,0,0,0},{0,0,0,0,0,0,0,0,0},{0,0,0,0,0,0,0,0,0}}
]
00:17:22.627 [main] INFO  sudoku.model.SudokuBoard - Wartość 0 wstawiona nieprawidłowo
00:17:22.627 [main] INFO  sudoku.model.SudokuBoard - Bład w kwadracie 0
sudoku.model.SudokuBoard@6ad6ae45[
  size=9
  solver=sudoku.model.BacktrackingSudokuSolver@1231a1be
  board={{5,9,4,2,6,1,3,7,8},{1,2,3,4,7,8,5,9,6},{8,6,7,9,5,3,1,4,2},{7,3,8,5,9,2,4,6,1},{4,1,5,7,8,6,9,2,3},{0,0,0,0,0,0,0,0,0},{0,0,0,0,0,0,0,0,0},{0,0,0,0,0,0,0,0,0},{0,0,0,0,0,0,0,0,0}}
]
00:17:22.627 [main] INFO  sudoku.model.SudokuBoard - Wartość 0 wstawiona nieprawidłowo
00:17:22.627 [main] INFO  sudoku.model.SudokuBoard - Bład w kwadracie 0
sudoku.model.SudokuBoard@6ad6ae45[
  size=9
  solver=sudoku.model.BacktrackingSudokuSolver@1231a1be
  board={{5,9,4,2,6,1,3,7,8},{1,2,3,4,7,8,5,9,6},{8,6,7,9,5,3,1,4,2},{7,3,8,5,9,2,4,6,1},{4,1,5,7,8,6,9,2,3},{0,0,0,0,0,0,0,0,0},{0,0,0,0,0,0,0,0,0},{0,0,0,0,0,0,0,0,0},{0,0,0,0,0,0,0,0,0}}
]
00:17:22.627 [main] INFO  sudoku.model.SudokuBoard - Wartość 0 wstawiona nieprawidłowo
00:17:22.628 [main] INFO  sudoku.model.SudokuBoard - Bład w kwadracie 0
sudoku.model.SudokuBoard@6ad6ae45[
  size=9
  solver=sudoku.model.BacktrackingSudokuSolver@1231a1be
  board={{5,9,4,2,6,1,3,7,8},{1,2,3,4,7,8,5,9,6},{8,6,7,9,5,3,1,4,2},{7,3,8,5,9,2,4,6,1},{4,1,5,7,8,6,9,2,3},{0,0,0,0,0,0,0,0,0},{0,0,0,0,0,0,0,0,0},{0,0,0,0,0,0,0,0,0},{0,0,0,0,0,0,0,0,0}}
]
00:17:22.628 [main] INFO  sudoku.model.SudokuBoard - Wartość 0 wstawiona nieprawidłowo
00:17:22.629 [main] INFO  sudoku.model.SudokuBoard - Bład w kwadracie 0
sudoku.model.SudokuBoard@6ad6ae45[
  size=9
  solver=sudoku.model.BacktrackingSudokuSolver@1231a1be
  board={{5,9,4,2,6,1,3,7,8},{1,2,3,4,7,8,5,9,6},{8,6,7,9,5,3,1,4,2},{7,3,8,5,9,2,4,6,1},{4,1,5,7,8,6,9,2,0},{0,0,0,0,0,0,0,0,0},{0,0,0,0,0,0,0,0,0},{0,0,0,0,0,0,0,0,0},{0,0,0,0,0,0,0,0,0}}
]
00:17:22.629 [main] INFO  sudoku.model.SudokuBoard - Wartość 0 wstawiona nieprawidłowo
00:17:22.629 [main] INFO  sudoku.model.SudokuBoard - Bład w kwadracie 0
sudoku.model.SudokuBoard@6ad6ae45[
  size=9
  solver=sudoku.model.BacktrackingSudokuSolver@1231a1be
  board={{5,9,4,2,6,1,3,7,8},{1,2,3,4,7,8,5,9,6},{8,6,7,9,5,3,1,4,2},{7,3,8,5,9,2,4,6,1},{4,1,5,7,8,6,9,0,0},{0,0,0,0,0,0,0,0,0},{0,0,0,0,0,0,0,0,0},{0,0,0,0,0,0,0,0,0},{0,0,0,0,0,0,0,0,0}}
]
00:17:22.629 [main] INFO  sudoku.model.SudokuBoard - Wartość 0 wstawiona nieprawidłowo
00:17:22.629 [main] INFO  sudoku.model.SudokuBoard - Bład w kwadracie 0
sudoku.model.SudokuBoard@6ad6ae45[
  size=9
  solver=sudoku.model.BacktrackingSudokuSolver@1231a1be
  board={{5,9,4,2,6,1,3,7,8},{1,2,3,4,7,8,5,9,6},{8,6,7,9,5,3,1,4,2},{7,3,8,5,9,2,4,6,1},{4,1,5,7,8,6,9,0,0},{0,0,0,0,0,0,0,0,0},{0,0,0,0,0,0,0,0,0},{0,0,0,0,0,0,0,0,0},{0,0,0,0,0,0,0,0,0}}
]
00:17:22.629 [main] INFO  sudoku.model.SudokuBoard - Wartość 0 wstawiona nieprawidłowo
00:17:22.629 [main] INFO  sudoku.model.SudokuBoard - Bład w kwadracie 0
sudoku.model.SudokuBoard@6ad6ae45[
  size=9
  solver=sudoku.model.BacktrackingSudokuSolver@1231a1be
  board={{5,9,4,2,6,1,3,7,8},{1,2,3,4,7,8,5,9,6},{8,6,7,9,5,3,1,4,2},{7,3,8,5,9,2,4,6,1},{4,1,5,7,8,6,0,0,0},{0,0,0,0,0,0,0,0,0},{0,0,0,0,0,0,0,0,0},{0,0,0,0,0,0,0,0,0},{0,0,0,0,0,0,0,0,0}}
]
00:17:22.629 [main] INFO  sudoku.model.SudokuBoard - Wartość 0 wstawiona nieprawidłowo
00:17:22.629 [main] INFO  sudoku.model.SudokuBoard - Bład w kwadracie 0
sudoku.model.SudokuBoard@6ad6ae45[
  size=9
  solver=sudoku.model.BacktrackingSudokuSolver@1231a1be
  board={{5,9,4,2,6,1,3,7,8},{1,2,3,4,7,8,5,9,6},{8,6,7,9,5,3,1,4,2},{7,3,8,5,9,2,4,6,1},{4,1,5,7,8,6,2,3,9},{0,0,0,0,0,0,0,0,0},{0,0,0,0,0,0,0,0,0},{0,0,0,0,0,0,0,0,0},{0,0,0,0,0,0,0,0,0}}
]
00:17:22.629 [main] INFO  sudoku.model.SudokuBoard - Wartość 0 wstawiona nieprawidłowo
00:17:22.629 [main] INFO  sudoku.model.SudokuBoard - Bład w kwadracie 0
sudoku.model.SudokuBoard@6ad6ae45[
  size=9
  solver=sudoku.model.BacktrackingSudokuSolver@1231a1be
  board={{5,9,4,2,6,1,3,7,8},{1,2,3,4,7,8,5,9,6},{8,6,7,9,5,3,1,4,2},{7,3,8,5,9,2,4,6,1},{4,1,5,7,8,6,2,3,9},{0,0,0,0,0,0,0,0,0},{0,0,0,0,0,0,0,0,0},{0,0,0,0,0,0,0,0,0},{0,0,0,0,0,0,0,0,0}}
]
00:17:22.629 [main] INFO  sudoku.model.SudokuBoard - Wartość 0 wstawiona nieprawidłowo
00:17:22.630 [main] INFO  sudoku.model.SudokuBoard - Bład w kwadracie 0
sudoku.model.SudokuBoard@6ad6ae45[
  size=9
  solver=sudoku.model.BacktrackingSudokuSolver@1231a1be
  board={{5,9,4,2,6,1,3,7,8},{1,2,3,4,7,8,5,9,6},{8,6,7,9,5,3,1,4,2},{7,3,8,5,9,2,4,6,1},{4,1,5,7,8,6,2,3,9},{0,0,0,0,0,0,0,0,0},{0,0,0,0,0,0,0,0,0},{0,0,0,0,0,0,0,0,0},{0,0,0,0,0,0,0,0,0}}
]
00:17:22.631 [main] INFO  sudoku.model.SudokuBoard - Wartość 0 wstawiona nieprawidłowo
00:17:22.631 [main] INFO  sudoku.model.SudokuBoard - Bład w kwadracie 0
sudoku.model.SudokuBoard@6ad6ae45[
  size=9
  solver=sudoku.model.BacktrackingSudokuSolver@1231a1be
  board={{5,9,4,2,6,1,3,7,8},{1,2,3,4,7,8,5,9,6},{8,6,7,9,5,3,1,4,2},{7,3,8,5,9,2,4,6,1},{4,1,5,7,8,6,2,3,0},{0,0,0,0,0,0,0,0,0},{0,0,0,0,0,0,0,0,0},{0,0,0,0,0,0,0,0,0},{0,0,0,0,0,0,0,0,0}}
]
00:17:22.631 [main] INFO  sudoku.model.SudokuBoard - Wartość 0 wstawiona nieprawidłowo
00:17:22.631 [main] INFO  sudoku.model.SudokuBoard - Bład w kwadracie 0
sudoku.model.SudokuBoard@6ad6ae45[
  size=9
  solver=sudoku.model.BacktrackingSudokuSolver@1231a1be
  board={{5,9,4,2,6,1,3,7,8},{1,2,3,4,7,8,5,9,6},{8,6,7,9,5,3,1,4,2},{7,3,8,5,9,2,4,6,1},{4,1,5,7,8,6,2,0,0},{0,0,0,0,0,0,0,0,0},{0,0,0,0,0,0,0,0,0},{0,0,0,0,0,0,0,0,0},{0,0,0,0,0,0,0,0,0}}
]
00:17:22.631 [main] INFO  sudoku.model.SudokuBoard - Wartość 0 wstawiona nieprawidłowo
00:17:22.631 [main] INFO  sudoku.model.SudokuBoard - Bład w kwadracie 0
sudoku.model.SudokuBoard@6ad6ae45[
  size=9
  solver=sudoku.model.BacktrackingSudokuSolver@1231a1be
  board={{5,9,4,2,6,1,3,7,8},{1,2,3,4,7,8,5,9,6},{8,6,7,9,5,3,1,4,2},{7,3,8,5,9,2,4,6,1},{4,1,5,7,8,6,0,0,0},{0,0,0,0,0,0,0,0,0},{0,0,0,0,0,0,0,0,0},{0,0,0,0,0,0,0,0,0},{0,0,0,0,0,0,0,0,0}}
]
00:17:22.631 [main] INFO  sudoku.model.SudokuBoard - Wartość 0 wstawiona nieprawidłowo
00:17:22.631 [main] INFO  sudoku.model.SudokuBoard - Bład w kwadracie 0
sudoku.model.SudokuBoard@6ad6ae45[
  size=9
  solver=sudoku.model.BacktrackingSudokuSolver@1231a1be
  board={{5,9,4,2,6,1,3,7,8},{1,2,3,4,7,8,5,9,6},{8,6,7,9,5,3,1,4,2},{7,3,8,5,9,2,4,6,1},{4,1,5,7,8,0,0,0,0},{0,0,0,0,0,0,0,0,0},{0,0,0,0,0,0,0,0,0},{0,0,0,0,0,0,0,0,0},{0,0,0,0,0,0,0,0,0}}
]
00:17:22.631 [main] INFO  sudoku.model.SudokuBoard - Wartość 0 wstawiona nieprawidłowo
00:17:22.631 [main] INFO  sudoku.model.SudokuBoard - Bład w kwadracie 0
sudoku.model.SudokuBoard@6ad6ae45[
  size=9
  solver=sudoku.model.BacktrackingSudokuSolver@1231a1be
  board={{5,9,4,2,6,1,3,7,8},{1,2,3,4,7,8,5,9,6},{8,6,7,9,5,3,1,4,2},{7,3,8,5,9,2,4,6,1},{4,1,5,7,0,0,0,0,0},{0,0,0,0,0,0,0,0,0},{0,0,0,0,0,0,0,0,0},{0,0,0,0,0,0,0,0,0},{0,0,0,0,0,0,0,0,0}}
]
00:17:22.631 [main] INFO  sudoku.model.SudokuBoard - Wartość 0 wstawiona nieprawidłowo
00:17:22.632 [main] INFO  sudoku.model.SudokuBoard - Bład w kwadracie 0
sudoku.model.SudokuBoard@6ad6ae45[
  size=9
  solver=sudoku.model.BacktrackingSudokuSolver@1231a1be
  board={{5,9,4,2,6,1,3,7,8},{1,2,3,4,7,8,5,9,6},{8,6,7,9,5,3,1,4,2},{7,3,8,5,9,2,4,6,1},{4,1,5,7,3,6,8,2,9},{0,0,0,0,0,0,0,0,0},{0,0,0,0,0,0,0,0,0},{0,0,0,0,0,0,0,0,0},{0,0,0,0,0,0,0,0,0}}
]
00:17:22.632 [main] INFO  sudoku.model.SudokuBoard - Wartość 0 wstawiona nieprawidłowo
00:17:22.632 [main] INFO  sudoku.model.SudokuBoard - Bład w kwadracie 0
sudoku.model.SudokuBoard@6ad6ae45[
  size=9
  solver=sudoku.model.BacktrackingSudokuSolver@1231a1be
  board={{5,9,4,2,6,1,3,7,8},{1,2,3,4,7,8,5,9,6},{8,6,7,9,5,3,1,4,2},{7,3,8,5,9,2,4,6,1},{4,1,5,7,3,6,8,2,9},{0,0,0,0,0,0,0,0,0},{0,0,0,0,0,0,0,0,0},{0,0,0,0,0,0,0,0,0},{0,0,0,0,0,0,0,0,0}}
]
00:17:22.632 [main] INFO  sudoku.model.SudokuBoard - Wartość 0 wstawiona nieprawidłowo
00:17:22.632 [main] INFO  sudoku.model.SudokuBoard - Bład w kwadracie 0
sudoku.model.SudokuBoard@6ad6ae45[
  size=9
  solver=sudoku.model.BacktrackingSudokuSolver@1231a1be
  board={{5,9,4,2,6,1,3,7,8},{1,2,3,4,7,8,5,9,6},{8,6,7,9,5,3,1,4,2},{7,3,8,5,9,2,4,6,1},{4,1,5,7,3,6,8,2,9},{0,0,0,0,0,0,0,0,0},{0,0,0,0,0,0,0,0,0},{0,0,0,0,0,0,0,0,0},{0,0,0,0,0,0,0,0,0}}
]
00:17:22.632 [main] INFO  sudoku.model.SudokuBoard - Wartość 0 wstawiona nieprawidłowo
00:17:22.632 [main] INFO  sudoku.model.SudokuBoard - Bład w kwadracie 0
sudoku.model.SudokuBoard@6ad6ae45[
  size=9
  solver=sudoku.model.BacktrackingSudokuSolver@1231a1be
  board={{5,9,4,2,6,1,3,7,8},{1,2,3,4,7,8,5,9,6},{8,6,7,9,5,3,1,4,2},{7,3,8,5,9,2,4,6,1},{4,1,5,7,3,6,8,2,0},{0,0,0,0,0,0,0,0,0},{0,0,0,0,0,0,0,0,0},{0,0,0,0,0,0,0,0,0},{0,0,0,0,0,0,0,0,0}}
]
00:17:22.632 [main] INFO  sudoku.model.SudokuBoard - Wartość 0 wstawiona nieprawidłowo
00:17:22.632 [main] INFO  sudoku.model.SudokuBoard - Bład w kwadracie 0
sudoku.model.SudokuBoard@6ad6ae45[
  size=9
  solver=sudoku.model.BacktrackingSudokuSolver@1231a1be
  board={{5,9,4,2,6,1,3,7,8},{1,2,3,4,7,8,5,9,6},{8,6,7,9,5,3,1,4,2},{7,3,8,5,9,2,4,6,1},{4,1,5,7,3,6,8,0,0},{0,0,0,0,0,0,0,0,0},{0,0,0,0,0,0,0,0,0},{0,0,0,0,0,0,0,0,0},{0,0,0,0,0,0,0,0,0}}
]
00:17:22.632 [main] INFO  sudoku.model.SudokuBoard - Wartość 0 wstawiona nieprawidłowo
00:17:22.632 [main] INFO  sudoku.model.SudokuBoard - Bład w kwadracie 0
sudoku.model.SudokuBoard@6ad6ae45[
  size=9
  solver=sudoku.model.BacktrackingSudokuSolver@1231a1be
  board={{5,9,4,2,6,1,3,7,8},{1,2,3,4,7,8,5,9,6},{8,6,7,9,5,3,1,4,2},{7,3,8,5,9,2,4,6,1},{4,1,5,7,3,6,0,0,0},{0,0,0,0,0,0,0,0,0},{0,0,0,0,0,0,0,0,0},{0,0,0,0,0,0,0,0,0},{0,0,0,0,0,0,0,0,0}}
]
00:17:22.632 [main] INFO  sudoku.model.SudokuBoard - Wartość 0 wstawiona nieprawidłowo
00:17:22.633 [main] INFO  sudoku.model.SudokuBoard - Bład w kwadracie 0
sudoku.model.SudokuBoard@6ad6ae45[
  size=9
  solver=sudoku.model.BacktrackingSudokuSolver@1231a1be
  board={{5,9,4,2,6,1,3,7,8},{1,2,3,4,7,8,5,9,6},{8,6,7,9,5,3,1,4,2},{7,3,8,5,9,2,4,6,1},{4,1,5,7,3,6,9,0,0},{0,0,0,0,0,0,0,0,0},{0,0,0,0,0,0,0,0,0},{0,0,0,0,0,0,0,0,0},{0,0,0,0,0,0,0,0,0}}
]
00:17:22.633 [main] INFO  sudoku.model.SudokuBoard - Wartość 0 wstawiona nieprawidłowo
00:17:22.633 [main] INFO  sudoku.model.SudokuBoard - Bład w kwadracie 0
sudoku.model.SudokuBoard@6ad6ae45[
  size=9
  solver=sudoku.model.BacktrackingSudokuSolver@1231a1be
  board={{5,9,4,2,6,1,3,7,8},{1,2,3,4,7,8,5,9,6},{8,6,7,9,5,3,1,4,2},{7,3,8,5,9,2,4,6,1},{4,1,5,7,3,6,9,0,0},{0,0,0,0,0,0,0,0,0},{0,0,0,0,0,0,0,0,0},{0,0,0,0,0,0,0,0,0},{0,0,0,0,0,0,0,0,0}}
]
00:17:22.633 [main] INFO  sudoku.model.SudokuBoard - Wartość 0 wstawiona nieprawidłowo
00:17:22.633 [main] INFO  sudoku.model.SudokuBoard - Bład w kwadracie 0
sudoku.model.SudokuBoard@6ad6ae45[
  size=9
  solver=sudoku.model.BacktrackingSudokuSolver@1231a1be
  board={{5,9,4,2,6,1,3,7,8},{1,2,3,4,7,8,5,9,6},{8,6,7,9,5,3,1,4,2},{7,3,8,5,9,2,4,6,1},{4,1,5,7,3,6,0,0,0},{0,0,0,0,0,0,0,0,0},{0,0,0,0,0,0,0,0,0},{0,0,0,0,0,0,0,0,0},{0,0,0,0,0,0,0,0,0}}
]
00:17:22.633 [main] INFO  sudoku.model.SudokuBoard - Wartość 0 wstawiona nieprawidłowo
00:17:22.633 [main] INFO  sudoku.model.SudokuBoard - Bład w kwadracie 0
sudoku.model.SudokuBoard@6ad6ae45[
  size=9
  solver=sudoku.model.BacktrackingSudokuSolver@1231a1be
  board={{5,9,4,2,6,1,3,7,8},{1,2,3,4,7,8,5,9,6},{8,6,7,9,5,3,1,4,2},{7,3,8,5,9,2,4,6,1},{4,1,5,7,3,6,2,8,9},{0,0,0,0,0,0,0,0,0},{0,0,0,0,0,0,0,0,0},{0,0,0,0,0,0,0,0,0},{0,0,0,0,0,0,0,0,0}}
]
00:17:22.633 [main] INFO  sudoku.model.SudokuBoard - Wartość 0 wstawiona nieprawidłowo
00:17:22.633 [main] INFO  sudoku.model.SudokuBoard - Bład w kwadracie 0
sudoku.model.SudokuBoard@6ad6ae45[
  size=9
  solver=sudoku.model.BacktrackingSudokuSolver@1231a1be
  board={{5,9,4,2,6,1,3,7,8},{1,2,3,4,7,8,5,9,6},{8,6,7,9,5,3,1,4,2},{7,3,8,5,9,2,4,6,1},{4,1,5,7,3,6,2,8,9},{0,0,0,0,0,0,0,0,0},{0,0,0,0,0,0,0,0,0},{0,0,0,0,0,0,0,0,0},{0,0,0,0,0,0,0,0,0}}
]
00:17:22.633 [main] INFO  sudoku.model.SudokuBoard - Wartość 0 wstawiona nieprawidłowo
00:17:22.634 [main] INFO  sudoku.model.SudokuBoard - Bład w kwadracie 0
sudoku.model.SudokuBoard@6ad6ae45[
  size=9
  solver=sudoku.model.BacktrackingSudokuSolver@1231a1be
  board={{5,9,4,2,6,1,3,7,8},{1,2,3,4,7,8,5,9,6},{8,6,7,9,5,3,1,4,2},{7,3,8,5,9,2,4,6,1},{4,1,5,7,3,6,2,8,9},{0,0,0,0,0,0,0,0,0},{0,0,0,0,0,0,0,0,0},{0,0,0,0,0,0,0,0,0},{0,0,0,0,0,0,0,0,0}}
]
00:17:22.634 [main] INFO  sudoku.model.SudokuBoard - Wartość 0 wstawiona nieprawidłowo
00:17:22.634 [main] INFO  sudoku.model.SudokuBoard - Bład w kwadracie 0
sudoku.model.SudokuBoard@6ad6ae45[
  size=9
  solver=sudoku.model.BacktrackingSudokuSolver@1231a1be
  board={{5,9,4,2,6,1,3,7,8},{1,2,3,4,7,8,5,9,6},{8,6,7,9,5,3,1,4,2},{7,3,8,5,9,2,4,6,1},{4,1,5,7,3,6,2,8,0},{0,0,0,0,0,0,0,0,0},{0,0,0,0,0,0,0,0,0},{0,0,0,0,0,0,0,0,0},{0,0,0,0,0,0,0,0,0}}
]
00:17:22.634 [main] INFO  sudoku.model.SudokuBoard - Wartość 0 wstawiona nieprawidłowo
00:17:22.634 [main] INFO  sudoku.model.SudokuBoard - Bład w kwadracie 0
sudoku.model.SudokuBoard@6ad6ae45[
  size=9
  solver=sudoku.model.BacktrackingSudokuSolver@1231a1be
  board={{5,9,4,2,6,1,3,7,8},{1,2,3,4,7,8,5,9,6},{8,6,7,9,5,3,1,4,2},{7,3,8,5,9,2,4,6,1},{4,1,5,7,3,6,2,0,0},{0,0,0,0,0,0,0,0,0},{0,0,0,0,0,0,0,0,0},{0,0,0,0,0,0,0,0,0},{0,0,0,0,0,0,0,0,0}}
]
00:17:22.634 [main] INFO  sudoku.model.SudokuBoard - Wartość 0 wstawiona nieprawidłowo
00:17:22.634 [main] INFO  sudoku.model.SudokuBoard - Bład w kwadracie 0
sudoku.model.SudokuBoard@6ad6ae45[
  size=9
  solver=sudoku.model.BacktrackingSudokuSolver@1231a1be
  board={{5,9,4,2,6,1,3,7,8},{1,2,3,4,7,8,5,9,6},{8,6,7,9,5,3,1,4,2},{7,3,8,5,9,2,4,6,1},{4,1,5,7,3,6,0,0,0},{0,0,0,0,0,0,0,0,0},{0,0,0,0,0,0,0,0,0},{0,0,0,0,0,0,0,0,0},{0,0,0,0,0,0,0,0,0}}
]
00:17:22.634 [main] INFO  sudoku.model.SudokuBoard - Wartość 0 wstawiona nieprawidłowo
00:17:22.634 [main] INFO  sudoku.model.SudokuBoard - Bład w kwadracie 0
sudoku.model.SudokuBoard@6ad6ae45[
  size=9
  solver=sudoku.model.BacktrackingSudokuSolver@1231a1be
  board={{5,9,4,2,6,1,3,7,8},{1,2,3,4,7,8,5,9,6},{8,6,7,9,5,3,1,4,2},{7,3,8,5,9,2,4,6,1},{4,1,5,7,3,0,0,0,0},{0,0,0,0,0,0,0,0,0},{0,0,0,0,0,0,0,0,0},{0,0,0,0,0,0,0,0,0},{0,0,0,0,0,0,0,0,0}}
]
00:17:22.634 [main] INFO  sudoku.model.SudokuBoard - Wartość 0 wstawiona nieprawidłowo
00:17:22.634 [main] INFO  sudoku.model.SudokuBoard - Bład w kwadracie 0
sudoku.model.SudokuBoard@6ad6ae45[
  size=9
  solver=sudoku.model.BacktrackingSudokuSolver@1231a1be
  board={{5,9,4,2,6,1,3,7,8},{1,2,3,4,7,8,5,9,6},{8,6,7,9,5,3,1,4,2},{7,3,8,5,9,2,4,6,1},{4,1,5,7,0,0,0,0,0},{0,0,0,0,0,0,0,0,0},{0,0,0,0,0,0,0,0,0},{0,0,0,0,0,0,0,0,0},{0,0,0,0,0,0,0,0,0}}
]
00:17:22.634 [main] INFO  sudoku.model.SudokuBoard - Wartość 0 wstawiona nieprawidłowo
00:17:22.635 [main] INFO  sudoku.model.SudokuBoard - Bład w kwadracie 0
sudoku.model.SudokuBoard@6ad6ae45[
  size=9
  solver=sudoku.model.BacktrackingSudokuSolver@1231a1be
  board={{5,9,4,2,6,1,3,7,8},{1,2,3,4,7,8,5,9,6},{8,6,7,9,5,3,1,4,2},{7,3,8,5,9,2,4,6,1},{4,1,5,0,0,0,0,0,0},{0,0,0,0,0,0,0,0,0},{0,0,0,0,0,0,0,0,0},{0,0,0,0,0,0,0,0,0},{0,0,0,0,0,0,0,0,0}}
]
00:17:22.635 [main] INFO  sudoku.model.SudokuBoard - Wartość 0 wstawiona nieprawidłowo
00:17:22.635 [main] INFO  sudoku.model.SudokuBoard - Bład w kwadracie 0
sudoku.model.SudokuBoard@6ad6ae45[
  size=9
  solver=sudoku.model.BacktrackingSudokuSolver@1231a1be
  board={{5,9,4,2,6,1,3,7,8},{1,2,3,4,7,8,5,9,6},{8,6,7,9,5,3,1,4,2},{7,3,8,5,9,2,4,6,1},{4,1,5,8,3,6,7,2,9},{0,0,0,0,0,0,0,0,0},{0,0,0,0,0,0,0,0,0},{0,0,0,0,0,0,0,0,0},{0,0,0,0,0,0,0,0,0}}
]
00:17:22.635 [main] INFO  sudoku.model.SudokuBoard - Wartość 0 wstawiona nieprawidłowo
00:17:22.635 [main] INFO  sudoku.model.SudokuBoard - Bład w kwadracie 0
sudoku.model.SudokuBoard@6ad6ae45[
  size=9
  solver=sudoku.model.BacktrackingSudokuSolver@1231a1be
  board={{5,9,4,2,6,1,3,7,8},{1,2,3,4,7,8,5,9,6},{8,6,7,9,5,3,1,4,2},{7,3,8,5,9,2,4,6,1},{4,1,5,8,3,6,7,2,9},{0,0,0,0,0,0,0,0,0},{0,0,0,0,0,0,0,0,0},{0,0,0,0,0,0,0,0,0},{0,0,0,0,0,0,0,0,0}}
]
00:17:22.635 [main] INFO  sudoku.model.SudokuBoard - Wartość 0 wstawiona nieprawidłowo
00:17:22.635 [main] INFO  sudoku.model.SudokuBoard - Bład w kwadracie 0
sudoku.model.SudokuBoard@6ad6ae45[
  size=9
  solver=sudoku.model.BacktrackingSudokuSolver@1231a1be
  board={{5,9,4,2,6,1,3,7,8},{1,2,3,4,7,8,5,9,6},{8,6,7,9,5,3,1,4,2},{7,3,8,5,9,2,4,6,1},{4,1,5,8,3,6,7,2,9},{0,0,0,0,0,0,0,0,0},{0,0,0,0,0,0,0,0,0},{0,0,0,0,0,0,0,0,0},{0,0,0,0,0,0,0,0,0}}
]
00:17:22.635 [main] INFO  sudoku.model.SudokuBoard - Wartość 0 wstawiona nieprawidłowo
00:17:22.636 [main] INFO  sudoku.model.SudokuBoard - Bład w kwadracie 0
sudoku.model.SudokuBoard@6ad6ae45[
  size=9
  solver=sudoku.model.BacktrackingSudokuSolver@1231a1be
  board={{5,9,4,2,6,1,3,7,8},{1,2,3,4,7,8,5,9,6},{8,6,7,9,5,3,1,4,2},{7,3,8,5,9,2,4,6,1},{4,1,5,8,3,6,7,2,0},{0,0,0,0,0,0,0,0,0},{0,0,0,0,0,0,0,0,0},{0,0,0,0,0,0,0,0,0},{0,0,0,0,0,0,0,0,0}}
]
00:17:22.636 [main] INFO  sudoku.model.SudokuBoard - Wartość 0 wstawiona nieprawidłowo
00:17:22.636 [main] INFO  sudoku.model.SudokuBoard - Bład w kwadracie 0
sudoku.model.SudokuBoard@6ad6ae45[
  size=9
  solver=sudoku.model.BacktrackingSudokuSolver@1231a1be
  board={{5,9,4,2,6,1,3,7,8},{1,2,3,4,7,8,5,9,6},{8,6,7,9,5,3,1,4,2},{7,3,8,5,9,2,4,6,1},{4,1,5,8,3,6,7,0,0},{0,0,0,0,0,0,0,0,0},{0,0,0,0,0,0,0,0,0},{0,0,0,0,0,0,0,0,0},{0,0,0,0,0,0,0,0,0}}
]
00:17:22.636 [main] INFO  sudoku.model.SudokuBoard - Wartość 0 wstawiona nieprawidłowo
00:17:22.636 [main] INFO  sudoku.model.SudokuBoard - Bład w kwadracie 0
sudoku.model.SudokuBoard@6ad6ae45[
  size=9
  solver=sudoku.model.BacktrackingSudokuSolver@1231a1be
  board={{5,9,4,2,6,1,3,7,8},{1,2,3,4,7,8,5,9,6},{8,6,7,9,5,3,1,4,2},{7,3,8,5,9,2,4,6,1},{4,1,5,8,3,6,0,0,0},{0,0,0,0,0,0,0,0,0},{0,0,0,0,0,0,0,0,0},{0,0,0,0,0,0,0,0,0},{0,0,0,0,0,0,0,0,0}}
]
00:17:22.636 [main] INFO  sudoku.model.SudokuBoard - Wartość 0 wstawiona nieprawidłowo
00:17:22.637 [main] INFO  sudoku.model.SudokuBoard - Bład w kwadracie 0
sudoku.model.SudokuBoard@6ad6ae45[
  size=9
  solver=sudoku.model.BacktrackingSudokuSolver@1231a1be
  board={{5,9,4,2,6,1,3,7,8},{1,2,3,4,7,8,5,9,6},{8,6,7,9,5,3,1,4,2},{7,3,8,5,9,2,4,6,1},{4,1,5,8,3,6,9,2,7},{0,0,0,0,0,0,0,0,0},{0,0,0,0,0,0,0,0,0},{0,0,0,0,0,0,0,0,0},{0,0,0,0,0,0,0,0,0}}
]
00:17:22.637 [main] INFO  sudoku.model.SudokuBoard - Wartość 0 wstawiona nieprawidłowo
00:17:22.637 [main] INFO  sudoku.model.SudokuBoard - Bład w kwadracie 0
sudoku.model.SudokuBoard@6ad6ae45[
  size=9
  solver=sudoku.model.BacktrackingSudokuSolver@1231a1be
  board={{5,9,4,2,6,1,3,7,8},{1,2,3,4,7,8,5,9,6},{8,6,7,9,5,3,1,4,2},{7,3,8,5,9,2,4,6,1},{4,1,5,8,3,6,9,2,7},{0,0,0,0,0,0,0,0,0},{0,0,0,0,0,0,0,0,0},{0,0,0,0,0,0,0,0,0},{0,0,0,0,0,0,0,0,0}}
]
00:17:22.637 [main] INFO  sudoku.model.SudokuBoard - Wartość 0 wstawiona nieprawidłowo
00:17:22.637 [main] INFO  sudoku.model.SudokuBoard - Bład w kwadracie 0
sudoku.model.SudokuBoard@6ad6ae45[
  size=9
  solver=sudoku.model.BacktrackingSudokuSolver@1231a1be
  board={{5,9,4,2,6,1,3,7,8},{1,2,3,4,7,8,5,9,6},{8,6,7,9,5,3,1,4,2},{7,3,8,5,9,2,4,6,1},{4,1,5,8,3,6,9,2,7},{0,0,0,0,0,0,0,0,0},{0,0,0,0,0,0,0,0,0},{0,0,0,0,0,0,0,0,0},{0,0,0,0,0,0,0,0,0}}
]
00:17:22.637 [main] INFO  sudoku.model.SudokuBoard - Wartość 0 wstawiona nieprawidłowo
00:17:22.637 [main] INFO  sudoku.model.SudokuBoard - Bład w kwadracie 0
sudoku.model.SudokuBoard@6ad6ae45[
  size=9
  solver=sudoku.model.BacktrackingSudokuSolver@1231a1be
  board={{5,9,4,2,6,1,3,7,8},{1,2,3,4,7,8,5,9,6},{8,6,7,9,5,3,1,4,2},{7,3,8,5,9,2,4,6,1},{4,1,5,8,3,6,9,2,0},{0,0,0,0,0,0,0,0,0},{0,0,0,0,0,0,0,0,0},{0,0,0,0,0,0,0,0,0},{0,0,0,0,0,0,0,0,0}}
]
00:17:22.637 [main] INFO  sudoku.model.SudokuBoard - Wartość 0 wstawiona nieprawidłowo
00:17:22.637 [main] INFO  sudoku.model.SudokuBoard - Bład w kwadracie 0
sudoku.model.SudokuBoard@6ad6ae45[
  size=9
  solver=sudoku.model.BacktrackingSudokuSolver@1231a1be
  board={{5,9,4,2,6,1,3,7,8},{1,2,3,4,7,8,5,9,6},{8,6,7,9,5,3,1,4,2},{7,3,8,5,9,2,4,6,1},{4,1,5,8,3,6,9,0,0},{0,0,0,0,0,0,0,0,0},{0,0,0,0,0,0,0,0,0},{0,0,0,0,0,0,0,0,0},{0,0,0,0,0,0,0,0,0}}
]
00:17:22.637 [main] INFO  sudoku.model.SudokuBoard - Wartość 0 wstawiona nieprawidłowo
00:17:22.637 [main] INFO  sudoku.model.SudokuBoard - Bład w kwadracie 0
sudoku.model.SudokuBoard@6ad6ae45[
  size=9
  solver=sudoku.model.BacktrackingSudokuSolver@1231a1be
  board={{5,9,4,2,6,1,3,7,8},{1,2,3,4,7,8,5,9,6},{8,6,7,9,5,3,1,4,2},{7,3,8,5,9,2,4,6,1},{4,1,5,8,3,6,0,0,0},{0,0,0,0,0,0,0,0,0},{0,0,0,0,0,0,0,0,0},{0,0,0,0,0,0,0,0,0},{0,0,0,0,0,0,0,0,0}}
]
00:17:22.637 [main] INFO  sudoku.model.SudokuBoard - Wartość 0 wstawiona nieprawidłowo
00:17:22.638 [main] INFO  sudoku.model.SudokuBoard - Bład w kwadracie 0
sudoku.model.SudokuBoard@6ad6ae45[
  size=9
  solver=sudoku.model.BacktrackingSudokuSolver@1231a1be
  board={{5,9,4,2,6,1,3,7,8},{1,2,3,4,7,8,5,9,6},{8,6,7,9,5,3,1,4,2},{7,3,8,5,9,2,4,6,1},{4,1,5,8,3,6,0,0,0},{0,0,0,0,0,0,0,0,0},{0,0,0,0,0,0,0,0,0},{0,0,0,0,0,0,0,0,0},{0,0,0,0,0,0,0,0,0}}
]
00:17:22.638 [main] INFO  sudoku.model.SudokuBoard - Wartość 0 wstawiona nieprawidłowo
00:17:22.638 [main] INFO  sudoku.model.SudokuBoard - Bład w kwadracie 0
sudoku.model.SudokuBoard@6ad6ae45[
  size=9
  solver=sudoku.model.BacktrackingSudokuSolver@1231a1be
  board={{5,9,4,2,6,1,3,7,8},{1,2,3,4,7,8,5,9,6},{8,6,7,9,5,3,1,4,2},{7,3,8,5,9,2,4,6,1},{4,1,5,8,3,0,0,0,0},{0,0,0,0,0,0,0,0,0},{0,0,0,0,0,0,0,0,0},{0,0,0,0,0,0,0,0,0},{0,0,0,0,0,0,0,0,0}}
]
00:17:22.638 [main] INFO  sudoku.model.SudokuBoard - Wartość 0 wstawiona nieprawidłowo
00:17:22.638 [main] INFO  sudoku.model.SudokuBoard - Bład w kwadracie 0
sudoku.model.SudokuBoard@6ad6ae45[
  size=9
  solver=sudoku.model.BacktrackingSudokuSolver@1231a1be
  board={{5,9,4,2,6,1,3,7,8},{1,2,3,4,7,8,5,9,6},{8,6,7,9,5,3,1,4,2},{7,3,8,5,9,2,4,6,1},{4,1,5,8,3,7,0,0,0},{0,0,0,0,0,0,0,0,0},{0,0,0,0,0,0,0,0,0},{0,0,0,0,0,0,0,0,0},{0,0,0,0,0,0,0,0,0}}
]
00:17:22.638 [main] INFO  sudoku.model.SudokuBoard - Wartość 0 wstawiona nieprawidłowo
00:17:22.638 [main] INFO  sudoku.model.SudokuBoard - Bład w kwadracie 0
sudoku.model.SudokuBoard@6ad6ae45[
  size=9
  solver=sudoku.model.BacktrackingSudokuSolver@1231a1be
  board={{5,9,4,2,6,1,3,7,8},{1,2,3,4,7,8,5,9,6},{8,6,7,9,5,3,1,4,2},{7,3,8,5,9,2,4,6,1},{4,1,5,8,3,7,9,0,0},{0,0,0,0,0,0,0,0,0},{0,0,0,0,0,0,0,0,0},{0,0,0,0,0,0,0,0,0},{0,0,0,0,0,0,0,0,0}}
]
00:17:22.638 [main] INFO  sudoku.model.SudokuBoard - Wartość 0 wstawiona nieprawidłowo
00:17:22.638 [main] INFO  sudoku.model.SudokuBoard - Bład w kwadracie 0
sudoku.model.SudokuBoard@6ad6ae45[
  size=9
  solver=sudoku.model.BacktrackingSudokuSolver@1231a1be
  board={{5,9,4,2,6,1,3,7,8},{1,2,3,4,7,8,5,9,6},{8,6,7,9,5,3,1,4,2},{7,3,8,5,9,2,4,6,1},{4,1,5,8,3,7,0,0,0},{0,0,0,0,0,0,0,0,0},{0,0,0,0,0,0,0,0,0},{0,0,0,0,0,0,0,0,0},{0,0,0,0,0,0,0,0,0}}
]
00:17:22.638 [main] INFO  sudoku.model.SudokuBoard - Wartość 0 wstawiona nieprawidłowo
00:17:22.638 [main] INFO  sudoku.model.SudokuBoard - Bład w kwadracie 0
sudoku.model.SudokuBoard@6ad6ae45[
  size=9
  solver=sudoku.model.BacktrackingSudokuSolver@1231a1be
  board={{5,9,4,2,6,1,3,7,8},{1,2,3,4,7,8,5,9,6},{8,6,7,9,5,3,1,4,2},{7,3,8,5,9,2,4,6,1},{4,1,5,8,3,0,0,0,0},{0,0,0,0,0,0,0,0,0},{0,0,0,0,0,0,0,0,0},{0,0,0,0,0,0,0,0,0},{0,0,0,0,0,0,0,0,0}}
]
00:17:22.638 [main] INFO  sudoku.model.SudokuBoard - Wartość 0 wstawiona nieprawidłowo
00:17:22.638 [main] INFO  sudoku.model.SudokuBoard - Bład w kwadracie 0
sudoku.model.SudokuBoard@6ad6ae45[
  size=9
  solver=sudoku.model.BacktrackingSudokuSolver@1231a1be
  board={{5,9,4,2,6,1,3,7,8},{1,2,3,4,7,8,5,9,6},{8,6,7,9,5,3,1,4,2},{7,3,8,5,9,2,4,6,1},{4,1,5,8,0,0,0,0,0},{0,0,0,0,0,0,0,0,0},{0,0,0,0,0,0,0,0,0},{0,0,0,0,0,0,0,0,0},{0,0,0,0,0,0,0,0,0}}
]
00:17:22.638 [main] INFO  sudoku.model.SudokuBoard - Wartość 0 wstawiona nieprawidłowo
00:17:22.639 [main] INFO  sudoku.model.SudokuBoard - Bład w kwadracie 0
sudoku.model.SudokuBoard@6ad6ae45[
  size=9
  solver=sudoku.model.BacktrackingSudokuSolver@1231a1be
  board={{5,9,4,2,6,1,3,7,8},{1,2,3,4,7,8,5,9,6},{8,6,7,9,5,3,1,4,2},{7,3,8,5,9,2,4,6,1},{4,1,5,0,0,0,0,0,0},{0,0,0,0,0,0,0,0,0},{0,0,0,0,0,0,0,0,0},{0,0,0,0,0,0,0,0,0},{0,0,0,0,0,0,0,0,0}}
]
00:17:22.639 [main] INFO  sudoku.model.SudokuBoard - Wartość 0 wstawiona nieprawidłowo
00:17:22.639 [main] INFO  sudoku.model.SudokuBoard - Bład w kwadracie 0
sudoku.model.SudokuBoard@6ad6ae45[
  size=9
  solver=sudoku.model.BacktrackingSudokuSolver@1231a1be
  board={{5,9,4,2,6,1,3,7,8},{1,2,3,4,7,8,5,9,6},{8,6,7,9,5,3,1,4,2},{7,3,8,5,9,2,4,6,1},{4,1,0,0,0,0,0,0,0},{0,0,0,0,0,0,0,0,0},{0,0,0,0,0,0,0,0,0},{0,0,0,0,0,0,0,0,0},{0,0,0,0,0,0,0,0,0}}
]
00:17:22.639 [main] INFO  sudoku.model.SudokuBoard - Wartość 0 wstawiona nieprawidłowo
00:17:22.639 [main] INFO  sudoku.model.SudokuBoard - Bład w kwadracie 0
sudoku.model.SudokuBoard@6ad6ae45[
  size=9
  solver=sudoku.model.BacktrackingSudokuSolver@1231a1be
  board={{5,9,4,2,6,1,3,7,8},{1,2,3,4,7,8,5,9,6},{8,6,7,9,5,3,1,4,2},{7,3,8,5,9,2,4,6,1},{4,1,6,3,8,7,9,2,5},{9,5,2,6,0,0,0,0,0},{0,0,0,0,0,0,0,0,0},{0,0,0,0,0,0,0,0,0},{0,0,0,0,0,0,0,0,0}}
]
00:17:22.639 [main] INFO  sudoku.model.SudokuBoard - Wartość 0 wstawiona nieprawidłowo
00:17:22.639 [main] INFO  sudoku.model.SudokuBoard - Bład w kwadracie 0
sudoku.model.SudokuBoard@6ad6ae45[
  size=9
  solver=sudoku.model.BacktrackingSudokuSolver@1231a1be
  board={{5,9,4,2,6,1,3,7,8},{1,2,3,4,7,8,5,9,6},{8,6,7,9,5,3,1,4,2},{7,3,8,5,9,2,4,6,1},{4,1,6,3,8,7,9,2,5},{9,5,2,6,1,4,7,8,3},{2,4,5,7,3,6,8,1,9},{3,7,9,1,2,5,0,0,0},{0,0,0,0,0,0,0,0,0}}
]
00:17:22.639 [main] INFO  sudoku.model.SudokuBoard - Wartość 0 wstawiona nieprawidłowo
00:17:22.639 [main] INFO  sudoku.model.SudokuBoard - Bład w kwadracie 0
sudoku.model.SudokuBoard@6ad6ae45[
  size=9
  solver=sudoku.model.BacktrackingSudokuSolver@1231a1be
  board={{5,9,4,2,6,1,3,7,8},{1,2,3,4,7,8,5,9,6},{8,6,7,9,5,3,1,4,2},{7,3,8,5,9,2,4,6,1},{4,1,6,3,8,7,9,2,5},{9,5,2,6,1,4,7,8,3},{2,4,5,7,3,6,8,1,9},{3,7,9,1,2,0,0,0,0},{0,0,0,0,0,0,0,0,0}}
]
00:17:22.639 [main] INFO  sudoku.model.SudokuBoard - Wartość 0 wstawiona nieprawidłowo
00:17:22.639 [main] INFO  sudoku.model.SudokuBoard - Bład w kwadracie 0
sudoku.model.SudokuBoard@6ad6ae45[
  size=9
  solver=sudoku.model.BacktrackingSudokuSolver@1231a1be
  board={{5,9,4,2,6,1,3,7,8},{1,2,3,4,7,8,5,9,6},{8,6,7,9,5,3,1,4,2},{7,3,8,5,9,2,4,6,1},{4,1,6,3,8,7,9,2,5},{9,5,2,6,1,4,7,8,3},{2,4,5,7,3,6,8,1,9},{3,7,9,1,0,0,0,0,0},{0,0,0,0,0,0,0,0,0}}
]
00:17:22.639 [main] INFO  sudoku.model.SudokuBoard - Wartość 0 wstawiona nieprawidłowo
00:17:22.639 [main] INFO  sudoku.model.SudokuBoard - Bład w kwadracie 0
sudoku.model.SudokuBoard@6ad6ae45[
  size=9
  solver=sudoku.model.BacktrackingSudokuSolver@1231a1be
  board={{5,9,4,2,6,1,3,7,8},{1,2,3,4,7,8,5,9,6},{8,6,7,9,5,3,1,4,2},{7,3,8,5,9,2,4,6,1},{4,1,6,3,8,7,9,2,5},{9,5,2,6,1,4,7,8,3},{2,4,5,7,3,6,8,1,9},{3,7,9,1,4,5,0,0,0},{0,0,0,0,0,0,0,0,0}}
]
00:17:22.639 [main] INFO  sudoku.model.SudokuBoard - Wartość 0 wstawiona nieprawidłowo
00:17:22.639 [main] INFO  sudoku.model.SudokuBoard - Bład w kwadracie 0
sudoku.model.SudokuBoard@6ad6ae45[
  size=9
  solver=sudoku.model.BacktrackingSudokuSolver@1231a1be
  board={{5,9,4,2,6,1,3,7,8},{1,2,3,4,7,8,5,9,6},{8,6,7,9,5,3,1,4,2},{7,3,8,5,9,2,4,6,1},{4,1,6,3,8,7,9,2,5},{9,5,2,6,1,4,7,8,3},{2,4,5,7,3,6,8,1,9},{3,7,9,1,4,5,0,0,0},{0,0,0,0,0,0,0,0,0}}
]
00:17:22.639 [main] INFO  sudoku.model.SudokuBoard - Wartość 0 wstawiona nieprawidłowo
00:17:22.640 [main] INFO  sudoku.model.SudokuBoard - Bład w kwadracie 0
sudoku.model.SudokuBoard@6ad6ae45[
  size=9
  solver=sudoku.model.BacktrackingSudokuSolver@1231a1be
  board={{5,9,4,2,6,1,3,7,8},{1,2,3,4,7,8,5,9,6},{8,6,7,9,5,3,1,4,2},{7,3,8,5,9,2,4,6,1},{4,1,6,3,8,7,9,2,5},{9,5,2,6,1,4,7,8,3},{2,4,5,7,3,6,8,1,9},{3,7,9,1,4,0,0,0,0},{0,0,0,0,0,0,0,0,0}}
]
00:17:22.640 [main] INFO  sudoku.model.SudokuBoard - Wartość 0 wstawiona nieprawidłowo
00:17:22.640 [main] INFO  sudoku.model.SudokuBoard - Bład w kwadracie 0
sudoku.model.SudokuBoard@6ad6ae45[
  size=9
  solver=sudoku.model.BacktrackingSudokuSolver@1231a1be
  board={{5,9,4,2,6,1,3,7,8},{1,2,3,4,7,8,5,9,6},{8,6,7,9,5,3,1,4,2},{7,3,8,5,9,2,4,6,1},{4,1,6,3,8,7,9,2,5},{9,5,2,6,1,4,7,8,3},{2,4,5,7,3,6,8,1,9},{3,7,9,1,0,0,0,0,0},{0,0,0,0,0,0,0,0,0}}
]
00:17:22.640 [main] INFO  sudoku.model.SudokuBoard - Wartość 0 wstawiona nieprawidłowo
00:17:22.640 [main] INFO  sudoku.model.SudokuBoard - Bład w kwadracie 0
sudoku.model.SudokuBoard@6ad6ae45[
  size=9
  solver=sudoku.model.BacktrackingSudokuSolver@1231a1be
  board={{5,9,4,2,6,1,3,7,8},{1,2,3,4,7,8,5,9,6},{8,6,7,9,5,3,1,4,2},{7,3,8,5,9,2,4,6,1},{4,1,6,3,8,7,9,2,5},{9,5,2,6,1,4,7,8,3},{2,4,5,7,3,6,8,1,9},{3,7,9,0,0,0,0,0,0},{0,0,0,0,0,0,0,0,0}}
]
00:17:22.640 [main] INFO  sudoku.model.SudokuBoard - Wartość 0 wstawiona nieprawidłowo
00:17:22.640 [main] INFO  sudoku.model.SudokuBoard - Bład w kwadracie 0
sudoku.model.SudokuBoard@6ad6ae45[
  size=9
  solver=sudoku.model.BacktrackingSudokuSolver@1231a1be
  board={{5,9,4,2,6,1,3,7,8},{1,2,3,4,7,8,5,9,6},{8,6,7,9,5,3,1,4,2},{7,3,8,5,9,2,4,6,1},{4,1,6,3,8,7,9,2,5},{9,5,2,6,1,4,7,8,3},{2,4,5,7,3,6,8,1,9},{3,7,9,8,4,5,0,0,0},{0,0,0,0,0,0,0,0,0}}
]
00:17:22.640 [main] INFO  sudoku.model.SudokuBoard - Wartość 0 wstawiona nieprawidłowo
00:17:22.640 [main] INFO  sudoku.model.SudokuBoard - Bład w kwadracie 0
sudoku.model.SudokuBoard@6ad6ae45[
  size=9
  solver=sudoku.model.BacktrackingSudokuSolver@1231a1be
  board={{5,9,4,2,6,1,3,7,8},{1,2,3,4,7,8,5,9,6},{8,6,7,9,5,3,1,4,2},{7,3,8,5,9,2,4,6,1},{4,1,6,3,8,7,9,2,5},{9,5,2,6,1,4,7,8,3},{2,4,5,7,3,6,8,1,9},{3,7,9,8,4,5,0,0,0},{0,0,0,0,0,0,0,0,0}}
]
00:17:22.640 [main] INFO  sudoku.model.SudokuBoard - Wartość 0 wstawiona nieprawidłowo
00:17:22.640 [main] INFO  sudoku.model.SudokuBoard - Bład w kwadracie 0
sudoku.model.SudokuBoard@6ad6ae45[
  size=9
  solver=sudoku.model.BacktrackingSudokuSolver@1231a1be
  board={{5,9,4,2,6,1,3,7,8},{1,2,3,4,7,8,5,9,6},{8,6,7,9,5,3,1,4,2},{7,3,8,5,9,2,4,6,1},{4,1,6,3,8,7,9,2,5},{9,5,2,6,1,4,7,8,3},{2,4,5,7,3,6,8,1,9},{3,7,9,8,4,0,0,0,0},{0,0,0,0,0,0,0,0,0}}
]
00:17:22.640 [main] INFO  sudoku.model.SudokuBoard - Wartość 0 wstawiona nieprawidłowo
00:17:22.640 [main] INFO  sudoku.model.SudokuBoard - Bład w kwadracie 0
sudoku.model.SudokuBoard@6ad6ae45[
  size=9
  solver=sudoku.model.BacktrackingSudokuSolver@1231a1be
  board={{5,9,4,2,6,1,3,7,8},{1,2,3,4,7,8,5,9,6},{8,6,7,9,5,3,1,4,2},{7,3,8,5,9,2,4,6,1},{4,1,6,3,8,7,9,2,5},{9,5,2,6,1,4,7,8,3},{2,4,5,7,3,6,8,1,9},{3,7,9,8,0,0,0,0,0},{0,0,0,0,0,0,0,0,0}}
]
00:17:22.640 [main] INFO  sudoku.model.SudokuBoard - Wartość 0 wstawiona nieprawidłowo
00:17:22.641 [main] INFO  sudoku.model.SudokuBoard - Bład w kwadracie 0
sudoku.model.SudokuBoard@6ad6ae45[
  size=9
  solver=sudoku.model.BacktrackingSudokuSolver@1231a1be
  board={{5,9,4,2,6,1,3,7,8},{1,2,3,4,7,8,5,9,6},{8,6,7,9,5,3,1,4,2},{7,3,8,5,9,2,4,6,1},{4,1,6,3,8,7,9,2,5},{9,5,2,6,1,4,7,8,3},{2,4,5,7,3,6,8,1,9},{3,7,9,8,2,5,0,0,0},{0,0,0,0,0,0,0,0,0}}
]
00:17:22.641 [main] INFO  sudoku.model.SudokuBoard - Wartość 0 wstawiona nieprawidłowo
00:17:22.641 [main] INFO  sudoku.model.SudokuBoard - Bład w kwadracie 0
sudoku.model.SudokuBoard@6ad6ae45[
  size=9
  solver=sudoku.model.BacktrackingSudokuSolver@1231a1be
  board={{5,9,4,2,6,1,3,7,8},{1,2,3,4,7,8,5,9,6},{8,6,7,9,5,3,1,4,2},{7,3,8,5,9,2,4,6,1},{4,1,6,3,8,7,9,2,5},{9,5,2,6,1,4,7,8,3},{2,4,5,7,3,6,8,1,9},{3,7,9,8,2,0,0,0,0},{0,0,0,0,0,0,0,0,0}}
]
00:17:22.641 [main] INFO  sudoku.model.SudokuBoard - Wartość 0 wstawiona nieprawidłowo
00:17:22.641 [main] INFO  sudoku.model.SudokuBoard - Bład w kwadracie 0
sudoku.model.SudokuBoard@6ad6ae45[
  size=9
  solver=sudoku.model.BacktrackingSudokuSolver@1231a1be
  board={{5,9,4,2,6,1,3,7,8},{1,2,3,4,7,8,5,9,6},{8,6,7,9,5,3,1,4,2},{7,3,8,5,9,2,4,6,1},{4,1,6,3,8,7,9,2,5},{9,5,2,6,1,4,7,8,3},{2,4,5,7,3,6,8,1,9},{3,7,9,8,0,0,0,0,0},{0,0,0,0,0,0,0,0,0}}
]
00:17:22.641 [main] INFO  sudoku.model.SudokuBoard - Wartość 0 wstawiona nieprawidłowo
00:17:22.641 [main] INFO  sudoku.model.SudokuBoard - Bład w kwadracie 0
sudoku.model.SudokuBoard@6ad6ae45[
  size=9
  solver=sudoku.model.BacktrackingSudokuSolver@1231a1be
  board={{5,9,4,2,6,1,3,7,8},{1,2,3,4,7,8,5,9,6},{8,6,7,9,5,3,1,4,2},{7,3,8,5,9,2,4,6,1},{4,1,6,3,8,7,9,2,5},{9,5,2,6,1,4,7,8,3},{2,4,5,7,3,6,8,1,9},{3,7,9,0,0,0,0,0,0},{0,0,0,0,0,0,0,0,0}}
]
00:17:22.641 [main] INFO  sudoku.model.SudokuBoard - Wartość 0 wstawiona nieprawidłowo
00:17:22.641 [main] INFO  sudoku.model.SudokuBoard - Bład w kwadracie 0
sudoku.model.SudokuBoard@6ad6ae45[
  size=9
  solver=sudoku.model.BacktrackingSudokuSolver@1231a1be
  board={{5,9,4,2,6,1,3,7,8},{1,2,3,4,7,8,5,9,6},{8,6,7,9,5,3,1,4,2},{7,3,8,5,9,2,4,6,1},{4,1,6,3,8,7,9,2,5},{9,5,2,6,1,4,7,8,3},{2,4,5,7,3,6,8,1,9},{3,7,0,0,0,0,0,0,0},{0,0,0,0,0,0,0,0,0}}
]
00:17:22.641 [main] INFO  sudoku.model.SudokuBoard - Wartość 0 wstawiona nieprawidłowo
Tablice maja inny uklad liczb]]></system-out>
  </testcase>
  <testcase name="checkFillBoardTest" classname="sudoku.model.SudokuBoardTest" time="0.007">
    <system-out><![CDATA[00:17:22.646 [main] INFO  sudoku.model.SudokuBoard - Bład w kwadracie 0
sudoku.model.SudokuBoard@696174d3[
  size=9
  solver=sudoku.model.BacktrackingSudokuSolver@66715ca9
  board={{8,1,2,3,9,4,7,6,5},{3,4,7,1,5,8,2,0,0},{0,0,0,0,0,0,0,0,0},{0,0,0,0,0,0,0,0,0},{0,0,0,0,0,0,0,0,0},{0,0,0,0,0,0,0,0,0},{0,0,0,0,0,0,0,0,0},{0,0,0,0,0,0,0,0,0},{0,0,0,0,0,0,0,0,0}}
]
00:17:22.646 [main] INFO  sudoku.model.SudokuBoard - Wartość 0 wstawiona nieprawidłowo
00:17:22.646 [main] INFO  sudoku.model.SudokuBoard - Bład w kwadracie 0
sudoku.model.SudokuBoard@696174d3[
  size=9
  solver=sudoku.model.BacktrackingSudokuSolver@66715ca9
  board={{8,1,2,3,9,4,7,6,5},{3,4,7,1,5,8,0,0,0},{0,0,0,0,0,0,0,0,0},{0,0,0,0,0,0,0,0,0},{0,0,0,0,0,0,0,0,0},{0,0,0,0,0,0,0,0,0},{0,0,0,0,0,0,0,0,0},{0,0,0,0,0,0,0,0,0},{0,0,0,0,0,0,0,0,0}}
]
00:17:22.648 [main] INFO  sudoku.model.SudokuBoard - Wartość 0 wstawiona nieprawidłowo
00:17:22.648 [main] INFO  sudoku.model.SudokuBoard - Bład w kwadracie 0
sudoku.model.SudokuBoard@696174d3[
  size=9
  solver=sudoku.model.BacktrackingSudokuSolver@66715ca9
  board={{8,1,2,3,9,4,7,6,5},{3,4,7,1,5,8,9,0,0},{0,0,0,0,0,0,0,0,0},{0,0,0,0,0,0,0,0,0},{0,0,0,0,0,0,0,0,0},{0,0,0,0,0,0,0,0,0},{0,0,0,0,0,0,0,0,0},{0,0,0,0,0,0,0,0,0},{0,0,0,0,0,0,0,0,0}}
]
00:17:22.648 [main] INFO  sudoku.model.SudokuBoard - Wartość 0 wstawiona nieprawidłowo
00:17:22.648 [main] INFO  sudoku.model.SudokuBoard - Bład w kwadracie 0
sudoku.model.SudokuBoard@696174d3[
  size=9
  solver=sudoku.model.BacktrackingSudokuSolver@66715ca9
  board={{8,1,2,3,9,4,7,6,5},{3,4,7,1,5,8,0,0,0},{0,0,0,0,0,0,0,0,0},{0,0,0,0,0,0,0,0,0},{0,0,0,0,0,0,0,0,0},{0,0,0,0,0,0,0,0,0},{0,0,0,0,0,0,0,0,0},{0,0,0,0,0,0,0,0,0},{0,0,0,0,0,0,0,0,0}}
]
00:17:22.648 [main] INFO  sudoku.model.SudokuBoard - Wartość 0 wstawiona nieprawidłowo
00:17:22.648 [main] INFO  sudoku.model.SudokuBoard - Bład w kwadracie 0
sudoku.model.SudokuBoard@696174d3[
  size=9
  solver=sudoku.model.BacktrackingSudokuSolver@66715ca9
  board={{8,1,2,3,9,4,7,6,5},{3,4,7,1,5,0,0,0,0},{0,0,0,0,0,0,0,0,0},{0,0,0,0,0,0,0,0,0},{0,0,0,0,0,0,0,0,0},{0,0,0,0,0,0,0,0,0},{0,0,0,0,0,0,0,0,0},{0,0,0,0,0,0,0,0,0},{0,0,0,0,0,0,0,0,0}}
]
00:17:22.648 [main] INFO  sudoku.model.SudokuBoard - Wartość 0 wstawiona nieprawidłowo
00:17:22.648 [main] INFO  sudoku.model.SudokuBoard - Bład w kwadracie 0
sudoku.model.SudokuBoard@696174d3[
  size=9
  solver=sudoku.model.BacktrackingSudokuSolver@66715ca9
  board={{8,1,2,3,9,4,7,6,5},{3,4,7,1,5,2,8,0,0},{0,0,0,0,0,0,0,0,0},{0,0,0,0,0,0,0,0,0},{0,0,0,0,0,0,0,0,0},{0,0,0,0,0,0,0,0,0},{0,0,0,0,0,0,0,0,0},{0,0,0,0,0,0,0,0,0},{0,0,0,0,0,0,0,0,0}}
]
00:17:22.648 [main] INFO  sudoku.model.SudokuBoard - Wartość 0 wstawiona nieprawidłowo
00:17:22.648 [main] INFO  sudoku.model.SudokuBoard - Bład w kwadracie 0
sudoku.model.SudokuBoard@696174d3[
  size=9
  solver=sudoku.model.BacktrackingSudokuSolver@66715ca9
  board={{8,1,2,3,9,4,7,6,5},{3,4,7,1,5,2,0,0,0},{0,0,0,0,0,0,0,0,0},{0,0,0,0,0,0,0,0,0},{0,0,0,0,0,0,0,0,0},{0,0,0,0,0,0,0,0,0},{0,0,0,0,0,0,0,0,0},{0,0,0,0,0,0,0,0,0},{0,0,0,0,0,0,0,0,0}}
]
00:17:22.648 [main] INFO  sudoku.model.SudokuBoard - Wartość 0 wstawiona nieprawidłowo
00:17:22.649 [main] INFO  sudoku.model.SudokuBoard - Bład w kwadracie 0
sudoku.model.SudokuBoard@696174d3[
  size=9
  solver=sudoku.model.BacktrackingSudokuSolver@66715ca9
  board={{8,1,2,3,9,4,7,6,5},{3,4,7,1,5,2,9,0,0},{0,0,0,0,0,0,0,0,0},{0,0,0,0,0,0,0,0,0},{0,0,0,0,0,0,0,0,0},{0,0,0,0,0,0,0,0,0},{0,0,0,0,0,0,0,0,0},{0,0,0,0,0,0,0,0,0},{0,0,0,0,0,0,0,0,0}}
]
00:17:22.649 [main] INFO  sudoku.model.SudokuBoard - Wartość 0 wstawiona nieprawidłowo
00:17:22.649 [main] INFO  sudoku.model.SudokuBoard - Bład w kwadracie 0
sudoku.model.SudokuBoard@696174d3[
  size=9
  solver=sudoku.model.BacktrackingSudokuSolver@66715ca9
  board={{8,1,2,3,9,4,7,6,5},{3,4,7,1,5,2,0,0,0},{0,0,0,0,0,0,0,0,0},{0,0,0,0,0,0,0,0,0},{0,0,0,0,0,0,0,0,0},{0,0,0,0,0,0,0,0,0},{0,0,0,0,0,0,0,0,0},{0,0,0,0,0,0,0,0,0},{0,0,0,0,0,0,0,0,0}}
]
00:17:22.649 [main] INFO  sudoku.model.SudokuBoard - Wartość 0 wstawiona nieprawidłowo
00:17:22.649 [main] INFO  sudoku.model.SudokuBoard - Bład w kwadracie 0
sudoku.model.SudokuBoard@696174d3[
  size=9
  solver=sudoku.model.BacktrackingSudokuSolver@66715ca9
  board={{8,1,2,3,9,4,7,6,5},{3,4,7,1,5,0,0,0,0},{0,0,0,0,0,0,0,0,0},{0,0,0,0,0,0,0,0,0},{0,0,0,0,0,0,0,0,0},{0,0,0,0,0,0,0,0,0},{0,0,0,0,0,0,0,0,0},{0,0,0,0,0,0,0,0,0},{0,0,0,0,0,0,0,0,0}}
]
00:17:22.649 [main] INFO  sudoku.model.SudokuBoard - Wartość 0 wstawiona nieprawidłowo
00:17:22.649 [main] INFO  sudoku.model.SudokuBoard - Bład w kwadracie 0
sudoku.model.SudokuBoard@696174d3[
  size=9
  solver=sudoku.model.BacktrackingSudokuSolver@66715ca9
  board={{8,1,2,3,9,4,7,6,5},{3,4,7,1,5,6,8,9,2},{6,5,9,2,7,8,1,3,4},{1,9,3,4,8,5,2,7,6},{2,6,8,7,3,1,4,5,9},{0,0,0,0,0,0,0,0,0},{0,0,0,0,0,0,0,0,0},{0,0,0,0,0,0,0,0,0},{0,0,0,0,0,0,0,0,0}}
]
00:17:22.649 [main] INFO  sudoku.model.SudokuBoard - Wartość 0 wstawiona nieprawidłowo
00:17:22.649 [main] INFO  sudoku.model.SudokuBoard - Bład w kwadracie 0
sudoku.model.SudokuBoard@696174d3[
  size=9
  solver=sudoku.model.BacktrackingSudokuSolver@66715ca9
  board={{8,1,2,3,9,4,7,6,5},{3,4,7,1,5,6,8,9,2},{6,5,9,2,7,8,1,3,4},{1,9,3,4,8,5,2,7,6},{2,6,8,7,3,1,4,5,9},{4,7,5,9,6,2,3,8,1},{5,8,0,0,0,0,0,0,0},{0,0,0,0,0,0,0,0,0},{0,0,0,0,0,0,0,0,0}}
]
00:17:22.649 [main] INFO  sudoku.model.SudokuBoard - Wartość 0 wstawiona nieprawidłowo
00:17:22.649 [main] INFO  sudoku.model.SudokuBoard - Bład w kwadracie 0
sudoku.model.SudokuBoard@696174d3[
  size=9
  solver=sudoku.model.BacktrackingSudokuSolver@66715ca9
  board={{8,1,2,3,9,4,7,6,5},{3,4,7,1,5,6,8,9,2},{6,5,9,2,7,8,1,3,4},{1,9,3,4,8,5,2,7,6},{2,6,8,7,3,1,4,5,9},{4,7,5,9,6,2,3,8,1},{5,8,1,6,4,3,9,2,7},{7,3,4,5,1,9,0,0,0},{0,0,0,0,0,0,0,0,0}}
]
00:17:22.649 [main] INFO  sudoku.model.SudokuBoard - Wartość 0 wstawiona nieprawidłowo
00:17:22.649 [main] INFO  sudoku.model.SudokuBoard - Bład w kwadracie 0
sudoku.model.SudokuBoard@696174d3[
  size=9
  solver=sudoku.model.BacktrackingSudokuSolver@66715ca9
  board={{8,1,2,3,9,4,7,6,5},{3,4,7,1,5,6,8,9,2},{6,5,9,2,7,8,1,3,4},{1,9,3,4,8,5,2,7,6},{2,6,8,7,3,1,4,5,9},{4,7,5,9,6,2,3,8,1},{5,8,1,6,4,3,9,2,7},{7,3,4,5,1,0,0,0,0},{0,0,0,0,0,0,0,0,0}}
]
00:17:22.649 [main] INFO  sudoku.model.SudokuBoard - Wartość 0 wstawiona nieprawidłowo
00:17:22.650 [main] INFO  sudoku.model.SudokuBoard - Bład w kwadracie 0
sudoku.model.SudokuBoard@696174d3[
  size=9
  solver=sudoku.model.BacktrackingSudokuSolver@66715ca9
  board={{8,1,2,3,9,4,7,6,5},{3,4,7,1,5,6,8,9,2},{6,5,9,2,7,8,1,3,4},{1,9,3,4,8,5,2,7,6},{2,6,8,7,3,1,4,5,9},{4,7,5,9,6,2,3,8,1},{5,8,1,6,4,3,9,2,7},{7,3,4,5,0,0,0,0,0},{0,0,0,0,0,0,0,0,0}}
]
00:17:22.650 [main] INFO  sudoku.model.SudokuBoard - Wartość 0 wstawiona nieprawidłowo
Nie wykryto bledu]]></system-out>
  </testcase>
  <testcase name="checkBoardTestBoxFalse" classname="sudoku.model.SudokuBoardTest" time="0.007">
    <system-out><![CDATA[00:17:22.656 [main] INFO  sudoku.model.SudokuBoard - Bład w kwadracie 0
sudoku.model.SudokuBoard@1d6f77d7[
  size=9
  solver=sudoku.model.BacktrackingSudokuSolver@65e620b0
  board={{3,6,7,1,2,8,4,5,9},{9,4,5,3,6,7,8,1,2},{8,1,2,4,5,9,3,7,6},{6,7,8,9,1,2,5,4,3},{5,9,1,8,3,4,6,2,7},{4,2,3,5,7,6,9,8,1},{7,8,9,2,4,0,0,0,0},{0,0,0,0,0,0,0,0,0},{0,0,0,0,0,0,0,0,0}}
]
00:17:22.656 [main] INFO  sudoku.model.SudokuBoard - Wartość 0 wstawiona nieprawidłowo
00:17:22.656 [main] INFO  sudoku.model.SudokuBoard - Bład w kwadracie 0
sudoku.model.SudokuBoard@1d6f77d7[
  size=9
  solver=sudoku.model.BacktrackingSudokuSolver@65e620b0
  board={{3,6,7,1,2,8,4,5,9},{9,4,5,3,6,7,8,1,2},{8,1,2,4,5,9,3,7,6},{6,7,8,9,1,2,5,4,3},{5,9,1,8,3,4,6,2,7},{4,2,3,5,7,6,9,8,1},{7,8,9,2,4,3,1,6,5},{1,3,4,6,8,5,2,0,0},{0,0,0,0,0,0,0,0,0}}
]
00:17:22.656 [main] INFO  sudoku.model.SudokuBoard - Wartość 0 wstawiona nieprawidłowo
00:17:22.656 [main] INFO  sudoku.model.SudokuBoard - Bład w kwadracie 0
sudoku.model.SudokuBoard@1d6f77d7[
  size=9
  solver=sudoku.model.BacktrackingSudokuSolver@65e620b0
  board={{3,6,7,1,2,8,4,5,9},{9,4,5,3,6,7,8,1,2},{8,1,2,4,5,9,3,7,6},{6,7,8,9,1,2,5,4,3},{5,9,1,8,3,4,6,2,7},{4,2,3,5,7,6,9,8,1},{7,8,9,2,4,3,1,6,5},{1,3,4,6,8,5,0,0,0},{0,0,0,0,0,0,0,0,0}}
]
00:17:22.656 [main] INFO  sudoku.model.SudokuBoard - Wartość 0 wstawiona nieprawidłowo
00:17:22.656 [main] INFO  sudoku.model.SudokuBoard - Bład w kwadracie 0
sudoku.model.SudokuBoard@1d6f77d7[
  size=9
  solver=sudoku.model.BacktrackingSudokuSolver@65e620b0
  board={{3,6,7,1,2,8,4,5,9},{9,4,5,3,6,7,8,1,2},{8,1,2,4,5,9,3,7,6},{6,7,8,9,1,2,5,4,3},{5,9,1,8,3,4,6,2,7},{4,2,3,5,7,6,9,8,1},{7,8,9,2,4,3,1,6,5},{1,3,4,6,8,5,7,0,0},{0,0,0,0,0,0,0,0,0}}
]
00:17:22.656 [main] INFO  sudoku.model.SudokuBoard - Wartość 0 wstawiona nieprawidłowo
00:17:22.656 [main] INFO  sudoku.model.SudokuBoard - Bład w kwadracie 0
sudoku.model.SudokuBoard@1d6f77d7[
  size=9
  solver=sudoku.model.BacktrackingSudokuSolver@65e620b0
  board={{3,6,7,1,2,8,4,5,9},{9,4,5,3,6,7,8,1,2},{8,1,2,4,5,9,3,7,6},{6,7,8,9,1,2,5,4,3},{5,9,1,8,3,4,6,2,7},{4,2,3,5,7,6,9,8,1},{7,8,9,2,4,3,1,6,5},{1,3,4,6,8,5,0,0,0},{0,0,0,0,0,0,0,0,0}}
]
00:17:22.656 [main] INFO  sudoku.model.SudokuBoard - Wartość 0 wstawiona nieprawidłowo
00:17:22.656 [main] INFO  sudoku.model.SudokuBoard - Bład w kwadracie 0
sudoku.model.SudokuBoard@1d6f77d7[
  size=9
  solver=sudoku.model.BacktrackingSudokuSolver@65e620b0
  board={{3,6,7,1,2,8,4,5,9},{9,4,5,3,6,7,8,1,2},{8,1,2,4,5,9,3,7,6},{6,7,8,9,1,2,5,4,3},{5,9,1,8,3,4,6,2,7},{4,2,3,5,7,6,9,8,1},{7,8,9,2,4,3,1,6,5},{1,3,4,6,8,0,0,0,0},{0,0,0,0,0,0,0,0,0}}
]
00:17:22.656 [main] INFO  sudoku.model.SudokuBoard - Wartość 0 wstawiona nieprawidłowo
00:17:22.657 [main] INFO  sudoku.model.SudokuBoard - Bład w kwadracie 0
sudoku.model.SudokuBoard@1d6f77d7[
  size=9
  solver=sudoku.model.BacktrackingSudokuSolver@65e620b0
  board={{3,6,7,1,2,8,4,5,9},{9,4,5,3,6,7,8,1,2},{8,1,2,4,5,9,3,7,6},{6,7,8,9,1,2,5,4,3},{5,9,1,8,3,4,6,2,7},{4,2,3,5,7,6,9,8,1},{7,8,9,2,4,3,1,6,5},{1,3,4,6,0,0,0,0,0},{0,0,0,0,0,0,0,0,0}}
]
00:17:22.657 [main] INFO  sudoku.model.SudokuBoard - Wartość 0 wstawiona nieprawidłowo
00:17:22.657 [main] INFO  sudoku.model.SudokuBoard - Bład w kwadracie 0
sudoku.model.SudokuBoard@1d6f77d7[
  size=9
  solver=sudoku.model.BacktrackingSudokuSolver@65e620b0
  board={{3,6,7,1,2,8,4,5,9},{9,4,5,3,6,7,8,1,2},{8,1,2,4,5,9,3,7,6},{6,7,8,9,1,2,5,4,3},{5,9,1,8,3,4,6,2,7},{4,2,3,5,7,6,9,8,1},{7,8,9,2,4,3,1,6,5},{1,3,4,6,9,5,0,0,0},{0,0,0,0,0,0,0,0,0}}
]
00:17:22.657 [main] INFO  sudoku.model.SudokuBoard - Wartość 0 wstawiona nieprawidłowo
00:17:22.657 [main] INFO  sudoku.model.SudokuBoard - Bład w kwadracie 0
sudoku.model.SudokuBoard@1d6f77d7[
  size=9
  solver=sudoku.model.BacktrackingSudokuSolver@65e620b0
  board={{3,6,7,1,2,8,4,5,9},{9,4,5,3,6,7,8,1,2},{8,1,2,4,5,9,3,7,6},{6,7,8,9,1,2,5,4,3},{5,9,1,8,3,4,6,2,7},{4,2,3,5,7,6,9,8,1},{7,8,9,2,4,3,1,6,5},{1,3,4,6,9,5,0,0,0},{0,0,0,0,0,0,0,0,0}}
]
00:17:22.657 [main] INFO  sudoku.model.SudokuBoard - Wartość 0 wstawiona nieprawidłowo
00:17:22.657 [main] INFO  sudoku.model.SudokuBoard - Bład w kwadracie 0
sudoku.model.SudokuBoard@1d6f77d7[
  size=9
  solver=sudoku.model.BacktrackingSudokuSolver@65e620b0
  board={{3,6,7,1,2,8,4,5,9},{9,4,5,3,6,7,8,1,2},{8,1,2,4,5,9,3,7,6},{6,7,8,9,1,2,5,4,3},{5,9,1,8,3,4,6,2,7},{4,2,3,5,7,6,9,8,1},{7,8,9,2,4,3,1,6,5},{1,3,4,6,9,0,0,0,0},{0,0,0,0,0,0,0,0,0}}
]
00:17:22.657 [main] INFO  sudoku.model.SudokuBoard - Wartość 0 wstawiona nieprawidłowo
00:17:22.657 [main] INFO  sudoku.model.SudokuBoard - Bład w kwadracie 0
sudoku.model.SudokuBoard@1d6f77d7[
  size=9
  solver=sudoku.model.BacktrackingSudokuSolver@65e620b0
  board={{3,6,7,1,2,8,4,5,9},{9,4,5,3,6,7,8,1,2},{8,1,2,4,5,9,3,7,6},{6,7,8,9,1,2,5,4,3},{5,9,1,8,3,4,6,2,7},{4,2,3,5,7,6,9,8,1},{7,8,9,2,4,3,1,6,5},{1,3,4,6,0,0,0,0,0},{0,0,0,0,0,0,0,0,0}}
]
00:17:22.657 [main] INFO  sudoku.model.SudokuBoard - Wartość 0 wstawiona nieprawidłowo
00:17:22.657 [main] INFO  sudoku.model.SudokuBoard - Bład w kwadracie 0
sudoku.model.SudokuBoard@1d6f77d7[
  size=9
  solver=sudoku.model.BacktrackingSudokuSolver@65e620b0
  board={{3,6,7,1,2,8,4,5,9},{9,4,5,3,6,7,8,1,2},{8,1,2,4,5,9,3,7,6},{6,7,8,9,1,2,5,4,3},{5,9,1,8,3,4,6,2,7},{4,2,3,5,7,6,9,8,1},{7,8,9,2,4,3,1,6,5},{1,3,4,0,0,0,0,0,0},{0,0,0,0,0,0,0,0,0}}
]
00:17:22.657 [main] INFO  sudoku.model.SudokuBoard - Wartość 0 wstawiona nieprawidłowo
00:17:22.658 [main] INFO  sudoku.model.SudokuBoard - Bład w kwadracie 0
sudoku.model.SudokuBoard@1d6f77d7[
  size=9
  solver=sudoku.model.BacktrackingSudokuSolver@65e620b0
  board={{3,6,7,1,2,8,4,5,9},{9,4,5,3,6,7,8,1,2},{8,1,2,4,5,9,3,7,6},{6,7,8,9,1,2,5,4,3},{5,9,1,8,3,4,6,2,7},{4,2,3,5,7,6,9,8,1},{7,8,9,2,4,3,1,6,5},{1,3,4,7,8,5,2,0,0},{0,0,0,0,0,0,0,0,0}}
]
00:17:22.658 [main] INFO  sudoku.model.SudokuBoard - Wartość 0 wstawiona nieprawidłowo
00:17:22.658 [main] INFO  sudoku.model.SudokuBoard - Bład w kwadracie 0
sudoku.model.SudokuBoard@1d6f77d7[
  size=9
  solver=sudoku.model.BacktrackingSudokuSolver@65e620b0
  board={{3,6,7,1,2,8,4,5,9},{9,4,5,3,6,7,8,1,2},{8,1,2,4,5,9,3,7,6},{6,7,8,9,1,2,5,4,3},{5,9,1,8,3,4,6,2,7},{4,2,3,5,7,6,9,8,1},{7,8,9,2,4,3,1,6,5},{1,3,4,7,8,5,0,0,0},{0,0,0,0,0,0,0,0,0}}
]
00:17:22.658 [main] INFO  sudoku.model.SudokuBoard - Wartość 0 wstawiona nieprawidłowo
00:17:22.658 [main] INFO  sudoku.model.SudokuBoard - Bład w kwadracie 0
sudoku.model.SudokuBoard@1d6f77d7[
  size=9
  solver=sudoku.model.BacktrackingSudokuSolver@65e620b0
  board={{3,6,7,1,2,8,4,5,9},{9,4,5,3,6,7,8,1,2},{8,1,2,4,5,9,3,7,6},{6,7,8,9,1,2,5,4,3},{5,9,1,8,3,4,6,2,7},{4,2,3,5,7,6,9,8,1},{7,8,9,2,4,3,1,6,5},{1,3,4,7,8,0,0,0,0},{0,0,0,0,0,0,0,0,0}}
]
00:17:22.658 [main] INFO  sudoku.model.SudokuBoard - Wartość 0 wstawiona nieprawidłowo
00:17:22.658 [main] INFO  sudoku.model.SudokuBoard - Bład w kwadracie 0
sudoku.model.SudokuBoard@1d6f77d7[
  size=9
  solver=sudoku.model.BacktrackingSudokuSolver@65e620b0
  board={{3,6,7,1,2,8,4,5,9},{9,4,5,3,6,7,8,1,2},{8,1,2,4,5,9,3,7,6},{6,7,8,9,1,2,5,4,3},{5,9,1,8,3,4,6,2,7},{4,2,3,5,7,6,9,8,1},{7,8,9,2,4,3,1,6,5},{1,3,4,7,0,0,0,0,0},{0,0,0,0,0,0,0,0,0}}
]
00:17:22.658 [main] INFO  sudoku.model.SudokuBoard - Wartość 0 wstawiona nieprawidłowo
00:17:22.658 [main] INFO  sudoku.model.SudokuBoard - Bład w kwadracie 0
sudoku.model.SudokuBoard@1d6f77d7[
  size=9
  solver=sudoku.model.BacktrackingSudokuSolver@65e620b0
  board={{3,6,7,1,2,8,4,5,9},{9,4,5,3,6,7,8,1,2},{8,1,2,4,5,9,3,7,6},{6,7,8,9,1,2,5,4,3},{5,9,1,8,3,4,6,2,7},{4,2,3,5,7,6,9,8,1},{7,8,9,2,4,3,1,6,5},{1,3,4,7,9,5,0,0,0},{0,0,0,0,0,0,0,0,0}}
]
00:17:22.658 [main] INFO  sudoku.model.SudokuBoard - Wartość 0 wstawiona nieprawidłowo
00:17:22.658 [main] INFO  sudoku.model.SudokuBoard - Bład w kwadracie 0
sudoku.model.SudokuBoard@1d6f77d7[
  size=9
  solver=sudoku.model.BacktrackingSudokuSolver@65e620b0
  board={{3,6,7,1,2,8,4,5,9},{9,4,5,3,6,7,8,1,2},{8,1,2,4,5,9,3,7,6},{6,7,8,9,1,2,5,4,3},{5,9,1,8,3,4,6,2,7},{4,2,3,5,7,6,9,8,1},{7,8,9,2,4,3,1,6,5},{1,3,4,7,9,0,0,0,0},{0,0,0,0,0,0,0,0,0}}
]
00:17:22.658 [main] INFO  sudoku.model.SudokuBoard - Wartość 0 wstawiona nieprawidłowo
00:17:22.658 [main] INFO  sudoku.model.SudokuBoard - Bład w kwadracie 0
sudoku.model.SudokuBoard@1d6f77d7[
  size=9
  solver=sudoku.model.BacktrackingSudokuSolver@65e620b0
  board={{3,6,7,1,2,8,4,5,9},{9,4,5,3,6,7,8,1,2},{8,1,2,4,5,9,3,7,6},{6,7,8,9,1,2,5,4,3},{5,9,1,8,3,4,6,2,7},{4,2,3,5,7,6,9,8,1},{7,8,9,2,4,3,1,6,5},{1,3,4,7,0,0,0,0,0},{0,0,0,0,0,0,0,0,0}}
]
00:17:22.658 [main] INFO  sudoku.model.SudokuBoard - Wartość 0 wstawiona nieprawidłowo
00:17:22.658 [main] INFO  sudoku.model.SudokuBoard - Bład w kwadracie 0
sudoku.model.SudokuBoard@1d6f77d7[
  size=9
  solver=sudoku.model.BacktrackingSudokuSolver@65e620b0
  board={{3,6,7,1,2,8,4,5,9},{9,4,5,3,6,7,8,1,2},{8,1,2,4,5,9,3,7,6},{6,7,8,9,1,2,5,4,3},{5,9,1,8,3,4,6,2,7},{4,2,3,5,7,6,9,8,1},{7,8,9,2,4,3,1,6,5},{1,3,4,0,0,0,0,0,0},{0,0,0,0,0,0,0,0,0}}
]
00:17:22.658 [main] INFO  sudoku.model.SudokuBoard - Wartość 0 wstawiona nieprawidłowo
00:17:22.659 [main] INFO  sudoku.model.SudokuBoard - Bład w kwadracie 0
sudoku.model.SudokuBoard@1d6f77d7[
  size=9
  solver=sudoku.model.BacktrackingSudokuSolver@65e620b0
  board={{3,6,7,1,2,8,4,5,9},{9,4,5,3,6,7,8,1,2},{8,1,2,4,5,9,3,7,6},{6,7,8,9,1,2,5,4,3},{5,9,1,8,3,4,6,2,7},{4,2,3,5,7,6,9,8,1},{7,8,9,2,4,3,1,6,5},{1,3,0,0,0,0,0,0,0},{0,0,0,0,0,0,0,0,0}}
]
00:17:22.659 [main] INFO  sudoku.model.SudokuBoard - Wartość 0 wstawiona nieprawidłowo
00:17:22.659 [main] INFO  sudoku.model.SudokuBoard - Bład w kwadracie 0
sudoku.model.SudokuBoard@1d6f77d7[
  size=9
  solver=sudoku.model.BacktrackingSudokuSolver@65e620b0
  board={{3,6,7,1,2,8,4,5,9},{9,4,5,3,6,7,8,1,2},{8,1,2,4,5,9,3,7,6},{6,7,8,9,1,2,5,4,3},{5,9,1,8,3,4,6,2,7},{4,2,3,5,7,6,9,8,1},{7,8,9,2,4,3,1,6,5},{1,3,6,7,9,5,0,0,0},{0,0,0,0,0,0,0,0,0}}
]
00:17:22.659 [main] INFO  sudoku.model.SudokuBoard - Wartość 0 wstawiona nieprawidłowo
00:17:22.659 [main] INFO  sudoku.model.SudokuBoard - Bład w kwadracie 0
sudoku.model.SudokuBoard@1d6f77d7[
  size=9
  solver=sudoku.model.BacktrackingSudokuSolver@65e620b0
  board={{3,6,7,1,2,8,4,5,9},{9,4,5,3,6,7,8,1,2},{8,1,2,4,5,9,3,7,6},{6,7,8,9,1,2,5,4,3},{5,9,1,8,3,4,6,2,7},{4,2,3,5,7,6,9,8,1},{7,8,9,2,4,3,1,6,5},{1,3,6,7,9,0,0,0,0},{0,0,0,0,0,0,0,0,0}}
]
00:17:22.659 [main] INFO  sudoku.model.SudokuBoard - Wartość 0 wstawiona nieprawidłowo
00:17:22.659 [main] INFO  sudoku.model.SudokuBoard - Bład w kwadracie 0
sudoku.model.SudokuBoard@1d6f77d7[
  size=9
  solver=sudoku.model.BacktrackingSudokuSolver@65e620b0
  board={{3,6,7,1,2,8,4,5,9},{9,4,5,3,6,7,8,1,2},{8,1,2,4,5,9,3,7,6},{6,7,8,9,1,2,5,4,3},{5,9,1,8,3,4,6,2,7},{4,2,3,5,7,6,9,8,1},{7,8,9,2,4,3,1,6,5},{1,3,6,7,0,0,0,0,0},{0,0,0,0,0,0,0,0,0}}
]
00:17:22.659 [main] INFO  sudoku.model.SudokuBoard - Wartość 0 wstawiona nieprawidłowo
00:17:22.659 [main] INFO  sudoku.model.SudokuBoard - Bład w kwadracie 0
sudoku.model.SudokuBoard@1d6f77d7[
  size=9
  solver=sudoku.model.BacktrackingSudokuSolver@65e620b0
  board={{3,6,7,1,2,8,4,5,9},{9,3,5,3,6,7,8,1,2},{8,1,2,4,5,9,3,7,6},{6,7,8,9,1,2,5,4,3},{5,9,1,8,3,4,6,2,7},{4,2,3,5,7,6,9,8,1},{7,8,9,2,4,3,1,6,5},{1,3,6,7,8,5,2,9,4},{2,5,4,6,9,1,7,3,8}}
]
00:17:22.659 [main] INFO  sudoku.model.SudokuBoard - Wartość 3 wstawiona nieprawidłowo
00:17:22.659 [main] INFO  sudoku.model.SudokuBoard - Bład w kwadracie 0
sudoku.model.SudokuBoard@4a9bce99[
  size=9
  solver=sudoku.model.BacktrackingSudokuSolver@65e620b0
  board={{3,6,7,1,2,8,4,5,9},{9,3,5,3,6,7,8,1,2},{8,1,2,4,5,9,3,7,6},{6,7,8,9,1,2,5,4,3},{5,9,1,8,3,4,6,2,7},{4,2,3,5,7,6,9,8,1},{7,8,9,2,4,3,1,6,5},{1,3,6,7,8,5,2,9,4},{2,5,4,6,9,1,7,3,8}}
]
]]></system-out>
  </testcase>
  <testcase name="checkCellBox1" classname="sudoku.model.SudokuBoardTest" time="0.004">
    <system-out><![CDATA[00:17:22.661 [main] INFO  sudoku.model.SudokuBoard - Bład w kwadracie 0
sudoku.model.SudokuBoard@243c4346[
  size=9
  solver=sudoku.model.BacktrackingSudokuSolver@2905b568
  board={{4,3,5,6,7,8,9,1,2},{6,2,7,9,1,3,4,5,8},{8,9,1,2,4,5,7,3,6},{1,6,2,4,3,7,5,8,9},{3,5,4,8,9,1,6,0,0},{0,0,0,0,0,0,0,0,0},{0,0,0,0,0,0,0,0,0},{0,0,0,0,0,0,0,0,0},{0,0,0,0,0,0,0,0,0}}
]
00:17:22.661 [main] INFO  sudoku.model.SudokuBoard - Wartość 0 wstawiona nieprawidłowo
00:17:22.661 [main] INFO  sudoku.model.SudokuBoard - Bład w kwadracie 0
sudoku.model.SudokuBoard@243c4346[
  size=9
  solver=sudoku.model.BacktrackingSudokuSolver@2905b568
  board={{4,3,5,6,7,8,9,1,2},{6,2,7,9,1,3,4,5,8},{8,9,1,2,4,5,7,3,6},{1,6,2,4,3,7,5,8,9},{3,5,4,8,9,1,6,2,7},{7,8,9,5,6,2,1,4,3},{2,7,6,1,5,4,3,0,0},{0,0,0,0,0,0,0,0,0},{0,0,0,0,0,0,0,0,0}}
]
00:17:22.661 [main] INFO  sudoku.model.SudokuBoard - Wartość 0 wstawiona nieprawidłowo
00:17:22.661 [main] INFO  sudoku.model.SudokuBoard - Bład w kwadracie 0
sudoku.model.SudokuBoard@243c4346[
  size=9
  solver=sudoku.model.BacktrackingSudokuSolver@2905b568
  board={{4,3,5,6,7,8,9,1,2},{6,2,7,9,1,3,4,5,8},{8,9,1,2,4,5,7,3,6},{1,6,2,4,3,7,5,8,9},{3,5,4,8,9,1,6,2,7},{7,8,9,5,6,2,1,4,3},{2,7,6,1,5,4,0,0,0},{0,0,0,0,0,0,0,0,0},{0,0,0,0,0,0,0,0,0}}
]
00:17:22.661 [main] INFO  sudoku.model.SudokuBoard - Wartość 0 wstawiona nieprawidłowo
00:17:22.662 [main] INFO  sudoku.model.SudokuBoard - Bład w kwadracie 0
sudoku.model.SudokuBoard@243c4346[
  size=9
  solver=sudoku.model.BacktrackingSudokuSolver@2905b568
  board={{4,3,5,6,7,8,9,1,2},{6,2,7,9,1,3,4,5,8},{8,9,1,2,4,5,7,3,6},{1,6,2,4,3,7,5,8,9},{3,5,4,8,9,1,6,2,7},{7,8,9,5,6,2,1,4,3},{2,7,6,1,5,4,8,0,0},{0,0,0,0,0,0,0,0,0},{0,0,0,0,0,0,0,0,0}}
]
00:17:22.662 [main] INFO  sudoku.model.SudokuBoard - Wartość 0 wstawiona nieprawidłowo
00:17:22.662 [main] INFO  sudoku.model.SudokuBoard - Bład w kwadracie 0
sudoku.model.SudokuBoard@243c4346[
  size=9
  solver=sudoku.model.BacktrackingSudokuSolver@2905b568
  board={{4,3,5,6,7,8,9,1,2},{6,2,7,9,1,3,4,5,8},{8,9,1,2,4,5,7,3,6},{1,6,2,4,3,7,5,8,9},{3,5,4,8,9,1,6,2,7},{7,8,9,5,6,2,1,4,3},{2,7,6,1,5,4,0,0,0},{0,0,0,0,0,0,0,0,0},{0,0,0,0,0,0,0,0,0}}
]
00:17:22.662 [main] INFO  sudoku.model.SudokuBoard - Wartość 0 wstawiona nieprawidłowo
00:17:22.662 [main] INFO  sudoku.model.SudokuBoard - Bład w kwadracie 0
sudoku.model.SudokuBoard@243c4346[
  size=9
  solver=sudoku.model.BacktrackingSudokuSolver@2905b568
  board={{4,3,5,6,7,8,9,1,2},{6,2,7,9,1,3,4,5,8},{8,9,1,2,4,5,7,3,6},{1,6,2,4,3,7,5,8,9},{3,5,4,8,9,1,6,2,7},{7,8,9,5,6,2,1,4,3},{2,7,6,1,5,0,0,0,0},{0,0,0,0,0,0,0,0,0},{0,0,0,0,0,0,0,0,0}}
]
00:17:22.662 [main] INFO  sudoku.model.SudokuBoard - Wartość 0 wstawiona nieprawidłowo
00:17:22.662 [main] INFO  sudoku.model.SudokuBoard - Bład w kwadracie 0
sudoku.model.SudokuBoard@243c4346[
  size=9
  solver=sudoku.model.BacktrackingSudokuSolver@2905b568
  board={{4,3,5,6,7,8,9,1,2},{6,2,7,9,1,3,4,5,8},{8,9,1,2,4,5,7,3,6},{1,6,2,4,3,7,5,8,9},{3,5,4,8,9,1,6,2,7},{7,8,9,5,6,2,1,4,3},{2,7,6,1,5,9,0,0,0},{0,0,0,0,0,0,0,0,0},{0,0,0,0,0,0,0,0,0}}
]
00:17:22.662 [main] INFO  sudoku.model.SudokuBoard - Wartość 0 wstawiona nieprawidłowo
00:17:22.662 [main] INFO  sudoku.model.SudokuBoard - Bład w kwadracie 0
sudoku.model.SudokuBoard@243c4346[
  size=9
  solver=sudoku.model.BacktrackingSudokuSolver@2905b568
  board={{4,3,5,6,7,8,9,1,2},{6,2,7,9,1,3,4,5,8},{8,9,1,2,4,5,7,3,6},{1,6,2,4,3,7,5,8,9},{3,5,4,8,9,1,6,2,7},{7,8,9,5,6,2,1,4,3},{2,7,6,1,5,9,0,0,0},{0,0,0,0,0,0,0,0,0},{0,0,0,0,0,0,0,0,0}}
]
00:17:22.662 [main] INFO  sudoku.model.SudokuBoard - Wartość 0 wstawiona nieprawidłowo
00:17:22.662 [main] INFO  sudoku.model.SudokuBoard - Bład w kwadracie 0
sudoku.model.SudokuBoard@243c4346[
  size=9
  solver=sudoku.model.BacktrackingSudokuSolver@2905b568
  board={{4,3,5,6,7,8,9,1,2},{6,2,7,9,1,3,4,5,8},{8,9,1,2,4,5,7,3,6},{1,6,2,4,3,7,5,8,9},{3,5,4,8,9,1,6,2,7},{7,8,9,5,6,2,1,4,3},{2,7,6,1,5,0,0,0,0},{0,0,0,0,0,0,0,0,0},{0,0,0,0,0,0,0,0,0}}
]
00:17:22.662 [main] INFO  sudoku.model.SudokuBoard - Wartość 0 wstawiona nieprawidłowo
00:17:22.662 [main] INFO  sudoku.model.SudokuBoard - Bład w kwadracie 0
sudoku.model.SudokuBoard@243c4346[
  size=9
  solver=sudoku.model.BacktrackingSudokuSolver@2905b568
  board={{4,3,5,6,7,8,9,1,2},{6,2,7,9,1,3,4,5,8},{8,9,1,2,4,5,7,3,6},{1,6,2,4,3,7,5,8,9},{3,5,4,8,9,1,6,2,7},{7,8,9,5,6,2,1,4,3},{2,7,6,1,0,0,0,0,0},{0,0,0,0,0,0,0,0,0},{0,0,0,0,0,0,0,0,0}}
]
00:17:22.663 [main] INFO  sudoku.model.SudokuBoard - Wartość 0 wstawiona nieprawidłowo
00:17:22.663 [main] INFO  sudoku.model.SudokuBoard - Bład w kwadracie 0
sudoku.model.SudokuBoard@243c4346[
  size=9
  solver=sudoku.model.BacktrackingSudokuSolver@2905b568
  board={{0,3,5,6,7,8,9,1,2},{6,2,7,9,1,3,4,5,8},{8,9,1,2,4,5,7,3,6},{1,6,2,4,3,7,5,8,9},{3,5,4,8,9,1,6,2,7},{7,8,9,5,6,2,1,4,3},{2,7,6,1,8,4,3,9,5},{9,1,8,3,5,6,2,7,4},{5,4,3,7,2,9,8,6,1}}
]
00:17:22.663 [main] INFO  sudoku.model.SudokuBoard - Wartość 0 wstawiona nieprawidłowo
]]></system-out>
  </testcase>
</testsuite>