<?xml version="1.0" encoding="UTF-8"?>
<testsuite xmlns:xsi="http://www.w3.org/2001/XMLSchema-instance" xsi:noNamespaceSchemaLocation="https://maven.apache.org/surefire/maven-surefire-plugin/xsd/surefire-test-report-3.0.xsd" version="3.0" name="sudoku.model.SudokuBoardTest" time="0.239" tests="14" errors="0" skipped="0" failures="0">
  <properties>
    <property name="java.specification.version" value="14"/>
    <property name="sun.cpu.isalist" value="amd64"/>
    <property name="sun.jnu.encoding" value="Cp1250"/>
    <property name="java.class.path" value="E:\studia\Sem-3\Programowanie komponentowe (07 72 3060 19)_pliki\ProjektKompo\an_pn_1145_03\Model\target\test-classes;C:\Users\maldo\.m2\repository\org\junit\jupiter\junit-jupiter-engine\5.6.2\junit-jupiter-engine-5.6.2.jar;C:\Users\maldo\.m2\repository\org\apiguardian\apiguardian-api\1.1.0\apiguardian-api-1.1.0.jar;C:\Users\maldo\.m2\repository\org\junit\platform\junit-platform-engine\1.6.2\junit-platform-engine-1.6.2.jar;C:\Users\maldo\.m2\repository\org\opentest4j\opentest4j\1.2.0\opentest4j-1.2.0.jar;C:\Users\maldo\.m2\repository\org\junit\platform\junit-platform-commons\1.6.2\junit-platform-commons-1.6.2.jar;C:\Users\maldo\.m2\repository\org\junit\jupiter\junit-jupiter-api\5.6.2\junit-jupiter-api-5.6.2.jar;C:\Users\maldo\.m2\repository\ch\qos\logback\logback-classic\1.1.7\logback-classic-1.1.7.jar;C:\Users\maldo\.m2\repository\ch\qos\logback\logback-core\1.1.7\logback-core-1.1.7.jar;C:\Users\maldo\.m2\repository\org\openjfx\javafx-controls\13\javafx-controls-13.jar;C:\Users\maldo\.m2\repository\org\openjfx\javafx-controls\13\javafx-controls-13-win.jar;C:\Users\maldo\.m2\repository\org\openjfx\javafx-graphics\13\javafx-graphics-13.jar;C:\Users\maldo\.m2\repository\org\openjfx\javafx-graphics\13\javafx-graphics-13-win.jar;C:\Users\maldo\.m2\repository\org\openjfx\javafx-base\13\javafx-base-13.jar;C:\Users\maldo\.m2\repository\org\openjfx\javafx-fxml\13\javafx-fxml-13.jar;C:\Users\maldo\.m2\repository\org\openjfx\javafx-fxml\13\javafx-fxml-13-win.jar;"/>
    <property name="java.vm.vendor" value="Oracle Corporation"/>
    <property name="sun.arch.data.model" value="64"/>
    <property name="user.variant" value=""/>
    <property name="java.vendor.url" value="https://java.oracle.com/"/>
    <property name="user.timezone" value="Europe/Warsaw"/>
    <property name="os.name" value="Windows 10"/>
    <property name="java.vm.specification.version" value="14"/>
    <property name="sun.java.launcher" value="SUN_STANDARD"/>
    <property name="user.country" value="PL"/>
    <property name="sun.boot.library.path" value="C:\Program Files\Java\jdk-14.0.2\bin"/>
    <property name="sun.java.command" value="org.apache.maven.surefire.booter.ForkedBooter C:\Users\maldo\AppData\Local\Temp\surefire17345554027573010755 2021-01-22T15-41-37_502-jvmRun1 surefire1142510444361258376tmp surefire_09753954994278721125tmp"/>
    <property name="jdk.debug" value="release"/>
    <property name="surefire.test.class.path" value="E:\studia\Sem-3\Programowanie komponentowe (07 72 3060 19)_pliki\ProjektKompo\an_pn_1145_03\Model\target\test-classes;C:\Users\maldo\.m2\repository\org\junit\jupiter\junit-jupiter-engine\5.6.2\junit-jupiter-engine-5.6.2.jar;C:\Users\maldo\.m2\repository\org\apiguardian\apiguardian-api\1.1.0\apiguardian-api-1.1.0.jar;C:\Users\maldo\.m2\repository\org\junit\platform\junit-platform-engine\1.6.2\junit-platform-engine-1.6.2.jar;C:\Users\maldo\.m2\repository\org\opentest4j\opentest4j\1.2.0\opentest4j-1.2.0.jar;C:\Users\maldo\.m2\repository\org\junit\platform\junit-platform-commons\1.6.2\junit-platform-commons-1.6.2.jar;C:\Users\maldo\.m2\repository\org\junit\jupiter\junit-jupiter-api\5.6.2\junit-jupiter-api-5.6.2.jar;C:\Users\maldo\.m2\repository\ch\qos\logback\logback-classic\1.1.7\logback-classic-1.1.7.jar;C:\Users\maldo\.m2\repository\ch\qos\logback\logback-core\1.1.7\logback-core-1.1.7.jar;C:\Users\maldo\.m2\repository\org\openjfx\javafx-controls\13\javafx-controls-13.jar;C:\Users\maldo\.m2\repository\org\openjfx\javafx-controls\13\javafx-controls-13-win.jar;C:\Users\maldo\.m2\repository\org\openjfx\javafx-graphics\13\javafx-graphics-13.jar;C:\Users\maldo\.m2\repository\org\openjfx\javafx-graphics\13\javafx-graphics-13-win.jar;C:\Users\maldo\.m2\repository\org\openjfx\javafx-base\13\javafx-base-13.jar;C:\Users\maldo\.m2\repository\org\openjfx\javafx-fxml\13\javafx-fxml-13.jar;C:\Users\maldo\.m2\repository\org\openjfx\javafx-fxml\13\javafx-fxml-13-win.jar;"/>
    <property name="sun.cpu.endian" value="little"/>
    <property name="user.home" value="C:\Users\maldo"/>
    <property name="user.language" value="pl"/>
    <property name="java.specification.vendor" value="Oracle Corporation"/>
    <property name="jdk.module.path" value="E:\studia\Sem-3\Programowanie komponentowe (07 72 3060 19)_pliki\ProjektKompo\an_pn_1145_03\Model\target\classes;C:\Users\maldo\.m2\repository\org\apache\commons\commons-lang3\3.11\commons-lang3-3.11.jar;C:\Users\maldo\.m2\repository\org\slf4j\slf4j-api\1.7.30\slf4j-api-1.7.30.jar;C:\Users\maldo\.m2\repository\org\openjfx\javafx-base\13\javafx-base-13-win.jar"/>
    <property name="java.version.date" value="2020-07-14"/>
    <property name="java.home" value="C:\Program Files\Java\jdk-14.0.2"/>
    <property name="file.separator" value="\"/>
    <property name="basedir" value="E:\studia\Sem-3\Programowanie komponentowe (07 72 3060 19)_pliki\ProjektKompo\an_pn_1145_03\Model"/>
    <property name="java.vm.compressedOopsMode" value="Zero based"/>
    <property name="line.separator" value="&#10;"/>
    <property name="java.vm.specification.vendor" value="Oracle Corporation"/>
    <property name="java.specification.name" value="Java Platform API Specification"/>
    <property name="surefire.real.class.path" value="C:\Users\maldo\.m2\repository\org\apache\maven\surefire\surefire-booter\3.0.0-M5\surefire-booter-3.0.0-M5.jar;C:\Users\maldo\.m2\repository\org\apache\maven\surefire\surefire-api\3.0.0-M5\surefire-api-3.0.0-M5.jar;C:\Users\maldo\.m2\repository\org\apache\maven\surefire\surefire-logger-api\3.0.0-M5\surefire-logger-api-3.0.0-M5.jar;C:\Users\maldo\.m2\repository\org\apache\maven\surefire\surefire-shared-utils\3.0.0-M4\surefire-shared-utils-3.0.0-M4.jar;C:\Users\maldo\.m2\repository\org\apache\maven\surefire\surefire-extensions-spi\3.0.0-M5\surefire-extensions-spi-3.0.0-M5.jar;E:\studia\Sem-3\Programowanie komponentowe (07 72 3060 19)_pliki\ProjektKompo\an_pn_1145_03\Model\target\test-classes;C:\Users\maldo\.m2\repository\org\junit\jupiter\junit-jupiter-engine\5.6.2\junit-jupiter-engine-5.6.2.jar;C:\Users\maldo\.m2\repository\org\apiguardian\apiguardian-api\1.1.0\apiguardian-api-1.1.0.jar;C:\Users\maldo\.m2\repository\org\junit\platform\junit-platform-engine\1.6.2\junit-platform-engine-1.6.2.jar;C:\Users\maldo\.m2\repository\org\opentest4j\opentest4j\1.2.0\opentest4j-1.2.0.jar;C:\Users\maldo\.m2\repository\org\junit\platform\junit-platform-commons\1.6.2\junit-platform-commons-1.6.2.jar;C:\Users\maldo\.m2\repository\org\junit\jupiter\junit-jupiter-api\5.6.2\junit-jupiter-api-5.6.2.jar;C:\Users\maldo\.m2\repository\ch\qos\logback\logback-classic\1.1.7\logback-classic-1.1.7.jar;C:\Users\maldo\.m2\repository\ch\qos\logback\logback-core\1.1.7\logback-core-1.1.7.jar;C:\Users\maldo\.m2\repository\org\openjfx\javafx-controls\13\javafx-controls-13.jar;C:\Users\maldo\.m2\repository\org\openjfx\javafx-controls\13\javafx-controls-13-win.jar;C:\Users\maldo\.m2\repository\org\openjfx\javafx-graphics\13\javafx-graphics-13.jar;C:\Users\maldo\.m2\repository\org\openjfx\javafx-graphics\13\javafx-graphics-13-win.jar;C:\Users\maldo\.m2\repository\org\openjfx\javafx-base\13\javafx-base-13.jar;C:\Users\maldo\.m2\repository\org\openjfx\javafx-fxml\13\javafx-fxml-13.jar;C:\Users\maldo\.m2\repository\org\openjfx\javafx-fxml\13\javafx-fxml-13-win.jar;C:\Users\maldo\.m2\repository\org\apache\maven\surefire\surefire-junit-platform\3.0.0-M5\surefire-junit-platform-3.0.0-M5.jar;C:\Users\maldo\.m2\repository\org\apache\maven\surefire\common-java5\3.0.0-M5\common-java5-3.0.0-M5.jar;C:\Users\maldo\.m2\repository\org\junit\platform\junit-platform-launcher\1.6.2\junit-platform-launcher-1.6.2.jar"/>
    <property name="user.script" value=""/>
    <property name="sun.management.compiler" value="HotSpot 64-Bit Tiered Compilers"/>
    <property name="java.runtime.version" value="14.0.2+12-46"/>
    <property name="user.name" value="maldo"/>
    <property name="path.separator" value=";"/>
    <property name="os.version" value="10.0"/>
    <property name="java.runtime.name" value="Java(TM) SE Runtime Environment"/>
    <property name="file.encoding" value="Cp1250"/>
    <property name="java.vm.name" value="Java HotSpot(TM) 64-Bit Server VM"/>
    <property name="localRepository" value="C:\Users\maldo\.m2\repository"/>
    <property name="java.vendor.url.bug" value="https://bugreport.java.com/bugreport/"/>
    <property name="java.io.tmpdir" value="C:\Users\maldo\AppData\Local\Temp\"/>
    <property name="idea.version" value="2020.2.3"/>
    <property name="java.version" value="14.0.2"/>
    <property name="user.dir" value="E:\studia\Sem-3\Programowanie komponentowe (07 72 3060 19)_pliki\ProjektKompo\an_pn_1145_03\Model"/>
    <property name="os.arch" value="amd64"/>
    <property name="java.vm.specification.name" value="Java Virtual Machine Specification"/>
    <property name="sun.os.patch.level" value=""/>
    <property name="java.library.path" value="C:\Program Files\Java\jdk-14.0.2\bin;C:\WINDOWS\Sun\Java\bin;C:\WINDOWS\system32;C:\WINDOWS;C:\Program Files (x86)\Razer Chroma SDK\bin;C:\Program Files\Razer Chroma SDK\bin;C:\Python\Scripts\;C:\Python\;C:\Program Files (x86)\Intel\iCLS Client\;C:\Program Files\Intel\iCLS Client\;C:\Windows\system32;C:\Windows;C:\Windows\System32\Wbem;C:\Windows\System32\WindowsPowerShell\v1.0\;C:\Windows\System32\OpenSSH\;C:\Program Files (x86)\NVIDIA Corporation\PhysX\Common;C:\Program Files (x86)\Intel\Intel(R) Management Engine Components\DAL;C:\Program Files\Intel\Intel(R) Management Engine Components\DAL;C:\Program Files (x86)\Intel\Intel(R) Management Engine Components\IPT;C:\Program Files\Intel\Intel(R) Management Engine Components\IPT;C:\Program Files\Intel\WiFi\bin\;C:\Program Files\Common Files\Intel\WirelessCommon\;C:\Program Files (x86)\Windows Kits\8.1\Windows Performance Toolkit\;C:\Users\maldo\AppData\Local\Microsoft\WindowsApps;C:\Program Files\NVIDIA Corporation\NVIDIA NvDLISR;C:\Program Files (x86)\MKVToolNix;C:\WINDOWS\system32;C:\WINDOWS;C:\WINDOWS\System32\Wbem;C:\WINDOWS\System32\WindowsPowerShell\v1.0\;C:\WINDOWS\System32\OpenSSH\;E:\studia\Sem-3\Programowanie komponentowe (07 72 3060 19)_pliki\apache-maven-3.6.3\bin;C:\msys64\usr\bin;C:\Program Files\Java\jdk-14.0.2\bin;C:\Program Files (x86)\Calibre2\;C:\Users\maldo\AppData\Local\Microsoft\WindowsApps;C:\Program Files\Intel\WiFi\bin\;C:\Program Files\Common Files\Intel\WirelessCommon\;C:\Program Files\JetBrains\CLion 2019.3.3\bin;;C:\Users\maldo\AppData\Local\Programs\Microsoft VS Code\bin;C:\Users\maldo\AppData\Local\GitHubDesktop\bin;."/>
    <property name="java.vm.info" value="mixed mode"/>
    <property name="java.vendor" value="Oracle Corporation"/>
    <property name="java.vm.version" value="14.0.2+12-46"/>
    <property name="sun.io.unicode.encoding" value="UnicodeLittle"/>
    <property name="java.class.version" value="58.0"/>
  </properties>
  <testcase name="ShowBoardTest" classname="sudoku.model.SudokuBoardTest" time="0.004"/>
  <testcase name="testEqualsWrongObject" classname="sudoku.model.SudokuBoardTest" time="0.001"/>
  <testcase name="testToString" classname="sudoku.model.SudokuBoardTest" time="0.14">
    <system-out><![CDATA[15:41:40.566 [main] INFO sudoku.model.SudokuBoard - Bład w kwadracie 0
sudoku.model.SudokuBoard@2f14b0f6[
  size=9
  solver=sudoku.model.BacktrackingSudokuSolver@5b20706
  board={{3,6,1,2,8,9,7,5,4},{4,2,5,6,1,3,8,0,0},{0,0,0,0,0,0,0,0,0},{0,0,0,0,0,0,0,0,0},{0,0,0,0,0,0,0,0,0},{0,0,0,0,0,0,0,0,0},{0,0,0,0,0,0,0,0,0},{0,0,0,0,0,0,0,0,0},{0,0,0,0,0,0,0,0,0}}
]
15:41:40.566 [main] INFO sudoku.model.SudokuBoard - Wartość 0 wstawiona nieprawidłowo
15:41:40.568 [main] INFO sudoku.model.SudokuBoard - Bład w kwadracie 0
sudoku.model.SudokuBoard@2f14b0f6[
  size=9
  solver=sudoku.model.BacktrackingSudokuSolver@5b20706
  board={{3,6,1,2,8,9,7,5,4},{4,2,5,6,1,3,0,0,0},{0,0,0,0,0,0,0,0,0},{0,0,0,0,0,0,0,0,0},{0,0,0,0,0,0,0,0,0},{0,0,0,0,0,0,0,0,0},{0,0,0,0,0,0,0,0,0},{0,0,0,0,0,0,0,0,0},{0,0,0,0,0,0,0,0,0}}
]
15:41:40.568 [main] INFO sudoku.model.SudokuBoard - Wartość 0 wstawiona nieprawidłowo
15:41:40.568 [main] INFO sudoku.model.SudokuBoard - Bład w kwadracie 0
sudoku.model.SudokuBoard@2f14b0f6[
  size=9
  solver=sudoku.model.BacktrackingSudokuSolver@5b20706
  board={{3,6,1,2,8,9,7,5,4},{4,2,5,6,1,3,9,0,0},{0,0,0,0,0,0,0,0,0},{0,0,0,0,0,0,0,0,0},{0,0,0,0,0,0,0,0,0},{0,0,0,0,0,0,0,0,0},{0,0,0,0,0,0,0,0,0},{0,0,0,0,0,0,0,0,0},{0,0,0,0,0,0,0,0,0}}
]
15:41:40.568 [main] INFO sudoku.model.SudokuBoard - Wartość 0 wstawiona nieprawidłowo
15:41:40.568 [main] INFO sudoku.model.SudokuBoard - Bład w kwadracie 0
sudoku.model.SudokuBoard@2f14b0f6[
  size=9
  solver=sudoku.model.BacktrackingSudokuSolver@5b20706
  board={{3,6,1,2,8,9,7,5,4},{4,2,5,6,1,3,0,0,0},{0,0,0,0,0,0,0,0,0},{0,0,0,0,0,0,0,0,0},{0,0,0,0,0,0,0,0,0},{0,0,0,0,0,0,0,0,0},{0,0,0,0,0,0,0,0,0},{0,0,0,0,0,0,0,0,0},{0,0,0,0,0,0,0,0,0}}
]
15:41:40.568 [main] INFO sudoku.model.SudokuBoard - Wartość 0 wstawiona nieprawidłowo
15:41:40.568 [main] INFO sudoku.model.SudokuBoard - Bład w kwadracie 0
sudoku.model.SudokuBoard@2f14b0f6[
  size=9
  solver=sudoku.model.BacktrackingSudokuSolver@5b20706
  board={{3,6,1,2,8,9,7,5,4},{4,2,5,6,1,0,0,0,0},{0,0,0,0,0,0,0,0,0},{0,0,0,0,0,0,0,0,0},{0,0,0,0,0,0,0,0,0},{0,0,0,0,0,0,0,0,0},{0,0,0,0,0,0,0,0,0},{0,0,0,0,0,0,0,0,0},{0,0,0,0,0,0,0,0,0}}
]
15:41:40.568 [main] INFO sudoku.model.SudokuBoard - Wartość 0 wstawiona nieprawidłowo
15:41:40.568 [main] INFO sudoku.model.SudokuBoard - Bład w kwadracie 0
sudoku.model.SudokuBoard@2f14b0f6[
  size=9
  solver=sudoku.model.BacktrackingSudokuSolver@5b20706
  board={{3,6,1,2,8,9,7,5,4},{4,2,5,6,1,7,8,9,3},{7,8,9,3,5,4,1,2,6},{2,7,6,4,9,3,5,1,8},{8,3,4,1,2,5,6,7,9},{9,0,0,0,0,0,0,0,0},{0,0,0,0,0,0,0,0,0},{0,0,0,0,0,0,0,0,0},{0,0,0,0,0,0,0,0,0}}
]
15:41:40.568 [main] INFO sudoku.model.SudokuBoard - Wartość 0 wstawiona nieprawidłowo
15:41:40.569 [main] INFO sudoku.model.SudokuBoard - Bład w kwadracie 0
sudoku.model.SudokuBoard@2f14b0f6[
  size=9
  solver=sudoku.model.BacktrackingSudokuSolver@5b20706
  board={{3,6,1,2,8,9,7,5,4},{4,2,5,6,1,7,8,9,3},{7,8,9,3,5,4,1,2,6},{2,7,6,4,9,3,5,1,8},{8,3,4,1,2,5,6,7,9},{9,0,0,0,0,0,0,0,0},{0,0,0,0,0,0,0,0,0},{0,0,0,0,0,0,0,0,0},{0,0,0,0,0,0,0,0,0}}
]
15:41:40.569 [main] INFO sudoku.model.SudokuBoard - Wartość 0 wstawiona nieprawidłowo
15:41:40.569 [main] INFO sudoku.model.SudokuBoard - Bład w kwadracie 0
sudoku.model.SudokuBoard@2f14b0f6[
  size=9
  solver=sudoku.model.BacktrackingSudokuSolver@5b20706
  board={{3,6,1,2,8,9,7,5,4},{4,2,5,6,1,7,8,9,3},{7,8,9,3,5,4,1,2,6},{2,7,6,4,9,3,5,1,8},{8,3,4,1,2,5,6,7,9},{0,0,0,0,0,0,0,0,0},{0,0,0,0,0,0,0,0,0},{0,0,0,0,0,0,0,0,0},{0,0,0,0,0,0,0,0,0}}
]
15:41:40.569 [main] INFO sudoku.model.SudokuBoard - Wartość 0 wstawiona nieprawidłowo
15:41:40.569 [main] INFO sudoku.model.SudokuBoard - Bład w kwadracie 0
sudoku.model.SudokuBoard@2f14b0f6[
  size=9
  solver=sudoku.model.BacktrackingSudokuSolver@5b20706
  board={{3,6,1,2,8,9,7,5,4},{4,2,5,6,1,7,8,9,3},{7,8,9,3,5,4,1,2,6},{2,7,6,4,9,3,5,1,8},{8,3,4,1,2,5,6,7,9},{1,0,0,0,0,0,0,0,0},{0,0,0,0,0,0,0,0,0},{0,0,0,0,0,0,0,0,0},{0,0,0,0,0,0,0,0,0}}
]
15:41:40.569 [main] INFO sudoku.model.SudokuBoard - Wartość 0 wstawiona nieprawidłowo
15:41:40.569 [main] INFO sudoku.model.SudokuBoard - Bład w kwadracie 0
sudoku.model.SudokuBoard@2f14b0f6[
  size=9
  solver=sudoku.model.BacktrackingSudokuSolver@5b20706
  board={{3,6,1,2,8,9,7,5,4},{4,2,5,6,1,7,8,9,3},{7,8,9,3,5,4,1,2,6},{2,7,6,4,9,3,5,1,8},{8,3,4,1,2,5,6,7,9},{1,0,0,0,0,0,0,0,0},{0,0,0,0,0,0,0,0,0},{0,0,0,0,0,0,0,0,0},{0,0,0,0,0,0,0,0,0}}
]
15:41:40.569 [main] INFO sudoku.model.SudokuBoard - Wartość 0 wstawiona nieprawidłowo
15:41:40.570 [main] INFO sudoku.model.SudokuBoard - Bład w kwadracie 0
sudoku.model.SudokuBoard@2f14b0f6[
  size=9
  solver=sudoku.model.BacktrackingSudokuSolver@5b20706
  board={{3,6,1,2,8,9,7,5,4},{4,2,5,6,1,7,8,9,3},{7,8,9,3,5,4,1,2,6},{2,7,6,4,9,3,5,1,8},{8,3,4,1,2,5,6,7,9},{0,0,0,0,0,0,0,0,0},{0,0,0,0,0,0,0,0,0},{0,0,0,0,0,0,0,0,0},{0,0,0,0,0,0,0,0,0}}
]
15:41:40.570 [main] INFO sudoku.model.SudokuBoard - Wartość 0 wstawiona nieprawidłowo
15:41:40.570 [main] INFO sudoku.model.SudokuBoard - Bład w kwadracie 0
sudoku.model.SudokuBoard@2f14b0f6[
  size=9
  solver=sudoku.model.BacktrackingSudokuSolver@5b20706
  board={{3,6,1,2,8,9,7,5,4},{4,2,5,6,1,7,8,9,3},{7,8,9,3,5,4,1,2,6},{2,7,6,4,9,3,5,1,8},{8,3,4,1,2,5,6,7,9},{5,0,0,0,0,0,0,0,0},{0,0,0,0,0,0,0,0,0},{0,0,0,0,0,0,0,0,0},{0,0,0,0,0,0,0,0,0}}
]
15:41:40.570 [main] INFO sudoku.model.SudokuBoard - Wartość 0 wstawiona nieprawidłowo
15:41:40.570 [main] INFO sudoku.model.SudokuBoard - Bład w kwadracie 0
sudoku.model.SudokuBoard@2f14b0f6[
  size=9
  solver=sudoku.model.BacktrackingSudokuSolver@5b20706
  board={{3,6,1,2,8,9,7,5,4},{4,2,5,6,1,7,8,9,3},{7,8,9,3,5,4,1,2,6},{2,7,6,4,9,3,5,1,8},{8,3,4,1,2,5,6,7,9},{5,0,0,0,0,0,0,0,0},{0,0,0,0,0,0,0,0,0},{0,0,0,0,0,0,0,0,0},{0,0,0,0,0,0,0,0,0}}
]
15:41:40.570 [main] INFO sudoku.model.SudokuBoard - Wartość 0 wstawiona nieprawidłowo
15:41:40.570 [main] INFO sudoku.model.SudokuBoard - Bład w kwadracie 0
sudoku.model.SudokuBoard@2f14b0f6[
  size=9
  solver=sudoku.model.BacktrackingSudokuSolver@5b20706
  board={{3,6,1,2,8,9,7,5,4},{4,2,5,6,1,7,8,9,3},{7,8,9,3,5,4,1,2,6},{2,7,6,4,9,3,5,1,8},{8,3,4,1,2,5,6,7,9},{0,0,0,0,0,0,0,0,0},{0,0,0,0,0,0,0,0,0},{0,0,0,0,0,0,0,0,0},{0,0,0,0,0,0,0,0,0}}
]
15:41:40.570 [main] INFO sudoku.model.SudokuBoard - Wartość 0 wstawiona nieprawidłowo
15:41:40.570 [main] INFO sudoku.model.SudokuBoard - Bład w kwadracie 0
sudoku.model.SudokuBoard@2f14b0f6[
  size=9
  solver=sudoku.model.BacktrackingSudokuSolver@5b20706
  board={{3,6,1,2,8,9,7,5,4},{4,2,5,6,1,7,8,9,3},{7,8,9,3,5,4,1,2,6},{2,7,6,4,9,3,5,1,8},{8,3,4,1,2,5,6,7,0},{0,0,0,0,0,0,0,0,0},{0,0,0,0,0,0,0,0,0},{0,0,0,0,0,0,0,0,0},{0,0,0,0,0,0,0,0,0}}
]
15:41:40.570 [main] INFO sudoku.model.SudokuBoard - Wartość 0 wstawiona nieprawidłowo
15:41:40.570 [main] INFO sudoku.model.SudokuBoard - Bład w kwadracie 0
sudoku.model.SudokuBoard@2f14b0f6[
  size=9
  solver=sudoku.model.BacktrackingSudokuSolver@5b20706
  board={{3,6,1,2,8,9,7,5,4},{4,2,5,6,1,7,8,9,3},{7,8,9,3,5,4,1,2,6},{2,7,6,4,9,3,5,1,8},{8,3,4,1,2,5,6,0,0},{0,0,0,0,0,0,0,0,0},{0,0,0,0,0,0,0,0,0},{0,0,0,0,0,0,0,0,0},{0,0,0,0,0,0,0,0,0}}
]
15:41:40.570 [main] INFO sudoku.model.SudokuBoard - Wartość 0 wstawiona nieprawidłowo
15:41:40.571 [main] INFO sudoku.model.SudokuBoard - Bład w kwadracie 0
sudoku.model.SudokuBoard@2f14b0f6[
  size=9
  solver=sudoku.model.BacktrackingSudokuSolver@5b20706
  board={{3,6,1,2,8,9,7,5,4},{4,2,5,6,1,7,8,9,3},{7,8,9,3,5,4,1,2,6},{2,7,6,4,9,3,5,1,8},{8,3,4,1,2,5,0,0,0},{0,0,0,0,0,0,0,0,0},{0,0,0,0,0,0,0,0,0},{0,0,0,0,0,0,0,0,0},{0,0,0,0,0,0,0,0,0}}
]
15:41:40.572 [main] INFO sudoku.model.SudokuBoard - Wartość 0 wstawiona nieprawidłowo
15:41:40.572 [main] INFO sudoku.model.SudokuBoard - Bład w kwadracie 0
sudoku.model.SudokuBoard@2f14b0f6[
  size=9
  solver=sudoku.model.BacktrackingSudokuSolver@5b20706
  board={{3,6,1,2,8,9,7,5,4},{4,2,5,6,1,7,8,9,3},{7,8,9,3,5,4,1,2,6},{2,7,6,4,9,3,5,1,8},{8,3,4,1,2,5,9,0,0},{0,0,0,0,0,0,0,0,0},{0,0,0,0,0,0,0,0,0},{0,0,0,0,0,0,0,0,0},{0,0,0,0,0,0,0,0,0}}
]
15:41:40.572 [main] INFO sudoku.model.SudokuBoard - Wartość 0 wstawiona nieprawidłowo
15:41:40.572 [main] INFO sudoku.model.SudokuBoard - Bład w kwadracie 0
sudoku.model.SudokuBoard@2f14b0f6[
  size=9
  solver=sudoku.model.BacktrackingSudokuSolver@5b20706
  board={{3,6,1,2,8,9,7,5,4},{4,2,5,6,1,7,8,9,3},{7,8,9,3,5,4,1,2,6},{2,7,6,4,9,3,5,1,8},{8,3,4,1,2,5,9,6,7},{5,0,0,0,0,0,0,0,0},{0,0,0,0,0,0,0,0,0},{0,0,0,0,0,0,0,0,0},{0,0,0,0,0,0,0,0,0}}
]
15:41:40.572 [main] INFO sudoku.model.SudokuBoard - Wartość 0 wstawiona nieprawidłowo
15:41:40.573 [main] INFO sudoku.model.SudokuBoard - Bład w kwadracie 0
sudoku.model.SudokuBoard@2f14b0f6[
  size=9
  solver=sudoku.model.BacktrackingSudokuSolver@5b20706
  board={{3,6,1,2,8,9,7,5,4},{4,2,5,6,1,7,8,9,3},{7,8,9,3,5,4,1,2,6},{2,7,6,4,9,3,5,1,8},{8,3,4,1,2,5,9,6,7},{5,0,0,0,0,0,0,0,0},{0,0,0,0,0,0,0,0,0},{0,0,0,0,0,0,0,0,0},{0,0,0,0,0,0,0,0,0}}
]
15:41:40.573 [main] INFO sudoku.model.SudokuBoard - Wartość 0 wstawiona nieprawidłowo
15:41:40.573 [main] INFO sudoku.model.SudokuBoard - Bład w kwadracie 0
sudoku.model.SudokuBoard@2f14b0f6[
  size=9
  solver=sudoku.model.BacktrackingSudokuSolver@5b20706
  board={{3,6,1,2,8,9,7,5,4},{4,2,5,6,1,7,8,9,3},{7,8,9,3,5,4,1,2,6},{2,7,6,4,9,3,5,1,8},{8,3,4,1,2,5,9,6,7},{0,0,0,0,0,0,0,0,0},{0,0,0,0,0,0,0,0,0},{0,0,0,0,0,0,0,0,0},{0,0,0,0,0,0,0,0,0}}
]
15:41:40.574 [main] INFO sudoku.model.SudokuBoard - Wartość 0 wstawiona nieprawidłowo
15:41:40.574 [main] INFO sudoku.model.SudokuBoard - Bład w kwadracie 0
sudoku.model.SudokuBoard@2f14b0f6[
  size=9
  solver=sudoku.model.BacktrackingSudokuSolver@5b20706
  board={{3,6,1,2,8,9,7,5,4},{4,2,5,6,1,7,8,9,3},{7,8,9,3,5,4,1,2,6},{2,7,6,4,9,3,5,1,8},{8,3,4,1,2,5,9,6,7},{9,0,0,0,0,0,0,0,0},{0,0,0,0,0,0,0,0,0},{0,0,0,0,0,0,0,0,0},{0,0,0,0,0,0,0,0,0}}
]
15:41:40.574 [main] INFO sudoku.model.SudokuBoard - Wartość 0 wstawiona nieprawidłowo
15:41:40.574 [main] INFO sudoku.model.SudokuBoard - Bład w kwadracie 0
sudoku.model.SudokuBoard@2f14b0f6[
  size=9
  solver=sudoku.model.BacktrackingSudokuSolver@5b20706
  board={{3,6,1,2,8,9,7,5,4},{4,2,5,6,1,7,8,9,3},{7,8,9,3,5,4,1,2,6},{2,7,6,4,9,3,5,1,8},{8,3,4,1,2,5,9,6,7},{9,0,0,0,0,0,0,0,0},{0,0,0,0,0,0,0,0,0},{0,0,0,0,0,0,0,0,0},{0,0,0,0,0,0,0,0,0}}
]
15:41:40.574 [main] INFO sudoku.model.SudokuBoard - Wartość 0 wstawiona nieprawidłowo
15:41:40.574 [main] INFO sudoku.model.SudokuBoard - Bład w kwadracie 0
sudoku.model.SudokuBoard@2f14b0f6[
  size=9
  solver=sudoku.model.BacktrackingSudokuSolver@5b20706
  board={{3,6,1,2,8,9,7,5,4},{4,2,5,6,1,7,8,9,3},{7,8,9,3,5,4,1,2,6},{2,7,6,4,9,3,5,1,8},{8,3,4,1,2,5,9,6,7},{0,0,0,0,0,0,0,0,0},{0,0,0,0,0,0,0,0,0},{0,0,0,0,0,0,0,0,0},{0,0,0,0,0,0,0,0,0}}
]
15:41:40.574 [main] INFO sudoku.model.SudokuBoard - Wartość 0 wstawiona nieprawidłowo
15:41:40.574 [main] INFO sudoku.model.SudokuBoard - Bład w kwadracie 0
sudoku.model.SudokuBoard@2f14b0f6[
  size=9
  solver=sudoku.model.BacktrackingSudokuSolver@5b20706
  board={{3,6,1,2,8,9,7,5,4},{4,2,5,6,1,7,8,9,3},{7,8,9,3,5,4,1,2,6},{2,7,6,4,9,3,5,1,8},{8,3,4,1,2,5,9,6,7},{1,0,0,0,0,0,0,0,0},{0,0,0,0,0,0,0,0,0},{0,0,0,0,0,0,0,0,0},{0,0,0,0,0,0,0,0,0}}
]
15:41:40.574 [main] INFO sudoku.model.SudokuBoard - Wartość 0 wstawiona nieprawidłowo
15:41:40.574 [main] INFO sudoku.model.SudokuBoard - Bład w kwadracie 0
sudoku.model.SudokuBoard@2f14b0f6[
  size=9
  solver=sudoku.model.BacktrackingSudokuSolver@5b20706
  board={{3,6,1,2,8,9,7,5,4},{4,2,5,6,1,7,8,9,3},{7,8,9,3,5,4,1,2,6},{2,7,6,4,9,3,5,1,8},{8,3,4,1,2,5,9,6,7},{1,0,0,0,0,0,0,0,0},{0,0,0,0,0,0,0,0,0},{0,0,0,0,0,0,0,0,0},{0,0,0,0,0,0,0,0,0}}
]
15:41:40.574 [main] INFO sudoku.model.SudokuBoard - Wartość 0 wstawiona nieprawidłowo
15:41:40.574 [main] INFO sudoku.model.SudokuBoard - Bład w kwadracie 0
sudoku.model.SudokuBoard@2f14b0f6[
  size=9
  solver=sudoku.model.BacktrackingSudokuSolver@5b20706
  board={{3,6,1,2,8,9,7,5,4},{4,2,5,6,1,7,8,9,3},{7,8,9,3,5,4,1,2,6},{2,7,6,4,9,3,5,1,8},{8,3,4,1,2,5,9,6,7},{0,0,0,0,0,0,0,0,0},{0,0,0,0,0,0,0,0,0},{0,0,0,0,0,0,0,0,0},{0,0,0,0,0,0,0,0,0}}
]
15:41:40.574 [main] INFO sudoku.model.SudokuBoard - Wartość 0 wstawiona nieprawidłowo
15:41:40.575 [main] INFO sudoku.model.SudokuBoard - Bład w kwadracie 0
sudoku.model.SudokuBoard@2f14b0f6[
  size=9
  solver=sudoku.model.BacktrackingSudokuSolver@5b20706
  board={{3,6,1,2,8,9,7,5,4},{4,2,5,6,1,7,8,9,3},{7,8,9,3,5,4,1,2,6},{2,7,6,4,9,3,5,1,8},{8,3,4,1,2,5,9,6,0},{0,0,0,0,0,0,0,0,0},{0,0,0,0,0,0,0,0,0},{0,0,0,0,0,0,0,0,0},{0,0,0,0,0,0,0,0,0}}
]
15:41:40.577 [main] INFO sudoku.model.SudokuBoard - Wartość 0 wstawiona nieprawidłowo
15:41:40.577 [main] INFO sudoku.model.SudokuBoard - Bład w kwadracie 0
sudoku.model.SudokuBoard@2f14b0f6[
  size=9
  solver=sudoku.model.BacktrackingSudokuSolver@5b20706
  board={{3,6,1,2,8,9,7,5,4},{4,2,5,6,1,7,8,9,3},{7,8,9,3,5,4,1,2,6},{2,7,6,4,9,3,5,1,8},{8,3,4,1,2,5,9,0,0},{0,0,0,0,0,0,0,0,0},{0,0,0,0,0,0,0,0,0},{0,0,0,0,0,0,0,0,0},{0,0,0,0,0,0,0,0,0}}
]
15:41:40.577 [main] INFO sudoku.model.SudokuBoard - Wartość 0 wstawiona nieprawidłowo
15:41:40.577 [main] INFO sudoku.model.SudokuBoard - Bład w kwadracie 0
sudoku.model.SudokuBoard@2f14b0f6[
  size=9
  solver=sudoku.model.BacktrackingSudokuSolver@5b20706
  board={{3,6,1,2,8,9,7,5,4},{4,2,5,6,1,7,8,9,3},{7,8,9,3,5,4,1,2,6},{2,7,6,4,9,3,5,1,8},{8,3,4,1,2,5,0,0,0},{0,0,0,0,0,0,0,0,0},{0,0,0,0,0,0,0,0,0},{0,0,0,0,0,0,0,0,0},{0,0,0,0,0,0,0,0,0}}
]
15:41:40.577 [main] INFO sudoku.model.SudokuBoard - Wartość 0 wstawiona nieprawidłowo
15:41:40.577 [main] INFO sudoku.model.SudokuBoard - Bład w kwadracie 0
sudoku.model.SudokuBoard@2f14b0f6[
  size=9
  solver=sudoku.model.BacktrackingSudokuSolver@5b20706
  board={{3,6,1,2,8,9,7,5,4},{4,2,5,6,1,7,8,9,3},{7,8,9,3,5,4,1,2,6},{2,7,6,4,9,3,5,1,8},{8,3,4,1,2,0,0,0,0},{0,0,0,0,0,0,0,0,0},{0,0,0,0,0,0,0,0,0},{0,0,0,0,0,0,0,0,0},{0,0,0,0,0,0,0,0,0}}
]
15:41:40.577 [main] INFO sudoku.model.SudokuBoard - Wartość 0 wstawiona nieprawidłowo
15:41:40.577 [main] INFO sudoku.model.SudokuBoard - Bład w kwadracie 0
sudoku.model.SudokuBoard@2f14b0f6[
  size=9
  solver=sudoku.model.BacktrackingSudokuSolver@5b20706
  board={{3,6,1,2,8,9,7,5,4},{4,2,5,6,1,7,8,9,3},{7,8,9,3,5,4,1,2,6},{2,7,6,4,9,3,5,1,8},{8,3,4,1,2,6,9,0,0},{0,0,0,0,0,0,0,0,0},{0,0,0,0,0,0,0,0,0},{0,0,0,0,0,0,0,0,0},{0,0,0,0,0,0,0,0,0}}
]
15:41:40.577 [main] INFO sudoku.model.SudokuBoard - Wartość 0 wstawiona nieprawidłowo
15:41:40.578 [main] INFO sudoku.model.SudokuBoard - Bład w kwadracie 0
sudoku.model.SudokuBoard@2f14b0f6[
  size=9
  solver=sudoku.model.BacktrackingSudokuSolver@5b20706
  board={{3,6,1,2,8,9,7,5,4},{4,2,5,6,1,7,8,9,3},{7,8,9,3,5,4,1,2,6},{2,7,6,4,9,3,5,1,8},{8,3,4,1,2,6,0,0,0},{0,0,0,0,0,0,0,0,0},{0,0,0,0,0,0,0,0,0},{0,0,0,0,0,0,0,0,0},{0,0,0,0,0,0,0,0,0}}
]
15:41:40.578 [main] INFO sudoku.model.SudokuBoard - Wartość 0 wstawiona nieprawidłowo
15:41:40.578 [main] INFO sudoku.model.SudokuBoard - Bład w kwadracie 0
sudoku.model.SudokuBoard@2f14b0f6[
  size=9
  solver=sudoku.model.BacktrackingSudokuSolver@5b20706
  board={{3,6,1,2,8,9,7,5,4},{4,2,5,6,1,7,8,9,3},{7,8,9,3,5,4,1,2,6},{2,7,6,4,9,3,5,1,8},{8,3,4,1,2,0,0,0,0},{0,0,0,0,0,0,0,0,0},{0,0,0,0,0,0,0,0,0},{0,0,0,0,0,0,0,0,0},{0,0,0,0,0,0,0,0,0}}
]
15:41:40.578 [main] INFO sudoku.model.SudokuBoard - Wartość 0 wstawiona nieprawidłowo
15:41:40.578 [main] INFO sudoku.model.SudokuBoard - Bład w kwadracie 0
sudoku.model.SudokuBoard@2f14b0f6[
  size=9
  solver=sudoku.model.BacktrackingSudokuSolver@5b20706
  board={{3,6,1,2,8,9,7,5,4},{4,2,5,6,1,7,8,9,3},{7,8,9,3,5,4,1,2,6},{2,7,6,4,9,3,5,1,8},{8,3,4,1,0,0,0,0,0},{0,0,0,0,0,0,0,0,0},{0,0,0,0,0,0,0,0,0},{0,0,0,0,0,0,0,0,0},{0,0,0,0,0,0,0,0,0}}
]
15:41:40.578 [main] INFO sudoku.model.SudokuBoard - Wartość 0 wstawiona nieprawidłowo
15:41:40.578 [main] INFO sudoku.model.SudokuBoard - Bład w kwadracie 0
sudoku.model.SudokuBoard@2f14b0f6[
  size=9
  solver=sudoku.model.BacktrackingSudokuSolver@5b20706
  board={{3,6,1,2,8,9,7,5,4},{4,2,5,6,1,7,8,9,3},{7,8,9,3,5,4,1,2,6},{2,7,6,4,9,3,5,1,8},{8,3,4,1,6,5,9,7,2},{5,0,0,0,0,0,0,0,0},{0,0,0,0,0,0,0,0,0},{0,0,0,0,0,0,0,0,0},{0,0,0,0,0,0,0,0,0}}
]
15:41:40.578 [main] INFO sudoku.model.SudokuBoard - Wartość 0 wstawiona nieprawidłowo
15:41:40.578 [main] INFO sudoku.model.SudokuBoard - Bład w kwadracie 0
sudoku.model.SudokuBoard@2f14b0f6[
  size=9
  solver=sudoku.model.BacktrackingSudokuSolver@5b20706
  board={{3,6,1,2,8,9,7,5,4},{4,2,5,6,1,7,8,9,3},{7,8,9,3,5,4,1,2,6},{2,7,6,4,9,3,5,1,8},{8,3,4,1,6,5,9,7,2},{5,0,0,0,0,0,0,0,0},{0,0,0,0,0,0,0,0,0},{0,0,0,0,0,0,0,0,0},{0,0,0,0,0,0,0,0,0}}
]
15:41:40.578 [main] INFO sudoku.model.SudokuBoard - Wartość 0 wstawiona nieprawidłowo
15:41:40.578 [main] INFO sudoku.model.SudokuBoard - Bład w kwadracie 0
sudoku.model.SudokuBoard@2f14b0f6[
  size=9
  solver=sudoku.model.BacktrackingSudokuSolver@5b20706
  board={{3,6,1,2,8,9,7,5,4},{4,2,5,6,1,7,8,9,3},{7,8,9,3,5,4,1,2,6},{2,7,6,4,9,3,5,1,8},{8,3,4,1,6,5,9,7,2},{0,0,0,0,0,0,0,0,0},{0,0,0,0,0,0,0,0,0},{0,0,0,0,0,0,0,0,0},{0,0,0,0,0,0,0,0,0}}
]
15:41:40.578 [main] INFO sudoku.model.SudokuBoard - Wartość 0 wstawiona nieprawidłowo
15:41:40.579 [main] INFO sudoku.model.SudokuBoard - Bład w kwadracie 0
sudoku.model.SudokuBoard@2f14b0f6[
  size=9
  solver=sudoku.model.BacktrackingSudokuSolver@5b20706
  board={{3,6,1,2,8,9,7,5,4},{4,2,5,6,1,7,8,9,3},{7,8,9,3,5,4,1,2,6},{2,7,6,4,9,3,5,1,8},{8,3,4,1,6,5,9,7,2},{9,0,0,0,0,0,0,0,0},{0,0,0,0,0,0,0,0,0},{0,0,0,0,0,0,0,0,0},{0,0,0,0,0,0,0,0,0}}
]
15:41:40.587 [main] INFO sudoku.model.SudokuBoard - Wartość 0 wstawiona nieprawidłowo
15:41:40.589 [main] INFO sudoku.model.SudokuBoard - Bład w kwadracie 0
sudoku.model.SudokuBoard@2f14b0f6[
  size=9
  solver=sudoku.model.BacktrackingSudokuSolver@5b20706
  board={{3,6,1,2,8,9,7,5,4},{4,2,5,6,1,7,8,9,3},{7,8,9,3,5,4,1,2,6},{2,7,6,4,9,3,5,1,8},{8,3,4,1,6,5,9,7,2},{9,0,0,0,0,0,0,0,0},{0,0,0,0,0,0,0,0,0},{0,0,0,0,0,0,0,0,0},{0,0,0,0,0,0,0,0,0}}
]
15:41:40.589 [main] INFO sudoku.model.SudokuBoard - Wartość 0 wstawiona nieprawidłowo
15:41:40.589 [main] INFO sudoku.model.SudokuBoard - Bład w kwadracie 0
sudoku.model.SudokuBoard@2f14b0f6[
  size=9
  solver=sudoku.model.BacktrackingSudokuSolver@5b20706
  board={{3,6,1,2,8,9,7,5,4},{4,2,5,6,1,7,8,9,3},{7,8,9,3,5,4,1,2,6},{2,7,6,4,9,3,5,1,8},{8,3,4,1,6,5,9,7,2},{0,0,0,0,0,0,0,0,0},{0,0,0,0,0,0,0,0,0},{0,0,0,0,0,0,0,0,0},{0,0,0,0,0,0,0,0,0}}
]
15:41:40.589 [main] INFO sudoku.model.SudokuBoard - Wartość 0 wstawiona nieprawidłowo
15:41:40.589 [main] INFO sudoku.model.SudokuBoard - Bład w kwadracie 0
sudoku.model.SudokuBoard@2f14b0f6[
  size=9
  solver=sudoku.model.BacktrackingSudokuSolver@5b20706
  board={{3,6,1,2,8,9,7,5,4},{4,2,5,6,1,7,8,9,3},{7,8,9,3,5,4,1,2,6},{2,7,6,4,9,3,5,1,8},{8,3,4,1,6,5,9,7,2},{1,0,0,0,0,0,0,0,0},{0,0,0,0,0,0,0,0,0},{0,0,0,0,0,0,0,0,0},{0,0,0,0,0,0,0,0,0}}
]
15:41:40.589 [main] INFO sudoku.model.SudokuBoard - Wartość 0 wstawiona nieprawidłowo
15:41:40.589 [main] INFO sudoku.model.SudokuBoard - Bład w kwadracie 0
sudoku.model.SudokuBoard@2f14b0f6[
  size=9
  solver=sudoku.model.BacktrackingSudokuSolver@5b20706
  board={{3,6,1,2,8,9,7,5,4},{4,2,5,6,1,7,8,9,3},{7,8,9,3,5,4,1,2,6},{2,7,6,4,9,3,5,1,8},{8,3,4,1,6,5,9,7,2},{1,0,0,0,0,0,0,0,0},{0,0,0,0,0,0,0,0,0},{0,0,0,0,0,0,0,0,0},{0,0,0,0,0,0,0,0,0}}
]
15:41:40.589 [main] INFO sudoku.model.SudokuBoard - Wartość 0 wstawiona nieprawidłowo
15:41:40.590 [main] INFO sudoku.model.SudokuBoard - Bład w kwadracie 0
sudoku.model.SudokuBoard@2f14b0f6[
  size=9
  solver=sudoku.model.BacktrackingSudokuSolver@5b20706
  board={{3,6,1,2,8,9,7,5,4},{4,2,5,6,1,7,8,9,3},{7,8,9,3,5,4,1,2,6},{2,7,6,4,9,3,5,1,8},{8,3,4,1,6,5,9,7,2},{0,0,0,0,0,0,0,0,0},{0,0,0,0,0,0,0,0,0},{0,0,0,0,0,0,0,0,0},{0,0,0,0,0,0,0,0,0}}
]
15:41:40.590 [main] INFO sudoku.model.SudokuBoard - Wartość 0 wstawiona nieprawidłowo
15:41:40.590 [main] INFO sudoku.model.SudokuBoard - Bład w kwadracie 0
sudoku.model.SudokuBoard@2f14b0f6[
  size=9
  solver=sudoku.model.BacktrackingSudokuSolver@5b20706
  board={{3,6,1,2,8,9,7,5,4},{4,2,5,6,1,7,8,9,3},{7,8,9,3,5,4,1,2,6},{2,7,6,4,9,3,5,1,8},{8,3,4,1,6,5,9,7,0},{0,0,0,0,0,0,0,0,0},{0,0,0,0,0,0,0,0,0},{0,0,0,0,0,0,0,0,0},{0,0,0,0,0,0,0,0,0}}
]
15:41:40.590 [main] INFO sudoku.model.SudokuBoard - Wartość 0 wstawiona nieprawidłowo
15:41:40.590 [main] INFO sudoku.model.SudokuBoard - Bład w kwadracie 0
sudoku.model.SudokuBoard@2f14b0f6[
  size=9
  solver=sudoku.model.BacktrackingSudokuSolver@5b20706
  board={{3,6,1,2,8,9,7,5,4},{4,2,5,6,1,7,8,9,3},{7,8,9,3,5,4,1,2,6},{2,7,6,4,9,3,5,1,8},{8,3,4,1,6,5,9,0,0},{0,0,0,0,0,0,0,0,0},{0,0,0,0,0,0,0,0,0},{0,0,0,0,0,0,0,0,0},{0,0,0,0,0,0,0,0,0}}
]
15:41:40.590 [main] INFO sudoku.model.SudokuBoard - Wartość 0 wstawiona nieprawidłowo
15:41:40.591 [main] INFO sudoku.model.SudokuBoard - Bład w kwadracie 0
sudoku.model.SudokuBoard@2f14b0f6[
  size=9
  solver=sudoku.model.BacktrackingSudokuSolver@5b20706
  board={{3,6,1,2,8,9,7,5,4},{4,2,5,6,1,7,8,9,3},{7,8,9,3,5,4,1,2,6},{2,7,6,4,9,3,5,1,8},{8,3,4,1,6,5,0,0,0},{0,0,0,0,0,0,0,0,0},{0,0,0,0,0,0,0,0,0},{0,0,0,0,0,0,0,0,0},{0,0,0,0,0,0,0,0,0}}
]
15:41:40.591 [main] INFO sudoku.model.SudokuBoard - Wartość 0 wstawiona nieprawidłowo
15:41:40.591 [main] INFO sudoku.model.SudokuBoard - Bład w kwadracie 0
sudoku.model.SudokuBoard@2f14b0f6[
  size=9
  solver=sudoku.model.BacktrackingSudokuSolver@5b20706
  board={{3,6,1,2,8,9,7,5,4},{4,2,5,6,1,7,8,9,3},{7,8,9,3,5,4,1,2,6},{2,7,6,4,9,3,5,1,8},{8,3,4,1,6,5,2,7,9},{9,0,0,0,0,0,0,0,0},{0,0,0,0,0,0,0,0,0},{0,0,0,0,0,0,0,0,0},{0,0,0,0,0,0,0,0,0}}
]
15:41:40.591 [main] INFO sudoku.model.SudokuBoard - Wartość 0 wstawiona nieprawidłowo
15:41:40.591 [main] INFO sudoku.model.SudokuBoard - Bład w kwadracie 0
sudoku.model.SudokuBoard@2f14b0f6[
  size=9
  solver=sudoku.model.BacktrackingSudokuSolver@5b20706
  board={{3,6,1,2,8,9,7,5,4},{4,2,5,6,1,7,8,9,3},{7,8,9,3,5,4,1,2,6},{2,7,6,4,9,3,5,1,8},{8,3,4,1,6,5,2,7,9},{9,0,0,0,0,0,0,0,0},{0,0,0,0,0,0,0,0,0},{0,0,0,0,0,0,0,0,0},{0,0,0,0,0,0,0,0,0}}
]
15:41:40.591 [main] INFO sudoku.model.SudokuBoard - Wartość 0 wstawiona nieprawidłowo
15:41:40.591 [main] INFO sudoku.model.SudokuBoard - Bład w kwadracie 0
sudoku.model.SudokuBoard@2f14b0f6[
  size=9
  solver=sudoku.model.BacktrackingSudokuSolver@5b20706
  board={{3,6,1,2,8,9,7,5,4},{4,2,5,6,1,7,8,9,3},{7,8,9,3,5,4,1,2,6},{2,7,6,4,9,3,5,1,8},{8,3,4,1,6,5,2,7,9},{0,0,0,0,0,0,0,0,0},{0,0,0,0,0,0,0,0,0},{0,0,0,0,0,0,0,0,0},{0,0,0,0,0,0,0,0,0}}
]
15:41:40.591 [main] INFO sudoku.model.SudokuBoard - Wartość 0 wstawiona nieprawidłowo
15:41:40.591 [main] INFO sudoku.model.SudokuBoard - Bład w kwadracie 0
sudoku.model.SudokuBoard@2f14b0f6[
  size=9
  solver=sudoku.model.BacktrackingSudokuSolver@5b20706
  board={{3,6,1,2,8,9,7,5,4},{4,2,5,6,1,7,8,9,3},{7,8,9,3,5,4,1,2,6},{2,7,6,4,9,3,5,1,8},{8,3,4,1,6,5,2,7,9},{1,0,0,0,0,0,0,0,0},{0,0,0,0,0,0,0,0,0},{0,0,0,0,0,0,0,0,0},{0,0,0,0,0,0,0,0,0}}
]
15:41:40.591 [main] INFO sudoku.model.SudokuBoard - Wartość 0 wstawiona nieprawidłowo
15:41:40.592 [main] INFO sudoku.model.SudokuBoard - Bład w kwadracie 0
sudoku.model.SudokuBoard@2f14b0f6[
  size=9
  solver=sudoku.model.BacktrackingSudokuSolver@5b20706
  board={{3,6,1,2,8,9,7,5,4},{4,2,5,6,1,7,8,9,3},{7,8,9,3,5,4,1,2,6},{2,7,6,4,9,3,5,1,8},{8,3,4,1,6,5,2,7,9},{1,0,0,0,0,0,0,0,0},{0,0,0,0,0,0,0,0,0},{0,0,0,0,0,0,0,0,0},{0,0,0,0,0,0,0,0,0}}
]
15:41:40.592 [main] INFO sudoku.model.SudokuBoard - Wartość 0 wstawiona nieprawidłowo
15:41:40.592 [main] INFO sudoku.model.SudokuBoard - Bład w kwadracie 0
sudoku.model.SudokuBoard@2f14b0f6[
  size=9
  solver=sudoku.model.BacktrackingSudokuSolver@5b20706
  board={{3,6,1,2,8,9,7,5,4},{4,2,5,6,1,7,8,9,3},{7,8,9,3,5,4,1,2,6},{2,7,6,4,9,3,5,1,8},{8,3,4,1,6,5,2,7,9},{0,0,0,0,0,0,0,0,0},{0,0,0,0,0,0,0,0,0},{0,0,0,0,0,0,0,0,0},{0,0,0,0,0,0,0,0,0}}
]
15:41:40.592 [main] INFO sudoku.model.SudokuBoard - Wartość 0 wstawiona nieprawidłowo
15:41:40.592 [main] INFO sudoku.model.SudokuBoard - Bład w kwadracie 0
sudoku.model.SudokuBoard@2f14b0f6[
  size=9
  solver=sudoku.model.BacktrackingSudokuSolver@5b20706
  board={{3,6,1,2,8,9,7,5,4},{4,2,5,6,1,7,8,9,3},{7,8,9,3,5,4,1,2,6},{2,7,6,4,9,3,5,1,8},{8,3,4,1,6,5,2,7,9},{5,0,0,0,0,0,0,0,0},{0,0,0,0,0,0,0,0,0},{0,0,0,0,0,0,0,0,0},{0,0,0,0,0,0,0,0,0}}
]
15:41:40.594 [main] INFO sudoku.model.SudokuBoard - Wartość 0 wstawiona nieprawidłowo
15:41:40.594 [main] INFO sudoku.model.SudokuBoard - Bład w kwadracie 0
sudoku.model.SudokuBoard@2f14b0f6[
  size=9
  solver=sudoku.model.BacktrackingSudokuSolver@5b20706
  board={{3,6,1,2,8,9,7,5,4},{4,2,5,6,1,7,8,9,3},{7,8,9,3,5,4,1,2,6},{2,7,6,4,9,3,5,1,8},{8,3,4,1,6,5,2,7,9},{5,0,0,0,0,0,0,0,0},{0,0,0,0,0,0,0,0,0},{0,0,0,0,0,0,0,0,0},{0,0,0,0,0,0,0,0,0}}
]
15:41:40.594 [main] INFO sudoku.model.SudokuBoard - Wartość 0 wstawiona nieprawidłowo
15:41:40.594 [main] INFO sudoku.model.SudokuBoard - Bład w kwadracie 0
sudoku.model.SudokuBoard@2f14b0f6[
  size=9
  solver=sudoku.model.BacktrackingSudokuSolver@5b20706
  board={{3,6,1,2,8,9,7,5,4},{4,2,5,6,1,7,8,9,3},{7,8,9,3,5,4,1,2,6},{2,7,6,4,9,3,5,1,8},{8,3,4,1,6,5,2,7,9},{0,0,0,0,0,0,0,0,0},{0,0,0,0,0,0,0,0,0},{0,0,0,0,0,0,0,0,0},{0,0,0,0,0,0,0,0,0}}
]
15:41:40.594 [main] INFO sudoku.model.SudokuBoard - Wartość 0 wstawiona nieprawidłowo
15:41:40.594 [main] INFO sudoku.model.SudokuBoard - Bład w kwadracie 0
sudoku.model.SudokuBoard@2f14b0f6[
  size=9
  solver=sudoku.model.BacktrackingSudokuSolver@5b20706
  board={{3,6,1,2,8,9,7,5,4},{4,2,5,6,1,7,8,9,3},{7,8,9,3,5,4,1,2,6},{2,7,6,4,9,3,5,1,8},{8,3,4,1,6,5,2,7,0},{0,0,0,0,0,0,0,0,0},{0,0,0,0,0,0,0,0,0},{0,0,0,0,0,0,0,0,0},{0,0,0,0,0,0,0,0,0}}
]
15:41:40.594 [main] INFO sudoku.model.SudokuBoard - Wartość 0 wstawiona nieprawidłowo
15:41:40.594 [main] INFO sudoku.model.SudokuBoard - Bład w kwadracie 0
sudoku.model.SudokuBoard@2f14b0f6[
  size=9
  solver=sudoku.model.BacktrackingSudokuSolver@5b20706
  board={{3,6,1,2,8,9,7,5,4},{4,2,5,6,1,7,8,9,3},{7,8,9,3,5,4,1,2,6},{2,7,6,4,9,3,5,1,8},{8,3,4,1,6,5,2,0,0},{0,0,0,0,0,0,0,0,0},{0,0,0,0,0,0,0,0,0},{0,0,0,0,0,0,0,0,0},{0,0,0,0,0,0,0,0,0}}
]
15:41:40.594 [main] INFO sudoku.model.SudokuBoard - Wartość 0 wstawiona nieprawidłowo
15:41:40.595 [main] INFO sudoku.model.SudokuBoard - Bład w kwadracie 0
sudoku.model.SudokuBoard@2f14b0f6[
  size=9
  solver=sudoku.model.BacktrackingSudokuSolver@5b20706
  board={{3,6,1,2,8,9,7,5,4},{4,2,5,6,1,7,8,9,3},{7,8,9,3,5,4,1,2,6},{2,7,6,4,9,3,5,1,8},{8,3,4,1,6,5,0,0,0},{0,0,0,0,0,0,0,0,0},{0,0,0,0,0,0,0,0,0},{0,0,0,0,0,0,0,0,0},{0,0,0,0,0,0,0,0,0}}
]
15:41:40.595 [main] INFO sudoku.model.SudokuBoard - Wartość 0 wstawiona nieprawidłowo
15:41:40.595 [main] INFO sudoku.model.SudokuBoard - Bład w kwadracie 0
sudoku.model.SudokuBoard@2f14b0f6[
  size=9
  solver=sudoku.model.BacktrackingSudokuSolver@5b20706
  board={{3,6,1,2,8,9,7,5,4},{4,2,5,6,1,7,8,9,3},{7,8,9,3,5,4,1,2,6},{2,7,6,4,9,3,5,1,8},{8,3,4,1,6,0,0,0,0},{0,0,0,0,0,0,0,0,0},{0,0,0,0,0,0,0,0,0},{0,0,0,0,0,0,0,0,0},{0,0,0,0,0,0,0,0,0}}
]
15:41:40.595 [main] INFO sudoku.model.SudokuBoard - Wartość 0 wstawiona nieprawidłowo
15:41:40.596 [main] INFO sudoku.model.SudokuBoard - Bład w kwadracie 0
sudoku.model.SudokuBoard@2f14b0f6[
  size=9
  solver=sudoku.model.BacktrackingSudokuSolver@5b20706
  board={{3,6,1,2,8,9,7,5,4},{4,2,5,6,1,7,8,9,3},{7,8,9,3,5,4,1,2,6},{2,7,6,4,9,3,5,1,8},{8,3,4,1,6,2,9,0,0},{0,0,0,0,0,0,0,0,0},{0,0,0,0,0,0,0,0,0},{0,0,0,0,0,0,0,0,0},{0,0,0,0,0,0,0,0,0}}
]
15:41:40.596 [main] INFO sudoku.model.SudokuBoard - Wartość 0 wstawiona nieprawidłowo
15:41:40.596 [main] INFO sudoku.model.SudokuBoard - Bład w kwadracie 0
sudoku.model.SudokuBoard@2f14b0f6[
  size=9
  solver=sudoku.model.BacktrackingSudokuSolver@5b20706
  board={{3,6,1,2,8,9,7,5,4},{4,2,5,6,1,7,8,9,3},{7,8,9,3,5,4,1,2,6},{2,7,6,4,9,3,5,1,8},{8,3,4,1,6,2,0,0,0},{0,0,0,0,0,0,0,0,0},{0,0,0,0,0,0,0,0,0},{0,0,0,0,0,0,0,0,0},{0,0,0,0,0,0,0,0,0}}
]
15:41:40.596 [main] INFO sudoku.model.SudokuBoard - Wartość 0 wstawiona nieprawidłowo
15:41:40.596 [main] INFO sudoku.model.SudokuBoard - Bład w kwadracie 0
sudoku.model.SudokuBoard@2f14b0f6[
  size=9
  solver=sudoku.model.BacktrackingSudokuSolver@5b20706
  board={{3,6,1,2,8,9,7,5,4},{4,2,5,6,1,7,8,9,3},{7,8,9,3,5,4,1,2,6},{2,7,6,4,9,3,5,1,8},{8,3,4,1,6,0,0,0,0},{0,0,0,0,0,0,0,0,0},{0,0,0,0,0,0,0,0,0},{0,0,0,0,0,0,0,0,0},{0,0,0,0,0,0,0,0,0}}
]
15:41:40.596 [main] INFO sudoku.model.SudokuBoard - Wartość 0 wstawiona nieprawidłowo
15:41:40.596 [main] INFO sudoku.model.SudokuBoard - Bład w kwadracie 0
sudoku.model.SudokuBoard@2f14b0f6[
  size=9
  solver=sudoku.model.BacktrackingSudokuSolver@5b20706
  board={{3,6,1,2,8,9,7,5,4},{4,2,5,6,1,7,8,9,3},{7,8,9,3,5,4,1,2,6},{2,7,6,4,9,3,5,1,8},{8,3,4,1,0,0,0,0,0},{0,0,0,0,0,0,0,0,0},{0,0,0,0,0,0,0,0,0},{0,0,0,0,0,0,0,0,0},{0,0,0,0,0,0,0,0,0}}
]
15:41:40.597 [main] INFO sudoku.model.SudokuBoard - Wartość 0 wstawiona nieprawidłowo
15:41:40.597 [main] INFO sudoku.model.SudokuBoard - Bład w kwadracie 0
sudoku.model.SudokuBoard@2f14b0f6[
  size=9
  solver=sudoku.model.BacktrackingSudokuSolver@5b20706
  board={{3,6,1,2,8,9,7,5,4},{4,2,5,6,1,7,8,9,3},{7,8,9,3,5,4,1,2,6},{2,7,6,4,9,3,5,1,8},{8,3,4,1,7,5,0,0,0},{0,0,0,0,0,0,0,0,0},{0,0,0,0,0,0,0,0,0},{0,0,0,0,0,0,0,0,0},{0,0,0,0,0,0,0,0,0}}
]
15:41:40.597 [main] INFO sudoku.model.SudokuBoard - Wartość 0 wstawiona nieprawidłowo
15:41:40.598 [main] INFO sudoku.model.SudokuBoard - Bład w kwadracie 0
sudoku.model.SudokuBoard@2f14b0f6[
  size=9
  solver=sudoku.model.BacktrackingSudokuSolver@5b20706
  board={{3,6,1,2,8,9,7,5,4},{4,2,5,6,1,7,8,9,3},{7,8,9,3,5,4,1,2,6},{2,7,6,4,9,3,5,1,8},{8,3,4,1,7,5,9,6,2},{5,0,0,0,0,0,0,0,0},{0,0,0,0,0,0,0,0,0},{0,0,0,0,0,0,0,0,0},{0,0,0,0,0,0,0,0,0}}
]
15:41:40.599 [main] INFO sudoku.model.SudokuBoard - Wartość 0 wstawiona nieprawidłowo
15:41:40.599 [main] INFO sudoku.model.SudokuBoard - Bład w kwadracie 0
sudoku.model.SudokuBoard@2f14b0f6[
  size=9
  solver=sudoku.model.BacktrackingSudokuSolver@5b20706
  board={{3,6,1,2,8,9,7,5,4},{4,2,5,6,1,7,8,9,3},{7,8,9,3,5,4,1,2,6},{2,7,6,4,9,3,5,1,8},{8,3,4,1,7,5,9,6,2},{5,0,0,0,0,0,0,0,0},{0,0,0,0,0,0,0,0,0},{0,0,0,0,0,0,0,0,0},{0,0,0,0,0,0,0,0,0}}
]
15:41:40.600 [main] INFO sudoku.model.SudokuBoard - Wartość 0 wstawiona nieprawidłowo
15:41:40.600 [main] INFO sudoku.model.SudokuBoard - Bład w kwadracie 0
sudoku.model.SudokuBoard@2f14b0f6[
  size=9
  solver=sudoku.model.BacktrackingSudokuSolver@5b20706
  board={{3,6,1,2,8,9,7,5,4},{4,2,5,6,1,7,8,9,3},{7,8,9,3,5,4,1,2,6},{2,7,6,4,9,3,5,1,8},{8,3,4,1,7,5,9,6,2},{0,0,0,0,0,0,0,0,0},{0,0,0,0,0,0,0,0,0},{0,0,0,0,0,0,0,0,0},{0,0,0,0,0,0,0,0,0}}
]
15:41:40.600 [main] INFO sudoku.model.SudokuBoard - Wartość 0 wstawiona nieprawidłowo
15:41:40.600 [main] INFO sudoku.model.SudokuBoard - Bład w kwadracie 0
sudoku.model.SudokuBoard@2f14b0f6[
  size=9
  solver=sudoku.model.BacktrackingSudokuSolver@5b20706
  board={{3,6,1,2,8,9,7,5,4},{4,2,5,6,1,7,8,9,3},{7,8,9,3,5,4,1,2,6},{2,7,6,4,9,3,5,1,8},{8,3,4,1,7,5,9,6,2},{9,0,0,0,0,0,0,0,0},{0,0,0,0,0,0,0,0,0},{0,0,0,0,0,0,0,0,0},{0,0,0,0,0,0,0,0,0}}
]
15:41:40.600 [main] INFO sudoku.model.SudokuBoard - Wartość 0 wstawiona nieprawidłowo
15:41:40.600 [main] INFO sudoku.model.SudokuBoard - Bład w kwadracie 0
sudoku.model.SudokuBoard@2f14b0f6[
  size=9
  solver=sudoku.model.BacktrackingSudokuSolver@5b20706
  board={{3,6,1,2,8,9,7,5,4},{4,2,5,6,1,7,8,9,3},{7,8,9,3,5,4,1,2,6},{2,7,6,4,9,3,5,1,8},{8,3,4,1,7,5,9,6,2},{9,0,0,0,0,0,0,0,0},{0,0,0,0,0,0,0,0,0},{0,0,0,0,0,0,0,0,0},{0,0,0,0,0,0,0,0,0}}
]
15:41:40.600 [main] INFO sudoku.model.SudokuBoard - Wartość 0 wstawiona nieprawidłowo
15:41:40.600 [main] INFO sudoku.model.SudokuBoard - Bład w kwadracie 0
sudoku.model.SudokuBoard@2f14b0f6[
  size=9
  solver=sudoku.model.BacktrackingSudokuSolver@5b20706
  board={{3,6,1,2,8,9,7,5,4},{4,2,5,6,1,7,8,9,3},{7,8,9,3,5,4,1,2,6},{2,7,6,4,9,3,5,1,8},{8,3,4,1,7,5,9,6,2},{0,0,0,0,0,0,0,0,0},{0,0,0,0,0,0,0,0,0},{0,0,0,0,0,0,0,0,0},{0,0,0,0,0,0,0,0,0}}
]
15:41:40.600 [main] INFO sudoku.model.SudokuBoard - Wartość 0 wstawiona nieprawidłowo
15:41:40.600 [main] INFO sudoku.model.SudokuBoard - Bład w kwadracie 0
sudoku.model.SudokuBoard@2f14b0f6[
  size=9
  solver=sudoku.model.BacktrackingSudokuSolver@5b20706
  board={{3,6,1,2,8,9,7,5,4},{4,2,5,6,1,7,8,9,3},{7,8,9,3,5,4,1,2,6},{2,7,6,4,9,3,5,1,8},{8,3,4,1,7,5,9,6,2},{1,0,0,0,0,0,0,0,0},{0,0,0,0,0,0,0,0,0},{0,0,0,0,0,0,0,0,0},{0,0,0,0,0,0,0,0,0}}
]
15:41:40.601 [main] INFO sudoku.model.SudokuBoard - Wartość 0 wstawiona nieprawidłowo
15:41:40.601 [main] INFO sudoku.model.SudokuBoard - Bład w kwadracie 0
sudoku.model.SudokuBoard@2f14b0f6[
  size=9
  solver=sudoku.model.BacktrackingSudokuSolver@5b20706
  board={{3,6,1,2,8,9,7,5,4},{4,2,5,6,1,7,8,9,3},{7,8,9,3,5,4,1,2,6},{2,7,6,4,9,3,5,1,8},{8,3,4,1,7,5,9,6,2},{1,0,0,0,0,0,0,0,0},{0,0,0,0,0,0,0,0,0},{0,0,0,0,0,0,0,0,0},{0,0,0,0,0,0,0,0,0}}
]
15:41:40.601 [main] INFO sudoku.model.SudokuBoard - Wartość 0 wstawiona nieprawidłowo
15:41:40.601 [main] INFO sudoku.model.SudokuBoard - Bład w kwadracie 0
sudoku.model.SudokuBoard@2f14b0f6[
  size=9
  solver=sudoku.model.BacktrackingSudokuSolver@5b20706
  board={{3,6,1,2,8,9,7,5,4},{4,2,5,6,1,7,8,9,3},{7,8,9,3,5,4,1,2,6},{2,7,6,4,9,3,5,1,8},{8,3,4,1,7,5,9,6,2},{0,0,0,0,0,0,0,0,0},{0,0,0,0,0,0,0,0,0},{0,0,0,0,0,0,0,0,0},{0,0,0,0,0,0,0,0,0}}
]
15:41:40.601 [main] INFO sudoku.model.SudokuBoard - Wartość 0 wstawiona nieprawidłowo
15:41:40.602 [main] INFO sudoku.model.SudokuBoard - Bład w kwadracie 0
sudoku.model.SudokuBoard@2f14b0f6[
  size=9
  solver=sudoku.model.BacktrackingSudokuSolver@5b20706
  board={{3,6,1,2,8,9,7,5,4},{4,2,5,6,1,7,8,9,3},{7,8,9,3,5,4,1,2,6},{2,7,6,4,9,3,5,1,8},{8,3,4,1,7,5,9,6,0},{0,0,0,0,0,0,0,0,0},{0,0,0,0,0,0,0,0,0},{0,0,0,0,0,0,0,0,0},{0,0,0,0,0,0,0,0,0}}
]
15:41:40.602 [main] INFO sudoku.model.SudokuBoard - Wartość 0 wstawiona nieprawidłowo
15:41:40.602 [main] INFO sudoku.model.SudokuBoard - Bład w kwadracie 0
sudoku.model.SudokuBoard@2f14b0f6[
  size=9
  solver=sudoku.model.BacktrackingSudokuSolver@5b20706
  board={{3,6,1,2,8,9,7,5,4},{4,2,5,6,1,7,8,9,3},{7,8,9,3,5,4,1,2,6},{2,7,6,4,9,3,5,1,8},{8,3,4,1,7,5,9,0,0},{0,0,0,0,0,0,0,0,0},{0,0,0,0,0,0,0,0,0},{0,0,0,0,0,0,0,0,0},{0,0,0,0,0,0,0,0,0}}
]
15:41:40.602 [main] INFO sudoku.model.SudokuBoard - Wartość 0 wstawiona nieprawidłowo
15:41:40.602 [main] INFO sudoku.model.SudokuBoard - Bład w kwadracie 0
sudoku.model.SudokuBoard@2f14b0f6[
  size=9
  solver=sudoku.model.BacktrackingSudokuSolver@5b20706
  board={{3,6,1,2,8,9,7,5,4},{4,2,5,6,1,7,8,9,3},{7,8,9,3,5,4,1,2,6},{2,7,6,4,9,3,5,1,8},{8,3,4,1,7,5,0,0,0},{0,0,0,0,0,0,0,0,0},{0,0,0,0,0,0,0,0,0},{0,0,0,0,0,0,0,0,0},{0,0,0,0,0,0,0,0,0}}
]
15:41:40.602 [main] INFO sudoku.model.SudokuBoard - Wartość 0 wstawiona nieprawidłowo
15:41:40.602 [main] INFO sudoku.model.SudokuBoard - Bład w kwadracie 0
sudoku.model.SudokuBoard@2f14b0f6[
  size=9
  solver=sudoku.model.BacktrackingSudokuSolver@5b20706
  board={{3,6,1,2,8,9,7,5,4},{4,2,5,6,1,7,8,9,3},{7,8,9,3,5,4,1,2,6},{2,7,6,4,9,3,5,1,8},{8,3,4,1,7,5,2,6,9},{9,0,0,0,0,0,0,0,0},{0,0,0,0,0,0,0,0,0},{0,0,0,0,0,0,0,0,0},{0,0,0,0,0,0,0,0,0}}
]
15:41:40.602 [main] INFO sudoku.model.SudokuBoard - Wartość 0 wstawiona nieprawidłowo
15:41:40.602 [main] INFO sudoku.model.SudokuBoard - Bład w kwadracie 0
sudoku.model.SudokuBoard@2f14b0f6[
  size=9
  solver=sudoku.model.BacktrackingSudokuSolver@5b20706
  board={{3,6,1,2,8,9,7,5,4},{4,2,5,6,1,7,8,9,3},{7,8,9,3,5,4,1,2,6},{2,7,6,4,9,3,5,1,8},{8,3,4,1,7,5,2,6,9},{9,0,0,0,0,0,0,0,0},{0,0,0,0,0,0,0,0,0},{0,0,0,0,0,0,0,0,0},{0,0,0,0,0,0,0,0,0}}
]
15:41:40.602 [main] INFO sudoku.model.SudokuBoard - Wartość 0 wstawiona nieprawidłowo
15:41:40.602 [main] INFO sudoku.model.SudokuBoard - Bład w kwadracie 0
sudoku.model.SudokuBoard@2f14b0f6[
  size=9
  solver=sudoku.model.BacktrackingSudokuSolver@5b20706
  board={{3,6,1,2,8,9,7,5,4},{4,2,5,6,1,7,8,9,3},{7,8,9,3,5,4,1,2,6},{2,7,6,4,9,3,5,1,8},{8,3,4,1,7,5,2,6,9},{0,0,0,0,0,0,0,0,0},{0,0,0,0,0,0,0,0,0},{0,0,0,0,0,0,0,0,0},{0,0,0,0,0,0,0,0,0}}
]
15:41:40.602 [main] INFO sudoku.model.SudokuBoard - Wartość 0 wstawiona nieprawidłowo
15:41:40.602 [main] INFO sudoku.model.SudokuBoard - Bład w kwadracie 0
sudoku.model.SudokuBoard@2f14b0f6[
  size=9
  solver=sudoku.model.BacktrackingSudokuSolver@5b20706
  board={{3,6,1,2,8,9,7,5,4},{4,2,5,6,1,7,8,9,3},{7,8,9,3,5,4,1,2,6},{2,7,6,4,9,3,5,1,8},{8,3,4,1,7,5,2,6,9},{1,0,0,0,0,0,0,0,0},{0,0,0,0,0,0,0,0,0},{0,0,0,0,0,0,0,0,0},{0,0,0,0,0,0,0,0,0}}
]
15:41:40.602 [main] INFO sudoku.model.SudokuBoard - Wartość 0 wstawiona nieprawidłowo
15:41:40.602 [main] INFO sudoku.model.SudokuBoard - Bład w kwadracie 0
sudoku.model.SudokuBoard@2f14b0f6[
  size=9
  solver=sudoku.model.BacktrackingSudokuSolver@5b20706
  board={{3,6,1,2,8,9,7,5,4},{4,2,5,6,1,7,8,9,3},{7,8,9,3,5,4,1,2,6},{2,7,6,4,9,3,5,1,8},{8,3,4,1,7,5,2,6,9},{1,0,0,0,0,0,0,0,0},{0,0,0,0,0,0,0,0,0},{0,0,0,0,0,0,0,0,0},{0,0,0,0,0,0,0,0,0}}
]
15:41:40.604 [main] INFO sudoku.model.SudokuBoard - Wartość 0 wstawiona nieprawidłowo
15:41:40.604 [main] INFO sudoku.model.SudokuBoard - Bład w kwadracie 0
sudoku.model.SudokuBoard@2f14b0f6[
  size=9
  solver=sudoku.model.BacktrackingSudokuSolver@5b20706
  board={{3,6,1,2,8,9,7,5,4},{4,2,5,6,1,7,8,9,3},{7,8,9,3,5,4,1,2,6},{2,7,6,4,9,3,5,1,8},{8,3,4,1,7,5,2,6,9},{0,0,0,0,0,0,0,0,0},{0,0,0,0,0,0,0,0,0},{0,0,0,0,0,0,0,0,0},{0,0,0,0,0,0,0,0,0}}
]
15:41:40.605 [main] INFO sudoku.model.SudokuBoard - Wartość 0 wstawiona nieprawidłowo
15:41:40.605 [main] INFO sudoku.model.SudokuBoard - Bład w kwadracie 0
sudoku.model.SudokuBoard@2f14b0f6[
  size=9
  solver=sudoku.model.BacktrackingSudokuSolver@5b20706
  board={{3,6,1,2,8,9,7,5,4},{4,2,5,6,1,7,8,9,3},{7,8,9,3,5,4,1,2,6},{2,7,6,4,9,3,5,1,8},{8,3,4,1,7,5,2,6,9},{5,0,0,0,0,0,0,0,0},{0,0,0,0,0,0,0,0,0},{0,0,0,0,0,0,0,0,0},{0,0,0,0,0,0,0,0,0}}
]
15:41:40.605 [main] INFO sudoku.model.SudokuBoard - Wartość 0 wstawiona nieprawidłowo
15:41:40.605 [main] INFO sudoku.model.SudokuBoard - Bład w kwadracie 0
sudoku.model.SudokuBoard@2f14b0f6[
  size=9
  solver=sudoku.model.BacktrackingSudokuSolver@5b20706
  board={{3,6,1,2,8,9,7,5,4},{4,2,5,6,1,7,8,9,3},{7,8,9,3,5,4,1,2,6},{2,7,6,4,9,3,5,1,8},{8,3,4,1,7,5,2,6,9},{5,0,0,0,0,0,0,0,0},{0,0,0,0,0,0,0,0,0},{0,0,0,0,0,0,0,0,0},{0,0,0,0,0,0,0,0,0}}
]
15:41:40.605 [main] INFO sudoku.model.SudokuBoard - Wartość 0 wstawiona nieprawidłowo
15:41:40.606 [main] INFO sudoku.model.SudokuBoard - Bład w kwadracie 0
sudoku.model.SudokuBoard@2f14b0f6[
  size=9
  solver=sudoku.model.BacktrackingSudokuSolver@5b20706
  board={{3,6,1,2,8,9,7,5,4},{4,2,5,6,1,7,8,9,3},{7,8,9,3,5,4,1,2,6},{2,7,6,4,9,3,5,1,8},{8,3,4,1,7,5,2,6,9},{0,0,0,0,0,0,0,0,0},{0,0,0,0,0,0,0,0,0},{0,0,0,0,0,0,0,0,0},{0,0,0,0,0,0,0,0,0}}
]
15:41:40.606 [main] INFO sudoku.model.SudokuBoard - Wartość 0 wstawiona nieprawidłowo
15:41:40.607 [main] INFO sudoku.model.SudokuBoard - Bład w kwadracie 0
sudoku.model.SudokuBoard@2f14b0f6[
  size=9
  solver=sudoku.model.BacktrackingSudokuSolver@5b20706
  board={{3,6,1,2,8,9,7,5,4},{4,2,5,6,1,7,8,9,3},{7,8,9,3,5,4,1,2,6},{2,7,6,4,9,3,5,1,8},{8,3,4,1,7,5,2,6,0},{0,0,0,0,0,0,0,0,0},{0,0,0,0,0,0,0,0,0},{0,0,0,0,0,0,0,0,0},{0,0,0,0,0,0,0,0,0}}
]
15:41:40.607 [main] INFO sudoku.model.SudokuBoard - Wartość 0 wstawiona nieprawidłowo
15:41:40.607 [main] INFO sudoku.model.SudokuBoard - Bład w kwadracie 0
sudoku.model.SudokuBoard@2f14b0f6[
  size=9
  solver=sudoku.model.BacktrackingSudokuSolver@5b20706
  board={{3,6,1,2,8,9,7,5,4},{4,2,5,6,1,7,8,9,3},{7,8,9,3,5,4,1,2,6},{2,7,6,4,9,3,5,1,8},{8,3,4,1,7,5,2,0,0},{0,0,0,0,0,0,0,0,0},{0,0,0,0,0,0,0,0,0},{0,0,0,0,0,0,0,0,0},{0,0,0,0,0,0,0,0,0}}
]
15:41:40.607 [main] INFO sudoku.model.SudokuBoard - Wartość 0 wstawiona nieprawidłowo
15:41:40.607 [main] INFO sudoku.model.SudokuBoard - Bład w kwadracie 0
sudoku.model.SudokuBoard@2f14b0f6[
  size=9
  solver=sudoku.model.BacktrackingSudokuSolver@5b20706
  board={{3,6,1,2,8,9,7,5,4},{4,2,5,6,1,7,8,9,3},{7,8,9,3,5,4,1,2,6},{2,7,6,4,9,3,5,1,8},{8,3,4,1,7,5,0,0,0},{0,0,0,0,0,0,0,0,0},{0,0,0,0,0,0,0,0,0},{0,0,0,0,0,0,0,0,0},{0,0,0,0,0,0,0,0,0}}
]
15:41:40.607 [main] INFO sudoku.model.SudokuBoard - Wartość 0 wstawiona nieprawidłowo
15:41:40.609 [main] INFO sudoku.model.SudokuBoard - Bład w kwadracie 0
sudoku.model.SudokuBoard@2f14b0f6[
  size=9
  solver=sudoku.model.BacktrackingSudokuSolver@5b20706
  board={{3,6,1,2,8,9,7,5,4},{4,2,5,6,1,7,8,9,3},{7,8,9,3,5,4,1,2,6},{2,7,6,4,9,3,5,1,8},{8,3,4,1,7,0,0,0,0},{0,0,0,0,0,0,0,0,0},{0,0,0,0,0,0,0,0,0},{0,0,0,0,0,0,0,0,0},{0,0,0,0,0,0,0,0,0}}
]
15:41:40.610 [main] INFO sudoku.model.SudokuBoard - Wartość 0 wstawiona nieprawidłowo
15:41:40.610 [main] INFO sudoku.model.SudokuBoard - Bład w kwadracie 0
sudoku.model.SudokuBoard@2f14b0f6[
  size=9
  solver=sudoku.model.BacktrackingSudokuSolver@5b20706
  board={{3,6,1,2,8,9,7,5,4},{4,2,5,6,1,7,8,9,3},{7,8,9,3,5,4,1,2,6},{2,7,6,4,9,3,5,1,8},{8,3,4,1,7,6,0,0,0},{0,0,0,0,0,0,0,0,0},{0,0,0,0,0,0,0,0,0},{0,0,0,0,0,0,0,0,0},{0,0,0,0,0,0,0,0,0}}
]
15:41:40.614 [main] INFO sudoku.model.SudokuBoard - Wartość 0 wstawiona nieprawidłowo
15:41:40.615 [main] INFO sudoku.model.SudokuBoard - Bład w kwadracie 0
sudoku.model.SudokuBoard@2f14b0f6[
  size=9
  solver=sudoku.model.BacktrackingSudokuSolver@5b20706
  board={{3,6,1,2,8,9,7,5,4},{4,2,5,6,1,7,8,9,3},{7,8,9,3,5,4,1,2,6},{2,7,6,4,9,3,5,1,8},{8,3,4,1,7,6,0,0,0},{0,0,0,0,0,0,0,0,0},{0,0,0,0,0,0,0,0,0},{0,0,0,0,0,0,0,0,0},{0,0,0,0,0,0,0,0,0}}
]
15:41:40.615 [main] INFO sudoku.model.SudokuBoard - Wartość 0 wstawiona nieprawidłowo
15:41:40.615 [main] INFO sudoku.model.SudokuBoard - Bład w kwadracie 0
sudoku.model.SudokuBoard@2f14b0f6[
  size=9
  solver=sudoku.model.BacktrackingSudokuSolver@5b20706
  board={{3,6,1,2,8,9,7,5,4},{4,2,5,6,1,7,8,9,3},{7,8,9,3,5,4,1,2,6},{2,7,6,4,9,3,5,1,8},{8,3,4,1,7,0,0,0,0},{0,0,0,0,0,0,0,0,0},{0,0,0,0,0,0,0,0,0},{0,0,0,0,0,0,0,0,0},{0,0,0,0,0,0,0,0,0}}
]
15:41:40.615 [main] INFO sudoku.model.SudokuBoard - Wartość 0 wstawiona nieprawidłowo
15:41:40.615 [main] INFO sudoku.model.SudokuBoard - Bład w kwadracie 0
sudoku.model.SudokuBoard@2f14b0f6[
  size=9
  solver=sudoku.model.BacktrackingSudokuSolver@5b20706
  board={{3,6,1,2,8,9,7,5,4},{4,2,5,6,1,7,8,9,3},{7,8,9,3,5,4,1,2,6},{2,7,6,4,9,3,5,1,8},{8,3,4,1,7,2,0,0,0},{0,0,0,0,0,0,0,0,0},{0,0,0,0,0,0,0,0,0},{0,0,0,0,0,0,0,0,0},{0,0,0,0,0,0,0,0,0}}
]
15:41:40.615 [main] INFO sudoku.model.SudokuBoard - Wartość 0 wstawiona nieprawidłowo
15:41:40.615 [main] INFO sudoku.model.SudokuBoard - Bład w kwadracie 0
sudoku.model.SudokuBoard@2f14b0f6[
  size=9
  solver=sudoku.model.BacktrackingSudokuSolver@5b20706
  board={{3,6,1,2,8,9,7,5,4},{4,2,5,6,1,7,8,9,3},{7,8,9,3,5,4,1,2,6},{2,7,6,4,9,3,5,1,8},{8,3,4,1,7,2,9,0,0},{0,0,0,0,0,0,0,0,0},{0,0,0,0,0,0,0,0,0},{0,0,0,0,0,0,0,0,0},{0,0,0,0,0,0,0,0,0}}
]
15:41:40.615 [main] INFO sudoku.model.SudokuBoard - Wartość 0 wstawiona nieprawidłowo
15:41:40.615 [main] INFO sudoku.model.SudokuBoard - Bład w kwadracie 0
sudoku.model.SudokuBoard@2f14b0f6[
  size=9
  solver=sudoku.model.BacktrackingSudokuSolver@5b20706
  board={{3,6,1,2,8,9,7,5,4},{4,2,5,6,1,7,8,9,3},{7,8,9,3,5,4,1,2,6},{2,7,6,4,9,3,5,1,8},{8,3,4,1,7,2,0,0,0},{0,0,0,0,0,0,0,0,0},{0,0,0,0,0,0,0,0,0},{0,0,0,0,0,0,0,0,0},{0,0,0,0,0,0,0,0,0}}
]
15:41:40.615 [main] INFO sudoku.model.SudokuBoard - Wartość 0 wstawiona nieprawidłowo
15:41:40.615 [main] INFO sudoku.model.SudokuBoard - Bład w kwadracie 0
sudoku.model.SudokuBoard@2f14b0f6[
  size=9
  solver=sudoku.model.BacktrackingSudokuSolver@5b20706
  board={{3,6,1,2,8,9,7,5,4},{4,2,5,6,1,7,8,9,3},{7,8,9,3,5,4,1,2,6},{2,7,6,4,9,3,5,1,8},{8,3,4,1,7,0,0,0,0},{0,0,0,0,0,0,0,0,0},{0,0,0,0,0,0,0,0,0},{0,0,0,0,0,0,0,0,0},{0,0,0,0,0,0,0,0,0}}
]
15:41:40.615 [main] INFO sudoku.model.SudokuBoard - Wartość 0 wstawiona nieprawidłowo
15:41:40.615 [main] INFO sudoku.model.SudokuBoard - Bład w kwadracie 0
sudoku.model.SudokuBoard@2f14b0f6[
  size=9
  solver=sudoku.model.BacktrackingSudokuSolver@5b20706
  board={{3,6,1,2,8,9,7,5,4},{4,2,5,6,1,7,8,9,3},{7,8,9,3,5,4,1,2,6},{2,7,6,4,9,3,5,1,8},{8,3,4,1,0,0,0,0,0},{0,0,0,0,0,0,0,0,0},{0,0,0,0,0,0,0,0,0},{0,0,0,0,0,0,0,0,0},{0,0,0,0,0,0,0,0,0}}
]
15:41:40.615 [main] INFO sudoku.model.SudokuBoard - Wartość 0 wstawiona nieprawidłowo
15:41:40.615 [main] INFO sudoku.model.SudokuBoard - Bład w kwadracie 0
sudoku.model.SudokuBoard@2f14b0f6[
  size=9
  solver=sudoku.model.BacktrackingSudokuSolver@5b20706
  board={{3,6,1,2,8,9,7,5,4},{4,2,5,6,1,7,8,9,3},{7,8,9,3,5,4,1,2,6},{2,7,6,4,9,3,5,1,8},{8,3,4,0,0,0,0,0,0},{0,0,0,0,0,0,0,0,0},{0,0,0,0,0,0,0,0,0},{0,0,0,0,0,0,0,0,0},{0,0,0,0,0,0,0,0,0}}
]
15:41:40.615 [main] INFO sudoku.model.SudokuBoard - Wartość 0 wstawiona nieprawidłowo
15:41:40.616 [main] INFO sudoku.model.SudokuBoard - Bład w kwadracie 0
sudoku.model.SudokuBoard@2f14b0f6[
  size=9
  solver=sudoku.model.BacktrackingSudokuSolver@5b20706
  board={{3,6,1,2,8,9,7,5,4},{4,2,5,6,1,7,8,9,3},{7,8,9,3,5,4,1,2,6},{2,7,6,4,9,3,5,1,8},{8,3,4,5,6,1,9,7,2},{1,0,0,0,0,0,0,0,0},{0,0,0,0,0,0,0,0,0},{0,0,0,0,0,0,0,0,0},{0,0,0,0,0,0,0,0,0}}
]
15:41:40.616 [main] INFO sudoku.model.SudokuBoard - Wartość 0 wstawiona nieprawidłowo
15:41:40.616 [main] INFO sudoku.model.SudokuBoard - Bład w kwadracie 0
sudoku.model.SudokuBoard@2f14b0f6[
  size=9
  solver=sudoku.model.BacktrackingSudokuSolver@5b20706
  board={{3,6,1,2,8,9,7,5,4},{4,2,5,6,1,7,8,9,3},{7,8,9,3,5,4,1,2,6},{2,7,6,4,9,3,5,1,8},{8,3,4,5,6,1,9,7,2},{1,0,0,0,0,0,0,0,0},{0,0,0,0,0,0,0,0,0},{0,0,0,0,0,0,0,0,0},{0,0,0,0,0,0,0,0,0}}
]
15:41:40.616 [main] INFO sudoku.model.SudokuBoard - Wartość 0 wstawiona nieprawidłowo
15:41:40.616 [main] INFO sudoku.model.SudokuBoard - Bład w kwadracie 0
sudoku.model.SudokuBoard@2f14b0f6[
  size=9
  solver=sudoku.model.BacktrackingSudokuSolver@5b20706
  board={{3,6,1,2,8,9,7,5,4},{4,2,5,6,1,7,8,9,3},{7,8,9,3,5,4,1,2,6},{2,7,6,4,9,3,5,1,8},{8,3,4,5,6,1,9,7,2},{0,0,0,0,0,0,0,0,0},{0,0,0,0,0,0,0,0,0},{0,0,0,0,0,0,0,0,0},{0,0,0,0,0,0,0,0,0}}
]
15:41:40.616 [main] INFO sudoku.model.SudokuBoard - Wartość 0 wstawiona nieprawidłowo
15:41:40.616 [main] INFO sudoku.model.SudokuBoard - Bład w kwadracie 0
sudoku.model.SudokuBoard@2f14b0f6[
  size=9
  solver=sudoku.model.BacktrackingSudokuSolver@5b20706
  board={{3,6,1,2,8,9,7,5,4},{4,2,5,6,1,7,8,9,3},{7,8,9,3,5,4,1,2,6},{2,7,6,4,9,3,5,1,8},{8,3,4,5,6,1,9,7,2},{5,0,0,0,0,0,0,0,0},{0,0,0,0,0,0,0,0,0},{0,0,0,0,0,0,0,0,0},{0,0,0,0,0,0,0,0,0}}
]
15:41:40.616 [main] INFO sudoku.model.SudokuBoard - Wartość 0 wstawiona nieprawidłowo
15:41:40.617 [main] INFO sudoku.model.SudokuBoard - Bład w kwadracie 0
sudoku.model.SudokuBoard@2f14b0f6[
  size=9
  solver=sudoku.model.BacktrackingSudokuSolver@5b20706
  board={{3,6,1,2,8,9,7,5,4},{4,2,5,6,1,7,8,9,3},{7,8,9,3,5,4,1,2,6},{2,7,6,4,9,3,5,1,8},{8,3,4,5,6,1,9,7,2},{5,0,0,0,0,0,0,0,0},{0,0,0,0,0,0,0,0,0},{0,0,0,0,0,0,0,0,0},{0,0,0,0,0,0,0,0,0}}
]
15:41:40.617 [main] INFO sudoku.model.SudokuBoard - Wartość 0 wstawiona nieprawidłowo
15:41:40.617 [main] INFO sudoku.model.SudokuBoard - Bład w kwadracie 0
sudoku.model.SudokuBoard@2f14b0f6[
  size=9
  solver=sudoku.model.BacktrackingSudokuSolver@5b20706
  board={{3,6,1,2,8,9,7,5,4},{4,2,5,6,1,7,8,9,3},{7,8,9,3,5,4,1,2,6},{2,7,6,4,9,3,5,1,8},{8,3,4,5,6,1,9,7,2},{0,0,0,0,0,0,0,0,0},{0,0,0,0,0,0,0,0,0},{0,0,0,0,0,0,0,0,0},{0,0,0,0,0,0,0,0,0}}
]
15:41:40.617 [main] INFO sudoku.model.SudokuBoard - Wartość 0 wstawiona nieprawidłowo
15:41:40.617 [main] INFO sudoku.model.SudokuBoard - Bład w kwadracie 0
sudoku.model.SudokuBoard@2f14b0f6[
  size=9
  solver=sudoku.model.BacktrackingSudokuSolver@5b20706
  board={{3,6,1,2,8,9,7,5,4},{4,2,5,6,1,7,8,9,3},{7,8,9,3,5,4,1,2,6},{2,7,6,4,9,3,5,1,8},{8,3,4,5,6,1,9,7,2},{9,0,0,0,0,0,0,0,0},{0,0,0,0,0,0,0,0,0},{0,0,0,0,0,0,0,0,0},{0,0,0,0,0,0,0,0,0}}
]
15:41:40.617 [main] INFO sudoku.model.SudokuBoard - Wartość 0 wstawiona nieprawidłowo
15:41:40.617 [main] INFO sudoku.model.SudokuBoard - Bład w kwadracie 0
sudoku.model.SudokuBoard@2f14b0f6[
  size=9
  solver=sudoku.model.BacktrackingSudokuSolver@5b20706
  board={{3,6,1,2,8,9,7,5,4},{4,2,5,6,1,7,8,9,3},{7,8,9,3,5,4,1,2,6},{2,7,6,4,9,3,5,1,8},{8,3,4,5,6,1,9,7,2},{9,0,0,0,0,0,0,0,0},{0,0,0,0,0,0,0,0,0},{0,0,0,0,0,0,0,0,0},{0,0,0,0,0,0,0,0,0}}
]
15:41:40.617 [main] INFO sudoku.model.SudokuBoard - Wartość 0 wstawiona nieprawidłowo
15:41:40.617 [main] INFO sudoku.model.SudokuBoard - Bład w kwadracie 0
sudoku.model.SudokuBoard@2f14b0f6[
  size=9
  solver=sudoku.model.BacktrackingSudokuSolver@5b20706
  board={{3,6,1,2,8,9,7,5,4},{4,2,5,6,1,7,8,9,3},{7,8,9,3,5,4,1,2,6},{2,7,6,4,9,3,5,1,8},{8,3,4,5,6,1,9,7,2},{0,0,0,0,0,0,0,0,0},{0,0,0,0,0,0,0,0,0},{0,0,0,0,0,0,0,0,0},{0,0,0,0,0,0,0,0,0}}
]
15:41:40.617 [main] INFO sudoku.model.SudokuBoard - Wartość 0 wstawiona nieprawidłowo
15:41:40.617 [main] INFO sudoku.model.SudokuBoard - Bład w kwadracie 0
sudoku.model.SudokuBoard@2f14b0f6[
  size=9
  solver=sudoku.model.BacktrackingSudokuSolver@5b20706
  board={{3,6,1,2,8,9,7,5,4},{4,2,5,6,1,7,8,9,3},{7,8,9,3,5,4,1,2,6},{2,7,6,4,9,3,5,1,8},{8,3,4,5,6,1,9,7,0},{0,0,0,0,0,0,0,0,0},{0,0,0,0,0,0,0,0,0},{0,0,0,0,0,0,0,0,0},{0,0,0,0,0,0,0,0,0}}
]
15:41:40.617 [main] INFO sudoku.model.SudokuBoard - Wartość 0 wstawiona nieprawidłowo
15:41:40.618 [main] INFO sudoku.model.SudokuBoard - Bład w kwadracie 0
sudoku.model.SudokuBoard@2f14b0f6[
  size=9
  solver=sudoku.model.BacktrackingSudokuSolver@5b20706
  board={{3,6,1,2,8,9,7,5,4},{4,2,5,6,1,7,8,9,3},{7,8,9,3,5,4,1,2,6},{2,7,6,4,9,3,5,1,8},{8,3,4,5,6,1,9,0,0},{0,0,0,0,0,0,0,0,0},{0,0,0,0,0,0,0,0,0},{0,0,0,0,0,0,0,0,0},{0,0,0,0,0,0,0,0,0}}
]
15:41:40.618 [main] INFO sudoku.model.SudokuBoard - Wartość 0 wstawiona nieprawidłowo
15:41:40.618 [main] INFO sudoku.model.SudokuBoard - Bład w kwadracie 0
sudoku.model.SudokuBoard@2f14b0f6[
  size=9
  solver=sudoku.model.BacktrackingSudokuSolver@5b20706
  board={{3,6,1,2,8,9,7,5,4},{4,2,5,6,1,7,8,9,3},{7,8,9,3,5,4,1,2,6},{2,7,6,4,9,3,5,1,8},{8,3,4,5,6,1,0,0,0},{0,0,0,0,0,0,0,0,0},{0,0,0,0,0,0,0,0,0},{0,0,0,0,0,0,0,0,0},{0,0,0,0,0,0,0,0,0}}
]
15:41:40.618 [main] INFO sudoku.model.SudokuBoard - Wartość 0 wstawiona nieprawidłowo
15:41:40.618 [main] INFO sudoku.model.SudokuBoard - Bład w kwadracie 0
sudoku.model.SudokuBoard@2f14b0f6[
  size=9
  solver=sudoku.model.BacktrackingSudokuSolver@5b20706
  board={{3,6,1,2,8,9,7,5,4},{4,2,5,6,1,7,8,9,3},{7,8,9,3,5,4,1,2,6},{2,7,6,4,9,3,5,1,8},{8,3,4,5,6,1,2,7,9},{9,0,0,0,0,0,0,0,0},{0,0,0,0,0,0,0,0,0},{0,0,0,0,0,0,0,0,0},{0,0,0,0,0,0,0,0,0}}
]
15:41:40.618 [main] INFO sudoku.model.SudokuBoard - Wartość 0 wstawiona nieprawidłowo
15:41:40.618 [main] INFO sudoku.model.SudokuBoard - Bład w kwadracie 0
sudoku.model.SudokuBoard@2f14b0f6[
  size=9
  solver=sudoku.model.BacktrackingSudokuSolver@5b20706
  board={{3,6,1,2,8,9,7,5,4},{4,2,5,6,1,7,8,9,3},{7,8,9,3,5,4,1,2,6},{2,7,6,4,9,3,5,1,8},{8,3,4,5,6,1,2,7,9},{9,0,0,0,0,0,0,0,0},{0,0,0,0,0,0,0,0,0},{0,0,0,0,0,0,0,0,0},{0,0,0,0,0,0,0,0,0}}
]
15:41:40.618 [main] INFO sudoku.model.SudokuBoard - Wartość 0 wstawiona nieprawidłowo
15:41:40.618 [main] INFO sudoku.model.SudokuBoard - Bład w kwadracie 0
sudoku.model.SudokuBoard@2f14b0f6[
  size=9
  solver=sudoku.model.BacktrackingSudokuSolver@5b20706
  board={{3,6,1,2,8,9,7,5,4},{4,2,5,6,1,7,8,9,3},{7,8,9,3,5,4,1,2,6},{2,7,6,4,9,3,5,1,8},{8,3,4,5,6,1,2,7,9},{0,0,0,0,0,0,0,0,0},{0,0,0,0,0,0,0,0,0},{0,0,0,0,0,0,0,0,0},{0,0,0,0,0,0,0,0,0}}
]
15:41:40.618 [main] INFO sudoku.model.SudokuBoard - Wartość 0 wstawiona nieprawidłowo
15:41:40.618 [main] INFO sudoku.model.SudokuBoard - Bład w kwadracie 0
sudoku.model.SudokuBoard@2f14b0f6[
  size=9
  solver=sudoku.model.BacktrackingSudokuSolver@5b20706
  board={{3,6,1,2,8,9,7,5,4},{4,2,5,6,1,7,8,9,3},{7,8,9,3,5,4,1,2,6},{2,7,6,4,9,3,5,1,8},{8,3,4,5,6,1,2,7,9},{1,0,0,0,0,0,0,0,0},{0,0,0,0,0,0,0,0,0},{0,0,0,0,0,0,0,0,0},{0,0,0,0,0,0,0,0,0}}
]
15:41:40.618 [main] INFO sudoku.model.SudokuBoard - Wartość 0 wstawiona nieprawidłowo
15:41:40.618 [main] INFO sudoku.model.SudokuBoard - Bład w kwadracie 0
sudoku.model.SudokuBoard@2f14b0f6[
  size=9
  solver=sudoku.model.BacktrackingSudokuSolver@5b20706
  board={{3,6,1,2,8,9,7,5,4},{4,2,5,6,1,7,8,9,3},{7,8,9,3,5,4,1,2,6},{2,7,6,4,9,3,5,1,8},{8,3,4,5,6,1,2,7,9},{1,0,0,0,0,0,0,0,0},{0,0,0,0,0,0,0,0,0},{0,0,0,0,0,0,0,0,0},{0,0,0,0,0,0,0,0,0}}
]
15:41:40.618 [main] INFO sudoku.model.SudokuBoard - Wartość 0 wstawiona nieprawidłowo
15:41:40.619 [main] INFO sudoku.model.SudokuBoard - Bład w kwadracie 0
sudoku.model.SudokuBoard@2f14b0f6[
  size=9
  solver=sudoku.model.BacktrackingSudokuSolver@5b20706
  board={{3,6,1,2,8,9,7,5,4},{4,2,5,6,1,7,8,9,3},{7,8,9,3,5,4,1,2,6},{2,7,6,4,9,3,5,1,8},{8,3,4,5,6,1,2,7,9},{0,0,0,0,0,0,0,0,0},{0,0,0,0,0,0,0,0,0},{0,0,0,0,0,0,0,0,0},{0,0,0,0,0,0,0,0,0}}
]
15:41:40.619 [main] INFO sudoku.model.SudokuBoard - Wartość 0 wstawiona nieprawidłowo
15:41:40.619 [main] INFO sudoku.model.SudokuBoard - Bład w kwadracie 0
sudoku.model.SudokuBoard@2f14b0f6[
  size=9
  solver=sudoku.model.BacktrackingSudokuSolver@5b20706
  board={{3,6,1,2,8,9,7,5,4},{4,2,5,6,1,7,8,9,3},{7,8,9,3,5,4,1,2,6},{2,7,6,4,9,3,5,1,8},{8,3,4,5,6,1,2,7,9},{5,0,0,0,0,0,0,0,0},{0,0,0,0,0,0,0,0,0},{0,0,0,0,0,0,0,0,0},{0,0,0,0,0,0,0,0,0}}
]
15:41:40.619 [main] INFO sudoku.model.SudokuBoard - Wartość 0 wstawiona nieprawidłowo
15:41:40.619 [main] INFO sudoku.model.SudokuBoard - Bład w kwadracie 0
sudoku.model.SudokuBoard@2f14b0f6[
  size=9
  solver=sudoku.model.BacktrackingSudokuSolver@5b20706
  board={{3,6,1,2,8,9,7,5,4},{4,2,5,6,1,7,8,9,3},{7,8,9,3,5,4,1,2,6},{2,7,6,4,9,3,5,1,8},{8,3,4,5,6,1,2,7,9},{5,0,0,0,0,0,0,0,0},{0,0,0,0,0,0,0,0,0},{0,0,0,0,0,0,0,0,0},{0,0,0,0,0,0,0,0,0}}
]
15:41:40.619 [main] INFO sudoku.model.SudokuBoard - Wartość 0 wstawiona nieprawidłowo
15:41:40.619 [main] INFO sudoku.model.SudokuBoard - Bład w kwadracie 0
sudoku.model.SudokuBoard@2f14b0f6[
  size=9
  solver=sudoku.model.BacktrackingSudokuSolver@5b20706
  board={{3,6,1,2,8,9,7,5,4},{4,2,5,6,1,7,8,9,3},{7,8,9,3,5,4,1,2,6},{2,7,6,4,9,3,5,1,8},{8,3,4,5,6,1,2,7,9},{0,0,0,0,0,0,0,0,0},{0,0,0,0,0,0,0,0,0},{0,0,0,0,0,0,0,0,0},{0,0,0,0,0,0,0,0,0}}
]
15:41:40.619 [main] INFO sudoku.model.SudokuBoard - Wartość 0 wstawiona nieprawidłowo
15:41:40.619 [main] INFO sudoku.model.SudokuBoard - Bład w kwadracie 0
sudoku.model.SudokuBoard@2f14b0f6[
  size=9
  solver=sudoku.model.BacktrackingSudokuSolver@5b20706
  board={{3,6,1,2,8,9,7,5,4},{4,2,5,6,1,7,8,9,3},{7,8,9,3,5,4,1,2,6},{2,7,6,4,9,3,5,1,8},{8,3,4,5,6,1,2,7,0},{0,0,0,0,0,0,0,0,0},{0,0,0,0,0,0,0,0,0},{0,0,0,0,0,0,0,0,0},{0,0,0,0,0,0,0,0,0}}
]
15:41:40.619 [main] INFO sudoku.model.SudokuBoard - Wartość 0 wstawiona nieprawidłowo
15:41:40.619 [main] INFO sudoku.model.SudokuBoard - Bład w kwadracie 0
sudoku.model.SudokuBoard@2f14b0f6[
  size=9
  solver=sudoku.model.BacktrackingSudokuSolver@5b20706
  board={{3,6,1,2,8,9,7,5,4},{4,2,5,6,1,7,8,9,3},{7,8,9,3,5,4,1,2,6},{2,7,6,4,9,3,5,1,8},{8,3,4,5,6,1,2,0,0},{0,0,0,0,0,0,0,0,0},{0,0,0,0,0,0,0,0,0},{0,0,0,0,0,0,0,0,0},{0,0,0,0,0,0,0,0,0}}
]
15:41:40.619 [main] INFO sudoku.model.SudokuBoard - Wartość 0 wstawiona nieprawidłowo
15:41:40.619 [main] INFO sudoku.model.SudokuBoard - Bład w kwadracie 0
sudoku.model.SudokuBoard@2f14b0f6[
  size=9
  solver=sudoku.model.BacktrackingSudokuSolver@5b20706
  board={{3,6,1,2,8,9,7,5,4},{4,2,5,6,1,7,8,9,3},{7,8,9,3,5,4,1,2,6},{2,7,6,4,9,3,5,1,8},{8,3,4,5,6,1,0,0,0},{0,0,0,0,0,0,0,0,0},{0,0,0,0,0,0,0,0,0},{0,0,0,0,0,0,0,0,0},{0,0,0,0,0,0,0,0,0}}
]
15:41:40.619 [main] INFO sudoku.model.SudokuBoard - Wartość 0 wstawiona nieprawidłowo
15:41:40.619 [main] INFO sudoku.model.SudokuBoard - Bład w kwadracie 0
sudoku.model.SudokuBoard@2f14b0f6[
  size=9
  solver=sudoku.model.BacktrackingSudokuSolver@5b20706
  board={{3,6,1,2,8,9,7,5,4},{4,2,5,6,1,7,8,9,3},{7,8,9,3,5,4,1,2,6},{2,7,6,4,9,3,5,1,8},{8,3,4,5,6,0,0,0,0},{0,0,0,0,0,0,0,0,0},{0,0,0,0,0,0,0,0,0},{0,0,0,0,0,0,0,0,0},{0,0,0,0,0,0,0,0,0}}
]
15:41:40.620 [main] INFO sudoku.model.SudokuBoard - Wartość 0 wstawiona nieprawidłowo
15:41:40.620 [main] INFO sudoku.model.SudokuBoard - Bład w kwadracie 0
sudoku.model.SudokuBoard@2f14b0f6[
  size=9
  solver=sudoku.model.BacktrackingSudokuSolver@5b20706
  board={{3,6,1,2,8,9,7,5,4},{4,2,5,6,1,7,8,9,3},{7,8,9,3,5,4,1,2,6},{2,7,6,4,9,3,5,1,8},{8,3,4,5,6,2,9,0,0},{0,0,0,0,0,0,0,0,0},{0,0,0,0,0,0,0,0,0},{0,0,0,0,0,0,0,0,0},{0,0,0,0,0,0,0,0,0}}
]
15:41:40.620 [main] INFO sudoku.model.SudokuBoard - Wartość 0 wstawiona nieprawidłowo
15:41:40.620 [main] INFO sudoku.model.SudokuBoard - Bład w kwadracie 0
sudoku.model.SudokuBoard@2f14b0f6[
  size=9
  solver=sudoku.model.BacktrackingSudokuSolver@5b20706
  board={{3,6,1,2,8,9,7,5,4},{4,2,5,6,1,7,8,9,3},{7,8,9,3,5,4,1,2,6},{2,7,6,4,9,3,5,1,8},{8,3,4,5,6,2,0,0,0},{0,0,0,0,0,0,0,0,0},{0,0,0,0,0,0,0,0,0},{0,0,0,0,0,0,0,0,0},{0,0,0,0,0,0,0,0,0}}
]
15:41:40.620 [main] INFO sudoku.model.SudokuBoard - Wartość 0 wstawiona nieprawidłowo
15:41:40.620 [main] INFO sudoku.model.SudokuBoard - Bład w kwadracie 0
sudoku.model.SudokuBoard@2f14b0f6[
  size=9
  solver=sudoku.model.BacktrackingSudokuSolver@5b20706
  board={{3,6,1,2,8,9,7,5,4},{4,2,5,6,1,7,8,9,3},{7,8,9,3,5,4,1,2,6},{2,7,6,4,9,3,5,1,8},{8,3,4,5,6,0,0,0,0},{0,0,0,0,0,0,0,0,0},{0,0,0,0,0,0,0,0,0},{0,0,0,0,0,0,0,0,0},{0,0,0,0,0,0,0,0,0}}
]
15:41:40.620 [main] INFO sudoku.model.SudokuBoard - Wartość 0 wstawiona nieprawidłowo
15:41:40.620 [main] INFO sudoku.model.SudokuBoard - Bład w kwadracie 0
sudoku.model.SudokuBoard@2f14b0f6[
  size=9
  solver=sudoku.model.BacktrackingSudokuSolver@5b20706
  board={{3,6,1,2,8,9,7,5,4},{4,2,5,6,1,7,8,9,3},{7,8,9,3,5,4,1,2,6},{2,7,6,4,9,3,5,1,8},{8,3,4,5,0,0,0,0,0},{0,0,0,0,0,0,0,0,0},{0,0,0,0,0,0,0,0,0},{0,0,0,0,0,0,0,0,0},{0,0,0,0,0,0,0,0,0}}
]
15:41:40.620 [main] INFO sudoku.model.SudokuBoard - Wartość 0 wstawiona nieprawidłowo
15:41:40.620 [main] INFO sudoku.model.SudokuBoard - Bład w kwadracie 0
sudoku.model.SudokuBoard@2f14b0f6[
  size=9
  solver=sudoku.model.BacktrackingSudokuSolver@5b20706
  board={{3,6,1,2,8,9,7,5,4},{4,2,5,6,1,7,8,9,3},{7,8,9,3,5,4,1,2,6},{2,7,6,4,9,3,5,1,8},{8,3,4,5,7,6,0,0,0},{0,0,0,0,0,0,0,0,0},{0,0,0,0,0,0,0,0,0},{0,0,0,0,0,0,0,0,0},{0,0,0,0,0,0,0,0,0}}
]
15:41:40.620 [main] INFO sudoku.model.SudokuBoard - Wartość 0 wstawiona nieprawidłowo
15:41:40.620 [main] INFO sudoku.model.SudokuBoard - Bład w kwadracie 0
sudoku.model.SudokuBoard@2f14b0f6[
  size=9
  solver=sudoku.model.BacktrackingSudokuSolver@5b20706
  board={{3,6,1,2,8,9,7,5,4},{4,2,5,6,1,7,8,9,3},{7,8,9,3,5,4,1,2,6},{2,7,6,4,9,3,5,1,8},{8,3,4,5,7,6,0,0,0},{0,0,0,0,0,0,0,0,0},{0,0,0,0,0,0,0,0,0},{0,0,0,0,0,0,0,0,0},{0,0,0,0,0,0,0,0,0}}
]
15:41:40.620 [main] INFO sudoku.model.SudokuBoard - Wartość 0 wstawiona nieprawidłowo
15:41:40.620 [main] INFO sudoku.model.SudokuBoard - Bład w kwadracie 0
sudoku.model.SudokuBoard@2f14b0f6[
  size=9
  solver=sudoku.model.BacktrackingSudokuSolver@5b20706
  board={{3,6,1,2,8,9,7,5,4},{4,2,5,6,1,7,8,9,3},{7,8,9,3,5,4,1,2,6},{2,7,6,4,9,3,5,1,8},{8,3,4,5,7,0,0,0,0},{0,0,0,0,0,0,0,0,0},{0,0,0,0,0,0,0,0,0},{0,0,0,0,0,0,0,0,0},{0,0,0,0,0,0,0,0,0}}
]
15:41:40.620 [main] INFO sudoku.model.SudokuBoard - Wartość 0 wstawiona nieprawidłowo
15:41:40.621 [main] INFO sudoku.model.SudokuBoard - Bład w kwadracie 0
sudoku.model.SudokuBoard@2f14b0f6[
  size=9
  solver=sudoku.model.BacktrackingSudokuSolver@5b20706
  board={{3,6,1,2,8,9,7,5,4},{4,2,5,6,1,7,8,9,3},{7,8,9,3,5,4,1,2,6},{2,7,6,4,9,3,5,1,8},{8,3,4,5,7,1,9,6,2},{5,0,0,0,0,0,0,0,0},{0,0,0,0,0,0,0,0,0},{0,0,0,0,0,0,0,0,0},{0,0,0,0,0,0,0,0,0}}
]
15:41:40.621 [main] INFO sudoku.model.SudokuBoard - Wartość 0 wstawiona nieprawidłowo
15:41:40.621 [main] INFO sudoku.model.SudokuBoard - Bład w kwadracie 0
sudoku.model.SudokuBoard@2f14b0f6[
  size=9
  solver=sudoku.model.BacktrackingSudokuSolver@5b20706
  board={{3,6,1,2,8,9,7,5,4},{4,2,5,6,1,7,8,9,3},{7,8,9,3,5,4,1,2,6},{2,7,6,4,9,3,5,1,8},{8,3,4,5,7,1,9,6,2},{5,0,0,0,0,0,0,0,0},{0,0,0,0,0,0,0,0,0},{0,0,0,0,0,0,0,0,0},{0,0,0,0,0,0,0,0,0}}
]
15:41:40.621 [main] INFO sudoku.model.SudokuBoard - Wartość 0 wstawiona nieprawidłowo
15:41:40.621 [main] INFO sudoku.model.SudokuBoard - Bład w kwadracie 0
sudoku.model.SudokuBoard@2f14b0f6[
  size=9
  solver=sudoku.model.BacktrackingSudokuSolver@5b20706
  board={{3,6,1,2,8,9,7,5,4},{4,2,5,6,1,7,8,9,3},{7,8,9,3,5,4,1,2,6},{2,7,6,4,9,3,5,1,8},{8,3,4,5,7,1,9,6,2},{0,0,0,0,0,0,0,0,0},{0,0,0,0,0,0,0,0,0},{0,0,0,0,0,0,0,0,0},{0,0,0,0,0,0,0,0,0}}
]
15:41:40.621 [main] INFO sudoku.model.SudokuBoard - Wartość 0 wstawiona nieprawidłowo
15:41:40.621 [main] INFO sudoku.model.SudokuBoard - Bład w kwadracie 0
sudoku.model.SudokuBoard@2f14b0f6[
  size=9
  solver=sudoku.model.BacktrackingSudokuSolver@5b20706
  board={{3,6,1,2,8,9,7,5,4},{4,2,5,6,1,7,8,9,3},{7,8,9,3,5,4,1,2,6},{2,7,6,4,9,3,5,1,8},{8,3,4,5,7,1,9,6,2},{9,0,0,0,0,0,0,0,0},{0,0,0,0,0,0,0,0,0},{0,0,0,0,0,0,0,0,0},{0,0,0,0,0,0,0,0,0}}
]
15:41:40.621 [main] INFO sudoku.model.SudokuBoard - Wartość 0 wstawiona nieprawidłowo
15:41:40.621 [main] INFO sudoku.model.SudokuBoard - Bład w kwadracie 0
sudoku.model.SudokuBoard@2f14b0f6[
  size=9
  solver=sudoku.model.BacktrackingSudokuSolver@5b20706
  board={{3,6,1,2,8,9,7,5,4},{4,2,5,6,1,7,8,9,3},{7,8,9,3,5,4,1,2,6},{2,7,6,4,9,3,5,1,8},{8,3,4,5,7,1,9,6,2},{9,0,0,0,0,0,0,0,0},{0,0,0,0,0,0,0,0,0},{0,0,0,0,0,0,0,0,0},{0,0,0,0,0,0,0,0,0}}
]
15:41:40.621 [main] INFO sudoku.model.SudokuBoard - Wartość 0 wstawiona nieprawidłowo
15:41:40.621 [main] INFO sudoku.model.SudokuBoard - Bład w kwadracie 0
sudoku.model.SudokuBoard@2f14b0f6[
  size=9
  solver=sudoku.model.BacktrackingSudokuSolver@5b20706
  board={{3,6,1,2,8,9,7,5,4},{4,2,5,6,1,7,8,9,3},{7,8,9,3,5,4,1,2,6},{2,7,6,4,9,3,5,1,8},{8,3,4,5,7,1,9,6,2},{0,0,0,0,0,0,0,0,0},{0,0,0,0,0,0,0,0,0},{0,0,0,0,0,0,0,0,0},{0,0,0,0,0,0,0,0,0}}
]
15:41:40.621 [main] INFO sudoku.model.SudokuBoard - Wartość 0 wstawiona nieprawidłowo
15:41:40.621 [main] INFO sudoku.model.SudokuBoard - Bład w kwadracie 0
sudoku.model.SudokuBoard@2f14b0f6[
  size=9
  solver=sudoku.model.BacktrackingSudokuSolver@5b20706
  board={{3,6,1,2,8,9,7,5,4},{4,2,5,6,1,7,8,9,3},{7,8,9,3,5,4,1,2,6},{2,7,6,4,9,3,5,1,8},{8,3,4,5,7,1,9,6,2},{1,0,0,0,0,0,0,0,0},{0,0,0,0,0,0,0,0,0},{0,0,0,0,0,0,0,0,0},{0,0,0,0,0,0,0,0,0}}
]
15:41:40.621 [main] INFO sudoku.model.SudokuBoard - Wartość 0 wstawiona nieprawidłowo
15:41:40.621 [main] INFO sudoku.model.SudokuBoard - Bład w kwadracie 0
sudoku.model.SudokuBoard@2f14b0f6[
  size=9
  solver=sudoku.model.BacktrackingSudokuSolver@5b20706
  board={{3,6,1,2,8,9,7,5,4},{4,2,5,6,1,7,8,9,3},{7,8,9,3,5,4,1,2,6},{2,7,6,4,9,3,5,1,8},{8,3,4,5,7,1,9,6,2},{1,0,0,0,0,0,0,0,0},{0,0,0,0,0,0,0,0,0},{0,0,0,0,0,0,0,0,0},{0,0,0,0,0,0,0,0,0}}
]
15:41:40.621 [main] INFO sudoku.model.SudokuBoard - Wartość 0 wstawiona nieprawidłowo
15:41:40.625 [main] INFO sudoku.model.SudokuBoard - Bład w kwadracie 0
sudoku.model.SudokuBoard@2f14b0f6[
  size=9
  solver=sudoku.model.BacktrackingSudokuSolver@5b20706
  board={{3,6,1,2,8,9,7,5,4},{4,2,5,6,1,7,8,9,3},{7,8,9,3,5,4,1,2,6},{2,7,6,4,9,3,5,1,8},{8,3,4,5,7,1,9,6,2},{0,0,0,0,0,0,0,0,0},{0,0,0,0,0,0,0,0,0},{0,0,0,0,0,0,0,0,0},{0,0,0,0,0,0,0,0,0}}
]
15:41:40.625 [main] INFO sudoku.model.SudokuBoard - Wartość 0 wstawiona nieprawidłowo
15:41:40.625 [main] INFO sudoku.model.SudokuBoard - Bład w kwadracie 0
sudoku.model.SudokuBoard@2f14b0f6[
  size=9
  solver=sudoku.model.BacktrackingSudokuSolver@5b20706
  board={{3,6,1,2,8,9,7,5,4},{4,2,5,6,1,7,8,9,3},{7,8,9,3,5,4,1,2,6},{2,7,6,4,9,3,5,1,8},{8,3,4,5,7,1,9,6,0},{0,0,0,0,0,0,0,0,0},{0,0,0,0,0,0,0,0,0},{0,0,0,0,0,0,0,0,0},{0,0,0,0,0,0,0,0,0}}
]
15:41:40.625 [main] INFO sudoku.model.SudokuBoard - Wartość 0 wstawiona nieprawidłowo
15:41:40.625 [main] INFO sudoku.model.SudokuBoard - Bład w kwadracie 0
sudoku.model.SudokuBoard@2f14b0f6[
  size=9
  solver=sudoku.model.BacktrackingSudokuSolver@5b20706
  board={{3,6,1,2,8,9,7,5,4},{4,2,5,6,1,7,8,9,3},{7,8,9,3,5,4,1,2,6},{2,7,6,4,9,3,5,1,8},{8,3,4,5,7,1,9,0,0},{0,0,0,0,0,0,0,0,0},{0,0,0,0,0,0,0,0,0},{0,0,0,0,0,0,0,0,0},{0,0,0,0,0,0,0,0,0}}
]
15:41:40.625 [main] INFO sudoku.model.SudokuBoard - Wartość 0 wstawiona nieprawidłowo
15:41:40.626 [main] INFO sudoku.model.SudokuBoard - Bład w kwadracie 0
sudoku.model.SudokuBoard@2f14b0f6[
  size=9
  solver=sudoku.model.BacktrackingSudokuSolver@5b20706
  board={{3,6,1,2,8,9,7,5,4},{4,2,5,6,1,7,8,9,3},{7,8,9,3,5,4,1,2,6},{2,7,6,4,9,3,5,1,8},{8,3,4,5,7,1,0,0,0},{0,0,0,0,0,0,0,0,0},{0,0,0,0,0,0,0,0,0},{0,0,0,0,0,0,0,0,0},{0,0,0,0,0,0,0,0,0}}
]
15:41:40.626 [main] INFO sudoku.model.SudokuBoard - Wartość 0 wstawiona nieprawidłowo
15:41:40.628 [main] INFO sudoku.model.SudokuBoard - Bład w kwadracie 0
sudoku.model.SudokuBoard@2f14b0f6[
  size=9
  solver=sudoku.model.BacktrackingSudokuSolver@5b20706
  board={{3,6,1,2,8,9,7,5,4},{4,2,5,6,1,7,8,9,3},{7,8,9,3,5,4,1,2,6},{2,7,6,4,9,3,5,1,8},{8,3,4,5,7,1,2,6,9},{5,0,0,0,0,0,0,0,0},{0,0,0,0,0,0,0,0,0},{0,0,0,0,0,0,0,0,0},{0,0,0,0,0,0,0,0,0}}
]
15:41:40.628 [main] INFO sudoku.model.SudokuBoard - Wartość 0 wstawiona nieprawidłowo
15:41:40.628 [main] INFO sudoku.model.SudokuBoard - Bład w kwadracie 0
sudoku.model.SudokuBoard@2f14b0f6[
  size=9
  solver=sudoku.model.BacktrackingSudokuSolver@5b20706
  board={{3,6,1,2,8,9,7,5,4},{4,2,5,6,1,7,8,9,3},{7,8,9,3,5,4,1,2,6},{2,7,6,4,9,3,5,1,8},{8,3,4,5,7,1,2,6,9},{5,0,0,0,0,0,0,0,0},{0,0,0,0,0,0,0,0,0},{0,0,0,0,0,0,0,0,0},{0,0,0,0,0,0,0,0,0}}
]
15:41:40.628 [main] INFO sudoku.model.SudokuBoard - Wartość 0 wstawiona nieprawidłowo
15:41:40.628 [main] INFO sudoku.model.SudokuBoard - Bład w kwadracie 0
sudoku.model.SudokuBoard@2f14b0f6[
  size=9
  solver=sudoku.model.BacktrackingSudokuSolver@5b20706
  board={{3,6,1,2,8,9,7,5,4},{4,2,5,6,1,7,8,9,3},{7,8,9,3,5,4,1,2,6},{2,7,6,4,9,3,5,1,8},{8,3,4,5,7,1,2,6,9},{0,0,0,0,0,0,0,0,0},{0,0,0,0,0,0,0,0,0},{0,0,0,0,0,0,0,0,0},{0,0,0,0,0,0,0,0,0}}
]
15:41:40.628 [main] INFO sudoku.model.SudokuBoard - Wartość 0 wstawiona nieprawidłowo
15:41:40.629 [main] INFO sudoku.model.SudokuBoard - Bład w kwadracie 0
sudoku.model.SudokuBoard@2f14b0f6[
  size=9
  solver=sudoku.model.BacktrackingSudokuSolver@5b20706
  board={{3,6,1,2,8,9,7,5,4},{4,2,5,6,1,7,8,9,3},{7,8,9,3,5,4,1,2,6},{2,7,6,4,9,3,5,1,8},{8,3,4,5,7,1,2,6,9},{9,0,0,0,0,0,0,0,0},{0,0,0,0,0,0,0,0,0},{0,0,0,0,0,0,0,0,0},{0,0,0,0,0,0,0,0,0}}
]
15:41:40.629 [main] INFO sudoku.model.SudokuBoard - Wartość 0 wstawiona nieprawidłowo
15:41:40.629 [main] INFO sudoku.model.SudokuBoard - Bład w kwadracie 0
sudoku.model.SudokuBoard@2f14b0f6[
  size=9
  solver=sudoku.model.BacktrackingSudokuSolver@5b20706
  board={{3,6,1,2,8,9,7,5,4},{4,2,5,6,1,7,8,9,3},{7,8,9,3,5,4,1,2,6},{2,7,6,4,9,3,5,1,8},{8,3,4,5,7,1,2,6,9},{9,0,0,0,0,0,0,0,0},{0,0,0,0,0,0,0,0,0},{0,0,0,0,0,0,0,0,0},{0,0,0,0,0,0,0,0,0}}
]
15:41:40.629 [main] INFO sudoku.model.SudokuBoard - Wartość 0 wstawiona nieprawidłowo
15:41:40.629 [main] INFO sudoku.model.SudokuBoard - Bład w kwadracie 0
sudoku.model.SudokuBoard@2f14b0f6[
  size=9
  solver=sudoku.model.BacktrackingSudokuSolver@5b20706
  board={{3,6,1,2,8,9,7,5,4},{4,2,5,6,1,7,8,9,3},{7,8,9,3,5,4,1,2,6},{2,7,6,4,9,3,5,1,8},{8,3,4,5,7,1,2,6,9},{0,0,0,0,0,0,0,0,0},{0,0,0,0,0,0,0,0,0},{0,0,0,0,0,0,0,0,0},{0,0,0,0,0,0,0,0,0}}
]
15:41:40.629 [main] INFO sudoku.model.SudokuBoard - Wartość 0 wstawiona nieprawidłowo
15:41:40.629 [main] INFO sudoku.model.SudokuBoard - Bład w kwadracie 0
sudoku.model.SudokuBoard@2f14b0f6[
  size=9
  solver=sudoku.model.BacktrackingSudokuSolver@5b20706
  board={{3,6,1,2,8,9,7,5,4},{4,2,5,6,1,7,8,9,3},{7,8,9,3,5,4,1,2,6},{2,7,6,4,9,3,5,1,8},{8,3,4,5,7,1,2,6,9},{1,0,0,0,0,0,0,0,0},{0,0,0,0,0,0,0,0,0},{0,0,0,0,0,0,0,0,0},{0,0,0,0,0,0,0,0,0}}
]
15:41:40.629 [main] INFO sudoku.model.SudokuBoard - Wartość 0 wstawiona nieprawidłowo
15:41:40.629 [main] INFO sudoku.model.SudokuBoard - Bład w kwadracie 0
sudoku.model.SudokuBoard@2f14b0f6[
  size=9
  solver=sudoku.model.BacktrackingSudokuSolver@5b20706
  board={{3,6,1,2,8,9,7,5,4},{4,2,5,6,1,7,8,9,3},{7,8,9,3,5,4,1,2,6},{2,7,6,4,9,3,5,1,8},{8,3,4,5,7,1,2,6,9},{1,0,0,0,0,0,0,0,0},{0,0,0,0,0,0,0,0,0},{0,0,0,0,0,0,0,0,0},{0,0,0,0,0,0,0,0,0}}
]
15:41:40.629 [main] INFO sudoku.model.SudokuBoard - Wartość 0 wstawiona nieprawidłowo
15:41:40.629 [main] INFO sudoku.model.SudokuBoard - Bład w kwadracie 0
sudoku.model.SudokuBoard@2f14b0f6[
  size=9
  solver=sudoku.model.BacktrackingSudokuSolver@5b20706
  board={{3,6,1,2,8,9,7,5,4},{4,2,5,6,1,7,8,9,3},{7,8,9,3,5,4,1,2,6},{2,7,6,4,9,3,5,1,8},{8,3,4,5,7,1,2,6,9},{0,0,0,0,0,0,0,0,0},{0,0,0,0,0,0,0,0,0},{0,0,0,0,0,0,0,0,0},{0,0,0,0,0,0,0,0,0}}
]
15:41:40.629 [main] INFO sudoku.model.SudokuBoard - Wartość 0 wstawiona nieprawidłowo
15:41:40.630 [main] INFO sudoku.model.SudokuBoard - Bład w kwadracie 0
sudoku.model.SudokuBoard@2f14b0f6[
  size=9
  solver=sudoku.model.BacktrackingSudokuSolver@5b20706
  board={{3,6,1,2,8,9,7,5,4},{4,2,5,6,1,7,8,9,3},{7,8,9,3,5,4,1,2,6},{2,7,6,4,9,3,5,1,8},{8,3,4,5,7,1,2,6,0},{0,0,0,0,0,0,0,0,0},{0,0,0,0,0,0,0,0,0},{0,0,0,0,0,0,0,0,0},{0,0,0,0,0,0,0,0,0}}
]
15:41:40.630 [main] INFO sudoku.model.SudokuBoard - Wartość 0 wstawiona nieprawidłowo
15:41:40.630 [main] INFO sudoku.model.SudokuBoard - Bład w kwadracie 0
sudoku.model.SudokuBoard@2f14b0f6[
  size=9
  solver=sudoku.model.BacktrackingSudokuSolver@5b20706
  board={{3,6,1,2,8,9,7,5,4},{4,2,5,6,1,7,8,9,3},{7,8,9,3,5,4,1,2,6},{2,7,6,4,9,3,5,1,8},{8,3,4,5,7,1,2,0,0},{0,0,0,0,0,0,0,0,0},{0,0,0,0,0,0,0,0,0},{0,0,0,0,0,0,0,0,0},{0,0,0,0,0,0,0,0,0}}
]
15:41:40.630 [main] INFO sudoku.model.SudokuBoard - Wartość 0 wstawiona nieprawidłowo
15:41:40.630 [main] INFO sudoku.model.SudokuBoard - Bład w kwadracie 0
sudoku.model.SudokuBoard@2f14b0f6[
  size=9
  solver=sudoku.model.BacktrackingSudokuSolver@5b20706
  board={{3,6,1,2,8,9,7,5,4},{4,2,5,6,1,7,8,9,3},{7,8,9,3,5,4,1,2,6},{2,7,6,4,9,3,5,1,8},{8,3,4,5,7,1,0,0,0},{0,0,0,0,0,0,0,0,0},{0,0,0,0,0,0,0,0,0},{0,0,0,0,0,0,0,0,0},{0,0,0,0,0,0,0,0,0}}
]
15:41:40.630 [main] INFO sudoku.model.SudokuBoard - Wartość 0 wstawiona nieprawidłowo
15:41:40.630 [main] INFO sudoku.model.SudokuBoard - Bład w kwadracie 0
sudoku.model.SudokuBoard@2f14b0f6[
  size=9
  solver=sudoku.model.BacktrackingSudokuSolver@5b20706
  board={{3,6,1,2,8,9,7,5,4},{4,2,5,6,1,7,8,9,3},{7,8,9,3,5,4,1,2,6},{2,7,6,4,9,3,5,1,8},{8,3,4,5,7,1,0,0,0},{0,0,0,0,0,0,0,0,0},{0,0,0,0,0,0,0,0,0},{0,0,0,0,0,0,0,0,0},{0,0,0,0,0,0,0,0,0}}
]
15:41:40.630 [main] INFO sudoku.model.SudokuBoard - Wartość 0 wstawiona nieprawidłowo
15:41:40.630 [main] INFO sudoku.model.SudokuBoard - Bład w kwadracie 0
sudoku.model.SudokuBoard@2f14b0f6[
  size=9
  solver=sudoku.model.BacktrackingSudokuSolver@5b20706
  board={{3,6,1,2,8,9,7,5,4},{4,2,5,6,1,7,8,9,3},{7,8,9,3,5,4,1,2,6},{2,7,6,4,9,3,5,1,8},{8,3,4,5,7,0,0,0,0},{0,0,0,0,0,0,0,0,0},{0,0,0,0,0,0,0,0,0},{0,0,0,0,0,0,0,0,0},{0,0,0,0,0,0,0,0,0}}
]
15:41:40.630 [main] INFO sudoku.model.SudokuBoard - Wartość 0 wstawiona nieprawidłowo
15:41:40.630 [main] INFO sudoku.model.SudokuBoard - Bład w kwadracie 0
sudoku.model.SudokuBoard@2f14b0f6[
  size=9
  solver=sudoku.model.BacktrackingSudokuSolver@5b20706
  board={{3,6,1,2,8,9,7,5,4},{4,2,5,6,1,7,8,9,3},{7,8,9,3,5,4,1,2,6},{2,7,6,4,9,3,5,1,8},{8,3,4,5,7,2,9,0,0},{0,0,0,0,0,0,0,0,0},{0,0,0,0,0,0,0,0,0},{0,0,0,0,0,0,0,0,0},{0,0,0,0,0,0,0,0,0}}
]
15:41:40.630 [main] INFO sudoku.model.SudokuBoard - Wartość 0 wstawiona nieprawidłowo
15:41:40.630 [main] INFO sudoku.model.SudokuBoard - Bład w kwadracie 0
sudoku.model.SudokuBoard@2f14b0f6[
  size=9
  solver=sudoku.model.BacktrackingSudokuSolver@5b20706
  board={{3,6,1,2,8,9,7,5,4},{4,2,5,6,1,7,8,9,3},{7,8,9,3,5,4,1,2,6},{2,7,6,4,9,3,5,1,8},{8,3,4,5,7,2,0,0,0},{0,0,0,0,0,0,0,0,0},{0,0,0,0,0,0,0,0,0},{0,0,0,0,0,0,0,0,0},{0,0,0,0,0,0,0,0,0}}
]
15:41:40.630 [main] INFO sudoku.model.SudokuBoard - Wartość 0 wstawiona nieprawidłowo
15:41:40.630 [main] INFO sudoku.model.SudokuBoard - Bład w kwadracie 0
sudoku.model.SudokuBoard@2f14b0f6[
  size=9
  solver=sudoku.model.BacktrackingSudokuSolver@5b20706
  board={{3,6,1,2,8,9,7,5,4},{4,2,5,6,1,7,8,9,3},{7,8,9,3,5,4,1,2,6},{2,7,6,4,9,3,5,1,8},{8,3,4,5,7,2,0,0,0},{0,0,0,0,0,0,0,0,0},{0,0,0,0,0,0,0,0,0},{0,0,0,0,0,0,0,0,0},{0,0,0,0,0,0,0,0,0}}
]
15:41:40.630 [main] INFO sudoku.model.SudokuBoard - Wartość 0 wstawiona nieprawidłowo
15:41:40.632 [main] INFO sudoku.model.SudokuBoard - Bład w kwadracie 0
sudoku.model.SudokuBoard@2f14b0f6[
  size=9
  solver=sudoku.model.BacktrackingSudokuSolver@5b20706
  board={{3,6,1,2,8,9,7,5,4},{4,2,5,6,1,7,8,9,3},{7,8,9,3,5,4,1,2,6},{2,7,6,4,9,3,5,1,8},{8,3,4,5,7,0,0,0,0},{0,0,0,0,0,0,0,0,0},{0,0,0,0,0,0,0,0,0},{0,0,0,0,0,0,0,0,0},{0,0,0,0,0,0,0,0,0}}
]
15:41:40.632 [main] INFO sudoku.model.SudokuBoard - Wartość 0 wstawiona nieprawidłowo
15:41:40.633 [main] INFO sudoku.model.SudokuBoard - Bład w kwadracie 0
sudoku.model.SudokuBoard@2f14b0f6[
  size=9
  solver=sudoku.model.BacktrackingSudokuSolver@5b20706
  board={{3,6,1,2,8,9,7,5,4},{4,2,5,6,1,7,8,9,3},{7,8,9,3,5,4,1,2,6},{2,7,6,4,9,3,5,1,8},{8,3,4,5,0,0,0,0,0},{0,0,0,0,0,0,0,0,0},{0,0,0,0,0,0,0,0,0},{0,0,0,0,0,0,0,0,0},{0,0,0,0,0,0,0,0,0}}
]
15:41:40.633 [main] INFO sudoku.model.SudokuBoard - Wartość 0 wstawiona nieprawidłowo
15:41:40.633 [main] INFO sudoku.model.SudokuBoard - Bład w kwadracie 0
sudoku.model.SudokuBoard@2f14b0f6[
  size=9
  solver=sudoku.model.BacktrackingSudokuSolver@5b20706
  board={{3,6,1,2,8,9,7,5,4},{4,2,5,6,1,7,8,9,3},{7,8,9,3,5,4,1,2,6},{2,7,6,4,9,3,5,1,8},{8,3,4,5,2,1,9,6,7},{9,0,0,0,0,0,0,0,0},{0,0,0,0,0,0,0,0,0},{0,0,0,0,0,0,0,0,0},{0,0,0,0,0,0,0,0,0}}
]
15:41:40.633 [main] INFO sudoku.model.SudokuBoard - Wartość 0 wstawiona nieprawidłowo
15:41:40.633 [main] INFO sudoku.model.SudokuBoard - Bład w kwadracie 0
sudoku.model.SudokuBoard@2f14b0f6[
  size=9
  solver=sudoku.model.BacktrackingSudokuSolver@5b20706
  board={{3,6,1,2,8,9,7,5,4},{4,2,5,6,1,7,8,9,3},{7,8,9,3,5,4,1,2,6},{2,7,6,4,9,3,5,1,8},{8,3,4,5,2,1,9,6,7},{9,0,0,0,0,0,0,0,0},{0,0,0,0,0,0,0,0,0},{0,0,0,0,0,0,0,0,0},{0,0,0,0,0,0,0,0,0}}
]
15:41:40.633 [main] INFO sudoku.model.SudokuBoard - Wartość 0 wstawiona nieprawidłowo
15:41:40.635 [main] INFO sudoku.model.SudokuBoard - Bład w kwadracie 0
sudoku.model.SudokuBoard@2f14b0f6[
  size=9
  solver=sudoku.model.BacktrackingSudokuSolver@5b20706
  board={{3,6,1,2,8,9,7,5,4},{4,2,5,6,1,7,8,9,3},{7,8,9,3,5,4,1,2,6},{2,7,6,4,9,3,5,1,8},{8,3,4,5,2,1,9,6,7},{0,0,0,0,0,0,0,0,0},{0,0,0,0,0,0,0,0,0},{0,0,0,0,0,0,0,0,0},{0,0,0,0,0,0,0,0,0}}
]
15:41:40.635 [main] INFO sudoku.model.SudokuBoard - Wartość 0 wstawiona nieprawidłowo
15:41:40.635 [main] INFO sudoku.model.SudokuBoard - Bład w kwadracie 0
sudoku.model.SudokuBoard@2f14b0f6[
  size=9
  solver=sudoku.model.BacktrackingSudokuSolver@5b20706
  board={{3,6,1,2,8,9,7,5,4},{4,2,5,6,1,7,8,9,3},{7,8,9,3,5,4,1,2,6},{2,7,6,4,9,3,5,1,8},{8,3,4,5,2,1,9,6,7},{1,0,0,0,0,0,0,0,0},{0,0,0,0,0,0,0,0,0},{0,0,0,0,0,0,0,0,0},{0,0,0,0,0,0,0,0,0}}
]
15:41:40.635 [main] INFO sudoku.model.SudokuBoard - Wartość 0 wstawiona nieprawidłowo
15:41:40.635 [main] INFO sudoku.model.SudokuBoard - Bład w kwadracie 0
sudoku.model.SudokuBoard@2f14b0f6[
  size=9
  solver=sudoku.model.BacktrackingSudokuSolver@5b20706
  board={{3,6,1,2,8,9,7,5,4},{4,2,5,6,1,7,8,9,3},{7,8,9,3,5,4,1,2,6},{2,7,6,4,9,3,5,1,8},{8,3,4,5,2,1,9,6,7},{1,0,0,0,0,0,0,0,0},{0,0,0,0,0,0,0,0,0},{0,0,0,0,0,0,0,0,0},{0,0,0,0,0,0,0,0,0}}
]
15:41:40.635 [main] INFO sudoku.model.SudokuBoard - Wartość 0 wstawiona nieprawidłowo
15:41:40.636 [main] INFO sudoku.model.SudokuBoard - Bład w kwadracie 0
sudoku.model.SudokuBoard@2f14b0f6[
  size=9
  solver=sudoku.model.BacktrackingSudokuSolver@5b20706
  board={{3,6,1,2,8,9,7,5,4},{4,2,5,6,1,7,8,9,3},{7,8,9,3,5,4,1,2,6},{2,7,6,4,9,3,5,1,8},{8,3,4,5,2,1,9,6,7},{0,0,0,0,0,0,0,0,0},{0,0,0,0,0,0,0,0,0},{0,0,0,0,0,0,0,0,0},{0,0,0,0,0,0,0,0,0}}
]
15:41:40.636 [main] INFO sudoku.model.SudokuBoard - Wartość 0 wstawiona nieprawidłowo
15:41:40.636 [main] INFO sudoku.model.SudokuBoard - Bład w kwadracie 0
sudoku.model.SudokuBoard@2f14b0f6[
  size=9
  solver=sudoku.model.BacktrackingSudokuSolver@5b20706
  board={{3,6,1,2,8,9,7,5,4},{4,2,5,6,1,7,8,9,3},{7,8,9,3,5,4,1,2,6},{2,7,6,4,9,3,5,1,8},{8,3,4,5,2,1,9,6,7},{5,0,0,0,0,0,0,0,0},{0,0,0,0,0,0,0,0,0},{0,0,0,0,0,0,0,0,0},{0,0,0,0,0,0,0,0,0}}
]
15:41:40.636 [main] INFO sudoku.model.SudokuBoard - Wartość 0 wstawiona nieprawidłowo
15:41:40.636 [main] INFO sudoku.model.SudokuBoard - Bład w kwadracie 0
sudoku.model.SudokuBoard@2f14b0f6[
  size=9
  solver=sudoku.model.BacktrackingSudokuSolver@5b20706
  board={{3,6,1,2,8,9,7,5,4},{4,2,5,6,1,7,8,9,3},{7,8,9,3,5,4,1,2,6},{2,7,6,4,9,3,5,1,8},{8,3,4,5,2,1,9,6,7},{5,0,0,0,0,0,0,0,0},{0,0,0,0,0,0,0,0,0},{0,0,0,0,0,0,0,0,0},{0,0,0,0,0,0,0,0,0}}
]
15:41:40.636 [main] INFO sudoku.model.SudokuBoard - Wartość 0 wstawiona nieprawidłowo
15:41:40.636 [main] INFO sudoku.model.SudokuBoard - Bład w kwadracie 0
sudoku.model.SudokuBoard@2f14b0f6[
  size=9
  solver=sudoku.model.BacktrackingSudokuSolver@5b20706
  board={{3,6,1,2,8,9,7,5,4},{4,2,5,6,1,7,8,9,3},{7,8,9,3,5,4,1,2,6},{2,7,6,4,9,3,5,1,8},{8,3,4,5,2,1,9,6,7},{0,0,0,0,0,0,0,0,0},{0,0,0,0,0,0,0,0,0},{0,0,0,0,0,0,0,0,0},{0,0,0,0,0,0,0,0,0}}
]
15:41:40.640 [main] INFO sudoku.model.SudokuBoard - Wartość 0 wstawiona nieprawidłowo
15:41:40.641 [main] INFO sudoku.model.SudokuBoard - Bład w kwadracie 0
sudoku.model.SudokuBoard@2f14b0f6[
  size=9
  solver=sudoku.model.BacktrackingSudokuSolver@5b20706
  board={{3,6,1,2,8,9,7,5,4},{4,2,5,6,1,7,8,9,3},{7,8,9,3,5,4,1,2,6},{2,7,6,4,9,3,5,1,8},{8,3,4,5,2,1,9,6,0},{0,0,0,0,0,0,0,0,0},{0,0,0,0,0,0,0,0,0},{0,0,0,0,0,0,0,0,0},{0,0,0,0,0,0,0,0,0}}
]
15:41:40.641 [main] INFO sudoku.model.SudokuBoard - Wartość 0 wstawiona nieprawidłowo
15:41:40.641 [main] INFO sudoku.model.SudokuBoard - Bład w kwadracie 0
sudoku.model.SudokuBoard@2f14b0f6[
  size=9
  solver=sudoku.model.BacktrackingSudokuSolver@5b20706
  board={{3,6,1,2,8,9,7,5,4},{4,2,5,6,1,7,8,9,3},{7,8,9,3,5,4,1,2,6},{2,7,6,4,9,3,5,1,8},{8,3,4,5,2,1,9,0,0},{0,0,0,0,0,0,0,0,0},{0,0,0,0,0,0,0,0,0},{0,0,0,0,0,0,0,0,0},{0,0,0,0,0,0,0,0,0}}
]
15:41:40.641 [main] INFO sudoku.model.SudokuBoard - Wartość 0 wstawiona nieprawidłowo
15:41:40.642 [main] INFO sudoku.model.SudokuBoard - Bład w kwadracie 0
sudoku.model.SudokuBoard@2f14b0f6[
  size=9
  solver=sudoku.model.BacktrackingSudokuSolver@5b20706
  board={{3,6,1,2,8,9,7,5,4},{4,2,5,6,1,7,8,9,3},{7,8,9,3,5,4,1,2,6},{2,7,6,4,9,3,5,1,8},{8,3,4,5,2,1,9,0,0},{0,0,0,0,0,0,0,0,0},{0,0,0,0,0,0,0,0,0},{0,0,0,0,0,0,0,0,0},{0,0,0,0,0,0,0,0,0}}
]
15:41:40.642 [main] INFO sudoku.model.SudokuBoard - Wartość 0 wstawiona nieprawidłowo
15:41:40.642 [main] INFO sudoku.model.SudokuBoard - Bład w kwadracie 0
sudoku.model.SudokuBoard@2f14b0f6[
  size=9
  solver=sudoku.model.BacktrackingSudokuSolver@5b20706
  board={{3,6,1,2,8,9,7,5,4},{4,2,5,6,1,7,8,9,3},{7,8,9,3,5,4,1,2,6},{2,7,6,4,9,3,5,1,8},{8,3,4,5,2,1,0,0,0},{0,0,0,0,0,0,0,0,0},{0,0,0,0,0,0,0,0,0},{0,0,0,0,0,0,0,0,0},{0,0,0,0,0,0,0,0,0}}
]
15:41:40.642 [main] INFO sudoku.model.SudokuBoard - Wartość 0 wstawiona nieprawidłowo
15:41:40.642 [main] INFO sudoku.model.SudokuBoard - Bład w kwadracie 0
sudoku.model.SudokuBoard@2f14b0f6[
  size=9
  solver=sudoku.model.BacktrackingSudokuSolver@5b20706
  board={{3,6,1,2,8,9,7,5,4},{4,2,5,6,1,7,8,9,3},{7,8,9,3,5,4,1,2,6},{2,7,6,4,9,3,5,1,8},{8,3,4,5,2,1,6,7,9},{1,0,0,0,0,0,0,0,0},{0,0,0,0,0,0,0,0,0},{0,0,0,0,0,0,0,0,0},{0,0,0,0,0,0,0,0,0}}
]
15:41:40.642 [main] INFO sudoku.model.SudokuBoard - Wartość 0 wstawiona nieprawidłowo
15:41:40.642 [main] INFO sudoku.model.SudokuBoard - Bład w kwadracie 0
sudoku.model.SudokuBoard@2f14b0f6[
  size=9
  solver=sudoku.model.BacktrackingSudokuSolver@5b20706
  board={{3,6,1,2,8,9,7,5,4},{4,2,5,6,1,7,8,9,3},{7,8,9,3,5,4,1,2,6},{2,7,6,4,9,3,5,1,8},{8,3,4,5,2,1,6,7,9},{1,0,0,0,0,0,0,0,0},{0,0,0,0,0,0,0,0,0},{0,0,0,0,0,0,0,0,0},{0,0,0,0,0,0,0,0,0}}
]
15:41:40.642 [main] INFO sudoku.model.SudokuBoard - Wartość 0 wstawiona nieprawidłowo
15:41:40.643 [main] INFO sudoku.model.SudokuBoard - Bład w kwadracie 0
sudoku.model.SudokuBoard@2f14b0f6[
  size=9
  solver=sudoku.model.BacktrackingSudokuSolver@5b20706
  board={{3,6,1,2,8,9,7,5,4},{4,2,5,6,1,7,8,9,3},{7,8,9,3,5,4,1,2,6},{2,7,6,4,9,3,5,1,8},{8,3,4,5,2,1,6,7,9},{0,0,0,0,0,0,0,0,0},{0,0,0,0,0,0,0,0,0},{0,0,0,0,0,0,0,0,0},{0,0,0,0,0,0,0,0,0}}
]
15:41:40.643 [main] INFO sudoku.model.SudokuBoard - Wartość 0 wstawiona nieprawidłowo
15:41:40.643 [main] INFO sudoku.model.SudokuBoard - Bład w kwadracie 0
sudoku.model.SudokuBoard@2f14b0f6[
  size=9
  solver=sudoku.model.BacktrackingSudokuSolver@5b20706
  board={{3,6,1,2,8,9,7,5,4},{4,2,5,6,1,7,8,9,3},{7,8,9,3,5,4,1,2,6},{2,7,6,4,9,3,5,1,8},{8,3,4,5,2,1,6,7,9},{5,0,0,0,0,0,0,0,0},{0,0,0,0,0,0,0,0,0},{0,0,0,0,0,0,0,0,0},{0,0,0,0,0,0,0,0,0}}
]
15:41:40.643 [main] INFO sudoku.model.SudokuBoard - Wartość 0 wstawiona nieprawidłowo
15:41:40.643 [main] INFO sudoku.model.SudokuBoard - Bład w kwadracie 0
sudoku.model.SudokuBoard@2f14b0f6[
  size=9
  solver=sudoku.model.BacktrackingSudokuSolver@5b20706
  board={{3,6,1,2,8,9,7,5,4},{4,2,5,6,1,7,8,9,3},{7,8,9,3,5,4,1,2,6},{2,7,6,4,9,3,5,1,8},{8,3,4,5,2,1,6,7,9},{5,0,0,0,0,0,0,0,0},{0,0,0,0,0,0,0,0,0},{0,0,0,0,0,0,0,0,0},{0,0,0,0,0,0,0,0,0}}
]
15:41:40.643 [main] INFO sudoku.model.SudokuBoard - Wartość 0 wstawiona nieprawidłowo
15:41:40.643 [main] INFO sudoku.model.SudokuBoard - Bład w kwadracie 0
sudoku.model.SudokuBoard@2f14b0f6[
  size=9
  solver=sudoku.model.BacktrackingSudokuSolver@5b20706
  board={{3,6,1,2,8,9,7,5,4},{4,2,5,6,1,7,8,9,3},{7,8,9,3,5,4,1,2,6},{2,7,6,4,9,3,5,1,8},{8,3,4,5,2,1,6,7,9},{0,0,0,0,0,0,0,0,0},{0,0,0,0,0,0,0,0,0},{0,0,0,0,0,0,0,0,0},{0,0,0,0,0,0,0,0,0}}
]
15:41:40.643 [main] INFO sudoku.model.SudokuBoard - Wartość 0 wstawiona nieprawidłowo
15:41:40.644 [main] INFO sudoku.model.SudokuBoard - Bład w kwadracie 0
sudoku.model.SudokuBoard@2f14b0f6[
  size=9
  solver=sudoku.model.BacktrackingSudokuSolver@5b20706
  board={{3,6,1,2,8,9,7,5,4},{4,2,5,6,1,7,8,9,3},{7,8,9,3,5,4,1,2,6},{2,7,6,4,9,3,5,1,8},{8,3,4,5,2,1,6,7,9},{9,0,0,0,0,0,0,0,0},{0,0,0,0,0,0,0,0,0},{0,0,0,0,0,0,0,0,0},{0,0,0,0,0,0,0,0,0}}
]
15:41:40.644 [main] INFO sudoku.model.SudokuBoard - Wartość 0 wstawiona nieprawidłowo
15:41:40.644 [main] INFO sudoku.model.SudokuBoard - Bład w kwadracie 0
sudoku.model.SudokuBoard@2f14b0f6[
  size=9
  solver=sudoku.model.BacktrackingSudokuSolver@5b20706
  board={{3,6,1,2,8,9,7,5,4},{4,2,5,6,1,7,8,9,3},{7,8,9,3,5,4,1,2,6},{2,7,6,4,9,3,5,1,8},{8,3,4,5,2,1,6,7,9},{9,0,0,0,0,0,0,0,0},{0,0,0,0,0,0,0,0,0},{0,0,0,0,0,0,0,0,0},{0,0,0,0,0,0,0,0,0}}
]
15:41:40.644 [main] INFO sudoku.model.SudokuBoard - Wartość 0 wstawiona nieprawidłowo
15:41:40.644 [main] INFO sudoku.model.SudokuBoard - Bład w kwadracie 0
sudoku.model.SudokuBoard@2f14b0f6[
  size=9
  solver=sudoku.model.BacktrackingSudokuSolver@5b20706
  board={{3,6,1,2,8,9,7,5,4},{4,2,5,6,1,7,8,9,3},{7,8,9,3,5,4,1,2,6},{2,7,6,4,9,3,5,1,8},{8,3,4,5,2,1,6,7,9},{0,0,0,0,0,0,0,0,0},{0,0,0,0,0,0,0,0,0},{0,0,0,0,0,0,0,0,0},{0,0,0,0,0,0,0,0,0}}
]
15:41:40.644 [main] INFO sudoku.model.SudokuBoard - Wartość 0 wstawiona nieprawidłowo
15:41:40.644 [main] INFO sudoku.model.SudokuBoard - Bład w kwadracie 0
sudoku.model.SudokuBoard@2f14b0f6[
  size=9
  solver=sudoku.model.BacktrackingSudokuSolver@5b20706
  board={{3,6,1,2,8,9,7,5,4},{4,2,5,6,1,7,8,9,3},{7,8,9,3,5,4,1,2,6},{2,7,6,4,9,3,5,1,8},{8,3,4,5,2,1,6,7,0},{0,0,0,0,0,0,0,0,0},{0,0,0,0,0,0,0,0,0},{0,0,0,0,0,0,0,0,0},{0,0,0,0,0,0,0,0,0}}
]
15:41:40.644 [main] INFO sudoku.model.SudokuBoard - Wartość 0 wstawiona nieprawidłowo
15:41:40.644 [main] INFO sudoku.model.SudokuBoard - Bład w kwadracie 0
sudoku.model.SudokuBoard@2f14b0f6[
  size=9
  solver=sudoku.model.BacktrackingSudokuSolver@5b20706
  board={{3,6,1,2,8,9,7,5,4},{4,2,5,6,1,7,8,9,3},{7,8,9,3,5,4,1,2,6},{2,7,6,4,9,3,5,1,8},{8,3,4,5,2,1,6,0,0},{0,0,0,0,0,0,0,0,0},{0,0,0,0,0,0,0,0,0},{0,0,0,0,0,0,0,0,0},{0,0,0,0,0,0,0,0,0}}
]
15:41:40.644 [main] INFO sudoku.model.SudokuBoard - Wartość 0 wstawiona nieprawidłowo
15:41:40.644 [main] INFO sudoku.model.SudokuBoard - Bład w kwadracie 0
sudoku.model.SudokuBoard@2f14b0f6[
  size=9
  solver=sudoku.model.BacktrackingSudokuSolver@5b20706
  board={{3,6,1,2,8,9,7,5,4},{4,2,5,6,1,7,8,9,3},{7,8,9,3,5,4,1,2,6},{2,7,6,4,9,3,5,1,8},{8,3,4,5,2,1,0,0,0},{0,0,0,0,0,0,0,0,0},{0,0,0,0,0,0,0,0,0},{0,0,0,0,0,0,0,0,0},{0,0,0,0,0,0,0,0,0}}
]
15:41:40.644 [main] INFO sudoku.model.SudokuBoard - Wartość 0 wstawiona nieprawidłowo
15:41:40.644 [main] INFO sudoku.model.SudokuBoard - Bład w kwadracie 0
sudoku.model.SudokuBoard@2f14b0f6[
  size=9
  solver=sudoku.model.BacktrackingSudokuSolver@5b20706
  board={{3,6,1,2,8,9,7,5,4},{4,2,5,6,1,7,8,9,3},{7,8,9,3,5,4,1,2,6},{2,7,6,4,9,3,5,1,8},{8,3,4,5,2,0,0,0,0},{0,0,0,0,0,0,0,0,0},{0,0,0,0,0,0,0,0,0},{0,0,0,0,0,0,0,0,0},{0,0,0,0,0,0,0,0,0}}
]
15:41:40.644 [main] INFO sudoku.model.SudokuBoard - Wartość 0 wstawiona nieprawidłowo
15:41:40.645 [main] INFO sudoku.model.SudokuBoard - Bład w kwadracie 0
sudoku.model.SudokuBoard@2f14b0f6[
  size=9
  solver=sudoku.model.BacktrackingSudokuSolver@5b20706
  board={{3,6,1,2,8,9,7,5,4},{4,2,5,6,1,7,8,9,3},{7,8,9,3,5,4,1,2,6},{2,7,6,4,9,3,5,1,8},{8,3,4,5,2,6,9,0,0},{0,0,0,0,0,0,0,0,0},{0,0,0,0,0,0,0,0,0},{0,0,0,0,0,0,0,0,0},{0,0,0,0,0,0,0,0,0}}
]
15:41:40.645 [main] INFO sudoku.model.SudokuBoard - Wartość 0 wstawiona nieprawidłowo
15:41:40.645 [main] INFO sudoku.model.SudokuBoard - Bład w kwadracie 0
sudoku.model.SudokuBoard@2f14b0f6[
  size=9
  solver=sudoku.model.BacktrackingSudokuSolver@5b20706
  board={{3,6,1,2,8,9,7,5,4},{4,2,5,6,1,7,8,9,3},{7,8,9,3,5,4,1,2,6},{2,7,6,4,9,3,5,1,8},{8,3,4,5,2,6,0,0,0},{0,0,0,0,0,0,0,0,0},{0,0,0,0,0,0,0,0,0},{0,0,0,0,0,0,0,0,0},{0,0,0,0,0,0,0,0,0}}
]
15:41:40.645 [main] INFO sudoku.model.SudokuBoard - Wartość 0 wstawiona nieprawidłowo
15:41:40.645 [main] INFO sudoku.model.SudokuBoard - Bład w kwadracie 0
sudoku.model.SudokuBoard@2f14b0f6[
  size=9
  solver=sudoku.model.BacktrackingSudokuSolver@5b20706
  board={{3,6,1,2,8,9,7,5,4},{4,2,5,6,1,7,8,9,3},{7,8,9,3,5,4,1,2,6},{2,7,6,4,9,3,5,1,8},{8,3,4,5,2,0,0,0,0},{0,0,0,0,0,0,0,0,0},{0,0,0,0,0,0,0,0,0},{0,0,0,0,0,0,0,0,0},{0,0,0,0,0,0,0,0,0}}
]
15:41:40.645 [main] INFO sudoku.model.SudokuBoard - Wartość 0 wstawiona nieprawidłowo
15:41:40.645 [main] INFO sudoku.model.SudokuBoard - Bład w kwadracie 0
sudoku.model.SudokuBoard@2f14b0f6[
  size=9
  solver=sudoku.model.BacktrackingSudokuSolver@5b20706
  board={{3,6,1,2,8,9,7,5,4},{4,2,5,6,1,7,8,9,3},{7,8,9,3,5,4,1,2,6},{2,7,6,4,9,3,5,1,8},{8,3,4,5,0,0,0,0,0},{0,0,0,0,0,0,0,0,0},{0,0,0,0,0,0,0,0,0},{0,0,0,0,0,0,0,0,0},{0,0,0,0,0,0,0,0,0}}
]
15:41:40.645 [main] INFO sudoku.model.SudokuBoard - Wartość 0 wstawiona nieprawidłowo
15:41:40.645 [main] INFO sudoku.model.SudokuBoard - Bład w kwadracie 0
sudoku.model.SudokuBoard@2f14b0f6[
  size=9
  solver=sudoku.model.BacktrackingSudokuSolver@5b20706
  board={{3,6,1,2,8,9,7,5,4},{4,2,5,6,1,7,8,9,3},{7,8,9,3,5,4,1,2,6},{2,7,6,4,9,3,5,1,8},{8,3,4,0,0,0,0,0,0},{0,0,0,0,0,0,0,0,0},{0,0,0,0,0,0,0,0,0},{0,0,0,0,0,0,0,0,0},{0,0,0,0,0,0,0,0,0}}
]
15:41:40.645 [main] INFO sudoku.model.SudokuBoard - Wartość 0 wstawiona nieprawidłowo
15:41:40.645 [main] INFO sudoku.model.SudokuBoard - Bład w kwadracie 0
sudoku.model.SudokuBoard@2f14b0f6[
  size=9
  solver=sudoku.model.BacktrackingSudokuSolver@5b20706
  board={{3,6,1,2,8,9,7,5,4},{4,2,5,6,1,7,8,9,3},{7,8,9,3,5,4,1,2,6},{2,7,6,4,9,3,5,1,8},{8,3,4,7,2,6,0,0,0},{0,0,0,0,0,0,0,0,0},{0,0,0,0,0,0,0,0,0},{0,0,0,0,0,0,0,0,0},{0,0,0,0,0,0,0,0,0}}
]
15:41:40.645 [main] INFO sudoku.model.SudokuBoard - Wartość 0 wstawiona nieprawidłowo
15:41:40.645 [main] INFO sudoku.model.SudokuBoard - Bład w kwadracie 0
sudoku.model.SudokuBoard@2f14b0f6[
  size=9
  solver=sudoku.model.BacktrackingSudokuSolver@5b20706
  board={{3,6,1,2,8,9,7,5,4},{4,2,5,6,1,7,8,9,3},{7,8,9,3,5,4,1,2,6},{2,7,6,4,9,3,5,1,8},{8,3,4,7,2,0,0,0,0},{0,0,0,0,0,0,0,0,0},{0,0,0,0,0,0,0,0,0},{0,0,0,0,0,0,0,0,0},{0,0,0,0,0,0,0,0,0}}
]
15:41:40.645 [main] INFO sudoku.model.SudokuBoard - Wartość 0 wstawiona nieprawidłowo
15:41:40.645 [main] INFO sudoku.model.SudokuBoard - Bład w kwadracie 0
sudoku.model.SudokuBoard@2f14b0f6[
  size=9
  solver=sudoku.model.BacktrackingSudokuSolver@5b20706
  board={{3,6,1,2,8,9,7,5,4},{4,2,5,6,1,7,8,9,3},{7,8,9,3,5,4,1,2,6},{2,7,6,4,9,3,5,1,8},{8,3,4,7,2,1,0,0,0},{0,0,0,0,0,0,0,0,0},{0,0,0,0,0,0,0,0,0},{0,0,0,0,0,0,0,0,0},{0,0,0,0,0,0,0,0,0}}
]
15:41:40.645 [main] INFO sudoku.model.SudokuBoard - Wartość 0 wstawiona nieprawidłowo
15:41:40.645 [main] INFO sudoku.model.SudokuBoard - Bład w kwadracie 0
sudoku.model.SudokuBoard@2f14b0f6[
  size=9
  solver=sudoku.model.BacktrackingSudokuSolver@5b20706
  board={{3,6,1,2,8,9,7,5,4},{4,2,5,6,1,7,8,9,3},{7,8,9,3,5,4,1,2,6},{2,7,6,4,9,3,5,1,8},{8,3,4,7,2,1,9,0,0},{0,0,0,0,0,0,0,0,0},{0,0,0,0,0,0,0,0,0},{0,0,0,0,0,0,0,0,0},{0,0,0,0,0,0,0,0,0}}
]
15:41:40.645 [main] INFO sudoku.model.SudokuBoard - Wartość 0 wstawiona nieprawidłowo
15:41:40.645 [main] INFO sudoku.model.SudokuBoard - Bład w kwadracie 0
sudoku.model.SudokuBoard@2f14b0f6[
  size=9
  solver=sudoku.model.BacktrackingSudokuSolver@5b20706
  board={{3,6,1,2,8,9,7,5,4},{4,2,5,6,1,7,8,9,3},{7,8,9,3,5,4,1,2,6},{2,7,6,4,9,3,5,1,8},{8,3,4,7,2,1,0,0,0},{0,0,0,0,0,0,0,0,0},{0,0,0,0,0,0,0,0,0},{0,0,0,0,0,0,0,0,0},{0,0,0,0,0,0,0,0,0}}
]
15:41:40.645 [main] INFO sudoku.model.SudokuBoard - Wartość 0 wstawiona nieprawidłowo
15:41:40.645 [main] INFO sudoku.model.SudokuBoard - Bład w kwadracie 0
sudoku.model.SudokuBoard@2f14b0f6[
  size=9
  solver=sudoku.model.BacktrackingSudokuSolver@5b20706
  board={{3,6,1,2,8,9,7,5,4},{4,2,5,6,1,7,8,9,3},{7,8,9,3,5,4,1,2,6},{2,7,6,4,9,3,5,1,8},{8,3,4,7,2,0,0,0,0},{0,0,0,0,0,0,0,0,0},{0,0,0,0,0,0,0,0,0},{0,0,0,0,0,0,0,0,0},{0,0,0,0,0,0,0,0,0}}
]
15:41:40.645 [main] INFO sudoku.model.SudokuBoard - Wartość 0 wstawiona nieprawidłowo
15:41:40.646 [main] INFO sudoku.model.SudokuBoard - Bład w kwadracie 0
sudoku.model.SudokuBoard@2f14b0f6[
  size=9
  solver=sudoku.model.BacktrackingSudokuSolver@5b20706
  board={{3,6,1,2,8,9,7,5,4},{4,2,5,6,1,7,8,9,3},{7,8,9,3,5,4,1,2,6},{2,7,6,4,9,3,5,1,8},{8,3,4,7,2,5,0,0,0},{0,0,0,0,0,0,0,0,0},{0,0,0,0,0,0,0,0,0},{0,0,0,0,0,0,0,0,0},{0,0,0,0,0,0,0,0,0}}
]
15:41:40.646 [main] INFO sudoku.model.SudokuBoard - Wartość 0 wstawiona nieprawidłowo
15:41:40.646 [main] INFO sudoku.model.SudokuBoard - Bład w kwadracie 0
sudoku.model.SudokuBoard@2f14b0f6[
  size=9
  solver=sudoku.model.BacktrackingSudokuSolver@5b20706
  board={{3,6,1,2,8,9,7,5,4},{4,2,5,6,1,7,8,9,3},{7,8,9,3,5,4,1,2,6},{2,7,6,4,9,3,5,1,8},{8,3,4,7,2,5,9,0,0},{0,0,0,0,0,0,0,0,0},{0,0,0,0,0,0,0,0,0},{0,0,0,0,0,0,0,0,0},{0,0,0,0,0,0,0,0,0}}
]
15:41:40.646 [main] INFO sudoku.model.SudokuBoard - Wartość 0 wstawiona nieprawidłowo
15:41:40.646 [main] INFO sudoku.model.SudokuBoard - Bład w kwadracie 0
sudoku.model.SudokuBoard@2f14b0f6[
  size=9
  solver=sudoku.model.BacktrackingSudokuSolver@5b20706
  board={{3,6,1,2,8,9,7,5,4},{4,2,5,6,1,7,8,9,3},{7,8,9,3,5,4,1,2,6},{2,7,6,4,9,3,5,1,8},{8,3,4,7,2,5,0,0,0},{0,0,0,0,0,0,0,0,0},{0,0,0,0,0,0,0,0,0},{0,0,0,0,0,0,0,0,0},{0,0,0,0,0,0,0,0,0}}
]
15:41:40.646 [main] INFO sudoku.model.SudokuBoard - Wartość 0 wstawiona nieprawidłowo
15:41:40.646 [main] INFO sudoku.model.SudokuBoard - Bład w kwadracie 0
sudoku.model.SudokuBoard@2f14b0f6[
  size=9
  solver=sudoku.model.BacktrackingSudokuSolver@5b20706
  board={{3,6,1,2,8,9,7,5,4},{4,2,5,6,1,7,8,9,3},{7,8,9,3,5,4,1,2,6},{2,7,6,4,9,3,5,1,8},{8,3,4,7,2,0,0,0,0},{0,0,0,0,0,0,0,0,0},{0,0,0,0,0,0,0,0,0},{0,0,0,0,0,0,0,0,0},{0,0,0,0,0,0,0,0,0}}
]
15:41:40.646 [main] INFO sudoku.model.SudokuBoard - Wartość 0 wstawiona nieprawidłowo
15:41:40.646 [main] INFO sudoku.model.SudokuBoard - Bład w kwadracie 0
sudoku.model.SudokuBoard@2f14b0f6[
  size=9
  solver=sudoku.model.BacktrackingSudokuSolver@5b20706
  board={{3,6,1,2,8,9,7,5,4},{4,2,5,6,1,7,8,9,3},{7,8,9,3,5,4,1,2,6},{2,7,6,4,9,3,5,1,8},{8,3,4,7,0,0,0,0,0},{0,0,0,0,0,0,0,0,0},{0,0,0,0,0,0,0,0,0},{0,0,0,0,0,0,0,0,0},{0,0,0,0,0,0,0,0,0}}
]
15:41:40.646 [main] INFO sudoku.model.SudokuBoard - Wartość 0 wstawiona nieprawidłowo
15:41:40.646 [main] INFO sudoku.model.SudokuBoard - Bład w kwadracie 0
sudoku.model.SudokuBoard@2f14b0f6[
  size=9
  solver=sudoku.model.BacktrackingSudokuSolver@5b20706
  board={{3,6,1,2,8,9,7,5,4},{4,2,5,6,1,7,8,9,3},{7,8,9,3,5,4,1,2,6},{2,7,6,4,9,3,5,1,8},{8,3,4,7,6,1,0,0,0},{0,0,0,0,0,0,0,0,0},{0,0,0,0,0,0,0,0,0},{0,0,0,0,0,0,0,0,0},{0,0,0,0,0,0,0,0,0}}
]
15:41:40.646 [main] INFO sudoku.model.SudokuBoard - Wartość 0 wstawiona nieprawidłowo
15:41:40.646 [main] INFO sudoku.model.SudokuBoard - Bład w kwadracie 0
sudoku.model.SudokuBoard@2f14b0f6[
  size=9
  solver=sudoku.model.BacktrackingSudokuSolver@5b20706
  board={{3,6,1,2,8,9,7,5,4},{4,2,5,6,1,7,8,9,3},{7,8,9,3,5,4,1,2,6},{2,7,6,4,9,3,5,1,8},{8,3,4,7,6,1,0,0,0},{0,0,0,0,0,0,0,0,0},{0,0,0,0,0,0,0,0,0},{0,0,0,0,0,0,0,0,0},{0,0,0,0,0,0,0,0,0}}
]
15:41:40.646 [main] INFO sudoku.model.SudokuBoard - Wartość 0 wstawiona nieprawidłowo
15:41:40.646 [main] INFO sudoku.model.SudokuBoard - Bład w kwadracie 0
sudoku.model.SudokuBoard@2f14b0f6[
  size=9
  solver=sudoku.model.BacktrackingSudokuSolver@5b20706
  board={{3,6,1,2,8,9,7,5,4},{4,2,5,6,1,7,8,9,3},{7,8,9,3,5,4,1,2,6},{2,7,6,4,9,3,5,1,8},{8,3,4,7,6,0,0,0,0},{0,0,0,0,0,0,0,0,0},{0,0,0,0,0,0,0,0,0},{0,0,0,0,0,0,0,0,0},{0,0,0,0,0,0,0,0,0}}
]
15:41:40.646 [main] INFO sudoku.model.SudokuBoard - Wartość 0 wstawiona nieprawidłowo
15:41:40.646 [main] INFO sudoku.model.SudokuBoard - Bład w kwadracie 0
sudoku.model.SudokuBoard@2f14b0f6[
  size=9
  solver=sudoku.model.BacktrackingSudokuSolver@5b20706
  board={{3,6,1,2,8,9,7,5,4},{4,2,5,6,1,7,8,9,3},{7,8,9,3,5,4,1,2,6},{2,7,6,4,9,3,5,1,8},{8,3,4,7,6,2,0,0,0},{0,0,0,0,0,0,0,0,0},{0,0,0,0,0,0,0,0,0},{0,0,0,0,0,0,0,0,0},{0,0,0,0,0,0,0,0,0}}
]
15:41:40.646 [main] INFO sudoku.model.SudokuBoard - Wartość 0 wstawiona nieprawidłowo
15:41:40.646 [main] INFO sudoku.model.SudokuBoard - Bład w kwadracie 0
sudoku.model.SudokuBoard@2f14b0f6[
  size=9
  solver=sudoku.model.BacktrackingSudokuSolver@5b20706
  board={{3,6,1,2,8,9,7,5,4},{4,2,5,6,1,7,8,9,3},{7,8,9,3,5,4,1,2,6},{2,7,6,4,9,3,5,1,8},{8,3,4,7,6,0,0,0,0},{0,0,0,0,0,0,0,0,0},{0,0,0,0,0,0,0,0,0},{0,0,0,0,0,0,0,0,0},{0,0,0,0,0,0,0,0,0}}
]
15:41:40.646 [main] INFO sudoku.model.SudokuBoard - Wartość 0 wstawiona nieprawidłowo
15:41:40.647 [main] INFO sudoku.model.SudokuBoard - Bład w kwadracie 0
sudoku.model.SudokuBoard@2f14b0f6[
  size=9
  solver=sudoku.model.BacktrackingSudokuSolver@5b20706
  board={{3,6,1,2,8,9,7,5,4},{4,2,5,6,1,7,8,9,3},{7,8,9,3,5,4,1,2,6},{2,7,6,4,9,3,5,1,8},{8,3,4,7,6,5,0,0,0},{0,0,0,0,0,0,0,0,0},{0,0,0,0,0,0,0,0,0},{0,0,0,0,0,0,0,0,0},{0,0,0,0,0,0,0,0,0}}
]
15:41:40.647 [main] INFO sudoku.model.SudokuBoard - Wartość 0 wstawiona nieprawidłowo
15:41:40.647 [main] INFO sudoku.model.SudokuBoard - Bład w kwadracie 0
sudoku.model.SudokuBoard@2f14b0f6[
  size=9
  solver=sudoku.model.BacktrackingSudokuSolver@5b20706
  board={{3,6,1,2,8,9,7,5,4},{4,2,5,6,1,7,8,9,3},{7,8,9,3,5,4,1,2,6},{2,7,6,4,9,3,5,1,8},{8,3,4,7,6,5,0,0,0},{0,0,0,0,0,0,0,0,0},{0,0,0,0,0,0,0,0,0},{0,0,0,0,0,0,0,0,0},{0,0,0,0,0,0,0,0,0}}
]
15:41:40.647 [main] INFO sudoku.model.SudokuBoard - Wartość 0 wstawiona nieprawidłowo
15:41:40.647 [main] INFO sudoku.model.SudokuBoard - Bład w kwadracie 0
sudoku.model.SudokuBoard@2f14b0f6[
  size=9
  solver=sudoku.model.BacktrackingSudokuSolver@5b20706
  board={{3,6,1,2,8,9,7,5,4},{4,2,5,6,1,7,8,9,3},{7,8,9,3,5,4,1,2,6},{2,7,6,4,9,3,5,1,8},{8,3,4,7,6,0,0,0,0},{0,0,0,0,0,0,0,0,0},{0,0,0,0,0,0,0,0,0},{0,0,0,0,0,0,0,0,0},{0,0,0,0,0,0,0,0,0}}
]
15:41:40.647 [main] INFO sudoku.model.SudokuBoard - Wartość 0 wstawiona nieprawidłowo
15:41:40.647 [main] INFO sudoku.model.SudokuBoard - Bład w kwadracie 0
sudoku.model.SudokuBoard@2f14b0f6[
  size=9
  solver=sudoku.model.BacktrackingSudokuSolver@5b20706
  board={{3,6,1,2,8,9,7,5,4},{4,2,5,6,1,7,8,9,3},{7,8,9,3,5,4,1,2,6},{2,7,6,4,9,3,5,1,8},{8,3,4,7,0,0,0,0,0},{0,0,0,0,0,0,0,0,0},{0,0,0,0,0,0,0,0,0},{0,0,0,0,0,0,0,0,0},{0,0,0,0,0,0,0,0,0}}
]
15:41:40.647 [main] INFO sudoku.model.SudokuBoard - Wartość 0 wstawiona nieprawidłowo
15:41:40.647 [main] INFO sudoku.model.SudokuBoard - Bład w kwadracie 0
sudoku.model.SudokuBoard@2f14b0f6[
  size=9
  solver=sudoku.model.BacktrackingSudokuSolver@5b20706
  board={{3,6,1,2,8,9,7,5,4},{4,2,5,6,1,7,8,9,3},{7,8,9,3,5,4,1,2,6},{2,7,6,4,9,3,5,1,8},{8,3,4,0,0,0,0,0,0},{0,0,0,0,0,0,0,0,0},{0,0,0,0,0,0,0,0,0},{0,0,0,0,0,0,0,0,0},{0,0,0,0,0,0,0,0,0}}
]
15:41:40.647 [main] INFO sudoku.model.SudokuBoard - Wartość 0 wstawiona nieprawidłowo
15:41:40.647 [main] INFO sudoku.model.SudokuBoard - Bład w kwadracie 0
sudoku.model.SudokuBoard@2f14b0f6[
  size=9
  solver=sudoku.model.BacktrackingSudokuSolver@5b20706
  board={{3,6,1,2,8,9,7,5,4},{4,2,5,6,1,7,8,9,3},{7,8,9,3,5,4,1,2,6},{2,7,6,4,9,3,5,1,8},{8,3,0,0,0,0,0,0,0},{0,0,0,0,0,0,0,0,0},{0,0,0,0,0,0,0,0,0},{0,0,0,0,0,0,0,0,0},{0,0,0,0,0,0,0,0,0}}
]
15:41:40.647 [main] INFO sudoku.model.SudokuBoard - Wartość 0 wstawiona nieprawidłowo
15:41:40.647 [main] INFO sudoku.model.SudokuBoard - Bład w kwadracie 0
sudoku.model.SudokuBoard@2f14b0f6[
  size=9
  solver=sudoku.model.BacktrackingSudokuSolver@5b20706
  board={{3,6,1,2,8,9,7,5,4},{4,2,5,6,1,7,8,9,3},{7,8,9,3,5,4,1,2,6},{2,7,6,4,9,3,5,1,8},{8,0,0,0,0,0,0,0,0},{0,0,0,0,0,0,0,0,0},{0,0,0,0,0,0,0,0,0},{0,0,0,0,0,0,0,0,0},{0,0,0,0,0,0,0,0,0}}
]
15:41:40.647 [main] INFO sudoku.model.SudokuBoard - Wartość 0 wstawiona nieprawidłowo
15:41:40.647 [main] INFO sudoku.model.SudokuBoard - Bład w kwadracie 0
sudoku.model.SudokuBoard@2f14b0f6[
  size=9
  solver=sudoku.model.BacktrackingSudokuSolver@5b20706
  board={{3,6,1,2,8,9,7,5,4},{4,2,5,6,1,7,8,9,3},{7,8,9,3,5,4,1,2,6},{2,7,6,4,9,3,5,1,8},{8,4,3,1,2,5,6,7,9},{5,0,0,0,0,0,0,0,0},{0,0,0,0,0,0,0,0,0},{0,0,0,0,0,0,0,0,0},{0,0,0,0,0,0,0,0,0}}
]
15:41:40.647 [main] INFO sudoku.model.SudokuBoard - Wartość 0 wstawiona nieprawidłowo
15:41:40.647 [main] INFO sudoku.model.SudokuBoard - Bład w kwadracie 0
sudoku.model.SudokuBoard@2f14b0f6[
  size=9
  solver=sudoku.model.BacktrackingSudokuSolver@5b20706
  board={{3,6,1,2,8,9,7,5,4},{4,2,5,6,1,7,8,9,3},{7,8,9,3,5,4,1,2,6},{2,7,6,4,9,3,5,1,8},{8,4,3,1,2,5,6,7,9},{5,0,0,0,0,0,0,0,0},{0,0,0,0,0,0,0,0,0},{0,0,0,0,0,0,0,0,0},{0,0,0,0,0,0,0,0,0}}
]
15:41:40.647 [main] INFO sudoku.model.SudokuBoard - Wartość 0 wstawiona nieprawidłowo
15:41:40.647 [main] INFO sudoku.model.SudokuBoard - Bład w kwadracie 0
sudoku.model.SudokuBoard@2f14b0f6[
  size=9
  solver=sudoku.model.BacktrackingSudokuSolver@5b20706
  board={{3,6,1,2,8,9,7,5,4},{4,2,5,6,1,7,8,9,3},{7,8,9,3,5,4,1,2,6},{2,7,6,4,9,3,5,1,8},{8,4,3,1,2,5,6,7,9},{0,0,0,0,0,0,0,0,0},{0,0,0,0,0,0,0,0,0},{0,0,0,0,0,0,0,0,0},{0,0,0,0,0,0,0,0,0}}
]
15:41:40.647 [main] INFO sudoku.model.SudokuBoard - Wartość 0 wstawiona nieprawidłowo
15:41:40.647 [main] INFO sudoku.model.SudokuBoard - Bład w kwadracie 0
sudoku.model.SudokuBoard@2f14b0f6[
  size=9
  solver=sudoku.model.BacktrackingSudokuSolver@5b20706
  board={{3,6,1,2,8,9,7,5,4},{4,2,5,6,1,7,8,9,3},{7,8,9,3,5,4,1,2,6},{2,7,6,4,9,3,5,1,8},{8,4,3,1,2,5,6,7,9},{9,0,0,0,0,0,0,0,0},{0,0,0,0,0,0,0,0,0},{0,0,0,0,0,0,0,0,0},{0,0,0,0,0,0,0,0,0}}
]
15:41:40.647 [main] INFO sudoku.model.SudokuBoard - Wartość 0 wstawiona nieprawidłowo
15:41:40.649 [main] INFO sudoku.model.SudokuBoard - Bład w kwadracie 0
sudoku.model.SudokuBoard@2f14b0f6[
  size=9
  solver=sudoku.model.BacktrackingSudokuSolver@5b20706
  board={{3,6,1,2,8,9,7,5,4},{4,2,5,6,1,7,8,9,3},{7,8,9,3,5,4,1,2,6},{2,7,6,4,9,3,5,1,8},{8,4,3,1,2,5,6,7,9},{9,0,0,0,0,0,0,0,0},{0,0,0,0,0,0,0,0,0},{0,0,0,0,0,0,0,0,0},{0,0,0,0,0,0,0,0,0}}
]
15:41:40.650 [main] INFO sudoku.model.SudokuBoard - Wartość 0 wstawiona nieprawidłowo
15:41:40.650 [main] INFO sudoku.model.SudokuBoard - Bład w kwadracie 0
sudoku.model.SudokuBoard@2f14b0f6[
  size=9
  solver=sudoku.model.BacktrackingSudokuSolver@5b20706
  board={{3,6,1,2,8,9,7,5,4},{4,2,5,6,1,7,8,9,3},{7,8,9,3,5,4,1,2,6},{2,7,6,4,9,3,5,1,8},{8,4,3,1,2,5,6,7,9},{0,0,0,0,0,0,0,0,0},{0,0,0,0,0,0,0,0,0},{0,0,0,0,0,0,0,0,0},{0,0,0,0,0,0,0,0,0}}
]
15:41:40.650 [main] INFO sudoku.model.SudokuBoard - Wartość 0 wstawiona nieprawidłowo
15:41:40.650 [main] INFO sudoku.model.SudokuBoard - Bład w kwadracie 0
sudoku.model.SudokuBoard@2f14b0f6[
  size=9
  solver=sudoku.model.BacktrackingSudokuSolver@5b20706
  board={{3,6,1,2,8,9,7,5,4},{4,2,5,6,1,7,8,9,3},{7,8,9,3,5,4,1,2,6},{2,7,6,4,9,3,5,1,8},{8,4,3,1,2,5,6,7,9},{1,0,0,0,0,0,0,0,0},{0,0,0,0,0,0,0,0,0},{0,0,0,0,0,0,0,0,0},{0,0,0,0,0,0,0,0,0}}
]
15:41:40.650 [main] INFO sudoku.model.SudokuBoard - Wartość 0 wstawiona nieprawidłowo
15:41:40.650 [main] INFO sudoku.model.SudokuBoard - Bład w kwadracie 0
sudoku.model.SudokuBoard@2f14b0f6[
  size=9
  solver=sudoku.model.BacktrackingSudokuSolver@5b20706
  board={{3,6,1,2,8,9,7,5,4},{4,2,5,6,1,7,8,9,3},{7,8,9,3,5,4,1,2,6},{2,7,6,4,9,3,5,1,8},{8,4,3,1,2,5,6,7,9},{1,0,0,0,0,0,0,0,0},{0,0,0,0,0,0,0,0,0},{0,0,0,0,0,0,0,0,0},{0,0,0,0,0,0,0,0,0}}
]
15:41:40.650 [main] INFO sudoku.model.SudokuBoard - Wartość 0 wstawiona nieprawidłowo
15:41:40.650 [main] INFO sudoku.model.SudokuBoard - Bład w kwadracie 0
sudoku.model.SudokuBoard@2f14b0f6[
  size=9
  solver=sudoku.model.BacktrackingSudokuSolver@5b20706
  board={{3,6,1,2,8,9,7,5,4},{4,2,5,6,1,7,8,9,3},{7,8,9,3,5,4,1,2,6},{2,7,6,4,9,3,5,1,8},{8,4,3,1,2,5,6,7,9},{0,0,0,0,0,0,0,0,0},{0,0,0,0,0,0,0,0,0},{0,0,0,0,0,0,0,0,0},{0,0,0,0,0,0,0,0,0}}
]
15:41:40.650 [main] INFO sudoku.model.SudokuBoard - Wartość 0 wstawiona nieprawidłowo
15:41:40.650 [main] INFO sudoku.model.SudokuBoard - Bład w kwadracie 0
sudoku.model.SudokuBoard@2f14b0f6[
  size=9
  solver=sudoku.model.BacktrackingSudokuSolver@5b20706
  board={{3,6,1,2,8,9,7,5,4},{4,2,5,6,1,7,8,9,3},{7,8,9,3,5,4,1,2,6},{2,7,6,4,9,3,5,1,8},{8,4,3,1,2,5,6,7,0},{0,0,0,0,0,0,0,0,0},{0,0,0,0,0,0,0,0,0},{0,0,0,0,0,0,0,0,0},{0,0,0,0,0,0,0,0,0}}
]
15:41:40.650 [main] INFO sudoku.model.SudokuBoard - Wartość 0 wstawiona nieprawidłowo
15:41:40.650 [main] INFO sudoku.model.SudokuBoard - Bład w kwadracie 0
sudoku.model.SudokuBoard@2f14b0f6[
  size=9
  solver=sudoku.model.BacktrackingSudokuSolver@5b20706
  board={{3,6,1,2,8,9,7,5,4},{4,2,5,6,1,7,8,9,3},{7,8,9,3,5,4,1,2,6},{2,7,6,4,9,3,5,1,8},{8,4,3,1,2,5,6,0,0},{0,0,0,0,0,0,0,0,0},{0,0,0,0,0,0,0,0,0},{0,0,0,0,0,0,0,0,0},{0,0,0,0,0,0,0,0,0}}
]
15:41:40.650 [main] INFO sudoku.model.SudokuBoard - Wartość 0 wstawiona nieprawidłowo
15:41:40.650 [main] INFO sudoku.model.SudokuBoard - Bład w kwadracie 0
sudoku.model.SudokuBoard@2f14b0f6[
  size=9
  solver=sudoku.model.BacktrackingSudokuSolver@5b20706
  board={{3,6,1,2,8,9,7,5,4},{4,2,5,6,1,7,8,9,3},{7,8,9,3,5,4,1,2,6},{2,7,6,4,9,3,5,1,8},{8,4,3,1,2,5,0,0,0},{0,0,0,0,0,0,0,0,0},{0,0,0,0,0,0,0,0,0},{0,0,0,0,0,0,0,0,0},{0,0,0,0,0,0,0,0,0}}
]
15:41:40.650 [main] INFO sudoku.model.SudokuBoard - Wartość 0 wstawiona nieprawidłowo
15:41:40.650 [main] INFO sudoku.model.SudokuBoard - Bład w kwadracie 0
sudoku.model.SudokuBoard@2f14b0f6[
  size=9
  solver=sudoku.model.BacktrackingSudokuSolver@5b20706
  board={{3,6,1,2,8,9,7,5,4},{4,2,5,6,1,7,8,9,3},{7,8,9,3,5,4,1,2,6},{2,7,6,4,9,3,5,1,8},{8,4,3,1,2,5,9,6,7},{5,0,0,0,0,0,0,0,0},{0,0,0,0,0,0,0,0,0},{0,0,0,0,0,0,0,0,0},{0,0,0,0,0,0,0,0,0}}
]
15:41:40.650 [main] INFO sudoku.model.SudokuBoard - Wartość 0 wstawiona nieprawidłowo
15:41:40.651 [main] INFO sudoku.model.SudokuBoard - Bład w kwadracie 0
sudoku.model.SudokuBoard@2f14b0f6[
  size=9
  solver=sudoku.model.BacktrackingSudokuSolver@5b20706
  board={{3,6,1,2,8,9,7,5,4},{4,2,5,6,1,7,8,9,3},{7,8,9,3,5,4,1,2,6},{2,7,6,4,9,3,5,1,8},{8,4,3,1,2,5,9,6,7},{5,0,0,0,0,0,0,0,0},{0,0,0,0,0,0,0,0,0},{0,0,0,0,0,0,0,0,0},{0,0,0,0,0,0,0,0,0}}
]
15:41:40.651 [main] INFO sudoku.model.SudokuBoard - Wartość 0 wstawiona nieprawidłowo
15:41:40.651 [main] INFO sudoku.model.SudokuBoard - Bład w kwadracie 0
sudoku.model.SudokuBoard@2f14b0f6[
  size=9
  solver=sudoku.model.BacktrackingSudokuSolver@5b20706
  board={{3,6,1,2,8,9,7,5,4},{4,2,5,6,1,7,8,9,3},{7,8,9,3,5,4,1,2,6},{2,7,6,4,9,3,5,1,8},{8,4,3,1,2,5,9,6,7},{0,0,0,0,0,0,0,0,0},{0,0,0,0,0,0,0,0,0},{0,0,0,0,0,0,0,0,0},{0,0,0,0,0,0,0,0,0}}
]
15:41:40.651 [main] INFO sudoku.model.SudokuBoard - Wartość 0 wstawiona nieprawidłowo
15:41:40.651 [main] INFO sudoku.model.SudokuBoard - Bład w kwadracie 0
sudoku.model.SudokuBoard@2f14b0f6[
  size=9
  solver=sudoku.model.BacktrackingSudokuSolver@5b20706
  board={{3,6,1,2,8,9,7,5,4},{4,2,5,6,1,7,8,9,3},{7,8,9,3,5,4,1,2,6},{2,7,6,4,9,3,5,1,8},{8,4,3,1,2,5,9,6,7},{9,0,0,0,0,0,0,0,0},{0,0,0,0,0,0,0,0,0},{0,0,0,0,0,0,0,0,0},{0,0,0,0,0,0,0,0,0}}
]
15:41:40.651 [main] INFO sudoku.model.SudokuBoard - Wartość 0 wstawiona nieprawidłowo
15:41:40.651 [main] INFO sudoku.model.SudokuBoard - Bład w kwadracie 0
sudoku.model.SudokuBoard@2f14b0f6[
  size=9
  solver=sudoku.model.BacktrackingSudokuSolver@5b20706
  board={{3,6,1,2,8,9,7,5,4},{4,2,5,6,1,7,8,9,3},{7,8,9,3,5,4,1,2,6},{2,7,6,4,9,3,5,1,8},{8,4,3,1,2,5,9,6,7},{9,0,0,0,0,0,0,0,0},{0,0,0,0,0,0,0,0,0},{0,0,0,0,0,0,0,0,0},{0,0,0,0,0,0,0,0,0}}
]
15:41:40.651 [main] INFO sudoku.model.SudokuBoard - Wartość 0 wstawiona nieprawidłowo
15:41:40.651 [main] INFO sudoku.model.SudokuBoard - Bład w kwadracie 0
sudoku.model.SudokuBoard@2f14b0f6[
  size=9
  solver=sudoku.model.BacktrackingSudokuSolver@5b20706
  board={{3,6,1,2,8,9,7,5,4},{4,2,5,6,1,7,8,9,3},{7,8,9,3,5,4,1,2,6},{2,7,6,4,9,3,5,1,8},{8,4,3,1,2,5,9,6,7},{0,0,0,0,0,0,0,0,0},{0,0,0,0,0,0,0,0,0},{0,0,0,0,0,0,0,0,0},{0,0,0,0,0,0,0,0,0}}
]
15:41:40.651 [main] INFO sudoku.model.SudokuBoard - Wartość 0 wstawiona nieprawidłowo
15:41:40.651 [main] INFO sudoku.model.SudokuBoard - Bład w kwadracie 0
sudoku.model.SudokuBoard@2f14b0f6[
  size=9
  solver=sudoku.model.BacktrackingSudokuSolver@5b20706
  board={{3,6,1,2,8,9,7,5,4},{4,2,5,6,1,7,8,9,3},{7,8,9,3,5,4,1,2,6},{2,7,6,4,9,3,5,1,8},{8,4,3,1,2,5,9,6,7},{1,0,0,0,0,0,0,0,0},{0,0,0,0,0,0,0,0,0},{0,0,0,0,0,0,0,0,0},{0,0,0,0,0,0,0,0,0}}
]
15:41:40.651 [main] INFO sudoku.model.SudokuBoard - Wartość 0 wstawiona nieprawidłowo
15:41:40.651 [main] INFO sudoku.model.SudokuBoard - Bład w kwadracie 0
sudoku.model.SudokuBoard@2f14b0f6[
  size=9
  solver=sudoku.model.BacktrackingSudokuSolver@5b20706
  board={{3,6,1,2,8,9,7,5,4},{4,2,5,6,1,7,8,9,3},{7,8,9,3,5,4,1,2,6},{2,7,6,4,9,3,5,1,8},{8,4,3,1,2,5,9,6,7},{1,0,0,0,0,0,0,0,0},{0,0,0,0,0,0,0,0,0},{0,0,0,0,0,0,0,0,0},{0,0,0,0,0,0,0,0,0}}
]
15:41:40.651 [main] INFO sudoku.model.SudokuBoard - Wartość 0 wstawiona nieprawidłowo
15:41:40.651 [main] INFO sudoku.model.SudokuBoard - Bład w kwadracie 0
sudoku.model.SudokuBoard@2f14b0f6[
  size=9
  solver=sudoku.model.BacktrackingSudokuSolver@5b20706
  board={{3,6,1,2,8,9,7,5,4},{4,2,5,6,1,7,8,9,3},{7,8,9,3,5,4,1,2,6},{2,7,6,4,9,3,5,1,8},{8,4,3,1,2,5,9,6,7},{0,0,0,0,0,0,0,0,0},{0,0,0,0,0,0,0,0,0},{0,0,0,0,0,0,0,0,0},{0,0,0,0,0,0,0,0,0}}
]
15:41:40.651 [main] INFO sudoku.model.SudokuBoard - Wartość 0 wstawiona nieprawidłowo
15:41:40.651 [main] INFO sudoku.model.SudokuBoard - Bład w kwadracie 0
sudoku.model.SudokuBoard@2f14b0f6[
  size=9
  solver=sudoku.model.BacktrackingSudokuSolver@5b20706
  board={{3,6,1,2,8,9,7,5,4},{4,2,5,6,1,7,8,9,3},{7,8,9,3,5,4,1,2,6},{2,7,6,4,9,3,5,1,8},{8,4,3,1,2,5,9,6,0},{0,0,0,0,0,0,0,0,0},{0,0,0,0,0,0,0,0,0},{0,0,0,0,0,0,0,0,0},{0,0,0,0,0,0,0,0,0}}
]
15:41:40.651 [main] INFO sudoku.model.SudokuBoard - Wartość 0 wstawiona nieprawidłowo
15:41:40.652 [main] INFO sudoku.model.SudokuBoard - Bład w kwadracie 0
sudoku.model.SudokuBoard@2f14b0f6[
  size=9
  solver=sudoku.model.BacktrackingSudokuSolver@5b20706
  board={{3,6,1,2,8,9,7,5,4},{4,2,5,6,1,7,8,9,3},{7,8,9,3,5,4,1,2,6},{2,7,6,4,9,3,5,1,8},{8,4,3,1,2,5,9,0,0},{0,0,0,0,0,0,0,0,0},{0,0,0,0,0,0,0,0,0},{0,0,0,0,0,0,0,0,0},{0,0,0,0,0,0,0,0,0}}
]
15:41:40.652 [main] INFO sudoku.model.SudokuBoard - Wartość 0 wstawiona nieprawidłowo
15:41:40.652 [main] INFO sudoku.model.SudokuBoard - Bład w kwadracie 0
sudoku.model.SudokuBoard@2f14b0f6[
  size=9
  solver=sudoku.model.BacktrackingSudokuSolver@5b20706
  board={{3,6,1,2,8,9,7,5,4},{4,2,5,6,1,7,8,9,3},{7,8,9,3,5,4,1,2,6},{2,7,6,4,9,3,5,1,8},{8,4,3,1,2,5,9,0,0},{0,0,0,0,0,0,0,0,0},{0,0,0,0,0,0,0,0,0},{0,0,0,0,0,0,0,0,0},{0,0,0,0,0,0,0,0,0}}
]
15:41:40.652 [main] INFO sudoku.model.SudokuBoard - Wartość 0 wstawiona nieprawidłowo
15:41:40.652 [main] INFO sudoku.model.SudokuBoard - Bład w kwadracie 0
sudoku.model.SudokuBoard@2f14b0f6[
  size=9
  solver=sudoku.model.BacktrackingSudokuSolver@5b20706
  board={{3,6,1,2,8,9,7,5,4},{4,2,5,6,1,7,8,9,3},{7,8,9,3,5,4,1,2,6},{2,7,6,4,9,3,5,1,8},{8,4,3,1,2,5,0,0,0},{0,0,0,0,0,0,0,0,0},{0,0,0,0,0,0,0,0,0},{0,0,0,0,0,0,0,0,0},{0,0,0,0,0,0,0,0,0}}
]
15:41:40.652 [main] INFO sudoku.model.SudokuBoard - Wartość 0 wstawiona nieprawidłowo
15:41:40.652 [main] INFO sudoku.model.SudokuBoard - Bład w kwadracie 0
sudoku.model.SudokuBoard@2f14b0f6[
  size=9
  solver=sudoku.model.BacktrackingSudokuSolver@5b20706
  board={{3,6,1,2,8,9,7,5,4},{4,2,5,6,1,7,8,9,3},{7,8,9,3,5,4,1,2,6},{2,7,6,4,9,3,5,1,8},{8,4,3,1,2,0,0,0,0},{0,0,0,0,0,0,0,0,0},{0,0,0,0,0,0,0,0,0},{0,0,0,0,0,0,0,0,0},{0,0,0,0,0,0,0,0,0}}
]
15:41:40.652 [main] INFO sudoku.model.SudokuBoard - Wartość 0 wstawiona nieprawidłowo
15:41:40.652 [main] INFO sudoku.model.SudokuBoard - Bład w kwadracie 0
sudoku.model.SudokuBoard@2f14b0f6[
  size=9
  solver=sudoku.model.BacktrackingSudokuSolver@5b20706
  board={{3,6,1,2,8,9,7,5,4},{4,2,5,6,1,7,8,9,3},{7,8,9,3,5,4,1,2,6},{2,7,6,4,9,3,5,1,8},{8,4,3,1,2,6,9,0,0},{0,0,0,0,0,0,0,0,0},{0,0,0,0,0,0,0,0,0},{0,0,0,0,0,0,0,0,0},{0,0,0,0,0,0,0,0,0}}
]
15:41:40.652 [main] INFO sudoku.model.SudokuBoard - Wartość 0 wstawiona nieprawidłowo
15:41:40.652 [main] INFO sudoku.model.SudokuBoard - Bład w kwadracie 0
sudoku.model.SudokuBoard@2f14b0f6[
  size=9
  solver=sudoku.model.BacktrackingSudokuSolver@5b20706
  board={{3,6,1,2,8,9,7,5,4},{4,2,5,6,1,7,8,9,3},{7,8,9,3,5,4,1,2,6},{2,7,6,4,9,3,5,1,8},{8,4,3,1,2,6,0,0,0},{0,0,0,0,0,0,0,0,0},{0,0,0,0,0,0,0,0,0},{0,0,0,0,0,0,0,0,0},{0,0,0,0,0,0,0,0,0}}
]
15:41:40.652 [main] INFO sudoku.model.SudokuBoard - Wartość 0 wstawiona nieprawidłowo
15:41:40.652 [main] INFO sudoku.model.SudokuBoard - Bład w kwadracie 0
sudoku.model.SudokuBoard@2f14b0f6[
  size=9
  solver=sudoku.model.BacktrackingSudokuSolver@5b20706
  board={{3,6,1,2,8,9,7,5,4},{4,2,5,6,1,7,8,9,3},{7,8,9,3,5,4,1,2,6},{2,7,6,4,9,3,5,1,8},{8,4,3,1,2,0,0,0,0},{0,0,0,0,0,0,0,0,0},{0,0,0,0,0,0,0,0,0},{0,0,0,0,0,0,0,0,0},{0,0,0,0,0,0,0,0,0}}
]
15:41:40.652 [main] INFO sudoku.model.SudokuBoard - Wartość 0 wstawiona nieprawidłowo
15:41:40.652 [main] INFO sudoku.model.SudokuBoard - Bład w kwadracie 0
sudoku.model.SudokuBoard@2f14b0f6[
  size=9
  solver=sudoku.model.BacktrackingSudokuSolver@5b20706
  board={{3,6,1,2,8,9,7,5,4},{4,2,5,6,1,7,8,9,3},{7,8,9,3,5,4,1,2,6},{2,7,6,4,9,3,5,1,8},{8,4,3,1,0,0,0,0,0},{0,0,0,0,0,0,0,0,0},{0,0,0,0,0,0,0,0,0},{0,0,0,0,0,0,0,0,0},{0,0,0,0,0,0,0,0,0}}
]
15:41:40.652 [main] INFO sudoku.model.SudokuBoard - Wartość 0 wstawiona nieprawidłowo
15:41:40.652 [main] INFO sudoku.model.SudokuBoard - Bład w kwadracie 0
sudoku.model.SudokuBoard@2f14b0f6[
  size=9
  solver=sudoku.model.BacktrackingSudokuSolver@5b20706
  board={{3,6,1,2,8,9,7,5,4},{4,2,5,6,1,7,8,9,3},{7,8,9,3,5,4,1,2,6},{2,7,6,4,9,3,5,1,8},{8,4,3,1,6,2,9,0,0},{0,0,0,0,0,0,0,0,0},{0,0,0,0,0,0,0,0,0},{0,0,0,0,0,0,0,0,0},{0,0,0,0,0,0,0,0,0}}
]
15:41:40.652 [main] INFO sudoku.model.SudokuBoard - Wartość 0 wstawiona nieprawidłowo
15:41:40.652 [main] INFO sudoku.model.SudokuBoard - Bład w kwadracie 0
sudoku.model.SudokuBoard@2f14b0f6[
  size=9
  solver=sudoku.model.BacktrackingSudokuSolver@5b20706
  board={{3,6,1,2,8,9,7,5,4},{4,2,5,6,1,7,8,9,3},{7,8,9,3,5,4,1,2,6},{2,7,6,4,9,3,5,1,8},{8,4,3,1,6,2,0,0,0},{0,0,0,0,0,0,0,0,0},{0,0,0,0,0,0,0,0,0},{0,0,0,0,0,0,0,0,0},{0,0,0,0,0,0,0,0,0}}
]
15:41:40.652 [main] INFO sudoku.model.SudokuBoard - Wartość 0 wstawiona nieprawidłowo
15:41:40.652 [main] INFO sudoku.model.SudokuBoard - Bład w kwadracie 0
sudoku.model.SudokuBoard@2f14b0f6[
  size=9
  solver=sudoku.model.BacktrackingSudokuSolver@5b20706
  board={{3,6,1,2,8,9,7,5,4},{4,2,5,6,1,7,8,9,3},{7,8,9,3,5,4,1,2,6},{2,7,6,4,9,3,5,1,8},{8,4,3,1,6,0,0,0,0},{0,0,0,0,0,0,0,0,0},{0,0,0,0,0,0,0,0,0},{0,0,0,0,0,0,0,0,0},{0,0,0,0,0,0,0,0,0}}
]
15:41:40.652 [main] INFO sudoku.model.SudokuBoard - Wartość 0 wstawiona nieprawidłowo
15:41:40.653 [main] INFO sudoku.model.SudokuBoard - Bład w kwadracie 0
sudoku.model.SudokuBoard@2f14b0f6[
  size=9
  solver=sudoku.model.BacktrackingSudokuSolver@5b20706
  board={{3,6,1,2,8,9,7,5,4},{4,2,5,6,1,7,8,9,3},{7,8,9,3,5,4,1,2,6},{2,7,6,4,9,3,5,1,8},{8,4,3,1,6,5,9,7,2},{9,0,0,0,0,0,0,0,0},{0,0,0,0,0,0,0,0,0},{0,0,0,0,0,0,0,0,0},{0,0,0,0,0,0,0,0,0}}
]
15:41:40.653 [main] INFO sudoku.model.SudokuBoard - Wartość 0 wstawiona nieprawidłowo
15:41:40.653 [main] INFO sudoku.model.SudokuBoard - Bład w kwadracie 0
sudoku.model.SudokuBoard@2f14b0f6[
  size=9
  solver=sudoku.model.BacktrackingSudokuSolver@5b20706
  board={{3,6,1,2,8,9,7,5,4},{4,2,5,6,1,7,8,9,3},{7,8,9,3,5,4,1,2,6},{2,7,6,4,9,3,5,1,8},{8,4,3,1,6,5,9,7,2},{9,0,0,0,0,0,0,0,0},{0,0,0,0,0,0,0,0,0},{0,0,0,0,0,0,0,0,0},{0,0,0,0,0,0,0,0,0}}
]
15:41:40.653 [main] INFO sudoku.model.SudokuBoard - Wartość 0 wstawiona nieprawidłowo
15:41:40.653 [main] INFO sudoku.model.SudokuBoard - Bład w kwadracie 0
sudoku.model.SudokuBoard@2f14b0f6[
  size=9
  solver=sudoku.model.BacktrackingSudokuSolver@5b20706
  board={{3,6,1,2,8,9,7,5,4},{4,2,5,6,1,7,8,9,3},{7,8,9,3,5,4,1,2,6},{2,7,6,4,9,3,5,1,8},{8,4,3,1,6,5,9,7,2},{0,0,0,0,0,0,0,0,0},{0,0,0,0,0,0,0,0,0},{0,0,0,0,0,0,0,0,0},{0,0,0,0,0,0,0,0,0}}
]
15:41:40.653 [main] INFO sudoku.model.SudokuBoard - Wartość 0 wstawiona nieprawidłowo
15:41:40.653 [main] INFO sudoku.model.SudokuBoard - Bład w kwadracie 0
sudoku.model.SudokuBoard@2f14b0f6[
  size=9
  solver=sudoku.model.BacktrackingSudokuSolver@5b20706
  board={{3,6,1,2,8,9,7,5,4},{4,2,5,6,1,7,8,9,3},{7,8,9,3,5,4,1,2,6},{2,7,6,4,9,3,5,1,8},{8,4,3,1,6,5,9,7,2},{1,0,0,0,0,0,0,0,0},{0,0,0,0,0,0,0,0,0},{0,0,0,0,0,0,0,0,0},{0,0,0,0,0,0,0,0,0}}
]
15:41:40.653 [main] INFO sudoku.model.SudokuBoard - Wartość 0 wstawiona nieprawidłowo
15:41:40.653 [main] INFO sudoku.model.SudokuBoard - Bład w kwadracie 0
sudoku.model.SudokuBoard@2f14b0f6[
  size=9
  solver=sudoku.model.BacktrackingSudokuSolver@5b20706
  board={{3,6,1,2,8,9,7,5,4},{4,2,5,6,1,7,8,9,3},{7,8,9,3,5,4,1,2,6},{2,7,6,4,9,3,5,1,8},{8,4,3,1,6,5,9,7,2},{1,0,0,0,0,0,0,0,0},{0,0,0,0,0,0,0,0,0},{0,0,0,0,0,0,0,0,0},{0,0,0,0,0,0,0,0,0}}
]
15:41:40.653 [main] INFO sudoku.model.SudokuBoard - Wartość 0 wstawiona nieprawidłowo
15:41:40.653 [main] INFO sudoku.model.SudokuBoard - Bład w kwadracie 0
sudoku.model.SudokuBoard@2f14b0f6[
  size=9
  solver=sudoku.model.BacktrackingSudokuSolver@5b20706
  board={{3,6,1,2,8,9,7,5,4},{4,2,5,6,1,7,8,9,3},{7,8,9,3,5,4,1,2,6},{2,7,6,4,9,3,5,1,8},{8,4,3,1,6,5,9,7,2},{0,0,0,0,0,0,0,0,0},{0,0,0,0,0,0,0,0,0},{0,0,0,0,0,0,0,0,0},{0,0,0,0,0,0,0,0,0}}
]
15:41:40.653 [main] INFO sudoku.model.SudokuBoard - Wartość 0 wstawiona nieprawidłowo
15:41:40.653 [main] INFO sudoku.model.SudokuBoard - Bład w kwadracie 0
sudoku.model.SudokuBoard@2f14b0f6[
  size=9
  solver=sudoku.model.BacktrackingSudokuSolver@5b20706
  board={{3,6,1,2,8,9,7,5,4},{4,2,5,6,1,7,8,9,3},{7,8,9,3,5,4,1,2,6},{2,7,6,4,9,3,5,1,8},{8,4,3,1,6,5,9,7,2},{5,0,0,0,0,0,0,0,0},{0,0,0,0,0,0,0,0,0},{0,0,0,0,0,0,0,0,0},{0,0,0,0,0,0,0,0,0}}
]
15:41:40.653 [main] INFO sudoku.model.SudokuBoard - Wartość 0 wstawiona nieprawidłowo
15:41:40.653 [main] INFO sudoku.model.SudokuBoard - Bład w kwadracie 0
sudoku.model.SudokuBoard@2f14b0f6[
  size=9
  solver=sudoku.model.BacktrackingSudokuSolver@5b20706
  board={{3,6,1,2,8,9,7,5,4},{4,2,5,6,1,7,8,9,3},{7,8,9,3,5,4,1,2,6},{2,7,6,4,9,3,5,1,8},{8,4,3,1,6,5,9,7,2},{5,0,0,0,0,0,0,0,0},{0,0,0,0,0,0,0,0,0},{0,0,0,0,0,0,0,0,0},{0,0,0,0,0,0,0,0,0}}
]
15:41:40.653 [main] INFO sudoku.model.SudokuBoard - Wartość 0 wstawiona nieprawidłowo
15:41:40.653 [main] INFO sudoku.model.SudokuBoard - Bład w kwadracie 0
sudoku.model.SudokuBoard@2f14b0f6[
  size=9
  solver=sudoku.model.BacktrackingSudokuSolver@5b20706
  board={{3,6,1,2,8,9,7,5,4},{4,2,5,6,1,7,8,9,3},{7,8,9,3,5,4,1,2,6},{2,7,6,4,9,3,5,1,8},{8,4,3,1,6,5,9,7,2},{0,0,0,0,0,0,0,0,0},{0,0,0,0,0,0,0,0,0},{0,0,0,0,0,0,0,0,0},{0,0,0,0,0,0,0,0,0}}
]
15:41:40.653 [main] INFO sudoku.model.SudokuBoard - Wartość 0 wstawiona nieprawidłowo
15:41:40.653 [main] INFO sudoku.model.SudokuBoard - Bład w kwadracie 0
sudoku.model.SudokuBoard@2f14b0f6[
  size=9
  solver=sudoku.model.BacktrackingSudokuSolver@5b20706
  board={{3,6,1,2,8,9,7,5,4},{4,2,5,6,1,7,8,9,3},{7,8,9,3,5,4,1,2,6},{2,7,6,4,9,3,5,1,8},{8,4,3,1,6,5,9,7,0},{0,0,0,0,0,0,0,0,0},{0,0,0,0,0,0,0,0,0},{0,0,0,0,0,0,0,0,0},{0,0,0,0,0,0,0,0,0}}
]
15:41:40.653 [main] INFO sudoku.model.SudokuBoard - Wartość 0 wstawiona nieprawidłowo
15:41:40.653 [main] INFO sudoku.model.SudokuBoard - Bład w kwadracie 0
sudoku.model.SudokuBoard@2f14b0f6[
  size=9
  solver=sudoku.model.BacktrackingSudokuSolver@5b20706
  board={{3,6,1,2,8,9,7,5,4},{4,2,5,6,1,7,8,9,3},{7,8,9,3,5,4,1,2,6},{2,7,6,4,9,3,5,1,8},{8,4,3,1,6,5,9,0,0},{0,0,0,0,0,0,0,0,0},{0,0,0,0,0,0,0,0,0},{0,0,0,0,0,0,0,0,0},{0,0,0,0,0,0,0,0,0}}
]
15:41:40.653 [main] INFO sudoku.model.SudokuBoard - Wartość 0 wstawiona nieprawidłowo
15:41:40.653 [main] INFO sudoku.model.SudokuBoard - Bład w kwadracie 0
sudoku.model.SudokuBoard@2f14b0f6[
  size=9
  solver=sudoku.model.BacktrackingSudokuSolver@5b20706
  board={{3,6,1,2,8,9,7,5,4},{4,2,5,6,1,7,8,9,3},{7,8,9,3,5,4,1,2,6},{2,7,6,4,9,3,5,1,8},{8,4,3,1,6,5,0,0,0},{0,0,0,0,0,0,0,0,0},{0,0,0,0,0,0,0,0,0},{0,0,0,0,0,0,0,0,0},{0,0,0,0,0,0,0,0,0}}
]
15:41:40.653 [main] INFO sudoku.model.SudokuBoard - Wartość 0 wstawiona nieprawidłowo
15:41:40.654 [main] INFO sudoku.model.SudokuBoard - Bład w kwadracie 0
sudoku.model.SudokuBoard@2f14b0f6[
  size=9
  solver=sudoku.model.BacktrackingSudokuSolver@5b20706
  board={{3,6,1,2,8,9,7,5,4},{4,2,5,6,1,7,8,9,3},{7,8,9,3,5,4,1,2,6},{2,7,6,4,9,3,5,1,8},{8,4,3,1,6,5,2,7,9},{5,0,0,0,0,0,0,0,0},{0,0,0,0,0,0,0,0,0},{0,0,0,0,0,0,0,0,0},{0,0,0,0,0,0,0,0,0}}
]
15:41:40.654 [main] INFO sudoku.model.SudokuBoard - Wartość 0 wstawiona nieprawidłowo
15:41:40.654 [main] INFO sudoku.model.SudokuBoard - Bład w kwadracie 0
sudoku.model.SudokuBoard@2f14b0f6[
  size=9
  solver=sudoku.model.BacktrackingSudokuSolver@5b20706
  board={{3,6,1,2,8,9,7,5,4},{4,2,5,6,1,7,8,9,3},{7,8,9,3,5,4,1,2,6},{2,7,6,4,9,3,5,1,8},{8,4,3,1,6,5,2,7,9},{5,0,0,0,0,0,0,0,0},{0,0,0,0,0,0,0,0,0},{0,0,0,0,0,0,0,0,0},{0,0,0,0,0,0,0,0,0}}
]
15:41:40.654 [main] INFO sudoku.model.SudokuBoard - Wartość 0 wstawiona nieprawidłowo
15:41:40.654 [main] INFO sudoku.model.SudokuBoard - Bład w kwadracie 0
sudoku.model.SudokuBoard@2f14b0f6[
  size=9
  solver=sudoku.model.BacktrackingSudokuSolver@5b20706
  board={{3,6,1,2,8,9,7,5,4},{4,2,5,6,1,7,8,9,3},{7,8,9,3,5,4,1,2,6},{2,7,6,4,9,3,5,1,8},{8,4,3,1,6,5,2,7,9},{0,0,0,0,0,0,0,0,0},{0,0,0,0,0,0,0,0,0},{0,0,0,0,0,0,0,0,0},{0,0,0,0,0,0,0,0,0}}
]
15:41:40.654 [main] INFO sudoku.model.SudokuBoard - Wartość 0 wstawiona nieprawidłowo
15:41:40.654 [main] INFO sudoku.model.SudokuBoard - Bład w kwadracie 0
sudoku.model.SudokuBoard@2f14b0f6[
  size=9
  solver=sudoku.model.BacktrackingSudokuSolver@5b20706
  board={{3,6,1,2,8,9,7,5,4},{4,2,5,6,1,7,8,9,3},{7,8,9,3,5,4,1,2,6},{2,7,6,4,9,3,5,1,8},{8,4,3,1,6,5,2,7,9},{9,0,0,0,0,0,0,0,0},{0,0,0,0,0,0,0,0,0},{0,0,0,0,0,0,0,0,0},{0,0,0,0,0,0,0,0,0}}
]
15:41:40.654 [main] INFO sudoku.model.SudokuBoard - Wartość 0 wstawiona nieprawidłowo
15:41:40.654 [main] INFO sudoku.model.SudokuBoard - Bład w kwadracie 0
sudoku.model.SudokuBoard@2f14b0f6[
  size=9
  solver=sudoku.model.BacktrackingSudokuSolver@5b20706
  board={{3,6,1,2,8,9,7,5,4},{4,2,5,6,1,7,8,9,3},{7,8,9,3,5,4,1,2,6},{2,7,6,4,9,3,5,1,8},{8,4,3,1,6,5,2,7,9},{9,0,0,0,0,0,0,0,0},{0,0,0,0,0,0,0,0,0},{0,0,0,0,0,0,0,0,0},{0,0,0,0,0,0,0,0,0}}
]
15:41:40.654 [main] INFO sudoku.model.SudokuBoard - Wartość 0 wstawiona nieprawidłowo
15:41:40.654 [main] INFO sudoku.model.SudokuBoard - Bład w kwadracie 0
sudoku.model.SudokuBoard@2f14b0f6[
  size=9
  solver=sudoku.model.BacktrackingSudokuSolver@5b20706
  board={{3,6,1,2,8,9,7,5,4},{4,2,5,6,1,7,8,9,3},{7,8,9,3,5,4,1,2,6},{2,7,6,4,9,3,5,1,8},{8,4,3,1,6,5,2,7,9},{0,0,0,0,0,0,0,0,0},{0,0,0,0,0,0,0,0,0},{0,0,0,0,0,0,0,0,0},{0,0,0,0,0,0,0,0,0}}
]
15:41:40.654 [main] INFO sudoku.model.SudokuBoard - Wartość 0 wstawiona nieprawidłowo
15:41:40.654 [main] INFO sudoku.model.SudokuBoard - Bład w kwadracie 0
sudoku.model.SudokuBoard@2f14b0f6[
  size=9
  solver=sudoku.model.BacktrackingSudokuSolver@5b20706
  board={{3,6,1,2,8,9,7,5,4},{4,2,5,6,1,7,8,9,3},{7,8,9,3,5,4,1,2,6},{2,7,6,4,9,3,5,1,8},{8,4,3,1,6,5,2,7,9},{1,0,0,0,0,0,0,0,0},{0,0,0,0,0,0,0,0,0},{0,0,0,0,0,0,0,0,0},{0,0,0,0,0,0,0,0,0}}
]
15:41:40.654 [main] INFO sudoku.model.SudokuBoard - Wartość 0 wstawiona nieprawidłowo
15:41:40.654 [main] INFO sudoku.model.SudokuBoard - Bład w kwadracie 0
sudoku.model.SudokuBoard@2f14b0f6[
  size=9
  solver=sudoku.model.BacktrackingSudokuSolver@5b20706
  board={{3,6,1,2,8,9,7,5,4},{4,2,5,6,1,7,8,9,3},{7,8,9,3,5,4,1,2,6},{2,7,6,4,9,3,5,1,8},{8,4,3,1,6,5,2,7,9},{1,0,0,0,0,0,0,0,0},{0,0,0,0,0,0,0,0,0},{0,0,0,0,0,0,0,0,0},{0,0,0,0,0,0,0,0,0}}
]
15:41:40.654 [main] INFO sudoku.model.SudokuBoard - Wartość 0 wstawiona nieprawidłowo
15:41:40.654 [main] INFO sudoku.model.SudokuBoard - Bład w kwadracie 0
sudoku.model.SudokuBoard@2f14b0f6[
  size=9
  solver=sudoku.model.BacktrackingSudokuSolver@5b20706
  board={{3,6,1,2,8,9,7,5,4},{4,2,5,6,1,7,8,9,3},{7,8,9,3,5,4,1,2,6},{2,7,6,4,9,3,5,1,8},{8,4,3,1,6,5,2,7,9},{0,0,0,0,0,0,0,0,0},{0,0,0,0,0,0,0,0,0},{0,0,0,0,0,0,0,0,0},{0,0,0,0,0,0,0,0,0}}
]
15:41:40.654 [main] INFO sudoku.model.SudokuBoard - Wartość 0 wstawiona nieprawidłowo
15:41:40.655 [main] INFO sudoku.model.SudokuBoard - Bład w kwadracie 0
sudoku.model.SudokuBoard@2f14b0f6[
  size=9
  solver=sudoku.model.BacktrackingSudokuSolver@5b20706
  board={{3,6,1,2,8,9,7,5,4},{4,2,5,6,1,7,8,9,3},{7,8,9,3,5,4,1,2,6},{2,7,6,4,9,3,5,1,8},{8,4,3,1,6,5,2,7,0},{0,0,0,0,0,0,0,0,0},{0,0,0,0,0,0,0,0,0},{0,0,0,0,0,0,0,0,0},{0,0,0,0,0,0,0,0,0}}
]
15:41:40.655 [main] INFO sudoku.model.SudokuBoard - Wartość 0 wstawiona nieprawidłowo
15:41:40.655 [main] INFO sudoku.model.SudokuBoard - Bład w kwadracie 0
sudoku.model.SudokuBoard@2f14b0f6[
  size=9
  solver=sudoku.model.BacktrackingSudokuSolver@5b20706
  board={{3,6,1,2,8,9,7,5,4},{4,2,5,6,1,7,8,9,3},{7,8,9,3,5,4,1,2,6},{2,7,6,4,9,3,5,1,8},{8,4,3,1,6,5,2,0,0},{0,0,0,0,0,0,0,0,0},{0,0,0,0,0,0,0,0,0},{0,0,0,0,0,0,0,0,0},{0,0,0,0,0,0,0,0,0}}
]
15:41:40.655 [main] INFO sudoku.model.SudokuBoard - Wartość 0 wstawiona nieprawidłowo
15:41:40.655 [main] INFO sudoku.model.SudokuBoard - Bład w kwadracie 0
sudoku.model.SudokuBoard@2f14b0f6[
  size=9
  solver=sudoku.model.BacktrackingSudokuSolver@5b20706
  board={{3,6,1,2,8,9,7,5,4},{4,2,5,6,1,7,8,9,3},{7,8,9,3,5,4,1,2,6},{2,7,6,4,9,3,5,1,8},{8,4,3,1,6,5,0,0,0},{0,0,0,0,0,0,0,0,0},{0,0,0,0,0,0,0,0,0},{0,0,0,0,0,0,0,0,0},{0,0,0,0,0,0,0,0,0}}
]
15:41:40.655 [main] INFO sudoku.model.SudokuBoard - Wartość 0 wstawiona nieprawidłowo
15:41:40.655 [main] INFO sudoku.model.SudokuBoard - Bład w kwadracie 0
sudoku.model.SudokuBoard@2f14b0f6[
  size=9
  solver=sudoku.model.BacktrackingSudokuSolver@5b20706
  board={{3,6,1,2,8,9,7,5,4},{4,2,5,6,1,7,8,9,3},{7,8,9,3,5,4,1,2,6},{2,7,6,4,9,3,5,1,8},{8,4,3,1,6,0,0,0,0},{0,0,0,0,0,0,0,0,0},{0,0,0,0,0,0,0,0,0},{0,0,0,0,0,0,0,0,0},{0,0,0,0,0,0,0,0,0}}
]
15:41:40.655 [main] INFO sudoku.model.SudokuBoard - Wartość 0 wstawiona nieprawidłowo
15:41:40.669 [main] INFO sudoku.model.SudokuBoard - Bład w kwadracie 0
sudoku.model.SudokuBoard@2f14b0f6[
  size=9
  solver=sudoku.model.BacktrackingSudokuSolver@5b20706
  board={{3,6,1,2,8,9,7,5,4},{4,2,5,6,1,7,8,9,3},{7,8,9,3,5,4,1,2,6},{2,7,6,4,9,3,5,1,8},{8,4,3,1,0,0,0,0,0},{0,0,0,0,0,0,0,0,0},{0,0,0,0,0,0,0,0,0},{0,0,0,0,0,0,0,0,0},{0,0,0,0,0,0,0,0,0}}
]
15:41:40.669 [main] INFO sudoku.model.SudokuBoard - Wartość 0 wstawiona nieprawidłowo
15:41:40.669 [main] INFO sudoku.model.SudokuBoard - Bład w kwadracie 0
sudoku.model.SudokuBoard@2f14b0f6[
  size=9
  solver=sudoku.model.BacktrackingSudokuSolver@5b20706
  board={{3,6,1,2,8,9,7,5,4},{4,2,5,6,1,7,8,9,3},{7,8,9,3,5,4,1,2,6},{2,7,6,4,9,3,5,1,8},{8,4,3,1,7,2,0,0,0},{0,0,0,0,0,0,0,0,0},{0,0,0,0,0,0,0,0,0},{0,0,0,0,0,0,0,0,0},{0,0,0,0,0,0,0,0,0}}
]
15:41:40.669 [main] INFO sudoku.model.SudokuBoard - Wartość 0 wstawiona nieprawidłowo
15:41:40.669 [main] INFO sudoku.model.SudokuBoard - Bład w kwadracie 0
sudoku.model.SudokuBoard@2f14b0f6[
  size=9
  solver=sudoku.model.BacktrackingSudokuSolver@5b20706
  board={{3,6,1,2,8,9,7,5,4},{4,2,5,6,1,7,8,9,3},{7,8,9,3,5,4,1,2,6},{2,7,6,4,9,3,5,1,8},{8,4,3,1,7,2,9,0,0},{0,0,0,0,0,0,0,0,0},{0,0,0,0,0,0,0,0,0},{0,0,0,0,0,0,0,0,0},{0,0,0,0,0,0,0,0,0}}
]
15:41:40.669 [main] INFO sudoku.model.SudokuBoard - Wartość 0 wstawiona nieprawidłowo
15:41:40.669 [main] INFO sudoku.model.SudokuBoard - Bład w kwadracie 0
sudoku.model.SudokuBoard@2f14b0f6[
  size=9
  solver=sudoku.model.BacktrackingSudokuSolver@5b20706
  board={{3,6,1,2,8,9,7,5,4},{4,2,5,6,1,7,8,9,3},{7,8,9,3,5,4,1,2,6},{2,7,6,4,9,3,5,1,8},{8,4,3,1,7,2,0,0,0},{0,0,0,0,0,0,0,0,0},{0,0,0,0,0,0,0,0,0},{0,0,0,0,0,0,0,0,0},{0,0,0,0,0,0,0,0,0}}
]
15:41:40.669 [main] INFO sudoku.model.SudokuBoard - Wartość 0 wstawiona nieprawidłowo
15:41:40.670 [main] INFO sudoku.model.SudokuBoard - Bład w kwadracie 0
sudoku.model.SudokuBoard@2f14b0f6[
  size=9
  solver=sudoku.model.BacktrackingSudokuSolver@5b20706
  board={{3,6,1,2,8,9,7,5,4},{4,2,5,6,1,7,8,9,3},{7,8,9,3,5,4,1,2,6},{2,7,6,4,9,3,5,1,8},{8,4,3,1,7,0,0,0,0},{0,0,0,0,0,0,0,0,0},{0,0,0,0,0,0,0,0,0},{0,0,0,0,0,0,0,0,0},{0,0,0,0,0,0,0,0,0}}
]
15:41:40.670 [main] INFO sudoku.model.SudokuBoard - Wartość 0 wstawiona nieprawidłowo
15:41:40.670 [main] INFO sudoku.model.SudokuBoard - Bład w kwadracie 0
sudoku.model.SudokuBoard@2f14b0f6[
  size=9
  solver=sudoku.model.BacktrackingSudokuSolver@5b20706
  board={{3,6,1,2,8,9,7,5,4},{4,2,5,6,1,7,8,9,3},{7,8,9,3,5,4,1,2,6},{2,7,6,4,9,3,5,1,8},{8,4,3,1,7,5,2,6,9},{9,0,0,0,0,0,0,0,0},{0,0,0,0,0,0,0,0,0},{0,0,0,0,0,0,0,0,0},{0,0,0,0,0,0,0,0,0}}
]
15:41:40.670 [main] INFO sudoku.model.SudokuBoard - Wartość 0 wstawiona nieprawidłowo
15:41:40.670 [main] INFO sudoku.model.SudokuBoard - Bład w kwadracie 0
sudoku.model.SudokuBoard@2f14b0f6[
  size=9
  solver=sudoku.model.BacktrackingSudokuSolver@5b20706
  board={{3,6,1,2,8,9,7,5,4},{4,2,5,6,1,7,8,9,3},{7,8,9,3,5,4,1,2,6},{2,7,6,4,9,3,5,1,8},{8,4,3,1,7,5,2,6,9},{9,0,0,0,0,0,0,0,0},{0,0,0,0,0,0,0,0,0},{0,0,0,0,0,0,0,0,0},{0,0,0,0,0,0,0,0,0}}
]
15:41:40.670 [main] INFO sudoku.model.SudokuBoard - Wartość 0 wstawiona nieprawidłowo
15:41:40.670 [main] INFO sudoku.model.SudokuBoard - Bład w kwadracie 0
sudoku.model.SudokuBoard@2f14b0f6[
  size=9
  solver=sudoku.model.BacktrackingSudokuSolver@5b20706
  board={{3,6,1,2,8,9,7,5,4},{4,2,5,6,1,7,8,9,3},{7,8,9,3,5,4,1,2,6},{2,7,6,4,9,3,5,1,8},{8,4,3,1,7,5,2,6,9},{0,0,0,0,0,0,0,0,0},{0,0,0,0,0,0,0,0,0},{0,0,0,0,0,0,0,0,0},{0,0,0,0,0,0,0,0,0}}
]
15:41:40.670 [main] INFO sudoku.model.SudokuBoard - Wartość 0 wstawiona nieprawidłowo
15:41:40.670 [main] INFO sudoku.model.SudokuBoard - Bład w kwadracie 0
sudoku.model.SudokuBoard@2f14b0f6[
  size=9
  solver=sudoku.model.BacktrackingSudokuSolver@5b20706
  board={{3,6,1,2,8,9,7,5,4},{4,2,5,6,1,7,8,9,3},{7,8,9,3,5,4,1,2,6},{2,7,6,4,9,3,5,1,8},{8,4,3,1,7,5,2,6,9},{1,0,0,0,0,0,0,0,0},{0,0,0,0,0,0,0,0,0},{0,0,0,0,0,0,0,0,0},{0,0,0,0,0,0,0,0,0}}
]
15:41:40.670 [main] INFO sudoku.model.SudokuBoard - Wartość 0 wstawiona nieprawidłowo
15:41:40.670 [main] INFO sudoku.model.SudokuBoard - Bład w kwadracie 0
sudoku.model.SudokuBoard@2f14b0f6[
  size=9
  solver=sudoku.model.BacktrackingSudokuSolver@5b20706
  board={{3,6,1,2,8,9,7,5,4},{4,2,5,6,1,7,8,9,3},{7,8,9,3,5,4,1,2,6},{2,7,6,4,9,3,5,1,8},{8,4,3,1,7,5,2,6,9},{1,0,0,0,0,0,0,0,0},{0,0,0,0,0,0,0,0,0},{0,0,0,0,0,0,0,0,0},{0,0,0,0,0,0,0,0,0}}
]
15:41:40.670 [main] INFO sudoku.model.SudokuBoard - Wartość 0 wstawiona nieprawidłowo
15:41:40.670 [main] INFO sudoku.model.SudokuBoard - Bład w kwadracie 0
sudoku.model.SudokuBoard@2f14b0f6[
  size=9
  solver=sudoku.model.BacktrackingSudokuSolver@5b20706
  board={{3,6,1,2,8,9,7,5,4},{4,2,5,6,1,7,8,9,3},{7,8,9,3,5,4,1,2,6},{2,7,6,4,9,3,5,1,8},{8,4,3,1,7,5,2,6,9},{0,0,0,0,0,0,0,0,0},{0,0,0,0,0,0,0,0,0},{0,0,0,0,0,0,0,0,0},{0,0,0,0,0,0,0,0,0}}
]
15:41:40.670 [main] INFO sudoku.model.SudokuBoard - Wartość 0 wstawiona nieprawidłowo
15:41:40.670 [main] INFO sudoku.model.SudokuBoard - Bład w kwadracie 0
sudoku.model.SudokuBoard@2f14b0f6[
  size=9
  solver=sudoku.model.BacktrackingSudokuSolver@5b20706
  board={{3,6,1,2,8,9,7,5,4},{4,2,5,6,1,7,8,9,3},{7,8,9,3,5,4,1,2,6},{2,7,6,4,9,3,5,1,8},{8,4,3,1,7,5,2,6,9},{5,0,0,0,0,0,0,0,0},{0,0,0,0,0,0,0,0,0},{0,0,0,0,0,0,0,0,0},{0,0,0,0,0,0,0,0,0}}
]
15:41:40.670 [main] INFO sudoku.model.SudokuBoard - Wartość 0 wstawiona nieprawidłowo
15:41:40.670 [main] INFO sudoku.model.SudokuBoard - Bład w kwadracie 0
sudoku.model.SudokuBoard@2f14b0f6[
  size=9
  solver=sudoku.model.BacktrackingSudokuSolver@5b20706
  board={{3,6,1,2,8,9,7,5,4},{4,2,5,6,1,7,8,9,3},{7,8,9,3,5,4,1,2,6},{2,7,6,4,9,3,5,1,8},{8,4,3,1,7,5,2,6,9},{5,0,0,0,0,0,0,0,0},{0,0,0,0,0,0,0,0,0},{0,0,0,0,0,0,0,0,0},{0,0,0,0,0,0,0,0,0}}
]
15:41:40.670 [main] INFO sudoku.model.SudokuBoard - Wartość 0 wstawiona nieprawidłowo
15:41:40.670 [main] INFO sudoku.model.SudokuBoard - Bład w kwadracie 0
sudoku.model.SudokuBoard@2f14b0f6[
  size=9
  solver=sudoku.model.BacktrackingSudokuSolver@5b20706
  board={{3,6,1,2,8,9,7,5,4},{4,2,5,6,1,7,8,9,3},{7,8,9,3,5,4,1,2,6},{2,7,6,4,9,3,5,1,8},{8,4,3,1,7,5,2,6,9},{0,0,0,0,0,0,0,0,0},{0,0,0,0,0,0,0,0,0},{0,0,0,0,0,0,0,0,0},{0,0,0,0,0,0,0,0,0}}
]
15:41:40.670 [main] INFO sudoku.model.SudokuBoard - Wartość 0 wstawiona nieprawidłowo
15:41:40.670 [main] INFO sudoku.model.SudokuBoard - Bład w kwadracie 0
sudoku.model.SudokuBoard@2f14b0f6[
  size=9
  solver=sudoku.model.BacktrackingSudokuSolver@5b20706
  board={{3,6,1,2,8,9,7,5,4},{4,2,5,6,1,7,8,9,3},{7,8,9,3,5,4,1,2,6},{2,7,6,4,9,3,5,1,8},{8,4,3,1,7,5,2,6,0},{0,0,0,0,0,0,0,0,0},{0,0,0,0,0,0,0,0,0},{0,0,0,0,0,0,0,0,0},{0,0,0,0,0,0,0,0,0}}
]
15:41:40.670 [main] INFO sudoku.model.SudokuBoard - Wartość 0 wstawiona nieprawidłowo
15:41:40.670 [main] INFO sudoku.model.SudokuBoard - Bład w kwadracie 0
sudoku.model.SudokuBoard@2f14b0f6[
  size=9
  solver=sudoku.model.BacktrackingSudokuSolver@5b20706
  board={{3,6,1,2,8,9,7,5,4},{4,2,5,6,1,7,8,9,3},{7,8,9,3,5,4,1,2,6},{2,7,6,4,9,3,5,1,8},{8,4,3,1,7,5,2,0,0},{0,0,0,0,0,0,0,0,0},{0,0,0,0,0,0,0,0,0},{0,0,0,0,0,0,0,0,0},{0,0,0,0,0,0,0,0,0}}
]
15:41:40.670 [main] INFO sudoku.model.SudokuBoard - Wartość 0 wstawiona nieprawidłowo
15:41:40.670 [main] INFO sudoku.model.SudokuBoard - Bład w kwadracie 0
sudoku.model.SudokuBoard@2f14b0f6[
  size=9
  solver=sudoku.model.BacktrackingSudokuSolver@5b20706
  board={{3,6,1,2,8,9,7,5,4},{4,2,5,6,1,7,8,9,3},{7,8,9,3,5,4,1,2,6},{2,7,6,4,9,3,5,1,8},{8,4,3,1,7,5,0,0,0},{0,0,0,0,0,0,0,0,0},{0,0,0,0,0,0,0,0,0},{0,0,0,0,0,0,0,0,0},{0,0,0,0,0,0,0,0,0}}
]
15:41:40.670 [main] INFO sudoku.model.SudokuBoard - Wartość 0 wstawiona nieprawidłowo
15:41:40.671 [main] INFO sudoku.model.SudokuBoard - Bład w kwadracie 0
sudoku.model.SudokuBoard@2f14b0f6[
  size=9
  solver=sudoku.model.BacktrackingSudokuSolver@5b20706
  board={{3,6,1,2,8,9,7,5,4},{4,2,5,6,1,7,8,9,3},{7,8,9,3,5,4,1,2,6},{2,7,6,4,9,3,5,1,8},{8,4,3,1,7,5,0,0,0},{0,0,0,0,0,0,0,0,0},{0,0,0,0,0,0,0,0,0},{0,0,0,0,0,0,0,0,0},{0,0,0,0,0,0,0,0,0}}
]
15:41:40.671 [main] INFO sudoku.model.SudokuBoard - Wartość 0 wstawiona nieprawidłowo
15:41:40.671 [main] INFO sudoku.model.SudokuBoard - Bład w kwadracie 0
sudoku.model.SudokuBoard@2f14b0f6[
  size=9
  solver=sudoku.model.BacktrackingSudokuSolver@5b20706
  board={{3,6,1,2,8,9,7,5,4},{4,2,5,6,1,7,8,9,3},{7,8,9,3,5,4,1,2,6},{2,7,6,4,9,3,5,1,8},{8,4,3,1,7,5,9,6,2},{1,0,0,0,0,0,0,0,0},{0,0,0,0,0,0,0,0,0},{0,0,0,0,0,0,0,0,0},{0,0,0,0,0,0,0,0,0}}
]
15:41:40.671 [main] INFO sudoku.model.SudokuBoard - Wartość 0 wstawiona nieprawidłowo
15:41:40.671 [main] INFO sudoku.model.SudokuBoard - Bład w kwadracie 0
sudoku.model.SudokuBoard@2f14b0f6[
  size=9
  solver=sudoku.model.BacktrackingSudokuSolver@5b20706
  board={{3,6,1,2,8,9,7,5,4},{4,2,5,6,1,7,8,9,3},{7,8,9,3,5,4,1,2,6},{2,7,6,4,9,3,5,1,8},{8,4,3,1,7,5,9,6,2},{1,0,0,0,0,0,0,0,0},{0,0,0,0,0,0,0,0,0},{0,0,0,0,0,0,0,0,0},{0,0,0,0,0,0,0,0,0}}
]
15:41:40.671 [main] INFO sudoku.model.SudokuBoard - Wartość 0 wstawiona nieprawidłowo
15:41:40.671 [main] INFO sudoku.model.SudokuBoard - Bład w kwadracie 0
sudoku.model.SudokuBoard@2f14b0f6[
  size=9
  solver=sudoku.model.BacktrackingSudokuSolver@5b20706
  board={{3,6,1,2,8,9,7,5,4},{4,2,5,6,1,7,8,9,3},{7,8,9,3,5,4,1,2,6},{2,7,6,4,9,3,5,1,8},{8,4,3,1,7,5,9,6,2},{0,0,0,0,0,0,0,0,0},{0,0,0,0,0,0,0,0,0},{0,0,0,0,0,0,0,0,0},{0,0,0,0,0,0,0,0,0}}
]
15:41:40.671 [main] INFO sudoku.model.SudokuBoard - Wartość 0 wstawiona nieprawidłowo
15:41:40.671 [main] INFO sudoku.model.SudokuBoard - Bład w kwadracie 0
sudoku.model.SudokuBoard@2f14b0f6[
  size=9
  solver=sudoku.model.BacktrackingSudokuSolver@5b20706
  board={{3,6,1,2,8,9,7,5,4},{4,2,5,6,1,7,8,9,3},{7,8,9,3,5,4,1,2,6},{2,7,6,4,9,3,5,1,8},{8,4,3,1,7,5,9,6,2},{5,0,0,0,0,0,0,0,0},{0,0,0,0,0,0,0,0,0},{0,0,0,0,0,0,0,0,0},{0,0,0,0,0,0,0,0,0}}
]
15:41:40.671 [main] INFO sudoku.model.SudokuBoard - Wartość 0 wstawiona nieprawidłowo
15:41:40.671 [main] INFO sudoku.model.SudokuBoard - Bład w kwadracie 0
sudoku.model.SudokuBoard@2f14b0f6[
  size=9
  solver=sudoku.model.BacktrackingSudokuSolver@5b20706
  board={{3,6,1,2,8,9,7,5,4},{4,2,5,6,1,7,8,9,3},{7,8,9,3,5,4,1,2,6},{2,7,6,4,9,3,5,1,8},{8,4,3,1,7,5,9,6,2},{5,0,0,0,0,0,0,0,0},{0,0,0,0,0,0,0,0,0},{0,0,0,0,0,0,0,0,0},{0,0,0,0,0,0,0,0,0}}
]
15:41:40.671 [main] INFO sudoku.model.SudokuBoard - Wartość 0 wstawiona nieprawidłowo
15:41:40.671 [main] INFO sudoku.model.SudokuBoard - Bład w kwadracie 0
sudoku.model.SudokuBoard@2f14b0f6[
  size=9
  solver=sudoku.model.BacktrackingSudokuSolver@5b20706
  board={{3,6,1,2,8,9,7,5,4},{4,2,5,6,1,7,8,9,3},{7,8,9,3,5,4,1,2,6},{2,7,6,4,9,3,5,1,8},{8,4,3,1,7,5,9,6,2},{0,0,0,0,0,0,0,0,0},{0,0,0,0,0,0,0,0,0},{0,0,0,0,0,0,0,0,0},{0,0,0,0,0,0,0,0,0}}
]
15:41:40.671 [main] INFO sudoku.model.SudokuBoard - Wartość 0 wstawiona nieprawidłowo
15:41:40.671 [main] INFO sudoku.model.SudokuBoard - Bład w kwadracie 0
sudoku.model.SudokuBoard@2f14b0f6[
  size=9
  solver=sudoku.model.BacktrackingSudokuSolver@5b20706
  board={{3,6,1,2,8,9,7,5,4},{4,2,5,6,1,7,8,9,3},{7,8,9,3,5,4,1,2,6},{2,7,6,4,9,3,5,1,8},{8,4,3,1,7,5,9,6,2},{9,0,0,0,0,0,0,0,0},{0,0,0,0,0,0,0,0,0},{0,0,0,0,0,0,0,0,0},{0,0,0,0,0,0,0,0,0}}
]
15:41:40.671 [main] INFO sudoku.model.SudokuBoard - Wartość 0 wstawiona nieprawidłowo
15:41:40.671 [main] INFO sudoku.model.SudokuBoard - Bład w kwadracie 0
sudoku.model.SudokuBoard@2f14b0f6[
  size=9
  solver=sudoku.model.BacktrackingSudokuSolver@5b20706
  board={{3,6,1,2,8,9,7,5,4},{4,2,5,6,1,7,8,9,3},{7,8,9,3,5,4,1,2,6},{2,7,6,4,9,3,5,1,8},{8,4,3,1,7,5,9,6,2},{9,0,0,0,0,0,0,0,0},{0,0,0,0,0,0,0,0,0},{0,0,0,0,0,0,0,0,0},{0,0,0,0,0,0,0,0,0}}
]
15:41:40.671 [main] INFO sudoku.model.SudokuBoard - Wartość 0 wstawiona nieprawidłowo
15:41:40.671 [main] INFO sudoku.model.SudokuBoard - Bład w kwadracie 0
sudoku.model.SudokuBoard@2f14b0f6[
  size=9
  solver=sudoku.model.BacktrackingSudokuSolver@5b20706
  board={{3,6,1,2,8,9,7,5,4},{4,2,5,6,1,7,8,9,3},{7,8,9,3,5,4,1,2,6},{2,7,6,4,9,3,5,1,8},{8,4,3,1,7,5,9,6,2},{0,0,0,0,0,0,0,0,0},{0,0,0,0,0,0,0,0,0},{0,0,0,0,0,0,0,0,0},{0,0,0,0,0,0,0,0,0}}
]
15:41:40.671 [main] INFO sudoku.model.SudokuBoard - Wartość 0 wstawiona nieprawidłowo
15:41:40.671 [main] INFO sudoku.model.SudokuBoard - Bład w kwadracie 0
sudoku.model.SudokuBoard@2f14b0f6[
  size=9
  solver=sudoku.model.BacktrackingSudokuSolver@5b20706
  board={{3,6,1,2,8,9,7,5,4},{4,2,5,6,1,7,8,9,3},{7,8,9,3,5,4,1,2,6},{2,7,6,4,9,3,5,1,8},{8,4,3,1,7,5,9,6,0},{0,0,0,0,0,0,0,0,0},{0,0,0,0,0,0,0,0,0},{0,0,0,0,0,0,0,0,0},{0,0,0,0,0,0,0,0,0}}
]
15:41:40.671 [main] INFO sudoku.model.SudokuBoard - Wartość 0 wstawiona nieprawidłowo
15:41:40.671 [main] INFO sudoku.model.SudokuBoard - Bład w kwadracie 0
sudoku.model.SudokuBoard@2f14b0f6[
  size=9
  solver=sudoku.model.BacktrackingSudokuSolver@5b20706
  board={{3,6,1,2,8,9,7,5,4},{4,2,5,6,1,7,8,9,3},{7,8,9,3,5,4,1,2,6},{2,7,6,4,9,3,5,1,8},{8,4,3,1,7,5,9,0,0},{0,0,0,0,0,0,0,0,0},{0,0,0,0,0,0,0,0,0},{0,0,0,0,0,0,0,0,0},{0,0,0,0,0,0,0,0,0}}
]
15:41:40.671 [main] INFO sudoku.model.SudokuBoard - Wartość 0 wstawiona nieprawidłowo
15:41:40.672 [main] INFO sudoku.model.SudokuBoard - Bład w kwadracie 0
sudoku.model.SudokuBoard@2f14b0f6[
  size=9
  solver=sudoku.model.BacktrackingSudokuSolver@5b20706
  board={{3,6,1,2,8,9,7,5,4},{4,2,5,6,1,7,8,9,3},{7,8,9,3,5,4,1,2,6},{2,7,6,4,9,3,5,1,8},{8,4,3,1,7,5,0,0,0},{0,0,0,0,0,0,0,0,0},{0,0,0,0,0,0,0,0,0},{0,0,0,0,0,0,0,0,0},{0,0,0,0,0,0,0,0,0}}
]
15:41:40.672 [main] INFO sudoku.model.SudokuBoard - Wartość 0 wstawiona nieprawidłowo
15:41:40.672 [main] INFO sudoku.model.SudokuBoard - Bład w kwadracie 0
sudoku.model.SudokuBoard@2f14b0f6[
  size=9
  solver=sudoku.model.BacktrackingSudokuSolver@5b20706
  board={{3,6,1,2,8,9,7,5,4},{4,2,5,6,1,7,8,9,3},{7,8,9,3,5,4,1,2,6},{2,7,6,4,9,3,5,1,8},{8,4,3,1,7,0,0,0,0},{0,0,0,0,0,0,0,0,0},{0,0,0,0,0,0,0,0,0},{0,0,0,0,0,0,0,0,0},{0,0,0,0,0,0,0,0,0}}
]
15:41:40.672 [main] INFO sudoku.model.SudokuBoard - Wartość 0 wstawiona nieprawidłowo
15:41:40.672 [main] INFO sudoku.model.SudokuBoard - Bład w kwadracie 0
sudoku.model.SudokuBoard@2f14b0f6[
  size=9
  solver=sudoku.model.BacktrackingSudokuSolver@5b20706
  board={{3,6,1,2,8,9,7,5,4},{4,2,5,6,1,7,8,9,3},{7,8,9,3,5,4,1,2,6},{2,7,6,4,9,3,5,1,8},{8,4,3,1,7,6,0,0,0},{0,0,0,0,0,0,0,0,0},{0,0,0,0,0,0,0,0,0},{0,0,0,0,0,0,0,0,0},{0,0,0,0,0,0,0,0,0}}
]
15:41:40.672 [main] INFO sudoku.model.SudokuBoard - Wartość 0 wstawiona nieprawidłowo
15:41:40.672 [main] INFO sudoku.model.SudokuBoard - Bład w kwadracie 0
sudoku.model.SudokuBoard@2f14b0f6[
  size=9
  solver=sudoku.model.BacktrackingSudokuSolver@5b20706
  board={{3,6,1,2,8,9,7,5,4},{4,2,5,6,1,7,8,9,3},{7,8,9,3,5,4,1,2,6},{2,7,6,4,9,3,5,1,8},{8,4,3,1,7,6,0,0,0},{0,0,0,0,0,0,0,0,0},{0,0,0,0,0,0,0,0,0},{0,0,0,0,0,0,0,0,0},{0,0,0,0,0,0,0,0,0}}
]
15:41:40.672 [main] INFO sudoku.model.SudokuBoard - Wartość 0 wstawiona nieprawidłowo
15:41:40.672 [main] INFO sudoku.model.SudokuBoard - Bład w kwadracie 0
sudoku.model.SudokuBoard@2f14b0f6[
  size=9
  solver=sudoku.model.BacktrackingSudokuSolver@5b20706
  board={{3,6,1,2,8,9,7,5,4},{4,2,5,6,1,7,8,9,3},{7,8,9,3,5,4,1,2,6},{2,7,6,4,9,3,5,1,8},{8,4,3,1,7,0,0,0,0},{0,0,0,0,0,0,0,0,0},{0,0,0,0,0,0,0,0,0},{0,0,0,0,0,0,0,0,0},{0,0,0,0,0,0,0,0,0}}
]
15:41:40.672 [main] INFO sudoku.model.SudokuBoard - Wartość 0 wstawiona nieprawidłowo
15:41:40.672 [main] INFO sudoku.model.SudokuBoard - Bład w kwadracie 0
sudoku.model.SudokuBoard@2f14b0f6[
  size=9
  solver=sudoku.model.BacktrackingSudokuSolver@5b20706
  board={{3,6,1,2,8,9,7,5,4},{4,2,5,6,1,7,8,9,3},{7,8,9,3,5,4,1,2,6},{2,7,6,4,9,3,5,1,8},{8,4,3,1,0,0,0,0,0},{0,0,0,0,0,0,0,0,0},{0,0,0,0,0,0,0,0,0},{0,0,0,0,0,0,0,0,0},{0,0,0,0,0,0,0,0,0}}
]
15:41:40.672 [main] INFO sudoku.model.SudokuBoard - Wartość 0 wstawiona nieprawidłowo
15:41:40.672 [main] INFO sudoku.model.SudokuBoard - Bład w kwadracie 0
sudoku.model.SudokuBoard@2f14b0f6[
  size=9
  solver=sudoku.model.BacktrackingSudokuSolver@5b20706
  board={{3,6,1,2,8,9,7,5,4},{4,2,5,6,1,7,8,9,3},{7,8,9,3,5,4,1,2,6},{2,7,6,4,9,3,5,1,8},{8,4,3,0,0,0,0,0,0},{0,0,0,0,0,0,0,0,0},{0,0,0,0,0,0,0,0,0},{0,0,0,0,0,0,0,0,0},{0,0,0,0,0,0,0,0,0}}
]
15:41:40.672 [main] INFO sudoku.model.SudokuBoard - Wartość 0 wstawiona nieprawidłowo
15:41:40.672 [main] INFO sudoku.model.SudokuBoard - Bład w kwadracie 0
sudoku.model.SudokuBoard@2f14b0f6[
  size=9
  solver=sudoku.model.BacktrackingSudokuSolver@5b20706
  board={{3,6,1,2,8,9,7,5,4},{4,2,5,6,1,7,8,9,3},{7,8,9,3,5,4,1,2,6},{2,7,6,4,9,3,5,1,8},{8,4,3,5,7,1,9,6,2},{9,0,0,0,0,0,0,0,0},{0,0,0,0,0,0,0,0,0},{0,0,0,0,0,0,0,0,0},{0,0,0,0,0,0,0,0,0}}
]
15:41:40.672 [main] INFO sudoku.model.SudokuBoard - Wartość 0 wstawiona nieprawidłowo
15:41:40.672 [main] INFO sudoku.model.SudokuBoard - Bład w kwadracie 0
sudoku.model.SudokuBoard@2f14b0f6[
  size=9
  solver=sudoku.model.BacktrackingSudokuSolver@5b20706
  board={{3,6,1,2,8,9,7,5,4},{4,2,5,6,1,7,8,9,3},{7,8,9,3,5,4,1,2,6},{2,7,6,4,9,3,5,1,8},{8,4,3,5,7,1,9,6,2},{9,0,0,0,0,0,0,0,0},{0,0,0,0,0,0,0,0,0},{0,0,0,0,0,0,0,0,0},{0,0,0,0,0,0,0,0,0}}
]
15:41:40.672 [main] INFO sudoku.model.SudokuBoard - Wartość 0 wstawiona nieprawidłowo
15:41:40.672 [main] INFO sudoku.model.SudokuBoard - Bład w kwadracie 0
sudoku.model.SudokuBoard@2f14b0f6[
  size=9
  solver=sudoku.model.BacktrackingSudokuSolver@5b20706
  board={{3,6,1,2,8,9,7,5,4},{4,2,5,6,1,7,8,9,3},{7,8,9,3,5,4,1,2,6},{2,7,6,4,9,3,5,1,8},{8,4,3,5,7,1,9,6,2},{0,0,0,0,0,0,0,0,0},{0,0,0,0,0,0,0,0,0},{0,0,0,0,0,0,0,0,0},{0,0,0,0,0,0,0,0,0}}
]
15:41:40.672 [main] INFO sudoku.model.SudokuBoard - Wartość 0 wstawiona nieprawidłowo
15:41:40.672 [main] INFO sudoku.model.SudokuBoard - Bład w kwadracie 0
sudoku.model.SudokuBoard@2f14b0f6[
  size=9
  solver=sudoku.model.BacktrackingSudokuSolver@5b20706
  board={{3,6,1,2,8,9,7,5,4},{4,2,5,6,1,7,8,9,3},{7,8,9,3,5,4,1,2,6},{2,7,6,4,9,3,5,1,8},{8,4,3,5,7,1,9,6,2},{1,0,0,0,0,0,0,0,0},{0,0,0,0,0,0,0,0,0},{0,0,0,0,0,0,0,0,0},{0,0,0,0,0,0,0,0,0}}
]
15:41:40.672 [main] INFO sudoku.model.SudokuBoard - Wartość 0 wstawiona nieprawidłowo
15:41:40.672 [main] INFO sudoku.model.SudokuBoard - Bład w kwadracie 0
sudoku.model.SudokuBoard@2f14b0f6[
  size=9
  solver=sudoku.model.BacktrackingSudokuSolver@5b20706
  board={{3,6,1,2,8,9,7,5,4},{4,2,5,6,1,7,8,9,3},{7,8,9,3,5,4,1,2,6},{2,7,6,4,9,3,5,1,8},{8,4,3,5,7,1,9,6,2},{1,0,0,0,0,0,0,0,0},{0,0,0,0,0,0,0,0,0},{0,0,0,0,0,0,0,0,0},{0,0,0,0,0,0,0,0,0}}
]
15:41:40.673 [main] INFO sudoku.model.SudokuBoard - Wartość 0 wstawiona nieprawidłowo
15:41:40.673 [main] INFO sudoku.model.SudokuBoard - Bład w kwadracie 0
sudoku.model.SudokuBoard@2f14b0f6[
  size=9
  solver=sudoku.model.BacktrackingSudokuSolver@5b20706
  board={{3,6,1,2,8,9,7,5,4},{4,2,5,6,1,7,8,9,3},{7,8,9,3,5,4,1,2,6},{2,7,6,4,9,3,5,1,8},{8,4,3,5,7,1,9,6,2},{0,0,0,0,0,0,0,0,0},{0,0,0,0,0,0,0,0,0},{0,0,0,0,0,0,0,0,0},{0,0,0,0,0,0,0,0,0}}
]
15:41:40.673 [main] INFO sudoku.model.SudokuBoard - Wartość 0 wstawiona nieprawidłowo
15:41:40.673 [main] INFO sudoku.model.SudokuBoard - Bład w kwadracie 0
sudoku.model.SudokuBoard@2f14b0f6[
  size=9
  solver=sudoku.model.BacktrackingSudokuSolver@5b20706
  board={{3,6,1,2,8,9,7,5,4},{4,2,5,6,1,7,8,9,3},{7,8,9,3,5,4,1,2,6},{2,7,6,4,9,3,5,1,8},{8,4,3,5,7,1,9,6,2},{5,0,0,0,0,0,0,0,0},{0,0,0,0,0,0,0,0,0},{0,0,0,0,0,0,0,0,0},{0,0,0,0,0,0,0,0,0}}
]
15:41:40.673 [main] INFO sudoku.model.SudokuBoard - Wartość 0 wstawiona nieprawidłowo
15:41:40.673 [main] INFO sudoku.model.SudokuBoard - Bład w kwadracie 0
sudoku.model.SudokuBoard@2f14b0f6[
  size=9
  solver=sudoku.model.BacktrackingSudokuSolver@5b20706
  board={{3,6,1,2,8,9,7,5,4},{4,2,5,6,1,7,8,9,3},{7,8,9,3,5,4,1,2,6},{2,7,6,4,9,3,5,1,8},{8,4,3,5,7,1,9,6,2},{5,0,0,0,0,0,0,0,0},{0,0,0,0,0,0,0,0,0},{0,0,0,0,0,0,0,0,0},{0,0,0,0,0,0,0,0,0}}
]
15:41:40.673 [main] INFO sudoku.model.SudokuBoard - Wartość 0 wstawiona nieprawidłowo
15:41:40.673 [main] INFO sudoku.model.SudokuBoard - Bład w kwadracie 0
sudoku.model.SudokuBoard@2f14b0f6[
  size=9
  solver=sudoku.model.BacktrackingSudokuSolver@5b20706
  board={{3,6,1,2,8,9,7,5,4},{4,2,5,6,1,7,8,9,3},{7,8,9,3,5,4,1,2,6},{2,7,6,4,9,3,5,1,8},{8,4,3,5,7,1,9,6,2},{0,0,0,0,0,0,0,0,0},{0,0,0,0,0,0,0,0,0},{0,0,0,0,0,0,0,0,0},{0,0,0,0,0,0,0,0,0}}
]
15:41:40.673 [main] INFO sudoku.model.SudokuBoard - Wartość 0 wstawiona nieprawidłowo
15:41:40.673 [main] INFO sudoku.model.SudokuBoard - Bład w kwadracie 0
sudoku.model.SudokuBoard@2f14b0f6[
  size=9
  solver=sudoku.model.BacktrackingSudokuSolver@5b20706
  board={{3,6,1,2,8,9,7,5,4},{4,2,5,6,1,7,8,9,3},{7,8,9,3,5,4,1,2,6},{2,7,6,4,9,3,5,1,8},{8,4,3,5,7,1,9,6,0},{0,0,0,0,0,0,0,0,0},{0,0,0,0,0,0,0,0,0},{0,0,0,0,0,0,0,0,0},{0,0,0,0,0,0,0,0,0}}
]
15:41:40.673 [main] INFO sudoku.model.SudokuBoard - Wartość 0 wstawiona nieprawidłowo
15:41:40.673 [main] INFO sudoku.model.SudokuBoard - Bład w kwadracie 0
sudoku.model.SudokuBoard@2f14b0f6[
  size=9
  solver=sudoku.model.BacktrackingSudokuSolver@5b20706
  board={{3,6,1,2,8,9,7,5,4},{4,2,5,6,1,7,8,9,3},{7,8,9,3,5,4,1,2,6},{2,7,6,4,9,3,5,1,8},{8,4,3,5,7,1,9,0,0},{0,0,0,0,0,0,0,0,0},{0,0,0,0,0,0,0,0,0},{0,0,0,0,0,0,0,0,0},{0,0,0,0,0,0,0,0,0}}
]
15:41:40.673 [main] INFO sudoku.model.SudokuBoard - Wartość 0 wstawiona nieprawidłowo
15:41:40.673 [main] INFO sudoku.model.SudokuBoard - Bład w kwadracie 0
sudoku.model.SudokuBoard@2f14b0f6[
  size=9
  solver=sudoku.model.BacktrackingSudokuSolver@5b20706
  board={{3,6,1,2,8,9,7,5,4},{4,2,5,6,1,7,8,9,3},{7,8,9,3,5,4,1,2,6},{2,7,6,4,9,3,5,1,8},{8,4,3,5,7,1,0,0,0},{0,0,0,0,0,0,0,0,0},{0,0,0,0,0,0,0,0,0},{0,0,0,0,0,0,0,0,0},{0,0,0,0,0,0,0,0,0}}
]
15:41:40.673 [main] INFO sudoku.model.SudokuBoard - Wartość 0 wstawiona nieprawidłowo
15:41:40.673 [main] INFO sudoku.model.SudokuBoard - Bład w kwadracie 0
sudoku.model.SudokuBoard@2f14b0f6[
  size=9
  solver=sudoku.model.BacktrackingSudokuSolver@5b20706
  board={{3,6,1,2,8,9,7,5,4},{4,2,5,6,1,7,8,9,3},{7,8,9,3,5,4,1,2,6},{2,7,6,4,9,3,5,1,8},{8,4,3,5,7,1,2,6,9},{5,0,0,0,0,0,0,0,0},{0,0,0,0,0,0,0,0,0},{0,0,0,0,0,0,0,0,0},{0,0,0,0,0,0,0,0,0}}
]
15:41:40.673 [main] INFO sudoku.model.SudokuBoard - Wartość 0 wstawiona nieprawidłowo
15:41:40.673 [main] INFO sudoku.model.SudokuBoard - Bład w kwadracie 0
sudoku.model.SudokuBoard@2f14b0f6[
  size=9
  solver=sudoku.model.BacktrackingSudokuSolver@5b20706
  board={{3,6,1,2,8,9,7,5,4},{4,2,5,6,1,7,8,9,3},{7,8,9,3,5,4,1,2,6},{2,7,6,4,9,3,5,1,8},{8,4,3,5,7,1,2,6,9},{5,0,0,0,0,0,0,0,0},{0,0,0,0,0,0,0,0,0},{0,0,0,0,0,0,0,0,0},{0,0,0,0,0,0,0,0,0}}
]
15:41:40.673 [main] INFO sudoku.model.SudokuBoard - Wartość 0 wstawiona nieprawidłowo
15:41:40.673 [main] INFO sudoku.model.SudokuBoard - Bład w kwadracie 0
sudoku.model.SudokuBoard@2f14b0f6[
  size=9
  solver=sudoku.model.BacktrackingSudokuSolver@5b20706
  board={{3,6,1,2,8,9,7,5,4},{4,2,5,6,1,7,8,9,3},{7,8,9,3,5,4,1,2,6},{2,7,6,4,9,3,5,1,8},{8,4,3,5,7,1,2,6,9},{0,0,0,0,0,0,0,0,0},{0,0,0,0,0,0,0,0,0},{0,0,0,0,0,0,0,0,0},{0,0,0,0,0,0,0,0,0}}
]
15:41:40.673 [main] INFO sudoku.model.SudokuBoard - Wartość 0 wstawiona nieprawidłowo
15:41:40.673 [main] INFO sudoku.model.SudokuBoard - Bład w kwadracie 0
sudoku.model.SudokuBoard@2f14b0f6[
  size=9
  solver=sudoku.model.BacktrackingSudokuSolver@5b20706
  board={{3,6,1,2,8,9,7,5,4},{4,2,5,6,1,7,8,9,3},{7,8,9,3,5,4,1,2,6},{2,7,6,4,9,3,5,1,8},{8,4,3,5,7,1,2,6,9},{9,0,0,0,0,0,0,0,0},{0,0,0,0,0,0,0,0,0},{0,0,0,0,0,0,0,0,0},{0,0,0,0,0,0,0,0,0}}
]
15:41:40.674 [main] INFO sudoku.model.SudokuBoard - Wartość 0 wstawiona nieprawidłowo
15:41:40.674 [main] INFO sudoku.model.SudokuBoard - Bład w kwadracie 0
sudoku.model.SudokuBoard@2f14b0f6[
  size=9
  solver=sudoku.model.BacktrackingSudokuSolver@5b20706
  board={{3,6,1,2,8,9,7,5,4},{4,2,5,6,1,7,8,9,3},{7,8,9,3,5,4,1,2,6},{2,7,6,4,9,3,5,1,8},{8,4,3,5,7,1,2,6,9},{9,0,0,0,0,0,0,0,0},{0,0,0,0,0,0,0,0,0},{0,0,0,0,0,0,0,0,0},{0,0,0,0,0,0,0,0,0}}
]
15:41:40.674 [main] INFO sudoku.model.SudokuBoard - Wartość 0 wstawiona nieprawidłowo
15:41:40.674 [main] INFO sudoku.model.SudokuBoard - Bład w kwadracie 0
sudoku.model.SudokuBoard@2f14b0f6[
  size=9
  solver=sudoku.model.BacktrackingSudokuSolver@5b20706
  board={{3,6,1,2,8,9,7,5,4},{4,2,5,6,1,7,8,9,3},{7,8,9,3,5,4,1,2,6},{2,7,6,4,9,3,5,1,8},{8,4,3,5,7,1,2,6,9},{0,0,0,0,0,0,0,0,0},{0,0,0,0,0,0,0,0,0},{0,0,0,0,0,0,0,0,0},{0,0,0,0,0,0,0,0,0}}
]
15:41:40.674 [main] INFO sudoku.model.SudokuBoard - Wartość 0 wstawiona nieprawidłowo
15:41:40.674 [main] INFO sudoku.model.SudokuBoard - Bład w kwadracie 0
sudoku.model.SudokuBoard@2f14b0f6[
  size=9
  solver=sudoku.model.BacktrackingSudokuSolver@5b20706
  board={{3,6,1,2,8,9,7,5,4},{4,2,5,6,1,7,8,9,3},{7,8,9,3,5,4,1,2,6},{2,7,6,4,9,3,5,1,8},{8,4,3,5,7,1,2,6,9},{1,0,0,0,0,0,0,0,0},{0,0,0,0,0,0,0,0,0},{0,0,0,0,0,0,0,0,0},{0,0,0,0,0,0,0,0,0}}
]
15:41:40.674 [main] INFO sudoku.model.SudokuBoard - Wartość 0 wstawiona nieprawidłowo
15:41:40.674 [main] INFO sudoku.model.SudokuBoard - Bład w kwadracie 0
sudoku.model.SudokuBoard@2f14b0f6[
  size=9
  solver=sudoku.model.BacktrackingSudokuSolver@5b20706
  board={{3,6,1,2,8,9,7,5,4},{4,2,5,6,1,7,8,9,3},{7,8,9,3,5,4,1,2,6},{2,7,6,4,9,3,5,1,8},{8,4,3,5,7,1,2,6,9},{1,0,0,0,0,0,0,0,0},{0,0,0,0,0,0,0,0,0},{0,0,0,0,0,0,0,0,0},{0,0,0,0,0,0,0,0,0}}
]
15:41:40.674 [main] INFO sudoku.model.SudokuBoard - Wartość 0 wstawiona nieprawidłowo
15:41:40.674 [main] INFO sudoku.model.SudokuBoard - Bład w kwadracie 0
sudoku.model.SudokuBoard@2f14b0f6[
  size=9
  solver=sudoku.model.BacktrackingSudokuSolver@5b20706
  board={{3,6,1,2,8,9,7,5,4},{4,2,5,6,1,7,8,9,3},{7,8,9,3,5,4,1,2,6},{2,7,6,4,9,3,5,1,8},{8,4,3,5,7,1,2,6,9},{0,0,0,0,0,0,0,0,0},{0,0,0,0,0,0,0,0,0},{0,0,0,0,0,0,0,0,0},{0,0,0,0,0,0,0,0,0}}
]
15:41:40.674 [main] INFO sudoku.model.SudokuBoard - Wartość 0 wstawiona nieprawidłowo
15:41:40.674 [main] INFO sudoku.model.SudokuBoard - Bład w kwadracie 0
sudoku.model.SudokuBoard@2f14b0f6[
  size=9
  solver=sudoku.model.BacktrackingSudokuSolver@5b20706
  board={{3,6,1,2,8,9,7,5,4},{4,2,5,6,1,7,8,9,3},{7,8,9,3,5,4,1,2,6},{2,7,6,4,9,3,5,1,8},{8,4,3,5,7,1,2,6,0},{0,0,0,0,0,0,0,0,0},{0,0,0,0,0,0,0,0,0},{0,0,0,0,0,0,0,0,0},{0,0,0,0,0,0,0,0,0}}
]
15:41:40.674 [main] INFO sudoku.model.SudokuBoard - Wartość 0 wstawiona nieprawidłowo
15:41:40.674 [main] INFO sudoku.model.SudokuBoard - Bład w kwadracie 0
sudoku.model.SudokuBoard@2f14b0f6[
  size=9
  solver=sudoku.model.BacktrackingSudokuSolver@5b20706
  board={{3,6,1,2,8,9,7,5,4},{4,2,5,6,1,7,8,9,3},{7,8,9,3,5,4,1,2,6},{2,7,6,4,9,3,5,1,8},{8,4,3,5,7,1,2,0,0},{0,0,0,0,0,0,0,0,0},{0,0,0,0,0,0,0,0,0},{0,0,0,0,0,0,0,0,0},{0,0,0,0,0,0,0,0,0}}
]
15:41:40.674 [main] INFO sudoku.model.SudokuBoard - Wartość 0 wstawiona nieprawidłowo
15:41:40.674 [main] INFO sudoku.model.SudokuBoard - Bład w kwadracie 0
sudoku.model.SudokuBoard@2f14b0f6[
  size=9
  solver=sudoku.model.BacktrackingSudokuSolver@5b20706
  board={{3,6,1,2,8,9,7,5,4},{4,2,5,6,1,7,8,9,3},{7,8,9,3,5,4,1,2,6},{2,7,6,4,9,3,5,1,8},{8,4,3,5,7,1,0,0,0},{0,0,0,0,0,0,0,0,0},{0,0,0,0,0,0,0,0,0},{0,0,0,0,0,0,0,0,0},{0,0,0,0,0,0,0,0,0}}
]
15:41:40.674 [main] INFO sudoku.model.SudokuBoard - Wartość 0 wstawiona nieprawidłowo
15:41:40.674 [main] INFO sudoku.model.SudokuBoard - Bład w kwadracie 0
sudoku.model.SudokuBoard@2f14b0f6[
  size=9
  solver=sudoku.model.BacktrackingSudokuSolver@5b20706
  board={{3,6,1,2,8,9,7,5,4},{4,2,5,6,1,7,8,9,3},{7,8,9,3,5,4,1,2,6},{2,7,6,4,9,3,5,1,8},{8,4,3,5,7,1,0,0,0},{0,0,0,0,0,0,0,0,0},{0,0,0,0,0,0,0,0,0},{0,0,0,0,0,0,0,0,0},{0,0,0,0,0,0,0,0,0}}
]
15:41:40.674 [main] INFO sudoku.model.SudokuBoard - Wartość 0 wstawiona nieprawidłowo
15:41:40.674 [main] INFO sudoku.model.SudokuBoard - Bład w kwadracie 0
sudoku.model.SudokuBoard@2f14b0f6[
  size=9
  solver=sudoku.model.BacktrackingSudokuSolver@5b20706
  board={{3,6,1,2,8,9,7,5,4},{4,2,5,6,1,7,8,9,3},{7,8,9,3,5,4,1,2,6},{2,7,6,4,9,3,5,1,8},{8,4,3,5,7,0,0,0,0},{0,0,0,0,0,0,0,0,0},{0,0,0,0,0,0,0,0,0},{0,0,0,0,0,0,0,0,0},{0,0,0,0,0,0,0,0,0}}
]
15:41:40.674 [main] INFO sudoku.model.SudokuBoard - Wartość 0 wstawiona nieprawidłowo
15:41:40.675 [main] INFO sudoku.model.SudokuBoard - Bład w kwadracie 0
sudoku.model.SudokuBoard@2f14b0f6[
  size=9
  solver=sudoku.model.BacktrackingSudokuSolver@5b20706
  board={{3,6,1,2,8,9,7,5,4},{4,2,5,6,1,7,8,9,3},{7,8,9,3,5,4,1,2,6},{2,7,6,4,9,3,5,1,8},{8,4,3,5,7,2,0,0,0},{0,0,0,0,0,0,0,0,0},{0,0,0,0,0,0,0,0,0},{0,0,0,0,0,0,0,0,0},{0,0,0,0,0,0,0,0,0}}
]
15:41:40.675 [main] INFO sudoku.model.SudokuBoard - Wartość 0 wstawiona nieprawidłowo
15:41:40.675 [main] INFO sudoku.model.SudokuBoard - Bład w kwadracie 0
sudoku.model.SudokuBoard@2f14b0f6[
  size=9
  solver=sudoku.model.BacktrackingSudokuSolver@5b20706
  board={{3,6,1,2,8,9,7,5,4},{4,2,5,6,1,7,8,9,3},{7,8,9,3,5,4,1,2,6},{2,7,6,4,9,3,5,1,8},{8,4,3,5,7,2,9,0,0},{0,0,0,0,0,0,0,0,0},{0,0,0,0,0,0,0,0,0},{0,0,0,0,0,0,0,0,0},{0,0,0,0,0,0,0,0,0}}
]
15:41:40.675 [main] INFO sudoku.model.SudokuBoard - Wartość 0 wstawiona nieprawidłowo
15:41:40.675 [main] INFO sudoku.model.SudokuBoard - Bład w kwadracie 0
sudoku.model.SudokuBoard@2f14b0f6[
  size=9
  solver=sudoku.model.BacktrackingSudokuSolver@5b20706
  board={{3,6,1,2,8,9,7,5,4},{4,2,5,6,1,7,8,9,3},{7,8,9,3,5,4,1,2,6},{2,7,6,4,9,3,5,1,8},{8,4,3,5,7,2,0,0,0},{0,0,0,0,0,0,0,0,0},{0,0,0,0,0,0,0,0,0},{0,0,0,0,0,0,0,0,0},{0,0,0,0,0,0,0,0,0}}
]
15:41:40.675 [main] INFO sudoku.model.SudokuBoard - Wartość 0 wstawiona nieprawidłowo
15:41:40.675 [main] INFO sudoku.model.SudokuBoard - Bład w kwadracie 0
sudoku.model.SudokuBoard@2f14b0f6[
  size=9
  solver=sudoku.model.BacktrackingSudokuSolver@5b20706
  board={{3,6,1,2,8,9,7,5,4},{4,2,5,6,1,7,8,9,3},{7,8,9,3,5,4,1,2,6},{2,7,6,4,9,3,5,1,8},{8,4,3,5,7,0,0,0,0},{0,0,0,0,0,0,0,0,0},{0,0,0,0,0,0,0,0,0},{0,0,0,0,0,0,0,0,0},{0,0,0,0,0,0,0,0,0}}
]
15:41:40.675 [main] INFO sudoku.model.SudokuBoard - Wartość 0 wstawiona nieprawidłowo
15:41:40.675 [main] INFO sudoku.model.SudokuBoard - Bład w kwadracie 0
sudoku.model.SudokuBoard@2f14b0f6[
  size=9
  solver=sudoku.model.BacktrackingSudokuSolver@5b20706
  board={{3,6,1,2,8,9,7,5,4},{4,2,5,6,1,7,8,9,3},{7,8,9,3,5,4,1,2,6},{2,7,6,4,9,3,5,1,8},{8,4,3,5,7,6,0,0,0},{0,0,0,0,0,0,0,0,0},{0,0,0,0,0,0,0,0,0},{0,0,0,0,0,0,0,0,0},{0,0,0,0,0,0,0,0,0}}
]
15:41:40.675 [main] INFO sudoku.model.SudokuBoard - Wartość 0 wstawiona nieprawidłowo
15:41:40.675 [main] INFO sudoku.model.SudokuBoard - Bład w kwadracie 0
sudoku.model.SudokuBoard@2f14b0f6[
  size=9
  solver=sudoku.model.BacktrackingSudokuSolver@5b20706
  board={{3,6,1,2,8,9,7,5,4},{4,2,5,6,1,7,8,9,3},{7,8,9,3,5,4,1,2,6},{2,7,6,4,9,3,5,1,8},{8,4,3,5,7,6,0,0,0},{0,0,0,0,0,0,0,0,0},{0,0,0,0,0,0,0,0,0},{0,0,0,0,0,0,0,0,0},{0,0,0,0,0,0,0,0,0}}
]
15:41:40.675 [main] INFO sudoku.model.SudokuBoard - Wartość 0 wstawiona nieprawidłowo
15:41:40.675 [main] INFO sudoku.model.SudokuBoard - Bład w kwadracie 0
sudoku.model.SudokuBoard@2f14b0f6[
  size=9
  solver=sudoku.model.BacktrackingSudokuSolver@5b20706
  board={{3,6,1,2,8,9,7,5,4},{4,2,5,6,1,7,8,9,3},{7,8,9,3,5,4,1,2,6},{2,7,6,4,9,3,5,1,8},{8,4,3,5,7,0,0,0,0},{0,0,0,0,0,0,0,0,0},{0,0,0,0,0,0,0,0,0},{0,0,0,0,0,0,0,0,0},{0,0,0,0,0,0,0,0,0}}
]
15:41:40.675 [main] INFO sudoku.model.SudokuBoard - Wartość 0 wstawiona nieprawidłowo
15:41:40.675 [main] INFO sudoku.model.SudokuBoard - Bład w kwadracie 0
sudoku.model.SudokuBoard@2f14b0f6[
  size=9
  solver=sudoku.model.BacktrackingSudokuSolver@5b20706
  board={{3,6,1,2,8,9,7,5,4},{4,2,5,6,1,7,8,9,3},{7,8,9,3,5,4,1,2,6},{2,7,6,4,9,3,5,1,8},{8,4,3,5,0,0,0,0,0},{0,0,0,0,0,0,0,0,0},{0,0,0,0,0,0,0,0,0},{0,0,0,0,0,0,0,0,0},{0,0,0,0,0,0,0,0,0}}
]
15:41:40.675 [main] INFO sudoku.model.SudokuBoard - Wartość 0 wstawiona nieprawidłowo
15:41:40.675 [main] INFO sudoku.model.SudokuBoard - Bład w kwadracie 0
sudoku.model.SudokuBoard@2f14b0f6[
  size=9
  solver=sudoku.model.BacktrackingSudokuSolver@5b20706
  board={{3,6,1,2,8,9,7,5,4},{4,2,5,6,1,7,8,9,3},{7,8,9,3,5,4,1,2,6},{2,7,6,4,9,3,5,1,8},{8,4,3,5,2,6,9,0,0},{0,0,0,0,0,0,0,0,0},{0,0,0,0,0,0,0,0,0},{0,0,0,0,0,0,0,0,0},{0,0,0,0,0,0,0,0,0}}
]
15:41:40.675 [main] INFO sudoku.model.SudokuBoard - Wartość 0 wstawiona nieprawidłowo
15:41:40.675 [main] INFO sudoku.model.SudokuBoard - Bład w kwadracie 0
sudoku.model.SudokuBoard@2f14b0f6[
  size=9
  solver=sudoku.model.BacktrackingSudokuSolver@5b20706
  board={{3,6,1,2,8,9,7,5,4},{4,2,5,6,1,7,8,9,3},{7,8,9,3,5,4,1,2,6},{2,7,6,4,9,3,5,1,8},{8,4,3,5,2,6,0,0,0},{0,0,0,0,0,0,0,0,0},{0,0,0,0,0,0,0,0,0},{0,0,0,0,0,0,0,0,0},{0,0,0,0,0,0,0,0,0}}
]
15:41:40.675 [main] INFO sudoku.model.SudokuBoard - Wartość 0 wstawiona nieprawidłowo
15:41:40.675 [main] INFO sudoku.model.SudokuBoard - Bład w kwadracie 0
sudoku.model.SudokuBoard@2f14b0f6[
  size=9
  solver=sudoku.model.BacktrackingSudokuSolver@5b20706
  board={{3,6,1,2,8,9,7,5,4},{4,2,5,6,1,7,8,9,3},{7,8,9,3,5,4,1,2,6},{2,7,6,4,9,3,5,1,8},{8,4,3,5,2,0,0,0,0},{0,0,0,0,0,0,0,0,0},{0,0,0,0,0,0,0,0,0},{0,0,0,0,0,0,0,0,0},{0,0,0,0,0,0,0,0,0}}
]
15:41:40.676 [main] INFO sudoku.model.SudokuBoard - Wartość 0 wstawiona nieprawidłowo
15:41:40.676 [main] INFO sudoku.model.SudokuBoard - Bład w kwadracie 0
sudoku.model.SudokuBoard@2f14b0f6[
  size=9
  solver=sudoku.model.BacktrackingSudokuSolver@5b20706
  board={{3,6,1,2,8,9,7,5,4},{4,2,5,6,1,7,8,9,3},{7,8,9,3,5,4,1,2,6},{2,7,6,4,9,3,5,1,8},{8,4,3,5,2,1,6,7,9},{9,0,0,0,0,0,0,0,0},{0,0,0,0,0,0,0,0,0},{0,0,0,0,0,0,0,0,0},{0,0,0,0,0,0,0,0,0}}
]
15:41:40.676 [main] INFO sudoku.model.SudokuBoard - Wartość 0 wstawiona nieprawidłowo
15:41:40.677 [main] INFO sudoku.model.SudokuBoard - Bład w kwadracie 0
sudoku.model.SudokuBoard@2f14b0f6[
  size=9
  solver=sudoku.model.BacktrackingSudokuSolver@5b20706
  board={{3,6,1,2,8,9,7,5,4},{4,2,5,6,1,7,8,9,3},{7,8,9,3,5,4,1,2,6},{2,7,6,4,9,3,5,1,8},{8,4,3,5,2,1,6,7,9},{9,0,0,0,0,0,0,0,0},{0,0,0,0,0,0,0,0,0},{0,0,0,0,0,0,0,0,0},{0,0,0,0,0,0,0,0,0}}
]
15:41:40.677 [main] INFO sudoku.model.SudokuBoard - Wartość 0 wstawiona nieprawidłowo
15:41:40.677 [main] INFO sudoku.model.SudokuBoard - Bład w kwadracie 0
sudoku.model.SudokuBoard@2f14b0f6[
  size=9
  solver=sudoku.model.BacktrackingSudokuSolver@5b20706
  board={{3,6,1,2,8,9,7,5,4},{4,2,5,6,1,7,8,9,3},{7,8,9,3,5,4,1,2,6},{2,7,6,4,9,3,5,1,8},{8,4,3,5,2,1,6,7,9},{0,0,0,0,0,0,0,0,0},{0,0,0,0,0,0,0,0,0},{0,0,0,0,0,0,0,0,0},{0,0,0,0,0,0,0,0,0}}
]
15:41:40.677 [main] INFO sudoku.model.SudokuBoard - Wartość 0 wstawiona nieprawidłowo
15:41:40.677 [main] INFO sudoku.model.SudokuBoard - Bład w kwadracie 0
sudoku.model.SudokuBoard@2f14b0f6[
  size=9
  solver=sudoku.model.BacktrackingSudokuSolver@5b20706
  board={{3,6,1,2,8,9,7,5,4},{4,2,5,6,1,7,8,9,3},{7,8,9,3,5,4,1,2,6},{2,7,6,4,9,3,5,1,8},{8,4,3,5,2,1,6,7,9},{1,0,0,0,0,0,0,0,0},{0,0,0,0,0,0,0,0,0},{0,0,0,0,0,0,0,0,0},{0,0,0,0,0,0,0,0,0}}
]
15:41:40.677 [main] INFO sudoku.model.SudokuBoard - Wartość 0 wstawiona nieprawidłowo
15:41:40.677 [main] INFO sudoku.model.SudokuBoard - Bład w kwadracie 0
sudoku.model.SudokuBoard@2f14b0f6[
  size=9
  solver=sudoku.model.BacktrackingSudokuSolver@5b20706
  board={{3,6,1,2,8,9,7,5,4},{4,2,5,6,1,7,8,9,3},{7,8,9,3,5,4,1,2,6},{2,7,6,4,9,3,5,1,8},{8,4,3,5,2,1,6,7,9},{1,0,0,0,0,0,0,0,0},{0,0,0,0,0,0,0,0,0},{0,0,0,0,0,0,0,0,0},{0,0,0,0,0,0,0,0,0}}
]
15:41:40.677 [main] INFO sudoku.model.SudokuBoard - Wartość 0 wstawiona nieprawidłowo
15:41:40.677 [main] INFO sudoku.model.SudokuBoard - Bład w kwadracie 0
sudoku.model.SudokuBoard@2f14b0f6[
  size=9
  solver=sudoku.model.BacktrackingSudokuSolver@5b20706
  board={{3,6,1,2,8,9,7,5,4},{4,2,5,6,1,7,8,9,3},{7,8,9,3,5,4,1,2,6},{2,7,6,4,9,3,5,1,8},{8,4,3,5,2,1,6,7,9},{0,0,0,0,0,0,0,0,0},{0,0,0,0,0,0,0,0,0},{0,0,0,0,0,0,0,0,0},{0,0,0,0,0,0,0,0,0}}
]
15:41:40.677 [main] INFO sudoku.model.SudokuBoard - Wartość 0 wstawiona nieprawidłowo
15:41:40.678 [main] INFO sudoku.model.SudokuBoard - Bład w kwadracie 0
sudoku.model.SudokuBoard@2f14b0f6[
  size=9
  solver=sudoku.model.BacktrackingSudokuSolver@5b20706
  board={{3,6,1,2,8,9,7,5,4},{4,2,5,6,1,7,8,9,3},{7,8,9,3,5,4,1,2,6},{2,7,6,4,9,3,5,1,8},{8,4,3,5,2,1,6,7,9},{5,0,0,0,0,0,0,0,0},{0,0,0,0,0,0,0,0,0},{0,0,0,0,0,0,0,0,0},{0,0,0,0,0,0,0,0,0}}
]
15:41:40.678 [main] INFO sudoku.model.SudokuBoard - Wartość 0 wstawiona nieprawidłowo
15:41:40.678 [main] INFO sudoku.model.SudokuBoard - Bład w kwadracie 0
sudoku.model.SudokuBoard@2f14b0f6[
  size=9
  solver=sudoku.model.BacktrackingSudokuSolver@5b20706
  board={{3,6,1,2,8,9,7,5,4},{4,2,5,6,1,7,8,9,3},{7,8,9,3,5,4,1,2,6},{2,7,6,4,9,3,5,1,8},{8,4,3,5,2,1,6,7,9},{5,0,0,0,0,0,0,0,0},{0,0,0,0,0,0,0,0,0},{0,0,0,0,0,0,0,0,0},{0,0,0,0,0,0,0,0,0}}
]
15:41:40.678 [main] INFO sudoku.model.SudokuBoard - Wartość 0 wstawiona nieprawidłowo
15:41:40.678 [main] INFO sudoku.model.SudokuBoard - Bład w kwadracie 0
sudoku.model.SudokuBoard@2f14b0f6[
  size=9
  solver=sudoku.model.BacktrackingSudokuSolver@5b20706
  board={{3,6,1,2,8,9,7,5,4},{4,2,5,6,1,7,8,9,3},{7,8,9,3,5,4,1,2,6},{2,7,6,4,9,3,5,1,8},{8,4,3,5,2,1,6,7,9},{0,0,0,0,0,0,0,0,0},{0,0,0,0,0,0,0,0,0},{0,0,0,0,0,0,0,0,0},{0,0,0,0,0,0,0,0,0}}
]
15:41:40.678 [main] INFO sudoku.model.SudokuBoard - Wartość 0 wstawiona nieprawidłowo
15:41:40.678 [main] INFO sudoku.model.SudokuBoard - Bład w kwadracie 0
sudoku.model.SudokuBoard@2f14b0f6[
  size=9
  solver=sudoku.model.BacktrackingSudokuSolver@5b20706
  board={{3,6,1,2,8,9,7,5,4},{4,2,5,6,1,7,8,9,3},{7,8,9,3,5,4,1,2,6},{2,7,6,4,9,3,5,1,8},{8,4,3,5,2,1,6,7,0},{0,0,0,0,0,0,0,0,0},{0,0,0,0,0,0,0,0,0},{0,0,0,0,0,0,0,0,0},{0,0,0,0,0,0,0,0,0}}
]
15:41:40.678 [main] INFO sudoku.model.SudokuBoard - Wartość 0 wstawiona nieprawidłowo
15:41:40.678 [main] INFO sudoku.model.SudokuBoard - Bład w kwadracie 0
sudoku.model.SudokuBoard@2f14b0f6[
  size=9
  solver=sudoku.model.BacktrackingSudokuSolver@5b20706
  board={{3,6,1,2,8,9,7,5,4},{4,2,5,6,1,7,8,9,3},{7,8,9,3,5,4,1,2,6},{2,7,6,4,9,3,5,1,8},{8,4,3,5,2,1,6,0,0},{0,0,0,0,0,0,0,0,0},{0,0,0,0,0,0,0,0,0},{0,0,0,0,0,0,0,0,0},{0,0,0,0,0,0,0,0,0}}
]
15:41:40.678 [main] INFO sudoku.model.SudokuBoard - Wartość 0 wstawiona nieprawidłowo
15:41:40.678 [main] INFO sudoku.model.SudokuBoard - Bład w kwadracie 0
sudoku.model.SudokuBoard@2f14b0f6[
  size=9
  solver=sudoku.model.BacktrackingSudokuSolver@5b20706
  board={{3,6,1,2,8,9,7,5,4},{4,2,5,6,1,7,8,9,3},{7,8,9,3,5,4,1,2,6},{2,7,6,4,9,3,5,1,8},{8,4,3,5,2,1,0,0,0},{0,0,0,0,0,0,0,0,0},{0,0,0,0,0,0,0,0,0},{0,0,0,0,0,0,0,0,0},{0,0,0,0,0,0,0,0,0}}
]
15:41:40.678 [main] INFO sudoku.model.SudokuBoard - Wartość 0 wstawiona nieprawidłowo
15:41:40.678 [main] INFO sudoku.model.SudokuBoard - Bład w kwadracie 0
sudoku.model.SudokuBoard@2f14b0f6[
  size=9
  solver=sudoku.model.BacktrackingSudokuSolver@5b20706
  board={{3,6,1,2,8,9,7,5,4},{4,2,5,6,1,7,8,9,3},{7,8,9,3,5,4,1,2,6},{2,7,6,4,9,3,5,1,8},{8,4,3,5,2,1,9,6,7},{5,0,0,0,0,0,0,0,0},{0,0,0,0,0,0,0,0,0},{0,0,0,0,0,0,0,0,0},{0,0,0,0,0,0,0,0,0}}
]
15:41:40.678 [main] INFO sudoku.model.SudokuBoard - Wartość 0 wstawiona nieprawidłowo
15:41:40.678 [main] INFO sudoku.model.SudokuBoard - Bład w kwadracie 0
sudoku.model.SudokuBoard@2f14b0f6[
  size=9
  solver=sudoku.model.BacktrackingSudokuSolver@5b20706
  board={{3,6,1,2,8,9,7,5,4},{4,2,5,6,1,7,8,9,3},{7,8,9,3,5,4,1,2,6},{2,7,6,4,9,3,5,1,8},{8,4,3,5,2,1,9,6,7},{5,0,0,0,0,0,0,0,0},{0,0,0,0,0,0,0,0,0},{0,0,0,0,0,0,0,0,0},{0,0,0,0,0,0,0,0,0}}
]
15:41:40.678 [main] INFO sudoku.model.SudokuBoard - Wartość 0 wstawiona nieprawidłowo
15:41:40.678 [main] INFO sudoku.model.SudokuBoard - Bład w kwadracie 0
sudoku.model.SudokuBoard@2f14b0f6[
  size=9
  solver=sudoku.model.BacktrackingSudokuSolver@5b20706
  board={{3,6,1,2,8,9,7,5,4},{4,2,5,6,1,7,8,9,3},{7,8,9,3,5,4,1,2,6},{2,7,6,4,9,3,5,1,8},{8,4,3,5,2,1,9,6,7},{0,0,0,0,0,0,0,0,0},{0,0,0,0,0,0,0,0,0},{0,0,0,0,0,0,0,0,0},{0,0,0,0,0,0,0,0,0}}
]
15:41:40.678 [main] INFO sudoku.model.SudokuBoard - Wartość 0 wstawiona nieprawidłowo
15:41:40.678 [main] INFO sudoku.model.SudokuBoard - Bład w kwadracie 0
sudoku.model.SudokuBoard@2f14b0f6[
  size=9
  solver=sudoku.model.BacktrackingSudokuSolver@5b20706
  board={{3,6,1,2,8,9,7,5,4},{4,2,5,6,1,7,8,9,3},{7,8,9,3,5,4,1,2,6},{2,7,6,4,9,3,5,1,8},{8,4,3,5,2,1,9,6,7},{9,0,0,0,0,0,0,0,0},{0,0,0,0,0,0,0,0,0},{0,0,0,0,0,0,0,0,0},{0,0,0,0,0,0,0,0,0}}
]
15:41:40.678 [main] INFO sudoku.model.SudokuBoard - Wartość 0 wstawiona nieprawidłowo
15:41:40.678 [main] INFO sudoku.model.SudokuBoard - Bład w kwadracie 0
sudoku.model.SudokuBoard@2f14b0f6[
  size=9
  solver=sudoku.model.BacktrackingSudokuSolver@5b20706
  board={{3,6,1,2,8,9,7,5,4},{4,2,5,6,1,7,8,9,3},{7,8,9,3,5,4,1,2,6},{2,7,6,4,9,3,5,1,8},{8,4,3,5,2,1,9,6,7},{9,0,0,0,0,0,0,0,0},{0,0,0,0,0,0,0,0,0},{0,0,0,0,0,0,0,0,0},{0,0,0,0,0,0,0,0,0}}
]
15:41:40.678 [main] INFO sudoku.model.SudokuBoard - Wartość 0 wstawiona nieprawidłowo
15:41:40.679 [main] INFO sudoku.model.SudokuBoard - Bład w kwadracie 0
sudoku.model.SudokuBoard@2f14b0f6[
  size=9
  solver=sudoku.model.BacktrackingSudokuSolver@5b20706
  board={{3,6,1,2,8,9,7,5,4},{4,2,5,6,1,7,8,9,3},{7,8,9,3,5,4,1,2,6},{2,7,6,4,9,3,5,1,8},{8,4,3,5,2,1,9,6,7},{0,0,0,0,0,0,0,0,0},{0,0,0,0,0,0,0,0,0},{0,0,0,0,0,0,0,0,0},{0,0,0,0,0,0,0,0,0}}
]
15:41:40.679 [main] INFO sudoku.model.SudokuBoard - Wartość 0 wstawiona nieprawidłowo
15:41:40.679 [main] INFO sudoku.model.SudokuBoard - Bład w kwadracie 0
sudoku.model.SudokuBoard@2f14b0f6[
  size=9
  solver=sudoku.model.BacktrackingSudokuSolver@5b20706
  board={{3,6,1,2,8,9,7,5,4},{4,2,5,6,1,7,8,9,3},{7,8,9,3,5,4,1,2,6},{2,7,6,4,9,3,5,1,8},{8,4,3,5,2,1,9,6,7},{1,0,0,0,0,0,0,0,0},{0,0,0,0,0,0,0,0,0},{0,0,0,0,0,0,0,0,0},{0,0,0,0,0,0,0,0,0}}
]
15:41:40.679 [main] INFO sudoku.model.SudokuBoard - Wartość 0 wstawiona nieprawidłowo
15:41:40.679 [main] INFO sudoku.model.SudokuBoard - Bład w kwadracie 0
sudoku.model.SudokuBoard@2f14b0f6[
  size=9
  solver=sudoku.model.BacktrackingSudokuSolver@5b20706
  board={{3,6,1,2,8,9,7,5,4},{4,2,5,6,1,7,8,9,3},{7,8,9,3,5,4,1,2,6},{2,7,6,4,9,3,5,1,8},{8,4,3,5,2,1,9,6,7},{1,0,0,0,0,0,0,0,0},{0,0,0,0,0,0,0,0,0},{0,0,0,0,0,0,0,0,0},{0,0,0,0,0,0,0,0,0}}
]
15:41:40.679 [main] INFO sudoku.model.SudokuBoard - Wartość 0 wstawiona nieprawidłowo
15:41:40.680 [main] INFO sudoku.model.SudokuBoard - Bład w kwadracie 0
sudoku.model.SudokuBoard@2f14b0f6[
  size=9
  solver=sudoku.model.BacktrackingSudokuSolver@5b20706
  board={{3,6,1,2,8,9,7,5,4},{4,2,5,6,1,7,8,9,3},{7,8,9,3,5,4,1,2,6},{2,7,6,4,9,3,5,1,8},{8,4,3,5,2,1,9,6,7},{0,0,0,0,0,0,0,0,0},{0,0,0,0,0,0,0,0,0},{0,0,0,0,0,0,0,0,0},{0,0,0,0,0,0,0,0,0}}
]
15:41:40.680 [main] INFO sudoku.model.SudokuBoard - Wartość 0 wstawiona nieprawidłowo
15:41:40.680 [main] INFO sudoku.model.SudokuBoard - Bład w kwadracie 0
sudoku.model.SudokuBoard@2f14b0f6[
  size=9
  solver=sudoku.model.BacktrackingSudokuSolver@5b20706
  board={{3,6,1,2,8,9,7,5,4},{4,2,5,6,1,7,8,9,3},{7,8,9,3,5,4,1,2,6},{2,7,6,4,9,3,5,1,8},{8,4,3,5,2,1,9,6,0},{0,0,0,0,0,0,0,0,0},{0,0,0,0,0,0,0,0,0},{0,0,0,0,0,0,0,0,0},{0,0,0,0,0,0,0,0,0}}
]
15:41:40.680 [main] INFO sudoku.model.SudokuBoard - Wartość 0 wstawiona nieprawidłowo
15:41:40.680 [main] INFO sudoku.model.SudokuBoard - Bład w kwadracie 0
sudoku.model.SudokuBoard@2f14b0f6[
  size=9
  solver=sudoku.model.BacktrackingSudokuSolver@5b20706
  board={{3,6,1,2,8,9,7,5,4},{4,2,5,6,1,7,8,9,3},{7,8,9,3,5,4,1,2,6},{2,7,6,4,9,3,5,1,8},{8,4,3,5,2,1,9,0,0},{0,0,0,0,0,0,0,0,0},{0,0,0,0,0,0,0,0,0},{0,0,0,0,0,0,0,0,0},{0,0,0,0,0,0,0,0,0}}
]
15:41:40.680 [main] INFO sudoku.model.SudokuBoard - Wartość 0 wstawiona nieprawidłowo
15:41:40.680 [main] INFO sudoku.model.SudokuBoard - Bład w kwadracie 0
sudoku.model.SudokuBoard@2f14b0f6[
  size=9
  solver=sudoku.model.BacktrackingSudokuSolver@5b20706
  board={{3,6,1,2,8,9,7,5,4},{4,2,5,6,1,7,8,9,3},{7,8,9,3,5,4,1,2,6},{2,7,6,4,9,3,5,1,8},{8,4,3,5,2,1,9,0,0},{0,0,0,0,0,0,0,0,0},{0,0,0,0,0,0,0,0,0},{0,0,0,0,0,0,0,0,0},{0,0,0,0,0,0,0,0,0}}
]
15:41:40.680 [main] INFO sudoku.model.SudokuBoard - Wartość 0 wstawiona nieprawidłowo
15:41:40.680 [main] INFO sudoku.model.SudokuBoard - Bład w kwadracie 0
sudoku.model.SudokuBoard@2f14b0f6[
  size=9
  solver=sudoku.model.BacktrackingSudokuSolver@5b20706
  board={{3,6,1,2,8,9,7,5,4},{4,2,5,6,1,7,8,9,3},{7,8,9,3,5,4,1,2,6},{2,7,6,4,9,3,5,1,8},{8,4,3,5,2,1,0,0,0},{0,0,0,0,0,0,0,0,0},{0,0,0,0,0,0,0,0,0},{0,0,0,0,0,0,0,0,0},{0,0,0,0,0,0,0,0,0}}
]
15:41:40.680 [main] INFO sudoku.model.SudokuBoard - Wartość 0 wstawiona nieprawidłowo
15:41:40.680 [main] INFO sudoku.model.SudokuBoard - Bład w kwadracie 0
sudoku.model.SudokuBoard@2f14b0f6[
  size=9
  solver=sudoku.model.BacktrackingSudokuSolver@5b20706
  board={{3,6,1,2,8,9,7,5,4},{4,2,5,6,1,7,8,9,3},{7,8,9,3,5,4,1,2,6},{2,7,6,4,9,3,5,1,8},{8,4,3,5,2,0,0,0,0},{0,0,0,0,0,0,0,0,0},{0,0,0,0,0,0,0,0,0},{0,0,0,0,0,0,0,0,0},{0,0,0,0,0,0,0,0,0}}
]
15:41:40.680 [main] INFO sudoku.model.SudokuBoard - Wartość 0 wstawiona nieprawidłowo
15:41:40.680 [main] INFO sudoku.model.SudokuBoard - Bład w kwadracie 0
sudoku.model.SudokuBoard@2f14b0f6[
  size=9
  solver=sudoku.model.BacktrackingSudokuSolver@5b20706
  board={{3,6,1,2,8,9,7,5,4},{4,2,5,6,1,7,8,9,3},{7,8,9,3,5,4,1,2,6},{2,7,6,4,9,3,5,1,8},{8,4,3,5,0,0,0,0,0},{0,0,0,0,0,0,0,0,0},{0,0,0,0,0,0,0,0,0},{0,0,0,0,0,0,0,0,0},{0,0,0,0,0,0,0,0,0}}
]
15:41:40.680 [main] INFO sudoku.model.SudokuBoard - Wartość 0 wstawiona nieprawidłowo
15:41:40.680 [main] INFO sudoku.model.SudokuBoard - Bład w kwadracie 0
sudoku.model.SudokuBoard@2f14b0f6[
  size=9
  solver=sudoku.model.BacktrackingSudokuSolver@5b20706
  board={{3,6,1,2,8,9,7,5,4},{4,2,5,6,1,7,8,9,3},{7,8,9,3,5,4,1,2,6},{2,7,6,4,9,3,5,1,8},{8,4,3,5,6,1,9,7,2},{9,0,0,0,0,0,0,0,0},{0,0,0,0,0,0,0,0,0},{0,0,0,0,0,0,0,0,0},{0,0,0,0,0,0,0,0,0}}
]
15:41:40.680 [main] INFO sudoku.model.SudokuBoard - Wartość 0 wstawiona nieprawidłowo
15:41:40.680 [main] INFO sudoku.model.SudokuBoard - Bład w kwadracie 0
sudoku.model.SudokuBoard@2f14b0f6[
  size=9
  solver=sudoku.model.BacktrackingSudokuSolver@5b20706
  board={{3,6,1,2,8,9,7,5,4},{4,2,5,6,1,7,8,9,3},{7,8,9,3,5,4,1,2,6},{2,7,6,4,9,3,5,1,8},{8,4,3,5,6,1,9,7,2},{9,0,0,0,0,0,0,0,0},{0,0,0,0,0,0,0,0,0},{0,0,0,0,0,0,0,0,0},{0,0,0,0,0,0,0,0,0}}
]
15:41:40.680 [main] INFO sudoku.model.SudokuBoard - Wartość 0 wstawiona nieprawidłowo
15:41:40.680 [main] INFO sudoku.model.SudokuBoard - Bład w kwadracie 0
sudoku.model.SudokuBoard@2f14b0f6[
  size=9
  solver=sudoku.model.BacktrackingSudokuSolver@5b20706
  board={{3,6,1,2,8,9,7,5,4},{4,2,5,6,1,7,8,9,3},{7,8,9,3,5,4,1,2,6},{2,7,6,4,9,3,5,1,8},{8,4,3,5,6,1,9,7,2},{0,0,0,0,0,0,0,0,0},{0,0,0,0,0,0,0,0,0},{0,0,0,0,0,0,0,0,0},{0,0,0,0,0,0,0,0,0}}
]
15:41:40.680 [main] INFO sudoku.model.SudokuBoard - Wartość 0 wstawiona nieprawidłowo
15:41:40.681 [main] INFO sudoku.model.SudokuBoard - Bład w kwadracie 0
sudoku.model.SudokuBoard@2f14b0f6[
  size=9
  solver=sudoku.model.BacktrackingSudokuSolver@5b20706
  board={{3,6,1,2,8,9,7,5,4},{4,2,5,6,1,7,8,9,3},{7,8,9,3,5,4,1,2,6},{2,7,6,4,9,3,5,1,8},{8,4,3,5,6,1,9,7,2},{1,0,0,0,0,0,0,0,0},{0,0,0,0,0,0,0,0,0},{0,0,0,0,0,0,0,0,0},{0,0,0,0,0,0,0,0,0}}
]
15:41:40.681 [main] INFO sudoku.model.SudokuBoard - Wartość 0 wstawiona nieprawidłowo
15:41:40.681 [main] INFO sudoku.model.SudokuBoard - Bład w kwadracie 0
sudoku.model.SudokuBoard@2f14b0f6[
  size=9
  solver=sudoku.model.BacktrackingSudokuSolver@5b20706
  board={{3,6,1,2,8,9,7,5,4},{4,2,5,6,1,7,8,9,3},{7,8,9,3,5,4,1,2,6},{2,7,6,4,9,3,5,1,8},{8,4,3,5,6,1,9,7,2},{1,0,0,0,0,0,0,0,0},{0,0,0,0,0,0,0,0,0},{0,0,0,0,0,0,0,0,0},{0,0,0,0,0,0,0,0,0}}
]
15:41:40.681 [main] INFO sudoku.model.SudokuBoard - Wartość 0 wstawiona nieprawidłowo
15:41:40.681 [main] INFO sudoku.model.SudokuBoard - Bład w kwadracie 0
sudoku.model.SudokuBoard@2f14b0f6[
  size=9
  solver=sudoku.model.BacktrackingSudokuSolver@5b20706
  board={{3,6,1,2,8,9,7,5,4},{4,2,5,6,1,7,8,9,3},{7,8,9,3,5,4,1,2,6},{2,7,6,4,9,3,5,1,8},{8,4,3,5,6,1,9,7,2},{0,0,0,0,0,0,0,0,0},{0,0,0,0,0,0,0,0,0},{0,0,0,0,0,0,0,0,0},{0,0,0,0,0,0,0,0,0}}
]
15:41:40.681 [main] INFO sudoku.model.SudokuBoard - Wartość 0 wstawiona nieprawidłowo
15:41:40.681 [main] INFO sudoku.model.SudokuBoard - Bład w kwadracie 0
sudoku.model.SudokuBoard@2f14b0f6[
  size=9
  solver=sudoku.model.BacktrackingSudokuSolver@5b20706
  board={{3,6,1,2,8,9,7,5,4},{4,2,5,6,1,7,8,9,3},{7,8,9,3,5,4,1,2,6},{2,7,6,4,9,3,5,1,8},{8,4,3,5,6,1,9,7,2},{5,0,0,0,0,0,0,0,0},{0,0,0,0,0,0,0,0,0},{0,0,0,0,0,0,0,0,0},{0,0,0,0,0,0,0,0,0}}
]
15:41:40.681 [main] INFO sudoku.model.SudokuBoard - Wartość 0 wstawiona nieprawidłowo
15:41:40.681 [main] INFO sudoku.model.SudokuBoard - Bład w kwadracie 0
sudoku.model.SudokuBoard@2f14b0f6[
  size=9
  solver=sudoku.model.BacktrackingSudokuSolver@5b20706
  board={{3,6,1,2,8,9,7,5,4},{4,2,5,6,1,7,8,9,3},{7,8,9,3,5,4,1,2,6},{2,7,6,4,9,3,5,1,8},{8,4,3,5,6,1,9,7,2},{5,0,0,0,0,0,0,0,0},{0,0,0,0,0,0,0,0,0},{0,0,0,0,0,0,0,0,0},{0,0,0,0,0,0,0,0,0}}
]
15:41:40.681 [main] INFO sudoku.model.SudokuBoard - Wartość 0 wstawiona nieprawidłowo
15:41:40.681 [main] INFO sudoku.model.SudokuBoard - Bład w kwadracie 0
sudoku.model.SudokuBoard@2f14b0f6[
  size=9
  solver=sudoku.model.BacktrackingSudokuSolver@5b20706
  board={{3,6,1,2,8,9,7,5,4},{4,2,5,6,1,7,8,9,3},{7,8,9,3,5,4,1,2,6},{2,7,6,4,9,3,5,1,8},{8,4,3,5,6,1,9,7,2},{0,0,0,0,0,0,0,0,0},{0,0,0,0,0,0,0,0,0},{0,0,0,0,0,0,0,0,0},{0,0,0,0,0,0,0,0,0}}
]
15:41:40.681 [main] INFO sudoku.model.SudokuBoard - Wartość 0 wstawiona nieprawidłowo
15:41:40.681 [main] INFO sudoku.model.SudokuBoard - Bład w kwadracie 0
sudoku.model.SudokuBoard@2f14b0f6[
  size=9
  solver=sudoku.model.BacktrackingSudokuSolver@5b20706
  board={{3,6,1,2,8,9,7,5,4},{4,2,5,6,1,7,8,9,3},{7,8,9,3,5,4,1,2,6},{2,7,6,4,9,3,5,1,8},{8,4,3,5,6,1,9,7,0},{0,0,0,0,0,0,0,0,0},{0,0,0,0,0,0,0,0,0},{0,0,0,0,0,0,0,0,0},{0,0,0,0,0,0,0,0,0}}
]
15:41:40.681 [main] INFO sudoku.model.SudokuBoard - Wartość 0 wstawiona nieprawidłowo
15:41:40.681 [main] INFO sudoku.model.SudokuBoard - Bład w kwadracie 0
sudoku.model.SudokuBoard@2f14b0f6[
  size=9
  solver=sudoku.model.BacktrackingSudokuSolver@5b20706
  board={{3,6,1,2,8,9,7,5,4},{4,2,5,6,1,7,8,9,3},{7,8,9,3,5,4,1,2,6},{2,7,6,4,9,3,5,1,8},{8,4,3,5,6,1,9,0,0},{0,0,0,0,0,0,0,0,0},{0,0,0,0,0,0,0,0,0},{0,0,0,0,0,0,0,0,0},{0,0,0,0,0,0,0,0,0}}
]
15:41:40.681 [main] INFO sudoku.model.SudokuBoard - Wartość 0 wstawiona nieprawidłowo
15:41:40.681 [main] INFO sudoku.model.SudokuBoard - Bład w kwadracie 0
sudoku.model.SudokuBoard@2f14b0f6[
  size=9
  solver=sudoku.model.BacktrackingSudokuSolver@5b20706
  board={{3,6,1,2,8,9,7,5,4},{4,2,5,6,1,7,8,9,3},{7,8,9,3,5,4,1,2,6},{2,7,6,4,9,3,5,1,8},{8,4,3,5,6,1,0,0,0},{0,0,0,0,0,0,0,0,0},{0,0,0,0,0,0,0,0,0},{0,0,0,0,0,0,0,0,0},{0,0,0,0,0,0,0,0,0}}
]
15:41:40.681 [main] INFO sudoku.model.SudokuBoard - Wartość 0 wstawiona nieprawidłowo
15:41:40.682 [main] INFO sudoku.model.SudokuBoard - Bład w kwadracie 0
sudoku.model.SudokuBoard@2f14b0f6[
  size=9
  solver=sudoku.model.BacktrackingSudokuSolver@5b20706
  board={{3,6,1,2,8,9,7,5,4},{4,2,5,6,1,7,8,9,3},{7,8,9,3,5,4,1,2,6},{2,7,6,4,9,3,5,1,8},{8,4,3,5,6,1,2,7,9},{1,0,0,0,0,0,0,0,0},{0,0,0,0,0,0,0,0,0},{0,0,0,0,0,0,0,0,0},{0,0,0,0,0,0,0,0,0}}
]
15:41:40.682 [main] INFO sudoku.model.SudokuBoard - Wartość 0 wstawiona nieprawidłowo
15:41:40.682 [main] INFO sudoku.model.SudokuBoard - Bład w kwadracie 0
sudoku.model.SudokuBoard@2f14b0f6[
  size=9
  solver=sudoku.model.BacktrackingSudokuSolver@5b20706
  board={{3,6,1,2,8,9,7,5,4},{4,2,5,6,1,7,8,9,3},{7,8,9,3,5,4,1,2,6},{2,7,6,4,9,3,5,1,8},{8,4,3,5,6,1,2,7,9},{1,0,0,0,0,0,0,0,0},{0,0,0,0,0,0,0,0,0},{0,0,0,0,0,0,0,0,0},{0,0,0,0,0,0,0,0,0}}
]
15:41:40.682 [main] INFO sudoku.model.SudokuBoard - Wartość 0 wstawiona nieprawidłowo
15:41:40.682 [main] INFO sudoku.model.SudokuBoard - Bład w kwadracie 0
sudoku.model.SudokuBoard@2f14b0f6[
  size=9
  solver=sudoku.model.BacktrackingSudokuSolver@5b20706
  board={{3,6,1,2,8,9,7,5,4},{4,2,5,6,1,7,8,9,3},{7,8,9,3,5,4,1,2,6},{2,7,6,4,9,3,5,1,8},{8,4,3,5,6,1,2,7,9},{0,0,0,0,0,0,0,0,0},{0,0,0,0,0,0,0,0,0},{0,0,0,0,0,0,0,0,0},{0,0,0,0,0,0,0,0,0}}
]
15:41:40.682 [main] INFO sudoku.model.SudokuBoard - Wartość 0 wstawiona nieprawidłowo
15:41:40.682 [main] INFO sudoku.model.SudokuBoard - Bład w kwadracie 0
sudoku.model.SudokuBoard@2f14b0f6[
  size=9
  solver=sudoku.model.BacktrackingSudokuSolver@5b20706
  board={{3,6,1,2,8,9,7,5,4},{4,2,5,6,1,7,8,9,3},{7,8,9,3,5,4,1,2,6},{2,7,6,4,9,3,5,1,8},{8,4,3,5,6,1,2,7,9},{5,0,0,0,0,0,0,0,0},{0,0,0,0,0,0,0,0,0},{0,0,0,0,0,0,0,0,0},{0,0,0,0,0,0,0,0,0}}
]
15:41:40.682 [main] INFO sudoku.model.SudokuBoard - Wartość 0 wstawiona nieprawidłowo
15:41:40.682 [main] INFO sudoku.model.SudokuBoard - Bład w kwadracie 0
sudoku.model.SudokuBoard@2f14b0f6[
  size=9
  solver=sudoku.model.BacktrackingSudokuSolver@5b20706
  board={{3,6,1,2,8,9,7,5,4},{4,2,5,6,1,7,8,9,3},{7,8,9,3,5,4,1,2,6},{2,7,6,4,9,3,5,1,8},{8,4,3,5,6,1,2,7,9},{5,0,0,0,0,0,0,0,0},{0,0,0,0,0,0,0,0,0},{0,0,0,0,0,0,0,0,0},{0,0,0,0,0,0,0,0,0}}
]
15:41:40.682 [main] INFO sudoku.model.SudokuBoard - Wartość 0 wstawiona nieprawidłowo
15:41:40.682 [main] INFO sudoku.model.SudokuBoard - Bład w kwadracie 0
sudoku.model.SudokuBoard@2f14b0f6[
  size=9
  solver=sudoku.model.BacktrackingSudokuSolver@5b20706
  board={{3,6,1,2,8,9,7,5,4},{4,2,5,6,1,7,8,9,3},{7,8,9,3,5,4,1,2,6},{2,7,6,4,9,3,5,1,8},{8,4,3,5,6,1,2,7,9},{0,0,0,0,0,0,0,0,0},{0,0,0,0,0,0,0,0,0},{0,0,0,0,0,0,0,0,0},{0,0,0,0,0,0,0,0,0}}
]
15:41:40.682 [main] INFO sudoku.model.SudokuBoard - Wartość 0 wstawiona nieprawidłowo
15:41:40.682 [main] INFO sudoku.model.SudokuBoard - Bład w kwadracie 0
sudoku.model.SudokuBoard@2f14b0f6[
  size=9
  solver=sudoku.model.BacktrackingSudokuSolver@5b20706
  board={{3,6,1,2,8,9,7,5,4},{4,2,5,6,1,7,8,9,3},{7,8,9,3,5,4,1,2,6},{2,7,6,4,9,3,5,1,8},{8,4,3,5,6,1,2,7,9},{9,0,0,0,0,0,0,0,0},{0,0,0,0,0,0,0,0,0},{0,0,0,0,0,0,0,0,0},{0,0,0,0,0,0,0,0,0}}
]
15:41:40.682 [main] INFO sudoku.model.SudokuBoard - Wartość 0 wstawiona nieprawidłowo
15:41:40.682 [main] INFO sudoku.model.SudokuBoard - Bład w kwadracie 0
sudoku.model.SudokuBoard@2f14b0f6[
  size=9
  solver=sudoku.model.BacktrackingSudokuSolver@5b20706
  board={{3,6,1,2,8,9,7,5,4},{4,2,5,6,1,7,8,9,3},{7,8,9,3,5,4,1,2,6},{2,7,6,4,9,3,5,1,8},{8,4,3,5,6,1,2,7,9},{9,0,0,0,0,0,0,0,0},{0,0,0,0,0,0,0,0,0},{0,0,0,0,0,0,0,0,0},{0,0,0,0,0,0,0,0,0}}
]
15:41:40.682 [main] INFO sudoku.model.SudokuBoard - Wartość 0 wstawiona nieprawidłowo
15:41:40.682 [main] INFO sudoku.model.SudokuBoard - Bład w kwadracie 0
sudoku.model.SudokuBoard@2f14b0f6[
  size=9
  solver=sudoku.model.BacktrackingSudokuSolver@5b20706
  board={{3,6,1,2,8,9,7,5,4},{4,2,5,6,1,7,8,9,3},{7,8,9,3,5,4,1,2,6},{2,7,6,4,9,3,5,1,8},{8,4,3,5,6,1,2,7,9},{0,0,0,0,0,0,0,0,0},{0,0,0,0,0,0,0,0,0},{0,0,0,0,0,0,0,0,0},{0,0,0,0,0,0,0,0,0}}
]
15:41:40.682 [main] INFO sudoku.model.SudokuBoard - Wartość 0 wstawiona nieprawidłowo
15:41:40.682 [main] INFO sudoku.model.SudokuBoard - Bład w kwadracie 0
sudoku.model.SudokuBoard@2f14b0f6[
  size=9
  solver=sudoku.model.BacktrackingSudokuSolver@5b20706
  board={{3,6,1,2,8,9,7,5,4},{4,2,5,6,1,7,8,9,3},{7,8,9,3,5,4,1,2,6},{2,7,6,4,9,3,5,1,8},{8,4,3,5,6,1,2,7,0},{0,0,0,0,0,0,0,0,0},{0,0,0,0,0,0,0,0,0},{0,0,0,0,0,0,0,0,0},{0,0,0,0,0,0,0,0,0}}
]
15:41:40.682 [main] INFO sudoku.model.SudokuBoard - Wartość 0 wstawiona nieprawidłowo
15:41:40.682 [main] INFO sudoku.model.SudokuBoard - Bład w kwadracie 0
sudoku.model.SudokuBoard@2f14b0f6[
  size=9
  solver=sudoku.model.BacktrackingSudokuSolver@5b20706
  board={{3,6,1,2,8,9,7,5,4},{4,2,5,6,1,7,8,9,3},{7,8,9,3,5,4,1,2,6},{2,7,6,4,9,3,5,1,8},{8,4,3,5,6,1,2,0,0},{0,0,0,0,0,0,0,0,0},{0,0,0,0,0,0,0,0,0},{0,0,0,0,0,0,0,0,0},{0,0,0,0,0,0,0,0,0}}
]
15:41:40.682 [main] INFO sudoku.model.SudokuBoard - Wartość 0 wstawiona nieprawidłowo
15:41:40.682 [main] INFO sudoku.model.SudokuBoard - Bład w kwadracie 0
sudoku.model.SudokuBoard@2f14b0f6[
  size=9
  solver=sudoku.model.BacktrackingSudokuSolver@5b20706
  board={{3,6,1,2,8,9,7,5,4},{4,2,5,6,1,7,8,9,3},{7,8,9,3,5,4,1,2,6},{2,7,6,4,9,3,5,1,8},{8,4,3,5,6,1,0,0,0},{0,0,0,0,0,0,0,0,0},{0,0,0,0,0,0,0,0,0},{0,0,0,0,0,0,0,0,0},{0,0,0,0,0,0,0,0,0}}
]
15:41:40.682 [main] INFO sudoku.model.SudokuBoard - Wartość 0 wstawiona nieprawidłowo
15:41:40.683 [main] INFO sudoku.model.SudokuBoard - Bład w kwadracie 0
sudoku.model.SudokuBoard@2f14b0f6[
  size=9
  solver=sudoku.model.BacktrackingSudokuSolver@5b20706
  board={{3,6,1,2,8,9,7,5,4},{4,2,5,6,1,7,8,9,3},{7,8,9,3,5,4,1,2,6},{2,7,6,4,9,3,5,1,8},{8,4,3,5,6,0,0,0,0},{0,0,0,0,0,0,0,0,0},{0,0,0,0,0,0,0,0,0},{0,0,0,0,0,0,0,0,0},{0,0,0,0,0,0,0,0,0}}
]
15:41:40.683 [main] INFO sudoku.model.SudokuBoard - Wartość 0 wstawiona nieprawidłowo
15:41:40.683 [main] INFO sudoku.model.SudokuBoard - Bład w kwadracie 0
sudoku.model.SudokuBoard@2f14b0f6[
  size=9
  solver=sudoku.model.BacktrackingSudokuSolver@5b20706
  board={{3,6,1,2,8,9,7,5,4},{4,2,5,6,1,7,8,9,3},{7,8,9,3,5,4,1,2,6},{2,7,6,4,9,3,5,1,8},{8,4,3,5,6,2,9,0,0},{0,0,0,0,0,0,0,0,0},{0,0,0,0,0,0,0,0,0},{0,0,0,0,0,0,0,0,0},{0,0,0,0,0,0,0,0,0}}
]
15:41:40.683 [main] INFO sudoku.model.SudokuBoard - Wartość 0 wstawiona nieprawidłowo
15:41:40.683 [main] INFO sudoku.model.SudokuBoard - Bład w kwadracie 0
sudoku.model.SudokuBoard@2f14b0f6[
  size=9
  solver=sudoku.model.BacktrackingSudokuSolver@5b20706
  board={{3,6,1,2,8,9,7,5,4},{4,2,5,6,1,7,8,9,3},{7,8,9,3,5,4,1,2,6},{2,7,6,4,9,3,5,1,8},{8,4,3,5,6,2,0,0,0},{0,0,0,0,0,0,0,0,0},{0,0,0,0,0,0,0,0,0},{0,0,0,0,0,0,0,0,0},{0,0,0,0,0,0,0,0,0}}
]
15:41:40.683 [main] INFO sudoku.model.SudokuBoard - Wartość 0 wstawiona nieprawidłowo
15:41:40.683 [main] INFO sudoku.model.SudokuBoard - Bład w kwadracie 0
sudoku.model.SudokuBoard@2f14b0f6[
  size=9
  solver=sudoku.model.BacktrackingSudokuSolver@5b20706
  board={{3,6,1,2,8,9,7,5,4},{4,2,5,6,1,7,8,9,3},{7,8,9,3,5,4,1,2,6},{2,7,6,4,9,3,5,1,8},{8,4,3,5,6,0,0,0,0},{0,0,0,0,0,0,0,0,0},{0,0,0,0,0,0,0,0,0},{0,0,0,0,0,0,0,0,0},{0,0,0,0,0,0,0,0,0}}
]
15:41:40.683 [main] INFO sudoku.model.SudokuBoard - Wartość 0 wstawiona nieprawidłowo
15:41:40.683 [main] INFO sudoku.model.SudokuBoard - Bład w kwadracie 0
sudoku.model.SudokuBoard@2f14b0f6[
  size=9
  solver=sudoku.model.BacktrackingSudokuSolver@5b20706
  board={{3,6,1,2,8,9,7,5,4},{4,2,5,6,1,7,8,9,3},{7,8,9,3,5,4,1,2,6},{2,7,6,4,9,3,5,1,8},{8,4,3,5,0,0,0,0,0},{0,0,0,0,0,0,0,0,0},{0,0,0,0,0,0,0,0,0},{0,0,0,0,0,0,0,0,0},{0,0,0,0,0,0,0,0,0}}
]
15:41:40.683 [main] INFO sudoku.model.SudokuBoard - Wartość 0 wstawiona nieprawidłowo
15:41:40.683 [main] INFO sudoku.model.SudokuBoard - Bład w kwadracie 0
sudoku.model.SudokuBoard@2f14b0f6[
  size=9
  solver=sudoku.model.BacktrackingSudokuSolver@5b20706
  board={{3,6,1,2,8,9,7,5,4},{4,2,5,6,1,7,8,9,3},{7,8,9,3,5,4,1,2,6},{2,7,6,4,9,3,5,1,8},{8,4,3,0,0,0,0,0,0},{0,0,0,0,0,0,0,0,0},{0,0,0,0,0,0,0,0,0},{0,0,0,0,0,0,0,0,0},{0,0,0,0,0,0,0,0,0}}
]
15:41:40.683 [main] INFO sudoku.model.SudokuBoard - Wartość 0 wstawiona nieprawidłowo
15:41:40.683 [main] INFO sudoku.model.SudokuBoard - Bład w kwadracie 0
sudoku.model.SudokuBoard@2f14b0f6[
  size=9
  solver=sudoku.model.BacktrackingSudokuSolver@5b20706
  board={{3,6,1,2,8,9,7,5,4},{4,2,5,6,1,7,8,9,3},{7,8,9,3,5,4,1,2,6},{2,7,6,4,9,3,5,1,8},{8,4,3,7,6,1,0,0,0},{0,0,0,0,0,0,0,0,0},{0,0,0,0,0,0,0,0,0},{0,0,0,0,0,0,0,0,0},{0,0,0,0,0,0,0,0,0}}
]
15:41:40.683 [main] INFO sudoku.model.SudokuBoard - Wartość 0 wstawiona nieprawidłowo
15:41:40.684 [main] INFO sudoku.model.SudokuBoard - Bład w kwadracie 0
sudoku.model.SudokuBoard@2f14b0f6[
  size=9
  solver=sudoku.model.BacktrackingSudokuSolver@5b20706
  board={{3,6,1,2,8,9,7,5,4},{4,2,5,6,1,7,8,9,3},{7,8,9,3,5,4,1,2,6},{2,7,6,4,9,3,5,1,8},{8,4,3,7,6,1,0,0,0},{0,0,0,0,0,0,0,0,0},{0,0,0,0,0,0,0,0,0},{0,0,0,0,0,0,0,0,0},{0,0,0,0,0,0,0,0,0}}
]
15:41:40.684 [main] INFO sudoku.model.SudokuBoard - Wartość 0 wstawiona nieprawidłowo
15:41:40.684 [main] INFO sudoku.model.SudokuBoard - Bład w kwadracie 0
sudoku.model.SudokuBoard@2f14b0f6[
  size=9
  solver=sudoku.model.BacktrackingSudokuSolver@5b20706
  board={{3,6,1,2,8,9,7,5,4},{4,2,5,6,1,7,8,9,3},{7,8,9,3,5,4,1,2,6},{2,7,6,4,9,3,5,1,8},{8,4,3,7,6,0,0,0,0},{0,0,0,0,0,0,0,0,0},{0,0,0,0,0,0,0,0,0},{0,0,0,0,0,0,0,0,0},{0,0,0,0,0,0,0,0,0}}
]
15:41:40.684 [main] INFO sudoku.model.SudokuBoard - Wartość 0 wstawiona nieprawidłowo
15:41:40.684 [main] INFO sudoku.model.SudokuBoard - Bład w kwadracie 0
sudoku.model.SudokuBoard@2f14b0f6[
  size=9
  solver=sudoku.model.BacktrackingSudokuSolver@5b20706
  board={{3,6,1,2,8,9,7,5,4},{4,2,5,6,1,7,8,9,3},{7,8,9,3,5,4,1,2,6},{2,7,6,4,9,3,5,1,8},{8,4,3,7,6,2,0,0,0},{0,0,0,0,0,0,0,0,0},{0,0,0,0,0,0,0,0,0},{0,0,0,0,0,0,0,0,0},{0,0,0,0,0,0,0,0,0}}
]
15:41:40.684 [main] INFO sudoku.model.SudokuBoard - Wartość 0 wstawiona nieprawidłowo
15:41:40.684 [main] INFO sudoku.model.SudokuBoard - Bład w kwadracie 0
sudoku.model.SudokuBoard@2f14b0f6[
  size=9
  solver=sudoku.model.BacktrackingSudokuSolver@5b20706
  board={{3,6,1,2,8,9,7,5,4},{4,2,5,6,1,7,8,9,3},{7,8,9,3,5,4,1,2,6},{2,7,6,4,9,3,5,1,8},{8,4,3,7,6,0,0,0,0},{0,0,0,0,0,0,0,0,0},{0,0,0,0,0,0,0,0,0},{0,0,0,0,0,0,0,0,0},{0,0,0,0,0,0,0,0,0}}
]
15:41:40.684 [main] INFO sudoku.model.SudokuBoard - Wartość 0 wstawiona nieprawidłowo
15:41:40.684 [main] INFO sudoku.model.SudokuBoard - Bład w kwadracie 0
sudoku.model.SudokuBoard@2f14b0f6[
  size=9
  solver=sudoku.model.BacktrackingSudokuSolver@5b20706
  board={{3,6,1,2,8,9,7,5,4},{4,2,5,6,1,7,8,9,3},{7,8,9,3,5,4,1,2,6},{2,7,6,4,9,3,5,1,8},{8,4,3,7,6,5,0,0,0},{0,0,0,0,0,0,0,0,0},{0,0,0,0,0,0,0,0,0},{0,0,0,0,0,0,0,0,0},{0,0,0,0,0,0,0,0,0}}
]
15:41:40.684 [main] INFO sudoku.model.SudokuBoard - Wartość 0 wstawiona nieprawidłowo
15:41:40.684 [main] INFO sudoku.model.SudokuBoard - Bład w kwadracie 0
sudoku.model.SudokuBoard@2f14b0f6[
  size=9
  solver=sudoku.model.BacktrackingSudokuSolver@5b20706
  board={{3,6,1,2,8,9,7,5,4},{4,2,5,6,1,7,8,9,3},{7,8,9,3,5,4,1,2,6},{2,7,6,4,9,3,5,1,8},{8,4,3,7,6,5,0,0,0},{0,0,0,0,0,0,0,0,0},{0,0,0,0,0,0,0,0,0},{0,0,0,0,0,0,0,0,0},{0,0,0,0,0,0,0,0,0}}
]
15:41:40.684 [main] INFO sudoku.model.SudokuBoard - Wartość 0 wstawiona nieprawidłowo
15:41:40.684 [main] INFO sudoku.model.SudokuBoard - Bład w kwadracie 0
sudoku.model.SudokuBoard@2f14b0f6[
  size=9
  solver=sudoku.model.BacktrackingSudokuSolver@5b20706
  board={{3,6,1,2,8,9,7,5,4},{4,2,5,6,1,7,8,9,3},{7,8,9,3,5,4,1,2,6},{2,7,6,4,9,3,5,1,8},{8,4,3,7,6,0,0,0,0},{0,0,0,0,0,0,0,0,0},{0,0,0,0,0,0,0,0,0},{0,0,0,0,0,0,0,0,0},{0,0,0,0,0,0,0,0,0}}
]
15:41:40.684 [main] INFO sudoku.model.SudokuBoard - Wartość 0 wstawiona nieprawidłowo
15:41:40.684 [main] INFO sudoku.model.SudokuBoard - Bład w kwadracie 0
sudoku.model.SudokuBoard@2f14b0f6[
  size=9
  solver=sudoku.model.BacktrackingSudokuSolver@5b20706
  board={{3,6,1,2,8,9,7,5,4},{4,2,5,6,1,7,8,9,3},{7,8,9,3,5,4,1,2,6},{2,7,6,4,9,3,5,1,8},{8,4,3,7,0,0,0,0,0},{0,0,0,0,0,0,0,0,0},{0,0,0,0,0,0,0,0,0},{0,0,0,0,0,0,0,0,0},{0,0,0,0,0,0,0,0,0}}
]
15:41:40.684 [main] INFO sudoku.model.SudokuBoard - Wartość 0 wstawiona nieprawidłowo
15:41:40.685 [main] INFO sudoku.model.SudokuBoard - Bład w kwadracie 0
sudoku.model.SudokuBoard@2f14b0f6[
  size=9
  solver=sudoku.model.BacktrackingSudokuSolver@5b20706
  board={{3,6,1,2,8,9,7,5,4},{4,2,5,6,1,7,8,9,3},{7,8,9,3,5,4,1,2,6},{2,7,6,4,9,3,5,1,8},{8,4,3,7,2,5,9,0,0},{0,0,0,0,0,0,0,0,0},{0,0,0,0,0,0,0,0,0},{0,0,0,0,0,0,0,0,0},{0,0,0,0,0,0,0,0,0}}
]
15:41:40.685 [main] INFO sudoku.model.SudokuBoard - Wartość 0 wstawiona nieprawidłowo
15:41:40.685 [main] INFO sudoku.model.SudokuBoard - Bład w kwadracie 0
sudoku.model.SudokuBoard@2f14b0f6[
  size=9
  solver=sudoku.model.BacktrackingSudokuSolver@5b20706
  board={{3,6,1,2,8,9,7,5,4},{4,2,5,6,1,7,8,9,3},{7,8,9,3,5,4,1,2,6},{2,7,6,4,9,3,5,1,8},{8,4,3,7,2,5,0,0,0},{0,0,0,0,0,0,0,0,0},{0,0,0,0,0,0,0,0,0},{0,0,0,0,0,0,0,0,0},{0,0,0,0,0,0,0,0,0}}
]
15:41:40.685 [main] INFO sudoku.model.SudokuBoard - Wartość 0 wstawiona nieprawidłowo
15:41:40.685 [main] INFO sudoku.model.SudokuBoard - Bład w kwadracie 0
sudoku.model.SudokuBoard@2f14b0f6[
  size=9
  solver=sudoku.model.BacktrackingSudokuSolver@5b20706
  board={{3,6,1,2,8,9,7,5,4},{4,2,5,6,1,7,8,9,3},{7,8,9,3,5,4,1,2,6},{2,7,6,4,9,3,5,1,8},{8,4,3,7,2,5,0,0,0},{0,0,0,0,0,0,0,0,0},{0,0,0,0,0,0,0,0,0},{0,0,0,0,0,0,0,0,0},{0,0,0,0,0,0,0,0,0}}
]
15:41:40.685 [main] INFO sudoku.model.SudokuBoard - Wartość 0 wstawiona nieprawidłowo
15:41:40.685 [main] INFO sudoku.model.SudokuBoard - Bład w kwadracie 0
sudoku.model.SudokuBoard@2f14b0f6[
  size=9
  solver=sudoku.model.BacktrackingSudokuSolver@5b20706
  board={{3,6,1,2,8,9,7,5,4},{4,2,5,6,1,7,8,9,3},{7,8,9,3,5,4,1,2,6},{2,7,6,4,9,3,5,1,8},{8,4,3,7,2,0,0,0,0},{0,0,0,0,0,0,0,0,0},{0,0,0,0,0,0,0,0,0},{0,0,0,0,0,0,0,0,0},{0,0,0,0,0,0,0,0,0}}
]
15:41:40.685 [main] INFO sudoku.model.SudokuBoard - Wartość 0 wstawiona nieprawidłowo
15:41:40.685 [main] INFO sudoku.model.SudokuBoard - Bład w kwadracie 0
sudoku.model.SudokuBoard@2f14b0f6[
  size=9
  solver=sudoku.model.BacktrackingSudokuSolver@5b20706
  board={{3,6,1,2,8,9,7,5,4},{4,2,5,6,1,7,8,9,3},{7,8,9,3,5,4,1,2,6},{2,7,6,4,9,3,5,1,8},{8,4,3,7,2,6,0,0,0},{0,0,0,0,0,0,0,0,0},{0,0,0,0,0,0,0,0,0},{0,0,0,0,0,0,0,0,0},{0,0,0,0,0,0,0,0,0}}
]
15:41:40.685 [main] INFO sudoku.model.SudokuBoard - Wartość 0 wstawiona nieprawidłowo
15:41:40.685 [main] INFO sudoku.model.SudokuBoard - Bład w kwadracie 0
sudoku.model.SudokuBoard@2f14b0f6[
  size=9
  solver=sudoku.model.BacktrackingSudokuSolver@5b20706
  board={{3,6,1,2,8,9,7,5,4},{4,2,5,6,1,7,8,9,3},{7,8,9,3,5,4,1,2,6},{2,7,6,4,9,3,5,1,8},{8,4,3,7,2,0,0,0,0},{0,0,0,0,0,0,0,0,0},{0,0,0,0,0,0,0,0,0},{0,0,0,0,0,0,0,0,0},{0,0,0,0,0,0,0,0,0}}
]
15:41:40.685 [main] INFO sudoku.model.SudokuBoard - Wartość 0 wstawiona nieprawidłowo
15:41:40.685 [main] INFO sudoku.model.SudokuBoard - Bład w kwadracie 0
sudoku.model.SudokuBoard@2f14b0f6[
  size=9
  solver=sudoku.model.BacktrackingSudokuSolver@5b20706
  board={{3,6,1,2,8,9,7,5,4},{4,2,5,6,1,7,8,9,3},{7,8,9,3,5,4,1,2,6},{2,7,6,4,9,3,5,1,8},{8,4,3,7,2,1,9,0,0},{0,0,0,0,0,0,0,0,0},{0,0,0,0,0,0,0,0,0},{0,0,0,0,0,0,0,0,0},{0,0,0,0,0,0,0,0,0}}
]
15:41:40.685 [main] INFO sudoku.model.SudokuBoard - Wartość 0 wstawiona nieprawidłowo
15:41:40.685 [main] INFO sudoku.model.SudokuBoard - Bład w kwadracie 0
sudoku.model.SudokuBoard@2f14b0f6[
  size=9
  solver=sudoku.model.BacktrackingSudokuSolver@5b20706
  board={{3,6,1,2,8,9,7,5,4},{4,2,5,6,1,7,8,9,3},{7,8,9,3,5,4,1,2,6},{2,7,6,4,9,3,5,1,8},{8,4,3,7,2,1,0,0,0},{0,0,0,0,0,0,0,0,0},{0,0,0,0,0,0,0,0,0},{0,0,0,0,0,0,0,0,0},{0,0,0,0,0,0,0,0,0}}
]
15:41:40.685 [main] INFO sudoku.model.SudokuBoard - Wartość 0 wstawiona nieprawidłowo
15:41:40.685 [main] INFO sudoku.model.SudokuBoard - Bład w kwadracie 0
sudoku.model.SudokuBoard@2f14b0f6[
  size=9
  solver=sudoku.model.BacktrackingSudokuSolver@5b20706
  board={{3,6,1,2,8,9,7,5,4},{4,2,5,6,1,7,8,9,3},{7,8,9,3,5,4,1,2,6},{2,7,6,4,9,3,5,1,8},{8,4,3,7,2,1,0,0,0},{0,0,0,0,0,0,0,0,0},{0,0,0,0,0,0,0,0,0},{0,0,0,0,0,0,0,0,0},{0,0,0,0,0,0,0,0,0}}
]
15:41:40.685 [main] INFO sudoku.model.SudokuBoard - Wartość 0 wstawiona nieprawidłowo
15:41:40.686 [main] INFO sudoku.model.SudokuBoard - Bład w kwadracie 0
sudoku.model.SudokuBoard@2f14b0f6[
  size=9
  solver=sudoku.model.BacktrackingSudokuSolver@5b20706
  board={{3,6,1,2,8,9,7,5,4},{4,2,5,6,1,7,8,9,3},{7,8,9,3,5,4,1,2,6},{2,7,6,4,9,3,5,1,8},{8,4,3,7,2,0,0,0,0},{0,0,0,0,0,0,0,0,0},{0,0,0,0,0,0,0,0,0},{0,0,0,0,0,0,0,0,0},{0,0,0,0,0,0,0,0,0}}
]
15:41:40.686 [main] INFO sudoku.model.SudokuBoard - Wartość 0 wstawiona nieprawidłowo
15:41:40.686 [main] INFO sudoku.model.SudokuBoard - Bład w kwadracie 0
sudoku.model.SudokuBoard@2f14b0f6[
  size=9
  solver=sudoku.model.BacktrackingSudokuSolver@5b20706
  board={{3,6,1,2,8,9,7,5,4},{4,2,5,6,1,7,8,9,3},{7,8,9,3,5,4,1,2,6},{2,7,6,4,9,3,5,1,8},{8,4,3,7,0,0,0,0,0},{0,0,0,0,0,0,0,0,0},{0,0,0,0,0,0,0,0,0},{0,0,0,0,0,0,0,0,0},{0,0,0,0,0,0,0,0,0}}
]
15:41:40.686 [main] INFO sudoku.model.SudokuBoard - Wartość 0 wstawiona nieprawidłowo
15:41:40.686 [main] INFO sudoku.model.SudokuBoard - Bład w kwadracie 0
sudoku.model.SudokuBoard@2f14b0f6[
  size=9
  solver=sudoku.model.BacktrackingSudokuSolver@5b20706
  board={{3,6,1,2,8,9,7,5,4},{4,2,5,6,1,7,8,9,3},{7,8,9,3,5,4,1,2,6},{2,7,6,4,9,3,5,1,8},{8,4,3,0,0,0,0,0,0},{0,0,0,0,0,0,0,0,0},{0,0,0,0,0,0,0,0,0},{0,0,0,0,0,0,0,0,0},{0,0,0,0,0,0,0,0,0}}
]
15:41:40.686 [main] INFO sudoku.model.SudokuBoard - Wartość 0 wstawiona nieprawidłowo
15:41:40.686 [main] INFO sudoku.model.SudokuBoard - Bład w kwadracie 0
sudoku.model.SudokuBoard@2f14b0f6[
  size=9
  solver=sudoku.model.BacktrackingSudokuSolver@5b20706
  board={{3,6,1,2,8,9,7,5,4},{4,2,5,6,1,7,8,9,3},{7,8,9,3,5,4,1,2,6},{2,7,6,4,9,3,5,1,8},{8,4,0,0,0,0,0,0,0},{0,0,0,0,0,0,0,0,0},{0,0,0,0,0,0,0,0,0},{0,0,0,0,0,0,0,0,0},{0,0,0,0,0,0,0,0,0}}
]
15:41:40.686 [main] INFO sudoku.model.SudokuBoard - Wartość 0 wstawiona nieprawidłowo
15:41:40.686 [main] INFO sudoku.model.SudokuBoard - Bład w kwadracie 0
sudoku.model.SudokuBoard@2f14b0f6[
  size=9
  solver=sudoku.model.BacktrackingSudokuSolver@5b20706
  board={{3,6,1,2,8,9,7,5,4},{4,2,5,6,1,7,8,9,3},{7,8,9,3,5,4,1,2,6},{2,7,6,4,9,3,5,1,8},{8,0,0,0,0,0,0,0,0},{0,0,0,0,0,0,0,0,0},{0,0,0,0,0,0,0,0,0},{0,0,0,0,0,0,0,0,0},{0,0,0,0,0,0,0,0,0}}
]
15:41:40.686 [main] INFO sudoku.model.SudokuBoard - Wartość 0 wstawiona nieprawidłowo
15:41:40.686 [main] INFO sudoku.model.SudokuBoard - Bład w kwadracie 0
sudoku.model.SudokuBoard@2f14b0f6[
  size=9
  solver=sudoku.model.BacktrackingSudokuSolver@5b20706
  board={{3,6,1,2,8,9,7,5,4},{4,2,5,6,1,7,8,9,3},{7,8,9,3,5,4,1,2,6},{2,7,6,4,9,3,5,1,8},{8,5,3,7,2,6,9,0,0},{0,0,0,0,0,0,0,0,0},{0,0,0,0,0,0,0,0,0},{0,0,0,0,0,0,0,0,0},{0,0,0,0,0,0,0,0,0}}
]
15:41:40.686 [main] INFO sudoku.model.SudokuBoard - Wartość 0 wstawiona nieprawidłowo
15:41:40.686 [main] INFO sudoku.model.SudokuBoard - Bład w kwadracie 0
sudoku.model.SudokuBoard@2f14b0f6[
  size=9
  solver=sudoku.model.BacktrackingSudokuSolver@5b20706
  board={{3,6,1,2,8,9,7,5,4},{4,2,5,6,1,7,8,9,3},{7,8,9,3,5,4,1,2,6},{2,7,6,4,9,3,5,1,8},{8,5,3,7,2,6,0,0,0},{0,0,0,0,0,0,0,0,0},{0,0,0,0,0,0,0,0,0},{0,0,0,0,0,0,0,0,0},{0,0,0,0,0,0,0,0,0}}
]
15:41:40.686 [main] INFO sudoku.model.SudokuBoard - Wartość 0 wstawiona nieprawidłowo
15:41:40.686 [main] INFO sudoku.model.SudokuBoard - Bład w kwadracie 0
sudoku.model.SudokuBoard@2f14b0f6[
  size=9
  solver=sudoku.model.BacktrackingSudokuSolver@5b20706
  board={{3,6,1,2,8,9,7,5,4},{4,2,5,6,1,7,8,9,3},{7,8,9,3,5,4,1,2,6},{2,7,6,4,9,3,5,1,8},{8,5,3,7,2,6,0,0,0},{0,0,0,0,0,0,0,0,0},{0,0,0,0,0,0,0,0,0},{0,0,0,0,0,0,0,0,0},{0,0,0,0,0,0,0,0,0}}
]
15:41:40.686 [main] INFO sudoku.model.SudokuBoard - Wartość 0 wstawiona nieprawidłowo
15:41:40.686 [main] INFO sudoku.model.SudokuBoard - Bład w kwadracie 0
sudoku.model.SudokuBoard@2f14b0f6[
  size=9
  solver=sudoku.model.BacktrackingSudokuSolver@5b20706
  board={{3,6,1,2,8,9,7,5,4},{4,2,5,6,1,7,8,9,3},{7,8,9,3,5,4,1,2,6},{2,7,6,4,9,3,5,1,8},{8,5,3,7,2,0,0,0,0},{0,0,0,0,0,0,0,0,0},{0,0,0,0,0,0,0,0,0},{0,0,0,0,0,0,0,0,0},{0,0,0,0,0,0,0,0,0}}
]
15:41:40.686 [main] INFO sudoku.model.SudokuBoard - Wartość 0 wstawiona nieprawidłowo
15:41:40.686 [main] INFO sudoku.model.SudokuBoard - Bład w kwadracie 0
sudoku.model.SudokuBoard@2f14b0f6[
  size=9
  solver=sudoku.model.BacktrackingSudokuSolver@5b20706
  board={{3,6,1,2,8,9,7,5,4},{4,2,5,6,1,7,8,9,3},{7,8,9,3,5,4,1,2,6},{2,7,6,4,9,3,5,1,8},{8,5,3,7,2,1,4,6,9},{9,1,4,8,6,5,2,0,0},{0,0,0,0,0,0,0,0,0},{0,0,0,0,0,0,0,0,0},{0,0,0,0,0,0,0,0,0}}
]
15:41:40.686 [main] INFO sudoku.model.SudokuBoard - Wartość 0 wstawiona nieprawidłowo
15:41:40.686 [main] INFO sudoku.model.SudokuBoard - Bład w kwadracie 0
sudoku.model.SudokuBoard@2f14b0f6[
  size=9
  solver=sudoku.model.BacktrackingSudokuSolver@5b20706
  board={{3,6,1,2,8,9,7,5,4},{4,2,5,6,1,7,8,9,3},{7,8,9,3,5,4,1,2,6},{2,7,6,4,9,3,5,1,8},{8,5,3,7,2,1,4,6,9},{9,1,4,8,6,5,2,3,7},{1,9,2,5,3,8,6,0,0},{0,0,0,0,0,0,0,0,0},{0,0,0,0,0,0,0,0,0}}
]
15:41:40.686 [main] INFO sudoku.model.SudokuBoard - Wartość 0 wstawiona nieprawidłowo
15:41:40.686 [main] INFO sudoku.model.SudokuBoard - Bład w kwadracie 0
sudoku.model.SudokuBoard@2f14b0f6[
  size=9
  solver=sudoku.model.BacktrackingSudokuSolver@5b20706
  board={{3,6,1,2,8,9,7,5,4},{4,2,5,6,1,7,8,9,3},{7,8,9,3,5,4,1,2,6},{2,7,6,4,9,3,5,1,8},{8,5,3,7,2,1,4,6,9},{9,1,4,8,6,5,2,3,7},{1,9,2,5,3,8,6,0,0},{0,0,0,0,0,0,0,0,0},{0,0,0,0,0,0,0,0,0}}
]
15:41:40.686 [main] INFO sudoku.model.SudokuBoard - Wartość 0 wstawiona nieprawidłowo
15:41:40.687 [main] INFO sudoku.model.SudokuBoard - Bład w kwadracie 0
sudoku.model.SudokuBoard@2f14b0f6[
  size=9
  solver=sudoku.model.BacktrackingSudokuSolver@5b20706
  board={{3,6,1,2,8,9,7,5,4},{4,2,5,6,1,7,8,9,3},{7,8,9,3,5,4,1,2,6},{2,7,6,4,9,3,5,1,8},{8,5,3,7,2,1,4,6,9},{9,1,4,8,6,5,2,3,7},{1,9,2,5,3,8,0,0,0},{0,0,0,0,0,0,0,0,0},{0,0,0,0,0,0,0,0,0}}
]
15:41:40.687 [main] INFO sudoku.model.SudokuBoard - Wartość 0 wstawiona nieprawidłowo
15:41:40.687 [main] INFO sudoku.model.SudokuBoard - Bład w kwadracie 0
sudoku.model.SudokuBoard@2f14b0f6[
  size=9
  solver=sudoku.model.BacktrackingSudokuSolver@5b20706
  board={{3,6,1,2,8,9,7,5,4},{4,2,5,6,1,7,8,9,3},{7,8,9,3,5,4,1,2,6},{2,7,6,4,9,3,5,1,8},{8,5,3,7,2,1,4,6,9},{9,1,4,8,6,5,2,3,7},{1,9,2,5,3,0,0,0,0},{0,0,0,0,0,0,0,0,0},{0,0,0,0,0,0,0,0,0}}
]
15:41:40.687 [main] INFO sudoku.model.SudokuBoard - Wartość 0 wstawiona nieprawidłowo
15:41:40.687 [main] INFO sudoku.model.SudokuBoard - Bład w kwadracie 0
sudoku.model.SudokuBoard@2f14b0f6[
  size=9
  solver=sudoku.model.BacktrackingSudokuSolver@5b20706
  board={{3,6,1,2,8,9,7,5,4},{4,2,5,6,1,7,8,9,3},{7,8,9,3,5,4,1,2,6},{2,7,6,4,9,3,5,1,8},{8,5,3,7,2,1,4,6,9},{9,1,4,8,6,5,2,3,7},{1,9,2,5,3,0,0,0,0},{0,0,0,0,0,0,0,0,0},{0,0,0,0,0,0,0,0,0}}
]
15:41:40.687 [main] INFO sudoku.model.SudokuBoard - Wartość 0 wstawiona nieprawidłowo
15:41:40.687 [main] INFO sudoku.model.SudokuBoard - Bład w kwadracie 0
sudoku.model.SudokuBoard@2f14b0f6[
  size=9
  solver=sudoku.model.BacktrackingSudokuSolver@5b20706
  board={{3,6,1,2,8,9,7,5,4},{4,2,5,6,1,7,8,9,3},{7,8,9,3,5,4,1,2,6},{2,7,6,4,9,3,5,1,8},{8,5,3,7,2,1,4,6,9},{9,1,4,8,6,5,2,3,7},{1,9,2,5,0,0,0,0,0},{0,0,0,0,0,0,0,0,0},{0,0,0,0,0,0,0,0,0}}
]
15:41:40.687 [main] INFO sudoku.model.SudokuBoard - Wartość 0 wstawiona nieprawidłowo
15:41:40.687 [main] INFO sudoku.model.SudokuBoard - Bład w kwadracie 0
sudoku.model.SudokuBoard@2f14b0f6[
  size=9
  solver=sudoku.model.BacktrackingSudokuSolver@5b20706
  board={{3,6,1,2,8,9,7,5,4},{4,2,5,6,1,7,8,9,3},{7,8,9,3,5,4,1,2,6},{2,7,6,4,9,3,5,1,8},{8,5,3,7,2,1,4,6,9},{9,1,4,8,6,5,2,3,7},{1,9,2,5,4,6,3,0,0},{0,0,0,0,0,0,0,0,0},{0,0,0,0,0,0,0,0,0}}
]
15:41:40.687 [main] INFO sudoku.model.SudokuBoard - Wartość 0 wstawiona nieprawidłowo
15:41:40.687 [main] INFO sudoku.model.SudokuBoard - Bład w kwadracie 0
sudoku.model.SudokuBoard@2f14b0f6[
  size=9
  solver=sudoku.model.BacktrackingSudokuSolver@5b20706
  board={{3,6,1,2,8,9,7,5,4},{4,2,5,6,1,7,8,9,3},{7,8,9,3,5,4,1,2,6},{2,7,6,4,9,3,5,1,8},{8,5,3,7,2,1,4,6,9},{9,1,4,8,6,5,2,3,7},{1,9,2,5,4,6,3,0,0},{0,0,0,0,0,0,0,0,0},{0,0,0,0,0,0,0,0,0}}
]
15:41:40.687 [main] INFO sudoku.model.SudokuBoard - Wartość 0 wstawiona nieprawidłowo
15:41:40.687 [main] INFO sudoku.model.SudokuBoard - Bład w kwadracie 0
sudoku.model.SudokuBoard@2f14b0f6[
  size=9
  solver=sudoku.model.BacktrackingSudokuSolver@5b20706
  board={{3,6,1,2,8,9,7,5,4},{4,2,5,6,1,7,8,9,3},{7,8,9,3,5,4,1,2,6},{2,7,6,4,9,3,5,1,8},{8,5,3,7,2,1,4,6,9},{9,1,4,8,6,5,2,3,7},{1,9,2,5,4,6,0,0,0},{0,0,0,0,0,0,0,0,0},{0,0,0,0,0,0,0,0,0}}
]
15:41:40.687 [main] INFO sudoku.model.SudokuBoard - Wartość 0 wstawiona nieprawidłowo
15:41:40.695 [main] INFO sudoku.model.SudokuBoard - Bład w kwadracie 0
sudoku.model.SudokuBoard@2f14b0f6[
  size=9
  solver=sudoku.model.BacktrackingSudokuSolver@5b20706
  board={{3,6,1,2,8,9,7,5,4},{4,2,5,6,1,7,8,9,3},{7,8,9,3,5,4,1,2,6},{2,7,6,4,9,3,5,1,8},{8,5,3,7,2,1,4,6,9},{9,1,4,8,6,5,2,3,7},{1,9,2,5,4,0,0,0,0},{0,0,0,0,0,0,0,0,0},{0,0,0,0,0,0,0,0,0}}
]
15:41:40.695 [main] INFO sudoku.model.SudokuBoard - Wartość 0 wstawiona nieprawidłowo
15:41:40.695 [main] INFO sudoku.model.SudokuBoard - Bład w kwadracie 0
sudoku.model.SudokuBoard@2f14b0f6[
  size=9
  solver=sudoku.model.BacktrackingSudokuSolver@5b20706
  board={{3,6,1,2,8,9,7,5,4},{4,2,5,6,1,7,8,9,3},{7,8,9,3,5,4,1,2,6},{2,7,6,4,9,3,5,1,8},{8,5,3,7,2,1,4,6,9},{9,1,4,8,6,5,2,3,7},{1,9,2,5,4,8,3,0,0},{0,0,0,0,0,0,0,0,0},{0,0,0,0,0,0,0,0,0}}
]
15:41:40.695 [main] INFO sudoku.model.SudokuBoard - Wartość 0 wstawiona nieprawidłowo
15:41:40.695 [main] INFO sudoku.model.SudokuBoard - Bład w kwadracie 0
sudoku.model.SudokuBoard@2f14b0f6[
  size=9
  solver=sudoku.model.BacktrackingSudokuSolver@5b20706
  board={{3,6,1,2,8,9,7,5,4},{4,2,5,6,1,7,8,9,3},{7,8,9,3,5,4,1,2,6},{2,7,6,4,9,3,5,1,8},{8,5,3,7,2,1,4,6,9},{9,1,4,8,6,5,2,3,7},{1,9,2,5,4,8,0,0,0},{0,0,0,0,0,0,0,0,0},{0,0,0,0,0,0,0,0,0}}
]
15:41:40.695 [main] INFO sudoku.model.SudokuBoard - Wartość 0 wstawiona nieprawidłowo
15:41:40.695 [main] INFO sudoku.model.SudokuBoard - Bład w kwadracie 0
sudoku.model.SudokuBoard@2f14b0f6[
  size=9
  solver=sudoku.model.BacktrackingSudokuSolver@5b20706
  board={{3,6,1,2,8,9,7,5,4},{4,2,5,6,1,7,8,9,3},{7,8,9,3,5,4,1,2,6},{2,7,6,4,9,3,5,1,8},{8,5,3,7,2,1,4,6,9},{9,1,4,8,6,5,2,3,7},{1,9,2,5,4,8,6,0,0},{0,0,0,0,0,0,0,0,0},{0,0,0,0,0,0,0,0,0}}
]
15:41:40.695 [main] INFO sudoku.model.SudokuBoard - Wartość 0 wstawiona nieprawidłowo
15:41:40.696 [main] INFO sudoku.model.SudokuBoard - Bład w kwadracie 0
sudoku.model.SudokuBoard@2f14b0f6[
  size=9
  solver=sudoku.model.BacktrackingSudokuSolver@5b20706
  board={{3,6,1,2,8,9,7,5,4},{4,2,5,6,1,7,8,9,3},{7,8,9,3,5,4,1,2,6},{2,7,6,4,9,3,5,1,8},{8,5,3,7,2,1,4,6,9},{9,1,4,8,6,5,2,3,7},{1,9,2,5,4,8,0,0,0},{0,0,0,0,0,0,0,0,0},{0,0,0,0,0,0,0,0,0}}
]
15:41:40.696 [main] INFO sudoku.model.SudokuBoard - Wartość 0 wstawiona nieprawidłowo
15:41:40.696 [main] INFO sudoku.model.SudokuBoard - Bład w kwadracie 0
sudoku.model.SudokuBoard@2f14b0f6[
  size=9
  solver=sudoku.model.BacktrackingSudokuSolver@5b20706
  board={{3,6,1,2,8,9,7,5,4},{4,2,5,6,1,7,8,9,3},{7,8,9,3,5,4,1,2,6},{2,7,6,4,9,3,5,1,8},{8,5,3,7,2,1,4,6,9},{9,1,4,8,6,5,2,3,7},{1,9,2,5,4,0,0,0,0},{0,0,0,0,0,0,0,0,0},{0,0,0,0,0,0,0,0,0}}
]
15:41:40.696 [main] INFO sudoku.model.SudokuBoard - Wartość 0 wstawiona nieprawidłowo
15:41:40.696 [main] INFO sudoku.model.SudokuBoard - Bład w kwadracie 0
sudoku.model.SudokuBoard@2f14b0f6[
  size=9
  solver=sudoku.model.BacktrackingSudokuSolver@5b20706
  board={{3,6,1,2,8,9,7,5,4},{4,2,5,6,1,7,8,9,3},{7,8,9,3,5,4,1,2,6},{2,7,6,4,9,3,5,1,8},{8,5,3,7,2,1,4,6,9},{9,1,4,8,6,5,2,3,7},{1,9,2,5,0,0,0,0,0},{0,0,0,0,0,0,0,0,0},{0,0,0,0,0,0,0,0,0}}
]
15:41:40.697 [main] INFO sudoku.model.SudokuBoard - Wartość 0 wstawiona nieprawidłowo
15:41:40.697 [main] INFO sudoku.model.SudokuBoard - Bład w kwadracie 0
sudoku.model.SudokuBoard@2f14b0f6[
  size=9
  solver=sudoku.model.BacktrackingSudokuSolver@5b20706
  board={{3,6,1,2,8,9,7,5,4},{4,2,5,6,1,7,8,9,3},{7,8,9,3,5,4,1,2,6},{2,7,6,4,9,3,5,1,8},{8,5,3,7,2,1,4,6,9},{9,1,4,8,6,5,2,3,7},{1,9,2,5,7,6,3,0,0},{0,0,0,0,0,0,0,0,0},{0,0,0,0,0,0,0,0,0}}
]
15:41:40.697 [main] INFO sudoku.model.SudokuBoard - Wartość 0 wstawiona nieprawidłowo
15:41:40.697 [main] INFO sudoku.model.SudokuBoard - Bład w kwadracie 0
sudoku.model.SudokuBoard@2f14b0f6[
  size=9
  solver=sudoku.model.BacktrackingSudokuSolver@5b20706
  board={{3,6,1,2,8,9,7,5,4},{4,2,5,6,1,7,8,9,3},{7,8,9,3,5,4,1,2,6},{2,7,6,4,9,3,5,1,8},{8,5,3,7,2,1,4,6,9},{9,1,4,8,6,5,2,3,7},{1,9,2,5,7,6,3,0,0},{0,0,0,0,0,0,0,0,0},{0,0,0,0,0,0,0,0,0}}
]
15:41:40.697 [main] INFO sudoku.model.SudokuBoard - Wartość 0 wstawiona nieprawidłowo
15:41:40.697 [main] INFO sudoku.model.SudokuBoard - Bład w kwadracie 0
sudoku.model.SudokuBoard@2f14b0f6[
  size=9
  solver=sudoku.model.BacktrackingSudokuSolver@5b20706
  board={{3,6,1,2,8,9,7,5,4},{4,2,5,6,1,7,8,9,3},{7,8,9,3,5,4,1,2,6},{2,7,6,4,9,3,5,1,8},{8,5,3,7,2,1,4,6,9},{9,1,4,8,6,5,2,3,7},{1,9,2,5,7,6,0,0,0},{0,0,0,0,0,0,0,0,0},{0,0,0,0,0,0,0,0,0}}
]
15:41:40.697 [main] INFO sudoku.model.SudokuBoard - Wartość 0 wstawiona nieprawidłowo
15:41:40.697 [main] INFO sudoku.model.SudokuBoard - Bład w kwadracie 0
sudoku.model.SudokuBoard@2f14b0f6[
  size=9
  solver=sudoku.model.BacktrackingSudokuSolver@5b20706
  board={{3,6,1,2,8,9,7,5,4},{4,2,5,6,1,7,8,9,3},{7,8,9,3,5,4,1,2,6},{2,7,6,4,9,3,5,1,8},{8,5,3,7,2,1,4,6,9},{9,1,4,8,6,5,2,3,7},{1,9,2,5,7,0,0,0,0},{0,0,0,0,0,0,0,0,0},{0,0,0,0,0,0,0,0,0}}
]
15:41:40.697 [main] INFO sudoku.model.SudokuBoard - Wartość 0 wstawiona nieprawidłowo
15:41:40.698 [main] INFO sudoku.model.SudokuBoard - Bład w kwadracie 0
sudoku.model.SudokuBoard@2f14b0f6[
  size=9
  solver=sudoku.model.BacktrackingSudokuSolver@5b20706
  board={{3,6,1,2,8,9,7,5,4},{4,2,5,6,1,7,8,9,3},{7,8,9,3,5,4,1,2,6},{2,7,6,4,9,3,5,1,8},{8,5,3,7,2,1,4,6,9},{9,1,4,8,6,5,2,3,7},{1,9,2,5,7,8,6,0,0},{0,0,0,0,0,0,0,0,0},{0,0,0,0,0,0,0,0,0}}
]
15:41:40.698 [main] INFO sudoku.model.SudokuBoard - Wartość 0 wstawiona nieprawidłowo
15:41:40.698 [main] INFO sudoku.model.SudokuBoard - Bład w kwadracie 0
sudoku.model.SudokuBoard@2f14b0f6[
  size=9
  solver=sudoku.model.BacktrackingSudokuSolver@5b20706
  board={{3,6,1,2,8,9,7,5,4},{4,2,5,6,1,7,8,9,3},{7,8,9,3,5,4,1,2,6},{2,7,6,4,9,3,5,1,8},{8,5,3,7,2,1,4,6,9},{9,1,4,8,6,5,2,3,7},{1,9,2,5,7,8,0,0,0},{0,0,0,0,0,0,0,0,0},{0,0,0,0,0,0,0,0,0}}
]
15:41:40.698 [main] INFO sudoku.model.SudokuBoard - Wartość 0 wstawiona nieprawidłowo
15:41:40.698 [main] INFO sudoku.model.SudokuBoard - Bład w kwadracie 0
sudoku.model.SudokuBoard@2f14b0f6[
  size=9
  solver=sudoku.model.BacktrackingSudokuSolver@5b20706
  board={{3,6,1,2,8,9,7,5,4},{4,2,5,6,1,7,8,9,3},{7,8,9,3,5,4,1,2,6},{2,7,6,4,9,3,5,1,8},{8,5,3,7,2,1,4,6,9},{9,1,4,8,6,5,2,3,7},{1,9,2,5,7,8,3,0,0},{0,0,0,0,0,0,0,0,0},{0,0,0,0,0,0,0,0,0}}
]
15:41:40.698 [main] INFO sudoku.model.SudokuBoard - Wartość 0 wstawiona nieprawidłowo
15:41:40.698 [main] INFO sudoku.model.SudokuBoard - Bład w kwadracie 0
sudoku.model.SudokuBoard@2f14b0f6[
  size=9
  solver=sudoku.model.BacktrackingSudokuSolver@5b20706
  board={{3,6,1,2,8,9,7,5,4},{4,2,5,6,1,7,8,9,3},{7,8,9,3,5,4,1,2,6},{2,7,6,4,9,3,5,1,8},{8,5,3,7,2,1,4,6,9},{9,1,4,8,6,5,2,3,7},{1,9,2,5,7,8,0,0,0},{0,0,0,0,0,0,0,0,0},{0,0,0,0,0,0,0,0,0}}
]
15:41:40.699 [main] INFO sudoku.model.SudokuBoard - Wartość 0 wstawiona nieprawidłowo
15:41:40.699 [main] INFO sudoku.model.SudokuBoard - Bład w kwadracie 0
sudoku.model.SudokuBoard@2f14b0f6[
  size=9
  solver=sudoku.model.BacktrackingSudokuSolver@5b20706
  board={{3,6,1,2,8,9,7,5,4},{4,2,5,6,1,7,8,9,3},{7,8,9,3,5,4,1,2,6},{2,7,6,4,9,3,5,1,8},{8,5,3,7,2,1,4,6,9},{9,1,4,8,6,5,2,3,7},{1,9,2,5,7,0,0,0,0},{0,0,0,0,0,0,0,0,0},{0,0,0,0,0,0,0,0,0}}
]
15:41:40.699 [main] INFO sudoku.model.SudokuBoard - Wartość 0 wstawiona nieprawidłowo
15:41:40.699 [main] INFO sudoku.model.SudokuBoard - Bład w kwadracie 0
sudoku.model.SudokuBoard@2f14b0f6[
  size=9
  solver=sudoku.model.BacktrackingSudokuSolver@5b20706
  board={{3,6,1,2,8,9,7,5,4},{4,2,5,6,1,7,8,9,3},{7,8,9,3,5,4,1,2,6},{2,7,6,4,9,3,5,1,8},{8,5,3,7,2,1,4,6,9},{9,1,4,8,6,5,2,3,7},{1,9,2,5,0,0,0,0,0},{0,0,0,0,0,0,0,0,0},{0,0,0,0,0,0,0,0,0}}
]
15:41:40.699 [main] INFO sudoku.model.SudokuBoard - Wartość 0 wstawiona nieprawidłowo
15:41:40.699 [main] INFO sudoku.model.SudokuBoard - Bład w kwadracie 0
sudoku.model.SudokuBoard@2f14b0f6[
  size=9
  solver=sudoku.model.BacktrackingSudokuSolver@5b20706
  board={{3,6,1,2,8,9,7,5,4},{4,2,5,6,1,7,8,9,3},{7,8,9,3,5,4,1,2,6},{2,7,6,4,9,3,5,1,8},{8,5,3,7,2,1,4,6,9},{9,1,4,8,6,5,2,3,7},{1,9,2,0,0,0,0,0,0},{0,0,0,0,0,0,0,0,0},{0,0,0,0,0,0,0,0,0}}
]
15:41:40.699 [main] INFO sudoku.model.SudokuBoard - Wartość 0 wstawiona nieprawidłowo
15:41:40.699 [main] INFO sudoku.model.SudokuBoard - Bład w kwadracie 0
sudoku.model.SudokuBoard@2f14b0f6[
  size=9
  solver=sudoku.model.BacktrackingSudokuSolver@5b20706
  board={{3,6,1,2,8,9,7,5,4},{4,2,5,6,1,7,8,9,3},{7,8,9,3,5,4,1,2,6},{2,7,6,4,9,3,5,1,8},{8,5,3,7,2,1,4,6,9},{9,1,4,8,6,5,2,3,7},{1,9,0,0,0,0,0,0,0},{0,0,0,0,0,0,0,0,0},{0,0,0,0,0,0,0,0,0}}
]
15:41:40.699 [main] INFO sudoku.model.SudokuBoard - Wartość 0 wstawiona nieprawidłowo
15:41:40.699 [main] INFO sudoku.model.SudokuBoard - Bład w kwadracie 0
sudoku.model.SudokuBoard@2f14b0f6[
  size=9
  solver=sudoku.model.BacktrackingSudokuSolver@5b20706
  board={{3,6,1,2,8,9,7,5,4},{4,2,5,6,1,7,8,9,3},{7,8,9,3,5,4,1,2,6},{2,7,6,4,9,3,5,1,8},{8,5,3,7,2,1,4,6,9},{9,1,4,8,6,5,2,3,7},{1,9,7,5,3,8,6,4,2},{6,3,2,9,0,0,0,0,0},{0,0,0,0,0,0,0,0,0}}
]
15:41:40.699 [main] INFO sudoku.model.SudokuBoard - Wartość 0 wstawiona nieprawidłowo
15:41:40.699 [main] INFO sudoku.model.SudokuBoard - Bład w kwadracie 0
sudoku.model.SudokuBoard@2f14b0f6[
  size=9
  solver=sudoku.model.BacktrackingSudokuSolver@5b20706
  board={{3,6,1,2,8,9,7,5,4},{4,2,5,6,1,7,8,9,3},{7,8,9,3,5,4,1,2,6},{2,7,6,4,9,3,5,1,8},{8,5,3,7,2,1,4,6,9},{9,1,4,8,6,5,2,3,7},{1,9,7,5,3,8,6,4,2},{6,3,2,9,0,0,0,0,0},{0,0,0,0,0,0,0,0,0}}
]
15:41:40.699 [main] INFO sudoku.model.SudokuBoard - Wartość 0 wstawiona nieprawidłowo
15:41:40.699 [main] INFO sudoku.model.SudokuBoard - Bład w kwadracie 0
sudoku.model.SudokuBoard@2f14b0f6[
  size=9
  solver=sudoku.model.BacktrackingSudokuSolver@5b20706
  board={{3,6,1,2,8,9,7,5,4},{4,2,5,6,1,7,8,9,3},{7,8,9,3,5,4,1,2,6},{2,7,6,4,9,3,5,1,8},{8,5,3,7,2,1,4,6,9},{9,1,4,8,6,5,2,3,7},{1,9,7,5,3,8,6,4,2},{6,3,2,0,0,0,0,0,0},{0,0,0,0,0,0,0,0,0}}
]
15:41:40.699 [main] INFO sudoku.model.SudokuBoard - Wartość 0 wstawiona nieprawidłowo
15:41:40.699 [main] INFO sudoku.model.SudokuBoard - Bład w kwadracie 0
sudoku.model.SudokuBoard@2f14b0f6[
  size=9
  solver=sudoku.model.BacktrackingSudokuSolver@5b20706
  board={{3,6,1,2,8,9,7,5,4},{4,2,5,6,1,7,8,9,3},{7,8,9,3,5,4,1,2,6},{2,7,6,4,9,3,5,1,8},{8,5,3,7,2,1,4,6,9},{9,1,4,8,6,5,2,3,7},{1,9,7,5,3,8,6,4,2},{6,3,2,1,0,0,0,0,0},{0,0,0,0,0,0,0,0,0}}
]
15:41:40.699 [main] INFO sudoku.model.SudokuBoard - Wartość 0 wstawiona nieprawidłowo
15:41:40.699 [main] INFO sudoku.model.SudokuBoard - Bład w kwadracie 0
sudoku.model.SudokuBoard@2f14b0f6[
  size=9
  solver=sudoku.model.BacktrackingSudokuSolver@5b20706
  board={{3,6,1,2,8,9,7,5,4},{4,2,5,6,1,7,8,9,3},{7,8,9,3,5,4,1,2,6},{2,7,6,4,9,3,5,1,8},{8,5,3,7,2,1,4,6,9},{9,1,4,8,6,5,2,3,7},{1,9,7,5,3,8,6,4,2},{6,3,2,1,0,0,0,0,0},{0,0,0,0,0,0,0,0,0}}
]
15:41:40.699 [main] INFO sudoku.model.SudokuBoard - Wartość 0 wstawiona nieprawidłowo
15:41:40.699 [main] INFO sudoku.model.SudokuBoard - Bład w kwadracie 0
sudoku.model.SudokuBoard@2f14b0f6[
  size=9
  solver=sudoku.model.BacktrackingSudokuSolver@5b20706
  board={{3,6,1,2,8,9,7,5,4},{4,2,5,6,1,7,8,9,3},{7,8,9,3,5,4,1,2,6},{2,7,6,4,9,3,5,1,8},{8,5,3,7,2,1,4,6,9},{9,1,4,8,6,5,2,3,7},{1,9,7,5,3,8,6,4,2},{6,3,2,0,0,0,0,0,0},{0,0,0,0,0,0,0,0,0}}
]
15:41:40.700 [main] INFO sudoku.model.SudokuBoard - Wartość 0 wstawiona nieprawidłowo
15:41:40.700 [main] INFO sudoku.model.SudokuBoard - Bład w kwadracie 0
sudoku.model.SudokuBoard@2f14b0f6[
  size=9
  solver=sudoku.model.BacktrackingSudokuSolver@5b20706
  board={{3,6,1,2,8,9,7,5,4},{4,2,5,6,1,7,8,9,3},{7,8,9,3,5,4,1,2,6},{2,7,6,4,9,3,5,1,8},{8,5,3,7,2,1,4,6,9},{9,1,4,8,6,5,2,3,7},{1,9,7,5,3,8,6,4,2},{6,3,0,0,0,0,0,0,0},{0,0,0,0,0,0,0,0,0}}
]
15:41:40.700 [main] INFO sudoku.model.SudokuBoard - Wartość 0 wstawiona nieprawidłowo
15:41:40.700 [main] INFO sudoku.model.SudokuBoard - Bład w kwadracie 0
sudoku.model.SudokuBoard@2f14b0f6[
  size=9
  solver=sudoku.model.BacktrackingSudokuSolver@5b20706
  board={{3,6,1,2,8,9,7,5,4},{4,2,5,6,1,7,8,9,3},{7,8,9,3,5,4,1,2,6},{2,7,6,4,9,3,5,1,8},{8,5,3,7,2,1,4,6,9},{9,1,4,8,6,5,2,3,7},{1,9,7,5,3,8,6,4,2},{6,3,8,9,4,0,0,0,0},{0,0,0,0,0,0,0,0,0}}
]
15:41:40.701 [main] INFO sudoku.model.SudokuBoard - Wartość 0 wstawiona nieprawidłowo
15:41:40.701 [main] INFO sudoku.model.SudokuBoard - Bład w kwadracie 0
sudoku.model.SudokuBoard@2f14b0f6[
  size=9
  solver=sudoku.model.BacktrackingSudokuSolver@5b20706
  board={{3,6,1,2,8,9,7,5,4},{4,2,5,6,1,7,8,9,3},{7,8,9,3,5,4,1,2,6},{2,7,6,4,9,3,5,1,8},{8,5,3,7,2,1,4,6,9},{9,1,4,8,6,5,2,3,7},{1,9,7,5,3,8,6,4,2},{6,3,8,9,0,0,0,0,0},{0,0,0,0,0,0,0,0,0}}
]
15:41:40.701 [main] INFO sudoku.model.SudokuBoard - Wartość 0 wstawiona nieprawidłowo
15:41:40.701 [main] INFO sudoku.model.SudokuBoard - Bład w kwadracie 0
sudoku.model.SudokuBoard@2f14b0f6[
  size=9
  solver=sudoku.model.BacktrackingSudokuSolver@5b20706
  board={{3,6,1,2,8,9,7,5,4},{4,2,5,6,1,7,8,9,3},{7,8,9,3,5,4,1,2,6},{2,7,6,4,9,3,5,1,8},{8,5,3,7,2,1,4,6,9},{9,1,4,8,6,5,2,3,7},{1,9,7,5,3,8,6,4,2},{6,3,8,9,7,0,0,0,0},{0,0,0,0,0,0,0,0,0}}
]
15:41:40.701 [main] INFO sudoku.model.SudokuBoard - Wartość 0 wstawiona nieprawidłowo
15:41:40.701 [main] INFO sudoku.model.SudokuBoard - Bład w kwadracie 0
sudoku.model.SudokuBoard@2f14b0f6[
  size=9
  solver=sudoku.model.BacktrackingSudokuSolver@5b20706
  board={{3,6,1,2,8,9,7,5,4},{4,2,5,6,1,7,8,9,3},{7,8,9,3,5,4,1,2,6},{2,7,6,4,9,3,5,1,8},{8,5,3,7,2,1,4,6,9},{9,1,4,8,6,5,2,3,7},{1,9,7,5,3,8,6,4,2},{6,3,8,9,0,0,0,0,0},{0,0,0,0,0,0,0,0,0}}
]
15:41:40.701 [main] INFO sudoku.model.SudokuBoard - Wartość 0 wstawiona nieprawidłowo
15:41:40.701 [main] INFO sudoku.model.SudokuBoard - Bład w kwadracie 0
sudoku.model.SudokuBoard@2f14b0f6[
  size=9
  solver=sudoku.model.BacktrackingSudokuSolver@5b20706
  board={{3,6,1,2,8,9,7,5,4},{4,2,5,6,1,7,8,9,3},{7,8,9,3,5,4,1,2,6},{2,7,6,4,9,3,5,1,8},{8,5,3,7,2,1,4,6,9},{9,1,4,8,6,5,2,3,7},{1,9,7,5,3,8,6,4,2},{6,3,8,0,0,0,0,0,0},{0,0,0,0,0,0,0,0,0}}
]
15:41:40.701 [main] INFO sudoku.model.SudokuBoard - Wartość 0 wstawiona nieprawidłowo
sudoku.model.SudokuBoard@16aed49f[
  size=9
  solver=sudoku.model.BacktrackingSudokuSolver@5b20706
  board={{3,6,1,2,8,9,7,5,4},{4,2,5,6,1,7,8,9,3},{7,8,9,3,5,4,1,2,6},{2,7,6,4,9,3,5,1,8},{8,5,3,7,2,1,4,6,9},{9,1,4,8,6,5,2,3,7},{1,9,7,5,3,8,6,4,2},{6,3,8,1,4,2,9,7,5},{5,4,2,9,7,6,3,8,1}}
]
]]></system-out>
  </testcase>
  <testcase name="checkBoardTestRowFalse" classname="sudoku.model.SudokuBoardTest" time="0.014">
    <system-out><![CDATA[15:41:40.710 [main] INFO sudoku.model.SudokuBoard - Bład w kwadracie 0
sudoku.model.SudokuBoard@66de00f2[
  size=9
  solver=sudoku.model.BacktrackingSudokuSolver@6c479fdf
  board={{7,3,5,4,9,2,6,1,8},{8,4,9,5,1,6,2,7,3},{6,1,2,3,7,8,4,5,9},{9,5,6,7,8,4,1,0,0},{0,0,0,0,0,0,0,0,0},{0,0,0,0,0,0,0,0,0},{0,0,0,0,0,0,0,0,0},{0,0,0,0,0,0,0,0,0},{0,0,0,0,0,0,0,0,0}}
]
15:41:40.710 [main] INFO sudoku.model.SudokuBoard - Wartość 0 wstawiona nieprawidłowo
15:41:40.710 [main] INFO sudoku.model.SudokuBoard - Bład w kwadracie 0
sudoku.model.SudokuBoard@66de00f2[
  size=9
  solver=sudoku.model.BacktrackingSudokuSolver@6c479fdf
  board={{7,3,5,4,9,2,6,1,8},{8,4,9,5,1,6,2,7,3},{6,1,2,3,7,8,4,5,9},{9,5,6,7,8,4,1,3,2},{1,2,3,6,5,9,7,0,0},{0,0,0,0,0,0,0,0,0},{0,0,0,0,0,0,0,0,0},{0,0,0,0,0,0,0,0,0},{0,0,0,0,0,0,0,0,0}}
]
15:41:40.710 [main] INFO sudoku.model.SudokuBoard - Wartość 0 wstawiona nieprawidłowo
15:41:40.710 [main] INFO sudoku.model.SudokuBoard - Bład w kwadracie 0
sudoku.model.SudokuBoard@66de00f2[
  size=9
  solver=sudoku.model.BacktrackingSudokuSolver@6c479fdf
  board={{7,3,5,4,9,2,6,1,8},{8,4,9,5,1,6,2,7,3},{6,1,2,3,7,8,4,5,9},{9,5,6,7,8,4,1,3,2},{1,2,3,6,5,9,7,8,4},{4,7,8,1,2,3,5,0,0},{0,0,0,0,0,0,0,0,0},{0,0,0,0,0,0,0,0,0},{0,0,0,0,0,0,0,0,0}}
]
15:41:40.710 [main] INFO sudoku.model.SudokuBoard - Wartość 0 wstawiona nieprawidłowo
15:41:40.711 [main] INFO sudoku.model.SudokuBoard - Bład w kwadracie 0
sudoku.model.SudokuBoard@66de00f2[
  size=9
  solver=sudoku.model.BacktrackingSudokuSolver@6c479fdf
  board={{7,3,5,4,9,2,6,1,8},{8,4,9,5,1,6,2,7,3},{6,1,2,3,7,8,4,5,9},{9,5,6,7,8,4,1,3,2},{1,2,3,6,5,9,7,8,4},{4,7,8,1,2,3,5,9,6},{2,6,1,8,3,7,9,4,5},{3,8,7,9,6,0,0,0,0},{0,0,0,0,0,0,0,0,0}}
]
15:41:40.711 [main] INFO sudoku.model.SudokuBoard - Wartość 0 wstawiona nieprawidłowo
15:41:40.711 [main] INFO sudoku.model.SudokuBoard - Bład w kwadracie 0
sudoku.model.SudokuBoard@66de00f2[
  size=9
  solver=sudoku.model.BacktrackingSudokuSolver@6c479fdf
  board={{7,3,5,4,9,2,6,1,8},{8,4,9,5,1,6,2,7,3},{6,1,2,3,7,8,4,5,9},{9,5,6,7,8,4,1,3,2},{1,2,3,6,5,9,7,8,4},{4,7,8,1,2,3,5,9,6},{2,6,1,8,3,7,9,4,5},{3,8,7,9,6,0,0,0,0},{0,0,0,0,0,0,0,0,0}}
]
15:41:40.711 [main] INFO sudoku.model.SudokuBoard - Wartość 0 wstawiona nieprawidłowo
15:41:40.711 [main] INFO sudoku.model.SudokuBoard - Bład w kwadracie 0
sudoku.model.SudokuBoard@66de00f2[
  size=9
  solver=sudoku.model.BacktrackingSudokuSolver@6c479fdf
  board={{7,3,5,4,9,2,6,1,8},{8,4,9,5,1,6,2,7,3},{6,1,2,3,7,8,4,5,9},{9,5,6,7,8,4,1,3,2},{1,2,3,6,5,9,7,8,4},{4,7,8,1,2,3,5,9,6},{2,6,1,8,3,7,9,4,5},{3,8,7,9,0,0,0,0,0},{0,0,0,0,0,0,0,0,0}}
]
15:41:40.711 [main] INFO sudoku.model.SudokuBoard - Wartość 0 wstawiona nieprawidłowo
15:41:40.711 [main] INFO sudoku.model.SudokuBoard - Bład w kwadracie 0
sudoku.model.SudokuBoard@66de00f2[
  size=9
  solver=sudoku.model.BacktrackingSudokuSolver@6c479fdf
  board={{7,3,5,4,9,2,6,1,8},{8,4,9,5,1,6,2,7,3},{6,1,2,3,7,8,4,5,9},{9,5,6,7,8,4,1,3,2},{1,2,3,6,5,9,7,8,4},{4,7,8,1,2,3,5,9,6},{2,6,1,8,3,7,9,4,5},{3,8,7,9,4,0,0,0,0},{0,0,0,0,0,0,0,0,0}}
]
15:41:40.711 [main] INFO sudoku.model.SudokuBoard - Wartość 0 wstawiona nieprawidłowo
15:41:40.711 [main] INFO sudoku.model.SudokuBoard - Bład w kwadracie 0
sudoku.model.SudokuBoard@66de00f2[
  size=9
  solver=sudoku.model.BacktrackingSudokuSolver@6c479fdf
  board={{7,3,5,4,9,2,6,1,8},{8,4,9,5,1,6,2,7,3},{6,1,2,3,7,8,4,5,9},{9,5,6,7,8,4,1,3,2},{1,2,3,6,5,9,7,8,4},{4,7,8,1,2,3,5,9,6},{2,6,1,8,3,7,9,4,5},{3,8,7,9,4,0,0,0,0},{0,0,0,0,0,0,0,0,0}}
]
15:41:40.711 [main] INFO sudoku.model.SudokuBoard - Wartość 0 wstawiona nieprawidłowo
15:41:40.711 [main] INFO sudoku.model.SudokuBoard - Bład w kwadracie 0
sudoku.model.SudokuBoard@66de00f2[
  size=9
  solver=sudoku.model.BacktrackingSudokuSolver@6c479fdf
  board={{7,3,5,4,9,2,6,1,8},{8,4,9,5,1,6,2,7,3},{6,1,2,3,7,8,4,5,9},{9,5,6,7,8,4,1,3,2},{1,2,3,6,5,9,7,8,4},{4,7,8,1,2,3,5,9,6},{2,6,1,8,3,7,9,4,5},{3,8,7,9,0,0,0,0,0},{0,0,0,0,0,0,0,0,0}}
]
15:41:40.711 [main] INFO sudoku.model.SudokuBoard - Wartość 0 wstawiona nieprawidłowo
15:41:40.711 [main] INFO sudoku.model.SudokuBoard - Bład w kwadracie 0
sudoku.model.SudokuBoard@66de00f2[
  size=9
  solver=sudoku.model.BacktrackingSudokuSolver@6c479fdf
  board={{7,3,5,4,9,2,6,1,8},{8,4,9,5,1,6,2,7,3},{6,1,2,3,7,8,4,5,9},{9,5,6,7,8,4,1,3,2},{1,2,3,6,5,9,7,8,4},{4,7,8,1,2,3,5,9,6},{2,6,1,8,3,7,9,4,5},{3,8,7,0,0,0,0,0,0},{0,0,0,0,0,0,0,0,0}}
]
15:41:40.711 [main] INFO sudoku.model.SudokuBoard - Wartość 0 wstawiona nieprawidłowo
15:41:40.712 [main] INFO sudoku.model.SudokuBoard - Bład w kwadracie 0
sudoku.model.SudokuBoard@66de00f2[
  size=9
  solver=sudoku.model.BacktrackingSudokuSolver@6c479fdf
  board={{7,3,5,4,9,2,6,1,8},{8,4,9,5,1,6,2,7,3},{6,1,2,3,7,8,4,5,9},{9,5,6,7,8,4,1,3,2},{1,2,3,6,5,9,7,8,4},{4,7,8,1,2,3,5,9,6},{2,6,1,8,3,7,9,4,5},{3,8,7,2,6,0,0,0,0},{0,0,0,0,0,0,0,0,0}}
]
15:41:40.712 [main] INFO sudoku.model.SudokuBoard - Wartość 0 wstawiona nieprawidłowo
15:41:40.712 [main] INFO sudoku.model.SudokuBoard - Bład w kwadracie 0
sudoku.model.SudokuBoard@66de00f2[
  size=9
  solver=sudoku.model.BacktrackingSudokuSolver@6c479fdf
  board={{7,3,5,4,9,2,6,1,8},{8,4,9,5,1,6,2,7,3},{6,1,2,3,7,8,4,5,9},{9,5,6,7,8,4,1,3,2},{1,2,3,6,5,9,7,8,4},{4,7,8,1,2,3,5,9,6},{2,6,1,8,3,7,9,4,5},{3,8,7,2,6,0,0,0,0},{0,0,0,0,0,0,0,0,0}}
]
15:41:40.712 [main] INFO sudoku.model.SudokuBoard - Wartość 0 wstawiona nieprawidłowo
15:41:40.715 [main] INFO sudoku.model.SudokuBoard - Bład w kwadracie 0
sudoku.model.SudokuBoard@66de00f2[
  size=9
  solver=sudoku.model.BacktrackingSudokuSolver@6c479fdf
  board={{7,3,5,4,9,2,6,1,8},{8,4,9,5,1,6,2,7,3},{6,1,2,3,7,8,4,5,9},{9,5,6,7,8,4,1,3,2},{1,2,3,6,5,9,7,8,4},{4,7,8,1,2,3,5,9,6},{2,6,1,8,3,7,9,4,5},{3,8,7,2,0,0,0,0,0},{0,0,0,0,0,0,0,0,0}}
]
15:41:40.715 [main] INFO sudoku.model.SudokuBoard - Wartość 0 wstawiona nieprawidłowo
15:41:40.715 [main] INFO sudoku.model.SudokuBoard - Bład w kwadracie 0
sudoku.model.SudokuBoard@66de00f2[
  size=9
  solver=sudoku.model.BacktrackingSudokuSolver@6c479fdf
  board={{7,3,5,4,9,2,6,1,8},{8,4,9,5,1,6,2,7,3},{6,1,2,3,7,8,4,5,9},{9,5,6,7,8,4,1,3,2},{1,2,3,6,5,9,7,8,4},{4,7,8,1,2,3,5,9,6},{2,6,1,8,3,7,9,4,5},{3,8,7,2,4,0,0,0,0},{0,0,0,0,0,0,0,0,0}}
]
15:41:40.715 [main] INFO sudoku.model.SudokuBoard - Wartość 0 wstawiona nieprawidłowo
15:41:40.715 [main] INFO sudoku.model.SudokuBoard - Bład w kwadracie 0
sudoku.model.SudokuBoard@66de00f2[
  size=9
  solver=sudoku.model.BacktrackingSudokuSolver@6c479fdf
  board={{7,3,5,4,9,2,6,1,8},{8,4,9,5,1,6,2,7,3},{6,1,2,3,7,8,4,5,9},{9,5,6,7,8,4,1,3,2},{1,2,3,6,5,9,7,8,4},{4,7,8,1,2,3,5,9,6},{2,6,1,8,3,7,9,4,5},{3,8,7,2,4,0,0,0,0},{0,0,0,0,0,0,0,0,0}}
]
15:41:40.717 [main] INFO sudoku.model.SudokuBoard - Wartość 0 wstawiona nieprawidłowo
15:41:40.718 [main] INFO sudoku.model.SudokuBoard - Bład w kwadracie 0
sudoku.model.SudokuBoard@66de00f2[
  size=9
  solver=sudoku.model.BacktrackingSudokuSolver@6c479fdf
  board={{7,3,5,4,9,2,6,1,8},{8,4,9,5,1,6,2,7,3},{6,1,2,3,7,8,4,5,9},{9,5,6,7,8,4,1,3,2},{1,2,3,6,5,9,7,8,4},{4,7,8,1,2,3,5,9,6},{2,6,1,8,3,7,9,4,5},{3,8,7,2,0,0,0,0,0},{0,0,0,0,0,0,0,0,0}}
]
15:41:40.718 [main] INFO sudoku.model.SudokuBoard - Wartość 0 wstawiona nieprawidłowo
15:41:40.718 [main] INFO sudoku.model.SudokuBoard - Bład w kwadracie 0
sudoku.model.SudokuBoard@66de00f2[
  size=9
  solver=sudoku.model.BacktrackingSudokuSolver@6c479fdf
  board={{7,3,5,4,9,2,6,1,8},{8,4,9,5,1,6,2,7,3},{6,1,2,3,7,8,4,5,9},{9,5,6,7,8,4,1,3,2},{1,2,3,6,5,9,7,8,4},{4,7,8,1,2,3,5,9,6},{2,6,1,8,3,7,9,4,5},{3,8,7,0,0,0,0,0,0},{0,0,0,0,0,0,0,0,0}}
]
15:41:40.718 [main] INFO sudoku.model.SudokuBoard - Wartość 0 wstawiona nieprawidłowo
15:41:40.718 [main] INFO sudoku.model.SudokuBoard - Bład w kwadracie 0
sudoku.model.SudokuBoard@66de00f2[
  size=9
  solver=sudoku.model.BacktrackingSudokuSolver@6c479fdf
  board={{7,3,5,4,9,2,6,1,8},{8,4,9,5,1,6,2,7,3},{6,1,2,3,7,8,4,5,9},{9,5,6,7,8,4,1,3,2},{1,2,3,6,5,9,7,8,4},{4,7,8,1,2,3,5,9,6},{2,6,1,8,3,7,9,4,5},{3,8,0,0,0,0,0,0,0},{0,0,0,0,0,0,0,0,0}}
]
15:41:40.718 [main] INFO sudoku.model.SudokuBoard - Wartość 0 wstawiona nieprawidłowo
15:41:40.718 [main] INFO sudoku.model.SudokuBoard - Bład w kwadracie 0
sudoku.model.SudokuBoard@66de00f2[
  size=9
  solver=sudoku.model.BacktrackingSudokuSolver@6c479fdf
  board={{7,3,5,4,9,2,6,1,8},{8,4,9,5,1,6,2,7,3},{6,1,2,3,7,8,4,5,9},{9,5,6,7,8,4,1,3,2},{1,2,3,6,5,9,7,8,4},{4,7,8,1,2,3,5,9,6},{2,6,1,8,3,7,9,4,5},{3,8,4,2,6,0,0,0,0},{0,0,0,0,0,0,0,0,0}}
]
15:41:40.718 [main] INFO sudoku.model.SudokuBoard - Wartość 0 wstawiona nieprawidłowo
15:41:40.718 [main] INFO sudoku.model.SudokuBoard - Bład w kwadracie 0
sudoku.model.SudokuBoard@66de00f2[
  size=9
  solver=sudoku.model.BacktrackingSudokuSolver@6c479fdf
  board={{7,3,5,4,9,2,6,1,8},{8,4,9,5,1,6,2,7,3},{6,1,2,3,7,8,4,5,9},{9,5,6,7,8,4,1,3,2},{1,2,3,6,5,9,7,8,4},{4,7,8,1,2,3,5,9,6},{2,6,1,8,3,7,9,4,5},{3,8,4,2,6,0,0,0,0},{0,0,0,0,0,0,0,0,0}}
]
15:41:40.718 [main] INFO sudoku.model.SudokuBoard - Wartość 0 wstawiona nieprawidłowo
15:41:40.718 [main] INFO sudoku.model.SudokuBoard - Bład w kwadracie 0
sudoku.model.SudokuBoard@66de00f2[
  size=9
  solver=sudoku.model.BacktrackingSudokuSolver@6c479fdf
  board={{7,3,5,4,9,2,6,1,8},{8,4,9,5,1,6,2,7,3},{6,1,2,3,7,8,4,5,9},{9,5,6,7,8,4,1,3,2},{1,2,3,6,5,9,7,8,4},{4,7,8,1,2,3,5,9,6},{2,6,1,8,3,7,9,4,5},{3,8,4,2,0,0,0,0,0},{0,0,0,0,0,0,0,0,0}}
]
15:41:40.718 [main] INFO sudoku.model.SudokuBoard - Wartość 0 wstawiona nieprawidłowo
15:41:40.718 [main] INFO sudoku.model.SudokuBoard - Bład w kwadracie 0
sudoku.model.SudokuBoard@66de00f2[
  size=9
  solver=sudoku.model.BacktrackingSudokuSolver@6c479fdf
  board={{7,3,5,4,9,2,6,1,8},{8,4,9,5,1,6,2,7,3},{6,1,2,3,7,8,4,5,9},{9,5,6,7,8,4,1,3,2},{1,2,3,6,5,9,7,8,4},{4,7,8,1,2,3,5,9,6},{2,6,1,8,3,7,9,4,5},{3,8,4,0,0,0,0,0,0},{0,0,0,0,0,0,0,0,0}}
]
15:41:40.718 [main] INFO sudoku.model.SudokuBoard - Wartość 0 wstawiona nieprawidłowo
15:41:40.718 [main] INFO sudoku.model.SudokuBoard - Bład w kwadracie 0
sudoku.model.SudokuBoard@66de00f2[
  size=9
  solver=sudoku.model.BacktrackingSudokuSolver@6c479fdf
  board={{7,3,5,4,9,2,6,1,8},{8,4,9,5,1,6,2,7,3},{6,1,2,3,7,8,4,5,9},{9,5,6,7,8,4,1,3,2},{1,2,3,6,5,9,7,8,4},{4,7,8,1,2,3,5,9,6},{2,6,1,8,3,7,9,4,5},{3,8,4,9,6,0,0,0,0},{0,0,0,0,0,0,0,0,0}}
]
15:41:40.718 [main] INFO sudoku.model.SudokuBoard - Wartość 0 wstawiona nieprawidłowo
15:41:40.719 [main] INFO sudoku.model.SudokuBoard - Bład w kwadracie 0
sudoku.model.SudokuBoard@66de00f2[
  size=9
  solver=sudoku.model.BacktrackingSudokuSolver@6c479fdf
  board={{7,3,5,4,9,2,6,1,8},{8,4,9,5,1,6,2,7,3},{6,1,2,3,7,8,4,5,9},{9,5,6,7,8,4,1,3,2},{1,2,3,6,5,9,7,8,4},{4,7,8,1,2,3,5,9,6},{2,6,1,8,3,7,9,4,5},{3,8,4,9,6,0,0,0,0},{0,0,0,0,0,0,0,0,0}}
]
15:41:40.719 [main] INFO sudoku.model.SudokuBoard - Wartość 0 wstawiona nieprawidłowo
15:41:40.719 [main] INFO sudoku.model.SudokuBoard - Bład w kwadracie 0
sudoku.model.SudokuBoard@66de00f2[
  size=9
  solver=sudoku.model.BacktrackingSudokuSolver@6c479fdf
  board={{7,3,5,4,9,2,6,1,8},{8,4,9,5,1,6,2,7,3},{6,1,2,3,7,8,4,5,9},{9,5,6,7,8,4,1,3,2},{1,2,3,6,5,9,7,8,4},{4,7,8,1,2,3,5,9,6},{2,6,1,8,3,7,9,4,5},{3,8,4,9,0,0,0,0,0},{0,0,0,0,0,0,0,0,0}}
]
15:41:40.719 [main] INFO sudoku.model.SudokuBoard - Wartość 0 wstawiona nieprawidłowo
15:41:40.719 [main] INFO sudoku.model.SudokuBoard - Bład w kwadracie 0
sudoku.model.SudokuBoard@66de00f2[
  size=9
  solver=sudoku.model.BacktrackingSudokuSolver@6c479fdf
  board={{7,3,5,4,9,2,6,1,8},{8,4,9,5,1,6,2,7,3},{6,1,2,3,7,8,4,5,9},{9,5,6,7,8,4,1,3,2},{1,2,3,6,5,9,7,8,4},{4,7,8,1,2,3,5,9,6},{2,6,1,8,3,7,9,4,5},{3,8,4,0,0,0,0,0,0},{0,0,0,0,0,0,0,0,0}}
]
15:41:40.719 [main] INFO sudoku.model.SudokuBoard - Wartość 0 wstawiona nieprawidłowo
15:41:40.719 [main] INFO sudoku.model.SudokuBoard - Bład w kwadracie 0
sudoku.model.SudokuBoard@66de00f2[
  size=9
  solver=sudoku.model.BacktrackingSudokuSolver@6c479fdf
  board={{7,3,5,4,9,2,6,1,8},{8,4,9,5,1,6,2,7,3},{6,1,2,3,7,8,4,5,9},{9,5,6,7,8,4,1,3,2},{1,2,3,6,5,9,7,8,4},{4,7,8,1,2,3,5,9,6},{2,6,1,8,3,7,9,4,5},{3,8,0,0,0,0,0,0,0},{0,0,0,0,0,0,0,0,0}}
]
15:41:40.719 [main] INFO sudoku.model.SudokuBoard - Wartość 0 wstawiona nieprawidłowo
15:41:40.719 [main] INFO sudoku.model.SudokuBoard - Bład w kwadracie 0
sudoku.model.SudokuBoard@66de00f2[
  size=9
  solver=sudoku.model.BacktrackingSudokuSolver@6c479fdf
  board={{7,3,5,4,9,2,6,1,8},{8,4,9,5,1,6,2,7,3},{6,1,2,3,7,8,4,5,9},{9,5,6,7,8,4,1,3,2},{1,2,3,6,5,9,7,8,4},{4,7,8,1,2,3,5,9,6},{2,6,1,8,3,7,9,4,5},{3,0,0,0,0,0,0,0,0},{0,0,0,0,0,0,0,0,0}}
]
15:41:40.719 [main] INFO sudoku.model.SudokuBoard - Wartość 0 wstawiona nieprawidłowo
15:41:40.719 [main] INFO sudoku.model.SudokuBoard - Bład w kwadracie 0
sudoku.model.SudokuBoard@66de00f2[
  size=9
  solver=sudoku.model.BacktrackingSudokuSolver@6c479fdf
  board={{7,3,5,4,9,2,6,1,8},{8,4,9,5,1,6,2,7,3},{6,1,2,3,7,8,4,5,9},{9,5,6,7,8,4,1,3,2},{1,2,3,6,5,9,7,8,4},{4,7,8,1,2,3,5,9,6},{2,6,1,8,3,7,9,4,5},{3,9,7,2,6,1,0,0,0},{0,0,0,0,0,0,0,0,0}}
]
15:41:40.719 [main] INFO sudoku.model.SudokuBoard - Wartość 0 wstawiona nieprawidłowo
15:41:40.719 [main] INFO sudoku.model.SudokuBoard - Bład w kwadracie 0
sudoku.model.SudokuBoard@66de00f2[
  size=9
  solver=sudoku.model.BacktrackingSudokuSolver@6c479fdf
  board={{7,3,5,4,9,2,6,1,8},{8,4,9,5,1,6,2,7,3},{6,1,2,3,7,8,4,5,9},{9,5,6,7,8,4,1,3,2},{1,2,3,6,5,9,7,8,4},{4,7,8,1,2,3,5,9,6},{2,6,1,8,3,7,9,4,5},{3,9,7,2,6,0,0,0,0},{0,0,0,0,0,0,0,0,0}}
]
15:41:40.720 [main] INFO sudoku.model.SudokuBoard - Wartość 0 wstawiona nieprawidłowo
15:41:40.720 [main] INFO sudoku.model.SudokuBoard - Bład w kwadracie 0
sudoku.model.SudokuBoard@66de00f2[
  size=9
  solver=sudoku.model.BacktrackingSudokuSolver@6c479fdf
  board={{7,3,5,4,9,2,6,1,8},{8,4,9,5,1,6,2,7,3},{6,1,2,3,7,8,4,5,9},{9,5,6,7,8,4,1,3,2},{1,2,3,6,5,9,7,8,4},{4,7,8,1,2,3,5,9,6},{2,6,1,8,3,7,9,4,5},{3,9,7,2,6,5,0,0,0},{0,0,0,0,0,0,0,0,0}}
]
15:41:40.720 [main] INFO sudoku.model.SudokuBoard - Wartość 0 wstawiona nieprawidłowo
15:41:40.720 [main] INFO sudoku.model.SudokuBoard - Bład w kwadracie 0
sudoku.model.SudokuBoard@66de00f2[
  size=9
  solver=sudoku.model.BacktrackingSudokuSolver@6c479fdf
  board={{7,3,5,4,9,2,6,1,8},{8,4,9,5,1,6,2,7,3},{6,1,2,3,7,8,4,5,9},{9,5,6,7,8,4,1,3,2},{1,2,3,6,5,9,7,8,4},{4,7,8,1,2,3,5,9,6},{2,6,1,8,3,7,9,4,5},{3,9,7,2,6,0,0,0,0},{0,0,0,0,0,0,0,0,0}}
]
15:41:40.720 [main] INFO sudoku.model.SudokuBoard - Wartość 0 wstawiona nieprawidłowo
15:41:40.720 [main] INFO sudoku.model.SudokuBoard - Bład w kwadracie 0
sudoku.model.SudokuBoard@66de00f2[
  size=9
  solver=sudoku.model.BacktrackingSudokuSolver@6c479fdf
  board={{7,3,5,4,9,2,6,1,8},{8,4,9,5,1,6,2,7,3},{6,1,2,3,7,8,4,5,9},{9,5,6,7,8,4,1,3,2},{1,2,3,6,5,9,7,8,4},{4,7,8,1,2,3,5,9,6},{2,6,1,8,3,7,9,4,5},{3,9,7,2,0,0,0,0,0},{0,0,0,0,0,0,0,0,0}}
]
15:41:40.720 [main] INFO sudoku.model.SudokuBoard - Wartość 0 wstawiona nieprawidłowo
15:41:40.720 [main] INFO sudoku.model.SudokuBoard - Bład w kwadracie 0
sudoku.model.SudokuBoard@66de00f2[
  size=9
  solver=sudoku.model.BacktrackingSudokuSolver@6c479fdf
  board={{1,3,5,4,9,2,6,1,8},{8,4,9,5,1,6,2,7,3},{6,1,2,3,7,8,4,5,9},{9,5,6,7,8,4,1,3,2},{1,2,3,6,5,9,7,8,4},{4,7,8,1,2,3,5,9,6},{2,6,1,8,3,7,9,4,5},{3,9,7,2,4,5,8,6,1},{5,8,4,9,6,1,3,2,7}}
]
15:41:40.720 [main] INFO sudoku.model.SudokuBoard - Wartość 1 wstawiona nieprawidłowo
15:41:40.720 [main] INFO sudoku.model.SudokuBoard - Bład w kwadracie 0
sudoku.model.SudokuBoard@66de00f2[
  size=9
  solver=sudoku.model.BacktrackingSudokuSolver@6c479fdf
  board={{1,1,5,4,9,2,6,1,8},{8,4,9,5,1,6,2,7,3},{6,1,2,3,7,8,4,5,9},{9,5,6,7,8,4,1,3,2},{1,2,3,6,5,9,7,8,4},{4,7,8,1,2,3,5,9,6},{2,6,1,8,3,7,9,4,5},{3,9,7,2,4,5,8,6,1},{5,8,4,9,6,1,3,2,7}}
]
15:41:40.720 [main] INFO sudoku.model.SudokuBoard - Wartość 1 wstawiona nieprawidłowo
15:41:40.720 [main] INFO sudoku.model.SudokuBoard - Bład w kwadracie 0
sudoku.model.SudokuBoard@79d82f66[
  size=9
  solver=sudoku.model.BacktrackingSudokuSolver@6c479fdf
  board={{1,1,5,4,9,2,6,1,8},{8,4,9,5,1,6,2,7,3},{6,1,2,3,7,8,4,5,9},{9,5,6,7,8,4,1,3,2},{1,2,3,6,5,9,7,8,4},{4,7,8,1,2,3,5,9,6},{2,6,1,8,3,7,9,4,5},{3,9,7,2,4,5,8,6,1},{5,8,4,9,6,1,3,2,7}}
]
]]></system-out>
  </testcase>
  <testcase name="testEqualsDiffrentInstance" classname="sudoku.model.SudokuBoardTest" time="0.001"/>
  <testcase name="cloneTest" classname="sudoku.model.SudokuBoardTest" time="0.019">
    <system-out><![CDATA[15:41:40.725 [main] INFO sudoku.model.SudokuBoard - Bład w kwadracie 0
sudoku.model.SudokuBoard@19b206ee[
  size=9
  solver=sudoku.model.BacktrackingSudokuSolver@ffd4cba
  board={{6,4,7,8,9,5,1,2,3},{1,5,2,3,4,7,6,8,9},{3,8,9,2,6,1,7,4,5},{4,3,1,9,2,6,5,7,8},{5,7,6,4,8,3,9,1,2},{8,0,0,0,0,0,0,0,0},{0,0,0,0,0,0,0,0,0},{0,0,0,0,0,0,0,0,0},{0,0,0,0,0,0,0,0,0}}
]
15:41:40.725 [main] INFO sudoku.model.SudokuBoard - Wartość 0 wstawiona nieprawidłowo
15:41:40.725 [main] INFO sudoku.model.SudokuBoard - Bład w kwadracie 0
sudoku.model.SudokuBoard@19b206ee[
  size=9
  solver=sudoku.model.BacktrackingSudokuSolver@ffd4cba
  board={{6,4,7,8,9,5,1,2,3},{1,5,2,3,4,7,6,8,9},{3,8,9,2,6,1,7,4,5},{4,3,1,9,2,6,5,7,8},{5,7,6,4,8,3,9,1,2},{8,0,0,0,0,0,0,0,0},{0,0,0,0,0,0,0,0,0},{0,0,0,0,0,0,0,0,0},{0,0,0,0,0,0,0,0,0}}
]
15:41:40.725 [main] INFO sudoku.model.SudokuBoard - Wartość 0 wstawiona nieprawidłowo
15:41:40.725 [main] INFO sudoku.model.SudokuBoard - Bład w kwadracie 0
sudoku.model.SudokuBoard@19b206ee[
  size=9
  solver=sudoku.model.BacktrackingSudokuSolver@ffd4cba
  board={{6,4,7,8,9,5,1,2,3},{1,5,2,3,4,7,6,8,9},{3,8,9,2,6,1,7,4,5},{4,3,1,9,2,6,5,7,8},{5,7,6,4,8,3,9,1,2},{0,0,0,0,0,0,0,0,0},{0,0,0,0,0,0,0,0,0},{0,0,0,0,0,0,0,0,0},{0,0,0,0,0,0,0,0,0}}
]
15:41:40.725 [main] INFO sudoku.model.SudokuBoard - Wartość 0 wstawiona nieprawidłowo
15:41:40.725 [main] INFO sudoku.model.SudokuBoard - Bład w kwadracie 0
sudoku.model.SudokuBoard@19b206ee[
  size=9
  solver=sudoku.model.BacktrackingSudokuSolver@ffd4cba
  board={{6,4,7,8,9,5,1,2,3},{1,5,2,3,4,7,6,8,9},{3,8,9,2,6,1,7,4,5},{4,3,1,9,2,6,5,7,8},{5,7,6,4,8,3,9,1,2},{9,2,8,1,0,0,0,0,0},{0,0,0,0,0,0,0,0,0},{0,0,0,0,0,0,0,0,0},{0,0,0,0,0,0,0,0,0}}
]
15:41:40.725 [main] INFO sudoku.model.SudokuBoard - Wartość 0 wstawiona nieprawidłowo
15:41:40.725 [main] INFO sudoku.model.SudokuBoard - Bład w kwadracie 0
sudoku.model.SudokuBoard@19b206ee[
  size=9
  solver=sudoku.model.BacktrackingSudokuSolver@ffd4cba
  board={{6,4,7,8,9,5,1,2,3},{1,5,2,3,4,7,6,8,9},{3,8,9,2,6,1,7,4,5},{4,3,1,9,2,6,5,7,8},{5,7,6,4,8,3,9,1,2},{9,2,8,1,0,0,0,0,0},{0,0,0,0,0,0,0,0,0},{0,0,0,0,0,0,0,0,0},{0,0,0,0,0,0,0,0,0}}
]
15:41:40.725 [main] INFO sudoku.model.SudokuBoard - Wartość 0 wstawiona nieprawidłowo
15:41:40.726 [main] INFO sudoku.model.SudokuBoard - Bład w kwadracie 0
sudoku.model.SudokuBoard@19b206ee[
  size=9
  solver=sudoku.model.BacktrackingSudokuSolver@ffd4cba
  board={{6,4,7,8,9,5,1,2,3},{1,5,2,3,4,7,6,8,9},{3,8,9,2,6,1,7,4,5},{4,3,1,9,2,6,5,7,8},{5,7,6,4,8,3,9,1,2},{9,2,8,0,0,0,0,0,0},{0,0,0,0,0,0,0,0,0},{0,0,0,0,0,0,0,0,0},{0,0,0,0,0,0,0,0,0}}
]
15:41:40.726 [main] INFO sudoku.model.SudokuBoard - Wartość 0 wstawiona nieprawidłowo
15:41:40.726 [main] INFO sudoku.model.SudokuBoard - Bład w kwadracie 0
sudoku.model.SudokuBoard@19b206ee[
  size=9
  solver=sudoku.model.BacktrackingSudokuSolver@ffd4cba
  board={{6,4,7,8,9,5,1,2,3},{1,5,2,3,4,7,6,8,9},{3,8,9,2,6,1,7,4,5},{4,3,1,9,2,6,5,7,8},{5,7,6,4,8,3,9,1,2},{9,2,8,5,0,0,0,0,0},{0,0,0,0,0,0,0,0,0},{0,0,0,0,0,0,0,0,0},{0,0,0,0,0,0,0,0,0}}
]
15:41:40.726 [main] INFO sudoku.model.SudokuBoard - Wartość 0 wstawiona nieprawidłowo
15:41:40.726 [main] INFO sudoku.model.SudokuBoard - Bład w kwadracie 0
sudoku.model.SudokuBoard@19b206ee[
  size=9
  solver=sudoku.model.BacktrackingSudokuSolver@ffd4cba
  board={{6,4,7,8,9,5,1,2,3},{1,5,2,3,4,7,6,8,9},{3,8,9,2,6,1,7,4,5},{4,3,1,9,2,6,5,7,8},{5,7,6,4,8,3,9,1,2},{9,2,8,5,0,0,0,0,0},{0,0,0,0,0,0,0,0,0},{0,0,0,0,0,0,0,0,0},{0,0,0,0,0,0,0,0,0}}
]
15:41:40.726 [main] INFO sudoku.model.SudokuBoard - Wartość 0 wstawiona nieprawidłowo
15:41:40.726 [main] INFO sudoku.model.SudokuBoard - Bład w kwadracie 0
sudoku.model.SudokuBoard@19b206ee[
  size=9
  solver=sudoku.model.BacktrackingSudokuSolver@ffd4cba
  board={{6,4,7,8,9,5,1,2,3},{1,5,2,3,4,7,6,8,9},{3,8,9,2,6,1,7,4,5},{4,3,1,9,2,6,5,7,8},{5,7,6,4,8,3,9,1,2},{9,2,8,0,0,0,0,0,0},{0,0,0,0,0,0,0,0,0},{0,0,0,0,0,0,0,0,0},{0,0,0,0,0,0,0,0,0}}
]
15:41:40.726 [main] INFO sudoku.model.SudokuBoard - Wartość 0 wstawiona nieprawidłowo
15:41:40.726 [main] INFO sudoku.model.SudokuBoard - Bład w kwadracie 0
sudoku.model.SudokuBoard@19b206ee[
  size=9
  solver=sudoku.model.BacktrackingSudokuSolver@ffd4cba
  board={{6,4,7,8,9,5,1,2,3},{1,5,2,3,4,7,6,8,9},{3,8,9,2,6,1,7,4,5},{4,3,1,9,2,6,5,7,8},{5,7,6,4,8,3,9,1,2},{9,2,8,7,0,0,0,0,0},{0,0,0,0,0,0,0,0,0},{0,0,0,0,0,0,0,0,0},{0,0,0,0,0,0,0,0,0}}
]
15:41:40.726 [main] INFO sudoku.model.SudokuBoard - Wartość 0 wstawiona nieprawidłowo
15:41:40.727 [main] INFO sudoku.model.SudokuBoard - Bład w kwadracie 0
sudoku.model.SudokuBoard@19b206ee[
  size=9
  solver=sudoku.model.BacktrackingSudokuSolver@ffd4cba
  board={{6,4,7,8,9,5,1,2,3},{1,5,2,3,4,7,6,8,9},{3,8,9,2,6,1,7,4,5},{4,3,1,9,2,6,5,7,8},{5,7,6,4,8,3,9,1,2},{9,2,8,7,0,0,0,0,0},{0,0,0,0,0,0,0,0,0},{0,0,0,0,0,0,0,0,0},{0,0,0,0,0,0,0,0,0}}
]
15:41:40.727 [main] INFO sudoku.model.SudokuBoard - Wartość 0 wstawiona nieprawidłowo
15:41:40.727 [main] INFO sudoku.model.SudokuBoard - Bład w kwadracie 0
sudoku.model.SudokuBoard@19b206ee[
  size=9
  solver=sudoku.model.BacktrackingSudokuSolver@ffd4cba
  board={{6,4,7,8,9,5,1,2,3},{1,5,2,3,4,7,6,8,9},{3,8,9,2,6,1,7,4,5},{4,3,1,9,2,6,5,7,8},{5,7,6,4,8,3,9,1,2},{9,2,8,0,0,0,0,0,0},{0,0,0,0,0,0,0,0,0},{0,0,0,0,0,0,0,0,0},{0,0,0,0,0,0,0,0,0}}
]
15:41:40.727 [main] INFO sudoku.model.SudokuBoard - Wartość 0 wstawiona nieprawidłowo
15:41:40.727 [main] INFO sudoku.model.SudokuBoard - Bład w kwadracie 0
sudoku.model.SudokuBoard@19b206ee[
  size=9
  solver=sudoku.model.BacktrackingSudokuSolver@ffd4cba
  board={{6,4,7,8,9,5,1,2,3},{1,5,2,3,4,7,6,8,9},{3,8,9,2,6,1,7,4,5},{4,3,1,9,2,6,5,7,8},{5,7,6,4,8,3,9,1,2},{9,2,0,0,0,0,0,0,0},{0,0,0,0,0,0,0,0,0},{0,0,0,0,0,0,0,0,0},{0,0,0,0,0,0,0,0,0}}
]
15:41:40.727 [main] INFO sudoku.model.SudokuBoard - Wartość 0 wstawiona nieprawidłowo
15:41:40.728 [main] INFO sudoku.model.SudokuBoard - Bład w kwadracie 0
sudoku.model.SudokuBoard@19b206ee[
  size=9
  solver=sudoku.model.BacktrackingSudokuSolver@ffd4cba
  board={{6,4,7,8,9,5,1,2,3},{1,5,2,3,4,7,6,8,9},{3,8,9,2,6,1,7,4,5},{4,3,1,9,2,6,5,7,8},{5,7,6,4,8,3,9,1,2},{9,0,0,0,0,0,0,0,0},{0,0,0,0,0,0,0,0,0},{0,0,0,0,0,0,0,0,0},{0,0,0,0,0,0,0,0,0}}
]
15:41:40.728 [main] INFO sudoku.model.SudokuBoard - Wartość 0 wstawiona nieprawidłowo
15:41:40.728 [main] INFO sudoku.model.SudokuBoard - Bład w kwadracie 0
sudoku.model.SudokuBoard@19b206ee[
  size=9
  solver=sudoku.model.BacktrackingSudokuSolver@ffd4cba
  board={{6,4,7,8,9,5,1,2,3},{1,5,2,3,4,7,6,8,9},{3,8,9,2,6,1,7,4,5},{4,3,1,9,2,6,5,7,8},{5,7,6,4,8,3,9,1,2},{0,0,0,0,0,0,0,0,0},{0,0,0,0,0,0,0,0,0},{0,0,0,0,0,0,0,0,0},{0,0,0,0,0,0,0,0,0}}
]
15:41:40.728 [main] INFO sudoku.model.SudokuBoard - Wartość 0 wstawiona nieprawidłowo
15:41:40.728 [main] INFO sudoku.model.SudokuBoard - Bład w kwadracie 0
sudoku.model.SudokuBoard@19b206ee[
  size=9
  solver=sudoku.model.BacktrackingSudokuSolver@ffd4cba
  board={{6,4,7,8,9,5,1,2,3},{1,5,2,3,4,7,6,8,9},{3,8,9,2,6,1,7,4,5},{4,3,1,9,2,6,5,7,8},{5,7,6,4,8,3,9,1,2},{2,9,8,5,0,0,0,0,0},{0,0,0,0,0,0,0,0,0},{0,0,0,0,0,0,0,0,0},{0,0,0,0,0,0,0,0,0}}
]
15:41:40.728 [main] INFO sudoku.model.SudokuBoard - Wartość 0 wstawiona nieprawidłowo
15:41:40.728 [main] INFO sudoku.model.SudokuBoard - Bład w kwadracie 0
sudoku.model.SudokuBoard@19b206ee[
  size=9
  solver=sudoku.model.BacktrackingSudokuSolver@ffd4cba
  board={{6,4,7,8,9,5,1,2,3},{1,5,2,3,4,7,6,8,9},{3,8,9,2,6,1,7,4,5},{4,3,1,9,2,6,5,7,8},{5,7,6,4,8,3,9,1,2},{2,9,8,5,0,0,0,0,0},{0,0,0,0,0,0,0,0,0},{0,0,0,0,0,0,0,0,0},{0,0,0,0,0,0,0,0,0}}
]
15:41:40.728 [main] INFO sudoku.model.SudokuBoard - Wartość 0 wstawiona nieprawidłowo
15:41:40.730 [main] INFO sudoku.model.SudokuBoard - Bład w kwadracie 0
sudoku.model.SudokuBoard@19b206ee[
  size=9
  solver=sudoku.model.BacktrackingSudokuSolver@ffd4cba
  board={{6,4,7,8,9,5,1,2,3},{1,5,2,3,4,7,6,8,9},{3,8,9,2,6,1,7,4,5},{4,3,1,9,2,6,5,7,8},{5,7,6,4,8,3,9,1,2},{2,9,8,0,0,0,0,0,0},{0,0,0,0,0,0,0,0,0},{0,0,0,0,0,0,0,0,0},{0,0,0,0,0,0,0,0,0}}
]
15:41:40.730 [main] INFO sudoku.model.SudokuBoard - Wartość 0 wstawiona nieprawidłowo
15:41:40.730 [main] INFO sudoku.model.SudokuBoard - Bład w kwadracie 0
sudoku.model.SudokuBoard@19b206ee[
  size=9
  solver=sudoku.model.BacktrackingSudokuSolver@ffd4cba
  board={{6,4,7,8,9,5,1,2,3},{1,5,2,3,4,7,6,8,9},{3,8,9,2,6,1,7,4,5},{4,3,1,9,2,6,5,7,8},{5,7,6,4,8,3,9,1,2},{2,9,8,7,0,0,0,0,0},{0,0,0,0,0,0,0,0,0},{0,0,0,0,0,0,0,0,0},{0,0,0,0,0,0,0,0,0}}
]
15:41:40.730 [main] INFO sudoku.model.SudokuBoard - Wartość 0 wstawiona nieprawidłowo
15:41:40.730 [main] INFO sudoku.model.SudokuBoard - Bład w kwadracie 0
sudoku.model.SudokuBoard@19b206ee[
  size=9
  solver=sudoku.model.BacktrackingSudokuSolver@ffd4cba
  board={{6,4,7,8,9,5,1,2,3},{1,5,2,3,4,7,6,8,9},{3,8,9,2,6,1,7,4,5},{4,3,1,9,2,6,5,7,8},{5,7,6,4,8,3,9,1,2},{2,9,8,7,0,0,0,0,0},{0,0,0,0,0,0,0,0,0},{0,0,0,0,0,0,0,0,0},{0,0,0,0,0,0,0,0,0}}
]
15:41:40.730 [main] INFO sudoku.model.SudokuBoard - Wartość 0 wstawiona nieprawidłowo
15:41:40.730 [main] INFO sudoku.model.SudokuBoard - Bład w kwadracie 0
sudoku.model.SudokuBoard@19b206ee[
  size=9
  solver=sudoku.model.BacktrackingSudokuSolver@ffd4cba
  board={{6,4,7,8,9,5,1,2,3},{1,5,2,3,4,7,6,8,9},{3,8,9,2,6,1,7,4,5},{4,3,1,9,2,6,5,7,8},{5,7,6,4,8,3,9,1,2},{2,9,8,0,0,0,0,0,0},{0,0,0,0,0,0,0,0,0},{0,0,0,0,0,0,0,0,0},{0,0,0,0,0,0,0,0,0}}
]
15:41:40.730 [main] INFO sudoku.model.SudokuBoard - Wartość 0 wstawiona nieprawidłowo
15:41:40.730 [main] INFO sudoku.model.SudokuBoard - Bład w kwadracie 0
sudoku.model.SudokuBoard@19b206ee[
  size=9
  solver=sudoku.model.BacktrackingSudokuSolver@ffd4cba
  board={{6,4,7,8,9,5,1,2,3},{1,5,2,3,4,7,6,8,9},{3,8,9,2,6,1,7,4,5},{4,3,1,9,2,6,5,7,8},{5,7,6,4,8,3,9,1,2},{2,9,8,1,0,0,0,0,0},{0,0,0,0,0,0,0,0,0},{0,0,0,0,0,0,0,0,0},{0,0,0,0,0,0,0,0,0}}
]
15:41:40.730 [main] INFO sudoku.model.SudokuBoard - Wartość 0 wstawiona nieprawidłowo
15:41:40.730 [main] INFO sudoku.model.SudokuBoard - Bład w kwadracie 0
sudoku.model.SudokuBoard@19b206ee[
  size=9
  solver=sudoku.model.BacktrackingSudokuSolver@ffd4cba
  board={{6,4,7,8,9,5,1,2,3},{1,5,2,3,4,7,6,8,9},{3,8,9,2,6,1,7,4,5},{4,3,1,9,2,6,5,7,8},{5,7,6,4,8,3,9,1,2},{2,9,8,1,0,0,0,0,0},{0,0,0,0,0,0,0,0,0},{0,0,0,0,0,0,0,0,0},{0,0,0,0,0,0,0,0,0}}
]
15:41:40.730 [main] INFO sudoku.model.SudokuBoard - Wartość 0 wstawiona nieprawidłowo
15:41:40.730 [main] INFO sudoku.model.SudokuBoard - Bład w kwadracie 0
sudoku.model.SudokuBoard@19b206ee[
  size=9
  solver=sudoku.model.BacktrackingSudokuSolver@ffd4cba
  board={{6,4,7,8,9,5,1,2,3},{1,5,2,3,4,7,6,8,9},{3,8,9,2,6,1,7,4,5},{4,3,1,9,2,6,5,7,8},{5,7,6,4,8,3,9,1,2},{2,9,8,0,0,0,0,0,0},{0,0,0,0,0,0,0,0,0},{0,0,0,0,0,0,0,0,0},{0,0,0,0,0,0,0,0,0}}
]
15:41:40.730 [main] INFO sudoku.model.SudokuBoard - Wartość 0 wstawiona nieprawidłowo
15:41:40.731 [main] INFO sudoku.model.SudokuBoard - Bład w kwadracie 0
sudoku.model.SudokuBoard@19b206ee[
  size=9
  solver=sudoku.model.BacktrackingSudokuSolver@ffd4cba
  board={{6,4,7,8,9,5,1,2,3},{1,5,2,3,4,7,6,8,9},{3,8,9,2,6,1,7,4,5},{4,3,1,9,2,6,5,7,8},{5,7,6,4,8,3,9,1,2},{2,9,0,0,0,0,0,0,0},{0,0,0,0,0,0,0,0,0},{0,0,0,0,0,0,0,0,0},{0,0,0,0,0,0,0,0,0}}
]
15:41:40.731 [main] INFO sudoku.model.SudokuBoard - Wartość 0 wstawiona nieprawidłowo
15:41:40.731 [main] INFO sudoku.model.SudokuBoard - Bład w kwadracie 0
sudoku.model.SudokuBoard@19b206ee[
  size=9
  solver=sudoku.model.BacktrackingSudokuSolver@ffd4cba
  board={{6,4,7,8,9,5,1,2,3},{1,5,2,3,4,7,6,8,9},{3,8,9,2,6,1,7,4,5},{4,3,1,9,2,6,5,7,8},{5,7,6,4,8,3,9,1,2},{2,0,0,0,0,0,0,0,0},{0,0,0,0,0,0,0,0,0},{0,0,0,0,0,0,0,0,0},{0,0,0,0,0,0,0,0,0}}
]
15:41:40.731 [main] INFO sudoku.model.SudokuBoard - Wartość 0 wstawiona nieprawidłowo
15:41:40.731 [main] INFO sudoku.model.SudokuBoard - Bład w kwadracie 0
sudoku.model.SudokuBoard@19b206ee[
  size=9
  solver=sudoku.model.BacktrackingSudokuSolver@ffd4cba
  board={{6,4,7,8,9,5,1,2,3},{1,5,2,3,4,7,6,8,9},{3,8,9,2,6,1,7,4,5},{4,3,1,9,2,6,5,7,8},{5,7,6,4,8,3,9,1,2},{0,0,0,0,0,0,0,0,0},{0,0,0,0,0,0,0,0,0},{0,0,0,0,0,0,0,0,0},{0,0,0,0,0,0,0,0,0}}
]
15:41:40.731 [main] INFO sudoku.model.SudokuBoard - Wartość 0 wstawiona nieprawidłowo
15:41:40.732 [main] INFO sudoku.model.SudokuBoard - Bład w kwadracie 0
sudoku.model.SudokuBoard@19b206ee[
  size=9
  solver=sudoku.model.BacktrackingSudokuSolver@ffd4cba
  board={{6,4,7,8,9,5,1,2,3},{1,5,2,3,4,7,6,8,9},{3,8,9,2,6,1,7,4,5},{4,3,1,9,2,6,5,7,8},{5,7,6,4,8,3,9,1,0},{0,0,0,0,0,0,0,0,0},{0,0,0,0,0,0,0,0,0},{0,0,0,0,0,0,0,0,0},{0,0,0,0,0,0,0,0,0}}
]
15:41:40.732 [main] INFO sudoku.model.SudokuBoard - Wartość 0 wstawiona nieprawidłowo
15:41:40.732 [main] INFO sudoku.model.SudokuBoard - Bład w kwadracie 0
sudoku.model.SudokuBoard@19b206ee[
  size=9
  solver=sudoku.model.BacktrackingSudokuSolver@ffd4cba
  board={{6,4,7,8,9,5,1,2,3},{1,5,2,3,4,7,6,8,9},{3,8,9,2,6,1,7,4,5},{4,3,1,9,2,6,5,7,8},{5,7,6,4,8,3,9,0,0},{0,0,0,0,0,0,0,0,0},{0,0,0,0,0,0,0,0,0},{0,0,0,0,0,0,0,0,0},{0,0,0,0,0,0,0,0,0}}
]
15:41:40.732 [main] INFO sudoku.model.SudokuBoard - Wartość 0 wstawiona nieprawidłowo
15:41:40.732 [main] INFO sudoku.model.SudokuBoard - Bład w kwadracie 0
sudoku.model.SudokuBoard@19b206ee[
  size=9
  solver=sudoku.model.BacktrackingSudokuSolver@ffd4cba
  board={{6,4,7,8,9,5,1,2,3},{1,5,2,3,4,7,6,8,9},{3,8,9,2,6,1,7,4,5},{4,3,1,9,2,6,5,7,8},{5,7,6,4,8,3,0,0,0},{0,0,0,0,0,0,0,0,0},{0,0,0,0,0,0,0,0,0},{0,0,0,0,0,0,0,0,0},{0,0,0,0,0,0,0,0,0}}
]
15:41:40.732 [main] INFO sudoku.model.SudokuBoard - Wartość 0 wstawiona nieprawidłowo
15:41:40.732 [main] INFO sudoku.model.SudokuBoard - Bład w kwadracie 0
sudoku.model.SudokuBoard@19b206ee[
  size=9
  solver=sudoku.model.BacktrackingSudokuSolver@ffd4cba
  board={{6,4,7,8,9,5,1,2,3},{1,5,2,3,4,7,6,8,9},{3,8,9,2,6,1,7,4,5},{4,3,1,9,2,6,5,7,8},{5,7,6,4,8,3,2,9,1},{8,0,0,0,0,0,0,0,0},{0,0,0,0,0,0,0,0,0},{0,0,0,0,0,0,0,0,0},{0,0,0,0,0,0,0,0,0}}
]
15:41:40.732 [main] INFO sudoku.model.SudokuBoard - Wartość 0 wstawiona nieprawidłowo
15:41:40.732 [main] INFO sudoku.model.SudokuBoard - Bład w kwadracie 0
sudoku.model.SudokuBoard@19b206ee[
  size=9
  solver=sudoku.model.BacktrackingSudokuSolver@ffd4cba
  board={{6,4,7,8,9,5,1,2,3},{1,5,2,3,4,7,6,8,9},{3,8,9,2,6,1,7,4,5},{4,3,1,9,2,6,5,7,8},{5,7,6,4,8,3,2,9,1},{8,0,0,0,0,0,0,0,0},{0,0,0,0,0,0,0,0,0},{0,0,0,0,0,0,0,0,0},{0,0,0,0,0,0,0,0,0}}
]
15:41:40.732 [main] INFO sudoku.model.SudokuBoard - Wartość 0 wstawiona nieprawidłowo
15:41:40.732 [main] INFO sudoku.model.SudokuBoard - Bład w kwadracie 0
sudoku.model.SudokuBoard@19b206ee[
  size=9
  solver=sudoku.model.BacktrackingSudokuSolver@ffd4cba
  board={{6,4,7,8,9,5,1,2,3},{1,5,2,3,4,7,6,8,9},{3,8,9,2,6,1,7,4,5},{4,3,1,9,2,6,5,7,8},{5,7,6,4,8,3,2,9,1},{0,0,0,0,0,0,0,0,0},{0,0,0,0,0,0,0,0,0},{0,0,0,0,0,0,0,0,0},{0,0,0,0,0,0,0,0,0}}
]
15:41:40.732 [main] INFO sudoku.model.SudokuBoard - Wartość 0 wstawiona nieprawidłowo
15:41:40.732 [main] INFO sudoku.model.SudokuBoard - Bład w kwadracie 0
sudoku.model.SudokuBoard@19b206ee[
  size=9
  solver=sudoku.model.BacktrackingSudokuSolver@ffd4cba
  board={{6,4,7,8,9,5,1,2,3},{1,5,2,3,4,7,6,8,9},{3,8,9,2,6,1,7,4,5},{4,3,1,9,2,6,5,7,8},{5,7,6,4,8,3,2,9,1},{9,2,8,1,0,0,0,0,0},{0,0,0,0,0,0,0,0,0},{0,0,0,0,0,0,0,0,0},{0,0,0,0,0,0,0,0,0}}
]
15:41:40.732 [main] INFO sudoku.model.SudokuBoard - Wartość 0 wstawiona nieprawidłowo
15:41:40.732 [main] INFO sudoku.model.SudokuBoard - Bład w kwadracie 0
sudoku.model.SudokuBoard@19b206ee[
  size=9
  solver=sudoku.model.BacktrackingSudokuSolver@ffd4cba
  board={{6,4,7,8,9,5,1,2,3},{1,5,2,3,4,7,6,8,9},{3,8,9,2,6,1,7,4,5},{4,3,1,9,2,6,5,7,8},{5,7,6,4,8,3,2,9,1},{9,2,8,1,0,0,0,0,0},{0,0,0,0,0,0,0,0,0},{0,0,0,0,0,0,0,0,0},{0,0,0,0,0,0,0,0,0}}
]
15:41:40.733 [main] INFO sudoku.model.SudokuBoard - Wartość 0 wstawiona nieprawidłowo
15:41:40.733 [main] INFO sudoku.model.SudokuBoard - Bład w kwadracie 0
sudoku.model.SudokuBoard@19b206ee[
  size=9
  solver=sudoku.model.BacktrackingSudokuSolver@ffd4cba
  board={{6,4,7,8,9,5,1,2,3},{1,5,2,3,4,7,6,8,9},{3,8,9,2,6,1,7,4,5},{4,3,1,9,2,6,5,7,8},{5,7,6,4,8,3,2,9,1},{9,2,8,0,0,0,0,0,0},{0,0,0,0,0,0,0,0,0},{0,0,0,0,0,0,0,0,0},{0,0,0,0,0,0,0,0,0}}
]
15:41:40.733 [main] INFO sudoku.model.SudokuBoard - Wartość 0 wstawiona nieprawidłowo
15:41:40.733 [main] INFO sudoku.model.SudokuBoard - Bład w kwadracie 0
sudoku.model.SudokuBoard@19b206ee[
  size=9
  solver=sudoku.model.BacktrackingSudokuSolver@ffd4cba
  board={{6,4,7,8,9,5,1,2,3},{1,5,2,3,4,7,6,8,9},{3,8,9,2,6,1,7,4,5},{4,3,1,9,2,6,5,7,8},{5,7,6,4,8,3,2,9,1},{9,2,8,5,0,0,0,0,0},{0,0,0,0,0,0,0,0,0},{0,0,0,0,0,0,0,0,0},{0,0,0,0,0,0,0,0,0}}
]
15:41:40.733 [main] INFO sudoku.model.SudokuBoard - Wartość 0 wstawiona nieprawidłowo
15:41:40.733 [main] INFO sudoku.model.SudokuBoard - Bład w kwadracie 0
sudoku.model.SudokuBoard@19b206ee[
  size=9
  solver=sudoku.model.BacktrackingSudokuSolver@ffd4cba
  board={{6,4,7,8,9,5,1,2,3},{1,5,2,3,4,7,6,8,9},{3,8,9,2,6,1,7,4,5},{4,3,1,9,2,6,5,7,8},{5,7,6,4,8,3,2,9,1},{9,2,8,5,0,0,0,0,0},{0,0,0,0,0,0,0,0,0},{0,0,0,0,0,0,0,0,0},{0,0,0,0,0,0,0,0,0}}
]
15:41:40.733 [main] INFO sudoku.model.SudokuBoard - Wartość 0 wstawiona nieprawidłowo
15:41:40.733 [main] INFO sudoku.model.SudokuBoard - Bład w kwadracie 0
sudoku.model.SudokuBoard@19b206ee[
  size=9
  solver=sudoku.model.BacktrackingSudokuSolver@ffd4cba
  board={{6,4,7,8,9,5,1,2,3},{1,5,2,3,4,7,6,8,9},{3,8,9,2,6,1,7,4,5},{4,3,1,9,2,6,5,7,8},{5,7,6,4,8,3,2,9,1},{9,2,8,0,0,0,0,0,0},{0,0,0,0,0,0,0,0,0},{0,0,0,0,0,0,0,0,0},{0,0,0,0,0,0,0,0,0}}
]
15:41:40.733 [main] INFO sudoku.model.SudokuBoard - Wartość 0 wstawiona nieprawidłowo
15:41:40.733 [main] INFO sudoku.model.SudokuBoard - Bład w kwadracie 0
sudoku.model.SudokuBoard@19b206ee[
  size=9
  solver=sudoku.model.BacktrackingSudokuSolver@ffd4cba
  board={{6,4,7,8,9,5,1,2,3},{1,5,2,3,4,7,6,8,9},{3,8,9,2,6,1,7,4,5},{4,3,1,9,2,6,5,7,8},{5,7,6,4,8,3,2,9,1},{9,2,8,7,0,0,0,0,0},{0,0,0,0,0,0,0,0,0},{0,0,0,0,0,0,0,0,0},{0,0,0,0,0,0,0,0,0}}
]
15:41:40.733 [main] INFO sudoku.model.SudokuBoard - Wartość 0 wstawiona nieprawidłowo
15:41:40.733 [main] INFO sudoku.model.SudokuBoard - Bład w kwadracie 0
sudoku.model.SudokuBoard@19b206ee[
  size=9
  solver=sudoku.model.BacktrackingSudokuSolver@ffd4cba
  board={{6,4,7,8,9,5,1,2,3},{1,5,2,3,4,7,6,8,9},{3,8,9,2,6,1,7,4,5},{4,3,1,9,2,6,5,7,8},{5,7,6,4,8,3,2,9,1},{9,2,8,7,0,0,0,0,0},{0,0,0,0,0,0,0,0,0},{0,0,0,0,0,0,0,0,0},{0,0,0,0,0,0,0,0,0}}
]
15:41:40.733 [main] INFO sudoku.model.SudokuBoard - Wartość 0 wstawiona nieprawidłowo
15:41:40.733 [main] INFO sudoku.model.SudokuBoard - Bład w kwadracie 0
sudoku.model.SudokuBoard@19b206ee[
  size=9
  solver=sudoku.model.BacktrackingSudokuSolver@ffd4cba
  board={{6,4,7,8,9,5,1,2,3},{1,5,2,3,4,7,6,8,9},{3,8,9,2,6,1,7,4,5},{4,3,1,9,2,6,5,7,8},{5,7,6,4,8,3,2,9,1},{9,2,8,0,0,0,0,0,0},{0,0,0,0,0,0,0,0,0},{0,0,0,0,0,0,0,0,0},{0,0,0,0,0,0,0,0,0}}
]
15:41:40.734 [main] INFO sudoku.model.SudokuBoard - Wartość 0 wstawiona nieprawidłowo
15:41:40.734 [main] INFO sudoku.model.SudokuBoard - Bład w kwadracie 0
sudoku.model.SudokuBoard@19b206ee[
  size=9
  solver=sudoku.model.BacktrackingSudokuSolver@ffd4cba
  board={{6,4,7,8,9,5,1,2,3},{1,5,2,3,4,7,6,8,9},{3,8,9,2,6,1,7,4,5},{4,3,1,9,2,6,5,7,8},{5,7,6,4,8,3,2,9,1},{9,2,0,0,0,0,0,0,0},{0,0,0,0,0,0,0,0,0},{0,0,0,0,0,0,0,0,0},{0,0,0,0,0,0,0,0,0}}
]
15:41:40.734 [main] INFO sudoku.model.SudokuBoard - Wartość 0 wstawiona nieprawidłowo
15:41:40.734 [main] INFO sudoku.model.SudokuBoard - Bład w kwadracie 0
sudoku.model.SudokuBoard@19b206ee[
  size=9
  solver=sudoku.model.BacktrackingSudokuSolver@ffd4cba
  board={{6,4,7,8,9,5,1,2,3},{1,5,2,3,4,7,6,8,9},{3,8,9,2,6,1,7,4,5},{4,3,1,9,2,6,5,7,8},{5,7,6,4,8,3,2,9,1},{9,0,0,0,0,0,0,0,0},{0,0,0,0,0,0,0,0,0},{0,0,0,0,0,0,0,0,0},{0,0,0,0,0,0,0,0,0}}
]
15:41:40.734 [main] INFO sudoku.model.SudokuBoard - Wartość 0 wstawiona nieprawidłowo
15:41:40.734 [main] INFO sudoku.model.SudokuBoard - Bład w kwadracie 0
sudoku.model.SudokuBoard@19b206ee[
  size=9
  solver=sudoku.model.BacktrackingSudokuSolver@ffd4cba
  board={{6,4,7,8,9,5,1,2,3},{1,5,2,3,4,7,6,8,9},{3,8,9,2,6,1,7,4,5},{4,3,1,9,2,6,5,7,8},{5,7,6,4,8,3,2,9,1},{0,0,0,0,0,0,0,0,0},{0,0,0,0,0,0,0,0,0},{0,0,0,0,0,0,0,0,0},{0,0,0,0,0,0,0,0,0}}
]
15:41:40.735 [main] INFO sudoku.model.SudokuBoard - Wartość 0 wstawiona nieprawidłowo
15:41:40.735 [main] INFO sudoku.model.SudokuBoard - Bład w kwadracie 0
sudoku.model.SudokuBoard@19b206ee[
  size=9
  solver=sudoku.model.BacktrackingSudokuSolver@ffd4cba
  board={{6,4,7,8,9,5,1,2,3},{1,5,2,3,4,7,6,8,9},{3,8,9,2,6,1,7,4,5},{4,3,1,9,2,6,5,7,8},{5,7,6,4,8,3,2,9,1},{2,9,8,5,0,0,0,0,0},{0,0,0,0,0,0,0,0,0},{0,0,0,0,0,0,0,0,0},{0,0,0,0,0,0,0,0,0}}
]
15:41:40.735 [main] INFO sudoku.model.SudokuBoard - Wartość 0 wstawiona nieprawidłowo
15:41:40.735 [main] INFO sudoku.model.SudokuBoard - Bład w kwadracie 0
sudoku.model.SudokuBoard@19b206ee[
  size=9
  solver=sudoku.model.BacktrackingSudokuSolver@ffd4cba
  board={{6,4,7,8,9,5,1,2,3},{1,5,2,3,4,7,6,8,9},{3,8,9,2,6,1,7,4,5},{4,3,1,9,2,6,5,7,8},{5,7,6,4,8,3,2,9,1},{2,9,8,5,0,0,0,0,0},{0,0,0,0,0,0,0,0,0},{0,0,0,0,0,0,0,0,0},{0,0,0,0,0,0,0,0,0}}
]
15:41:40.735 [main] INFO sudoku.model.SudokuBoard - Wartość 0 wstawiona nieprawidłowo
15:41:40.736 [main] INFO sudoku.model.SudokuBoard - Bład w kwadracie 0
sudoku.model.SudokuBoard@19b206ee[
  size=9
  solver=sudoku.model.BacktrackingSudokuSolver@ffd4cba
  board={{6,4,7,8,9,5,1,2,3},{1,5,2,3,4,7,6,8,9},{3,8,9,2,6,1,7,4,5},{4,3,1,9,2,6,5,7,8},{5,7,6,4,8,3,2,9,1},{2,9,8,0,0,0,0,0,0},{0,0,0,0,0,0,0,0,0},{0,0,0,0,0,0,0,0,0},{0,0,0,0,0,0,0,0,0}}
]
15:41:40.736 [main] INFO sudoku.model.SudokuBoard - Wartość 0 wstawiona nieprawidłowo
15:41:40.736 [main] INFO sudoku.model.SudokuBoard - Bład w kwadracie 0
sudoku.model.SudokuBoard@19b206ee[
  size=9
  solver=sudoku.model.BacktrackingSudokuSolver@ffd4cba
  board={{6,4,7,8,9,5,1,2,3},{1,5,2,3,4,7,6,8,9},{3,8,9,2,6,1,7,4,5},{4,3,1,9,2,6,5,7,8},{5,7,6,4,8,3,2,9,1},{2,9,8,7,0,0,0,0,0},{0,0,0,0,0,0,0,0,0},{0,0,0,0,0,0,0,0,0},{0,0,0,0,0,0,0,0,0}}
]
15:41:40.736 [main] INFO sudoku.model.SudokuBoard - Wartość 0 wstawiona nieprawidłowo
15:41:40.736 [main] INFO sudoku.model.SudokuBoard - Bład w kwadracie 0
sudoku.model.SudokuBoard@19b206ee[
  size=9
  solver=sudoku.model.BacktrackingSudokuSolver@ffd4cba
  board={{6,4,7,8,9,5,1,2,3},{1,5,2,3,4,7,6,8,9},{3,8,9,2,6,1,7,4,5},{4,3,1,9,2,6,5,7,8},{5,7,6,4,8,3,2,9,1},{2,9,8,7,0,0,0,0,0},{0,0,0,0,0,0,0,0,0},{0,0,0,0,0,0,0,0,0},{0,0,0,0,0,0,0,0,0}}
]
15:41:40.736 [main] INFO sudoku.model.SudokuBoard - Wartość 0 wstawiona nieprawidłowo
15:41:40.736 [main] INFO sudoku.model.SudokuBoard - Bład w kwadracie 0
sudoku.model.SudokuBoard@19b206ee[
  size=9
  solver=sudoku.model.BacktrackingSudokuSolver@ffd4cba
  board={{6,4,7,8,9,5,1,2,3},{1,5,2,3,4,7,6,8,9},{3,8,9,2,6,1,7,4,5},{4,3,1,9,2,6,5,7,8},{5,7,6,4,8,3,2,9,1},{2,9,8,0,0,0,0,0,0},{0,0,0,0,0,0,0,0,0},{0,0,0,0,0,0,0,0,0},{0,0,0,0,0,0,0,0,0}}
]
15:41:40.736 [main] INFO sudoku.model.SudokuBoard - Wartość 0 wstawiona nieprawidłowo
15:41:40.736 [main] INFO sudoku.model.SudokuBoard - Bład w kwadracie 0
sudoku.model.SudokuBoard@19b206ee[
  size=9
  solver=sudoku.model.BacktrackingSudokuSolver@ffd4cba
  board={{6,4,7,8,9,5,1,2,3},{1,5,2,3,4,7,6,8,9},{3,8,9,2,6,1,7,4,5},{4,3,1,9,2,6,5,7,8},{5,7,6,4,8,3,2,9,1},{2,9,8,1,0,0,0,0,0},{0,0,0,0,0,0,0,0,0},{0,0,0,0,0,0,0,0,0},{0,0,0,0,0,0,0,0,0}}
]
15:41:40.736 [main] INFO sudoku.model.SudokuBoard - Wartość 0 wstawiona nieprawidłowo
15:41:40.736 [main] INFO sudoku.model.SudokuBoard - Bład w kwadracie 0
sudoku.model.SudokuBoard@19b206ee[
  size=9
  solver=sudoku.model.BacktrackingSudokuSolver@ffd4cba
  board={{6,4,7,8,9,5,1,2,3},{1,5,2,3,4,7,6,8,9},{3,8,9,2,6,1,7,4,5},{4,3,1,9,2,6,5,7,8},{5,7,6,4,8,3,2,9,1},{2,9,8,1,0,0,0,0,0},{0,0,0,0,0,0,0,0,0},{0,0,0,0,0,0,0,0,0},{0,0,0,0,0,0,0,0,0}}
]
15:41:40.736 [main] INFO sudoku.model.SudokuBoard - Wartość 0 wstawiona nieprawidłowo
15:41:40.736 [main] INFO sudoku.model.SudokuBoard - Bład w kwadracie 0
sudoku.model.SudokuBoard@19b206ee[
  size=9
  solver=sudoku.model.BacktrackingSudokuSolver@ffd4cba
  board={{6,4,7,8,9,5,1,2,3},{1,5,2,3,4,7,6,8,9},{3,8,9,2,6,1,7,4,5},{4,3,1,9,2,6,5,7,8},{5,7,6,4,8,3,2,9,1},{2,9,8,0,0,0,0,0,0},{0,0,0,0,0,0,0,0,0},{0,0,0,0,0,0,0,0,0},{0,0,0,0,0,0,0,0,0}}
]
15:41:40.736 [main] INFO sudoku.model.SudokuBoard - Wartość 0 wstawiona nieprawidłowo
15:41:40.736 [main] INFO sudoku.model.SudokuBoard - Bład w kwadracie 0
sudoku.model.SudokuBoard@19b206ee[
  size=9
  solver=sudoku.model.BacktrackingSudokuSolver@ffd4cba
  board={{6,4,7,8,9,5,1,2,3},{1,5,2,3,4,7,6,8,9},{3,8,9,2,6,1,7,4,5},{4,3,1,9,2,6,5,7,8},{5,7,6,4,8,3,2,9,1},{2,9,0,0,0,0,0,0,0},{0,0,0,0,0,0,0,0,0},{0,0,0,0,0,0,0,0,0},{0,0,0,0,0,0,0,0,0}}
]
15:41:40.736 [main] INFO sudoku.model.SudokuBoard - Wartość 0 wstawiona nieprawidłowo
15:41:40.736 [main] INFO sudoku.model.SudokuBoard - Bład w kwadracie 0
sudoku.model.SudokuBoard@19b206ee[
  size=9
  solver=sudoku.model.BacktrackingSudokuSolver@ffd4cba
  board={{6,4,7,8,9,5,1,2,3},{1,5,2,3,4,7,6,8,9},{3,8,9,2,6,1,7,4,5},{4,3,1,9,2,6,5,7,8},{5,7,6,4,8,3,2,9,1},{2,0,0,0,0,0,0,0,0},{0,0,0,0,0,0,0,0,0},{0,0,0,0,0,0,0,0,0},{0,0,0,0,0,0,0,0,0}}
]
15:41:40.736 [main] INFO sudoku.model.SudokuBoard - Wartość 0 wstawiona nieprawidłowo
15:41:40.736 [main] INFO sudoku.model.SudokuBoard - Bład w kwadracie 0
sudoku.model.SudokuBoard@19b206ee[
  size=9
  solver=sudoku.model.BacktrackingSudokuSolver@ffd4cba
  board={{6,4,7,8,9,5,1,2,3},{1,5,2,3,4,7,6,8,9},{3,8,9,2,6,1,7,4,5},{4,3,1,9,2,6,5,7,8},{5,7,6,4,8,3,2,9,1},{0,0,0,0,0,0,0,0,0},{0,0,0,0,0,0,0,0,0},{0,0,0,0,0,0,0,0,0},{0,0,0,0,0,0,0,0,0}}
]
15:41:40.736 [main] INFO sudoku.model.SudokuBoard - Wartość 0 wstawiona nieprawidłowo
15:41:40.736 [main] INFO sudoku.model.SudokuBoard - Bład w kwadracie 0
sudoku.model.SudokuBoard@19b206ee[
  size=9
  solver=sudoku.model.BacktrackingSudokuSolver@ffd4cba
  board={{6,4,7,8,9,5,1,2,3},{1,5,2,3,4,7,6,8,9},{3,8,9,2,6,1,7,4,5},{4,3,1,9,2,6,5,7,8},{5,7,6,4,8,3,2,9,0},{0,0,0,0,0,0,0,0,0},{0,0,0,0,0,0,0,0,0},{0,0,0,0,0,0,0,0,0},{0,0,0,0,0,0,0,0,0}}
]
15:41:40.736 [main] INFO sudoku.model.SudokuBoard - Wartość 0 wstawiona nieprawidłowo
15:41:40.736 [main] INFO sudoku.model.SudokuBoard - Bład w kwadracie 0
sudoku.model.SudokuBoard@19b206ee[
  size=9
  solver=sudoku.model.BacktrackingSudokuSolver@ffd4cba
  board={{6,4,7,8,9,5,1,2,3},{1,5,2,3,4,7,6,8,9},{3,8,9,2,6,1,7,4,5},{4,3,1,9,2,6,5,7,8},{5,7,6,4,8,3,2,0,0},{0,0,0,0,0,0,0,0,0},{0,0,0,0,0,0,0,0,0},{0,0,0,0,0,0,0,0,0},{0,0,0,0,0,0,0,0,0}}
]
15:41:40.736 [main] INFO sudoku.model.SudokuBoard - Wartość 0 wstawiona nieprawidłowo
15:41:40.737 [main] INFO sudoku.model.SudokuBoard - Bład w kwadracie 0
sudoku.model.SudokuBoard@19b206ee[
  size=9
  solver=sudoku.model.BacktrackingSudokuSolver@ffd4cba
  board={{6,4,7,8,9,5,1,2,3},{1,5,2,3,4,7,6,8,9},{3,8,9,2,6,1,7,4,5},{4,3,1,9,2,6,5,7,8},{5,7,6,4,8,3,2,0,0},{0,0,0,0,0,0,0,0,0},{0,0,0,0,0,0,0,0,0},{0,0,0,0,0,0,0,0,0},{0,0,0,0,0,0,0,0,0}}
]
15:41:40.737 [main] INFO sudoku.model.SudokuBoard - Wartość 0 wstawiona nieprawidłowo
15:41:40.737 [main] INFO sudoku.model.SudokuBoard - Bład w kwadracie 0
sudoku.model.SudokuBoard@19b206ee[
  size=9
  solver=sudoku.model.BacktrackingSudokuSolver@ffd4cba
  board={{6,4,7,8,9,5,1,2,3},{1,5,2,3,4,7,6,8,9},{3,8,9,2,6,1,7,4,5},{4,3,1,9,2,6,5,7,8},{5,7,6,4,8,3,0,0,0},{0,0,0,0,0,0,0,0,0},{0,0,0,0,0,0,0,0,0},{0,0,0,0,0,0,0,0,0},{0,0,0,0,0,0,0,0,0}}
]
15:41:40.737 [main] INFO sudoku.model.SudokuBoard - Wartość 0 wstawiona nieprawidłowo
15:41:40.737 [main] INFO sudoku.model.SudokuBoard - Bład w kwadracie 0
sudoku.model.SudokuBoard@19b206ee[
  size=9
  solver=sudoku.model.BacktrackingSudokuSolver@ffd4cba
  board={{6,4,7,8,9,5,1,2,3},{1,5,2,3,4,7,6,8,9},{3,8,9,2,6,1,7,4,5},{4,3,1,9,2,6,5,7,8},{5,7,6,4,8,0,0,0,0},{0,0,0,0,0,0,0,0,0},{0,0,0,0,0,0,0,0,0},{0,0,0,0,0,0,0,0,0},{0,0,0,0,0,0,0,0,0}}
]
15:41:40.737 [main] INFO sudoku.model.SudokuBoard - Wartość 0 wstawiona nieprawidłowo
15:41:40.737 [main] INFO sudoku.model.SudokuBoard - Bład w kwadracie 0
sudoku.model.SudokuBoard@19b206ee[
  size=9
  solver=sudoku.model.BacktrackingSudokuSolver@ffd4cba
  board={{6,4,7,8,9,5,1,2,3},{1,5,2,3,4,7,6,8,9},{3,8,9,2,6,1,7,4,5},{4,3,1,9,2,6,5,7,8},{5,7,6,4,0,0,0,0,0},{0,0,0,0,0,0,0,0,0},{0,0,0,0,0,0,0,0,0},{0,0,0,0,0,0,0,0,0},{0,0,0,0,0,0,0,0,0}}
]
15:41:40.737 [main] INFO sudoku.model.SudokuBoard - Wartość 0 wstawiona nieprawidłowo
15:41:40.737 [main] INFO sudoku.model.SudokuBoard - Bład w kwadracie 0
sudoku.model.SudokuBoard@19b206ee[
  size=9
  solver=sudoku.model.BacktrackingSudokuSolver@ffd4cba
  board={{6,4,7,8,9,5,1,2,3},{1,5,2,3,4,7,6,8,9},{3,8,9,2,6,1,7,4,5},{4,3,1,9,2,6,5,7,8},{5,7,6,4,1,8,9,3,2},{8,0,0,0,0,0,0,0,0},{0,0,0,0,0,0,0,0,0},{0,0,0,0,0,0,0,0,0},{0,0,0,0,0,0,0,0,0}}
]
15:41:40.737 [main] INFO sudoku.model.SudokuBoard - Wartość 0 wstawiona nieprawidłowo
15:41:40.737 [main] INFO sudoku.model.SudokuBoard - Bład w kwadracie 0
sudoku.model.SudokuBoard@19b206ee[
  size=9
  solver=sudoku.model.BacktrackingSudokuSolver@ffd4cba
  board={{6,4,7,8,9,5,1,2,3},{1,5,2,3,4,7,6,8,9},{3,8,9,2,6,1,7,4,5},{4,3,1,9,2,6,5,7,8},{5,7,6,4,1,8,9,3,2},{8,0,0,0,0,0,0,0,0},{0,0,0,0,0,0,0,0,0},{0,0,0,0,0,0,0,0,0},{0,0,0,0,0,0,0,0,0}}
]
15:41:40.737 [main] INFO sudoku.model.SudokuBoard - Wartość 0 wstawiona nieprawidłowo
15:41:40.737 [main] INFO sudoku.model.SudokuBoard - Bład w kwadracie 0
sudoku.model.SudokuBoard@19b206ee[
  size=9
  solver=sudoku.model.BacktrackingSudokuSolver@ffd4cba
  board={{6,4,7,8,9,5,1,2,3},{1,5,2,3,4,7,6,8,9},{3,8,9,2,6,1,7,4,5},{4,3,1,9,2,6,5,7,8},{5,7,6,4,1,8,9,3,2},{0,0,0,0,0,0,0,0,0},{0,0,0,0,0,0,0,0,0},{0,0,0,0,0,0,0,0,0},{0,0,0,0,0,0,0,0,0}}
]
15:41:40.737 [main] INFO sudoku.model.SudokuBoard - Wartość 0 wstawiona nieprawidłowo
15:41:40.739 [main] INFO sudoku.model.SudokuBoard - Bład w kwadracie 0
sudoku.model.SudokuBoard@19b206ee[
  size=9
  solver=sudoku.model.BacktrackingSudokuSolver@ffd4cba
  board={{6,4,7,8,9,5,1,2,3},{1,5,2,3,4,7,6,8,9},{3,8,9,2,6,1,7,4,5},{4,3,1,9,2,6,5,7,8},{5,7,6,4,1,8,9,3,2},{9,2,8,5,7,3,4,6,1},{7,9,3,1,8,4,2,5,6},{8,1,4,6,3,0,0,0,0},{0,0,0,0,0,0,0,0,0}}
]
15:41:40.739 [main] INFO sudoku.model.SudokuBoard - Wartość 0 wstawiona nieprawidłowo
15:41:40.739 [main] INFO sudoku.model.SudokuBoard - Bład w kwadracie 0
sudoku.model.SudokuBoard@19b206ee[
  size=9
  solver=sudoku.model.BacktrackingSudokuSolver@ffd4cba
  board={{6,4,7,8,9,5,1,2,3},{1,5,2,3,4,7,6,8,9},{3,8,9,2,6,1,7,4,5},{4,3,1,9,2,6,5,7,8},{5,7,6,4,1,8,9,3,2},{9,2,8,5,7,3,4,6,1},{7,9,3,1,8,4,2,5,6},{8,1,4,6,3,0,0,0,0},{0,0,0,0,0,0,0,0,0}}
]
15:41:40.739 [main] INFO sudoku.model.SudokuBoard - Wartość 0 wstawiona nieprawidłowo
15:41:40.739 [main] INFO sudoku.model.SudokuBoard - Bład w kwadracie 0
sudoku.model.SudokuBoard@19b206ee[
  size=9
  solver=sudoku.model.BacktrackingSudokuSolver@ffd4cba
  board={{6,4,7,8,9,5,1,2,3},{1,5,2,3,4,7,6,8,9},{3,8,9,2,6,1,7,4,5},{4,3,1,9,2,6,5,7,8},{5,7,6,4,1,8,9,3,2},{9,2,8,5,7,3,4,6,1},{7,9,3,1,8,4,2,5,6},{8,1,4,6,0,0,0,0,0},{0,0,0,0,0,0,0,0,0}}
]
15:41:40.739 [main] INFO sudoku.model.SudokuBoard - Wartość 0 wstawiona nieprawidłowo
15:41:40.739 [main] INFO sudoku.model.SudokuBoard - Bład w kwadracie 0
sudoku.model.SudokuBoard@19b206ee[
  size=9
  solver=sudoku.model.BacktrackingSudokuSolver@ffd4cba
  board={{6,4,7,8,9,5,1,2,3},{1,5,2,3,4,7,6,8,9},{3,8,9,2,6,1,7,4,5},{4,3,1,9,2,6,5,7,8},{5,7,6,4,1,8,9,3,2},{9,2,8,5,7,3,4,6,1},{7,9,3,1,8,4,2,5,6},{8,1,4,6,5,9,0,0,0},{0,0,0,0,0,0,0,0,0}}
]
15:41:40.739 [main] INFO sudoku.model.SudokuBoard - Wartość 0 wstawiona nieprawidłowo
15:41:40.739 [main] INFO sudoku.model.SudokuBoard - Bład w kwadracie 0
sudoku.model.SudokuBoard@19b206ee[
  size=9
  solver=sudoku.model.BacktrackingSudokuSolver@ffd4cba
  board={{6,4,7,8,9,5,1,2,3},{1,5,2,3,4,7,6,8,9},{3,8,9,2,6,1,7,4,5},{4,3,1,9,2,6,5,7,8},{5,7,6,4,1,8,9,3,2},{9,2,8,5,7,3,4,6,1},{7,9,3,1,8,4,2,5,6},{8,1,4,6,5,0,0,0,0},{0,0,0,0,0,0,0,0,0}}
]
15:41:40.739 [main] INFO sudoku.model.SudokuBoard - Wartość 0 wstawiona nieprawidłowo
]]></system-out>
  </testcase>
  <testcase name="checkBoardTestColumnFalse" classname="sudoku.model.SudokuBoardTest" time="0.007">
    <system-out><![CDATA[15:41:40.745 [main] INFO sudoku.model.SudokuBoard - Bład w kwadracie 0
sudoku.model.SudokuBoard@5f1483fd[
  size=9
  solver=sudoku.model.BacktrackingSudokuSolver@670f2466
  board={{2,3,5,4,6,7,8,9,1},{1,4,9,8,2,3,5,6,7},{6,7,8,9,5,1,2,3,4},{3,8,1,6,7,9,4,5,2},{9,2,4,1,8,5,3,7,6},{7,5,6,2,0,0,0,0,0},{0,0,0,0,0,0,0,0,0},{0,0,0,0,0,0,0,0,0},{0,0,0,0,0,0,0,0,0}}
]
15:41:40.745 [main] INFO sudoku.model.SudokuBoard - Wartość 0 wstawiona nieprawidłowo
15:41:40.746 [main] INFO sudoku.model.SudokuBoard - Bład w kwadracie 0
sudoku.model.SudokuBoard@5f1483fd[
  size=9
  solver=sudoku.model.BacktrackingSudokuSolver@670f2466
  board={{2,3,5,4,6,7,8,9,1},{1,4,9,8,2,3,5,6,7},{6,7,8,9,5,1,2,3,4},{3,8,1,6,7,9,4,5,2},{9,2,4,1,8,5,3,7,6},{7,5,6,2,3,4,9,0,0},{0,0,0,0,0,0,0,0,0},{0,0,0,0,0,0,0,0,0},{0,0,0,0,0,0,0,0,0}}
]
15:41:40.746 [main] INFO sudoku.model.SudokuBoard - Wartość 0 wstawiona nieprawidłowo
15:41:40.746 [main] INFO sudoku.model.SudokuBoard - Bład w kwadracie 0
sudoku.model.SudokuBoard@5f1483fd[
  size=9
  solver=sudoku.model.BacktrackingSudokuSolver@670f2466
  board={{2,3,5,4,6,7,8,9,1},{1,4,9,8,2,3,5,6,7},{6,7,8,9,5,1,2,3,4},{3,8,1,6,7,9,4,5,2},{9,2,4,1,8,5,3,7,6},{7,5,6,2,3,4,9,1,8},{5,6,7,3,9,2,1,0,0},{0,0,0,0,0,0,0,0,0},{0,0,0,0,0,0,0,0,0}}
]
15:41:40.746 [main] INFO sudoku.model.SudokuBoard - Wartość 0 wstawiona nieprawidłowo
15:41:40.746 [main] INFO sudoku.model.SudokuBoard - Bład w kwadracie 0
sudoku.model.SudokuBoard@5f1483fd[
  size=9
  solver=sudoku.model.BacktrackingSudokuSolver@670f2466
  board={{2,3,5,4,6,7,8,9,1},{1,4,9,8,2,3,5,6,7},{6,7,8,9,5,1,2,3,4},{3,8,1,6,7,9,4,5,2},{9,2,4,1,8,5,3,7,6},{7,5,6,2,3,4,9,1,8},{5,6,7,3,9,2,1,0,0},{0,0,0,0,0,0,0,0,0},{0,0,0,0,0,0,0,0,0}}
]
15:41:40.746 [main] INFO sudoku.model.SudokuBoard - Wartość 0 wstawiona nieprawidłowo
15:41:40.746 [main] INFO sudoku.model.SudokuBoard - Bład w kwadracie 0
sudoku.model.SudokuBoard@5f1483fd[
  size=9
  solver=sudoku.model.BacktrackingSudokuSolver@670f2466
  board={{2,3,5,4,6,7,8,9,1},{1,4,9,8,2,3,5,6,7},{6,7,8,9,5,1,2,3,4},{3,8,1,6,7,9,4,5,2},{9,2,4,1,8,5,3,7,6},{7,5,6,2,3,4,9,1,8},{5,6,7,3,9,2,0,0,0},{0,0,0,0,0,0,0,0,0},{0,0,0,0,0,0,0,0,0}}
]
15:41:40.746 [main] INFO sudoku.model.SudokuBoard - Wartość 0 wstawiona nieprawidłowo
15:41:40.746 [main] INFO sudoku.model.SudokuBoard - Bład w kwadracie 0
sudoku.model.SudokuBoard@5f1483fd[
  size=9
  solver=sudoku.model.BacktrackingSudokuSolver@670f2466
  board={{2,3,5,4,6,7,8,9,1},{1,4,9,8,2,3,5,6,7},{6,7,8,9,5,1,2,3,4},{3,8,1,6,7,9,4,5,2},{9,2,4,1,8,5,3,7,6},{7,5,6,2,3,4,9,1,8},{5,6,7,3,9,0,0,0,0},{0,0,0,0,0,0,0,0,0},{0,0,0,0,0,0,0,0,0}}
]
15:41:40.746 [main] INFO sudoku.model.SudokuBoard - Wartość 0 wstawiona nieprawidłowo
15:41:40.746 [main] INFO sudoku.model.SudokuBoard - Bład w kwadracie 0
sudoku.model.SudokuBoard@5f1483fd[
  size=9
  solver=sudoku.model.BacktrackingSudokuSolver@670f2466
  board={{2,3,5,4,6,7,8,9,1},{1,4,9,8,2,3,5,6,7},{6,7,8,9,5,1,2,3,4},{3,8,1,6,7,9,4,5,2},{9,2,4,1,8,5,3,7,6},{7,5,6,2,3,4,9,1,8},{5,6,7,3,9,8,1,0,0},{0,0,0,0,0,0,0,0,0},{0,0,0,0,0,0,0,0,0}}
]
15:41:40.746 [main] INFO sudoku.model.SudokuBoard - Wartość 0 wstawiona nieprawidłowo
15:41:40.747 [main] INFO sudoku.model.SudokuBoard - Bład w kwadracie 0
sudoku.model.SudokuBoard@5f1483fd[
  size=9
  solver=sudoku.model.BacktrackingSudokuSolver@670f2466
  board={{2,3,5,4,6,7,8,9,1},{1,4,9,8,2,3,5,6,7},{6,7,8,9,5,1,2,3,4},{3,8,1,6,7,9,4,5,2},{9,2,4,1,8,5,3,7,6},{7,5,6,2,3,4,9,1,8},{5,6,7,3,9,8,1,0,0},{0,0,0,0,0,0,0,0,0},{0,0,0,0,0,0,0,0,0}}
]
15:41:40.747 [main] INFO sudoku.model.SudokuBoard - Wartość 0 wstawiona nieprawidłowo
15:41:40.747 [main] INFO sudoku.model.SudokuBoard - Bład w kwadracie 0
sudoku.model.SudokuBoard@5f1483fd[
  size=9
  solver=sudoku.model.BacktrackingSudokuSolver@670f2466
  board={{2,3,5,4,6,7,8,9,1},{1,4,9,8,2,3,5,6,7},{6,7,8,9,5,1,2,3,4},{3,8,1,6,7,9,4,5,2},{9,2,4,1,8,5,3,7,6},{7,5,6,2,3,4,9,1,8},{5,6,7,3,9,8,0,0,0},{0,0,0,0,0,0,0,0,0},{0,0,0,0,0,0,0,0,0}}
]
15:41:40.747 [main] INFO sudoku.model.SudokuBoard - Wartość 0 wstawiona nieprawidłowo
15:41:40.747 [main] INFO sudoku.model.SudokuBoard - Bład w kwadracie 0
sudoku.model.SudokuBoard@5f1483fd[
  size=9
  solver=sudoku.model.BacktrackingSudokuSolver@670f2466
  board={{2,3,5,4,6,7,8,9,1},{1,4,9,8,2,3,5,6,7},{6,7,8,9,5,1,2,3,4},{3,8,1,6,7,9,4,5,2},{9,2,4,1,8,5,3,7,6},{7,5,6,2,3,4,9,1,8},{5,6,7,3,9,0,0,0,0},{0,0,0,0,0,0,0,0,0},{0,0,0,0,0,0,0,0,0}}
]
15:41:40.747 [main] INFO sudoku.model.SudokuBoard - Wartość 0 wstawiona nieprawidłowo
15:41:40.747 [main] INFO sudoku.model.SudokuBoard - Bład w kwadracie 0
sudoku.model.SudokuBoard@5f1483fd[
  size=9
  solver=sudoku.model.BacktrackingSudokuSolver@670f2466
  board={{2,3,5,4,6,7,8,9,1},{1,4,9,8,2,3,5,6,7},{6,7,8,9,5,1,2,3,4},{3,8,1,6,7,9,4,5,2},{9,2,4,1,8,5,3,7,6},{7,5,6,2,3,4,9,1,8},{5,6,7,3,0,0,0,0,0},{0,0,0,0,0,0,0,0,0},{0,0,0,0,0,0,0,0,0}}
]
15:41:40.747 [main] INFO sudoku.model.SudokuBoard - Wartość 0 wstawiona nieprawidłowo
15:41:40.747 [main] INFO sudoku.model.SudokuBoard - Bład w kwadracie 0
sudoku.model.SudokuBoard@5f1483fd[
  size=9
  solver=sudoku.model.BacktrackingSudokuSolver@670f2466
  board={{2,3,5,4,6,7,8,9,1},{1,4,9,8,2,3,5,6,7},{6,7,8,9,5,1,2,3,4},{3,8,1,6,7,9,4,5,2},{9,2,4,1,8,5,3,7,6},{7,5,6,2,3,4,9,1,8},{5,6,7,3,1,0,0,0,0},{0,0,0,0,0,0,0,0,0},{0,0,0,0,0,0,0,0,0}}
]
15:41:40.747 [main] INFO sudoku.model.SudokuBoard - Wartość 0 wstawiona nieprawidłowo
15:41:40.747 [main] INFO sudoku.model.SudokuBoard - Bład w kwadracie 0
sudoku.model.SudokuBoard@5f1483fd[
  size=9
  solver=sudoku.model.BacktrackingSudokuSolver@670f2466
  board={{2,3,5,4,6,7,8,9,1},{1,4,9,8,2,3,5,6,7},{6,7,8,9,5,1,2,3,4},{3,8,1,6,7,9,4,5,2},{9,2,4,1,8,5,3,7,6},{7,5,6,2,3,4,9,1,8},{5,6,7,3,1,0,0,0,0},{0,0,0,0,0,0,0,0,0},{0,0,0,0,0,0,0,0,0}}
]
15:41:40.747 [main] INFO sudoku.model.SudokuBoard - Wartość 0 wstawiona nieprawidłowo
15:41:40.747 [main] INFO sudoku.model.SudokuBoard - Bład w kwadracie 0
sudoku.model.SudokuBoard@5f1483fd[
  size=9
  solver=sudoku.model.BacktrackingSudokuSolver@670f2466
  board={{2,3,5,4,6,7,8,9,1},{1,4,9,8,2,3,5,6,7},{6,7,8,9,5,1,2,3,4},{3,8,1,6,7,9,4,5,2},{9,2,4,1,8,5,3,7,6},{7,5,6,2,3,4,9,1,8},{5,6,7,3,0,0,0,0,0},{0,0,0,0,0,0,0,0,0},{0,0,0,0,0,0,0,0,0}}
]
15:41:40.747 [main] INFO sudoku.model.SudokuBoard - Wartość 0 wstawiona nieprawidłowo
15:41:40.747 [main] INFO sudoku.model.SudokuBoard - Bład w kwadracie 0
sudoku.model.SudokuBoard@5f1483fd[
  size=9
  solver=sudoku.model.BacktrackingSudokuSolver@670f2466
  board={{2,3,5,4,6,7,8,9,1},{1,4,9,8,2,3,5,6,7},{6,7,8,9,5,1,2,3,4},{3,8,1,6,7,9,4,5,2},{9,2,4,1,8,5,3,7,6},{7,5,6,2,3,4,9,1,8},{5,6,7,3,4,8,1,2,9},{4,9,3,5,1,2,6,0,0},{0,0,0,0,0,0,0,0,0}}
]
15:41:40.747 [main] INFO sudoku.model.SudokuBoard - Wartość 0 wstawiona nieprawidłowo
15:41:40.747 [main] INFO sudoku.model.SudokuBoard - Bład w kwadracie 0
sudoku.model.SudokuBoard@5f1483fd[
  size=9
  solver=sudoku.model.BacktrackingSudokuSolver@670f2466
  board={{2,3,5,4,6,7,8,9,1},{1,4,9,8,2,3,5,6,7},{6,7,8,9,5,1,2,3,4},{3,8,1,6,7,9,4,5,2},{9,2,4,1,8,5,3,7,6},{7,5,6,2,3,4,9,1,8},{5,6,7,3,4,8,1,2,9},{4,9,3,5,1,2,0,0,0},{0,0,0,0,0,0,0,0,0}}
]
15:41:40.747 [main] INFO sudoku.model.SudokuBoard - Wartość 0 wstawiona nieprawidłowo
15:41:40.747 [main] INFO sudoku.model.SudokuBoard - Bład w kwadracie 0
sudoku.model.SudokuBoard@5f1483fd[
  size=9
  solver=sudoku.model.BacktrackingSudokuSolver@670f2466
  board={{2,3,5,4,6,7,8,9,1},{1,4,9,8,2,3,5,6,7},{6,7,8,9,5,1,2,3,4},{3,8,1,6,7,9,4,5,2},{9,2,4,1,8,5,3,7,6},{7,5,6,2,3,4,9,1,8},{5,6,7,3,4,8,1,2,9},{4,9,3,5,1,2,7,0,0},{0,0,0,0,0,0,0,0,0}}
]
15:41:40.747 [main] INFO sudoku.model.SudokuBoard - Wartość 0 wstawiona nieprawidłowo
15:41:40.747 [main] INFO sudoku.model.SudokuBoard - Bład w kwadracie 0
sudoku.model.SudokuBoard@5f1483fd[
  size=9
  solver=sudoku.model.BacktrackingSudokuSolver@670f2466
  board={{2,3,5,4,6,7,8,9,1},{1,4,9,8,2,3,5,6,7},{6,7,8,9,5,1,2,3,4},{3,8,1,6,7,9,4,5,2},{9,2,4,1,8,5,3,7,6},{7,5,6,2,3,4,9,1,8},{5,6,7,3,4,8,1,2,9},{4,9,3,5,1,2,0,0,0},{0,0,0,0,0,0,0,0,0}}
]
15:41:40.747 [main] INFO sudoku.model.SudokuBoard - Wartość 0 wstawiona nieprawidłowo
15:41:40.747 [main] INFO sudoku.model.SudokuBoard - Bład w kwadracie 0
sudoku.model.SudokuBoard@5f1483fd[
  size=9
  solver=sudoku.model.BacktrackingSudokuSolver@670f2466
  board={{2,3,5,4,6,7,8,9,1},{1,4,9,8,2,3,5,6,7},{6,7,8,9,5,1,2,3,4},{3,8,1,6,7,9,4,5,2},{9,2,4,1,8,5,3,7,6},{7,5,6,2,3,4,9,1,8},{5,6,7,3,4,8,1,2,9},{4,9,3,5,1,0,0,0,0},{0,0,0,0,0,0,0,0,0}}
]
15:41:40.747 [main] INFO sudoku.model.SudokuBoard - Wartość 0 wstawiona nieprawidłowo
15:41:40.747 [main] INFO sudoku.model.SudokuBoard - Bład w kwadracie 0
sudoku.model.SudokuBoard@5f1483fd[
  size=9
  solver=sudoku.model.BacktrackingSudokuSolver@670f2466
  board={{2,3,5,4,6,7,8,9,1},{1,4,9,8,2,3,5,6,7},{6,7,8,9,5,1,2,3,4},{3,8,1,6,7,9,4,5,2},{9,2,4,1,8,5,3,7,6},{7,5,6,2,3,4,9,1,8},{5,6,7,3,4,8,1,2,9},{4,9,3,5,1,6,7,0,0},{0,0,0,0,0,0,0,0,0}}
]
15:41:40.748 [main] INFO sudoku.model.SudokuBoard - Wartość 0 wstawiona nieprawidłowo
15:41:40.748 [main] INFO sudoku.model.SudokuBoard - Bład w kwadracie 0
sudoku.model.SudokuBoard@5f1483fd[
  size=9
  solver=sudoku.model.BacktrackingSudokuSolver@670f2466
  board={{2,3,5,4,6,7,8,9,1},{1,4,9,8,2,3,5,6,7},{6,7,8,9,5,1,2,3,4},{3,8,1,6,7,9,4,5,2},{9,2,4,1,8,5,3,7,6},{7,5,6,2,3,4,9,1,8},{5,6,7,3,4,8,1,2,9},{4,9,3,5,1,6,0,0,0},{0,0,0,0,0,0,0,0,0}}
]
15:41:40.748 [main] INFO sudoku.model.SudokuBoard - Wartość 0 wstawiona nieprawidłowo
15:41:40.748 [main] INFO sudoku.model.SudokuBoard - Bład w kwadracie 0
sudoku.model.SudokuBoard@5f1483fd[
  size=9
  solver=sudoku.model.BacktrackingSudokuSolver@670f2466
  board={{2,3,5,4,6,7,8,9,1},{1,4,9,8,2,3,5,6,7},{6,7,8,9,5,1,2,3,4},{3,8,1,6,7,9,4,5,2},{9,2,4,1,8,5,3,7,6},{7,5,6,2,3,4,9,1,8},{5,6,7,3,4,8,1,2,9},{4,9,3,5,1,0,0,0,0},{0,0,0,0,0,0,0,0,0}}
]
15:41:40.749 [main] INFO sudoku.model.SudokuBoard - Wartość 0 wstawiona nieprawidłowo
15:41:40.749 [main] INFO sudoku.model.SudokuBoard - Bład w kwadracie 0
sudoku.model.SudokuBoard@5f1483fd[
  size=9
  solver=sudoku.model.BacktrackingSudokuSolver@670f2466
  board={{2,3,5,4,6,7,8,9,1},{1,4,9,8,2,3,5,6,7},{6,7,8,9,5,1,2,3,4},{3,8,1,6,7,9,4,5,2},{9,2,4,1,8,5,3,7,6},{7,5,6,2,3,4,9,1,8},{5,6,7,3,4,8,1,2,9},{4,9,3,5,0,0,0,0,0},{0,0,0,0,0,0,0,0,0}}
]
15:41:40.749 [main] INFO sudoku.model.SudokuBoard - Wartość 0 wstawiona nieprawidłowo
15:41:40.749 [main] INFO sudoku.model.SudokuBoard - Bład w kwadracie 0
sudoku.model.SudokuBoard@5f1483fd[
  size=9
  solver=sudoku.model.BacktrackingSudokuSolver@670f2466
  board={{2,3,5,4,6,7,8,9,1},{1,4,9,8,2,3,5,6,7},{6,7,8,9,5,1,2,3,4},{3,8,1,6,7,9,4,5,2},{9,2,4,1,8,5,3,7,6},{7,5,6,2,3,4,9,1,8},{5,6,7,3,4,8,1,2,9},{4,9,3,0,0,0,0,0,0},{0,0,0,0,0,0,0,0,0}}
]
15:41:40.749 [main] INFO sudoku.model.SudokuBoard - Wartość 0 wstawiona nieprawidłowo
15:41:40.749 [main] INFO sudoku.model.SudokuBoard - Bład w kwadracie 0
sudoku.model.SudokuBoard@5f1483fd[
  size=9
  solver=sudoku.model.BacktrackingSudokuSolver@670f2466
  board={{2,3,5,4,6,7,8,9,1},{1,4,9,8,2,3,5,6,7},{6,7,8,9,5,1,2,3,4},{3,8,1,6,7,9,4,5,2},{9,2,4,1,8,5,3,7,6},{7,5,6,2,3,4,9,1,8},{5,6,7,3,4,8,1,2,9},{4,9,3,7,1,0,0,0,0},{0,0,0,0,0,0,0,0,0}}
]
15:41:40.750 [main] INFO sudoku.model.SudokuBoard - Wartość 0 wstawiona nieprawidłowo
15:41:40.750 [main] INFO sudoku.model.SudokuBoard - Bład w kwadracie 0
sudoku.model.SudokuBoard@5f1483fd[
  size=9
  solver=sudoku.model.BacktrackingSudokuSolver@670f2466
  board={{2,3,5,4,6,7,8,9,1},{2,4,9,8,2,3,5,6,7},{6,7,8,9,5,1,2,3,4},{3,8,1,6,7,9,4,5,2},{9,2,4,1,8,5,3,7,6},{7,5,6,2,3,4,9,1,8},{5,6,7,3,4,8,1,2,9},{4,9,3,7,1,2,6,8,5},{8,1,2,5,9,6,7,4,3}}
]
15:41:40.750 [main] INFO sudoku.model.SudokuBoard - Wartość 2 wstawiona nieprawidłowo
15:41:40.750 [main] INFO sudoku.model.SudokuBoard - Bład w kwadracie 0
sudoku.model.SudokuBoard@5f1483fd[
  size=9
  solver=sudoku.model.BacktrackingSudokuSolver@670f2466
  board={{2,3,5,4,6,7,8,9,1},{2,4,9,8,2,3,5,6,7},{2,7,8,9,5,1,2,3,4},{3,8,1,6,7,9,4,5,2},{9,2,4,1,8,5,3,7,6},{7,5,6,2,3,4,9,1,8},{5,6,7,3,4,8,1,2,9},{4,9,3,7,1,2,6,8,5},{8,1,2,5,9,6,7,4,3}}
]
15:41:40.750 [main] INFO sudoku.model.SudokuBoard - Wartość 2 wstawiona nieprawidłowo
15:41:40.750 [main] INFO sudoku.model.SudokuBoard - Bład w kwadracie 0
sudoku.model.SudokuBoard@6e03db1f[
  size=9
  solver=sudoku.model.BacktrackingSudokuSolver@670f2466
  board={{2,3,5,4,6,7,8,9,1},{2,4,9,8,2,3,5,6,7},{2,7,8,9,5,1,2,3,4},{3,8,1,6,7,9,4,5,2},{9,2,4,1,8,5,3,7,6},{7,5,6,2,3,4,9,1,8},{5,6,7,3,4,8,1,2,9},{4,9,3,7,1,2,6,8,5},{8,1,2,5,9,6,7,4,3}}
]
]]></system-out>
  </testcase>
  <testcase name="testEqualsNull" classname="sudoku.model.SudokuBoardTest" time="0.001"/>
  <testcase name="testEqualsSame" classname="sudoku.model.SudokuBoardTest" time="0.001"/>
  <testcase name="checkBoardTest" classname="sudoku.model.SudokuBoardTest" time="0.003">
    <system-out><![CDATA[15:41:40.755 [main] INFO sudoku.model.SudokuBoard - Bład w kwadracie 0
sudoku.model.SudokuBoard@bfec2f9[
  size=9
  solver=sudoku.model.BacktrackingSudokuSolver@708eb310
  board={{5,7,4,9,1,6,8,3,2},{8,9,1,2,3,4,6,5,7},{6,2,3,5,7,8,9,4,1},{4,8,5,3,9,2,1,0,0},{0,0,0,0,0,0,0,0,0},{0,0,0,0,0,0,0,0,0},{0,0,0,0,0,0,0,0,0},{0,0,0,0,0,0,0,0,0},{0,0,0,0,0,0,0,0,0}}
]
15:41:40.755 [main] INFO sudoku.model.SudokuBoard - Wartość 0 wstawiona nieprawidłowo
15:41:40.755 [main] INFO sudoku.model.SudokuBoard - Bład w kwadracie 0
sudoku.model.SudokuBoard@bfec2f9[
  size=9
  solver=sudoku.model.BacktrackingSudokuSolver@708eb310
  board={{5,7,4,9,1,6,8,3,2},{8,9,1,2,3,4,6,5,7},{6,2,3,5,7,8,9,4,1},{4,8,5,3,9,2,1,7,6},{2,6,7,8,4,1,3,9,5},{9,0,0,0,0,0,0,0,0},{0,0,0,0,0,0,0,0,0},{0,0,0,0,0,0,0,0,0},{0,0,0,0,0,0,0,0,0}}
]
15:41:40.755 [main] INFO sudoku.model.SudokuBoard - Wartość 0 wstawiona nieprawidłowo
15:41:40.756 [main] INFO sudoku.model.SudokuBoard - Bład w kwadracie 0
sudoku.model.SudokuBoard@bfec2f9[
  size=9
  solver=sudoku.model.BacktrackingSudokuSolver@708eb310
  board={{5,7,4,9,1,6,8,3,2},{8,9,1,2,3,4,6,5,7},{6,2,3,5,7,8,9,4,1},{4,8,5,3,9,2,1,7,6},{2,6,7,8,4,1,3,9,5},{9,0,0,0,0,0,0,0,0},{0,0,0,0,0,0,0,0,0},{0,0,0,0,0,0,0,0,0},{0,0,0,0,0,0,0,0,0}}
]
15:41:40.756 [main] INFO sudoku.model.SudokuBoard - Wartość 0 wstawiona nieprawidłowo
15:41:40.756 [main] INFO sudoku.model.SudokuBoard - Bład w kwadracie 0
sudoku.model.SudokuBoard@bfec2f9[
  size=9
  solver=sudoku.model.BacktrackingSudokuSolver@708eb310
  board={{5,7,4,9,1,6,8,3,2},{8,9,1,2,3,4,6,5,7},{6,2,3,5,7,8,9,4,1},{4,8,5,3,9,2,1,7,6},{2,6,7,8,4,1,3,9,5},{0,0,0,0,0,0,0,0,0},{0,0,0,0,0,0,0,0,0},{0,0,0,0,0,0,0,0,0},{0,0,0,0,0,0,0,0,0}}
]
15:41:40.756 [main] INFO sudoku.model.SudokuBoard - Wartość 0 wstawiona nieprawidłowo
15:41:40.756 [main] INFO sudoku.model.SudokuBoard - Bład w kwadracie 0
sudoku.model.SudokuBoard@bfec2f9[
  size=9
  solver=sudoku.model.BacktrackingSudokuSolver@708eb310
  board={{5,7,4,9,1,6,8,3,2},{8,9,1,2,3,4,6,5,7},{6,2,3,5,7,8,9,4,1},{4,8,5,3,9,2,1,7,6},{2,6,7,8,4,1,3,9,5},{1,3,9,7,0,0,0,0,0},{0,0,0,0,0,0,0,0,0},{0,0,0,0,0,0,0,0,0},{0,0,0,0,0,0,0,0,0}}
]
15:41:40.756 [main] INFO sudoku.model.SudokuBoard - Wartość 0 wstawiona nieprawidłowo
15:41:40.756 [main] INFO sudoku.model.SudokuBoard - Bład w kwadracie 0
sudoku.model.SudokuBoard@bfec2f9[
  size=9
  solver=sudoku.model.BacktrackingSudokuSolver@708eb310
  board={{5,7,4,9,1,6,8,3,2},{8,9,1,2,3,4,6,5,7},{6,2,3,5,7,8,9,4,1},{4,8,5,3,9,2,1,7,6},{2,6,7,8,4,1,3,9,5},{1,3,9,7,6,5,2,8,4},{7,4,6,1,8,9,5,2,3},{3,5,8,4,2,0,0,0,0},{0,0,0,0,0,0,0,0,0}}
]
15:41:40.756 [main] INFO sudoku.model.SudokuBoard - Wartość 0 wstawiona nieprawidłowo
15:41:40.756 [main] INFO sudoku.model.SudokuBoard - Bład w kwadracie 0
sudoku.model.SudokuBoard@bfec2f9[
  size=9
  solver=sudoku.model.BacktrackingSudokuSolver@708eb310
  board={{5,7,4,9,1,6,8,3,2},{8,9,1,2,3,4,6,5,7},{6,2,3,5,7,8,9,4,1},{4,8,5,3,9,2,1,7,6},{2,6,7,8,4,1,3,9,5},{1,3,9,7,6,5,2,8,4},{7,4,6,1,8,9,5,2,3},{3,5,8,4,0,0,0,0,0},{0,0,0,0,0,0,0,0,0}}
]
15:41:40.756 [main] INFO sudoku.model.SudokuBoard - Wartość 0 wstawiona nieprawidłowo
15:41:40.756 [main] INFO sudoku.model.SudokuBoard - Bład w kwadracie 0
sudoku.model.SudokuBoard@bfec2f9[
  size=9
  solver=sudoku.model.BacktrackingSudokuSolver@708eb310
  board={{5,7,4,9,1,6,8,3,2},{8,9,1,2,3,4,6,5,7},{6,2,3,5,7,8,9,4,1},{4,8,5,3,9,2,1,7,6},{2,6,7,8,4,1,3,9,5},{1,3,9,7,6,5,2,8,4},{7,4,6,1,8,9,5,2,3},{3,5,8,0,0,0,0,0,0},{0,0,0,0,0,0,0,0,0}}
]
15:41:40.756 [main] INFO sudoku.model.SudokuBoard - Wartość 0 wstawiona nieprawidłowo
]]></system-out>
  </testcase>
  <testcase name="repeatFillBoardTest" classname="sudoku.model.SudokuBoardTest" time="0.024">
    <system-out><![CDATA[15:41:40.759 [main] INFO sudoku.model.SudokuBoard - Bład w kwadracie 0
sudoku.model.SudokuBoard@1e977098[
  size=9
  solver=sudoku.model.BacktrackingSudokuSolver@630390b9
  board={{8,6,7,1,9,4,2,3,5},{9,1,2,3,5,6,4,7,8},{3,4,5,7,8,2,9,1,6},{1,7,6,4,2,3,5,8,9},{5,8,9,6,7,1,3,4,2},{4,0,0,0,0,0,0,0,0},{0,0,0,0,0,0,0,0,0},{0,0,0,0,0,0,0,0,0},{0,0,0,0,0,0,0,0,0}}
]
15:41:40.759 [main] INFO sudoku.model.SudokuBoard - Wartość 0 wstawiona nieprawidłowo
15:41:40.759 [main] INFO sudoku.model.SudokuBoard - Bład w kwadracie 0
sudoku.model.SudokuBoard@1e977098[
  size=9
  solver=sudoku.model.BacktrackingSudokuSolver@630390b9
  board={{8,6,7,1,9,4,2,3,5},{9,1,2,3,5,6,4,7,8},{3,4,5,7,8,2,9,1,6},{1,7,6,4,2,3,5,8,9},{5,8,9,6,7,1,3,4,2},{4,2,3,0,0,0,0,0,0},{0,0,0,0,0,0,0,0,0},{0,0,0,0,0,0,0,0,0},{0,0,0,0,0,0,0,0,0}}
]
15:41:40.759 [main] INFO sudoku.model.SudokuBoard - Wartość 0 wstawiona nieprawidłowo
15:41:40.759 [main] INFO sudoku.model.SudokuBoard - Bład w kwadracie 0
sudoku.model.SudokuBoard@1e977098[
  size=9
  solver=sudoku.model.BacktrackingSudokuSolver@630390b9
  board={{8,6,7,1,9,4,2,3,5},{9,1,2,3,5,6,4,7,8},{3,4,5,7,8,2,9,1,6},{1,7,6,4,2,3,5,8,9},{5,8,9,6,7,1,3,4,2},{4,2,3,0,0,0,0,0,0},{0,0,0,0,0,0,0,0,0},{0,0,0,0,0,0,0,0,0},{0,0,0,0,0,0,0,0,0}}
]
15:41:40.759 [main] INFO sudoku.model.SudokuBoard - Wartość 0 wstawiona nieprawidłowo
15:41:40.759 [main] INFO sudoku.model.SudokuBoard - Bład w kwadracie 0
sudoku.model.SudokuBoard@1e977098[
  size=9
  solver=sudoku.model.BacktrackingSudokuSolver@630390b9
  board={{8,6,7,1,9,4,2,3,5},{9,1,2,3,5,6,4,7,8},{3,4,5,7,8,2,9,1,6},{1,7,6,4,2,3,5,8,9},{5,8,9,6,7,1,3,4,2},{4,2,3,0,0,0,0,0,0},{0,0,0,0,0,0,0,0,0},{0,0,0,0,0,0,0,0,0},{0,0,0,0,0,0,0,0,0}}
]
15:41:40.759 [main] INFO sudoku.model.SudokuBoard - Wartość 0 wstawiona nieprawidłowo
15:41:40.759 [main] INFO sudoku.model.SudokuBoard - Bład w kwadracie 0
sudoku.model.SudokuBoard@1e977098[
  size=9
  solver=sudoku.model.BacktrackingSudokuSolver@630390b9
  board={{8,6,7,1,9,4,2,3,5},{9,1,2,3,5,6,4,7,8},{3,4,5,7,8,2,9,1,6},{1,7,6,4,2,3,5,8,9},{5,8,9,6,7,1,3,4,2},{4,2,0,0,0,0,0,0,0},{0,0,0,0,0,0,0,0,0},{0,0,0,0,0,0,0,0,0},{0,0,0,0,0,0,0,0,0}}
]
15:41:40.760 [main] INFO sudoku.model.SudokuBoard - Wartość 0 wstawiona nieprawidłowo
15:41:40.760 [main] INFO sudoku.model.SudokuBoard - Bład w kwadracie 0
sudoku.model.SudokuBoard@1e977098[
  size=9
  solver=sudoku.model.BacktrackingSudokuSolver@630390b9
  board={{8,6,7,1,9,4,2,3,5},{9,1,2,3,5,6,4,7,8},{3,4,5,7,8,2,9,1,6},{1,7,6,4,2,3,5,8,9},{5,8,9,6,7,1,3,4,2},{4,0,0,0,0,0,0,0,0},{0,0,0,0,0,0,0,0,0},{0,0,0,0,0,0,0,0,0},{0,0,0,0,0,0,0,0,0}}
]
15:41:40.760 [main] INFO sudoku.model.SudokuBoard - Wartość 0 wstawiona nieprawidłowo
15:41:40.760 [main] INFO sudoku.model.SudokuBoard - Bład w kwadracie 0
sudoku.model.SudokuBoard@1e977098[
  size=9
  solver=sudoku.model.BacktrackingSudokuSolver@630390b9
  board={{8,6,7,1,9,4,2,3,5},{9,1,2,3,5,6,4,7,8},{3,4,5,7,8,2,9,1,6},{1,7,6,4,2,3,5,8,9},{5,8,9,6,7,1,3,4,2},{0,0,0,0,0,0,0,0,0},{0,0,0,0,0,0,0,0,0},{0,0,0,0,0,0,0,0,0},{0,0,0,0,0,0,0,0,0}}
]
15:41:40.760 [main] INFO sudoku.model.SudokuBoard - Wartość 0 wstawiona nieprawidłowo
15:41:40.760 [main] INFO sudoku.model.SudokuBoard - Bład w kwadracie 0
sudoku.model.SudokuBoard@1e977098[
  size=9
  solver=sudoku.model.BacktrackingSudokuSolver@630390b9
  board={{8,6,7,1,9,4,2,3,5},{9,1,2,3,5,6,4,7,8},{3,4,5,7,8,2,9,1,6},{1,7,6,4,2,3,5,8,9},{5,8,9,6,7,1,3,4,2},{2,3,4,0,0,0,0,0,0},{0,0,0,0,0,0,0,0,0},{0,0,0,0,0,0,0,0,0},{0,0,0,0,0,0,0,0,0}}
]
15:41:40.760 [main] INFO sudoku.model.SudokuBoard - Wartość 0 wstawiona nieprawidłowo
15:41:40.760 [main] INFO sudoku.model.SudokuBoard - Bład w kwadracie 0
sudoku.model.SudokuBoard@1e977098[
  size=9
  solver=sudoku.model.BacktrackingSudokuSolver@630390b9
  board={{8,6,7,1,9,4,2,3,5},{9,1,2,3,5,6,4,7,8},{3,4,5,7,8,2,9,1,6},{1,7,6,4,2,3,5,8,9},{5,8,9,6,7,1,3,4,2},{2,3,4,0,0,0,0,0,0},{0,0,0,0,0,0,0,0,0},{0,0,0,0,0,0,0,0,0},{0,0,0,0,0,0,0,0,0}}
]
15:41:40.760 [main] INFO sudoku.model.SudokuBoard - Wartość 0 wstawiona nieprawidłowo
15:41:40.761 [main] INFO sudoku.model.SudokuBoard - Bład w kwadracie 0
sudoku.model.SudokuBoard@1e977098[
  size=9
  solver=sudoku.model.BacktrackingSudokuSolver@630390b9
  board={{8,6,7,1,9,4,2,3,5},{9,1,2,3,5,6,4,7,8},{3,4,5,7,8,2,9,1,6},{1,7,6,4,2,3,5,8,9},{5,8,9,6,7,1,3,4,2},{2,3,4,0,0,0,0,0,0},{0,0,0,0,0,0,0,0,0},{0,0,0,0,0,0,0,0,0},{0,0,0,0,0,0,0,0,0}}
]
15:41:40.761 [main] INFO sudoku.model.SudokuBoard - Wartość 0 wstawiona nieprawidłowo
15:41:40.761 [main] INFO sudoku.model.SudokuBoard - Bład w kwadracie 0
sudoku.model.SudokuBoard@1e977098[
  size=9
  solver=sudoku.model.BacktrackingSudokuSolver@630390b9
  board={{8,6,7,1,9,4,2,3,5},{9,1,2,3,5,6,4,7,8},{3,4,5,7,8,2,9,1,6},{1,7,6,4,2,3,5,8,9},{5,8,9,6,7,1,3,4,2},{2,3,0,0,0,0,0,0,0},{0,0,0,0,0,0,0,0,0},{0,0,0,0,0,0,0,0,0},{0,0,0,0,0,0,0,0,0}}
]
15:41:40.761 [main] INFO sudoku.model.SudokuBoard - Wartość 0 wstawiona nieprawidłowo
15:41:40.761 [main] INFO sudoku.model.SudokuBoard - Bład w kwadracie 0
sudoku.model.SudokuBoard@1e977098[
  size=9
  solver=sudoku.model.BacktrackingSudokuSolver@630390b9
  board={{8,6,7,1,9,4,2,3,5},{9,1,2,3,5,6,4,7,8},{3,4,5,7,8,2,9,1,6},{1,7,6,4,2,3,5,8,9},{5,8,9,6,7,1,3,4,2},{2,0,0,0,0,0,0,0,0},{0,0,0,0,0,0,0,0,0},{0,0,0,0,0,0,0,0,0},{0,0,0,0,0,0,0,0,0}}
]
15:41:40.761 [main] INFO sudoku.model.SudokuBoard - Wartość 0 wstawiona nieprawidłowo
15:41:40.762 [main] INFO sudoku.model.SudokuBoard - Bład w kwadracie 0
sudoku.model.SudokuBoard@1e977098[
  size=9
  solver=sudoku.model.BacktrackingSudokuSolver@630390b9
  board={{8,6,7,1,9,4,2,3,5},{9,1,2,3,5,6,4,7,8},{3,4,5,7,8,2,9,1,6},{1,7,6,4,2,3,5,8,9},{5,8,9,6,7,1,3,4,2},{0,0,0,0,0,0,0,0,0},{0,0,0,0,0,0,0,0,0},{0,0,0,0,0,0,0,0,0},{0,0,0,0,0,0,0,0,0}}
]
15:41:40.762 [main] INFO sudoku.model.SudokuBoard - Wartość 0 wstawiona nieprawidłowo
15:41:40.762 [main] INFO sudoku.model.SudokuBoard - Bład w kwadracie 0
sudoku.model.SudokuBoard@1e977098[
  size=9
  solver=sudoku.model.BacktrackingSudokuSolver@630390b9
  board={{8,6,7,1,9,4,2,3,5},{9,1,2,3,5,6,4,7,8},{3,4,5,7,8,2,9,1,6},{1,7,6,4,2,3,5,8,9},{5,8,9,6,7,1,3,4,0},{0,0,0,0,0,0,0,0,0},{0,0,0,0,0,0,0,0,0},{0,0,0,0,0,0,0,0,0},{0,0,0,0,0,0,0,0,0}}
]
15:41:40.762 [main] INFO sudoku.model.SudokuBoard - Wartość 0 wstawiona nieprawidłowo
15:41:40.762 [main] INFO sudoku.model.SudokuBoard - Bład w kwadracie 0
sudoku.model.SudokuBoard@1e977098[
  size=9
  solver=sudoku.model.BacktrackingSudokuSolver@630390b9
  board={{8,6,7,1,9,4,2,3,5},{9,1,2,3,5,6,4,7,8},{3,4,5,7,8,2,9,1,6},{1,7,6,4,2,3,5,8,9},{5,8,9,6,7,1,3,0,0},{0,0,0,0,0,0,0,0,0},{0,0,0,0,0,0,0,0,0},{0,0,0,0,0,0,0,0,0},{0,0,0,0,0,0,0,0,0}}
]
15:41:40.762 [main] INFO sudoku.model.SudokuBoard - Wartość 0 wstawiona nieprawidłowo
15:41:40.762 [main] INFO sudoku.model.SudokuBoard - Bład w kwadracie 0
sudoku.model.SudokuBoard@1e977098[
  size=9
  solver=sudoku.model.BacktrackingSudokuSolver@630390b9
  board={{8,6,7,1,9,4,2,3,5},{9,1,2,3,5,6,4,7,8},{3,4,5,7,8,2,9,1,6},{1,7,6,4,2,3,5,8,9},{5,8,9,6,7,1,3,2,4},{2,3,4,0,0,0,0,0,0},{0,0,0,0,0,0,0,0,0},{0,0,0,0,0,0,0,0,0},{0,0,0,0,0,0,0,0,0}}
]
15:41:40.762 [main] INFO sudoku.model.SudokuBoard - Wartość 0 wstawiona nieprawidłowo
15:41:40.762 [main] INFO sudoku.model.SudokuBoard - Bład w kwadracie 0
sudoku.model.SudokuBoard@1e977098[
  size=9
  solver=sudoku.model.BacktrackingSudokuSolver@630390b9
  board={{8,6,7,1,9,4,2,3,5},{9,1,2,3,5,6,4,7,8},{3,4,5,7,8,2,9,1,6},{1,7,6,4,2,3,5,8,9},{5,8,9,6,7,1,3,2,4},{2,3,4,0,0,0,0,0,0},{0,0,0,0,0,0,0,0,0},{0,0,0,0,0,0,0,0,0},{0,0,0,0,0,0,0,0,0}}
]
15:41:40.762 [main] INFO sudoku.model.SudokuBoard - Wartość 0 wstawiona nieprawidłowo
15:41:40.762 [main] INFO sudoku.model.SudokuBoard - Bład w kwadracie 0
sudoku.model.SudokuBoard@1e977098[
  size=9
  solver=sudoku.model.BacktrackingSudokuSolver@630390b9
  board={{8,6,7,1,9,4,2,3,5},{9,1,2,3,5,6,4,7,8},{3,4,5,7,8,2,9,1,6},{1,7,6,4,2,3,5,8,9},{5,8,9,6,7,1,3,2,4},{2,3,4,0,0,0,0,0,0},{0,0,0,0,0,0,0,0,0},{0,0,0,0,0,0,0,0,0},{0,0,0,0,0,0,0,0,0}}
]
15:41:40.762 [main] INFO sudoku.model.SudokuBoard - Wartość 0 wstawiona nieprawidłowo
15:41:40.763 [main] INFO sudoku.model.SudokuBoard - Bład w kwadracie 0
sudoku.model.SudokuBoard@1e977098[
  size=9
  solver=sudoku.model.BacktrackingSudokuSolver@630390b9
  board={{8,6,7,1,9,4,2,3,5},{9,1,2,3,5,6,4,7,8},{3,4,5,7,8,2,9,1,6},{1,7,6,4,2,3,5,8,9},{5,8,9,6,7,1,3,2,4},{2,3,0,0,0,0,0,0,0},{0,0,0,0,0,0,0,0,0},{0,0,0,0,0,0,0,0,0},{0,0,0,0,0,0,0,0,0}}
]
15:41:40.763 [main] INFO sudoku.model.SudokuBoard - Wartość 0 wstawiona nieprawidłowo
15:41:40.763 [main] INFO sudoku.model.SudokuBoard - Bład w kwadracie 0
sudoku.model.SudokuBoard@1e977098[
  size=9
  solver=sudoku.model.BacktrackingSudokuSolver@630390b9
  board={{8,6,7,1,9,4,2,3,5},{9,1,2,3,5,6,4,7,8},{3,4,5,7,8,2,9,1,6},{1,7,6,4,2,3,5,8,9},{5,8,9,6,7,1,3,2,4},{2,0,0,0,0,0,0,0,0},{0,0,0,0,0,0,0,0,0},{0,0,0,0,0,0,0,0,0},{0,0,0,0,0,0,0,0,0}}
]
15:41:40.763 [main] INFO sudoku.model.SudokuBoard - Wartość 0 wstawiona nieprawidłowo
15:41:40.763 [main] INFO sudoku.model.SudokuBoard - Bład w kwadracie 0
sudoku.model.SudokuBoard@1e977098[
  size=9
  solver=sudoku.model.BacktrackingSudokuSolver@630390b9
  board={{8,6,7,1,9,4,2,3,5},{9,1,2,3,5,6,4,7,8},{3,4,5,7,8,2,9,1,6},{1,7,6,4,2,3,5,8,9},{5,8,9,6,7,1,3,2,4},{0,0,0,0,0,0,0,0,0},{0,0,0,0,0,0,0,0,0},{0,0,0,0,0,0,0,0,0},{0,0,0,0,0,0,0,0,0}}
]
15:41:40.763 [main] INFO sudoku.model.SudokuBoard - Wartość 0 wstawiona nieprawidłowo
15:41:40.763 [main] INFO sudoku.model.SudokuBoard - Bład w kwadracie 0
sudoku.model.SudokuBoard@1e977098[
  size=9
  solver=sudoku.model.BacktrackingSudokuSolver@630390b9
  board={{8,6,7,1,9,4,2,3,5},{9,1,2,3,5,6,4,7,8},{3,4,5,7,8,2,9,1,6},{1,7,6,4,2,3,5,8,9},{5,8,9,6,7,1,3,2,4},{4,2,3,0,0,0,0,0,0},{0,0,0,0,0,0,0,0,0},{0,0,0,0,0,0,0,0,0},{0,0,0,0,0,0,0,0,0}}
]
15:41:40.763 [main] INFO sudoku.model.SudokuBoard - Wartość 0 wstawiona nieprawidłowo
15:41:40.763 [main] INFO sudoku.model.SudokuBoard - Bład w kwadracie 0
sudoku.model.SudokuBoard@1e977098[
  size=9
  solver=sudoku.model.BacktrackingSudokuSolver@630390b9
  board={{8,6,7,1,9,4,2,3,5},{9,1,2,3,5,6,4,7,8},{3,4,5,7,8,2,9,1,6},{1,7,6,4,2,3,5,8,9},{5,8,9,6,7,1,3,2,4},{4,2,3,0,0,0,0,0,0},{0,0,0,0,0,0,0,0,0},{0,0,0,0,0,0,0,0,0},{0,0,0,0,0,0,0,0,0}}
]
15:41:40.763 [main] INFO sudoku.model.SudokuBoard - Wartość 0 wstawiona nieprawidłowo
15:41:40.763 [main] INFO sudoku.model.SudokuBoard - Bład w kwadracie 0
sudoku.model.SudokuBoard@1e977098[
  size=9
  solver=sudoku.model.BacktrackingSudokuSolver@630390b9
  board={{8,6,7,1,9,4,2,3,5},{9,1,2,3,5,6,4,7,8},{3,4,5,7,8,2,9,1,6},{1,7,6,4,2,3,5,8,9},{5,8,9,6,7,1,3,2,4},{4,2,3,0,0,0,0,0,0},{0,0,0,0,0,0,0,0,0},{0,0,0,0,0,0,0,0,0},{0,0,0,0,0,0,0,0,0}}
]
15:41:40.763 [main] INFO sudoku.model.SudokuBoard - Wartość 0 wstawiona nieprawidłowo
15:41:40.763 [main] INFO sudoku.model.SudokuBoard - Bład w kwadracie 0
sudoku.model.SudokuBoard@1e977098[
  size=9
  solver=sudoku.model.BacktrackingSudokuSolver@630390b9
  board={{8,6,7,1,9,4,2,3,5},{9,1,2,3,5,6,4,7,8},{3,4,5,7,8,2,9,1,6},{1,7,6,4,2,3,5,8,9},{5,8,9,6,7,1,3,2,4},{4,2,0,0,0,0,0,0,0},{0,0,0,0,0,0,0,0,0},{0,0,0,0,0,0,0,0,0},{0,0,0,0,0,0,0,0,0}}
]
15:41:40.764 [main] INFO sudoku.model.SudokuBoard - Wartość 0 wstawiona nieprawidłowo
15:41:40.764 [main] INFO sudoku.model.SudokuBoard - Bład w kwadracie 0
sudoku.model.SudokuBoard@1e977098[
  size=9
  solver=sudoku.model.BacktrackingSudokuSolver@630390b9
  board={{8,6,7,1,9,4,2,3,5},{9,1,2,3,5,6,4,7,8},{3,4,5,7,8,2,9,1,6},{1,7,6,4,2,3,5,8,9},{5,8,9,6,7,1,3,2,4},{4,0,0,0,0,0,0,0,0},{0,0,0,0,0,0,0,0,0},{0,0,0,0,0,0,0,0,0},{0,0,0,0,0,0,0,0,0}}
]
15:41:40.764 [main] INFO sudoku.model.SudokuBoard - Wartość 0 wstawiona nieprawidłowo
15:41:40.764 [main] INFO sudoku.model.SudokuBoard - Bład w kwadracie 0
sudoku.model.SudokuBoard@1e977098[
  size=9
  solver=sudoku.model.BacktrackingSudokuSolver@630390b9
  board={{8,6,7,1,9,4,2,3,5},{9,1,2,3,5,6,4,7,8},{3,4,5,7,8,2,9,1,6},{1,7,6,4,2,3,5,8,9},{5,8,9,6,7,1,3,2,4},{4,0,0,0,0,0,0,0,0},{0,0,0,0,0,0,0,0,0},{0,0,0,0,0,0,0,0,0},{0,0,0,0,0,0,0,0,0}}
]
15:41:40.764 [main] INFO sudoku.model.SudokuBoard - Wartość 0 wstawiona nieprawidłowo
15:41:40.764 [main] INFO sudoku.model.SudokuBoard - Bład w kwadracie 0
sudoku.model.SudokuBoard@1e977098[
  size=9
  solver=sudoku.model.BacktrackingSudokuSolver@630390b9
  board={{8,6,7,1,9,4,2,3,5},{9,1,2,3,5,6,4,7,8},{3,4,5,7,8,2,9,1,6},{1,7,6,4,2,3,5,8,9},{5,8,9,6,7,1,3,2,4},{0,0,0,0,0,0,0,0,0},{0,0,0,0,0,0,0,0,0},{0,0,0,0,0,0,0,0,0},{0,0,0,0,0,0,0,0,0}}
]
15:41:40.764 [main] INFO sudoku.model.SudokuBoard - Wartość 0 wstawiona nieprawidłowo
15:41:40.764 [main] INFO sudoku.model.SudokuBoard - Bład w kwadracie 0
sudoku.model.SudokuBoard@1e977098[
  size=9
  solver=sudoku.model.BacktrackingSudokuSolver@630390b9
  board={{8,6,7,1,9,4,2,3,5},{9,1,2,3,5,6,4,7,8},{3,4,5,7,8,2,9,1,6},{1,7,6,4,2,3,5,8,9},{5,8,9,6,7,1,3,2,0},{0,0,0,0,0,0,0,0,0},{0,0,0,0,0,0,0,0,0},{0,0,0,0,0,0,0,0,0},{0,0,0,0,0,0,0,0,0}}
]
15:41:40.764 [main] INFO sudoku.model.SudokuBoard - Wartość 0 wstawiona nieprawidłowo
15:41:40.764 [main] INFO sudoku.model.SudokuBoard - Bład w kwadracie 0
sudoku.model.SudokuBoard@1e977098[
  size=9
  solver=sudoku.model.BacktrackingSudokuSolver@630390b9
  board={{8,6,7,1,9,4,2,3,5},{9,1,2,3,5,6,4,7,8},{3,4,5,7,8,2,9,1,6},{1,7,6,4,2,3,5,8,9},{5,8,9,6,7,1,3,0,0},{0,0,0,0,0,0,0,0,0},{0,0,0,0,0,0,0,0,0},{0,0,0,0,0,0,0,0,0},{0,0,0,0,0,0,0,0,0}}
]
15:41:40.764 [main] INFO sudoku.model.SudokuBoard - Wartość 0 wstawiona nieprawidłowo
15:41:40.764 [main] INFO sudoku.model.SudokuBoard - Bład w kwadracie 0
sudoku.model.SudokuBoard@1e977098[
  size=9
  solver=sudoku.model.BacktrackingSudokuSolver@630390b9
  board={{8,6,7,1,9,4,2,3,5},{9,1,2,3,5,6,4,7,8},{3,4,5,7,8,2,9,1,6},{1,7,6,4,2,3,5,8,9},{5,8,9,6,7,1,0,0,0},{0,0,0,0,0,0,0,0,0},{0,0,0,0,0,0,0,0,0},{0,0,0,0,0,0,0,0,0},{0,0,0,0,0,0,0,0,0}}
]
15:41:40.764 [main] INFO sudoku.model.SudokuBoard - Wartość 0 wstawiona nieprawidłowo
15:41:40.764 [main] INFO sudoku.model.SudokuBoard - Bład w kwadracie 0
sudoku.model.SudokuBoard@1e977098[
  size=9
  solver=sudoku.model.BacktrackingSudokuSolver@630390b9
  board={{8,6,7,1,9,4,2,3,5},{9,1,2,3,5,6,4,7,8},{3,4,5,7,8,2,9,1,6},{1,7,6,4,2,3,5,8,9},{5,8,9,6,7,0,0,0,0},{0,0,0,0,0,0,0,0,0},{0,0,0,0,0,0,0,0,0},{0,0,0,0,0,0,0,0,0},{0,0,0,0,0,0,0,0,0}}
]
15:41:40.764 [main] INFO sudoku.model.SudokuBoard - Wartość 0 wstawiona nieprawidłowo
15:41:40.764 [main] INFO sudoku.model.SudokuBoard - Bład w kwadracie 0
sudoku.model.SudokuBoard@1e977098[
  size=9
  solver=sudoku.model.BacktrackingSudokuSolver@630390b9
  board={{8,6,7,1,9,4,2,3,5},{9,1,2,3,5,6,4,7,8},{3,4,5,7,8,2,9,1,6},{1,7,6,4,2,3,5,8,9},{5,8,9,6,0,0,0,0,0},{0,0,0,0,0,0,0,0,0},{0,0,0,0,0,0,0,0,0},{0,0,0,0,0,0,0,0,0},{0,0,0,0,0,0,0,0,0}}
]
15:41:40.764 [main] INFO sudoku.model.SudokuBoard - Wartość 0 wstawiona nieprawidłowo
15:41:40.765 [main] INFO sudoku.model.SudokuBoard - Bład w kwadracie 0
sudoku.model.SudokuBoard@1e977098[
  size=9
  solver=sudoku.model.BacktrackingSudokuSolver@630390b9
  board={{8,6,7,1,9,4,2,3,5},{9,1,2,3,5,6,4,7,8},{3,4,5,7,8,2,9,1,6},{1,7,6,4,2,3,5,8,9},{5,8,9,6,1,7,3,2,4},{2,3,4,0,0,0,0,0,0},{0,0,0,0,0,0,0,0,0},{0,0,0,0,0,0,0,0,0},{0,0,0,0,0,0,0,0,0}}
]
15:41:40.765 [main] INFO sudoku.model.SudokuBoard - Wartość 0 wstawiona nieprawidłowo
15:41:40.765 [main] INFO sudoku.model.SudokuBoard - Bład w kwadracie 0
sudoku.model.SudokuBoard@1e977098[
  size=9
  solver=sudoku.model.BacktrackingSudokuSolver@630390b9
  board={{8,6,7,1,9,4,2,3,5},{9,1,2,3,5,6,4,7,8},{3,4,5,7,8,2,9,1,6},{1,7,6,4,2,3,5,8,9},{5,8,9,6,1,7,3,2,4},{2,3,4,0,0,0,0,0,0},{0,0,0,0,0,0,0,0,0},{0,0,0,0,0,0,0,0,0},{0,0,0,0,0,0,0,0,0}}
]
15:41:40.765 [main] INFO sudoku.model.SudokuBoard - Wartość 0 wstawiona nieprawidłowo
15:41:40.765 [main] INFO sudoku.model.SudokuBoard - Bład w kwadracie 0
sudoku.model.SudokuBoard@1e977098[
  size=9
  solver=sudoku.model.BacktrackingSudokuSolver@630390b9
  board={{8,6,7,1,9,4,2,3,5},{9,1,2,3,5,6,4,7,8},{3,4,5,7,8,2,9,1,6},{1,7,6,4,2,3,5,8,9},{5,8,9,6,1,7,3,2,4},{2,3,4,0,0,0,0,0,0},{0,0,0,0,0,0,0,0,0},{0,0,0,0,0,0,0,0,0},{0,0,0,0,0,0,0,0,0}}
]
15:41:40.765 [main] INFO sudoku.model.SudokuBoard - Wartość 0 wstawiona nieprawidłowo
15:41:40.765 [main] INFO sudoku.model.SudokuBoard - Bład w kwadracie 0
sudoku.model.SudokuBoard@1e977098[
  size=9
  solver=sudoku.model.BacktrackingSudokuSolver@630390b9
  board={{8,6,7,1,9,4,2,3,5},{9,1,2,3,5,6,4,7,8},{3,4,5,7,8,2,9,1,6},{1,7,6,4,2,3,5,8,9},{5,8,9,6,1,7,3,2,4},{2,3,0,0,0,0,0,0,0},{0,0,0,0,0,0,0,0,0},{0,0,0,0,0,0,0,0,0},{0,0,0,0,0,0,0,0,0}}
]
15:41:40.765 [main] INFO sudoku.model.SudokuBoard - Wartość 0 wstawiona nieprawidłowo
15:41:40.765 [main] INFO sudoku.model.SudokuBoard - Bład w kwadracie 0
sudoku.model.SudokuBoard@1e977098[
  size=9
  solver=sudoku.model.BacktrackingSudokuSolver@630390b9
  board={{8,6,7,1,9,4,2,3,5},{9,1,2,3,5,6,4,7,8},{3,4,5,7,8,2,9,1,6},{1,7,6,4,2,3,5,8,9},{5,8,9,6,1,7,3,2,4},{2,0,0,0,0,0,0,0,0},{0,0,0,0,0,0,0,0,0},{0,0,0,0,0,0,0,0,0},{0,0,0,0,0,0,0,0,0}}
]
15:41:40.765 [main] INFO sudoku.model.SudokuBoard - Wartość 0 wstawiona nieprawidłowo
15:41:40.765 [main] INFO sudoku.model.SudokuBoard - Bład w kwadracie 0
sudoku.model.SudokuBoard@1e977098[
  size=9
  solver=sudoku.model.BacktrackingSudokuSolver@630390b9
  board={{8,6,7,1,9,4,2,3,5},{9,1,2,3,5,6,4,7,8},{3,4,5,7,8,2,9,1,6},{1,7,6,4,2,3,5,8,9},{5,8,9,6,1,7,3,2,4},{0,0,0,0,0,0,0,0,0},{0,0,0,0,0,0,0,0,0},{0,0,0,0,0,0,0,0,0},{0,0,0,0,0,0,0,0,0}}
]
15:41:40.765 [main] INFO sudoku.model.SudokuBoard - Wartość 0 wstawiona nieprawidłowo
15:41:40.765 [main] INFO sudoku.model.SudokuBoard - Bład w kwadracie 0
sudoku.model.SudokuBoard@1e977098[
  size=9
  solver=sudoku.model.BacktrackingSudokuSolver@630390b9
  board={{8,6,7,1,9,4,2,3,5},{9,1,2,3,5,6,4,7,8},{3,4,5,7,8,2,9,1,6},{1,7,6,4,2,3,5,8,9},{5,8,9,6,1,7,3,2,4},{4,2,3,0,0,0,0,0,0},{0,0,0,0,0,0,0,0,0},{0,0,0,0,0,0,0,0,0},{0,0,0,0,0,0,0,0,0}}
]
15:41:40.765 [main] INFO sudoku.model.SudokuBoard - Wartość 0 wstawiona nieprawidłowo
15:41:40.765 [main] INFO sudoku.model.SudokuBoard - Bład w kwadracie 0
sudoku.model.SudokuBoard@1e977098[
  size=9
  solver=sudoku.model.BacktrackingSudokuSolver@630390b9
  board={{8,6,7,1,9,4,2,3,5},{9,1,2,3,5,6,4,7,8},{3,4,5,7,8,2,9,1,6},{1,7,6,4,2,3,5,8,9},{5,8,9,6,1,7,3,2,4},{4,2,3,0,0,0,0,0,0},{0,0,0,0,0,0,0,0,0},{0,0,0,0,0,0,0,0,0},{0,0,0,0,0,0,0,0,0}}
]
15:41:40.765 [main] INFO sudoku.model.SudokuBoard - Wartość 0 wstawiona nieprawidłowo
15:41:40.765 [main] INFO sudoku.model.SudokuBoard - Bład w kwadracie 0
sudoku.model.SudokuBoard@1e977098[
  size=9
  solver=sudoku.model.BacktrackingSudokuSolver@630390b9
  board={{8,6,7,1,9,4,2,3,5},{9,1,2,3,5,6,4,7,8},{3,4,5,7,8,2,9,1,6},{1,7,6,4,2,3,5,8,9},{5,8,9,6,1,7,3,2,4},{4,2,3,0,0,0,0,0,0},{0,0,0,0,0,0,0,0,0},{0,0,0,0,0,0,0,0,0},{0,0,0,0,0,0,0,0,0}}
]
15:41:40.765 [main] INFO sudoku.model.SudokuBoard - Wartość 0 wstawiona nieprawidłowo
15:41:40.766 [main] INFO sudoku.model.SudokuBoard - Bład w kwadracie 0
sudoku.model.SudokuBoard@1e977098[
  size=9
  solver=sudoku.model.BacktrackingSudokuSolver@630390b9
  board={{8,6,7,1,9,4,2,3,5},{9,1,2,3,5,6,4,7,8},{3,4,5,7,8,2,9,1,6},{1,7,6,4,2,3,5,8,9},{5,8,9,6,1,7,3,2,4},{4,2,0,0,0,0,0,0,0},{0,0,0,0,0,0,0,0,0},{0,0,0,0,0,0,0,0,0},{0,0,0,0,0,0,0,0,0}}
]
15:41:40.766 [main] INFO sudoku.model.SudokuBoard - Wartość 0 wstawiona nieprawidłowo
15:41:40.766 [main] INFO sudoku.model.SudokuBoard - Bład w kwadracie 0
sudoku.model.SudokuBoard@1e977098[
  size=9
  solver=sudoku.model.BacktrackingSudokuSolver@630390b9
  board={{8,6,7,1,9,4,2,3,5},{9,1,2,3,5,6,4,7,8},{3,4,5,7,8,2,9,1,6},{1,7,6,4,2,3,5,8,9},{5,8,9,6,1,7,3,2,4},{4,0,0,0,0,0,0,0,0},{0,0,0,0,0,0,0,0,0},{0,0,0,0,0,0,0,0,0},{0,0,0,0,0,0,0,0,0}}
]
15:41:40.766 [main] INFO sudoku.model.SudokuBoard - Wartość 0 wstawiona nieprawidłowo
15:41:40.766 [main] INFO sudoku.model.SudokuBoard - Bład w kwadracie 0
sudoku.model.SudokuBoard@1e977098[
  size=9
  solver=sudoku.model.BacktrackingSudokuSolver@630390b9
  board={{8,6,7,1,9,4,2,3,5},{9,1,2,3,5,6,4,7,8},{3,4,5,7,8,2,9,1,6},{1,7,6,4,2,3,5,8,9},{5,8,9,6,1,7,3,2,4},{4,0,0,0,0,0,0,0,0},{0,0,0,0,0,0,0,0,0},{0,0,0,0,0,0,0,0,0},{0,0,0,0,0,0,0,0,0}}
]
15:41:40.766 [main] INFO sudoku.model.SudokuBoard - Wartość 0 wstawiona nieprawidłowo
15:41:40.766 [main] INFO sudoku.model.SudokuBoard - Bład w kwadracie 0
sudoku.model.SudokuBoard@1e977098[
  size=9
  solver=sudoku.model.BacktrackingSudokuSolver@630390b9
  board={{8,6,7,1,9,4,2,3,5},{9,1,2,3,5,6,4,7,8},{3,4,5,7,8,2,9,1,6},{1,7,6,4,2,3,5,8,9},{5,8,9,6,1,7,3,2,4},{0,0,0,0,0,0,0,0,0},{0,0,0,0,0,0,0,0,0},{0,0,0,0,0,0,0,0,0},{0,0,0,0,0,0,0,0,0}}
]
15:41:40.766 [main] INFO sudoku.model.SudokuBoard - Wartość 0 wstawiona nieprawidłowo
15:41:40.766 [main] INFO sudoku.model.SudokuBoard - Bład w kwadracie 0
sudoku.model.SudokuBoard@1e977098[
  size=9
  solver=sudoku.model.BacktrackingSudokuSolver@630390b9
  board={{8,6,7,1,9,4,2,3,5},{9,1,2,3,5,6,4,7,8},{3,4,5,7,8,2,9,1,6},{1,7,6,4,2,3,5,8,9},{5,8,9,6,1,7,3,2,0},{0,0,0,0,0,0,0,0,0},{0,0,0,0,0,0,0,0,0},{0,0,0,0,0,0,0,0,0},{0,0,0,0,0,0,0,0,0}}
]
15:41:40.766 [main] INFO sudoku.model.SudokuBoard - Wartość 0 wstawiona nieprawidłowo
15:41:40.766 [main] INFO sudoku.model.SudokuBoard - Bład w kwadracie 0
sudoku.model.SudokuBoard@1e977098[
  size=9
  solver=sudoku.model.BacktrackingSudokuSolver@630390b9
  board={{8,6,7,1,9,4,2,3,5},{9,1,2,3,5,6,4,7,8},{3,4,5,7,8,2,9,1,6},{1,7,6,4,2,3,5,8,9},{5,8,9,6,1,7,3,0,0},{0,0,0,0,0,0,0,0,0},{0,0,0,0,0,0,0,0,0},{0,0,0,0,0,0,0,0,0},{0,0,0,0,0,0,0,0,0}}
]
15:41:40.766 [main] INFO sudoku.model.SudokuBoard - Wartość 0 wstawiona nieprawidłowo
15:41:40.766 [main] INFO sudoku.model.SudokuBoard - Bład w kwadracie 0
sudoku.model.SudokuBoard@1e977098[
  size=9
  solver=sudoku.model.BacktrackingSudokuSolver@630390b9
  board={{8,6,7,1,9,4,2,3,5},{9,1,2,3,5,6,4,7,8},{3,4,5,7,8,2,9,1,6},{1,7,6,4,2,3,5,8,9},{5,8,9,6,1,7,3,4,2},{2,3,4,0,0,0,0,0,0},{0,0,0,0,0,0,0,0,0},{0,0,0,0,0,0,0,0,0},{0,0,0,0,0,0,0,0,0}}
]
15:41:40.766 [main] INFO sudoku.model.SudokuBoard - Wartość 0 wstawiona nieprawidłowo
15:41:40.766 [main] INFO sudoku.model.SudokuBoard - Bład w kwadracie 0
sudoku.model.SudokuBoard@1e977098[
  size=9
  solver=sudoku.model.BacktrackingSudokuSolver@630390b9
  board={{8,6,7,1,9,4,2,3,5},{9,1,2,3,5,6,4,7,8},{3,4,5,7,8,2,9,1,6},{1,7,6,4,2,3,5,8,9},{5,8,9,6,1,7,3,4,2},{2,3,4,0,0,0,0,0,0},{0,0,0,0,0,0,0,0,0},{0,0,0,0,0,0,0,0,0},{0,0,0,0,0,0,0,0,0}}
]
15:41:40.766 [main] INFO sudoku.model.SudokuBoard - Wartość 0 wstawiona nieprawidłowo
15:41:40.766 [main] INFO sudoku.model.SudokuBoard - Bład w kwadracie 0
sudoku.model.SudokuBoard@1e977098[
  size=9
  solver=sudoku.model.BacktrackingSudokuSolver@630390b9
  board={{8,6,7,1,9,4,2,3,5},{9,1,2,3,5,6,4,7,8},{3,4,5,7,8,2,9,1,6},{1,7,6,4,2,3,5,8,9},{5,8,9,6,1,7,3,4,2},{2,3,4,0,0,0,0,0,0},{0,0,0,0,0,0,0,0,0},{0,0,0,0,0,0,0,0,0},{0,0,0,0,0,0,0,0,0}}
]
15:41:40.766 [main] INFO sudoku.model.SudokuBoard - Wartość 0 wstawiona nieprawidłowo
15:41:40.766 [main] INFO sudoku.model.SudokuBoard - Bład w kwadracie 0
sudoku.model.SudokuBoard@1e977098[
  size=9
  solver=sudoku.model.BacktrackingSudokuSolver@630390b9
  board={{8,6,7,1,9,4,2,3,5},{9,1,2,3,5,6,4,7,8},{3,4,5,7,8,2,9,1,6},{1,7,6,4,2,3,5,8,9},{5,8,9,6,1,7,3,4,2},{2,3,0,0,0,0,0,0,0},{0,0,0,0,0,0,0,0,0},{0,0,0,0,0,0,0,0,0},{0,0,0,0,0,0,0,0,0}}
]
15:41:40.766 [main] INFO sudoku.model.SudokuBoard - Wartość 0 wstawiona nieprawidłowo
15:41:40.767 [main] INFO sudoku.model.SudokuBoard - Bład w kwadracie 0
sudoku.model.SudokuBoard@1e977098[
  size=9
  solver=sudoku.model.BacktrackingSudokuSolver@630390b9
  board={{8,6,7,1,9,4,2,3,5},{9,1,2,3,5,6,4,7,8},{3,4,5,7,8,2,9,1,6},{1,7,6,4,2,3,5,8,9},{5,8,9,6,1,7,3,4,2},{2,0,0,0,0,0,0,0,0},{0,0,0,0,0,0,0,0,0},{0,0,0,0,0,0,0,0,0},{0,0,0,0,0,0,0,0,0}}
]
15:41:40.767 [main] INFO sudoku.model.SudokuBoard - Wartość 0 wstawiona nieprawidłowo
15:41:40.767 [main] INFO sudoku.model.SudokuBoard - Bład w kwadracie 0
sudoku.model.SudokuBoard@1e977098[
  size=9
  solver=sudoku.model.BacktrackingSudokuSolver@630390b9
  board={{8,6,7,1,9,4,2,3,5},{9,1,2,3,5,6,4,7,8},{3,4,5,7,8,2,9,1,6},{1,7,6,4,2,3,5,8,9},{5,8,9,6,1,7,3,4,2},{0,0,0,0,0,0,0,0,0},{0,0,0,0,0,0,0,0,0},{0,0,0,0,0,0,0,0,0},{0,0,0,0,0,0,0,0,0}}
]
15:41:40.767 [main] INFO sudoku.model.SudokuBoard - Wartość 0 wstawiona nieprawidłowo
15:41:40.767 [main] INFO sudoku.model.SudokuBoard - Bład w kwadracie 0
sudoku.model.SudokuBoard@1e977098[
  size=9
  solver=sudoku.model.BacktrackingSudokuSolver@630390b9
  board={{8,6,7,1,9,4,2,3,5},{9,1,2,3,5,6,4,7,8},{3,4,5,7,8,2,9,1,6},{1,7,6,4,2,3,5,8,9},{5,8,9,6,1,7,3,4,2},{4,2,3,0,0,0,0,0,0},{0,0,0,0,0,0,0,0,0},{0,0,0,0,0,0,0,0,0},{0,0,0,0,0,0,0,0,0}}
]
15:41:40.767 [main] INFO sudoku.model.SudokuBoard - Wartość 0 wstawiona nieprawidłowo
15:41:40.767 [main] INFO sudoku.model.SudokuBoard - Bład w kwadracie 0
sudoku.model.SudokuBoard@1e977098[
  size=9
  solver=sudoku.model.BacktrackingSudokuSolver@630390b9
  board={{8,6,7,1,9,4,2,3,5},{9,1,2,3,5,6,4,7,8},{3,4,5,7,8,2,9,1,6},{1,7,6,4,2,3,5,8,9},{5,8,9,6,1,7,3,4,2},{4,2,3,0,0,0,0,0,0},{0,0,0,0,0,0,0,0,0},{0,0,0,0,0,0,0,0,0},{0,0,0,0,0,0,0,0,0}}
]
15:41:40.767 [main] INFO sudoku.model.SudokuBoard - Wartość 0 wstawiona nieprawidłowo
15:41:40.768 [main] INFO sudoku.model.SudokuBoard - Bład w kwadracie 0
sudoku.model.SudokuBoard@1e977098[
  size=9
  solver=sudoku.model.BacktrackingSudokuSolver@630390b9
  board={{8,6,7,1,9,4,2,3,5},{9,1,2,3,5,6,4,7,8},{3,4,5,7,8,2,9,1,6},{1,7,6,4,2,3,5,8,9},{5,8,9,6,1,7,3,4,2},{4,2,3,0,0,0,0,0,0},{0,0,0,0,0,0,0,0,0},{0,0,0,0,0,0,0,0,0},{0,0,0,0,0,0,0,0,0}}
]
15:41:40.768 [main] INFO sudoku.model.SudokuBoard - Wartość 0 wstawiona nieprawidłowo
15:41:40.768 [main] INFO sudoku.model.SudokuBoard - Bład w kwadracie 0
sudoku.model.SudokuBoard@1e977098[
  size=9
  solver=sudoku.model.BacktrackingSudokuSolver@630390b9
  board={{8,6,7,1,9,4,2,3,5},{9,1,2,3,5,6,4,7,8},{3,4,5,7,8,2,9,1,6},{1,7,6,4,2,3,5,8,9},{5,8,9,6,1,7,3,4,2},{4,2,0,0,0,0,0,0,0},{0,0,0,0,0,0,0,0,0},{0,0,0,0,0,0,0,0,0},{0,0,0,0,0,0,0,0,0}}
]
15:41:40.768 [main] INFO sudoku.model.SudokuBoard - Wartość 0 wstawiona nieprawidłowo
15:41:40.769 [main] INFO sudoku.model.SudokuBoard - Bład w kwadracie 0
sudoku.model.SudokuBoard@1e977098[
  size=9
  solver=sudoku.model.BacktrackingSudokuSolver@630390b9
  board={{8,6,7,1,9,4,2,3,5},{9,1,2,3,5,6,4,7,8},{3,4,5,7,8,2,9,1,6},{1,7,6,4,2,3,5,8,9},{5,8,9,6,1,7,3,4,2},{4,0,0,0,0,0,0,0,0},{0,0,0,0,0,0,0,0,0},{0,0,0,0,0,0,0,0,0},{0,0,0,0,0,0,0,0,0}}
]
15:41:40.769 [main] INFO sudoku.model.SudokuBoard - Wartość 0 wstawiona nieprawidłowo
15:41:40.769 [main] INFO sudoku.model.SudokuBoard - Bład w kwadracie 0
sudoku.model.SudokuBoard@1e977098[
  size=9
  solver=sudoku.model.BacktrackingSudokuSolver@630390b9
  board={{8,6,7,1,9,4,2,3,5},{9,1,2,3,5,6,4,7,8},{3,4,5,7,8,2,9,1,6},{1,7,6,4,2,3,5,8,9},{5,8,9,6,1,7,3,4,2},{4,0,0,0,0,0,0,0,0},{0,0,0,0,0,0,0,0,0},{0,0,0,0,0,0,0,0,0},{0,0,0,0,0,0,0,0,0}}
]
15:41:40.769 [main] INFO sudoku.model.SudokuBoard - Wartość 0 wstawiona nieprawidłowo
15:41:40.769 [main] INFO sudoku.model.SudokuBoard - Bład w kwadracie 0
sudoku.model.SudokuBoard@1e977098[
  size=9
  solver=sudoku.model.BacktrackingSudokuSolver@630390b9
  board={{8,6,7,1,9,4,2,3,5},{9,1,2,3,5,6,4,7,8},{3,4,5,7,8,2,9,1,6},{1,7,6,4,2,3,5,8,9},{5,8,9,6,1,7,3,4,2},{0,0,0,0,0,0,0,0,0},{0,0,0,0,0,0,0,0,0},{0,0,0,0,0,0,0,0,0},{0,0,0,0,0,0,0,0,0}}
]
15:41:40.769 [main] INFO sudoku.model.SudokuBoard - Wartość 0 wstawiona nieprawidłowo
15:41:40.769 [main] INFO sudoku.model.SudokuBoard - Bład w kwadracie 0
sudoku.model.SudokuBoard@1e977098[
  size=9
  solver=sudoku.model.BacktrackingSudokuSolver@630390b9
  board={{8,6,7,1,9,4,2,3,5},{9,1,2,3,5,6,4,7,8},{3,4,5,7,8,2,9,1,6},{1,7,6,4,2,3,5,8,9},{5,8,9,6,1,7,3,4,0},{0,0,0,0,0,0,0,0,0},{0,0,0,0,0,0,0,0,0},{0,0,0,0,0,0,0,0,0},{0,0,0,0,0,0,0,0,0}}
]
15:41:40.769 [main] INFO sudoku.model.SudokuBoard - Wartość 0 wstawiona nieprawidłowo
15:41:40.769 [main] INFO sudoku.model.SudokuBoard - Bład w kwadracie 0
sudoku.model.SudokuBoard@1e977098[
  size=9
  solver=sudoku.model.BacktrackingSudokuSolver@630390b9
  board={{8,6,7,1,9,4,2,3,5},{9,1,2,3,5,6,4,7,8},{3,4,5,7,8,2,9,1,6},{1,7,6,4,2,3,5,8,9},{5,8,9,6,1,7,3,0,0},{0,0,0,0,0,0,0,0,0},{0,0,0,0,0,0,0,0,0},{0,0,0,0,0,0,0,0,0},{0,0,0,0,0,0,0,0,0}}
]
15:41:40.769 [main] INFO sudoku.model.SudokuBoard - Wartość 0 wstawiona nieprawidłowo
15:41:40.770 [main] INFO sudoku.model.SudokuBoard - Bład w kwadracie 0
sudoku.model.SudokuBoard@1e977098[
  size=9
  solver=sudoku.model.BacktrackingSudokuSolver@630390b9
  board={{8,6,7,1,9,4,2,3,5},{9,1,2,3,5,6,4,7,8},{3,4,5,7,8,2,9,1,6},{1,7,6,4,2,3,5,8,9},{5,8,9,6,1,7,0,0,0},{0,0,0,0,0,0,0,0,0},{0,0,0,0,0,0,0,0,0},{0,0,0,0,0,0,0,0,0},{0,0,0,0,0,0,0,0,0}}
]
15:41:40.770 [main] INFO sudoku.model.SudokuBoard - Wartość 0 wstawiona nieprawidłowo
15:41:40.770 [main] INFO sudoku.model.SudokuBoard - Bład w kwadracie 0
sudoku.model.SudokuBoard@1e977098[
  size=9
  solver=sudoku.model.BacktrackingSudokuSolver@630390b9
  board={{8,6,7,1,9,4,2,3,5},{9,1,2,3,5,6,4,7,8},{3,4,5,7,8,2,9,1,6},{1,7,6,4,2,3,5,8,9},{5,8,9,6,1,0,0,0,0},{0,0,0,0,0,0,0,0,0},{0,0,0,0,0,0,0,0,0},{0,0,0,0,0,0,0,0,0},{0,0,0,0,0,0,0,0,0}}
]
15:41:40.770 [main] INFO sudoku.model.SudokuBoard - Wartość 0 wstawiona nieprawidłowo
15:41:40.770 [main] INFO sudoku.model.SudokuBoard - Bład w kwadracie 0
sudoku.model.SudokuBoard@1e977098[
  size=9
  solver=sudoku.model.BacktrackingSudokuSolver@630390b9
  board={{8,6,7,1,9,4,2,3,5},{9,1,2,3,5,6,4,7,8},{3,4,5,7,8,2,9,1,6},{1,7,6,4,2,3,5,8,9},{5,8,9,6,0,0,0,0,0},{0,0,0,0,0,0,0,0,0},{0,0,0,0,0,0,0,0,0},{0,0,0,0,0,0,0,0,0},{0,0,0,0,0,0,0,0,0}}
]
15:41:40.770 [main] INFO sudoku.model.SudokuBoard - Wartość 0 wstawiona nieprawidłowo
15:41:40.770 [main] INFO sudoku.model.SudokuBoard - Bład w kwadracie 0
sudoku.model.SudokuBoard@1e977098[
  size=9
  solver=sudoku.model.BacktrackingSudokuSolver@630390b9
  board={{8,6,7,1,9,4,2,3,5},{9,1,2,3,5,6,4,7,8},{3,4,5,7,8,2,9,1,6},{1,7,6,4,2,3,5,8,9},{5,8,9,0,0,0,0,0,0},{0,0,0,0,0,0,0,0,0},{0,0,0,0,0,0,0,0,0},{0,0,0,0,0,0,0,0,0},{0,0,0,0,0,0,0,0,0}}
]
15:41:40.770 [main] INFO sudoku.model.SudokuBoard - Wartość 0 wstawiona nieprawidłowo
15:41:40.770 [main] INFO sudoku.model.SudokuBoard - Bład w kwadracie 0
sudoku.model.SudokuBoard@1e977098[
  size=9
  solver=sudoku.model.BacktrackingSudokuSolver@630390b9
  board={{8,6,7,1,9,4,2,3,5},{9,1,2,3,5,6,4,7,8},{3,4,5,7,8,2,9,1,6},{1,7,6,4,2,3,5,8,9},{5,8,0,0,0,0,0,0,0},{0,0,0,0,0,0,0,0,0},{0,0,0,0,0,0,0,0,0},{0,0,0,0,0,0,0,0,0},{0,0,0,0,0,0,0,0,0}}
]
15:41:40.770 [main] INFO sudoku.model.SudokuBoard - Wartość 0 wstawiona nieprawidłowo
15:41:40.770 [main] INFO sudoku.model.SudokuBoard - Bład w kwadracie 0
sudoku.model.SudokuBoard@1e977098[
  size=9
  solver=sudoku.model.BacktrackingSudokuSolver@630390b9
  board={{8,6,7,1,9,4,2,3,5},{9,1,2,3,5,6,4,7,8},{3,4,5,7,8,2,9,1,6},{1,7,6,4,2,3,5,8,9},{5,8,3,6,1,0,0,0,0},{0,0,0,0,0,0,0,0,0},{0,0,0,0,0,0,0,0,0},{0,0,0,0,0,0,0,0,0},{0,0,0,0,0,0,0,0,0}}
]
15:41:40.770 [main] INFO sudoku.model.SudokuBoard - Wartość 0 wstawiona nieprawidłowo
15:41:40.770 [main] INFO sudoku.model.SudokuBoard - Bład w kwadracie 0
sudoku.model.SudokuBoard@1e977098[
  size=9
  solver=sudoku.model.BacktrackingSudokuSolver@630390b9
  board={{8,6,7,1,9,4,2,3,5},{9,1,2,3,5,6,4,7,8},{3,4,5,7,8,2,9,1,6},{1,7,6,4,2,3,5,8,9},{5,8,3,6,1,9,7,2,4},{2,9,4,5,7,8,3,6,1},{4,5,8,9,3,1,0,0,0},{0,0,0,0,0,0,0,0,0},{0,0,0,0,0,0,0,0,0}}
]
15:41:40.770 [main] INFO sudoku.model.SudokuBoard - Wartość 0 wstawiona nieprawidłowo
15:41:40.770 [main] INFO sudoku.model.SudokuBoard - Bład w kwadracie 0
sudoku.model.SudokuBoard@1e977098[
  size=9
  solver=sudoku.model.BacktrackingSudokuSolver@630390b9
  board={{8,6,7,1,9,4,2,3,5},{9,1,2,3,5,6,4,7,8},{3,4,5,7,8,2,9,1,6},{1,7,6,4,2,3,5,8,9},{5,8,3,6,1,9,7,2,4},{2,9,4,5,7,8,3,6,1},{4,5,8,9,3,0,0,0,0},{0,0,0,0,0,0,0,0,0},{0,0,0,0,0,0,0,0,0}}
]
15:41:40.770 [main] INFO sudoku.model.SudokuBoard - Wartość 0 wstawiona nieprawidłowo
15:41:40.770 [main] INFO sudoku.model.SudokuBoard - Bład w kwadracie 0
sudoku.model.SudokuBoard@1e977098[
  size=9
  solver=sudoku.model.BacktrackingSudokuSolver@630390b9
  board={{8,6,7,1,9,4,2,3,5},{9,1,2,3,5,6,4,7,8},{3,4,5,7,8,2,9,1,6},{1,7,6,4,2,3,5,8,9},{5,8,3,6,1,9,7,2,4},{2,9,4,5,7,8,3,6,1},{4,5,8,9,3,7,0,0,0},{0,0,0,0,0,0,0,0,0},{0,0,0,0,0,0,0,0,0}}
]
15:41:40.770 [main] INFO sudoku.model.SudokuBoard - Wartość 0 wstawiona nieprawidłowo
15:41:40.770 [main] INFO sudoku.model.SudokuBoard - Bład w kwadracie 0
sudoku.model.SudokuBoard@1e977098[
  size=9
  solver=sudoku.model.BacktrackingSudokuSolver@630390b9
  board={{8,6,7,1,9,4,2,3,5},{9,1,2,3,5,6,4,7,8},{3,4,5,7,8,2,9,1,6},{1,7,6,4,2,3,5,8,9},{5,8,3,6,1,9,7,2,4},{2,9,4,5,7,8,3,6,1},{4,5,8,9,3,7,0,0,0},{0,0,0,0,0,0,0,0,0},{0,0,0,0,0,0,0,0,0}}
]
15:41:40.770 [main] INFO sudoku.model.SudokuBoard - Wartość 0 wstawiona nieprawidłowo
15:41:40.771 [main] INFO sudoku.model.SudokuBoard - Bład w kwadracie 0
sudoku.model.SudokuBoard@1e977098[
  size=9
  solver=sudoku.model.BacktrackingSudokuSolver@630390b9
  board={{8,6,7,1,9,4,2,3,5},{9,1,2,3,5,6,4,7,8},{3,4,5,7,8,2,9,1,6},{1,7,6,4,2,3,5,8,9},{5,8,3,6,1,9,7,2,4},{2,9,4,5,7,8,3,6,1},{4,5,8,9,3,0,0,0,0},{0,0,0,0,0,0,0,0,0},{0,0,0,0,0,0,0,0,0}}
]
15:41:40.771 [main] INFO sudoku.model.SudokuBoard - Wartość 0 wstawiona nieprawidłowo
15:41:40.771 [main] INFO sudoku.model.SudokuBoard - Bład w kwadracie 0
sudoku.model.SudokuBoard@1e977098[
  size=9
  solver=sudoku.model.BacktrackingSudokuSolver@630390b9
  board={{8,6,7,1,9,4,2,3,5},{9,1,2,3,5,6,4,7,8},{3,4,5,7,8,2,9,1,6},{1,7,6,4,2,3,5,8,9},{5,8,3,6,1,9,7,2,4},{2,9,4,5,7,8,3,6,1},{4,5,8,9,0,0,0,0,0},{0,0,0,0,0,0,0,0,0},{0,0,0,0,0,0,0,0,0}}
]
15:41:40.771 [main] INFO sudoku.model.SudokuBoard - Wartość 0 wstawiona nieprawidłowo
15:41:40.771 [main] INFO sudoku.model.SudokuBoard - Bład w kwadracie 0
sudoku.model.SudokuBoard@1e977098[
  size=9
  solver=sudoku.model.BacktrackingSudokuSolver@630390b9
  board={{8,6,7,1,9,4,2,3,5},{9,1,2,3,5,6,4,7,8},{3,4,5,7,8,2,9,1,6},{1,7,6,4,2,3,5,8,9},{5,8,3,6,1,9,7,2,4},{2,9,4,5,7,8,3,6,1},{4,5,8,9,6,0,0,0,0},{0,0,0,0,0,0,0,0,0},{0,0,0,0,0,0,0,0,0}}
]
15:41:40.771 [main] INFO sudoku.model.SudokuBoard - Wartość 0 wstawiona nieprawidłowo
15:41:40.771 [main] INFO sudoku.model.SudokuBoard - Bład w kwadracie 0
sudoku.model.SudokuBoard@1e977098[
  size=9
  solver=sudoku.model.BacktrackingSudokuSolver@630390b9
  board={{8,6,7,1,9,4,2,3,5},{9,1,2,3,5,6,4,7,8},{3,4,5,7,8,2,9,1,6},{1,7,6,4,2,3,5,8,9},{5,8,3,6,1,9,7,2,4},{2,9,4,5,7,8,3,6,1},{4,5,8,9,6,7,0,0,0},{0,0,0,0,0,0,0,0,0},{0,0,0,0,0,0,0,0,0}}
]
15:41:40.771 [main] INFO sudoku.model.SudokuBoard - Wartość 0 wstawiona nieprawidłowo
15:41:40.771 [main] INFO sudoku.model.SudokuBoard - Bład w kwadracie 0
sudoku.model.SudokuBoard@1e977098[
  size=9
  solver=sudoku.model.BacktrackingSudokuSolver@630390b9
  board={{8,6,7,1,9,4,2,3,5},{9,1,2,3,5,6,4,7,8},{3,4,5,7,8,2,9,1,6},{1,7,6,4,2,3,5,8,9},{5,8,3,6,1,9,7,2,4},{2,9,4,5,7,8,3,6,1},{4,5,8,9,6,0,0,0,0},{0,0,0,0,0,0,0,0,0},{0,0,0,0,0,0,0,0,0}}
]
15:41:40.771 [main] INFO sudoku.model.SudokuBoard - Wartość 0 wstawiona nieprawidłowo
15:41:40.771 [main] INFO sudoku.model.SudokuBoard - Bład w kwadracie 0
sudoku.model.SudokuBoard@1e977098[
  size=9
  solver=sudoku.model.BacktrackingSudokuSolver@630390b9
  board={{8,6,7,1,9,4,2,3,5},{9,1,2,3,5,6,4,7,8},{3,4,5,7,8,2,9,1,6},{1,7,6,4,2,3,5,8,9},{5,8,3,6,1,9,7,2,4},{2,9,4,5,7,8,3,6,1},{4,5,8,9,0,0,0,0,0},{0,0,0,0,0,0,0,0,0},{0,0,0,0,0,0,0,0,0}}
]
15:41:40.771 [main] INFO sudoku.model.SudokuBoard - Wartość 0 wstawiona nieprawidłowo
15:41:40.771 [main] INFO sudoku.model.SudokuBoard - Bład w kwadracie 0
sudoku.model.SudokuBoard@1e977098[
  size=9
  solver=sudoku.model.BacktrackingSudokuSolver@630390b9
  board={{8,6,7,1,9,4,2,3,5},{9,1,2,3,5,6,4,7,8},{3,4,5,7,8,2,9,1,6},{1,7,6,4,2,3,5,8,9},{5,8,3,6,1,9,7,2,4},{2,9,4,5,7,8,3,6,1},{4,5,8,0,0,0,0,0,0},{0,0,0,0,0,0,0,0,0},{0,0,0,0,0,0,0,0,0}}
]
15:41:40.771 [main] INFO sudoku.model.SudokuBoard - Wartość 0 wstawiona nieprawidłowo
15:41:40.771 [main] INFO sudoku.model.SudokuBoard - Bład w kwadracie 0
sudoku.model.SudokuBoard@1e977098[
  size=9
  solver=sudoku.model.BacktrackingSudokuSolver@630390b9
  board={{8,6,7,1,9,4,2,3,5},{9,1,2,3,5,6,4,7,8},{3,4,5,7,8,2,9,1,6},{1,7,6,4,2,3,5,8,9},{5,8,3,6,1,9,7,2,4},{2,9,4,5,7,8,3,6,1},{4,5,8,2,3,7,6,0,0},{0,0,0,0,0,0,0,0,0},{0,0,0,0,0,0,0,0,0}}
]
15:41:40.771 [main] INFO sudoku.model.SudokuBoard - Wartość 0 wstawiona nieprawidłowo
15:41:40.771 [main] INFO sudoku.model.SudokuBoard - Bład w kwadracie 0
sudoku.model.SudokuBoard@1e977098[
  size=9
  solver=sudoku.model.BacktrackingSudokuSolver@630390b9
  board={{8,6,7,1,9,4,2,3,5},{9,1,2,3,5,6,4,7,8},{3,4,5,7,8,2,9,1,6},{1,7,6,4,2,3,5,8,9},{5,8,3,6,1,9,7,2,4},{2,9,4,5,7,8,3,6,1},{4,5,8,2,3,7,0,0,0},{0,0,0,0,0,0,0,0,0},{0,0,0,0,0,0,0,0,0}}
]
15:41:40.771 [main] INFO sudoku.model.SudokuBoard - Wartość 0 wstawiona nieprawidłowo
15:41:40.772 [main] INFO sudoku.model.SudokuBoard - Bład w kwadracie 0
sudoku.model.SudokuBoard@1e977098[
  size=9
  solver=sudoku.model.BacktrackingSudokuSolver@630390b9
  board={{8,6,7,1,9,4,2,3,5},{9,1,2,3,5,6,4,7,8},{3,4,5,7,8,2,9,1,6},{1,7,6,4,2,3,5,8,9},{5,8,3,6,1,9,7,2,4},{2,9,4,5,7,8,3,6,1},{4,5,8,2,3,7,1,0,0},{0,0,0,0,0,0,0,0,0},{0,0,0,0,0,0,0,0,0}}
]
15:41:40.772 [main] INFO sudoku.model.SudokuBoard - Wartość 0 wstawiona nieprawidłowo
15:41:40.772 [main] INFO sudoku.model.SudokuBoard - Bład w kwadracie 0
sudoku.model.SudokuBoard@1e977098[
  size=9
  solver=sudoku.model.BacktrackingSudokuSolver@630390b9
  board={{8,6,7,1,9,4,2,3,5},{9,1,2,3,5,6,4,7,8},{3,4,5,7,8,2,9,1,6},{1,7,6,4,2,3,5,8,9},{5,8,3,6,1,9,7,2,4},{2,9,4,5,7,8,3,6,1},{4,5,8,2,3,7,0,0,0},{0,0,0,0,0,0,0,0,0},{0,0,0,0,0,0,0,0,0}}
]
15:41:40.772 [main] INFO sudoku.model.SudokuBoard - Wartość 0 wstawiona nieprawidłowo
15:41:40.772 [main] INFO sudoku.model.SudokuBoard - Bład w kwadracie 0
sudoku.model.SudokuBoard@1e977098[
  size=9
  solver=sudoku.model.BacktrackingSudokuSolver@630390b9
  board={{8,6,7,1,9,4,2,3,5},{9,1,2,3,5,6,4,7,8},{3,4,5,7,8,2,9,1,6},{1,7,6,4,2,3,5,8,9},{5,8,3,6,1,9,7,2,4},{2,9,4,5,7,8,3,6,1},{4,5,8,2,3,0,0,0,0},{0,0,0,0,0,0,0,0,0},{0,0,0,0,0,0,0,0,0}}
]
15:41:40.772 [main] INFO sudoku.model.SudokuBoard - Wartość 0 wstawiona nieprawidłowo
15:41:40.772 [main] INFO sudoku.model.SudokuBoard - Bład w kwadracie 0
sudoku.model.SudokuBoard@1e977098[
  size=9
  solver=sudoku.model.BacktrackingSudokuSolver@630390b9
  board={{8,6,7,1,9,4,2,3,5},{9,1,2,3,5,6,4,7,8},{3,4,5,7,8,2,9,1,6},{1,7,6,4,2,3,5,8,9},{5,8,3,6,1,9,7,2,4},{2,9,4,5,7,8,3,6,1},{4,5,8,2,3,1,6,9,7},{6,3,9,8,4,5,0,0,0},{0,0,0,0,0,0,0,0,0}}
]
15:41:40.772 [main] INFO sudoku.model.SudokuBoard - Wartość 0 wstawiona nieprawidłowo
15:41:40.772 [main] INFO sudoku.model.SudokuBoard - Bład w kwadracie 0
sudoku.model.SudokuBoard@1e977098[
  size=9
  solver=sudoku.model.BacktrackingSudokuSolver@630390b9
  board={{8,6,7,1,9,4,2,3,5},{9,1,2,3,5,6,4,7,8},{3,4,5,7,8,2,9,1,6},{1,7,6,4,2,3,5,8,9},{5,8,3,6,1,9,7,2,4},{2,9,4,5,7,8,3,6,1},{4,5,8,2,3,1,6,9,7},{6,3,9,8,4,0,0,0,0},{0,0,0,0,0,0,0,0,0}}
]
15:41:40.772 [main] INFO sudoku.model.SudokuBoard - Wartość 0 wstawiona nieprawidłowo
15:41:40.772 [main] INFO sudoku.model.SudokuBoard - Bład w kwadracie 0
sudoku.model.SudokuBoard@6c8dbf56[
  size=9
  solver=sudoku.model.BacktrackingSudokuSolver@630390b9
  board={{1,3,5,8,9,6,2,4,7},{2,7,4,3,1,5,6,8,9},{8,6,9,4,7,2,1,5,3},{9,1,7,2,3,4,5,6,8},{3,2,6,5,8,9,4,7,1},{4,5,8,0,0,0,0,0,0},{0,0,0,0,0,0,0,0,0},{0,0,0,0,0,0,0,0,0},{0,0,0,0,0,0,0,0,0}}
]
15:41:40.772 [main] INFO sudoku.model.SudokuBoard - Wartość 0 wstawiona nieprawidłowo
15:41:40.772 [main] INFO sudoku.model.SudokuBoard - Bład w kwadracie 0
sudoku.model.SudokuBoard@6c8dbf56[
  size=9
  solver=sudoku.model.BacktrackingSudokuSolver@630390b9
  board={{1,3,5,8,9,6,2,4,7},{2,7,4,3,1,5,6,8,9},{8,6,9,4,7,2,1,5,3},{9,1,7,2,3,4,5,6,8},{3,2,6,5,8,9,4,7,1},{4,5,8,7,6,1,3,9,2},{5,8,1,6,2,7,9,3,4},{6,4,2,9,5,8,7,0,0},{0,0,0,0,0,0,0,0,0}}
]
15:41:40.772 [main] INFO sudoku.model.SudokuBoard - Wartość 0 wstawiona nieprawidłowo
15:41:40.772 [main] INFO sudoku.model.SudokuBoard - Bład w kwadracie 0
sudoku.model.SudokuBoard@6c8dbf56[
  size=9
  solver=sudoku.model.BacktrackingSudokuSolver@630390b9
  board={{1,3,5,8,9,6,2,4,7},{2,7,4,3,1,5,6,8,9},{8,6,9,4,7,2,1,5,3},{9,1,7,2,3,4,5,6,8},{3,2,6,5,8,9,4,7,1},{4,5,8,7,6,1,3,9,2},{5,8,1,6,2,7,9,3,4},{6,4,2,9,5,8,0,0,0},{0,0,0,0,0,0,0,0,0}}
]
15:41:40.772 [main] INFO sudoku.model.SudokuBoard - Wartość 0 wstawiona nieprawidłowo
15:41:40.773 [main] INFO sudoku.model.SudokuBoard - Bład w kwadracie 0
sudoku.model.SudokuBoard@6c8dbf56[
  size=9
  solver=sudoku.model.BacktrackingSudokuSolver@630390b9
  board={{1,3,5,8,9,6,2,4,7},{2,7,4,3,1,5,6,8,9},{8,6,9,4,7,2,1,5,3},{9,1,7,2,3,4,5,6,8},{3,2,6,5,8,9,4,7,1},{4,5,8,7,6,1,3,9,2},{5,8,1,6,2,7,9,3,4},{6,4,2,9,5,0,0,0,0},{0,0,0,0,0,0,0,0,0}}
]
15:41:40.776 [main] INFO sudoku.model.SudokuBoard - Wartość 0 wstawiona nieprawidłowo
15:41:40.777 [main] INFO sudoku.model.SudokuBoard - Bład w kwadracie 0
sudoku.model.SudokuBoard@6c8dbf56[
  size=9
  solver=sudoku.model.BacktrackingSudokuSolver@630390b9
  board={{1,3,5,8,9,6,2,4,7},{2,7,4,3,1,5,6,8,9},{8,6,9,4,7,2,1,5,3},{9,1,7,2,3,4,5,6,8},{3,2,6,5,8,9,4,7,1},{4,5,8,7,6,1,3,9,2},{5,8,1,6,2,7,9,3,4},{6,4,2,9,5,3,7,0,0},{0,0,0,0,0,0,0,0,0}}
]
15:41:40.777 [main] INFO sudoku.model.SudokuBoard - Wartość 0 wstawiona nieprawidłowo
15:41:40.777 [main] INFO sudoku.model.SudokuBoard - Bład w kwadracie 0
sudoku.model.SudokuBoard@6c8dbf56[
  size=9
  solver=sudoku.model.BacktrackingSudokuSolver@630390b9
  board={{1,3,5,8,9,6,2,4,7},{2,7,4,3,1,5,6,8,9},{8,6,9,4,7,2,1,5,3},{9,1,7,2,3,4,5,6,8},{3,2,6,5,8,9,4,7,1},{4,5,8,7,6,1,3,9,2},{5,8,1,6,2,7,9,3,4},{6,4,2,9,5,3,0,0,0},{0,0,0,0,0,0,0,0,0}}
]
15:41:40.777 [main] INFO sudoku.model.SudokuBoard - Wartość 0 wstawiona nieprawidłowo
15:41:40.777 [main] INFO sudoku.model.SudokuBoard - Bład w kwadracie 0
sudoku.model.SudokuBoard@6c8dbf56[
  size=9
  solver=sudoku.model.BacktrackingSudokuSolver@630390b9
  board={{1,3,5,8,9,6,2,4,7},{2,7,4,3,1,5,6,8,9},{8,6,9,4,7,2,1,5,3},{9,1,7,2,3,4,5,6,8},{3,2,6,5,8,9,4,7,1},{4,5,8,7,6,1,3,9,2},{5,8,1,6,2,7,9,3,4},{6,4,2,9,5,3,8,0,0},{0,0,0,0,0,0,0,0,0}}
]
15:41:40.777 [main] INFO sudoku.model.SudokuBoard - Wartość 0 wstawiona nieprawidłowo
15:41:40.777 [main] INFO sudoku.model.SudokuBoard - Bład w kwadracie 0
sudoku.model.SudokuBoard@6c8dbf56[
  size=9
  solver=sudoku.model.BacktrackingSudokuSolver@630390b9
  board={{1,3,5,8,9,6,2,4,7},{2,7,4,3,1,5,6,8,9},{8,6,9,4,7,2,1,5,3},{9,1,7,2,3,4,5,6,8},{3,2,6,5,8,9,4,7,1},{4,5,8,7,6,1,3,9,2},{5,8,1,6,2,7,9,3,4},{6,4,2,9,5,3,0,0,0},{0,0,0,0,0,0,0,0,0}}
]
15:41:40.777 [main] INFO sudoku.model.SudokuBoard - Wartość 0 wstawiona nieprawidłowo
15:41:40.777 [main] INFO sudoku.model.SudokuBoard - Bład w kwadracie 0
sudoku.model.SudokuBoard@6c8dbf56[
  size=9
  solver=sudoku.model.BacktrackingSudokuSolver@630390b9
  board={{1,3,5,8,9,6,2,4,7},{2,7,4,3,1,5,6,8,9},{8,6,9,4,7,2,1,5,3},{9,1,7,2,3,4,5,6,8},{3,2,6,5,8,9,4,7,1},{4,5,8,7,6,1,3,9,2},{5,8,1,6,2,7,9,3,4},{6,4,2,9,5,0,0,0,0},{0,0,0,0,0,0,0,0,0}}
]
15:41:40.777 [main] INFO sudoku.model.SudokuBoard - Wartość 0 wstawiona nieprawidłowo
15:41:40.777 [main] INFO sudoku.model.SudokuBoard - Bład w kwadracie 0
sudoku.model.SudokuBoard@6c8dbf56[
  size=9
  solver=sudoku.model.BacktrackingSudokuSolver@630390b9
  board={{1,3,5,8,9,6,2,4,7},{2,7,4,3,1,5,6,8,9},{8,6,9,4,7,2,1,5,3},{9,1,7,2,3,4,5,6,8},{3,2,6,5,8,9,4,7,1},{4,5,8,7,6,1,3,9,2},{5,8,1,6,2,7,9,3,4},{6,4,2,9,0,0,0,0,0},{0,0,0,0,0,0,0,0,0}}
]
15:41:40.777 [main] INFO sudoku.model.SudokuBoard - Wartość 0 wstawiona nieprawidłowo
15:41:40.777 [main] INFO sudoku.model.SudokuBoard - Bład w kwadracie 0
sudoku.model.SudokuBoard@6c8dbf56[
  size=9
  solver=sudoku.model.BacktrackingSudokuSolver@630390b9
  board={{1,3,5,8,9,6,2,4,7},{2,7,4,3,1,5,6,8,9},{8,6,9,4,7,2,1,5,3},{9,1,7,2,3,4,5,6,8},{3,2,6,5,8,9,4,7,1},{4,5,8,7,6,1,3,9,2},{5,8,1,6,2,7,9,3,4},{6,4,2,0,0,0,0,0,0},{0,0,0,0,0,0,0,0,0}}
]
15:41:40.777 [main] INFO sudoku.model.SudokuBoard - Wartość 0 wstawiona nieprawidłowo
15:41:40.777 [main] INFO sudoku.model.SudokuBoard - Bład w kwadracie 0
sudoku.model.SudokuBoard@6c8dbf56[
  size=9
  solver=sudoku.model.BacktrackingSudokuSolver@630390b9
  board={{1,3,5,8,9,6,2,4,7},{2,7,4,3,1,5,6,8,9},{8,6,9,4,7,2,1,5,3},{9,1,7,2,3,4,5,6,8},{3,2,6,5,8,9,4,7,1},{4,5,8,7,6,1,3,9,2},{5,8,1,6,2,7,9,3,4},{6,4,2,1,5,8,0,0,0},{0,0,0,0,0,0,0,0,0}}
]
15:41:40.777 [main] INFO sudoku.model.SudokuBoard - Wartość 0 wstawiona nieprawidłowo
15:41:40.778 [main] INFO sudoku.model.SudokuBoard - Bład w kwadracie 0
sudoku.model.SudokuBoard@6c8dbf56[
  size=9
  solver=sudoku.model.BacktrackingSudokuSolver@630390b9
  board={{1,3,5,8,9,6,2,4,7},{2,7,4,3,1,5,6,8,9},{8,6,9,4,7,2,1,5,3},{9,1,7,2,3,4,5,6,8},{3,2,6,5,8,9,4,7,1},{4,5,8,7,6,1,3,9,2},{5,8,1,6,2,7,9,3,4},{6,4,2,1,5,0,0,0,0},{0,0,0,0,0,0,0,0,0}}
]
15:41:40.778 [main] INFO sudoku.model.SudokuBoard - Wartość 0 wstawiona nieprawidłowo
15:41:40.778 [main] INFO sudoku.model.SudokuBoard - Bład w kwadracie 0
sudoku.model.SudokuBoard@6c8dbf56[
  size=9
  solver=sudoku.model.BacktrackingSudokuSolver@630390b9
  board={{1,3,5,8,9,6,2,4,7},{2,7,4,3,1,5,6,8,9},{8,6,9,4,7,2,1,5,3},{9,1,7,2,3,4,5,6,8},{3,2,6,5,8,9,4,7,1},{4,5,8,7,6,1,3,9,2},{5,8,1,6,2,7,9,3,4},{6,4,2,1,5,3,0,0,0},{0,0,0,0,0,0,0,0,0}}
]
15:41:40.778 [main] INFO sudoku.model.SudokuBoard - Wartość 0 wstawiona nieprawidłowo
15:41:40.778 [main] INFO sudoku.model.SudokuBoard - Bład w kwadracie 0
sudoku.model.SudokuBoard@6c8dbf56[
  size=9
  solver=sudoku.model.BacktrackingSudokuSolver@630390b9
  board={{1,3,5,8,9,6,2,4,7},{2,7,4,3,1,5,6,8,9},{8,6,9,4,7,2,1,5,3},{9,1,7,2,3,4,5,6,8},{3,2,6,5,8,9,4,7,1},{4,5,8,7,6,1,3,9,2},{5,8,1,6,2,7,9,3,4},{6,4,2,1,5,3,0,0,0},{0,0,0,0,0,0,0,0,0}}
]
15:41:40.778 [main] INFO sudoku.model.SudokuBoard - Wartość 0 wstawiona nieprawidłowo
15:41:40.778 [main] INFO sudoku.model.SudokuBoard - Bład w kwadracie 0
sudoku.model.SudokuBoard@6c8dbf56[
  size=9
  solver=sudoku.model.BacktrackingSudokuSolver@630390b9
  board={{1,3,5,8,9,6,2,4,7},{2,7,4,3,1,5,6,8,9},{8,6,9,4,7,2,1,5,3},{9,1,7,2,3,4,5,6,8},{3,2,6,5,8,9,4,7,1},{4,5,8,7,6,1,3,9,2},{5,8,1,6,2,7,9,3,4},{6,4,2,1,5,0,0,0,0},{0,0,0,0,0,0,0,0,0}}
]
15:41:40.778 [main] INFO sudoku.model.SudokuBoard - Wartość 0 wstawiona nieprawidłowo
15:41:40.778 [main] INFO sudoku.model.SudokuBoard - Bład w kwadracie 0
sudoku.model.SudokuBoard@6c8dbf56[
  size=9
  solver=sudoku.model.BacktrackingSudokuSolver@630390b9
  board={{1,3,5,8,9,6,2,4,7},{2,7,4,3,1,5,6,8,9},{8,6,9,4,7,2,1,5,3},{9,1,7,2,3,4,5,6,8},{3,2,6,5,8,9,4,7,1},{4,5,8,7,6,1,3,9,2},{5,8,1,6,2,7,9,3,4},{6,4,2,1,0,0,0,0,0},{0,0,0,0,0,0,0,0,0}}
]
15:41:40.778 [main] INFO sudoku.model.SudokuBoard - Wartość 0 wstawiona nieprawidłowo
15:41:40.778 [main] INFO sudoku.model.SudokuBoard - Bład w kwadracie 0
sudoku.model.SudokuBoard@6c8dbf56[
  size=9
  solver=sudoku.model.BacktrackingSudokuSolver@630390b9
  board={{1,3,5,8,9,6,2,4,7},{2,7,4,3,1,5,6,8,9},{8,6,9,4,7,2,1,5,3},{9,1,7,2,3,4,5,6,8},{3,2,6,5,8,9,4,7,1},{4,5,8,7,6,1,3,9,2},{5,8,1,6,2,7,9,3,4},{6,4,2,0,0,0,0,0,0},{0,0,0,0,0,0,0,0,0}}
]
15:41:40.778 [main] INFO sudoku.model.SudokuBoard - Wartość 0 wstawiona nieprawidłowo
15:41:40.778 [main] INFO sudoku.model.SudokuBoard - Bład w kwadracie 0
sudoku.model.SudokuBoard@6c8dbf56[
  size=9
  solver=sudoku.model.BacktrackingSudokuSolver@630390b9
  board={{1,3,5,8,9,6,2,4,7},{2,7,4,3,1,5,6,8,9},{8,6,9,4,7,2,1,5,3},{9,1,7,2,3,4,5,6,8},{3,2,6,5,8,9,4,7,1},{4,5,8,7,6,1,3,9,2},{5,8,1,6,2,7,9,3,4},{6,4,0,0,0,0,0,0,0},{0,0,0,0,0,0,0,0,0}}
]
15:41:40.778 [main] INFO sudoku.model.SudokuBoard - Wartość 0 wstawiona nieprawidłowo
15:41:40.779 [main] INFO sudoku.model.SudokuBoard - Bład w kwadracie 0
sudoku.model.SudokuBoard@6c8dbf56[
  size=9
  solver=sudoku.model.BacktrackingSudokuSolver@630390b9
  board={{1,3,5,8,9,6,2,4,7},{2,7,4,3,1,5,6,8,9},{8,6,9,4,7,2,1,5,3},{9,1,7,2,3,4,5,6,8},{3,2,6,5,8,9,4,7,1},{4,5,8,7,6,1,3,9,2},{5,8,1,6,2,7,9,3,4},{6,4,3,9,5,8,7,0,0},{0,0,0,0,0,0,0,0,0}}
]
15:41:40.779 [main] INFO sudoku.model.SudokuBoard - Wartość 0 wstawiona nieprawidłowo
15:41:40.779 [main] INFO sudoku.model.SudokuBoard - Bład w kwadracie 0
sudoku.model.SudokuBoard@6c8dbf56[
  size=9
  solver=sudoku.model.BacktrackingSudokuSolver@630390b9
  board={{1,3,5,8,9,6,2,4,7},{2,7,4,3,1,5,6,8,9},{8,6,9,4,7,2,1,5,3},{9,1,7,2,3,4,5,6,8},{3,2,6,5,8,9,4,7,1},{4,5,8,7,6,1,3,9,2},{5,8,1,6,2,7,9,3,4},{6,4,3,9,5,8,7,0,0},{0,0,0,0,0,0,0,0,0}}
]
15:41:40.779 [main] INFO sudoku.model.SudokuBoard - Wartość 0 wstawiona nieprawidłowo
15:41:40.779 [main] INFO sudoku.model.SudokuBoard - Bład w kwadracie 0
sudoku.model.SudokuBoard@6c8dbf56[
  size=9
  solver=sudoku.model.BacktrackingSudokuSolver@630390b9
  board={{1,3,5,8,9,6,2,4,7},{2,7,4,3,1,5,6,8,9},{8,6,9,4,7,2,1,5,3},{9,1,7,2,3,4,5,6,8},{3,2,6,5,8,9,4,7,1},{4,5,8,7,6,1,3,9,2},{5,8,1,6,2,7,9,3,4},{6,4,3,9,5,8,0,0,0},{0,0,0,0,0,0,0,0,0}}
]
15:41:40.779 [main] INFO sudoku.model.SudokuBoard - Wartość 0 wstawiona nieprawidłowo
15:41:40.779 [main] INFO sudoku.model.SudokuBoard - Bład w kwadracie 0
sudoku.model.SudokuBoard@6c8dbf56[
  size=9
  solver=sudoku.model.BacktrackingSudokuSolver@630390b9
  board={{1,3,5,8,9,6,2,4,7},{2,7,4,3,1,5,6,8,9},{8,6,9,4,7,2,1,5,3},{9,1,7,2,3,4,5,6,8},{3,2,6,5,8,9,4,7,1},{4,5,8,7,6,1,3,9,2},{5,8,1,6,2,7,9,3,4},{6,4,3,9,5,0,0,0,0},{0,0,0,0,0,0,0,0,0}}
]
15:41:40.779 [main] INFO sudoku.model.SudokuBoard - Wartość 0 wstawiona nieprawidłowo
15:41:40.779 [main] INFO sudoku.model.SudokuBoard - Bład w kwadracie 0
sudoku.model.SudokuBoard@6c8dbf56[
  size=9
  solver=sudoku.model.BacktrackingSudokuSolver@630390b9
  board={{1,3,5,8,9,6,2,4,7},{2,7,4,3,1,5,6,8,9},{8,6,9,4,7,2,1,5,3},{9,1,7,2,3,4,5,6,8},{3,2,6,5,8,9,4,7,1},{4,5,8,7,6,1,3,9,2},{5,8,1,6,2,7,9,3,4},{6,4,3,9,0,0,0,0,0},{0,0,0,0,0,0,0,0,0}}
]
15:41:40.779 [main] INFO sudoku.model.SudokuBoard - Wartość 0 wstawiona nieprawidłowo
15:41:40.779 [main] INFO sudoku.model.SudokuBoard - Bład w kwadracie 0
sudoku.model.SudokuBoard@6c8dbf56[
  size=9
  solver=sudoku.model.BacktrackingSudokuSolver@630390b9
  board={{1,3,5,8,9,6,2,4,7},{2,7,4,3,1,5,6,8,9},{8,6,9,4,7,2,1,5,3},{9,1,7,2,3,4,5,6,8},{3,2,6,5,8,9,4,7,1},{4,5,8,7,6,1,3,9,2},{5,8,1,6,2,7,9,3,4},{6,4,3,0,0,0,0,0,0},{0,0,0,0,0,0,0,0,0}}
]
15:41:40.779 [main] INFO sudoku.model.SudokuBoard - Wartość 0 wstawiona nieprawidłowo
15:41:40.779 [main] INFO sudoku.model.SudokuBoard - Bład w kwadracie 0
sudoku.model.SudokuBoard@6c8dbf56[
  size=9
  solver=sudoku.model.BacktrackingSudokuSolver@630390b9
  board={{1,3,5,8,9,6,2,4,7},{2,7,4,3,1,5,6,8,9},{8,6,9,4,7,2,1,5,3},{9,1,7,2,3,4,5,6,8},{3,2,6,5,8,9,4,7,1},{4,5,8,7,6,1,3,9,2},{5,8,1,6,2,7,9,3,4},{6,4,3,1,5,8,7,0,0},{0,0,0,0,0,0,0,0,0}}
]
15:41:40.779 [main] INFO sudoku.model.SudokuBoard - Wartość 0 wstawiona nieprawidłowo
15:41:40.779 [main] INFO sudoku.model.SudokuBoard - Bład w kwadracie 0
sudoku.model.SudokuBoard@6c8dbf56[
  size=9
  solver=sudoku.model.BacktrackingSudokuSolver@630390b9
  board={{1,3,5,8,9,6,2,4,7},{2,7,4,3,1,5,6,8,9},{8,6,9,4,7,2,1,5,3},{9,1,7,2,3,4,5,6,8},{3,2,6,5,8,9,4,7,1},{4,5,8,7,6,1,3,9,2},{5,8,1,6,2,7,9,3,4},{6,4,3,1,5,8,0,0,0},{0,0,0,0,0,0,0,0,0}}
]
15:41:40.779 [main] INFO sudoku.model.SudokuBoard - Wartość 0 wstawiona nieprawidłowo
15:41:40.779 [main] INFO sudoku.model.SudokuBoard - Bład w kwadracie 0
sudoku.model.SudokuBoard@6c8dbf56[
  size=9
  solver=sudoku.model.BacktrackingSudokuSolver@630390b9
  board={{1,3,5,8,9,6,2,4,7},{2,7,4,3,1,5,6,8,9},{8,6,9,4,7,2,1,5,3},{9,1,7,2,3,4,5,6,8},{3,2,6,5,8,9,4,7,1},{4,5,8,7,6,1,3,9,2},{5,8,1,6,2,7,9,3,4},{6,4,3,1,5,0,0,0,0},{0,0,0,0,0,0,0,0,0}}
]
15:41:40.779 [main] INFO sudoku.model.SudokuBoard - Wartość 0 wstawiona nieprawidłowo
15:41:40.780 [main] INFO sudoku.model.SudokuBoard - Bład w kwadracie 0
sudoku.model.SudokuBoard@6c8dbf56[
  size=9
  solver=sudoku.model.BacktrackingSudokuSolver@630390b9
  board={{1,3,5,8,9,6,2,4,7},{2,7,4,3,1,5,6,8,9},{8,6,9,4,7,2,1,5,3},{9,1,7,2,3,4,5,6,8},{3,2,6,5,8,9,4,7,1},{4,5,8,7,6,1,3,9,2},{5,8,1,6,2,7,9,3,4},{6,4,3,1,0,0,0,0,0},{0,0,0,0,0,0,0,0,0}}
]
15:41:40.780 [main] INFO sudoku.model.SudokuBoard - Wartość 0 wstawiona nieprawidłowo
15:41:40.780 [main] INFO sudoku.model.SudokuBoard - Bład w kwadracie 0
sudoku.model.SudokuBoard@6c8dbf56[
  size=9
  solver=sudoku.model.BacktrackingSudokuSolver@630390b9
  board={{1,3,5,8,9,6,2,4,7},{2,7,4,3,1,5,6,8,9},{8,6,9,4,7,2,1,5,3},{9,1,7,2,3,4,5,6,8},{3,2,6,5,8,9,4,7,1},{4,5,8,7,6,1,3,9,2},{5,8,1,6,2,7,9,3,4},{6,4,3,0,0,0,0,0,0},{0,0,0,0,0,0,0,0,0}}
]
15:41:40.780 [main] INFO sudoku.model.SudokuBoard - Wartość 0 wstawiona nieprawidłowo
15:41:40.780 [main] INFO sudoku.model.SudokuBoard - Bład w kwadracie 0
sudoku.model.SudokuBoard@6c8dbf56[
  size=9
  solver=sudoku.model.BacktrackingSudokuSolver@630390b9
  board={{1,3,5,8,9,6,2,4,7},{2,7,4,3,1,5,6,8,9},{8,6,9,4,7,2,1,5,3},{9,1,7,2,3,4,5,6,8},{3,2,6,5,8,9,4,7,1},{4,5,8,7,6,1,3,9,2},{5,8,1,6,2,7,9,3,4},{6,4,0,0,0,0,0,0,0},{0,0,0,0,0,0,0,0,0}}
]
15:41:40.780 [main] INFO sudoku.model.SudokuBoard - Wartość 0 wstawiona nieprawidłowo
15:41:40.780 [main] INFO sudoku.model.SudokuBoard - Bład w kwadracie 0
sudoku.model.SudokuBoard@6c8dbf56[
  size=9
  solver=sudoku.model.BacktrackingSudokuSolver@630390b9
  board={{1,3,5,8,9,6,2,4,7},{2,7,4,3,1,5,6,8,9},{8,6,9,4,7,2,1,5,3},{9,1,7,2,3,4,5,6,8},{3,2,6,5,8,9,4,7,1},{4,5,8,7,6,1,3,9,2},{5,8,1,6,2,7,9,3,4},{6,0,0,0,0,0,0,0,0},{0,0,0,0,0,0,0,0,0}}
]
15:41:40.780 [main] INFO sudoku.model.SudokuBoard - Wartość 0 wstawiona nieprawidłowo
15:41:40.780 [main] INFO sudoku.model.SudokuBoard - Bład w kwadracie 0
sudoku.model.SudokuBoard@6c8dbf56[
  size=9
  solver=sudoku.model.BacktrackingSudokuSolver@630390b9
  board={{1,3,5,8,9,6,2,4,7},{2,7,4,3,1,5,6,8,9},{8,6,9,4,7,2,1,5,3},{9,1,7,2,3,4,5,6,8},{3,2,6,5,8,9,4,7,1},{4,5,8,7,6,1,3,9,2},{5,8,1,6,2,7,9,3,4},{6,9,2,1,4,8,0,0,0},{0,0,0,0,0,0,0,0,0}}
]
15:41:40.780 [main] INFO sudoku.model.SudokuBoard - Wartość 0 wstawiona nieprawidłowo
15:41:40.780 [main] INFO sudoku.model.SudokuBoard - Bład w kwadracie 0
sudoku.model.SudokuBoard@6c8dbf56[
  size=9
  solver=sudoku.model.BacktrackingSudokuSolver@630390b9
  board={{1,3,5,8,9,6,2,4,7},{2,7,4,3,1,5,6,8,9},{8,6,9,4,7,2,1,5,3},{9,1,7,2,3,4,5,6,8},{3,2,6,5,8,9,4,7,1},{4,5,8,7,6,1,3,9,2},{5,8,1,6,2,7,9,3,4},{6,9,2,1,4,0,0,0,0},{0,0,0,0,0,0,0,0,0}}
]
15:41:40.780 [main] INFO sudoku.model.SudokuBoard - Wartość 0 wstawiona nieprawidłowo
15:41:40.780 [main] INFO sudoku.model.SudokuBoard - Bład w kwadracie 0
sudoku.model.SudokuBoard@6c8dbf56[
  size=9
  solver=sudoku.model.BacktrackingSudokuSolver@630390b9
  board={{1,3,5,8,9,6,2,4,7},{2,7,4,3,1,5,6,8,9},{8,6,9,4,7,2,1,5,3},{9,1,7,2,3,4,5,6,8},{3,2,6,5,8,9,4,7,1},{4,5,8,7,6,1,3,9,2},{5,8,1,6,2,7,9,3,4},{6,9,2,1,4,3,0,0,0},{0,0,0,0,0,0,0,0,0}}
]
15:41:40.780 [main] INFO sudoku.model.SudokuBoard - Wartość 0 wstawiona nieprawidłowo
15:41:40.781 [main] INFO sudoku.model.SudokuBoard - Bład w kwadracie 0
sudoku.model.SudokuBoard@6c8dbf56[
  size=9
  solver=sudoku.model.BacktrackingSudokuSolver@630390b9
  board={{1,3,5,8,9,6,2,4,7},{2,7,4,3,1,5,6,8,9},{8,6,9,4,7,2,1,5,3},{9,1,7,2,3,4,5,6,8},{3,2,6,5,8,9,4,7,1},{4,5,8,7,6,1,3,9,2},{5,8,1,6,2,7,9,3,4},{6,9,2,1,4,3,0,0,0},{0,0,0,0,0,0,0,0,0}}
]
15:41:40.781 [main] INFO sudoku.model.SudokuBoard - Wartość 0 wstawiona nieprawidłowo
15:41:40.781 [main] INFO sudoku.model.SudokuBoard - Bład w kwadracie 0
sudoku.model.SudokuBoard@6c8dbf56[
  size=9
  solver=sudoku.model.BacktrackingSudokuSolver@630390b9
  board={{1,3,5,8,9,6,2,4,7},{2,7,4,3,1,5,6,8,9},{8,6,9,4,7,2,1,5,3},{9,1,7,2,3,4,5,6,8},{3,2,6,5,8,9,4,7,1},{4,5,8,7,6,1,3,9,2},{5,8,1,6,2,7,9,3,4},{6,9,2,1,4,0,0,0,0},{0,0,0,0,0,0,0,0,0}}
]
15:41:40.781 [main] INFO sudoku.model.SudokuBoard - Wartość 0 wstawiona nieprawidłowo
15:41:40.781 [main] INFO sudoku.model.SudokuBoard - Bład w kwadracie 0
sudoku.model.SudokuBoard@6c8dbf56[
  size=9
  solver=sudoku.model.BacktrackingSudokuSolver@630390b9
  board={{1,3,5,8,9,6,2,4,7},{2,7,4,3,1,5,6,8,9},{8,6,9,4,7,2,1,5,3},{9,1,7,2,3,4,5,6,8},{3,2,6,5,8,9,4,7,1},{4,5,8,7,6,1,3,9,2},{5,8,1,6,2,7,9,3,4},{6,9,2,1,0,0,0,0,0},{0,0,0,0,0,0,0,0,0}}
]
15:41:40.781 [main] INFO sudoku.model.SudokuBoard - Wartość 0 wstawiona nieprawidłowo
15:41:40.781 [main] INFO sudoku.model.SudokuBoard - Bład w kwadracie 0
sudoku.model.SudokuBoard@6c8dbf56[
  size=9
  solver=sudoku.model.BacktrackingSudokuSolver@630390b9
  board={{1,3,5,8,9,6,2,4,7},{2,7,4,3,1,5,6,8,9},{8,6,9,4,7,2,1,5,3},{9,1,7,2,3,4,5,6,8},{3,2,6,5,8,9,4,7,1},{4,5,8,7,6,1,3,9,2},{5,8,1,6,2,7,9,3,4},{6,9,2,1,5,8,0,0,0},{0,0,0,0,0,0,0,0,0}}
]
15:41:40.781 [main] INFO sudoku.model.SudokuBoard - Wartość 0 wstawiona nieprawidłowo
15:41:40.781 [main] INFO sudoku.model.SudokuBoard - Bład w kwadracie 0
sudoku.model.SudokuBoard@6c8dbf56[
  size=9
  solver=sudoku.model.BacktrackingSudokuSolver@630390b9
  board={{1,3,5,8,9,6,2,4,7},{2,7,4,3,1,5,6,8,9},{8,6,9,4,7,2,1,5,3},{9,1,7,2,3,4,5,6,8},{3,2,6,5,8,9,4,7,1},{4,5,8,7,6,1,3,9,2},{5,8,1,6,2,7,9,3,4},{6,9,2,1,5,0,0,0,0},{0,0,0,0,0,0,0,0,0}}
]
15:41:40.781 [main] INFO sudoku.model.SudokuBoard - Wartość 0 wstawiona nieprawidłowo
15:41:40.781 [main] INFO sudoku.model.SudokuBoard - Bład w kwadracie 0
sudoku.model.SudokuBoard@6c8dbf56[
  size=9
  solver=sudoku.model.BacktrackingSudokuSolver@630390b9
  board={{1,3,5,8,9,6,2,4,7},{2,7,4,3,1,5,6,8,9},{8,6,9,4,7,2,1,5,3},{9,1,7,2,3,4,5,6,8},{3,2,6,5,8,9,4,7,1},{4,5,8,7,6,1,3,9,2},{5,8,1,6,2,7,9,3,4},{6,9,2,1,5,3,0,0,0},{0,0,0,0,0,0,0,0,0}}
]
15:41:40.781 [main] INFO sudoku.model.SudokuBoard - Wartość 0 wstawiona nieprawidłowo
15:41:40.781 [main] INFO sudoku.model.SudokuBoard - Bład w kwadracie 0
sudoku.model.SudokuBoard@6c8dbf56[
  size=9
  solver=sudoku.model.BacktrackingSudokuSolver@630390b9
  board={{1,3,5,8,9,6,2,4,7},{2,7,4,3,1,5,6,8,9},{8,6,9,4,7,2,1,5,3},{9,1,7,2,3,4,5,6,8},{3,2,6,5,8,9,4,7,1},{4,5,8,7,6,1,3,9,2},{5,8,1,6,2,7,9,3,4},{6,9,2,1,5,3,0,0,0},{0,0,0,0,0,0,0,0,0}}
]
15:41:40.781 [main] INFO sudoku.model.SudokuBoard - Wartość 0 wstawiona nieprawidłowo
15:41:40.781 [main] INFO sudoku.model.SudokuBoard - Bład w kwadracie 0
sudoku.model.SudokuBoard@6c8dbf56[
  size=9
  solver=sudoku.model.BacktrackingSudokuSolver@630390b9
  board={{1,3,5,8,9,6,2,4,7},{2,7,4,3,1,5,6,8,9},{8,6,9,4,7,2,1,5,3},{9,1,7,2,3,4,5,6,8},{3,2,6,5,8,9,4,7,1},{4,5,8,7,6,1,3,9,2},{5,8,1,6,2,7,9,3,4},{6,9,2,1,5,0,0,0,0},{0,0,0,0,0,0,0,0,0}}
]
15:41:40.781 [main] INFO sudoku.model.SudokuBoard - Wartość 0 wstawiona nieprawidłowo
15:41:40.781 [main] INFO sudoku.model.SudokuBoard - Bład w kwadracie 0
sudoku.model.SudokuBoard@6c8dbf56[
  size=9
  solver=sudoku.model.BacktrackingSudokuSolver@630390b9
  board={{1,3,5,8,9,6,2,4,7},{2,7,4,3,1,5,6,8,9},{8,6,9,4,7,2,1,5,3},{9,1,7,2,3,4,5,6,8},{3,2,6,5,8,9,4,7,1},{4,5,8,7,6,1,3,9,2},{5,8,1,6,2,7,9,3,4},{6,9,2,1,0,0,0,0,0},{0,0,0,0,0,0,0,0,0}}
]
15:41:40.781 [main] INFO sudoku.model.SudokuBoard - Wartość 0 wstawiona nieprawidłowo
15:41:40.781 [main] INFO sudoku.model.SudokuBoard - Bład w kwadracie 0
sudoku.model.SudokuBoard@6c8dbf56[
  size=9
  solver=sudoku.model.BacktrackingSudokuSolver@630390b9
  board={{1,3,5,8,9,6,2,4,7},{2,7,4,3,1,5,6,8,9},{8,6,9,4,7,2,1,5,3},{9,1,7,2,3,4,5,6,8},{3,2,6,5,8,9,4,7,1},{4,5,8,7,6,1,3,9,2},{5,8,1,6,2,7,9,3,4},{6,9,2,0,0,0,0,0,0},{0,0,0,0,0,0,0,0,0}}
]
15:41:40.781 [main] INFO sudoku.model.SudokuBoard - Wartość 0 wstawiona nieprawidłowo
15:41:40.781 [main] INFO sudoku.model.SudokuBoard - Bład w kwadracie 0
sudoku.model.SudokuBoard@6c8dbf56[
  size=9
  solver=sudoku.model.BacktrackingSudokuSolver@630390b9
  board={{1,3,5,8,9,6,2,4,7},{2,7,4,3,1,5,6,8,9},{8,6,9,4,7,2,1,5,3},{9,1,7,2,3,4,5,6,8},{3,2,6,5,8,9,4,7,1},{4,5,8,7,6,1,3,9,2},{5,8,1,6,2,7,9,3,4},{6,9,0,0,0,0,0,0,0},{0,0,0,0,0,0,0,0,0}}
]
15:41:40.781 [main] INFO sudoku.model.SudokuBoard - Wartość 0 wstawiona nieprawidłowo
Tablice maja inny uklad liczb]]></system-out>
  </testcase>
  <testcase name="checkFillBoardTest" classname="sudoku.model.SudokuBoardTest" time="0.002">
    <system-out><![CDATA[15:41:40.783 [main] INFO sudoku.model.SudokuBoard - Bład w kwadracie 0
sudoku.model.SudokuBoard@493b01ef[
  size=9
  solver=sudoku.model.BacktrackingSudokuSolver@36c2d629
  board={{2,9,7,5,8,1,3,4,6},{3,4,8,2,6,7,5,9,1},{1,5,6,9,3,4,7,2,8},{4,1,9,7,2,5,8,6,3},{5,6,2,8,4,9,1,0,0},{0,0,0,0,0,0,0,0,0},{0,0,0,0,0,0,0,0,0},{0,0,0,0,0,0,0,0,0},{0,0,0,0,0,0,0,0,0}}
]
15:41:40.783 [main] INFO sudoku.model.SudokuBoard - Wartość 0 wstawiona nieprawidłowo
15:41:40.783 [main] INFO sudoku.model.SudokuBoard - Bład w kwadracie 0
sudoku.model.SudokuBoard@493b01ef[
  size=9
  solver=sudoku.model.BacktrackingSudokuSolver@36c2d629
  board={{2,9,7,5,8,1,3,4,6},{3,4,8,2,6,7,5,9,1},{1,5,6,9,3,4,7,2,8},{4,1,9,7,2,5,8,6,3},{5,6,2,8,4,9,0,0,0},{0,0,0,0,0,0,0,0,0},{0,0,0,0,0,0,0,0,0},{0,0,0,0,0,0,0,0,0},{0,0,0,0,0,0,0,0,0}}
]
15:41:40.783 [main] INFO sudoku.model.SudokuBoard - Wartość 0 wstawiona nieprawidłowo
15:41:40.783 [main] INFO sudoku.model.SudokuBoard - Bład w kwadracie 0
sudoku.model.SudokuBoard@493b01ef[
  size=9
  solver=sudoku.model.BacktrackingSudokuSolver@36c2d629
  board={{2,9,7,5,8,1,3,4,6},{3,4,8,2,6,7,5,9,1},{1,5,6,9,3,4,7,2,8},{4,1,9,7,2,5,8,6,3},{5,6,2,8,4,0,0,0,0},{0,0,0,0,0,0,0,0,0},{0,0,0,0,0,0,0,0,0},{0,0,0,0,0,0,0,0,0},{0,0,0,0,0,0,0,0,0}}
]
15:41:40.783 [main] INFO sudoku.model.SudokuBoard - Wartość 0 wstawiona nieprawidłowo
15:41:40.784 [main] INFO sudoku.model.SudokuBoard - Bład w kwadracie 0
sudoku.model.SudokuBoard@493b01ef[
  size=9
  solver=sudoku.model.BacktrackingSudokuSolver@36c2d629
  board={{2,9,7,5,8,1,3,4,6},{3,4,8,2,6,7,5,9,1},{1,5,6,9,3,4,7,2,8},{4,1,9,7,2,5,8,6,3},{5,6,2,8,4,3,9,1,7},{7,8,3,1,9,6,2,5,4},{6,3,5,4,7,8,0,0,0},{0,0,0,0,0,0,0,0,0},{0,0,0,0,0,0,0,0,0}}
]
15:41:40.784 [main] INFO sudoku.model.SudokuBoard - Wartość 0 wstawiona nieprawidłowo
15:41:40.784 [main] INFO sudoku.model.SudokuBoard - Bład w kwadracie 0
sudoku.model.SudokuBoard@493b01ef[
  size=9
  solver=sudoku.model.BacktrackingSudokuSolver@36c2d629
  board={{2,9,7,5,8,1,3,4,6},{3,4,8,2,6,7,5,9,1},{1,5,6,9,3,4,7,2,8},{4,1,9,7,2,5,8,6,3},{5,6,2,8,4,3,9,1,7},{7,8,3,1,9,6,2,5,4},{6,3,5,4,7,0,0,0,0},{0,0,0,0,0,0,0,0,0},{0,0,0,0,0,0,0,0,0}}
]
15:41:40.784 [main] INFO sudoku.model.SudokuBoard - Wartość 0 wstawiona nieprawidłowo
15:41:40.784 [main] INFO sudoku.model.SudokuBoard - Bład w kwadracie 0
sudoku.model.SudokuBoard@493b01ef[
  size=9
  solver=sudoku.model.BacktrackingSudokuSolver@36c2d629
  board={{2,9,7,5,8,1,3,4,6},{3,4,8,2,6,7,5,9,1},{1,5,6,9,3,4,7,2,8},{4,1,9,7,2,5,8,6,3},{5,6,2,8,4,3,9,1,7},{7,8,3,1,9,6,2,5,4},{6,3,5,4,7,9,1,8,2},{8,7,1,3,5,2,0,0,0},{0,0,0,0,0,0,0,0,0}}
]
15:41:40.784 [main] INFO sudoku.model.SudokuBoard - Wartość 0 wstawiona nieprawidłowo
15:41:40.784 [main] INFO sudoku.model.SudokuBoard - Bład w kwadracie 0
sudoku.model.SudokuBoard@493b01ef[
  size=9
  solver=sudoku.model.BacktrackingSudokuSolver@36c2d629
  board={{2,9,7,5,8,1,3,4,6},{3,4,8,2,6,7,5,9,1},{1,5,6,9,3,4,7,2,8},{4,1,9,7,2,5,8,6,3},{5,6,2,8,4,3,9,1,7},{7,8,3,1,9,6,2,5,4},{6,3,5,4,7,9,1,8,2},{8,7,1,3,5,2,0,0,0},{0,0,0,0,0,0,0,0,0}}
]
15:41:40.784 [main] INFO sudoku.model.SudokuBoard - Wartość 0 wstawiona nieprawidłowo
15:41:40.784 [main] INFO sudoku.model.SudokuBoard - Bład w kwadracie 0
sudoku.model.SudokuBoard@493b01ef[
  size=9
  solver=sudoku.model.BacktrackingSudokuSolver@36c2d629
  board={{2,9,7,5,8,1,3,4,6},{3,4,8,2,6,7,5,9,1},{1,5,6,9,3,4,7,2,8},{4,1,9,7,2,5,8,6,3},{5,6,2,8,4,3,9,1,7},{7,8,3,1,9,6,2,5,4},{6,3,5,4,7,9,1,8,2},{8,7,1,3,5,0,0,0,0},{0,0,0,0,0,0,0,0,0}}
]
15:41:40.784 [main] INFO sudoku.model.SudokuBoard - Wartość 0 wstawiona nieprawidłowo
15:41:40.784 [main] INFO sudoku.model.SudokuBoard - Bład w kwadracie 0
sudoku.model.SudokuBoard@493b01ef[
  size=9
  solver=sudoku.model.BacktrackingSudokuSolver@36c2d629
  board={{2,9,7,5,8,1,3,4,6},{3,4,8,2,6,7,5,9,1},{1,5,6,9,3,4,7,2,8},{4,1,9,7,2,5,8,6,3},{5,6,2,8,4,3,9,1,7},{7,8,3,1,9,6,2,5,4},{6,3,5,4,7,9,1,8,2},{8,7,1,3,0,0,0,0,0},{0,0,0,0,0,0,0,0,0}}
]
15:41:40.784 [main] INFO sudoku.model.SudokuBoard - Wartość 0 wstawiona nieprawidłowo
15:41:40.784 [main] INFO sudoku.model.SudokuBoard - Bład w kwadracie 0
sudoku.model.SudokuBoard@493b01ef[
  size=9
  solver=sudoku.model.BacktrackingSudokuSolver@36c2d629
  board={{2,9,7,5,8,1,3,4,6},{3,4,8,2,6,7,5,9,1},{1,5,6,9,3,4,7,2,8},{4,1,9,7,2,5,8,6,3},{5,6,2,8,4,3,9,1,7},{7,8,3,1,9,6,2,5,4},{6,3,5,4,7,9,1,8,2},{8,7,1,0,0,0,0,0,0},{0,0,0,0,0,0,0,0,0}}
]
15:41:40.784 [main] INFO sudoku.model.SudokuBoard - Wartość 0 wstawiona nieprawidłowo
Nie wykryto bledu]]></system-out>
  </testcase>
  <testcase name="checkBoardTestBoxFalse" classname="sudoku.model.SudokuBoardTest" time="0.005">
    <system-out><![CDATA[15:41:40.788 [main] INFO sudoku.model.SudokuBoard - Bład w kwadracie 0
sudoku.model.SudokuBoard@54089484[
  size=9
  solver=sudoku.model.BacktrackingSudokuSolver@45adc393
  board={{4,5,8,9,2,1,3,6,7},{2,6,9,4,5,3,8,0,0},{0,0,0,0,0,0,0,0,0},{0,0,0,0,0,0,0,0,0},{0,0,0,0,0,0,0,0,0},{0,0,0,0,0,0,0,0,0},{0,0,0,0,0,0,0,0,0},{0,0,0,0,0,0,0,0,0},{0,0,0,0,0,0,0,0,0}}
]
15:41:40.788 [main] INFO sudoku.model.SudokuBoard - Wartość 0 wstawiona nieprawidłowo
15:41:40.788 [main] INFO sudoku.model.SudokuBoard - Bład w kwadracie 0
sudoku.model.SudokuBoard@54089484[
  size=9
  solver=sudoku.model.BacktrackingSudokuSolver@45adc393
  board={{4,5,8,9,2,1,3,6,7},{2,6,9,4,5,3,0,0,0},{0,0,0,0,0,0,0,0,0},{0,0,0,0,0,0,0,0,0},{0,0,0,0,0,0,0,0,0},{0,0,0,0,0,0,0,0,0},{0,0,0,0,0,0,0,0,0},{0,0,0,0,0,0,0,0,0},{0,0,0,0,0,0,0,0,0}}
]
15:41:40.788 [main] INFO sudoku.model.SudokuBoard - Wartość 0 wstawiona nieprawidłowo
15:41:40.788 [main] INFO sudoku.model.SudokuBoard - Bład w kwadracie 0
sudoku.model.SudokuBoard@54089484[
  size=9
  solver=sudoku.model.BacktrackingSudokuSolver@45adc393
  board={{4,5,8,9,2,1,3,6,7},{2,6,9,4,5,3,1,0,0},{0,0,0,0,0,0,0,0,0},{0,0,0,0,0,0,0,0,0},{0,0,0,0,0,0,0,0,0},{0,0,0,0,0,0,0,0,0},{0,0,0,0,0,0,0,0,0},{0,0,0,0,0,0,0,0,0},{0,0,0,0,0,0,0,0,0}}
]
15:41:40.788 [main] INFO sudoku.model.SudokuBoard - Wartość 0 wstawiona nieprawidłowo
15:41:40.789 [main] INFO sudoku.model.SudokuBoard - Bład w kwadracie 0
sudoku.model.SudokuBoard@54089484[
  size=9
  solver=sudoku.model.BacktrackingSudokuSolver@45adc393
  board={{4,5,8,9,2,1,3,6,7},{2,6,9,4,5,3,0,0,0},{0,0,0,0,0,0,0,0,0},{0,0,0,0,0,0,0,0,0},{0,0,0,0,0,0,0,0,0},{0,0,0,0,0,0,0,0,0},{0,0,0,0,0,0,0,0,0},{0,0,0,0,0,0,0,0,0},{0,0,0,0,0,0,0,0,0}}
]
15:41:40.789 [main] INFO sudoku.model.SudokuBoard - Wartość 0 wstawiona nieprawidłowo
15:41:40.789 [main] INFO sudoku.model.SudokuBoard - Bład w kwadracie 0
sudoku.model.SudokuBoard@54089484[
  size=9
  solver=sudoku.model.BacktrackingSudokuSolver@45adc393
  board={{4,5,8,9,2,1,3,6,7},{2,6,9,4,5,0,0,0,0},{0,0,0,0,0,0,0,0,0},{0,0,0,0,0,0,0,0,0},{0,0,0,0,0,0,0,0,0},{0,0,0,0,0,0,0,0,0},{0,0,0,0,0,0,0,0,0},{0,0,0,0,0,0,0,0,0},{0,0,0,0,0,0,0,0,0}}
]
15:41:40.789 [main] INFO sudoku.model.SudokuBoard - Wartość 0 wstawiona nieprawidłowo
15:41:40.789 [main] INFO sudoku.model.SudokuBoard - Bład w kwadracie 0
sudoku.model.SudokuBoard@54089484[
  size=9
  solver=sudoku.model.BacktrackingSudokuSolver@45adc393
  board={{4,5,8,9,2,1,3,6,7},{2,6,9,4,5,7,1,0,0},{0,0,0,0,0,0,0,0,0},{0,0,0,0,0,0,0,0,0},{0,0,0,0,0,0,0,0,0},{0,0,0,0,0,0,0,0,0},{0,0,0,0,0,0,0,0,0},{0,0,0,0,0,0,0,0,0},{0,0,0,0,0,0,0,0,0}}
]
15:41:40.789 [main] INFO sudoku.model.SudokuBoard - Wartość 0 wstawiona nieprawidłowo
15:41:40.789 [main] INFO sudoku.model.SudokuBoard - Bład w kwadracie 0
sudoku.model.SudokuBoard@54089484[
  size=9
  solver=sudoku.model.BacktrackingSudokuSolver@45adc393
  board={{4,5,8,9,2,1,3,6,7},{2,6,9,4,5,7,0,0,0},{0,0,0,0,0,0,0,0,0},{0,0,0,0,0,0,0,0,0},{0,0,0,0,0,0,0,0,0},{0,0,0,0,0,0,0,0,0},{0,0,0,0,0,0,0,0,0},{0,0,0,0,0,0,0,0,0},{0,0,0,0,0,0,0,0,0}}
]
15:41:40.789 [main] INFO sudoku.model.SudokuBoard - Wartość 0 wstawiona nieprawidłowo
15:41:40.789 [main] INFO sudoku.model.SudokuBoard - Bład w kwadracie 0
sudoku.model.SudokuBoard@54089484[
  size=9
  solver=sudoku.model.BacktrackingSudokuSolver@45adc393
  board={{4,5,8,9,2,1,3,6,7},{2,6,9,4,5,7,8,0,0},{0,0,0,0,0,0,0,0,0},{0,0,0,0,0,0,0,0,0},{0,0,0,0,0,0,0,0,0},{0,0,0,0,0,0,0,0,0},{0,0,0,0,0,0,0,0,0},{0,0,0,0,0,0,0,0,0},{0,0,0,0,0,0,0,0,0}}
]
15:41:40.789 [main] INFO sudoku.model.SudokuBoard - Wartość 0 wstawiona nieprawidłowo
15:41:40.789 [main] INFO sudoku.model.SudokuBoard - Bład w kwadracie 0
sudoku.model.SudokuBoard@54089484[
  size=9
  solver=sudoku.model.BacktrackingSudokuSolver@45adc393
  board={{4,5,8,9,2,1,3,6,7},{2,6,9,4,5,7,0,0,0},{0,0,0,0,0,0,0,0,0},{0,0,0,0,0,0,0,0,0},{0,0,0,0,0,0,0,0,0},{0,0,0,0,0,0,0,0,0},{0,0,0,0,0,0,0,0,0},{0,0,0,0,0,0,0,0,0},{0,0,0,0,0,0,0,0,0}}
]
15:41:40.789 [main] INFO sudoku.model.SudokuBoard - Wartość 0 wstawiona nieprawidłowo
15:41:40.789 [main] INFO sudoku.model.SudokuBoard - Bład w kwadracie 0
sudoku.model.SudokuBoard@54089484[
  size=9
  solver=sudoku.model.BacktrackingSudokuSolver@45adc393
  board={{4,5,8,9,2,1,3,6,7},{2,6,9,4,5,0,0,0,0},{0,0,0,0,0,0,0,0,0},{0,0,0,0,0,0,0,0,0},{0,0,0,0,0,0,0,0,0},{0,0,0,0,0,0,0,0,0},{0,0,0,0,0,0,0,0,0},{0,0,0,0,0,0,0,0,0},{0,0,0,0,0,0,0,0,0}}
]
15:41:40.789 [main] INFO sudoku.model.SudokuBoard - Wartość 0 wstawiona nieprawidłowo
15:41:40.789 [main] INFO sudoku.model.SudokuBoard - Bład w kwadracie 0
sudoku.model.SudokuBoard@54089484[
  size=9
  solver=sudoku.model.BacktrackingSudokuSolver@45adc393
  board={{4,5,8,9,2,1,3,6,7},{2,6,9,4,5,8,0,0,0},{0,0,0,0,0,0,0,0,0},{0,0,0,0,0,0,0,0,0},{0,0,0,0,0,0,0,0,0},{0,0,0,0,0,0,0,0,0},{0,0,0,0,0,0,0,0,0},{0,0,0,0,0,0,0,0,0},{0,0,0,0,0,0,0,0,0}}
]
15:41:40.789 [main] INFO sudoku.model.SudokuBoard - Wartość 0 wstawiona nieprawidłowo
15:41:40.789 [main] INFO sudoku.model.SudokuBoard - Bład w kwadracie 0
sudoku.model.SudokuBoard@54089484[
  size=9
  solver=sudoku.model.BacktrackingSudokuSolver@45adc393
  board={{4,5,8,9,2,1,3,6,7},{2,6,9,4,5,0,0,0,0},{0,0,0,0,0,0,0,0,0},{0,0,0,0,0,0,0,0,0},{0,0,0,0,0,0,0,0,0},{0,0,0,0,0,0,0,0,0},{0,0,0,0,0,0,0,0,0},{0,0,0,0,0,0,0,0,0},{0,0,0,0,0,0,0,0,0}}
]
15:41:40.789 [main] INFO sudoku.model.SudokuBoard - Wartość 0 wstawiona nieprawidłowo
15:41:40.789 [main] INFO sudoku.model.SudokuBoard - Bład w kwadracie 0
sudoku.model.SudokuBoard@54089484[
  size=9
  solver=sudoku.model.BacktrackingSudokuSolver@45adc393
  board={{4,5,8,9,2,1,3,6,7},{2,6,9,4,0,0,0,0,0},{0,0,0,0,0,0,0,0,0},{0,0,0,0,0,0,0,0,0},{0,0,0,0,0,0,0,0,0},{0,0,0,0,0,0,0,0,0},{0,0,0,0,0,0,0,0,0},{0,0,0,0,0,0,0,0,0},{0,0,0,0,0,0,0,0,0}}
]
15:41:40.789 [main] INFO sudoku.model.SudokuBoard - Wartość 0 wstawiona nieprawidłowo
15:41:40.789 [main] INFO sudoku.model.SudokuBoard - Bład w kwadracie 0
sudoku.model.SudokuBoard@54089484[
  size=9
  solver=sudoku.model.BacktrackingSudokuSolver@45adc393
  board={{4,5,8,9,2,1,3,6,7},{2,6,9,4,7,3,5,8,1},{7,1,3,5,8,6,9,2,4},{8,2,1,7,3,4,6,9,5},{3,9,4,2,1,8,0,0,0},{0,0,0,0,0,0,0,0,0},{0,0,0,0,0,0,0,0,0},{0,0,0,0,0,0,0,0,0},{0,0,0,0,0,0,0,0,0}}
]
15:41:40.789 [main] INFO sudoku.model.SudokuBoard - Wartość 0 wstawiona nieprawidłowo
15:41:40.789 [main] INFO sudoku.model.SudokuBoard - Bład w kwadracie 0
sudoku.model.SudokuBoard@54089484[
  size=9
  solver=sudoku.model.BacktrackingSudokuSolver@45adc393
  board={{4,5,8,9,2,1,3,6,7},{2,6,9,4,7,3,5,8,1},{7,1,3,5,8,6,9,2,4},{8,2,1,7,3,4,6,9,5},{3,9,4,2,1,0,0,0,0},{0,0,0,0,0,0,0,0,0},{0,0,0,0,0,0,0,0,0},{0,0,0,0,0,0,0,0,0},{0,0,0,0,0,0,0,0,0}}
]
15:41:40.789 [main] INFO sudoku.model.SudokuBoard - Wartość 0 wstawiona nieprawidłowo
15:41:40.789 [main] INFO sudoku.model.SudokuBoard - Bład w kwadracie 0
sudoku.model.SudokuBoard@54089484[
  size=9
  solver=sudoku.model.BacktrackingSudokuSolver@45adc393
  board={{4,5,8,9,2,1,3,6,7},{2,6,9,4,7,3,5,8,1},{7,1,3,5,8,6,9,2,4},{8,2,1,7,3,4,6,9,5},{3,9,4,2,1,5,8,0,0},{0,0,0,0,0,0,0,0,0},{0,0,0,0,0,0,0,0,0},{0,0,0,0,0,0,0,0,0},{0,0,0,0,0,0,0,0,0}}
]
15:41:40.789 [main] INFO sudoku.model.SudokuBoard - Wartość 0 wstawiona nieprawidłowo
15:41:40.790 [main] INFO sudoku.model.SudokuBoard - Bład w kwadracie 0
sudoku.model.SudokuBoard@54089484[
  size=9
  solver=sudoku.model.BacktrackingSudokuSolver@45adc393
  board={{4,5,8,9,2,1,3,6,7},{2,6,9,4,7,3,5,8,1},{7,1,3,5,8,6,9,2,4},{8,2,1,7,3,4,6,9,5},{3,9,4,2,1,5,0,0,0},{0,0,0,0,0,0,0,0,0},{0,0,0,0,0,0,0,0,0},{0,0,0,0,0,0,0,0,0},{0,0,0,0,0,0,0,0,0}}
]
15:41:40.790 [main] INFO sudoku.model.SudokuBoard - Wartość 0 wstawiona nieprawidłowo
15:41:40.790 [main] INFO sudoku.model.SudokuBoard - Bład w kwadracie 0
sudoku.model.SudokuBoard@54089484[
  size=9
  solver=sudoku.model.BacktrackingSudokuSolver@45adc393
  board={{4,5,8,9,2,1,3,6,7},{2,6,9,4,7,3,5,8,1},{7,1,3,5,8,6,9,2,4},{8,2,1,7,3,4,6,9,5},{3,9,4,2,1,5,0,0,0},{0,0,0,0,0,0,0,0,0},{0,0,0,0,0,0,0,0,0},{0,0,0,0,0,0,0,0,0},{0,0,0,0,0,0,0,0,0}}
]
15:41:40.790 [main] INFO sudoku.model.SudokuBoard - Wartość 0 wstawiona nieprawidłowo
15:41:40.790 [main] INFO sudoku.model.SudokuBoard - Bład w kwadracie 0
sudoku.model.SudokuBoard@54089484[
  size=9
  solver=sudoku.model.BacktrackingSudokuSolver@45adc393
  board={{4,5,8,9,2,1,3,6,7},{2,6,9,4,7,3,5,8,1},{7,1,3,5,8,6,9,2,4},{8,2,1,7,3,4,6,9,5},{3,9,4,2,1,0,0,0,0},{0,0,0,0,0,0,0,0,0},{0,0,0,0,0,0,0,0,0},{0,0,0,0,0,0,0,0,0},{0,0,0,0,0,0,0,0,0}}
]
15:41:40.790 [main] INFO sudoku.model.SudokuBoard - Wartość 0 wstawiona nieprawidłowo
15:41:40.790 [main] INFO sudoku.model.SudokuBoard - Bład w kwadracie 0
sudoku.model.SudokuBoard@54089484[
  size=9
  solver=sudoku.model.BacktrackingSudokuSolver@45adc393
  board={{4,5,8,9,2,1,3,6,7},{2,6,9,4,7,3,5,8,1},{7,1,3,5,8,6,9,2,4},{8,2,1,7,3,4,6,9,5},{3,9,4,2,0,0,0,0,0},{0,0,0,0,0,0,0,0,0},{0,0,0,0,0,0,0,0,0},{0,0,0,0,0,0,0,0,0},{0,0,0,0,0,0,0,0,0}}
]
15:41:40.790 [main] INFO sudoku.model.SudokuBoard - Wartość 0 wstawiona nieprawidłowo
15:41:40.790 [main] INFO sudoku.model.SudokuBoard - Bład w kwadracie 0
sudoku.model.SudokuBoard@54089484[
  size=9
  solver=sudoku.model.BacktrackingSudokuSolver@45adc393
  board={{4,5,8,9,2,1,3,6,7},{2,6,9,4,7,3,5,8,1},{7,1,3,5,8,6,9,2,4},{8,2,1,7,3,4,6,9,5},{3,9,4,2,5,8,1,0,0},{0,0,0,0,0,0,0,0,0},{0,0,0,0,0,0,0,0,0},{0,0,0,0,0,0,0,0,0},{0,0,0,0,0,0,0,0,0}}
]
15:41:40.790 [main] INFO sudoku.model.SudokuBoard - Wartość 0 wstawiona nieprawidłowo
15:41:40.790 [main] INFO sudoku.model.SudokuBoard - Bład w kwadracie 0
sudoku.model.SudokuBoard@54089484[
  size=9
  solver=sudoku.model.BacktrackingSudokuSolver@45adc393
  board={{4,5,8,9,2,1,3,6,7},{2,6,9,4,7,3,5,8,1},{7,1,3,5,8,6,9,2,4},{8,2,1,7,3,4,6,9,5},{3,9,4,2,5,8,0,0,0},{0,0,0,0,0,0,0,0,0},{0,0,0,0,0,0,0,0,0},{0,0,0,0,0,0,0,0,0},{0,0,0,0,0,0,0,0,0}}
]
15:41:40.790 [main] INFO sudoku.model.SudokuBoard - Wartość 0 wstawiona nieprawidłowo
15:41:40.790 [main] INFO sudoku.model.SudokuBoard - Bład w kwadracie 0
sudoku.model.SudokuBoard@54089484[
  size=9
  solver=sudoku.model.BacktrackingSudokuSolver@45adc393
  board={{4,5,8,9,2,1,3,6,7},{2,6,9,4,7,3,5,8,1},{7,1,3,5,8,6,9,2,4},{8,2,1,7,3,4,6,9,5},{3,9,4,2,5,8,7,0,0},{0,0,0,0,0,0,0,0,0},{0,0,0,0,0,0,0,0,0},{0,0,0,0,0,0,0,0,0},{0,0,0,0,0,0,0,0,0}}
]
15:41:40.790 [main] INFO sudoku.model.SudokuBoard - Wartość 0 wstawiona nieprawidłowo
15:41:40.790 [main] INFO sudoku.model.SudokuBoard - Bład w kwadracie 0
sudoku.model.SudokuBoard@54089484[
  size=9
  solver=sudoku.model.BacktrackingSudokuSolver@45adc393
  board={{4,5,8,9,2,1,3,6,7},{2,6,9,4,7,3,5,8,1},{7,1,3,5,8,6,9,2,4},{8,2,1,7,3,4,6,9,5},{3,9,4,2,5,8,0,0,0},{0,0,0,0,0,0,0,0,0},{0,0,0,0,0,0,0,0,0},{0,0,0,0,0,0,0,0,0},{0,0,0,0,0,0,0,0,0}}
]
15:41:40.790 [main] INFO sudoku.model.SudokuBoard - Wartość 0 wstawiona nieprawidłowo
15:41:40.790 [main] INFO sudoku.model.SudokuBoard - Bład w kwadracie 0
sudoku.model.SudokuBoard@54089484[
  size=9
  solver=sudoku.model.BacktrackingSudokuSolver@45adc393
  board={{4,5,8,9,2,1,3,6,7},{2,6,9,4,7,3,5,8,1},{7,1,3,5,8,6,9,2,4},{8,2,1,7,3,4,6,9,5},{3,9,4,2,5,0,0,0,0},{0,0,0,0,0,0,0,0,0},{0,0,0,0,0,0,0,0,0},{0,0,0,0,0,0,0,0,0},{0,0,0,0,0,0,0,0,0}}
]
15:41:40.790 [main] INFO sudoku.model.SudokuBoard - Wartość 0 wstawiona nieprawidłowo
15:41:40.790 [main] INFO sudoku.model.SudokuBoard - Bład w kwadracie 0
sudoku.model.SudokuBoard@54089484[
  size=9
  solver=sudoku.model.BacktrackingSudokuSolver@45adc393
  board={{4,5,8,9,2,1,3,6,7},{2,6,9,4,7,3,5,8,1},{7,1,3,5,8,6,9,2,4},{8,2,1,7,3,4,6,9,5},{3,9,4,2,0,0,0,0,0},{0,0,0,0,0,0,0,0,0},{0,0,0,0,0,0,0,0,0},{0,0,0,0,0,0,0,0,0},{0,0,0,0,0,0,0,0,0}}
]
15:41:40.790 [main] INFO sudoku.model.SudokuBoard - Wartość 0 wstawiona nieprawidłowo
15:41:40.790 [main] INFO sudoku.model.SudokuBoard - Bład w kwadracie 0
sudoku.model.SudokuBoard@54089484[
  size=9
  solver=sudoku.model.BacktrackingSudokuSolver@45adc393
  board={{4,5,8,9,2,1,3,6,7},{2,6,9,4,7,3,5,8,1},{7,1,3,5,8,6,9,2,4},{8,2,1,7,3,4,6,9,5},{3,9,4,2,6,5,1,7,8},{5,7,6,8,0,0,0,0,0},{0,0,0,0,0,0,0,0,0},{0,0,0,0,0,0,0,0,0},{0,0,0,0,0,0,0,0,0}}
]
15:41:40.790 [main] INFO sudoku.model.SudokuBoard - Wartość 0 wstawiona nieprawidłowo
15:41:40.791 [main] INFO sudoku.model.SudokuBoard - Bład w kwadracie 0
sudoku.model.SudokuBoard@54089484[
  size=9
  solver=sudoku.model.BacktrackingSudokuSolver@45adc393
  board={{4,5,8,9,2,1,3,6,7},{2,6,9,4,7,3,5,8,1},{7,1,3,5,8,6,9,2,4},{8,2,1,7,3,4,6,9,5},{3,9,4,2,6,5,1,7,8},{5,7,6,8,1,9,4,3,2},{6,8,5,3,9,2,7,0,0},{0,0,0,0,0,0,0,0,0},{0,0,0,0,0,0,0,0,0}}
]
15:41:40.791 [main] INFO sudoku.model.SudokuBoard - Wartość 0 wstawiona nieprawidłowo
15:41:40.791 [main] INFO sudoku.model.SudokuBoard - Bład w kwadracie 0
sudoku.model.SudokuBoard@54089484[
  size=9
  solver=sudoku.model.BacktrackingSudokuSolver@45adc393
  board={{4,5,8,9,2,1,3,6,7},{2,6,9,4,7,3,5,8,1},{7,1,3,5,8,6,9,2,4},{8,2,1,7,3,4,6,9,5},{3,9,4,2,6,5,1,7,8},{5,7,6,8,1,9,4,3,2},{6,8,5,3,9,2,7,0,0},{0,0,0,0,0,0,0,0,0},{0,0,0,0,0,0,0,0,0}}
]
15:41:40.791 [main] INFO sudoku.model.SudokuBoard - Wartość 0 wstawiona nieprawidłowo
15:41:40.791 [main] INFO sudoku.model.SudokuBoard - Bład w kwadracie 0
sudoku.model.SudokuBoard@54089484[
  size=9
  solver=sudoku.model.BacktrackingSudokuSolver@45adc393
  board={{4,5,8,9,2,1,3,6,7},{2,6,9,4,7,3,5,8,1},{7,1,3,5,8,6,9,2,4},{8,2,1,7,3,4,6,9,5},{3,9,4,2,6,5,1,7,8},{5,7,6,8,1,9,4,3,2},{6,8,5,3,9,2,0,0,0},{0,0,0,0,0,0,0,0,0},{0,0,0,0,0,0,0,0,0}}
]
15:41:40.791 [main] INFO sudoku.model.SudokuBoard - Wartość 0 wstawiona nieprawidłowo
15:41:40.791 [main] INFO sudoku.model.SudokuBoard - Bład w kwadracie 0
sudoku.model.SudokuBoard@54089484[
  size=9
  solver=sudoku.model.BacktrackingSudokuSolver@45adc393
  board={{4,5,8,9,2,1,3,6,7},{2,6,9,4,7,3,5,8,1},{7,1,3,5,8,6,9,2,4},{8,2,1,7,3,4,6,9,5},{3,9,4,2,6,5,1,7,8},{5,7,6,8,1,9,4,3,2},{6,8,5,3,9,0,0,0,0},{0,0,0,0,0,0,0,0,0},{0,0,0,0,0,0,0,0,0}}
]
15:41:40.791 [main] INFO sudoku.model.SudokuBoard - Wartość 0 wstawiona nieprawidłowo
15:41:40.791 [main] INFO sudoku.model.SudokuBoard - Bład w kwadracie 0
sudoku.model.SudokuBoard@54089484[
  size=9
  solver=sudoku.model.BacktrackingSudokuSolver@45adc393
  board={{4,5,8,9,2,1,3,6,7},{2,6,9,4,7,3,5,8,1},{7,1,3,5,8,6,9,2,4},{8,2,1,7,3,4,6,9,5},{3,9,4,2,6,5,1,7,8},{5,7,6,8,1,9,4,3,2},{6,8,5,3,9,7,2,0,0},{0,0,0,0,0,0,0,0,0},{0,0,0,0,0,0,0,0,0}}
]
15:41:40.791 [main] INFO sudoku.model.SudokuBoard - Wartość 0 wstawiona nieprawidłowo
15:41:40.791 [main] INFO sudoku.model.SudokuBoard - Bład w kwadracie 0
sudoku.model.SudokuBoard@54089484[
  size=9
  solver=sudoku.model.BacktrackingSudokuSolver@45adc393
  board={{4,5,8,9,2,1,3,6,7},{2,6,9,4,7,3,5,8,1},{7,1,3,5,8,6,9,2,4},{8,2,1,7,3,4,6,9,5},{3,9,4,2,6,5,1,7,8},{5,7,6,8,1,9,4,3,2},{6,8,5,3,9,7,2,0,0},{0,0,0,0,0,0,0,0,0},{0,0,0,0,0,0,0,0,0}}
]
15:41:40.791 [main] INFO sudoku.model.SudokuBoard - Wartość 0 wstawiona nieprawidłowo
15:41:40.791 [main] INFO sudoku.model.SudokuBoard - Bład w kwadracie 0
sudoku.model.SudokuBoard@54089484[
  size=9
  solver=sudoku.model.BacktrackingSudokuSolver@45adc393
  board={{4,5,8,9,2,1,3,6,7},{2,6,9,4,7,3,5,8,1},{7,1,3,5,8,6,9,2,4},{8,2,1,7,3,4,6,9,5},{3,9,4,2,6,5,1,7,8},{5,7,6,8,1,9,4,3,2},{6,8,5,3,9,7,0,0,0},{0,0,0,0,0,0,0,0,0},{0,0,0,0,0,0,0,0,0}}
]
15:41:40.791 [main] INFO sudoku.model.SudokuBoard - Wartość 0 wstawiona nieprawidłowo
15:41:40.791 [main] INFO sudoku.model.SudokuBoard - Bład w kwadracie 0
sudoku.model.SudokuBoard@54089484[
  size=9
  solver=sudoku.model.BacktrackingSudokuSolver@45adc393
  board={{4,5,8,9,2,1,3,6,7},{2,6,9,4,7,3,5,8,1},{7,1,3,5,8,6,9,2,4},{8,2,1,7,3,4,6,9,5},{3,9,4,2,6,5,1,7,8},{5,7,6,8,1,9,4,3,2},{6,8,5,3,9,0,0,0,0},{0,0,0,0,0,0,0,0,0},{0,0,0,0,0,0,0,0,0}}
]
15:41:40.791 [main] INFO sudoku.model.SudokuBoard - Wartość 0 wstawiona nieprawidłowo
15:41:40.791 [main] INFO sudoku.model.SudokuBoard - Bład w kwadracie 0
sudoku.model.SudokuBoard@54089484[
  size=9
  solver=sudoku.model.BacktrackingSudokuSolver@45adc393
  board={{4,5,8,9,2,1,3,6,7},{2,6,9,4,7,3,5,8,1},{7,1,3,5,8,6,9,2,4},{8,2,1,7,3,4,6,9,5},{3,9,4,2,6,5,1,7,8},{5,7,6,8,1,9,4,3,2},{6,8,5,3,0,0,0,0,0},{0,0,0,0,0,0,0,0,0},{0,0,0,0,0,0,0,0,0}}
]
15:41:40.791 [main] INFO sudoku.model.SudokuBoard - Wartość 0 wstawiona nieprawidłowo
15:41:40.791 [main] INFO sudoku.model.SudokuBoard - Bład w kwadracie 0
sudoku.model.SudokuBoard@54089484[
  size=9
  solver=sudoku.model.BacktrackingSudokuSolver@45adc393
  board={{4,5,8,9,2,1,3,6,7},{2,6,9,4,7,3,5,8,1},{7,1,3,5,8,6,9,2,4},{8,2,1,7,3,4,6,9,5},{3,9,4,2,6,5,1,7,8},{5,7,6,8,1,9,4,3,2},{6,8,5,3,4,2,7,1,9},{9,3,2,6,5,7,8,0,0},{0,0,0,0,0,0,0,0,0}}
]
15:41:40.791 [main] INFO sudoku.model.SudokuBoard - Wartość 0 wstawiona nieprawidłowo
15:41:40.791 [main] INFO sudoku.model.SudokuBoard - Bład w kwadracie 0
sudoku.model.SudokuBoard@54089484[
  size=9
  solver=sudoku.model.BacktrackingSudokuSolver@45adc393
  board={{4,5,8,9,2,1,3,6,7},{2,6,9,4,7,3,5,8,1},{7,1,3,5,8,6,9,2,4},{8,2,1,7,3,4,6,9,5},{3,9,4,2,6,5,1,7,8},{5,7,6,8,1,9,4,3,2},{6,8,5,3,4,2,7,1,9},{9,3,2,6,5,7,0,0,0},{0,0,0,0,0,0,0,0,0}}
]
15:41:40.791 [main] INFO sudoku.model.SudokuBoard - Wartość 0 wstawiona nieprawidłowo
15:41:40.791 [main] INFO sudoku.model.SudokuBoard - Bład w kwadracie 0
sudoku.model.SudokuBoard@54089484[
  size=9
  solver=sudoku.model.BacktrackingSudokuSolver@45adc393
  board={{4,5,8,9,2,1,3,6,7},{2,6,9,4,7,3,5,8,1},{7,1,3,5,8,6,9,2,4},{8,2,1,7,3,4,6,9,5},{3,9,4,2,6,5,1,7,8},{5,7,6,8,1,9,4,3,2},{6,8,5,3,4,2,7,1,9},{9,3,2,6,5,0,0,0,0},{0,0,0,0,0,0,0,0,0}}
]
15:41:40.791 [main] INFO sudoku.model.SudokuBoard - Wartość 0 wstawiona nieprawidłowo
15:41:40.791 [main] INFO sudoku.model.SudokuBoard - Bład w kwadracie 0
sudoku.model.SudokuBoard@54089484[
  size=9
  solver=sudoku.model.BacktrackingSudokuSolver@45adc393
  board={{4,5,8,9,2,1,3,6,7},{2,6,9,4,7,3,5,8,1},{7,1,3,5,8,6,9,2,4},{8,2,1,7,3,4,6,9,5},{3,9,4,2,6,5,1,7,8},{5,7,6,8,1,9,4,3,2},{6,8,5,3,4,2,7,1,9},{9,3,2,6,5,0,0,0,0},{0,0,0,0,0,0,0,0,0}}
]
15:41:40.791 [main] INFO sudoku.model.SudokuBoard - Wartość 0 wstawiona nieprawidłowo
15:41:40.792 [main] INFO sudoku.model.SudokuBoard - Bład w kwadracie 0
sudoku.model.SudokuBoard@54089484[
  size=9
  solver=sudoku.model.BacktrackingSudokuSolver@45adc393
  board={{4,5,8,9,2,1,3,6,7},{2,6,9,4,7,3,5,8,1},{7,1,3,5,8,6,9,2,4},{8,2,1,7,3,4,6,9,5},{3,9,4,2,6,5,1,7,8},{5,7,6,8,1,9,4,3,2},{6,8,5,3,4,2,7,1,9},{9,3,2,6,0,0,0,0,0},{0,0,0,0,0,0,0,0,0}}
]
15:41:40.792 [main] INFO sudoku.model.SudokuBoard - Wartość 0 wstawiona nieprawidłowo
15:41:40.792 [main] INFO sudoku.model.SudokuBoard - Bład w kwadracie 0
sudoku.model.SudokuBoard@54089484[
  size=9
  solver=sudoku.model.BacktrackingSudokuSolver@45adc393
  board={{4,5,8,9,2,1,3,6,7},{2,6,9,4,7,3,5,8,1},{7,1,3,5,8,6,9,2,4},{8,2,1,7,3,4,6,9,5},{3,9,4,2,6,5,1,7,8},{5,7,6,8,1,9,4,3,2},{6,8,5,3,4,2,7,1,9},{9,3,2,0,0,0,0,0,0},{0,0,0,0,0,0,0,0,0}}
]
15:41:40.792 [main] INFO sudoku.model.SudokuBoard - Wartość 0 wstawiona nieprawidłowo
15:41:40.792 [main] INFO sudoku.model.SudokuBoard - Bład w kwadracie 0
sudoku.model.SudokuBoard@54089484[
  size=9
  solver=sudoku.model.BacktrackingSudokuSolver@45adc393
  board={{4,5,8,9,2,1,3,6,7},{2,4,9,4,7,3,5,8,1},{7,1,3,5,8,6,9,2,4},{8,2,1,7,3,4,6,9,5},{3,9,4,2,6,5,1,7,8},{5,7,6,8,1,9,4,3,2},{6,8,5,3,4,2,7,1,9},{9,3,2,1,5,7,8,4,6},{1,4,7,6,9,8,2,5,3}}
]
15:41:40.792 [main] INFO sudoku.model.SudokuBoard - Wartość 4 wstawiona nieprawidłowo
15:41:40.792 [main] INFO sudoku.model.SudokuBoard - Bład w kwadracie 0
sudoku.model.SudokuBoard@65fe2691[
  size=9
  solver=sudoku.model.BacktrackingSudokuSolver@45adc393
  board={{4,5,8,9,2,1,3,6,7},{2,4,9,4,7,3,5,8,1},{7,1,3,5,8,6,9,2,4},{8,2,1,7,3,4,6,9,5},{3,9,4,2,6,5,1,7,8},{5,7,6,8,1,9,4,3,2},{6,8,5,3,4,2,7,1,9},{9,3,2,1,5,7,8,4,6},{1,4,7,6,9,8,2,5,3}}
]
]]></system-out>
  </testcase>
  <testcase name="checkCellBox1" classname="sudoku.model.SudokuBoardTest" time="0.003">
    <system-out><![CDATA[15:41:40.794 [main] INFO sudoku.model.SudokuBoard - Bład w kwadracie 0
sudoku.model.SudokuBoard@479111ba[
  size=9
  solver=sudoku.model.BacktrackingSudokuSolver@57ad1178
  board={{5,4,6,7,9,8,1,2,3},{7,8,3,6,1,2,4,9,5},{9,1,2,3,4,5,6,7,8},{6,5,7,8,2,9,3,4,1},{1,2,4,5,3,6,7,8,9},{8,3,9,1,7,4,5,6,2},{2,6,1,4,5,3,0,0,0},{0,0,0,0,0,0,0,0,0},{0,0,0,0,0,0,0,0,0}}
]
15:41:40.794 [main] INFO sudoku.model.SudokuBoard - Wartość 0 wstawiona nieprawidłowo
15:41:40.795 [main] INFO sudoku.model.SudokuBoard - Bład w kwadracie 0
sudoku.model.SudokuBoard@479111ba[
  size=9
  solver=sudoku.model.BacktrackingSudokuSolver@57ad1178
  board={{5,4,6,7,9,8,1,2,3},{7,8,3,6,1,2,4,9,5},{9,1,2,3,4,5,6,7,8},{6,5,7,8,2,9,3,4,1},{1,2,4,5,3,6,7,8,9},{8,3,9,1,7,4,5,6,2},{2,6,1,4,5,3,0,0,0},{0,0,0,0,0,0,0,0,0},{0,0,0,0,0,0,0,0,0}}
]
15:41:40.795 [main] INFO sudoku.model.SudokuBoard - Wartość 0 wstawiona nieprawidłowo
15:41:40.795 [main] INFO sudoku.model.SudokuBoard - Bład w kwadracie 0
sudoku.model.SudokuBoard@479111ba[
  size=9
  solver=sudoku.model.BacktrackingSudokuSolver@57ad1178
  board={{5,4,6,7,9,8,1,2,3},{7,8,3,6,1,2,4,9,5},{9,1,2,3,4,5,6,7,8},{6,5,7,8,2,9,3,4,1},{1,2,4,5,3,6,7,8,9},{8,3,9,1,7,4,5,6,2},{2,6,1,4,5,0,0,0,0},{0,0,0,0,0,0,0,0,0},{0,0,0,0,0,0,0,0,0}}
]
15:41:40.795 [main] INFO sudoku.model.SudokuBoard - Wartość 0 wstawiona nieprawidłowo
15:41:40.795 [main] INFO sudoku.model.SudokuBoard - Bład w kwadracie 0
sudoku.model.SudokuBoard@479111ba[
  size=9
  solver=sudoku.model.BacktrackingSudokuSolver@57ad1178
  board={{5,4,6,7,9,8,1,2,3},{7,8,3,6,1,2,4,9,5},{9,1,2,3,4,5,6,7,8},{6,5,7,8,2,9,3,4,1},{1,2,4,5,3,6,7,8,9},{8,3,9,1,7,4,5,6,2},{2,6,1,4,5,7,9,0,0},{0,0,0,0,0,0,0,0,0},{0,0,0,0,0,0,0,0,0}}
]
15:41:40.795 [main] INFO sudoku.model.SudokuBoard - Wartość 0 wstawiona nieprawidłowo
15:41:40.795 [main] INFO sudoku.model.SudokuBoard - Bład w kwadracie 0
sudoku.model.SudokuBoard@479111ba[
  size=9
  solver=sudoku.model.BacktrackingSudokuSolver@57ad1178
  board={{5,4,6,7,9,8,1,2,3},{7,8,3,6,1,2,4,9,5},{9,1,2,3,4,5,6,7,8},{6,5,7,8,2,9,3,4,1},{1,2,4,5,3,6,7,8,9},{8,3,9,1,7,4,5,6,2},{2,6,1,4,5,7,0,0,0},{0,0,0,0,0,0,0,0,0},{0,0,0,0,0,0,0,0,0}}
]
15:41:40.795 [main] INFO sudoku.model.SudokuBoard - Wartość 0 wstawiona nieprawidłowo
15:41:40.795 [main] INFO sudoku.model.SudokuBoard - Bład w kwadracie 0
sudoku.model.SudokuBoard@479111ba[
  size=9
  solver=sudoku.model.BacktrackingSudokuSolver@57ad1178
  board={{5,4,6,7,9,8,1,2,3},{7,8,3,6,1,2,4,9,5},{9,1,2,3,4,5,6,7,8},{6,5,7,8,2,9,3,4,1},{1,2,4,5,3,6,7,8,9},{8,3,9,1,7,4,5,6,2},{2,6,1,4,5,7,8,0,0},{0,0,0,0,0,0,0,0,0},{0,0,0,0,0,0,0,0,0}}
]
15:41:40.795 [main] INFO sudoku.model.SudokuBoard - Wartość 0 wstawiona nieprawidłowo
15:41:40.795 [main] INFO sudoku.model.SudokuBoard - Bład w kwadracie 0
sudoku.model.SudokuBoard@479111ba[
  size=9
  solver=sudoku.model.BacktrackingSudokuSolver@57ad1178
  board={{5,4,6,7,9,8,1,2,3},{7,8,3,6,1,2,4,9,5},{9,1,2,3,4,5,6,7,8},{6,5,7,8,2,9,3,4,1},{1,2,4,5,3,6,7,8,9},{8,3,9,1,7,4,5,6,2},{2,6,1,4,5,7,0,0,0},{0,0,0,0,0,0,0,0,0},{0,0,0,0,0,0,0,0,0}}
]
15:41:40.795 [main] INFO sudoku.model.SudokuBoard - Wartość 0 wstawiona nieprawidłowo
15:41:40.795 [main] INFO sudoku.model.SudokuBoard - Bład w kwadracie 0
sudoku.model.SudokuBoard@479111ba[
  size=9
  solver=sudoku.model.BacktrackingSudokuSolver@57ad1178
  board={{5,4,6,7,9,8,1,2,3},{7,8,3,6,1,2,4,9,5},{9,1,2,3,4,5,6,7,8},{6,5,7,8,2,9,3,4,1},{1,2,4,5,3,6,7,8,9},{8,3,9,1,7,4,5,6,2},{2,6,1,4,5,0,0,0,0},{0,0,0,0,0,0,0,0,0},{0,0,0,0,0,0,0,0,0}}
]
15:41:40.795 [main] INFO sudoku.model.SudokuBoard - Wartość 0 wstawiona nieprawidłowo
15:41:40.795 [main] INFO sudoku.model.SudokuBoard - Bład w kwadracie 0
sudoku.model.SudokuBoard@479111ba[
  size=9
  solver=sudoku.model.BacktrackingSudokuSolver@57ad1178
  board={{5,4,6,7,9,8,1,2,3},{7,8,3,6,1,2,4,9,5},{9,1,2,3,4,5,6,7,8},{6,5,7,8,2,9,3,4,1},{1,2,4,5,3,6,7,8,9},{8,3,9,1,7,4,5,6,2},{2,6,1,4,0,0,0,0,0},{0,0,0,0,0,0,0,0,0},{0,0,0,0,0,0,0,0,0}}
]
15:41:40.795 [main] INFO sudoku.model.SudokuBoard - Wartość 0 wstawiona nieprawidłowo
15:41:40.795 [main] INFO sudoku.model.SudokuBoard - Bład w kwadracie 0
sudoku.model.SudokuBoard@479111ba[
  size=9
  solver=sudoku.model.BacktrackingSudokuSolver@57ad1178
  board={{5,4,6,7,9,8,1,2,3},{7,8,3,6,1,2,4,9,5},{9,1,2,3,4,5,6,7,8},{6,5,7,8,2,9,3,4,1},{1,2,4,5,3,6,7,8,9},{8,3,9,1,7,4,5,6,2},{2,6,1,4,8,3,9,5,7},{3,9,8,2,5,0,0,0,0},{0,0,0,0,0,0,0,0,0}}
]
15:41:40.795 [main] INFO sudoku.model.SudokuBoard - Wartość 0 wstawiona nieprawidłowo
15:41:40.795 [main] INFO sudoku.model.SudokuBoard - Bład w kwadracie 0
sudoku.model.SudokuBoard@479111ba[
  size=9
  solver=sudoku.model.BacktrackingSudokuSolver@57ad1178
  board={{5,4,6,7,9,8,1,2,3},{7,8,3,6,1,2,4,9,5},{9,1,2,3,4,5,6,7,8},{6,5,7,8,2,9,3,4,1},{1,2,4,5,3,6,7,8,9},{8,3,9,1,7,4,5,6,2},{2,6,1,4,8,3,9,5,7},{3,9,8,2,5,0,0,0,0},{0,0,0,0,0,0,0,0,0}}
]
15:41:40.795 [main] INFO sudoku.model.SudokuBoard - Wartość 0 wstawiona nieprawidłowo
15:41:40.795 [main] INFO sudoku.model.SudokuBoard - Bład w kwadracie 0
sudoku.model.SudokuBoard@479111ba[
  size=9
  solver=sudoku.model.BacktrackingSudokuSolver@57ad1178
  board={{5,4,6,7,9,8,1,2,3},{7,8,3,6,1,2,4,9,5},{9,1,2,3,4,5,6,7,8},{6,5,7,8,2,9,3,4,1},{1,2,4,5,3,6,7,8,9},{8,3,9,1,7,4,5,6,2},{2,6,1,4,8,3,9,5,7},{3,9,8,2,0,0,0,0,0},{0,0,0,0,0,0,0,0,0}}
]
15:41:40.795 [main] INFO sudoku.model.SudokuBoard - Wartość 0 wstawiona nieprawidłowo
15:41:40.796 [main] INFO sudoku.model.SudokuBoard - Bład w kwadracie 0
sudoku.model.SudokuBoard@479111ba[
  size=9
  solver=sudoku.model.BacktrackingSudokuSolver@57ad1178
  board={{5,4,6,7,9,8,1,2,3},{7,8,3,6,1,2,4,9,5},{9,1,2,3,4,5,6,7,8},{6,5,7,8,2,9,3,4,1},{1,2,4,5,3,6,7,8,9},{8,3,9,1,7,4,5,6,2},{2,6,1,4,8,3,9,5,7},{3,9,8,2,6,0,0,0,0},{0,0,0,0,0,0,0,0,0}}
]
15:41:40.796 [main] INFO sudoku.model.SudokuBoard - Wartość 0 wstawiona nieprawidłowo
15:41:40.796 [main] INFO sudoku.model.SudokuBoard - Bład w kwadracie 0
sudoku.model.SudokuBoard@479111ba[
  size=9
  solver=sudoku.model.BacktrackingSudokuSolver@57ad1178
  board={{5,4,6,7,9,8,1,2,3},{7,8,3,6,1,2,4,9,5},{9,1,2,3,4,5,6,7,8},{6,5,7,8,2,9,3,4,1},{1,2,4,5,3,6,7,8,9},{8,3,9,1,7,4,5,6,2},{2,6,1,4,8,3,9,5,7},{3,9,8,2,6,0,0,0,0},{0,0,0,0,0,0,0,0,0}}
]
15:41:40.796 [main] INFO sudoku.model.SudokuBoard - Wartość 0 wstawiona nieprawidłowo
15:41:40.796 [main] INFO sudoku.model.SudokuBoard - Bład w kwadracie 0
sudoku.model.SudokuBoard@479111ba[
  size=9
  solver=sudoku.model.BacktrackingSudokuSolver@57ad1178
  board={{5,4,6,7,9,8,1,2,3},{7,8,3,6,1,2,4,9,5},{9,1,2,3,4,5,6,7,8},{6,5,7,8,2,9,3,4,1},{1,2,4,5,3,6,7,8,9},{8,3,9,1,7,4,5,6,2},{2,6,1,4,8,3,9,5,7},{3,9,8,2,0,0,0,0,0},{0,0,0,0,0,0,0,0,0}}
]
15:41:40.796 [main] INFO sudoku.model.SudokuBoard - Wartość 0 wstawiona nieprawidłowo
15:41:40.796 [main] INFO sudoku.model.SudokuBoard - Bład w kwadracie 0
sudoku.model.SudokuBoard@479111ba[
  size=9
  solver=sudoku.model.BacktrackingSudokuSolver@57ad1178
  board={{5,4,6,7,9,8,1,2,3},{7,8,3,6,1,2,4,9,5},{9,1,2,3,4,5,6,7,8},{6,5,7,8,2,9,3,4,1},{1,2,4,5,3,6,7,8,9},{8,3,9,1,7,4,5,6,2},{2,6,1,4,8,3,9,5,7},{3,9,8,0,0,0,0,0,0},{0,0,0,0,0,0,0,0,0}}
]
15:41:40.796 [main] INFO sudoku.model.SudokuBoard - Wartość 0 wstawiona nieprawidłowo
15:41:40.796 [main] INFO sudoku.model.SudokuBoard - Bład w kwadracie 0
sudoku.model.SudokuBoard@479111ba[
  size=9
  solver=sudoku.model.BacktrackingSudokuSolver@57ad1178
  board={{5,4,6,7,9,8,1,2,3},{7,8,3,6,1,2,4,9,5},{9,1,2,3,4,5,6,7,8},{6,5,7,8,2,9,3,4,1},{1,2,4,5,3,6,7,8,9},{8,3,9,1,7,4,5,6,2},{2,6,1,4,8,3,9,5,7},{3,9,0,0,0,0,0,0,0},{0,0,0,0,0,0,0,0,0}}
]
15:41:40.796 [main] INFO sudoku.model.SudokuBoard - Wartość 0 wstawiona nieprawidłowo
15:41:40.796 [main] INFO sudoku.model.SudokuBoard - Bład w kwadracie 0
sudoku.model.SudokuBoard@479111ba[
  size=9
  solver=sudoku.model.BacktrackingSudokuSolver@57ad1178
  board={{0,4,6,7,9,8,1,2,3},{7,8,3,6,1,2,4,9,5},{9,1,2,3,4,5,6,7,8},{6,5,7,8,2,9,3,4,1},{1,2,4,5,3,6,7,8,9},{8,3,9,1,7,4,5,6,2},{2,6,1,4,8,3,9,5,7},{3,9,5,2,6,7,8,1,4},{4,7,8,9,5,1,2,3,6}}
]
15:41:40.796 [main] INFO sudoku.model.SudokuBoard - Wartość 0 wstawiona nieprawidłowo
]]></system-out>
  </testcase>
</testsuite>