<?xml version="1.0" encoding="UTF-8"?>
<testsuite xmlns:xsi="http://www.w3.org/2001/XMLSchema-instance" xsi:noNamespaceSchemaLocation="https://maven.apache.org/surefire/maven-surefire-plugin/xsd/surefire-test-report-3.0.xsd" version="3.0" name="sudoku.model.SeriesTest" time="0.65" tests="5" errors="0" skipped="0" failures="0">
  <properties>
    <property name="java.specification.version" value="14"/>
    <property name="sun.cpu.isalist" value="amd64"/>
    <property name="sun.jnu.encoding" value="Cp1250"/>
    <property name="java.class.path" value="E:\studia\Sem-3\Programowanie komponentowe (07 72 3060 19)_pliki\ProjektKompo\an_pn_1145_03\Model\target\test-classes;C:\Users\maldo\.m2\repository\org\junit\jupiter\junit-jupiter-engine\5.6.2\junit-jupiter-engine-5.6.2.jar;C:\Users\maldo\.m2\repository\org\apiguardian\apiguardian-api\1.1.0\apiguardian-api-1.1.0.jar;C:\Users\maldo\.m2\repository\org\junit\platform\junit-platform-engine\1.6.2\junit-platform-engine-1.6.2.jar;C:\Users\maldo\.m2\repository\org\opentest4j\opentest4j\1.2.0\opentest4j-1.2.0.jar;C:\Users\maldo\.m2\repository\org\junit\platform\junit-platform-commons\1.6.2\junit-platform-commons-1.6.2.jar;C:\Users\maldo\.m2\repository\org\junit\jupiter\junit-jupiter-api\5.6.2\junit-jupiter-api-5.6.2.jar;C:\Users\maldo\.m2\repository\org\apache\logging\log4j\log4j-api\2.7\log4j-api-2.7.jar;C:\Users\maldo\.m2\repository\org\apache\logging\log4j\log4j-core\2.7\log4j-core-2.7.jar;C:\Users\maldo\.m2\repository\org\apache\logging\log4j\log4j-slf4j-impl\2.7\log4j-slf4j-impl-2.7.jar;C:\Users\maldo\.m2\repository\org\openjfx\javafx-controls\13\javafx-controls-13.jar;C:\Users\maldo\.m2\repository\org\openjfx\javafx-controls\13\javafx-controls-13-win.jar;C:\Users\maldo\.m2\repository\org\openjfx\javafx-graphics\13\javafx-graphics-13.jar;C:\Users\maldo\.m2\repository\org\openjfx\javafx-graphics\13\javafx-graphics-13-win.jar;C:\Users\maldo\.m2\repository\org\openjfx\javafx-base\13\javafx-base-13.jar;C:\Users\maldo\.m2\repository\org\openjfx\javafx-fxml\13\javafx-fxml-13.jar;C:\Users\maldo\.m2\repository\org\openjfx\javafx-fxml\13\javafx-fxml-13-win.jar;"/>
    <property name="java.vm.vendor" value="Oracle Corporation"/>
    <property name="sun.arch.data.model" value="64"/>
    <property name="user.variant" value=""/>
    <property name="java.vendor.url" value="https://java.oracle.com/"/>
    <property name="user.timezone" value="Europe/Warsaw"/>
    <property name="os.name" value="Windows 10"/>
    <property name="java.vm.specification.version" value="14"/>
    <property name="sun.java.launcher" value="SUN_STANDARD"/>
    <property name="user.country" value="PL"/>
    <property name="sun.boot.library.path" value="C:\Program Files\Java\jdk-14.0.2\bin"/>
    <property name="sun.java.command" value="org.apache.maven.surefire.booter.ForkedBooter C:\Users\maldo\AppData\Local\Temp\surefire5211077315331427388 2021-01-22T13-16-47_239-jvmRun1 surefire13811956982792174622tmp surefire_02222479295765617022tmp"/>
    <property name="jdk.debug" value="release"/>
    <property name="surefire.test.class.path" value="E:\studia\Sem-3\Programowanie komponentowe (07 72 3060 19)_pliki\ProjektKompo\an_pn_1145_03\Model\target\test-classes;C:\Users\maldo\.m2\repository\org\junit\jupiter\junit-jupiter-engine\5.6.2\junit-jupiter-engine-5.6.2.jar;C:\Users\maldo\.m2\repository\org\apiguardian\apiguardian-api\1.1.0\apiguardian-api-1.1.0.jar;C:\Users\maldo\.m2\repository\org\junit\platform\junit-platform-engine\1.6.2\junit-platform-engine-1.6.2.jar;C:\Users\maldo\.m2\repository\org\opentest4j\opentest4j\1.2.0\opentest4j-1.2.0.jar;C:\Users\maldo\.m2\repository\org\junit\platform\junit-platform-commons\1.6.2\junit-platform-commons-1.6.2.jar;C:\Users\maldo\.m2\repository\org\junit\jupiter\junit-jupiter-api\5.6.2\junit-jupiter-api-5.6.2.jar;C:\Users\maldo\.m2\repository\org\apache\logging\log4j\log4j-api\2.7\log4j-api-2.7.jar;C:\Users\maldo\.m2\repository\org\apache\logging\log4j\log4j-core\2.7\log4j-core-2.7.jar;C:\Users\maldo\.m2\repository\org\apache\logging\log4j\log4j-slf4j-impl\2.7\log4j-slf4j-impl-2.7.jar;C:\Users\maldo\.m2\repository\org\openjfx\javafx-controls\13\javafx-controls-13.jar;C:\Users\maldo\.m2\repository\org\openjfx\javafx-controls\13\javafx-controls-13-win.jar;C:\Users\maldo\.m2\repository\org\openjfx\javafx-graphics\13\javafx-graphics-13.jar;C:\Users\maldo\.m2\repository\org\openjfx\javafx-graphics\13\javafx-graphics-13-win.jar;C:\Users\maldo\.m2\repository\org\openjfx\javafx-base\13\javafx-base-13.jar;C:\Users\maldo\.m2\repository\org\openjfx\javafx-fxml\13\javafx-fxml-13.jar;C:\Users\maldo\.m2\repository\org\openjfx\javafx-fxml\13\javafx-fxml-13-win.jar;"/>
    <property name="sun.cpu.endian" value="little"/>
    <property name="user.home" value="C:\Users\maldo"/>
    <property name="user.language" value="pl"/>
    <property name="java.specification.vendor" value="Oracle Corporation"/>
    <property name="jdk.module.path" value="E:\studia\Sem-3\Programowanie komponentowe (07 72 3060 19)_pliki\ProjektKompo\an_pn_1145_03\Model\target\classes;C:\Users\maldo\.m2\repository\org\apache\commons\commons-lang3\3.11\commons-lang3-3.11.jar;C:\Users\maldo\.m2\repository\org\slf4j\slf4j-api\1.7.30\slf4j-api-1.7.30.jar;C:\Users\maldo\.m2\repository\org\openjfx\javafx-base\13\javafx-base-13-win.jar"/>
    <property name="java.version.date" value="2020-07-14"/>
    <property name="java.home" value="C:\Program Files\Java\jdk-14.0.2"/>
    <property name="file.separator" value="\"/>
    <property name="basedir" value="E:\studia\Sem-3\Programowanie komponentowe (07 72 3060 19)_pliki\ProjektKompo\an_pn_1145_03\Model"/>
    <property name="java.vm.compressedOopsMode" value="Zero based"/>
    <property name="line.separator" value="&#10;"/>
    <property name="java.vm.specification.vendor" value="Oracle Corporation"/>
    <property name="java.specification.name" value="Java Platform API Specification"/>
    <property name="surefire.real.class.path" value="C:\Users\maldo\.m2\repository\org\apache\maven\surefire\surefire-booter\3.0.0-M5\surefire-booter-3.0.0-M5.jar;C:\Users\maldo\.m2\repository\org\apache\maven\surefire\surefire-api\3.0.0-M5\surefire-api-3.0.0-M5.jar;C:\Users\maldo\.m2\repository\org\apache\maven\surefire\surefire-logger-api\3.0.0-M5\surefire-logger-api-3.0.0-M5.jar;C:\Users\maldo\.m2\repository\org\apache\maven\surefire\surefire-shared-utils\3.0.0-M4\surefire-shared-utils-3.0.0-M4.jar;C:\Users\maldo\.m2\repository\org\apache\maven\surefire\surefire-extensions-spi\3.0.0-M5\surefire-extensions-spi-3.0.0-M5.jar;E:\studia\Sem-3\Programowanie komponentowe (07 72 3060 19)_pliki\ProjektKompo\an_pn_1145_03\Model\target\test-classes;C:\Users\maldo\.m2\repository\org\junit\jupiter\junit-jupiter-engine\5.6.2\junit-jupiter-engine-5.6.2.jar;C:\Users\maldo\.m2\repository\org\apiguardian\apiguardian-api\1.1.0\apiguardian-api-1.1.0.jar;C:\Users\maldo\.m2\repository\org\junit\platform\junit-platform-engine\1.6.2\junit-platform-engine-1.6.2.jar;C:\Users\maldo\.m2\repository\org\opentest4j\opentest4j\1.2.0\opentest4j-1.2.0.jar;C:\Users\maldo\.m2\repository\org\junit\platform\junit-platform-commons\1.6.2\junit-platform-commons-1.6.2.jar;C:\Users\maldo\.m2\repository\org\junit\jupiter\junit-jupiter-api\5.6.2\junit-jupiter-api-5.6.2.jar;C:\Users\maldo\.m2\repository\org\apache\logging\log4j\log4j-api\2.7\log4j-api-2.7.jar;C:\Users\maldo\.m2\repository\org\apache\logging\log4j\log4j-core\2.7\log4j-core-2.7.jar;C:\Users\maldo\.m2\repository\org\apache\logging\log4j\log4j-slf4j-impl\2.7\log4j-slf4j-impl-2.7.jar;C:\Users\maldo\.m2\repository\org\openjfx\javafx-controls\13\javafx-controls-13.jar;C:\Users\maldo\.m2\repository\org\openjfx\javafx-controls\13\javafx-controls-13-win.jar;C:\Users\maldo\.m2\repository\org\openjfx\javafx-graphics\13\javafx-graphics-13.jar;C:\Users\maldo\.m2\repository\org\openjfx\javafx-graphics\13\javafx-graphics-13-win.jar;C:\Users\maldo\.m2\repository\org\openjfx\javafx-base\13\javafx-base-13.jar;C:\Users\maldo\.m2\repository\org\openjfx\javafx-fxml\13\javafx-fxml-13.jar;C:\Users\maldo\.m2\repository\org\openjfx\javafx-fxml\13\javafx-fxml-13-win.jar;C:\Users\maldo\.m2\repository\org\apache\maven\surefire\surefire-junit-platform\3.0.0-M5\surefire-junit-platform-3.0.0-M5.jar;C:\Users\maldo\.m2\repository\org\apache\maven\surefire\common-java5\3.0.0-M5\common-java5-3.0.0-M5.jar;C:\Users\maldo\.m2\repository\org\junit\platform\junit-platform-launcher\1.6.2\junit-platform-launcher-1.6.2.jar"/>
    <property name="user.script" value=""/>
    <property name="sun.management.compiler" value="HotSpot 64-Bit Tiered Compilers"/>
    <property name="java.runtime.version" value="14.0.2+12-46"/>
    <property name="user.name" value="maldo"/>
    <property name="path.separator" value=";"/>
    <property name="os.version" value="10.0"/>
    <property name="java.runtime.name" value="Java(TM) SE Runtime Environment"/>
    <property name="file.encoding" value="Cp1250"/>
    <property name="java.vm.name" value="Java HotSpot(TM) 64-Bit Server VM"/>
    <property name="localRepository" value="C:\Users\maldo\.m2\repository"/>
    <property name="java.vendor.url.bug" value="https://bugreport.java.com/bugreport/"/>
    <property name="java.io.tmpdir" value="C:\Users\maldo\AppData\Local\Temp\"/>
    <property name="idea.version" value="2020.2.3"/>
    <property name="java.version" value="14.0.2"/>
    <property name="user.dir" value="E:\studia\Sem-3\Programowanie komponentowe (07 72 3060 19)_pliki\ProjektKompo\an_pn_1145_03\Model"/>
    <property name="os.arch" value="amd64"/>
    <property name="java.vm.specification.name" value="Java Virtual Machine Specification"/>
    <property name="sun.os.patch.level" value=""/>
    <property name="java.library.path" value="C:\Program Files\Java\jdk-14.0.2\bin;C:\WINDOWS\Sun\Java\bin;C:\WINDOWS\system32;C:\WINDOWS;C:\Program Files (x86)\Razer Chroma SDK\bin;C:\Program Files\Razer Chroma SDK\bin;C:\Python\Scripts\;C:\Python\;C:\Program Files (x86)\Intel\iCLS Client\;C:\Program Files\Intel\iCLS Client\;C:\Windows\system32;C:\Windows;C:\Windows\System32\Wbem;C:\Windows\System32\WindowsPowerShell\v1.0\;C:\Windows\System32\OpenSSH\;C:\Program Files (x86)\NVIDIA Corporation\PhysX\Common;C:\Program Files (x86)\Intel\Intel(R) Management Engine Components\DAL;C:\Program Files\Intel\Intel(R) Management Engine Components\DAL;C:\Program Files (x86)\Intel\Intel(R) Management Engine Components\IPT;C:\Program Files\Intel\Intel(R) Management Engine Components\IPT;C:\Program Files\Intel\WiFi\bin\;C:\Program Files\Common Files\Intel\WirelessCommon\;C:\Program Files (x86)\Windows Kits\8.1\Windows Performance Toolkit\;C:\Users\maldo\AppData\Local\Microsoft\WindowsApps;C:\Program Files\NVIDIA Corporation\NVIDIA NvDLISR;C:\Program Files (x86)\MKVToolNix;C:\WINDOWS\system32;C:\WINDOWS;C:\WINDOWS\System32\Wbem;C:\WINDOWS\System32\WindowsPowerShell\v1.0\;C:\WINDOWS\System32\OpenSSH\;E:\studia\Sem-3\Programowanie komponentowe (07 72 3060 19)_pliki\apache-maven-3.6.3\bin;C:\msys64\usr\bin;C:\Program Files\Java\jdk-14.0.2\bin;C:\Program Files (x86)\Calibre2\;C:\Users\maldo\AppData\Local\Microsoft\WindowsApps;C:\Program Files\Intel\WiFi\bin\;C:\Program Files\Common Files\Intel\WirelessCommon\;C:\Program Files\JetBrains\CLion 2019.3.3\bin;;C:\Users\maldo\AppData\Local\Programs\Microsoft VS Code\bin;C:\Users\maldo\AppData\Local\GitHubDesktop\bin;."/>
    <property name="java.vm.info" value="mixed mode"/>
    <property name="java.vendor" value="Oracle Corporation"/>
    <property name="java.vm.version" value="14.0.2+12-46"/>
    <property name="sun.io.unicode.encoding" value="UnicodeLittle"/>
    <property name="java.class.version" value="58.0"/>
  </properties>
  <testcase name="testEqualsDiffrent" classname="sudoku.model.SeriesTest" time="0.364">
    <system-out><![CDATA[13:16:51.011 INFO  [main] SudokuBoard - Bład w kwadracie 0
sudoku.model.SudokuBoard@599fab92[
  size=9
  solver=sudoku.model.BacktrackingSudokuSolver@439054a7
  board={{5,4,3,6,7,8,2,1,9},{6,9,7,1,2,3,8,4,5},{8,2,1,9,5,4,3,7,6},{1,5,6,7,8,9,4,2,3},{4,3,2,5,6,1,9,8,7},{7,8,9,2,0,0,0,0,0},{0,0,0,0,0,0,0,0,0},{0,0,0,0,0,0,0,0,0},{0,0,0,0,0,0,0,0,0}}
]
13:16:51.012 INFO  [main] SudokuBoard - Wartość 0 wstawiona nieprawidłowo
13:16:51.013 INFO  [main] SudokuBoard - Bład w kwadracie 0
sudoku.model.SudokuBoard@599fab92[
  size=9
  solver=sudoku.model.BacktrackingSudokuSolver@439054a7
  board={{5,4,3,6,7,8,2,1,9},{6,9,7,1,2,3,8,4,5},{8,2,1,9,5,4,3,7,6},{1,5,6,7,8,9,4,2,3},{4,3,2,5,6,1,9,8,7},{7,8,9,2,0,0,0,0,0},{0,0,0,0,0,0,0,0,0},{0,0,0,0,0,0,0,0,0},{0,0,0,0,0,0,0,0,0}}
]
13:16:51.015 INFO  [main] SudokuBoard - Wartość 0 wstawiona nieprawidłowo
13:16:51.017 INFO  [main] SudokuBoard - Bład w kwadracie 0
sudoku.model.SudokuBoard@599fab92[
  size=9
  solver=sudoku.model.BacktrackingSudokuSolver@439054a7
  board={{5,4,3,6,7,8,2,1,9},{6,9,7,1,2,3,8,4,5},{8,2,1,9,5,4,3,7,6},{1,5,6,7,8,9,4,2,3},{4,3,2,5,6,1,9,8,7},{7,8,9,0,0,0,0,0,0},{0,0,0,0,0,0,0,0,0},{0,0,0,0,0,0,0,0,0},{0,0,0,0,0,0,0,0,0}}
]
13:16:51.017 INFO  [main] SudokuBoard - Wartość 0 wstawiona nieprawidłowo
13:16:51.027 INFO  [main] SudokuBoard - Bład w kwadracie 0
sudoku.model.SudokuBoard@599fab92[
  size=9
  solver=sudoku.model.BacktrackingSudokuSolver@439054a7
  board={{5,4,3,6,7,8,2,1,9},{6,9,7,1,2,3,8,4,5},{8,2,1,9,5,4,3,7,6},{1,5,6,7,8,9,4,2,3},{4,3,2,5,6,1,9,8,7},{7,8,9,3,4,2,5,6,1},{9,1,4,8,3,5,0,0,0},{0,0,0,0,0,0,0,0,0},{0,0,0,0,0,0,0,0,0}}
]
13:16:51.028 INFO  [main] SudokuBoard - Wartość 0 wstawiona nieprawidłowo
13:16:51.032 INFO  [main] SudokuBoard - Bład w kwadracie 0
sudoku.model.SudokuBoard@599fab92[
  size=9
  solver=sudoku.model.BacktrackingSudokuSolver@439054a7
  board={{5,4,3,6,7,8,2,1,9},{6,9,7,1,2,3,8,4,5},{8,2,1,9,5,4,3,7,6},{1,5,6,7,8,9,4,2,3},{4,3,2,5,6,1,9,8,7},{7,8,9,3,4,2,5,6,1},{9,1,4,8,3,5,0,0,0},{0,0,0,0,0,0,0,0,0},{0,0,0,0,0,0,0,0,0}}
]
13:16:51.032 INFO  [main] SudokuBoard - Wartość 0 wstawiona nieprawidłowo
13:16:51.033 INFO  [main] SudokuBoard - Bład w kwadracie 0
sudoku.model.SudokuBoard@599fab92[
  size=9
  solver=sudoku.model.BacktrackingSudokuSolver@439054a7
  board={{5,4,3,6,7,8,2,1,9},{6,9,7,1,2,3,8,4,5},{8,2,1,9,5,4,3,7,6},{1,5,6,7,8,9,4,2,3},{4,3,2,5,6,1,9,8,7},{7,8,9,3,4,2,5,6,1},{9,1,4,8,3,0,0,0,0},{0,0,0,0,0,0,0,0,0},{0,0,0,0,0,0,0,0,0}}
]
13:16:51.033 INFO  [main] SudokuBoard - Wartość 0 wstawiona nieprawidłowo
13:16:51.038 INFO  [main] SudokuBoard - Bład w kwadracie 0
sudoku.model.SudokuBoard@4fc1eee5[
  size=9
  solver=sudoku.model.BacktrackingSudokuSolver@120661d2
  board={{2,3,4,8,9,1,5,6,7},{8,5,1,2,6,3,4,0,0},{0,0,0,0,0,0,0,0,0},{0,0,0,0,0,0,0,0,0},{0,0,0,0,0,0,0,0,0},{0,0,0,0,0,0,0,0,0},{0,0,0,0,0,0,0,0,0},{0,0,0,0,0,0,0,0,0},{0,0,0,0,0,0,0,0,0}}
]
13:16:51.039 INFO  [main] SudokuBoard - Wartość 0 wstawiona nieprawidłowo
13:16:51.040 INFO  [main] SudokuBoard - Bład w kwadracie 0
sudoku.model.SudokuBoard@4fc1eee5[
  size=9
  solver=sudoku.model.BacktrackingSudokuSolver@120661d2
  board={{2,3,4,8,9,1,5,6,7},{8,5,1,2,6,3,0,0,0},{0,0,0,0,0,0,0,0,0},{0,0,0,0,0,0,0,0,0},{0,0,0,0,0,0,0,0,0},{0,0,0,0,0,0,0,0,0},{0,0,0,0,0,0,0,0,0},{0,0,0,0,0,0,0,0,0},{0,0,0,0,0,0,0,0,0}}
]
13:16:51.042 INFO  [main] SudokuBoard - Wartość 0 wstawiona nieprawidłowo
13:16:51.046 INFO  [main] SudokuBoard - Bład w kwadracie 0
sudoku.model.SudokuBoard@4fc1eee5[
  size=9
  solver=sudoku.model.BacktrackingSudokuSolver@120661d2
  board={{2,3,4,8,9,1,5,6,7},{8,5,1,2,6,3,9,0,0},{0,0,0,0,0,0,0,0,0},{0,0,0,0,0,0,0,0,0},{0,0,0,0,0,0,0,0,0},{0,0,0,0,0,0,0,0,0},{0,0,0,0,0,0,0,0,0},{0,0,0,0,0,0,0,0,0},{0,0,0,0,0,0,0,0,0}}
]
13:16:51.046 INFO  [main] SudokuBoard - Wartość 0 wstawiona nieprawidłowo
13:16:51.047 INFO  [main] SudokuBoard - Bład w kwadracie 0
sudoku.model.SudokuBoard@4fc1eee5[
  size=9
  solver=sudoku.model.BacktrackingSudokuSolver@120661d2
  board={{2,3,4,8,9,1,5,6,7},{8,5,1,2,6,3,0,0,0},{0,0,0,0,0,0,0,0,0},{0,0,0,0,0,0,0,0,0},{0,0,0,0,0,0,0,0,0},{0,0,0,0,0,0,0,0,0},{0,0,0,0,0,0,0,0,0},{0,0,0,0,0,0,0,0,0},{0,0,0,0,0,0,0,0,0}}
]
13:16:51.047 INFO  [main] SudokuBoard - Wartość 0 wstawiona nieprawidłowo
13:16:51.048 INFO  [main] SudokuBoard - Bład w kwadracie 0
sudoku.model.SudokuBoard@4fc1eee5[
  size=9
  solver=sudoku.model.BacktrackingSudokuSolver@120661d2
  board={{2,3,4,8,9,1,5,6,7},{8,5,1,2,6,0,0,0,0},{0,0,0,0,0,0,0,0,0},{0,0,0,0,0,0,0,0,0},{0,0,0,0,0,0,0,0,0},{0,0,0,0,0,0,0,0,0},{0,0,0,0,0,0,0,0,0},{0,0,0,0,0,0,0,0,0},{0,0,0,0,0,0,0,0,0}}
]
13:16:51.048 INFO  [main] SudokuBoard - Wartość 0 wstawiona nieprawidłowo
13:16:51.048 INFO  [main] SudokuBoard - Bład w kwadracie 0
sudoku.model.SudokuBoard@4fc1eee5[
  size=9
  solver=sudoku.model.BacktrackingSudokuSolver@120661d2
  board={{2,3,4,8,9,1,5,6,7},{8,5,1,2,6,4,3,0,0},{0,0,0,0,0,0,0,0,0},{0,0,0,0,0,0,0,0,0},{0,0,0,0,0,0,0,0,0},{0,0,0,0,0,0,0,0,0},{0,0,0,0,0,0,0,0,0},{0,0,0,0,0,0,0,0,0},{0,0,0,0,0,0,0,0,0}}
]
13:16:51.048 INFO  [main] SudokuBoard - Wartość 0 wstawiona nieprawidłowo
13:16:51.049 INFO  [main] SudokuBoard - Bład w kwadracie 0
sudoku.model.SudokuBoard@4fc1eee5[
  size=9
  solver=sudoku.model.BacktrackingSudokuSolver@120661d2
  board={{2,3,4,8,9,1,5,6,7},{8,5,1,2,6,4,0,0,0},{0,0,0,0,0,0,0,0,0},{0,0,0,0,0,0,0,0,0},{0,0,0,0,0,0,0,0,0},{0,0,0,0,0,0,0,0,0},{0,0,0,0,0,0,0,0,0},{0,0,0,0,0,0,0,0,0},{0,0,0,0,0,0,0,0,0}}
]
13:16:51.049 INFO  [main] SudokuBoard - Wartość 0 wstawiona nieprawidłowo
13:16:51.050 INFO  [main] SudokuBoard - Bład w kwadracie 0
sudoku.model.SudokuBoard@4fc1eee5[
  size=9
  solver=sudoku.model.BacktrackingSudokuSolver@120661d2
  board={{2,3,4,8,9,1,5,6,7},{8,5,1,2,6,4,9,0,0},{0,0,0,0,0,0,0,0,0},{0,0,0,0,0,0,0,0,0},{0,0,0,0,0,0,0,0,0},{0,0,0,0,0,0,0,0,0},{0,0,0,0,0,0,0,0,0},{0,0,0,0,0,0,0,0,0},{0,0,0,0,0,0,0,0,0}}
]
13:16:51.050 INFO  [main] SudokuBoard - Wartość 0 wstawiona nieprawidłowo
13:16:51.050 INFO  [main] SudokuBoard - Bład w kwadracie 0
sudoku.model.SudokuBoard@4fc1eee5[
  size=9
  solver=sudoku.model.BacktrackingSudokuSolver@120661d2
  board={{2,3,4,8,9,1,5,6,7},{8,5,1,2,6,4,0,0,0},{0,0,0,0,0,0,0,0,0},{0,0,0,0,0,0,0,0,0},{0,0,0,0,0,0,0,0,0},{0,0,0,0,0,0,0,0,0},{0,0,0,0,0,0,0,0,0},{0,0,0,0,0,0,0,0,0},{0,0,0,0,0,0,0,0,0}}
]
13:16:51.060 INFO  [main] SudokuBoard - Wartość 0 wstawiona nieprawidłowo
13:16:51.061 INFO  [main] SudokuBoard - Bład w kwadracie 0
sudoku.model.SudokuBoard@4fc1eee5[
  size=9
  solver=sudoku.model.BacktrackingSudokuSolver@120661d2
  board={{2,3,4,8,9,1,5,6,7},{8,5,1,2,6,0,0,0,0},{0,0,0,0,0,0,0,0,0},{0,0,0,0,0,0,0,0,0},{0,0,0,0,0,0,0,0,0},{0,0,0,0,0,0,0,0,0},{0,0,0,0,0,0,0,0,0},{0,0,0,0,0,0,0,0,0},{0,0,0,0,0,0,0,0,0}}
]
13:16:51.062 INFO  [main] SudokuBoard - Wartość 0 wstawiona nieprawidłowo
13:16:51.065 INFO  [main] SudokuBoard - Bład w kwadracie 0
sudoku.model.SudokuBoard@4fc1eee5[
  size=9
  solver=sudoku.model.BacktrackingSudokuSolver@120661d2
  board={{2,3,4,8,9,1,5,6,7},{8,5,1,2,6,7,3,4,9},{9,6,7,3,4,5,2,8,1},{1,7,5,4,2,8,6,0,0},{0,0,0,0,0,0,0,0,0},{0,0,0,0,0,0,0,0,0},{0,0,0,0,0,0,0,0,0},{0,0,0,0,0,0,0,0,0},{0,0,0,0,0,0,0,0,0}}
]
13:16:51.066 INFO  [main] SudokuBoard - Wartość 0 wstawiona nieprawidłowo
13:16:51.067 INFO  [main] SudokuBoard - Bład w kwadracie 0
sudoku.model.SudokuBoard@4fc1eee5[
  size=9
  solver=sudoku.model.BacktrackingSudokuSolver@120661d2
  board={{2,3,4,8,9,1,5,6,7},{8,5,1,2,6,7,3,4,9},{9,6,7,3,4,5,2,8,1},{1,7,5,4,2,8,6,9,3},{4,2,8,9,7,3,1,0,0},{0,0,0,0,0,0,0,0,0},{0,0,0,0,0,0,0,0,0},{0,0,0,0,0,0,0,0,0},{0,0,0,0,0,0,0,0,0}}
]
13:16:51.068 INFO  [main] SudokuBoard - Wartość 0 wstawiona nieprawidłowo
13:16:51.069 INFO  [main] SudokuBoard - Bład w kwadracie 0
sudoku.model.SudokuBoard@4fc1eee5[
  size=9
  solver=sudoku.model.BacktrackingSudokuSolver@120661d2
  board={{2,3,4,8,9,1,5,6,7},{8,5,1,2,6,7,3,4,9},{9,6,7,3,4,5,2,8,1},{1,7,5,4,2,8,6,9,3},{4,2,8,9,7,3,0,0,0},{0,0,0,0,0,0,0,0,0},{0,0,0,0,0,0,0,0,0},{0,0,0,0,0,0,0,0,0},{0,0,0,0,0,0,0,0,0}}
]
13:16:51.070 INFO  [main] SudokuBoard - Wartość 0 wstawiona nieprawidłowo
13:16:51.073 INFO  [main] SudokuBoard - Bład w kwadracie 0
sudoku.model.SudokuBoard@4fc1eee5[
  size=9
  solver=sudoku.model.BacktrackingSudokuSolver@120661d2
  board={{2,3,4,8,9,1,5,6,7},{8,5,1,2,6,7,3,4,9},{9,6,7,3,4,5,2,8,1},{1,7,5,4,2,8,6,9,3},{4,2,8,9,7,0,0,0,0},{0,0,0,0,0,0,0,0,0},{0,0,0,0,0,0,0,0,0},{0,0,0,0,0,0,0,0,0},{0,0,0,0,0,0,0,0,0}}
]
13:16:51.074 INFO  [main] SudokuBoard - Wartość 0 wstawiona nieprawidłowo
13:16:51.076 INFO  [main] SudokuBoard - Bład w kwadracie 0
sudoku.model.SudokuBoard@4fc1eee5[
  size=9
  solver=sudoku.model.BacktrackingSudokuSolver@120661d2
  board={{2,3,4,8,9,1,5,6,7},{8,5,1,2,6,7,3,4,9},{9,6,7,3,4,5,2,8,1},{1,7,5,4,2,8,6,9,3},{4,2,8,9,7,6,1,0,0},{0,0,0,0,0,0,0,0,0},{0,0,0,0,0,0,0,0,0},{0,0,0,0,0,0,0,0,0},{0,0,0,0,0,0,0,0,0}}
]
13:16:51.076 INFO  [main] SudokuBoard - Wartość 0 wstawiona nieprawidłowo
13:16:51.078 INFO  [main] SudokuBoard - Bład w kwadracie 0
sudoku.model.SudokuBoard@4fc1eee5[
  size=9
  solver=sudoku.model.BacktrackingSudokuSolver@120661d2
  board={{2,3,4,8,9,1,5,6,7},{8,5,1,2,6,7,3,4,9},{9,6,7,3,4,5,2,8,1},{1,7,5,4,2,8,6,9,3},{4,2,8,9,7,6,0,0,0},{0,0,0,0,0,0,0,0,0},{0,0,0,0,0,0,0,0,0},{0,0,0,0,0,0,0,0,0},{0,0,0,0,0,0,0,0,0}}
]
13:16:51.079 INFO  [main] SudokuBoard - Wartość 0 wstawiona nieprawidłowo
13:16:51.081 INFO  [main] SudokuBoard - Bład w kwadracie 0
sudoku.model.SudokuBoard@4fc1eee5[
  size=9
  solver=sudoku.model.BacktrackingSudokuSolver@120661d2
  board={{2,3,4,8,9,1,5,6,7},{8,5,1,2,6,7,3,4,9},{9,6,7,3,4,5,2,8,1},{1,7,5,4,2,8,6,9,3},{4,2,8,9,7,0,0,0,0},{0,0,0,0,0,0,0,0,0},{0,0,0,0,0,0,0,0,0},{0,0,0,0,0,0,0,0,0},{0,0,0,0,0,0,0,0,0}}
]
13:16:51.083 INFO  [main] SudokuBoard - Wartość 0 wstawiona nieprawidłowo
13:16:51.085 INFO  [main] SudokuBoard - Bład w kwadracie 0
sudoku.model.SudokuBoard@4fc1eee5[
  size=9
  solver=sudoku.model.BacktrackingSudokuSolver@120661d2
  board={{2,3,4,8,9,1,5,6,7},{8,5,1,2,6,7,3,4,9},{9,6,7,3,4,5,2,8,1},{1,7,5,4,2,8,6,9,3},{4,2,8,9,0,0,0,0,0},{0,0,0,0,0,0,0,0,0},{0,0,0,0,0,0,0,0,0},{0,0,0,0,0,0,0,0,0},{0,0,0,0,0,0,0,0,0}}
]
13:16:51.085 INFO  [main] SudokuBoard - Wartość 0 wstawiona nieprawidłowo
13:16:51.086 INFO  [main] SudokuBoard - Bład w kwadracie 0
sudoku.model.SudokuBoard@4fc1eee5[
  size=9
  solver=sudoku.model.BacktrackingSudokuSolver@120661d2
  board={{2,3,4,8,9,1,5,6,7},{8,5,1,2,6,7,3,4,9},{9,6,7,3,4,5,2,8,1},{1,7,5,4,2,8,6,9,3},{4,2,8,9,1,6,7,0,0},{0,0,0,0,0,0,0,0,0},{0,0,0,0,0,0,0,0,0},{0,0,0,0,0,0,0,0,0},{0,0,0,0,0,0,0,0,0}}
]
13:16:51.086 INFO  [main] SudokuBoard - Wartość 0 wstawiona nieprawidłowo
13:16:51.087 INFO  [main] SudokuBoard - Bład w kwadracie 0
sudoku.model.SudokuBoard@4fc1eee5[
  size=9
  solver=sudoku.model.BacktrackingSudokuSolver@120661d2
  board={{2,3,4,8,9,1,5,6,7},{8,5,1,2,6,7,3,4,9},{9,6,7,3,4,5,2,8,1},{1,7,5,4,2,8,6,9,3},{4,2,8,9,1,6,0,0,0},{0,0,0,0,0,0,0,0,0},{0,0,0,0,0,0,0,0,0},{0,0,0,0,0,0,0,0,0},{0,0,0,0,0,0,0,0,0}}
]
13:16:51.087 INFO  [main] SudokuBoard - Wartość 0 wstawiona nieprawidłowo
13:16:51.087 INFO  [main] SudokuBoard - Bład w kwadracie 0
sudoku.model.SudokuBoard@4fc1eee5[
  size=9
  solver=sudoku.model.BacktrackingSudokuSolver@120661d2
  board={{2,3,4,8,9,1,5,6,7},{8,5,1,2,6,7,3,4,9},{9,6,7,3,4,5,2,8,1},{1,7,5,4,2,8,6,9,3},{4,2,8,9,1,0,0,0,0},{0,0,0,0,0,0,0,0,0},{0,0,0,0,0,0,0,0,0},{0,0,0,0,0,0,0,0,0},{0,0,0,0,0,0,0,0,0}}
]
13:16:51.088 INFO  [main] SudokuBoard - Wartość 0 wstawiona nieprawidłowo
13:16:51.088 INFO  [main] SudokuBoard - Bład w kwadracie 0
sudoku.model.SudokuBoard@4fc1eee5[
  size=9
  solver=sudoku.model.BacktrackingSudokuSolver@120661d2
  board={{2,3,4,8,9,1,5,6,7},{8,5,1,2,6,7,3,4,9},{9,6,7,3,4,5,2,8,1},{1,7,5,4,2,8,6,9,3},{4,2,8,9,1,3,7,0,0},{0,0,0,0,0,0,0,0,0},{0,0,0,0,0,0,0,0,0},{0,0,0,0,0,0,0,0,0},{0,0,0,0,0,0,0,0,0}}
]
13:16:51.088 INFO  [main] SudokuBoard - Wartość 0 wstawiona nieprawidłowo
13:16:51.089 INFO  [main] SudokuBoard - Bład w kwadracie 0
sudoku.model.SudokuBoard@4fc1eee5[
  size=9
  solver=sudoku.model.BacktrackingSudokuSolver@120661d2
  board={{2,3,4,8,9,1,5,6,7},{8,5,1,2,6,7,3,4,9},{9,6,7,3,4,5,2,8,1},{1,7,5,4,2,8,6,9,3},{4,2,8,9,1,3,0,0,0},{0,0,0,0,0,0,0,0,0},{0,0,0,0,0,0,0,0,0},{0,0,0,0,0,0,0,0,0},{0,0,0,0,0,0,0,0,0}}
]
13:16:51.089 INFO  [main] SudokuBoard - Wartość 0 wstawiona nieprawidłowo
13:16:51.089 INFO  [main] SudokuBoard - Bład w kwadracie 0
sudoku.model.SudokuBoard@4fc1eee5[
  size=9
  solver=sudoku.model.BacktrackingSudokuSolver@120661d2
  board={{2,3,4,8,9,1,5,6,7},{8,5,1,2,6,7,3,4,9},{9,6,7,3,4,5,2,8,1},{1,7,5,4,2,8,6,9,3},{4,2,8,9,1,0,0,0,0},{0,0,0,0,0,0,0,0,0},{0,0,0,0,0,0,0,0,0},{0,0,0,0,0,0,0,0,0},{0,0,0,0,0,0,0,0,0}}
]
13:16:51.090 INFO  [main] SudokuBoard - Wartość 0 wstawiona nieprawidłowo
13:16:51.091 INFO  [main] SudokuBoard - Bład w kwadracie 0
sudoku.model.SudokuBoard@4fc1eee5[
  size=9
  solver=sudoku.model.BacktrackingSudokuSolver@120661d2
  board={{2,3,4,8,9,1,5,6,7},{8,5,1,2,6,7,3,4,9},{9,6,7,3,4,5,2,8,1},{1,7,5,4,2,8,6,9,3},{4,2,8,9,0,0,0,0,0},{0,0,0,0,0,0,0,0,0},{0,0,0,0,0,0,0,0,0},{0,0,0,0,0,0,0,0,0},{0,0,0,0,0,0,0,0,0}}
]
13:16:51.093 INFO  [main] SudokuBoard - Wartość 0 wstawiona nieprawidłowo
13:16:51.093 INFO  [main] SudokuBoard - Bład w kwadracie 0
sudoku.model.SudokuBoard@4fc1eee5[
  size=9
  solver=sudoku.model.BacktrackingSudokuSolver@120661d2
  board={{2,3,4,8,9,1,5,6,7},{8,5,1,2,6,7,3,4,9},{9,6,7,3,4,5,2,8,1},{1,7,5,4,2,8,6,9,3},{4,2,8,9,3,6,1,0,0},{0,0,0,0,0,0,0,0,0},{0,0,0,0,0,0,0,0,0},{0,0,0,0,0,0,0,0,0},{0,0,0,0,0,0,0,0,0}}
]
13:16:51.094 INFO  [main] SudokuBoard - Wartość 0 wstawiona nieprawidłowo
13:16:51.094 INFO  [main] SudokuBoard - Bład w kwadracie 0
sudoku.model.SudokuBoard@4fc1eee5[
  size=9
  solver=sudoku.model.BacktrackingSudokuSolver@120661d2
  board={{2,3,4,8,9,1,5,6,7},{8,5,1,2,6,7,3,4,9},{9,6,7,3,4,5,2,8,1},{1,7,5,4,2,8,6,9,3},{4,2,8,9,3,6,1,7,5},{3,9,6,1,0,0,0,0,0},{0,0,0,0,0,0,0,0,0},{0,0,0,0,0,0,0,0,0},{0,0,0,0,0,0,0,0,0}}
]
13:16:51.095 INFO  [main] SudokuBoard - Wartość 0 wstawiona nieprawidłowo
13:16:51.095 INFO  [main] SudokuBoard - Bład w kwadracie 0
sudoku.model.SudokuBoard@4fc1eee5[
  size=9
  solver=sudoku.model.BacktrackingSudokuSolver@120661d2
  board={{2,3,4,8,9,1,5,6,7},{8,5,1,2,6,7,3,4,9},{9,6,7,3,4,5,2,8,1},{1,7,5,4,2,8,6,9,3},{4,2,8,9,3,6,1,7,5},{3,9,6,1,0,0,0,0,0},{0,0,0,0,0,0,0,0,0},{0,0,0,0,0,0,0,0,0},{0,0,0,0,0,0,0,0,0}}
]
13:16:51.095 INFO  [main] SudokuBoard - Wartość 0 wstawiona nieprawidłowo
13:16:51.096 INFO  [main] SudokuBoard - Bład w kwadracie 0
sudoku.model.SudokuBoard@4fc1eee5[
  size=9
  solver=sudoku.model.BacktrackingSudokuSolver@120661d2
  board={{2,3,4,8,9,1,5,6,7},{8,5,1,2,6,7,3,4,9},{9,6,7,3,4,5,2,8,1},{1,7,5,4,2,8,6,9,3},{4,2,8,9,3,6,1,7,5},{3,9,6,0,0,0,0,0,0},{0,0,0,0,0,0,0,0,0},{0,0,0,0,0,0,0,0,0},{0,0,0,0,0,0,0,0,0}}
]
13:16:51.096 INFO  [main] SudokuBoard - Wartość 0 wstawiona nieprawidłowo
13:16:51.096 INFO  [main] SudokuBoard - Bład w kwadracie 0
sudoku.model.SudokuBoard@4fc1eee5[
  size=9
  solver=sudoku.model.BacktrackingSudokuSolver@120661d2
  board={{2,3,4,8,9,1,5,6,7},{8,5,1,2,6,7,3,4,9},{9,6,7,3,4,5,2,8,1},{1,7,5,4,2,8,6,9,3},{4,2,8,9,3,6,1,7,5},{3,9,6,5,0,0,0,0,0},{0,0,0,0,0,0,0,0,0},{0,0,0,0,0,0,0,0,0},{0,0,0,0,0,0,0,0,0}}
]
13:16:51.096 INFO  [main] SudokuBoard - Wartość 0 wstawiona nieprawidłowo
13:16:51.098 INFO  [main] SudokuBoard - Bład w kwadracie 0
sudoku.model.SudokuBoard@4fc1eee5[
  size=9
  solver=sudoku.model.BacktrackingSudokuSolver@120661d2
  board={{2,3,4,8,9,1,5,6,7},{8,5,1,2,6,7,3,4,9},{9,6,7,3,4,5,2,8,1},{1,7,5,4,2,8,6,9,3},{4,2,8,9,3,6,1,7,5},{3,9,6,5,0,0,0,0,0},{0,0,0,0,0,0,0,0,0},{0,0,0,0,0,0,0,0,0},{0,0,0,0,0,0,0,0,0}}
]
13:16:51.098 INFO  [main] SudokuBoard - Wartość 0 wstawiona nieprawidłowo
13:16:51.098 INFO  [main] SudokuBoard - Bład w kwadracie 0
sudoku.model.SudokuBoard@4fc1eee5[
  size=9
  solver=sudoku.model.BacktrackingSudokuSolver@120661d2
  board={{2,3,4,8,9,1,5,6,7},{8,5,1,2,6,7,3,4,9},{9,6,7,3,4,5,2,8,1},{1,7,5,4,2,8,6,9,3},{4,2,8,9,3,6,1,7,5},{3,9,6,0,0,0,0,0,0},{0,0,0,0,0,0,0,0,0},{0,0,0,0,0,0,0,0,0},{0,0,0,0,0,0,0,0,0}}
]
13:16:51.098 INFO  [main] SudokuBoard - Wartość 0 wstawiona nieprawidłowo
13:16:51.099 INFO  [main] SudokuBoard - Bład w kwadracie 0
sudoku.model.SudokuBoard@4fc1eee5[
  size=9
  solver=sudoku.model.BacktrackingSudokuSolver@120661d2
  board={{2,3,4,8,9,1,5,6,7},{8,5,1,2,6,7,3,4,9},{9,6,7,3,4,5,2,8,1},{1,7,5,4,2,8,6,9,3},{4,2,8,9,3,6,1,7,5},{3,9,6,7,0,0,0,0,0},{0,0,0,0,0,0,0,0,0},{0,0,0,0,0,0,0,0,0},{0,0,0,0,0,0,0,0,0}}
]
13:16:51.099 INFO  [main] SudokuBoard - Wartość 0 wstawiona nieprawidłowo
13:16:51.100 INFO  [main] SudokuBoard - Bład w kwadracie 0
sudoku.model.SudokuBoard@4fc1eee5[
  size=9
  solver=sudoku.model.BacktrackingSudokuSolver@120661d2
  board={{2,3,4,8,9,1,5,6,7},{8,5,1,2,6,7,3,4,9},{9,6,7,3,4,5,2,8,1},{1,7,5,4,2,8,6,9,3},{4,2,8,9,3,6,1,7,5},{3,9,6,7,0,0,0,0,0},{0,0,0,0,0,0,0,0,0},{0,0,0,0,0,0,0,0,0},{0,0,0,0,0,0,0,0,0}}
]
13:16:51.100 INFO  [main] SudokuBoard - Wartość 0 wstawiona nieprawidłowo
13:16:51.108 INFO  [main] SudokuBoard - Bład w kwadracie 0
sudoku.model.SudokuBoard@4fc1eee5[
  size=9
  solver=sudoku.model.BacktrackingSudokuSolver@120661d2
  board={{2,3,4,8,9,1,5,6,7},{8,5,1,2,6,7,3,4,9},{9,6,7,3,4,5,2,8,1},{1,7,5,4,2,8,6,9,3},{4,2,8,9,3,6,1,7,5},{3,9,6,0,0,0,0,0,0},{0,0,0,0,0,0,0,0,0},{0,0,0,0,0,0,0,0,0},{0,0,0,0,0,0,0,0,0}}
]
13:16:51.108 INFO  [main] SudokuBoard - Wartość 0 wstawiona nieprawidłowo
13:16:51.108 INFO  [main] SudokuBoard - Bład w kwadracie 0
sudoku.model.SudokuBoard@4fc1eee5[
  size=9
  solver=sudoku.model.BacktrackingSudokuSolver@120661d2
  board={{2,3,4,8,9,1,5,6,7},{8,5,1,2,6,7,3,4,9},{9,6,7,3,4,5,2,8,1},{1,7,5,4,2,8,6,9,3},{4,2,8,9,3,6,1,7,5},{3,9,0,0,0,0,0,0,0},{0,0,0,0,0,0,0,0,0},{0,0,0,0,0,0,0,0,0},{0,0,0,0,0,0,0,0,0}}
]
13:16:51.109 INFO  [main] SudokuBoard - Wartość 0 wstawiona nieprawidłowo
13:16:51.110 INFO  [main] SudokuBoard - Bład w kwadracie 0
sudoku.model.SudokuBoard@4fc1eee5[
  size=9
  solver=sudoku.model.BacktrackingSudokuSolver@120661d2
  board={{2,3,4,8,9,1,5,6,7},{8,5,1,2,6,7,3,4,9},{9,6,7,3,4,5,2,8,1},{1,7,5,4,2,8,6,9,3},{4,2,8,9,3,6,1,7,5},{3,0,0,0,0,0,0,0,0},{0,0,0,0,0,0,0,0,0},{0,0,0,0,0,0,0,0,0},{0,0,0,0,0,0,0,0,0}}
]
13:16:51.110 INFO  [main] SudokuBoard - Wartość 0 wstawiona nieprawidłowo
13:16:51.110 INFO  [main] SudokuBoard - Bład w kwadracie 0
sudoku.model.SudokuBoard@4fc1eee5[
  size=9
  solver=sudoku.model.BacktrackingSudokuSolver@120661d2
  board={{2,3,4,8,9,1,5,6,7},{8,5,1,2,6,7,3,4,9},{9,6,7,3,4,5,2,8,1},{1,7,5,4,2,8,6,9,3},{4,2,8,9,3,6,1,7,5},{0,0,0,0,0,0,0,0,0},{0,0,0,0,0,0,0,0,0},{0,0,0,0,0,0,0,0,0},{0,0,0,0,0,0,0,0,0}}
]
13:16:51.111 INFO  [main] SudokuBoard - Wartość 0 wstawiona nieprawidłowo
13:16:51.112 INFO  [main] SudokuBoard - Bład w kwadracie 0
sudoku.model.SudokuBoard@4fc1eee5[
  size=9
  solver=sudoku.model.BacktrackingSudokuSolver@120661d2
  board={{2,3,4,8,9,1,5,6,7},{8,5,1,2,6,7,3,4,9},{9,6,7,3,4,5,2,8,1},{1,7,5,4,2,8,6,9,3},{4,2,8,9,3,6,1,7,5},{6,9,3,7,0,0,0,0,0},{0,0,0,0,0,0,0,0,0},{0,0,0,0,0,0,0,0,0},{0,0,0,0,0,0,0,0,0}}
]
13:16:51.112 INFO  [main] SudokuBoard - Wartość 0 wstawiona nieprawidłowo
13:16:51.113 INFO  [main] SudokuBoard - Bład w kwadracie 0
sudoku.model.SudokuBoard@4fc1eee5[
  size=9
  solver=sudoku.model.BacktrackingSudokuSolver@120661d2
  board={{2,3,4,8,9,1,5,6,7},{8,5,1,2,6,7,3,4,9},{9,6,7,3,4,5,2,8,1},{1,7,5,4,2,8,6,9,3},{4,2,8,9,3,6,1,7,5},{6,9,3,7,0,0,0,0,0},{0,0,0,0,0,0,0,0,0},{0,0,0,0,0,0,0,0,0},{0,0,0,0,0,0,0,0,0}}
]
13:16:51.114 INFO  [main] SudokuBoard - Wartość 0 wstawiona nieprawidłowo
13:16:51.115 INFO  [main] SudokuBoard - Bład w kwadracie 0
sudoku.model.SudokuBoard@4fc1eee5[
  size=9
  solver=sudoku.model.BacktrackingSudokuSolver@120661d2
  board={{2,3,4,8,9,1,5,6,7},{8,5,1,2,6,7,3,4,9},{9,6,7,3,4,5,2,8,1},{1,7,5,4,2,8,6,9,3},{4,2,8,9,3,6,1,7,5},{6,9,3,0,0,0,0,0,0},{0,0,0,0,0,0,0,0,0},{0,0,0,0,0,0,0,0,0},{0,0,0,0,0,0,0,0,0}}
]
13:16:51.116 INFO  [main] SudokuBoard - Wartość 0 wstawiona nieprawidłowo
13:16:51.116 INFO  [main] SudokuBoard - Bład w kwadracie 0
sudoku.model.SudokuBoard@4fc1eee5[
  size=9
  solver=sudoku.model.BacktrackingSudokuSolver@120661d2
  board={{2,3,4,8,9,1,5,6,7},{8,5,1,2,6,7,3,4,9},{9,6,7,3,4,5,2,8,1},{1,7,5,4,2,8,6,9,3},{4,2,8,9,3,6,1,7,5},{6,9,3,1,0,0,0,0,0},{0,0,0,0,0,0,0,0,0},{0,0,0,0,0,0,0,0,0},{0,0,0,0,0,0,0,0,0}}
]
13:16:51.116 INFO  [main] SudokuBoard - Wartość 0 wstawiona nieprawidłowo
13:16:51.117 INFO  [main] SudokuBoard - Bład w kwadracie 0
sudoku.model.SudokuBoard@4fc1eee5[
  size=9
  solver=sudoku.model.BacktrackingSudokuSolver@120661d2
  board={{2,3,4,8,9,1,5,6,7},{8,5,1,2,6,7,3,4,9},{9,6,7,3,4,5,2,8,1},{1,7,5,4,2,8,6,9,3},{4,2,8,9,3,6,1,7,5},{6,9,3,1,0,0,0,0,0},{0,0,0,0,0,0,0,0,0},{0,0,0,0,0,0,0,0,0},{0,0,0,0,0,0,0,0,0}}
]
13:16:51.117 INFO  [main] SudokuBoard - Wartość 0 wstawiona nieprawidłowo
13:16:51.118 INFO  [main] SudokuBoard - Bład w kwadracie 0
sudoku.model.SudokuBoard@4fc1eee5[
  size=9
  solver=sudoku.model.BacktrackingSudokuSolver@120661d2
  board={{2,3,4,8,9,1,5,6,7},{8,5,1,2,6,7,3,4,9},{9,6,7,3,4,5,2,8,1},{1,7,5,4,2,8,6,9,3},{4,2,8,9,3,6,1,7,5},{6,9,3,0,0,0,0,0,0},{0,0,0,0,0,0,0,0,0},{0,0,0,0,0,0,0,0,0},{0,0,0,0,0,0,0,0,0}}
]
13:16:51.119 INFO  [main] SudokuBoard - Wartość 0 wstawiona nieprawidłowo
13:16:51.119 INFO  [main] SudokuBoard - Bład w kwadracie 0
sudoku.model.SudokuBoard@4fc1eee5[
  size=9
  solver=sudoku.model.BacktrackingSudokuSolver@120661d2
  board={{2,3,4,8,9,1,5,6,7},{8,5,1,2,6,7,3,4,9},{9,6,7,3,4,5,2,8,1},{1,7,5,4,2,8,6,9,3},{4,2,8,9,3,6,1,7,5},{6,9,3,5,0,0,0,0,0},{0,0,0,0,0,0,0,0,0},{0,0,0,0,0,0,0,0,0},{0,0,0,0,0,0,0,0,0}}
]
13:16:51.119 INFO  [main] SudokuBoard - Wartość 0 wstawiona nieprawidłowo
13:16:51.126 INFO  [main] SudokuBoard - Bład w kwadracie 0
sudoku.model.SudokuBoard@4fc1eee5[
  size=9
  solver=sudoku.model.BacktrackingSudokuSolver@120661d2
  board={{2,3,4,8,9,1,5,6,7},{8,5,1,2,6,7,3,4,9},{9,6,7,3,4,5,2,8,1},{1,7,5,4,2,8,6,9,3},{4,2,8,9,3,6,1,7,5},{6,9,3,5,0,0,0,0,0},{0,0,0,0,0,0,0,0,0},{0,0,0,0,0,0,0,0,0},{0,0,0,0,0,0,0,0,0}}
]
13:16:51.126 INFO  [main] SudokuBoard - Wartość 0 wstawiona nieprawidłowo
13:16:51.127 INFO  [main] SudokuBoard - Bład w kwadracie 0
sudoku.model.SudokuBoard@4fc1eee5[
  size=9
  solver=sudoku.model.BacktrackingSudokuSolver@120661d2
  board={{2,3,4,8,9,1,5,6,7},{8,5,1,2,6,7,3,4,9},{9,6,7,3,4,5,2,8,1},{1,7,5,4,2,8,6,9,3},{4,2,8,9,3,6,1,7,5},{6,9,3,0,0,0,0,0,0},{0,0,0,0,0,0,0,0,0},{0,0,0,0,0,0,0,0,0},{0,0,0,0,0,0,0,0,0}}
]
13:16:51.127 INFO  [main] SudokuBoard - Wartość 0 wstawiona nieprawidłowo
13:16:51.128 INFO  [main] SudokuBoard - Bład w kwadracie 0
sudoku.model.SudokuBoard@4fc1eee5[
  size=9
  solver=sudoku.model.BacktrackingSudokuSolver@120661d2
  board={{2,3,4,8,9,1,5,6,7},{8,5,1,2,6,7,3,4,9},{9,6,7,3,4,5,2,8,1},{1,7,5,4,2,8,6,9,3},{4,2,8,9,3,6,1,7,5},{6,9,0,0,0,0,0,0,0},{0,0,0,0,0,0,0,0,0},{0,0,0,0,0,0,0,0,0},{0,0,0,0,0,0,0,0,0}}
]
13:16:51.129 INFO  [main] SudokuBoard - Wartość 0 wstawiona nieprawidłowo
13:16:51.129 INFO  [main] SudokuBoard - Bład w kwadracie 0
sudoku.model.SudokuBoard@4fc1eee5[
  size=9
  solver=sudoku.model.BacktrackingSudokuSolver@120661d2
  board={{2,3,4,8,9,1,5,6,7},{8,5,1,2,6,7,3,4,9},{9,6,7,3,4,5,2,8,1},{1,7,5,4,2,8,6,9,3},{4,2,8,9,3,6,1,7,5},{6,0,0,0,0,0,0,0,0},{0,0,0,0,0,0,0,0,0},{0,0,0,0,0,0,0,0,0},{0,0,0,0,0,0,0,0,0}}
]
13:16:51.129 INFO  [main] SudokuBoard - Wartość 0 wstawiona nieprawidłowo
13:16:51.139 INFO  [main] SudokuBoard - Bład w kwadracie 0
sudoku.model.SudokuBoard@4fc1eee5[
  size=9
  solver=sudoku.model.BacktrackingSudokuSolver@120661d2
  board={{2,3,4,8,9,1,5,6,7},{8,5,1,2,6,7,3,4,9},{9,6,7,3,4,5,2,8,1},{1,7,5,4,2,8,6,9,3},{4,2,8,9,3,6,1,7,5},{0,0,0,0,0,0,0,0,0},{0,0,0,0,0,0,0,0,0},{0,0,0,0,0,0,0,0,0},{0,0,0,0,0,0,0,0,0}}
]
13:16:51.139 INFO  [main] SudokuBoard - Wartość 0 wstawiona nieprawidłowo
13:16:51.139 INFO  [main] SudokuBoard - Bład w kwadracie 0
sudoku.model.SudokuBoard@4fc1eee5[
  size=9
  solver=sudoku.model.BacktrackingSudokuSolver@120661d2
  board={{2,3,4,8,9,1,5,6,7},{8,5,1,2,6,7,3,4,9},{9,6,7,3,4,5,2,8,1},{1,7,5,4,2,8,6,9,3},{4,2,8,9,3,6,1,7,0},{0,0,0,0,0,0,0,0,0},{0,0,0,0,0,0,0,0,0},{0,0,0,0,0,0,0,0,0},{0,0,0,0,0,0,0,0,0}}
]
13:16:51.140 INFO  [main] SudokuBoard - Wartość 0 wstawiona nieprawidłowo
13:16:51.140 INFO  [main] SudokuBoard - Bład w kwadracie 0
sudoku.model.SudokuBoard@4fc1eee5[
  size=9
  solver=sudoku.model.BacktrackingSudokuSolver@120661d2
  board={{2,3,4,8,9,1,5,6,7},{8,5,1,2,6,7,3,4,9},{9,6,7,3,4,5,2,8,1},{1,7,5,4,2,8,6,9,3},{4,2,8,9,3,6,1,0,0},{0,0,0,0,0,0,0,0,0},{0,0,0,0,0,0,0,0,0},{0,0,0,0,0,0,0,0,0},{0,0,0,0,0,0,0,0,0}}
]
13:16:51.140 INFO  [main] SudokuBoard - Wartość 0 wstawiona nieprawidłowo
13:16:51.141 INFO  [main] SudokuBoard - Bład w kwadracie 0
sudoku.model.SudokuBoard@4fc1eee5[
  size=9
  solver=sudoku.model.BacktrackingSudokuSolver@120661d2
  board={{2,3,4,8,9,1,5,6,7},{8,5,1,2,6,7,3,4,9},{9,6,7,3,4,5,2,8,1},{1,7,5,4,2,8,6,9,3},{4,2,8,9,3,6,0,0,0},{0,0,0,0,0,0,0,0,0},{0,0,0,0,0,0,0,0,0},{0,0,0,0,0,0,0,0,0},{0,0,0,0,0,0,0,0,0}}
]
13:16:51.141 INFO  [main] SudokuBoard - Wartość 0 wstawiona nieprawidłowo
13:16:51.149 INFO  [main] SudokuBoard - Bład w kwadracie 0
sudoku.model.SudokuBoard@4fc1eee5[
  size=9
  solver=sudoku.model.BacktrackingSudokuSolver@120661d2
  board={{2,3,4,8,9,1,5,6,7},{8,5,1,2,6,7,3,4,9},{9,6,7,3,4,5,2,8,1},{1,7,5,4,2,8,6,9,3},{4,2,8,9,3,6,7,1,5},{3,9,6,7,0,0,0,0,0},{0,0,0,0,0,0,0,0,0},{0,0,0,0,0,0,0,0,0},{0,0,0,0,0,0,0,0,0}}
]
13:16:51.150 INFO  [main] SudokuBoard - Wartość 0 wstawiona nieprawidłowo
13:16:51.150 INFO  [main] SudokuBoard - Bład w kwadracie 0
sudoku.model.SudokuBoard@4fc1eee5[
  size=9
  solver=sudoku.model.BacktrackingSudokuSolver@120661d2
  board={{2,3,4,8,9,1,5,6,7},{8,5,1,2,6,7,3,4,9},{9,6,7,3,4,5,2,8,1},{1,7,5,4,2,8,6,9,3},{4,2,8,9,3,6,7,1,5},{3,9,6,7,0,0,0,0,0},{0,0,0,0,0,0,0,0,0},{0,0,0,0,0,0,0,0,0},{0,0,0,0,0,0,0,0,0}}
]
13:16:51.151 INFO  [main] SudokuBoard - Wartość 0 wstawiona nieprawidłowo
13:16:51.152 INFO  [main] SudokuBoard - Bład w kwadracie 0
sudoku.model.SudokuBoard@4fc1eee5[
  size=9
  solver=sudoku.model.BacktrackingSudokuSolver@120661d2
  board={{2,3,4,8,9,1,5,6,7},{8,5,1,2,6,7,3,4,9},{9,6,7,3,4,5,2,8,1},{1,7,5,4,2,8,6,9,3},{4,2,8,9,3,6,7,1,5},{3,9,6,0,0,0,0,0,0},{0,0,0,0,0,0,0,0,0},{0,0,0,0,0,0,0,0,0},{0,0,0,0,0,0,0,0,0}}
]
13:16:51.153 INFO  [main] SudokuBoard - Wartość 0 wstawiona nieprawidłowo
13:16:51.155 INFO  [main] SudokuBoard - Bład w kwadracie 0
sudoku.model.SudokuBoard@4fc1eee5[
  size=9
  solver=sudoku.model.BacktrackingSudokuSolver@120661d2
  board={{2,3,4,8,9,1,5,6,7},{8,5,1,2,6,7,3,4,9},{9,6,7,3,4,5,2,8,1},{1,7,5,4,2,8,6,9,3},{4,2,8,9,3,6,7,1,5},{3,9,6,1,0,0,0,0,0},{0,0,0,0,0,0,0,0,0},{0,0,0,0,0,0,0,0,0},{0,0,0,0,0,0,0,0,0}}
]
13:16:51.155 INFO  [main] SudokuBoard - Wartość 0 wstawiona nieprawidłowo
13:16:51.155 INFO  [main] SudokuBoard - Bład w kwadracie 0
sudoku.model.SudokuBoard@4fc1eee5[
  size=9
  solver=sudoku.model.BacktrackingSudokuSolver@120661d2
  board={{2,3,4,8,9,1,5,6,7},{8,5,1,2,6,7,3,4,9},{9,6,7,3,4,5,2,8,1},{1,7,5,4,2,8,6,9,3},{4,2,8,9,3,6,7,1,5},{3,9,6,1,0,0,0,0,0},{0,0,0,0,0,0,0,0,0},{0,0,0,0,0,0,0,0,0},{0,0,0,0,0,0,0,0,0}}
]
13:16:51.156 INFO  [main] SudokuBoard - Wartość 0 wstawiona nieprawidłowo
13:16:51.158 INFO  [main] SudokuBoard - Bład w kwadracie 0
sudoku.model.SudokuBoard@4fc1eee5[
  size=9
  solver=sudoku.model.BacktrackingSudokuSolver@120661d2
  board={{2,3,4,8,9,1,5,6,7},{8,5,1,2,6,7,3,4,9},{9,6,7,3,4,5,2,8,1},{1,7,5,4,2,8,6,9,3},{4,2,8,9,3,6,7,1,5},{3,9,6,0,0,0,0,0,0},{0,0,0,0,0,0,0,0,0},{0,0,0,0,0,0,0,0,0},{0,0,0,0,0,0,0,0,0}}
]
13:16:51.158 INFO  [main] SudokuBoard - Wartość 0 wstawiona nieprawidłowo
13:16:51.162 INFO  [main] SudokuBoard - Bład w kwadracie 0
sudoku.model.SudokuBoard@4fc1eee5[
  size=9
  solver=sudoku.model.BacktrackingSudokuSolver@120661d2
  board={{2,3,4,8,9,1,5,6,7},{8,5,1,2,6,7,3,4,9},{9,6,7,3,4,5,2,8,1},{1,7,5,4,2,8,6,9,3},{4,2,8,9,3,6,7,1,5},{3,9,6,5,0,0,0,0,0},{0,0,0,0,0,0,0,0,0},{0,0,0,0,0,0,0,0,0},{0,0,0,0,0,0,0,0,0}}
]
13:16:51.162 INFO  [main] SudokuBoard - Wartość 0 wstawiona nieprawidłowo
13:16:51.162 INFO  [main] SudokuBoard - Bład w kwadracie 0
sudoku.model.SudokuBoard@4fc1eee5[
  size=9
  solver=sudoku.model.BacktrackingSudokuSolver@120661d2
  board={{2,3,4,8,9,1,5,6,7},{8,5,1,2,6,7,3,4,9},{9,6,7,3,4,5,2,8,1},{1,7,5,4,2,8,6,9,3},{4,2,8,9,3,6,7,1,5},{3,9,6,5,0,0,0,0,0},{0,0,0,0,0,0,0,0,0},{0,0,0,0,0,0,0,0,0},{0,0,0,0,0,0,0,0,0}}
]
13:16:51.162 INFO  [main] SudokuBoard - Wartość 0 wstawiona nieprawidłowo
13:16:51.163 INFO  [main] SudokuBoard - Bład w kwadracie 0
sudoku.model.SudokuBoard@4fc1eee5[
  size=9
  solver=sudoku.model.BacktrackingSudokuSolver@120661d2
  board={{2,3,4,8,9,1,5,6,7},{8,5,1,2,6,7,3,4,9},{9,6,7,3,4,5,2,8,1},{1,7,5,4,2,8,6,9,3},{4,2,8,9,3,6,7,1,5},{3,9,6,0,0,0,0,0,0},{0,0,0,0,0,0,0,0,0},{0,0,0,0,0,0,0,0,0},{0,0,0,0,0,0,0,0,0}}
]
13:16:51.163 INFO  [main] SudokuBoard - Wartość 0 wstawiona nieprawidłowo
13:16:51.163 INFO  [main] SudokuBoard - Bład w kwadracie 0
sudoku.model.SudokuBoard@4fc1eee5[
  size=9
  solver=sudoku.model.BacktrackingSudokuSolver@120661d2
  board={{2,3,4,8,9,1,5,6,7},{8,5,1,2,6,7,3,4,9},{9,6,7,3,4,5,2,8,1},{1,7,5,4,2,8,6,9,3},{4,2,8,9,3,6,7,1,5},{3,9,0,0,0,0,0,0,0},{0,0,0,0,0,0,0,0,0},{0,0,0,0,0,0,0,0,0},{0,0,0,0,0,0,0,0,0}}
]
13:16:51.163 INFO  [main] SudokuBoard - Wartość 0 wstawiona nieprawidłowo
13:16:51.163 INFO  [main] SudokuBoard - Bład w kwadracie 0
sudoku.model.SudokuBoard@4fc1eee5[
  size=9
  solver=sudoku.model.BacktrackingSudokuSolver@120661d2
  board={{2,3,4,8,9,1,5,6,7},{8,5,1,2,6,7,3,4,9},{9,6,7,3,4,5,2,8,1},{1,7,5,4,2,8,6,9,3},{4,2,8,9,3,6,7,1,5},{3,0,0,0,0,0,0,0,0},{0,0,0,0,0,0,0,0,0},{0,0,0,0,0,0,0,0,0},{0,0,0,0,0,0,0,0,0}}
]
13:16:51.164 INFO  [main] SudokuBoard - Wartość 0 wstawiona nieprawidłowo
13:16:51.164 INFO  [main] SudokuBoard - Bład w kwadracie 0
sudoku.model.SudokuBoard@4fc1eee5[
  size=9
  solver=sudoku.model.BacktrackingSudokuSolver@120661d2
  board={{2,3,4,8,9,1,5,6,7},{8,5,1,2,6,7,3,4,9},{9,6,7,3,4,5,2,8,1},{1,7,5,4,2,8,6,9,3},{4,2,8,9,3,6,7,1,5},{0,0,0,0,0,0,0,0,0},{0,0,0,0,0,0,0,0,0},{0,0,0,0,0,0,0,0,0},{0,0,0,0,0,0,0,0,0}}
]
13:16:51.164 INFO  [main] SudokuBoard - Wartość 0 wstawiona nieprawidłowo
13:16:51.165 INFO  [main] SudokuBoard - Bład w kwadracie 0
sudoku.model.SudokuBoard@4fc1eee5[
  size=9
  solver=sudoku.model.BacktrackingSudokuSolver@120661d2
  board={{2,3,4,8,9,1,5,6,7},{8,5,1,2,6,7,3,4,9},{9,6,7,3,4,5,2,8,1},{1,7,5,4,2,8,6,9,3},{4,2,8,9,3,6,7,1,5},{6,9,3,5,0,0,0,0,0},{0,0,0,0,0,0,0,0,0},{0,0,0,0,0,0,0,0,0},{0,0,0,0,0,0,0,0,0}}
]
13:16:51.165 INFO  [main] SudokuBoard - Wartość 0 wstawiona nieprawidłowo
13:16:51.169 INFO  [main] SudokuBoard - Bład w kwadracie 0
sudoku.model.SudokuBoard@4fc1eee5[
  size=9
  solver=sudoku.model.BacktrackingSudokuSolver@120661d2
  board={{2,3,4,8,9,1,5,6,7},{8,5,1,2,6,7,3,4,9},{9,6,7,3,4,5,2,8,1},{1,7,5,4,2,8,6,9,3},{4,2,8,9,3,6,7,1,5},{6,9,3,5,0,0,0,0,0},{0,0,0,0,0,0,0,0,0},{0,0,0,0,0,0,0,0,0},{0,0,0,0,0,0,0,0,0}}
]
13:16:51.172 INFO  [main] SudokuBoard - Wartość 0 wstawiona nieprawidłowo
13:16:51.189 INFO  [main] SudokuBoard - Bład w kwadracie 0
sudoku.model.SudokuBoard@4fc1eee5[
  size=9
  solver=sudoku.model.BacktrackingSudokuSolver@120661d2
  board={{2,3,4,8,9,1,5,6,7},{8,5,1,2,6,7,3,4,9},{9,6,7,3,4,5,2,8,1},{1,7,5,4,2,8,6,9,3},{4,2,8,9,3,6,7,1,5},{6,9,3,0,0,0,0,0,0},{0,0,0,0,0,0,0,0,0},{0,0,0,0,0,0,0,0,0},{0,0,0,0,0,0,0,0,0}}
]
13:16:51.198 INFO  [main] SudokuBoard - Wartość 0 wstawiona nieprawidłowo
13:16:51.199 INFO  [main] SudokuBoard - Bład w kwadracie 0
sudoku.model.SudokuBoard@4fc1eee5[
  size=9
  solver=sudoku.model.BacktrackingSudokuSolver@120661d2
  board={{2,3,4,8,9,1,5,6,7},{8,5,1,2,6,7,3,4,9},{9,6,7,3,4,5,2,8,1},{1,7,5,4,2,8,6,9,3},{4,2,8,9,3,6,7,1,5},{6,9,3,7,0,0,0,0,0},{0,0,0,0,0,0,0,0,0},{0,0,0,0,0,0,0,0,0},{0,0,0,0,0,0,0,0,0}}
]
13:16:51.199 INFO  [main] SudokuBoard - Wartość 0 wstawiona nieprawidłowo
13:16:51.199 INFO  [main] SudokuBoard - Bład w kwadracie 0
sudoku.model.SudokuBoard@4fc1eee5[
  size=9
  solver=sudoku.model.BacktrackingSudokuSolver@120661d2
  board={{2,3,4,8,9,1,5,6,7},{8,5,1,2,6,7,3,4,9},{9,6,7,3,4,5,2,8,1},{1,7,5,4,2,8,6,9,3},{4,2,8,9,3,6,7,1,5},{6,9,3,7,0,0,0,0,0},{0,0,0,0,0,0,0,0,0},{0,0,0,0,0,0,0,0,0},{0,0,0,0,0,0,0,0,0}}
]
13:16:51.199 INFO  [main] SudokuBoard - Wartość 0 wstawiona nieprawidłowo
13:16:51.199 INFO  [main] SudokuBoard - Bład w kwadracie 0
sudoku.model.SudokuBoard@4fc1eee5[
  size=9
  solver=sudoku.model.BacktrackingSudokuSolver@120661d2
  board={{2,3,4,8,9,1,5,6,7},{8,5,1,2,6,7,3,4,9},{9,6,7,3,4,5,2,8,1},{1,7,5,4,2,8,6,9,3},{4,2,8,9,3,6,7,1,5},{6,9,3,0,0,0,0,0,0},{0,0,0,0,0,0,0,0,0},{0,0,0,0,0,0,0,0,0},{0,0,0,0,0,0,0,0,0}}
]
13:16:51.200 INFO  [main] SudokuBoard - Wartość 0 wstawiona nieprawidłowo
13:16:51.200 INFO  [main] SudokuBoard - Bład w kwadracie 0
sudoku.model.SudokuBoard@4fc1eee5[
  size=9
  solver=sudoku.model.BacktrackingSudokuSolver@120661d2
  board={{2,3,4,8,9,1,5,6,7},{8,5,1,2,6,7,3,4,9},{9,6,7,3,4,5,2,8,1},{1,7,5,4,2,8,6,9,3},{4,2,8,9,3,6,7,1,5},{6,9,3,1,0,0,0,0,0},{0,0,0,0,0,0,0,0,0},{0,0,0,0,0,0,0,0,0},{0,0,0,0,0,0,0,0,0}}
]
13:16:51.201 INFO  [main] SudokuBoard - Wartość 0 wstawiona nieprawidłowo
13:16:51.201 INFO  [main] SudokuBoard - Bład w kwadracie 0
sudoku.model.SudokuBoard@4fc1eee5[
  size=9
  solver=sudoku.model.BacktrackingSudokuSolver@120661d2
  board={{2,3,4,8,9,1,5,6,7},{8,5,1,2,6,7,3,4,9},{9,6,7,3,4,5,2,8,1},{1,7,5,4,2,8,6,9,3},{4,2,8,9,3,6,7,1,5},{6,9,3,1,0,0,0,0,0},{0,0,0,0,0,0,0,0,0},{0,0,0,0,0,0,0,0,0},{0,0,0,0,0,0,0,0,0}}
]
13:16:51.202 INFO  [main] SudokuBoard - Wartość 0 wstawiona nieprawidłowo
13:16:51.202 INFO  [main] SudokuBoard - Bład w kwadracie 0
sudoku.model.SudokuBoard@4fc1eee5[
  size=9
  solver=sudoku.model.BacktrackingSudokuSolver@120661d2
  board={{2,3,4,8,9,1,5,6,7},{8,5,1,2,6,7,3,4,9},{9,6,7,3,4,5,2,8,1},{1,7,5,4,2,8,6,9,3},{4,2,8,9,3,6,7,1,5},{6,9,3,0,0,0,0,0,0},{0,0,0,0,0,0,0,0,0},{0,0,0,0,0,0,0,0,0},{0,0,0,0,0,0,0,0,0}}
]
13:16:51.210 INFO  [main] SudokuBoard - Wartość 0 wstawiona nieprawidłowo
13:16:51.210 INFO  [main] SudokuBoard - Bład w kwadracie 0
sudoku.model.SudokuBoard@4fc1eee5[
  size=9
  solver=sudoku.model.BacktrackingSudokuSolver@120661d2
  board={{2,3,4,8,9,1,5,6,7},{8,5,1,2,6,7,3,4,9},{9,6,7,3,4,5,2,8,1},{1,7,5,4,2,8,6,9,3},{4,2,8,9,3,6,7,1,5},{6,9,0,0,0,0,0,0,0},{0,0,0,0,0,0,0,0,0},{0,0,0,0,0,0,0,0,0},{0,0,0,0,0,0,0,0,0}}
]
13:16:51.210 INFO  [main] SudokuBoard - Wartość 0 wstawiona nieprawidłowo
13:16:51.211 INFO  [main] SudokuBoard - Bład w kwadracie 0
sudoku.model.SudokuBoard@4fc1eee5[
  size=9
  solver=sudoku.model.BacktrackingSudokuSolver@120661d2
  board={{2,3,4,8,9,1,5,6,7},{8,5,1,2,6,7,3,4,9},{9,6,7,3,4,5,2,8,1},{1,7,5,4,2,8,6,9,3},{4,2,8,9,3,6,7,1,5},{6,0,0,0,0,0,0,0,0},{0,0,0,0,0,0,0,0,0},{0,0,0,0,0,0,0,0,0},{0,0,0,0,0,0,0,0,0}}
]
13:16:51.212 INFO  [main] SudokuBoard - Wartość 0 wstawiona nieprawidłowo
13:16:51.212 INFO  [main] SudokuBoard - Bład w kwadracie 0
sudoku.model.SudokuBoard@4fc1eee5[
  size=9
  solver=sudoku.model.BacktrackingSudokuSolver@120661d2
  board={{2,3,4,8,9,1,5,6,7},{8,5,1,2,6,7,3,4,9},{9,6,7,3,4,5,2,8,1},{1,7,5,4,2,8,6,9,3},{4,2,8,9,3,6,7,1,5},{0,0,0,0,0,0,0,0,0},{0,0,0,0,0,0,0,0,0},{0,0,0,0,0,0,0,0,0},{0,0,0,0,0,0,0,0,0}}
]
13:16:51.215 INFO  [main] SudokuBoard - Wartość 0 wstawiona nieprawidłowo
13:16:51.215 INFO  [main] SudokuBoard - Bład w kwadracie 0
sudoku.model.SudokuBoard@4fc1eee5[
  size=9
  solver=sudoku.model.BacktrackingSudokuSolver@120661d2
  board={{2,3,4,8,9,1,5,6,7},{8,5,1,2,6,7,3,4,9},{9,6,7,3,4,5,2,8,1},{1,7,5,4,2,8,6,9,3},{4,2,8,9,3,6,7,1,0},{0,0,0,0,0,0,0,0,0},{0,0,0,0,0,0,0,0,0},{0,0,0,0,0,0,0,0,0},{0,0,0,0,0,0,0,0,0}}
]
13:16:51.216 INFO  [main] SudokuBoard - Wartość 0 wstawiona nieprawidłowo
13:16:51.216 INFO  [main] SudokuBoard - Bład w kwadracie 0
sudoku.model.SudokuBoard@4fc1eee5[
  size=9
  solver=sudoku.model.BacktrackingSudokuSolver@120661d2
  board={{2,3,4,8,9,1,5,6,7},{8,5,1,2,6,7,3,4,9},{9,6,7,3,4,5,2,8,1},{1,7,5,4,2,8,6,9,3},{4,2,8,9,3,6,7,0,0},{0,0,0,0,0,0,0,0,0},{0,0,0,0,0,0,0,0,0},{0,0,0,0,0,0,0,0,0},{0,0,0,0,0,0,0,0,0}}
]
13:16:51.216 INFO  [main] SudokuBoard - Wartość 0 wstawiona nieprawidłowo
13:16:51.216 INFO  [main] SudokuBoard - Bład w kwadracie 0
sudoku.model.SudokuBoard@4fc1eee5[
  size=9
  solver=sudoku.model.BacktrackingSudokuSolver@120661d2
  board={{2,3,4,8,9,1,5,6,7},{8,5,1,2,6,7,3,4,9},{9,6,7,3,4,5,2,8,1},{1,7,5,4,2,8,6,9,3},{4,2,8,9,3,6,7,0,0},{0,0,0,0,0,0,0,0,0},{0,0,0,0,0,0,0,0,0},{0,0,0,0,0,0,0,0,0},{0,0,0,0,0,0,0,0,0}}
]
13:16:51.216 INFO  [main] SudokuBoard - Wartość 0 wstawiona nieprawidłowo
13:16:51.218 INFO  [main] SudokuBoard - Bład w kwadracie 0
sudoku.model.SudokuBoard@4fc1eee5[
  size=9
  solver=sudoku.model.BacktrackingSudokuSolver@120661d2
  board={{2,3,4,8,9,1,5,6,7},{8,5,1,2,6,7,3,4,9},{9,6,7,3,4,5,2,8,1},{1,7,5,4,2,8,6,9,3},{4,2,8,9,3,6,0,0,0},{0,0,0,0,0,0,0,0,0},{0,0,0,0,0,0,0,0,0},{0,0,0,0,0,0,0,0,0},{0,0,0,0,0,0,0,0,0}}
]
13:16:51.218 INFO  [main] SudokuBoard - Wartość 0 wstawiona nieprawidłowo
13:16:51.219 INFO  [main] SudokuBoard - Bład w kwadracie 0
sudoku.model.SudokuBoard@4fc1eee5[
  size=9
  solver=sudoku.model.BacktrackingSudokuSolver@120661d2
  board={{2,3,4,8,9,1,5,6,7},{8,5,1,2,6,7,3,4,9},{9,6,7,3,4,5,2,8,1},{1,7,5,4,2,8,6,9,3},{4,2,8,9,3,0,0,0,0},{0,0,0,0,0,0,0,0,0},{0,0,0,0,0,0,0,0,0},{0,0,0,0,0,0,0,0,0},{0,0,0,0,0,0,0,0,0}}
]
13:16:51.219 INFO  [main] SudokuBoard - Wartość 0 wstawiona nieprawidłowo
13:16:51.219 INFO  [main] SudokuBoard - Bład w kwadracie 0
sudoku.model.SudokuBoard@4fc1eee5[
  size=9
  solver=sudoku.model.BacktrackingSudokuSolver@120661d2
  board={{2,3,4,8,9,1,5,6,7},{8,5,1,2,6,7,3,4,9},{9,6,7,3,4,5,2,8,1},{1,7,5,4,2,8,6,9,3},{4,2,8,9,0,0,0,0,0},{0,0,0,0,0,0,0,0,0},{0,0,0,0,0,0,0,0,0},{0,0,0,0,0,0,0,0,0},{0,0,0,0,0,0,0,0,0}}
]
13:16:51.219 INFO  [main] SudokuBoard - Wartość 0 wstawiona nieprawidłowo
13:16:51.220 INFO  [main] SudokuBoard - Bład w kwadracie 0
sudoku.model.SudokuBoard@4fc1eee5[
  size=9
  solver=sudoku.model.BacktrackingSudokuSolver@120661d2
  board={{2,3,4,8,9,1,5,6,7},{8,5,1,2,6,7,3,4,9},{9,6,7,3,4,5,2,8,1},{1,7,5,4,2,8,6,9,3},{4,2,8,9,5,6,7,0,0},{0,0,0,0,0,0,0,0,0},{0,0,0,0,0,0,0,0,0},{0,0,0,0,0,0,0,0,0},{0,0,0,0,0,0,0,0,0}}
]
13:16:51.222 INFO  [main] SudokuBoard - Wartość 0 wstawiona nieprawidłowo
13:16:51.223 INFO  [main] SudokuBoard - Bład w kwadracie 0
sudoku.model.SudokuBoard@4fc1eee5[
  size=9
  solver=sudoku.model.BacktrackingSudokuSolver@120661d2
  board={{2,3,4,8,9,1,5,6,7},{8,5,1,2,6,7,3,4,9},{9,6,7,3,4,5,2,8,1},{1,7,5,4,2,8,6,9,3},{4,2,8,9,5,6,0,0,0},{0,0,0,0,0,0,0,0,0},{0,0,0,0,0,0,0,0,0},{0,0,0,0,0,0,0,0,0},{0,0,0,0,0,0,0,0,0}}
]
13:16:51.223 INFO  [main] SudokuBoard - Wartość 0 wstawiona nieprawidłowo
13:16:51.223 INFO  [main] SudokuBoard - Bład w kwadracie 0
sudoku.model.SudokuBoard@4fc1eee5[
  size=9
  solver=sudoku.model.BacktrackingSudokuSolver@120661d2
  board={{2,3,4,8,9,1,5,6,7},{8,5,1,2,6,7,3,4,9},{9,6,7,3,4,5,2,8,1},{1,7,5,4,2,8,6,9,3},{4,2,8,9,5,6,1,0,0},{0,0,0,0,0,0,0,0,0},{0,0,0,0,0,0,0,0,0},{0,0,0,0,0,0,0,0,0},{0,0,0,0,0,0,0,0,0}}
]
13:16:51.223 INFO  [main] SudokuBoard - Wartość 0 wstawiona nieprawidłowo
13:16:51.223 INFO  [main] SudokuBoard - Bład w kwadracie 0
sudoku.model.SudokuBoard@4fc1eee5[
  size=9
  solver=sudoku.model.BacktrackingSudokuSolver@120661d2
  board={{2,3,4,8,9,1,5,6,7},{8,5,1,2,6,7,3,4,9},{9,6,7,3,4,5,2,8,1},{1,7,5,4,2,8,6,9,3},{4,2,8,9,5,6,0,0,0},{0,0,0,0,0,0,0,0,0},{0,0,0,0,0,0,0,0,0},{0,0,0,0,0,0,0,0,0},{0,0,0,0,0,0,0,0,0}}
]
13:16:51.224 INFO  [main] SudokuBoard - Wartość 0 wstawiona nieprawidłowo
13:16:51.224 INFO  [main] SudokuBoard - Bład w kwadracie 0
sudoku.model.SudokuBoard@4fc1eee5[
  size=9
  solver=sudoku.model.BacktrackingSudokuSolver@120661d2
  board={{2,3,4,8,9,1,5,6,7},{8,5,1,2,6,7,3,4,9},{9,6,7,3,4,5,2,8,1},{1,7,5,4,2,8,6,9,3},{4,2,8,9,5,0,0,0,0},{0,0,0,0,0,0,0,0,0},{0,0,0,0,0,0,0,0,0},{0,0,0,0,0,0,0,0,0},{0,0,0,0,0,0,0,0,0}}
]
13:16:51.224 INFO  [main] SudokuBoard - Wartość 0 wstawiona nieprawidłowo
13:16:51.224 INFO  [main] SudokuBoard - Bład w kwadracie 0
sudoku.model.SudokuBoard@4fc1eee5[
  size=9
  solver=sudoku.model.BacktrackingSudokuSolver@120661d2
  board={{2,3,4,8,9,1,5,6,7},{8,5,1,2,6,7,3,4,9},{9,6,7,3,4,5,2,8,1},{1,7,5,4,2,8,6,9,3},{4,2,8,9,5,3,7,0,0},{0,0,0,0,0,0,0,0,0},{0,0,0,0,0,0,0,0,0},{0,0,0,0,0,0,0,0,0},{0,0,0,0,0,0,0,0,0}}
]
13:16:51.225 INFO  [main] SudokuBoard - Wartość 0 wstawiona nieprawidłowo
13:16:51.225 INFO  [main] SudokuBoard - Bład w kwadracie 0
sudoku.model.SudokuBoard@4fc1eee5[
  size=9
  solver=sudoku.model.BacktrackingSudokuSolver@120661d2
  board={{2,3,4,8,9,1,5,6,7},{8,5,1,2,6,7,3,4,9},{9,6,7,3,4,5,2,8,1},{1,7,5,4,2,8,6,9,3},{4,2,8,9,5,3,0,0,0},{0,0,0,0,0,0,0,0,0},{0,0,0,0,0,0,0,0,0},{0,0,0,0,0,0,0,0,0},{0,0,0,0,0,0,0,0,0}}
]
13:16:51.225 INFO  [main] SudokuBoard - Wartość 0 wstawiona nieprawidłowo
13:16:51.225 INFO  [main] SudokuBoard - Bład w kwadracie 0
sudoku.model.SudokuBoard@4fc1eee5[
  size=9
  solver=sudoku.model.BacktrackingSudokuSolver@120661d2
  board={{2,3,4,8,9,1,5,6,7},{8,5,1,2,6,7,3,4,9},{9,6,7,3,4,5,2,8,1},{1,7,5,4,2,8,6,9,3},{4,2,8,9,5,3,1,0,0},{0,0,0,0,0,0,0,0,0},{0,0,0,0,0,0,0,0,0},{0,0,0,0,0,0,0,0,0},{0,0,0,0,0,0,0,0,0}}
]
13:16:51.226 INFO  [main] SudokuBoard - Wartość 0 wstawiona nieprawidłowo
13:16:51.226 INFO  [main] SudokuBoard - Bład w kwadracie 0
sudoku.model.SudokuBoard@4fc1eee5[
  size=9
  solver=sudoku.model.BacktrackingSudokuSolver@120661d2
  board={{2,3,4,8,9,1,5,6,7},{8,5,1,2,6,7,3,4,9},{9,6,7,3,4,5,2,8,1},{1,7,5,4,2,8,6,9,3},{4,2,8,9,5,3,0,0,0},{0,0,0,0,0,0,0,0,0},{0,0,0,0,0,0,0,0,0},{0,0,0,0,0,0,0,0,0},{0,0,0,0,0,0,0,0,0}}
]
13:16:51.226 INFO  [main] SudokuBoard - Wartość 0 wstawiona nieprawidłowo
13:16:51.226 INFO  [main] SudokuBoard - Bład w kwadracie 0
sudoku.model.SudokuBoard@4fc1eee5[
  size=9
  solver=sudoku.model.BacktrackingSudokuSolver@120661d2
  board={{2,3,4,8,9,1,5,6,7},{8,5,1,2,6,7,3,4,9},{9,6,7,3,4,5,2,8,1},{1,7,5,4,2,8,6,9,3},{4,2,8,9,5,0,0,0,0},{0,0,0,0,0,0,0,0,0},{0,0,0,0,0,0,0,0,0},{0,0,0,0,0,0,0,0,0},{0,0,0,0,0,0,0,0,0}}
]
13:16:51.226 INFO  [main] SudokuBoard - Wartość 0 wstawiona nieprawidłowo
13:16:51.226 INFO  [main] SudokuBoard - Bład w kwadracie 0
sudoku.model.SudokuBoard@4fc1eee5[
  size=9
  solver=sudoku.model.BacktrackingSudokuSolver@120661d2
  board={{2,3,4,8,9,1,5,6,7},{8,5,1,2,6,7,3,4,9},{9,6,7,3,4,5,2,8,1},{1,7,5,4,2,8,6,9,3},{4,2,8,9,0,0,0,0,0},{0,0,0,0,0,0,0,0,0},{0,0,0,0,0,0,0,0,0},{0,0,0,0,0,0,0,0,0},{0,0,0,0,0,0,0,0,0}}
]
13:16:51.226 INFO  [main] SudokuBoard - Wartość 0 wstawiona nieprawidłowo
13:16:51.227 INFO  [main] SudokuBoard - Bład w kwadracie 0
sudoku.model.SudokuBoard@4fc1eee5[
  size=9
  solver=sudoku.model.BacktrackingSudokuSolver@120661d2
  board={{2,3,4,8,9,1,5,6,7},{8,5,1,2,6,7,3,4,9},{9,6,7,3,4,5,2,8,1},{1,7,5,4,2,8,6,9,3},{4,2,8,0,0,0,0,0,0},{0,0,0,0,0,0,0,0,0},{0,0,0,0,0,0,0,0,0},{0,0,0,0,0,0,0,0,0},{0,0,0,0,0,0,0,0,0}}
]
13:16:51.227 INFO  [main] SudokuBoard - Wartość 0 wstawiona nieprawidłowo
13:16:51.227 INFO  [main] SudokuBoard - Bład w kwadracie 0
sudoku.model.SudokuBoard@4fc1eee5[
  size=9
  solver=sudoku.model.BacktrackingSudokuSolver@120661d2
  board={{2,3,4,8,9,1,5,6,7},{8,5,1,2,6,7,3,4,9},{9,6,7,3,4,5,2,8,1},{1,7,5,4,2,8,6,9,3},{4,2,8,1,3,9,7,0,0},{0,0,0,0,0,0,0,0,0},{0,0,0,0,0,0,0,0,0},{0,0,0,0,0,0,0,0,0},{0,0,0,0,0,0,0,0,0}}
]
13:16:51.227 INFO  [main] SudokuBoard - Wartość 0 wstawiona nieprawidłowo
13:16:51.228 INFO  [main] SudokuBoard - Bład w kwadracie 0
sudoku.model.SudokuBoard@4fc1eee5[
  size=9
  solver=sudoku.model.BacktrackingSudokuSolver@120661d2
  board={{2,3,4,8,9,1,5,6,7},{8,5,1,2,6,7,3,4,9},{9,6,7,3,4,5,2,8,1},{1,7,5,4,2,8,6,9,3},{4,2,8,1,3,9,0,0,0},{0,0,0,0,0,0,0,0,0},{0,0,0,0,0,0,0,0,0},{0,0,0,0,0,0,0,0,0},{0,0,0,0,0,0,0,0,0}}
]
13:16:51.228 INFO  [main] SudokuBoard - Wartość 0 wstawiona nieprawidłowo
13:16:51.228 INFO  [main] SudokuBoard - Bład w kwadracie 0
sudoku.model.SudokuBoard@4fc1eee5[
  size=9
  solver=sudoku.model.BacktrackingSudokuSolver@120661d2
  board={{2,3,4,8,9,1,5,6,7},{8,5,1,2,6,7,3,4,9},{9,6,7,3,4,5,2,8,1},{1,7,5,4,2,8,6,9,3},{4,2,8,1,3,0,0,0,0},{0,0,0,0,0,0,0,0,0},{0,0,0,0,0,0,0,0,0},{0,0,0,0,0,0,0,0,0},{0,0,0,0,0,0,0,0,0}}
]
13:16:51.228 INFO  [main] SudokuBoard - Wartość 0 wstawiona nieprawidłowo
13:16:51.229 INFO  [main] SudokuBoard - Bład w kwadracie 0
sudoku.model.SudokuBoard@4fc1eee5[
  size=9
  solver=sudoku.model.BacktrackingSudokuSolver@120661d2
  board={{2,3,4,8,9,1,5,6,7},{8,5,1,2,6,7,3,4,9},{9,6,7,3,4,5,2,8,1},{1,7,5,4,2,8,6,9,3},{4,2,8,1,3,6,7,0,0},{0,0,0,0,0,0,0,0,0},{0,0,0,0,0,0,0,0,0},{0,0,0,0,0,0,0,0,0},{0,0,0,0,0,0,0,0,0}}
]
13:16:51.229 INFO  [main] SudokuBoard - Wartość 0 wstawiona nieprawidłowo
13:16:51.229 INFO  [main] SudokuBoard - Bład w kwadracie 0
sudoku.model.SudokuBoard@4fc1eee5[
  size=9
  solver=sudoku.model.BacktrackingSudokuSolver@120661d2
  board={{2,3,4,8,9,1,5,6,7},{8,5,1,2,6,7,3,4,9},{9,6,7,3,4,5,2,8,1},{1,7,5,4,2,8,6,9,3},{4,2,8,1,3,6,0,0,0},{0,0,0,0,0,0,0,0,0},{0,0,0,0,0,0,0,0,0},{0,0,0,0,0,0,0,0,0},{0,0,0,0,0,0,0,0,0}}
]
13:16:51.229 INFO  [main] SudokuBoard - Wartość 0 wstawiona nieprawidłowo
13:16:51.229 INFO  [main] SudokuBoard - Bład w kwadracie 0
sudoku.model.SudokuBoard@4fc1eee5[
  size=9
  solver=sudoku.model.BacktrackingSudokuSolver@120661d2
  board={{2,3,4,8,9,1,5,6,7},{8,5,1,2,6,7,3,4,9},{9,6,7,3,4,5,2,8,1},{1,7,5,4,2,8,6,9,3},{4,2,8,1,3,0,0,0,0},{0,0,0,0,0,0,0,0,0},{0,0,0,0,0,0,0,0,0},{0,0,0,0,0,0,0,0,0},{0,0,0,0,0,0,0,0,0}}
]
13:16:51.229 INFO  [main] SudokuBoard - Wartość 0 wstawiona nieprawidłowo
13:16:51.230 INFO  [main] SudokuBoard - Bład w kwadracie 0
sudoku.model.SudokuBoard@4fc1eee5[
  size=9
  solver=sudoku.model.BacktrackingSudokuSolver@120661d2
  board={{2,3,4,8,9,1,5,6,7},{8,5,1,2,6,7,3,4,9},{9,6,7,3,4,5,2,8,1},{1,7,5,4,2,8,6,9,3},{4,2,8,1,0,0,0,0,0},{0,0,0,0,0,0,0,0,0},{0,0,0,0,0,0,0,0,0},{0,0,0,0,0,0,0,0,0},{0,0,0,0,0,0,0,0,0}}
]
13:16:51.230 INFO  [main] SudokuBoard - Wartość 0 wstawiona nieprawidłowo
13:16:51.230 INFO  [main] SudokuBoard - Bład w kwadracie 0
sudoku.model.SudokuBoard@4fc1eee5[
  size=9
  solver=sudoku.model.BacktrackingSudokuSolver@120661d2
  board={{2,3,4,8,9,1,5,6,7},{8,5,1,2,6,7,3,4,9},{9,6,7,3,4,5,2,8,1},{1,7,5,4,2,8,6,9,3},{4,2,8,1,5,6,0,0,0},{0,0,0,0,0,0,0,0,0},{0,0,0,0,0,0,0,0,0},{0,0,0,0,0,0,0,0,0},{0,0,0,0,0,0,0,0,0}}
]
13:16:51.230 INFO  [main] SudokuBoard - Wartość 0 wstawiona nieprawidłowo
13:16:51.230 INFO  [main] SudokuBoard - Bład w kwadracie 0
sudoku.model.SudokuBoard@4fc1eee5[
  size=9
  solver=sudoku.model.BacktrackingSudokuSolver@120661d2
  board={{2,3,4,8,9,1,5,6,7},{8,5,1,2,6,7,3,4,9},{9,6,7,3,4,5,2,8,1},{1,7,5,4,2,8,6,9,3},{4,2,8,1,5,0,0,0,0},{0,0,0,0,0,0,0,0,0},{0,0,0,0,0,0,0,0,0},{0,0,0,0,0,0,0,0,0},{0,0,0,0,0,0,0,0,0}}
]
13:16:51.231 INFO  [main] SudokuBoard - Wartość 0 wstawiona nieprawidłowo
13:16:51.231 INFO  [main] SudokuBoard - Bład w kwadracie 0
sudoku.model.SudokuBoard@4fc1eee5[
  size=9
  solver=sudoku.model.BacktrackingSudokuSolver@120661d2
  board={{2,3,4,8,9,1,5,6,7},{8,5,1,2,6,7,3,4,9},{9,6,7,3,4,5,2,8,1},{1,7,5,4,2,8,6,9,3},{4,2,8,1,5,9,0,0,0},{0,0,0,0,0,0,0,0,0},{0,0,0,0,0,0,0,0,0},{0,0,0,0,0,0,0,0,0},{0,0,0,0,0,0,0,0,0}}
]
13:16:51.231 INFO  [main] SudokuBoard - Wartość 0 wstawiona nieprawidłowo
13:16:51.231 INFO  [main] SudokuBoard - Bład w kwadracie 0
sudoku.model.SudokuBoard@4fc1eee5[
  size=9
  solver=sudoku.model.BacktrackingSudokuSolver@120661d2
  board={{2,3,4,8,9,1,5,6,7},{8,5,1,2,6,7,3,4,9},{9,6,7,3,4,5,2,8,1},{1,7,5,4,2,8,6,9,3},{4,2,8,1,5,0,0,0,0},{0,0,0,0,0,0,0,0,0},{0,0,0,0,0,0,0,0,0},{0,0,0,0,0,0,0,0,0},{0,0,0,0,0,0,0,0,0}}
]
13:16:51.231 INFO  [main] SudokuBoard - Wartość 0 wstawiona nieprawidłowo
13:16:51.232 INFO  [main] SudokuBoard - Bład w kwadracie 0
sudoku.model.SudokuBoard@4fc1eee5[
  size=9
  solver=sudoku.model.BacktrackingSudokuSolver@120661d2
  board={{2,3,4,8,9,1,5,6,7},{8,5,1,2,6,7,3,4,9},{9,6,7,3,4,5,2,8,1},{1,7,5,4,2,8,6,9,3},{4,2,8,1,5,3,0,0,0},{0,0,0,0,0,0,0,0,0},{0,0,0,0,0,0,0,0,0},{0,0,0,0,0,0,0,0,0},{0,0,0,0,0,0,0,0,0}}
]
13:16:51.232 INFO  [main] SudokuBoard - Wartość 0 wstawiona nieprawidłowo
13:16:51.232 INFO  [main] SudokuBoard - Bład w kwadracie 0
sudoku.model.SudokuBoard@4fc1eee5[
  size=9
  solver=sudoku.model.BacktrackingSudokuSolver@120661d2
  board={{2,3,4,8,9,1,5,6,7},{8,5,1,2,6,7,3,4,9},{9,6,7,3,4,5,2,8,1},{1,7,5,4,2,8,6,9,3},{4,2,8,1,5,0,0,0,0},{0,0,0,0,0,0,0,0,0},{0,0,0,0,0,0,0,0,0},{0,0,0,0,0,0,0,0,0},{0,0,0,0,0,0,0,0,0}}
]
13:16:51.232 INFO  [main] SudokuBoard - Wartość 0 wstawiona nieprawidłowo
13:16:51.232 INFO  [main] SudokuBoard - Bład w kwadracie 0
sudoku.model.SudokuBoard@4fc1eee5[
  size=9
  solver=sudoku.model.BacktrackingSudokuSolver@120661d2
  board={{2,3,4,8,9,1,5,6,7},{8,5,1,2,6,7,3,4,9},{9,6,7,3,4,5,2,8,1},{1,7,5,4,2,8,6,9,3},{4,2,8,1,0,0,0,0,0},{0,0,0,0,0,0,0,0,0},{0,0,0,0,0,0,0,0,0},{0,0,0,0,0,0,0,0,0},{0,0,0,0,0,0,0,0,0}}
]
13:16:51.232 INFO  [main] SudokuBoard - Wartość 0 wstawiona nieprawidłowo
13:16:51.233 INFO  [main] SudokuBoard - Bład w kwadracie 0
sudoku.model.SudokuBoard@4fc1eee5[
  size=9
  solver=sudoku.model.BacktrackingSudokuSolver@120661d2
  board={{2,3,4,8,9,1,5,6,7},{8,5,1,2,6,7,3,4,9},{9,6,7,3,4,5,2,8,1},{1,7,5,4,2,8,6,9,3},{4,2,8,1,7,0,0,0,0},{0,0,0,0,0,0,0,0,0},{0,0,0,0,0,0,0,0,0},{0,0,0,0,0,0,0,0,0},{0,0,0,0,0,0,0,0,0}}
]
13:16:51.233 INFO  [main] SudokuBoard - Wartość 0 wstawiona nieprawidłowo
13:16:51.233 INFO  [main] SudokuBoard - Bład w kwadracie 0
sudoku.model.SudokuBoard@4fc1eee5[
  size=9
  solver=sudoku.model.BacktrackingSudokuSolver@120661d2
  board={{2,3,4,8,9,1,5,6,7},{8,5,1,2,6,7,3,4,9},{9,6,7,3,4,5,2,8,1},{1,7,5,4,2,8,6,9,3},{4,2,8,1,7,0,0,0,0},{0,0,0,0,0,0,0,0,0},{0,0,0,0,0,0,0,0,0},{0,0,0,0,0,0,0,0,0},{0,0,0,0,0,0,0,0,0}}
]
13:16:51.233 INFO  [main] SudokuBoard - Wartość 0 wstawiona nieprawidłowo
13:16:51.233 INFO  [main] SudokuBoard - Bład w kwadracie 0
sudoku.model.SudokuBoard@4fc1eee5[
  size=9
  solver=sudoku.model.BacktrackingSudokuSolver@120661d2
  board={{2,3,4,8,9,1,5,6,7},{8,5,1,2,6,7,3,4,9},{9,6,7,3,4,5,2,8,1},{1,7,5,4,2,8,6,9,3},{4,2,8,1,7,0,0,0,0},{0,0,0,0,0,0,0,0,0},{0,0,0,0,0,0,0,0,0},{0,0,0,0,0,0,0,0,0},{0,0,0,0,0,0,0,0,0}}
]
13:16:51.233 INFO  [main] SudokuBoard - Wartość 0 wstawiona nieprawidłowo
13:16:51.234 INFO  [main] SudokuBoard - Bład w kwadracie 0
sudoku.model.SudokuBoard@4fc1eee5[
  size=9
  solver=sudoku.model.BacktrackingSudokuSolver@120661d2
  board={{2,3,4,8,9,1,5,6,7},{8,5,1,2,6,7,3,4,9},{9,6,7,3,4,5,2,8,1},{1,7,5,4,2,8,6,9,3},{4,2,8,1,0,0,0,0,0},{0,0,0,0,0,0,0,0,0},{0,0,0,0,0,0,0,0,0},{0,0,0,0,0,0,0,0,0},{0,0,0,0,0,0,0,0,0}}
]
13:16:51.234 INFO  [main] SudokuBoard - Wartość 0 wstawiona nieprawidłowo
13:16:51.234 INFO  [main] SudokuBoard - Bład w kwadracie 0
sudoku.model.SudokuBoard@4fc1eee5[
  size=9
  solver=sudoku.model.BacktrackingSudokuSolver@120661d2
  board={{2,3,4,8,9,1,5,6,7},{8,5,1,2,6,7,3,4,9},{9,6,7,3,4,5,2,8,1},{1,7,5,4,2,8,6,9,3},{4,2,8,0,0,0,0,0,0},{0,0,0,0,0,0,0,0,0},{0,0,0,0,0,0,0,0,0},{0,0,0,0,0,0,0,0,0},{0,0,0,0,0,0,0,0,0}}
]
13:16:51.235 INFO  [main] SudokuBoard - Wartość 0 wstawiona nieprawidłowo
13:16:51.235 INFO  [main] SudokuBoard - Bład w kwadracie 0
sudoku.model.SudokuBoard@4fc1eee5[
  size=9
  solver=sudoku.model.BacktrackingSudokuSolver@120661d2
  board={{2,3,4,8,9,1,5,6,7},{8,5,1,2,6,7,3,4,9},{9,6,7,3,4,5,2,8,1},{1,7,5,4,2,8,6,9,3},{4,2,8,5,7,9,0,0,0},{0,0,0,0,0,0,0,0,0},{0,0,0,0,0,0,0,0,0},{0,0,0,0,0,0,0,0,0},{0,0,0,0,0,0,0,0,0}}
]
13:16:51.235 INFO  [main] SudokuBoard - Wartość 0 wstawiona nieprawidłowo
13:16:51.235 INFO  [main] SudokuBoard - Bład w kwadracie 0
sudoku.model.SudokuBoard@4fc1eee5[
  size=9
  solver=sudoku.model.BacktrackingSudokuSolver@120661d2
  board={{2,3,4,8,9,1,5,6,7},{8,5,1,2,6,7,3,4,9},{9,6,7,3,4,5,2,8,1},{1,7,5,4,2,8,6,9,3},{4,2,8,5,7,0,0,0,0},{0,0,0,0,0,0,0,0,0},{0,0,0,0,0,0,0,0,0},{0,0,0,0,0,0,0,0,0},{0,0,0,0,0,0,0,0,0}}
]
13:16:51.235 INFO  [main] SudokuBoard - Wartość 0 wstawiona nieprawidłowo
13:16:51.236 INFO  [main] SudokuBoard - Bład w kwadracie 0
sudoku.model.SudokuBoard@4fc1eee5[
  size=9
  solver=sudoku.model.BacktrackingSudokuSolver@120661d2
  board={{2,3,4,8,9,1,5,6,7},{8,5,1,2,6,7,3,4,9},{9,6,7,3,4,5,2,8,1},{1,7,5,4,2,8,6,9,3},{4,2,8,5,7,3,0,0,0},{0,0,0,0,0,0,0,0,0},{0,0,0,0,0,0,0,0,0},{0,0,0,0,0,0,0,0,0},{0,0,0,0,0,0,0,0,0}}
]
13:16:51.236 INFO  [main] SudokuBoard - Wartość 0 wstawiona nieprawidłowo
13:16:51.236 INFO  [main] SudokuBoard - Bład w kwadracie 0
sudoku.model.SudokuBoard@4fc1eee5[
  size=9
  solver=sudoku.model.BacktrackingSudokuSolver@120661d2
  board={{2,3,4,8,9,1,5,6,7},{8,5,1,2,6,7,3,4,9},{9,6,7,3,4,5,2,8,1},{1,7,5,4,2,8,6,9,3},{4,2,8,5,7,0,0,0,0},{0,0,0,0,0,0,0,0,0},{0,0,0,0,0,0,0,0,0},{0,0,0,0,0,0,0,0,0},{0,0,0,0,0,0,0,0,0}}
]
13:16:51.236 INFO  [main] SudokuBoard - Wartość 0 wstawiona nieprawidłowo
13:16:51.236 INFO  [main] SudokuBoard - Bład w kwadracie 0
sudoku.model.SudokuBoard@4fc1eee5[
  size=9
  solver=sudoku.model.BacktrackingSudokuSolver@120661d2
  board={{2,3,4,8,9,1,5,6,7},{8,5,1,2,6,7,3,4,9},{9,6,7,3,4,5,2,8,1},{1,7,5,4,2,8,6,9,3},{4,2,8,5,7,6,0,0,0},{0,0,0,0,0,0,0,0,0},{0,0,0,0,0,0,0,0,0},{0,0,0,0,0,0,0,0,0},{0,0,0,0,0,0,0,0,0}}
]
13:16:51.236 INFO  [main] SudokuBoard - Wartość 0 wstawiona nieprawidłowo
13:16:51.238 INFO  [main] SudokuBoard - Bład w kwadracie 0
sudoku.model.SudokuBoard@4fc1eee5[
  size=9
  solver=sudoku.model.BacktrackingSudokuSolver@120661d2
  board={{2,3,4,8,9,1,5,6,7},{8,5,1,2,6,7,3,4,9},{9,6,7,3,4,5,2,8,1},{1,7,5,4,2,8,6,9,3},{4,2,8,5,7,0,0,0,0},{0,0,0,0,0,0,0,0,0},{0,0,0,0,0,0,0,0,0},{0,0,0,0,0,0,0,0,0},{0,0,0,0,0,0,0,0,0}}
]
13:16:51.239 INFO  [main] SudokuBoard - Wartość 0 wstawiona nieprawidłowo
13:16:51.239 INFO  [main] SudokuBoard - Bład w kwadracie 0
sudoku.model.SudokuBoard@4fc1eee5[
  size=9
  solver=sudoku.model.BacktrackingSudokuSolver@120661d2
  board={{2,3,4,8,9,1,5,6,7},{8,5,1,2,6,7,3,4,9},{9,6,7,3,4,5,2,8,1},{1,7,5,4,2,8,6,9,3},{4,2,8,5,0,0,0,0,0},{0,0,0,0,0,0,0,0,0},{0,0,0,0,0,0,0,0,0},{0,0,0,0,0,0,0,0,0},{0,0,0,0,0,0,0,0,0}}
]
13:16:51.239 INFO  [main] SudokuBoard - Wartość 0 wstawiona nieprawidłowo
13:16:51.240 INFO  [main] SudokuBoard - Bład w kwadracie 0
sudoku.model.SudokuBoard@4fc1eee5[
  size=9
  solver=sudoku.model.BacktrackingSudokuSolver@120661d2
  board={{2,3,4,8,9,1,5,6,7},{8,5,1,2,6,7,3,4,9},{9,6,7,3,4,5,2,8,1},{1,7,5,4,2,8,6,9,3},{4,2,8,5,1,3,0,0,0},{0,0,0,0,0,0,0,0,0},{0,0,0,0,0,0,0,0,0},{0,0,0,0,0,0,0,0,0},{0,0,0,0,0,0,0,0,0}}
]
13:16:51.240 INFO  [main] SudokuBoard - Wartość 0 wstawiona nieprawidłowo
13:16:51.240 INFO  [main] SudokuBoard - Bład w kwadracie 0
sudoku.model.SudokuBoard@4fc1eee5[
  size=9
  solver=sudoku.model.BacktrackingSudokuSolver@120661d2
  board={{2,3,4,8,9,1,5,6,7},{8,5,1,2,6,7,3,4,9},{9,6,7,3,4,5,2,8,1},{1,7,5,4,2,8,6,9,3},{4,2,8,5,1,0,0,0,0},{0,0,0,0,0,0,0,0,0},{0,0,0,0,0,0,0,0,0},{0,0,0,0,0,0,0,0,0},{0,0,0,0,0,0,0,0,0}}
]
13:16:51.240 INFO  [main] SudokuBoard - Wartość 0 wstawiona nieprawidłowo
13:16:51.241 INFO  [main] SudokuBoard - Bład w kwadracie 0
sudoku.model.SudokuBoard@4fc1eee5[
  size=9
  solver=sudoku.model.BacktrackingSudokuSolver@120661d2
  board={{2,3,4,8,9,1,5,6,7},{8,5,1,2,6,7,3,4,9},{9,6,7,3,4,5,2,8,1},{1,7,5,4,2,8,6,9,3},{4,2,8,5,1,6,0,0,0},{0,0,0,0,0,0,0,0,0},{0,0,0,0,0,0,0,0,0},{0,0,0,0,0,0,0,0,0},{0,0,0,0,0,0,0,0,0}}
]
13:16:51.241 INFO  [main] SudokuBoard - Wartość 0 wstawiona nieprawidłowo
13:16:51.241 INFO  [main] SudokuBoard - Bład w kwadracie 0
sudoku.model.SudokuBoard@4fc1eee5[
  size=9
  solver=sudoku.model.BacktrackingSudokuSolver@120661d2
  board={{2,3,4,8,9,1,5,6,7},{8,5,1,2,6,7,3,4,9},{9,6,7,3,4,5,2,8,1},{1,7,5,4,2,8,6,9,3},{4,2,8,5,1,0,0,0,0},{0,0,0,0,0,0,0,0,0},{0,0,0,0,0,0,0,0,0},{0,0,0,0,0,0,0,0,0},{0,0,0,0,0,0,0,0,0}}
]
13:16:51.241 INFO  [main] SudokuBoard - Wartość 0 wstawiona nieprawidłowo
13:16:51.242 INFO  [main] SudokuBoard - Bład w kwadracie 0
sudoku.model.SudokuBoard@4fc1eee5[
  size=9
  solver=sudoku.model.BacktrackingSudokuSolver@120661d2
  board={{2,3,4,8,9,1,5,6,7},{8,5,1,2,6,7,3,4,9},{9,6,7,3,4,5,2,8,1},{1,7,5,4,2,8,6,9,3},{4,2,8,5,1,9,0,0,0},{0,0,0,0,0,0,0,0,0},{0,0,0,0,0,0,0,0,0},{0,0,0,0,0,0,0,0,0},{0,0,0,0,0,0,0,0,0}}
]
13:16:51.242 INFO  [main] SudokuBoard - Wartość 0 wstawiona nieprawidłowo
13:16:51.242 INFO  [main] SudokuBoard - Bład w kwadracie 0
sudoku.model.SudokuBoard@4fc1eee5[
  size=9
  solver=sudoku.model.BacktrackingSudokuSolver@120661d2
  board={{2,3,4,8,9,1,5,6,7},{8,5,1,2,6,7,3,4,9},{9,6,7,3,4,5,2,8,1},{1,7,5,4,2,8,6,9,3},{4,2,8,5,1,0,0,0,0},{0,0,0,0,0,0,0,0,0},{0,0,0,0,0,0,0,0,0},{0,0,0,0,0,0,0,0,0},{0,0,0,0,0,0,0,0,0}}
]
13:16:51.242 INFO  [main] SudokuBoard - Wartość 0 wstawiona nieprawidłowo
13:16:51.242 INFO  [main] SudokuBoard - Bład w kwadracie 0
sudoku.model.SudokuBoard@4fc1eee5[
  size=9
  solver=sudoku.model.BacktrackingSudokuSolver@120661d2
  board={{2,3,4,8,9,1,5,6,7},{8,5,1,2,6,7,3,4,9},{9,6,7,3,4,5,2,8,1},{1,7,5,4,2,8,6,9,3},{4,2,8,5,0,0,0,0,0},{0,0,0,0,0,0,0,0,0},{0,0,0,0,0,0,0,0,0},{0,0,0,0,0,0,0,0,0},{0,0,0,0,0,0,0,0,0}}
]
13:16:51.242 INFO  [main] SudokuBoard - Wartość 0 wstawiona nieprawidłowo
13:16:51.243 INFO  [main] SudokuBoard - Bład w kwadracie 0
sudoku.model.SudokuBoard@4fc1eee5[
  size=9
  solver=sudoku.model.BacktrackingSudokuSolver@120661d2
  board={{2,3,4,8,9,1,5,6,7},{8,5,1,2,6,7,3,4,9},{9,6,7,3,4,5,2,8,1},{1,7,5,4,2,8,6,9,3},{4,2,8,5,3,6,7,0,0},{0,0,0,0,0,0,0,0,0},{0,0,0,0,0,0,0,0,0},{0,0,0,0,0,0,0,0,0},{0,0,0,0,0,0,0,0,0}}
]
13:16:51.243 INFO  [main] SudokuBoard - Wartość 0 wstawiona nieprawidłowo
13:16:51.243 INFO  [main] SudokuBoard - Bład w kwadracie 0
sudoku.model.SudokuBoard@4fc1eee5[
  size=9
  solver=sudoku.model.BacktrackingSudokuSolver@120661d2
  board={{2,3,4,8,9,1,5,6,7},{8,5,1,2,6,7,3,4,9},{9,6,7,3,4,5,2,8,1},{1,7,5,4,2,8,6,9,3},{4,2,8,5,3,6,0,0,0},{0,0,0,0,0,0,0,0,0},{0,0,0,0,0,0,0,0,0},{0,0,0,0,0,0,0,0,0},{0,0,0,0,0,0,0,0,0}}
]
13:16:51.243 INFO  [main] SudokuBoard - Wartość 0 wstawiona nieprawidłowo
13:16:51.243 INFO  [main] SudokuBoard - Bład w kwadracie 0
sudoku.model.SudokuBoard@4fc1eee5[
  size=9
  solver=sudoku.model.BacktrackingSudokuSolver@120661d2
  board={{2,3,4,8,9,1,5,6,7},{8,5,1,2,6,7,3,4,9},{9,6,7,3,4,5,2,8,1},{1,7,5,4,2,8,6,9,3},{4,2,8,5,3,6,1,0,0},{0,0,0,0,0,0,0,0,0},{0,0,0,0,0,0,0,0,0},{0,0,0,0,0,0,0,0,0},{0,0,0,0,0,0,0,0,0}}
]
13:16:51.243 INFO  [main] SudokuBoard - Wartość 0 wstawiona nieprawidłowo
13:16:51.244 INFO  [main] SudokuBoard - Bład w kwadracie 0
sudoku.model.SudokuBoard@4fc1eee5[
  size=9
  solver=sudoku.model.BacktrackingSudokuSolver@120661d2
  board={{2,3,4,8,9,1,5,6,7},{8,5,1,2,6,7,3,4,9},{9,6,7,3,4,5,2,8,1},{1,7,5,4,2,8,6,9,3},{4,2,8,5,3,6,0,0,0},{0,0,0,0,0,0,0,0,0},{0,0,0,0,0,0,0,0,0},{0,0,0,0,0,0,0,0,0},{0,0,0,0,0,0,0,0,0}}
]
13:16:51.244 INFO  [main] SudokuBoard - Wartość 0 wstawiona nieprawidłowo
13:16:51.244 INFO  [main] SudokuBoard - Bład w kwadracie 0
sudoku.model.SudokuBoard@4fc1eee5[
  size=9
  solver=sudoku.model.BacktrackingSudokuSolver@120661d2
  board={{2,3,4,8,9,1,5,6,7},{8,5,1,2,6,7,3,4,9},{9,6,7,3,4,5,2,8,1},{1,7,5,4,2,8,6,9,3},{4,2,8,5,3,0,0,0,0},{0,0,0,0,0,0,0,0,0},{0,0,0,0,0,0,0,0,0},{0,0,0,0,0,0,0,0,0},{0,0,0,0,0,0,0,0,0}}
]
13:16:51.244 INFO  [main] SudokuBoard - Wartość 0 wstawiona nieprawidłowo
13:16:51.244 INFO  [main] SudokuBoard - Bład w kwadracie 0
sudoku.model.SudokuBoard@4fc1eee5[
  size=9
  solver=sudoku.model.BacktrackingSudokuSolver@120661d2
  board={{2,3,4,8,9,1,5,6,7},{8,5,1,2,6,7,3,4,9},{9,6,7,3,4,5,2,8,1},{1,7,5,4,2,8,6,9,3},{4,2,8,5,3,9,7,0,0},{0,0,0,0,0,0,0,0,0},{0,0,0,0,0,0,0,0,0},{0,0,0,0,0,0,0,0,0},{0,0,0,0,0,0,0,0,0}}
]
13:16:51.245 INFO  [main] SudokuBoard - Wartość 0 wstawiona nieprawidłowo
13:16:51.245 INFO  [main] SudokuBoard - Bład w kwadracie 0
sudoku.model.SudokuBoard@4fc1eee5[
  size=9
  solver=sudoku.model.BacktrackingSudokuSolver@120661d2
  board={{2,3,4,8,9,1,5,6,7},{8,5,1,2,6,7,3,4,9},{9,6,7,3,4,5,2,8,1},{1,7,5,4,2,8,6,9,3},{4,2,8,5,3,9,0,0,0},{0,0,0,0,0,0,0,0,0},{0,0,0,0,0,0,0,0,0},{0,0,0,0,0,0,0,0,0},{0,0,0,0,0,0,0,0,0}}
]
13:16:51.245 INFO  [main] SudokuBoard - Wartość 0 wstawiona nieprawidłowo
13:16:51.245 INFO  [main] SudokuBoard - Bład w kwadracie 0
sudoku.model.SudokuBoard@4fc1eee5[
  size=9
  solver=sudoku.model.BacktrackingSudokuSolver@120661d2
  board={{2,3,4,8,9,1,5,6,7},{8,5,1,2,6,7,3,4,9},{9,6,7,3,4,5,2,8,1},{1,7,5,4,2,8,6,9,3},{4,2,8,5,3,9,1,0,0},{0,0,0,0,0,0,0,0,0},{0,0,0,0,0,0,0,0,0},{0,0,0,0,0,0,0,0,0},{0,0,0,0,0,0,0,0,0}}
]
13:16:51.245 INFO  [main] SudokuBoard - Wartość 0 wstawiona nieprawidłowo
13:16:51.245 INFO  [main] SudokuBoard - Bład w kwadracie 0
sudoku.model.SudokuBoard@4fc1eee5[
  size=9
  solver=sudoku.model.BacktrackingSudokuSolver@120661d2
  board={{2,3,4,8,9,1,5,6,7},{8,5,1,2,6,7,3,4,9},{9,6,7,3,4,5,2,8,1},{1,7,5,4,2,8,6,9,3},{4,2,8,5,3,9,0,0,0},{0,0,0,0,0,0,0,0,0},{0,0,0,0,0,0,0,0,0},{0,0,0,0,0,0,0,0,0},{0,0,0,0,0,0,0,0,0}}
]
13:16:51.245 INFO  [main] SudokuBoard - Wartość 0 wstawiona nieprawidłowo
13:16:51.246 INFO  [main] SudokuBoard - Bład w kwadracie 0
sudoku.model.SudokuBoard@4fc1eee5[
  size=9
  solver=sudoku.model.BacktrackingSudokuSolver@120661d2
  board={{2,3,4,8,9,1,5,6,7},{8,5,1,2,6,7,3,4,9},{9,6,7,3,4,5,2,8,1},{1,7,5,4,2,8,6,9,3},{4,2,8,5,3,0,0,0,0},{0,0,0,0,0,0,0,0,0},{0,0,0,0,0,0,0,0,0},{0,0,0,0,0,0,0,0,0},{0,0,0,0,0,0,0,0,0}}
]
13:16:51.246 INFO  [main] SudokuBoard - Wartość 0 wstawiona nieprawidłowo
13:16:51.246 INFO  [main] SudokuBoard - Bład w kwadracie 0
sudoku.model.SudokuBoard@4fc1eee5[
  size=9
  solver=sudoku.model.BacktrackingSudokuSolver@120661d2
  board={{2,3,4,8,9,1,5,6,7},{8,5,1,2,6,7,3,4,9},{9,6,7,3,4,5,2,8,1},{1,7,5,4,2,8,6,9,3},{4,2,8,5,0,0,0,0,0},{0,0,0,0,0,0,0,0,0},{0,0,0,0,0,0,0,0,0},{0,0,0,0,0,0,0,0,0},{0,0,0,0,0,0,0,0,0}}
]
13:16:51.246 INFO  [main] SudokuBoard - Wartość 0 wstawiona nieprawidłowo
13:16:51.246 INFO  [main] SudokuBoard - Bład w kwadracie 0
sudoku.model.SudokuBoard@4fc1eee5[
  size=9
  solver=sudoku.model.BacktrackingSudokuSolver@120661d2
  board={{2,3,4,8,9,1,5,6,7},{8,5,1,2,6,7,3,4,9},{9,6,7,3,4,5,2,8,1},{1,7,5,4,2,8,6,9,3},{4,2,8,0,0,0,0,0,0},{0,0,0,0,0,0,0,0,0},{0,0,0,0,0,0,0,0,0},{0,0,0,0,0,0,0,0,0},{0,0,0,0,0,0,0,0,0}}
]
13:16:51.246 INFO  [main] SudokuBoard - Wartość 0 wstawiona nieprawidłowo
13:16:51.247 INFO  [main] SudokuBoard - Bład w kwadracie 0
sudoku.model.SudokuBoard@4fc1eee5[
  size=9
  solver=sudoku.model.BacktrackingSudokuSolver@120661d2
  board={{2,3,4,8,9,1,5,6,7},{8,5,1,2,6,7,3,4,9},{9,6,7,3,4,5,2,8,1},{1,7,5,4,2,8,6,9,3},{4,2,8,6,7,9,1,0,0},{0,0,0,0,0,0,0,0,0},{0,0,0,0,0,0,0,0,0},{0,0,0,0,0,0,0,0,0},{0,0,0,0,0,0,0,0,0}}
]
13:16:51.247 INFO  [main] SudokuBoard - Wartość 0 wstawiona nieprawidłowo
13:16:51.247 INFO  [main] SudokuBoard - Bład w kwadracie 0
sudoku.model.SudokuBoard@4fc1eee5[
  size=9
  solver=sudoku.model.BacktrackingSudokuSolver@120661d2
  board={{2,3,4,8,9,1,5,6,7},{8,5,1,2,6,7,3,4,9},{9,6,7,3,4,5,2,8,1},{1,7,5,4,2,8,6,9,3},{4,2,8,6,7,9,0,0,0},{0,0,0,0,0,0,0,0,0},{0,0,0,0,0,0,0,0,0},{0,0,0,0,0,0,0,0,0},{0,0,0,0,0,0,0,0,0}}
]
13:16:51.247 INFO  [main] SudokuBoard - Wartość 0 wstawiona nieprawidłowo
13:16:51.247 INFO  [main] SudokuBoard - Bład w kwadracie 0
sudoku.model.SudokuBoard@4fc1eee5[
  size=9
  solver=sudoku.model.BacktrackingSudokuSolver@120661d2
  board={{2,3,4,8,9,1,5,6,7},{8,5,1,2,6,7,3,4,9},{9,6,7,3,4,5,2,8,1},{1,7,5,4,2,8,6,9,3},{4,2,8,6,7,0,0,0,0},{0,0,0,0,0,0,0,0,0},{0,0,0,0,0,0,0,0,0},{0,0,0,0,0,0,0,0,0},{0,0,0,0,0,0,0,0,0}}
]
13:16:51.247 INFO  [main] SudokuBoard - Wartość 0 wstawiona nieprawidłowo
13:16:51.248 INFO  [main] SudokuBoard - Bład w kwadracie 0
sudoku.model.SudokuBoard@4fc1eee5[
  size=9
  solver=sudoku.model.BacktrackingSudokuSolver@120661d2
  board={{2,3,4,8,9,1,5,6,7},{8,5,1,2,6,7,3,4,9},{9,6,7,3,4,5,2,8,1},{1,7,5,4,2,8,6,9,3},{4,2,8,6,7,3,1,0,0},{0,0,0,0,0,0,0,0,0},{0,0,0,0,0,0,0,0,0},{0,0,0,0,0,0,0,0,0},{0,0,0,0,0,0,0,0,0}}
]
13:16:51.248 INFO  [main] SudokuBoard - Wartość 0 wstawiona nieprawidłowo
13:16:51.248 INFO  [main] SudokuBoard - Bład w kwadracie 0
sudoku.model.SudokuBoard@4fc1eee5[
  size=9
  solver=sudoku.model.BacktrackingSudokuSolver@120661d2
  board={{2,3,4,8,9,1,5,6,7},{8,5,1,2,6,7,3,4,9},{9,6,7,3,4,5,2,8,1},{1,7,5,4,2,8,6,9,3},{4,2,8,6,7,3,0,0,0},{0,0,0,0,0,0,0,0,0},{0,0,0,0,0,0,0,0,0},{0,0,0,0,0,0,0,0,0},{0,0,0,0,0,0,0,0,0}}
]
13:16:51.248 INFO  [main] SudokuBoard - Wartość 0 wstawiona nieprawidłowo
13:16:51.249 INFO  [main] SudokuBoard - Bład w kwadracie 0
sudoku.model.SudokuBoard@4fc1eee5[
  size=9
  solver=sudoku.model.BacktrackingSudokuSolver@120661d2
  board={{2,3,4,8,9,1,5,6,7},{8,5,1,2,6,7,3,4,9},{9,6,7,3,4,5,2,8,1},{1,7,5,4,2,8,6,9,3},{4,2,8,6,7,0,0,0,0},{0,0,0,0,0,0,0,0,0},{0,0,0,0,0,0,0,0,0},{0,0,0,0,0,0,0,0,0},{0,0,0,0,0,0,0,0,0}}
]
13:16:51.249 INFO  [main] SudokuBoard - Wartość 0 wstawiona nieprawidłowo
13:16:51.249 INFO  [main] SudokuBoard - Bład w kwadracie 0
sudoku.model.SudokuBoard@4fc1eee5[
  size=9
  solver=sudoku.model.BacktrackingSudokuSolver@120661d2
  board={{2,3,4,8,9,1,5,6,7},{8,5,1,2,6,7,3,4,9},{9,6,7,3,4,5,2,8,1},{1,7,5,4,2,8,6,9,3},{4,2,8,6,0,0,0,0,0},{0,0,0,0,0,0,0,0,0},{0,0,0,0,0,0,0,0,0},{0,0,0,0,0,0,0,0,0},{0,0,0,0,0,0,0,0,0}}
]
13:16:51.249 INFO  [main] SudokuBoard - Wartość 0 wstawiona nieprawidłowo
13:16:51.249 INFO  [main] SudokuBoard - Bład w kwadracie 0
sudoku.model.SudokuBoard@4fc1eee5[
  size=9
  solver=sudoku.model.BacktrackingSudokuSolver@120661d2
  board={{2,3,4,8,9,1,5,6,7},{8,5,1,2,6,7,3,4,9},{9,6,7,3,4,5,2,8,1},{1,7,5,4,2,8,6,9,3},{4,2,8,6,1,3,7,0,0},{0,0,0,0,0,0,0,0,0},{0,0,0,0,0,0,0,0,0},{0,0,0,0,0,0,0,0,0},{0,0,0,0,0,0,0,0,0}}
]
13:16:51.249 INFO  [main] SudokuBoard - Wartość 0 wstawiona nieprawidłowo
13:16:51.249 INFO  [main] SudokuBoard - Bład w kwadracie 0
sudoku.model.SudokuBoard@4fc1eee5[
  size=9
  solver=sudoku.model.BacktrackingSudokuSolver@120661d2
  board={{2,3,4,8,9,1,5,6,7},{8,5,1,2,6,7,3,4,9},{9,6,7,3,4,5,2,8,1},{1,7,5,4,2,8,6,9,3},{4,2,8,6,1,3,0,0,0},{0,0,0,0,0,0,0,0,0},{0,0,0,0,0,0,0,0,0},{0,0,0,0,0,0,0,0,0},{0,0,0,0,0,0,0,0,0}}
]
13:16:51.249 INFO  [main] SudokuBoard - Wartość 0 wstawiona nieprawidłowo
13:16:51.250 INFO  [main] SudokuBoard - Bład w kwadracie 0
sudoku.model.SudokuBoard@4fc1eee5[
  size=9
  solver=sudoku.model.BacktrackingSudokuSolver@120661d2
  board={{2,3,4,8,9,1,5,6,7},{8,5,1,2,6,7,3,4,9},{9,6,7,3,4,5,2,8,1},{1,7,5,4,2,8,6,9,3},{4,2,8,6,1,0,0,0,0},{0,0,0,0,0,0,0,0,0},{0,0,0,0,0,0,0,0,0},{0,0,0,0,0,0,0,0,0},{0,0,0,0,0,0,0,0,0}}
]
13:16:51.250 INFO  [main] SudokuBoard - Wartość 0 wstawiona nieprawidłowo
13:16:51.250 INFO  [main] SudokuBoard - Bład w kwadracie 0
sudoku.model.SudokuBoard@4fc1eee5[
  size=9
  solver=sudoku.model.BacktrackingSudokuSolver@120661d2
  board={{2,3,4,8,9,1,5,6,7},{8,5,1,2,6,7,3,4,9},{9,6,7,3,4,5,2,8,1},{1,7,5,4,2,8,6,9,3},{4,2,8,6,1,9,7,0,0},{0,0,0,0,0,0,0,0,0},{0,0,0,0,0,0,0,0,0},{0,0,0,0,0,0,0,0,0},{0,0,0,0,0,0,0,0,0}}
]
13:16:51.250 INFO  [main] SudokuBoard - Wartość 0 wstawiona nieprawidłowo
13:16:51.250 INFO  [main] SudokuBoard - Bład w kwadracie 0
sudoku.model.SudokuBoard@4fc1eee5[
  size=9
  solver=sudoku.model.BacktrackingSudokuSolver@120661d2
  board={{2,3,4,8,9,1,5,6,7},{8,5,1,2,6,7,3,4,9},{9,6,7,3,4,5,2,8,1},{1,7,5,4,2,8,6,9,3},{4,2,8,6,1,9,0,0,0},{0,0,0,0,0,0,0,0,0},{0,0,0,0,0,0,0,0,0},{0,0,0,0,0,0,0,0,0},{0,0,0,0,0,0,0,0,0}}
]
13:16:51.250 INFO  [main] SudokuBoard - Wartość 0 wstawiona nieprawidłowo
13:16:51.266 INFO  [main] SudokuBoard - Bład w kwadracie 0
sudoku.model.SudokuBoard@4fc1eee5[
  size=9
  solver=sudoku.model.BacktrackingSudokuSolver@120661d2
  board={{2,3,4,8,9,1,5,6,7},{8,5,1,2,6,7,3,4,9},{9,6,7,3,4,5,2,8,1},{1,7,5,4,2,8,6,9,3},{4,2,8,6,1,0,0,0,0},{0,0,0,0,0,0,0,0,0},{0,0,0,0,0,0,0,0,0},{0,0,0,0,0,0,0,0,0},{0,0,0,0,0,0,0,0,0}}
]
13:16:51.266 INFO  [main] SudokuBoard - Wartość 0 wstawiona nieprawidłowo
13:16:51.266 INFO  [main] SudokuBoard - Bład w kwadracie 0
sudoku.model.SudokuBoard@4fc1eee5[
  size=9
  solver=sudoku.model.BacktrackingSudokuSolver@120661d2
  board={{2,3,4,8,9,1,5,6,7},{8,5,1,2,6,7,3,4,9},{9,6,7,3,4,5,2,8,1},{1,7,5,4,2,8,6,9,3},{4,2,8,6,0,0,0,0,0},{0,0,0,0,0,0,0,0,0},{0,0,0,0,0,0,0,0,0},{0,0,0,0,0,0,0,0,0},{0,0,0,0,0,0,0,0,0}}
]
13:16:51.266 INFO  [main] SudokuBoard - Wartość 0 wstawiona nieprawidłowo
13:16:51.266 INFO  [main] SudokuBoard - Bład w kwadracie 0
sudoku.model.SudokuBoard@4fc1eee5[
  size=9
  solver=sudoku.model.BacktrackingSudokuSolver@120661d2
  board={{2,3,4,8,9,1,5,6,7},{8,5,1,2,6,7,3,4,9},{9,6,7,3,4,5,2,8,1},{1,7,5,4,2,8,6,9,3},{4,2,8,6,3,9,7,0,0},{0,0,0,0,0,0,0,0,0},{0,0,0,0,0,0,0,0,0},{0,0,0,0,0,0,0,0,0},{0,0,0,0,0,0,0,0,0}}
]
13:16:51.267 INFO  [main] SudokuBoard - Wartość 0 wstawiona nieprawidłowo
13:16:51.267 INFO  [main] SudokuBoard - Bład w kwadracie 0
sudoku.model.SudokuBoard@4fc1eee5[
  size=9
  solver=sudoku.model.BacktrackingSudokuSolver@120661d2
  board={{2,3,4,8,9,1,5,6,7},{8,5,1,2,6,7,3,4,9},{9,6,7,3,4,5,2,8,1},{1,7,5,4,2,8,6,9,3},{4,2,8,6,3,9,7,1,5},{3,9,6,5,0,0,0,0,0},{0,0,0,0,0,0,0,0,0},{0,0,0,0,0,0,0,0,0},{0,0,0,0,0,0,0,0,0}}
]
13:16:51.267 INFO  [main] SudokuBoard - Wartość 0 wstawiona nieprawidłowo
13:16:51.267 INFO  [main] SudokuBoard - Bład w kwadracie 0
sudoku.model.SudokuBoard@4fc1eee5[
  size=9
  solver=sudoku.model.BacktrackingSudokuSolver@120661d2
  board={{2,3,4,8,9,1,5,6,7},{8,5,1,2,6,7,3,4,9},{9,6,7,3,4,5,2,8,1},{1,7,5,4,2,8,6,9,3},{4,2,8,6,3,9,7,1,5},{3,9,6,5,0,0,0,0,0},{0,0,0,0,0,0,0,0,0},{0,0,0,0,0,0,0,0,0},{0,0,0,0,0,0,0,0,0}}
]
13:16:51.267 INFO  [main] SudokuBoard - Wartość 0 wstawiona nieprawidłowo
13:16:51.267 INFO  [main] SudokuBoard - Bład w kwadracie 0
sudoku.model.SudokuBoard@4fc1eee5[
  size=9
  solver=sudoku.model.BacktrackingSudokuSolver@120661d2
  board={{2,3,4,8,9,1,5,6,7},{8,5,1,2,6,7,3,4,9},{9,6,7,3,4,5,2,8,1},{1,7,5,4,2,8,6,9,3},{4,2,8,6,3,9,7,1,5},{3,9,6,0,0,0,0,0,0},{0,0,0,0,0,0,0,0,0},{0,0,0,0,0,0,0,0,0},{0,0,0,0,0,0,0,0,0}}
]
13:16:51.268 INFO  [main] SudokuBoard - Wartość 0 wstawiona nieprawidłowo
13:16:51.268 INFO  [main] SudokuBoard - Bład w kwadracie 0
sudoku.model.SudokuBoard@4fc1eee5[
  size=9
  solver=sudoku.model.BacktrackingSudokuSolver@120661d2
  board={{2,3,4,8,9,1,5,6,7},{8,5,1,2,6,7,3,4,9},{9,6,7,3,4,5,2,8,1},{1,7,5,4,2,8,6,9,3},{4,2,8,6,3,9,7,1,5},{3,9,6,7,0,0,0,0,0},{0,0,0,0,0,0,0,0,0},{0,0,0,0,0,0,0,0,0},{0,0,0,0,0,0,0,0,0}}
]
13:16:51.268 INFO  [main] SudokuBoard - Wartość 0 wstawiona nieprawidłowo
13:16:51.268 INFO  [main] SudokuBoard - Bład w kwadracie 0
sudoku.model.SudokuBoard@4fc1eee5[
  size=9
  solver=sudoku.model.BacktrackingSudokuSolver@120661d2
  board={{2,3,4,8,9,1,5,6,7},{8,5,1,2,6,7,3,4,9},{9,6,7,3,4,5,2,8,1},{1,7,5,4,2,8,6,9,3},{4,2,8,6,3,9,7,1,5},{3,9,6,7,0,0,0,0,0},{0,0,0,0,0,0,0,0,0},{0,0,0,0,0,0,0,0,0},{0,0,0,0,0,0,0,0,0}}
]
13:16:51.268 INFO  [main] SudokuBoard - Wartość 0 wstawiona nieprawidłowo
13:16:51.268 INFO  [main] SudokuBoard - Bład w kwadracie 0
sudoku.model.SudokuBoard@4fc1eee5[
  size=9
  solver=sudoku.model.BacktrackingSudokuSolver@120661d2
  board={{2,3,4,8,9,1,5,6,7},{8,5,1,2,6,7,3,4,9},{9,6,7,3,4,5,2,8,1},{1,7,5,4,2,8,6,9,3},{4,2,8,6,3,9,7,1,5},{3,9,6,0,0,0,0,0,0},{0,0,0,0,0,0,0,0,0},{0,0,0,0,0,0,0,0,0},{0,0,0,0,0,0,0,0,0}}
]
13:16:51.268 INFO  [main] SudokuBoard - Wartość 0 wstawiona nieprawidłowo
13:16:51.269 INFO  [main] SudokuBoard - Bład w kwadracie 0
sudoku.model.SudokuBoard@4fc1eee5[
  size=9
  solver=sudoku.model.BacktrackingSudokuSolver@120661d2
  board={{2,3,4,8,9,1,5,6,7},{8,5,1,2,6,7,3,4,9},{9,6,7,3,4,5,2,8,1},{1,7,5,4,2,8,6,9,3},{4,2,8,6,3,9,7,1,5},{3,9,6,1,0,0,0,0,0},{0,0,0,0,0,0,0,0,0},{0,0,0,0,0,0,0,0,0},{0,0,0,0,0,0,0,0,0}}
]
13:16:51.269 INFO  [main] SudokuBoard - Wartość 0 wstawiona nieprawidłowo
13:16:51.269 INFO  [main] SudokuBoard - Bład w kwadracie 0
sudoku.model.SudokuBoard@4fc1eee5[
  size=9
  solver=sudoku.model.BacktrackingSudokuSolver@120661d2
  board={{2,3,4,8,9,1,5,6,7},{8,5,1,2,6,7,3,4,9},{9,6,7,3,4,5,2,8,1},{1,7,5,4,2,8,6,9,3},{4,2,8,6,3,9,7,1,5},{3,9,6,1,0,0,0,0,0},{0,0,0,0,0,0,0,0,0},{0,0,0,0,0,0,0,0,0},{0,0,0,0,0,0,0,0,0}}
]
13:16:51.269 INFO  [main] SudokuBoard - Wartość 0 wstawiona nieprawidłowo
13:16:51.269 INFO  [main] SudokuBoard - Bład w kwadracie 0
sudoku.model.SudokuBoard@4fc1eee5[
  size=9
  solver=sudoku.model.BacktrackingSudokuSolver@120661d2
  board={{2,3,4,8,9,1,5,6,7},{8,5,1,2,6,7,3,4,9},{9,6,7,3,4,5,2,8,1},{1,7,5,4,2,8,6,9,3},{4,2,8,6,3,9,7,1,5},{3,9,6,0,0,0,0,0,0},{0,0,0,0,0,0,0,0,0},{0,0,0,0,0,0,0,0,0},{0,0,0,0,0,0,0,0,0}}
]
13:16:51.269 INFO  [main] SudokuBoard - Wartość 0 wstawiona nieprawidłowo
13:16:51.269 INFO  [main] SudokuBoard - Bład w kwadracie 0
sudoku.model.SudokuBoard@4fc1eee5[
  size=9
  solver=sudoku.model.BacktrackingSudokuSolver@120661d2
  board={{2,3,4,8,9,1,5,6,7},{8,5,1,2,6,7,3,4,9},{9,6,7,3,4,5,2,8,1},{1,7,5,4,2,8,6,9,3},{4,2,8,6,3,9,7,1,5},{3,9,0,0,0,0,0,0,0},{0,0,0,0,0,0,0,0,0},{0,0,0,0,0,0,0,0,0},{0,0,0,0,0,0,0,0,0}}
]
13:16:51.270 INFO  [main] SudokuBoard - Wartość 0 wstawiona nieprawidłowo
13:16:51.270 INFO  [main] SudokuBoard - Bład w kwadracie 0
sudoku.model.SudokuBoard@4fc1eee5[
  size=9
  solver=sudoku.model.BacktrackingSudokuSolver@120661d2
  board={{2,3,4,8,9,1,5,6,7},{8,5,1,2,6,7,3,4,9},{9,6,7,3,4,5,2,8,1},{1,7,5,4,2,8,6,9,3},{4,2,8,6,3,9,7,1,5},{3,0,0,0,0,0,0,0,0},{0,0,0,0,0,0,0,0,0},{0,0,0,0,0,0,0,0,0},{0,0,0,0,0,0,0,0,0}}
]
13:16:51.270 INFO  [main] SudokuBoard - Wartość 0 wstawiona nieprawidłowo
13:16:51.271 INFO  [main] SudokuBoard - Bład w kwadracie 0
sudoku.model.SudokuBoard@4fc1eee5[
  size=9
  solver=sudoku.model.BacktrackingSudokuSolver@120661d2
  board={{2,3,4,8,9,1,5,6,7},{8,5,1,2,6,7,3,4,9},{9,6,7,3,4,5,2,8,1},{1,7,5,4,2,8,6,9,3},{4,2,8,6,3,9,7,1,5},{0,0,0,0,0,0,0,0,0},{0,0,0,0,0,0,0,0,0},{0,0,0,0,0,0,0,0,0},{0,0,0,0,0,0,0,0,0}}
]
13:16:51.271 INFO  [main] SudokuBoard - Wartość 0 wstawiona nieprawidłowo
13:16:51.271 INFO  [main] SudokuBoard - Bład w kwadracie 0
sudoku.model.SudokuBoard@4fc1eee5[
  size=9
  solver=sudoku.model.BacktrackingSudokuSolver@120661d2
  board={{2,3,4,8,9,1,5,6,7},{8,5,1,2,6,7,3,4,9},{9,6,7,3,4,5,2,8,1},{1,7,5,4,2,8,6,9,3},{4,2,8,6,3,9,7,1,5},{6,9,3,1,0,0,0,0,0},{0,0,0,0,0,0,0,0,0},{0,0,0,0,0,0,0,0,0},{0,0,0,0,0,0,0,0,0}}
]
13:16:51.271 INFO  [main] SudokuBoard - Wartość 0 wstawiona nieprawidłowo
13:16:51.272 INFO  [main] SudokuBoard - Bład w kwadracie 0
sudoku.model.SudokuBoard@4fc1eee5[
  size=9
  solver=sudoku.model.BacktrackingSudokuSolver@120661d2
  board={{2,3,4,8,9,1,5,6,7},{8,5,1,2,6,7,3,4,9},{9,6,7,3,4,5,2,8,1},{1,7,5,4,2,8,6,9,3},{4,2,8,6,3,9,7,1,5},{6,9,3,1,0,0,0,0,0},{0,0,0,0,0,0,0,0,0},{0,0,0,0,0,0,0,0,0},{0,0,0,0,0,0,0,0,0}}
]
13:16:51.272 INFO  [main] SudokuBoard - Wartość 0 wstawiona nieprawidłowo
13:16:51.272 INFO  [main] SudokuBoard - Bład w kwadracie 0
sudoku.model.SudokuBoard@4fc1eee5[
  size=9
  solver=sudoku.model.BacktrackingSudokuSolver@120661d2
  board={{2,3,4,8,9,1,5,6,7},{8,5,1,2,6,7,3,4,9},{9,6,7,3,4,5,2,8,1},{1,7,5,4,2,8,6,9,3},{4,2,8,6,3,9,7,1,5},{6,9,3,0,0,0,0,0,0},{0,0,0,0,0,0,0,0,0},{0,0,0,0,0,0,0,0,0},{0,0,0,0,0,0,0,0,0}}
]
13:16:51.272 INFO  [main] SudokuBoard - Wartość 0 wstawiona nieprawidłowo
13:16:51.272 INFO  [main] SudokuBoard - Bład w kwadracie 0
sudoku.model.SudokuBoard@4fc1eee5[
  size=9
  solver=sudoku.model.BacktrackingSudokuSolver@120661d2
  board={{2,3,4,8,9,1,5,6,7},{8,5,1,2,6,7,3,4,9},{9,6,7,3,4,5,2,8,1},{1,7,5,4,2,8,6,9,3},{4,2,8,6,3,9,7,1,5},{6,9,3,5,0,0,0,0,0},{0,0,0,0,0,0,0,0,0},{0,0,0,0,0,0,0,0,0},{0,0,0,0,0,0,0,0,0}}
]
13:16:51.272 INFO  [main] SudokuBoard - Wartość 0 wstawiona nieprawidłowo
13:16:51.272 INFO  [main] SudokuBoard - Bład w kwadracie 0
sudoku.model.SudokuBoard@4fc1eee5[
  size=9
  solver=sudoku.model.BacktrackingSudokuSolver@120661d2
  board={{2,3,4,8,9,1,5,6,7},{8,5,1,2,6,7,3,4,9},{9,6,7,3,4,5,2,8,1},{1,7,5,4,2,8,6,9,3},{4,2,8,6,3,9,7,1,5},{6,9,3,5,0,0,0,0,0},{0,0,0,0,0,0,0,0,0},{0,0,0,0,0,0,0,0,0},{0,0,0,0,0,0,0,0,0}}
]
13:16:51.273 INFO  [main] SudokuBoard - Wartość 0 wstawiona nieprawidłowo
13:16:51.273 INFO  [main] SudokuBoard - Bład w kwadracie 0
sudoku.model.SudokuBoard@4fc1eee5[
  size=9
  solver=sudoku.model.BacktrackingSudokuSolver@120661d2
  board={{2,3,4,8,9,1,5,6,7},{8,5,1,2,6,7,3,4,9},{9,6,7,3,4,5,2,8,1},{1,7,5,4,2,8,6,9,3},{4,2,8,6,3,9,7,1,5},{6,9,3,0,0,0,0,0,0},{0,0,0,0,0,0,0,0,0},{0,0,0,0,0,0,0,0,0},{0,0,0,0,0,0,0,0,0}}
]
13:16:51.273 INFO  [main] SudokuBoard - Wartość 0 wstawiona nieprawidłowo
13:16:51.273 INFO  [main] SudokuBoard - Bład w kwadracie 0
sudoku.model.SudokuBoard@4fc1eee5[
  size=9
  solver=sudoku.model.BacktrackingSudokuSolver@120661d2
  board={{2,3,4,8,9,1,5,6,7},{8,5,1,2,6,7,3,4,9},{9,6,7,3,4,5,2,8,1},{1,7,5,4,2,8,6,9,3},{4,2,8,6,3,9,7,1,5},{6,9,3,7,0,0,0,0,0},{0,0,0,0,0,0,0,0,0},{0,0,0,0,0,0,0,0,0},{0,0,0,0,0,0,0,0,0}}
]
13:16:51.273 INFO  [main] SudokuBoard - Wartość 0 wstawiona nieprawidłowo
13:16:51.273 INFO  [main] SudokuBoard - Bład w kwadracie 0
sudoku.model.SudokuBoard@4fc1eee5[
  size=9
  solver=sudoku.model.BacktrackingSudokuSolver@120661d2
  board={{2,3,4,8,9,1,5,6,7},{8,5,1,2,6,7,3,4,9},{9,6,7,3,4,5,2,8,1},{1,7,5,4,2,8,6,9,3},{4,2,8,6,3,9,7,1,5},{6,9,3,7,0,0,0,0,0},{0,0,0,0,0,0,0,0,0},{0,0,0,0,0,0,0,0,0},{0,0,0,0,0,0,0,0,0}}
]
13:16:51.273 INFO  [main] SudokuBoard - Wartość 0 wstawiona nieprawidłowo
13:16:51.274 INFO  [main] SudokuBoard - Bład w kwadracie 0
sudoku.model.SudokuBoard@4fc1eee5[
  size=9
  solver=sudoku.model.BacktrackingSudokuSolver@120661d2
  board={{2,3,4,8,9,1,5,6,7},{8,5,1,2,6,7,3,4,9},{9,6,7,3,4,5,2,8,1},{1,7,5,4,2,8,6,9,3},{4,2,8,6,3,9,7,1,5},{6,9,3,0,0,0,0,0,0},{0,0,0,0,0,0,0,0,0},{0,0,0,0,0,0,0,0,0},{0,0,0,0,0,0,0,0,0}}
]
13:16:51.274 INFO  [main] SudokuBoard - Wartość 0 wstawiona nieprawidłowo
13:16:51.274 INFO  [main] SudokuBoard - Bład w kwadracie 0
sudoku.model.SudokuBoard@4fc1eee5[
  size=9
  solver=sudoku.model.BacktrackingSudokuSolver@120661d2
  board={{2,3,4,8,9,1,5,6,7},{8,5,1,2,6,7,3,4,9},{9,6,7,3,4,5,2,8,1},{1,7,5,4,2,8,6,9,3},{4,2,8,6,3,9,7,1,5},{6,9,0,0,0,0,0,0,0},{0,0,0,0,0,0,0,0,0},{0,0,0,0,0,0,0,0,0},{0,0,0,0,0,0,0,0,0}}
]
13:16:51.274 INFO  [main] SudokuBoard - Wartość 0 wstawiona nieprawidłowo
13:16:51.274 INFO  [main] SudokuBoard - Bład w kwadracie 0
sudoku.model.SudokuBoard@4fc1eee5[
  size=9
  solver=sudoku.model.BacktrackingSudokuSolver@120661d2
  board={{2,3,4,8,9,1,5,6,7},{8,5,1,2,6,7,3,4,9},{9,6,7,3,4,5,2,8,1},{1,7,5,4,2,8,6,9,3},{4,2,8,6,3,9,7,1,5},{6,0,0,0,0,0,0,0,0},{0,0,0,0,0,0,0,0,0},{0,0,0,0,0,0,0,0,0},{0,0,0,0,0,0,0,0,0}}
]
13:16:51.275 INFO  [main] SudokuBoard - Wartość 0 wstawiona nieprawidłowo
13:16:51.275 INFO  [main] SudokuBoard - Bład w kwadracie 0
sudoku.model.SudokuBoard@4fc1eee5[
  size=9
  solver=sudoku.model.BacktrackingSudokuSolver@120661d2
  board={{2,3,4,8,9,1,5,6,7},{8,5,1,2,6,7,3,4,9},{9,6,7,3,4,5,2,8,1},{1,7,5,4,2,8,6,9,3},{4,2,8,6,3,9,7,1,5},{0,0,0,0,0,0,0,0,0},{0,0,0,0,0,0,0,0,0},{0,0,0,0,0,0,0,0,0},{0,0,0,0,0,0,0,0,0}}
]
13:16:51.275 INFO  [main] SudokuBoard - Wartość 0 wstawiona nieprawidłowo
13:16:51.275 INFO  [main] SudokuBoard - Bład w kwadracie 0
sudoku.model.SudokuBoard@4fc1eee5[
  size=9
  solver=sudoku.model.BacktrackingSudokuSolver@120661d2
  board={{2,3,4,8,9,1,5,6,7},{8,5,1,2,6,7,3,4,9},{9,6,7,3,4,5,2,8,1},{1,7,5,4,2,8,6,9,3},{4,2,8,6,3,9,7,1,0},{0,0,0,0,0,0,0,0,0},{0,0,0,0,0,0,0,0,0},{0,0,0,0,0,0,0,0,0},{0,0,0,0,0,0,0,0,0}}
]
13:16:51.275 INFO  [main] SudokuBoard - Wartość 0 wstawiona nieprawidłowo
13:16:51.276 INFO  [main] SudokuBoard - Bład w kwadracie 0
sudoku.model.SudokuBoard@4fc1eee5[
  size=9
  solver=sudoku.model.BacktrackingSudokuSolver@120661d2
  board={{2,3,4,8,9,1,5,6,7},{8,5,1,2,6,7,3,4,9},{9,6,7,3,4,5,2,8,1},{1,7,5,4,2,8,6,9,3},{4,2,8,6,3,9,7,0,0},{0,0,0,0,0,0,0,0,0},{0,0,0,0,0,0,0,0,0},{0,0,0,0,0,0,0,0,0},{0,0,0,0,0,0,0,0,0}}
]
13:16:51.276 INFO  [main] SudokuBoard - Wartość 0 wstawiona nieprawidłowo
13:16:51.276 INFO  [main] SudokuBoard - Bład w kwadracie 0
sudoku.model.SudokuBoard@4fc1eee5[
  size=9
  solver=sudoku.model.BacktrackingSudokuSolver@120661d2
  board={{2,3,4,8,9,1,5,6,7},{8,5,1,2,6,7,3,4,9},{9,6,7,3,4,5,2,8,1},{1,7,5,4,2,8,6,9,3},{4,2,8,6,3,9,0,0,0},{0,0,0,0,0,0,0,0,0},{0,0,0,0,0,0,0,0,0},{0,0,0,0,0,0,0,0,0},{0,0,0,0,0,0,0,0,0}}
]
13:16:51.276 INFO  [main] SudokuBoard - Wartość 0 wstawiona nieprawidłowo
13:16:51.277 INFO  [main] SudokuBoard - Bład w kwadracie 0
sudoku.model.SudokuBoard@4fc1eee5[
  size=9
  solver=sudoku.model.BacktrackingSudokuSolver@120661d2
  board={{2,3,4,8,9,1,5,6,7},{8,5,1,2,6,7,3,4,9},{9,6,7,3,4,5,2,8,1},{1,7,5,4,2,8,6,9,3},{4,2,8,6,3,9,1,0,0},{0,0,0,0,0,0,0,0,0},{0,0,0,0,0,0,0,0,0},{0,0,0,0,0,0,0,0,0},{0,0,0,0,0,0,0,0,0}}
]
13:16:51.278 INFO  [main] SudokuBoard - Wartość 0 wstawiona nieprawidłowo
13:16:51.279 INFO  [main] SudokuBoard - Bład w kwadracie 0
sudoku.model.SudokuBoard@4fc1eee5[
  size=9
  solver=sudoku.model.BacktrackingSudokuSolver@120661d2
  board={{2,3,4,8,9,1,5,6,7},{8,5,1,2,6,7,3,4,9},{9,6,7,3,4,5,2,8,1},{1,7,5,4,2,8,6,9,3},{4,2,8,6,3,9,1,7,5},{3,9,6,1,0,0,0,0,0},{0,0,0,0,0,0,0,0,0},{0,0,0,0,0,0,0,0,0},{0,0,0,0,0,0,0,0,0}}
]
13:16:51.279 INFO  [main] SudokuBoard - Wartość 0 wstawiona nieprawidłowo
13:16:51.281 INFO  [main] SudokuBoard - Bład w kwadracie 0
sudoku.model.SudokuBoard@4fc1eee5[
  size=9
  solver=sudoku.model.BacktrackingSudokuSolver@120661d2
  board={{2,3,4,8,9,1,5,6,7},{8,5,1,2,6,7,3,4,9},{9,6,7,3,4,5,2,8,1},{1,7,5,4,2,8,6,9,3},{4,2,8,6,3,9,1,7,5},{3,9,6,1,0,0,0,0,0},{0,0,0,0,0,0,0,0,0},{0,0,0,0,0,0,0,0,0},{0,0,0,0,0,0,0,0,0}}
]
13:16:51.281 INFO  [main] SudokuBoard - Wartość 0 wstawiona nieprawidłowo
13:16:51.281 INFO  [main] SudokuBoard - Bład w kwadracie 0
sudoku.model.SudokuBoard@4fc1eee5[
  size=9
  solver=sudoku.model.BacktrackingSudokuSolver@120661d2
  board={{2,3,4,8,9,1,5,6,7},{8,5,1,2,6,7,3,4,9},{9,6,7,3,4,5,2,8,1},{1,7,5,4,2,8,6,9,3},{4,2,8,6,3,9,1,7,5},{3,9,6,0,0,0,0,0,0},{0,0,0,0,0,0,0,0,0},{0,0,0,0,0,0,0,0,0},{0,0,0,0,0,0,0,0,0}}
]
13:16:51.281 INFO  [main] SudokuBoard - Wartość 0 wstawiona nieprawidłowo
13:16:51.282 INFO  [main] SudokuBoard - Bład w kwadracie 0
sudoku.model.SudokuBoard@4fc1eee5[
  size=9
  solver=sudoku.model.BacktrackingSudokuSolver@120661d2
  board={{2,3,4,8,9,1,5,6,7},{8,5,1,2,6,7,3,4,9},{9,6,7,3,4,5,2,8,1},{1,7,5,4,2,8,6,9,3},{4,2,8,6,3,9,1,7,5},{3,9,6,5,0,0,0,0,0},{0,0,0,0,0,0,0,0,0},{0,0,0,0,0,0,0,0,0},{0,0,0,0,0,0,0,0,0}}
]
13:16:51.282 INFO  [main] SudokuBoard - Wartość 0 wstawiona nieprawidłowo
13:16:51.282 INFO  [main] SudokuBoard - Bład w kwadracie 0
sudoku.model.SudokuBoard@4fc1eee5[
  size=9
  solver=sudoku.model.BacktrackingSudokuSolver@120661d2
  board={{2,3,4,8,9,1,5,6,7},{8,5,1,2,6,7,3,4,9},{9,6,7,3,4,5,2,8,1},{1,7,5,4,2,8,6,9,3},{4,2,8,6,3,9,1,7,5},{3,9,6,5,0,0,0,0,0},{0,0,0,0,0,0,0,0,0},{0,0,0,0,0,0,0,0,0},{0,0,0,0,0,0,0,0,0}}
]
13:16:51.282 INFO  [main] SudokuBoard - Wartość 0 wstawiona nieprawidłowo
13:16:51.282 INFO  [main] SudokuBoard - Bład w kwadracie 0
sudoku.model.SudokuBoard@4fc1eee5[
  size=9
  solver=sudoku.model.BacktrackingSudokuSolver@120661d2
  board={{2,3,4,8,9,1,5,6,7},{8,5,1,2,6,7,3,4,9},{9,6,7,3,4,5,2,8,1},{1,7,5,4,2,8,6,9,3},{4,2,8,6,3,9,1,7,5},{3,9,6,0,0,0,0,0,0},{0,0,0,0,0,0,0,0,0},{0,0,0,0,0,0,0,0,0},{0,0,0,0,0,0,0,0,0}}
]
13:16:51.282 INFO  [main] SudokuBoard - Wartość 0 wstawiona nieprawidłowo
13:16:51.283 INFO  [main] SudokuBoard - Bład w kwadracie 0
sudoku.model.SudokuBoard@4fc1eee5[
  size=9
  solver=sudoku.model.BacktrackingSudokuSolver@120661d2
  board={{2,3,4,8,9,1,5,6,7},{8,5,1,2,6,7,3,4,9},{9,6,7,3,4,5,2,8,1},{1,7,5,4,2,8,6,9,3},{4,2,8,6,3,9,1,7,5},{3,9,6,7,0,0,0,0,0},{0,0,0,0,0,0,0,0,0},{0,0,0,0,0,0,0,0,0},{0,0,0,0,0,0,0,0,0}}
]
13:16:51.283 INFO  [main] SudokuBoard - Wartość 0 wstawiona nieprawidłowo
13:16:51.283 INFO  [main] SudokuBoard - Bład w kwadracie 0
sudoku.model.SudokuBoard@4fc1eee5[
  size=9
  solver=sudoku.model.BacktrackingSudokuSolver@120661d2
  board={{2,3,4,8,9,1,5,6,7},{8,5,1,2,6,7,3,4,9},{9,6,7,3,4,5,2,8,1},{1,7,5,4,2,8,6,9,3},{4,2,8,6,3,9,1,7,5},{3,9,6,7,0,0,0,0,0},{0,0,0,0,0,0,0,0,0},{0,0,0,0,0,0,0,0,0},{0,0,0,0,0,0,0,0,0}}
]
13:16:51.283 INFO  [main] SudokuBoard - Wartość 0 wstawiona nieprawidłowo
13:16:51.283 INFO  [main] SudokuBoard - Bład w kwadracie 0
sudoku.model.SudokuBoard@4fc1eee5[
  size=9
  solver=sudoku.model.BacktrackingSudokuSolver@120661d2
  board={{2,3,4,8,9,1,5,6,7},{8,5,1,2,6,7,3,4,9},{9,6,7,3,4,5,2,8,1},{1,7,5,4,2,8,6,9,3},{4,2,8,6,3,9,1,7,5},{3,9,6,0,0,0,0,0,0},{0,0,0,0,0,0,0,0,0},{0,0,0,0,0,0,0,0,0},{0,0,0,0,0,0,0,0,0}}
]
13:16:51.283 INFO  [main] SudokuBoard - Wartość 0 wstawiona nieprawidłowo
13:16:51.284 INFO  [main] SudokuBoard - Bład w kwadracie 0
sudoku.model.SudokuBoard@4fc1eee5[
  size=9
  solver=sudoku.model.BacktrackingSudokuSolver@120661d2
  board={{2,3,4,8,9,1,5,6,7},{8,5,1,2,6,7,3,4,9},{9,6,7,3,4,5,2,8,1},{1,7,5,4,2,8,6,9,3},{4,2,8,6,3,9,1,7,5},{3,9,0,0,0,0,0,0,0},{0,0,0,0,0,0,0,0,0},{0,0,0,0,0,0,0,0,0},{0,0,0,0,0,0,0,0,0}}
]
13:16:51.284 INFO  [main] SudokuBoard - Wartość 0 wstawiona nieprawidłowo
13:16:51.284 INFO  [main] SudokuBoard - Bład w kwadracie 0
sudoku.model.SudokuBoard@4fc1eee5[
  size=9
  solver=sudoku.model.BacktrackingSudokuSolver@120661d2
  board={{2,3,4,8,9,1,5,6,7},{8,5,1,2,6,7,3,4,9},{9,6,7,3,4,5,2,8,1},{1,7,5,4,2,8,6,9,3},{4,2,8,6,3,9,1,7,5},{3,0,0,0,0,0,0,0,0},{0,0,0,0,0,0,0,0,0},{0,0,0,0,0,0,0,0,0},{0,0,0,0,0,0,0,0,0}}
]
13:16:51.284 INFO  [main] SudokuBoard - Wartość 0 wstawiona nieprawidłowo
13:16:51.298 INFO  [main] SudokuBoard - Bład w kwadracie 0
sudoku.model.SudokuBoard@4fc1eee5[
  size=9
  solver=sudoku.model.BacktrackingSudokuSolver@120661d2
  board={{2,3,4,8,9,1,5,6,7},{8,5,1,2,6,7,3,4,9},{9,6,7,3,4,5,2,8,1},{1,7,5,4,2,8,6,9,3},{4,2,8,6,3,9,1,7,5},{0,0,0,0,0,0,0,0,0},{0,0,0,0,0,0,0,0,0},{0,0,0,0,0,0,0,0,0},{0,0,0,0,0,0,0,0,0}}
]
13:16:51.298 INFO  [main] SudokuBoard - Wartość 0 wstawiona nieprawidłowo
13:16:51.299 INFO  [main] SudokuBoard - Bład w kwadracie 0
sudoku.model.SudokuBoard@4fc1eee5[
  size=9
  solver=sudoku.model.BacktrackingSudokuSolver@120661d2
  board={{2,3,4,8,9,1,5,6,7},{8,5,1,2,6,7,3,4,9},{9,6,7,3,4,5,2,8,1},{1,7,5,4,2,8,6,9,3},{4,2,8,6,3,9,1,7,5},{6,9,3,7,0,0,0,0,0},{0,0,0,0,0,0,0,0,0},{0,0,0,0,0,0,0,0,0},{0,0,0,0,0,0,0,0,0}}
]
13:16:51.299 INFO  [main] SudokuBoard - Wartość 0 wstawiona nieprawidłowo
13:16:51.299 INFO  [main] SudokuBoard - Bład w kwadracie 0
sudoku.model.SudokuBoard@4fc1eee5[
  size=9
  solver=sudoku.model.BacktrackingSudokuSolver@120661d2
  board={{2,3,4,8,9,1,5,6,7},{8,5,1,2,6,7,3,4,9},{9,6,7,3,4,5,2,8,1},{1,7,5,4,2,8,6,9,3},{4,2,8,6,3,9,1,7,5},{6,9,3,7,0,0,0,0,0},{0,0,0,0,0,0,0,0,0},{0,0,0,0,0,0,0,0,0},{0,0,0,0,0,0,0,0,0}}
]
13:16:51.299 INFO  [main] SudokuBoard - Wartość 0 wstawiona nieprawidłowo
13:16:51.299 INFO  [main] SudokuBoard - Bład w kwadracie 0
sudoku.model.SudokuBoard@4fc1eee5[
  size=9
  solver=sudoku.model.BacktrackingSudokuSolver@120661d2
  board={{2,3,4,8,9,1,5,6,7},{8,5,1,2,6,7,3,4,9},{9,6,7,3,4,5,2,8,1},{1,7,5,4,2,8,6,9,3},{4,2,8,6,3,9,1,7,5},{6,9,3,0,0,0,0,0,0},{0,0,0,0,0,0,0,0,0},{0,0,0,0,0,0,0,0,0},{0,0,0,0,0,0,0,0,0}}
]
13:16:51.299 INFO  [main] SudokuBoard - Wartość 0 wstawiona nieprawidłowo
13:16:51.300 INFO  [main] SudokuBoard - Bład w kwadracie 0
sudoku.model.SudokuBoard@4fc1eee5[
  size=9
  solver=sudoku.model.BacktrackingSudokuSolver@120661d2
  board={{2,3,4,8,9,1,5,6,7},{8,5,1,2,6,7,3,4,9},{9,6,7,3,4,5,2,8,1},{1,7,5,4,2,8,6,9,3},{4,2,8,6,3,9,1,7,5},{6,9,3,1,0,0,0,0,0},{0,0,0,0,0,0,0,0,0},{0,0,0,0,0,0,0,0,0},{0,0,0,0,0,0,0,0,0}}
]
13:16:51.300 INFO  [main] SudokuBoard - Wartość 0 wstawiona nieprawidłowo
13:16:51.300 INFO  [main] SudokuBoard - Bład w kwadracie 0
sudoku.model.SudokuBoard@4fc1eee5[
  size=9
  solver=sudoku.model.BacktrackingSudokuSolver@120661d2
  board={{2,3,4,8,9,1,5,6,7},{8,5,1,2,6,7,3,4,9},{9,6,7,3,4,5,2,8,1},{1,7,5,4,2,8,6,9,3},{4,2,8,6,3,9,1,7,5},{6,9,3,1,0,0,0,0,0},{0,0,0,0,0,0,0,0,0},{0,0,0,0,0,0,0,0,0},{0,0,0,0,0,0,0,0,0}}
]
13:16:51.300 INFO  [main] SudokuBoard - Wartość 0 wstawiona nieprawidłowo
13:16:51.300 INFO  [main] SudokuBoard - Bład w kwadracie 0
sudoku.model.SudokuBoard@4fc1eee5[
  size=9
  solver=sudoku.model.BacktrackingSudokuSolver@120661d2
  board={{2,3,4,8,9,1,5,6,7},{8,5,1,2,6,7,3,4,9},{9,6,7,3,4,5,2,8,1},{1,7,5,4,2,8,6,9,3},{4,2,8,6,3,9,1,7,5},{6,9,3,0,0,0,0,0,0},{0,0,0,0,0,0,0,0,0},{0,0,0,0,0,0,0,0,0},{0,0,0,0,0,0,0,0,0}}
]
13:16:51.301 INFO  [main] SudokuBoard - Wartość 0 wstawiona nieprawidłowo
13:16:51.301 INFO  [main] SudokuBoard - Bład w kwadracie 0
sudoku.model.SudokuBoard@4fc1eee5[
  size=9
  solver=sudoku.model.BacktrackingSudokuSolver@120661d2
  board={{2,3,4,8,9,1,5,6,7},{8,5,1,2,6,7,3,4,9},{9,6,7,3,4,5,2,8,1},{1,7,5,4,2,8,6,9,3},{4,2,8,6,3,9,1,7,5},{6,9,3,5,0,0,0,0,0},{0,0,0,0,0,0,0,0,0},{0,0,0,0,0,0,0,0,0},{0,0,0,0,0,0,0,0,0}}
]
13:16:51.301 INFO  [main] SudokuBoard - Wartość 0 wstawiona nieprawidłowo
13:16:51.301 INFO  [main] SudokuBoard - Bład w kwadracie 0
sudoku.model.SudokuBoard@4fc1eee5[
  size=9
  solver=sudoku.model.BacktrackingSudokuSolver@120661d2
  board={{2,3,4,8,9,1,5,6,7},{8,5,1,2,6,7,3,4,9},{9,6,7,3,4,5,2,8,1},{1,7,5,4,2,8,6,9,3},{4,2,8,6,3,9,1,7,5},{6,9,3,5,0,0,0,0,0},{0,0,0,0,0,0,0,0,0},{0,0,0,0,0,0,0,0,0},{0,0,0,0,0,0,0,0,0}}
]
13:16:51.302 INFO  [main] SudokuBoard - Wartość 0 wstawiona nieprawidłowo
13:16:51.302 INFO  [main] SudokuBoard - Bład w kwadracie 0
sudoku.model.SudokuBoard@4fc1eee5[
  size=9
  solver=sudoku.model.BacktrackingSudokuSolver@120661d2
  board={{2,3,4,8,9,1,5,6,7},{8,5,1,2,6,7,3,4,9},{9,6,7,3,4,5,2,8,1},{1,7,5,4,2,8,6,9,3},{4,2,8,6,3,9,1,7,5},{6,9,3,0,0,0,0,0,0},{0,0,0,0,0,0,0,0,0},{0,0,0,0,0,0,0,0,0},{0,0,0,0,0,0,0,0,0}}
]
13:16:51.302 INFO  [main] SudokuBoard - Wartość 0 wstawiona nieprawidłowo
13:16:51.303 INFO  [main] SudokuBoard - Bład w kwadracie 0
sudoku.model.SudokuBoard@4fc1eee5[
  size=9
  solver=sudoku.model.BacktrackingSudokuSolver@120661d2
  board={{2,3,4,8,9,1,5,6,7},{8,5,1,2,6,7,3,4,9},{9,6,7,3,4,5,2,8,1},{1,7,5,4,2,8,6,9,3},{4,2,8,6,3,9,1,7,5},{6,9,0,0,0,0,0,0,0},{0,0,0,0,0,0,0,0,0},{0,0,0,0,0,0,0,0,0},{0,0,0,0,0,0,0,0,0}}
]
13:16:51.303 INFO  [main] SudokuBoard - Wartość 0 wstawiona nieprawidłowo
13:16:51.303 INFO  [main] SudokuBoard - Bład w kwadracie 0
sudoku.model.SudokuBoard@4fc1eee5[
  size=9
  solver=sudoku.model.BacktrackingSudokuSolver@120661d2
  board={{2,3,4,8,9,1,5,6,7},{8,5,1,2,6,7,3,4,9},{9,6,7,3,4,5,2,8,1},{1,7,5,4,2,8,6,9,3},{4,2,8,6,3,9,1,7,5},{6,0,0,0,0,0,0,0,0},{0,0,0,0,0,0,0,0,0},{0,0,0,0,0,0,0,0,0},{0,0,0,0,0,0,0,0,0}}
]
13:16:51.303 INFO  [main] SudokuBoard - Wartość 0 wstawiona nieprawidłowo
13:16:51.306 INFO  [main] SudokuBoard - Bład w kwadracie 0
sudoku.model.SudokuBoard@4fc1eee5[
  size=9
  solver=sudoku.model.BacktrackingSudokuSolver@120661d2
  board={{2,3,4,8,9,1,5,6,7},{8,5,1,2,6,7,3,4,9},{9,6,7,3,4,5,2,8,1},{1,7,5,4,2,8,6,9,3},{4,2,8,6,3,9,1,7,5},{0,0,0,0,0,0,0,0,0},{0,0,0,0,0,0,0,0,0},{0,0,0,0,0,0,0,0,0},{0,0,0,0,0,0,0,0,0}}
]
13:16:51.306 INFO  [main] SudokuBoard - Wartość 0 wstawiona nieprawidłowo
13:16:51.308 INFO  [main] SudokuBoard - Bład w kwadracie 0
sudoku.model.SudokuBoard@4fc1eee5[
  size=9
  solver=sudoku.model.BacktrackingSudokuSolver@120661d2
  board={{2,3,4,8,9,1,5,6,7},{8,5,1,2,6,7,3,4,9},{9,6,7,3,4,5,2,8,1},{1,7,5,4,2,8,6,9,3},{4,2,8,6,3,9,1,7,0},{0,0,0,0,0,0,0,0,0},{0,0,0,0,0,0,0,0,0},{0,0,0,0,0,0,0,0,0},{0,0,0,0,0,0,0,0,0}}
]
13:16:51.308 INFO  [main] SudokuBoard - Wartość 0 wstawiona nieprawidłowo
13:16:51.310 INFO  [main] SudokuBoard - Bład w kwadracie 0
sudoku.model.SudokuBoard@4fc1eee5[
  size=9
  solver=sudoku.model.BacktrackingSudokuSolver@120661d2
  board={{2,3,4,8,9,1,5,6,7},{8,5,1,2,6,7,3,4,9},{9,6,7,3,4,5,2,8,1},{1,7,5,4,2,8,6,9,3},{4,2,8,6,3,9,1,0,0},{0,0,0,0,0,0,0,0,0},{0,0,0,0,0,0,0,0,0},{0,0,0,0,0,0,0,0,0},{0,0,0,0,0,0,0,0,0}}
]
13:16:51.314 INFO  [main] SudokuBoard - Wartość 0 wstawiona nieprawidłowo
13:16:51.323 INFO  [main] SudokuBoard - Bład w kwadracie 0
sudoku.model.SudokuBoard@4fc1eee5[
  size=9
  solver=sudoku.model.BacktrackingSudokuSolver@120661d2
  board={{2,3,4,8,9,1,5,6,7},{8,5,1,2,6,7,3,4,9},{9,6,7,3,4,5,2,8,1},{1,7,5,4,2,8,6,9,3},{4,2,8,6,3,9,0,0,0},{0,0,0,0,0,0,0,0,0},{0,0,0,0,0,0,0,0,0},{0,0,0,0,0,0,0,0,0},{0,0,0,0,0,0,0,0,0}}
]
13:16:51.323 INFO  [main] SudokuBoard - Wartość 0 wstawiona nieprawidłowo
13:16:51.323 INFO  [main] SudokuBoard - Bład w kwadracie 0
sudoku.model.SudokuBoard@4fc1eee5[
  size=9
  solver=sudoku.model.BacktrackingSudokuSolver@120661d2
  board={{2,3,4,8,9,1,5,6,7},{8,5,1,2,6,7,3,4,9},{9,6,7,3,4,5,2,8,1},{1,7,5,4,2,8,6,9,3},{4,2,8,6,3,0,0,0,0},{0,0,0,0,0,0,0,0,0},{0,0,0,0,0,0,0,0,0},{0,0,0,0,0,0,0,0,0},{0,0,0,0,0,0,0,0,0}}
]
13:16:51.324 INFO  [main] SudokuBoard - Wartość 0 wstawiona nieprawidłowo
13:16:51.324 INFO  [main] SudokuBoard - Bład w kwadracie 0
sudoku.model.SudokuBoard@4fc1eee5[
  size=9
  solver=sudoku.model.BacktrackingSudokuSolver@120661d2
  board={{2,3,4,8,9,1,5,6,7},{8,5,1,2,6,7,3,4,9},{9,6,7,3,4,5,2,8,1},{1,7,5,4,2,8,6,9,3},{4,2,8,6,0,0,0,0,0},{0,0,0,0,0,0,0,0,0},{0,0,0,0,0,0,0,0,0},{0,0,0,0,0,0,0,0,0},{0,0,0,0,0,0,0,0,0}}
]
13:16:51.325 INFO  [main] SudokuBoard - Wartość 0 wstawiona nieprawidłowo
13:16:51.325 INFO  [main] SudokuBoard - Bład w kwadracie 0
sudoku.model.SudokuBoard@4fc1eee5[
  size=9
  solver=sudoku.model.BacktrackingSudokuSolver@120661d2
  board={{2,3,4,8,9,1,5,6,7},{8,5,1,2,6,7,3,4,9},{9,6,7,3,4,5,2,8,1},{1,7,5,4,2,8,6,9,3},{4,2,8,6,5,3,7,0,0},{0,0,0,0,0,0,0,0,0},{0,0,0,0,0,0,0,0,0},{0,0,0,0,0,0,0,0,0},{0,0,0,0,0,0,0,0,0}}
]
13:16:51.325 INFO  [main] SudokuBoard - Wartość 0 wstawiona nieprawidłowo
13:16:51.325 INFO  [main] SudokuBoard - Bład w kwadracie 0
sudoku.model.SudokuBoard@4fc1eee5[
  size=9
  solver=sudoku.model.BacktrackingSudokuSolver@120661d2
  board={{2,3,4,8,9,1,5,6,7},{8,5,1,2,6,7,3,4,9},{9,6,7,3,4,5,2,8,1},{1,7,5,4,2,8,6,9,3},{4,2,8,6,5,3,0,0,0},{0,0,0,0,0,0,0,0,0},{0,0,0,0,0,0,0,0,0},{0,0,0,0,0,0,0,0,0},{0,0,0,0,0,0,0,0,0}}
]
13:16:51.325 INFO  [main] SudokuBoard - Wartość 0 wstawiona nieprawidłowo
13:16:51.325 INFO  [main] SudokuBoard - Bład w kwadracie 0
sudoku.model.SudokuBoard@4fc1eee5[
  size=9
  solver=sudoku.model.BacktrackingSudokuSolver@120661d2
  board={{2,3,4,8,9,1,5,6,7},{8,5,1,2,6,7,3,4,9},{9,6,7,3,4,5,2,8,1},{1,7,5,4,2,8,6,9,3},{4,2,8,6,5,3,1,0,0},{0,0,0,0,0,0,0,0,0},{0,0,0,0,0,0,0,0,0},{0,0,0,0,0,0,0,0,0},{0,0,0,0,0,0,0,0,0}}
]
13:16:51.325 INFO  [main] SudokuBoard - Wartość 0 wstawiona nieprawidłowo
13:16:51.325 INFO  [main] SudokuBoard - Bład w kwadracie 0
sudoku.model.SudokuBoard@4fc1eee5[
  size=9
  solver=sudoku.model.BacktrackingSudokuSolver@120661d2
  board={{2,3,4,8,9,1,5,6,7},{8,5,1,2,6,7,3,4,9},{9,6,7,3,4,5,2,8,1},{1,7,5,4,2,8,6,9,3},{4,2,8,6,5,3,0,0,0},{0,0,0,0,0,0,0,0,0},{0,0,0,0,0,0,0,0,0},{0,0,0,0,0,0,0,0,0},{0,0,0,0,0,0,0,0,0}}
]
13:16:51.326 INFO  [main] SudokuBoard - Wartość 0 wstawiona nieprawidłowo
13:16:51.326 INFO  [main] SudokuBoard - Bład w kwadracie 0
sudoku.model.SudokuBoard@4fc1eee5[
  size=9
  solver=sudoku.model.BacktrackingSudokuSolver@120661d2
  board={{2,3,4,8,9,1,5,6,7},{8,5,1,2,6,7,3,4,9},{9,6,7,3,4,5,2,8,1},{1,7,5,4,2,8,6,9,3},{4,2,8,6,5,0,0,0,0},{0,0,0,0,0,0,0,0,0},{0,0,0,0,0,0,0,0,0},{0,0,0,0,0,0,0,0,0},{0,0,0,0,0,0,0,0,0}}
]
13:16:51.326 INFO  [main] SudokuBoard - Wartość 0 wstawiona nieprawidłowo
13:16:51.327 INFO  [main] SudokuBoard - Bład w kwadracie 0
sudoku.model.SudokuBoard@4fc1eee5[
  size=9
  solver=sudoku.model.BacktrackingSudokuSolver@120661d2
  board={{2,3,4,8,9,1,5,6,7},{8,5,1,2,6,7,3,4,9},{9,6,7,3,4,5,2,8,1},{1,7,5,4,2,8,6,9,3},{4,2,8,6,5,9,7,0,0},{0,0,0,0,0,0,0,0,0},{0,0,0,0,0,0,0,0,0},{0,0,0,0,0,0,0,0,0},{0,0,0,0,0,0,0,0,0}}
]
13:16:51.327 INFO  [main] SudokuBoard - Wartość 0 wstawiona nieprawidłowo
13:16:51.327 INFO  [main] SudokuBoard - Bład w kwadracie 0
sudoku.model.SudokuBoard@4fc1eee5[
  size=9
  solver=sudoku.model.BacktrackingSudokuSolver@120661d2
  board={{2,3,4,8,9,1,5,6,7},{8,5,1,2,6,7,3,4,9},{9,6,7,3,4,5,2,8,1},{1,7,5,4,2,8,6,9,3},{4,2,8,6,5,9,0,0,0},{0,0,0,0,0,0,0,0,0},{0,0,0,0,0,0,0,0,0},{0,0,0,0,0,0,0,0,0},{0,0,0,0,0,0,0,0,0}}
]
13:16:51.327 INFO  [main] SudokuBoard - Wartość 0 wstawiona nieprawidłowo
13:16:51.327 INFO  [main] SudokuBoard - Bład w kwadracie 0
sudoku.model.SudokuBoard@4fc1eee5[
  size=9
  solver=sudoku.model.BacktrackingSudokuSolver@120661d2
  board={{2,3,4,8,9,1,5,6,7},{8,5,1,2,6,7,3,4,9},{9,6,7,3,4,5,2,8,1},{1,7,5,4,2,8,6,9,3},{4,2,8,6,5,9,1,0,0},{0,0,0,0,0,0,0,0,0},{0,0,0,0,0,0,0,0,0},{0,0,0,0,0,0,0,0,0},{0,0,0,0,0,0,0,0,0}}
]
13:16:51.327 INFO  [main] SudokuBoard - Wartość 0 wstawiona nieprawidłowo
13:16:51.327 INFO  [main] SudokuBoard - Bład w kwadracie 0
sudoku.model.SudokuBoard@4fc1eee5[
  size=9
  solver=sudoku.model.BacktrackingSudokuSolver@120661d2
  board={{2,3,4,8,9,1,5,6,7},{8,5,1,2,6,7,3,4,9},{9,6,7,3,4,5,2,8,1},{1,7,5,4,2,8,6,9,3},{4,2,8,6,5,9,0,0,0},{0,0,0,0,0,0,0,0,0},{0,0,0,0,0,0,0,0,0},{0,0,0,0,0,0,0,0,0},{0,0,0,0,0,0,0,0,0}}
]
13:16:51.327 INFO  [main] SudokuBoard - Wartość 0 wstawiona nieprawidłowo
13:16:51.328 INFO  [main] SudokuBoard - Bład w kwadracie 0
sudoku.model.SudokuBoard@4fc1eee5[
  size=9
  solver=sudoku.model.BacktrackingSudokuSolver@120661d2
  board={{2,3,4,8,9,1,5,6,7},{8,5,1,2,6,7,3,4,9},{9,6,7,3,4,5,2,8,1},{1,7,5,4,2,8,6,9,3},{4,2,8,6,5,0,0,0,0},{0,0,0,0,0,0,0,0,0},{0,0,0,0,0,0,0,0,0},{0,0,0,0,0,0,0,0,0},{0,0,0,0,0,0,0,0,0}}
]
13:16:51.328 INFO  [main] SudokuBoard - Wartość 0 wstawiona nieprawidłowo
13:16:51.328 INFO  [main] SudokuBoard - Bład w kwadracie 0
sudoku.model.SudokuBoard@4fc1eee5[
  size=9
  solver=sudoku.model.BacktrackingSudokuSolver@120661d2
  board={{2,3,4,8,9,1,5,6,7},{8,5,1,2,6,7,3,4,9},{9,6,7,3,4,5,2,8,1},{1,7,5,4,2,8,6,9,3},{4,2,8,6,0,0,0,0,0},{0,0,0,0,0,0,0,0,0},{0,0,0,0,0,0,0,0,0},{0,0,0,0,0,0,0,0,0},{0,0,0,0,0,0,0,0,0}}
]
13:16:51.328 INFO  [main] SudokuBoard - Wartość 0 wstawiona nieprawidłowo
13:16:51.328 INFO  [main] SudokuBoard - Bład w kwadracie 0
sudoku.model.SudokuBoard@4fc1eee5[
  size=9
  solver=sudoku.model.BacktrackingSudokuSolver@120661d2
  board={{2,3,4,8,9,1,5,6,7},{8,5,1,2,6,7,3,4,9},{9,6,7,3,4,5,2,8,1},{1,7,5,4,2,8,6,9,3},{4,2,8,0,0,0,0,0,0},{0,0,0,0,0,0,0,0,0},{0,0,0,0,0,0,0,0,0},{0,0,0,0,0,0,0,0,0},{0,0,0,0,0,0,0,0,0}}
]
13:16:51.328 INFO  [main] SudokuBoard - Wartość 0 wstawiona nieprawidłowo
13:16:51.329 INFO  [main] SudokuBoard - Bład w kwadracie 0
sudoku.model.SudokuBoard@4fc1eee5[
  size=9
  solver=sudoku.model.BacktrackingSudokuSolver@120661d2
  board={{2,3,4,8,9,1,5,6,7},{8,5,1,2,6,7,3,4,9},{9,6,7,3,4,5,2,8,1},{1,7,5,4,2,8,6,9,3},{4,2,8,7,1,0,0,0,0},{0,0,0,0,0,0,0,0,0},{0,0,0,0,0,0,0,0,0},{0,0,0,0,0,0,0,0,0},{0,0,0,0,0,0,0,0,0}}
]
13:16:51.329 INFO  [main] SudokuBoard - Wartość 0 wstawiona nieprawidłowo
13:16:51.329 INFO  [main] SudokuBoard - Bład w kwadracie 0
sudoku.model.SudokuBoard@4fc1eee5[
  size=9
  solver=sudoku.model.BacktrackingSudokuSolver@120661d2
  board={{2,3,4,8,9,1,5,6,7},{8,5,1,2,6,7,3,4,9},{9,6,7,3,4,5,2,8,1},{1,7,5,4,2,8,6,9,3},{4,2,8,7,1,0,0,0,0},{0,0,0,0,0,0,0,0,0},{0,0,0,0,0,0,0,0,0},{0,0,0,0,0,0,0,0,0},{0,0,0,0,0,0,0,0,0}}
]
13:16:51.329 INFO  [main] SudokuBoard - Wartość 0 wstawiona nieprawidłowo
13:16:51.329 INFO  [main] SudokuBoard - Bład w kwadracie 0
sudoku.model.SudokuBoard@4fc1eee5[
  size=9
  solver=sudoku.model.BacktrackingSudokuSolver@120661d2
  board={{2,3,4,8,9,1,5,6,7},{8,5,1,2,6,7,3,4,9},{9,6,7,3,4,5,2,8,1},{1,7,5,4,2,8,6,9,3},{4,2,8,7,1,0,0,0,0},{0,0,0,0,0,0,0,0,0},{0,0,0,0,0,0,0,0,0},{0,0,0,0,0,0,0,0,0},{0,0,0,0,0,0,0,0,0}}
]
13:16:51.329 INFO  [main] SudokuBoard - Wartość 0 wstawiona nieprawidłowo
13:16:51.330 INFO  [main] SudokuBoard - Bład w kwadracie 0
sudoku.model.SudokuBoard@4fc1eee5[
  size=9
  solver=sudoku.model.BacktrackingSudokuSolver@120661d2
  board={{2,3,4,8,9,1,5,6,7},{8,5,1,2,6,7,3,4,9},{9,6,7,3,4,5,2,8,1},{1,7,5,4,2,8,6,9,3},{4,2,8,7,0,0,0,0,0},{0,0,0,0,0,0,0,0,0},{0,0,0,0,0,0,0,0,0},{0,0,0,0,0,0,0,0,0},{0,0,0,0,0,0,0,0,0}}
]
13:16:51.330 INFO  [main] SudokuBoard - Wartość 0 wstawiona nieprawidłowo
13:16:51.330 INFO  [main] SudokuBoard - Bład w kwadracie 0
sudoku.model.SudokuBoard@4fc1eee5[
  size=9
  solver=sudoku.model.BacktrackingSudokuSolver@120661d2
  board={{2,3,4,8,9,1,5,6,7},{8,5,1,2,6,7,3,4,9},{9,6,7,3,4,5,2,8,1},{1,7,5,4,2,8,6,9,3},{4,2,8,7,3,9,1,0,0},{0,0,0,0,0,0,0,0,0},{0,0,0,0,0,0,0,0,0},{0,0,0,0,0,0,0,0,0},{0,0,0,0,0,0,0,0,0}}
]
13:16:51.330 INFO  [main] SudokuBoard - Wartość 0 wstawiona nieprawidłowo
13:16:51.330 INFO  [main] SudokuBoard - Bład w kwadracie 0
sudoku.model.SudokuBoard@4fc1eee5[
  size=9
  solver=sudoku.model.BacktrackingSudokuSolver@120661d2
  board={{2,3,4,8,9,1,5,6,7},{8,5,1,2,6,7,3,4,9},{9,6,7,3,4,5,2,8,1},{1,7,5,4,2,8,6,9,3},{4,2,8,7,3,9,0,0,0},{0,0,0,0,0,0,0,0,0},{0,0,0,0,0,0,0,0,0},{0,0,0,0,0,0,0,0,0},{0,0,0,0,0,0,0,0,0}}
]
13:16:51.330 INFO  [main] SudokuBoard - Wartość 0 wstawiona nieprawidłowo
13:16:51.330 INFO  [main] SudokuBoard - Bład w kwadracie 0
sudoku.model.SudokuBoard@4fc1eee5[
  size=9
  solver=sudoku.model.BacktrackingSudokuSolver@120661d2
  board={{2,3,4,8,9,1,5,6,7},{8,5,1,2,6,7,3,4,9},{9,6,7,3,4,5,2,8,1},{1,7,5,4,2,8,6,9,3},{4,2,8,7,3,0,0,0,0},{0,0,0,0,0,0,0,0,0},{0,0,0,0,0,0,0,0,0},{0,0,0,0,0,0,0,0,0},{0,0,0,0,0,0,0,0,0}}
]
13:16:51.331 INFO  [main] SudokuBoard - Wartość 0 wstawiona nieprawidłowo
13:16:51.331 INFO  [main] SudokuBoard - Bład w kwadracie 0
sudoku.model.SudokuBoard@4fc1eee5[
  size=9
  solver=sudoku.model.BacktrackingSudokuSolver@120661d2
  board={{2,3,4,8,9,1,5,6,7},{8,5,1,2,6,7,3,4,9},{9,6,7,3,4,5,2,8,1},{1,7,5,4,2,8,6,9,3},{4,2,8,7,3,6,1,0,0},{0,0,0,0,0,0,0,0,0},{0,0,0,0,0,0,0,0,0},{0,0,0,0,0,0,0,0,0},{0,0,0,0,0,0,0,0,0}}
]
13:16:51.331 INFO  [main] SudokuBoard - Wartość 0 wstawiona nieprawidłowo
13:16:51.331 INFO  [main] SudokuBoard - Bład w kwadracie 0
sudoku.model.SudokuBoard@4fc1eee5[
  size=9
  solver=sudoku.model.BacktrackingSudokuSolver@120661d2
  board={{2,3,4,8,9,1,5,6,7},{8,5,1,2,6,7,3,4,9},{9,6,7,3,4,5,2,8,1},{1,7,5,4,2,8,6,9,3},{4,2,8,7,3,6,0,0,0},{0,0,0,0,0,0,0,0,0},{0,0,0,0,0,0,0,0,0},{0,0,0,0,0,0,0,0,0},{0,0,0,0,0,0,0,0,0}}
]
13:16:51.331 INFO  [main] SudokuBoard - Wartość 0 wstawiona nieprawidłowo
13:16:51.331 INFO  [main] SudokuBoard - Bład w kwadracie 0
sudoku.model.SudokuBoard@4fc1eee5[
  size=9
  solver=sudoku.model.BacktrackingSudokuSolver@120661d2
  board={{2,3,4,8,9,1,5,6,7},{8,5,1,2,6,7,3,4,9},{9,6,7,3,4,5,2,8,1},{1,7,5,4,2,8,6,9,3},{4,2,8,7,3,0,0,0,0},{0,0,0,0,0,0,0,0,0},{0,0,0,0,0,0,0,0,0},{0,0,0,0,0,0,0,0,0},{0,0,0,0,0,0,0,0,0}}
]
13:16:51.331 INFO  [main] SudokuBoard - Wartość 0 wstawiona nieprawidłowo
13:16:51.331 INFO  [main] SudokuBoard - Bład w kwadracie 0
sudoku.model.SudokuBoard@4fc1eee5[
  size=9
  solver=sudoku.model.BacktrackingSudokuSolver@120661d2
  board={{2,3,4,8,9,1,5,6,7},{8,5,1,2,6,7,3,4,9},{9,6,7,3,4,5,2,8,1},{1,7,5,4,2,8,6,9,3},{4,2,8,7,0,0,0,0,0},{0,0,0,0,0,0,0,0,0},{0,0,0,0,0,0,0,0,0},{0,0,0,0,0,0,0,0,0},{0,0,0,0,0,0,0,0,0}}
]
13:16:51.331 INFO  [main] SudokuBoard - Wartość 0 wstawiona nieprawidłowo
13:16:51.332 INFO  [main] SudokuBoard - Bład w kwadracie 0
sudoku.model.SudokuBoard@4fc1eee5[
  size=9
  solver=sudoku.model.BacktrackingSudokuSolver@120661d2
  board={{2,3,4,8,9,1,5,6,7},{8,5,1,2,6,7,3,4,9},{9,6,7,3,4,5,2,8,1},{1,7,5,4,2,8,6,9,3},{4,2,8,7,5,6,0,0,0},{0,0,0,0,0,0,0,0,0},{0,0,0,0,0,0,0,0,0},{0,0,0,0,0,0,0,0,0},{0,0,0,0,0,0,0,0,0}}
]
13:16:51.332 INFO  [main] SudokuBoard - Wartość 0 wstawiona nieprawidłowo
13:16:51.332 INFO  [main] SudokuBoard - Bład w kwadracie 0
sudoku.model.SudokuBoard@4fc1eee5[
  size=9
  solver=sudoku.model.BacktrackingSudokuSolver@120661d2
  board={{2,3,4,8,9,1,5,6,7},{8,5,1,2,6,7,3,4,9},{9,6,7,3,4,5,2,8,1},{1,7,5,4,2,8,6,9,3},{4,2,8,7,5,0,0,0,0},{0,0,0,0,0,0,0,0,0},{0,0,0,0,0,0,0,0,0},{0,0,0,0,0,0,0,0,0},{0,0,0,0,0,0,0,0,0}}
]
13:16:51.332 INFO  [main] SudokuBoard - Wartość 0 wstawiona nieprawidłowo
13:16:51.332 INFO  [main] SudokuBoard - Bład w kwadracie 0
sudoku.model.SudokuBoard@4fc1eee5[
  size=9
  solver=sudoku.model.BacktrackingSudokuSolver@120661d2
  board={{2,3,4,8,9,1,5,6,7},{8,5,1,2,6,7,3,4,9},{9,6,7,3,4,5,2,8,1},{1,7,5,4,2,8,6,9,3},{4,2,8,7,5,9,0,0,0},{0,0,0,0,0,0,0,0,0},{0,0,0,0,0,0,0,0,0},{0,0,0,0,0,0,0,0,0},{0,0,0,0,0,0,0,0,0}}
]
13:16:51.332 INFO  [main] SudokuBoard - Wartość 0 wstawiona nieprawidłowo
13:16:51.333 INFO  [main] SudokuBoard - Bład w kwadracie 0
sudoku.model.SudokuBoard@4fc1eee5[
  size=9
  solver=sudoku.model.BacktrackingSudokuSolver@120661d2
  board={{2,3,4,8,9,1,5,6,7},{8,5,1,2,6,7,3,4,9},{9,6,7,3,4,5,2,8,1},{1,7,5,4,2,8,6,9,3},{4,2,8,7,5,0,0,0,0},{0,0,0,0,0,0,0,0,0},{0,0,0,0,0,0,0,0,0},{0,0,0,0,0,0,0,0,0},{0,0,0,0,0,0,0,0,0}}
]
13:16:51.333 INFO  [main] SudokuBoard - Wartość 0 wstawiona nieprawidłowo
13:16:51.333 INFO  [main] SudokuBoard - Bład w kwadracie 0
sudoku.model.SudokuBoard@4fc1eee5[
  size=9
  solver=sudoku.model.BacktrackingSudokuSolver@120661d2
  board={{2,3,4,8,9,1,5,6,7},{8,5,1,2,6,7,3,4,9},{9,6,7,3,4,5,2,8,1},{1,7,5,4,2,8,6,9,3},{4,2,8,7,5,3,0,0,0},{0,0,0,0,0,0,0,0,0},{0,0,0,0,0,0,0,0,0},{0,0,0,0,0,0,0,0,0},{0,0,0,0,0,0,0,0,0}}
]
13:16:51.333 INFO  [main] SudokuBoard - Wartość 0 wstawiona nieprawidłowo
13:16:51.333 INFO  [main] SudokuBoard - Bład w kwadracie 0
sudoku.model.SudokuBoard@4fc1eee5[
  size=9
  solver=sudoku.model.BacktrackingSudokuSolver@120661d2
  board={{2,3,4,8,9,1,5,6,7},{8,5,1,2,6,7,3,4,9},{9,6,7,3,4,5,2,8,1},{1,7,5,4,2,8,6,9,3},{4,2,8,7,5,0,0,0,0},{0,0,0,0,0,0,0,0,0},{0,0,0,0,0,0,0,0,0},{0,0,0,0,0,0,0,0,0},{0,0,0,0,0,0,0,0,0}}
]
13:16:51.333 INFO  [main] SudokuBoard - Wartość 0 wstawiona nieprawidłowo
13:16:51.333 INFO  [main] SudokuBoard - Bład w kwadracie 0
sudoku.model.SudokuBoard@4fc1eee5[
  size=9
  solver=sudoku.model.BacktrackingSudokuSolver@120661d2
  board={{2,3,4,8,9,1,5,6,7},{8,5,1,2,6,7,3,4,9},{9,6,7,3,4,5,2,8,1},{1,7,5,4,2,8,6,9,3},{4,2,8,7,0,0,0,0,0},{0,0,0,0,0,0,0,0,0},{0,0,0,0,0,0,0,0,0},{0,0,0,0,0,0,0,0,0},{0,0,0,0,0,0,0,0,0}}
]
13:16:51.333 INFO  [main] SudokuBoard - Wartość 0 wstawiona nieprawidłowo
13:16:51.334 INFO  [main] SudokuBoard - Bład w kwadracie 0
sudoku.model.SudokuBoard@4fc1eee5[
  size=9
  solver=sudoku.model.BacktrackingSudokuSolver@120661d2
  board={{2,3,4,8,9,1,5,6,7},{8,5,1,2,6,7,3,4,9},{9,6,7,3,4,5,2,8,1},{1,7,5,4,2,8,6,9,3},{4,2,8,0,0,0,0,0,0},{0,0,0,0,0,0,0,0,0},{0,0,0,0,0,0,0,0,0},{0,0,0,0,0,0,0,0,0},{0,0,0,0,0,0,0,0,0}}
]
13:16:51.334 INFO  [main] SudokuBoard - Wartość 0 wstawiona nieprawidłowo
13:16:51.334 INFO  [main] SudokuBoard - Bład w kwadracie 0
sudoku.model.SudokuBoard@4fc1eee5[
  size=9
  solver=sudoku.model.BacktrackingSudokuSolver@120661d2
  board={{2,3,4,8,9,1,5,6,7},{8,5,1,2,6,7,3,4,9},{9,6,7,3,4,5,2,8,1},{1,7,5,4,2,8,6,9,3},{4,2,0,0,0,0,0,0,0},{0,0,0,0,0,0,0,0,0},{0,0,0,0,0,0,0,0,0},{0,0,0,0,0,0,0,0,0},{0,0,0,0,0,0,0,0,0}}
]
13:16:51.334 INFO  [main] SudokuBoard - Wartość 0 wstawiona nieprawidłowo
13:16:51.334 INFO  [main] SudokuBoard - Bład w kwadracie 0
sudoku.model.SudokuBoard@4fc1eee5[
  size=9
  solver=sudoku.model.BacktrackingSudokuSolver@120661d2
  board={{2,3,4,8,9,1,5,6,7},{8,5,1,2,6,7,3,4,9},{9,6,7,3,4,5,2,8,1},{1,7,5,4,2,8,6,9,3},{4,2,9,6,5,3,7,1,8},{6,8,3,7,1,9,4,2,5},{7,4,6,5,3,2,0,0,0},{0,0,0,0,0,0,0,0,0},{0,0,0,0,0,0,0,0,0}}
]
13:16:51.334 INFO  [main] SudokuBoard - Wartość 0 wstawiona nieprawidłowo
13:16:51.334 INFO  [main] SudokuBoard - Bład w kwadracie 0
sudoku.model.SudokuBoard@4fc1eee5[
  size=9
  solver=sudoku.model.BacktrackingSudokuSolver@120661d2
  board={{2,3,4,8,9,1,5,6,7},{8,5,1,2,6,7,3,4,9},{9,6,7,3,4,5,2,8,1},{1,7,5,4,2,8,6,9,3},{4,2,9,6,5,3,7,1,8},{6,8,3,7,1,9,4,2,5},{7,4,6,5,3,2,0,0,0},{0,0,0,0,0,0,0,0,0},{0,0,0,0,0,0,0,0,0}}
]
13:16:51.334 INFO  [main] SudokuBoard - Wartość 0 wstawiona nieprawidłowo
13:16:51.335 INFO  [main] SudokuBoard - Bład w kwadracie 0
sudoku.model.SudokuBoard@4fc1eee5[
  size=9
  solver=sudoku.model.BacktrackingSudokuSolver@120661d2
  board={{2,3,4,8,9,1,5,6,7},{8,5,1,2,6,7,3,4,9},{9,6,7,3,4,5,2,8,1},{1,7,5,4,2,8,6,9,3},{4,2,9,6,5,3,7,1,8},{6,8,3,7,1,9,4,2,5},{7,4,6,5,3,2,0,0,0},{0,0,0,0,0,0,0,0,0},{0,0,0,0,0,0,0,0,0}}
]
13:16:51.335 INFO  [main] SudokuBoard - Wartość 0 wstawiona nieprawidłowo
13:16:51.335 INFO  [main] SudokuBoard - Bład w kwadracie 0
sudoku.model.SudokuBoard@4fc1eee5[
  size=9
  solver=sudoku.model.BacktrackingSudokuSolver@120661d2
  board={{2,3,4,8,9,1,5,6,7},{8,5,1,2,6,7,3,4,9},{9,6,7,3,4,5,2,8,1},{1,7,5,4,2,8,6,9,3},{4,2,9,6,5,3,7,1,8},{6,8,3,7,1,9,4,2,5},{7,4,6,5,3,0,0,0,0},{0,0,0,0,0,0,0,0,0},{0,0,0,0,0,0,0,0,0}}
]
13:16:51.335 INFO  [main] SudokuBoard - Wartość 0 wstawiona nieprawidłowo
13:16:51.336 INFO  [main] SudokuBoard - Bład w kwadracie 0
sudoku.model.SudokuBoard@4fc1eee5[
  size=9
  solver=sudoku.model.BacktrackingSudokuSolver@120661d2
  board={{2,3,4,8,9,1,5,6,7},{8,5,1,2,6,7,3,4,9},{9,6,7,3,4,5,2,8,1},{1,7,5,4,2,8,6,9,3},{4,2,9,6,5,3,7,1,8},{6,8,3,7,1,9,4,2,5},{7,4,6,5,0,0,0,0,0},{0,0,0,0,0,0,0,0,0},{0,0,0,0,0,0,0,0,0}}
]
13:16:51.336 INFO  [main] SudokuBoard - Wartość 0 wstawiona nieprawidłowo
13:16:51.341 INFO  [main] SudokuBoard - Bład w kwadracie 0
sudoku.model.SudokuBoard@4fc1eee5[
  size=9
  solver=sudoku.model.BacktrackingSudokuSolver@120661d2
  board={{2,3,4,8,9,1,5,6,7},{8,5,1,2,6,7,3,4,9},{9,6,7,3,4,5,2,8,1},{1,7,5,4,2,8,6,9,3},{4,2,9,6,5,3,7,1,8},{6,8,3,7,1,9,4,2,5},{7,4,6,5,8,2,9,0,0},{0,0,0,0,0,0,0,0,0},{0,0,0,0,0,0,0,0,0}}
]
13:16:51.341 INFO  [main] SudokuBoard - Wartość 0 wstawiona nieprawidłowo
13:16:51.341 INFO  [main] SudokuBoard - Bład w kwadracie 0
sudoku.model.SudokuBoard@4fc1eee5[
  size=9
  solver=sudoku.model.BacktrackingSudokuSolver@120661d2
  board={{2,3,4,8,9,1,5,6,7},{8,5,1,2,6,7,3,4,9},{9,6,7,3,4,5,2,8,1},{1,7,5,4,2,8,6,9,3},{4,2,9,6,5,3,7,1,8},{6,8,3,7,1,9,4,2,5},{7,4,6,5,8,2,0,0,0},{0,0,0,0,0,0,0,0,0},{0,0,0,0,0,0,0,0,0}}
]
13:16:51.341 INFO  [main] SudokuBoard - Wartość 0 wstawiona nieprawidłowo
13:16:51.341 INFO  [main] SudokuBoard - Bład w kwadracie 0
sudoku.model.SudokuBoard@4fc1eee5[
  size=9
  solver=sudoku.model.BacktrackingSudokuSolver@120661d2
  board={{2,3,4,8,9,1,5,6,7},{8,5,1,2,6,7,3,4,9},{9,6,7,3,4,5,2,8,1},{1,7,5,4,2,8,6,9,3},{4,2,9,6,5,3,7,1,8},{6,8,3,7,1,9,4,2,5},{7,4,6,5,8,2,1,0,0},{0,0,0,0,0,0,0,0,0},{0,0,0,0,0,0,0,0,0}}
]
13:16:51.341 INFO  [main] SudokuBoard - Wartość 0 wstawiona nieprawidłowo
13:16:51.341 INFO  [main] SudokuBoard - Bład w kwadracie 0
sudoku.model.SudokuBoard@4fc1eee5[
  size=9
  solver=sudoku.model.BacktrackingSudokuSolver@120661d2
  board={{2,3,4,8,9,1,5,6,7},{8,5,1,2,6,7,3,4,9},{9,6,7,3,4,5,2,8,1},{1,7,5,4,2,8,6,9,3},{4,2,9,6,5,3,7,1,8},{6,8,3,7,1,9,4,2,5},{7,4,6,5,8,2,0,0,0},{0,0,0,0,0,0,0,0,0},{0,0,0,0,0,0,0,0,0}}
]
13:16:51.342 INFO  [main] SudokuBoard - Wartość 0 wstawiona nieprawidłowo
13:16:51.342 INFO  [main] SudokuBoard - Bład w kwadracie 0
sudoku.model.SudokuBoard@4fc1eee5[
  size=9
  solver=sudoku.model.BacktrackingSudokuSolver@120661d2
  board={{2,3,4,8,9,1,5,6,7},{8,5,1,2,6,7,3,4,9},{9,6,7,3,4,5,2,8,1},{1,7,5,4,2,8,6,9,3},{4,2,9,6,5,3,7,1,8},{6,8,3,7,1,9,4,2,5},{7,4,6,5,8,0,0,0,0},{0,0,0,0,0,0,0,0,0},{0,0,0,0,0,0,0,0,0}}
]
13:16:51.342 INFO  [main] SudokuBoard - Wartość 0 wstawiona nieprawidłowo
13:16:51.343 INFO  [main] SudokuBoard - Bład w kwadracie 0
sudoku.model.SudokuBoard@4fc1eee5[
  size=9
  solver=sudoku.model.BacktrackingSudokuSolver@120661d2
  board={{2,3,4,8,9,1,5,6,7},{8,5,1,2,6,7,3,4,9},{9,6,7,3,4,5,2,8,1},{1,7,5,4,2,8,6,9,3},{4,2,9,6,5,3,7,1,8},{6,8,3,7,1,9,4,2,5},{7,4,6,5,0,0,0,0,0},{0,0,0,0,0,0,0,0,0},{0,0,0,0,0,0,0,0,0}}
]
13:16:51.343 INFO  [main] SudokuBoard - Wartość 0 wstawiona nieprawidłowo
13:16:51.343 INFO  [main] SudokuBoard - Bład w kwadracie 0
sudoku.model.SudokuBoard@4fc1eee5[
  size=9
  solver=sudoku.model.BacktrackingSudokuSolver@120661d2
  board={{2,3,4,8,9,1,5,6,7},{8,5,1,2,6,7,3,4,9},{9,6,7,3,4,5,2,8,1},{1,7,5,4,2,8,6,9,3},{4,2,9,6,5,3,7,1,8},{6,8,3,7,1,9,4,2,5},{7,4,6,0,0,0,0,0,0},{0,0,0,0,0,0,0,0,0},{0,0,0,0,0,0,0,0,0}}
]
13:16:51.343 INFO  [main] SudokuBoard - Wartość 0 wstawiona nieprawidłowo
13:16:51.343 INFO  [main] SudokuBoard - Bład w kwadracie 0
sudoku.model.SudokuBoard@4fc1eee5[
  size=9
  solver=sudoku.model.BacktrackingSudokuSolver@120661d2
  board={{2,3,4,8,9,1,5,6,7},{8,5,1,2,6,7,3,4,9},{9,6,7,3,4,5,2,8,1},{1,7,5,4,2,8,6,9,3},{4,2,9,6,5,3,7,1,8},{6,8,3,7,1,9,4,2,5},{7,4,6,9,3,2,8,0,0},{0,0,0,0,0,0,0,0,0},{0,0,0,0,0,0,0,0,0}}
]
13:16:51.343 INFO  [main] SudokuBoard - Wartość 0 wstawiona nieprawidłowo
13:16:51.343 INFO  [main] SudokuBoard - Bład w kwadracie 0
sudoku.model.SudokuBoard@4fc1eee5[
  size=9
  solver=sudoku.model.BacktrackingSudokuSolver@120661d2
  board={{2,3,4,8,9,1,5,6,7},{8,5,1,2,6,7,3,4,9},{9,6,7,3,4,5,2,8,1},{1,7,5,4,2,8,6,9,3},{4,2,9,6,5,3,7,1,8},{6,8,3,7,1,9,4,2,5},{7,4,6,9,3,2,0,0,0},{0,0,0,0,0,0,0,0,0},{0,0,0,0,0,0,0,0,0}}
]
13:16:51.343 INFO  [main] SudokuBoard - Wartość 0 wstawiona nieprawidłowo
13:16:51.343 INFO  [main] SudokuBoard - Bład w kwadracie 0
sudoku.model.SudokuBoard@4fc1eee5[
  size=9
  solver=sudoku.model.BacktrackingSudokuSolver@120661d2
  board={{2,3,4,8,9,1,5,6,7},{8,5,1,2,6,7,3,4,9},{9,6,7,3,4,5,2,8,1},{1,7,5,4,2,8,6,9,3},{4,2,9,6,5,3,7,1,8},{6,8,3,7,1,9,4,2,5},{7,4,6,9,3,2,1,0,0},{0,0,0,0,0,0,0,0,0},{0,0,0,0,0,0,0,0,0}}
]
13:16:51.344 INFO  [main] SudokuBoard - Wartość 0 wstawiona nieprawidłowo
13:16:51.344 INFO  [main] SudokuBoard - Bład w kwadracie 0
sudoku.model.SudokuBoard@4fc1eee5[
  size=9
  solver=sudoku.model.BacktrackingSudokuSolver@120661d2
  board={{2,3,4,8,9,1,5,6,7},{8,5,1,2,6,7,3,4,9},{9,6,7,3,4,5,2,8,1},{1,7,5,4,2,8,6,9,3},{4,2,9,6,5,3,7,1,8},{6,8,3,7,1,9,4,2,5},{7,4,6,9,3,2,0,0,0},{0,0,0,0,0,0,0,0,0},{0,0,0,0,0,0,0,0,0}}
]
13:16:51.344 INFO  [main] SudokuBoard - Wartość 0 wstawiona nieprawidłowo
13:16:51.344 INFO  [main] SudokuBoard - Bład w kwadracie 0
sudoku.model.SudokuBoard@4fc1eee5[
  size=9
  solver=sudoku.model.BacktrackingSudokuSolver@120661d2
  board={{2,3,4,8,9,1,5,6,7},{8,5,1,2,6,7,3,4,9},{9,6,7,3,4,5,2,8,1},{1,7,5,4,2,8,6,9,3},{4,2,9,6,5,3,7,1,8},{6,8,3,7,1,9,4,2,5},{7,4,6,9,3,0,0,0,0},{0,0,0,0,0,0,0,0,0},{0,0,0,0,0,0,0,0,0}}
]
13:16:51.344 INFO  [main] SudokuBoard - Wartość 0 wstawiona nieprawidłowo
13:16:51.344 INFO  [main] SudokuBoard - Bład w kwadracie 0
sudoku.model.SudokuBoard@4fc1eee5[
  size=9
  solver=sudoku.model.BacktrackingSudokuSolver@120661d2
  board={{2,3,4,8,9,1,5,6,7},{8,5,1,2,6,7,3,4,9},{9,6,7,3,4,5,2,8,1},{1,7,5,4,2,8,6,9,3},{4,2,9,6,5,3,7,1,8},{6,8,3,7,1,9,4,2,5},{7,4,6,9,0,0,0,0,0},{0,0,0,0,0,0,0,0,0},{0,0,0,0,0,0,0,0,0}}
]
13:16:51.344 INFO  [main] SudokuBoard - Wartość 0 wstawiona nieprawidłowo
13:16:51.344 INFO  [main] SudokuBoard - Bład w kwadracie 0
sudoku.model.SudokuBoard@4fc1eee5[
  size=9
  solver=sudoku.model.BacktrackingSudokuSolver@120661d2
  board={{2,3,4,8,9,1,5,6,7},{8,5,1,2,6,7,3,4,9},{9,6,7,3,4,5,2,8,1},{1,7,5,4,2,8,6,9,3},{4,2,9,6,5,3,7,1,8},{6,8,3,7,1,9,4,2,5},{7,4,6,9,8,2,1,0,0},{0,0,0,0,0,0,0,0,0},{0,0,0,0,0,0,0,0,0}}
]
13:16:51.344 INFO  [main] SudokuBoard - Wartość 0 wstawiona nieprawidłowo
13:16:51.346 INFO  [main] SudokuBoard - Bład w kwadracie 0
sudoku.model.SudokuBoard@4fc1eee5[
  size=9
  solver=sudoku.model.BacktrackingSudokuSolver@120661d2
  board={{2,3,4,8,9,1,5,6,7},{8,5,1,2,6,7,3,4,9},{9,6,7,3,4,5,2,8,1},{1,7,5,4,2,8,6,9,3},{4,2,9,6,5,3,7,1,8},{6,8,3,7,1,9,4,2,5},{7,4,6,9,8,2,1,0,0},{0,0,0,0,0,0,0,0,0},{0,0,0,0,0,0,0,0,0}}
]
13:16:51.347 INFO  [main] SudokuBoard - Wartość 0 wstawiona nieprawidłowo
13:16:51.347 INFO  [main] SudokuBoard - Bład w kwadracie 0
sudoku.model.SudokuBoard@4fc1eee5[
  size=9
  solver=sudoku.model.BacktrackingSudokuSolver@120661d2
  board={{2,3,4,8,9,1,5,6,7},{8,5,1,2,6,7,3,4,9},{9,6,7,3,4,5,2,8,1},{1,7,5,4,2,8,6,9,3},{4,2,9,6,5,3,7,1,8},{6,8,3,7,1,9,4,2,5},{7,4,6,9,8,2,0,0,0},{0,0,0,0,0,0,0,0,0},{0,0,0,0,0,0,0,0,0}}
]
13:16:51.347 INFO  [main] SudokuBoard - Wartość 0 wstawiona nieprawidłowo
13:16:51.347 INFO  [main] SudokuBoard - Bład w kwadracie 0
sudoku.model.SudokuBoard@4fc1eee5[
  size=9
  solver=sudoku.model.BacktrackingSudokuSolver@120661d2
  board={{2,3,4,8,9,1,5,6,7},{8,5,1,2,6,7,3,4,9},{9,6,7,3,4,5,2,8,1},{1,7,5,4,2,8,6,9,3},{4,2,9,6,5,3,7,1,8},{6,8,3,7,1,9,4,2,5},{7,4,6,9,8,0,0,0,0},{0,0,0,0,0,0,0,0,0},{0,0,0,0,0,0,0,0,0}}
]
13:16:51.347 INFO  [main] SudokuBoard - Wartość 0 wstawiona nieprawidłowo
13:16:51.347 INFO  [main] SudokuBoard - Bład w kwadracie 0
sudoku.model.SudokuBoard@4fc1eee5[
  size=9
  solver=sudoku.model.BacktrackingSudokuSolver@120661d2
  board={{2,3,4,8,9,1,5,6,7},{8,5,1,2,6,7,3,4,9},{9,6,7,3,4,5,2,8,1},{1,7,5,4,2,8,6,9,3},{4,2,9,6,5,3,7,1,8},{6,8,3,7,1,9,4,2,5},{7,4,6,9,0,0,0,0,0},{0,0,0,0,0,0,0,0,0},{0,0,0,0,0,0,0,0,0}}
]
13:16:51.347 INFO  [main] SudokuBoard - Wartość 0 wstawiona nieprawidłowo
13:16:51.347 INFO  [main] SudokuBoard - Bład w kwadracie 0
sudoku.model.SudokuBoard@4fc1eee5[
  size=9
  solver=sudoku.model.BacktrackingSudokuSolver@120661d2
  board={{2,3,4,8,9,1,5,6,7},{8,5,1,2,6,7,3,4,9},{9,6,7,3,4,5,2,8,1},{1,7,5,4,2,8,6,9,3},{4,2,9,6,5,3,7,1,8},{6,8,3,7,1,9,4,2,5},{7,4,6,0,0,0,0,0,0},{0,0,0,0,0,0,0,0,0},{0,0,0,0,0,0,0,0,0}}
]
13:16:51.347 INFO  [main] SudokuBoard - Wartość 0 wstawiona nieprawidłowo
13:16:51.348 INFO  [main] SudokuBoard - Bład w kwadracie 0
sudoku.model.SudokuBoard@4fc1eee5[
  size=9
  solver=sudoku.model.BacktrackingSudokuSolver@120661d2
  board={{2,3,4,8,9,1,5,6,7},{8,5,1,2,6,7,3,4,9},{9,6,7,3,4,5,2,8,1},{1,7,5,4,2,8,6,9,3},{4,2,9,6,5,3,7,1,8},{6,8,3,7,1,9,4,2,5},{7,4,6,1,8,2,9,0,0},{0,0,0,0,0,0,0,0,0},{0,0,0,0,0,0,0,0,0}}
]
13:16:51.348 INFO  [main] SudokuBoard - Wartość 0 wstawiona nieprawidłowo
13:16:51.348 INFO  [main] SudokuBoard - Bład w kwadracie 0
sudoku.model.SudokuBoard@4fc1eee5[
  size=9
  solver=sudoku.model.BacktrackingSudokuSolver@120661d2
  board={{2,3,4,8,9,1,5,6,7},{8,5,1,2,6,7,3,4,9},{9,6,7,3,4,5,2,8,1},{1,7,5,4,2,8,6,9,3},{4,2,9,6,5,3,7,1,8},{6,8,3,7,1,9,4,2,5},{7,4,6,1,8,2,9,0,0},{0,0,0,0,0,0,0,0,0},{0,0,0,0,0,0,0,0,0}}
]
13:16:51.348 INFO  [main] SudokuBoard - Wartość 0 wstawiona nieprawidłowo
13:16:51.348 INFO  [main] SudokuBoard - Bład w kwadracie 0
sudoku.model.SudokuBoard@4fc1eee5[
  size=9
  solver=sudoku.model.BacktrackingSudokuSolver@120661d2
  board={{2,3,4,8,9,1,5,6,7},{8,5,1,2,6,7,3,4,9},{9,6,7,3,4,5,2,8,1},{1,7,5,4,2,8,6,9,3},{4,2,9,6,5,3,7,1,8},{6,8,3,7,1,9,4,2,5},{7,4,6,1,8,2,0,0,0},{0,0,0,0,0,0,0,0,0},{0,0,0,0,0,0,0,0,0}}
]
13:16:51.348 INFO  [main] SudokuBoard - Wartość 0 wstawiona nieprawidłowo
13:16:51.349 INFO  [main] SudokuBoard - Bład w kwadracie 0
sudoku.model.SudokuBoard@4fc1eee5[
  size=9
  solver=sudoku.model.BacktrackingSudokuSolver@120661d2
  board={{2,3,4,8,9,1,5,6,7},{8,5,1,2,6,7,3,4,9},{9,6,7,3,4,5,2,8,1},{1,7,5,4,2,8,6,9,3},{4,2,9,6,5,3,7,1,8},{6,8,3,7,1,9,4,2,5},{7,4,6,1,8,0,0,0,0},{0,0,0,0,0,0,0,0,0},{0,0,0,0,0,0,0,0,0}}
]
13:16:51.349 INFO  [main] SudokuBoard - Wartość 0 wstawiona nieprawidłowo
13:16:51.351 INFO  [main] SudokuBoard - Bład w kwadracie 0
sudoku.model.SudokuBoard@4fc1eee5[
  size=9
  solver=sudoku.model.BacktrackingSudokuSolver@120661d2
  board={{2,3,4,8,9,1,5,6,7},{8,5,1,2,6,7,3,4,9},{9,6,7,3,4,5,2,8,1},{1,7,5,4,2,8,6,9,3},{4,2,9,6,5,3,7,1,8},{6,8,3,7,1,9,4,2,5},{7,4,6,1,0,0,0,0,0},{0,0,0,0,0,0,0,0,0},{0,0,0,0,0,0,0,0,0}}
]
13:16:51.351 INFO  [main] SudokuBoard - Wartość 0 wstawiona nieprawidłowo
13:16:51.351 INFO  [main] SudokuBoard - Bład w kwadracie 0
sudoku.model.SudokuBoard@4fc1eee5[
  size=9
  solver=sudoku.model.BacktrackingSudokuSolver@120661d2
  board={{2,3,4,8,9,1,5,6,7},{8,5,1,2,6,7,3,4,9},{9,6,7,3,4,5,2,8,1},{1,7,5,4,2,8,6,9,3},{4,2,9,6,5,3,7,1,8},{6,8,3,7,1,9,4,2,5},{7,4,6,1,3,2,9,0,0},{0,0,0,0,0,0,0,0,0},{0,0,0,0,0,0,0,0,0}}
]
13:16:51.351 INFO  [main] SudokuBoard - Wartość 0 wstawiona nieprawidłowo
13:16:51.351 INFO  [main] SudokuBoard - Bład w kwadracie 0
sudoku.model.SudokuBoard@4fc1eee5[
  size=9
  solver=sudoku.model.BacktrackingSudokuSolver@120661d2
  board={{2,3,4,8,9,1,5,6,7},{8,5,1,2,6,7,3,4,9},{9,6,7,3,4,5,2,8,1},{1,7,5,4,2,8,6,9,3},{4,2,9,6,5,3,7,1,8},{6,8,3,7,1,9,4,2,5},{7,4,6,1,3,2,0,0,0},{0,0,0,0,0,0,0,0,0},{0,0,0,0,0,0,0,0,0}}
]
13:16:51.352 INFO  [main] SudokuBoard - Wartość 0 wstawiona nieprawidłowo
13:16:51.352 INFO  [main] SudokuBoard - Bład w kwadracie 0
sudoku.model.SudokuBoard@4fc1eee5[
  size=9
  solver=sudoku.model.BacktrackingSudokuSolver@120661d2
  board={{2,3,4,8,9,1,5,6,7},{8,5,1,2,6,7,3,4,9},{9,6,7,3,4,5,2,8,1},{1,7,5,4,2,8,6,9,3},{4,2,9,6,5,3,7,1,8},{6,8,3,7,1,9,4,2,5},{7,4,6,1,3,2,8,0,0},{0,0,0,0,0,0,0,0,0},{0,0,0,0,0,0,0,0,0}}
]
13:16:51.352 INFO  [main] SudokuBoard - Wartość 0 wstawiona nieprawidłowo
13:16:51.352 INFO  [main] SudokuBoard - Bład w kwadracie 0
sudoku.model.SudokuBoard@4fc1eee5[
  size=9
  solver=sudoku.model.BacktrackingSudokuSolver@120661d2
  board={{2,3,4,8,9,1,5,6,7},{8,5,1,2,6,7,3,4,9},{9,6,7,3,4,5,2,8,1},{1,7,5,4,2,8,6,9,3},{4,2,9,6,5,3,7,1,8},{6,8,3,7,1,9,4,2,5},{7,4,6,1,3,2,0,0,0},{0,0,0,0,0,0,0,0,0},{0,0,0,0,0,0,0,0,0}}
]
13:16:51.355 INFO  [main] SudokuBoard - Wartość 0 wstawiona nieprawidłowo
13:16:51.355 INFO  [main] SudokuBoard - Bład w kwadracie 0
sudoku.model.SudokuBoard@4fc1eee5[
  size=9
  solver=sudoku.model.BacktrackingSudokuSolver@120661d2
  board={{2,3,4,8,9,1,5,6,7},{8,5,1,2,6,7,3,4,9},{9,6,7,3,4,5,2,8,1},{1,7,5,4,2,8,6,9,3},{4,2,9,6,5,3,7,1,8},{6,8,3,7,1,9,4,2,5},{7,4,6,1,3,0,0,0,0},{0,0,0,0,0,0,0,0,0},{0,0,0,0,0,0,0,0,0}}
]
13:16:51.356 INFO  [main] SudokuBoard - Wartość 0 wstawiona nieprawidłowo
13:16:51.358 INFO  [main] SudokuBoard - Bład w kwadracie 0
sudoku.model.SudokuBoard@4fc1eee5[
  size=9
  solver=sudoku.model.BacktrackingSudokuSolver@120661d2
  board={{2,3,4,8,9,1,5,6,7},{8,5,1,2,6,7,3,4,9},{9,6,7,3,4,5,2,8,1},{1,7,5,4,2,8,6,9,3},{4,2,9,6,5,3,7,1,8},{6,8,3,7,1,9,4,2,5},{7,4,6,1,0,0,0,0,0},{0,0,0,0,0,0,0,0,0},{0,0,0,0,0,0,0,0,0}}
]
13:16:51.358 INFO  [main] SudokuBoard - Wartość 0 wstawiona nieprawidłowo
13:16:51.358 INFO  [main] SudokuBoard - Bład w kwadracie 0
sudoku.model.SudokuBoard@4fc1eee5[
  size=9
  solver=sudoku.model.BacktrackingSudokuSolver@120661d2
  board={{2,3,4,8,9,1,5,6,7},{8,5,1,2,6,7,3,4,9},{9,6,7,3,4,5,2,8,1},{1,7,5,4,2,8,6,9,3},{4,2,9,6,5,3,7,1,8},{6,8,3,7,1,9,4,2,5},{7,4,6,0,0,0,0,0,0},{0,0,0,0,0,0,0,0,0},{0,0,0,0,0,0,0,0,0}}
]
13:16:51.358 INFO  [main] SudokuBoard - Wartość 0 wstawiona nieprawidłowo
13:16:51.358 INFO  [main] SudokuBoard - Bład w kwadracie 0
sudoku.model.SudokuBoard@4fc1eee5[
  size=9
  solver=sudoku.model.BacktrackingSudokuSolver@120661d2
  board={{2,3,4,8,9,1,5,6,7},{8,5,1,2,6,7,3,4,9},{9,6,7,3,4,5,2,8,1},{1,7,5,4,2,8,6,9,3},{4,2,9,6,5,3,7,1,8},{6,8,3,7,1,9,4,2,5},{7,4,0,0,0,0,0,0,0},{0,0,0,0,0,0,0,0,0},{0,0,0,0,0,0,0,0,0}}
]
13:16:51.358 INFO  [main] SudokuBoard - Wartość 0 wstawiona nieprawidłowo
13:16:51.359 INFO  [main] SudokuBoard - Bład w kwadracie 0
sudoku.model.SudokuBoard@4fc1eee5[
  size=9
  solver=sudoku.model.BacktrackingSudokuSolver@120661d2
  board={{2,3,4,8,9,1,5,6,7},{8,5,1,2,6,7,3,4,9},{9,6,7,3,4,5,2,8,1},{1,7,5,4,2,8,6,9,3},{4,2,9,6,5,3,7,1,8},{6,8,3,7,1,9,4,2,5},{7,4,8,5,3,2,0,0,0},{0,0,0,0,0,0,0,0,0},{0,0,0,0,0,0,0,0,0}}
]
13:16:51.359 INFO  [main] SudokuBoard - Wartość 0 wstawiona nieprawidłowo
13:16:51.359 INFO  [main] SudokuBoard - Bład w kwadracie 0
sudoku.model.SudokuBoard@4fc1eee5[
  size=9
  solver=sudoku.model.BacktrackingSudokuSolver@120661d2
  board={{2,3,4,8,9,1,5,6,7},{8,5,1,2,6,7,3,4,9},{9,6,7,3,4,5,2,8,1},{1,7,5,4,2,8,6,9,3},{4,2,9,6,5,3,7,1,8},{6,8,3,7,1,9,4,2,5},{7,4,8,5,3,2,0,0,0},{0,0,0,0,0,0,0,0,0},{0,0,0,0,0,0,0,0,0}}
]
13:16:51.359 INFO  [main] SudokuBoard - Wartość 0 wstawiona nieprawidłowo
13:16:51.359 INFO  [main] SudokuBoard - Bład w kwadracie 0
sudoku.model.SudokuBoard@4fc1eee5[
  size=9
  solver=sudoku.model.BacktrackingSudokuSolver@120661d2
  board={{2,3,4,8,9,1,5,6,7},{8,5,1,2,6,7,3,4,9},{9,6,7,3,4,5,2,8,1},{1,7,5,4,2,8,6,9,3},{4,2,9,6,5,3,7,1,8},{6,8,3,7,1,9,4,2,5},{7,4,8,5,3,0,0,0,0},{0,0,0,0,0,0,0,0,0},{0,0,0,0,0,0,0,0,0}}
]
13:16:51.359 INFO  [main] SudokuBoard - Wartość 0 wstawiona nieprawidłowo
13:16:51.359 INFO  [main] SudokuBoard - Bład w kwadracie 0
sudoku.model.SudokuBoard@4fc1eee5[
  size=9
  solver=sudoku.model.BacktrackingSudokuSolver@120661d2
  board={{2,3,4,8,9,1,5,6,7},{8,5,1,2,6,7,3,4,9},{9,6,7,3,4,5,2,8,1},{1,7,5,4,2,8,6,9,3},{4,2,9,6,5,3,7,1,8},{6,8,3,7,1,9,4,2,5},{7,4,8,5,3,6,0,0,0},{0,0,0,0,0,0,0,0,0},{0,0,0,0,0,0,0,0,0}}
]
13:16:51.359 INFO  [main] SudokuBoard - Wartość 0 wstawiona nieprawidłowo
13:16:51.360 INFO  [main] SudokuBoard - Bład w kwadracie 0
sudoku.model.SudokuBoard@4fc1eee5[
  size=9
  solver=sudoku.model.BacktrackingSudokuSolver@120661d2
  board={{2,3,4,8,9,1,5,6,7},{8,5,1,2,6,7,3,4,9},{9,6,7,3,4,5,2,8,1},{1,7,5,4,2,8,6,9,3},{4,2,9,6,5,3,7,1,8},{6,8,3,7,1,9,4,2,5},{7,4,8,5,3,6,0,0,0},{0,0,0,0,0,0,0,0,0},{0,0,0,0,0,0,0,0,0}}
]
13:16:51.360 INFO  [main] SudokuBoard - Wartość 0 wstawiona nieprawidłowo
13:16:51.360 INFO  [main] SudokuBoard - Bład w kwadracie 0
sudoku.model.SudokuBoard@4fc1eee5[
  size=9
  solver=sudoku.model.BacktrackingSudokuSolver@120661d2
  board={{2,3,4,8,9,1,5,6,7},{8,5,1,2,6,7,3,4,9},{9,6,7,3,4,5,2,8,1},{1,7,5,4,2,8,6,9,3},{4,2,9,6,5,3,7,1,8},{6,8,3,7,1,9,4,2,5},{7,4,8,5,3,0,0,0,0},{0,0,0,0,0,0,0,0,0},{0,0,0,0,0,0,0,0,0}}
]
13:16:51.360 INFO  [main] SudokuBoard - Wartość 0 wstawiona nieprawidłowo
13:16:51.361 INFO  [main] SudokuBoard - Bład w kwadracie 0
sudoku.model.SudokuBoard@4fc1eee5[
  size=9
  solver=sudoku.model.BacktrackingSudokuSolver@120661d2
  board={{2,3,4,8,9,1,5,6,7},{8,5,1,2,6,7,3,4,9},{9,6,7,3,4,5,2,8,1},{1,7,5,4,2,8,6,9,3},{4,2,9,6,5,3,7,1,8},{6,8,3,7,1,9,4,2,5},{7,4,8,5,0,0,0,0,0},{0,0,0,0,0,0,0,0,0},{0,0,0,0,0,0,0,0,0}}
]
13:16:51.361 INFO  [main] SudokuBoard - Wartość 0 wstawiona nieprawidłowo
13:16:51.361 INFO  [main] SudokuBoard - Bład w kwadracie 0
sudoku.model.SudokuBoard@4fc1eee5[
  size=9
  solver=sudoku.model.BacktrackingSudokuSolver@120661d2
  board={{2,3,4,8,9,1,5,6,7},{8,5,1,2,6,7,3,4,9},{9,6,7,3,4,5,2,8,1},{1,7,5,4,2,8,6,9,3},{4,2,9,6,5,3,7,1,8},{6,8,3,7,1,9,4,2,5},{7,4,8,0,0,0,0,0,0},{0,0,0,0,0,0,0,0,0},{0,0,0,0,0,0,0,0,0}}
]
13:16:51.361 INFO  [main] SudokuBoard - Wartość 0 wstawiona nieprawidłowo
13:16:51.361 INFO  [main] SudokuBoard - Bład w kwadracie 0
sudoku.model.SudokuBoard@4fc1eee5[
  size=9
  solver=sudoku.model.BacktrackingSudokuSolver@120661d2
  board={{2,3,4,8,9,1,5,6,7},{8,5,1,2,6,7,3,4,9},{9,6,7,3,4,5,2,8,1},{1,7,5,4,2,8,6,9,3},{4,2,9,6,5,3,7,1,8},{6,8,3,7,1,9,4,2,5},{7,4,8,9,3,2,1,5,6},{3,1,6,5,7,4,0,0,0},{0,0,0,0,0,0,0,0,0}}
]
13:16:51.361 INFO  [main] SudokuBoard - Wartość 0 wstawiona nieprawidłowo
13:16:51.361 INFO  [main] SudokuBoard - Bład w kwadracie 0
sudoku.model.SudokuBoard@4fc1eee5[
  size=9
  solver=sudoku.model.BacktrackingSudokuSolver@120661d2
  board={{2,3,4,8,9,1,5,6,7},{8,5,1,2,6,7,3,4,9},{9,6,7,3,4,5,2,8,1},{1,7,5,4,2,8,6,9,3},{4,2,9,6,5,3,7,1,8},{6,8,3,7,1,9,4,2,5},{7,4,8,9,3,2,1,5,6},{3,1,6,5,7,4,0,0,0},{0,0,0,0,0,0,0,0,0}}
]
13:16:51.361 INFO  [main] SudokuBoard - Wartość 0 wstawiona nieprawidłowo
13:16:51.361 INFO  [main] SudokuBoard - Bład w kwadracie 0
sudoku.model.SudokuBoard@4fc1eee5[
  size=9
  solver=sudoku.model.BacktrackingSudokuSolver@120661d2
  board={{2,3,4,8,9,1,5,6,7},{8,5,1,2,6,7,3,4,9},{9,6,7,3,4,5,2,8,1},{1,7,5,4,2,8,6,9,3},{4,2,9,6,5,3,7,1,8},{6,8,3,7,1,9,4,2,5},{7,4,8,9,3,2,1,5,6},{3,1,6,5,7,0,0,0,0},{0,0,0,0,0,0,0,0,0}}
]
13:16:51.361 INFO  [main] SudokuBoard - Wartość 0 wstawiona nieprawidłowo
13:16:51.361 INFO  [main] SudokuBoard - Bład w kwadracie 0
sudoku.model.SudokuBoard@4fc1eee5[
  size=9
  solver=sudoku.model.BacktrackingSudokuSolver@120661d2
  board={{2,3,4,8,9,1,5,6,7},{8,5,1,2,6,7,3,4,9},{9,6,7,3,4,5,2,8,1},{1,7,5,4,2,8,6,9,3},{4,2,9,6,5,3,7,1,8},{6,8,3,7,1,9,4,2,5},{7,4,8,9,3,2,1,5,6},{3,1,6,5,0,0,0,0,0},{0,0,0,0,0,0,0,0,0}}
]
13:16:51.362 INFO  [main] SudokuBoard - Wartość 0 wstawiona nieprawidłowo
]]></system-out>
  </testcase>
  <testcase name="testToString" classname="sudoku.model.SeriesTest" time="0.098">
    <system-out><![CDATA[13:16:51.388 INFO  [main] SudokuBoard - Bład w kwadracie 0
sudoku.model.SudokuBoard@1b9cfc19[
  size=9
  solver=sudoku.model.BacktrackingSudokuSolver@765d67dd
  board={{1,5,2,6,9,8,3,4,7},{8,3,4,1,5,7,9,2,6},{6,7,9,2,3,4,1,8,5},{2,6,8,5,7,3,4,9,1},{9,1,3,8,2,6,7,0,0},{0,0,0,0,0,0,0,0,0},{0,0,0,0,0,0,0,0,0},{0,0,0,0,0,0,0,0,0},{0,0,0,0,0,0,0,0,0}}
]
13:16:51.388 INFO  [main] SudokuBoard - Wartość 0 wstawiona nieprawidłowo
13:16:51.388 INFO  [main] SudokuBoard - Bład w kwadracie 0
sudoku.model.SudokuBoard@1b9cfc19[
  size=9
  solver=sudoku.model.BacktrackingSudokuSolver@765d67dd
  board={{1,5,2,6,9,8,3,4,7},{8,3,4,1,5,7,9,2,6},{6,7,9,2,3,4,1,8,5},{2,6,8,5,7,3,4,9,1},{9,1,3,8,2,6,0,0,0},{0,0,0,0,0,0,0,0,0},{0,0,0,0,0,0,0,0,0},{0,0,0,0,0,0,0,0,0},{0,0,0,0,0,0,0,0,0}}
]
13:16:51.389 INFO  [main] SudokuBoard - Wartość 0 wstawiona nieprawidłowo
13:16:51.389 INFO  [main] SudokuBoard - Bład w kwadracie 0
sudoku.model.SudokuBoard@1b9cfc19[
  size=9
  solver=sudoku.model.BacktrackingSudokuSolver@765d67dd
  board={{1,5,2,6,9,8,3,4,7},{8,3,4,1,5,7,9,2,6},{6,7,9,2,3,4,1,8,5},{2,6,8,5,7,3,4,9,1},{9,1,3,8,2,6,5,0,0},{0,0,0,0,0,0,0,0,0},{0,0,0,0,0,0,0,0,0},{0,0,0,0,0,0,0,0,0},{0,0,0,0,0,0,0,0,0}}
]
13:16:51.389 INFO  [main] SudokuBoard - Wartość 0 wstawiona nieprawidłowo
13:16:51.390 INFO  [main] SudokuBoard - Bład w kwadracie 0
sudoku.model.SudokuBoard@1b9cfc19[
  size=9
  solver=sudoku.model.BacktrackingSudokuSolver@765d67dd
  board={{1,5,2,6,9,8,3,4,7},{8,3,4,1,5,7,9,2,6},{6,7,9,2,3,4,1,8,5},{2,6,8,5,7,3,4,9,1},{9,1,3,8,2,6,0,0,0},{0,0,0,0,0,0,0,0,0},{0,0,0,0,0,0,0,0,0},{0,0,0,0,0,0,0,0,0},{0,0,0,0,0,0,0,0,0}}
]
13:16:51.390 INFO  [main] SudokuBoard - Wartość 0 wstawiona nieprawidłowo
13:16:51.390 INFO  [main] SudokuBoard - Bład w kwadracie 0
sudoku.model.SudokuBoard@1b9cfc19[
  size=9
  solver=sudoku.model.BacktrackingSudokuSolver@765d67dd
  board={{1,5,2,6,9,8,3,4,7},{8,3,4,1,5,7,9,2,6},{6,7,9,2,3,4,1,8,5},{2,6,8,5,7,3,4,9,1},{9,1,3,8,2,0,0,0,0},{0,0,0,0,0,0,0,0,0},{0,0,0,0,0,0,0,0,0},{0,0,0,0,0,0,0,0,0},{0,0,0,0,0,0,0,0,0}}
]
13:16:51.390 INFO  [main] SudokuBoard - Wartość 0 wstawiona nieprawidłowo
13:16:51.390 INFO  [main] SudokuBoard - Bład w kwadracie 0
sudoku.model.SudokuBoard@1b9cfc19[
  size=9
  solver=sudoku.model.BacktrackingSudokuSolver@765d67dd
  board={{1,5,2,6,9,8,3,4,7},{8,3,4,1,5,7,9,2,6},{6,7,9,2,3,4,1,8,5},{2,6,8,5,7,3,4,9,1},{9,1,3,8,0,0,0,0,0},{0,0,0,0,0,0,0,0,0},{0,0,0,0,0,0,0,0,0},{0,0,0,0,0,0,0,0,0},{0,0,0,0,0,0,0,0,0}}
]
13:16:51.391 INFO  [main] SudokuBoard - Wartość 0 wstawiona nieprawidłowo
13:16:51.391 INFO  [main] SudokuBoard - Bład w kwadracie 0
sudoku.model.SudokuBoard@1b9cfc19[
  size=9
  solver=sudoku.model.BacktrackingSudokuSolver@765d67dd
  board={{1,5,2,6,9,8,3,4,7},{8,3,4,1,5,7,9,2,6},{6,7,9,2,3,4,1,8,5},{2,6,8,5,7,3,4,9,1},{9,1,3,8,4,6,2,0,0},{0,0,0,0,0,0,0,0,0},{0,0,0,0,0,0,0,0,0},{0,0,0,0,0,0,0,0,0},{0,0,0,0,0,0,0,0,0}}
]
13:16:51.391 INFO  [main] SudokuBoard - Wartość 0 wstawiona nieprawidłowo
13:16:51.391 INFO  [main] SudokuBoard - Bład w kwadracie 0
sudoku.model.SudokuBoard@1b9cfc19[
  size=9
  solver=sudoku.model.BacktrackingSudokuSolver@765d67dd
  board={{1,5,2,6,9,8,3,4,7},{8,3,4,1,5,7,9,2,6},{6,7,9,2,3,4,1,8,5},{2,6,8,5,7,3,4,9,1},{9,1,3,8,4,6,2,0,0},{0,0,0,0,0,0,0,0,0},{0,0,0,0,0,0,0,0,0},{0,0,0,0,0,0,0,0,0},{0,0,0,0,0,0,0,0,0}}
]
13:16:51.391 INFO  [main] SudokuBoard - Wartość 0 wstawiona nieprawidłowo
13:16:51.391 INFO  [main] SudokuBoard - Bład w kwadracie 0
sudoku.model.SudokuBoard@1b9cfc19[
  size=9
  solver=sudoku.model.BacktrackingSudokuSolver@765d67dd
  board={{1,5,2,6,9,8,3,4,7},{8,3,4,1,5,7,9,2,6},{6,7,9,2,3,4,1,8,5},{2,6,8,5,7,3,4,9,1},{9,1,3,8,4,6,0,0,0},{0,0,0,0,0,0,0,0,0},{0,0,0,0,0,0,0,0,0},{0,0,0,0,0,0,0,0,0},{0,0,0,0,0,0,0,0,0}}
]
13:16:51.391 INFO  [main] SudokuBoard - Wartość 0 wstawiona nieprawidłowo
13:16:51.391 INFO  [main] SudokuBoard - Bład w kwadracie 0
sudoku.model.SudokuBoard@1b9cfc19[
  size=9
  solver=sudoku.model.BacktrackingSudokuSolver@765d67dd
  board={{1,5,2,6,9,8,3,4,7},{8,3,4,1,5,7,9,2,6},{6,7,9,2,3,4,1,8,5},{2,6,8,5,7,3,4,9,1},{9,1,3,8,4,6,5,7,2},{7,4,5,9,1,2,6,3,8},{3,8,1,7,6,9,2,5,4},{4,9,7,3,2,1,8,0,0},{0,0,0,0,0,0,0,0,0}}
]
13:16:51.392 INFO  [main] SudokuBoard - Wartość 0 wstawiona nieprawidłowo
13:16:51.392 INFO  [main] SudokuBoard - Bład w kwadracie 0
sudoku.model.SudokuBoard@1b9cfc19[
  size=9
  solver=sudoku.model.BacktrackingSudokuSolver@765d67dd
  board={{1,5,2,6,9,8,3,4,7},{8,3,4,1,5,7,9,2,6},{6,7,9,2,3,4,1,8,5},{2,6,8,5,7,3,4,9,1},{9,1,3,8,4,6,5,7,2},{7,4,5,9,1,2,6,3,8},{3,8,1,7,6,9,2,5,4},{4,9,7,3,2,1,0,0,0},{0,0,0,0,0,0,0,0,0}}
]
13:16:51.392 INFO  [main] SudokuBoard - Wartość 0 wstawiona nieprawidłowo
13:16:51.392 INFO  [main] SudokuBoard - Bład w kwadracie 0
sudoku.model.SudokuBoard@1b9cfc19[
  size=9
  solver=sudoku.model.BacktrackingSudokuSolver@765d67dd
  board={{1,5,2,6,9,8,3,4,7},{8,3,4,1,5,7,9,2,6},{6,7,9,2,3,4,1,8,5},{2,6,8,5,7,3,4,9,1},{9,1,3,8,4,6,5,7,2},{7,4,5,9,1,2,6,3,8},{3,8,1,7,6,9,2,5,4},{4,9,7,3,2,0,0,0,0},{0,0,0,0,0,0,0,0,0}}
]
13:16:51.392 INFO  [main] SudokuBoard - Wartość 0 wstawiona nieprawidłowo
13:16:51.392 INFO  [main] SudokuBoard - Bład w kwadracie 0
sudoku.model.SudokuBoard@1b9cfc19[
  size=9
  solver=sudoku.model.BacktrackingSudokuSolver@765d67dd
  board={{1,5,2,6,9,8,3,4,7},{8,3,4,1,5,7,9,2,6},{6,7,9,2,3,4,1,8,5},{2,6,8,5,7,3,4,9,1},{9,1,3,8,4,6,5,7,2},{7,4,5,9,1,2,6,3,8},{3,8,1,7,6,9,2,5,4},{4,9,7,3,2,5,8,0,0},{0,0,0,0,0,0,0,0,0}}
]
13:16:51.392 INFO  [main] SudokuBoard - Wartość 0 wstawiona nieprawidłowo
13:16:51.392 INFO  [main] SudokuBoard - Bład w kwadracie 0
sudoku.model.SudokuBoard@1b9cfc19[
  size=9
  solver=sudoku.model.BacktrackingSudokuSolver@765d67dd
  board={{1,5,2,6,9,8,3,4,7},{8,3,4,1,5,7,9,2,6},{6,7,9,2,3,4,1,8,5},{2,6,8,5,7,3,4,9,1},{9,1,3,8,4,6,5,7,2},{7,4,5,9,1,2,6,3,8},{3,8,1,7,6,9,2,5,4},{4,9,7,3,2,5,8,0,0},{0,0,0,0,0,0,0,0,0}}
]
13:16:51.392 INFO  [main] SudokuBoard - Wartość 0 wstawiona nieprawidłowo
13:16:51.393 INFO  [main] SudokuBoard - Bład w kwadracie 0
sudoku.model.SudokuBoard@1b9cfc19[
  size=9
  solver=sudoku.model.BacktrackingSudokuSolver@765d67dd
  board={{1,5,2,6,9,8,3,4,7},{8,3,4,1,5,7,9,2,6},{6,7,9,2,3,4,1,8,5},{2,6,8,5,7,3,4,9,1},{9,1,3,8,4,6,5,7,2},{7,4,5,9,1,2,6,3,8},{3,8,1,7,6,9,2,5,4},{4,9,7,3,2,5,0,0,0},{0,0,0,0,0,0,0,0,0}}
]
13:16:51.393 INFO  [main] SudokuBoard - Wartość 0 wstawiona nieprawidłowo
13:16:51.393 INFO  [main] SudokuBoard - Bład w kwadracie 0
sudoku.model.SudokuBoard@1b9cfc19[
  size=9
  solver=sudoku.model.BacktrackingSudokuSolver@765d67dd
  board={{1,5,2,6,9,8,3,4,7},{8,3,4,1,5,7,9,2,6},{6,7,9,2,3,4,1,8,5},{2,6,8,5,7,3,4,9,1},{9,1,3,8,4,6,5,7,2},{7,4,5,9,1,2,6,3,8},{3,8,1,7,6,9,2,5,4},{4,9,7,3,2,0,0,0,0},{0,0,0,0,0,0,0,0,0}}
]
13:16:51.393 INFO  [main] SudokuBoard - Wartość 0 wstawiona nieprawidłowo
13:16:51.393 INFO  [main] SudokuBoard - Bład w kwadracie 0
sudoku.model.SudokuBoard@1b9cfc19[
  size=9
  solver=sudoku.model.BacktrackingSudokuSolver@765d67dd
  board={{1,5,2,6,9,8,3,4,7},{8,3,4,1,5,7,9,2,6},{6,7,9,2,3,4,1,8,5},{2,6,8,5,7,3,4,9,1},{9,1,3,8,4,6,5,7,2},{7,4,5,9,1,2,6,3,8},{3,8,1,7,6,9,2,5,4},{4,9,7,3,0,0,0,0,0},{0,0,0,0,0,0,0,0,0}}
]
13:16:51.393 INFO  [main] SudokuBoard - Wartość 0 wstawiona nieprawidłowo
13:16:51.393 INFO  [main] SudokuBoard - Bład w kwadracie 0
sudoku.model.SudokuBoard@1b9cfc19[
  size=9
  solver=sudoku.model.BacktrackingSudokuSolver@765d67dd
  board={{1,5,2,6,9,8,3,4,7},{8,3,4,1,5,7,9,2,6},{6,7,9,2,3,4,1,8,5},{2,6,8,5,7,3,4,9,1},{9,1,3,8,4,6,5,7,2},{7,4,5,9,1,2,6,3,8},{3,8,1,7,6,9,2,5,4},{4,9,7,3,8,0,0,0,0},{0,0,0,0,0,0,0,0,0}}
]
13:16:51.393 INFO  [main] SudokuBoard - Wartość 0 wstawiona nieprawidłowo
13:16:51.393 INFO  [main] SudokuBoard - Bład w kwadracie 0
sudoku.model.SudokuBoard@1b9cfc19[
  size=9
  solver=sudoku.model.BacktrackingSudokuSolver@765d67dd
  board={{1,5,2,6,9,8,3,4,7},{8,3,4,1,5,7,9,2,6},{6,7,9,2,3,4,1,8,5},{2,6,8,5,7,3,4,9,1},{9,1,3,8,4,6,5,7,2},{7,4,5,9,1,2,6,3,8},{3,8,1,7,6,9,2,5,4},{4,9,7,3,8,0,0,0,0},{0,0,0,0,0,0,0,0,0}}
]
13:16:51.393 INFO  [main] SudokuBoard - Wartość 0 wstawiona nieprawidłowo
13:16:51.394 INFO  [main] SudokuBoard - Bład w kwadracie 0
sudoku.model.SudokuBoard@1b9cfc19[
  size=9
  solver=sudoku.model.BacktrackingSudokuSolver@765d67dd
  board={{1,5,2,6,9,8,3,4,7},{8,3,4,1,5,7,9,2,6},{6,7,9,2,3,4,1,8,5},{2,6,8,5,7,3,4,9,1},{9,1,3,8,4,6,5,7,2},{7,4,5,9,1,2,6,3,8},{3,8,1,7,6,9,2,5,4},{4,9,7,3,0,0,0,0,0},{0,0,0,0,0,0,0,0,0}}
]
13:16:51.394 INFO  [main] SudokuBoard - Wartość 0 wstawiona nieprawidłowo
13:16:51.394 INFO  [main] SudokuBoard - Bład w kwadracie 0
sudoku.model.SudokuBoard@1b9cfc19[
  size=9
  solver=sudoku.model.BacktrackingSudokuSolver@765d67dd
  board={{1,5,2,6,9,8,3,4,7},{8,3,4,1,5,7,9,2,6},{6,7,9,2,3,4,1,8,5},{2,6,8,5,7,3,4,9,1},{9,1,3,8,4,6,5,7,2},{7,4,5,9,1,2,6,3,8},{3,8,1,7,6,9,2,5,4},{4,9,7,0,0,0,0,0,0},{0,0,0,0,0,0,0,0,0}}
]
13:16:51.394 INFO  [main] SudokuBoard - Wartość 0 wstawiona nieprawidłowo
13:16:51.394 INFO  [main] SudokuBoard - Bład w kwadracie 0
sudoku.model.SudokuBoard@1b9cfc19[
  size=9
  solver=sudoku.model.BacktrackingSudokuSolver@765d67dd
  board={{1,5,2,6,9,8,3,4,7},{8,3,4,1,5,7,9,2,6},{6,7,9,2,3,4,1,8,5},{2,6,8,5,7,3,4,9,1},{9,1,3,8,4,6,5,7,2},{7,4,5,9,1,2,6,3,8},{3,8,1,7,6,9,2,5,4},{4,9,0,0,0,0,0,0,0},{0,0,0,0,0,0,0,0,0}}
]
13:16:51.394 INFO  [main] SudokuBoard - Wartość 0 wstawiona nieprawidłowo
13:16:51.394 INFO  [main] SudokuBoard - Bład w kwadracie 0
sudoku.model.SudokuBoard@1b9cfc19[
  size=9
  solver=sudoku.model.BacktrackingSudokuSolver@765d67dd
  board={{1,5,2,6,9,8,3,4,7},{8,3,4,1,5,7,9,2,6},{6,7,9,2,3,4,1,8,5},{2,6,8,5,7,3,4,9,1},{9,1,3,8,4,6,5,7,2},{7,4,5,9,1,2,6,3,8},{3,8,1,7,6,9,2,5,4},{4,9,6,3,2,5,8,0,0},{0,0,0,0,0,0,0,0,0}}
]
13:16:51.395 INFO  [main] SudokuBoard - Wartość 0 wstawiona nieprawidłowo
13:16:51.395 INFO  [main] SudokuBoard - Bład w kwadracie 0
sudoku.model.SudokuBoard@1b9cfc19[
  size=9
  solver=sudoku.model.BacktrackingSudokuSolver@765d67dd
  board={{1,5,2,6,9,8,3,4,7},{8,3,4,1,5,7,9,2,6},{6,7,9,2,3,4,1,8,5},{2,6,8,5,7,3,4,9,1},{9,1,3,8,4,6,5,7,2},{7,4,5,9,1,2,6,3,8},{3,8,1,7,6,9,2,5,4},{4,9,6,3,2,5,0,0,0},{0,0,0,0,0,0,0,0,0}}
]
13:16:51.395 INFO  [main] SudokuBoard - Wartość 0 wstawiona nieprawidłowo
13:16:51.395 INFO  [main] SudokuBoard - Bład w kwadracie 0
sudoku.model.SudokuBoard@1b9cfc19[
  size=9
  solver=sudoku.model.BacktrackingSudokuSolver@765d67dd
  board={{1,5,2,6,9,8,3,4,7},{8,3,4,1,5,7,9,2,6},{6,7,9,2,3,4,1,8,5},{2,6,8,5,7,3,4,9,1},{9,1,3,8,4,6,5,7,2},{7,4,5,9,1,2,6,3,8},{3,8,1,7,6,9,2,5,4},{4,9,6,3,2,5,7,0,0},{0,0,0,0,0,0,0,0,0}}
]
13:16:51.395 INFO  [main] SudokuBoard - Wartość 0 wstawiona nieprawidłowo
13:16:51.395 INFO  [main] SudokuBoard - Bład w kwadracie 0
sudoku.model.SudokuBoard@1b9cfc19[
  size=9
  solver=sudoku.model.BacktrackingSudokuSolver@765d67dd
  board={{1,5,2,6,9,8,3,4,7},{8,3,4,1,5,7,9,2,6},{6,7,9,2,3,4,1,8,5},{2,6,8,5,7,3,4,9,1},{9,1,3,8,4,6,5,7,2},{7,4,5,9,1,2,6,3,8},{3,8,1,7,6,9,2,5,4},{4,9,6,3,2,5,0,0,0},{0,0,0,0,0,0,0,0,0}}
]
13:16:51.397 INFO  [main] SudokuBoard - Wartość 0 wstawiona nieprawidłowo
13:16:51.399 INFO  [main] SudokuBoard - Bład w kwadracie 0
sudoku.model.SudokuBoard@1b9cfc19[
  size=9
  solver=sudoku.model.BacktrackingSudokuSolver@765d67dd
  board={{1,5,2,6,9,8,3,4,7},{8,3,4,1,5,7,9,2,6},{6,7,9,2,3,4,1,8,5},{2,6,8,5,7,3,4,9,1},{9,1,3,8,4,6,5,7,2},{7,4,5,9,1,2,6,3,8},{3,8,1,7,6,9,2,5,4},{4,9,6,3,2,0,0,0,0},{0,0,0,0,0,0,0,0,0}}
]
13:16:51.399 INFO  [main] SudokuBoard - Wartość 0 wstawiona nieprawidłowo
13:16:51.400 INFO  [main] SudokuBoard - Bład w kwadracie 0
sudoku.model.SudokuBoard@1b9cfc19[
  size=9
  solver=sudoku.model.BacktrackingSudokuSolver@765d67dd
  board={{1,5,2,6,9,8,3,4,7},{8,3,4,1,5,7,9,2,6},{6,7,9,2,3,4,1,8,5},{2,6,8,5,7,3,4,9,1},{9,1,3,8,4,6,5,7,2},{7,4,5,9,1,2,6,3,8},{3,8,1,7,6,9,2,5,4},{4,9,6,3,2,1,0,0,0},{0,0,0,0,0,0,0,0,0}}
]
13:16:51.400 INFO  [main] SudokuBoard - Wartość 0 wstawiona nieprawidłowo
13:16:51.400 INFO  [main] SudokuBoard - Bład w kwadracie 0
sudoku.model.SudokuBoard@1b9cfc19[
  size=9
  solver=sudoku.model.BacktrackingSudokuSolver@765d67dd
  board={{1,5,2,6,9,8,3,4,7},{8,3,4,1,5,7,9,2,6},{6,7,9,2,3,4,1,8,5},{2,6,8,5,7,3,4,9,1},{9,1,3,8,4,6,5,7,2},{7,4,5,9,1,2,6,3,8},{3,8,1,7,6,9,2,5,4},{4,9,6,3,2,1,0,0,0},{0,0,0,0,0,0,0,0,0}}
]
13:16:51.400 INFO  [main] SudokuBoard - Wartość 0 wstawiona nieprawidłowo
13:16:51.400 INFO  [main] SudokuBoard - Bład w kwadracie 0
sudoku.model.SudokuBoard@1b9cfc19[
  size=9
  solver=sudoku.model.BacktrackingSudokuSolver@765d67dd
  board={{1,5,2,6,9,8,3,4,7},{8,3,4,1,5,7,9,2,6},{6,7,9,2,3,4,1,8,5},{2,6,8,5,7,3,4,9,1},{9,1,3,8,4,6,5,7,2},{7,4,5,9,1,2,6,3,8},{3,8,1,7,6,9,2,5,4},{4,9,6,3,2,0,0,0,0},{0,0,0,0,0,0,0,0,0}}
]
13:16:51.400 INFO  [main] SudokuBoard - Wartość 0 wstawiona nieprawidłowo
13:16:51.400 INFO  [main] SudokuBoard - Bład w kwadracie 0
sudoku.model.SudokuBoard@1b9cfc19[
  size=9
  solver=sudoku.model.BacktrackingSudokuSolver@765d67dd
  board={{1,5,2,6,9,8,3,4,7},{8,3,4,1,5,7,9,2,6},{6,7,9,2,3,4,1,8,5},{2,6,8,5,7,3,4,9,1},{9,1,3,8,4,6,5,7,2},{7,4,5,9,1,2,6,3,8},{3,8,1,7,6,9,2,5,4},{4,9,6,3,0,0,0,0,0},{0,0,0,0,0,0,0,0,0}}
]
13:16:51.400 INFO  [main] SudokuBoard - Wartość 0 wstawiona nieprawidłowo
13:16:51.400 INFO  [main] SudokuBoard - Bład w kwadracie 0
sudoku.model.SudokuBoard@1b9cfc19[
  size=9
  solver=sudoku.model.BacktrackingSudokuSolver@765d67dd
  board={{1,5,2,6,9,8,3,4,7},{8,3,4,1,5,7,9,2,6},{6,7,9,2,3,4,1,8,5},{2,6,8,5,7,3,4,9,1},{9,1,3,8,4,6,5,7,2},{7,4,5,9,1,2,6,3,8},{3,8,1,7,6,9,2,5,4},{4,9,6,3,8,5,7,0,0},{0,0,0,0,0,0,0,0,0}}
]
13:16:51.400 INFO  [main] SudokuBoard - Wartość 0 wstawiona nieprawidłowo
13:16:51.400 INFO  [main] SudokuBoard - Bład w kwadracie 0
sudoku.model.SudokuBoard@1b9cfc19[
  size=9
  solver=sudoku.model.BacktrackingSudokuSolver@765d67dd
  board={{1,5,2,6,9,8,3,4,7},{8,3,4,1,5,7,9,2,6},{6,7,9,2,3,4,1,8,5},{2,6,8,5,7,3,4,9,1},{9,1,3,8,4,6,5,7,2},{7,4,5,9,1,2,6,3,8},{3,8,1,7,6,9,2,5,4},{4,9,6,3,8,5,0,0,0},{0,0,0,0,0,0,0,0,0}}
]
13:16:51.401 INFO  [main] SudokuBoard - Wartość 0 wstawiona nieprawidłowo
13:16:51.401 INFO  [main] SudokuBoard - Bład w kwadracie 0
sudoku.model.SudokuBoard@1b9cfc19[
  size=9
  solver=sudoku.model.BacktrackingSudokuSolver@765d67dd
  board={{1,5,2,6,9,8,3,4,7},{8,3,4,1,5,7,9,2,6},{6,7,9,2,3,4,1,8,5},{2,6,8,5,7,3,4,9,1},{9,1,3,8,4,6,5,7,2},{7,4,5,9,1,2,6,3,8},{3,8,1,7,6,9,2,5,4},{4,9,6,3,8,0,0,0,0},{0,0,0,0,0,0,0,0,0}}
]
13:16:51.401 INFO  [main] SudokuBoard - Wartość 0 wstawiona nieprawidłowo
13:16:51.401 INFO  [main] SudokuBoard - Bład w kwadracie 0
sudoku.model.SudokuBoard@1b9cfc19[
  size=9
  solver=sudoku.model.BacktrackingSudokuSolver@765d67dd
  board={{1,5,2,6,9,8,3,4,7},{8,3,4,1,5,7,9,2,6},{6,7,9,2,3,4,1,8,5},{2,6,8,5,7,3,4,9,1},{9,1,3,8,4,6,5,7,2},{7,4,5,9,1,2,6,3,8},{3,8,1,7,6,9,2,5,4},{4,9,6,3,8,1,0,0,0},{0,0,0,0,0,0,0,0,0}}
]
13:16:51.401 INFO  [main] SudokuBoard - Wartość 0 wstawiona nieprawidłowo
13:16:51.402 INFO  [main] SudokuBoard - Bład w kwadracie 0
sudoku.model.SudokuBoard@1b9cfc19[
  size=9
  solver=sudoku.model.BacktrackingSudokuSolver@765d67dd
  board={{1,5,2,6,9,8,3,4,7},{8,3,4,1,5,7,9,2,6},{6,7,9,2,3,4,1,8,5},{2,6,8,5,7,3,4,9,1},{9,1,3,8,4,6,5,7,2},{7,4,5,9,1,2,6,3,8},{3,8,1,7,6,9,2,5,4},{4,9,6,3,8,0,0,0,0},{0,0,0,0,0,0,0,0,0}}
]
13:16:51.402 INFO  [main] SudokuBoard - Wartość 0 wstawiona nieprawidłowo
13:16:51.402 INFO  [main] SudokuBoard - Bład w kwadracie 0
sudoku.model.SudokuBoard@1b9cfc19[
  size=9
  solver=sudoku.model.BacktrackingSudokuSolver@765d67dd
  board={{1,5,2,6,9,8,3,4,7},{8,3,4,1,5,7,9,2,6},{6,7,9,2,3,4,1,8,5},{2,6,8,5,7,3,4,9,1},{9,1,3,8,4,6,5,7,2},{7,4,5,9,1,2,6,3,8},{3,8,1,7,6,9,2,5,4},{4,9,6,3,0,0,0,0,0},{0,0,0,0,0,0,0,0,0}}
]
13:16:51.402 INFO  [main] SudokuBoard - Wartość 0 wstawiona nieprawidłowo
13:16:51.402 INFO  [main] SudokuBoard - Bład w kwadracie 0
sudoku.model.SudokuBoard@1b9cfc19[
  size=9
  solver=sudoku.model.BacktrackingSudokuSolver@765d67dd
  board={{1,5,2,6,9,8,3,4,7},{8,3,4,1,5,7,9,2,6},{6,7,9,2,3,4,1,8,5},{2,6,8,5,7,3,4,9,1},{9,1,3,8,4,6,5,7,2},{7,4,5,9,1,2,6,3,8},{3,8,1,7,6,9,2,5,4},{4,9,6,0,0,0,0,0,0},{0,0,0,0,0,0,0,0,0}}
]
2021-01-22 13:16:51,413 main TRACE DefaultRolloverStrategy.purge() took 10.0 milliseconds
2021-01-22 13:16:51,429 main DEBUG RollingFileManager executing synchronous FileRenameAction[target\log\blog.log to target\log\blog.2021-01-22-4.log, renameEmptyFiles=false]
2021-01-22 13:16:51,452 main TRACE Renamed file E:\studia\Sem-3\Programowanie komponentowe (07 72 3060 19)_pliki\ProjektKompo\an_pn_1145_03\Model\target\log\blog.log to E:\studia\Sem-3\Programowanie komponentowe (07 72 3060 19)_pliki\ProjektKompo\an_pn_1145_03\Model\target\log\blog.2021-01-22-4.log with Files.move
2021-01-22 13:16:51,452 main DEBUG RollingFileManager executing async GzCompressAction[target\log\blog.2021-01-22-4.log to target\log\blog.2021-01-22-4.log.gz, deleteSource=true]
13:16:51.457 INFO  [main] SudokuBoard - Wartość 0 wstawiona nieprawidłowo
13:16:51.458 INFO  [main] SudokuBoard - Bład w kwadracie 0
sudoku.model.SudokuBoard@1b9cfc19[
  size=9
  solver=sudoku.model.BacktrackingSudokuSolver@765d67dd
  board={{1,5,2,6,9,8,3,4,7},{8,3,4,1,5,7,9,2,6},{6,7,9,2,3,4,1,8,5},{2,6,8,5,7,3,4,9,1},{9,1,3,8,4,6,5,7,2},{7,4,5,9,1,2,6,3,8},{3,8,1,7,6,9,2,5,4},{4,9,0,0,0,0,0,0,0},{0,0,0,0,0,0,0,0,0}}
]
13:16:51.460 INFO  [main] SudokuBoard - Wartość 0 wstawiona nieprawidłowo
13:16:51.460 INFO  [main] SudokuBoard - Bład w kwadracie 0
sudoku.model.SudokuBoard@1b9cfc19[
  size=9
  solver=sudoku.model.BacktrackingSudokuSolver@765d67dd
  board={{1,5,2,6,9,8,3,4,7},{8,3,4,1,5,7,9,2,6},{6,7,9,2,3,4,1,8,5},{2,6,8,5,7,3,4,9,1},{9,1,3,8,4,6,5,7,2},{7,4,5,9,1,2,6,3,8},{3,8,1,7,6,9,2,5,4},{4,0,0,0,0,0,0,0,0},{0,0,0,0,0,0,0,0,0}}
]
13:16:51.460 INFO  [main] SudokuBoard - Wartość 0 wstawiona nieprawidłowo
13:16:51.462 INFO  [main] SudokuBoard - Bład w kwadracie 0
sudoku.model.SudokuBoard@1b9cfc19[
  size=9
  solver=sudoku.model.BacktrackingSudokuSolver@765d67dd
  board={{1,5,2,6,9,8,3,4,7},{8,3,4,1,5,7,9,2,6},{6,7,9,2,3,4,1,8,5},{2,6,8,5,7,3,4,9,1},{9,1,3,8,4,6,5,7,2},{7,4,5,9,1,2,6,3,8},{3,8,1,7,6,9,2,5,4},{4,2,6,3,8,1,0,0,0},{0,0,0,0,0,0,0,0,0}}
]
13:16:51.462 INFO  [main] SudokuBoard - Wartość 0 wstawiona nieprawidłowo
13:16:51.462 INFO  [main] SudokuBoard - Bład w kwadracie 0
sudoku.model.SudokuBoard@1b9cfc19[
  size=9
  solver=sudoku.model.BacktrackingSudokuSolver@765d67dd
  board={{1,5,2,6,9,8,3,4,7},{8,3,4,1,5,7,9,2,6},{6,7,9,2,3,4,1,8,5},{2,6,8,5,7,3,4,9,1},{9,1,3,8,4,6,5,7,2},{7,4,5,9,1,2,6,3,8},{3,8,1,7,6,9,2,5,4},{4,2,6,3,8,0,0,0,0},{0,0,0,0,0,0,0,0,0}}
]
13:16:51.462 INFO  [main] SudokuBoard - Wartość 0 wstawiona nieprawidłowo
]]></system-out>
  </testcase>
  <testcase name="testEqualsDiffrentClass" classname="sudoku.model.SeriesTest" time="0.161">
    <system-out><![CDATA[13:16:51.468 INFO  [main] SudokuBoard - Bład w kwadracie 0
sudoku.model.SudokuBoard@6c4c32ff[
  size=9
  solver=sudoku.model.BacktrackingSudokuSolver@5a1a5521
  board={{1,4,9,2,3,5,6,7,8},{2,3,5,7,4,9,0,0,0},{0,0,0,0,0,0,0,0,0},{0,0,0,0,0,0,0,0,0},{0,0,0,0,0,0,0,0,0},{0,0,0,0,0,0,0,0,0},{0,0,0,0,0,0,0,0,0},{0,0,0,0,0,0,0,0,0},{0,0,0,0,0,0,0,0,0}}
]
13:16:51.469 INFO  [main] SudokuBoard - Wartość 0 wstawiona nieprawidłowo
13:16:51.469 INFO  [main] SudokuBoard - Bład w kwadracie 0
sudoku.model.SudokuBoard@6c4c32ff[
  size=9
  solver=sudoku.model.BacktrackingSudokuSolver@5a1a5521
  board={{1,4,9,2,3,5,6,7,8},{2,3,5,7,4,0,0,0,0},{0,0,0,0,0,0,0,0,0},{0,0,0,0,0,0,0,0,0},{0,0,0,0,0,0,0,0,0},{0,0,0,0,0,0,0,0,0},{0,0,0,0,0,0,0,0,0},{0,0,0,0,0,0,0,0,0},{0,0,0,0,0,0,0,0,0}}
]
13:16:51.469 INFO  [main] SudokuBoard - Wartość 0 wstawiona nieprawidłowo
13:16:51.469 INFO  [main] SudokuBoard - Bład w kwadracie 0
sudoku.model.SudokuBoard@6c4c32ff[
  size=9
  solver=sudoku.model.BacktrackingSudokuSolver@5a1a5521
  board={{1,4,9,2,3,5,6,7,8},{2,3,5,7,4,1,0,0,0},{0,0,0,0,0,0,0,0,0},{0,0,0,0,0,0,0,0,0},{0,0,0,0,0,0,0,0,0},{0,0,0,0,0,0,0,0,0},{0,0,0,0,0,0,0,0,0},{0,0,0,0,0,0,0,0,0},{0,0,0,0,0,0,0,0,0}}
]
13:16:51.469 INFO  [main] SudokuBoard - Wartość 0 wstawiona nieprawidłowo
13:16:51.469 INFO  [main] SudokuBoard - Bład w kwadracie 0
sudoku.model.SudokuBoard@6c4c32ff[
  size=9
  solver=sudoku.model.BacktrackingSudokuSolver@5a1a5521
  board={{1,4,9,2,3,5,6,7,8},{2,3,5,7,4,0,0,0,0},{0,0,0,0,0,0,0,0,0},{0,0,0,0,0,0,0,0,0},{0,0,0,0,0,0,0,0,0},{0,0,0,0,0,0,0,0,0},{0,0,0,0,0,0,0,0,0},{0,0,0,0,0,0,0,0,0},{0,0,0,0,0,0,0,0,0}}
]
13:16:51.469 INFO  [main] SudokuBoard - Wartość 0 wstawiona nieprawidłowo
13:16:51.469 INFO  [main] SudokuBoard - Bład w kwadracie 0
sudoku.model.SudokuBoard@6c4c32ff[
  size=9
  solver=sudoku.model.BacktrackingSudokuSolver@5a1a5521
  board={{1,4,9,2,3,5,6,7,8},{2,3,5,7,4,6,9,0,0},{0,0,0,0,0,0,0,0,0},{0,0,0,0,0,0,0,0,0},{0,0,0,0,0,0,0,0,0},{0,0,0,0,0,0,0,0,0},{0,0,0,0,0,0,0,0,0},{0,0,0,0,0,0,0,0,0},{0,0,0,0,0,0,0,0,0}}
]
13:16:51.470 INFO  [main] SudokuBoard - Wartość 0 wstawiona nieprawidłowo
13:16:51.472 INFO  [main] SudokuBoard - Bład w kwadracie 0
sudoku.model.SudokuBoard@6c4c32ff[
  size=9
  solver=sudoku.model.BacktrackingSudokuSolver@5a1a5521
  board={{1,4,9,2,3,5,6,7,8},{2,3,5,7,4,6,0,0,0},{0,0,0,0,0,0,0,0,0},{0,0,0,0,0,0,0,0,0},{0,0,0,0,0,0,0,0,0},{0,0,0,0,0,0,0,0,0},{0,0,0,0,0,0,0,0,0},{0,0,0,0,0,0,0,0,0},{0,0,0,0,0,0,0,0,0}}
]
13:16:51.472 INFO  [main] SudokuBoard - Wartość 0 wstawiona nieprawidłowo
13:16:51.472 INFO  [main] SudokuBoard - Bład w kwadracie 0
sudoku.model.SudokuBoard@6c4c32ff[
  size=9
  solver=sudoku.model.BacktrackingSudokuSolver@5a1a5521
  board={{1,4,9,2,3,5,6,7,8},{2,3,5,7,4,6,1,0,0},{0,0,0,0,0,0,0,0,0},{0,0,0,0,0,0,0,0,0},{0,0,0,0,0,0,0,0,0},{0,0,0,0,0,0,0,0,0},{0,0,0,0,0,0,0,0,0},{0,0,0,0,0,0,0,0,0},{0,0,0,0,0,0,0,0,0}}
]
13:16:51.472 INFO  [main] SudokuBoard - Wartość 0 wstawiona nieprawidłowo
13:16:51.472 INFO  [main] SudokuBoard - Bład w kwadracie 0
sudoku.model.SudokuBoard@6c4c32ff[
  size=9
  solver=sudoku.model.BacktrackingSudokuSolver@5a1a5521
  board={{1,4,9,2,3,5,6,7,8},{2,3,5,7,4,6,0,0,0},{0,0,0,0,0,0,0,0,0},{0,0,0,0,0,0,0,0,0},{0,0,0,0,0,0,0,0,0},{0,0,0,0,0,0,0,0,0},{0,0,0,0,0,0,0,0,0},{0,0,0,0,0,0,0,0,0},{0,0,0,0,0,0,0,0,0}}
]
13:16:51.473 INFO  [main] SudokuBoard - Wartość 0 wstawiona nieprawidłowo
13:16:51.473 INFO  [main] SudokuBoard - Bład w kwadracie 0
sudoku.model.SudokuBoard@6c4c32ff[
  size=9
  solver=sudoku.model.BacktrackingSudokuSolver@5a1a5521
  board={{1,4,9,2,3,5,6,7,8},{2,3,5,7,4,0,0,0,0},{0,0,0,0,0,0,0,0,0},{0,0,0,0,0,0,0,0,0},{0,0,0,0,0,0,0,0,0},{0,0,0,0,0,0,0,0,0},{0,0,0,0,0,0,0,0,0},{0,0,0,0,0,0,0,0,0},{0,0,0,0,0,0,0,0,0}}
]
13:16:51.473 INFO  [main] SudokuBoard - Wartość 0 wstawiona nieprawidłowo
13:16:51.473 INFO  [main] SudokuBoard - Bład w kwadracie 0
sudoku.model.SudokuBoard@6c4c32ff[
  size=9
  solver=sudoku.model.BacktrackingSudokuSolver@5a1a5521
  board={{1,4,9,2,3,5,6,7,8},{2,3,5,7,4,8,9,0,0},{0,0,0,0,0,0,0,0,0},{0,0,0,0,0,0,0,0,0},{0,0,0,0,0,0,0,0,0},{0,0,0,0,0,0,0,0,0},{0,0,0,0,0,0,0,0,0},{0,0,0,0,0,0,0,0,0},{0,0,0,0,0,0,0,0,0}}
]
13:16:51.473 INFO  [main] SudokuBoard - Wartość 0 wstawiona nieprawidłowo
13:16:51.473 INFO  [main] SudokuBoard - Bład w kwadracie 0
sudoku.model.SudokuBoard@6c4c32ff[
  size=9
  solver=sudoku.model.BacktrackingSudokuSolver@5a1a5521
  board={{1,4,9,2,3,5,6,7,8},{2,3,5,7,4,8,0,0,0},{0,0,0,0,0,0,0,0,0},{0,0,0,0,0,0,0,0,0},{0,0,0,0,0,0,0,0,0},{0,0,0,0,0,0,0,0,0},{0,0,0,0,0,0,0,0,0},{0,0,0,0,0,0,0,0,0},{0,0,0,0,0,0,0,0,0}}
]
13:16:51.473 INFO  [main] SudokuBoard - Wartość 0 wstawiona nieprawidłowo
13:16:51.473 INFO  [main] SudokuBoard - Bład w kwadracie 0
sudoku.model.SudokuBoard@6c4c32ff[
  size=9
  solver=sudoku.model.BacktrackingSudokuSolver@5a1a5521
  board={{1,4,9,2,3,5,6,7,8},{2,3,5,7,4,8,1,0,0},{0,0,0,0,0,0,0,0,0},{0,0,0,0,0,0,0,0,0},{0,0,0,0,0,0,0,0,0},{0,0,0,0,0,0,0,0,0},{0,0,0,0,0,0,0,0,0},{0,0,0,0,0,0,0,0,0},{0,0,0,0,0,0,0,0,0}}
]
13:16:51.473 INFO  [main] SudokuBoard - Wartość 0 wstawiona nieprawidłowo
13:16:51.474 INFO  [main] SudokuBoard - Bład w kwadracie 0
sudoku.model.SudokuBoard@6c4c32ff[
  size=9
  solver=sudoku.model.BacktrackingSudokuSolver@5a1a5521
  board={{1,4,9,2,3,5,6,7,8},{2,3,5,7,4,8,0,0,0},{0,0,0,0,0,0,0,0,0},{0,0,0,0,0,0,0,0,0},{0,0,0,0,0,0,0,0,0},{0,0,0,0,0,0,0,0,0},{0,0,0,0,0,0,0,0,0},{0,0,0,0,0,0,0,0,0},{0,0,0,0,0,0,0,0,0}}
]
13:16:51.474 INFO  [main] SudokuBoard - Wartość 0 wstawiona nieprawidłowo
13:16:51.474 INFO  [main] SudokuBoard - Bład w kwadracie 0
sudoku.model.SudokuBoard@6c4c32ff[
  size=9
  solver=sudoku.model.BacktrackingSudokuSolver@5a1a5521
  board={{1,4,9,2,3,5,6,7,8},{2,3,5,7,4,0,0,0,0},{0,0,0,0,0,0,0,0,0},{0,0,0,0,0,0,0,0,0},{0,0,0,0,0,0,0,0,0},{0,0,0,0,0,0,0,0,0},{0,0,0,0,0,0,0,0,0},{0,0,0,0,0,0,0,0,0},{0,0,0,0,0,0,0,0,0}}
]
13:16:51.474 INFO  [main] SudokuBoard - Wartość 0 wstawiona nieprawidłowo
13:16:51.474 INFO  [main] SudokuBoard - Bład w kwadracie 0
sudoku.model.SudokuBoard@6c4c32ff[
  size=9
  solver=sudoku.model.BacktrackingSudokuSolver@5a1a5521
  board={{1,4,9,2,3,5,6,7,8},{2,3,5,7,0,0,0,0,0},{0,0,0,0,0,0,0,0,0},{0,0,0,0,0,0,0,0,0},{0,0,0,0,0,0,0,0,0},{0,0,0,0,0,0,0,0,0},{0,0,0,0,0,0,0,0,0},{0,0,0,0,0,0,0,0,0},{0,0,0,0,0,0,0,0,0}}
]
13:16:51.474 INFO  [main] SudokuBoard - Wartość 0 wstawiona nieprawidłowo
13:16:51.475 INFO  [main] SudokuBoard - Bład w kwadracie 0
sudoku.model.SudokuBoard@6c4c32ff[
  size=9
  solver=sudoku.model.BacktrackingSudokuSolver@5a1a5521
  board={{1,4,9,2,3,5,6,7,8},{2,3,5,7,6,4,9,0,0},{0,0,0,0,0,0,0,0,0},{0,0,0,0,0,0,0,0,0},{0,0,0,0,0,0,0,0,0},{0,0,0,0,0,0,0,0,0},{0,0,0,0,0,0,0,0,0},{0,0,0,0,0,0,0,0,0},{0,0,0,0,0,0,0,0,0}}
]
13:16:51.475 INFO  [main] SudokuBoard - Wartość 0 wstawiona nieprawidłowo
13:16:51.475 INFO  [main] SudokuBoard - Bład w kwadracie 0
sudoku.model.SudokuBoard@6c4c32ff[
  size=9
  solver=sudoku.model.BacktrackingSudokuSolver@5a1a5521
  board={{1,4,9,2,3,5,6,7,8},{2,3,5,7,6,4,0,0,0},{0,0,0,0,0,0,0,0,0},{0,0,0,0,0,0,0,0,0},{0,0,0,0,0,0,0,0,0},{0,0,0,0,0,0,0,0,0},{0,0,0,0,0,0,0,0,0},{0,0,0,0,0,0,0,0,0},{0,0,0,0,0,0,0,0,0}}
]
13:16:51.475 INFO  [main] SudokuBoard - Wartość 0 wstawiona nieprawidłowo
13:16:51.475 INFO  [main] SudokuBoard - Bład w kwadracie 0
sudoku.model.SudokuBoard@6c4c32ff[
  size=9
  solver=sudoku.model.BacktrackingSudokuSolver@5a1a5521
  board={{1,4,9,2,3,5,6,7,8},{2,3,5,7,6,4,1,0,0},{0,0,0,0,0,0,0,0,0},{0,0,0,0,0,0,0,0,0},{0,0,0,0,0,0,0,0,0},{0,0,0,0,0,0,0,0,0},{0,0,0,0,0,0,0,0,0},{0,0,0,0,0,0,0,0,0},{0,0,0,0,0,0,0,0,0}}
]
13:16:51.475 INFO  [main] SudokuBoard - Wartość 0 wstawiona nieprawidłowo
13:16:51.477 INFO  [main] SudokuBoard - Bład w kwadracie 0
sudoku.model.SudokuBoard@6c4c32ff[
  size=9
  solver=sudoku.model.BacktrackingSudokuSolver@5a1a5521
  board={{1,4,9,2,3,5,6,7,8},{2,3,5,7,6,4,0,0,0},{0,0,0,0,0,0,0,0,0},{0,0,0,0,0,0,0,0,0},{0,0,0,0,0,0,0,0,0},{0,0,0,0,0,0,0,0,0},{0,0,0,0,0,0,0,0,0},{0,0,0,0,0,0,0,0,0},{0,0,0,0,0,0,0,0,0}}
]
13:16:51.477 INFO  [main] SudokuBoard - Wartość 0 wstawiona nieprawidłowo
13:16:51.477 INFO  [main] SudokuBoard - Bład w kwadracie 0
sudoku.model.SudokuBoard@6c4c32ff[
  size=9
  solver=sudoku.model.BacktrackingSudokuSolver@5a1a5521
  board={{1,4,9,2,3,5,6,7,8},{2,3,5,7,6,0,0,0,0},{0,0,0,0,0,0,0,0,0},{0,0,0,0,0,0,0,0,0},{0,0,0,0,0,0,0,0,0},{0,0,0,0,0,0,0,0,0},{0,0,0,0,0,0,0,0,0},{0,0,0,0,0,0,0,0,0},{0,0,0,0,0,0,0,0,0}}
]
13:16:51.477 INFO  [main] SudokuBoard - Wartość 0 wstawiona nieprawidłowo
13:16:51.477 INFO  [main] SudokuBoard - Bład w kwadracie 0
sudoku.model.SudokuBoard@6c4c32ff[
  size=9
  solver=sudoku.model.BacktrackingSudokuSolver@5a1a5521
  board={{1,4,9,2,3,5,6,7,8},{2,3,5,7,6,8,4,9,1},{6,7,8,9,4,1,3,2,5},{3,6,4,8,2,9,7,0,0},{0,0,0,0,0,0,0,0,0},{0,0,0,0,0,0,0,0,0},{0,0,0,0,0,0,0,0,0},{0,0,0,0,0,0,0,0,0},{0,0,0,0,0,0,0,0,0}}
]
13:16:51.477 INFO  [main] SudokuBoard - Wartość 0 wstawiona nieprawidłowo
13:16:51.478 INFO  [main] SudokuBoard - Bład w kwadracie 0
sudoku.model.SudokuBoard@6c4c32ff[
  size=9
  solver=sudoku.model.BacktrackingSudokuSolver@5a1a5521
  board={{1,4,9,2,3,5,6,7,8},{2,3,5,7,6,8,4,9,1},{6,7,8,9,4,1,3,2,5},{3,6,4,8,2,9,7,0,0},{0,0,0,0,0,0,0,0,0},{0,0,0,0,0,0,0,0,0},{0,0,0,0,0,0,0,0,0},{0,0,0,0,0,0,0,0,0},{0,0,0,0,0,0,0,0,0}}
]
13:16:51.478 INFO  [main] SudokuBoard - Wartość 0 wstawiona nieprawidłowo
13:16:51.478 INFO  [main] SudokuBoard - Bład w kwadracie 0
sudoku.model.SudokuBoard@6c4c32ff[
  size=9
  solver=sudoku.model.BacktrackingSudokuSolver@5a1a5521
  board={{1,4,9,2,3,5,6,7,8},{2,3,5,7,6,8,4,9,1},{6,7,8,9,4,1,3,2,5},{3,6,4,8,2,9,0,0,0},{0,0,0,0,0,0,0,0,0},{0,0,0,0,0,0,0,0,0},{0,0,0,0,0,0,0,0,0},{0,0,0,0,0,0,0,0,0},{0,0,0,0,0,0,0,0,0}}
]
13:16:51.478 INFO  [main] SudokuBoard - Wartość 0 wstawiona nieprawidłowo
13:16:51.478 INFO  [main] SudokuBoard - Bład w kwadracie 0
sudoku.model.SudokuBoard@6c4c32ff[
  size=9
  solver=sudoku.model.BacktrackingSudokuSolver@5a1a5521
  board={{1,4,9,2,3,5,6,7,8},{2,3,5,7,6,8,4,9,1},{6,7,8,9,4,1,3,2,5},{3,6,4,8,2,9,1,5,7},{7,1,2,3,5,4,8,6,9},{5,0,0,0,0,0,0,0,0},{0,0,0,0,0,0,0,0,0},{0,0,0,0,0,0,0,0,0},{0,0,0,0,0,0,0,0,0}}
]
13:16:51.478 INFO  [main] SudokuBoard - Wartość 0 wstawiona nieprawidłowo
13:16:51.479 INFO  [main] SudokuBoard - Bład w kwadracie 0
sudoku.model.SudokuBoard@6c4c32ff[
  size=9
  solver=sudoku.model.BacktrackingSudokuSolver@5a1a5521
  board={{1,4,9,2,3,5,6,7,8},{2,3,5,7,6,8,4,9,1},{6,7,8,9,4,1,3,2,5},{3,6,4,8,2,9,1,5,7},{7,1,2,3,5,4,8,6,9},{5,0,0,0,0,0,0,0,0},{0,0,0,0,0,0,0,0,0},{0,0,0,0,0,0,0,0,0},{0,0,0,0,0,0,0,0,0}}
]
13:16:51.479 INFO  [main] SudokuBoard - Wartość 0 wstawiona nieprawidłowo
13:16:51.479 INFO  [main] SudokuBoard - Bład w kwadracie 0
sudoku.model.SudokuBoard@6c4c32ff[
  size=9
  solver=sudoku.model.BacktrackingSudokuSolver@5a1a5521
  board={{1,4,9,2,3,5,6,7,8},{2,3,5,7,6,8,4,9,1},{6,7,8,9,4,1,3,2,5},{3,6,4,8,2,9,1,5,7},{7,1,2,3,5,4,8,6,9},{0,0,0,0,0,0,0,0,0},{0,0,0,0,0,0,0,0,0},{0,0,0,0,0,0,0,0,0},{0,0,0,0,0,0,0,0,0}}
]
13:16:51.479 INFO  [main] SudokuBoard - Wartość 0 wstawiona nieprawidłowo
13:16:51.479 INFO  [main] SudokuBoard - Bład w kwadracie 0
sudoku.model.SudokuBoard@6c4c32ff[
  size=9
  solver=sudoku.model.BacktrackingSudokuSolver@5a1a5521
  board={{1,4,9,2,3,5,6,7,8},{2,3,5,7,6,8,4,9,1},{6,7,8,9,4,1,3,2,5},{3,6,4,8,2,9,1,5,7},{7,1,2,3,5,4,8,6,9},{8,0,0,0,0,0,0,0,0},{0,0,0,0,0,0,0,0,0},{0,0,0,0,0,0,0,0,0},{0,0,0,0,0,0,0,0,0}}
]
13:16:51.479 INFO  [main] SudokuBoard - Wartość 0 wstawiona nieprawidłowo
13:16:51.479 INFO  [main] SudokuBoard - Bład w kwadracie 0
sudoku.model.SudokuBoard@6c4c32ff[
  size=9
  solver=sudoku.model.BacktrackingSudokuSolver@5a1a5521
  board={{1,4,9,2,3,5,6,7,8},{2,3,5,7,6,8,4,9,1},{6,7,8,9,4,1,3,2,5},{3,6,4,8,2,9,1,5,7},{7,1,2,3,5,4,8,6,9},{8,0,0,0,0,0,0,0,0},{0,0,0,0,0,0,0,0,0},{0,0,0,0,0,0,0,0,0},{0,0,0,0,0,0,0,0,0}}
]
13:16:51.479 INFO  [main] SudokuBoard - Wartość 0 wstawiona nieprawidłowo
13:16:51.480 INFO  [main] SudokuBoard - Bład w kwadracie 0
sudoku.model.SudokuBoard@6c4c32ff[
  size=9
  solver=sudoku.model.BacktrackingSudokuSolver@5a1a5521
  board={{1,4,9,2,3,5,6,7,8},{2,3,5,7,6,8,4,9,1},{6,7,8,9,4,1,3,2,5},{3,6,4,8,2,9,1,5,7},{7,1,2,3,5,4,8,6,9},{0,0,0,0,0,0,0,0,0},{0,0,0,0,0,0,0,0,0},{0,0,0,0,0,0,0,0,0},{0,0,0,0,0,0,0,0,0}}
]
13:16:51.480 INFO  [main] SudokuBoard - Wartość 0 wstawiona nieprawidłowo
13:16:51.480 INFO  [main] SudokuBoard - Bład w kwadracie 0
sudoku.model.SudokuBoard@6c4c32ff[
  size=9
  solver=sudoku.model.BacktrackingSudokuSolver@5a1a5521
  board={{1,4,9,2,3,5,6,7,8},{2,3,5,7,6,8,4,9,1},{6,7,8,9,4,1,3,2,5},{3,6,4,8,2,9,1,5,7},{7,1,2,3,5,4,8,6,9},{9,0,0,0,0,0,0,0,0},{0,0,0,0,0,0,0,0,0},{0,0,0,0,0,0,0,0,0},{0,0,0,0,0,0,0,0,0}}
]
13:16:51.480 INFO  [main] SudokuBoard - Wartość 0 wstawiona nieprawidłowo
13:16:51.480 INFO  [main] SudokuBoard - Bład w kwadracie 0
sudoku.model.SudokuBoard@6c4c32ff[
  size=9
  solver=sudoku.model.BacktrackingSudokuSolver@5a1a5521
  board={{1,4,9,2,3,5,6,7,8},{2,3,5,7,6,8,4,9,1},{6,7,8,9,4,1,3,2,5},{3,6,4,8,2,9,1,5,7},{7,1,2,3,5,4,8,6,9},{9,0,0,0,0,0,0,0,0},{0,0,0,0,0,0,0,0,0},{0,0,0,0,0,0,0,0,0},{0,0,0,0,0,0,0,0,0}}
]
13:16:51.480 INFO  [main] SudokuBoard - Wartość 0 wstawiona nieprawidłowo
13:16:51.481 INFO  [main] SudokuBoard - Bład w kwadracie 0
sudoku.model.SudokuBoard@6c4c32ff[
  size=9
  solver=sudoku.model.BacktrackingSudokuSolver@5a1a5521
  board={{1,4,9,2,3,5,6,7,8},{2,3,5,7,6,8,4,9,1},{6,7,8,9,4,1,3,2,5},{3,6,4,8,2,9,1,5,7},{7,1,2,3,5,4,8,6,9},{0,0,0,0,0,0,0,0,0},{0,0,0,0,0,0,0,0,0},{0,0,0,0,0,0,0,0,0},{0,0,0,0,0,0,0,0,0}}
]
13:16:51.481 INFO  [main] SudokuBoard - Wartość 0 wstawiona nieprawidłowo
13:16:51.481 INFO  [main] SudokuBoard - Bład w kwadracie 0
sudoku.model.SudokuBoard@6c4c32ff[
  size=9
  solver=sudoku.model.BacktrackingSudokuSolver@5a1a5521
  board={{1,4,9,2,3,5,6,7,8},{2,3,5,7,6,8,4,9,1},{6,7,8,9,4,1,3,2,5},{3,6,4,8,2,9,1,5,7},{7,1,2,3,5,4,8,6,0},{0,0,0,0,0,0,0,0,0},{0,0,0,0,0,0,0,0,0},{0,0,0,0,0,0,0,0,0},{0,0,0,0,0,0,0,0,0}}
]
13:16:51.481 INFO  [main] SudokuBoard - Wartość 0 wstawiona nieprawidłowo
13:16:51.481 INFO  [main] SudokuBoard - Bład w kwadracie 0
sudoku.model.SudokuBoard@6c4c32ff[
  size=9
  solver=sudoku.model.BacktrackingSudokuSolver@5a1a5521
  board={{1,4,9,2,3,5,6,7,8},{2,3,5,7,6,8,4,9,1},{6,7,8,9,4,1,3,2,5},{3,6,4,8,2,9,1,5,7},{7,1,2,3,5,4,8,0,0},{0,0,0,0,0,0,0,0,0},{0,0,0,0,0,0,0,0,0},{0,0,0,0,0,0,0,0,0},{0,0,0,0,0,0,0,0,0}}
]
13:16:51.481 INFO  [main] SudokuBoard - Wartość 0 wstawiona nieprawidłowo
13:16:51.481 INFO  [main] SudokuBoard - Bład w kwadracie 0
sudoku.model.SudokuBoard@6c4c32ff[
  size=9
  solver=sudoku.model.BacktrackingSudokuSolver@5a1a5521
  board={{1,4,9,2,3,5,6,7,8},{2,3,5,7,6,8,4,9,1},{6,7,8,9,4,1,3,2,5},{3,6,4,8,2,9,1,5,7},{7,1,2,3,5,4,0,0,0},{0,0,0,0,0,0,0,0,0},{0,0,0,0,0,0,0,0,0},{0,0,0,0,0,0,0,0,0},{0,0,0,0,0,0,0,0,0}}
]
13:16:51.481 INFO  [main] SudokuBoard - Wartość 0 wstawiona nieprawidłowo
13:16:51.485 INFO  [main] SudokuBoard - Bład w kwadracie 0
sudoku.model.SudokuBoard@6c4c32ff[
  size=9
  solver=sudoku.model.BacktrackingSudokuSolver@5a1a5521
  board={{1,4,9,2,3,5,6,7,8},{2,3,5,7,6,8,4,9,1},{6,7,8,9,4,1,3,2,5},{3,6,4,8,2,9,1,5,7},{7,1,2,3,5,4,9,8,6},{9,0,0,0,0,0,0,0,0},{0,0,0,0,0,0,0,0,0},{0,0,0,0,0,0,0,0,0},{0,0,0,0,0,0,0,0,0}}
]
13:16:51.485 INFO  [main] SudokuBoard - Wartość 0 wstawiona nieprawidłowo
13:16:51.485 INFO  [main] SudokuBoard - Bład w kwadracie 0
sudoku.model.SudokuBoard@6c4c32ff[
  size=9
  solver=sudoku.model.BacktrackingSudokuSolver@5a1a5521
  board={{1,4,9,2,3,5,6,7,8},{2,3,5,7,6,8,4,9,1},{6,7,8,9,4,1,3,2,5},{3,6,4,8,2,9,1,5,7},{7,1,2,3,5,4,9,8,6},{9,0,0,0,0,0,0,0,0},{0,0,0,0,0,0,0,0,0},{0,0,0,0,0,0,0,0,0},{0,0,0,0,0,0,0,0,0}}
]
13:16:51.485 INFO  [main] SudokuBoard - Wartość 0 wstawiona nieprawidłowo
13:16:51.486 INFO  [main] SudokuBoard - Bład w kwadracie 0
sudoku.model.SudokuBoard@6c4c32ff[
  size=9
  solver=sudoku.model.BacktrackingSudokuSolver@5a1a5521
  board={{1,4,9,2,3,5,6,7,8},{2,3,5,7,6,8,4,9,1},{6,7,8,9,4,1,3,2,5},{3,6,4,8,2,9,1,5,7},{7,1,2,3,5,4,9,8,6},{0,0,0,0,0,0,0,0,0},{0,0,0,0,0,0,0,0,0},{0,0,0,0,0,0,0,0,0},{0,0,0,0,0,0,0,0,0}}
]
13:16:51.487 INFO  [main] SudokuBoard - Wartość 0 wstawiona nieprawidłowo
13:16:51.488 INFO  [main] SudokuBoard - Bład w kwadracie 0
sudoku.model.SudokuBoard@6c4c32ff[
  size=9
  solver=sudoku.model.BacktrackingSudokuSolver@5a1a5521
  board={{1,4,9,2,3,5,6,7,8},{2,3,5,7,6,8,4,9,1},{6,7,8,9,4,1,3,2,5},{3,6,4,8,2,9,1,5,7},{7,1,2,3,5,4,9,8,6},{5,0,0,0,0,0,0,0,0},{0,0,0,0,0,0,0,0,0},{0,0,0,0,0,0,0,0,0},{0,0,0,0,0,0,0,0,0}}
]
13:16:51.488 INFO  [main] SudokuBoard - Wartość 0 wstawiona nieprawidłowo
13:16:51.488 INFO  [main] SudokuBoard - Bład w kwadracie 0
sudoku.model.SudokuBoard@6c4c32ff[
  size=9
  solver=sudoku.model.BacktrackingSudokuSolver@5a1a5521
  board={{1,4,9,2,3,5,6,7,8},{2,3,5,7,6,8,4,9,1},{6,7,8,9,4,1,3,2,5},{3,6,4,8,2,9,1,5,7},{7,1,2,3,5,4,9,8,6},{5,0,0,0,0,0,0,0,0},{0,0,0,0,0,0,0,0,0},{0,0,0,0,0,0,0,0,0},{0,0,0,0,0,0,0,0,0}}
]
13:16:51.488 INFO  [main] SudokuBoard - Wartość 0 wstawiona nieprawidłowo
13:16:51.489 INFO  [main] SudokuBoard - Bład w kwadracie 0
sudoku.model.SudokuBoard@6c4c32ff[
  size=9
  solver=sudoku.model.BacktrackingSudokuSolver@5a1a5521
  board={{1,4,9,2,3,5,6,7,8},{2,3,5,7,6,8,4,9,1},{6,7,8,9,4,1,3,2,5},{3,6,4,8,2,9,1,5,7},{7,1,2,3,5,4,9,8,6},{0,0,0,0,0,0,0,0,0},{0,0,0,0,0,0,0,0,0},{0,0,0,0,0,0,0,0,0},{0,0,0,0,0,0,0,0,0}}
]
13:16:51.489 INFO  [main] SudokuBoard - Wartość 0 wstawiona nieprawidłowo
13:16:51.489 INFO  [main] SudokuBoard - Bład w kwadracie 0
sudoku.model.SudokuBoard@6c4c32ff[
  size=9
  solver=sudoku.model.BacktrackingSudokuSolver@5a1a5521
  board={{1,4,9,2,3,5,6,7,8},{2,3,5,7,6,8,4,9,1},{6,7,8,9,4,1,3,2,5},{3,6,4,8,2,9,1,5,7},{7,1,2,3,5,4,9,8,6},{8,0,0,0,0,0,0,0,0},{0,0,0,0,0,0,0,0,0},{0,0,0,0,0,0,0,0,0},{0,0,0,0,0,0,0,0,0}}
]
13:16:51.489 INFO  [main] SudokuBoard - Wartość 0 wstawiona nieprawidłowo
13:16:51.489 INFO  [main] SudokuBoard - Bład w kwadracie 0
sudoku.model.SudokuBoard@6c4c32ff[
  size=9
  solver=sudoku.model.BacktrackingSudokuSolver@5a1a5521
  board={{1,4,9,2,3,5,6,7,8},{2,3,5,7,6,8,4,9,1},{6,7,8,9,4,1,3,2,5},{3,6,4,8,2,9,1,5,7},{7,1,2,3,5,4,9,8,6},{8,0,0,0,0,0,0,0,0},{0,0,0,0,0,0,0,0,0},{0,0,0,0,0,0,0,0,0},{0,0,0,0,0,0,0,0,0}}
]
13:16:51.489 INFO  [main] SudokuBoard - Wartość 0 wstawiona nieprawidłowo
13:16:51.489 INFO  [main] SudokuBoard - Bład w kwadracie 0
sudoku.model.SudokuBoard@6c4c32ff[
  size=9
  solver=sudoku.model.BacktrackingSudokuSolver@5a1a5521
  board={{1,4,9,2,3,5,6,7,8},{2,3,5,7,6,8,4,9,1},{6,7,8,9,4,1,3,2,5},{3,6,4,8,2,9,1,5,7},{7,1,2,3,5,4,9,8,6},{0,0,0,0,0,0,0,0,0},{0,0,0,0,0,0,0,0,0},{0,0,0,0,0,0,0,0,0},{0,0,0,0,0,0,0,0,0}}
]
13:16:51.489 INFO  [main] SudokuBoard - Wartość 0 wstawiona nieprawidłowo
13:16:51.490 INFO  [main] SudokuBoard - Bład w kwadracie 0
sudoku.model.SudokuBoard@6c4c32ff[
  size=9
  solver=sudoku.model.BacktrackingSudokuSolver@5a1a5521
  board={{1,4,9,2,3,5,6,7,8},{2,3,5,7,6,8,4,9,1},{6,7,8,9,4,1,3,2,5},{3,6,4,8,2,9,1,5,7},{7,1,2,3,5,4,9,8,0},{0,0,0,0,0,0,0,0,0},{0,0,0,0,0,0,0,0,0},{0,0,0,0,0,0,0,0,0},{0,0,0,0,0,0,0,0,0}}
]
13:16:51.490 INFO  [main] SudokuBoard - Wartość 0 wstawiona nieprawidłowo
13:16:51.490 INFO  [main] SudokuBoard - Bład w kwadracie 0
sudoku.model.SudokuBoard@6c4c32ff[
  size=9
  solver=sudoku.model.BacktrackingSudokuSolver@5a1a5521
  board={{1,4,9,2,3,5,6,7,8},{2,3,5,7,6,8,4,9,1},{6,7,8,9,4,1,3,2,5},{3,6,4,8,2,9,1,5,7},{7,1,2,3,5,4,9,0,0},{0,0,0,0,0,0,0,0,0},{0,0,0,0,0,0,0,0,0},{0,0,0,0,0,0,0,0,0},{0,0,0,0,0,0,0,0,0}}
]
13:16:51.490 INFO  [main] SudokuBoard - Wartość 0 wstawiona nieprawidłowo
13:16:51.490 INFO  [main] SudokuBoard - Bład w kwadracie 0
sudoku.model.SudokuBoard@6c4c32ff[
  size=9
  solver=sudoku.model.BacktrackingSudokuSolver@5a1a5521
  board={{1,4,9,2,3,5,6,7,8},{2,3,5,7,6,8,4,9,1},{6,7,8,9,4,1,3,2,5},{3,6,4,8,2,9,1,5,7},{7,1,2,3,5,4,9,0,0},{0,0,0,0,0,0,0,0,0},{0,0,0,0,0,0,0,0,0},{0,0,0,0,0,0,0,0,0},{0,0,0,0,0,0,0,0,0}}
]
13:16:51.490 INFO  [main] SudokuBoard - Wartość 0 wstawiona nieprawidłowo
13:16:51.490 INFO  [main] SudokuBoard - Bład w kwadracie 0
sudoku.model.SudokuBoard@6c4c32ff[
  size=9
  solver=sudoku.model.BacktrackingSudokuSolver@5a1a5521
  board={{1,4,9,2,3,5,6,7,8},{2,3,5,7,6,8,4,9,1},{6,7,8,9,4,1,3,2,5},{3,6,4,8,2,9,1,5,7},{7,1,2,3,5,4,0,0,0},{0,0,0,0,0,0,0,0,0},{0,0,0,0,0,0,0,0,0},{0,0,0,0,0,0,0,0,0},{0,0,0,0,0,0,0,0,0}}
]
13:16:51.490 INFO  [main] SudokuBoard - Wartość 0 wstawiona nieprawidłowo
13:16:51.491 INFO  [main] SudokuBoard - Bład w kwadracie 0
sudoku.model.SudokuBoard@6c4c32ff[
  size=9
  solver=sudoku.model.BacktrackingSudokuSolver@5a1a5521
  board={{1,4,9,2,3,5,6,7,8},{2,3,5,7,6,8,4,9,1},{6,7,8,9,4,1,3,2,5},{3,6,4,8,2,9,1,5,7},{7,1,2,3,5,0,0,0,0},{0,0,0,0,0,0,0,0,0},{0,0,0,0,0,0,0,0,0},{0,0,0,0,0,0,0,0,0},{0,0,0,0,0,0,0,0,0}}
]
13:16:51.491 INFO  [main] SudokuBoard - Wartość 0 wstawiona nieprawidłowo
13:16:51.491 INFO  [main] SudokuBoard - Bład w kwadracie 0
sudoku.model.SudokuBoard@6c4c32ff[
  size=9
  solver=sudoku.model.BacktrackingSudokuSolver@5a1a5521
  board={{1,4,9,2,3,5,6,7,8},{2,3,5,7,6,8,4,9,1},{6,7,8,9,4,1,3,2,5},{3,6,4,8,2,9,1,5,7},{7,1,2,3,5,6,9,0,0},{0,0,0,0,0,0,0,0,0},{0,0,0,0,0,0,0,0,0},{0,0,0,0,0,0,0,0,0},{0,0,0,0,0,0,0,0,0}}
]
13:16:51.491 INFO  [main] SudokuBoard - Wartość 0 wstawiona nieprawidłowo
13:16:51.492 INFO  [main] SudokuBoard - Bład w kwadracie 0
sudoku.model.SudokuBoard@6c4c32ff[
  size=9
  solver=sudoku.model.BacktrackingSudokuSolver@5a1a5521
  board={{1,4,9,2,3,5,6,7,8},{2,3,5,7,6,8,4,9,1},{6,7,8,9,4,1,3,2,5},{3,6,4,8,2,9,1,5,7},{7,1,2,3,5,6,9,8,4},{8,0,0,0,0,0,0,0,0},{0,0,0,0,0,0,0,0,0},{0,0,0,0,0,0,0,0,0},{0,0,0,0,0,0,0,0,0}}
]
13:16:51.492 INFO  [main] SudokuBoard - Wartość 0 wstawiona nieprawidłowo
13:16:51.492 INFO  [main] SudokuBoard - Bład w kwadracie 0
sudoku.model.SudokuBoard@6c4c32ff[
  size=9
  solver=sudoku.model.BacktrackingSudokuSolver@5a1a5521
  board={{1,4,9,2,3,5,6,7,8},{2,3,5,7,6,8,4,9,1},{6,7,8,9,4,1,3,2,5},{3,6,4,8,2,9,1,5,7},{7,1,2,3,5,6,9,8,4},{8,0,0,0,0,0,0,0,0},{0,0,0,0,0,0,0,0,0},{0,0,0,0,0,0,0,0,0},{0,0,0,0,0,0,0,0,0}}
]
13:16:51.492 INFO  [main] SudokuBoard - Wartość 0 wstawiona nieprawidłowo
13:16:51.492 INFO  [main] SudokuBoard - Bład w kwadracie 0
sudoku.model.SudokuBoard@6c4c32ff[
  size=9
  solver=sudoku.model.BacktrackingSudokuSolver@5a1a5521
  board={{1,4,9,2,3,5,6,7,8},{2,3,5,7,6,8,4,9,1},{6,7,8,9,4,1,3,2,5},{3,6,4,8,2,9,1,5,7},{7,1,2,3,5,6,9,8,4},{0,0,0,0,0,0,0,0,0},{0,0,0,0,0,0,0,0,0},{0,0,0,0,0,0,0,0,0},{0,0,0,0,0,0,0,0,0}}
]
13:16:51.492 INFO  [main] SudokuBoard - Wartość 0 wstawiona nieprawidłowo
13:16:51.492 INFO  [main] SudokuBoard - Bład w kwadracie 0
sudoku.model.SudokuBoard@6c4c32ff[
  size=9
  solver=sudoku.model.BacktrackingSudokuSolver@5a1a5521
  board={{1,4,9,2,3,5,6,7,8},{2,3,5,7,6,8,4,9,1},{6,7,8,9,4,1,3,2,5},{3,6,4,8,2,9,1,5,7},{7,1,2,3,5,6,9,8,4},{9,0,0,0,0,0,0,0,0},{0,0,0,0,0,0,0,0,0},{0,0,0,0,0,0,0,0,0},{0,0,0,0,0,0,0,0,0}}
]
13:16:51.492 INFO  [main] SudokuBoard - Wartość 0 wstawiona nieprawidłowo
13:16:51.493 INFO  [main] SudokuBoard - Bład w kwadracie 0
sudoku.model.SudokuBoard@6c4c32ff[
  size=9
  solver=sudoku.model.BacktrackingSudokuSolver@5a1a5521
  board={{1,4,9,2,3,5,6,7,8},{2,3,5,7,6,8,4,9,1},{6,7,8,9,4,1,3,2,5},{3,6,4,8,2,9,1,5,7},{7,1,2,3,5,6,9,8,4},{9,0,0,0,0,0,0,0,0},{0,0,0,0,0,0,0,0,0},{0,0,0,0,0,0,0,0,0},{0,0,0,0,0,0,0,0,0}}
]
13:16:51.493 INFO  [main] SudokuBoard - Wartość 0 wstawiona nieprawidłowo
13:16:51.493 INFO  [main] SudokuBoard - Bład w kwadracie 0
sudoku.model.SudokuBoard@6c4c32ff[
  size=9
  solver=sudoku.model.BacktrackingSudokuSolver@5a1a5521
  board={{1,4,9,2,3,5,6,7,8},{2,3,5,7,6,8,4,9,1},{6,7,8,9,4,1,3,2,5},{3,6,4,8,2,9,1,5,7},{7,1,2,3,5,6,9,8,4},{0,0,0,0,0,0,0,0,0},{0,0,0,0,0,0,0,0,0},{0,0,0,0,0,0,0,0,0},{0,0,0,0,0,0,0,0,0}}
]
13:16:51.493 INFO  [main] SudokuBoard - Wartość 0 wstawiona nieprawidłowo
13:16:51.493 INFO  [main] SudokuBoard - Bład w kwadracie 0
sudoku.model.SudokuBoard@6c4c32ff[
  size=9
  solver=sudoku.model.BacktrackingSudokuSolver@5a1a5521
  board={{1,4,9,2,3,5,6,7,8},{2,3,5,7,6,8,4,9,1},{6,7,8,9,4,1,3,2,5},{3,6,4,8,2,9,1,5,7},{7,1,2,3,5,6,9,8,4},{5,0,0,0,0,0,0,0,0},{0,0,0,0,0,0,0,0,0},{0,0,0,0,0,0,0,0,0},{0,0,0,0,0,0,0,0,0}}
]
13:16:51.493 INFO  [main] SudokuBoard - Wartość 0 wstawiona nieprawidłowo
13:16:51.493 INFO  [main] SudokuBoard - Bład w kwadracie 0
sudoku.model.SudokuBoard@6c4c32ff[
  size=9
  solver=sudoku.model.BacktrackingSudokuSolver@5a1a5521
  board={{1,4,9,2,3,5,6,7,8},{2,3,5,7,6,8,4,9,1},{6,7,8,9,4,1,3,2,5},{3,6,4,8,2,9,1,5,7},{7,1,2,3,5,6,9,8,4},{5,0,0,0,0,0,0,0,0},{0,0,0,0,0,0,0,0,0},{0,0,0,0,0,0,0,0,0},{0,0,0,0,0,0,0,0,0}}
]
13:16:51.493 INFO  [main] SudokuBoard - Wartość 0 wstawiona nieprawidłowo
13:16:51.494 INFO  [main] SudokuBoard - Bład w kwadracie 0
sudoku.model.SudokuBoard@6c4c32ff[
  size=9
  solver=sudoku.model.BacktrackingSudokuSolver@5a1a5521
  board={{1,4,9,2,3,5,6,7,8},{2,3,5,7,6,8,4,9,1},{6,7,8,9,4,1,3,2,5},{3,6,4,8,2,9,1,5,7},{7,1,2,3,5,6,9,8,4},{0,0,0,0,0,0,0,0,0},{0,0,0,0,0,0,0,0,0},{0,0,0,0,0,0,0,0,0},{0,0,0,0,0,0,0,0,0}}
]
13:16:51.494 INFO  [main] SudokuBoard - Wartość 0 wstawiona nieprawidłowo
13:16:51.494 INFO  [main] SudokuBoard - Bład w kwadracie 0
sudoku.model.SudokuBoard@6c4c32ff[
  size=9
  solver=sudoku.model.BacktrackingSudokuSolver@5a1a5521
  board={{1,4,9,2,3,5,6,7,8},{2,3,5,7,6,8,4,9,1},{6,7,8,9,4,1,3,2,5},{3,6,4,8,2,9,1,5,7},{7,1,2,3,5,6,9,8,0},{0,0,0,0,0,0,0,0,0},{0,0,0,0,0,0,0,0,0},{0,0,0,0,0,0,0,0,0},{0,0,0,0,0,0,0,0,0}}
]
13:16:51.494 INFO  [main] SudokuBoard - Wartość 0 wstawiona nieprawidłowo
13:16:51.494 INFO  [main] SudokuBoard - Bład w kwadracie 0
sudoku.model.SudokuBoard@6c4c32ff[
  size=9
  solver=sudoku.model.BacktrackingSudokuSolver@5a1a5521
  board={{1,4,9,2,3,5,6,7,8},{2,3,5,7,6,8,4,9,1},{6,7,8,9,4,1,3,2,5},{3,6,4,8,2,9,1,5,7},{7,1,2,3,5,6,9,0,0},{0,0,0,0,0,0,0,0,0},{0,0,0,0,0,0,0,0,0},{0,0,0,0,0,0,0,0,0},{0,0,0,0,0,0,0,0,0}}
]
13:16:51.494 INFO  [main] SudokuBoard - Wartość 0 wstawiona nieprawidłowo
13:16:51.494 INFO  [main] SudokuBoard - Bład w kwadracie 0
sudoku.model.SudokuBoard@6c4c32ff[
  size=9
  solver=sudoku.model.BacktrackingSudokuSolver@5a1a5521
  board={{1,4,9,2,3,5,6,7,8},{2,3,5,7,6,8,4,9,1},{6,7,8,9,4,1,3,2,5},{3,6,4,8,2,9,1,5,7},{7,1,2,3,5,6,0,0,0},{0,0,0,0,0,0,0,0,0},{0,0,0,0,0,0,0,0,0},{0,0,0,0,0,0,0,0,0},{0,0,0,0,0,0,0,0,0}}
]
13:16:51.494 INFO  [main] SudokuBoard - Wartość 0 wstawiona nieprawidłowo
13:16:51.495 INFO  [main] SudokuBoard - Bład w kwadracie 0
sudoku.model.SudokuBoard@6c4c32ff[
  size=9
  solver=sudoku.model.BacktrackingSudokuSolver@5a1a5521
  board={{1,4,9,2,3,5,6,7,8},{2,3,5,7,6,8,4,9,1},{6,7,8,9,4,1,3,2,5},{3,6,4,8,2,9,1,5,7},{7,1,2,3,5,6,8,4,9},{5,0,0,0,0,0,0,0,0},{0,0,0,0,0,0,0,0,0},{0,0,0,0,0,0,0,0,0},{0,0,0,0,0,0,0,0,0}}
]
13:16:51.495 INFO  [main] SudokuBoard - Wartość 0 wstawiona nieprawidłowo
13:16:51.495 INFO  [main] SudokuBoard - Bład w kwadracie 0
sudoku.model.SudokuBoard@6c4c32ff[
  size=9
  solver=sudoku.model.BacktrackingSudokuSolver@5a1a5521
  board={{1,4,9,2,3,5,6,7,8},{2,3,5,7,6,8,4,9,1},{6,7,8,9,4,1,3,2,5},{3,6,4,8,2,9,1,5,7},{7,1,2,3,5,6,8,4,9},{5,0,0,0,0,0,0,0,0},{0,0,0,0,0,0,0,0,0},{0,0,0,0,0,0,0,0,0},{0,0,0,0,0,0,0,0,0}}
]
13:16:51.495 INFO  [main] SudokuBoard - Wartość 0 wstawiona nieprawidłowo
13:16:51.495 INFO  [main] SudokuBoard - Bład w kwadracie 0
sudoku.model.SudokuBoard@6c4c32ff[
  size=9
  solver=sudoku.model.BacktrackingSudokuSolver@5a1a5521
  board={{1,4,9,2,3,5,6,7,8},{2,3,5,7,6,8,4,9,1},{6,7,8,9,4,1,3,2,5},{3,6,4,8,2,9,1,5,7},{7,1,2,3,5,6,8,4,9},{0,0,0,0,0,0,0,0,0},{0,0,0,0,0,0,0,0,0},{0,0,0,0,0,0,0,0,0},{0,0,0,0,0,0,0,0,0}}
]
13:16:51.495 INFO  [main] SudokuBoard - Wartość 0 wstawiona nieprawidłowo
13:16:51.496 INFO  [main] SudokuBoard - Bład w kwadracie 0
sudoku.model.SudokuBoard@6c4c32ff[
  size=9
  solver=sudoku.model.BacktrackingSudokuSolver@5a1a5521
  board={{1,4,9,2,3,5,6,7,8},{2,3,5,7,6,8,4,9,1},{6,7,8,9,4,1,3,2,5},{3,6,4,8,2,9,1,5,7},{7,1,2,3,5,6,8,4,9},{8,0,0,0,0,0,0,0,0},{0,0,0,0,0,0,0,0,0},{0,0,0,0,0,0,0,0,0},{0,0,0,0,0,0,0,0,0}}
]
13:16:51.496 INFO  [main] SudokuBoard - Wartość 0 wstawiona nieprawidłowo
13:16:51.496 INFO  [main] SudokuBoard - Bład w kwadracie 0
sudoku.model.SudokuBoard@6c4c32ff[
  size=9
  solver=sudoku.model.BacktrackingSudokuSolver@5a1a5521
  board={{1,4,9,2,3,5,6,7,8},{2,3,5,7,6,8,4,9,1},{6,7,8,9,4,1,3,2,5},{3,6,4,8,2,9,1,5,7},{7,1,2,3,5,6,8,4,9},{8,0,0,0,0,0,0,0,0},{0,0,0,0,0,0,0,0,0},{0,0,0,0,0,0,0,0,0},{0,0,0,0,0,0,0,0,0}}
]
13:16:51.496 INFO  [main] SudokuBoard - Wartość 0 wstawiona nieprawidłowo
13:16:51.496 INFO  [main] SudokuBoard - Bład w kwadracie 0
sudoku.model.SudokuBoard@6c4c32ff[
  size=9
  solver=sudoku.model.BacktrackingSudokuSolver@5a1a5521
  board={{1,4,9,2,3,5,6,7,8},{2,3,5,7,6,8,4,9,1},{6,7,8,9,4,1,3,2,5},{3,6,4,8,2,9,1,5,7},{7,1,2,3,5,6,8,4,9},{0,0,0,0,0,0,0,0,0},{0,0,0,0,0,0,0,0,0},{0,0,0,0,0,0,0,0,0},{0,0,0,0,0,0,0,0,0}}
]
13:16:51.496 INFO  [main] SudokuBoard - Wartość 0 wstawiona nieprawidłowo
13:16:51.496 INFO  [main] SudokuBoard - Bład w kwadracie 0
sudoku.model.SudokuBoard@6c4c32ff[
  size=9
  solver=sudoku.model.BacktrackingSudokuSolver@5a1a5521
  board={{1,4,9,2,3,5,6,7,8},{2,3,5,7,6,8,4,9,1},{6,7,8,9,4,1,3,2,5},{3,6,4,8,2,9,1,5,7},{7,1,2,3,5,6,8,4,9},{9,0,0,0,0,0,0,0,0},{0,0,0,0,0,0,0,0,0},{0,0,0,0,0,0,0,0,0},{0,0,0,0,0,0,0,0,0}}
]
13:16:51.497 INFO  [main] SudokuBoard - Wartość 0 wstawiona nieprawidłowo
13:16:51.497 INFO  [main] SudokuBoard - Bład w kwadracie 0
sudoku.model.SudokuBoard@6c4c32ff[
  size=9
  solver=sudoku.model.BacktrackingSudokuSolver@5a1a5521
  board={{1,4,9,2,3,5,6,7,8},{2,3,5,7,6,8,4,9,1},{6,7,8,9,4,1,3,2,5},{3,6,4,8,2,9,1,5,7},{7,1,2,3,5,6,8,4,9},{9,0,0,0,0,0,0,0,0},{0,0,0,0,0,0,0,0,0},{0,0,0,0,0,0,0,0,0},{0,0,0,0,0,0,0,0,0}}
]
13:16:51.497 INFO  [main] SudokuBoard - Wartość 0 wstawiona nieprawidłowo
13:16:51.497 INFO  [main] SudokuBoard - Bład w kwadracie 0
sudoku.model.SudokuBoard@6c4c32ff[
  size=9
  solver=sudoku.model.BacktrackingSudokuSolver@5a1a5521
  board={{1,4,9,2,3,5,6,7,8},{2,3,5,7,6,8,4,9,1},{6,7,8,9,4,1,3,2,5},{3,6,4,8,2,9,1,5,7},{7,1,2,3,5,6,8,4,9},{0,0,0,0,0,0,0,0,0},{0,0,0,0,0,0,0,0,0},{0,0,0,0,0,0,0,0,0},{0,0,0,0,0,0,0,0,0}}
]
13:16:51.497 INFO  [main] SudokuBoard - Wartość 0 wstawiona nieprawidłowo
13:16:51.497 INFO  [main] SudokuBoard - Bład w kwadracie 0
sudoku.model.SudokuBoard@6c4c32ff[
  size=9
  solver=sudoku.model.BacktrackingSudokuSolver@5a1a5521
  board={{1,4,9,2,3,5,6,7,8},{2,3,5,7,6,8,4,9,1},{6,7,8,9,4,1,3,2,5},{3,6,4,8,2,9,1,5,7},{7,1,2,3,5,6,8,4,0},{0,0,0,0,0,0,0,0,0},{0,0,0,0,0,0,0,0,0},{0,0,0,0,0,0,0,0,0},{0,0,0,0,0,0,0,0,0}}
]
13:16:51.497 INFO  [main] SudokuBoard - Wartość 0 wstawiona nieprawidłowo
13:16:51.497 INFO  [main] SudokuBoard - Bład w kwadracie 0
sudoku.model.SudokuBoard@6c4c32ff[
  size=9
  solver=sudoku.model.BacktrackingSudokuSolver@5a1a5521
  board={{1,4,9,2,3,5,6,7,8},{2,3,5,7,6,8,4,9,1},{6,7,8,9,4,1,3,2,5},{3,6,4,8,2,9,1,5,7},{7,1,2,3,5,6,8,0,0},{0,0,0,0,0,0,0,0,0},{0,0,0,0,0,0,0,0,0},{0,0,0,0,0,0,0,0,0},{0,0,0,0,0,0,0,0,0}}
]
13:16:51.497 INFO  [main] SudokuBoard - Wartość 0 wstawiona nieprawidłowo
13:16:51.498 INFO  [main] SudokuBoard - Bład w kwadracie 0
sudoku.model.SudokuBoard@6c4c32ff[
  size=9
  solver=sudoku.model.BacktrackingSudokuSolver@5a1a5521
  board={{1,4,9,2,3,5,6,7,8},{2,3,5,7,6,8,4,9,1},{6,7,8,9,4,1,3,2,5},{3,6,4,8,2,9,1,5,7},{7,1,2,3,5,6,0,0,0},{0,0,0,0,0,0,0,0,0},{0,0,0,0,0,0,0,0,0},{0,0,0,0,0,0,0,0,0},{0,0,0,0,0,0,0,0,0}}
]
13:16:51.498 INFO  [main] SudokuBoard - Wartość 0 wstawiona nieprawidłowo
13:16:51.498 INFO  [main] SudokuBoard - Bład w kwadracie 0
sudoku.model.SudokuBoard@6c4c32ff[
  size=9
  solver=sudoku.model.BacktrackingSudokuSolver@5a1a5521
  board={{1,4,9,2,3,5,6,7,8},{2,3,5,7,6,8,4,9,1},{6,7,8,9,4,1,3,2,5},{3,6,4,8,2,9,1,5,7},{7,1,2,3,5,0,0,0,0},{0,0,0,0,0,0,0,0,0},{0,0,0,0,0,0,0,0,0},{0,0,0,0,0,0,0,0,0},{0,0,0,0,0,0,0,0,0}}
]
13:16:51.498 INFO  [main] SudokuBoard - Wartość 0 wstawiona nieprawidłowo
13:16:51.499 INFO  [main] SudokuBoard - Bład w kwadracie 0
sudoku.model.SudokuBoard@6c4c32ff[
  size=9
  solver=sudoku.model.BacktrackingSudokuSolver@5a1a5521
  board={{1,4,9,2,3,5,6,7,8},{2,3,5,7,6,8,4,9,1},{6,7,8,9,4,1,3,2,5},{3,6,4,8,2,9,1,5,7},{7,1,2,3,0,0,0,0,0},{0,0,0,0,0,0,0,0,0},{0,0,0,0,0,0,0,0,0},{0,0,0,0,0,0,0,0,0},{0,0,0,0,0,0,0,0,0}}
]
13:16:51.499 INFO  [main] SudokuBoard - Wartość 0 wstawiona nieprawidłowo
13:16:51.499 INFO  [main] SudokuBoard - Bład w kwadracie 0
sudoku.model.SudokuBoard@6c4c32ff[
  size=9
  solver=sudoku.model.BacktrackingSudokuSolver@5a1a5521
  board={{1,4,9,2,3,5,6,7,8},{2,3,5,7,6,8,4,9,1},{6,7,8,9,4,1,3,2,5},{3,6,4,8,2,9,1,5,7},{7,1,2,0,0,0,0,0,0},{0,0,0,0,0,0,0,0,0},{0,0,0,0,0,0,0,0,0},{0,0,0,0,0,0,0,0,0},{0,0,0,0,0,0,0,0,0}}
]
13:16:51.499 INFO  [main] SudokuBoard - Wartość 0 wstawiona nieprawidłowo
13:16:51.499 INFO  [main] SudokuBoard - Bład w kwadracie 0
sudoku.model.SudokuBoard@6c4c32ff[
  size=9
  solver=sudoku.model.BacktrackingSudokuSolver@5a1a5521
  board={{1,4,9,2,3,5,6,7,8},{2,3,5,7,6,8,4,9,1},{6,7,8,9,4,1,3,2,5},{3,6,4,8,2,9,1,5,7},{7,1,2,4,5,3,9,0,0},{0,0,0,0,0,0,0,0,0},{0,0,0,0,0,0,0,0,0},{0,0,0,0,0,0,0,0,0},{0,0,0,0,0,0,0,0,0}}
]
13:16:51.499 INFO  [main] SudokuBoard - Wartość 0 wstawiona nieprawidłowo
13:16:51.499 INFO  [main] SudokuBoard - Bład w kwadracie 0
sudoku.model.SudokuBoard@6c4c32ff[
  size=9
  solver=sudoku.model.BacktrackingSudokuSolver@5a1a5521
  board={{1,4,9,2,3,5,6,7,8},{2,3,5,7,6,8,4,9,1},{6,7,8,9,4,1,3,2,5},{3,6,4,8,2,9,1,5,7},{7,1,2,4,5,3,9,8,6},{8,0,0,0,0,0,0,0,0},{0,0,0,0,0,0,0,0,0},{0,0,0,0,0,0,0,0,0},{0,0,0,0,0,0,0,0,0}}
]
13:16:51.499 INFO  [main] SudokuBoard - Wartość 0 wstawiona nieprawidłowo
13:16:51.507 INFO  [main] SudokuBoard - Bład w kwadracie 0
sudoku.model.SudokuBoard@6c4c32ff[
  size=9
  solver=sudoku.model.BacktrackingSudokuSolver@5a1a5521
  board={{1,4,9,2,3,5,6,7,8},{2,3,5,7,6,8,4,9,1},{6,7,8,9,4,1,3,2,5},{3,6,4,8,2,9,1,5,7},{7,1,2,4,5,3,9,8,6},{8,0,0,0,0,0,0,0,0},{0,0,0,0,0,0,0,0,0},{0,0,0,0,0,0,0,0,0},{0,0,0,0,0,0,0,0,0}}
]
13:16:51.507 INFO  [main] SudokuBoard - Wartość 0 wstawiona nieprawidłowo
13:16:51.507 INFO  [main] SudokuBoard - Bład w kwadracie 0
sudoku.model.SudokuBoard@6c4c32ff[
  size=9
  solver=sudoku.model.BacktrackingSudokuSolver@5a1a5521
  board={{1,4,9,2,3,5,6,7,8},{2,3,5,7,6,8,4,9,1},{6,7,8,9,4,1,3,2,5},{3,6,4,8,2,9,1,5,7},{7,1,2,4,5,3,9,8,6},{0,0,0,0,0,0,0,0,0},{0,0,0,0,0,0,0,0,0},{0,0,0,0,0,0,0,0,0},{0,0,0,0,0,0,0,0,0}}
]
13:16:51.507 INFO  [main] SudokuBoard - Wartość 0 wstawiona nieprawidłowo
13:16:51.508 INFO  [main] SudokuBoard - Bład w kwadracie 0
sudoku.model.SudokuBoard@6c4c32ff[
  size=9
  solver=sudoku.model.BacktrackingSudokuSolver@5a1a5521
  board={{1,4,9,2,3,5,6,7,8},{2,3,5,7,6,8,4,9,1},{6,7,8,9,4,1,3,2,5},{3,6,4,8,2,9,1,5,7},{7,1,2,4,5,3,9,8,6},{9,0,0,0,0,0,0,0,0},{0,0,0,0,0,0,0,0,0},{0,0,0,0,0,0,0,0,0},{0,0,0,0,0,0,0,0,0}}
]
13:16:51.508 INFO  [main] SudokuBoard - Wartość 0 wstawiona nieprawidłowo
13:16:51.508 INFO  [main] SudokuBoard - Bład w kwadracie 0
sudoku.model.SudokuBoard@6c4c32ff[
  size=9
  solver=sudoku.model.BacktrackingSudokuSolver@5a1a5521
  board={{1,4,9,2,3,5,6,7,8},{2,3,5,7,6,8,4,9,1},{6,7,8,9,4,1,3,2,5},{3,6,4,8,2,9,1,5,7},{7,1,2,4,5,3,9,8,6},{9,0,0,0,0,0,0,0,0},{0,0,0,0,0,0,0,0,0},{0,0,0,0,0,0,0,0,0},{0,0,0,0,0,0,0,0,0}}
]
13:16:51.508 INFO  [main] SudokuBoard - Wartość 0 wstawiona nieprawidłowo
13:16:51.508 INFO  [main] SudokuBoard - Bład w kwadracie 0
sudoku.model.SudokuBoard@6c4c32ff[
  size=9
  solver=sudoku.model.BacktrackingSudokuSolver@5a1a5521
  board={{1,4,9,2,3,5,6,7,8},{2,3,5,7,6,8,4,9,1},{6,7,8,9,4,1,3,2,5},{3,6,4,8,2,9,1,5,7},{7,1,2,4,5,3,9,8,6},{0,0,0,0,0,0,0,0,0},{0,0,0,0,0,0,0,0,0},{0,0,0,0,0,0,0,0,0},{0,0,0,0,0,0,0,0,0}}
]
13:16:51.508 INFO  [main] SudokuBoard - Wartość 0 wstawiona nieprawidłowo
13:16:51.508 INFO  [main] SudokuBoard - Bład w kwadracie 0
sudoku.model.SudokuBoard@6c4c32ff[
  size=9
  solver=sudoku.model.BacktrackingSudokuSolver@5a1a5521
  board={{1,4,9,2,3,5,6,7,8},{2,3,5,7,6,8,4,9,1},{6,7,8,9,4,1,3,2,5},{3,6,4,8,2,9,1,5,7},{7,1,2,4,5,3,9,8,6},{5,0,0,0,0,0,0,0,0},{0,0,0,0,0,0,0,0,0},{0,0,0,0,0,0,0,0,0},{0,0,0,0,0,0,0,0,0}}
]
13:16:51.509 INFO  [main] SudokuBoard - Wartość 0 wstawiona nieprawidłowo
13:16:51.509 INFO  [main] SudokuBoard - Bład w kwadracie 0
sudoku.model.SudokuBoard@6c4c32ff[
  size=9
  solver=sudoku.model.BacktrackingSudokuSolver@5a1a5521
  board={{1,4,9,2,3,5,6,7,8},{2,3,5,7,6,8,4,9,1},{6,7,8,9,4,1,3,2,5},{3,6,4,8,2,9,1,5,7},{7,1,2,4,5,3,9,8,6},{5,0,0,0,0,0,0,0,0},{0,0,0,0,0,0,0,0,0},{0,0,0,0,0,0,0,0,0},{0,0,0,0,0,0,0,0,0}}
]
13:16:51.509 INFO  [main] SudokuBoard - Wartość 0 wstawiona nieprawidłowo
13:16:51.509 INFO  [main] SudokuBoard - Bład w kwadracie 0
sudoku.model.SudokuBoard@6c4c32ff[
  size=9
  solver=sudoku.model.BacktrackingSudokuSolver@5a1a5521
  board={{1,4,9,2,3,5,6,7,8},{2,3,5,7,6,8,4,9,1},{6,7,8,9,4,1,3,2,5},{3,6,4,8,2,9,1,5,7},{7,1,2,4,5,3,9,8,6},{0,0,0,0,0,0,0,0,0},{0,0,0,0,0,0,0,0,0},{0,0,0,0,0,0,0,0,0},{0,0,0,0,0,0,0,0,0}}
]
13:16:51.509 INFO  [main] SudokuBoard - Wartość 0 wstawiona nieprawidłowo
13:16:51.509 INFO  [main] SudokuBoard - Bład w kwadracie 0
sudoku.model.SudokuBoard@6c4c32ff[
  size=9
  solver=sudoku.model.BacktrackingSudokuSolver@5a1a5521
  board={{1,4,9,2,3,5,6,7,8},{2,3,5,7,6,8,4,9,1},{6,7,8,9,4,1,3,2,5},{3,6,4,8,2,9,1,5,7},{7,1,2,4,5,3,9,8,0},{0,0,0,0,0,0,0,0,0},{0,0,0,0,0,0,0,0,0},{0,0,0,0,0,0,0,0,0},{0,0,0,0,0,0,0,0,0}}
]
13:16:51.509 INFO  [main] SudokuBoard - Wartość 0 wstawiona nieprawidłowo
13:16:51.509 INFO  [main] SudokuBoard - Bład w kwadracie 0
sudoku.model.SudokuBoard@6c4c32ff[
  size=9
  solver=sudoku.model.BacktrackingSudokuSolver@5a1a5521
  board={{1,4,9,2,3,5,6,7,8},{2,3,5,7,6,8,4,9,1},{6,7,8,9,4,1,3,2,5},{3,6,4,8,2,9,1,5,7},{7,1,2,4,5,3,9,0,0},{0,0,0,0,0,0,0,0,0},{0,0,0,0,0,0,0,0,0},{0,0,0,0,0,0,0,0,0},{0,0,0,0,0,0,0,0,0}}
]
13:16:51.509 INFO  [main] SudokuBoard - Wartość 0 wstawiona nieprawidłowo
13:16:51.510 INFO  [main] SudokuBoard - Bład w kwadracie 0
sudoku.model.SudokuBoard@6c4c32ff[
  size=9
  solver=sudoku.model.BacktrackingSudokuSolver@5a1a5521
  board={{1,4,9,2,3,5,6,7,8},{2,3,5,7,6,8,4,9,1},{6,7,8,9,4,1,3,2,5},{3,6,4,8,2,9,1,5,7},{7,1,2,4,5,3,0,0,0},{0,0,0,0,0,0,0,0,0},{0,0,0,0,0,0,0,0,0},{0,0,0,0,0,0,0,0,0},{0,0,0,0,0,0,0,0,0}}
]
13:16:51.510 INFO  [main] SudokuBoard - Wartość 0 wstawiona nieprawidłowo
13:16:51.511 INFO  [main] SudokuBoard - Bład w kwadracie 0
sudoku.model.SudokuBoard@6c4c32ff[
  size=9
  solver=sudoku.model.BacktrackingSudokuSolver@5a1a5521
  board={{1,4,9,2,3,5,6,7,8},{2,3,5,7,6,8,4,9,1},{6,7,8,9,4,1,3,2,5},{3,6,4,8,2,9,1,5,7},{7,1,2,4,5,3,8,6,9},{5,0,0,0,0,0,0,0,0},{0,0,0,0,0,0,0,0,0},{0,0,0,0,0,0,0,0,0},{0,0,0,0,0,0,0,0,0}}
]
13:16:51.511 INFO  [main] SudokuBoard - Wartość 0 wstawiona nieprawidłowo
13:16:51.511 INFO  [main] SudokuBoard - Bład w kwadracie 0
sudoku.model.SudokuBoard@6c4c32ff[
  size=9
  solver=sudoku.model.BacktrackingSudokuSolver@5a1a5521
  board={{1,4,9,2,3,5,6,7,8},{2,3,5,7,6,8,4,9,1},{6,7,8,9,4,1,3,2,5},{3,6,4,8,2,9,1,5,7},{7,1,2,4,5,3,8,6,9},{5,0,0,0,0,0,0,0,0},{0,0,0,0,0,0,0,0,0},{0,0,0,0,0,0,0,0,0},{0,0,0,0,0,0,0,0,0}}
]
13:16:51.511 INFO  [main] SudokuBoard - Wartość 0 wstawiona nieprawidłowo
13:16:51.512 INFO  [main] SudokuBoard - Bład w kwadracie 0
sudoku.model.SudokuBoard@6c4c32ff[
  size=9
  solver=sudoku.model.BacktrackingSudokuSolver@5a1a5521
  board={{1,4,9,2,3,5,6,7,8},{2,3,5,7,6,8,4,9,1},{6,7,8,9,4,1,3,2,5},{3,6,4,8,2,9,1,5,7},{7,1,2,4,5,3,8,6,9},{0,0,0,0,0,0,0,0,0},{0,0,0,0,0,0,0,0,0},{0,0,0,0,0,0,0,0,0},{0,0,0,0,0,0,0,0,0}}
]
13:16:51.512 INFO  [main] SudokuBoard - Wartość 0 wstawiona nieprawidłowo
13:16:51.513 INFO  [main] SudokuBoard - Bład w kwadracie 0
sudoku.model.SudokuBoard@6c4c32ff[
  size=9
  solver=sudoku.model.BacktrackingSudokuSolver@5a1a5521
  board={{1,4,9,2,3,5,6,7,8},{2,3,5,7,6,8,4,9,1},{6,7,8,9,4,1,3,2,5},{3,6,4,8,2,9,1,5,7},{7,1,2,4,5,3,8,6,9},{8,0,0,0,0,0,0,0,0},{0,0,0,0,0,0,0,0,0},{0,0,0,0,0,0,0,0,0},{0,0,0,0,0,0,0,0,0}}
]
13:16:51.513 INFO  [main] SudokuBoard - Wartość 0 wstawiona nieprawidłowo
13:16:51.513 INFO  [main] SudokuBoard - Bład w kwadracie 0
sudoku.model.SudokuBoard@6c4c32ff[
  size=9
  solver=sudoku.model.BacktrackingSudokuSolver@5a1a5521
  board={{1,4,9,2,3,5,6,7,8},{2,3,5,7,6,8,4,9,1},{6,7,8,9,4,1,3,2,5},{3,6,4,8,2,9,1,5,7},{7,1,2,4,5,3,8,6,9},{8,0,0,0,0,0,0,0,0},{0,0,0,0,0,0,0,0,0},{0,0,0,0,0,0,0,0,0},{0,0,0,0,0,0,0,0,0}}
]
13:16:51.513 INFO  [main] SudokuBoard - Wartość 0 wstawiona nieprawidłowo
13:16:51.513 INFO  [main] SudokuBoard - Bład w kwadracie 0
sudoku.model.SudokuBoard@6c4c32ff[
  size=9
  solver=sudoku.model.BacktrackingSudokuSolver@5a1a5521
  board={{1,4,9,2,3,5,6,7,8},{2,3,5,7,6,8,4,9,1},{6,7,8,9,4,1,3,2,5},{3,6,4,8,2,9,1,5,7},{7,1,2,4,5,3,8,6,9},{0,0,0,0,0,0,0,0,0},{0,0,0,0,0,0,0,0,0},{0,0,0,0,0,0,0,0,0},{0,0,0,0,0,0,0,0,0}}
]
13:16:51.514 INFO  [main] SudokuBoard - Wartość 0 wstawiona nieprawidłowo
13:16:51.514 INFO  [main] SudokuBoard - Bład w kwadracie 0
sudoku.model.SudokuBoard@6c4c32ff[
  size=9
  solver=sudoku.model.BacktrackingSudokuSolver@5a1a5521
  board={{1,4,9,2,3,5,6,7,8},{2,3,5,7,6,8,4,9,1},{6,7,8,9,4,1,3,2,5},{3,6,4,8,2,9,1,5,7},{7,1,2,4,5,3,8,6,9},{9,0,0,0,0,0,0,0,0},{0,0,0,0,0,0,0,0,0},{0,0,0,0,0,0,0,0,0},{0,0,0,0,0,0,0,0,0}}
]
13:16:51.514 INFO  [main] SudokuBoard - Wartość 0 wstawiona nieprawidłowo
13:16:51.514 INFO  [main] SudokuBoard - Bład w kwadracie 0
sudoku.model.SudokuBoard@6c4c32ff[
  size=9
  solver=sudoku.model.BacktrackingSudokuSolver@5a1a5521
  board={{1,4,9,2,3,5,6,7,8},{2,3,5,7,6,8,4,9,1},{6,7,8,9,4,1,3,2,5},{3,6,4,8,2,9,1,5,7},{7,1,2,4,5,3,8,6,9},{9,0,0,0,0,0,0,0,0},{0,0,0,0,0,0,0,0,0},{0,0,0,0,0,0,0,0,0},{0,0,0,0,0,0,0,0,0}}
]
13:16:51.514 INFO  [main] SudokuBoard - Wartość 0 wstawiona nieprawidłowo
13:16:51.515 INFO  [main] SudokuBoard - Bład w kwadracie 0
sudoku.model.SudokuBoard@6c4c32ff[
  size=9
  solver=sudoku.model.BacktrackingSudokuSolver@5a1a5521
  board={{1,4,9,2,3,5,6,7,8},{2,3,5,7,6,8,4,9,1},{6,7,8,9,4,1,3,2,5},{3,6,4,8,2,9,1,5,7},{7,1,2,4,5,3,8,6,9},{0,0,0,0,0,0,0,0,0},{0,0,0,0,0,0,0,0,0},{0,0,0,0,0,0,0,0,0},{0,0,0,0,0,0,0,0,0}}
]
13:16:51.516 INFO  [main] SudokuBoard - Wartość 0 wstawiona nieprawidłowo
13:16:51.516 INFO  [main] SudokuBoard - Bład w kwadracie 0
sudoku.model.SudokuBoard@6c4c32ff[
  size=9
  solver=sudoku.model.BacktrackingSudokuSolver@5a1a5521
  board={{1,4,9,2,3,5,6,7,8},{2,3,5,7,6,8,4,9,1},{6,7,8,9,4,1,3,2,5},{3,6,4,8,2,9,1,5,7},{7,1,2,4,5,3,8,6,0},{0,0,0,0,0,0,0,0,0},{0,0,0,0,0,0,0,0,0},{0,0,0,0,0,0,0,0,0},{0,0,0,0,0,0,0,0,0}}
]
13:16:51.517 INFO  [main] SudokuBoard - Wartość 0 wstawiona nieprawidłowo
13:16:51.517 INFO  [main] SudokuBoard - Bład w kwadracie 0
sudoku.model.SudokuBoard@6c4c32ff[
  size=9
  solver=sudoku.model.BacktrackingSudokuSolver@5a1a5521
  board={{1,4,9,2,3,5,6,7,8},{2,3,5,7,6,8,4,9,1},{6,7,8,9,4,1,3,2,5},{3,6,4,8,2,9,1,5,7},{7,1,2,4,5,3,8,0,0},{0,0,0,0,0,0,0,0,0},{0,0,0,0,0,0,0,0,0},{0,0,0,0,0,0,0,0,0},{0,0,0,0,0,0,0,0,0}}
]
13:16:51.517 INFO  [main] SudokuBoard - Wartość 0 wstawiona nieprawidłowo
13:16:51.517 INFO  [main] SudokuBoard - Bład w kwadracie 0
sudoku.model.SudokuBoard@6c4c32ff[
  size=9
  solver=sudoku.model.BacktrackingSudokuSolver@5a1a5521
  board={{1,4,9,2,3,5,6,7,8},{2,3,5,7,6,8,4,9,1},{6,7,8,9,4,1,3,2,5},{3,6,4,8,2,9,1,5,7},{7,1,2,4,5,3,0,0,0},{0,0,0,0,0,0,0,0,0},{0,0,0,0,0,0,0,0,0},{0,0,0,0,0,0,0,0,0},{0,0,0,0,0,0,0,0,0}}
]
13:16:51.517 INFO  [main] SudokuBoard - Wartość 0 wstawiona nieprawidłowo
13:16:51.517 INFO  [main] SudokuBoard - Bład w kwadracie 0
sudoku.model.SudokuBoard@6c4c32ff[
  size=9
  solver=sudoku.model.BacktrackingSudokuSolver@5a1a5521
  board={{1,4,9,2,3,5,6,7,8},{2,3,5,7,6,8,4,9,1},{6,7,8,9,4,1,3,2,5},{3,6,4,8,2,9,1,5,7},{7,1,2,4,5,0,0,0,0},{0,0,0,0,0,0,0,0,0},{0,0,0,0,0,0,0,0,0},{0,0,0,0,0,0,0,0,0},{0,0,0,0,0,0,0,0,0}}
]
13:16:51.517 INFO  [main] SudokuBoard - Wartość 0 wstawiona nieprawidłowo
13:16:51.518 INFO  [main] SudokuBoard - Bład w kwadracie 0
sudoku.model.SudokuBoard@6c4c32ff[
  size=9
  solver=sudoku.model.BacktrackingSudokuSolver@5a1a5521
  board={{1,4,9,2,3,5,6,7,8},{2,3,5,7,6,8,4,9,1},{6,7,8,9,4,1,3,2,5},{3,6,4,8,2,9,1,5,7},{7,1,2,4,5,6,8,3,9},{5,0,0,0,0,0,0,0,0},{0,0,0,0,0,0,0,0,0},{0,0,0,0,0,0,0,0,0},{0,0,0,0,0,0,0,0,0}}
]
13:16:51.518 INFO  [main] SudokuBoard - Wartość 0 wstawiona nieprawidłowo
13:16:51.518 INFO  [main] SudokuBoard - Bład w kwadracie 0
sudoku.model.SudokuBoard@6c4c32ff[
  size=9
  solver=sudoku.model.BacktrackingSudokuSolver@5a1a5521
  board={{1,4,9,2,3,5,6,7,8},{2,3,5,7,6,8,4,9,1},{6,7,8,9,4,1,3,2,5},{3,6,4,8,2,9,1,5,7},{7,1,2,4,5,6,8,3,9},{5,0,0,0,0,0,0,0,0},{0,0,0,0,0,0,0,0,0},{0,0,0,0,0,0,0,0,0},{0,0,0,0,0,0,0,0,0}}
]
13:16:51.518 INFO  [main] SudokuBoard - Wartość 0 wstawiona nieprawidłowo
13:16:51.518 INFO  [main] SudokuBoard - Bład w kwadracie 0
sudoku.model.SudokuBoard@6c4c32ff[
  size=9
  solver=sudoku.model.BacktrackingSudokuSolver@5a1a5521
  board={{1,4,9,2,3,5,6,7,8},{2,3,5,7,6,8,4,9,1},{6,7,8,9,4,1,3,2,5},{3,6,4,8,2,9,1,5,7},{7,1,2,4,5,6,8,3,9},{0,0,0,0,0,0,0,0,0},{0,0,0,0,0,0,0,0,0},{0,0,0,0,0,0,0,0,0},{0,0,0,0,0,0,0,0,0}}
]
13:16:51.518 INFO  [main] SudokuBoard - Wartość 0 wstawiona nieprawidłowo
13:16:51.519 INFO  [main] SudokuBoard - Bład w kwadracie 0
sudoku.model.SudokuBoard@6c4c32ff[
  size=9
  solver=sudoku.model.BacktrackingSudokuSolver@5a1a5521
  board={{1,4,9,2,3,5,6,7,8},{2,3,5,7,6,8,4,9,1},{6,7,8,9,4,1,3,2,5},{3,6,4,8,2,9,1,5,7},{7,1,2,4,5,6,8,3,9},{8,0,0,0,0,0,0,0,0},{0,0,0,0,0,0,0,0,0},{0,0,0,0,0,0,0,0,0},{0,0,0,0,0,0,0,0,0}}
]
13:16:51.519 INFO  [main] SudokuBoard - Wartość 0 wstawiona nieprawidłowo
13:16:51.519 INFO  [main] SudokuBoard - Bład w kwadracie 0
sudoku.model.SudokuBoard@6c4c32ff[
  size=9
  solver=sudoku.model.BacktrackingSudokuSolver@5a1a5521
  board={{1,4,9,2,3,5,6,7,8},{2,3,5,7,6,8,4,9,1},{6,7,8,9,4,1,3,2,5},{3,6,4,8,2,9,1,5,7},{7,1,2,4,5,6,8,3,9},{8,0,0,0,0,0,0,0,0},{0,0,0,0,0,0,0,0,0},{0,0,0,0,0,0,0,0,0},{0,0,0,0,0,0,0,0,0}}
]
13:16:51.519 INFO  [main] SudokuBoard - Wartość 0 wstawiona nieprawidłowo
13:16:51.519 INFO  [main] SudokuBoard - Bład w kwadracie 0
sudoku.model.SudokuBoard@6c4c32ff[
  size=9
  solver=sudoku.model.BacktrackingSudokuSolver@5a1a5521
  board={{1,4,9,2,3,5,6,7,8},{2,3,5,7,6,8,4,9,1},{6,7,8,9,4,1,3,2,5},{3,6,4,8,2,9,1,5,7},{7,1,2,4,5,6,8,3,9},{0,0,0,0,0,0,0,0,0},{0,0,0,0,0,0,0,0,0},{0,0,0,0,0,0,0,0,0},{0,0,0,0,0,0,0,0,0}}
]
13:16:51.519 INFO  [main] SudokuBoard - Wartość 0 wstawiona nieprawidłowo
13:16:51.520 INFO  [main] SudokuBoard - Bład w kwadracie 0
sudoku.model.SudokuBoard@6c4c32ff[
  size=9
  solver=sudoku.model.BacktrackingSudokuSolver@5a1a5521
  board={{1,4,9,2,3,5,6,7,8},{2,3,5,7,6,8,4,9,1},{6,7,8,9,4,1,3,2,5},{3,6,4,8,2,9,1,5,7},{7,1,2,4,5,6,8,3,9},{9,0,0,0,0,0,0,0,0},{0,0,0,0,0,0,0,0,0},{0,0,0,0,0,0,0,0,0},{0,0,0,0,0,0,0,0,0}}
]
13:16:51.520 INFO  [main] SudokuBoard - Wartość 0 wstawiona nieprawidłowo
13:16:51.520 INFO  [main] SudokuBoard - Bład w kwadracie 0
sudoku.model.SudokuBoard@6c4c32ff[
  size=9
  solver=sudoku.model.BacktrackingSudokuSolver@5a1a5521
  board={{1,4,9,2,3,5,6,7,8},{2,3,5,7,6,8,4,9,1},{6,7,8,9,4,1,3,2,5},{3,6,4,8,2,9,1,5,7},{7,1,2,4,5,6,8,3,9},{9,0,0,0,0,0,0,0,0},{0,0,0,0,0,0,0,0,0},{0,0,0,0,0,0,0,0,0},{0,0,0,0,0,0,0,0,0}}
]
13:16:51.520 INFO  [main] SudokuBoard - Wartość 0 wstawiona nieprawidłowo
13:16:51.521 INFO  [main] SudokuBoard - Bład w kwadracie 0
sudoku.model.SudokuBoard@6c4c32ff[
  size=9
  solver=sudoku.model.BacktrackingSudokuSolver@5a1a5521
  board={{1,4,9,2,3,5,6,7,8},{2,3,5,7,6,8,4,9,1},{6,7,8,9,4,1,3,2,5},{3,6,4,8,2,9,1,5,7},{7,1,2,4,5,6,8,3,9},{0,0,0,0,0,0,0,0,0},{0,0,0,0,0,0,0,0,0},{0,0,0,0,0,0,0,0,0},{0,0,0,0,0,0,0,0,0}}
]
13:16:51.521 INFO  [main] SudokuBoard - Wartość 0 wstawiona nieprawidłowo
13:16:51.521 INFO  [main] SudokuBoard - Bład w kwadracie 0
sudoku.model.SudokuBoard@6c4c32ff[
  size=9
  solver=sudoku.model.BacktrackingSudokuSolver@5a1a5521
  board={{1,4,9,2,3,5,6,7,8},{2,3,5,7,6,8,4,9,1},{6,7,8,9,4,1,3,2,5},{3,6,4,8,2,9,1,5,7},{7,1,2,4,5,6,8,3,0},{0,0,0,0,0,0,0,0,0},{0,0,0,0,0,0,0,0,0},{0,0,0,0,0,0,0,0,0},{0,0,0,0,0,0,0,0,0}}
]
13:16:51.521 INFO  [main] SudokuBoard - Wartość 0 wstawiona nieprawidłowo
13:16:51.522 INFO  [main] SudokuBoard - Bład w kwadracie 0
sudoku.model.SudokuBoard@6c4c32ff[
  size=9
  solver=sudoku.model.BacktrackingSudokuSolver@5a1a5521
  board={{1,4,9,2,3,5,6,7,8},{2,3,5,7,6,8,4,9,1},{6,7,8,9,4,1,3,2,5},{3,6,4,8,2,9,1,5,7},{7,1,2,4,5,6,8,0,0},{0,0,0,0,0,0,0,0,0},{0,0,0,0,0,0,0,0,0},{0,0,0,0,0,0,0,0,0},{0,0,0,0,0,0,0,0,0}}
]
13:16:51.522 INFO  [main] SudokuBoard - Wartość 0 wstawiona nieprawidłowo
13:16:51.522 INFO  [main] SudokuBoard - Bład w kwadracie 0
sudoku.model.SudokuBoard@6c4c32ff[
  size=9
  solver=sudoku.model.BacktrackingSudokuSolver@5a1a5521
  board={{1,4,9,2,3,5,6,7,8},{2,3,5,7,6,8,4,9,1},{6,7,8,9,4,1,3,2,5},{3,6,4,8,2,9,1,5,7},{7,1,2,4,5,6,0,0,0},{0,0,0,0,0,0,0,0,0},{0,0,0,0,0,0,0,0,0},{0,0,0,0,0,0,0,0,0},{0,0,0,0,0,0,0,0,0}}
]
13:16:51.522 INFO  [main] SudokuBoard - Wartość 0 wstawiona nieprawidłowo
13:16:51.529 INFO  [main] SudokuBoard - Bład w kwadracie 0
sudoku.model.SudokuBoard@6c4c32ff[
  size=9
  solver=sudoku.model.BacktrackingSudokuSolver@5a1a5521
  board={{1,4,9,2,3,5,6,7,8},{2,3,5,7,6,8,4,9,1},{6,7,8,9,4,1,3,2,5},{3,6,4,8,2,9,1,5,7},{7,1,2,4,5,6,9,8,3},{5,0,0,0,0,0,0,0,0},{0,0,0,0,0,0,0,0,0},{0,0,0,0,0,0,0,0,0},{0,0,0,0,0,0,0,0,0}}
]
13:16:51.529 INFO  [main] SudokuBoard - Wartość 0 wstawiona nieprawidłowo
13:16:51.529 INFO  [main] SudokuBoard - Bład w kwadracie 0
sudoku.model.SudokuBoard@6c4c32ff[
  size=9
  solver=sudoku.model.BacktrackingSudokuSolver@5a1a5521
  board={{1,4,9,2,3,5,6,7,8},{2,3,5,7,6,8,4,9,1},{6,7,8,9,4,1,3,2,5},{3,6,4,8,2,9,1,5,7},{7,1,2,4,5,6,9,8,3},{5,0,0,0,0,0,0,0,0},{0,0,0,0,0,0,0,0,0},{0,0,0,0,0,0,0,0,0},{0,0,0,0,0,0,0,0,0}}
]
13:16:51.529 INFO  [main] SudokuBoard - Wartość 0 wstawiona nieprawidłowo
13:16:51.529 INFO  [main] SudokuBoard - Bład w kwadracie 0
sudoku.model.SudokuBoard@6c4c32ff[
  size=9
  solver=sudoku.model.BacktrackingSudokuSolver@5a1a5521
  board={{1,4,9,2,3,5,6,7,8},{2,3,5,7,6,8,4,9,1},{6,7,8,9,4,1,3,2,5},{3,6,4,8,2,9,1,5,7},{7,1,2,4,5,6,9,8,3},{0,0,0,0,0,0,0,0,0},{0,0,0,0,0,0,0,0,0},{0,0,0,0,0,0,0,0,0},{0,0,0,0,0,0,0,0,0}}
]
13:16:51.529 INFO  [main] SudokuBoard - Wartość 0 wstawiona nieprawidłowo
13:16:51.530 INFO  [main] SudokuBoard - Bład w kwadracie 0
sudoku.model.SudokuBoard@6c4c32ff[
  size=9
  solver=sudoku.model.BacktrackingSudokuSolver@5a1a5521
  board={{1,4,9,2,3,5,6,7,8},{2,3,5,7,6,8,4,9,1},{6,7,8,9,4,1,3,2,5},{3,6,4,8,2,9,1,5,7},{7,1,2,4,5,6,9,8,3},{8,0,0,0,0,0,0,0,0},{0,0,0,0,0,0,0,0,0},{0,0,0,0,0,0,0,0,0},{0,0,0,0,0,0,0,0,0}}
]
13:16:51.530 INFO  [main] SudokuBoard - Wartość 0 wstawiona nieprawidłowo
13:16:51.530 INFO  [main] SudokuBoard - Bład w kwadracie 0
sudoku.model.SudokuBoard@6c4c32ff[
  size=9
  solver=sudoku.model.BacktrackingSudokuSolver@5a1a5521
  board={{1,4,9,2,3,5,6,7,8},{2,3,5,7,6,8,4,9,1},{6,7,8,9,4,1,3,2,5},{3,6,4,8,2,9,1,5,7},{7,1,2,4,5,6,9,8,3},{8,0,0,0,0,0,0,0,0},{0,0,0,0,0,0,0,0,0},{0,0,0,0,0,0,0,0,0},{0,0,0,0,0,0,0,0,0}}
]
13:16:51.530 INFO  [main] SudokuBoard - Wartość 0 wstawiona nieprawidłowo
13:16:51.530 INFO  [main] SudokuBoard - Bład w kwadracie 0
sudoku.model.SudokuBoard@6c4c32ff[
  size=9
  solver=sudoku.model.BacktrackingSudokuSolver@5a1a5521
  board={{1,4,9,2,3,5,6,7,8},{2,3,5,7,6,8,4,9,1},{6,7,8,9,4,1,3,2,5},{3,6,4,8,2,9,1,5,7},{7,1,2,4,5,6,9,8,3},{0,0,0,0,0,0,0,0,0},{0,0,0,0,0,0,0,0,0},{0,0,0,0,0,0,0,0,0},{0,0,0,0,0,0,0,0,0}}
]
13:16:51.530 INFO  [main] SudokuBoard - Wartość 0 wstawiona nieprawidłowo
13:16:51.530 INFO  [main] SudokuBoard - Bład w kwadracie 0
sudoku.model.SudokuBoard@6c4c32ff[
  size=9
  solver=sudoku.model.BacktrackingSudokuSolver@5a1a5521
  board={{1,4,9,2,3,5,6,7,8},{2,3,5,7,6,8,4,9,1},{6,7,8,9,4,1,3,2,5},{3,6,4,8,2,9,1,5,7},{7,1,2,4,5,6,9,8,3},{9,0,0,0,0,0,0,0,0},{0,0,0,0,0,0,0,0,0},{0,0,0,0,0,0,0,0,0},{0,0,0,0,0,0,0,0,0}}
]
13:16:51.531 INFO  [main] SudokuBoard - Wartość 0 wstawiona nieprawidłowo
13:16:51.531 INFO  [main] SudokuBoard - Bład w kwadracie 0
sudoku.model.SudokuBoard@6c4c32ff[
  size=9
  solver=sudoku.model.BacktrackingSudokuSolver@5a1a5521
  board={{1,4,9,2,3,5,6,7,8},{2,3,5,7,6,8,4,9,1},{6,7,8,9,4,1,3,2,5},{3,6,4,8,2,9,1,5,7},{7,1,2,4,5,6,9,8,3},{9,0,0,0,0,0,0,0,0},{0,0,0,0,0,0,0,0,0},{0,0,0,0,0,0,0,0,0},{0,0,0,0,0,0,0,0,0}}
]
13:16:51.531 INFO  [main] SudokuBoard - Wartość 0 wstawiona nieprawidłowo
13:16:51.531 INFO  [main] SudokuBoard - Bład w kwadracie 0
sudoku.model.SudokuBoard@6c4c32ff[
  size=9
  solver=sudoku.model.BacktrackingSudokuSolver@5a1a5521
  board={{1,4,9,2,3,5,6,7,8},{2,3,5,7,6,8,4,9,1},{6,7,8,9,4,1,3,2,5},{3,6,4,8,2,9,1,5,7},{7,1,2,4,5,6,9,8,3},{0,0,0,0,0,0,0,0,0},{0,0,0,0,0,0,0,0,0},{0,0,0,0,0,0,0,0,0},{0,0,0,0,0,0,0,0,0}}
]
13:16:51.531 INFO  [main] SudokuBoard - Wartość 0 wstawiona nieprawidłowo
13:16:51.534 INFO  [main] SudokuBoard - Bład w kwadracie 0
sudoku.model.SudokuBoard@6c4c32ff[
  size=9
  solver=sudoku.model.BacktrackingSudokuSolver@5a1a5521
  board={{1,4,9,2,3,5,6,7,8},{2,3,5,7,6,8,4,9,1},{6,7,8,9,4,1,3,2,5},{3,6,4,8,2,9,1,5,7},{7,1,2,4,5,6,9,8,0},{0,0,0,0,0,0,0,0,0},{0,0,0,0,0,0,0,0,0},{0,0,0,0,0,0,0,0,0},{0,0,0,0,0,0,0,0,0}}
]
13:16:51.534 INFO  [main] SudokuBoard - Wartość 0 wstawiona nieprawidłowo
13:16:51.534 INFO  [main] SudokuBoard - Bład w kwadracie 0
sudoku.model.SudokuBoard@6c4c32ff[
  size=9
  solver=sudoku.model.BacktrackingSudokuSolver@5a1a5521
  board={{1,4,9,2,3,5,6,7,8},{2,3,5,7,6,8,4,9,1},{6,7,8,9,4,1,3,2,5},{3,6,4,8,2,9,1,5,7},{7,1,2,4,5,6,9,0,0},{0,0,0,0,0,0,0,0,0},{0,0,0,0,0,0,0,0,0},{0,0,0,0,0,0,0,0,0},{0,0,0,0,0,0,0,0,0}}
]
13:16:51.534 INFO  [main] SudokuBoard - Wartość 0 wstawiona nieprawidłowo
13:16:51.535 INFO  [main] SudokuBoard - Bład w kwadracie 0
sudoku.model.SudokuBoard@6c4c32ff[
  size=9
  solver=sudoku.model.BacktrackingSudokuSolver@5a1a5521
  board={{1,4,9,2,3,5,6,7,8},{2,3,5,7,6,8,4,9,1},{6,7,8,9,4,1,3,2,5},{3,6,4,8,2,9,1,5,7},{7,1,2,4,5,6,9,0,0},{0,0,0,0,0,0,0,0,0},{0,0,0,0,0,0,0,0,0},{0,0,0,0,0,0,0,0,0},{0,0,0,0,0,0,0,0,0}}
]
13:16:51.536 INFO  [main] SudokuBoard - Wartość 0 wstawiona nieprawidłowo
13:16:51.538 INFO  [main] SudokuBoard - Bład w kwadracie 0
sudoku.model.SudokuBoard@6c4c32ff[
  size=9
  solver=sudoku.model.BacktrackingSudokuSolver@5a1a5521
  board={{1,4,9,2,3,5,6,7,8},{2,3,5,7,6,8,4,9,1},{6,7,8,9,4,1,3,2,5},{3,6,4,8,2,9,1,5,7},{7,1,2,4,5,6,0,0,0},{0,0,0,0,0,0,0,0,0},{0,0,0,0,0,0,0,0,0},{0,0,0,0,0,0,0,0,0},{0,0,0,0,0,0,0,0,0}}
]
13:16:51.538 INFO  [main] SudokuBoard - Wartość 0 wstawiona nieprawidłowo
13:16:51.538 INFO  [main] SudokuBoard - Bład w kwadracie 0
sudoku.model.SudokuBoard@6c4c32ff[
  size=9
  solver=sudoku.model.BacktrackingSudokuSolver@5a1a5521
  board={{1,4,9,2,3,5,6,7,8},{2,3,5,7,6,8,4,9,1},{6,7,8,9,4,1,3,2,5},{3,6,4,8,2,9,1,5,7},{7,1,2,4,5,0,0,0,0},{0,0,0,0,0,0,0,0,0},{0,0,0,0,0,0,0,0,0},{0,0,0,0,0,0,0,0,0},{0,0,0,0,0,0,0,0,0}}
]
13:16:51.538 INFO  [main] SudokuBoard - Wartość 0 wstawiona nieprawidłowo
13:16:51.538 INFO  [main] SudokuBoard - Bład w kwadracie 0
sudoku.model.SudokuBoard@6c4c32ff[
  size=9
  solver=sudoku.model.BacktrackingSudokuSolver@5a1a5521
  board={{1,4,9,2,3,5,6,7,8},{2,3,5,7,6,8,4,9,1},{6,7,8,9,4,1,3,2,5},{3,6,4,8,2,9,1,5,7},{7,1,2,4,0,0,0,0,0},{0,0,0,0,0,0,0,0,0},{0,0,0,0,0,0,0,0,0},{0,0,0,0,0,0,0,0,0},{0,0,0,0,0,0,0,0,0}}
]
13:16:51.538 INFO  [main] SudokuBoard - Wartość 0 wstawiona nieprawidłowo
13:16:51.539 INFO  [main] SudokuBoard - Bład w kwadracie 0
sudoku.model.SudokuBoard@6c4c32ff[
  size=9
  solver=sudoku.model.BacktrackingSudokuSolver@5a1a5521
  board={{1,4,9,2,3,5,6,7,8},{2,3,5,7,6,8,4,9,1},{6,7,8,9,4,1,3,2,5},{3,6,4,8,2,9,1,5,7},{7,1,2,0,0,0,0,0,0},{0,0,0,0,0,0,0,0,0},{0,0,0,0,0,0,0,0,0},{0,0,0,0,0,0,0,0,0},{0,0,0,0,0,0,0,0,0}}
]
13:16:51.540 INFO  [main] SudokuBoard - Wartość 0 wstawiona nieprawidłowo
13:16:51.540 INFO  [main] SudokuBoard - Bład w kwadracie 0
sudoku.model.SudokuBoard@6c4c32ff[
  size=9
  solver=sudoku.model.BacktrackingSudokuSolver@5a1a5521
  board={{1,4,9,2,3,5,6,7,8},{2,3,5,7,6,8,4,9,1},{6,7,8,9,4,1,3,2,5},{3,6,4,8,2,9,1,5,7},{7,1,2,0,0,0,0,0,0},{0,0,0,0,0,0,0,0,0},{0,0,0,0,0,0,0,0,0},{0,0,0,0,0,0,0,0,0},{0,0,0,0,0,0,0,0,0}}
]
13:16:51.540 INFO  [main] SudokuBoard - Wartość 0 wstawiona nieprawidłowo
13:16:51.540 INFO  [main] SudokuBoard - Bład w kwadracie 0
sudoku.model.SudokuBoard@6c4c32ff[
  size=9
  solver=sudoku.model.BacktrackingSudokuSolver@5a1a5521
  board={{1,4,9,2,3,5,6,7,8},{2,3,5,7,6,8,4,9,1},{6,7,8,9,4,1,3,2,5},{3,6,4,8,2,9,1,5,7},{7,1,2,6,5,3,8,4,9},{5,0,0,0,0,0,0,0,0},{0,0,0,0,0,0,0,0,0},{0,0,0,0,0,0,0,0,0},{0,0,0,0,0,0,0,0,0}}
]
13:16:51.540 INFO  [main] SudokuBoard - Wartość 0 wstawiona nieprawidłowo
13:16:51.540 INFO  [main] SudokuBoard - Bład w kwadracie 0
sudoku.model.SudokuBoard@6c4c32ff[
  size=9
  solver=sudoku.model.BacktrackingSudokuSolver@5a1a5521
  board={{1,4,9,2,3,5,6,7,8},{2,3,5,7,6,8,4,9,1},{6,7,8,9,4,1,3,2,5},{3,6,4,8,2,9,1,5,7},{7,1,2,6,5,3,8,4,9},{5,0,0,0,0,0,0,0,0},{0,0,0,0,0,0,0,0,0},{0,0,0,0,0,0,0,0,0},{0,0,0,0,0,0,0,0,0}}
]
13:16:51.541 INFO  [main] SudokuBoard - Wartość 0 wstawiona nieprawidłowo
13:16:51.541 INFO  [main] SudokuBoard - Bład w kwadracie 0
sudoku.model.SudokuBoard@6c4c32ff[
  size=9
  solver=sudoku.model.BacktrackingSudokuSolver@5a1a5521
  board={{1,4,9,2,3,5,6,7,8},{2,3,5,7,6,8,4,9,1},{6,7,8,9,4,1,3,2,5},{3,6,4,8,2,9,1,5,7},{7,1,2,6,5,3,8,4,9},{0,0,0,0,0,0,0,0,0},{0,0,0,0,0,0,0,0,0},{0,0,0,0,0,0,0,0,0},{0,0,0,0,0,0,0,0,0}}
]
13:16:51.541 INFO  [main] SudokuBoard - Wartość 0 wstawiona nieprawidłowo
13:16:51.541 INFO  [main] SudokuBoard - Bład w kwadracie 0
sudoku.model.SudokuBoard@6c4c32ff[
  size=9
  solver=sudoku.model.BacktrackingSudokuSolver@5a1a5521
  board={{1,4,9,2,3,5,6,7,8},{2,3,5,7,6,8,4,9,1},{6,7,8,9,4,1,3,2,5},{3,6,4,8,2,9,1,5,7},{7,1,2,6,5,3,8,4,9},{8,0,0,0,0,0,0,0,0},{0,0,0,0,0,0,0,0,0},{0,0,0,0,0,0,0,0,0},{0,0,0,0,0,0,0,0,0}}
]
13:16:51.541 INFO  [main] SudokuBoard - Wartość 0 wstawiona nieprawidłowo
13:16:51.541 INFO  [main] SudokuBoard - Bład w kwadracie 0
sudoku.model.SudokuBoard@6c4c32ff[
  size=9
  solver=sudoku.model.BacktrackingSudokuSolver@5a1a5521
  board={{1,4,9,2,3,5,6,7,8},{2,3,5,7,6,8,4,9,1},{6,7,8,9,4,1,3,2,5},{3,6,4,8,2,9,1,5,7},{7,1,2,6,5,3,8,4,9},{8,0,0,0,0,0,0,0,0},{0,0,0,0,0,0,0,0,0},{0,0,0,0,0,0,0,0,0},{0,0,0,0,0,0,0,0,0}}
]
13:16:51.541 INFO  [main] SudokuBoard - Wartość 0 wstawiona nieprawidłowo
13:16:51.541 INFO  [main] SudokuBoard - Bład w kwadracie 0
sudoku.model.SudokuBoard@6c4c32ff[
  size=9
  solver=sudoku.model.BacktrackingSudokuSolver@5a1a5521
  board={{1,4,9,2,3,5,6,7,8},{2,3,5,7,6,8,4,9,1},{6,7,8,9,4,1,3,2,5},{3,6,4,8,2,9,1,5,7},{7,1,2,6,5,3,8,4,9},{0,0,0,0,0,0,0,0,0},{0,0,0,0,0,0,0,0,0},{0,0,0,0,0,0,0,0,0},{0,0,0,0,0,0,0,0,0}}
]
13:16:51.541 INFO  [main] SudokuBoard - Wartość 0 wstawiona nieprawidłowo
13:16:51.541 INFO  [main] SudokuBoard - Bład w kwadracie 0
sudoku.model.SudokuBoard@6c4c32ff[
  size=9
  solver=sudoku.model.BacktrackingSudokuSolver@5a1a5521
  board={{1,4,9,2,3,5,6,7,8},{2,3,5,7,6,8,4,9,1},{6,7,8,9,4,1,3,2,5},{3,6,4,8,2,9,1,5,7},{7,1,2,6,5,3,8,4,9},{9,0,0,0,0,0,0,0,0},{0,0,0,0,0,0,0,0,0},{0,0,0,0,0,0,0,0,0},{0,0,0,0,0,0,0,0,0}}
]
13:16:51.541 INFO  [main] SudokuBoard - Wartość 0 wstawiona nieprawidłowo
13:16:51.542 INFO  [main] SudokuBoard - Bład w kwadracie 0
sudoku.model.SudokuBoard@6c4c32ff[
  size=9
  solver=sudoku.model.BacktrackingSudokuSolver@5a1a5521
  board={{1,4,9,2,3,5,6,7,8},{2,3,5,7,6,8,4,9,1},{6,7,8,9,4,1,3,2,5},{3,6,4,8,2,9,1,5,7},{7,1,2,6,5,3,8,4,9},{9,0,0,0,0,0,0,0,0},{0,0,0,0,0,0,0,0,0},{0,0,0,0,0,0,0,0,0},{0,0,0,0,0,0,0,0,0}}
]
13:16:51.542 INFO  [main] SudokuBoard - Wartość 0 wstawiona nieprawidłowo
13:16:51.542 INFO  [main] SudokuBoard - Bład w kwadracie 0
sudoku.model.SudokuBoard@6c4c32ff[
  size=9
  solver=sudoku.model.BacktrackingSudokuSolver@5a1a5521
  board={{1,4,9,2,3,5,6,7,8},{2,3,5,7,6,8,4,9,1},{6,7,8,9,4,1,3,2,5},{3,6,4,8,2,9,1,5,7},{7,1,2,6,5,3,8,4,9},{0,0,0,0,0,0,0,0,0},{0,0,0,0,0,0,0,0,0},{0,0,0,0,0,0,0,0,0},{0,0,0,0,0,0,0,0,0}}
]
13:16:51.542 INFO  [main] SudokuBoard - Wartość 0 wstawiona nieprawidłowo
13:16:51.542 INFO  [main] SudokuBoard - Bład w kwadracie 0
sudoku.model.SudokuBoard@6c4c32ff[
  size=9
  solver=sudoku.model.BacktrackingSudokuSolver@5a1a5521
  board={{1,4,9,2,3,5,6,7,8},{2,3,5,7,6,8,4,9,1},{6,7,8,9,4,1,3,2,5},{3,6,4,8,2,9,1,5,7},{7,1,2,6,5,3,8,4,0},{0,0,0,0,0,0,0,0,0},{0,0,0,0,0,0,0,0,0},{0,0,0,0,0,0,0,0,0},{0,0,0,0,0,0,0,0,0}}
]
13:16:51.542 INFO  [main] SudokuBoard - Wartość 0 wstawiona nieprawidłowo
13:16:51.542 INFO  [main] SudokuBoard - Bład w kwadracie 0
sudoku.model.SudokuBoard@6c4c32ff[
  size=9
  solver=sudoku.model.BacktrackingSudokuSolver@5a1a5521
  board={{1,4,9,2,3,5,6,7,8},{2,3,5,7,6,8,4,9,1},{6,7,8,9,4,1,3,2,5},{3,6,4,8,2,9,1,5,7},{7,1,2,6,5,3,8,0,0},{0,0,0,0,0,0,0,0,0},{0,0,0,0,0,0,0,0,0},{0,0,0,0,0,0,0,0,0},{0,0,0,0,0,0,0,0,0}}
]
13:16:51.542 INFO  [main] SudokuBoard - Wartość 0 wstawiona nieprawidłowo
13:16:51.542 INFO  [main] SudokuBoard - Bład w kwadracie 0
sudoku.model.SudokuBoard@6c4c32ff[
  size=9
  solver=sudoku.model.BacktrackingSudokuSolver@5a1a5521
  board={{1,4,9,2,3,5,6,7,8},{2,3,5,7,6,8,4,9,1},{6,7,8,9,4,1,3,2,5},{3,6,4,8,2,9,1,5,7},{7,1,2,6,5,3,0,0,0},{0,0,0,0,0,0,0,0,0},{0,0,0,0,0,0,0,0,0},{0,0,0,0,0,0,0,0,0},{0,0,0,0,0,0,0,0,0}}
]
13:16:51.542 INFO  [main] SudokuBoard - Wartość 0 wstawiona nieprawidłowo
13:16:51.542 INFO  [main] SudokuBoard - Bład w kwadracie 0
sudoku.model.SudokuBoard@6c4c32ff[
  size=9
  solver=sudoku.model.BacktrackingSudokuSolver@5a1a5521
  board={{1,4,9,2,3,5,6,7,8},{2,3,5,7,6,8,4,9,1},{6,7,8,9,4,1,3,2,5},{3,6,4,8,2,9,1,5,7},{7,1,2,6,5,3,9,0,0},{0,0,0,0,0,0,0,0,0},{0,0,0,0,0,0,0,0,0},{0,0,0,0,0,0,0,0,0},{0,0,0,0,0,0,0,0,0}}
]
13:16:51.542 INFO  [main] SudokuBoard - Wartość 0 wstawiona nieprawidłowo
13:16:51.542 INFO  [main] SudokuBoard - Bład w kwadracie 0
sudoku.model.SudokuBoard@6c4c32ff[
  size=9
  solver=sudoku.model.BacktrackingSudokuSolver@5a1a5521
  board={{1,4,9,2,3,5,6,7,8},{2,3,5,7,6,8,4,9,1},{6,7,8,9,4,1,3,2,5},{3,6,4,8,2,9,1,5,7},{7,1,2,6,5,3,9,8,4},{8,0,0,0,0,0,0,0,0},{0,0,0,0,0,0,0,0,0},{0,0,0,0,0,0,0,0,0},{0,0,0,0,0,0,0,0,0}}
]
13:16:51.542 INFO  [main] SudokuBoard - Wartość 0 wstawiona nieprawidłowo
13:16:51.543 INFO  [main] SudokuBoard - Bład w kwadracie 0
sudoku.model.SudokuBoard@6c4c32ff[
  size=9
  solver=sudoku.model.BacktrackingSudokuSolver@5a1a5521
  board={{1,4,9,2,3,5,6,7,8},{2,3,5,7,6,8,4,9,1},{6,7,8,9,4,1,3,2,5},{3,6,4,8,2,9,1,5,7},{7,1,2,6,5,3,9,8,4},{8,0,0,0,0,0,0,0,0},{0,0,0,0,0,0,0,0,0},{0,0,0,0,0,0,0,0,0},{0,0,0,0,0,0,0,0,0}}
]
13:16:51.543 INFO  [main] SudokuBoard - Wartość 0 wstawiona nieprawidłowo
13:16:51.543 INFO  [main] SudokuBoard - Bład w kwadracie 0
sudoku.model.SudokuBoard@6c4c32ff[
  size=9
  solver=sudoku.model.BacktrackingSudokuSolver@5a1a5521
  board={{1,4,9,2,3,5,6,7,8},{2,3,5,7,6,8,4,9,1},{6,7,8,9,4,1,3,2,5},{3,6,4,8,2,9,1,5,7},{7,1,2,6,5,3,9,8,4},{0,0,0,0,0,0,0,0,0},{0,0,0,0,0,0,0,0,0},{0,0,0,0,0,0,0,0,0},{0,0,0,0,0,0,0,0,0}}
]
13:16:51.543 INFO  [main] SudokuBoard - Wartość 0 wstawiona nieprawidłowo
13:16:51.543 INFO  [main] SudokuBoard - Bład w kwadracie 0
sudoku.model.SudokuBoard@6c4c32ff[
  size=9
  solver=sudoku.model.BacktrackingSudokuSolver@5a1a5521
  board={{1,4,9,2,3,5,6,7,8},{2,3,5,7,6,8,4,9,1},{6,7,8,9,4,1,3,2,5},{3,6,4,8,2,9,1,5,7},{7,1,2,6,5,3,9,8,4},{9,0,0,0,0,0,0,0,0},{0,0,0,0,0,0,0,0,0},{0,0,0,0,0,0,0,0,0},{0,0,0,0,0,0,0,0,0}}
]
13:16:51.543 INFO  [main] SudokuBoard - Wartość 0 wstawiona nieprawidłowo
13:16:51.543 INFO  [main] SudokuBoard - Bład w kwadracie 0
sudoku.model.SudokuBoard@6c4c32ff[
  size=9
  solver=sudoku.model.BacktrackingSudokuSolver@5a1a5521
  board={{1,4,9,2,3,5,6,7,8},{2,3,5,7,6,8,4,9,1},{6,7,8,9,4,1,3,2,5},{3,6,4,8,2,9,1,5,7},{7,1,2,6,5,3,9,8,4},{9,0,0,0,0,0,0,0,0},{0,0,0,0,0,0,0,0,0},{0,0,0,0,0,0,0,0,0},{0,0,0,0,0,0,0,0,0}}
]
13:16:51.543 INFO  [main] SudokuBoard - Wartość 0 wstawiona nieprawidłowo
13:16:51.543 INFO  [main] SudokuBoard - Bład w kwadracie 0
sudoku.model.SudokuBoard@6c4c32ff[
  size=9
  solver=sudoku.model.BacktrackingSudokuSolver@5a1a5521
  board={{1,4,9,2,3,5,6,7,8},{2,3,5,7,6,8,4,9,1},{6,7,8,9,4,1,3,2,5},{3,6,4,8,2,9,1,5,7},{7,1,2,6,5,3,9,8,4},{0,0,0,0,0,0,0,0,0},{0,0,0,0,0,0,0,0,0},{0,0,0,0,0,0,0,0,0},{0,0,0,0,0,0,0,0,0}}
]
13:16:51.543 INFO  [main] SudokuBoard - Wartość 0 wstawiona nieprawidłowo
13:16:51.543 INFO  [main] SudokuBoard - Bład w kwadracie 0
sudoku.model.SudokuBoard@6c4c32ff[
  size=9
  solver=sudoku.model.BacktrackingSudokuSolver@5a1a5521
  board={{1,4,9,2,3,5,6,7,8},{2,3,5,7,6,8,4,9,1},{6,7,8,9,4,1,3,2,5},{3,6,4,8,2,9,1,5,7},{7,1,2,6,5,3,9,8,4},{5,0,0,0,0,0,0,0,0},{0,0,0,0,0,0,0,0,0},{0,0,0,0,0,0,0,0,0},{0,0,0,0,0,0,0,0,0}}
]
13:16:51.544 INFO  [main] SudokuBoard - Wartość 0 wstawiona nieprawidłowo
13:16:51.544 INFO  [main] SudokuBoard - Bład w kwadracie 0
sudoku.model.SudokuBoard@6c4c32ff[
  size=9
  solver=sudoku.model.BacktrackingSudokuSolver@5a1a5521
  board={{1,4,9,2,3,5,6,7,8},{2,3,5,7,6,8,4,9,1},{6,7,8,9,4,1,3,2,5},{3,6,4,8,2,9,1,5,7},{7,1,2,6,5,3,9,8,4},{5,0,0,0,0,0,0,0,0},{0,0,0,0,0,0,0,0,0},{0,0,0,0,0,0,0,0,0},{0,0,0,0,0,0,0,0,0}}
]
13:16:51.544 INFO  [main] SudokuBoard - Wartość 0 wstawiona nieprawidłowo
13:16:51.544 INFO  [main] SudokuBoard - Bład w kwadracie 0
sudoku.model.SudokuBoard@6c4c32ff[
  size=9
  solver=sudoku.model.BacktrackingSudokuSolver@5a1a5521
  board={{1,4,9,2,3,5,6,7,8},{2,3,5,7,6,8,4,9,1},{6,7,8,9,4,1,3,2,5},{3,6,4,8,2,9,1,5,7},{7,1,2,6,5,3,9,8,4},{0,0,0,0,0,0,0,0,0},{0,0,0,0,0,0,0,0,0},{0,0,0,0,0,0,0,0,0},{0,0,0,0,0,0,0,0,0}}
]
13:16:51.544 INFO  [main] SudokuBoard - Wartość 0 wstawiona nieprawidłowo
13:16:51.544 INFO  [main] SudokuBoard - Bład w kwadracie 0
sudoku.model.SudokuBoard@6c4c32ff[
  size=9
  solver=sudoku.model.BacktrackingSudokuSolver@5a1a5521
  board={{1,4,9,2,3,5,6,7,8},{2,3,5,7,6,8,4,9,1},{6,7,8,9,4,1,3,2,5},{3,6,4,8,2,9,1,5,7},{7,1,2,6,5,3,9,8,0},{0,0,0,0,0,0,0,0,0},{0,0,0,0,0,0,0,0,0},{0,0,0,0,0,0,0,0,0},{0,0,0,0,0,0,0,0,0}}
]
13:16:51.544 INFO  [main] SudokuBoard - Wartość 0 wstawiona nieprawidłowo
13:16:51.544 INFO  [main] SudokuBoard - Bład w kwadracie 0
sudoku.model.SudokuBoard@6c4c32ff[
  size=9
  solver=sudoku.model.BacktrackingSudokuSolver@5a1a5521
  board={{1,4,9,2,3,5,6,7,8},{2,3,5,7,6,8,4,9,1},{6,7,8,9,4,1,3,2,5},{3,6,4,8,2,9,1,5,7},{7,1,2,6,5,3,9,0,0},{0,0,0,0,0,0,0,0,0},{0,0,0,0,0,0,0,0,0},{0,0,0,0,0,0,0,0,0},{0,0,0,0,0,0,0,0,0}}
]
13:16:51.544 INFO  [main] SudokuBoard - Wartość 0 wstawiona nieprawidłowo
13:16:51.544 INFO  [main] SudokuBoard - Bład w kwadracie 0
sudoku.model.SudokuBoard@6c4c32ff[
  size=9
  solver=sudoku.model.BacktrackingSudokuSolver@5a1a5521
  board={{1,4,9,2,3,5,6,7,8},{2,3,5,7,6,8,4,9,1},{6,7,8,9,4,1,3,2,5},{3,6,4,8,2,9,1,5,7},{7,1,2,6,5,3,0,0,0},{0,0,0,0,0,0,0,0,0},{0,0,0,0,0,0,0,0,0},{0,0,0,0,0,0,0,0,0},{0,0,0,0,0,0,0,0,0}}
]
13:16:51.544 INFO  [main] SudokuBoard - Wartość 0 wstawiona nieprawidłowo
13:16:51.544 INFO  [main] SudokuBoard - Bład w kwadracie 0
sudoku.model.SudokuBoard@6c4c32ff[
  size=9
  solver=sudoku.model.BacktrackingSudokuSolver@5a1a5521
  board={{1,4,9,2,3,5,6,7,8},{2,3,5,7,6,8,4,9,1},{6,7,8,9,4,1,3,2,5},{3,6,4,8,2,9,1,5,7},{7,1,2,6,5,0,0,0,0},{0,0,0,0,0,0,0,0,0},{0,0,0,0,0,0,0,0,0},{0,0,0,0,0,0,0,0,0},{0,0,0,0,0,0,0,0,0}}
]
13:16:51.545 INFO  [main] SudokuBoard - Wartość 0 wstawiona nieprawidłowo
13:16:51.545 INFO  [main] SudokuBoard - Bład w kwadracie 0
sudoku.model.SudokuBoard@6c4c32ff[
  size=9
  solver=sudoku.model.BacktrackingSudokuSolver@5a1a5521
  board={{1,4,9,2,3,5,6,7,8},{2,3,5,7,6,8,4,9,1},{6,7,8,9,4,1,3,2,5},{3,6,4,8,2,9,1,5,7},{7,1,2,6,5,4,8,3,9},{8,0,0,0,0,0,0,0,0},{0,0,0,0,0,0,0,0,0},{0,0,0,0,0,0,0,0,0},{0,0,0,0,0,0,0,0,0}}
]
13:16:51.545 INFO  [main] SudokuBoard - Wartość 0 wstawiona nieprawidłowo
13:16:51.545 INFO  [main] SudokuBoard - Bład w kwadracie 0
sudoku.model.SudokuBoard@6c4c32ff[
  size=9
  solver=sudoku.model.BacktrackingSudokuSolver@5a1a5521
  board={{1,4,9,2,3,5,6,7,8},{2,3,5,7,6,8,4,9,1},{6,7,8,9,4,1,3,2,5},{3,6,4,8,2,9,1,5,7},{7,1,2,6,5,4,8,3,9},{8,0,0,0,0,0,0,0,0},{0,0,0,0,0,0,0,0,0},{0,0,0,0,0,0,0,0,0},{0,0,0,0,0,0,0,0,0}}
]
13:16:51.545 INFO  [main] SudokuBoard - Wartość 0 wstawiona nieprawidłowo
13:16:51.545 INFO  [main] SudokuBoard - Bład w kwadracie 0
sudoku.model.SudokuBoard@6c4c32ff[
  size=9
  solver=sudoku.model.BacktrackingSudokuSolver@5a1a5521
  board={{1,4,9,2,3,5,6,7,8},{2,3,5,7,6,8,4,9,1},{6,7,8,9,4,1,3,2,5},{3,6,4,8,2,9,1,5,7},{7,1,2,6,5,4,8,3,9},{0,0,0,0,0,0,0,0,0},{0,0,0,0,0,0,0,0,0},{0,0,0,0,0,0,0,0,0},{0,0,0,0,0,0,0,0,0}}
]
13:16:51.545 INFO  [main] SudokuBoard - Wartość 0 wstawiona nieprawidłowo
13:16:51.545 INFO  [main] SudokuBoard - Bład w kwadracie 0
sudoku.model.SudokuBoard@6c4c32ff[
  size=9
  solver=sudoku.model.BacktrackingSudokuSolver@5a1a5521
  board={{1,4,9,2,3,5,6,7,8},{2,3,5,7,6,8,4,9,1},{6,7,8,9,4,1,3,2,5},{3,6,4,8,2,9,1,5,7},{7,1,2,6,5,4,8,3,9},{9,0,0,0,0,0,0,0,0},{0,0,0,0,0,0,0,0,0},{0,0,0,0,0,0,0,0,0},{0,0,0,0,0,0,0,0,0}}
]
13:16:51.545 INFO  [main] SudokuBoard - Wartość 0 wstawiona nieprawidłowo
13:16:51.545 INFO  [main] SudokuBoard - Bład w kwadracie 0
sudoku.model.SudokuBoard@6c4c32ff[
  size=9
  solver=sudoku.model.BacktrackingSudokuSolver@5a1a5521
  board={{1,4,9,2,3,5,6,7,8},{2,3,5,7,6,8,4,9,1},{6,7,8,9,4,1,3,2,5},{3,6,4,8,2,9,1,5,7},{7,1,2,6,5,4,8,3,9},{9,0,0,0,0,0,0,0,0},{0,0,0,0,0,0,0,0,0},{0,0,0,0,0,0,0,0,0},{0,0,0,0,0,0,0,0,0}}
]
13:16:51.545 INFO  [main] SudokuBoard - Wartość 0 wstawiona nieprawidłowo
13:16:51.546 INFO  [main] SudokuBoard - Bład w kwadracie 0
sudoku.model.SudokuBoard@6c4c32ff[
  size=9
  solver=sudoku.model.BacktrackingSudokuSolver@5a1a5521
  board={{1,4,9,2,3,5,6,7,8},{2,3,5,7,6,8,4,9,1},{6,7,8,9,4,1,3,2,5},{3,6,4,8,2,9,1,5,7},{7,1,2,6,5,4,8,3,9},{0,0,0,0,0,0,0,0,0},{0,0,0,0,0,0,0,0,0},{0,0,0,0,0,0,0,0,0},{0,0,0,0,0,0,0,0,0}}
]
13:16:51.546 INFO  [main] SudokuBoard - Wartość 0 wstawiona nieprawidłowo
13:16:51.546 INFO  [main] SudokuBoard - Bład w kwadracie 0
sudoku.model.SudokuBoard@6c4c32ff[
  size=9
  solver=sudoku.model.BacktrackingSudokuSolver@5a1a5521
  board={{1,4,9,2,3,5,6,7,8},{2,3,5,7,6,8,4,9,1},{6,7,8,9,4,1,3,2,5},{3,6,4,8,2,9,1,5,7},{7,1,2,6,5,4,8,3,9},{5,0,0,0,0,0,0,0,0},{0,0,0,0,0,0,0,0,0},{0,0,0,0,0,0,0,0,0},{0,0,0,0,0,0,0,0,0}}
]
13:16:51.546 INFO  [main] SudokuBoard - Wartość 0 wstawiona nieprawidłowo
13:16:51.546 INFO  [main] SudokuBoard - Bład w kwadracie 0
sudoku.model.SudokuBoard@6c4c32ff[
  size=9
  solver=sudoku.model.BacktrackingSudokuSolver@5a1a5521
  board={{1,4,9,2,3,5,6,7,8},{2,3,5,7,6,8,4,9,1},{6,7,8,9,4,1,3,2,5},{3,6,4,8,2,9,1,5,7},{7,1,2,6,5,4,8,3,9},{5,0,0,0,0,0,0,0,0},{0,0,0,0,0,0,0,0,0},{0,0,0,0,0,0,0,0,0},{0,0,0,0,0,0,0,0,0}}
]
13:16:51.546 INFO  [main] SudokuBoard - Wartość 0 wstawiona nieprawidłowo
13:16:51.546 INFO  [main] SudokuBoard - Bład w kwadracie 0
sudoku.model.SudokuBoard@6c4c32ff[
  size=9
  solver=sudoku.model.BacktrackingSudokuSolver@5a1a5521
  board={{1,4,9,2,3,5,6,7,8},{2,3,5,7,6,8,4,9,1},{6,7,8,9,4,1,3,2,5},{3,6,4,8,2,9,1,5,7},{7,1,2,6,5,4,8,3,9},{0,0,0,0,0,0,0,0,0},{0,0,0,0,0,0,0,0,0},{0,0,0,0,0,0,0,0,0},{0,0,0,0,0,0,0,0,0}}
]
13:16:51.546 INFO  [main] SudokuBoard - Wartość 0 wstawiona nieprawidłowo
13:16:51.546 INFO  [main] SudokuBoard - Bład w kwadracie 0
sudoku.model.SudokuBoard@6c4c32ff[
  size=9
  solver=sudoku.model.BacktrackingSudokuSolver@5a1a5521
  board={{1,4,9,2,3,5,6,7,8},{2,3,5,7,6,8,4,9,1},{6,7,8,9,4,1,3,2,5},{3,6,4,8,2,9,1,5,7},{7,1,2,6,5,4,8,3,0},{0,0,0,0,0,0,0,0,0},{0,0,0,0,0,0,0,0,0},{0,0,0,0,0,0,0,0,0},{0,0,0,0,0,0,0,0,0}}
]
13:16:51.547 INFO  [main] SudokuBoard - Wartość 0 wstawiona nieprawidłowo
13:16:51.547 INFO  [main] SudokuBoard - Bład w kwadracie 0
sudoku.model.SudokuBoard@6c4c32ff[
  size=9
  solver=sudoku.model.BacktrackingSudokuSolver@5a1a5521
  board={{1,4,9,2,3,5,6,7,8},{2,3,5,7,6,8,4,9,1},{6,7,8,9,4,1,3,2,5},{3,6,4,8,2,9,1,5,7},{7,1,2,6,5,4,8,0,0},{0,0,0,0,0,0,0,0,0},{0,0,0,0,0,0,0,0,0},{0,0,0,0,0,0,0,0,0},{0,0,0,0,0,0,0,0,0}}
]
13:16:51.547 INFO  [main] SudokuBoard - Wartość 0 wstawiona nieprawidłowo
13:16:51.547 INFO  [main] SudokuBoard - Bład w kwadracie 0
sudoku.model.SudokuBoard@6c4c32ff[
  size=9
  solver=sudoku.model.BacktrackingSudokuSolver@5a1a5521
  board={{1,4,9,2,3,5,6,7,8},{2,3,5,7,6,8,4,9,1},{6,7,8,9,4,1,3,2,5},{3,6,4,8,2,9,1,5,7},{7,1,2,6,5,4,0,0,0},{0,0,0,0,0,0,0,0,0},{0,0,0,0,0,0,0,0,0},{0,0,0,0,0,0,0,0,0},{0,0,0,0,0,0,0,0,0}}
]
13:16:51.547 INFO  [main] SudokuBoard - Wartość 0 wstawiona nieprawidłowo
13:16:51.547 INFO  [main] SudokuBoard - Bład w kwadracie 0
sudoku.model.SudokuBoard@6c4c32ff[
  size=9
  solver=sudoku.model.BacktrackingSudokuSolver@5a1a5521
  board={{1,4,9,2,3,5,6,7,8},{2,3,5,7,6,8,4,9,1},{6,7,8,9,4,1,3,2,5},{3,6,4,8,2,9,1,5,7},{7,1,2,6,5,4,9,8,3},{5,0,0,0,0,0,0,0,0},{0,0,0,0,0,0,0,0,0},{0,0,0,0,0,0,0,0,0},{0,0,0,0,0,0,0,0,0}}
]
13:16:51.547 INFO  [main] SudokuBoard - Wartość 0 wstawiona nieprawidłowo
13:16:51.548 INFO  [main] SudokuBoard - Bład w kwadracie 0
sudoku.model.SudokuBoard@6c4c32ff[
  size=9
  solver=sudoku.model.BacktrackingSudokuSolver@5a1a5521
  board={{1,4,9,2,3,5,6,7,8},{2,3,5,7,6,8,4,9,1},{6,7,8,9,4,1,3,2,5},{3,6,4,8,2,9,1,5,7},{7,1,2,6,5,4,9,8,3},{5,0,0,0,0,0,0,0,0},{0,0,0,0,0,0,0,0,0},{0,0,0,0,0,0,0,0,0},{0,0,0,0,0,0,0,0,0}}
]
13:16:51.548 INFO  [main] SudokuBoard - Wartość 0 wstawiona nieprawidłowo
13:16:51.549 INFO  [main] SudokuBoard - Bład w kwadracie 0
sudoku.model.SudokuBoard@6c4c32ff[
  size=9
  solver=sudoku.model.BacktrackingSudokuSolver@5a1a5521
  board={{1,4,9,2,3,5,6,7,8},{2,3,5,7,6,8,4,9,1},{6,7,8,9,4,1,3,2,5},{3,6,4,8,2,9,1,5,7},{7,1,2,6,5,4,9,8,3},{0,0,0,0,0,0,0,0,0},{0,0,0,0,0,0,0,0,0},{0,0,0,0,0,0,0,0,0},{0,0,0,0,0,0,0,0,0}}
]
13:16:51.549 INFO  [main] SudokuBoard - Wartość 0 wstawiona nieprawidłowo
13:16:51.549 INFO  [main] SudokuBoard - Bład w kwadracie 0
sudoku.model.SudokuBoard@6c4c32ff[
  size=9
  solver=sudoku.model.BacktrackingSudokuSolver@5a1a5521
  board={{1,4,9,2,3,5,6,7,8},{2,3,5,7,6,8,4,9,1},{6,7,8,9,4,1,3,2,5},{3,6,4,8,2,9,1,5,7},{7,1,2,6,5,4,9,8,3},{8,0,0,0,0,0,0,0,0},{0,0,0,0,0,0,0,0,0},{0,0,0,0,0,0,0,0,0},{0,0,0,0,0,0,0,0,0}}
]
13:16:51.549 INFO  [main] SudokuBoard - Wartość 0 wstawiona nieprawidłowo
13:16:51.549 INFO  [main] SudokuBoard - Bład w kwadracie 0
sudoku.model.SudokuBoard@6c4c32ff[
  size=9
  solver=sudoku.model.BacktrackingSudokuSolver@5a1a5521
  board={{1,4,9,2,3,5,6,7,8},{2,3,5,7,6,8,4,9,1},{6,7,8,9,4,1,3,2,5},{3,6,4,8,2,9,1,5,7},{7,1,2,6,5,4,9,8,3},{8,0,0,0,0,0,0,0,0},{0,0,0,0,0,0,0,0,0},{0,0,0,0,0,0,0,0,0},{0,0,0,0,0,0,0,0,0}}
]
13:16:51.549 INFO  [main] SudokuBoard - Wartość 0 wstawiona nieprawidłowo
13:16:51.549 INFO  [main] SudokuBoard - Bład w kwadracie 0
sudoku.model.SudokuBoard@6c4c32ff[
  size=9
  solver=sudoku.model.BacktrackingSudokuSolver@5a1a5521
  board={{1,4,9,2,3,5,6,7,8},{2,3,5,7,6,8,4,9,1},{6,7,8,9,4,1,3,2,5},{3,6,4,8,2,9,1,5,7},{7,1,2,6,5,4,9,8,3},{0,0,0,0,0,0,0,0,0},{0,0,0,0,0,0,0,0,0},{0,0,0,0,0,0,0,0,0},{0,0,0,0,0,0,0,0,0}}
]
13:16:51.549 INFO  [main] SudokuBoard - Wartość 0 wstawiona nieprawidłowo
13:16:51.550 INFO  [main] SudokuBoard - Bład w kwadracie 0
sudoku.model.SudokuBoard@6c4c32ff[
  size=9
  solver=sudoku.model.BacktrackingSudokuSolver@5a1a5521
  board={{1,4,9,2,3,5,6,7,8},{2,3,5,7,6,8,4,9,1},{6,7,8,9,4,1,3,2,5},{3,6,4,8,2,9,1,5,7},{7,1,2,6,5,4,9,8,3},{9,0,0,0,0,0,0,0,0},{0,0,0,0,0,0,0,0,0},{0,0,0,0,0,0,0,0,0},{0,0,0,0,0,0,0,0,0}}
]
13:16:51.550 INFO  [main] SudokuBoard - Wartość 0 wstawiona nieprawidłowo
13:16:51.550 INFO  [main] SudokuBoard - Bład w kwadracie 0
sudoku.model.SudokuBoard@6c4c32ff[
  size=9
  solver=sudoku.model.BacktrackingSudokuSolver@5a1a5521
  board={{1,4,9,2,3,5,6,7,8},{2,3,5,7,6,8,4,9,1},{6,7,8,9,4,1,3,2,5},{3,6,4,8,2,9,1,5,7},{7,1,2,6,5,4,9,8,3},{9,0,0,0,0,0,0,0,0},{0,0,0,0,0,0,0,0,0},{0,0,0,0,0,0,0,0,0},{0,0,0,0,0,0,0,0,0}}
]
13:16:51.550 INFO  [main] SudokuBoard - Wartość 0 wstawiona nieprawidłowo
13:16:51.550 INFO  [main] SudokuBoard - Bład w kwadracie 0
sudoku.model.SudokuBoard@6c4c32ff[
  size=9
  solver=sudoku.model.BacktrackingSudokuSolver@5a1a5521
  board={{1,4,9,2,3,5,6,7,8},{2,3,5,7,6,8,4,9,1},{6,7,8,9,4,1,3,2,5},{3,6,4,8,2,9,1,5,7},{7,1,2,6,5,4,9,8,3},{0,0,0,0,0,0,0,0,0},{0,0,0,0,0,0,0,0,0},{0,0,0,0,0,0,0,0,0},{0,0,0,0,0,0,0,0,0}}
]
13:16:51.550 INFO  [main] SudokuBoard - Wartość 0 wstawiona nieprawidłowo
13:16:51.550 INFO  [main] SudokuBoard - Bład w kwadracie 0
sudoku.model.SudokuBoard@6c4c32ff[
  size=9
  solver=sudoku.model.BacktrackingSudokuSolver@5a1a5521
  board={{1,4,9,2,3,5,6,7,8},{2,3,5,7,6,8,4,9,1},{6,7,8,9,4,1,3,2,5},{3,6,4,8,2,9,1,5,7},{7,1,2,6,5,4,9,8,0},{0,0,0,0,0,0,0,0,0},{0,0,0,0,0,0,0,0,0},{0,0,0,0,0,0,0,0,0},{0,0,0,0,0,0,0,0,0}}
]
13:16:51.550 INFO  [main] SudokuBoard - Wartość 0 wstawiona nieprawidłowo
13:16:51.550 INFO  [main] SudokuBoard - Bład w kwadracie 0
sudoku.model.SudokuBoard@6c4c32ff[
  size=9
  solver=sudoku.model.BacktrackingSudokuSolver@5a1a5521
  board={{1,4,9,2,3,5,6,7,8},{2,3,5,7,6,8,4,9,1},{6,7,8,9,4,1,3,2,5},{3,6,4,8,2,9,1,5,7},{7,1,2,6,5,4,9,0,0},{0,0,0,0,0,0,0,0,0},{0,0,0,0,0,0,0,0,0},{0,0,0,0,0,0,0,0,0},{0,0,0,0,0,0,0,0,0}}
]
13:16:51.550 INFO  [main] SudokuBoard - Wartość 0 wstawiona nieprawidłowo
13:16:51.550 INFO  [main] SudokuBoard - Bład w kwadracie 0
sudoku.model.SudokuBoard@6c4c32ff[
  size=9
  solver=sudoku.model.BacktrackingSudokuSolver@5a1a5521
  board={{1,4,9,2,3,5,6,7,8},{2,3,5,7,6,8,4,9,1},{6,7,8,9,4,1,3,2,5},{3,6,4,8,2,9,1,5,7},{7,1,2,6,5,4,9,0,0},{0,0,0,0,0,0,0,0,0},{0,0,0,0,0,0,0,0,0},{0,0,0,0,0,0,0,0,0},{0,0,0,0,0,0,0,0,0}}
]
13:16:51.550 INFO  [main] SudokuBoard - Wartość 0 wstawiona nieprawidłowo
13:16:51.551 INFO  [main] SudokuBoard - Bład w kwadracie 0
sudoku.model.SudokuBoard@6c4c32ff[
  size=9
  solver=sudoku.model.BacktrackingSudokuSolver@5a1a5521
  board={{1,4,9,2,3,5,6,7,8},{2,3,5,7,6,8,4,9,1},{6,7,8,9,4,1,3,2,5},{3,6,4,8,2,9,1,5,7},{7,1,2,6,5,4,0,0,0},{0,0,0,0,0,0,0,0,0},{0,0,0,0,0,0,0,0,0},{0,0,0,0,0,0,0,0,0},{0,0,0,0,0,0,0,0,0}}
]
13:16:51.551 INFO  [main] SudokuBoard - Wartość 0 wstawiona nieprawidłowo
13:16:51.551 INFO  [main] SudokuBoard - Bład w kwadracie 0
sudoku.model.SudokuBoard@6c4c32ff[
  size=9
  solver=sudoku.model.BacktrackingSudokuSolver@5a1a5521
  board={{1,4,9,2,3,5,6,7,8},{2,3,5,7,6,8,4,9,1},{6,7,8,9,4,1,3,2,5},{3,6,4,8,2,9,1,5,7},{7,1,2,6,5,0,0,0,0},{0,0,0,0,0,0,0,0,0},{0,0,0,0,0,0,0,0,0},{0,0,0,0,0,0,0,0,0},{0,0,0,0,0,0,0,0,0}}
]
13:16:51.551 INFO  [main] SudokuBoard - Wartość 0 wstawiona nieprawidłowo
13:16:51.551 INFO  [main] SudokuBoard - Bład w kwadracie 0
sudoku.model.SudokuBoard@6c4c32ff[
  size=9
  solver=sudoku.model.BacktrackingSudokuSolver@5a1a5521
  board={{1,4,9,2,3,5,6,7,8},{2,3,5,7,6,8,4,9,1},{6,7,8,9,4,1,3,2,5},{3,6,4,8,2,9,1,5,7},{7,1,2,6,0,0,0,0,0},{0,0,0,0,0,0,0,0,0},{0,0,0,0,0,0,0,0,0},{0,0,0,0,0,0,0,0,0},{0,0,0,0,0,0,0,0,0}}
]
13:16:51.551 INFO  [main] SudokuBoard - Wartość 0 wstawiona nieprawidłowo
13:16:51.551 INFO  [main] SudokuBoard - Bład w kwadracie 0
sudoku.model.SudokuBoard@6c4c32ff[
  size=9
  solver=sudoku.model.BacktrackingSudokuSolver@5a1a5521
  board={{1,4,9,2,3,5,6,7,8},{2,3,5,7,6,8,4,9,1},{6,7,8,9,4,1,3,2,5},{3,6,4,8,2,9,1,5,7},{7,1,2,0,0,0,0,0,0},{0,0,0,0,0,0,0,0,0},{0,0,0,0,0,0,0,0,0},{0,0,0,0,0,0,0,0,0},{0,0,0,0,0,0,0,0,0}}
]
13:16:51.551 INFO  [main] SudokuBoard - Wartość 0 wstawiona nieprawidłowo
13:16:51.551 INFO  [main] SudokuBoard - Bład w kwadracie 0
sudoku.model.SudokuBoard@6c4c32ff[
  size=9
  solver=sudoku.model.BacktrackingSudokuSolver@5a1a5521
  board={{1,4,9,2,3,5,6,7,8},{2,3,5,7,6,8,4,9,1},{6,7,8,9,4,1,3,2,5},{3,6,4,8,2,9,1,5,7},{7,1,0,0,0,0,0,0,0},{0,0,0,0,0,0,0,0,0},{0,0,0,0,0,0,0,0,0},{0,0,0,0,0,0,0,0,0},{0,0,0,0,0,0,0,0,0}}
]
13:16:51.551 INFO  [main] SudokuBoard - Wartość 0 wstawiona nieprawidłowo
13:16:51.551 INFO  [main] SudokuBoard - Bład w kwadracie 0
sudoku.model.SudokuBoard@6c4c32ff[
  size=9
  solver=sudoku.model.BacktrackingSudokuSolver@5a1a5521
  board={{1,4,9,2,3,5,6,7,8},{2,3,5,7,6,8,4,9,1},{6,7,8,9,4,1,3,2,5},{3,6,4,8,2,9,1,5,7},{7,0,0,0,0,0,0,0,0},{0,0,0,0,0,0,0,0,0},{0,0,0,0,0,0,0,0,0},{0,0,0,0,0,0,0,0,0},{0,0,0,0,0,0,0,0,0}}
]
13:16:51.551 INFO  [main] SudokuBoard - Wartość 0 wstawiona nieprawidłowo
13:16:51.551 INFO  [main] SudokuBoard - Bład w kwadracie 0
sudoku.model.SudokuBoard@6c4c32ff[
  size=9
  solver=sudoku.model.BacktrackingSudokuSolver@5a1a5521
  board={{1,4,9,2,3,5,6,7,8},{2,3,5,7,6,8,4,9,1},{6,7,8,9,4,1,3,2,5},{3,6,4,8,2,9,1,5,7},{7,2,1,3,5,4,8,6,9},{8,0,0,0,0,0,0,0,0},{0,0,0,0,0,0,0,0,0},{0,0,0,0,0,0,0,0,0},{0,0,0,0,0,0,0,0,0}}
]
13:16:51.552 INFO  [main] SudokuBoard - Wartość 0 wstawiona nieprawidłowo
13:16:51.552 INFO  [main] SudokuBoard - Bład w kwadracie 0
sudoku.model.SudokuBoard@6c4c32ff[
  size=9
  solver=sudoku.model.BacktrackingSudokuSolver@5a1a5521
  board={{1,4,9,2,3,5,6,7,8},{2,3,5,7,6,8,4,9,1},{6,7,8,9,4,1,3,2,5},{3,6,4,8,2,9,1,5,7},{7,2,1,3,5,4,8,6,9},{8,0,0,0,0,0,0,0,0},{0,0,0,0,0,0,0,0,0},{0,0,0,0,0,0,0,0,0},{0,0,0,0,0,0,0,0,0}}
]
13:16:51.552 INFO  [main] SudokuBoard - Wartość 0 wstawiona nieprawidłowo
13:16:51.552 INFO  [main] SudokuBoard - Bład w kwadracie 0
sudoku.model.SudokuBoard@6c4c32ff[
  size=9
  solver=sudoku.model.BacktrackingSudokuSolver@5a1a5521
  board={{1,4,9,2,3,5,6,7,8},{2,3,5,7,6,8,4,9,1},{6,7,8,9,4,1,3,2,5},{3,6,4,8,2,9,1,5,7},{7,2,1,3,5,4,8,6,9},{0,0,0,0,0,0,0,0,0},{0,0,0,0,0,0,0,0,0},{0,0,0,0,0,0,0,0,0},{0,0,0,0,0,0,0,0,0}}
]
13:16:51.553 INFO  [main] SudokuBoard - Wartość 0 wstawiona nieprawidłowo
13:16:51.553 INFO  [main] SudokuBoard - Bład w kwadracie 0
sudoku.model.SudokuBoard@6c4c32ff[
  size=9
  solver=sudoku.model.BacktrackingSudokuSolver@5a1a5521
  board={{1,4,9,2,3,5,6,7,8},{2,3,5,7,6,8,4,9,1},{6,7,8,9,4,1,3,2,5},{3,6,4,8,2,9,1,5,7},{7,2,1,3,5,4,8,6,9},{9,0,0,0,0,0,0,0,0},{0,0,0,0,0,0,0,0,0},{0,0,0,0,0,0,0,0,0},{0,0,0,0,0,0,0,0,0}}
]
13:16:51.553 INFO  [main] SudokuBoard - Wartość 0 wstawiona nieprawidłowo
13:16:51.553 INFO  [main] SudokuBoard - Bład w kwadracie 0
sudoku.model.SudokuBoard@6c4c32ff[
  size=9
  solver=sudoku.model.BacktrackingSudokuSolver@5a1a5521
  board={{1,4,9,2,3,5,6,7,8},{2,3,5,7,6,8,4,9,1},{6,7,8,9,4,1,3,2,5},{3,6,4,8,2,9,1,5,7},{7,2,1,3,5,4,8,6,9},{9,0,0,0,0,0,0,0,0},{0,0,0,0,0,0,0,0,0},{0,0,0,0,0,0,0,0,0},{0,0,0,0,0,0,0,0,0}}
]
13:16:51.553 INFO  [main] SudokuBoard - Wartość 0 wstawiona nieprawidłowo
13:16:51.553 INFO  [main] SudokuBoard - Bład w kwadracie 0
sudoku.model.SudokuBoard@6c4c32ff[
  size=9
  solver=sudoku.model.BacktrackingSudokuSolver@5a1a5521
  board={{1,4,9,2,3,5,6,7,8},{2,3,5,7,6,8,4,9,1},{6,7,8,9,4,1,3,2,5},{3,6,4,8,2,9,1,5,7},{7,2,1,3,5,4,8,6,9},{0,0,0,0,0,0,0,0,0},{0,0,0,0,0,0,0,0,0},{0,0,0,0,0,0,0,0,0},{0,0,0,0,0,0,0,0,0}}
]
13:16:51.553 INFO  [main] SudokuBoard - Wartość 0 wstawiona nieprawidłowo
13:16:51.554 INFO  [main] SudokuBoard - Bład w kwadracie 0
sudoku.model.SudokuBoard@6c4c32ff[
  size=9
  solver=sudoku.model.BacktrackingSudokuSolver@5a1a5521
  board={{1,4,9,2,3,5,6,7,8},{2,3,5,7,6,8,4,9,1},{6,7,8,9,4,1,3,2,5},{3,6,4,8,2,9,1,5,7},{7,2,1,3,5,4,8,6,9},{5,0,0,0,0,0,0,0,0},{0,0,0,0,0,0,0,0,0},{0,0,0,0,0,0,0,0,0},{0,0,0,0,0,0,0,0,0}}
]
13:16:51.554 INFO  [main] SudokuBoard - Wartość 0 wstawiona nieprawidłowo
13:16:51.554 INFO  [main] SudokuBoard - Bład w kwadracie 0
sudoku.model.SudokuBoard@6c4c32ff[
  size=9
  solver=sudoku.model.BacktrackingSudokuSolver@5a1a5521
  board={{1,4,9,2,3,5,6,7,8},{2,3,5,7,6,8,4,9,1},{6,7,8,9,4,1,3,2,5},{3,6,4,8,2,9,1,5,7},{7,2,1,3,5,4,8,6,9},{5,0,0,0,0,0,0,0,0},{0,0,0,0,0,0,0,0,0},{0,0,0,0,0,0,0,0,0},{0,0,0,0,0,0,0,0,0}}
]
13:16:51.554 INFO  [main] SudokuBoard - Wartość 0 wstawiona nieprawidłowo
13:16:51.554 INFO  [main] SudokuBoard - Bład w kwadracie 0
sudoku.model.SudokuBoard@6c4c32ff[
  size=9
  solver=sudoku.model.BacktrackingSudokuSolver@5a1a5521
  board={{1,4,9,2,3,5,6,7,8},{2,3,5,7,6,8,4,9,1},{6,7,8,9,4,1,3,2,5},{3,6,4,8,2,9,1,5,7},{7,2,1,3,5,4,8,6,9},{0,0,0,0,0,0,0,0,0},{0,0,0,0,0,0,0,0,0},{0,0,0,0,0,0,0,0,0},{0,0,0,0,0,0,0,0,0}}
]
13:16:51.554 INFO  [main] SudokuBoard - Wartość 0 wstawiona nieprawidłowo
13:16:51.555 INFO  [main] SudokuBoard - Bład w kwadracie 0
sudoku.model.SudokuBoard@6c4c32ff[
  size=9
  solver=sudoku.model.BacktrackingSudokuSolver@5a1a5521
  board={{1,4,9,2,3,5,6,7,8},{2,3,5,7,6,8,4,9,1},{6,7,8,9,4,1,3,2,5},{3,6,4,8,2,9,1,5,7},{7,2,1,3,5,4,8,6,0},{0,0,0,0,0,0,0,0,0},{0,0,0,0,0,0,0,0,0},{0,0,0,0,0,0,0,0,0},{0,0,0,0,0,0,0,0,0}}
]
13:16:51.555 INFO  [main] SudokuBoard - Wartość 0 wstawiona nieprawidłowo
13:16:51.555 INFO  [main] SudokuBoard - Bład w kwadracie 0
sudoku.model.SudokuBoard@6c4c32ff[
  size=9
  solver=sudoku.model.BacktrackingSudokuSolver@5a1a5521
  board={{1,4,9,2,3,5,6,7,8},{2,3,5,7,6,8,4,9,1},{6,7,8,9,4,1,3,2,5},{3,6,4,8,2,9,1,5,7},{7,2,1,3,5,4,8,0,0},{0,0,0,0,0,0,0,0,0},{0,0,0,0,0,0,0,0,0},{0,0,0,0,0,0,0,0,0},{0,0,0,0,0,0,0,0,0}}
]
13:16:51.555 INFO  [main] SudokuBoard - Wartość 0 wstawiona nieprawidłowo
13:16:51.555 INFO  [main] SudokuBoard - Bład w kwadracie 0
sudoku.model.SudokuBoard@6c4c32ff[
  size=9
  solver=sudoku.model.BacktrackingSudokuSolver@5a1a5521
  board={{1,4,9,2,3,5,6,7,8},{2,3,5,7,6,8,4,9,1},{6,7,8,9,4,1,3,2,5},{3,6,4,8,2,9,1,5,7},{7,2,1,3,5,4,0,0,0},{0,0,0,0,0,0,0,0,0},{0,0,0,0,0,0,0,0,0},{0,0,0,0,0,0,0,0,0},{0,0,0,0,0,0,0,0,0}}
]
13:16:51.555 INFO  [main] SudokuBoard - Wartość 0 wstawiona nieprawidłowo
13:16:51.555 INFO  [main] SudokuBoard - Bład w kwadracie 0
sudoku.model.SudokuBoard@6c4c32ff[
  size=9
  solver=sudoku.model.BacktrackingSudokuSolver@5a1a5521
  board={{1,4,9,2,3,5,6,7,8},{2,3,5,7,6,8,4,9,1},{6,7,8,9,4,1,3,2,5},{3,6,4,8,2,9,1,5,7},{7,2,1,3,5,4,9,0,0},{0,0,0,0,0,0,0,0,0},{0,0,0,0,0,0,0,0,0},{0,0,0,0,0,0,0,0,0},{0,0,0,0,0,0,0,0,0}}
]
13:16:51.555 INFO  [main] SudokuBoard - Wartość 0 wstawiona nieprawidłowo
13:16:51.555 INFO  [main] SudokuBoard - Bład w kwadracie 0
sudoku.model.SudokuBoard@6c4c32ff[
  size=9
  solver=sudoku.model.BacktrackingSudokuSolver@5a1a5521
  board={{1,4,9,2,3,5,6,7,8},{2,3,5,7,6,8,4,9,1},{6,7,8,9,4,1,3,2,5},{3,6,4,8,2,9,1,5,7},{7,2,1,3,5,4,9,8,6},{5,0,0,0,0,0,0,0,0},{0,0,0,0,0,0,0,0,0},{0,0,0,0,0,0,0,0,0},{0,0,0,0,0,0,0,0,0}}
]
13:16:51.555 INFO  [main] SudokuBoard - Wartość 0 wstawiona nieprawidłowo
13:16:51.555 INFO  [main] SudokuBoard - Bład w kwadracie 0
sudoku.model.SudokuBoard@6c4c32ff[
  size=9
  solver=sudoku.model.BacktrackingSudokuSolver@5a1a5521
  board={{1,4,9,2,3,5,6,7,8},{2,3,5,7,6,8,4,9,1},{6,7,8,9,4,1,3,2,5},{3,6,4,8,2,9,1,5,7},{7,2,1,3,5,4,9,8,6},{5,0,0,0,0,0,0,0,0},{0,0,0,0,0,0,0,0,0},{0,0,0,0,0,0,0,0,0},{0,0,0,0,0,0,0,0,0}}
]
13:16:51.556 INFO  [main] SudokuBoard - Wartość 0 wstawiona nieprawidłowo
13:16:51.556 INFO  [main] SudokuBoard - Bład w kwadracie 0
sudoku.model.SudokuBoard@6c4c32ff[
  size=9
  solver=sudoku.model.BacktrackingSudokuSolver@5a1a5521
  board={{1,4,9,2,3,5,6,7,8},{2,3,5,7,6,8,4,9,1},{6,7,8,9,4,1,3,2,5},{3,6,4,8,2,9,1,5,7},{7,2,1,3,5,4,9,8,6},{0,0,0,0,0,0,0,0,0},{0,0,0,0,0,0,0,0,0},{0,0,0,0,0,0,0,0,0},{0,0,0,0,0,0,0,0,0}}
]
13:16:51.556 INFO  [main] SudokuBoard - Wartość 0 wstawiona nieprawidłowo
13:16:51.556 INFO  [main] SudokuBoard - Bład w kwadracie 0
sudoku.model.SudokuBoard@6c4c32ff[
  size=9
  solver=sudoku.model.BacktrackingSudokuSolver@5a1a5521
  board={{1,4,9,2,3,5,6,7,8},{2,3,5,7,6,8,4,9,1},{6,7,8,9,4,1,3,2,5},{3,6,4,8,2,9,1,5,7},{7,2,1,3,5,4,9,8,6},{8,0,0,0,0,0,0,0,0},{0,0,0,0,0,0,0,0,0},{0,0,0,0,0,0,0,0,0},{0,0,0,0,0,0,0,0,0}}
]
13:16:51.556 INFO  [main] SudokuBoard - Wartość 0 wstawiona nieprawidłowo
13:16:51.556 INFO  [main] SudokuBoard - Bład w kwadracie 0
sudoku.model.SudokuBoard@6c4c32ff[
  size=9
  solver=sudoku.model.BacktrackingSudokuSolver@5a1a5521
  board={{1,4,9,2,3,5,6,7,8},{2,3,5,7,6,8,4,9,1},{6,7,8,9,4,1,3,2,5},{3,6,4,8,2,9,1,5,7},{7,2,1,3,5,4,9,8,6},{8,0,0,0,0,0,0,0,0},{0,0,0,0,0,0,0,0,0},{0,0,0,0,0,0,0,0,0},{0,0,0,0,0,0,0,0,0}}
]
13:16:51.556 INFO  [main] SudokuBoard - Wartość 0 wstawiona nieprawidłowo
13:16:51.556 INFO  [main] SudokuBoard - Bład w kwadracie 0
sudoku.model.SudokuBoard@6c4c32ff[
  size=9
  solver=sudoku.model.BacktrackingSudokuSolver@5a1a5521
  board={{1,4,9,2,3,5,6,7,8},{2,3,5,7,6,8,4,9,1},{6,7,8,9,4,1,3,2,5},{3,6,4,8,2,9,1,5,7},{7,2,1,3,5,4,9,8,6},{0,0,0,0,0,0,0,0,0},{0,0,0,0,0,0,0,0,0},{0,0,0,0,0,0,0,0,0},{0,0,0,0,0,0,0,0,0}}
]
13:16:51.556 INFO  [main] SudokuBoard - Wartość 0 wstawiona nieprawidłowo
13:16:51.556 INFO  [main] SudokuBoard - Bład w kwadracie 0
sudoku.model.SudokuBoard@6c4c32ff[
  size=9
  solver=sudoku.model.BacktrackingSudokuSolver@5a1a5521
  board={{1,4,9,2,3,5,6,7,8},{2,3,5,7,6,8,4,9,1},{6,7,8,9,4,1,3,2,5},{3,6,4,8,2,9,1,5,7},{7,2,1,3,5,4,9,8,6},{9,0,0,0,0,0,0,0,0},{0,0,0,0,0,0,0,0,0},{0,0,0,0,0,0,0,0,0},{0,0,0,0,0,0,0,0,0}}
]
13:16:51.556 INFO  [main] SudokuBoard - Wartość 0 wstawiona nieprawidłowo
13:16:51.556 INFO  [main] SudokuBoard - Bład w kwadracie 0
sudoku.model.SudokuBoard@6c4c32ff[
  size=9
  solver=sudoku.model.BacktrackingSudokuSolver@5a1a5521
  board={{1,4,9,2,3,5,6,7,8},{2,3,5,7,6,8,4,9,1},{6,7,8,9,4,1,3,2,5},{3,6,4,8,2,9,1,5,7},{7,2,1,3,5,4,9,8,6},{9,0,0,0,0,0,0,0,0},{0,0,0,0,0,0,0,0,0},{0,0,0,0,0,0,0,0,0},{0,0,0,0,0,0,0,0,0}}
]
13:16:51.557 INFO  [main] SudokuBoard - Wartość 0 wstawiona nieprawidłowo
13:16:51.557 INFO  [main] SudokuBoard - Bład w kwadracie 0
sudoku.model.SudokuBoard@6c4c32ff[
  size=9
  solver=sudoku.model.BacktrackingSudokuSolver@5a1a5521
  board={{1,4,9,2,3,5,6,7,8},{2,3,5,7,6,8,4,9,1},{6,7,8,9,4,1,3,2,5},{3,6,4,8,2,9,1,5,7},{7,2,1,3,5,4,9,8,6},{0,0,0,0,0,0,0,0,0},{0,0,0,0,0,0,0,0,0},{0,0,0,0,0,0,0,0,0},{0,0,0,0,0,0,0,0,0}}
]
13:16:51.557 INFO  [main] SudokuBoard - Wartość 0 wstawiona nieprawidłowo
13:16:51.557 INFO  [main] SudokuBoard - Bład w kwadracie 0
sudoku.model.SudokuBoard@6c4c32ff[
  size=9
  solver=sudoku.model.BacktrackingSudokuSolver@5a1a5521
  board={{1,4,9,2,3,5,6,7,8},{2,3,5,7,6,8,4,9,1},{6,7,8,9,4,1,3,2,5},{3,6,4,8,2,9,1,5,7},{7,2,1,3,5,4,9,8,0},{0,0,0,0,0,0,0,0,0},{0,0,0,0,0,0,0,0,0},{0,0,0,0,0,0,0,0,0},{0,0,0,0,0,0,0,0,0}}
]
13:16:51.557 INFO  [main] SudokuBoard - Wartość 0 wstawiona nieprawidłowo
13:16:51.557 INFO  [main] SudokuBoard - Bład w kwadracie 0
sudoku.model.SudokuBoard@6c4c32ff[
  size=9
  solver=sudoku.model.BacktrackingSudokuSolver@5a1a5521
  board={{1,4,9,2,3,5,6,7,8},{2,3,5,7,6,8,4,9,1},{6,7,8,9,4,1,3,2,5},{3,6,4,8,2,9,1,5,7},{7,2,1,3,5,4,9,0,0},{0,0,0,0,0,0,0,0,0},{0,0,0,0,0,0,0,0,0},{0,0,0,0,0,0,0,0,0},{0,0,0,0,0,0,0,0,0}}
]
13:16:51.557 INFO  [main] SudokuBoard - Wartość 0 wstawiona nieprawidłowo
13:16:51.557 INFO  [main] SudokuBoard - Bład w kwadracie 0
sudoku.model.SudokuBoard@6c4c32ff[
  size=9
  solver=sudoku.model.BacktrackingSudokuSolver@5a1a5521
  board={{1,4,9,2,3,5,6,7,8},{2,3,5,7,6,8,4,9,1},{6,7,8,9,4,1,3,2,5},{3,6,4,8,2,9,1,5,7},{7,2,1,3,5,4,0,0,0},{0,0,0,0,0,0,0,0,0},{0,0,0,0,0,0,0,0,0},{0,0,0,0,0,0,0,0,0},{0,0,0,0,0,0,0,0,0}}
]
13:16:51.557 INFO  [main] SudokuBoard - Wartość 0 wstawiona nieprawidłowo
13:16:51.557 INFO  [main] SudokuBoard - Bład w kwadracie 0
sudoku.model.SudokuBoard@6c4c32ff[
  size=9
  solver=sudoku.model.BacktrackingSudokuSolver@5a1a5521
  board={{1,4,9,2,3,5,6,7,8},{2,3,5,7,6,8,4,9,1},{6,7,8,9,4,1,3,2,5},{3,6,4,8,2,9,1,5,7},{7,2,1,3,5,0,0,0,0},{0,0,0,0,0,0,0,0,0},{0,0,0,0,0,0,0,0,0},{0,0,0,0,0,0,0,0,0},{0,0,0,0,0,0,0,0,0}}
]
13:16:51.557 INFO  [main] SudokuBoard - Wartość 0 wstawiona nieprawidłowo
13:16:51.558 INFO  [main] SudokuBoard - Bład w kwadracie 0
sudoku.model.SudokuBoard@6c4c32ff[
  size=9
  solver=sudoku.model.BacktrackingSudokuSolver@5a1a5521
  board={{1,4,9,2,3,5,6,7,8},{2,3,5,7,6,8,4,9,1},{6,7,8,9,4,1,3,2,5},{3,6,4,8,2,9,1,5,7},{7,2,1,3,5,6,8,4,9},{8,0,0,0,0,0,0,0,0},{0,0,0,0,0,0,0,0,0},{0,0,0,0,0,0,0,0,0},{0,0,0,0,0,0,0,0,0}}
]
13:16:51.558 INFO  [main] SudokuBoard - Wartość 0 wstawiona nieprawidłowo
13:16:51.558 INFO  [main] SudokuBoard - Bład w kwadracie 0
sudoku.model.SudokuBoard@6c4c32ff[
  size=9
  solver=sudoku.model.BacktrackingSudokuSolver@5a1a5521
  board={{1,4,9,2,3,5,6,7,8},{2,3,5,7,6,8,4,9,1},{6,7,8,9,4,1,3,2,5},{3,6,4,8,2,9,1,5,7},{7,2,1,3,5,6,8,4,9},{8,0,0,0,0,0,0,0,0},{0,0,0,0,0,0,0,0,0},{0,0,0,0,0,0,0,0,0},{0,0,0,0,0,0,0,0,0}}
]
13:16:51.558 INFO  [main] SudokuBoard - Wartość 0 wstawiona nieprawidłowo
13:16:51.558 INFO  [main] SudokuBoard - Bład w kwadracie 0
sudoku.model.SudokuBoard@6c4c32ff[
  size=9
  solver=sudoku.model.BacktrackingSudokuSolver@5a1a5521
  board={{1,4,9,2,3,5,6,7,8},{2,3,5,7,6,8,4,9,1},{6,7,8,9,4,1,3,2,5},{3,6,4,8,2,9,1,5,7},{7,2,1,3,5,6,8,4,9},{0,0,0,0,0,0,0,0,0},{0,0,0,0,0,0,0,0,0},{0,0,0,0,0,0,0,0,0},{0,0,0,0,0,0,0,0,0}}
]
13:16:51.558 INFO  [main] SudokuBoard - Wartość 0 wstawiona nieprawidłowo
13:16:51.558 INFO  [main] SudokuBoard - Bład w kwadracie 0
sudoku.model.SudokuBoard@6c4c32ff[
  size=9
  solver=sudoku.model.BacktrackingSudokuSolver@5a1a5521
  board={{1,4,9,2,3,5,6,7,8},{2,3,5,7,6,8,4,9,1},{6,7,8,9,4,1,3,2,5},{3,6,4,8,2,9,1,5,7},{7,2,1,3,5,6,8,4,9},{9,0,0,0,0,0,0,0,0},{0,0,0,0,0,0,0,0,0},{0,0,0,0,0,0,0,0,0},{0,0,0,0,0,0,0,0,0}}
]
13:16:51.558 INFO  [main] SudokuBoard - Wartość 0 wstawiona nieprawidłowo
13:16:51.558 INFO  [main] SudokuBoard - Bład w kwadracie 0
sudoku.model.SudokuBoard@6c4c32ff[
  size=9
  solver=sudoku.model.BacktrackingSudokuSolver@5a1a5521
  board={{1,4,9,2,3,5,6,7,8},{2,3,5,7,6,8,4,9,1},{6,7,8,9,4,1,3,2,5},{3,6,4,8,2,9,1,5,7},{7,2,1,3,5,6,8,4,9},{9,0,0,0,0,0,0,0,0},{0,0,0,0,0,0,0,0,0},{0,0,0,0,0,0,0,0,0},{0,0,0,0,0,0,0,0,0}}
]
13:16:51.559 INFO  [main] SudokuBoard - Wartość 0 wstawiona nieprawidłowo
13:16:51.559 INFO  [main] SudokuBoard - Bład w kwadracie 0
sudoku.model.SudokuBoard@6c4c32ff[
  size=9
  solver=sudoku.model.BacktrackingSudokuSolver@5a1a5521
  board={{1,4,9,2,3,5,6,7,8},{2,3,5,7,6,8,4,9,1},{6,7,8,9,4,1,3,2,5},{3,6,4,8,2,9,1,5,7},{7,2,1,3,5,6,8,4,9},{0,0,0,0,0,0,0,0,0},{0,0,0,0,0,0,0,0,0},{0,0,0,0,0,0,0,0,0},{0,0,0,0,0,0,0,0,0}}
]
13:16:51.559 INFO  [main] SudokuBoard - Wartość 0 wstawiona nieprawidłowo
13:16:51.559 INFO  [main] SudokuBoard - Bład w kwadracie 0
sudoku.model.SudokuBoard@6c4c32ff[
  size=9
  solver=sudoku.model.BacktrackingSudokuSolver@5a1a5521
  board={{1,4,9,2,3,5,6,7,8},{2,3,5,7,6,8,4,9,1},{6,7,8,9,4,1,3,2,5},{3,6,4,8,2,9,1,5,7},{7,2,1,3,5,6,8,4,9},{5,0,0,0,0,0,0,0,0},{0,0,0,0,0,0,0,0,0},{0,0,0,0,0,0,0,0,0},{0,0,0,0,0,0,0,0,0}}
]
13:16:51.559 INFO  [main] SudokuBoard - Wartość 0 wstawiona nieprawidłowo
13:16:51.559 INFO  [main] SudokuBoard - Bład w kwadracie 0
sudoku.model.SudokuBoard@6c4c32ff[
  size=9
  solver=sudoku.model.BacktrackingSudokuSolver@5a1a5521
  board={{1,4,9,2,3,5,6,7,8},{2,3,5,7,6,8,4,9,1},{6,7,8,9,4,1,3,2,5},{3,6,4,8,2,9,1,5,7},{7,2,1,3,5,6,8,4,9},{5,0,0,0,0,0,0,0,0},{0,0,0,0,0,0,0,0,0},{0,0,0,0,0,0,0,0,0},{0,0,0,0,0,0,0,0,0}}
]
13:16:51.559 INFO  [main] SudokuBoard - Wartość 0 wstawiona nieprawidłowo
13:16:51.559 INFO  [main] SudokuBoard - Bład w kwadracie 0
sudoku.model.SudokuBoard@6c4c32ff[
  size=9
  solver=sudoku.model.BacktrackingSudokuSolver@5a1a5521
  board={{1,4,9,2,3,5,6,7,8},{2,3,5,7,6,8,4,9,1},{6,7,8,9,4,1,3,2,5},{3,6,4,8,2,9,1,5,7},{7,2,1,3,5,6,8,4,9},{0,0,0,0,0,0,0,0,0},{0,0,0,0,0,0,0,0,0},{0,0,0,0,0,0,0,0,0},{0,0,0,0,0,0,0,0,0}}
]
13:16:51.560 INFO  [main] SudokuBoard - Wartość 0 wstawiona nieprawidłowo
13:16:51.560 INFO  [main] SudokuBoard - Bład w kwadracie 0
sudoku.model.SudokuBoard@6c4c32ff[
  size=9
  solver=sudoku.model.BacktrackingSudokuSolver@5a1a5521
  board={{1,4,9,2,3,5,6,7,8},{2,3,5,7,6,8,4,9,1},{6,7,8,9,4,1,3,2,5},{3,6,4,8,2,9,1,5,7},{7,2,1,3,5,6,8,4,0},{0,0,0,0,0,0,0,0,0},{0,0,0,0,0,0,0,0,0},{0,0,0,0,0,0,0,0,0},{0,0,0,0,0,0,0,0,0}}
]
13:16:51.561 INFO  [main] SudokuBoard - Wartość 0 wstawiona nieprawidłowo
13:16:51.562 INFO  [main] SudokuBoard - Bład w kwadracie 0
sudoku.model.SudokuBoard@6c4c32ff[
  size=9
  solver=sudoku.model.BacktrackingSudokuSolver@5a1a5521
  board={{1,4,9,2,3,5,6,7,8},{2,3,5,7,6,8,4,9,1},{6,7,8,9,4,1,3,2,5},{3,6,4,8,2,9,1,5,7},{7,2,1,3,5,6,8,0,0},{0,0,0,0,0,0,0,0,0},{0,0,0,0,0,0,0,0,0},{0,0,0,0,0,0,0,0,0},{0,0,0,0,0,0,0,0,0}}
]
13:16:51.562 INFO  [main] SudokuBoard - Wartość 0 wstawiona nieprawidłowo
13:16:51.562 INFO  [main] SudokuBoard - Bład w kwadracie 0
sudoku.model.SudokuBoard@6c4c32ff[
  size=9
  solver=sudoku.model.BacktrackingSudokuSolver@5a1a5521
  board={{1,4,9,2,3,5,6,7,8},{2,3,5,7,6,8,4,9,1},{6,7,8,9,4,1,3,2,5},{3,6,4,8,2,9,1,5,7},{7,2,1,3,5,6,0,0,0},{0,0,0,0,0,0,0,0,0},{0,0,0,0,0,0,0,0,0},{0,0,0,0,0,0,0,0,0},{0,0,0,0,0,0,0,0,0}}
]
13:16:51.562 INFO  [main] SudokuBoard - Wartość 0 wstawiona nieprawidłowo
13:16:51.562 INFO  [main] SudokuBoard - Bład w kwadracie 0
sudoku.model.SudokuBoard@6c4c32ff[
  size=9
  solver=sudoku.model.BacktrackingSudokuSolver@5a1a5521
  board={{1,4,9,2,3,5,6,7,8},{2,3,5,7,6,8,4,9,1},{6,7,8,9,4,1,3,2,5},{3,6,4,8,2,9,1,5,7},{7,2,1,3,5,6,9,8,4},{8,0,0,0,0,0,0,0,0},{0,0,0,0,0,0,0,0,0},{0,0,0,0,0,0,0,0,0},{0,0,0,0,0,0,0,0,0}}
]
13:16:51.562 INFO  [main] SudokuBoard - Wartość 0 wstawiona nieprawidłowo
13:16:51.562 INFO  [main] SudokuBoard - Bład w kwadracie 0
sudoku.model.SudokuBoard@6c4c32ff[
  size=9
  solver=sudoku.model.BacktrackingSudokuSolver@5a1a5521
  board={{1,4,9,2,3,5,6,7,8},{2,3,5,7,6,8,4,9,1},{6,7,8,9,4,1,3,2,5},{3,6,4,8,2,9,1,5,7},{7,2,1,3,5,6,9,8,4},{8,0,0,0,0,0,0,0,0},{0,0,0,0,0,0,0,0,0},{0,0,0,0,0,0,0,0,0},{0,0,0,0,0,0,0,0,0}}
]
13:16:51.562 INFO  [main] SudokuBoard - Wartość 0 wstawiona nieprawidłowo
13:16:51.562 INFO  [main] SudokuBoard - Bład w kwadracie 0
sudoku.model.SudokuBoard@6c4c32ff[
  size=9
  solver=sudoku.model.BacktrackingSudokuSolver@5a1a5521
  board={{1,4,9,2,3,5,6,7,8},{2,3,5,7,6,8,4,9,1},{6,7,8,9,4,1,3,2,5},{3,6,4,8,2,9,1,5,7},{7,2,1,3,5,6,9,8,4},{0,0,0,0,0,0,0,0,0},{0,0,0,0,0,0,0,0,0},{0,0,0,0,0,0,0,0,0},{0,0,0,0,0,0,0,0,0}}
]
13:16:51.562 INFO  [main] SudokuBoard - Wartość 0 wstawiona nieprawidłowo
13:16:51.562 INFO  [main] SudokuBoard - Bład w kwadracie 0
sudoku.model.SudokuBoard@6c4c32ff[
  size=9
  solver=sudoku.model.BacktrackingSudokuSolver@5a1a5521
  board={{1,4,9,2,3,5,6,7,8},{2,3,5,7,6,8,4,9,1},{6,7,8,9,4,1,3,2,5},{3,6,4,8,2,9,1,5,7},{7,2,1,3,5,6,9,8,4},{9,0,0,0,0,0,0,0,0},{0,0,0,0,0,0,0,0,0},{0,0,0,0,0,0,0,0,0},{0,0,0,0,0,0,0,0,0}}
]
13:16:51.562 INFO  [main] SudokuBoard - Wartość 0 wstawiona nieprawidłowo
13:16:51.563 INFO  [main] SudokuBoard - Bład w kwadracie 0
sudoku.model.SudokuBoard@6c4c32ff[
  size=9
  solver=sudoku.model.BacktrackingSudokuSolver@5a1a5521
  board={{1,4,9,2,3,5,6,7,8},{2,3,5,7,6,8,4,9,1},{6,7,8,9,4,1,3,2,5},{3,6,4,8,2,9,1,5,7},{7,2,1,3,5,6,9,8,4},{9,0,0,0,0,0,0,0,0},{0,0,0,0,0,0,0,0,0},{0,0,0,0,0,0,0,0,0},{0,0,0,0,0,0,0,0,0}}
]
13:16:51.563 INFO  [main] SudokuBoard - Wartość 0 wstawiona nieprawidłowo
13:16:51.563 INFO  [main] SudokuBoard - Bład w kwadracie 0
sudoku.model.SudokuBoard@6c4c32ff[
  size=9
  solver=sudoku.model.BacktrackingSudokuSolver@5a1a5521
  board={{1,4,9,2,3,5,6,7,8},{2,3,5,7,6,8,4,9,1},{6,7,8,9,4,1,3,2,5},{3,6,4,8,2,9,1,5,7},{7,2,1,3,5,6,9,8,4},{0,0,0,0,0,0,0,0,0},{0,0,0,0,0,0,0,0,0},{0,0,0,0,0,0,0,0,0},{0,0,0,0,0,0,0,0,0}}
]
13:16:51.563 INFO  [main] SudokuBoard - Wartość 0 wstawiona nieprawidłowo
13:16:51.563 INFO  [main] SudokuBoard - Bład w kwadracie 0
sudoku.model.SudokuBoard@6c4c32ff[
  size=9
  solver=sudoku.model.BacktrackingSudokuSolver@5a1a5521
  board={{1,4,9,2,3,5,6,7,8},{2,3,5,7,6,8,4,9,1},{6,7,8,9,4,1,3,2,5},{3,6,4,8,2,9,1,5,7},{7,2,1,3,5,6,9,8,4},{5,0,0,0,0,0,0,0,0},{0,0,0,0,0,0,0,0,0},{0,0,0,0,0,0,0,0,0},{0,0,0,0,0,0,0,0,0}}
]
13:16:51.563 INFO  [main] SudokuBoard - Wartość 0 wstawiona nieprawidłowo
13:16:51.563 INFO  [main] SudokuBoard - Bład w kwadracie 0
sudoku.model.SudokuBoard@6c4c32ff[
  size=9
  solver=sudoku.model.BacktrackingSudokuSolver@5a1a5521
  board={{1,4,9,2,3,5,6,7,8},{2,3,5,7,6,8,4,9,1},{6,7,8,9,4,1,3,2,5},{3,6,4,8,2,9,1,5,7},{7,2,1,3,5,6,9,8,4},{5,0,0,0,0,0,0,0,0},{0,0,0,0,0,0,0,0,0},{0,0,0,0,0,0,0,0,0},{0,0,0,0,0,0,0,0,0}}
]
13:16:51.563 INFO  [main] SudokuBoard - Wartość 0 wstawiona nieprawidłowo
13:16:51.563 INFO  [main] SudokuBoard - Bład w kwadracie 0
sudoku.model.SudokuBoard@6c4c32ff[
  size=9
  solver=sudoku.model.BacktrackingSudokuSolver@5a1a5521
  board={{1,4,9,2,3,5,6,7,8},{2,3,5,7,6,8,4,9,1},{6,7,8,9,4,1,3,2,5},{3,6,4,8,2,9,1,5,7},{7,2,1,3,5,6,9,8,4},{0,0,0,0,0,0,0,0,0},{0,0,0,0,0,0,0,0,0},{0,0,0,0,0,0,0,0,0},{0,0,0,0,0,0,0,0,0}}
]
13:16:51.563 INFO  [main] SudokuBoard - Wartość 0 wstawiona nieprawidłowo
13:16:51.563 INFO  [main] SudokuBoard - Bład w kwadracie 0
sudoku.model.SudokuBoard@6c4c32ff[
  size=9
  solver=sudoku.model.BacktrackingSudokuSolver@5a1a5521
  board={{1,4,9,2,3,5,6,7,8},{2,3,5,7,6,8,4,9,1},{6,7,8,9,4,1,3,2,5},{3,6,4,8,2,9,1,5,7},{7,2,1,3,5,6,9,8,0},{0,0,0,0,0,0,0,0,0},{0,0,0,0,0,0,0,0,0},{0,0,0,0,0,0,0,0,0},{0,0,0,0,0,0,0,0,0}}
]
13:16:51.563 INFO  [main] SudokuBoard - Wartość 0 wstawiona nieprawidłowo
13:16:51.563 INFO  [main] SudokuBoard - Bład w kwadracie 0
sudoku.model.SudokuBoard@6c4c32ff[
  size=9
  solver=sudoku.model.BacktrackingSudokuSolver@5a1a5521
  board={{1,4,9,2,3,5,6,7,8},{2,3,5,7,6,8,4,9,1},{6,7,8,9,4,1,3,2,5},{3,6,4,8,2,9,1,5,7},{7,2,1,3,5,6,9,0,0},{0,0,0,0,0,0,0,0,0},{0,0,0,0,0,0,0,0,0},{0,0,0,0,0,0,0,0,0},{0,0,0,0,0,0,0,0,0}}
]
13:16:51.564 INFO  [main] SudokuBoard - Wartość 0 wstawiona nieprawidłowo
13:16:51.565 INFO  [main] SudokuBoard - Bład w kwadracie 0
sudoku.model.SudokuBoard@6c4c32ff[
  size=9
  solver=sudoku.model.BacktrackingSudokuSolver@5a1a5521
  board={{1,4,9,2,3,5,6,7,8},{2,3,5,7,6,8,4,9,1},{6,7,8,9,4,1,3,2,5},{3,6,4,8,2,9,1,5,7},{7,2,1,3,5,6,9,0,0},{0,0,0,0,0,0,0,0,0},{0,0,0,0,0,0,0,0,0},{0,0,0,0,0,0,0,0,0},{0,0,0,0,0,0,0,0,0}}
]
13:16:51.565 INFO  [main] SudokuBoard - Wartość 0 wstawiona nieprawidłowo
13:16:51.565 INFO  [main] SudokuBoard - Bład w kwadracie 0
sudoku.model.SudokuBoard@6c4c32ff[
  size=9
  solver=sudoku.model.BacktrackingSudokuSolver@5a1a5521
  board={{1,4,9,2,3,5,6,7,8},{2,3,5,7,6,8,4,9,1},{6,7,8,9,4,1,3,2,5},{3,6,4,8,2,9,1,5,7},{7,2,1,3,5,6,0,0,0},{0,0,0,0,0,0,0,0,0},{0,0,0,0,0,0,0,0,0},{0,0,0,0,0,0,0,0,0},{0,0,0,0,0,0,0,0,0}}
]
13:16:51.565 INFO  [main] SudokuBoard - Wartość 0 wstawiona nieprawidłowo
13:16:51.565 INFO  [main] SudokuBoard - Bład w kwadracie 0
sudoku.model.SudokuBoard@6c4c32ff[
  size=9
  solver=sudoku.model.BacktrackingSudokuSolver@5a1a5521
  board={{1,4,9,2,3,5,6,7,8},{2,3,5,7,6,8,4,9,1},{6,7,8,9,4,1,3,2,5},{3,6,4,8,2,9,1,5,7},{7,2,1,3,5,0,0,0,0},{0,0,0,0,0,0,0,0,0},{0,0,0,0,0,0,0,0,0},{0,0,0,0,0,0,0,0,0},{0,0,0,0,0,0,0,0,0}}
]
13:16:51.565 INFO  [main] SudokuBoard - Wartość 0 wstawiona nieprawidłowo
13:16:51.565 INFO  [main] SudokuBoard - Bład w kwadracie 0
sudoku.model.SudokuBoard@6c4c32ff[
  size=9
  solver=sudoku.model.BacktrackingSudokuSolver@5a1a5521
  board={{1,4,9,2,3,5,6,7,8},{2,3,5,7,6,8,4,9,1},{6,7,8,9,4,1,3,2,5},{3,6,4,8,2,9,1,5,7},{7,2,1,3,0,0,0,0,0},{0,0,0,0,0,0,0,0,0},{0,0,0,0,0,0,0,0,0},{0,0,0,0,0,0,0,0,0},{0,0,0,0,0,0,0,0,0}}
]
13:16:51.565 INFO  [main] SudokuBoard - Wartość 0 wstawiona nieprawidłowo
13:16:51.565 INFO  [main] SudokuBoard - Bład w kwadracie 0
sudoku.model.SudokuBoard@6c4c32ff[
  size=9
  solver=sudoku.model.BacktrackingSudokuSolver@5a1a5521
  board={{1,4,9,2,3,5,6,7,8},{2,3,5,7,6,8,4,9,1},{6,7,8,9,4,1,3,2,5},{3,6,4,8,2,9,1,5,7},{7,2,1,0,0,0,0,0,0},{0,0,0,0,0,0,0,0,0},{0,0,0,0,0,0,0,0,0},{0,0,0,0,0,0,0,0,0},{0,0,0,0,0,0,0,0,0}}
]
13:16:51.565 INFO  [main] SudokuBoard - Wartość 0 wstawiona nieprawidłowo
13:16:51.565 INFO  [main] SudokuBoard - Bład w kwadracie 0
sudoku.model.SudokuBoard@6c4c32ff[
  size=9
  solver=sudoku.model.BacktrackingSudokuSolver@5a1a5521
  board={{1,4,9,2,3,5,6,7,8},{2,3,5,7,6,8,4,9,1},{6,7,8,9,4,1,3,2,5},{3,6,4,8,2,9,1,5,7},{7,2,1,4,5,6,8,3,9},{5,0,0,0,0,0,0,0,0},{0,0,0,0,0,0,0,0,0},{0,0,0,0,0,0,0,0,0},{0,0,0,0,0,0,0,0,0}}
]
13:16:51.569 INFO  [main] SudokuBoard - Wartość 0 wstawiona nieprawidłowo
13:16:51.569 INFO  [main] SudokuBoard - Bład w kwadracie 0
sudoku.model.SudokuBoard@6c4c32ff[
  size=9
  solver=sudoku.model.BacktrackingSudokuSolver@5a1a5521
  board={{1,4,9,2,3,5,6,7,8},{2,3,5,7,6,8,4,9,1},{6,7,8,9,4,1,3,2,5},{3,6,4,8,2,9,1,5,7},{7,2,1,4,5,6,8,3,9},{5,0,0,0,0,0,0,0,0},{0,0,0,0,0,0,0,0,0},{0,0,0,0,0,0,0,0,0},{0,0,0,0,0,0,0,0,0}}
]
13:16:51.569 INFO  [main] SudokuBoard - Wartość 0 wstawiona nieprawidłowo
13:16:51.569 INFO  [main] SudokuBoard - Bład w kwadracie 0
sudoku.model.SudokuBoard@6c4c32ff[
  size=9
  solver=sudoku.model.BacktrackingSudokuSolver@5a1a5521
  board={{1,4,9,2,3,5,6,7,8},{2,3,5,7,6,8,4,9,1},{6,7,8,9,4,1,3,2,5},{3,6,4,8,2,9,1,5,7},{7,2,1,4,5,6,8,3,9},{0,0,0,0,0,0,0,0,0},{0,0,0,0,0,0,0,0,0},{0,0,0,0,0,0,0,0,0},{0,0,0,0,0,0,0,0,0}}
]
13:16:51.569 INFO  [main] SudokuBoard - Wartość 0 wstawiona nieprawidłowo
13:16:51.569 INFO  [main] SudokuBoard - Bład w kwadracie 0
sudoku.model.SudokuBoard@6c4c32ff[
  size=9
  solver=sudoku.model.BacktrackingSudokuSolver@5a1a5521
  board={{1,4,9,2,3,5,6,7,8},{2,3,5,7,6,8,4,9,1},{6,7,8,9,4,1,3,2,5},{3,6,4,8,2,9,1,5,7},{7,2,1,4,5,6,8,3,9},{8,0,0,0,0,0,0,0,0},{0,0,0,0,0,0,0,0,0},{0,0,0,0,0,0,0,0,0},{0,0,0,0,0,0,0,0,0}}
]
13:16:51.569 INFO  [main] SudokuBoard - Wartość 0 wstawiona nieprawidłowo
13:16:51.570 INFO  [main] SudokuBoard - Bład w kwadracie 0
sudoku.model.SudokuBoard@6c4c32ff[
  size=9
  solver=sudoku.model.BacktrackingSudokuSolver@5a1a5521
  board={{1,4,9,2,3,5,6,7,8},{2,3,5,7,6,8,4,9,1},{6,7,8,9,4,1,3,2,5},{3,6,4,8,2,9,1,5,7},{7,2,1,4,5,6,8,3,9},{8,0,0,0,0,0,0,0,0},{0,0,0,0,0,0,0,0,0},{0,0,0,0,0,0,0,0,0},{0,0,0,0,0,0,0,0,0}}
]
13:16:51.571 INFO  [main] SudokuBoard - Wartość 0 wstawiona nieprawidłowo
13:16:51.571 INFO  [main] SudokuBoard - Bład w kwadracie 0
sudoku.model.SudokuBoard@6c4c32ff[
  size=9
  solver=sudoku.model.BacktrackingSudokuSolver@5a1a5521
  board={{1,4,9,2,3,5,6,7,8},{2,3,5,7,6,8,4,9,1},{6,7,8,9,4,1,3,2,5},{3,6,4,8,2,9,1,5,7},{7,2,1,4,5,6,8,3,9},{0,0,0,0,0,0,0,0,0},{0,0,0,0,0,0,0,0,0},{0,0,0,0,0,0,0,0,0},{0,0,0,0,0,0,0,0,0}}
]
13:16:51.571 INFO  [main] SudokuBoard - Wartość 0 wstawiona nieprawidłowo
13:16:51.571 INFO  [main] SudokuBoard - Bład w kwadracie 0
sudoku.model.SudokuBoard@6c4c32ff[
  size=9
  solver=sudoku.model.BacktrackingSudokuSolver@5a1a5521
  board={{1,4,9,2,3,5,6,7,8},{2,3,5,7,6,8,4,9,1},{6,7,8,9,4,1,3,2,5},{3,6,4,8,2,9,1,5,7},{7,2,1,4,5,6,8,3,9},{9,0,0,0,0,0,0,0,0},{0,0,0,0,0,0,0,0,0},{0,0,0,0,0,0,0,0,0},{0,0,0,0,0,0,0,0,0}}
]
13:16:51.571 INFO  [main] SudokuBoard - Wartość 0 wstawiona nieprawidłowo
13:16:51.572 INFO  [main] SudokuBoard - Bład w kwadracie 0
sudoku.model.SudokuBoard@6c4c32ff[
  size=9
  solver=sudoku.model.BacktrackingSudokuSolver@5a1a5521
  board={{1,4,9,2,3,5,6,7,8},{2,3,5,7,6,8,4,9,1},{6,7,8,9,4,1,3,2,5},{3,6,4,8,2,9,1,5,7},{7,2,1,4,5,6,8,3,9},{9,0,0,0,0,0,0,0,0},{0,0,0,0,0,0,0,0,0},{0,0,0,0,0,0,0,0,0},{0,0,0,0,0,0,0,0,0}}
]
13:16:51.572 INFO  [main] SudokuBoard - Wartość 0 wstawiona nieprawidłowo
13:16:51.572 INFO  [main] SudokuBoard - Bład w kwadracie 0
sudoku.model.SudokuBoard@6c4c32ff[
  size=9
  solver=sudoku.model.BacktrackingSudokuSolver@5a1a5521
  board={{1,4,9,2,3,5,6,7,8},{2,3,5,7,6,8,4,9,1},{6,7,8,9,4,1,3,2,5},{3,6,4,8,2,9,1,5,7},{7,2,1,4,5,6,8,3,9},{0,0,0,0,0,0,0,0,0},{0,0,0,0,0,0,0,0,0},{0,0,0,0,0,0,0,0,0},{0,0,0,0,0,0,0,0,0}}
]
13:16:51.572 INFO  [main] SudokuBoard - Wartość 0 wstawiona nieprawidłowo
13:16:51.572 INFO  [main] SudokuBoard - Bład w kwadracie 0
sudoku.model.SudokuBoard@6c4c32ff[
  size=9
  solver=sudoku.model.BacktrackingSudokuSolver@5a1a5521
  board={{1,4,9,2,3,5,6,7,8},{2,3,5,7,6,8,4,9,1},{6,7,8,9,4,1,3,2,5},{3,6,4,8,2,9,1,5,7},{7,2,1,4,5,6,8,3,0},{0,0,0,0,0,0,0,0,0},{0,0,0,0,0,0,0,0,0},{0,0,0,0,0,0,0,0,0},{0,0,0,0,0,0,0,0,0}}
]
13:16:51.572 INFO  [main] SudokuBoard - Wartość 0 wstawiona nieprawidłowo
13:16:51.572 INFO  [main] SudokuBoard - Bład w kwadracie 0
sudoku.model.SudokuBoard@6c4c32ff[
  size=9
  solver=sudoku.model.BacktrackingSudokuSolver@5a1a5521
  board={{1,4,9,2,3,5,6,7,8},{2,3,5,7,6,8,4,9,1},{6,7,8,9,4,1,3,2,5},{3,6,4,8,2,9,1,5,7},{7,2,1,4,5,6,8,0,0},{0,0,0,0,0,0,0,0,0},{0,0,0,0,0,0,0,0,0},{0,0,0,0,0,0,0,0,0},{0,0,0,0,0,0,0,0,0}}
]
13:16:51.572 INFO  [main] SudokuBoard - Wartość 0 wstawiona nieprawidłowo
13:16:51.573 INFO  [main] SudokuBoard - Bład w kwadracie 0
sudoku.model.SudokuBoard@6c4c32ff[
  size=9
  solver=sudoku.model.BacktrackingSudokuSolver@5a1a5521
  board={{1,4,9,2,3,5,6,7,8},{2,3,5,7,6,8,4,9,1},{6,7,8,9,4,1,3,2,5},{3,6,4,8,2,9,1,5,7},{7,2,1,4,5,6,0,0,0},{0,0,0,0,0,0,0,0,0},{0,0,0,0,0,0,0,0,0},{0,0,0,0,0,0,0,0,0},{0,0,0,0,0,0,0,0,0}}
]
13:16:51.573 INFO  [main] SudokuBoard - Wartość 0 wstawiona nieprawidłowo
13:16:51.573 INFO  [main] SudokuBoard - Bład w kwadracie 0
sudoku.model.SudokuBoard@6c4c32ff[
  size=9
  solver=sudoku.model.BacktrackingSudokuSolver@5a1a5521
  board={{1,4,9,2,3,5,6,7,8},{2,3,5,7,6,8,4,9,1},{6,7,8,9,4,1,3,2,5},{3,6,4,8,2,9,1,5,7},{7,2,1,4,5,6,9,0,0},{0,0,0,0,0,0,0,0,0},{0,0,0,0,0,0,0,0,0},{0,0,0,0,0,0,0,0,0},{0,0,0,0,0,0,0,0,0}}
]
13:16:51.574 INFO  [main] SudokuBoard - Wartość 0 wstawiona nieprawidłowo
13:16:51.575 INFO  [main] SudokuBoard - Bład w kwadracie 0
sudoku.model.SudokuBoard@6c4c32ff[
  size=9
  solver=sudoku.model.BacktrackingSudokuSolver@5a1a5521
  board={{1,4,9,2,3,5,6,7,8},{2,3,5,7,6,8,4,9,1},{6,7,8,9,4,1,3,2,5},{3,6,4,8,2,9,1,5,7},{7,2,1,4,5,6,9,8,3},{9,0,0,0,0,0,0,0,0},{0,0,0,0,0,0,0,0,0},{0,0,0,0,0,0,0,0,0},{0,0,0,0,0,0,0,0,0}}
]
13:16:51.577 INFO  [main] SudokuBoard - Wartość 0 wstawiona nieprawidłowo
13:16:51.578 INFO  [main] SudokuBoard - Bład w kwadracie 0
sudoku.model.SudokuBoard@6c4c32ff[
  size=9
  solver=sudoku.model.BacktrackingSudokuSolver@5a1a5521
  board={{1,4,9,2,3,5,6,7,8},{2,3,5,7,6,8,4,9,1},{6,7,8,9,4,1,3,2,5},{3,6,4,8,2,9,1,5,7},{7,2,1,4,5,6,9,8,3},{9,0,0,0,0,0,0,0,0},{0,0,0,0,0,0,0,0,0},{0,0,0,0,0,0,0,0,0},{0,0,0,0,0,0,0,0,0}}
]
13:16:51.578 INFO  [main] SudokuBoard - Wartość 0 wstawiona nieprawidłowo
13:16:51.578 INFO  [main] SudokuBoard - Bład w kwadracie 0
sudoku.model.SudokuBoard@6c4c32ff[
  size=9
  solver=sudoku.model.BacktrackingSudokuSolver@5a1a5521
  board={{1,4,9,2,3,5,6,7,8},{2,3,5,7,6,8,4,9,1},{6,7,8,9,4,1,3,2,5},{3,6,4,8,2,9,1,5,7},{7,2,1,4,5,6,9,8,3},{0,0,0,0,0,0,0,0,0},{0,0,0,0,0,0,0,0,0},{0,0,0,0,0,0,0,0,0},{0,0,0,0,0,0,0,0,0}}
]
13:16:51.578 INFO  [main] SudokuBoard - Wartość 0 wstawiona nieprawidłowo
13:16:51.578 INFO  [main] SudokuBoard - Bład w kwadracie 0
sudoku.model.SudokuBoard@6c4c32ff[
  size=9
  solver=sudoku.model.BacktrackingSudokuSolver@5a1a5521
  board={{1,4,9,2,3,5,6,7,8},{2,3,5,7,6,8,4,9,1},{6,7,8,9,4,1,3,2,5},{3,6,4,8,2,9,1,5,7},{7,2,1,4,5,6,9,8,3},{5,0,0,0,0,0,0,0,0},{0,0,0,0,0,0,0,0,0},{0,0,0,0,0,0,0,0,0},{0,0,0,0,0,0,0,0,0}}
]
13:16:51.578 INFO  [main] SudokuBoard - Wartość 0 wstawiona nieprawidłowo
13:16:51.578 INFO  [main] SudokuBoard - Bład w kwadracie 0
sudoku.model.SudokuBoard@6c4c32ff[
  size=9
  solver=sudoku.model.BacktrackingSudokuSolver@5a1a5521
  board={{1,4,9,2,3,5,6,7,8},{2,3,5,7,6,8,4,9,1},{6,7,8,9,4,1,3,2,5},{3,6,4,8,2,9,1,5,7},{7,2,1,4,5,6,9,8,3},{5,0,0,0,0,0,0,0,0},{0,0,0,0,0,0,0,0,0},{0,0,0,0,0,0,0,0,0},{0,0,0,0,0,0,0,0,0}}
]
13:16:51.578 INFO  [main] SudokuBoard - Wartość 0 wstawiona nieprawidłowo
13:16:51.578 INFO  [main] SudokuBoard - Bład w kwadracie 0
sudoku.model.SudokuBoard@6c4c32ff[
  size=9
  solver=sudoku.model.BacktrackingSudokuSolver@5a1a5521
  board={{1,4,9,2,3,5,6,7,8},{2,3,5,7,6,8,4,9,1},{6,7,8,9,4,1,3,2,5},{3,6,4,8,2,9,1,5,7},{7,2,1,4,5,6,9,8,3},{0,0,0,0,0,0,0,0,0},{0,0,0,0,0,0,0,0,0},{0,0,0,0,0,0,0,0,0},{0,0,0,0,0,0,0,0,0}}
]
13:16:51.578 INFO  [main] SudokuBoard - Wartość 0 wstawiona nieprawidłowo
13:16:51.579 INFO  [main] SudokuBoard - Bład w kwadracie 0
sudoku.model.SudokuBoard@6c4c32ff[
  size=9
  solver=sudoku.model.BacktrackingSudokuSolver@5a1a5521
  board={{1,4,9,2,3,5,6,7,8},{2,3,5,7,6,8,4,9,1},{6,7,8,9,4,1,3,2,5},{3,6,4,8,2,9,1,5,7},{7,2,1,4,5,6,9,8,3},{8,0,0,0,0,0,0,0,0},{0,0,0,0,0,0,0,0,0},{0,0,0,0,0,0,0,0,0},{0,0,0,0,0,0,0,0,0}}
]
13:16:51.579 INFO  [main] SudokuBoard - Wartość 0 wstawiona nieprawidłowo
13:16:51.579 INFO  [main] SudokuBoard - Bład w kwadracie 0
sudoku.model.SudokuBoard@6c4c32ff[
  size=9
  solver=sudoku.model.BacktrackingSudokuSolver@5a1a5521
  board={{1,4,9,2,3,5,6,7,8},{2,3,5,7,6,8,4,9,1},{6,7,8,9,4,1,3,2,5},{3,6,4,8,2,9,1,5,7},{7,2,1,4,5,6,9,8,3},{8,0,0,0,0,0,0,0,0},{0,0,0,0,0,0,0,0,0},{0,0,0,0,0,0,0,0,0},{0,0,0,0,0,0,0,0,0}}
]
13:16:51.579 INFO  [main] SudokuBoard - Wartość 0 wstawiona nieprawidłowo
13:16:51.579 INFO  [main] SudokuBoard - Bład w kwadracie 0
sudoku.model.SudokuBoard@6c4c32ff[
  size=9
  solver=sudoku.model.BacktrackingSudokuSolver@5a1a5521
  board={{1,4,9,2,3,5,6,7,8},{2,3,5,7,6,8,4,9,1},{6,7,8,9,4,1,3,2,5},{3,6,4,8,2,9,1,5,7},{7,2,1,4,5,6,9,8,3},{0,0,0,0,0,0,0,0,0},{0,0,0,0,0,0,0,0,0},{0,0,0,0,0,0,0,0,0},{0,0,0,0,0,0,0,0,0}}
]
13:16:51.579 INFO  [main] SudokuBoard - Wartość 0 wstawiona nieprawidłowo
13:16:51.579 INFO  [main] SudokuBoard - Bład w kwadracie 0
sudoku.model.SudokuBoard@6c4c32ff[
  size=9
  solver=sudoku.model.BacktrackingSudokuSolver@5a1a5521
  board={{1,4,9,2,3,5,6,7,8},{2,3,5,7,6,8,4,9,1},{6,7,8,9,4,1,3,2,5},{3,6,4,8,2,9,1,5,7},{7,2,1,4,5,6,9,8,0},{0,0,0,0,0,0,0,0,0},{0,0,0,0,0,0,0,0,0},{0,0,0,0,0,0,0,0,0},{0,0,0,0,0,0,0,0,0}}
]
13:16:51.579 INFO  [main] SudokuBoard - Wartość 0 wstawiona nieprawidłowo
13:16:51.579 INFO  [main] SudokuBoard - Bład w kwadracie 0
sudoku.model.SudokuBoard@6c4c32ff[
  size=9
  solver=sudoku.model.BacktrackingSudokuSolver@5a1a5521
  board={{1,4,9,2,3,5,6,7,8},{2,3,5,7,6,8,4,9,1},{6,7,8,9,4,1,3,2,5},{3,6,4,8,2,9,1,5,7},{7,2,1,4,5,6,9,0,0},{0,0,0,0,0,0,0,0,0},{0,0,0,0,0,0,0,0,0},{0,0,0,0,0,0,0,0,0},{0,0,0,0,0,0,0,0,0}}
]
13:16:51.579 INFO  [main] SudokuBoard - Wartość 0 wstawiona nieprawidłowo
13:16:51.579 INFO  [main] SudokuBoard - Bład w kwadracie 0
sudoku.model.SudokuBoard@6c4c32ff[
  size=9
  solver=sudoku.model.BacktrackingSudokuSolver@5a1a5521
  board={{1,4,9,2,3,5,6,7,8},{2,3,5,7,6,8,4,9,1},{6,7,8,9,4,1,3,2,5},{3,6,4,8,2,9,1,5,7},{7,2,1,4,5,6,0,0,0},{0,0,0,0,0,0,0,0,0},{0,0,0,0,0,0,0,0,0},{0,0,0,0,0,0,0,0,0},{0,0,0,0,0,0,0,0,0}}
]
13:16:51.579 INFO  [main] SudokuBoard - Wartość 0 wstawiona nieprawidłowo
13:16:51.580 INFO  [main] SudokuBoard - Bład w kwadracie 0
sudoku.model.SudokuBoard@6c4c32ff[
  size=9
  solver=sudoku.model.BacktrackingSudokuSolver@5a1a5521
  board={{1,4,9,2,3,5,6,7,8},{2,3,5,7,6,8,4,9,1},{6,7,8,9,4,1,3,2,5},{3,6,4,8,2,9,1,5,7},{7,2,1,4,5,0,0,0,0},{0,0,0,0,0,0,0,0,0},{0,0,0,0,0,0,0,0,0},{0,0,0,0,0,0,0,0,0},{0,0,0,0,0,0,0,0,0}}
]
13:16:51.580 INFO  [main] SudokuBoard - Wartość 0 wstawiona nieprawidłowo
13:16:51.582 INFO  [main] SudokuBoard - Bład w kwadracie 0
sudoku.model.SudokuBoard@6c4c32ff[
  size=9
  solver=sudoku.model.BacktrackingSudokuSolver@5a1a5521
  board={{1,4,9,2,3,5,6,7,8},{2,3,5,7,6,8,4,9,1},{6,7,8,9,4,1,3,2,5},{3,6,4,8,2,9,1,5,7},{7,2,1,4,5,3,9,0,0},{0,0,0,0,0,0,0,0,0},{0,0,0,0,0,0,0,0,0},{0,0,0,0,0,0,0,0,0},{0,0,0,0,0,0,0,0,0}}
]
13:16:51.582 INFO  [main] SudokuBoard - Wartość 0 wstawiona nieprawidłowo
13:16:51.583 INFO  [main] SudokuBoard - Bład w kwadracie 0
sudoku.model.SudokuBoard@6c4c32ff[
  size=9
  solver=sudoku.model.BacktrackingSudokuSolver@5a1a5521
  board={{1,4,9,2,3,5,6,7,8},{2,3,5,7,6,8,4,9,1},{6,7,8,9,4,1,3,2,5},{3,6,4,8,2,9,1,5,7},{7,2,1,4,5,3,9,8,6},{8,0,0,0,0,0,0,0,0},{0,0,0,0,0,0,0,0,0},{0,0,0,0,0,0,0,0,0},{0,0,0,0,0,0,0,0,0}}
]
13:16:51.583 INFO  [main] SudokuBoard - Wartość 0 wstawiona nieprawidłowo
13:16:51.583 INFO  [main] SudokuBoard - Bład w kwadracie 0
sudoku.model.SudokuBoard@6c4c32ff[
  size=9
  solver=sudoku.model.BacktrackingSudokuSolver@5a1a5521
  board={{1,4,9,2,3,5,6,7,8},{2,3,5,7,6,8,4,9,1},{6,7,8,9,4,1,3,2,5},{3,6,4,8,2,9,1,5,7},{7,2,1,4,5,3,9,8,6},{8,0,0,0,0,0,0,0,0},{0,0,0,0,0,0,0,0,0},{0,0,0,0,0,0,0,0,0},{0,0,0,0,0,0,0,0,0}}
]
13:16:51.583 INFO  [main] SudokuBoard - Wartość 0 wstawiona nieprawidłowo
13:16:51.583 INFO  [main] SudokuBoard - Bład w kwadracie 0
sudoku.model.SudokuBoard@6c4c32ff[
  size=9
  solver=sudoku.model.BacktrackingSudokuSolver@5a1a5521
  board={{1,4,9,2,3,5,6,7,8},{2,3,5,7,6,8,4,9,1},{6,7,8,9,4,1,3,2,5},{3,6,4,8,2,9,1,5,7},{7,2,1,4,5,3,9,8,6},{0,0,0,0,0,0,0,0,0},{0,0,0,0,0,0,0,0,0},{0,0,0,0,0,0,0,0,0},{0,0,0,0,0,0,0,0,0}}
]
13:16:51.584 INFO  [main] SudokuBoard - Wartość 0 wstawiona nieprawidłowo
13:16:51.584 INFO  [main] SudokuBoard - Bład w kwadracie 0
sudoku.model.SudokuBoard@6c4c32ff[
  size=9
  solver=sudoku.model.BacktrackingSudokuSolver@5a1a5521
  board={{1,4,9,2,3,5,6,7,8},{2,3,5,7,6,8,4,9,1},{6,7,8,9,4,1,3,2,5},{3,6,4,8,2,9,1,5,7},{7,2,1,4,5,3,9,8,6},{9,0,0,0,0,0,0,0,0},{0,0,0,0,0,0,0,0,0},{0,0,0,0,0,0,0,0,0},{0,0,0,0,0,0,0,0,0}}
]
13:16:51.584 INFO  [main] SudokuBoard - Wartość 0 wstawiona nieprawidłowo
13:16:51.584 INFO  [main] SudokuBoard - Bład w kwadracie 0
sudoku.model.SudokuBoard@6c4c32ff[
  size=9
  solver=sudoku.model.BacktrackingSudokuSolver@5a1a5521
  board={{1,4,9,2,3,5,6,7,8},{2,3,5,7,6,8,4,9,1},{6,7,8,9,4,1,3,2,5},{3,6,4,8,2,9,1,5,7},{7,2,1,4,5,3,9,8,6},{9,0,0,0,0,0,0,0,0},{0,0,0,0,0,0,0,0,0},{0,0,0,0,0,0,0,0,0},{0,0,0,0,0,0,0,0,0}}
]
13:16:51.584 INFO  [main] SudokuBoard - Wartość 0 wstawiona nieprawidłowo
13:16:51.585 INFO  [main] SudokuBoard - Bład w kwadracie 0
sudoku.model.SudokuBoard@6c4c32ff[
  size=9
  solver=sudoku.model.BacktrackingSudokuSolver@5a1a5521
  board={{1,4,9,2,3,5,6,7,8},{2,3,5,7,6,8,4,9,1},{6,7,8,9,4,1,3,2,5},{3,6,4,8,2,9,1,5,7},{7,2,1,4,5,3,9,8,6},{0,0,0,0,0,0,0,0,0},{0,0,0,0,0,0,0,0,0},{0,0,0,0,0,0,0,0,0},{0,0,0,0,0,0,0,0,0}}
]
13:16:51.585 INFO  [main] SudokuBoard - Wartość 0 wstawiona nieprawidłowo
13:16:51.585 INFO  [main] SudokuBoard - Bład w kwadracie 0
sudoku.model.SudokuBoard@6c4c32ff[
  size=9
  solver=sudoku.model.BacktrackingSudokuSolver@5a1a5521
  board={{1,4,9,2,3,5,6,7,8},{2,3,5,7,6,8,4,9,1},{6,7,8,9,4,1,3,2,5},{3,6,4,8,2,9,1,5,7},{7,2,1,4,5,3,9,8,6},{5,0,0,0,0,0,0,0,0},{0,0,0,0,0,0,0,0,0},{0,0,0,0,0,0,0,0,0},{0,0,0,0,0,0,0,0,0}}
]
13:16:51.585 INFO  [main] SudokuBoard - Wartość 0 wstawiona nieprawidłowo
13:16:51.585 INFO  [main] SudokuBoard - Bład w kwadracie 0
sudoku.model.SudokuBoard@6c4c32ff[
  size=9
  solver=sudoku.model.BacktrackingSudokuSolver@5a1a5521
  board={{1,4,9,2,3,5,6,7,8},{2,3,5,7,6,8,4,9,1},{6,7,8,9,4,1,3,2,5},{3,6,4,8,2,9,1,5,7},{7,2,1,4,5,3,9,8,6},{5,0,0,0,0,0,0,0,0},{0,0,0,0,0,0,0,0,0},{0,0,0,0,0,0,0,0,0},{0,0,0,0,0,0,0,0,0}}
]
13:16:51.585 INFO  [main] SudokuBoard - Wartość 0 wstawiona nieprawidłowo
13:16:51.585 INFO  [main] SudokuBoard - Bład w kwadracie 0
sudoku.model.SudokuBoard@6c4c32ff[
  size=9
  solver=sudoku.model.BacktrackingSudokuSolver@5a1a5521
  board={{1,4,9,2,3,5,6,7,8},{2,3,5,7,6,8,4,9,1},{6,7,8,9,4,1,3,2,5},{3,6,4,8,2,9,1,5,7},{7,2,1,4,5,3,9,8,6},{0,0,0,0,0,0,0,0,0},{0,0,0,0,0,0,0,0,0},{0,0,0,0,0,0,0,0,0},{0,0,0,0,0,0,0,0,0}}
]
13:16:51.585 INFO  [main] SudokuBoard - Wartość 0 wstawiona nieprawidłowo
13:16:51.585 INFO  [main] SudokuBoard - Bład w kwadracie 0
sudoku.model.SudokuBoard@6c4c32ff[
  size=9
  solver=sudoku.model.BacktrackingSudokuSolver@5a1a5521
  board={{1,4,9,2,3,5,6,7,8},{2,3,5,7,6,8,4,9,1},{6,7,8,9,4,1,3,2,5},{3,6,4,8,2,9,1,5,7},{7,2,1,4,5,3,9,8,0},{0,0,0,0,0,0,0,0,0},{0,0,0,0,0,0,0,0,0},{0,0,0,0,0,0,0,0,0},{0,0,0,0,0,0,0,0,0}}
]
13:16:51.585 INFO  [main] SudokuBoard - Wartość 0 wstawiona nieprawidłowo
13:16:51.585 INFO  [main] SudokuBoard - Bład w kwadracie 0
sudoku.model.SudokuBoard@6c4c32ff[
  size=9
  solver=sudoku.model.BacktrackingSudokuSolver@5a1a5521
  board={{1,4,9,2,3,5,6,7,8},{2,3,5,7,6,8,4,9,1},{6,7,8,9,4,1,3,2,5},{3,6,4,8,2,9,1,5,7},{7,2,1,4,5,3,9,0,0},{0,0,0,0,0,0,0,0,0},{0,0,0,0,0,0,0,0,0},{0,0,0,0,0,0,0,0,0},{0,0,0,0,0,0,0,0,0}}
]
13:16:51.586 INFO  [main] SudokuBoard - Wartość 0 wstawiona nieprawidłowo
13:16:51.586 INFO  [main] SudokuBoard - Bład w kwadracie 0
sudoku.model.SudokuBoard@6c4c32ff[
  size=9
  solver=sudoku.model.BacktrackingSudokuSolver@5a1a5521
  board={{1,4,9,2,3,5,6,7,8},{2,3,5,7,6,8,4,9,1},{6,7,8,9,4,1,3,2,5},{3,6,4,8,2,9,1,5,7},{7,2,1,4,5,3,0,0,0},{0,0,0,0,0,0,0,0,0},{0,0,0,0,0,0,0,0,0},{0,0,0,0,0,0,0,0,0},{0,0,0,0,0,0,0,0,0}}
]
13:16:51.586 INFO  [main] SudokuBoard - Wartość 0 wstawiona nieprawidłowo
13:16:51.586 INFO  [main] SudokuBoard - Bład w kwadracie 0
sudoku.model.SudokuBoard@6c4c32ff[
  size=9
  solver=sudoku.model.BacktrackingSudokuSolver@5a1a5521
  board={{1,4,9,2,3,5,6,7,8},{2,3,5,7,6,8,4,9,1},{6,7,8,9,4,1,3,2,5},{3,6,4,8,2,9,1,5,7},{7,2,1,4,5,3,8,6,9},{5,0,0,0,0,0,0,0,0},{0,0,0,0,0,0,0,0,0},{0,0,0,0,0,0,0,0,0},{0,0,0,0,0,0,0,0,0}}
]
13:16:51.586 INFO  [main] SudokuBoard - Wartość 0 wstawiona nieprawidłowo
13:16:51.586 INFO  [main] SudokuBoard - Bład w kwadracie 0
sudoku.model.SudokuBoard@6c4c32ff[
  size=9
  solver=sudoku.model.BacktrackingSudokuSolver@5a1a5521
  board={{1,4,9,2,3,5,6,7,8},{2,3,5,7,6,8,4,9,1},{6,7,8,9,4,1,3,2,5},{3,6,4,8,2,9,1,5,7},{7,2,1,4,5,3,8,6,9},{5,0,0,0,0,0,0,0,0},{0,0,0,0,0,0,0,0,0},{0,0,0,0,0,0,0,0,0},{0,0,0,0,0,0,0,0,0}}
]
13:16:51.586 INFO  [main] SudokuBoard - Wartość 0 wstawiona nieprawidłowo
13:16:51.598 INFO  [main] SudokuBoard - Bład w kwadracie 0
sudoku.model.SudokuBoard@6c4c32ff[
  size=9
  solver=sudoku.model.BacktrackingSudokuSolver@5a1a5521
  board={{1,4,9,2,3,5,6,7,8},{2,3,5,7,6,8,4,9,1},{6,7,8,9,4,1,3,2,5},{3,6,4,8,2,9,1,5,7},{7,2,1,4,5,3,8,6,9},{0,0,0,0,0,0,0,0,0},{0,0,0,0,0,0,0,0,0},{0,0,0,0,0,0,0,0,0},{0,0,0,0,0,0,0,0,0}}
]
13:16:51.598 INFO  [main] SudokuBoard - Wartość 0 wstawiona nieprawidłowo
13:16:51.598 INFO  [main] SudokuBoard - Bład w kwadracie 0
sudoku.model.SudokuBoard@6c4c32ff[
  size=9
  solver=sudoku.model.BacktrackingSudokuSolver@5a1a5521
  board={{1,4,9,2,3,5,6,7,8},{2,3,5,7,6,8,4,9,1},{6,7,8,9,4,1,3,2,5},{3,6,4,8,2,9,1,5,7},{7,2,1,4,5,3,8,6,9},{8,0,0,0,0,0,0,0,0},{0,0,0,0,0,0,0,0,0},{0,0,0,0,0,0,0,0,0},{0,0,0,0,0,0,0,0,0}}
]
13:16:51.598 INFO  [main] SudokuBoard - Wartość 0 wstawiona nieprawidłowo
13:16:51.598 INFO  [main] SudokuBoard - Bład w kwadracie 0
sudoku.model.SudokuBoard@6c4c32ff[
  size=9
  solver=sudoku.model.BacktrackingSudokuSolver@5a1a5521
  board={{1,4,9,2,3,5,6,7,8},{2,3,5,7,6,8,4,9,1},{6,7,8,9,4,1,3,2,5},{3,6,4,8,2,9,1,5,7},{7,2,1,4,5,3,8,6,9},{8,0,0,0,0,0,0,0,0},{0,0,0,0,0,0,0,0,0},{0,0,0,0,0,0,0,0,0},{0,0,0,0,0,0,0,0,0}}
]
13:16:51.598 INFO  [main] SudokuBoard - Wartość 0 wstawiona nieprawidłowo
13:16:51.599 INFO  [main] SudokuBoard - Bład w kwadracie 0
sudoku.model.SudokuBoard@6c4c32ff[
  size=9
  solver=sudoku.model.BacktrackingSudokuSolver@5a1a5521
  board={{1,4,9,2,3,5,6,7,8},{2,3,5,7,6,8,4,9,1},{6,7,8,9,4,1,3,2,5},{3,6,4,8,2,9,1,5,7},{7,2,1,4,5,3,8,6,9},{0,0,0,0,0,0,0,0,0},{0,0,0,0,0,0,0,0,0},{0,0,0,0,0,0,0,0,0},{0,0,0,0,0,0,0,0,0}}
]
13:16:51.599 INFO  [main] SudokuBoard - Wartość 0 wstawiona nieprawidłowo
13:16:51.599 INFO  [main] SudokuBoard - Bład w kwadracie 0
sudoku.model.SudokuBoard@6c4c32ff[
  size=9
  solver=sudoku.model.BacktrackingSudokuSolver@5a1a5521
  board={{1,4,9,2,3,5,6,7,8},{2,3,5,7,6,8,4,9,1},{6,7,8,9,4,1,3,2,5},{3,6,4,8,2,9,1,5,7},{7,2,1,4,5,3,8,6,9},{9,0,0,0,0,0,0,0,0},{0,0,0,0,0,0,0,0,0},{0,0,0,0,0,0,0,0,0},{0,0,0,0,0,0,0,0,0}}
]
13:16:51.599 INFO  [main] SudokuBoard - Wartość 0 wstawiona nieprawidłowo
13:16:51.599 INFO  [main] SudokuBoard - Bład w kwadracie 0
sudoku.model.SudokuBoard@6c4c32ff[
  size=9
  solver=sudoku.model.BacktrackingSudokuSolver@5a1a5521
  board={{1,4,9,2,3,5,6,7,8},{2,3,5,7,6,8,4,9,1},{6,7,8,9,4,1,3,2,5},{3,6,4,8,2,9,1,5,7},{7,2,1,4,5,3,8,6,9},{9,0,0,0,0,0,0,0,0},{0,0,0,0,0,0,0,0,0},{0,0,0,0,0,0,0,0,0},{0,0,0,0,0,0,0,0,0}}
]
13:16:51.599 INFO  [main] SudokuBoard - Wartość 0 wstawiona nieprawidłowo
13:16:51.599 INFO  [main] SudokuBoard - Bład w kwadracie 0
sudoku.model.SudokuBoard@6c4c32ff[
  size=9
  solver=sudoku.model.BacktrackingSudokuSolver@5a1a5521
  board={{1,4,9,2,3,5,6,7,8},{2,3,5,7,6,8,4,9,1},{6,7,8,9,4,1,3,2,5},{3,6,4,8,2,9,1,5,7},{7,2,1,4,5,3,8,6,9},{0,0,0,0,0,0,0,0,0},{0,0,0,0,0,0,0,0,0},{0,0,0,0,0,0,0,0,0},{0,0,0,0,0,0,0,0,0}}
]
13:16:51.600 INFO  [main] SudokuBoard - Wartość 0 wstawiona nieprawidłowo
13:16:51.600 INFO  [main] SudokuBoard - Bład w kwadracie 0
sudoku.model.SudokuBoard@6c4c32ff[
  size=9
  solver=sudoku.model.BacktrackingSudokuSolver@5a1a5521
  board={{1,4,9,2,3,5,6,7,8},{2,3,5,7,6,8,4,9,1},{6,7,8,9,4,1,3,2,5},{3,6,4,8,2,9,1,5,7},{7,2,1,4,5,3,8,6,0},{0,0,0,0,0,0,0,0,0},{0,0,0,0,0,0,0,0,0},{0,0,0,0,0,0,0,0,0},{0,0,0,0,0,0,0,0,0}}
]
13:16:51.600 INFO  [main] SudokuBoard - Wartość 0 wstawiona nieprawidłowo
13:16:51.600 INFO  [main] SudokuBoard - Bład w kwadracie 0
sudoku.model.SudokuBoard@6c4c32ff[
  size=9
  solver=sudoku.model.BacktrackingSudokuSolver@5a1a5521
  board={{1,4,9,2,3,5,6,7,8},{2,3,5,7,6,8,4,9,1},{6,7,8,9,4,1,3,2,5},{3,6,4,8,2,9,1,5,7},{7,2,1,4,5,3,8,0,0},{0,0,0,0,0,0,0,0,0},{0,0,0,0,0,0,0,0,0},{0,0,0,0,0,0,0,0,0},{0,0,0,0,0,0,0,0,0}}
]
13:16:51.600 INFO  [main] SudokuBoard - Wartość 0 wstawiona nieprawidłowo
13:16:51.600 INFO  [main] SudokuBoard - Bład w kwadracie 0
sudoku.model.SudokuBoard@6c4c32ff[
  size=9
  solver=sudoku.model.BacktrackingSudokuSolver@5a1a5521
  board={{1,4,9,2,3,5,6,7,8},{2,3,5,7,6,8,4,9,1},{6,7,8,9,4,1,3,2,5},{3,6,4,8,2,9,1,5,7},{7,2,1,4,5,3,0,0,0},{0,0,0,0,0,0,0,0,0},{0,0,0,0,0,0,0,0,0},{0,0,0,0,0,0,0,0,0},{0,0,0,0,0,0,0,0,0}}
]
13:16:51.601 INFO  [main] SudokuBoard - Wartość 0 wstawiona nieprawidłowo
13:16:51.601 INFO  [main] SudokuBoard - Bład w kwadracie 0
sudoku.model.SudokuBoard@6c4c32ff[
  size=9
  solver=sudoku.model.BacktrackingSudokuSolver@5a1a5521
  board={{1,4,9,2,3,5,6,7,8},{2,3,5,7,6,8,4,9,1},{6,7,8,9,4,1,3,2,5},{3,6,4,8,2,9,1,5,7},{7,2,1,4,5,0,0,0,0},{0,0,0,0,0,0,0,0,0},{0,0,0,0,0,0,0,0,0},{0,0,0,0,0,0,0,0,0},{0,0,0,0,0,0,0,0,0}}
]
13:16:51.601 INFO  [main] SudokuBoard - Wartość 0 wstawiona nieprawidłowo
13:16:51.601 INFO  [main] SudokuBoard - Bład w kwadracie 0
sudoku.model.SudokuBoard@6c4c32ff[
  size=9
  solver=sudoku.model.BacktrackingSudokuSolver@5a1a5521
  board={{1,4,9,2,3,5,6,7,8},{2,3,5,7,6,8,4,9,1},{6,7,8,9,4,1,3,2,5},{3,6,4,8,2,9,1,5,7},{7,2,1,4,0,0,0,0,0},{0,0,0,0,0,0,0,0,0},{0,0,0,0,0,0,0,0,0},{0,0,0,0,0,0,0,0,0},{0,0,0,0,0,0,0,0,0}}
]
13:16:51.601 INFO  [main] SudokuBoard - Wartość 0 wstawiona nieprawidłowo
13:16:51.602 INFO  [main] SudokuBoard - Bład w kwadracie 0
sudoku.model.SudokuBoard@6c4c32ff[
  size=9
  solver=sudoku.model.BacktrackingSudokuSolver@5a1a5521
  board={{1,4,9,2,3,5,6,7,8},{2,3,5,7,6,8,4,9,1},{6,7,8,9,4,1,3,2,5},{3,6,4,8,2,9,1,5,7},{7,2,1,0,0,0,0,0,0},{0,0,0,0,0,0,0,0,0},{0,0,0,0,0,0,0,0,0},{0,0,0,0,0,0,0,0,0},{0,0,0,0,0,0,0,0,0}}
]
13:16:51.602 INFO  [main] SudokuBoard - Wartość 0 wstawiona nieprawidłowo
13:16:51.602 INFO  [main] SudokuBoard - Bład w kwadracie 0
sudoku.model.SudokuBoard@6c4c32ff[
  size=9
  solver=sudoku.model.BacktrackingSudokuSolver@5a1a5521
  board={{1,4,9,2,3,5,6,7,8},{2,3,5,7,6,8,4,9,1},{6,7,8,9,4,1,3,2,5},{3,6,4,8,2,9,1,5,7},{7,2,1,0,0,0,0,0,0},{0,0,0,0,0,0,0,0,0},{0,0,0,0,0,0,0,0,0},{0,0,0,0,0,0,0,0,0},{0,0,0,0,0,0,0,0,0}}
]
13:16:51.602 INFO  [main] SudokuBoard - Wartość 0 wstawiona nieprawidłowo
13:16:51.602 INFO  [main] SudokuBoard - Bład w kwadracie 0
sudoku.model.SudokuBoard@6c4c32ff[
  size=9
  solver=sudoku.model.BacktrackingSudokuSolver@5a1a5521
  board={{1,4,9,2,3,5,6,7,8},{2,3,5,7,6,8,4,9,1},{6,7,8,9,4,1,3,2,5},{3,6,4,8,2,9,1,5,7},{7,2,1,6,5,3,8,4,9},{9,0,0,0,0,0,0,0,0},{0,0,0,0,0,0,0,0,0},{0,0,0,0,0,0,0,0,0},{0,0,0,0,0,0,0,0,0}}
]
13:16:51.602 INFO  [main] SudokuBoard - Wartość 0 wstawiona nieprawidłowo
13:16:51.602 INFO  [main] SudokuBoard - Bład w kwadracie 0
sudoku.model.SudokuBoard@6c4c32ff[
  size=9
  solver=sudoku.model.BacktrackingSudokuSolver@5a1a5521
  board={{1,4,9,2,3,5,6,7,8},{2,3,5,7,6,8,4,9,1},{6,7,8,9,4,1,3,2,5},{3,6,4,8,2,9,1,5,7},{7,2,1,6,5,3,8,4,9},{9,0,0,0,0,0,0,0,0},{0,0,0,0,0,0,0,0,0},{0,0,0,0,0,0,0,0,0},{0,0,0,0,0,0,0,0,0}}
]
13:16:51.603 INFO  [main] SudokuBoard - Wartość 0 wstawiona nieprawidłowo
13:16:51.603 INFO  [main] SudokuBoard - Bład w kwadracie 0
sudoku.model.SudokuBoard@6c4c32ff[
  size=9
  solver=sudoku.model.BacktrackingSudokuSolver@5a1a5521
  board={{1,4,9,2,3,5,6,7,8},{2,3,5,7,6,8,4,9,1},{6,7,8,9,4,1,3,2,5},{3,6,4,8,2,9,1,5,7},{7,2,1,6,5,3,8,4,9},{0,0,0,0,0,0,0,0,0},{0,0,0,0,0,0,0,0,0},{0,0,0,0,0,0,0,0,0},{0,0,0,0,0,0,0,0,0}}
]
13:16:51.603 INFO  [main] SudokuBoard - Wartość 0 wstawiona nieprawidłowo
13:16:51.603 INFO  [main] SudokuBoard - Bład w kwadracie 0
sudoku.model.SudokuBoard@6c4c32ff[
  size=9
  solver=sudoku.model.BacktrackingSudokuSolver@5a1a5521
  board={{1,4,9,2,3,5,6,7,8},{2,3,5,7,6,8,4,9,1},{6,7,8,9,4,1,3,2,5},{3,6,4,8,2,9,1,5,7},{7,2,1,6,5,3,8,4,9},{5,0,0,0,0,0,0,0,0},{0,0,0,0,0,0,0,0,0},{0,0,0,0,0,0,0,0,0},{0,0,0,0,0,0,0,0,0}}
]
13:16:51.603 INFO  [main] SudokuBoard - Wartość 0 wstawiona nieprawidłowo
13:16:51.603 INFO  [main] SudokuBoard - Bład w kwadracie 0
sudoku.model.SudokuBoard@6c4c32ff[
  size=9
  solver=sudoku.model.BacktrackingSudokuSolver@5a1a5521
  board={{1,4,9,2,3,5,6,7,8},{2,3,5,7,6,8,4,9,1},{6,7,8,9,4,1,3,2,5},{3,6,4,8,2,9,1,5,7},{7,2,1,6,5,3,8,4,9},{5,0,0,0,0,0,0,0,0},{0,0,0,0,0,0,0,0,0},{0,0,0,0,0,0,0,0,0},{0,0,0,0,0,0,0,0,0}}
]
13:16:51.603 INFO  [main] SudokuBoard - Wartość 0 wstawiona nieprawidłowo
13:16:51.603 INFO  [main] SudokuBoard - Bład w kwadracie 0
sudoku.model.SudokuBoard@6c4c32ff[
  size=9
  solver=sudoku.model.BacktrackingSudokuSolver@5a1a5521
  board={{1,4,9,2,3,5,6,7,8},{2,3,5,7,6,8,4,9,1},{6,7,8,9,4,1,3,2,5},{3,6,4,8,2,9,1,5,7},{7,2,1,6,5,3,8,4,9},{0,0,0,0,0,0,0,0,0},{0,0,0,0,0,0,0,0,0},{0,0,0,0,0,0,0,0,0},{0,0,0,0,0,0,0,0,0}}
]
13:16:51.604 INFO  [main] SudokuBoard - Wartość 0 wstawiona nieprawidłowo
13:16:51.604 INFO  [main] SudokuBoard - Bład w kwadracie 0
sudoku.model.SudokuBoard@6c4c32ff[
  size=9
  solver=sudoku.model.BacktrackingSudokuSolver@5a1a5521
  board={{1,4,9,2,3,5,6,7,8},{2,3,5,7,6,8,4,9,1},{6,7,8,9,4,1,3,2,5},{3,6,4,8,2,9,1,5,7},{7,2,1,6,5,3,8,4,9},{8,0,0,0,0,0,0,0,0},{0,0,0,0,0,0,0,0,0},{0,0,0,0,0,0,0,0,0},{0,0,0,0,0,0,0,0,0}}
]
13:16:51.605 INFO  [main] SudokuBoard - Wartość 0 wstawiona nieprawidłowo
13:16:51.605 INFO  [main] SudokuBoard - Bład w kwadracie 0
sudoku.model.SudokuBoard@6c4c32ff[
  size=9
  solver=sudoku.model.BacktrackingSudokuSolver@5a1a5521
  board={{1,4,9,2,3,5,6,7,8},{2,3,5,7,6,8,4,9,1},{6,7,8,9,4,1,3,2,5},{3,6,4,8,2,9,1,5,7},{7,2,1,6,5,3,8,4,9},{8,0,0,0,0,0,0,0,0},{0,0,0,0,0,0,0,0,0},{0,0,0,0,0,0,0,0,0},{0,0,0,0,0,0,0,0,0}}
]
13:16:51.605 INFO  [main] SudokuBoard - Wartość 0 wstawiona nieprawidłowo
13:16:51.605 INFO  [main] SudokuBoard - Bład w kwadracie 0
sudoku.model.SudokuBoard@6c4c32ff[
  size=9
  solver=sudoku.model.BacktrackingSudokuSolver@5a1a5521
  board={{1,4,9,2,3,5,6,7,8},{2,3,5,7,6,8,4,9,1},{6,7,8,9,4,1,3,2,5},{3,6,4,8,2,9,1,5,7},{7,2,1,6,5,3,8,4,9},{0,0,0,0,0,0,0,0,0},{0,0,0,0,0,0,0,0,0},{0,0,0,0,0,0,0,0,0},{0,0,0,0,0,0,0,0,0}}
]
13:16:51.605 INFO  [main] SudokuBoard - Wartość 0 wstawiona nieprawidłowo
13:16:51.609 INFO  [main] SudokuBoard - Bład w kwadracie 0
sudoku.model.SudokuBoard@6c4c32ff[
  size=9
  solver=sudoku.model.BacktrackingSudokuSolver@5a1a5521
  board={{1,4,9,2,3,5,6,7,8},{2,3,5,7,6,8,4,9,1},{6,7,8,9,4,1,3,2,5},{3,6,4,8,2,9,1,5,7},{7,2,1,6,5,3,8,4,0},{0,0,0,0,0,0,0,0,0},{0,0,0,0,0,0,0,0,0},{0,0,0,0,0,0,0,0,0},{0,0,0,0,0,0,0,0,0}}
]
13:16:51.609 INFO  [main] SudokuBoard - Wartość 0 wstawiona nieprawidłowo
13:16:51.609 INFO  [main] SudokuBoard - Bład w kwadracie 0
sudoku.model.SudokuBoard@6c4c32ff[
  size=9
  solver=sudoku.model.BacktrackingSudokuSolver@5a1a5521
  board={{1,4,9,2,3,5,6,7,8},{2,3,5,7,6,8,4,9,1},{6,7,8,9,4,1,3,2,5},{3,6,4,8,2,9,1,5,7},{7,2,1,6,5,3,8,0,0},{0,0,0,0,0,0,0,0,0},{0,0,0,0,0,0,0,0,0},{0,0,0,0,0,0,0,0,0},{0,0,0,0,0,0,0,0,0}}
]
13:16:51.609 INFO  [main] SudokuBoard - Wartość 0 wstawiona nieprawidłowo
13:16:51.609 INFO  [main] SudokuBoard - Bład w kwadracie 0
sudoku.model.SudokuBoard@6c4c32ff[
  size=9
  solver=sudoku.model.BacktrackingSudokuSolver@5a1a5521
  board={{1,4,9,2,3,5,6,7,8},{2,3,5,7,6,8,4,9,1},{6,7,8,9,4,1,3,2,5},{3,6,4,8,2,9,1,5,7},{7,2,1,6,5,3,0,0,0},{0,0,0,0,0,0,0,0,0},{0,0,0,0,0,0,0,0,0},{0,0,0,0,0,0,0,0,0},{0,0,0,0,0,0,0,0,0}}
]
13:16:51.609 INFO  [main] SudokuBoard - Wartość 0 wstawiona nieprawidłowo
13:16:51.609 INFO  [main] SudokuBoard - Bład w kwadracie 0
sudoku.model.SudokuBoard@6c4c32ff[
  size=9
  solver=sudoku.model.BacktrackingSudokuSolver@5a1a5521
  board={{1,4,9,2,3,5,6,7,8},{2,3,5,7,6,8,4,9,1},{6,7,8,9,4,1,3,2,5},{3,6,4,8,2,9,1,5,7},{7,2,1,6,5,3,9,8,4},{9,0,0,0,0,0,0,0,0},{0,0,0,0,0,0,0,0,0},{0,0,0,0,0,0,0,0,0},{0,0,0,0,0,0,0,0,0}}
]
13:16:51.609 INFO  [main] SudokuBoard - Wartość 0 wstawiona nieprawidłowo
13:16:51.609 INFO  [main] SudokuBoard - Bład w kwadracie 0
sudoku.model.SudokuBoard@6c4c32ff[
  size=9
  solver=sudoku.model.BacktrackingSudokuSolver@5a1a5521
  board={{1,4,9,2,3,5,6,7,8},{2,3,5,7,6,8,4,9,1},{6,7,8,9,4,1,3,2,5},{3,6,4,8,2,9,1,5,7},{7,2,1,6,5,3,9,8,4},{9,0,0,0,0,0,0,0,0},{0,0,0,0,0,0,0,0,0},{0,0,0,0,0,0,0,0,0},{0,0,0,0,0,0,0,0,0}}
]
13:16:51.609 INFO  [main] SudokuBoard - Wartość 0 wstawiona nieprawidłowo
13:16:51.610 INFO  [main] SudokuBoard - Bład w kwadracie 0
sudoku.model.SudokuBoard@6c4c32ff[
  size=9
  solver=sudoku.model.BacktrackingSudokuSolver@5a1a5521
  board={{1,4,9,2,3,5,6,7,8},{2,3,5,7,6,8,4,9,1},{6,7,8,9,4,1,3,2,5},{3,6,4,8,2,9,1,5,7},{7,2,1,6,5,3,9,8,4},{0,0,0,0,0,0,0,0,0},{0,0,0,0,0,0,0,0,0},{0,0,0,0,0,0,0,0,0},{0,0,0,0,0,0,0,0,0}}
]
13:16:51.610 INFO  [main] SudokuBoard - Wartość 0 wstawiona nieprawidłowo
13:16:51.610 INFO  [main] SudokuBoard - Bład w kwadracie 0
sudoku.model.SudokuBoard@6c4c32ff[
  size=9
  solver=sudoku.model.BacktrackingSudokuSolver@5a1a5521
  board={{1,4,9,2,3,5,6,7,8},{2,3,5,7,6,8,4,9,1},{6,7,8,9,4,1,3,2,5},{3,6,4,8,2,9,1,5,7},{7,2,1,6,5,3,9,8,4},{5,0,0,0,0,0,0,0,0},{0,0,0,0,0,0,0,0,0},{0,0,0,0,0,0,0,0,0},{0,0,0,0,0,0,0,0,0}}
]
13:16:51.610 INFO  [main] SudokuBoard - Wartość 0 wstawiona nieprawidłowo
13:16:51.610 INFO  [main] SudokuBoard - Bład w kwadracie 0
sudoku.model.SudokuBoard@6c4c32ff[
  size=9
  solver=sudoku.model.BacktrackingSudokuSolver@5a1a5521
  board={{1,4,9,2,3,5,6,7,8},{2,3,5,7,6,8,4,9,1},{6,7,8,9,4,1,3,2,5},{3,6,4,8,2,9,1,5,7},{7,2,1,6,5,3,9,8,4},{5,0,0,0,0,0,0,0,0},{0,0,0,0,0,0,0,0,0},{0,0,0,0,0,0,0,0,0},{0,0,0,0,0,0,0,0,0}}
]
13:16:51.610 INFO  [main] SudokuBoard - Wartość 0 wstawiona nieprawidłowo
13:16:51.610 INFO  [main] SudokuBoard - Bład w kwadracie 0
sudoku.model.SudokuBoard@6c4c32ff[
  size=9
  solver=sudoku.model.BacktrackingSudokuSolver@5a1a5521
  board={{1,4,9,2,3,5,6,7,8},{2,3,5,7,6,8,4,9,1},{6,7,8,9,4,1,3,2,5},{3,6,4,8,2,9,1,5,7},{7,2,1,6,5,3,9,8,4},{0,0,0,0,0,0,0,0,0},{0,0,0,0,0,0,0,0,0},{0,0,0,0,0,0,0,0,0},{0,0,0,0,0,0,0,0,0}}
]
13:16:51.610 INFO  [main] SudokuBoard - Wartość 0 wstawiona nieprawidłowo
13:16:51.610 INFO  [main] SudokuBoard - Bład w kwadracie 0
sudoku.model.SudokuBoard@6c4c32ff[
  size=9
  solver=sudoku.model.BacktrackingSudokuSolver@5a1a5521
  board={{1,4,9,2,3,5,6,7,8},{2,3,5,7,6,8,4,9,1},{6,7,8,9,4,1,3,2,5},{3,6,4,8,2,9,1,5,7},{7,2,1,6,5,3,9,8,4},{8,0,0,0,0,0,0,0,0},{0,0,0,0,0,0,0,0,0},{0,0,0,0,0,0,0,0,0},{0,0,0,0,0,0,0,0,0}}
]
13:16:51.610 INFO  [main] SudokuBoard - Wartość 0 wstawiona nieprawidłowo
13:16:51.610 INFO  [main] SudokuBoard - Bład w kwadracie 0
sudoku.model.SudokuBoard@6c4c32ff[
  size=9
  solver=sudoku.model.BacktrackingSudokuSolver@5a1a5521
  board={{1,4,9,2,3,5,6,7,8},{2,3,5,7,6,8,4,9,1},{6,7,8,9,4,1,3,2,5},{3,6,4,8,2,9,1,5,7},{7,2,1,6,5,3,9,8,4},{8,0,0,0,0,0,0,0,0},{0,0,0,0,0,0,0,0,0},{0,0,0,0,0,0,0,0,0},{0,0,0,0,0,0,0,0,0}}
]
13:16:51.610 INFO  [main] SudokuBoard - Wartość 0 wstawiona nieprawidłowo
13:16:51.610 INFO  [main] SudokuBoard - Bład w kwadracie 0
sudoku.model.SudokuBoard@6c4c32ff[
  size=9
  solver=sudoku.model.BacktrackingSudokuSolver@5a1a5521
  board={{1,4,9,2,3,5,6,7,8},{2,3,5,7,6,8,4,9,1},{6,7,8,9,4,1,3,2,5},{3,6,4,8,2,9,1,5,7},{7,2,1,6,5,3,9,8,4},{0,0,0,0,0,0,0,0,0},{0,0,0,0,0,0,0,0,0},{0,0,0,0,0,0,0,0,0},{0,0,0,0,0,0,0,0,0}}
]
13:16:51.610 INFO  [main] SudokuBoard - Wartość 0 wstawiona nieprawidłowo
13:16:51.610 INFO  [main] SudokuBoard - Bład w kwadracie 0
sudoku.model.SudokuBoard@6c4c32ff[
  size=9
  solver=sudoku.model.BacktrackingSudokuSolver@5a1a5521
  board={{1,4,9,2,3,5,6,7,8},{2,3,5,7,6,8,4,9,1},{6,7,8,9,4,1,3,2,5},{3,6,4,8,2,9,1,5,7},{7,2,1,6,5,3,9,8,0},{0,0,0,0,0,0,0,0,0},{0,0,0,0,0,0,0,0,0},{0,0,0,0,0,0,0,0,0},{0,0,0,0,0,0,0,0,0}}
]
13:16:51.610 INFO  [main] SudokuBoard - Wartość 0 wstawiona nieprawidłowo
13:16:51.610 INFO  [main] SudokuBoard - Bład w kwadracie 0
sudoku.model.SudokuBoard@6c4c32ff[
  size=9
  solver=sudoku.model.BacktrackingSudokuSolver@5a1a5521
  board={{1,4,9,2,3,5,6,7,8},{2,3,5,7,6,8,4,9,1},{6,7,8,9,4,1,3,2,5},{3,6,4,8,2,9,1,5,7},{7,2,1,6,5,3,9,0,0},{0,0,0,0,0,0,0,0,0},{0,0,0,0,0,0,0,0,0},{0,0,0,0,0,0,0,0,0},{0,0,0,0,0,0,0,0,0}}
]
13:16:51.611 INFO  [main] SudokuBoard - Wartość 0 wstawiona nieprawidłowo
13:16:51.611 INFO  [main] SudokuBoard - Bład w kwadracie 0
sudoku.model.SudokuBoard@6c4c32ff[
  size=9
  solver=sudoku.model.BacktrackingSudokuSolver@5a1a5521
  board={{1,4,9,2,3,5,6,7,8},{2,3,5,7,6,8,4,9,1},{6,7,8,9,4,1,3,2,5},{3,6,4,8,2,9,1,5,7},{7,2,1,6,5,3,9,0,0},{0,0,0,0,0,0,0,0,0},{0,0,0,0,0,0,0,0,0},{0,0,0,0,0,0,0,0,0},{0,0,0,0,0,0,0,0,0}}
]
13:16:51.611 INFO  [main] SudokuBoard - Wartość 0 wstawiona nieprawidłowo
13:16:51.611 INFO  [main] SudokuBoard - Bład w kwadracie 0
sudoku.model.SudokuBoard@6c4c32ff[
  size=9
  solver=sudoku.model.BacktrackingSudokuSolver@5a1a5521
  board={{1,4,9,2,3,5,6,7,8},{2,3,5,7,6,8,4,9,1},{6,7,8,9,4,1,3,2,5},{3,6,4,8,2,9,1,5,7},{7,2,1,6,5,3,0,0,0},{0,0,0,0,0,0,0,0,0},{0,0,0,0,0,0,0,0,0},{0,0,0,0,0,0,0,0,0},{0,0,0,0,0,0,0,0,0}}
]
13:16:51.611 INFO  [main] SudokuBoard - Wartość 0 wstawiona nieprawidłowo
13:16:51.611 INFO  [main] SudokuBoard - Bład w kwadracie 0
sudoku.model.SudokuBoard@6c4c32ff[
  size=9
  solver=sudoku.model.BacktrackingSudokuSolver@5a1a5521
  board={{1,4,9,2,3,5,6,7,8},{2,3,5,7,6,8,4,9,1},{6,7,8,9,4,1,3,2,5},{3,6,4,8,2,9,1,5,7},{7,2,1,6,5,0,0,0,0},{0,0,0,0,0,0,0,0,0},{0,0,0,0,0,0,0,0,0},{0,0,0,0,0,0,0,0,0},{0,0,0,0,0,0,0,0,0}}
]
13:16:51.611 INFO  [main] SudokuBoard - Wartość 0 wstawiona nieprawidłowo
13:16:51.611 INFO  [main] SudokuBoard - Bład w kwadracie 0
sudoku.model.SudokuBoard@6c4c32ff[
  size=9
  solver=sudoku.model.BacktrackingSudokuSolver@5a1a5521
  board={{1,4,9,2,3,5,6,7,8},{2,3,5,7,6,8,4,9,1},{6,7,8,9,4,1,3,2,5},{3,6,4,8,2,9,1,5,7},{7,2,1,6,5,4,8,3,9},{9,0,0,0,0,0,0,0,0},{0,0,0,0,0,0,0,0,0},{0,0,0,0,0,0,0,0,0},{0,0,0,0,0,0,0,0,0}}
]
13:16:51.611 INFO  [main] SudokuBoard - Wartość 0 wstawiona nieprawidłowo
13:16:51.611 INFO  [main] SudokuBoard - Bład w kwadracie 0
sudoku.model.SudokuBoard@6c4c32ff[
  size=9
  solver=sudoku.model.BacktrackingSudokuSolver@5a1a5521
  board={{1,4,9,2,3,5,6,7,8},{2,3,5,7,6,8,4,9,1},{6,7,8,9,4,1,3,2,5},{3,6,4,8,2,9,1,5,7},{7,2,1,6,5,4,8,3,9},{9,0,0,0,0,0,0,0,0},{0,0,0,0,0,0,0,0,0},{0,0,0,0,0,0,0,0,0},{0,0,0,0,0,0,0,0,0}}
]
13:16:51.611 INFO  [main] SudokuBoard - Wartość 0 wstawiona nieprawidłowo
13:16:51.611 INFO  [main] SudokuBoard - Bład w kwadracie 0
sudoku.model.SudokuBoard@6c4c32ff[
  size=9
  solver=sudoku.model.BacktrackingSudokuSolver@5a1a5521
  board={{1,4,9,2,3,5,6,7,8},{2,3,5,7,6,8,4,9,1},{6,7,8,9,4,1,3,2,5},{3,6,4,8,2,9,1,5,7},{7,2,1,6,5,4,8,3,9},{0,0,0,0,0,0,0,0,0},{0,0,0,0,0,0,0,0,0},{0,0,0,0,0,0,0,0,0},{0,0,0,0,0,0,0,0,0}}
]
13:16:51.611 INFO  [main] SudokuBoard - Wartość 0 wstawiona nieprawidłowo
13:16:51.611 INFO  [main] SudokuBoard - Bład w kwadracie 0
sudoku.model.SudokuBoard@6c4c32ff[
  size=9
  solver=sudoku.model.BacktrackingSudokuSolver@5a1a5521
  board={{1,4,9,2,3,5,6,7,8},{2,3,5,7,6,8,4,9,1},{6,7,8,9,4,1,3,2,5},{3,6,4,8,2,9,1,5,7},{7,2,1,6,5,4,8,3,9},{5,0,0,0,0,0,0,0,0},{0,0,0,0,0,0,0,0,0},{0,0,0,0,0,0,0,0,0},{0,0,0,0,0,0,0,0,0}}
]
13:16:51.611 INFO  [main] SudokuBoard - Wartość 0 wstawiona nieprawidłowo
13:16:51.612 INFO  [main] SudokuBoard - Bład w kwadracie 0
sudoku.model.SudokuBoard@6c4c32ff[
  size=9
  solver=sudoku.model.BacktrackingSudokuSolver@5a1a5521
  board={{1,4,9,2,3,5,6,7,8},{2,3,5,7,6,8,4,9,1},{6,7,8,9,4,1,3,2,5},{3,6,4,8,2,9,1,5,7},{7,2,1,6,5,4,8,3,9},{5,0,0,0,0,0,0,0,0},{0,0,0,0,0,0,0,0,0},{0,0,0,0,0,0,0,0,0},{0,0,0,0,0,0,0,0,0}}
]
13:16:51.612 INFO  [main] SudokuBoard - Wartość 0 wstawiona nieprawidłowo
13:16:51.612 INFO  [main] SudokuBoard - Bład w kwadracie 0
sudoku.model.SudokuBoard@6c4c32ff[
  size=9
  solver=sudoku.model.BacktrackingSudokuSolver@5a1a5521
  board={{1,4,9,2,3,5,6,7,8},{2,3,5,7,6,8,4,9,1},{6,7,8,9,4,1,3,2,5},{3,6,4,8,2,9,1,5,7},{7,2,1,6,5,4,8,3,9},{0,0,0,0,0,0,0,0,0},{0,0,0,0,0,0,0,0,0},{0,0,0,0,0,0,0,0,0},{0,0,0,0,0,0,0,0,0}}
]
13:16:51.612 INFO  [main] SudokuBoard - Wartość 0 wstawiona nieprawidłowo
13:16:51.612 INFO  [main] SudokuBoard - Bład w kwadracie 0
sudoku.model.SudokuBoard@6c4c32ff[
  size=9
  solver=sudoku.model.BacktrackingSudokuSolver@5a1a5521
  board={{1,4,9,2,3,5,6,7,8},{2,3,5,7,6,8,4,9,1},{6,7,8,9,4,1,3,2,5},{3,6,4,8,2,9,1,5,7},{7,2,1,6,5,4,8,3,9},{8,0,0,0,0,0,0,0,0},{0,0,0,0,0,0,0,0,0},{0,0,0,0,0,0,0,0,0},{0,0,0,0,0,0,0,0,0}}
]
13:16:51.612 INFO  [main] SudokuBoard - Wartość 0 wstawiona nieprawidłowo
13:16:51.612 INFO  [main] SudokuBoard - Bład w kwadracie 0
sudoku.model.SudokuBoard@6c4c32ff[
  size=9
  solver=sudoku.model.BacktrackingSudokuSolver@5a1a5521
  board={{1,4,9,2,3,5,6,7,8},{2,3,5,7,6,8,4,9,1},{6,7,8,9,4,1,3,2,5},{3,6,4,8,2,9,1,5,7},{7,2,1,6,5,4,8,3,9},{8,0,0,0,0,0,0,0,0},{0,0,0,0,0,0,0,0,0},{0,0,0,0,0,0,0,0,0},{0,0,0,0,0,0,0,0,0}}
]
13:16:51.612 INFO  [main] SudokuBoard - Wartość 0 wstawiona nieprawidłowo
13:16:51.612 INFO  [main] SudokuBoard - Bład w kwadracie 0
sudoku.model.SudokuBoard@6c4c32ff[
  size=9
  solver=sudoku.model.BacktrackingSudokuSolver@5a1a5521
  board={{1,4,9,2,3,5,6,7,8},{2,3,5,7,6,8,4,9,1},{6,7,8,9,4,1,3,2,5},{3,6,4,8,2,9,1,5,7},{7,2,1,6,5,4,8,3,9},{0,0,0,0,0,0,0,0,0},{0,0,0,0,0,0,0,0,0},{0,0,0,0,0,0,0,0,0},{0,0,0,0,0,0,0,0,0}}
]
13:16:51.612 INFO  [main] SudokuBoard - Wartość 0 wstawiona nieprawidłowo
13:16:51.612 INFO  [main] SudokuBoard - Bład w kwadracie 0
sudoku.model.SudokuBoard@6c4c32ff[
  size=9
  solver=sudoku.model.BacktrackingSudokuSolver@5a1a5521
  board={{1,4,9,2,3,5,6,7,8},{2,3,5,7,6,8,4,9,1},{6,7,8,9,4,1,3,2,5},{3,6,4,8,2,9,1,5,7},{7,2,1,6,5,4,8,3,0},{0,0,0,0,0,0,0,0,0},{0,0,0,0,0,0,0,0,0},{0,0,0,0,0,0,0,0,0},{0,0,0,0,0,0,0,0,0}}
]
13:16:51.612 INFO  [main] SudokuBoard - Wartość 0 wstawiona nieprawidłowo
13:16:51.612 INFO  [main] SudokuBoard - Bład w kwadracie 0
sudoku.model.SudokuBoard@6c4c32ff[
  size=9
  solver=sudoku.model.BacktrackingSudokuSolver@5a1a5521
  board={{1,4,9,2,3,5,6,7,8},{2,3,5,7,6,8,4,9,1},{6,7,8,9,4,1,3,2,5},{3,6,4,8,2,9,1,5,7},{7,2,1,6,5,4,8,0,0},{0,0,0,0,0,0,0,0,0},{0,0,0,0,0,0,0,0,0},{0,0,0,0,0,0,0,0,0},{0,0,0,0,0,0,0,0,0}}
]
13:16:51.613 INFO  [main] SudokuBoard - Wartość 0 wstawiona nieprawidłowo
13:16:51.613 INFO  [main] SudokuBoard - Bład w kwadracie 0
sudoku.model.SudokuBoard@6c4c32ff[
  size=9
  solver=sudoku.model.BacktrackingSudokuSolver@5a1a5521
  board={{1,4,9,2,3,5,6,7,8},{2,3,5,7,6,8,4,9,1},{6,7,8,9,4,1,3,2,5},{3,6,4,8,2,9,1,5,7},{7,2,1,6,5,4,0,0,0},{0,0,0,0,0,0,0,0,0},{0,0,0,0,0,0,0,0,0},{0,0,0,0,0,0,0,0,0},{0,0,0,0,0,0,0,0,0}}
]
13:16:51.613 INFO  [main] SudokuBoard - Wartość 0 wstawiona nieprawidłowo
13:16:51.613 INFO  [main] SudokuBoard - Bład w kwadracie 0
sudoku.model.SudokuBoard@6c4c32ff[
  size=9
  solver=sudoku.model.BacktrackingSudokuSolver@5a1a5521
  board={{1,4,9,2,3,5,6,7,8},{2,3,5,7,6,8,4,9,1},{6,7,8,9,4,1,3,2,5},{3,6,4,8,2,9,1,5,7},{7,2,1,6,5,4,9,8,3},{8,0,0,0,0,0,0,0,0},{0,0,0,0,0,0,0,0,0},{0,0,0,0,0,0,0,0,0},{0,0,0,0,0,0,0,0,0}}
]
13:16:51.613 INFO  [main] SudokuBoard - Wartość 0 wstawiona nieprawidłowo
13:16:51.613 INFO  [main] SudokuBoard - Bład w kwadracie 0
sudoku.model.SudokuBoard@6c4c32ff[
  size=9
  solver=sudoku.model.BacktrackingSudokuSolver@5a1a5521
  board={{1,4,9,2,3,5,6,7,8},{2,3,5,7,6,8,4,9,1},{6,7,8,9,4,1,3,2,5},{3,6,4,8,2,9,1,5,7},{7,2,1,6,5,4,9,8,3},{8,0,0,0,0,0,0,0,0},{0,0,0,0,0,0,0,0,0},{0,0,0,0,0,0,0,0,0},{0,0,0,0,0,0,0,0,0}}
]
13:16:51.613 INFO  [main] SudokuBoard - Wartość 0 wstawiona nieprawidłowo
13:16:51.613 INFO  [main] SudokuBoard - Bład w kwadracie 0
sudoku.model.SudokuBoard@6c4c32ff[
  size=9
  solver=sudoku.model.BacktrackingSudokuSolver@5a1a5521
  board={{1,4,9,2,3,5,6,7,8},{2,3,5,7,6,8,4,9,1},{6,7,8,9,4,1,3,2,5},{3,6,4,8,2,9,1,5,7},{7,2,1,6,5,4,9,8,3},{0,0,0,0,0,0,0,0,0},{0,0,0,0,0,0,0,0,0},{0,0,0,0,0,0,0,0,0},{0,0,0,0,0,0,0,0,0}}
]
13:16:51.613 INFO  [main] SudokuBoard - Wartość 0 wstawiona nieprawidłowo
13:16:51.613 INFO  [main] SudokuBoard - Bład w kwadracie 0
sudoku.model.SudokuBoard@6c4c32ff[
  size=9
  solver=sudoku.model.BacktrackingSudokuSolver@5a1a5521
  board={{1,4,9,2,3,5,6,7,8},{2,3,5,7,6,8,4,9,1},{6,7,8,9,4,1,3,2,5},{3,6,4,8,2,9,1,5,7},{7,2,1,6,5,4,9,8,3},{9,0,0,0,0,0,0,0,0},{0,0,0,0,0,0,0,0,0},{0,0,0,0,0,0,0,0,0},{0,0,0,0,0,0,0,0,0}}
]
13:16:51.613 INFO  [main] SudokuBoard - Wartość 0 wstawiona nieprawidłowo
13:16:51.613 INFO  [main] SudokuBoard - Bład w kwadracie 0
sudoku.model.SudokuBoard@6c4c32ff[
  size=9
  solver=sudoku.model.BacktrackingSudokuSolver@5a1a5521
  board={{1,4,9,2,3,5,6,7,8},{2,3,5,7,6,8,4,9,1},{6,7,8,9,4,1,3,2,5},{3,6,4,8,2,9,1,5,7},{7,2,1,6,5,4,9,8,3},{9,0,0,0,0,0,0,0,0},{0,0,0,0,0,0,0,0,0},{0,0,0,0,0,0,0,0,0},{0,0,0,0,0,0,0,0,0}}
]
13:16:51.613 INFO  [main] SudokuBoard - Wartość 0 wstawiona nieprawidłowo
13:16:51.613 INFO  [main] SudokuBoard - Bład w kwadracie 0
sudoku.model.SudokuBoard@6c4c32ff[
  size=9
  solver=sudoku.model.BacktrackingSudokuSolver@5a1a5521
  board={{1,4,9,2,3,5,6,7,8},{2,3,5,7,6,8,4,9,1},{6,7,8,9,4,1,3,2,5},{3,6,4,8,2,9,1,5,7},{7,2,1,6,5,4,9,8,3},{0,0,0,0,0,0,0,0,0},{0,0,0,0,0,0,0,0,0},{0,0,0,0,0,0,0,0,0},{0,0,0,0,0,0,0,0,0}}
]
13:16:51.613 INFO  [main] SudokuBoard - Wartość 0 wstawiona nieprawidłowo
13:16:51.613 INFO  [main] SudokuBoard - Bład w kwadracie 0
sudoku.model.SudokuBoard@6c4c32ff[
  size=9
  solver=sudoku.model.BacktrackingSudokuSolver@5a1a5521
  board={{1,4,9,2,3,5,6,7,8},{2,3,5,7,6,8,4,9,1},{6,7,8,9,4,1,3,2,5},{3,6,4,8,2,9,1,5,7},{7,2,1,6,5,4,9,8,3},{5,0,0,0,0,0,0,0,0},{0,0,0,0,0,0,0,0,0},{0,0,0,0,0,0,0,0,0},{0,0,0,0,0,0,0,0,0}}
]
13:16:51.613 INFO  [main] SudokuBoard - Wartość 0 wstawiona nieprawidłowo
13:16:51.614 INFO  [main] SudokuBoard - Bład w kwadracie 0
sudoku.model.SudokuBoard@6c4c32ff[
  size=9
  solver=sudoku.model.BacktrackingSudokuSolver@5a1a5521
  board={{1,4,9,2,3,5,6,7,8},{2,3,5,7,6,8,4,9,1},{6,7,8,9,4,1,3,2,5},{3,6,4,8,2,9,1,5,7},{7,2,1,6,5,4,9,8,3},{5,0,0,0,0,0,0,0,0},{0,0,0,0,0,0,0,0,0},{0,0,0,0,0,0,0,0,0},{0,0,0,0,0,0,0,0,0}}
]
13:16:51.614 INFO  [main] SudokuBoard - Wartość 0 wstawiona nieprawidłowo
13:16:51.614 INFO  [main] SudokuBoard - Bład w kwadracie 0
sudoku.model.SudokuBoard@6c4c32ff[
  size=9
  solver=sudoku.model.BacktrackingSudokuSolver@5a1a5521
  board={{1,4,9,2,3,5,6,7,8},{2,3,5,7,6,8,4,9,1},{6,7,8,9,4,1,3,2,5},{3,6,4,8,2,9,1,5,7},{7,2,1,6,5,4,9,8,3},{0,0,0,0,0,0,0,0,0},{0,0,0,0,0,0,0,0,0},{0,0,0,0,0,0,0,0,0},{0,0,0,0,0,0,0,0,0}}
]
13:16:51.614 INFO  [main] SudokuBoard - Wartość 0 wstawiona nieprawidłowo
13:16:51.614 INFO  [main] SudokuBoard - Bład w kwadracie 0
sudoku.model.SudokuBoard@6c4c32ff[
  size=9
  solver=sudoku.model.BacktrackingSudokuSolver@5a1a5521
  board={{1,4,9,2,3,5,6,7,8},{2,3,5,7,6,8,4,9,1},{6,7,8,9,4,1,3,2,5},{3,6,4,8,2,9,1,5,7},{7,2,1,6,5,4,9,8,0},{0,0,0,0,0,0,0,0,0},{0,0,0,0,0,0,0,0,0},{0,0,0,0,0,0,0,0,0},{0,0,0,0,0,0,0,0,0}}
]
13:16:51.614 INFO  [main] SudokuBoard - Wartość 0 wstawiona nieprawidłowo
13:16:51.614 INFO  [main] SudokuBoard - Bład w kwadracie 0
sudoku.model.SudokuBoard@6c4c32ff[
  size=9
  solver=sudoku.model.BacktrackingSudokuSolver@5a1a5521
  board={{1,4,9,2,3,5,6,7,8},{2,3,5,7,6,8,4,9,1},{6,7,8,9,4,1,3,2,5},{3,6,4,8,2,9,1,5,7},{7,2,1,6,5,4,9,0,0},{0,0,0,0,0,0,0,0,0},{0,0,0,0,0,0,0,0,0},{0,0,0,0,0,0,0,0,0},{0,0,0,0,0,0,0,0,0}}
]
13:16:51.614 INFO  [main] SudokuBoard - Wartość 0 wstawiona nieprawidłowo
13:16:51.614 INFO  [main] SudokuBoard - Bład w kwadracie 0
sudoku.model.SudokuBoard@6c4c32ff[
  size=9
  solver=sudoku.model.BacktrackingSudokuSolver@5a1a5521
  board={{1,4,9,2,3,5,6,7,8},{2,3,5,7,6,8,4,9,1},{6,7,8,9,4,1,3,2,5},{3,6,4,8,2,9,1,5,7},{7,2,1,6,5,4,9,0,0},{0,0,0,0,0,0,0,0,0},{0,0,0,0,0,0,0,0,0},{0,0,0,0,0,0,0,0,0},{0,0,0,0,0,0,0,0,0}}
]
13:16:51.614 INFO  [main] SudokuBoard - Wartość 0 wstawiona nieprawidłowo
13:16:51.614 INFO  [main] SudokuBoard - Bład w kwadracie 0
sudoku.model.SudokuBoard@6c4c32ff[
  size=9
  solver=sudoku.model.BacktrackingSudokuSolver@5a1a5521
  board={{1,4,9,2,3,5,6,7,8},{2,3,5,7,6,8,4,9,1},{6,7,8,9,4,1,3,2,5},{3,6,4,8,2,9,1,5,7},{7,2,1,6,5,4,0,0,0},{0,0,0,0,0,0,0,0,0},{0,0,0,0,0,0,0,0,0},{0,0,0,0,0,0,0,0,0},{0,0,0,0,0,0,0,0,0}}
]
13:16:51.614 INFO  [main] SudokuBoard - Wartość 0 wstawiona nieprawidłowo
13:16:51.614 INFO  [main] SudokuBoard - Bład w kwadracie 0
sudoku.model.SudokuBoard@6c4c32ff[
  size=9
  solver=sudoku.model.BacktrackingSudokuSolver@5a1a5521
  board={{1,4,9,2,3,5,6,7,8},{2,3,5,7,6,8,4,9,1},{6,7,8,9,4,1,3,2,5},{3,6,4,8,2,9,1,5,7},{7,2,1,6,5,0,0,0,0},{0,0,0,0,0,0,0,0,0},{0,0,0,0,0,0,0,0,0},{0,0,0,0,0,0,0,0,0},{0,0,0,0,0,0,0,0,0}}
]
13:16:51.614 INFO  [main] SudokuBoard - Wartość 0 wstawiona nieprawidłowo
13:16:51.615 INFO  [main] SudokuBoard - Bład w kwadracie 0
sudoku.model.SudokuBoard@6c4c32ff[
  size=9
  solver=sudoku.model.BacktrackingSudokuSolver@5a1a5521
  board={{1,4,9,2,3,5,6,7,8},{2,3,5,7,6,8,4,9,1},{6,7,8,9,4,1,3,2,5},{3,6,4,8,2,9,1,5,7},{7,2,1,6,0,0,0,0,0},{0,0,0,0,0,0,0,0,0},{0,0,0,0,0,0,0,0,0},{0,0,0,0,0,0,0,0,0},{0,0,0,0,0,0,0,0,0}}
]
13:16:51.615 INFO  [main] SudokuBoard - Wartość 0 wstawiona nieprawidłowo
13:16:51.615 INFO  [main] SudokuBoard - Bład w kwadracie 0
sudoku.model.SudokuBoard@6c4c32ff[
  size=9
  solver=sudoku.model.BacktrackingSudokuSolver@5a1a5521
  board={{1,4,9,2,3,5,6,7,8},{2,3,5,7,6,8,4,9,1},{6,7,8,9,4,1,3,2,5},{3,6,4,8,2,9,1,5,7},{7,2,1,0,0,0,0,0,0},{0,0,0,0,0,0,0,0,0},{0,0,0,0,0,0,0,0,0},{0,0,0,0,0,0,0,0,0},{0,0,0,0,0,0,0,0,0}}
]
13:16:51.615 INFO  [main] SudokuBoard - Wartość 0 wstawiona nieprawidłowo
13:16:51.615 INFO  [main] SudokuBoard - Bład w kwadracie 0
sudoku.model.SudokuBoard@6c4c32ff[
  size=9
  solver=sudoku.model.BacktrackingSudokuSolver@5a1a5521
  board={{1,4,9,2,3,5,6,7,8},{2,3,5,7,6,8,4,9,1},{6,7,8,9,4,1,3,2,5},{3,6,4,8,2,9,1,5,7},{7,2,0,0,0,0,0,0,0},{0,0,0,0,0,0,0,0,0},{0,0,0,0,0,0,0,0,0},{0,0,0,0,0,0,0,0,0},{0,0,0,0,0,0,0,0,0}}
]
13:16:51.615 INFO  [main] SudokuBoard - Wartość 0 wstawiona nieprawidłowo
13:16:51.615 INFO  [main] SudokuBoard - Bład w kwadracie 0
sudoku.model.SudokuBoard@6c4c32ff[
  size=9
  solver=sudoku.model.BacktrackingSudokuSolver@5a1a5521
  board={{1,4,9,2,3,5,6,7,8},{2,3,5,7,6,8,4,9,1},{6,7,8,9,4,1,3,2,5},{3,6,4,8,2,9,1,5,7},{7,0,0,0,0,0,0,0,0},{0,0,0,0,0,0,0,0,0},{0,0,0,0,0,0,0,0,0},{0,0,0,0,0,0,0,0,0},{0,0,0,0,0,0,0,0,0}}
]
13:16:51.615 INFO  [main] SudokuBoard - Wartość 0 wstawiona nieprawidłowo
13:16:51.615 INFO  [main] SudokuBoard - Bład w kwadracie 0
sudoku.model.SudokuBoard@6c4c32ff[
  size=9
  solver=sudoku.model.BacktrackingSudokuSolver@5a1a5521
  board={{1,4,9,2,3,5,6,7,8},{2,3,5,7,6,8,4,9,1},{6,7,8,9,4,1,3,2,5},{3,6,4,8,2,9,1,5,7},{7,5,1,0,0,0,0,0,0},{0,0,0,0,0,0,0,0,0},{0,0,0,0,0,0,0,0,0},{0,0,0,0,0,0,0,0,0},{0,0,0,0,0,0,0,0,0}}
]
13:16:51.615 INFO  [main] SudokuBoard - Wartość 0 wstawiona nieprawidłowo
13:16:51.615 INFO  [main] SudokuBoard - Bład w kwadracie 0
sudoku.model.SudokuBoard@6c4c32ff[
  size=9
  solver=sudoku.model.BacktrackingSudokuSolver@5a1a5521
  board={{1,4,9,2,3,5,6,7,8},{2,3,5,7,6,8,4,9,1},{6,7,8,9,4,1,3,2,5},{3,6,4,8,2,9,1,5,7},{7,5,1,0,0,0,0,0,0},{0,0,0,0,0,0,0,0,0},{0,0,0,0,0,0,0,0,0},{0,0,0,0,0,0,0,0,0},{0,0,0,0,0,0,0,0,0}}
]
13:16:51.615 INFO  [main] SudokuBoard - Wartość 0 wstawiona nieprawidłowo
13:16:51.615 INFO  [main] SudokuBoard - Bład w kwadracie 0
sudoku.model.SudokuBoard@6c4c32ff[
  size=9
  solver=sudoku.model.BacktrackingSudokuSolver@5a1a5521
  board={{1,4,9,2,3,5,6,7,8},{2,3,5,7,6,8,4,9,1},{6,7,8,9,4,1,3,2,5},{3,6,4,8,2,9,1,5,7},{7,5,1,0,0,0,0,0,0},{0,0,0,0,0,0,0,0,0},{0,0,0,0,0,0,0,0,0},{0,0,0,0,0,0,0,0,0},{0,0,0,0,0,0,0,0,0}}
]
13:16:51.615 INFO  [main] SudokuBoard - Wartość 0 wstawiona nieprawidłowo
13:16:51.615 INFO  [main] SudokuBoard - Bład w kwadracie 0
sudoku.model.SudokuBoard@6c4c32ff[
  size=9
  solver=sudoku.model.BacktrackingSudokuSolver@5a1a5521
  board={{1,4,9,2,3,5,6,7,8},{2,3,5,7,6,8,4,9,1},{6,7,8,9,4,1,3,2,5},{3,6,4,8,2,9,1,5,7},{7,5,0,0,0,0,0,0,0},{0,0,0,0,0,0,0,0,0},{0,0,0,0,0,0,0,0,0},{0,0,0,0,0,0,0,0,0},{0,0,0,0,0,0,0,0,0}}
]
13:16:51.615 INFO  [main] SudokuBoard - Wartość 0 wstawiona nieprawidłowo
13:16:51.615 INFO  [main] SudokuBoard - Bład w kwadracie 0
sudoku.model.SudokuBoard@6c4c32ff[
  size=9
  solver=sudoku.model.BacktrackingSudokuSolver@5a1a5521
  board={{1,4,9,2,3,5,6,7,8},{2,3,5,7,6,8,4,9,1},{6,7,8,9,4,1,3,2,5},{3,6,4,8,2,9,1,5,7},{7,5,2,0,0,0,0,0,0},{0,0,0,0,0,0,0,0,0},{0,0,0,0,0,0,0,0,0},{0,0,0,0,0,0,0,0,0},{0,0,0,0,0,0,0,0,0}}
]
13:16:51.616 INFO  [main] SudokuBoard - Wartość 0 wstawiona nieprawidłowo
13:16:51.616 INFO  [main] SudokuBoard - Bład w kwadracie 0
sudoku.model.SudokuBoard@6c4c32ff[
  size=9
  solver=sudoku.model.BacktrackingSudokuSolver@5a1a5521
  board={{1,4,9,2,3,5,6,7,8},{2,3,5,7,6,8,4,9,1},{6,7,8,9,4,1,3,2,5},{3,6,4,8,2,9,1,5,7},{7,5,2,3,1,4,8,6,9},{9,8,1,5,7,6,2,3,4},{4,9,3,6,5,2,7,0,0},{0,0,0,0,0,0,0,0,0},{0,0,0,0,0,0,0,0,0}}
]
13:16:51.616 INFO  [main] SudokuBoard - Wartość 0 wstawiona nieprawidłowo
13:16:51.616 INFO  [main] SudokuBoard - Bład w kwadracie 0
sudoku.model.SudokuBoard@6c4c32ff[
  size=9
  solver=sudoku.model.BacktrackingSudokuSolver@5a1a5521
  board={{1,4,9,2,3,5,6,7,8},{2,3,5,7,6,8,4,9,1},{6,7,8,9,4,1,3,2,5},{3,6,4,8,2,9,1,5,7},{7,5,2,3,1,4,8,6,9},{9,8,1,5,7,6,2,3,4},{4,9,3,6,5,2,7,0,0},{0,0,0,0,0,0,0,0,0},{0,0,0,0,0,0,0,0,0}}
]
13:16:51.616 INFO  [main] SudokuBoard - Wartość 0 wstawiona nieprawidłowo
13:16:51.616 INFO  [main] SudokuBoard - Bład w kwadracie 0
sudoku.model.SudokuBoard@6c4c32ff[
  size=9
  solver=sudoku.model.BacktrackingSudokuSolver@5a1a5521
  board={{1,4,9,2,3,5,6,7,8},{2,3,5,7,6,8,4,9,1},{6,7,8,9,4,1,3,2,5},{3,6,4,8,2,9,1,5,7},{7,5,2,3,1,4,8,6,9},{9,8,1,5,7,6,2,3,4},{4,9,3,6,5,2,0,0,0},{0,0,0,0,0,0,0,0,0},{0,0,0,0,0,0,0,0,0}}
]
13:16:51.616 INFO  [main] SudokuBoard - Wartość 0 wstawiona nieprawidłowo
13:16:51.616 INFO  [main] SudokuBoard - Bład w kwadracie 0
sudoku.model.SudokuBoard@6c4c32ff[
  size=9
  solver=sudoku.model.BacktrackingSudokuSolver@5a1a5521
  board={{1,4,9,2,3,5,6,7,8},{2,3,5,7,6,8,4,9,1},{6,7,8,9,4,1,3,2,5},{3,6,4,8,2,9,1,5,7},{7,5,2,3,1,4,8,6,9},{9,8,1,5,7,6,2,3,4},{4,9,3,6,5,0,0,0,0},{0,0,0,0,0,0,0,0,0},{0,0,0,0,0,0,0,0,0}}
]
13:16:51.616 INFO  [main] SudokuBoard - Wartość 0 wstawiona nieprawidłowo
13:16:51.616 INFO  [main] SudokuBoard - Bład w kwadracie 0
sudoku.model.SudokuBoard@6c4c32ff[
  size=9
  solver=sudoku.model.BacktrackingSudokuSolver@5a1a5521
  board={{1,4,9,2,3,5,6,7,8},{2,3,5,7,6,8,4,9,1},{6,7,8,9,4,1,3,2,5},{3,6,4,8,2,9,1,5,7},{7,5,2,3,1,4,8,6,9},{9,8,1,5,7,6,2,3,4},{4,9,3,6,5,0,0,0,0},{0,0,0,0,0,0,0,0,0},{0,0,0,0,0,0,0,0,0}}
]
13:16:51.616 INFO  [main] SudokuBoard - Wartość 0 wstawiona nieprawidłowo
13:16:51.616 INFO  [main] SudokuBoard - Bład w kwadracie 0
sudoku.model.SudokuBoard@6c4c32ff[
  size=9
  solver=sudoku.model.BacktrackingSudokuSolver@5a1a5521
  board={{1,4,9,2,3,5,6,7,8},{2,3,5,7,6,8,4,9,1},{6,7,8,9,4,1,3,2,5},{3,6,4,8,2,9,1,5,7},{7,5,2,3,1,4,8,6,9},{9,8,1,5,7,6,2,3,4},{4,9,3,6,0,0,0,0,0},{0,0,0,0,0,0,0,0,0},{0,0,0,0,0,0,0,0,0}}
]
13:16:51.617 INFO  [main] SudokuBoard - Wartość 0 wstawiona nieprawidłowo
13:16:51.617 INFO  [main] SudokuBoard - Bład w kwadracie 0
sudoku.model.SudokuBoard@6c4c32ff[
  size=9
  solver=sudoku.model.BacktrackingSudokuSolver@5a1a5521
  board={{1,4,9,2,3,5,6,7,8},{2,3,5,7,6,8,4,9,1},{6,7,8,9,4,1,3,2,5},{3,6,4,8,2,9,1,5,7},{7,5,2,3,1,4,8,6,9},{9,8,1,5,7,6,2,3,4},{4,9,3,6,8,7,5,1,2},{8,1,6,4,5,2,0,0,0},{0,0,0,0,0,0,0,0,0}}
]
13:16:51.617 INFO  [main] SudokuBoard - Wartość 0 wstawiona nieprawidłowo
13:16:51.617 INFO  [main] SudokuBoard - Bład w kwadracie 0
sudoku.model.SudokuBoard@6c4c32ff[
  size=9
  solver=sudoku.model.BacktrackingSudokuSolver@5a1a5521
  board={{1,4,9,2,3,5,6,7,8},{2,3,5,7,6,8,4,9,1},{6,7,8,9,4,1,3,2,5},{3,6,4,8,2,9,1,5,7},{7,5,2,3,1,4,8,6,9},{9,8,1,5,7,6,2,3,4},{4,9,3,6,8,7,5,1,2},{8,1,6,4,5,2,0,0,0},{0,0,0,0,0,0,0,0,0}}
]
13:16:51.617 INFO  [main] SudokuBoard - Wartość 0 wstawiona nieprawidłowo
13:16:51.617 INFO  [main] SudokuBoard - Bład w kwadracie 0
sudoku.model.SudokuBoard@6c4c32ff[
  size=9
  solver=sudoku.model.BacktrackingSudokuSolver@5a1a5521
  board={{1,4,9,2,3,5,6,7,8},{2,3,5,7,6,8,4,9,1},{6,7,8,9,4,1,3,2,5},{3,6,4,8,2,9,1,5,7},{7,5,2,3,1,4,8,6,9},{9,8,1,5,7,6,2,3,4},{4,9,3,6,8,7,5,1,2},{8,1,6,4,5,0,0,0,0},{0,0,0,0,0,0,0,0,0}}
]
13:16:51.617 INFO  [main] SudokuBoard - Wartość 0 wstawiona nieprawidłowo
13:16:51.617 INFO  [main] SudokuBoard - Bład w kwadracie 0
sudoku.model.SudokuBoard@6c4c32ff[
  size=9
  solver=sudoku.model.BacktrackingSudokuSolver@5a1a5521
  board={{1,4,9,2,3,5,6,7,8},{2,3,5,7,6,8,4,9,1},{6,7,8,9,4,1,3,2,5},{3,6,4,8,2,9,1,5,7},{7,5,2,3,1,4,8,6,9},{9,8,1,5,7,6,2,3,4},{4,9,3,6,8,7,5,1,2},{8,1,6,4,5,3,0,0,0},{0,0,0,0,0,0,0,0,0}}
]
13:16:51.617 INFO  [main] SudokuBoard - Wartość 0 wstawiona nieprawidłowo
13:16:51.617 INFO  [main] SudokuBoard - Bład w kwadracie 0
sudoku.model.SudokuBoard@6c4c32ff[
  size=9
  solver=sudoku.model.BacktrackingSudokuSolver@5a1a5521
  board={{1,4,9,2,3,5,6,7,8},{2,3,5,7,6,8,4,9,1},{6,7,8,9,4,1,3,2,5},{3,6,4,8,2,9,1,5,7},{7,5,2,3,1,4,8,6,9},{9,8,1,5,7,6,2,3,4},{4,9,3,6,8,7,5,1,2},{8,1,6,4,5,3,0,0,0},{0,0,0,0,0,0,0,0,0}}
]
13:16:51.617 INFO  [main] SudokuBoard - Wartość 0 wstawiona nieprawidłowo
13:16:51.617 INFO  [main] SudokuBoard - Bład w kwadracie 0
sudoku.model.SudokuBoard@6c4c32ff[
  size=9
  solver=sudoku.model.BacktrackingSudokuSolver@5a1a5521
  board={{1,4,9,2,3,5,6,7,8},{2,3,5,7,6,8,4,9,1},{6,7,8,9,4,1,3,2,5},{3,6,4,8,2,9,1,5,7},{7,5,2,3,1,4,8,6,9},{9,8,1,5,7,6,2,3,4},{4,9,3,6,8,7,5,1,2},{8,1,6,4,5,0,0,0,0},{0,0,0,0,0,0,0,0,0}}
]
13:16:51.617 INFO  [main] SudokuBoard - Wartość 0 wstawiona nieprawidłowo
13:16:51.617 INFO  [main] SudokuBoard - Bład w kwadracie 0
sudoku.model.SudokuBoard@6c4c32ff[
  size=9
  solver=sudoku.model.BacktrackingSudokuSolver@5a1a5521
  board={{1,4,9,2,3,5,6,7,8},{2,3,5,7,6,8,4,9,1},{6,7,8,9,4,1,3,2,5},{3,6,4,8,2,9,1,5,7},{7,5,2,3,1,4,8,6,9},{9,8,1,5,7,6,2,3,4},{4,9,3,6,8,7,5,1,2},{8,1,6,4,0,0,0,0,0},{0,0,0,0,0,0,0,0,0}}
]
13:16:51.617 INFO  [main] SudokuBoard - Wartość 0 wstawiona nieprawidłowo
13:16:51.618 INFO  [main] SudokuBoard - Bład w kwadracie 0
sudoku.model.SudokuBoard@6c4c32ff[
  size=9
  solver=sudoku.model.BacktrackingSudokuSolver@5a1a5521
  board={{1,4,9,2,3,5,6,7,8},{2,3,5,7,6,8,4,9,1},{6,7,8,9,4,1,3,2,5},{3,6,4,8,2,9,1,5,7},{7,5,2,3,1,4,8,6,9},{9,8,1,5,7,6,2,3,4},{4,9,3,6,8,7,5,1,2},{8,1,6,4,9,2,0,0,0},{0,0,0,0,0,0,0,0,0}}
]
13:16:51.618 INFO  [main] SudokuBoard - Wartość 0 wstawiona nieprawidłowo
13:16:51.618 INFO  [main] SudokuBoard - Bład w kwadracie 0
sudoku.model.SudokuBoard@6c4c32ff[
  size=9
  solver=sudoku.model.BacktrackingSudokuSolver@5a1a5521
  board={{1,4,9,2,3,5,6,7,8},{2,3,5,7,6,8,4,9,1},{6,7,8,9,4,1,3,2,5},{3,6,4,8,2,9,1,5,7},{7,5,2,3,1,4,8,6,9},{9,8,1,5,7,6,2,3,4},{4,9,3,6,8,7,5,1,2},{8,1,6,4,9,0,0,0,0},{0,0,0,0,0,0,0,0,0}}
]
13:16:51.618 INFO  [main] SudokuBoard - Wartość 0 wstawiona nieprawidłowo
13:16:51.618 INFO  [main] SudokuBoard - Bład w kwadracie 0
sudoku.model.SudokuBoard@6c4c32ff[
  size=9
  solver=sudoku.model.BacktrackingSudokuSolver@5a1a5521
  board={{1,4,9,2,3,5,6,7,8},{2,3,5,7,6,8,4,9,1},{6,7,8,9,4,1,3,2,5},{3,6,4,8,2,9,1,5,7},{7,5,2,3,1,4,8,6,9},{9,8,1,5,7,6,2,3,4},{4,9,3,6,8,7,5,1,2},{8,1,6,4,9,3,0,0,0},{0,0,0,0,0,0,0,0,0}}
]
13:16:51.618 INFO  [main] SudokuBoard - Wartość 0 wstawiona nieprawidłowo
13:16:51.618 INFO  [main] SudokuBoard - Bład w kwadracie 0
sudoku.model.SudokuBoard@6c4c32ff[
  size=9
  solver=sudoku.model.BacktrackingSudokuSolver@5a1a5521
  board={{1,4,9,2,3,5,6,7,8},{2,3,5,7,6,8,4,9,1},{6,7,8,9,4,1,3,2,5},{3,6,4,8,2,9,1,5,7},{7,5,2,3,1,4,8,6,9},{9,8,1,5,7,6,2,3,4},{4,9,3,6,8,7,5,1,2},{8,1,6,4,9,0,0,0,0},{0,0,0,0,0,0,0,0,0}}
]
13:16:51.618 INFO  [main] SudokuBoard - Wartość 0 wstawiona nieprawidłowo
13:16:51.618 INFO  [main] SudokuBoard - Bład w kwadracie 0
sudoku.model.SudokuBoard@6c4c32ff[
  size=9
  solver=sudoku.model.BacktrackingSudokuSolver@5a1a5521
  board={{1,4,9,2,3,5,6,7,8},{2,3,5,7,6,8,4,9,1},{6,7,8,9,4,1,3,2,5},{3,6,4,8,2,9,1,5,7},{7,5,2,3,1,4,8,6,9},{9,8,1,5,7,6,2,3,4},{4,9,3,6,8,7,5,1,2},{8,1,6,4,0,0,0,0,0},{0,0,0,0,0,0,0,0,0}}
]
13:16:51.618 INFO  [main] SudokuBoard - Wartość 0 wstawiona nieprawidłowo
13:16:51.618 INFO  [main] SudokuBoard - Bład w kwadracie 0
sudoku.model.SudokuBoard@6c4c32ff[
  size=9
  solver=sudoku.model.BacktrackingSudokuSolver@5a1a5521
  board={{1,4,9,2,3,5,6,7,8},{2,3,5,7,6,8,4,9,1},{6,7,8,9,4,1,3,2,5},{3,6,4,8,2,9,1,5,7},{7,5,2,3,1,4,8,6,9},{9,8,1,5,7,6,2,3,4},{4,9,3,6,8,7,5,1,2},{8,1,6,0,0,0,0,0,0},{0,0,0,0,0,0,0,0,0}}
]
13:16:51.619 INFO  [main] SudokuBoard - Wartość 0 wstawiona nieprawidłowo
13:16:51.619 INFO  [main] SudokuBoard - Bład w kwadracie 0
sudoku.model.SudokuBoard@6c4c32ff[
  size=9
  solver=sudoku.model.BacktrackingSudokuSolver@5a1a5521
  board={{1,4,9,2,3,5,6,7,8},{2,3,5,7,6,8,4,9,1},{6,7,8,9,4,1,3,2,5},{3,6,4,8,2,9,1,5,7},{7,5,2,3,1,4,8,6,9},{9,8,1,5,7,6,2,3,4},{4,9,3,6,8,7,5,1,2},{8,1,0,0,0,0,0,0,0},{0,0,0,0,0,0,0,0,0}}
]
13:16:51.619 INFO  [main] SudokuBoard - Wartość 0 wstawiona nieprawidłowo
13:16:51.619 INFO  [main] SudokuBoard - Bład w kwadracie 0
sudoku.model.SudokuBoard@6c4c32ff[
  size=9
  solver=sudoku.model.BacktrackingSudokuSolver@5a1a5521
  board={{1,4,9,2,3,5,6,7,8},{2,3,5,7,6,8,4,9,1},{6,7,8,9,4,1,3,2,5},{3,6,4,8,2,9,1,5,7},{7,5,2,3,1,4,8,6,9},{9,8,1,5,7,6,2,3,4},{4,9,3,6,8,7,5,1,2},{8,1,7,4,9,0,0,0,0},{0,0,0,0,0,0,0,0,0}}
]
13:16:51.619 INFO  [main] SudokuBoard - Wartość 0 wstawiona nieprawidłowo
13:16:51.619 INFO  [main] SudokuBoard - Bład w kwadracie 0
sudoku.model.SudokuBoard@6c4c32ff[
  size=9
  solver=sudoku.model.BacktrackingSudokuSolver@5a1a5521
  board={{1,4,9,2,3,5,6,7,8},{2,3,5,7,6,8,4,9,1},{6,7,8,9,4,1,3,2,5},{3,6,4,8,2,9,1,5,7},{7,5,2,3,1,4,8,6,9},{9,8,1,5,7,6,2,3,4},{4,9,3,6,8,7,5,1,2},{8,1,7,4,9,0,0,0,0},{0,0,0,0,0,0,0,0,0}}
]
13:16:51.619 INFO  [main] SudokuBoard - Wartość 0 wstawiona nieprawidłowo
13:16:51.619 INFO  [main] SudokuBoard - Bład w kwadracie 0
sudoku.model.SudokuBoard@6c4c32ff[
  size=9
  solver=sudoku.model.BacktrackingSudokuSolver@5a1a5521
  board={{1,4,9,2,3,5,6,7,8},{2,3,5,7,6,8,4,9,1},{6,7,8,9,4,1,3,2,5},{3,6,4,8,2,9,1,5,7},{7,5,2,3,1,4,8,6,9},{9,8,1,5,7,6,2,3,4},{4,9,3,6,8,7,5,1,2},{8,1,7,4,0,0,0,0,0},{0,0,0,0,0,0,0,0,0}}
]
13:16:51.619 INFO  [main] SudokuBoard - Wartość 0 wstawiona nieprawidłowo
13:16:51.619 INFO  [main] SudokuBoard - Bład w kwadracie 0
sudoku.model.SudokuBoard@6c4c32ff[
  size=9
  solver=sudoku.model.BacktrackingSudokuSolver@5a1a5521
  board={{1,4,9,2,3,5,6,7,8},{2,3,5,7,6,8,4,9,1},{6,7,8,9,4,1,3,2,5},{3,6,4,8,2,9,1,5,7},{7,5,2,3,1,4,8,6,9},{9,8,1,5,7,6,2,3,4},{4,9,3,6,8,7,5,1,2},{8,1,7,4,5,2,0,0,0},{0,0,0,0,0,0,0,0,0}}
]
13:16:51.619 INFO  [main] SudokuBoard - Wartość 0 wstawiona nieprawidłowo
13:16:51.619 INFO  [main] SudokuBoard - Bład w kwadracie 0
sudoku.model.SudokuBoard@6c4c32ff[
  size=9
  solver=sudoku.model.BacktrackingSudokuSolver@5a1a5521
  board={{1,4,9,2,3,5,6,7,8},{2,3,5,7,6,8,4,9,1},{6,7,8,9,4,1,3,2,5},{3,6,4,8,2,9,1,5,7},{7,5,2,3,1,4,8,6,9},{9,8,1,5,7,6,2,3,4},{4,9,3,6,8,7,5,1,2},{8,1,7,4,5,0,0,0,0},{0,0,0,0,0,0,0,0,0}}
]
13:16:51.619 INFO  [main] SudokuBoard - Wartość 0 wstawiona nieprawidłowo
13:16:51.619 INFO  [main] SudokuBoard - Bład w kwadracie 0
sudoku.model.SudokuBoard@6c4c32ff[
  size=9
  solver=sudoku.model.BacktrackingSudokuSolver@5a1a5521
  board={{1,4,9,2,3,5,6,7,8},{2,3,5,7,6,8,4,9,1},{6,7,8,9,4,1,3,2,5},{3,6,4,8,2,9,1,5,7},{7,5,2,3,1,4,8,6,9},{9,8,1,5,7,6,2,3,4},{4,9,3,6,8,7,5,1,2},{8,1,7,4,5,3,0,0,0},{0,0,0,0,0,0,0,0,0}}
]
13:16:51.619 INFO  [main] SudokuBoard - Wartość 0 wstawiona nieprawidłowo
13:16:51.619 INFO  [main] SudokuBoard - Bład w kwadracie 0
sudoku.model.SudokuBoard@6c4c32ff[
  size=9
  solver=sudoku.model.BacktrackingSudokuSolver@5a1a5521
  board={{1,4,9,2,3,5,6,7,8},{2,3,5,7,6,8,4,9,1},{6,7,8,9,4,1,3,2,5},{3,6,4,8,2,9,1,5,7},{7,5,2,3,1,4,8,6,9},{9,8,1,5,7,6,2,3,4},{4,9,3,6,8,7,5,1,2},{8,1,7,4,5,0,0,0,0},{0,0,0,0,0,0,0,0,0}}
]
13:16:51.619 INFO  [main] SudokuBoard - Wartość 0 wstawiona nieprawidłowo
13:16:51.620 INFO  [main] SudokuBoard - Bład w kwadracie 0
sudoku.model.SudokuBoard@6c4c32ff[
  size=9
  solver=sudoku.model.BacktrackingSudokuSolver@5a1a5521
  board={{1,4,9,2,3,5,6,7,8},{2,3,5,7,6,8,4,9,1},{6,7,8,9,4,1,3,2,5},{3,6,4,8,2,9,1,5,7},{7,5,2,3,1,4,8,6,9},{9,8,1,5,7,6,2,3,4},{4,9,3,6,8,7,5,1,2},{8,1,7,4,0,0,0,0,0},{0,0,0,0,0,0,0,0,0}}
]
13:16:51.621 INFO  [main] SudokuBoard - Wartość 0 wstawiona nieprawidłowo
13:16:51.621 INFO  [main] SudokuBoard - Bład w kwadracie 0
sudoku.model.SudokuBoard@6c4c32ff[
  size=9
  solver=sudoku.model.BacktrackingSudokuSolver@5a1a5521
  board={{1,4,9,2,3,5,6,7,8},{2,3,5,7,6,8,4,9,1},{6,7,8,9,4,1,3,2,5},{3,6,4,8,2,9,1,5,7},{7,5,2,3,1,4,8,6,9},{9,8,1,5,7,6,2,3,4},{4,9,3,6,8,7,5,1,2},{8,1,7,0,0,0,0,0,0},{0,0,0,0,0,0,0,0,0}}
]
13:16:51.621 INFO  [main] SudokuBoard - Wartość 0 wstawiona nieprawidłowo
13:16:51.621 INFO  [main] SudokuBoard - Bład w kwadracie 0
sudoku.model.SudokuBoard@6c4c32ff[
  size=9
  solver=sudoku.model.BacktrackingSudokuSolver@5a1a5521
  board={{1,4,9,2,3,5,6,7,8},{2,3,5,7,6,8,4,9,1},{6,7,8,9,4,1,3,2,5},{3,6,4,8,2,9,1,5,7},{7,5,2,3,1,4,8,6,9},{9,8,1,5,7,6,2,3,4},{4,9,3,6,8,7,5,1,2},{8,1,0,0,0,0,0,0,0},{0,0,0,0,0,0,0,0,0}}
]
13:16:51.621 INFO  [main] SudokuBoard - Wartość 0 wstawiona nieprawidłowo
13:16:51.621 INFO  [main] SudokuBoard - Bład w kwadracie 0
sudoku.model.SudokuBoard@6c4c32ff[
  size=9
  solver=sudoku.model.BacktrackingSudokuSolver@5a1a5521
  board={{1,4,9,2,3,5,6,7,8},{2,3,5,7,6,8,4,9,1},{6,7,8,9,4,1,3,2,5},{3,6,4,8,2,9,1,5,7},{7,5,2,3,1,4,8,6,9},{9,8,1,5,7,6,2,3,4},{4,9,3,6,8,7,5,1,2},{8,0,0,0,0,0,0,0,0},{0,0,0,0,0,0,0,0,0}}
]
13:16:51.621 INFO  [main] SudokuBoard - Wartość 0 wstawiona nieprawidłowo
13:16:51.621 INFO  [main] SudokuBoard - Bład w kwadracie 0
sudoku.model.SudokuBoard@6c4c32ff[
  size=9
  solver=sudoku.model.BacktrackingSudokuSolver@5a1a5521
  board={{1,4,9,2,3,5,6,7,8},{2,3,5,7,6,8,4,9,1},{6,7,8,9,4,1,3,2,5},{3,6,4,8,2,9,1,5,7},{7,5,2,3,1,4,8,6,9},{9,8,1,5,7,6,2,3,4},{4,9,3,6,8,7,5,1,2},{8,2,6,4,9,3,0,0,0},{0,0,0,0,0,0,0,0,0}}
]
13:16:51.622 INFO  [main] SudokuBoard - Wartość 0 wstawiona nieprawidłowo
13:16:51.622 INFO  [main] SudokuBoard - Bład w kwadracie 0
sudoku.model.SudokuBoard@6c4c32ff[
  size=9
  solver=sudoku.model.BacktrackingSudokuSolver@5a1a5521
  board={{1,4,9,2,3,5,6,7,8},{2,3,5,7,6,8,4,9,1},{6,7,8,9,4,1,3,2,5},{3,6,4,8,2,9,1,5,7},{7,5,2,3,1,4,8,6,9},{9,8,1,5,7,6,2,3,4},{4,9,3,6,8,7,5,1,2},{8,2,6,4,9,0,0,0,0},{0,0,0,0,0,0,0,0,0}}
]
13:16:51.622 INFO  [main] SudokuBoard - Wartość 0 wstawiona nieprawidłowo
13:16:51.622 INFO  [main] SudokuBoard - Bład w kwadracie 0
sudoku.model.SudokuBoard@6c4c32ff[
  size=9
  solver=sudoku.model.BacktrackingSudokuSolver@5a1a5521
  board={{1,4,9,2,3,5,6,7,8},{2,3,5,7,6,8,4,9,1},{6,7,8,9,4,1,3,2,5},{3,6,4,8,2,9,1,5,7},{7,5,2,3,1,4,8,6,9},{9,8,1,5,7,6,2,3,4},{4,9,3,6,8,7,5,1,2},{8,2,6,4,0,0,0,0,0},{0,0,0,0,0,0,0,0,0}}
]
13:16:51.622 INFO  [main] SudokuBoard - Wartość 0 wstawiona nieprawidłowo
13:16:51.622 INFO  [main] SudokuBoard - Bład w kwadracie 0
sudoku.model.SudokuBoard@6c4c32ff[
  size=9
  solver=sudoku.model.BacktrackingSudokuSolver@5a1a5521
  board={{1,4,9,2,3,5,6,7,8},{2,3,5,7,6,8,4,9,1},{6,7,8,9,4,1,3,2,5},{3,6,4,8,2,9,1,5,7},{7,5,2,3,1,4,8,6,9},{9,8,1,5,7,6,2,3,4},{4,9,3,6,8,7,5,1,2},{8,2,6,4,5,3,0,0,0},{0,0,0,0,0,0,0,0,0}}
]
13:16:51.622 INFO  [main] SudokuBoard - Wartość 0 wstawiona nieprawidłowo
13:16:51.622 INFO  [main] SudokuBoard - Bład w kwadracie 0
sudoku.model.SudokuBoard@6c4c32ff[
  size=9
  solver=sudoku.model.BacktrackingSudokuSolver@5a1a5521
  board={{1,4,9,2,3,5,6,7,8},{2,3,5,7,6,8,4,9,1},{6,7,8,9,4,1,3,2,5},{3,6,4,8,2,9,1,5,7},{7,5,2,3,1,4,8,6,9},{9,8,1,5,7,6,2,3,4},{4,9,3,6,8,7,5,1,2},{8,2,6,4,5,3,0,0,0},{0,0,0,0,0,0,0,0,0}}
]
13:16:51.623 INFO  [main] SudokuBoard - Wartość 0 wstawiona nieprawidłowo
13:16:51.623 INFO  [main] SudokuBoard - Bład w kwadracie 0
sudoku.model.SudokuBoard@6c4c32ff[
  size=9
  solver=sudoku.model.BacktrackingSudokuSolver@5a1a5521
  board={{1,4,9,2,3,5,6,7,8},{2,3,5,7,6,8,4,9,1},{6,7,8,9,4,1,3,2,5},{3,6,4,8,2,9,1,5,7},{7,5,2,3,1,4,8,6,9},{9,8,1,5,7,6,2,3,4},{4,9,3,6,8,7,5,1,2},{8,2,6,4,5,0,0,0,0},{0,0,0,0,0,0,0,0,0}}
]
13:16:51.623 INFO  [main] SudokuBoard - Wartość 0 wstawiona nieprawidłowo
13:16:51.623 INFO  [main] SudokuBoard - Bład w kwadracie 0
sudoku.model.SudokuBoard@6c4c32ff[
  size=9
  solver=sudoku.model.BacktrackingSudokuSolver@5a1a5521
  board={{1,4,9,2,3,5,6,7,8},{2,3,5,7,6,8,4,9,1},{6,7,8,9,4,1,3,2,5},{3,6,4,8,2,9,1,5,7},{7,5,2,3,1,4,8,6,9},{9,8,1,5,7,6,2,3,4},{4,9,3,6,8,7,5,1,2},{8,2,6,4,0,0,0,0,0},{0,0,0,0,0,0,0,0,0}}
]
13:16:51.623 INFO  [main] SudokuBoard - Wartość 0 wstawiona nieprawidłowo
13:16:51.623 INFO  [main] SudokuBoard - Bład w kwadracie 0
sudoku.model.SudokuBoard@6c4c32ff[
  size=9
  solver=sudoku.model.BacktrackingSudokuSolver@5a1a5521
  board={{1,4,9,2,3,5,6,7,8},{2,3,5,7,6,8,4,9,1},{6,7,8,9,4,1,3,2,5},{3,6,4,8,2,9,1,5,7},{7,5,2,3,1,4,8,6,9},{9,8,1,5,7,6,2,3,4},{4,9,3,6,8,7,5,1,2},{8,2,6,0,0,0,0,0,0},{0,0,0,0,0,0,0,0,0}}
]
13:16:51.623 INFO  [main] SudokuBoard - Wartość 0 wstawiona nieprawidłowo
13:16:51.623 INFO  [main] SudokuBoard - Bład w kwadracie 0
sudoku.model.SudokuBoard@6c4c32ff[
  size=9
  solver=sudoku.model.BacktrackingSudokuSolver@5a1a5521
  board={{1,4,9,2,3,5,6,7,8},{2,3,5,7,6,8,4,9,1},{6,7,8,9,4,1,3,2,5},{3,6,4,8,2,9,1,5,7},{7,5,2,3,1,4,8,6,9},{9,8,1,5,7,6,2,3,4},{4,9,3,6,8,7,5,1,2},{8,2,6,1,5,3,7,0,0},{0,0,0,0,0,0,0,0,0}}
]
13:16:51.623 INFO  [main] SudokuBoard - Wartość 0 wstawiona nieprawidłowo
13:16:51.623 INFO  [main] SudokuBoard - Bład w kwadracie 0
sudoku.model.SudokuBoard@6c4c32ff[
  size=9
  solver=sudoku.model.BacktrackingSudokuSolver@5a1a5521
  board={{1,4,9,2,3,5,6,7,8},{2,3,5,7,6,8,4,9,1},{6,7,8,9,4,1,3,2,5},{3,6,4,8,2,9,1,5,7},{7,5,2,3,1,4,8,6,9},{9,8,1,5,7,6,2,3,4},{4,9,3,6,8,7,5,1,2},{8,2,6,1,5,3,0,0,0},{0,0,0,0,0,0,0,0,0}}
]
13:16:51.623 INFO  [main] SudokuBoard - Wartość 0 wstawiona nieprawidłowo
13:16:51.623 INFO  [main] SudokuBoard - Bład w kwadracie 0
sudoku.model.SudokuBoard@6c4c32ff[
  size=9
  solver=sudoku.model.BacktrackingSudokuSolver@5a1a5521
  board={{1,4,9,2,3,5,6,7,8},{2,3,5,7,6,8,4,9,1},{6,7,8,9,4,1,3,2,5},{3,6,4,8,2,9,1,5,7},{7,5,2,3,1,4,8,6,9},{9,8,1,5,7,6,2,3,4},{4,9,3,6,8,7,5,1,2},{8,2,6,1,5,3,9,0,0},{0,0,0,0,0,0,0,0,0}}
]
13:16:51.623 INFO  [main] SudokuBoard - Wartość 0 wstawiona nieprawidłowo
13:16:51.623 INFO  [main] SudokuBoard - Bład w kwadracie 0
sudoku.model.SudokuBoard@6c4c32ff[
  size=9
  solver=sudoku.model.BacktrackingSudokuSolver@5a1a5521
  board={{1,4,9,2,3,5,6,7,8},{2,3,5,7,6,8,4,9,1},{6,7,8,9,4,1,3,2,5},{3,6,4,8,2,9,1,5,7},{7,5,2,3,1,4,8,6,9},{9,8,1,5,7,6,2,3,4},{4,9,3,6,8,7,5,1,2},{8,2,6,1,5,3,0,0,0},{0,0,0,0,0,0,0,0,0}}
]
13:16:51.623 INFO  [main] SudokuBoard - Wartość 0 wstawiona nieprawidłowo
13:16:51.623 INFO  [main] SudokuBoard - Bład w kwadracie 0
sudoku.model.SudokuBoard@6c4c32ff[
  size=9
  solver=sudoku.model.BacktrackingSudokuSolver@5a1a5521
  board={{1,4,9,2,3,5,6,7,8},{2,3,5,7,6,8,4,9,1},{6,7,8,9,4,1,3,2,5},{3,6,4,8,2,9,1,5,7},{7,5,2,3,1,4,8,6,9},{9,8,1,5,7,6,2,3,4},{4,9,3,6,8,7,5,1,2},{8,2,6,1,5,0,0,0,0},{0,0,0,0,0,0,0,0,0}}
]
13:16:51.623 INFO  [main] SudokuBoard - Wartość 0 wstawiona nieprawidłowo
13:16:51.624 INFO  [main] SudokuBoard - Bład w kwadracie 0
sudoku.model.SudokuBoard@6c4c32ff[
  size=9
  solver=sudoku.model.BacktrackingSudokuSolver@5a1a5521
  board={{1,4,9,2,3,5,6,7,8},{2,3,5,7,6,8,4,9,1},{6,7,8,9,4,1,3,2,5},{3,6,4,8,2,9,1,5,7},{7,5,2,3,1,4,8,6,9},{9,8,1,5,7,6,2,3,4},{4,9,3,6,8,7,5,1,2},{8,2,6,1,0,0,0,0,0},{0,0,0,0,0,0,0,0,0}}
]
13:16:51.624 INFO  [main] SudokuBoard - Wartość 0 wstawiona nieprawidłowo
13:16:51.624 INFO  [main] SudokuBoard - Bład w kwadracie 0
sudoku.model.SudokuBoard@6c4c32ff[
  size=9
  solver=sudoku.model.BacktrackingSudokuSolver@5a1a5521
  board={{1,4,9,2,3,5,6,7,8},{2,3,5,7,6,8,4,9,1},{6,7,8,9,4,1,3,2,5},{3,6,4,8,2,9,1,5,7},{7,5,2,3,1,4,8,6,9},{9,8,1,5,7,6,2,3,4},{4,9,3,6,8,7,5,1,2},{8,2,6,1,9,3,7,0,0},{0,0,0,0,0,0,0,0,0}}
]
13:16:51.624 INFO  [main] SudokuBoard - Wartość 0 wstawiona nieprawidłowo
13:16:51.624 INFO  [main] SudokuBoard - Bład w kwadracie 0
sudoku.model.SudokuBoard@6c4c32ff[
  size=9
  solver=sudoku.model.BacktrackingSudokuSolver@5a1a5521
  board={{1,4,9,2,3,5,6,7,8},{2,3,5,7,6,8,4,9,1},{6,7,8,9,4,1,3,2,5},{3,6,4,8,2,9,1,5,7},{7,5,2,3,1,4,8,6,9},{9,8,1,5,7,6,2,3,4},{4,9,3,6,8,7,5,1,2},{8,2,6,1,9,3,0,0,0},{0,0,0,0,0,0,0,0,0}}
]
13:16:51.624 INFO  [main] SudokuBoard - Wartość 0 wstawiona nieprawidłowo
13:16:51.624 INFO  [main] SudokuBoard - Bład w kwadracie 0
sudoku.model.SudokuBoard@6c4c32ff[
  size=9
  solver=sudoku.model.BacktrackingSudokuSolver@5a1a5521
  board={{1,4,9,2,3,5,6,7,8},{2,3,5,7,6,8,4,9,1},{6,7,8,9,4,1,3,2,5},{3,6,4,8,2,9,1,5,7},{7,5,2,3,1,4,8,6,9},{9,8,1,5,7,6,2,3,4},{4,9,3,6,8,7,5,1,2},{8,2,6,1,9,0,0,0,0},{0,0,0,0,0,0,0,0,0}}
]
13:16:51.624 INFO  [main] SudokuBoard - Wartość 0 wstawiona nieprawidłowo
13:16:51.624 INFO  [main] SudokuBoard - Bład w kwadracie 0
sudoku.model.SudokuBoard@6c4c32ff[
  size=9
  solver=sudoku.model.BacktrackingSudokuSolver@5a1a5521
  board={{1,4,9,2,3,5,6,7,8},{2,3,5,7,6,8,4,9,1},{6,7,8,9,4,1,3,2,5},{3,6,4,8,2,9,1,5,7},{7,5,2,3,1,4,8,6,9},{9,8,1,5,7,6,2,3,4},{4,9,3,6,8,7,5,1,2},{8,2,6,1,0,0,0,0,0},{0,0,0,0,0,0,0,0,0}}
]
13:16:51.624 INFO  [main] SudokuBoard - Wartość 0 wstawiona nieprawidłowo
13:16:51.624 INFO  [main] SudokuBoard - Bład w kwadracie 0
sudoku.model.SudokuBoard@6c4c32ff[
  size=9
  solver=sudoku.model.BacktrackingSudokuSolver@5a1a5521
  board={{1,4,9,2,3,5,6,7,8},{2,3,5,7,6,8,4,9,1},{6,7,8,9,4,1,3,2,5},{3,6,4,8,2,9,1,5,7},{7,5,2,3,1,4,8,6,9},{9,8,1,5,7,6,2,3,4},{4,9,3,6,8,7,5,1,2},{8,2,6,0,0,0,0,0,0},{0,0,0,0,0,0,0,0,0}}
]
13:16:51.624 INFO  [main] SudokuBoard - Wartość 0 wstawiona nieprawidłowo
13:16:51.624 INFO  [main] SudokuBoard - Bład w kwadracie 0
sudoku.model.SudokuBoard@6c4c32ff[
  size=9
  solver=sudoku.model.BacktrackingSudokuSolver@5a1a5521
  board={{1,4,9,2,3,5,6,7,8},{2,3,5,7,6,8,4,9,1},{6,7,8,9,4,1,3,2,5},{3,6,4,8,2,9,1,5,7},{7,5,2,3,1,4,8,6,9},{9,8,1,5,7,6,2,3,4},{4,9,3,6,8,7,5,1,2},{8,2,0,0,0,0,0,0,0},{0,0,0,0,0,0,0,0,0}}
]
13:16:51.624 INFO  [main] SudokuBoard - Wartość 0 wstawiona nieprawidłowo
13:16:51.624 INFO  [main] SudokuBoard - Bład w kwadracie 0
sudoku.model.SudokuBoard@6c4c32ff[
  size=9
  solver=sudoku.model.BacktrackingSudokuSolver@5a1a5521
  board={{1,4,9,2,3,5,6,7,8},{2,3,5,7,6,8,4,9,1},{6,7,8,9,4,1,3,2,5},{3,6,4,8,2,9,1,5,7},{7,5,2,3,1,4,8,6,9},{9,8,1,5,7,6,2,3,4},{4,9,3,6,8,7,5,1,2},{8,2,7,4,5,3,0,0,0},{0,0,0,0,0,0,0,0,0}}
]
13:16:51.624 INFO  [main] SudokuBoard - Wartość 0 wstawiona nieprawidłowo
13:16:51.625 INFO  [main] SudokuBoard - Bład w kwadracie 0
sudoku.model.SudokuBoard@6c4c32ff[
  size=9
  solver=sudoku.model.BacktrackingSudokuSolver@5a1a5521
  board={{1,4,9,2,3,5,6,7,8},{2,3,5,7,6,8,4,9,1},{6,7,8,9,4,1,3,2,5},{3,6,4,8,2,9,1,5,7},{7,5,2,3,1,4,8,6,9},{9,8,1,5,7,6,2,3,4},{4,9,3,6,8,7,5,1,2},{8,2,7,4,5,0,0,0,0},{0,0,0,0,0,0,0,0,0}}
]
13:16:51.625 INFO  [main] SudokuBoard - Wartość 0 wstawiona nieprawidłowo
13:16:51.625 INFO  [main] SudokuBoard - Bład w kwadracie 0
sudoku.model.SudokuBoard@6c4c32ff[
  size=9
  solver=sudoku.model.BacktrackingSudokuSolver@5a1a5521
  board={{1,4,9,2,3,5,6,7,8},{2,3,5,7,6,8,4,9,1},{6,7,8,9,4,1,3,2,5},{3,6,4,8,2,9,1,5,7},{7,5,2,3,1,4,8,6,9},{9,8,1,5,7,6,2,3,4},{4,9,3,6,8,7,5,1,2},{8,2,7,4,0,0,0,0,0},{0,0,0,0,0,0,0,0,0}}
]
13:16:51.625 INFO  [main] SudokuBoard - Wartość 0 wstawiona nieprawidłowo
13:16:51.625 INFO  [main] SudokuBoard - Bład w kwadracie 0
sudoku.model.SudokuBoard@6c4c32ff[
  size=9
  solver=sudoku.model.BacktrackingSudokuSolver@5a1a5521
  board={{1,4,9,2,3,5,6,7,8},{2,3,5,7,6,8,4,9,1},{6,7,8,9,4,1,3,2,5},{3,6,4,8,2,9,1,5,7},{7,5,2,3,1,4,8,6,9},{9,8,1,5,7,6,2,3,4},{4,9,3,6,8,7,5,1,2},{8,2,7,4,9,0,0,0,0},{0,0,0,0,0,0,0,0,0}}
]
13:16:51.625 INFO  [main] SudokuBoard - Wartość 0 wstawiona nieprawidłowo
13:16:51.625 INFO  [main] SudokuBoard - Bład w kwadracie 0
sudoku.model.SudokuBoard@6c4c32ff[
  size=9
  solver=sudoku.model.BacktrackingSudokuSolver@5a1a5521
  board={{1,4,9,2,3,5,6,7,8},{2,3,5,7,6,8,4,9,1},{6,7,8,9,4,1,3,2,5},{3,6,4,8,2,9,1,5,7},{7,5,2,3,1,4,8,6,9},{9,8,1,5,7,6,2,3,4},{4,9,3,6,8,7,5,1,2},{8,2,7,4,0,0,0,0,0},{0,0,0,0,0,0,0,0,0}}
]
13:16:51.625 INFO  [main] SudokuBoard - Wartość 0 wstawiona nieprawidłowo
13:16:51.625 INFO  [main] SudokuBoard - Bład w kwadracie 0
sudoku.model.SudokuBoard@6c4c32ff[
  size=9
  solver=sudoku.model.BacktrackingSudokuSolver@5a1a5521
  board={{1,4,9,2,3,5,6,7,8},{2,3,5,7,6,8,4,9,1},{6,7,8,9,4,1,3,2,5},{3,6,4,8,2,9,1,5,7},{7,5,2,3,1,4,8,6,9},{9,8,1,5,7,6,2,3,4},{4,9,3,6,8,7,5,1,2},{8,2,7,0,0,0,0,0,0},{0,0,0,0,0,0,0,0,0}}
]
13:16:51.625 INFO  [main] SudokuBoard - Wartość 0 wstawiona nieprawidłowo
]]></system-out>
  </testcase>
  <testcase name="testEqualsNull" classname="sudoku.model.SeriesTest" time="0.01">
    <system-out><![CDATA[13:16:51.632 INFO  [main] SudokuBoard - Bład w kwadracie 0
sudoku.model.SudokuBoard@5603632c[
  size=9
  solver=sudoku.model.BacktrackingSudokuSolver@76685ab0
  board={{6,9,1,7,2,3,5,4,8},{3,2,4,5,8,9,6,1,7},{7,5,8,4,1,6,3,9,2},{8,6,3,9,7,1,4,2,5},{9,4,5,6,3,8,0,0,0},{0,0,0,0,0,0,0,0,0},{0,0,0,0,0,0,0,0,0},{0,0,0,0,0,0,0,0,0},{0,0,0,0,0,0,0,0,0}}
]
13:16:51.632 INFO  [main] SudokuBoard - Wartość 0 wstawiona nieprawidłowo
13:16:51.632 INFO  [main] SudokuBoard - Bład w kwadracie 0
sudoku.model.SudokuBoard@5603632c[
  size=9
  solver=sudoku.model.BacktrackingSudokuSolver@76685ab0
  board={{6,9,1,7,2,3,5,4,8},{3,2,4,5,8,9,6,1,7},{7,5,8,4,1,6,3,9,2},{8,6,3,9,7,1,4,2,5},{9,4,5,6,3,8,1,0,0},{0,0,0,0,0,0,0,0,0},{0,0,0,0,0,0,0,0,0},{0,0,0,0,0,0,0,0,0},{0,0,0,0,0,0,0,0,0}}
]
13:16:51.632 INFO  [main] SudokuBoard - Wartość 0 wstawiona nieprawidłowo
13:16:51.632 INFO  [main] SudokuBoard - Bład w kwadracie 0
sudoku.model.SudokuBoard@5603632c[
  size=9
  solver=sudoku.model.BacktrackingSudokuSolver@76685ab0
  board={{6,9,1,7,2,3,5,4,8},{3,2,4,5,8,9,6,1,7},{7,5,8,4,1,6,3,9,2},{8,6,3,9,7,1,4,2,5},{9,4,5,6,3,8,0,0,0},{0,0,0,0,0,0,0,0,0},{0,0,0,0,0,0,0,0,0},{0,0,0,0,0,0,0,0,0},{0,0,0,0,0,0,0,0,0}}
]
13:16:51.633 INFO  [main] SudokuBoard - Wartość 0 wstawiona nieprawidłowo
13:16:51.633 INFO  [main] SudokuBoard - Bład w kwadracie 0
sudoku.model.SudokuBoard@5603632c[
  size=9
  solver=sudoku.model.BacktrackingSudokuSolver@76685ab0
  board={{6,9,1,7,2,3,5,4,8},{3,2,4,5,8,9,6,1,7},{7,5,8,4,1,6,3,9,2},{8,6,3,9,7,1,4,2,5},{9,4,5,6,3,0,0,0,0},{0,0,0,0,0,0,0,0,0},{0,0,0,0,0,0,0,0,0},{0,0,0,0,0,0,0,0,0},{0,0,0,0,0,0,0,0,0}}
]
13:16:51.633 INFO  [main] SudokuBoard - Wartość 0 wstawiona nieprawidłowo
13:16:51.633 INFO  [main] SudokuBoard - Bład w kwadracie 0
sudoku.model.SudokuBoard@5603632c[
  size=9
  solver=sudoku.model.BacktrackingSudokuSolver@76685ab0
  board={{6,9,1,7,2,3,5,4,8},{3,2,4,5,8,9,6,1,7},{7,5,8,4,1,6,3,9,2},{8,6,3,9,7,1,4,2,5},{9,4,5,6,3,2,7,8,1},{1,7,2,8,4,5,9,3,6},{2,8,9,3,5,7,1,6,4},{4,1,6,2,9,0,0,0,0},{0,0,0,0,0,0,0,0,0}}
]
13:16:51.633 INFO  [main] SudokuBoard - Wartość 0 wstawiona nieprawidłowo
13:16:51.633 INFO  [main] SudokuBoard - Bład w kwadracie 0
sudoku.model.SudokuBoard@5603632c[
  size=9
  solver=sudoku.model.BacktrackingSudokuSolver@76685ab0
  board={{6,9,1,7,2,3,5,4,8},{3,2,4,5,8,9,6,1,7},{7,5,8,4,1,6,3,9,2},{8,6,3,9,7,1,4,2,5},{9,4,5,6,3,2,7,8,1},{1,7,2,8,4,5,9,3,6},{2,8,9,3,5,7,1,6,4},{4,1,6,2,0,0,0,0,0},{0,0,0,0,0,0,0,0,0}}
]
13:16:51.633 INFO  [main] SudokuBoard - Wartość 0 wstawiona nieprawidłowo
13:16:51.633 INFO  [main] SudokuBoard - Bład w kwadracie 0
sudoku.model.SudokuBoard@5603632c[
  size=9
  solver=sudoku.model.BacktrackingSudokuSolver@76685ab0
  board={{6,9,1,7,2,3,5,4,8},{3,2,4,5,8,9,6,1,7},{7,5,8,4,1,6,3,9,2},{8,6,3,9,7,1,4,2,5},{9,4,5,6,3,2,7,8,1},{1,7,2,8,4,5,9,3,6},{2,8,9,3,5,7,1,6,4},{4,1,6,0,0,0,0,0,0},{0,0,0,0,0,0,0,0,0}}
]
13:16:51.635 INFO  [main] SudokuBoard - Wartość 0 wstawiona nieprawidłowo
13:16:51.635 INFO  [main] SudokuBoard - Bład w kwadracie 0
sudoku.model.SudokuBoard@5603632c[
  size=9
  solver=sudoku.model.BacktrackingSudokuSolver@76685ab0
  board={{6,9,1,7,2,3,5,4,8},{3,2,4,5,8,9,6,1,7},{7,5,8,4,1,6,3,9,2},{8,6,3,9,7,1,4,2,5},{9,4,5,6,3,2,7,8,1},{1,7,2,8,4,5,9,3,6},{2,8,9,3,5,7,1,6,4},{4,1,0,0,0,0,0,0,0},{0,0,0,0,0,0,0,0,0}}
]
13:16:51.635 INFO  [main] SudokuBoard - Wartość 0 wstawiona nieprawidłowo
13:16:51.635 INFO  [main] SudokuBoard - Bład w kwadracie 0
sudoku.model.SudokuBoard@5603632c[
  size=9
  solver=sudoku.model.BacktrackingSudokuSolver@76685ab0
  board={{6,9,1,7,2,3,5,4,8},{3,2,4,5,8,9,6,1,7},{7,5,8,4,1,6,3,9,2},{8,6,3,9,7,1,4,2,5},{9,4,5,6,3,2,7,8,1},{1,7,2,8,4,5,9,3,6},{2,8,9,3,5,7,1,6,4},{4,1,7,2,9,0,0,0,0},{0,0,0,0,0,0,0,0,0}}
]
13:16:51.635 INFO  [main] SudokuBoard - Wartość 0 wstawiona nieprawidłowo
13:16:51.635 INFO  [main] SudokuBoard - Bład w kwadracie 0
sudoku.model.SudokuBoard@5603632c[
  size=9
  solver=sudoku.model.BacktrackingSudokuSolver@76685ab0
  board={{6,9,1,7,2,3,5,4,8},{3,2,4,5,8,9,6,1,7},{7,5,8,4,1,6,3,9,2},{8,6,3,9,7,1,4,2,5},{9,4,5,6,3,2,7,8,1},{1,7,2,8,4,5,9,3,6},{2,8,9,3,5,7,1,6,4},{4,1,7,2,0,0,0,0,0},{0,0,0,0,0,0,0,0,0}}
]
13:16:51.635 INFO  [main] SudokuBoard - Wartość 0 wstawiona nieprawidłowo
13:16:51.635 INFO  [main] SudokuBoard - Bład w kwadracie 0
sudoku.model.SudokuBoard@5603632c[
  size=9
  solver=sudoku.model.BacktrackingSudokuSolver@76685ab0
  board={{6,9,1,7,2,3,5,4,8},{3,2,4,5,8,9,6,1,7},{7,5,8,4,1,6,3,9,2},{8,6,3,9,7,1,4,2,5},{9,4,5,6,3,2,7,8,1},{1,7,2,8,4,5,9,3,6},{2,8,9,3,5,7,1,6,4},{4,1,7,2,6,0,0,0,0},{0,0,0,0,0,0,0,0,0}}
]
13:16:51.635 INFO  [main] SudokuBoard - Wartość 0 wstawiona nieprawidłowo
13:16:51.636 INFO  [main] SudokuBoard - Bład w kwadracie 0
sudoku.model.SudokuBoard@5603632c[
  size=9
  solver=sudoku.model.BacktrackingSudokuSolver@76685ab0
  board={{6,9,1,7,2,3,5,4,8},{3,2,4,5,8,9,6,1,7},{7,5,8,4,1,6,3,9,2},{8,6,3,9,7,1,4,2,5},{9,4,5,6,3,2,7,8,1},{1,7,2,8,4,5,9,3,6},{2,8,9,3,5,7,1,6,4},{4,1,7,2,0,0,0,0,0},{0,0,0,0,0,0,0,0,0}}
]
13:16:51.636 INFO  [main] SudokuBoard - Wartość 0 wstawiona nieprawidłowo
13:16:51.636 INFO  [main] SudokuBoard - Bład w kwadracie 0
sudoku.model.SudokuBoard@5603632c[
  size=9
  solver=sudoku.model.BacktrackingSudokuSolver@76685ab0
  board={{6,9,1,7,2,3,5,4,8},{3,2,4,5,8,9,6,1,7},{7,5,8,4,1,6,3,9,2},{8,6,3,9,7,1,4,2,5},{9,4,5,6,3,2,7,8,1},{1,7,2,8,4,5,9,3,6},{2,8,9,3,5,7,1,6,4},{4,1,7,0,0,0,0,0,0},{0,0,0,0,0,0,0,0,0}}
]
13:16:51.636 INFO  [main] SudokuBoard - Wartość 0 wstawiona nieprawidłowo
13:16:51.636 INFO  [main] SudokuBoard - Bład w kwadracie 0
sudoku.model.SudokuBoard@5603632c[
  size=9
  solver=sudoku.model.BacktrackingSudokuSolver@76685ab0
  board={{6,9,1,7,2,3,5,4,8},{3,2,4,5,8,9,6,1,7},{7,5,8,4,1,6,3,9,2},{8,6,3,9,7,1,4,2,5},{9,4,5,6,3,2,7,8,1},{1,7,2,8,4,5,9,3,6},{2,8,9,3,5,7,1,6,4},{4,1,0,0,0,0,0,0,0},{0,0,0,0,0,0,0,0,0}}
]
13:16:51.636 INFO  [main] SudokuBoard - Wartość 0 wstawiona nieprawidłowo
13:16:51.636 INFO  [main] SudokuBoard - Bład w kwadracie 0
sudoku.model.SudokuBoard@5603632c[
  size=9
  solver=sudoku.model.BacktrackingSudokuSolver@76685ab0
  board={{6,9,1,7,2,3,5,4,8},{3,2,4,5,8,9,6,1,7},{7,5,8,4,1,6,3,9,2},{8,6,3,9,7,1,4,2,5},{9,4,5,6,3,2,7,8,1},{1,7,2,8,4,5,9,3,6},{2,8,9,3,5,7,1,6,4},{4,0,0,0,0,0,0,0,0},{0,0,0,0,0,0,0,0,0}}
]
13:16:51.636 INFO  [main] SudokuBoard - Wartość 0 wstawiona nieprawidłowo
13:16:51.636 INFO  [main] SudokuBoard - Bład w kwadracie 0
sudoku.model.SudokuBoard@5603632c[
  size=9
  solver=sudoku.model.BacktrackingSudokuSolver@76685ab0
  board={{6,9,1,7,2,3,5,4,8},{3,2,4,5,8,9,6,1,7},{7,5,8,4,1,6,3,9,2},{8,6,3,9,7,1,4,2,5},{9,4,5,6,3,2,7,8,1},{1,7,2,8,4,5,9,3,6},{2,8,9,3,5,7,1,6,4},{4,3,6,2,9,0,0,0,0},{0,0,0,0,0,0,0,0,0}}
]
13:16:51.636 INFO  [main] SudokuBoard - Wartość 0 wstawiona nieprawidłowo
13:16:51.637 INFO  [main] SudokuBoard - Bład w kwadracie 0
sudoku.model.SudokuBoard@5603632c[
  size=9
  solver=sudoku.model.BacktrackingSudokuSolver@76685ab0
  board={{6,9,1,7,2,3,5,4,8},{3,2,4,5,8,9,6,1,7},{7,5,8,4,1,6,3,9,2},{8,6,3,9,7,1,4,2,5},{9,4,5,6,3,2,7,8,1},{1,7,2,8,4,5,9,3,6},{2,8,9,3,5,7,1,6,4},{4,3,6,2,0,0,0,0,0},{0,0,0,0,0,0,0,0,0}}
]
13:16:51.637 INFO  [main] SudokuBoard - Wartość 0 wstawiona nieprawidłowo
13:16:51.637 INFO  [main] SudokuBoard - Bład w kwadracie 0
sudoku.model.SudokuBoard@5603632c[
  size=9
  solver=sudoku.model.BacktrackingSudokuSolver@76685ab0
  board={{6,9,1,7,2,3,5,4,8},{3,2,4,5,8,9,6,1,7},{7,5,8,4,1,6,3,9,2},{8,6,3,9,7,1,4,2,5},{9,4,5,6,3,2,7,8,1},{1,7,2,8,4,5,9,3,6},{2,8,9,3,5,7,1,6,4},{4,3,6,0,0,0,0,0,0},{0,0,0,0,0,0,0,0,0}}
]
13:16:51.637 INFO  [main] SudokuBoard - Wartość 0 wstawiona nieprawidłowo
13:16:51.637 INFO  [main] SudokuBoard - Bład w kwadracie 0
sudoku.model.SudokuBoard@5603632c[
  size=9
  solver=sudoku.model.BacktrackingSudokuSolver@76685ab0
  board={{6,9,1,7,2,3,5,4,8},{3,2,4,5,8,9,6,1,7},{7,5,8,4,1,6,3,9,2},{8,6,3,9,7,1,4,2,5},{9,4,5,6,3,2,7,8,1},{1,7,2,8,4,5,9,3,6},{2,8,9,3,5,7,1,6,4},{4,3,6,1,9,8,2,0,0},{0,0,0,0,0,0,0,0,0}}
]
13:16:51.638 INFO  [main] SudokuBoard - Wartość 0 wstawiona nieprawidłowo
13:16:51.638 INFO  [main] SudokuBoard - Bład w kwadracie 0
sudoku.model.SudokuBoard@5603632c[
  size=9
  solver=sudoku.model.BacktrackingSudokuSolver@76685ab0
  board={{6,9,1,7,2,3,5,4,8},{3,2,4,5,8,9,6,1,7},{7,5,8,4,1,6,3,9,2},{8,6,3,9,7,1,4,2,5},{9,4,5,6,3,2,7,8,1},{1,7,2,8,4,5,9,3,6},{2,8,9,3,5,7,1,6,4},{4,3,6,1,9,8,2,0,0},{0,0,0,0,0,0,0,0,0}}
]
13:16:51.638 INFO  [main] SudokuBoard - Wartość 0 wstawiona nieprawidłowo
13:16:51.638 INFO  [main] SudokuBoard - Bład w kwadracie 0
sudoku.model.SudokuBoard@5603632c[
  size=9
  solver=sudoku.model.BacktrackingSudokuSolver@76685ab0
  board={{6,9,1,7,2,3,5,4,8},{3,2,4,5,8,9,6,1,7},{7,5,8,4,1,6,3,9,2},{8,6,3,9,7,1,4,2,5},{9,4,5,6,3,2,7,8,1},{1,7,2,8,4,5,9,3,6},{2,8,9,3,5,7,1,6,4},{4,3,6,1,9,8,0,0,0},{0,0,0,0,0,0,0,0,0}}
]
13:16:51.638 INFO  [main] SudokuBoard - Wartość 0 wstawiona nieprawidłowo
13:16:51.638 INFO  [main] SudokuBoard - Bład w kwadracie 0
sudoku.model.SudokuBoard@5603632c[
  size=9
  solver=sudoku.model.BacktrackingSudokuSolver@76685ab0
  board={{6,9,1,7,2,3,5,4,8},{3,2,4,5,8,9,6,1,7},{7,5,8,4,1,6,3,9,2},{8,6,3,9,7,1,4,2,5},{9,4,5,6,3,2,7,8,1},{1,7,2,8,4,5,9,3,6},{2,8,9,3,5,7,1,6,4},{4,3,6,1,9,0,0,0,0},{0,0,0,0,0,0,0,0,0}}
]
13:16:51.638 INFO  [main] SudokuBoard - Wartość 0 wstawiona nieprawidłowo
13:16:51.639 INFO  [main] SudokuBoard - Bład w kwadracie 0
sudoku.model.SudokuBoard@5603632c[
  size=9
  solver=sudoku.model.BacktrackingSudokuSolver@76685ab0
  board={{6,9,1,7,2,3,5,4,8},{3,2,4,5,8,9,6,1,7},{7,5,8,4,1,6,3,9,2},{8,6,3,9,7,1,4,2,5},{9,4,5,6,3,2,7,8,1},{1,7,2,8,4,5,9,3,6},{2,8,9,3,5,7,1,6,4},{4,3,6,1,0,0,0,0,0},{0,0,0,0,0,0,0,0,0}}
]
13:16:51.639 INFO  [main] SudokuBoard - Wartość 0 wstawiona nieprawidłowo
13:16:51.639 INFO  [main] SudokuBoard - Bład w kwadracie 0
sudoku.model.SudokuBoard@5603632c[
  size=9
  solver=sudoku.model.BacktrackingSudokuSolver@76685ab0
  board={{6,9,1,7,2,3,5,4,8},{3,2,4,5,8,9,6,1,7},{7,5,8,4,1,6,3,9,2},{8,6,3,9,7,1,4,2,5},{9,4,5,6,3,2,7,8,1},{1,7,2,8,4,5,9,3,6},{2,8,9,3,5,7,1,6,4},{4,3,6,0,0,0,0,0,0},{0,0,0,0,0,0,0,0,0}}
]
13:16:51.639 INFO  [main] SudokuBoard - Wartość 0 wstawiona nieprawidłowo
13:16:51.639 INFO  [main] SudokuBoard - Bład w kwadracie 0
sudoku.model.SudokuBoard@5603632c[
  size=9
  solver=sudoku.model.BacktrackingSudokuSolver@76685ab0
  board={{6,9,1,7,2,3,5,4,8},{3,2,4,5,8,9,6,1,7},{7,5,8,4,1,6,3,9,2},{8,6,3,9,7,1,4,2,5},{9,4,5,6,3,2,7,8,1},{1,7,2,8,4,5,9,3,6},{2,8,9,3,5,7,1,6,4},{4,3,0,0,0,0,0,0,0},{0,0,0,0,0,0,0,0,0}}
]
13:16:51.639 INFO  [main] SudokuBoard - Wartość 0 wstawiona nieprawidłowo
]]></system-out>
  </testcase>
  <testcase name="testEqualsSame" classname="sudoku.model.SeriesTest" time="0.008">
    <system-out><![CDATA[13:16:51.645 INFO  [main] SudokuBoard - Bład w kwadracie 0
sudoku.model.SudokuBoard@7bbe5548[
  size=9
  solver=sudoku.model.BacktrackingSudokuSolver@7305a443
  board={{1,2,3,4,5,7,6,9,8},{5,6,4,8,3,9,2,7,1},{7,8,9,2,6,1,3,4,5},{2,3,6,5,4,8,9,1,7},{9,4,5,1,2,6,8,0,0},{0,0,0,0,0,0,0,0,0},{0,0,0,0,0,0,0,0,0},{0,0,0,0,0,0,0,0,0},{0,0,0,0,0,0,0,0,0}}
]
13:16:51.645 INFO  [main] SudokuBoard - Wartość 0 wstawiona nieprawidłowo
13:16:51.645 INFO  [main] SudokuBoard - Bład w kwadracie 0
sudoku.model.SudokuBoard@7bbe5548[
  size=9
  solver=sudoku.model.BacktrackingSudokuSolver@7305a443
  board={{1,2,3,4,5,7,6,9,8},{5,6,4,8,3,9,2,7,1},{7,8,9,2,6,1,3,4,5},{2,3,6,5,4,8,9,1,7},{9,4,5,1,2,6,0,0,0},{0,0,0,0,0,0,0,0,0},{0,0,0,0,0,0,0,0,0},{0,0,0,0,0,0,0,0,0},{0,0,0,0,0,0,0,0,0}}
]
13:16:51.645 INFO  [main] SudokuBoard - Wartość 0 wstawiona nieprawidłowo
13:16:51.645 INFO  [main] SudokuBoard - Bład w kwadracie 0
sudoku.model.SudokuBoard@7bbe5548[
  size=9
  solver=sudoku.model.BacktrackingSudokuSolver@7305a443
  board={{1,2,3,4,5,7,6,9,8},{5,6,4,8,3,9,2,7,1},{7,8,9,2,6,1,3,4,5},{2,3,6,5,4,8,9,1,7},{9,4,5,1,2,0,0,0,0},{0,0,0,0,0,0,0,0,0},{0,0,0,0,0,0,0,0,0},{0,0,0,0,0,0,0,0,0},{0,0,0,0,0,0,0,0,0}}
]
13:16:51.645 INFO  [main] SudokuBoard - Wartość 0 wstawiona nieprawidłowo
13:16:51.645 INFO  [main] SudokuBoard - Bład w kwadracie 0
sudoku.model.SudokuBoard@7bbe5548[
  size=9
  solver=sudoku.model.BacktrackingSudokuSolver@7305a443
  board={{1,2,3,4,5,7,6,9,8},{5,6,4,8,3,9,2,7,1},{7,8,9,2,6,1,3,4,5},{2,3,6,5,4,8,9,1,7},{9,4,5,1,2,3,8,0,0},{0,0,0,0,0,0,0,0,0},{0,0,0,0,0,0,0,0,0},{0,0,0,0,0,0,0,0,0},{0,0,0,0,0,0,0,0,0}}
]
13:16:51.645 INFO  [main] SudokuBoard - Wartość 0 wstawiona nieprawidłowo
13:16:51.645 INFO  [main] SudokuBoard - Bład w kwadracie 0
sudoku.model.SudokuBoard@7bbe5548[
  size=9
  solver=sudoku.model.BacktrackingSudokuSolver@7305a443
  board={{1,2,3,4,5,7,6,9,8},{5,6,4,8,3,9,2,7,1},{7,8,9,2,6,1,3,4,5},{2,3,6,5,4,8,9,1,7},{9,4,5,1,2,3,0,0,0},{0,0,0,0,0,0,0,0,0},{0,0,0,0,0,0,0,0,0},{0,0,0,0,0,0,0,0,0},{0,0,0,0,0,0,0,0,0}}
]
13:16:51.645 INFO  [main] SudokuBoard - Wartość 0 wstawiona nieprawidłowo
13:16:51.645 INFO  [main] SudokuBoard - Bład w kwadracie 0
sudoku.model.SudokuBoard@7bbe5548[
  size=9
  solver=sudoku.model.BacktrackingSudokuSolver@7305a443
  board={{1,2,3,4,5,7,6,9,8},{5,6,4,8,3,9,2,7,1},{7,8,9,2,6,1,3,4,5},{2,3,6,5,4,8,9,1,7},{9,4,5,1,2,0,0,0,0},{0,0,0,0,0,0,0,0,0},{0,0,0,0,0,0,0,0,0},{0,0,0,0,0,0,0,0,0},{0,0,0,0,0,0,0,0,0}}
]
13:16:51.645 INFO  [main] SudokuBoard - Wartość 0 wstawiona nieprawidłowo
13:16:51.645 INFO  [main] SudokuBoard - Bład w kwadracie 0
sudoku.model.SudokuBoard@7bbe5548[
  size=9
  solver=sudoku.model.BacktrackingSudokuSolver@7305a443
  board={{1,2,3,4,5,7,6,9,8},{5,6,4,8,3,9,2,7,1},{7,8,9,2,6,1,3,4,5},{2,3,6,5,4,8,9,1,7},{9,4,5,1,0,0,0,0,0},{0,0,0,0,0,0,0,0,0},{0,0,0,0,0,0,0,0,0},{0,0,0,0,0,0,0,0,0},{0,0,0,0,0,0,0,0,0}}
]
13:16:51.645 INFO  [main] SudokuBoard - Wartość 0 wstawiona nieprawidłowo
13:16:51.645 INFO  [main] SudokuBoard - Bład w kwadracie 0
sudoku.model.SudokuBoard@7bbe5548[
  size=9
  solver=sudoku.model.BacktrackingSudokuSolver@7305a443
  board={{1,2,3,4,5,7,6,9,8},{5,6,4,8,3,9,2,7,1},{7,8,9,2,6,1,3,4,5},{2,3,6,5,4,8,9,1,7},{9,4,5,1,7,6,8,2,3},{8,7,1,9,2,3,4,0,0},{0,0,0,0,0,0,0,0,0},{0,0,0,0,0,0,0,0,0},{0,0,0,0,0,0,0,0,0}}
]
13:16:51.645 INFO  [main] SudokuBoard - Wartość 0 wstawiona nieprawidłowo
13:16:51.645 INFO  [main] SudokuBoard - Bład w kwadracie 0
sudoku.model.SudokuBoard@7bbe5548[
  size=9
  solver=sudoku.model.BacktrackingSudokuSolver@7305a443
  board={{1,2,3,4,5,7,6,9,8},{5,6,4,8,3,9,2,7,1},{7,8,9,2,6,1,3,4,5},{2,3,6,5,4,8,9,1,7},{9,4,5,1,7,6,8,2,3},{8,7,1,9,2,3,4,5,6},{6,5,2,3,8,4,0,0,0},{0,0,0,0,0,0,0,0,0},{0,0,0,0,0,0,0,0,0}}
]
13:16:51.646 INFO  [main] SudokuBoard - Wartość 0 wstawiona nieprawidłowo
13:16:51.646 INFO  [main] SudokuBoard - Bład w kwadracie 0
sudoku.model.SudokuBoard@7bbe5548[
  size=9
  solver=sudoku.model.BacktrackingSudokuSolver@7305a443
  board={{1,2,3,4,5,7,6,9,8},{5,6,4,8,3,9,2,7,1},{7,8,9,2,6,1,3,4,5},{2,3,6,5,4,8,9,1,7},{9,4,5,1,7,6,8,2,3},{8,7,1,9,2,3,4,5,6},{6,5,2,3,8,4,0,0,0},{0,0,0,0,0,0,0,0,0},{0,0,0,0,0,0,0,0,0}}
]
13:16:51.646 INFO  [main] SudokuBoard - Wartość 0 wstawiona nieprawidłowo
13:16:51.646 INFO  [main] SudokuBoard - Bład w kwadracie 0
sudoku.model.SudokuBoard@7bbe5548[
  size=9
  solver=sudoku.model.BacktrackingSudokuSolver@7305a443
  board={{1,2,3,4,5,7,6,9,8},{5,6,4,8,3,9,2,7,1},{7,8,9,2,6,1,3,4,5},{2,3,6,5,4,8,9,1,7},{9,4,5,1,7,6,8,2,3},{8,7,1,9,2,3,4,5,6},{6,5,2,3,8,0,0,0,0},{0,0,0,0,0,0,0,0,0},{0,0,0,0,0,0,0,0,0}}
]
13:16:51.646 INFO  [main] SudokuBoard - Wartość 0 wstawiona nieprawidłowo
13:16:51.646 INFO  [main] SudokuBoard - Bład w kwadracie 0
sudoku.model.SudokuBoard@7bbe5548[
  size=9
  solver=sudoku.model.BacktrackingSudokuSolver@7305a443
  board={{1,2,3,4,5,7,6,9,8},{5,6,4,8,3,9,2,7,1},{7,8,9,2,6,1,3,4,5},{2,3,6,5,4,8,9,1,7},{9,4,5,1,7,6,8,2,3},{8,7,1,9,2,3,4,5,6},{6,5,2,3,0,0,0,0,0},{0,0,0,0,0,0,0,0,0},{0,0,0,0,0,0,0,0,0}}
]
13:16:51.646 INFO  [main] SudokuBoard - Wartość 0 wstawiona nieprawidłowo
13:16:51.646 INFO  [main] SudokuBoard - Bład w kwadracie 0
sudoku.model.SudokuBoard@7bbe5548[
  size=9
  solver=sudoku.model.BacktrackingSudokuSolver@7305a443
  board={{1,2,3,4,5,7,6,9,8},{5,6,4,8,3,9,2,7,1},{7,8,9,2,6,1,3,4,5},{2,3,6,5,4,8,9,1,7},{9,4,5,1,7,6,8,2,3},{8,7,1,9,2,3,4,5,6},{6,5,2,3,9,4,7,0,0},{0,0,0,0,0,0,0,0,0},{0,0,0,0,0,0,0,0,0}}
]
13:16:51.646 INFO  [main] SudokuBoard - Wartość 0 wstawiona nieprawidłowo
13:16:51.646 INFO  [main] SudokuBoard - Bład w kwadracie 0
sudoku.model.SudokuBoard@7bbe5548[
  size=9
  solver=sudoku.model.BacktrackingSudokuSolver@7305a443
  board={{1,2,3,4,5,7,6,9,8},{5,6,4,8,3,9,2,7,1},{7,8,9,2,6,1,3,4,5},{2,3,6,5,4,8,9,1,7},{9,4,5,1,7,6,8,2,3},{8,7,1,9,2,3,4,5,6},{6,5,2,3,9,4,0,0,0},{0,0,0,0,0,0,0,0,0},{0,0,0,0,0,0,0,0,0}}
]
13:16:51.646 INFO  [main] SudokuBoard - Wartość 0 wstawiona nieprawidłowo
13:16:51.647 INFO  [main] SudokuBoard - Bład w kwadracie 0
sudoku.model.SudokuBoard@7bbe5548[
  size=9
  solver=sudoku.model.BacktrackingSudokuSolver@7305a443
  board={{1,2,3,4,5,7,6,9,8},{5,6,4,8,3,9,2,7,1},{7,8,9,2,6,1,3,4,5},{2,3,6,5,4,8,9,1,7},{9,4,5,1,7,6,8,2,3},{8,7,1,9,2,3,4,5,6},{6,5,2,3,9,4,1,0,0},{0,0,0,0,0,0,0,0,0},{0,0,0,0,0,0,0,0,0}}
]
13:16:51.647 INFO  [main] SudokuBoard - Wartość 0 wstawiona nieprawidłowo
13:16:51.647 INFO  [main] SudokuBoard - Bład w kwadracie 0
sudoku.model.SudokuBoard@7bbe5548[
  size=9
  solver=sudoku.model.BacktrackingSudokuSolver@7305a443
  board={{1,2,3,4,5,7,6,9,8},{5,6,4,8,3,9,2,7,1},{7,8,9,2,6,1,3,4,5},{2,3,6,5,4,8,9,1,7},{9,4,5,1,7,6,8,2,3},{8,7,1,9,2,3,4,5,6},{6,5,2,3,9,4,0,0,0},{0,0,0,0,0,0,0,0,0},{0,0,0,0,0,0,0,0,0}}
]
13:16:51.647 INFO  [main] SudokuBoard - Wartość 0 wstawiona nieprawidłowo
13:16:51.647 INFO  [main] SudokuBoard - Bład w kwadracie 0
sudoku.model.SudokuBoard@7bbe5548[
  size=9
  solver=sudoku.model.BacktrackingSudokuSolver@7305a443
  board={{1,2,3,4,5,7,6,9,8},{5,6,4,8,3,9,2,7,1},{7,8,9,2,6,1,3,4,5},{2,3,6,5,4,8,9,1,7},{9,4,5,1,7,6,8,2,3},{8,7,1,9,2,3,4,5,6},{6,5,2,3,9,0,0,0,0},{0,0,0,0,0,0,0,0,0},{0,0,0,0,0,0,0,0,0}}
]
13:16:51.647 INFO  [main] SudokuBoard - Wartość 0 wstawiona nieprawidłowo
13:16:51.647 INFO  [main] SudokuBoard - Bład w kwadracie 0
sudoku.model.SudokuBoard@7bbe5548[
  size=9
  solver=sudoku.model.BacktrackingSudokuSolver@7305a443
  board={{1,2,3,4,5,7,6,9,8},{5,6,4,8,3,9,2,7,1},{7,8,9,2,6,1,3,4,5},{2,3,6,5,4,8,9,1,7},{9,4,5,1,7,6,8,2,3},{8,7,1,9,2,3,4,5,6},{6,5,2,3,0,0,0,0,0},{0,0,0,0,0,0,0,0,0},{0,0,0,0,0,0,0,0,0}}
]
13:16:51.647 INFO  [main] SudokuBoard - Wartość 0 wstawiona nieprawidłowo
]]></system-out>
  </testcase>
</testsuite>