<?xml version="1.0" encoding="UTF-8"?>
<testsuite xmlns:xsi="http://www.w3.org/2001/XMLSchema-instance" xsi:noNamespaceSchemaLocation="https://maven.apache.org/surefire/maven-surefire-plugin/xsd/surefire-test-report-3.0.xsd" version="3.0" name="sudoku.model.SeriesTest" time="0.221" tests="5" errors="0" skipped="0" failures="0">
  <properties>
    <property name="java.specification.version" value="14"/>
    <property name="sun.cpu.isalist" value="amd64"/>
    <property name="sun.jnu.encoding" value="Cp1250"/>
    <property name="java.class.path" value="E:\studia\Sem-3\Programowanie komponentowe (07 72 3060 19)_pliki\ProjektKompo\an_pn_1145_03\Model\target\test-classes;E:\studia\Sem-3\Programowanie komponentowe (07 72 3060 19)_pliki\Projekty\Projektnr1\org\junit\jupiter\junit-jupiter-engine\5.6.2\junit-jupiter-engine-5.6.2.jar;E:\studia\Sem-3\Programowanie komponentowe (07 72 3060 19)_pliki\Projekty\Projektnr1\org\apiguardian\apiguardian-api\1.1.0\apiguardian-api-1.1.0.jar;E:\studia\Sem-3\Programowanie komponentowe (07 72 3060 19)_pliki\Projekty\Projektnr1\org\junit\platform\junit-platform-engine\1.6.2\junit-platform-engine-1.6.2.jar;E:\studia\Sem-3\Programowanie komponentowe (07 72 3060 19)_pliki\Projekty\Projektnr1\org\opentest4j\opentest4j\1.2.0\opentest4j-1.2.0.jar;E:\studia\Sem-3\Programowanie komponentowe (07 72 3060 19)_pliki\Projekty\Projektnr1\org\junit\platform\junit-platform-commons\1.6.2\junit-platform-commons-1.6.2.jar;E:\studia\Sem-3\Programowanie komponentowe (07 72 3060 19)_pliki\Projekty\Projektnr1\org\junit\jupiter\junit-jupiter-api\5.6.2\junit-jupiter-api-5.6.2.jar;E:\studia\Sem-3\Programowanie komponentowe (07 72 3060 19)_pliki\Projekty\Projektnr1\org\projectlombok\lombok\1.18.16\lombok-1.18.16.jar;E:\studia\Sem-3\Programowanie komponentowe (07 72 3060 19)_pliki\Projekty\Projektnr1\org\hibernate\hibernate-core\5.4.27.Final\hibernate-core-5.4.27.Final.jar;E:\studia\Sem-3\Programowanie komponentowe (07 72 3060 19)_pliki\Projekty\Projektnr1\org\jboss\logging\jboss-logging\3.4.1.Final\jboss-logging-3.4.1.Final.jar;E:\studia\Sem-3\Programowanie komponentowe (07 72 3060 19)_pliki\Projekty\Projektnr1\org\javassist\javassist\3.27.0-GA\javassist-3.27.0-GA.jar;E:\studia\Sem-3\Programowanie komponentowe (07 72 3060 19)_pliki\Projekty\Projektnr1\net\bytebuddy\byte-buddy\1.10.17\byte-buddy-1.10.17.jar;E:\studia\Sem-3\Programowanie komponentowe (07 72 3060 19)_pliki\Projekty\Projektnr1\antlr\antlr\2.7.7\antlr-2.7.7.jar;E:\studia\Sem-3\Programowanie komponentowe (07 72 3060 19)_pliki\Projekty\Projektnr1\org\jboss\spec\javax\transaction\jboss-transaction-api_1.2_spec\1.1.1.Final\jboss-transaction-api_1.2_spec-1.1.1.Final.jar;E:\studia\Sem-3\Programowanie komponentowe (07 72 3060 19)_pliki\Projekty\Projektnr1\org\jboss\jandex\2.1.3.Final\jandex-2.1.3.Final.jar;E:\studia\Sem-3\Programowanie komponentowe (07 72 3060 19)_pliki\Projekty\Projektnr1\com\fasterxml\classmate\1.5.1\classmate-1.5.1.jar;E:\studia\Sem-3\Programowanie komponentowe (07 72 3060 19)_pliki\Projekty\Projektnr1\javax\activation\javax.activation-api\1.2.0\javax.activation-api-1.2.0.jar;E:\studia\Sem-3\Programowanie komponentowe (07 72 3060 19)_pliki\Projekty\Projektnr1\org\dom4j\dom4j\2.1.3\dom4j-2.1.3.jar;E:\studia\Sem-3\Programowanie komponentowe (07 72 3060 19)_pliki\Projekty\Projektnr1\javax\xml\bind\jaxb-api\2.3.1\jaxb-api-2.3.1.jar;E:\studia\Sem-3\Programowanie komponentowe (07 72 3060 19)_pliki\Projekty\Projektnr1\com\h2database\h2\1.4.200\h2-1.4.200.jar;E:\studia\Sem-3\Programowanie komponentowe (07 72 3060 19)_pliki\Projekty\Projektnr1\jakarta\xml\bind\jakarta.xml.bind-api\3.0.0\jakarta.xml.bind-api-3.0.0.jar;E:\studia\Sem-3\Programowanie komponentowe (07 72 3060 19)_pliki\Projekty\Projektnr1\com\sun\activation\jakarta.activation\2.0.0\jakarta.activation-2.0.0.jar;E:\studia\Sem-3\Programowanie komponentowe (07 72 3060 19)_pliki\Projekty\Projektnr1\org\glassfish\jaxb\jaxb-runtime\3.0.0\jaxb-runtime-3.0.0.jar;E:\studia\Sem-3\Programowanie komponentowe (07 72 3060 19)_pliki\Projekty\Projektnr1\org\glassfish\jaxb\jaxb-core\3.0.0\jaxb-core-3.0.0.jar;E:\studia\Sem-3\Programowanie komponentowe (07 72 3060 19)_pliki\Projekty\Projektnr1\org\glassfish\jaxb\txw2\3.0.0\txw2-3.0.0.jar;E:\studia\Sem-3\Programowanie komponentowe (07 72 3060 19)_pliki\Projekty\Projektnr1\com\sun\istack\istack-commons-runtime\4.0.0\istack-commons-runtime-4.0.0.jar;E:\studia\Sem-3\Programowanie komponentowe (07 72 3060 19)_pliki\Projekty\Projektnr1\org\xerial\sqlite-jdbc\3.25.2\sqlite-jdbc-3.25.2.jar;E:\studia\Sem-3\Programowanie komponentowe (07 72 3060 19)_pliki\Projekty\Projektnr1\ch\qos\logback\logback-classic\1.1.7\logback-classic-1.1.7.jar;E:\studia\Sem-3\Programowanie komponentowe (07 72 3060 19)_pliki\Projekty\Projektnr1\ch\qos\logback\logback-core\1.1.7\logback-core-1.1.7.jar;E:\studia\Sem-3\Programowanie komponentowe (07 72 3060 19)_pliki\Projekty\Projektnr1\org\openjfx\javafx-controls\13\javafx-controls-13.jar;E:\studia\Sem-3\Programowanie komponentowe (07 72 3060 19)_pliki\Projekty\Projektnr1\org\openjfx\javafx-controls\13\javafx-controls-13-win.jar;E:\studia\Sem-3\Programowanie komponentowe (07 72 3060 19)_pliki\Projekty\Projektnr1\org\openjfx\javafx-graphics\13\javafx-graphics-13.jar;E:\studia\Sem-3\Programowanie komponentowe (07 72 3060 19)_pliki\Projekty\Projektnr1\org\openjfx\javafx-graphics\13\javafx-graphics-13-win.jar;E:\studia\Sem-3\Programowanie komponentowe (07 72 3060 19)_pliki\Projekty\Projektnr1\org\openjfx\javafx-base\13\javafx-base-13.jar;E:\studia\Sem-3\Programowanie komponentowe (07 72 3060 19)_pliki\Projekty\Projektnr1\org\openjfx\javafx-fxml\13\javafx-fxml-13.jar;E:\studia\Sem-3\Programowanie komponentowe (07 72 3060 19)_pliki\Projekty\Projektnr1\org\openjfx\javafx-fxml\13\javafx-fxml-13-win.jar;"/>
    <property name="java.vm.vendor" value="Oracle Corporation"/>
    <property name="sun.arch.data.model" value="64"/>
    <property name="user.variant" value=""/>
    <property name="java.vendor.url" value="https://java.oracle.com/"/>
    <property name="user.timezone" value="Europe/Warsaw"/>
    <property name="os.name" value="Windows 10"/>
    <property name="java.vm.specification.version" value="14"/>
    <property name="sun.java.launcher" value="SUN_STANDARD"/>
    <property name="user.country" value="PL"/>
    <property name="sun.boot.library.path" value="C:\Program Files\Java\jdk-14.0.2\bin"/>
    <property name="sun.java.command" value="org.apache.maven.surefire.booter.ForkedBooter C:\Users\maldo\AppData\Local\Temp\surefire12229702519954956919 2021-01-30T15-53-12_840-jvmRun1 surefire281077300561738787tmp surefire_012816852175818245495tmp"/>
    <property name="jdk.debug" value="release"/>
    <property name="surefire.test.class.path" value="E:\studia\Sem-3\Programowanie komponentowe (07 72 3060 19)_pliki\ProjektKompo\an_pn_1145_03\Model\target\test-classes;E:\studia\Sem-3\Programowanie komponentowe (07 72 3060 19)_pliki\Projekty\Projektnr1\org\junit\jupiter\junit-jupiter-engine\5.6.2\junit-jupiter-engine-5.6.2.jar;E:\studia\Sem-3\Programowanie komponentowe (07 72 3060 19)_pliki\Projekty\Projektnr1\org\apiguardian\apiguardian-api\1.1.0\apiguardian-api-1.1.0.jar;E:\studia\Sem-3\Programowanie komponentowe (07 72 3060 19)_pliki\Projekty\Projektnr1\org\junit\platform\junit-platform-engine\1.6.2\junit-platform-engine-1.6.2.jar;E:\studia\Sem-3\Programowanie komponentowe (07 72 3060 19)_pliki\Projekty\Projektnr1\org\opentest4j\opentest4j\1.2.0\opentest4j-1.2.0.jar;E:\studia\Sem-3\Programowanie komponentowe (07 72 3060 19)_pliki\Projekty\Projektnr1\org\junit\platform\junit-platform-commons\1.6.2\junit-platform-commons-1.6.2.jar;E:\studia\Sem-3\Programowanie komponentowe (07 72 3060 19)_pliki\Projekty\Projektnr1\org\junit\jupiter\junit-jupiter-api\5.6.2\junit-jupiter-api-5.6.2.jar;E:\studia\Sem-3\Programowanie komponentowe (07 72 3060 19)_pliki\Projekty\Projektnr1\org\projectlombok\lombok\1.18.16\lombok-1.18.16.jar;E:\studia\Sem-3\Programowanie komponentowe (07 72 3060 19)_pliki\Projekty\Projektnr1\org\hibernate\hibernate-core\5.4.27.Final\hibernate-core-5.4.27.Final.jar;E:\studia\Sem-3\Programowanie komponentowe (07 72 3060 19)_pliki\Projekty\Projektnr1\org\jboss\logging\jboss-logging\3.4.1.Final\jboss-logging-3.4.1.Final.jar;E:\studia\Sem-3\Programowanie komponentowe (07 72 3060 19)_pliki\Projekty\Projektnr1\org\javassist\javassist\3.27.0-GA\javassist-3.27.0-GA.jar;E:\studia\Sem-3\Programowanie komponentowe (07 72 3060 19)_pliki\Projekty\Projektnr1\net\bytebuddy\byte-buddy\1.10.17\byte-buddy-1.10.17.jar;E:\studia\Sem-3\Programowanie komponentowe (07 72 3060 19)_pliki\Projekty\Projektnr1\antlr\antlr\2.7.7\antlr-2.7.7.jar;E:\studia\Sem-3\Programowanie komponentowe (07 72 3060 19)_pliki\Projekty\Projektnr1\org\jboss\spec\javax\transaction\jboss-transaction-api_1.2_spec\1.1.1.Final\jboss-transaction-api_1.2_spec-1.1.1.Final.jar;E:\studia\Sem-3\Programowanie komponentowe (07 72 3060 19)_pliki\Projekty\Projektnr1\org\jboss\jandex\2.1.3.Final\jandex-2.1.3.Final.jar;E:\studia\Sem-3\Programowanie komponentowe (07 72 3060 19)_pliki\Projekty\Projektnr1\com\fasterxml\classmate\1.5.1\classmate-1.5.1.jar;E:\studia\Sem-3\Programowanie komponentowe (07 72 3060 19)_pliki\Projekty\Projektnr1\javax\activation\javax.activation-api\1.2.0\javax.activation-api-1.2.0.jar;E:\studia\Sem-3\Programowanie komponentowe (07 72 3060 19)_pliki\Projekty\Projektnr1\org\dom4j\dom4j\2.1.3\dom4j-2.1.3.jar;E:\studia\Sem-3\Programowanie komponentowe (07 72 3060 19)_pliki\Projekty\Projektnr1\javax\xml\bind\jaxb-api\2.3.1\jaxb-api-2.3.1.jar;E:\studia\Sem-3\Programowanie komponentowe (07 72 3060 19)_pliki\Projekty\Projektnr1\com\h2database\h2\1.4.200\h2-1.4.200.jar;E:\studia\Sem-3\Programowanie komponentowe (07 72 3060 19)_pliki\Projekty\Projektnr1\jakarta\xml\bind\jakarta.xml.bind-api\3.0.0\jakarta.xml.bind-api-3.0.0.jar;E:\studia\Sem-3\Programowanie komponentowe (07 72 3060 19)_pliki\Projekty\Projektnr1\com\sun\activation\jakarta.activation\2.0.0\jakarta.activation-2.0.0.jar;E:\studia\Sem-3\Programowanie komponentowe (07 72 3060 19)_pliki\Projekty\Projektnr1\org\glassfish\jaxb\jaxb-runtime\3.0.0\jaxb-runtime-3.0.0.jar;E:\studia\Sem-3\Programowanie komponentowe (07 72 3060 19)_pliki\Projekty\Projektnr1\org\glassfish\jaxb\jaxb-core\3.0.0\jaxb-core-3.0.0.jar;E:\studia\Sem-3\Programowanie komponentowe (07 72 3060 19)_pliki\Projekty\Projektnr1\org\glassfish\jaxb\txw2\3.0.0\txw2-3.0.0.jar;E:\studia\Sem-3\Programowanie komponentowe (07 72 3060 19)_pliki\Projekty\Projektnr1\com\sun\istack\istack-commons-runtime\4.0.0\istack-commons-runtime-4.0.0.jar;E:\studia\Sem-3\Programowanie komponentowe (07 72 3060 19)_pliki\Projekty\Projektnr1\org\xerial\sqlite-jdbc\3.25.2\sqlite-jdbc-3.25.2.jar;E:\studia\Sem-3\Programowanie komponentowe (07 72 3060 19)_pliki\Projekty\Projektnr1\ch\qos\logback\logback-classic\1.1.7\logback-classic-1.1.7.jar;E:\studia\Sem-3\Programowanie komponentowe (07 72 3060 19)_pliki\Projekty\Projektnr1\ch\qos\logback\logback-core\1.1.7\logback-core-1.1.7.jar;E:\studia\Sem-3\Programowanie komponentowe (07 72 3060 19)_pliki\Projekty\Projektnr1\org\openjfx\javafx-controls\13\javafx-controls-13.jar;E:\studia\Sem-3\Programowanie komponentowe (07 72 3060 19)_pliki\Projekty\Projektnr1\org\openjfx\javafx-controls\13\javafx-controls-13-win.jar;E:\studia\Sem-3\Programowanie komponentowe (07 72 3060 19)_pliki\Projekty\Projektnr1\org\openjfx\javafx-graphics\13\javafx-graphics-13.jar;E:\studia\Sem-3\Programowanie komponentowe (07 72 3060 19)_pliki\Projekty\Projektnr1\org\openjfx\javafx-graphics\13\javafx-graphics-13-win.jar;E:\studia\Sem-3\Programowanie komponentowe (07 72 3060 19)_pliki\Projekty\Projektnr1\org\openjfx\javafx-base\13\javafx-base-13.jar;E:\studia\Sem-3\Programowanie komponentowe (07 72 3060 19)_pliki\Projekty\Projektnr1\org\openjfx\javafx-fxml\13\javafx-fxml-13.jar;E:\studia\Sem-3\Programowanie komponentowe (07 72 3060 19)_pliki\Projekty\Projektnr1\org\openjfx\javafx-fxml\13\javafx-fxml-13-win.jar;"/>
    <property name="sun.cpu.endian" value="little"/>
    <property name="user.home" value="C:\Users\maldo"/>
    <property name="user.language" value="pl"/>
    <property name="java.specification.vendor" value="Oracle Corporation"/>
    <property name="jdk.module.path" value="E:\studia\Sem-3\Programowanie komponentowe (07 72 3060 19)_pliki\ProjektKompo\an_pn_1145_03\Model\target\classes;E:\studia\Sem-3\Programowanie komponentowe (07 72 3060 19)_pliki\Projekty\Projektnr1\org\apache\commons\commons-lang3\3.11\commons-lang3-3.11.jar;E:\studia\Sem-3\Programowanie komponentowe (07 72 3060 19)_pliki\Projekty\Projektnr1\javax\persistence\javax.persistence-api\2.2\javax.persistence-api-2.2.jar;E:\studia\Sem-3\Programowanie komponentowe (07 72 3060 19)_pliki\Projekty\Projektnr1\org\hibernate\common\hibernate-commons-annotations\5.1.2.Final\hibernate-commons-annotations-5.1.2.Final.jar;E:\studia\Sem-3\Programowanie komponentowe (07 72 3060 19)_pliki\Projekty\Projektnr1\org\hibernate\hibernate-entitymanager\5.4.27.Final\hibernate-entitymanager-5.4.27.Final.jar;E:\studia\Sem-3\Programowanie komponentowe (07 72 3060 19)_pliki\Projekty\Projektnr1\org\slf4j\slf4j-api\1.7.30\slf4j-api-1.7.30.jar;E:\studia\Sem-3\Programowanie komponentowe (07 72 3060 19)_pliki\Projekty\Projektnr1\org\openjfx\javafx-base\13\javafx-base-13-win.jar"/>
    <property name="java.version.date" value="2020-07-14"/>
    <property name="java.home" value="C:\Program Files\Java\jdk-14.0.2"/>
    <property name="file.separator" value="\"/>
    <property name="basedir" value="E:\studia\Sem-3\Programowanie komponentowe (07 72 3060 19)_pliki\ProjektKompo\an_pn_1145_03\Model"/>
    <property name="java.vm.compressedOopsMode" value="Zero based"/>
    <property name="line.separator" value="&#10;"/>
    <property name="java.vm.specification.vendor" value="Oracle Corporation"/>
    <property name="java.specification.name" value="Java Platform API Specification"/>
    <property name="surefire.real.class.path" value="E:\studia\Sem-3\Programowanie komponentowe (07 72 3060 19)_pliki\Projekty\Projektnr1\org\apache\maven\surefire\surefire-booter\3.0.0-M5\surefire-booter-3.0.0-M5.jar;E:\studia\Sem-3\Programowanie komponentowe (07 72 3060 19)_pliki\Projekty\Projektnr1\org\apache\maven\surefire\surefire-api\3.0.0-M5\surefire-api-3.0.0-M5.jar;E:\studia\Sem-3\Programowanie komponentowe (07 72 3060 19)_pliki\Projekty\Projektnr1\org\apache\maven\surefire\surefire-logger-api\3.0.0-M5\surefire-logger-api-3.0.0-M5.jar;E:\studia\Sem-3\Programowanie komponentowe (07 72 3060 19)_pliki\Projekty\Projektnr1\org\apache\maven\surefire\surefire-shared-utils\3.0.0-M4\surefire-shared-utils-3.0.0-M4.jar;E:\studia\Sem-3\Programowanie komponentowe (07 72 3060 19)_pliki\Projekty\Projektnr1\org\apache\maven\surefire\surefire-extensions-spi\3.0.0-M5\surefire-extensions-spi-3.0.0-M5.jar;E:\studia\Sem-3\Programowanie komponentowe (07 72 3060 19)_pliki\ProjektKompo\an_pn_1145_03\Model\target\test-classes;E:\studia\Sem-3\Programowanie komponentowe (07 72 3060 19)_pliki\Projekty\Projektnr1\org\junit\jupiter\junit-jupiter-engine\5.6.2\junit-jupiter-engine-5.6.2.jar;E:\studia\Sem-3\Programowanie komponentowe (07 72 3060 19)_pliki\Projekty\Projektnr1\org\apiguardian\apiguardian-api\1.1.0\apiguardian-api-1.1.0.jar;E:\studia\Sem-3\Programowanie komponentowe (07 72 3060 19)_pliki\Projekty\Projektnr1\org\junit\platform\junit-platform-engine\1.6.2\junit-platform-engine-1.6.2.jar;E:\studia\Sem-3\Programowanie komponentowe (07 72 3060 19)_pliki\Projekty\Projektnr1\org\opentest4j\opentest4j\1.2.0\opentest4j-1.2.0.jar;E:\studia\Sem-3\Programowanie komponentowe (07 72 3060 19)_pliki\Projekty\Projektnr1\org\junit\platform\junit-platform-commons\1.6.2\junit-platform-commons-1.6.2.jar;E:\studia\Sem-3\Programowanie komponentowe (07 72 3060 19)_pliki\Projekty\Projektnr1\org\junit\jupiter\junit-jupiter-api\5.6.2\junit-jupiter-api-5.6.2.jar;E:\studia\Sem-3\Programowanie komponentowe (07 72 3060 19)_pliki\Projekty\Projektnr1\org\projectlombok\lombok\1.18.16\lombok-1.18.16.jar;E:\studia\Sem-3\Programowanie komponentowe (07 72 3060 19)_pliki\Projekty\Projektnr1\org\hibernate\hibernate-core\5.4.27.Final\hibernate-core-5.4.27.Final.jar;E:\studia\Sem-3\Programowanie komponentowe (07 72 3060 19)_pliki\Projekty\Projektnr1\org\jboss\logging\jboss-logging\3.4.1.Final\jboss-logging-3.4.1.Final.jar;E:\studia\Sem-3\Programowanie komponentowe (07 72 3060 19)_pliki\Projekty\Projektnr1\org\javassist\javassist\3.27.0-GA\javassist-3.27.0-GA.jar;E:\studia\Sem-3\Programowanie komponentowe (07 72 3060 19)_pliki\Projekty\Projektnr1\net\bytebuddy\byte-buddy\1.10.17\byte-buddy-1.10.17.jar;E:\studia\Sem-3\Programowanie komponentowe (07 72 3060 19)_pliki\Projekty\Projektnr1\antlr\antlr\2.7.7\antlr-2.7.7.jar;E:\studia\Sem-3\Programowanie komponentowe (07 72 3060 19)_pliki\Projekty\Projektnr1\org\jboss\spec\javax\transaction\jboss-transaction-api_1.2_spec\1.1.1.Final\jboss-transaction-api_1.2_spec-1.1.1.Final.jar;E:\studia\Sem-3\Programowanie komponentowe (07 72 3060 19)_pliki\Projekty\Projektnr1\org\jboss\jandex\2.1.3.Final\jandex-2.1.3.Final.jar;E:\studia\Sem-3\Programowanie komponentowe (07 72 3060 19)_pliki\Projekty\Projektnr1\com\fasterxml\classmate\1.5.1\classmate-1.5.1.jar;E:\studia\Sem-3\Programowanie komponentowe (07 72 3060 19)_pliki\Projekty\Projektnr1\javax\activation\javax.activation-api\1.2.0\javax.activation-api-1.2.0.jar;E:\studia\Sem-3\Programowanie komponentowe (07 72 3060 19)_pliki\Projekty\Projektnr1\org\dom4j\dom4j\2.1.3\dom4j-2.1.3.jar;E:\studia\Sem-3\Programowanie komponentowe (07 72 3060 19)_pliki\Projekty\Projektnr1\javax\xml\bind\jaxb-api\2.3.1\jaxb-api-2.3.1.jar;E:\studia\Sem-3\Programowanie komponentowe (07 72 3060 19)_pliki\Projekty\Projektnr1\com\h2database\h2\1.4.200\h2-1.4.200.jar;E:\studia\Sem-3\Programowanie komponentowe (07 72 3060 19)_pliki\Projekty\Projektnr1\jakarta\xml\bind\jakarta.xml.bind-api\3.0.0\jakarta.xml.bind-api-3.0.0.jar;E:\studia\Sem-3\Programowanie komponentowe (07 72 3060 19)_pliki\Projekty\Projektnr1\com\sun\activation\jakarta.activation\2.0.0\jakarta.activation-2.0.0.jar;E:\studia\Sem-3\Programowanie komponentowe (07 72 3060 19)_pliki\Projekty\Projektnr1\org\glassfish\jaxb\jaxb-runtime\3.0.0\jaxb-runtime-3.0.0.jar;E:\studia\Sem-3\Programowanie komponentowe (07 72 3060 19)_pliki\Projekty\Projektnr1\org\glassfish\jaxb\jaxb-core\3.0.0\jaxb-core-3.0.0.jar;E:\studia\Sem-3\Programowanie komponentowe (07 72 3060 19)_pliki\Projekty\Projektnr1\org\glassfish\jaxb\txw2\3.0.0\txw2-3.0.0.jar;E:\studia\Sem-3\Programowanie komponentowe (07 72 3060 19)_pliki\Projekty\Projektnr1\com\sun\istack\istack-commons-runtime\4.0.0\istack-commons-runtime-4.0.0.jar;E:\studia\Sem-3\Programowanie komponentowe (07 72 3060 19)_pliki\Projekty\Projektnr1\org\xerial\sqlite-jdbc\3.25.2\sqlite-jdbc-3.25.2.jar;E:\studia\Sem-3\Programowanie komponentowe (07 72 3060 19)_pliki\Projekty\Projektnr1\ch\qos\logback\logback-classic\1.1.7\logback-classic-1.1.7.jar;E:\studia\Sem-3\Programowanie komponentowe (07 72 3060 19)_pliki\Projekty\Projektnr1\ch\qos\logback\logback-core\1.1.7\logback-core-1.1.7.jar;E:\studia\Sem-3\Programowanie komponentowe (07 72 3060 19)_pliki\Projekty\Projektnr1\org\openjfx\javafx-controls\13\javafx-controls-13.jar;E:\studia\Sem-3\Programowanie komponentowe (07 72 3060 19)_pliki\Projekty\Projektnr1\org\openjfx\javafx-controls\13\javafx-controls-13-win.jar;E:\studia\Sem-3\Programowanie komponentowe (07 72 3060 19)_pliki\Projekty\Projektnr1\org\openjfx\javafx-graphics\13\javafx-graphics-13.jar;E:\studia\Sem-3\Programowanie komponentowe (07 72 3060 19)_pliki\Projekty\Projektnr1\org\openjfx\javafx-graphics\13\javafx-graphics-13-win.jar;E:\studia\Sem-3\Programowanie komponentowe (07 72 3060 19)_pliki\Projekty\Projektnr1\org\openjfx\javafx-base\13\javafx-base-13.jar;E:\studia\Sem-3\Programowanie komponentowe (07 72 3060 19)_pliki\Projekty\Projektnr1\org\openjfx\javafx-fxml\13\javafx-fxml-13.jar;E:\studia\Sem-3\Programowanie komponentowe (07 72 3060 19)_pliki\Projekty\Projektnr1\org\openjfx\javafx-fxml\13\javafx-fxml-13-win.jar;E:\studia\Sem-3\Programowanie komponentowe (07 72 3060 19)_pliki\Projekty\Projektnr1\org\apache\maven\surefire\surefire-junit-platform\3.0.0-M5\surefire-junit-platform-3.0.0-M5.jar;E:\studia\Sem-3\Programowanie komponentowe (07 72 3060 19)_pliki\Projekty\Projektnr1\org\apache\maven\surefire\common-java5\3.0.0-M5\common-java5-3.0.0-M5.jar;E:\studia\Sem-3\Programowanie komponentowe (07 72 3060 19)_pliki\Projekty\Projektnr1\org\junit\platform\junit-platform-launcher\1.6.2\junit-platform-launcher-1.6.2.jar"/>
    <property name="user.script" value=""/>
    <property name="sun.management.compiler" value="HotSpot 64-Bit Tiered Compilers"/>
    <property name="java.runtime.version" value="14.0.2+12-46"/>
    <property name="user.name" value="maldo"/>
    <property name="path.separator" value=";"/>
    <property name="os.version" value="10.0"/>
    <property name="java.runtime.name" value="Java(TM) SE Runtime Environment"/>
    <property name="file.encoding" value="Cp1250"/>
    <property name="java.vm.name" value="Java HotSpot(TM) 64-Bit Server VM"/>
    <property name="localRepository" value="E:\studia\Sem-3\Programowanie komponentowe (07 72 3060 19)_pliki\Projekty\Projektnr1"/>
    <property name="java.vendor.url.bug" value="https://bugreport.java.com/bugreport/"/>
    <property name="java.io.tmpdir" value="C:\Users\maldo\AppData\Local\Temp\"/>
    <property name="java.version" value="14.0.2"/>
    <property name="user.dir" value="E:\studia\Sem-3\Programowanie komponentowe (07 72 3060 19)_pliki\ProjektKompo\an_pn_1145_03\Model"/>
    <property name="os.arch" value="amd64"/>
    <property name="java.vm.specification.name" value="Java Virtual Machine Specification"/>
    <property name="sun.os.patch.level" value=""/>
    <property name="java.library.path" value="C:\Program Files\Java\jdk-14.0.2\bin;C:\WINDOWS\Sun\Java\bin;C:\WINDOWS\system32;C:\WINDOWS;C:\Program Files (x86)\Razer Chroma SDK\bin;C:\Program Files\Razer Chroma SDK\bin;C:\Python\Scripts\;C:\Python\;C:\Program Files (x86)\Intel\iCLS Client\;C:\Program Files\Intel\iCLS Client\;C:\Windows\system32;C:\Windows;C:\Windows\System32\Wbem;C:\Windows\System32\WindowsPowerShell\v1.0\;C:\Windows\System32\OpenSSH\;C:\Program Files (x86)\NVIDIA Corporation\PhysX\Common;C:\Program Files (x86)\Intel\Intel(R) Management Engine Components\DAL;C:\Program Files\Intel\Intel(R) Management Engine Components\DAL;C:\Program Files (x86)\Intel\Intel(R) Management Engine Components\IPT;C:\Program Files\Intel\Intel(R) Management Engine Components\IPT;C:\Program Files\Intel\WiFi\bin\;C:\Program Files\Common Files\Intel\WirelessCommon\;C:\Program Files (x86)\Windows Kits\8.1\Windows Performance Toolkit\;C:\Users\maldo\AppData\Local\Microsoft\WindowsApps;C:\Program Files\NVIDIA Corporation\NVIDIA NvDLISR;C:\Program Files (x86)\MKVToolNix;C:\WINDOWS\system32;C:\WINDOWS;C:\WINDOWS\System32\Wbem;C:\WINDOWS\System32\WindowsPowerShell\v1.0\;C:\WINDOWS\System32\OpenSSH\;E:\studia\Sem-3\Programowanie komponentowe (07 72 3060 19)_pliki\apache-maven-3.6.3\bin;C:\msys64\usr\bin;C:\Program Files\Java\jdk-14.0.2\bin;C:\Program Files (x86)\Calibre2\;C:\Users\maldo\AppData\Local\Microsoft\WindowsApps;C:\Program Files\Intel\WiFi\bin\;C:\Program Files\Common Files\Intel\WirelessCommon\;C:\Program Files\JetBrains\CLion 2019.3.3\bin;;C:\Users\maldo\AppData\Local\Programs\Microsoft VS Code\bin;C:\Users\maldo\AppData\Local\GitHubDesktop\bin;."/>
    <property name="java.vm.info" value="mixed mode"/>
    <property name="java.vendor" value="Oracle Corporation"/>
    <property name="java.vm.version" value="14.0.2+12-46"/>
    <property name="sun.io.unicode.encoding" value="UnicodeLittle"/>
    <property name="java.class.version" value="58.0"/>
  </properties>
  <testcase name="testEqualsDiffrent" classname="sudoku.model.SeriesTest" time="0.149">
    <system-out><![CDATA[15:53:16.227 [main] INFO  sudoku.model.SudokuBoard - Bład w kwadracie 0
sudoku.model.SudokuBoard@77cddc0c[
  size=9
  solver=sudoku.model.BacktrackingSudokuSolver@671d97bc
  board={{1,9,7,2,5,3,4,6,8},{5,6,8,4,1,7,2,9,3},{2,3,4,6,8,9,1,5,7},{3,8,9,5,4,6,7,1,2},{4,2,1,8,0,0,0,0,0},{0,0,0,0,0,0,0,0,0},{0,0,0,0,0,0,0,0,0},{0,0,0,0,0,0,0,0,0},{0,0,0,0,0,0,0,0,0}}
]
15:53:16.228 [main] INFO  sudoku.model.SudokuBoard - Wartość 0 wstawiona nieprawidłowo
15:53:16.230 [main] INFO  sudoku.model.SudokuBoard - Bład w kwadracie 0
sudoku.model.SudokuBoard@77cddc0c[
  size=9
  solver=sudoku.model.BacktrackingSudokuSolver@671d97bc
  board={{1,9,7,2,5,3,4,6,8},{5,6,8,4,1,7,2,9,3},{2,3,4,6,8,9,1,5,7},{3,8,9,5,4,6,7,1,2},{4,2,1,8,0,0,0,0,0},{0,0,0,0,0,0,0,0,0},{0,0,0,0,0,0,0,0,0},{0,0,0,0,0,0,0,0,0},{0,0,0,0,0,0,0,0,0}}
]
15:53:16.231 [main] INFO  sudoku.model.SudokuBoard - Wartość 0 wstawiona nieprawidłowo
15:53:16.231 [main] INFO  sudoku.model.SudokuBoard - Bład w kwadracie 0
sudoku.model.SudokuBoard@77cddc0c[
  size=9
  solver=sudoku.model.BacktrackingSudokuSolver@671d97bc
  board={{1,9,7,2,5,3,4,6,8},{5,6,8,4,1,7,2,9,3},{2,3,4,6,8,9,1,5,7},{3,8,9,5,4,6,7,1,2},{4,2,1,8,0,0,0,0,0},{0,0,0,0,0,0,0,0,0},{0,0,0,0,0,0,0,0,0},{0,0,0,0,0,0,0,0,0},{0,0,0,0,0,0,0,0,0}}
]
15:53:16.232 [main] INFO  sudoku.model.SudokuBoard - Wartość 0 wstawiona nieprawidłowo
15:53:16.232 [main] INFO  sudoku.model.SudokuBoard - Bład w kwadracie 0
sudoku.model.SudokuBoard@77cddc0c[
  size=9
  solver=sudoku.model.BacktrackingSudokuSolver@671d97bc
  board={{1,9,7,2,5,3,4,6,8},{5,6,8,4,1,7,2,9,3},{2,3,4,6,8,9,1,5,7},{3,8,9,5,4,6,7,1,2},{4,2,1,0,0,0,0,0,0},{0,0,0,0,0,0,0,0,0},{0,0,0,0,0,0,0,0,0},{0,0,0,0,0,0,0,0,0},{0,0,0,0,0,0,0,0,0}}
]
15:53:16.233 [main] INFO  sudoku.model.SudokuBoard - Wartość 0 wstawiona nieprawidłowo
15:53:16.236 [main] INFO  sudoku.model.SudokuBoard - Bład w kwadracie 0
sudoku.model.SudokuBoard@77cddc0c[
  size=9
  solver=sudoku.model.BacktrackingSudokuSolver@671d97bc
  board={{1,9,7,2,5,3,4,6,8},{5,6,8,4,1,7,2,9,3},{2,3,4,6,8,9,1,5,7},{3,8,9,5,4,6,7,1,2},{4,2,1,9,3,8,0,0,0},{0,0,0,0,0,0,0,0,0},{0,0,0,0,0,0,0,0,0},{0,0,0,0,0,0,0,0,0},{0,0,0,0,0,0,0,0,0}}
]
15:53:16.236 [main] INFO  sudoku.model.SudokuBoard - Wartość 0 wstawiona nieprawidłowo
15:53:16.237 [main] INFO  sudoku.model.SudokuBoard - Bład w kwadracie 0
sudoku.model.SudokuBoard@77cddc0c[
  size=9
  solver=sudoku.model.BacktrackingSudokuSolver@671d97bc
  board={{1,9,7,2,5,3,4,6,8},{5,6,8,4,1,7,2,9,3},{2,3,4,6,8,9,1,5,7},{3,8,9,5,4,6,7,1,2},{4,2,1,9,3,8,0,0,0},{0,0,0,0,0,0,0,0,0},{0,0,0,0,0,0,0,0,0},{0,0,0,0,0,0,0,0,0},{0,0,0,0,0,0,0,0,0}}
]
15:53:16.240 [main] INFO  sudoku.model.SudokuBoard - Wartość 0 wstawiona nieprawidłowo
15:53:16.248 [main] INFO  sudoku.model.SudokuBoard - Bład w kwadracie 0
sudoku.model.SudokuBoard@77cddc0c[
  size=9
  solver=sudoku.model.BacktrackingSudokuSolver@671d97bc
  board={{1,9,7,2,5,3,4,6,8},{5,6,8,4,1,7,2,9,3},{2,3,4,6,8,9,1,5,7},{3,8,9,5,4,6,7,1,2},{4,2,1,9,3,0,0,0,0},{0,0,0,0,0,0,0,0,0},{0,0,0,0,0,0,0,0,0},{0,0,0,0,0,0,0,0,0},{0,0,0,0,0,0,0,0,0}}
]
15:53:16.249 [main] INFO  sudoku.model.SudokuBoard - Wartość 0 wstawiona nieprawidłowo
15:53:16.249 [main] INFO  sudoku.model.SudokuBoard - Bład w kwadracie 0
sudoku.model.SudokuBoard@77cddc0c[
  size=9
  solver=sudoku.model.BacktrackingSudokuSolver@671d97bc
  board={{1,9,7,2,5,3,4,6,8},{5,6,8,4,1,7,2,9,3},{2,3,4,6,8,9,1,5,7},{3,8,9,5,4,6,7,1,2},{4,2,1,9,0,0,0,0,0},{0,0,0,0,0,0,0,0,0},{0,0,0,0,0,0,0,0,0},{0,0,0,0,0,0,0,0,0},{0,0,0,0,0,0,0,0,0}}
]
15:53:16.249 [main] INFO  sudoku.model.SudokuBoard - Wartość 0 wstawiona nieprawidłowo
15:53:16.251 [main] INFO  sudoku.model.SudokuBoard - Bład w kwadracie 0
sudoku.model.SudokuBoard@77cddc0c[
  size=9
  solver=sudoku.model.BacktrackingSudokuSolver@671d97bc
  board={{1,9,7,2,5,3,4,6,8},{5,6,8,4,1,7,2,9,3},{2,3,4,6,8,9,1,5,7},{3,8,9,5,4,6,7,1,2},{4,2,1,9,7,8,0,0,0},{0,0,0,0,0,0,0,0,0},{0,0,0,0,0,0,0,0,0},{0,0,0,0,0,0,0,0,0},{0,0,0,0,0,0,0,0,0}}
]
15:53:16.252 [main] INFO  sudoku.model.SudokuBoard - Wartość 0 wstawiona nieprawidłowo
15:53:16.253 [main] INFO  sudoku.model.SudokuBoard - Bład w kwadracie 0
sudoku.model.SudokuBoard@77cddc0c[
  size=9
  solver=sudoku.model.BacktrackingSudokuSolver@671d97bc
  board={{1,9,7,2,5,3,4,6,8},{5,6,8,4,1,7,2,9,3},{2,3,4,6,8,9,1,5,7},{3,8,9,5,4,6,7,1,2},{4,2,1,9,7,8,5,3,6},{6,0,0,0,0,0,0,0,0},{0,0,0,0,0,0,0,0,0},{0,0,0,0,0,0,0,0,0},{0,0,0,0,0,0,0,0,0}}
]
15:53:16.253 [main] INFO  sudoku.model.SudokuBoard - Wartość 0 wstawiona nieprawidłowo
15:53:16.253 [main] INFO  sudoku.model.SudokuBoard - Bład w kwadracie 0
sudoku.model.SudokuBoard@77cddc0c[
  size=9
  solver=sudoku.model.BacktrackingSudokuSolver@671d97bc
  board={{1,9,7,2,5,3,4,6,8},{5,6,8,4,1,7,2,9,3},{2,3,4,6,8,9,1,5,7},{3,8,9,5,4,6,7,1,2},{4,2,1,9,7,8,5,3,6},{6,7,5,1,0,0,0,0,0},{0,0,0,0,0,0,0,0,0},{0,0,0,0,0,0,0,0,0},{0,0,0,0,0,0,0,0,0}}
]
15:53:16.253 [main] INFO  sudoku.model.SudokuBoard - Wartość 0 wstawiona nieprawidłowo
15:53:16.257 [main] INFO  sudoku.model.SudokuBoard - Bład w kwadracie 0
sudoku.model.SudokuBoard@77cddc0c[
  size=9
  solver=sudoku.model.BacktrackingSudokuSolver@671d97bc
  board={{1,9,7,2,5,3,4,6,8},{5,6,8,4,1,7,2,9,3},{2,3,4,6,8,9,1,5,7},{3,8,9,5,4,6,7,1,2},{4,2,1,9,7,8,5,3,6},{6,7,5,1,3,2,8,4,9},{9,1,6,7,2,4,3,8,5},{7,4,2,8,6,5,0,0,0},{0,0,0,0,0,0,0,0,0}}
]
15:53:16.257 [main] INFO  sudoku.model.SudokuBoard - Wartość 0 wstawiona nieprawidłowo
15:53:16.258 [main] INFO  sudoku.model.SudokuBoard - Bład w kwadracie 0
sudoku.model.SudokuBoard@77cddc0c[
  size=9
  solver=sudoku.model.BacktrackingSudokuSolver@671d97bc
  board={{1,9,7,2,5,3,4,6,8},{5,6,8,4,1,7,2,9,3},{2,3,4,6,8,9,1,5,7},{3,8,9,5,4,6,7,1,2},{4,2,1,9,7,8,5,3,6},{6,7,5,1,3,2,8,4,9},{9,1,6,7,2,4,3,8,5},{7,4,2,8,6,0,0,0,0},{0,0,0,0,0,0,0,0,0}}
]
15:53:16.258 [main] INFO  sudoku.model.SudokuBoard - Wartość 0 wstawiona nieprawidłowo
15:53:16.258 [main] INFO  sudoku.model.SudokuBoard - Bład w kwadracie 0
sudoku.model.SudokuBoard@77cddc0c[
  size=9
  solver=sudoku.model.BacktrackingSudokuSolver@671d97bc
  board={{1,9,7,2,5,3,4,6,8},{5,6,8,4,1,7,2,9,3},{2,3,4,6,8,9,1,5,7},{3,8,9,5,4,6,7,1,2},{4,2,1,9,7,8,5,3,6},{6,7,5,1,3,2,8,4,9},{9,1,6,7,2,4,3,8,5},{7,4,2,8,6,1,0,0,0},{0,0,0,0,0,0,0,0,0}}
]
15:53:16.258 [main] INFO  sudoku.model.SudokuBoard - Wartość 0 wstawiona nieprawidłowo
15:53:16.259 [main] INFO  sudoku.model.SudokuBoard - Bład w kwadracie 0
sudoku.model.SudokuBoard@77cddc0c[
  size=9
  solver=sudoku.model.BacktrackingSudokuSolver@671d97bc
  board={{1,9,7,2,5,3,4,6,8},{5,6,8,4,1,7,2,9,3},{2,3,4,6,8,9,1,5,7},{3,8,9,5,4,6,7,1,2},{4,2,1,9,7,8,5,3,6},{6,7,5,1,3,2,8,4,9},{9,1,6,7,2,4,3,8,5},{7,4,2,8,6,0,0,0,0},{0,0,0,0,0,0,0,0,0}}
]
15:53:16.259 [main] INFO  sudoku.model.SudokuBoard - Wartość 0 wstawiona nieprawidłowo
15:53:16.259 [main] INFO  sudoku.model.SudokuBoard - Bład w kwadracie 0
sudoku.model.SudokuBoard@77cddc0c[
  size=9
  solver=sudoku.model.BacktrackingSudokuSolver@671d97bc
  board={{1,9,7,2,5,3,4,6,8},{5,6,8,4,1,7,2,9,3},{2,3,4,6,8,9,1,5,7},{3,8,9,5,4,6,7,1,2},{4,2,1,9,7,8,5,3,6},{6,7,5,1,3,2,8,4,9},{9,1,6,7,2,4,3,8,5},{7,4,2,8,0,0,0,0,0},{0,0,0,0,0,0,0,0,0}}
]
15:53:16.259 [main] INFO  sudoku.model.SudokuBoard - Wartość 0 wstawiona nieprawidłowo
15:53:16.259 [main] INFO  sudoku.model.SudokuBoard - Bład w kwadracie 0
sudoku.model.SudokuBoard@77cddc0c[
  size=9
  solver=sudoku.model.BacktrackingSudokuSolver@671d97bc
  board={{1,9,7,2,5,3,4,6,8},{5,6,8,4,1,7,2,9,3},{2,3,4,6,8,9,1,5,7},{3,8,9,5,4,6,7,1,2},{4,2,1,9,7,8,5,3,6},{6,7,5,1,3,2,8,4,9},{9,1,6,7,2,4,3,8,5},{7,4,2,8,9,1,0,0,0},{0,0,0,0,0,0,0,0,0}}
]
15:53:16.260 [main] INFO  sudoku.model.SudokuBoard - Wartość 0 wstawiona nieprawidłowo
15:53:16.260 [main] INFO  sudoku.model.SudokuBoard - Bład w kwadracie 0
sudoku.model.SudokuBoard@77cddc0c[
  size=9
  solver=sudoku.model.BacktrackingSudokuSolver@671d97bc
  board={{1,9,7,2,5,3,4,6,8},{5,6,8,4,1,7,2,9,3},{2,3,4,6,8,9,1,5,7},{3,8,9,5,4,6,7,1,2},{4,2,1,9,7,8,5,3,6},{6,7,5,1,3,2,8,4,9},{9,1,6,7,2,4,3,8,5},{7,4,2,8,9,0,0,0,0},{0,0,0,0,0,0,0,0,0}}
]
15:53:16.260 [main] INFO  sudoku.model.SudokuBoard - Wartość 0 wstawiona nieprawidłowo
15:53:16.260 [main] INFO  sudoku.model.SudokuBoard - Bład w kwadracie 0
sudoku.model.SudokuBoard@77cddc0c[
  size=9
  solver=sudoku.model.BacktrackingSudokuSolver@671d97bc
  board={{1,9,7,2,5,3,4,6,8},{5,6,8,4,1,7,2,9,3},{2,3,4,6,8,9,1,5,7},{3,8,9,5,4,6,7,1,2},{4,2,1,9,7,8,5,3,6},{6,7,5,1,3,2,8,4,9},{9,1,6,7,2,4,3,8,5},{7,4,2,8,9,5,0,0,0},{0,0,0,0,0,0,0,0,0}}
]
15:53:16.260 [main] INFO  sudoku.model.SudokuBoard - Wartość 0 wstawiona nieprawidłowo
15:53:16.260 [main] INFO  sudoku.model.SudokuBoard - Bład w kwadracie 0
sudoku.model.SudokuBoard@77cddc0c[
  size=9
  solver=sudoku.model.BacktrackingSudokuSolver@671d97bc
  board={{1,9,7,2,5,3,4,6,8},{5,6,8,4,1,7,2,9,3},{2,3,4,6,8,9,1,5,7},{3,8,9,5,4,6,7,1,2},{4,2,1,9,7,8,5,3,6},{6,7,5,1,3,2,8,4,9},{9,1,6,7,2,4,3,8,5},{7,4,2,8,9,0,0,0,0},{0,0,0,0,0,0,0,0,0}}
]
15:53:16.260 [main] INFO  sudoku.model.SudokuBoard - Wartość 0 wstawiona nieprawidłowo
15:53:16.261 [main] INFO  sudoku.model.SudokuBoard - Bład w kwadracie 0
sudoku.model.SudokuBoard@77cddc0c[
  size=9
  solver=sudoku.model.BacktrackingSudokuSolver@671d97bc
  board={{1,9,7,2,5,3,4,6,8},{5,6,8,4,1,7,2,9,3},{2,3,4,6,8,9,1,5,7},{3,8,9,5,4,6,7,1,2},{4,2,1,9,7,8,5,3,6},{6,7,5,1,3,2,8,4,9},{9,1,6,7,2,4,3,8,5},{7,4,2,8,0,0,0,0,0},{0,0,0,0,0,0,0,0,0}}
]
15:53:16.261 [main] INFO  sudoku.model.SudokuBoard - Wartość 0 wstawiona nieprawidłowo
15:53:16.262 [main] INFO  sudoku.model.SudokuBoard - Bład w kwadracie 0
sudoku.model.SudokuBoard@77cddc0c[
  size=9
  solver=sudoku.model.BacktrackingSudokuSolver@671d97bc
  board={{1,9,7,2,5,3,4,6,8},{5,6,8,4,1,7,2,9,3},{2,3,4,6,8,9,1,5,7},{3,8,9,5,4,6,7,1,2},{4,2,1,9,7,8,5,3,6},{6,7,5,1,3,2,8,4,9},{9,1,6,7,2,4,3,8,5},{7,4,2,0,0,0,0,0,0},{0,0,0,0,0,0,0,0,0}}
]
15:53:16.263 [main] INFO  sudoku.model.SudokuBoard - Wartość 0 wstawiona nieprawidłowo
15:53:16.264 [main] INFO  sudoku.model.SudokuBoard - Bład w kwadracie 0
sudoku.model.SudokuBoard@77cddc0c[
  size=9
  solver=sudoku.model.BacktrackingSudokuSolver@671d97bc
  board={{1,9,7,2,5,3,4,6,8},{5,6,8,4,1,7,2,9,3},{2,3,4,6,8,9,1,5,7},{3,8,9,5,4,6,7,1,2},{4,2,1,9,7,8,5,3,6},{6,7,5,1,3,2,8,4,9},{9,1,6,7,2,4,3,8,5},{7,4,2,3,6,1,0,0,0},{0,0,0,0,0,0,0,0,0}}
]
15:53:16.264 [main] INFO  sudoku.model.SudokuBoard - Wartość 0 wstawiona nieprawidłowo
15:53:16.265 [main] INFO  sudoku.model.SudokuBoard - Bład w kwadracie 0
sudoku.model.SudokuBoard@77cddc0c[
  size=9
  solver=sudoku.model.BacktrackingSudokuSolver@671d97bc
  board={{1,9,7,2,5,3,4,6,8},{5,6,8,4,1,7,2,9,3},{2,3,4,6,8,9,1,5,7},{3,8,9,5,4,6,7,1,2},{4,2,1,9,7,8,5,3,6},{6,7,5,1,3,2,8,4,9},{9,1,6,7,2,4,3,8,5},{7,4,2,3,6,0,0,0,0},{0,0,0,0,0,0,0,0,0}}
]
15:53:16.265 [main] INFO  sudoku.model.SudokuBoard - Wartość 0 wstawiona nieprawidłowo
15:53:16.265 [main] INFO  sudoku.model.SudokuBoard - Bład w kwadracie 0
sudoku.model.SudokuBoard@77cddc0c[
  size=9
  solver=sudoku.model.BacktrackingSudokuSolver@671d97bc
  board={{1,9,7,2,5,3,4,6,8},{5,6,8,4,1,7,2,9,3},{2,3,4,6,8,9,1,5,7},{3,8,9,5,4,6,7,1,2},{4,2,1,9,7,8,5,3,6},{6,7,5,1,3,2,8,4,9},{9,1,6,7,2,4,3,8,5},{7,4,2,3,6,5,0,0,0},{0,0,0,0,0,0,0,0,0}}
]
15:53:16.265 [main] INFO  sudoku.model.SudokuBoard - Wartość 0 wstawiona nieprawidłowo
15:53:16.266 [main] INFO  sudoku.model.SudokuBoard - Bład w kwadracie 0
sudoku.model.SudokuBoard@77cddc0c[
  size=9
  solver=sudoku.model.BacktrackingSudokuSolver@671d97bc
  board={{1,9,7,2,5,3,4,6,8},{5,6,8,4,1,7,2,9,3},{2,3,4,6,8,9,1,5,7},{3,8,9,5,4,6,7,1,2},{4,2,1,9,7,8,5,3,6},{6,7,5,1,3,2,8,4,9},{9,1,6,7,2,4,3,8,5},{7,4,2,3,6,0,0,0,0},{0,0,0,0,0,0,0,0,0}}
]
15:53:16.266 [main] INFO  sudoku.model.SudokuBoard - Wartość 0 wstawiona nieprawidłowo
15:53:16.267 [main] INFO  sudoku.model.SudokuBoard - Bład w kwadracie 0
sudoku.model.SudokuBoard@77cddc0c[
  size=9
  solver=sudoku.model.BacktrackingSudokuSolver@671d97bc
  board={{1,9,7,2,5,3,4,6,8},{5,6,8,4,1,7,2,9,3},{2,3,4,6,8,9,1,5,7},{3,8,9,5,4,6,7,1,2},{4,2,1,9,7,8,5,3,6},{6,7,5,1,3,2,8,4,9},{9,1,6,7,2,4,3,8,5},{7,4,2,3,0,0,0,0,0},{0,0,0,0,0,0,0,0,0}}
]
15:53:16.267 [main] INFO  sudoku.model.SudokuBoard - Wartość 0 wstawiona nieprawidłowo
15:53:16.267 [main] INFO  sudoku.model.SudokuBoard - Bład w kwadracie 0
sudoku.model.SudokuBoard@77cddc0c[
  size=9
  solver=sudoku.model.BacktrackingSudokuSolver@671d97bc
  board={{1,9,7,2,5,3,4,6,8},{5,6,8,4,1,7,2,9,3},{2,3,4,6,8,9,1,5,7},{3,8,9,5,4,6,7,1,2},{4,2,1,9,7,8,5,3,6},{6,7,5,1,3,2,8,4,9},{9,1,6,7,2,4,3,8,5},{7,4,2,3,9,1,0,0,0},{0,0,0,0,0,0,0,0,0}}
]
15:53:16.267 [main] INFO  sudoku.model.SudokuBoard - Wartość 0 wstawiona nieprawidłowo
15:53:16.267 [main] INFO  sudoku.model.SudokuBoard - Bład w kwadracie 0
sudoku.model.SudokuBoard@77cddc0c[
  size=9
  solver=sudoku.model.BacktrackingSudokuSolver@671d97bc
  board={{1,9,7,2,5,3,4,6,8},{5,6,8,4,1,7,2,9,3},{2,3,4,6,8,9,1,5,7},{3,8,9,5,4,6,7,1,2},{4,2,1,9,7,8,5,3,6},{6,7,5,1,3,2,8,4,9},{9,1,6,7,2,4,3,8,5},{7,4,2,3,9,0,0,0,0},{0,0,0,0,0,0,0,0,0}}
]
15:53:16.268 [main] INFO  sudoku.model.SudokuBoard - Wartość 0 wstawiona nieprawidłowo
15:53:16.268 [main] INFO  sudoku.model.SudokuBoard - Bład w kwadracie 0
sudoku.model.SudokuBoard@77cddc0c[
  size=9
  solver=sudoku.model.BacktrackingSudokuSolver@671d97bc
  board={{1,9,7,2,5,3,4,6,8},{5,6,8,4,1,7,2,9,3},{2,3,4,6,8,9,1,5,7},{3,8,9,5,4,6,7,1,2},{4,2,1,9,7,8,5,3,6},{6,7,5,1,3,2,8,4,9},{9,1,6,7,2,4,3,8,5},{7,4,2,3,9,5,0,0,0},{0,0,0,0,0,0,0,0,0}}
]
15:53:16.268 [main] INFO  sudoku.model.SudokuBoard - Wartość 0 wstawiona nieprawidłowo
15:53:16.270 [main] INFO  sudoku.model.SudokuBoard - Bład w kwadracie 0
sudoku.model.SudokuBoard@77cddc0c[
  size=9
  solver=sudoku.model.BacktrackingSudokuSolver@671d97bc
  board={{1,9,7,2,5,3,4,6,8},{5,6,8,4,1,7,2,9,3},{2,3,4,6,8,9,1,5,7},{3,8,9,5,4,6,7,1,2},{4,2,1,9,7,8,5,3,6},{6,7,5,1,3,2,8,4,9},{9,1,6,7,2,4,3,8,5},{7,4,2,3,9,0,0,0,0},{0,0,0,0,0,0,0,0,0}}
]
15:53:16.270 [main] INFO  sudoku.model.SudokuBoard - Wartość 0 wstawiona nieprawidłowo
15:53:16.272 [main] INFO  sudoku.model.SudokuBoard - Bład w kwadracie 0
sudoku.model.SudokuBoard@77cddc0c[
  size=9
  solver=sudoku.model.BacktrackingSudokuSolver@671d97bc
  board={{1,9,7,2,5,3,4,6,8},{5,6,8,4,1,7,2,9,3},{2,3,4,6,8,9,1,5,7},{3,8,9,5,4,6,7,1,2},{4,2,1,9,7,8,5,3,6},{6,7,5,1,3,2,8,4,9},{9,1,6,7,2,4,3,8,5},{7,4,2,3,0,0,0,0,0},{0,0,0,0,0,0,0,0,0}}
]
15:53:16.273 [main] INFO  sudoku.model.SudokuBoard - Wartość 0 wstawiona nieprawidłowo
15:53:16.273 [main] INFO  sudoku.model.SudokuBoard - Bład w kwadracie 0
sudoku.model.SudokuBoard@77cddc0c[
  size=9
  solver=sudoku.model.BacktrackingSudokuSolver@671d97bc
  board={{1,9,7,2,5,3,4,6,8},{5,6,8,4,1,7,2,9,3},{2,3,4,6,8,9,1,5,7},{3,8,9,5,4,6,7,1,2},{4,2,1,9,7,8,5,3,6},{6,7,5,1,3,2,8,4,9},{9,1,6,7,2,4,3,8,5},{7,4,2,0,0,0,0,0,0},{0,0,0,0,0,0,0,0,0}}
]
15:53:16.274 [main] INFO  sudoku.model.SudokuBoard - Wartość 0 wstawiona nieprawidłowo
15:53:16.274 [main] INFO  sudoku.model.SudokuBoard - Bład w kwadracie 0
sudoku.model.SudokuBoard@77cddc0c[
  size=9
  solver=sudoku.model.BacktrackingSudokuSolver@671d97bc
  board={{1,9,7,2,5,3,4,6,8},{5,6,8,4,1,7,2,9,3},{2,3,4,6,8,9,1,5,7},{3,8,9,5,4,6,7,1,2},{4,2,1,9,7,8,5,3,6},{6,7,5,1,3,2,8,4,9},{9,1,6,7,2,4,3,8,5},{7,4,0,0,0,0,0,0,0},{0,0,0,0,0,0,0,0,0}}
]
15:53:16.274 [main] INFO  sudoku.model.SudokuBoard - Wartość 0 wstawiona nieprawidłowo
15:53:16.275 [main] INFO  sudoku.model.SudokuBoard - Bład w kwadracie 0
sudoku.model.SudokuBoard@77cddc0c[
  size=9
  solver=sudoku.model.BacktrackingSudokuSolver@671d97bc
  board={{1,9,7,2,5,3,4,6,8},{5,6,8,4,1,7,2,9,3},{2,3,4,6,8,9,1,5,7},{3,8,9,5,4,6,7,1,2},{4,2,1,9,7,8,5,3,6},{6,7,5,1,3,2,8,4,9},{9,1,6,7,2,4,3,8,5},{7,4,3,8,6,1,9,0,0},{0,0,0,0,0,0,0,0,0}}
]
15:53:16.275 [main] INFO  sudoku.model.SudokuBoard - Wartość 0 wstawiona nieprawidłowo
15:53:16.275 [main] INFO  sudoku.model.SudokuBoard - Bład w kwadracie 0
sudoku.model.SudokuBoard@77cddc0c[
  size=9
  solver=sudoku.model.BacktrackingSudokuSolver@671d97bc
  board={{1,9,7,2,5,3,4,6,8},{5,6,8,4,1,7,2,9,3},{2,3,4,6,8,9,1,5,7},{3,8,9,5,4,6,7,1,2},{4,2,1,9,7,8,5,3,6},{6,7,5,1,3,2,8,4,9},{9,1,6,7,2,4,3,8,5},{7,4,3,8,6,1,0,0,0},{0,0,0,0,0,0,0,0,0}}
]
15:53:16.276 [main] INFO  sudoku.model.SudokuBoard - Wartość 0 wstawiona nieprawidłowo
15:53:16.287 [main] INFO  sudoku.model.SudokuBoard - Bład w kwadracie 0
sudoku.model.SudokuBoard@77cddc0c[
  size=9
  solver=sudoku.model.BacktrackingSudokuSolver@671d97bc
  board={{1,9,7,2,5,3,4,6,8},{5,6,8,4,1,7,2,9,3},{2,3,4,6,8,9,1,5,7},{3,8,9,5,4,6,7,1,2},{4,2,1,9,7,8,5,3,6},{6,7,5,1,3,2,8,4,9},{9,1,6,7,2,4,3,8,5},{7,4,3,8,6,0,0,0,0},{0,0,0,0,0,0,0,0,0}}
]
15:53:16.288 [main] INFO  sudoku.model.SudokuBoard - Wartość 0 wstawiona nieprawidłowo
15:53:16.292 [main] INFO  sudoku.model.SudokuBoard - Bład w kwadracie 0
sudoku.model.SudokuBoard@32b46831[
  size=9
  solver=sudoku.model.BacktrackingSudokuSolver@5353dd09
  board={{6,2,4,3,9,7,5,8,1},{7,1,8,4,2,5,3,6,9},{9,5,3,6,1,8,4,7,2},{1,8,9,5,3,6,7,2,4},{2,4,5,9,7,1,6,3,8},{3,6,7,2,8,4,9,1,5},{8,7,2,1,6,0,0,0,0},{0,0,0,0,0,0,0,0,0},{0,0,0,0,0,0,0,0,0}}
]
15:53:16.292 [main] INFO  sudoku.model.SudokuBoard - Wartość 0 wstawiona nieprawidłowo
15:53:16.297 [main] INFO  sudoku.model.SudokuBoard - Bład w kwadracie 0
sudoku.model.SudokuBoard@32b46831[
  size=9
  solver=sudoku.model.BacktrackingSudokuSolver@5353dd09
  board={{6,2,4,3,9,7,5,8,1},{7,1,8,4,2,5,3,6,9},{9,5,3,6,1,8,4,7,2},{1,8,9,5,3,6,7,2,4},{2,4,5,9,7,1,6,3,8},{3,6,7,2,8,4,9,1,5},{8,7,2,1,6,0,0,0,0},{0,0,0,0,0,0,0,0,0},{0,0,0,0,0,0,0,0,0}}
]
15:53:16.297 [main] INFO  sudoku.model.SudokuBoard - Wartość 0 wstawiona nieprawidłowo
15:53:16.300 [main] INFO  sudoku.model.SudokuBoard - Bład w kwadracie 0
sudoku.model.SudokuBoard@32b46831[
  size=9
  solver=sudoku.model.BacktrackingSudokuSolver@5353dd09
  board={{6,2,4,3,9,7,5,8,1},{7,1,8,4,2,5,3,6,9},{9,5,3,6,1,8,4,7,2},{1,8,9,5,3,6,7,2,4},{2,4,5,9,7,1,6,3,8},{3,6,7,2,8,4,9,1,5},{8,7,2,1,0,0,0,0,0},{0,0,0,0,0,0,0,0,0},{0,0,0,0,0,0,0,0,0}}
]
15:53:16.300 [main] INFO  sudoku.model.SudokuBoard - Wartość 0 wstawiona nieprawidłowo
15:53:16.301 [main] INFO  sudoku.model.SudokuBoard - Bład w kwadracie 0
sudoku.model.SudokuBoard@32b46831[
  size=9
  solver=sudoku.model.BacktrackingSudokuSolver@5353dd09
  board={{6,2,4,3,9,7,5,8,1},{7,1,8,4,2,5,3,6,9},{9,5,3,6,1,8,4,7,2},{1,8,9,5,3,6,7,2,4},{2,4,5,9,7,1,6,3,8},{3,6,7,2,8,4,9,1,5},{8,7,2,1,4,0,0,0,0},{0,0,0,0,0,0,0,0,0},{0,0,0,0,0,0,0,0,0}}
]
15:53:16.301 [main] INFO  sudoku.model.SudokuBoard - Wartość 0 wstawiona nieprawidłowo
15:53:16.301 [main] INFO  sudoku.model.SudokuBoard - Bład w kwadracie 0
sudoku.model.SudokuBoard@32b46831[
  size=9
  solver=sudoku.model.BacktrackingSudokuSolver@5353dd09
  board={{6,2,4,3,9,7,5,8,1},{7,1,8,4,2,5,3,6,9},{9,5,3,6,1,8,4,7,2},{1,8,9,5,3,6,7,2,4},{2,4,5,9,7,1,6,3,8},{3,6,7,2,8,4,9,1,5},{8,7,2,1,4,0,0,0,0},{0,0,0,0,0,0,0,0,0},{0,0,0,0,0,0,0,0,0}}
]
15:53:16.302 [main] INFO  sudoku.model.SudokuBoard - Wartość 0 wstawiona nieprawidłowo
15:53:16.303 [main] INFO  sudoku.model.SudokuBoard - Bład w kwadracie 0
sudoku.model.SudokuBoard@32b46831[
  size=9
  solver=sudoku.model.BacktrackingSudokuSolver@5353dd09
  board={{6,2,4,3,9,7,5,8,1},{7,1,8,4,2,5,3,6,9},{9,5,3,6,1,8,4,7,2},{1,8,9,5,3,6,7,2,4},{2,4,5,9,7,1,6,3,8},{3,6,7,2,8,4,9,1,5},{8,7,2,1,0,0,0,0,0},{0,0,0,0,0,0,0,0,0},{0,0,0,0,0,0,0,0,0}}
]
15:53:16.303 [main] INFO  sudoku.model.SudokuBoard - Wartość 0 wstawiona nieprawidłowo
15:53:16.304 [main] INFO  sudoku.model.SudokuBoard - Bład w kwadracie 0
sudoku.model.SudokuBoard@32b46831[
  size=9
  solver=sudoku.model.BacktrackingSudokuSolver@5353dd09
  board={{6,2,4,3,9,7,5,8,1},{7,1,8,4,2,5,3,6,9},{9,5,3,6,1,8,4,7,2},{1,8,9,5,3,6,7,2,4},{2,4,5,9,7,1,6,3,8},{3,6,7,2,8,4,9,1,5},{8,7,2,1,5,0,0,0,0},{0,0,0,0,0,0,0,0,0},{0,0,0,0,0,0,0,0,0}}
]
15:53:16.305 [main] INFO  sudoku.model.SudokuBoard - Wartość 0 wstawiona nieprawidłowo
15:53:16.306 [main] INFO  sudoku.model.SudokuBoard - Bład w kwadracie 0
sudoku.model.SudokuBoard@32b46831[
  size=9
  solver=sudoku.model.BacktrackingSudokuSolver@5353dd09
  board={{6,2,4,3,9,7,5,8,1},{7,1,8,4,2,5,3,6,9},{9,5,3,6,1,8,4,7,2},{1,8,9,5,3,6,7,2,4},{2,4,5,9,7,1,6,3,8},{3,6,7,2,8,4,9,1,5},{8,7,2,1,5,0,0,0,0},{0,0,0,0,0,0,0,0,0},{0,0,0,0,0,0,0,0,0}}
]
15:53:16.306 [main] INFO  sudoku.model.SudokuBoard - Wartość 0 wstawiona nieprawidłowo
15:53:16.306 [main] INFO  sudoku.model.SudokuBoard - Bład w kwadracie 0
sudoku.model.SudokuBoard@32b46831[
  size=9
  solver=sudoku.model.BacktrackingSudokuSolver@5353dd09
  board={{6,2,4,3,9,7,5,8,1},{7,1,8,4,2,5,3,6,9},{9,5,3,6,1,8,4,7,2},{1,8,9,5,3,6,7,2,4},{2,4,5,9,7,1,6,3,8},{3,6,7,2,8,4,9,1,5},{8,7,2,1,0,0,0,0,0},{0,0,0,0,0,0,0,0,0},{0,0,0,0,0,0,0,0,0}}
]
15:53:16.307 [main] INFO  sudoku.model.SudokuBoard - Wartość 0 wstawiona nieprawidłowo
15:53:16.307 [main] INFO  sudoku.model.SudokuBoard - Bład w kwadracie 0
sudoku.model.SudokuBoard@32b46831[
  size=9
  solver=sudoku.model.BacktrackingSudokuSolver@5353dd09
  board={{6,2,4,3,9,7,5,8,1},{7,1,8,4,2,5,3,6,9},{9,5,3,6,1,8,4,7,2},{1,8,9,5,3,6,7,2,4},{2,4,5,9,7,1,6,3,8},{3,6,7,2,8,4,9,1,5},{8,7,2,0,0,0,0,0,0},{0,0,0,0,0,0,0,0,0},{0,0,0,0,0,0,0,0,0}}
]
15:53:16.308 [main] INFO  sudoku.model.SudokuBoard - Wartość 0 wstawiona nieprawidłowo
15:53:16.308 [main] INFO  sudoku.model.SudokuBoard - Bład w kwadracie 0
sudoku.model.SudokuBoard@32b46831[
  size=9
  solver=sudoku.model.BacktrackingSudokuSolver@5353dd09
  board={{6,2,4,3,9,7,5,8,1},{7,1,8,4,2,5,3,6,9},{9,5,3,6,1,8,4,7,2},{1,8,9,5,3,6,7,2,4},{2,4,5,9,7,1,6,3,8},{3,6,7,2,8,4,9,1,5},{8,7,0,0,0,0,0,0,0},{0,0,0,0,0,0,0,0,0},{0,0,0,0,0,0,0,0,0}}
]
15:53:16.308 [main] INFO  sudoku.model.SudokuBoard - Wartość 0 wstawiona nieprawidłowo
15:53:16.308 [main] INFO  sudoku.model.SudokuBoard - Bład w kwadracie 0
sudoku.model.SudokuBoard@32b46831[
  size=9
  solver=sudoku.model.BacktrackingSudokuSolver@5353dd09
  board={{6,2,4,3,9,7,5,8,1},{7,1,8,4,2,5,3,6,9},{9,5,3,6,1,8,4,7,2},{1,8,9,5,3,6,7,2,4},{2,4,5,9,7,1,6,3,8},{3,6,7,2,8,4,9,1,5},{8,7,6,1,4,9,2,5,3},{4,9,1,7,5,2,0,0,0},{0,0,0,0,0,0,0,0,0}}
]
15:53:16.309 [main] INFO  sudoku.model.SudokuBoard - Wartość 0 wstawiona nieprawidłowo
15:53:16.309 [main] INFO  sudoku.model.SudokuBoard - Bład w kwadracie 0
sudoku.model.SudokuBoard@32b46831[
  size=9
  solver=sudoku.model.BacktrackingSudokuSolver@5353dd09
  board={{6,2,4,3,9,7,5,8,1},{7,1,8,4,2,5,3,6,9},{9,5,3,6,1,8,4,7,2},{1,8,9,5,3,6,7,2,4},{2,4,5,9,7,1,6,3,8},{3,6,7,2,8,4,9,1,5},{8,7,6,1,4,9,2,5,3},{4,9,1,7,5,0,0,0,0},{0,0,0,0,0,0,0,0,0}}
]
15:53:16.310 [main] INFO  sudoku.model.SudokuBoard - Wartość 0 wstawiona nieprawidłowo
15:53:16.310 [main] INFO  sudoku.model.SudokuBoard - Bład w kwadracie 0
sudoku.model.SudokuBoard@32b46831[
  size=9
  solver=sudoku.model.BacktrackingSudokuSolver@5353dd09
  board={{6,2,4,3,9,7,5,8,1},{7,1,8,4,2,5,3,6,9},{9,5,3,6,1,8,4,7,2},{1,8,9,5,3,6,7,2,4},{2,4,5,9,7,1,6,3,8},{3,6,7,2,8,4,9,1,5},{8,7,6,1,4,9,2,5,3},{4,9,1,7,5,3,0,0,0},{0,0,0,0,0,0,0,0,0}}
]
15:53:16.310 [main] INFO  sudoku.model.SudokuBoard - Wartość 0 wstawiona nieprawidłowo
15:53:16.312 [main] INFO  sudoku.model.SudokuBoard - Bład w kwadracie 0
sudoku.model.SudokuBoard@32b46831[
  size=9
  solver=sudoku.model.BacktrackingSudokuSolver@5353dd09
  board={{6,2,4,3,9,7,5,8,1},{7,1,8,4,2,5,3,6,9},{9,5,3,6,1,8,4,7,2},{1,8,9,5,3,6,7,2,4},{2,4,5,9,7,1,6,3,8},{3,6,7,2,8,4,9,1,5},{8,7,6,1,4,9,2,5,3},{4,9,1,7,5,0,0,0,0},{0,0,0,0,0,0,0,0,0}}
]
15:53:16.312 [main] INFO  sudoku.model.SudokuBoard - Wartość 0 wstawiona nieprawidłowo
15:53:16.312 [main] INFO  sudoku.model.SudokuBoard - Bład w kwadracie 0
sudoku.model.SudokuBoard@32b46831[
  size=9
  solver=sudoku.model.BacktrackingSudokuSolver@5353dd09
  board={{6,2,4,3,9,7,5,8,1},{7,1,8,4,2,5,3,6,9},{9,5,3,6,1,8,4,7,2},{1,8,9,5,3,6,7,2,4},{2,4,5,9,7,1,6,3,8},{3,6,7,2,8,4,9,1,5},{8,7,6,1,4,9,2,5,3},{4,9,1,7,0,0,0,0,0},{0,0,0,0,0,0,0,0,0}}
]
15:53:16.313 [main] INFO  sudoku.model.SudokuBoard - Wartość 0 wstawiona nieprawidłowo
15:53:16.313 [main] INFO  sudoku.model.SudokuBoard - Bład w kwadracie 0
sudoku.model.SudokuBoard@32b46831[
  size=9
  solver=sudoku.model.BacktrackingSudokuSolver@5353dd09
  board={{6,2,4,3,9,7,5,8,1},{7,1,8,4,2,5,3,6,9},{9,5,3,6,1,8,4,7,2},{1,8,9,5,3,6,7,2,4},{2,4,5,9,7,1,6,3,8},{3,6,7,2,8,4,9,1,5},{8,7,6,1,4,9,2,5,3},{4,9,1,7,6,2,0,0,0},{0,0,0,0,0,0,0,0,0}}
]
15:53:16.314 [main] INFO  sudoku.model.SudokuBoard - Wartość 0 wstawiona nieprawidłowo
15:53:16.314 [main] INFO  sudoku.model.SudokuBoard - Bład w kwadracie 0
sudoku.model.SudokuBoard@32b46831[
  size=9
  solver=sudoku.model.BacktrackingSudokuSolver@5353dd09
  board={{6,2,4,3,9,7,5,8,1},{7,1,8,4,2,5,3,6,9},{9,5,3,6,1,8,4,7,2},{1,8,9,5,3,6,7,2,4},{2,4,5,9,7,1,6,3,8},{3,6,7,2,8,4,9,1,5},{8,7,6,1,4,9,2,5,3},{4,9,1,7,6,0,0,0,0},{0,0,0,0,0,0,0,0,0}}
]
15:53:16.315 [main] INFO  sudoku.model.SudokuBoard - Wartość 0 wstawiona nieprawidłowo
15:53:16.317 [main] INFO  sudoku.model.SudokuBoard - Bład w kwadracie 0
sudoku.model.SudokuBoard@32b46831[
  size=9
  solver=sudoku.model.BacktrackingSudokuSolver@5353dd09
  board={{6,2,4,3,9,7,5,8,1},{7,1,8,4,2,5,3,6,9},{9,5,3,6,1,8,4,7,2},{1,8,9,5,3,6,7,2,4},{2,4,5,9,7,1,6,3,8},{3,6,7,2,8,4,9,1,5},{8,7,6,1,4,9,2,5,3},{4,9,1,7,6,3,0,0,0},{0,0,0,0,0,0,0,0,0}}
]
15:53:16.317 [main] INFO  sudoku.model.SudokuBoard - Wartość 0 wstawiona nieprawidłowo
15:53:16.318 [main] INFO  sudoku.model.SudokuBoard - Bład w kwadracie 0
sudoku.model.SudokuBoard@32b46831[
  size=9
  solver=sudoku.model.BacktrackingSudokuSolver@5353dd09
  board={{6,2,4,3,9,7,5,8,1},{7,1,8,4,2,5,3,6,9},{9,5,3,6,1,8,4,7,2},{1,8,9,5,3,6,7,2,4},{2,4,5,9,7,1,6,3,8},{3,6,7,2,8,4,9,1,5},{8,7,6,1,4,9,2,5,3},{4,9,1,7,6,0,0,0,0},{0,0,0,0,0,0,0,0,0}}
]
15:53:16.319 [main] INFO  sudoku.model.SudokuBoard - Wartość 0 wstawiona nieprawidłowo
15:53:16.321 [main] INFO  sudoku.model.SudokuBoard - Bład w kwadracie 0
sudoku.model.SudokuBoard@32b46831[
  size=9
  solver=sudoku.model.BacktrackingSudokuSolver@5353dd09
  board={{6,2,4,3,9,7,5,8,1},{7,1,8,4,2,5,3,6,9},{9,5,3,6,1,8,4,7,2},{1,8,9,5,3,6,7,2,4},{2,4,5,9,7,1,6,3,8},{3,6,7,2,8,4,9,1,5},{8,7,6,1,4,9,2,5,3},{4,9,1,7,0,0,0,0,0},{0,0,0,0,0,0,0,0,0}}
]
15:53:16.322 [main] INFO  sudoku.model.SudokuBoard - Wartość 0 wstawiona nieprawidłowo
15:53:16.322 [main] INFO  sudoku.model.SudokuBoard - Bład w kwadracie 0
sudoku.model.SudokuBoard@32b46831[
  size=9
  solver=sudoku.model.BacktrackingSudokuSolver@5353dd09
  board={{6,2,4,3,9,7,5,8,1},{7,1,8,4,2,5,3,6,9},{9,5,3,6,1,8,4,7,2},{1,8,9,5,3,6,7,2,4},{2,4,5,9,7,1,6,3,8},{3,6,7,2,8,4,9,1,5},{8,7,6,1,4,9,2,5,3},{4,9,1,0,0,0,0,0,0},{0,0,0,0,0,0,0,0,0}}
]
15:53:16.324 [main] INFO  sudoku.model.SudokuBoard - Wartość 0 wstawiona nieprawidłowo
15:53:16.324 [main] INFO  sudoku.model.SudokuBoard - Bład w kwadracie 0
sudoku.model.SudokuBoard@32b46831[
  size=9
  solver=sudoku.model.BacktrackingSudokuSolver@5353dd09
  board={{6,2,4,3,9,7,5,8,1},{7,1,8,4,2,5,3,6,9},{9,5,3,6,1,8,4,7,2},{1,8,9,5,3,6,7,2,4},{2,4,5,9,7,1,6,3,8},{3,6,7,2,8,4,9,1,5},{8,7,6,1,4,9,2,5,3},{4,9,1,8,5,0,0,0,0},{0,0,0,0,0,0,0,0,0}}
]
15:53:16.324 [main] INFO  sudoku.model.SudokuBoard - Wartość 0 wstawiona nieprawidłowo
15:53:16.325 [main] INFO  sudoku.model.SudokuBoard - Bład w kwadracie 0
sudoku.model.SudokuBoard@32b46831[
  size=9
  solver=sudoku.model.BacktrackingSudokuSolver@5353dd09
  board={{6,2,4,3,9,7,5,8,1},{7,1,8,4,2,5,3,6,9},{9,5,3,6,1,8,4,7,2},{1,8,9,5,3,6,7,2,4},{2,4,5,9,7,1,6,3,8},{3,6,7,2,8,4,9,1,5},{8,7,6,1,4,9,2,5,3},{4,9,1,8,5,0,0,0,0},{0,0,0,0,0,0,0,0,0}}
]
15:53:16.325 [main] INFO  sudoku.model.SudokuBoard - Wartość 0 wstawiona nieprawidłowo
15:53:16.326 [main] INFO  sudoku.model.SudokuBoard - Bład w kwadracie 0
sudoku.model.SudokuBoard@32b46831[
  size=9
  solver=sudoku.model.BacktrackingSudokuSolver@5353dd09
  board={{6,2,4,3,9,7,5,8,1},{7,1,8,4,2,5,3,6,9},{9,5,3,6,1,8,4,7,2},{1,8,9,5,3,6,7,2,4},{2,4,5,9,7,1,6,3,8},{3,6,7,2,8,4,9,1,5},{8,7,6,1,4,9,2,5,3},{4,9,1,8,0,0,0,0,0},{0,0,0,0,0,0,0,0,0}}
]
15:53:16.326 [main] INFO  sudoku.model.SudokuBoard - Wartość 0 wstawiona nieprawidłowo
15:53:16.326 [main] INFO  sudoku.model.SudokuBoard - Bład w kwadracie 0
sudoku.model.SudokuBoard@32b46831[
  size=9
  solver=sudoku.model.BacktrackingSudokuSolver@5353dd09
  board={{6,2,4,3,9,7,5,8,1},{7,1,8,4,2,5,3,6,9},{9,5,3,6,1,8,4,7,2},{1,8,9,5,3,6,7,2,4},{2,4,5,9,7,1,6,3,8},{3,6,7,2,8,4,9,1,5},{8,7,6,1,4,9,2,5,3},{4,9,1,8,6,0,0,0,0},{0,0,0,0,0,0,0,0,0}}
]
15:53:16.326 [main] INFO  sudoku.model.SudokuBoard - Wartość 0 wstawiona nieprawidłowo
15:53:16.327 [main] INFO  sudoku.model.SudokuBoard - Bład w kwadracie 0
sudoku.model.SudokuBoard@32b46831[
  size=9
  solver=sudoku.model.BacktrackingSudokuSolver@5353dd09
  board={{6,2,4,3,9,7,5,8,1},{7,1,8,4,2,5,3,6,9},{9,5,3,6,1,8,4,7,2},{1,8,9,5,3,6,7,2,4},{2,4,5,9,7,1,6,3,8},{3,6,7,2,8,4,9,1,5},{8,7,6,1,4,9,2,5,3},{4,9,1,8,6,0,0,0,0},{0,0,0,0,0,0,0,0,0}}
]
15:53:16.327 [main] INFO  sudoku.model.SudokuBoard - Wartość 0 wstawiona nieprawidłowo
15:53:16.328 [main] INFO  sudoku.model.SudokuBoard - Bład w kwadracie 0
sudoku.model.SudokuBoard@32b46831[
  size=9
  solver=sudoku.model.BacktrackingSudokuSolver@5353dd09
  board={{6,2,4,3,9,7,5,8,1},{7,1,8,4,2,5,3,6,9},{9,5,3,6,1,8,4,7,2},{1,8,9,5,3,6,7,2,4},{2,4,5,9,7,1,6,3,8},{3,6,7,2,8,4,9,1,5},{8,7,6,1,4,9,2,5,3},{4,9,1,8,0,0,0,0,0},{0,0,0,0,0,0,0,0,0}}
]
15:53:16.328 [main] INFO  sudoku.model.SudokuBoard - Wartość 0 wstawiona nieprawidłowo
15:53:16.329 [main] INFO  sudoku.model.SudokuBoard - Bład w kwadracie 0
sudoku.model.SudokuBoard@32b46831[
  size=9
  solver=sudoku.model.BacktrackingSudokuSolver@5353dd09
  board={{6,2,4,3,9,7,5,8,1},{7,1,8,4,2,5,3,6,9},{9,5,3,6,1,8,4,7,2},{1,8,9,5,3,6,7,2,4},{2,4,5,9,7,1,6,3,8},{3,6,7,2,8,4,9,1,5},{8,7,6,1,4,9,2,5,3},{4,9,1,0,0,0,0,0,0},{0,0,0,0,0,0,0,0,0}}
]
15:53:16.329 [main] INFO  sudoku.model.SudokuBoard - Wartość 0 wstawiona nieprawidłowo
15:53:16.330 [main] INFO  sudoku.model.SudokuBoard - Bład w kwadracie 0
sudoku.model.SudokuBoard@32b46831[
  size=9
  solver=sudoku.model.BacktrackingSudokuSolver@5353dd09
  board={{6,2,4,3,9,7,5,8,1},{7,1,8,4,2,5,3,6,9},{9,5,3,6,1,8,4,7,2},{1,8,9,5,3,6,7,2,4},{2,4,5,9,7,1,6,3,8},{3,6,7,2,8,4,9,1,5},{8,7,6,1,4,9,2,5,3},{4,9,0,0,0,0,0,0,0},{0,0,0,0,0,0,0,0,0}}
]
15:53:16.330 [main] INFO  sudoku.model.SudokuBoard - Wartość 0 wstawiona nieprawidłowo
15:53:16.331 [main] INFO  sudoku.model.SudokuBoard - Bład w kwadracie 0
sudoku.model.SudokuBoard@32b46831[
  size=9
  solver=sudoku.model.BacktrackingSudokuSolver@5353dd09
  board={{6,2,4,3,9,7,5,8,1},{7,1,8,4,2,5,3,6,9},{9,5,3,6,1,8,4,7,2},{1,8,9,5,3,6,7,2,4},{2,4,5,9,7,1,6,3,8},{3,6,7,2,8,4,9,1,5},{8,7,6,1,4,9,2,5,3},{4,9,2,7,5,3,0,0,0},{0,0,0,0,0,0,0,0,0}}
]
15:53:16.332 [main] INFO  sudoku.model.SudokuBoard - Wartość 0 wstawiona nieprawidłowo
15:53:16.333 [main] INFO  sudoku.model.SudokuBoard - Bład w kwadracie 0
sudoku.model.SudokuBoard@32b46831[
  size=9
  solver=sudoku.model.BacktrackingSudokuSolver@5353dd09
  board={{6,2,4,3,9,7,5,8,1},{7,1,8,4,2,5,3,6,9},{9,5,3,6,1,8,4,7,2},{1,8,9,5,3,6,7,2,4},{2,4,5,9,7,1,6,3,8},{3,6,7,2,8,4,9,1,5},{8,7,6,1,4,9,2,5,3},{4,9,2,7,5,3,0,0,0},{0,0,0,0,0,0,0,0,0}}
]
15:53:16.333 [main] INFO  sudoku.model.SudokuBoard - Wartość 0 wstawiona nieprawidłowo
15:53:16.334 [main] INFO  sudoku.model.SudokuBoard - Bład w kwadracie 0
sudoku.model.SudokuBoard@32b46831[
  size=9
  solver=sudoku.model.BacktrackingSudokuSolver@5353dd09
  board={{6,2,4,3,9,7,5,8,1},{7,1,8,4,2,5,3,6,9},{9,5,3,6,1,8,4,7,2},{1,8,9,5,3,6,7,2,4},{2,4,5,9,7,1,6,3,8},{3,6,7,2,8,4,9,1,5},{8,7,6,1,4,9,2,5,3},{4,9,2,7,5,0,0,0,0},{0,0,0,0,0,0,0,0,0}}
]
15:53:16.343 [main] INFO  sudoku.model.SudokuBoard - Wartość 0 wstawiona nieprawidłowo
15:53:16.345 [main] INFO  sudoku.model.SudokuBoard - Bład w kwadracie 0
sudoku.model.SudokuBoard@32b46831[
  size=9
  solver=sudoku.model.BacktrackingSudokuSolver@5353dd09
  board={{6,2,4,3,9,7,5,8,1},{7,1,8,4,2,5,3,6,9},{9,5,3,6,1,8,4,7,2},{1,8,9,5,3,6,7,2,4},{2,4,5,9,7,1,6,3,8},{3,6,7,2,8,4,9,1,5},{8,7,6,1,4,9,2,5,3},{4,9,2,7,0,0,0,0,0},{0,0,0,0,0,0,0,0,0}}
]
15:53:16.345 [main] INFO  sudoku.model.SudokuBoard - Wartość 0 wstawiona nieprawidłowo
15:53:16.348 [main] INFO  sudoku.model.SudokuBoard - Bład w kwadracie 0
sudoku.model.SudokuBoard@32b46831[
  size=9
  solver=sudoku.model.BacktrackingSudokuSolver@5353dd09
  board={{6,2,4,3,9,7,5,8,1},{7,1,8,4,2,5,3,6,9},{9,5,3,6,1,8,4,7,2},{1,8,9,5,3,6,7,2,4},{2,4,5,9,7,1,6,3,8},{3,6,7,2,8,4,9,1,5},{8,7,6,1,4,9,2,5,3},{4,9,2,7,6,3,0,0,0},{0,0,0,0,0,0,0,0,0}}
]
15:53:16.348 [main] INFO  sudoku.model.SudokuBoard - Wartość 0 wstawiona nieprawidłowo
15:53:16.349 [main] INFO  sudoku.model.SudokuBoard - Bład w kwadracie 0
sudoku.model.SudokuBoard@32b46831[
  size=9
  solver=sudoku.model.BacktrackingSudokuSolver@5353dd09
  board={{6,2,4,3,9,7,5,8,1},{7,1,8,4,2,5,3,6,9},{9,5,3,6,1,8,4,7,2},{1,8,9,5,3,6,7,2,4},{2,4,5,9,7,1,6,3,8},{3,6,7,2,8,4,9,1,5},{8,7,6,1,4,9,2,5,3},{4,9,2,7,6,3,0,0,0},{0,0,0,0,0,0,0,0,0}}
]
15:53:16.349 [main] INFO  sudoku.model.SudokuBoard - Wartość 0 wstawiona nieprawidłowo
15:53:16.349 [main] INFO  sudoku.model.SudokuBoard - Bład w kwadracie 0
sudoku.model.SudokuBoard@32b46831[
  size=9
  solver=sudoku.model.BacktrackingSudokuSolver@5353dd09
  board={{6,2,4,3,9,7,5,8,1},{7,1,8,4,2,5,3,6,9},{9,5,3,6,1,8,4,7,2},{1,8,9,5,3,6,7,2,4},{2,4,5,9,7,1,6,3,8},{3,6,7,2,8,4,9,1,5},{8,7,6,1,4,9,2,5,3},{4,9,2,7,6,0,0,0,0},{0,0,0,0,0,0,0,0,0}}
]
15:53:16.349 [main] INFO  sudoku.model.SudokuBoard - Wartość 0 wstawiona nieprawidłowo
15:53:16.350 [main] INFO  sudoku.model.SudokuBoard - Bład w kwadracie 0
sudoku.model.SudokuBoard@32b46831[
  size=9
  solver=sudoku.model.BacktrackingSudokuSolver@5353dd09
  board={{6,2,4,3,9,7,5,8,1},{7,1,8,4,2,5,3,6,9},{9,5,3,6,1,8,4,7,2},{1,8,9,5,3,6,7,2,4},{2,4,5,9,7,1,6,3,8},{3,6,7,2,8,4,9,1,5},{8,7,6,1,4,9,2,5,3},{4,9,2,7,0,0,0,0,0},{0,0,0,0,0,0,0,0,0}}
]
15:53:16.350 [main] INFO  sudoku.model.SudokuBoard - Wartość 0 wstawiona nieprawidłowo
15:53:16.350 [main] INFO  sudoku.model.SudokuBoard - Bład w kwadracie 0
sudoku.model.SudokuBoard@32b46831[
  size=9
  solver=sudoku.model.BacktrackingSudokuSolver@5353dd09
  board={{6,2,4,3,9,7,5,8,1},{7,1,8,4,2,5,3,6,9},{9,5,3,6,1,8,4,7,2},{1,8,9,5,3,6,7,2,4},{2,4,5,9,7,1,6,3,8},{3,6,7,2,8,4,9,1,5},{8,7,6,1,4,9,2,5,3},{4,9,2,0,0,0,0,0,0},{0,0,0,0,0,0,0,0,0}}
]
15:53:16.350 [main] INFO  sudoku.model.SudokuBoard - Wartość 0 wstawiona nieprawidłowo
15:53:16.351 [main] INFO  sudoku.model.SudokuBoard - Bład w kwadracie 0
sudoku.model.SudokuBoard@32b46831[
  size=9
  solver=sudoku.model.BacktrackingSudokuSolver@5353dd09
  board={{6,2,4,3,9,7,5,8,1},{7,1,8,4,2,5,3,6,9},{9,5,3,6,1,8,4,7,2},{1,8,9,5,3,6,7,2,4},{2,4,5,9,7,1,6,3,8},{3,6,7,2,8,4,9,1,5},{8,7,6,1,4,9,2,5,3},{4,9,2,8,5,3,0,0,0},{0,0,0,0,0,0,0,0,0}}
]
15:53:16.351 [main] INFO  sudoku.model.SudokuBoard - Wartość 0 wstawiona nieprawidłowo
15:53:16.351 [main] INFO  sudoku.model.SudokuBoard - Bład w kwadracie 0
sudoku.model.SudokuBoard@32b46831[
  size=9
  solver=sudoku.model.BacktrackingSudokuSolver@5353dd09
  board={{6,2,4,3,9,7,5,8,1},{7,1,8,4,2,5,3,6,9},{9,5,3,6,1,8,4,7,2},{1,8,9,5,3,6,7,2,4},{2,4,5,9,7,1,6,3,8},{3,6,7,2,8,4,9,1,5},{8,7,6,1,4,9,2,5,3},{4,9,2,8,5,0,0,0,0},{0,0,0,0,0,0,0,0,0}}
]
15:53:16.351 [main] INFO  sudoku.model.SudokuBoard - Wartość 0 wstawiona nieprawidłowo
15:53:16.351 [main] INFO  sudoku.model.SudokuBoard - Bład w kwadracie 0
sudoku.model.SudokuBoard@32b46831[
  size=9
  solver=sudoku.model.BacktrackingSudokuSolver@5353dd09
  board={{6,2,4,3,9,7,5,8,1},{7,1,8,4,2,5,3,6,9},{9,5,3,6,1,8,4,7,2},{1,8,9,5,3,6,7,2,4},{2,4,5,9,7,1,6,3,8},{3,6,7,2,8,4,9,1,5},{8,7,6,1,4,9,2,5,3},{4,9,2,8,0,0,0,0,0},{0,0,0,0,0,0,0,0,0}}
]
15:53:16.351 [main] INFO  sudoku.model.SudokuBoard - Wartość 0 wstawiona nieprawidłowo
15:53:16.352 [main] INFO  sudoku.model.SudokuBoard - Bład w kwadracie 0
sudoku.model.SudokuBoard@32b46831[
  size=9
  solver=sudoku.model.BacktrackingSudokuSolver@5353dd09
  board={{6,2,4,3,9,7,5,8,1},{7,1,8,4,2,5,3,6,9},{9,5,3,6,1,8,4,7,2},{1,8,9,5,3,6,7,2,4},{2,4,5,9,7,1,6,3,8},{3,6,7,2,8,4,9,1,5},{8,7,6,1,4,9,2,5,3},{4,9,2,8,6,3,0,0,0},{0,0,0,0,0,0,0,0,0}}
]
15:53:16.352 [main] INFO  sudoku.model.SudokuBoard - Wartość 0 wstawiona nieprawidłowo
15:53:16.352 [main] INFO  sudoku.model.SudokuBoard - Bład w kwadracie 0
sudoku.model.SudokuBoard@32b46831[
  size=9
  solver=sudoku.model.BacktrackingSudokuSolver@5353dd09
  board={{6,2,4,3,9,7,5,8,1},{7,1,8,4,2,5,3,6,9},{9,5,3,6,1,8,4,7,2},{1,8,9,5,3,6,7,2,4},{2,4,5,9,7,1,6,3,8},{3,6,7,2,8,4,9,1,5},{8,7,6,1,4,9,2,5,3},{4,9,2,8,6,0,0,0,0},{0,0,0,0,0,0,0,0,0}}
]
15:53:16.352 [main] INFO  sudoku.model.SudokuBoard - Wartość 0 wstawiona nieprawidłowo
15:53:16.352 [main] INFO  sudoku.model.SudokuBoard - Bład w kwadracie 0
sudoku.model.SudokuBoard@32b46831[
  size=9
  solver=sudoku.model.BacktrackingSudokuSolver@5353dd09
  board={{6,2,4,3,9,7,5,8,1},{7,1,8,4,2,5,3,6,9},{9,5,3,6,1,8,4,7,2},{1,8,9,5,3,6,7,2,4},{2,4,5,9,7,1,6,3,8},{3,6,7,2,8,4,9,1,5},{8,7,6,1,4,9,2,5,3},{4,9,2,8,0,0,0,0,0},{0,0,0,0,0,0,0,0,0}}
]
15:53:16.352 [main] INFO  sudoku.model.SudokuBoard - Wartość 0 wstawiona nieprawidłowo
15:53:16.353 [main] INFO  sudoku.model.SudokuBoard - Bład w kwadracie 0
sudoku.model.SudokuBoard@32b46831[
  size=9
  solver=sudoku.model.BacktrackingSudokuSolver@5353dd09
  board={{6,2,4,3,9,7,5,8,1},{7,1,8,4,2,5,3,6,9},{9,5,3,6,1,8,4,7,2},{1,8,9,5,3,6,7,2,4},{2,4,5,9,7,1,6,3,8},{3,6,7,2,8,4,9,1,5},{8,7,6,1,4,9,2,5,3},{4,9,2,0,0,0,0,0,0},{0,0,0,0,0,0,0,0,0}}
]
15:53:16.353 [main] INFO  sudoku.model.SudokuBoard - Wartość 0 wstawiona nieprawidłowo
15:53:16.353 [main] INFO  sudoku.model.SudokuBoard - Bład w kwadracie 0
sudoku.model.SudokuBoard@32b46831[
  size=9
  solver=sudoku.model.BacktrackingSudokuSolver@5353dd09
  board={{6,2,4,3,9,7,5,8,1},{7,1,8,4,2,5,3,6,9},{9,5,3,6,1,8,4,7,2},{1,8,9,5,3,6,7,2,4},{2,4,5,9,7,1,6,3,8},{3,6,7,2,8,4,9,1,5},{8,7,6,1,4,9,2,5,3},{4,9,0,0,0,0,0,0,0},{0,0,0,0,0,0,0,0,0}}
]
15:53:16.353 [main] INFO  sudoku.model.SudokuBoard - Wartość 0 wstawiona nieprawidłowo
15:53:16.353 [main] INFO  sudoku.model.SudokuBoard - Bład w kwadracie 0
sudoku.model.SudokuBoard@32b46831[
  size=9
  solver=sudoku.model.BacktrackingSudokuSolver@5353dd09
  board={{6,2,4,3,9,7,5,8,1},{7,1,8,4,2,5,3,6,9},{9,5,3,6,1,8,4,7,2},{1,8,9,5,3,6,7,2,4},{2,4,5,9,7,1,6,3,8},{3,6,7,2,8,4,9,1,5},{8,7,6,1,4,9,2,5,3},{4,0,0,0,0,0,0,0,0},{0,0,0,0,0,0,0,0,0}}
]
15:53:16.354 [main] INFO  sudoku.model.SudokuBoard - Wartość 0 wstawiona nieprawidłowo
15:53:16.354 [main] INFO  sudoku.model.SudokuBoard - Bład w kwadracie 0
sudoku.model.SudokuBoard@32b46831[
  size=9
  solver=sudoku.model.BacktrackingSudokuSolver@5353dd09
  board={{6,2,4,3,9,7,5,8,1},{7,1,8,4,2,5,3,6,9},{9,5,3,6,1,8,4,7,2},{1,8,9,5,3,6,7,2,4},{2,4,5,9,7,1,6,3,8},{3,6,7,2,8,4,9,1,5},{8,7,6,1,4,9,2,5,3},{4,3,1,8,5,0,0,0,0},{0,0,0,0,0,0,0,0,0}}
]
15:53:16.354 [main] INFO  sudoku.model.SudokuBoard - Wartość 0 wstawiona nieprawidłowo
15:53:16.354 [main] INFO  sudoku.model.SudokuBoard - Bład w kwadracie 0
sudoku.model.SudokuBoard@32b46831[
  size=9
  solver=sudoku.model.BacktrackingSudokuSolver@5353dd09
  board={{6,2,4,3,9,7,5,8,1},{7,1,8,4,2,5,3,6,9},{9,5,3,6,1,8,4,7,2},{1,8,9,5,3,6,7,2,4},{2,4,5,9,7,1,6,3,8},{3,6,7,2,8,4,9,1,5},{8,7,6,1,4,9,2,5,3},{4,3,1,8,0,0,0,0,0},{0,0,0,0,0,0,0,0,0}}
]
15:53:16.354 [main] INFO  sudoku.model.SudokuBoard - Wartość 0 wstawiona nieprawidłowo
15:53:16.355 [main] INFO  sudoku.model.SudokuBoard - Bład w kwadracie 0
sudoku.model.SudokuBoard@32b46831[
  size=9
  solver=sudoku.model.BacktrackingSudokuSolver@5353dd09
  board={{6,2,4,3,9,7,5,8,1},{7,1,8,4,2,5,3,6,9},{9,5,3,6,1,8,4,7,2},{1,8,9,5,3,6,7,2,4},{2,4,5,9,7,1,6,3,8},{3,6,7,2,8,4,9,1,5},{8,7,6,1,4,9,2,5,3},{4,3,1,8,6,0,0,0,0},{0,0,0,0,0,0,0,0,0}}
]
15:53:16.356 [main] INFO  sudoku.model.SudokuBoard - Wartość 0 wstawiona nieprawidłowo
15:53:16.356 [main] INFO  sudoku.model.SudokuBoard - Bład w kwadracie 0
sudoku.model.SudokuBoard@32b46831[
  size=9
  solver=sudoku.model.BacktrackingSudokuSolver@5353dd09
  board={{6,2,4,3,9,7,5,8,1},{7,1,8,4,2,5,3,6,9},{9,5,3,6,1,8,4,7,2},{1,8,9,5,3,6,7,2,4},{2,4,5,9,7,1,6,3,8},{3,6,7,2,8,4,9,1,5},{8,7,6,1,4,9,2,5,3},{4,3,1,8,0,0,0,0,0},{0,0,0,0,0,0,0,0,0}}
]
15:53:16.356 [main] INFO  sudoku.model.SudokuBoard - Wartość 0 wstawiona nieprawidłowo
15:53:16.356 [main] INFO  sudoku.model.SudokuBoard - Bład w kwadracie 0
sudoku.model.SudokuBoard@32b46831[
  size=9
  solver=sudoku.model.BacktrackingSudokuSolver@5353dd09
  board={{6,2,4,3,9,7,5,8,1},{7,1,8,4,2,5,3,6,9},{9,5,3,6,1,8,4,7,2},{1,8,9,5,3,6,7,2,4},{2,4,5,9,7,1,6,3,8},{3,6,7,2,8,4,9,1,5},{8,7,6,1,4,9,2,5,3},{4,3,1,0,0,0,0,0,0},{0,0,0,0,0,0,0,0,0}}
]
15:53:16.361 [main] INFO  sudoku.model.SudokuBoard - Wartość 0 wstawiona nieprawidłowo
15:53:16.362 [main] INFO  sudoku.model.SudokuBoard - Bład w kwadracie 0
sudoku.model.SudokuBoard@32b46831[
  size=9
  solver=sudoku.model.BacktrackingSudokuSolver@5353dd09
  board={{6,2,4,3,9,7,5,8,1},{7,1,8,4,2,5,3,6,9},{9,5,3,6,1,8,4,7,2},{1,8,9,5,3,6,7,2,4},{2,4,5,9,7,1,6,3,8},{3,6,7,2,8,4,9,1,5},{8,7,6,1,4,9,2,5,3},{4,3,1,7,6,2,8,0,0},{0,0,0,0,0,0,0,0,0}}
]
15:53:16.362 [main] INFO  sudoku.model.SudokuBoard - Wartość 0 wstawiona nieprawidłowo
15:53:16.362 [main] INFO  sudoku.model.SudokuBoard - Bład w kwadracie 0
sudoku.model.SudokuBoard@32b46831[
  size=9
  solver=sudoku.model.BacktrackingSudokuSolver@5353dd09
  board={{6,2,4,3,9,7,5,8,1},{7,1,8,4,2,5,3,6,9},{9,5,3,6,1,8,4,7,2},{1,8,9,5,3,6,7,2,4},{2,4,5,9,7,1,6,3,8},{3,6,7,2,8,4,9,1,5},{8,7,6,1,4,9,2,5,3},{4,3,1,7,6,2,0,0,0},{0,0,0,0,0,0,0,0,0}}
]
15:53:16.362 [main] INFO  sudoku.model.SudokuBoard - Wartość 0 wstawiona nieprawidłowo
15:53:16.362 [main] INFO  sudoku.model.SudokuBoard - Bład w kwadracie 0
sudoku.model.SudokuBoard@32b46831[
  size=9
  solver=sudoku.model.BacktrackingSudokuSolver@5353dd09
  board={{6,2,4,3,9,7,5,8,1},{7,1,8,4,2,5,3,6,9},{9,5,3,6,1,8,4,7,2},{1,8,9,5,3,6,7,2,4},{2,4,5,9,7,1,6,3,8},{3,6,7,2,8,4,9,1,5},{8,7,6,1,4,9,2,5,3},{4,3,1,7,6,0,0,0,0},{0,0,0,0,0,0,0,0,0}}
]
15:53:16.362 [main] INFO  sudoku.model.SudokuBoard - Wartość 0 wstawiona nieprawidłowo
15:53:16.363 [main] INFO  sudoku.model.SudokuBoard - Bład w kwadracie 0
sudoku.model.SudokuBoard@32b46831[
  size=9
  solver=sudoku.model.BacktrackingSudokuSolver@5353dd09
  board={{6,2,4,3,9,7,5,8,1},{7,1,8,4,2,5,3,6,9},{9,5,3,6,1,8,4,7,2},{1,8,9,5,3,6,7,2,4},{2,4,5,9,7,1,6,3,8},{3,6,7,2,8,4,9,1,5},{8,7,6,1,4,9,2,5,3},{4,3,1,7,0,0,0,0,0},{0,0,0,0,0,0,0,0,0}}
]
15:53:16.363 [main] INFO  sudoku.model.SudokuBoard - Wartość 0 wstawiona nieprawidłowo
]]></system-out>
  </testcase>
  <testcase name="testToString" classname="sudoku.model.SeriesTest" time="0.01">
    <system-out><![CDATA[15:53:16.374 [main] INFO  sudoku.model.SudokuBoard - Bład w kwadracie 0
sudoku.model.SudokuBoard@65753724[
  size=9
  solver=sudoku.model.BacktrackingSudokuSolver@2bc16fe2
  board={{7,4,8,5,9,1,6,2,3},{9,1,2,3,8,4,5,0,0},{0,0,0,0,0,0,0,0,0},{0,0,0,0,0,0,0,0,0},{0,0,0,0,0,0,0,0,0},{0,0,0,0,0,0,0,0,0},{0,0,0,0,0,0,0,0,0},{0,0,0,0,0,0,0,0,0},{0,0,0,0,0,0,0,0,0}}
]
15:53:16.374 [main] INFO  sudoku.model.SudokuBoard - Wartość 0 wstawiona nieprawidłowo
15:53:16.374 [main] INFO  sudoku.model.SudokuBoard - Bład w kwadracie 0
sudoku.model.SudokuBoard@65753724[
  size=9
  solver=sudoku.model.BacktrackingSudokuSolver@2bc16fe2
  board={{7,4,8,5,9,1,6,2,3},{9,1,2,3,8,4,0,0,0},{0,0,0,0,0,0,0,0,0},{0,0,0,0,0,0,0,0,0},{0,0,0,0,0,0,0,0,0},{0,0,0,0,0,0,0,0,0},{0,0,0,0,0,0,0,0,0},{0,0,0,0,0,0,0,0,0},{0,0,0,0,0,0,0,0,0}}
]
15:53:16.374 [main] INFO  sudoku.model.SudokuBoard - Wartość 0 wstawiona nieprawidłowo
15:53:16.374 [main] INFO  sudoku.model.SudokuBoard - Bład w kwadracie 0
sudoku.model.SudokuBoard@65753724[
  size=9
  solver=sudoku.model.BacktrackingSudokuSolver@2bc16fe2
  board={{7,4,8,5,9,1,6,2,3},{9,1,2,3,8,4,7,0,0},{0,0,0,0,0,0,0,0,0},{0,0,0,0,0,0,0,0,0},{0,0,0,0,0,0,0,0,0},{0,0,0,0,0,0,0,0,0},{0,0,0,0,0,0,0,0,0},{0,0,0,0,0,0,0,0,0},{0,0,0,0,0,0,0,0,0}}
]
15:53:16.375 [main] INFO  sudoku.model.SudokuBoard - Wartość 0 wstawiona nieprawidłowo
15:53:16.375 [main] INFO  sudoku.model.SudokuBoard - Bład w kwadracie 0
sudoku.model.SudokuBoard@65753724[
  size=9
  solver=sudoku.model.BacktrackingSudokuSolver@2bc16fe2
  board={{7,4,8,5,9,1,6,2,3},{9,1,2,3,8,4,0,0,0},{0,0,0,0,0,0,0,0,0},{0,0,0,0,0,0,0,0,0},{0,0,0,0,0,0,0,0,0},{0,0,0,0,0,0,0,0,0},{0,0,0,0,0,0,0,0,0},{0,0,0,0,0,0,0,0,0},{0,0,0,0,0,0,0,0,0}}
]
15:53:16.375 [main] INFO  sudoku.model.SudokuBoard - Wartość 0 wstawiona nieprawidłowo
15:53:16.375 [main] INFO  sudoku.model.SudokuBoard - Bład w kwadracie 0
sudoku.model.SudokuBoard@65753724[
  size=9
  solver=sudoku.model.BacktrackingSudokuSolver@2bc16fe2
  board={{7,4,8,5,9,1,6,2,3},{9,1,2,3,8,0,0,0,0},{0,0,0,0,0,0,0,0,0},{0,0,0,0,0,0,0,0,0},{0,0,0,0,0,0,0,0,0},{0,0,0,0,0,0,0,0,0},{0,0,0,0,0,0,0,0,0},{0,0,0,0,0,0,0,0,0},{0,0,0,0,0,0,0,0,0}}
]
15:53:16.375 [main] INFO  sudoku.model.SudokuBoard - Wartość 0 wstawiona nieprawidłowo
15:53:16.376 [main] INFO  sudoku.model.SudokuBoard - Bład w kwadracie 0
sudoku.model.SudokuBoard@65753724[
  size=9
  solver=sudoku.model.BacktrackingSudokuSolver@2bc16fe2
  board={{7,4,8,5,9,1,6,2,3},{9,1,2,3,8,6,7,4,5},{3,5,6,2,7,4,8,9,1},{8,6,7,9,2,5,3,1,4},{1,9,3,6,4,7,5,8,2},{0,0,0,0,0,0,0,0,0},{0,0,0,0,0,0,0,0,0},{0,0,0,0,0,0,0,0,0},{0,0,0,0,0,0,0,0,0}}
]
15:53:16.376 [main] INFO  sudoku.model.SudokuBoard - Wartość 0 wstawiona nieprawidłowo
15:53:16.377 [main] INFO  sudoku.model.SudokuBoard - Bład w kwadracie 0
sudoku.model.SudokuBoard@65753724[
  size=9
  solver=sudoku.model.BacktrackingSudokuSolver@2bc16fe2
  board={{7,4,8,5,9,1,6,2,3},{9,1,2,3,8,6,7,4,5},{3,5,6,2,7,4,8,9,1},{8,6,7,9,2,5,3,1,4},{1,9,3,6,4,7,5,8,2},{4,2,5,8,1,3,9,6,7},{2,3,9,1,5,8,4,7,6},{5,7,1,4,3,9,0,0,0},{0,0,0,0,0,0,0,0,0}}
]
15:53:16.377 [main] INFO  sudoku.model.SudokuBoard - Wartość 0 wstawiona nieprawidłowo
15:53:16.377 [main] INFO  sudoku.model.SudokuBoard - Bład w kwadracie 0
sudoku.model.SudokuBoard@65753724[
  size=9
  solver=sudoku.model.BacktrackingSudokuSolver@2bc16fe2
  board={{7,4,8,5,9,1,6,2,3},{9,1,2,3,8,6,7,4,5},{3,5,6,2,7,4,8,9,1},{8,6,7,9,2,5,3,1,4},{1,9,3,6,4,7,5,8,2},{4,2,5,8,1,3,9,6,7},{2,3,9,1,5,8,4,7,6},{5,7,1,4,3,0,0,0,0},{0,0,0,0,0,0,0,0,0}}
]
15:53:16.378 [main] INFO  sudoku.model.SudokuBoard - Wartość 0 wstawiona nieprawidłowo
15:53:16.378 [main] INFO  sudoku.model.SudokuBoard - Bład w kwadracie 0
sudoku.model.SudokuBoard@65753724[
  size=9
  solver=sudoku.model.BacktrackingSudokuSolver@2bc16fe2
  board={{7,4,8,5,9,1,6,2,3},{9,1,2,3,8,6,7,4,5},{3,5,6,2,7,4,8,9,1},{8,6,7,9,2,5,3,1,4},{1,9,3,6,4,7,5,8,2},{4,2,5,8,1,3,9,6,7},{2,3,9,1,5,8,4,7,6},{5,7,1,4,3,0,0,0,0},{0,0,0,0,0,0,0,0,0}}
]
15:53:16.378 [main] INFO  sudoku.model.SudokuBoard - Wartość 0 wstawiona nieprawidłowo
15:53:16.379 [main] INFO  sudoku.model.SudokuBoard - Bład w kwadracie 0
sudoku.model.SudokuBoard@65753724[
  size=9
  solver=sudoku.model.BacktrackingSudokuSolver@2bc16fe2
  board={{7,4,8,5,9,1,6,2,3},{9,1,2,3,8,6,7,4,5},{3,5,6,2,7,4,8,9,1},{8,6,7,9,2,5,3,1,4},{1,9,3,6,4,7,5,8,2},{4,2,5,8,1,3,9,6,7},{2,3,9,1,5,8,4,7,6},{5,7,1,4,0,0,0,0,0},{0,0,0,0,0,0,0,0,0}}
]
15:53:16.379 [main] INFO  sudoku.model.SudokuBoard - Wartość 0 wstawiona nieprawidłowo
]]></system-out>
  </testcase>
  <testcase name="testEqualsDiffrentClass" classname="sudoku.model.SeriesTest" time="0.007">
    <system-out><![CDATA[15:53:16.384 [main] INFO  sudoku.model.SudokuBoard - Bład w kwadracie 0
sudoku.model.SudokuBoard@1209a0f[
  size=9
  solver=sudoku.model.BacktrackingSudokuSolver@696174d3
  board={{3,1,5,2,8,4,6,9,7},{4,2,8,6,7,5,1,0,0},{0,0,0,0,0,0,0,0,0},{0,0,0,0,0,0,0,0,0},{0,0,0,0,0,0,0,0,0},{0,0,0,0,0,0,0,0,0},{0,0,0,0,0,0,0,0,0},{0,0,0,0,0,0,0,0,0},{0,0,0,0,0,0,0,0,0}}
]
15:53:16.385 [main] INFO  sudoku.model.SudokuBoard - Wartość 0 wstawiona nieprawidłowo
15:53:16.385 [main] INFO  sudoku.model.SudokuBoard - Bład w kwadracie 0
sudoku.model.SudokuBoard@1209a0f[
  size=9
  solver=sudoku.model.BacktrackingSudokuSolver@696174d3
  board={{3,1,5,2,8,4,6,9,7},{4,2,8,6,7,5,0,0,0},{0,0,0,0,0,0,0,0,0},{0,0,0,0,0,0,0,0,0},{0,0,0,0,0,0,0,0,0},{0,0,0,0,0,0,0,0,0},{0,0,0,0,0,0,0,0,0},{0,0,0,0,0,0,0,0,0},{0,0,0,0,0,0,0,0,0}}
]
15:53:16.385 [main] INFO  sudoku.model.SudokuBoard - Wartość 0 wstawiona nieprawidłowo
15:53:16.387 [main] INFO  sudoku.model.SudokuBoard - Bład w kwadracie 0
sudoku.model.SudokuBoard@1209a0f[
  size=9
  solver=sudoku.model.BacktrackingSudokuSolver@696174d3
  board={{3,1,5,2,8,4,6,9,7},{4,2,8,6,7,5,3,0,0},{0,0,0,0,0,0,0,0,0},{0,0,0,0,0,0,0,0,0},{0,0,0,0,0,0,0,0,0},{0,0,0,0,0,0,0,0,0},{0,0,0,0,0,0,0,0,0},{0,0,0,0,0,0,0,0,0},{0,0,0,0,0,0,0,0,0}}
]
15:53:16.387 [main] INFO  sudoku.model.SudokuBoard - Wartość 0 wstawiona nieprawidłowo
15:53:16.388 [main] INFO  sudoku.model.SudokuBoard - Bład w kwadracie 0
sudoku.model.SudokuBoard@1209a0f[
  size=9
  solver=sudoku.model.BacktrackingSudokuSolver@696174d3
  board={{3,1,5,2,8,4,6,9,7},{4,2,8,6,7,5,0,0,0},{0,0,0,0,0,0,0,0,0},{0,0,0,0,0,0,0,0,0},{0,0,0,0,0,0,0,0,0},{0,0,0,0,0,0,0,0,0},{0,0,0,0,0,0,0,0,0},{0,0,0,0,0,0,0,0,0},{0,0,0,0,0,0,0,0,0}}
]
15:53:16.389 [main] INFO  sudoku.model.SudokuBoard - Wartość 0 wstawiona nieprawidłowo
15:53:16.389 [main] INFO  sudoku.model.SudokuBoard - Bład w kwadracie 0
sudoku.model.SudokuBoard@1209a0f[
  size=9
  solver=sudoku.model.BacktrackingSudokuSolver@696174d3
  board={{3,1,5,2,8,4,6,9,7},{4,2,8,6,7,0,0,0,0},{0,0,0,0,0,0,0,0,0},{0,0,0,0,0,0,0,0,0},{0,0,0,0,0,0,0,0,0},{0,0,0,0,0,0,0,0,0},{0,0,0,0,0,0,0,0,0},{0,0,0,0,0,0,0,0,0},{0,0,0,0,0,0,0,0,0}}
]
15:53:16.389 [main] INFO  sudoku.model.SudokuBoard - Wartość 0 wstawiona nieprawidłowo
]]></system-out>
  </testcase>
  <testcase name="testEqualsNull" classname="sudoku.model.SeriesTest" time="0.027">
    <system-out><![CDATA[15:53:16.392 [main] INFO  sudoku.model.SudokuBoard - Bład w kwadracie 0
sudoku.model.SudokuBoard@41a23470[
  size=9
  solver=sudoku.model.BacktrackingSudokuSolver@30c01c37
  board={{3,4,5,2,6,9,1,7,8},{1,2,8,7,3,5,4,6,9},{6,7,9,1,4,8,2,3,5},{7,8,2,5,9,3,6,4,1},{9,3,6,4,7,1,8,5,2},{4,5,1,6,8,2,0,0,0},{0,0,0,0,0,0,0,0,0},{0,0,0,0,0,0,0,0,0},{0,0,0,0,0,0,0,0,0}}
]
15:53:16.392 [main] INFO  sudoku.model.SudokuBoard - Wartość 0 wstawiona nieprawidłowo
15:53:16.393 [main] INFO  sudoku.model.SudokuBoard - Bład w kwadracie 0
sudoku.model.SudokuBoard@41a23470[
  size=9
  solver=sudoku.model.BacktrackingSudokuSolver@30c01c37
  board={{3,4,5,2,6,9,1,7,8},{1,2,8,7,3,5,4,6,9},{6,7,9,1,4,8,2,3,5},{7,8,2,5,9,3,6,4,1},{9,3,6,4,7,1,8,5,2},{4,5,1,6,8,2,3,9,7},{2,9,3,8,1,4,0,0,0},{0,0,0,0,0,0,0,0,0},{0,0,0,0,0,0,0,0,0}}
]
15:53:16.393 [main] INFO  sudoku.model.SudokuBoard - Wartość 0 wstawiona nieprawidłowo
15:53:16.393 [main] INFO  sudoku.model.SudokuBoard - Bład w kwadracie 0
sudoku.model.SudokuBoard@41a23470[
  size=9
  solver=sudoku.model.BacktrackingSudokuSolver@30c01c37
  board={{3,4,5,2,6,9,1,7,8},{1,2,8,7,3,5,4,6,9},{6,7,9,1,4,8,2,3,5},{7,8,2,5,9,3,6,4,1},{9,3,6,4,7,1,8,5,2},{4,5,1,6,8,2,3,9,7},{2,9,3,8,1,4,0,0,0},{0,0,0,0,0,0,0,0,0},{0,0,0,0,0,0,0,0,0}}
]
15:53:16.393 [main] INFO  sudoku.model.SudokuBoard - Wartość 0 wstawiona nieprawidłowo
15:53:16.393 [main] INFO  sudoku.model.SudokuBoard - Bład w kwadracie 0
sudoku.model.SudokuBoard@41a23470[
  size=9
  solver=sudoku.model.BacktrackingSudokuSolver@30c01c37
  board={{3,4,5,2,6,9,1,7,8},{1,2,8,7,3,5,4,6,9},{6,7,9,1,4,8,2,3,5},{7,8,2,5,9,3,6,4,1},{9,3,6,4,7,1,8,5,2},{4,5,1,6,8,2,3,9,7},{2,9,3,8,1,0,0,0,0},{0,0,0,0,0,0,0,0,0},{0,0,0,0,0,0,0,0,0}}
]
15:53:16.394 [main] INFO  sudoku.model.SudokuBoard - Wartość 0 wstawiona nieprawidłowo
15:53:16.394 [main] INFO  sudoku.model.SudokuBoard - Bład w kwadracie 0
sudoku.model.SudokuBoard@41a23470[
  size=9
  solver=sudoku.model.BacktrackingSudokuSolver@30c01c37
  board={{3,4,5,2,6,9,1,7,8},{1,2,8,7,3,5,4,6,9},{6,7,9,1,4,8,2,3,5},{7,8,2,5,9,3,6,4,1},{9,3,6,4,7,1,8,5,2},{4,5,1,6,8,2,3,9,7},{2,9,3,8,1,6,0,0,0},{0,0,0,0,0,0,0,0,0},{0,0,0,0,0,0,0,0,0}}
]
15:53:16.394 [main] INFO  sudoku.model.SudokuBoard - Wartość 0 wstawiona nieprawidłowo
15:53:16.396 [main] INFO  sudoku.model.SudokuBoard - Bład w kwadracie 0
sudoku.model.SudokuBoard@41a23470[
  size=9
  solver=sudoku.model.BacktrackingSudokuSolver@30c01c37
  board={{3,4,5,2,6,9,1,7,8},{1,2,8,7,3,5,4,6,9},{6,7,9,1,4,8,2,3,5},{7,8,2,5,9,3,6,4,1},{9,3,6,4,7,1,8,5,2},{4,5,1,6,8,2,3,9,7},{2,9,3,8,1,6,0,0,0},{0,0,0,0,0,0,0,0,0},{0,0,0,0,0,0,0,0,0}}
]
15:53:16.396 [main] INFO  sudoku.model.SudokuBoard - Wartość 0 wstawiona nieprawidłowo
15:53:16.396 [main] INFO  sudoku.model.SudokuBoard - Bład w kwadracie 0
sudoku.model.SudokuBoard@41a23470[
  size=9
  solver=sudoku.model.BacktrackingSudokuSolver@30c01c37
  board={{3,4,5,2,6,9,1,7,8},{1,2,8,7,3,5,4,6,9},{6,7,9,1,4,8,2,3,5},{7,8,2,5,9,3,6,4,1},{9,3,6,4,7,1,8,5,2},{4,5,1,6,8,2,3,9,7},{2,9,3,8,1,0,0,0,0},{0,0,0,0,0,0,0,0,0},{0,0,0,0,0,0,0,0,0}}
]
15:53:16.397 [main] INFO  sudoku.model.SudokuBoard - Wartość 0 wstawiona nieprawidłowo
15:53:16.397 [main] INFO  sudoku.model.SudokuBoard - Bład w kwadracie 0
sudoku.model.SudokuBoard@41a23470[
  size=9
  solver=sudoku.model.BacktrackingSudokuSolver@30c01c37
  board={{3,4,5,2,6,9,1,7,8},{1,2,8,7,3,5,4,6,9},{6,7,9,1,4,8,2,3,5},{7,8,2,5,9,3,6,4,1},{9,3,6,4,7,1,8,5,2},{4,5,1,6,8,2,3,9,7},{2,9,3,8,1,7,0,0,0},{0,0,0,0,0,0,0,0,0},{0,0,0,0,0,0,0,0,0}}
]
15:53:16.397 [main] INFO  sudoku.model.SudokuBoard - Wartość 0 wstawiona nieprawidłowo
15:53:16.397 [main] INFO  sudoku.model.SudokuBoard - Bład w kwadracie 0
sudoku.model.SudokuBoard@41a23470[
  size=9
  solver=sudoku.model.BacktrackingSudokuSolver@30c01c37
  board={{3,4,5,2,6,9,1,7,8},{1,2,8,7,3,5,4,6,9},{6,7,9,1,4,8,2,3,5},{7,8,2,5,9,3,6,4,1},{9,3,6,4,7,1,8,5,2},{4,5,1,6,8,2,3,9,7},{2,9,3,8,1,0,0,0,0},{0,0,0,0,0,0,0,0,0},{0,0,0,0,0,0,0,0,0}}
]
15:53:16.398 [main] INFO  sudoku.model.SudokuBoard - Wartość 0 wstawiona nieprawidłowo
15:53:16.398 [main] INFO  sudoku.model.SudokuBoard - Bład w kwadracie 0
sudoku.model.SudokuBoard@41a23470[
  size=9
  solver=sudoku.model.BacktrackingSudokuSolver@30c01c37
  board={{3,4,5,2,6,9,1,7,8},{1,2,8,7,3,5,4,6,9},{6,7,9,1,4,8,2,3,5},{7,8,2,5,9,3,6,4,1},{9,3,6,4,7,1,8,5,2},{4,5,1,6,8,2,3,9,7},{2,9,3,8,0,0,0,0,0},{0,0,0,0,0,0,0,0,0},{0,0,0,0,0,0,0,0,0}}
]
15:53:16.398 [main] INFO  sudoku.model.SudokuBoard - Wartość 0 wstawiona nieprawidłowo
15:53:16.399 [main] INFO  sudoku.model.SudokuBoard - Bład w kwadracie 0
sudoku.model.SudokuBoard@41a23470[
  size=9
  solver=sudoku.model.BacktrackingSudokuSolver@30c01c37
  board={{3,4,5,2,6,9,1,7,8},{1,2,8,7,3,5,4,6,9},{6,7,9,1,4,8,2,3,5},{7,8,2,5,9,3,6,4,1},{9,3,6,4,7,1,8,5,2},{4,5,1,6,8,2,3,9,7},{2,9,3,8,5,6,7,1,4},{5,6,4,9,1,0,0,0,0},{0,0,0,0,0,0,0,0,0}}
]
15:53:16.399 [main] INFO  sudoku.model.SudokuBoard - Wartość 0 wstawiona nieprawidłowo
15:53:16.399 [main] INFO  sudoku.model.SudokuBoard - Bład w kwadracie 0
sudoku.model.SudokuBoard@41a23470[
  size=9
  solver=sudoku.model.BacktrackingSudokuSolver@30c01c37
  board={{3,4,5,2,6,9,1,7,8},{1,2,8,7,3,5,4,6,9},{6,7,9,1,4,8,2,3,5},{7,8,2,5,9,3,6,4,1},{9,3,6,4,7,1,8,5,2},{4,5,1,6,8,2,3,9,7},{2,9,3,8,5,6,7,1,4},{5,6,4,9,0,0,0,0,0},{0,0,0,0,0,0,0,0,0}}
]
15:53:16.399 [main] INFO  sudoku.model.SudokuBoard - Wartość 0 wstawiona nieprawidłowo
15:53:16.400 [main] INFO  sudoku.model.SudokuBoard - Bład w kwadracie 0
sudoku.model.SudokuBoard@41a23470[
  size=9
  solver=sudoku.model.BacktrackingSudokuSolver@30c01c37
  board={{3,4,5,2,6,9,1,7,8},{1,2,8,7,3,5,4,6,9},{6,7,9,1,4,8,2,3,5},{7,8,2,5,9,3,6,4,1},{9,3,6,4,7,1,8,5,2},{4,5,1,6,8,2,3,9,7},{2,9,3,8,5,6,7,1,4},{5,6,4,9,2,0,0,0,0},{0,0,0,0,0,0,0,0,0}}
]
15:53:16.400 [main] INFO  sudoku.model.SudokuBoard - Wartość 0 wstawiona nieprawidłowo
15:53:16.400 [main] INFO  sudoku.model.SudokuBoard - Bład w kwadracie 0
sudoku.model.SudokuBoard@41a23470[
  size=9
  solver=sudoku.model.BacktrackingSudokuSolver@30c01c37
  board={{3,4,5,2,6,9,1,7,8},{1,2,8,7,3,5,4,6,9},{6,7,9,1,4,8,2,3,5},{7,8,2,5,9,3,6,4,1},{9,3,6,4,7,1,8,5,2},{4,5,1,6,8,2,3,9,7},{2,9,3,8,5,6,7,1,4},{5,6,4,9,0,0,0,0,0},{0,0,0,0,0,0,0,0,0}}
]
15:53:16.400 [main] INFO  sudoku.model.SudokuBoard - Wartość 0 wstawiona nieprawidłowo
15:53:16.400 [main] INFO  sudoku.model.SudokuBoard - Bład w kwadracie 0
sudoku.model.SudokuBoard@41a23470[
  size=9
  solver=sudoku.model.BacktrackingSudokuSolver@30c01c37
  board={{3,4,5,2,6,9,1,7,8},{1,2,8,7,3,5,4,6,9},{6,7,9,1,4,8,2,3,5},{7,8,2,5,9,3,6,4,1},{9,3,6,4,7,1,8,5,2},{4,5,1,6,8,2,3,9,7},{2,9,3,8,5,6,7,1,4},{5,6,4,0,0,0,0,0,0},{0,0,0,0,0,0,0,0,0}}
]
15:53:16.400 [main] INFO  sudoku.model.SudokuBoard - Wartość 0 wstawiona nieprawidłowo
15:53:16.401 [main] INFO  sudoku.model.SudokuBoard - Bład w kwadracie 0
sudoku.model.SudokuBoard@41a23470[
  size=9
  solver=sudoku.model.BacktrackingSudokuSolver@30c01c37
  board={{3,4,5,2,6,9,1,7,8},{1,2,8,7,3,5,4,6,9},{6,7,9,1,4,8,2,3,5},{7,8,2,5,9,3,6,4,1},{9,3,6,4,7,1,8,5,2},{4,5,1,6,8,2,3,9,7},{2,9,3,8,5,6,7,1,4},{5,6,4,3,1,7,9,0,0},{0,0,0,0,0,0,0,0,0}}
]
15:53:16.405 [main] INFO  sudoku.model.SudokuBoard - Wartość 0 wstawiona nieprawidłowo
15:53:16.406 [main] INFO  sudoku.model.SudokuBoard - Bład w kwadracie 0
sudoku.model.SudokuBoard@41a23470[
  size=9
  solver=sudoku.model.BacktrackingSudokuSolver@30c01c37
  board={{3,4,5,2,6,9,1,7,8},{1,2,8,7,3,5,4,6,9},{6,7,9,1,4,8,2,3,5},{7,8,2,5,9,3,6,4,1},{9,3,6,4,7,1,8,5,2},{4,5,1,6,8,2,3,9,7},{2,9,3,8,5,6,7,1,4},{5,6,4,3,1,7,9,0,0},{0,0,0,0,0,0,0,0,0}}
]
15:53:16.406 [main] INFO  sudoku.model.SudokuBoard - Wartość 0 wstawiona nieprawidłowo
15:53:16.406 [main] INFO  sudoku.model.SudokuBoard - Bład w kwadracie 0
sudoku.model.SudokuBoard@41a23470[
  size=9
  solver=sudoku.model.BacktrackingSudokuSolver@30c01c37
  board={{3,4,5,2,6,9,1,7,8},{1,2,8,7,3,5,4,6,9},{6,7,9,1,4,8,2,3,5},{7,8,2,5,9,3,6,4,1},{9,3,6,4,7,1,8,5,2},{4,5,1,6,8,2,3,9,7},{2,9,3,8,5,6,7,1,4},{5,6,4,3,1,7,0,0,0},{0,0,0,0,0,0,0,0,0}}
]
15:53:16.406 [main] INFO  sudoku.model.SudokuBoard - Wartość 0 wstawiona nieprawidłowo
15:53:16.407 [main] INFO  sudoku.model.SudokuBoard - Bład w kwadracie 0
sudoku.model.SudokuBoard@41a23470[
  size=9
  solver=sudoku.model.BacktrackingSudokuSolver@30c01c37
  board={{3,4,5,2,6,9,1,7,8},{1,2,8,7,3,5,4,6,9},{6,7,9,1,4,8,2,3,5},{7,8,2,5,9,3,6,4,1},{9,3,6,4,7,1,8,5,2},{4,5,1,6,8,2,3,9,7},{2,9,3,8,5,6,7,1,4},{5,6,4,3,1,0,0,0,0},{0,0,0,0,0,0,0,0,0}}
]
15:53:16.407 [main] INFO  sudoku.model.SudokuBoard - Wartość 0 wstawiona nieprawidłowo
15:53:16.407 [main] INFO  sudoku.model.SudokuBoard - Bład w kwadracie 0
sudoku.model.SudokuBoard@41a23470[
  size=9
  solver=sudoku.model.BacktrackingSudokuSolver@30c01c37
  board={{3,4,5,2,6,9,1,7,8},{1,2,8,7,3,5,4,6,9},{6,7,9,1,4,8,2,3,5},{7,8,2,5,9,3,6,4,1},{9,3,6,4,7,1,8,5,2},{4,5,1,6,8,2,3,9,7},{2,9,3,8,5,6,7,1,4},{5,6,4,3,0,0,0,0,0},{0,0,0,0,0,0,0,0,0}}
]
15:53:16.407 [main] INFO  sudoku.model.SudokuBoard - Wartość 0 wstawiona nieprawidłowo
15:53:16.408 [main] INFO  sudoku.model.SudokuBoard - Bład w kwadracie 0
sudoku.model.SudokuBoard@41a23470[
  size=9
  solver=sudoku.model.BacktrackingSudokuSolver@30c01c37
  board={{3,4,5,2,6,9,1,7,8},{1,2,8,7,3,5,4,6,9},{6,7,9,1,4,8,2,3,5},{7,8,2,5,9,3,6,4,1},{9,3,6,4,7,1,8,5,2},{4,5,1,6,8,2,3,9,7},{2,9,3,8,5,6,7,1,4},{5,6,4,3,2,7,9,0,0},{0,0,0,0,0,0,0,0,0}}
]
15:53:16.408 [main] INFO  sudoku.model.SudokuBoard - Wartość 0 wstawiona nieprawidłowo
15:53:16.408 [main] INFO  sudoku.model.SudokuBoard - Bład w kwadracie 0
sudoku.model.SudokuBoard@41a23470[
  size=9
  solver=sudoku.model.BacktrackingSudokuSolver@30c01c37
  board={{3,4,5,2,6,9,1,7,8},{1,2,8,7,3,5,4,6,9},{6,7,9,1,4,8,2,3,5},{7,8,2,5,9,3,6,4,1},{9,3,6,4,7,1,8,5,2},{4,5,1,6,8,2,3,9,7},{2,9,3,8,5,6,7,1,4},{5,6,4,3,2,7,0,0,0},{0,0,0,0,0,0,0,0,0}}
]
15:53:16.408 [main] INFO  sudoku.model.SudokuBoard - Wartość 0 wstawiona nieprawidłowo
15:53:16.409 [main] INFO  sudoku.model.SudokuBoard - Bład w kwadracie 0
sudoku.model.SudokuBoard@41a23470[
  size=9
  solver=sudoku.model.BacktrackingSudokuSolver@30c01c37
  board={{3,4,5,2,6,9,1,7,8},{1,2,8,7,3,5,4,6,9},{6,7,9,1,4,8,2,3,5},{7,8,2,5,9,3,6,4,1},{9,3,6,4,7,1,8,5,2},{4,5,1,6,8,2,3,9,7},{2,9,3,8,5,6,7,1,4},{5,6,4,3,2,0,0,0,0},{0,0,0,0,0,0,0,0,0}}
]
15:53:16.409 [main] INFO  sudoku.model.SudokuBoard - Wartość 0 wstawiona nieprawidłowo
15:53:16.410 [main] INFO  sudoku.model.SudokuBoard - Bład w kwadracie 0
sudoku.model.SudokuBoard@41a23470[
  size=9
  solver=sudoku.model.BacktrackingSudokuSolver@30c01c37
  board={{3,4,5,2,6,9,1,7,8},{1,2,8,7,3,5,4,6,9},{6,7,9,1,4,8,2,3,5},{7,8,2,5,9,3,6,4,1},{9,3,6,4,7,1,8,5,2},{4,5,1,6,8,2,3,9,7},{2,9,3,8,5,6,7,1,4},{5,6,4,3,0,0,0,0,0},{0,0,0,0,0,0,0,0,0}}
]
15:53:16.411 [main] INFO  sudoku.model.SudokuBoard - Wartość 0 wstawiona nieprawidłowo
15:53:16.411 [main] INFO  sudoku.model.SudokuBoard - Bład w kwadracie 0
sudoku.model.SudokuBoard@41a23470[
  size=9
  solver=sudoku.model.BacktrackingSudokuSolver@30c01c37
  board={{3,4,5,2,6,9,1,7,8},{1,2,8,7,3,5,4,6,9},{6,7,9,1,4,8,2,3,5},{7,8,2,5,9,3,6,4,1},{9,3,6,4,7,1,8,5,2},{4,5,1,6,8,2,3,9,7},{2,9,3,8,5,6,7,1,4},{5,6,4,0,0,0,0,0,0},{0,0,0,0,0,0,0,0,0}}
]
15:53:16.411 [main] INFO  sudoku.model.SudokuBoard - Wartość 0 wstawiona nieprawidłowo
15:53:16.411 [main] INFO  sudoku.model.SudokuBoard - Bład w kwadracie 0
sudoku.model.SudokuBoard@41a23470[
  size=9
  solver=sudoku.model.BacktrackingSudokuSolver@30c01c37
  board={{3,4,5,2,6,9,1,7,8},{1,2,8,7,3,5,4,6,9},{6,7,9,1,4,8,2,3,5},{7,8,2,5,9,3,6,4,1},{9,3,6,4,7,1,8,5,2},{4,5,1,6,8,2,3,9,7},{2,9,3,8,5,6,7,1,4},{5,6,0,0,0,0,0,0,0},{0,0,0,0,0,0,0,0,0}}
]
15:53:16.411 [main] INFO  sudoku.model.SudokuBoard - Wartość 0 wstawiona nieprawidłowo
15:53:16.412 [main] INFO  sudoku.model.SudokuBoard - Bład w kwadracie 0
sudoku.model.SudokuBoard@41a23470[
  size=9
  solver=sudoku.model.BacktrackingSudokuSolver@30c01c37
  board={{3,4,5,2,6,9,1,7,8},{1,2,8,7,3,5,4,6,9},{6,7,9,1,4,8,2,3,5},{7,8,2,5,9,3,6,4,1},{9,3,6,4,7,1,8,5,2},{4,5,1,6,8,2,3,9,7},{2,9,3,8,5,6,7,1,4},{5,6,7,9,1,0,0,0,0},{0,0,0,0,0,0,0,0,0}}
]
15:53:16.412 [main] INFO  sudoku.model.SudokuBoard - Wartość 0 wstawiona nieprawidłowo
15:53:16.412 [main] INFO  sudoku.model.SudokuBoard - Bład w kwadracie 0
sudoku.model.SudokuBoard@41a23470[
  size=9
  solver=sudoku.model.BacktrackingSudokuSolver@30c01c37
  board={{3,4,5,2,6,9,1,7,8},{1,2,8,7,3,5,4,6,9},{6,7,9,1,4,8,2,3,5},{7,8,2,5,9,3,6,4,1},{9,3,6,4,7,1,8,5,2},{4,5,1,6,8,2,3,9,7},{2,9,3,8,5,6,7,1,4},{5,6,7,9,0,0,0,0,0},{0,0,0,0,0,0,0,0,0}}
]
15:53:16.412 [main] INFO  sudoku.model.SudokuBoard - Wartość 0 wstawiona nieprawidłowo
15:53:16.412 [main] INFO  sudoku.model.SudokuBoard - Bład w kwadracie 0
sudoku.model.SudokuBoard@41a23470[
  size=9
  solver=sudoku.model.BacktrackingSudokuSolver@30c01c37
  board={{3,4,5,2,6,9,1,7,8},{1,2,8,7,3,5,4,6,9},{6,7,9,1,4,8,2,3,5},{7,8,2,5,9,3,6,4,1},{9,3,6,4,7,1,8,5,2},{4,5,1,6,8,2,3,9,7},{2,9,3,8,5,6,7,1,4},{5,6,7,9,2,0,0,0,0},{0,0,0,0,0,0,0,0,0}}
]
15:53:16.412 [main] INFO  sudoku.model.SudokuBoard - Wartość 0 wstawiona nieprawidłowo
15:53:16.413 [main] INFO  sudoku.model.SudokuBoard - Bład w kwadracie 0
sudoku.model.SudokuBoard@41a23470[
  size=9
  solver=sudoku.model.BacktrackingSudokuSolver@30c01c37
  board={{3,4,5,2,6,9,1,7,8},{1,2,8,7,3,5,4,6,9},{6,7,9,1,4,8,2,3,5},{7,8,2,5,9,3,6,4,1},{9,3,6,4,7,1,8,5,2},{4,5,1,6,8,2,3,9,7},{2,9,3,8,5,6,7,1,4},{5,6,7,9,0,0,0,0,0},{0,0,0,0,0,0,0,0,0}}
]
15:53:16.413 [main] INFO  sudoku.model.SudokuBoard - Wartość 0 wstawiona nieprawidłowo
15:53:16.413 [main] INFO  sudoku.model.SudokuBoard - Bład w kwadracie 0
sudoku.model.SudokuBoard@41a23470[
  size=9
  solver=sudoku.model.BacktrackingSudokuSolver@30c01c37
  board={{3,4,5,2,6,9,1,7,8},{1,2,8,7,3,5,4,6,9},{6,7,9,1,4,8,2,3,5},{7,8,2,5,9,3,6,4,1},{9,3,6,4,7,1,8,5,2},{4,5,1,6,8,2,3,9,7},{2,9,3,8,5,6,7,1,4},{5,6,7,0,0,0,0,0,0},{0,0,0,0,0,0,0,0,0}}
]
15:53:16.413 [main] INFO  sudoku.model.SudokuBoard - Wartość 0 wstawiona nieprawidłowo
15:53:16.413 [main] INFO  sudoku.model.SudokuBoard - Bład w kwadracie 0
sudoku.model.SudokuBoard@41a23470[
  size=9
  solver=sudoku.model.BacktrackingSudokuSolver@30c01c37
  board={{3,4,5,2,6,9,1,7,8},{1,2,8,7,3,5,4,6,9},{6,7,9,1,4,8,2,3,5},{7,8,2,5,9,3,6,4,1},{9,3,6,4,7,1,8,5,2},{4,5,1,6,8,2,3,9,7},{2,9,3,8,5,6,7,1,4},{5,6,7,3,1,4,9,0,0},{0,0,0,0,0,0,0,0,0}}
]
15:53:16.413 [main] INFO  sudoku.model.SudokuBoard - Wartość 0 wstawiona nieprawidłowo
15:53:16.414 [main] INFO  sudoku.model.SudokuBoard - Bład w kwadracie 0
sudoku.model.SudokuBoard@41a23470[
  size=9
  solver=sudoku.model.BacktrackingSudokuSolver@30c01c37
  board={{3,4,5,2,6,9,1,7,8},{1,2,8,7,3,5,4,6,9},{6,7,9,1,4,8,2,3,5},{7,8,2,5,9,3,6,4,1},{9,3,6,4,7,1,8,5,2},{4,5,1,6,8,2,3,9,7},{2,9,3,8,5,6,7,1,4},{5,6,7,3,1,4,9,0,0},{0,0,0,0,0,0,0,0,0}}
]
15:53:16.414 [main] INFO  sudoku.model.SudokuBoard - Wartość 0 wstawiona nieprawidłowo
15:53:16.414 [main] INFO  sudoku.model.SudokuBoard - Bład w kwadracie 0
sudoku.model.SudokuBoard@41a23470[
  size=9
  solver=sudoku.model.BacktrackingSudokuSolver@30c01c37
  board={{3,4,5,2,6,9,1,7,8},{1,2,8,7,3,5,4,6,9},{6,7,9,1,4,8,2,3,5},{7,8,2,5,9,3,6,4,1},{9,3,6,4,7,1,8,5,2},{4,5,1,6,8,2,3,9,7},{2,9,3,8,5,6,7,1,4},{5,6,7,3,1,4,0,0,0},{0,0,0,0,0,0,0,0,0}}
]
15:53:16.414 [main] INFO  sudoku.model.SudokuBoard - Wartość 0 wstawiona nieprawidłowo
15:53:16.414 [main] INFO  sudoku.model.SudokuBoard - Bład w kwadracie 0
sudoku.model.SudokuBoard@41a23470[
  size=9
  solver=sudoku.model.BacktrackingSudokuSolver@30c01c37
  board={{3,4,5,2,6,9,1,7,8},{1,2,8,7,3,5,4,6,9},{6,7,9,1,4,8,2,3,5},{7,8,2,5,9,3,6,4,1},{9,3,6,4,7,1,8,5,2},{4,5,1,6,8,2,3,9,7},{2,9,3,8,5,6,7,1,4},{5,6,7,3,1,0,0,0,0},{0,0,0,0,0,0,0,0,0}}
]
15:53:16.414 [main] INFO  sudoku.model.SudokuBoard - Wartość 0 wstawiona nieprawidłowo
15:53:16.415 [main] INFO  sudoku.model.SudokuBoard - Bład w kwadracie 0
sudoku.model.SudokuBoard@41a23470[
  size=9
  solver=sudoku.model.BacktrackingSudokuSolver@30c01c37
  board={{3,4,5,2,6,9,1,7,8},{1,2,8,7,3,5,4,6,9},{6,7,9,1,4,8,2,3,5},{7,8,2,5,9,3,6,4,1},{9,3,6,4,7,1,8,5,2},{4,5,1,6,8,2,3,9,7},{2,9,3,8,5,6,7,1,4},{5,6,7,3,0,0,0,0,0},{0,0,0,0,0,0,0,0,0}}
]
15:53:16.415 [main] INFO  sudoku.model.SudokuBoard - Wartość 0 wstawiona nieprawidłowo
15:53:16.415 [main] INFO  sudoku.model.SudokuBoard - Bład w kwadracie 0
sudoku.model.SudokuBoard@41a23470[
  size=9
  solver=sudoku.model.BacktrackingSudokuSolver@30c01c37
  board={{3,4,5,2,6,9,1,7,8},{1,2,8,7,3,5,4,6,9},{6,7,9,1,4,8,2,3,5},{7,8,2,5,9,3,6,4,1},{9,3,6,4,7,1,8,5,2},{4,5,1,6,8,2,3,9,7},{2,9,3,8,5,6,7,1,4},{5,6,7,3,2,4,9,0,0},{0,0,0,0,0,0,0,0,0}}
]
15:53:16.415 [main] INFO  sudoku.model.SudokuBoard - Wartość 0 wstawiona nieprawidłowo
15:53:16.415 [main] INFO  sudoku.model.SudokuBoard - Bład w kwadracie 0
sudoku.model.SudokuBoard@41a23470[
  size=9
  solver=sudoku.model.BacktrackingSudokuSolver@30c01c37
  board={{3,4,5,2,6,9,1,7,8},{1,2,8,7,3,5,4,6,9},{6,7,9,1,4,8,2,3,5},{7,8,2,5,9,3,6,4,1},{9,3,6,4,7,1,8,5,2},{4,5,1,6,8,2,3,9,7},{2,9,3,8,5,6,7,1,4},{5,6,7,3,2,4,0,0,0},{0,0,0,0,0,0,0,0,0}}
]
15:53:16.415 [main] INFO  sudoku.model.SudokuBoard - Wartość 0 wstawiona nieprawidłowo
15:53:16.416 [main] INFO  sudoku.model.SudokuBoard - Bład w kwadracie 0
sudoku.model.SudokuBoard@41a23470[
  size=9
  solver=sudoku.model.BacktrackingSudokuSolver@30c01c37
  board={{3,4,5,2,6,9,1,7,8},{1,2,8,7,3,5,4,6,9},{6,7,9,1,4,8,2,3,5},{7,8,2,5,9,3,6,4,1},{9,3,6,4,7,1,8,5,2},{4,5,1,6,8,2,3,9,7},{2,9,3,8,5,6,7,1,4},{5,6,7,3,2,0,0,0,0},{0,0,0,0,0,0,0,0,0}}
]
15:53:16.416 [main] INFO  sudoku.model.SudokuBoard - Wartość 0 wstawiona nieprawidłowo
15:53:16.416 [main] INFO  sudoku.model.SudokuBoard - Bład w kwadracie 0
sudoku.model.SudokuBoard@41a23470[
  size=9
  solver=sudoku.model.BacktrackingSudokuSolver@30c01c37
  board={{3,4,5,2,6,9,1,7,8},{1,2,8,7,3,5,4,6,9},{6,7,9,1,4,8,2,3,5},{7,8,2,5,9,3,6,4,1},{9,3,6,4,7,1,8,5,2},{4,5,1,6,8,2,3,9,7},{2,9,3,8,5,6,7,1,4},{5,6,7,3,0,0,0,0,0},{0,0,0,0,0,0,0,0,0}}
]
15:53:16.416 [main] INFO  sudoku.model.SudokuBoard - Wartość 0 wstawiona nieprawidłowo
15:53:16.416 [main] INFO  sudoku.model.SudokuBoard - Bład w kwadracie 0
sudoku.model.SudokuBoard@41a23470[
  size=9
  solver=sudoku.model.BacktrackingSudokuSolver@30c01c37
  board={{3,4,5,2,6,9,1,7,8},{1,2,8,7,3,5,4,6,9},{6,7,9,1,4,8,2,3,5},{7,8,2,5,9,3,6,4,1},{9,3,6,4,7,1,8,5,2},{4,5,1,6,8,2,3,9,7},{2,9,3,8,5,6,7,1,4},{5,6,7,0,0,0,0,0,0},{0,0,0,0,0,0,0,0,0}}
]
15:53:16.416 [main] INFO  sudoku.model.SudokuBoard - Wartość 0 wstawiona nieprawidłowo
15:53:16.416 [main] INFO  sudoku.model.SudokuBoard - Bład w kwadracie 0
sudoku.model.SudokuBoard@41a23470[
  size=9
  solver=sudoku.model.BacktrackingSudokuSolver@30c01c37
  board={{3,4,5,2,6,9,1,7,8},{1,2,8,7,3,5,4,6,9},{6,7,9,1,4,8,2,3,5},{7,8,2,5,9,3,6,4,1},{9,3,6,4,7,1,8,5,2},{4,5,1,6,8,2,3,9,7},{2,9,3,8,5,6,7,1,4},{5,6,0,0,0,0,0,0,0},{0,0,0,0,0,0,0,0,0}}
]
15:53:16.416 [main] INFO  sudoku.model.SudokuBoard - Wartość 0 wstawiona nieprawidłowo
15:53:16.417 [main] INFO  sudoku.model.SudokuBoard - Bład w kwadracie 0
sudoku.model.SudokuBoard@41a23470[
  size=9
  solver=sudoku.model.BacktrackingSudokuSolver@30c01c37
  board={{3,4,5,2,6,9,1,7,8},{1,2,8,7,3,5,4,6,9},{6,7,9,1,4,8,2,3,5},{7,8,2,5,9,3,6,4,1},{9,3,6,4,7,1,8,5,2},{4,5,1,6,8,2,3,9,7},{2,9,3,8,5,6,7,1,4},{5,0,0,0,0,0,0,0,0},{0,0,0,0,0,0,0,0,0}}
]
15:53:16.417 [main] INFO  sudoku.model.SudokuBoard - Wartość 0 wstawiona nieprawidłowo
15:53:16.417 [main] INFO  sudoku.model.SudokuBoard - Bład w kwadracie 0
sudoku.model.SudokuBoard@41a23470[
  size=9
  solver=sudoku.model.BacktrackingSudokuSolver@30c01c37
  board={{3,4,5,2,6,9,1,7,8},{1,2,8,7,3,5,4,6,9},{6,7,9,1,4,8,2,3,5},{7,8,2,5,9,3,6,4,1},{9,3,6,4,7,1,8,5,2},{4,5,1,6,8,2,3,9,7},{2,9,3,8,5,6,7,1,4},{5,1,7,9,2,0,0,0,0},{0,0,0,0,0,0,0,0,0}}
]
15:53:16.417 [main] INFO  sudoku.model.SudokuBoard - Wartość 0 wstawiona nieprawidłowo
15:53:16.417 [main] INFO  sudoku.model.SudokuBoard - Bład w kwadracie 0
sudoku.model.SudokuBoard@41a23470[
  size=9
  solver=sudoku.model.BacktrackingSudokuSolver@30c01c37
  board={{3,4,5,2,6,9,1,7,8},{1,2,8,7,3,5,4,6,9},{6,7,9,1,4,8,2,3,5},{7,8,2,5,9,3,6,4,1},{9,3,6,4,7,1,8,5,2},{4,5,1,6,8,2,3,9,7},{2,9,3,8,5,6,7,1,4},{5,1,7,9,0,0,0,0,0},{0,0,0,0,0,0,0,0,0}}
]
15:53:16.417 [main] INFO  sudoku.model.SudokuBoard - Wartość 0 wstawiona nieprawidłowo
15:53:16.418 [main] INFO  sudoku.model.SudokuBoard - Bład w kwadracie 0
sudoku.model.SudokuBoard@41a23470[
  size=9
  solver=sudoku.model.BacktrackingSudokuSolver@30c01c37
  board={{3,4,5,2,6,9,1,7,8},{1,2,8,7,3,5,4,6,9},{6,7,9,1,4,8,2,3,5},{7,8,2,5,9,3,6,4,1},{9,3,6,4,7,1,8,5,2},{4,5,1,6,8,2,3,9,7},{2,9,3,8,5,6,7,1,4},{5,1,7,0,0,0,0,0,0},{0,0,0,0,0,0,0,0,0}}
]
15:53:16.418 [main] INFO  sudoku.model.SudokuBoard - Wartość 0 wstawiona nieprawidłowo
]]></system-out>
  </testcase>
  <testcase name="testEqualsSame" classname="sudoku.model.SeriesTest" time="0.021">
    <system-out><![CDATA[15:53:16.420 [main] INFO  sudoku.model.SudokuBoard - Bład w kwadracie 0
sudoku.model.SudokuBoard@3193e21d[
  size=9
  solver=sudoku.model.BacktrackingSudokuSolver@79604abe
  board={{6,7,8,4,5,9,1,2,3},{3,9,1,6,7,8,4,0,0},{0,0,0,0,0,0,0,0,0},{0,0,0,0,0,0,0,0,0},{0,0,0,0,0,0,0,0,0},{0,0,0,0,0,0,0,0,0},{0,0,0,0,0,0,0,0,0},{0,0,0,0,0,0,0,0,0},{0,0,0,0,0,0,0,0,0}}
]
15:53:16.420 [main] INFO  sudoku.model.SudokuBoard - Wartość 0 wstawiona nieprawidłowo
15:53:16.420 [main] INFO  sudoku.model.SudokuBoard - Bład w kwadracie 0
sudoku.model.SudokuBoard@3193e21d[
  size=9
  solver=sudoku.model.BacktrackingSudokuSolver@79604abe
  board={{6,7,8,4,5,9,1,2,3},{3,9,1,6,7,8,0,0,0},{0,0,0,0,0,0,0,0,0},{0,0,0,0,0,0,0,0,0},{0,0,0,0,0,0,0,0,0},{0,0,0,0,0,0,0,0,0},{0,0,0,0,0,0,0,0,0},{0,0,0,0,0,0,0,0,0},{0,0,0,0,0,0,0,0,0}}
]
15:53:16.421 [main] INFO  sudoku.model.SudokuBoard - Wartość 0 wstawiona nieprawidłowo
15:53:16.421 [main] INFO  sudoku.model.SudokuBoard - Bład w kwadracie 0
sudoku.model.SudokuBoard@3193e21d[
  size=9
  solver=sudoku.model.BacktrackingSudokuSolver@79604abe
  board={{6,7,8,4,5,9,1,2,3},{3,9,1,6,7,8,5,0,0},{0,0,0,0,0,0,0,0,0},{0,0,0,0,0,0,0,0,0},{0,0,0,0,0,0,0,0,0},{0,0,0,0,0,0,0,0,0},{0,0,0,0,0,0,0,0,0},{0,0,0,0,0,0,0,0,0},{0,0,0,0,0,0,0,0,0}}
]
15:53:16.421 [main] INFO  sudoku.model.SudokuBoard - Wartość 0 wstawiona nieprawidłowo
15:53:16.421 [main] INFO  sudoku.model.SudokuBoard - Bład w kwadracie 0
sudoku.model.SudokuBoard@3193e21d[
  size=9
  solver=sudoku.model.BacktrackingSudokuSolver@79604abe
  board={{6,7,8,4,5,9,1,2,3},{3,9,1,6,7,8,0,0,0},{0,0,0,0,0,0,0,0,0},{0,0,0,0,0,0,0,0,0},{0,0,0,0,0,0,0,0,0},{0,0,0,0,0,0,0,0,0},{0,0,0,0,0,0,0,0,0},{0,0,0,0,0,0,0,0,0},{0,0,0,0,0,0,0,0,0}}
]
15:53:16.421 [main] INFO  sudoku.model.SudokuBoard - Wartość 0 wstawiona nieprawidłowo
15:53:16.422 [main] INFO  sudoku.model.SudokuBoard - Bład w kwadracie 0
sudoku.model.SudokuBoard@3193e21d[
  size=9
  solver=sudoku.model.BacktrackingSudokuSolver@79604abe
  board={{6,7,8,4,5,9,1,2,3},{3,9,1,6,7,0,0,0,0},{0,0,0,0,0,0,0,0,0},{0,0,0,0,0,0,0,0,0},{0,0,0,0,0,0,0,0,0},{0,0,0,0,0,0,0,0,0},{0,0,0,0,0,0,0,0,0},{0,0,0,0,0,0,0,0,0},{0,0,0,0,0,0,0,0,0}}
]
15:53:16.422 [main] INFO  sudoku.model.SudokuBoard - Wartość 0 wstawiona nieprawidłowo
15:53:16.422 [main] INFO  sudoku.model.SudokuBoard - Bład w kwadracie 0
sudoku.model.SudokuBoard@3193e21d[
  size=9
  solver=sudoku.model.BacktrackingSudokuSolver@79604abe
  board={{6,7,8,4,5,9,1,2,3},{3,9,1,6,7,2,4,5,8},{2,5,4,1,8,3,6,7,9},{9,3,2,5,6,4,7,8,1},{4,1,6,2,3,7,0,0,0},{0,0,0,0,0,0,0,0,0},{0,0,0,0,0,0,0,0,0},{0,0,0,0,0,0,0,0,0},{0,0,0,0,0,0,0,0,0}}
]
15:53:16.423 [main] INFO  sudoku.model.SudokuBoard - Wartość 0 wstawiona nieprawidłowo
15:53:16.423 [main] INFO  sudoku.model.SudokuBoard - Bład w kwadracie 0
sudoku.model.SudokuBoard@3193e21d[
  size=9
  solver=sudoku.model.BacktrackingSudokuSolver@79604abe
  board={{6,7,8,4,5,9,1,2,3},{3,9,1,6,7,2,4,5,8},{2,5,4,1,8,3,6,7,9},{9,3,2,5,6,4,7,8,1},{4,1,6,2,3,7,5,0,0},{0,0,0,0,0,0,0,0,0},{0,0,0,0,0,0,0,0,0},{0,0,0,0,0,0,0,0,0},{0,0,0,0,0,0,0,0,0}}
]
15:53:16.423 [main] INFO  sudoku.model.SudokuBoard - Wartość 0 wstawiona nieprawidłowo
15:53:16.423 [main] INFO  sudoku.model.SudokuBoard - Bład w kwadracie 0
sudoku.model.SudokuBoard@3193e21d[
  size=9
  solver=sudoku.model.BacktrackingSudokuSolver@79604abe
  board={{6,7,8,4,5,9,1,2,3},{3,9,1,6,7,2,4,5,8},{2,5,4,1,8,3,6,7,9},{9,3,2,5,6,4,7,8,1},{4,1,6,2,3,7,0,0,0},{0,0,0,0,0,0,0,0,0},{0,0,0,0,0,0,0,0,0},{0,0,0,0,0,0,0,0,0},{0,0,0,0,0,0,0,0,0}}
]
15:53:16.423 [main] INFO  sudoku.model.SudokuBoard - Wartość 0 wstawiona nieprawidłowo
15:53:16.424 [main] INFO  sudoku.model.SudokuBoard - Bład w kwadracie 0
sudoku.model.SudokuBoard@3193e21d[
  size=9
  solver=sudoku.model.BacktrackingSudokuSolver@79604abe
  board={{6,7,8,4,5,9,1,2,3},{3,9,1,6,7,2,4,5,8},{2,5,4,1,8,3,6,7,9},{9,3,2,5,6,4,7,8,1},{4,1,6,2,3,0,0,0,0},{0,0,0,0,0,0,0,0,0},{0,0,0,0,0,0,0,0,0},{0,0,0,0,0,0,0,0,0},{0,0,0,0,0,0,0,0,0}}
]
15:53:16.424 [main] INFO  sudoku.model.SudokuBoard - Wartość 0 wstawiona nieprawidłowo
15:53:16.425 [main] INFO  sudoku.model.SudokuBoard - Bład w kwadracie 0
sudoku.model.SudokuBoard@3193e21d[
  size=9
  solver=sudoku.model.BacktrackingSudokuSolver@79604abe
  board={{6,7,8,4,5,9,1,2,3},{3,9,1,6,7,2,4,5,8},{2,5,4,1,8,3,6,7,9},{9,3,2,5,6,4,7,8,1},{4,1,6,2,3,8,5,0,0},{0,0,0,0,0,0,0,0,0},{0,0,0,0,0,0,0,0,0},{0,0,0,0,0,0,0,0,0},{0,0,0,0,0,0,0,0,0}}
]
15:53:16.425 [main] INFO  sudoku.model.SudokuBoard - Wartość 0 wstawiona nieprawidłowo
15:53:16.426 [main] INFO  sudoku.model.SudokuBoard - Bład w kwadracie 0
sudoku.model.SudokuBoard@3193e21d[
  size=9
  solver=sudoku.model.BacktrackingSudokuSolver@79604abe
  board={{6,7,8,4,5,9,1,2,3},{3,9,1,6,7,2,4,5,8},{2,5,4,1,8,3,6,7,9},{9,3,2,5,6,4,7,8,1},{4,1,6,2,3,8,0,0,0},{0,0,0,0,0,0,0,0,0},{0,0,0,0,0,0,0,0,0},{0,0,0,0,0,0,0,0,0},{0,0,0,0,0,0,0,0,0}}
]
15:53:16.426 [main] INFO  sudoku.model.SudokuBoard - Wartość 0 wstawiona nieprawidłowo
15:53:16.426 [main] INFO  sudoku.model.SudokuBoard - Bład w kwadracie 0
sudoku.model.SudokuBoard@3193e21d[
  size=9
  solver=sudoku.model.BacktrackingSudokuSolver@79604abe
  board={{6,7,8,4,5,9,1,2,3},{3,9,1,6,7,2,4,5,8},{2,5,4,1,8,3,6,7,9},{9,3,2,5,6,4,7,8,1},{4,1,6,2,3,8,0,0,0},{0,0,0,0,0,0,0,0,0},{0,0,0,0,0,0,0,0,0},{0,0,0,0,0,0,0,0,0},{0,0,0,0,0,0,0,0,0}}
]
15:53:16.426 [main] INFO  sudoku.model.SudokuBoard - Wartość 0 wstawiona nieprawidłowo
15:53:16.426 [main] INFO  sudoku.model.SudokuBoard - Bład w kwadracie 0
sudoku.model.SudokuBoard@3193e21d[
  size=9
  solver=sudoku.model.BacktrackingSudokuSolver@79604abe
  board={{6,7,8,4,5,9,1,2,3},{3,9,1,6,7,2,4,5,8},{2,5,4,1,8,3,6,7,9},{9,3,2,5,6,4,7,8,1},{4,1,6,2,3,0,0,0,0},{0,0,0,0,0,0,0,0,0},{0,0,0,0,0,0,0,0,0},{0,0,0,0,0,0,0,0,0},{0,0,0,0,0,0,0,0,0}}
]
15:53:16.426 [main] INFO  sudoku.model.SudokuBoard - Wartość 0 wstawiona nieprawidłowo
15:53:16.427 [main] INFO  sudoku.model.SudokuBoard - Bład w kwadracie 0
sudoku.model.SudokuBoard@3193e21d[
  size=9
  solver=sudoku.model.BacktrackingSudokuSolver@79604abe
  board={{6,7,8,4,5,9,1,2,3},{3,9,1,6,7,2,4,5,8},{2,5,4,1,8,3,6,7,9},{9,3,2,5,6,4,7,8,1},{4,1,6,2,0,0,0,0,0},{0,0,0,0,0,0,0,0,0},{0,0,0,0,0,0,0,0,0},{0,0,0,0,0,0,0,0,0},{0,0,0,0,0,0,0,0,0}}
]
15:53:16.427 [main] INFO  sudoku.model.SudokuBoard - Wartość 0 wstawiona nieprawidłowo
15:53:16.427 [main] INFO  sudoku.model.SudokuBoard - Bład w kwadracie 0
sudoku.model.SudokuBoard@3193e21d[
  size=9
  solver=sudoku.model.BacktrackingSudokuSolver@79604abe
  board={{6,7,8,4,5,9,1,2,3},{3,9,1,6,7,2,4,5,8},{2,5,4,1,8,3,6,7,9},{9,3,2,5,6,4,7,8,1},{4,1,6,2,9,7,5,0,0},{0,0,0,0,0,0,0,0,0},{0,0,0,0,0,0,0,0,0},{0,0,0,0,0,0,0,0,0},{0,0,0,0,0,0,0,0,0}}
]
15:53:16.427 [main] INFO  sudoku.model.SudokuBoard - Wartość 0 wstawiona nieprawidłowo
15:53:16.427 [main] INFO  sudoku.model.SudokuBoard - Bład w kwadracie 0
sudoku.model.SudokuBoard@3193e21d[
  size=9
  solver=sudoku.model.BacktrackingSudokuSolver@79604abe
  board={{6,7,8,4,5,9,1,2,3},{3,9,1,6,7,2,4,5,8},{2,5,4,1,8,3,6,7,9},{9,3,2,5,6,4,7,8,1},{4,1,6,2,9,7,0,0,0},{0,0,0,0,0,0,0,0,0},{0,0,0,0,0,0,0,0,0},{0,0,0,0,0,0,0,0,0},{0,0,0,0,0,0,0,0,0}}
]
15:53:16.427 [main] INFO  sudoku.model.SudokuBoard - Wartość 0 wstawiona nieprawidłowo
15:53:16.428 [main] INFO  sudoku.model.SudokuBoard - Bład w kwadracie 0
sudoku.model.SudokuBoard@3193e21d[
  size=9
  solver=sudoku.model.BacktrackingSudokuSolver@79604abe
  board={{6,7,8,4,5,9,1,2,3},{3,9,1,6,7,2,4,5,8},{2,5,4,1,8,3,6,7,9},{9,3,2,5,6,4,7,8,1},{4,1,6,2,9,7,0,0,0},{0,0,0,0,0,0,0,0,0},{0,0,0,0,0,0,0,0,0},{0,0,0,0,0,0,0,0,0},{0,0,0,0,0,0,0,0,0}}
]
15:53:16.428 [main] INFO  sudoku.model.SudokuBoard - Wartość 0 wstawiona nieprawidłowo
15:53:16.428 [main] INFO  sudoku.model.SudokuBoard - Bład w kwadracie 0
sudoku.model.SudokuBoard@3193e21d[
  size=9
  solver=sudoku.model.BacktrackingSudokuSolver@79604abe
  board={{6,7,8,4,5,9,1,2,3},{3,9,1,6,7,2,4,5,8},{2,5,4,1,8,3,6,7,9},{9,3,2,5,6,4,7,8,1},{4,1,6,2,9,0,0,0,0},{0,0,0,0,0,0,0,0,0},{0,0,0,0,0,0,0,0,0},{0,0,0,0,0,0,0,0,0},{0,0,0,0,0,0,0,0,0}}
]
15:53:16.428 [main] INFO  sudoku.model.SudokuBoard - Wartość 0 wstawiona nieprawidłowo
15:53:16.428 [main] INFO  sudoku.model.SudokuBoard - Bład w kwadracie 0
sudoku.model.SudokuBoard@3193e21d[
  size=9
  solver=sudoku.model.BacktrackingSudokuSolver@79604abe
  board={{6,7,8,4,5,9,1,2,3},{3,9,1,6,7,2,4,5,8},{2,5,4,1,8,3,6,7,9},{9,3,2,5,6,4,7,8,1},{4,1,6,2,9,8,5,0,0},{0,0,0,0,0,0,0,0,0},{0,0,0,0,0,0,0,0,0},{0,0,0,0,0,0,0,0,0},{0,0,0,0,0,0,0,0,0}}
]
15:53:16.428 [main] INFO  sudoku.model.SudokuBoard - Wartość 0 wstawiona nieprawidłowo
15:53:16.428 [main] INFO  sudoku.model.SudokuBoard - Bład w kwadracie 0
sudoku.model.SudokuBoard@3193e21d[
  size=9
  solver=sudoku.model.BacktrackingSudokuSolver@79604abe
  board={{6,7,8,4,5,9,1,2,3},{3,9,1,6,7,2,4,5,8},{2,5,4,1,8,3,6,7,9},{9,3,2,5,6,4,7,8,1},{4,1,6,2,9,8,0,0,0},{0,0,0,0,0,0,0,0,0},{0,0,0,0,0,0,0,0,0},{0,0,0,0,0,0,0,0,0},{0,0,0,0,0,0,0,0,0}}
]
15:53:16.429 [main] INFO  sudoku.model.SudokuBoard - Wartość 0 wstawiona nieprawidłowo
15:53:16.429 [main] INFO  sudoku.model.SudokuBoard - Bład w kwadracie 0
sudoku.model.SudokuBoard@3193e21d[
  size=9
  solver=sudoku.model.BacktrackingSudokuSolver@79604abe
  board={{6,7,8,4,5,9,1,2,3},{3,9,1,6,7,2,4,5,8},{2,5,4,1,8,3,6,7,9},{9,3,2,5,6,4,7,8,1},{4,1,6,2,9,8,0,0,0},{0,0,0,0,0,0,0,0,0},{0,0,0,0,0,0,0,0,0},{0,0,0,0,0,0,0,0,0},{0,0,0,0,0,0,0,0,0}}
]
15:53:16.429 [main] INFO  sudoku.model.SudokuBoard - Wartość 0 wstawiona nieprawidłowo
15:53:16.430 [main] INFO  sudoku.model.SudokuBoard - Bład w kwadracie 0
sudoku.model.SudokuBoard@3193e21d[
  size=9
  solver=sudoku.model.BacktrackingSudokuSolver@79604abe
  board={{6,7,8,4,5,9,1,2,3},{3,9,1,6,7,2,4,5,8},{2,5,4,1,8,3,6,7,9},{9,3,2,5,6,4,7,8,1},{4,1,6,2,9,0,0,0,0},{0,0,0,0,0,0,0,0,0},{0,0,0,0,0,0,0,0,0},{0,0,0,0,0,0,0,0,0},{0,0,0,0,0,0,0,0,0}}
]
15:53:16.430 [main] INFO  sudoku.model.SudokuBoard - Wartość 0 wstawiona nieprawidłowo
15:53:16.430 [main] INFO  sudoku.model.SudokuBoard - Bład w kwadracie 0
sudoku.model.SudokuBoard@3193e21d[
  size=9
  solver=sudoku.model.BacktrackingSudokuSolver@79604abe
  board={{6,7,8,4,5,9,1,2,3},{3,9,1,6,7,2,4,5,8},{2,5,4,1,8,3,6,7,9},{9,3,2,5,6,4,7,8,1},{4,1,6,2,0,0,0,0,0},{0,0,0,0,0,0,0,0,0},{0,0,0,0,0,0,0,0,0},{0,0,0,0,0,0,0,0,0},{0,0,0,0,0,0,0,0,0}}
]
15:53:16.430 [main] INFO  sudoku.model.SudokuBoard - Wartość 0 wstawiona nieprawidłowo
15:53:16.431 [main] INFO  sudoku.model.SudokuBoard - Bład w kwadracie 0
sudoku.model.SudokuBoard@3193e21d[
  size=9
  solver=sudoku.model.BacktrackingSudokuSolver@79604abe
  board={{6,7,8,4,5,9,1,2,3},{3,9,1,6,7,2,4,5,8},{2,5,4,1,8,3,6,7,9},{9,3,2,5,6,4,7,8,1},{4,1,6,0,0,0,0,0,0},{0,0,0,0,0,0,0,0,0},{0,0,0,0,0,0,0,0,0},{0,0,0,0,0,0,0,0,0},{0,0,0,0,0,0,0,0,0}}
]
15:53:16.431 [main] INFO  sudoku.model.SudokuBoard - Wartość 0 wstawiona nieprawidłowo
15:53:16.431 [main] INFO  sudoku.model.SudokuBoard - Bład w kwadracie 0
sudoku.model.SudokuBoard@3193e21d[
  size=9
  solver=sudoku.model.BacktrackingSudokuSolver@79604abe
  board={{6,7,8,4,5,9,1,2,3},{3,9,1,6,7,2,4,5,8},{2,5,4,1,8,3,6,7,9},{9,3,2,5,6,4,7,8,1},{4,1,6,3,9,7,0,0,0},{0,0,0,0,0,0,0,0,0},{0,0,0,0,0,0,0,0,0},{0,0,0,0,0,0,0,0,0},{0,0,0,0,0,0,0,0,0}}
]
15:53:16.431 [main] INFO  sudoku.model.SudokuBoard - Wartość 0 wstawiona nieprawidłowo
15:53:16.433 [main] INFO  sudoku.model.SudokuBoard - Bład w kwadracie 0
sudoku.model.SudokuBoard@3193e21d[
  size=9
  solver=sudoku.model.BacktrackingSudokuSolver@79604abe
  board={{6,7,8,4,5,9,1,2,3},{3,9,1,6,7,2,4,5,8},{2,5,4,1,8,3,6,7,9},{9,3,2,5,6,4,7,8,1},{4,1,6,3,9,7,0,0,0},{0,0,0,0,0,0,0,0,0},{0,0,0,0,0,0,0,0,0},{0,0,0,0,0,0,0,0,0},{0,0,0,0,0,0,0,0,0}}
]
15:53:16.433 [main] INFO  sudoku.model.SudokuBoard - Wartość 0 wstawiona nieprawidłowo
15:53:16.434 [main] INFO  sudoku.model.SudokuBoard - Bład w kwadracie 0
sudoku.model.SudokuBoard@3193e21d[
  size=9
  solver=sudoku.model.BacktrackingSudokuSolver@79604abe
  board={{6,7,8,4,5,9,1,2,3},{3,9,1,6,7,2,4,5,8},{2,5,4,1,8,3,6,7,9},{9,3,2,5,6,4,7,8,1},{4,1,6,3,9,0,0,0,0},{0,0,0,0,0,0,0,0,0},{0,0,0,0,0,0,0,0,0},{0,0,0,0,0,0,0,0,0},{0,0,0,0,0,0,0,0,0}}
]
15:53:16.434 [main] INFO  sudoku.model.SudokuBoard - Wartość 0 wstawiona nieprawidłowo
15:53:16.434 [main] INFO  sudoku.model.SudokuBoard - Bład w kwadracie 0
sudoku.model.SudokuBoard@3193e21d[
  size=9
  solver=sudoku.model.BacktrackingSudokuSolver@79604abe
  board={{6,7,8,4,5,9,1,2,3},{3,9,1,6,7,2,4,5,8},{2,5,4,1,8,3,6,7,9},{9,3,2,5,6,4,7,8,1},{4,1,6,3,9,8,0,0,0},{0,0,0,0,0,0,0,0,0},{0,0,0,0,0,0,0,0,0},{0,0,0,0,0,0,0,0,0},{0,0,0,0,0,0,0,0,0}}
]
15:53:16.434 [main] INFO  sudoku.model.SudokuBoard - Wartość 0 wstawiona nieprawidłowo
15:53:16.434 [main] INFO  sudoku.model.SudokuBoard - Bład w kwadracie 0
sudoku.model.SudokuBoard@3193e21d[
  size=9
  solver=sudoku.model.BacktrackingSudokuSolver@79604abe
  board={{6,7,8,4,5,9,1,2,3},{3,9,1,6,7,2,4,5,8},{2,5,4,1,8,3,6,7,9},{9,3,2,5,6,4,7,8,1},{4,1,6,3,9,8,0,0,0},{0,0,0,0,0,0,0,0,0},{0,0,0,0,0,0,0,0,0},{0,0,0,0,0,0,0,0,0},{0,0,0,0,0,0,0,0,0}}
]
15:53:16.434 [main] INFO  sudoku.model.SudokuBoard - Wartość 0 wstawiona nieprawidłowo
15:53:16.434 [main] INFO  sudoku.model.SudokuBoard - Bład w kwadracie 0
sudoku.model.SudokuBoard@3193e21d[
  size=9
  solver=sudoku.model.BacktrackingSudokuSolver@79604abe
  board={{6,7,8,4,5,9,1,2,3},{3,9,1,6,7,2,4,5,8},{2,5,4,1,8,3,6,7,9},{9,3,2,5,6,4,7,8,1},{4,1,6,3,9,0,0,0,0},{0,0,0,0,0,0,0,0,0},{0,0,0,0,0,0,0,0,0},{0,0,0,0,0,0,0,0,0},{0,0,0,0,0,0,0,0,0}}
]
15:53:16.434 [main] INFO  sudoku.model.SudokuBoard - Wartość 0 wstawiona nieprawidłowo
15:53:16.435 [main] INFO  sudoku.model.SudokuBoard - Bład w kwadracie 0
sudoku.model.SudokuBoard@3193e21d[
  size=9
  solver=sudoku.model.BacktrackingSudokuSolver@79604abe
  board={{6,7,8,4,5,9,1,2,3},{3,9,1,6,7,2,4,5,8},{2,5,4,1,8,3,6,7,9},{9,3,2,5,6,4,7,8,1},{4,1,6,3,0,0,0,0,0},{0,0,0,0,0,0,0,0,0},{0,0,0,0,0,0,0,0,0},{0,0,0,0,0,0,0,0,0},{0,0,0,0,0,0,0,0,0}}
]
15:53:16.435 [main] INFO  sudoku.model.SudokuBoard - Wartość 0 wstawiona nieprawidłowo
15:53:16.435 [main] INFO  sudoku.model.SudokuBoard - Bład w kwadracie 0
sudoku.model.SudokuBoard@3193e21d[
  size=9
  solver=sudoku.model.BacktrackingSudokuSolver@79604abe
  board={{6,7,8,4,5,9,1,2,3},{3,9,1,6,7,2,4,5,8},{2,5,4,1,8,3,6,7,9},{9,3,2,5,6,4,7,8,1},{4,1,6,3,2,7,0,0,0},{0,0,0,0,0,0,0,0,0},{0,0,0,0,0,0,0,0,0},{0,0,0,0,0,0,0,0,0},{0,0,0,0,0,0,0,0,0}}
]
15:53:16.435 [main] INFO  sudoku.model.SudokuBoard - Wartość 0 wstawiona nieprawidłowo
15:53:16.435 [main] INFO  sudoku.model.SudokuBoard - Bład w kwadracie 0
sudoku.model.SudokuBoard@3193e21d[
  size=9
  solver=sudoku.model.BacktrackingSudokuSolver@79604abe
  board={{6,7,8,4,5,9,1,2,3},{3,9,1,6,7,2,4,5,8},{2,5,4,1,8,3,6,7,9},{9,3,2,5,6,4,7,8,1},{4,1,6,3,2,7,5,0,0},{0,0,0,0,0,0,0,0,0},{0,0,0,0,0,0,0,0,0},{0,0,0,0,0,0,0,0,0},{0,0,0,0,0,0,0,0,0}}
]
15:53:16.435 [main] INFO  sudoku.model.SudokuBoard - Wartość 0 wstawiona nieprawidłowo
15:53:16.436 [main] INFO  sudoku.model.SudokuBoard - Bład w kwadracie 0
sudoku.model.SudokuBoard@3193e21d[
  size=9
  solver=sudoku.model.BacktrackingSudokuSolver@79604abe
  board={{6,7,8,4,5,9,1,2,3},{3,9,1,6,7,2,4,5,8},{2,5,4,1,8,3,6,7,9},{9,3,2,5,6,4,7,8,1},{4,1,6,3,2,7,0,0,0},{0,0,0,0,0,0,0,0,0},{0,0,0,0,0,0,0,0,0},{0,0,0,0,0,0,0,0,0},{0,0,0,0,0,0,0,0,0}}
]
15:53:16.436 [main] INFO  sudoku.model.SudokuBoard - Wartość 0 wstawiona nieprawidłowo
15:53:16.436 [main] INFO  sudoku.model.SudokuBoard - Bład w kwadracie 0
sudoku.model.SudokuBoard@3193e21d[
  size=9
  solver=sudoku.model.BacktrackingSudokuSolver@79604abe
  board={{6,7,8,4,5,9,1,2,3},{3,9,1,6,7,2,4,5,8},{2,5,4,1,8,3,6,7,9},{9,3,2,5,6,4,7,8,1},{4,1,6,3,2,0,0,0,0},{0,0,0,0,0,0,0,0,0},{0,0,0,0,0,0,0,0,0},{0,0,0,0,0,0,0,0,0},{0,0,0,0,0,0,0,0,0}}
]
15:53:16.436 [main] INFO  sudoku.model.SudokuBoard - Wartość 0 wstawiona nieprawidłowo
15:53:16.436 [main] INFO  sudoku.model.SudokuBoard - Bład w kwadracie 0
sudoku.model.SudokuBoard@3193e21d[
  size=9
  solver=sudoku.model.BacktrackingSudokuSolver@79604abe
  board={{6,7,8,4,5,9,1,2,3},{3,9,1,6,7,2,4,5,8},{2,5,4,1,8,3,6,7,9},{9,3,2,5,6,4,7,8,1},{4,1,6,3,2,8,5,0,0},{0,0,0,0,0,0,0,0,0},{0,0,0,0,0,0,0,0,0},{0,0,0,0,0,0,0,0,0},{0,0,0,0,0,0,0,0,0}}
]
15:53:16.436 [main] INFO  sudoku.model.SudokuBoard - Wartość 0 wstawiona nieprawidłowo
15:53:16.436 [main] INFO  sudoku.model.SudokuBoard - Bład w kwadracie 0
sudoku.model.SudokuBoard@3193e21d[
  size=9
  solver=sudoku.model.BacktrackingSudokuSolver@79604abe
  board={{6,7,8,4,5,9,1,2,3},{3,9,1,6,7,2,4,5,8},{2,5,4,1,8,3,6,7,9},{9,3,2,5,6,4,7,8,1},{4,1,6,3,2,8,0,0,0},{0,0,0,0,0,0,0,0,0},{0,0,0,0,0,0,0,0,0},{0,0,0,0,0,0,0,0,0},{0,0,0,0,0,0,0,0,0}}
]
15:53:16.436 [main] INFO  sudoku.model.SudokuBoard - Wartość 0 wstawiona nieprawidłowo
15:53:16.437 [main] INFO  sudoku.model.SudokuBoard - Bład w kwadracie 0
sudoku.model.SudokuBoard@3193e21d[
  size=9
  solver=sudoku.model.BacktrackingSudokuSolver@79604abe
  board={{6,7,8,4,5,9,1,2,3},{3,9,1,6,7,2,4,5,8},{2,5,4,1,8,3,6,7,9},{9,3,2,5,6,4,7,8,1},{4,1,6,3,2,8,0,0,0},{0,0,0,0,0,0,0,0,0},{0,0,0,0,0,0,0,0,0},{0,0,0,0,0,0,0,0,0},{0,0,0,0,0,0,0,0,0}}
]
15:53:16.437 [main] INFO  sudoku.model.SudokuBoard - Wartość 0 wstawiona nieprawidłowo
15:53:16.437 [main] INFO  sudoku.model.SudokuBoard - Bład w kwadracie 0
sudoku.model.SudokuBoard@3193e21d[
  size=9
  solver=sudoku.model.BacktrackingSudokuSolver@79604abe
  board={{6,7,8,4,5,9,1,2,3},{3,9,1,6,7,2,4,5,8},{2,5,4,1,8,3,6,7,9},{9,3,2,5,6,4,7,8,1},{4,1,6,3,2,0,0,0,0},{0,0,0,0,0,0,0,0,0},{0,0,0,0,0,0,0,0,0},{0,0,0,0,0,0,0,0,0},{0,0,0,0,0,0,0,0,0}}
]
15:53:16.437 [main] INFO  sudoku.model.SudokuBoard - Wartość 0 wstawiona nieprawidłowo
15:53:16.437 [main] INFO  sudoku.model.SudokuBoard - Bład w kwadracie 0
sudoku.model.SudokuBoard@3193e21d[
  size=9
  solver=sudoku.model.BacktrackingSudokuSolver@79604abe
  board={{6,7,8,4,5,9,1,2,3},{3,9,1,6,7,2,4,5,8},{2,5,4,1,8,3,6,7,9},{9,3,2,5,6,4,7,8,1},{4,1,6,3,0,0,0,0,0},{0,0,0,0,0,0,0,0,0},{0,0,0,0,0,0,0,0,0},{0,0,0,0,0,0,0,0,0},{0,0,0,0,0,0,0,0,0}}
]
15:53:16.437 [main] INFO  sudoku.model.SudokuBoard - Wartość 0 wstawiona nieprawidłowo
15:53:16.437 [main] INFO  sudoku.model.SudokuBoard - Bład w kwadracie 0
sudoku.model.SudokuBoard@3193e21d[
  size=9
  solver=sudoku.model.BacktrackingSudokuSolver@79604abe
  board={{6,7,8,4,5,9,1,2,3},{3,9,1,6,7,2,4,5,8},{2,5,4,1,8,3,6,7,9},{9,3,2,5,6,4,7,8,1},{4,1,6,0,0,0,0,0,0},{0,0,0,0,0,0,0,0,0},{0,0,0,0,0,0,0,0,0},{0,0,0,0,0,0,0,0,0},{0,0,0,0,0,0,0,0,0}}
]
15:53:16.437 [main] INFO  sudoku.model.SudokuBoard - Wartość 0 wstawiona nieprawidłowo
15:53:16.438 [main] INFO  sudoku.model.SudokuBoard - Bład w kwadracie 0
sudoku.model.SudokuBoard@3193e21d[
  size=9
  solver=sudoku.model.BacktrackingSudokuSolver@79604abe
  board={{6,7,8,4,5,9,1,2,3},{3,9,1,6,7,2,4,5,8},{2,5,4,1,8,3,6,7,9},{9,3,2,5,6,4,7,8,1},{4,1,6,7,9,8,2,3,5},{5,8,7,2,0,0,0,0,0},{0,0,0,0,0,0,0,0,0},{0,0,0,0,0,0,0,0,0},{0,0,0,0,0,0,0,0,0}}
]
15:53:16.438 [main] INFO  sudoku.model.SudokuBoard - Wartość 0 wstawiona nieprawidłowo
15:53:16.438 [main] INFO  sudoku.model.SudokuBoard - Bład w kwadracie 0
sudoku.model.SudokuBoard@3193e21d[
  size=9
  solver=sudoku.model.BacktrackingSudokuSolver@79604abe
  board={{6,7,8,4,5,9,1,2,3},{3,9,1,6,7,2,4,5,8},{2,5,4,1,8,3,6,7,9},{9,3,2,5,6,4,7,8,1},{4,1,6,7,9,8,2,3,5},{5,8,7,2,3,1,9,6,4},{7,4,3,8,1,0,0,0,0},{0,0,0,0,0,0,0,0,0},{0,0,0,0,0,0,0,0,0}}
]
15:53:16.438 [main] INFO  sudoku.model.SudokuBoard - Wartość 0 wstawiona nieprawidłowo
15:53:16.439 [main] INFO  sudoku.model.SudokuBoard - Bład w kwadracie 0
sudoku.model.SudokuBoard@3193e21d[
  size=9
  solver=sudoku.model.BacktrackingSudokuSolver@79604abe
  board={{6,7,8,4,5,9,1,2,3},{3,9,1,6,7,2,4,5,8},{2,5,4,1,8,3,6,7,9},{9,3,2,5,6,4,7,8,1},{4,1,6,7,9,8,2,3,5},{5,8,7,2,3,1,9,6,4},{7,4,3,8,1,6,5,9,2},{8,2,5,3,4,0,0,0,0},{0,0,0,0,0,0,0,0,0}}
]
15:53:16.439 [main] INFO  sudoku.model.SudokuBoard - Wartość 0 wstawiona nieprawidłowo
15:53:16.439 [main] INFO  sudoku.model.SudokuBoard - Bład w kwadracie 0
sudoku.model.SudokuBoard@3193e21d[
  size=9
  solver=sudoku.model.BacktrackingSudokuSolver@79604abe
  board={{6,7,8,4,5,9,1,2,3},{3,9,1,6,7,2,4,5,8},{2,5,4,1,8,3,6,7,9},{9,3,2,5,6,4,7,8,1},{4,1,6,7,9,8,2,3,5},{5,8,7,2,3,1,9,6,4},{7,4,3,8,1,6,5,9,2},{8,2,5,3,0,0,0,0,0},{0,0,0,0,0,0,0,0,0}}
]
15:53:16.439 [main] INFO  sudoku.model.SudokuBoard - Wartość 0 wstawiona nieprawidłowo
15:53:16.439 [main] INFO  sudoku.model.SudokuBoard - Bład w kwadracie 0
sudoku.model.SudokuBoard@3193e21d[
  size=9
  solver=sudoku.model.BacktrackingSudokuSolver@79604abe
  board={{6,7,8,4,5,9,1,2,3},{3,9,1,6,7,2,4,5,8},{2,5,4,1,8,3,6,7,9},{9,3,2,5,6,4,7,8,1},{4,1,6,7,9,8,2,3,5},{5,8,7,2,3,1,9,6,4},{7,4,3,8,1,6,5,9,2},{8,2,5,0,0,0,0,0,0},{0,0,0,0,0,0,0,0,0}}
]
15:53:16.439 [main] INFO  sudoku.model.SudokuBoard - Wartość 0 wstawiona nieprawidłowo
]]></system-out>
  </testcase>
</testsuite>