<?xml version="1.0" encoding="UTF-8"?>
<testsuite xmlns:xsi="http://www.w3.org/2001/XMLSchema-instance" xsi:noNamespaceSchemaLocation="https://maven.apache.org/surefire/maven-surefire-plugin/xsd/surefire-test-report-3.0.xsd" version="3.0" name="sudoku.model.SudokuBoardTest" time="0.191" tests="14" errors="0" skipped="0" failures="0">
  <properties>
    <property name="java.specification.version" value="14"/>
    <property name="sun.cpu.isalist" value="amd64"/>
    <property name="sun.jnu.encoding" value="Cp1250"/>
    <property name="java.class.path" value="E:\studia\Sem-3\Programowanie komponentowe (07 72 3060 19)_pliki\ProjektKompo\an_pn_1145_03\Model\target\test-classes;C:\Users\maldo\.m2\repository\org\junit\jupiter\junit-jupiter-engine\5.6.2\junit-jupiter-engine-5.6.2.jar;C:\Users\maldo\.m2\repository\org\apiguardian\apiguardian-api\1.1.0\apiguardian-api-1.1.0.jar;C:\Users\maldo\.m2\repository\org\junit\platform\junit-platform-engine\1.6.2\junit-platform-engine-1.6.2.jar;C:\Users\maldo\.m2\repository\org\opentest4j\opentest4j\1.2.0\opentest4j-1.2.0.jar;C:\Users\maldo\.m2\repository\org\junit\platform\junit-platform-commons\1.6.2\junit-platform-commons-1.6.2.jar;C:\Users\maldo\.m2\repository\org\junit\jupiter\junit-jupiter-api\5.6.2\junit-jupiter-api-5.6.2.jar;C:\Users\maldo\.m2\repository\ch\qos\logback\logback-classic\1.1.7\logback-classic-1.1.7.jar;C:\Users\maldo\.m2\repository\ch\qos\logback\logback-core\1.1.7\logback-core-1.1.7.jar;C:\Users\maldo\.m2\repository\org\openjfx\javafx-controls\13\javafx-controls-13.jar;C:\Users\maldo\.m2\repository\org\openjfx\javafx-controls\13\javafx-controls-13-win.jar;C:\Users\maldo\.m2\repository\org\openjfx\javafx-graphics\13\javafx-graphics-13.jar;C:\Users\maldo\.m2\repository\org\openjfx\javafx-graphics\13\javafx-graphics-13-win.jar;C:\Users\maldo\.m2\repository\org\openjfx\javafx-base\13\javafx-base-13.jar;C:\Users\maldo\.m2\repository\org\openjfx\javafx-fxml\13\javafx-fxml-13.jar;C:\Users\maldo\.m2\repository\org\openjfx\javafx-fxml\13\javafx-fxml-13-win.jar;"/>
    <property name="java.vm.vendor" value="Oracle Corporation"/>
    <property name="sun.arch.data.model" value="64"/>
    <property name="user.variant" value=""/>
    <property name="java.vendor.url" value="https://java.oracle.com/"/>
    <property name="user.timezone" value="Europe/Warsaw"/>
    <property name="os.name" value="Windows 10"/>
    <property name="java.vm.specification.version" value="14"/>
    <property name="sun.java.launcher" value="SUN_STANDARD"/>
    <property name="user.country" value="PL"/>
    <property name="sun.boot.library.path" value="C:\Program Files\Java\jdk-14.0.2\bin"/>
    <property name="sun.java.command" value="org.apache.maven.surefire.booter.ForkedBooter C:\Users\maldo\AppData\Local\Temp\surefire11403962640364129957 2021-01-22T17-37-08_046-jvmRun1 surefire17689546544271545101tmp surefire_04216692170467547107tmp"/>
    <property name="jdk.debug" value="release"/>
    <property name="surefire.test.class.path" value="E:\studia\Sem-3\Programowanie komponentowe (07 72 3060 19)_pliki\ProjektKompo\an_pn_1145_03\Model\target\test-classes;C:\Users\maldo\.m2\repository\org\junit\jupiter\junit-jupiter-engine\5.6.2\junit-jupiter-engine-5.6.2.jar;C:\Users\maldo\.m2\repository\org\apiguardian\apiguardian-api\1.1.0\apiguardian-api-1.1.0.jar;C:\Users\maldo\.m2\repository\org\junit\platform\junit-platform-engine\1.6.2\junit-platform-engine-1.6.2.jar;C:\Users\maldo\.m2\repository\org\opentest4j\opentest4j\1.2.0\opentest4j-1.2.0.jar;C:\Users\maldo\.m2\repository\org\junit\platform\junit-platform-commons\1.6.2\junit-platform-commons-1.6.2.jar;C:\Users\maldo\.m2\repository\org\junit\jupiter\junit-jupiter-api\5.6.2\junit-jupiter-api-5.6.2.jar;C:\Users\maldo\.m2\repository\ch\qos\logback\logback-classic\1.1.7\logback-classic-1.1.7.jar;C:\Users\maldo\.m2\repository\ch\qos\logback\logback-core\1.1.7\logback-core-1.1.7.jar;C:\Users\maldo\.m2\repository\org\openjfx\javafx-controls\13\javafx-controls-13.jar;C:\Users\maldo\.m2\repository\org\openjfx\javafx-controls\13\javafx-controls-13-win.jar;C:\Users\maldo\.m2\repository\org\openjfx\javafx-graphics\13\javafx-graphics-13.jar;C:\Users\maldo\.m2\repository\org\openjfx\javafx-graphics\13\javafx-graphics-13-win.jar;C:\Users\maldo\.m2\repository\org\openjfx\javafx-base\13\javafx-base-13.jar;C:\Users\maldo\.m2\repository\org\openjfx\javafx-fxml\13\javafx-fxml-13.jar;C:\Users\maldo\.m2\repository\org\openjfx\javafx-fxml\13\javafx-fxml-13-win.jar;"/>
    <property name="sun.cpu.endian" value="little"/>
    <property name="user.home" value="C:\Users\maldo"/>
    <property name="user.language" value="pl"/>
    <property name="java.specification.vendor" value="Oracle Corporation"/>
    <property name="jdk.module.path" value="E:\studia\Sem-3\Programowanie komponentowe (07 72 3060 19)_pliki\ProjektKompo\an_pn_1145_03\Model\target\classes;C:\Users\maldo\.m2\repository\org\apache\commons\commons-lang3\3.11\commons-lang3-3.11.jar;C:\Users\maldo\.m2\repository\org\slf4j\slf4j-api\1.7.30\slf4j-api-1.7.30.jar;C:\Users\maldo\.m2\repository\org\openjfx\javafx-base\13\javafx-base-13-win.jar"/>
    <property name="java.version.date" value="2020-07-14"/>
    <property name="java.home" value="C:\Program Files\Java\jdk-14.0.2"/>
    <property name="file.separator" value="\"/>
    <property name="basedir" value="E:\studia\Sem-3\Programowanie komponentowe (07 72 3060 19)_pliki\ProjektKompo\an_pn_1145_03\Model"/>
    <property name="java.vm.compressedOopsMode" value="Zero based"/>
    <property name="line.separator" value="&#10;"/>
    <property name="java.vm.specification.vendor" value="Oracle Corporation"/>
    <property name="java.specification.name" value="Java Platform API Specification"/>
    <property name="surefire.real.class.path" value="C:\Users\maldo\.m2\repository\org\apache\maven\surefire\surefire-booter\3.0.0-M5\surefire-booter-3.0.0-M5.jar;C:\Users\maldo\.m2\repository\org\apache\maven\surefire\surefire-api\3.0.0-M5\surefire-api-3.0.0-M5.jar;C:\Users\maldo\.m2\repository\org\apache\maven\surefire\surefire-logger-api\3.0.0-M5\surefire-logger-api-3.0.0-M5.jar;C:\Users\maldo\.m2\repository\org\apache\maven\surefire\surefire-shared-utils\3.0.0-M4\surefire-shared-utils-3.0.0-M4.jar;C:\Users\maldo\.m2\repository\org\apache\maven\surefire\surefire-extensions-spi\3.0.0-M5\surefire-extensions-spi-3.0.0-M5.jar;E:\studia\Sem-3\Programowanie komponentowe (07 72 3060 19)_pliki\ProjektKompo\an_pn_1145_03\Model\target\test-classes;C:\Users\maldo\.m2\repository\org\junit\jupiter\junit-jupiter-engine\5.6.2\junit-jupiter-engine-5.6.2.jar;C:\Users\maldo\.m2\repository\org\apiguardian\apiguardian-api\1.1.0\apiguardian-api-1.1.0.jar;C:\Users\maldo\.m2\repository\org\junit\platform\junit-platform-engine\1.6.2\junit-platform-engine-1.6.2.jar;C:\Users\maldo\.m2\repository\org\opentest4j\opentest4j\1.2.0\opentest4j-1.2.0.jar;C:\Users\maldo\.m2\repository\org\junit\platform\junit-platform-commons\1.6.2\junit-platform-commons-1.6.2.jar;C:\Users\maldo\.m2\repository\org\junit\jupiter\junit-jupiter-api\5.6.2\junit-jupiter-api-5.6.2.jar;C:\Users\maldo\.m2\repository\ch\qos\logback\logback-classic\1.1.7\logback-classic-1.1.7.jar;C:\Users\maldo\.m2\repository\ch\qos\logback\logback-core\1.1.7\logback-core-1.1.7.jar;C:\Users\maldo\.m2\repository\org\openjfx\javafx-controls\13\javafx-controls-13.jar;C:\Users\maldo\.m2\repository\org\openjfx\javafx-controls\13\javafx-controls-13-win.jar;C:\Users\maldo\.m2\repository\org\openjfx\javafx-graphics\13\javafx-graphics-13.jar;C:\Users\maldo\.m2\repository\org\openjfx\javafx-graphics\13\javafx-graphics-13-win.jar;C:\Users\maldo\.m2\repository\org\openjfx\javafx-base\13\javafx-base-13.jar;C:\Users\maldo\.m2\repository\org\openjfx\javafx-fxml\13\javafx-fxml-13.jar;C:\Users\maldo\.m2\repository\org\openjfx\javafx-fxml\13\javafx-fxml-13-win.jar;C:\Users\maldo\.m2\repository\org\apache\maven\surefire\surefire-junit-platform\3.0.0-M5\surefire-junit-platform-3.0.0-M5.jar;C:\Users\maldo\.m2\repository\org\apache\maven\surefire\common-java5\3.0.0-M5\common-java5-3.0.0-M5.jar;C:\Users\maldo\.m2\repository\org\junit\platform\junit-platform-launcher\1.6.2\junit-platform-launcher-1.6.2.jar"/>
    <property name="user.script" value=""/>
    <property name="sun.management.compiler" value="HotSpot 64-Bit Tiered Compilers"/>
    <property name="java.runtime.version" value="14.0.2+12-46"/>
    <property name="user.name" value="maldo"/>
    <property name="path.separator" value=";"/>
    <property name="os.version" value="10.0"/>
    <property name="java.runtime.name" value="Java(TM) SE Runtime Environment"/>
    <property name="file.encoding" value="Cp1250"/>
    <property name="java.vm.name" value="Java HotSpot(TM) 64-Bit Server VM"/>
    <property name="localRepository" value="C:\Users\maldo\.m2\repository"/>
    <property name="java.vendor.url.bug" value="https://bugreport.java.com/bugreport/"/>
    <property name="java.io.tmpdir" value="C:\Users\maldo\AppData\Local\Temp\"/>
    <property name="idea.version" value="2020.2.3"/>
    <property name="java.version" value="14.0.2"/>
    <property name="user.dir" value="E:\studia\Sem-3\Programowanie komponentowe (07 72 3060 19)_pliki\ProjektKompo\an_pn_1145_03\Model"/>
    <property name="os.arch" value="amd64"/>
    <property name="java.vm.specification.name" value="Java Virtual Machine Specification"/>
    <property name="sun.os.patch.level" value=""/>
    <property name="java.library.path" value="C:\Program Files\Java\jdk-14.0.2\bin;C:\WINDOWS\Sun\Java\bin;C:\WINDOWS\system32;C:\WINDOWS;C:\Program Files (x86)\Razer Chroma SDK\bin;C:\Program Files\Razer Chroma SDK\bin;C:\Python\Scripts\;C:\Python\;C:\Program Files (x86)\Intel\iCLS Client\;C:\Program Files\Intel\iCLS Client\;C:\Windows\system32;C:\Windows;C:\Windows\System32\Wbem;C:\Windows\System32\WindowsPowerShell\v1.0\;C:\Windows\System32\OpenSSH\;C:\Program Files (x86)\NVIDIA Corporation\PhysX\Common;C:\Program Files (x86)\Intel\Intel(R) Management Engine Components\DAL;C:\Program Files\Intel\Intel(R) Management Engine Components\DAL;C:\Program Files (x86)\Intel\Intel(R) Management Engine Components\IPT;C:\Program Files\Intel\Intel(R) Management Engine Components\IPT;C:\Program Files\Intel\WiFi\bin\;C:\Program Files\Common Files\Intel\WirelessCommon\;C:\Program Files (x86)\Windows Kits\8.1\Windows Performance Toolkit\;C:\Users\maldo\AppData\Local\Microsoft\WindowsApps;C:\Program Files\NVIDIA Corporation\NVIDIA NvDLISR;C:\Program Files (x86)\MKVToolNix;C:\WINDOWS\system32;C:\WINDOWS;C:\WINDOWS\System32\Wbem;C:\WINDOWS\System32\WindowsPowerShell\v1.0\;C:\WINDOWS\System32\OpenSSH\;E:\studia\Sem-3\Programowanie komponentowe (07 72 3060 19)_pliki\apache-maven-3.6.3\bin;C:\msys64\usr\bin;C:\Program Files\Java\jdk-14.0.2\bin;C:\Program Files (x86)\Calibre2\;C:\Users\maldo\AppData\Local\Microsoft\WindowsApps;C:\Program Files\Intel\WiFi\bin\;C:\Program Files\Common Files\Intel\WirelessCommon\;C:\Program Files\JetBrains\CLion 2019.3.3\bin;;C:\Users\maldo\AppData\Local\Programs\Microsoft VS Code\bin;C:\Users\maldo\AppData\Local\GitHubDesktop\bin;."/>
    <property name="java.vm.info" value="mixed mode"/>
    <property name="java.vendor" value="Oracle Corporation"/>
    <property name="java.vm.version" value="14.0.2+12-46"/>
    <property name="sun.io.unicode.encoding" value="UnicodeLittle"/>
    <property name="java.class.version" value="58.0"/>
  </properties>
  <testcase name="ShowBoardTest" classname="sudoku.model.SudokuBoardTest" time="0"/>
  <testcase name="testEqualsWrongObject" classname="sudoku.model.SudokuBoardTest" time="0"/>
  <testcase name="testToString" classname="sudoku.model.SudokuBoardTest" time="0.074">
    <system-out><![CDATA[17:37:11.205 [main] INFO  sudoku.model.SudokuBoard - Bład w kwadracie 0
sudoku.model.SudokuBoard@368424db[
  size=9
  solver=sudoku.model.BacktrackingSudokuSolver@44864536
  board={{9,8,2,4,1,5,6,7,3},{1,3,7,8,6,9,2,4,5},{4,5,6,7,2,3,8,9,1},{5,1,3,9,8,2,4,6,7},{8,9,4,1,3,6,5,0,0},{0,0,0,0,0,0,0,0,0},{0,0,0,0,0,0,0,0,0},{0,0,0,0,0,0,0,0,0},{0,0,0,0,0,0,0,0,0}}
]
17:37:11.205 [main] INFO  sudoku.model.SudokuBoard - Wartość 0 wstawiona nieprawidłowo
17:37:11.206 [main] INFO  sudoku.model.SudokuBoard - Bład w kwadracie 0
sudoku.model.SudokuBoard@368424db[
  size=9
  solver=sudoku.model.BacktrackingSudokuSolver@44864536
  board={{9,8,2,4,1,5,6,7,3},{1,3,7,8,6,9,2,4,5},{4,5,6,7,2,3,8,9,1},{5,1,3,9,8,2,4,6,7},{8,9,4,1,3,6,0,0,0},{0,0,0,0,0,0,0,0,0},{0,0,0,0,0,0,0,0,0},{0,0,0,0,0,0,0,0,0},{0,0,0,0,0,0,0,0,0}}
]
17:37:11.206 [main] INFO  sudoku.model.SudokuBoard - Wartość 0 wstawiona nieprawidłowo
17:37:11.206 [main] INFO  sudoku.model.SudokuBoard - Bład w kwadracie 0
sudoku.model.SudokuBoard@368424db[
  size=9
  solver=sudoku.model.BacktrackingSudokuSolver@44864536
  board={{9,8,2,4,1,5,6,7,3},{1,3,7,8,6,9,2,4,5},{4,5,6,7,2,3,8,9,1},{5,1,3,9,8,2,4,6,7},{8,9,4,1,3,0,0,0,0},{0,0,0,0,0,0,0,0,0},{0,0,0,0,0,0,0,0,0},{0,0,0,0,0,0,0,0,0},{0,0,0,0,0,0,0,0,0}}
]
17:37:11.206 [main] INFO  sudoku.model.SudokuBoard - Wartość 0 wstawiona nieprawidłowo
17:37:11.206 [main] INFO  sudoku.model.SudokuBoard - Bład w kwadracie 0
sudoku.model.SudokuBoard@368424db[
  size=9
  solver=sudoku.model.BacktrackingSudokuSolver@44864536
  board={{9,8,2,4,1,5,6,7,3},{1,3,7,8,6,9,2,4,5},{4,5,6,7,2,3,8,9,1},{5,1,3,9,8,2,4,6,7},{8,9,4,1,3,7,5,0,0},{0,0,0,0,0,0,0,0,0},{0,0,0,0,0,0,0,0,0},{0,0,0,0,0,0,0,0,0},{0,0,0,0,0,0,0,0,0}}
]
17:37:11.206 [main] INFO  sudoku.model.SudokuBoard - Wartość 0 wstawiona nieprawidłowo
17:37:11.206 [main] INFO  sudoku.model.SudokuBoard - Bład w kwadracie 0
sudoku.model.SudokuBoard@368424db[
  size=9
  solver=sudoku.model.BacktrackingSudokuSolver@44864536
  board={{9,8,2,4,1,5,6,7,3},{1,3,7,8,6,9,2,4,5},{4,5,6,7,2,3,8,9,1},{5,1,3,9,8,2,4,6,7},{8,9,4,1,3,7,0,0,0},{0,0,0,0,0,0,0,0,0},{0,0,0,0,0,0,0,0,0},{0,0,0,0,0,0,0,0,0},{0,0,0,0,0,0,0,0,0}}
]
17:37:11.206 [main] INFO  sudoku.model.SudokuBoard - Wartość 0 wstawiona nieprawidłowo
17:37:11.206 [main] INFO  sudoku.model.SudokuBoard - Bład w kwadracie 0
sudoku.model.SudokuBoard@368424db[
  size=9
  solver=sudoku.model.BacktrackingSudokuSolver@44864536
  board={{9,8,2,4,1,5,6,7,3},{1,3,7,8,6,9,2,4,5},{4,5,6,7,2,3,8,9,1},{5,1,3,9,8,2,4,6,7},{8,9,4,1,3,0,0,0,0},{0,0,0,0,0,0,0,0,0},{0,0,0,0,0,0,0,0,0},{0,0,0,0,0,0,0,0,0},{0,0,0,0,0,0,0,0,0}}
]
17:37:11.206 [main] INFO  sudoku.model.SudokuBoard - Wartość 0 wstawiona nieprawidłowo
17:37:11.206 [main] INFO  sudoku.model.SudokuBoard - Bład w kwadracie 0
sudoku.model.SudokuBoard@368424db[
  size=9
  solver=sudoku.model.BacktrackingSudokuSolver@44864536
  board={{9,8,2,4,1,5,6,7,3},{1,3,7,8,6,9,2,4,5},{4,5,6,7,2,3,8,9,1},{5,1,3,9,8,2,4,6,7},{8,9,4,1,0,0,0,0,0},{0,0,0,0,0,0,0,0,0},{0,0,0,0,0,0,0,0,0},{0,0,0,0,0,0,0,0,0},{0,0,0,0,0,0,0,0,0}}
]
17:37:11.206 [main] INFO  sudoku.model.SudokuBoard - Wartość 0 wstawiona nieprawidłowo
17:37:11.206 [main] INFO  sudoku.model.SudokuBoard - Bład w kwadracie 0
sudoku.model.SudokuBoard@368424db[
  size=9
  solver=sudoku.model.BacktrackingSudokuSolver@44864536
  board={{9,8,2,4,1,5,6,7,3},{1,3,7,8,6,9,2,4,5},{4,5,6,7,2,3,8,9,1},{5,1,3,9,8,2,4,6,7},{8,9,4,1,5,6,3,0,0},{0,0,0,0,0,0,0,0,0},{0,0,0,0,0,0,0,0,0},{0,0,0,0,0,0,0,0,0},{0,0,0,0,0,0,0,0,0}}
]
17:37:11.207 [main] INFO  sudoku.model.SudokuBoard - Wartość 0 wstawiona nieprawidłowo
17:37:11.207 [main] INFO  sudoku.model.SudokuBoard - Bład w kwadracie 0
sudoku.model.SudokuBoard@368424db[
  size=9
  solver=sudoku.model.BacktrackingSudokuSolver@44864536
  board={{9,8,2,4,1,5,6,7,3},{1,3,7,8,6,9,2,4,5},{4,5,6,7,2,3,8,9,1},{5,1,3,9,8,2,4,6,7},{8,9,4,1,5,6,0,0,0},{0,0,0,0,0,0,0,0,0},{0,0,0,0,0,0,0,0,0},{0,0,0,0,0,0,0,0,0},{0,0,0,0,0,0,0,0,0}}
]
17:37:11.207 [main] INFO  sudoku.model.SudokuBoard - Wartość 0 wstawiona nieprawidłowo
17:37:11.207 [main] INFO  sudoku.model.SudokuBoard - Bład w kwadracie 0
sudoku.model.SudokuBoard@368424db[
  size=9
  solver=sudoku.model.BacktrackingSudokuSolver@44864536
  board={{9,8,2,4,1,5,6,7,3},{1,3,7,8,6,9,2,4,5},{4,5,6,7,2,3,8,9,1},{5,1,3,9,8,2,4,6,7},{8,9,4,1,5,0,0,0,0},{0,0,0,0,0,0,0,0,0},{0,0,0,0,0,0,0,0,0},{0,0,0,0,0,0,0,0,0},{0,0,0,0,0,0,0,0,0}}
]
17:37:11.207 [main] INFO  sudoku.model.SudokuBoard - Wartość 0 wstawiona nieprawidłowo
17:37:11.207 [main] INFO  sudoku.model.SudokuBoard - Bład w kwadracie 0
sudoku.model.SudokuBoard@368424db[
  size=9
  solver=sudoku.model.BacktrackingSudokuSolver@44864536
  board={{9,8,2,4,1,5,6,7,3},{1,3,7,8,6,9,2,4,5},{4,5,6,7,2,3,8,9,1},{5,1,3,9,8,2,4,6,7},{8,9,4,1,5,7,3,0,0},{0,0,0,0,0,0,0,0,0},{0,0,0,0,0,0,0,0,0},{0,0,0,0,0,0,0,0,0},{0,0,0,0,0,0,0,0,0}}
]
17:37:11.207 [main] INFO  sudoku.model.SudokuBoard - Wartość 0 wstawiona nieprawidłowo
17:37:11.207 [main] INFO  sudoku.model.SudokuBoard - Bład w kwadracie 0
sudoku.model.SudokuBoard@368424db[
  size=9
  solver=sudoku.model.BacktrackingSudokuSolver@44864536
  board={{9,8,2,4,1,5,6,7,3},{1,3,7,8,6,9,2,4,5},{4,5,6,7,2,3,8,9,1},{5,1,3,9,8,2,4,6,7},{8,9,4,1,5,7,0,0,0},{0,0,0,0,0,0,0,0,0},{0,0,0,0,0,0,0,0,0},{0,0,0,0,0,0,0,0,0},{0,0,0,0,0,0,0,0,0}}
]
17:37:11.207 [main] INFO  sudoku.model.SudokuBoard - Wartość 0 wstawiona nieprawidłowo
17:37:11.207 [main] INFO  sudoku.model.SudokuBoard - Bład w kwadracie 0
sudoku.model.SudokuBoard@368424db[
  size=9
  solver=sudoku.model.BacktrackingSudokuSolver@44864536
  board={{9,8,2,4,1,5,6,7,3},{1,3,7,8,6,9,2,4,5},{4,5,6,7,2,3,8,9,1},{5,1,3,9,8,2,4,6,7},{8,9,4,1,5,0,0,0,0},{0,0,0,0,0,0,0,0,0},{0,0,0,0,0,0,0,0,0},{0,0,0,0,0,0,0,0,0},{0,0,0,0,0,0,0,0,0}}
]
17:37:11.207 [main] INFO  sudoku.model.SudokuBoard - Wartość 0 wstawiona nieprawidłowo
17:37:11.207 [main] INFO  sudoku.model.SudokuBoard - Bład w kwadracie 0
sudoku.model.SudokuBoard@368424db[
  size=9
  solver=sudoku.model.BacktrackingSudokuSolver@44864536
  board={{9,8,2,4,1,5,6,7,3},{1,3,7,8,6,9,2,4,5},{4,5,6,7,2,3,8,9,1},{5,1,3,9,8,2,4,6,7},{8,9,4,1,0,0,0,0,0},{0,0,0,0,0,0,0,0,0},{0,0,0,0,0,0,0,0,0},{0,0,0,0,0,0,0,0,0},{0,0,0,0,0,0,0,0,0}}
]
17:37:11.207 [main] INFO  sudoku.model.SudokuBoard - Wartość 0 wstawiona nieprawidłowo
17:37:11.208 [main] INFO  sudoku.model.SudokuBoard - Bład w kwadracie 0
sudoku.model.SudokuBoard@368424db[
  size=9
  solver=sudoku.model.BacktrackingSudokuSolver@44864536
  board={{9,8,2,4,1,5,6,7,3},{1,3,7,8,6,9,2,4,5},{4,5,6,7,2,3,8,9,1},{5,1,3,9,8,2,4,6,7},{8,9,4,1,7,6,3,0,0},{0,0,0,0,0,0,0,0,0},{0,0,0,0,0,0,0,0,0},{0,0,0,0,0,0,0,0,0},{0,0,0,0,0,0,0,0,0}}
]
17:37:11.208 [main] INFO  sudoku.model.SudokuBoard - Wartość 0 wstawiona nieprawidłowo
17:37:11.208 [main] INFO  sudoku.model.SudokuBoard - Bład w kwadracie 0
sudoku.model.SudokuBoard@368424db[
  size=9
  solver=sudoku.model.BacktrackingSudokuSolver@44864536
  board={{9,8,2,4,1,5,6,7,3},{1,3,7,8,6,9,2,4,5},{4,5,6,7,2,3,8,9,1},{5,1,3,9,8,2,4,6,7},{8,9,4,1,7,6,3,5,2},{6,0,0,0,0,0,0,0,0},{0,0,0,0,0,0,0,0,0},{0,0,0,0,0,0,0,0,0},{0,0,0,0,0,0,0,0,0}}
]
17:37:11.208 [main] INFO  sudoku.model.SudokuBoard - Wartość 0 wstawiona nieprawidłowo
17:37:11.208 [main] INFO  sudoku.model.SudokuBoard - Bład w kwadracie 0
sudoku.model.SudokuBoard@368424db[
  size=9
  solver=sudoku.model.BacktrackingSudokuSolver@44864536
  board={{9,8,2,4,1,5,6,7,3},{1,3,7,8,6,9,2,4,5},{4,5,6,7,2,3,8,9,1},{5,1,3,9,8,2,4,6,7},{8,9,4,1,7,6,3,5,2},{6,0,0,0,0,0,0,0,0},{0,0,0,0,0,0,0,0,0},{0,0,0,0,0,0,0,0,0},{0,0,0,0,0,0,0,0,0}}
]
17:37:11.208 [main] INFO  sudoku.model.SudokuBoard - Wartość 0 wstawiona nieprawidłowo
17:37:11.208 [main] INFO  sudoku.model.SudokuBoard - Bład w kwadracie 0
sudoku.model.SudokuBoard@368424db[
  size=9
  solver=sudoku.model.BacktrackingSudokuSolver@44864536
  board={{9,8,2,4,1,5,6,7,3},{1,3,7,8,6,9,2,4,5},{4,5,6,7,2,3,8,9,1},{5,1,3,9,8,2,4,6,7},{8,9,4,1,7,6,3,5,2},{0,0,0,0,0,0,0,0,0},{0,0,0,0,0,0,0,0,0},{0,0,0,0,0,0,0,0,0},{0,0,0,0,0,0,0,0,0}}
]
17:37:11.208 [main] INFO  sudoku.model.SudokuBoard - Wartość 0 wstawiona nieprawidłowo
17:37:11.208 [main] INFO  sudoku.model.SudokuBoard - Bład w kwadracie 0
sudoku.model.SudokuBoard@368424db[
  size=9
  solver=sudoku.model.BacktrackingSudokuSolver@44864536
  board={{9,8,2,4,1,5,6,7,3},{1,3,7,8,6,9,2,4,5},{4,5,6,7,2,3,8,9,1},{5,1,3,9,8,2,4,6,7},{8,9,4,1,7,6,3,5,2},{7,0,0,0,0,0,0,0,0},{0,0,0,0,0,0,0,0,0},{0,0,0,0,0,0,0,0,0},{0,0,0,0,0,0,0,0,0}}
]
17:37:11.208 [main] INFO  sudoku.model.SudokuBoard - Wartość 0 wstawiona nieprawidłowo
17:37:11.208 [main] INFO  sudoku.model.SudokuBoard - Bład w kwadracie 0
sudoku.model.SudokuBoard@368424db[
  size=9
  solver=sudoku.model.BacktrackingSudokuSolver@44864536
  board={{9,8,2,4,1,5,6,7,3},{1,3,7,8,6,9,2,4,5},{4,5,6,7,2,3,8,9,1},{5,1,3,9,8,2,4,6,7},{8,9,4,1,7,6,3,5,2},{7,0,0,0,0,0,0,0,0},{0,0,0,0,0,0,0,0,0},{0,0,0,0,0,0,0,0,0},{0,0,0,0,0,0,0,0,0}}
]
17:37:11.208 [main] INFO  sudoku.model.SudokuBoard - Wartość 0 wstawiona nieprawidłowo
17:37:11.208 [main] INFO  sudoku.model.SudokuBoard - Bład w kwadracie 0
sudoku.model.SudokuBoard@368424db[
  size=9
  solver=sudoku.model.BacktrackingSudokuSolver@44864536
  board={{9,8,2,4,1,5,6,7,3},{1,3,7,8,6,9,2,4,5},{4,5,6,7,2,3,8,9,1},{5,1,3,9,8,2,4,6,7},{8,9,4,1,7,6,3,5,2},{0,0,0,0,0,0,0,0,0},{0,0,0,0,0,0,0,0,0},{0,0,0,0,0,0,0,0,0},{0,0,0,0,0,0,0,0,0}}
]
17:37:11.208 [main] INFO  sudoku.model.SudokuBoard - Wartość 0 wstawiona nieprawidłowo
17:37:11.208 [main] INFO  sudoku.model.SudokuBoard - Bład w kwadracie 0
sudoku.model.SudokuBoard@368424db[
  size=9
  solver=sudoku.model.BacktrackingSudokuSolver@44864536
  board={{9,8,2,4,1,5,6,7,3},{1,3,7,8,6,9,2,4,5},{4,5,6,7,2,3,8,9,1},{5,1,3,9,8,2,4,6,7},{8,9,4,1,7,6,3,5,2},{2,0,0,0,0,0,0,0,0},{0,0,0,0,0,0,0,0,0},{0,0,0,0,0,0,0,0,0},{0,0,0,0,0,0,0,0,0}}
]
17:37:11.208 [main] INFO  sudoku.model.SudokuBoard - Wartość 0 wstawiona nieprawidłowo
17:37:11.209 [main] INFO  sudoku.model.SudokuBoard - Bład w kwadracie 0
sudoku.model.SudokuBoard@368424db[
  size=9
  solver=sudoku.model.BacktrackingSudokuSolver@44864536
  board={{9,8,2,4,1,5,6,7,3},{1,3,7,8,6,9,2,4,5},{4,5,6,7,2,3,8,9,1},{5,1,3,9,8,2,4,6,7},{8,9,4,1,7,6,3,5,2},{2,0,0,0,0,0,0,0,0},{0,0,0,0,0,0,0,0,0},{0,0,0,0,0,0,0,0,0},{0,0,0,0,0,0,0,0,0}}
]
17:37:11.209 [main] INFO  sudoku.model.SudokuBoard - Wartość 0 wstawiona nieprawidłowo
17:37:11.209 [main] INFO  sudoku.model.SudokuBoard - Bład w kwadracie 0
sudoku.model.SudokuBoard@368424db[
  size=9
  solver=sudoku.model.BacktrackingSudokuSolver@44864536
  board={{9,8,2,4,1,5,6,7,3},{1,3,7,8,6,9,2,4,5},{4,5,6,7,2,3,8,9,1},{5,1,3,9,8,2,4,6,7},{8,9,4,1,7,6,3,5,2},{0,0,0,0,0,0,0,0,0},{0,0,0,0,0,0,0,0,0},{0,0,0,0,0,0,0,0,0},{0,0,0,0,0,0,0,0,0}}
]
17:37:11.209 [main] INFO  sudoku.model.SudokuBoard - Wartość 0 wstawiona nieprawidłowo
17:37:11.209 [main] INFO  sudoku.model.SudokuBoard - Bład w kwadracie 0
sudoku.model.SudokuBoard@368424db[
  size=9
  solver=sudoku.model.BacktrackingSudokuSolver@44864536
  board={{9,8,2,4,1,5,6,7,3},{1,3,7,8,6,9,2,4,5},{4,5,6,7,2,3,8,9,1},{5,1,3,9,8,2,4,6,7},{8,9,4,1,7,6,3,5,0},{0,0,0,0,0,0,0,0,0},{0,0,0,0,0,0,0,0,0},{0,0,0,0,0,0,0,0,0},{0,0,0,0,0,0,0,0,0}}
]
17:37:11.209 [main] INFO  sudoku.model.SudokuBoard - Wartość 0 wstawiona nieprawidłowo
17:37:11.210 [main] INFO  sudoku.model.SudokuBoard - Bład w kwadracie 0
sudoku.model.SudokuBoard@368424db[
  size=9
  solver=sudoku.model.BacktrackingSudokuSolver@44864536
  board={{9,8,2,4,1,5,6,7,3},{1,3,7,8,6,9,2,4,5},{4,5,6,7,2,3,8,9,1},{5,1,3,9,8,2,4,6,7},{8,9,4,1,7,6,3,0,0},{0,0,0,0,0,0,0,0,0},{0,0,0,0,0,0,0,0,0},{0,0,0,0,0,0,0,0,0},{0,0,0,0,0,0,0,0,0}}
]
17:37:11.210 [main] INFO  sudoku.model.SudokuBoard - Wartość 0 wstawiona nieprawidłowo
17:37:11.210 [main] INFO  sudoku.model.SudokuBoard - Bład w kwadracie 0
sudoku.model.SudokuBoard@368424db[
  size=9
  solver=sudoku.model.BacktrackingSudokuSolver@44864536
  board={{9,8,2,4,1,5,6,7,3},{1,3,7,8,6,9,2,4,5},{4,5,6,7,2,3,8,9,1},{5,1,3,9,8,2,4,6,7},{8,9,4,1,7,6,0,0,0},{0,0,0,0,0,0,0,0,0},{0,0,0,0,0,0,0,0,0},{0,0,0,0,0,0,0,0,0},{0,0,0,0,0,0,0,0,0}}
]
17:37:11.210 [main] INFO  sudoku.model.SudokuBoard - Wartość 0 wstawiona nieprawidłowo
17:37:11.210 [main] INFO  sudoku.model.SudokuBoard - Bład w kwadracie 0
sudoku.model.SudokuBoard@368424db[
  size=9
  solver=sudoku.model.BacktrackingSudokuSolver@44864536
  board={{9,8,2,4,1,5,6,7,3},{1,3,7,8,6,9,2,4,5},{4,5,6,7,2,3,8,9,1},{5,1,3,9,8,2,4,6,7},{8,9,4,1,7,6,5,3,2},{2,0,0,0,0,0,0,0,0},{0,0,0,0,0,0,0,0,0},{0,0,0,0,0,0,0,0,0},{0,0,0,0,0,0,0,0,0}}
]
17:37:11.210 [main] INFO  sudoku.model.SudokuBoard - Wartość 0 wstawiona nieprawidłowo
17:37:11.210 [main] INFO  sudoku.model.SudokuBoard - Bład w kwadracie 0
sudoku.model.SudokuBoard@368424db[
  size=9
  solver=sudoku.model.BacktrackingSudokuSolver@44864536
  board={{9,8,2,4,1,5,6,7,3},{1,3,7,8,6,9,2,4,5},{4,5,6,7,2,3,8,9,1},{5,1,3,9,8,2,4,6,7},{8,9,4,1,7,6,5,3,2},{2,0,0,0,0,0,0,0,0},{0,0,0,0,0,0,0,0,0},{0,0,0,0,0,0,0,0,0},{0,0,0,0,0,0,0,0,0}}
]
17:37:11.210 [main] INFO  sudoku.model.SudokuBoard - Wartość 0 wstawiona nieprawidłowo
17:37:11.210 [main] INFO  sudoku.model.SudokuBoard - Bład w kwadracie 0
sudoku.model.SudokuBoard@368424db[
  size=9
  solver=sudoku.model.BacktrackingSudokuSolver@44864536
  board={{9,8,2,4,1,5,6,7,3},{1,3,7,8,6,9,2,4,5},{4,5,6,7,2,3,8,9,1},{5,1,3,9,8,2,4,6,7},{8,9,4,1,7,6,5,3,2},{0,0,0,0,0,0,0,0,0},{0,0,0,0,0,0,0,0,0},{0,0,0,0,0,0,0,0,0},{0,0,0,0,0,0,0,0,0}}
]
17:37:11.210 [main] INFO  sudoku.model.SudokuBoard - Wartość 0 wstawiona nieprawidłowo
17:37:11.211 [main] INFO  sudoku.model.SudokuBoard - Bład w kwadracie 0
sudoku.model.SudokuBoard@368424db[
  size=9
  solver=sudoku.model.BacktrackingSudokuSolver@44864536
  board={{9,8,2,4,1,5,6,7,3},{1,3,7,8,6,9,2,4,5},{4,5,6,7,2,3,8,9,1},{5,1,3,9,8,2,4,6,7},{8,9,4,1,7,6,5,3,2},{6,0,0,0,0,0,0,0,0},{0,0,0,0,0,0,0,0,0},{0,0,0,0,0,0,0,0,0},{0,0,0,0,0,0,0,0,0}}
]
17:37:11.211 [main] INFO  sudoku.model.SudokuBoard - Wartość 0 wstawiona nieprawidłowo
17:37:11.211 [main] INFO  sudoku.model.SudokuBoard - Bład w kwadracie 0
sudoku.model.SudokuBoard@368424db[
  size=9
  solver=sudoku.model.BacktrackingSudokuSolver@44864536
  board={{9,8,2,4,1,5,6,7,3},{1,3,7,8,6,9,2,4,5},{4,5,6,7,2,3,8,9,1},{5,1,3,9,8,2,4,6,7},{8,9,4,1,7,6,5,3,2},{6,0,0,0,0,0,0,0,0},{0,0,0,0,0,0,0,0,0},{0,0,0,0,0,0,0,0,0},{0,0,0,0,0,0,0,0,0}}
]
17:37:11.211 [main] INFO  sudoku.model.SudokuBoard - Wartość 0 wstawiona nieprawidłowo
17:37:11.211 [main] INFO  sudoku.model.SudokuBoard - Bład w kwadracie 0
sudoku.model.SudokuBoard@368424db[
  size=9
  solver=sudoku.model.BacktrackingSudokuSolver@44864536
  board={{9,8,2,4,1,5,6,7,3},{1,3,7,8,6,9,2,4,5},{4,5,6,7,2,3,8,9,1},{5,1,3,9,8,2,4,6,7},{8,9,4,1,7,6,5,3,2},{0,0,0,0,0,0,0,0,0},{0,0,0,0,0,0,0,0,0},{0,0,0,0,0,0,0,0,0},{0,0,0,0,0,0,0,0,0}}
]
17:37:11.211 [main] INFO  sudoku.model.SudokuBoard - Wartość 0 wstawiona nieprawidłowo
17:37:11.211 [main] INFO  sudoku.model.SudokuBoard - Bład w kwadracie 0
sudoku.model.SudokuBoard@368424db[
  size=9
  solver=sudoku.model.BacktrackingSudokuSolver@44864536
  board={{9,8,2,4,1,5,6,7,3},{1,3,7,8,6,9,2,4,5},{4,5,6,7,2,3,8,9,1},{5,1,3,9,8,2,4,6,7},{8,9,4,1,7,6,5,3,2},{7,0,0,0,0,0,0,0,0},{0,0,0,0,0,0,0,0,0},{0,0,0,0,0,0,0,0,0},{0,0,0,0,0,0,0,0,0}}
]
17:37:11.211 [main] INFO  sudoku.model.SudokuBoard - Wartość 0 wstawiona nieprawidłowo
17:37:11.211 [main] INFO  sudoku.model.SudokuBoard - Bład w kwadracie 0
sudoku.model.SudokuBoard@368424db[
  size=9
  solver=sudoku.model.BacktrackingSudokuSolver@44864536
  board={{9,8,2,4,1,5,6,7,3},{1,3,7,8,6,9,2,4,5},{4,5,6,7,2,3,8,9,1},{5,1,3,9,8,2,4,6,7},{8,9,4,1,7,6,5,3,2},{7,0,0,0,0,0,0,0,0},{0,0,0,0,0,0,0,0,0},{0,0,0,0,0,0,0,0,0},{0,0,0,0,0,0,0,0,0}}
]
17:37:11.212 [main] INFO  sudoku.model.SudokuBoard - Wartość 0 wstawiona nieprawidłowo
17:37:11.212 [main] INFO  sudoku.model.SudokuBoard - Bład w kwadracie 0
sudoku.model.SudokuBoard@368424db[
  size=9
  solver=sudoku.model.BacktrackingSudokuSolver@44864536
  board={{9,8,2,4,1,5,6,7,3},{1,3,7,8,6,9,2,4,5},{4,5,6,7,2,3,8,9,1},{5,1,3,9,8,2,4,6,7},{8,9,4,1,7,6,5,3,2},{0,0,0,0,0,0,0,0,0},{0,0,0,0,0,0,0,0,0},{0,0,0,0,0,0,0,0,0},{0,0,0,0,0,0,0,0,0}}
]
17:37:11.212 [main] INFO  sudoku.model.SudokuBoard - Wartość 0 wstawiona nieprawidłowo
17:37:11.212 [main] INFO  sudoku.model.SudokuBoard - Bład w kwadracie 0
sudoku.model.SudokuBoard@368424db[
  size=9
  solver=sudoku.model.BacktrackingSudokuSolver@44864536
  board={{9,8,2,4,1,5,6,7,3},{1,3,7,8,6,9,2,4,5},{4,5,6,7,2,3,8,9,1},{5,1,3,9,8,2,4,6,7},{8,9,4,1,7,6,5,3,0},{0,0,0,0,0,0,0,0,0},{0,0,0,0,0,0,0,0,0},{0,0,0,0,0,0,0,0,0},{0,0,0,0,0,0,0,0,0}}
]
17:37:11.212 [main] INFO  sudoku.model.SudokuBoard - Wartość 0 wstawiona nieprawidłowo
17:37:11.212 [main] INFO  sudoku.model.SudokuBoard - Bład w kwadracie 0
sudoku.model.SudokuBoard@368424db[
  size=9
  solver=sudoku.model.BacktrackingSudokuSolver@44864536
  board={{9,8,2,4,1,5,6,7,3},{1,3,7,8,6,9,2,4,5},{4,5,6,7,2,3,8,9,1},{5,1,3,9,8,2,4,6,7},{8,9,4,1,7,6,5,0,0},{0,0,0,0,0,0,0,0,0},{0,0,0,0,0,0,0,0,0},{0,0,0,0,0,0,0,0,0},{0,0,0,0,0,0,0,0,0}}
]
17:37:11.212 [main] INFO  sudoku.model.SudokuBoard - Wartość 0 wstawiona nieprawidłowo
17:37:11.212 [main] INFO  sudoku.model.SudokuBoard - Bład w kwadracie 0
sudoku.model.SudokuBoard@368424db[
  size=9
  solver=sudoku.model.BacktrackingSudokuSolver@44864536
  board={{9,8,2,4,1,5,6,7,3},{1,3,7,8,6,9,2,4,5},{4,5,6,7,2,3,8,9,1},{5,1,3,9,8,2,4,6,7},{8,9,4,1,7,6,5,0,0},{0,0,0,0,0,0,0,0,0},{0,0,0,0,0,0,0,0,0},{0,0,0,0,0,0,0,0,0},{0,0,0,0,0,0,0,0,0}}
]
17:37:11.212 [main] INFO  sudoku.model.SudokuBoard - Wartość 0 wstawiona nieprawidłowo
17:37:11.212 [main] INFO  sudoku.model.SudokuBoard - Bład w kwadracie 0
sudoku.model.SudokuBoard@368424db[
  size=9
  solver=sudoku.model.BacktrackingSudokuSolver@44864536
  board={{9,8,2,4,1,5,6,7,3},{1,3,7,8,6,9,2,4,5},{4,5,6,7,2,3,8,9,1},{5,1,3,9,8,2,4,6,7},{8,9,4,1,7,6,0,0,0},{0,0,0,0,0,0,0,0,0},{0,0,0,0,0,0,0,0,0},{0,0,0,0,0,0,0,0,0},{0,0,0,0,0,0,0,0,0}}
]
17:37:11.212 [main] INFO  sudoku.model.SudokuBoard - Wartość 0 wstawiona nieprawidłowo
17:37:11.212 [main] INFO  sudoku.model.SudokuBoard - Bład w kwadracie 0
sudoku.model.SudokuBoard@368424db[
  size=9
  solver=sudoku.model.BacktrackingSudokuSolver@44864536
  board={{9,8,2,4,1,5,6,7,3},{1,3,7,8,6,9,2,4,5},{4,5,6,7,2,3,8,9,1},{5,1,3,9,8,2,4,6,7},{8,9,4,1,7,0,0,0,0},{0,0,0,0,0,0,0,0,0},{0,0,0,0,0,0,0,0,0},{0,0,0,0,0,0,0,0,0},{0,0,0,0,0,0,0,0,0}}
]
17:37:11.212 [main] INFO  sudoku.model.SudokuBoard - Wartość 0 wstawiona nieprawidłowo
17:37:11.212 [main] INFO  sudoku.model.SudokuBoard - Bład w kwadracie 0
sudoku.model.SudokuBoard@368424db[
  size=9
  solver=sudoku.model.BacktrackingSudokuSolver@44864536
  board={{9,8,2,4,1,5,6,7,3},{1,3,7,8,6,9,2,4,5},{4,5,6,7,2,3,8,9,1},{5,1,3,9,8,2,4,6,7},{8,9,4,1,0,0,0,0,0},{0,0,0,0,0,0,0,0,0},{0,0,0,0,0,0,0,0,0},{0,0,0,0,0,0,0,0,0},{0,0,0,0,0,0,0,0,0}}
]
17:37:11.212 [main] INFO  sudoku.model.SudokuBoard - Wartość 0 wstawiona nieprawidłowo
17:37:11.213 [main] INFO  sudoku.model.SudokuBoard - Bład w kwadracie 0
sudoku.model.SudokuBoard@368424db[
  size=9
  solver=sudoku.model.BacktrackingSudokuSolver@44864536
  board={{9,8,2,4,1,5,6,7,3},{1,3,7,8,6,9,2,4,5},{4,5,6,7,2,3,8,9,1},{5,1,3,9,8,2,4,6,7},{8,9,4,0,0,0,0,0,0},{0,0,0,0,0,0,0,0,0},{0,0,0,0,0,0,0,0,0},{0,0,0,0,0,0,0,0,0},{0,0,0,0,0,0,0,0,0}}
]
17:37:11.213 [main] INFO  sudoku.model.SudokuBoard - Wartość 0 wstawiona nieprawidłowo
17:37:11.213 [main] INFO  sudoku.model.SudokuBoard - Bład w kwadracie 0
sudoku.model.SudokuBoard@368424db[
  size=9
  solver=sudoku.model.BacktrackingSudokuSolver@44864536
  board={{9,8,2,4,1,5,6,7,3},{1,3,7,8,6,9,2,4,5},{4,5,6,7,2,3,8,9,1},{5,1,3,9,8,2,4,6,7},{8,9,4,3,5,0,0,0,0},{0,0,0,0,0,0,0,0,0},{0,0,0,0,0,0,0,0,0},{0,0,0,0,0,0,0,0,0},{0,0,0,0,0,0,0,0,0}}
]
17:37:11.213 [main] INFO  sudoku.model.SudokuBoard - Wartość 0 wstawiona nieprawidłowo
17:37:11.213 [main] INFO  sudoku.model.SudokuBoard - Bład w kwadracie 0
sudoku.model.SudokuBoard@368424db[
  size=9
  solver=sudoku.model.BacktrackingSudokuSolver@44864536
  board={{9,8,2,4,1,5,6,7,3},{1,3,7,8,6,9,2,4,5},{4,5,6,7,2,3,8,9,1},{5,1,3,9,8,2,4,6,7},{8,9,4,3,5,6,1,0,0},{0,0,0,0,0,0,0,0,0},{0,0,0,0,0,0,0,0,0},{0,0,0,0,0,0,0,0,0},{0,0,0,0,0,0,0,0,0}}
]
17:37:11.213 [main] INFO  sudoku.model.SudokuBoard - Wartość 0 wstawiona nieprawidłowo
17:37:11.213 [main] INFO  sudoku.model.SudokuBoard - Bład w kwadracie 0
sudoku.model.SudokuBoard@368424db[
  size=9
  solver=sudoku.model.BacktrackingSudokuSolver@44864536
  board={{9,8,2,4,1,5,6,7,3},{1,3,7,8,6,9,2,4,5},{4,5,6,7,2,3,8,9,1},{5,1,3,9,8,2,4,6,7},{8,9,4,3,5,6,0,0,0},{0,0,0,0,0,0,0,0,0},{0,0,0,0,0,0,0,0,0},{0,0,0,0,0,0,0,0,0},{0,0,0,0,0,0,0,0,0}}
]
17:37:11.213 [main] INFO  sudoku.model.SudokuBoard - Wartość 0 wstawiona nieprawidłowo
17:37:11.213 [main] INFO  sudoku.model.SudokuBoard - Bład w kwadracie 0
sudoku.model.SudokuBoard@368424db[
  size=9
  solver=sudoku.model.BacktrackingSudokuSolver@44864536
  board={{9,8,2,4,1,5,6,7,3},{1,3,7,8,6,9,2,4,5},{4,5,6,7,2,3,8,9,1},{5,1,3,9,8,2,4,6,7},{8,9,4,3,5,0,0,0,0},{0,0,0,0,0,0,0,0,0},{0,0,0,0,0,0,0,0,0},{0,0,0,0,0,0,0,0,0},{0,0,0,0,0,0,0,0,0}}
]
17:37:11.213 [main] INFO  sudoku.model.SudokuBoard - Wartość 0 wstawiona nieprawidłowo
17:37:11.213 [main] INFO  sudoku.model.SudokuBoard - Bład w kwadracie 0
sudoku.model.SudokuBoard@368424db[
  size=9
  solver=sudoku.model.BacktrackingSudokuSolver@44864536
  board={{9,8,2,4,1,5,6,7,3},{1,3,7,8,6,9,2,4,5},{4,5,6,7,2,3,8,9,1},{5,1,3,9,8,2,4,6,7},{8,9,4,3,5,7,1,0,0},{0,0,0,0,0,0,0,0,0},{0,0,0,0,0,0,0,0,0},{0,0,0,0,0,0,0,0,0},{0,0,0,0,0,0,0,0,0}}
]
17:37:11.213 [main] INFO  sudoku.model.SudokuBoard - Wartość 0 wstawiona nieprawidłowo
17:37:11.213 [main] INFO  sudoku.model.SudokuBoard - Bład w kwadracie 0
sudoku.model.SudokuBoard@368424db[
  size=9
  solver=sudoku.model.BacktrackingSudokuSolver@44864536
  board={{9,8,2,4,1,5,6,7,3},{1,3,7,8,6,9,2,4,5},{4,5,6,7,2,3,8,9,1},{5,1,3,9,8,2,4,6,7},{8,9,4,3,5,7,0,0,0},{0,0,0,0,0,0,0,0,0},{0,0,0,0,0,0,0,0,0},{0,0,0,0,0,0,0,0,0},{0,0,0,0,0,0,0,0,0}}
]
17:37:11.213 [main] INFO  sudoku.model.SudokuBoard - Wartość 0 wstawiona nieprawidłowo
17:37:11.213 [main] INFO  sudoku.model.SudokuBoard - Bład w kwadracie 0
sudoku.model.SudokuBoard@368424db[
  size=9
  solver=sudoku.model.BacktrackingSudokuSolver@44864536
  board={{9,8,2,4,1,5,6,7,3},{1,3,7,8,6,9,2,4,5},{4,5,6,7,2,3,8,9,1},{5,1,3,9,8,2,4,6,7},{8,9,4,3,5,0,0,0,0},{0,0,0,0,0,0,0,0,0},{0,0,0,0,0,0,0,0,0},{0,0,0,0,0,0,0,0,0},{0,0,0,0,0,0,0,0,0}}
]
17:37:11.213 [main] INFO  sudoku.model.SudokuBoard - Wartość 0 wstawiona nieprawidłowo
17:37:11.214 [main] INFO  sudoku.model.SudokuBoard - Bład w kwadracie 0
sudoku.model.SudokuBoard@368424db[
  size=9
  solver=sudoku.model.BacktrackingSudokuSolver@44864536
  board={{9,8,2,4,1,5,6,7,3},{1,3,7,8,6,9,2,4,5},{4,5,6,7,2,3,8,9,1},{5,1,3,9,8,2,4,6,7},{8,9,4,3,0,0,0,0,0},{0,0,0,0,0,0,0,0,0},{0,0,0,0,0,0,0,0,0},{0,0,0,0,0,0,0,0,0},{0,0,0,0,0,0,0,0,0}}
]
17:37:11.214 [main] INFO  sudoku.model.SudokuBoard - Wartość 0 wstawiona nieprawidłowo
17:37:11.214 [main] INFO  sudoku.model.SudokuBoard - Bład w kwadracie 0
sudoku.model.SudokuBoard@368424db[
  size=9
  solver=sudoku.model.BacktrackingSudokuSolver@44864536
  board={{9,8,2,4,1,5,6,7,3},{1,3,7,8,6,9,2,4,5},{4,5,6,7,2,3,8,9,1},{5,1,3,9,8,2,4,6,7},{8,9,4,3,7,6,1,0,0},{0,0,0,0,0,0,0,0,0},{0,0,0,0,0,0,0,0,0},{0,0,0,0,0,0,0,0,0},{0,0,0,0,0,0,0,0,0}}
]
17:37:11.214 [main] INFO  sudoku.model.SudokuBoard - Wartość 0 wstawiona nieprawidłowo
17:37:11.214 [main] INFO  sudoku.model.SudokuBoard - Bład w kwadracie 0
sudoku.model.SudokuBoard@368424db[
  size=9
  solver=sudoku.model.BacktrackingSudokuSolver@44864536
  board={{9,8,2,4,1,5,6,7,3},{1,3,7,8,6,9,2,4,5},{4,5,6,7,2,3,8,9,1},{5,1,3,9,8,2,4,6,7},{8,9,4,3,7,6,1,5,2},{2,0,0,0,0,0,0,0,0},{0,0,0,0,0,0,0,0,0},{0,0,0,0,0,0,0,0,0},{0,0,0,0,0,0,0,0,0}}
]
17:37:11.214 [main] INFO  sudoku.model.SudokuBoard - Wartość 0 wstawiona nieprawidłowo
17:37:11.214 [main] INFO  sudoku.model.SudokuBoard - Bład w kwadracie 0
sudoku.model.SudokuBoard@368424db[
  size=9
  solver=sudoku.model.BacktrackingSudokuSolver@44864536
  board={{9,8,2,4,1,5,6,7,3},{1,3,7,8,6,9,2,4,5},{4,5,6,7,2,3,8,9,1},{5,1,3,9,8,2,4,6,7},{8,9,4,3,7,6,1,5,2},{2,0,0,0,0,0,0,0,0},{0,0,0,0,0,0,0,0,0},{0,0,0,0,0,0,0,0,0},{0,0,0,0,0,0,0,0,0}}
]
17:37:11.214 [main] INFO  sudoku.model.SudokuBoard - Wartość 0 wstawiona nieprawidłowo
17:37:11.214 [main] INFO  sudoku.model.SudokuBoard - Bład w kwadracie 0
sudoku.model.SudokuBoard@368424db[
  size=9
  solver=sudoku.model.BacktrackingSudokuSolver@44864536
  board={{9,8,2,4,1,5,6,7,3},{1,3,7,8,6,9,2,4,5},{4,5,6,7,2,3,8,9,1},{5,1,3,9,8,2,4,6,7},{8,9,4,3,7,6,1,5,2},{0,0,0,0,0,0,0,0,0},{0,0,0,0,0,0,0,0,0},{0,0,0,0,0,0,0,0,0},{0,0,0,0,0,0,0,0,0}}
]
17:37:11.214 [main] INFO  sudoku.model.SudokuBoard - Wartość 0 wstawiona nieprawidłowo
17:37:11.214 [main] INFO  sudoku.model.SudokuBoard - Bład w kwadracie 0
sudoku.model.SudokuBoard@368424db[
  size=9
  solver=sudoku.model.BacktrackingSudokuSolver@44864536
  board={{9,8,2,4,1,5,6,7,3},{1,3,7,8,6,9,2,4,5},{4,5,6,7,2,3,8,9,1},{5,1,3,9,8,2,4,6,7},{8,9,4,3,7,6,1,5,2},{6,0,0,0,0,0,0,0,0},{0,0,0,0,0,0,0,0,0},{0,0,0,0,0,0,0,0,0},{0,0,0,0,0,0,0,0,0}}
]
17:37:11.214 [main] INFO  sudoku.model.SudokuBoard - Wartość 0 wstawiona nieprawidłowo
17:37:11.214 [main] INFO  sudoku.model.SudokuBoard - Bład w kwadracie 0
sudoku.model.SudokuBoard@368424db[
  size=9
  solver=sudoku.model.BacktrackingSudokuSolver@44864536
  board={{9,8,2,4,1,5,6,7,3},{1,3,7,8,6,9,2,4,5},{4,5,6,7,2,3,8,9,1},{5,1,3,9,8,2,4,6,7},{8,9,4,3,7,6,1,5,2},{6,0,0,0,0,0,0,0,0},{0,0,0,0,0,0,0,0,0},{0,0,0,0,0,0,0,0,0},{0,0,0,0,0,0,0,0,0}}
]
17:37:11.214 [main] INFO  sudoku.model.SudokuBoard - Wartość 0 wstawiona nieprawidłowo
17:37:11.214 [main] INFO  sudoku.model.SudokuBoard - Bład w kwadracie 0
sudoku.model.SudokuBoard@368424db[
  size=9
  solver=sudoku.model.BacktrackingSudokuSolver@44864536
  board={{9,8,2,4,1,5,6,7,3},{1,3,7,8,6,9,2,4,5},{4,5,6,7,2,3,8,9,1},{5,1,3,9,8,2,4,6,7},{8,9,4,3,7,6,1,5,2},{0,0,0,0,0,0,0,0,0},{0,0,0,0,0,0,0,0,0},{0,0,0,0,0,0,0,0,0},{0,0,0,0,0,0,0,0,0}}
]
17:37:11.215 [main] INFO  sudoku.model.SudokuBoard - Wartość 0 wstawiona nieprawidłowo
17:37:11.215 [main] INFO  sudoku.model.SudokuBoard - Bład w kwadracie 0
sudoku.model.SudokuBoard@368424db[
  size=9
  solver=sudoku.model.BacktrackingSudokuSolver@44864536
  board={{9,8,2,4,1,5,6,7,3},{1,3,7,8,6,9,2,4,5},{4,5,6,7,2,3,8,9,1},{5,1,3,9,8,2,4,6,7},{8,9,4,3,7,6,1,5,2},{7,0,0,0,0,0,0,0,0},{0,0,0,0,0,0,0,0,0},{0,0,0,0,0,0,0,0,0},{0,0,0,0,0,0,0,0,0}}
]
17:37:11.215 [main] INFO  sudoku.model.SudokuBoard - Wartość 0 wstawiona nieprawidłowo
17:37:11.215 [main] INFO  sudoku.model.SudokuBoard - Bład w kwadracie 0
sudoku.model.SudokuBoard@368424db[
  size=9
  solver=sudoku.model.BacktrackingSudokuSolver@44864536
  board={{9,8,2,4,1,5,6,7,3},{1,3,7,8,6,9,2,4,5},{4,5,6,7,2,3,8,9,1},{5,1,3,9,8,2,4,6,7},{8,9,4,3,7,6,1,5,2},{7,0,0,0,0,0,0,0,0},{0,0,0,0,0,0,0,0,0},{0,0,0,0,0,0,0,0,0},{0,0,0,0,0,0,0,0,0}}
]
17:37:11.215 [main] INFO  sudoku.model.SudokuBoard - Wartość 0 wstawiona nieprawidłowo
17:37:11.215 [main] INFO  sudoku.model.SudokuBoard - Bład w kwadracie 0
sudoku.model.SudokuBoard@368424db[
  size=9
  solver=sudoku.model.BacktrackingSudokuSolver@44864536
  board={{9,8,2,4,1,5,6,7,3},{1,3,7,8,6,9,2,4,5},{4,5,6,7,2,3,8,9,1},{5,1,3,9,8,2,4,6,7},{8,9,4,3,7,6,1,5,2},{0,0,0,0,0,0,0,0,0},{0,0,0,0,0,0,0,0,0},{0,0,0,0,0,0,0,0,0},{0,0,0,0,0,0,0,0,0}}
]
17:37:11.215 [main] INFO  sudoku.model.SudokuBoard - Wartość 0 wstawiona nieprawidłowo
17:37:11.215 [main] INFO  sudoku.model.SudokuBoard - Bład w kwadracie 0
sudoku.model.SudokuBoard@368424db[
  size=9
  solver=sudoku.model.BacktrackingSudokuSolver@44864536
  board={{9,8,2,4,1,5,6,7,3},{1,3,7,8,6,9,2,4,5},{4,5,6,7,2,3,8,9,1},{5,1,3,9,8,2,4,6,7},{8,9,4,3,7,6,1,5,0},{0,0,0,0,0,0,0,0,0},{0,0,0,0,0,0,0,0,0},{0,0,0,0,0,0,0,0,0},{0,0,0,0,0,0,0,0,0}}
]
17:37:11.215 [main] INFO  sudoku.model.SudokuBoard - Wartość 0 wstawiona nieprawidłowo
17:37:11.215 [main] INFO  sudoku.model.SudokuBoard - Bład w kwadracie 0
sudoku.model.SudokuBoard@368424db[
  size=9
  solver=sudoku.model.BacktrackingSudokuSolver@44864536
  board={{9,8,2,4,1,5,6,7,3},{1,3,7,8,6,9,2,4,5},{4,5,6,7,2,3,8,9,1},{5,1,3,9,8,2,4,6,7},{8,9,4,3,7,6,1,0,0},{0,0,0,0,0,0,0,0,0},{0,0,0,0,0,0,0,0,0},{0,0,0,0,0,0,0,0,0},{0,0,0,0,0,0,0,0,0}}
]
17:37:11.215 [main] INFO  sudoku.model.SudokuBoard - Wartość 0 wstawiona nieprawidłowo
17:37:11.215 [main] INFO  sudoku.model.SudokuBoard - Bład w kwadracie 0
sudoku.model.SudokuBoard@368424db[
  size=9
  solver=sudoku.model.BacktrackingSudokuSolver@44864536
  board={{9,8,2,4,1,5,6,7,3},{1,3,7,8,6,9,2,4,5},{4,5,6,7,2,3,8,9,1},{5,1,3,9,8,2,4,6,7},{8,9,4,3,7,6,0,0,0},{0,0,0,0,0,0,0,0,0},{0,0,0,0,0,0,0,0,0},{0,0,0,0,0,0,0,0,0},{0,0,0,0,0,0,0,0,0}}
]
17:37:11.215 [main] INFO  sudoku.model.SudokuBoard - Wartość 0 wstawiona nieprawidłowo
17:37:11.215 [main] INFO  sudoku.model.SudokuBoard - Bład w kwadracie 0
sudoku.model.SudokuBoard@368424db[
  size=9
  solver=sudoku.model.BacktrackingSudokuSolver@44864536
  board={{9,8,2,4,1,5,6,7,3},{1,3,7,8,6,9,2,4,5},{4,5,6,7,2,3,8,9,1},{5,1,3,9,8,2,4,6,7},{8,9,4,3,7,6,5,1,2},{2,0,0,0,0,0,0,0,0},{0,0,0,0,0,0,0,0,0},{0,0,0,0,0,0,0,0,0},{0,0,0,0,0,0,0,0,0}}
]
17:37:11.215 [main] INFO  sudoku.model.SudokuBoard - Wartość 0 wstawiona nieprawidłowo
17:37:11.215 [main] INFO  sudoku.model.SudokuBoard - Bład w kwadracie 0
sudoku.model.SudokuBoard@368424db[
  size=9
  solver=sudoku.model.BacktrackingSudokuSolver@44864536
  board={{9,8,2,4,1,5,6,7,3},{1,3,7,8,6,9,2,4,5},{4,5,6,7,2,3,8,9,1},{5,1,3,9,8,2,4,6,7},{8,9,4,3,7,6,5,1,2},{2,0,0,0,0,0,0,0,0},{0,0,0,0,0,0,0,0,0},{0,0,0,0,0,0,0,0,0},{0,0,0,0,0,0,0,0,0}}
]
17:37:11.215 [main] INFO  sudoku.model.SudokuBoard - Wartość 0 wstawiona nieprawidłowo
17:37:11.216 [main] INFO  sudoku.model.SudokuBoard - Bład w kwadracie 0
sudoku.model.SudokuBoard@368424db[
  size=9
  solver=sudoku.model.BacktrackingSudokuSolver@44864536
  board={{9,8,2,4,1,5,6,7,3},{1,3,7,8,6,9,2,4,5},{4,5,6,7,2,3,8,9,1},{5,1,3,9,8,2,4,6,7},{8,9,4,3,7,6,5,1,2},{0,0,0,0,0,0,0,0,0},{0,0,0,0,0,0,0,0,0},{0,0,0,0,0,0,0,0,0},{0,0,0,0,0,0,0,0,0}}
]
17:37:11.216 [main] INFO  sudoku.model.SudokuBoard - Wartość 0 wstawiona nieprawidłowo
17:37:11.216 [main] INFO  sudoku.model.SudokuBoard - Bład w kwadracie 0
sudoku.model.SudokuBoard@368424db[
  size=9
  solver=sudoku.model.BacktrackingSudokuSolver@44864536
  board={{9,8,2,4,1,5,6,7,3},{1,3,7,8,6,9,2,4,5},{4,5,6,7,2,3,8,9,1},{5,1,3,9,8,2,4,6,7},{8,9,4,3,7,6,5,1,2},{6,0,0,0,0,0,0,0,0},{0,0,0,0,0,0,0,0,0},{0,0,0,0,0,0,0,0,0},{0,0,0,0,0,0,0,0,0}}
]
17:37:11.216 [main] INFO  sudoku.model.SudokuBoard - Wartość 0 wstawiona nieprawidłowo
17:37:11.216 [main] INFO  sudoku.model.SudokuBoard - Bład w kwadracie 0
sudoku.model.SudokuBoard@368424db[
  size=9
  solver=sudoku.model.BacktrackingSudokuSolver@44864536
  board={{9,8,2,4,1,5,6,7,3},{1,3,7,8,6,9,2,4,5},{4,5,6,7,2,3,8,9,1},{5,1,3,9,8,2,4,6,7},{8,9,4,3,7,6,5,1,2},{6,0,0,0,0,0,0,0,0},{0,0,0,0,0,0,0,0,0},{0,0,0,0,0,0,0,0,0},{0,0,0,0,0,0,0,0,0}}
]
17:37:11.216 [main] INFO  sudoku.model.SudokuBoard - Wartość 0 wstawiona nieprawidłowo
17:37:11.216 [main] INFO  sudoku.model.SudokuBoard - Bład w kwadracie 0
sudoku.model.SudokuBoard@368424db[
  size=9
  solver=sudoku.model.BacktrackingSudokuSolver@44864536
  board={{9,8,2,4,1,5,6,7,3},{1,3,7,8,6,9,2,4,5},{4,5,6,7,2,3,8,9,1},{5,1,3,9,8,2,4,6,7},{8,9,4,3,7,6,5,1,2},{0,0,0,0,0,0,0,0,0},{0,0,0,0,0,0,0,0,0},{0,0,0,0,0,0,0,0,0},{0,0,0,0,0,0,0,0,0}}
]
17:37:11.216 [main] INFO  sudoku.model.SudokuBoard - Wartość 0 wstawiona nieprawidłowo
17:37:11.216 [main] INFO  sudoku.model.SudokuBoard - Bład w kwadracie 0
sudoku.model.SudokuBoard@368424db[
  size=9
  solver=sudoku.model.BacktrackingSudokuSolver@44864536
  board={{9,8,2,4,1,5,6,7,3},{1,3,7,8,6,9,2,4,5},{4,5,6,7,2,3,8,9,1},{5,1,3,9,8,2,4,6,7},{8,9,4,3,7,6,5,1,2},{7,0,0,0,0,0,0,0,0},{0,0,0,0,0,0,0,0,0},{0,0,0,0,0,0,0,0,0},{0,0,0,0,0,0,0,0,0}}
]
17:37:11.216 [main] INFO  sudoku.model.SudokuBoard - Wartość 0 wstawiona nieprawidłowo
17:37:11.216 [main] INFO  sudoku.model.SudokuBoard - Bład w kwadracie 0
sudoku.model.SudokuBoard@368424db[
  size=9
  solver=sudoku.model.BacktrackingSudokuSolver@44864536
  board={{9,8,2,4,1,5,6,7,3},{1,3,7,8,6,9,2,4,5},{4,5,6,7,2,3,8,9,1},{5,1,3,9,8,2,4,6,7},{8,9,4,3,7,6,5,1,2},{7,0,0,0,0,0,0,0,0},{0,0,0,0,0,0,0,0,0},{0,0,0,0,0,0,0,0,0},{0,0,0,0,0,0,0,0,0}}
]
17:37:11.216 [main] INFO  sudoku.model.SudokuBoard - Wartość 0 wstawiona nieprawidłowo
17:37:11.216 [main] INFO  sudoku.model.SudokuBoard - Bład w kwadracie 0
sudoku.model.SudokuBoard@368424db[
  size=9
  solver=sudoku.model.BacktrackingSudokuSolver@44864536
  board={{9,8,2,4,1,5,6,7,3},{1,3,7,8,6,9,2,4,5},{4,5,6,7,2,3,8,9,1},{5,1,3,9,8,2,4,6,7},{8,9,4,3,7,6,5,1,2},{0,0,0,0,0,0,0,0,0},{0,0,0,0,0,0,0,0,0},{0,0,0,0,0,0,0,0,0},{0,0,0,0,0,0,0,0,0}}
]
17:37:11.216 [main] INFO  sudoku.model.SudokuBoard - Wartość 0 wstawiona nieprawidłowo
17:37:11.216 [main] INFO  sudoku.model.SudokuBoard - Bład w kwadracie 0
sudoku.model.SudokuBoard@368424db[
  size=9
  solver=sudoku.model.BacktrackingSudokuSolver@44864536
  board={{9,8,2,4,1,5,6,7,3},{1,3,7,8,6,9,2,4,5},{4,5,6,7,2,3,8,9,1},{5,1,3,9,8,2,4,6,7},{8,9,4,3,7,6,5,1,0},{0,0,0,0,0,0,0,0,0},{0,0,0,0,0,0,0,0,0},{0,0,0,0,0,0,0,0,0},{0,0,0,0,0,0,0,0,0}}
]
17:37:11.216 [main] INFO  sudoku.model.SudokuBoard - Wartość 0 wstawiona nieprawidłowo
17:37:11.217 [main] INFO  sudoku.model.SudokuBoard - Bład w kwadracie 0
sudoku.model.SudokuBoard@368424db[
  size=9
  solver=sudoku.model.BacktrackingSudokuSolver@44864536
  board={{9,8,2,4,1,5,6,7,3},{1,3,7,8,6,9,2,4,5},{4,5,6,7,2,3,8,9,1},{5,1,3,9,8,2,4,6,7},{8,9,4,3,7,6,5,0,0},{0,0,0,0,0,0,0,0,0},{0,0,0,0,0,0,0,0,0},{0,0,0,0,0,0,0,0,0},{0,0,0,0,0,0,0,0,0}}
]
17:37:11.217 [main] INFO  sudoku.model.SudokuBoard - Wartość 0 wstawiona nieprawidłowo
17:37:11.217 [main] INFO  sudoku.model.SudokuBoard - Bład w kwadracie 0
sudoku.model.SudokuBoard@368424db[
  size=9
  solver=sudoku.model.BacktrackingSudokuSolver@44864536
  board={{9,8,2,4,1,5,6,7,3},{1,3,7,8,6,9,2,4,5},{4,5,6,7,2,3,8,9,1},{5,1,3,9,8,2,4,6,7},{8,9,4,3,7,6,5,0,0},{0,0,0,0,0,0,0,0,0},{0,0,0,0,0,0,0,0,0},{0,0,0,0,0,0,0,0,0},{0,0,0,0,0,0,0,0,0}}
]
17:37:11.217 [main] INFO  sudoku.model.SudokuBoard - Wartość 0 wstawiona nieprawidłowo
17:37:11.217 [main] INFO  sudoku.model.SudokuBoard - Bład w kwadracie 0
sudoku.model.SudokuBoard@368424db[
  size=9
  solver=sudoku.model.BacktrackingSudokuSolver@44864536
  board={{9,8,2,4,1,5,6,7,3},{1,3,7,8,6,9,2,4,5},{4,5,6,7,2,3,8,9,1},{5,1,3,9,8,2,4,6,7},{8,9,4,3,7,6,0,0,0},{0,0,0,0,0,0,0,0,0},{0,0,0,0,0,0,0,0,0},{0,0,0,0,0,0,0,0,0},{0,0,0,0,0,0,0,0,0}}
]
17:37:11.217 [main] INFO  sudoku.model.SudokuBoard - Wartość 0 wstawiona nieprawidłowo
17:37:11.217 [main] INFO  sudoku.model.SudokuBoard - Bład w kwadracie 0
sudoku.model.SudokuBoard@368424db[
  size=9
  solver=sudoku.model.BacktrackingSudokuSolver@44864536
  board={{9,8,2,4,1,5,6,7,3},{1,3,7,8,6,9,2,4,5},{4,5,6,7,2,3,8,9,1},{5,1,3,9,8,2,4,6,7},{8,9,4,3,7,0,0,0,0},{0,0,0,0,0,0,0,0,0},{0,0,0,0,0,0,0,0,0},{0,0,0,0,0,0,0,0,0},{0,0,0,0,0,0,0,0,0}}
]
17:37:11.217 [main] INFO  sudoku.model.SudokuBoard - Wartość 0 wstawiona nieprawidłowo
17:37:11.217 [main] INFO  sudoku.model.SudokuBoard - Bład w kwadracie 0
sudoku.model.SudokuBoard@368424db[
  size=9
  solver=sudoku.model.BacktrackingSudokuSolver@44864536
  board={{9,8,2,4,1,5,6,7,3},{1,3,7,8,6,9,2,4,5},{4,5,6,7,2,3,8,9,1},{5,1,3,9,8,2,4,6,7},{8,9,4,3,7,1,5,0,0},{0,0,0,0,0,0,0,0,0},{0,0,0,0,0,0,0,0,0},{0,0,0,0,0,0,0,0,0},{0,0,0,0,0,0,0,0,0}}
]
17:37:11.217 [main] INFO  sudoku.model.SudokuBoard - Wartość 0 wstawiona nieprawidłowo
17:37:11.217 [main] INFO  sudoku.model.SudokuBoard - Bład w kwadracie 0
sudoku.model.SudokuBoard@368424db[
  size=9
  solver=sudoku.model.BacktrackingSudokuSolver@44864536
  board={{9,8,2,4,1,5,6,7,3},{1,3,7,8,6,9,2,4,5},{4,5,6,7,2,3,8,9,1},{5,1,3,9,8,2,4,6,7},{8,9,4,3,7,1,0,0,0},{0,0,0,0,0,0,0,0,0},{0,0,0,0,0,0,0,0,0},{0,0,0,0,0,0,0,0,0},{0,0,0,0,0,0,0,0,0}}
]
17:37:11.217 [main] INFO  sudoku.model.SudokuBoard - Wartość 0 wstawiona nieprawidłowo
17:37:11.217 [main] INFO  sudoku.model.SudokuBoard - Bład w kwadracie 0
sudoku.model.SudokuBoard@368424db[
  size=9
  solver=sudoku.model.BacktrackingSudokuSolver@44864536
  board={{9,8,2,4,1,5,6,7,3},{1,3,7,8,6,9,2,4,5},{4,5,6,7,2,3,8,9,1},{5,1,3,9,8,2,4,6,7},{8,9,4,3,7,0,0,0,0},{0,0,0,0,0,0,0,0,0},{0,0,0,0,0,0,0,0,0},{0,0,0,0,0,0,0,0,0},{0,0,0,0,0,0,0,0,0}}
]
17:37:11.217 [main] INFO  sudoku.model.SudokuBoard - Wartość 0 wstawiona nieprawidłowo
17:37:11.217 [main] INFO  sudoku.model.SudokuBoard - Bład w kwadracie 0
sudoku.model.SudokuBoard@368424db[
  size=9
  solver=sudoku.model.BacktrackingSudokuSolver@44864536
  board={{9,8,2,4,1,5,6,7,3},{1,3,7,8,6,9,2,4,5},{4,5,6,7,2,3,8,9,1},{5,1,3,9,8,2,4,6,7},{8,9,4,3,0,0,0,0,0},{0,0,0,0,0,0,0,0,0},{0,0,0,0,0,0,0,0,0},{0,0,0,0,0,0,0,0,0},{0,0,0,0,0,0,0,0,0}}
]
17:37:11.217 [main] INFO  sudoku.model.SudokuBoard - Wartość 0 wstawiona nieprawidłowo
17:37:11.217 [main] INFO  sudoku.model.SudokuBoard - Bład w kwadracie 0
sudoku.model.SudokuBoard@368424db[
  size=9
  solver=sudoku.model.BacktrackingSudokuSolver@44864536
  board={{9,8,2,4,1,5,6,7,3},{1,3,7,8,6,9,2,4,5},{4,5,6,7,2,3,8,9,1},{5,1,3,9,8,2,4,6,7},{8,9,4,0,0,0,0,0,0},{0,0,0,0,0,0,0,0,0},{0,0,0,0,0,0,0,0,0},{0,0,0,0,0,0,0,0,0},{0,0,0,0,0,0,0,0,0}}
]
17:37:11.217 [main] INFO  sudoku.model.SudokuBoard - Wartość 0 wstawiona nieprawidłowo
17:37:11.218 [main] INFO  sudoku.model.SudokuBoard - Bład w kwadracie 0
sudoku.model.SudokuBoard@368424db[
  size=9
  solver=sudoku.model.BacktrackingSudokuSolver@44864536
  board={{9,8,2,4,1,5,6,7,3},{1,3,7,8,6,9,2,4,5},{4,5,6,7,2,3,8,9,1},{5,1,3,9,8,2,4,6,7},{8,9,4,5,3,0,0,0,0},{0,0,0,0,0,0,0,0,0},{0,0,0,0,0,0,0,0,0},{0,0,0,0,0,0,0,0,0},{0,0,0,0,0,0,0,0,0}}
]
17:37:11.218 [main] INFO  sudoku.model.SudokuBoard - Wartość 0 wstawiona nieprawidłowo
17:37:11.218 [main] INFO  sudoku.model.SudokuBoard - Bład w kwadracie 0
sudoku.model.SudokuBoard@368424db[
  size=9
  solver=sudoku.model.BacktrackingSudokuSolver@44864536
  board={{9,8,2,4,1,5,6,7,3},{1,3,7,8,6,9,2,4,5},{4,5,6,7,2,3,8,9,1},{5,1,3,9,8,2,4,6,7},{8,9,4,5,3,6,1,0,0},{0,0,0,0,0,0,0,0,0},{0,0,0,0,0,0,0,0,0},{0,0,0,0,0,0,0,0,0},{0,0,0,0,0,0,0,0,0}}
]
17:37:11.218 [main] INFO  sudoku.model.SudokuBoard - Wartość 0 wstawiona nieprawidłowo
17:37:11.218 [main] INFO  sudoku.model.SudokuBoard - Bład w kwadracie 0
sudoku.model.SudokuBoard@368424db[
  size=9
  solver=sudoku.model.BacktrackingSudokuSolver@44864536
  board={{9,8,2,4,1,5,6,7,3},{1,3,7,8,6,9,2,4,5},{4,5,6,7,2,3,8,9,1},{5,1,3,9,8,2,4,6,7},{8,9,4,5,3,6,0,0,0},{0,0,0,0,0,0,0,0,0},{0,0,0,0,0,0,0,0,0},{0,0,0,0,0,0,0,0,0},{0,0,0,0,0,0,0,0,0}}
]
17:37:11.218 [main] INFO  sudoku.model.SudokuBoard - Wartość 0 wstawiona nieprawidłowo
17:37:11.218 [main] INFO  sudoku.model.SudokuBoard - Bład w kwadracie 0
sudoku.model.SudokuBoard@368424db[
  size=9
  solver=sudoku.model.BacktrackingSudokuSolver@44864536
  board={{9,8,2,4,1,5,6,7,3},{1,3,7,8,6,9,2,4,5},{4,5,6,7,2,3,8,9,1},{5,1,3,9,8,2,4,6,7},{8,9,4,5,3,0,0,0,0},{0,0,0,0,0,0,0,0,0},{0,0,0,0,0,0,0,0,0},{0,0,0,0,0,0,0,0,0},{0,0,0,0,0,0,0,0,0}}
]
17:37:11.218 [main] INFO  sudoku.model.SudokuBoard - Wartość 0 wstawiona nieprawidłowo
17:37:11.218 [main] INFO  sudoku.model.SudokuBoard - Bład w kwadracie 0
sudoku.model.SudokuBoard@368424db[
  size=9
  solver=sudoku.model.BacktrackingSudokuSolver@44864536
  board={{9,8,2,4,1,5,6,7,3},{1,3,7,8,6,9,2,4,5},{4,5,6,7,2,3,8,9,1},{5,1,3,9,8,2,4,6,7},{8,9,4,5,3,7,1,0,0},{0,0,0,0,0,0,0,0,0},{0,0,0,0,0,0,0,0,0},{0,0,0,0,0,0,0,0,0},{0,0,0,0,0,0,0,0,0}}
]
17:37:11.218 [main] INFO  sudoku.model.SudokuBoard - Wartość 0 wstawiona nieprawidłowo
17:37:11.218 [main] INFO  sudoku.model.SudokuBoard - Bład w kwadracie 0
sudoku.model.SudokuBoard@368424db[
  size=9
  solver=sudoku.model.BacktrackingSudokuSolver@44864536
  board={{9,8,2,4,1,5,6,7,3},{1,3,7,8,6,9,2,4,5},{4,5,6,7,2,3,8,9,1},{5,1,3,9,8,2,4,6,7},{8,9,4,5,3,7,0,0,0},{0,0,0,0,0,0,0,0,0},{0,0,0,0,0,0,0,0,0},{0,0,0,0,0,0,0,0,0},{0,0,0,0,0,0,0,0,0}}
]
17:37:11.218 [main] INFO  sudoku.model.SudokuBoard - Wartość 0 wstawiona nieprawidłowo
17:37:11.218 [main] INFO  sudoku.model.SudokuBoard - Bład w kwadracie 0
sudoku.model.SudokuBoard@368424db[
  size=9
  solver=sudoku.model.BacktrackingSudokuSolver@44864536
  board={{9,8,2,4,1,5,6,7,3},{1,3,7,8,6,9,2,4,5},{4,5,6,7,2,3,8,9,1},{5,1,3,9,8,2,4,6,7},{8,9,4,5,3,0,0,0,0},{0,0,0,0,0,0,0,0,0},{0,0,0,0,0,0,0,0,0},{0,0,0,0,0,0,0,0,0},{0,0,0,0,0,0,0,0,0}}
]
17:37:11.218 [main] INFO  sudoku.model.SudokuBoard - Wartość 0 wstawiona nieprawidłowo
17:37:11.218 [main] INFO  sudoku.model.SudokuBoard - Bład w kwadracie 0
sudoku.model.SudokuBoard@368424db[
  size=9
  solver=sudoku.model.BacktrackingSudokuSolver@44864536
  board={{9,8,2,4,1,5,6,7,3},{1,3,7,8,6,9,2,4,5},{4,5,6,7,2,3,8,9,1},{5,1,3,9,8,2,4,6,7},{8,9,4,5,0,0,0,0,0},{0,0,0,0,0,0,0,0,0},{0,0,0,0,0,0,0,0,0},{0,0,0,0,0,0,0,0,0},{0,0,0,0,0,0,0,0,0}}
]
17:37:11.218 [main] INFO  sudoku.model.SudokuBoard - Wartość 0 wstawiona nieprawidłowo
17:37:11.219 [main] INFO  sudoku.model.SudokuBoard - Bład w kwadracie 0
sudoku.model.SudokuBoard@368424db[
  size=9
  solver=sudoku.model.BacktrackingSudokuSolver@44864536
  board={{9,8,2,4,1,5,6,7,3},{1,3,7,8,6,9,2,4,5},{4,5,6,7,2,3,8,9,1},{5,1,3,9,8,2,4,6,7},{8,9,4,5,7,1,3,0,0},{0,0,0,0,0,0,0,0,0},{0,0,0,0,0,0,0,0,0},{0,0,0,0,0,0,0,0,0},{0,0,0,0,0,0,0,0,0}}
]
17:37:11.219 [main] INFO  sudoku.model.SudokuBoard - Wartość 0 wstawiona nieprawidłowo
17:37:11.219 [main] INFO  sudoku.model.SudokuBoard - Bład w kwadracie 0
sudoku.model.SudokuBoard@368424db[
  size=9
  solver=sudoku.model.BacktrackingSudokuSolver@44864536
  board={{9,8,2,4,1,5,6,7,3},{1,3,7,8,6,9,2,4,5},{4,5,6,7,2,3,8,9,1},{5,1,3,9,8,2,4,6,7},{8,9,4,5,7,1,0,0,0},{0,0,0,0,0,0,0,0,0},{0,0,0,0,0,0,0,0,0},{0,0,0,0,0,0,0,0,0},{0,0,0,0,0,0,0,0,0}}
]
17:37:11.219 [main] INFO  sudoku.model.SudokuBoard - Wartość 0 wstawiona nieprawidłowo
17:37:11.219 [main] INFO  sudoku.model.SudokuBoard - Bład w kwadracie 0
sudoku.model.SudokuBoard@368424db[
  size=9
  solver=sudoku.model.BacktrackingSudokuSolver@44864536
  board={{9,8,2,4,1,5,6,7,3},{1,3,7,8,6,9,2,4,5},{4,5,6,7,2,3,8,9,1},{5,1,3,9,8,2,4,6,7},{8,9,4,5,7,0,0,0,0},{0,0,0,0,0,0,0,0,0},{0,0,0,0,0,0,0,0,0},{0,0,0,0,0,0,0,0,0},{0,0,0,0,0,0,0,0,0}}
]
17:37:11.219 [main] INFO  sudoku.model.SudokuBoard - Wartość 0 wstawiona nieprawidłowo
17:37:11.219 [main] INFO  sudoku.model.SudokuBoard - Bład w kwadracie 0
sudoku.model.SudokuBoard@368424db[
  size=9
  solver=sudoku.model.BacktrackingSudokuSolver@44864536
  board={{9,8,2,4,1,5,6,7,3},{1,3,7,8,6,9,2,4,5},{4,5,6,7,2,3,8,9,1},{5,1,3,9,8,2,4,6,7},{8,9,4,5,7,6,3,1,2},{7,0,0,0,0,0,0,0,0},{0,0,0,0,0,0,0,0,0},{0,0,0,0,0,0,0,0,0},{0,0,0,0,0,0,0,0,0}}
]
17:37:11.219 [main] INFO  sudoku.model.SudokuBoard - Wartość 0 wstawiona nieprawidłowo
17:37:11.219 [main] INFO  sudoku.model.SudokuBoard - Bład w kwadracie 0
sudoku.model.SudokuBoard@368424db[
  size=9
  solver=sudoku.model.BacktrackingSudokuSolver@44864536
  board={{9,8,2,4,1,5,6,7,3},{1,3,7,8,6,9,2,4,5},{4,5,6,7,2,3,8,9,1},{5,1,3,9,8,2,4,6,7},{8,9,4,5,7,6,3,1,2},{7,0,0,0,0,0,0,0,0},{0,0,0,0,0,0,0,0,0},{0,0,0,0,0,0,0,0,0},{0,0,0,0,0,0,0,0,0}}
]
17:37:11.219 [main] INFO  sudoku.model.SudokuBoard - Wartość 0 wstawiona nieprawidłowo
17:37:11.219 [main] INFO  sudoku.model.SudokuBoard - Bład w kwadracie 0
sudoku.model.SudokuBoard@368424db[
  size=9
  solver=sudoku.model.BacktrackingSudokuSolver@44864536
  board={{9,8,2,4,1,5,6,7,3},{1,3,7,8,6,9,2,4,5},{4,5,6,7,2,3,8,9,1},{5,1,3,9,8,2,4,6,7},{8,9,4,5,7,6,3,1,2},{0,0,0,0,0,0,0,0,0},{0,0,0,0,0,0,0,0,0},{0,0,0,0,0,0,0,0,0},{0,0,0,0,0,0,0,0,0}}
]
17:37:11.220 [main] INFO  sudoku.model.SudokuBoard - Wartość 0 wstawiona nieprawidłowo
17:37:11.220 [main] INFO  sudoku.model.SudokuBoard - Bład w kwadracie 0
sudoku.model.SudokuBoard@368424db[
  size=9
  solver=sudoku.model.BacktrackingSudokuSolver@44864536
  board={{9,8,2,4,1,5,6,7,3},{1,3,7,8,6,9,2,4,5},{4,5,6,7,2,3,8,9,1},{5,1,3,9,8,2,4,6,7},{8,9,4,5,7,6,3,1,2},{2,0,0,0,0,0,0,0,0},{0,0,0,0,0,0,0,0,0},{0,0,0,0,0,0,0,0,0},{0,0,0,0,0,0,0,0,0}}
]
17:37:11.220 [main] INFO  sudoku.model.SudokuBoard - Wartość 0 wstawiona nieprawidłowo
17:37:11.220 [main] INFO  sudoku.model.SudokuBoard - Bład w kwadracie 0
sudoku.model.SudokuBoard@368424db[
  size=9
  solver=sudoku.model.BacktrackingSudokuSolver@44864536
  board={{9,8,2,4,1,5,6,7,3},{1,3,7,8,6,9,2,4,5},{4,5,6,7,2,3,8,9,1},{5,1,3,9,8,2,4,6,7},{8,9,4,5,7,6,3,1,2},{2,0,0,0,0,0,0,0,0},{0,0,0,0,0,0,0,0,0},{0,0,0,0,0,0,0,0,0},{0,0,0,0,0,0,0,0,0}}
]
17:37:11.220 [main] INFO  sudoku.model.SudokuBoard - Wartość 0 wstawiona nieprawidłowo
17:37:11.220 [main] INFO  sudoku.model.SudokuBoard - Bład w kwadracie 0
sudoku.model.SudokuBoard@368424db[
  size=9
  solver=sudoku.model.BacktrackingSudokuSolver@44864536
  board={{9,8,2,4,1,5,6,7,3},{1,3,7,8,6,9,2,4,5},{4,5,6,7,2,3,8,9,1},{5,1,3,9,8,2,4,6,7},{8,9,4,5,7,6,3,1,2},{0,0,0,0,0,0,0,0,0},{0,0,0,0,0,0,0,0,0},{0,0,0,0,0,0,0,0,0},{0,0,0,0,0,0,0,0,0}}
]
17:37:11.220 [main] INFO  sudoku.model.SudokuBoard - Wartość 0 wstawiona nieprawidłowo
17:37:11.220 [main] INFO  sudoku.model.SudokuBoard - Bład w kwadracie 0
sudoku.model.SudokuBoard@368424db[
  size=9
  solver=sudoku.model.BacktrackingSudokuSolver@44864536
  board={{9,8,2,4,1,5,6,7,3},{1,3,7,8,6,9,2,4,5},{4,5,6,7,2,3,8,9,1},{5,1,3,9,8,2,4,6,7},{8,9,4,5,7,6,3,1,2},{6,0,0,0,0,0,0,0,0},{0,0,0,0,0,0,0,0,0},{0,0,0,0,0,0,0,0,0},{0,0,0,0,0,0,0,0,0}}
]
17:37:11.220 [main] INFO  sudoku.model.SudokuBoard - Wartość 0 wstawiona nieprawidłowo
17:37:11.220 [main] INFO  sudoku.model.SudokuBoard - Bład w kwadracie 0
sudoku.model.SudokuBoard@368424db[
  size=9
  solver=sudoku.model.BacktrackingSudokuSolver@44864536
  board={{9,8,2,4,1,5,6,7,3},{1,3,7,8,6,9,2,4,5},{4,5,6,7,2,3,8,9,1},{5,1,3,9,8,2,4,6,7},{8,9,4,5,7,6,3,1,2},{6,0,0,0,0,0,0,0,0},{0,0,0,0,0,0,0,0,0},{0,0,0,0,0,0,0,0,0},{0,0,0,0,0,0,0,0,0}}
]
17:37:11.220 [main] INFO  sudoku.model.SudokuBoard - Wartość 0 wstawiona nieprawidłowo
17:37:11.220 [main] INFO  sudoku.model.SudokuBoard - Bład w kwadracie 0
sudoku.model.SudokuBoard@368424db[
  size=9
  solver=sudoku.model.BacktrackingSudokuSolver@44864536
  board={{9,8,2,4,1,5,6,7,3},{1,3,7,8,6,9,2,4,5},{4,5,6,7,2,3,8,9,1},{5,1,3,9,8,2,4,6,7},{8,9,4,5,7,6,3,1,2},{0,0,0,0,0,0,0,0,0},{0,0,0,0,0,0,0,0,0},{0,0,0,0,0,0,0,0,0},{0,0,0,0,0,0,0,0,0}}
]
17:37:11.221 [main] INFO  sudoku.model.SudokuBoard - Wartość 0 wstawiona nieprawidłowo
17:37:11.221 [main] INFO  sudoku.model.SudokuBoard - Bład w kwadracie 0
sudoku.model.SudokuBoard@368424db[
  size=9
  solver=sudoku.model.BacktrackingSudokuSolver@44864536
  board={{9,8,2,4,1,5,6,7,3},{1,3,7,8,6,9,2,4,5},{4,5,6,7,2,3,8,9,1},{5,1,3,9,8,2,4,6,7},{8,9,4,5,7,6,3,1,0},{0,0,0,0,0,0,0,0,0},{0,0,0,0,0,0,0,0,0},{0,0,0,0,0,0,0,0,0},{0,0,0,0,0,0,0,0,0}}
]
17:37:11.221 [main] INFO  sudoku.model.SudokuBoard - Wartość 0 wstawiona nieprawidłowo
17:37:11.221 [main] INFO  sudoku.model.SudokuBoard - Bład w kwadracie 0
sudoku.model.SudokuBoard@368424db[
  size=9
  solver=sudoku.model.BacktrackingSudokuSolver@44864536
  board={{9,8,2,4,1,5,6,7,3},{1,3,7,8,6,9,2,4,5},{4,5,6,7,2,3,8,9,1},{5,1,3,9,8,2,4,6,7},{8,9,4,5,7,6,3,0,0},{0,0,0,0,0,0,0,0,0},{0,0,0,0,0,0,0,0,0},{0,0,0,0,0,0,0,0,0},{0,0,0,0,0,0,0,0,0}}
]
17:37:11.221 [main] INFO  sudoku.model.SudokuBoard - Wartość 0 wstawiona nieprawidłowo
17:37:11.221 [main] INFO  sudoku.model.SudokuBoard - Bład w kwadracie 0
sudoku.model.SudokuBoard@368424db[
  size=9
  solver=sudoku.model.BacktrackingSudokuSolver@44864536
  board={{9,8,2,4,1,5,6,7,3},{1,3,7,8,6,9,2,4,5},{4,5,6,7,2,3,8,9,1},{5,1,3,9,8,2,4,6,7},{8,9,4,5,7,6,3,0,0},{0,0,0,0,0,0,0,0,0},{0,0,0,0,0,0,0,0,0},{0,0,0,0,0,0,0,0,0},{0,0,0,0,0,0,0,0,0}}
]
17:37:11.221 [main] INFO  sudoku.model.SudokuBoard - Wartość 0 wstawiona nieprawidłowo
17:37:11.221 [main] INFO  sudoku.model.SudokuBoard - Bład w kwadracie 0
sudoku.model.SudokuBoard@368424db[
  size=9
  solver=sudoku.model.BacktrackingSudokuSolver@44864536
  board={{9,8,2,4,1,5,6,7,3},{1,3,7,8,6,9,2,4,5},{4,5,6,7,2,3,8,9,1},{5,1,3,9,8,2,4,6,7},{8,9,4,5,7,6,0,0,0},{0,0,0,0,0,0,0,0,0},{0,0,0,0,0,0,0,0,0},{0,0,0,0,0,0,0,0,0},{0,0,0,0,0,0,0,0,0}}
]
17:37:11.221 [main] INFO  sudoku.model.SudokuBoard - Wartość 0 wstawiona nieprawidłowo
17:37:11.221 [main] INFO  sudoku.model.SudokuBoard - Bład w kwadracie 0
sudoku.model.SudokuBoard@368424db[
  size=9
  solver=sudoku.model.BacktrackingSudokuSolver@44864536
  board={{9,8,2,4,1,5,6,7,3},{1,3,7,8,6,9,2,4,5},{4,5,6,7,2,3,8,9,1},{5,1,3,9,8,2,4,6,7},{8,9,4,5,7,6,1,0,0},{0,0,0,0,0,0,0,0,0},{0,0,0,0,0,0,0,0,0},{0,0,0,0,0,0,0,0,0},{0,0,0,0,0,0,0,0,0}}
]
17:37:11.221 [main] INFO  sudoku.model.SudokuBoard - Wartość 0 wstawiona nieprawidłowo
17:37:11.222 [main] INFO  sudoku.model.SudokuBoard - Bład w kwadracie 0
sudoku.model.SudokuBoard@368424db[
  size=9
  solver=sudoku.model.BacktrackingSudokuSolver@44864536
  board={{9,8,2,4,1,5,6,7,3},{1,3,7,8,6,9,2,4,5},{4,5,6,7,2,3,8,9,1},{5,1,3,9,8,2,4,6,7},{8,9,4,5,7,6,1,3,2},{6,0,0,0,0,0,0,0,0},{0,0,0,0,0,0,0,0,0},{0,0,0,0,0,0,0,0,0},{0,0,0,0,0,0,0,0,0}}
]
17:37:11.222 [main] INFO  sudoku.model.SudokuBoard - Wartość 0 wstawiona nieprawidłowo
17:37:11.222 [main] INFO  sudoku.model.SudokuBoard - Bład w kwadracie 0
sudoku.model.SudokuBoard@368424db[
  size=9
  solver=sudoku.model.BacktrackingSudokuSolver@44864536
  board={{9,8,2,4,1,5,6,7,3},{1,3,7,8,6,9,2,4,5},{4,5,6,7,2,3,8,9,1},{5,1,3,9,8,2,4,6,7},{8,9,4,5,7,6,1,3,2},{6,0,0,0,0,0,0,0,0},{0,0,0,0,0,0,0,0,0},{0,0,0,0,0,0,0,0,0},{0,0,0,0,0,0,0,0,0}}
]
17:37:11.222 [main] INFO  sudoku.model.SudokuBoard - Wartość 0 wstawiona nieprawidłowo
17:37:11.222 [main] INFO  sudoku.model.SudokuBoard - Bład w kwadracie 0
sudoku.model.SudokuBoard@368424db[
  size=9
  solver=sudoku.model.BacktrackingSudokuSolver@44864536
  board={{9,8,2,4,1,5,6,7,3},{1,3,7,8,6,9,2,4,5},{4,5,6,7,2,3,8,9,1},{5,1,3,9,8,2,4,6,7},{8,9,4,5,7,6,1,3,2},{0,0,0,0,0,0,0,0,0},{0,0,0,0,0,0,0,0,0},{0,0,0,0,0,0,0,0,0},{0,0,0,0,0,0,0,0,0}}
]
17:37:11.222 [main] INFO  sudoku.model.SudokuBoard - Wartość 0 wstawiona nieprawidłowo
17:37:11.222 [main] INFO  sudoku.model.SudokuBoard - Bład w kwadracie 0
sudoku.model.SudokuBoard@368424db[
  size=9
  solver=sudoku.model.BacktrackingSudokuSolver@44864536
  board={{9,8,2,4,1,5,6,7,3},{1,3,7,8,6,9,2,4,5},{4,5,6,7,2,3,8,9,1},{5,1,3,9,8,2,4,6,7},{8,9,4,5,7,6,1,3,2},{7,0,0,0,0,0,0,0,0},{0,0,0,0,0,0,0,0,0},{0,0,0,0,0,0,0,0,0},{0,0,0,0,0,0,0,0,0}}
]
17:37:11.222 [main] INFO  sudoku.model.SudokuBoard - Wartość 0 wstawiona nieprawidłowo
17:37:11.222 [main] INFO  sudoku.model.SudokuBoard - Bład w kwadracie 0
sudoku.model.SudokuBoard@368424db[
  size=9
  solver=sudoku.model.BacktrackingSudokuSolver@44864536
  board={{9,8,2,4,1,5,6,7,3},{1,3,7,8,6,9,2,4,5},{4,5,6,7,2,3,8,9,1},{5,1,3,9,8,2,4,6,7},{8,9,4,5,7,6,1,3,2},{7,0,0,0,0,0,0,0,0},{0,0,0,0,0,0,0,0,0},{0,0,0,0,0,0,0,0,0},{0,0,0,0,0,0,0,0,0}}
]
17:37:11.222 [main] INFO  sudoku.model.SudokuBoard - Wartość 0 wstawiona nieprawidłowo
17:37:11.222 [main] INFO  sudoku.model.SudokuBoard - Bład w kwadracie 0
sudoku.model.SudokuBoard@368424db[
  size=9
  solver=sudoku.model.BacktrackingSudokuSolver@44864536
  board={{9,8,2,4,1,5,6,7,3},{1,3,7,8,6,9,2,4,5},{4,5,6,7,2,3,8,9,1},{5,1,3,9,8,2,4,6,7},{8,9,4,5,7,6,1,3,2},{0,0,0,0,0,0,0,0,0},{0,0,0,0,0,0,0,0,0},{0,0,0,0,0,0,0,0,0},{0,0,0,0,0,0,0,0,0}}
]
17:37:11.222 [main] INFO  sudoku.model.SudokuBoard - Wartość 0 wstawiona nieprawidłowo
17:37:11.222 [main] INFO  sudoku.model.SudokuBoard - Bład w kwadracie 0
sudoku.model.SudokuBoard@368424db[
  size=9
  solver=sudoku.model.BacktrackingSudokuSolver@44864536
  board={{9,8,2,4,1,5,6,7,3},{1,3,7,8,6,9,2,4,5},{4,5,6,7,2,3,8,9,1},{5,1,3,9,8,2,4,6,7},{8,9,4,5,7,6,1,3,2},{2,0,0,0,0,0,0,0,0},{0,0,0,0,0,0,0,0,0},{0,0,0,0,0,0,0,0,0},{0,0,0,0,0,0,0,0,0}}
]
17:37:11.222 [main] INFO  sudoku.model.SudokuBoard - Wartość 0 wstawiona nieprawidłowo
17:37:11.222 [main] INFO  sudoku.model.SudokuBoard - Bład w kwadracie 0
sudoku.model.SudokuBoard@368424db[
  size=9
  solver=sudoku.model.BacktrackingSudokuSolver@44864536
  board={{9,8,2,4,1,5,6,7,3},{1,3,7,8,6,9,2,4,5},{4,5,6,7,2,3,8,9,1},{5,1,3,9,8,2,4,6,7},{8,9,4,5,7,6,1,3,2},{2,0,0,0,0,0,0,0,0},{0,0,0,0,0,0,0,0,0},{0,0,0,0,0,0,0,0,0},{0,0,0,0,0,0,0,0,0}}
]
17:37:11.222 [main] INFO  sudoku.model.SudokuBoard - Wartość 0 wstawiona nieprawidłowo
17:37:11.223 [main] INFO  sudoku.model.SudokuBoard - Bład w kwadracie 0
sudoku.model.SudokuBoard@368424db[
  size=9
  solver=sudoku.model.BacktrackingSudokuSolver@44864536
  board={{9,8,2,4,1,5,6,7,3},{1,3,7,8,6,9,2,4,5},{4,5,6,7,2,3,8,9,1},{5,1,3,9,8,2,4,6,7},{8,9,4,5,7,6,1,3,2},{0,0,0,0,0,0,0,0,0},{0,0,0,0,0,0,0,0,0},{0,0,0,0,0,0,0,0,0},{0,0,0,0,0,0,0,0,0}}
]
17:37:11.223 [main] INFO  sudoku.model.SudokuBoard - Wartość 0 wstawiona nieprawidłowo
17:37:11.223 [main] INFO  sudoku.model.SudokuBoard - Bład w kwadracie 0
sudoku.model.SudokuBoard@368424db[
  size=9
  solver=sudoku.model.BacktrackingSudokuSolver@44864536
  board={{9,8,2,4,1,5,6,7,3},{1,3,7,8,6,9,2,4,5},{4,5,6,7,2,3,8,9,1},{5,1,3,9,8,2,4,6,7},{8,9,4,5,7,6,1,3,0},{0,0,0,0,0,0,0,0,0},{0,0,0,0,0,0,0,0,0},{0,0,0,0,0,0,0,0,0},{0,0,0,0,0,0,0,0,0}}
]
17:37:11.223 [main] INFO  sudoku.model.SudokuBoard - Wartość 0 wstawiona nieprawidłowo
17:37:11.223 [main] INFO  sudoku.model.SudokuBoard - Bład w kwadracie 0
sudoku.model.SudokuBoard@368424db[
  size=9
  solver=sudoku.model.BacktrackingSudokuSolver@44864536
  board={{9,8,2,4,1,5,6,7,3},{1,3,7,8,6,9,2,4,5},{4,5,6,7,2,3,8,9,1},{5,1,3,9,8,2,4,6,7},{8,9,4,5,7,6,1,0,0},{0,0,0,0,0,0,0,0,0},{0,0,0,0,0,0,0,0,0},{0,0,0,0,0,0,0,0,0},{0,0,0,0,0,0,0,0,0}}
]
17:37:11.223 [main] INFO  sudoku.model.SudokuBoard - Wartość 0 wstawiona nieprawidłowo
17:37:11.223 [main] INFO  sudoku.model.SudokuBoard - Bład w kwadracie 0
sudoku.model.SudokuBoard@368424db[
  size=9
  solver=sudoku.model.BacktrackingSudokuSolver@44864536
  board={{9,8,2,4,1,5,6,7,3},{1,3,7,8,6,9,2,4,5},{4,5,6,7,2,3,8,9,1},{5,1,3,9,8,2,4,6,7},{8,9,4,5,7,6,0,0,0},{0,0,0,0,0,0,0,0,0},{0,0,0,0,0,0,0,0,0},{0,0,0,0,0,0,0,0,0},{0,0,0,0,0,0,0,0,0}}
]
17:37:11.223 [main] INFO  sudoku.model.SudokuBoard - Wartość 0 wstawiona nieprawidłowo
17:37:11.223 [main] INFO  sudoku.model.SudokuBoard - Bład w kwadracie 0
sudoku.model.SudokuBoard@368424db[
  size=9
  solver=sudoku.model.BacktrackingSudokuSolver@44864536
  board={{9,8,2,4,1,5,6,7,3},{1,3,7,8,6,9,2,4,5},{4,5,6,7,2,3,8,9,1},{5,1,3,9,8,2,4,6,7},{8,9,4,5,7,0,0,0,0},{0,0,0,0,0,0,0,0,0},{0,0,0,0,0,0,0,0,0},{0,0,0,0,0,0,0,0,0},{0,0,0,0,0,0,0,0,0}}
]
17:37:11.223 [main] INFO  sudoku.model.SudokuBoard - Wartość 0 wstawiona nieprawidłowo
17:37:11.223 [main] INFO  sudoku.model.SudokuBoard - Bład w kwadracie 0
sudoku.model.SudokuBoard@368424db[
  size=9
  solver=sudoku.model.BacktrackingSudokuSolver@44864536
  board={{9,8,2,4,1,5,6,7,3},{1,3,7,8,6,9,2,4,5},{4,5,6,7,2,3,8,9,1},{5,1,3,9,8,2,4,6,7},{8,9,4,5,0,0,0,0,0},{0,0,0,0,0,0,0,0,0},{0,0,0,0,0,0,0,0,0},{0,0,0,0,0,0,0,0,0},{0,0,0,0,0,0,0,0,0}}
]
17:37:11.223 [main] INFO  sudoku.model.SudokuBoard - Wartość 0 wstawiona nieprawidłowo
17:37:11.223 [main] INFO  sudoku.model.SudokuBoard - Bład w kwadracie 0
sudoku.model.SudokuBoard@368424db[
  size=9
  solver=sudoku.model.BacktrackingSudokuSolver@44864536
  board={{9,8,2,4,1,5,6,7,3},{1,3,7,8,6,9,2,4,5},{4,5,6,7,2,3,8,9,1},{5,1,3,9,8,2,4,6,7},{8,9,4,0,0,0,0,0,0},{0,0,0,0,0,0,0,0,0},{0,0,0,0,0,0,0,0,0},{0,0,0,0,0,0,0,0,0},{0,0,0,0,0,0,0,0,0}}
]
17:37:11.223 [main] INFO  sudoku.model.SudokuBoard - Wartość 0 wstawiona nieprawidłowo
17:37:11.223 [main] INFO  sudoku.model.SudokuBoard - Bład w kwadracie 0
sudoku.model.SudokuBoard@368424db[
  size=9
  solver=sudoku.model.BacktrackingSudokuSolver@44864536
  board={{9,8,2,4,1,5,6,7,3},{1,3,7,8,6,9,2,4,5},{4,5,6,7,2,3,8,9,1},{5,1,3,9,8,2,4,6,7},{8,9,4,6,7,1,3,5,2},{6,0,0,0,0,0,0,0,0},{0,0,0,0,0,0,0,0,0},{0,0,0,0,0,0,0,0,0},{0,0,0,0,0,0,0,0,0}}
]
17:37:11.223 [main] INFO  sudoku.model.SudokuBoard - Wartość 0 wstawiona nieprawidłowo
17:37:11.224 [main] INFO  sudoku.model.SudokuBoard - Bład w kwadracie 0
sudoku.model.SudokuBoard@368424db[
  size=9
  solver=sudoku.model.BacktrackingSudokuSolver@44864536
  board={{9,8,2,4,1,5,6,7,3},{1,3,7,8,6,9,2,4,5},{4,5,6,7,2,3,8,9,1},{5,1,3,9,8,2,4,6,7},{8,9,4,6,7,1,3,5,2},{6,0,0,0,0,0,0,0,0},{0,0,0,0,0,0,0,0,0},{0,0,0,0,0,0,0,0,0},{0,0,0,0,0,0,0,0,0}}
]
17:37:11.224 [main] INFO  sudoku.model.SudokuBoard - Wartość 0 wstawiona nieprawidłowo
17:37:11.224 [main] INFO  sudoku.model.SudokuBoard - Bład w kwadracie 0
sudoku.model.SudokuBoard@368424db[
  size=9
  solver=sudoku.model.BacktrackingSudokuSolver@44864536
  board={{9,8,2,4,1,5,6,7,3},{1,3,7,8,6,9,2,4,5},{4,5,6,7,2,3,8,9,1},{5,1,3,9,8,2,4,6,7},{8,9,4,6,7,1,3,5,2},{0,0,0,0,0,0,0,0,0},{0,0,0,0,0,0,0,0,0},{0,0,0,0,0,0,0,0,0},{0,0,0,0,0,0,0,0,0}}
]
17:37:11.224 [main] INFO  sudoku.model.SudokuBoard - Wartość 0 wstawiona nieprawidłowo
17:37:11.224 [main] INFO  sudoku.model.SudokuBoard - Bład w kwadracie 0
sudoku.model.SudokuBoard@368424db[
  size=9
  solver=sudoku.model.BacktrackingSudokuSolver@44864536
  board={{9,8,2,4,1,5,6,7,3},{1,3,7,8,6,9,2,4,5},{4,5,6,7,2,3,8,9,1},{5,1,3,9,8,2,4,6,7},{8,9,4,6,7,1,3,5,2},{7,0,0,0,0,0,0,0,0},{0,0,0,0,0,0,0,0,0},{0,0,0,0,0,0,0,0,0},{0,0,0,0,0,0,0,0,0}}
]
17:37:11.224 [main] INFO  sudoku.model.SudokuBoard - Wartość 0 wstawiona nieprawidłowo
17:37:11.224 [main] INFO  sudoku.model.SudokuBoard - Bład w kwadracie 0
sudoku.model.SudokuBoard@368424db[
  size=9
  solver=sudoku.model.BacktrackingSudokuSolver@44864536
  board={{9,8,2,4,1,5,6,7,3},{1,3,7,8,6,9,2,4,5},{4,5,6,7,2,3,8,9,1},{5,1,3,9,8,2,4,6,7},{8,9,4,6,7,1,3,5,2},{7,0,0,0,0,0,0,0,0},{0,0,0,0,0,0,0,0,0},{0,0,0,0,0,0,0,0,0},{0,0,0,0,0,0,0,0,0}}
]
17:37:11.224 [main] INFO  sudoku.model.SudokuBoard - Wartość 0 wstawiona nieprawidłowo
17:37:11.224 [main] INFO  sudoku.model.SudokuBoard - Bład w kwadracie 0
sudoku.model.SudokuBoard@368424db[
  size=9
  solver=sudoku.model.BacktrackingSudokuSolver@44864536
  board={{9,8,2,4,1,5,6,7,3},{1,3,7,8,6,9,2,4,5},{4,5,6,7,2,3,8,9,1},{5,1,3,9,8,2,4,6,7},{8,9,4,6,7,1,3,5,2},{0,0,0,0,0,0,0,0,0},{0,0,0,0,0,0,0,0,0},{0,0,0,0,0,0,0,0,0},{0,0,0,0,0,0,0,0,0}}
]
17:37:11.224 [main] INFO  sudoku.model.SudokuBoard - Wartość 0 wstawiona nieprawidłowo
17:37:11.224 [main] INFO  sudoku.model.SudokuBoard - Bład w kwadracie 0
sudoku.model.SudokuBoard@368424db[
  size=9
  solver=sudoku.model.BacktrackingSudokuSolver@44864536
  board={{9,8,2,4,1,5,6,7,3},{1,3,7,8,6,9,2,4,5},{4,5,6,7,2,3,8,9,1},{5,1,3,9,8,2,4,6,7},{8,9,4,6,7,1,3,5,2},{2,0,0,0,0,0,0,0,0},{0,0,0,0,0,0,0,0,0},{0,0,0,0,0,0,0,0,0},{0,0,0,0,0,0,0,0,0}}
]
17:37:11.224 [main] INFO  sudoku.model.SudokuBoard - Wartość 0 wstawiona nieprawidłowo
17:37:11.224 [main] INFO  sudoku.model.SudokuBoard - Bład w kwadracie 0
sudoku.model.SudokuBoard@368424db[
  size=9
  solver=sudoku.model.BacktrackingSudokuSolver@44864536
  board={{9,8,2,4,1,5,6,7,3},{1,3,7,8,6,9,2,4,5},{4,5,6,7,2,3,8,9,1},{5,1,3,9,8,2,4,6,7},{8,9,4,6,7,1,3,5,2},{2,0,0,0,0,0,0,0,0},{0,0,0,0,0,0,0,0,0},{0,0,0,0,0,0,0,0,0},{0,0,0,0,0,0,0,0,0}}
]
17:37:11.224 [main] INFO  sudoku.model.SudokuBoard - Wartość 0 wstawiona nieprawidłowo
17:37:11.224 [main] INFO  sudoku.model.SudokuBoard - Bład w kwadracie 0
sudoku.model.SudokuBoard@368424db[
  size=9
  solver=sudoku.model.BacktrackingSudokuSolver@44864536
  board={{9,8,2,4,1,5,6,7,3},{1,3,7,8,6,9,2,4,5},{4,5,6,7,2,3,8,9,1},{5,1,3,9,8,2,4,6,7},{8,9,4,6,7,1,3,5,2},{0,0,0,0,0,0,0,0,0},{0,0,0,0,0,0,0,0,0},{0,0,0,0,0,0,0,0,0},{0,0,0,0,0,0,0,0,0}}
]
17:37:11.225 [main] INFO  sudoku.model.SudokuBoard - Wartość 0 wstawiona nieprawidłowo
17:37:11.225 [main] INFO  sudoku.model.SudokuBoard - Bład w kwadracie 0
sudoku.model.SudokuBoard@368424db[
  size=9
  solver=sudoku.model.BacktrackingSudokuSolver@44864536
  board={{9,8,2,4,1,5,6,7,3},{1,3,7,8,6,9,2,4,5},{4,5,6,7,2,3,8,9,1},{5,1,3,9,8,2,4,6,7},{8,9,4,6,7,1,3,5,0},{0,0,0,0,0,0,0,0,0},{0,0,0,0,0,0,0,0,0},{0,0,0,0,0,0,0,0,0},{0,0,0,0,0,0,0,0,0}}
]
17:37:11.225 [main] INFO  sudoku.model.SudokuBoard - Wartość 0 wstawiona nieprawidłowo
17:37:11.225 [main] INFO  sudoku.model.SudokuBoard - Bład w kwadracie 0
sudoku.model.SudokuBoard@368424db[
  size=9
  solver=sudoku.model.BacktrackingSudokuSolver@44864536
  board={{9,8,2,4,1,5,6,7,3},{1,3,7,8,6,9,2,4,5},{4,5,6,7,2,3,8,9,1},{5,1,3,9,8,2,4,6,7},{8,9,4,6,7,1,3,0,0},{0,0,0,0,0,0,0,0,0},{0,0,0,0,0,0,0,0,0},{0,0,0,0,0,0,0,0,0},{0,0,0,0,0,0,0,0,0}}
]
17:37:11.225 [main] INFO  sudoku.model.SudokuBoard - Wartość 0 wstawiona nieprawidłowo
17:37:11.225 [main] INFO  sudoku.model.SudokuBoard - Bład w kwadracie 0
sudoku.model.SudokuBoard@368424db[
  size=9
  solver=sudoku.model.BacktrackingSudokuSolver@44864536
  board={{9,8,2,4,1,5,6,7,3},{1,3,7,8,6,9,2,4,5},{4,5,6,7,2,3,8,9,1},{5,1,3,9,8,2,4,6,7},{8,9,4,6,7,1,3,0,0},{0,0,0,0,0,0,0,0,0},{0,0,0,0,0,0,0,0,0},{0,0,0,0,0,0,0,0,0},{0,0,0,0,0,0,0,0,0}}
]
17:37:11.225 [main] INFO  sudoku.model.SudokuBoard - Wartość 0 wstawiona nieprawidłowo
17:37:11.225 [main] INFO  sudoku.model.SudokuBoard - Bład w kwadracie 0
sudoku.model.SudokuBoard@368424db[
  size=9
  solver=sudoku.model.BacktrackingSudokuSolver@44864536
  board={{9,8,2,4,1,5,6,7,3},{1,3,7,8,6,9,2,4,5},{4,5,6,7,2,3,8,9,1},{5,1,3,9,8,2,4,6,7},{8,9,4,6,7,1,0,0,0},{0,0,0,0,0,0,0,0,0},{0,0,0,0,0,0,0,0,0},{0,0,0,0,0,0,0,0,0},{0,0,0,0,0,0,0,0,0}}
]
17:37:11.225 [main] INFO  sudoku.model.SudokuBoard - Wartość 0 wstawiona nieprawidłowo
17:37:11.225 [main] INFO  sudoku.model.SudokuBoard - Bład w kwadracie 0
sudoku.model.SudokuBoard@368424db[
  size=9
  solver=sudoku.model.BacktrackingSudokuSolver@44864536
  board={{9,8,2,4,1,5,6,7,3},{1,3,7,8,6,9,2,4,5},{4,5,6,7,2,3,8,9,1},{5,1,3,9,8,2,4,6,7},{8,9,4,6,7,1,5,0,0},{0,0,0,0,0,0,0,0,0},{0,0,0,0,0,0,0,0,0},{0,0,0,0,0,0,0,0,0},{0,0,0,0,0,0,0,0,0}}
]
17:37:11.225 [main] INFO  sudoku.model.SudokuBoard - Wartość 0 wstawiona nieprawidłowo
17:37:11.225 [main] INFO  sudoku.model.SudokuBoard - Bład w kwadracie 0
sudoku.model.SudokuBoard@368424db[
  size=9
  solver=sudoku.model.BacktrackingSudokuSolver@44864536
  board={{9,8,2,4,1,5,6,7,3},{1,3,7,8,6,9,2,4,5},{4,5,6,7,2,3,8,9,1},{5,1,3,9,8,2,4,6,7},{8,9,4,6,7,1,5,3,2},{2,0,0,0,0,0,0,0,0},{0,0,0,0,0,0,0,0,0},{0,0,0,0,0,0,0,0,0},{0,0,0,0,0,0,0,0,0}}
]
17:37:11.225 [main] INFO  sudoku.model.SudokuBoard - Wartość 0 wstawiona nieprawidłowo
17:37:11.225 [main] INFO  sudoku.model.SudokuBoard - Bład w kwadracie 0
sudoku.model.SudokuBoard@368424db[
  size=9
  solver=sudoku.model.BacktrackingSudokuSolver@44864536
  board={{9,8,2,4,1,5,6,7,3},{1,3,7,8,6,9,2,4,5},{4,5,6,7,2,3,8,9,1},{5,1,3,9,8,2,4,6,7},{8,9,4,6,7,1,5,3,2},{2,0,0,0,0,0,0,0,0},{0,0,0,0,0,0,0,0,0},{0,0,0,0,0,0,0,0,0},{0,0,0,0,0,0,0,0,0}}
]
17:37:11.225 [main] INFO  sudoku.model.SudokuBoard - Wartość 0 wstawiona nieprawidłowo
17:37:11.226 [main] INFO  sudoku.model.SudokuBoard - Bład w kwadracie 0
sudoku.model.SudokuBoard@368424db[
  size=9
  solver=sudoku.model.BacktrackingSudokuSolver@44864536
  board={{9,8,2,4,1,5,6,7,3},{1,3,7,8,6,9,2,4,5},{4,5,6,7,2,3,8,9,1},{5,1,3,9,8,2,4,6,7},{8,9,4,6,7,1,5,3,2},{0,0,0,0,0,0,0,0,0},{0,0,0,0,0,0,0,0,0},{0,0,0,0,0,0,0,0,0},{0,0,0,0,0,0,0,0,0}}
]
17:37:11.226 [main] INFO  sudoku.model.SudokuBoard - Wartość 0 wstawiona nieprawidłowo
17:37:11.226 [main] INFO  sudoku.model.SudokuBoard - Bład w kwadracie 0
sudoku.model.SudokuBoard@368424db[
  size=9
  solver=sudoku.model.BacktrackingSudokuSolver@44864536
  board={{9,8,2,4,1,5,6,7,3},{1,3,7,8,6,9,2,4,5},{4,5,6,7,2,3,8,9,1},{5,1,3,9,8,2,4,6,7},{8,9,4,6,7,1,5,3,2},{6,0,0,0,0,0,0,0,0},{0,0,0,0,0,0,0,0,0},{0,0,0,0,0,0,0,0,0},{0,0,0,0,0,0,0,0,0}}
]
17:37:11.226 [main] INFO  sudoku.model.SudokuBoard - Wartość 0 wstawiona nieprawidłowo
17:37:11.226 [main] INFO  sudoku.model.SudokuBoard - Bład w kwadracie 0
sudoku.model.SudokuBoard@368424db[
  size=9
  solver=sudoku.model.BacktrackingSudokuSolver@44864536
  board={{9,8,2,4,1,5,6,7,3},{1,3,7,8,6,9,2,4,5},{4,5,6,7,2,3,8,9,1},{5,1,3,9,8,2,4,6,7},{8,9,4,6,7,1,5,3,2},{6,0,0,0,0,0,0,0,0},{0,0,0,0,0,0,0,0,0},{0,0,0,0,0,0,0,0,0},{0,0,0,0,0,0,0,0,0}}
]
17:37:11.226 [main] INFO  sudoku.model.SudokuBoard - Wartość 0 wstawiona nieprawidłowo
17:37:11.226 [main] INFO  sudoku.model.SudokuBoard - Bład w kwadracie 0
sudoku.model.SudokuBoard@368424db[
  size=9
  solver=sudoku.model.BacktrackingSudokuSolver@44864536
  board={{9,8,2,4,1,5,6,7,3},{1,3,7,8,6,9,2,4,5},{4,5,6,7,2,3,8,9,1},{5,1,3,9,8,2,4,6,7},{8,9,4,6,7,1,5,3,2},{0,0,0,0,0,0,0,0,0},{0,0,0,0,0,0,0,0,0},{0,0,0,0,0,0,0,0,0},{0,0,0,0,0,0,0,0,0}}
]
17:37:11.226 [main] INFO  sudoku.model.SudokuBoard - Wartość 0 wstawiona nieprawidłowo
17:37:11.226 [main] INFO  sudoku.model.SudokuBoard - Bład w kwadracie 0
sudoku.model.SudokuBoard@368424db[
  size=9
  solver=sudoku.model.BacktrackingSudokuSolver@44864536
  board={{9,8,2,4,1,5,6,7,3},{1,3,7,8,6,9,2,4,5},{4,5,6,7,2,3,8,9,1},{5,1,3,9,8,2,4,6,7},{8,9,4,6,7,1,5,3,2},{7,0,0,0,0,0,0,0,0},{0,0,0,0,0,0,0,0,0},{0,0,0,0,0,0,0,0,0},{0,0,0,0,0,0,0,0,0}}
]
17:37:11.226 [main] INFO  sudoku.model.SudokuBoard - Wartość 0 wstawiona nieprawidłowo
17:37:11.226 [main] INFO  sudoku.model.SudokuBoard - Bład w kwadracie 0
sudoku.model.SudokuBoard@368424db[
  size=9
  solver=sudoku.model.BacktrackingSudokuSolver@44864536
  board={{9,8,2,4,1,5,6,7,3},{1,3,7,8,6,9,2,4,5},{4,5,6,7,2,3,8,9,1},{5,1,3,9,8,2,4,6,7},{8,9,4,6,7,1,5,3,2},{7,0,0,0,0,0,0,0,0},{0,0,0,0,0,0,0,0,0},{0,0,0,0,0,0,0,0,0},{0,0,0,0,0,0,0,0,0}}
]
17:37:11.226 [main] INFO  sudoku.model.SudokuBoard - Wartość 0 wstawiona nieprawidłowo
17:37:11.226 [main] INFO  sudoku.model.SudokuBoard - Bład w kwadracie 0
sudoku.model.SudokuBoard@368424db[
  size=9
  solver=sudoku.model.BacktrackingSudokuSolver@44864536
  board={{9,8,2,4,1,5,6,7,3},{1,3,7,8,6,9,2,4,5},{4,5,6,7,2,3,8,9,1},{5,1,3,9,8,2,4,6,7},{8,9,4,6,7,1,5,3,2},{0,0,0,0,0,0,0,0,0},{0,0,0,0,0,0,0,0,0},{0,0,0,0,0,0,0,0,0},{0,0,0,0,0,0,0,0,0}}
]
17:37:11.226 [main] INFO  sudoku.model.SudokuBoard - Wartość 0 wstawiona nieprawidłowo
17:37:11.226 [main] INFO  sudoku.model.SudokuBoard - Bład w kwadracie 0
sudoku.model.SudokuBoard@368424db[
  size=9
  solver=sudoku.model.BacktrackingSudokuSolver@44864536
  board={{9,8,2,4,1,5,6,7,3},{1,3,7,8,6,9,2,4,5},{4,5,6,7,2,3,8,9,1},{5,1,3,9,8,2,4,6,7},{8,9,4,6,7,1,5,3,0},{0,0,0,0,0,0,0,0,0},{0,0,0,0,0,0,0,0,0},{0,0,0,0,0,0,0,0,0},{0,0,0,0,0,0,0,0,0}}
]
17:37:11.227 [main] INFO  sudoku.model.SudokuBoard - Wartość 0 wstawiona nieprawidłowo
17:37:11.227 [main] INFO  sudoku.model.SudokuBoard - Bład w kwadracie 0
sudoku.model.SudokuBoard@368424db[
  size=9
  solver=sudoku.model.BacktrackingSudokuSolver@44864536
  board={{9,8,2,4,1,5,6,7,3},{1,3,7,8,6,9,2,4,5},{4,5,6,7,2,3,8,9,1},{5,1,3,9,8,2,4,6,7},{8,9,4,6,7,1,5,0,0},{0,0,0,0,0,0,0,0,0},{0,0,0,0,0,0,0,0,0},{0,0,0,0,0,0,0,0,0},{0,0,0,0,0,0,0,0,0}}
]
17:37:11.227 [main] INFO  sudoku.model.SudokuBoard - Wartość 0 wstawiona nieprawidłowo
17:37:11.227 [main] INFO  sudoku.model.SudokuBoard - Bład w kwadracie 0
sudoku.model.SudokuBoard@368424db[
  size=9
  solver=sudoku.model.BacktrackingSudokuSolver@44864536
  board={{9,8,2,4,1,5,6,7,3},{1,3,7,8,6,9,2,4,5},{4,5,6,7,2,3,8,9,1},{5,1,3,9,8,2,4,6,7},{8,9,4,6,7,1,0,0,0},{0,0,0,0,0,0,0,0,0},{0,0,0,0,0,0,0,0,0},{0,0,0,0,0,0,0,0,0},{0,0,0,0,0,0,0,0,0}}
]
17:37:11.227 [main] INFO  sudoku.model.SudokuBoard - Wartość 0 wstawiona nieprawidłowo
17:37:11.228 [main] INFO  sudoku.model.SudokuBoard - Bład w kwadracie 0
sudoku.model.SudokuBoard@368424db[
  size=9
  solver=sudoku.model.BacktrackingSudokuSolver@44864536
  board={{9,8,2,4,1,5,6,7,3},{1,3,7,8,6,9,2,4,5},{4,5,6,7,2,3,8,9,1},{5,1,3,9,8,2,4,6,7},{8,9,4,6,7,0,0,0,0},{0,0,0,0,0,0,0,0,0},{0,0,0,0,0,0,0,0,0},{0,0,0,0,0,0,0,0,0},{0,0,0,0,0,0,0,0,0}}
]
17:37:11.228 [main] INFO  sudoku.model.SudokuBoard - Wartość 0 wstawiona nieprawidłowo
17:37:11.229 [main] INFO  sudoku.model.SudokuBoard - Bład w kwadracie 0
sudoku.model.SudokuBoard@368424db[
  size=9
  solver=sudoku.model.BacktrackingSudokuSolver@44864536
  board={{9,8,2,4,1,5,6,7,3},{1,3,7,8,6,9,2,4,5},{4,5,6,7,2,3,8,9,1},{5,1,3,9,8,2,4,6,7},{8,9,4,6,0,0,0,0,0},{0,0,0,0,0,0,0,0,0},{0,0,0,0,0,0,0,0,0},{0,0,0,0,0,0,0,0,0},{0,0,0,0,0,0,0,0,0}}
]
17:37:11.229 [main] INFO  sudoku.model.SudokuBoard - Wartość 0 wstawiona nieprawidłowo
17:37:11.229 [main] INFO  sudoku.model.SudokuBoard - Bład w kwadracie 0
sudoku.model.SudokuBoard@368424db[
  size=9
  solver=sudoku.model.BacktrackingSudokuSolver@44864536
  board={{9,8,2,4,1,5,6,7,3},{1,3,7,8,6,9,2,4,5},{4,5,6,7,2,3,8,9,1},{5,1,3,9,8,2,4,6,7},{8,9,4,6,3,7,1,0,0},{0,0,0,0,0,0,0,0,0},{0,0,0,0,0,0,0,0,0},{0,0,0,0,0,0,0,0,0},{0,0,0,0,0,0,0,0,0}}
]
17:37:11.229 [main] INFO  sudoku.model.SudokuBoard - Wartość 0 wstawiona nieprawidłowo
17:37:11.229 [main] INFO  sudoku.model.SudokuBoard - Bład w kwadracie 0
sudoku.model.SudokuBoard@368424db[
  size=9
  solver=sudoku.model.BacktrackingSudokuSolver@44864536
  board={{9,8,2,4,1,5,6,7,3},{1,3,7,8,6,9,2,4,5},{4,5,6,7,2,3,8,9,1},{5,1,3,9,8,2,4,6,7},{8,9,4,6,3,7,1,5,2},{2,0,0,0,0,0,0,0,0},{0,0,0,0,0,0,0,0,0},{0,0,0,0,0,0,0,0,0},{0,0,0,0,0,0,0,0,0}}
]
17:37:11.229 [main] INFO  sudoku.model.SudokuBoard - Wartość 0 wstawiona nieprawidłowo
17:37:11.229 [main] INFO  sudoku.model.SudokuBoard - Bład w kwadracie 0
sudoku.model.SudokuBoard@368424db[
  size=9
  solver=sudoku.model.BacktrackingSudokuSolver@44864536
  board={{9,8,2,4,1,5,6,7,3},{1,3,7,8,6,9,2,4,5},{4,5,6,7,2,3,8,9,1},{5,1,3,9,8,2,4,6,7},{8,9,4,6,3,7,1,5,2},{2,0,0,0,0,0,0,0,0},{0,0,0,0,0,0,0,0,0},{0,0,0,0,0,0,0,0,0},{0,0,0,0,0,0,0,0,0}}
]
17:37:11.229 [main] INFO  sudoku.model.SudokuBoard - Wartość 0 wstawiona nieprawidłowo
17:37:11.229 [main] INFO  sudoku.model.SudokuBoard - Bład w kwadracie 0
sudoku.model.SudokuBoard@368424db[
  size=9
  solver=sudoku.model.BacktrackingSudokuSolver@44864536
  board={{9,8,2,4,1,5,6,7,3},{1,3,7,8,6,9,2,4,5},{4,5,6,7,2,3,8,9,1},{5,1,3,9,8,2,4,6,7},{8,9,4,6,3,7,1,5,2},{0,0,0,0,0,0,0,0,0},{0,0,0,0,0,0,0,0,0},{0,0,0,0,0,0,0,0,0},{0,0,0,0,0,0,0,0,0}}
]
17:37:11.229 [main] INFO  sudoku.model.SudokuBoard - Wartość 0 wstawiona nieprawidłowo
17:37:11.229 [main] INFO  sudoku.model.SudokuBoard - Bład w kwadracie 0
sudoku.model.SudokuBoard@368424db[
  size=9
  solver=sudoku.model.BacktrackingSudokuSolver@44864536
  board={{9,8,2,4,1,5,6,7,3},{1,3,7,8,6,9,2,4,5},{4,5,6,7,2,3,8,9,1},{5,1,3,9,8,2,4,6,7},{8,9,4,6,3,7,1,5,2},{6,0,0,0,0,0,0,0,0},{0,0,0,0,0,0,0,0,0},{0,0,0,0,0,0,0,0,0},{0,0,0,0,0,0,0,0,0}}
]
17:37:11.229 [main] INFO  sudoku.model.SudokuBoard - Wartość 0 wstawiona nieprawidłowo
17:37:11.229 [main] INFO  sudoku.model.SudokuBoard - Bład w kwadracie 0
sudoku.model.SudokuBoard@368424db[
  size=9
  solver=sudoku.model.BacktrackingSudokuSolver@44864536
  board={{9,8,2,4,1,5,6,7,3},{1,3,7,8,6,9,2,4,5},{4,5,6,7,2,3,8,9,1},{5,1,3,9,8,2,4,6,7},{8,9,4,6,3,7,1,5,2},{6,0,0,0,0,0,0,0,0},{0,0,0,0,0,0,0,0,0},{0,0,0,0,0,0,0,0,0},{0,0,0,0,0,0,0,0,0}}
]
17:37:11.229 [main] INFO  sudoku.model.SudokuBoard - Wartość 0 wstawiona nieprawidłowo
17:37:11.230 [main] INFO  sudoku.model.SudokuBoard - Bład w kwadracie 0
sudoku.model.SudokuBoard@368424db[
  size=9
  solver=sudoku.model.BacktrackingSudokuSolver@44864536
  board={{9,8,2,4,1,5,6,7,3},{1,3,7,8,6,9,2,4,5},{4,5,6,7,2,3,8,9,1},{5,1,3,9,8,2,4,6,7},{8,9,4,6,3,7,1,5,2},{0,0,0,0,0,0,0,0,0},{0,0,0,0,0,0,0,0,0},{0,0,0,0,0,0,0,0,0},{0,0,0,0,0,0,0,0,0}}
]
17:37:11.230 [main] INFO  sudoku.model.SudokuBoard - Wartość 0 wstawiona nieprawidłowo
17:37:11.230 [main] INFO  sudoku.model.SudokuBoard - Bład w kwadracie 0
sudoku.model.SudokuBoard@368424db[
  size=9
  solver=sudoku.model.BacktrackingSudokuSolver@44864536
  board={{9,8,2,4,1,5,6,7,3},{1,3,7,8,6,9,2,4,5},{4,5,6,7,2,3,8,9,1},{5,1,3,9,8,2,4,6,7},{8,9,4,6,3,7,1,5,2},{7,0,0,0,0,0,0,0,0},{0,0,0,0,0,0,0,0,0},{0,0,0,0,0,0,0,0,0},{0,0,0,0,0,0,0,0,0}}
]
17:37:11.230 [main] INFO  sudoku.model.SudokuBoard - Wartość 0 wstawiona nieprawidłowo
17:37:11.230 [main] INFO  sudoku.model.SudokuBoard - Bład w kwadracie 0
sudoku.model.SudokuBoard@368424db[
  size=9
  solver=sudoku.model.BacktrackingSudokuSolver@44864536
  board={{9,8,2,4,1,5,6,7,3},{1,3,7,8,6,9,2,4,5},{4,5,6,7,2,3,8,9,1},{5,1,3,9,8,2,4,6,7},{8,9,4,6,3,7,1,5,2},{7,0,0,0,0,0,0,0,0},{0,0,0,0,0,0,0,0,0},{0,0,0,0,0,0,0,0,0},{0,0,0,0,0,0,0,0,0}}
]
17:37:11.230 [main] INFO  sudoku.model.SudokuBoard - Wartość 0 wstawiona nieprawidłowo
17:37:11.230 [main] INFO  sudoku.model.SudokuBoard - Bład w kwadracie 0
sudoku.model.SudokuBoard@368424db[
  size=9
  solver=sudoku.model.BacktrackingSudokuSolver@44864536
  board={{9,8,2,4,1,5,6,7,3},{1,3,7,8,6,9,2,4,5},{4,5,6,7,2,3,8,9,1},{5,1,3,9,8,2,4,6,7},{8,9,4,6,3,7,1,5,2},{0,0,0,0,0,0,0,0,0},{0,0,0,0,0,0,0,0,0},{0,0,0,0,0,0,0,0,0},{0,0,0,0,0,0,0,0,0}}
]
17:37:11.230 [main] INFO  sudoku.model.SudokuBoard - Wartość 0 wstawiona nieprawidłowo
17:37:11.230 [main] INFO  sudoku.model.SudokuBoard - Bład w kwadracie 0
sudoku.model.SudokuBoard@368424db[
  size=9
  solver=sudoku.model.BacktrackingSudokuSolver@44864536
  board={{9,8,2,4,1,5,6,7,3},{1,3,7,8,6,9,2,4,5},{4,5,6,7,2,3,8,9,1},{5,1,3,9,8,2,4,6,7},{8,9,4,6,3,7,1,5,0},{0,0,0,0,0,0,0,0,0},{0,0,0,0,0,0,0,0,0},{0,0,0,0,0,0,0,0,0},{0,0,0,0,0,0,0,0,0}}
]
17:37:11.230 [main] INFO  sudoku.model.SudokuBoard - Wartość 0 wstawiona nieprawidłowo
17:37:11.230 [main] INFO  sudoku.model.SudokuBoard - Bład w kwadracie 0
sudoku.model.SudokuBoard@368424db[
  size=9
  solver=sudoku.model.BacktrackingSudokuSolver@44864536
  board={{9,8,2,4,1,5,6,7,3},{1,3,7,8,6,9,2,4,5},{4,5,6,7,2,3,8,9,1},{5,1,3,9,8,2,4,6,7},{8,9,4,6,3,7,1,0,0},{0,0,0,0,0,0,0,0,0},{0,0,0,0,0,0,0,0,0},{0,0,0,0,0,0,0,0,0},{0,0,0,0,0,0,0,0,0}}
]
17:37:11.230 [main] INFO  sudoku.model.SudokuBoard - Wartość 0 wstawiona nieprawidłowo
17:37:11.230 [main] INFO  sudoku.model.SudokuBoard - Bład w kwadracie 0
sudoku.model.SudokuBoard@368424db[
  size=9
  solver=sudoku.model.BacktrackingSudokuSolver@44864536
  board={{9,8,2,4,1,5,6,7,3},{1,3,7,8,6,9,2,4,5},{4,5,6,7,2,3,8,9,1},{5,1,3,9,8,2,4,6,7},{8,9,4,6,3,7,0,0,0},{0,0,0,0,0,0,0,0,0},{0,0,0,0,0,0,0,0,0},{0,0,0,0,0,0,0,0,0},{0,0,0,0,0,0,0,0,0}}
]
17:37:11.230 [main] INFO  sudoku.model.SudokuBoard - Wartość 0 wstawiona nieprawidłowo
17:37:11.230 [main] INFO  sudoku.model.SudokuBoard - Bład w kwadracie 0
sudoku.model.SudokuBoard@368424db[
  size=9
  solver=sudoku.model.BacktrackingSudokuSolver@44864536
  board={{9,8,2,4,1,5,6,7,3},{1,3,7,8,6,9,2,4,5},{4,5,6,7,2,3,8,9,1},{5,1,3,9,8,2,4,6,7},{8,9,4,6,3,7,5,0,0},{0,0,0,0,0,0,0,0,0},{0,0,0,0,0,0,0,0,0},{0,0,0,0,0,0,0,0,0},{0,0,0,0,0,0,0,0,0}}
]
17:37:11.230 [main] INFO  sudoku.model.SudokuBoard - Wartość 0 wstawiona nieprawidłowo
17:37:11.231 [main] INFO  sudoku.model.SudokuBoard - Bład w kwadracie 0
sudoku.model.SudokuBoard@368424db[
  size=9
  solver=sudoku.model.BacktrackingSudokuSolver@44864536
  board={{9,8,2,4,1,5,6,7,3},{1,3,7,8,6,9,2,4,5},{4,5,6,7,2,3,8,9,1},{5,1,3,9,8,2,4,6,7},{8,9,4,6,3,7,5,1,2},{2,0,0,0,0,0,0,0,0},{0,0,0,0,0,0,0,0,0},{0,0,0,0,0,0,0,0,0},{0,0,0,0,0,0,0,0,0}}
]
17:37:11.231 [main] INFO  sudoku.model.SudokuBoard - Wartość 0 wstawiona nieprawidłowo
17:37:11.231 [main] INFO  sudoku.model.SudokuBoard - Bład w kwadracie 0
sudoku.model.SudokuBoard@368424db[
  size=9
  solver=sudoku.model.BacktrackingSudokuSolver@44864536
  board={{9,8,2,4,1,5,6,7,3},{1,3,7,8,6,9,2,4,5},{4,5,6,7,2,3,8,9,1},{5,1,3,9,8,2,4,6,7},{8,9,4,6,3,7,5,1,2},{2,0,0,0,0,0,0,0,0},{0,0,0,0,0,0,0,0,0},{0,0,0,0,0,0,0,0,0},{0,0,0,0,0,0,0,0,0}}
]
17:37:11.231 [main] INFO  sudoku.model.SudokuBoard - Wartość 0 wstawiona nieprawidłowo
17:37:11.231 [main] INFO  sudoku.model.SudokuBoard - Bład w kwadracie 0
sudoku.model.SudokuBoard@368424db[
  size=9
  solver=sudoku.model.BacktrackingSudokuSolver@44864536
  board={{9,8,2,4,1,5,6,7,3},{1,3,7,8,6,9,2,4,5},{4,5,6,7,2,3,8,9,1},{5,1,3,9,8,2,4,6,7},{8,9,4,6,3,7,5,1,2},{0,0,0,0,0,0,0,0,0},{0,0,0,0,0,0,0,0,0},{0,0,0,0,0,0,0,0,0},{0,0,0,0,0,0,0,0,0}}
]
17:37:11.231 [main] INFO  sudoku.model.SudokuBoard - Wartość 0 wstawiona nieprawidłowo
17:37:11.231 [main] INFO  sudoku.model.SudokuBoard - Bład w kwadracie 0
sudoku.model.SudokuBoard@368424db[
  size=9
  solver=sudoku.model.BacktrackingSudokuSolver@44864536
  board={{9,8,2,4,1,5,6,7,3},{1,3,7,8,6,9,2,4,5},{4,5,6,7,2,3,8,9,1},{5,1,3,9,8,2,4,6,7},{8,9,4,6,3,7,5,1,2},{6,0,0,0,0,0,0,0,0},{0,0,0,0,0,0,0,0,0},{0,0,0,0,0,0,0,0,0},{0,0,0,0,0,0,0,0,0}}
]
17:37:11.231 [main] INFO  sudoku.model.SudokuBoard - Wartość 0 wstawiona nieprawidłowo
17:37:11.231 [main] INFO  sudoku.model.SudokuBoard - Bład w kwadracie 0
sudoku.model.SudokuBoard@368424db[
  size=9
  solver=sudoku.model.BacktrackingSudokuSolver@44864536
  board={{9,8,2,4,1,5,6,7,3},{1,3,7,8,6,9,2,4,5},{4,5,6,7,2,3,8,9,1},{5,1,3,9,8,2,4,6,7},{8,9,4,6,3,7,5,1,2},{6,0,0,0,0,0,0,0,0},{0,0,0,0,0,0,0,0,0},{0,0,0,0,0,0,0,0,0},{0,0,0,0,0,0,0,0,0}}
]
17:37:11.231 [main] INFO  sudoku.model.SudokuBoard - Wartość 0 wstawiona nieprawidłowo
17:37:11.231 [main] INFO  sudoku.model.SudokuBoard - Bład w kwadracie 0
sudoku.model.SudokuBoard@368424db[
  size=9
  solver=sudoku.model.BacktrackingSudokuSolver@44864536
  board={{9,8,2,4,1,5,6,7,3},{1,3,7,8,6,9,2,4,5},{4,5,6,7,2,3,8,9,1},{5,1,3,9,8,2,4,6,7},{8,9,4,6,3,7,5,1,2},{0,0,0,0,0,0,0,0,0},{0,0,0,0,0,0,0,0,0},{0,0,0,0,0,0,0,0,0},{0,0,0,0,0,0,0,0,0}}
]
17:37:11.231 [main] INFO  sudoku.model.SudokuBoard - Wartość 0 wstawiona nieprawidłowo
17:37:11.231 [main] INFO  sudoku.model.SudokuBoard - Bład w kwadracie 0
sudoku.model.SudokuBoard@368424db[
  size=9
  solver=sudoku.model.BacktrackingSudokuSolver@44864536
  board={{9,8,2,4,1,5,6,7,3},{1,3,7,8,6,9,2,4,5},{4,5,6,7,2,3,8,9,1},{5,1,3,9,8,2,4,6,7},{8,9,4,6,3,7,5,1,2},{7,0,0,0,0,0,0,0,0},{0,0,0,0,0,0,0,0,0},{0,0,0,0,0,0,0,0,0},{0,0,0,0,0,0,0,0,0}}
]
17:37:11.231 [main] INFO  sudoku.model.SudokuBoard - Wartość 0 wstawiona nieprawidłowo
17:37:11.231 [main] INFO  sudoku.model.SudokuBoard - Bład w kwadracie 0
sudoku.model.SudokuBoard@368424db[
  size=9
  solver=sudoku.model.BacktrackingSudokuSolver@44864536
  board={{9,8,2,4,1,5,6,7,3},{1,3,7,8,6,9,2,4,5},{4,5,6,7,2,3,8,9,1},{5,1,3,9,8,2,4,6,7},{8,9,4,6,3,7,5,1,2},{7,0,0,0,0,0,0,0,0},{0,0,0,0,0,0,0,0,0},{0,0,0,0,0,0,0,0,0},{0,0,0,0,0,0,0,0,0}}
]
17:37:11.231 [main] INFO  sudoku.model.SudokuBoard - Wartość 0 wstawiona nieprawidłowo
17:37:11.232 [main] INFO  sudoku.model.SudokuBoard - Bład w kwadracie 0
sudoku.model.SudokuBoard@368424db[
  size=9
  solver=sudoku.model.BacktrackingSudokuSolver@44864536
  board={{9,8,2,4,1,5,6,7,3},{1,3,7,8,6,9,2,4,5},{4,5,6,7,2,3,8,9,1},{5,1,3,9,8,2,4,6,7},{8,9,4,6,3,7,5,1,2},{0,0,0,0,0,0,0,0,0},{0,0,0,0,0,0,0,0,0},{0,0,0,0,0,0,0,0,0},{0,0,0,0,0,0,0,0,0}}
]
17:37:11.232 [main] INFO  sudoku.model.SudokuBoard - Wartość 0 wstawiona nieprawidłowo
17:37:11.232 [main] INFO  sudoku.model.SudokuBoard - Bład w kwadracie 0
sudoku.model.SudokuBoard@368424db[
  size=9
  solver=sudoku.model.BacktrackingSudokuSolver@44864536
  board={{9,8,2,4,1,5,6,7,3},{1,3,7,8,6,9,2,4,5},{4,5,6,7,2,3,8,9,1},{5,1,3,9,8,2,4,6,7},{8,9,4,6,3,7,5,1,0},{0,0,0,0,0,0,0,0,0},{0,0,0,0,0,0,0,0,0},{0,0,0,0,0,0,0,0,0},{0,0,0,0,0,0,0,0,0}}
]
17:37:11.232 [main] INFO  sudoku.model.SudokuBoard - Wartość 0 wstawiona nieprawidłowo
17:37:11.232 [main] INFO  sudoku.model.SudokuBoard - Bład w kwadracie 0
sudoku.model.SudokuBoard@368424db[
  size=9
  solver=sudoku.model.BacktrackingSudokuSolver@44864536
  board={{9,8,2,4,1,5,6,7,3},{1,3,7,8,6,9,2,4,5},{4,5,6,7,2,3,8,9,1},{5,1,3,9,8,2,4,6,7},{8,9,4,6,3,7,5,0,0},{0,0,0,0,0,0,0,0,0},{0,0,0,0,0,0,0,0,0},{0,0,0,0,0,0,0,0,0},{0,0,0,0,0,0,0,0,0}}
]
17:37:11.232 [main] INFO  sudoku.model.SudokuBoard - Wartość 0 wstawiona nieprawidłowo
17:37:11.232 [main] INFO  sudoku.model.SudokuBoard - Bład w kwadracie 0
sudoku.model.SudokuBoard@368424db[
  size=9
  solver=sudoku.model.BacktrackingSudokuSolver@44864536
  board={{9,8,2,4,1,5,6,7,3},{1,3,7,8,6,9,2,4,5},{4,5,6,7,2,3,8,9,1},{5,1,3,9,8,2,4,6,7},{8,9,4,6,3,7,0,0,0},{0,0,0,0,0,0,0,0,0},{0,0,0,0,0,0,0,0,0},{0,0,0,0,0,0,0,0,0},{0,0,0,0,0,0,0,0,0}}
]
17:37:11.232 [main] INFO  sudoku.model.SudokuBoard - Wartość 0 wstawiona nieprawidłowo
17:37:11.232 [main] INFO  sudoku.model.SudokuBoard - Bład w kwadracie 0
sudoku.model.SudokuBoard@368424db[
  size=9
  solver=sudoku.model.BacktrackingSudokuSolver@44864536
  board={{9,8,2,4,1,5,6,7,3},{1,3,7,8,6,9,2,4,5},{4,5,6,7,2,3,8,9,1},{5,1,3,9,8,2,4,6,7},{8,9,4,6,3,0,0,0,0},{0,0,0,0,0,0,0,0,0},{0,0,0,0,0,0,0,0,0},{0,0,0,0,0,0,0,0,0},{0,0,0,0,0,0,0,0,0}}
]
17:37:11.232 [main] INFO  sudoku.model.SudokuBoard - Wartość 0 wstawiona nieprawidłowo
17:37:11.232 [main] INFO  sudoku.model.SudokuBoard - Bład w kwadracie 0
sudoku.model.SudokuBoard@368424db[
  size=9
  solver=sudoku.model.BacktrackingSudokuSolver@44864536
  board={{9,8,2,4,1,5,6,7,3},{1,3,7,8,6,9,2,4,5},{4,5,6,7,2,3,8,9,1},{5,1,3,9,8,2,4,6,7},{8,9,4,6,3,1,5,0,0},{0,0,0,0,0,0,0,0,0},{0,0,0,0,0,0,0,0,0},{0,0,0,0,0,0,0,0,0},{0,0,0,0,0,0,0,0,0}}
]
17:37:11.234 [main] INFO  sudoku.model.SudokuBoard - Wartość 0 wstawiona nieprawidłowo
17:37:11.234 [main] INFO  sudoku.model.SudokuBoard - Bład w kwadracie 0
sudoku.model.SudokuBoard@368424db[
  size=9
  solver=sudoku.model.BacktrackingSudokuSolver@44864536
  board={{9,8,2,4,1,5,6,7,3},{1,3,7,8,6,9,2,4,5},{4,5,6,7,2,3,8,9,1},{5,1,3,9,8,2,4,6,7},{8,9,4,6,3,1,0,0,0},{0,0,0,0,0,0,0,0,0},{0,0,0,0,0,0,0,0,0},{0,0,0,0,0,0,0,0,0},{0,0,0,0,0,0,0,0,0}}
]
17:37:11.234 [main] INFO  sudoku.model.SudokuBoard - Wartość 0 wstawiona nieprawidłowo
17:37:11.234 [main] INFO  sudoku.model.SudokuBoard - Bład w kwadracie 0
sudoku.model.SudokuBoard@368424db[
  size=9
  solver=sudoku.model.BacktrackingSudokuSolver@44864536
  board={{9,8,2,4,1,5,6,7,3},{1,3,7,8,6,9,2,4,5},{4,5,6,7,2,3,8,9,1},{5,1,3,9,8,2,4,6,7},{8,9,4,6,3,0,0,0,0},{0,0,0,0,0,0,0,0,0},{0,0,0,0,0,0,0,0,0},{0,0,0,0,0,0,0,0,0},{0,0,0,0,0,0,0,0,0}}
]
17:37:11.234 [main] INFO  sudoku.model.SudokuBoard - Wartość 0 wstawiona nieprawidłowo
17:37:11.234 [main] INFO  sudoku.model.SudokuBoard - Bład w kwadracie 0
sudoku.model.SudokuBoard@368424db[
  size=9
  solver=sudoku.model.BacktrackingSudokuSolver@44864536
  board={{9,8,2,4,1,5,6,7,3},{1,3,7,8,6,9,2,4,5},{4,5,6,7,2,3,8,9,1},{5,1,3,9,8,2,4,6,7},{8,9,4,6,0,0,0,0,0},{0,0,0,0,0,0,0,0,0},{0,0,0,0,0,0,0,0,0},{0,0,0,0,0,0,0,0,0},{0,0,0,0,0,0,0,0,0}}
]
17:37:11.234 [main] INFO  sudoku.model.SudokuBoard - Wartość 0 wstawiona nieprawidłowo
17:37:11.234 [main] INFO  sudoku.model.SudokuBoard - Bład w kwadracie 0
sudoku.model.SudokuBoard@368424db[
  size=9
  solver=sudoku.model.BacktrackingSudokuSolver@44864536
  board={{9,8,2,4,1,5,6,7,3},{1,3,7,8,6,9,2,4,5},{4,5,6,7,2,3,8,9,1},{5,1,3,9,8,2,4,6,7},{8,9,4,6,5,7,1,0,0},{0,0,0,0,0,0,0,0,0},{0,0,0,0,0,0,0,0,0},{0,0,0,0,0,0,0,0,0},{0,0,0,0,0,0,0,0,0}}
]
17:37:11.234 [main] INFO  sudoku.model.SudokuBoard - Wartość 0 wstawiona nieprawidłowo
17:37:11.234 [main] INFO  sudoku.model.SudokuBoard - Bład w kwadracie 0
sudoku.model.SudokuBoard@368424db[
  size=9
  solver=sudoku.model.BacktrackingSudokuSolver@44864536
  board={{9,8,2,4,1,5,6,7,3},{1,3,7,8,6,9,2,4,5},{4,5,6,7,2,3,8,9,1},{5,1,3,9,8,2,4,6,7},{8,9,4,6,5,7,1,3,2},{6,0,0,0,0,0,0,0,0},{0,0,0,0,0,0,0,0,0},{0,0,0,0,0,0,0,0,0},{0,0,0,0,0,0,0,0,0}}
]
17:37:11.234 [main] INFO  sudoku.model.SudokuBoard - Wartość 0 wstawiona nieprawidłowo
17:37:11.235 [main] INFO  sudoku.model.SudokuBoard - Bład w kwadracie 0
sudoku.model.SudokuBoard@368424db[
  size=9
  solver=sudoku.model.BacktrackingSudokuSolver@44864536
  board={{9,8,2,4,1,5,6,7,3},{1,3,7,8,6,9,2,4,5},{4,5,6,7,2,3,8,9,1},{5,1,3,9,8,2,4,6,7},{8,9,4,6,5,7,1,3,2},{6,0,0,0,0,0,0,0,0},{0,0,0,0,0,0,0,0,0},{0,0,0,0,0,0,0,0,0},{0,0,0,0,0,0,0,0,0}}
]
17:37:11.235 [main] INFO  sudoku.model.SudokuBoard - Wartość 0 wstawiona nieprawidłowo
17:37:11.235 [main] INFO  sudoku.model.SudokuBoard - Bład w kwadracie 0
sudoku.model.SudokuBoard@368424db[
  size=9
  solver=sudoku.model.BacktrackingSudokuSolver@44864536
  board={{9,8,2,4,1,5,6,7,3},{1,3,7,8,6,9,2,4,5},{4,5,6,7,2,3,8,9,1},{5,1,3,9,8,2,4,6,7},{8,9,4,6,5,7,1,3,2},{0,0,0,0,0,0,0,0,0},{0,0,0,0,0,0,0,0,0},{0,0,0,0,0,0,0,0,0},{0,0,0,0,0,0,0,0,0}}
]
17:37:11.235 [main] INFO  sudoku.model.SudokuBoard - Wartość 0 wstawiona nieprawidłowo
17:37:11.235 [main] INFO  sudoku.model.SudokuBoard - Bład w kwadracie 0
sudoku.model.SudokuBoard@368424db[
  size=9
  solver=sudoku.model.BacktrackingSudokuSolver@44864536
  board={{9,8,2,4,1,5,6,7,3},{1,3,7,8,6,9,2,4,5},{4,5,6,7,2,3,8,9,1},{5,1,3,9,8,2,4,6,7},{8,9,4,6,5,7,1,3,2},{7,0,0,0,0,0,0,0,0},{0,0,0,0,0,0,0,0,0},{0,0,0,0,0,0,0,0,0},{0,0,0,0,0,0,0,0,0}}
]
17:37:11.235 [main] INFO  sudoku.model.SudokuBoard - Wartość 0 wstawiona nieprawidłowo
17:37:11.235 [main] INFO  sudoku.model.SudokuBoard - Bład w kwadracie 0
sudoku.model.SudokuBoard@368424db[
  size=9
  solver=sudoku.model.BacktrackingSudokuSolver@44864536
  board={{9,8,2,4,1,5,6,7,3},{1,3,7,8,6,9,2,4,5},{4,5,6,7,2,3,8,9,1},{5,1,3,9,8,2,4,6,7},{8,9,4,6,5,7,1,3,2},{7,0,0,0,0,0,0,0,0},{0,0,0,0,0,0,0,0,0},{0,0,0,0,0,0,0,0,0},{0,0,0,0,0,0,0,0,0}}
]
17:37:11.235 [main] INFO  sudoku.model.SudokuBoard - Wartość 0 wstawiona nieprawidłowo
17:37:11.235 [main] INFO  sudoku.model.SudokuBoard - Bład w kwadracie 0
sudoku.model.SudokuBoard@368424db[
  size=9
  solver=sudoku.model.BacktrackingSudokuSolver@44864536
  board={{9,8,2,4,1,5,6,7,3},{1,3,7,8,6,9,2,4,5},{4,5,6,7,2,3,8,9,1},{5,1,3,9,8,2,4,6,7},{8,9,4,6,5,7,1,3,2},{0,0,0,0,0,0,0,0,0},{0,0,0,0,0,0,0,0,0},{0,0,0,0,0,0,0,0,0},{0,0,0,0,0,0,0,0,0}}
]
17:37:11.235 [main] INFO  sudoku.model.SudokuBoard - Wartość 0 wstawiona nieprawidłowo
17:37:11.235 [main] INFO  sudoku.model.SudokuBoard - Bład w kwadracie 0
sudoku.model.SudokuBoard@368424db[
  size=9
  solver=sudoku.model.BacktrackingSudokuSolver@44864536
  board={{9,8,2,4,1,5,6,7,3},{1,3,7,8,6,9,2,4,5},{4,5,6,7,2,3,8,9,1},{5,1,3,9,8,2,4,6,7},{8,9,4,6,5,7,1,3,2},{2,0,0,0,0,0,0,0,0},{0,0,0,0,0,0,0,0,0},{0,0,0,0,0,0,0,0,0},{0,0,0,0,0,0,0,0,0}}
]
17:37:11.235 [main] INFO  sudoku.model.SudokuBoard - Wartość 0 wstawiona nieprawidłowo
17:37:11.235 [main] INFO  sudoku.model.SudokuBoard - Bład w kwadracie 0
sudoku.model.SudokuBoard@368424db[
  size=9
  solver=sudoku.model.BacktrackingSudokuSolver@44864536
  board={{9,8,2,4,1,5,6,7,3},{1,3,7,8,6,9,2,4,5},{4,5,6,7,2,3,8,9,1},{5,1,3,9,8,2,4,6,7},{8,9,4,6,5,7,1,3,2},{2,0,0,0,0,0,0,0,0},{0,0,0,0,0,0,0,0,0},{0,0,0,0,0,0,0,0,0},{0,0,0,0,0,0,0,0,0}}
]
17:37:11.235 [main] INFO  sudoku.model.SudokuBoard - Wartość 0 wstawiona nieprawidłowo
17:37:11.235 [main] INFO  sudoku.model.SudokuBoard - Bład w kwadracie 0
sudoku.model.SudokuBoard@368424db[
  size=9
  solver=sudoku.model.BacktrackingSudokuSolver@44864536
  board={{9,8,2,4,1,5,6,7,3},{1,3,7,8,6,9,2,4,5},{4,5,6,7,2,3,8,9,1},{5,1,3,9,8,2,4,6,7},{8,9,4,6,5,7,1,3,2},{0,0,0,0,0,0,0,0,0},{0,0,0,0,0,0,0,0,0},{0,0,0,0,0,0,0,0,0},{0,0,0,0,0,0,0,0,0}}
]
17:37:11.235 [main] INFO  sudoku.model.SudokuBoard - Wartość 0 wstawiona nieprawidłowo
17:37:11.235 [main] INFO  sudoku.model.SudokuBoard - Bład w kwadracie 0
sudoku.model.SudokuBoard@368424db[
  size=9
  solver=sudoku.model.BacktrackingSudokuSolver@44864536
  board={{9,8,2,4,1,5,6,7,3},{1,3,7,8,6,9,2,4,5},{4,5,6,7,2,3,8,9,1},{5,1,3,9,8,2,4,6,7},{8,9,4,6,5,7,1,3,0},{0,0,0,0,0,0,0,0,0},{0,0,0,0,0,0,0,0,0},{0,0,0,0,0,0,0,0,0},{0,0,0,0,0,0,0,0,0}}
]
17:37:11.236 [main] INFO  sudoku.model.SudokuBoard - Wartość 0 wstawiona nieprawidłowo
17:37:11.236 [main] INFO  sudoku.model.SudokuBoard - Bład w kwadracie 0
sudoku.model.SudokuBoard@368424db[
  size=9
  solver=sudoku.model.BacktrackingSudokuSolver@44864536
  board={{9,8,2,4,1,5,6,7,3},{1,3,7,8,6,9,2,4,5},{4,5,6,7,2,3,8,9,1},{5,1,3,9,8,2,4,6,7},{8,9,4,6,5,7,1,0,0},{0,0,0,0,0,0,0,0,0},{0,0,0,0,0,0,0,0,0},{0,0,0,0,0,0,0,0,0},{0,0,0,0,0,0,0,0,0}}
]
17:37:11.236 [main] INFO  sudoku.model.SudokuBoard - Wartość 0 wstawiona nieprawidłowo
17:37:11.236 [main] INFO  sudoku.model.SudokuBoard - Bład w kwadracie 0
sudoku.model.SudokuBoard@368424db[
  size=9
  solver=sudoku.model.BacktrackingSudokuSolver@44864536
  board={{9,8,2,4,1,5,6,7,3},{1,3,7,8,6,9,2,4,5},{4,5,6,7,2,3,8,9,1},{5,1,3,9,8,2,4,6,7},{8,9,4,6,5,7,0,0,0},{0,0,0,0,0,0,0,0,0},{0,0,0,0,0,0,0,0,0},{0,0,0,0,0,0,0,0,0},{0,0,0,0,0,0,0,0,0}}
]
17:37:11.236 [main] INFO  sudoku.model.SudokuBoard - Wartość 0 wstawiona nieprawidłowo
17:37:11.236 [main] INFO  sudoku.model.SudokuBoard - Bład w kwadracie 0
sudoku.model.SudokuBoard@368424db[
  size=9
  solver=sudoku.model.BacktrackingSudokuSolver@44864536
  board={{9,8,2,4,1,5,6,7,3},{1,3,7,8,6,9,2,4,5},{4,5,6,7,2,3,8,9,1},{5,1,3,9,8,2,4,6,7},{8,9,4,6,5,7,3,1,2},{6,0,0,0,0,0,0,0,0},{0,0,0,0,0,0,0,0,0},{0,0,0,0,0,0,0,0,0},{0,0,0,0,0,0,0,0,0}}
]
17:37:11.236 [main] INFO  sudoku.model.SudokuBoard - Wartość 0 wstawiona nieprawidłowo
17:37:11.236 [main] INFO  sudoku.model.SudokuBoard - Bład w kwadracie 0
sudoku.model.SudokuBoard@368424db[
  size=9
  solver=sudoku.model.BacktrackingSudokuSolver@44864536
  board={{9,8,2,4,1,5,6,7,3},{1,3,7,8,6,9,2,4,5},{4,5,6,7,2,3,8,9,1},{5,1,3,9,8,2,4,6,7},{8,9,4,6,5,7,3,1,2},{6,0,0,0,0,0,0,0,0},{0,0,0,0,0,0,0,0,0},{0,0,0,0,0,0,0,0,0},{0,0,0,0,0,0,0,0,0}}
]
17:37:11.236 [main] INFO  sudoku.model.SudokuBoard - Wartość 0 wstawiona nieprawidłowo
17:37:11.236 [main] INFO  sudoku.model.SudokuBoard - Bład w kwadracie 0
sudoku.model.SudokuBoard@368424db[
  size=9
  solver=sudoku.model.BacktrackingSudokuSolver@44864536
  board={{9,8,2,4,1,5,6,7,3},{1,3,7,8,6,9,2,4,5},{4,5,6,7,2,3,8,9,1},{5,1,3,9,8,2,4,6,7},{8,9,4,6,5,7,3,1,2},{0,0,0,0,0,0,0,0,0},{0,0,0,0,0,0,0,0,0},{0,0,0,0,0,0,0,0,0},{0,0,0,0,0,0,0,0,0}}
]
17:37:11.236 [main] INFO  sudoku.model.SudokuBoard - Wartość 0 wstawiona nieprawidłowo
17:37:11.236 [main] INFO  sudoku.model.SudokuBoard - Bład w kwadracie 0
sudoku.model.SudokuBoard@368424db[
  size=9
  solver=sudoku.model.BacktrackingSudokuSolver@44864536
  board={{9,8,2,4,1,5,6,7,3},{1,3,7,8,6,9,2,4,5},{4,5,6,7,2,3,8,9,1},{5,1,3,9,8,2,4,6,7},{8,9,4,6,5,7,3,1,2},{7,0,0,0,0,0,0,0,0},{0,0,0,0,0,0,0,0,0},{0,0,0,0,0,0,0,0,0},{0,0,0,0,0,0,0,0,0}}
]
17:37:11.236 [main] INFO  sudoku.model.SudokuBoard - Wartość 0 wstawiona nieprawidłowo
17:37:11.236 [main] INFO  sudoku.model.SudokuBoard - Bład w kwadracie 0
sudoku.model.SudokuBoard@368424db[
  size=9
  solver=sudoku.model.BacktrackingSudokuSolver@44864536
  board={{9,8,2,4,1,5,6,7,3},{1,3,7,8,6,9,2,4,5},{4,5,6,7,2,3,8,9,1},{5,1,3,9,8,2,4,6,7},{8,9,4,6,5,7,3,1,2},{7,0,0,0,0,0,0,0,0},{0,0,0,0,0,0,0,0,0},{0,0,0,0,0,0,0,0,0},{0,0,0,0,0,0,0,0,0}}
]
17:37:11.236 [main] INFO  sudoku.model.SudokuBoard - Wartość 0 wstawiona nieprawidłowo
17:37:11.236 [main] INFO  sudoku.model.SudokuBoard - Bład w kwadracie 0
sudoku.model.SudokuBoard@368424db[
  size=9
  solver=sudoku.model.BacktrackingSudokuSolver@44864536
  board={{9,8,2,4,1,5,6,7,3},{1,3,7,8,6,9,2,4,5},{4,5,6,7,2,3,8,9,1},{5,1,3,9,8,2,4,6,7},{8,9,4,6,5,7,3,1,2},{0,0,0,0,0,0,0,0,0},{0,0,0,0,0,0,0,0,0},{0,0,0,0,0,0,0,0,0},{0,0,0,0,0,0,0,0,0}}
]
17:37:11.236 [main] INFO  sudoku.model.SudokuBoard - Wartość 0 wstawiona nieprawidłowo
17:37:11.237 [main] INFO  sudoku.model.SudokuBoard - Bład w kwadracie 0
sudoku.model.SudokuBoard@368424db[
  size=9
  solver=sudoku.model.BacktrackingSudokuSolver@44864536
  board={{9,8,2,4,1,5,6,7,3},{1,3,7,8,6,9,2,4,5},{4,5,6,7,2,3,8,9,1},{5,1,3,9,8,2,4,6,7},{8,9,4,6,5,7,3,1,2},{2,0,0,0,0,0,0,0,0},{0,0,0,0,0,0,0,0,0},{0,0,0,0,0,0,0,0,0},{0,0,0,0,0,0,0,0,0}}
]
17:37:11.237 [main] INFO  sudoku.model.SudokuBoard - Wartość 0 wstawiona nieprawidłowo
17:37:11.237 [main] INFO  sudoku.model.SudokuBoard - Bład w kwadracie 0
sudoku.model.SudokuBoard@368424db[
  size=9
  solver=sudoku.model.BacktrackingSudokuSolver@44864536
  board={{9,8,2,4,1,5,6,7,3},{1,3,7,8,6,9,2,4,5},{4,5,6,7,2,3,8,9,1},{5,1,3,9,8,2,4,6,7},{8,9,4,6,5,7,3,1,2},{2,0,0,0,0,0,0,0,0},{0,0,0,0,0,0,0,0,0},{0,0,0,0,0,0,0,0,0},{0,0,0,0,0,0,0,0,0}}
]
17:37:11.237 [main] INFO  sudoku.model.SudokuBoard - Wartość 0 wstawiona nieprawidłowo
17:37:11.237 [main] INFO  sudoku.model.SudokuBoard - Bład w kwadracie 0
sudoku.model.SudokuBoard@368424db[
  size=9
  solver=sudoku.model.BacktrackingSudokuSolver@44864536
  board={{9,8,2,4,1,5,6,7,3},{1,3,7,8,6,9,2,4,5},{4,5,6,7,2,3,8,9,1},{5,1,3,9,8,2,4,6,7},{8,9,4,6,5,7,3,1,2},{0,0,0,0,0,0,0,0,0},{0,0,0,0,0,0,0,0,0},{0,0,0,0,0,0,0,0,0},{0,0,0,0,0,0,0,0,0}}
]
17:37:11.237 [main] INFO  sudoku.model.SudokuBoard - Wartość 0 wstawiona nieprawidłowo
17:37:11.237 [main] INFO  sudoku.model.SudokuBoard - Bład w kwadracie 0
sudoku.model.SudokuBoard@368424db[
  size=9
  solver=sudoku.model.BacktrackingSudokuSolver@44864536
  board={{9,8,2,4,1,5,6,7,3},{1,3,7,8,6,9,2,4,5},{4,5,6,7,2,3,8,9,1},{5,1,3,9,8,2,4,6,7},{8,9,4,6,5,7,3,1,0},{0,0,0,0,0,0,0,0,0},{0,0,0,0,0,0,0,0,0},{0,0,0,0,0,0,0,0,0},{0,0,0,0,0,0,0,0,0}}
]
17:37:11.237 [main] INFO  sudoku.model.SudokuBoard - Wartość 0 wstawiona nieprawidłowo
17:37:11.237 [main] INFO  sudoku.model.SudokuBoard - Bład w kwadracie 0
sudoku.model.SudokuBoard@368424db[
  size=9
  solver=sudoku.model.BacktrackingSudokuSolver@44864536
  board={{9,8,2,4,1,5,6,7,3},{1,3,7,8,6,9,2,4,5},{4,5,6,7,2,3,8,9,1},{5,1,3,9,8,2,4,6,7},{8,9,4,6,5,7,3,0,0},{0,0,0,0,0,0,0,0,0},{0,0,0,0,0,0,0,0,0},{0,0,0,0,0,0,0,0,0},{0,0,0,0,0,0,0,0,0}}
]
17:37:11.237 [main] INFO  sudoku.model.SudokuBoard - Wartość 0 wstawiona nieprawidłowo
17:37:11.237 [main] INFO  sudoku.model.SudokuBoard - Bład w kwadracie 0
sudoku.model.SudokuBoard@368424db[
  size=9
  solver=sudoku.model.BacktrackingSudokuSolver@44864536
  board={{9,8,2,4,1,5,6,7,3},{1,3,7,8,6,9,2,4,5},{4,5,6,7,2,3,8,9,1},{5,1,3,9,8,2,4,6,7},{8,9,4,6,5,7,3,0,0},{0,0,0,0,0,0,0,0,0},{0,0,0,0,0,0,0,0,0},{0,0,0,0,0,0,0,0,0},{0,0,0,0,0,0,0,0,0}}
]
17:37:11.237 [main] INFO  sudoku.model.SudokuBoard - Wartość 0 wstawiona nieprawidłowo
17:37:11.237 [main] INFO  sudoku.model.SudokuBoard - Bład w kwadracie 0
sudoku.model.SudokuBoard@368424db[
  size=9
  solver=sudoku.model.BacktrackingSudokuSolver@44864536
  board={{9,8,2,4,1,5,6,7,3},{1,3,7,8,6,9,2,4,5},{4,5,6,7,2,3,8,9,1},{5,1,3,9,8,2,4,6,7},{8,9,4,6,5,7,0,0,0},{0,0,0,0,0,0,0,0,0},{0,0,0,0,0,0,0,0,0},{0,0,0,0,0,0,0,0,0},{0,0,0,0,0,0,0,0,0}}
]
17:37:11.238 [main] INFO  sudoku.model.SudokuBoard - Wartość 0 wstawiona nieprawidłowo
17:37:11.238 [main] INFO  sudoku.model.SudokuBoard - Bład w kwadracie 0
sudoku.model.SudokuBoard@368424db[
  size=9
  solver=sudoku.model.BacktrackingSudokuSolver@44864536
  board={{9,8,2,4,1,5,6,7,3},{1,3,7,8,6,9,2,4,5},{4,5,6,7,2,3,8,9,1},{5,1,3,9,8,2,4,6,7},{8,9,4,6,5,0,0,0,0},{0,0,0,0,0,0,0,0,0},{0,0,0,0,0,0,0,0,0},{0,0,0,0,0,0,0,0,0},{0,0,0,0,0,0,0,0,0}}
]
17:37:11.238 [main] INFO  sudoku.model.SudokuBoard - Wartość 0 wstawiona nieprawidłowo
17:37:11.238 [main] INFO  sudoku.model.SudokuBoard - Bład w kwadracie 0
sudoku.model.SudokuBoard@368424db[
  size=9
  solver=sudoku.model.BacktrackingSudokuSolver@44864536
  board={{9,8,2,4,1,5,6,7,3},{1,3,7,8,6,9,2,4,5},{4,5,6,7,2,3,8,9,1},{5,1,3,9,8,2,4,6,7},{8,9,4,6,5,1,3,0,0},{0,0,0,0,0,0,0,0,0},{0,0,0,0,0,0,0,0,0},{0,0,0,0,0,0,0,0,0},{0,0,0,0,0,0,0,0,0}}
]
17:37:11.238 [main] INFO  sudoku.model.SudokuBoard - Wartość 0 wstawiona nieprawidłowo
17:37:11.238 [main] INFO  sudoku.model.SudokuBoard - Bład w kwadracie 0
sudoku.model.SudokuBoard@368424db[
  size=9
  solver=sudoku.model.BacktrackingSudokuSolver@44864536
  board={{9,8,2,4,1,5,6,7,3},{1,3,7,8,6,9,2,4,5},{4,5,6,7,2,3,8,9,1},{5,1,3,9,8,2,4,6,7},{8,9,4,6,5,1,0,0,0},{0,0,0,0,0,0,0,0,0},{0,0,0,0,0,0,0,0,0},{0,0,0,0,0,0,0,0,0},{0,0,0,0,0,0,0,0,0}}
]
17:37:11.238 [main] INFO  sudoku.model.SudokuBoard - Wartość 0 wstawiona nieprawidłowo
17:37:11.238 [main] INFO  sudoku.model.SudokuBoard - Bład w kwadracie 0
sudoku.model.SudokuBoard@368424db[
  size=9
  solver=sudoku.model.BacktrackingSudokuSolver@44864536
  board={{9,8,2,4,1,5,6,7,3},{1,3,7,8,6,9,2,4,5},{4,5,6,7,2,3,8,9,1},{5,1,3,9,8,2,4,6,7},{8,9,4,6,5,0,0,0,0},{0,0,0,0,0,0,0,0,0},{0,0,0,0,0,0,0,0,0},{0,0,0,0,0,0,0,0,0},{0,0,0,0,0,0,0,0,0}}
]
17:37:11.238 [main] INFO  sudoku.model.SudokuBoard - Wartość 0 wstawiona nieprawidłowo
17:37:11.238 [main] INFO  sudoku.model.SudokuBoard - Bład w kwadracie 0
sudoku.model.SudokuBoard@368424db[
  size=9
  solver=sudoku.model.BacktrackingSudokuSolver@44864536
  board={{9,8,2,4,1,5,6,7,3},{1,3,7,8,6,9,2,4,5},{4,5,6,7,2,3,8,9,1},{5,1,3,9,8,2,4,6,7},{8,9,4,6,0,0,0,0,0},{0,0,0,0,0,0,0,0,0},{0,0,0,0,0,0,0,0,0},{0,0,0,0,0,0,0,0,0},{0,0,0,0,0,0,0,0,0}}
]
17:37:11.238 [main] INFO  sudoku.model.SudokuBoard - Wartość 0 wstawiona nieprawidłowo
17:37:11.238 [main] INFO  sudoku.model.SudokuBoard - Bład w kwadracie 0
sudoku.model.SudokuBoard@368424db[
  size=9
  solver=sudoku.model.BacktrackingSudokuSolver@44864536
  board={{9,8,2,4,1,5,6,7,3},{1,3,7,8,6,9,2,4,5},{4,5,6,7,2,3,8,9,1},{5,1,3,9,8,2,4,6,7},{8,9,4,0,0,0,0,0,0},{0,0,0,0,0,0,0,0,0},{0,0,0,0,0,0,0,0,0},{0,0,0,0,0,0,0,0,0},{0,0,0,0,0,0,0,0,0}}
]
17:37:11.238 [main] INFO  sudoku.model.SudokuBoard - Wartość 0 wstawiona nieprawidłowo
17:37:11.238 [main] INFO  sudoku.model.SudokuBoard - Bład w kwadracie 0
sudoku.model.SudokuBoard@368424db[
  size=9
  solver=sudoku.model.BacktrackingSudokuSolver@44864536
  board={{9,8,2,4,1,5,6,7,3},{1,3,7,8,6,9,2,4,5},{4,5,6,7,2,3,8,9,1},{5,1,3,9,8,2,4,6,7},{8,9,0,0,0,0,0,0,0},{0,0,0,0,0,0,0,0,0},{0,0,0,0,0,0,0,0,0},{0,0,0,0,0,0,0,0,0},{0,0,0,0,0,0,0,0,0}}
]
17:37:11.238 [main] INFO  sudoku.model.SudokuBoard - Wartość 0 wstawiona nieprawidłowo
17:37:11.238 [main] INFO  sudoku.model.SudokuBoard - Bład w kwadracie 0
sudoku.model.SudokuBoard@368424db[
  size=9
  solver=sudoku.model.BacktrackingSudokuSolver@44864536
  board={{9,8,2,4,1,5,6,7,3},{1,3,7,8,6,9,2,4,5},{4,5,6,7,2,3,8,9,1},{5,1,3,9,8,2,4,6,7},{8,0,0,0,0,0,0,0,0},{0,0,0,0,0,0,0,0,0},{0,0,0,0,0,0,0,0,0},{0,0,0,0,0,0,0,0,0},{0,0,0,0,0,0,0,0,0}}
]
17:37:11.245 [main] INFO  sudoku.model.SudokuBoard - Wartość 0 wstawiona nieprawidłowo
17:37:11.245 [main] INFO  sudoku.model.SudokuBoard - Bład w kwadracie 0
sudoku.model.SudokuBoard@368424db[
  size=9
  solver=sudoku.model.BacktrackingSudokuSolver@44864536
  board={{9,8,2,4,1,5,6,7,3},{1,3,7,8,6,9,2,4,5},{4,5,6,7,2,3,8,9,1},{5,1,3,9,8,2,4,6,7},{8,2,9,1,4,6,3,0,0},{0,0,0,0,0,0,0,0,0},{0,0,0,0,0,0,0,0,0},{0,0,0,0,0,0,0,0,0},{0,0,0,0,0,0,0,0,0}}
]
17:37:11.245 [main] INFO  sudoku.model.SudokuBoard - Wartość 0 wstawiona nieprawidłowo
17:37:11.245 [main] INFO  sudoku.model.SudokuBoard - Bład w kwadracie 0
sudoku.model.SudokuBoard@368424db[
  size=9
  solver=sudoku.model.BacktrackingSudokuSolver@44864536
  board={{9,8,2,4,1,5,6,7,3},{1,3,7,8,6,9,2,4,5},{4,5,6,7,2,3,8,9,1},{5,1,3,9,8,2,4,6,7},{8,2,9,1,4,6,0,0,0},{0,0,0,0,0,0,0,0,0},{0,0,0,0,0,0,0,0,0},{0,0,0,0,0,0,0,0,0},{0,0,0,0,0,0,0,0,0}}
]
17:37:11.245 [main] INFO  sudoku.model.SudokuBoard - Wartość 0 wstawiona nieprawidłowo
17:37:11.245 [main] INFO  sudoku.model.SudokuBoard - Bład w kwadracie 0
sudoku.model.SudokuBoard@368424db[
  size=9
  solver=sudoku.model.BacktrackingSudokuSolver@44864536
  board={{9,8,2,4,1,5,6,7,3},{1,3,7,8,6,9,2,4,5},{4,5,6,7,2,3,8,9,1},{5,1,3,9,8,2,4,6,7},{8,2,9,1,4,6,5,0,0},{0,0,0,0,0,0,0,0,0},{0,0,0,0,0,0,0,0,0},{0,0,0,0,0,0,0,0,0},{0,0,0,0,0,0,0,0,0}}
]
17:37:11.245 [main] INFO  sudoku.model.SudokuBoard - Wartość 0 wstawiona nieprawidłowo
17:37:11.246 [main] INFO  sudoku.model.SudokuBoard - Bład w kwadracie 0
sudoku.model.SudokuBoard@368424db[
  size=9
  solver=sudoku.model.BacktrackingSudokuSolver@44864536
  board={{9,8,2,4,1,5,6,7,3},{1,3,7,8,6,9,2,4,5},{4,5,6,7,2,3,8,9,1},{5,1,3,9,8,2,4,6,7},{8,2,9,1,4,6,0,0,0},{0,0,0,0,0,0,0,0,0},{0,0,0,0,0,0,0,0,0},{0,0,0,0,0,0,0,0,0},{0,0,0,0,0,0,0,0,0}}
]
17:37:11.246 [main] INFO  sudoku.model.SudokuBoard - Wartość 0 wstawiona nieprawidłowo
17:37:11.246 [main] INFO  sudoku.model.SudokuBoard - Bład w kwadracie 0
sudoku.model.SudokuBoard@368424db[
  size=9
  solver=sudoku.model.BacktrackingSudokuSolver@44864536
  board={{9,8,2,4,1,5,6,7,3},{1,3,7,8,6,9,2,4,5},{4,5,6,7,2,3,8,9,1},{5,1,3,9,8,2,4,6,7},{8,2,9,1,4,0,0,0,0},{0,0,0,0,0,0,0,0,0},{0,0,0,0,0,0,0,0,0},{0,0,0,0,0,0,0,0,0},{0,0,0,0,0,0,0,0,0}}
]
17:37:11.246 [main] INFO  sudoku.model.SudokuBoard - Wartość 0 wstawiona nieprawidłowo
17:37:11.246 [main] INFO  sudoku.model.SudokuBoard - Bład w kwadracie 0
sudoku.model.SudokuBoard@368424db[
  size=9
  solver=sudoku.model.BacktrackingSudokuSolver@44864536
  board={{9,8,2,4,1,5,6,7,3},{1,3,7,8,6,9,2,4,5},{4,5,6,7,2,3,8,9,1},{5,1,3,9,8,2,4,6,7},{8,2,9,1,4,7,3,0,0},{0,0,0,0,0,0,0,0,0},{0,0,0,0,0,0,0,0,0},{0,0,0,0,0,0,0,0,0},{0,0,0,0,0,0,0,0,0}}
]
17:37:11.246 [main] INFO  sudoku.model.SudokuBoard - Wartość 0 wstawiona nieprawidłowo
17:37:11.246 [main] INFO  sudoku.model.SudokuBoard - Bład w kwadracie 0
sudoku.model.SudokuBoard@368424db[
  size=9
  solver=sudoku.model.BacktrackingSudokuSolver@44864536
  board={{9,8,2,4,1,5,6,7,3},{1,3,7,8,6,9,2,4,5},{4,5,6,7,2,3,8,9,1},{5,1,3,9,8,2,4,6,7},{8,2,9,1,4,7,0,0,0},{0,0,0,0,0,0,0,0,0},{0,0,0,0,0,0,0,0,0},{0,0,0,0,0,0,0,0,0},{0,0,0,0,0,0,0,0,0}}
]
17:37:11.246 [main] INFO  sudoku.model.SudokuBoard - Wartość 0 wstawiona nieprawidłowo
17:37:11.246 [main] INFO  sudoku.model.SudokuBoard - Bład w kwadracie 0
sudoku.model.SudokuBoard@368424db[
  size=9
  solver=sudoku.model.BacktrackingSudokuSolver@44864536
  board={{9,8,2,4,1,5,6,7,3},{1,3,7,8,6,9,2,4,5},{4,5,6,7,2,3,8,9,1},{5,1,3,9,8,2,4,6,7},{8,2,9,1,4,7,5,0,0},{0,0,0,0,0,0,0,0,0},{0,0,0,0,0,0,0,0,0},{0,0,0,0,0,0,0,0,0},{0,0,0,0,0,0,0,0,0}}
]
17:37:11.246 [main] INFO  sudoku.model.SudokuBoard - Wartość 0 wstawiona nieprawidłowo
17:37:11.246 [main] INFO  sudoku.model.SudokuBoard - Bład w kwadracie 0
sudoku.model.SudokuBoard@368424db[
  size=9
  solver=sudoku.model.BacktrackingSudokuSolver@44864536
  board={{9,8,2,4,1,5,6,7,3},{1,3,7,8,6,9,2,4,5},{4,5,6,7,2,3,8,9,1},{5,1,3,9,8,2,4,6,7},{8,2,9,1,4,7,0,0,0},{0,0,0,0,0,0,0,0,0},{0,0,0,0,0,0,0,0,0},{0,0,0,0,0,0,0,0,0},{0,0,0,0,0,0,0,0,0}}
]
17:37:11.246 [main] INFO  sudoku.model.SudokuBoard - Wartość 0 wstawiona nieprawidłowo
17:37:11.246 [main] INFO  sudoku.model.SudokuBoard - Bład w kwadracie 0
sudoku.model.SudokuBoard@368424db[
  size=9
  solver=sudoku.model.BacktrackingSudokuSolver@44864536
  board={{9,8,2,4,1,5,6,7,3},{1,3,7,8,6,9,2,4,5},{4,5,6,7,2,3,8,9,1},{5,1,3,9,8,2,4,6,7},{8,2,9,1,4,0,0,0,0},{0,0,0,0,0,0,0,0,0},{0,0,0,0,0,0,0,0,0},{0,0,0,0,0,0,0,0,0},{0,0,0,0,0,0,0,0,0}}
]
17:37:11.246 [main] INFO  sudoku.model.SudokuBoard - Wartość 0 wstawiona nieprawidłowo
17:37:11.246 [main] INFO  sudoku.model.SudokuBoard - Bład w kwadracie 0
sudoku.model.SudokuBoard@368424db[
  size=9
  solver=sudoku.model.BacktrackingSudokuSolver@44864536
  board={{9,8,2,4,1,5,6,7,3},{1,3,7,8,6,9,2,4,5},{4,5,6,7,2,3,8,9,1},{5,1,3,9,8,2,4,6,7},{8,2,9,1,0,0,0,0,0},{0,0,0,0,0,0,0,0,0},{0,0,0,0,0,0,0,0,0},{0,0,0,0,0,0,0,0,0},{0,0,0,0,0,0,0,0,0}}
]
17:37:11.246 [main] INFO  sudoku.model.SudokuBoard - Wartość 0 wstawiona nieprawidłowo
17:37:11.247 [main] INFO  sudoku.model.SudokuBoard - Bład w kwadracie 0
sudoku.model.SudokuBoard@368424db[
  size=9
  solver=sudoku.model.BacktrackingSudokuSolver@44864536
  board={{9,8,2,4,1,5,6,7,3},{1,3,7,8,6,9,2,4,5},{4,5,6,7,2,3,8,9,1},{5,1,3,9,8,2,4,6,7},{8,2,9,1,5,6,0,0,0},{0,0,0,0,0,0,0,0,0},{0,0,0,0,0,0,0,0,0},{0,0,0,0,0,0,0,0,0},{0,0,0,0,0,0,0,0,0}}
]
17:37:11.247 [main] INFO  sudoku.model.SudokuBoard - Wartość 0 wstawiona nieprawidłowo
17:37:11.247 [main] INFO  sudoku.model.SudokuBoard - Bład w kwadracie 0
sudoku.model.SudokuBoard@368424db[
  size=9
  solver=sudoku.model.BacktrackingSudokuSolver@44864536
  board={{9,8,2,4,1,5,6,7,3},{1,3,7,8,6,9,2,4,5},{4,5,6,7,2,3,8,9,1},{5,1,3,9,8,2,4,6,7},{8,2,9,1,5,0,0,0,0},{0,0,0,0,0,0,0,0,0},{0,0,0,0,0,0,0,0,0},{0,0,0,0,0,0,0,0,0},{0,0,0,0,0,0,0,0,0}}
]
17:37:11.247 [main] INFO  sudoku.model.SudokuBoard - Wartość 0 wstawiona nieprawidłowo
17:37:11.247 [main] INFO  sudoku.model.SudokuBoard - Bład w kwadracie 0
sudoku.model.SudokuBoard@368424db[
  size=9
  solver=sudoku.model.BacktrackingSudokuSolver@44864536
  board={{9,8,2,4,1,5,6,7,3},{1,3,7,8,6,9,2,4,5},{4,5,6,7,2,3,8,9,1},{5,1,3,9,8,2,4,6,7},{8,2,9,1,5,7,0,0,0},{0,0,0,0,0,0,0,0,0},{0,0,0,0,0,0,0,0,0},{0,0,0,0,0,0,0,0,0},{0,0,0,0,0,0,0,0,0}}
]
17:37:11.247 [main] INFO  sudoku.model.SudokuBoard - Wartość 0 wstawiona nieprawidłowo
17:37:11.248 [main] INFO  sudoku.model.SudokuBoard - Bład w kwadracie 0
sudoku.model.SudokuBoard@368424db[
  size=9
  solver=sudoku.model.BacktrackingSudokuSolver@44864536
  board={{9,8,2,4,1,5,6,7,3},{1,3,7,8,6,9,2,4,5},{4,5,6,7,2,3,8,9,1},{5,1,3,9,8,2,4,6,7},{8,2,9,1,5,0,0,0,0},{0,0,0,0,0,0,0,0,0},{0,0,0,0,0,0,0,0,0},{0,0,0,0,0,0,0,0,0},{0,0,0,0,0,0,0,0,0}}
]
17:37:11.248 [main] INFO  sudoku.model.SudokuBoard - Wartość 0 wstawiona nieprawidłowo
17:37:11.248 [main] INFO  sudoku.model.SudokuBoard - Bład w kwadracie 0
sudoku.model.SudokuBoard@368424db[
  size=9
  solver=sudoku.model.BacktrackingSudokuSolver@44864536
  board={{9,8,2,4,1,5,6,7,3},{1,3,7,8,6,9,2,4,5},{4,5,6,7,2,3,8,9,1},{5,1,3,9,8,2,4,6,7},{8,2,9,1,5,4,0,0,0},{0,0,0,0,0,0,0,0,0},{0,0,0,0,0,0,0,0,0},{0,0,0,0,0,0,0,0,0},{0,0,0,0,0,0,0,0,0}}
]
17:37:11.248 [main] INFO  sudoku.model.SudokuBoard - Wartość 0 wstawiona nieprawidłowo
17:37:11.248 [main] INFO  sudoku.model.SudokuBoard - Bład w kwadracie 0
sudoku.model.SudokuBoard@368424db[
  size=9
  solver=sudoku.model.BacktrackingSudokuSolver@44864536
  board={{9,8,2,4,1,5,6,7,3},{1,3,7,8,6,9,2,4,5},{4,5,6,7,2,3,8,9,1},{5,1,3,9,8,2,4,6,7},{8,2,9,1,5,0,0,0,0},{0,0,0,0,0,0,0,0,0},{0,0,0,0,0,0,0,0,0},{0,0,0,0,0,0,0,0,0},{0,0,0,0,0,0,0,0,0}}
]
17:37:11.248 [main] INFO  sudoku.model.SudokuBoard - Wartość 0 wstawiona nieprawidłowo
17:37:11.248 [main] INFO  sudoku.model.SudokuBoard - Bład w kwadracie 0
sudoku.model.SudokuBoard@368424db[
  size=9
  solver=sudoku.model.BacktrackingSudokuSolver@44864536
  board={{9,8,2,4,1,5,6,7,3},{1,3,7,8,6,9,2,4,5},{4,5,6,7,2,3,8,9,1},{5,1,3,9,8,2,4,6,7},{8,2,9,1,0,0,0,0,0},{0,0,0,0,0,0,0,0,0},{0,0,0,0,0,0,0,0,0},{0,0,0,0,0,0,0,0,0},{0,0,0,0,0,0,0,0,0}}
]
17:37:11.248 [main] INFO  sudoku.model.SudokuBoard - Wartość 0 wstawiona nieprawidłowo
17:37:11.248 [main] INFO  sudoku.model.SudokuBoard - Bład w kwadracie 0
sudoku.model.SudokuBoard@368424db[
  size=9
  solver=sudoku.model.BacktrackingSudokuSolver@44864536
  board={{9,8,2,4,1,5,6,7,3},{1,3,7,8,6,9,2,4,5},{4,5,6,7,2,3,8,9,1},{5,1,3,9,8,2,4,6,7},{8,2,9,1,7,4,3,0,0},{0,0,0,0,0,0,0,0,0},{0,0,0,0,0,0,0,0,0},{0,0,0,0,0,0,0,0,0},{0,0,0,0,0,0,0,0,0}}
]
17:37:11.249 [main] INFO  sudoku.model.SudokuBoard - Wartość 0 wstawiona nieprawidłowo
17:37:11.249 [main] INFO  sudoku.model.SudokuBoard - Bład w kwadracie 0
sudoku.model.SudokuBoard@368424db[
  size=9
  solver=sudoku.model.BacktrackingSudokuSolver@44864536
  board={{9,8,2,4,1,5,6,7,3},{1,3,7,8,6,9,2,4,5},{4,5,6,7,2,3,8,9,1},{5,1,3,9,8,2,4,6,7},{8,2,9,1,7,4,0,0,0},{0,0,0,0,0,0,0,0,0},{0,0,0,0,0,0,0,0,0},{0,0,0,0,0,0,0,0,0},{0,0,0,0,0,0,0,0,0}}
]
17:37:11.249 [main] INFO  sudoku.model.SudokuBoard - Wartość 0 wstawiona nieprawidłowo
17:37:11.249 [main] INFO  sudoku.model.SudokuBoard - Bład w kwadracie 0
sudoku.model.SudokuBoard@368424db[
  size=9
  solver=sudoku.model.BacktrackingSudokuSolver@44864536
  board={{9,8,2,4,1,5,6,7,3},{1,3,7,8,6,9,2,4,5},{4,5,6,7,2,3,8,9,1},{5,1,3,9,8,2,4,6,7},{8,2,9,1,7,4,5,0,0},{0,0,0,0,0,0,0,0,0},{0,0,0,0,0,0,0,0,0},{0,0,0,0,0,0,0,0,0},{0,0,0,0,0,0,0,0,0}}
]
17:37:11.249 [main] INFO  sudoku.model.SudokuBoard - Wartość 0 wstawiona nieprawidłowo
17:37:11.249 [main] INFO  sudoku.model.SudokuBoard - Bład w kwadracie 0
sudoku.model.SudokuBoard@368424db[
  size=9
  solver=sudoku.model.BacktrackingSudokuSolver@44864536
  board={{9,8,2,4,1,5,6,7,3},{1,3,7,8,6,9,2,4,5},{4,5,6,7,2,3,8,9,1},{5,1,3,9,8,2,4,6,7},{8,2,9,1,7,4,0,0,0},{0,0,0,0,0,0,0,0,0},{0,0,0,0,0,0,0,0,0},{0,0,0,0,0,0,0,0,0},{0,0,0,0,0,0,0,0,0}}
]
17:37:11.249 [main] INFO  sudoku.model.SudokuBoard - Wartość 0 wstawiona nieprawidłowo
17:37:11.249 [main] INFO  sudoku.model.SudokuBoard - Bład w kwadracie 0
sudoku.model.SudokuBoard@368424db[
  size=9
  solver=sudoku.model.BacktrackingSudokuSolver@44864536
  board={{9,8,2,4,1,5,6,7,3},{1,3,7,8,6,9,2,4,5},{4,5,6,7,2,3,8,9,1},{5,1,3,9,8,2,4,6,7},{8,2,9,1,7,0,0,0,0},{0,0,0,0,0,0,0,0,0},{0,0,0,0,0,0,0,0,0},{0,0,0,0,0,0,0,0,0},{0,0,0,0,0,0,0,0,0}}
]
17:37:11.249 [main] INFO  sudoku.model.SudokuBoard - Wartość 0 wstawiona nieprawidłowo
17:37:11.249 [main] INFO  sudoku.model.SudokuBoard - Bład w kwadracie 0
sudoku.model.SudokuBoard@368424db[
  size=9
  solver=sudoku.model.BacktrackingSudokuSolver@44864536
  board={{9,8,2,4,1,5,6,7,3},{1,3,7,8,6,9,2,4,5},{4,5,6,7,2,3,8,9,1},{5,1,3,9,8,2,4,6,7},{8,2,9,1,7,6,3,0,0},{0,0,0,0,0,0,0,0,0},{0,0,0,0,0,0,0,0,0},{0,0,0,0,0,0,0,0,0},{0,0,0,0,0,0,0,0,0}}
]
17:37:11.249 [main] INFO  sudoku.model.SudokuBoard - Wartość 0 wstawiona nieprawidłowo
17:37:11.249 [main] INFO  sudoku.model.SudokuBoard - Bład w kwadracie 0
sudoku.model.SudokuBoard@368424db[
  size=9
  solver=sudoku.model.BacktrackingSudokuSolver@44864536
  board={{9,8,2,4,1,5,6,7,3},{1,3,7,8,6,9,2,4,5},{4,5,6,7,2,3,8,9,1},{5,1,3,9,8,2,4,6,7},{8,2,9,1,7,6,0,0,0},{0,0,0,0,0,0,0,0,0},{0,0,0,0,0,0,0,0,0},{0,0,0,0,0,0,0,0,0},{0,0,0,0,0,0,0,0,0}}
]
17:37:11.249 [main] INFO  sudoku.model.SudokuBoard - Wartość 0 wstawiona nieprawidłowo
17:37:11.249 [main] INFO  sudoku.model.SudokuBoard - Bład w kwadracie 0
sudoku.model.SudokuBoard@368424db[
  size=9
  solver=sudoku.model.BacktrackingSudokuSolver@44864536
  board={{9,8,2,4,1,5,6,7,3},{1,3,7,8,6,9,2,4,5},{4,5,6,7,2,3,8,9,1},{5,1,3,9,8,2,4,6,7},{8,2,9,1,7,6,5,0,0},{0,0,0,0,0,0,0,0,0},{0,0,0,0,0,0,0,0,0},{0,0,0,0,0,0,0,0,0},{0,0,0,0,0,0,0,0,0}}
]
17:37:11.249 [main] INFO  sudoku.model.SudokuBoard - Wartość 0 wstawiona nieprawidłowo
17:37:11.249 [main] INFO  sudoku.model.SudokuBoard - Bład w kwadracie 0
sudoku.model.SudokuBoard@368424db[
  size=9
  solver=sudoku.model.BacktrackingSudokuSolver@44864536
  board={{9,8,2,4,1,5,6,7,3},{1,3,7,8,6,9,2,4,5},{4,5,6,7,2,3,8,9,1},{5,1,3,9,8,2,4,6,7},{8,2,9,1,7,6,0,0,0},{0,0,0,0,0,0,0,0,0},{0,0,0,0,0,0,0,0,0},{0,0,0,0,0,0,0,0,0},{0,0,0,0,0,0,0,0,0}}
]
17:37:11.250 [main] INFO  sudoku.model.SudokuBoard - Wartość 0 wstawiona nieprawidłowo
17:37:11.250 [main] INFO  sudoku.model.SudokuBoard - Bład w kwadracie 0
sudoku.model.SudokuBoard@368424db[
  size=9
  solver=sudoku.model.BacktrackingSudokuSolver@44864536
  board={{9,8,2,4,1,5,6,7,3},{1,3,7,8,6,9,2,4,5},{4,5,6,7,2,3,8,9,1},{5,1,3,9,8,2,4,6,7},{8,2,9,1,7,0,0,0,0},{0,0,0,0,0,0,0,0,0},{0,0,0,0,0,0,0,0,0},{0,0,0,0,0,0,0,0,0},{0,0,0,0,0,0,0,0,0}}
]
17:37:11.250 [main] INFO  sudoku.model.SudokuBoard - Wartość 0 wstawiona nieprawidłowo
17:37:11.250 [main] INFO  sudoku.model.SudokuBoard - Bład w kwadracie 0
sudoku.model.SudokuBoard@368424db[
  size=9
  solver=sudoku.model.BacktrackingSudokuSolver@44864536
  board={{9,8,2,4,1,5,6,7,3},{1,3,7,8,6,9,2,4,5},{4,5,6,7,2,3,8,9,1},{5,1,3,9,8,2,4,6,7},{8,2,9,1,0,0,0,0,0},{0,0,0,0,0,0,0,0,0},{0,0,0,0,0,0,0,0,0},{0,0,0,0,0,0,0,0,0},{0,0,0,0,0,0,0,0,0}}
]
17:37:11.250 [main] INFO  sudoku.model.SudokuBoard - Wartość 0 wstawiona nieprawidłowo
17:37:11.250 [main] INFO  sudoku.model.SudokuBoard - Bład w kwadracie 0
sudoku.model.SudokuBoard@368424db[
  size=9
  solver=sudoku.model.BacktrackingSudokuSolver@44864536
  board={{9,8,2,4,1,5,6,7,3},{1,3,7,8,6,9,2,4,5},{4,5,6,7,2,3,8,9,1},{5,1,3,9,8,2,4,6,7},{8,2,9,1,3,4,0,0,0},{0,0,0,0,0,0,0,0,0},{0,0,0,0,0,0,0,0,0},{0,0,0,0,0,0,0,0,0},{0,0,0,0,0,0,0,0,0}}
]
17:37:11.250 [main] INFO  sudoku.model.SudokuBoard - Wartość 0 wstawiona nieprawidłowo
17:37:11.250 [main] INFO  sudoku.model.SudokuBoard - Bład w kwadracie 0
sudoku.model.SudokuBoard@368424db[
  size=9
  solver=sudoku.model.BacktrackingSudokuSolver@44864536
  board={{9,8,2,4,1,5,6,7,3},{1,3,7,8,6,9,2,4,5},{4,5,6,7,2,3,8,9,1},{5,1,3,9,8,2,4,6,7},{8,2,9,1,3,0,0,0,0},{0,0,0,0,0,0,0,0,0},{0,0,0,0,0,0,0,0,0},{0,0,0,0,0,0,0,0,0},{0,0,0,0,0,0,0,0,0}}
]
17:37:11.251 [main] INFO  sudoku.model.SudokuBoard - Wartość 0 wstawiona nieprawidłowo
17:37:11.251 [main] INFO  sudoku.model.SudokuBoard - Bład w kwadracie 0
sudoku.model.SudokuBoard@368424db[
  size=9
  solver=sudoku.model.BacktrackingSudokuSolver@44864536
  board={{9,8,2,4,1,5,6,7,3},{1,3,7,8,6,9,2,4,5},{4,5,6,7,2,3,8,9,1},{5,1,3,9,8,2,4,6,7},{8,2,9,1,3,6,0,0,0},{0,0,0,0,0,0,0,0,0},{0,0,0,0,0,0,0,0,0},{0,0,0,0,0,0,0,0,0},{0,0,0,0,0,0,0,0,0}}
]
17:37:11.251 [main] INFO  sudoku.model.SudokuBoard - Wartość 0 wstawiona nieprawidłowo
17:37:11.251 [main] INFO  sudoku.model.SudokuBoard - Bład w kwadracie 0
sudoku.model.SudokuBoard@368424db[
  size=9
  solver=sudoku.model.BacktrackingSudokuSolver@44864536
  board={{9,8,2,4,1,5,6,7,3},{1,3,7,8,6,9,2,4,5},{4,5,6,7,2,3,8,9,1},{5,1,3,9,8,2,4,6,7},{8,2,9,1,3,0,0,0,0},{0,0,0,0,0,0,0,0,0},{0,0,0,0,0,0,0,0,0},{0,0,0,0,0,0,0,0,0},{0,0,0,0,0,0,0,0,0}}
]
17:37:11.251 [main] INFO  sudoku.model.SudokuBoard - Wartość 0 wstawiona nieprawidłowo
17:37:11.251 [main] INFO  sudoku.model.SudokuBoard - Bład w kwadracie 0
sudoku.model.SudokuBoard@368424db[
  size=9
  solver=sudoku.model.BacktrackingSudokuSolver@44864536
  board={{9,8,2,4,1,5,6,7,3},{1,3,7,8,6,9,2,4,5},{4,5,6,7,2,3,8,9,1},{5,1,3,9,8,2,4,6,7},{8,2,9,1,3,7,0,0,0},{0,0,0,0,0,0,0,0,0},{0,0,0,0,0,0,0,0,0},{0,0,0,0,0,0,0,0,0},{0,0,0,0,0,0,0,0,0}}
]
17:37:11.251 [main] INFO  sudoku.model.SudokuBoard - Wartość 0 wstawiona nieprawidłowo
17:37:11.251 [main] INFO  sudoku.model.SudokuBoard - Bład w kwadracie 0
sudoku.model.SudokuBoard@368424db[
  size=9
  solver=sudoku.model.BacktrackingSudokuSolver@44864536
  board={{9,8,2,4,1,5,6,7,3},{1,3,7,8,6,9,2,4,5},{4,5,6,7,2,3,8,9,1},{5,1,3,9,8,2,4,6,7},{8,2,9,1,3,0,0,0,0},{0,0,0,0,0,0,0,0,0},{0,0,0,0,0,0,0,0,0},{0,0,0,0,0,0,0,0,0},{0,0,0,0,0,0,0,0,0}}
]
17:37:11.251 [main] INFO  sudoku.model.SudokuBoard - Wartość 0 wstawiona nieprawidłowo
17:37:11.251 [main] INFO  sudoku.model.SudokuBoard - Bład w kwadracie 0
sudoku.model.SudokuBoard@368424db[
  size=9
  solver=sudoku.model.BacktrackingSudokuSolver@44864536
  board={{9,8,2,4,1,5,6,7,3},{1,3,7,8,6,9,2,4,5},{4,5,6,7,2,3,8,9,1},{5,1,3,9,8,2,4,6,7},{8,2,9,1,0,0,0,0,0},{0,0,0,0,0,0,0,0,0},{0,0,0,0,0,0,0,0,0},{0,0,0,0,0,0,0,0,0},{0,0,0,0,0,0,0,0,0}}
]
17:37:11.251 [main] INFO  sudoku.model.SudokuBoard - Wartość 0 wstawiona nieprawidłowo
17:37:11.251 [main] INFO  sudoku.model.SudokuBoard - Bład w kwadracie 0
sudoku.model.SudokuBoard@368424db[
  size=9
  solver=sudoku.model.BacktrackingSudokuSolver@44864536
  board={{9,8,2,4,1,5,6,7,3},{1,3,7,8,6,9,2,4,5},{4,5,6,7,2,3,8,9,1},{5,1,3,9,8,2,4,6,7},{8,2,9,0,0,0,0,0,0},{0,0,0,0,0,0,0,0,0},{0,0,0,0,0,0,0,0,0},{0,0,0,0,0,0,0,0,0},{0,0,0,0,0,0,0,0,0}}
]
17:37:11.251 [main] INFO  sudoku.model.SudokuBoard - Wartość 0 wstawiona nieprawidłowo
17:37:11.251 [main] INFO  sudoku.model.SudokuBoard - Bład w kwadracie 0
sudoku.model.SudokuBoard@368424db[
  size=9
  solver=sudoku.model.BacktrackingSudokuSolver@44864536
  board={{9,8,2,4,1,5,6,7,3},{1,3,7,8,6,9,2,4,5},{4,5,6,7,2,3,8,9,1},{5,1,3,9,8,2,4,6,7},{8,2,9,3,4,1,0,0,0},{0,0,0,0,0,0,0,0,0},{0,0,0,0,0,0,0,0,0},{0,0,0,0,0,0,0,0,0},{0,0,0,0,0,0,0,0,0}}
]
17:37:11.251 [main] INFO  sudoku.model.SudokuBoard - Wartość 0 wstawiona nieprawidłowo
17:37:11.251 [main] INFO  sudoku.model.SudokuBoard - Bład w kwadracie 0
sudoku.model.SudokuBoard@368424db[
  size=9
  solver=sudoku.model.BacktrackingSudokuSolver@44864536
  board={{9,8,2,4,1,5,6,7,3},{1,3,7,8,6,9,2,4,5},{4,5,6,7,2,3,8,9,1},{5,1,3,9,8,2,4,6,7},{8,2,9,3,4,0,0,0,0},{0,0,0,0,0,0,0,0,0},{0,0,0,0,0,0,0,0,0},{0,0,0,0,0,0,0,0,0},{0,0,0,0,0,0,0,0,0}}
]
17:37:11.252 [main] INFO  sudoku.model.SudokuBoard - Wartość 0 wstawiona nieprawidłowo
17:37:11.252 [main] INFO  sudoku.model.SudokuBoard - Bład w kwadracie 0
sudoku.model.SudokuBoard@368424db[
  size=9
  solver=sudoku.model.BacktrackingSudokuSolver@44864536
  board={{9,8,2,4,1,5,6,7,3},{1,3,7,8,6,9,2,4,5},{4,5,6,7,2,3,8,9,1},{5,1,3,9,8,2,4,6,7},{8,2,9,3,4,6,1,0,0},{0,0,0,0,0,0,0,0,0},{0,0,0,0,0,0,0,0,0},{0,0,0,0,0,0,0,0,0},{0,0,0,0,0,0,0,0,0}}
]
17:37:11.252 [main] INFO  sudoku.model.SudokuBoard - Wartość 0 wstawiona nieprawidłowo
17:37:11.252 [main] INFO  sudoku.model.SudokuBoard - Bład w kwadracie 0
sudoku.model.SudokuBoard@368424db[
  size=9
  solver=sudoku.model.BacktrackingSudokuSolver@44864536
  board={{9,8,2,4,1,5,6,7,3},{1,3,7,8,6,9,2,4,5},{4,5,6,7,2,3,8,9,1},{5,1,3,9,8,2,4,6,7},{8,2,9,3,4,6,0,0,0},{0,0,0,0,0,0,0,0,0},{0,0,0,0,0,0,0,0,0},{0,0,0,0,0,0,0,0,0},{0,0,0,0,0,0,0,0,0}}
]
17:37:11.252 [main] INFO  sudoku.model.SudokuBoard - Wartość 0 wstawiona nieprawidłowo
17:37:11.252 [main] INFO  sudoku.model.SudokuBoard - Bład w kwadracie 0
sudoku.model.SudokuBoard@368424db[
  size=9
  solver=sudoku.model.BacktrackingSudokuSolver@44864536
  board={{9,8,2,4,1,5,6,7,3},{1,3,7,8,6,9,2,4,5},{4,5,6,7,2,3,8,9,1},{5,1,3,9,8,2,4,6,7},{8,2,9,3,4,6,5,0,0},{0,0,0,0,0,0,0,0,0},{0,0,0,0,0,0,0,0,0},{0,0,0,0,0,0,0,0,0},{0,0,0,0,0,0,0,0,0}}
]
17:37:11.252 [main] INFO  sudoku.model.SudokuBoard - Wartość 0 wstawiona nieprawidłowo
17:37:11.252 [main] INFO  sudoku.model.SudokuBoard - Bład w kwadracie 0
sudoku.model.SudokuBoard@368424db[
  size=9
  solver=sudoku.model.BacktrackingSudokuSolver@44864536
  board={{9,8,2,4,1,5,6,7,3},{1,3,7,8,6,9,2,4,5},{4,5,6,7,2,3,8,9,1},{5,1,3,9,8,2,4,6,7},{8,2,9,3,4,6,0,0,0},{0,0,0,0,0,0,0,0,0},{0,0,0,0,0,0,0,0,0},{0,0,0,0,0,0,0,0,0},{0,0,0,0,0,0,0,0,0}}
]
17:37:11.252 [main] INFO  sudoku.model.SudokuBoard - Wartość 0 wstawiona nieprawidłowo
17:37:11.252 [main] INFO  sudoku.model.SudokuBoard - Bład w kwadracie 0
sudoku.model.SudokuBoard@368424db[
  size=9
  solver=sudoku.model.BacktrackingSudokuSolver@44864536
  board={{9,8,2,4,1,5,6,7,3},{1,3,7,8,6,9,2,4,5},{4,5,6,7,2,3,8,9,1},{5,1,3,9,8,2,4,6,7},{8,2,9,3,4,0,0,0,0},{0,0,0,0,0,0,0,0,0},{0,0,0,0,0,0,0,0,0},{0,0,0,0,0,0,0,0,0},{0,0,0,0,0,0,0,0,0}}
]
17:37:11.252 [main] INFO  sudoku.model.SudokuBoard - Wartość 0 wstawiona nieprawidłowo
17:37:11.252 [main] INFO  sudoku.model.SudokuBoard - Bład w kwadracie 0
sudoku.model.SudokuBoard@368424db[
  size=9
  solver=sudoku.model.BacktrackingSudokuSolver@44864536
  board={{9,8,2,4,1,5,6,7,3},{1,3,7,8,6,9,2,4,5},{4,5,6,7,2,3,8,9,1},{5,1,3,9,8,2,4,6,7},{8,2,9,3,4,7,1,0,0},{0,0,0,0,0,0,0,0,0},{0,0,0,0,0,0,0,0,0},{0,0,0,0,0,0,0,0,0},{0,0,0,0,0,0,0,0,0}}
]
17:37:11.252 [main] INFO  sudoku.model.SudokuBoard - Wartość 0 wstawiona nieprawidłowo
17:37:11.253 [main] INFO  sudoku.model.SudokuBoard - Bład w kwadracie 0
sudoku.model.SudokuBoard@368424db[
  size=9
  solver=sudoku.model.BacktrackingSudokuSolver@44864536
  board={{9,8,2,4,1,5,6,7,3},{1,3,7,8,6,9,2,4,5},{4,5,6,7,2,3,8,9,1},{5,1,3,9,8,2,4,6,7},{8,2,9,3,4,7,0,0,0},{0,0,0,0,0,0,0,0,0},{0,0,0,0,0,0,0,0,0},{0,0,0,0,0,0,0,0,0},{0,0,0,0,0,0,0,0,0}}
]
17:37:11.253 [main] INFO  sudoku.model.SudokuBoard - Wartość 0 wstawiona nieprawidłowo
17:37:11.253 [main] INFO  sudoku.model.SudokuBoard - Bład w kwadracie 0
sudoku.model.SudokuBoard@368424db[
  size=9
  solver=sudoku.model.BacktrackingSudokuSolver@44864536
  board={{9,8,2,4,1,5,6,7,3},{1,3,7,8,6,9,2,4,5},{4,5,6,7,2,3,8,9,1},{5,1,3,9,8,2,4,6,7},{8,2,9,3,4,7,5,0,0},{0,0,0,0,0,0,0,0,0},{0,0,0,0,0,0,0,0,0},{0,0,0,0,0,0,0,0,0},{0,0,0,0,0,0,0,0,0}}
]
17:37:11.253 [main] INFO  sudoku.model.SudokuBoard - Wartość 0 wstawiona nieprawidłowo
17:37:11.253 [main] INFO  sudoku.model.SudokuBoard - Bład w kwadracie 0
sudoku.model.SudokuBoard@368424db[
  size=9
  solver=sudoku.model.BacktrackingSudokuSolver@44864536
  board={{9,8,2,4,1,5,6,7,3},{1,3,7,8,6,9,2,4,5},{4,5,6,7,2,3,8,9,1},{5,1,3,9,8,2,4,6,7},{8,2,9,3,4,7,0,0,0},{0,0,0,0,0,0,0,0,0},{0,0,0,0,0,0,0,0,0},{0,0,0,0,0,0,0,0,0},{0,0,0,0,0,0,0,0,0}}
]
17:37:11.253 [main] INFO  sudoku.model.SudokuBoard - Wartość 0 wstawiona nieprawidłowo
17:37:11.253 [main] INFO  sudoku.model.SudokuBoard - Bład w kwadracie 0
sudoku.model.SudokuBoard@368424db[
  size=9
  solver=sudoku.model.BacktrackingSudokuSolver@44864536
  board={{9,8,2,4,1,5,6,7,3},{1,3,7,8,6,9,2,4,5},{4,5,6,7,2,3,8,9,1},{5,1,3,9,8,2,4,6,7},{8,2,9,3,4,0,0,0,0},{0,0,0,0,0,0,0,0,0},{0,0,0,0,0,0,0,0,0},{0,0,0,0,0,0,0,0,0},{0,0,0,0,0,0,0,0,0}}
]
17:37:11.253 [main] INFO  sudoku.model.SudokuBoard - Wartość 0 wstawiona nieprawidłowo
17:37:11.253 [main] INFO  sudoku.model.SudokuBoard - Bład w kwadracie 0
sudoku.model.SudokuBoard@368424db[
  size=9
  solver=sudoku.model.BacktrackingSudokuSolver@44864536
  board={{9,8,2,4,1,5,6,7,3},{1,3,7,8,6,9,2,4,5},{4,5,6,7,2,3,8,9,1},{5,1,3,9,8,2,4,6,7},{8,2,9,3,0,0,0,0,0},{0,0,0,0,0,0,0,0,0},{0,0,0,0,0,0,0,0,0},{0,0,0,0,0,0,0,0,0},{0,0,0,0,0,0,0,0,0}}
]
17:37:11.253 [main] INFO  sudoku.model.SudokuBoard - Wartość 0 wstawiona nieprawidłowo
17:37:11.253 [main] INFO  sudoku.model.SudokuBoard - Bład w kwadracie 0
sudoku.model.SudokuBoard@368424db[
  size=9
  solver=sudoku.model.BacktrackingSudokuSolver@44864536
  board={{9,8,2,4,1,5,6,7,3},{1,3,7,8,6,9,2,4,5},{4,5,6,7,2,3,8,9,1},{5,1,3,9,8,2,4,6,7},{8,2,9,3,5,4,0,0,0},{0,0,0,0,0,0,0,0,0},{0,0,0,0,0,0,0,0,0},{0,0,0,0,0,0,0,0,0},{0,0,0,0,0,0,0,0,0}}
]
17:37:11.253 [main] INFO  sudoku.model.SudokuBoard - Wartość 0 wstawiona nieprawidłowo
17:37:11.253 [main] INFO  sudoku.model.SudokuBoard - Bład w kwadracie 0
sudoku.model.SudokuBoard@368424db[
  size=9
  solver=sudoku.model.BacktrackingSudokuSolver@44864536
  board={{9,8,2,4,1,5,6,7,3},{1,3,7,8,6,9,2,4,5},{4,5,6,7,2,3,8,9,1},{5,1,3,9,8,2,4,6,7},{8,2,9,3,5,0,0,0,0},{0,0,0,0,0,0,0,0,0},{0,0,0,0,0,0,0,0,0},{0,0,0,0,0,0,0,0,0},{0,0,0,0,0,0,0,0,0}}
]
17:37:11.253 [main] INFO  sudoku.model.SudokuBoard - Wartość 0 wstawiona nieprawidłowo
17:37:11.254 [main] INFO  sudoku.model.SudokuBoard - Bład w kwadracie 0
sudoku.model.SudokuBoard@368424db[
  size=9
  solver=sudoku.model.BacktrackingSudokuSolver@44864536
  board={{9,8,2,4,1,5,6,7,3},{1,3,7,8,6,9,2,4,5},{4,5,6,7,2,3,8,9,1},{5,1,3,9,8,2,4,6,7},{8,2,9,3,5,6,0,0,0},{0,0,0,0,0,0,0,0,0},{0,0,0,0,0,0,0,0,0},{0,0,0,0,0,0,0,0,0},{0,0,0,0,0,0,0,0,0}}
]
17:37:11.254 [main] INFO  sudoku.model.SudokuBoard - Wartość 0 wstawiona nieprawidłowo
17:37:11.254 [main] INFO  sudoku.model.SudokuBoard - Bład w kwadracie 0
sudoku.model.SudokuBoard@368424db[
  size=9
  solver=sudoku.model.BacktrackingSudokuSolver@44864536
  board={{9,8,2,4,1,5,6,7,3},{1,3,7,8,6,9,2,4,5},{4,5,6,7,2,3,8,9,1},{5,1,3,9,8,2,4,6,7},{8,2,9,3,5,0,0,0,0},{0,0,0,0,0,0,0,0,0},{0,0,0,0,0,0,0,0,0},{0,0,0,0,0,0,0,0,0},{0,0,0,0,0,0,0,0,0}}
]
17:37:11.254 [main] INFO  sudoku.model.SudokuBoard - Wartość 0 wstawiona nieprawidłowo
17:37:11.254 [main] INFO  sudoku.model.SudokuBoard - Bład w kwadracie 0
sudoku.model.SudokuBoard@368424db[
  size=9
  solver=sudoku.model.BacktrackingSudokuSolver@44864536
  board={{9,8,2,4,1,5,6,7,3},{1,3,7,8,6,9,2,4,5},{4,5,6,7,2,3,8,9,1},{5,1,3,9,8,2,4,6,7},{8,2,9,3,5,7,0,0,0},{0,0,0,0,0,0,0,0,0},{0,0,0,0,0,0,0,0,0},{0,0,0,0,0,0,0,0,0},{0,0,0,0,0,0,0,0,0}}
]
17:37:11.254 [main] INFO  sudoku.model.SudokuBoard - Wartość 0 wstawiona nieprawidłowo
17:37:11.254 [main] INFO  sudoku.model.SudokuBoard - Bład w kwadracie 0
sudoku.model.SudokuBoard@368424db[
  size=9
  solver=sudoku.model.BacktrackingSudokuSolver@44864536
  board={{9,8,2,4,1,5,6,7,3},{1,3,7,8,6,9,2,4,5},{4,5,6,7,2,3,8,9,1},{5,1,3,9,8,2,4,6,7},{8,2,9,3,5,0,0,0,0},{0,0,0,0,0,0,0,0,0},{0,0,0,0,0,0,0,0,0},{0,0,0,0,0,0,0,0,0},{0,0,0,0,0,0,0,0,0}}
]
17:37:11.254 [main] INFO  sudoku.model.SudokuBoard - Wartość 0 wstawiona nieprawidłowo
17:37:11.254 [main] INFO  sudoku.model.SudokuBoard - Bład w kwadracie 0
sudoku.model.SudokuBoard@368424db[
  size=9
  solver=sudoku.model.BacktrackingSudokuSolver@44864536
  board={{9,8,2,4,1,5,6,7,3},{1,3,7,8,6,9,2,4,5},{4,5,6,7,2,3,8,9,1},{5,1,3,9,8,2,4,6,7},{8,2,9,3,5,0,0,0,0},{0,0,0,0,0,0,0,0,0},{0,0,0,0,0,0,0,0,0},{0,0,0,0,0,0,0,0,0},{0,0,0,0,0,0,0,0,0}}
]
17:37:11.254 [main] INFO  sudoku.model.SudokuBoard - Wartość 0 wstawiona nieprawidłowo
17:37:11.254 [main] INFO  sudoku.model.SudokuBoard - Bład w kwadracie 0
sudoku.model.SudokuBoard@368424db[
  size=9
  solver=sudoku.model.BacktrackingSudokuSolver@44864536
  board={{9,8,2,4,1,5,6,7,3},{1,3,7,8,6,9,2,4,5},{4,5,6,7,2,3,8,9,1},{5,1,3,9,8,2,4,6,7},{8,2,9,3,0,0,0,0,0},{0,0,0,0,0,0,0,0,0},{0,0,0,0,0,0,0,0,0},{0,0,0,0,0,0,0,0,0},{0,0,0,0,0,0,0,0,0}}
]
17:37:11.254 [main] INFO  sudoku.model.SudokuBoard - Wartość 0 wstawiona nieprawidłowo
17:37:11.255 [main] INFO  sudoku.model.SudokuBoard - Bład w kwadracie 0
sudoku.model.SudokuBoard@368424db[
  size=9
  solver=sudoku.model.BacktrackingSudokuSolver@44864536
  board={{9,8,2,4,1,5,6,7,3},{1,3,7,8,6,9,2,4,5},{4,5,6,7,2,3,8,9,1},{5,1,3,9,8,2,4,6,7},{8,2,9,3,7,4,1,0,0},{0,0,0,0,0,0,0,0,0},{0,0,0,0,0,0,0,0,0},{0,0,0,0,0,0,0,0,0},{0,0,0,0,0,0,0,0,0}}
]
17:37:11.255 [main] INFO  sudoku.model.SudokuBoard - Wartość 0 wstawiona nieprawidłowo
17:37:11.255 [main] INFO  sudoku.model.SudokuBoard - Bład w kwadracie 0
sudoku.model.SudokuBoard@368424db[
  size=9
  solver=sudoku.model.BacktrackingSudokuSolver@44864536
  board={{9,8,2,4,1,5,6,7,3},{1,3,7,8,6,9,2,4,5},{4,5,6,7,2,3,8,9,1},{5,1,3,9,8,2,4,6,7},{8,2,9,3,7,4,0,0,0},{0,0,0,0,0,0,0,0,0},{0,0,0,0,0,0,0,0,0},{0,0,0,0,0,0,0,0,0},{0,0,0,0,0,0,0,0,0}}
]
17:37:11.255 [main] INFO  sudoku.model.SudokuBoard - Wartość 0 wstawiona nieprawidłowo
17:37:11.255 [main] INFO  sudoku.model.SudokuBoard - Bład w kwadracie 0
sudoku.model.SudokuBoard@368424db[
  size=9
  solver=sudoku.model.BacktrackingSudokuSolver@44864536
  board={{9,8,2,4,1,5,6,7,3},{1,3,7,8,6,9,2,4,5},{4,5,6,7,2,3,8,9,1},{5,1,3,9,8,2,4,6,7},{8,2,9,3,7,4,5,0,0},{0,0,0,0,0,0,0,0,0},{0,0,0,0,0,0,0,0,0},{0,0,0,0,0,0,0,0,0},{0,0,0,0,0,0,0,0,0}}
]
17:37:11.256 [main] INFO  sudoku.model.SudokuBoard - Wartość 0 wstawiona nieprawidłowo
17:37:11.256 [main] INFO  sudoku.model.SudokuBoard - Bład w kwadracie 0
sudoku.model.SudokuBoard@368424db[
  size=9
  solver=sudoku.model.BacktrackingSudokuSolver@44864536
  board={{9,8,2,4,1,5,6,7,3},{1,3,7,8,6,9,2,4,5},{4,5,6,7,2,3,8,9,1},{5,1,3,9,8,2,4,6,7},{8,2,9,3,7,4,0,0,0},{0,0,0,0,0,0,0,0,0},{0,0,0,0,0,0,0,0,0},{0,0,0,0,0,0,0,0,0},{0,0,0,0,0,0,0,0,0}}
]
17:37:11.256 [main] INFO  sudoku.model.SudokuBoard - Wartość 0 wstawiona nieprawidłowo
17:37:11.256 [main] INFO  sudoku.model.SudokuBoard - Bład w kwadracie 0
sudoku.model.SudokuBoard@368424db[
  size=9
  solver=sudoku.model.BacktrackingSudokuSolver@44864536
  board={{9,8,2,4,1,5,6,7,3},{1,3,7,8,6,9,2,4,5},{4,5,6,7,2,3,8,9,1},{5,1,3,9,8,2,4,6,7},{8,2,9,3,7,0,0,0,0},{0,0,0,0,0,0,0,0,0},{0,0,0,0,0,0,0,0,0},{0,0,0,0,0,0,0,0,0},{0,0,0,0,0,0,0,0,0}}
]
17:37:11.256 [main] INFO  sudoku.model.SudokuBoard - Wartość 0 wstawiona nieprawidłowo
17:37:11.256 [main] INFO  sudoku.model.SudokuBoard - Bład w kwadracie 0
sudoku.model.SudokuBoard@368424db[
  size=9
  solver=sudoku.model.BacktrackingSudokuSolver@44864536
  board={{9,8,2,4,1,5,6,7,3},{1,3,7,8,6,9,2,4,5},{4,5,6,7,2,3,8,9,1},{5,1,3,9,8,2,4,6,7},{8,2,9,3,7,6,5,0,0},{0,0,0,0,0,0,0,0,0},{0,0,0,0,0,0,0,0,0},{0,0,0,0,0,0,0,0,0},{0,0,0,0,0,0,0,0,0}}
]
17:37:11.256 [main] INFO  sudoku.model.SudokuBoard - Wartość 0 wstawiona nieprawidłowo
17:37:11.256 [main] INFO  sudoku.model.SudokuBoard - Bład w kwadracie 0
sudoku.model.SudokuBoard@368424db[
  size=9
  solver=sudoku.model.BacktrackingSudokuSolver@44864536
  board={{9,8,2,4,1,5,6,7,3},{1,3,7,8,6,9,2,4,5},{4,5,6,7,2,3,8,9,1},{5,1,3,9,8,2,4,6,7},{8,2,9,3,7,6,0,0,0},{0,0,0,0,0,0,0,0,0},{0,0,0,0,0,0,0,0,0},{0,0,0,0,0,0,0,0,0},{0,0,0,0,0,0,0,0,0}}
]
17:37:11.256 [main] INFO  sudoku.model.SudokuBoard - Wartość 0 wstawiona nieprawidłowo
17:37:11.256 [main] INFO  sudoku.model.SudokuBoard - Bład w kwadracie 0
sudoku.model.SudokuBoard@368424db[
  size=9
  solver=sudoku.model.BacktrackingSudokuSolver@44864536
  board={{9,8,2,4,1,5,6,7,3},{1,3,7,8,6,9,2,4,5},{4,5,6,7,2,3,8,9,1},{5,1,3,9,8,2,4,6,7},{8,2,9,3,7,6,1,0,0},{0,0,0,0,0,0,0,0,0},{0,0,0,0,0,0,0,0,0},{0,0,0,0,0,0,0,0,0},{0,0,0,0,0,0,0,0,0}}
]
17:37:11.256 [main] INFO  sudoku.model.SudokuBoard - Wartość 0 wstawiona nieprawidłowo
17:37:11.256 [main] INFO  sudoku.model.SudokuBoard - Bład w kwadracie 0
sudoku.model.SudokuBoard@368424db[
  size=9
  solver=sudoku.model.BacktrackingSudokuSolver@44864536
  board={{9,8,2,4,1,5,6,7,3},{1,3,7,8,6,9,2,4,5},{4,5,6,7,2,3,8,9,1},{5,1,3,9,8,2,4,6,7},{8,2,9,3,7,6,0,0,0},{0,0,0,0,0,0,0,0,0},{0,0,0,0,0,0,0,0,0},{0,0,0,0,0,0,0,0,0},{0,0,0,0,0,0,0,0,0}}
]
17:37:11.256 [main] INFO  sudoku.model.SudokuBoard - Wartość 0 wstawiona nieprawidłowo
17:37:11.256 [main] INFO  sudoku.model.SudokuBoard - Bład w kwadracie 0
sudoku.model.SudokuBoard@368424db[
  size=9
  solver=sudoku.model.BacktrackingSudokuSolver@44864536
  board={{9,8,2,4,1,5,6,7,3},{1,3,7,8,6,9,2,4,5},{4,5,6,7,2,3,8,9,1},{5,1,3,9,8,2,4,6,7},{8,2,9,3,7,0,0,0,0},{0,0,0,0,0,0,0,0,0},{0,0,0,0,0,0,0,0,0},{0,0,0,0,0,0,0,0,0},{0,0,0,0,0,0,0,0,0}}
]
17:37:11.256 [main] INFO  sudoku.model.SudokuBoard - Wartość 0 wstawiona nieprawidłowo
17:37:11.256 [main] INFO  sudoku.model.SudokuBoard - Bład w kwadracie 0
sudoku.model.SudokuBoard@368424db[
  size=9
  solver=sudoku.model.BacktrackingSudokuSolver@44864536
  board={{9,8,2,4,1,5,6,7,3},{1,3,7,8,6,9,2,4,5},{4,5,6,7,2,3,8,9,1},{5,1,3,9,8,2,4,6,7},{8,2,9,3,7,1,0,0,0},{0,0,0,0,0,0,0,0,0},{0,0,0,0,0,0,0,0,0},{0,0,0,0,0,0,0,0,0},{0,0,0,0,0,0,0,0,0}}
]
17:37:11.256 [main] INFO  sudoku.model.SudokuBoard - Wartość 0 wstawiona nieprawidłowo
17:37:11.256 [main] INFO  sudoku.model.SudokuBoard - Bład w kwadracie 0
sudoku.model.SudokuBoard@368424db[
  size=9
  solver=sudoku.model.BacktrackingSudokuSolver@44864536
  board={{9,8,2,4,1,5,6,7,3},{1,3,7,8,6,9,2,4,5},{4,5,6,7,2,3,8,9,1},{5,1,3,9,8,2,4,6,7},{8,2,9,3,7,0,0,0,0},{0,0,0,0,0,0,0,0,0},{0,0,0,0,0,0,0,0,0},{0,0,0,0,0,0,0,0,0},{0,0,0,0,0,0,0,0,0}}
]
17:37:11.257 [main] INFO  sudoku.model.SudokuBoard - Wartość 0 wstawiona nieprawidłowo
17:37:11.257 [main] INFO  sudoku.model.SudokuBoard - Bład w kwadracie 0
sudoku.model.SudokuBoard@368424db[
  size=9
  solver=sudoku.model.BacktrackingSudokuSolver@44864536
  board={{9,8,2,4,1,5,6,7,3},{1,3,7,8,6,9,2,4,5},{4,5,6,7,2,3,8,9,1},{5,1,3,9,8,2,4,6,7},{8,2,9,3,0,0,0,0,0},{0,0,0,0,0,0,0,0,0},{0,0,0,0,0,0,0,0,0},{0,0,0,0,0,0,0,0,0},{0,0,0,0,0,0,0,0,0}}
]
17:37:11.257 [main] INFO  sudoku.model.SudokuBoard - Wartość 0 wstawiona nieprawidłowo
17:37:11.257 [main] INFO  sudoku.model.SudokuBoard - Bład w kwadracie 0
sudoku.model.SudokuBoard@368424db[
  size=9
  solver=sudoku.model.BacktrackingSudokuSolver@44864536
  board={{9,8,2,4,1,5,6,7,3},{1,3,7,8,6,9,2,4,5},{4,5,6,7,2,3,8,9,1},{5,1,3,9,8,2,4,6,7},{8,2,9,0,0,0,0,0,0},{0,0,0,0,0,0,0,0,0},{0,0,0,0,0,0,0,0,0},{0,0,0,0,0,0,0,0,0},{0,0,0,0,0,0,0,0,0}}
]
17:37:11.257 [main] INFO  sudoku.model.SudokuBoard - Wartość 0 wstawiona nieprawidłowo
17:37:11.257 [main] INFO  sudoku.model.SudokuBoard - Bład w kwadracie 0
sudoku.model.SudokuBoard@368424db[
  size=9
  solver=sudoku.model.BacktrackingSudokuSolver@44864536
  board={{9,8,2,4,1,5,6,7,3},{1,3,7,8,6,9,2,4,5},{4,5,6,7,2,3,8,9,1},{5,1,3,9,8,2,4,6,7},{8,2,9,5,7,1,0,0,0},{0,0,0,0,0,0,0,0,0},{0,0,0,0,0,0,0,0,0},{0,0,0,0,0,0,0,0,0},{0,0,0,0,0,0,0,0,0}}
]
17:37:11.257 [main] INFO  sudoku.model.SudokuBoard - Wartość 0 wstawiona nieprawidłowo
17:37:11.257 [main] INFO  sudoku.model.SudokuBoard - Bład w kwadracie 0
sudoku.model.SudokuBoard@368424db[
  size=9
  solver=sudoku.model.BacktrackingSudokuSolver@44864536
  board={{9,8,2,4,1,5,6,7,3},{1,3,7,8,6,9,2,4,5},{4,5,6,7,2,3,8,9,1},{5,1,3,9,8,2,4,6,7},{8,2,9,5,7,0,0,0,0},{0,0,0,0,0,0,0,0,0},{0,0,0,0,0,0,0,0,0},{0,0,0,0,0,0,0,0,0},{0,0,0,0,0,0,0,0,0}}
]
17:37:11.257 [main] INFO  sudoku.model.SudokuBoard - Wartość 0 wstawiona nieprawidłowo
17:37:11.257 [main] INFO  sudoku.model.SudokuBoard - Bład w kwadracie 0
sudoku.model.SudokuBoard@368424db[
  size=9
  solver=sudoku.model.BacktrackingSudokuSolver@44864536
  board={{9,8,2,4,1,5,6,7,3},{1,3,7,8,6,9,2,4,5},{4,5,6,7,2,3,8,9,1},{5,1,3,9,8,2,4,6,7},{8,2,9,5,7,4,1,0,0},{0,0,0,0,0,0,0,0,0},{0,0,0,0,0,0,0,0,0},{0,0,0,0,0,0,0,0,0},{0,0,0,0,0,0,0,0,0}}
]
17:37:11.257 [main] INFO  sudoku.model.SudokuBoard - Wartość 0 wstawiona nieprawidłowo
17:37:11.258 [main] INFO  sudoku.model.SudokuBoard - Bład w kwadracie 0
sudoku.model.SudokuBoard@368424db[
  size=9
  solver=sudoku.model.BacktrackingSudokuSolver@44864536
  board={{9,8,2,4,1,5,6,7,3},{1,3,7,8,6,9,2,4,5},{4,5,6,7,2,3,8,9,1},{5,1,3,9,8,2,4,6,7},{8,2,9,5,7,4,0,0,0},{0,0,0,0,0,0,0,0,0},{0,0,0,0,0,0,0,0,0},{0,0,0,0,0,0,0,0,0},{0,0,0,0,0,0,0,0,0}}
]
17:37:11.258 [main] INFO  sudoku.model.SudokuBoard - Wartość 0 wstawiona nieprawidłowo
17:37:11.258 [main] INFO  sudoku.model.SudokuBoard - Bład w kwadracie 0
sudoku.model.SudokuBoard@368424db[
  size=9
  solver=sudoku.model.BacktrackingSudokuSolver@44864536
  board={{9,8,2,4,1,5,6,7,3},{1,3,7,8,6,9,2,4,5},{4,5,6,7,2,3,8,9,1},{5,1,3,9,8,2,4,6,7},{8,2,9,5,7,4,3,0,0},{0,0,0,0,0,0,0,0,0},{0,0,0,0,0,0,0,0,0},{0,0,0,0,0,0,0,0,0},{0,0,0,0,0,0,0,0,0}}
]
17:37:11.258 [main] INFO  sudoku.model.SudokuBoard - Wartość 0 wstawiona nieprawidłowo
17:37:11.258 [main] INFO  sudoku.model.SudokuBoard - Bład w kwadracie 0
sudoku.model.SudokuBoard@368424db[
  size=9
  solver=sudoku.model.BacktrackingSudokuSolver@44864536
  board={{9,8,2,4,1,5,6,7,3},{1,3,7,8,6,9,2,4,5},{4,5,6,7,2,3,8,9,1},{5,1,3,9,8,2,4,6,7},{8,2,9,5,7,4,0,0,0},{0,0,0,0,0,0,0,0,0},{0,0,0,0,0,0,0,0,0},{0,0,0,0,0,0,0,0,0},{0,0,0,0,0,0,0,0,0}}
]
17:37:11.258 [main] INFO  sudoku.model.SudokuBoard - Wartość 0 wstawiona nieprawidłowo
17:37:11.258 [main] INFO  sudoku.model.SudokuBoard - Bład w kwadracie 0
sudoku.model.SudokuBoard@368424db[
  size=9
  solver=sudoku.model.BacktrackingSudokuSolver@44864536
  board={{9,8,2,4,1,5,6,7,3},{1,3,7,8,6,9,2,4,5},{4,5,6,7,2,3,8,9,1},{5,1,3,9,8,2,4,6,7},{8,2,9,5,7,0,0,0,0},{0,0,0,0,0,0,0,0,0},{0,0,0,0,0,0,0,0,0},{0,0,0,0,0,0,0,0,0},{0,0,0,0,0,0,0,0,0}}
]
17:37:11.258 [main] INFO  sudoku.model.SudokuBoard - Wartość 0 wstawiona nieprawidłowo
17:37:11.258 [main] INFO  sudoku.model.SudokuBoard - Bład w kwadracie 0
sudoku.model.SudokuBoard@368424db[
  size=9
  solver=sudoku.model.BacktrackingSudokuSolver@44864536
  board={{9,8,2,4,1,5,6,7,3},{1,3,7,8,6,9,2,4,5},{4,5,6,7,2,3,8,9,1},{5,1,3,9,8,2,4,6,7},{8,2,9,5,7,6,1,0,0},{0,0,0,0,0,0,0,0,0},{0,0,0,0,0,0,0,0,0},{0,0,0,0,0,0,0,0,0},{0,0,0,0,0,0,0,0,0}}
]
17:37:11.258 [main] INFO  sudoku.model.SudokuBoard - Wartość 0 wstawiona nieprawidłowo
17:37:11.258 [main] INFO  sudoku.model.SudokuBoard - Bład w kwadracie 0
sudoku.model.SudokuBoard@368424db[
  size=9
  solver=sudoku.model.BacktrackingSudokuSolver@44864536
  board={{9,8,2,4,1,5,6,7,3},{1,3,7,8,6,9,2,4,5},{4,5,6,7,2,3,8,9,1},{5,1,3,9,8,2,4,6,7},{8,2,9,5,7,6,0,0,0},{0,0,0,0,0,0,0,0,0},{0,0,0,0,0,0,0,0,0},{0,0,0,0,0,0,0,0,0},{0,0,0,0,0,0,0,0,0}}
]
17:37:11.258 [main] INFO  sudoku.model.SudokuBoard - Wartość 0 wstawiona nieprawidłowo
17:37:11.258 [main] INFO  sudoku.model.SudokuBoard - Bład w kwadracie 0
sudoku.model.SudokuBoard@368424db[
  size=9
  solver=sudoku.model.BacktrackingSudokuSolver@44864536
  board={{9,8,2,4,1,5,6,7,3},{1,3,7,8,6,9,2,4,5},{4,5,6,7,2,3,8,9,1},{5,1,3,9,8,2,4,6,7},{8,2,9,5,7,6,3,0,0},{0,0,0,0,0,0,0,0,0},{0,0,0,0,0,0,0,0,0},{0,0,0,0,0,0,0,0,0},{0,0,0,0,0,0,0,0,0}}
]
17:37:11.258 [main] INFO  sudoku.model.SudokuBoard - Wartość 0 wstawiona nieprawidłowo
17:37:11.259 [main] INFO  sudoku.model.SudokuBoard - Bład w kwadracie 0
sudoku.model.SudokuBoard@368424db[
  size=9
  solver=sudoku.model.BacktrackingSudokuSolver@44864536
  board={{9,8,2,4,1,5,6,7,3},{1,3,7,8,6,9,2,4,5},{4,5,6,7,2,3,8,9,1},{5,1,3,9,8,2,4,6,7},{8,2,9,5,7,6,0,0,0},{0,0,0,0,0,0,0,0,0},{0,0,0,0,0,0,0,0,0},{0,0,0,0,0,0,0,0,0},{0,0,0,0,0,0,0,0,0}}
]
17:37:11.259 [main] INFO  sudoku.model.SudokuBoard - Wartość 0 wstawiona nieprawidłowo
17:37:11.259 [main] INFO  sudoku.model.SudokuBoard - Bład w kwadracie 0
sudoku.model.SudokuBoard@368424db[
  size=9
  solver=sudoku.model.BacktrackingSudokuSolver@44864536
  board={{9,8,2,4,1,5,6,7,3},{1,3,7,8,6,9,2,4,5},{4,5,6,7,2,3,8,9,1},{5,1,3,9,8,2,4,6,7},{8,2,9,5,7,0,0,0,0},{0,0,0,0,0,0,0,0,0},{0,0,0,0,0,0,0,0,0},{0,0,0,0,0,0,0,0,0},{0,0,0,0,0,0,0,0,0}}
]
17:37:11.259 [main] INFO  sudoku.model.SudokuBoard - Wartość 0 wstawiona nieprawidłowo
17:37:11.259 [main] INFO  sudoku.model.SudokuBoard - Bład w kwadracie 0
sudoku.model.SudokuBoard@368424db[
  size=9
  solver=sudoku.model.BacktrackingSudokuSolver@44864536
  board={{9,8,2,4,1,5,6,7,3},{1,3,7,8,6,9,2,4,5},{4,5,6,7,2,3,8,9,1},{5,1,3,9,8,2,4,6,7},{8,2,9,5,0,0,0,0,0},{0,0,0,0,0,0,0,0,0},{0,0,0,0,0,0,0,0,0},{0,0,0,0,0,0,0,0,0},{0,0,0,0,0,0,0,0,0}}
]
17:37:11.259 [main] INFO  sudoku.model.SudokuBoard - Wartość 0 wstawiona nieprawidłowo
17:37:11.259 [main] INFO  sudoku.model.SudokuBoard - Bład w kwadracie 0
sudoku.model.SudokuBoard@368424db[
  size=9
  solver=sudoku.model.BacktrackingSudokuSolver@44864536
  board={{9,8,2,4,1,5,6,7,3},{1,3,7,8,6,9,2,4,5},{4,5,6,7,2,3,8,9,1},{5,1,3,9,8,2,4,6,7},{8,2,9,5,3,7,0,0,0},{0,0,0,0,0,0,0,0,0},{0,0,0,0,0,0,0,0,0},{0,0,0,0,0,0,0,0,0},{0,0,0,0,0,0,0,0,0}}
]
17:37:11.259 [main] INFO  sudoku.model.SudokuBoard - Wartość 0 wstawiona nieprawidłowo
17:37:11.259 [main] INFO  sudoku.model.SudokuBoard - Bład w kwadracie 0
sudoku.model.SudokuBoard@368424db[
  size=9
  solver=sudoku.model.BacktrackingSudokuSolver@44864536
  board={{9,8,2,4,1,5,6,7,3},{1,3,7,8,6,9,2,4,5},{4,5,6,7,2,3,8,9,1},{5,1,3,9,8,2,4,6,7},{8,2,9,5,3,0,0,0,0},{0,0,0,0,0,0,0,0,0},{0,0,0,0,0,0,0,0,0},{0,0,0,0,0,0,0,0,0},{0,0,0,0,0,0,0,0,0}}
]
17:37:11.259 [main] INFO  sudoku.model.SudokuBoard - Wartość 0 wstawiona nieprawidłowo
17:37:11.259 [main] INFO  sudoku.model.SudokuBoard - Bład w kwadracie 0
sudoku.model.SudokuBoard@368424db[
  size=9
  solver=sudoku.model.BacktrackingSudokuSolver@44864536
  board={{9,8,2,4,1,5,6,7,3},{1,3,7,8,6,9,2,4,5},{4,5,6,7,2,3,8,9,1},{5,1,3,9,8,2,4,6,7},{8,2,9,5,3,0,0,0,0},{0,0,0,0,0,0,0,0,0},{0,0,0,0,0,0,0,0,0},{0,0,0,0,0,0,0,0,0},{0,0,0,0,0,0,0,0,0}}
]
17:37:11.259 [main] INFO  sudoku.model.SudokuBoard - Wartość 0 wstawiona nieprawidłowo
17:37:11.259 [main] INFO  sudoku.model.SudokuBoard - Bład w kwadracie 0
sudoku.model.SudokuBoard@368424db[
  size=9
  solver=sudoku.model.BacktrackingSudokuSolver@44864536
  board={{9,8,2,4,1,5,6,7,3},{1,3,7,8,6,9,2,4,5},{4,5,6,7,2,3,8,9,1},{5,1,3,9,8,2,4,6,7},{8,2,9,5,3,4,0,0,0},{0,0,0,0,0,0,0,0,0},{0,0,0,0,0,0,0,0,0},{0,0,0,0,0,0,0,0,0},{0,0,0,0,0,0,0,0,0}}
]
17:37:11.259 [main] INFO  sudoku.model.SudokuBoard - Wartość 0 wstawiona nieprawidłowo
17:37:11.259 [main] INFO  sudoku.model.SudokuBoard - Bład w kwadracie 0
sudoku.model.SudokuBoard@368424db[
  size=9
  solver=sudoku.model.BacktrackingSudokuSolver@44864536
  board={{9,8,2,4,1,5,6,7,3},{1,3,7,8,6,9,2,4,5},{4,5,6,7,2,3,8,9,1},{5,1,3,9,8,2,4,6,7},{8,2,9,5,3,0,0,0,0},{0,0,0,0,0,0,0,0,0},{0,0,0,0,0,0,0,0,0},{0,0,0,0,0,0,0,0,0},{0,0,0,0,0,0,0,0,0}}
]
17:37:11.259 [main] INFO  sudoku.model.SudokuBoard - Wartość 0 wstawiona nieprawidłowo
17:37:11.259 [main] INFO  sudoku.model.SudokuBoard - Bład w kwadracie 0
sudoku.model.SudokuBoard@368424db[
  size=9
  solver=sudoku.model.BacktrackingSudokuSolver@44864536
  board={{9,8,2,4,1,5,6,7,3},{1,3,7,8,6,9,2,4,5},{4,5,6,7,2,3,8,9,1},{5,1,3,9,8,2,4,6,7},{8,2,9,5,3,6,0,0,0},{0,0,0,0,0,0,0,0,0},{0,0,0,0,0,0,0,0,0},{0,0,0,0,0,0,0,0,0},{0,0,0,0,0,0,0,0,0}}
]
17:37:11.260 [main] INFO  sudoku.model.SudokuBoard - Wartość 0 wstawiona nieprawidłowo
17:37:11.260 [main] INFO  sudoku.model.SudokuBoard - Bład w kwadracie 0
sudoku.model.SudokuBoard@368424db[
  size=9
  solver=sudoku.model.BacktrackingSudokuSolver@44864536
  board={{9,8,2,4,1,5,6,7,3},{1,3,7,8,6,9,2,4,5},{4,5,6,7,2,3,8,9,1},{5,1,3,9,8,2,4,6,7},{8,2,9,5,3,0,0,0,0},{0,0,0,0,0,0,0,0,0},{0,0,0,0,0,0,0,0,0},{0,0,0,0,0,0,0,0,0},{0,0,0,0,0,0,0,0,0}}
]
17:37:11.260 [main] INFO  sudoku.model.SudokuBoard - Wartość 0 wstawiona nieprawidłowo
17:37:11.260 [main] INFO  sudoku.model.SudokuBoard - Bład w kwadracie 0
sudoku.model.SudokuBoard@368424db[
  size=9
  solver=sudoku.model.BacktrackingSudokuSolver@44864536
  board={{9,8,2,4,1,5,6,7,3},{1,3,7,8,6,9,2,4,5},{4,5,6,7,2,3,8,9,1},{5,1,3,9,8,2,4,6,7},{8,2,9,5,0,0,0,0,0},{0,0,0,0,0,0,0,0,0},{0,0,0,0,0,0,0,0,0},{0,0,0,0,0,0,0,0,0},{0,0,0,0,0,0,0,0,0}}
]
17:37:11.260 [main] INFO  sudoku.model.SudokuBoard - Wartość 0 wstawiona nieprawidłowo
17:37:11.260 [main] INFO  sudoku.model.SudokuBoard - Bład w kwadracie 0
sudoku.model.SudokuBoard@368424db[
  size=9
  solver=sudoku.model.BacktrackingSudokuSolver@44864536
  board={{9,8,2,4,1,5,6,7,3},{1,3,7,8,6,9,2,4,5},{4,5,6,7,2,3,8,9,1},{5,1,3,9,8,2,4,6,7},{8,2,9,5,4,6,1,0,0},{0,0,0,0,0,0,0,0,0},{0,0,0,0,0,0,0,0,0},{0,0,0,0,0,0,0,0,0},{0,0,0,0,0,0,0,0,0}}
]
17:37:11.260 [main] INFO  sudoku.model.SudokuBoard - Wartość 0 wstawiona nieprawidłowo
17:37:11.260 [main] INFO  sudoku.model.SudokuBoard - Bład w kwadracie 0
sudoku.model.SudokuBoard@368424db[
  size=9
  solver=sudoku.model.BacktrackingSudokuSolver@44864536
  board={{9,8,2,4,1,5,6,7,3},{1,3,7,8,6,9,2,4,5},{4,5,6,7,2,3,8,9,1},{5,1,3,9,8,2,4,6,7},{8,2,9,5,4,6,0,0,0},{0,0,0,0,0,0,0,0,0},{0,0,0,0,0,0,0,0,0},{0,0,0,0,0,0,0,0,0},{0,0,0,0,0,0,0,0,0}}
]
17:37:11.260 [main] INFO  sudoku.model.SudokuBoard - Wartość 0 wstawiona nieprawidłowo
17:37:11.260 [main] INFO  sudoku.model.SudokuBoard - Bład w kwadracie 0
sudoku.model.SudokuBoard@368424db[
  size=9
  solver=sudoku.model.BacktrackingSudokuSolver@44864536
  board={{9,8,2,4,1,5,6,7,3},{1,3,7,8,6,9,2,4,5},{4,5,6,7,2,3,8,9,1},{5,1,3,9,8,2,4,6,7},{8,2,9,5,4,6,3,0,0},{0,0,0,0,0,0,0,0,0},{0,0,0,0,0,0,0,0,0},{0,0,0,0,0,0,0,0,0},{0,0,0,0,0,0,0,0,0}}
]
17:37:11.260 [main] INFO  sudoku.model.SudokuBoard - Wartość 0 wstawiona nieprawidłowo
17:37:11.260 [main] INFO  sudoku.model.SudokuBoard - Bład w kwadracie 0
sudoku.model.SudokuBoard@368424db[
  size=9
  solver=sudoku.model.BacktrackingSudokuSolver@44864536
  board={{9,8,2,4,1,5,6,7,3},{1,3,7,8,6,9,2,4,5},{4,5,6,7,2,3,8,9,1},{5,1,3,9,8,2,4,6,7},{8,2,9,5,4,6,0,0,0},{0,0,0,0,0,0,0,0,0},{0,0,0,0,0,0,0,0,0},{0,0,0,0,0,0,0,0,0},{0,0,0,0,0,0,0,0,0}}
]
17:37:11.260 [main] INFO  sudoku.model.SudokuBoard - Wartość 0 wstawiona nieprawidłowo
17:37:11.260 [main] INFO  sudoku.model.SudokuBoard - Bład w kwadracie 0
sudoku.model.SudokuBoard@368424db[
  size=9
  solver=sudoku.model.BacktrackingSudokuSolver@44864536
  board={{9,8,2,4,1,5,6,7,3},{1,3,7,8,6,9,2,4,5},{4,5,6,7,2,3,8,9,1},{5,1,3,9,8,2,4,6,7},{8,2,9,5,4,0,0,0,0},{0,0,0,0,0,0,0,0,0},{0,0,0,0,0,0,0,0,0},{0,0,0,0,0,0,0,0,0},{0,0,0,0,0,0,0,0,0}}
]
17:37:11.260 [main] INFO  sudoku.model.SudokuBoard - Wartość 0 wstawiona nieprawidłowo
17:37:11.260 [main] INFO  sudoku.model.SudokuBoard - Bład w kwadracie 0
sudoku.model.SudokuBoard@368424db[
  size=9
  solver=sudoku.model.BacktrackingSudokuSolver@44864536
  board={{9,8,2,4,1,5,6,7,3},{1,3,7,8,6,9,2,4,5},{4,5,6,7,2,3,8,9,1},{5,1,3,9,8,2,4,6,7},{8,2,9,5,4,7,1,0,0},{0,0,0,0,0,0,0,0,0},{0,0,0,0,0,0,0,0,0},{0,0,0,0,0,0,0,0,0},{0,0,0,0,0,0,0,0,0}}
]
17:37:11.261 [main] INFO  sudoku.model.SudokuBoard - Wartość 0 wstawiona nieprawidłowo
17:37:11.261 [main] INFO  sudoku.model.SudokuBoard - Bład w kwadracie 0
sudoku.model.SudokuBoard@368424db[
  size=9
  solver=sudoku.model.BacktrackingSudokuSolver@44864536
  board={{9,8,2,4,1,5,6,7,3},{1,3,7,8,6,9,2,4,5},{4,5,6,7,2,3,8,9,1},{5,1,3,9,8,2,4,6,7},{8,2,9,5,4,7,0,0,0},{0,0,0,0,0,0,0,0,0},{0,0,0,0,0,0,0,0,0},{0,0,0,0,0,0,0,0,0},{0,0,0,0,0,0,0,0,0}}
]
17:37:11.261 [main] INFO  sudoku.model.SudokuBoard - Wartość 0 wstawiona nieprawidłowo
17:37:11.261 [main] INFO  sudoku.model.SudokuBoard - Bład w kwadracie 0
sudoku.model.SudokuBoard@368424db[
  size=9
  solver=sudoku.model.BacktrackingSudokuSolver@44864536
  board={{9,8,2,4,1,5,6,7,3},{1,3,7,8,6,9,2,4,5},{4,5,6,7,2,3,8,9,1},{5,1,3,9,8,2,4,6,7},{8,2,9,5,4,7,3,0,0},{0,0,0,0,0,0,0,0,0},{0,0,0,0,0,0,0,0,0},{0,0,0,0,0,0,0,0,0},{0,0,0,0,0,0,0,0,0}}
]
17:37:11.261 [main] INFO  sudoku.model.SudokuBoard - Wartość 0 wstawiona nieprawidłowo
17:37:11.261 [main] INFO  sudoku.model.SudokuBoard - Bład w kwadracie 0
sudoku.model.SudokuBoard@368424db[
  size=9
  solver=sudoku.model.BacktrackingSudokuSolver@44864536
  board={{9,8,2,4,1,5,6,7,3},{1,3,7,8,6,9,2,4,5},{4,5,6,7,2,3,8,9,1},{5,1,3,9,8,2,4,6,7},{8,2,9,5,4,7,0,0,0},{0,0,0,0,0,0,0,0,0},{0,0,0,0,0,0,0,0,0},{0,0,0,0,0,0,0,0,0},{0,0,0,0,0,0,0,0,0}}
]
17:37:11.262 [main] INFO  sudoku.model.SudokuBoard - Wartość 0 wstawiona nieprawidłowo
17:37:11.262 [main] INFO  sudoku.model.SudokuBoard - Bład w kwadracie 0
sudoku.model.SudokuBoard@368424db[
  size=9
  solver=sudoku.model.BacktrackingSudokuSolver@44864536
  board={{9,8,2,4,1,5,6,7,3},{1,3,7,8,6,9,2,4,5},{4,5,6,7,2,3,8,9,1},{5,1,3,9,8,2,4,6,7},{8,2,9,5,4,0,0,0,0},{0,0,0,0,0,0,0,0,0},{0,0,0,0,0,0,0,0,0},{0,0,0,0,0,0,0,0,0},{0,0,0,0,0,0,0,0,0}}
]
17:37:11.262 [main] INFO  sudoku.model.SudokuBoard - Wartość 0 wstawiona nieprawidłowo
17:37:11.262 [main] INFO  sudoku.model.SudokuBoard - Bład w kwadracie 0
sudoku.model.SudokuBoard@368424db[
  size=9
  solver=sudoku.model.BacktrackingSudokuSolver@44864536
  board={{9,8,2,4,1,5,6,7,3},{1,3,7,8,6,9,2,4,5},{4,5,6,7,2,3,8,9,1},{5,1,3,9,8,2,4,6,7},{8,2,9,5,4,1,0,0,0},{0,0,0,0,0,0,0,0,0},{0,0,0,0,0,0,0,0,0},{0,0,0,0,0,0,0,0,0},{0,0,0,0,0,0,0,0,0}}
]
17:37:11.262 [main] INFO  sudoku.model.SudokuBoard - Wartość 0 wstawiona nieprawidłowo
17:37:11.262 [main] INFO  sudoku.model.SudokuBoard - Bład w kwadracie 0
sudoku.model.SudokuBoard@368424db[
  size=9
  solver=sudoku.model.BacktrackingSudokuSolver@44864536
  board={{9,8,2,4,1,5,6,7,3},{1,3,7,8,6,9,2,4,5},{4,5,6,7,2,3,8,9,1},{5,1,3,9,8,2,4,6,7},{8,2,9,5,4,0,0,0,0},{0,0,0,0,0,0,0,0,0},{0,0,0,0,0,0,0,0,0},{0,0,0,0,0,0,0,0,0},{0,0,0,0,0,0,0,0,0}}
]
17:37:11.262 [main] INFO  sudoku.model.SudokuBoard - Wartość 0 wstawiona nieprawidłowo
17:37:11.262 [main] INFO  sudoku.model.SudokuBoard - Bład w kwadracie 0
sudoku.model.SudokuBoard@368424db[
  size=9
  solver=sudoku.model.BacktrackingSudokuSolver@44864536
  board={{9,8,2,4,1,5,6,7,3},{1,3,7,8,6,9,2,4,5},{4,5,6,7,2,3,8,9,1},{5,1,3,9,8,2,4,6,7},{8,2,9,5,0,0,0,0,0},{0,0,0,0,0,0,0,0,0},{0,0,0,0,0,0,0,0,0},{0,0,0,0,0,0,0,0,0},{0,0,0,0,0,0,0,0,0}}
]
17:37:11.262 [main] INFO  sudoku.model.SudokuBoard - Wartość 0 wstawiona nieprawidłowo
17:37:11.262 [main] INFO  sudoku.model.SudokuBoard - Bład w kwadracie 0
sudoku.model.SudokuBoard@368424db[
  size=9
  solver=sudoku.model.BacktrackingSudokuSolver@44864536
  board={{9,8,2,4,1,5,6,7,3},{1,3,7,8,6,9,2,4,5},{4,5,6,7,2,3,8,9,1},{5,1,3,9,8,2,4,6,7},{8,2,9,0,0,0,0,0,0},{0,0,0,0,0,0,0,0,0},{0,0,0,0,0,0,0,0,0},{0,0,0,0,0,0,0,0,0},{0,0,0,0,0,0,0,0,0}}
]
17:37:11.262 [main] INFO  sudoku.model.SudokuBoard - Wartość 0 wstawiona nieprawidłowo
17:37:11.262 [main] INFO  sudoku.model.SudokuBoard - Bład w kwadracie 0
sudoku.model.SudokuBoard@368424db[
  size=9
  solver=sudoku.model.BacktrackingSudokuSolver@44864536
  board={{9,8,2,4,1,5,6,7,3},{1,3,7,8,6,9,2,4,5},{4,5,6,7,2,3,8,9,1},{5,1,3,9,8,2,4,6,7},{8,2,9,6,3,7,1,0,0},{0,0,0,0,0,0,0,0,0},{0,0,0,0,0,0,0,0,0},{0,0,0,0,0,0,0,0,0},{0,0,0,0,0,0,0,0,0}}
]
17:37:11.262 [main] INFO  sudoku.model.SudokuBoard - Wartość 0 wstawiona nieprawidłowo
17:37:11.262 [main] INFO  sudoku.model.SudokuBoard - Bład w kwadracie 0
sudoku.model.SudokuBoard@368424db[
  size=9
  solver=sudoku.model.BacktrackingSudokuSolver@44864536
  board={{9,8,2,4,1,5,6,7,3},{1,3,7,8,6,9,2,4,5},{4,5,6,7,2,3,8,9,1},{5,1,3,9,8,2,4,6,7},{8,2,9,6,3,7,0,0,0},{0,0,0,0,0,0,0,0,0},{0,0,0,0,0,0,0,0,0},{0,0,0,0,0,0,0,0,0},{0,0,0,0,0,0,0,0,0}}
]
17:37:11.263 [main] INFO  sudoku.model.SudokuBoard - Wartość 0 wstawiona nieprawidłowo
17:37:11.263 [main] INFO  sudoku.model.SudokuBoard - Bład w kwadracie 0
sudoku.model.SudokuBoard@368424db[
  size=9
  solver=sudoku.model.BacktrackingSudokuSolver@44864536
  board={{9,8,2,4,1,5,6,7,3},{1,3,7,8,6,9,2,4,5},{4,5,6,7,2,3,8,9,1},{5,1,3,9,8,2,4,6,7},{8,2,9,6,3,7,5,0,0},{0,0,0,0,0,0,0,0,0},{0,0,0,0,0,0,0,0,0},{0,0,0,0,0,0,0,0,0},{0,0,0,0,0,0,0,0,0}}
]
17:37:11.263 [main] INFO  sudoku.model.SudokuBoard - Wartość 0 wstawiona nieprawidłowo
17:37:11.263 [main] INFO  sudoku.model.SudokuBoard - Bład w kwadracie 0
sudoku.model.SudokuBoard@368424db[
  size=9
  solver=sudoku.model.BacktrackingSudokuSolver@44864536
  board={{9,8,2,4,1,5,6,7,3},{1,3,7,8,6,9,2,4,5},{4,5,6,7,2,3,8,9,1},{5,1,3,9,8,2,4,6,7},{8,2,9,6,3,7,0,0,0},{0,0,0,0,0,0,0,0,0},{0,0,0,0,0,0,0,0,0},{0,0,0,0,0,0,0,0,0},{0,0,0,0,0,0,0,0,0}}
]
17:37:11.263 [main] INFO  sudoku.model.SudokuBoard - Wartość 0 wstawiona nieprawidłowo
17:37:11.263 [main] INFO  sudoku.model.SudokuBoard - Bład w kwadracie 0
sudoku.model.SudokuBoard@368424db[
  size=9
  solver=sudoku.model.BacktrackingSudokuSolver@44864536
  board={{9,8,2,4,1,5,6,7,3},{1,3,7,8,6,9,2,4,5},{4,5,6,7,2,3,8,9,1},{5,1,3,9,8,2,4,6,7},{8,2,9,6,3,0,0,0,0},{0,0,0,0,0,0,0,0,0},{0,0,0,0,0,0,0,0,0},{0,0,0,0,0,0,0,0,0},{0,0,0,0,0,0,0,0,0}}
]
17:37:11.263 [main] INFO  sudoku.model.SudokuBoard - Wartość 0 wstawiona nieprawidłowo
17:37:11.263 [main] INFO  sudoku.model.SudokuBoard - Bład w kwadracie 0
sudoku.model.SudokuBoard@368424db[
  size=9
  solver=sudoku.model.BacktrackingSudokuSolver@44864536
  board={{9,8,2,4,1,5,6,7,3},{1,3,7,8,6,9,2,4,5},{4,5,6,7,2,3,8,9,1},{5,1,3,9,8,2,4,6,7},{8,2,9,6,3,1,0,0,0},{0,0,0,0,0,0,0,0,0},{0,0,0,0,0,0,0,0,0},{0,0,0,0,0,0,0,0,0},{0,0,0,0,0,0,0,0,0}}
]
17:37:11.263 [main] INFO  sudoku.model.SudokuBoard - Wartość 0 wstawiona nieprawidłowo
17:37:11.263 [main] INFO  sudoku.model.SudokuBoard - Bład w kwadracie 0
sudoku.model.SudokuBoard@368424db[
  size=9
  solver=sudoku.model.BacktrackingSudokuSolver@44864536
  board={{9,8,2,4,1,5,6,7,3},{1,3,7,8,6,9,2,4,5},{4,5,6,7,2,3,8,9,1},{5,1,3,9,8,2,4,6,7},{8,2,9,6,3,0,0,0,0},{0,0,0,0,0,0,0,0,0},{0,0,0,0,0,0,0,0,0},{0,0,0,0,0,0,0,0,0},{0,0,0,0,0,0,0,0,0}}
]
17:37:11.263 [main] INFO  sudoku.model.SudokuBoard - Wartość 0 wstawiona nieprawidłowo
17:37:11.263 [main] INFO  sudoku.model.SudokuBoard - Bład w kwadracie 0
sudoku.model.SudokuBoard@368424db[
  size=9
  solver=sudoku.model.BacktrackingSudokuSolver@44864536
  board={{9,8,2,4,1,5,6,7,3},{1,3,7,8,6,9,2,4,5},{4,5,6,7,2,3,8,9,1},{5,1,3,9,8,2,4,6,7},{8,2,9,6,3,4,5,0,0},{0,0,0,0,0,0,0,0,0},{0,0,0,0,0,0,0,0,0},{0,0,0,0,0,0,0,0,0},{0,0,0,0,0,0,0,0,0}}
]
17:37:11.263 [main] INFO  sudoku.model.SudokuBoard - Wartość 0 wstawiona nieprawidłowo
17:37:11.264 [main] INFO  sudoku.model.SudokuBoard - Bład w kwadracie 0
sudoku.model.SudokuBoard@368424db[
  size=9
  solver=sudoku.model.BacktrackingSudokuSolver@44864536
  board={{9,8,2,4,1,5,6,7,3},{1,3,7,8,6,9,2,4,5},{4,5,6,7,2,3,8,9,1},{5,1,3,9,8,2,4,6,7},{8,2,9,6,3,4,0,0,0},{0,0,0,0,0,0,0,0,0},{0,0,0,0,0,0,0,0,0},{0,0,0,0,0,0,0,0,0},{0,0,0,0,0,0,0,0,0}}
]
17:37:11.264 [main] INFO  sudoku.model.SudokuBoard - Wartość 0 wstawiona nieprawidłowo
17:37:11.264 [main] INFO  sudoku.model.SudokuBoard - Bład w kwadracie 0
sudoku.model.SudokuBoard@368424db[
  size=9
  solver=sudoku.model.BacktrackingSudokuSolver@44864536
  board={{9,8,2,4,1,5,6,7,3},{1,3,7,8,6,9,2,4,5},{4,5,6,7,2,3,8,9,1},{5,1,3,9,8,2,4,6,7},{8,2,9,6,3,4,1,0,0},{0,0,0,0,0,0,0,0,0},{0,0,0,0,0,0,0,0,0},{0,0,0,0,0,0,0,0,0},{0,0,0,0,0,0,0,0,0}}
]
17:37:11.264 [main] INFO  sudoku.model.SudokuBoard - Wartość 0 wstawiona nieprawidłowo
17:37:11.264 [main] INFO  sudoku.model.SudokuBoard - Bład w kwadracie 0
sudoku.model.SudokuBoard@368424db[
  size=9
  solver=sudoku.model.BacktrackingSudokuSolver@44864536
  board={{9,8,2,4,1,5,6,7,3},{1,3,7,8,6,9,2,4,5},{4,5,6,7,2,3,8,9,1},{5,1,3,9,8,2,4,6,7},{8,2,9,6,3,4,0,0,0},{0,0,0,0,0,0,0,0,0},{0,0,0,0,0,0,0,0,0},{0,0,0,0,0,0,0,0,0},{0,0,0,0,0,0,0,0,0}}
]
17:37:11.264 [main] INFO  sudoku.model.SudokuBoard - Wartość 0 wstawiona nieprawidłowo
17:37:11.264 [main] INFO  sudoku.model.SudokuBoard - Bład w kwadracie 0
sudoku.model.SudokuBoard@368424db[
  size=9
  solver=sudoku.model.BacktrackingSudokuSolver@44864536
  board={{9,8,2,4,1,5,6,7,3},{1,3,7,8,6,9,2,4,5},{4,5,6,7,2,3,8,9,1},{5,1,3,9,8,2,4,6,7},{8,2,9,6,3,0,0,0,0},{0,0,0,0,0,0,0,0,0},{0,0,0,0,0,0,0,0,0},{0,0,0,0,0,0,0,0,0},{0,0,0,0,0,0,0,0,0}}
]
17:37:11.264 [main] INFO  sudoku.model.SudokuBoard - Wartość 0 wstawiona nieprawidłowo
17:37:11.264 [main] INFO  sudoku.model.SudokuBoard - Bład w kwadracie 0
sudoku.model.SudokuBoard@368424db[
  size=9
  solver=sudoku.model.BacktrackingSudokuSolver@44864536
  board={{9,8,2,4,1,5,6,7,3},{1,3,7,8,6,9,2,4,5},{4,5,6,7,2,3,8,9,1},{5,1,3,9,8,2,4,6,7},{8,2,9,6,0,0,0,0,0},{0,0,0,0,0,0,0,0,0},{0,0,0,0,0,0,0,0,0},{0,0,0,0,0,0,0,0,0},{0,0,0,0,0,0,0,0,0}}
]
17:37:11.264 [main] INFO  sudoku.model.SudokuBoard - Wartość 0 wstawiona nieprawidłowo
17:37:11.264 [main] INFO  sudoku.model.SudokuBoard - Bład w kwadracie 0
sudoku.model.SudokuBoard@368424db[
  size=9
  solver=sudoku.model.BacktrackingSudokuSolver@44864536
  board={{9,8,2,4,1,5,6,7,3},{1,3,7,8,6,9,2,4,5},{4,5,6,7,2,3,8,9,1},{5,1,3,9,8,2,4,6,7},{8,2,9,6,4,7,5,0,0},{0,0,0,0,0,0,0,0,0},{0,0,0,0,0,0,0,0,0},{0,0,0,0,0,0,0,0,0},{0,0,0,0,0,0,0,0,0}}
]
17:37:11.264 [main] INFO  sudoku.model.SudokuBoard - Wartość 0 wstawiona nieprawidłowo
17:37:11.264 [main] INFO  sudoku.model.SudokuBoard - Bład w kwadracie 0
sudoku.model.SudokuBoard@368424db[
  size=9
  solver=sudoku.model.BacktrackingSudokuSolver@44864536
  board={{9,8,2,4,1,5,6,7,3},{1,3,7,8,6,9,2,4,5},{4,5,6,7,2,3,8,9,1},{5,1,3,9,8,2,4,6,7},{8,2,9,6,4,7,5,0,0},{0,0,0,0,0,0,0,0,0},{0,0,0,0,0,0,0,0,0},{0,0,0,0,0,0,0,0,0},{0,0,0,0,0,0,0,0,0}}
]
17:37:11.264 [main] INFO  sudoku.model.SudokuBoard - Wartość 0 wstawiona nieprawidłowo
17:37:11.264 [main] INFO  sudoku.model.SudokuBoard - Bład w kwadracie 0
sudoku.model.SudokuBoard@368424db[
  size=9
  solver=sudoku.model.BacktrackingSudokuSolver@44864536
  board={{9,8,2,4,1,5,6,7,3},{1,3,7,8,6,9,2,4,5},{4,5,6,7,2,3,8,9,1},{5,1,3,9,8,2,4,6,7},{8,2,9,6,4,7,0,0,0},{0,0,0,0,0,0,0,0,0},{0,0,0,0,0,0,0,0,0},{0,0,0,0,0,0,0,0,0},{0,0,0,0,0,0,0,0,0}}
]
17:37:11.265 [main] INFO  sudoku.model.SudokuBoard - Wartość 0 wstawiona nieprawidłowo
17:37:11.265 [main] INFO  sudoku.model.SudokuBoard - Bład w kwadracie 0
sudoku.model.SudokuBoard@368424db[
  size=9
  solver=sudoku.model.BacktrackingSudokuSolver@44864536
  board={{9,8,2,4,1,5,6,7,3},{1,3,7,8,6,9,2,4,5},{4,5,6,7,2,3,8,9,1},{5,1,3,9,8,2,4,6,7},{8,2,9,6,4,7,1,0,0},{0,0,0,0,0,0,0,0,0},{0,0,0,0,0,0,0,0,0},{0,0,0,0,0,0,0,0,0},{0,0,0,0,0,0,0,0,0}}
]
17:37:11.265 [main] INFO  sudoku.model.SudokuBoard - Wartość 0 wstawiona nieprawidłowo
17:37:11.265 [main] INFO  sudoku.model.SudokuBoard - Bład w kwadracie 0
sudoku.model.SudokuBoard@368424db[
  size=9
  solver=sudoku.model.BacktrackingSudokuSolver@44864536
  board={{9,8,2,4,1,5,6,7,3},{1,3,7,8,6,9,2,4,5},{4,5,6,7,2,3,8,9,1},{5,1,3,9,8,2,4,6,7},{8,2,9,6,4,7,1,0,0},{0,0,0,0,0,0,0,0,0},{0,0,0,0,0,0,0,0,0},{0,0,0,0,0,0,0,0,0},{0,0,0,0,0,0,0,0,0}}
]
17:37:11.265 [main] INFO  sudoku.model.SudokuBoard - Wartość 0 wstawiona nieprawidłowo
17:37:11.265 [main] INFO  sudoku.model.SudokuBoard - Bład w kwadracie 0
sudoku.model.SudokuBoard@368424db[
  size=9
  solver=sudoku.model.BacktrackingSudokuSolver@44864536
  board={{9,8,2,4,1,5,6,7,3},{1,3,7,8,6,9,2,4,5},{4,5,6,7,2,3,8,9,1},{5,1,3,9,8,2,4,6,7},{8,2,9,6,4,7,0,0,0},{0,0,0,0,0,0,0,0,0},{0,0,0,0,0,0,0,0,0},{0,0,0,0,0,0,0,0,0},{0,0,0,0,0,0,0,0,0}}
]
17:37:11.265 [main] INFO  sudoku.model.SudokuBoard - Wartość 0 wstawiona nieprawidłowo
17:37:11.265 [main] INFO  sudoku.model.SudokuBoard - Bład w kwadracie 0
sudoku.model.SudokuBoard@368424db[
  size=9
  solver=sudoku.model.BacktrackingSudokuSolver@44864536
  board={{9,8,2,4,1,5,6,7,3},{1,3,7,8,6,9,2,4,5},{4,5,6,7,2,3,8,9,1},{5,1,3,9,8,2,4,6,7},{8,2,9,6,4,7,3,0,0},{0,0,0,0,0,0,0,0,0},{0,0,0,0,0,0,0,0,0},{0,0,0,0,0,0,0,0,0},{0,0,0,0,0,0,0,0,0}}
]
17:37:11.265 [main] INFO  sudoku.model.SudokuBoard - Wartość 0 wstawiona nieprawidłowo
17:37:11.265 [main] INFO  sudoku.model.SudokuBoard - Bład w kwadracie 0
sudoku.model.SudokuBoard@368424db[
  size=9
  solver=sudoku.model.BacktrackingSudokuSolver@44864536
  board={{9,8,2,4,1,5,6,7,3},{1,3,7,8,6,9,2,4,5},{4,5,6,7,2,3,8,9,1},{5,1,3,9,8,2,4,6,7},{8,2,9,6,4,7,3,0,0},{0,0,0,0,0,0,0,0,0},{0,0,0,0,0,0,0,0,0},{0,0,0,0,0,0,0,0,0},{0,0,0,0,0,0,0,0,0}}
]
17:37:11.265 [main] INFO  sudoku.model.SudokuBoard - Wartość 0 wstawiona nieprawidłowo
17:37:11.265 [main] INFO  sudoku.model.SudokuBoard - Bład w kwadracie 0
sudoku.model.SudokuBoard@368424db[
  size=9
  solver=sudoku.model.BacktrackingSudokuSolver@44864536
  board={{9,8,2,4,1,5,6,7,3},{1,3,7,8,6,9,2,4,5},{4,5,6,7,2,3,8,9,1},{5,1,3,9,8,2,4,6,7},{8,2,9,6,4,7,0,0,0},{0,0,0,0,0,0,0,0,0},{0,0,0,0,0,0,0,0,0},{0,0,0,0,0,0,0,0,0},{0,0,0,0,0,0,0,0,0}}
]
17:37:11.265 [main] INFO  sudoku.model.SudokuBoard - Wartość 0 wstawiona nieprawidłowo
17:37:11.265 [main] INFO  sudoku.model.SudokuBoard - Bład w kwadracie 0
sudoku.model.SudokuBoard@368424db[
  size=9
  solver=sudoku.model.BacktrackingSudokuSolver@44864536
  board={{9,8,2,4,1,5,6,7,3},{1,3,7,8,6,9,2,4,5},{4,5,6,7,2,3,8,9,1},{5,1,3,9,8,2,4,6,7},{8,2,9,6,4,0,0,0,0},{0,0,0,0,0,0,0,0,0},{0,0,0,0,0,0,0,0,0},{0,0,0,0,0,0,0,0,0},{0,0,0,0,0,0,0,0,0}}
]
17:37:11.265 [main] INFO  sudoku.model.SudokuBoard - Wartość 0 wstawiona nieprawidłowo
17:37:11.266 [main] INFO  sudoku.model.SudokuBoard - Bład w kwadracie 0
sudoku.model.SudokuBoard@368424db[
  size=9
  solver=sudoku.model.BacktrackingSudokuSolver@44864536
  board={{9,8,2,4,1,5,6,7,3},{1,3,7,8,6,9,2,4,5},{4,5,6,7,2,3,8,9,1},{5,1,3,9,8,2,4,6,7},{8,2,9,6,4,1,3,0,0},{0,0,0,0,0,0,0,0,0},{0,0,0,0,0,0,0,0,0},{0,0,0,0,0,0,0,0,0},{0,0,0,0,0,0,0,0,0}}
]
17:37:11.266 [main] INFO  sudoku.model.SudokuBoard - Wartość 0 wstawiona nieprawidłowo
17:37:11.266 [main] INFO  sudoku.model.SudokuBoard - Bład w kwadracie 0
sudoku.model.SudokuBoard@368424db[
  size=9
  solver=sudoku.model.BacktrackingSudokuSolver@44864536
  board={{9,8,2,4,1,5,6,7,3},{1,3,7,8,6,9,2,4,5},{4,5,6,7,2,3,8,9,1},{5,1,3,9,8,2,4,6,7},{8,2,9,6,4,1,0,0,0},{0,0,0,0,0,0,0,0,0},{0,0,0,0,0,0,0,0,0},{0,0,0,0,0,0,0,0,0},{0,0,0,0,0,0,0,0,0}}
]
17:37:11.266 [main] INFO  sudoku.model.SudokuBoard - Wartość 0 wstawiona nieprawidłowo
17:37:11.266 [main] INFO  sudoku.model.SudokuBoard - Bład w kwadracie 0
sudoku.model.SudokuBoard@368424db[
  size=9
  solver=sudoku.model.BacktrackingSudokuSolver@44864536
  board={{9,8,2,4,1,5,6,7,3},{1,3,7,8,6,9,2,4,5},{4,5,6,7,2,3,8,9,1},{5,1,3,9,8,2,4,6,7},{8,2,9,6,4,1,5,0,0},{0,0,0,0,0,0,0,0,0},{0,0,0,0,0,0,0,0,0},{0,0,0,0,0,0,0,0,0},{0,0,0,0,0,0,0,0,0}}
]
17:37:11.266 [main] INFO  sudoku.model.SudokuBoard - Wartość 0 wstawiona nieprawidłowo
17:37:11.266 [main] INFO  sudoku.model.SudokuBoard - Bład w kwadracie 0
sudoku.model.SudokuBoard@368424db[
  size=9
  solver=sudoku.model.BacktrackingSudokuSolver@44864536
  board={{9,8,2,4,1,5,6,7,3},{1,3,7,8,6,9,2,4,5},{4,5,6,7,2,3,8,9,1},{5,1,3,9,8,2,4,6,7},{8,2,9,6,4,1,0,0,0},{0,0,0,0,0,0,0,0,0},{0,0,0,0,0,0,0,0,0},{0,0,0,0,0,0,0,0,0},{0,0,0,0,0,0,0,0,0}}
]
17:37:11.266 [main] INFO  sudoku.model.SudokuBoard - Wartość 0 wstawiona nieprawidłowo
17:37:11.266 [main] INFO  sudoku.model.SudokuBoard - Bład w kwadracie 0
sudoku.model.SudokuBoard@368424db[
  size=9
  solver=sudoku.model.BacktrackingSudokuSolver@44864536
  board={{9,8,2,4,1,5,6,7,3},{1,3,7,8,6,9,2,4,5},{4,5,6,7,2,3,8,9,1},{5,1,3,9,8,2,4,6,7},{8,2,9,6,4,0,0,0,0},{0,0,0,0,0,0,0,0,0},{0,0,0,0,0,0,0,0,0},{0,0,0,0,0,0,0,0,0},{0,0,0,0,0,0,0,0,0}}
]
17:37:11.266 [main] INFO  sudoku.model.SudokuBoard - Wartość 0 wstawiona nieprawidłowo
17:37:11.266 [main] INFO  sudoku.model.SudokuBoard - Bład w kwadracie 0
sudoku.model.SudokuBoard@368424db[
  size=9
  solver=sudoku.model.BacktrackingSudokuSolver@44864536
  board={{9,8,2,4,1,5,6,7,3},{1,3,7,8,6,9,2,4,5},{4,5,6,7,2,3,8,9,1},{5,1,3,9,8,2,4,6,7},{8,2,9,6,0,0,0,0,0},{0,0,0,0,0,0,0,0,0},{0,0,0,0,0,0,0,0,0},{0,0,0,0,0,0,0,0,0},{0,0,0,0,0,0,0,0,0}}
]
17:37:11.266 [main] INFO  sudoku.model.SudokuBoard - Wartość 0 wstawiona nieprawidłowo
17:37:11.266 [main] INFO  sudoku.model.SudokuBoard - Bład w kwadracie 0
sudoku.model.SudokuBoard@368424db[
  size=9
  solver=sudoku.model.BacktrackingSudokuSolver@44864536
  board={{9,8,2,4,1,5,6,7,3},{1,3,7,8,6,9,2,4,5},{4,5,6,7,2,3,8,9,1},{5,1,3,9,8,2,4,6,7},{8,2,9,6,5,4,1,0,0},{0,0,0,0,0,0,0,0,0},{0,0,0,0,0,0,0,0,0},{0,0,0,0,0,0,0,0,0},{0,0,0,0,0,0,0,0,0}}
]
17:37:11.266 [main] INFO  sudoku.model.SudokuBoard - Wartość 0 wstawiona nieprawidłowo
17:37:11.266 [main] INFO  sudoku.model.SudokuBoard - Bład w kwadracie 0
sudoku.model.SudokuBoard@368424db[
  size=9
  solver=sudoku.model.BacktrackingSudokuSolver@44864536
  board={{9,8,2,4,1,5,6,7,3},{1,3,7,8,6,9,2,4,5},{4,5,6,7,2,3,8,9,1},{5,1,3,9,8,2,4,6,7},{8,2,9,6,5,4,0,0,0},{0,0,0,0,0,0,0,0,0},{0,0,0,0,0,0,0,0,0},{0,0,0,0,0,0,0,0,0},{0,0,0,0,0,0,0,0,0}}
]
17:37:11.266 [main] INFO  sudoku.model.SudokuBoard - Wartość 0 wstawiona nieprawidłowo
17:37:11.267 [main] INFO  sudoku.model.SudokuBoard - Bład w kwadracie 0
sudoku.model.SudokuBoard@368424db[
  size=9
  solver=sudoku.model.BacktrackingSudokuSolver@44864536
  board={{9,8,2,4,1,5,6,7,3},{1,3,7,8,6,9,2,4,5},{4,5,6,7,2,3,8,9,1},{5,1,3,9,8,2,4,6,7},{8,2,9,6,5,4,3,0,0},{0,0,0,0,0,0,0,0,0},{0,0,0,0,0,0,0,0,0},{0,0,0,0,0,0,0,0,0},{0,0,0,0,0,0,0,0,0}}
]
17:37:11.267 [main] INFO  sudoku.model.SudokuBoard - Wartość 0 wstawiona nieprawidłowo
17:37:11.267 [main] INFO  sudoku.model.SudokuBoard - Bład w kwadracie 0
sudoku.model.SudokuBoard@368424db[
  size=9
  solver=sudoku.model.BacktrackingSudokuSolver@44864536
  board={{9,8,2,4,1,5,6,7,3},{1,3,7,8,6,9,2,4,5},{4,5,6,7,2,3,8,9,1},{5,1,3,9,8,2,4,6,7},{8,2,9,6,5,4,0,0,0},{0,0,0,0,0,0,0,0,0},{0,0,0,0,0,0,0,0,0},{0,0,0,0,0,0,0,0,0},{0,0,0,0,0,0,0,0,0}}
]
17:37:11.267 [main] INFO  sudoku.model.SudokuBoard - Wartość 0 wstawiona nieprawidłowo
17:37:11.267 [main] INFO  sudoku.model.SudokuBoard - Bład w kwadracie 0
sudoku.model.SudokuBoard@368424db[
  size=9
  solver=sudoku.model.BacktrackingSudokuSolver@44864536
  board={{9,8,2,4,1,5,6,7,3},{1,3,7,8,6,9,2,4,5},{4,5,6,7,2,3,8,9,1},{5,1,3,9,8,2,4,6,7},{8,2,9,6,5,0,0,0,0},{0,0,0,0,0,0,0,0,0},{0,0,0,0,0,0,0,0,0},{0,0,0,0,0,0,0,0,0},{0,0,0,0,0,0,0,0,0}}
]
17:37:11.267 [main] INFO  sudoku.model.SudokuBoard - Wartość 0 wstawiona nieprawidłowo
17:37:11.267 [main] INFO  sudoku.model.SudokuBoard - Bład w kwadracie 0
sudoku.model.SudokuBoard@368424db[
  size=9
  solver=sudoku.model.BacktrackingSudokuSolver@44864536
  board={{9,8,2,4,1,5,6,7,3},{1,3,7,8,6,9,2,4,5},{4,5,6,7,2,3,8,9,1},{5,1,3,9,8,2,4,6,7},{8,2,9,6,5,7,1,0,0},{0,0,0,0,0,0,0,0,0},{0,0,0,0,0,0,0,0,0},{0,0,0,0,0,0,0,0,0},{0,0,0,0,0,0,0,0,0}}
]
17:37:11.267 [main] INFO  sudoku.model.SudokuBoard - Wartość 0 wstawiona nieprawidłowo
17:37:11.267 [main] INFO  sudoku.model.SudokuBoard - Bład w kwadracie 0
sudoku.model.SudokuBoard@368424db[
  size=9
  solver=sudoku.model.BacktrackingSudokuSolver@44864536
  board={{9,8,2,4,1,5,6,7,3},{1,3,7,8,6,9,2,4,5},{4,5,6,7,2,3,8,9,1},{5,1,3,9,8,2,4,6,7},{8,2,9,6,5,7,0,0,0},{0,0,0,0,0,0,0,0,0},{0,0,0,0,0,0,0,0,0},{0,0,0,0,0,0,0,0,0},{0,0,0,0,0,0,0,0,0}}
]
17:37:11.267 [main] INFO  sudoku.model.SudokuBoard - Wartość 0 wstawiona nieprawidłowo
17:37:11.267 [main] INFO  sudoku.model.SudokuBoard - Bład w kwadracie 0
sudoku.model.SudokuBoard@368424db[
  size=9
  solver=sudoku.model.BacktrackingSudokuSolver@44864536
  board={{9,8,2,4,1,5,6,7,3},{1,3,7,8,6,9,2,4,5},{4,5,6,7,2,3,8,9,1},{5,1,3,9,8,2,4,6,7},{8,2,9,6,5,7,3,0,0},{0,0,0,0,0,0,0,0,0},{0,0,0,0,0,0,0,0,0},{0,0,0,0,0,0,0,0,0},{0,0,0,0,0,0,0,0,0}}
]
17:37:11.267 [main] INFO  sudoku.model.SudokuBoard - Wartość 0 wstawiona nieprawidłowo
17:37:11.267 [main] INFO  sudoku.model.SudokuBoard - Bład w kwadracie 0
sudoku.model.SudokuBoard@368424db[
  size=9
  solver=sudoku.model.BacktrackingSudokuSolver@44864536
  board={{9,8,2,4,1,5,6,7,3},{1,3,7,8,6,9,2,4,5},{4,5,6,7,2,3,8,9,1},{5,1,3,9,8,2,4,6,7},{8,2,9,6,5,7,0,0,0},{0,0,0,0,0,0,0,0,0},{0,0,0,0,0,0,0,0,0},{0,0,0,0,0,0,0,0,0},{0,0,0,0,0,0,0,0,0}}
]
17:37:11.267 [main] INFO  sudoku.model.SudokuBoard - Wartość 0 wstawiona nieprawidłowo
17:37:11.267 [main] INFO  sudoku.model.SudokuBoard - Bład w kwadracie 0
sudoku.model.SudokuBoard@368424db[
  size=9
  solver=sudoku.model.BacktrackingSudokuSolver@44864536
  board={{9,8,2,4,1,5,6,7,3},{1,3,7,8,6,9,2,4,5},{4,5,6,7,2,3,8,9,1},{5,1,3,9,8,2,4,6,7},{8,2,9,6,5,0,0,0,0},{0,0,0,0,0,0,0,0,0},{0,0,0,0,0,0,0,0,0},{0,0,0,0,0,0,0,0,0},{0,0,0,0,0,0,0,0,0}}
]
17:37:11.267 [main] INFO  sudoku.model.SudokuBoard - Wartość 0 wstawiona nieprawidłowo
17:37:11.268 [main] INFO  sudoku.model.SudokuBoard - Bład w kwadracie 0
sudoku.model.SudokuBoard@368424db[
  size=9
  solver=sudoku.model.BacktrackingSudokuSolver@44864536
  board={{9,8,2,4,1,5,6,7,3},{1,3,7,8,6,9,2,4,5},{4,5,6,7,2,3,8,9,1},{5,1,3,9,8,2,4,6,7},{8,2,9,6,5,1,0,0,0},{0,0,0,0,0,0,0,0,0},{0,0,0,0,0,0,0,0,0},{0,0,0,0,0,0,0,0,0},{0,0,0,0,0,0,0,0,0}}
]
17:37:11.268 [main] INFO  sudoku.model.SudokuBoard - Wartość 0 wstawiona nieprawidłowo
17:37:11.268 [main] INFO  sudoku.model.SudokuBoard - Bład w kwadracie 0
sudoku.model.SudokuBoard@368424db[
  size=9
  solver=sudoku.model.BacktrackingSudokuSolver@44864536
  board={{9,8,2,4,1,5,6,7,3},{1,3,7,8,6,9,2,4,5},{4,5,6,7,2,3,8,9,1},{5,1,3,9,8,2,4,6,7},{8,2,9,6,5,0,0,0,0},{0,0,0,0,0,0,0,0,0},{0,0,0,0,0,0,0,0,0},{0,0,0,0,0,0,0,0,0},{0,0,0,0,0,0,0,0,0}}
]
17:37:11.268 [main] INFO  sudoku.model.SudokuBoard - Wartość 0 wstawiona nieprawidłowo
17:37:11.268 [main] INFO  sudoku.model.SudokuBoard - Bład w kwadracie 0
sudoku.model.SudokuBoard@368424db[
  size=9
  solver=sudoku.model.BacktrackingSudokuSolver@44864536
  board={{9,8,2,4,1,5,6,7,3},{1,3,7,8,6,9,2,4,5},{4,5,6,7,2,3,8,9,1},{5,1,3,9,8,2,4,6,7},{8,2,9,6,0,0,0,0,0},{0,0,0,0,0,0,0,0,0},{0,0,0,0,0,0,0,0,0},{0,0,0,0,0,0,0,0,0},{0,0,0,0,0,0,0,0,0}}
]
17:37:11.268 [main] INFO  sudoku.model.SudokuBoard - Wartość 0 wstawiona nieprawidłowo
17:37:11.268 [main] INFO  sudoku.model.SudokuBoard - Bład w kwadracie 0
sudoku.model.SudokuBoard@368424db[
  size=9
  solver=sudoku.model.BacktrackingSudokuSolver@44864536
  board={{9,8,2,4,1,5,6,7,3},{1,3,7,8,6,9,2,4,5},{4,5,6,7,2,3,8,9,1},{5,1,3,9,8,2,4,6,7},{8,2,9,6,7,1,3,0,0},{0,0,0,0,0,0,0,0,0},{0,0,0,0,0,0,0,0,0},{0,0,0,0,0,0,0,0,0},{0,0,0,0,0,0,0,0,0}}
]
17:37:11.268 [main] INFO  sudoku.model.SudokuBoard - Wartość 0 wstawiona nieprawidłowo
17:37:11.268 [main] INFO  sudoku.model.SudokuBoard - Bład w kwadracie 0
sudoku.model.SudokuBoard@368424db[
  size=9
  solver=sudoku.model.BacktrackingSudokuSolver@44864536
  board={{9,8,2,4,1,5,6,7,3},{1,3,7,8,6,9,2,4,5},{4,5,6,7,2,3,8,9,1},{5,1,3,9,8,2,4,6,7},{8,2,9,6,7,1,0,0,0},{0,0,0,0,0,0,0,0,0},{0,0,0,0,0,0,0,0,0},{0,0,0,0,0,0,0,0,0},{0,0,0,0,0,0,0,0,0}}
]
17:37:11.268 [main] INFO  sudoku.model.SudokuBoard - Wartość 0 wstawiona nieprawidłowo
17:37:11.268 [main] INFO  sudoku.model.SudokuBoard - Bład w kwadracie 0
sudoku.model.SudokuBoard@368424db[
  size=9
  solver=sudoku.model.BacktrackingSudokuSolver@44864536
  board={{9,8,2,4,1,5,6,7,3},{1,3,7,8,6,9,2,4,5},{4,5,6,7,2,3,8,9,1},{5,1,3,9,8,2,4,6,7},{8,2,9,6,7,1,5,0,0},{0,0,0,0,0,0,0,0,0},{0,0,0,0,0,0,0,0,0},{0,0,0,0,0,0,0,0,0},{0,0,0,0,0,0,0,0,0}}
]
17:37:11.268 [main] INFO  sudoku.model.SudokuBoard - Wartość 0 wstawiona nieprawidłowo
17:37:11.268 [main] INFO  sudoku.model.SudokuBoard - Bład w kwadracie 0
sudoku.model.SudokuBoard@368424db[
  size=9
  solver=sudoku.model.BacktrackingSudokuSolver@44864536
  board={{9,8,2,4,1,5,6,7,3},{1,3,7,8,6,9,2,4,5},{4,5,6,7,2,3,8,9,1},{5,1,3,9,8,2,4,6,7},{8,2,9,6,7,1,0,0,0},{0,0,0,0,0,0,0,0,0},{0,0,0,0,0,0,0,0,0},{0,0,0,0,0,0,0,0,0},{0,0,0,0,0,0,0,0,0}}
]
17:37:11.268 [main] INFO  sudoku.model.SudokuBoard - Wartość 0 wstawiona nieprawidłowo
17:37:11.268 [main] INFO  sudoku.model.SudokuBoard - Bład w kwadracie 0
sudoku.model.SudokuBoard@368424db[
  size=9
  solver=sudoku.model.BacktrackingSudokuSolver@44864536
  board={{9,8,2,4,1,5,6,7,3},{1,3,7,8,6,9,2,4,5},{4,5,6,7,2,3,8,9,1},{5,1,3,9,8,2,4,6,7},{8,2,9,6,7,0,0,0,0},{0,0,0,0,0,0,0,0,0},{0,0,0,0,0,0,0,0,0},{0,0,0,0,0,0,0,0,0},{0,0,0,0,0,0,0,0,0}}
]
17:37:11.269 [main] INFO  sudoku.model.SudokuBoard - Wartość 0 wstawiona nieprawidłowo
17:37:11.269 [main] INFO  sudoku.model.SudokuBoard - Bład w kwadracie 0
sudoku.model.SudokuBoard@368424db[
  size=9
  solver=sudoku.model.BacktrackingSudokuSolver@44864536
  board={{9,8,2,4,1,5,6,7,3},{1,3,7,8,6,9,2,4,5},{4,5,6,7,2,3,8,9,1},{5,1,3,9,8,2,4,6,7},{8,2,9,6,7,4,1,0,0},{0,0,0,0,0,0,0,0,0},{0,0,0,0,0,0,0,0,0},{0,0,0,0,0,0,0,0,0},{0,0,0,0,0,0,0,0,0}}
]
17:37:11.269 [main] INFO  sudoku.model.SudokuBoard - Wartość 0 wstawiona nieprawidłowo
17:37:11.269 [main] INFO  sudoku.model.SudokuBoard - Bład w kwadracie 0
sudoku.model.SudokuBoard@368424db[
  size=9
  solver=sudoku.model.BacktrackingSudokuSolver@44864536
  board={{9,8,2,4,1,5,6,7,3},{1,3,7,8,6,9,2,4,5},{4,5,6,7,2,3,8,9,1},{5,1,3,9,8,2,4,6,7},{8,2,9,6,7,4,1,0,0},{0,0,0,0,0,0,0,0,0},{0,0,0,0,0,0,0,0,0},{0,0,0,0,0,0,0,0,0},{0,0,0,0,0,0,0,0,0}}
]
17:37:11.269 [main] INFO  sudoku.model.SudokuBoard - Wartość 0 wstawiona nieprawidłowo
17:37:11.269 [main] INFO  sudoku.model.SudokuBoard - Bład w kwadracie 0
sudoku.model.SudokuBoard@368424db[
  size=9
  solver=sudoku.model.BacktrackingSudokuSolver@44864536
  board={{9,8,2,4,1,5,6,7,3},{1,3,7,8,6,9,2,4,5},{4,5,6,7,2,3,8,9,1},{5,1,3,9,8,2,4,6,7},{8,2,9,6,7,4,0,0,0},{0,0,0,0,0,0,0,0,0},{0,0,0,0,0,0,0,0,0},{0,0,0,0,0,0,0,0,0},{0,0,0,0,0,0,0,0,0}}
]
17:37:11.269 [main] INFO  sudoku.model.SudokuBoard - Wartość 0 wstawiona nieprawidłowo
17:37:11.269 [main] INFO  sudoku.model.SudokuBoard - Bład w kwadracie 0
sudoku.model.SudokuBoard@368424db[
  size=9
  solver=sudoku.model.BacktrackingSudokuSolver@44864536
  board={{9,8,2,4,1,5,6,7,3},{1,3,7,8,6,9,2,4,5},{4,5,6,7,2,3,8,9,1},{5,1,3,9,8,2,4,6,7},{8,2,9,6,7,4,3,0,0},{0,0,0,0,0,0,0,0,0},{0,0,0,0,0,0,0,0,0},{0,0,0,0,0,0,0,0,0},{0,0,0,0,0,0,0,0,0}}
]
17:37:11.269 [main] INFO  sudoku.model.SudokuBoard - Wartość 0 wstawiona nieprawidłowo
17:37:11.269 [main] INFO  sudoku.model.SudokuBoard - Bład w kwadracie 0
sudoku.model.SudokuBoard@368424db[
  size=9
  solver=sudoku.model.BacktrackingSudokuSolver@44864536
  board={{9,8,2,4,1,5,6,7,3},{1,3,7,8,6,9,2,4,5},{4,5,6,7,2,3,8,9,1},{5,1,3,9,8,2,4,6,7},{8,2,9,6,7,4,3,0,0},{0,0,0,0,0,0,0,0,0},{0,0,0,0,0,0,0,0,0},{0,0,0,0,0,0,0,0,0},{0,0,0,0,0,0,0,0,0}}
]
17:37:11.269 [main] INFO  sudoku.model.SudokuBoard - Wartość 0 wstawiona nieprawidłowo
17:37:11.269 [main] INFO  sudoku.model.SudokuBoard - Bład w kwadracie 0
sudoku.model.SudokuBoard@368424db[
  size=9
  solver=sudoku.model.BacktrackingSudokuSolver@44864536
  board={{9,8,2,4,1,5,6,7,3},{1,3,7,8,6,9,2,4,5},{4,5,6,7,2,3,8,9,1},{5,1,3,9,8,2,4,6,7},{8,2,9,6,7,4,0,0,0},{0,0,0,0,0,0,0,0,0},{0,0,0,0,0,0,0,0,0},{0,0,0,0,0,0,0,0,0},{0,0,0,0,0,0,0,0,0}}
]
17:37:11.269 [main] INFO  sudoku.model.SudokuBoard - Wartość 0 wstawiona nieprawidłowo
17:37:11.269 [main] INFO  sudoku.model.SudokuBoard - Bład w kwadracie 0
sudoku.model.SudokuBoard@368424db[
  size=9
  solver=sudoku.model.BacktrackingSudokuSolver@44864536
  board={{9,8,2,4,1,5,6,7,3},{1,3,7,8,6,9,2,4,5},{4,5,6,7,2,3,8,9,1},{5,1,3,9,8,2,4,6,7},{8,2,9,6,7,4,5,0,0},{0,0,0,0,0,0,0,0,0},{0,0,0,0,0,0,0,0,0},{0,0,0,0,0,0,0,0,0},{0,0,0,0,0,0,0,0,0}}
]
17:37:11.269 [main] INFO  sudoku.model.SudokuBoard - Wartość 0 wstawiona nieprawidłowo
17:37:11.269 [main] INFO  sudoku.model.SudokuBoard - Bład w kwadracie 0
sudoku.model.SudokuBoard@368424db[
  size=9
  solver=sudoku.model.BacktrackingSudokuSolver@44864536
  board={{9,8,2,4,1,5,6,7,3},{1,3,7,8,6,9,2,4,5},{4,5,6,7,2,3,8,9,1},{5,1,3,9,8,2,4,6,7},{8,2,9,6,7,4,5,0,0},{0,0,0,0,0,0,0,0,0},{0,0,0,0,0,0,0,0,0},{0,0,0,0,0,0,0,0,0},{0,0,0,0,0,0,0,0,0}}
]
17:37:11.270 [main] INFO  sudoku.model.SudokuBoard - Wartość 0 wstawiona nieprawidłowo
17:37:11.270 [main] INFO  sudoku.model.SudokuBoard - Bład w kwadracie 0
sudoku.model.SudokuBoard@368424db[
  size=9
  solver=sudoku.model.BacktrackingSudokuSolver@44864536
  board={{9,8,2,4,1,5,6,7,3},{1,3,7,8,6,9,2,4,5},{4,5,6,7,2,3,8,9,1},{5,1,3,9,8,2,4,6,7},{8,2,9,6,7,4,0,0,0},{0,0,0,0,0,0,0,0,0},{0,0,0,0,0,0,0,0,0},{0,0,0,0,0,0,0,0,0},{0,0,0,0,0,0,0,0,0}}
]
17:37:11.270 [main] INFO  sudoku.model.SudokuBoard - Wartość 0 wstawiona nieprawidłowo
17:37:11.270 [main] INFO  sudoku.model.SudokuBoard - Bład w kwadracie 0
sudoku.model.SudokuBoard@368424db[
  size=9
  solver=sudoku.model.BacktrackingSudokuSolver@44864536
  board={{9,8,2,4,1,5,6,7,3},{1,3,7,8,6,9,2,4,5},{4,5,6,7,2,3,8,9,1},{5,1,3,9,8,2,4,6,7},{8,2,9,6,7,0,0,0,0},{0,0,0,0,0,0,0,0,0},{0,0,0,0,0,0,0,0,0},{0,0,0,0,0,0,0,0,0},{0,0,0,0,0,0,0,0,0}}
]
17:37:11.270 [main] INFO  sudoku.model.SudokuBoard - Wartość 0 wstawiona nieprawidłowo
17:37:11.270 [main] INFO  sudoku.model.SudokuBoard - Bład w kwadracie 0
sudoku.model.SudokuBoard@368424db[
  size=9
  solver=sudoku.model.BacktrackingSudokuSolver@44864536
  board={{9,8,2,4,1,5,6,7,3},{1,3,7,8,6,9,2,4,5},{4,5,6,7,2,3,8,9,1},{5,1,3,9,8,2,4,6,7},{8,2,9,6,0,0,0,0,0},{0,0,0,0,0,0,0,0,0},{0,0,0,0,0,0,0,0,0},{0,0,0,0,0,0,0,0,0},{0,0,0,0,0,0,0,0,0}}
]
17:37:11.270 [main] INFO  sudoku.model.SudokuBoard - Wartość 0 wstawiona nieprawidłowo
17:37:11.270 [main] INFO  sudoku.model.SudokuBoard - Bład w kwadracie 0
sudoku.model.SudokuBoard@368424db[
  size=9
  solver=sudoku.model.BacktrackingSudokuSolver@44864536
  board={{9,8,2,4,1,5,6,7,3},{1,3,7,8,6,9,2,4,5},{4,5,6,7,2,3,8,9,1},{5,1,3,9,8,2,4,6,7},{8,2,9,0,0,0,0,0,0},{0,0,0,0,0,0,0,0,0},{0,0,0,0,0,0,0,0,0},{0,0,0,0,0,0,0,0,0},{0,0,0,0,0,0,0,0,0}}
]
17:37:11.270 [main] INFO  sudoku.model.SudokuBoard - Wartość 0 wstawiona nieprawidłowo
17:37:11.270 [main] INFO  sudoku.model.SudokuBoard - Bład w kwadracie 0
sudoku.model.SudokuBoard@368424db[
  size=9
  solver=sudoku.model.BacktrackingSudokuSolver@44864536
  board={{9,8,2,4,1,5,6,7,3},{1,3,7,8,6,9,2,4,5},{4,5,6,7,2,3,8,9,1},{5,1,3,9,8,2,4,6,7},{8,2,0,0,0,0,0,0,0},{0,0,0,0,0,0,0,0,0},{0,0,0,0,0,0,0,0,0},{0,0,0,0,0,0,0,0,0},{0,0,0,0,0,0,0,0,0}}
]
17:37:11.270 [main] INFO  sudoku.model.SudokuBoard - Wartość 0 wstawiona nieprawidłowo
17:37:11.270 [main] INFO  sudoku.model.SudokuBoard - Bład w kwadracie 0
sudoku.model.SudokuBoard@368424db[
  size=9
  solver=sudoku.model.BacktrackingSudokuSolver@44864536
  board={{9,8,2,4,1,5,6,7,3},{1,3,7,8,6,9,2,4,5},{4,5,6,7,2,3,8,9,1},{5,1,3,9,8,2,4,6,7},{8,2,4,1,3,6,0,0,0},{0,0,0,0,0,0,0,0,0},{0,0,0,0,0,0,0,0,0},{0,0,0,0,0,0,0,0,0},{0,0,0,0,0,0,0,0,0}}
]
17:37:11.270 [main] INFO  sudoku.model.SudokuBoard - Wartość 0 wstawiona nieprawidłowo
17:37:11.270 [main] INFO  sudoku.model.SudokuBoard - Bład w kwadracie 0
sudoku.model.SudokuBoard@368424db[
  size=9
  solver=sudoku.model.BacktrackingSudokuSolver@44864536
  board={{9,8,2,4,1,5,6,7,3},{1,3,7,8,6,9,2,4,5},{4,5,6,7,2,3,8,9,1},{5,1,3,9,8,2,4,6,7},{8,2,4,1,3,6,9,0,0},{0,0,0,0,0,0,0,0,0},{0,0,0,0,0,0,0,0,0},{0,0,0,0,0,0,0,0,0},{0,0,0,0,0,0,0,0,0}}
]
17:37:11.271 [main] INFO  sudoku.model.SudokuBoard - Wartość 0 wstawiona nieprawidłowo
17:37:11.271 [main] INFO  sudoku.model.SudokuBoard - Bład w kwadracie 0
sudoku.model.SudokuBoard@368424db[
  size=9
  solver=sudoku.model.BacktrackingSudokuSolver@44864536
  board={{9,8,2,4,1,5,6,7,3},{1,3,7,8,6,9,2,4,5},{4,5,6,7,2,3,8,9,1},{5,1,3,9,8,2,4,6,7},{8,2,4,1,3,6,0,0,0},{0,0,0,0,0,0,0,0,0},{0,0,0,0,0,0,0,0,0},{0,0,0,0,0,0,0,0,0},{0,0,0,0,0,0,0,0,0}}
]
17:37:11.271 [main] INFO  sudoku.model.SudokuBoard - Wartość 0 wstawiona nieprawidłowo
17:37:11.271 [main] INFO  sudoku.model.SudokuBoard - Bład w kwadracie 0
sudoku.model.SudokuBoard@368424db[
  size=9
  solver=sudoku.model.BacktrackingSudokuSolver@44864536
  board={{9,8,2,4,1,5,6,7,3},{1,3,7,8,6,9,2,4,5},{4,5,6,7,2,3,8,9,1},{5,1,3,9,8,2,4,6,7},{8,2,4,1,3,0,0,0,0},{0,0,0,0,0,0,0,0,0},{0,0,0,0,0,0,0,0,0},{0,0,0,0,0,0,0,0,0},{0,0,0,0,0,0,0,0,0}}
]
17:37:11.271 [main] INFO  sudoku.model.SudokuBoard - Wartość 0 wstawiona nieprawidłowo
17:37:11.271 [main] INFO  sudoku.model.SudokuBoard - Bład w kwadracie 0
sudoku.model.SudokuBoard@368424db[
  size=9
  solver=sudoku.model.BacktrackingSudokuSolver@44864536
  board={{9,8,2,4,1,5,6,7,3},{1,3,7,8,6,9,2,4,5},{4,5,6,7,2,3,8,9,1},{5,1,3,9,8,2,4,6,7},{8,2,4,1,3,7,0,0,0},{0,0,0,0,0,0,0,0,0},{0,0,0,0,0,0,0,0,0},{0,0,0,0,0,0,0,0,0},{0,0,0,0,0,0,0,0,0}}
]
17:37:11.271 [main] INFO  sudoku.model.SudokuBoard - Wartość 0 wstawiona nieprawidłowo
17:37:11.271 [main] INFO  sudoku.model.SudokuBoard - Bład w kwadracie 0
sudoku.model.SudokuBoard@368424db[
  size=9
  solver=sudoku.model.BacktrackingSudokuSolver@44864536
  board={{9,8,2,4,1,5,6,7,3},{1,3,7,8,6,9,2,4,5},{4,5,6,7,2,3,8,9,1},{5,1,3,9,8,2,4,6,7},{8,2,4,1,3,7,9,0,0},{0,0,0,0,0,0,0,0,0},{0,0,0,0,0,0,0,0,0},{0,0,0,0,0,0,0,0,0},{0,0,0,0,0,0,0,0,0}}
]
17:37:11.271 [main] INFO  sudoku.model.SudokuBoard - Wartość 0 wstawiona nieprawidłowo
17:37:11.271 [main] INFO  sudoku.model.SudokuBoard - Bład w kwadracie 0
sudoku.model.SudokuBoard@368424db[
  size=9
  solver=sudoku.model.BacktrackingSudokuSolver@44864536
  board={{9,8,2,4,1,5,6,7,3},{1,3,7,8,6,9,2,4,5},{4,5,6,7,2,3,8,9,1},{5,1,3,9,8,2,4,6,7},{8,2,4,1,3,7,0,0,0},{0,0,0,0,0,0,0,0,0},{0,0,0,0,0,0,0,0,0},{0,0,0,0,0,0,0,0,0},{0,0,0,0,0,0,0,0,0}}
]
17:37:11.271 [main] INFO  sudoku.model.SudokuBoard - Wartość 0 wstawiona nieprawidłowo
17:37:11.271 [main] INFO  sudoku.model.SudokuBoard - Bład w kwadracie 0
sudoku.model.SudokuBoard@368424db[
  size=9
  solver=sudoku.model.BacktrackingSudokuSolver@44864536
  board={{9,8,2,4,1,5,6,7,3},{1,3,7,8,6,9,2,4,5},{4,5,6,7,2,3,8,9,1},{5,1,3,9,8,2,4,6,7},{8,2,4,1,3,0,0,0,0},{0,0,0,0,0,0,0,0,0},{0,0,0,0,0,0,0,0,0},{0,0,0,0,0,0,0,0,0},{0,0,0,0,0,0,0,0,0}}
]
17:37:11.271 [main] INFO  sudoku.model.SudokuBoard - Wartość 0 wstawiona nieprawidłowo
17:37:11.271 [main] INFO  sudoku.model.SudokuBoard - Bład w kwadracie 0
sudoku.model.SudokuBoard@368424db[
  size=9
  solver=sudoku.model.BacktrackingSudokuSolver@44864536
  board={{9,8,2,4,1,5,6,7,3},{1,3,7,8,6,9,2,4,5},{4,5,6,7,2,3,8,9,1},{5,1,3,9,8,2,4,6,7},{8,2,4,1,0,0,0,0,0},{0,0,0,0,0,0,0,0,0},{0,0,0,0,0,0,0,0,0},{0,0,0,0,0,0,0,0,0},{0,0,0,0,0,0,0,0,0}}
]
17:37:11.271 [main] INFO  sudoku.model.SudokuBoard - Wartość 0 wstawiona nieprawidłowo
17:37:11.271 [main] INFO  sudoku.model.SudokuBoard - Bład w kwadracie 0
sudoku.model.SudokuBoard@368424db[
  size=9
  solver=sudoku.model.BacktrackingSudokuSolver@44864536
  board={{9,8,2,4,1,5,6,7,3},{1,3,7,8,6,9,2,4,5},{4,5,6,7,2,3,8,9,1},{5,1,3,9,8,2,4,6,7},{8,2,4,1,5,6,9,0,0},{0,0,0,0,0,0,0,0,0},{0,0,0,0,0,0,0,0,0},{0,0,0,0,0,0,0,0,0},{0,0,0,0,0,0,0,0,0}}
]
17:37:11.271 [main] INFO  sudoku.model.SudokuBoard - Wartość 0 wstawiona nieprawidłowo
17:37:11.272 [main] INFO  sudoku.model.SudokuBoard - Bład w kwadracie 0
sudoku.model.SudokuBoard@368424db[
  size=9
  solver=sudoku.model.BacktrackingSudokuSolver@44864536
  board={{9,8,2,4,1,5,6,7,3},{1,3,7,8,6,9,2,4,5},{4,5,6,7,2,3,8,9,1},{5,1,3,9,8,2,4,6,7},{8,2,4,1,5,6,0,0,0},{0,0,0,0,0,0,0,0,0},{0,0,0,0,0,0,0,0,0},{0,0,0,0,0,0,0,0,0},{0,0,0,0,0,0,0,0,0}}
]
17:37:11.272 [main] INFO  sudoku.model.SudokuBoard - Wartość 0 wstawiona nieprawidłowo
17:37:11.272 [main] INFO  sudoku.model.SudokuBoard - Bład w kwadracie 0
sudoku.model.SudokuBoard@368424db[
  size=9
  solver=sudoku.model.BacktrackingSudokuSolver@44864536
  board={{9,8,2,4,1,5,6,7,3},{1,3,7,8,6,9,2,4,5},{4,5,6,7,2,3,8,9,1},{5,1,3,9,8,2,4,6,7},{8,2,4,1,5,6,0,0,0},{0,0,0,0,0,0,0,0,0},{0,0,0,0,0,0,0,0,0},{0,0,0,0,0,0,0,0,0},{0,0,0,0,0,0,0,0,0}}
]
17:37:11.272 [main] INFO  sudoku.model.SudokuBoard - Wartość 0 wstawiona nieprawidłowo
17:37:11.272 [main] INFO  sudoku.model.SudokuBoard - Bład w kwadracie 0
sudoku.model.SudokuBoard@368424db[
  size=9
  solver=sudoku.model.BacktrackingSudokuSolver@44864536
  board={{9,8,2,4,1,5,6,7,3},{1,3,7,8,6,9,2,4,5},{4,5,6,7,2,3,8,9,1},{5,1,3,9,8,2,4,6,7},{8,2,4,1,5,0,0,0,0},{0,0,0,0,0,0,0,0,0},{0,0,0,0,0,0,0,0,0},{0,0,0,0,0,0,0,0,0},{0,0,0,0,0,0,0,0,0}}
]
17:37:11.272 [main] INFO  sudoku.model.SudokuBoard - Wartość 0 wstawiona nieprawidłowo
17:37:11.272 [main] INFO  sudoku.model.SudokuBoard - Bład w kwadracie 0
sudoku.model.SudokuBoard@368424db[
  size=9
  solver=sudoku.model.BacktrackingSudokuSolver@44864536
  board={{9,8,2,4,1,5,6,7,3},{1,3,7,8,6,9,2,4,5},{4,5,6,7,2,3,8,9,1},{5,1,3,9,8,2,4,6,7},{8,2,4,1,5,7,9,0,0},{0,0,0,0,0,0,0,0,0},{0,0,0,0,0,0,0,0,0},{0,0,0,0,0,0,0,0,0},{0,0,0,0,0,0,0,0,0}}
]
17:37:11.272 [main] INFO  sudoku.model.SudokuBoard - Wartość 0 wstawiona nieprawidłowo
17:37:11.272 [main] INFO  sudoku.model.SudokuBoard - Bład w kwadracie 0
sudoku.model.SudokuBoard@368424db[
  size=9
  solver=sudoku.model.BacktrackingSudokuSolver@44864536
  board={{9,8,2,4,1,5,6,7,3},{1,3,7,8,6,9,2,4,5},{4,5,6,7,2,3,8,9,1},{5,1,3,9,8,2,4,6,7},{8,2,4,1,5,7,0,0,0},{0,0,0,0,0,0,0,0,0},{0,0,0,0,0,0,0,0,0},{0,0,0,0,0,0,0,0,0},{0,0,0,0,0,0,0,0,0}}
]
17:37:11.272 [main] INFO  sudoku.model.SudokuBoard - Wartość 0 wstawiona nieprawidłowo
17:37:11.273 [main] INFO  sudoku.model.SudokuBoard - Bład w kwadracie 0
sudoku.model.SudokuBoard@368424db[
  size=9
  solver=sudoku.model.BacktrackingSudokuSolver@44864536
  board={{9,8,2,4,1,5,6,7,3},{1,3,7,8,6,9,2,4,5},{4,5,6,7,2,3,8,9,1},{5,1,3,9,8,2,4,6,7},{8,2,4,1,5,7,0,0,0},{0,0,0,0,0,0,0,0,0},{0,0,0,0,0,0,0,0,0},{0,0,0,0,0,0,0,0,0},{0,0,0,0,0,0,0,0,0}}
]
17:37:11.273 [main] INFO  sudoku.model.SudokuBoard - Wartość 0 wstawiona nieprawidłowo
17:37:11.273 [main] INFO  sudoku.model.SudokuBoard - Bład w kwadracie 0
sudoku.model.SudokuBoard@368424db[
  size=9
  solver=sudoku.model.BacktrackingSudokuSolver@44864536
  board={{9,8,2,4,1,5,6,7,3},{1,3,7,8,6,9,2,4,5},{4,5,6,7,2,3,8,9,1},{5,1,3,9,8,2,4,6,7},{8,2,4,1,5,0,0,0,0},{0,0,0,0,0,0,0,0,0},{0,0,0,0,0,0,0,0,0},{0,0,0,0,0,0,0,0,0},{0,0,0,0,0,0,0,0,0}}
]
17:37:11.273 [main] INFO  sudoku.model.SudokuBoard - Wartość 0 wstawiona nieprawidłowo
17:37:11.273 [main] INFO  sudoku.model.SudokuBoard - Bład w kwadracie 0
sudoku.model.SudokuBoard@368424db[
  size=9
  solver=sudoku.model.BacktrackingSudokuSolver@44864536
  board={{9,8,2,4,1,5,6,7,3},{1,3,7,8,6,9,2,4,5},{4,5,6,7,2,3,8,9,1},{5,1,3,9,8,2,4,6,7},{8,2,4,1,0,0,0,0,0},{0,0,0,0,0,0,0,0,0},{0,0,0,0,0,0,0,0,0},{0,0,0,0,0,0,0,0,0},{0,0,0,0,0,0,0,0,0}}
]
17:37:11.273 [main] INFO  sudoku.model.SudokuBoard - Wartość 0 wstawiona nieprawidłowo
17:37:11.273 [main] INFO  sudoku.model.SudokuBoard - Bład w kwadracie 0
sudoku.model.SudokuBoard@368424db[
  size=9
  solver=sudoku.model.BacktrackingSudokuSolver@44864536
  board={{9,8,2,4,1,5,6,7,3},{1,3,7,8,6,9,2,4,5},{4,5,6,7,2,3,8,9,1},{5,1,3,9,8,2,4,6,7},{8,2,4,1,7,6,3,5,9},{6,0,0,0,0,0,0,0,0},{0,0,0,0,0,0,0,0,0},{0,0,0,0,0,0,0,0,0},{0,0,0,0,0,0,0,0,0}}
]
17:37:11.274 [main] INFO  sudoku.model.SudokuBoard - Wartość 0 wstawiona nieprawidłowo
17:37:11.274 [main] INFO  sudoku.model.SudokuBoard - Bład w kwadracie 0
sudoku.model.SudokuBoard@368424db[
  size=9
  solver=sudoku.model.BacktrackingSudokuSolver@44864536
  board={{9,8,2,4,1,5,6,7,3},{1,3,7,8,6,9,2,4,5},{4,5,6,7,2,3,8,9,1},{5,1,3,9,8,2,4,6,7},{8,2,4,1,7,6,3,5,9},{6,7,9,3,0,0,0,0,0},{0,0,0,0,0,0,0,0,0},{0,0,0,0,0,0,0,0,0},{0,0,0,0,0,0,0,0,0}}
]
17:37:11.274 [main] INFO  sudoku.model.SudokuBoard - Wartość 0 wstawiona nieprawidłowo
17:37:11.274 [main] INFO  sudoku.model.SudokuBoard - Bład w kwadracie 0
sudoku.model.SudokuBoard@368424db[
  size=9
  solver=sudoku.model.BacktrackingSudokuSolver@44864536
  board={{9,8,2,4,1,5,6,7,3},{1,3,7,8,6,9,2,4,5},{4,5,6,7,2,3,8,9,1},{5,1,3,9,8,2,4,6,7},{8,2,4,1,7,6,3,5,9},{6,7,9,3,5,4,1,8,2},{2,6,1,5,9,0,0,0,0},{0,0,0,0,0,0,0,0,0},{0,0,0,0,0,0,0,0,0}}
]
17:37:11.274 [main] INFO  sudoku.model.SudokuBoard - Wartość 0 wstawiona nieprawidłowo
17:37:11.274 [main] INFO  sudoku.model.SudokuBoard - Bład w kwadracie 0
sudoku.model.SudokuBoard@368424db[
  size=9
  solver=sudoku.model.BacktrackingSudokuSolver@44864536
  board={{9,8,2,4,1,5,6,7,3},{1,3,7,8,6,9,2,4,5},{4,5,6,7,2,3,8,9,1},{5,1,3,9,8,2,4,6,7},{8,2,4,1,7,6,3,5,9},{6,7,9,3,5,4,1,8,2},{2,6,1,5,9,8,7,3,4},{7,9,5,2,3,0,0,0,0},{0,0,0,0,0,0,0,0,0}}
]
17:37:11.274 [main] INFO  sudoku.model.SudokuBoard - Wartość 0 wstawiona nieprawidłowo
17:37:11.274 [main] INFO  sudoku.model.SudokuBoard - Bład w kwadracie 0
sudoku.model.SudokuBoard@368424db[
  size=9
  solver=sudoku.model.BacktrackingSudokuSolver@44864536
  board={{9,8,2,4,1,5,6,7,3},{1,3,7,8,6,9,2,4,5},{4,5,6,7,2,3,8,9,1},{5,1,3,9,8,2,4,6,7},{8,2,4,1,7,6,3,5,9},{6,7,9,3,5,4,1,8,2},{2,6,1,5,9,8,7,3,4},{7,9,5,2,0,0,0,0,0},{0,0,0,0,0,0,0,0,0}}
]
17:37:11.274 [main] INFO  sudoku.model.SudokuBoard - Wartość 0 wstawiona nieprawidłowo
17:37:11.274 [main] INFO  sudoku.model.SudokuBoard - Bład w kwadracie 0
sudoku.model.SudokuBoard@368424db[
  size=9
  solver=sudoku.model.BacktrackingSudokuSolver@44864536
  board={{9,8,2,4,1,5,6,7,3},{1,3,7,8,6,9,2,4,5},{4,5,6,7,2,3,8,9,1},{5,1,3,9,8,2,4,6,7},{8,2,4,1,7,6,3,5,9},{6,7,9,3,5,4,1,8,2},{2,6,1,5,9,8,7,3,4},{7,9,5,2,4,0,0,0,0},{0,0,0,0,0,0,0,0,0}}
]
17:37:11.274 [main] INFO  sudoku.model.SudokuBoard - Wartość 0 wstawiona nieprawidłowo
17:37:11.274 [main] INFO  sudoku.model.SudokuBoard - Bład w kwadracie 0
sudoku.model.SudokuBoard@368424db[
  size=9
  solver=sudoku.model.BacktrackingSudokuSolver@44864536
  board={{9,8,2,4,1,5,6,7,3},{1,3,7,8,6,9,2,4,5},{4,5,6,7,2,3,8,9,1},{5,1,3,9,8,2,4,6,7},{8,2,4,1,7,6,3,5,9},{6,7,9,3,5,4,1,8,2},{2,6,1,5,9,8,7,3,4},{7,9,5,2,0,0,0,0,0},{0,0,0,0,0,0,0,0,0}}
]
17:37:11.274 [main] INFO  sudoku.model.SudokuBoard - Wartość 0 wstawiona nieprawidłowo
17:37:11.274 [main] INFO  sudoku.model.SudokuBoard - Bład w kwadracie 0
sudoku.model.SudokuBoard@368424db[
  size=9
  solver=sudoku.model.BacktrackingSudokuSolver@44864536
  board={{9,8,2,4,1,5,6,7,3},{1,3,7,8,6,9,2,4,5},{4,5,6,7,2,3,8,9,1},{5,1,3,9,8,2,4,6,7},{8,2,4,1,7,6,3,5,9},{6,7,9,3,5,4,1,8,2},{2,6,1,5,9,8,7,3,4},{7,9,5,0,0,0,0,0,0},{0,0,0,0,0,0,0,0,0}}
]
17:37:11.274 [main] INFO  sudoku.model.SudokuBoard - Wartość 0 wstawiona nieprawidłowo
17:37:11.275 [main] INFO  sudoku.model.SudokuBoard - Bład w kwadracie 0
sudoku.model.SudokuBoard@368424db[
  size=9
  solver=sudoku.model.BacktrackingSudokuSolver@44864536
  board={{9,8,2,4,1,5,6,7,3},{1,3,7,8,6,9,2,4,5},{4,5,6,7,2,3,8,9,1},{5,1,3,9,8,2,4,6,7},{8,2,4,1,7,6,3,5,9},{6,7,9,3,5,4,1,8,2},{2,6,1,5,9,8,7,3,4},{7,9,5,6,3,0,0,0,0},{0,0,0,0,0,0,0,0,0}}
]
17:37:11.275 [main] INFO  sudoku.model.SudokuBoard - Wartość 0 wstawiona nieprawidłowo
17:37:11.275 [main] INFO  sudoku.model.SudokuBoard - Bład w kwadracie 0
sudoku.model.SudokuBoard@368424db[
  size=9
  solver=sudoku.model.BacktrackingSudokuSolver@44864536
  board={{9,8,2,4,1,5,6,7,3},{1,3,7,8,6,9,2,4,5},{4,5,6,7,2,3,8,9,1},{5,1,3,9,8,2,4,6,7},{8,2,4,1,7,6,3,5,9},{6,7,9,3,5,4,1,8,2},{2,6,1,5,9,8,7,3,4},{7,9,5,6,0,0,0,0,0},{0,0,0,0,0,0,0,0,0}}
]
17:37:11.275 [main] INFO  sudoku.model.SudokuBoard - Wartość 0 wstawiona nieprawidłowo
17:37:11.275 [main] INFO  sudoku.model.SudokuBoard - Bład w kwadracie 0
sudoku.model.SudokuBoard@368424db[
  size=9
  solver=sudoku.model.BacktrackingSudokuSolver@44864536
  board={{9,8,2,4,1,5,6,7,3},{1,3,7,8,6,9,2,4,5},{4,5,6,7,2,3,8,9,1},{5,1,3,9,8,2,4,6,7},{8,2,4,1,7,6,3,5,9},{6,7,9,3,5,4,1,8,2},{2,6,1,5,9,8,7,3,4},{7,9,5,6,4,0,0,0,0},{0,0,0,0,0,0,0,0,0}}
]
17:37:11.275 [main] INFO  sudoku.model.SudokuBoard - Wartość 0 wstawiona nieprawidłowo
17:37:11.275 [main] INFO  sudoku.model.SudokuBoard - Bład w kwadracie 0
sudoku.model.SudokuBoard@368424db[
  size=9
  solver=sudoku.model.BacktrackingSudokuSolver@44864536
  board={{9,8,2,4,1,5,6,7,3},{1,3,7,8,6,9,2,4,5},{4,5,6,7,2,3,8,9,1},{5,1,3,9,8,2,4,6,7},{8,2,4,1,7,6,3,5,9},{6,7,9,3,5,4,1,8,2},{2,6,1,5,9,8,7,3,4},{7,9,5,6,0,0,0,0,0},{0,0,0,0,0,0,0,0,0}}
]
17:37:11.275 [main] INFO  sudoku.model.SudokuBoard - Wartość 0 wstawiona nieprawidłowo
17:37:11.275 [main] INFO  sudoku.model.SudokuBoard - Bład w kwadracie 0
sudoku.model.SudokuBoard@368424db[
  size=9
  solver=sudoku.model.BacktrackingSudokuSolver@44864536
  board={{9,8,2,4,1,5,6,7,3},{1,3,7,8,6,9,2,4,5},{4,5,6,7,2,3,8,9,1},{5,1,3,9,8,2,4,6,7},{8,2,4,1,7,6,3,5,9},{6,7,9,3,5,4,1,8,2},{2,6,1,5,9,8,7,3,4},{7,9,5,0,0,0,0,0,0},{0,0,0,0,0,0,0,0,0}}
]
17:37:11.275 [main] INFO  sudoku.model.SudokuBoard - Wartość 0 wstawiona nieprawidłowo
17:37:11.275 [main] INFO  sudoku.model.SudokuBoard - Bład w kwadracie 0
sudoku.model.SudokuBoard@368424db[
  size=9
  solver=sudoku.model.BacktrackingSudokuSolver@44864536
  board={{9,8,2,4,1,5,6,7,3},{1,3,7,8,6,9,2,4,5},{4,5,6,7,2,3,8,9,1},{5,1,3,9,8,2,4,6,7},{8,2,4,1,7,6,3,5,9},{6,7,9,3,5,4,1,8,2},{2,6,1,5,9,8,7,3,4},{7,9,0,0,0,0,0,0,0},{0,0,0,0,0,0,0,0,0}}
]
17:37:11.275 [main] INFO  sudoku.model.SudokuBoard - Wartość 0 wstawiona nieprawidłowo
17:37:11.275 [main] INFO  sudoku.model.SudokuBoard - Bład w kwadracie 0
sudoku.model.SudokuBoard@368424db[
  size=9
  solver=sudoku.model.BacktrackingSudokuSolver@44864536
  board={{9,8,2,4,1,5,6,7,3},{1,3,7,8,6,9,2,4,5},{4,5,6,7,2,3,8,9,1},{5,1,3,9,8,2,4,6,7},{8,2,4,1,7,6,3,5,9},{6,7,9,3,5,4,1,8,2},{2,6,1,5,9,8,7,3,4},{7,9,8,2,3,1,0,0,0},{0,0,0,0,0,0,0,0,0}}
]
17:37:11.275 [main] INFO  sudoku.model.SudokuBoard - Wartość 0 wstawiona nieprawidłowo
17:37:11.275 [main] INFO  sudoku.model.SudokuBoard - Bład w kwadracie 0
sudoku.model.SudokuBoard@368424db[
  size=9
  solver=sudoku.model.BacktrackingSudokuSolver@44864536
  board={{9,8,2,4,1,5,6,7,3},{1,3,7,8,6,9,2,4,5},{4,5,6,7,2,3,8,9,1},{5,1,3,9,8,2,4,6,7},{8,2,4,1,7,6,3,5,9},{6,7,9,3,5,4,1,8,2},{2,6,1,5,9,8,7,3,4},{7,9,8,2,3,0,0,0,0},{0,0,0,0,0,0,0,0,0}}
]
17:37:11.276 [main] INFO  sudoku.model.SudokuBoard - Wartość 0 wstawiona nieprawidłowo
17:37:11.276 [main] INFO  sudoku.model.SudokuBoard - Bład w kwadracie 0
sudoku.model.SudokuBoard@368424db[
  size=9
  solver=sudoku.model.BacktrackingSudokuSolver@44864536
  board={{9,8,2,4,1,5,6,7,3},{1,3,7,8,6,9,2,4,5},{4,5,6,7,2,3,8,9,1},{5,1,3,9,8,2,4,6,7},{8,2,4,1,7,6,3,5,9},{6,7,9,3,5,4,1,8,2},{2,6,1,5,9,8,7,3,4},{7,9,8,2,0,0,0,0,0},{0,0,0,0,0,0,0,0,0}}
]
17:37:11.276 [main] INFO  sudoku.model.SudokuBoard - Wartość 0 wstawiona nieprawidłowo
17:37:11.276 [main] INFO  sudoku.model.SudokuBoard - Bład w kwadracie 0
sudoku.model.SudokuBoard@368424db[
  size=9
  solver=sudoku.model.BacktrackingSudokuSolver@44864536
  board={{9,8,2,4,1,5,6,7,3},{1,3,7,8,6,9,2,4,5},{4,5,6,7,2,3,8,9,1},{5,1,3,9,8,2,4,6,7},{8,2,4,1,7,6,3,5,9},{6,7,9,3,5,4,1,8,2},{2,6,1,5,9,8,7,3,4},{7,9,8,2,4,1,0,0,0},{0,0,0,0,0,0,0,0,0}}
]
17:37:11.276 [main] INFO  sudoku.model.SudokuBoard - Wartość 0 wstawiona nieprawidłowo
17:37:11.276 [main] INFO  sudoku.model.SudokuBoard - Bład w kwadracie 0
sudoku.model.SudokuBoard@368424db[
  size=9
  solver=sudoku.model.BacktrackingSudokuSolver@44864536
  board={{9,8,2,4,1,5,6,7,3},{1,3,7,8,6,9,2,4,5},{4,5,6,7,2,3,8,9,1},{5,1,3,9,8,2,4,6,7},{8,2,4,1,7,6,3,5,9},{6,7,9,3,5,4,1,8,2},{2,6,1,5,9,8,7,3,4},{7,9,8,2,4,0,0,0,0},{0,0,0,0,0,0,0,0,0}}
]
17:37:11.276 [main] INFO  sudoku.model.SudokuBoard - Wartość 0 wstawiona nieprawidłowo
17:37:11.276 [main] INFO  sudoku.model.SudokuBoard - Bład w kwadracie 0
sudoku.model.SudokuBoard@368424db[
  size=9
  solver=sudoku.model.BacktrackingSudokuSolver@44864536
  board={{9,8,2,4,1,5,6,7,3},{1,3,7,8,6,9,2,4,5},{4,5,6,7,2,3,8,9,1},{5,1,3,9,8,2,4,6,7},{8,2,4,1,7,6,3,5,9},{6,7,9,3,5,4,1,8,2},{2,6,1,5,9,8,7,3,4},{7,9,8,2,0,0,0,0,0},{0,0,0,0,0,0,0,0,0}}
]
17:37:11.276 [main] INFO  sudoku.model.SudokuBoard - Wartość 0 wstawiona nieprawidłowo
17:37:11.276 [main] INFO  sudoku.model.SudokuBoard - Bład w kwadracie 0
sudoku.model.SudokuBoard@368424db[
  size=9
  solver=sudoku.model.BacktrackingSudokuSolver@44864536
  board={{9,8,2,4,1,5,6,7,3},{1,3,7,8,6,9,2,4,5},{4,5,6,7,2,3,8,9,1},{5,1,3,9,8,2,4,6,7},{8,2,4,1,7,6,3,5,9},{6,7,9,3,5,4,1,8,2},{2,6,1,5,9,8,7,3,4},{7,9,8,0,0,0,0,0,0},{0,0,0,0,0,0,0,0,0}}
]
17:37:11.276 [main] INFO  sudoku.model.SudokuBoard - Wartość 0 wstawiona nieprawidłowo
17:37:11.276 [main] INFO  sudoku.model.SudokuBoard - Bład w kwadracie 0
sudoku.model.SudokuBoard@368424db[
  size=9
  solver=sudoku.model.BacktrackingSudokuSolver@44864536
  board={{9,8,2,4,1,5,6,7,3},{1,3,7,8,6,9,2,4,5},{4,5,6,7,2,3,8,9,1},{5,1,3,9,8,2,4,6,7},{8,2,4,1,7,6,3,5,9},{6,7,9,3,5,4,1,8,2},{2,6,1,5,9,8,7,3,4},{7,9,8,6,3,1,5,0,0},{0,0,0,0,0,0,0,0,0}}
]
17:37:11.276 [main] INFO  sudoku.model.SudokuBoard - Wartość 0 wstawiona nieprawidłowo
17:37:11.276 [main] INFO  sudoku.model.SudokuBoard - Bład w kwadracie 0
sudoku.model.SudokuBoard@368424db[
  size=9
  solver=sudoku.model.BacktrackingSudokuSolver@44864536
  board={{9,8,2,4,1,5,6,7,3},{1,3,7,8,6,9,2,4,5},{4,5,6,7,2,3,8,9,1},{5,1,3,9,8,2,4,6,7},{8,2,4,1,7,6,3,5,9},{6,7,9,3,5,4,1,8,2},{2,6,1,5,9,8,7,3,4},{7,9,8,6,3,1,0,0,0},{0,0,0,0,0,0,0,0,0}}
]
17:37:11.276 [main] INFO  sudoku.model.SudokuBoard - Wartość 0 wstawiona nieprawidłowo
17:37:11.276 [main] INFO  sudoku.model.SudokuBoard - Bład w kwadracie 0
sudoku.model.SudokuBoard@368424db[
  size=9
  solver=sudoku.model.BacktrackingSudokuSolver@44864536
  board={{9,8,2,4,1,5,6,7,3},{1,3,7,8,6,9,2,4,5},{4,5,6,7,2,3,8,9,1},{5,1,3,9,8,2,4,6,7},{8,2,4,1,7,6,3,5,9},{6,7,9,3,5,4,1,8,2},{2,6,1,5,9,8,7,3,4},{7,9,8,6,3,0,0,0,0},{0,0,0,0,0,0,0,0,0}}
]
17:37:11.276 [main] INFO  sudoku.model.SudokuBoard - Wartość 0 wstawiona nieprawidłowo
17:37:11.277 [main] INFO  sudoku.model.SudokuBoard - Bład w kwadracie 0
sudoku.model.SudokuBoard@368424db[
  size=9
  solver=sudoku.model.BacktrackingSudokuSolver@44864536
  board={{9,8,2,4,1,5,6,7,3},{1,3,7,8,6,9,2,4,5},{4,5,6,7,2,3,8,9,1},{5,1,3,9,8,2,4,6,7},{8,2,4,1,7,6,3,5,9},{6,7,9,3,5,4,1,8,2},{2,6,1,5,9,8,7,3,4},{7,9,8,6,0,0,0,0,0},{0,0,0,0,0,0,0,0,0}}
]
17:37:11.277 [main] INFO  sudoku.model.SudokuBoard - Wartość 0 wstawiona nieprawidłowo
17:37:11.277 [main] INFO  sudoku.model.SudokuBoard - Bład w kwadracie 0
sudoku.model.SudokuBoard@368424db[
  size=9
  solver=sudoku.model.BacktrackingSudokuSolver@44864536
  board={{9,8,2,4,1,5,6,7,3},{1,3,7,8,6,9,2,4,5},{4,5,6,7,2,3,8,9,1},{5,1,3,9,8,2,4,6,7},{8,2,4,1,7,6,3,5,9},{6,7,9,3,5,4,1,8,2},{2,6,1,5,9,8,7,3,4},{7,9,8,6,4,1,5,0,0},{0,0,0,0,0,0,0,0,0}}
]
17:37:11.277 [main] INFO  sudoku.model.SudokuBoard - Wartość 0 wstawiona nieprawidłowo
17:37:11.277 [main] INFO  sudoku.model.SudokuBoard - Bład w kwadracie 0
sudoku.model.SudokuBoard@368424db[
  size=9
  solver=sudoku.model.BacktrackingSudokuSolver@44864536
  board={{9,8,2,4,1,5,6,7,3},{1,3,7,8,6,9,2,4,5},{4,5,6,7,2,3,8,9,1},{5,1,3,9,8,2,4,6,7},{8,2,4,1,7,6,3,5,9},{6,7,9,3,5,4,1,8,2},{2,6,1,5,9,8,7,3,4},{7,9,8,6,4,1,0,0,0},{0,0,0,0,0,0,0,0,0}}
]
17:37:11.277 [main] INFO  sudoku.model.SudokuBoard - Wartość 0 wstawiona nieprawidłowo
17:37:11.277 [main] INFO  sudoku.model.SudokuBoard - Bład w kwadracie 0
sudoku.model.SudokuBoard@368424db[
  size=9
  solver=sudoku.model.BacktrackingSudokuSolver@44864536
  board={{9,8,2,4,1,5,6,7,3},{1,3,7,8,6,9,2,4,5},{4,5,6,7,2,3,8,9,1},{5,1,3,9,8,2,4,6,7},{8,2,4,1,7,6,3,5,9},{6,7,9,3,5,4,1,8,2},{2,6,1,5,9,8,7,3,4},{7,9,8,6,4,0,0,0,0},{0,0,0,0,0,0,0,0,0}}
]
17:37:11.277 [main] INFO  sudoku.model.SudokuBoard - Wartość 0 wstawiona nieprawidłowo
17:37:11.277 [main] INFO  sudoku.model.SudokuBoard - Bład w kwadracie 0
sudoku.model.SudokuBoard@368424db[
  size=9
  solver=sudoku.model.BacktrackingSudokuSolver@44864536
  board={{9,8,2,4,1,5,6,7,3},{1,3,7,8,6,9,2,4,5},{4,5,6,7,2,3,8,9,1},{5,1,3,9,8,2,4,6,7},{8,2,4,1,7,6,3,5,9},{6,7,9,3,5,4,1,8,2},{2,6,1,5,9,8,7,3,4},{7,9,8,6,0,0,0,0,0},{0,0,0,0,0,0,0,0,0}}
]
17:37:11.277 [main] INFO  sudoku.model.SudokuBoard - Wartość 0 wstawiona nieprawidłowo
17:37:11.277 [main] INFO  sudoku.model.SudokuBoard - Bład w kwadracie 0
sudoku.model.SudokuBoard@368424db[
  size=9
  solver=sudoku.model.BacktrackingSudokuSolver@44864536
  board={{9,8,2,4,1,5,6,7,3},{1,3,7,8,6,9,2,4,5},{4,5,6,7,2,3,8,9,1},{5,1,3,9,8,2,4,6,7},{8,2,4,1,7,6,3,5,9},{6,7,9,3,5,4,1,8,2},{2,6,1,5,9,8,7,3,4},{7,9,8,0,0,0,0,0,0},{0,0,0,0,0,0,0,0,0}}
]
17:37:11.278 [main] INFO  sudoku.model.SudokuBoard - Wartość 0 wstawiona nieprawidłowo
17:37:11.278 [main] INFO  sudoku.model.SudokuBoard - Bład w kwadracie 0
sudoku.model.SudokuBoard@368424db[
  size=9
  solver=sudoku.model.BacktrackingSudokuSolver@44864536
  board={{9,8,2,4,1,5,6,7,3},{1,3,7,8,6,9,2,4,5},{4,5,6,7,2,3,8,9,1},{5,1,3,9,8,2,4,6,7},{8,2,4,1,7,6,3,5,9},{6,7,9,3,5,4,1,8,2},{2,6,1,5,9,8,7,3,4},{7,9,0,0,0,0,0,0,0},{0,0,0,0,0,0,0,0,0}}
]
17:37:11.278 [main] INFO  sudoku.model.SudokuBoard - Wartość 0 wstawiona nieprawidłowo
17:37:11.278 [main] INFO  sudoku.model.SudokuBoard - Bład w kwadracie 0
sudoku.model.SudokuBoard@368424db[
  size=9
  solver=sudoku.model.BacktrackingSudokuSolver@44864536
  board={{9,8,2,4,1,5,6,7,3},{1,3,7,8,6,9,2,4,5},{4,5,6,7,2,3,8,9,1},{5,1,3,9,8,2,4,6,7},{8,2,4,1,7,6,3,5,9},{6,7,9,3,5,4,1,8,2},{2,6,1,5,9,8,7,3,4},{7,0,0,0,0,0,0,0,0},{0,0,0,0,0,0,0,0,0}}
]
17:37:11.278 [main] INFO  sudoku.model.SudokuBoard - Wartość 0 wstawiona nieprawidłowo
sudoku.model.SudokuBoard@1716c037[
  size=9
  solver=sudoku.model.BacktrackingSudokuSolver@44864536
  board={{9,8,2,4,1,5,6,7,3},{1,3,7,8,6,9,2,4,5},{4,5,6,7,2,3,8,9,1},{5,1,3,9,8,2,4,6,7},{8,2,4,1,7,6,3,5,9},{6,7,9,3,5,4,1,8,2},{2,6,1,5,9,8,7,3,4},{7,4,5,6,3,1,9,2,8},{3,9,8,2,4,7,5,1,6}}
]
]]></system-out>
  </testcase>
  <testcase name="checkBoardTestRowFalse" classname="sudoku.model.SudokuBoardTest" time="0.022">
    <system-out><![CDATA[17:37:11.281 [main] INFO  sudoku.model.SudokuBoard - Bład w kwadracie 0
sudoku.model.SudokuBoard@79b63325[
  size=9
  solver=sudoku.model.BacktrackingSudokuSolver@708769b7
  board={{5,3,7,6,8,9,1,4,2},{4,6,2,5,1,3,9,7,8},{8,9,1,4,7,2,3,5,6},{9,7,3,8,2,6,4,1,5},{1,4,5,7,0,0,0,0,0},{0,0,0,0,0,0,0,0,0},{0,0,0,0,0,0,0,0,0},{0,0,0,0,0,0,0,0,0},{0,0,0,0,0,0,0,0,0}}
]
17:37:11.281 [main] INFO  sudoku.model.SudokuBoard - Wartość 0 wstawiona nieprawidłowo
17:37:11.281 [main] INFO  sudoku.model.SudokuBoard - Bład w kwadracie 0
sudoku.model.SudokuBoard@79b63325[
  size=9
  solver=sudoku.model.BacktrackingSudokuSolver@708769b7
  board={{5,3,7,6,8,9,1,4,2},{4,6,2,5,1,3,9,7,8},{8,9,1,4,7,2,3,5,6},{9,7,3,8,2,6,4,1,5},{1,4,5,7,0,0,0,0,0},{0,0,0,0,0,0,0,0,0},{0,0,0,0,0,0,0,0,0},{0,0,0,0,0,0,0,0,0},{0,0,0,0,0,0,0,0,0}}
]
17:37:11.281 [main] INFO  sudoku.model.SudokuBoard - Wartość 0 wstawiona nieprawidłowo
17:37:11.281 [main] INFO  sudoku.model.SudokuBoard - Bład w kwadracie 0
sudoku.model.SudokuBoard@79b63325[
  size=9
  solver=sudoku.model.BacktrackingSudokuSolver@708769b7
  board={{5,3,7,6,8,9,1,4,2},{4,6,2,5,1,3,9,7,8},{8,9,1,4,7,2,3,5,6},{9,7,3,8,2,6,4,1,5},{1,4,5,0,0,0,0,0,0},{0,0,0,0,0,0,0,0,0},{0,0,0,0,0,0,0,0,0},{0,0,0,0,0,0,0,0,0},{0,0,0,0,0,0,0,0,0}}
]
17:37:11.282 [main] INFO  sudoku.model.SudokuBoard - Wartość 0 wstawiona nieprawidłowo
17:37:11.282 [main] INFO  sudoku.model.SudokuBoard - Bład w kwadracie 0
sudoku.model.SudokuBoard@79b63325[
  size=9
  solver=sudoku.model.BacktrackingSudokuSolver@708769b7
  board={{5,3,7,6,8,9,1,4,2},{4,6,2,5,1,3,9,7,8},{8,9,1,4,7,2,3,5,6},{9,7,3,8,2,6,4,1,5},{1,4,5,9,3,7,2,0,0},{0,0,0,0,0,0,0,0,0},{0,0,0,0,0,0,0,0,0},{0,0,0,0,0,0,0,0,0},{0,0,0,0,0,0,0,0,0}}
]
17:37:11.282 [main] INFO  sudoku.model.SudokuBoard - Wartość 0 wstawiona nieprawidłowo
17:37:11.282 [main] INFO  sudoku.model.SudokuBoard - Bład w kwadracie 0
sudoku.model.SudokuBoard@79b63325[
  size=9
  solver=sudoku.model.BacktrackingSudokuSolver@708769b7
  board={{5,3,7,6,8,9,1,4,2},{4,6,2,5,1,3,9,7,8},{8,9,1,4,7,2,3,5,6},{9,7,3,8,2,6,4,1,5},{1,4,5,9,3,7,2,0,0},{0,0,0,0,0,0,0,0,0},{0,0,0,0,0,0,0,0,0},{0,0,0,0,0,0,0,0,0},{0,0,0,0,0,0,0,0,0}}
]
17:37:11.282 [main] INFO  sudoku.model.SudokuBoard - Wartość 0 wstawiona nieprawidłowo
17:37:11.282 [main] INFO  sudoku.model.SudokuBoard - Bład w kwadracie 0
sudoku.model.SudokuBoard@79b63325[
  size=9
  solver=sudoku.model.BacktrackingSudokuSolver@708769b7
  board={{5,3,7,6,8,9,1,4,2},{4,6,2,5,1,3,9,7,8},{8,9,1,4,7,2,3,5,6},{9,7,3,8,2,6,4,1,5},{1,4,5,9,3,7,0,0,0},{0,0,0,0,0,0,0,0,0},{0,0,0,0,0,0,0,0,0},{0,0,0,0,0,0,0,0,0},{0,0,0,0,0,0,0,0,0}}
]
17:37:11.282 [main] INFO  sudoku.model.SudokuBoard - Wartość 0 wstawiona nieprawidłowo
17:37:11.282 [main] INFO  sudoku.model.SudokuBoard - Bład w kwadracie 0
sudoku.model.SudokuBoard@79b63325[
  size=9
  solver=sudoku.model.BacktrackingSudokuSolver@708769b7
  board={{5,3,7,6,8,9,1,4,2},{4,6,2,5,1,3,9,7,8},{8,9,1,4,7,2,3,5,6},{9,7,3,8,2,6,4,1,5},{1,4,5,9,3,7,6,0,0},{0,0,0,0,0,0,0,0,0},{0,0,0,0,0,0,0,0,0},{0,0,0,0,0,0,0,0,0},{0,0,0,0,0,0,0,0,0}}
]
17:37:11.282 [main] INFO  sudoku.model.SudokuBoard - Wartość 0 wstawiona nieprawidłowo
17:37:11.282 [main] INFO  sudoku.model.SudokuBoard - Bład w kwadracie 0
sudoku.model.SudokuBoard@79b63325[
  size=9
  solver=sudoku.model.BacktrackingSudokuSolver@708769b7
  board={{5,3,7,6,8,9,1,4,2},{4,6,2,5,1,3,9,7,8},{8,9,1,4,7,2,3,5,6},{9,7,3,8,2,6,4,1,5},{1,4,5,9,3,7,6,0,0},{0,0,0,0,0,0,0,0,0},{0,0,0,0,0,0,0,0,0},{0,0,0,0,0,0,0,0,0},{0,0,0,0,0,0,0,0,0}}
]
17:37:11.282 [main] INFO  sudoku.model.SudokuBoard - Wartość 0 wstawiona nieprawidłowo
17:37:11.282 [main] INFO  sudoku.model.SudokuBoard - Bład w kwadracie 0
sudoku.model.SudokuBoard@79b63325[
  size=9
  solver=sudoku.model.BacktrackingSudokuSolver@708769b7
  board={{5,3,7,6,8,9,1,4,2},{4,6,2,5,1,3,9,7,8},{8,9,1,4,7,2,3,5,6},{9,7,3,8,2,6,4,1,5},{1,4,5,9,3,7,0,0,0},{0,0,0,0,0,0,0,0,0},{0,0,0,0,0,0,0,0,0},{0,0,0,0,0,0,0,0,0},{0,0,0,0,0,0,0,0,0}}
]
17:37:11.292 [main] INFO  sudoku.model.SudokuBoard - Wartość 0 wstawiona nieprawidłowo
17:37:11.293 [main] INFO  sudoku.model.SudokuBoard - Bład w kwadracie 0
sudoku.model.SudokuBoard@79b63325[
  size=9
  solver=sudoku.model.BacktrackingSudokuSolver@708769b7
  board={{5,3,7,6,8,9,1,4,2},{4,6,2,5,1,3,9,7,8},{8,9,1,4,7,2,3,5,6},{9,7,3,8,2,6,4,1,5},{1,4,5,9,3,7,8,0,0},{0,0,0,0,0,0,0,0,0},{0,0,0,0,0,0,0,0,0},{0,0,0,0,0,0,0,0,0},{0,0,0,0,0,0,0,0,0}}
]
17:37:11.293 [main] INFO  sudoku.model.SudokuBoard - Wartość 0 wstawiona nieprawidłowo
17:37:11.293 [main] INFO  sudoku.model.SudokuBoard - Bład w kwadracie 0
sudoku.model.SudokuBoard@79b63325[
  size=9
  solver=sudoku.model.BacktrackingSudokuSolver@708769b7
  board={{5,3,7,6,8,9,1,4,2},{4,6,2,5,1,3,9,7,8},{8,9,1,4,7,2,3,5,6},{9,7,3,8,2,6,4,1,5},{1,4,5,9,3,7,8,0,0},{0,0,0,0,0,0,0,0,0},{0,0,0,0,0,0,0,0,0},{0,0,0,0,0,0,0,0,0},{0,0,0,0,0,0,0,0,0}}
]
17:37:11.293 [main] INFO  sudoku.model.SudokuBoard - Wartość 0 wstawiona nieprawidłowo
17:37:11.293 [main] INFO  sudoku.model.SudokuBoard - Bład w kwadracie 0
sudoku.model.SudokuBoard@79b63325[
  size=9
  solver=sudoku.model.BacktrackingSudokuSolver@708769b7
  board={{5,3,7,6,8,9,1,4,2},{4,6,2,5,1,3,9,7,8},{8,9,1,4,7,2,3,5,6},{9,7,3,8,2,6,4,1,5},{1,4,5,9,3,7,0,0,0},{0,0,0,0,0,0,0,0,0},{0,0,0,0,0,0,0,0,0},{0,0,0,0,0,0,0,0,0},{0,0,0,0,0,0,0,0,0}}
]
17:37:11.293 [main] INFO  sudoku.model.SudokuBoard - Wartość 0 wstawiona nieprawidłowo
17:37:11.293 [main] INFO  sudoku.model.SudokuBoard - Bład w kwadracie 0
sudoku.model.SudokuBoard@79b63325[
  size=9
  solver=sudoku.model.BacktrackingSudokuSolver@708769b7
  board={{5,3,7,6,8,9,1,4,2},{4,6,2,5,1,3,9,7,8},{8,9,1,4,7,2,3,5,6},{9,7,3,8,2,6,4,1,5},{1,4,5,9,3,0,0,0,0},{0,0,0,0,0,0,0,0,0},{0,0,0,0,0,0,0,0,0},{0,0,0,0,0,0,0,0,0},{0,0,0,0,0,0,0,0,0}}
]
17:37:11.293 [main] INFO  sudoku.model.SudokuBoard - Wartość 0 wstawiona nieprawidłowo
17:37:11.293 [main] INFO  sudoku.model.SudokuBoard - Bład w kwadracie 0
sudoku.model.SudokuBoard@79b63325[
  size=9
  solver=sudoku.model.BacktrackingSudokuSolver@708769b7
  board={{5,3,7,6,8,9,1,4,2},{4,6,2,5,1,3,9,7,8},{8,9,1,4,7,2,3,5,6},{9,7,3,8,2,6,4,1,5},{1,4,5,9,0,0,0,0,0},{0,0,0,0,0,0,0,0,0},{0,0,0,0,0,0,0,0,0},{0,0,0,0,0,0,0,0,0},{0,0,0,0,0,0,0,0,0}}
]
17:37:11.293 [main] INFO  sudoku.model.SudokuBoard - Wartość 0 wstawiona nieprawidłowo
17:37:11.293 [main] INFO  sudoku.model.SudokuBoard - Bład w kwadracie 0
sudoku.model.SudokuBoard@79b63325[
  size=9
  solver=sudoku.model.BacktrackingSudokuSolver@708769b7
  board={{5,3,7,6,8,9,1,4,2},{4,6,2,5,1,3,9,7,8},{8,9,1,4,7,2,3,5,6},{9,7,3,8,2,6,4,1,5},{1,4,5,0,0,0,0,0,0},{0,0,0,0,0,0,0,0,0},{0,0,0,0,0,0,0,0,0},{0,0,0,0,0,0,0,0,0},{0,0,0,0,0,0,0,0,0}}
]
17:37:11.293 [main] INFO  sudoku.model.SudokuBoard - Wartość 0 wstawiona nieprawidłowo
17:37:11.293 [main] INFO  sudoku.model.SudokuBoard - Bład w kwadracie 0
sudoku.model.SudokuBoard@79b63325[
  size=9
  solver=sudoku.model.BacktrackingSudokuSolver@708769b7
  board={{5,3,7,6,8,9,1,4,2},{4,6,2,5,1,3,9,7,8},{8,9,1,4,7,2,3,5,6},{9,7,3,8,2,6,4,1,5},{1,4,5,3,9,7,2,0,0},{0,0,0,0,0,0,0,0,0},{0,0,0,0,0,0,0,0,0},{0,0,0,0,0,0,0,0,0},{0,0,0,0,0,0,0,0,0}}
]
17:37:11.293 [main] INFO  sudoku.model.SudokuBoard - Wartość 0 wstawiona nieprawidłowo
17:37:11.293 [main] INFO  sudoku.model.SudokuBoard - Bład w kwadracie 0
sudoku.model.SudokuBoard@79b63325[
  size=9
  solver=sudoku.model.BacktrackingSudokuSolver@708769b7
  board={{5,3,7,6,8,9,1,4,2},{4,6,2,5,1,3,9,7,8},{8,9,1,4,7,2,3,5,6},{9,7,3,8,2,6,4,1,5},{1,4,5,3,9,7,2,0,0},{0,0,0,0,0,0,0,0,0},{0,0,0,0,0,0,0,0,0},{0,0,0,0,0,0,0,0,0},{0,0,0,0,0,0,0,0,0}}
]
17:37:11.295 [main] INFO  sudoku.model.SudokuBoard - Wartość 0 wstawiona nieprawidłowo
17:37:11.296 [main] INFO  sudoku.model.SudokuBoard - Bład w kwadracie 0
sudoku.model.SudokuBoard@79b63325[
  size=9
  solver=sudoku.model.BacktrackingSudokuSolver@708769b7
  board={{5,3,7,6,8,9,1,4,2},{4,6,2,5,1,3,9,7,8},{8,9,1,4,7,2,3,5,6},{9,7,3,8,2,6,4,1,5},{1,4,5,3,9,7,0,0,0},{0,0,0,0,0,0,0,0,0},{0,0,0,0,0,0,0,0,0},{0,0,0,0,0,0,0,0,0},{0,0,0,0,0,0,0,0,0}}
]
17:37:11.296 [main] INFO  sudoku.model.SudokuBoard - Wartość 0 wstawiona nieprawidłowo
17:37:11.296 [main] INFO  sudoku.model.SudokuBoard - Bład w kwadracie 0
sudoku.model.SudokuBoard@79b63325[
  size=9
  solver=sudoku.model.BacktrackingSudokuSolver@708769b7
  board={{5,3,7,6,8,9,1,4,2},{4,6,2,5,1,3,9,7,8},{8,9,1,4,7,2,3,5,6},{9,7,3,8,2,6,4,1,5},{1,4,5,3,9,7,6,0,0},{0,0,0,0,0,0,0,0,0},{0,0,0,0,0,0,0,0,0},{0,0,0,0,0,0,0,0,0},{0,0,0,0,0,0,0,0,0}}
]
17:37:11.296 [main] INFO  sudoku.model.SudokuBoard - Wartość 0 wstawiona nieprawidłowo
17:37:11.296 [main] INFO  sudoku.model.SudokuBoard - Bład w kwadracie 0
sudoku.model.SudokuBoard@79b63325[
  size=9
  solver=sudoku.model.BacktrackingSudokuSolver@708769b7
  board={{5,3,7,6,8,9,1,4,2},{4,6,2,5,1,3,9,7,8},{8,9,1,4,7,2,3,5,6},{9,7,3,8,2,6,4,1,5},{1,4,5,3,9,7,6,0,0},{0,0,0,0,0,0,0,0,0},{0,0,0,0,0,0,0,0,0},{0,0,0,0,0,0,0,0,0},{0,0,0,0,0,0,0,0,0}}
]
17:37:11.296 [main] INFO  sudoku.model.SudokuBoard - Wartość 0 wstawiona nieprawidłowo
17:37:11.296 [main] INFO  sudoku.model.SudokuBoard - Bład w kwadracie 0
sudoku.model.SudokuBoard@79b63325[
  size=9
  solver=sudoku.model.BacktrackingSudokuSolver@708769b7
  board={{5,3,7,6,8,9,1,4,2},{4,6,2,5,1,3,9,7,8},{8,9,1,4,7,2,3,5,6},{9,7,3,8,2,6,4,1,5},{1,4,5,3,9,7,0,0,0},{0,0,0,0,0,0,0,0,0},{0,0,0,0,0,0,0,0,0},{0,0,0,0,0,0,0,0,0},{0,0,0,0,0,0,0,0,0}}
]
17:37:11.296 [main] INFO  sudoku.model.SudokuBoard - Wartość 0 wstawiona nieprawidłowo
17:37:11.296 [main] INFO  sudoku.model.SudokuBoard - Bład w kwadracie 0
sudoku.model.SudokuBoard@79b63325[
  size=9
  solver=sudoku.model.BacktrackingSudokuSolver@708769b7
  board={{5,3,7,6,8,9,1,4,2},{4,6,2,5,1,3,9,7,8},{8,9,1,4,7,2,3,5,6},{9,7,3,8,2,6,4,1,5},{1,4,5,3,9,7,8,0,0},{0,0,0,0,0,0,0,0,0},{0,0,0,0,0,0,0,0,0},{0,0,0,0,0,0,0,0,0},{0,0,0,0,0,0,0,0,0}}
]
17:37:11.296 [main] INFO  sudoku.model.SudokuBoard - Wartość 0 wstawiona nieprawidłowo
17:37:11.296 [main] INFO  sudoku.model.SudokuBoard - Bład w kwadracie 0
sudoku.model.SudokuBoard@79b63325[
  size=9
  solver=sudoku.model.BacktrackingSudokuSolver@708769b7
  board={{5,3,7,6,8,9,1,4,2},{4,6,2,5,1,3,9,7,8},{8,9,1,4,7,2,3,5,6},{9,7,3,8,2,6,4,1,5},{1,4,5,3,9,7,8,0,0},{0,0,0,0,0,0,0,0,0},{0,0,0,0,0,0,0,0,0},{0,0,0,0,0,0,0,0,0},{0,0,0,0,0,0,0,0,0}}
]
17:37:11.297 [main] INFO  sudoku.model.SudokuBoard - Wartość 0 wstawiona nieprawidłowo
17:37:11.297 [main] INFO  sudoku.model.SudokuBoard - Bład w kwadracie 0
sudoku.model.SudokuBoard@79b63325[
  size=9
  solver=sudoku.model.BacktrackingSudokuSolver@708769b7
  board={{5,3,7,6,8,9,1,4,2},{4,6,2,5,1,3,9,7,8},{8,9,1,4,7,2,3,5,6},{9,7,3,8,2,6,4,1,5},{1,4,5,3,9,7,0,0,0},{0,0,0,0,0,0,0,0,0},{0,0,0,0,0,0,0,0,0},{0,0,0,0,0,0,0,0,0},{0,0,0,0,0,0,0,0,0}}
]
17:37:11.297 [main] INFO  sudoku.model.SudokuBoard - Wartość 0 wstawiona nieprawidłowo
17:37:11.297 [main] INFO  sudoku.model.SudokuBoard - Bład w kwadracie 0
sudoku.model.SudokuBoard@79b63325[
  size=9
  solver=sudoku.model.BacktrackingSudokuSolver@708769b7
  board={{5,3,7,6,8,9,1,4,2},{4,6,2,5,1,3,9,7,8},{8,9,1,4,7,2,3,5,6},{9,7,3,8,2,6,4,1,5},{1,4,5,3,9,0,0,0,0},{0,0,0,0,0,0,0,0,0},{0,0,0,0,0,0,0,0,0},{0,0,0,0,0,0,0,0,0},{0,0,0,0,0,0,0,0,0}}
]
17:37:11.297 [main] INFO  sudoku.model.SudokuBoard - Wartość 0 wstawiona nieprawidłowo
17:37:11.297 [main] INFO  sudoku.model.SudokuBoard - Bład w kwadracie 0
sudoku.model.SudokuBoard@79b63325[
  size=9
  solver=sudoku.model.BacktrackingSudokuSolver@708769b7
  board={{5,3,7,6,8,9,1,4,2},{4,6,2,5,1,3,9,7,8},{8,9,1,4,7,2,3,5,6},{9,7,3,8,2,6,4,1,5},{1,4,5,3,0,0,0,0,0},{0,0,0,0,0,0,0,0,0},{0,0,0,0,0,0,0,0,0},{0,0,0,0,0,0,0,0,0},{0,0,0,0,0,0,0,0,0}}
]
17:37:11.297 [main] INFO  sudoku.model.SudokuBoard - Wartość 0 wstawiona nieprawidłowo
17:37:11.297 [main] INFO  sudoku.model.SudokuBoard - Bład w kwadracie 0
sudoku.model.SudokuBoard@79b63325[
  size=9
  solver=sudoku.model.BacktrackingSudokuSolver@708769b7
  board={{5,3,7,6,8,9,1,4,2},{4,6,2,5,1,3,9,7,8},{8,9,1,4,7,2,3,5,6},{9,7,3,8,2,6,4,1,5},{1,4,5,0,0,0,0,0,0},{0,0,0,0,0,0,0,0,0},{0,0,0,0,0,0,0,0,0},{0,0,0,0,0,0,0,0,0},{0,0,0,0,0,0,0,0,0}}
]
17:37:11.297 [main] INFO  sudoku.model.SudokuBoard - Wartość 0 wstawiona nieprawidłowo
17:37:11.297 [main] INFO  sudoku.model.SudokuBoard - Bład w kwadracie 0
sudoku.model.SudokuBoard@79b63325[
  size=9
  solver=sudoku.model.BacktrackingSudokuSolver@708769b7
  board={{5,3,7,6,8,9,1,4,2},{4,6,2,5,1,3,9,7,8},{8,9,1,4,7,2,3,5,6},{9,7,3,8,2,6,4,1,5},{1,4,0,0,0,0,0,0,0},{0,0,0,0,0,0,0,0,0},{0,0,0,0,0,0,0,0,0},{0,0,0,0,0,0,0,0,0},{0,0,0,0,0,0,0,0,0}}
]
17:37:11.297 [main] INFO  sudoku.model.SudokuBoard - Wartość 0 wstawiona nieprawidłowo
17:37:11.297 [main] INFO  sudoku.model.SudokuBoard - Bład w kwadracie 0
sudoku.model.SudokuBoard@79b63325[
  size=9
  solver=sudoku.model.BacktrackingSudokuSolver@708769b7
  board={{5,3,7,6,8,9,1,4,2},{4,6,2,5,1,3,9,7,8},{8,9,1,4,7,2,3,5,6},{9,7,3,8,2,6,4,1,5},{1,4,6,7,0,0,0,0,0},{0,0,0,0,0,0,0,0,0},{0,0,0,0,0,0,0,0,0},{0,0,0,0,0,0,0,0,0},{0,0,0,0,0,0,0,0,0}}
]
17:37:11.297 [main] INFO  sudoku.model.SudokuBoard - Wartość 0 wstawiona nieprawidłowo
17:37:11.298 [main] INFO  sudoku.model.SudokuBoard - Bład w kwadracie 0
sudoku.model.SudokuBoard@79b63325[
  size=9
  solver=sudoku.model.BacktrackingSudokuSolver@708769b7
  board={{5,3,7,6,8,9,1,4,2},{4,6,2,5,1,3,9,7,8},{8,9,1,4,7,2,3,5,6},{9,7,3,8,2,6,4,1,5},{1,4,6,7,9,5,8,2,3},{2,5,8,1,3,4,7,0,0},{0,0,0,0,0,0,0,0,0},{0,0,0,0,0,0,0,0,0},{0,0,0,0,0,0,0,0,0}}
]
17:37:11.298 [main] INFO  sudoku.model.SudokuBoard - Wartość 0 wstawiona nieprawidłowo
17:37:11.298 [main] INFO  sudoku.model.SudokuBoard - Bład w kwadracie 0
sudoku.model.SudokuBoard@79b63325[
  size=9
  solver=sudoku.model.BacktrackingSudokuSolver@708769b7
  board={{5,3,7,6,8,9,1,4,2},{4,6,2,5,1,3,9,7,8},{8,9,1,4,7,2,3,5,6},{9,7,3,8,2,6,4,1,5},{1,4,6,7,9,5,8,2,3},{2,5,8,1,3,4,7,6,9},{3,8,5,9,6,7,0,0,0},{0,0,0,0,0,0,0,0,0},{0,0,0,0,0,0,0,0,0}}
]
17:37:11.298 [main] INFO  sudoku.model.SudokuBoard - Wartość 0 wstawiona nieprawidłowo
17:37:11.298 [main] INFO  sudoku.model.SudokuBoard - Bład w kwadracie 0
sudoku.model.SudokuBoard@79b63325[
  size=9
  solver=sudoku.model.BacktrackingSudokuSolver@708769b7
  board={{5,3,7,6,8,9,1,4,2},{4,6,2,5,1,3,9,7,8},{8,9,1,4,7,2,3,5,6},{9,7,3,8,2,6,4,1,5},{1,4,6,7,9,5,8,2,3},{2,5,8,1,3,4,7,6,9},{3,8,5,9,6,0,0,0,0},{0,0,0,0,0,0,0,0,0},{0,0,0,0,0,0,0,0,0}}
]
17:37:11.298 [main] INFO  sudoku.model.SudokuBoard - Wartość 0 wstawiona nieprawidłowo
17:37:11.299 [main] INFO  sudoku.model.SudokuBoard - Bład w kwadracie 0
sudoku.model.SudokuBoard@79b63325[
  size=9
  solver=sudoku.model.BacktrackingSudokuSolver@708769b7
  board={{5,3,7,6,8,9,1,4,2},{4,6,2,5,1,3,9,7,8},{8,9,1,4,7,2,3,5,6},{9,7,3,8,2,6,4,1,5},{1,4,6,7,9,5,8,2,3},{2,5,8,1,3,4,7,6,9},{3,8,5,9,6,1,0,0,0},{0,0,0,0,0,0,0,0,0},{0,0,0,0,0,0,0,0,0}}
]
17:37:11.299 [main] INFO  sudoku.model.SudokuBoard - Wartość 0 wstawiona nieprawidłowo
17:37:11.299 [main] INFO  sudoku.model.SudokuBoard - Bład w kwadracie 0
sudoku.model.SudokuBoard@79b63325[
  size=9
  solver=sudoku.model.BacktrackingSudokuSolver@708769b7
  board={{5,3,7,6,8,9,1,4,2},{4,6,2,5,1,3,9,7,8},{8,9,1,4,7,2,3,5,6},{9,7,3,8,2,6,4,1,5},{1,4,6,7,9,5,8,2,3},{2,5,8,1,3,4,7,6,9},{3,8,5,9,6,0,0,0,0},{0,0,0,0,0,0,0,0,0},{0,0,0,0,0,0,0,0,0}}
]
17:37:11.299 [main] INFO  sudoku.model.SudokuBoard - Wartość 0 wstawiona nieprawidłowo
17:37:11.299 [main] INFO  sudoku.model.SudokuBoard - Bład w kwadracie 0
sudoku.model.SudokuBoard@79b63325[
  size=9
  solver=sudoku.model.BacktrackingSudokuSolver@708769b7
  board={{5,3,7,6,8,9,1,4,2},{4,6,2,5,1,3,9,7,8},{8,9,1,4,7,2,3,5,6},{9,7,3,8,2,6,4,1,5},{1,4,6,7,9,5,8,2,3},{2,5,8,1,3,4,7,6,9},{3,8,5,9,0,0,0,0,0},{0,0,0,0,0,0,0,0,0},{0,0,0,0,0,0,0,0,0}}
]
17:37:11.299 [main] INFO  sudoku.model.SudokuBoard - Wartość 0 wstawiona nieprawidłowo
17:37:11.299 [main] INFO  sudoku.model.SudokuBoard - Bład w kwadracie 0
sudoku.model.SudokuBoard@79b63325[
  size=9
  solver=sudoku.model.BacktrackingSudokuSolver@708769b7
  board={{5,3,7,6,8,9,1,4,2},{4,6,2,5,1,3,9,7,8},{8,9,1,4,7,2,3,5,6},{9,7,3,8,2,6,4,1,5},{1,4,6,7,9,5,8,2,3},{2,5,8,1,3,4,7,6,9},{3,8,5,9,4,7,0,0,0},{0,0,0,0,0,0,0,0,0},{0,0,0,0,0,0,0,0,0}}
]
17:37:11.299 [main] INFO  sudoku.model.SudokuBoard - Wartość 0 wstawiona nieprawidłowo
17:37:11.299 [main] INFO  sudoku.model.SudokuBoard - Bład w kwadracie 0
sudoku.model.SudokuBoard@79b63325[
  size=9
  solver=sudoku.model.BacktrackingSudokuSolver@708769b7
  board={{5,3,7,6,8,9,1,4,2},{4,6,2,5,1,3,9,7,8},{8,9,1,4,7,2,3,5,6},{9,7,3,8,2,6,4,1,5},{1,4,6,7,9,5,8,2,3},{2,5,8,1,3,4,7,6,9},{3,8,5,9,4,7,0,0,0},{0,0,0,0,0,0,0,0,0},{0,0,0,0,0,0,0,0,0}}
]
17:37:11.299 [main] INFO  sudoku.model.SudokuBoard - Wartość 0 wstawiona nieprawidłowo
17:37:11.299 [main] INFO  sudoku.model.SudokuBoard - Bład w kwadracie 0
sudoku.model.SudokuBoard@79b63325[
  size=9
  solver=sudoku.model.BacktrackingSudokuSolver@708769b7
  board={{5,3,7,6,8,9,1,4,2},{4,6,2,5,1,3,9,7,8},{8,9,1,4,7,2,3,5,6},{9,7,3,8,2,6,4,1,5},{1,4,6,7,9,5,8,2,3},{2,5,8,1,3,4,7,6,9},{3,8,5,9,4,0,0,0,0},{0,0,0,0,0,0,0,0,0},{0,0,0,0,0,0,0,0,0}}
]
17:37:11.299 [main] INFO  sudoku.model.SudokuBoard - Wartość 0 wstawiona nieprawidłowo
17:37:11.299 [main] INFO  sudoku.model.SudokuBoard - Bład w kwadracie 0
sudoku.model.SudokuBoard@79b63325[
  size=9
  solver=sudoku.model.BacktrackingSudokuSolver@708769b7
  board={{5,3,7,6,8,9,1,4,2},{4,6,2,5,1,3,9,7,8},{8,9,1,4,7,2,3,5,6},{9,7,3,8,2,6,4,1,5},{1,4,6,7,9,5,8,2,3},{2,5,8,1,3,4,7,6,9},{3,8,5,9,4,1,0,0,0},{0,0,0,0,0,0,0,0,0},{0,0,0,0,0,0,0,0,0}}
]
17:37:11.299 [main] INFO  sudoku.model.SudokuBoard - Wartość 0 wstawiona nieprawidłowo
17:37:11.299 [main] INFO  sudoku.model.SudokuBoard - Bład w kwadracie 0
sudoku.model.SudokuBoard@79b63325[
  size=9
  solver=sudoku.model.BacktrackingSudokuSolver@708769b7
  board={{5,3,7,6,8,9,1,4,2},{4,6,2,5,1,3,9,7,8},{8,9,1,4,7,2,3,5,6},{9,7,3,8,2,6,4,1,5},{1,4,6,7,9,5,8,2,3},{2,5,8,1,3,4,7,6,9},{3,8,5,9,4,1,0,0,0},{0,0,0,0,0,0,0,0,0},{0,0,0,0,0,0,0,0,0}}
]
17:37:11.299 [main] INFO  sudoku.model.SudokuBoard - Wartość 0 wstawiona nieprawidłowo
17:37:11.300 [main] INFO  sudoku.model.SudokuBoard - Bład w kwadracie 0
sudoku.model.SudokuBoard@79b63325[
  size=9
  solver=sudoku.model.BacktrackingSudokuSolver@708769b7
  board={{5,3,7,6,8,9,1,4,2},{4,6,2,5,1,3,9,7,8},{8,9,1,4,7,2,3,5,6},{9,7,3,8,2,6,4,1,5},{1,4,6,7,9,5,8,2,3},{2,5,8,1,3,4,7,6,9},{3,8,5,9,4,0,0,0,0},{0,0,0,0,0,0,0,0,0},{0,0,0,0,0,0,0,0,0}}
]
17:37:11.300 [main] INFO  sudoku.model.SudokuBoard - Wartość 0 wstawiona nieprawidłowo
17:37:11.300 [main] INFO  sudoku.model.SudokuBoard - Bład w kwadracie 0
sudoku.model.SudokuBoard@79b63325[
  size=9
  solver=sudoku.model.BacktrackingSudokuSolver@708769b7
  board={{5,3,7,6,8,9,1,4,2},{4,6,2,5,1,3,9,7,8},{8,9,1,4,7,2,3,5,6},{9,7,3,8,2,6,4,1,5},{1,4,6,7,9,5,8,2,3},{2,5,8,1,3,4,7,6,9},{3,8,5,9,0,0,0,0,0},{0,0,0,0,0,0,0,0,0},{0,0,0,0,0,0,0,0,0}}
]
17:37:11.300 [main] INFO  sudoku.model.SudokuBoard - Wartość 0 wstawiona nieprawidłowo
17:37:11.300 [main] INFO  sudoku.model.SudokuBoard - Bład w kwadracie 0
sudoku.model.SudokuBoard@79b63325[
  size=9
  solver=sudoku.model.BacktrackingSudokuSolver@708769b7
  board={{5,3,7,6,8,9,1,4,2},{4,6,2,5,1,3,9,7,8},{8,9,1,4,7,2,3,5,6},{9,7,3,8,2,6,4,1,5},{1,4,6,7,9,5,8,2,3},{2,5,8,1,3,4,7,6,9},{3,8,5,0,0,0,0,0,0},{0,0,0,0,0,0,0,0,0},{0,0,0,0,0,0,0,0,0}}
]
17:37:11.300 [main] INFO  sudoku.model.SudokuBoard - Wartość 0 wstawiona nieprawidłowo
17:37:11.300 [main] INFO  sudoku.model.SudokuBoard - Bład w kwadracie 0
sudoku.model.SudokuBoard@79b63325[
  size=9
  solver=sudoku.model.BacktrackingSudokuSolver@708769b7
  board={{5,3,7,6,8,9,1,4,2},{4,6,2,5,1,3,9,7,8},{8,9,1,4,7,2,3,5,6},{9,7,3,8,2,6,4,1,5},{1,4,6,7,9,5,8,2,3},{2,5,8,1,3,4,7,6,9},{3,8,5,2,6,0,0,0,0},{0,0,0,0,0,0,0,0,0},{0,0,0,0,0,0,0,0,0}}
]
17:37:11.300 [main] INFO  sudoku.model.SudokuBoard - Wartość 0 wstawiona nieprawidłowo
17:37:11.300 [main] INFO  sudoku.model.SudokuBoard - Bład w kwadracie 0
sudoku.model.SudokuBoard@79b63325[
  size=9
  solver=sudoku.model.BacktrackingSudokuSolver@708769b7
  board={{5,3,7,6,8,9,1,4,2},{4,6,2,5,1,3,9,7,8},{8,9,1,4,7,2,3,5,6},{9,7,3,8,2,6,4,1,5},{1,4,6,7,9,5,8,2,3},{2,5,8,1,3,4,7,6,9},{3,8,5,2,6,0,0,0,0},{0,0,0,0,0,0,0,0,0},{0,0,0,0,0,0,0,0,0}}
]
17:37:11.300 [main] INFO  sudoku.model.SudokuBoard - Wartość 0 wstawiona nieprawidłowo
17:37:11.300 [main] INFO  sudoku.model.SudokuBoard - Bład w kwadracie 0
sudoku.model.SudokuBoard@79b63325[
  size=9
  solver=sudoku.model.BacktrackingSudokuSolver@708769b7
  board={{5,3,7,6,8,9,1,4,2},{4,6,2,5,1,3,9,7,8},{8,9,1,4,7,2,3,5,6},{9,7,3,8,2,6,4,1,5},{1,4,6,7,9,5,8,2,3},{2,5,8,1,3,4,7,6,9},{3,8,5,2,0,0,0,0,0},{0,0,0,0,0,0,0,0,0},{0,0,0,0,0,0,0,0,0}}
]
17:37:11.300 [main] INFO  sudoku.model.SudokuBoard - Wartość 0 wstawiona nieprawidłowo
17:37:11.300 [main] INFO  sudoku.model.SudokuBoard - Bład w kwadracie 0
sudoku.model.SudokuBoard@79b63325[
  size=9
  solver=sudoku.model.BacktrackingSudokuSolver@708769b7
  board={{5,3,7,6,8,9,1,4,2},{4,6,2,5,1,3,9,7,8},{8,9,1,4,7,2,3,5,6},{9,7,3,8,2,6,4,1,5},{1,4,6,7,9,5,8,2,3},{2,5,8,1,3,4,7,6,9},{3,8,5,2,4,7,6,9,1},{6,1,4,3,5,8,0,0,0},{0,0,0,0,0,0,0,0,0}}
]
17:37:11.301 [main] INFO  sudoku.model.SudokuBoard - Wartość 0 wstawiona nieprawidłowo
17:37:11.301 [main] INFO  sudoku.model.SudokuBoard - Bład w kwadracie 0
sudoku.model.SudokuBoard@79b63325[
  size=9
  solver=sudoku.model.BacktrackingSudokuSolver@708769b7
  board={{5,3,7,6,8,9,1,4,2},{4,6,2,5,1,3,9,7,8},{8,9,1,4,7,2,3,5,6},{9,7,3,8,2,6,4,1,5},{1,4,6,7,9,5,8,2,3},{2,5,8,1,3,4,7,6,9},{3,8,5,2,4,7,6,9,1},{6,1,4,3,5,0,0,0,0},{0,0,0,0,0,0,0,0,0}}
]
17:37:11.301 [main] INFO  sudoku.model.SudokuBoard - Wartość 0 wstawiona nieprawidłowo
17:37:11.301 [main] INFO  sudoku.model.SudokuBoard - Bład w kwadracie 0
sudoku.model.SudokuBoard@79b63325[
  size=9
  solver=sudoku.model.BacktrackingSudokuSolver@708769b7
  board={{5,3,7,6,8,9,1,4,2},{4,6,2,5,1,3,9,7,8},{8,9,1,4,7,2,3,5,6},{9,7,3,8,2,6,4,1,5},{1,4,6,7,9,5,8,2,3},{2,5,8,1,3,4,7,6,9},{3,8,5,2,4,7,6,9,1},{6,1,4,3,0,0,0,0,0},{0,0,0,0,0,0,0,0,0}}
]
17:37:11.301 [main] INFO  sudoku.model.SudokuBoard - Wartość 0 wstawiona nieprawidłowo
17:37:11.301 [main] INFO  sudoku.model.SudokuBoard - Bład w kwadracie 0
sudoku.model.SudokuBoard@79b63325[
  size=9
  solver=sudoku.model.BacktrackingSudokuSolver@708769b7
  board={{5,3,7,6,8,9,1,4,2},{4,6,2,5,1,3,9,7,8},{8,9,1,4,7,2,3,5,6},{9,7,3,8,2,6,4,1,5},{1,4,6,7,9,5,8,2,3},{2,5,8,1,3,4,7,6,9},{3,8,5,2,4,7,6,9,1},{6,1,4,0,0,0,0,0,0},{0,0,0,0,0,0,0,0,0}}
]
17:37:11.301 [main] INFO  sudoku.model.SudokuBoard - Wartość 0 wstawiona nieprawidłowo
17:37:11.301 [main] INFO  sudoku.model.SudokuBoard - Bład w kwadracie 0
sudoku.model.SudokuBoard@79b63325[
  size=9
  solver=sudoku.model.BacktrackingSudokuSolver@708769b7
  board={{1,3,7,6,8,9,1,4,2},{4,6,2,5,1,3,9,7,8},{8,9,1,4,7,2,3,5,6},{9,7,3,8,2,6,4,1,5},{1,4,6,7,9,5,8,2,3},{2,5,8,1,3,4,7,6,9},{3,8,5,2,4,7,6,9,1},{6,1,4,9,5,8,2,3,7},{7,2,9,3,6,1,5,8,4}}
]
17:37:11.301 [main] INFO  sudoku.model.SudokuBoard - Wartość 1 wstawiona nieprawidłowo
17:37:11.301 [main] INFO  sudoku.model.SudokuBoard - Bład w kwadracie 0
sudoku.model.SudokuBoard@79b63325[
  size=9
  solver=sudoku.model.BacktrackingSudokuSolver@708769b7
  board={{1,1,7,6,8,9,1,4,2},{4,6,2,5,1,3,9,7,8},{8,9,1,4,7,2,3,5,6},{9,7,3,8,2,6,4,1,5},{1,4,6,7,9,5,8,2,3},{2,5,8,1,3,4,7,6,9},{3,8,5,2,4,7,6,9,1},{6,1,4,9,5,8,2,3,7},{7,2,9,3,6,1,5,8,4}}
]
17:37:11.301 [main] INFO  sudoku.model.SudokuBoard - Wartość 1 wstawiona nieprawidłowo
17:37:11.301 [main] INFO  sudoku.model.SudokuBoard - Bład w kwadracie 0
sudoku.model.SudokuBoard@75cacb3e[
  size=9
  solver=sudoku.model.BacktrackingSudokuSolver@708769b7
  board={{1,1,7,6,8,9,1,4,2},{4,6,2,5,1,3,9,7,8},{8,9,1,4,7,2,3,5,6},{9,7,3,8,2,6,4,1,5},{1,4,6,7,9,5,8,2,3},{2,5,8,1,3,4,7,6,9},{3,8,5,2,4,7,6,9,1},{6,1,4,9,5,8,2,3,7},{7,2,9,3,6,1,5,8,4}}
]
]]></system-out>
  </testcase>
  <testcase name="testEqualsDiffrentInstance" classname="sudoku.model.SudokuBoardTest" time="0"/>
  <testcase name="cloneTest" classname="sudoku.model.SudokuBoardTest" time="0.011">
    <system-out><![CDATA[17:37:11.304 [main] INFO  sudoku.model.SudokuBoard - Bład w kwadracie 0
sudoku.model.SudokuBoard@29c59b6e[
  size=9
  solver=sudoku.model.BacktrackingSudokuSolver@483b7dc4
  board={{6,3,2,7,4,5,8,1,9},{1,4,5,2,8,3,6,0,0},{0,0,0,0,0,0,0,0,0},{0,0,0,0,0,0,0,0,0},{0,0,0,0,0,0,0,0,0},{0,0,0,0,0,0,0,0,0},{0,0,0,0,0,0,0,0,0},{0,0,0,0,0,0,0,0,0},{0,0,0,0,0,0,0,0,0}}
]
17:37:11.305 [main] INFO  sudoku.model.SudokuBoard - Wartość 0 wstawiona nieprawidłowo
17:37:11.305 [main] INFO  sudoku.model.SudokuBoard - Bład w kwadracie 0
sudoku.model.SudokuBoard@29c59b6e[
  size=9
  solver=sudoku.model.BacktrackingSudokuSolver@483b7dc4
  board={{6,3,2,7,4,5,8,1,9},{1,4,5,2,8,3,0,0,0},{0,0,0,0,0,0,0,0,0},{0,0,0,0,0,0,0,0,0},{0,0,0,0,0,0,0,0,0},{0,0,0,0,0,0,0,0,0},{0,0,0,0,0,0,0,0,0},{0,0,0,0,0,0,0,0,0},{0,0,0,0,0,0,0,0,0}}
]
17:37:11.305 [main] INFO  sudoku.model.SudokuBoard - Wartość 0 wstawiona nieprawidłowo
17:37:11.305 [main] INFO  sudoku.model.SudokuBoard - Bład w kwadracie 0
sudoku.model.SudokuBoard@29c59b6e[
  size=9
  solver=sudoku.model.BacktrackingSudokuSolver@483b7dc4
  board={{6,3,2,7,4,5,8,1,9},{1,4,5,2,8,3,7,0,0},{0,0,0,0,0,0,0,0,0},{0,0,0,0,0,0,0,0,0},{0,0,0,0,0,0,0,0,0},{0,0,0,0,0,0,0,0,0},{0,0,0,0,0,0,0,0,0},{0,0,0,0,0,0,0,0,0},{0,0,0,0,0,0,0,0,0}}
]
17:37:11.305 [main] INFO  sudoku.model.SudokuBoard - Wartość 0 wstawiona nieprawidłowo
17:37:11.306 [main] INFO  sudoku.model.SudokuBoard - Bład w kwadracie 0
sudoku.model.SudokuBoard@29c59b6e[
  size=9
  solver=sudoku.model.BacktrackingSudokuSolver@483b7dc4
  board={{6,3,2,7,4,5,8,1,9},{1,4,5,2,8,3,0,0,0},{0,0,0,0,0,0,0,0,0},{0,0,0,0,0,0,0,0,0},{0,0,0,0,0,0,0,0,0},{0,0,0,0,0,0,0,0,0},{0,0,0,0,0,0,0,0,0},{0,0,0,0,0,0,0,0,0},{0,0,0,0,0,0,0,0,0}}
]
17:37:11.306 [main] INFO  sudoku.model.SudokuBoard - Wartość 0 wstawiona nieprawidłowo
17:37:11.306 [main] INFO  sudoku.model.SudokuBoard - Bład w kwadracie 0
sudoku.model.SudokuBoard@29c59b6e[
  size=9
  solver=sudoku.model.BacktrackingSudokuSolver@483b7dc4
  board={{6,3,2,7,4,5,8,1,9},{1,4,5,2,8,0,0,0,0},{0,0,0,0,0,0,0,0,0},{0,0,0,0,0,0,0,0,0},{0,0,0,0,0,0,0,0,0},{0,0,0,0,0,0,0,0,0},{0,0,0,0,0,0,0,0,0},{0,0,0,0,0,0,0,0,0},{0,0,0,0,0,0,0,0,0}}
]
17:37:11.306 [main] INFO  sudoku.model.SudokuBoard - Wartość 0 wstawiona nieprawidłowo
17:37:11.306 [main] INFO  sudoku.model.SudokuBoard - Bład w kwadracie 0
sudoku.model.SudokuBoard@29c59b6e[
  size=9
  solver=sudoku.model.BacktrackingSudokuSolver@483b7dc4
  board={{6,3,2,7,4,5,8,1,9},{1,4,5,2,8,6,3,0,0},{0,0,0,0,0,0,0,0,0},{0,0,0,0,0,0,0,0,0},{0,0,0,0,0,0,0,0,0},{0,0,0,0,0,0,0,0,0},{0,0,0,0,0,0,0,0,0},{0,0,0,0,0,0,0,0,0},{0,0,0,0,0,0,0,0,0}}
]
17:37:11.306 [main] INFO  sudoku.model.SudokuBoard - Wartość 0 wstawiona nieprawidłowo
17:37:11.306 [main] INFO  sudoku.model.SudokuBoard - Bład w kwadracie 0
sudoku.model.SudokuBoard@29c59b6e[
  size=9
  solver=sudoku.model.BacktrackingSudokuSolver@483b7dc4
  board={{6,3,2,7,4,5,8,1,9},{1,4,5,2,8,6,0,0,0},{0,0,0,0,0,0,0,0,0},{0,0,0,0,0,0,0,0,0},{0,0,0,0,0,0,0,0,0},{0,0,0,0,0,0,0,0,0},{0,0,0,0,0,0,0,0,0},{0,0,0,0,0,0,0,0,0},{0,0,0,0,0,0,0,0,0}}
]
17:37:11.306 [main] INFO  sudoku.model.SudokuBoard - Wartość 0 wstawiona nieprawidłowo
17:37:11.306 [main] INFO  sudoku.model.SudokuBoard - Bład w kwadracie 0
sudoku.model.SudokuBoard@29c59b6e[
  size=9
  solver=sudoku.model.BacktrackingSudokuSolver@483b7dc4
  board={{6,3,2,7,4,5,8,1,9},{1,4,5,2,8,6,7,0,0},{0,0,0,0,0,0,0,0,0},{0,0,0,0,0,0,0,0,0},{0,0,0,0,0,0,0,0,0},{0,0,0,0,0,0,0,0,0},{0,0,0,0,0,0,0,0,0},{0,0,0,0,0,0,0,0,0},{0,0,0,0,0,0,0,0,0}}
]
17:37:11.306 [main] INFO  sudoku.model.SudokuBoard - Wartość 0 wstawiona nieprawidłowo
17:37:11.306 [main] INFO  sudoku.model.SudokuBoard - Bład w kwadracie 0
sudoku.model.SudokuBoard@29c59b6e[
  size=9
  solver=sudoku.model.BacktrackingSudokuSolver@483b7dc4
  board={{6,3,2,7,4,5,8,1,9},{1,4,5,2,8,6,0,0,0},{0,0,0,0,0,0,0,0,0},{0,0,0,0,0,0,0,0,0},{0,0,0,0,0,0,0,0,0},{0,0,0,0,0,0,0,0,0},{0,0,0,0,0,0,0,0,0},{0,0,0,0,0,0,0,0,0},{0,0,0,0,0,0,0,0,0}}
]
17:37:11.306 [main] INFO  sudoku.model.SudokuBoard - Wartość 0 wstawiona nieprawidłowo
17:37:11.306 [main] INFO  sudoku.model.SudokuBoard - Bład w kwadracie 0
sudoku.model.SudokuBoard@29c59b6e[
  size=9
  solver=sudoku.model.BacktrackingSudokuSolver@483b7dc4
  board={{6,3,2,7,4,5,8,1,9},{1,4,5,2,8,0,0,0,0},{0,0,0,0,0,0,0,0,0},{0,0,0,0,0,0,0,0,0},{0,0,0,0,0,0,0,0,0},{0,0,0,0,0,0,0,0,0},{0,0,0,0,0,0,0,0,0},{0,0,0,0,0,0,0,0,0},{0,0,0,0,0,0,0,0,0}}
]
17:37:11.306 [main] INFO  sudoku.model.SudokuBoard - Wartość 0 wstawiona nieprawidłowo
17:37:11.307 [main] INFO  sudoku.model.SudokuBoard - Bład w kwadracie 0
sudoku.model.SudokuBoard@29c59b6e[
  size=9
  solver=sudoku.model.BacktrackingSudokuSolver@483b7dc4
  board={{6,3,2,7,4,5,8,1,9},{1,4,5,2,8,9,7,6,3},{9,7,8,6,3,1,2,4,5},{8,6,1,5,7,2,3,9,4},{2,9,7,8,1,3,0,0,0},{0,0,0,0,0,0,0,0,0},{0,0,0,0,0,0,0,0,0},{0,0,0,0,0,0,0,0,0},{0,0,0,0,0,0,0,0,0}}
]
17:37:11.307 [main] INFO  sudoku.model.SudokuBoard - Wartość 0 wstawiona nieprawidłowo
17:37:11.307 [main] INFO  sudoku.model.SudokuBoard - Bład w kwadracie 0
sudoku.model.SudokuBoard@29c59b6e[
  size=9
  solver=sudoku.model.BacktrackingSudokuSolver@483b7dc4
  board={{6,3,2,7,4,5,8,1,9},{1,4,5,2,8,9,7,6,3},{9,7,8,6,3,1,2,4,5},{8,6,1,5,7,2,3,9,4},{2,9,7,8,1,3,6,0,0},{0,0,0,0,0,0,0,0,0},{0,0,0,0,0,0,0,0,0},{0,0,0,0,0,0,0,0,0},{0,0,0,0,0,0,0,0,0}}
]
17:37:11.307 [main] INFO  sudoku.model.SudokuBoard - Wartość 0 wstawiona nieprawidłowo
17:37:11.307 [main] INFO  sudoku.model.SudokuBoard - Bład w kwadracie 0
sudoku.model.SudokuBoard@29c59b6e[
  size=9
  solver=sudoku.model.BacktrackingSudokuSolver@483b7dc4
  board={{6,3,2,7,4,5,8,1,9},{1,4,5,2,8,9,7,6,3},{9,7,8,6,3,1,2,4,5},{8,6,1,5,7,2,3,9,4},{2,9,7,8,1,3,0,0,0},{0,0,0,0,0,0,0,0,0},{0,0,0,0,0,0,0,0,0},{0,0,0,0,0,0,0,0,0},{0,0,0,0,0,0,0,0,0}}
]
17:37:11.307 [main] INFO  sudoku.model.SudokuBoard - Wartość 0 wstawiona nieprawidłowo
17:37:11.307 [main] INFO  sudoku.model.SudokuBoard - Bład w kwadracie 0
sudoku.model.SudokuBoard@29c59b6e[
  size=9
  solver=sudoku.model.BacktrackingSudokuSolver@483b7dc4
  board={{6,3,2,7,4,5,8,1,9},{1,4,5,2,8,9,7,6,3},{9,7,8,6,3,1,2,4,5},{8,6,1,5,7,2,3,9,4},{2,9,7,8,1,0,0,0,0},{0,0,0,0,0,0,0,0,0},{0,0,0,0,0,0,0,0,0},{0,0,0,0,0,0,0,0,0},{0,0,0,0,0,0,0,0,0}}
]
17:37:11.307 [main] INFO  sudoku.model.SudokuBoard - Wartość 0 wstawiona nieprawidłowo
17:37:11.307 [main] INFO  sudoku.model.SudokuBoard - Bład w kwadracie 0
sudoku.model.SudokuBoard@29c59b6e[
  size=9
  solver=sudoku.model.BacktrackingSudokuSolver@483b7dc4
  board={{6,3,2,7,4,5,8,1,9},{1,4,5,2,8,9,7,6,3},{9,7,8,6,3,1,2,4,5},{8,6,1,5,7,2,3,9,4},{2,9,7,8,1,4,0,0,0},{0,0,0,0,0,0,0,0,0},{0,0,0,0,0,0,0,0,0},{0,0,0,0,0,0,0,0,0},{0,0,0,0,0,0,0,0,0}}
]
17:37:11.307 [main] INFO  sudoku.model.SudokuBoard - Wartość 0 wstawiona nieprawidłowo
17:37:11.308 [main] INFO  sudoku.model.SudokuBoard - Bład w kwadracie 0
sudoku.model.SudokuBoard@29c59b6e[
  size=9
  solver=sudoku.model.BacktrackingSudokuSolver@483b7dc4
  board={{6,3,2,7,4,5,8,1,9},{1,4,5,2,8,9,7,6,3},{9,7,8,6,3,1,2,4,5},{8,6,1,5,7,2,3,9,4},{2,9,7,8,1,4,6,0,0},{0,0,0,0,0,0,0,0,0},{0,0,0,0,0,0,0,0,0},{0,0,0,0,0,0,0,0,0},{0,0,0,0,0,0,0,0,0}}
]
17:37:11.308 [main] INFO  sudoku.model.SudokuBoard - Wartość 0 wstawiona nieprawidłowo
17:37:11.308 [main] INFO  sudoku.model.SudokuBoard - Bład w kwadracie 0
sudoku.model.SudokuBoard@29c59b6e[
  size=9
  solver=sudoku.model.BacktrackingSudokuSolver@483b7dc4
  board={{6,3,2,7,4,5,8,1,9},{1,4,5,2,8,9,7,6,3},{9,7,8,6,3,1,2,4,5},{8,6,1,5,7,2,3,9,4},{2,9,7,8,1,4,0,0,0},{0,0,0,0,0,0,0,0,0},{0,0,0,0,0,0,0,0,0},{0,0,0,0,0,0,0,0,0},{0,0,0,0,0,0,0,0,0}}
]
17:37:11.308 [main] INFO  sudoku.model.SudokuBoard - Wartość 0 wstawiona nieprawidłowo
17:37:11.308 [main] INFO  sudoku.model.SudokuBoard - Bład w kwadracie 0
sudoku.model.SudokuBoard@29c59b6e[
  size=9
  solver=sudoku.model.BacktrackingSudokuSolver@483b7dc4
  board={{6,3,2,7,4,5,8,1,9},{1,4,5,2,8,9,7,6,3},{9,7,8,6,3,1,2,4,5},{8,6,1,5,7,2,3,9,4},{2,9,7,8,1,0,0,0,0},{0,0,0,0,0,0,0,0,0},{0,0,0,0,0,0,0,0,0},{0,0,0,0,0,0,0,0,0},{0,0,0,0,0,0,0,0,0}}
]
17:37:11.308 [main] INFO  sudoku.model.SudokuBoard - Wartość 0 wstawiona nieprawidłowo
17:37:11.308 [main] INFO  sudoku.model.SudokuBoard - Bład w kwadracie 0
sudoku.model.SudokuBoard@29c59b6e[
  size=9
  solver=sudoku.model.BacktrackingSudokuSolver@483b7dc4
  board={{6,3,2,7,4,5,8,1,9},{1,4,5,2,8,9,7,6,3},{9,7,8,6,3,1,2,4,5},{8,6,1,5,7,2,3,9,4},{2,9,7,8,1,6,0,0,0},{0,0,0,0,0,0,0,0,0},{0,0,0,0,0,0,0,0,0},{0,0,0,0,0,0,0,0,0},{0,0,0,0,0,0,0,0,0}}
]
17:37:11.308 [main] INFO  sudoku.model.SudokuBoard - Wartość 0 wstawiona nieprawidłowo
17:37:11.308 [main] INFO  sudoku.model.SudokuBoard - Bład w kwadracie 0
sudoku.model.SudokuBoard@29c59b6e[
  size=9
  solver=sudoku.model.BacktrackingSudokuSolver@483b7dc4
  board={{6,3,2,7,4,5,8,1,9},{1,4,5,2,8,9,7,6,3},{9,7,8,6,3,1,2,4,5},{8,6,1,5,7,2,3,9,4},{2,9,7,8,1,0,0,0,0},{0,0,0,0,0,0,0,0,0},{0,0,0,0,0,0,0,0,0},{0,0,0,0,0,0,0,0,0},{0,0,0,0,0,0,0,0,0}}
]
17:37:11.308 [main] INFO  sudoku.model.SudokuBoard - Wartość 0 wstawiona nieprawidłowo
17:37:11.308 [main] INFO  sudoku.model.SudokuBoard - Bład w kwadracie 0
sudoku.model.SudokuBoard@29c59b6e[
  size=9
  solver=sudoku.model.BacktrackingSudokuSolver@483b7dc4
  board={{6,3,2,7,4,5,8,1,9},{1,4,5,2,8,9,7,6,3},{9,7,8,6,3,1,2,4,5},{8,6,1,5,7,2,3,9,4},{2,9,7,8,0,0,0,0,0},{0,0,0,0,0,0,0,0,0},{0,0,0,0,0,0,0,0,0},{0,0,0,0,0,0,0,0,0},{0,0,0,0,0,0,0,0,0}}
]
17:37:11.308 [main] INFO  sudoku.model.SudokuBoard - Wartość 0 wstawiona nieprawidłowo
17:37:11.308 [main] INFO  sudoku.model.SudokuBoard - Bład w kwadracie 0
sudoku.model.SudokuBoard@29c59b6e[
  size=9
  solver=sudoku.model.BacktrackingSudokuSolver@483b7dc4
  board={{6,3,2,7,4,5,8,1,9},{1,4,5,2,8,9,7,6,3},{9,7,8,6,3,1,2,4,5},{8,6,1,5,7,2,3,9,4},{2,9,7,8,6,3,1,0,0},{0,0,0,0,0,0,0,0,0},{0,0,0,0,0,0,0,0,0},{0,0,0,0,0,0,0,0,0},{0,0,0,0,0,0,0,0,0}}
]
17:37:11.308 [main] INFO  sudoku.model.SudokuBoard - Wartość 0 wstawiona nieprawidłowo
17:37:11.308 [main] INFO  sudoku.model.SudokuBoard - Bład w kwadracie 0
sudoku.model.SudokuBoard@29c59b6e[
  size=9
  solver=sudoku.model.BacktrackingSudokuSolver@483b7dc4
  board={{6,3,2,7,4,5,8,1,9},{1,4,5,2,8,9,7,6,3},{9,7,8,6,3,1,2,4,5},{8,6,1,5,7,2,3,9,4},{2,9,7,8,6,3,0,0,0},{0,0,0,0,0,0,0,0,0},{0,0,0,0,0,0,0,0,0},{0,0,0,0,0,0,0,0,0},{0,0,0,0,0,0,0,0,0}}
]
17:37:11.308 [main] INFO  sudoku.model.SudokuBoard - Wartość 0 wstawiona nieprawidłowo
17:37:11.309 [main] INFO  sudoku.model.SudokuBoard - Bład w kwadracie 0
sudoku.model.SudokuBoard@29c59b6e[
  size=9
  solver=sudoku.model.BacktrackingSudokuSolver@483b7dc4
  board={{6,3,2,7,4,5,8,1,9},{1,4,5,2,8,9,7,6,3},{9,7,8,6,3,1,2,4,5},{8,6,1,5,7,2,3,9,4},{2,9,7,8,6,3,0,0,0},{0,0,0,0,0,0,0,0,0},{0,0,0,0,0,0,0,0,0},{0,0,0,0,0,0,0,0,0},{0,0,0,0,0,0,0,0,0}}
]
17:37:11.309 [main] INFO  sudoku.model.SudokuBoard - Wartość 0 wstawiona nieprawidłowo
17:37:11.309 [main] INFO  sudoku.model.SudokuBoard - Bład w kwadracie 0
sudoku.model.SudokuBoard@29c59b6e[
  size=9
  solver=sudoku.model.BacktrackingSudokuSolver@483b7dc4
  board={{6,3,2,7,4,5,8,1,9},{1,4,5,2,8,9,7,6,3},{9,7,8,6,3,1,2,4,5},{8,6,1,5,7,2,3,9,4},{2,9,7,8,6,0,0,0,0},{0,0,0,0,0,0,0,0,0},{0,0,0,0,0,0,0,0,0},{0,0,0,0,0,0,0,0,0},{0,0,0,0,0,0,0,0,0}}
]
17:37:11.309 [main] INFO  sudoku.model.SudokuBoard - Wartość 0 wstawiona nieprawidłowo
17:37:11.309 [main] INFO  sudoku.model.SudokuBoard - Bład w kwadracie 0
sudoku.model.SudokuBoard@29c59b6e[
  size=9
  solver=sudoku.model.BacktrackingSudokuSolver@483b7dc4
  board={{6,3,2,7,4,5,8,1,9},{1,4,5,2,8,9,7,6,3},{9,7,8,6,3,1,2,4,5},{8,6,1,5,7,2,3,9,4},{2,9,7,8,6,4,1,0,0},{0,0,0,0,0,0,0,0,0},{0,0,0,0,0,0,0,0,0},{0,0,0,0,0,0,0,0,0},{0,0,0,0,0,0,0,0,0}}
]
17:37:11.309 [main] INFO  sudoku.model.SudokuBoard - Wartość 0 wstawiona nieprawidłowo
17:37:11.309 [main] INFO  sudoku.model.SudokuBoard - Bład w kwadracie 0
sudoku.model.SudokuBoard@29c59b6e[
  size=9
  solver=sudoku.model.BacktrackingSudokuSolver@483b7dc4
  board={{6,3,2,7,4,5,8,1,9},{1,4,5,2,8,9,7,6,3},{9,7,8,6,3,1,2,4,5},{8,6,1,5,7,2,3,9,4},{2,9,7,8,6,4,0,0,0},{0,0,0,0,0,0,0,0,0},{0,0,0,0,0,0,0,0,0},{0,0,0,0,0,0,0,0,0},{0,0,0,0,0,0,0,0,0}}
]
17:37:11.309 [main] INFO  sudoku.model.SudokuBoard - Wartość 0 wstawiona nieprawidłowo
17:37:11.309 [main] INFO  sudoku.model.SudokuBoard - Bład w kwadracie 0
sudoku.model.SudokuBoard@29c59b6e[
  size=9
  solver=sudoku.model.BacktrackingSudokuSolver@483b7dc4
  board={{6,3,2,7,4,5,8,1,9},{1,4,5,2,8,9,7,6,3},{9,7,8,6,3,1,2,4,5},{8,6,1,5,7,2,3,9,4},{2,9,7,8,6,4,0,0,0},{0,0,0,0,0,0,0,0,0},{0,0,0,0,0,0,0,0,0},{0,0,0,0,0,0,0,0,0},{0,0,0,0,0,0,0,0,0}}
]
17:37:11.310 [main] INFO  sudoku.model.SudokuBoard - Wartość 0 wstawiona nieprawidłowo
17:37:11.310 [main] INFO  sudoku.model.SudokuBoard - Bład w kwadracie 0
sudoku.model.SudokuBoard@29c59b6e[
  size=9
  solver=sudoku.model.BacktrackingSudokuSolver@483b7dc4
  board={{6,3,2,7,4,5,8,1,9},{1,4,5,2,8,9,7,6,3},{9,7,8,6,3,1,2,4,5},{8,6,1,5,7,2,3,9,4},{2,9,7,8,6,0,0,0,0},{0,0,0,0,0,0,0,0,0},{0,0,0,0,0,0,0,0,0},{0,0,0,0,0,0,0,0,0},{0,0,0,0,0,0,0,0,0}}
]
17:37:11.310 [main] INFO  sudoku.model.SudokuBoard - Wartość 0 wstawiona nieprawidłowo
17:37:11.310 [main] INFO  sudoku.model.SudokuBoard - Bład w kwadracie 0
sudoku.model.SudokuBoard@29c59b6e[
  size=9
  solver=sudoku.model.BacktrackingSudokuSolver@483b7dc4
  board={{6,3,2,7,4,5,8,1,9},{1,4,5,2,8,9,7,6,3},{9,7,8,6,3,1,2,4,5},{8,6,1,5,7,2,3,9,4},{2,9,7,8,0,0,0,0,0},{0,0,0,0,0,0,0,0,0},{0,0,0,0,0,0,0,0,0},{0,0,0,0,0,0,0,0,0},{0,0,0,0,0,0,0,0,0}}
]
17:37:11.310 [main] INFO  sudoku.model.SudokuBoard - Wartość 0 wstawiona nieprawidłowo
17:37:11.310 [main] INFO  sudoku.model.SudokuBoard - Bład w kwadracie 0
sudoku.model.SudokuBoard@29c59b6e[
  size=9
  solver=sudoku.model.BacktrackingSudokuSolver@483b7dc4
  board={{6,3,2,7,4,5,8,1,9},{1,4,5,2,8,9,7,6,3},{9,7,8,6,3,1,2,4,5},{8,6,1,5,7,2,3,9,4},{2,9,7,0,0,0,0,0,0},{0,0,0,0,0,0,0,0,0},{0,0,0,0,0,0,0,0,0},{0,0,0,0,0,0,0,0,0},{0,0,0,0,0,0,0,0,0}}
]
17:37:11.310 [main] INFO  sudoku.model.SudokuBoard - Wartość 0 wstawiona nieprawidłowo
17:37:11.310 [main] INFO  sudoku.model.SudokuBoard - Bład w kwadracie 0
sudoku.model.SudokuBoard@29c59b6e[
  size=9
  solver=sudoku.model.BacktrackingSudokuSolver@483b7dc4
  board={{6,3,2,7,4,5,8,1,9},{1,4,5,2,8,9,7,6,3},{9,7,8,6,3,1,2,4,5},{8,6,1,5,7,2,3,9,4},{2,9,7,1,6,8,0,0,0},{0,0,0,0,0,0,0,0,0},{0,0,0,0,0,0,0,0,0},{0,0,0,0,0,0,0,0,0},{0,0,0,0,0,0,0,0,0}}
]
17:37:11.310 [main] INFO  sudoku.model.SudokuBoard - Wartość 0 wstawiona nieprawidłowo
17:37:11.310 [main] INFO  sudoku.model.SudokuBoard - Bład w kwadracie 0
sudoku.model.SudokuBoard@29c59b6e[
  size=9
  solver=sudoku.model.BacktrackingSudokuSolver@483b7dc4
  board={{6,3,2,7,4,5,8,1,9},{1,4,5,2,8,9,7,6,3},{9,7,8,6,3,1,2,4,5},{8,6,1,5,7,2,3,9,4},{2,9,7,1,6,0,0,0,0},{0,0,0,0,0,0,0,0,0},{0,0,0,0,0,0,0,0,0},{0,0,0,0,0,0,0,0,0},{0,0,0,0,0,0,0,0,0}}
]
17:37:11.310 [main] INFO  sudoku.model.SudokuBoard - Wartość 0 wstawiona nieprawidłowo
17:37:11.312 [main] INFO  sudoku.model.SudokuBoard - Bład w kwadracie 0
sudoku.model.SudokuBoard@29c59b6e[
  size=9
  solver=sudoku.model.BacktrackingSudokuSolver@483b7dc4
  board={{6,3,2,7,4,5,8,1,9},{1,4,5,2,8,9,7,6,3},{9,7,8,6,3,1,2,4,5},{8,6,1,5,7,2,3,9,4},{2,9,7,1,6,3,5,0,0},{0,0,0,0,0,0,0,0,0},{0,0,0,0,0,0,0,0,0},{0,0,0,0,0,0,0,0,0},{0,0,0,0,0,0,0,0,0}}
]
17:37:11.312 [main] INFO  sudoku.model.SudokuBoard - Wartość 0 wstawiona nieprawidłowo
17:37:11.313 [main] INFO  sudoku.model.SudokuBoard - Bład w kwadracie 0
sudoku.model.SudokuBoard@29c59b6e[
  size=9
  solver=sudoku.model.BacktrackingSudokuSolver@483b7dc4
  board={{6,3,2,7,4,5,8,1,9},{1,4,5,2,8,9,7,6,3},{9,7,8,6,3,1,2,4,5},{8,6,1,5,7,2,3,9,4},{2,9,7,1,6,3,0,0,0},{0,0,0,0,0,0,0,0,0},{0,0,0,0,0,0,0,0,0},{0,0,0,0,0,0,0,0,0},{0,0,0,0,0,0,0,0,0}}
]
17:37:11.313 [main] INFO  sudoku.model.SudokuBoard - Wartość 0 wstawiona nieprawidłowo
17:37:11.313 [main] INFO  sudoku.model.SudokuBoard - Bład w kwadracie 0
sudoku.model.SudokuBoard@29c59b6e[
  size=9
  solver=sudoku.model.BacktrackingSudokuSolver@483b7dc4
  board={{6,3,2,7,4,5,8,1,9},{1,4,5,2,8,9,7,6,3},{9,7,8,6,3,1,2,4,5},{8,6,1,5,7,2,3,9,4},{2,9,7,1,6,0,0,0,0},{0,0,0,0,0,0,0,0,0},{0,0,0,0,0,0,0,0,0},{0,0,0,0,0,0,0,0,0},{0,0,0,0,0,0,0,0,0}}
]
17:37:11.313 [main] INFO  sudoku.model.SudokuBoard - Wartość 0 wstawiona nieprawidłowo
17:37:11.313 [main] INFO  sudoku.model.SudokuBoard - Bład w kwadracie 0
sudoku.model.SudokuBoard@29c59b6e[
  size=9
  solver=sudoku.model.BacktrackingSudokuSolver@483b7dc4
  board={{6,3,2,7,4,5,8,1,9},{1,4,5,2,8,9,7,6,3},{9,7,8,6,3,1,2,4,5},{8,6,1,5,7,2,3,9,4},{2,9,7,1,6,4,5,0,0},{0,0,0,0,0,0,0,0,0},{0,0,0,0,0,0,0,0,0},{0,0,0,0,0,0,0,0,0},{0,0,0,0,0,0,0,0,0}}
]
17:37:11.313 [main] INFO  sudoku.model.SudokuBoard - Wartość 0 wstawiona nieprawidłowo
17:37:11.313 [main] INFO  sudoku.model.SudokuBoard - Bład w kwadracie 0
sudoku.model.SudokuBoard@29c59b6e[
  size=9
  solver=sudoku.model.BacktrackingSudokuSolver@483b7dc4
  board={{6,3,2,7,4,5,8,1,9},{1,4,5,2,8,9,7,6,3},{9,7,8,6,3,1,2,4,5},{8,6,1,5,7,2,3,9,4},{2,9,7,1,6,4,0,0,0},{0,0,0,0,0,0,0,0,0},{0,0,0,0,0,0,0,0,0},{0,0,0,0,0,0,0,0,0},{0,0,0,0,0,0,0,0,0}}
]
17:37:11.313 [main] INFO  sudoku.model.SudokuBoard - Wartość 0 wstawiona nieprawidłowo
17:37:11.313 [main] INFO  sudoku.model.SudokuBoard - Bład w kwadracie 0
sudoku.model.SudokuBoard@29c59b6e[
  size=9
  solver=sudoku.model.BacktrackingSudokuSolver@483b7dc4
  board={{6,3,2,7,4,5,8,1,9},{1,4,5,2,8,9,7,6,3},{9,7,8,6,3,1,2,4,5},{8,6,1,5,7,2,3,9,4},{2,9,7,1,6,0,0,0,0},{0,0,0,0,0,0,0,0,0},{0,0,0,0,0,0,0,0,0},{0,0,0,0,0,0,0,0,0},{0,0,0,0,0,0,0,0,0}}
]
17:37:11.313 [main] INFO  sudoku.model.SudokuBoard - Wartość 0 wstawiona nieprawidłowo
17:37:11.313 [main] INFO  sudoku.model.SudokuBoard - Bład w kwadracie 0
sudoku.model.SudokuBoard@29c59b6e[
  size=9
  solver=sudoku.model.BacktrackingSudokuSolver@483b7dc4
  board={{6,3,2,7,4,5,8,1,9},{1,4,5,2,8,9,7,6,3},{9,7,8,6,3,1,2,4,5},{8,6,1,5,7,2,3,9,4},{2,9,7,1,0,0,0,0,0},{0,0,0,0,0,0,0,0,0},{0,0,0,0,0,0,0,0,0},{0,0,0,0,0,0,0,0,0},{0,0,0,0,0,0,0,0,0}}
]
17:37:11.313 [main] INFO  sudoku.model.SudokuBoard - Wartość 0 wstawiona nieprawidłowo
17:37:11.313 [main] INFO  sudoku.model.SudokuBoard - Bład w kwadracie 0
sudoku.model.SudokuBoard@29c59b6e[
  size=9
  solver=sudoku.model.BacktrackingSudokuSolver@483b7dc4
  board={{6,3,2,7,4,5,8,1,9},{1,4,5,2,8,9,7,6,3},{9,7,8,6,3,1,2,4,5},{8,6,1,5,7,2,3,9,4},{2,9,7,0,0,0,0,0,0},{0,0,0,0,0,0,0,0,0},{0,0,0,0,0,0,0,0,0},{0,0,0,0,0,0,0,0,0},{0,0,0,0,0,0,0,0,0}}
]
17:37:11.313 [main] INFO  sudoku.model.SudokuBoard - Wartość 0 wstawiona nieprawidłowo
17:37:11.314 [main] INFO  sudoku.model.SudokuBoard - Bład w kwadracie 0
sudoku.model.SudokuBoard@29c59b6e[
  size=9
  solver=sudoku.model.BacktrackingSudokuSolver@483b7dc4
  board={{6,3,2,7,4,5,8,1,9},{1,4,5,2,8,9,7,6,3},{9,7,8,6,3,1,2,4,5},{8,6,1,5,7,2,3,9,4},{2,9,7,3,6,8,0,0,0},{0,0,0,0,0,0,0,0,0},{0,0,0,0,0,0,0,0,0},{0,0,0,0,0,0,0,0,0},{0,0,0,0,0,0,0,0,0}}
]
17:37:11.314 [main] INFO  sudoku.model.SudokuBoard - Wartość 0 wstawiona nieprawidłowo
17:37:11.314 [main] INFO  sudoku.model.SudokuBoard - Bład w kwadracie 0
sudoku.model.SudokuBoard@29c59b6e[
  size=9
  solver=sudoku.model.BacktrackingSudokuSolver@483b7dc4
  board={{6,3,2,7,4,5,8,1,9},{1,4,5,2,8,9,7,6,3},{9,7,8,6,3,1,2,4,5},{8,6,1,5,7,2,3,9,4},{2,9,7,3,6,8,1,0,0},{0,0,0,0,0,0,0,0,0},{0,0,0,0,0,0,0,0,0},{0,0,0,0,0,0,0,0,0},{0,0,0,0,0,0,0,0,0}}
]
17:37:11.314 [main] INFO  sudoku.model.SudokuBoard - Wartość 0 wstawiona nieprawidłowo
17:37:11.314 [main] INFO  sudoku.model.SudokuBoard - Bład w kwadracie 0
sudoku.model.SudokuBoard@29c59b6e[
  size=9
  solver=sudoku.model.BacktrackingSudokuSolver@483b7dc4
  board={{6,3,2,7,4,5,8,1,9},{1,4,5,2,8,9,7,6,3},{9,7,8,6,3,1,2,4,5},{8,6,1,5,7,2,3,9,4},{2,9,7,3,6,8,0,0,0},{0,0,0,0,0,0,0,0,0},{0,0,0,0,0,0,0,0,0},{0,0,0,0,0,0,0,0,0},{0,0,0,0,0,0,0,0,0}}
]
17:37:11.314 [main] INFO  sudoku.model.SudokuBoard - Wartość 0 wstawiona nieprawidłowo
17:37:11.314 [main] INFO  sudoku.model.SudokuBoard - Bład w kwadracie 0
sudoku.model.SudokuBoard@29c59b6e[
  size=9
  solver=sudoku.model.BacktrackingSudokuSolver@483b7dc4
  board={{6,3,2,7,4,5,8,1,9},{1,4,5,2,8,9,7,6,3},{9,7,8,6,3,1,2,4,5},{8,6,1,5,7,2,3,9,4},{2,9,7,3,6,0,0,0,0},{0,0,0,0,0,0,0,0,0},{0,0,0,0,0,0,0,0,0},{0,0,0,0,0,0,0,0,0},{0,0,0,0,0,0,0,0,0}}
]
17:37:11.314 [main] INFO  sudoku.model.SudokuBoard - Wartość 0 wstawiona nieprawidłowo
17:37:11.314 [main] INFO  sudoku.model.SudokuBoard - Bład w kwadracie 0
sudoku.model.SudokuBoard@29c59b6e[
  size=9
  solver=sudoku.model.BacktrackingSudokuSolver@483b7dc4
  board={{6,3,2,7,4,5,8,1,9},{1,4,5,2,8,9,7,6,3},{9,7,8,6,3,1,2,4,5},{8,6,1,5,7,2,3,9,4},{2,9,7,3,6,4,1,5,8},{3,5,4,8,0,0,0,0,0},{0,0,0,0,0,0,0,0,0},{0,0,0,0,0,0,0,0,0},{0,0,0,0,0,0,0,0,0}}
]
17:37:11.314 [main] INFO  sudoku.model.SudokuBoard - Wartość 0 wstawiona nieprawidłowo
17:37:11.314 [main] INFO  sudoku.model.SudokuBoard - Bład w kwadracie 0
sudoku.model.SudokuBoard@29c59b6e[
  size=9
  solver=sudoku.model.BacktrackingSudokuSolver@483b7dc4
  board={{6,3,2,7,4,5,8,1,9},{1,4,5,2,8,9,7,6,3},{9,7,8,6,3,1,2,4,5},{8,6,1,5,7,2,3,9,4},{2,9,7,3,6,4,1,5,8},{3,5,4,8,0,0,0,0,0},{0,0,0,0,0,0,0,0,0},{0,0,0,0,0,0,0,0,0},{0,0,0,0,0,0,0,0,0}}
]
17:37:11.314 [main] INFO  sudoku.model.SudokuBoard - Wartość 0 wstawiona nieprawidłowo
17:37:11.314 [main] INFO  sudoku.model.SudokuBoard - Bład w kwadracie 0
sudoku.model.SudokuBoard@29c59b6e[
  size=9
  solver=sudoku.model.BacktrackingSudokuSolver@483b7dc4
  board={{6,3,2,7,4,5,8,1,9},{1,4,5,2,8,9,7,6,3},{9,7,8,6,3,1,2,4,5},{8,6,1,5,7,2,3,9,4},{2,9,7,3,6,4,1,5,8},{3,5,4,0,0,0,0,0,0},{0,0,0,0,0,0,0,0,0},{0,0,0,0,0,0,0,0,0},{0,0,0,0,0,0,0,0,0}}
]
17:37:11.314 [main] INFO  sudoku.model.SudokuBoard - Wartość 0 wstawiona nieprawidłowo
17:37:11.315 [main] INFO  sudoku.model.SudokuBoard - Bład w kwadracie 0
sudoku.model.SudokuBoard@29c59b6e[
  size=9
  solver=sudoku.model.BacktrackingSudokuSolver@483b7dc4
  board={{6,3,2,7,4,5,8,1,9},{1,4,5,2,8,9,7,6,3},{9,7,8,6,3,1,2,4,5},{8,6,1,5,7,2,3,9,4},{2,9,7,3,6,4,1,5,8},{3,5,4,9,1,8,6,7,2},{5,1,9,4,2,0,0,0,0},{0,0,0,0,0,0,0,0,0},{0,0,0,0,0,0,0,0,0}}
]
17:37:11.315 [main] INFO  sudoku.model.SudokuBoard - Wartość 0 wstawiona nieprawidłowo
17:37:11.315 [main] INFO  sudoku.model.SudokuBoard - Bład w kwadracie 0
sudoku.model.SudokuBoard@29c59b6e[
  size=9
  solver=sudoku.model.BacktrackingSudokuSolver@483b7dc4
  board={{6,3,2,7,4,5,8,1,9},{1,4,5,2,8,9,7,6,3},{9,7,8,6,3,1,2,4,5},{8,6,1,5,7,2,3,9,4},{2,9,7,3,6,4,1,5,8},{3,5,4,9,1,8,6,7,2},{5,1,9,4,2,0,0,0,0},{0,0,0,0,0,0,0,0,0},{0,0,0,0,0,0,0,0,0}}
]
17:37:11.315 [main] INFO  sudoku.model.SudokuBoard - Wartość 0 wstawiona nieprawidłowo
17:37:11.315 [main] INFO  sudoku.model.SudokuBoard - Bład w kwadracie 0
sudoku.model.SudokuBoard@29c59b6e[
  size=9
  solver=sudoku.model.BacktrackingSudokuSolver@483b7dc4
  board={{6,3,2,7,4,5,8,1,9},{1,4,5,2,8,9,7,6,3},{9,7,8,6,3,1,2,4,5},{8,6,1,5,7,2,3,9,4},{2,9,7,3,6,4,1,5,8},{3,5,4,9,1,8,6,7,2},{5,1,9,4,2,0,0,0,0},{0,0,0,0,0,0,0,0,0},{0,0,0,0,0,0,0,0,0}}
]
17:37:11.315 [main] INFO  sudoku.model.SudokuBoard - Wartość 0 wstawiona nieprawidłowo
17:37:11.315 [main] INFO  sudoku.model.SudokuBoard - Bład w kwadracie 0
sudoku.model.SudokuBoard@29c59b6e[
  size=9
  solver=sudoku.model.BacktrackingSudokuSolver@483b7dc4
  board={{6,3,2,7,4,5,8,1,9},{1,4,5,2,8,9,7,6,3},{9,7,8,6,3,1,2,4,5},{8,6,1,5,7,2,3,9,4},{2,9,7,3,6,4,1,5,8},{3,5,4,9,1,8,6,7,2},{5,1,9,4,0,0,0,0,0},{0,0,0,0,0,0,0,0,0},{0,0,0,0,0,0,0,0,0}}
]
17:37:11.315 [main] INFO  sudoku.model.SudokuBoard - Wartość 0 wstawiona nieprawidłowo
17:37:11.315 [main] INFO  sudoku.model.SudokuBoard - Bład w kwadracie 0
sudoku.model.SudokuBoard@29c59b6e[
  size=9
  solver=sudoku.model.BacktrackingSudokuSolver@483b7dc4
  board={{6,3,2,7,4,5,8,1,9},{1,4,5,2,8,9,7,6,3},{9,7,8,6,3,1,2,4,5},{8,6,1,5,7,2,3,9,4},{2,9,7,3,6,4,1,5,8},{3,5,4,9,1,8,6,7,2},{5,1,9,0,0,0,0,0,0},{0,0,0,0,0,0,0,0,0},{0,0,0,0,0,0,0,0,0}}
]
17:37:11.315 [main] INFO  sudoku.model.SudokuBoard - Wartość 0 wstawiona nieprawidłowo
]]></system-out>
  </testcase>
  <testcase name="checkBoardTestColumnFalse" classname="sudoku.model.SudokuBoardTest" time="0.005">
    <system-out><![CDATA[17:37:11.317 [main] INFO  sudoku.model.SudokuBoard - Bład w kwadracie 0
sudoku.model.SudokuBoard@4cfc0c48[
  size=9
  solver=sudoku.model.BacktrackingSudokuSolver@59d5c537
  board={{2,5,7,8,3,4,6,9,1},{1,8,9,7,2,6,5,3,4},{3,4,6,5,9,1,2,7,8},{6,2,3,4,7,9,8,0,0},{0,0,0,0,0,0,0,0,0},{0,0,0,0,0,0,0,0,0},{0,0,0,0,0,0,0,0,0},{0,0,0,0,0,0,0,0,0},{0,0,0,0,0,0,0,0,0}}
]
17:37:11.317 [main] INFO  sudoku.model.SudokuBoard - Wartość 0 wstawiona nieprawidłowo
17:37:11.317 [main] INFO  sudoku.model.SudokuBoard - Bład w kwadracie 0
sudoku.model.SudokuBoard@4cfc0c48[
  size=9
  solver=sudoku.model.BacktrackingSudokuSolver@59d5c537
  board={{2,5,7,8,3,4,6,9,1},{1,8,9,7,2,6,5,3,4},{3,4,6,5,9,1,2,7,8},{6,2,3,4,7,9,8,1,5},{4,7,1,6,5,8,9,2,3},{8,9,5,2,1,3,4,6,7},{5,1,2,3,4,0,0,0,0},{0,0,0,0,0,0,0,0,0},{0,0,0,0,0,0,0,0,0}}
]
17:37:11.317 [main] INFO  sudoku.model.SudokuBoard - Wartość 0 wstawiona nieprawidłowo
17:37:11.317 [main] INFO  sudoku.model.SudokuBoard - Bład w kwadracie 0
sudoku.model.SudokuBoard@4cfc0c48[
  size=9
  solver=sudoku.model.BacktrackingSudokuSolver@59d5c537
  board={{2,5,7,8,3,4,6,9,1},{1,8,9,7,2,6,5,3,4},{3,4,6,5,9,1,2,7,8},{6,2,3,4,7,9,8,1,5},{4,7,1,6,5,8,9,2,3},{8,9,5,2,1,3,4,6,7},{5,1,2,3,0,0,0,0,0},{0,0,0,0,0,0,0,0,0},{0,0,0,0,0,0,0,0,0}}
]
17:37:11.317 [main] INFO  sudoku.model.SudokuBoard - Wartość 0 wstawiona nieprawidłowo
17:37:11.317 [main] INFO  sudoku.model.SudokuBoard - Bład w kwadracie 0
sudoku.model.SudokuBoard@4cfc0c48[
  size=9
  solver=sudoku.model.BacktrackingSudokuSolver@59d5c537
  board={{2,5,7,8,3,4,6,9,1},{1,8,9,7,2,6,5,3,4},{3,4,6,5,9,1,2,7,8},{6,2,3,4,7,9,8,1,5},{4,7,1,6,5,8,9,2,3},{8,9,5,2,1,3,4,6,7},{5,1,2,3,6,0,0,0,0},{0,0,0,0,0,0,0,0,0},{0,0,0,0,0,0,0,0,0}}
]
17:37:11.317 [main] INFO  sudoku.model.SudokuBoard - Wartość 0 wstawiona nieprawidłowo
17:37:11.317 [main] INFO  sudoku.model.SudokuBoard - Bład w kwadracie 0
sudoku.model.SudokuBoard@4cfc0c48[
  size=9
  solver=sudoku.model.BacktrackingSudokuSolver@59d5c537
  board={{2,5,7,8,3,4,6,9,1},{1,8,9,7,2,6,5,3,4},{3,4,6,5,9,1,2,7,8},{6,2,3,4,7,9,8,1,5},{4,7,1,6,5,8,9,2,3},{8,9,5,2,1,3,4,6,7},{5,1,2,3,0,0,0,0,0},{0,0,0,0,0,0,0,0,0},{0,0,0,0,0,0,0,0,0}}
]
17:37:11.317 [main] INFO  sudoku.model.SudokuBoard - Wartość 0 wstawiona nieprawidłowo
17:37:11.317 [main] INFO  sudoku.model.SudokuBoard - Bład w kwadracie 0
sudoku.model.SudokuBoard@4cfc0c48[
  size=9
  solver=sudoku.model.BacktrackingSudokuSolver@59d5c537
  board={{2,5,7,8,3,4,6,9,1},{1,8,9,7,2,6,5,3,4},{3,4,6,5,9,1,2,7,8},{6,2,3,4,7,9,8,1,5},{4,7,1,6,5,8,9,2,3},{8,9,5,2,1,3,4,6,7},{5,1,2,3,8,0,0,0,0},{0,0,0,0,0,0,0,0,0},{0,0,0,0,0,0,0,0,0}}
]
17:37:11.317 [main] INFO  sudoku.model.SudokuBoard - Wartość 0 wstawiona nieprawidłowo
17:37:11.318 [main] INFO  sudoku.model.SudokuBoard - Bład w kwadracie 0
sudoku.model.SudokuBoard@4cfc0c48[
  size=9
  solver=sudoku.model.BacktrackingSudokuSolver@59d5c537
  board={{2,5,7,8,3,4,6,9,1},{1,8,9,7,2,6,5,3,4},{3,4,6,5,9,1,2,7,8},{6,2,3,4,7,9,8,1,5},{4,7,1,6,5,8,9,2,3},{8,9,5,2,1,3,4,6,7},{5,1,2,3,0,0,0,0,0},{0,0,0,0,0,0,0,0,0},{0,0,0,0,0,0,0,0,0}}
]
17:37:11.318 [main] INFO  sudoku.model.SudokuBoard - Wartość 0 wstawiona nieprawidłowo
17:37:11.318 [main] INFO  sudoku.model.SudokuBoard - Bład w kwadracie 0
sudoku.model.SudokuBoard@4cfc0c48[
  size=9
  solver=sudoku.model.BacktrackingSudokuSolver@59d5c537
  board={{2,5,7,8,3,4,6,9,1},{1,8,9,7,2,6,5,3,4},{3,4,6,5,9,1,2,7,8},{6,2,3,4,7,9,8,1,5},{4,7,1,6,5,8,9,2,3},{8,9,5,2,1,3,4,6,7},{5,1,2,0,0,0,0,0,0},{0,0,0,0,0,0,0,0,0},{0,0,0,0,0,0,0,0,0}}
]
17:37:11.318 [main] INFO  sudoku.model.SudokuBoard - Wartość 0 wstawiona nieprawidłowo
17:37:11.318 [main] INFO  sudoku.model.SudokuBoard - Bład w kwadracie 0
sudoku.model.SudokuBoard@4cfc0c48[
  size=9
  solver=sudoku.model.BacktrackingSudokuSolver@59d5c537
  board={{2,5,7,8,3,4,6,9,1},{1,8,9,7,2,6,5,3,4},{3,4,6,5,9,1,2,7,8},{6,2,3,4,7,9,8,1,5},{4,7,1,6,5,8,9,2,3},{8,9,5,2,1,3,4,6,7},{5,1,2,9,8,7,3,4,6},{7,3,4,1,6,0,0,0,0},{0,0,0,0,0,0,0,0,0}}
]
17:37:11.318 [main] INFO  sudoku.model.SudokuBoard - Wartość 0 wstawiona nieprawidłowo
17:37:11.318 [main] INFO  sudoku.model.SudokuBoard - Bład w kwadracie 0
sudoku.model.SudokuBoard@4cfc0c48[
  size=9
  solver=sudoku.model.BacktrackingSudokuSolver@59d5c537
  board={{2,5,7,8,3,4,6,9,1},{1,8,9,7,2,6,5,3,4},{3,4,6,5,9,1,2,7,8},{6,2,3,4,7,9,8,1,5},{4,7,1,6,5,8,9,2,3},{8,9,5,2,1,3,4,6,7},{5,1,2,9,8,7,3,4,6},{7,3,4,1,6,0,0,0,0},{0,0,0,0,0,0,0,0,0}}
]
17:37:11.318 [main] INFO  sudoku.model.SudokuBoard - Wartość 0 wstawiona nieprawidłowo
17:37:11.318 [main] INFO  sudoku.model.SudokuBoard - Bład w kwadracie 0
sudoku.model.SudokuBoard@4cfc0c48[
  size=9
  solver=sudoku.model.BacktrackingSudokuSolver@59d5c537
  board={{2,5,7,8,3,4,6,9,1},{1,8,9,7,2,6,5,3,4},{3,4,6,5,9,1,2,7,8},{6,2,3,4,7,9,8,1,5},{4,7,1,6,5,8,9,2,3},{8,9,5,2,1,3,4,6,7},{5,1,2,9,8,7,3,4,6},{7,3,4,1,0,0,0,0,0},{0,0,0,0,0,0,0,0,0}}
]
17:37:11.318 [main] INFO  sudoku.model.SudokuBoard - Wartość 0 wstawiona nieprawidłowo
17:37:11.318 [main] INFO  sudoku.model.SudokuBoard - Bład w kwadracie 0
sudoku.model.SudokuBoard@4cfc0c48[
  size=9
  solver=sudoku.model.BacktrackingSudokuSolver@59d5c537
  board={{2,5,7,8,3,4,6,9,1},{1,8,9,7,2,6,5,3,4},{3,4,6,5,9,1,2,7,8},{6,2,3,4,7,9,8,1,5},{4,7,1,6,5,8,9,2,3},{8,9,5,2,1,3,4,6,7},{5,1,2,9,8,7,3,4,6},{7,3,4,0,0,0,0,0,0},{0,0,0,0,0,0,0,0,0}}
]
17:37:11.318 [main] INFO  sudoku.model.SudokuBoard - Wartość 0 wstawiona nieprawidłowo
17:37:11.318 [main] INFO  sudoku.model.SudokuBoard - Bład w kwadracie 0
sudoku.model.SudokuBoard@4cfc0c48[
  size=9
  solver=sudoku.model.BacktrackingSudokuSolver@59d5c537
  board={{2,5,7,8,3,4,6,9,1},{1,8,9,7,2,6,5,3,4},{3,4,6,5,9,1,2,7,8},{6,2,3,4,7,9,8,1,5},{4,7,1,6,5,8,9,2,3},{8,9,5,2,1,3,4,6,7},{5,1,2,9,8,7,3,4,6},{7,3,0,0,0,0,0,0,0},{0,0,0,0,0,0,0,0,0}}
]
17:37:11.318 [main] INFO  sudoku.model.SudokuBoard - Wartość 0 wstawiona nieprawidłowo
17:37:11.318 [main] INFO  sudoku.model.SudokuBoard - Bład w kwadracie 0
sudoku.model.SudokuBoard@4cfc0c48[
  size=9
  solver=sudoku.model.BacktrackingSudokuSolver@59d5c537
  board={{2,5,7,8,3,4,6,9,1},{1,8,9,7,2,6,5,3,4},{3,4,6,5,9,1,2,7,8},{6,2,3,4,7,9,8,1,5},{4,7,1,6,5,8,9,2,3},{8,9,5,2,1,3,4,6,7},{5,1,2,9,8,7,3,4,6},{7,3,8,1,4,0,0,0,0},{0,0,0,0,0,0,0,0,0}}
]
17:37:11.318 [main] INFO  sudoku.model.SudokuBoard - Wartość 0 wstawiona nieprawidłowo
17:37:11.319 [main] INFO  sudoku.model.SudokuBoard - Bład w kwadracie 0
sudoku.model.SudokuBoard@4cfc0c48[
  size=9
  solver=sudoku.model.BacktrackingSudokuSolver@59d5c537
  board={{2,5,7,8,3,4,6,9,1},{1,8,9,7,2,6,5,3,4},{3,4,6,5,9,1,2,7,8},{6,2,3,4,7,9,8,1,5},{4,7,1,6,5,8,9,2,3},{8,9,5,2,1,3,4,6,7},{5,1,2,9,8,7,3,4,6},{7,3,8,1,4,0,0,0,0},{0,0,0,0,0,0,0,0,0}}
]
17:37:11.319 [main] INFO  sudoku.model.SudokuBoard - Wartość 0 wstawiona nieprawidłowo
17:37:11.319 [main] INFO  sudoku.model.SudokuBoard - Bład w kwadracie 0
sudoku.model.SudokuBoard@4cfc0c48[
  size=9
  solver=sudoku.model.BacktrackingSudokuSolver@59d5c537
  board={{2,5,7,8,3,4,6,9,1},{1,8,9,7,2,6,5,3,4},{3,4,6,5,9,1,2,7,8},{6,2,3,4,7,9,8,1,5},{4,7,1,6,5,8,9,2,3},{8,9,5,2,1,3,4,6,7},{5,1,2,9,8,7,3,4,6},{7,3,8,1,0,0,0,0,0},{0,0,0,0,0,0,0,0,0}}
]
17:37:11.319 [main] INFO  sudoku.model.SudokuBoard - Wartość 0 wstawiona nieprawidłowo
17:37:11.319 [main] INFO  sudoku.model.SudokuBoard - Bład w kwadracie 0
sudoku.model.SudokuBoard@4cfc0c48[
  size=9
  solver=sudoku.model.BacktrackingSudokuSolver@59d5c537
  board={{2,5,7,8,3,4,6,9,1},{1,8,9,7,2,6,5,3,4},{3,4,6,5,9,1,2,7,8},{6,2,3,4,7,9,8,1,5},{4,7,1,6,5,8,9,2,3},{8,9,5,2,1,3,4,6,7},{5,1,2,9,8,7,3,4,6},{7,3,8,1,6,0,0,0,0},{0,0,0,0,0,0,0,0,0}}
]
17:37:11.319 [main] INFO  sudoku.model.SudokuBoard - Wartość 0 wstawiona nieprawidłowo
17:37:11.319 [main] INFO  sudoku.model.SudokuBoard - Bład w kwadracie 0
sudoku.model.SudokuBoard@4cfc0c48[
  size=9
  solver=sudoku.model.BacktrackingSudokuSolver@59d5c537
  board={{2,5,7,8,3,4,6,9,1},{1,8,9,7,2,6,5,3,4},{3,4,6,5,9,1,2,7,8},{6,2,3,4,7,9,8,1,5},{4,7,1,6,5,8,9,2,3},{8,9,5,2,1,3,4,6,7},{5,1,2,9,8,7,3,4,6},{7,3,8,1,6,0,0,0,0},{0,0,0,0,0,0,0,0,0}}
]
17:37:11.319 [main] INFO  sudoku.model.SudokuBoard - Wartość 0 wstawiona nieprawidłowo
17:37:11.319 [main] INFO  sudoku.model.SudokuBoard - Bład w kwadracie 0
sudoku.model.SudokuBoard@4cfc0c48[
  size=9
  solver=sudoku.model.BacktrackingSudokuSolver@59d5c537
  board={{2,5,7,8,3,4,6,9,1},{1,8,9,7,2,6,5,3,4},{3,4,6,5,9,1,2,7,8},{6,2,3,4,7,9,8,1,5},{4,7,1,6,5,8,9,2,3},{8,9,5,2,1,3,4,6,7},{5,1,2,9,8,7,3,4,6},{7,3,8,1,0,0,0,0,0},{0,0,0,0,0,0,0,0,0}}
]
17:37:11.319 [main] INFO  sudoku.model.SudokuBoard - Wartość 0 wstawiona nieprawidłowo
17:37:11.319 [main] INFO  sudoku.model.SudokuBoard - Bład w kwadracie 0
sudoku.model.SudokuBoard@4cfc0c48[
  size=9
  solver=sudoku.model.BacktrackingSudokuSolver@59d5c537
  board={{2,5,7,8,3,4,6,9,1},{1,8,9,7,2,6,5,3,4},{3,4,6,5,9,1,2,7,8},{6,2,3,4,7,9,8,1,5},{4,7,1,6,5,8,9,2,3},{8,9,5,2,1,3,4,6,7},{5,1,2,9,8,7,3,4,6},{7,3,8,0,0,0,0,0,0},{0,0,0,0,0,0,0,0,0}}
]
17:37:11.319 [main] INFO  sudoku.model.SudokuBoard - Wartość 0 wstawiona nieprawidłowo
17:37:11.319 [main] INFO  sudoku.model.SudokuBoard - Bład w kwadracie 0
sudoku.model.SudokuBoard@4cfc0c48[
  size=9
  solver=sudoku.model.BacktrackingSudokuSolver@59d5c537
  board={{2,5,7,8,3,4,6,9,1},{1,8,9,7,2,6,5,3,4},{3,4,6,5,9,1,2,7,8},{6,2,3,4,7,9,8,1,5},{4,7,1,6,5,8,9,2,3},{8,9,5,2,1,3,4,6,7},{5,1,2,9,8,7,3,4,6},{7,3,0,0,0,0,0,0,0},{0,0,0,0,0,0,0,0,0}}
]
17:37:11.319 [main] INFO  sudoku.model.SudokuBoard - Wartość 0 wstawiona nieprawidłowo
17:37:11.319 [main] INFO  sudoku.model.SudokuBoard - Bład w kwadracie 0
sudoku.model.SudokuBoard@4cfc0c48[
  size=9
  solver=sudoku.model.BacktrackingSudokuSolver@59d5c537
  board={{2,5,7,8,3,4,6,9,1},{1,8,9,7,2,6,5,3,4},{3,4,6,5,9,1,2,7,8},{6,2,3,4,7,9,8,1,5},{4,7,1,6,5,8,9,2,3},{8,9,5,2,1,3,4,6,7},{5,1,2,9,8,7,3,4,6},{7,0,0,0,0,0,0,0,0},{0,0,0,0,0,0,0,0,0}}
]
17:37:11.319 [main] INFO  sudoku.model.SudokuBoard - Wartość 0 wstawiona nieprawidłowo
17:37:11.320 [main] INFO  sudoku.model.SudokuBoard - Bład w kwadracie 0
sudoku.model.SudokuBoard@4cfc0c48[
  size=9
  solver=sudoku.model.BacktrackingSudokuSolver@59d5c537
  board={{2,5,7,8,3,4,6,9,1},{1,8,9,7,2,6,5,3,4},{3,4,6,5,9,1,2,7,8},{6,2,3,4,7,9,8,1,5},{4,7,1,6,5,8,9,2,3},{8,9,5,2,1,3,4,6,7},{5,1,2,9,8,7,3,4,6},{7,6,4,0,0,0,0,0,0},{0,0,0,0,0,0,0,0,0}}
]
17:37:11.320 [main] INFO  sudoku.model.SudokuBoard - Wartość 0 wstawiona nieprawidłowo
17:37:11.320 [main] INFO  sudoku.model.SudokuBoard - Bład w kwadracie 0
sudoku.model.SudokuBoard@4cfc0c48[
  size=9
  solver=sudoku.model.BacktrackingSudokuSolver@59d5c537
  board={{2,5,7,8,3,4,6,9,1},{1,8,9,7,2,6,5,3,4},{3,4,6,5,9,1,2,7,8},{6,2,3,4,7,9,8,1,5},{4,7,1,6,5,8,9,2,3},{8,9,5,2,1,3,4,6,7},{5,1,2,9,8,7,3,4,6},{7,6,4,0,0,0,0,0,0},{0,0,0,0,0,0,0,0,0}}
]
17:37:11.320 [main] INFO  sudoku.model.SudokuBoard - Wartość 0 wstawiona nieprawidłowo
17:37:11.320 [main] INFO  sudoku.model.SudokuBoard - Bład w kwadracie 0
sudoku.model.SudokuBoard@4cfc0c48[
  size=9
  solver=sudoku.model.BacktrackingSudokuSolver@59d5c537
  board={{2,5,7,8,3,4,6,9,1},{1,8,9,7,2,6,5,3,4},{3,4,6,5,9,1,2,7,8},{6,2,3,4,7,9,8,1,5},{4,7,1,6,5,8,9,2,3},{8,9,5,2,1,3,4,6,7},{5,1,2,9,8,7,3,4,6},{7,6,0,0,0,0,0,0,0},{0,0,0,0,0,0,0,0,0}}
]
17:37:11.320 [main] INFO  sudoku.model.SudokuBoard - Wartość 0 wstawiona nieprawidłowo
17:37:11.320 [main] INFO  sudoku.model.SudokuBoard - Bład w kwadracie 0
sudoku.model.SudokuBoard@4cfc0c48[
  size=9
  solver=sudoku.model.BacktrackingSudokuSolver@59d5c537
  board={{2,5,7,8,3,4,6,9,1},{1,8,9,7,2,6,5,3,4},{3,4,6,5,9,1,2,7,8},{6,2,3,4,7,9,8,1,5},{4,7,1,6,5,8,9,2,3},{8,9,5,2,1,3,4,6,7},{5,1,2,9,8,7,3,4,6},{7,6,8,1,4,0,0,0,0},{0,0,0,0,0,0,0,0,0}}
]
17:37:11.320 [main] INFO  sudoku.model.SudokuBoard - Wartość 0 wstawiona nieprawidłowo
17:37:11.320 [main] INFO  sudoku.model.SudokuBoard - Bład w kwadracie 0
sudoku.model.SudokuBoard@4cfc0c48[
  size=9
  solver=sudoku.model.BacktrackingSudokuSolver@59d5c537
  board={{2,5,7,8,3,4,6,9,1},{1,8,9,7,2,6,5,3,4},{3,4,6,5,9,1,2,7,8},{6,2,3,4,7,9,8,1,5},{4,7,1,6,5,8,9,2,3},{8,9,5,2,1,3,4,6,7},{5,1,2,9,8,7,3,4,6},{7,6,8,1,4,0,0,0,0},{0,0,0,0,0,0,0,0,0}}
]
17:37:11.320 [main] INFO  sudoku.model.SudokuBoard - Wartość 0 wstawiona nieprawidłowo
17:37:11.320 [main] INFO  sudoku.model.SudokuBoard - Bład w kwadracie 0
sudoku.model.SudokuBoard@4cfc0c48[
  size=9
  solver=sudoku.model.BacktrackingSudokuSolver@59d5c537
  board={{2,5,7,8,3,4,6,9,1},{1,8,9,7,2,6,5,3,4},{3,4,6,5,9,1,2,7,8},{6,2,3,4,7,9,8,1,5},{4,7,1,6,5,8,9,2,3},{8,9,5,2,1,3,4,6,7},{5,1,2,9,8,7,3,4,6},{7,6,8,1,0,0,0,0,0},{0,0,0,0,0,0,0,0,0}}
]
17:37:11.320 [main] INFO  sudoku.model.SudokuBoard - Wartość 0 wstawiona nieprawidłowo
17:37:11.320 [main] INFO  sudoku.model.SudokuBoard - Bład w kwadracie 0
sudoku.model.SudokuBoard@4cfc0c48[
  size=9
  solver=sudoku.model.BacktrackingSudokuSolver@59d5c537
  board={{2,5,7,8,3,4,6,9,1},{1,8,9,7,2,6,5,3,4},{3,4,6,5,9,1,2,7,8},{6,2,3,4,7,9,8,1,5},{4,7,1,6,5,8,9,2,3},{8,9,5,2,1,3,4,6,7},{5,1,2,9,8,7,3,4,6},{7,6,8,0,0,0,0,0,0},{0,0,0,0,0,0,0,0,0}}
]
17:37:11.321 [main] INFO  sudoku.model.SudokuBoard - Wartość 0 wstawiona nieprawidłowo
17:37:11.321 [main] INFO  sudoku.model.SudokuBoard - Bład w kwadracie 0
sudoku.model.SudokuBoard@4cfc0c48[
  size=9
  solver=sudoku.model.BacktrackingSudokuSolver@59d5c537
  board={{2,5,7,8,3,4,6,9,1},{2,8,9,7,2,6,5,3,4},{3,4,6,5,9,1,2,7,8},{6,2,3,4,7,9,8,1,5},{4,7,1,6,5,8,9,2,3},{8,9,5,2,1,3,4,6,7},{5,1,2,9,8,7,3,4,6},{7,6,8,3,4,2,1,5,9},{9,3,4,1,6,5,7,8,2}}
]
17:37:11.321 [main] INFO  sudoku.model.SudokuBoard - Wartość 2 wstawiona nieprawidłowo
17:37:11.321 [main] INFO  sudoku.model.SudokuBoard - Bład w kwadracie 0
sudoku.model.SudokuBoard@4cfc0c48[
  size=9
  solver=sudoku.model.BacktrackingSudokuSolver@59d5c537
  board={{2,5,7,8,3,4,6,9,1},{2,8,9,7,2,6,5,3,4},{2,4,6,5,9,1,2,7,8},{6,2,3,4,7,9,8,1,5},{4,7,1,6,5,8,9,2,3},{8,9,5,2,1,3,4,6,7},{5,1,2,9,8,7,3,4,6},{7,6,8,3,4,2,1,5,9},{9,3,4,1,6,5,7,8,2}}
]
17:37:11.321 [main] INFO  sudoku.model.SudokuBoard - Wartość 2 wstawiona nieprawidłowo
17:37:11.321 [main] INFO  sudoku.model.SudokuBoard - Bład w kwadracie 0
sudoku.model.SudokuBoard@20be890d[
  size=9
  solver=sudoku.model.BacktrackingSudokuSolver@59d5c537
  board={{2,5,7,8,3,4,6,9,1},{2,8,9,7,2,6,5,3,4},{2,4,6,5,9,1,2,7,8},{6,2,3,4,7,9,8,1,5},{4,7,1,6,5,8,9,2,3},{8,9,5,2,1,3,4,6,7},{5,1,2,9,8,7,3,4,6},{7,6,8,3,4,2,1,5,9},{9,3,4,1,6,5,7,8,2}}
]
]]></system-out>
  </testcase>
  <testcase name="testEqualsNull" classname="sudoku.model.SudokuBoardTest" time="0.002"/>
  <testcase name="testEqualsSame" classname="sudoku.model.SudokuBoardTest" time="0.001"/>
  <testcase name="checkBoardTest" classname="sudoku.model.SudokuBoardTest" time="0.004">
    <system-out><![CDATA[17:37:11.329 [main] INFO  sudoku.model.SudokuBoard - Bład w kwadracie 0
sudoku.model.SudokuBoard@534762ed[
  size=9
  solver=sudoku.model.BacktrackingSudokuSolver@6c421123
  board={{8,6,2,9,3,4,5,7,1},{1,4,3,5,6,7,2,9,8},{5,7,9,8,1,2,4,3,6},{6,8,4,7,2,9,1,5,3},{9,1,5,4,8,3,6,2,7},{7,0,0,0,0,0,0,0,0},{0,0,0,0,0,0,0,0,0},{0,0,0,0,0,0,0,0,0},{0,0,0,0,0,0,0,0,0}}
]
17:37:11.329 [main] INFO  sudoku.model.SudokuBoard - Wartość 0 wstawiona nieprawidłowo
17:37:11.329 [main] INFO  sudoku.model.SudokuBoard - Bład w kwadracie 0
sudoku.model.SudokuBoard@534762ed[
  size=9
  solver=sudoku.model.BacktrackingSudokuSolver@6c421123
  board={{8,6,2,9,3,4,5,7,1},{1,4,3,5,6,7,2,9,8},{5,7,9,8,1,2,4,3,6},{6,8,4,7,2,9,1,5,3},{9,1,5,4,8,3,6,2,7},{7,0,0,0,0,0,0,0,0},{0,0,0,0,0,0,0,0,0},{0,0,0,0,0,0,0,0,0},{0,0,0,0,0,0,0,0,0}}
]
17:37:11.329 [main] INFO  sudoku.model.SudokuBoard - Wartość 0 wstawiona nieprawidłowo
17:37:11.329 [main] INFO  sudoku.model.SudokuBoard - Bład w kwadracie 0
sudoku.model.SudokuBoard@534762ed[
  size=9
  solver=sudoku.model.BacktrackingSudokuSolver@6c421123
  board={{8,6,2,9,3,4,5,7,1},{1,4,3,5,6,7,2,9,8},{5,7,9,8,1,2,4,3,6},{6,8,4,7,2,9,1,5,3},{9,1,5,4,8,3,6,2,7},{0,0,0,0,0,0,0,0,0},{0,0,0,0,0,0,0,0,0},{0,0,0,0,0,0,0,0,0},{0,0,0,0,0,0,0,0,0}}
]
17:37:11.330 [main] INFO  sudoku.model.SudokuBoard - Wartość 0 wstawiona nieprawidłowo
17:37:11.330 [main] INFO  sudoku.model.SudokuBoard - Bład w kwadracie 0
sudoku.model.SudokuBoard@534762ed[
  size=9
  solver=sudoku.model.BacktrackingSudokuSolver@6c421123
  board={{8,6,2,9,3,4,5,7,1},{1,4,3,5,6,7,2,9,8},{5,7,9,8,1,2,4,3,6},{6,8,4,7,2,9,1,5,3},{9,1,5,4,8,3,6,2,7},{2,3,7,6,5,1,8,4,9},{7,9,6,1,4,8,0,0,0},{0,0,0,0,0,0,0,0,0},{0,0,0,0,0,0,0,0,0}}
]
17:37:11.330 [main] INFO  sudoku.model.SudokuBoard - Wartość 0 wstawiona nieprawidłowo
17:37:11.330 [main] INFO  sudoku.model.SudokuBoard - Bład w kwadracie 0
sudoku.model.SudokuBoard@534762ed[
  size=9
  solver=sudoku.model.BacktrackingSudokuSolver@6c421123
  board={{8,6,2,9,3,4,5,7,1},{1,4,3,5,6,7,2,9,8},{5,7,9,8,1,2,4,3,6},{6,8,4,7,2,9,1,5,3},{9,1,5,4,8,3,6,2,7},{2,3,7,6,5,1,8,4,9},{7,9,6,1,4,0,0,0,0},{0,0,0,0,0,0,0,0,0},{0,0,0,0,0,0,0,0,0}}
]
17:37:11.330 [main] INFO  sudoku.model.SudokuBoard - Wartość 0 wstawiona nieprawidłowo
17:37:11.330 [main] INFO  sudoku.model.SudokuBoard - Bład w kwadracie 0
sudoku.model.SudokuBoard@534762ed[
  size=9
  solver=sudoku.model.BacktrackingSudokuSolver@6c421123
  board={{8,6,2,9,3,4,5,7,1},{1,4,3,5,6,7,2,9,8},{5,7,9,8,1,2,4,3,6},{6,8,4,7,2,9,1,5,3},{9,1,5,4,8,3,6,2,7},{2,3,7,6,5,1,8,4,9},{7,9,6,1,4,5,3,8,2},{3,2,0,0,0,0,0,0,0},{0,0,0,0,0,0,0,0,0}}
]
17:37:11.330 [main] INFO  sudoku.model.SudokuBoard - Wartość 0 wstawiona nieprawidłowo
17:37:11.330 [main] INFO  sudoku.model.SudokuBoard - Bład w kwadracie 0
sudoku.model.SudokuBoard@534762ed[
  size=9
  solver=sudoku.model.BacktrackingSudokuSolver@6c421123
  board={{8,6,2,9,3,4,5,7,1},{1,4,3,5,6,7,2,9,8},{5,7,9,8,1,2,4,3,6},{6,8,4,7,2,9,1,5,3},{9,1,5,4,8,3,6,2,7},{2,3,7,6,5,1,8,4,9},{7,9,6,1,4,5,3,8,2},{3,2,0,0,0,0,0,0,0},{0,0,0,0,0,0,0,0,0}}
]
17:37:11.330 [main] INFO  sudoku.model.SudokuBoard - Wartość 0 wstawiona nieprawidłowo
17:37:11.330 [main] INFO  sudoku.model.SudokuBoard - Bład w kwadracie 0
sudoku.model.SudokuBoard@534762ed[
  size=9
  solver=sudoku.model.BacktrackingSudokuSolver@6c421123
  board={{8,6,2,9,3,4,5,7,1},{1,4,3,5,6,7,2,9,8},{5,7,9,8,1,2,4,3,6},{6,8,4,7,2,9,1,5,3},{9,1,5,4,8,3,6,2,7},{2,3,7,6,5,1,8,4,9},{7,9,6,1,4,5,3,8,2},{3,0,0,0,0,0,0,0,0},{0,0,0,0,0,0,0,0,0}}
]
17:37:11.330 [main] INFO  sudoku.model.SudokuBoard - Wartość 0 wstawiona nieprawidłowo
]]></system-out>
  </testcase>
  <testcase name="repeatFillBoardTest" classname="sudoku.model.SudokuBoardTest" time="0.026">
    <system-out><![CDATA[17:37:11.332 [main] INFO  sudoku.model.SudokuBoard - Bład w kwadracie 0
sudoku.model.SudokuBoard@466fedfa[
  size=9
  solver=sudoku.model.BacktrackingSudokuSolver@1a7d0c9f
  board={{5,6,7,1,3,2,4,8,9},{8,9,1,7,6,4,2,3,5},{2,3,4,5,8,9,6,7,1},{3,1,5,2,4,6,7,9,8},{9,7,6,3,5,8,1,2,4},{4,8,2,9,1,7,3,0,0},{0,0,0,0,0,0,0,0,0},{0,0,0,0,0,0,0,0,0},{0,0,0,0,0,0,0,0,0}}
]
17:37:11.332 [main] INFO  sudoku.model.SudokuBoard - Wartość 0 wstawiona nieprawidłowo
17:37:11.333 [main] INFO  sudoku.model.SudokuBoard - Bład w kwadracie 0
sudoku.model.SudokuBoard@466fedfa[
  size=9
  solver=sudoku.model.BacktrackingSudokuSolver@1a7d0c9f
  board={{5,6,7,1,3,2,4,8,9},{8,9,1,7,6,4,2,3,5},{2,3,4,5,8,9,6,7,1},{3,1,5,2,4,6,7,9,8},{9,7,6,3,5,8,1,2,4},{4,8,2,9,1,7,3,5,6},{6,2,8,4,7,3,5,0,0},{0,0,0,0,0,0,0,0,0},{0,0,0,0,0,0,0,0,0}}
]
17:37:11.333 [main] INFO  sudoku.model.SudokuBoard - Wartość 0 wstawiona nieprawidłowo
17:37:11.333 [main] INFO  sudoku.model.SudokuBoard - Bład w kwadracie 0
sudoku.model.SudokuBoard@466fedfa[
  size=9
  solver=sudoku.model.BacktrackingSudokuSolver@1a7d0c9f
  board={{5,6,7,1,3,2,4,8,9},{8,9,1,7,6,4,2,3,5},{2,3,4,5,8,9,6,7,1},{3,1,5,2,4,6,7,9,8},{9,7,6,3,5,8,1,2,4},{4,8,2,9,1,7,3,5,6},{6,2,8,4,7,3,0,0,0},{0,0,0,0,0,0,0,0,0},{0,0,0,0,0,0,0,0,0}}
]
17:37:11.333 [main] INFO  sudoku.model.SudokuBoard - Wartość 0 wstawiona nieprawidłowo
17:37:11.333 [main] INFO  sudoku.model.SudokuBoard - Bład w kwadracie 0
sudoku.model.SudokuBoard@466fedfa[
  size=9
  solver=sudoku.model.BacktrackingSudokuSolver@1a7d0c9f
  board={{5,6,7,1,3,2,4,8,9},{8,9,1,7,6,4,2,3,5},{2,3,4,5,8,9,6,7,1},{3,1,5,2,4,6,7,9,8},{9,7,6,3,5,8,1,2,4},{4,8,2,9,1,7,3,5,6},{6,2,8,4,7,3,9,0,0},{0,0,0,0,0,0,0,0,0},{0,0,0,0,0,0,0,0,0}}
]
17:37:11.333 [main] INFO  sudoku.model.SudokuBoard - Wartość 0 wstawiona nieprawidłowo
17:37:11.333 [main] INFO  sudoku.model.SudokuBoard - Bład w kwadracie 0
sudoku.model.SudokuBoard@466fedfa[
  size=9
  solver=sudoku.model.BacktrackingSudokuSolver@1a7d0c9f
  board={{5,6,7,1,3,2,4,8,9},{8,9,1,7,6,4,2,3,5},{2,3,4,5,8,9,6,7,1},{3,1,5,2,4,6,7,9,8},{9,7,6,3,5,8,1,2,4},{4,8,2,9,1,7,3,5,6},{6,2,8,4,7,3,0,0,0},{0,0,0,0,0,0,0,0,0},{0,0,0,0,0,0,0,0,0}}
]
17:37:11.333 [main] INFO  sudoku.model.SudokuBoard - Wartość 0 wstawiona nieprawidłowo
17:37:11.333 [main] INFO  sudoku.model.SudokuBoard - Bład w kwadracie 0
sudoku.model.SudokuBoard@466fedfa[
  size=9
  solver=sudoku.model.BacktrackingSudokuSolver@1a7d0c9f
  board={{5,6,7,1,3,2,4,8,9},{8,9,1,7,6,4,2,3,5},{2,3,4,5,8,9,6,7,1},{3,1,5,2,4,6,7,9,8},{9,7,6,3,5,8,1,2,4},{4,8,2,9,1,7,3,5,6},{6,2,8,4,7,0,0,0,0},{0,0,0,0,0,0,0,0,0},{0,0,0,0,0,0,0,0,0}}
]
17:37:11.333 [main] INFO  sudoku.model.SudokuBoard - Wartość 0 wstawiona nieprawidłowo
17:37:11.333 [main] INFO  sudoku.model.SudokuBoard - Bład w kwadracie 0
sudoku.model.SudokuBoard@466fedfa[
  size=9
  solver=sudoku.model.BacktrackingSudokuSolver@1a7d0c9f
  board={{5,6,7,1,3,2,4,8,9},{8,9,1,7,6,4,2,3,5},{2,3,4,5,8,9,6,7,1},{3,1,5,2,4,6,7,9,8},{9,7,6,3,5,8,1,2,4},{4,8,2,9,1,7,3,5,6},{6,2,8,4,7,5,9,1,3},{7,4,3,6,9,1,0,0,0},{0,0,0,0,0,0,0,0,0}}
]
17:37:11.333 [main] INFO  sudoku.model.SudokuBoard - Wartość 0 wstawiona nieprawidłowo
17:37:11.333 [main] INFO  sudoku.model.SudokuBoard - Bład w kwadracie 0
sudoku.model.SudokuBoard@466fedfa[
  size=9
  solver=sudoku.model.BacktrackingSudokuSolver@1a7d0c9f
  board={{5,6,7,1,3,2,4,8,9},{8,9,1,7,6,4,2,3,5},{2,3,4,5,8,9,6,7,1},{3,1,5,2,4,6,7,9,8},{9,7,6,3,5,8,1,2,4},{4,8,2,9,1,7,3,5,6},{6,2,8,4,7,5,9,1,3},{7,4,3,6,9,1,0,0,0},{0,0,0,0,0,0,0,0,0}}
]
17:37:11.333 [main] INFO  sudoku.model.SudokuBoard - Wartość 0 wstawiona nieprawidłowo
17:37:11.334 [main] INFO  sudoku.model.SudokuBoard - Bład w kwadracie 0
sudoku.model.SudokuBoard@466fedfa[
  size=9
  solver=sudoku.model.BacktrackingSudokuSolver@1a7d0c9f
  board={{5,6,7,1,3,2,4,8,9},{8,9,1,7,6,4,2,3,5},{2,3,4,5,8,9,6,7,1},{3,1,5,2,4,6,7,9,8},{9,7,6,3,5,8,1,2,4},{4,8,2,9,1,7,3,5,6},{6,2,8,4,7,5,9,1,3},{7,4,3,6,9,0,0,0,0},{0,0,0,0,0,0,0,0,0}}
]
17:37:11.334 [main] INFO  sudoku.model.SudokuBoard - Wartość 0 wstawiona nieprawidłowo
17:37:11.334 [main] INFO  sudoku.model.SudokuBoard - Bład w kwadracie 0
sudoku.model.SudokuBoard@466fedfa[
  size=9
  solver=sudoku.model.BacktrackingSudokuSolver@1a7d0c9f
  board={{5,6,7,1,3,2,4,8,9},{8,9,1,7,6,4,2,3,5},{2,3,4,5,8,9,6,7,1},{3,1,5,2,4,6,7,9,8},{9,7,6,3,5,8,1,2,4},{4,8,2,9,1,7,3,5,6},{6,2,8,4,7,5,9,1,3},{7,4,3,6,0,0,0,0,0},{0,0,0,0,0,0,0,0,0}}
]
17:37:11.334 [main] INFO  sudoku.model.SudokuBoard - Wartość 0 wstawiona nieprawidłowo
17:37:11.334 [main] INFO  sudoku.model.SudokuBoard - Bład w kwadracie 0
sudoku.model.SudokuBoard@466fedfa[
  size=9
  solver=sudoku.model.BacktrackingSudokuSolver@1a7d0c9f
  board={{5,6,7,1,3,2,4,8,9},{8,9,1,7,6,4,2,3,5},{2,3,4,5,8,9,6,7,1},{3,1,5,2,4,6,7,9,8},{9,7,6,3,5,8,1,2,4},{4,8,2,9,1,7,3,5,6},{6,2,8,4,7,5,9,1,3},{7,4,3,6,2,1,0,0,0},{0,0,0,0,0,0,0,0,0}}
]
17:37:11.334 [main] INFO  sudoku.model.SudokuBoard - Wartość 0 wstawiona nieprawidłowo
17:37:11.334 [main] INFO  sudoku.model.SudokuBoard - Bład w kwadracie 0
sudoku.model.SudokuBoard@466fedfa[
  size=9
  solver=sudoku.model.BacktrackingSudokuSolver@1a7d0c9f
  board={{5,6,7,1,3,2,4,8,9},{8,9,1,7,6,4,2,3,5},{2,3,4,5,8,9,6,7,1},{3,1,5,2,4,6,7,9,8},{9,7,6,3,5,8,1,2,4},{4,8,2,9,1,7,3,5,6},{6,2,8,4,7,5,9,1,3},{7,4,3,6,2,1,0,0,0},{0,0,0,0,0,0,0,0,0}}
]
17:37:11.334 [main] INFO  sudoku.model.SudokuBoard - Wartość 0 wstawiona nieprawidłowo
17:37:11.334 [main] INFO  sudoku.model.SudokuBoard - Bład w kwadracie 0
sudoku.model.SudokuBoard@466fedfa[
  size=9
  solver=sudoku.model.BacktrackingSudokuSolver@1a7d0c9f
  board={{5,6,7,1,3,2,4,8,9},{8,9,1,7,6,4,2,3,5},{2,3,4,5,8,9,6,7,1},{3,1,5,2,4,6,7,9,8},{9,7,6,3,5,8,1,2,4},{4,8,2,9,1,7,3,5,6},{6,2,8,4,7,5,9,1,3},{7,4,3,6,2,0,0,0,0},{0,0,0,0,0,0,0,0,0}}
]
17:37:11.334 [main] INFO  sudoku.model.SudokuBoard - Wartość 0 wstawiona nieprawidłowo
17:37:11.334 [main] INFO  sudoku.model.SudokuBoard - Bład w kwadracie 0
sudoku.model.SudokuBoard@466fedfa[
  size=9
  solver=sudoku.model.BacktrackingSudokuSolver@1a7d0c9f
  board={{5,6,7,1,3,2,4,8,9},{8,9,1,7,6,4,2,3,5},{2,3,4,5,8,9,6,7,1},{3,1,5,2,4,6,7,9,8},{9,7,6,3,5,8,1,2,4},{4,8,2,9,1,7,3,5,6},{6,2,8,4,7,5,9,1,3},{7,4,3,6,0,0,0,0,0},{0,0,0,0,0,0,0,0,0}}
]
17:37:11.334 [main] INFO  sudoku.model.SudokuBoard - Wartość 0 wstawiona nieprawidłowo
17:37:11.334 [main] INFO  sudoku.model.SudokuBoard - Bład w kwadracie 0
sudoku.model.SudokuBoard@466fedfa[
  size=9
  solver=sudoku.model.BacktrackingSudokuSolver@1a7d0c9f
  board={{5,6,7,1,3,2,4,8,9},{8,9,1,7,6,4,2,3,5},{2,3,4,5,8,9,6,7,1},{3,1,5,2,4,6,7,9,8},{9,7,6,3,5,8,1,2,4},{4,8,2,9,1,7,3,5,6},{6,2,8,4,7,5,9,1,3},{7,4,3,0,0,0,0,0,0},{0,0,0,0,0,0,0,0,0}}
]
17:37:11.334 [main] INFO  sudoku.model.SudokuBoard - Wartość 0 wstawiona nieprawidłowo
17:37:11.335 [main] INFO  sudoku.model.SudokuBoard - Bład w kwadracie 0
sudoku.model.SudokuBoard@2b5f8e61[
  size=9
  solver=sudoku.model.BacktrackingSudokuSolver@1a7d0c9f
  board={{1,6,3,7,8,2,9,5,4},{5,7,2,9,1,3,8,0,0},{0,0,0,0,0,0,0,0,0},{0,0,0,0,0,0,0,0,0},{0,0,0,0,0,0,0,0,0},{0,0,0,0,0,0,0,0,0},{0,0,0,0,0,0,0,0,0},{0,0,0,0,0,0,0,0,0},{0,0,0,0,0,0,0,0,0}}
]
17:37:11.335 [main] INFO  sudoku.model.SudokuBoard - Wartość 0 wstawiona nieprawidłowo
17:37:11.335 [main] INFO  sudoku.model.SudokuBoard - Bład w kwadracie 0
sudoku.model.SudokuBoard@2b5f8e61[
  size=9
  solver=sudoku.model.BacktrackingSudokuSolver@1a7d0c9f
  board={{1,6,3,7,8,2,9,5,4},{5,7,2,9,1,3,0,0,0},{0,0,0,0,0,0,0,0,0},{0,0,0,0,0,0,0,0,0},{0,0,0,0,0,0,0,0,0},{0,0,0,0,0,0,0,0,0},{0,0,0,0,0,0,0,0,0},{0,0,0,0,0,0,0,0,0},{0,0,0,0,0,0,0,0,0}}
]
17:37:11.335 [main] INFO  sudoku.model.SudokuBoard - Wartość 0 wstawiona nieprawidłowo
17:37:11.335 [main] INFO  sudoku.model.SudokuBoard - Bład w kwadracie 0
sudoku.model.SudokuBoard@2b5f8e61[
  size=9
  solver=sudoku.model.BacktrackingSudokuSolver@1a7d0c9f
  board={{1,6,3,7,8,2,9,5,4},{5,7,2,9,1,3,6,0,0},{0,0,0,0,0,0,0,0,0},{0,0,0,0,0,0,0,0,0},{0,0,0,0,0,0,0,0,0},{0,0,0,0,0,0,0,0,0},{0,0,0,0,0,0,0,0,0},{0,0,0,0,0,0,0,0,0},{0,0,0,0,0,0,0,0,0}}
]
17:37:11.335 [main] INFO  sudoku.model.SudokuBoard - Wartość 0 wstawiona nieprawidłowo
17:37:11.335 [main] INFO  sudoku.model.SudokuBoard - Bład w kwadracie 0
sudoku.model.SudokuBoard@2b5f8e61[
  size=9
  solver=sudoku.model.BacktrackingSudokuSolver@1a7d0c9f
  board={{1,6,3,7,8,2,9,5,4},{5,7,2,9,1,3,0,0,0},{0,0,0,0,0,0,0,0,0},{0,0,0,0,0,0,0,0,0},{0,0,0,0,0,0,0,0,0},{0,0,0,0,0,0,0,0,0},{0,0,0,0,0,0,0,0,0},{0,0,0,0,0,0,0,0,0},{0,0,0,0,0,0,0,0,0}}
]
17:37:11.335 [main] INFO  sudoku.model.SudokuBoard - Wartość 0 wstawiona nieprawidłowo
17:37:11.335 [main] INFO  sudoku.model.SudokuBoard - Bład w kwadracie 0
sudoku.model.SudokuBoard@2b5f8e61[
  size=9
  solver=sudoku.model.BacktrackingSudokuSolver@1a7d0c9f
  board={{1,6,3,7,8,2,9,5,4},{5,7,2,9,1,0,0,0,0},{0,0,0,0,0,0,0,0,0},{0,0,0,0,0,0,0,0,0},{0,0,0,0,0,0,0,0,0},{0,0,0,0,0,0,0,0,0},{0,0,0,0,0,0,0,0,0},{0,0,0,0,0,0,0,0,0},{0,0,0,0,0,0,0,0,0}}
]
17:37:11.338 [main] INFO  sudoku.model.SudokuBoard - Wartość 0 wstawiona nieprawidłowo
17:37:11.339 [main] INFO  sudoku.model.SudokuBoard - Bład w kwadracie 0
sudoku.model.SudokuBoard@2b5f8e61[
  size=9
  solver=sudoku.model.BacktrackingSudokuSolver@1a7d0c9f
  board={{1,6,3,7,8,2,9,5,4},{5,7,2,9,1,4,8,3,6},{8,9,4,3,5,6,1,7,2},{9,8,5,6,3,1,7,0,0},{0,0,0,0,0,0,0,0,0},{0,0,0,0,0,0,0,0,0},{0,0,0,0,0,0,0,0,0},{0,0,0,0,0,0,0,0,0},{0,0,0,0,0,0,0,0,0}}
]
17:37:11.339 [main] INFO  sudoku.model.SudokuBoard - Wartość 0 wstawiona nieprawidłowo
17:37:11.339 [main] INFO  sudoku.model.SudokuBoard - Bład w kwadracie 0
sudoku.model.SudokuBoard@2b5f8e61[
  size=9
  solver=sudoku.model.BacktrackingSudokuSolver@1a7d0c9f
  board={{1,6,3,7,8,2,9,5,4},{5,7,2,9,1,4,8,3,6},{8,9,4,3,5,6,1,7,2},{9,8,5,6,3,1,7,0,0},{0,0,0,0,0,0,0,0,0},{0,0,0,0,0,0,0,0,0},{0,0,0,0,0,0,0,0,0},{0,0,0,0,0,0,0,0,0},{0,0,0,0,0,0,0,0,0}}
]
17:37:11.339 [main] INFO  sudoku.model.SudokuBoard - Wartość 0 wstawiona nieprawidłowo
17:37:11.339 [main] INFO  sudoku.model.SudokuBoard - Bład w kwadracie 0
sudoku.model.SudokuBoard@2b5f8e61[
  size=9
  solver=sudoku.model.BacktrackingSudokuSolver@1a7d0c9f
  board={{1,6,3,7,8,2,9,5,4},{5,7,2,9,1,4,8,3,6},{8,9,4,3,5,6,1,7,2},{9,8,5,6,3,1,0,0,0},{0,0,0,0,0,0,0,0,0},{0,0,0,0,0,0,0,0,0},{0,0,0,0,0,0,0,0,0},{0,0,0,0,0,0,0,0,0},{0,0,0,0,0,0,0,0,0}}
]
17:37:11.339 [main] INFO  sudoku.model.SudokuBoard - Wartość 0 wstawiona nieprawidłowo
17:37:11.339 [main] INFO  sudoku.model.SudokuBoard - Bład w kwadracie 0
sudoku.model.SudokuBoard@2b5f8e61[
  size=9
  solver=sudoku.model.BacktrackingSudokuSolver@1a7d0c9f
  board={{1,6,3,7,8,2,9,5,4},{5,7,2,9,1,4,8,3,6},{8,9,4,3,5,6,1,7,2},{9,8,5,6,3,1,2,4,7},{2,1,6,8,7,9,0,0,0},{0,0,0,0,0,0,0,0,0},{0,0,0,0,0,0,0,0,0},{0,0,0,0,0,0,0,0,0},{0,0,0,0,0,0,0,0,0}}
]
17:37:11.341 [main] INFO  sudoku.model.SudokuBoard - Wartość 0 wstawiona nieprawidłowo
17:37:11.341 [main] INFO  sudoku.model.SudokuBoard - Bład w kwadracie 0
sudoku.model.SudokuBoard@2b5f8e61[
  size=9
  solver=sudoku.model.BacktrackingSudokuSolver@1a7d0c9f
  board={{1,6,3,7,8,2,9,5,4},{5,7,2,9,1,4,8,3,6},{8,9,4,3,5,6,1,7,2},{9,8,5,6,3,1,2,4,7},{2,1,6,8,7,9,0,0,0},{0,0,0,0,0,0,0,0,0},{0,0,0,0,0,0,0,0,0},{0,0,0,0,0,0,0,0,0},{0,0,0,0,0,0,0,0,0}}
]
17:37:11.341 [main] INFO  sudoku.model.SudokuBoard - Wartość 0 wstawiona nieprawidłowo
17:37:11.341 [main] INFO  sudoku.model.SudokuBoard - Bład w kwadracie 0
sudoku.model.SudokuBoard@2b5f8e61[
  size=9
  solver=sudoku.model.BacktrackingSudokuSolver@1a7d0c9f
  board={{1,6,3,7,8,2,9,5,4},{5,7,2,9,1,4,8,3,6},{8,9,4,3,5,6,1,7,2},{9,8,5,6,3,1,2,4,7},{2,1,6,8,7,0,0,0,0},{0,0,0,0,0,0,0,0,0},{0,0,0,0,0,0,0,0,0},{0,0,0,0,0,0,0,0,0},{0,0,0,0,0,0,0,0,0}}
]
17:37:11.341 [main] INFO  sudoku.model.SudokuBoard - Wartość 0 wstawiona nieprawidłowo
17:37:11.353 [main] INFO  sudoku.model.SudokuBoard - Bład w kwadracie 0
sudoku.model.SudokuBoard@2b5f8e61[
  size=9
  solver=sudoku.model.BacktrackingSudokuSolver@1a7d0c9f
  board={{1,6,3,7,8,2,9,5,4},{5,7,2,9,1,4,8,3,6},{8,9,4,3,5,6,1,7,2},{9,8,5,6,3,1,2,4,7},{2,1,6,8,7,5,3,0,0},{0,0,0,0,0,0,0,0,0},{0,0,0,0,0,0,0,0,0},{0,0,0,0,0,0,0,0,0},{0,0,0,0,0,0,0,0,0}}
]
17:37:11.353 [main] INFO  sudoku.model.SudokuBoard - Wartość 0 wstawiona nieprawidłowo
17:37:11.353 [main] INFO  sudoku.model.SudokuBoard - Bład w kwadracie 0
sudoku.model.SudokuBoard@2b5f8e61[
  size=9
  solver=sudoku.model.BacktrackingSudokuSolver@1a7d0c9f
  board={{1,6,3,7,8,2,9,5,4},{5,7,2,9,1,4,8,3,6},{8,9,4,3,5,6,1,7,2},{9,8,5,6,3,1,2,4,7},{2,1,6,8,7,5,0,0,0},{0,0,0,0,0,0,0,0,0},{0,0,0,0,0,0,0,0,0},{0,0,0,0,0,0,0,0,0},{0,0,0,0,0,0,0,0,0}}
]
17:37:11.353 [main] INFO  sudoku.model.SudokuBoard - Wartość 0 wstawiona nieprawidłowo
17:37:11.353 [main] INFO  sudoku.model.SudokuBoard - Bład w kwadracie 0
sudoku.model.SudokuBoard@2b5f8e61[
  size=9
  solver=sudoku.model.BacktrackingSudokuSolver@1a7d0c9f
  board={{1,6,3,7,8,2,9,5,4},{5,7,2,9,1,4,8,3,6},{8,9,4,3,5,6,1,7,2},{9,8,5,6,3,1,2,4,7},{2,1,6,8,7,0,0,0,0},{0,0,0,0,0,0,0,0,0},{0,0,0,0,0,0,0,0,0},{0,0,0,0,0,0,0,0,0},{0,0,0,0,0,0,0,0,0}}
]
17:37:11.353 [main] INFO  sudoku.model.SudokuBoard - Wartość 0 wstawiona nieprawidłowo
17:37:11.353 [main] INFO  sudoku.model.SudokuBoard - Bład w kwadracie 0
sudoku.model.SudokuBoard@2b5f8e61[
  size=9
  solver=sudoku.model.BacktrackingSudokuSolver@1a7d0c9f
  board={{1,6,3,7,8,2,9,5,4},{5,7,2,9,1,4,8,3,6},{8,9,4,3,5,6,1,7,2},{9,8,5,6,3,1,2,4,7},{2,1,6,8,0,0,0,0,0},{0,0,0,0,0,0,0,0,0},{0,0,0,0,0,0,0,0,0},{0,0,0,0,0,0,0,0,0},{0,0,0,0,0,0,0,0,0}}
]
17:37:11.353 [main] INFO  sudoku.model.SudokuBoard - Wartość 0 wstawiona nieprawidłowo
17:37:11.353 [main] INFO  sudoku.model.SudokuBoard - Bład w kwadracie 0
sudoku.model.SudokuBoard@2b5f8e61[
  size=9
  solver=sudoku.model.BacktrackingSudokuSolver@1a7d0c9f
  board={{1,6,3,7,8,2,9,5,4},{5,7,2,9,1,4,8,3,6},{8,9,4,3,5,6,1,7,2},{9,8,5,6,3,1,2,4,7},{2,1,6,8,9,7,0,0,0},{0,0,0,0,0,0,0,0,0},{0,0,0,0,0,0,0,0,0},{0,0,0,0,0,0,0,0,0},{0,0,0,0,0,0,0,0,0}}
]
17:37:11.353 [main] INFO  sudoku.model.SudokuBoard - Wartość 0 wstawiona nieprawidłowo
17:37:11.354 [main] INFO  sudoku.model.SudokuBoard - Bład w kwadracie 0
sudoku.model.SudokuBoard@2b5f8e61[
  size=9
  solver=sudoku.model.BacktrackingSudokuSolver@1a7d0c9f
  board={{1,6,3,7,8,2,9,5,4},{5,7,2,9,1,4,8,3,6},{8,9,4,3,5,6,1,7,2},{9,8,5,6,3,1,2,4,7},{2,1,6,8,9,7,0,0,0},{0,0,0,0,0,0,0,0,0},{0,0,0,0,0,0,0,0,0},{0,0,0,0,0,0,0,0,0},{0,0,0,0,0,0,0,0,0}}
]
17:37:11.354 [main] INFO  sudoku.model.SudokuBoard - Wartość 0 wstawiona nieprawidłowo
17:37:11.354 [main] INFO  sudoku.model.SudokuBoard - Bład w kwadracie 0
sudoku.model.SudokuBoard@2b5f8e61[
  size=9
  solver=sudoku.model.BacktrackingSudokuSolver@1a7d0c9f
  board={{1,6,3,7,8,2,9,5,4},{5,7,2,9,1,4,8,3,6},{8,9,4,3,5,6,1,7,2},{9,8,5,6,3,1,2,4,7},{2,1,6,8,9,0,0,0,0},{0,0,0,0,0,0,0,0,0},{0,0,0,0,0,0,0,0,0},{0,0,0,0,0,0,0,0,0},{0,0,0,0,0,0,0,0,0}}
]
17:37:11.354 [main] INFO  sudoku.model.SudokuBoard - Wartość 0 wstawiona nieprawidłowo
17:37:11.354 [main] INFO  sudoku.model.SudokuBoard - Bład w kwadracie 0
sudoku.model.SudokuBoard@2b5f8e61[
  size=9
  solver=sudoku.model.BacktrackingSudokuSolver@1a7d0c9f
  board={{1,6,3,7,8,2,9,5,4},{5,7,2,9,1,4,8,3,6},{8,9,4,3,5,6,1,7,2},{9,8,5,6,3,1,2,4,7},{2,1,6,8,9,5,0,0,0},{0,0,0,0,0,0,0,0,0},{0,0,0,0,0,0,0,0,0},{0,0,0,0,0,0,0,0,0},{0,0,0,0,0,0,0,0,0}}
]
17:37:11.354 [main] INFO  sudoku.model.SudokuBoard - Wartość 0 wstawiona nieprawidłowo
17:37:11.354 [main] INFO  sudoku.model.SudokuBoard - Bład w kwadracie 0
sudoku.model.SudokuBoard@2b5f8e61[
  size=9
  solver=sudoku.model.BacktrackingSudokuSolver@1a7d0c9f
  board={{1,6,3,7,8,2,9,5,4},{5,7,2,9,1,4,8,3,6},{8,9,4,3,5,6,1,7,2},{9,8,5,6,3,1,2,4,7},{2,1,6,8,9,0,0,0,0},{0,0,0,0,0,0,0,0,0},{0,0,0,0,0,0,0,0,0},{0,0,0,0,0,0,0,0,0},{0,0,0,0,0,0,0,0,0}}
]
17:37:11.354 [main] INFO  sudoku.model.SudokuBoard - Wartość 0 wstawiona nieprawidłowo
17:37:11.354 [main] INFO  sudoku.model.SudokuBoard - Bład w kwadracie 0
sudoku.model.SudokuBoard@2b5f8e61[
  size=9
  solver=sudoku.model.BacktrackingSudokuSolver@1a7d0c9f
  board={{1,6,3,7,8,2,9,5,4},{5,7,2,9,1,4,8,3,6},{8,9,4,3,5,6,1,7,2},{9,8,5,6,3,1,2,4,7},{2,1,6,8,0,0,0,0,0},{0,0,0,0,0,0,0,0,0},{0,0,0,0,0,0,0,0,0},{0,0,0,0,0,0,0,0,0},{0,0,0,0,0,0,0,0,0}}
]
17:37:11.354 [main] INFO  sudoku.model.SudokuBoard - Wartość 0 wstawiona nieprawidłowo
17:37:11.354 [main] INFO  sudoku.model.SudokuBoard - Bład w kwadracie 0
sudoku.model.SudokuBoard@2b5f8e61[
  size=9
  solver=sudoku.model.BacktrackingSudokuSolver@1a7d0c9f
  board={{1,6,3,7,8,2,9,5,4},{5,7,2,9,1,4,8,3,6},{8,9,4,3,5,6,1,7,2},{9,8,5,6,3,1,2,4,7},{2,1,6,8,4,9,0,0,0},{0,0,0,0,0,0,0,0,0},{0,0,0,0,0,0,0,0,0},{0,0,0,0,0,0,0,0,0},{0,0,0,0,0,0,0,0,0}}
]
17:37:11.354 [main] INFO  sudoku.model.SudokuBoard - Wartość 0 wstawiona nieprawidłowo
17:37:11.354 [main] INFO  sudoku.model.SudokuBoard - Bład w kwadracie 0
sudoku.model.SudokuBoard@2b5f8e61[
  size=9
  solver=sudoku.model.BacktrackingSudokuSolver@1a7d0c9f
  board={{1,6,3,7,8,2,9,5,4},{5,7,2,9,1,4,8,3,6},{8,9,4,3,5,6,1,7,2},{9,8,5,6,3,1,2,4,7},{2,1,6,8,4,9,0,0,0},{0,0,0,0,0,0,0,0,0},{0,0,0,0,0,0,0,0,0},{0,0,0,0,0,0,0,0,0},{0,0,0,0,0,0,0,0,0}}
]
17:37:11.354 [main] INFO  sudoku.model.SudokuBoard - Wartość 0 wstawiona nieprawidłowo
17:37:11.354 [main] INFO  sudoku.model.SudokuBoard - Bład w kwadracie 0
sudoku.model.SudokuBoard@2b5f8e61[
  size=9
  solver=sudoku.model.BacktrackingSudokuSolver@1a7d0c9f
  board={{1,6,3,7,8,2,9,5,4},{5,7,2,9,1,4,8,3,6},{8,9,4,3,5,6,1,7,2},{9,8,5,6,3,1,2,4,7},{2,1,6,8,4,0,0,0,0},{0,0,0,0,0,0,0,0,0},{0,0,0,0,0,0,0,0,0},{0,0,0,0,0,0,0,0,0},{0,0,0,0,0,0,0,0,0}}
]
17:37:11.354 [main] INFO  sudoku.model.SudokuBoard - Wartość 0 wstawiona nieprawidłowo
17:37:11.354 [main] INFO  sudoku.model.SudokuBoard - Bład w kwadracie 0
sudoku.model.SudokuBoard@2b5f8e61[
  size=9
  solver=sudoku.model.BacktrackingSudokuSolver@1a7d0c9f
  board={{1,6,3,7,8,2,9,5,4},{5,7,2,9,1,4,8,3,6},{8,9,4,3,5,6,1,7,2},{9,8,5,6,3,1,2,4,7},{2,1,6,8,4,5,3,0,0},{0,0,0,0,0,0,0,0,0},{0,0,0,0,0,0,0,0,0},{0,0,0,0,0,0,0,0,0},{0,0,0,0,0,0,0,0,0}}
]
17:37:11.355 [main] INFO  sudoku.model.SudokuBoard - Wartość 0 wstawiona nieprawidłowo
17:37:11.355 [main] INFO  sudoku.model.SudokuBoard - Bład w kwadracie 0
sudoku.model.SudokuBoard@2b5f8e61[
  size=9
  solver=sudoku.model.BacktrackingSudokuSolver@1a7d0c9f
  board={{1,6,3,7,8,2,9,5,4},{5,7,2,9,1,4,8,3,6},{8,9,4,3,5,6,1,7,2},{9,8,5,6,3,1,2,4,7},{2,1,6,8,4,5,0,0,0},{0,0,0,0,0,0,0,0,0},{0,0,0,0,0,0,0,0,0},{0,0,0,0,0,0,0,0,0},{0,0,0,0,0,0,0,0,0}}
]
17:37:11.355 [main] INFO  sudoku.model.SudokuBoard - Wartość 0 wstawiona nieprawidłowo
17:37:11.355 [main] INFO  sudoku.model.SudokuBoard - Bład w kwadracie 0
sudoku.model.SudokuBoard@2b5f8e61[
  size=9
  solver=sudoku.model.BacktrackingSudokuSolver@1a7d0c9f
  board={{1,6,3,7,8,2,9,5,4},{5,7,2,9,1,4,8,3,6},{8,9,4,3,5,6,1,7,2},{9,8,5,6,3,1,2,4,7},{2,1,6,8,4,0,0,0,0},{0,0,0,0,0,0,0,0,0},{0,0,0,0,0,0,0,0,0},{0,0,0,0,0,0,0,0,0},{0,0,0,0,0,0,0,0,0}}
]
17:37:11.355 [main] INFO  sudoku.model.SudokuBoard - Wartość 0 wstawiona nieprawidłowo
17:37:11.355 [main] INFO  sudoku.model.SudokuBoard - Bład w kwadracie 0
sudoku.model.SudokuBoard@2b5f8e61[
  size=9
  solver=sudoku.model.BacktrackingSudokuSolver@1a7d0c9f
  board={{1,6,3,7,8,2,9,5,4},{5,7,2,9,1,4,8,3,6},{8,9,4,3,5,6,1,7,2},{9,8,5,6,3,1,2,4,7},{2,1,6,8,4,7,3,9,5},{3,4,7,2,9,5,6,1,8},{6,5,8,1,2,9,0,0,0},{0,0,0,0,0,0,0,0,0},{0,0,0,0,0,0,0,0,0}}
]
17:37:11.355 [main] INFO  sudoku.model.SudokuBoard - Wartość 0 wstawiona nieprawidłowo
17:37:11.355 [main] INFO  sudoku.model.SudokuBoard - Bład w kwadracie 0
sudoku.model.SudokuBoard@2b5f8e61[
  size=9
  solver=sudoku.model.BacktrackingSudokuSolver@1a7d0c9f
  board={{1,6,3,7,8,2,9,5,4},{5,7,2,9,1,4,8,3,6},{8,9,4,3,5,6,1,7,2},{9,8,5,6,3,1,2,4,7},{2,1,6,8,4,7,3,9,5},{3,4,7,2,9,5,6,1,8},{6,5,8,1,2,9,0,0,0},{0,0,0,0,0,0,0,0,0},{0,0,0,0,0,0,0,0,0}}
]
17:37:11.355 [main] INFO  sudoku.model.SudokuBoard - Wartość 0 wstawiona nieprawidłowo
17:37:11.355 [main] INFO  sudoku.model.SudokuBoard - Bład w kwadracie 0
sudoku.model.SudokuBoard@2b5f8e61[
  size=9
  solver=sudoku.model.BacktrackingSudokuSolver@1a7d0c9f
  board={{1,6,3,7,8,2,9,5,4},{5,7,2,9,1,4,8,3,6},{8,9,4,3,5,6,1,7,2},{9,8,5,6,3,1,2,4,7},{2,1,6,8,4,7,3,9,5},{3,4,7,2,9,5,6,1,8},{6,5,8,1,2,0,0,0,0},{0,0,0,0,0,0,0,0,0},{0,0,0,0,0,0,0,0,0}}
]
17:37:11.355 [main] INFO  sudoku.model.SudokuBoard - Wartość 0 wstawiona nieprawidłowo
17:37:11.355 [main] INFO  sudoku.model.SudokuBoard - Bład w kwadracie 0
sudoku.model.SudokuBoard@2b5f8e61[
  size=9
  solver=sudoku.model.BacktrackingSudokuSolver@1a7d0c9f
  board={{1,6,3,7,8,2,9,5,4},{5,7,2,9,1,4,8,3,6},{8,9,4,3,5,6,1,7,2},{9,8,5,6,3,1,2,4,7},{2,1,6,8,4,7,3,9,5},{3,4,7,2,9,5,6,1,8},{6,5,8,1,2,3,0,0,0},{0,0,0,0,0,0,0,0,0},{0,0,0,0,0,0,0,0,0}}
]
17:37:11.355 [main] INFO  sudoku.model.SudokuBoard - Wartość 0 wstawiona nieprawidłowo
17:37:11.355 [main] INFO  sudoku.model.SudokuBoard - Bład w kwadracie 0
sudoku.model.SudokuBoard@2b5f8e61[
  size=9
  solver=sudoku.model.BacktrackingSudokuSolver@1a7d0c9f
  board={{1,6,3,7,8,2,9,5,4},{5,7,2,9,1,4,8,3,6},{8,9,4,3,5,6,1,7,2},{9,8,5,6,3,1,2,4,7},{2,1,6,8,4,7,3,9,5},{3,4,7,2,9,5,6,1,8},{6,5,8,1,2,3,0,0,0},{0,0,0,0,0,0,0,0,0},{0,0,0,0,0,0,0,0,0}}
]
17:37:11.355 [main] INFO  sudoku.model.SudokuBoard - Wartość 0 wstawiona nieprawidłowo
17:37:11.356 [main] INFO  sudoku.model.SudokuBoard - Bład w kwadracie 0
sudoku.model.SudokuBoard@2b5f8e61[
  size=9
  solver=sudoku.model.BacktrackingSudokuSolver@1a7d0c9f
  board={{1,6,3,7,8,2,9,5,4},{5,7,2,9,1,4,8,3,6},{8,9,4,3,5,6,1,7,2},{9,8,5,6,3,1,2,4,7},{2,1,6,8,4,7,3,9,5},{3,4,7,2,9,5,6,1,8},{6,5,8,1,2,0,0,0,0},{0,0,0,0,0,0,0,0,0},{0,0,0,0,0,0,0,0,0}}
]
17:37:11.356 [main] INFO  sudoku.model.SudokuBoard - Wartość 0 wstawiona nieprawidłowo
17:37:11.356 [main] INFO  sudoku.model.SudokuBoard - Bład w kwadracie 0
sudoku.model.SudokuBoard@2b5f8e61[
  size=9
  solver=sudoku.model.BacktrackingSudokuSolver@1a7d0c9f
  board={{1,6,3,7,8,2,9,5,4},{5,7,2,9,1,4,8,3,6},{8,9,4,3,5,6,1,7,2},{9,8,5,6,3,1,2,4,7},{2,1,6,8,4,7,3,9,5},{3,4,7,2,9,5,6,1,8},{6,5,8,1,0,0,0,0,0},{0,0,0,0,0,0,0,0,0},{0,0,0,0,0,0,0,0,0}}
]
17:37:11.356 [main] INFO  sudoku.model.SudokuBoard - Wartość 0 wstawiona nieprawidłowo
17:37:11.356 [main] INFO  sudoku.model.SudokuBoard - Bład w kwadracie 0
sudoku.model.SudokuBoard@2b5f8e61[
  size=9
  solver=sudoku.model.BacktrackingSudokuSolver@1a7d0c9f
  board={{1,6,3,7,8,2,9,5,4},{5,7,2,9,1,4,8,3,6},{8,9,4,3,5,6,1,7,2},{9,8,5,6,3,1,2,4,7},{2,1,6,8,4,7,3,9,5},{3,4,7,2,9,5,6,1,8},{6,5,8,1,7,3,4,2,9},{4,3,9,5,6,8,0,0,0},{0,0,0,0,0,0,0,0,0}}
]
17:37:11.356 [main] INFO  sudoku.model.SudokuBoard - Wartość 0 wstawiona nieprawidłowo
17:37:11.356 [main] INFO  sudoku.model.SudokuBoard - Bład w kwadracie 0
sudoku.model.SudokuBoard@2b5f8e61[
  size=9
  solver=sudoku.model.BacktrackingSudokuSolver@1a7d0c9f
  board={{1,6,3,7,8,2,9,5,4},{5,7,2,9,1,4,8,3,6},{8,9,4,3,5,6,1,7,2},{9,8,5,6,3,1,2,4,7},{2,1,6,8,4,7,3,9,5},{3,4,7,2,9,5,6,1,8},{6,5,8,1,7,3,4,2,9},{4,3,9,5,6,0,0,0,0},{0,0,0,0,0,0,0,0,0}}
]
17:37:11.356 [main] INFO  sudoku.model.SudokuBoard - Wartość 0 wstawiona nieprawidłowo
17:37:11.356 [main] INFO  sudoku.model.SudokuBoard - Bład w kwadracie 0
sudoku.model.SudokuBoard@2b5f8e61[
  size=9
  solver=sudoku.model.BacktrackingSudokuSolver@1a7d0c9f
  board={{1,6,3,7,8,2,9,5,4},{5,7,2,9,1,4,8,3,6},{8,9,4,3,5,6,1,7,2},{9,8,5,6,3,1,2,4,7},{2,1,6,8,4,7,3,9,5},{3,4,7,2,9,5,6,1,8},{6,5,8,1,7,3,4,2,9},{4,3,9,5,0,0,0,0,0},{0,0,0,0,0,0,0,0,0}}
]
17:37:11.356 [main] INFO  sudoku.model.SudokuBoard - Wartość 0 wstawiona nieprawidłowo
Tablice maja inny uklad liczb]]></system-out>
  </testcase>
  <testcase name="checkFillBoardTest" classname="sudoku.model.SudokuBoardTest" time="0.016">
    <system-out><![CDATA[17:37:11.364 [main] INFO  sudoku.model.SudokuBoard - Bład w kwadracie 0
sudoku.model.SudokuBoard@43d3995f[
  size=9
  solver=sudoku.model.BacktrackingSudokuSolver@2211b44f
  board={{9,4,5,6,7,2,8,1,3},{7,6,2,9,1,8,4,0,0},{0,0,0,0,0,0,0,0,0},{0,0,0,0,0,0,0,0,0},{0,0,0,0,0,0,0,0,0},{0,0,0,0,0,0,0,0,0},{0,0,0,0,0,0,0,0,0},{0,0,0,0,0,0,0,0,0},{0,0,0,0,0,0,0,0,0}}
]
17:37:11.364 [main] INFO  sudoku.model.SudokuBoard - Wartość 0 wstawiona nieprawidłowo
17:37:11.364 [main] INFO  sudoku.model.SudokuBoard - Bład w kwadracie 0
sudoku.model.SudokuBoard@43d3995f[
  size=9
  solver=sudoku.model.BacktrackingSudokuSolver@2211b44f
  board={{9,4,5,6,7,2,8,1,3},{7,6,2,9,1,8,0,0,0},{0,0,0,0,0,0,0,0,0},{0,0,0,0,0,0,0,0,0},{0,0,0,0,0,0,0,0,0},{0,0,0,0,0,0,0,0,0},{0,0,0,0,0,0,0,0,0},{0,0,0,0,0,0,0,0,0},{0,0,0,0,0,0,0,0,0}}
]
17:37:11.364 [main] INFO  sudoku.model.SudokuBoard - Wartość 0 wstawiona nieprawidłowo
17:37:11.365 [main] INFO  sudoku.model.SudokuBoard - Bład w kwadracie 0
sudoku.model.SudokuBoard@43d3995f[
  size=9
  solver=sudoku.model.BacktrackingSudokuSolver@2211b44f
  board={{9,4,5,6,7,2,8,1,3},{7,6,2,9,1,8,5,0,0},{0,0,0,0,0,0,0,0,0},{0,0,0,0,0,0,0,0,0},{0,0,0,0,0,0,0,0,0},{0,0,0,0,0,0,0,0,0},{0,0,0,0,0,0,0,0,0},{0,0,0,0,0,0,0,0,0},{0,0,0,0,0,0,0,0,0}}
]
17:37:11.365 [main] INFO  sudoku.model.SudokuBoard - Wartość 0 wstawiona nieprawidłowo
17:37:11.366 [main] INFO  sudoku.model.SudokuBoard - Bład w kwadracie 0
sudoku.model.SudokuBoard@43d3995f[
  size=9
  solver=sudoku.model.BacktrackingSudokuSolver@2211b44f
  board={{9,4,5,6,7,2,8,1,3},{7,6,2,9,1,8,0,0,0},{0,0,0,0,0,0,0,0,0},{0,0,0,0,0,0,0,0,0},{0,0,0,0,0,0,0,0,0},{0,0,0,0,0,0,0,0,0},{0,0,0,0,0,0,0,0,0},{0,0,0,0,0,0,0,0,0},{0,0,0,0,0,0,0,0,0}}
]
17:37:11.366 [main] INFO  sudoku.model.SudokuBoard - Wartość 0 wstawiona nieprawidłowo
17:37:11.366 [main] INFO  sudoku.model.SudokuBoard - Bład w kwadracie 0
sudoku.model.SudokuBoard@43d3995f[
  size=9
  solver=sudoku.model.BacktrackingSudokuSolver@2211b44f
  board={{9,4,5,6,7,2,8,1,3},{7,6,2,9,1,0,0,0,0},{0,0,0,0,0,0,0,0,0},{0,0,0,0,0,0,0,0,0},{0,0,0,0,0,0,0,0,0},{0,0,0,0,0,0,0,0,0},{0,0,0,0,0,0,0,0,0},{0,0,0,0,0,0,0,0,0},{0,0,0,0,0,0,0,0,0}}
]
17:37:11.366 [main] INFO  sudoku.model.SudokuBoard - Wartość 0 wstawiona nieprawidłowo
17:37:11.366 [main] INFO  sudoku.model.SudokuBoard - Bład w kwadracie 0
sudoku.model.SudokuBoard@43d3995f[
  size=9
  solver=sudoku.model.BacktrackingSudokuSolver@2211b44f
  board={{9,4,5,6,7,2,8,1,3},{7,6,2,9,1,3,4,0,0},{0,0,0,0,0,0,0,0,0},{0,0,0,0,0,0,0,0,0},{0,0,0,0,0,0,0,0,0},{0,0,0,0,0,0,0,0,0},{0,0,0,0,0,0,0,0,0},{0,0,0,0,0,0,0,0,0},{0,0,0,0,0,0,0,0,0}}
]
17:37:11.366 [main] INFO  sudoku.model.SudokuBoard - Wartość 0 wstawiona nieprawidłowo
17:37:11.366 [main] INFO  sudoku.model.SudokuBoard - Bład w kwadracie 0
sudoku.model.SudokuBoard@43d3995f[
  size=9
  solver=sudoku.model.BacktrackingSudokuSolver@2211b44f
  board={{9,4,5,6,7,2,8,1,3},{7,6,2,9,1,3,0,0,0},{0,0,0,0,0,0,0,0,0},{0,0,0,0,0,0,0,0,0},{0,0,0,0,0,0,0,0,0},{0,0,0,0,0,0,0,0,0},{0,0,0,0,0,0,0,0,0},{0,0,0,0,0,0,0,0,0},{0,0,0,0,0,0,0,0,0}}
]
17:37:11.366 [main] INFO  sudoku.model.SudokuBoard - Wartość 0 wstawiona nieprawidłowo
17:37:11.366 [main] INFO  sudoku.model.SudokuBoard - Bład w kwadracie 0
sudoku.model.SudokuBoard@43d3995f[
  size=9
  solver=sudoku.model.BacktrackingSudokuSolver@2211b44f
  board={{9,4,5,6,7,2,8,1,3},{7,6,2,9,1,3,5,0,0},{0,0,0,0,0,0,0,0,0},{0,0,0,0,0,0,0,0,0},{0,0,0,0,0,0,0,0,0},{0,0,0,0,0,0,0,0,0},{0,0,0,0,0,0,0,0,0},{0,0,0,0,0,0,0,0,0},{0,0,0,0,0,0,0,0,0}}
]
17:37:11.366 [main] INFO  sudoku.model.SudokuBoard - Wartość 0 wstawiona nieprawidłowo
17:37:11.367 [main] INFO  sudoku.model.SudokuBoard - Bład w kwadracie 0
sudoku.model.SudokuBoard@43d3995f[
  size=9
  solver=sudoku.model.BacktrackingSudokuSolver@2211b44f
  board={{9,4,5,6,7,2,8,1,3},{7,6,2,9,1,3,0,0,0},{0,0,0,0,0,0,0,0,0},{0,0,0,0,0,0,0,0,0},{0,0,0,0,0,0,0,0,0},{0,0,0,0,0,0,0,0,0},{0,0,0,0,0,0,0,0,0},{0,0,0,0,0,0,0,0,0},{0,0,0,0,0,0,0,0,0}}
]
17:37:11.367 [main] INFO  sudoku.model.SudokuBoard - Wartość 0 wstawiona nieprawidłowo
17:37:11.367 [main] INFO  sudoku.model.SudokuBoard - Bład w kwadracie 0
sudoku.model.SudokuBoard@43d3995f[
  size=9
  solver=sudoku.model.BacktrackingSudokuSolver@2211b44f
  board={{9,4,5,6,7,2,8,1,3},{7,6,2,9,1,0,0,0,0},{0,0,0,0,0,0,0,0,0},{0,0,0,0,0,0,0,0,0},{0,0,0,0,0,0,0,0,0},{0,0,0,0,0,0,0,0,0},{0,0,0,0,0,0,0,0,0},{0,0,0,0,0,0,0,0,0},{0,0,0,0,0,0,0,0,0}}
]
17:37:11.367 [main] INFO  sudoku.model.SudokuBoard - Wartość 0 wstawiona nieprawidłowo
17:37:11.367 [main] INFO  sudoku.model.SudokuBoard - Bład w kwadracie 0
sudoku.model.SudokuBoard@43d3995f[
  size=9
  solver=sudoku.model.BacktrackingSudokuSolver@2211b44f
  board={{9,4,5,6,7,2,8,1,3},{7,6,2,9,1,4,0,0,0},{0,0,0,0,0,0,0,0,0},{0,0,0,0,0,0,0,0,0},{0,0,0,0,0,0,0,0,0},{0,0,0,0,0,0,0,0,0},{0,0,0,0,0,0,0,0,0},{0,0,0,0,0,0,0,0,0},{0,0,0,0,0,0,0,0,0}}
]
17:37:11.367 [main] INFO  sudoku.model.SudokuBoard - Wartość 0 wstawiona nieprawidłowo
17:37:11.367 [main] INFO  sudoku.model.SudokuBoard - Bład w kwadracie 0
sudoku.model.SudokuBoard@43d3995f[
  size=9
  solver=sudoku.model.BacktrackingSudokuSolver@2211b44f
  board={{9,4,5,6,7,2,8,1,3},{7,6,2,9,1,0,0,0,0},{0,0,0,0,0,0,0,0,0},{0,0,0,0,0,0,0,0,0},{0,0,0,0,0,0,0,0,0},{0,0,0,0,0,0,0,0,0},{0,0,0,0,0,0,0,0,0},{0,0,0,0,0,0,0,0,0},{0,0,0,0,0,0,0,0,0}}
]
17:37:11.367 [main] INFO  sudoku.model.SudokuBoard - Wartość 0 wstawiona nieprawidłowo
17:37:11.367 [main] INFO  sudoku.model.SudokuBoard - Bład w kwadracie 0
sudoku.model.SudokuBoard@43d3995f[
  size=9
  solver=sudoku.model.BacktrackingSudokuSolver@2211b44f
  board={{9,4,5,6,7,2,8,1,3},{7,6,2,9,1,5,0,0,0},{0,0,0,0,0,0,0,0,0},{0,0,0,0,0,0,0,0,0},{0,0,0,0,0,0,0,0,0},{0,0,0,0,0,0,0,0,0},{0,0,0,0,0,0,0,0,0},{0,0,0,0,0,0,0,0,0},{0,0,0,0,0,0,0,0,0}}
]
17:37:11.367 [main] INFO  sudoku.model.SudokuBoard - Wartość 0 wstawiona nieprawidłowo
17:37:11.367 [main] INFO  sudoku.model.SudokuBoard - Bład w kwadracie 0
sudoku.model.SudokuBoard@43d3995f[
  size=9
  solver=sudoku.model.BacktrackingSudokuSolver@2211b44f
  board={{9,4,5,6,7,2,8,1,3},{7,6,2,9,1,0,0,0,0},{0,0,0,0,0,0,0,0,0},{0,0,0,0,0,0,0,0,0},{0,0,0,0,0,0,0,0,0},{0,0,0,0,0,0,0,0,0},{0,0,0,0,0,0,0,0,0},{0,0,0,0,0,0,0,0,0},{0,0,0,0,0,0,0,0,0}}
]
17:37:11.367 [main] INFO  sudoku.model.SudokuBoard - Wartość 0 wstawiona nieprawidłowo
17:37:11.367 [main] INFO  sudoku.model.SudokuBoard - Bład w kwadracie 0
sudoku.model.SudokuBoard@43d3995f[
  size=9
  solver=sudoku.model.BacktrackingSudokuSolver@2211b44f
  board={{9,4,5,6,7,2,8,1,3},{7,6,2,9,0,0,0,0,0},{0,0,0,0,0,0,0,0,0},{0,0,0,0,0,0,0,0,0},{0,0,0,0,0,0,0,0,0},{0,0,0,0,0,0,0,0,0},{0,0,0,0,0,0,0,0,0},{0,0,0,0,0,0,0,0,0},{0,0,0,0,0,0,0,0,0}}
]
17:37:11.367 [main] INFO  sudoku.model.SudokuBoard - Wartość 0 wstawiona nieprawidłowo
17:37:11.367 [main] INFO  sudoku.model.SudokuBoard - Bład w kwadracie 0
sudoku.model.SudokuBoard@43d3995f[
  size=9
  solver=sudoku.model.BacktrackingSudokuSolver@2211b44f
  board={{9,4,5,6,7,2,8,1,3},{7,6,2,9,3,8,4,0,0},{0,0,0,0,0,0,0,0,0},{0,0,0,0,0,0,0,0,0},{0,0,0,0,0,0,0,0,0},{0,0,0,0,0,0,0,0,0},{0,0,0,0,0,0,0,0,0},{0,0,0,0,0,0,0,0,0},{0,0,0,0,0,0,0,0,0}}
]
17:37:11.367 [main] INFO  sudoku.model.SudokuBoard - Wartość 0 wstawiona nieprawidłowo
17:37:11.367 [main] INFO  sudoku.model.SudokuBoard - Bład w kwadracie 0
sudoku.model.SudokuBoard@43d3995f[
  size=9
  solver=sudoku.model.BacktrackingSudokuSolver@2211b44f
  board={{9,4,5,6,7,2,8,1,3},{7,6,2,9,3,8,0,0,0},{0,0,0,0,0,0,0,0,0},{0,0,0,0,0,0,0,0,0},{0,0,0,0,0,0,0,0,0},{0,0,0,0,0,0,0,0,0},{0,0,0,0,0,0,0,0,0},{0,0,0,0,0,0,0,0,0},{0,0,0,0,0,0,0,0,0}}
]
17:37:11.367 [main] INFO  sudoku.model.SudokuBoard - Wartość 0 wstawiona nieprawidłowo
17:37:11.368 [main] INFO  sudoku.model.SudokuBoard - Bład w kwadracie 0
sudoku.model.SudokuBoard@43d3995f[
  size=9
  solver=sudoku.model.BacktrackingSudokuSolver@2211b44f
  board={{9,4,5,6,7,2,8,1,3},{7,6,2,9,3,8,5,0,0},{0,0,0,0,0,0,0,0,0},{0,0,0,0,0,0,0,0,0},{0,0,0,0,0,0,0,0,0},{0,0,0,0,0,0,0,0,0},{0,0,0,0,0,0,0,0,0},{0,0,0,0,0,0,0,0,0},{0,0,0,0,0,0,0,0,0}}
]
17:37:11.368 [main] INFO  sudoku.model.SudokuBoard - Wartość 0 wstawiona nieprawidłowo
17:37:11.368 [main] INFO  sudoku.model.SudokuBoard - Bład w kwadracie 0
sudoku.model.SudokuBoard@43d3995f[
  size=9
  solver=sudoku.model.BacktrackingSudokuSolver@2211b44f
  board={{9,4,5,6,7,2,8,1,3},{7,6,2,9,3,8,0,0,0},{0,0,0,0,0,0,0,0,0},{0,0,0,0,0,0,0,0,0},{0,0,0,0,0,0,0,0,0},{0,0,0,0,0,0,0,0,0},{0,0,0,0,0,0,0,0,0},{0,0,0,0,0,0,0,0,0},{0,0,0,0,0,0,0,0,0}}
]
17:37:11.368 [main] INFO  sudoku.model.SudokuBoard - Wartość 0 wstawiona nieprawidłowo
17:37:11.368 [main] INFO  sudoku.model.SudokuBoard - Bład w kwadracie 0
sudoku.model.SudokuBoard@43d3995f[
  size=9
  solver=sudoku.model.BacktrackingSudokuSolver@2211b44f
  board={{9,4,5,6,7,2,8,1,3},{7,6,2,9,3,0,0,0,0},{0,0,0,0,0,0,0,0,0},{0,0,0,0,0,0,0,0,0},{0,0,0,0,0,0,0,0,0},{0,0,0,0,0,0,0,0,0},{0,0,0,0,0,0,0,0,0},{0,0,0,0,0,0,0,0,0},{0,0,0,0,0,0,0,0,0}}
]
17:37:11.368 [main] INFO  sudoku.model.SudokuBoard - Wartość 0 wstawiona nieprawidłowo
17:37:11.368 [main] INFO  sudoku.model.SudokuBoard - Bład w kwadracie 0
sudoku.model.SudokuBoard@43d3995f[
  size=9
  solver=sudoku.model.BacktrackingSudokuSolver@2211b44f
  board={{9,4,5,6,7,2,8,1,3},{7,6,2,9,3,1,4,0,0},{0,0,0,0,0,0,0,0,0},{0,0,0,0,0,0,0,0,0},{0,0,0,0,0,0,0,0,0},{0,0,0,0,0,0,0,0,0},{0,0,0,0,0,0,0,0,0},{0,0,0,0,0,0,0,0,0},{0,0,0,0,0,0,0,0,0}}
]
17:37:11.368 [main] INFO  sudoku.model.SudokuBoard - Wartość 0 wstawiona nieprawidłowo
17:37:11.368 [main] INFO  sudoku.model.SudokuBoard - Bład w kwadracie 0
sudoku.model.SudokuBoard@43d3995f[
  size=9
  solver=sudoku.model.BacktrackingSudokuSolver@2211b44f
  board={{9,4,5,6,7,2,8,1,3},{7,6,2,9,3,1,0,0,0},{0,0,0,0,0,0,0,0,0},{0,0,0,0,0,0,0,0,0},{0,0,0,0,0,0,0,0,0},{0,0,0,0,0,0,0,0,0},{0,0,0,0,0,0,0,0,0},{0,0,0,0,0,0,0,0,0},{0,0,0,0,0,0,0,0,0}}
]
17:37:11.368 [main] INFO  sudoku.model.SudokuBoard - Wartość 0 wstawiona nieprawidłowo
17:37:11.368 [main] INFO  sudoku.model.SudokuBoard - Bład w kwadracie 0
sudoku.model.SudokuBoard@43d3995f[
  size=9
  solver=sudoku.model.BacktrackingSudokuSolver@2211b44f
  board={{9,4,5,6,7,2,8,1,3},{7,6,2,9,3,1,5,0,0},{0,0,0,0,0,0,0,0,0},{0,0,0,0,0,0,0,0,0},{0,0,0,0,0,0,0,0,0},{0,0,0,0,0,0,0,0,0},{0,0,0,0,0,0,0,0,0},{0,0,0,0,0,0,0,0,0},{0,0,0,0,0,0,0,0,0}}
]
17:37:11.368 [main] INFO  sudoku.model.SudokuBoard - Wartość 0 wstawiona nieprawidłowo
17:37:11.368 [main] INFO  sudoku.model.SudokuBoard - Bład w kwadracie 0
sudoku.model.SudokuBoard@43d3995f[
  size=9
  solver=sudoku.model.BacktrackingSudokuSolver@2211b44f
  board={{9,4,5,6,7,2,8,1,3},{7,6,2,9,3,1,0,0,0},{0,0,0,0,0,0,0,0,0},{0,0,0,0,0,0,0,0,0},{0,0,0,0,0,0,0,0,0},{0,0,0,0,0,0,0,0,0},{0,0,0,0,0,0,0,0,0},{0,0,0,0,0,0,0,0,0},{0,0,0,0,0,0,0,0,0}}
]
17:37:11.368 [main] INFO  sudoku.model.SudokuBoard - Wartość 0 wstawiona nieprawidłowo
17:37:11.368 [main] INFO  sudoku.model.SudokuBoard - Bład w kwadracie 0
sudoku.model.SudokuBoard@43d3995f[
  size=9
  solver=sudoku.model.BacktrackingSudokuSolver@2211b44f
  board={{9,4,5,6,7,2,8,1,3},{7,6,2,9,3,0,0,0,0},{0,0,0,0,0,0,0,0,0},{0,0,0,0,0,0,0,0,0},{0,0,0,0,0,0,0,0,0},{0,0,0,0,0,0,0,0,0},{0,0,0,0,0,0,0,0,0},{0,0,0,0,0,0,0,0,0},{0,0,0,0,0,0,0,0,0}}
]
17:37:11.369 [main] INFO  sudoku.model.SudokuBoard - Wartość 0 wstawiona nieprawidłowo
17:37:11.369 [main] INFO  sudoku.model.SudokuBoard - Bład w kwadracie 0
sudoku.model.SudokuBoard@43d3995f[
  size=9
  solver=sudoku.model.BacktrackingSudokuSolver@2211b44f
  board={{9,4,5,6,7,2,8,1,3},{7,6,2,9,3,4,0,0,0},{0,0,0,0,0,0,0,0,0},{0,0,0,0,0,0,0,0,0},{0,0,0,0,0,0,0,0,0},{0,0,0,0,0,0,0,0,0},{0,0,0,0,0,0,0,0,0},{0,0,0,0,0,0,0,0,0},{0,0,0,0,0,0,0,0,0}}
]
17:37:11.369 [main] INFO  sudoku.model.SudokuBoard - Wartość 0 wstawiona nieprawidłowo
17:37:11.369 [main] INFO  sudoku.model.SudokuBoard - Bład w kwadracie 0
sudoku.model.SudokuBoard@43d3995f[
  size=9
  solver=sudoku.model.BacktrackingSudokuSolver@2211b44f
  board={{9,4,5,6,7,2,8,1,3},{7,6,2,9,3,0,0,0,0},{0,0,0,0,0,0,0,0,0},{0,0,0,0,0,0,0,0,0},{0,0,0,0,0,0,0,0,0},{0,0,0,0,0,0,0,0,0},{0,0,0,0,0,0,0,0,0},{0,0,0,0,0,0,0,0,0},{0,0,0,0,0,0,0,0,0}}
]
17:37:11.369 [main] INFO  sudoku.model.SudokuBoard - Wartość 0 wstawiona nieprawidłowo
17:37:11.369 [main] INFO  sudoku.model.SudokuBoard - Bład w kwadracie 0
sudoku.model.SudokuBoard@43d3995f[
  size=9
  solver=sudoku.model.BacktrackingSudokuSolver@2211b44f
  board={{9,4,5,6,7,2,8,1,3},{7,6,2,9,3,5,0,0,0},{0,0,0,0,0,0,0,0,0},{0,0,0,0,0,0,0,0,0},{0,0,0,0,0,0,0,0,0},{0,0,0,0,0,0,0,0,0},{0,0,0,0,0,0,0,0,0},{0,0,0,0,0,0,0,0,0},{0,0,0,0,0,0,0,0,0}}
]
17:37:11.369 [main] INFO  sudoku.model.SudokuBoard - Wartość 0 wstawiona nieprawidłowo
17:37:11.369 [main] INFO  sudoku.model.SudokuBoard - Bład w kwadracie 0
sudoku.model.SudokuBoard@43d3995f[
  size=9
  solver=sudoku.model.BacktrackingSudokuSolver@2211b44f
  board={{9,4,5,6,7,2,8,1,3},{7,6,2,9,3,0,0,0,0},{0,0,0,0,0,0,0,0,0},{0,0,0,0,0,0,0,0,0},{0,0,0,0,0,0,0,0,0},{0,0,0,0,0,0,0,0,0},{0,0,0,0,0,0,0,0,0},{0,0,0,0,0,0,0,0,0},{0,0,0,0,0,0,0,0,0}}
]
17:37:11.369 [main] INFO  sudoku.model.SudokuBoard - Wartość 0 wstawiona nieprawidłowo
17:37:11.369 [main] INFO  sudoku.model.SudokuBoard - Bład w kwadracie 0
sudoku.model.SudokuBoard@43d3995f[
  size=9
  solver=sudoku.model.BacktrackingSudokuSolver@2211b44f
  board={{9,4,5,6,7,2,8,1,3},{7,6,2,9,0,0,0,0,0},{0,0,0,0,0,0,0,0,0},{0,0,0,0,0,0,0,0,0},{0,0,0,0,0,0,0,0,0},{0,0,0,0,0,0,0,0,0},{0,0,0,0,0,0,0,0,0},{0,0,0,0,0,0,0,0,0},{0,0,0,0,0,0,0,0,0}}
]
17:37:11.369 [main] INFO  sudoku.model.SudokuBoard - Wartość 0 wstawiona nieprawidłowo
17:37:11.369 [main] INFO  sudoku.model.SudokuBoard - Bład w kwadracie 0
sudoku.model.SudokuBoard@43d3995f[
  size=9
  solver=sudoku.model.BacktrackingSudokuSolver@2211b44f
  board={{9,4,5,6,7,2,8,1,3},{7,6,2,9,4,0,0,0,0},{0,0,0,0,0,0,0,0,0},{0,0,0,0,0,0,0,0,0},{0,0,0,0,0,0,0,0,0},{0,0,0,0,0,0,0,0,0},{0,0,0,0,0,0,0,0,0},{0,0,0,0,0,0,0,0,0},{0,0,0,0,0,0,0,0,0}}
]
17:37:11.369 [main] INFO  sudoku.model.SudokuBoard - Wartość 0 wstawiona nieprawidłowo
17:37:11.369 [main] INFO  sudoku.model.SudokuBoard - Bład w kwadracie 0
sudoku.model.SudokuBoard@43d3995f[
  size=9
  solver=sudoku.model.BacktrackingSudokuSolver@2211b44f
  board={{9,4,5,6,7,2,8,1,3},{7,6,2,9,4,8,0,0,0},{0,0,0,0,0,0,0,0,0},{0,0,0,0,0,0,0,0,0},{0,0,0,0,0,0,0,0,0},{0,0,0,0,0,0,0,0,0},{0,0,0,0,0,0,0,0,0},{0,0,0,0,0,0,0,0,0},{0,0,0,0,0,0,0,0,0}}
]
17:37:11.369 [main] INFO  sudoku.model.SudokuBoard - Wartość 0 wstawiona nieprawidłowo
17:37:11.369 [main] INFO  sudoku.model.SudokuBoard - Bład w kwadracie 0
sudoku.model.SudokuBoard@43d3995f[
  size=9
  solver=sudoku.model.BacktrackingSudokuSolver@2211b44f
  board={{9,4,5,6,7,2,8,1,3},{7,6,2,9,4,0,0,0,0},{0,0,0,0,0,0,0,0,0},{0,0,0,0,0,0,0,0,0},{0,0,0,0,0,0,0,0,0},{0,0,0,0,0,0,0,0,0},{0,0,0,0,0,0,0,0,0},{0,0,0,0,0,0,0,0,0},{0,0,0,0,0,0,0,0,0}}
]
17:37:11.369 [main] INFO  sudoku.model.SudokuBoard - Wartość 0 wstawiona nieprawidłowo
17:37:11.370 [main] INFO  sudoku.model.SudokuBoard - Bład w kwadracie 0
sudoku.model.SudokuBoard@43d3995f[
  size=9
  solver=sudoku.model.BacktrackingSudokuSolver@2211b44f
  board={{9,4,5,6,7,2,8,1,3},{7,6,2,9,4,1,0,0,0},{0,0,0,0,0,0,0,0,0},{0,0,0,0,0,0,0,0,0},{0,0,0,0,0,0,0,0,0},{0,0,0,0,0,0,0,0,0},{0,0,0,0,0,0,0,0,0},{0,0,0,0,0,0,0,0,0},{0,0,0,0,0,0,0,0,0}}
]
17:37:11.370 [main] INFO  sudoku.model.SudokuBoard - Wartość 0 wstawiona nieprawidłowo
17:37:11.370 [main] INFO  sudoku.model.SudokuBoard - Bład w kwadracie 0
sudoku.model.SudokuBoard@43d3995f[
  size=9
  solver=sudoku.model.BacktrackingSudokuSolver@2211b44f
  board={{9,4,5,6,7,2,8,1,3},{7,6,2,9,4,0,0,0,0},{0,0,0,0,0,0,0,0,0},{0,0,0,0,0,0,0,0,0},{0,0,0,0,0,0,0,0,0},{0,0,0,0,0,0,0,0,0},{0,0,0,0,0,0,0,0,0},{0,0,0,0,0,0,0,0,0},{0,0,0,0,0,0,0,0,0}}
]
17:37:11.370 [main] INFO  sudoku.model.SudokuBoard - Wartość 0 wstawiona nieprawidłowo
17:37:11.370 [main] INFO  sudoku.model.SudokuBoard - Bład w kwadracie 0
sudoku.model.SudokuBoard@43d3995f[
  size=9
  solver=sudoku.model.BacktrackingSudokuSolver@2211b44f
  board={{9,4,5,6,7,2,8,1,3},{7,6,2,9,4,3,0,0,0},{0,0,0,0,0,0,0,0,0},{0,0,0,0,0,0,0,0,0},{0,0,0,0,0,0,0,0,0},{0,0,0,0,0,0,0,0,0},{0,0,0,0,0,0,0,0,0},{0,0,0,0,0,0,0,0,0},{0,0,0,0,0,0,0,0,0}}
]
17:37:11.370 [main] INFO  sudoku.model.SudokuBoard - Wartość 0 wstawiona nieprawidłowo
17:37:11.370 [main] INFO  sudoku.model.SudokuBoard - Bład w kwadracie 0
sudoku.model.SudokuBoard@43d3995f[
  size=9
  solver=sudoku.model.BacktrackingSudokuSolver@2211b44f
  board={{9,4,5,6,7,2,8,1,3},{7,6,2,9,4,0,0,0,0},{0,0,0,0,0,0,0,0,0},{0,0,0,0,0,0,0,0,0},{0,0,0,0,0,0,0,0,0},{0,0,0,0,0,0,0,0,0},{0,0,0,0,0,0,0,0,0},{0,0,0,0,0,0,0,0,0},{0,0,0,0,0,0,0,0,0}}
]
17:37:11.370 [main] INFO  sudoku.model.SudokuBoard - Wartość 0 wstawiona nieprawidłowo
17:37:11.370 [main] INFO  sudoku.model.SudokuBoard - Bład w kwadracie 0
sudoku.model.SudokuBoard@43d3995f[
  size=9
  solver=sudoku.model.BacktrackingSudokuSolver@2211b44f
  board={{9,4,5,6,7,2,8,1,3},{7,6,2,9,0,0,0,0,0},{0,0,0,0,0,0,0,0,0},{0,0,0,0,0,0,0,0,0},{0,0,0,0,0,0,0,0,0},{0,0,0,0,0,0,0,0,0},{0,0,0,0,0,0,0,0,0},{0,0,0,0,0,0,0,0,0},{0,0,0,0,0,0,0,0,0}}
]
17:37:11.370 [main] INFO  sudoku.model.SudokuBoard - Wartość 0 wstawiona nieprawidłowo
17:37:11.370 [main] INFO  sudoku.model.SudokuBoard - Bład w kwadracie 0
sudoku.model.SudokuBoard@43d3995f[
  size=9
  solver=sudoku.model.BacktrackingSudokuSolver@2211b44f
  board={{9,4,5,6,7,2,8,1,3},{7,6,2,9,5,8,0,0,0},{0,0,0,0,0,0,0,0,0},{0,0,0,0,0,0,0,0,0},{0,0,0,0,0,0,0,0,0},{0,0,0,0,0,0,0,0,0},{0,0,0,0,0,0,0,0,0},{0,0,0,0,0,0,0,0,0},{0,0,0,0,0,0,0,0,0}}
]
17:37:11.370 [main] INFO  sudoku.model.SudokuBoard - Wartość 0 wstawiona nieprawidłowo
17:37:11.370 [main] INFO  sudoku.model.SudokuBoard - Bład w kwadracie 0
sudoku.model.SudokuBoard@43d3995f[
  size=9
  solver=sudoku.model.BacktrackingSudokuSolver@2211b44f
  board={{9,4,5,6,7,2,8,1,3},{7,6,2,9,5,0,0,0,0},{0,0,0,0,0,0,0,0,0},{0,0,0,0,0,0,0,0,0},{0,0,0,0,0,0,0,0,0},{0,0,0,0,0,0,0,0,0},{0,0,0,0,0,0,0,0,0},{0,0,0,0,0,0,0,0,0},{0,0,0,0,0,0,0,0,0}}
]
17:37:11.370 [main] INFO  sudoku.model.SudokuBoard - Wartość 0 wstawiona nieprawidłowo
17:37:11.370 [main] INFO  sudoku.model.SudokuBoard - Bład w kwadracie 0
sudoku.model.SudokuBoard@43d3995f[
  size=9
  solver=sudoku.model.BacktrackingSudokuSolver@2211b44f
  board={{9,4,5,6,7,2,8,1,3},{7,6,2,9,5,1,0,0,0},{0,0,0,0,0,0,0,0,0},{0,0,0,0,0,0,0,0,0},{0,0,0,0,0,0,0,0,0},{0,0,0,0,0,0,0,0,0},{0,0,0,0,0,0,0,0,0},{0,0,0,0,0,0,0,0,0},{0,0,0,0,0,0,0,0,0}}
]
17:37:11.371 [main] INFO  sudoku.model.SudokuBoard - Wartość 0 wstawiona nieprawidłowo
17:37:11.371 [main] INFO  sudoku.model.SudokuBoard - Bład w kwadracie 0
sudoku.model.SudokuBoard@43d3995f[
  size=9
  solver=sudoku.model.BacktrackingSudokuSolver@2211b44f
  board={{9,4,5,6,7,2,8,1,3},{7,6,2,9,5,0,0,0,0},{0,0,0,0,0,0,0,0,0},{0,0,0,0,0,0,0,0,0},{0,0,0,0,0,0,0,0,0},{0,0,0,0,0,0,0,0,0},{0,0,0,0,0,0,0,0,0},{0,0,0,0,0,0,0,0,0},{0,0,0,0,0,0,0,0,0}}
]
17:37:11.371 [main] INFO  sudoku.model.SudokuBoard - Wartość 0 wstawiona nieprawidłowo
17:37:11.371 [main] INFO  sudoku.model.SudokuBoard - Bład w kwadracie 0
sudoku.model.SudokuBoard@43d3995f[
  size=9
  solver=sudoku.model.BacktrackingSudokuSolver@2211b44f
  board={{9,4,5,6,7,2,8,1,3},{7,6,2,9,5,3,0,0,0},{0,0,0,0,0,0,0,0,0},{0,0,0,0,0,0,0,0,0},{0,0,0,0,0,0,0,0,0},{0,0,0,0,0,0,0,0,0},{0,0,0,0,0,0,0,0,0},{0,0,0,0,0,0,0,0,0},{0,0,0,0,0,0,0,0,0}}
]
17:37:11.371 [main] INFO  sudoku.model.SudokuBoard - Wartość 0 wstawiona nieprawidłowo
17:37:11.371 [main] INFO  sudoku.model.SudokuBoard - Bład w kwadracie 0
sudoku.model.SudokuBoard@43d3995f[
  size=9
  solver=sudoku.model.BacktrackingSudokuSolver@2211b44f
  board={{9,4,5,6,7,2,8,1,3},{7,6,2,9,5,0,0,0,0},{0,0,0,0,0,0,0,0,0},{0,0,0,0,0,0,0,0,0},{0,0,0,0,0,0,0,0,0},{0,0,0,0,0,0,0,0,0},{0,0,0,0,0,0,0,0,0},{0,0,0,0,0,0,0,0,0},{0,0,0,0,0,0,0,0,0}}
]
17:37:11.371 [main] INFO  sudoku.model.SudokuBoard - Wartość 0 wstawiona nieprawidłowo
17:37:11.371 [main] INFO  sudoku.model.SudokuBoard - Bład w kwadracie 0
sudoku.model.SudokuBoard@43d3995f[
  size=9
  solver=sudoku.model.BacktrackingSudokuSolver@2211b44f
  board={{9,4,5,6,7,2,8,1,3},{7,6,2,9,5,0,0,0,0},{0,0,0,0,0,0,0,0,0},{0,0,0,0,0,0,0,0,0},{0,0,0,0,0,0,0,0,0},{0,0,0,0,0,0,0,0,0},{0,0,0,0,0,0,0,0,0},{0,0,0,0,0,0,0,0,0},{0,0,0,0,0,0,0,0,0}}
]
17:37:11.371 [main] INFO  sudoku.model.SudokuBoard - Wartość 0 wstawiona nieprawidłowo
17:37:11.371 [main] INFO  sudoku.model.SudokuBoard - Bład w kwadracie 0
sudoku.model.SudokuBoard@43d3995f[
  size=9
  solver=sudoku.model.BacktrackingSudokuSolver@2211b44f
  board={{9,4,5,6,7,2,8,1,3},{7,6,2,9,0,0,0,0,0},{0,0,0,0,0,0,0,0,0},{0,0,0,0,0,0,0,0,0},{0,0,0,0,0,0,0,0,0},{0,0,0,0,0,0,0,0,0},{0,0,0,0,0,0,0,0,0},{0,0,0,0,0,0,0,0,0},{0,0,0,0,0,0,0,0,0}}
]
17:37:11.371 [main] INFO  sudoku.model.SudokuBoard - Wartość 0 wstawiona nieprawidłowo
17:37:11.371 [main] INFO  sudoku.model.SudokuBoard - Bład w kwadracie 0
sudoku.model.SudokuBoard@43d3995f[
  size=9
  solver=sudoku.model.BacktrackingSudokuSolver@2211b44f
  board={{9,4,5,6,7,2,8,1,3},{7,6,2,9,8,1,4,0,0},{0,0,0,0,0,0,0,0,0},{0,0,0,0,0,0,0,0,0},{0,0,0,0,0,0,0,0,0},{0,0,0,0,0,0,0,0,0},{0,0,0,0,0,0,0,0,0},{0,0,0,0,0,0,0,0,0},{0,0,0,0,0,0,0,0,0}}
]
17:37:11.371 [main] INFO  sudoku.model.SudokuBoard - Wartość 0 wstawiona nieprawidłowo
17:37:11.371 [main] INFO  sudoku.model.SudokuBoard - Bład w kwadracie 0
sudoku.model.SudokuBoard@43d3995f[
  size=9
  solver=sudoku.model.BacktrackingSudokuSolver@2211b44f
  board={{9,4,5,6,7,2,8,1,3},{7,6,2,9,8,1,0,0,0},{0,0,0,0,0,0,0,0,0},{0,0,0,0,0,0,0,0,0},{0,0,0,0,0,0,0,0,0},{0,0,0,0,0,0,0,0,0},{0,0,0,0,0,0,0,0,0},{0,0,0,0,0,0,0,0,0},{0,0,0,0,0,0,0,0,0}}
]
17:37:11.371 [main] INFO  sudoku.model.SudokuBoard - Wartość 0 wstawiona nieprawidłowo
17:37:11.371 [main] INFO  sudoku.model.SudokuBoard - Bład w kwadracie 0
sudoku.model.SudokuBoard@43d3995f[
  size=9
  solver=sudoku.model.BacktrackingSudokuSolver@2211b44f
  board={{9,4,5,6,7,2,8,1,3},{7,6,2,9,8,1,5,0,0},{0,0,0,0,0,0,0,0,0},{0,0,0,0,0,0,0,0,0},{0,0,0,0,0,0,0,0,0},{0,0,0,0,0,0,0,0,0},{0,0,0,0,0,0,0,0,0},{0,0,0,0,0,0,0,0,0},{0,0,0,0,0,0,0,0,0}}
]
17:37:11.372 [main] INFO  sudoku.model.SudokuBoard - Wartość 0 wstawiona nieprawidłowo
17:37:11.372 [main] INFO  sudoku.model.SudokuBoard - Bład w kwadracie 0
sudoku.model.SudokuBoard@43d3995f[
  size=9
  solver=sudoku.model.BacktrackingSudokuSolver@2211b44f
  board={{9,4,5,6,7,2,8,1,3},{7,6,2,9,8,1,0,0,0},{0,0,0,0,0,0,0,0,0},{0,0,0,0,0,0,0,0,0},{0,0,0,0,0,0,0,0,0},{0,0,0,0,0,0,0,0,0},{0,0,0,0,0,0,0,0,0},{0,0,0,0,0,0,0,0,0},{0,0,0,0,0,0,0,0,0}}
]
17:37:11.372 [main] INFO  sudoku.model.SudokuBoard - Wartość 0 wstawiona nieprawidłowo
17:37:11.372 [main] INFO  sudoku.model.SudokuBoard - Bład w kwadracie 0
sudoku.model.SudokuBoard@43d3995f[
  size=9
  solver=sudoku.model.BacktrackingSudokuSolver@2211b44f
  board={{9,4,5,6,7,2,8,1,3},{7,6,2,9,8,0,0,0,0},{0,0,0,0,0,0,0,0,0},{0,0,0,0,0,0,0,0,0},{0,0,0,0,0,0,0,0,0},{0,0,0,0,0,0,0,0,0},{0,0,0,0,0,0,0,0,0},{0,0,0,0,0,0,0,0,0},{0,0,0,0,0,0,0,0,0}}
]
17:37:11.372 [main] INFO  sudoku.model.SudokuBoard - Wartość 0 wstawiona nieprawidłowo
17:37:11.372 [main] INFO  sudoku.model.SudokuBoard - Bład w kwadracie 0
sudoku.model.SudokuBoard@43d3995f[
  size=9
  solver=sudoku.model.BacktrackingSudokuSolver@2211b44f
  board={{9,4,5,6,7,2,8,1,3},{7,6,2,9,8,3,4,0,0},{0,0,0,0,0,0,0,0,0},{0,0,0,0,0,0,0,0,0},{0,0,0,0,0,0,0,0,0},{0,0,0,0,0,0,0,0,0},{0,0,0,0,0,0,0,0,0},{0,0,0,0,0,0,0,0,0},{0,0,0,0,0,0,0,0,0}}
]
17:37:11.372 [main] INFO  sudoku.model.SudokuBoard - Wartość 0 wstawiona nieprawidłowo
17:37:11.372 [main] INFO  sudoku.model.SudokuBoard - Bład w kwadracie 0
sudoku.model.SudokuBoard@43d3995f[
  size=9
  solver=sudoku.model.BacktrackingSudokuSolver@2211b44f
  board={{9,4,5,6,7,2,8,1,3},{7,6,2,9,8,3,0,0,0},{0,0,0,0,0,0,0,0,0},{0,0,0,0,0,0,0,0,0},{0,0,0,0,0,0,0,0,0},{0,0,0,0,0,0,0,0,0},{0,0,0,0,0,0,0,0,0},{0,0,0,0,0,0,0,0,0},{0,0,0,0,0,0,0,0,0}}
]
17:37:11.372 [main] INFO  sudoku.model.SudokuBoard - Wartość 0 wstawiona nieprawidłowo
17:37:11.372 [main] INFO  sudoku.model.SudokuBoard - Bład w kwadracie 0
sudoku.model.SudokuBoard@43d3995f[
  size=9
  solver=sudoku.model.BacktrackingSudokuSolver@2211b44f
  board={{9,4,5,6,7,2,8,1,3},{7,6,2,9,8,3,5,0,0},{0,0,0,0,0,0,0,0,0},{0,0,0,0,0,0,0,0,0},{0,0,0,0,0,0,0,0,0},{0,0,0,0,0,0,0,0,0},{0,0,0,0,0,0,0,0,0},{0,0,0,0,0,0,0,0,0},{0,0,0,0,0,0,0,0,0}}
]
17:37:11.372 [main] INFO  sudoku.model.SudokuBoard - Wartość 0 wstawiona nieprawidłowo
17:37:11.372 [main] INFO  sudoku.model.SudokuBoard - Bład w kwadracie 0
sudoku.model.SudokuBoard@43d3995f[
  size=9
  solver=sudoku.model.BacktrackingSudokuSolver@2211b44f
  board={{9,4,5,6,7,2,8,1,3},{7,6,2,9,8,3,0,0,0},{0,0,0,0,0,0,0,0,0},{0,0,0,0,0,0,0,0,0},{0,0,0,0,0,0,0,0,0},{0,0,0,0,0,0,0,0,0},{0,0,0,0,0,0,0,0,0},{0,0,0,0,0,0,0,0,0},{0,0,0,0,0,0,0,0,0}}
]
17:37:11.372 [main] INFO  sudoku.model.SudokuBoard - Wartość 0 wstawiona nieprawidłowo
17:37:11.372 [main] INFO  sudoku.model.SudokuBoard - Bład w kwadracie 0
sudoku.model.SudokuBoard@43d3995f[
  size=9
  solver=sudoku.model.BacktrackingSudokuSolver@2211b44f
  board={{9,4,5,6,7,2,8,1,3},{7,6,2,9,8,0,0,0,0},{0,0,0,0,0,0,0,0,0},{0,0,0,0,0,0,0,0,0},{0,0,0,0,0,0,0,0,0},{0,0,0,0,0,0,0,0,0},{0,0,0,0,0,0,0,0,0},{0,0,0,0,0,0,0,0,0},{0,0,0,0,0,0,0,0,0}}
]
17:37:11.372 [main] INFO  sudoku.model.SudokuBoard - Wartość 0 wstawiona nieprawidłowo
17:37:11.373 [main] INFO  sudoku.model.SudokuBoard - Bład w kwadracie 0
sudoku.model.SudokuBoard@43d3995f[
  size=9
  solver=sudoku.model.BacktrackingSudokuSolver@2211b44f
  board={{9,4,5,6,7,2,8,1,3},{7,6,2,9,8,4,0,0,0},{0,0,0,0,0,0,0,0,0},{0,0,0,0,0,0,0,0,0},{0,0,0,0,0,0,0,0,0},{0,0,0,0,0,0,0,0,0},{0,0,0,0,0,0,0,0,0},{0,0,0,0,0,0,0,0,0},{0,0,0,0,0,0,0,0,0}}
]
17:37:11.373 [main] INFO  sudoku.model.SudokuBoard - Wartość 0 wstawiona nieprawidłowo
17:37:11.373 [main] INFO  sudoku.model.SudokuBoard - Bład w kwadracie 0
sudoku.model.SudokuBoard@43d3995f[
  size=9
  solver=sudoku.model.BacktrackingSudokuSolver@2211b44f
  board={{9,4,5,6,7,2,8,1,3},{7,6,2,9,8,0,0,0,0},{0,0,0,0,0,0,0,0,0},{0,0,0,0,0,0,0,0,0},{0,0,0,0,0,0,0,0,0},{0,0,0,0,0,0,0,0,0},{0,0,0,0,0,0,0,0,0},{0,0,0,0,0,0,0,0,0},{0,0,0,0,0,0,0,0,0}}
]
17:37:11.373 [main] INFO  sudoku.model.SudokuBoard - Wartość 0 wstawiona nieprawidłowo
17:37:11.373 [main] INFO  sudoku.model.SudokuBoard - Bład w kwadracie 0
sudoku.model.SudokuBoard@43d3995f[
  size=9
  solver=sudoku.model.BacktrackingSudokuSolver@2211b44f
  board={{9,4,5,6,7,2,8,1,3},{7,6,2,9,8,5,0,0,0},{0,0,0,0,0,0,0,0,0},{0,0,0,0,0,0,0,0,0},{0,0,0,0,0,0,0,0,0},{0,0,0,0,0,0,0,0,0},{0,0,0,0,0,0,0,0,0},{0,0,0,0,0,0,0,0,0},{0,0,0,0,0,0,0,0,0}}
]
17:37:11.373 [main] INFO  sudoku.model.SudokuBoard - Wartość 0 wstawiona nieprawidłowo
17:37:11.373 [main] INFO  sudoku.model.SudokuBoard - Bład w kwadracie 0
sudoku.model.SudokuBoard@43d3995f[
  size=9
  solver=sudoku.model.BacktrackingSudokuSolver@2211b44f
  board={{9,4,5,6,7,2,8,1,3},{7,6,2,9,8,0,0,0,0},{0,0,0,0,0,0,0,0,0},{0,0,0,0,0,0,0,0,0},{0,0,0,0,0,0,0,0,0},{0,0,0,0,0,0,0,0,0},{0,0,0,0,0,0,0,0,0},{0,0,0,0,0,0,0,0,0},{0,0,0,0,0,0,0,0,0}}
]
17:37:11.373 [main] INFO  sudoku.model.SudokuBoard - Wartość 0 wstawiona nieprawidłowo
17:37:11.373 [main] INFO  sudoku.model.SudokuBoard - Bład w kwadracie 0
sudoku.model.SudokuBoard@43d3995f[
  size=9
  solver=sudoku.model.BacktrackingSudokuSolver@2211b44f
  board={{9,4,5,6,7,2,8,1,3},{7,6,2,9,0,0,0,0,0},{0,0,0,0,0,0,0,0,0},{0,0,0,0,0,0,0,0,0},{0,0,0,0,0,0,0,0,0},{0,0,0,0,0,0,0,0,0},{0,0,0,0,0,0,0,0,0},{0,0,0,0,0,0,0,0,0},{0,0,0,0,0,0,0,0,0}}
]
17:37:11.373 [main] INFO  sudoku.model.SudokuBoard - Wartość 0 wstawiona nieprawidłowo
17:37:11.373 [main] INFO  sudoku.model.SudokuBoard - Bład w kwadracie 0
sudoku.model.SudokuBoard@43d3995f[
  size=9
  solver=sudoku.model.BacktrackingSudokuSolver@2211b44f
  board={{9,4,5,6,7,2,8,1,3},{7,6,2,0,0,0,0,0,0},{0,0,0,0,0,0,0,0,0},{0,0,0,0,0,0,0,0,0},{0,0,0,0,0,0,0,0,0},{0,0,0,0,0,0,0,0,0},{0,0,0,0,0,0,0,0,0},{0,0,0,0,0,0,0,0,0},{0,0,0,0,0,0,0,0,0}}
]
17:37:11.373 [main] INFO  sudoku.model.SudokuBoard - Wartość 0 wstawiona nieprawidłowo
17:37:11.373 [main] INFO  sudoku.model.SudokuBoard - Bład w kwadracie 0
sudoku.model.SudokuBoard@43d3995f[
  size=9
  solver=sudoku.model.BacktrackingSudokuSolver@2211b44f
  board={{9,4,5,6,7,2,8,1,3},{7,6,2,1,5,8,4,0,0},{0,0,0,0,0,0,0,0,0},{0,0,0,0,0,0,0,0,0},{0,0,0,0,0,0,0,0,0},{0,0,0,0,0,0,0,0,0},{0,0,0,0,0,0,0,0,0},{0,0,0,0,0,0,0,0,0},{0,0,0,0,0,0,0,0,0}}
]
17:37:11.373 [main] INFO  sudoku.model.SudokuBoard - Wartość 0 wstawiona nieprawidłowo
17:37:11.373 [main] INFO  sudoku.model.SudokuBoard - Bład w kwadracie 0
sudoku.model.SudokuBoard@43d3995f[
  size=9
  solver=sudoku.model.BacktrackingSudokuSolver@2211b44f
  board={{9,4,5,6,7,2,8,1,3},{7,6,2,1,5,8,0,0,0},{0,0,0,0,0,0,0,0,0},{0,0,0,0,0,0,0,0,0},{0,0,0,0,0,0,0,0,0},{0,0,0,0,0,0,0,0,0},{0,0,0,0,0,0,0,0,0},{0,0,0,0,0,0,0,0,0},{0,0,0,0,0,0,0,0,0}}
]
17:37:11.373 [main] INFO  sudoku.model.SudokuBoard - Wartość 0 wstawiona nieprawidłowo
17:37:11.373 [main] INFO  sudoku.model.SudokuBoard - Bład w kwadracie 0
sudoku.model.SudokuBoard@43d3995f[
  size=9
  solver=sudoku.model.BacktrackingSudokuSolver@2211b44f
  board={{9,4,5,6,7,2,8,1,3},{7,6,2,1,5,8,9,0,0},{0,0,0,0,0,0,0,0,0},{0,0,0,0,0,0,0,0,0},{0,0,0,0,0,0,0,0,0},{0,0,0,0,0,0,0,0,0},{0,0,0,0,0,0,0,0,0},{0,0,0,0,0,0,0,0,0},{0,0,0,0,0,0,0,0,0}}
]
17:37:11.373 [main] INFO  sudoku.model.SudokuBoard - Wartość 0 wstawiona nieprawidłowo
17:37:11.374 [main] INFO  sudoku.model.SudokuBoard - Bład w kwadracie 0
sudoku.model.SudokuBoard@43d3995f[
  size=9
  solver=sudoku.model.BacktrackingSudokuSolver@2211b44f
  board={{9,4,5,6,7,2,8,1,3},{7,6,2,1,5,8,0,0,0},{0,0,0,0,0,0,0,0,0},{0,0,0,0,0,0,0,0,0},{0,0,0,0,0,0,0,0,0},{0,0,0,0,0,0,0,0,0},{0,0,0,0,0,0,0,0,0},{0,0,0,0,0,0,0,0,0},{0,0,0,0,0,0,0,0,0}}
]
17:37:11.374 [main] INFO  sudoku.model.SudokuBoard - Wartość 0 wstawiona nieprawidłowo
17:37:11.374 [main] INFO  sudoku.model.SudokuBoard - Bład w kwadracie 0
sudoku.model.SudokuBoard@43d3995f[
  size=9
  solver=sudoku.model.BacktrackingSudokuSolver@2211b44f
  board={{9,4,5,6,7,2,8,1,3},{7,6,2,1,5,0,0,0,0},{0,0,0,0,0,0,0,0,0},{0,0,0,0,0,0,0,0,0},{0,0,0,0,0,0,0,0,0},{0,0,0,0,0,0,0,0,0},{0,0,0,0,0,0,0,0,0},{0,0,0,0,0,0,0,0,0},{0,0,0,0,0,0,0,0,0}}
]
17:37:11.374 [main] INFO  sudoku.model.SudokuBoard - Wartość 0 wstawiona nieprawidłowo
17:37:11.374 [main] INFO  sudoku.model.SudokuBoard - Bład w kwadracie 0
sudoku.model.SudokuBoard@43d3995f[
  size=9
  solver=sudoku.model.BacktrackingSudokuSolver@2211b44f
  board={{9,4,5,6,7,2,8,1,3},{7,6,2,1,5,9,0,0,0},{0,0,0,0,0,0,0,0,0},{0,0,0,0,0,0,0,0,0},{0,0,0,0,0,0,0,0,0},{0,0,0,0,0,0,0,0,0},{0,0,0,0,0,0,0,0,0},{0,0,0,0,0,0,0,0,0},{0,0,0,0,0,0,0,0,0}}
]
17:37:11.374 [main] INFO  sudoku.model.SudokuBoard - Wartość 0 wstawiona nieprawidłowo
17:37:11.374 [main] INFO  sudoku.model.SudokuBoard - Bład w kwadracie 0
sudoku.model.SudokuBoard@43d3995f[
  size=9
  solver=sudoku.model.BacktrackingSudokuSolver@2211b44f
  board={{9,4,5,6,7,2,8,1,3},{7,6,2,1,5,0,0,0,0},{0,0,0,0,0,0,0,0,0},{0,0,0,0,0,0,0,0,0},{0,0,0,0,0,0,0,0,0},{0,0,0,0,0,0,0,0,0},{0,0,0,0,0,0,0,0,0},{0,0,0,0,0,0,0,0,0},{0,0,0,0,0,0,0,0,0}}
]
17:37:11.374 [main] INFO  sudoku.model.SudokuBoard - Wartość 0 wstawiona nieprawidłowo
17:37:11.374 [main] INFO  sudoku.model.SudokuBoard - Bład w kwadracie 0
sudoku.model.SudokuBoard@43d3995f[
  size=9
  solver=sudoku.model.BacktrackingSudokuSolver@2211b44f
  board={{9,4,5,6,7,2,8,1,3},{7,6,2,1,5,3,4,0,0},{0,0,0,0,0,0,0,0,0},{0,0,0,0,0,0,0,0,0},{0,0,0,0,0,0,0,0,0},{0,0,0,0,0,0,0,0,0},{0,0,0,0,0,0,0,0,0},{0,0,0,0,0,0,0,0,0},{0,0,0,0,0,0,0,0,0}}
]
17:37:11.374 [main] INFO  sudoku.model.SudokuBoard - Wartość 0 wstawiona nieprawidłowo
17:37:11.374 [main] INFO  sudoku.model.SudokuBoard - Bład w kwadracie 0
sudoku.model.SudokuBoard@43d3995f[
  size=9
  solver=sudoku.model.BacktrackingSudokuSolver@2211b44f
  board={{9,4,5,6,7,2,8,1,3},{7,6,2,1,5,3,0,0,0},{0,0,0,0,0,0,0,0,0},{0,0,0,0,0,0,0,0,0},{0,0,0,0,0,0,0,0,0},{0,0,0,0,0,0,0,0,0},{0,0,0,0,0,0,0,0,0},{0,0,0,0,0,0,0,0,0},{0,0,0,0,0,0,0,0,0}}
]
17:37:11.374 [main] INFO  sudoku.model.SudokuBoard - Wartość 0 wstawiona nieprawidłowo
17:37:11.374 [main] INFO  sudoku.model.SudokuBoard - Bład w kwadracie 0
sudoku.model.SudokuBoard@43d3995f[
  size=9
  solver=sudoku.model.BacktrackingSudokuSolver@2211b44f
  board={{9,4,5,6,7,2,8,1,3},{7,6,2,1,5,3,9,0,0},{0,0,0,0,0,0,0,0,0},{0,0,0,0,0,0,0,0,0},{0,0,0,0,0,0,0,0,0},{0,0,0,0,0,0,0,0,0},{0,0,0,0,0,0,0,0,0},{0,0,0,0,0,0,0,0,0},{0,0,0,0,0,0,0,0,0}}
]
17:37:11.374 [main] INFO  sudoku.model.SudokuBoard - Wartość 0 wstawiona nieprawidłowo
17:37:11.374 [main] INFO  sudoku.model.SudokuBoard - Bład w kwadracie 0
sudoku.model.SudokuBoard@43d3995f[
  size=9
  solver=sudoku.model.BacktrackingSudokuSolver@2211b44f
  board={{9,4,5,6,7,2,8,1,3},{7,6,2,1,5,3,0,0,0},{0,0,0,0,0,0,0,0,0},{0,0,0,0,0,0,0,0,0},{0,0,0,0,0,0,0,0,0},{0,0,0,0,0,0,0,0,0},{0,0,0,0,0,0,0,0,0},{0,0,0,0,0,0,0,0,0},{0,0,0,0,0,0,0,0,0}}
]
17:37:11.374 [main] INFO  sudoku.model.SudokuBoard - Wartość 0 wstawiona nieprawidłowo
17:37:11.375 [main] INFO  sudoku.model.SudokuBoard - Bład w kwadracie 0
sudoku.model.SudokuBoard@43d3995f[
  size=9
  solver=sudoku.model.BacktrackingSudokuSolver@2211b44f
  board={{9,4,5,6,7,2,8,1,3},{7,6,2,1,5,0,0,0,0},{0,0,0,0,0,0,0,0,0},{0,0,0,0,0,0,0,0,0},{0,0,0,0,0,0,0,0,0},{0,0,0,0,0,0,0,0,0},{0,0,0,0,0,0,0,0,0},{0,0,0,0,0,0,0,0,0},{0,0,0,0,0,0,0,0,0}}
]
17:37:11.375 [main] INFO  sudoku.model.SudokuBoard - Wartość 0 wstawiona nieprawidłowo
17:37:11.375 [main] INFO  sudoku.model.SudokuBoard - Bład w kwadracie 0
sudoku.model.SudokuBoard@43d3995f[
  size=9
  solver=sudoku.model.BacktrackingSudokuSolver@2211b44f
  board={{9,4,5,6,7,2,8,1,3},{7,6,2,1,5,4,0,0,0},{0,0,0,0,0,0,0,0,0},{0,0,0,0,0,0,0,0,0},{0,0,0,0,0,0,0,0,0},{0,0,0,0,0,0,0,0,0},{0,0,0,0,0,0,0,0,0},{0,0,0,0,0,0,0,0,0},{0,0,0,0,0,0,0,0,0}}
]
17:37:11.375 [main] INFO  sudoku.model.SudokuBoard - Wartość 0 wstawiona nieprawidłowo
17:37:11.375 [main] INFO  sudoku.model.SudokuBoard - Bład w kwadracie 0
sudoku.model.SudokuBoard@43d3995f[
  size=9
  solver=sudoku.model.BacktrackingSudokuSolver@2211b44f
  board={{9,4,5,6,7,2,8,1,3},{7,6,2,1,5,0,0,0,0},{0,0,0,0,0,0,0,0,0},{0,0,0,0,0,0,0,0,0},{0,0,0,0,0,0,0,0,0},{0,0,0,0,0,0,0,0,0},{0,0,0,0,0,0,0,0,0},{0,0,0,0,0,0,0,0,0},{0,0,0,0,0,0,0,0,0}}
]
17:37:11.375 [main] INFO  sudoku.model.SudokuBoard - Wartość 0 wstawiona nieprawidłowo
17:37:11.375 [main] INFO  sudoku.model.SudokuBoard - Bład w kwadracie 0
sudoku.model.SudokuBoard@43d3995f[
  size=9
  solver=sudoku.model.BacktrackingSudokuSolver@2211b44f
  board={{9,4,5,6,7,2,8,1,3},{7,6,2,1,0,0,0,0,0},{0,0,0,0,0,0,0,0,0},{0,0,0,0,0,0,0,0,0},{0,0,0,0,0,0,0,0,0},{0,0,0,0,0,0,0,0,0},{0,0,0,0,0,0,0,0,0},{0,0,0,0,0,0,0,0,0},{0,0,0,0,0,0,0,0,0}}
]
17:37:11.375 [main] INFO  sudoku.model.SudokuBoard - Wartość 0 wstawiona nieprawidłowo
17:37:11.375 [main] INFO  sudoku.model.SudokuBoard - Bład w kwadracie 0
sudoku.model.SudokuBoard@43d3995f[
  size=9
  solver=sudoku.model.BacktrackingSudokuSolver@2211b44f
  board={{9,4,5,6,7,2,8,1,3},{7,6,2,1,8,9,4,0,0},{0,0,0,0,0,0,0,0,0},{0,0,0,0,0,0,0,0,0},{0,0,0,0,0,0,0,0,0},{0,0,0,0,0,0,0,0,0},{0,0,0,0,0,0,0,0,0},{0,0,0,0,0,0,0,0,0},{0,0,0,0,0,0,0,0,0}}
]
17:37:11.375 [main] INFO  sudoku.model.SudokuBoard - Wartość 0 wstawiona nieprawidłowo
17:37:11.375 [main] INFO  sudoku.model.SudokuBoard - Bład w kwadracie 0
sudoku.model.SudokuBoard@43d3995f[
  size=9
  solver=sudoku.model.BacktrackingSudokuSolver@2211b44f
  board={{9,4,5,6,7,2,8,1,3},{7,6,2,1,8,9,0,0,0},{0,0,0,0,0,0,0,0,0},{0,0,0,0,0,0,0,0,0},{0,0,0,0,0,0,0,0,0},{0,0,0,0,0,0,0,0,0},{0,0,0,0,0,0,0,0,0},{0,0,0,0,0,0,0,0,0},{0,0,0,0,0,0,0,0,0}}
]
17:37:11.375 [main] INFO  sudoku.model.SudokuBoard - Wartość 0 wstawiona nieprawidłowo
17:37:11.375 [main] INFO  sudoku.model.SudokuBoard - Bład w kwadracie 0
sudoku.model.SudokuBoard@43d3995f[
  size=9
  solver=sudoku.model.BacktrackingSudokuSolver@2211b44f
  board={{9,4,5,6,7,2,8,1,3},{7,6,2,1,8,9,5,0,0},{0,0,0,0,0,0,0,0,0},{0,0,0,0,0,0,0,0,0},{0,0,0,0,0,0,0,0,0},{0,0,0,0,0,0,0,0,0},{0,0,0,0,0,0,0,0,0},{0,0,0,0,0,0,0,0,0},{0,0,0,0,0,0,0,0,0}}
]
17:37:11.375 [main] INFO  sudoku.model.SudokuBoard - Wartość 0 wstawiona nieprawidłowo
17:37:11.375 [main] INFO  sudoku.model.SudokuBoard - Bład w kwadracie 0
sudoku.model.SudokuBoard@43d3995f[
  size=9
  solver=sudoku.model.BacktrackingSudokuSolver@2211b44f
  board={{9,4,5,6,7,2,8,1,3},{7,6,2,1,8,9,0,0,0},{0,0,0,0,0,0,0,0,0},{0,0,0,0,0,0,0,0,0},{0,0,0,0,0,0,0,0,0},{0,0,0,0,0,0,0,0,0},{0,0,0,0,0,0,0,0,0},{0,0,0,0,0,0,0,0,0},{0,0,0,0,0,0,0,0,0}}
]
17:37:11.375 [main] INFO  sudoku.model.SudokuBoard - Wartość 0 wstawiona nieprawidłowo
17:37:11.375 [main] INFO  sudoku.model.SudokuBoard - Bład w kwadracie 0
sudoku.model.SudokuBoard@43d3995f[
  size=9
  solver=sudoku.model.BacktrackingSudokuSolver@2211b44f
  board={{9,4,5,6,7,2,8,1,3},{7,6,2,1,8,0,0,0,0},{0,0,0,0,0,0,0,0,0},{0,0,0,0,0,0,0,0,0},{0,0,0,0,0,0,0,0,0},{0,0,0,0,0,0,0,0,0},{0,0,0,0,0,0,0,0,0},{0,0,0,0,0,0,0,0,0},{0,0,0,0,0,0,0,0,0}}
]
17:37:11.376 [main] INFO  sudoku.model.SudokuBoard - Wartość 0 wstawiona nieprawidłowo
17:37:11.376 [main] INFO  sudoku.model.SudokuBoard - Bład w kwadracie 0
sudoku.model.SudokuBoard@43d3995f[
  size=9
  solver=sudoku.model.BacktrackingSudokuSolver@2211b44f
  board={{9,4,5,6,7,2,8,1,3},{7,6,2,1,8,3,9,4,5},{8,1,3,4,5,9,2,6,7},{2,5,8,3,6,7,1,9,4},{1,7,9,5,2,8,0,0,0},{0,0,0,0,0,0,0,0,0},{0,0,0,0,0,0,0,0,0},{0,0,0,0,0,0,0,0,0},{0,0,0,0,0,0,0,0,0}}
]
17:37:11.376 [main] INFO  sudoku.model.SudokuBoard - Wartość 0 wstawiona nieprawidłowo
17:37:11.376 [main] INFO  sudoku.model.SudokuBoard - Bład w kwadracie 0
sudoku.model.SudokuBoard@43d3995f[
  size=9
  solver=sudoku.model.BacktrackingSudokuSolver@2211b44f
  board={{9,4,5,6,7,2,8,1,3},{7,6,2,1,8,3,9,4,5},{8,1,3,4,5,9,2,6,7},{2,5,8,3,6,7,1,9,4},{1,7,9,5,2,8,6,0,0},{0,0,0,0,0,0,0,0,0},{0,0,0,0,0,0,0,0,0},{0,0,0,0,0,0,0,0,0},{0,0,0,0,0,0,0,0,0}}
]
17:37:11.376 [main] INFO  sudoku.model.SudokuBoard - Wartość 0 wstawiona nieprawidłowo
17:37:11.376 [main] INFO  sudoku.model.SudokuBoard - Bład w kwadracie 0
sudoku.model.SudokuBoard@43d3995f[
  size=9
  solver=sudoku.model.BacktrackingSudokuSolver@2211b44f
  board={{9,4,5,6,7,2,8,1,3},{7,6,2,1,8,3,9,4,5},{8,1,3,4,5,9,2,6,7},{2,5,8,3,6,7,1,9,4},{1,7,9,5,2,8,0,0,0},{0,0,0,0,0,0,0,0,0},{0,0,0,0,0,0,0,0,0},{0,0,0,0,0,0,0,0,0},{0,0,0,0,0,0,0,0,0}}
]
17:37:11.376 [main] INFO  sudoku.model.SudokuBoard - Wartość 0 wstawiona nieprawidłowo
17:37:11.376 [main] INFO  sudoku.model.SudokuBoard - Bład w kwadracie 0
sudoku.model.SudokuBoard@43d3995f[
  size=9
  solver=sudoku.model.BacktrackingSudokuSolver@2211b44f
  board={{9,4,5,6,7,2,8,1,3},{7,6,2,1,8,3,9,4,5},{8,1,3,4,5,9,2,6,7},{2,5,8,3,6,7,1,9,4},{1,7,9,5,2,0,0,0,0},{0,0,0,0,0,0,0,0,0},{0,0,0,0,0,0,0,0,0},{0,0,0,0,0,0,0,0,0},{0,0,0,0,0,0,0,0,0}}
]
17:37:11.376 [main] INFO  sudoku.model.SudokuBoard - Wartość 0 wstawiona nieprawidłowo
17:37:11.376 [main] INFO  sudoku.model.SudokuBoard - Bład w kwadracie 0
sudoku.model.SudokuBoard@43d3995f[
  size=9
  solver=sudoku.model.BacktrackingSudokuSolver@2211b44f
  board={{9,4,5,6,7,2,8,1,3},{7,6,2,1,8,3,9,4,5},{8,1,3,4,5,9,2,6,7},{2,5,8,3,6,7,1,9,4},{1,7,9,5,2,4,6,3,8},{4,3,6,8,9,1,5,0,0},{0,0,0,0,0,0,0,0,0},{0,0,0,0,0,0,0,0,0},{0,0,0,0,0,0,0,0,0}}
]
17:37:11.376 [main] INFO  sudoku.model.SudokuBoard - Wartość 0 wstawiona nieprawidłowo
17:37:11.376 [main] INFO  sudoku.model.SudokuBoard - Bład w kwadracie 0
sudoku.model.SudokuBoard@43d3995f[
  size=9
  solver=sudoku.model.BacktrackingSudokuSolver@2211b44f
  board={{9,4,5,6,7,2,8,1,3},{7,6,2,1,8,3,9,4,5},{8,1,3,4,5,9,2,6,7},{2,5,8,3,6,7,1,9,4},{1,7,9,5,2,4,6,3,8},{4,3,6,8,9,1,5,7,2},{3,2,1,7,4,0,0,0,0},{0,0,0,0,0,0,0,0,0},{0,0,0,0,0,0,0,0,0}}
]
17:37:11.376 [main] INFO  sudoku.model.SudokuBoard - Wartość 0 wstawiona nieprawidłowo
17:37:11.376 [main] INFO  sudoku.model.SudokuBoard - Bład w kwadracie 0
sudoku.model.SudokuBoard@43d3995f[
  size=9
  solver=sudoku.model.BacktrackingSudokuSolver@2211b44f
  board={{9,4,5,6,7,2,8,1,3},{7,6,2,1,8,3,9,4,5},{8,1,3,4,5,9,2,6,7},{2,5,8,3,6,7,1,9,4},{1,7,9,5,2,4,6,3,8},{4,3,6,8,9,1,5,7,2},{3,2,1,7,4,0,0,0,0},{0,0,0,0,0,0,0,0,0},{0,0,0,0,0,0,0,0,0}}
]
17:37:11.376 [main] INFO  sudoku.model.SudokuBoard - Wartość 0 wstawiona nieprawidłowo
17:37:11.376 [main] INFO  sudoku.model.SudokuBoard - Bład w kwadracie 0
sudoku.model.SudokuBoard@43d3995f[
  size=9
  solver=sudoku.model.BacktrackingSudokuSolver@2211b44f
  board={{9,4,5,6,7,2,8,1,3},{7,6,2,1,8,3,9,4,5},{8,1,3,4,5,9,2,6,7},{2,5,8,3,6,7,1,9,4},{1,7,9,5,2,4,6,3,8},{4,3,6,8,9,1,5,7,2},{3,2,1,7,4,0,0,0,0},{0,0,0,0,0,0,0,0,0},{0,0,0,0,0,0,0,0,0}}
]
17:37:11.377 [main] INFO  sudoku.model.SudokuBoard - Wartość 0 wstawiona nieprawidłowo
17:37:11.377 [main] INFO  sudoku.model.SudokuBoard - Bład w kwadracie 0
sudoku.model.SudokuBoard@43d3995f[
  size=9
  solver=sudoku.model.BacktrackingSudokuSolver@2211b44f
  board={{9,4,5,6,7,2,8,1,3},{7,6,2,1,8,3,9,4,5},{8,1,3,4,5,9,2,6,7},{2,5,8,3,6,7,1,9,4},{1,7,9,5,2,4,6,3,8},{4,3,6,8,9,1,5,7,2},{3,2,1,7,0,0,0,0,0},{0,0,0,0,0,0,0,0,0},{0,0,0,0,0,0,0,0,0}}
]
17:37:11.377 [main] INFO  sudoku.model.SudokuBoard - Wartość 0 wstawiona nieprawidłowo
17:37:11.377 [main] INFO  sudoku.model.SudokuBoard - Bład w kwadracie 0
sudoku.model.SudokuBoard@43d3995f[
  size=9
  solver=sudoku.model.BacktrackingSudokuSolver@2211b44f
  board={{9,4,5,6,7,2,8,1,3},{7,6,2,1,8,3,9,4,5},{8,1,3,4,5,9,2,6,7},{2,5,8,3,6,7,1,9,4},{1,7,9,5,2,4,6,3,8},{4,3,6,8,9,1,5,7,2},{3,2,1,0,0,0,0,0,0},{0,0,0,0,0,0,0,0,0},{0,0,0,0,0,0,0,0,0}}
]
17:37:11.377 [main] INFO  sudoku.model.SudokuBoard - Wartość 0 wstawiona nieprawidłowo
17:37:11.377 [main] INFO  sudoku.model.SudokuBoard - Bład w kwadracie 0
sudoku.model.SudokuBoard@43d3995f[
  size=9
  solver=sudoku.model.BacktrackingSudokuSolver@2211b44f
  board={{9,4,5,6,7,2,8,1,3},{7,6,2,1,8,3,9,4,5},{8,1,3,4,5,9,2,6,7},{2,5,8,3,6,7,1,9,4},{1,7,9,5,2,4,6,3,8},{4,3,6,8,9,1,5,7,2},{3,2,1,9,4,5,7,8,6},{5,8,7,2,3,6,0,0,0},{0,0,0,0,0,0,0,0,0}}
]
17:37:11.377 [main] INFO  sudoku.model.SudokuBoard - Wartość 0 wstawiona nieprawidłowo
17:37:11.377 [main] INFO  sudoku.model.SudokuBoard - Bład w kwadracie 0
sudoku.model.SudokuBoard@43d3995f[
  size=9
  solver=sudoku.model.BacktrackingSudokuSolver@2211b44f
  board={{9,4,5,6,7,2,8,1,3},{7,6,2,1,8,3,9,4,5},{8,1,3,4,5,9,2,6,7},{2,5,8,3,6,7,1,9,4},{1,7,9,5,2,4,6,3,8},{4,3,6,8,9,1,5,7,2},{3,2,1,9,4,5,7,8,6},{5,8,7,2,3,0,0,0,0},{0,0,0,0,0,0,0,0,0}}
]
17:37:11.377 [main] INFO  sudoku.model.SudokuBoard - Wartość 0 wstawiona nieprawidłowo
17:37:11.377 [main] INFO  sudoku.model.SudokuBoard - Bład w kwadracie 0
sudoku.model.SudokuBoard@43d3995f[
  size=9
  solver=sudoku.model.BacktrackingSudokuSolver@2211b44f
  board={{9,4,5,6,7,2,8,1,3},{7,6,2,1,8,3,9,4,5},{8,1,3,4,5,9,2,6,7},{2,5,8,3,6,7,1,9,4},{1,7,9,5,2,4,6,3,8},{4,3,6,8,9,1,5,7,2},{3,2,1,9,4,5,7,8,6},{5,8,7,2,0,0,0,0,0},{0,0,0,0,0,0,0,0,0}}
]
17:37:11.377 [main] INFO  sudoku.model.SudokuBoard - Wartość 0 wstawiona nieprawidłowo
17:37:11.377 [main] INFO  sudoku.model.SudokuBoard - Bład w kwadracie 0
sudoku.model.SudokuBoard@43d3995f[
  size=9
  solver=sudoku.model.BacktrackingSudokuSolver@2211b44f
  board={{9,4,5,6,7,2,8,1,3},{7,6,2,1,8,3,9,4,5},{8,1,3,4,5,9,2,6,7},{2,5,8,3,6,7,1,9,4},{1,7,9,5,2,4,6,3,8},{4,3,6,8,9,1,5,7,2},{3,2,1,9,4,5,7,8,6},{5,8,7,2,1,6,0,0,0},{0,0,0,0,0,0,0,0,0}}
]
17:37:11.377 [main] INFO  sudoku.model.SudokuBoard - Wartość 0 wstawiona nieprawidłowo
17:37:11.377 [main] INFO  sudoku.model.SudokuBoard - Bład w kwadracie 0
sudoku.model.SudokuBoard@43d3995f[
  size=9
  solver=sudoku.model.BacktrackingSudokuSolver@2211b44f
  board={{9,4,5,6,7,2,8,1,3},{7,6,2,1,8,3,9,4,5},{8,1,3,4,5,9,2,6,7},{2,5,8,3,6,7,1,9,4},{1,7,9,5,2,4,6,3,8},{4,3,6,8,9,1,5,7,2},{3,2,1,9,4,5,7,8,6},{5,8,7,2,1,6,0,0,0},{0,0,0,0,0,0,0,0,0}}
]
17:37:11.377 [main] INFO  sudoku.model.SudokuBoard - Wartość 0 wstawiona nieprawidłowo
17:37:11.378 [main] INFO  sudoku.model.SudokuBoard - Bład w kwadracie 0
sudoku.model.SudokuBoard@43d3995f[
  size=9
  solver=sudoku.model.BacktrackingSudokuSolver@2211b44f
  board={{9,4,5,6,7,2,8,1,3},{7,6,2,1,8,3,9,4,5},{8,1,3,4,5,9,2,6,7},{2,5,8,3,6,7,1,9,4},{1,7,9,5,2,4,6,3,8},{4,3,6,8,9,1,5,7,2},{3,2,1,9,4,5,7,8,6},{5,8,7,2,1,0,0,0,0},{0,0,0,0,0,0,0,0,0}}
]
17:37:11.378 [main] INFO  sudoku.model.SudokuBoard - Wartość 0 wstawiona nieprawidłowo
17:37:11.378 [main] INFO  sudoku.model.SudokuBoard - Bład w kwadracie 0
sudoku.model.SudokuBoard@43d3995f[
  size=9
  solver=sudoku.model.BacktrackingSudokuSolver@2211b44f
  board={{9,4,5,6,7,2,8,1,3},{7,6,2,1,8,3,9,4,5},{8,1,3,4,5,9,2,6,7},{2,5,8,3,6,7,1,9,4},{1,7,9,5,2,4,6,3,8},{4,3,6,8,9,1,5,7,2},{3,2,1,9,4,5,7,8,6},{5,8,7,2,0,0,0,0,0},{0,0,0,0,0,0,0,0,0}}
]
17:37:11.379 [main] INFO  sudoku.model.SudokuBoard - Wartość 0 wstawiona nieprawidłowo
17:37:11.379 [main] INFO  sudoku.model.SudokuBoard - Bład w kwadracie 0
sudoku.model.SudokuBoard@43d3995f[
  size=9
  solver=sudoku.model.BacktrackingSudokuSolver@2211b44f
  board={{9,4,5,6,7,2,8,1,3},{7,6,2,1,8,3,9,4,5},{8,1,3,4,5,9,2,6,7},{2,5,8,3,6,7,1,9,4},{1,7,9,5,2,4,6,3,8},{4,3,6,8,9,1,5,7,2},{3,2,1,9,4,5,7,8,6},{5,8,7,0,0,0,0,0,0},{0,0,0,0,0,0,0,0,0}}
]
17:37:11.379 [main] INFO  sudoku.model.SudokuBoard - Wartość 0 wstawiona nieprawidłowo
17:37:11.379 [main] INFO  sudoku.model.SudokuBoard - Bład w kwadracie 0
sudoku.model.SudokuBoard@43d3995f[
  size=9
  solver=sudoku.model.BacktrackingSudokuSolver@2211b44f
  board={{9,4,5,6,7,2,8,1,3},{7,6,2,1,8,3,9,4,5},{8,1,3,4,5,9,2,6,7},{2,5,8,3,6,7,1,9,4},{1,7,9,5,2,4,6,3,8},{4,3,6,8,9,1,5,7,2},{3,2,1,9,4,5,7,8,6},{5,8,0,0,0,0,0,0,0},{0,0,0,0,0,0,0,0,0}}
]
17:37:11.379 [main] INFO  sudoku.model.SudokuBoard - Wartość 0 wstawiona nieprawidłowo
17:37:11.379 [main] INFO  sudoku.model.SudokuBoard - Bład w kwadracie 0
sudoku.model.SudokuBoard@43d3995f[
  size=9
  solver=sudoku.model.BacktrackingSudokuSolver@2211b44f
  board={{9,4,5,6,7,2,8,1,3},{7,6,2,1,8,3,9,4,5},{8,1,3,4,5,9,2,6,7},{2,5,8,3,6,7,1,9,4},{1,7,9,5,2,4,6,3,8},{4,3,6,8,9,1,5,7,2},{3,2,1,9,4,5,7,8,6},{5,8,4,2,1,6,0,0,0},{0,0,0,0,0,0,0,0,0}}
]
17:37:11.379 [main] INFO  sudoku.model.SudokuBoard - Wartość 0 wstawiona nieprawidłowo
17:37:11.379 [main] INFO  sudoku.model.SudokuBoard - Bład w kwadracie 0
sudoku.model.SudokuBoard@43d3995f[
  size=9
  solver=sudoku.model.BacktrackingSudokuSolver@2211b44f
  board={{9,4,5,6,7,2,8,1,3},{7,6,2,1,8,3,9,4,5},{8,1,3,4,5,9,2,6,7},{2,5,8,3,6,7,1,9,4},{1,7,9,5,2,4,6,3,8},{4,3,6,8,9,1,5,7,2},{3,2,1,9,4,5,7,8,6},{5,8,4,2,1,0,0,0,0},{0,0,0,0,0,0,0,0,0}}
]
17:37:11.379 [main] INFO  sudoku.model.SudokuBoard - Wartość 0 wstawiona nieprawidłowo
17:37:11.379 [main] INFO  sudoku.model.SudokuBoard - Bład w kwadracie 0
sudoku.model.SudokuBoard@43d3995f[
  size=9
  solver=sudoku.model.BacktrackingSudokuSolver@2211b44f
  board={{9,4,5,6,7,2,8,1,3},{7,6,2,1,8,3,9,4,5},{8,1,3,4,5,9,2,6,7},{2,5,8,3,6,7,1,9,4},{1,7,9,5,2,4,6,3,8},{4,3,6,8,9,1,5,7,2},{3,2,1,9,4,5,7,8,6},{5,8,4,2,0,0,0,0,0},{0,0,0,0,0,0,0,0,0}}
]
17:37:11.379 [main] INFO  sudoku.model.SudokuBoard - Wartość 0 wstawiona nieprawidłowo
17:37:11.379 [main] INFO  sudoku.model.SudokuBoard - Bład w kwadracie 0
sudoku.model.SudokuBoard@43d3995f[
  size=9
  solver=sudoku.model.BacktrackingSudokuSolver@2211b44f
  board={{9,4,5,6,7,2,8,1,3},{7,6,2,1,8,3,9,4,5},{8,1,3,4,5,9,2,6,7},{2,5,8,3,6,7,1,9,4},{1,7,9,5,2,4,6,3,8},{4,3,6,8,9,1,5,7,2},{3,2,1,9,4,5,7,8,6},{5,8,4,2,3,0,0,0,0},{0,0,0,0,0,0,0,0,0}}
]
17:37:11.380 [main] INFO  sudoku.model.SudokuBoard - Wartość 0 wstawiona nieprawidłowo
17:37:11.380 [main] INFO  sudoku.model.SudokuBoard - Bład w kwadracie 0
sudoku.model.SudokuBoard@43d3995f[
  size=9
  solver=sudoku.model.BacktrackingSudokuSolver@2211b44f
  board={{9,4,5,6,7,2,8,1,3},{7,6,2,1,8,3,9,4,5},{8,1,3,4,5,9,2,6,7},{2,5,8,3,6,7,1,9,4},{1,7,9,5,2,4,6,3,8},{4,3,6,8,9,1,5,7,2},{3,2,1,9,4,5,7,8,6},{5,8,4,2,0,0,0,0,0},{0,0,0,0,0,0,0,0,0}}
]
17:37:11.380 [main] INFO  sudoku.model.SudokuBoard - Wartość 0 wstawiona nieprawidłowo
17:37:11.380 [main] INFO  sudoku.model.SudokuBoard - Bład w kwadracie 0
sudoku.model.SudokuBoard@43d3995f[
  size=9
  solver=sudoku.model.BacktrackingSudokuSolver@2211b44f
  board={{9,4,5,6,7,2,8,1,3},{7,6,2,1,8,3,9,4,5},{8,1,3,4,5,9,2,6,7},{2,5,8,3,6,7,1,9,4},{1,7,9,5,2,4,6,3,8},{4,3,6,8,9,1,5,7,2},{3,2,1,9,4,5,7,8,6},{5,8,4,0,0,0,0,0,0},{0,0,0,0,0,0,0,0,0}}
]
17:37:11.380 [main] INFO  sudoku.model.SudokuBoard - Wartość 0 wstawiona nieprawidłowo
Nie wykryto bledu]]></system-out>
  </testcase>
  <testcase name="checkBoardTestBoxFalse" classname="sudoku.model.SudokuBoardTest" time="0.008">
    <system-out><![CDATA[17:37:11.383 [main] INFO  sudoku.model.SudokuBoard - Bład w kwadracie 0
sudoku.model.SudokuBoard@87aec6a[
  size=9
  solver=sudoku.model.BacktrackingSudokuSolver@213012a0
  board={{3,2,8,9,1,7,4,5,6},{9,5,4,2,3,6,7,1,8},{1,6,7,8,4,5,3,9,2},{2,3,5,4,8,9,6,7,1},{6,4,9,1,7,2,8,3,5},{8,7,1,3,0,0,0,0,0},{0,0,0,0,0,0,0,0,0},{0,0,0,0,0,0,0,0,0},{0,0,0,0,0,0,0,0,0}}
]
17:37:11.383 [main] INFO  sudoku.model.SudokuBoard - Wartość 0 wstawiona nieprawidłowo
17:37:11.383 [main] INFO  sudoku.model.SudokuBoard - Bład w kwadracie 0
sudoku.model.SudokuBoard@87aec6a[
  size=9
  solver=sudoku.model.BacktrackingSudokuSolver@213012a0
  board={{3,2,8,9,1,7,4,5,6},{9,5,4,2,3,6,7,1,8},{1,6,7,8,4,5,3,9,2},{2,3,5,4,8,9,6,7,1},{6,4,9,1,7,2,8,3,5},{8,7,1,3,0,0,0,0,0},{0,0,0,0,0,0,0,0,0},{0,0,0,0,0,0,0,0,0},{0,0,0,0,0,0,0,0,0}}
]
17:37:11.383 [main] INFO  sudoku.model.SudokuBoard - Wartość 0 wstawiona nieprawidłowo
17:37:11.383 [main] INFO  sudoku.model.SudokuBoard - Bład w kwadracie 0
sudoku.model.SudokuBoard@87aec6a[
  size=9
  solver=sudoku.model.BacktrackingSudokuSolver@213012a0
  board={{3,2,8,9,1,7,4,5,6},{9,5,4,2,3,6,7,1,8},{1,6,7,8,4,5,3,9,2},{2,3,5,4,8,9,6,7,1},{6,4,9,1,7,2,8,3,5},{8,7,1,0,0,0,0,0,0},{0,0,0,0,0,0,0,0,0},{0,0,0,0,0,0,0,0,0},{0,0,0,0,0,0,0,0,0}}
]
17:37:11.383 [main] INFO  sudoku.model.SudokuBoard - Wartość 0 wstawiona nieprawidłowo
17:37:11.384 [main] INFO  sudoku.model.SudokuBoard - Bład w kwadracie 0
sudoku.model.SudokuBoard@87aec6a[
  size=9
  solver=sudoku.model.BacktrackingSudokuSolver@213012a0
  board={{3,2,8,9,1,7,4,5,6},{9,5,4,2,3,6,7,1,8},{1,6,7,8,4,5,3,9,2},{2,3,5,4,8,9,6,7,1},{6,4,9,1,7,2,8,3,5},{8,7,1,5,6,3,9,2,4},{4,8,2,3,5,0,0,0,0},{0,0,0,0,0,0,0,0,0},{0,0,0,0,0,0,0,0,0}}
]
17:37:11.384 [main] INFO  sudoku.model.SudokuBoard - Wartość 0 wstawiona nieprawidłowo
17:37:11.384 [main] INFO  sudoku.model.SudokuBoard - Bład w kwadracie 0
sudoku.model.SudokuBoard@87aec6a[
  size=9
  solver=sudoku.model.BacktrackingSudokuSolver@213012a0
  board={{3,2,8,9,1,7,4,5,6},{9,5,4,2,3,6,7,1,8},{1,6,7,8,4,5,3,9,2},{2,3,5,4,8,9,6,7,1},{6,4,9,1,7,2,8,3,5},{8,7,1,5,6,3,9,2,4},{4,8,2,3,0,0,0,0,0},{0,0,0,0,0,0,0,0,0},{0,0,0,0,0,0,0,0,0}}
]
17:37:11.384 [main] INFO  sudoku.model.SudokuBoard - Wartość 0 wstawiona nieprawidłowo
17:37:11.384 [main] INFO  sudoku.model.SudokuBoard - Bład w kwadracie 0
sudoku.model.SudokuBoard@87aec6a[
  size=9
  solver=sudoku.model.BacktrackingSudokuSolver@213012a0
  board={{3,2,8,9,1,7,4,5,6},{9,5,4,2,3,6,7,1,8},{1,6,7,8,4,5,3,9,2},{2,3,5,4,8,9,6,7,1},{6,4,9,1,7,2,8,3,5},{8,7,1,5,6,3,9,2,4},{4,8,2,3,9,1,5,6,7},{5,1,3,6,2,0,0,0,0},{0,0,0,0,0,0,0,0,0}}
]
17:37:11.384 [main] INFO  sudoku.model.SudokuBoard - Wartość 0 wstawiona nieprawidłowo
17:37:11.384 [main] INFO  sudoku.model.SudokuBoard - Bład w kwadracie 0
sudoku.model.SudokuBoard@87aec6a[
  size=9
  solver=sudoku.model.BacktrackingSudokuSolver@213012a0
  board={{3,2,8,9,1,7,4,5,6},{9,5,4,2,3,6,7,1,8},{1,6,7,8,4,5,3,9,2},{2,3,5,4,8,9,6,7,1},{6,4,9,1,7,2,8,3,5},{8,7,1,5,6,3,9,2,4},{4,8,2,3,9,1,5,6,7},{5,1,3,6,2,0,0,0,0},{0,0,0,0,0,0,0,0,0}}
]
17:37:11.384 [main] INFO  sudoku.model.SudokuBoard - Wartość 0 wstawiona nieprawidłowo
17:37:11.384 [main] INFO  sudoku.model.SudokuBoard - Bład w kwadracie 0
sudoku.model.SudokuBoard@87aec6a[
  size=9
  solver=sudoku.model.BacktrackingSudokuSolver@213012a0
  board={{3,2,8,9,1,7,4,5,6},{9,5,4,2,3,6,7,1,8},{1,6,7,8,4,5,3,9,2},{2,3,5,4,8,9,6,7,1},{6,4,9,1,7,2,8,3,5},{8,7,1,5,6,3,9,2,4},{4,8,2,3,9,1,5,6,7},{5,1,3,6,0,0,0,0,0},{0,0,0,0,0,0,0,0,0}}
]
17:37:11.384 [main] INFO  sudoku.model.SudokuBoard - Wartość 0 wstawiona nieprawidłowo
17:37:11.384 [main] INFO  sudoku.model.SudokuBoard - Bład w kwadracie 0
sudoku.model.SudokuBoard@87aec6a[
  size=9
  solver=sudoku.model.BacktrackingSudokuSolver@213012a0
  board={{3,2,8,9,1,7,4,5,6},{9,5,4,2,3,6,7,1,8},{1,6,7,8,4,5,3,9,2},{2,3,5,4,8,9,6,7,1},{6,4,9,1,7,2,8,3,5},{8,7,1,5,6,3,9,2,4},{4,8,2,3,9,1,5,6,7},{5,1,3,0,0,0,0,0,0},{0,0,0,0,0,0,0,0,0}}
]
17:37:11.384 [main] INFO  sudoku.model.SudokuBoard - Wartość 0 wstawiona nieprawidłowo
17:37:11.384 [main] INFO  sudoku.model.SudokuBoard - Bład w kwadracie 0
sudoku.model.SudokuBoard@87aec6a[
  size=9
  solver=sudoku.model.BacktrackingSudokuSolver@213012a0
  board={{3,2,8,9,1,7,4,5,6},{9,5,4,2,3,6,7,1,8},{1,6,7,8,4,5,3,9,2},{2,3,5,4,8,9,6,7,1},{6,4,9,1,7,2,8,3,5},{8,7,1,5,6,3,9,2,4},{4,8,2,3,9,1,5,6,7},{5,1,3,7,2,0,0,0,0},{0,0,0,0,0,0,0,0,0}}
]
17:37:11.384 [main] INFO  sudoku.model.SudokuBoard - Wartość 0 wstawiona nieprawidłowo
17:37:11.384 [main] INFO  sudoku.model.SudokuBoard - Bład w kwadracie 0
sudoku.model.SudokuBoard@87aec6a[
  size=9
  solver=sudoku.model.BacktrackingSudokuSolver@213012a0
  board={{3,2,8,9,1,7,4,5,6},{9,5,4,2,3,6,7,1,8},{1,6,7,8,4,5,3,9,2},{2,3,5,4,8,9,6,7,1},{6,4,9,1,7,2,8,3,5},{8,7,1,5,6,3,9,2,4},{4,8,2,3,9,1,5,6,7},{5,1,3,7,2,0,0,0,0},{0,0,0,0,0,0,0,0,0}}
]
17:37:11.384 [main] INFO  sudoku.model.SudokuBoard - Wartość 0 wstawiona nieprawidłowo
17:37:11.384 [main] INFO  sudoku.model.SudokuBoard - Bład w kwadracie 0
sudoku.model.SudokuBoard@87aec6a[
  size=9
  solver=sudoku.model.BacktrackingSudokuSolver@213012a0
  board={{3,2,8,9,1,7,4,5,6},{9,5,4,2,3,6,7,1,8},{1,6,7,8,4,5,3,9,2},{2,3,5,4,8,9,6,7,1},{6,4,9,1,7,2,8,3,5},{8,7,1,5,6,3,9,2,4},{4,8,2,3,9,1,5,6,7},{5,1,3,7,0,0,0,0,0},{0,0,0,0,0,0,0,0,0}}
]
17:37:11.385 [main] INFO  sudoku.model.SudokuBoard - Wartość 0 wstawiona nieprawidłowo
17:37:11.385 [main] INFO  sudoku.model.SudokuBoard - Bład w kwadracie 0
sudoku.model.SudokuBoard@87aec6a[
  size=9
  solver=sudoku.model.BacktrackingSudokuSolver@213012a0
  board={{3,2,8,9,1,7,4,5,6},{9,5,4,2,3,6,7,1,8},{1,6,7,8,4,5,3,9,2},{2,3,5,4,8,9,6,7,1},{6,4,9,1,7,2,8,3,5},{8,7,1,5,6,3,9,2,4},{4,8,2,3,9,1,5,6,7},{5,1,3,0,0,0,0,0,0},{0,0,0,0,0,0,0,0,0}}
]
17:37:11.385 [main] INFO  sudoku.model.SudokuBoard - Wartość 0 wstawiona nieprawidłowo
17:37:11.385 [main] INFO  sudoku.model.SudokuBoard - Bład w kwadracie 0
sudoku.model.SudokuBoard@87aec6a[
  size=9
  solver=sudoku.model.BacktrackingSudokuSolver@213012a0
  board={{3,2,8,9,1,7,4,5,6},{9,5,4,2,3,6,7,1,8},{1,6,7,8,4,5,3,9,2},{2,3,5,4,8,9,6,7,1},{6,4,9,1,7,2,8,3,5},{8,7,1,5,6,3,9,2,4},{4,8,2,3,9,1,5,6,7},{5,1,0,0,0,0,0,0,0},{0,0,0,0,0,0,0,0,0}}
]
17:37:11.385 [main] INFO  sudoku.model.SudokuBoard - Wartość 0 wstawiona nieprawidłowo
17:37:11.385 [main] INFO  sudoku.model.SudokuBoard - Bład w kwadracie 0
sudoku.model.SudokuBoard@87aec6a[
  size=9
  solver=sudoku.model.BacktrackingSudokuSolver@213012a0
  board={{3,2,8,9,1,7,4,5,6},{9,5,4,2,3,6,7,1,8},{1,6,7,8,4,5,3,9,2},{2,3,5,4,8,9,6,7,1},{6,4,9,1,7,2,8,3,5},{8,7,1,5,6,3,9,2,4},{4,8,2,3,9,1,5,6,7},{5,1,6,7,2,0,0,0,0},{0,0,0,0,0,0,0,0,0}}
]
17:37:11.385 [main] INFO  sudoku.model.SudokuBoard - Wartość 0 wstawiona nieprawidłowo
17:37:11.385 [main] INFO  sudoku.model.SudokuBoard - Bład w kwadracie 0
sudoku.model.SudokuBoard@87aec6a[
  size=9
  solver=sudoku.model.BacktrackingSudokuSolver@213012a0
  board={{3,2,8,9,1,7,4,5,6},{9,5,4,2,3,6,7,1,8},{1,6,7,8,4,5,3,9,2},{2,3,5,4,8,9,6,7,1},{6,4,9,1,7,2,8,3,5},{8,7,1,5,6,3,9,2,4},{4,8,2,3,9,1,5,6,7},{5,1,6,7,2,0,0,0,0},{0,0,0,0,0,0,0,0,0}}
]
17:37:11.385 [main] INFO  sudoku.model.SudokuBoard - Wartość 0 wstawiona nieprawidłowo
17:37:11.385 [main] INFO  sudoku.model.SudokuBoard - Bład w kwadracie 0
sudoku.model.SudokuBoard@87aec6a[
  size=9
  solver=sudoku.model.BacktrackingSudokuSolver@213012a0
  board={{3,2,8,9,1,7,4,5,6},{9,5,4,2,3,6,7,1,8},{1,6,7,8,4,5,3,9,2},{2,3,5,4,8,9,6,7,1},{6,4,9,1,7,2,8,3,5},{8,7,1,5,6,3,9,2,4},{4,8,2,3,9,1,5,6,7},{5,1,6,7,0,0,0,0,0},{0,0,0,0,0,0,0,0,0}}
]
17:37:11.385 [main] INFO  sudoku.model.SudokuBoard - Wartość 0 wstawiona nieprawidłowo
17:37:11.385 [main] INFO  sudoku.model.SudokuBoard - Bład w kwadracie 0
sudoku.model.SudokuBoard@87aec6a[
  size=9
  solver=sudoku.model.BacktrackingSudokuSolver@213012a0
  board={{3,2,8,9,1,7,4,5,6},{9,5,4,2,3,6,7,1,8},{1,6,7,8,4,5,3,9,2},{2,3,5,4,8,9,6,7,1},{6,4,9,1,7,2,8,3,5},{8,7,1,5,6,3,9,2,4},{4,8,2,3,9,1,5,6,7},{5,1,6,0,0,0,0,0,0},{0,0,0,0,0,0,0,0,0}}
]
17:37:11.385 [main] INFO  sudoku.model.SudokuBoard - Wartość 0 wstawiona nieprawidłowo
17:37:11.386 [main] INFO  sudoku.model.SudokuBoard - Bład w kwadracie 0
sudoku.model.SudokuBoard@87aec6a[
  size=9
  solver=sudoku.model.BacktrackingSudokuSolver@213012a0
  board={{3,2,8,9,1,7,4,5,6},{9,5,4,2,3,6,7,1,8},{1,6,7,8,4,5,3,9,2},{2,3,5,4,8,9,6,7,1},{6,4,9,1,7,2,8,3,5},{8,7,1,5,6,3,9,2,4},{4,8,2,3,9,1,5,6,7},{5,1,0,0,0,0,0,0,0},{0,0,0,0,0,0,0,0,0}}
]
17:37:11.386 [main] INFO  sudoku.model.SudokuBoard - Wartość 0 wstawiona nieprawidłowo
17:37:11.386 [main] INFO  sudoku.model.SudokuBoard - Bład w kwadracie 0
sudoku.model.SudokuBoard@87aec6a[
  size=9
  solver=sudoku.model.BacktrackingSudokuSolver@213012a0
  board={{3,2,8,9,1,7,4,5,6},{9,5,4,2,3,6,7,1,8},{1,6,7,8,4,5,3,9,2},{2,3,5,4,8,9,6,7,1},{6,4,9,1,7,2,8,3,5},{8,7,1,5,6,3,9,2,4},{4,8,2,3,9,1,5,6,7},{5,0,0,0,0,0,0,0,0},{0,0,0,0,0,0,0,0,0}}
]
17:37:11.386 [main] INFO  sudoku.model.SudokuBoard - Wartość 0 wstawiona nieprawidłowo
17:37:11.387 [main] INFO  sudoku.model.SudokuBoard - Bład w kwadracie 0
sudoku.model.SudokuBoard@87aec6a[
  size=9
  solver=sudoku.model.BacktrackingSudokuSolver@213012a0
  board={{3,2,8,9,1,7,4,5,6},{9,5,4,2,3,6,7,1,8},{1,6,7,8,4,5,3,9,2},{2,3,5,4,8,9,6,7,1},{6,4,9,1,7,2,8,3,5},{8,7,1,5,6,3,9,2,4},{4,8,2,3,9,1,5,6,7},{5,9,3,6,2,8,1,0,0},{0,0,0,0,0,0,0,0,0}}
]
17:37:11.387 [main] INFO  sudoku.model.SudokuBoard - Wartość 0 wstawiona nieprawidłowo
17:37:11.387 [main] INFO  sudoku.model.SudokuBoard - Bład w kwadracie 0
sudoku.model.SudokuBoard@87aec6a[
  size=9
  solver=sudoku.model.BacktrackingSudokuSolver@213012a0
  board={{3,2,8,9,1,7,4,5,6},{9,5,4,2,3,6,7,1,8},{1,6,7,8,4,5,3,9,2},{2,3,5,4,8,9,6,7,1},{6,4,9,1,7,2,8,3,5},{8,7,1,5,6,3,9,2,4},{4,8,2,3,9,1,5,6,7},{5,9,3,6,2,8,0,0,0},{0,0,0,0,0,0,0,0,0}}
]
17:37:11.387 [main] INFO  sudoku.model.SudokuBoard - Wartość 0 wstawiona nieprawidłowo
17:37:11.387 [main] INFO  sudoku.model.SudokuBoard - Bład w kwadracie 0
sudoku.model.SudokuBoard@87aec6a[
  size=9
  solver=sudoku.model.BacktrackingSudokuSolver@213012a0
  board={{3,2,8,9,1,7,4,5,6},{9,5,4,2,3,6,7,1,8},{1,6,7,8,4,5,3,9,2},{2,3,5,4,8,9,6,7,1},{6,4,9,1,7,2,8,3,5},{8,7,1,5,6,3,9,2,4},{4,8,2,3,9,1,5,6,7},{5,9,3,6,2,0,0,0,0},{0,0,0,0,0,0,0,0,0}}
]
17:37:11.387 [main] INFO  sudoku.model.SudokuBoard - Wartość 0 wstawiona nieprawidłowo
17:37:11.387 [main] INFO  sudoku.model.SudokuBoard - Bład w kwadracie 0
sudoku.model.SudokuBoard@87aec6a[
  size=9
  solver=sudoku.model.BacktrackingSudokuSolver@213012a0
  board={{3,2,8,9,1,7,4,5,6},{9,5,4,2,3,6,7,1,8},{1,6,7,8,4,5,3,9,2},{2,3,5,4,8,9,6,7,1},{6,4,9,1,7,2,8,3,5},{8,7,1,5,6,3,9,2,4},{4,8,2,3,9,1,5,6,7},{5,9,3,6,2,4,1,0,0},{0,0,0,0,0,0,0,0,0}}
]
17:37:11.387 [main] INFO  sudoku.model.SudokuBoard - Wartość 0 wstawiona nieprawidłowo
17:37:11.387 [main] INFO  sudoku.model.SudokuBoard - Bład w kwadracie 0
sudoku.model.SudokuBoard@87aec6a[
  size=9
  solver=sudoku.model.BacktrackingSudokuSolver@213012a0
  board={{3,2,8,9,1,7,4,5,6},{9,5,4,2,3,6,7,1,8},{1,6,7,8,4,5,3,9,2},{2,3,5,4,8,9,6,7,1},{6,4,9,1,7,2,8,3,5},{8,7,1,5,6,3,9,2,4},{4,8,2,3,9,1,5,6,7},{5,9,3,6,2,4,0,0,0},{0,0,0,0,0,0,0,0,0}}
]
17:37:11.387 [main] INFO  sudoku.model.SudokuBoard - Wartość 0 wstawiona nieprawidłowo
17:37:11.387 [main] INFO  sudoku.model.SudokuBoard - Bład w kwadracie 0
sudoku.model.SudokuBoard@87aec6a[
  size=9
  solver=sudoku.model.BacktrackingSudokuSolver@213012a0
  board={{3,2,8,9,1,7,4,5,6},{9,5,4,2,3,6,7,1,8},{1,6,7,8,4,5,3,9,2},{2,3,5,4,8,9,6,7,1},{6,4,9,1,7,2,8,3,5},{8,7,1,5,6,3,9,2,4},{4,8,2,3,9,1,5,6,7},{5,9,3,6,2,0,0,0,0},{0,0,0,0,0,0,0,0,0}}
]
17:37:11.387 [main] INFO  sudoku.model.SudokuBoard - Wartość 0 wstawiona nieprawidłowo
17:37:11.387 [main] INFO  sudoku.model.SudokuBoard - Bład w kwadracie 0
sudoku.model.SudokuBoard@87aec6a[
  size=9
  solver=sudoku.model.BacktrackingSudokuSolver@213012a0
  board={{3,2,8,9,1,7,4,5,6},{9,5,4,2,3,6,7,1,8},{1,6,7,8,4,5,3,9,2},{2,3,5,4,8,9,6,7,1},{6,4,9,1,7,2,8,3,5},{8,7,1,5,6,3,9,2,4},{4,8,2,3,9,1,5,6,7},{5,9,3,6,0,0,0,0,0},{0,0,0,0,0,0,0,0,0}}
]
17:37:11.387 [main] INFO  sudoku.model.SudokuBoard - Wartość 0 wstawiona nieprawidłowo
17:37:11.387 [main] INFO  sudoku.model.SudokuBoard - Bład w kwadracie 0
sudoku.model.SudokuBoard@87aec6a[
  size=9
  solver=sudoku.model.BacktrackingSudokuSolver@213012a0
  board={{3,2,8,9,1,7,4,5,6},{9,5,4,2,3,6,7,1,8},{1,6,7,8,4,5,3,9,2},{2,3,5,4,8,9,6,7,1},{6,4,9,1,7,2,8,3,5},{8,7,1,5,6,3,9,2,4},{4,8,2,3,9,1,5,6,7},{5,9,3,0,0,0,0,0,0},{0,0,0,0,0,0,0,0,0}}
]
17:37:11.387 [main] INFO  sudoku.model.SudokuBoard - Wartość 0 wstawiona nieprawidłowo
17:37:11.388 [main] INFO  sudoku.model.SudokuBoard - Bład w kwadracie 0
sudoku.model.SudokuBoard@87aec6a[
  size=9
  solver=sudoku.model.BacktrackingSudokuSolver@213012a0
  board={{3,2,8,9,1,7,4,5,6},{9,5,4,2,3,6,7,1,8},{1,6,7,8,4,5,3,9,2},{2,3,5,4,8,9,6,7,1},{6,4,9,1,7,2,8,3,5},{8,7,1,5,6,3,9,2,4},{4,8,2,3,9,1,5,6,7},{5,9,3,7,2,8,1,0,0},{0,0,0,0,0,0,0,0,0}}
]
17:37:11.388 [main] INFO  sudoku.model.SudokuBoard - Wartość 0 wstawiona nieprawidłowo
17:37:11.388 [main] INFO  sudoku.model.SudokuBoard - Bład w kwadracie 0
sudoku.model.SudokuBoard@87aec6a[
  size=9
  solver=sudoku.model.BacktrackingSudokuSolver@213012a0
  board={{3,2,8,9,1,7,4,5,6},{9,5,4,2,3,6,7,1,8},{1,6,7,8,4,5,3,9,2},{2,3,5,4,8,9,6,7,1},{6,4,9,1,7,2,8,3,5},{8,7,1,5,6,3,9,2,4},{4,8,2,3,9,1,5,6,7},{5,9,3,7,2,8,0,0,0},{0,0,0,0,0,0,0,0,0}}
]
17:37:11.388 [main] INFO  sudoku.model.SudokuBoard - Wartość 0 wstawiona nieprawidłowo
17:37:11.388 [main] INFO  sudoku.model.SudokuBoard - Bład w kwadracie 0
sudoku.model.SudokuBoard@87aec6a[
  size=9
  solver=sudoku.model.BacktrackingSudokuSolver@213012a0
  board={{3,2,8,9,1,7,4,5,6},{9,5,4,2,3,6,7,1,8},{1,6,7,8,4,5,3,9,2},{2,3,5,4,8,9,6,7,1},{6,4,9,1,7,2,8,3,5},{8,7,1,5,6,3,9,2,4},{4,8,2,3,9,1,5,6,7},{5,9,3,7,2,0,0,0,0},{0,0,0,0,0,0,0,0,0}}
]
17:37:11.388 [main] INFO  sudoku.model.SudokuBoard - Wartość 0 wstawiona nieprawidłowo
17:37:11.388 [main] INFO  sudoku.model.SudokuBoard - Bład w kwadracie 0
sudoku.model.SudokuBoard@87aec6a[
  size=9
  solver=sudoku.model.BacktrackingSudokuSolver@213012a0
  board={{3,2,8,9,1,7,4,5,6},{9,5,4,2,3,6,7,1,8},{1,6,7,8,4,5,3,9,2},{2,3,5,4,8,9,6,7,1},{6,4,9,1,7,2,8,3,5},{8,7,1,5,6,3,9,2,4},{4,8,2,3,9,1,5,6,7},{5,9,3,7,2,4,1,0,0},{0,0,0,0,0,0,0,0,0}}
]
17:37:11.388 [main] INFO  sudoku.model.SudokuBoard - Wartość 0 wstawiona nieprawidłowo
17:37:11.388 [main] INFO  sudoku.model.SudokuBoard - Bład w kwadracie 0
sudoku.model.SudokuBoard@87aec6a[
  size=9
  solver=sudoku.model.BacktrackingSudokuSolver@213012a0
  board={{3,2,8,9,1,7,4,5,6},{9,5,4,2,3,6,7,1,8},{1,6,7,8,4,5,3,9,2},{2,3,5,4,8,9,6,7,1},{6,4,9,1,7,2,8,3,5},{8,7,1,5,6,3,9,2,4},{4,8,2,3,9,1,5,6,7},{5,9,3,7,2,4,0,0,0},{0,0,0,0,0,0,0,0,0}}
]
17:37:11.388 [main] INFO  sudoku.model.SudokuBoard - Wartość 0 wstawiona nieprawidłowo
17:37:11.388 [main] INFO  sudoku.model.SudokuBoard - Bład w kwadracie 0
sudoku.model.SudokuBoard@87aec6a[
  size=9
  solver=sudoku.model.BacktrackingSudokuSolver@213012a0
  board={{3,2,8,9,1,7,4,5,6},{9,5,4,2,3,6,7,1,8},{1,6,7,8,4,5,3,9,2},{2,3,5,4,8,9,6,7,1},{6,4,9,1,7,2,8,3,5},{8,7,1,5,6,3,9,2,4},{4,8,2,3,9,1,5,6,7},{5,9,3,7,2,0,0,0,0},{0,0,0,0,0,0,0,0,0}}
]
17:37:11.388 [main] INFO  sudoku.model.SudokuBoard - Wartość 0 wstawiona nieprawidłowo
17:37:11.388 [main] INFO  sudoku.model.SudokuBoard - Bład w kwadracie 0
sudoku.model.SudokuBoard@87aec6a[
  size=9
  solver=sudoku.model.BacktrackingSudokuSolver@213012a0
  board={{3,2,8,9,1,7,4,5,6},{9,5,4,2,3,6,7,1,8},{1,6,7,8,4,5,3,9,2},{2,3,5,4,8,9,6,7,1},{6,4,9,1,7,2,8,3,5},{8,7,1,5,6,3,9,2,4},{4,8,2,3,9,1,5,6,7},{5,9,3,7,0,0,0,0,0},{0,0,0,0,0,0,0,0,0}}
]
17:37:11.388 [main] INFO  sudoku.model.SudokuBoard - Wartość 0 wstawiona nieprawidłowo
17:37:11.388 [main] INFO  sudoku.model.SudokuBoard - Bład w kwadracie 0
sudoku.model.SudokuBoard@87aec6a[
  size=9
  solver=sudoku.model.BacktrackingSudokuSolver@213012a0
  board={{3,2,8,9,1,7,4,5,6},{9,5,4,2,3,6,7,1,8},{1,6,7,8,4,5,3,9,2},{2,3,5,4,8,9,6,7,1},{6,4,9,1,7,2,8,3,5},{8,7,1,5,6,3,9,2,4},{4,8,2,3,9,1,5,6,7},{5,9,3,0,0,0,0,0,0},{0,0,0,0,0,0,0,0,0}}
]
17:37:11.388 [main] INFO  sudoku.model.SudokuBoard - Wartość 0 wstawiona nieprawidłowo
17:37:11.389 [main] INFO  sudoku.model.SudokuBoard - Bład w kwadracie 0
sudoku.model.SudokuBoard@87aec6a[
  size=9
  solver=sudoku.model.BacktrackingSudokuSolver@213012a0
  board={{3,2,8,9,1,7,4,5,6},{9,5,4,2,3,6,7,1,8},{1,6,7,8,4,5,3,9,2},{2,3,5,4,8,9,6,7,1},{6,4,9,1,7,2,8,3,5},{8,7,1,5,6,3,9,2,4},{4,8,2,3,9,1,5,6,7},{5,9,0,0,0,0,0,0,0},{0,0,0,0,0,0,0,0,0}}
]
17:37:11.389 [main] INFO  sudoku.model.SudokuBoard - Wartość 0 wstawiona nieprawidłowo
17:37:11.389 [main] INFO  sudoku.model.SudokuBoard - Bład w kwadracie 0
sudoku.model.SudokuBoard@87aec6a[
  size=9
  solver=sudoku.model.BacktrackingSudokuSolver@213012a0
  board={{3,2,8,9,1,7,4,5,6},{9,3,4,2,3,6,7,1,8},{1,6,7,8,4,5,3,9,2},{2,3,5,4,8,9,6,7,1},{6,4,9,1,7,2,8,3,5},{8,7,1,5,6,3,9,2,4},{4,8,2,3,9,1,5,6,7},{5,9,6,7,2,4,1,8,3},{7,1,3,6,5,8,2,4,9}}
]
17:37:11.389 [main] INFO  sudoku.model.SudokuBoard - Wartość 3 wstawiona nieprawidłowo
17:37:11.389 [main] INFO  sudoku.model.SudokuBoard - Bład w kwadracie 0
sudoku.model.SudokuBoard@38cf3ae1[
  size=9
  solver=sudoku.model.BacktrackingSudokuSolver@213012a0
  board={{3,2,8,9,1,7,4,5,6},{9,3,4,2,3,6,7,1,8},{1,6,7,8,4,5,3,9,2},{2,3,5,4,8,9,6,7,1},{6,4,9,1,7,2,8,3,5},{8,7,1,5,6,3,9,2,4},{4,8,2,3,9,1,5,6,7},{5,9,6,7,2,4,1,8,3},{7,1,3,6,5,8,2,4,9}}
]
]]></system-out>
  </testcase>
  <testcase name="checkCellBox1" classname="sudoku.model.SudokuBoardTest" time="0.003">
    <system-out><![CDATA[17:37:11.391 [main] INFO  sudoku.model.SudokuBoard - Bład w kwadracie 0
sudoku.model.SudokuBoard@11228bee[
  size=9
  solver=sudoku.model.BacktrackingSudokuSolver@7d626f2
  board={{6,4,1,7,8,9,2,3,5},{7,5,8,1,2,3,9,4,6},{2,3,9,4,5,6,7,8,1},{8,1,6,9,3,2,4,0,0},{0,0,0,0,0,0,0,0,0},{0,0,0,0,0,0,0,0,0},{0,0,0,0,0,0,0,0,0},{0,0,0,0,0,0,0,0,0},{0,0,0,0,0,0,0,0,0}}
]
17:37:11.391 [main] INFO  sudoku.model.SudokuBoard - Wartość 0 wstawiona nieprawidłowo
17:37:11.391 [main] INFO  sudoku.model.SudokuBoard - Bład w kwadracie 0
sudoku.model.SudokuBoard@11228bee[
  size=9
  solver=sudoku.model.BacktrackingSudokuSolver@7d626f2
  board={{6,4,1,7,8,9,2,3,5},{7,5,8,1,2,3,9,4,6},{2,3,9,4,5,6,7,8,1},{8,1,6,9,3,2,4,5,7},{3,9,4,5,6,8,1,0,0},{0,0,0,0,0,0,0,0,0},{0,0,0,0,0,0,0,0,0},{0,0,0,0,0,0,0,0,0},{0,0,0,0,0,0,0,0,0}}
]
17:37:11.391 [main] INFO  sudoku.model.SudokuBoard - Wartość 0 wstawiona nieprawidłowo
17:37:11.391 [main] INFO  sudoku.model.SudokuBoard - Bład w kwadracie 0
sudoku.model.SudokuBoard@11228bee[
  size=9
  solver=sudoku.model.BacktrackingSudokuSolver@7d626f2
  board={{6,4,1,7,8,9,2,3,5},{7,5,8,1,2,3,9,4,6},{2,3,9,4,5,6,7,8,1},{8,1,6,9,3,2,4,5,7},{3,9,4,5,6,8,0,0,0},{0,0,0,0,0,0,0,0,0},{0,0,0,0,0,0,0,0,0},{0,0,0,0,0,0,0,0,0},{0,0,0,0,0,0,0,0,0}}
]
17:37:11.391 [main] INFO  sudoku.model.SudokuBoard - Wartość 0 wstawiona nieprawidłowo
17:37:11.391 [main] INFO  sudoku.model.SudokuBoard - Bład w kwadracie 0
sudoku.model.SudokuBoard@11228bee[
  size=9
  solver=sudoku.model.BacktrackingSudokuSolver@7d626f2
  board={{6,4,1,7,8,9,2,3,5},{7,5,8,1,2,3,9,4,6},{2,3,9,4,5,6,7,8,1},{8,1,6,9,3,2,4,5,7},{3,9,4,5,6,0,0,0,0},{0,0,0,0,0,0,0,0,0},{0,0,0,0,0,0,0,0,0},{0,0,0,0,0,0,0,0,0},{0,0,0,0,0,0,0,0,0}}
]
17:37:11.391 [main] INFO  sudoku.model.SudokuBoard - Wartość 0 wstawiona nieprawidłowo
17:37:11.391 [main] INFO  sudoku.model.SudokuBoard - Bład w kwadracie 0
sudoku.model.SudokuBoard@11228bee[
  size=9
  solver=sudoku.model.BacktrackingSudokuSolver@7d626f2
  board={{6,4,1,7,8,9,2,3,5},{7,5,8,1,2,3,9,4,6},{2,3,9,4,5,6,7,8,1},{8,1,6,9,3,2,4,5,7},{3,9,4,5,6,1,8,0,0},{0,0,0,0,0,0,0,0,0},{0,0,0,0,0,0,0,0,0},{0,0,0,0,0,0,0,0,0},{0,0,0,0,0,0,0,0,0}}
]
17:37:11.391 [main] INFO  sudoku.model.SudokuBoard - Wartość 0 wstawiona nieprawidłowo
17:37:11.391 [main] INFO  sudoku.model.SudokuBoard - Bład w kwadracie 0
sudoku.model.SudokuBoard@11228bee[
  size=9
  solver=sudoku.model.BacktrackingSudokuSolver@7d626f2
  board={{6,4,1,7,8,9,2,3,5},{7,5,8,1,2,3,9,4,6},{2,3,9,4,5,6,7,8,1},{8,1,6,9,3,2,4,5,7},{3,9,4,5,6,1,0,0,0},{0,0,0,0,0,0,0,0,0},{0,0,0,0,0,0,0,0,0},{0,0,0,0,0,0,0,0,0},{0,0,0,0,0,0,0,0,0}}
]
17:37:11.391 [main] INFO  sudoku.model.SudokuBoard - Wartość 0 wstawiona nieprawidłowo
17:37:11.391 [main] INFO  sudoku.model.SudokuBoard - Bład w kwadracie 0
sudoku.model.SudokuBoard@11228bee[
  size=9
  solver=sudoku.model.BacktrackingSudokuSolver@7d626f2
  board={{6,4,1,7,8,9,2,3,5},{7,5,8,1,2,3,9,4,6},{2,3,9,4,5,6,7,8,1},{8,1,6,9,3,2,4,5,7},{3,9,4,5,6,0,0,0,0},{0,0,0,0,0,0,0,0,0},{0,0,0,0,0,0,0,0,0},{0,0,0,0,0,0,0,0,0},{0,0,0,0,0,0,0,0,0}}
]
17:37:11.391 [main] INFO  sudoku.model.SudokuBoard - Wartość 0 wstawiona nieprawidłowo
17:37:11.392 [main] INFO  sudoku.model.SudokuBoard - Bład w kwadracie 0
sudoku.model.SudokuBoard@11228bee[
  size=9
  solver=sudoku.model.BacktrackingSudokuSolver@7d626f2
  board={{6,4,1,7,8,9,2,3,5},{7,5,8,1,2,3,9,4,6},{2,3,9,4,5,6,7,8,1},{8,1,6,9,3,2,4,5,7},{3,9,4,5,6,7,8,0,0},{0,0,0,0,0,0,0,0,0},{0,0,0,0,0,0,0,0,0},{0,0,0,0,0,0,0,0,0},{0,0,0,0,0,0,0,0,0}}
]
17:37:11.392 [main] INFO  sudoku.model.SudokuBoard - Wartość 0 wstawiona nieprawidłowo
17:37:11.392 [main] INFO  sudoku.model.SudokuBoard - Bład w kwadracie 0
sudoku.model.SudokuBoard@11228bee[
  size=9
  solver=sudoku.model.BacktrackingSudokuSolver@7d626f2
  board={{6,4,1,7,8,9,2,3,5},{7,5,8,1,2,3,9,4,6},{2,3,9,4,5,6,7,8,1},{8,1,6,9,3,2,4,5,7},{3,9,4,5,6,7,8,1,2},{5,2,7,8,1,4,3,6,9},{9,6,2,3,4,5,1,7,8},{1,7,3,2,9,8,0,0,0},{0,0,0,0,0,0,0,0,0}}
]
17:37:11.392 [main] INFO  sudoku.model.SudokuBoard - Wartość 0 wstawiona nieprawidłowo
17:37:11.392 [main] INFO  sudoku.model.SudokuBoard - Bład w kwadracie 0
sudoku.model.SudokuBoard@11228bee[
  size=9
  solver=sudoku.model.BacktrackingSudokuSolver@7d626f2
  board={{6,4,1,7,8,9,2,3,5},{7,5,8,1,2,3,9,4,6},{2,3,9,4,5,6,7,8,1},{8,1,6,9,3,2,4,5,7},{3,9,4,5,6,7,8,1,2},{5,2,7,8,1,4,3,6,9},{9,6,2,3,4,5,1,7,8},{1,7,3,2,9,8,0,0,0},{0,0,0,0,0,0,0,0,0}}
]
17:37:11.392 [main] INFO  sudoku.model.SudokuBoard - Wartość 0 wstawiona nieprawidłowo
17:37:11.392 [main] INFO  sudoku.model.SudokuBoard - Bład w kwadracie 0
sudoku.model.SudokuBoard@11228bee[
  size=9
  solver=sudoku.model.BacktrackingSudokuSolver@7d626f2
  board={{6,4,1,7,8,9,2,3,5},{7,5,8,1,2,3,9,4,6},{2,3,9,4,5,6,7,8,1},{8,1,6,9,3,2,4,5,7},{3,9,4,5,6,7,8,1,2},{5,2,7,8,1,4,3,6,9},{9,6,2,3,4,5,1,7,8},{1,7,3,2,9,0,0,0,0},{0,0,0,0,0,0,0,0,0}}
]
17:37:11.392 [main] INFO  sudoku.model.SudokuBoard - Wartość 0 wstawiona nieprawidłowo
17:37:11.392 [main] INFO  sudoku.model.SudokuBoard - Bład w kwadracie 0
sudoku.model.SudokuBoard@11228bee[
  size=9
  solver=sudoku.model.BacktrackingSudokuSolver@7d626f2
  board={{6,4,1,7,8,9,2,3,5},{7,5,8,1,2,3,9,4,6},{2,3,9,4,5,6,7,8,1},{8,1,6,9,3,2,4,5,7},{3,9,4,5,6,7,8,1,2},{5,2,7,8,1,4,3,6,9},{9,6,2,3,4,5,1,7,8},{1,7,3,2,0,0,0,0,0},{0,0,0,0,0,0,0,0,0}}
]
17:37:11.392 [main] INFO  sudoku.model.SudokuBoard - Wartość 0 wstawiona nieprawidłowo
17:37:11.392 [main] INFO  sudoku.model.SudokuBoard - Bład w kwadracie 0
sudoku.model.SudokuBoard@11228bee[
  size=9
  solver=sudoku.model.BacktrackingSudokuSolver@7d626f2
  board={{6,4,1,7,8,9,2,3,5},{7,5,8,1,2,3,9,4,6},{2,3,9,4,5,6,7,8,1},{8,1,6,9,3,2,4,5,7},{3,9,4,5,6,7,8,1,2},{5,2,7,8,1,4,3,6,9},{9,6,2,3,4,5,1,7,8},{1,7,3,0,0,0,0,0,0},{0,0,0,0,0,0,0,0,0}}
]
17:37:11.392 [main] INFO  sudoku.model.SudokuBoard - Wartość 0 wstawiona nieprawidłowo
17:37:11.392 [main] INFO  sudoku.model.SudokuBoard - Bład w kwadracie 0
sudoku.model.SudokuBoard@11228bee[
  size=9
  solver=sudoku.model.BacktrackingSudokuSolver@7d626f2
  board={{0,4,1,7,8,9,2,3,5},{7,5,8,1,2,3,9,4,6},{2,3,9,4,5,6,7,8,1},{8,1,6,9,3,2,4,5,7},{3,9,4,5,6,7,8,1,2},{5,2,7,8,1,4,3,6,9},{9,6,2,3,4,5,1,7,8},{1,7,3,6,9,8,5,2,4},{4,8,5,2,7,1,6,9,3}}
]
17:37:11.392 [main] INFO  sudoku.model.SudokuBoard - Wartość 0 wstawiona nieprawidłowo
]]></system-out>
  </testcase>
</testsuite>