<?xml version="1.0" encoding="UTF-8"?>
<testsuite xmlns:xsi="http://www.w3.org/2001/XMLSchema-instance" xsi:noNamespaceSchemaLocation="https://maven.apache.org/surefire/maven-surefire-plugin/xsd/surefire-test-report-3.0.xsd" version="3.0" name="sudoku.model.SeriesTest" time="0.329" tests="5" errors="0" skipped="0" failures="0">
  <properties>
    <property name="java.specification.version" value="14"/>
    <property name="sun.cpu.isalist" value="amd64"/>
    <property name="sun.jnu.encoding" value="Cp1250"/>
    <property name="java.class.path" value="E:\studia\Sem-3\Programowanie komponentowe (07 72 3060 19)_pliki\ProjektKompo\an_pn_1145_03\Model\target\test-classes;C:\Users\maldo\.m2\repository\org\junit\jupiter\junit-jupiter-engine\5.6.2\junit-jupiter-engine-5.6.2.jar;C:\Users\maldo\.m2\repository\org\apiguardian\apiguardian-api\1.1.0\apiguardian-api-1.1.0.jar;C:\Users\maldo\.m2\repository\org\junit\platform\junit-platform-engine\1.6.2\junit-platform-engine-1.6.2.jar;C:\Users\maldo\.m2\repository\org\opentest4j\opentest4j\1.2.0\opentest4j-1.2.0.jar;C:\Users\maldo\.m2\repository\org\junit\platform\junit-platform-commons\1.6.2\junit-platform-commons-1.6.2.jar;C:\Users\maldo\.m2\repository\org\junit\jupiter\junit-jupiter-api\5.6.2\junit-jupiter-api-5.6.2.jar;C:\Users\maldo\.m2\repository\org\projectlombok\lombok\1.18.16\lombok-1.18.16.jar;C:\Users\maldo\.m2\repository\org\hibernate\hibernate-core\5.4.27.Final\hibernate-core-5.4.27.Final.jar;C:\Users\maldo\.m2\repository\org\jboss\logging\jboss-logging\3.4.1.Final\jboss-logging-3.4.1.Final.jar;C:\Users\maldo\.m2\repository\org\javassist\javassist\3.27.0-GA\javassist-3.27.0-GA.jar;C:\Users\maldo\.m2\repository\net\bytebuddy\byte-buddy\1.10.17\byte-buddy-1.10.17.jar;C:\Users\maldo\.m2\repository\antlr\antlr\2.7.7\antlr-2.7.7.jar;C:\Users\maldo\.m2\repository\org\jboss\spec\javax\transaction\jboss-transaction-api_1.2_spec\1.1.1.Final\jboss-transaction-api_1.2_spec-1.1.1.Final.jar;C:\Users\maldo\.m2\repository\org\jboss\jandex\2.1.3.Final\jandex-2.1.3.Final.jar;C:\Users\maldo\.m2\repository\com\fasterxml\classmate\1.5.1\classmate-1.5.1.jar;C:\Users\maldo\.m2\repository\javax\activation\javax.activation-api\1.2.0\javax.activation-api-1.2.0.jar;C:\Users\maldo\.m2\repository\org\dom4j\dom4j\2.1.3\dom4j-2.1.3.jar;C:\Users\maldo\.m2\repository\javax\xml\bind\jaxb-api\2.3.1\jaxb-api-2.3.1.jar;C:\Users\maldo\.m2\repository\com\h2database\h2\1.4.200\h2-1.4.200.jar;C:\Users\maldo\.m2\repository\jakarta\xml\bind\jakarta.xml.bind-api\3.0.0\jakarta.xml.bind-api-3.0.0.jar;C:\Users\maldo\.m2\repository\com\sun\activation\jakarta.activation\2.0.0\jakarta.activation-2.0.0.jar;C:\Users\maldo\.m2\repository\org\glassfish\jaxb\jaxb-runtime\3.0.0\jaxb-runtime-3.0.0.jar;C:\Users\maldo\.m2\repository\org\glassfish\jaxb\jaxb-core\3.0.0\jaxb-core-3.0.0.jar;C:\Users\maldo\.m2\repository\org\glassfish\jaxb\txw2\3.0.0\txw2-3.0.0.jar;C:\Users\maldo\.m2\repository\com\sun\istack\istack-commons-runtime\4.0.0\istack-commons-runtime-4.0.0.jar;C:\Users\maldo\.m2\repository\ch\qos\logback\logback-classic\1.1.7\logback-classic-1.1.7.jar;C:\Users\maldo\.m2\repository\ch\qos\logback\logback-core\1.1.7\logback-core-1.1.7.jar;C:\Users\maldo\.m2\repository\org\openjfx\javafx-controls\13\javafx-controls-13.jar;C:\Users\maldo\.m2\repository\org\openjfx\javafx-controls\13\javafx-controls-13-win.jar;C:\Users\maldo\.m2\repository\org\openjfx\javafx-graphics\13\javafx-graphics-13.jar;C:\Users\maldo\.m2\repository\org\openjfx\javafx-graphics\13\javafx-graphics-13-win.jar;C:\Users\maldo\.m2\repository\org\openjfx\javafx-base\13\javafx-base-13.jar;C:\Users\maldo\.m2\repository\org\openjfx\javafx-fxml\13\javafx-fxml-13.jar;C:\Users\maldo\.m2\repository\org\openjfx\javafx-fxml\13\javafx-fxml-13-win.jar;"/>
    <property name="java.vm.vendor" value="Oracle Corporation"/>
    <property name="sun.arch.data.model" value="64"/>
    <property name="user.variant" value=""/>
    <property name="java.vendor.url" value="https://java.oracle.com/"/>
    <property name="user.timezone" value="Europe/Warsaw"/>
    <property name="os.name" value="Windows 10"/>
    <property name="java.vm.specification.version" value="14"/>
    <property name="sun.java.launcher" value="SUN_STANDARD"/>
    <property name="user.country" value="PL"/>
    <property name="sun.boot.library.path" value="C:\Program Files\Java\jdk-14.0.2\bin"/>
    <property name="sun.java.command" value="org.apache.maven.surefire.booter.ForkedBooter C:\Users\maldo\AppData\Local\Temp\surefire2851667216876308717 2021-01-25T02-04-24_084-jvmRun1 surefire12564493430928483376tmp surefire_014191245604424802550tmp"/>
    <property name="jdk.debug" value="release"/>
    <property name="surefire.test.class.path" value="E:\studia\Sem-3\Programowanie komponentowe (07 72 3060 19)_pliki\ProjektKompo\an_pn_1145_03\Model\target\test-classes;C:\Users\maldo\.m2\repository\org\junit\jupiter\junit-jupiter-engine\5.6.2\junit-jupiter-engine-5.6.2.jar;C:\Users\maldo\.m2\repository\org\apiguardian\apiguardian-api\1.1.0\apiguardian-api-1.1.0.jar;C:\Users\maldo\.m2\repository\org\junit\platform\junit-platform-engine\1.6.2\junit-platform-engine-1.6.2.jar;C:\Users\maldo\.m2\repository\org\opentest4j\opentest4j\1.2.0\opentest4j-1.2.0.jar;C:\Users\maldo\.m2\repository\org\junit\platform\junit-platform-commons\1.6.2\junit-platform-commons-1.6.2.jar;C:\Users\maldo\.m2\repository\org\junit\jupiter\junit-jupiter-api\5.6.2\junit-jupiter-api-5.6.2.jar;C:\Users\maldo\.m2\repository\org\projectlombok\lombok\1.18.16\lombok-1.18.16.jar;C:\Users\maldo\.m2\repository\org\hibernate\hibernate-core\5.4.27.Final\hibernate-core-5.4.27.Final.jar;C:\Users\maldo\.m2\repository\org\jboss\logging\jboss-logging\3.4.1.Final\jboss-logging-3.4.1.Final.jar;C:\Users\maldo\.m2\repository\org\javassist\javassist\3.27.0-GA\javassist-3.27.0-GA.jar;C:\Users\maldo\.m2\repository\net\bytebuddy\byte-buddy\1.10.17\byte-buddy-1.10.17.jar;C:\Users\maldo\.m2\repository\antlr\antlr\2.7.7\antlr-2.7.7.jar;C:\Users\maldo\.m2\repository\org\jboss\spec\javax\transaction\jboss-transaction-api_1.2_spec\1.1.1.Final\jboss-transaction-api_1.2_spec-1.1.1.Final.jar;C:\Users\maldo\.m2\repository\org\jboss\jandex\2.1.3.Final\jandex-2.1.3.Final.jar;C:\Users\maldo\.m2\repository\com\fasterxml\classmate\1.5.1\classmate-1.5.1.jar;C:\Users\maldo\.m2\repository\javax\activation\javax.activation-api\1.2.0\javax.activation-api-1.2.0.jar;C:\Users\maldo\.m2\repository\org\dom4j\dom4j\2.1.3\dom4j-2.1.3.jar;C:\Users\maldo\.m2\repository\javax\xml\bind\jaxb-api\2.3.1\jaxb-api-2.3.1.jar;C:\Users\maldo\.m2\repository\com\h2database\h2\1.4.200\h2-1.4.200.jar;C:\Users\maldo\.m2\repository\jakarta\xml\bind\jakarta.xml.bind-api\3.0.0\jakarta.xml.bind-api-3.0.0.jar;C:\Users\maldo\.m2\repository\com\sun\activation\jakarta.activation\2.0.0\jakarta.activation-2.0.0.jar;C:\Users\maldo\.m2\repository\org\glassfish\jaxb\jaxb-runtime\3.0.0\jaxb-runtime-3.0.0.jar;C:\Users\maldo\.m2\repository\org\glassfish\jaxb\jaxb-core\3.0.0\jaxb-core-3.0.0.jar;C:\Users\maldo\.m2\repository\org\glassfish\jaxb\txw2\3.0.0\txw2-3.0.0.jar;C:\Users\maldo\.m2\repository\com\sun\istack\istack-commons-runtime\4.0.0\istack-commons-runtime-4.0.0.jar;C:\Users\maldo\.m2\repository\ch\qos\logback\logback-classic\1.1.7\logback-classic-1.1.7.jar;C:\Users\maldo\.m2\repository\ch\qos\logback\logback-core\1.1.7\logback-core-1.1.7.jar;C:\Users\maldo\.m2\repository\org\openjfx\javafx-controls\13\javafx-controls-13.jar;C:\Users\maldo\.m2\repository\org\openjfx\javafx-controls\13\javafx-controls-13-win.jar;C:\Users\maldo\.m2\repository\org\openjfx\javafx-graphics\13\javafx-graphics-13.jar;C:\Users\maldo\.m2\repository\org\openjfx\javafx-graphics\13\javafx-graphics-13-win.jar;C:\Users\maldo\.m2\repository\org\openjfx\javafx-base\13\javafx-base-13.jar;C:\Users\maldo\.m2\repository\org\openjfx\javafx-fxml\13\javafx-fxml-13.jar;C:\Users\maldo\.m2\repository\org\openjfx\javafx-fxml\13\javafx-fxml-13-win.jar;"/>
    <property name="sun.cpu.endian" value="little"/>
    <property name="user.home" value="C:\Users\maldo"/>
    <property name="user.language" value="pl"/>
    <property name="java.specification.vendor" value="Oracle Corporation"/>
    <property name="jdk.module.path" value="E:\studia\Sem-3\Programowanie komponentowe (07 72 3060 19)_pliki\ProjektKompo\an_pn_1145_03\Model\target\classes;C:\Users\maldo\.m2\repository\org\apache\commons\commons-lang3\3.11\commons-lang3-3.11.jar;C:\Users\maldo\.m2\repository\javax\persistence\javax.persistence-api\2.2\javax.persistence-api-2.2.jar;C:\Users\maldo\.m2\repository\org\hibernate\common\hibernate-commons-annotations\5.1.2.Final\hibernate-commons-annotations-5.1.2.Final.jar;C:\Users\maldo\.m2\repository\org\hibernate\hibernate-entitymanager\5.4.27.Final\hibernate-entitymanager-5.4.27.Final.jar;C:\Users\maldo\.m2\repository\org\slf4j\slf4j-api\1.7.30\slf4j-api-1.7.30.jar;C:\Users\maldo\.m2\repository\org\openjfx\javafx-base\13\javafx-base-13-win.jar"/>
    <property name="java.version.date" value="2020-07-14"/>
    <property name="java.home" value="C:\Program Files\Java\jdk-14.0.2"/>
    <property name="file.separator" value="\"/>
    <property name="basedir" value="E:\studia\Sem-3\Programowanie komponentowe (07 72 3060 19)_pliki\ProjektKompo\an_pn_1145_03\Model"/>
    <property name="java.vm.compressedOopsMode" value="Zero based"/>
    <property name="line.separator" value="&#10;"/>
    <property name="java.vm.specification.vendor" value="Oracle Corporation"/>
    <property name="java.specification.name" value="Java Platform API Specification"/>
    <property name="surefire.real.class.path" value="C:\Users\maldo\.m2\repository\org\apache\maven\surefire\surefire-booter\3.0.0-M5\surefire-booter-3.0.0-M5.jar;C:\Users\maldo\.m2\repository\org\apache\maven\surefire\surefire-api\3.0.0-M5\surefire-api-3.0.0-M5.jar;C:\Users\maldo\.m2\repository\org\apache\maven\surefire\surefire-logger-api\3.0.0-M5\surefire-logger-api-3.0.0-M5.jar;C:\Users\maldo\.m2\repository\org\apache\maven\surefire\surefire-shared-utils\3.0.0-M4\surefire-shared-utils-3.0.0-M4.jar;C:\Users\maldo\.m2\repository\org\apache\maven\surefire\surefire-extensions-spi\3.0.0-M5\surefire-extensions-spi-3.0.0-M5.jar;E:\studia\Sem-3\Programowanie komponentowe (07 72 3060 19)_pliki\ProjektKompo\an_pn_1145_03\Model\target\test-classes;C:\Users\maldo\.m2\repository\org\junit\jupiter\junit-jupiter-engine\5.6.2\junit-jupiter-engine-5.6.2.jar;C:\Users\maldo\.m2\repository\org\apiguardian\apiguardian-api\1.1.0\apiguardian-api-1.1.0.jar;C:\Users\maldo\.m2\repository\org\junit\platform\junit-platform-engine\1.6.2\junit-platform-engine-1.6.2.jar;C:\Users\maldo\.m2\repository\org\opentest4j\opentest4j\1.2.0\opentest4j-1.2.0.jar;C:\Users\maldo\.m2\repository\org\junit\platform\junit-platform-commons\1.6.2\junit-platform-commons-1.6.2.jar;C:\Users\maldo\.m2\repository\org\junit\jupiter\junit-jupiter-api\5.6.2\junit-jupiter-api-5.6.2.jar;C:\Users\maldo\.m2\repository\org\projectlombok\lombok\1.18.16\lombok-1.18.16.jar;C:\Users\maldo\.m2\repository\org\hibernate\hibernate-core\5.4.27.Final\hibernate-core-5.4.27.Final.jar;C:\Users\maldo\.m2\repository\org\jboss\logging\jboss-logging\3.4.1.Final\jboss-logging-3.4.1.Final.jar;C:\Users\maldo\.m2\repository\org\javassist\javassist\3.27.0-GA\javassist-3.27.0-GA.jar;C:\Users\maldo\.m2\repository\net\bytebuddy\byte-buddy\1.10.17\byte-buddy-1.10.17.jar;C:\Users\maldo\.m2\repository\antlr\antlr\2.7.7\antlr-2.7.7.jar;C:\Users\maldo\.m2\repository\org\jboss\spec\javax\transaction\jboss-transaction-api_1.2_spec\1.1.1.Final\jboss-transaction-api_1.2_spec-1.1.1.Final.jar;C:\Users\maldo\.m2\repository\org\jboss\jandex\2.1.3.Final\jandex-2.1.3.Final.jar;C:\Users\maldo\.m2\repository\com\fasterxml\classmate\1.5.1\classmate-1.5.1.jar;C:\Users\maldo\.m2\repository\javax\activation\javax.activation-api\1.2.0\javax.activation-api-1.2.0.jar;C:\Users\maldo\.m2\repository\org\dom4j\dom4j\2.1.3\dom4j-2.1.3.jar;C:\Users\maldo\.m2\repository\javax\xml\bind\jaxb-api\2.3.1\jaxb-api-2.3.1.jar;C:\Users\maldo\.m2\repository\com\h2database\h2\1.4.200\h2-1.4.200.jar;C:\Users\maldo\.m2\repository\jakarta\xml\bind\jakarta.xml.bind-api\3.0.0\jakarta.xml.bind-api-3.0.0.jar;C:\Users\maldo\.m2\repository\com\sun\activation\jakarta.activation\2.0.0\jakarta.activation-2.0.0.jar;C:\Users\maldo\.m2\repository\org\glassfish\jaxb\jaxb-runtime\3.0.0\jaxb-runtime-3.0.0.jar;C:\Users\maldo\.m2\repository\org\glassfish\jaxb\jaxb-core\3.0.0\jaxb-core-3.0.0.jar;C:\Users\maldo\.m2\repository\org\glassfish\jaxb\txw2\3.0.0\txw2-3.0.0.jar;C:\Users\maldo\.m2\repository\com\sun\istack\istack-commons-runtime\4.0.0\istack-commons-runtime-4.0.0.jar;C:\Users\maldo\.m2\repository\ch\qos\logback\logback-classic\1.1.7\logback-classic-1.1.7.jar;C:\Users\maldo\.m2\repository\ch\qos\logback\logback-core\1.1.7\logback-core-1.1.7.jar;C:\Users\maldo\.m2\repository\org\openjfx\javafx-controls\13\javafx-controls-13.jar;C:\Users\maldo\.m2\repository\org\openjfx\javafx-controls\13\javafx-controls-13-win.jar;C:\Users\maldo\.m2\repository\org\openjfx\javafx-graphics\13\javafx-graphics-13.jar;C:\Users\maldo\.m2\repository\org\openjfx\javafx-graphics\13\javafx-graphics-13-win.jar;C:\Users\maldo\.m2\repository\org\openjfx\javafx-base\13\javafx-base-13.jar;C:\Users\maldo\.m2\repository\org\openjfx\javafx-fxml\13\javafx-fxml-13.jar;C:\Users\maldo\.m2\repository\org\openjfx\javafx-fxml\13\javafx-fxml-13-win.jar;C:\Users\maldo\.m2\repository\org\apache\maven\surefire\surefire-junit-platform\3.0.0-M5\surefire-junit-platform-3.0.0-M5.jar;C:\Users\maldo\.m2\repository\org\apache\maven\surefire\common-java5\3.0.0-M5\common-java5-3.0.0-M5.jar;C:\Users\maldo\.m2\repository\org\junit\platform\junit-platform-launcher\1.6.2\junit-platform-launcher-1.6.2.jar"/>
    <property name="user.script" value=""/>
    <property name="sun.management.compiler" value="HotSpot 64-Bit Tiered Compilers"/>
    <property name="java.runtime.version" value="14.0.2+12-46"/>
    <property name="user.name" value="maldo"/>
    <property name="path.separator" value=";"/>
    <property name="os.version" value="10.0"/>
    <property name="java.runtime.name" value="Java(TM) SE Runtime Environment"/>
    <property name="file.encoding" value="Cp1250"/>
    <property name="java.vm.name" value="Java HotSpot(TM) 64-Bit Server VM"/>
    <property name="localRepository" value="C:\Users\maldo\.m2\repository"/>
    <property name="java.vendor.url.bug" value="https://bugreport.java.com/bugreport/"/>
    <property name="java.io.tmpdir" value="C:\Users\maldo\AppData\Local\Temp\"/>
    <property name="idea.version" value="2020.2.3"/>
    <property name="java.version" value="14.0.2"/>
    <property name="user.dir" value="E:\studia\Sem-3\Programowanie komponentowe (07 72 3060 19)_pliki\ProjektKompo\an_pn_1145_03\Model"/>
    <property name="os.arch" value="amd64"/>
    <property name="java.vm.specification.name" value="Java Virtual Machine Specification"/>
    <property name="sun.os.patch.level" value=""/>
    <property name="java.library.path" value="C:\Program Files\Java\jdk-14.0.2\bin;C:\WINDOWS\Sun\Java\bin;C:\WINDOWS\system32;C:\WINDOWS;C:\Program Files (x86)\Razer Chroma SDK\bin;C:\Program Files\Razer Chroma SDK\bin;C:\Python\Scripts\;C:\Python\;C:\Program Files (x86)\Intel\iCLS Client\;C:\Program Files\Intel\iCLS Client\;C:\Windows\system32;C:\Windows;C:\Windows\System32\Wbem;C:\Windows\System32\WindowsPowerShell\v1.0\;C:\Windows\System32\OpenSSH\;C:\Program Files (x86)\NVIDIA Corporation\PhysX\Common;C:\Program Files (x86)\Intel\Intel(R) Management Engine Components\DAL;C:\Program Files\Intel\Intel(R) Management Engine Components\DAL;C:\Program Files (x86)\Intel\Intel(R) Management Engine Components\IPT;C:\Program Files\Intel\Intel(R) Management Engine Components\IPT;C:\Program Files\Intel\WiFi\bin\;C:\Program Files\Common Files\Intel\WirelessCommon\;C:\Program Files (x86)\Windows Kits\8.1\Windows Performance Toolkit\;C:\Users\maldo\AppData\Local\Microsoft\WindowsApps;C:\Program Files\NVIDIA Corporation\NVIDIA NvDLISR;C:\Program Files (x86)\MKVToolNix;C:\WINDOWS\system32;C:\WINDOWS;C:\WINDOWS\System32\Wbem;C:\WINDOWS\System32\WindowsPowerShell\v1.0\;C:\WINDOWS\System32\OpenSSH\;E:\studia\Sem-3\Programowanie komponentowe (07 72 3060 19)_pliki\apache-maven-3.6.3\bin;C:\msys64\usr\bin;C:\Program Files\Java\jdk-14.0.2\bin;C:\Program Files (x86)\Calibre2\;C:\Users\maldo\AppData\Local\Microsoft\WindowsApps;C:\Program Files\Intel\WiFi\bin\;C:\Program Files\Common Files\Intel\WirelessCommon\;C:\Program Files\JetBrains\CLion 2019.3.3\bin;;C:\Users\maldo\AppData\Local\Programs\Microsoft VS Code\bin;C:\Users\maldo\AppData\Local\GitHubDesktop\bin;."/>
    <property name="java.vm.info" value="mixed mode"/>
    <property name="java.vendor" value="Oracle Corporation"/>
    <property name="java.vm.version" value="14.0.2+12-46"/>
    <property name="sun.io.unicode.encoding" value="UnicodeLittle"/>
    <property name="java.class.version" value="58.0"/>
  </properties>
  <testcase name="testEqualsDiffrent" classname="sudoku.model.SeriesTest" time="0.158">
    <system-out><![CDATA[02:04:27.139 [main] INFO  sudoku.model.SudokuBoard - Bład w kwadracie 0
sudoku.model.SudokuBoard@722531ab[
  size=9
  solver=sudoku.model.BacktrackingSudokuSolver@8f57e4c
  board={{4,5,6,8,7,9,1,2,3},{7,9,8,1,2,6,4,0,0},{0,0,0,0,0,0,0,0,0},{0,0,0,0,0,0,0,0,0},{0,0,0,0,0,0,0,0,0},{0,0,0,0,0,0,0,0,0},{0,0,0,0,0,0,0,0,0},{0,0,0,0,0,0,0,0,0},{0,0,0,0,0,0,0,0,0}}
]
02:04:27.139 [main] INFO  sudoku.model.SudokuBoard - Wartość 0 wstawiona nieprawidłowo
02:04:27.140 [main] INFO  sudoku.model.SudokuBoard - Bład w kwadracie 0
sudoku.model.SudokuBoard@722531ab[
  size=9
  solver=sudoku.model.BacktrackingSudokuSolver@8f57e4c
  board={{4,5,6,8,7,9,1,2,3},{7,9,8,1,2,6,0,0,0},{0,0,0,0,0,0,0,0,0},{0,0,0,0,0,0,0,0,0},{0,0,0,0,0,0,0,0,0},{0,0,0,0,0,0,0,0,0},{0,0,0,0,0,0,0,0,0},{0,0,0,0,0,0,0,0,0},{0,0,0,0,0,0,0,0,0}}
]
02:04:27.140 [main] INFO  sudoku.model.SudokuBoard - Wartość 0 wstawiona nieprawidłowo
02:04:27.140 [main] INFO  sudoku.model.SudokuBoard - Bład w kwadracie 0
sudoku.model.SudokuBoard@722531ab[
  size=9
  solver=sudoku.model.BacktrackingSudokuSolver@8f57e4c
  board={{4,5,6,8,7,9,1,2,3},{7,9,8,1,2,6,5,0,0},{0,0,0,0,0,0,0,0,0},{0,0,0,0,0,0,0,0,0},{0,0,0,0,0,0,0,0,0},{0,0,0,0,0,0,0,0,0},{0,0,0,0,0,0,0,0,0},{0,0,0,0,0,0,0,0,0},{0,0,0,0,0,0,0,0,0}}
]
02:04:27.142 [main] INFO  sudoku.model.SudokuBoard - Wartość 0 wstawiona nieprawidłowo
02:04:27.145 [main] INFO  sudoku.model.SudokuBoard - Bład w kwadracie 0
sudoku.model.SudokuBoard@722531ab[
  size=9
  solver=sudoku.model.BacktrackingSudokuSolver@8f57e4c
  board={{4,5,6,8,7,9,1,2,3},{7,9,8,1,2,6,0,0,0},{0,0,0,0,0,0,0,0,0},{0,0,0,0,0,0,0,0,0},{0,0,0,0,0,0,0,0,0},{0,0,0,0,0,0,0,0,0},{0,0,0,0,0,0,0,0,0},{0,0,0,0,0,0,0,0,0},{0,0,0,0,0,0,0,0,0}}
]
02:04:27.147 [main] INFO  sudoku.model.SudokuBoard - Wartość 0 wstawiona nieprawidłowo
02:04:27.150 [main] INFO  sudoku.model.SudokuBoard - Bład w kwadracie 0
sudoku.model.SudokuBoard@722531ab[
  size=9
  solver=sudoku.model.BacktrackingSudokuSolver@8f57e4c
  board={{4,5,6,8,7,9,1,2,3},{7,9,8,1,2,0,0,0,0},{0,0,0,0,0,0,0,0,0},{0,0,0,0,0,0,0,0,0},{0,0,0,0,0,0,0,0,0},{0,0,0,0,0,0,0,0,0},{0,0,0,0,0,0,0,0,0},{0,0,0,0,0,0,0,0,0},{0,0,0,0,0,0,0,0,0}}
]
02:04:27.150 [main] INFO  sudoku.model.SudokuBoard - Wartość 0 wstawiona nieprawidłowo
02:04:27.153 [main] INFO  sudoku.model.SudokuBoard - Bład w kwadracie 0
sudoku.model.SudokuBoard@722531ab[
  size=9
  solver=sudoku.model.BacktrackingSudokuSolver@8f57e4c
  board={{4,5,6,8,7,9,1,2,3},{7,9,8,1,2,3,4,5,6},{1,2,3,4,5,6,7,8,9},{8,3,2,5,1,4,6,9,7},{5,1,7,2,6,8,3,0,0},{0,0,0,0,0,0,0,0,0},{0,0,0,0,0,0,0,0,0},{0,0,0,0,0,0,0,0,0},{0,0,0,0,0,0,0,0,0}}
]
02:04:27.153 [main] INFO  sudoku.model.SudokuBoard - Wartość 0 wstawiona nieprawidłowo
02:04:27.154 [main] INFO  sudoku.model.SudokuBoard - Bład w kwadracie 0
sudoku.model.SudokuBoard@722531ab[
  size=9
  solver=sudoku.model.BacktrackingSudokuSolver@8f57e4c
  board={{4,5,6,8,7,9,1,2,3},{7,9,8,1,2,3,4,5,6},{1,2,3,4,5,6,7,8,9},{8,3,2,5,1,4,6,9,7},{5,1,7,2,6,8,0,0,0},{0,0,0,0,0,0,0,0,0},{0,0,0,0,0,0,0,0,0},{0,0,0,0,0,0,0,0,0},{0,0,0,0,0,0,0,0,0}}
]
02:04:27.154 [main] INFO  sudoku.model.SudokuBoard - Wartość 0 wstawiona nieprawidłowo
02:04:27.156 [main] INFO  sudoku.model.SudokuBoard - Bład w kwadracie 0
sudoku.model.SudokuBoard@722531ab[
  size=9
  solver=sudoku.model.BacktrackingSudokuSolver@8f57e4c
  board={{4,5,6,8,7,9,1,2,3},{7,9,8,1,2,3,4,5,6},{1,2,3,4,5,6,7,8,9},{8,3,2,5,1,4,6,9,7},{5,1,7,2,6,0,0,0,0},{0,0,0,0,0,0,0,0,0},{0,0,0,0,0,0,0,0,0},{0,0,0,0,0,0,0,0,0},{0,0,0,0,0,0,0,0,0}}
]
02:04:27.156 [main] INFO  sudoku.model.SudokuBoard - Wartość 0 wstawiona nieprawidłowo
02:04:27.157 [main] INFO  sudoku.model.SudokuBoard - Bład w kwadracie 0
sudoku.model.SudokuBoard@722531ab[
  size=9
  solver=sudoku.model.BacktrackingSudokuSolver@8f57e4c
  board={{4,5,6,8,7,9,1,2,3},{7,9,8,1,2,3,4,5,6},{1,2,3,4,5,6,7,8,9},{8,3,2,5,1,4,6,9,7},{5,1,7,2,0,0,0,0,0},{0,0,0,0,0,0,0,0,0},{0,0,0,0,0,0,0,0,0},{0,0,0,0,0,0,0,0,0},{0,0,0,0,0,0,0,0,0}}
]
02:04:27.158 [main] INFO  sudoku.model.SudokuBoard - Wartość 0 wstawiona nieprawidłowo
02:04:27.162 [main] INFO  sudoku.model.SudokuBoard - Bład w kwadracie 0
sudoku.model.SudokuBoard@722531ab[
  size=9
  solver=sudoku.model.BacktrackingSudokuSolver@8f57e4c
  board={{4,5,6,8,7,9,1,2,3},{7,9,8,1,2,3,4,5,6},{1,2,3,4,5,6,7,8,9},{8,3,2,5,1,4,6,9,7},{5,1,7,2,0,0,0,0,0},{0,0,0,0,0,0,0,0,0},{0,0,0,0,0,0,0,0,0},{0,0,0,0,0,0,0,0,0},{0,0,0,0,0,0,0,0,0}}
]
02:04:27.164 [main] INFO  sudoku.model.SudokuBoard - Wartość 0 wstawiona nieprawidłowo
02:04:27.166 [main] INFO  sudoku.model.SudokuBoard - Bład w kwadracie 0
sudoku.model.SudokuBoard@722531ab[
  size=9
  solver=sudoku.model.BacktrackingSudokuSolver@8f57e4c
  board={{4,5,6,8,7,9,1,2,3},{7,9,8,1,2,3,4,5,6},{1,2,3,4,5,6,7,8,9},{8,3,2,5,1,4,6,9,7},{5,1,7,2,9,8,3,0,0},{0,0,0,0,0,0,0,0,0},{0,0,0,0,0,0,0,0,0},{0,0,0,0,0,0,0,0,0},{0,0,0,0,0,0,0,0,0}}
]
02:04:27.176 [main] INFO  sudoku.model.SudokuBoard - Wartość 0 wstawiona nieprawidłowo
02:04:27.177 [main] INFO  sudoku.model.SudokuBoard - Bład w kwadracie 0
sudoku.model.SudokuBoard@722531ab[
  size=9
  solver=sudoku.model.BacktrackingSudokuSolver@8f57e4c
  board={{4,5,6,8,7,9,1,2,3},{7,9,8,1,2,3,4,5,6},{1,2,3,4,5,6,7,8,9},{8,3,2,5,1,4,6,9,7},{5,1,7,2,9,8,0,0,0},{0,0,0,0,0,0,0,0,0},{0,0,0,0,0,0,0,0,0},{0,0,0,0,0,0,0,0,0},{0,0,0,0,0,0,0,0,0}}
]
02:04:27.178 [main] INFO  sudoku.model.SudokuBoard - Wartość 0 wstawiona nieprawidłowo
02:04:27.178 [main] INFO  sudoku.model.SudokuBoard - Bład w kwadracie 0
sudoku.model.SudokuBoard@722531ab[
  size=9
  solver=sudoku.model.BacktrackingSudokuSolver@8f57e4c
  board={{4,5,6,8,7,9,1,2,3},{7,9,8,1,2,3,4,5,6},{1,2,3,4,5,6,7,8,9},{8,3,2,5,1,4,6,9,7},{5,1,7,2,9,0,0,0,0},{0,0,0,0,0,0,0,0,0},{0,0,0,0,0,0,0,0,0},{0,0,0,0,0,0,0,0,0},{0,0,0,0,0,0,0,0,0}}
]
02:04:27.178 [main] INFO  sudoku.model.SudokuBoard - Wartość 0 wstawiona nieprawidłowo
02:04:27.179 [main] INFO  sudoku.model.SudokuBoard - Bład w kwadracie 0
sudoku.model.SudokuBoard@722531ab[
  size=9
  solver=sudoku.model.BacktrackingSudokuSolver@8f57e4c
  board={{4,5,6,8,7,9,1,2,3},{7,9,8,1,2,3,4,5,6},{1,2,3,4,5,6,7,8,9},{8,3,2,5,1,4,6,9,7},{5,1,7,2,0,0,0,0,0},{0,0,0,0,0,0,0,0,0},{0,0,0,0,0,0,0,0,0},{0,0,0,0,0,0,0,0,0},{0,0,0,0,0,0,0,0,0}}
]
02:04:27.179 [main] INFO  sudoku.model.SudokuBoard - Wartość 0 wstawiona nieprawidłowo
02:04:27.179 [main] INFO  sudoku.model.SudokuBoard - Bład w kwadracie 0
sudoku.model.SudokuBoard@722531ab[
  size=9
  solver=sudoku.model.BacktrackingSudokuSolver@8f57e4c
  board={{4,5,6,8,7,9,1,2,3},{7,9,8,1,2,3,4,5,6},{1,2,3,4,5,6,7,8,9},{8,3,2,5,1,4,6,9,7},{5,1,7,2,3,0,0,0,0},{0,0,0,0,0,0,0,0,0},{0,0,0,0,0,0,0,0,0},{0,0,0,0,0,0,0,0,0},{0,0,0,0,0,0,0,0,0}}
]
02:04:27.179 [main] INFO  sudoku.model.SudokuBoard - Wartość 0 wstawiona nieprawidłowo
02:04:27.180 [main] INFO  sudoku.model.SudokuBoard - Bład w kwadracie 0
sudoku.model.SudokuBoard@722531ab[
  size=9
  solver=sudoku.model.BacktrackingSudokuSolver@8f57e4c
  board={{4,5,6,8,7,9,1,2,3},{7,9,8,1,2,3,4,5,6},{1,2,3,4,5,6,7,8,9},{8,3,2,5,1,4,6,9,7},{5,1,7,2,0,0,0,0,0},{0,0,0,0,0,0,0,0,0},{0,0,0,0,0,0,0,0,0},{0,0,0,0,0,0,0,0,0},{0,0,0,0,0,0,0,0,0}}
]
02:04:27.180 [main] INFO  sudoku.model.SudokuBoard - Wartość 0 wstawiona nieprawidłowo
02:04:27.180 [main] INFO  sudoku.model.SudokuBoard - Bład w kwadracie 0
sudoku.model.SudokuBoard@722531ab[
  size=9
  solver=sudoku.model.BacktrackingSudokuSolver@8f57e4c
  board={{4,5,6,8,7,9,1,2,3},{7,9,8,1,2,3,4,5,6},{1,2,3,4,5,6,7,8,9},{8,3,2,5,1,4,6,9,7},{5,1,7,0,0,0,0,0,0},{0,0,0,0,0,0,0,0,0},{0,0,0,0,0,0,0,0,0},{0,0,0,0,0,0,0,0,0},{0,0,0,0,0,0,0,0,0}}
]
02:04:27.180 [main] INFO  sudoku.model.SudokuBoard - Wartość 0 wstawiona nieprawidłowo
02:04:27.180 [main] INFO  sudoku.model.SudokuBoard - Bład w kwadracie 0
sudoku.model.SudokuBoard@722531ab[
  size=9
  solver=sudoku.model.BacktrackingSudokuSolver@8f57e4c
  board={{4,5,6,8,7,9,1,2,3},{7,9,8,1,2,3,4,5,6},{1,2,3,4,5,6,7,8,9},{8,3,2,5,1,4,6,9,7},{5,1,7,3,6,2,8,0,0},{0,0,0,0,0,0,0,0,0},{0,0,0,0,0,0,0,0,0},{0,0,0,0,0,0,0,0,0},{0,0,0,0,0,0,0,0,0}}
]
02:04:27.180 [main] INFO  sudoku.model.SudokuBoard - Wartość 0 wstawiona nieprawidłowo
02:04:27.181 [main] INFO  sudoku.model.SudokuBoard - Bład w kwadracie 0
sudoku.model.SudokuBoard@722531ab[
  size=9
  solver=sudoku.model.BacktrackingSudokuSolver@8f57e4c
  board={{4,5,6,8,7,9,1,2,3},{7,9,8,1,2,3,4,5,6},{1,2,3,4,5,6,7,8,9},{8,3,2,5,1,4,6,9,7},{5,1,7,3,6,2,0,0,0},{0,0,0,0,0,0,0,0,0},{0,0,0,0,0,0,0,0,0},{0,0,0,0,0,0,0,0,0},{0,0,0,0,0,0,0,0,0}}
]
02:04:27.182 [main] INFO  sudoku.model.SudokuBoard - Wartość 0 wstawiona nieprawidłowo
02:04:27.182 [main] INFO  sudoku.model.SudokuBoard - Bład w kwadracie 0
sudoku.model.SudokuBoard@722531ab[
  size=9
  solver=sudoku.model.BacktrackingSudokuSolver@8f57e4c
  board={{4,5,6,8,7,9,1,2,3},{7,9,8,1,2,3,4,5,6},{1,2,3,4,5,6,7,8,9},{8,3,2,5,1,4,6,9,7},{5,1,7,3,6,0,0,0,0},{0,0,0,0,0,0,0,0,0},{0,0,0,0,0,0,0,0,0},{0,0,0,0,0,0,0,0,0},{0,0,0,0,0,0,0,0,0}}
]
02:04:27.182 [main] INFO  sudoku.model.SudokuBoard - Wartość 0 wstawiona nieprawidłowo
02:04:27.185 [main] INFO  sudoku.model.SudokuBoard - Bład w kwadracie 0
sudoku.model.SudokuBoard@722531ab[
  size=9
  solver=sudoku.model.BacktrackingSudokuSolver@8f57e4c
  board={{4,5,6,8,7,9,1,2,3},{7,9,8,1,2,3,4,5,6},{1,2,3,4,5,6,7,8,9},{8,3,2,5,1,4,6,9,7},{5,1,7,3,6,8,2,0,0},{0,0,0,0,0,0,0,0,0},{0,0,0,0,0,0,0,0,0},{0,0,0,0,0,0,0,0,0},{0,0,0,0,0,0,0,0,0}}
]
02:04:27.185 [main] INFO  sudoku.model.SudokuBoard - Wartość 0 wstawiona nieprawidłowo
02:04:27.186 [main] INFO  sudoku.model.SudokuBoard - Bład w kwadracie 0
sudoku.model.SudokuBoard@722531ab[
  size=9
  solver=sudoku.model.BacktrackingSudokuSolver@8f57e4c
  board={{4,5,6,8,7,9,1,2,3},{7,9,8,1,2,3,4,5,6},{1,2,3,4,5,6,7,8,9},{8,3,2,5,1,4,6,9,7},{5,1,7,3,6,8,0,0,0},{0,0,0,0,0,0,0,0,0},{0,0,0,0,0,0,0,0,0},{0,0,0,0,0,0,0,0,0},{0,0,0,0,0,0,0,0,0}}
]
02:04:27.186 [main] INFO  sudoku.model.SudokuBoard - Wartość 0 wstawiona nieprawidłowo
02:04:27.186 [main] INFO  sudoku.model.SudokuBoard - Bład w kwadracie 0
sudoku.model.SudokuBoard@722531ab[
  size=9
  solver=sudoku.model.BacktrackingSudokuSolver@8f57e4c
  board={{4,5,6,8,7,9,1,2,3},{7,9,8,1,2,3,4,5,6},{1,2,3,4,5,6,7,8,9},{8,3,2,5,1,4,6,9,7},{5,1,7,3,6,0,0,0,0},{0,0,0,0,0,0,0,0,0},{0,0,0,0,0,0,0,0,0},{0,0,0,0,0,0,0,0,0},{0,0,0,0,0,0,0,0,0}}
]
02:04:27.186 [main] INFO  sudoku.model.SudokuBoard - Wartość 0 wstawiona nieprawidłowo
02:04:27.186 [main] INFO  sudoku.model.SudokuBoard - Bład w kwadracie 0
sudoku.model.SudokuBoard@722531ab[
  size=9
  solver=sudoku.model.BacktrackingSudokuSolver@8f57e4c
  board={{4,5,6,8,7,9,1,2,3},{7,9,8,1,2,3,4,5,6},{1,2,3,4,5,6,7,8,9},{8,3,2,5,1,4,6,9,7},{5,1,7,3,0,0,0,0,0},{0,0,0,0,0,0,0,0,0},{0,0,0,0,0,0,0,0,0},{0,0,0,0,0,0,0,0,0},{0,0,0,0,0,0,0,0,0}}
]
02:04:27.187 [main] INFO  sudoku.model.SudokuBoard - Wartość 0 wstawiona nieprawidłowo
02:04:27.187 [main] INFO  sudoku.model.SudokuBoard - Bład w kwadracie 0
sudoku.model.SudokuBoard@722531ab[
  size=9
  solver=sudoku.model.BacktrackingSudokuSolver@8f57e4c
  board={{4,5,6,8,7,9,1,2,3},{7,9,8,1,2,3,4,5,6},{1,2,3,4,5,6,7,8,9},{8,3,2,5,1,4,6,9,7},{5,1,7,3,8,0,0,0,0},{0,0,0,0,0,0,0,0,0},{0,0,0,0,0,0,0,0,0},{0,0,0,0,0,0,0,0,0},{0,0,0,0,0,0,0,0,0}}
]
02:04:27.187 [main] INFO  sudoku.model.SudokuBoard - Wartość 0 wstawiona nieprawidłowo
02:04:27.187 [main] INFO  sudoku.model.SudokuBoard - Bład w kwadracie 0
sudoku.model.SudokuBoard@722531ab[
  size=9
  solver=sudoku.model.BacktrackingSudokuSolver@8f57e4c
  board={{4,5,6,8,7,9,1,2,3},{7,9,8,1,2,3,4,5,6},{1,2,3,4,5,6,7,8,9},{8,3,2,5,1,4,6,9,7},{5,1,7,3,0,0,0,0,0},{0,0,0,0,0,0,0,0,0},{0,0,0,0,0,0,0,0,0},{0,0,0,0,0,0,0,0,0},{0,0,0,0,0,0,0,0,0}}
]
02:04:27.188 [main] INFO  sudoku.model.SudokuBoard - Wartość 0 wstawiona nieprawidłowo
02:04:27.188 [main] INFO  sudoku.model.SudokuBoard - Bład w kwadracie 0
sudoku.model.SudokuBoard@722531ab[
  size=9
  solver=sudoku.model.BacktrackingSudokuSolver@8f57e4c
  board={{4,5,6,8,7,9,1,2,3},{7,9,8,1,2,3,4,5,6},{1,2,3,4,5,6,7,8,9},{8,3,2,5,1,4,6,9,7},{5,1,7,3,9,2,8,0,0},{0,0,0,0,0,0,0,0,0},{0,0,0,0,0,0,0,0,0},{0,0,0,0,0,0,0,0,0},{0,0,0,0,0,0,0,0,0}}
]
02:04:27.188 [main] INFO  sudoku.model.SudokuBoard - Wartość 0 wstawiona nieprawidłowo
02:04:27.188 [main] INFO  sudoku.model.SudokuBoard - Bład w kwadracie 0
sudoku.model.SudokuBoard@722531ab[
  size=9
  solver=sudoku.model.BacktrackingSudokuSolver@8f57e4c
  board={{4,5,6,8,7,9,1,2,3},{7,9,8,1,2,3,4,5,6},{1,2,3,4,5,6,7,8,9},{8,3,2,5,1,4,6,9,7},{5,1,7,3,9,2,0,0,0},{0,0,0,0,0,0,0,0,0},{0,0,0,0,0,0,0,0,0},{0,0,0,0,0,0,0,0,0},{0,0,0,0,0,0,0,0,0}}
]
02:04:27.188 [main] INFO  sudoku.model.SudokuBoard - Wartość 0 wstawiona nieprawidłowo
02:04:27.189 [main] INFO  sudoku.model.SudokuBoard - Bład w kwadracie 0
sudoku.model.SudokuBoard@722531ab[
  size=9
  solver=sudoku.model.BacktrackingSudokuSolver@8f57e4c
  board={{4,5,6,8,7,9,1,2,3},{7,9,8,1,2,3,4,5,6},{1,2,3,4,5,6,7,8,9},{8,3,2,5,1,4,6,9,7},{5,1,7,3,9,0,0,0,0},{0,0,0,0,0,0,0,0,0},{0,0,0,0,0,0,0,0,0},{0,0,0,0,0,0,0,0,0},{0,0,0,0,0,0,0,0,0}}
]
02:04:27.189 [main] INFO  sudoku.model.SudokuBoard - Wartość 0 wstawiona nieprawidłowo
02:04:27.189 [main] INFO  sudoku.model.SudokuBoard - Bład w kwadracie 0
sudoku.model.SudokuBoard@722531ab[
  size=9
  solver=sudoku.model.BacktrackingSudokuSolver@8f57e4c
  board={{4,5,6,8,7,9,1,2,3},{7,9,8,1,2,3,4,5,6},{1,2,3,4,5,6,7,8,9},{8,3,2,5,1,4,6,9,7},{5,1,7,3,9,8,2,0,0},{0,0,0,0,0,0,0,0,0},{0,0,0,0,0,0,0,0,0},{0,0,0,0,0,0,0,0,0},{0,0,0,0,0,0,0,0,0}}
]
02:04:27.189 [main] INFO  sudoku.model.SudokuBoard - Wartość 0 wstawiona nieprawidłowo
02:04:27.189 [main] INFO  sudoku.model.SudokuBoard - Bład w kwadracie 0
sudoku.model.SudokuBoard@722531ab[
  size=9
  solver=sudoku.model.BacktrackingSudokuSolver@8f57e4c
  board={{4,5,6,8,7,9,1,2,3},{7,9,8,1,2,3,4,5,6},{1,2,3,4,5,6,7,8,9},{8,3,2,5,1,4,6,9,7},{5,1,7,3,9,8,0,0,0},{0,0,0,0,0,0,0,0,0},{0,0,0,0,0,0,0,0,0},{0,0,0,0,0,0,0,0,0},{0,0,0,0,0,0,0,0,0}}
]
02:04:27.189 [main] INFO  sudoku.model.SudokuBoard - Wartość 0 wstawiona nieprawidłowo
02:04:27.190 [main] INFO  sudoku.model.SudokuBoard - Bład w kwadracie 0
sudoku.model.SudokuBoard@722531ab[
  size=9
  solver=sudoku.model.BacktrackingSudokuSolver@8f57e4c
  board={{4,5,6,8,7,9,1,2,3},{7,9,8,1,2,3,4,5,6},{1,2,3,4,5,6,7,8,9},{8,3,2,5,1,4,6,9,7},{5,1,7,3,9,0,0,0,0},{0,0,0,0,0,0,0,0,0},{0,0,0,0,0,0,0,0,0},{0,0,0,0,0,0,0,0,0},{0,0,0,0,0,0,0,0,0}}
]
02:04:27.190 [main] INFO  sudoku.model.SudokuBoard - Wartość 0 wstawiona nieprawidłowo
02:04:27.192 [main] INFO  sudoku.model.SudokuBoard - Bład w kwadracie 0
sudoku.model.SudokuBoard@722531ab[
  size=9
  solver=sudoku.model.BacktrackingSudokuSolver@8f57e4c
  board={{4,5,6,8,7,9,1,2,3},{7,9,8,1,2,3,4,5,6},{1,2,3,4,5,6,7,8,9},{8,3,2,5,1,4,6,9,7},{5,1,7,3,0,0,0,0,0},{0,0,0,0,0,0,0,0,0},{0,0,0,0,0,0,0,0,0},{0,0,0,0,0,0,0,0,0},{0,0,0,0,0,0,0,0,0}}
]
02:04:27.192 [main] INFO  sudoku.model.SudokuBoard - Wartość 0 wstawiona nieprawidłowo
02:04:27.193 [main] INFO  sudoku.model.SudokuBoard - Bład w kwadracie 0
sudoku.model.SudokuBoard@722531ab[
  size=9
  solver=sudoku.model.BacktrackingSudokuSolver@8f57e4c
  board={{4,5,6,8,7,9,1,2,3},{7,9,8,1,2,3,4,5,6},{1,2,3,4,5,6,7,8,9},{8,3,2,5,1,4,6,9,7},{5,1,7,0,0,0,0,0,0},{0,0,0,0,0,0,0,0,0},{0,0,0,0,0,0,0,0,0},{0,0,0,0,0,0,0,0,0},{0,0,0,0,0,0,0,0,0}}
]
02:04:27.193 [main] INFO  sudoku.model.SudokuBoard - Wartość 0 wstawiona nieprawidłowo
02:04:27.194 [main] INFO  sudoku.model.SudokuBoard - Bład w kwadracie 0
sudoku.model.SudokuBoard@722531ab[
  size=9
  solver=sudoku.model.BacktrackingSudokuSolver@8f57e4c
  board={{4,5,6,8,7,9,1,2,3},{7,9,8,1,2,3,4,5,6},{1,2,3,4,5,6,7,8,9},{8,3,2,5,1,4,6,9,7},{5,1,7,6,8,2,3,0,0},{0,0,0,0,0,0,0,0,0},{0,0,0,0,0,0,0,0,0},{0,0,0,0,0,0,0,0,0},{0,0,0,0,0,0,0,0,0}}
]
02:04:27.195 [main] INFO  sudoku.model.SudokuBoard - Wartość 0 wstawiona nieprawidłowo
02:04:27.195 [main] INFO  sudoku.model.SudokuBoard - Bład w kwadracie 0
sudoku.model.SudokuBoard@722531ab[
  size=9
  solver=sudoku.model.BacktrackingSudokuSolver@8f57e4c
  board={{4,5,6,8,7,9,1,2,3},{7,9,8,1,2,3,4,5,6},{1,2,3,4,5,6,7,8,9},{8,3,2,5,1,4,6,9,7},{5,1,7,6,8,2,0,0,0},{0,0,0,0,0,0,0,0,0},{0,0,0,0,0,0,0,0,0},{0,0,0,0,0,0,0,0,0},{0,0,0,0,0,0,0,0,0}}
]
02:04:27.198 [main] INFO  sudoku.model.SudokuBoard - Wartość 0 wstawiona nieprawidłowo
02:04:27.198 [main] INFO  sudoku.model.SudokuBoard - Bład w kwadracie 0
sudoku.model.SudokuBoard@722531ab[
  size=9
  solver=sudoku.model.BacktrackingSudokuSolver@8f57e4c
  board={{4,5,6,8,7,9,1,2,3},{7,9,8,1,2,3,4,5,6},{1,2,3,4,5,6,7,8,9},{8,3,2,5,1,4,6,9,7},{5,1,7,6,8,0,0,0,0},{0,0,0,0,0,0,0,0,0},{0,0,0,0,0,0,0,0,0},{0,0,0,0,0,0,0,0,0},{0,0,0,0,0,0,0,0,0}}
]
02:04:27.199 [main] INFO  sudoku.model.SudokuBoard - Wartość 0 wstawiona nieprawidłowo
02:04:27.199 [main] INFO  sudoku.model.SudokuBoard - Bład w kwadracie 0
sudoku.model.SudokuBoard@722531ab[
  size=9
  solver=sudoku.model.BacktrackingSudokuSolver@8f57e4c
  board={{4,5,6,8,7,9,1,2,3},{7,9,8,1,2,3,4,5,6},{1,2,3,4,5,6,7,8,9},{8,3,2,5,1,4,6,9,7},{5,1,7,6,0,0,0,0,0},{0,0,0,0,0,0,0,0,0},{0,0,0,0,0,0,0,0,0},{0,0,0,0,0,0,0,0,0},{0,0,0,0,0,0,0,0,0}}
]
02:04:27.199 [main] INFO  sudoku.model.SudokuBoard - Wartość 0 wstawiona nieprawidłowo
02:04:27.199 [main] INFO  sudoku.model.SudokuBoard - Bład w kwadracie 0
sudoku.model.SudokuBoard@722531ab[
  size=9
  solver=sudoku.model.BacktrackingSudokuSolver@8f57e4c
  board={{4,5,6,8,7,9,1,2,3},{7,9,8,1,2,3,4,5,6},{1,2,3,4,5,6,7,8,9},{8,3,2,5,1,4,6,9,7},{5,1,7,6,9,2,3,4,8},{6,4,9,7,3,8,2,1,5},{9,6,4,2,8,0,0,0,0},{0,0,0,0,0,0,0,0,0},{0,0,0,0,0,0,0,0,0}}
]
02:04:27.199 [main] INFO  sudoku.model.SudokuBoard - Wartość 0 wstawiona nieprawidłowo
02:04:27.200 [main] INFO  sudoku.model.SudokuBoard - Bład w kwadracie 0
sudoku.model.SudokuBoard@722531ab[
  size=9
  solver=sudoku.model.BacktrackingSudokuSolver@8f57e4c
  board={{4,5,6,8,7,9,1,2,3},{7,9,8,1,2,3,4,5,6},{1,2,3,4,5,6,7,8,9},{8,3,2,5,1,4,6,9,7},{5,1,7,6,9,2,3,4,8},{6,4,9,7,3,8,2,1,5},{9,6,4,2,8,7,5,3,1},{2,7,1,9,4,5,8,0,0},{0,0,0,0,0,0,0,0,0}}
]
02:04:27.201 [main] INFO  sudoku.model.SudokuBoard - Wartość 0 wstawiona nieprawidłowo
02:04:27.201 [main] INFO  sudoku.model.SudokuBoard - Bład w kwadracie 0
sudoku.model.SudokuBoard@722531ab[
  size=9
  solver=sudoku.model.BacktrackingSudokuSolver@8f57e4c
  board={{4,5,6,8,7,9,1,2,3},{7,9,8,1,2,3,4,5,6},{1,2,3,4,5,6,7,8,9},{8,3,2,5,1,4,6,9,7},{5,1,7,6,9,2,3,4,8},{6,4,9,7,3,8,2,1,5},{9,6,4,2,8,7,5,3,1},{2,7,1,9,4,5,0,0,0},{0,0,0,0,0,0,0,0,0}}
]
02:04:27.202 [main] INFO  sudoku.model.SudokuBoard - Wartość 0 wstawiona nieprawidłowo
02:04:27.202 [main] INFO  sudoku.model.SudokuBoard - Bład w kwadracie 0
sudoku.model.SudokuBoard@722531ab[
  size=9
  solver=sudoku.model.BacktrackingSudokuSolver@8f57e4c
  board={{4,5,6,8,7,9,1,2,3},{7,9,8,1,2,3,4,5,6},{1,2,3,4,5,6,7,8,9},{8,3,2,5,1,4,6,9,7},{5,1,7,6,9,2,3,4,8},{6,4,9,7,3,8,2,1,5},{9,6,4,2,8,7,5,3,1},{2,7,1,9,4,0,0,0,0},{0,0,0,0,0,0,0,0,0}}
]
02:04:27.202 [main] INFO  sudoku.model.SudokuBoard - Wartość 0 wstawiona nieprawidłowo
02:04:27.202 [main] INFO  sudoku.model.SudokuBoard - Bład w kwadracie 0
sudoku.model.SudokuBoard@722531ab[
  size=9
  solver=sudoku.model.BacktrackingSudokuSolver@8f57e4c
  board={{4,5,6,8,7,9,1,2,3},{7,9,8,1,2,3,4,5,6},{1,2,3,4,5,6,7,8,9},{8,3,2,5,1,4,6,9,7},{5,1,7,6,9,2,3,4,8},{6,4,9,7,3,8,2,1,5},{9,6,4,2,8,7,5,3,1},{2,7,1,9,0,0,0,0,0},{0,0,0,0,0,0,0,0,0}}
]
02:04:27.202 [main] INFO  sudoku.model.SudokuBoard - Wartość 0 wstawiona nieprawidłowo
02:04:27.215 [main] INFO  sudoku.model.SudokuBoard - Bład w kwadracie 0
sudoku.model.SudokuBoard@722531ab[
  size=9
  solver=sudoku.model.BacktrackingSudokuSolver@8f57e4c
  board={{4,5,6,8,7,9,1,2,3},{7,9,8,1,2,3,4,5,6},{1,2,3,4,5,6,7,8,9},{8,3,2,5,1,4,6,9,7},{5,1,7,6,9,2,3,4,8},{6,4,9,7,3,8,2,1,5},{9,6,4,2,8,7,5,3,1},{2,7,1,9,6,5,0,0,0},{0,0,0,0,0,0,0,0,0}}
]
02:04:27.216 [main] INFO  sudoku.model.SudokuBoard - Wartość 0 wstawiona nieprawidłowo
02:04:27.218 [main] INFO  sudoku.model.SudokuBoard - Bład w kwadracie 0
sudoku.model.SudokuBoard@722531ab[
  size=9
  solver=sudoku.model.BacktrackingSudokuSolver@8f57e4c
  board={{4,5,6,8,7,9,1,2,3},{7,9,8,1,2,3,4,5,6},{1,2,3,4,5,6,7,8,9},{8,3,2,5,1,4,6,9,7},{5,1,7,6,9,2,3,4,8},{6,4,9,7,3,8,2,1,5},{9,6,4,2,8,7,5,3,1},{2,7,1,9,6,0,0,0,0},{0,0,0,0,0,0,0,0,0}}
]
02:04:27.218 [main] INFO  sudoku.model.SudokuBoard - Wartość 0 wstawiona nieprawidłowo
02:04:27.218 [main] INFO  sudoku.model.SudokuBoard - Bład w kwadracie 0
sudoku.model.SudokuBoard@722531ab[
  size=9
  solver=sudoku.model.BacktrackingSudokuSolver@8f57e4c
  board={{4,5,6,8,7,9,1,2,3},{7,9,8,1,2,3,4,5,6},{1,2,3,4,5,6,7,8,9},{8,3,2,5,1,4,6,9,7},{5,1,7,6,9,2,3,4,8},{6,4,9,7,3,8,2,1,5},{9,6,4,2,8,7,5,3,1},{2,7,1,9,0,0,0,0,0},{0,0,0,0,0,0,0,0,0}}
]
02:04:27.218 [main] INFO  sudoku.model.SudokuBoard - Wartość 0 wstawiona nieprawidłowo
02:04:27.218 [main] INFO  sudoku.model.SudokuBoard - Bład w kwadracie 0
sudoku.model.SudokuBoard@722531ab[
  size=9
  solver=sudoku.model.BacktrackingSudokuSolver@8f57e4c
  board={{4,5,6,8,7,9,1,2,3},{7,9,8,1,2,3,4,5,6},{1,2,3,4,5,6,7,8,9},{8,3,2,5,1,4,6,9,7},{5,1,7,6,9,2,3,4,8},{6,4,9,7,3,8,2,1,5},{9,6,4,2,8,7,5,3,1},{2,7,1,0,0,0,0,0,0},{0,0,0,0,0,0,0,0,0}}
]
02:04:27.218 [main] INFO  sudoku.model.SudokuBoard - Wartość 0 wstawiona nieprawidłowo
02:04:27.219 [main] INFO  sudoku.model.SudokuBoard - Bład w kwadracie 0
sudoku.model.SudokuBoard@722531ab[
  size=9
  solver=sudoku.model.BacktrackingSudokuSolver@8f57e4c
  board={{4,5,6,8,7,9,1,2,3},{7,9,8,1,2,3,4,5,6},{1,2,3,4,5,6,7,8,9},{8,3,2,5,1,4,6,9,7},{5,1,7,6,9,2,3,4,8},{6,4,9,7,3,8,2,1,5},{9,6,4,2,8,7,5,3,1},{2,7,1,3,4,5,8,0,0},{0,0,0,0,0,0,0,0,0}}
]
02:04:27.219 [main] INFO  sudoku.model.SudokuBoard - Wartość 0 wstawiona nieprawidłowo
02:04:27.219 [main] INFO  sudoku.model.SudokuBoard - Bład w kwadracie 0
sudoku.model.SudokuBoard@722531ab[
  size=9
  solver=sudoku.model.BacktrackingSudokuSolver@8f57e4c
  board={{4,5,6,8,7,9,1,2,3},{7,9,8,1,2,3,4,5,6},{1,2,3,4,5,6,7,8,9},{8,3,2,5,1,4,6,9,7},{5,1,7,6,9,2,3,4,8},{6,4,9,7,3,8,2,1,5},{9,6,4,2,8,7,5,3,1},{2,7,1,3,4,5,0,0,0},{0,0,0,0,0,0,0,0,0}}
]
02:04:27.219 [main] INFO  sudoku.model.SudokuBoard - Wartość 0 wstawiona nieprawidłowo
02:04:27.219 [main] INFO  sudoku.model.SudokuBoard - Bład w kwadracie 0
sudoku.model.SudokuBoard@722531ab[
  size=9
  solver=sudoku.model.BacktrackingSudokuSolver@8f57e4c
  board={{4,5,6,8,7,9,1,2,3},{7,9,8,1,2,3,4,5,6},{1,2,3,4,5,6,7,8,9},{8,3,2,5,1,4,6,9,7},{5,1,7,6,9,2,3,4,8},{6,4,9,7,3,8,2,1,5},{9,6,4,2,8,7,5,3,1},{2,7,1,3,4,5,9,0,0},{0,0,0,0,0,0,0,0,0}}
]
02:04:27.221 [main] INFO  sudoku.model.SudokuBoard - Wartość 0 wstawiona nieprawidłowo
02:04:27.222 [main] INFO  sudoku.model.SudokuBoard - Bład w kwadracie 0
sudoku.model.SudokuBoard@722531ab[
  size=9
  solver=sudoku.model.BacktrackingSudokuSolver@8f57e4c
  board={{4,5,6,8,7,9,1,2,3},{7,9,8,1,2,3,4,5,6},{1,2,3,4,5,6,7,8,9},{8,3,2,5,1,4,6,9,7},{5,1,7,6,9,2,3,4,8},{6,4,9,7,3,8,2,1,5},{9,6,4,2,8,7,5,3,1},{2,7,1,3,4,5,0,0,0},{0,0,0,0,0,0,0,0,0}}
]
02:04:27.222 [main] INFO  sudoku.model.SudokuBoard - Wartość 0 wstawiona nieprawidłowo
02:04:27.222 [main] INFO  sudoku.model.SudokuBoard - Bład w kwadracie 0
sudoku.model.SudokuBoard@722531ab[
  size=9
  solver=sudoku.model.BacktrackingSudokuSolver@8f57e4c
  board={{4,5,6,8,7,9,1,2,3},{7,9,8,1,2,3,4,5,6},{1,2,3,4,5,6,7,8,9},{8,3,2,5,1,4,6,9,7},{5,1,7,6,9,2,3,4,8},{6,4,9,7,3,8,2,1,5},{9,6,4,2,8,7,5,3,1},{2,7,1,3,4,0,0,0,0},{0,0,0,0,0,0,0,0,0}}
]
02:04:27.222 [main] INFO  sudoku.model.SudokuBoard - Wartość 0 wstawiona nieprawidłowo
02:04:27.223 [main] INFO  sudoku.model.SudokuBoard - Bład w kwadracie 0
sudoku.model.SudokuBoard@722531ab[
  size=9
  solver=sudoku.model.BacktrackingSudokuSolver@8f57e4c
  board={{4,5,6,8,7,9,1,2,3},{7,9,8,1,2,3,4,5,6},{1,2,3,4,5,6,7,8,9},{8,3,2,5,1,4,6,9,7},{5,1,7,6,9,2,3,4,8},{6,4,9,7,3,8,2,1,5},{9,6,4,2,8,7,5,3,1},{2,7,1,3,0,0,0,0,0},{0,0,0,0,0,0,0,0,0}}
]
02:04:27.223 [main] INFO  sudoku.model.SudokuBoard - Wartość 0 wstawiona nieprawidłowo
02:04:27.223 [main] INFO  sudoku.model.SudokuBoard - Bład w kwadracie 0
sudoku.model.SudokuBoard@722531ab[
  size=9
  solver=sudoku.model.BacktrackingSudokuSolver@8f57e4c
  board={{4,5,6,8,7,9,1,2,3},{7,9,8,1,2,3,4,5,6},{1,2,3,4,5,6,7,8,9},{8,3,2,5,1,4,6,9,7},{5,1,7,6,9,2,3,4,8},{6,4,9,7,3,8,2,1,5},{9,6,4,2,8,7,5,3,1},{2,7,1,3,6,5,0,0,0},{0,0,0,0,0,0,0,0,0}}
]
02:04:27.223 [main] INFO  sudoku.model.SudokuBoard - Wartość 0 wstawiona nieprawidłowo
02:04:27.223 [main] INFO  sudoku.model.SudokuBoard - Bład w kwadracie 0
sudoku.model.SudokuBoard@722531ab[
  size=9
  solver=sudoku.model.BacktrackingSudokuSolver@8f57e4c
  board={{4,5,6,8,7,9,1,2,3},{7,9,8,1,2,3,4,5,6},{1,2,3,4,5,6,7,8,9},{8,3,2,5,1,4,6,9,7},{5,1,7,6,9,2,3,4,8},{6,4,9,7,3,8,2,1,5},{9,6,4,2,8,7,5,3,1},{2,7,1,3,6,5,0,0,0},{0,0,0,0,0,0,0,0,0}}
]
02:04:27.224 [main] INFO  sudoku.model.SudokuBoard - Wartość 0 wstawiona nieprawidłowo
02:04:27.225 [main] INFO  sudoku.model.SudokuBoard - Bład w kwadracie 0
sudoku.model.SudokuBoard@722531ab[
  size=9
  solver=sudoku.model.BacktrackingSudokuSolver@8f57e4c
  board={{4,5,6,8,7,9,1,2,3},{7,9,8,1,2,3,4,5,6},{1,2,3,4,5,6,7,8,9},{8,3,2,5,1,4,6,9,7},{5,1,7,6,9,2,3,4,8},{6,4,9,7,3,8,2,1,5},{9,6,4,2,8,7,5,3,1},{2,7,1,3,6,0,0,0,0},{0,0,0,0,0,0,0,0,0}}
]
02:04:27.225 [main] INFO  sudoku.model.SudokuBoard - Wartość 0 wstawiona nieprawidłowo
02:04:27.226 [main] INFO  sudoku.model.SudokuBoard - Bład w kwadracie 0
sudoku.model.SudokuBoard@722531ab[
  size=9
  solver=sudoku.model.BacktrackingSudokuSolver@8f57e4c
  board={{4,5,6,8,7,9,1,2,3},{7,9,8,1,2,3,4,5,6},{1,2,3,4,5,6,7,8,9},{8,3,2,5,1,4,6,9,7},{5,1,7,6,9,2,3,4,8},{6,4,9,7,3,8,2,1,5},{9,6,4,2,8,7,5,3,1},{2,7,1,3,0,0,0,0,0},{0,0,0,0,0,0,0,0,0}}
]
02:04:27.226 [main] INFO  sudoku.model.SudokuBoard - Wartość 0 wstawiona nieprawidłowo
02:04:27.226 [main] INFO  sudoku.model.SudokuBoard - Bład w kwadracie 0
sudoku.model.SudokuBoard@722531ab[
  size=9
  solver=sudoku.model.BacktrackingSudokuSolver@8f57e4c
  board={{4,5,6,8,7,9,1,2,3},{7,9,8,1,2,3,4,5,6},{1,2,3,4,5,6,7,8,9},{8,3,2,5,1,4,6,9,7},{5,1,7,6,9,2,3,4,8},{6,4,9,7,3,8,2,1,5},{9,6,4,2,8,7,5,3,1},{2,7,1,0,0,0,0,0,0},{0,0,0,0,0,0,0,0,0}}
]
02:04:27.226 [main] INFO  sudoku.model.SudokuBoard - Wartość 0 wstawiona nieprawidłowo
02:04:27.248 [main] INFO  sudoku.model.SudokuBoard - Bład w kwadracie 0
sudoku.model.SudokuBoard@722531ab[
  size=9
  solver=sudoku.model.BacktrackingSudokuSolver@8f57e4c
  board={{4,5,6,8,7,9,1,2,3},{7,9,8,1,2,3,4,5,6},{1,2,3,4,5,6,7,8,9},{8,3,2,5,1,4,6,9,7},{5,1,7,6,9,2,3,4,8},{6,4,9,7,3,8,2,1,5},{9,6,4,2,8,7,5,3,1},{2,7,0,0,0,0,0,0,0},{0,0,0,0,0,0,0,0,0}}
]
02:04:27.248 [main] INFO  sudoku.model.SudokuBoard - Wartość 0 wstawiona nieprawidłowo
02:04:27.252 [main] INFO  sudoku.model.SudokuBoard - Bład w kwadracie 0
sudoku.model.SudokuBoard@722531ab[
  size=9
  solver=sudoku.model.BacktrackingSudokuSolver@8f57e4c
  board={{4,5,6,8,7,9,1,2,3},{7,9,8,1,2,3,4,5,6},{1,2,3,4,5,6,7,8,9},{8,3,2,5,1,4,6,9,7},{5,1,7,6,9,2,3,4,8},{6,4,9,7,3,8,2,1,5},{9,6,4,2,8,7,5,3,1},{2,7,5,9,4,1,8,0,0},{0,0,0,0,0,0,0,0,0}}
]
02:04:27.252 [main] INFO  sudoku.model.SudokuBoard - Wartość 0 wstawiona nieprawidłowo
02:04:27.253 [main] INFO  sudoku.model.SudokuBoard - Bład w kwadracie 0
sudoku.model.SudokuBoard@722531ab[
  size=9
  solver=sudoku.model.BacktrackingSudokuSolver@8f57e4c
  board={{4,5,6,8,7,9,1,2,3},{7,9,8,1,2,3,4,5,6},{1,2,3,4,5,6,7,8,9},{8,3,2,5,1,4,6,9,7},{5,1,7,6,9,2,3,4,8},{6,4,9,7,3,8,2,1,5},{9,6,4,2,8,7,5,3,1},{2,7,5,9,4,1,0,0,0},{0,0,0,0,0,0,0,0,0}}
]
02:04:27.253 [main] INFO  sudoku.model.SudokuBoard - Wartość 0 wstawiona nieprawidłowo
02:04:27.253 [main] INFO  sudoku.model.SudokuBoard - Bład w kwadracie 0
sudoku.model.SudokuBoard@722531ab[
  size=9
  solver=sudoku.model.BacktrackingSudokuSolver@8f57e4c
  board={{4,5,6,8,7,9,1,2,3},{7,9,8,1,2,3,4,5,6},{1,2,3,4,5,6,7,8,9},{8,3,2,5,1,4,6,9,7},{5,1,7,6,9,2,3,4,8},{6,4,9,7,3,8,2,1,5},{9,6,4,2,8,7,5,3,1},{2,7,5,9,4,0,0,0,0},{0,0,0,0,0,0,0,0,0}}
]
02:04:27.253 [main] INFO  sudoku.model.SudokuBoard - Wartość 0 wstawiona nieprawidłowo
02:04:27.254 [main] INFO  sudoku.model.SudokuBoard - Bład w kwadracie 0
sudoku.model.SudokuBoard@722531ab[
  size=9
  solver=sudoku.model.BacktrackingSudokuSolver@8f57e4c
  board={{4,5,6,8,7,9,1,2,3},{7,9,8,1,2,3,4,5,6},{1,2,3,4,5,6,7,8,9},{8,3,2,5,1,4,6,9,7},{5,1,7,6,9,2,3,4,8},{6,4,9,7,3,8,2,1,5},{9,6,4,2,8,7,5,3,1},{2,7,5,9,0,0,0,0,0},{0,0,0,0,0,0,0,0,0}}
]
02:04:27.254 [main] INFO  sudoku.model.SudokuBoard - Wartość 0 wstawiona nieprawidłowo
02:04:27.254 [main] INFO  sudoku.model.SudokuBoard - Bład w kwadracie 0
sudoku.model.SudokuBoard@722531ab[
  size=9
  solver=sudoku.model.BacktrackingSudokuSolver@8f57e4c
  board={{4,5,6,8,7,9,1,2,3},{7,9,8,1,2,3,4,5,6},{1,2,3,4,5,6,7,8,9},{8,3,2,5,1,4,6,9,7},{5,1,7,6,9,2,3,4,8},{6,4,9,7,3,8,2,1,5},{9,6,4,2,8,7,5,3,1},{2,7,5,9,6,1,0,0,0},{0,0,0,0,0,0,0,0,0}}
]
02:04:27.254 [main] INFO  sudoku.model.SudokuBoard - Wartość 0 wstawiona nieprawidłowo
02:04:27.255 [main] INFO  sudoku.model.SudokuBoard - Bład w kwadracie 0
sudoku.model.SudokuBoard@722531ab[
  size=9
  solver=sudoku.model.BacktrackingSudokuSolver@8f57e4c
  board={{4,5,6,8,7,9,1,2,3},{7,9,8,1,2,3,4,5,6},{1,2,3,4,5,6,7,8,9},{8,3,2,5,1,4,6,9,7},{5,1,7,6,9,2,3,4,8},{6,4,9,7,3,8,2,1,5},{9,6,4,2,8,7,5,3,1},{2,7,5,9,6,0,0,0,0},{0,0,0,0,0,0,0,0,0}}
]
02:04:27.255 [main] INFO  sudoku.model.SudokuBoard - Wartość 0 wstawiona nieprawidłowo
02:04:27.255 [main] INFO  sudoku.model.SudokuBoard - Bład w kwadracie 0
sudoku.model.SudokuBoard@722531ab[
  size=9
  solver=sudoku.model.BacktrackingSudokuSolver@8f57e4c
  board={{4,5,6,8,7,9,1,2,3},{7,9,8,1,2,3,4,5,6},{1,2,3,4,5,6,7,8,9},{8,3,2,5,1,4,6,9,7},{5,1,7,6,9,2,3,4,8},{6,4,9,7,3,8,2,1,5},{9,6,4,2,8,7,5,3,1},{2,7,5,9,0,0,0,0,0},{0,0,0,0,0,0,0,0,0}}
]
02:04:27.255 [main] INFO  sudoku.model.SudokuBoard - Wartość 0 wstawiona nieprawidłowo
02:04:27.256 [main] INFO  sudoku.model.SudokuBoard - Bład w kwadracie 0
sudoku.model.SudokuBoard@722531ab[
  size=9
  solver=sudoku.model.BacktrackingSudokuSolver@8f57e4c
  board={{4,5,6,8,7,9,1,2,3},{7,9,8,1,2,3,4,5,6},{1,2,3,4,5,6,7,8,9},{8,3,2,5,1,4,6,9,7},{5,1,7,6,9,2,3,4,8},{6,4,9,7,3,8,2,1,5},{9,6,4,2,8,7,5,3,1},{2,7,5,0,0,0,0,0,0},{0,0,0,0,0,0,0,0,0}}
]
02:04:27.256 [main] INFO  sudoku.model.SudokuBoard - Wartość 0 wstawiona nieprawidłowo
02:04:27.256 [main] INFO  sudoku.model.SudokuBoard - Bład w kwadracie 0
sudoku.model.SudokuBoard@722531ab[
  size=9
  solver=sudoku.model.BacktrackingSudokuSolver@8f57e4c
  board={{4,5,6,8,7,9,1,2,3},{7,9,8,1,2,3,4,5,6},{1,2,3,4,5,6,7,8,9},{8,3,2,5,1,4,6,9,7},{5,1,7,6,9,2,3,4,8},{6,4,9,7,3,8,2,1,5},{9,6,4,2,8,7,5,3,1},{2,7,5,3,6,1,0,0,0},{0,0,0,0,0,0,0,0,0}}
]
02:04:27.256 [main] INFO  sudoku.model.SudokuBoard - Wartość 0 wstawiona nieprawidłowo
02:04:27.256 [main] INFO  sudoku.model.SudokuBoard - Bład w kwadracie 0
sudoku.model.SudokuBoard@722531ab[
  size=9
  solver=sudoku.model.BacktrackingSudokuSolver@8f57e4c
  board={{4,5,6,8,7,9,1,2,3},{7,9,8,1,2,3,4,5,6},{1,2,3,4,5,6,7,8,9},{8,3,2,5,1,4,6,9,7},{5,1,7,6,9,2,3,4,8},{6,4,9,7,3,8,2,1,5},{9,6,4,2,8,7,5,3,1},{2,7,5,3,6,1,0,0,0},{0,0,0,0,0,0,0,0,0}}
]
02:04:27.256 [main] INFO  sudoku.model.SudokuBoard - Wartość 0 wstawiona nieprawidłowo
02:04:27.259 [main] INFO  sudoku.model.SudokuBoard - Bład w kwadracie 0
sudoku.model.SudokuBoard@722531ab[
  size=9
  solver=sudoku.model.BacktrackingSudokuSolver@8f57e4c
  board={{4,5,6,8,7,9,1,2,3},{7,9,8,1,2,3,4,5,6},{1,2,3,4,5,6,7,8,9},{8,3,2,5,1,4,6,9,7},{5,1,7,6,9,2,3,4,8},{6,4,9,7,3,8,2,1,5},{9,6,4,2,8,7,5,3,1},{2,7,5,3,6,0,0,0,0},{0,0,0,0,0,0,0,0,0}}
]
02:04:27.260 [main] INFO  sudoku.model.SudokuBoard - Wartość 0 wstawiona nieprawidłowo
02:04:27.260 [main] INFO  sudoku.model.SudokuBoard - Bład w kwadracie 0
sudoku.model.SudokuBoard@722531ab[
  size=9
  solver=sudoku.model.BacktrackingSudokuSolver@8f57e4c
  board={{4,5,6,8,7,9,1,2,3},{7,9,8,1,2,3,4,5,6},{1,2,3,4,5,6,7,8,9},{8,3,2,5,1,4,6,9,7},{5,1,7,6,9,2,3,4,8},{6,4,9,7,3,8,2,1,5},{9,6,4,2,8,7,5,3,1},{2,7,5,3,0,0,0,0,0},{0,0,0,0,0,0,0,0,0}}
]
02:04:27.261 [main] INFO  sudoku.model.SudokuBoard - Wartość 0 wstawiona nieprawidłowo
02:04:27.262 [main] INFO  sudoku.model.SudokuBoard - Bład w kwadracie 0
sudoku.model.SudokuBoard@722531ab[
  size=9
  solver=sudoku.model.BacktrackingSudokuSolver@8f57e4c
  board={{4,5,6,8,7,9,1,2,3},{7,9,8,1,2,3,4,5,6},{1,2,3,4,5,6,7,8,9},{8,3,2,5,1,4,6,9,7},{5,1,7,6,9,2,3,4,8},{6,4,9,7,3,8,2,1,5},{9,6,4,2,8,7,5,3,1},{2,7,5,3,4,1,8,0,0},{0,0,0,0,0,0,0,0,0}}
]
02:04:27.262 [main] INFO  sudoku.model.SudokuBoard - Wartość 0 wstawiona nieprawidłowo
02:04:27.262 [main] INFO  sudoku.model.SudokuBoard - Bład w kwadracie 0
sudoku.model.SudokuBoard@722531ab[
  size=9
  solver=sudoku.model.BacktrackingSudokuSolver@8f57e4c
  board={{4,5,6,8,7,9,1,2,3},{7,9,8,1,2,3,4,5,6},{1,2,3,4,5,6,7,8,9},{8,3,2,5,1,4,6,9,7},{5,1,7,6,9,2,3,4,8},{6,4,9,7,3,8,2,1,5},{9,6,4,2,8,7,5,3,1},{2,7,5,3,4,1,0,0,0},{0,0,0,0,0,0,0,0,0}}
]
02:04:27.262 [main] INFO  sudoku.model.SudokuBoard - Wartość 0 wstawiona nieprawidłowo
02:04:27.263 [main] INFO  sudoku.model.SudokuBoard - Bład w kwadracie 0
sudoku.model.SudokuBoard@722531ab[
  size=9
  solver=sudoku.model.BacktrackingSudokuSolver@8f57e4c
  board={{4,5,6,8,7,9,1,2,3},{7,9,8,1,2,3,4,5,6},{1,2,3,4,5,6,7,8,9},{8,3,2,5,1,4,6,9,7},{5,1,7,6,9,2,3,4,8},{6,4,9,7,3,8,2,1,5},{9,6,4,2,8,7,5,3,1},{2,7,5,3,4,1,9,0,0},{0,0,0,0,0,0,0,0,0}}
]
02:04:27.263 [main] INFO  sudoku.model.SudokuBoard - Wartość 0 wstawiona nieprawidłowo
02:04:27.263 [main] INFO  sudoku.model.SudokuBoard - Bład w kwadracie 0
sudoku.model.SudokuBoard@722531ab[
  size=9
  solver=sudoku.model.BacktrackingSudokuSolver@8f57e4c
  board={{4,5,6,8,7,9,1,2,3},{7,9,8,1,2,3,4,5,6},{1,2,3,4,5,6,7,8,9},{8,3,2,5,1,4,6,9,7},{5,1,7,6,9,2,3,4,8},{6,4,9,7,3,8,2,1,5},{9,6,4,2,8,7,5,3,1},{2,7,5,3,4,1,0,0,0},{0,0,0,0,0,0,0,0,0}}
]
02:04:27.263 [main] INFO  sudoku.model.SudokuBoard - Wartość 0 wstawiona nieprawidłowo
02:04:27.264 [main] INFO  sudoku.model.SudokuBoard - Bład w kwadracie 0
sudoku.model.SudokuBoard@722531ab[
  size=9
  solver=sudoku.model.BacktrackingSudokuSolver@8f57e4c
  board={{4,5,6,8,7,9,1,2,3},{7,9,8,1,2,3,4,5,6},{1,2,3,4,5,6,7,8,9},{8,3,2,5,1,4,6,9,7},{5,1,7,6,9,2,3,4,8},{6,4,9,7,3,8,2,1,5},{9,6,4,2,8,7,5,3,1},{2,7,5,3,4,0,0,0,0},{0,0,0,0,0,0,0,0,0}}
]
02:04:27.264 [main] INFO  sudoku.model.SudokuBoard - Wartość 0 wstawiona nieprawidłowo
02:04:27.264 [main] INFO  sudoku.model.SudokuBoard - Bład w kwadracie 0
sudoku.model.SudokuBoard@722531ab[
  size=9
  solver=sudoku.model.BacktrackingSudokuSolver@8f57e4c
  board={{4,5,6,8,7,9,1,2,3},{7,9,8,1,2,3,4,5,6},{1,2,3,4,5,6,7,8,9},{8,3,2,5,1,4,6,9,7},{5,1,7,6,9,2,3,4,8},{6,4,9,7,3,8,2,1,5},{9,6,4,2,8,7,5,3,1},{2,7,5,3,0,0,0,0,0},{0,0,0,0,0,0,0,0,0}}
]
02:04:27.264 [main] INFO  sudoku.model.SudokuBoard - Wartość 0 wstawiona nieprawidłowo
02:04:27.264 [main] INFO  sudoku.model.SudokuBoard - Bład w kwadracie 0
sudoku.model.SudokuBoard@722531ab[
  size=9
  solver=sudoku.model.BacktrackingSudokuSolver@8f57e4c
  board={{4,5,6,8,7,9,1,2,3},{7,9,8,1,2,3,4,5,6},{1,2,3,4,5,6,7,8,9},{8,3,2,5,1,4,6,9,7},{5,1,7,6,9,2,3,4,8},{6,4,9,7,3,8,2,1,5},{9,6,4,2,8,7,5,3,1},{2,7,5,0,0,0,0,0,0},{0,0,0,0,0,0,0,0,0}}
]
02:04:27.264 [main] INFO  sudoku.model.SudokuBoard - Wartość 0 wstawiona nieprawidłowo
02:04:27.265 [main] INFO  sudoku.model.SudokuBoard - Bład w kwadracie 0
sudoku.model.SudokuBoard@722531ab[
  size=9
  solver=sudoku.model.BacktrackingSudokuSolver@8f57e4c
  board={{4,5,6,8,7,9,1,2,3},{7,9,8,1,2,3,4,5,6},{1,2,3,4,5,6,7,8,9},{8,3,2,5,1,4,6,9,7},{5,1,7,6,9,2,3,4,8},{6,4,9,7,3,8,2,1,5},{9,6,4,2,8,7,5,3,1},{2,7,0,0,0,0,0,0,0},{0,0,0,0,0,0,0,0,0}}
]
02:04:27.265 [main] INFO  sudoku.model.SudokuBoard - Wartość 0 wstawiona nieprawidłowo
02:04:27.265 [main] INFO  sudoku.model.SudokuBoard - Bład w kwadracie 0
sudoku.model.SudokuBoard@722531ab[
  size=9
  solver=sudoku.model.BacktrackingSudokuSolver@8f57e4c
  board={{4,5,6,8,7,9,1,2,3},{7,9,8,1,2,3,4,5,6},{1,2,3,4,5,6,7,8,9},{8,3,2,5,1,4,6,9,7},{5,1,7,6,9,2,3,4,8},{6,4,9,7,3,8,2,1,5},{9,6,4,2,8,7,5,3,1},{2,0,0,0,0,0,0,0,0},{0,0,0,0,0,0,0,0,0}}
]
02:04:27.265 [main] INFO  sudoku.model.SudokuBoard - Wartość 0 wstawiona nieprawidłowo
02:04:27.266 [main] INFO  sudoku.model.SudokuBoard - Bład w kwadracie 0
sudoku.model.SudokuBoard@722531ab[
  size=9
  solver=sudoku.model.BacktrackingSudokuSolver@8f57e4c
  board={{4,5,6,8,7,9,1,2,3},{7,9,8,1,2,3,4,5,6},{1,2,3,4,5,6,7,8,9},{8,3,2,5,1,4,6,9,7},{5,1,7,6,9,2,3,4,8},{6,4,9,7,3,8,2,1,5},{9,6,4,2,8,7,5,3,1},{2,8,1,9,4,0,0,0,0},{0,0,0,0,0,0,0,0,0}}
]
02:04:27.266 [main] INFO  sudoku.model.SudokuBoard - Wartość 0 wstawiona nieprawidłowo
02:04:27.266 [main] INFO  sudoku.model.SudokuBoard - Bład w kwadracie 0
sudoku.model.SudokuBoard@722531ab[
  size=9
  solver=sudoku.model.BacktrackingSudokuSolver@8f57e4c
  board={{4,5,6,8,7,9,1,2,3},{7,9,8,1,2,3,4,5,6},{1,2,3,4,5,6,7,8,9},{8,3,2,5,1,4,6,9,7},{5,1,7,6,9,2,3,4,8},{6,4,9,7,3,8,2,1,5},{9,6,4,2,8,7,5,3,1},{2,8,1,9,0,0,0,0,0},{0,0,0,0,0,0,0,0,0}}
]
02:04:27.266 [main] INFO  sudoku.model.SudokuBoard - Wartość 0 wstawiona nieprawidłowo
02:04:27.267 [main] INFO  sudoku.model.SudokuBoard - Bład w kwadracie 0
sudoku.model.SudokuBoard@722531ab[
  size=9
  solver=sudoku.model.BacktrackingSudokuSolver@8f57e4c
  board={{4,5,6,8,7,9,1,2,3},{7,9,8,1,2,3,4,5,6},{1,2,3,4,5,6,7,8,9},{8,3,2,5,1,4,6,9,7},{5,1,7,6,9,2,3,4,8},{6,4,9,7,3,8,2,1,5},{9,6,4,2,8,7,5,3,1},{2,8,1,9,6,0,0,0,0},{0,0,0,0,0,0,0,0,0}}
]
02:04:27.267 [main] INFO  sudoku.model.SudokuBoard - Wartość 0 wstawiona nieprawidłowo
02:04:27.268 [main] INFO  sudoku.model.SudokuBoard - Bład w kwadracie 0
sudoku.model.SudokuBoard@722531ab[
  size=9
  solver=sudoku.model.BacktrackingSudokuSolver@8f57e4c
  board={{4,5,6,8,7,9,1,2,3},{7,9,8,1,2,3,4,5,6},{1,2,3,4,5,6,7,8,9},{8,3,2,5,1,4,6,9,7},{5,1,7,6,9,2,3,4,8},{6,4,9,7,3,8,2,1,5},{9,6,4,2,8,7,5,3,1},{2,8,1,9,0,0,0,0,0},{0,0,0,0,0,0,0,0,0}}
]
02:04:27.268 [main] INFO  sudoku.model.SudokuBoard - Wartość 0 wstawiona nieprawidłowo
02:04:27.268 [main] INFO  sudoku.model.SudokuBoard - Bład w kwadracie 0
sudoku.model.SudokuBoard@722531ab[
  size=9
  solver=sudoku.model.BacktrackingSudokuSolver@8f57e4c
  board={{4,5,6,8,7,9,1,2,3},{7,9,8,1,2,3,4,5,6},{1,2,3,4,5,6,7,8,9},{8,3,2,5,1,4,6,9,7},{5,1,7,6,9,2,3,4,8},{6,4,9,7,3,8,2,1,5},{9,6,4,2,8,7,5,3,1},{2,8,1,0,0,0,0,0,0},{0,0,0,0,0,0,0,0,0}}
]
02:04:27.268 [main] INFO  sudoku.model.SudokuBoard - Wartość 0 wstawiona nieprawidłowo
02:04:27.268 [main] INFO  sudoku.model.SudokuBoard - Bład w kwadracie 0
sudoku.model.SudokuBoard@722531ab[
  size=9
  solver=sudoku.model.BacktrackingSudokuSolver@8f57e4c
  board={{4,5,6,8,7,9,1,2,3},{7,9,8,1,2,3,4,5,6},{1,2,3,4,5,6,7,8,9},{8,3,2,5,1,4,6,9,7},{5,1,7,6,9,2,3,4,8},{6,4,9,7,3,8,2,1,5},{9,6,4,2,8,7,5,3,1},{2,8,1,3,4,5,9,0,0},{0,0,0,0,0,0,0,0,0}}
]
02:04:27.268 [main] INFO  sudoku.model.SudokuBoard - Wartość 0 wstawiona nieprawidłowo
02:04:27.268 [main] INFO  sudoku.model.SudokuBoard - Bład w kwadracie 0
sudoku.model.SudokuBoard@722531ab[
  size=9
  solver=sudoku.model.BacktrackingSudokuSolver@8f57e4c
  board={{4,5,6,8,7,9,1,2,3},{7,9,8,1,2,3,4,5,6},{1,2,3,4,5,6,7,8,9},{8,3,2,5,1,4,6,9,7},{5,1,7,6,9,2,3,4,8},{6,4,9,7,3,8,2,1,5},{9,6,4,2,8,7,5,3,1},{2,8,1,3,4,5,9,0,0},{0,0,0,0,0,0,0,0,0}}
]
02:04:27.268 [main] INFO  sudoku.model.SudokuBoard - Wartość 0 wstawiona nieprawidłowo
02:04:27.269 [main] INFO  sudoku.model.SudokuBoard - Bład w kwadracie 0
sudoku.model.SudokuBoard@722531ab[
  size=9
  solver=sudoku.model.BacktrackingSudokuSolver@8f57e4c
  board={{4,5,6,8,7,9,1,2,3},{7,9,8,1,2,3,4,5,6},{1,2,3,4,5,6,7,8,9},{8,3,2,5,1,4,6,9,7},{5,1,7,6,9,2,3,4,8},{6,4,9,7,3,8,2,1,5},{9,6,4,2,8,7,5,3,1},{2,8,1,3,4,5,0,0,0},{0,0,0,0,0,0,0,0,0}}
]
02:04:27.269 [main] INFO  sudoku.model.SudokuBoard - Wartość 0 wstawiona nieprawidłowo
02:04:27.269 [main] INFO  sudoku.model.SudokuBoard - Bład w kwadracie 0
sudoku.model.SudokuBoard@722531ab[
  size=9
  solver=sudoku.model.BacktrackingSudokuSolver@8f57e4c
  board={{4,5,6,8,7,9,1,2,3},{7,9,8,1,2,3,4,5,6},{1,2,3,4,5,6,7,8,9},{8,3,2,5,1,4,6,9,7},{5,1,7,6,9,2,3,4,8},{6,4,9,7,3,8,2,1,5},{9,6,4,2,8,7,5,3,1},{2,8,1,3,4,0,0,0,0},{0,0,0,0,0,0,0,0,0}}
]
02:04:27.269 [main] INFO  sudoku.model.SudokuBoard - Wartość 0 wstawiona nieprawidłowo
02:04:27.270 [main] INFO  sudoku.model.SudokuBoard - Bład w kwadracie 0
sudoku.model.SudokuBoard@722531ab[
  size=9
  solver=sudoku.model.BacktrackingSudokuSolver@8f57e4c
  board={{4,5,6,8,7,9,1,2,3},{7,9,8,1,2,3,4,5,6},{1,2,3,4,5,6,7,8,9},{8,3,2,5,1,4,6,9,7},{5,1,7,6,9,2,3,4,8},{6,4,9,7,3,8,2,1,5},{9,6,4,2,8,7,5,3,1},{2,8,1,3,0,0,0,0,0},{0,0,0,0,0,0,0,0,0}}
]
02:04:27.270 [main] INFO  sudoku.model.SudokuBoard - Wartość 0 wstawiona nieprawidłowo
02:04:27.277 [main] INFO  sudoku.model.SudokuBoard - Bład w kwadracie 0
sudoku.model.SudokuBoard@53d30d23[
  size=9
  solver=sudoku.model.BacktrackingSudokuSolver@44faa4f2
  board={{7,9,2,8,4,1,3,5,6},{1,3,4,9,2,5,7,0,0},{0,0,0,0,0,0,0,0,0},{0,0,0,0,0,0,0,0,0},{0,0,0,0,0,0,0,0,0},{0,0,0,0,0,0,0,0,0},{0,0,0,0,0,0,0,0,0},{0,0,0,0,0,0,0,0,0},{0,0,0,0,0,0,0,0,0}}
]
02:04:27.278 [main] INFO  sudoku.model.SudokuBoard - Wartość 0 wstawiona nieprawidłowo
02:04:27.280 [main] INFO  sudoku.model.SudokuBoard - Bład w kwadracie 0
sudoku.model.SudokuBoard@53d30d23[
  size=9
  solver=sudoku.model.BacktrackingSudokuSolver@44faa4f2
  board={{7,9,2,8,4,1,3,5,6},{1,3,4,9,2,5,0,0,0},{0,0,0,0,0,0,0,0,0},{0,0,0,0,0,0,0,0,0},{0,0,0,0,0,0,0,0,0},{0,0,0,0,0,0,0,0,0},{0,0,0,0,0,0,0,0,0},{0,0,0,0,0,0,0,0,0},{0,0,0,0,0,0,0,0,0}}
]
02:04:27.281 [main] INFO  sudoku.model.SudokuBoard - Wartość 0 wstawiona nieprawidłowo
02:04:27.282 [main] INFO  sudoku.model.SudokuBoard - Bład w kwadracie 0
sudoku.model.SudokuBoard@53d30d23[
  size=9
  solver=sudoku.model.BacktrackingSudokuSolver@44faa4f2
  board={{7,9,2,8,4,1,3,5,6},{1,3,4,9,2,5,8,0,0},{0,0,0,0,0,0,0,0,0},{0,0,0,0,0,0,0,0,0},{0,0,0,0,0,0,0,0,0},{0,0,0,0,0,0,0,0,0},{0,0,0,0,0,0,0,0,0},{0,0,0,0,0,0,0,0,0},{0,0,0,0,0,0,0,0,0}}
]
02:04:27.282 [main] INFO  sudoku.model.SudokuBoard - Wartość 0 wstawiona nieprawidłowo
02:04:27.282 [main] INFO  sudoku.model.SudokuBoard - Bład w kwadracie 0
sudoku.model.SudokuBoard@53d30d23[
  size=9
  solver=sudoku.model.BacktrackingSudokuSolver@44faa4f2
  board={{7,9,2,8,4,1,3,5,6},{1,3,4,9,2,5,0,0,0},{0,0,0,0,0,0,0,0,0},{0,0,0,0,0,0,0,0,0},{0,0,0,0,0,0,0,0,0},{0,0,0,0,0,0,0,0,0},{0,0,0,0,0,0,0,0,0},{0,0,0,0,0,0,0,0,0},{0,0,0,0,0,0,0,0,0}}
]
02:04:27.283 [main] INFO  sudoku.model.SudokuBoard - Wartość 0 wstawiona nieprawidłowo
02:04:27.283 [main] INFO  sudoku.model.SudokuBoard - Bład w kwadracie 0
sudoku.model.SudokuBoard@53d30d23[
  size=9
  solver=sudoku.model.BacktrackingSudokuSolver@44faa4f2
  board={{7,9,2,8,4,1,3,5,6},{1,3,4,9,2,0,0,0,0},{0,0,0,0,0,0,0,0,0},{0,0,0,0,0,0,0,0,0},{0,0,0,0,0,0,0,0,0},{0,0,0,0,0,0,0,0,0},{0,0,0,0,0,0,0,0,0},{0,0,0,0,0,0,0,0,0},{0,0,0,0,0,0,0,0,0}}
]
02:04:27.283 [main] INFO  sudoku.model.SudokuBoard - Wartość 0 wstawiona nieprawidłowo
02:04:27.283 [main] INFO  sudoku.model.SudokuBoard - Bład w kwadracie 0
sudoku.model.SudokuBoard@53d30d23[
  size=9
  solver=sudoku.model.BacktrackingSudokuSolver@44faa4f2
  board={{7,9,2,8,4,1,3,5,6},{1,3,4,9,2,6,7,0,0},{0,0,0,0,0,0,0,0,0},{0,0,0,0,0,0,0,0,0},{0,0,0,0,0,0,0,0,0},{0,0,0,0,0,0,0,0,0},{0,0,0,0,0,0,0,0,0},{0,0,0,0,0,0,0,0,0},{0,0,0,0,0,0,0,0,0}}
]
02:04:27.283 [main] INFO  sudoku.model.SudokuBoard - Wartość 0 wstawiona nieprawidłowo
02:04:27.283 [main] INFO  sudoku.model.SudokuBoard - Bład w kwadracie 0
sudoku.model.SudokuBoard@53d30d23[
  size=9
  solver=sudoku.model.BacktrackingSudokuSolver@44faa4f2
  board={{7,9,2,8,4,1,3,5,6},{1,3,4,9,2,6,0,0,0},{0,0,0,0,0,0,0,0,0},{0,0,0,0,0,0,0,0,0},{0,0,0,0,0,0,0,0,0},{0,0,0,0,0,0,0,0,0},{0,0,0,0,0,0,0,0,0},{0,0,0,0,0,0,0,0,0},{0,0,0,0,0,0,0,0,0}}
]
02:04:27.283 [main] INFO  sudoku.model.SudokuBoard - Wartość 0 wstawiona nieprawidłowo
02:04:27.283 [main] INFO  sudoku.model.SudokuBoard - Bład w kwadracie 0
sudoku.model.SudokuBoard@53d30d23[
  size=9
  solver=sudoku.model.BacktrackingSudokuSolver@44faa4f2
  board={{7,9,2,8,4,1,3,5,6},{1,3,4,9,2,6,8,0,0},{0,0,0,0,0,0,0,0,0},{0,0,0,0,0,0,0,0,0},{0,0,0,0,0,0,0,0,0},{0,0,0,0,0,0,0,0,0},{0,0,0,0,0,0,0,0,0},{0,0,0,0,0,0,0,0,0},{0,0,0,0,0,0,0,0,0}}
]
02:04:27.284 [main] INFO  sudoku.model.SudokuBoard - Wartość 0 wstawiona nieprawidłowo
02:04:27.284 [main] INFO  sudoku.model.SudokuBoard - Bład w kwadracie 0
sudoku.model.SudokuBoard@53d30d23[
  size=9
  solver=sudoku.model.BacktrackingSudokuSolver@44faa4f2
  board={{7,9,2,8,4,1,3,5,6},{1,3,4,9,2,6,0,0,0},{0,0,0,0,0,0,0,0,0},{0,0,0,0,0,0,0,0,0},{0,0,0,0,0,0,0,0,0},{0,0,0,0,0,0,0,0,0},{0,0,0,0,0,0,0,0,0},{0,0,0,0,0,0,0,0,0},{0,0,0,0,0,0,0,0,0}}
]
02:04:27.284 [main] INFO  sudoku.model.SudokuBoard - Wartość 0 wstawiona nieprawidłowo
02:04:27.284 [main] INFO  sudoku.model.SudokuBoard - Bład w kwadracie 0
sudoku.model.SudokuBoard@53d30d23[
  size=9
  solver=sudoku.model.BacktrackingSudokuSolver@44faa4f2
  board={{7,9,2,8,4,1,3,5,6},{1,3,4,9,2,0,0,0,0},{0,0,0,0,0,0,0,0,0},{0,0,0,0,0,0,0,0,0},{0,0,0,0,0,0,0,0,0},{0,0,0,0,0,0,0,0,0},{0,0,0,0,0,0,0,0,0},{0,0,0,0,0,0,0,0,0},{0,0,0,0,0,0,0,0,0}}
]
02:04:27.284 [main] INFO  sudoku.model.SudokuBoard - Wartość 0 wstawiona nieprawidłowo
02:04:27.285 [main] INFO  sudoku.model.SudokuBoard - Bład w kwadracie 0
sudoku.model.SudokuBoard@53d30d23[
  size=9
  solver=sudoku.model.BacktrackingSudokuSolver@44faa4f2
  board={{7,9,2,8,4,1,3,5,6},{1,3,4,9,2,7,0,0,0},{0,0,0,0,0,0,0,0,0},{0,0,0,0,0,0,0,0,0},{0,0,0,0,0,0,0,0,0},{0,0,0,0,0,0,0,0,0},{0,0,0,0,0,0,0,0,0},{0,0,0,0,0,0,0,0,0},{0,0,0,0,0,0,0,0,0}}
]
02:04:27.285 [main] INFO  sudoku.model.SudokuBoard - Wartość 0 wstawiona nieprawidłowo
02:04:27.285 [main] INFO  sudoku.model.SudokuBoard - Bład w kwadracie 0
sudoku.model.SudokuBoard@53d30d23[
  size=9
  solver=sudoku.model.BacktrackingSudokuSolver@44faa4f2
  board={{7,9,2,8,4,1,3,5,6},{1,3,4,9,2,0,0,0,0},{0,0,0,0,0,0,0,0,0},{0,0,0,0,0,0,0,0,0},{0,0,0,0,0,0,0,0,0},{0,0,0,0,0,0,0,0,0},{0,0,0,0,0,0,0,0,0},{0,0,0,0,0,0,0,0,0},{0,0,0,0,0,0,0,0,0}}
]
02:04:27.285 [main] INFO  sudoku.model.SudokuBoard - Wartość 0 wstawiona nieprawidłowo
02:04:27.285 [main] INFO  sudoku.model.SudokuBoard - Bład w kwadracie 0
sudoku.model.SudokuBoard@53d30d23[
  size=9
  solver=sudoku.model.BacktrackingSudokuSolver@44faa4f2
  board={{7,9,2,8,4,1,3,5,6},{1,3,4,9,0,0,0,0,0},{0,0,0,0,0,0,0,0,0},{0,0,0,0,0,0,0,0,0},{0,0,0,0,0,0,0,0,0},{0,0,0,0,0,0,0,0,0},{0,0,0,0,0,0,0,0,0},{0,0,0,0,0,0,0,0,0},{0,0,0,0,0,0,0,0,0}}
]
02:04:27.285 [main] INFO  sudoku.model.SudokuBoard - Wartość 0 wstawiona nieprawidłowo
02:04:27.286 [main] INFO  sudoku.model.SudokuBoard - Bład w kwadracie 0
sudoku.model.SudokuBoard@53d30d23[
  size=9
  solver=sudoku.model.BacktrackingSudokuSolver@44faa4f2
  board={{7,9,2,8,4,1,3,5,6},{1,3,4,9,5,2,7,0,0},{0,0,0,0,0,0,0,0,0},{0,0,0,0,0,0,0,0,0},{0,0,0,0,0,0,0,0,0},{0,0,0,0,0,0,0,0,0},{0,0,0,0,0,0,0,0,0},{0,0,0,0,0,0,0,0,0},{0,0,0,0,0,0,0,0,0}}
]
02:04:27.286 [main] INFO  sudoku.model.SudokuBoard - Wartość 0 wstawiona nieprawidłowo
02:04:27.286 [main] INFO  sudoku.model.SudokuBoard - Bład w kwadracie 0
sudoku.model.SudokuBoard@53d30d23[
  size=9
  solver=sudoku.model.BacktrackingSudokuSolver@44faa4f2
  board={{7,9,2,8,4,1,3,5,6},{1,3,4,9,5,2,0,0,0},{0,0,0,0,0,0,0,0,0},{0,0,0,0,0,0,0,0,0},{0,0,0,0,0,0,0,0,0},{0,0,0,0,0,0,0,0,0},{0,0,0,0,0,0,0,0,0},{0,0,0,0,0,0,0,0,0},{0,0,0,0,0,0,0,0,0}}
]
02:04:27.287 [main] INFO  sudoku.model.SudokuBoard - Wartość 0 wstawiona nieprawidłowo
02:04:27.287 [main] INFO  sudoku.model.SudokuBoard - Bład w kwadracie 0
sudoku.model.SudokuBoard@53d30d23[
  size=9
  solver=sudoku.model.BacktrackingSudokuSolver@44faa4f2
  board={{7,9,2,8,4,1,3,5,6},{1,3,4,9,5,2,8,0,0},{0,0,0,0,0,0,0,0,0},{0,0,0,0,0,0,0,0,0},{0,0,0,0,0,0,0,0,0},{0,0,0,0,0,0,0,0,0},{0,0,0,0,0,0,0,0,0},{0,0,0,0,0,0,0,0,0},{0,0,0,0,0,0,0,0,0}}
]
02:04:27.287 [main] INFO  sudoku.model.SudokuBoard - Wartość 0 wstawiona nieprawidłowo
02:04:27.287 [main] INFO  sudoku.model.SudokuBoard - Bład w kwadracie 0
sudoku.model.SudokuBoard@53d30d23[
  size=9
  solver=sudoku.model.BacktrackingSudokuSolver@44faa4f2
  board={{7,9,2,8,4,1,3,5,6},{1,3,4,9,5,2,0,0,0},{0,0,0,0,0,0,0,0,0},{0,0,0,0,0,0,0,0,0},{0,0,0,0,0,0,0,0,0},{0,0,0,0,0,0,0,0,0},{0,0,0,0,0,0,0,0,0},{0,0,0,0,0,0,0,0,0},{0,0,0,0,0,0,0,0,0}}
]
02:04:27.287 [main] INFO  sudoku.model.SudokuBoard - Wartość 0 wstawiona nieprawidłowo
02:04:27.287 [main] INFO  sudoku.model.SudokuBoard - Bład w kwadracie 0
sudoku.model.SudokuBoard@53d30d23[
  size=9
  solver=sudoku.model.BacktrackingSudokuSolver@44faa4f2
  board={{7,9,2,8,4,1,3,5,6},{1,3,4,9,5,0,0,0,0},{0,0,0,0,0,0,0,0,0},{0,0,0,0,0,0,0,0,0},{0,0,0,0,0,0,0,0,0},{0,0,0,0,0,0,0,0,0},{0,0,0,0,0,0,0,0,0},{0,0,0,0,0,0,0,0,0},{0,0,0,0,0,0,0,0,0}}
]
02:04:27.287 [main] INFO  sudoku.model.SudokuBoard - Wartość 0 wstawiona nieprawidłowo
02:04:27.288 [main] INFO  sudoku.model.SudokuBoard - Bład w kwadracie 0
sudoku.model.SudokuBoard@53d30d23[
  size=9
  solver=sudoku.model.BacktrackingSudokuSolver@44faa4f2
  board={{7,9,2,8,4,1,3,5,6},{1,3,4,9,5,6,2,7,8},{5,6,8,7,2,3,9,1,4},{2,4,5,1,9,7,6,0,0},{0,0,0,0,0,0,0,0,0},{0,0,0,0,0,0,0,0,0},{0,0,0,0,0,0,0,0,0},{0,0,0,0,0,0,0,0,0},{0,0,0,0,0,0,0,0,0}}
]
02:04:27.288 [main] INFO  sudoku.model.SudokuBoard - Wartość 0 wstawiona nieprawidłowo
02:04:27.289 [main] INFO  sudoku.model.SudokuBoard - Bład w kwadracie 0
sudoku.model.SudokuBoard@53d30d23[
  size=9
  solver=sudoku.model.BacktrackingSudokuSolver@44faa4f2
  board={{7,9,2,8,4,1,3,5,6},{1,3,4,9,5,6,2,7,8},{5,6,8,7,2,3,9,1,4},{2,4,5,1,9,7,6,8,3},{3,1,6,4,8,5,7,9,2},{8,7,9,6,3,2,1,4,5},{4,2,3,5,6,0,0,0,0},{0,0,0,0,0,0,0,0,0},{0,0,0,0,0,0,0,0,0}}
]
02:04:27.289 [main] INFO  sudoku.model.SudokuBoard - Wartość 0 wstawiona nieprawidłowo
02:04:27.290 [main] INFO  sudoku.model.SudokuBoard - Bład w kwadracie 0
sudoku.model.SudokuBoard@53d30d23[
  size=9
  solver=sudoku.model.BacktrackingSudokuSolver@44faa4f2
  board={{7,9,2,8,4,1,3,5,6},{1,3,4,9,5,6,2,7,8},{5,6,8,7,2,3,9,1,4},{2,4,5,1,9,7,6,8,3},{3,1,6,4,8,5,7,9,2},{8,7,9,6,3,2,1,4,5},{4,2,3,5,6,9,0,0,0},{0,0,0,0,0,0,0,0,0},{0,0,0,0,0,0,0,0,0}}
]
02:04:27.291 [main] INFO  sudoku.model.SudokuBoard - Wartość 0 wstawiona nieprawidłowo
02:04:27.291 [main] INFO  sudoku.model.SudokuBoard - Bład w kwadracie 0
sudoku.model.SudokuBoard@53d30d23[
  size=9
  solver=sudoku.model.BacktrackingSudokuSolver@44faa4f2
  board={{7,9,2,8,4,1,3,5,6},{1,3,4,9,5,6,2,7,8},{5,6,8,7,2,3,9,1,4},{2,4,5,1,9,7,6,8,3},{3,1,6,4,8,5,7,9,2},{8,7,9,6,3,2,1,4,5},{4,2,3,5,6,0,0,0,0},{0,0,0,0,0,0,0,0,0},{0,0,0,0,0,0,0,0,0}}
]
02:04:27.291 [main] INFO  sudoku.model.SudokuBoard - Wartość 0 wstawiona nieprawidłowo
02:04:27.292 [main] INFO  sudoku.model.SudokuBoard - Bład w kwadracie 0
sudoku.model.SudokuBoard@53d30d23[
  size=9
  solver=sudoku.model.BacktrackingSudokuSolver@44faa4f2
  board={{7,9,2,8,4,1,3,5,6},{1,3,4,9,5,6,2,7,8},{5,6,8,7,2,3,9,1,4},{2,4,5,1,9,7,6,8,3},{3,1,6,4,8,5,7,9,2},{8,7,9,6,3,2,1,4,5},{4,2,3,5,0,0,0,0,0},{0,0,0,0,0,0,0,0,0},{0,0,0,0,0,0,0,0,0}}
]
02:04:27.293 [main] INFO  sudoku.model.SudokuBoard - Wartość 0 wstawiona nieprawidłowo
02:04:27.293 [main] INFO  sudoku.model.SudokuBoard - Bład w kwadracie 0
sudoku.model.SudokuBoard@53d30d23[
  size=9
  solver=sudoku.model.BacktrackingSudokuSolver@44faa4f2
  board={{7,9,2,8,4,1,3,5,6},{1,3,4,9,5,6,2,7,8},{5,6,8,7,2,3,9,1,4},{2,4,5,1,9,7,6,8,3},{3,1,6,4,8,5,7,9,2},{8,7,9,6,3,2,1,4,5},{4,2,3,5,7,0,0,0,0},{0,0,0,0,0,0,0,0,0},{0,0,0,0,0,0,0,0,0}}
]
02:04:27.293 [main] INFO  sudoku.model.SudokuBoard - Wartość 0 wstawiona nieprawidłowo
]]></system-out>
  </testcase>
  <testcase name="testToString" classname="sudoku.model.SeriesTest" time="0.019">
    <system-out><![CDATA[02:04:27.313 [main] INFO  sudoku.model.SudokuBoard - Bład w kwadracie 0
sudoku.model.SudokuBoard@2fdf22f7[
  size=9
  solver=sudoku.model.BacktrackingSudokuSolver@3a2546d6
  board={{9,8,7,5,1,2,3,4,6},{1,2,3,4,6,7,5,8,9},{6,5,4,3,8,9,2,7,1},{4,6,1,7,5,3,8,9,2},{7,9,2,8,4,6,1,5,3},{0,0,0,0,0,0,0,0,0},{0,0,0,0,0,0,0,0,0},{0,0,0,0,0,0,0,0,0},{0,0,0,0,0,0,0,0,0}}
]
02:04:27.313 [main] INFO  sudoku.model.SudokuBoard - Wartość 0 wstawiona nieprawidłowo
02:04:27.313 [main] INFO  sudoku.model.SudokuBoard - Bład w kwadracie 0
sudoku.model.SudokuBoard@2fdf22f7[
  size=9
  solver=sudoku.model.BacktrackingSudokuSolver@3a2546d6
  board={{9,8,7,5,1,2,3,4,6},{1,2,3,4,6,7,5,8,9},{6,5,4,3,8,9,2,7,1},{4,6,1,7,5,3,8,9,2},{7,9,2,8,4,6,1,5,3},{5,3,8,9,2,1,7,6,4},{8,4,5,1,0,0,0,0,0},{0,0,0,0,0,0,0,0,0},{0,0,0,0,0,0,0,0,0}}
]
02:04:27.313 [main] INFO  sudoku.model.SudokuBoard - Wartość 0 wstawiona nieprawidłowo
02:04:27.314 [main] INFO  sudoku.model.SudokuBoard - Bład w kwadracie 0
sudoku.model.SudokuBoard@2fdf22f7[
  size=9
  solver=sudoku.model.BacktrackingSudokuSolver@3a2546d6
  board={{9,8,7,5,1,2,3,4,6},{1,2,3,4,6,7,5,8,9},{6,5,4,3,8,9,2,7,1},{4,6,1,7,5,3,8,9,2},{7,9,2,8,4,6,1,5,3},{5,3,8,9,2,1,7,6,4},{8,4,5,1,0,0,0,0,0},{0,0,0,0,0,0,0,0,0},{0,0,0,0,0,0,0,0,0}}
]
02:04:27.314 [main] INFO  sudoku.model.SudokuBoard - Wartość 0 wstawiona nieprawidłowo
02:04:27.314 [main] INFO  sudoku.model.SudokuBoard - Bład w kwadracie 0
sudoku.model.SudokuBoard@2fdf22f7[
  size=9
  solver=sudoku.model.BacktrackingSudokuSolver@3a2546d6
  board={{9,8,7,5,1,2,3,4,6},{1,2,3,4,6,7,5,8,9},{6,5,4,3,8,9,2,7,1},{4,6,1,7,5,3,8,9,2},{7,9,2,8,4,6,1,5,3},{5,3,8,9,2,1,7,6,4},{8,4,5,1,0,0,0,0,0},{0,0,0,0,0,0,0,0,0},{0,0,0,0,0,0,0,0,0}}
]
02:04:27.314 [main] INFO  sudoku.model.SudokuBoard - Wartość 0 wstawiona nieprawidłowo
02:04:27.314 [main] INFO  sudoku.model.SudokuBoard - Bład w kwadracie 0
sudoku.model.SudokuBoard@2fdf22f7[
  size=9
  solver=sudoku.model.BacktrackingSudokuSolver@3a2546d6
  board={{9,8,7,5,1,2,3,4,6},{1,2,3,4,6,7,5,8,9},{6,5,4,3,8,9,2,7,1},{4,6,1,7,5,3,8,9,2},{7,9,2,8,4,6,1,5,3},{5,3,8,9,2,1,7,6,4},{8,4,5,0,0,0,0,0,0},{0,0,0,0,0,0,0,0,0},{0,0,0,0,0,0,0,0,0}}
]
02:04:27.314 [main] INFO  sudoku.model.SudokuBoard - Wartość 0 wstawiona nieprawidłowo
02:04:27.315 [main] INFO  sudoku.model.SudokuBoard - Bład w kwadracie 0
sudoku.model.SudokuBoard@2fdf22f7[
  size=9
  solver=sudoku.model.BacktrackingSudokuSolver@3a2546d6
  board={{9,8,7,5,1,2,3,4,6},{1,2,3,4,6,7,5,8,9},{6,5,4,3,8,9,2,7,1},{4,6,1,7,5,3,8,9,2},{7,9,2,8,4,6,1,5,3},{5,3,8,9,2,1,7,6,4},{8,4,5,2,0,0,0,0,0},{0,0,0,0,0,0,0,0,0},{0,0,0,0,0,0,0,0,0}}
]
02:04:27.315 [main] INFO  sudoku.model.SudokuBoard - Wartość 0 wstawiona nieprawidłowo
02:04:27.316 [main] INFO  sudoku.model.SudokuBoard - Bład w kwadracie 0
sudoku.model.SudokuBoard@2fdf22f7[
  size=9
  solver=sudoku.model.BacktrackingSudokuSolver@3a2546d6
  board={{9,8,7,5,1,2,3,4,6},{1,2,3,4,6,7,5,8,9},{6,5,4,3,8,9,2,7,1},{4,6,1,7,5,3,8,9,2},{7,9,2,8,4,6,1,5,3},{5,3,8,9,2,1,7,6,4},{8,4,5,2,0,0,0,0,0},{0,0,0,0,0,0,0,0,0},{0,0,0,0,0,0,0,0,0}}
]
02:04:27.317 [main] INFO  sudoku.model.SudokuBoard - Wartość 0 wstawiona nieprawidłowo
02:04:27.317 [main] INFO  sudoku.model.SudokuBoard - Bład w kwadracie 0
sudoku.model.SudokuBoard@2fdf22f7[
  size=9
  solver=sudoku.model.BacktrackingSudokuSolver@3a2546d6
  board={{9,8,7,5,1,2,3,4,6},{1,2,3,4,6,7,5,8,9},{6,5,4,3,8,9,2,7,1},{4,6,1,7,5,3,8,9,2},{7,9,2,8,4,6,1,5,3},{5,3,8,9,2,1,7,6,4},{8,4,5,2,0,0,0,0,0},{0,0,0,0,0,0,0,0,0},{0,0,0,0,0,0,0,0,0}}
]
02:04:27.317 [main] INFO  sudoku.model.SudokuBoard - Wartość 0 wstawiona nieprawidłowo
02:04:27.318 [main] INFO  sudoku.model.SudokuBoard - Bład w kwadracie 0
sudoku.model.SudokuBoard@2fdf22f7[
  size=9
  solver=sudoku.model.BacktrackingSudokuSolver@3a2546d6
  board={{9,8,7,5,1,2,3,4,6},{1,2,3,4,6,7,5,8,9},{6,5,4,3,8,9,2,7,1},{4,6,1,7,5,3,8,9,2},{7,9,2,8,4,6,1,5,3},{5,3,8,9,2,1,7,6,4},{8,4,5,0,0,0,0,0,0},{0,0,0,0,0,0,0,0,0},{0,0,0,0,0,0,0,0,0}}
]
02:04:27.318 [main] INFO  sudoku.model.SudokuBoard - Wartość 0 wstawiona nieprawidłowo
02:04:27.318 [main] INFO  sudoku.model.SudokuBoard - Bład w kwadracie 0
sudoku.model.SudokuBoard@2fdf22f7[
  size=9
  solver=sudoku.model.BacktrackingSudokuSolver@3a2546d6
  board={{9,8,7,5,1,2,3,4,6},{1,2,3,4,6,7,5,8,9},{6,5,4,3,8,9,2,7,1},{4,6,1,7,5,3,8,9,2},{7,9,2,8,4,6,1,5,3},{5,3,8,9,2,1,7,6,4},{8,4,5,6,0,0,0,0,0},{0,0,0,0,0,0,0,0,0},{0,0,0,0,0,0,0,0,0}}
]
02:04:27.319 [main] INFO  sudoku.model.SudokuBoard - Wartość 0 wstawiona nieprawidłowo
02:04:27.320 [main] INFO  sudoku.model.SudokuBoard - Bład w kwadracie 0
sudoku.model.SudokuBoard@2fdf22f7[
  size=9
  solver=sudoku.model.BacktrackingSudokuSolver@3a2546d6
  board={{9,8,7,5,1,2,3,4,6},{1,2,3,4,6,7,5,8,9},{6,5,4,3,8,9,2,7,1},{4,6,1,7,5,3,8,9,2},{7,9,2,8,4,6,1,5,3},{5,3,8,9,2,1,7,6,4},{8,4,5,6,0,0,0,0,0},{0,0,0,0,0,0,0,0,0},{0,0,0,0,0,0,0,0,0}}
]
02:04:27.321 [main] INFO  sudoku.model.SudokuBoard - Wartość 0 wstawiona nieprawidłowo
02:04:27.322 [main] INFO  sudoku.model.SudokuBoard - Bład w kwadracie 0
sudoku.model.SudokuBoard@2fdf22f7[
  size=9
  solver=sudoku.model.BacktrackingSudokuSolver@3a2546d6
  board={{9,8,7,5,1,2,3,4,6},{1,2,3,4,6,7,5,8,9},{6,5,4,3,8,9,2,7,1},{4,6,1,7,5,3,8,9,2},{7,9,2,8,4,6,1,5,3},{5,3,8,9,2,1,7,6,4},{8,4,5,6,0,0,0,0,0},{0,0,0,0,0,0,0,0,0},{0,0,0,0,0,0,0,0,0}}
]
02:04:27.322 [main] INFO  sudoku.model.SudokuBoard - Wartość 0 wstawiona nieprawidłowo
02:04:27.323 [main] INFO  sudoku.model.SudokuBoard - Bład w kwadracie 0
sudoku.model.SudokuBoard@2fdf22f7[
  size=9
  solver=sudoku.model.BacktrackingSudokuSolver@3a2546d6
  board={{9,8,7,5,1,2,3,4,6},{1,2,3,4,6,7,5,8,9},{6,5,4,3,8,9,2,7,1},{4,6,1,7,5,3,8,9,2},{7,9,2,8,4,6,1,5,3},{5,3,8,9,2,1,7,6,4},{8,4,5,0,0,0,0,0,0},{0,0,0,0,0,0,0,0,0},{0,0,0,0,0,0,0,0,0}}
]
02:04:27.324 [main] INFO  sudoku.model.SudokuBoard - Wartość 0 wstawiona nieprawidłowo
02:04:27.324 [main] INFO  sudoku.model.SudokuBoard - Bład w kwadracie 0
sudoku.model.SudokuBoard@2fdf22f7[
  size=9
  solver=sudoku.model.BacktrackingSudokuSolver@3a2546d6
  board={{9,8,7,5,1,2,3,4,6},{1,2,3,4,6,7,5,8,9},{6,5,4,3,8,9,2,7,1},{4,6,1,7,5,3,8,9,2},{7,9,2,8,4,6,1,5,3},{5,3,8,9,2,1,7,6,4},{8,4,0,0,0,0,0,0,0},{0,0,0,0,0,0,0,0,0},{0,0,0,0,0,0,0,0,0}}
]
02:04:27.324 [main] INFO  sudoku.model.SudokuBoard - Wartość 0 wstawiona nieprawidłowo
02:04:27.324 [main] INFO  sudoku.model.SudokuBoard - Bład w kwadracie 0
sudoku.model.SudokuBoard@2fdf22f7[
  size=9
  solver=sudoku.model.BacktrackingSudokuSolver@3a2546d6
  board={{9,8,7,5,1,2,3,4,6},{1,2,3,4,6,7,5,8,9},{6,5,4,3,8,9,2,7,1},{4,6,1,7,5,3,8,9,2},{7,9,2,8,4,6,1,5,3},{5,3,8,9,2,1,7,6,4},{8,4,6,2,9,0,0,0,0},{0,0,0,0,0,0,0,0,0},{0,0,0,0,0,0,0,0,0}}
]
02:04:27.324 [main] INFO  sudoku.model.SudokuBoard - Wartość 0 wstawiona nieprawidłowo
02:04:27.329 [main] INFO  sudoku.model.SudokuBoard - Bład w kwadracie 0
sudoku.model.SudokuBoard@2fdf22f7[
  size=9
  solver=sudoku.model.BacktrackingSudokuSolver@3a2546d6
  board={{9,8,7,5,1,2,3,4,6},{1,2,3,4,6,7,5,8,9},{6,5,4,3,8,9,2,7,1},{4,6,1,7,5,3,8,9,2},{7,9,2,8,4,6,1,5,3},{5,3,8,9,2,1,7,6,4},{8,4,6,2,0,0,0,0,0},{0,0,0,0,0,0,0,0,0},{0,0,0,0,0,0,0,0,0}}
]
02:04:27.330 [main] INFO  sudoku.model.SudokuBoard - Wartość 0 wstawiona nieprawidłowo
02:04:27.330 [main] INFO  sudoku.model.SudokuBoard - Bład w kwadracie 0
sudoku.model.SudokuBoard@2fdf22f7[
  size=9
  solver=sudoku.model.BacktrackingSudokuSolver@3a2546d6
  board={{9,8,7,5,1,2,3,4,6},{1,2,3,4,6,7,5,8,9},{6,5,4,3,8,9,2,7,1},{4,6,1,7,5,3,8,9,2},{7,9,2,8,4,6,1,5,3},{5,3,8,9,2,1,7,6,4},{8,4,6,2,3,5,9,1,7},{2,7,9,0,0,0,0,0,0},{0,0,0,0,0,0,0,0,0}}
]
02:04:27.330 [main] INFO  sudoku.model.SudokuBoard - Wartość 0 wstawiona nieprawidłowo
02:04:27.330 [main] INFO  sudoku.model.SudokuBoard - Bład w kwadracie 0
sudoku.model.SudokuBoard@2fdf22f7[
  size=9
  solver=sudoku.model.BacktrackingSudokuSolver@3a2546d6
  board={{9,8,7,5,1,2,3,4,6},{1,2,3,4,6,7,5,8,9},{6,5,4,3,8,9,2,7,1},{4,6,1,7,5,3,8,9,2},{7,9,2,8,4,6,1,5,3},{5,3,8,9,2,1,7,6,4},{8,4,6,2,3,5,9,1,7},{2,7,9,0,0,0,0,0,0},{0,0,0,0,0,0,0,0,0}}
]
02:04:27.330 [main] INFO  sudoku.model.SudokuBoard - Wartość 0 wstawiona nieprawidłowo
02:04:27.330 [main] INFO  sudoku.model.SudokuBoard - Bład w kwadracie 0
sudoku.model.SudokuBoard@2fdf22f7[
  size=9
  solver=sudoku.model.BacktrackingSudokuSolver@3a2546d6
  board={{9,8,7,5,1,2,3,4,6},{1,2,3,4,6,7,5,8,9},{6,5,4,3,8,9,2,7,1},{4,6,1,7,5,3,8,9,2},{7,9,2,8,4,6,1,5,3},{5,3,8,9,2,1,7,6,4},{8,4,6,2,3,5,9,1,7},{2,7,0,0,0,0,0,0,0},{0,0,0,0,0,0,0,0,0}}
]
02:04:27.330 [main] INFO  sudoku.model.SudokuBoard - Wartość 0 wstawiona nieprawidłowo
]]></system-out>
  </testcase>
  <testcase name="testEqualsDiffrentClass" classname="sudoku.model.SeriesTest" time="0.018">
    <system-out><![CDATA[02:04:27.336 [main] INFO  sudoku.model.SudokuBoard - Bład w kwadracie 0
sudoku.model.SudokuBoard@7b5ac347[
  size=9
  solver=sudoku.model.BacktrackingSudokuSolver@57b9389f
  board={{3,1,5,4,2,6,7,9,8},{2,6,8,3,7,9,1,4,5},{4,7,9,5,1,8,2,6,3},{5,9,1,2,8,3,4,7,6},{7,3,4,6,5,1,9,0,0},{0,0,0,0,0,0,0,0,0},{0,0,0,0,0,0,0,0,0},{0,0,0,0,0,0,0,0,0},{0,0,0,0,0,0,0,0,0}}
]
02:04:27.338 [main] INFO  sudoku.model.SudokuBoard - Wartość 0 wstawiona nieprawidłowo
02:04:27.340 [main] INFO  sudoku.model.SudokuBoard - Bład w kwadracie 0
sudoku.model.SudokuBoard@7b5ac347[
  size=9
  solver=sudoku.model.BacktrackingSudokuSolver@57b9389f
  board={{3,1,5,4,2,6,7,9,8},{2,6,8,3,7,9,1,4,5},{4,7,9,5,1,8,2,6,3},{5,9,1,2,8,3,4,7,6},{7,3,4,6,5,1,9,8,2},{6,8,2,7,9,4,3,5,1},{8,2,3,9,6,0,0,0,0},{0,0,0,0,0,0,0,0,0},{0,0,0,0,0,0,0,0,0}}
]
02:04:27.341 [main] INFO  sudoku.model.SudokuBoard - Wartość 0 wstawiona nieprawidłowo
02:04:27.347 [main] INFO  sudoku.model.SudokuBoard - Bład w kwadracie 0
sudoku.model.SudokuBoard@7b5ac347[
  size=9
  solver=sudoku.model.BacktrackingSudokuSolver@57b9389f
  board={{3,1,5,4,2,6,7,9,8},{2,6,8,3,7,9,1,4,5},{4,7,9,5,1,8,2,6,3},{5,9,1,2,8,3,4,7,6},{7,3,4,6,5,1,9,8,2},{6,8,2,7,9,4,3,5,1},{8,2,3,9,6,7,5,1,4},{9,4,6,8,3,0,0,0,0},{0,0,0,0,0,0,0,0,0}}
]
02:04:27.347 [main] INFO  sudoku.model.SudokuBoard - Wartość 0 wstawiona nieprawidłowo
02:04:27.348 [main] INFO  sudoku.model.SudokuBoard - Bład w kwadracie 0
sudoku.model.SudokuBoard@7b5ac347[
  size=9
  solver=sudoku.model.BacktrackingSudokuSolver@57b9389f
  board={{3,1,5,4,2,6,7,9,8},{2,6,8,3,7,9,1,4,5},{4,7,9,5,1,8,2,6,3},{5,9,1,2,8,3,4,7,6},{7,3,4,6,5,1,9,8,2},{6,8,2,7,9,4,3,5,1},{8,2,3,9,6,7,5,1,4},{9,4,6,8,3,0,0,0,0},{0,0,0,0,0,0,0,0,0}}
]
02:04:27.348 [main] INFO  sudoku.model.SudokuBoard - Wartość 0 wstawiona nieprawidłowo
02:04:27.348 [main] INFO  sudoku.model.SudokuBoard - Bład w kwadracie 0
sudoku.model.SudokuBoard@7b5ac347[
  size=9
  solver=sudoku.model.BacktrackingSudokuSolver@57b9389f
  board={{3,1,5,4,2,6,7,9,8},{2,6,8,3,7,9,1,4,5},{4,7,9,5,1,8,2,6,3},{5,9,1,2,8,3,4,7,6},{7,3,4,6,5,1,9,8,2},{6,8,2,7,9,4,3,5,1},{8,2,3,9,6,7,5,1,4},{9,4,6,8,0,0,0,0,0},{0,0,0,0,0,0,0,0,0}}
]
02:04:27.349 [main] INFO  sudoku.model.SudokuBoard - Wartość 0 wstawiona nieprawidłowo
02:04:27.349 [main] INFO  sudoku.model.SudokuBoard - Bład w kwadracie 0
sudoku.model.SudokuBoard@7b5ac347[
  size=9
  solver=sudoku.model.BacktrackingSudokuSolver@57b9389f
  board={{3,1,5,4,2,6,7,9,8},{2,6,8,3,7,9,1,4,5},{4,7,9,5,1,8,2,6,3},{5,9,1,2,8,3,4,7,6},{7,3,4,6,5,1,9,8,2},{6,8,2,7,9,4,3,5,1},{8,2,3,9,6,7,5,1,4},{9,4,6,0,0,0,0,0,0},{0,0,0,0,0,0,0,0,0}}
]
02:04:27.349 [main] INFO  sudoku.model.SudokuBoard - Wartość 0 wstawiona nieprawidłowo
02:04:27.349 [main] INFO  sudoku.model.SudokuBoard - Bład w kwadracie 0
sudoku.model.SudokuBoard@7b5ac347[
  size=9
  solver=sudoku.model.BacktrackingSudokuSolver@57b9389f
  board={{3,1,5,4,2,6,7,9,8},{2,6,8,3,7,9,1,4,5},{4,7,9,5,1,8,2,6,3},{5,9,1,2,8,3,4,7,6},{7,3,4,6,5,1,9,8,2},{6,8,2,7,9,4,3,5,1},{8,2,3,9,6,7,5,1,4},{9,4,6,1,3,2,0,0,0},{0,0,0,0,0,0,0,0,0}}
]
02:04:27.349 [main] INFO  sudoku.model.SudokuBoard - Wartość 0 wstawiona nieprawidłowo
02:04:27.350 [main] INFO  sudoku.model.SudokuBoard - Bład w kwadracie 0
sudoku.model.SudokuBoard@7b5ac347[
  size=9
  solver=sudoku.model.BacktrackingSudokuSolver@57b9389f
  board={{3,1,5,4,2,6,7,9,8},{2,6,8,3,7,9,1,4,5},{4,7,9,5,1,8,2,6,3},{5,9,1,2,8,3,4,7,6},{7,3,4,6,5,1,9,8,2},{6,8,2,7,9,4,3,5,1},{8,2,3,9,6,7,5,1,4},{9,4,6,1,3,0,0,0,0},{0,0,0,0,0,0,0,0,0}}
]
02:04:27.350 [main] INFO  sudoku.model.SudokuBoard - Wartość 0 wstawiona nieprawidłowo
]]></system-out>
  </testcase>
  <testcase name="testEqualsNull" classname="sudoku.model.SeriesTest" time="0.088">
    <system-out><![CDATA[02:04:27.356 [main] INFO  sudoku.model.SudokuBoard - Bład w kwadracie 0
sudoku.model.SudokuBoard@350ff014[
  size=9
  solver=sudoku.model.BacktrackingSudokuSolver@401317a0
  board={{1,4,2,5,3,7,6,8,9},{3,7,5,8,9,2,1,0,0},{0,0,0,0,0,0,0,0,0},{0,0,0,0,0,0,0,0,0},{0,0,0,0,0,0,0,0,0},{0,0,0,0,0,0,0,0,0},{0,0,0,0,0,0,0,0,0},{0,0,0,0,0,0,0,0,0},{0,0,0,0,0,0,0,0,0}}
]
02:04:27.356 [main] INFO  sudoku.model.SudokuBoard - Wartość 0 wstawiona nieprawidłowo
02:04:27.359 [main] INFO  sudoku.model.SudokuBoard - Bład w kwadracie 0
sudoku.model.SudokuBoard@350ff014[
  size=9
  solver=sudoku.model.BacktrackingSudokuSolver@401317a0
  board={{1,4,2,5,3,7,6,8,9},{3,7,5,8,9,2,0,0,0},{0,0,0,0,0,0,0,0,0},{0,0,0,0,0,0,0,0,0},{0,0,0,0,0,0,0,0,0},{0,0,0,0,0,0,0,0,0},{0,0,0,0,0,0,0,0,0},{0,0,0,0,0,0,0,0,0},{0,0,0,0,0,0,0,0,0}}
]
02:04:27.359 [main] INFO  sudoku.model.SudokuBoard - Wartość 0 wstawiona nieprawidłowo
02:04:27.359 [main] INFO  sudoku.model.SudokuBoard - Bład w kwadracie 0
sudoku.model.SudokuBoard@350ff014[
  size=9
  solver=sudoku.model.BacktrackingSudokuSolver@401317a0
  board={{1,4,2,5,3,7,6,8,9},{3,7,5,8,9,2,4,0,0},{0,0,0,0,0,0,0,0,0},{0,0,0,0,0,0,0,0,0},{0,0,0,0,0,0,0,0,0},{0,0,0,0,0,0,0,0,0},{0,0,0,0,0,0,0,0,0},{0,0,0,0,0,0,0,0,0},{0,0,0,0,0,0,0,0,0}}
]
02:04:27.360 [main] INFO  sudoku.model.SudokuBoard - Wartość 0 wstawiona nieprawidłowo
02:04:27.362 [main] INFO  sudoku.model.SudokuBoard - Bład w kwadracie 0
sudoku.model.SudokuBoard@350ff014[
  size=9
  solver=sudoku.model.BacktrackingSudokuSolver@401317a0
  board={{1,4,2,5,3,7,6,8,9},{3,7,5,8,9,2,0,0,0},{0,0,0,0,0,0,0,0,0},{0,0,0,0,0,0,0,0,0},{0,0,0,0,0,0,0,0,0},{0,0,0,0,0,0,0,0,0},{0,0,0,0,0,0,0,0,0},{0,0,0,0,0,0,0,0,0},{0,0,0,0,0,0,0,0,0}}
]
02:04:27.362 [main] INFO  sudoku.model.SudokuBoard - Wartość 0 wstawiona nieprawidłowo
02:04:27.363 [main] INFO  sudoku.model.SudokuBoard - Bład w kwadracie 0
sudoku.model.SudokuBoard@350ff014[
  size=9
  solver=sudoku.model.BacktrackingSudokuSolver@401317a0
  board={{1,4,2,5,3,7,6,8,9},{3,7,5,8,9,0,0,0,0},{0,0,0,0,0,0,0,0,0},{0,0,0,0,0,0,0,0,0},{0,0,0,0,0,0,0,0,0},{0,0,0,0,0,0,0,0,0},{0,0,0,0,0,0,0,0,0},{0,0,0,0,0,0,0,0,0},{0,0,0,0,0,0,0,0,0}}
]
02:04:27.365 [main] INFO  sudoku.model.SudokuBoard - Wartość 0 wstawiona nieprawidłowo
02:04:27.367 [main] INFO  sudoku.model.SudokuBoard - Bład w kwadracie 0
sudoku.model.SudokuBoard@350ff014[
  size=9
  solver=sudoku.model.BacktrackingSudokuSolver@401317a0
  board={{1,4,2,5,3,7,6,8,9},{3,7,5,8,9,4,1,0,0},{0,0,0,0,0,0,0,0,0},{0,0,0,0,0,0,0,0,0},{0,0,0,0,0,0,0,0,0},{0,0,0,0,0,0,0,0,0},{0,0,0,0,0,0,0,0,0},{0,0,0,0,0,0,0,0,0},{0,0,0,0,0,0,0,0,0}}
]
02:04:27.367 [main] INFO  sudoku.model.SudokuBoard - Wartość 0 wstawiona nieprawidłowo
02:04:27.367 [main] INFO  sudoku.model.SudokuBoard - Bład w kwadracie 0
sudoku.model.SudokuBoard@350ff014[
  size=9
  solver=sudoku.model.BacktrackingSudokuSolver@401317a0
  board={{1,4,2,5,3,7,6,8,9},{3,7,5,8,9,4,0,0,0},{0,0,0,0,0,0,0,0,0},{0,0,0,0,0,0,0,0,0},{0,0,0,0,0,0,0,0,0},{0,0,0,0,0,0,0,0,0},{0,0,0,0,0,0,0,0,0},{0,0,0,0,0,0,0,0,0},{0,0,0,0,0,0,0,0,0}}
]
02:04:27.368 [main] INFO  sudoku.model.SudokuBoard - Wartość 0 wstawiona nieprawidłowo
02:04:27.368 [main] INFO  sudoku.model.SudokuBoard - Bład w kwadracie 0
sudoku.model.SudokuBoard@350ff014[
  size=9
  solver=sudoku.model.BacktrackingSudokuSolver@401317a0
  board={{1,4,2,5,3,7,6,8,9},{3,7,5,8,9,4,2,0,0},{0,0,0,0,0,0,0,0,0},{0,0,0,0,0,0,0,0,0},{0,0,0,0,0,0,0,0,0},{0,0,0,0,0,0,0,0,0},{0,0,0,0,0,0,0,0,0},{0,0,0,0,0,0,0,0,0},{0,0,0,0,0,0,0,0,0}}
]
02:04:27.368 [main] INFO  sudoku.model.SudokuBoard - Wartość 0 wstawiona nieprawidłowo
02:04:27.368 [main] INFO  sudoku.model.SudokuBoard - Bład w kwadracie 0
sudoku.model.SudokuBoard@350ff014[
  size=9
  solver=sudoku.model.BacktrackingSudokuSolver@401317a0
  board={{1,4,2,5,3,7,6,8,9},{3,7,5,8,9,4,0,0,0},{0,0,0,0,0,0,0,0,0},{0,0,0,0,0,0,0,0,0},{0,0,0,0,0,0,0,0,0},{0,0,0,0,0,0,0,0,0},{0,0,0,0,0,0,0,0,0},{0,0,0,0,0,0,0,0,0},{0,0,0,0,0,0,0,0,0}}
]
02:04:27.368 [main] INFO  sudoku.model.SudokuBoard - Wartość 0 wstawiona nieprawidłowo
02:04:27.371 [main] INFO  sudoku.model.SudokuBoard - Bład w kwadracie 0
sudoku.model.SudokuBoard@350ff014[
  size=9
  solver=sudoku.model.BacktrackingSudokuSolver@401317a0
  board={{1,4,2,5,3,7,6,8,9},{3,7,5,8,9,0,0,0,0},{0,0,0,0,0,0,0,0,0},{0,0,0,0,0,0,0,0,0},{0,0,0,0,0,0,0,0,0},{0,0,0,0,0,0,0,0,0},{0,0,0,0,0,0,0,0,0},{0,0,0,0,0,0,0,0,0},{0,0,0,0,0,0,0,0,0}}
]
02:04:27.372 [main] INFO  sudoku.model.SudokuBoard - Wartość 0 wstawiona nieprawidłowo
02:04:27.374 [main] INFO  sudoku.model.SudokuBoard - Bład w kwadracie 0
sudoku.model.SudokuBoard@350ff014[
  size=9
  solver=sudoku.model.BacktrackingSudokuSolver@401317a0
  board={{1,4,2,5,3,7,6,8,9},{3,7,5,8,9,6,1,2,4},{8,6,9,1,4,2,3,5,7},{9,5,7,2,6,8,4,1,3},{2,8,1,9,5,3,7,0,0},{0,0,0,0,0,0,0,0,0},{0,0,0,0,0,0,0,0,0},{0,0,0,0,0,0,0,0,0},{0,0,0,0,0,0,0,0,0}}
]
02:04:27.375 [main] INFO  sudoku.model.SudokuBoard - Wartość 0 wstawiona nieprawidłowo
02:04:27.376 [main] INFO  sudoku.model.SudokuBoard - Bład w kwadracie 0
sudoku.model.SudokuBoard@350ff014[
  size=9
  solver=sudoku.model.BacktrackingSudokuSolver@401317a0
  board={{1,4,2,5,3,7,6,8,9},{3,7,5,8,9,6,1,2,4},{8,6,9,1,4,2,3,5,7},{9,5,7,2,6,8,4,1,3},{2,8,1,9,5,3,0,0,0},{0,0,0,0,0,0,0,0,0},{0,0,0,0,0,0,0,0,0},{0,0,0,0,0,0,0,0,0},{0,0,0,0,0,0,0,0,0}}
]
02:04:27.377 [main] INFO  sudoku.model.SudokuBoard - Wartość 0 wstawiona nieprawidłowo
02:04:27.377 [main] INFO  sudoku.model.SudokuBoard - Bład w kwadracie 0
sudoku.model.SudokuBoard@350ff014[
  size=9
  solver=sudoku.model.BacktrackingSudokuSolver@401317a0
  board={{1,4,2,5,3,7,6,8,9},{3,7,5,8,9,6,1,2,4},{8,6,9,1,4,2,3,5,7},{9,5,7,2,6,8,4,1,3},{2,8,1,9,5,0,0,0,0},{0,0,0,0,0,0,0,0,0},{0,0,0,0,0,0,0,0,0},{0,0,0,0,0,0,0,0,0},{0,0,0,0,0,0,0,0,0}}
]
02:04:27.378 [main] INFO  sudoku.model.SudokuBoard - Wartość 0 wstawiona nieprawidłowo
02:04:27.380 [main] INFO  sudoku.model.SudokuBoard - Bład w kwadracie 0
sudoku.model.SudokuBoard@350ff014[
  size=9
  solver=sudoku.model.BacktrackingSudokuSolver@401317a0
  board={{1,4,2,5,3,7,6,8,9},{3,7,5,8,9,6,1,2,4},{8,6,9,1,4,2,3,5,7},{9,5,7,2,6,8,4,1,3},{2,8,1,9,5,4,7,0,0},{0,0,0,0,0,0,0,0,0},{0,0,0,0,0,0,0,0,0},{0,0,0,0,0,0,0,0,0},{0,0,0,0,0,0,0,0,0}}
]
02:04:27.380 [main] INFO  sudoku.model.SudokuBoard - Wartość 0 wstawiona nieprawidłowo
02:04:27.380 [main] INFO  sudoku.model.SudokuBoard - Bład w kwadracie 0
sudoku.model.SudokuBoard@350ff014[
  size=9
  solver=sudoku.model.BacktrackingSudokuSolver@401317a0
  board={{1,4,2,5,3,7,6,8,9},{3,7,5,8,9,6,1,2,4},{8,6,9,1,4,2,3,5,7},{9,5,7,2,6,8,4,1,3},{2,8,1,9,5,4,0,0,0},{0,0,0,0,0,0,0,0,0},{0,0,0,0,0,0,0,0,0},{0,0,0,0,0,0,0,0,0},{0,0,0,0,0,0,0,0,0}}
]
02:04:27.380 [main] INFO  sudoku.model.SudokuBoard - Wartość 0 wstawiona nieprawidłowo
02:04:27.380 [main] INFO  sudoku.model.SudokuBoard - Bład w kwadracie 0
sudoku.model.SudokuBoard@350ff014[
  size=9
  solver=sudoku.model.BacktrackingSudokuSolver@401317a0
  board={{1,4,2,5,3,7,6,8,9},{3,7,5,8,9,6,1,2,4},{8,6,9,1,4,2,3,5,7},{9,5,7,2,6,8,4,1,3},{2,8,1,9,5,0,0,0,0},{0,0,0,0,0,0,0,0,0},{0,0,0,0,0,0,0,0,0},{0,0,0,0,0,0,0,0,0},{0,0,0,0,0,0,0,0,0}}
]
02:04:27.380 [main] INFO  sudoku.model.SudokuBoard - Wartość 0 wstawiona nieprawidłowo
02:04:27.382 [main] INFO  sudoku.model.SudokuBoard - Bład w kwadracie 0
sudoku.model.SudokuBoard@350ff014[
  size=9
  solver=sudoku.model.BacktrackingSudokuSolver@401317a0
  board={{1,4,2,5,3,7,6,8,9},{3,7,5,8,9,6,1,2,4},{8,6,9,1,4,2,3,5,7},{9,5,7,2,6,8,4,1,3},{2,8,1,9,0,0,0,0,0},{0,0,0,0,0,0,0,0,0},{0,0,0,0,0,0,0,0,0},{0,0,0,0,0,0,0,0,0},{0,0,0,0,0,0,0,0,0}}
]
02:04:27.382 [main] INFO  sudoku.model.SudokuBoard - Wartość 0 wstawiona nieprawidłowo
02:04:27.383 [main] INFO  sudoku.model.SudokuBoard - Bład w kwadracie 0
sudoku.model.SudokuBoard@350ff014[
  size=9
  solver=sudoku.model.BacktrackingSudokuSolver@401317a0
  board={{1,4,2,5,3,7,6,8,9},{3,7,5,8,9,6,1,2,4},{8,6,9,1,4,2,3,5,7},{9,5,7,2,6,8,4,1,3},{2,8,1,9,7,0,0,0,0},{0,0,0,0,0,0,0,0,0},{0,0,0,0,0,0,0,0,0},{0,0,0,0,0,0,0,0,0},{0,0,0,0,0,0,0,0,0}}
]
02:04:27.384 [main] INFO  sudoku.model.SudokuBoard - Wartość 0 wstawiona nieprawidłowo
02:04:27.384 [main] INFO  sudoku.model.SudokuBoard - Bład w kwadracie 0
sudoku.model.SudokuBoard@350ff014[
  size=9
  solver=sudoku.model.BacktrackingSudokuSolver@401317a0
  board={{1,4,2,5,3,7,6,8,9},{3,7,5,8,9,6,1,2,4},{8,6,9,1,4,2,3,5,7},{9,5,7,2,6,8,4,1,3},{2,8,1,9,7,3,5,0,0},{0,0,0,0,0,0,0,0,0},{0,0,0,0,0,0,0,0,0},{0,0,0,0,0,0,0,0,0},{0,0,0,0,0,0,0,0,0}}
]
02:04:27.384 [main] INFO  sudoku.model.SudokuBoard - Wartość 0 wstawiona nieprawidłowo
02:04:27.384 [main] INFO  sudoku.model.SudokuBoard - Bład w kwadracie 0
sudoku.model.SudokuBoard@350ff014[
  size=9
  solver=sudoku.model.BacktrackingSudokuSolver@401317a0
  board={{1,4,2,5,3,7,6,8,9},{3,7,5,8,9,6,1,2,4},{8,6,9,1,4,2,3,5,7},{9,5,7,2,6,8,4,1,3},{2,8,1,9,7,3,0,0,0},{0,0,0,0,0,0,0,0,0},{0,0,0,0,0,0,0,0,0},{0,0,0,0,0,0,0,0,0},{0,0,0,0,0,0,0,0,0}}
]
02:04:27.385 [main] INFO  sudoku.model.SudokuBoard - Wartość 0 wstawiona nieprawidłowo
02:04:27.385 [main] INFO  sudoku.model.SudokuBoard - Bład w kwadracie 0
sudoku.model.SudokuBoard@350ff014[
  size=9
  solver=sudoku.model.BacktrackingSudokuSolver@401317a0
  board={{1,4,2,5,3,7,6,8,9},{3,7,5,8,9,6,1,2,4},{8,6,9,1,4,2,3,5,7},{9,5,7,2,6,8,4,1,3},{2,8,1,9,7,0,0,0,0},{0,0,0,0,0,0,0,0,0},{0,0,0,0,0,0,0,0,0},{0,0,0,0,0,0,0,0,0},{0,0,0,0,0,0,0,0,0}}
]
02:04:27.385 [main] INFO  sudoku.model.SudokuBoard - Wartość 0 wstawiona nieprawidłowo
02:04:27.385 [main] INFO  sudoku.model.SudokuBoard - Bład w kwadracie 0
sudoku.model.SudokuBoard@350ff014[
  size=9
  solver=sudoku.model.BacktrackingSudokuSolver@401317a0
  board={{1,4,2,5,3,7,6,8,9},{3,7,5,8,9,6,1,2,4},{8,6,9,1,4,2,3,5,7},{9,5,7,2,6,8,4,1,3},{2,8,1,9,7,4,5,0,0},{0,0,0,0,0,0,0,0,0},{0,0,0,0,0,0,0,0,0},{0,0,0,0,0,0,0,0,0},{0,0,0,0,0,0,0,0,0}}
]
02:04:27.385 [main] INFO  sudoku.model.SudokuBoard - Wartość 0 wstawiona nieprawidłowo
02:04:27.387 [main] INFO  sudoku.model.SudokuBoard - Bład w kwadracie 0
sudoku.model.SudokuBoard@350ff014[
  size=9
  solver=sudoku.model.BacktrackingSudokuSolver@401317a0
  board={{1,4,2,5,3,7,6,8,9},{3,7,5,8,9,6,1,2,4},{8,6,9,1,4,2,3,5,7},{9,5,7,2,6,8,4,1,3},{2,8,1,9,7,4,0,0,0},{0,0,0,0,0,0,0,0,0},{0,0,0,0,0,0,0,0,0},{0,0,0,0,0,0,0,0,0},{0,0,0,0,0,0,0,0,0}}
]
02:04:27.387 [main] INFO  sudoku.model.SudokuBoard - Wartość 0 wstawiona nieprawidłowo
02:04:27.388 [main] INFO  sudoku.model.SudokuBoard - Bład w kwadracie 0
sudoku.model.SudokuBoard@350ff014[
  size=9
  solver=sudoku.model.BacktrackingSudokuSolver@401317a0
  board={{1,4,2,5,3,7,6,8,9},{3,7,5,8,9,6,1,2,4},{8,6,9,1,4,2,3,5,7},{9,5,7,2,6,8,4,1,3},{2,8,1,9,7,0,0,0,0},{0,0,0,0,0,0,0,0,0},{0,0,0,0,0,0,0,0,0},{0,0,0,0,0,0,0,0,0},{0,0,0,0,0,0,0,0,0}}
]
02:04:27.388 [main] INFO  sudoku.model.SudokuBoard - Wartość 0 wstawiona nieprawidłowo
02:04:27.388 [main] INFO  sudoku.model.SudokuBoard - Bład w kwadracie 0
sudoku.model.SudokuBoard@350ff014[
  size=9
  solver=sudoku.model.BacktrackingSudokuSolver@401317a0
  board={{1,4,2,5,3,7,6,8,9},{3,7,5,8,9,6,1,2,4},{8,6,9,1,4,2,3,5,7},{9,5,7,2,6,8,4,1,3},{2,8,1,9,0,0,0,0,0},{0,0,0,0,0,0,0,0,0},{0,0,0,0,0,0,0,0,0},{0,0,0,0,0,0,0,0,0},{0,0,0,0,0,0,0,0,0}}
]
02:04:27.388 [main] INFO  sudoku.model.SudokuBoard - Wartość 0 wstawiona nieprawidłowo
02:04:27.389 [main] INFO  sudoku.model.SudokuBoard - Bład w kwadracie 0
sudoku.model.SudokuBoard@350ff014[
  size=9
  solver=sudoku.model.BacktrackingSudokuSolver@401317a0
  board={{1,4,2,5,3,7,6,8,9},{3,7,5,8,9,6,1,2,4},{8,6,9,1,4,2,3,5,7},{9,5,7,2,6,8,4,1,3},{2,8,1,0,0,0,0,0,0},{0,0,0,0,0,0,0,0,0},{0,0,0,0,0,0,0,0,0},{0,0,0,0,0,0,0,0,0},{0,0,0,0,0,0,0,0,0}}
]
02:04:27.389 [main] INFO  sudoku.model.SudokuBoard - Wartość 0 wstawiona nieprawidłowo
02:04:27.389 [main] INFO  sudoku.model.SudokuBoard - Bład w kwadracie 0
sudoku.model.SudokuBoard@350ff014[
  size=9
  solver=sudoku.model.BacktrackingSudokuSolver@401317a0
  board={{1,4,2,5,3,7,6,8,9},{3,7,5,8,9,6,1,2,4},{8,6,9,1,4,2,3,5,7},{9,5,7,2,6,8,4,1,3},{2,8,1,3,5,9,7,0,0},{0,0,0,0,0,0,0,0,0},{0,0,0,0,0,0,0,0,0},{0,0,0,0,0,0,0,0,0},{0,0,0,0,0,0,0,0,0}}
]
02:04:27.389 [main] INFO  sudoku.model.SudokuBoard - Wartość 0 wstawiona nieprawidłowo
02:04:27.389 [main] INFO  sudoku.model.SudokuBoard - Bład w kwadracie 0
sudoku.model.SudokuBoard@350ff014[
  size=9
  solver=sudoku.model.BacktrackingSudokuSolver@401317a0
  board={{1,4,2,5,3,7,6,8,9},{3,7,5,8,9,6,1,2,4},{8,6,9,1,4,2,3,5,7},{9,5,7,2,6,8,4,1,3},{2,8,1,3,5,9,0,0,0},{0,0,0,0,0,0,0,0,0},{0,0,0,0,0,0,0,0,0},{0,0,0,0,0,0,0,0,0},{0,0,0,0,0,0,0,0,0}}
]
02:04:27.389 [main] INFO  sudoku.model.SudokuBoard - Wartość 0 wstawiona nieprawidłowo
02:04:27.389 [main] INFO  sudoku.model.SudokuBoard - Bład w kwadracie 0
sudoku.model.SudokuBoard@350ff014[
  size=9
  solver=sudoku.model.BacktrackingSudokuSolver@401317a0
  board={{1,4,2,5,3,7,6,8,9},{3,7,5,8,9,6,1,2,4},{8,6,9,1,4,2,3,5,7},{9,5,7,2,6,8,4,1,3},{2,8,1,3,5,0,0,0,0},{0,0,0,0,0,0,0,0,0},{0,0,0,0,0,0,0,0,0},{0,0,0,0,0,0,0,0,0},{0,0,0,0,0,0,0,0,0}}
]
02:04:27.389 [main] INFO  sudoku.model.SudokuBoard - Wartość 0 wstawiona nieprawidłowo
02:04:27.390 [main] INFO  sudoku.model.SudokuBoard - Bład w kwadracie 0
sudoku.model.SudokuBoard@350ff014[
  size=9
  solver=sudoku.model.BacktrackingSudokuSolver@401317a0
  board={{1,4,2,5,3,7,6,8,9},{3,7,5,8,9,6,1,2,4},{8,6,9,1,4,2,3,5,7},{9,5,7,2,6,8,4,1,3},{2,8,1,3,5,4,7,0,0},{0,0,0,0,0,0,0,0,0},{0,0,0,0,0,0,0,0,0},{0,0,0,0,0,0,0,0,0},{0,0,0,0,0,0,0,0,0}}
]
02:04:27.392 [main] INFO  sudoku.model.SudokuBoard - Wartość 0 wstawiona nieprawidłowo
02:04:27.393 [main] INFO  sudoku.model.SudokuBoard - Bład w kwadracie 0
sudoku.model.SudokuBoard@350ff014[
  size=9
  solver=sudoku.model.BacktrackingSudokuSolver@401317a0
  board={{1,4,2,5,3,7,6,8,9},{3,7,5,8,9,6,1,2,4},{8,6,9,1,4,2,3,5,7},{9,5,7,2,6,8,4,1,3},{2,8,1,3,5,4,7,9,6},{4,3,6,7,1,9,0,0,0},{0,0,0,0,0,0,0,0,0},{0,0,0,0,0,0,0,0,0},{0,0,0,0,0,0,0,0,0}}
]
02:04:27.393 [main] INFO  sudoku.model.SudokuBoard - Wartość 0 wstawiona nieprawidłowo
02:04:27.397 [main] INFO  sudoku.model.SudokuBoard - Bład w kwadracie 0
sudoku.model.SudokuBoard@350ff014[
  size=9
  solver=sudoku.model.BacktrackingSudokuSolver@401317a0
  board={{1,4,2,5,3,7,6,8,9},{3,7,5,8,9,6,1,2,4},{8,6,9,1,4,2,3,5,7},{9,5,7,2,6,8,4,1,3},{2,8,1,3,5,4,7,9,6},{4,3,6,7,1,9,0,0,0},{0,0,0,0,0,0,0,0,0},{0,0,0,0,0,0,0,0,0},{0,0,0,0,0,0,0,0,0}}
]
02:04:27.397 [main] INFO  sudoku.model.SudokuBoard - Wartość 0 wstawiona nieprawidłowo
02:04:27.398 [main] INFO  sudoku.model.SudokuBoard - Bład w kwadracie 0
sudoku.model.SudokuBoard@350ff014[
  size=9
  solver=sudoku.model.BacktrackingSudokuSolver@401317a0
  board={{1,4,2,5,3,7,6,8,9},{3,7,5,8,9,6,1,2,4},{8,6,9,1,4,2,3,5,7},{9,5,7,2,6,8,4,1,3},{2,8,1,3,5,4,7,9,6},{4,3,6,7,1,9,0,0,0},{0,0,0,0,0,0,0,0,0},{0,0,0,0,0,0,0,0,0},{0,0,0,0,0,0,0,0,0}}
]
02:04:27.398 [main] INFO  sudoku.model.SudokuBoard - Wartość 0 wstawiona nieprawidłowo
02:04:27.398 [main] INFO  sudoku.model.SudokuBoard - Bład w kwadracie 0
sudoku.model.SudokuBoard@350ff014[
  size=9
  solver=sudoku.model.BacktrackingSudokuSolver@401317a0
  board={{1,4,2,5,3,7,6,8,9},{3,7,5,8,9,6,1,2,4},{8,6,9,1,4,2,3,5,7},{9,5,7,2,6,8,4,1,3},{2,8,1,3,5,4,7,9,6},{4,3,6,7,1,0,0,0,0},{0,0,0,0,0,0,0,0,0},{0,0,0,0,0,0,0,0,0},{0,0,0,0,0,0,0,0,0}}
]
02:04:27.398 [main] INFO  sudoku.model.SudokuBoard - Wartość 0 wstawiona nieprawidłowo
02:04:27.398 [main] INFO  sudoku.model.SudokuBoard - Bład w kwadracie 0
sudoku.model.SudokuBoard@350ff014[
  size=9
  solver=sudoku.model.BacktrackingSudokuSolver@401317a0
  board={{1,4,2,5,3,7,6,8,9},{3,7,5,8,9,6,1,2,4},{8,6,9,1,4,2,3,5,7},{9,5,7,2,6,8,4,1,3},{2,8,1,3,5,4,7,9,6},{4,3,6,7,0,0,0,0,0},{0,0,0,0,0,0,0,0,0},{0,0,0,0,0,0,0,0,0},{0,0,0,0,0,0,0,0,0}}
]
02:04:27.398 [main] INFO  sudoku.model.SudokuBoard - Wartość 0 wstawiona nieprawidłowo
02:04:27.399 [main] INFO  sudoku.model.SudokuBoard - Bład w kwadracie 0
sudoku.model.SudokuBoard@350ff014[
  size=9
  solver=sudoku.model.BacktrackingSudokuSolver@401317a0
  board={{1,4,2,5,3,7,6,8,9},{3,7,5,8,9,6,1,2,4},{8,6,9,1,4,2,3,5,7},{9,5,7,2,6,8,4,1,3},{2,8,1,3,5,4,7,9,6},{4,3,6,0,0,0,0,0,0},{0,0,0,0,0,0,0,0,0},{0,0,0,0,0,0,0,0,0},{0,0,0,0,0,0,0,0,0}}
]
02:04:27.400 [main] INFO  sudoku.model.SudokuBoard - Wartość 0 wstawiona nieprawidłowo
02:04:27.400 [main] INFO  sudoku.model.SudokuBoard - Bład w kwadracie 0
sudoku.model.SudokuBoard@350ff014[
  size=9
  solver=sudoku.model.BacktrackingSudokuSolver@401317a0
  board={{1,4,2,5,3,7,6,8,9},{3,7,5,8,9,6,1,2,4},{8,6,9,1,4,2,3,5,7},{9,5,7,2,6,8,4,1,3},{2,8,1,3,5,4,7,9,6},{4,3,6,9,7,1,0,0,0},{0,0,0,0,0,0,0,0,0},{0,0,0,0,0,0,0,0,0},{0,0,0,0,0,0,0,0,0}}
]
02:04:27.401 [main] INFO  sudoku.model.SudokuBoard - Wartość 0 wstawiona nieprawidłowo
02:04:27.401 [main] INFO  sudoku.model.SudokuBoard - Bład w kwadracie 0
sudoku.model.SudokuBoard@350ff014[
  size=9
  solver=sudoku.model.BacktrackingSudokuSolver@401317a0
  board={{1,4,2,5,3,7,6,8,9},{3,7,5,8,9,6,1,2,4},{8,6,9,1,4,2,3,5,7},{9,5,7,2,6,8,4,1,3},{2,8,1,3,5,4,7,9,6},{4,3,6,9,7,1,0,0,0},{0,0,0,0,0,0,0,0,0},{0,0,0,0,0,0,0,0,0},{0,0,0,0,0,0,0,0,0}}
]
02:04:27.401 [main] INFO  sudoku.model.SudokuBoard - Wartość 0 wstawiona nieprawidłowo
02:04:27.401 [main] INFO  sudoku.model.SudokuBoard - Bład w kwadracie 0
sudoku.model.SudokuBoard@350ff014[
  size=9
  solver=sudoku.model.BacktrackingSudokuSolver@401317a0
  board={{1,4,2,5,3,7,6,8,9},{3,7,5,8,9,6,1,2,4},{8,6,9,1,4,2,3,5,7},{9,5,7,2,6,8,4,1,3},{2,8,1,3,5,4,7,9,6},{4,3,6,9,7,1,0,0,0},{0,0,0,0,0,0,0,0,0},{0,0,0,0,0,0,0,0,0},{0,0,0,0,0,0,0,0,0}}
]
02:04:27.401 [main] INFO  sudoku.model.SudokuBoard - Wartość 0 wstawiona nieprawidłowo
02:04:27.401 [main] INFO  sudoku.model.SudokuBoard - Bład w kwadracie 0
sudoku.model.SudokuBoard@350ff014[
  size=9
  solver=sudoku.model.BacktrackingSudokuSolver@401317a0
  board={{1,4,2,5,3,7,6,8,9},{3,7,5,8,9,6,1,2,4},{8,6,9,1,4,2,3,5,7},{9,5,7,2,6,8,4,1,3},{2,8,1,3,5,4,7,9,6},{4,3,6,9,7,0,0,0,0},{0,0,0,0,0,0,0,0,0},{0,0,0,0,0,0,0,0,0},{0,0,0,0,0,0,0,0,0}}
]
02:04:27.401 [main] INFO  sudoku.model.SudokuBoard - Wartość 0 wstawiona nieprawidłowo
02:04:27.402 [main] INFO  sudoku.model.SudokuBoard - Bład w kwadracie 0
sudoku.model.SudokuBoard@350ff014[
  size=9
  solver=sudoku.model.BacktrackingSudokuSolver@401317a0
  board={{1,4,2,5,3,7,6,8,9},{3,7,5,8,9,6,1,2,4},{8,6,9,1,4,2,3,5,7},{9,5,7,2,6,8,4,1,3},{2,8,1,3,5,4,7,9,6},{4,3,6,9,0,0,0,0,0},{0,0,0,0,0,0,0,0,0},{0,0,0,0,0,0,0,0,0},{0,0,0,0,0,0,0,0,0}}
]
02:04:27.403 [main] INFO  sudoku.model.SudokuBoard - Wartość 0 wstawiona nieprawidłowo
02:04:27.403 [main] INFO  sudoku.model.SudokuBoard - Bład w kwadracie 0
sudoku.model.SudokuBoard@350ff014[
  size=9
  solver=sudoku.model.BacktrackingSudokuSolver@401317a0
  board={{1,4,2,5,3,7,6,8,9},{3,7,5,8,9,6,1,2,4},{8,6,9,1,4,2,3,5,7},{9,5,7,2,6,8,4,1,3},{2,8,1,3,5,4,7,9,6},{4,3,6,9,0,0,0,0,0},{0,0,0,0,0,0,0,0,0},{0,0,0,0,0,0,0,0,0},{0,0,0,0,0,0,0,0,0}}
]
02:04:27.404 [main] INFO  sudoku.model.SudokuBoard - Wartość 0 wstawiona nieprawidłowo
02:04:27.406 [main] INFO  sudoku.model.SudokuBoard - Bład w kwadracie 0
sudoku.model.SudokuBoard@350ff014[
  size=9
  solver=sudoku.model.BacktrackingSudokuSolver@401317a0
  board={{1,4,2,5,3,7,6,8,9},{3,7,5,8,9,6,1,2,4},{8,6,9,1,4,2,3,5,7},{9,5,7,2,6,8,4,1,3},{2,8,1,3,5,4,7,9,6},{4,3,6,0,0,0,0,0,0},{0,0,0,0,0,0,0,0,0},{0,0,0,0,0,0,0,0,0},{0,0,0,0,0,0,0,0,0}}
]
02:04:27.406 [main] INFO  sudoku.model.SudokuBoard - Wartość 0 wstawiona nieprawidłowo
02:04:27.407 [main] INFO  sudoku.model.SudokuBoard - Bład w kwadracie 0
sudoku.model.SudokuBoard@350ff014[
  size=9
  solver=sudoku.model.BacktrackingSudokuSolver@401317a0
  board={{1,4,2,5,3,7,6,8,9},{3,7,5,8,9,6,1,2,4},{8,6,9,1,4,2,3,5,7},{9,5,7,2,6,8,4,1,3},{2,8,1,3,5,4,7,9,6},{4,3,0,0,0,0,0,0,0},{0,0,0,0,0,0,0,0,0},{0,0,0,0,0,0,0,0,0},{0,0,0,0,0,0,0,0,0}}
]
02:04:27.408 [main] INFO  sudoku.model.SudokuBoard - Wartość 0 wstawiona nieprawidłowo
02:04:27.409 [main] INFO  sudoku.model.SudokuBoard - Bład w kwadracie 0
sudoku.model.SudokuBoard@350ff014[
  size=9
  solver=sudoku.model.BacktrackingSudokuSolver@401317a0
  board={{1,4,2,5,3,7,6,8,9},{3,7,5,8,9,6,1,2,4},{8,6,9,1,4,2,3,5,7},{9,5,7,2,6,8,4,1,3},{2,8,1,3,5,4,7,9,6},{4,0,0,0,0,0,0,0,0},{0,0,0,0,0,0,0,0,0},{0,0,0,0,0,0,0,0,0},{0,0,0,0,0,0,0,0,0}}
]
02:04:27.409 [main] INFO  sudoku.model.SudokuBoard - Wartość 0 wstawiona nieprawidłowo
02:04:27.409 [main] INFO  sudoku.model.SudokuBoard - Bład w kwadracie 0
sudoku.model.SudokuBoard@350ff014[
  size=9
  solver=sudoku.model.BacktrackingSudokuSolver@401317a0
  board={{1,4,2,5,3,7,6,8,9},{3,7,5,8,9,6,1,2,4},{8,6,9,1,4,2,3,5,7},{9,5,7,2,6,8,4,1,3},{2,8,1,3,5,4,7,9,6},{0,0,0,0,0,0,0,0,0},{0,0,0,0,0,0,0,0,0},{0,0,0,0,0,0,0,0,0},{0,0,0,0,0,0,0,0,0}}
]
02:04:27.410 [main] INFO  sudoku.model.SudokuBoard - Wartość 0 wstawiona nieprawidłowo
02:04:27.410 [main] INFO  sudoku.model.SudokuBoard - Bład w kwadracie 0
sudoku.model.SudokuBoard@350ff014[
  size=9
  solver=sudoku.model.BacktrackingSudokuSolver@401317a0
  board={{1,4,2,5,3,7,6,8,9},{3,7,5,8,9,6,1,2,4},{8,6,9,1,4,2,3,5,7},{9,5,7,2,6,8,4,1,3},{2,8,1,3,5,4,7,9,6},{6,3,4,9,7,1,0,0,0},{0,0,0,0,0,0,0,0,0},{0,0,0,0,0,0,0,0,0},{0,0,0,0,0,0,0,0,0}}
]
02:04:27.410 [main] INFO  sudoku.model.SudokuBoard - Wartość 0 wstawiona nieprawidłowo
02:04:27.410 [main] INFO  sudoku.model.SudokuBoard - Bład w kwadracie 0
sudoku.model.SudokuBoard@350ff014[
  size=9
  solver=sudoku.model.BacktrackingSudokuSolver@401317a0
  board={{1,4,2,5,3,7,6,8,9},{3,7,5,8,9,6,1,2,4},{8,6,9,1,4,2,3,5,7},{9,5,7,2,6,8,4,1,3},{2,8,1,3,5,4,7,9,6},{6,3,4,9,7,1,0,0,0},{0,0,0,0,0,0,0,0,0},{0,0,0,0,0,0,0,0,0},{0,0,0,0,0,0,0,0,0}}
]
02:04:27.411 [main] INFO  sudoku.model.SudokuBoard - Wartość 0 wstawiona nieprawidłowo
02:04:27.411 [main] INFO  sudoku.model.SudokuBoard - Bład w kwadracie 0
sudoku.model.SudokuBoard@350ff014[
  size=9
  solver=sudoku.model.BacktrackingSudokuSolver@401317a0
  board={{1,4,2,5,3,7,6,8,9},{3,7,5,8,9,6,1,2,4},{8,6,9,1,4,2,3,5,7},{9,5,7,2,6,8,4,1,3},{2,8,1,3,5,4,7,9,6},{6,3,4,9,7,1,0,0,0},{0,0,0,0,0,0,0,0,0},{0,0,0,0,0,0,0,0,0},{0,0,0,0,0,0,0,0,0}}
]
02:04:27.411 [main] INFO  sudoku.model.SudokuBoard - Wartość 0 wstawiona nieprawidłowo
02:04:27.412 [main] INFO  sudoku.model.SudokuBoard - Bład w kwadracie 0
sudoku.model.SudokuBoard@350ff014[
  size=9
  solver=sudoku.model.BacktrackingSudokuSolver@401317a0
  board={{1,4,2,5,3,7,6,8,9},{3,7,5,8,9,6,1,2,4},{8,6,9,1,4,2,3,5,7},{9,5,7,2,6,8,4,1,3},{2,8,1,3,5,4,7,9,6},{6,3,4,9,7,0,0,0,0},{0,0,0,0,0,0,0,0,0},{0,0,0,0,0,0,0,0,0},{0,0,0,0,0,0,0,0,0}}
]
02:04:27.413 [main] INFO  sudoku.model.SudokuBoard - Wartość 0 wstawiona nieprawidłowo
02:04:27.413 [main] INFO  sudoku.model.SudokuBoard - Bład w kwadracie 0
sudoku.model.SudokuBoard@350ff014[
  size=9
  solver=sudoku.model.BacktrackingSudokuSolver@401317a0
  board={{1,4,2,5,3,7,6,8,9},{3,7,5,8,9,6,1,2,4},{8,6,9,1,4,2,3,5,7},{9,5,7,2,6,8,4,1,3},{2,8,1,3,5,4,7,9,6},{6,3,4,9,0,0,0,0,0},{0,0,0,0,0,0,0,0,0},{0,0,0,0,0,0,0,0,0},{0,0,0,0,0,0,0,0,0}}
]
02:04:27.413 [main] INFO  sudoku.model.SudokuBoard - Wartość 0 wstawiona nieprawidłowo
02:04:27.413 [main] INFO  sudoku.model.SudokuBoard - Bład w kwadracie 0
sudoku.model.SudokuBoard@350ff014[
  size=9
  solver=sudoku.model.BacktrackingSudokuSolver@401317a0
  board={{1,4,2,5,3,7,6,8,9},{3,7,5,8,9,6,1,2,4},{8,6,9,1,4,2,3,5,7},{9,5,7,2,6,8,4,1,3},{2,8,1,3,5,4,7,9,6},{6,3,4,9,0,0,0,0,0},{0,0,0,0,0,0,0,0,0},{0,0,0,0,0,0,0,0,0},{0,0,0,0,0,0,0,0,0}}
]
02:04:27.413 [main] INFO  sudoku.model.SudokuBoard - Wartość 0 wstawiona nieprawidłowo
02:04:27.414 [main] INFO  sudoku.model.SudokuBoard - Bład w kwadracie 0
sudoku.model.SudokuBoard@350ff014[
  size=9
  solver=sudoku.model.BacktrackingSudokuSolver@401317a0
  board={{1,4,2,5,3,7,6,8,9},{3,7,5,8,9,6,1,2,4},{8,6,9,1,4,2,3,5,7},{9,5,7,2,6,8,4,1,3},{2,8,1,3,5,4,7,9,6},{6,3,4,0,0,0,0,0,0},{0,0,0,0,0,0,0,0,0},{0,0,0,0,0,0,0,0,0},{0,0,0,0,0,0,0,0,0}}
]
02:04:27.414 [main] INFO  sudoku.model.SudokuBoard - Wartość 0 wstawiona nieprawidłowo
02:04:27.414 [main] INFO  sudoku.model.SudokuBoard - Bład w kwadracie 0
sudoku.model.SudokuBoard@350ff014[
  size=9
  solver=sudoku.model.BacktrackingSudokuSolver@401317a0
  board={{1,4,2,5,3,7,6,8,9},{3,7,5,8,9,6,1,2,4},{8,6,9,1,4,2,3,5,7},{9,5,7,2,6,8,4,1,3},{2,8,1,3,5,4,7,9,6},{6,3,4,7,1,9,0,0,0},{0,0,0,0,0,0,0,0,0},{0,0,0,0,0,0,0,0,0},{0,0,0,0,0,0,0,0,0}}
]
02:04:27.414 [main] INFO  sudoku.model.SudokuBoard - Wartość 0 wstawiona nieprawidłowo
02:04:27.414 [main] INFO  sudoku.model.SudokuBoard - Bład w kwadracie 0
sudoku.model.SudokuBoard@350ff014[
  size=9
  solver=sudoku.model.BacktrackingSudokuSolver@401317a0
  board={{1,4,2,5,3,7,6,8,9},{3,7,5,8,9,6,1,2,4},{8,6,9,1,4,2,3,5,7},{9,5,7,2,6,8,4,1,3},{2,8,1,3,5,4,7,9,6},{6,3,4,7,1,9,0,0,0},{0,0,0,0,0,0,0,0,0},{0,0,0,0,0,0,0,0,0},{0,0,0,0,0,0,0,0,0}}
]
02:04:27.414 [main] INFO  sudoku.model.SudokuBoard - Wartość 0 wstawiona nieprawidłowo
02:04:27.414 [main] INFO  sudoku.model.SudokuBoard - Bład w kwadracie 0
sudoku.model.SudokuBoard@350ff014[
  size=9
  solver=sudoku.model.BacktrackingSudokuSolver@401317a0
  board={{1,4,2,5,3,7,6,8,9},{3,7,5,8,9,6,1,2,4},{8,6,9,1,4,2,3,5,7},{9,5,7,2,6,8,4,1,3},{2,8,1,3,5,4,7,9,6},{6,3,4,7,1,9,0,0,0},{0,0,0,0,0,0,0,0,0},{0,0,0,0,0,0,0,0,0},{0,0,0,0,0,0,0,0,0}}
]
02:04:27.414 [main] INFO  sudoku.model.SudokuBoard - Wartość 0 wstawiona nieprawidłowo
02:04:27.415 [main] INFO  sudoku.model.SudokuBoard - Bład w kwadracie 0
sudoku.model.SudokuBoard@350ff014[
  size=9
  solver=sudoku.model.BacktrackingSudokuSolver@401317a0
  board={{1,4,2,5,3,7,6,8,9},{3,7,5,8,9,6,1,2,4},{8,6,9,1,4,2,3,5,7},{9,5,7,2,6,8,4,1,3},{2,8,1,3,5,4,7,9,6},{6,3,4,7,1,0,0,0,0},{0,0,0,0,0,0,0,0,0},{0,0,0,0,0,0,0,0,0},{0,0,0,0,0,0,0,0,0}}
]
02:04:27.415 [main] INFO  sudoku.model.SudokuBoard - Wartość 0 wstawiona nieprawidłowo
02:04:27.415 [main] INFO  sudoku.model.SudokuBoard - Bład w kwadracie 0
sudoku.model.SudokuBoard@350ff014[
  size=9
  solver=sudoku.model.BacktrackingSudokuSolver@401317a0
  board={{1,4,2,5,3,7,6,8,9},{3,7,5,8,9,6,1,2,4},{8,6,9,1,4,2,3,5,7},{9,5,7,2,6,8,4,1,3},{2,8,1,3,5,4,7,9,6},{6,3,4,7,0,0,0,0,0},{0,0,0,0,0,0,0,0,0},{0,0,0,0,0,0,0,0,0},{0,0,0,0,0,0,0,0,0}}
]
02:04:27.415 [main] INFO  sudoku.model.SudokuBoard - Wartość 0 wstawiona nieprawidłowo
02:04:27.415 [main] INFO  sudoku.model.SudokuBoard - Bład w kwadracie 0
sudoku.model.SudokuBoard@350ff014[
  size=9
  solver=sudoku.model.BacktrackingSudokuSolver@401317a0
  board={{1,4,2,5,3,7,6,8,9},{3,7,5,8,9,6,1,2,4},{8,6,9,1,4,2,3,5,7},{9,5,7,2,6,8,4,1,3},{2,8,1,3,5,4,7,9,6},{6,3,4,0,0,0,0,0,0},{0,0,0,0,0,0,0,0,0},{0,0,0,0,0,0,0,0,0},{0,0,0,0,0,0,0,0,0}}
]
02:04:27.415 [main] INFO  sudoku.model.SudokuBoard - Wartość 0 wstawiona nieprawidłowo
02:04:27.415 [main] INFO  sudoku.model.SudokuBoard - Bład w kwadracie 0
sudoku.model.SudokuBoard@350ff014[
  size=9
  solver=sudoku.model.BacktrackingSudokuSolver@401317a0
  board={{1,4,2,5,3,7,6,8,9},{3,7,5,8,9,6,1,2,4},{8,6,9,1,4,2,3,5,7},{9,5,7,2,6,8,4,1,3},{2,8,1,3,5,4,7,9,6},{6,3,0,0,0,0,0,0,0},{0,0,0,0,0,0,0,0,0},{0,0,0,0,0,0,0,0,0},{0,0,0,0,0,0,0,0,0}}
]
02:04:27.415 [main] INFO  sudoku.model.SudokuBoard - Wartość 0 wstawiona nieprawidłowo
02:04:27.415 [main] INFO  sudoku.model.SudokuBoard - Bład w kwadracie 0
sudoku.model.SudokuBoard@350ff014[
  size=9
  solver=sudoku.model.BacktrackingSudokuSolver@401317a0
  board={{1,4,2,5,3,7,6,8,9},{3,7,5,8,9,6,1,2,4},{8,6,9,1,4,2,3,5,7},{9,5,7,2,6,8,4,1,3},{2,8,1,3,5,4,7,9,6},{6,0,0,0,0,0,0,0,0},{0,0,0,0,0,0,0,0,0},{0,0,0,0,0,0,0,0,0},{0,0,0,0,0,0,0,0,0}}
]
02:04:27.415 [main] INFO  sudoku.model.SudokuBoard - Wartość 0 wstawiona nieprawidłowo
02:04:27.416 [main] INFO  sudoku.model.SudokuBoard - Bład w kwadracie 0
sudoku.model.SudokuBoard@350ff014[
  size=9
  solver=sudoku.model.BacktrackingSudokuSolver@401317a0
  board={{1,4,2,5,3,7,6,8,9},{3,7,5,8,9,6,1,2,4},{8,6,9,1,4,2,3,5,7},{9,5,7,2,6,8,4,1,3},{2,8,1,3,5,4,7,9,6},{0,0,0,0,0,0,0,0,0},{0,0,0,0,0,0,0,0,0},{0,0,0,0,0,0,0,0,0},{0,0,0,0,0,0,0,0,0}}
]
02:04:27.417 [main] INFO  sudoku.model.SudokuBoard - Wartość 0 wstawiona nieprawidłowo
02:04:27.417 [main] INFO  sudoku.model.SudokuBoard - Bład w kwadracie 0
sudoku.model.SudokuBoard@350ff014[
  size=9
  solver=sudoku.model.BacktrackingSudokuSolver@401317a0
  board={{1,4,2,5,3,7,6,8,9},{3,7,5,8,9,6,1,2,4},{8,6,9,1,4,2,3,5,7},{9,5,7,2,6,8,4,1,3},{2,8,1,3,5,4,7,9,0},{0,0,0,0,0,0,0,0,0},{0,0,0,0,0,0,0,0,0},{0,0,0,0,0,0,0,0,0},{0,0,0,0,0,0,0,0,0}}
]
02:04:27.417 [main] INFO  sudoku.model.SudokuBoard - Wartość 0 wstawiona nieprawidłowo
02:04:27.417 [main] INFO  sudoku.model.SudokuBoard - Bład w kwadracie 0
sudoku.model.SudokuBoard@350ff014[
  size=9
  solver=sudoku.model.BacktrackingSudokuSolver@401317a0
  board={{1,4,2,5,3,7,6,8,9},{3,7,5,8,9,6,1,2,4},{8,6,9,1,4,2,3,5,7},{9,5,7,2,6,8,4,1,3},{2,8,1,3,5,4,7,0,0},{0,0,0,0,0,0,0,0,0},{0,0,0,0,0,0,0,0,0},{0,0,0,0,0,0,0,0,0},{0,0,0,0,0,0,0,0,0}}
]
02:04:27.417 [main] INFO  sudoku.model.SudokuBoard - Wartość 0 wstawiona nieprawidłowo
02:04:27.417 [main] INFO  sudoku.model.SudokuBoard - Bład w kwadracie 0
sudoku.model.SudokuBoard@350ff014[
  size=9
  solver=sudoku.model.BacktrackingSudokuSolver@401317a0
  board={{1,4,2,5,3,7,6,8,9},{3,7,5,8,9,6,1,2,4},{8,6,9,1,4,2,3,5,7},{9,5,7,2,6,8,4,1,3},{2,8,1,3,5,4,0,0,0},{0,0,0,0,0,0,0,0,0},{0,0,0,0,0,0,0,0,0},{0,0,0,0,0,0,0,0,0},{0,0,0,0,0,0,0,0,0}}
]
02:04:27.420 [main] INFO  sudoku.model.SudokuBoard - Wartość 0 wstawiona nieprawidłowo
02:04:27.422 [main] INFO  sudoku.model.SudokuBoard - Bład w kwadracie 0
sudoku.model.SudokuBoard@350ff014[
  size=9
  solver=sudoku.model.BacktrackingSudokuSolver@401317a0
  board={{1,4,2,5,3,7,6,8,9},{3,7,5,8,9,6,1,2,4},{8,6,9,1,4,2,3,5,7},{9,5,7,2,6,8,4,1,3},{2,8,1,3,5,4,9,0,0},{0,0,0,0,0,0,0,0,0},{0,0,0,0,0,0,0,0,0},{0,0,0,0,0,0,0,0,0},{0,0,0,0,0,0,0,0,0}}
]
02:04:27.423 [main] INFO  sudoku.model.SudokuBoard - Wartość 0 wstawiona nieprawidłowo
02:04:27.423 [main] INFO  sudoku.model.SudokuBoard - Bład w kwadracie 0
sudoku.model.SudokuBoard@350ff014[
  size=9
  solver=sudoku.model.BacktrackingSudokuSolver@401317a0
  board={{1,4,2,5,3,7,6,8,9},{3,7,5,8,9,6,1,2,4},{8,6,9,1,4,2,3,5,7},{9,5,7,2,6,8,4,1,3},{2,8,1,3,5,4,9,7,6},{4,3,6,7,1,9,0,0,0},{0,0,0,0,0,0,0,0,0},{0,0,0,0,0,0,0,0,0},{0,0,0,0,0,0,0,0,0}}
]
02:04:27.423 [main] INFO  sudoku.model.SudokuBoard - Wartość 0 wstawiona nieprawidłowo
02:04:27.424 [main] INFO  sudoku.model.SudokuBoard - Bład w kwadracie 0
sudoku.model.SudokuBoard@350ff014[
  size=9
  solver=sudoku.model.BacktrackingSudokuSolver@401317a0
  board={{1,4,2,5,3,7,6,8,9},{3,7,5,8,9,6,1,2,4},{8,6,9,1,4,2,3,5,7},{9,5,7,2,6,8,4,1,3},{2,8,1,3,5,4,9,7,6},{4,3,6,7,1,9,0,0,0},{0,0,0,0,0,0,0,0,0},{0,0,0,0,0,0,0,0,0},{0,0,0,0,0,0,0,0,0}}
]
02:04:27.424 [main] INFO  sudoku.model.SudokuBoard - Wartość 0 wstawiona nieprawidłowo
02:04:27.425 [main] INFO  sudoku.model.SudokuBoard - Bład w kwadracie 0
sudoku.model.SudokuBoard@350ff014[
  size=9
  solver=sudoku.model.BacktrackingSudokuSolver@401317a0
  board={{1,4,2,5,3,7,6,8,9},{3,7,5,8,9,6,1,2,4},{8,6,9,1,4,2,3,5,7},{9,5,7,2,6,8,4,1,3},{2,8,1,3,5,4,9,7,6},{4,3,6,7,1,9,0,0,0},{0,0,0,0,0,0,0,0,0},{0,0,0,0,0,0,0,0,0},{0,0,0,0,0,0,0,0,0}}
]
02:04:27.426 [main] INFO  sudoku.model.SudokuBoard - Wartość 0 wstawiona nieprawidłowo
02:04:27.426 [main] INFO  sudoku.model.SudokuBoard - Bład w kwadracie 0
sudoku.model.SudokuBoard@350ff014[
  size=9
  solver=sudoku.model.BacktrackingSudokuSolver@401317a0
  board={{1,4,2,5,3,7,6,8,9},{3,7,5,8,9,6,1,2,4},{8,6,9,1,4,2,3,5,7},{9,5,7,2,6,8,4,1,3},{2,8,1,3,5,4,9,7,6},{4,3,6,7,1,0,0,0,0},{0,0,0,0,0,0,0,0,0},{0,0,0,0,0,0,0,0,0},{0,0,0,0,0,0,0,0,0}}
]
02:04:27.426 [main] INFO  sudoku.model.SudokuBoard - Wartość 0 wstawiona nieprawidłowo
02:04:27.426 [main] INFO  sudoku.model.SudokuBoard - Bład w kwadracie 0
sudoku.model.SudokuBoard@350ff014[
  size=9
  solver=sudoku.model.BacktrackingSudokuSolver@401317a0
  board={{1,4,2,5,3,7,6,8,9},{3,7,5,8,9,6,1,2,4},{8,6,9,1,4,2,3,5,7},{9,5,7,2,6,8,4,1,3},{2,8,1,3,5,4,9,7,6},{4,3,6,7,0,0,0,0,0},{0,0,0,0,0,0,0,0,0},{0,0,0,0,0,0,0,0,0},{0,0,0,0,0,0,0,0,0}}
]
02:04:27.426 [main] INFO  sudoku.model.SudokuBoard - Wartość 0 wstawiona nieprawidłowo
02:04:27.427 [main] INFO  sudoku.model.SudokuBoard - Bład w kwadracie 0
sudoku.model.SudokuBoard@350ff014[
  size=9
  solver=sudoku.model.BacktrackingSudokuSolver@401317a0
  board={{1,4,2,5,3,7,6,8,9},{3,7,5,8,9,6,1,2,4},{8,6,9,1,4,2,3,5,7},{9,5,7,2,6,8,4,1,3},{2,8,1,3,5,4,9,7,6},{4,3,6,0,0,0,0,0,0},{0,0,0,0,0,0,0,0,0},{0,0,0,0,0,0,0,0,0},{0,0,0,0,0,0,0,0,0}}
]
02:04:27.427 [main] INFO  sudoku.model.SudokuBoard - Wartość 0 wstawiona nieprawidłowo
02:04:27.427 [main] INFO  sudoku.model.SudokuBoard - Bład w kwadracie 0
sudoku.model.SudokuBoard@350ff014[
  size=9
  solver=sudoku.model.BacktrackingSudokuSolver@401317a0
  board={{1,4,2,5,3,7,6,8,9},{3,7,5,8,9,6,1,2,4},{8,6,9,1,4,2,3,5,7},{9,5,7,2,6,8,4,1,3},{2,8,1,3,5,4,9,7,6},{4,3,6,9,7,1,0,0,0},{0,0,0,0,0,0,0,0,0},{0,0,0,0,0,0,0,0,0},{0,0,0,0,0,0,0,0,0}}
]
02:04:27.427 [main] INFO  sudoku.model.SudokuBoard - Wartość 0 wstawiona nieprawidłowo
02:04:27.427 [main] INFO  sudoku.model.SudokuBoard - Bład w kwadracie 0
sudoku.model.SudokuBoard@350ff014[
  size=9
  solver=sudoku.model.BacktrackingSudokuSolver@401317a0
  board={{1,4,2,5,3,7,6,8,9},{3,7,5,8,9,6,1,2,4},{8,6,9,1,4,2,3,5,7},{9,5,7,2,6,8,4,1,3},{2,8,1,3,5,4,9,7,6},{4,3,6,9,7,1,0,0,0},{0,0,0,0,0,0,0,0,0},{0,0,0,0,0,0,0,0,0},{0,0,0,0,0,0,0,0,0}}
]
02:04:27.427 [main] INFO  sudoku.model.SudokuBoard - Wartość 0 wstawiona nieprawidłowo
02:04:27.427 [main] INFO  sudoku.model.SudokuBoard - Bład w kwadracie 0
sudoku.model.SudokuBoard@350ff014[
  size=9
  solver=sudoku.model.BacktrackingSudokuSolver@401317a0
  board={{1,4,2,5,3,7,6,8,9},{3,7,5,8,9,6,1,2,4},{8,6,9,1,4,2,3,5,7},{9,5,7,2,6,8,4,1,3},{2,8,1,3,5,4,9,7,6},{4,3,6,9,7,1,0,0,0},{0,0,0,0,0,0,0,0,0},{0,0,0,0,0,0,0,0,0},{0,0,0,0,0,0,0,0,0}}
]
02:04:27.427 [main] INFO  sudoku.model.SudokuBoard - Wartość 0 wstawiona nieprawidłowo
02:04:27.427 [main] INFO  sudoku.model.SudokuBoard - Bład w kwadracie 0
sudoku.model.SudokuBoard@350ff014[
  size=9
  solver=sudoku.model.BacktrackingSudokuSolver@401317a0
  board={{1,4,2,5,3,7,6,8,9},{3,7,5,8,9,6,1,2,4},{8,6,9,1,4,2,3,5,7},{9,5,7,2,6,8,4,1,3},{2,8,1,3,5,4,9,7,6},{4,3,6,9,7,0,0,0,0},{0,0,0,0,0,0,0,0,0},{0,0,0,0,0,0,0,0,0},{0,0,0,0,0,0,0,0,0}}
]
02:04:27.427 [main] INFO  sudoku.model.SudokuBoard - Wartość 0 wstawiona nieprawidłowo
02:04:27.428 [main] INFO  sudoku.model.SudokuBoard - Bład w kwadracie 0
sudoku.model.SudokuBoard@350ff014[
  size=9
  solver=sudoku.model.BacktrackingSudokuSolver@401317a0
  board={{1,4,2,5,3,7,6,8,9},{3,7,5,8,9,6,1,2,4},{8,6,9,1,4,2,3,5,7},{9,5,7,2,6,8,4,1,3},{2,8,1,3,5,4,9,7,6},{4,3,6,9,0,0,0,0,0},{0,0,0,0,0,0,0,0,0},{0,0,0,0,0,0,0,0,0},{0,0,0,0,0,0,0,0,0}}
]
02:04:27.428 [main] INFO  sudoku.model.SudokuBoard - Wartość 0 wstawiona nieprawidłowo
02:04:27.428 [main] INFO  sudoku.model.SudokuBoard - Bład w kwadracie 0
sudoku.model.SudokuBoard@350ff014[
  size=9
  solver=sudoku.model.BacktrackingSudokuSolver@401317a0
  board={{1,4,2,5,3,7,6,8,9},{3,7,5,8,9,6,1,2,4},{8,6,9,1,4,2,3,5,7},{9,5,7,2,6,8,4,1,3},{2,8,1,3,5,4,9,7,6},{4,3,6,9,0,0,0,0,0},{0,0,0,0,0,0,0,0,0},{0,0,0,0,0,0,0,0,0},{0,0,0,0,0,0,0,0,0}}
]
02:04:27.428 [main] INFO  sudoku.model.SudokuBoard - Wartość 0 wstawiona nieprawidłowo
02:04:27.428 [main] INFO  sudoku.model.SudokuBoard - Bład w kwadracie 0
sudoku.model.SudokuBoard@350ff014[
  size=9
  solver=sudoku.model.BacktrackingSudokuSolver@401317a0
  board={{1,4,2,5,3,7,6,8,9},{3,7,5,8,9,6,1,2,4},{8,6,9,1,4,2,3,5,7},{9,5,7,2,6,8,4,1,3},{2,8,1,3,5,4,9,7,6},{4,3,6,0,0,0,0,0,0},{0,0,0,0,0,0,0,0,0},{0,0,0,0,0,0,0,0,0},{0,0,0,0,0,0,0,0,0}}
]
02:04:27.428 [main] INFO  sudoku.model.SudokuBoard - Wartość 0 wstawiona nieprawidłowo
02:04:27.428 [main] INFO  sudoku.model.SudokuBoard - Bład w kwadracie 0
sudoku.model.SudokuBoard@350ff014[
  size=9
  solver=sudoku.model.BacktrackingSudokuSolver@401317a0
  board={{1,4,2,5,3,7,6,8,9},{3,7,5,8,9,6,1,2,4},{8,6,9,1,4,2,3,5,7},{9,5,7,2,6,8,4,1,3},{2,8,1,3,5,4,9,7,6},{4,3,0,0,0,0,0,0,0},{0,0,0,0,0,0,0,0,0},{0,0,0,0,0,0,0,0,0},{0,0,0,0,0,0,0,0,0}}
]
02:04:27.429 [main] INFO  sudoku.model.SudokuBoard - Wartość 0 wstawiona nieprawidłowo
02:04:27.429 [main] INFO  sudoku.model.SudokuBoard - Bład w kwadracie 0
sudoku.model.SudokuBoard@350ff014[
  size=9
  solver=sudoku.model.BacktrackingSudokuSolver@401317a0
  board={{1,4,2,5,3,7,6,8,9},{3,7,5,8,9,6,1,2,4},{8,6,9,1,4,2,3,5,7},{9,5,7,2,6,8,4,1,3},{2,8,1,3,5,4,9,7,6},{4,0,0,0,0,0,0,0,0},{0,0,0,0,0,0,0,0,0},{0,0,0,0,0,0,0,0,0},{0,0,0,0,0,0,0,0,0}}
]
02:04:27.429 [main] INFO  sudoku.model.SudokuBoard - Wartość 0 wstawiona nieprawidłowo
02:04:27.429 [main] INFO  sudoku.model.SudokuBoard - Bład w kwadracie 0
sudoku.model.SudokuBoard@350ff014[
  size=9
  solver=sudoku.model.BacktrackingSudokuSolver@401317a0
  board={{1,4,2,5,3,7,6,8,9},{3,7,5,8,9,6,1,2,4},{8,6,9,1,4,2,3,5,7},{9,5,7,2,6,8,4,1,3},{2,8,1,3,5,4,9,7,6},{0,0,0,0,0,0,0,0,0},{0,0,0,0,0,0,0,0,0},{0,0,0,0,0,0,0,0,0},{0,0,0,0,0,0,0,0,0}}
]
02:04:27.429 [main] INFO  sudoku.model.SudokuBoard - Wartość 0 wstawiona nieprawidłowo
02:04:27.429 [main] INFO  sudoku.model.SudokuBoard - Bład w kwadracie 0
sudoku.model.SudokuBoard@350ff014[
  size=9
  solver=sudoku.model.BacktrackingSudokuSolver@401317a0
  board={{1,4,2,5,3,7,6,8,9},{3,7,5,8,9,6,1,2,4},{8,6,9,1,4,2,3,5,7},{9,5,7,2,6,8,4,1,3},{2,8,1,3,5,4,9,7,6},{6,3,4,7,1,9,0,0,0},{0,0,0,0,0,0,0,0,0},{0,0,0,0,0,0,0,0,0},{0,0,0,0,0,0,0,0,0}}
]
02:04:27.429 [main] INFO  sudoku.model.SudokuBoard - Wartość 0 wstawiona nieprawidłowo
02:04:27.429 [main] INFO  sudoku.model.SudokuBoard - Bład w kwadracie 0
sudoku.model.SudokuBoard@350ff014[
  size=9
  solver=sudoku.model.BacktrackingSudokuSolver@401317a0
  board={{1,4,2,5,3,7,6,8,9},{3,7,5,8,9,6,1,2,4},{8,6,9,1,4,2,3,5,7},{9,5,7,2,6,8,4,1,3},{2,8,1,3,5,4,9,7,6},{6,3,4,7,1,9,0,0,0},{0,0,0,0,0,0,0,0,0},{0,0,0,0,0,0,0,0,0},{0,0,0,0,0,0,0,0,0}}
]
02:04:27.429 [main] INFO  sudoku.model.SudokuBoard - Wartość 0 wstawiona nieprawidłowo
02:04:27.430 [main] INFO  sudoku.model.SudokuBoard - Bład w kwadracie 0
sudoku.model.SudokuBoard@350ff014[
  size=9
  solver=sudoku.model.BacktrackingSudokuSolver@401317a0
  board={{1,4,2,5,3,7,6,8,9},{3,7,5,8,9,6,1,2,4},{8,6,9,1,4,2,3,5,7},{9,5,7,2,6,8,4,1,3},{2,8,1,3,5,4,9,7,6},{6,3,4,7,1,9,0,0,0},{0,0,0,0,0,0,0,0,0},{0,0,0,0,0,0,0,0,0},{0,0,0,0,0,0,0,0,0}}
]
02:04:27.431 [main] INFO  sudoku.model.SudokuBoard - Wartość 0 wstawiona nieprawidłowo
02:04:27.431 [main] INFO  sudoku.model.SudokuBoard - Bład w kwadracie 0
sudoku.model.SudokuBoard@350ff014[
  size=9
  solver=sudoku.model.BacktrackingSudokuSolver@401317a0
  board={{1,4,2,5,3,7,6,8,9},{3,7,5,8,9,6,1,2,4},{8,6,9,1,4,2,3,5,7},{9,5,7,2,6,8,4,1,3},{2,8,1,3,5,4,9,7,6},{6,3,4,7,1,0,0,0,0},{0,0,0,0,0,0,0,0,0},{0,0,0,0,0,0,0,0,0},{0,0,0,0,0,0,0,0,0}}
]
02:04:27.431 [main] INFO  sudoku.model.SudokuBoard - Wartość 0 wstawiona nieprawidłowo
02:04:27.431 [main] INFO  sudoku.model.SudokuBoard - Bład w kwadracie 0
sudoku.model.SudokuBoard@350ff014[
  size=9
  solver=sudoku.model.BacktrackingSudokuSolver@401317a0
  board={{1,4,2,5,3,7,6,8,9},{3,7,5,8,9,6,1,2,4},{8,6,9,1,4,2,3,5,7},{9,5,7,2,6,8,4,1,3},{2,8,1,3,5,4,9,7,6},{6,3,4,7,0,0,0,0,0},{0,0,0,0,0,0,0,0,0},{0,0,0,0,0,0,0,0,0},{0,0,0,0,0,0,0,0,0}}
]
02:04:27.431 [main] INFO  sudoku.model.SudokuBoard - Wartość 0 wstawiona nieprawidłowo
02:04:27.432 [main] INFO  sudoku.model.SudokuBoard - Bład w kwadracie 0
sudoku.model.SudokuBoard@350ff014[
  size=9
  solver=sudoku.model.BacktrackingSudokuSolver@401317a0
  board={{1,4,2,5,3,7,6,8,9},{3,7,5,8,9,6,1,2,4},{8,6,9,1,4,2,3,5,7},{9,5,7,2,6,8,4,1,3},{2,8,1,3,5,4,9,7,6},{6,3,4,0,0,0,0,0,0},{0,0,0,0,0,0,0,0,0},{0,0,0,0,0,0,0,0,0},{0,0,0,0,0,0,0,0,0}}
]
02:04:27.433 [main] INFO  sudoku.model.SudokuBoard - Wartość 0 wstawiona nieprawidłowo
02:04:27.433 [main] INFO  sudoku.model.SudokuBoard - Bład w kwadracie 0
sudoku.model.SudokuBoard@350ff014[
  size=9
  solver=sudoku.model.BacktrackingSudokuSolver@401317a0
  board={{1,4,2,5,3,7,6,8,9},{3,7,5,8,9,6,1,2,4},{8,6,9,1,4,2,3,5,7},{9,5,7,2,6,8,4,1,3},{2,8,1,3,5,4,9,7,6},{6,3,4,9,0,0,0,0,0},{0,0,0,0,0,0,0,0,0},{0,0,0,0,0,0,0,0,0},{0,0,0,0,0,0,0,0,0}}
]
02:04:27.433 [main] INFO  sudoku.model.SudokuBoard - Wartość 0 wstawiona nieprawidłowo
02:04:27.433 [main] INFO  sudoku.model.SudokuBoard - Bład w kwadracie 0
sudoku.model.SudokuBoard@350ff014[
  size=9
  solver=sudoku.model.BacktrackingSudokuSolver@401317a0
  board={{1,4,2,5,3,7,6,8,9},{3,7,5,8,9,6,1,2,4},{8,6,9,1,4,2,3,5,7},{9,5,7,2,6,8,4,1,3},{2,8,1,3,5,4,9,7,6},{6,3,4,9,7,1,0,0,0},{0,0,0,0,0,0,0,0,0},{0,0,0,0,0,0,0,0,0},{0,0,0,0,0,0,0,0,0}}
]
02:04:27.433 [main] INFO  sudoku.model.SudokuBoard - Wartość 0 wstawiona nieprawidłowo
02:04:27.433 [main] INFO  sudoku.model.SudokuBoard - Bład w kwadracie 0
sudoku.model.SudokuBoard@350ff014[
  size=9
  solver=sudoku.model.BacktrackingSudokuSolver@401317a0
  board={{1,4,2,5,3,7,6,8,9},{3,7,5,8,9,6,1,2,4},{8,6,9,1,4,2,3,5,7},{9,5,7,2,6,8,4,1,3},{2,8,1,3,5,4,9,7,6},{6,3,4,9,7,1,0,0,0},{0,0,0,0,0,0,0,0,0},{0,0,0,0,0,0,0,0,0},{0,0,0,0,0,0,0,0,0}}
]
02:04:27.434 [main] INFO  sudoku.model.SudokuBoard - Wartość 0 wstawiona nieprawidłowo
02:04:27.434 [main] INFO  sudoku.model.SudokuBoard - Bład w kwadracie 0
sudoku.model.SudokuBoard@350ff014[
  size=9
  solver=sudoku.model.BacktrackingSudokuSolver@401317a0
  board={{1,4,2,5,3,7,6,8,9},{3,7,5,8,9,6,1,2,4},{8,6,9,1,4,2,3,5,7},{9,5,7,2,6,8,4,1,3},{2,8,1,3,5,4,9,7,6},{6,3,4,9,7,1,0,0,0},{0,0,0,0,0,0,0,0,0},{0,0,0,0,0,0,0,0,0},{0,0,0,0,0,0,0,0,0}}
]
02:04:27.434 [main] INFO  sudoku.model.SudokuBoard - Wartość 0 wstawiona nieprawidłowo
02:04:27.434 [main] INFO  sudoku.model.SudokuBoard - Bład w kwadracie 0
sudoku.model.SudokuBoard@350ff014[
  size=9
  solver=sudoku.model.BacktrackingSudokuSolver@401317a0
  board={{1,4,2,5,3,7,6,8,9},{3,7,5,8,9,6,1,2,4},{8,6,9,1,4,2,3,5,7},{9,5,7,2,6,8,4,1,3},{2,8,1,3,5,4,9,7,6},{6,3,4,9,7,0,0,0,0},{0,0,0,0,0,0,0,0,0},{0,0,0,0,0,0,0,0,0},{0,0,0,0,0,0,0,0,0}}
]
02:04:27.434 [main] INFO  sudoku.model.SudokuBoard - Wartość 0 wstawiona nieprawidłowo
02:04:27.434 [main] INFO  sudoku.model.SudokuBoard - Bład w kwadracie 0
sudoku.model.SudokuBoard@350ff014[
  size=9
  solver=sudoku.model.BacktrackingSudokuSolver@401317a0
  board={{1,4,2,5,3,7,6,8,9},{3,7,5,8,9,6,1,2,4},{8,6,9,1,4,2,3,5,7},{9,5,7,2,6,8,4,1,3},{2,8,1,3,5,4,9,7,6},{6,3,4,9,0,0,0,0,0},{0,0,0,0,0,0,0,0,0},{0,0,0,0,0,0,0,0,0},{0,0,0,0,0,0,0,0,0}}
]
02:04:27.434 [main] INFO  sudoku.model.SudokuBoard - Wartość 0 wstawiona nieprawidłowo
02:04:27.434 [main] INFO  sudoku.model.SudokuBoard - Bład w kwadracie 0
sudoku.model.SudokuBoard@350ff014[
  size=9
  solver=sudoku.model.BacktrackingSudokuSolver@401317a0
  board={{1,4,2,5,3,7,6,8,9},{3,7,5,8,9,6,1,2,4},{8,6,9,1,4,2,3,5,7},{9,5,7,2,6,8,4,1,3},{2,8,1,3,5,4,9,7,6},{6,3,4,0,0,0,0,0,0},{0,0,0,0,0,0,0,0,0},{0,0,0,0,0,0,0,0,0},{0,0,0,0,0,0,0,0,0}}
]
02:04:27.434 [main] INFO  sudoku.model.SudokuBoard - Wartość 0 wstawiona nieprawidłowo
02:04:27.434 [main] INFO  sudoku.model.SudokuBoard - Bład w kwadracie 0
sudoku.model.SudokuBoard@350ff014[
  size=9
  solver=sudoku.model.BacktrackingSudokuSolver@401317a0
  board={{1,4,2,5,3,7,6,8,9},{3,7,5,8,9,6,1,2,4},{8,6,9,1,4,2,3,5,7},{9,5,7,2,6,8,4,1,3},{2,8,1,3,5,4,9,7,6},{6,3,0,0,0,0,0,0,0},{0,0,0,0,0,0,0,0,0},{0,0,0,0,0,0,0,0,0},{0,0,0,0,0,0,0,0,0}}
]
02:04:27.434 [main] INFO  sudoku.model.SudokuBoard - Wartość 0 wstawiona nieprawidłowo
02:04:27.435 [main] INFO  sudoku.model.SudokuBoard - Bład w kwadracie 0
sudoku.model.SudokuBoard@350ff014[
  size=9
  solver=sudoku.model.BacktrackingSudokuSolver@401317a0
  board={{1,4,2,5,3,7,6,8,9},{3,7,5,8,9,6,1,2,4},{8,6,9,1,4,2,3,5,7},{9,5,7,2,6,8,4,1,3},{2,8,1,3,5,4,9,7,6},{6,0,0,0,0,0,0,0,0},{0,0,0,0,0,0,0,0,0},{0,0,0,0,0,0,0,0,0},{0,0,0,0,0,0,0,0,0}}
]
02:04:27.435 [main] INFO  sudoku.model.SudokuBoard - Wartość 0 wstawiona nieprawidłowo
02:04:27.435 [main] INFO  sudoku.model.SudokuBoard - Bład w kwadracie 0
sudoku.model.SudokuBoard@350ff014[
  size=9
  solver=sudoku.model.BacktrackingSudokuSolver@401317a0
  board={{1,4,2,5,3,7,6,8,9},{3,7,5,8,9,6,1,2,4},{8,6,9,1,4,2,3,5,7},{9,5,7,2,6,8,4,1,3},{2,8,1,3,5,4,9,7,6},{0,0,0,0,0,0,0,0,0},{0,0,0,0,0,0,0,0,0},{0,0,0,0,0,0,0,0,0},{0,0,0,0,0,0,0,0,0}}
]
02:04:27.435 [main] INFO  sudoku.model.SudokuBoard - Wartość 0 wstawiona nieprawidłowo
02:04:27.435 [main] INFO  sudoku.model.SudokuBoard - Bład w kwadracie 0
sudoku.model.SudokuBoard@350ff014[
  size=9
  solver=sudoku.model.BacktrackingSudokuSolver@401317a0
  board={{1,4,2,5,3,7,6,8,9},{3,7,5,8,9,6,1,2,4},{8,6,9,1,4,2,3,5,7},{9,5,7,2,6,8,4,1,3},{2,8,1,3,5,4,9,7,0},{0,0,0,0,0,0,0,0,0},{0,0,0,0,0,0,0,0,0},{0,0,0,0,0,0,0,0,0},{0,0,0,0,0,0,0,0,0}}
]
02:04:27.436 [main] INFO  sudoku.model.SudokuBoard - Wartość 0 wstawiona nieprawidłowo
02:04:27.436 [main] INFO  sudoku.model.SudokuBoard - Bład w kwadracie 0
sudoku.model.SudokuBoard@350ff014[
  size=9
  solver=sudoku.model.BacktrackingSudokuSolver@401317a0
  board={{1,4,2,5,3,7,6,8,9},{3,7,5,8,9,6,1,2,4},{8,6,9,1,4,2,3,5,7},{9,5,7,2,6,8,4,1,3},{2,8,1,3,5,4,9,0,0},{0,0,0,0,0,0,0,0,0},{0,0,0,0,0,0,0,0,0},{0,0,0,0,0,0,0,0,0},{0,0,0,0,0,0,0,0,0}}
]
02:04:27.436 [main] INFO  sudoku.model.SudokuBoard - Wartość 0 wstawiona nieprawidłowo
02:04:27.436 [main] INFO  sudoku.model.SudokuBoard - Bład w kwadracie 0
sudoku.model.SudokuBoard@350ff014[
  size=9
  solver=sudoku.model.BacktrackingSudokuSolver@401317a0
  board={{1,4,2,5,3,7,6,8,9},{3,7,5,8,9,6,1,2,4},{8,6,9,1,4,2,3,5,7},{9,5,7,2,6,8,4,1,3},{2,8,1,3,5,4,0,0,0},{0,0,0,0,0,0,0,0,0},{0,0,0,0,0,0,0,0,0},{0,0,0,0,0,0,0,0,0},{0,0,0,0,0,0,0,0,0}}
]
02:04:27.436 [main] INFO  sudoku.model.SudokuBoard - Wartość 0 wstawiona nieprawidłowo
02:04:27.436 [main] INFO  sudoku.model.SudokuBoard - Bład w kwadracie 0
sudoku.model.SudokuBoard@350ff014[
  size=9
  solver=sudoku.model.BacktrackingSudokuSolver@401317a0
  board={{1,4,2,5,3,7,6,8,9},{3,7,5,8,9,6,1,2,4},{8,6,9,1,4,2,3,5,7},{9,5,7,2,6,8,4,1,3},{2,8,1,3,5,0,0,0,0},{0,0,0,0,0,0,0,0,0},{0,0,0,0,0,0,0,0,0},{0,0,0,0,0,0,0,0,0},{0,0,0,0,0,0,0,0,0}}
]
02:04:27.436 [main] INFO  sudoku.model.SudokuBoard - Wartość 0 wstawiona nieprawidłowo
02:04:27.436 [main] INFO  sudoku.model.SudokuBoard - Bład w kwadracie 0
sudoku.model.SudokuBoard@350ff014[
  size=9
  solver=sudoku.model.BacktrackingSudokuSolver@401317a0
  board={{1,4,2,5,3,7,6,8,9},{3,7,5,8,9,6,1,2,4},{8,6,9,1,4,2,3,5,7},{9,5,7,2,6,8,4,1,3},{2,8,1,3,0,0,0,0,0},{0,0,0,0,0,0,0,0,0},{0,0,0,0,0,0,0,0,0},{0,0,0,0,0,0,0,0,0},{0,0,0,0,0,0,0,0,0}}
]
02:04:27.436 [main] INFO  sudoku.model.SudokuBoard - Wartość 0 wstawiona nieprawidłowo
02:04:27.437 [main] INFO  sudoku.model.SudokuBoard - Bład w kwadracie 0
sudoku.model.SudokuBoard@350ff014[
  size=9
  solver=sudoku.model.BacktrackingSudokuSolver@401317a0
  board={{1,4,2,5,3,7,6,8,9},{3,7,5,8,9,6,1,2,4},{8,6,9,1,4,2,3,5,7},{9,5,7,2,6,8,4,1,3},{2,8,1,3,7,4,5,9,6},{4,3,6,9,5,1,8,7,2},{6,2,8,7,1,3,9,4,5},{5,1,3,4,8,9,7,0,0},{0,0,0,0,0,0,0,0,0}}
]
02:04:27.437 [main] INFO  sudoku.model.SudokuBoard - Wartość 0 wstawiona nieprawidłowo
02:04:27.437 [main] INFO  sudoku.model.SudokuBoard - Bład w kwadracie 0
sudoku.model.SudokuBoard@350ff014[
  size=9
  solver=sudoku.model.BacktrackingSudokuSolver@401317a0
  board={{1,4,2,5,3,7,6,8,9},{3,7,5,8,9,6,1,2,4},{8,6,9,1,4,2,3,5,7},{9,5,7,2,6,8,4,1,3},{2,8,1,3,7,4,5,9,6},{4,3,6,9,5,1,8,7,2},{6,2,8,7,1,3,9,4,5},{5,1,3,4,8,9,0,0,0},{0,0,0,0,0,0,0,0,0}}
]
02:04:27.437 [main] INFO  sudoku.model.SudokuBoard - Wartość 0 wstawiona nieprawidłowo
02:04:27.439 [main] INFO  sudoku.model.SudokuBoard - Bład w kwadracie 0
sudoku.model.SudokuBoard@350ff014[
  size=9
  solver=sudoku.model.BacktrackingSudokuSolver@401317a0
  board={{1,4,2,5,3,7,6,8,9},{3,7,5,8,9,6,1,2,4},{8,6,9,1,4,2,3,5,7},{9,5,7,2,6,8,4,1,3},{2,8,1,3,7,4,5,9,6},{4,3,6,9,5,1,8,7,2},{6,2,8,7,1,3,9,4,5},{5,1,3,4,8,9,2,0,0},{0,0,0,0,0,0,0,0,0}}
]
02:04:27.439 [main] INFO  sudoku.model.SudokuBoard - Wartość 0 wstawiona nieprawidłowo
02:04:27.440 [main] INFO  sudoku.model.SudokuBoard - Bład w kwadracie 0
sudoku.model.SudokuBoard@350ff014[
  size=9
  solver=sudoku.model.BacktrackingSudokuSolver@401317a0
  board={{1,4,2,5,3,7,6,8,9},{3,7,5,8,9,6,1,2,4},{8,6,9,1,4,2,3,5,7},{9,5,7,2,6,8,4,1,3},{2,8,1,3,7,4,5,9,6},{4,3,6,9,5,1,8,7,2},{6,2,8,7,1,3,9,4,5},{5,1,3,4,8,9,0,0,0},{0,0,0,0,0,0,0,0,0}}
]
02:04:27.440 [main] INFO  sudoku.model.SudokuBoard - Wartość 0 wstawiona nieprawidłowo
02:04:27.441 [main] INFO  sudoku.model.SudokuBoard - Bład w kwadracie 0
sudoku.model.SudokuBoard@350ff014[
  size=9
  solver=sudoku.model.BacktrackingSudokuSolver@401317a0
  board={{1,4,2,5,3,7,6,8,9},{3,7,5,8,9,6,1,2,4},{8,6,9,1,4,2,3,5,7},{9,5,7,2,6,8,4,1,3},{2,8,1,3,7,4,5,9,6},{4,3,6,9,5,1,8,7,2},{6,2,8,7,1,3,9,4,5},{5,1,3,4,8,0,0,0,0},{0,0,0,0,0,0,0,0,0}}
]
02:04:27.441 [main] INFO  sudoku.model.SudokuBoard - Wartość 0 wstawiona nieprawidłowo
02:04:27.441 [main] INFO  sudoku.model.SudokuBoard - Bład w kwadracie 0
sudoku.model.SudokuBoard@350ff014[
  size=9
  solver=sudoku.model.BacktrackingSudokuSolver@401317a0
  board={{1,4,2,5,3,7,6,8,9},{3,7,5,8,9,6,1,2,4},{8,6,9,1,4,2,3,5,7},{9,5,7,2,6,8,4,1,3},{2,8,1,3,7,4,5,9,6},{4,3,6,9,5,1,8,7,2},{6,2,8,7,1,3,9,4,5},{5,1,3,4,0,0,0,0,0},{0,0,0,0,0,0,0,0,0}}
]
02:04:27.442 [main] INFO  sudoku.model.SudokuBoard - Wartość 0 wstawiona nieprawidłowo
]]></system-out>
  </testcase>
  <testcase name="testEqualsSame" classname="sudoku.model.SeriesTest" time="0.018">
    <system-out><![CDATA[02:04:27.447 [main] INFO  sudoku.model.SudokuBoard - Bład w kwadracie 0
sudoku.model.SudokuBoard@173511ff[
  size=9
  solver=sudoku.model.BacktrackingSudokuSolver@6df11e91
  board={{1,6,2,5,3,9,4,7,8},{7,9,3,6,8,4,1,2,5},{4,5,8,1,7,2,3,6,9},{5,3,4,9,6,7,8,1,2},{8,7,6,2,1,3,5,9,4},{2,1,9,4,5,8,6,3,7},{6,8,1,3,9,5,2,0,0},{0,0,0,0,0,0,0,0,0},{0,0,0,0,0,0,0,0,0}}
]
02:04:27.447 [main] INFO  sudoku.model.SudokuBoard - Wartość 0 wstawiona nieprawidłowo
02:04:27.447 [main] INFO  sudoku.model.SudokuBoard - Bład w kwadracie 0
sudoku.model.SudokuBoard@173511ff[
  size=9
  solver=sudoku.model.BacktrackingSudokuSolver@6df11e91
  board={{1,6,2,5,3,9,4,7,8},{7,9,3,6,8,4,1,2,5},{4,5,8,1,7,2,3,6,9},{5,3,4,9,6,7,8,1,2},{8,7,6,2,1,3,5,9,4},{2,1,9,4,5,8,6,3,7},{6,8,1,3,9,5,0,0,0},{0,0,0,0,0,0,0,0,0},{0,0,0,0,0,0,0,0,0}}
]
02:04:27.448 [main] INFO  sudoku.model.SudokuBoard - Wartość 0 wstawiona nieprawidłowo
02:04:27.448 [main] INFO  sudoku.model.SudokuBoard - Bład w kwadracie 0
sudoku.model.SudokuBoard@173511ff[
  size=9
  solver=sudoku.model.BacktrackingSudokuSolver@6df11e91
  board={{1,6,2,5,3,9,4,7,8},{7,9,3,6,8,4,1,2,5},{4,5,8,1,7,2,3,6,9},{5,3,4,9,6,7,8,1,2},{8,7,6,2,1,3,5,9,4},{2,1,9,4,5,8,6,3,7},{6,8,1,3,9,5,7,0,0},{0,0,0,0,0,0,0,0,0},{0,0,0,0,0,0,0,0,0}}
]
02:04:27.448 [main] INFO  sudoku.model.SudokuBoard - Wartość 0 wstawiona nieprawidłowo
02:04:27.448 [main] INFO  sudoku.model.SudokuBoard - Bład w kwadracie 0
sudoku.model.SudokuBoard@173511ff[
  size=9
  solver=sudoku.model.BacktrackingSudokuSolver@6df11e91
  board={{1,6,2,5,3,9,4,7,8},{7,9,3,6,8,4,1,2,5},{4,5,8,1,7,2,3,6,9},{5,3,4,9,6,7,8,1,2},{8,7,6,2,1,3,5,9,4},{2,1,9,4,5,8,6,3,7},{6,8,1,3,9,5,0,0,0},{0,0,0,0,0,0,0,0,0},{0,0,0,0,0,0,0,0,0}}
]
02:04:27.448 [main] INFO  sudoku.model.SudokuBoard - Wartość 0 wstawiona nieprawidłowo
02:04:27.448 [main] INFO  sudoku.model.SudokuBoard - Bład w kwadracie 0
sudoku.model.SudokuBoard@173511ff[
  size=9
  solver=sudoku.model.BacktrackingSudokuSolver@6df11e91
  board={{1,6,2,5,3,9,4,7,8},{7,9,3,6,8,4,1,2,5},{4,5,8,1,7,2,3,6,9},{5,3,4,9,6,7,8,1,2},{8,7,6,2,1,3,5,9,4},{2,1,9,4,5,8,6,3,7},{6,8,1,3,9,0,0,0,0},{0,0,0,0,0,0,0,0,0},{0,0,0,0,0,0,0,0,0}}
]
02:04:27.448 [main] INFO  sudoku.model.SudokuBoard - Wartość 0 wstawiona nieprawidłowo
02:04:27.449 [main] INFO  sudoku.model.SudokuBoard - Bład w kwadracie 0
sudoku.model.SudokuBoard@173511ff[
  size=9
  solver=sudoku.model.BacktrackingSudokuSolver@6df11e91
  board={{1,6,2,5,3,9,4,7,8},{7,9,3,6,8,4,1,2,5},{4,5,8,1,7,2,3,6,9},{5,3,4,9,6,7,8,1,2},{8,7,6,2,1,3,5,9,4},{2,1,9,4,5,8,6,3,7},{6,8,1,3,0,0,0,0,0},{0,0,0,0,0,0,0,0,0},{0,0,0,0,0,0,0,0,0}}
]
02:04:27.449 [main] INFO  sudoku.model.SudokuBoard - Wartość 0 wstawiona nieprawidłowo
02:04:27.449 [main] INFO  sudoku.model.SudokuBoard - Bład w kwadracie 0
sudoku.model.SudokuBoard@173511ff[
  size=9
  solver=sudoku.model.BacktrackingSudokuSolver@6df11e91
  board={{1,6,2,5,3,9,4,7,8},{7,9,3,6,8,4,1,2,5},{4,5,8,1,7,2,3,6,9},{5,3,4,9,6,7,8,1,2},{8,7,6,2,1,3,5,9,4},{2,1,9,4,5,8,6,3,7},{6,8,1,3,2,5,9,0,0},{0,0,0,0,0,0,0,0,0},{0,0,0,0,0,0,0,0,0}}
]
02:04:27.449 [main] INFO  sudoku.model.SudokuBoard - Wartość 0 wstawiona nieprawidłowo
02:04:27.449 [main] INFO  sudoku.model.SudokuBoard - Bład w kwadracie 0
sudoku.model.SudokuBoard@173511ff[
  size=9
  solver=sudoku.model.BacktrackingSudokuSolver@6df11e91
  board={{1,6,2,5,3,9,4,7,8},{7,9,3,6,8,4,1,2,5},{4,5,8,1,7,2,3,6,9},{5,3,4,9,6,7,8,1,2},{8,7,6,2,1,3,5,9,4},{2,1,9,4,5,8,6,3,7},{6,8,1,3,2,5,0,0,0},{0,0,0,0,0,0,0,0,0},{0,0,0,0,0,0,0,0,0}}
]
02:04:27.449 [main] INFO  sudoku.model.SudokuBoard - Wartość 0 wstawiona nieprawidłowo
02:04:27.449 [main] INFO  sudoku.model.SudokuBoard - Bład w kwadracie 0
sudoku.model.SudokuBoard@173511ff[
  size=9
  solver=sudoku.model.BacktrackingSudokuSolver@6df11e91
  board={{1,6,2,5,3,9,4,7,8},{7,9,3,6,8,4,1,2,5},{4,5,8,1,7,2,3,6,9},{5,3,4,9,6,7,8,1,2},{8,7,6,2,1,3,5,9,4},{2,1,9,4,5,8,6,3,7},{6,8,1,3,2,5,7,0,0},{0,0,0,0,0,0,0,0,0},{0,0,0,0,0,0,0,0,0}}
]
02:04:27.449 [main] INFO  sudoku.model.SudokuBoard - Wartość 0 wstawiona nieprawidłowo
02:04:27.449 [main] INFO  sudoku.model.SudokuBoard - Bład w kwadracie 0
sudoku.model.SudokuBoard@173511ff[
  size=9
  solver=sudoku.model.BacktrackingSudokuSolver@6df11e91
  board={{1,6,2,5,3,9,4,7,8},{7,9,3,6,8,4,1,2,5},{4,5,8,1,7,2,3,6,9},{5,3,4,9,6,7,8,1,2},{8,7,6,2,1,3,5,9,4},{2,1,9,4,5,8,6,3,7},{6,8,1,3,2,5,0,0,0},{0,0,0,0,0,0,0,0,0},{0,0,0,0,0,0,0,0,0}}
]
02:04:27.449 [main] INFO  sudoku.model.SudokuBoard - Wartość 0 wstawiona nieprawidłowo
02:04:27.450 [main] INFO  sudoku.model.SudokuBoard - Bład w kwadracie 0
sudoku.model.SudokuBoard@173511ff[
  size=9
  solver=sudoku.model.BacktrackingSudokuSolver@6df11e91
  board={{1,6,2,5,3,9,4,7,8},{7,9,3,6,8,4,1,2,5},{4,5,8,1,7,2,3,6,9},{5,3,4,9,6,7,8,1,2},{8,7,6,2,1,3,5,9,4},{2,1,9,4,5,8,6,3,7},{6,8,1,3,2,0,0,0,0},{0,0,0,0,0,0,0,0,0},{0,0,0,0,0,0,0,0,0}}
]
02:04:27.450 [main] INFO  sudoku.model.SudokuBoard - Wartość 0 wstawiona nieprawidłowo
02:04:27.450 [main] INFO  sudoku.model.SudokuBoard - Bład w kwadracie 0
sudoku.model.SudokuBoard@173511ff[
  size=9
  solver=sudoku.model.BacktrackingSudokuSolver@6df11e91
  board={{1,6,2,5,3,9,4,7,8},{7,9,3,6,8,4,1,2,5},{4,5,8,1,7,2,3,6,9},{5,3,4,9,6,7,8,1,2},{8,7,6,2,1,3,5,9,4},{2,1,9,4,5,8,6,3,7},{6,8,1,3,0,0,0,0,0},{0,0,0,0,0,0,0,0,0},{0,0,0,0,0,0,0,0,0}}
]
02:04:27.450 [main] INFO  sudoku.model.SudokuBoard - Wartość 0 wstawiona nieprawidłowo
02:04:27.451 [main] INFO  sudoku.model.SudokuBoard - Bład w kwadracie 0
sudoku.model.SudokuBoard@173511ff[
  size=9
  solver=sudoku.model.BacktrackingSudokuSolver@6df11e91
  board={{1,6,2,5,3,9,4,7,8},{7,9,3,6,8,4,1,2,5},{4,5,8,1,7,2,3,6,9},{5,3,4,9,6,7,8,1,2},{8,7,6,2,1,3,5,9,4},{2,1,9,4,5,8,6,3,7},{6,8,1,3,4,5,0,0,0},{0,0,0,0,0,0,0,0,0},{0,0,0,0,0,0,0,0,0}}
]
02:04:27.451 [main] INFO  sudoku.model.SudokuBoard - Wartość 0 wstawiona nieprawidłowo
02:04:27.451 [main] INFO  sudoku.model.SudokuBoard - Bład w kwadracie 0
sudoku.model.SudokuBoard@173511ff[
  size=9
  solver=sudoku.model.BacktrackingSudokuSolver@6df11e91
  board={{1,6,2,5,3,9,4,7,8},{7,9,3,6,8,4,1,2,5},{4,5,8,1,7,2,3,6,9},{5,3,4,9,6,7,8,1,2},{8,7,6,2,1,3,5,9,4},{2,1,9,4,5,8,6,3,7},{6,8,1,3,4,5,0,0,0},{0,0,0,0,0,0,0,0,0},{0,0,0,0,0,0,0,0,0}}
]
02:04:27.451 [main] INFO  sudoku.model.SudokuBoard - Wartość 0 wstawiona nieprawidłowo
02:04:27.451 [main] INFO  sudoku.model.SudokuBoard - Bład w kwadracie 0
sudoku.model.SudokuBoard@173511ff[
  size=9
  solver=sudoku.model.BacktrackingSudokuSolver@6df11e91
  board={{1,6,2,5,3,9,4,7,8},{7,9,3,6,8,4,1,2,5},{4,5,8,1,7,2,3,6,9},{5,3,4,9,6,7,8,1,2},{8,7,6,2,1,3,5,9,4},{2,1,9,4,5,8,6,3,7},{6,8,1,3,4,5,0,0,0},{0,0,0,0,0,0,0,0,0},{0,0,0,0,0,0,0,0,0}}
]
02:04:27.451 [main] INFO  sudoku.model.SudokuBoard - Wartość 0 wstawiona nieprawidłowo
02:04:27.452 [main] INFO  sudoku.model.SudokuBoard - Bład w kwadracie 0
sudoku.model.SudokuBoard@173511ff[
  size=9
  solver=sudoku.model.BacktrackingSudokuSolver@6df11e91
  board={{1,6,2,5,3,9,4,7,8},{7,9,3,6,8,4,1,2,5},{4,5,8,1,7,2,3,6,9},{5,3,4,9,6,7,8,1,2},{8,7,6,2,1,3,5,9,4},{2,1,9,4,5,8,6,3,7},{6,8,1,3,4,0,0,0,0},{0,0,0,0,0,0,0,0,0},{0,0,0,0,0,0,0,0,0}}
]
02:04:27.452 [main] INFO  sudoku.model.SudokuBoard - Wartość 0 wstawiona nieprawidłowo
02:04:27.452 [main] INFO  sudoku.model.SudokuBoard - Bład w kwadracie 0
sudoku.model.SudokuBoard@173511ff[
  size=9
  solver=sudoku.model.BacktrackingSudokuSolver@6df11e91
  board={{1,6,2,5,3,9,4,7,8},{7,9,3,6,8,4,1,2,5},{4,5,8,1,7,2,3,6,9},{5,3,4,9,6,7,8,1,2},{8,7,6,2,1,3,5,9,4},{2,1,9,4,5,8,6,3,7},{6,8,1,3,0,0,0,0,0},{0,0,0,0,0,0,0,0,0},{0,0,0,0,0,0,0,0,0}}
]
02:04:27.453 [main] INFO  sudoku.model.SudokuBoard - Wartość 0 wstawiona nieprawidłowo
02:04:27.454 [main] INFO  sudoku.model.SudokuBoard - Bład w kwadracie 0
sudoku.model.SudokuBoard@173511ff[
  size=9
  solver=sudoku.model.BacktrackingSudokuSolver@6df11e91
  board={{1,6,2,5,3,9,4,7,8},{7,9,3,6,8,4,1,2,5},{4,5,8,1,7,2,3,6,9},{5,3,4,9,6,7,8,1,2},{8,7,6,2,1,3,5,9,4},{2,1,9,4,5,8,6,3,7},{6,8,1,0,0,0,0,0,0},{0,0,0,0,0,0,0,0,0},{0,0,0,0,0,0,0,0,0}}
]
02:04:27.457 [main] INFO  sudoku.model.SudokuBoard - Wartość 0 wstawiona nieprawidłowo
02:04:27.457 [main] INFO  sudoku.model.SudokuBoard - Bład w kwadracie 0
sudoku.model.SudokuBoard@173511ff[
  size=9
  solver=sudoku.model.BacktrackingSudokuSolver@6df11e91
  board={{1,6,2,5,3,9,4,7,8},{7,9,3,6,8,4,1,2,5},{4,5,8,1,7,2,3,6,9},{5,3,4,9,6,7,8,1,2},{8,7,6,2,1,3,5,9,4},{2,1,9,4,5,8,6,3,7},{6,8,1,7,9,5,2,4,3},{9,2,7,8,4,0,0,0,0},{0,0,0,0,0,0,0,0,0}}
]
02:04:27.458 [main] INFO  sudoku.model.SudokuBoard - Wartość 0 wstawiona nieprawidłowo
02:04:27.458 [main] INFO  sudoku.model.SudokuBoard - Bład w kwadracie 0
sudoku.model.SudokuBoard@173511ff[
  size=9
  solver=sudoku.model.BacktrackingSudokuSolver@6df11e91
  board={{1,6,2,5,3,9,4,7,8},{7,9,3,6,8,4,1,2,5},{4,5,8,1,7,2,3,6,9},{5,3,4,9,6,7,8,1,2},{8,7,6,2,1,3,5,9,4},{2,1,9,4,5,8,6,3,7},{6,8,1,7,9,5,2,4,3},{9,2,7,8,4,0,0,0,0},{0,0,0,0,0,0,0,0,0}}
]
02:04:27.458 [main] INFO  sudoku.model.SudokuBoard - Wartość 0 wstawiona nieprawidłowo
02:04:27.459 [main] INFO  sudoku.model.SudokuBoard - Bład w kwadracie 0
sudoku.model.SudokuBoard@173511ff[
  size=9
  solver=sudoku.model.BacktrackingSudokuSolver@6df11e91
  board={{1,6,2,5,3,9,4,7,8},{7,9,3,6,8,4,1,2,5},{4,5,8,1,7,2,3,6,9},{5,3,4,9,6,7,8,1,2},{8,7,6,2,1,3,5,9,4},{2,1,9,4,5,8,6,3,7},{6,8,1,7,9,5,2,4,3},{9,2,7,8,0,0,0,0,0},{0,0,0,0,0,0,0,0,0}}
]
02:04:27.459 [main] INFO  sudoku.model.SudokuBoard - Wartość 0 wstawiona nieprawidłowo
02:04:27.459 [main] INFO  sudoku.model.SudokuBoard - Bład w kwadracie 0
sudoku.model.SudokuBoard@173511ff[
  size=9
  solver=sudoku.model.BacktrackingSudokuSolver@6df11e91
  board={{1,6,2,5,3,9,4,7,8},{7,9,3,6,8,4,1,2,5},{4,5,8,1,7,2,3,6,9},{5,3,4,9,6,7,8,1,2},{8,7,6,2,1,3,5,9,4},{2,1,9,4,5,8,6,3,7},{6,8,1,7,9,5,2,4,3},{9,2,7,0,0,0,0,0,0},{0,0,0,0,0,0,0,0,0}}
]
02:04:27.459 [main] INFO  sudoku.model.SudokuBoard - Wartość 0 wstawiona nieprawidłowo
02:04:27.460 [main] INFO  sudoku.model.SudokuBoard - Bład w kwadracie 0
sudoku.model.SudokuBoard@173511ff[
  size=9
  solver=sudoku.model.BacktrackingSudokuSolver@6df11e91
  board={{1,6,2,5,3,9,4,7,8},{7,9,3,6,8,4,1,2,5},{4,5,8,1,7,2,3,6,9},{5,3,4,9,6,7,8,1,2},{8,7,6,2,1,3,5,9,4},{2,1,9,4,5,8,6,3,7},{6,8,1,7,9,5,2,4,3},{9,2,7,3,4,0,0,0,0},{0,0,0,0,0,0,0,0,0}}
]
02:04:27.460 [main] INFO  sudoku.model.SudokuBoard - Wartość 0 wstawiona nieprawidłowo
02:04:27.460 [main] INFO  sudoku.model.SudokuBoard - Bład w kwadracie 0
sudoku.model.SudokuBoard@173511ff[
  size=9
  solver=sudoku.model.BacktrackingSudokuSolver@6df11e91
  board={{1,6,2,5,3,9,4,7,8},{7,9,3,6,8,4,1,2,5},{4,5,8,1,7,2,3,6,9},{5,3,4,9,6,7,8,1,2},{8,7,6,2,1,3,5,9,4},{2,1,9,4,5,8,6,3,7},{6,8,1,7,9,5,2,4,3},{9,2,7,3,4,0,0,0,0},{0,0,0,0,0,0,0,0,0}}
]
02:04:27.460 [main] INFO  sudoku.model.SudokuBoard - Wartość 0 wstawiona nieprawidłowo
02:04:27.460 [main] INFO  sudoku.model.SudokuBoard - Bład w kwadracie 0
sudoku.model.SudokuBoard@173511ff[
  size=9
  solver=sudoku.model.BacktrackingSudokuSolver@6df11e91
  board={{1,6,2,5,3,9,4,7,8},{7,9,3,6,8,4,1,2,5},{4,5,8,1,7,2,3,6,9},{5,3,4,9,6,7,8,1,2},{8,7,6,2,1,3,5,9,4},{2,1,9,4,5,8,6,3,7},{6,8,1,7,9,5,2,4,3},{9,2,7,3,0,0,0,0,0},{0,0,0,0,0,0,0,0,0}}
]
02:04:27.460 [main] INFO  sudoku.model.SudokuBoard - Wartość 0 wstawiona nieprawidłowo
02:04:27.460 [main] INFO  sudoku.model.SudokuBoard - Bład w kwadracie 0
sudoku.model.SudokuBoard@173511ff[
  size=9
  solver=sudoku.model.BacktrackingSudokuSolver@6df11e91
  board={{1,6,2,5,3,9,4,7,8},{7,9,3,6,8,4,1,2,5},{4,5,8,1,7,2,3,6,9},{5,3,4,9,6,7,8,1,2},{8,7,6,2,1,3,5,9,4},{2,1,9,4,5,8,6,3,7},{6,8,1,7,9,5,2,4,3},{9,2,7,0,0,0,0,0,0},{0,0,0,0,0,0,0,0,0}}
]
02:04:27.460 [main] INFO  sudoku.model.SudokuBoard - Wartość 0 wstawiona nieprawidłowo
02:04:27.461 [main] INFO  sudoku.model.SudokuBoard - Bład w kwadracie 0
sudoku.model.SudokuBoard@173511ff[
  size=9
  solver=sudoku.model.BacktrackingSudokuSolver@6df11e91
  board={{1,6,2,5,3,9,4,7,8},{7,9,3,6,8,4,1,2,5},{4,5,8,1,7,2,3,6,9},{5,3,4,9,6,7,8,1,2},{8,7,6,2,1,3,5,9,4},{2,1,9,4,5,8,6,3,7},{6,8,1,7,9,5,2,4,3},{9,2,0,0,0,0,0,0,0},{0,0,0,0,0,0,0,0,0}}
]
02:04:27.461 [main] INFO  sudoku.model.SudokuBoard - Wartość 0 wstawiona nieprawidłowo
02:04:27.461 [main] INFO  sudoku.model.SudokuBoard - Bład w kwadracie 0
sudoku.model.SudokuBoard@173511ff[
  size=9
  solver=sudoku.model.BacktrackingSudokuSolver@6df11e91
  board={{1,6,2,5,3,9,4,7,8},{7,9,3,6,8,4,1,2,5},{4,5,8,1,7,2,3,6,9},{5,3,4,9,6,7,8,1,2},{8,7,6,2,1,3,5,9,4},{2,1,9,4,5,8,6,3,7},{6,8,1,7,9,5,2,4,3},{9,2,5,8,4,1,0,0,0},{0,0,0,0,0,0,0,0,0}}
]
02:04:27.462 [main] INFO  sudoku.model.SudokuBoard - Wartość 0 wstawiona nieprawidłowo
02:04:27.462 [main] INFO  sudoku.model.SudokuBoard - Bład w kwadracie 0
sudoku.model.SudokuBoard@173511ff[
  size=9
  solver=sudoku.model.BacktrackingSudokuSolver@6df11e91
  board={{1,6,2,5,3,9,4,7,8},{7,9,3,6,8,4,1,2,5},{4,5,8,1,7,2,3,6,9},{5,3,4,9,6,7,8,1,2},{8,7,6,2,1,3,5,9,4},{2,1,9,4,5,8,6,3,7},{6,8,1,7,9,5,2,4,3},{9,2,5,8,4,0,0,0,0},{0,0,0,0,0,0,0,0,0}}
]
02:04:27.462 [main] INFO  sudoku.model.SudokuBoard - Wartość 0 wstawiona nieprawidłowo
02:04:27.462 [main] INFO  sudoku.model.SudokuBoard - Bład w kwadracie 0
sudoku.model.SudokuBoard@173511ff[
  size=9
  solver=sudoku.model.BacktrackingSudokuSolver@6df11e91
  board={{1,6,2,5,3,9,4,7,8},{7,9,3,6,8,4,1,2,5},{4,5,8,1,7,2,3,6,9},{5,3,4,9,6,7,8,1,2},{8,7,6,2,1,3,5,9,4},{2,1,9,4,5,8,6,3,7},{6,8,1,7,9,5,2,4,3},{9,2,5,8,4,6,0,0,0},{0,0,0,0,0,0,0,0,0}}
]
02:04:27.462 [main] INFO  sudoku.model.SudokuBoard - Wartość 0 wstawiona nieprawidłowo
02:04:27.462 [main] INFO  sudoku.model.SudokuBoard - Bład w kwadracie 0
sudoku.model.SudokuBoard@173511ff[
  size=9
  solver=sudoku.model.BacktrackingSudokuSolver@6df11e91
  board={{1,6,2,5,3,9,4,7,8},{7,9,3,6,8,4,1,2,5},{4,5,8,1,7,2,3,6,9},{5,3,4,9,6,7,8,1,2},{8,7,6,2,1,3,5,9,4},{2,1,9,4,5,8,6,3,7},{6,8,1,7,9,5,2,4,3},{9,2,5,8,4,0,0,0,0},{0,0,0,0,0,0,0,0,0}}
]
02:04:27.463 [main] INFO  sudoku.model.SudokuBoard - Wartość 0 wstawiona nieprawidłowo
02:04:27.463 [main] INFO  sudoku.model.SudokuBoard - Bład w kwadracie 0
sudoku.model.SudokuBoard@173511ff[
  size=9
  solver=sudoku.model.BacktrackingSudokuSolver@6df11e91
  board={{1,6,2,5,3,9,4,7,8},{7,9,3,6,8,4,1,2,5},{4,5,8,1,7,2,3,6,9},{5,3,4,9,6,7,8,1,2},{8,7,6,2,1,3,5,9,4},{2,1,9,4,5,8,6,3,7},{6,8,1,7,9,5,2,4,3},{9,2,5,8,0,0,0,0,0},{0,0,0,0,0,0,0,0,0}}
]
02:04:27.463 [main] INFO  sudoku.model.SudokuBoard - Wartość 0 wstawiona nieprawidłowo
02:04:27.463 [main] INFO  sudoku.model.SudokuBoard - Bład w kwadracie 0
sudoku.model.SudokuBoard@173511ff[
  size=9
  solver=sudoku.model.BacktrackingSudokuSolver@6df11e91
  board={{1,6,2,5,3,9,4,7,8},{7,9,3,6,8,4,1,2,5},{4,5,8,1,7,2,3,6,9},{5,3,4,9,6,7,8,1,2},{8,7,6,2,1,3,5,9,4},{2,1,9,4,5,8,6,3,7},{6,8,1,7,9,5,2,4,3},{9,2,5,0,0,0,0,0,0},{0,0,0,0,0,0,0,0,0}}
]
02:04:27.463 [main] INFO  sudoku.model.SudokuBoard - Wartość 0 wstawiona nieprawidłowo
]]></system-out>
  </testcase>
</testsuite>