<?xml version="1.0" encoding="UTF-8"?>
<testsuite xmlns:xsi="http://www.w3.org/2001/XMLSchema-instance" xsi:noNamespaceSchemaLocation="https://maven.apache.org/surefire/maven-surefire-plugin/xsd/surefire-test-report-3.0.xsd" version="3.0" name="sudoku.model.SeriesTest" time="0.368" tests="5" errors="0" skipped="0" failures="0">
  <properties>
    <property name="java.specification.version" value="14"/>
    <property name="sun.cpu.isalist" value="amd64"/>
    <property name="sun.jnu.encoding" value="Cp1250"/>
    <property name="java.class.path" value="E:\studia\Sem-3\Programowanie komponentowe (07 72 3060 19)_pliki\ProjektKompo\an_pn_1145_03\Model\target\test-classes;C:\Users\maldo\.m2\repository\org\junit\jupiter\junit-jupiter-engine\5.6.2\junit-jupiter-engine-5.6.2.jar;C:\Users\maldo\.m2\repository\org\apiguardian\apiguardian-api\1.1.0\apiguardian-api-1.1.0.jar;C:\Users\maldo\.m2\repository\org\junit\platform\junit-platform-engine\1.6.2\junit-platform-engine-1.6.2.jar;C:\Users\maldo\.m2\repository\org\opentest4j\opentest4j\1.2.0\opentest4j-1.2.0.jar;C:\Users\maldo\.m2\repository\org\junit\platform\junit-platform-commons\1.6.2\junit-platform-commons-1.6.2.jar;C:\Users\maldo\.m2\repository\org\junit\jupiter\junit-jupiter-api\5.6.2\junit-jupiter-api-5.6.2.jar;C:\Users\maldo\.m2\repository\org\apache\logging\log4j\log4j-api\2.7\log4j-api-2.7.jar;C:\Users\maldo\.m2\repository\org\apache\logging\log4j\log4j-core\2.7\log4j-core-2.7.jar;C:\Users\maldo\.m2\repository\org\apache\logging\log4j\log4j-slf4j-impl\2.7\log4j-slf4j-impl-2.7.jar;C:\Users\maldo\.m2\repository\org\openjfx\javafx-controls\13\javafx-controls-13.jar;C:\Users\maldo\.m2\repository\org\openjfx\javafx-controls\13\javafx-controls-13-win.jar;C:\Users\maldo\.m2\repository\org\openjfx\javafx-graphics\13\javafx-graphics-13.jar;C:\Users\maldo\.m2\repository\org\openjfx\javafx-graphics\13\javafx-graphics-13-win.jar;C:\Users\maldo\.m2\repository\org\openjfx\javafx-base\13\javafx-base-13.jar;C:\Users\maldo\.m2\repository\org\openjfx\javafx-fxml\13\javafx-fxml-13.jar;C:\Users\maldo\.m2\repository\org\openjfx\javafx-fxml\13\javafx-fxml-13-win.jar;"/>
    <property name="java.vm.vendor" value="Oracle Corporation"/>
    <property name="sun.arch.data.model" value="64"/>
    <property name="user.variant" value=""/>
    <property name="java.vendor.url" value="https://java.oracle.com/"/>
    <property name="user.timezone" value="Europe/Warsaw"/>
    <property name="os.name" value="Windows 10"/>
    <property name="java.vm.specification.version" value="14"/>
    <property name="sun.java.launcher" value="SUN_STANDARD"/>
    <property name="user.country" value="PL"/>
    <property name="sun.boot.library.path" value="C:\Program Files\Java\jdk-14.0.2\bin"/>
    <property name="sun.java.command" value="org.apache.maven.surefire.booter.ForkedBooter C:\Users\maldo\AppData\Local\Temp\surefire14755239823800611696 2021-01-22T13-11-35_856-jvmRun1 surefire15633114169736248232tmp surefire_016007825221227272403tmp"/>
    <property name="jdk.debug" value="release"/>
    <property name="surefire.test.class.path" value="E:\studia\Sem-3\Programowanie komponentowe (07 72 3060 19)_pliki\ProjektKompo\an_pn_1145_03\Model\target\test-classes;C:\Users\maldo\.m2\repository\org\junit\jupiter\junit-jupiter-engine\5.6.2\junit-jupiter-engine-5.6.2.jar;C:\Users\maldo\.m2\repository\org\apiguardian\apiguardian-api\1.1.0\apiguardian-api-1.1.0.jar;C:\Users\maldo\.m2\repository\org\junit\platform\junit-platform-engine\1.6.2\junit-platform-engine-1.6.2.jar;C:\Users\maldo\.m2\repository\org\opentest4j\opentest4j\1.2.0\opentest4j-1.2.0.jar;C:\Users\maldo\.m2\repository\org\junit\platform\junit-platform-commons\1.6.2\junit-platform-commons-1.6.2.jar;C:\Users\maldo\.m2\repository\org\junit\jupiter\junit-jupiter-api\5.6.2\junit-jupiter-api-5.6.2.jar;C:\Users\maldo\.m2\repository\org\apache\logging\log4j\log4j-api\2.7\log4j-api-2.7.jar;C:\Users\maldo\.m2\repository\org\apache\logging\log4j\log4j-core\2.7\log4j-core-2.7.jar;C:\Users\maldo\.m2\repository\org\apache\logging\log4j\log4j-slf4j-impl\2.7\log4j-slf4j-impl-2.7.jar;C:\Users\maldo\.m2\repository\org\openjfx\javafx-controls\13\javafx-controls-13.jar;C:\Users\maldo\.m2\repository\org\openjfx\javafx-controls\13\javafx-controls-13-win.jar;C:\Users\maldo\.m2\repository\org\openjfx\javafx-graphics\13\javafx-graphics-13.jar;C:\Users\maldo\.m2\repository\org\openjfx\javafx-graphics\13\javafx-graphics-13-win.jar;C:\Users\maldo\.m2\repository\org\openjfx\javafx-base\13\javafx-base-13.jar;C:\Users\maldo\.m2\repository\org\openjfx\javafx-fxml\13\javafx-fxml-13.jar;C:\Users\maldo\.m2\repository\org\openjfx\javafx-fxml\13\javafx-fxml-13-win.jar;"/>
    <property name="sun.cpu.endian" value="little"/>
    <property name="user.home" value="C:\Users\maldo"/>
    <property name="user.language" value="pl"/>
    <property name="java.specification.vendor" value="Oracle Corporation"/>
    <property name="jdk.module.path" value="E:\studia\Sem-3\Programowanie komponentowe (07 72 3060 19)_pliki\ProjektKompo\an_pn_1145_03\Model\target\classes;C:\Users\maldo\.m2\repository\org\apache\commons\commons-lang3\3.11\commons-lang3-3.11.jar;C:\Users\maldo\.m2\repository\org\slf4j\slf4j-api\1.7.30\slf4j-api-1.7.30.jar;C:\Users\maldo\.m2\repository\org\openjfx\javafx-base\13\javafx-base-13-win.jar"/>
    <property name="java.version.date" value="2020-07-14"/>
    <property name="java.home" value="C:\Program Files\Java\jdk-14.0.2"/>
    <property name="file.separator" value="\"/>
    <property name="basedir" value="E:\studia\Sem-3\Programowanie komponentowe (07 72 3060 19)_pliki\ProjektKompo\an_pn_1145_03\Model"/>
    <property name="java.vm.compressedOopsMode" value="Zero based"/>
    <property name="line.separator" value="&#10;"/>
    <property name="java.vm.specification.vendor" value="Oracle Corporation"/>
    <property name="java.specification.name" value="Java Platform API Specification"/>
    <property name="surefire.real.class.path" value="C:\Users\maldo\.m2\repository\org\apache\maven\surefire\surefire-booter\3.0.0-M5\surefire-booter-3.0.0-M5.jar;C:\Users\maldo\.m2\repository\org\apache\maven\surefire\surefire-api\3.0.0-M5\surefire-api-3.0.0-M5.jar;C:\Users\maldo\.m2\repository\org\apache\maven\surefire\surefire-logger-api\3.0.0-M5\surefire-logger-api-3.0.0-M5.jar;C:\Users\maldo\.m2\repository\org\apache\maven\surefire\surefire-shared-utils\3.0.0-M4\surefire-shared-utils-3.0.0-M4.jar;C:\Users\maldo\.m2\repository\org\apache\maven\surefire\surefire-extensions-spi\3.0.0-M5\surefire-extensions-spi-3.0.0-M5.jar;E:\studia\Sem-3\Programowanie komponentowe (07 72 3060 19)_pliki\ProjektKompo\an_pn_1145_03\Model\target\test-classes;C:\Users\maldo\.m2\repository\org\junit\jupiter\junit-jupiter-engine\5.6.2\junit-jupiter-engine-5.6.2.jar;C:\Users\maldo\.m2\repository\org\apiguardian\apiguardian-api\1.1.0\apiguardian-api-1.1.0.jar;C:\Users\maldo\.m2\repository\org\junit\platform\junit-platform-engine\1.6.2\junit-platform-engine-1.6.2.jar;C:\Users\maldo\.m2\repository\org\opentest4j\opentest4j\1.2.0\opentest4j-1.2.0.jar;C:\Users\maldo\.m2\repository\org\junit\platform\junit-platform-commons\1.6.2\junit-platform-commons-1.6.2.jar;C:\Users\maldo\.m2\repository\org\junit\jupiter\junit-jupiter-api\5.6.2\junit-jupiter-api-5.6.2.jar;C:\Users\maldo\.m2\repository\org\apache\logging\log4j\log4j-api\2.7\log4j-api-2.7.jar;C:\Users\maldo\.m2\repository\org\apache\logging\log4j\log4j-core\2.7\log4j-core-2.7.jar;C:\Users\maldo\.m2\repository\org\apache\logging\log4j\log4j-slf4j-impl\2.7\log4j-slf4j-impl-2.7.jar;C:\Users\maldo\.m2\repository\org\openjfx\javafx-controls\13\javafx-controls-13.jar;C:\Users\maldo\.m2\repository\org\openjfx\javafx-controls\13\javafx-controls-13-win.jar;C:\Users\maldo\.m2\repository\org\openjfx\javafx-graphics\13\javafx-graphics-13.jar;C:\Users\maldo\.m2\repository\org\openjfx\javafx-graphics\13\javafx-graphics-13-win.jar;C:\Users\maldo\.m2\repository\org\openjfx\javafx-base\13\javafx-base-13.jar;C:\Users\maldo\.m2\repository\org\openjfx\javafx-fxml\13\javafx-fxml-13.jar;C:\Users\maldo\.m2\repository\org\openjfx\javafx-fxml\13\javafx-fxml-13-win.jar;C:\Users\maldo\.m2\repository\org\apache\maven\surefire\surefire-junit-platform\3.0.0-M5\surefire-junit-platform-3.0.0-M5.jar;C:\Users\maldo\.m2\repository\org\apache\maven\surefire\common-java5\3.0.0-M5\common-java5-3.0.0-M5.jar;C:\Users\maldo\.m2\repository\org\junit\platform\junit-platform-launcher\1.6.2\junit-platform-launcher-1.6.2.jar"/>
    <property name="user.script" value=""/>
    <property name="sun.management.compiler" value="HotSpot 64-Bit Tiered Compilers"/>
    <property name="java.runtime.version" value="14.0.2+12-46"/>
    <property name="user.name" value="maldo"/>
    <property name="path.separator" value=";"/>
    <property name="os.version" value="10.0"/>
    <property name="java.runtime.name" value="Java(TM) SE Runtime Environment"/>
    <property name="file.encoding" value="Cp1250"/>
    <property name="java.vm.name" value="Java HotSpot(TM) 64-Bit Server VM"/>
    <property name="localRepository" value="C:\Users\maldo\.m2\repository"/>
    <property name="java.vendor.url.bug" value="https://bugreport.java.com/bugreport/"/>
    <property name="java.io.tmpdir" value="C:\Users\maldo\AppData\Local\Temp\"/>
    <property name="idea.version" value="2020.2.3"/>
    <property name="java.version" value="14.0.2"/>
    <property name="user.dir" value="E:\studia\Sem-3\Programowanie komponentowe (07 72 3060 19)_pliki\ProjektKompo\an_pn_1145_03\Model"/>
    <property name="os.arch" value="amd64"/>
    <property name="java.vm.specification.name" value="Java Virtual Machine Specification"/>
    <property name="sun.os.patch.level" value=""/>
    <property name="java.library.path" value="C:\Program Files\Java\jdk-14.0.2\bin;C:\WINDOWS\Sun\Java\bin;C:\WINDOWS\system32;C:\WINDOWS;C:\Program Files (x86)\Razer Chroma SDK\bin;C:\Program Files\Razer Chroma SDK\bin;C:\Python\Scripts\;C:\Python\;C:\Program Files (x86)\Intel\iCLS Client\;C:\Program Files\Intel\iCLS Client\;C:\Windows\system32;C:\Windows;C:\Windows\System32\Wbem;C:\Windows\System32\WindowsPowerShell\v1.0\;C:\Windows\System32\OpenSSH\;C:\Program Files (x86)\NVIDIA Corporation\PhysX\Common;C:\Program Files (x86)\Intel\Intel(R) Management Engine Components\DAL;C:\Program Files\Intel\Intel(R) Management Engine Components\DAL;C:\Program Files (x86)\Intel\Intel(R) Management Engine Components\IPT;C:\Program Files\Intel\Intel(R) Management Engine Components\IPT;C:\Program Files\Intel\WiFi\bin\;C:\Program Files\Common Files\Intel\WirelessCommon\;C:\Program Files (x86)\Windows Kits\8.1\Windows Performance Toolkit\;C:\Users\maldo\AppData\Local\Microsoft\WindowsApps;C:\Program Files\NVIDIA Corporation\NVIDIA NvDLISR;C:\Program Files (x86)\MKVToolNix;C:\WINDOWS\system32;C:\WINDOWS;C:\WINDOWS\System32\Wbem;C:\WINDOWS\System32\WindowsPowerShell\v1.0\;C:\WINDOWS\System32\OpenSSH\;E:\studia\Sem-3\Programowanie komponentowe (07 72 3060 19)_pliki\apache-maven-3.6.3\bin;C:\msys64\usr\bin;C:\Program Files\Java\jdk-14.0.2\bin;C:\Program Files (x86)\Calibre2\;C:\Users\maldo\AppData\Local\Microsoft\WindowsApps;C:\Program Files\Intel\WiFi\bin\;C:\Program Files\Common Files\Intel\WirelessCommon\;C:\Program Files\JetBrains\CLion 2019.3.3\bin;;C:\Users\maldo\AppData\Local\Programs\Microsoft VS Code\bin;C:\Users\maldo\AppData\Local\GitHubDesktop\bin;."/>
    <property name="java.vm.info" value="mixed mode"/>
    <property name="java.vendor" value="Oracle Corporation"/>
    <property name="java.vm.version" value="14.0.2+12-46"/>
    <property name="sun.io.unicode.encoding" value="UnicodeLittle"/>
    <property name="java.class.version" value="58.0"/>
  </properties>
  <testcase name="testEqualsDiffrent" classname="sudoku.model.SeriesTest" time="0.202">
    <system-out><![CDATA[13:11:39.596 INFO  [main] SudokuBoard - Bład w kwadracie 0
sudoku.model.SudokuBoard@599fab92[
  size=9
  solver=sudoku.model.BacktrackingSudokuSolver@439054a7
  board={{4,3,5,6,1,7,8,9,2},{7,6,9,2,8,3,1,4,5},{1,8,2,4,5,9,3,7,6},{5,2,6,7,9,8,4,1,3},{3,7,1,5,4,6,9,2,8},{8,9,4,3,2,1,5,6,7},{6,1,7,8,3,0,0,0,0},{0,0,0,0,0,0,0,0,0},{0,0,0,0,0,0,0,0,0}}
]
13:11:39.597 INFO  [main] SudokuBoard - Wartość 0 wstawiona nieprawidłowo
13:11:39.600 INFO  [main] SudokuBoard - Bład w kwadracie 0
sudoku.model.SudokuBoard@599fab92[
  size=9
  solver=sudoku.model.BacktrackingSudokuSolver@439054a7
  board={{4,3,5,6,1,7,8,9,2},{7,6,9,2,8,3,1,4,5},{1,8,2,4,5,9,3,7,6},{5,2,6,7,9,8,4,1,3},{3,7,1,5,4,6,9,2,8},{8,9,4,3,2,1,5,6,7},{6,1,7,8,3,4,2,5,9},{9,4,8,1,6,2,7,0,0},{0,0,0,0,0,0,0,0,0}}
]
13:11:39.600 INFO  [main] SudokuBoard - Wartość 0 wstawiona nieprawidłowo
13:11:39.601 INFO  [main] SudokuBoard - Bład w kwadracie 0
sudoku.model.SudokuBoard@599fab92[
  size=9
  solver=sudoku.model.BacktrackingSudokuSolver@439054a7
  board={{4,3,5,6,1,7,8,9,2},{7,6,9,2,8,3,1,4,5},{1,8,2,4,5,9,3,7,6},{5,2,6,7,9,8,4,1,3},{3,7,1,5,4,6,9,2,8},{8,9,4,3,2,1,5,6,7},{6,1,7,8,3,4,2,5,9},{9,4,8,1,6,2,0,0,0},{0,0,0,0,0,0,0,0,0}}
]
13:11:39.602 INFO  [main] SudokuBoard - Wartość 0 wstawiona nieprawidłowo
13:11:39.602 INFO  [main] SudokuBoard - Bład w kwadracie 0
sudoku.model.SudokuBoard@599fab92[
  size=9
  solver=sudoku.model.BacktrackingSudokuSolver@439054a7
  board={{4,3,5,6,1,7,8,9,2},{7,6,9,2,8,3,1,4,5},{1,8,2,4,5,9,3,7,6},{5,2,6,7,9,8,4,1,3},{3,7,1,5,4,6,9,2,8},{8,9,4,3,2,1,5,6,7},{6,1,7,8,3,4,2,5,9},{9,4,8,1,6,0,0,0,0},{0,0,0,0,0,0,0,0,0}}
]
13:11:39.603 INFO  [main] SudokuBoard - Wartość 0 wstawiona nieprawidłowo
13:11:39.605 INFO  [main] SudokuBoard - Bład w kwadracie 0
sudoku.model.SudokuBoard@599fab92[
  size=9
  solver=sudoku.model.BacktrackingSudokuSolver@439054a7
  board={{4,3,5,6,1,7,8,9,2},{7,6,9,2,8,3,1,4,5},{1,8,2,4,5,9,3,7,6},{5,2,6,7,9,8,4,1,3},{3,7,1,5,4,6,9,2,8},{8,9,4,3,2,1,5,6,7},{6,1,7,8,3,4,2,5,9},{9,4,8,1,6,5,7,0,0},{0,0,0,0,0,0,0,0,0}}
]
13:11:39.606 INFO  [main] SudokuBoard - Wartość 0 wstawiona nieprawidłowo
13:11:39.606 INFO  [main] SudokuBoard - Bład w kwadracie 0
sudoku.model.SudokuBoard@599fab92[
  size=9
  solver=sudoku.model.BacktrackingSudokuSolver@439054a7
  board={{4,3,5,6,1,7,8,9,2},{7,6,9,2,8,3,1,4,5},{1,8,2,4,5,9,3,7,6},{5,2,6,7,9,8,4,1,3},{3,7,1,5,4,6,9,2,8},{8,9,4,3,2,1,5,6,7},{6,1,7,8,3,4,2,5,9},{9,4,8,1,6,5,0,0,0},{0,0,0,0,0,0,0,0,0}}
]
13:11:39.610 INFO  [main] SudokuBoard - Wartość 0 wstawiona nieprawidłowo
13:11:39.610 INFO  [main] SudokuBoard - Bład w kwadracie 0
sudoku.model.SudokuBoard@599fab92[
  size=9
  solver=sudoku.model.BacktrackingSudokuSolver@439054a7
  board={{4,3,5,6,1,7,8,9,2},{7,6,9,2,8,3,1,4,5},{1,8,2,4,5,9,3,7,6},{5,2,6,7,9,8,4,1,3},{3,7,1,5,4,6,9,2,8},{8,9,4,3,2,1,5,6,7},{6,1,7,8,3,4,2,5,9},{9,4,8,1,6,0,0,0,0},{0,0,0,0,0,0,0,0,0}}
]
13:11:39.610 INFO  [main] SudokuBoard - Wartość 0 wstawiona nieprawidłowo
13:11:39.612 INFO  [main] SudokuBoard - Bład w kwadracie 0
sudoku.model.SudokuBoard@599fab92[
  size=9
  solver=sudoku.model.BacktrackingSudokuSolver@439054a7
  board={{4,3,5,6,1,7,8,9,2},{7,6,9,2,8,3,1,4,5},{1,8,2,4,5,9,3,7,6},{5,2,6,7,9,8,4,1,3},{3,7,1,5,4,6,9,2,8},{8,9,4,3,2,1,5,6,7},{6,1,7,8,3,4,2,5,9},{9,4,8,1,0,0,0,0,0},{0,0,0,0,0,0,0,0,0}}
]
13:11:39.612 INFO  [main] SudokuBoard - Wartość 0 wstawiona nieprawidłowo
13:11:39.612 INFO  [main] SudokuBoard - Bład w kwadracie 0
sudoku.model.SudokuBoard@599fab92[
  size=9
  solver=sudoku.model.BacktrackingSudokuSolver@439054a7
  board={{4,3,5,6,1,7,8,9,2},{7,6,9,2,8,3,1,4,5},{1,8,2,4,5,9,3,7,6},{5,2,6,7,9,8,4,1,3},{3,7,1,5,4,6,9,2,8},{8,9,4,3,2,1,5,6,7},{6,1,7,8,3,4,2,5,9},{9,4,8,1,7,2,6,0,0},{0,0,0,0,0,0,0,0,0}}
]
13:11:39.613 INFO  [main] SudokuBoard - Wartość 0 wstawiona nieprawidłowo
13:11:39.614 INFO  [main] SudokuBoard - Bład w kwadracie 0
sudoku.model.SudokuBoard@599fab92[
  size=9
  solver=sudoku.model.BacktrackingSudokuSolver@439054a7
  board={{4,3,5,6,1,7,8,9,2},{7,6,9,2,8,3,1,4,5},{1,8,2,4,5,9,3,7,6},{5,2,6,7,9,8,4,1,3},{3,7,1,5,4,6,9,2,8},{8,9,4,3,2,1,5,6,7},{6,1,7,8,3,4,2,5,9},{9,4,8,1,7,2,0,0,0},{0,0,0,0,0,0,0,0,0}}
]
13:11:39.615 INFO  [main] SudokuBoard - Wartość 0 wstawiona nieprawidłowo
13:11:39.615 INFO  [main] SudokuBoard - Bład w kwadracie 0
sudoku.model.SudokuBoard@599fab92[
  size=9
  solver=sudoku.model.BacktrackingSudokuSolver@439054a7
  board={{4,3,5,6,1,7,8,9,2},{7,6,9,2,8,3,1,4,5},{1,8,2,4,5,9,3,7,6},{5,2,6,7,9,8,4,1,3},{3,7,1,5,4,6,9,2,8},{8,9,4,3,2,1,5,6,7},{6,1,7,8,3,4,2,5,9},{9,4,8,1,7,0,0,0,0},{0,0,0,0,0,0,0,0,0}}
]
13:11:39.616 INFO  [main] SudokuBoard - Wartość 0 wstawiona nieprawidłowo
13:11:39.618 INFO  [main] SudokuBoard - Bład w kwadracie 0
sudoku.model.SudokuBoard@599fab92[
  size=9
  solver=sudoku.model.BacktrackingSudokuSolver@439054a7
  board={{4,3,5,6,1,7,8,9,2},{7,6,9,2,8,3,1,4,5},{1,8,2,4,5,9,3,7,6},{5,2,6,7,9,8,4,1,3},{3,7,1,5,4,6,9,2,8},{8,9,4,3,2,1,5,6,7},{6,1,7,8,3,4,2,5,9},{9,4,8,1,7,5,6,0,0},{0,0,0,0,0,0,0,0,0}}
]
13:11:39.618 INFO  [main] SudokuBoard - Wartość 0 wstawiona nieprawidłowo
13:11:39.619 INFO  [main] SudokuBoard - Bład w kwadracie 0
sudoku.model.SudokuBoard@599fab92[
  size=9
  solver=sudoku.model.BacktrackingSudokuSolver@439054a7
  board={{4,3,5,6,1,7,8,9,2},{7,6,9,2,8,3,1,4,5},{1,8,2,4,5,9,3,7,6},{5,2,6,7,9,8,4,1,3},{3,7,1,5,4,6,9,2,8},{8,9,4,3,2,1,5,6,7},{6,1,7,8,3,4,2,5,9},{9,4,8,1,7,5,0,0,0},{0,0,0,0,0,0,0,0,0}}
]
13:11:39.619 INFO  [main] SudokuBoard - Wartość 0 wstawiona nieprawidłowo
13:11:39.621 INFO  [main] SudokuBoard - Bład w kwadracie 0
sudoku.model.SudokuBoard@599fab92[
  size=9
  solver=sudoku.model.BacktrackingSudokuSolver@439054a7
  board={{4,3,5,6,1,7,8,9,2},{7,6,9,2,8,3,1,4,5},{1,8,2,4,5,9,3,7,6},{5,2,6,7,9,8,4,1,3},{3,7,1,5,4,6,9,2,8},{8,9,4,3,2,1,5,6,7},{6,1,7,8,3,4,2,5,9},{9,4,8,1,7,0,0,0,0},{0,0,0,0,0,0,0,0,0}}
]
13:11:39.621 INFO  [main] SudokuBoard - Wartość 0 wstawiona nieprawidłowo
13:11:39.622 INFO  [main] SudokuBoard - Bład w kwadracie 0
sudoku.model.SudokuBoard@599fab92[
  size=9
  solver=sudoku.model.BacktrackingSudokuSolver@439054a7
  board={{4,3,5,6,1,7,8,9,2},{7,6,9,2,8,3,1,4,5},{1,8,2,4,5,9,3,7,6},{5,2,6,7,9,8,4,1,3},{3,7,1,5,4,6,9,2,8},{8,9,4,3,2,1,5,6,7},{6,1,7,8,3,4,2,5,9},{9,4,8,1,0,0,0,0,0},{0,0,0,0,0,0,0,0,0}}
]
13:11:39.622 INFO  [main] SudokuBoard - Wartość 0 wstawiona nieprawidłowo
13:11:39.624 INFO  [main] SudokuBoard - Bład w kwadracie 0
sudoku.model.SudokuBoard@599fab92[
  size=9
  solver=sudoku.model.BacktrackingSudokuSolver@439054a7
  board={{4,3,5,6,1,7,8,9,2},{7,6,9,2,8,3,1,4,5},{1,8,2,4,5,9,3,7,6},{5,2,6,7,9,8,4,1,3},{3,7,1,5,4,6,9,2,8},{8,9,4,3,2,1,5,6,7},{6,1,7,8,3,4,2,5,9},{9,4,8,0,0,0,0,0,0},{0,0,0,0,0,0,0,0,0}}
]
13:11:39.625 INFO  [main] SudokuBoard - Wartość 0 wstawiona nieprawidłowo
13:11:39.628 INFO  [main] SudokuBoard - Bład w kwadracie 0
sudoku.model.SudokuBoard@599fab92[
  size=9
  solver=sudoku.model.BacktrackingSudokuSolver@439054a7
  board={{4,3,5,6,1,7,8,9,2},{7,6,9,2,8,3,1,4,5},{1,8,2,4,5,9,3,7,6},{5,2,6,7,9,8,4,1,3},{3,7,1,5,4,6,9,2,8},{8,9,4,3,2,1,5,6,7},{6,1,7,8,3,4,2,5,9},{9,4,0,0,0,0,0,0,0},{0,0,0,0,0,0,0,0,0}}
]
13:11:39.628 INFO  [main] SudokuBoard - Wartość 0 wstawiona nieprawidłowo
13:11:39.630 INFO  [main] SudokuBoard - Bład w kwadracie 0
sudoku.model.SudokuBoard@599fab92[
  size=9
  solver=sudoku.model.BacktrackingSudokuSolver@439054a7
  board={{4,3,5,6,1,7,8,9,2},{7,6,9,2,8,3,1,4,5},{1,8,2,4,5,9,3,7,6},{5,2,6,7,9,8,4,1,3},{3,7,1,5,4,6,9,2,8},{8,9,4,3,2,1,5,6,7},{6,1,7,8,3,4,2,5,9},{9,4,3,1,7,5,6,0,0},{0,0,0,0,0,0,0,0,0}}
]
13:11:39.630 INFO  [main] SudokuBoard - Wartość 0 wstawiona nieprawidłowo
13:11:39.648 INFO  [main] SudokuBoard - Bład w kwadracie 0
sudoku.model.SudokuBoard@599fab92[
  size=9
  solver=sudoku.model.BacktrackingSudokuSolver@439054a7
  board={{4,3,5,6,1,7,8,9,2},{7,6,9,2,8,3,1,4,5},{1,8,2,4,5,9,3,7,6},{5,2,6,7,9,8,4,1,3},{3,7,1,5,4,6,9,2,8},{8,9,4,3,2,1,5,6,7},{6,1,7,8,3,4,2,5,9},{9,4,3,1,7,5,0,0,0},{0,0,0,0,0,0,0,0,0}}
]
13:11:39.649 INFO  [main] SudokuBoard - Wartość 0 wstawiona nieprawidłowo
13:11:39.650 INFO  [main] SudokuBoard - Bład w kwadracie 0
sudoku.model.SudokuBoard@599fab92[
  size=9
  solver=sudoku.model.BacktrackingSudokuSolver@439054a7
  board={{4,3,5,6,1,7,8,9,2},{7,6,9,2,8,3,1,4,5},{1,8,2,4,5,9,3,7,6},{5,2,6,7,9,8,4,1,3},{3,7,1,5,4,6,9,2,8},{8,9,4,3,2,1,5,6,7},{6,1,7,8,3,4,2,5,9},{9,4,3,1,7,0,0,0,0},{0,0,0,0,0,0,0,0,0}}
]
13:11:39.651 INFO  [main] SudokuBoard - Wartość 0 wstawiona nieprawidłowo
13:11:39.651 INFO  [main] SudokuBoard - Bład w kwadracie 0
sudoku.model.SudokuBoard@599fab92[
  size=9
  solver=sudoku.model.BacktrackingSudokuSolver@439054a7
  board={{4,3,5,6,1,7,8,9,2},{7,6,9,2,8,3,1,4,5},{1,8,2,4,5,9,3,7,6},{5,2,6,7,9,8,4,1,3},{3,7,1,5,4,6,9,2,8},{8,9,4,3,2,1,5,6,7},{6,1,7,8,3,4,2,5,9},{9,4,3,1,7,2,6,0,0},{0,0,0,0,0,0,0,0,0}}
]
13:11:39.651 INFO  [main] SudokuBoard - Wartość 0 wstawiona nieprawidłowo
13:11:39.655 INFO  [main] SudokuBoard - Bład w kwadracie 0
sudoku.model.SudokuBoard@599fab92[
  size=9
  solver=sudoku.model.BacktrackingSudokuSolver@439054a7
  board={{4,3,5,6,1,7,8,9,2},{7,6,9,2,8,3,1,4,5},{1,8,2,4,5,9,3,7,6},{5,2,6,7,9,8,4,1,3},{3,7,1,5,4,6,9,2,8},{8,9,4,3,2,1,5,6,7},{6,1,7,8,3,4,2,5,9},{9,4,3,1,7,2,0,0,0},{0,0,0,0,0,0,0,0,0}}
]
13:11:39.655 INFO  [main] SudokuBoard - Wartość 0 wstawiona nieprawidłowo
13:11:39.656 INFO  [main] SudokuBoard - Bład w kwadracie 0
sudoku.model.SudokuBoard@599fab92[
  size=9
  solver=sudoku.model.BacktrackingSudokuSolver@439054a7
  board={{4,3,5,6,1,7,8,9,2},{7,6,9,2,8,3,1,4,5},{1,8,2,4,5,9,3,7,6},{5,2,6,7,9,8,4,1,3},{3,7,1,5,4,6,9,2,8},{8,9,4,3,2,1,5,6,7},{6,1,7,8,3,4,2,5,9},{9,4,3,1,7,0,0,0,0},{0,0,0,0,0,0,0,0,0}}
]
13:11:39.656 INFO  [main] SudokuBoard - Wartość 0 wstawiona nieprawidłowo
13:11:39.657 INFO  [main] SudokuBoard - Bład w kwadracie 0
sudoku.model.SudokuBoard@599fab92[
  size=9
  solver=sudoku.model.BacktrackingSudokuSolver@439054a7
  board={{4,3,5,6,1,7,8,9,2},{7,6,9,2,8,3,1,4,5},{1,8,2,4,5,9,3,7,6},{5,2,6,7,9,8,4,1,3},{3,7,1,5,4,6,9,2,8},{8,9,4,3,2,1,5,6,7},{6,1,7,8,3,4,2,5,9},{9,4,3,1,0,0,0,0,0},{0,0,0,0,0,0,0,0,0}}
]
13:11:39.657 INFO  [main] SudokuBoard - Wartość 0 wstawiona nieprawidłowo
13:11:39.658 INFO  [main] SudokuBoard - Bład w kwadracie 0
sudoku.model.SudokuBoard@599fab92[
  size=9
  solver=sudoku.model.BacktrackingSudokuSolver@439054a7
  board={{4,3,5,6,1,7,8,9,2},{7,6,9,2,8,3,1,4,5},{1,8,2,4,5,9,3,7,6},{5,2,6,7,9,8,4,1,3},{3,7,1,5,4,6,9,2,8},{8,9,4,3,2,1,5,6,7},{6,1,7,8,3,4,2,5,9},{9,4,3,1,6,2,7,0,0},{0,0,0,0,0,0,0,0,0}}
]
13:11:39.659 INFO  [main] SudokuBoard - Wartość 0 wstawiona nieprawidłowo
13:11:39.666 INFO  [main] SudokuBoard - Bład w kwadracie 0
sudoku.model.SudokuBoard@599fab92[
  size=9
  solver=sudoku.model.BacktrackingSudokuSolver@439054a7
  board={{4,3,5,6,1,7,8,9,2},{7,6,9,2,8,3,1,4,5},{1,8,2,4,5,9,3,7,6},{5,2,6,7,9,8,4,1,3},{3,7,1,5,4,6,9,2,8},{8,9,4,3,2,1,5,6,7},{6,1,7,8,3,4,2,5,9},{9,4,3,1,6,2,0,0,0},{0,0,0,0,0,0,0,0,0}}
]
13:11:39.667 INFO  [main] SudokuBoard - Wartość 0 wstawiona nieprawidłowo
13:11:39.671 INFO  [main] SudokuBoard - Bład w kwadracie 0
sudoku.model.SudokuBoard@599fab92[
  size=9
  solver=sudoku.model.BacktrackingSudokuSolver@439054a7
  board={{4,3,5,6,1,7,8,9,2},{7,6,9,2,8,3,1,4,5},{1,8,2,4,5,9,3,7,6},{5,2,6,7,9,8,4,1,3},{3,7,1,5,4,6,9,2,8},{8,9,4,3,2,1,5,6,7},{6,1,7,8,3,4,2,5,9},{9,4,3,1,6,0,0,0,0},{0,0,0,0,0,0,0,0,0}}
]
13:11:39.673 INFO  [main] SudokuBoard - Wartość 0 wstawiona nieprawidłowo
13:11:39.675 INFO  [main] SudokuBoard - Bład w kwadracie 0
sudoku.model.SudokuBoard@599fab92[
  size=9
  solver=sudoku.model.BacktrackingSudokuSolver@439054a7
  board={{4,3,5,6,1,7,8,9,2},{7,6,9,2,8,3,1,4,5},{1,8,2,4,5,9,3,7,6},{5,2,6,7,9,8,4,1,3},{3,7,1,5,4,6,9,2,8},{8,9,4,3,2,1,5,6,7},{6,1,7,8,3,4,2,5,9},{9,4,3,1,6,5,7,0,0},{0,0,0,0,0,0,0,0,0}}
]
13:11:39.675 INFO  [main] SudokuBoard - Wartość 0 wstawiona nieprawidłowo
13:11:39.676 INFO  [main] SudokuBoard - Bład w kwadracie 0
sudoku.model.SudokuBoard@599fab92[
  size=9
  solver=sudoku.model.BacktrackingSudokuSolver@439054a7
  board={{4,3,5,6,1,7,8,9,2},{7,6,9,2,8,3,1,4,5},{1,8,2,4,5,9,3,7,6},{5,2,6,7,9,8,4,1,3},{3,7,1,5,4,6,9,2,8},{8,9,4,3,2,1,5,6,7},{6,1,7,8,3,4,2,5,9},{9,4,3,1,6,5,0,0,0},{0,0,0,0,0,0,0,0,0}}
]
13:11:39.676 INFO  [main] SudokuBoard - Wartość 0 wstawiona nieprawidłowo
13:11:39.677 INFO  [main] SudokuBoard - Bład w kwadracie 0
sudoku.model.SudokuBoard@599fab92[
  size=9
  solver=sudoku.model.BacktrackingSudokuSolver@439054a7
  board={{4,3,5,6,1,7,8,9,2},{7,6,9,2,8,3,1,4,5},{1,8,2,4,5,9,3,7,6},{5,2,6,7,9,8,4,1,3},{3,7,1,5,4,6,9,2,8},{8,9,4,3,2,1,5,6,7},{6,1,7,8,3,4,2,5,9},{9,4,3,1,6,0,0,0,0},{0,0,0,0,0,0,0,0,0}}
]
13:11:39.677 INFO  [main] SudokuBoard - Wartość 0 wstawiona nieprawidłowo
13:11:39.678 INFO  [main] SudokuBoard - Bład w kwadracie 0
sudoku.model.SudokuBoard@599fab92[
  size=9
  solver=sudoku.model.BacktrackingSudokuSolver@439054a7
  board={{4,3,5,6,1,7,8,9,2},{7,6,9,2,8,3,1,4,5},{1,8,2,4,5,9,3,7,6},{5,2,6,7,9,8,4,1,3},{3,7,1,5,4,6,9,2,8},{8,9,4,3,2,1,5,6,7},{6,1,7,8,3,4,2,5,9},{9,4,3,1,0,0,0,0,0},{0,0,0,0,0,0,0,0,0}}
]
13:11:39.684 INFO  [main] SudokuBoard - Wartość 0 wstawiona nieprawidłowo
13:11:39.686 INFO  [main] SudokuBoard - Bład w kwadracie 0
sudoku.model.SudokuBoard@599fab92[
  size=9
  solver=sudoku.model.BacktrackingSudokuSolver@439054a7
  board={{4,3,5,6,1,7,8,9,2},{7,6,9,2,8,3,1,4,5},{1,8,2,4,5,9,3,7,6},{5,2,6,7,9,8,4,1,3},{3,7,1,5,4,6,9,2,8},{8,9,4,3,2,1,5,6,7},{6,1,7,8,3,4,2,5,9},{9,4,3,0,0,0,0,0,0},{0,0,0,0,0,0,0,0,0}}
]
13:11:39.686 INFO  [main] SudokuBoard - Wartość 0 wstawiona nieprawidłowo
13:11:39.688 INFO  [main] SudokuBoard - Bład w kwadracie 0
sudoku.model.SudokuBoard@599fab92[
  size=9
  solver=sudoku.model.BacktrackingSudokuSolver@439054a7
  board={{4,3,5,6,1,7,8,9,2},{7,6,9,2,8,3,1,4,5},{1,8,2,4,5,9,3,7,6},{5,2,6,7,9,8,4,1,3},{3,7,1,5,4,6,9,2,8},{8,9,4,3,2,1,5,6,7},{6,1,7,8,3,4,2,5,9},{9,4,0,0,0,0,0,0,0},{0,0,0,0,0,0,0,0,0}}
]
13:11:39.689 INFO  [main] SudokuBoard - Wartość 0 wstawiona nieprawidłowo
13:11:39.689 INFO  [main] SudokuBoard - Bład w kwadracie 0
sudoku.model.SudokuBoard@599fab92[
  size=9
  solver=sudoku.model.BacktrackingSudokuSolver@439054a7
  board={{4,3,5,6,1,7,8,9,2},{7,6,9,2,8,3,1,4,5},{1,8,2,4,5,9,3,7,6},{5,2,6,7,9,8,4,1,3},{3,7,1,5,4,6,9,2,8},{8,9,4,3,2,1,5,6,7},{6,1,7,8,3,4,2,5,9},{9,0,0,0,0,0,0,0,0},{0,0,0,0,0,0,0,0,0}}
]
13:11:39.690 INFO  [main] SudokuBoard - Wartość 0 wstawiona nieprawidłowo
13:11:39.694 INFO  [main] SudokuBoard - Bład w kwadracie 0
sudoku.model.SudokuBoard@4fc1eee5[
  size=9
  solver=sudoku.model.BacktrackingSudokuSolver@120661d2
  board={{2,1,3,5,6,4,7,8,9},{4,5,6,7,2,8,1,0,0},{0,0,0,0,0,0,0,0,0},{0,0,0,0,0,0,0,0,0},{0,0,0,0,0,0,0,0,0},{0,0,0,0,0,0,0,0,0},{0,0,0,0,0,0,0,0,0},{0,0,0,0,0,0,0,0,0},{0,0,0,0,0,0,0,0,0}}
]
13:11:39.695 INFO  [main] SudokuBoard - Wartość 0 wstawiona nieprawidłowo
13:11:39.696 INFO  [main] SudokuBoard - Bład w kwadracie 0
sudoku.model.SudokuBoard@4fc1eee5[
  size=9
  solver=sudoku.model.BacktrackingSudokuSolver@120661d2
  board={{2,1,3,5,6,4,7,8,9},{4,5,6,7,2,8,0,0,0},{0,0,0,0,0,0,0,0,0},{0,0,0,0,0,0,0,0,0},{0,0,0,0,0,0,0,0,0},{0,0,0,0,0,0,0,0,0},{0,0,0,0,0,0,0,0,0},{0,0,0,0,0,0,0,0,0},{0,0,0,0,0,0,0,0,0}}
]
13:11:39.696 INFO  [main] SudokuBoard - Wartość 0 wstawiona nieprawidłowo
13:11:39.697 INFO  [main] SudokuBoard - Bład w kwadracie 0
sudoku.model.SudokuBoard@4fc1eee5[
  size=9
  solver=sudoku.model.BacktrackingSudokuSolver@120661d2
  board={{2,1,3,5,6,4,7,8,9},{4,5,6,7,2,8,3,0,0},{0,0,0,0,0,0,0,0,0},{0,0,0,0,0,0,0,0,0},{0,0,0,0,0,0,0,0,0},{0,0,0,0,0,0,0,0,0},{0,0,0,0,0,0,0,0,0},{0,0,0,0,0,0,0,0,0},{0,0,0,0,0,0,0,0,0}}
]
13:11:39.697 INFO  [main] SudokuBoard - Wartość 0 wstawiona nieprawidłowo
13:11:39.697 INFO  [main] SudokuBoard - Bład w kwadracie 0
sudoku.model.SudokuBoard@4fc1eee5[
  size=9
  solver=sudoku.model.BacktrackingSudokuSolver@120661d2
  board={{2,1,3,5,6,4,7,8,9},{4,5,6,7,2,8,0,0,0},{0,0,0,0,0,0,0,0,0},{0,0,0,0,0,0,0,0,0},{0,0,0,0,0,0,0,0,0},{0,0,0,0,0,0,0,0,0},{0,0,0,0,0,0,0,0,0},{0,0,0,0,0,0,0,0,0},{0,0,0,0,0,0,0,0,0}}
]
13:11:39.697 INFO  [main] SudokuBoard - Wartość 0 wstawiona nieprawidłowo
13:11:39.698 INFO  [main] SudokuBoard - Bład w kwadracie 0
sudoku.model.SudokuBoard@4fc1eee5[
  size=9
  solver=sudoku.model.BacktrackingSudokuSolver@120661d2
  board={{2,1,3,5,6,4,7,8,9},{4,5,6,7,2,0,0,0,0},{0,0,0,0,0,0,0,0,0},{0,0,0,0,0,0,0,0,0},{0,0,0,0,0,0,0,0,0},{0,0,0,0,0,0,0,0,0},{0,0,0,0,0,0,0,0,0},{0,0,0,0,0,0,0,0,0},{0,0,0,0,0,0,0,0,0}}
]
13:11:39.698 INFO  [main] SudokuBoard - Wartość 0 wstawiona nieprawidłowo
13:11:39.699 INFO  [main] SudokuBoard - Bład w kwadracie 0
sudoku.model.SudokuBoard@4fc1eee5[
  size=9
  solver=sudoku.model.BacktrackingSudokuSolver@120661d2
  board={{2,1,3,5,6,4,7,8,9},{4,5,6,7,2,9,1,0,0},{0,0,0,0,0,0,0,0,0},{0,0,0,0,0,0,0,0,0},{0,0,0,0,0,0,0,0,0},{0,0,0,0,0,0,0,0,0},{0,0,0,0,0,0,0,0,0},{0,0,0,0,0,0,0,0,0},{0,0,0,0,0,0,0,0,0}}
]
13:11:39.700 INFO  [main] SudokuBoard - Wartość 0 wstawiona nieprawidłowo
13:11:39.701 INFO  [main] SudokuBoard - Bład w kwadracie 0
sudoku.model.SudokuBoard@4fc1eee5[
  size=9
  solver=sudoku.model.BacktrackingSudokuSolver@120661d2
  board={{2,1,3,5,6,4,7,8,9},{4,5,6,7,2,9,0,0,0},{0,0,0,0,0,0,0,0,0},{0,0,0,0,0,0,0,0,0},{0,0,0,0,0,0,0,0,0},{0,0,0,0,0,0,0,0,0},{0,0,0,0,0,0,0,0,0},{0,0,0,0,0,0,0,0,0},{0,0,0,0,0,0,0,0,0}}
]
13:11:39.701 INFO  [main] SudokuBoard - Wartość 0 wstawiona nieprawidłowo
13:11:39.701 INFO  [main] SudokuBoard - Bład w kwadracie 0
sudoku.model.SudokuBoard@4fc1eee5[
  size=9
  solver=sudoku.model.BacktrackingSudokuSolver@120661d2
  board={{2,1,3,5,6,4,7,8,9},{4,5,6,7,2,9,3,0,0},{0,0,0,0,0,0,0,0,0},{0,0,0,0,0,0,0,0,0},{0,0,0,0,0,0,0,0,0},{0,0,0,0,0,0,0,0,0},{0,0,0,0,0,0,0,0,0},{0,0,0,0,0,0,0,0,0},{0,0,0,0,0,0,0,0,0}}
]
13:11:39.701 INFO  [main] SudokuBoard - Wartość 0 wstawiona nieprawidłowo
13:11:39.702 INFO  [main] SudokuBoard - Bład w kwadracie 0
sudoku.model.SudokuBoard@4fc1eee5[
  size=9
  solver=sudoku.model.BacktrackingSudokuSolver@120661d2
  board={{2,1,3,5,6,4,7,8,9},{4,5,6,7,2,9,0,0,0},{0,0,0,0,0,0,0,0,0},{0,0,0,0,0,0,0,0,0},{0,0,0,0,0,0,0,0,0},{0,0,0,0,0,0,0,0,0},{0,0,0,0,0,0,0,0,0},{0,0,0,0,0,0,0,0,0},{0,0,0,0,0,0,0,0,0}}
]
13:11:39.702 INFO  [main] SudokuBoard - Wartość 0 wstawiona nieprawidłowo
13:11:39.702 INFO  [main] SudokuBoard - Bład w kwadracie 0
sudoku.model.SudokuBoard@4fc1eee5[
  size=9
  solver=sudoku.model.BacktrackingSudokuSolver@120661d2
  board={{2,1,3,5,6,4,7,8,9},{4,5,6,7,2,0,0,0,0},{0,0,0,0,0,0,0,0,0},{0,0,0,0,0,0,0,0,0},{0,0,0,0,0,0,0,0,0},{0,0,0,0,0,0,0,0,0},{0,0,0,0,0,0,0,0,0},{0,0,0,0,0,0,0,0,0},{0,0,0,0,0,0,0,0,0}}
]
13:11:39.707 INFO  [main] SudokuBoard - Wartość 0 wstawiona nieprawidłowo
13:11:39.708 INFO  [main] SudokuBoard - Bład w kwadracie 0
sudoku.model.SudokuBoard@4fc1eee5[
  size=9
  solver=sudoku.model.BacktrackingSudokuSolver@120661d2
  board={{2,1,3,5,6,4,7,8,9},{4,5,6,7,2,1,0,0,0},{0,0,0,0,0,0,0,0,0},{0,0,0,0,0,0,0,0,0},{0,0,0,0,0,0,0,0,0},{0,0,0,0,0,0,0,0,0},{0,0,0,0,0,0,0,0,0},{0,0,0,0,0,0,0,0,0},{0,0,0,0,0,0,0,0,0}}
]
13:11:39.708 INFO  [main] SudokuBoard - Wartość 0 wstawiona nieprawidłowo
13:11:39.708 INFO  [main] SudokuBoard - Bład w kwadracie 0
sudoku.model.SudokuBoard@4fc1eee5[
  size=9
  solver=sudoku.model.BacktrackingSudokuSolver@120661d2
  board={{2,1,3,5,6,4,7,8,9},{4,5,6,7,2,0,0,0,0},{0,0,0,0,0,0,0,0,0},{0,0,0,0,0,0,0,0,0},{0,0,0,0,0,0,0,0,0},{0,0,0,0,0,0,0,0,0},{0,0,0,0,0,0,0,0,0},{0,0,0,0,0,0,0,0,0},{0,0,0,0,0,0,0,0,0}}
]
13:11:39.709 INFO  [main] SudokuBoard - Wartość 0 wstawiona nieprawidłowo
13:11:39.709 INFO  [main] SudokuBoard - Bład w kwadracie 0
sudoku.model.SudokuBoard@4fc1eee5[
  size=9
  solver=sudoku.model.BacktrackingSudokuSolver@120661d2
  board={{2,1,3,5,6,4,7,8,9},{4,5,6,7,2,3,0,0,0},{0,0,0,0,0,0,0,0,0},{0,0,0,0,0,0,0,0,0},{0,0,0,0,0,0,0,0,0},{0,0,0,0,0,0,0,0,0},{0,0,0,0,0,0,0,0,0},{0,0,0,0,0,0,0,0,0},{0,0,0,0,0,0,0,0,0}}
]
13:11:39.709 INFO  [main] SudokuBoard - Wartość 0 wstawiona nieprawidłowo
13:11:39.709 INFO  [main] SudokuBoard - Bład w kwadracie 0
sudoku.model.SudokuBoard@4fc1eee5[
  size=9
  solver=sudoku.model.BacktrackingSudokuSolver@120661d2
  board={{2,1,3,5,6,4,7,8,9},{4,5,6,7,2,0,0,0,0},{0,0,0,0,0,0,0,0,0},{0,0,0,0,0,0,0,0,0},{0,0,0,0,0,0,0,0,0},{0,0,0,0,0,0,0,0,0},{0,0,0,0,0,0,0,0,0},{0,0,0,0,0,0,0,0,0},{0,0,0,0,0,0,0,0,0}}
]
13:11:39.710 INFO  [main] SudokuBoard - Wartość 0 wstawiona nieprawidłowo
13:11:39.710 INFO  [main] SudokuBoard - Bład w kwadracie 0
sudoku.model.SudokuBoard@4fc1eee5[
  size=9
  solver=sudoku.model.BacktrackingSudokuSolver@120661d2
  board={{2,1,3,5,6,4,7,8,9},{4,5,6,7,0,0,0,0,0},{0,0,0,0,0,0,0,0,0},{0,0,0,0,0,0,0,0,0},{0,0,0,0,0,0,0,0,0},{0,0,0,0,0,0,0,0,0},{0,0,0,0,0,0,0,0,0},{0,0,0,0,0,0,0,0,0},{0,0,0,0,0,0,0,0,0}}
]
13:11:39.710 INFO  [main] SudokuBoard - Wartość 0 wstawiona nieprawidłowo
13:11:39.710 INFO  [main] SudokuBoard - Bład w kwadracie 0
sudoku.model.SudokuBoard@4fc1eee5[
  size=9
  solver=sudoku.model.BacktrackingSudokuSolver@120661d2
  board={{2,1,3,5,6,4,7,8,9},{4,5,6,7,3,8,1,0,0},{0,0,0,0,0,0,0,0,0},{0,0,0,0,0,0,0,0,0},{0,0,0,0,0,0,0,0,0},{0,0,0,0,0,0,0,0,0},{0,0,0,0,0,0,0,0,0},{0,0,0,0,0,0,0,0,0},{0,0,0,0,0,0,0,0,0}}
]
13:11:39.711 INFO  [main] SudokuBoard - Wartość 0 wstawiona nieprawidłowo
13:11:39.711 INFO  [main] SudokuBoard - Bład w kwadracie 0
sudoku.model.SudokuBoard@4fc1eee5[
  size=9
  solver=sudoku.model.BacktrackingSudokuSolver@120661d2
  board={{2,1,3,5,6,4,7,8,9},{4,5,6,7,3,8,0,0,0},{0,0,0,0,0,0,0,0,0},{0,0,0,0,0,0,0,0,0},{0,0,0,0,0,0,0,0,0},{0,0,0,0,0,0,0,0,0},{0,0,0,0,0,0,0,0,0},{0,0,0,0,0,0,0,0,0},{0,0,0,0,0,0,0,0,0}}
]
13:11:39.711 INFO  [main] SudokuBoard - Wartość 0 wstawiona nieprawidłowo
13:11:39.715 INFO  [main] SudokuBoard - Bład w kwadracie 0
sudoku.model.SudokuBoard@4fc1eee5[
  size=9
  solver=sudoku.model.BacktrackingSudokuSolver@120661d2
  board={{2,1,3,5,6,4,7,8,9},{4,5,6,7,3,8,2,0,0},{0,0,0,0,0,0,0,0,0},{0,0,0,0,0,0,0,0,0},{0,0,0,0,0,0,0,0,0},{0,0,0,0,0,0,0,0,0},{0,0,0,0,0,0,0,0,0},{0,0,0,0,0,0,0,0,0},{0,0,0,0,0,0,0,0,0}}
]
13:11:39.715 INFO  [main] SudokuBoard - Wartość 0 wstawiona nieprawidłowo
13:11:39.715 INFO  [main] SudokuBoard - Bład w kwadracie 0
sudoku.model.SudokuBoard@4fc1eee5[
  size=9
  solver=sudoku.model.BacktrackingSudokuSolver@120661d2
  board={{2,1,3,5,6,4,7,8,9},{4,5,6,7,3,8,0,0,0},{0,0,0,0,0,0,0,0,0},{0,0,0,0,0,0,0,0,0},{0,0,0,0,0,0,0,0,0},{0,0,0,0,0,0,0,0,0},{0,0,0,0,0,0,0,0,0},{0,0,0,0,0,0,0,0,0},{0,0,0,0,0,0,0,0,0}}
]
13:11:39.715 INFO  [main] SudokuBoard - Wartość 0 wstawiona nieprawidłowo
13:11:39.716 INFO  [main] SudokuBoard - Bład w kwadracie 0
sudoku.model.SudokuBoard@4fc1eee5[
  size=9
  solver=sudoku.model.BacktrackingSudokuSolver@120661d2
  board={{2,1,3,5,6,4,7,8,9},{4,5,6,7,3,0,0,0,0},{0,0,0,0,0,0,0,0,0},{0,0,0,0,0,0,0,0,0},{0,0,0,0,0,0,0,0,0},{0,0,0,0,0,0,0,0,0},{0,0,0,0,0,0,0,0,0},{0,0,0,0,0,0,0,0,0},{0,0,0,0,0,0,0,0,0}}
]
13:11:39.716 INFO  [main] SudokuBoard - Wartość 0 wstawiona nieprawidłowo
13:11:39.721 INFO  [main] SudokuBoard - Bład w kwadracie 0
sudoku.model.SudokuBoard@4fc1eee5[
  size=9
  solver=sudoku.model.BacktrackingSudokuSolver@120661d2
  board={{2,1,3,5,6,4,7,8,9},{4,5,6,7,3,9,1,0,0},{0,0,0,0,0,0,0,0,0},{0,0,0,0,0,0,0,0,0},{0,0,0,0,0,0,0,0,0},{0,0,0,0,0,0,0,0,0},{0,0,0,0,0,0,0,0,0},{0,0,0,0,0,0,0,0,0},{0,0,0,0,0,0,0,0,0}}
]
13:11:39.721 INFO  [main] SudokuBoard - Wartość 0 wstawiona nieprawidłowo
13:11:39.721 INFO  [main] SudokuBoard - Bład w kwadracie 0
sudoku.model.SudokuBoard@4fc1eee5[
  size=9
  solver=sudoku.model.BacktrackingSudokuSolver@120661d2
  board={{2,1,3,5,6,4,7,8,9},{4,5,6,7,3,9,0,0,0},{0,0,0,0,0,0,0,0,0},{0,0,0,0,0,0,0,0,0},{0,0,0,0,0,0,0,0,0},{0,0,0,0,0,0,0,0,0},{0,0,0,0,0,0,0,0,0},{0,0,0,0,0,0,0,0,0},{0,0,0,0,0,0,0,0,0}}
]
13:11:39.722 INFO  [main] SudokuBoard - Wartość 0 wstawiona nieprawidłowo
13:11:39.722 INFO  [main] SudokuBoard - Bład w kwadracie 0
sudoku.model.SudokuBoard@4fc1eee5[
  size=9
  solver=sudoku.model.BacktrackingSudokuSolver@120661d2
  board={{2,1,3,5,6,4,7,8,9},{4,5,6,7,3,9,2,0,0},{0,0,0,0,0,0,0,0,0},{0,0,0,0,0,0,0,0,0},{0,0,0,0,0,0,0,0,0},{0,0,0,0,0,0,0,0,0},{0,0,0,0,0,0,0,0,0},{0,0,0,0,0,0,0,0,0},{0,0,0,0,0,0,0,0,0}}
]
13:11:39.722 INFO  [main] SudokuBoard - Wartość 0 wstawiona nieprawidłowo
13:11:39.722 INFO  [main] SudokuBoard - Bład w kwadracie 0
sudoku.model.SudokuBoard@4fc1eee5[
  size=9
  solver=sudoku.model.BacktrackingSudokuSolver@120661d2
  board={{2,1,3,5,6,4,7,8,9},{4,5,6,7,3,9,0,0,0},{0,0,0,0,0,0,0,0,0},{0,0,0,0,0,0,0,0,0},{0,0,0,0,0,0,0,0,0},{0,0,0,0,0,0,0,0,0},{0,0,0,0,0,0,0,0,0},{0,0,0,0,0,0,0,0,0},{0,0,0,0,0,0,0,0,0}}
]
13:11:39.723 INFO  [main] SudokuBoard - Wartość 0 wstawiona nieprawidłowo
13:11:39.724 INFO  [main] SudokuBoard - Bład w kwadracie 0
sudoku.model.SudokuBoard@4fc1eee5[
  size=9
  solver=sudoku.model.BacktrackingSudokuSolver@120661d2
  board={{2,1,3,5,6,4,7,8,9},{4,5,6,7,3,0,0,0,0},{0,0,0,0,0,0,0,0,0},{0,0,0,0,0,0,0,0,0},{0,0,0,0,0,0,0,0,0},{0,0,0,0,0,0,0,0,0},{0,0,0,0,0,0,0,0,0},{0,0,0,0,0,0,0,0,0},{0,0,0,0,0,0,0,0,0}}
]
13:11:39.724 INFO  [main] SudokuBoard - Wartość 0 wstawiona nieprawidłowo
13:11:39.725 INFO  [main] SudokuBoard - Bład w kwadracie 0
sudoku.model.SudokuBoard@4fc1eee5[
  size=9
  solver=sudoku.model.BacktrackingSudokuSolver@120661d2
  board={{2,1,3,5,6,4,7,8,9},{4,5,6,7,3,1,0,0,0},{0,0,0,0,0,0,0,0,0},{0,0,0,0,0,0,0,0,0},{0,0,0,0,0,0,0,0,0},{0,0,0,0,0,0,0,0,0},{0,0,0,0,0,0,0,0,0},{0,0,0,0,0,0,0,0,0},{0,0,0,0,0,0,0,0,0}}
]
13:11:39.725 INFO  [main] SudokuBoard - Wartość 0 wstawiona nieprawidłowo
13:11:39.725 INFO  [main] SudokuBoard - Bład w kwadracie 0
sudoku.model.SudokuBoard@4fc1eee5[
  size=9
  solver=sudoku.model.BacktrackingSudokuSolver@120661d2
  board={{2,1,3,5,6,4,7,8,9},{4,5,6,7,3,0,0,0,0},{0,0,0,0,0,0,0,0,0},{0,0,0,0,0,0,0,0,0},{0,0,0,0,0,0,0,0,0},{0,0,0,0,0,0,0,0,0},{0,0,0,0,0,0,0,0,0},{0,0,0,0,0,0,0,0,0},{0,0,0,0,0,0,0,0,0}}
]
13:11:39.733 INFO  [main] SudokuBoard - Wartość 0 wstawiona nieprawidłowo
13:11:39.735 INFO  [main] SudokuBoard - Bład w kwadracie 0
sudoku.model.SudokuBoard@4fc1eee5[
  size=9
  solver=sudoku.model.BacktrackingSudokuSolver@120661d2
  board={{2,1,3,5,6,4,7,8,9},{4,5,6,7,3,2,0,0,0},{0,0,0,0,0,0,0,0,0},{0,0,0,0,0,0,0,0,0},{0,0,0,0,0,0,0,0,0},{0,0,0,0,0,0,0,0,0},{0,0,0,0,0,0,0,0,0},{0,0,0,0,0,0,0,0,0},{0,0,0,0,0,0,0,0,0}}
]
13:11:39.736 INFO  [main] SudokuBoard - Wartość 0 wstawiona nieprawidłowo
13:11:39.737 INFO  [main] SudokuBoard - Bład w kwadracie 0
sudoku.model.SudokuBoard@4fc1eee5[
  size=9
  solver=sudoku.model.BacktrackingSudokuSolver@120661d2
  board={{2,1,3,5,6,4,7,8,9},{4,5,6,7,3,0,0,0,0},{0,0,0,0,0,0,0,0,0},{0,0,0,0,0,0,0,0,0},{0,0,0,0,0,0,0,0,0},{0,0,0,0,0,0,0,0,0},{0,0,0,0,0,0,0,0,0},{0,0,0,0,0,0,0,0,0},{0,0,0,0,0,0,0,0,0}}
]
13:11:39.737 INFO  [main] SudokuBoard - Wartość 0 wstawiona nieprawidłowo
13:11:39.738 INFO  [main] SudokuBoard - Bład w kwadracie 0
sudoku.model.SudokuBoard@4fc1eee5[
  size=9
  solver=sudoku.model.BacktrackingSudokuSolver@120661d2
  board={{2,1,3,5,6,4,7,8,9},{4,5,6,7,0,0,0,0,0},{0,0,0,0,0,0,0,0,0},{0,0,0,0,0,0,0,0,0},{0,0,0,0,0,0,0,0,0},{0,0,0,0,0,0,0,0,0},{0,0,0,0,0,0,0,0,0},{0,0,0,0,0,0,0,0,0},{0,0,0,0,0,0,0,0,0}}
]
13:11:39.739 INFO  [main] SudokuBoard - Wartość 0 wstawiona nieprawidłowo
13:11:39.756 INFO  [main] SudokuBoard - Bład w kwadracie 0
sudoku.model.SudokuBoard@4fc1eee5[
  size=9
  solver=sudoku.model.BacktrackingSudokuSolver@120661d2
  board={{2,1,3,5,6,4,7,8,9},{4,5,6,7,8,1,2,0,0},{0,0,0,0,0,0,0,0,0},{0,0,0,0,0,0,0,0,0},{0,0,0,0,0,0,0,0,0},{0,0,0,0,0,0,0,0,0},{0,0,0,0,0,0,0,0,0},{0,0,0,0,0,0,0,0,0},{0,0,0,0,0,0,0,0,0}}
]
13:11:39.756 INFO  [main] SudokuBoard - Wartość 0 wstawiona nieprawidłowo
13:11:39.757 INFO  [main] SudokuBoard - Bład w kwadracie 0
sudoku.model.SudokuBoard@4fc1eee5[
  size=9
  solver=sudoku.model.BacktrackingSudokuSolver@120661d2
  board={{2,1,3,5,6,4,7,8,9},{4,5,6,7,8,1,0,0,0},{0,0,0,0,0,0,0,0,0},{0,0,0,0,0,0,0,0,0},{0,0,0,0,0,0,0,0,0},{0,0,0,0,0,0,0,0,0},{0,0,0,0,0,0,0,0,0},{0,0,0,0,0,0,0,0,0},{0,0,0,0,0,0,0,0,0}}
]
13:11:39.757 INFO  [main] SudokuBoard - Wartość 0 wstawiona nieprawidłowo
13:11:39.758 INFO  [main] SudokuBoard - Bład w kwadracie 0
sudoku.model.SudokuBoard@4fc1eee5[
  size=9
  solver=sudoku.model.BacktrackingSudokuSolver@120661d2
  board={{2,1,3,5,6,4,7,8,9},{4,5,6,7,8,1,3,0,0},{0,0,0,0,0,0,0,0,0},{0,0,0,0,0,0,0,0,0},{0,0,0,0,0,0,0,0,0},{0,0,0,0,0,0,0,0,0},{0,0,0,0,0,0,0,0,0},{0,0,0,0,0,0,0,0,0},{0,0,0,0,0,0,0,0,0}}
]
13:11:39.758 INFO  [main] SudokuBoard - Wartość 0 wstawiona nieprawidłowo
13:11:39.758 INFO  [main] SudokuBoard - Bład w kwadracie 0
sudoku.model.SudokuBoard@4fc1eee5[
  size=9
  solver=sudoku.model.BacktrackingSudokuSolver@120661d2
  board={{2,1,3,5,6,4,7,8,9},{4,5,6,7,8,1,0,0,0},{0,0,0,0,0,0,0,0,0},{0,0,0,0,0,0,0,0,0},{0,0,0,0,0,0,0,0,0},{0,0,0,0,0,0,0,0,0},{0,0,0,0,0,0,0,0,0},{0,0,0,0,0,0,0,0,0},{0,0,0,0,0,0,0,0,0}}
]
13:11:39.758 INFO  [main] SudokuBoard - Wartość 0 wstawiona nieprawidłowo
13:11:39.759 INFO  [main] SudokuBoard - Bład w kwadracie 0
sudoku.model.SudokuBoard@4fc1eee5[
  size=9
  solver=sudoku.model.BacktrackingSudokuSolver@120661d2
  board={{2,1,3,5,6,4,7,8,9},{4,5,6,7,8,0,0,0,0},{0,0,0,0,0,0,0,0,0},{0,0,0,0,0,0,0,0,0},{0,0,0,0,0,0,0,0,0},{0,0,0,0,0,0,0,0,0},{0,0,0,0,0,0,0,0,0},{0,0,0,0,0,0,0,0,0},{0,0,0,0,0,0,0,0,0}}
]
13:11:39.759 INFO  [main] SudokuBoard - Wartość 0 wstawiona nieprawidłowo
13:11:39.759 INFO  [main] SudokuBoard - Bład w kwadracie 0
sudoku.model.SudokuBoard@4fc1eee5[
  size=9
  solver=sudoku.model.BacktrackingSudokuSolver@120661d2
  board={{2,1,3,5,6,4,7,8,9},{4,5,6,7,8,2,1,0,0},{0,0,0,0,0,0,0,0,0},{0,0,0,0,0,0,0,0,0},{0,0,0,0,0,0,0,0,0},{0,0,0,0,0,0,0,0,0},{0,0,0,0,0,0,0,0,0},{0,0,0,0,0,0,0,0,0},{0,0,0,0,0,0,0,0,0}}
]
13:11:39.759 INFO  [main] SudokuBoard - Wartość 0 wstawiona nieprawidłowo
13:11:39.759 INFO  [main] SudokuBoard - Bład w kwadracie 0
sudoku.model.SudokuBoard@4fc1eee5[
  size=9
  solver=sudoku.model.BacktrackingSudokuSolver@120661d2
  board={{2,1,3,5,6,4,7,8,9},{4,5,6,7,8,2,0,0,0},{0,0,0,0,0,0,0,0,0},{0,0,0,0,0,0,0,0,0},{0,0,0,0,0,0,0,0,0},{0,0,0,0,0,0,0,0,0},{0,0,0,0,0,0,0,0,0},{0,0,0,0,0,0,0,0,0},{0,0,0,0,0,0,0,0,0}}
]
13:11:39.759 INFO  [main] SudokuBoard - Wartość 0 wstawiona nieprawidłowo
13:11:39.760 INFO  [main] SudokuBoard - Bład w kwadracie 0
sudoku.model.SudokuBoard@4fc1eee5[
  size=9
  solver=sudoku.model.BacktrackingSudokuSolver@120661d2
  board={{2,1,3,5,6,4,7,8,9},{4,5,6,7,8,2,3,0,0},{0,0,0,0,0,0,0,0,0},{0,0,0,0,0,0,0,0,0},{0,0,0,0,0,0,0,0,0},{0,0,0,0,0,0,0,0,0},{0,0,0,0,0,0,0,0,0},{0,0,0,0,0,0,0,0,0},{0,0,0,0,0,0,0,0,0}}
]
13:11:39.760 INFO  [main] SudokuBoard - Wartość 0 wstawiona nieprawidłowo
13:11:39.760 INFO  [main] SudokuBoard - Bład w kwadracie 0
sudoku.model.SudokuBoard@4fc1eee5[
  size=9
  solver=sudoku.model.BacktrackingSudokuSolver@120661d2
  board={{2,1,3,5,6,4,7,8,9},{4,5,6,7,8,2,0,0,0},{0,0,0,0,0,0,0,0,0},{0,0,0,0,0,0,0,0,0},{0,0,0,0,0,0,0,0,0},{0,0,0,0,0,0,0,0,0},{0,0,0,0,0,0,0,0,0},{0,0,0,0,0,0,0,0,0},{0,0,0,0,0,0,0,0,0}}
]
13:11:39.760 INFO  [main] SudokuBoard - Wartość 0 wstawiona nieprawidłowo
13:11:39.760 INFO  [main] SudokuBoard - Bład w kwadracie 0
sudoku.model.SudokuBoard@4fc1eee5[
  size=9
  solver=sudoku.model.BacktrackingSudokuSolver@120661d2
  board={{2,1,3,5,6,4,7,8,9},{4,5,6,7,8,0,0,0,0},{0,0,0,0,0,0,0,0,0},{0,0,0,0,0,0,0,0,0},{0,0,0,0,0,0,0,0,0},{0,0,0,0,0,0,0,0,0},{0,0,0,0,0,0,0,0,0},{0,0,0,0,0,0,0,0,0},{0,0,0,0,0,0,0,0,0}}
]
13:11:39.761 INFO  [main] SudokuBoard - Wartość 0 wstawiona nieprawidłowo
13:11:39.761 INFO  [main] SudokuBoard - Bład w kwadracie 0
sudoku.model.SudokuBoard@4fc1eee5[
  size=9
  solver=sudoku.model.BacktrackingSudokuSolver@120661d2
  board={{2,1,3,5,6,4,7,8,9},{4,5,6,7,8,3,1,0,0},{0,0,0,0,0,0,0,0,0},{0,0,0,0,0,0,0,0,0},{0,0,0,0,0,0,0,0,0},{0,0,0,0,0,0,0,0,0},{0,0,0,0,0,0,0,0,0},{0,0,0,0,0,0,0,0,0},{0,0,0,0,0,0,0,0,0}}
]
13:11:39.761 INFO  [main] SudokuBoard - Wartość 0 wstawiona nieprawidłowo
13:11:39.761 INFO  [main] SudokuBoard - Bład w kwadracie 0
sudoku.model.SudokuBoard@4fc1eee5[
  size=9
  solver=sudoku.model.BacktrackingSudokuSolver@120661d2
  board={{2,1,3,5,6,4,7,8,9},{4,5,6,7,8,3,0,0,0},{0,0,0,0,0,0,0,0,0},{0,0,0,0,0,0,0,0,0},{0,0,0,0,0,0,0,0,0},{0,0,0,0,0,0,0,0,0},{0,0,0,0,0,0,0,0,0},{0,0,0,0,0,0,0,0,0},{0,0,0,0,0,0,0,0,0}}
]
13:11:39.761 INFO  [main] SudokuBoard - Wartość 0 wstawiona nieprawidłowo
13:11:39.764 INFO  [main] SudokuBoard - Bład w kwadracie 0
sudoku.model.SudokuBoard@4fc1eee5[
  size=9
  solver=sudoku.model.BacktrackingSudokuSolver@120661d2
  board={{2,1,3,5,6,4,7,8,9},{4,5,6,7,8,3,2,0,0},{0,0,0,0,0,0,0,0,0},{0,0,0,0,0,0,0,0,0},{0,0,0,0,0,0,0,0,0},{0,0,0,0,0,0,0,0,0},{0,0,0,0,0,0,0,0,0},{0,0,0,0,0,0,0,0,0},{0,0,0,0,0,0,0,0,0}}
]
13:11:39.764 INFO  [main] SudokuBoard - Wartość 0 wstawiona nieprawidłowo
13:11:39.764 INFO  [main] SudokuBoard - Bład w kwadracie 0
sudoku.model.SudokuBoard@4fc1eee5[
  size=9
  solver=sudoku.model.BacktrackingSudokuSolver@120661d2
  board={{2,1,3,5,6,4,7,8,9},{4,5,6,7,8,3,0,0,0},{0,0,0,0,0,0,0,0,0},{0,0,0,0,0,0,0,0,0},{0,0,0,0,0,0,0,0,0},{0,0,0,0,0,0,0,0,0},{0,0,0,0,0,0,0,0,0},{0,0,0,0,0,0,0,0,0},{0,0,0,0,0,0,0,0,0}}
]
13:11:39.765 INFO  [main] SudokuBoard - Wartość 0 wstawiona nieprawidłowo
13:11:39.765 INFO  [main] SudokuBoard - Bład w kwadracie 0
sudoku.model.SudokuBoard@4fc1eee5[
  size=9
  solver=sudoku.model.BacktrackingSudokuSolver@120661d2
  board={{2,1,3,5,6,4,7,8,9},{4,5,6,7,8,0,0,0,0},{0,0,0,0,0,0,0,0,0},{0,0,0,0,0,0,0,0,0},{0,0,0,0,0,0,0,0,0},{0,0,0,0,0,0,0,0,0},{0,0,0,0,0,0,0,0,0},{0,0,0,0,0,0,0,0,0},{0,0,0,0,0,0,0,0,0}}
]
13:11:39.765 INFO  [main] SudokuBoard - Wartość 0 wstawiona nieprawidłowo
13:11:39.767 INFO  [main] SudokuBoard - Bład w kwadracie 0
sudoku.model.SudokuBoard@4fc1eee5[
  size=9
  solver=sudoku.model.BacktrackingSudokuSolver@120661d2
  board={{2,1,3,5,6,4,7,8,9},{4,5,6,7,8,9,1,2,3},{7,9,8,1,2,3,4,5,6},{3,6,1,2,4,7,5,9,8},{5,4,2,6,9,8,3,7,1},{8,7,9,3,5,1,2,6,4},{1,2,4,8,3,5,0,0,0},{0,0,0,0,0,0,0,0,0},{0,0,0,0,0,0,0,0,0}}
]
13:11:39.767 INFO  [main] SudokuBoard - Wartość 0 wstawiona nieprawidłowo
13:11:39.770 INFO  [main] SudokuBoard - Bład w kwadracie 0
sudoku.model.SudokuBoard@4fc1eee5[
  size=9
  solver=sudoku.model.BacktrackingSudokuSolver@120661d2
  board={{2,1,3,5,6,4,7,8,9},{4,5,6,7,8,9,1,2,3},{7,9,8,1,2,3,4,5,6},{3,6,1,2,4,7,5,9,8},{5,4,2,6,9,8,3,7,1},{8,7,9,3,5,1,2,6,4},{1,2,4,8,3,5,0,0,0},{0,0,0,0,0,0,0,0,0},{0,0,0,0,0,0,0,0,0}}
]
13:11:39.770 INFO  [main] SudokuBoard - Wartość 0 wstawiona nieprawidłowo
13:11:39.771 INFO  [main] SudokuBoard - Bład w kwadracie 0
sudoku.model.SudokuBoard@4fc1eee5[
  size=9
  solver=sudoku.model.BacktrackingSudokuSolver@120661d2
  board={{2,1,3,5,6,4,7,8,9},{4,5,6,7,8,9,1,2,3},{7,9,8,1,2,3,4,5,6},{3,6,1,2,4,7,5,9,8},{5,4,2,6,9,8,3,7,1},{8,7,9,3,5,1,2,6,4},{1,2,4,8,3,0,0,0,0},{0,0,0,0,0,0,0,0,0},{0,0,0,0,0,0,0,0,0}}
]
13:11:39.772 INFO  [main] SudokuBoard - Wartość 0 wstawiona nieprawidłowo
13:11:39.772 INFO  [main] SudokuBoard - Bład w kwadracie 0
sudoku.model.SudokuBoard@4fc1eee5[
  size=9
  solver=sudoku.model.BacktrackingSudokuSolver@120661d2
  board={{2,1,3,5,6,4,7,8,9},{4,5,6,7,8,9,1,2,3},{7,9,8,1,2,3,4,5,6},{3,6,1,2,4,7,5,9,8},{5,4,2,6,9,8,3,7,1},{8,7,9,3,5,1,2,6,4},{1,2,4,8,3,6,0,0,0},{0,0,0,0,0,0,0,0,0},{0,0,0,0,0,0,0,0,0}}
]
13:11:39.772 INFO  [main] SudokuBoard - Wartość 0 wstawiona nieprawidłowo
13:11:39.773 INFO  [main] SudokuBoard - Bład w kwadracie 0
sudoku.model.SudokuBoard@4fc1eee5[
  size=9
  solver=sudoku.model.BacktrackingSudokuSolver@120661d2
  board={{2,1,3,5,6,4,7,8,9},{4,5,6,7,8,9,1,2,3},{7,9,8,1,2,3,4,5,6},{3,6,1,2,4,7,5,9,8},{5,4,2,6,9,8,3,7,1},{8,7,9,3,5,1,2,6,4},{1,2,4,8,3,0,0,0,0},{0,0,0,0,0,0,0,0,0},{0,0,0,0,0,0,0,0,0}}
]
13:11:39.775 INFO  [main] SudokuBoard - Wartość 0 wstawiona nieprawidłowo
13:11:39.775 INFO  [main] SudokuBoard - Bład w kwadracie 0
sudoku.model.SudokuBoard@4fc1eee5[
  size=9
  solver=sudoku.model.BacktrackingSudokuSolver@120661d2
  board={{2,1,3,5,6,4,7,8,9},{4,5,6,7,8,9,1,2,3},{7,9,8,1,2,3,4,5,6},{3,6,1,2,4,7,5,9,8},{5,4,2,6,9,8,3,7,1},{8,7,9,3,5,1,2,6,4},{1,2,4,8,0,0,0,0,0},{0,0,0,0,0,0,0,0,0},{0,0,0,0,0,0,0,0,0}}
]
13:11:39.775 INFO  [main] SudokuBoard - Wartość 0 wstawiona nieprawidłowo
13:11:39.775 INFO  [main] SudokuBoard - Bład w kwadracie 0
sudoku.model.SudokuBoard@4fc1eee5[
  size=9
  solver=sudoku.model.BacktrackingSudokuSolver@120661d2
  board={{2,1,3,5,6,4,7,8,9},{4,5,6,7,8,9,1,2,3},{7,9,8,1,2,3,4,5,6},{3,6,1,2,4,7,5,9,8},{5,4,2,6,9,8,3,7,1},{8,7,9,3,5,1,2,6,4},{1,2,4,8,7,5,6,0,0},{0,0,0,0,0,0,0,0,0},{0,0,0,0,0,0,0,0,0}}
]
13:11:39.776 INFO  [main] SudokuBoard - Wartość 0 wstawiona nieprawidłowo
13:11:39.776 INFO  [main] SudokuBoard - Bład w kwadracie 0
sudoku.model.SudokuBoard@4fc1eee5[
  size=9
  solver=sudoku.model.BacktrackingSudokuSolver@120661d2
  board={{2,1,3,5,6,4,7,8,9},{4,5,6,7,8,9,1,2,3},{7,9,8,1,2,3,4,5,6},{3,6,1,2,4,7,5,9,8},{5,4,2,6,9,8,3,7,1},{8,7,9,3,5,1,2,6,4},{1,2,4,8,7,5,0,0,0},{0,0,0,0,0,0,0,0,0},{0,0,0,0,0,0,0,0,0}}
]
13:11:39.776 INFO  [main] SudokuBoard - Wartość 0 wstawiona nieprawidłowo
13:11:39.777 INFO  [main] SudokuBoard - Bład w kwadracie 0
sudoku.model.SudokuBoard@4fc1eee5[
  size=9
  solver=sudoku.model.BacktrackingSudokuSolver@120661d2
  board={{2,1,3,5,6,4,7,8,9},{4,5,6,7,8,9,1,2,3},{7,9,8,1,2,3,4,5,6},{3,6,1,2,4,7,5,9,8},{5,4,2,6,9,8,3,7,1},{8,7,9,3,5,1,2,6,4},{1,2,4,8,7,5,9,0,0},{0,0,0,0,0,0,0,0,0},{0,0,0,0,0,0,0,0,0}}
]
13:11:39.777 INFO  [main] SudokuBoard - Wartość 0 wstawiona nieprawidłowo
13:11:39.777 INFO  [main] SudokuBoard - Bład w kwadracie 0
sudoku.model.SudokuBoard@4fc1eee5[
  size=9
  solver=sudoku.model.BacktrackingSudokuSolver@120661d2
  board={{2,1,3,5,6,4,7,8,9},{4,5,6,7,8,9,1,2,3},{7,9,8,1,2,3,4,5,6},{3,6,1,2,4,7,5,9,8},{5,4,2,6,9,8,3,7,1},{8,7,9,3,5,1,2,6,4},{1,2,4,8,7,5,0,0,0},{0,0,0,0,0,0,0,0,0},{0,0,0,0,0,0,0,0,0}}
]
13:11:39.777 INFO  [main] SudokuBoard - Wartość 0 wstawiona nieprawidłowo
13:11:39.778 INFO  [main] SudokuBoard - Bład w kwadracie 0
sudoku.model.SudokuBoard@4fc1eee5[
  size=9
  solver=sudoku.model.BacktrackingSudokuSolver@120661d2
  board={{2,1,3,5,6,4,7,8,9},{4,5,6,7,8,9,1,2,3},{7,9,8,1,2,3,4,5,6},{3,6,1,2,4,7,5,9,8},{5,4,2,6,9,8,3,7,1},{8,7,9,3,5,1,2,6,4},{1,2,4,8,7,0,0,0,0},{0,0,0,0,0,0,0,0,0},{0,0,0,0,0,0,0,0,0}}
]
13:11:39.778 INFO  [main] SudokuBoard - Wartość 0 wstawiona nieprawidłowo
]]></system-out>
  </testcase>
  <testcase name="testToString" classname="sudoku.model.SeriesTest" time="0.048">
    <system-out><![CDATA[13:11:39.787 INFO  [main] SudokuBoard - Bład w kwadracie 0
sudoku.model.SudokuBoard@1b9cfc19[
  size=9
  solver=sudoku.model.BacktrackingSudokuSolver@765d67dd
  board={{5,3,8,6,2,7,9,1,4},{2,1,4,5,3,8,6,0,0},{0,0,0,0,0,0,0,0,0},{0,0,0,0,0,0,0,0,0},{0,0,0,0,0,0,0,0,0},{0,0,0,0,0,0,0,0,0},{0,0,0,0,0,0,0,0,0},{0,0,0,0,0,0,0,0,0},{0,0,0,0,0,0,0,0,0}}
]
13:11:39.787 INFO  [main] SudokuBoard - Wartość 0 wstawiona nieprawidłowo
13:11:39.788 INFO  [main] SudokuBoard - Bład w kwadracie 0
sudoku.model.SudokuBoard@1b9cfc19[
  size=9
  solver=sudoku.model.BacktrackingSudokuSolver@765d67dd
  board={{5,3,8,6,2,7,9,1,4},{2,1,4,5,3,8,0,0,0},{0,0,0,0,0,0,0,0,0},{0,0,0,0,0,0,0,0,0},{0,0,0,0,0,0,0,0,0},{0,0,0,0,0,0,0,0,0},{0,0,0,0,0,0,0,0,0},{0,0,0,0,0,0,0,0,0},{0,0,0,0,0,0,0,0,0}}
]
13:11:39.789 INFO  [main] SudokuBoard - Wartość 0 wstawiona nieprawidłowo
13:11:39.789 INFO  [main] SudokuBoard - Bład w kwadracie 0
sudoku.model.SudokuBoard@1b9cfc19[
  size=9
  solver=sudoku.model.BacktrackingSudokuSolver@765d67dd
  board={{5,3,8,6,2,7,9,1,4},{2,1,4,5,3,8,7,0,0},{0,0,0,0,0,0,0,0,0},{0,0,0,0,0,0,0,0,0},{0,0,0,0,0,0,0,0,0},{0,0,0,0,0,0,0,0,0},{0,0,0,0,0,0,0,0,0},{0,0,0,0,0,0,0,0,0},{0,0,0,0,0,0,0,0,0}}
]
13:11:39.790 INFO  [main] SudokuBoard - Wartość 0 wstawiona nieprawidłowo
13:11:39.790 INFO  [main] SudokuBoard - Bład w kwadracie 0
sudoku.model.SudokuBoard@1b9cfc19[
  size=9
  solver=sudoku.model.BacktrackingSudokuSolver@765d67dd
  board={{5,3,8,6,2,7,9,1,4},{2,1,4,5,3,8,0,0,0},{0,0,0,0,0,0,0,0,0},{0,0,0,0,0,0,0,0,0},{0,0,0,0,0,0,0,0,0},{0,0,0,0,0,0,0,0,0},{0,0,0,0,0,0,0,0,0},{0,0,0,0,0,0,0,0,0},{0,0,0,0,0,0,0,0,0}}
]
13:11:39.790 INFO  [main] SudokuBoard - Wartość 0 wstawiona nieprawidłowo
13:11:39.790 INFO  [main] SudokuBoard - Bład w kwadracie 0
sudoku.model.SudokuBoard@1b9cfc19[
  size=9
  solver=sudoku.model.BacktrackingSudokuSolver@765d67dd
  board={{5,3,8,6,2,7,9,1,4},{2,1,4,5,3,0,0,0,0},{0,0,0,0,0,0,0,0,0},{0,0,0,0,0,0,0,0,0},{0,0,0,0,0,0,0,0,0},{0,0,0,0,0,0,0,0,0},{0,0,0,0,0,0,0,0,0},{0,0,0,0,0,0,0,0,0},{0,0,0,0,0,0,0,0,0}}
]
13:11:39.791 INFO  [main] SudokuBoard - Wartość 0 wstawiona nieprawidłowo
13:11:39.791 INFO  [main] SudokuBoard - Bład w kwadracie 0
sudoku.model.SudokuBoard@1b9cfc19[
  size=9
  solver=sudoku.model.BacktrackingSudokuSolver@765d67dd
  board={{5,3,8,6,2,7,9,1,4},{2,1,4,5,3,9,8,6,7},{6,7,9,4,8,1,5,2,3},{3,2,5,7,6,8,1,4,9},{7,4,1,3,5,2,6,0,0},{0,0,0,0,0,0,0,0,0},{0,0,0,0,0,0,0,0,0},{0,0,0,0,0,0,0,0,0},{0,0,0,0,0,0,0,0,0}}
]
13:11:39.791 INFO  [main] SudokuBoard - Wartość 0 wstawiona nieprawidłowo
13:11:39.792 INFO  [main] SudokuBoard - Bład w kwadracie 0
sudoku.model.SudokuBoard@1b9cfc19[
  size=9
  solver=sudoku.model.BacktrackingSudokuSolver@765d67dd
  board={{5,3,8,6,2,7,9,1,4},{2,1,4,5,3,9,8,6,7},{6,7,9,4,8,1,5,2,3},{3,2,5,7,6,8,1,4,9},{7,4,1,3,5,2,0,0,0},{0,0,0,0,0,0,0,0,0},{0,0,0,0,0,0,0,0,0},{0,0,0,0,0,0,0,0,0},{0,0,0,0,0,0,0,0,0}}
]
13:11:39.792 INFO  [main] SudokuBoard - Wartość 0 wstawiona nieprawidłowo
13:11:39.792 INFO  [main] SudokuBoard - Bład w kwadracie 0
sudoku.model.SudokuBoard@1b9cfc19[
  size=9
  solver=sudoku.model.BacktrackingSudokuSolver@765d67dd
  board={{5,3,8,6,2,7,9,1,4},{2,1,4,5,3,9,8,6,7},{6,7,9,4,8,1,5,2,3},{3,2,5,7,6,8,1,4,9},{7,4,1,3,5,0,0,0,0},{0,0,0,0,0,0,0,0,0},{0,0,0,0,0,0,0,0,0},{0,0,0,0,0,0,0,0,0},{0,0,0,0,0,0,0,0,0}}
]
13:11:39.792 INFO  [main] SudokuBoard - Wartość 0 wstawiona nieprawidłowo
13:11:39.793 INFO  [main] SudokuBoard - Bład w kwadracie 0
sudoku.model.SudokuBoard@1b9cfc19[
  size=9
  solver=sudoku.model.BacktrackingSudokuSolver@765d67dd
  board={{5,3,8,6,2,7,9,1,4},{2,1,4,5,3,9,8,6,7},{6,7,9,4,8,1,5,2,3},{3,2,5,7,6,8,1,4,9},{7,4,1,3,0,0,0,0,0},{0,0,0,0,0,0,0,0,0},{0,0,0,0,0,0,0,0,0},{0,0,0,0,0,0,0,0,0},{0,0,0,0,0,0,0,0,0}}
]
13:11:39.793 INFO  [main] SudokuBoard - Wartość 0 wstawiona nieprawidłowo
13:11:39.793 INFO  [main] SudokuBoard - Bład w kwadracie 0
sudoku.model.SudokuBoard@1b9cfc19[
  size=9
  solver=sudoku.model.BacktrackingSudokuSolver@765d67dd
  board={{5,3,8,6,2,7,9,1,4},{2,1,4,5,3,9,8,6,7},{6,7,9,4,8,1,5,2,3},{3,2,5,7,6,8,1,4,9},{7,4,1,3,9,2,6,5,8},{8,0,0,0,0,0,0,0,0},{0,0,0,0,0,0,0,0,0},{0,0,0,0,0,0,0,0,0},{0,0,0,0,0,0,0,0,0}}
]
13:11:39.793 INFO  [main] SudokuBoard - Wartość 0 wstawiona nieprawidłowo
13:11:39.795 INFO  [main] SudokuBoard - Bład w kwadracie 0
sudoku.model.SudokuBoard@1b9cfc19[
  size=9
  solver=sudoku.model.BacktrackingSudokuSolver@765d67dd
  board={{5,3,8,6,2,7,9,1,4},{2,1,4,5,3,9,8,6,7},{6,7,9,4,8,1,5,2,3},{3,2,5,7,6,8,1,4,9},{7,4,1,3,9,2,6,5,8},{8,9,6,1,4,5,3,7,2},{9,5,2,8,1,3,0,0,0},{0,0,0,0,0,0,0,0,0},{0,0,0,0,0,0,0,0,0}}
]
13:11:39.795 INFO  [main] SudokuBoard - Wartość 0 wstawiona nieprawidłowo
13:11:39.795 INFO  [main] SudokuBoard - Bład w kwadracie 0
sudoku.model.SudokuBoard@1b9cfc19[
  size=9
  solver=sudoku.model.BacktrackingSudokuSolver@765d67dd
  board={{5,3,8,6,2,7,9,1,4},{2,1,4,5,3,9,8,6,7},{6,7,9,4,8,1,5,2,3},{3,2,5,7,6,8,1,4,9},{7,4,1,3,9,2,6,5,8},{8,9,6,1,4,5,3,7,2},{9,5,2,8,1,3,0,0,0},{0,0,0,0,0,0,0,0,0},{0,0,0,0,0,0,0,0,0}}
]
13:11:39.795 INFO  [main] SudokuBoard - Wartość 0 wstawiona nieprawidłowo
13:11:39.796 INFO  [main] SudokuBoard - Bład w kwadracie 0
sudoku.model.SudokuBoard@1b9cfc19[
  size=9
  solver=sudoku.model.BacktrackingSudokuSolver@765d67dd
  board={{5,3,8,6,2,7,9,1,4},{2,1,4,5,3,9,8,6,7},{6,7,9,4,8,1,5,2,3},{3,2,5,7,6,8,1,4,9},{7,4,1,3,9,2,6,5,8},{8,9,6,1,4,5,3,7,2},{9,5,2,8,1,0,0,0,0},{0,0,0,0,0,0,0,0,0},{0,0,0,0,0,0,0,0,0}}
]
13:11:39.796 INFO  [main] SudokuBoard - Wartość 0 wstawiona nieprawidłowo
13:11:39.797 INFO  [main] SudokuBoard - Bład w kwadracie 0
sudoku.model.SudokuBoard@1b9cfc19[
  size=9
  solver=sudoku.model.BacktrackingSudokuSolver@765d67dd
  board={{5,3,8,6,2,7,9,1,4},{2,1,4,5,3,9,8,6,7},{6,7,9,4,8,1,5,2,3},{3,2,5,7,6,8,1,4,9},{7,4,1,3,9,2,6,5,8},{8,9,6,1,4,5,3,7,2},{9,5,2,8,1,4,7,3,6},{1,6,7,9,5,3,2,0,0},{0,0,0,0,0,0,0,0,0}}
]
13:11:39.797 INFO  [main] SudokuBoard - Wartość 0 wstawiona nieprawidłowo
13:11:39.797 INFO  [main] SudokuBoard - Bład w kwadracie 0
sudoku.model.SudokuBoard@1b9cfc19[
  size=9
  solver=sudoku.model.BacktrackingSudokuSolver@765d67dd
  board={{5,3,8,6,2,7,9,1,4},{2,1,4,5,3,9,8,6,7},{6,7,9,4,8,1,5,2,3},{3,2,5,7,6,8,1,4,9},{7,4,1,3,9,2,6,5,8},{8,9,6,1,4,5,3,7,2},{9,5,2,8,1,4,7,3,6},{1,6,7,9,5,3,0,0,0},{0,0,0,0,0,0,0,0,0}}
]
13:11:39.797 INFO  [main] SudokuBoard - Wartość 0 wstawiona nieprawidłowo
13:11:39.798 INFO  [main] SudokuBoard - Bład w kwadracie 0
sudoku.model.SudokuBoard@1b9cfc19[
  size=9
  solver=sudoku.model.BacktrackingSudokuSolver@765d67dd
  board={{5,3,8,6,2,7,9,1,4},{2,1,4,5,3,9,8,6,7},{6,7,9,4,8,1,5,2,3},{3,2,5,7,6,8,1,4,9},{7,4,1,3,9,2,6,5,8},{8,9,6,1,4,5,3,7,2},{9,5,2,8,1,4,7,3,6},{1,6,7,9,5,3,4,0,0},{0,0,0,0,0,0,0,0,0}}
]
13:11:39.798 INFO  [main] SudokuBoard - Wartość 0 wstawiona nieprawidłowo
13:11:39.798 INFO  [main] SudokuBoard - Bład w kwadracie 0
sudoku.model.SudokuBoard@1b9cfc19[
  size=9
  solver=sudoku.model.BacktrackingSudokuSolver@765d67dd
  board={{5,3,8,6,2,7,9,1,4},{2,1,4,5,3,9,8,6,7},{6,7,9,4,8,1,5,2,3},{3,2,5,7,6,8,1,4,9},{7,4,1,3,9,2,6,5,8},{8,9,6,1,4,5,3,7,2},{9,5,2,8,1,4,7,3,6},{1,6,7,9,5,3,0,0,0},{0,0,0,0,0,0,0,0,0}}
]
13:11:39.798 INFO  [main] SudokuBoard - Wartość 0 wstawiona nieprawidłowo
13:11:39.798 INFO  [main] SudokuBoard - Bład w kwadracie 0
sudoku.model.SudokuBoard@1b9cfc19[
  size=9
  solver=sudoku.model.BacktrackingSudokuSolver@765d67dd
  board={{5,3,8,6,2,7,9,1,4},{2,1,4,5,3,9,8,6,7},{6,7,9,4,8,1,5,2,3},{3,2,5,7,6,8,1,4,9},{7,4,1,3,9,2,6,5,8},{8,9,6,1,4,5,3,7,2},{9,5,2,8,1,4,7,3,6},{1,6,7,9,5,0,0,0,0},{0,0,0,0,0,0,0,0,0}}
]
13:11:39.798 INFO  [main] SudokuBoard - Wartość 0 wstawiona nieprawidłowo
13:11:39.799 INFO  [main] SudokuBoard - Bład w kwadracie 0
sudoku.model.SudokuBoard@1b9cfc19[
  size=9
  solver=sudoku.model.BacktrackingSudokuSolver@765d67dd
  board={{5,3,8,6,2,7,9,1,4},{2,1,4,5,3,9,8,6,7},{6,7,9,4,8,1,5,2,3},{3,2,5,7,6,8,1,4,9},{7,4,1,3,9,2,6,5,8},{8,9,6,1,4,5,3,7,2},{9,5,2,8,1,4,7,3,6},{1,6,7,9,0,0,0,0,0},{0,0,0,0,0,0,0,0,0}}
]
13:11:39.799 INFO  [main] SudokuBoard - Wartość 0 wstawiona nieprawidłowo
13:11:39.799 INFO  [main] SudokuBoard - Bład w kwadracie 0
sudoku.model.SudokuBoard@1b9cfc19[
  size=9
  solver=sudoku.model.BacktrackingSudokuSolver@765d67dd
  board={{5,3,8,6,2,7,9,1,4},{2,1,4,5,3,9,8,6,7},{6,7,9,4,8,1,5,2,3},{3,2,5,7,6,8,1,4,9},{7,4,1,3,9,2,6,5,8},{8,9,6,1,4,5,3,7,2},{9,5,2,8,1,4,7,3,6},{1,6,7,0,0,0,0,0,0},{0,0,0,0,0,0,0,0,0}}
]
13:11:39.799 INFO  [main] SudokuBoard - Wartość 0 wstawiona nieprawidłowo
13:11:39.799 INFO  [main] SudokuBoard - Bład w kwadracie 0
sudoku.model.SudokuBoard@1b9cfc19[
  size=9
  solver=sudoku.model.BacktrackingSudokuSolver@765d67dd
  board={{5,3,8,6,2,7,9,1,4},{2,1,4,5,3,9,8,6,7},{6,7,9,4,8,1,5,2,3},{3,2,5,7,6,8,1,4,9},{7,4,1,3,9,2,6,5,8},{8,9,6,1,4,5,3,7,2},{9,5,2,8,1,4,7,3,6},{1,6,7,2,5,3,4,0,0},{0,0,0,0,0,0,0,0,0}}
]
13:11:39.799 INFO  [main] SudokuBoard - Wartość 0 wstawiona nieprawidłowo
13:11:39.800 INFO  [main] SudokuBoard - Bład w kwadracie 0
sudoku.model.SudokuBoard@1b9cfc19[
  size=9
  solver=sudoku.model.BacktrackingSudokuSolver@765d67dd
  board={{5,3,8,6,2,7,9,1,4},{2,1,4,5,3,9,8,6,7},{6,7,9,4,8,1,5,2,3},{3,2,5,7,6,8,1,4,9},{7,4,1,3,9,2,6,5,8},{8,9,6,1,4,5,3,7,2},{9,5,2,8,1,4,7,3,6},{1,6,7,2,5,3,4,0,0},{0,0,0,0,0,0,0,0,0}}
]
13:11:39.800 INFO  [main] SudokuBoard - Wartość 0 wstawiona nieprawidłowo
13:11:39.800 INFO  [main] SudokuBoard - Bład w kwadracie 0
sudoku.model.SudokuBoard@1b9cfc19[
  size=9
  solver=sudoku.model.BacktrackingSudokuSolver@765d67dd
  board={{5,3,8,6,2,7,9,1,4},{2,1,4,5,3,9,8,6,7},{6,7,9,4,8,1,5,2,3},{3,2,5,7,6,8,1,4,9},{7,4,1,3,9,2,6,5,8},{8,9,6,1,4,5,3,7,2},{9,5,2,8,1,4,7,3,6},{1,6,7,2,5,3,0,0,0},{0,0,0,0,0,0,0,0,0}}
]
13:11:39.800 INFO  [main] SudokuBoard - Wartość 0 wstawiona nieprawidłowo
13:11:39.800 INFO  [main] SudokuBoard - Bład w kwadracie 0
sudoku.model.SudokuBoard@1b9cfc19[
  size=9
  solver=sudoku.model.BacktrackingSudokuSolver@765d67dd
  board={{5,3,8,6,2,7,9,1,4},{2,1,4,5,3,9,8,6,7},{6,7,9,4,8,1,5,2,3},{3,2,5,7,6,8,1,4,9},{7,4,1,3,9,2,6,5,8},{8,9,6,1,4,5,3,7,2},{9,5,2,8,1,4,7,3,6},{1,6,7,2,5,0,0,0,0},{0,0,0,0,0,0,0,0,0}}
]
13:11:39.801 INFO  [main] SudokuBoard - Wartość 0 wstawiona nieprawidłowo
13:11:39.801 INFO  [main] SudokuBoard - Bład w kwadracie 0
sudoku.model.SudokuBoard@1b9cfc19[
  size=9
  solver=sudoku.model.BacktrackingSudokuSolver@765d67dd
  board={{5,3,8,6,2,7,9,1,4},{2,1,4,5,3,9,8,6,7},{6,7,9,4,8,1,5,2,3},{3,2,5,7,6,8,1,4,9},{7,4,1,3,9,2,6,5,8},{8,9,6,1,4,5,3,7,2},{9,5,2,8,1,4,7,3,6},{1,6,7,2,0,0,0,0,0},{0,0,0,0,0,0,0,0,0}}
]
13:11:39.801 INFO  [main] SudokuBoard - Wartość 0 wstawiona nieprawidłowo
13:11:39.802 INFO  [main] SudokuBoard - Bład w kwadracie 0
sudoku.model.SudokuBoard@1b9cfc19[
  size=9
  solver=sudoku.model.BacktrackingSudokuSolver@765d67dd
  board={{5,3,8,6,2,7,9,1,4},{2,1,4,5,3,9,8,6,7},{6,7,9,4,8,1,5,2,3},{3,2,5,7,6,8,1,4,9},{7,4,1,3,9,2,6,5,8},{8,9,6,1,4,5,3,7,2},{9,5,2,8,1,4,7,3,6},{1,6,7,0,0,0,0,0,0},{0,0,0,0,0,0,0,0,0}}
]
13:11:39.802 INFO  [main] SudokuBoard - Wartość 0 wstawiona nieprawidłowo
13:11:39.803 INFO  [main] SudokuBoard - Bład w kwadracie 0
sudoku.model.SudokuBoard@1b9cfc19[
  size=9
  solver=sudoku.model.BacktrackingSudokuSolver@765d67dd
  board={{5,3,8,6,2,7,9,1,4},{2,1,4,5,3,9,8,6,7},{6,7,9,4,8,1,5,2,3},{3,2,5,7,6,8,1,4,9},{7,4,1,3,9,2,6,5,8},{8,9,6,1,4,5,3,7,2},{9,5,2,8,1,4,7,3,6},{1,6,0,0,0,0,0,0,0},{0,0,0,0,0,0,0,0,0}}
]
13:11:39.803 INFO  [main] SudokuBoard - Wartość 0 wstawiona nieprawidłowo
13:11:39.805 INFO  [main] SudokuBoard - Bład w kwadracie 0
sudoku.model.SudokuBoard@1b9cfc19[
  size=9
  solver=sudoku.model.BacktrackingSudokuSolver@765d67dd
  board={{5,3,8,6,2,7,9,1,4},{2,1,4,5,3,9,8,6,7},{6,7,9,4,8,1,5,2,3},{3,2,5,7,6,8,1,4,9},{7,4,1,3,9,2,6,5,8},{8,9,6,1,4,5,3,7,2},{9,5,2,8,1,4,7,3,6},{1,6,3,9,0,0,0,0,0},{0,0,0,0,0,0,0,0,0}}
]
13:11:39.805 INFO  [main] SudokuBoard - Wartość 0 wstawiona nieprawidłowo
13:11:39.805 INFO  [main] SudokuBoard - Bład w kwadracie 0
sudoku.model.SudokuBoard@1b9cfc19[
  size=9
  solver=sudoku.model.BacktrackingSudokuSolver@765d67dd
  board={{5,3,8,6,2,7,9,1,4},{2,1,4,5,3,9,8,6,7},{6,7,9,4,8,1,5,2,3},{3,2,5,7,6,8,1,4,9},{7,4,1,3,9,2,6,5,8},{8,9,6,1,4,5,3,7,2},{9,5,2,8,1,4,7,3,6},{1,6,3,9,0,0,0,0,0},{0,0,0,0,0,0,0,0,0}}
]
13:11:39.805 INFO  [main] SudokuBoard - Wartość 0 wstawiona nieprawidłowo
13:11:39.806 INFO  [main] SudokuBoard - Bład w kwadracie 0
sudoku.model.SudokuBoard@1b9cfc19[
  size=9
  solver=sudoku.model.BacktrackingSudokuSolver@765d67dd
  board={{5,3,8,6,2,7,9,1,4},{2,1,4,5,3,9,8,6,7},{6,7,9,4,8,1,5,2,3},{3,2,5,7,6,8,1,4,9},{7,4,1,3,9,2,6,5,8},{8,9,6,1,4,5,3,7,2},{9,5,2,8,1,4,7,3,6},{1,6,3,0,0,0,0,0,0},{0,0,0,0,0,0,0,0,0}}
]
13:11:39.806 INFO  [main] SudokuBoard - Wartość 0 wstawiona nieprawidłowo
13:11:39.806 INFO  [main] SudokuBoard - Bład w kwadracie 0
sudoku.model.SudokuBoard@1b9cfc19[
  size=9
  solver=sudoku.model.BacktrackingSudokuSolver@765d67dd
  board={{5,3,8,6,2,7,9,1,4},{2,1,4,5,3,9,8,6,7},{6,7,9,4,8,1,5,2,3},{3,2,5,7,6,8,1,4,9},{7,4,1,3,9,2,6,5,8},{8,9,6,1,4,5,3,7,2},{9,5,2,8,1,4,7,3,6},{1,6,3,2,0,0,0,0,0},{0,0,0,0,0,0,0,0,0}}
]
13:11:39.806 INFO  [main] SudokuBoard - Wartość 0 wstawiona nieprawidłowo
13:11:39.806 INFO  [main] SudokuBoard - Bład w kwadracie 0
sudoku.model.SudokuBoard@1b9cfc19[
  size=9
  solver=sudoku.model.BacktrackingSudokuSolver@765d67dd
  board={{5,3,8,6,2,7,9,1,4},{2,1,4,5,3,9,8,6,7},{6,7,9,4,8,1,5,2,3},{3,2,5,7,6,8,1,4,9},{7,4,1,3,9,2,6,5,8},{8,9,6,1,4,5,3,7,2},{9,5,2,8,1,4,7,3,6},{1,6,3,2,0,0,0,0,0},{0,0,0,0,0,0,0,0,0}}
]
13:11:39.806 INFO  [main] SudokuBoard - Wartość 0 wstawiona nieprawidłowo
13:11:39.807 INFO  [main] SudokuBoard - Bład w kwadracie 0
sudoku.model.SudokuBoard@1b9cfc19[
  size=9
  solver=sudoku.model.BacktrackingSudokuSolver@765d67dd
  board={{5,3,8,6,2,7,9,1,4},{2,1,4,5,3,9,8,6,7},{6,7,9,4,8,1,5,2,3},{3,2,5,7,6,8,1,4,9},{7,4,1,3,9,2,6,5,8},{8,9,6,1,4,5,3,7,2},{9,5,2,8,1,4,7,3,6},{1,6,3,0,0,0,0,0,0},{0,0,0,0,0,0,0,0,0}}
]
13:11:39.807 INFO  [main] SudokuBoard - Wartość 0 wstawiona nieprawidłowo
13:11:39.807 INFO  [main] SudokuBoard - Bład w kwadracie 0
sudoku.model.SudokuBoard@1b9cfc19[
  size=9
  solver=sudoku.model.BacktrackingSudokuSolver@765d67dd
  board={{5,3,8,6,2,7,9,1,4},{2,1,4,5,3,9,8,6,7},{6,7,9,4,8,1,5,2,3},{3,2,5,7,6,8,1,4,9},{7,4,1,3,9,2,6,5,8},{8,9,6,1,4,5,3,7,2},{9,5,2,8,1,4,7,3,6},{1,6,0,0,0,0,0,0,0},{0,0,0,0,0,0,0,0,0}}
]
13:11:39.807 INFO  [main] SudokuBoard - Wartość 0 wstawiona nieprawidłowo
13:11:39.807 INFO  [main] SudokuBoard - Bład w kwadracie 0
sudoku.model.SudokuBoard@1b9cfc19[
  size=9
  solver=sudoku.model.BacktrackingSudokuSolver@765d67dd
  board={{5,3,8,6,2,7,9,1,4},{2,1,4,5,3,9,8,6,7},{6,7,9,4,8,1,5,2,3},{3,2,5,7,6,8,1,4,9},{7,4,1,3,9,2,6,5,8},{8,9,6,1,4,5,3,7,2},{9,5,2,8,1,4,7,3,6},{1,0,0,0,0,0,0,0,0},{0,0,0,0,0,0,0,0,0}}
]
13:11:39.808 INFO  [main] SudokuBoard - Wartość 0 wstawiona nieprawidłowo
13:11:39.808 INFO  [main] SudokuBoard - Bład w kwadracie 0
sudoku.model.SudokuBoard@1b9cfc19[
  size=9
  solver=sudoku.model.BacktrackingSudokuSolver@765d67dd
  board={{5,3,8,6,2,7,9,1,4},{2,1,4,5,3,9,8,6,7},{6,7,9,4,8,1,5,2,3},{3,2,5,7,6,8,1,4,9},{7,4,1,3,9,2,6,5,8},{8,9,6,1,4,5,3,7,2},{9,5,2,8,1,4,7,3,6},{1,8,3,2,5,6,4,0,0},{0,0,0,0,0,0,0,0,0}}
]
13:11:39.808 INFO  [main] SudokuBoard - Wartość 0 wstawiona nieprawidłowo
13:11:39.808 INFO  [main] SudokuBoard - Bład w kwadracie 0
sudoku.model.SudokuBoard@1b9cfc19[
  size=9
  solver=sudoku.model.BacktrackingSudokuSolver@765d67dd
  board={{5,3,8,6,2,7,9,1,4},{2,1,4,5,3,9,8,6,7},{6,7,9,4,8,1,5,2,3},{3,2,5,7,6,8,1,4,9},{7,4,1,3,9,2,6,5,8},{8,9,6,1,4,5,3,7,2},{9,5,2,8,1,4,7,3,6},{1,8,3,2,5,6,0,0,0},{0,0,0,0,0,0,0,0,0}}
]
13:11:39.809 INFO  [main] SudokuBoard - Wartość 0 wstawiona nieprawidłowo
13:11:39.825 INFO  [main] SudokuBoard - Bład w kwadracie 0
sudoku.model.SudokuBoard@1b9cfc19[
  size=9
  solver=sudoku.model.BacktrackingSudokuSolver@765d67dd
  board={{5,3,8,6,2,7,9,1,4},{2,1,4,5,3,9,8,6,7},{6,7,9,4,8,1,5,2,3},{3,2,5,7,6,8,1,4,9},{7,4,1,3,9,2,6,5,8},{8,9,6,1,4,5,3,7,2},{9,5,2,8,1,4,7,3,6},{1,8,3,2,5,0,0,0,0},{0,0,0,0,0,0,0,0,0}}
]
13:11:39.826 INFO  [main] SudokuBoard - Wartość 0 wstawiona nieprawidłowo
13:11:39.829 INFO  [main] SudokuBoard - Bład w kwadracie 0
sudoku.model.SudokuBoard@1b9cfc19[
  size=9
  solver=sudoku.model.BacktrackingSudokuSolver@765d67dd
  board={{5,3,8,6,2,7,9,1,4},{2,1,4,5,3,9,8,6,7},{6,7,9,4,8,1,5,2,3},{3,2,5,7,6,8,1,4,9},{7,4,1,3,9,2,6,5,8},{8,9,6,1,4,5,3,7,2},{9,5,2,8,1,4,7,3,6},{1,8,3,2,0,0,0,0,0},{0,0,0,0,0,0,0,0,0}}
]
13:11:39.831 INFO  [main] SudokuBoard - Wartość 0 wstawiona nieprawidłowo
]]></system-out>
  </testcase>
  <testcase name="testEqualsDiffrentClass" classname="sudoku.model.SeriesTest" time="0.019">
    <system-out><![CDATA[13:11:39.839 INFO  [main] SudokuBoard - Bład w kwadracie 0
sudoku.model.SudokuBoard@2fda92e0[
  size=9
  solver=sudoku.model.BacktrackingSudokuSolver@535adf36
  board={{7,8,9,6,1,2,4,5,3},{2,3,5,4,9,7,6,1,8},{6,4,1,8,3,5,2,9,7},{8,2,6,7,4,9,1,3,5},{5,7,3,1,6,8,9,2,4},{9,1,4,2,5,3,7,0,0},{0,0,0,0,0,0,0,0,0},{0,0,0,0,0,0,0,0,0},{0,0,0,0,0,0,0,0,0}}
]
13:11:39.841 INFO  [main] SudokuBoard - Wartość 0 wstawiona nieprawidłowo
13:11:39.841 INFO  [main] SudokuBoard - Bład w kwadracie 0
sudoku.model.SudokuBoard@2fda92e0[
  size=9
  solver=sudoku.model.BacktrackingSudokuSolver@535adf36
  board={{7,8,9,6,1,2,4,5,3},{2,3,5,4,9,7,6,1,8},{6,4,1,8,3,5,2,9,7},{8,2,6,7,4,9,1,3,5},{5,7,3,1,6,8,9,2,4},{9,1,4,2,5,3,7,8,6},{1,5,2,9,8,6,3,0,0},{0,0,0,0,0,0,0,0,0},{0,0,0,0,0,0,0,0,0}}
]
13:11:39.841 INFO  [main] SudokuBoard - Wartość 0 wstawiona nieprawidłowo
13:11:39.841 INFO  [main] SudokuBoard - Bład w kwadracie 0
sudoku.model.SudokuBoard@2fda92e0[
  size=9
  solver=sudoku.model.BacktrackingSudokuSolver@535adf36
  board={{7,8,9,6,1,2,4,5,3},{2,3,5,4,9,7,6,1,8},{6,4,1,8,3,5,2,9,7},{8,2,6,7,4,9,1,3,5},{5,7,3,1,6,8,9,2,4},{9,1,4,2,5,3,7,8,6},{1,5,2,9,8,6,3,0,0},{0,0,0,0,0,0,0,0,0},{0,0,0,0,0,0,0,0,0}}
]
13:11:39.841 INFO  [main] SudokuBoard - Wartość 0 wstawiona nieprawidłowo
13:11:39.842 INFO  [main] SudokuBoard - Bład w kwadracie 0
sudoku.model.SudokuBoard@2fda92e0[
  size=9
  solver=sudoku.model.BacktrackingSudokuSolver@535adf36
  board={{7,8,9,6,1,2,4,5,3},{2,3,5,4,9,7,6,1,8},{6,4,1,8,3,5,2,9,7},{8,2,6,7,4,9,1,3,5},{5,7,3,1,6,8,9,2,4},{9,1,4,2,5,3,7,8,6},{1,5,2,9,8,6,0,0,0},{0,0,0,0,0,0,0,0,0},{0,0,0,0,0,0,0,0,0}}
]
13:11:39.842 INFO  [main] SudokuBoard - Wartość 0 wstawiona nieprawidłowo
13:11:39.843 INFO  [main] SudokuBoard - Bład w kwadracie 0
sudoku.model.SudokuBoard@2fda92e0[
  size=9
  solver=sudoku.model.BacktrackingSudokuSolver@535adf36
  board={{7,8,9,6,1,2,4,5,3},{2,3,5,4,9,7,6,1,8},{6,4,1,8,3,5,2,9,7},{8,2,6,7,4,9,1,3,5},{5,7,3,1,6,8,9,2,4},{9,1,4,2,5,3,7,8,6},{1,5,2,9,8,0,0,0,0},{0,0,0,0,0,0,0,0,0},{0,0,0,0,0,0,0,0,0}}
]
13:11:39.843 INFO  [main] SudokuBoard - Wartość 0 wstawiona nieprawidłowo
13:11:39.843 INFO  [main] SudokuBoard - Bład w kwadracie 0
sudoku.model.SudokuBoard@2fda92e0[
  size=9
  solver=sudoku.model.BacktrackingSudokuSolver@535adf36
  board={{7,8,9,6,1,2,4,5,3},{2,3,5,4,9,7,6,1,8},{6,4,1,8,3,5,2,9,7},{8,2,6,7,4,9,1,3,5},{5,7,3,1,6,8,9,2,4},{9,1,4,2,5,3,7,8,6},{1,5,2,9,8,4,3,0,0},{0,0,0,0,0,0,0,0,0},{0,0,0,0,0,0,0,0,0}}
]
13:11:39.844 INFO  [main] SudokuBoard - Wartość 0 wstawiona nieprawidłowo
13:11:39.844 INFO  [main] SudokuBoard - Bład w kwadracie 0
sudoku.model.SudokuBoard@2fda92e0[
  size=9
  solver=sudoku.model.BacktrackingSudokuSolver@535adf36
  board={{7,8,9,6,1,2,4,5,3},{2,3,5,4,9,7,6,1,8},{6,4,1,8,3,5,2,9,7},{8,2,6,7,4,9,1,3,5},{5,7,3,1,6,8,9,2,4},{9,1,4,2,5,3,7,8,6},{1,5,2,9,8,4,3,0,0},{0,0,0,0,0,0,0,0,0},{0,0,0,0,0,0,0,0,0}}
]
13:11:39.844 INFO  [main] SudokuBoard - Wartość 0 wstawiona nieprawidłowo
13:11:39.845 INFO  [main] SudokuBoard - Bład w kwadracie 0
sudoku.model.SudokuBoard@2fda92e0[
  size=9
  solver=sudoku.model.BacktrackingSudokuSolver@535adf36
  board={{7,8,9,6,1,2,4,5,3},{2,3,5,4,9,7,6,1,8},{6,4,1,8,3,5,2,9,7},{8,2,6,7,4,9,1,3,5},{5,7,3,1,6,8,9,2,4},{9,1,4,2,5,3,7,8,6},{1,5,2,9,8,4,0,0,0},{0,0,0,0,0,0,0,0,0},{0,0,0,0,0,0,0,0,0}}
]
13:11:39.845 INFO  [main] SudokuBoard - Wartość 0 wstawiona nieprawidłowo
13:11:39.845 INFO  [main] SudokuBoard - Bład w kwadracie 0
sudoku.model.SudokuBoard@2fda92e0[
  size=9
  solver=sudoku.model.BacktrackingSudokuSolver@535adf36
  board={{7,8,9,6,1,2,4,5,3},{2,3,5,4,9,7,6,1,8},{6,4,1,8,3,5,2,9,7},{8,2,6,7,4,9,1,3,5},{5,7,3,1,6,8,9,2,4},{9,1,4,2,5,3,7,8,6},{1,5,2,9,8,0,0,0,0},{0,0,0,0,0,0,0,0,0},{0,0,0,0,0,0,0,0,0}}
]
13:11:39.845 INFO  [main] SudokuBoard - Wartość 0 wstawiona nieprawidłowo
13:11:39.846 INFO  [main] SudokuBoard - Bład w kwadracie 0
sudoku.model.SudokuBoard@2fda92e0[
  size=9
  solver=sudoku.model.BacktrackingSudokuSolver@535adf36
  board={{7,8,9,6,1,2,4,5,3},{2,3,5,4,9,7,6,1,8},{6,4,1,8,3,5,2,9,7},{8,2,6,7,4,9,1,3,5},{5,7,3,1,6,8,9,2,4},{9,1,4,2,5,3,7,8,6},{1,5,2,9,0,0,0,0,0},{0,0,0,0,0,0,0,0,0},{0,0,0,0,0,0,0,0,0}}
]
13:11:39.846 INFO  [main] SudokuBoard - Wartość 0 wstawiona nieprawidłowo
13:11:39.846 INFO  [main] SudokuBoard - Bład w kwadracie 0
sudoku.model.SudokuBoard@2fda92e0[
  size=9
  solver=sudoku.model.BacktrackingSudokuSolver@535adf36
  board={{7,8,9,6,1,2,4,5,3},{2,3,5,4,9,7,6,1,8},{6,4,1,8,3,5,2,9,7},{8,2,6,7,4,9,1,3,5},{5,7,3,1,6,8,9,2,4},{9,1,4,2,5,3,7,8,6},{1,5,2,9,7,4,8,0,0},{0,0,0,0,0,0,0,0,0},{0,0,0,0,0,0,0,0,0}}
]
13:11:39.847 INFO  [main] SudokuBoard - Wartość 0 wstawiona nieprawidłowo
13:11:39.848 INFO  [main] SudokuBoard - Bład w kwadracie 0
sudoku.model.SudokuBoard@2fda92e0[
  size=9
  solver=sudoku.model.BacktrackingSudokuSolver@535adf36
  board={{7,8,9,6,1,2,4,5,3},{2,3,5,4,9,7,6,1,8},{6,4,1,8,3,5,2,9,7},{8,2,6,7,4,9,1,3,5},{5,7,3,1,6,8,9,2,4},{9,1,4,2,5,3,7,8,6},{1,5,2,9,7,4,0,0,0},{0,0,0,0,0,0,0,0,0},{0,0,0,0,0,0,0,0,0}}
]
13:11:39.848 INFO  [main] SudokuBoard - Wartość 0 wstawiona nieprawidłowo
13:11:39.848 INFO  [main] SudokuBoard - Bład w kwadracie 0
sudoku.model.SudokuBoard@2fda92e0[
  size=9
  solver=sudoku.model.BacktrackingSudokuSolver@535adf36
  board={{7,8,9,6,1,2,4,5,3},{2,3,5,4,9,7,6,1,8},{6,4,1,8,3,5,2,9,7},{8,2,6,7,4,9,1,3,5},{5,7,3,1,6,8,9,2,4},{9,1,4,2,5,3,7,8,6},{1,5,2,9,7,4,3,0,0},{0,0,0,0,0,0,0,0,0},{0,0,0,0,0,0,0,0,0}}
]
13:11:39.848 INFO  [main] SudokuBoard - Wartość 0 wstawiona nieprawidłowo
13:11:39.848 INFO  [main] SudokuBoard - Bład w kwadracie 0
sudoku.model.SudokuBoard@2fda92e0[
  size=9
  solver=sudoku.model.BacktrackingSudokuSolver@535adf36
  board={{7,8,9,6,1,2,4,5,3},{2,3,5,4,9,7,6,1,8},{6,4,1,8,3,5,2,9,7},{8,2,6,7,4,9,1,3,5},{5,7,3,1,6,8,9,2,4},{9,1,4,2,5,3,7,8,6},{1,5,2,9,7,4,0,0,0},{0,0,0,0,0,0,0,0,0},{0,0,0,0,0,0,0,0,0}}
]
13:11:39.849 INFO  [main] SudokuBoard - Wartość 0 wstawiona nieprawidłowo
13:11:39.849 INFO  [main] SudokuBoard - Bład w kwadracie 0
sudoku.model.SudokuBoard@2fda92e0[
  size=9
  solver=sudoku.model.BacktrackingSudokuSolver@535adf36
  board={{7,8,9,6,1,2,4,5,3},{2,3,5,4,9,7,6,1,8},{6,4,1,8,3,5,2,9,7},{8,2,6,7,4,9,1,3,5},{5,7,3,1,6,8,9,2,4},{9,1,4,2,5,3,7,8,6},{1,5,2,9,7,0,0,0,0},{0,0,0,0,0,0,0,0,0},{0,0,0,0,0,0,0,0,0}}
]
13:11:39.849 INFO  [main] SudokuBoard - Wartość 0 wstawiona nieprawidłowo
13:11:39.849 INFO  [main] SudokuBoard - Bład w kwadracie 0
sudoku.model.SudokuBoard@2fda92e0[
  size=9
  solver=sudoku.model.BacktrackingSudokuSolver@535adf36
  board={{7,8,9,6,1,2,4,5,3},{2,3,5,4,9,7,6,1,8},{6,4,1,8,3,5,2,9,7},{8,2,6,7,4,9,1,3,5},{5,7,3,1,6,8,9,2,4},{9,1,4,2,5,3,7,8,6},{1,5,2,9,7,6,3,0,0},{0,0,0,0,0,0,0,0,0},{0,0,0,0,0,0,0,0,0}}
]
13:11:39.849 INFO  [main] SudokuBoard - Wartość 0 wstawiona nieprawidłowo
13:11:39.850 INFO  [main] SudokuBoard - Bład w kwadracie 0
sudoku.model.SudokuBoard@2fda92e0[
  size=9
  solver=sudoku.model.BacktrackingSudokuSolver@535adf36
  board={{7,8,9,6,1,2,4,5,3},{2,3,5,4,9,7,6,1,8},{6,4,1,8,3,5,2,9,7},{8,2,6,7,4,9,1,3,5},{5,7,3,1,6,8,9,2,4},{9,1,4,2,5,3,7,8,6},{1,5,2,9,7,6,0,0,0},{0,0,0,0,0,0,0,0,0},{0,0,0,0,0,0,0,0,0}}
]
13:11:39.850 INFO  [main] SudokuBoard - Wartość 0 wstawiona nieprawidłowo
13:11:39.850 INFO  [main] SudokuBoard - Bład w kwadracie 0
sudoku.model.SudokuBoard@2fda92e0[
  size=9
  solver=sudoku.model.BacktrackingSudokuSolver@535adf36
  board={{7,8,9,6,1,2,4,5,3},{2,3,5,4,9,7,6,1,8},{6,4,1,8,3,5,2,9,7},{8,2,6,7,4,9,1,3,5},{5,7,3,1,6,8,9,2,4},{9,1,4,2,5,3,7,8,6},{1,5,2,9,7,6,8,0,0},{0,0,0,0,0,0,0,0,0},{0,0,0,0,0,0,0,0,0}}
]
13:11:39.850 INFO  [main] SudokuBoard - Wartość 0 wstawiona nieprawidłowo
13:11:39.850 INFO  [main] SudokuBoard - Bład w kwadracie 0
sudoku.model.SudokuBoard@2fda92e0[
  size=9
  solver=sudoku.model.BacktrackingSudokuSolver@535adf36
  board={{7,8,9,6,1,2,4,5,3},{2,3,5,4,9,7,6,1,8},{6,4,1,8,3,5,2,9,7},{8,2,6,7,4,9,1,3,5},{5,7,3,1,6,8,9,2,4},{9,1,4,2,5,3,7,8,6},{1,5,2,9,7,6,0,0,0},{0,0,0,0,0,0,0,0,0},{0,0,0,0,0,0,0,0,0}}
]
13:11:39.850 INFO  [main] SudokuBoard - Wartość 0 wstawiona nieprawidłowo
13:11:39.851 INFO  [main] SudokuBoard - Bład w kwadracie 0
sudoku.model.SudokuBoard@2fda92e0[
  size=9
  solver=sudoku.model.BacktrackingSudokuSolver@535adf36
  board={{7,8,9,6,1,2,4,5,3},{2,3,5,4,9,7,6,1,8},{6,4,1,8,3,5,2,9,7},{8,2,6,7,4,9,1,3,5},{5,7,3,1,6,8,9,2,4},{9,1,4,2,5,3,7,8,6},{1,5,2,9,7,0,0,0,0},{0,0,0,0,0,0,0,0,0},{0,0,0,0,0,0,0,0,0}}
]
13:11:39.851 INFO  [main] SudokuBoard - Wartość 0 wstawiona nieprawidłowo
13:11:39.851 INFO  [main] SudokuBoard - Bład w kwadracie 0
sudoku.model.SudokuBoard@2fda92e0[
  size=9
  solver=sudoku.model.BacktrackingSudokuSolver@535adf36
  board={{7,8,9,6,1,2,4,5,3},{2,3,5,4,9,7,6,1,8},{6,4,1,8,3,5,2,9,7},{8,2,6,7,4,9,1,3,5},{5,7,3,1,6,8,9,2,4},{9,1,4,2,5,3,7,8,6},{1,5,2,9,0,0,0,0,0},{0,0,0,0,0,0,0,0,0},{0,0,0,0,0,0,0,0,0}}
]
13:11:39.851 INFO  [main] SudokuBoard - Wartość 0 wstawiona nieprawidłowo
13:11:39.851 INFO  [main] SudokuBoard - Bład w kwadracie 0
sudoku.model.SudokuBoard@2fda92e0[
  size=9
  solver=sudoku.model.BacktrackingSudokuSolver@535adf36
  board={{7,8,9,6,1,2,4,5,3},{2,3,5,4,9,7,6,1,8},{6,4,1,8,3,5,2,9,7},{8,2,6,7,4,9,1,3,5},{5,7,3,1,6,8,9,2,4},{9,1,4,2,5,3,7,8,6},{1,5,2,0,0,0,0,0,0},{0,0,0,0,0,0,0,0,0},{0,0,0,0,0,0,0,0,0}}
]
13:11:39.852 INFO  [main] SudokuBoard - Wartość 0 wstawiona nieprawidłowo
]]></system-out>
  </testcase>
  <testcase name="testEqualsNull" classname="sudoku.model.SeriesTest" time="0.019">
    <system-out><![CDATA[13:11:39.858 INFO  [main] SudokuBoard - Bład w kwadracie 0
sudoku.model.SudokuBoard@4ea4290f[
  size=9
  solver=sudoku.model.BacktrackingSudokuSolver@25cef4b3
  board={{8,7,2,9,6,1,3,4,5},{5,3,9,2,4,7,6,8,1},{1,4,6,5,8,3,9,7,2},{4,6,5,8,1,9,7,0,0},{0,0,0,0,0,0,0,0,0},{0,0,0,0,0,0,0,0,0},{0,0,0,0,0,0,0,0,0},{0,0,0,0,0,0,0,0,0},{0,0,0,0,0,0,0,0,0}}
]
13:11:39.858 INFO  [main] SudokuBoard - Wartość 0 wstawiona nieprawidłowo
13:11:39.859 INFO  [main] SudokuBoard - Bład w kwadracie 0
sudoku.model.SudokuBoard@4ea4290f[
  size=9
  solver=sudoku.model.BacktrackingSudokuSolver@25cef4b3
  board={{8,7,2,9,6,1,3,4,5},{5,3,9,2,4,7,6,8,1},{1,4,6,5,8,3,9,7,2},{4,6,5,8,1,9,7,2,3},{9,2,1,7,5,4,8,0,0},{0,0,0,0,0,0,0,0,0},{0,0,0,0,0,0,0,0,0},{0,0,0,0,0,0,0,0,0},{0,0,0,0,0,0,0,0,0}}
]
13:11:39.859 INFO  [main] SudokuBoard - Wartość 0 wstawiona nieprawidłowo
13:11:39.859 INFO  [main] SudokuBoard - Bład w kwadracie 0
sudoku.model.SudokuBoard@4ea4290f[
  size=9
  solver=sudoku.model.BacktrackingSudokuSolver@25cef4b3
  board={{8,7,2,9,6,1,3,4,5},{5,3,9,2,4,7,6,8,1},{1,4,6,5,8,3,9,7,2},{4,6,5,8,1,9,7,2,3},{9,2,1,7,5,4,0,0,0},{0,0,0,0,0,0,0,0,0},{0,0,0,0,0,0,0,0,0},{0,0,0,0,0,0,0,0,0},{0,0,0,0,0,0,0,0,0}}
]
13:11:39.859 INFO  [main] SudokuBoard - Wartość 0 wstawiona nieprawidłowo
13:11:39.860 INFO  [main] SudokuBoard - Bład w kwadracie 0
sudoku.model.SudokuBoard@4ea4290f[
  size=9
  solver=sudoku.model.BacktrackingSudokuSolver@25cef4b3
  board={{8,7,2,9,6,1,3,4,5},{5,3,9,2,4,7,6,8,1},{1,4,6,5,8,3,9,7,2},{4,6,5,8,1,9,7,2,3},{9,2,1,7,5,0,0,0,0},{0,0,0,0,0,0,0,0,0},{0,0,0,0,0,0,0,0,0},{0,0,0,0,0,0,0,0,0},{0,0,0,0,0,0,0,0,0}}
]
13:11:39.860 INFO  [main] SudokuBoard - Wartość 0 wstawiona nieprawidłowo
13:11:39.860 INFO  [main] SudokuBoard - Bład w kwadracie 0
sudoku.model.SudokuBoard@4ea4290f[
  size=9
  solver=sudoku.model.BacktrackingSudokuSolver@25cef4b3
  board={{8,7,2,9,6,1,3,4,5},{5,3,9,2,4,7,6,8,1},{1,4,6,5,8,3,9,7,2},{4,6,5,8,1,9,7,2,3},{9,2,1,7,5,6,0,0,0},{0,0,0,0,0,0,0,0,0},{0,0,0,0,0,0,0,0,0},{0,0,0,0,0,0,0,0,0},{0,0,0,0,0,0,0,0,0}}
]
13:11:39.860 INFO  [main] SudokuBoard - Wartość 0 wstawiona nieprawidłowo
13:11:39.861 INFO  [main] SudokuBoard - Bład w kwadracie 0
sudoku.model.SudokuBoard@4ea4290f[
  size=9
  solver=sudoku.model.BacktrackingSudokuSolver@25cef4b3
  board={{8,7,2,9,6,1,3,4,5},{5,3,9,2,4,7,6,8,1},{1,4,6,5,8,3,9,7,2},{4,6,5,8,1,9,7,2,3},{9,2,1,7,5,6,0,0,0},{0,0,0,0,0,0,0,0,0},{0,0,0,0,0,0,0,0,0},{0,0,0,0,0,0,0,0,0},{0,0,0,0,0,0,0,0,0}}
]
13:11:39.861 INFO  [main] SudokuBoard - Wartość 0 wstawiona nieprawidłowo
13:11:39.861 INFO  [main] SudokuBoard - Bład w kwadracie 0
sudoku.model.SudokuBoard@4ea4290f[
  size=9
  solver=sudoku.model.BacktrackingSudokuSolver@25cef4b3
  board={{8,7,2,9,6,1,3,4,5},{5,3,9,2,4,7,6,8,1},{1,4,6,5,8,3,9,7,2},{4,6,5,8,1,9,7,2,3},{9,2,1,7,5,0,0,0,0},{0,0,0,0,0,0,0,0,0},{0,0,0,0,0,0,0,0,0},{0,0,0,0,0,0,0,0,0},{0,0,0,0,0,0,0,0,0}}
]
13:11:39.861 INFO  [main] SudokuBoard - Wartość 0 wstawiona nieprawidłowo
13:11:39.862 INFO  [main] SudokuBoard - Bład w kwadracie 0
sudoku.model.SudokuBoard@4ea4290f[
  size=9
  solver=sudoku.model.BacktrackingSudokuSolver@25cef4b3
  board={{8,7,2,9,6,1,3,4,5},{5,3,9,2,4,7,6,8,1},{1,4,6,5,8,3,9,7,2},{4,6,5,8,1,9,7,2,3},{9,2,1,7,0,0,0,0,0},{0,0,0,0,0,0,0,0,0},{0,0,0,0,0,0,0,0,0},{0,0,0,0,0,0,0,0,0},{0,0,0,0,0,0,0,0,0}}
]
13:11:39.862 INFO  [main] SudokuBoard - Wartość 0 wstawiona nieprawidłowo
13:11:39.862 INFO  [main] SudokuBoard - Bład w kwadracie 0
sudoku.model.SudokuBoard@4ea4290f[
  size=9
  solver=sudoku.model.BacktrackingSudokuSolver@25cef4b3
  board={{8,7,2,9,6,1,3,4,5},{5,3,9,2,4,7,6,8,1},{1,4,6,5,8,3,9,7,2},{4,6,5,8,1,9,7,2,3},{9,2,1,7,3,4,8,5,6},{7,8,3,6,2,5,4,0,0},{0,0,0,0,0,0,0,0,0},{0,0,0,0,0,0,0,0,0},{0,0,0,0,0,0,0,0,0}}
]
13:11:39.862 INFO  [main] SudokuBoard - Wartość 0 wstawiona nieprawidłowo
13:11:39.863 INFO  [main] SudokuBoard - Bład w kwadracie 0
sudoku.model.SudokuBoard@4ea4290f[
  size=9
  solver=sudoku.model.BacktrackingSudokuSolver@25cef4b3
  board={{8,7,2,9,6,1,3,4,5},{5,3,9,2,4,7,6,8,1},{1,4,6,5,8,3,9,7,2},{4,6,5,8,1,9,7,2,3},{9,2,1,7,3,4,8,5,6},{7,8,3,6,2,5,4,1,9},{2,5,4,1,7,0,0,0,0},{0,0,0,0,0,0,0,0,0},{0,0,0,0,0,0,0,0,0}}
]
13:11:39.864 INFO  [main] SudokuBoard - Wartość 0 wstawiona nieprawidłowo
13:11:39.864 INFO  [main] SudokuBoard - Bład w kwadracie 0
sudoku.model.SudokuBoard@4ea4290f[
  size=9
  solver=sudoku.model.BacktrackingSudokuSolver@25cef4b3
  board={{8,7,2,9,6,1,3,4,5},{5,3,9,2,4,7,6,8,1},{1,4,6,5,8,3,9,7,2},{4,6,5,8,1,9,7,2,3},{9,2,1,7,3,4,8,5,6},{7,8,3,6,2,5,4,1,9},{2,5,4,1,7,0,0,0,0},{0,0,0,0,0,0,0,0,0},{0,0,0,0,0,0,0,0,0}}
]
13:11:39.864 INFO  [main] SudokuBoard - Wartość 0 wstawiona nieprawidłowo
13:11:39.864 INFO  [main] SudokuBoard - Bład w kwadracie 0
sudoku.model.SudokuBoard@4ea4290f[
  size=9
  solver=sudoku.model.BacktrackingSudokuSolver@25cef4b3
  board={{8,7,2,9,6,1,3,4,5},{5,3,9,2,4,7,6,8,1},{1,4,6,5,8,3,9,7,2},{4,6,5,8,1,9,7,2,3},{9,2,1,7,3,4,8,5,6},{7,8,3,6,2,5,4,1,9},{2,5,4,1,0,0,0,0,0},{0,0,0,0,0,0,0,0,0},{0,0,0,0,0,0,0,0,0}}
]
13:11:39.865 INFO  [main] SudokuBoard - Wartość 0 wstawiona nieprawidłowo
13:11:39.865 INFO  [main] SudokuBoard - Bład w kwadracie 0
sudoku.model.SudokuBoard@4ea4290f[
  size=9
  solver=sudoku.model.BacktrackingSudokuSolver@25cef4b3
  board={{8,7,2,9,6,1,3,4,5},{5,3,9,2,4,7,6,8,1},{1,4,6,5,8,3,9,7,2},{4,6,5,8,1,9,7,2,3},{9,2,1,7,3,4,8,5,6},{7,8,3,6,2,5,4,1,9},{2,5,4,1,9,0,0,0,0},{0,0,0,0,0,0,0,0,0},{0,0,0,0,0,0,0,0,0}}
]
13:11:39.865 INFO  [main] SudokuBoard - Wartość 0 wstawiona nieprawidłowo
13:11:39.865 INFO  [main] SudokuBoard - Bład w kwadracie 0
sudoku.model.SudokuBoard@4ea4290f[
  size=9
  solver=sudoku.model.BacktrackingSudokuSolver@25cef4b3
  board={{8,7,2,9,6,1,3,4,5},{5,3,9,2,4,7,6,8,1},{1,4,6,5,8,3,9,7,2},{4,6,5,8,1,9,7,2,3},{9,2,1,7,3,4,8,5,6},{7,8,3,6,2,5,4,1,9},{2,5,4,1,9,0,0,0,0},{0,0,0,0,0,0,0,0,0},{0,0,0,0,0,0,0,0,0}}
]
13:11:39.865 INFO  [main] SudokuBoard - Wartość 0 wstawiona nieprawidłowo
13:11:39.866 INFO  [main] SudokuBoard - Bład w kwadracie 0
sudoku.model.SudokuBoard@4ea4290f[
  size=9
  solver=sudoku.model.BacktrackingSudokuSolver@25cef4b3
  board={{8,7,2,9,6,1,3,4,5},{5,3,9,2,4,7,6,8,1},{1,4,6,5,8,3,9,7,2},{4,6,5,8,1,9,7,2,3},{9,2,1,7,3,4,8,5,6},{7,8,3,6,2,5,4,1,9},{2,5,4,1,0,0,0,0,0},{0,0,0,0,0,0,0,0,0},{0,0,0,0,0,0,0,0,0}}
]
13:11:39.866 INFO  [main] SudokuBoard - Wartość 0 wstawiona nieprawidłowo
13:11:39.866 INFO  [main] SudokuBoard - Bład w kwadracie 0
sudoku.model.SudokuBoard@4ea4290f[
  size=9
  solver=sudoku.model.BacktrackingSudokuSolver@25cef4b3
  board={{8,7,2,9,6,1,3,4,5},{5,3,9,2,4,7,6,8,1},{1,4,6,5,8,3,9,7,2},{4,6,5,8,1,9,7,2,3},{9,2,1,7,3,4,8,5,6},{7,8,3,6,2,5,4,1,9},{2,5,4,0,0,0,0,0,0},{0,0,0,0,0,0,0,0,0},{0,0,0,0,0,0,0,0,0}}
]
13:11:39.866 INFO  [main] SudokuBoard - Wartość 0 wstawiona nieprawidłowo
13:11:39.871 INFO  [main] SudokuBoard - Bład w kwadracie 0
sudoku.model.SudokuBoard@4ea4290f[
  size=9
  solver=sudoku.model.BacktrackingSudokuSolver@25cef4b3
  board={{8,7,2,9,6,1,3,4,5},{5,3,9,2,4,7,6,8,1},{1,4,6,5,8,3,9,7,2},{4,6,5,8,1,9,7,2,3},{9,2,1,7,3,4,8,5,6},{7,8,3,6,2,5,4,1,9},{2,5,4,3,7,6,1,9,8},{6,9,7,1,5,0,0,0,0},{0,0,0,0,0,0,0,0,0}}
]
13:11:39.871 INFO  [main] SudokuBoard - Wartość 0 wstawiona nieprawidłowo
]]></system-out>
  </testcase>
  <testcase name="testEqualsSame" classname="sudoku.model.SeriesTest" time="0.072">
    <system-out><![CDATA[13:11:39.884 INFO  [main] SudokuBoard - Bład w kwadracie 0
sudoku.model.SudokuBoard@5e783f78[
  size=9
  solver=sudoku.model.BacktrackingSudokuSolver@5bdef8ee
  board={{5,6,7,8,1,3,4,9,2},{1,8,9,2,4,7,3,5,6},{2,3,4,5,6,9,7,8,1},{6,5,8,7,9,1,2,4,3},{3,2,1,4,5,6,8,7,9},{7,0,0,0,0,0,0,0,0},{0,0,0,0,0,0,0,0,0},{0,0,0,0,0,0,0,0,0},{0,0,0,0,0,0,0,0,0}}
]
13:11:39.884 INFO  [main] SudokuBoard - Wartość 0 wstawiona nieprawidłowo
13:11:39.884 INFO  [main] SudokuBoard - Bład w kwadracie 0
sudoku.model.SudokuBoard@5e783f78[
  size=9
  solver=sudoku.model.BacktrackingSudokuSolver@5bdef8ee
  board={{5,6,7,8,1,3,4,9,2},{1,8,9,2,4,7,3,5,6},{2,3,4,5,6,9,7,8,1},{6,5,8,7,9,1,2,4,3},{3,2,1,4,5,6,8,7,9},{7,0,0,0,0,0,0,0,0},{0,0,0,0,0,0,0,0,0},{0,0,0,0,0,0,0,0,0},{0,0,0,0,0,0,0,0,0}}
]
13:11:39.884 INFO  [main] SudokuBoard - Wartość 0 wstawiona nieprawidłowo
13:11:39.884 INFO  [main] SudokuBoard - Bład w kwadracie 0
sudoku.model.SudokuBoard@5e783f78[
  size=9
  solver=sudoku.model.BacktrackingSudokuSolver@5bdef8ee
  board={{5,6,7,8,1,3,4,9,2},{1,8,9,2,4,7,3,5,6},{2,3,4,5,6,9,7,8,1},{6,5,8,7,9,1,2,4,3},{3,2,1,4,5,6,8,7,9},{0,0,0,0,0,0,0,0,0},{0,0,0,0,0,0,0,0,0},{0,0,0,0,0,0,0,0,0},{0,0,0,0,0,0,0,0,0}}
]
13:11:39.884 INFO  [main] SudokuBoard - Wartość 0 wstawiona nieprawidłowo
13:11:39.885 INFO  [main] SudokuBoard - Bład w kwadracie 0
sudoku.model.SudokuBoard@5e783f78[
  size=9
  solver=sudoku.model.BacktrackingSudokuSolver@5bdef8ee
  board={{5,6,7,8,1,3,4,9,2},{1,8,9,2,4,7,3,5,6},{2,3,4,5,6,9,7,8,1},{6,5,8,7,9,1,2,4,3},{3,2,1,4,5,6,8,7,9},{9,0,0,0,0,0,0,0,0},{0,0,0,0,0,0,0,0,0},{0,0,0,0,0,0,0,0,0},{0,0,0,0,0,0,0,0,0}}
]
13:11:39.885 INFO  [main] SudokuBoard - Wartość 0 wstawiona nieprawidłowo
13:11:39.885 INFO  [main] SudokuBoard - Bład w kwadracie 0
sudoku.model.SudokuBoard@5e783f78[
  size=9
  solver=sudoku.model.BacktrackingSudokuSolver@5bdef8ee
  board={{5,6,7,8,1,3,4,9,2},{1,8,9,2,4,7,3,5,6},{2,3,4,5,6,9,7,8,1},{6,5,8,7,9,1,2,4,3},{3,2,1,4,5,6,8,7,9},{9,0,0,0,0,0,0,0,0},{0,0,0,0,0,0,0,0,0},{0,0,0,0,0,0,0,0,0},{0,0,0,0,0,0,0,0,0}}
]
13:11:39.885 INFO  [main] SudokuBoard - Wartość 0 wstawiona nieprawidłowo
13:11:39.885 INFO  [main] SudokuBoard - Bład w kwadracie 0
sudoku.model.SudokuBoard@5e783f78[
  size=9
  solver=sudoku.model.BacktrackingSudokuSolver@5bdef8ee
  board={{5,6,7,8,1,3,4,9,2},{1,8,9,2,4,7,3,5,6},{2,3,4,5,6,9,7,8,1},{6,5,8,7,9,1,2,4,3},{3,2,1,4,5,6,8,7,9},{0,0,0,0,0,0,0,0,0},{0,0,0,0,0,0,0,0,0},{0,0,0,0,0,0,0,0,0},{0,0,0,0,0,0,0,0,0}}
]
13:11:39.885 INFO  [main] SudokuBoard - Wartość 0 wstawiona nieprawidłowo
13:11:39.886 INFO  [main] SudokuBoard - Bład w kwadracie 0
sudoku.model.SudokuBoard@5e783f78[
  size=9
  solver=sudoku.model.BacktrackingSudokuSolver@5bdef8ee
  board={{5,6,7,8,1,3,4,9,2},{1,8,9,2,4,7,3,5,6},{2,3,4,5,6,9,7,8,1},{6,5,8,7,9,1,2,4,3},{3,2,1,4,5,6,8,7,9},{4,0,0,0,0,0,0,0,0},{0,0,0,0,0,0,0,0,0},{0,0,0,0,0,0,0,0,0},{0,0,0,0,0,0,0,0,0}}
]
13:11:39.886 INFO  [main] SudokuBoard - Wartość 0 wstawiona nieprawidłowo
13:11:39.886 INFO  [main] SudokuBoard - Bład w kwadracie 0
sudoku.model.SudokuBoard@5e783f78[
  size=9
  solver=sudoku.model.BacktrackingSudokuSolver@5bdef8ee
  board={{5,6,7,8,1,3,4,9,2},{1,8,9,2,4,7,3,5,6},{2,3,4,5,6,9,7,8,1},{6,5,8,7,9,1,2,4,3},{3,2,1,4,5,6,8,7,9},{4,0,0,0,0,0,0,0,0},{0,0,0,0,0,0,0,0,0},{0,0,0,0,0,0,0,0,0},{0,0,0,0,0,0,0,0,0}}
]
13:11:39.886 INFO  [main] SudokuBoard - Wartość 0 wstawiona nieprawidłowo
13:11:39.886 INFO  [main] SudokuBoard - Bład w kwadracie 0
sudoku.model.SudokuBoard@5e783f78[
  size=9
  solver=sudoku.model.BacktrackingSudokuSolver@5bdef8ee
  board={{5,6,7,8,1,3,4,9,2},{1,8,9,2,4,7,3,5,6},{2,3,4,5,6,9,7,8,1},{6,5,8,7,9,1,2,4,3},{3,2,1,4,5,6,8,7,9},{0,0,0,0,0,0,0,0,0},{0,0,0,0,0,0,0,0,0},{0,0,0,0,0,0,0,0,0},{0,0,0,0,0,0,0,0,0}}
]
13:11:39.886 INFO  [main] SudokuBoard - Wartość 0 wstawiona nieprawidłowo
13:11:39.887 INFO  [main] SudokuBoard - Bład w kwadracie 0
sudoku.model.SudokuBoard@5e783f78[
  size=9
  solver=sudoku.model.BacktrackingSudokuSolver@5bdef8ee
  board={{5,6,7,8,1,3,4,9,2},{1,8,9,2,4,7,3,5,6},{2,3,4,5,6,9,7,8,1},{6,5,8,7,9,1,2,4,3},{3,2,1,4,5,6,8,7,0},{0,0,0,0,0,0,0,0,0},{0,0,0,0,0,0,0,0,0},{0,0,0,0,0,0,0,0,0},{0,0,0,0,0,0,0,0,0}}
]
13:11:39.887 INFO  [main] SudokuBoard - Wartość 0 wstawiona nieprawidłowo
13:11:39.887 INFO  [main] SudokuBoard - Bład w kwadracie 0
sudoku.model.SudokuBoard@5e783f78[
  size=9
  solver=sudoku.model.BacktrackingSudokuSolver@5bdef8ee
  board={{5,6,7,8,1,3,4,9,2},{1,8,9,2,4,7,3,5,6},{2,3,4,5,6,9,7,8,1},{6,5,8,7,9,1,2,4,3},{3,2,1,4,5,6,8,0,0},{0,0,0,0,0,0,0,0,0},{0,0,0,0,0,0,0,0,0},{0,0,0,0,0,0,0,0,0},{0,0,0,0,0,0,0,0,0}}
]
13:11:39.887 INFO  [main] SudokuBoard - Wartość 0 wstawiona nieprawidłowo
13:11:39.887 INFO  [main] SudokuBoard - Bład w kwadracie 0
sudoku.model.SudokuBoard@5e783f78[
  size=9
  solver=sudoku.model.BacktrackingSudokuSolver@5bdef8ee
  board={{5,6,7,8,1,3,4,9,2},{1,8,9,2,4,7,3,5,6},{2,3,4,5,6,9,7,8,1},{6,5,8,7,9,1,2,4,3},{3,2,1,4,5,6,0,0,0},{0,0,0,0,0,0,0,0,0},{0,0,0,0,0,0,0,0,0},{0,0,0,0,0,0,0,0,0},{0,0,0,0,0,0,0,0,0}}
]
13:11:39.887 INFO  [main] SudokuBoard - Wartość 0 wstawiona nieprawidłowo
13:11:39.887 INFO  [main] SudokuBoard - Bład w kwadracie 0
sudoku.model.SudokuBoard@5e783f78[
  size=9
  solver=sudoku.model.BacktrackingSudokuSolver@5bdef8ee
  board={{5,6,7,8,1,3,4,9,2},{1,8,9,2,4,7,3,5,6},{2,3,4,5,6,9,7,8,1},{6,5,8,7,9,1,2,4,3},{3,2,1,4,5,6,9,7,8},{7,0,0,0,0,0,0,0,0},{0,0,0,0,0,0,0,0,0},{0,0,0,0,0,0,0,0,0},{0,0,0,0,0,0,0,0,0}}
]
13:11:39.888 INFO  [main] SudokuBoard - Wartość 0 wstawiona nieprawidłowo
13:11:39.888 INFO  [main] SudokuBoard - Bład w kwadracie 0
sudoku.model.SudokuBoard@5e783f78[
  size=9
  solver=sudoku.model.BacktrackingSudokuSolver@5bdef8ee
  board={{5,6,7,8,1,3,4,9,2},{1,8,9,2,4,7,3,5,6},{2,3,4,5,6,9,7,8,1},{6,5,8,7,9,1,2,4,3},{3,2,1,4,5,6,9,7,8},{7,0,0,0,0,0,0,0,0},{0,0,0,0,0,0,0,0,0},{0,0,0,0,0,0,0,0,0},{0,0,0,0,0,0,0,0,0}}
]
13:11:39.888 INFO  [main] SudokuBoard - Wartość 0 wstawiona nieprawidłowo
13:11:39.888 INFO  [main] SudokuBoard - Bład w kwadracie 0
sudoku.model.SudokuBoard@5e783f78[
  size=9
  solver=sudoku.model.BacktrackingSudokuSolver@5bdef8ee
  board={{5,6,7,8,1,3,4,9,2},{1,8,9,2,4,7,3,5,6},{2,3,4,5,6,9,7,8,1},{6,5,8,7,9,1,2,4,3},{3,2,1,4,5,6,9,7,8},{0,0,0,0,0,0,0,0,0},{0,0,0,0,0,0,0,0,0},{0,0,0,0,0,0,0,0,0},{0,0,0,0,0,0,0,0,0}}
]
13:11:39.888 INFO  [main] SudokuBoard - Wartość 0 wstawiona nieprawidłowo
13:11:39.888 INFO  [main] SudokuBoard - Bład w kwadracie 0
sudoku.model.SudokuBoard@5e783f78[
  size=9
  solver=sudoku.model.BacktrackingSudokuSolver@5bdef8ee
  board={{5,6,7,8,1,3,4,9,2},{1,8,9,2,4,7,3,5,6},{2,3,4,5,6,9,7,8,1},{6,5,8,7,9,1,2,4,3},{3,2,1,4,5,6,9,7,8},{9,0,0,0,0,0,0,0,0},{0,0,0,0,0,0,0,0,0},{0,0,0,0,0,0,0,0,0},{0,0,0,0,0,0,0,0,0}}
]
13:11:39.888 INFO  [main] SudokuBoard - Wartość 0 wstawiona nieprawidłowo
13:11:39.889 INFO  [main] SudokuBoard - Bład w kwadracie 0
sudoku.model.SudokuBoard@5e783f78[
  size=9
  solver=sudoku.model.BacktrackingSudokuSolver@5bdef8ee
  board={{5,6,7,8,1,3,4,9,2},{1,8,9,2,4,7,3,5,6},{2,3,4,5,6,9,7,8,1},{6,5,8,7,9,1,2,4,3},{3,2,1,4,5,6,9,7,8},{9,0,0,0,0,0,0,0,0},{0,0,0,0,0,0,0,0,0},{0,0,0,0,0,0,0,0,0},{0,0,0,0,0,0,0,0,0}}
]
13:11:39.889 INFO  [main] SudokuBoard - Wartość 0 wstawiona nieprawidłowo
13:11:39.889 INFO  [main] SudokuBoard - Bład w kwadracie 0
sudoku.model.SudokuBoard@5e783f78[
  size=9
  solver=sudoku.model.BacktrackingSudokuSolver@5bdef8ee
  board={{5,6,7,8,1,3,4,9,2},{1,8,9,2,4,7,3,5,6},{2,3,4,5,6,9,7,8,1},{6,5,8,7,9,1,2,4,3},{3,2,1,4,5,6,9,7,8},{0,0,0,0,0,0,0,0,0},{0,0,0,0,0,0,0,0,0},{0,0,0,0,0,0,0,0,0},{0,0,0,0,0,0,0,0,0}}
]
13:11:39.889 INFO  [main] SudokuBoard - Wartość 0 wstawiona nieprawidłowo
13:11:39.889 INFO  [main] SudokuBoard - Bład w kwadracie 0
sudoku.model.SudokuBoard@5e783f78[
  size=9
  solver=sudoku.model.BacktrackingSudokuSolver@5bdef8ee
  board={{5,6,7,8,1,3,4,9,2},{1,8,9,2,4,7,3,5,6},{2,3,4,5,6,9,7,8,1},{6,5,8,7,9,1,2,4,3},{3,2,1,4,5,6,9,7,8},{4,0,0,0,0,0,0,0,0},{0,0,0,0,0,0,0,0,0},{0,0,0,0,0,0,0,0,0},{0,0,0,0,0,0,0,0,0}}
]
13:11:39.889 INFO  [main] SudokuBoard - Wartość 0 wstawiona nieprawidłowo
13:11:39.889 INFO  [main] SudokuBoard - Bład w kwadracie 0
sudoku.model.SudokuBoard@5e783f78[
  size=9
  solver=sudoku.model.BacktrackingSudokuSolver@5bdef8ee
  board={{5,6,7,8,1,3,4,9,2},{1,8,9,2,4,7,3,5,6},{2,3,4,5,6,9,7,8,1},{6,5,8,7,9,1,2,4,3},{3,2,1,4,5,6,9,7,8},{4,0,0,0,0,0,0,0,0},{0,0,0,0,0,0,0,0,0},{0,0,0,0,0,0,0,0,0},{0,0,0,0,0,0,0,0,0}}
]
13:11:39.891 INFO  [main] SudokuBoard - Wartość 0 wstawiona nieprawidłowo
13:11:39.891 INFO  [main] SudokuBoard - Bład w kwadracie 0
sudoku.model.SudokuBoard@5e783f78[
  size=9
  solver=sudoku.model.BacktrackingSudokuSolver@5bdef8ee
  board={{5,6,7,8,1,3,4,9,2},{1,8,9,2,4,7,3,5,6},{2,3,4,5,6,9,7,8,1},{6,5,8,7,9,1,2,4,3},{3,2,1,4,5,6,9,7,8},{0,0,0,0,0,0,0,0,0},{0,0,0,0,0,0,0,0,0},{0,0,0,0,0,0,0,0,0},{0,0,0,0,0,0,0,0,0}}
]
13:11:39.891 INFO  [main] SudokuBoard - Wartość 0 wstawiona nieprawidłowo
13:11:39.891 INFO  [main] SudokuBoard - Bład w kwadracie 0
sudoku.model.SudokuBoard@5e783f78[
  size=9
  solver=sudoku.model.BacktrackingSudokuSolver@5bdef8ee
  board={{5,6,7,8,1,3,4,9,2},{1,8,9,2,4,7,3,5,6},{2,3,4,5,6,9,7,8,1},{6,5,8,7,9,1,2,4,3},{3,2,1,4,5,6,9,7,0},{0,0,0,0,0,0,0,0,0},{0,0,0,0,0,0,0,0,0},{0,0,0,0,0,0,0,0,0},{0,0,0,0,0,0,0,0,0}}
]
13:11:39.891 INFO  [main] SudokuBoard - Wartość 0 wstawiona nieprawidłowo
13:11:39.892 INFO  [main] SudokuBoard - Bład w kwadracie 0
sudoku.model.SudokuBoard@5e783f78[
  size=9
  solver=sudoku.model.BacktrackingSudokuSolver@5bdef8ee
  board={{5,6,7,8,1,3,4,9,2},{1,8,9,2,4,7,3,5,6},{2,3,4,5,6,9,7,8,1},{6,5,8,7,9,1,2,4,3},{3,2,1,4,5,6,9,0,0},{0,0,0,0,0,0,0,0,0},{0,0,0,0,0,0,0,0,0},{0,0,0,0,0,0,0,0,0},{0,0,0,0,0,0,0,0,0}}
]
13:11:39.892 INFO  [main] SudokuBoard - Wartość 0 wstawiona nieprawidłowo
13:11:39.895 INFO  [main] SudokuBoard - Bład w kwadracie 0
sudoku.model.SudokuBoard@5e783f78[
  size=9
  solver=sudoku.model.BacktrackingSudokuSolver@5bdef8ee
  board={{5,6,7,8,1,3,4,9,2},{1,8,9,2,4,7,3,5,6},{2,3,4,5,6,9,7,8,1},{6,5,8,7,9,1,2,4,3},{3,2,1,4,5,6,0,0,0},{0,0,0,0,0,0,0,0,0},{0,0,0,0,0,0,0,0,0},{0,0,0,0,0,0,0,0,0},{0,0,0,0,0,0,0,0,0}}
]
13:11:39.895 INFO  [main] SudokuBoard - Wartość 0 wstawiona nieprawidłowo
13:11:39.895 INFO  [main] SudokuBoard - Bład w kwadracie 0
sudoku.model.SudokuBoard@5e783f78[
  size=9
  solver=sudoku.model.BacktrackingSudokuSolver@5bdef8ee
  board={{5,6,7,8,1,3,4,9,2},{1,8,9,2,4,7,3,5,6},{2,3,4,5,6,9,7,8,1},{6,5,8,7,9,1,2,4,3},{3,2,1,4,5,0,0,0,0},{0,0,0,0,0,0,0,0,0},{0,0,0,0,0,0,0,0,0},{0,0,0,0,0,0,0,0,0},{0,0,0,0,0,0,0,0,0}}
]
13:11:39.895 INFO  [main] SudokuBoard - Wartość 0 wstawiona nieprawidłowo
13:11:39.896 INFO  [main] SudokuBoard - Bład w kwadracie 0
sudoku.model.SudokuBoard@5e783f78[
  size=9
  solver=sudoku.model.BacktrackingSudokuSolver@5bdef8ee
  board={{5,6,7,8,1,3,4,9,2},{1,8,9,2,4,7,3,5,6},{2,3,4,5,6,9,7,8,1},{6,5,8,7,9,1,2,4,3},{3,2,1,4,5,8,6,7,9},{7,0,0,0,0,0,0,0,0},{0,0,0,0,0,0,0,0,0},{0,0,0,0,0,0,0,0,0},{0,0,0,0,0,0,0,0,0}}
]
13:11:39.896 INFO  [main] SudokuBoard - Wartość 0 wstawiona nieprawidłowo
13:11:39.896 INFO  [main] SudokuBoard - Bład w kwadracie 0
sudoku.model.SudokuBoard@5e783f78[
  size=9
  solver=sudoku.model.BacktrackingSudokuSolver@5bdef8ee
  board={{5,6,7,8,1,3,4,9,2},{1,8,9,2,4,7,3,5,6},{2,3,4,5,6,9,7,8,1},{6,5,8,7,9,1,2,4,3},{3,2,1,4,5,8,6,7,9},{7,0,0,0,0,0,0,0,0},{0,0,0,0,0,0,0,0,0},{0,0,0,0,0,0,0,0,0},{0,0,0,0,0,0,0,0,0}}
]
13:11:39.897 INFO  [main] SudokuBoard - Wartość 0 wstawiona nieprawidłowo
13:11:39.897 INFO  [main] SudokuBoard - Bład w kwadracie 0
sudoku.model.SudokuBoard@5e783f78[
  size=9
  solver=sudoku.model.BacktrackingSudokuSolver@5bdef8ee
  board={{5,6,7,8,1,3,4,9,2},{1,8,9,2,4,7,3,5,6},{2,3,4,5,6,9,7,8,1},{6,5,8,7,9,1,2,4,3},{3,2,1,4,5,8,6,7,9},{0,0,0,0,0,0,0,0,0},{0,0,0,0,0,0,0,0,0},{0,0,0,0,0,0,0,0,0},{0,0,0,0,0,0,0,0,0}}
]
13:11:39.897 INFO  [main] SudokuBoard - Wartość 0 wstawiona nieprawidłowo
13:11:39.898 INFO  [main] SudokuBoard - Bład w kwadracie 0
sudoku.model.SudokuBoard@5e783f78[
  size=9
  solver=sudoku.model.BacktrackingSudokuSolver@5bdef8ee
  board={{5,6,7,8,1,3,4,9,2},{1,8,9,2,4,7,3,5,6},{2,3,4,5,6,9,7,8,1},{6,5,8,7,9,1,2,4,3},{3,2,1,4,5,8,6,7,9},{9,0,0,0,0,0,0,0,0},{0,0,0,0,0,0,0,0,0},{0,0,0,0,0,0,0,0,0},{0,0,0,0,0,0,0,0,0}}
]
13:11:39.898 INFO  [main] SudokuBoard - Wartość 0 wstawiona nieprawidłowo
13:11:39.898 INFO  [main] SudokuBoard - Bład w kwadracie 0
sudoku.model.SudokuBoard@5e783f78[
  size=9
  solver=sudoku.model.BacktrackingSudokuSolver@5bdef8ee
  board={{5,6,7,8,1,3,4,9,2},{1,8,9,2,4,7,3,5,6},{2,3,4,5,6,9,7,8,1},{6,5,8,7,9,1,2,4,3},{3,2,1,4,5,8,6,7,9},{9,0,0,0,0,0,0,0,0},{0,0,0,0,0,0,0,0,0},{0,0,0,0,0,0,0,0,0},{0,0,0,0,0,0,0,0,0}}
]
13:11:39.898 INFO  [main] SudokuBoard - Wartość 0 wstawiona nieprawidłowo
13:11:39.898 INFO  [main] SudokuBoard - Bład w kwadracie 0
sudoku.model.SudokuBoard@5e783f78[
  size=9
  solver=sudoku.model.BacktrackingSudokuSolver@5bdef8ee
  board={{5,6,7,8,1,3,4,9,2},{1,8,9,2,4,7,3,5,6},{2,3,4,5,6,9,7,8,1},{6,5,8,7,9,1,2,4,3},{3,2,1,4,5,8,6,7,9},{0,0,0,0,0,0,0,0,0},{0,0,0,0,0,0,0,0,0},{0,0,0,0,0,0,0,0,0},{0,0,0,0,0,0,0,0,0}}
]
13:11:39.898 INFO  [main] SudokuBoard - Wartość 0 wstawiona nieprawidłowo
13:11:39.898 INFO  [main] SudokuBoard - Bład w kwadracie 0
sudoku.model.SudokuBoard@5e783f78[
  size=9
  solver=sudoku.model.BacktrackingSudokuSolver@5bdef8ee
  board={{5,6,7,8,1,3,4,9,2},{1,8,9,2,4,7,3,5,6},{2,3,4,5,6,9,7,8,1},{6,5,8,7,9,1,2,4,3},{3,2,1,4,5,8,6,7,9},{4,0,0,0,0,0,0,0,0},{0,0,0,0,0,0,0,0,0},{0,0,0,0,0,0,0,0,0},{0,0,0,0,0,0,0,0,0}}
]
13:11:39.899 INFO  [main] SudokuBoard - Wartość 0 wstawiona nieprawidłowo
13:11:39.899 INFO  [main] SudokuBoard - Bład w kwadracie 0
sudoku.model.SudokuBoard@5e783f78[
  size=9
  solver=sudoku.model.BacktrackingSudokuSolver@5bdef8ee
  board={{5,6,7,8,1,3,4,9,2},{1,8,9,2,4,7,3,5,6},{2,3,4,5,6,9,7,8,1},{6,5,8,7,9,1,2,4,3},{3,2,1,4,5,8,6,7,9},{4,0,0,0,0,0,0,0,0},{0,0,0,0,0,0,0,0,0},{0,0,0,0,0,0,0,0,0},{0,0,0,0,0,0,0,0,0}}
]
13:11:39.899 INFO  [main] SudokuBoard - Wartość 0 wstawiona nieprawidłowo
13:11:39.899 INFO  [main] SudokuBoard - Bład w kwadracie 0
sudoku.model.SudokuBoard@5e783f78[
  size=9
  solver=sudoku.model.BacktrackingSudokuSolver@5bdef8ee
  board={{5,6,7,8,1,3,4,9,2},{1,8,9,2,4,7,3,5,6},{2,3,4,5,6,9,7,8,1},{6,5,8,7,9,1,2,4,3},{3,2,1,4,5,8,6,7,9},{0,0,0,0,0,0,0,0,0},{0,0,0,0,0,0,0,0,0},{0,0,0,0,0,0,0,0,0},{0,0,0,0,0,0,0,0,0}}
]
13:11:39.899 INFO  [main] SudokuBoard - Wartość 0 wstawiona nieprawidłowo
13:11:39.899 INFO  [main] SudokuBoard - Bład w kwadracie 0
sudoku.model.SudokuBoard@5e783f78[
  size=9
  solver=sudoku.model.BacktrackingSudokuSolver@5bdef8ee
  board={{5,6,7,8,1,3,4,9,2},{1,8,9,2,4,7,3,5,6},{2,3,4,5,6,9,7,8,1},{6,5,8,7,9,1,2,4,3},{3,2,1,4,5,8,6,7,0},{0,0,0,0,0,0,0,0,0},{0,0,0,0,0,0,0,0,0},{0,0,0,0,0,0,0,0,0},{0,0,0,0,0,0,0,0,0}}
]
13:11:39.899 INFO  [main] SudokuBoard - Wartość 0 wstawiona nieprawidłowo
13:11:39.900 INFO  [main] SudokuBoard - Bład w kwadracie 0
sudoku.model.SudokuBoard@5e783f78[
  size=9
  solver=sudoku.model.BacktrackingSudokuSolver@5bdef8ee
  board={{5,6,7,8,1,3,4,9,2},{1,8,9,2,4,7,3,5,6},{2,3,4,5,6,9,7,8,1},{6,5,8,7,9,1,2,4,3},{3,2,1,4,5,8,6,0,0},{0,0,0,0,0,0,0,0,0},{0,0,0,0,0,0,0,0,0},{0,0,0,0,0,0,0,0,0},{0,0,0,0,0,0,0,0,0}}
]
13:11:39.900 INFO  [main] SudokuBoard - Wartość 0 wstawiona nieprawidłowo
13:11:39.900 INFO  [main] SudokuBoard - Bład w kwadracie 0
sudoku.model.SudokuBoard@5e783f78[
  size=9
  solver=sudoku.model.BacktrackingSudokuSolver@5bdef8ee
  board={{5,6,7,8,1,3,4,9,2},{1,8,9,2,4,7,3,5,6},{2,3,4,5,6,9,7,8,1},{6,5,8,7,9,1,2,4,3},{3,2,1,4,5,8,0,0,0},{0,0,0,0,0,0,0,0,0},{0,0,0,0,0,0,0,0,0},{0,0,0,0,0,0,0,0,0},{0,0,0,0,0,0,0,0,0}}
]
13:11:39.900 INFO  [main] SudokuBoard - Wartość 0 wstawiona nieprawidłowo
13:11:39.900 INFO  [main] SudokuBoard - Bład w kwadracie 0
sudoku.model.SudokuBoard@5e783f78[
  size=9
  solver=sudoku.model.BacktrackingSudokuSolver@5bdef8ee
  board={{5,6,7,8,1,3,4,9,2},{1,8,9,2,4,7,3,5,6},{2,3,4,5,6,9,7,8,1},{6,5,8,7,9,1,2,4,3},{3,2,1,4,5,8,9,6,7},{7,0,0,0,0,0,0,0,0},{0,0,0,0,0,0,0,0,0},{0,0,0,0,0,0,0,0,0},{0,0,0,0,0,0,0,0,0}}
]
13:11:39.900 INFO  [main] SudokuBoard - Wartość 0 wstawiona nieprawidłowo
13:11:39.900 INFO  [main] SudokuBoard - Bład w kwadracie 0
sudoku.model.SudokuBoard@5e783f78[
  size=9
  solver=sudoku.model.BacktrackingSudokuSolver@5bdef8ee
  board={{5,6,7,8,1,3,4,9,2},{1,8,9,2,4,7,3,5,6},{2,3,4,5,6,9,7,8,1},{6,5,8,7,9,1,2,4,3},{3,2,1,4,5,8,9,6,7},{7,0,0,0,0,0,0,0,0},{0,0,0,0,0,0,0,0,0},{0,0,0,0,0,0,0,0,0},{0,0,0,0,0,0,0,0,0}}
]
13:11:39.900 INFO  [main] SudokuBoard - Wartość 0 wstawiona nieprawidłowo
13:11:39.901 INFO  [main] SudokuBoard - Bład w kwadracie 0
sudoku.model.SudokuBoard@5e783f78[
  size=9
  solver=sudoku.model.BacktrackingSudokuSolver@5bdef8ee
  board={{5,6,7,8,1,3,4,9,2},{1,8,9,2,4,7,3,5,6},{2,3,4,5,6,9,7,8,1},{6,5,8,7,9,1,2,4,3},{3,2,1,4,5,8,9,6,7},{0,0,0,0,0,0,0,0,0},{0,0,0,0,0,0,0,0,0},{0,0,0,0,0,0,0,0,0},{0,0,0,0,0,0,0,0,0}}
]
13:11:39.901 INFO  [main] SudokuBoard - Wartość 0 wstawiona nieprawidłowo
13:11:39.901 INFO  [main] SudokuBoard - Bład w kwadracie 0
sudoku.model.SudokuBoard@5e783f78[
  size=9
  solver=sudoku.model.BacktrackingSudokuSolver@5bdef8ee
  board={{5,6,7,8,1,3,4,9,2},{1,8,9,2,4,7,3,5,6},{2,3,4,5,6,9,7,8,1},{6,5,8,7,9,1,2,4,3},{3,2,1,4,5,8,9,6,7},{9,0,0,0,0,0,0,0,0},{0,0,0,0,0,0,0,0,0},{0,0,0,0,0,0,0,0,0},{0,0,0,0,0,0,0,0,0}}
]
13:11:39.901 INFO  [main] SudokuBoard - Wartość 0 wstawiona nieprawidłowo
13:11:39.901 INFO  [main] SudokuBoard - Bład w kwadracie 0
sudoku.model.SudokuBoard@5e783f78[
  size=9
  solver=sudoku.model.BacktrackingSudokuSolver@5bdef8ee
  board={{5,6,7,8,1,3,4,9,2},{1,8,9,2,4,7,3,5,6},{2,3,4,5,6,9,7,8,1},{6,5,8,7,9,1,2,4,3},{3,2,1,4,5,8,9,6,7},{9,0,0,0,0,0,0,0,0},{0,0,0,0,0,0,0,0,0},{0,0,0,0,0,0,0,0,0},{0,0,0,0,0,0,0,0,0}}
]
13:11:39.901 INFO  [main] SudokuBoard - Wartość 0 wstawiona nieprawidłowo
13:11:39.902 INFO  [main] SudokuBoard - Bład w kwadracie 0
sudoku.model.SudokuBoard@5e783f78[
  size=9
  solver=sudoku.model.BacktrackingSudokuSolver@5bdef8ee
  board={{5,6,7,8,1,3,4,9,2},{1,8,9,2,4,7,3,5,6},{2,3,4,5,6,9,7,8,1},{6,5,8,7,9,1,2,4,3},{3,2,1,4,5,8,9,6,7},{0,0,0,0,0,0,0,0,0},{0,0,0,0,0,0,0,0,0},{0,0,0,0,0,0,0,0,0},{0,0,0,0,0,0,0,0,0}}
]
13:11:39.902 INFO  [main] SudokuBoard - Wartość 0 wstawiona nieprawidłowo
13:11:39.902 INFO  [main] SudokuBoard - Bład w kwadracie 0
sudoku.model.SudokuBoard@5e783f78[
  size=9
  solver=sudoku.model.BacktrackingSudokuSolver@5bdef8ee
  board={{5,6,7,8,1,3,4,9,2},{1,8,9,2,4,7,3,5,6},{2,3,4,5,6,9,7,8,1},{6,5,8,7,9,1,2,4,3},{3,2,1,4,5,8,9,6,7},{4,0,0,0,0,0,0,0,0},{0,0,0,0,0,0,0,0,0},{0,0,0,0,0,0,0,0,0},{0,0,0,0,0,0,0,0,0}}
]
13:11:39.902 INFO  [main] SudokuBoard - Wartość 0 wstawiona nieprawidłowo
13:11:39.902 INFO  [main] SudokuBoard - Bład w kwadracie 0
sudoku.model.SudokuBoard@5e783f78[
  size=9
  solver=sudoku.model.BacktrackingSudokuSolver@5bdef8ee
  board={{5,6,7,8,1,3,4,9,2},{1,8,9,2,4,7,3,5,6},{2,3,4,5,6,9,7,8,1},{6,5,8,7,9,1,2,4,3},{3,2,1,4,5,8,9,6,7},{4,0,0,0,0,0,0,0,0},{0,0,0,0,0,0,0,0,0},{0,0,0,0,0,0,0,0,0},{0,0,0,0,0,0,0,0,0}}
]
13:11:39.902 INFO  [main] SudokuBoard - Wartość 0 wstawiona nieprawidłowo
13:11:39.902 INFO  [main] SudokuBoard - Bład w kwadracie 0
sudoku.model.SudokuBoard@5e783f78[
  size=9
  solver=sudoku.model.BacktrackingSudokuSolver@5bdef8ee
  board={{5,6,7,8,1,3,4,9,2},{1,8,9,2,4,7,3,5,6},{2,3,4,5,6,9,7,8,1},{6,5,8,7,9,1,2,4,3},{3,2,1,4,5,8,9,6,7},{0,0,0,0,0,0,0,0,0},{0,0,0,0,0,0,0,0,0},{0,0,0,0,0,0,0,0,0},{0,0,0,0,0,0,0,0,0}}
]
13:11:39.902 INFO  [main] SudokuBoard - Wartość 0 wstawiona nieprawidłowo
13:11:39.903 INFO  [main] SudokuBoard - Bład w kwadracie 0
sudoku.model.SudokuBoard@5e783f78[
  size=9
  solver=sudoku.model.BacktrackingSudokuSolver@5bdef8ee
  board={{5,6,7,8,1,3,4,9,2},{1,8,9,2,4,7,3,5,6},{2,3,4,5,6,9,7,8,1},{6,5,8,7,9,1,2,4,3},{3,2,1,4,5,8,9,6,0},{0,0,0,0,0,0,0,0,0},{0,0,0,0,0,0,0,0,0},{0,0,0,0,0,0,0,0,0},{0,0,0,0,0,0,0,0,0}}
]
13:11:39.903 INFO  [main] SudokuBoard - Wartość 0 wstawiona nieprawidłowo
13:11:39.903 INFO  [main] SudokuBoard - Bład w kwadracie 0
sudoku.model.SudokuBoard@5e783f78[
  size=9
  solver=sudoku.model.BacktrackingSudokuSolver@5bdef8ee
  board={{5,6,7,8,1,3,4,9,2},{1,8,9,2,4,7,3,5,6},{2,3,4,5,6,9,7,8,1},{6,5,8,7,9,1,2,4,3},{3,2,1,4,5,8,9,0,0},{0,0,0,0,0,0,0,0,0},{0,0,0,0,0,0,0,0,0},{0,0,0,0,0,0,0,0,0},{0,0,0,0,0,0,0,0,0}}
]
13:11:39.903 INFO  [main] SudokuBoard - Wartość 0 wstawiona nieprawidłowo
13:11:39.903 INFO  [main] SudokuBoard - Bład w kwadracie 0
sudoku.model.SudokuBoard@5e783f78[
  size=9
  solver=sudoku.model.BacktrackingSudokuSolver@5bdef8ee
  board={{5,6,7,8,1,3,4,9,2},{1,8,9,2,4,7,3,5,6},{2,3,4,5,6,9,7,8,1},{6,5,8,7,9,1,2,4,3},{3,2,1,4,5,8,9,0,0},{0,0,0,0,0,0,0,0,0},{0,0,0,0,0,0,0,0,0},{0,0,0,0,0,0,0,0,0},{0,0,0,0,0,0,0,0,0}}
]
13:11:39.903 INFO  [main] SudokuBoard - Wartość 0 wstawiona nieprawidłowo
13:11:39.903 INFO  [main] SudokuBoard - Bład w kwadracie 0
sudoku.model.SudokuBoard@5e783f78[
  size=9
  solver=sudoku.model.BacktrackingSudokuSolver@5bdef8ee
  board={{5,6,7,8,1,3,4,9,2},{1,8,9,2,4,7,3,5,6},{2,3,4,5,6,9,7,8,1},{6,5,8,7,9,1,2,4,3},{3,2,1,4,5,8,0,0,0},{0,0,0,0,0,0,0,0,0},{0,0,0,0,0,0,0,0,0},{0,0,0,0,0,0,0,0,0},{0,0,0,0,0,0,0,0,0}}
]
13:11:39.903 INFO  [main] SudokuBoard - Wartość 0 wstawiona nieprawidłowo
13:11:39.904 INFO  [main] SudokuBoard - Bład w kwadracie 0
sudoku.model.SudokuBoard@5e783f78[
  size=9
  solver=sudoku.model.BacktrackingSudokuSolver@5bdef8ee
  board={{5,6,7,8,1,3,4,9,2},{1,8,9,2,4,7,3,5,6},{2,3,4,5,6,9,7,8,1},{6,5,8,7,9,1,2,4,3},{3,2,1,4,5,0,0,0,0},{0,0,0,0,0,0,0,0,0},{0,0,0,0,0,0,0,0,0},{0,0,0,0,0,0,0,0,0},{0,0,0,0,0,0,0,0,0}}
]
13:11:39.904 INFO  [main] SudokuBoard - Wartość 0 wstawiona nieprawidłowo
13:11:39.904 INFO  [main] SudokuBoard - Bład w kwadracie 0
sudoku.model.SudokuBoard@5e783f78[
  size=9
  solver=sudoku.model.BacktrackingSudokuSolver@5bdef8ee
  board={{5,6,7,8,1,3,4,9,2},{1,8,9,2,4,7,3,5,6},{2,3,4,5,6,9,7,8,1},{6,5,8,7,9,1,2,4,3},{3,2,1,4,0,0,0,0,0},{0,0,0,0,0,0,0,0,0},{0,0,0,0,0,0,0,0,0},{0,0,0,0,0,0,0,0,0},{0,0,0,0,0,0,0,0,0}}
]
13:11:39.904 INFO  [main] SudokuBoard - Wartość 0 wstawiona nieprawidłowo
13:11:39.904 INFO  [main] SudokuBoard - Bład w kwadracie 0
sudoku.model.SudokuBoard@5e783f78[
  size=9
  solver=sudoku.model.BacktrackingSudokuSolver@5bdef8ee
  board={{5,6,7,8,1,3,4,9,2},{1,8,9,2,4,7,3,5,6},{2,3,4,5,6,9,7,8,1},{6,5,8,7,9,1,2,4,3},{3,2,1,4,8,5,6,7,9},{9,0,0,0,0,0,0,0,0},{0,0,0,0,0,0,0,0,0},{0,0,0,0,0,0,0,0,0},{0,0,0,0,0,0,0,0,0}}
]
13:11:39.905 INFO  [main] SudokuBoard - Wartość 0 wstawiona nieprawidłowo
13:11:39.905 INFO  [main] SudokuBoard - Bład w kwadracie 0
sudoku.model.SudokuBoard@5e783f78[
  size=9
  solver=sudoku.model.BacktrackingSudokuSolver@5bdef8ee
  board={{5,6,7,8,1,3,4,9,2},{1,8,9,2,4,7,3,5,6},{2,3,4,5,6,9,7,8,1},{6,5,8,7,9,1,2,4,3},{3,2,1,4,8,5,6,7,9},{9,0,0,0,0,0,0,0,0},{0,0,0,0,0,0,0,0,0},{0,0,0,0,0,0,0,0,0},{0,0,0,0,0,0,0,0,0}}
]
13:11:39.906 INFO  [main] SudokuBoard - Wartość 0 wstawiona nieprawidłowo
13:11:39.906 INFO  [main] SudokuBoard - Bład w kwadracie 0
sudoku.model.SudokuBoard@5e783f78[
  size=9
  solver=sudoku.model.BacktrackingSudokuSolver@5bdef8ee
  board={{5,6,7,8,1,3,4,9,2},{1,8,9,2,4,7,3,5,6},{2,3,4,5,6,9,7,8,1},{6,5,8,7,9,1,2,4,3},{3,2,1,4,8,5,6,7,9},{0,0,0,0,0,0,0,0,0},{0,0,0,0,0,0,0,0,0},{0,0,0,0,0,0,0,0,0},{0,0,0,0,0,0,0,0,0}}
]
13:11:39.906 INFO  [main] SudokuBoard - Wartość 0 wstawiona nieprawidłowo
13:11:39.906 INFO  [main] SudokuBoard - Bład w kwadracie 0
sudoku.model.SudokuBoard@5e783f78[
  size=9
  solver=sudoku.model.BacktrackingSudokuSolver@5bdef8ee
  board={{5,6,7,8,1,3,4,9,2},{1,8,9,2,4,7,3,5,6},{2,3,4,5,6,9,7,8,1},{6,5,8,7,9,1,2,4,3},{3,2,1,4,8,5,6,7,9},{4,0,0,0,0,0,0,0,0},{0,0,0,0,0,0,0,0,0},{0,0,0,0,0,0,0,0,0},{0,0,0,0,0,0,0,0,0}}
]
13:11:39.907 INFO  [main] SudokuBoard - Wartość 0 wstawiona nieprawidłowo
13:11:39.907 INFO  [main] SudokuBoard - Bład w kwadracie 0
sudoku.model.SudokuBoard@5e783f78[
  size=9
  solver=sudoku.model.BacktrackingSudokuSolver@5bdef8ee
  board={{5,6,7,8,1,3,4,9,2},{1,8,9,2,4,7,3,5,6},{2,3,4,5,6,9,7,8,1},{6,5,8,7,9,1,2,4,3},{3,2,1,4,8,5,6,7,9},{4,0,0,0,0,0,0,0,0},{0,0,0,0,0,0,0,0,0},{0,0,0,0,0,0,0,0,0},{0,0,0,0,0,0,0,0,0}}
]
13:11:39.907 INFO  [main] SudokuBoard - Wartość 0 wstawiona nieprawidłowo
13:11:39.907 INFO  [main] SudokuBoard - Bład w kwadracie 0
sudoku.model.SudokuBoard@5e783f78[
  size=9
  solver=sudoku.model.BacktrackingSudokuSolver@5bdef8ee
  board={{5,6,7,8,1,3,4,9,2},{1,8,9,2,4,7,3,5,6},{2,3,4,5,6,9,7,8,1},{6,5,8,7,9,1,2,4,3},{3,2,1,4,8,5,6,7,9},{0,0,0,0,0,0,0,0,0},{0,0,0,0,0,0,0,0,0},{0,0,0,0,0,0,0,0,0},{0,0,0,0,0,0,0,0,0}}
]
13:11:39.908 INFO  [main] SudokuBoard - Wartość 0 wstawiona nieprawidłowo
13:11:39.908 INFO  [main] SudokuBoard - Bład w kwadracie 0
sudoku.model.SudokuBoard@5e783f78[
  size=9
  solver=sudoku.model.BacktrackingSudokuSolver@5bdef8ee
  board={{5,6,7,8,1,3,4,9,2},{1,8,9,2,4,7,3,5,6},{2,3,4,5,6,9,7,8,1},{6,5,8,7,9,1,2,4,3},{3,2,1,4,8,5,6,7,9},{7,0,0,0,0,0,0,0,0},{0,0,0,0,0,0,0,0,0},{0,0,0,0,0,0,0,0,0},{0,0,0,0,0,0,0,0,0}}
]
13:11:39.908 INFO  [main] SudokuBoard - Wartość 0 wstawiona nieprawidłowo
13:11:39.908 INFO  [main] SudokuBoard - Bład w kwadracie 0
sudoku.model.SudokuBoard@5e783f78[
  size=9
  solver=sudoku.model.BacktrackingSudokuSolver@5bdef8ee
  board={{5,6,7,8,1,3,4,9,2},{1,8,9,2,4,7,3,5,6},{2,3,4,5,6,9,7,8,1},{6,5,8,7,9,1,2,4,3},{3,2,1,4,8,5,6,7,9},{7,0,0,0,0,0,0,0,0},{0,0,0,0,0,0,0,0,0},{0,0,0,0,0,0,0,0,0},{0,0,0,0,0,0,0,0,0}}
]
13:11:39.908 INFO  [main] SudokuBoard - Wartość 0 wstawiona nieprawidłowo
13:11:39.909 INFO  [main] SudokuBoard - Bład w kwadracie 0
sudoku.model.SudokuBoard@5e783f78[
  size=9
  solver=sudoku.model.BacktrackingSudokuSolver@5bdef8ee
  board={{5,6,7,8,1,3,4,9,2},{1,8,9,2,4,7,3,5,6},{2,3,4,5,6,9,7,8,1},{6,5,8,7,9,1,2,4,3},{3,2,1,4,8,5,6,7,9},{0,0,0,0,0,0,0,0,0},{0,0,0,0,0,0,0,0,0},{0,0,0,0,0,0,0,0,0},{0,0,0,0,0,0,0,0,0}}
]
13:11:39.909 INFO  [main] SudokuBoard - Wartość 0 wstawiona nieprawidłowo
13:11:39.909 INFO  [main] SudokuBoard - Bład w kwadracie 0
sudoku.model.SudokuBoard@5e783f78[
  size=9
  solver=sudoku.model.BacktrackingSudokuSolver@5bdef8ee
  board={{5,6,7,8,1,3,4,9,2},{1,8,9,2,4,7,3,5,6},{2,3,4,5,6,9,7,8,1},{6,5,8,7,9,1,2,4,3},{3,2,1,4,8,5,6,7,0},{0,0,0,0,0,0,0,0,0},{0,0,0,0,0,0,0,0,0},{0,0,0,0,0,0,0,0,0},{0,0,0,0,0,0,0,0,0}}
]
13:11:39.909 INFO  [main] SudokuBoard - Wartość 0 wstawiona nieprawidłowo
13:11:39.909 INFO  [main] SudokuBoard - Bład w kwadracie 0
sudoku.model.SudokuBoard@5e783f78[
  size=9
  solver=sudoku.model.BacktrackingSudokuSolver@5bdef8ee
  board={{5,6,7,8,1,3,4,9,2},{1,8,9,2,4,7,3,5,6},{2,3,4,5,6,9,7,8,1},{6,5,8,7,9,1,2,4,3},{3,2,1,4,8,5,6,0,0},{0,0,0,0,0,0,0,0,0},{0,0,0,0,0,0,0,0,0},{0,0,0,0,0,0,0,0,0},{0,0,0,0,0,0,0,0,0}}
]
13:11:39.909 INFO  [main] SudokuBoard - Wartość 0 wstawiona nieprawidłowo
13:11:39.909 INFO  [main] SudokuBoard - Bład w kwadracie 0
sudoku.model.SudokuBoard@5e783f78[
  size=9
  solver=sudoku.model.BacktrackingSudokuSolver@5bdef8ee
  board={{5,6,7,8,1,3,4,9,2},{1,8,9,2,4,7,3,5,6},{2,3,4,5,6,9,7,8,1},{6,5,8,7,9,1,2,4,3},{3,2,1,4,8,5,0,0,0},{0,0,0,0,0,0,0,0,0},{0,0,0,0,0,0,0,0,0},{0,0,0,0,0,0,0,0,0},{0,0,0,0,0,0,0,0,0}}
]
13:11:39.909 INFO  [main] SudokuBoard - Wartość 0 wstawiona nieprawidłowo
13:11:39.910 INFO  [main] SudokuBoard - Bład w kwadracie 0
sudoku.model.SudokuBoard@5e783f78[
  size=9
  solver=sudoku.model.BacktrackingSudokuSolver@5bdef8ee
  board={{5,6,7,8,1,3,4,9,2},{1,8,9,2,4,7,3,5,6},{2,3,4,5,6,9,7,8,1},{6,5,8,7,9,1,2,4,3},{3,2,1,4,8,5,9,6,7},{7,0,0,0,0,0,0,0,0},{0,0,0,0,0,0,0,0,0},{0,0,0,0,0,0,0,0,0},{0,0,0,0,0,0,0,0,0}}
]
13:11:39.910 INFO  [main] SudokuBoard - Wartość 0 wstawiona nieprawidłowo
13:11:39.910 INFO  [main] SudokuBoard - Bład w kwadracie 0
sudoku.model.SudokuBoard@5e783f78[
  size=9
  solver=sudoku.model.BacktrackingSudokuSolver@5bdef8ee
  board={{5,6,7,8,1,3,4,9,2},{1,8,9,2,4,7,3,5,6},{2,3,4,5,6,9,7,8,1},{6,5,8,7,9,1,2,4,3},{3,2,1,4,8,5,9,6,7},{7,0,0,0,0,0,0,0,0},{0,0,0,0,0,0,0,0,0},{0,0,0,0,0,0,0,0,0},{0,0,0,0,0,0,0,0,0}}
]
13:11:39.910 INFO  [main] SudokuBoard - Wartość 0 wstawiona nieprawidłowo
13:11:39.910 INFO  [main] SudokuBoard - Bład w kwadracie 0
sudoku.model.SudokuBoard@5e783f78[
  size=9
  solver=sudoku.model.BacktrackingSudokuSolver@5bdef8ee
  board={{5,6,7,8,1,3,4,9,2},{1,8,9,2,4,7,3,5,6},{2,3,4,5,6,9,7,8,1},{6,5,8,7,9,1,2,4,3},{3,2,1,4,8,5,9,6,7},{0,0,0,0,0,0,0,0,0},{0,0,0,0,0,0,0,0,0},{0,0,0,0,0,0,0,0,0},{0,0,0,0,0,0,0,0,0}}
]
13:11:39.910 INFO  [main] SudokuBoard - Wartość 0 wstawiona nieprawidłowo
13:11:39.910 INFO  [main] SudokuBoard - Bład w kwadracie 0
sudoku.model.SudokuBoard@5e783f78[
  size=9
  solver=sudoku.model.BacktrackingSudokuSolver@5bdef8ee
  board={{5,6,7,8,1,3,4,9,2},{1,8,9,2,4,7,3,5,6},{2,3,4,5,6,9,7,8,1},{6,5,8,7,9,1,2,4,3},{3,2,1,4,8,5,9,6,7},{9,0,0,0,0,0,0,0,0},{0,0,0,0,0,0,0,0,0},{0,0,0,0,0,0,0,0,0},{0,0,0,0,0,0,0,0,0}}
]
13:11:39.910 INFO  [main] SudokuBoard - Wartość 0 wstawiona nieprawidłowo
13:11:39.910 INFO  [main] SudokuBoard - Bład w kwadracie 0
sudoku.model.SudokuBoard@5e783f78[
  size=9
  solver=sudoku.model.BacktrackingSudokuSolver@5bdef8ee
  board={{5,6,7,8,1,3,4,9,2},{1,8,9,2,4,7,3,5,6},{2,3,4,5,6,9,7,8,1},{6,5,8,7,9,1,2,4,3},{3,2,1,4,8,5,9,6,7},{9,0,0,0,0,0,0,0,0},{0,0,0,0,0,0,0,0,0},{0,0,0,0,0,0,0,0,0},{0,0,0,0,0,0,0,0,0}}
]
13:11:39.911 INFO  [main] SudokuBoard - Wartość 0 wstawiona nieprawidłowo
13:11:39.911 INFO  [main] SudokuBoard - Bład w kwadracie 0
sudoku.model.SudokuBoard@5e783f78[
  size=9
  solver=sudoku.model.BacktrackingSudokuSolver@5bdef8ee
  board={{5,6,7,8,1,3,4,9,2},{1,8,9,2,4,7,3,5,6},{2,3,4,5,6,9,7,8,1},{6,5,8,7,9,1,2,4,3},{3,2,1,4,8,5,9,6,7},{0,0,0,0,0,0,0,0,0},{0,0,0,0,0,0,0,0,0},{0,0,0,0,0,0,0,0,0},{0,0,0,0,0,0,0,0,0}}
]
13:11:39.911 INFO  [main] SudokuBoard - Wartość 0 wstawiona nieprawidłowo
13:11:39.911 INFO  [main] SudokuBoard - Bład w kwadracie 0
sudoku.model.SudokuBoard@5e783f78[
  size=9
  solver=sudoku.model.BacktrackingSudokuSolver@5bdef8ee
  board={{5,6,7,8,1,3,4,9,2},{1,8,9,2,4,7,3,5,6},{2,3,4,5,6,9,7,8,1},{6,5,8,7,9,1,2,4,3},{3,2,1,4,8,5,9,6,7},{4,0,0,0,0,0,0,0,0},{0,0,0,0,0,0,0,0,0},{0,0,0,0,0,0,0,0,0},{0,0,0,0,0,0,0,0,0}}
]
13:11:39.911 INFO  [main] SudokuBoard - Wartość 0 wstawiona nieprawidłowo
13:11:39.911 INFO  [main] SudokuBoard - Bład w kwadracie 0
sudoku.model.SudokuBoard@5e783f78[
  size=9
  solver=sudoku.model.BacktrackingSudokuSolver@5bdef8ee
  board={{5,6,7,8,1,3,4,9,2},{1,8,9,2,4,7,3,5,6},{2,3,4,5,6,9,7,8,1},{6,5,8,7,9,1,2,4,3},{3,2,1,4,8,5,9,6,7},{4,0,0,0,0,0,0,0,0},{0,0,0,0,0,0,0,0,0},{0,0,0,0,0,0,0,0,0},{0,0,0,0,0,0,0,0,0}}
]
13:11:39.911 INFO  [main] SudokuBoard - Wartość 0 wstawiona nieprawidłowo
13:11:39.911 INFO  [main] SudokuBoard - Bład w kwadracie 0
sudoku.model.SudokuBoard@5e783f78[
  size=9
  solver=sudoku.model.BacktrackingSudokuSolver@5bdef8ee
  board={{5,6,7,8,1,3,4,9,2},{1,8,9,2,4,7,3,5,6},{2,3,4,5,6,9,7,8,1},{6,5,8,7,9,1,2,4,3},{3,2,1,4,8,5,9,6,7},{0,0,0,0,0,0,0,0,0},{0,0,0,0,0,0,0,0,0},{0,0,0,0,0,0,0,0,0},{0,0,0,0,0,0,0,0,0}}
]
13:11:39.912 INFO  [main] SudokuBoard - Wartość 0 wstawiona nieprawidłowo
13:11:39.912 INFO  [main] SudokuBoard - Bład w kwadracie 0
sudoku.model.SudokuBoard@5e783f78[
  size=9
  solver=sudoku.model.BacktrackingSudokuSolver@5bdef8ee
  board={{5,6,7,8,1,3,4,9,2},{1,8,9,2,4,7,3,5,6},{2,3,4,5,6,9,7,8,1},{6,5,8,7,9,1,2,4,3},{3,2,1,4,8,5,9,6,0},{0,0,0,0,0,0,0,0,0},{0,0,0,0,0,0,0,0,0},{0,0,0,0,0,0,0,0,0},{0,0,0,0,0,0,0,0,0}}
]
13:11:39.912 INFO  [main] SudokuBoard - Wartość 0 wstawiona nieprawidłowo
13:11:39.912 INFO  [main] SudokuBoard - Bład w kwadracie 0
sudoku.model.SudokuBoard@5e783f78[
  size=9
  solver=sudoku.model.BacktrackingSudokuSolver@5bdef8ee
  board={{5,6,7,8,1,3,4,9,2},{1,8,9,2,4,7,3,5,6},{2,3,4,5,6,9,7,8,1},{6,5,8,7,9,1,2,4,3},{3,2,1,4,8,5,9,0,0},{0,0,0,0,0,0,0,0,0},{0,0,0,0,0,0,0,0,0},{0,0,0,0,0,0,0,0,0},{0,0,0,0,0,0,0,0,0}}
]
13:11:39.912 INFO  [main] SudokuBoard - Wartość 0 wstawiona nieprawidłowo
13:11:39.912 INFO  [main] SudokuBoard - Bład w kwadracie 0
sudoku.model.SudokuBoard@5e783f78[
  size=9
  solver=sudoku.model.BacktrackingSudokuSolver@5bdef8ee
  board={{5,6,7,8,1,3,4,9,2},{1,8,9,2,4,7,3,5,6},{2,3,4,5,6,9,7,8,1},{6,5,8,7,9,1,2,4,3},{3,2,1,4,8,5,9,0,0},{0,0,0,0,0,0,0,0,0},{0,0,0,0,0,0,0,0,0},{0,0,0,0,0,0,0,0,0},{0,0,0,0,0,0,0,0,0}}
]
13:11:39.912 INFO  [main] SudokuBoard - Wartość 0 wstawiona nieprawidłowo
13:11:39.912 INFO  [main] SudokuBoard - Bład w kwadracie 0
sudoku.model.SudokuBoard@5e783f78[
  size=9
  solver=sudoku.model.BacktrackingSudokuSolver@5bdef8ee
  board={{5,6,7,8,1,3,4,9,2},{1,8,9,2,4,7,3,5,6},{2,3,4,5,6,9,7,8,1},{6,5,8,7,9,1,2,4,3},{3,2,1,4,8,5,0,0,0},{0,0,0,0,0,0,0,0,0},{0,0,0,0,0,0,0,0,0},{0,0,0,0,0,0,0,0,0},{0,0,0,0,0,0,0,0,0}}
]
13:11:39.912 INFO  [main] SudokuBoard - Wartość 0 wstawiona nieprawidłowo
13:11:39.913 INFO  [main] SudokuBoard - Bład w kwadracie 0
sudoku.model.SudokuBoard@5e783f78[
  size=9
  solver=sudoku.model.BacktrackingSudokuSolver@5bdef8ee
  board={{5,6,7,8,1,3,4,9,2},{1,8,9,2,4,7,3,5,6},{2,3,4,5,6,9,7,8,1},{6,5,8,7,9,1,2,4,3},{3,2,1,4,8,0,0,0,0},{0,0,0,0,0,0,0,0,0},{0,0,0,0,0,0,0,0,0},{0,0,0,0,0,0,0,0,0},{0,0,0,0,0,0,0,0,0}}
]
13:11:39.913 INFO  [main] SudokuBoard - Wartość 0 wstawiona nieprawidłowo
13:11:39.913 INFO  [main] SudokuBoard - Bład w kwadracie 0
sudoku.model.SudokuBoard@5e783f78[
  size=9
  solver=sudoku.model.BacktrackingSudokuSolver@5bdef8ee
  board={{5,6,7,8,1,3,4,9,2},{1,8,9,2,4,7,3,5,6},{2,3,4,5,6,9,7,8,1},{6,5,8,7,9,1,2,4,3},{3,2,1,4,8,6,9,7,5},{7,0,0,0,0,0,0,0,0},{0,0,0,0,0,0,0,0,0},{0,0,0,0,0,0,0,0,0},{0,0,0,0,0,0,0,0,0}}
]
13:11:39.913 INFO  [main] SudokuBoard - Wartość 0 wstawiona nieprawidłowo
13:11:39.913 INFO  [main] SudokuBoard - Bład w kwadracie 0
sudoku.model.SudokuBoard@5e783f78[
  size=9
  solver=sudoku.model.BacktrackingSudokuSolver@5bdef8ee
  board={{5,6,7,8,1,3,4,9,2},{1,8,9,2,4,7,3,5,6},{2,3,4,5,6,9,7,8,1},{6,5,8,7,9,1,2,4,3},{3,2,1,4,8,6,9,7,5},{7,0,0,0,0,0,0,0,0},{0,0,0,0,0,0,0,0,0},{0,0,0,0,0,0,0,0,0},{0,0,0,0,0,0,0,0,0}}
]
13:11:39.913 INFO  [main] SudokuBoard - Wartość 0 wstawiona nieprawidłowo
13:11:39.914 INFO  [main] SudokuBoard - Bład w kwadracie 0
sudoku.model.SudokuBoard@5e783f78[
  size=9
  solver=sudoku.model.BacktrackingSudokuSolver@5bdef8ee
  board={{5,6,7,8,1,3,4,9,2},{1,8,9,2,4,7,3,5,6},{2,3,4,5,6,9,7,8,1},{6,5,8,7,9,1,2,4,3},{3,2,1,4,8,6,9,7,5},{0,0,0,0,0,0,0,0,0},{0,0,0,0,0,0,0,0,0},{0,0,0,0,0,0,0,0,0},{0,0,0,0,0,0,0,0,0}}
]
13:11:39.914 INFO  [main] SudokuBoard - Wartość 0 wstawiona nieprawidłowo
13:11:39.914 INFO  [main] SudokuBoard - Bład w kwadracie 0
sudoku.model.SudokuBoard@5e783f78[
  size=9
  solver=sudoku.model.BacktrackingSudokuSolver@5bdef8ee
  board={{5,6,7,8,1,3,4,9,2},{1,8,9,2,4,7,3,5,6},{2,3,4,5,6,9,7,8,1},{6,5,8,7,9,1,2,4,3},{3,2,1,4,8,6,9,7,5},{9,0,0,0,0,0,0,0,0},{0,0,0,0,0,0,0,0,0},{0,0,0,0,0,0,0,0,0},{0,0,0,0,0,0,0,0,0}}
]
13:11:39.914 INFO  [main] SudokuBoard - Wartość 0 wstawiona nieprawidłowo
13:11:39.914 INFO  [main] SudokuBoard - Bład w kwadracie 0
sudoku.model.SudokuBoard@5e783f78[
  size=9
  solver=sudoku.model.BacktrackingSudokuSolver@5bdef8ee
  board={{5,6,7,8,1,3,4,9,2},{1,8,9,2,4,7,3,5,6},{2,3,4,5,6,9,7,8,1},{6,5,8,7,9,1,2,4,3},{3,2,1,4,8,6,9,7,5},{9,0,0,0,0,0,0,0,0},{0,0,0,0,0,0,0,0,0},{0,0,0,0,0,0,0,0,0},{0,0,0,0,0,0,0,0,0}}
]
13:11:39.914 INFO  [main] SudokuBoard - Wartość 0 wstawiona nieprawidłowo
13:11:39.915 INFO  [main] SudokuBoard - Bład w kwadracie 0
sudoku.model.SudokuBoard@5e783f78[
  size=9
  solver=sudoku.model.BacktrackingSudokuSolver@5bdef8ee
  board={{5,6,7,8,1,3,4,9,2},{1,8,9,2,4,7,3,5,6},{2,3,4,5,6,9,7,8,1},{6,5,8,7,9,1,2,4,3},{3,2,1,4,8,6,9,7,5},{0,0,0,0,0,0,0,0,0},{0,0,0,0,0,0,0,0,0},{0,0,0,0,0,0,0,0,0},{0,0,0,0,0,0,0,0,0}}
]
13:11:39.915 INFO  [main] SudokuBoard - Wartość 0 wstawiona nieprawidłowo
13:11:39.915 INFO  [main] SudokuBoard - Bład w kwadracie 0
sudoku.model.SudokuBoard@5e783f78[
  size=9
  solver=sudoku.model.BacktrackingSudokuSolver@5bdef8ee
  board={{5,6,7,8,1,3,4,9,2},{1,8,9,2,4,7,3,5,6},{2,3,4,5,6,9,7,8,1},{6,5,8,7,9,1,2,4,3},{3,2,1,4,8,6,9,7,5},{4,0,0,0,0,0,0,0,0},{0,0,0,0,0,0,0,0,0},{0,0,0,0,0,0,0,0,0},{0,0,0,0,0,0,0,0,0}}
]
13:11:39.915 INFO  [main] SudokuBoard - Wartość 0 wstawiona nieprawidłowo
13:11:39.915 INFO  [main] SudokuBoard - Bład w kwadracie 0
sudoku.model.SudokuBoard@5e783f78[
  size=9
  solver=sudoku.model.BacktrackingSudokuSolver@5bdef8ee
  board={{5,6,7,8,1,3,4,9,2},{1,8,9,2,4,7,3,5,6},{2,3,4,5,6,9,7,8,1},{6,5,8,7,9,1,2,4,3},{3,2,1,4,8,6,9,7,5},{4,0,0,0,0,0,0,0,0},{0,0,0,0,0,0,0,0,0},{0,0,0,0,0,0,0,0,0},{0,0,0,0,0,0,0,0,0}}
]
13:11:39.915 INFO  [main] SudokuBoard - Wartość 0 wstawiona nieprawidłowo
13:11:39.915 INFO  [main] SudokuBoard - Bład w kwadracie 0
sudoku.model.SudokuBoard@5e783f78[
  size=9
  solver=sudoku.model.BacktrackingSudokuSolver@5bdef8ee
  board={{5,6,7,8,1,3,4,9,2},{1,8,9,2,4,7,3,5,6},{2,3,4,5,6,9,7,8,1},{6,5,8,7,9,1,2,4,3},{3,2,1,4,8,6,9,7,5},{0,0,0,0,0,0,0,0,0},{0,0,0,0,0,0,0,0,0},{0,0,0,0,0,0,0,0,0},{0,0,0,0,0,0,0,0,0}}
]
13:11:39.916 INFO  [main] SudokuBoard - Wartość 0 wstawiona nieprawidłowo
13:11:39.916 INFO  [main] SudokuBoard - Bład w kwadracie 0
sudoku.model.SudokuBoard@5e783f78[
  size=9
  solver=sudoku.model.BacktrackingSudokuSolver@5bdef8ee
  board={{5,6,7,8,1,3,4,9,2},{1,8,9,2,4,7,3,5,6},{2,3,4,5,6,9,7,8,1},{6,5,8,7,9,1,2,4,3},{3,2,1,4,8,6,9,7,0},{0,0,0,0,0,0,0,0,0},{0,0,0,0,0,0,0,0,0},{0,0,0,0,0,0,0,0,0},{0,0,0,0,0,0,0,0,0}}
]
13:11:39.916 INFO  [main] SudokuBoard - Wartość 0 wstawiona nieprawidłowo
13:11:39.916 INFO  [main] SudokuBoard - Bład w kwadracie 0
sudoku.model.SudokuBoard@5e783f78[
  size=9
  solver=sudoku.model.BacktrackingSudokuSolver@5bdef8ee
  board={{5,6,7,8,1,3,4,9,2},{1,8,9,2,4,7,3,5,6},{2,3,4,5,6,9,7,8,1},{6,5,8,7,9,1,2,4,3},{3,2,1,4,8,6,9,0,0},{0,0,0,0,0,0,0,0,0},{0,0,0,0,0,0,0,0,0},{0,0,0,0,0,0,0,0,0},{0,0,0,0,0,0,0,0,0}}
]
13:11:39.916 INFO  [main] SudokuBoard - Wartość 0 wstawiona nieprawidłowo
13:11:39.916 INFO  [main] SudokuBoard - Bład w kwadracie 0
sudoku.model.SudokuBoard@5e783f78[
  size=9
  solver=sudoku.model.BacktrackingSudokuSolver@5bdef8ee
  board={{5,6,7,8,1,3,4,9,2},{1,8,9,2,4,7,3,5,6},{2,3,4,5,6,9,7,8,1},{6,5,8,7,9,1,2,4,3},{3,2,1,4,8,6,0,0,0},{0,0,0,0,0,0,0,0,0},{0,0,0,0,0,0,0,0,0},{0,0,0,0,0,0,0,0,0},{0,0,0,0,0,0,0,0,0}}
]
13:11:39.917 INFO  [main] SudokuBoard - Wartość 0 wstawiona nieprawidłowo
13:11:39.917 INFO  [main] SudokuBoard - Bład w kwadracie 0
sudoku.model.SudokuBoard@5e783f78[
  size=9
  solver=sudoku.model.BacktrackingSudokuSolver@5bdef8ee
  board={{5,6,7,8,1,3,4,9,2},{1,8,9,2,4,7,3,5,6},{2,3,4,5,6,9,7,8,1},{6,5,8,7,9,1,2,4,3},{3,2,1,4,8,6,5,7,9},{4,0,0,0,0,0,0,0,0},{0,0,0,0,0,0,0,0,0},{0,0,0,0,0,0,0,0,0},{0,0,0,0,0,0,0,0,0}}
]
13:11:39.917 INFO  [main] SudokuBoard - Wartość 0 wstawiona nieprawidłowo
13:11:39.917 INFO  [main] SudokuBoard - Bład w kwadracie 0
sudoku.model.SudokuBoard@5e783f78[
  size=9
  solver=sudoku.model.BacktrackingSudokuSolver@5bdef8ee
  board={{5,6,7,8,1,3,4,9,2},{1,8,9,2,4,7,3,5,6},{2,3,4,5,6,9,7,8,1},{6,5,8,7,9,1,2,4,3},{3,2,1,4,8,6,5,7,9},{4,0,0,0,0,0,0,0,0},{0,0,0,0,0,0,0,0,0},{0,0,0,0,0,0,0,0,0},{0,0,0,0,0,0,0,0,0}}
]
13:11:39.917 INFO  [main] SudokuBoard - Wartość 0 wstawiona nieprawidłowo
13:11:39.917 INFO  [main] SudokuBoard - Bład w kwadracie 0
sudoku.model.SudokuBoard@5e783f78[
  size=9
  solver=sudoku.model.BacktrackingSudokuSolver@5bdef8ee
  board={{5,6,7,8,1,3,4,9,2},{1,8,9,2,4,7,3,5,6},{2,3,4,5,6,9,7,8,1},{6,5,8,7,9,1,2,4,3},{3,2,1,4,8,6,5,7,9},{0,0,0,0,0,0,0,0,0},{0,0,0,0,0,0,0,0,0},{0,0,0,0,0,0,0,0,0},{0,0,0,0,0,0,0,0,0}}
]
13:11:39.917 INFO  [main] SudokuBoard - Wartość 0 wstawiona nieprawidłowo
13:11:39.918 INFO  [main] SudokuBoard - Bład w kwadracie 0
sudoku.model.SudokuBoard@5e783f78[
  size=9
  solver=sudoku.model.BacktrackingSudokuSolver@5bdef8ee
  board={{5,6,7,8,1,3,4,9,2},{1,8,9,2,4,7,3,5,6},{2,3,4,5,6,9,7,8,1},{6,5,8,7,9,1,2,4,3},{3,2,1,4,8,6,5,7,9},{7,0,0,0,0,0,0,0,0},{0,0,0,0,0,0,0,0,0},{0,0,0,0,0,0,0,0,0},{0,0,0,0,0,0,0,0,0}}
]
13:11:39.919 INFO  [main] SudokuBoard - Wartość 0 wstawiona nieprawidłowo
13:11:39.919 INFO  [main] SudokuBoard - Bład w kwadracie 0
sudoku.model.SudokuBoard@5e783f78[
  size=9
  solver=sudoku.model.BacktrackingSudokuSolver@5bdef8ee
  board={{5,6,7,8,1,3,4,9,2},{1,8,9,2,4,7,3,5,6},{2,3,4,5,6,9,7,8,1},{6,5,8,7,9,1,2,4,3},{3,2,1,4,8,6,5,7,9},{7,0,0,0,0,0,0,0,0},{0,0,0,0,0,0,0,0,0},{0,0,0,0,0,0,0,0,0},{0,0,0,0,0,0,0,0,0}}
]
13:11:39.920 INFO  [main] SudokuBoard - Wartość 0 wstawiona nieprawidłowo
13:11:39.920 INFO  [main] SudokuBoard - Bład w kwadracie 0
sudoku.model.SudokuBoard@5e783f78[
  size=9
  solver=sudoku.model.BacktrackingSudokuSolver@5bdef8ee
  board={{5,6,7,8,1,3,4,9,2},{1,8,9,2,4,7,3,5,6},{2,3,4,5,6,9,7,8,1},{6,5,8,7,9,1,2,4,3},{3,2,1,4,8,6,5,7,9},{0,0,0,0,0,0,0,0,0},{0,0,0,0,0,0,0,0,0},{0,0,0,0,0,0,0,0,0},{0,0,0,0,0,0,0,0,0}}
]
13:11:39.920 INFO  [main] SudokuBoard - Wartość 0 wstawiona nieprawidłowo
13:11:39.920 INFO  [main] SudokuBoard - Bład w kwadracie 0
sudoku.model.SudokuBoard@5e783f78[
  size=9
  solver=sudoku.model.BacktrackingSudokuSolver@5bdef8ee
  board={{5,6,7,8,1,3,4,9,2},{1,8,9,2,4,7,3,5,6},{2,3,4,5,6,9,7,8,1},{6,5,8,7,9,1,2,4,3},{3,2,1,4,8,6,5,7,9},{9,0,0,0,0,0,0,0,0},{0,0,0,0,0,0,0,0,0},{0,0,0,0,0,0,0,0,0},{0,0,0,0,0,0,0,0,0}}
]
13:11:39.920 INFO  [main] SudokuBoard - Wartość 0 wstawiona nieprawidłowo
13:11:39.920 INFO  [main] SudokuBoard - Bład w kwadracie 0
sudoku.model.SudokuBoard@5e783f78[
  size=9
  solver=sudoku.model.BacktrackingSudokuSolver@5bdef8ee
  board={{5,6,7,8,1,3,4,9,2},{1,8,9,2,4,7,3,5,6},{2,3,4,5,6,9,7,8,1},{6,5,8,7,9,1,2,4,3},{3,2,1,4,8,6,5,7,9},{9,0,0,0,0,0,0,0,0},{0,0,0,0,0,0,0,0,0},{0,0,0,0,0,0,0,0,0},{0,0,0,0,0,0,0,0,0}}
]
13:11:39.920 INFO  [main] SudokuBoard - Wartość 0 wstawiona nieprawidłowo
13:11:39.921 INFO  [main] SudokuBoard - Bład w kwadracie 0
sudoku.model.SudokuBoard@5e783f78[
  size=9
  solver=sudoku.model.BacktrackingSudokuSolver@5bdef8ee
  board={{5,6,7,8,1,3,4,9,2},{1,8,9,2,4,7,3,5,6},{2,3,4,5,6,9,7,8,1},{6,5,8,7,9,1,2,4,3},{3,2,1,4,8,6,5,7,9},{0,0,0,0,0,0,0,0,0},{0,0,0,0,0,0,0,0,0},{0,0,0,0,0,0,0,0,0},{0,0,0,0,0,0,0,0,0}}
]
13:11:39.921 INFO  [main] SudokuBoard - Wartość 0 wstawiona nieprawidłowo
13:11:39.921 INFO  [main] SudokuBoard - Bład w kwadracie 0
sudoku.model.SudokuBoard@5e783f78[
  size=9
  solver=sudoku.model.BacktrackingSudokuSolver@5bdef8ee
  board={{5,6,7,8,1,3,4,9,2},{1,8,9,2,4,7,3,5,6},{2,3,4,5,6,9,7,8,1},{6,5,8,7,9,1,2,4,3},{3,2,1,4,8,6,5,7,0},{0,0,0,0,0,0,0,0,0},{0,0,0,0,0,0,0,0,0},{0,0,0,0,0,0,0,0,0},{0,0,0,0,0,0,0,0,0}}
]
13:11:39.921 INFO  [main] SudokuBoard - Wartość 0 wstawiona nieprawidłowo
13:11:39.922 INFO  [main] SudokuBoard - Bład w kwadracie 0
sudoku.model.SudokuBoard@5e783f78[
  size=9
  solver=sudoku.model.BacktrackingSudokuSolver@5bdef8ee
  board={{5,6,7,8,1,3,4,9,2},{1,8,9,2,4,7,3,5,6},{2,3,4,5,6,9,7,8,1},{6,5,8,7,9,1,2,4,3},{3,2,1,4,8,6,5,0,0},{0,0,0,0,0,0,0,0,0},{0,0,0,0,0,0,0,0,0},{0,0,0,0,0,0,0,0,0},{0,0,0,0,0,0,0,0,0}}
]
13:11:39.922 INFO  [main] SudokuBoard - Wartość 0 wstawiona nieprawidłowo
13:11:39.922 INFO  [main] SudokuBoard - Bład w kwadracie 0
sudoku.model.SudokuBoard@5e783f78[
  size=9
  solver=sudoku.model.BacktrackingSudokuSolver@5bdef8ee
  board={{5,6,7,8,1,3,4,9,2},{1,8,9,2,4,7,3,5,6},{2,3,4,5,6,9,7,8,1},{6,5,8,7,9,1,2,4,3},{3,2,1,4,8,6,0,0,0},{0,0,0,0,0,0,0,0,0},{0,0,0,0,0,0,0,0,0},{0,0,0,0,0,0,0,0,0},{0,0,0,0,0,0,0,0,0}}
]
13:11:39.922 INFO  [main] SudokuBoard - Wartość 0 wstawiona nieprawidłowo
13:11:39.923 INFO  [main] SudokuBoard - Bład w kwadracie 0
sudoku.model.SudokuBoard@5e783f78[
  size=9
  solver=sudoku.model.BacktrackingSudokuSolver@5bdef8ee
  board={{5,6,7,8,1,3,4,9,2},{1,8,9,2,4,7,3,5,6},{2,3,4,5,6,9,7,8,1},{6,5,8,7,9,1,2,4,3},{3,2,1,4,8,0,0,0,0},{0,0,0,0,0,0,0,0,0},{0,0,0,0,0,0,0,0,0},{0,0,0,0,0,0,0,0,0},{0,0,0,0,0,0,0,0,0}}
]
13:11:39.923 INFO  [main] SudokuBoard - Wartość 0 wstawiona nieprawidłowo
13:11:39.923 INFO  [main] SudokuBoard - Bład w kwadracie 0
sudoku.model.SudokuBoard@5e783f78[
  size=9
  solver=sudoku.model.BacktrackingSudokuSolver@5bdef8ee
  board={{5,6,7,8,1,3,4,9,2},{1,8,9,2,4,7,3,5,6},{2,3,4,5,6,9,7,8,1},{6,5,8,7,9,1,2,4,3},{3,2,1,4,0,0,0,0,0},{0,0,0,0,0,0,0,0,0},{0,0,0,0,0,0,0,0,0},{0,0,0,0,0,0,0,0,0},{0,0,0,0,0,0,0,0,0}}
]
13:11:39.923 INFO  [main] SudokuBoard - Wartość 0 wstawiona nieprawidłowo
13:11:39.924 INFO  [main] SudokuBoard - Bład w kwadracie 0
sudoku.model.SudokuBoard@5e783f78[
  size=9
  solver=sudoku.model.BacktrackingSudokuSolver@5bdef8ee
  board={{5,6,7,8,1,3,4,9,2},{1,8,9,2,4,7,3,5,6},{2,3,4,5,6,9,7,8,1},{6,5,8,7,9,1,2,4,3},{3,2,1,0,0,0,0,0,0},{0,0,0,0,0,0,0,0,0},{0,0,0,0,0,0,0,0,0},{0,0,0,0,0,0,0,0,0},{0,0,0,0,0,0,0,0,0}}
]
13:11:39.924 INFO  [main] SudokuBoard - Wartość 0 wstawiona nieprawidłowo
13:11:39.924 INFO  [main] SudokuBoard - Bład w kwadracie 0
sudoku.model.SudokuBoard@5e783f78[
  size=9
  solver=sudoku.model.BacktrackingSudokuSolver@5bdef8ee
  board={{5,6,7,8,1,3,4,9,2},{1,8,9,2,4,7,3,5,6},{2,3,4,5,6,9,7,8,1},{6,5,8,7,9,1,2,4,3},{3,2,1,6,5,8,9,0,0},{0,0,0,0,0,0,0,0,0},{0,0,0,0,0,0,0,0,0},{0,0,0,0,0,0,0,0,0},{0,0,0,0,0,0,0,0,0}}
]
13:11:39.924 INFO  [main] SudokuBoard - Wartość 0 wstawiona nieprawidłowo
13:11:39.924 INFO  [main] SudokuBoard - Bład w kwadracie 0
sudoku.model.SudokuBoard@5e783f78[
  size=9
  solver=sudoku.model.BacktrackingSudokuSolver@5bdef8ee
  board={{5,6,7,8,1,3,4,9,2},{1,8,9,2,4,7,3,5,6},{2,3,4,5,6,9,7,8,1},{6,5,8,7,9,1,2,4,3},{3,2,1,6,5,8,0,0,0},{0,0,0,0,0,0,0,0,0},{0,0,0,0,0,0,0,0,0},{0,0,0,0,0,0,0,0,0},{0,0,0,0,0,0,0,0,0}}
]
13:11:39.924 INFO  [main] SudokuBoard - Wartość 0 wstawiona nieprawidłowo
13:11:39.924 INFO  [main] SudokuBoard - Bład w kwadracie 0
sudoku.model.SudokuBoard@5e783f78[
  size=9
  solver=sudoku.model.BacktrackingSudokuSolver@5bdef8ee
  board={{5,6,7,8,1,3,4,9,2},{1,8,9,2,4,7,3,5,6},{2,3,4,5,6,9,7,8,1},{6,5,8,7,9,1,2,4,3},{3,2,1,6,5,0,0,0,0},{0,0,0,0,0,0,0,0,0},{0,0,0,0,0,0,0,0,0},{0,0,0,0,0,0,0,0,0},{0,0,0,0,0,0,0,0,0}}
]
13:11:39.924 INFO  [main] SudokuBoard - Wartość 0 wstawiona nieprawidłowo
13:11:39.925 INFO  [main] SudokuBoard - Bład w kwadracie 0
sudoku.model.SudokuBoard@5e783f78[
  size=9
  solver=sudoku.model.BacktrackingSudokuSolver@5bdef8ee
  board={{5,6,7,8,1,3,4,9,2},{1,8,9,2,4,7,3,5,6},{2,3,4,5,6,9,7,8,1},{6,5,8,7,9,1,2,4,3},{3,2,1,6,5,4,8,7,9},{9,0,0,0,0,0,0,0,0},{0,0,0,0,0,0,0,0,0},{0,0,0,0,0,0,0,0,0},{0,0,0,0,0,0,0,0,0}}
]
13:11:39.925 INFO  [main] SudokuBoard - Wartość 0 wstawiona nieprawidłowo
13:11:39.925 INFO  [main] SudokuBoard - Bład w kwadracie 0
sudoku.model.SudokuBoard@5e783f78[
  size=9
  solver=sudoku.model.BacktrackingSudokuSolver@5bdef8ee
  board={{5,6,7,8,1,3,4,9,2},{1,8,9,2,4,7,3,5,6},{2,3,4,5,6,9,7,8,1},{6,5,8,7,9,1,2,4,3},{3,2,1,6,5,4,8,7,9},{9,0,0,0,0,0,0,0,0},{0,0,0,0,0,0,0,0,0},{0,0,0,0,0,0,0,0,0},{0,0,0,0,0,0,0,0,0}}
]
13:11:39.925 INFO  [main] SudokuBoard - Wartość 0 wstawiona nieprawidłowo
13:11:39.925 INFO  [main] SudokuBoard - Bład w kwadracie 0
sudoku.model.SudokuBoard@5e783f78[
  size=9
  solver=sudoku.model.BacktrackingSudokuSolver@5bdef8ee
  board={{5,6,7,8,1,3,4,9,2},{1,8,9,2,4,7,3,5,6},{2,3,4,5,6,9,7,8,1},{6,5,8,7,9,1,2,4,3},{3,2,1,6,5,4,8,7,9},{0,0,0,0,0,0,0,0,0},{0,0,0,0,0,0,0,0,0},{0,0,0,0,0,0,0,0,0},{0,0,0,0,0,0,0,0,0}}
]
13:11:39.925 INFO  [main] SudokuBoard - Wartość 0 wstawiona nieprawidłowo
13:11:39.925 INFO  [main] SudokuBoard - Bład w kwadracie 0
sudoku.model.SudokuBoard@5e783f78[
  size=9
  solver=sudoku.model.BacktrackingSudokuSolver@5bdef8ee
  board={{5,6,7,8,1,3,4,9,2},{1,8,9,2,4,7,3,5,6},{2,3,4,5,6,9,7,8,1},{6,5,8,7,9,1,2,4,3},{3,2,1,6,5,4,8,7,9},{4,0,0,0,0,0,0,0,0},{0,0,0,0,0,0,0,0,0},{0,0,0,0,0,0,0,0,0},{0,0,0,0,0,0,0,0,0}}
]
13:11:39.925 INFO  [main] SudokuBoard - Wartość 0 wstawiona nieprawidłowo
13:11:39.925 INFO  [main] SudokuBoard - Bład w kwadracie 0
sudoku.model.SudokuBoard@5e783f78[
  size=9
  solver=sudoku.model.BacktrackingSudokuSolver@5bdef8ee
  board={{5,6,7,8,1,3,4,9,2},{1,8,9,2,4,7,3,5,6},{2,3,4,5,6,9,7,8,1},{6,5,8,7,9,1,2,4,3},{3,2,1,6,5,4,8,7,9},{4,0,0,0,0,0,0,0,0},{0,0,0,0,0,0,0,0,0},{0,0,0,0,0,0,0,0,0},{0,0,0,0,0,0,0,0,0}}
]
13:11:39.926 INFO  [main] SudokuBoard - Wartość 0 wstawiona nieprawidłowo
13:11:39.926 INFO  [main] SudokuBoard - Bład w kwadracie 0
sudoku.model.SudokuBoard@5e783f78[
  size=9
  solver=sudoku.model.BacktrackingSudokuSolver@5bdef8ee
  board={{5,6,7,8,1,3,4,9,2},{1,8,9,2,4,7,3,5,6},{2,3,4,5,6,9,7,8,1},{6,5,8,7,9,1,2,4,3},{3,2,1,6,5,4,8,7,9},{0,0,0,0,0,0,0,0,0},{0,0,0,0,0,0,0,0,0},{0,0,0,0,0,0,0,0,0},{0,0,0,0,0,0,0,0,0}}
]
13:11:39.926 INFO  [main] SudokuBoard - Wartość 0 wstawiona nieprawidłowo
13:11:39.926 INFO  [main] SudokuBoard - Bład w kwadracie 0
sudoku.model.SudokuBoard@5e783f78[
  size=9
  solver=sudoku.model.BacktrackingSudokuSolver@5bdef8ee
  board={{5,6,7,8,1,3,4,9,2},{1,8,9,2,4,7,3,5,6},{2,3,4,5,6,9,7,8,1},{6,5,8,7,9,1,2,4,3},{3,2,1,6,5,4,8,7,9},{7,0,0,0,0,0,0,0,0},{0,0,0,0,0,0,0,0,0},{0,0,0,0,0,0,0,0,0},{0,0,0,0,0,0,0,0,0}}
]
13:11:39.926 INFO  [main] SudokuBoard - Wartość 0 wstawiona nieprawidłowo
13:11:39.926 INFO  [main] SudokuBoard - Bład w kwadracie 0
sudoku.model.SudokuBoard@5e783f78[
  size=9
  solver=sudoku.model.BacktrackingSudokuSolver@5bdef8ee
  board={{5,6,7,8,1,3,4,9,2},{1,8,9,2,4,7,3,5,6},{2,3,4,5,6,9,7,8,1},{6,5,8,7,9,1,2,4,3},{3,2,1,6,5,4,8,7,9},{7,0,0,0,0,0,0,0,0},{0,0,0,0,0,0,0,0,0},{0,0,0,0,0,0,0,0,0},{0,0,0,0,0,0,0,0,0}}
]
13:11:39.926 INFO  [main] SudokuBoard - Wartość 0 wstawiona nieprawidłowo
13:11:39.927 INFO  [main] SudokuBoard - Bład w kwadracie 0
sudoku.model.SudokuBoard@5e783f78[
  size=9
  solver=sudoku.model.BacktrackingSudokuSolver@5bdef8ee
  board={{5,6,7,8,1,3,4,9,2},{1,8,9,2,4,7,3,5,6},{2,3,4,5,6,9,7,8,1},{6,5,8,7,9,1,2,4,3},{3,2,1,6,5,4,8,7,9},{0,0,0,0,0,0,0,0,0},{0,0,0,0,0,0,0,0,0},{0,0,0,0,0,0,0,0,0},{0,0,0,0,0,0,0,0,0}}
]
13:11:39.927 INFO  [main] SudokuBoard - Wartość 0 wstawiona nieprawidłowo
13:11:39.927 INFO  [main] SudokuBoard - Bład w kwadracie 0
sudoku.model.SudokuBoard@5e783f78[
  size=9
  solver=sudoku.model.BacktrackingSudokuSolver@5bdef8ee
  board={{5,6,7,8,1,3,4,9,2},{1,8,9,2,4,7,3,5,6},{2,3,4,5,6,9,7,8,1},{6,5,8,7,9,1,2,4,3},{3,2,1,6,5,4,8,7,0},{0,0,0,0,0,0,0,0,0},{0,0,0,0,0,0,0,0,0},{0,0,0,0,0,0,0,0,0},{0,0,0,0,0,0,0,0,0}}
]
13:11:39.927 INFO  [main] SudokuBoard - Wartość 0 wstawiona nieprawidłowo
13:11:39.927 INFO  [main] SudokuBoard - Bład w kwadracie 0
sudoku.model.SudokuBoard@5e783f78[
  size=9
  solver=sudoku.model.BacktrackingSudokuSolver@5bdef8ee
  board={{5,6,7,8,1,3,4,9,2},{1,8,9,2,4,7,3,5,6},{2,3,4,5,6,9,7,8,1},{6,5,8,7,9,1,2,4,3},{3,2,1,6,5,4,8,0,0},{0,0,0,0,0,0,0,0,0},{0,0,0,0,0,0,0,0,0},{0,0,0,0,0,0,0,0,0},{0,0,0,0,0,0,0,0,0}}
]
13:11:39.927 INFO  [main] SudokuBoard - Wartość 0 wstawiona nieprawidłowo
13:11:39.928 INFO  [main] SudokuBoard - Bład w kwadracie 0
sudoku.model.SudokuBoard@5e783f78[
  size=9
  solver=sudoku.model.BacktrackingSudokuSolver@5bdef8ee
  board={{5,6,7,8,1,3,4,9,2},{1,8,9,2,4,7,3,5,6},{2,3,4,5,6,9,7,8,1},{6,5,8,7,9,1,2,4,3},{3,2,1,6,5,4,0,0,0},{0,0,0,0,0,0,0,0,0},{0,0,0,0,0,0,0,0,0},{0,0,0,0,0,0,0,0,0},{0,0,0,0,0,0,0,0,0}}
]
13:11:39.928 INFO  [main] SudokuBoard - Wartość 0 wstawiona nieprawidłowo
13:11:39.929 INFO  [main] SudokuBoard - Bład w kwadracie 0
sudoku.model.SudokuBoard@5e783f78[
  size=9
  solver=sudoku.model.BacktrackingSudokuSolver@5bdef8ee
  board={{5,6,7,8,1,3,4,9,2},{1,8,9,2,4,7,3,5,6},{2,3,4,5,6,9,7,8,1},{6,5,8,7,9,1,2,4,3},{3,2,1,6,5,4,9,7,8},{4,0,0,0,0,0,0,0,0},{0,0,0,0,0,0,0,0,0},{0,0,0,0,0,0,0,0,0},{0,0,0,0,0,0,0,0,0}}
]
13:11:39.929 INFO  [main] SudokuBoard - Wartość 0 wstawiona nieprawidłowo
13:11:39.929 INFO  [main] SudokuBoard - Bład w kwadracie 0
sudoku.model.SudokuBoard@5e783f78[
  size=9
  solver=sudoku.model.BacktrackingSudokuSolver@5bdef8ee
  board={{5,6,7,8,1,3,4,9,2},{1,8,9,2,4,7,3,5,6},{2,3,4,5,6,9,7,8,1},{6,5,8,7,9,1,2,4,3},{3,2,1,6,5,4,9,7,8},{4,0,0,0,0,0,0,0,0},{0,0,0,0,0,0,0,0,0},{0,0,0,0,0,0,0,0,0},{0,0,0,0,0,0,0,0,0}}
]
13:11:39.929 INFO  [main] SudokuBoard - Wartość 0 wstawiona nieprawidłowo
13:11:39.929 INFO  [main] SudokuBoard - Bład w kwadracie 0
sudoku.model.SudokuBoard@5e783f78[
  size=9
  solver=sudoku.model.BacktrackingSudokuSolver@5bdef8ee
  board={{5,6,7,8,1,3,4,9,2},{1,8,9,2,4,7,3,5,6},{2,3,4,5,6,9,7,8,1},{6,5,8,7,9,1,2,4,3},{3,2,1,6,5,4,9,7,8},{0,0,0,0,0,0,0,0,0},{0,0,0,0,0,0,0,0,0},{0,0,0,0,0,0,0,0,0},{0,0,0,0,0,0,0,0,0}}
]
13:11:39.929 INFO  [main] SudokuBoard - Wartość 0 wstawiona nieprawidłowo
13:11:39.929 INFO  [main] SudokuBoard - Bład w kwadracie 0
sudoku.model.SudokuBoard@5e783f78[
  size=9
  solver=sudoku.model.BacktrackingSudokuSolver@5bdef8ee
  board={{5,6,7,8,1,3,4,9,2},{1,8,9,2,4,7,3,5,6},{2,3,4,5,6,9,7,8,1},{6,5,8,7,9,1,2,4,3},{3,2,1,6,5,4,9,7,8},{7,0,0,0,0,0,0,0,0},{0,0,0,0,0,0,0,0,0},{0,0,0,0,0,0,0,0,0},{0,0,0,0,0,0,0,0,0}}
]
13:11:39.930 INFO  [main] SudokuBoard - Wartość 0 wstawiona nieprawidłowo
13:11:39.930 INFO  [main] SudokuBoard - Bład w kwadracie 0
sudoku.model.SudokuBoard@5e783f78[
  size=9
  solver=sudoku.model.BacktrackingSudokuSolver@5bdef8ee
  board={{5,6,7,8,1,3,4,9,2},{1,8,9,2,4,7,3,5,6},{2,3,4,5,6,9,7,8,1},{6,5,8,7,9,1,2,4,3},{3,2,1,6,5,4,9,7,8},{7,0,0,0,0,0,0,0,0},{0,0,0,0,0,0,0,0,0},{0,0,0,0,0,0,0,0,0},{0,0,0,0,0,0,0,0,0}}
]
13:11:39.930 INFO  [main] SudokuBoard - Wartość 0 wstawiona nieprawidłowo
13:11:39.931 INFO  [main] SudokuBoard - Bład w kwadracie 0
sudoku.model.SudokuBoard@5e783f78[
  size=9
  solver=sudoku.model.BacktrackingSudokuSolver@5bdef8ee
  board={{5,6,7,8,1,3,4,9,2},{1,8,9,2,4,7,3,5,6},{2,3,4,5,6,9,7,8,1},{6,5,8,7,9,1,2,4,3},{3,2,1,6,5,4,9,7,8},{0,0,0,0,0,0,0,0,0},{0,0,0,0,0,0,0,0,0},{0,0,0,0,0,0,0,0,0},{0,0,0,0,0,0,0,0,0}}
]
13:11:39.931 INFO  [main] SudokuBoard - Wartość 0 wstawiona nieprawidłowo
13:11:39.931 INFO  [main] SudokuBoard - Bład w kwadracie 0
sudoku.model.SudokuBoard@5e783f78[
  size=9
  solver=sudoku.model.BacktrackingSudokuSolver@5bdef8ee
  board={{5,6,7,8,1,3,4,9,2},{1,8,9,2,4,7,3,5,6},{2,3,4,5,6,9,7,8,1},{6,5,8,7,9,1,2,4,3},{3,2,1,6,5,4,9,7,8},{9,0,0,0,0,0,0,0,0},{0,0,0,0,0,0,0,0,0},{0,0,0,0,0,0,0,0,0},{0,0,0,0,0,0,0,0,0}}
]
13:11:39.931 INFO  [main] SudokuBoard - Wartość 0 wstawiona nieprawidłowo
13:11:39.932 INFO  [main] SudokuBoard - Bład w kwadracie 0
sudoku.model.SudokuBoard@5e783f78[
  size=9
  solver=sudoku.model.BacktrackingSudokuSolver@5bdef8ee
  board={{5,6,7,8,1,3,4,9,2},{1,8,9,2,4,7,3,5,6},{2,3,4,5,6,9,7,8,1},{6,5,8,7,9,1,2,4,3},{3,2,1,6,5,4,9,7,8},{9,0,0,0,0,0,0,0,0},{0,0,0,0,0,0,0,0,0},{0,0,0,0,0,0,0,0,0},{0,0,0,0,0,0,0,0,0}}
]
13:11:39.932 INFO  [main] SudokuBoard - Wartość 0 wstawiona nieprawidłowo
13:11:39.932 INFO  [main] SudokuBoard - Bład w kwadracie 0
sudoku.model.SudokuBoard@5e783f78[
  size=9
  solver=sudoku.model.BacktrackingSudokuSolver@5bdef8ee
  board={{5,6,7,8,1,3,4,9,2},{1,8,9,2,4,7,3,5,6},{2,3,4,5,6,9,7,8,1},{6,5,8,7,9,1,2,4,3},{3,2,1,6,5,4,9,7,8},{0,0,0,0,0,0,0,0,0},{0,0,0,0,0,0,0,0,0},{0,0,0,0,0,0,0,0,0},{0,0,0,0,0,0,0,0,0}}
]
13:11:39.932 INFO  [main] SudokuBoard - Wartość 0 wstawiona nieprawidłowo
13:11:39.932 INFO  [main] SudokuBoard - Bład w kwadracie 0
sudoku.model.SudokuBoard@5e783f78[
  size=9
  solver=sudoku.model.BacktrackingSudokuSolver@5bdef8ee
  board={{5,6,7,8,1,3,4,9,2},{1,8,9,2,4,7,3,5,6},{2,3,4,5,6,9,7,8,1},{6,5,8,7,9,1,2,4,3},{3,2,1,6,5,4,9,7,0},{0,0,0,0,0,0,0,0,0},{0,0,0,0,0,0,0,0,0},{0,0,0,0,0,0,0,0,0},{0,0,0,0,0,0,0,0,0}}
]
13:11:39.932 INFO  [main] SudokuBoard - Wartość 0 wstawiona nieprawidłowo
13:11:39.932 INFO  [main] SudokuBoard - Bład w kwadracie 0
sudoku.model.SudokuBoard@5e783f78[
  size=9
  solver=sudoku.model.BacktrackingSudokuSolver@5bdef8ee
  board={{5,6,7,8,1,3,4,9,2},{1,8,9,2,4,7,3,5,6},{2,3,4,5,6,9,7,8,1},{6,5,8,7,9,1,2,4,3},{3,2,1,6,5,4,9,0,0},{0,0,0,0,0,0,0,0,0},{0,0,0,0,0,0,0,0,0},{0,0,0,0,0,0,0,0,0},{0,0,0,0,0,0,0,0,0}}
]
13:11:39.932 INFO  [main] SudokuBoard - Wartość 0 wstawiona nieprawidłowo
13:11:39.932 INFO  [main] SudokuBoard - Bład w kwadracie 0
sudoku.model.SudokuBoard@5e783f78[
  size=9
  solver=sudoku.model.BacktrackingSudokuSolver@5bdef8ee
  board={{5,6,7,8,1,3,4,9,2},{1,8,9,2,4,7,3,5,6},{2,3,4,5,6,9,7,8,1},{6,5,8,7,9,1,2,4,3},{3,2,1,6,5,4,0,0,0},{0,0,0,0,0,0,0,0,0},{0,0,0,0,0,0,0,0,0},{0,0,0,0,0,0,0,0,0},{0,0,0,0,0,0,0,0,0}}
]
13:11:39.933 INFO  [main] SudokuBoard - Wartość 0 wstawiona nieprawidłowo
13:11:39.933 INFO  [main] SudokuBoard - Bład w kwadracie 0
sudoku.model.SudokuBoard@5e783f78[
  size=9
  solver=sudoku.model.BacktrackingSudokuSolver@5bdef8ee
  board={{5,6,7,8,1,3,4,9,2},{1,8,9,2,4,7,3,5,6},{2,3,4,5,6,9,7,8,1},{6,5,8,7,9,1,2,4,3},{3,2,1,6,5,0,0,0,0},{0,0,0,0,0,0,0,0,0},{0,0,0,0,0,0,0,0,0},{0,0,0,0,0,0,0,0,0},{0,0,0,0,0,0,0,0,0}}
]
13:11:39.933 INFO  [main] SudokuBoard - Wartość 0 wstawiona nieprawidłowo
13:11:39.933 INFO  [main] SudokuBoard - Bład w kwadracie 0
sudoku.model.SudokuBoard@5e783f78[
  size=9
  solver=sudoku.model.BacktrackingSudokuSolver@5bdef8ee
  board={{5,6,7,8,1,3,4,9,2},{1,8,9,2,4,7,3,5,6},{2,3,4,5,6,9,7,8,1},{6,5,8,7,9,1,2,4,3},{3,2,1,6,0,0,0,0,0},{0,0,0,0,0,0,0,0,0},{0,0,0,0,0,0,0,0,0},{0,0,0,0,0,0,0,0,0},{0,0,0,0,0,0,0,0,0}}
]
13:11:39.933 INFO  [main] SudokuBoard - Wartość 0 wstawiona nieprawidłowo
13:11:39.933 INFO  [main] SudokuBoard - Bład w kwadracie 0
sudoku.model.SudokuBoard@5e783f78[
  size=9
  solver=sudoku.model.BacktrackingSudokuSolver@5bdef8ee
  board={{5,6,7,8,1,3,4,9,2},{1,8,9,2,4,7,3,5,6},{2,3,4,5,6,9,7,8,1},{6,5,8,7,9,1,2,4,3},{3,2,1,6,8,5,9,0,0},{0,0,0,0,0,0,0,0,0},{0,0,0,0,0,0,0,0,0},{0,0,0,0,0,0,0,0,0},{0,0,0,0,0,0,0,0,0}}
]
13:11:39.933 INFO  [main] SudokuBoard - Wartość 0 wstawiona nieprawidłowo
13:11:39.933 INFO  [main] SudokuBoard - Bład w kwadracie 0
sudoku.model.SudokuBoard@5e783f78[
  size=9
  solver=sudoku.model.BacktrackingSudokuSolver@5bdef8ee
  board={{5,6,7,8,1,3,4,9,2},{1,8,9,2,4,7,3,5,6},{2,3,4,5,6,9,7,8,1},{6,5,8,7,9,1,2,4,3},{3,2,1,6,8,5,0,0,0},{0,0,0,0,0,0,0,0,0},{0,0,0,0,0,0,0,0,0},{0,0,0,0,0,0,0,0,0},{0,0,0,0,0,0,0,0,0}}
]
13:11:39.934 INFO  [main] SudokuBoard - Wartość 0 wstawiona nieprawidłowo
13:11:39.934 INFO  [main] SudokuBoard - Bład w kwadracie 0
sudoku.model.SudokuBoard@5e783f78[
  size=9
  solver=sudoku.model.BacktrackingSudokuSolver@5bdef8ee
  board={{5,6,7,8,1,3,4,9,2},{1,8,9,2,4,7,3,5,6},{2,3,4,5,6,9,7,8,1},{6,5,8,7,9,1,2,4,3},{3,2,1,6,8,0,0,0,0},{0,0,0,0,0,0,0,0,0},{0,0,0,0,0,0,0,0,0},{0,0,0,0,0,0,0,0,0},{0,0,0,0,0,0,0,0,0}}
]
13:11:39.934 INFO  [main] SudokuBoard - Wartość 0 wstawiona nieprawidłowo
13:11:39.934 INFO  [main] SudokuBoard - Bład w kwadracie 0
sudoku.model.SudokuBoard@5e783f78[
  size=9
  solver=sudoku.model.BacktrackingSudokuSolver@5bdef8ee
  board={{5,6,7,8,1,3,4,9,2},{1,8,9,2,4,7,3,5,6},{2,3,4,5,6,9,7,8,1},{6,5,8,7,9,1,2,4,3},{3,2,1,6,8,4,9,7,5},{4,0,0,0,0,0,0,0,0},{0,0,0,0,0,0,0,0,0},{0,0,0,0,0,0,0,0,0},{0,0,0,0,0,0,0,0,0}}
]
13:11:39.934 INFO  [main] SudokuBoard - Wartość 0 wstawiona nieprawidłowo
13:11:39.934 INFO  [main] SudokuBoard - Bład w kwadracie 0
sudoku.model.SudokuBoard@5e783f78[
  size=9
  solver=sudoku.model.BacktrackingSudokuSolver@5bdef8ee
  board={{5,6,7,8,1,3,4,9,2},{1,8,9,2,4,7,3,5,6},{2,3,4,5,6,9,7,8,1},{6,5,8,7,9,1,2,4,3},{3,2,1,6,8,4,9,7,5},{4,0,0,0,0,0,0,0,0},{0,0,0,0,0,0,0,0,0},{0,0,0,0,0,0,0,0,0},{0,0,0,0,0,0,0,0,0}}
]
13:11:39.934 INFO  [main] SudokuBoard - Wartość 0 wstawiona nieprawidłowo
13:11:39.934 INFO  [main] SudokuBoard - Bład w kwadracie 0
sudoku.model.SudokuBoard@5e783f78[
  size=9
  solver=sudoku.model.BacktrackingSudokuSolver@5bdef8ee
  board={{5,6,7,8,1,3,4,9,2},{1,8,9,2,4,7,3,5,6},{2,3,4,5,6,9,7,8,1},{6,5,8,7,9,1,2,4,3},{3,2,1,6,8,4,9,7,5},{0,0,0,0,0,0,0,0,0},{0,0,0,0,0,0,0,0,0},{0,0,0,0,0,0,0,0,0},{0,0,0,0,0,0,0,0,0}}
]
13:11:39.934 INFO  [main] SudokuBoard - Wartość 0 wstawiona nieprawidłowo
13:11:39.935 INFO  [main] SudokuBoard - Bład w kwadracie 0
sudoku.model.SudokuBoard@5e783f78[
  size=9
  solver=sudoku.model.BacktrackingSudokuSolver@5bdef8ee
  board={{5,6,7,8,1,3,4,9,2},{1,8,9,2,4,7,3,5,6},{2,3,4,5,6,9,7,8,1},{6,5,8,7,9,1,2,4,3},{3,2,1,6,8,4,9,7,5},{7,0,0,0,0,0,0,0,0},{0,0,0,0,0,0,0,0,0},{0,0,0,0,0,0,0,0,0},{0,0,0,0,0,0,0,0,0}}
]
13:11:39.935 INFO  [main] SudokuBoard - Wartość 0 wstawiona nieprawidłowo
13:11:39.935 INFO  [main] SudokuBoard - Bład w kwadracie 0
sudoku.model.SudokuBoard@5e783f78[
  size=9
  solver=sudoku.model.BacktrackingSudokuSolver@5bdef8ee
  board={{5,6,7,8,1,3,4,9,2},{1,8,9,2,4,7,3,5,6},{2,3,4,5,6,9,7,8,1},{6,5,8,7,9,1,2,4,3},{3,2,1,6,8,4,9,7,5},{7,0,0,0,0,0,0,0,0},{0,0,0,0,0,0,0,0,0},{0,0,0,0,0,0,0,0,0},{0,0,0,0,0,0,0,0,0}}
]
13:11:39.935 INFO  [main] SudokuBoard - Wartość 0 wstawiona nieprawidłowo
13:11:39.935 INFO  [main] SudokuBoard - Bład w kwadracie 0
sudoku.model.SudokuBoard@5e783f78[
  size=9
  solver=sudoku.model.BacktrackingSudokuSolver@5bdef8ee
  board={{5,6,7,8,1,3,4,9,2},{1,8,9,2,4,7,3,5,6},{2,3,4,5,6,9,7,8,1},{6,5,8,7,9,1,2,4,3},{3,2,1,6,8,4,9,7,5},{0,0,0,0,0,0,0,0,0},{0,0,0,0,0,0,0,0,0},{0,0,0,0,0,0,0,0,0},{0,0,0,0,0,0,0,0,0}}
]
13:11:39.935 INFO  [main] SudokuBoard - Wartość 0 wstawiona nieprawidłowo
13:11:39.935 INFO  [main] SudokuBoard - Bład w kwadracie 0
sudoku.model.SudokuBoard@5e783f78[
  size=9
  solver=sudoku.model.BacktrackingSudokuSolver@5bdef8ee
  board={{5,6,7,8,1,3,4,9,2},{1,8,9,2,4,7,3,5,6},{2,3,4,5,6,9,7,8,1},{6,5,8,7,9,1,2,4,3},{3,2,1,6,8,4,9,7,5},{9,0,0,0,0,0,0,0,0},{0,0,0,0,0,0,0,0,0},{0,0,0,0,0,0,0,0,0},{0,0,0,0,0,0,0,0,0}}
]
13:11:39.936 INFO  [main] SudokuBoard - Wartość 0 wstawiona nieprawidłowo
13:11:39.936 INFO  [main] SudokuBoard - Bład w kwadracie 0
sudoku.model.SudokuBoard@5e783f78[
  size=9
  solver=sudoku.model.BacktrackingSudokuSolver@5bdef8ee
  board={{5,6,7,8,1,3,4,9,2},{1,8,9,2,4,7,3,5,6},{2,3,4,5,6,9,7,8,1},{6,5,8,7,9,1,2,4,3},{3,2,1,6,8,4,9,7,5},{9,0,0,0,0,0,0,0,0},{0,0,0,0,0,0,0,0,0},{0,0,0,0,0,0,0,0,0},{0,0,0,0,0,0,0,0,0}}
]
13:11:39.936 INFO  [main] SudokuBoard - Wartość 0 wstawiona nieprawidłowo
13:11:39.936 INFO  [main] SudokuBoard - Bład w kwadracie 0
sudoku.model.SudokuBoard@5e783f78[
  size=9
  solver=sudoku.model.BacktrackingSudokuSolver@5bdef8ee
  board={{5,6,7,8,1,3,4,9,2},{1,8,9,2,4,7,3,5,6},{2,3,4,5,6,9,7,8,1},{6,5,8,7,9,1,2,4,3},{3,2,1,6,8,4,9,7,5},{0,0,0,0,0,0,0,0,0},{0,0,0,0,0,0,0,0,0},{0,0,0,0,0,0,0,0,0},{0,0,0,0,0,0,0,0,0}}
]
13:11:39.936 INFO  [main] SudokuBoard - Wartość 0 wstawiona nieprawidłowo
13:11:39.936 INFO  [main] SudokuBoard - Bład w kwadracie 0
sudoku.model.SudokuBoard@5e783f78[
  size=9
  solver=sudoku.model.BacktrackingSudokuSolver@5bdef8ee
  board={{5,6,7,8,1,3,4,9,2},{1,8,9,2,4,7,3,5,6},{2,3,4,5,6,9,7,8,1},{6,5,8,7,9,1,2,4,3},{3,2,1,6,8,4,9,7,0},{0,0,0,0,0,0,0,0,0},{0,0,0,0,0,0,0,0,0},{0,0,0,0,0,0,0,0,0},{0,0,0,0,0,0,0,0,0}}
]
13:11:39.936 INFO  [main] SudokuBoard - Wartość 0 wstawiona nieprawidłowo
13:11:39.936 INFO  [main] SudokuBoard - Bład w kwadracie 0
sudoku.model.SudokuBoard@5e783f78[
  size=9
  solver=sudoku.model.BacktrackingSudokuSolver@5bdef8ee
  board={{5,6,7,8,1,3,4,9,2},{1,8,9,2,4,7,3,5,6},{2,3,4,5,6,9,7,8,1},{6,5,8,7,9,1,2,4,3},{3,2,1,6,8,4,9,0,0},{0,0,0,0,0,0,0,0,0},{0,0,0,0,0,0,0,0,0},{0,0,0,0,0,0,0,0,0},{0,0,0,0,0,0,0,0,0}}
]
13:11:39.936 INFO  [main] SudokuBoard - Wartość 0 wstawiona nieprawidłowo
13:11:39.937 INFO  [main] SudokuBoard - Bład w kwadracie 0
sudoku.model.SudokuBoard@5e783f78[
  size=9
  solver=sudoku.model.BacktrackingSudokuSolver@5bdef8ee
  board={{5,6,7,8,1,3,4,9,2},{1,8,9,2,4,7,3,5,6},{2,3,4,5,6,9,7,8,1},{6,5,8,7,9,1,2,4,3},{3,2,1,6,8,4,0,0,0},{0,0,0,0,0,0,0,0,0},{0,0,0,0,0,0,0,0,0},{0,0,0,0,0,0,0,0,0},{0,0,0,0,0,0,0,0,0}}
]
13:11:39.937 INFO  [main] SudokuBoard - Wartość 0 wstawiona nieprawidłowo
13:11:39.937 INFO  [main] SudokuBoard - Bład w kwadracie 0
sudoku.model.SudokuBoard@5e783f78[
  size=9
  solver=sudoku.model.BacktrackingSudokuSolver@5bdef8ee
  board={{5,6,7,8,1,3,4,9,2},{1,8,9,2,4,7,3,5,6},{2,3,4,5,6,9,7,8,1},{6,5,8,7,9,1,2,4,3},{3,2,1,6,8,4,5,7,9},{9,0,0,0,0,0,0,0,0},{0,0,0,0,0,0,0,0,0},{0,0,0,0,0,0,0,0,0},{0,0,0,0,0,0,0,0,0}}
]
13:11:39.937 INFO  [main] SudokuBoard - Wartość 0 wstawiona nieprawidłowo
13:11:39.937 INFO  [main] SudokuBoard - Bład w kwadracie 0
sudoku.model.SudokuBoard@5e783f78[
  size=9
  solver=sudoku.model.BacktrackingSudokuSolver@5bdef8ee
  board={{5,6,7,8,1,3,4,9,2},{1,8,9,2,4,7,3,5,6},{2,3,4,5,6,9,7,8,1},{6,5,8,7,9,1,2,4,3},{3,2,1,6,8,4,5,7,9},{9,0,0,0,0,0,0,0,0},{0,0,0,0,0,0,0,0,0},{0,0,0,0,0,0,0,0,0},{0,0,0,0,0,0,0,0,0}}
]
13:11:39.937 INFO  [main] SudokuBoard - Wartość 0 wstawiona nieprawidłowo
13:11:39.937 INFO  [main] SudokuBoard - Bład w kwadracie 0
sudoku.model.SudokuBoard@5e783f78[
  size=9
  solver=sudoku.model.BacktrackingSudokuSolver@5bdef8ee
  board={{5,6,7,8,1,3,4,9,2},{1,8,9,2,4,7,3,5,6},{2,3,4,5,6,9,7,8,1},{6,5,8,7,9,1,2,4,3},{3,2,1,6,8,4,5,7,9},{0,0,0,0,0,0,0,0,0},{0,0,0,0,0,0,0,0,0},{0,0,0,0,0,0,0,0,0},{0,0,0,0,0,0,0,0,0}}
]
13:11:39.937 INFO  [main] SudokuBoard - Wartość 0 wstawiona nieprawidłowo
13:11:39.937 INFO  [main] SudokuBoard - Bład w kwadracie 0
sudoku.model.SudokuBoard@5e783f78[
  size=9
  solver=sudoku.model.BacktrackingSudokuSolver@5bdef8ee
  board={{5,6,7,8,1,3,4,9,2},{1,8,9,2,4,7,3,5,6},{2,3,4,5,6,9,7,8,1},{6,5,8,7,9,1,2,4,3},{3,2,1,6,8,4,5,7,9},{4,0,0,0,0,0,0,0,0},{0,0,0,0,0,0,0,0,0},{0,0,0,0,0,0,0,0,0},{0,0,0,0,0,0,0,0,0}}
]
13:11:39.937 INFO  [main] SudokuBoard - Wartość 0 wstawiona nieprawidłowo
13:11:39.938 INFO  [main] SudokuBoard - Bład w kwadracie 0
sudoku.model.SudokuBoard@5e783f78[
  size=9
  solver=sudoku.model.BacktrackingSudokuSolver@5bdef8ee
  board={{5,6,7,8,1,3,4,9,2},{1,8,9,2,4,7,3,5,6},{2,3,4,5,6,9,7,8,1},{6,5,8,7,9,1,2,4,3},{3,2,1,6,8,4,5,7,9},{4,0,0,0,0,0,0,0,0},{0,0,0,0,0,0,0,0,0},{0,0,0,0,0,0,0,0,0},{0,0,0,0,0,0,0,0,0}}
]
13:11:39.938 INFO  [main] SudokuBoard - Wartość 0 wstawiona nieprawidłowo
13:11:39.938 INFO  [main] SudokuBoard - Bład w kwadracie 0
sudoku.model.SudokuBoard@5e783f78[
  size=9
  solver=sudoku.model.BacktrackingSudokuSolver@5bdef8ee
  board={{5,6,7,8,1,3,4,9,2},{1,8,9,2,4,7,3,5,6},{2,3,4,5,6,9,7,8,1},{6,5,8,7,9,1,2,4,3},{3,2,1,6,8,4,5,7,9},{0,0,0,0,0,0,0,0,0},{0,0,0,0,0,0,0,0,0},{0,0,0,0,0,0,0,0,0},{0,0,0,0,0,0,0,0,0}}
]
13:11:39.938 INFO  [main] SudokuBoard - Wartość 0 wstawiona nieprawidłowo
13:11:39.938 INFO  [main] SudokuBoard - Bład w kwadracie 0
sudoku.model.SudokuBoard@5e783f78[
  size=9
  solver=sudoku.model.BacktrackingSudokuSolver@5bdef8ee
  board={{5,6,7,8,1,3,4,9,2},{1,8,9,2,4,7,3,5,6},{2,3,4,5,6,9,7,8,1},{6,5,8,7,9,1,2,4,3},{3,2,1,6,8,4,5,7,9},{7,0,0,0,0,0,0,0,0},{0,0,0,0,0,0,0,0,0},{0,0,0,0,0,0,0,0,0},{0,0,0,0,0,0,0,0,0}}
]
13:11:39.938 INFO  [main] SudokuBoard - Wartość 0 wstawiona nieprawidłowo
13:11:39.938 INFO  [main] SudokuBoard - Bład w kwadracie 0
sudoku.model.SudokuBoard@5e783f78[
  size=9
  solver=sudoku.model.BacktrackingSudokuSolver@5bdef8ee
  board={{5,6,7,8,1,3,4,9,2},{1,8,9,2,4,7,3,5,6},{2,3,4,5,6,9,7,8,1},{6,5,8,7,9,1,2,4,3},{3,2,1,6,8,4,5,7,9},{7,0,0,0,0,0,0,0,0},{0,0,0,0,0,0,0,0,0},{0,0,0,0,0,0,0,0,0},{0,0,0,0,0,0,0,0,0}}
]
13:11:39.938 INFO  [main] SudokuBoard - Wartość 0 wstawiona nieprawidłowo
13:11:39.938 INFO  [main] SudokuBoard - Bład w kwadracie 0
sudoku.model.SudokuBoard@5e783f78[
  size=9
  solver=sudoku.model.BacktrackingSudokuSolver@5bdef8ee
  board={{5,6,7,8,1,3,4,9,2},{1,8,9,2,4,7,3,5,6},{2,3,4,5,6,9,7,8,1},{6,5,8,7,9,1,2,4,3},{3,2,1,6,8,4,5,7,9},{0,0,0,0,0,0,0,0,0},{0,0,0,0,0,0,0,0,0},{0,0,0,0,0,0,0,0,0},{0,0,0,0,0,0,0,0,0}}
]
13:11:39.938 INFO  [main] SudokuBoard - Wartość 0 wstawiona nieprawidłowo
13:11:39.939 INFO  [main] SudokuBoard - Bład w kwadracie 0
sudoku.model.SudokuBoard@5e783f78[
  size=9
  solver=sudoku.model.BacktrackingSudokuSolver@5bdef8ee
  board={{5,6,7,8,1,3,4,9,2},{1,8,9,2,4,7,3,5,6},{2,3,4,5,6,9,7,8,1},{6,5,8,7,9,1,2,4,3},{3,2,1,6,8,4,5,7,0},{0,0,0,0,0,0,0,0,0},{0,0,0,0,0,0,0,0,0},{0,0,0,0,0,0,0,0,0},{0,0,0,0,0,0,0,0,0}}
]
13:11:39.939 INFO  [main] SudokuBoard - Wartość 0 wstawiona nieprawidłowo
13:11:39.939 INFO  [main] SudokuBoard - Bład w kwadracie 0
sudoku.model.SudokuBoard@5e783f78[
  size=9
  solver=sudoku.model.BacktrackingSudokuSolver@5bdef8ee
  board={{5,6,7,8,1,3,4,9,2},{1,8,9,2,4,7,3,5,6},{2,3,4,5,6,9,7,8,1},{6,5,8,7,9,1,2,4,3},{3,2,1,6,8,4,5,0,0},{0,0,0,0,0,0,0,0,0},{0,0,0,0,0,0,0,0,0},{0,0,0,0,0,0,0,0,0},{0,0,0,0,0,0,0,0,0}}
]
13:11:39.939 INFO  [main] SudokuBoard - Wartość 0 wstawiona nieprawidłowo
13:11:39.939 INFO  [main] SudokuBoard - Bład w kwadracie 0
sudoku.model.SudokuBoard@5e783f78[
  size=9
  solver=sudoku.model.BacktrackingSudokuSolver@5bdef8ee
  board={{5,6,7,8,1,3,4,9,2},{1,8,9,2,4,7,3,5,6},{2,3,4,5,6,9,7,8,1},{6,5,8,7,9,1,2,4,3},{3,2,1,6,8,4,0,0,0},{0,0,0,0,0,0,0,0,0},{0,0,0,0,0,0,0,0,0},{0,0,0,0,0,0,0,0,0},{0,0,0,0,0,0,0,0,0}}
]
13:11:39.939 INFO  [main] SudokuBoard - Wartość 0 wstawiona nieprawidłowo
13:11:39.939 INFO  [main] SudokuBoard - Bład w kwadracie 0
sudoku.model.SudokuBoard@5e783f78[
  size=9
  solver=sudoku.model.BacktrackingSudokuSolver@5bdef8ee
  board={{5,6,7,8,1,3,4,9,2},{1,8,9,2,4,7,3,5,6},{2,3,4,5,6,9,7,8,1},{6,5,8,7,9,1,2,4,3},{3,2,1,6,8,0,0,0,0},{0,0,0,0,0,0,0,0,0},{0,0,0,0,0,0,0,0,0},{0,0,0,0,0,0,0,0,0},{0,0,0,0,0,0,0,0,0}}
]
13:11:39.939 INFO  [main] SudokuBoard - Wartość 0 wstawiona nieprawidłowo
13:11:39.939 INFO  [main] SudokuBoard - Bład w kwadracie 0
sudoku.model.SudokuBoard@5e783f78[
  size=9
  solver=sudoku.model.BacktrackingSudokuSolver@5bdef8ee
  board={{5,6,7,8,1,3,4,9,2},{1,8,9,2,4,7,3,5,6},{2,3,4,5,6,9,7,8,1},{6,5,8,7,9,1,2,4,3},{3,2,1,6,0,0,0,0,0},{0,0,0,0,0,0,0,0,0},{0,0,0,0,0,0,0,0,0},{0,0,0,0,0,0,0,0,0},{0,0,0,0,0,0,0,0,0}}
]
13:11:39.939 INFO  [main] SudokuBoard - Wartość 0 wstawiona nieprawidłowo
13:11:39.940 INFO  [main] SudokuBoard - Bład w kwadracie 0
sudoku.model.SudokuBoard@5e783f78[
  size=9
  solver=sudoku.model.BacktrackingSudokuSolver@5bdef8ee
  board={{5,6,7,8,1,3,4,9,2},{1,8,9,2,4,7,3,5,6},{2,3,4,5,6,9,7,8,1},{6,5,8,7,9,1,2,4,3},{3,2,1,0,0,0,0,0,0},{0,0,0,0,0,0,0,0,0},{0,0,0,0,0,0,0,0,0},{0,0,0,0,0,0,0,0,0},{0,0,0,0,0,0,0,0,0}}
]
13:11:39.940 INFO  [main] SudokuBoard - Wartość 0 wstawiona nieprawidłowo
13:11:39.940 INFO  [main] SudokuBoard - Bład w kwadracie 0
sudoku.model.SudokuBoard@5e783f78[
  size=9
  solver=sudoku.model.BacktrackingSudokuSolver@5bdef8ee
  board={{5,6,7,8,1,3,4,9,2},{1,8,9,2,4,7,3,5,6},{2,3,4,5,6,9,7,8,1},{6,5,8,7,9,1,2,4,3},{3,2,0,0,0,0,0,0,0},{0,0,0,0,0,0,0,0,0},{0,0,0,0,0,0,0,0,0},{0,0,0,0,0,0,0,0,0},{0,0,0,0,0,0,0,0,0}}
]
13:11:39.940 INFO  [main] SudokuBoard - Wartość 0 wstawiona nieprawidłowo
13:11:39.940 INFO  [main] SudokuBoard - Bład w kwadracie 0
sudoku.model.SudokuBoard@5e783f78[
  size=9
  solver=sudoku.model.BacktrackingSudokuSolver@5bdef8ee
  board={{5,6,7,8,1,3,4,9,2},{1,8,9,2,4,7,3,5,6},{2,3,4,5,6,9,7,8,1},{6,5,8,7,9,1,2,4,3},{3,0,0,0,0,0,0,0,0},{0,0,0,0,0,0,0,0,0},{0,0,0,0,0,0,0,0,0},{0,0,0,0,0,0,0,0,0},{0,0,0,0,0,0,0,0,0}}
]
13:11:39.940 INFO  [main] SudokuBoard - Wartość 0 wstawiona nieprawidłowo
13:11:39.940 INFO  [main] SudokuBoard - Bład w kwadracie 0
sudoku.model.SudokuBoard@5e783f78[
  size=9
  solver=sudoku.model.BacktrackingSudokuSolver@5bdef8ee
  board={{5,6,7,8,1,3,4,9,2},{1,8,9,2,4,7,3,5,6},{2,3,4,5,6,9,7,8,1},{6,5,8,7,9,1,2,4,3},{3,4,1,6,5,8,9,0,0},{0,0,0,0,0,0,0,0,0},{0,0,0,0,0,0,0,0,0},{0,0,0,0,0,0,0,0,0},{0,0,0,0,0,0,0,0,0}}
]
13:11:39.940 INFO  [main] SudokuBoard - Wartość 0 wstawiona nieprawidłowo
13:11:39.940 INFO  [main] SudokuBoard - Bład w kwadracie 0
sudoku.model.SudokuBoard@5e783f78[
  size=9
  solver=sudoku.model.BacktrackingSudokuSolver@5bdef8ee
  board={{5,6,7,8,1,3,4,9,2},{1,8,9,2,4,7,3,5,6},{2,3,4,5,6,9,7,8,1},{6,5,8,7,9,1,2,4,3},{3,4,1,6,5,8,0,0,0},{0,0,0,0,0,0,0,0,0},{0,0,0,0,0,0,0,0,0},{0,0,0,0,0,0,0,0,0},{0,0,0,0,0,0,0,0,0}}
]
13:11:39.940 INFO  [main] SudokuBoard - Wartość 0 wstawiona nieprawidłowo
13:11:39.940 INFO  [main] SudokuBoard - Bład w kwadracie 0
sudoku.model.SudokuBoard@5e783f78[
  size=9
  solver=sudoku.model.BacktrackingSudokuSolver@5bdef8ee
  board={{5,6,7,8,1,3,4,9,2},{1,8,9,2,4,7,3,5,6},{2,3,4,5,6,9,7,8,1},{6,5,8,7,9,1,2,4,3},{3,4,1,6,5,0,0,0,0},{0,0,0,0,0,0,0,0,0},{0,0,0,0,0,0,0,0,0},{0,0,0,0,0,0,0,0,0},{0,0,0,0,0,0,0,0,0}}
]
13:11:39.940 INFO  [main] SudokuBoard - Wartość 0 wstawiona nieprawidłowo
13:11:39.941 INFO  [main] SudokuBoard - Bład w kwadracie 0
sudoku.model.SudokuBoard@5e783f78[
  size=9
  solver=sudoku.model.BacktrackingSudokuSolver@5bdef8ee
  board={{5,6,7,8,1,3,4,9,2},{1,8,9,2,4,7,3,5,6},{2,3,4,5,6,9,7,8,1},{6,5,8,7,9,1,2,4,3},{3,4,1,6,5,2,8,7,9},{7,9,2,3,8,4,1,6,5},{4,7,3,9,2,5,6,1,8},{9,2,5,4,3,0,0,0,0},{0,0,0,0,0,0,0,0,0}}
]
13:11:39.941 INFO  [main] SudokuBoard - Wartość 0 wstawiona nieprawidłowo
13:11:39.941 INFO  [main] SudokuBoard - Bład w kwadracie 0
sudoku.model.SudokuBoard@5e783f78[
  size=9
  solver=sudoku.model.BacktrackingSudokuSolver@5bdef8ee
  board={{5,6,7,8,1,3,4,9,2},{1,8,9,2,4,7,3,5,6},{2,3,4,5,6,9,7,8,1},{6,5,8,7,9,1,2,4,3},{3,4,1,6,5,2,8,7,9},{7,9,2,3,8,4,1,6,5},{4,7,3,9,2,5,6,1,8},{9,2,5,4,3,0,0,0,0},{0,0,0,0,0,0,0,0,0}}
]
13:11:39.941 INFO  [main] SudokuBoard - Wartość 0 wstawiona nieprawidłowo
13:11:39.941 INFO  [main] SudokuBoard - Bład w kwadracie 0
sudoku.model.SudokuBoard@5e783f78[
  size=9
  solver=sudoku.model.BacktrackingSudokuSolver@5bdef8ee
  board={{5,6,7,8,1,3,4,9,2},{1,8,9,2,4,7,3,5,6},{2,3,4,5,6,9,7,8,1},{6,5,8,7,9,1,2,4,3},{3,4,1,6,5,2,8,7,9},{7,9,2,3,8,4,1,6,5},{4,7,3,9,2,5,6,1,8},{9,2,5,4,0,0,0,0,0},{0,0,0,0,0,0,0,0,0}}
]
13:11:39.941 INFO  [main] SudokuBoard - Wartość 0 wstawiona nieprawidłowo
13:11:39.941 INFO  [main] SudokuBoard - Bład w kwadracie 0
sudoku.model.SudokuBoard@5e783f78[
  size=9
  solver=sudoku.model.BacktrackingSudokuSolver@5bdef8ee
  board={{5,6,7,8,1,3,4,9,2},{1,8,9,2,4,7,3,5,6},{2,3,4,5,6,9,7,8,1},{6,5,8,7,9,1,2,4,3},{3,4,1,6,5,2,8,7,9},{7,9,2,3,8,4,1,6,5},{4,7,3,9,2,5,6,1,8},{9,2,5,4,7,0,0,0,0},{0,0,0,0,0,0,0,0,0}}
]
13:11:39.941 INFO  [main] SudokuBoard - Wartość 0 wstawiona nieprawidłowo
13:11:39.942 INFO  [main] SudokuBoard - Bład w kwadracie 0
sudoku.model.SudokuBoard@5e783f78[
  size=9
  solver=sudoku.model.BacktrackingSudokuSolver@5bdef8ee
  board={{5,6,7,8,1,3,4,9,2},{1,8,9,2,4,7,3,5,6},{2,3,4,5,6,9,7,8,1},{6,5,8,7,9,1,2,4,3},{3,4,1,6,5,2,8,7,9},{7,9,2,3,8,4,1,6,5},{4,7,3,9,2,5,6,1,8},{9,2,5,4,7,0,0,0,0},{0,0,0,0,0,0,0,0,0}}
]
13:11:39.942 INFO  [main] SudokuBoard - Wartość 0 wstawiona nieprawidłowo
13:11:39.942 INFO  [main] SudokuBoard - Bład w kwadracie 0
sudoku.model.SudokuBoard@5e783f78[
  size=9
  solver=sudoku.model.BacktrackingSudokuSolver@5bdef8ee
  board={{5,6,7,8,1,3,4,9,2},{1,8,9,2,4,7,3,5,6},{2,3,4,5,6,9,7,8,1},{6,5,8,7,9,1,2,4,3},{3,4,1,6,5,2,8,7,9},{7,9,2,3,8,4,1,6,5},{4,7,3,9,2,5,6,1,8},{9,2,5,4,0,0,0,0,0},{0,0,0,0,0,0,0,0,0}}
]
13:11:39.942 INFO  [main] SudokuBoard - Wartość 0 wstawiona nieprawidłowo
13:11:39.942 INFO  [main] SudokuBoard - Bład w kwadracie 0
sudoku.model.SudokuBoard@5e783f78[
  size=9
  solver=sudoku.model.BacktrackingSudokuSolver@5bdef8ee
  board={{5,6,7,8,1,3,4,9,2},{1,8,9,2,4,7,3,5,6},{2,3,4,5,6,9,7,8,1},{6,5,8,7,9,1,2,4,3},{3,4,1,6,5,2,8,7,9},{7,9,2,3,8,4,1,6,5},{4,7,3,9,2,5,6,1,8},{9,2,5,0,0,0,0,0,0},{0,0,0,0,0,0,0,0,0}}
]
13:11:39.942 INFO  [main] SudokuBoard - Wartość 0 wstawiona nieprawidłowo
13:11:39.942 INFO  [main] SudokuBoard - Bład w kwadracie 0
sudoku.model.SudokuBoard@5e783f78[
  size=9
  solver=sudoku.model.BacktrackingSudokuSolver@5bdef8ee
  board={{5,6,7,8,1,3,4,9,2},{1,8,9,2,4,7,3,5,6},{2,3,4,5,6,9,7,8,1},{6,5,8,7,9,1,2,4,3},{3,4,1,6,5,2,8,7,9},{7,9,2,3,8,4,1,6,5},{4,7,3,9,2,5,6,1,8},{9,2,5,1,7,0,0,0,0},{0,0,0,0,0,0,0,0,0}}
]
13:11:39.942 INFO  [main] SudokuBoard - Wartość 0 wstawiona nieprawidłowo
13:11:39.942 INFO  [main] SudokuBoard - Bład w kwadracie 0
sudoku.model.SudokuBoard@5e783f78[
  size=9
  solver=sudoku.model.BacktrackingSudokuSolver@5bdef8ee
  board={{5,6,7,8,1,3,4,9,2},{1,8,9,2,4,7,3,5,6},{2,3,4,5,6,9,7,8,1},{6,5,8,7,9,1,2,4,3},{3,4,1,6,5,2,8,7,9},{7,9,2,3,8,4,1,6,5},{4,7,3,9,2,5,6,1,8},{9,2,5,1,7,0,0,0,0},{0,0,0,0,0,0,0,0,0}}
]
13:11:39.942 INFO  [main] SudokuBoard - Wartość 0 wstawiona nieprawidłowo
13:11:39.943 INFO  [main] SudokuBoard - Bład w kwadracie 0
sudoku.model.SudokuBoard@5e783f78[
  size=9
  solver=sudoku.model.BacktrackingSudokuSolver@5bdef8ee
  board={{5,6,7,8,1,3,4,9,2},{1,8,9,2,4,7,3,5,6},{2,3,4,5,6,9,7,8,1},{6,5,8,7,9,1,2,4,3},{3,4,1,6,5,2,8,7,9},{7,9,2,3,8,4,1,6,5},{4,7,3,9,2,5,6,1,8},{9,2,5,1,0,0,0,0,0},{0,0,0,0,0,0,0,0,0}}
]
13:11:39.943 INFO  [main] SudokuBoard - Wartość 0 wstawiona nieprawidłowo
13:11:39.943 INFO  [main] SudokuBoard - Bład w kwadracie 0
sudoku.model.SudokuBoard@5e783f78[
  size=9
  solver=sudoku.model.BacktrackingSudokuSolver@5bdef8ee
  board={{5,6,7,8,1,3,4,9,2},{1,8,9,2,4,7,3,5,6},{2,3,4,5,6,9,7,8,1},{6,5,8,7,9,1,2,4,3},{3,4,1,6,5,2,8,7,9},{7,9,2,3,8,4,1,6,5},{4,7,3,9,2,5,6,1,8},{9,2,5,1,3,0,0,0,0},{0,0,0,0,0,0,0,0,0}}
]
13:11:39.943 INFO  [main] SudokuBoard - Wartość 0 wstawiona nieprawidłowo
13:11:39.943 INFO  [main] SudokuBoard - Bład w kwadracie 0
sudoku.model.SudokuBoard@5e783f78[
  size=9
  solver=sudoku.model.BacktrackingSudokuSolver@5bdef8ee
  board={{5,6,7,8,1,3,4,9,2},{1,8,9,2,4,7,3,5,6},{2,3,4,5,6,9,7,8,1},{6,5,8,7,9,1,2,4,3},{3,4,1,6,5,2,8,7,9},{7,9,2,3,8,4,1,6,5},{4,7,3,9,2,5,6,1,8},{9,2,5,1,3,0,0,0,0},{0,0,0,0,0,0,0,0,0}}
]
13:11:39.943 INFO  [main] SudokuBoard - Wartość 0 wstawiona nieprawidłowo
13:11:39.943 INFO  [main] SudokuBoard - Bład w kwadracie 0
sudoku.model.SudokuBoard@5e783f78[
  size=9
  solver=sudoku.model.BacktrackingSudokuSolver@5bdef8ee
  board={{5,6,7,8,1,3,4,9,2},{1,8,9,2,4,7,3,5,6},{2,3,4,5,6,9,7,8,1},{6,5,8,7,9,1,2,4,3},{3,4,1,6,5,2,8,7,9},{7,9,2,3,8,4,1,6,5},{4,7,3,9,2,5,6,1,8},{9,2,5,1,0,0,0,0,0},{0,0,0,0,0,0,0,0,0}}
]
13:11:39.943 INFO  [main] SudokuBoard - Wartość 0 wstawiona nieprawidłowo
13:11:39.943 INFO  [main] SudokuBoard - Bład w kwadracie 0
sudoku.model.SudokuBoard@5e783f78[
  size=9
  solver=sudoku.model.BacktrackingSudokuSolver@5bdef8ee
  board={{5,6,7,8,1,3,4,9,2},{1,8,9,2,4,7,3,5,6},{2,3,4,5,6,9,7,8,1},{6,5,8,7,9,1,2,4,3},{3,4,1,6,5,2,8,7,9},{7,9,2,3,8,4,1,6,5},{4,7,3,9,2,5,6,1,8},{9,2,5,0,0,0,0,0,0},{0,0,0,0,0,0,0,0,0}}
]
13:11:39.944 INFO  [main] SudokuBoard - Wartość 0 wstawiona nieprawidłowo
13:11:39.944 INFO  [main] SudokuBoard - Bład w kwadracie 0
sudoku.model.SudokuBoard@5e783f78[
  size=9
  solver=sudoku.model.BacktrackingSudokuSolver@5bdef8ee
  board={{5,6,7,8,1,3,4,9,2},{1,8,9,2,4,7,3,5,6},{2,3,4,5,6,9,7,8,1},{6,5,8,7,9,1,2,4,3},{3,4,1,6,5,2,8,7,9},{7,9,2,3,8,4,1,6,5},{4,7,3,9,2,5,6,1,8},{9,2,0,0,0,0,0,0,0},{0,0,0,0,0,0,0,0,0}}
]
13:11:39.944 INFO  [main] SudokuBoard - Wartość 0 wstawiona nieprawidłowo
]]></system-out>
  </testcase>
</testsuite>