<?xml version="1.0" encoding="UTF-8"?>
<testsuite xmlns:xsi="http://www.w3.org/2001/XMLSchema-instance" xsi:noNamespaceSchemaLocation="https://maven.apache.org/surefire/maven-surefire-plugin/xsd/surefire-test-report-3.0.xsd" version="3.0" name="sudoku.model.SudokuBoardTest" time="0.248" tests="14" errors="0" skipped="0" failures="0">
  <properties>
    <property name="java.specification.version" value="14"/>
    <property name="sun.cpu.isalist" value="amd64"/>
    <property name="sun.jnu.encoding" value="Cp1250"/>
    <property name="java.class.path" value="E:\studia\Sem-3\Programowanie komponentowe (07 72 3060 19)_pliki\ProjektKompo\an_pn_1145_03\Model\target\test-classes;C:\Users\maldo\.m2\repository\org\junit\jupiter\junit-jupiter-engine\5.6.2\junit-jupiter-engine-5.6.2.jar;C:\Users\maldo\.m2\repository\org\apiguardian\apiguardian-api\1.1.0\apiguardian-api-1.1.0.jar;C:\Users\maldo\.m2\repository\org\junit\platform\junit-platform-engine\1.6.2\junit-platform-engine-1.6.2.jar;C:\Users\maldo\.m2\repository\org\opentest4j\opentest4j\1.2.0\opentest4j-1.2.0.jar;C:\Users\maldo\.m2\repository\org\junit\platform\junit-platform-commons\1.6.2\junit-platform-commons-1.6.2.jar;C:\Users\maldo\.m2\repository\org\junit\jupiter\junit-jupiter-api\5.6.2\junit-jupiter-api-5.6.2.jar;C:\Users\maldo\.m2\repository\ch\qos\logback\logback-classic\1.1.7\logback-classic-1.1.7.jar;C:\Users\maldo\.m2\repository\ch\qos\logback\logback-core\1.1.7\logback-core-1.1.7.jar;C:\Users\maldo\.m2\repository\org\openjfx\javafx-controls\13\javafx-controls-13.jar;C:\Users\maldo\.m2\repository\org\openjfx\javafx-controls\13\javafx-controls-13-win.jar;C:\Users\maldo\.m2\repository\org\openjfx\javafx-graphics\13\javafx-graphics-13.jar;C:\Users\maldo\.m2\repository\org\openjfx\javafx-graphics\13\javafx-graphics-13-win.jar;C:\Users\maldo\.m2\repository\org\openjfx\javafx-base\13\javafx-base-13.jar;C:\Users\maldo\.m2\repository\org\openjfx\javafx-fxml\13\javafx-fxml-13.jar;C:\Users\maldo\.m2\repository\org\openjfx\javafx-fxml\13\javafx-fxml-13-win.jar;"/>
    <property name="java.vm.vendor" value="Oracle Corporation"/>
    <property name="sun.arch.data.model" value="64"/>
    <property name="user.variant" value=""/>
    <property name="java.vendor.url" value="https://java.oracle.com/"/>
    <property name="user.timezone" value="Europe/Warsaw"/>
    <property name="os.name" value="Windows 10"/>
    <property name="java.vm.specification.version" value="14"/>
    <property name="sun.java.launcher" value="SUN_STANDARD"/>
    <property name="user.country" value="PL"/>
    <property name="sun.boot.library.path" value="C:\Program Files\Java\jdk-14.0.2\bin"/>
    <property name="sun.java.command" value="org.apache.maven.surefire.booter.ForkedBooter C:\Users\maldo\AppData\Local\Temp\surefire13162482531846779101 2021-01-22T22-56-24_709-jvmRun1 surefire1245943980335588588tmp surefire_017693488092396896275tmp"/>
    <property name="jdk.debug" value="release"/>
    <property name="surefire.test.class.path" value="E:\studia\Sem-3\Programowanie komponentowe (07 72 3060 19)_pliki\ProjektKompo\an_pn_1145_03\Model\target\test-classes;C:\Users\maldo\.m2\repository\org\junit\jupiter\junit-jupiter-engine\5.6.2\junit-jupiter-engine-5.6.2.jar;C:\Users\maldo\.m2\repository\org\apiguardian\apiguardian-api\1.1.0\apiguardian-api-1.1.0.jar;C:\Users\maldo\.m2\repository\org\junit\platform\junit-platform-engine\1.6.2\junit-platform-engine-1.6.2.jar;C:\Users\maldo\.m2\repository\org\opentest4j\opentest4j\1.2.0\opentest4j-1.2.0.jar;C:\Users\maldo\.m2\repository\org\junit\platform\junit-platform-commons\1.6.2\junit-platform-commons-1.6.2.jar;C:\Users\maldo\.m2\repository\org\junit\jupiter\junit-jupiter-api\5.6.2\junit-jupiter-api-5.6.2.jar;C:\Users\maldo\.m2\repository\ch\qos\logback\logback-classic\1.1.7\logback-classic-1.1.7.jar;C:\Users\maldo\.m2\repository\ch\qos\logback\logback-core\1.1.7\logback-core-1.1.7.jar;C:\Users\maldo\.m2\repository\org\openjfx\javafx-controls\13\javafx-controls-13.jar;C:\Users\maldo\.m2\repository\org\openjfx\javafx-controls\13\javafx-controls-13-win.jar;C:\Users\maldo\.m2\repository\org\openjfx\javafx-graphics\13\javafx-graphics-13.jar;C:\Users\maldo\.m2\repository\org\openjfx\javafx-graphics\13\javafx-graphics-13-win.jar;C:\Users\maldo\.m2\repository\org\openjfx\javafx-base\13\javafx-base-13.jar;C:\Users\maldo\.m2\repository\org\openjfx\javafx-fxml\13\javafx-fxml-13.jar;C:\Users\maldo\.m2\repository\org\openjfx\javafx-fxml\13\javafx-fxml-13-win.jar;"/>
    <property name="sun.cpu.endian" value="little"/>
    <property name="user.home" value="C:\Users\maldo"/>
    <property name="user.language" value="pl"/>
    <property name="java.specification.vendor" value="Oracle Corporation"/>
    <property name="jdk.module.path" value="E:\studia\Sem-3\Programowanie komponentowe (07 72 3060 19)_pliki\ProjektKompo\an_pn_1145_03\Model\target\classes;C:\Users\maldo\.m2\repository\org\apache\commons\commons-lang3\3.11\commons-lang3-3.11.jar;C:\Users\maldo\.m2\repository\org\slf4j\slf4j-api\1.7.30\slf4j-api-1.7.30.jar;C:\Users\maldo\.m2\repository\org\openjfx\javafx-base\13\javafx-base-13-win.jar"/>
    <property name="java.version.date" value="2020-07-14"/>
    <property name="java.home" value="C:\Program Files\Java\jdk-14.0.2"/>
    <property name="file.separator" value="\"/>
    <property name="basedir" value="E:\studia\Sem-3\Programowanie komponentowe (07 72 3060 19)_pliki\ProjektKompo\an_pn_1145_03\Model"/>
    <property name="java.vm.compressedOopsMode" value="Zero based"/>
    <property name="line.separator" value="&#10;"/>
    <property name="java.vm.specification.vendor" value="Oracle Corporation"/>
    <property name="java.specification.name" value="Java Platform API Specification"/>
    <property name="surefire.real.class.path" value="C:\Users\maldo\.m2\repository\org\apache\maven\surefire\surefire-booter\3.0.0-M5\surefire-booter-3.0.0-M5.jar;C:\Users\maldo\.m2\repository\org\apache\maven\surefire\surefire-api\3.0.0-M5\surefire-api-3.0.0-M5.jar;C:\Users\maldo\.m2\repository\org\apache\maven\surefire\surefire-logger-api\3.0.0-M5\surefire-logger-api-3.0.0-M5.jar;C:\Users\maldo\.m2\repository\org\apache\maven\surefire\surefire-shared-utils\3.0.0-M4\surefire-shared-utils-3.0.0-M4.jar;C:\Users\maldo\.m2\repository\org\apache\maven\surefire\surefire-extensions-spi\3.0.0-M5\surefire-extensions-spi-3.0.0-M5.jar;E:\studia\Sem-3\Programowanie komponentowe (07 72 3060 19)_pliki\ProjektKompo\an_pn_1145_03\Model\target\test-classes;C:\Users\maldo\.m2\repository\org\junit\jupiter\junit-jupiter-engine\5.6.2\junit-jupiter-engine-5.6.2.jar;C:\Users\maldo\.m2\repository\org\apiguardian\apiguardian-api\1.1.0\apiguardian-api-1.1.0.jar;C:\Users\maldo\.m2\repository\org\junit\platform\junit-platform-engine\1.6.2\junit-platform-engine-1.6.2.jar;C:\Users\maldo\.m2\repository\org\opentest4j\opentest4j\1.2.0\opentest4j-1.2.0.jar;C:\Users\maldo\.m2\repository\org\junit\platform\junit-platform-commons\1.6.2\junit-platform-commons-1.6.2.jar;C:\Users\maldo\.m2\repository\org\junit\jupiter\junit-jupiter-api\5.6.2\junit-jupiter-api-5.6.2.jar;C:\Users\maldo\.m2\repository\ch\qos\logback\logback-classic\1.1.7\logback-classic-1.1.7.jar;C:\Users\maldo\.m2\repository\ch\qos\logback\logback-core\1.1.7\logback-core-1.1.7.jar;C:\Users\maldo\.m2\repository\org\openjfx\javafx-controls\13\javafx-controls-13.jar;C:\Users\maldo\.m2\repository\org\openjfx\javafx-controls\13\javafx-controls-13-win.jar;C:\Users\maldo\.m2\repository\org\openjfx\javafx-graphics\13\javafx-graphics-13.jar;C:\Users\maldo\.m2\repository\org\openjfx\javafx-graphics\13\javafx-graphics-13-win.jar;C:\Users\maldo\.m2\repository\org\openjfx\javafx-base\13\javafx-base-13.jar;C:\Users\maldo\.m2\repository\org\openjfx\javafx-fxml\13\javafx-fxml-13.jar;C:\Users\maldo\.m2\repository\org\openjfx\javafx-fxml\13\javafx-fxml-13-win.jar;C:\Users\maldo\.m2\repository\org\apache\maven\surefire\surefire-junit-platform\3.0.0-M5\surefire-junit-platform-3.0.0-M5.jar;C:\Users\maldo\.m2\repository\org\apache\maven\surefire\common-java5\3.0.0-M5\common-java5-3.0.0-M5.jar;C:\Users\maldo\.m2\repository\org\junit\platform\junit-platform-launcher\1.6.2\junit-platform-launcher-1.6.2.jar"/>
    <property name="user.script" value=""/>
    <property name="sun.management.compiler" value="HotSpot 64-Bit Tiered Compilers"/>
    <property name="java.runtime.version" value="14.0.2+12-46"/>
    <property name="user.name" value="maldo"/>
    <property name="path.separator" value=";"/>
    <property name="os.version" value="10.0"/>
    <property name="java.runtime.name" value="Java(TM) SE Runtime Environment"/>
    <property name="file.encoding" value="Cp1250"/>
    <property name="java.vm.name" value="Java HotSpot(TM) 64-Bit Server VM"/>
    <property name="localRepository" value="C:\Users\maldo\.m2\repository"/>
    <property name="java.vendor.url.bug" value="https://bugreport.java.com/bugreport/"/>
    <property name="java.io.tmpdir" value="C:\Users\maldo\AppData\Local\Temp\"/>
    <property name="idea.version" value="2020.2.3"/>
    <property name="java.version" value="14.0.2"/>
    <property name="user.dir" value="E:\studia\Sem-3\Programowanie komponentowe (07 72 3060 19)_pliki\ProjektKompo\an_pn_1145_03\Model"/>
    <property name="os.arch" value="amd64"/>
    <property name="java.vm.specification.name" value="Java Virtual Machine Specification"/>
    <property name="sun.os.patch.level" value=""/>
    <property name="java.library.path" value="C:\Program Files\Java\jdk-14.0.2\bin;C:\WINDOWS\Sun\Java\bin;C:\WINDOWS\system32;C:\WINDOWS;C:\Program Files (x86)\Razer Chroma SDK\bin;C:\Program Files\Razer Chroma SDK\bin;C:\Python\Scripts\;C:\Python\;C:\Program Files (x86)\Intel\iCLS Client\;C:\Program Files\Intel\iCLS Client\;C:\Windows\system32;C:\Windows;C:\Windows\System32\Wbem;C:\Windows\System32\WindowsPowerShell\v1.0\;C:\Windows\System32\OpenSSH\;C:\Program Files (x86)\NVIDIA Corporation\PhysX\Common;C:\Program Files (x86)\Intel\Intel(R) Management Engine Components\DAL;C:\Program Files\Intel\Intel(R) Management Engine Components\DAL;C:\Program Files (x86)\Intel\Intel(R) Management Engine Components\IPT;C:\Program Files\Intel\Intel(R) Management Engine Components\IPT;C:\Program Files\Intel\WiFi\bin\;C:\Program Files\Common Files\Intel\WirelessCommon\;C:\Program Files (x86)\Windows Kits\8.1\Windows Performance Toolkit\;C:\Users\maldo\AppData\Local\Microsoft\WindowsApps;C:\Program Files\NVIDIA Corporation\NVIDIA NvDLISR;C:\Program Files (x86)\MKVToolNix;C:\WINDOWS\system32;C:\WINDOWS;C:\WINDOWS\System32\Wbem;C:\WINDOWS\System32\WindowsPowerShell\v1.0\;C:\WINDOWS\System32\OpenSSH\;E:\studia\Sem-3\Programowanie komponentowe (07 72 3060 19)_pliki\apache-maven-3.6.3\bin;C:\msys64\usr\bin;C:\Program Files\Java\jdk-14.0.2\bin;C:\Program Files (x86)\Calibre2\;C:\Users\maldo\AppData\Local\Microsoft\WindowsApps;C:\Program Files\Intel\WiFi\bin\;C:\Program Files\Common Files\Intel\WirelessCommon\;C:\Program Files\JetBrains\CLion 2019.3.3\bin;;C:\Users\maldo\AppData\Local\Programs\Microsoft VS Code\bin;C:\Users\maldo\AppData\Local\GitHubDesktop\bin;."/>
    <property name="java.vm.info" value="mixed mode"/>
    <property name="java.vendor" value="Oracle Corporation"/>
    <property name="java.vm.version" value="14.0.2+12-46"/>
    <property name="sun.io.unicode.encoding" value="UnicodeLittle"/>
    <property name="java.class.version" value="58.0"/>
  </properties>
  <testcase name="ShowBoardTest" classname="sudoku.model.SudokuBoardTest" time="0.001"/>
  <testcase name="testEqualsWrongObject" classname="sudoku.model.SudokuBoardTest" time="0.001"/>
  <testcase name="testToString" classname="sudoku.model.SudokuBoardTest" time="0.046">
    <system-out><![CDATA[22:56:29.045 [main] INFO  sudoku.model.SudokuBoard - Bład w kwadracie 0
sudoku.model.SudokuBoard@4b4814d0[
  size=9
  solver=sudoku.model.BacktrackingSudokuSolver@4ae8fb2a
  board={{1,6,4,2,3,5,8,7,9},{8,7,3,4,9,6,1,2,5},{2,5,9,7,1,8,6,3,4},{6,1,7,3,4,9,2,0,0},{0,0,0,0,0,0,0,0,0},{0,0,0,0,0,0,0,0,0},{0,0,0,0,0,0,0,0,0},{0,0,0,0,0,0,0,0,0},{0,0,0,0,0,0,0,0,0}}
]
22:56:29.045 [main] INFO  sudoku.model.SudokuBoard - Wartość 0 wstawiona nieprawidłowo
22:56:29.045 [main] INFO  sudoku.model.SudokuBoard - Bład w kwadracie 0
sudoku.model.SudokuBoard@4b4814d0[
  size=9
  solver=sudoku.model.BacktrackingSudokuSolver@4ae8fb2a
  board={{1,6,4,2,3,5,8,7,9},{8,7,3,4,9,6,1,2,5},{2,5,9,7,1,8,6,3,4},{6,1,7,3,4,9,2,5,8},{3,4,5,6,2,1,7,0,0},{0,0,0,0,0,0,0,0,0},{0,0,0,0,0,0,0,0,0},{0,0,0,0,0,0,0,0,0},{0,0,0,0,0,0,0,0,0}}
]
22:56:29.045 [main] INFO  sudoku.model.SudokuBoard - Wartość 0 wstawiona nieprawidłowo
22:56:29.046 [main] INFO  sudoku.model.SudokuBoard - Bład w kwadracie 0
sudoku.model.SudokuBoard@4b4814d0[
  size=9
  solver=sudoku.model.BacktrackingSudokuSolver@4ae8fb2a
  board={{1,6,4,2,3,5,8,7,9},{8,7,3,4,9,6,1,2,5},{2,5,9,7,1,8,6,3,4},{6,1,7,3,4,9,2,5,8},{3,4,5,6,2,1,0,0,0},{0,0,0,0,0,0,0,0,0},{0,0,0,0,0,0,0,0,0},{0,0,0,0,0,0,0,0,0},{0,0,0,0,0,0,0,0,0}}
]
22:56:29.046 [main] INFO  sudoku.model.SudokuBoard - Wartość 0 wstawiona nieprawidłowo
22:56:29.046 [main] INFO  sudoku.model.SudokuBoard - Bład w kwadracie 0
sudoku.model.SudokuBoard@4b4814d0[
  size=9
  solver=sudoku.model.BacktrackingSudokuSolver@4ae8fb2a
  board={{1,6,4,2,3,5,8,7,9},{8,7,3,4,9,6,1,2,5},{2,5,9,7,1,8,6,3,4},{6,1,7,3,4,9,2,5,8},{3,4,5,6,2,1,0,0,0},{0,0,0,0,0,0,0,0,0},{0,0,0,0,0,0,0,0,0},{0,0,0,0,0,0,0,0,0},{0,0,0,0,0,0,0,0,0}}
]
22:56:29.046 [main] INFO  sudoku.model.SudokuBoard - Wartość 0 wstawiona nieprawidłowo
22:56:29.046 [main] INFO  sudoku.model.SudokuBoard - Bład w kwadracie 0
sudoku.model.SudokuBoard@4b4814d0[
  size=9
  solver=sudoku.model.BacktrackingSudokuSolver@4ae8fb2a
  board={{1,6,4,2,3,5,8,7,9},{8,7,3,4,9,6,1,2,5},{2,5,9,7,1,8,6,3,4},{6,1,7,3,4,9,2,5,8},{3,4,5,6,2,0,0,0,0},{0,0,0,0,0,0,0,0,0},{0,0,0,0,0,0,0,0,0},{0,0,0,0,0,0,0,0,0},{0,0,0,0,0,0,0,0,0}}
]
22:56:29.046 [main] INFO  sudoku.model.SudokuBoard - Wartość 0 wstawiona nieprawidłowo
22:56:29.046 [main] INFO  sudoku.model.SudokuBoard - Bład w kwadracie 0
sudoku.model.SudokuBoard@4b4814d0[
  size=9
  solver=sudoku.model.BacktrackingSudokuSolver@4ae8fb2a
  board={{1,6,4,2,3,5,8,7,9},{8,7,3,4,9,6,1,2,5},{2,5,9,7,1,8,6,3,4},{6,1,7,3,4,9,2,5,8},{3,4,5,6,2,7,9,0,0},{0,0,0,0,0,0,0,0,0},{0,0,0,0,0,0,0,0,0},{0,0,0,0,0,0,0,0,0},{0,0,0,0,0,0,0,0,0}}
]
22:56:29.047 [main] INFO  sudoku.model.SudokuBoard - Wartość 0 wstawiona nieprawidłowo
22:56:29.074 [main] INFO  sudoku.model.SudokuBoard - Bład w kwadracie 0
sudoku.model.SudokuBoard@4b4814d0[
  size=9
  solver=sudoku.model.BacktrackingSudokuSolver@4ae8fb2a
  board={{1,6,4,2,3,5,8,7,9},{8,7,3,4,9,6,1,2,5},{2,5,9,7,1,8,6,3,4},{6,1,7,3,4,9,2,5,8},{3,4,5,6,2,7,0,0,0},{0,0,0,0,0,0,0,0,0},{0,0,0,0,0,0,0,0,0},{0,0,0,0,0,0,0,0,0},{0,0,0,0,0,0,0,0,0}}
]
22:56:29.075 [main] INFO  sudoku.model.SudokuBoard - Wartość 0 wstawiona nieprawidłowo
22:56:29.075 [main] INFO  sudoku.model.SudokuBoard - Bład w kwadracie 0
sudoku.model.SudokuBoard@4b4814d0[
  size=9
  solver=sudoku.model.BacktrackingSudokuSolver@4ae8fb2a
  board={{1,6,4,2,3,5,8,7,9},{8,7,3,4,9,6,1,2,5},{2,5,9,7,1,8,6,3,4},{6,1,7,3,4,9,2,5,8},{3,4,5,6,2,0,0,0,0},{0,0,0,0,0,0,0,0,0},{0,0,0,0,0,0,0,0,0},{0,0,0,0,0,0,0,0,0},{0,0,0,0,0,0,0,0,0}}
]
22:56:29.075 [main] INFO  sudoku.model.SudokuBoard - Wartość 0 wstawiona nieprawidłowo
22:56:29.075 [main] INFO  sudoku.model.SudokuBoard - Bład w kwadracie 0
sudoku.model.SudokuBoard@4b4814d0[
  size=9
  solver=sudoku.model.BacktrackingSudokuSolver@4ae8fb2a
  board={{1,6,4,2,3,5,8,7,9},{8,7,3,4,9,6,1,2,5},{2,5,9,7,1,8,6,3,4},{6,1,7,3,4,9,2,5,8},{3,4,5,6,0,0,0,0,0},{0,0,0,0,0,0,0,0,0},{0,0,0,0,0,0,0,0,0},{0,0,0,0,0,0,0,0,0},{0,0,0,0,0,0,0,0,0}}
]
22:56:29.075 [main] INFO  sudoku.model.SudokuBoard - Wartość 0 wstawiona nieprawidłowo
22:56:29.075 [main] INFO  sudoku.model.SudokuBoard - Bład w kwadracie 0
sudoku.model.SudokuBoard@4b4814d0[
  size=9
  solver=sudoku.model.BacktrackingSudokuSolver@4ae8fb2a
  board={{1,6,4,2,3,5,8,7,9},{8,7,3,4,9,6,1,2,5},{2,5,9,7,1,8,6,3,4},{6,1,7,3,4,9,2,5,8},{3,4,5,6,7,1,0,0,0},{0,0,0,0,0,0,0,0,0},{0,0,0,0,0,0,0,0,0},{0,0,0,0,0,0,0,0,0},{0,0,0,0,0,0,0,0,0}}
]
22:56:29.075 [main] INFO  sudoku.model.SudokuBoard - Wartość 0 wstawiona nieprawidłowo
22:56:29.076 [main] INFO  sudoku.model.SudokuBoard - Bład w kwadracie 0
sudoku.model.SudokuBoard@4b4814d0[
  size=9
  solver=sudoku.model.BacktrackingSudokuSolver@4ae8fb2a
  board={{1,6,4,2,3,5,8,7,9},{8,7,3,4,9,6,1,2,5},{2,5,9,7,1,8,6,3,4},{6,1,7,3,4,9,2,5,8},{3,4,5,6,7,0,0,0,0},{0,0,0,0,0,0,0,0,0},{0,0,0,0,0,0,0,0,0},{0,0,0,0,0,0,0,0,0},{0,0,0,0,0,0,0,0,0}}
]
22:56:29.076 [main] INFO  sudoku.model.SudokuBoard - Wartość 0 wstawiona nieprawidłowo
22:56:29.076 [main] INFO  sudoku.model.SudokuBoard - Bład w kwadracie 0
sudoku.model.SudokuBoard@4b4814d0[
  size=9
  solver=sudoku.model.BacktrackingSudokuSolver@4ae8fb2a
  board={{1,6,4,2,3,5,8,7,9},{8,7,3,4,9,6,1,2,5},{2,5,9,7,1,8,6,3,4},{6,1,7,3,4,9,2,5,8},{3,4,5,6,7,2,9,0,0},{0,0,0,0,0,0,0,0,0},{0,0,0,0,0,0,0,0,0},{0,0,0,0,0,0,0,0,0},{0,0,0,0,0,0,0,0,0}}
]
22:56:29.076 [main] INFO  sudoku.model.SudokuBoard - Wartość 0 wstawiona nieprawidłowo
22:56:29.076 [main] INFO  sudoku.model.SudokuBoard - Bład w kwadracie 0
sudoku.model.SudokuBoard@4b4814d0[
  size=9
  solver=sudoku.model.BacktrackingSudokuSolver@4ae8fb2a
  board={{1,6,4,2,3,5,8,7,9},{8,7,3,4,9,6,1,2,5},{2,5,9,7,1,8,6,3,4},{6,1,7,3,4,9,2,5,8},{3,4,5,6,7,2,0,0,0},{0,0,0,0,0,0,0,0,0},{0,0,0,0,0,0,0,0,0},{0,0,0,0,0,0,0,0,0},{0,0,0,0,0,0,0,0,0}}
]
22:56:29.076 [main] INFO  sudoku.model.SudokuBoard - Wartość 0 wstawiona nieprawidłowo
22:56:29.076 [main] INFO  sudoku.model.SudokuBoard - Bład w kwadracie 0
sudoku.model.SudokuBoard@4b4814d0[
  size=9
  solver=sudoku.model.BacktrackingSudokuSolver@4ae8fb2a
  board={{1,6,4,2,3,5,8,7,9},{8,7,3,4,9,6,1,2,5},{2,5,9,7,1,8,6,3,4},{6,1,7,3,4,9,2,5,8},{3,4,5,6,7,0,0,0,0},{0,0,0,0,0,0,0,0,0},{0,0,0,0,0,0,0,0,0},{0,0,0,0,0,0,0,0,0},{0,0,0,0,0,0,0,0,0}}
]
22:56:29.076 [main] INFO  sudoku.model.SudokuBoard - Wartość 0 wstawiona nieprawidłowo
22:56:29.076 [main] INFO  sudoku.model.SudokuBoard - Bład w kwadracie 0
sudoku.model.SudokuBoard@4b4814d0[
  size=9
  solver=sudoku.model.BacktrackingSudokuSolver@4ae8fb2a
  board={{1,6,4,2,3,5,8,7,9},{8,7,3,4,9,6,1,2,5},{2,5,9,7,1,8,6,3,4},{6,1,7,3,4,9,2,5,8},{3,4,5,6,0,0,0,0,0},{0,0,0,0,0,0,0,0,0},{0,0,0,0,0,0,0,0,0},{0,0,0,0,0,0,0,0,0},{0,0,0,0,0,0,0,0,0}}
]
22:56:29.076 [main] INFO  sudoku.model.SudokuBoard - Wartość 0 wstawiona nieprawidłowo
22:56:29.077 [main] INFO  sudoku.model.SudokuBoard - Bład w kwadracie 0
sudoku.model.SudokuBoard@4b4814d0[
  size=9
  solver=sudoku.model.BacktrackingSudokuSolver@4ae8fb2a
  board={{1,6,4,2,3,5,8,7,9},{8,7,3,4,9,6,1,2,5},{2,5,9,7,1,8,6,3,4},{6,1,7,3,4,9,2,5,8},{3,4,5,6,8,7,9,0,0},{0,0,0,0,0,0,0,0,0},{0,0,0,0,0,0,0,0,0},{0,0,0,0,0,0,0,0,0},{0,0,0,0,0,0,0,0,0}}
]
22:56:29.077 [main] INFO  sudoku.model.SudokuBoard - Wartość 0 wstawiona nieprawidłowo
22:56:29.077 [main] INFO  sudoku.model.SudokuBoard - Bład w kwadracie 0
sudoku.model.SudokuBoard@4b4814d0[
  size=9
  solver=sudoku.model.BacktrackingSudokuSolver@4ae8fb2a
  board={{1,6,4,2,3,5,8,7,9},{8,7,3,4,9,6,1,2,5},{2,5,9,7,1,8,6,3,4},{6,1,7,3,4,9,2,5,8},{3,4,5,6,8,7,0,0,0},{0,0,0,0,0,0,0,0,0},{0,0,0,0,0,0,0,0,0},{0,0,0,0,0,0,0,0,0},{0,0,0,0,0,0,0,0,0}}
]
22:56:29.077 [main] INFO  sudoku.model.SudokuBoard - Wartość 0 wstawiona nieprawidłowo
22:56:29.077 [main] INFO  sudoku.model.SudokuBoard - Bład w kwadracie 0
sudoku.model.SudokuBoard@4b4814d0[
  size=9
  solver=sudoku.model.BacktrackingSudokuSolver@4ae8fb2a
  board={{1,6,4,2,3,5,8,7,9},{8,7,3,4,9,6,1,2,5},{2,5,9,7,1,8,6,3,4},{6,1,7,3,4,9,2,5,8},{3,4,5,6,8,0,0,0,0},{0,0,0,0,0,0,0,0,0},{0,0,0,0,0,0,0,0,0},{0,0,0,0,0,0,0,0,0},{0,0,0,0,0,0,0,0,0}}
]
22:56:29.077 [main] INFO  sudoku.model.SudokuBoard - Wartość 0 wstawiona nieprawidłowo
22:56:29.077 [main] INFO  sudoku.model.SudokuBoard - Bład w kwadracie 0
sudoku.model.SudokuBoard@4b4814d0[
  size=9
  solver=sudoku.model.BacktrackingSudokuSolver@4ae8fb2a
  board={{1,6,4,2,3,5,8,7,9},{8,7,3,4,9,6,1,2,5},{2,5,9,7,1,8,6,3,4},{6,1,7,3,4,9,2,5,8},{3,4,5,6,8,1,7,0,0},{0,0,0,0,0,0,0,0,0},{0,0,0,0,0,0,0,0,0},{0,0,0,0,0,0,0,0,0},{0,0,0,0,0,0,0,0,0}}
]
22:56:29.078 [main] INFO  sudoku.model.SudokuBoard - Wartość 0 wstawiona nieprawidłowo
22:56:29.078 [main] INFO  sudoku.model.SudokuBoard - Bład w kwadracie 0
sudoku.model.SudokuBoard@4b4814d0[
  size=9
  solver=sudoku.model.BacktrackingSudokuSolver@4ae8fb2a
  board={{1,6,4,2,3,5,8,7,9},{8,7,3,4,9,6,1,2,5},{2,5,9,7,1,8,6,3,4},{6,1,7,3,4,9,2,5,8},{3,4,5,6,8,1,0,0,0},{0,0,0,0,0,0,0,0,0},{0,0,0,0,0,0,0,0,0},{0,0,0,0,0,0,0,0,0},{0,0,0,0,0,0,0,0,0}}
]
22:56:29.078 [main] INFO  sudoku.model.SudokuBoard - Wartość 0 wstawiona nieprawidłowo
22:56:29.079 [main] INFO  sudoku.model.SudokuBoard - Bład w kwadracie 0
sudoku.model.SudokuBoard@4b4814d0[
  size=9
  solver=sudoku.model.BacktrackingSudokuSolver@4ae8fb2a
  board={{1,6,4,2,3,5,8,7,9},{8,7,3,4,9,6,1,2,5},{2,5,9,7,1,8,6,3,4},{6,1,7,3,4,9,2,5,8},{3,4,5,6,8,1,0,0,0},{0,0,0,0,0,0,0,0,0},{0,0,0,0,0,0,0,0,0},{0,0,0,0,0,0,0,0,0},{0,0,0,0,0,0,0,0,0}}
]
22:56:29.079 [main] INFO  sudoku.model.SudokuBoard - Wartość 0 wstawiona nieprawidłowo
22:56:29.079 [main] INFO  sudoku.model.SudokuBoard - Bład w kwadracie 0
sudoku.model.SudokuBoard@4b4814d0[
  size=9
  solver=sudoku.model.BacktrackingSudokuSolver@4ae8fb2a
  board={{1,6,4,2,3,5,8,7,9},{8,7,3,4,9,6,1,2,5},{2,5,9,7,1,8,6,3,4},{6,1,7,3,4,9,2,5,8},{3,4,5,6,8,0,0,0,0},{0,0,0,0,0,0,0,0,0},{0,0,0,0,0,0,0,0,0},{0,0,0,0,0,0,0,0,0},{0,0,0,0,0,0,0,0,0}}
]
22:56:29.079 [main] INFO  sudoku.model.SudokuBoard - Wartość 0 wstawiona nieprawidłowo
22:56:29.079 [main] INFO  sudoku.model.SudokuBoard - Bład w kwadracie 0
sudoku.model.SudokuBoard@4b4814d0[
  size=9
  solver=sudoku.model.BacktrackingSudokuSolver@4ae8fb2a
  board={{1,6,4,2,3,5,8,7,9},{8,7,3,4,9,6,1,2,5},{2,5,9,7,1,8,6,3,4},{6,1,7,3,4,9,2,5,8},{3,4,5,6,8,2,9,1,7},{9,2,8,1,5,7,3,0,0},{0,0,0,0,0,0,0,0,0},{0,0,0,0,0,0,0,0,0},{0,0,0,0,0,0,0,0,0}}
]
22:56:29.079 [main] INFO  sudoku.model.SudokuBoard - Wartość 0 wstawiona nieprawidłowo
22:56:29.080 [main] INFO  sudoku.model.SudokuBoard - Bład w kwadracie 0
sudoku.model.SudokuBoard@4b4814d0[
  size=9
  solver=sudoku.model.BacktrackingSudokuSolver@4ae8fb2a
  board={{1,6,4,2,3,5,8,7,9},{8,7,3,4,9,6,1,2,5},{2,5,9,7,1,8,6,3,4},{6,1,7,3,4,9,2,5,8},{3,4,5,6,8,2,9,1,7},{9,2,8,1,5,7,3,4,6},{4,8,1,5,6,3,7,9,2},{5,3,2,8,7,0,0,0,0},{0,0,0,0,0,0,0,0,0}}
]
22:56:29.081 [main] INFO  sudoku.model.SudokuBoard - Wartość 0 wstawiona nieprawidłowo
22:56:29.081 [main] INFO  sudoku.model.SudokuBoard - Bład w kwadracie 0
sudoku.model.SudokuBoard@4b4814d0[
  size=9
  solver=sudoku.model.BacktrackingSudokuSolver@4ae8fb2a
  board={{1,6,4,2,3,5,8,7,9},{8,7,3,4,9,6,1,2,5},{2,5,9,7,1,8,6,3,4},{6,1,7,3,4,9,2,5,8},{3,4,5,6,8,2,9,1,7},{9,2,8,1,5,7,3,4,6},{4,8,1,5,6,3,7,9,2},{5,3,2,8,7,1,4,0,0},{0,0,0,0,0,0,0,0,0}}
]
22:56:29.081 [main] INFO  sudoku.model.SudokuBoard - Wartość 0 wstawiona nieprawidłowo
22:56:29.081 [main] INFO  sudoku.model.SudokuBoard - Bład w kwadracie 0
sudoku.model.SudokuBoard@4b4814d0[
  size=9
  solver=sudoku.model.BacktrackingSudokuSolver@4ae8fb2a
  board={{1,6,4,2,3,5,8,7,9},{8,7,3,4,9,6,1,2,5},{2,5,9,7,1,8,6,3,4},{6,1,7,3,4,9,2,5,8},{3,4,5,6,8,2,9,1,7},{9,2,8,1,5,7,3,4,6},{4,8,1,5,6,3,7,9,2},{5,3,2,8,7,1,0,0,0},{0,0,0,0,0,0,0,0,0}}
]
22:56:29.081 [main] INFO  sudoku.model.SudokuBoard - Wartość 0 wstawiona nieprawidłowo
22:56:29.082 [main] INFO  sudoku.model.SudokuBoard - Bład w kwadracie 0
sudoku.model.SudokuBoard@4b4814d0[
  size=9
  solver=sudoku.model.BacktrackingSudokuSolver@4ae8fb2a
  board={{1,6,4,2,3,5,8,7,9},{8,7,3,4,9,6,1,2,5},{2,5,9,7,1,8,6,3,4},{6,1,7,3,4,9,2,5,8},{3,4,5,6,8,2,9,1,7},{9,2,8,1,5,7,3,4,6},{4,8,1,5,6,3,7,9,2},{5,3,2,8,7,0,0,0,0},{0,0,0,0,0,0,0,0,0}}
]
22:56:29.082 [main] INFO  sudoku.model.SudokuBoard - Wartość 0 wstawiona nieprawidłowo
22:56:29.082 [main] INFO  sudoku.model.SudokuBoard - Bład w kwadracie 0
sudoku.model.SudokuBoard@4b4814d0[
  size=9
  solver=sudoku.model.BacktrackingSudokuSolver@4ae8fb2a
  board={{1,6,4,2,3,5,8,7,9},{8,7,3,4,9,6,1,2,5},{2,5,9,7,1,8,6,3,4},{6,1,7,3,4,9,2,5,8},{3,4,5,6,8,2,9,1,7},{9,2,8,1,5,7,3,4,6},{4,8,1,5,6,3,7,9,2},{5,3,2,8,0,0,0,0,0},{0,0,0,0,0,0,0,0,0}}
]
22:56:29.082 [main] INFO  sudoku.model.SudokuBoard - Wartość 0 wstawiona nieprawidłowo
22:56:29.082 [main] INFO  sudoku.model.SudokuBoard - Bład w kwadracie 0
sudoku.model.SudokuBoard@4b4814d0[
  size=9
  solver=sudoku.model.BacktrackingSudokuSolver@4ae8fb2a
  board={{1,6,4,2,3,5,8,7,9},{8,7,3,4,9,6,1,2,5},{2,5,9,7,1,8,6,3,4},{6,1,7,3,4,9,2,5,8},{3,4,5,6,8,2,9,1,7},{9,2,8,1,5,7,3,4,6},{4,8,1,5,6,3,7,9,2},{5,3,2,0,0,0,0,0,0},{0,0,0,0,0,0,0,0,0}}
]
22:56:29.082 [main] INFO  sudoku.model.SudokuBoard - Wartość 0 wstawiona nieprawidłowo
22:56:29.082 [main] INFO  sudoku.model.SudokuBoard - Bład w kwadracie 0
sudoku.model.SudokuBoard@4b4814d0[
  size=9
  solver=sudoku.model.BacktrackingSudokuSolver@4ae8fb2a
  board={{1,6,4,2,3,5,8,7,9},{8,7,3,4,9,6,1,2,5},{2,5,9,7,1,8,6,3,4},{6,1,7,3,4,9,2,5,8},{3,4,5,6,8,2,9,1,7},{9,2,8,1,5,7,3,4,6},{4,8,1,5,6,3,7,9,2},{5,3,2,9,7,0,0,0,0},{0,0,0,0,0,0,0,0,0}}
]
22:56:29.082 [main] INFO  sudoku.model.SudokuBoard - Wartość 0 wstawiona nieprawidłowo
22:56:29.083 [main] INFO  sudoku.model.SudokuBoard - Bład w kwadracie 0
sudoku.model.SudokuBoard@4b4814d0[
  size=9
  solver=sudoku.model.BacktrackingSudokuSolver@4ae8fb2a
  board={{1,6,4,2,3,5,8,7,9},{8,7,3,4,9,6,1,2,5},{2,5,9,7,1,8,6,3,4},{6,1,7,3,4,9,2,5,8},{3,4,5,6,8,2,9,1,7},{9,2,8,1,5,7,3,4,6},{4,8,1,5,6,3,7,9,2},{5,3,2,9,7,1,4,0,0},{0,0,0,0,0,0,0,0,0}}
]
22:56:29.083 [main] INFO  sudoku.model.SudokuBoard - Wartość 0 wstawiona nieprawidłowo
22:56:29.083 [main] INFO  sudoku.model.SudokuBoard - Bład w kwadracie 0
sudoku.model.SudokuBoard@4b4814d0[
  size=9
  solver=sudoku.model.BacktrackingSudokuSolver@4ae8fb2a
  board={{1,6,4,2,3,5,8,7,9},{8,7,3,4,9,6,1,2,5},{2,5,9,7,1,8,6,3,4},{6,1,7,3,4,9,2,5,8},{3,4,5,6,8,2,9,1,7},{9,2,8,1,5,7,3,4,6},{4,8,1,5,6,3,7,9,2},{5,3,2,9,7,1,4,0,0},{0,0,0,0,0,0,0,0,0}}
]
22:56:29.083 [main] INFO  sudoku.model.SudokuBoard - Wartość 0 wstawiona nieprawidłowo
22:56:29.083 [main] INFO  sudoku.model.SudokuBoard - Bład w kwadracie 0
sudoku.model.SudokuBoard@4b4814d0[
  size=9
  solver=sudoku.model.BacktrackingSudokuSolver@4ae8fb2a
  board={{1,6,4,2,3,5,8,7,9},{8,7,3,4,9,6,1,2,5},{2,5,9,7,1,8,6,3,4},{6,1,7,3,4,9,2,5,8},{3,4,5,6,8,2,9,1,7},{9,2,8,1,5,7,3,4,6},{4,8,1,5,6,3,7,9,2},{5,3,2,9,7,1,0,0,0},{0,0,0,0,0,0,0,0,0}}
]
22:56:29.083 [main] INFO  sudoku.model.SudokuBoard - Wartość 0 wstawiona nieprawidłowo
22:56:29.083 [main] INFO  sudoku.model.SudokuBoard - Bład w kwadracie 0
sudoku.model.SudokuBoard@4b4814d0[
  size=9
  solver=sudoku.model.BacktrackingSudokuSolver@4ae8fb2a
  board={{1,6,4,2,3,5,8,7,9},{8,7,3,4,9,6,1,2,5},{2,5,9,7,1,8,6,3,4},{6,1,7,3,4,9,2,5,8},{3,4,5,6,8,2,9,1,7},{9,2,8,1,5,7,3,4,6},{4,8,1,5,6,3,7,9,2},{5,3,2,9,7,0,0,0,0},{0,0,0,0,0,0,0,0,0}}
]
22:56:29.083 [main] INFO  sudoku.model.SudokuBoard - Wartość 0 wstawiona nieprawidłowo
22:56:29.083 [main] INFO  sudoku.model.SudokuBoard - Bład w kwadracie 0
sudoku.model.SudokuBoard@4b4814d0[
  size=9
  solver=sudoku.model.BacktrackingSudokuSolver@4ae8fb2a
  board={{1,6,4,2,3,5,8,7,9},{8,7,3,4,9,6,1,2,5},{2,5,9,7,1,8,6,3,4},{6,1,7,3,4,9,2,5,8},{3,4,5,6,8,2,9,1,7},{9,2,8,1,5,7,3,4,6},{4,8,1,5,6,3,7,9,2},{5,3,2,9,0,0,0,0,0},{0,0,0,0,0,0,0,0,0}}
]
22:56:29.083 [main] INFO  sudoku.model.SudokuBoard - Wartość 0 wstawiona nieprawidłowo
22:56:29.084 [main] INFO  sudoku.model.SudokuBoard - Bład w kwadracie 0
sudoku.model.SudokuBoard@4b4814d0[
  size=9
  solver=sudoku.model.BacktrackingSudokuSolver@4ae8fb2a
  board={{1,6,4,2,3,5,8,7,9},{8,7,3,4,9,6,1,2,5},{2,5,9,7,1,8,6,3,4},{6,1,7,3,4,9,2,5,8},{3,4,5,6,8,2,9,1,7},{9,2,8,1,5,7,3,4,6},{4,8,1,5,6,3,7,9,2},{5,3,2,0,0,0,0,0,0},{0,0,0,0,0,0,0,0,0}}
]
22:56:29.084 [main] INFO  sudoku.model.SudokuBoard - Wartość 0 wstawiona nieprawidłowo
22:56:29.084 [main] INFO  sudoku.model.SudokuBoard - Bład w kwadracie 0
sudoku.model.SudokuBoard@4b4814d0[
  size=9
  solver=sudoku.model.BacktrackingSudokuSolver@4ae8fb2a
  board={{1,6,4,2,3,5,8,7,9},{8,7,3,4,9,6,1,2,5},{2,5,9,7,1,8,6,3,4},{6,1,7,3,4,9,2,5,8},{3,4,5,6,8,2,9,1,7},{9,2,8,1,5,7,3,4,6},{4,8,1,5,6,3,7,9,2},{5,3,0,0,0,0,0,0,0},{0,0,0,0,0,0,0,0,0}}
]
22:56:29.084 [main] INFO  sudoku.model.SudokuBoard - Wartość 0 wstawiona nieprawidłowo
22:56:29.084 [main] INFO  sudoku.model.SudokuBoard - Bład w kwadracie 0
sudoku.model.SudokuBoard@4b4814d0[
  size=9
  solver=sudoku.model.BacktrackingSudokuSolver@4ae8fb2a
  board={{1,6,4,2,3,5,8,7,9},{8,7,3,4,9,6,1,2,5},{2,5,9,7,1,8,6,3,4},{6,1,7,3,4,9,2,5,8},{3,4,5,6,8,2,9,1,7},{9,2,8,1,5,7,3,4,6},{4,8,1,5,6,3,7,9,2},{5,3,6,8,7,1,0,0,0},{0,0,0,0,0,0,0,0,0}}
]
22:56:29.084 [main] INFO  sudoku.model.SudokuBoard - Wartość 0 wstawiona nieprawidłowo
22:56:29.084 [main] INFO  sudoku.model.SudokuBoard - Bład w kwadracie 0
sudoku.model.SudokuBoard@4b4814d0[
  size=9
  solver=sudoku.model.BacktrackingSudokuSolver@4ae8fb2a
  board={{1,6,4,2,3,5,8,7,9},{8,7,3,4,9,6,1,2,5},{2,5,9,7,1,8,6,3,4},{6,1,7,3,4,9,2,5,8},{3,4,5,6,8,2,9,1,7},{9,2,8,1,5,7,3,4,6},{4,8,1,5,6,3,7,9,2},{5,3,6,8,7,0,0,0,0},{0,0,0,0,0,0,0,0,0}}
]
22:56:29.084 [main] INFO  sudoku.model.SudokuBoard - Wartość 0 wstawiona nieprawidłowo
22:56:29.085 [main] INFO  sudoku.model.SudokuBoard - Bład w kwadracie 0
sudoku.model.SudokuBoard@4b4814d0[
  size=9
  solver=sudoku.model.BacktrackingSudokuSolver@4ae8fb2a
  board={{1,6,4,2,3,5,8,7,9},{8,7,3,4,9,6,1,2,5},{2,5,9,7,1,8,6,3,4},{6,1,7,3,4,9,2,5,8},{3,4,5,6,8,2,9,1,7},{9,2,8,1,5,7,3,4,6},{4,8,1,5,6,3,7,9,2},{5,3,6,8,7,0,0,0,0},{0,0,0,0,0,0,0,0,0}}
]
22:56:29.085 [main] INFO  sudoku.model.SudokuBoard - Wartość 0 wstawiona nieprawidłowo
22:56:29.085 [main] INFO  sudoku.model.SudokuBoard - Bład w kwadracie 0
sudoku.model.SudokuBoard@4b4814d0[
  size=9
  solver=sudoku.model.BacktrackingSudokuSolver@4ae8fb2a
  board={{1,6,4,2,3,5,8,7,9},{8,7,3,4,9,6,1,2,5},{2,5,9,7,1,8,6,3,4},{6,1,7,3,4,9,2,5,8},{3,4,5,6,8,2,9,1,7},{9,2,8,1,5,7,3,4,6},{4,8,1,5,6,3,7,9,2},{5,3,6,8,0,0,0,0,0},{0,0,0,0,0,0,0,0,0}}
]
22:56:29.085 [main] INFO  sudoku.model.SudokuBoard - Wartość 0 wstawiona nieprawidłowo
22:56:29.085 [main] INFO  sudoku.model.SudokuBoard - Bład w kwadracie 0
sudoku.model.SudokuBoard@4b4814d0[
  size=9
  solver=sudoku.model.BacktrackingSudokuSolver@4ae8fb2a
  board={{1,6,4,2,3,5,8,7,9},{8,7,3,4,9,6,1,2,5},{2,5,9,7,1,8,6,3,4},{6,1,7,3,4,9,2,5,8},{3,4,5,6,8,2,9,1,7},{9,2,8,1,5,7,3,4,6},{4,8,1,5,6,3,7,9,2},{5,3,6,8,2,1,0,0,0},{0,0,0,0,0,0,0,0,0}}
]
22:56:29.085 [main] INFO  sudoku.model.SudokuBoard - Wartość 0 wstawiona nieprawidłowo
22:56:29.085 [main] INFO  sudoku.model.SudokuBoard - Bład w kwadracie 0
sudoku.model.SudokuBoard@4b4814d0[
  size=9
  solver=sudoku.model.BacktrackingSudokuSolver@4ae8fb2a
  board={{1,6,4,2,3,5,8,7,9},{8,7,3,4,9,6,1,2,5},{2,5,9,7,1,8,6,3,4},{6,1,7,3,4,9,2,5,8},{3,4,5,6,8,2,9,1,7},{9,2,8,1,5,7,3,4,6},{4,8,1,5,6,3,7,9,2},{5,3,6,8,2,0,0,0,0},{0,0,0,0,0,0,0,0,0}}
]
22:56:29.085 [main] INFO  sudoku.model.SudokuBoard - Wartość 0 wstawiona nieprawidłowo
22:56:29.085 [main] INFO  sudoku.model.SudokuBoard - Bład w kwadracie 0
sudoku.model.SudokuBoard@4b4814d0[
  size=9
  solver=sudoku.model.BacktrackingSudokuSolver@4ae8fb2a
  board={{1,6,4,2,3,5,8,7,9},{8,7,3,4,9,6,1,2,5},{2,5,9,7,1,8,6,3,4},{6,1,7,3,4,9,2,5,8},{3,4,5,6,8,2,9,1,7},{9,2,8,1,5,7,3,4,6},{4,8,1,5,6,3,7,9,2},{5,3,6,8,2,0,0,0,0},{0,0,0,0,0,0,0,0,0}}
]
22:56:29.085 [main] INFO  sudoku.model.SudokuBoard - Wartość 0 wstawiona nieprawidłowo
22:56:29.086 [main] INFO  sudoku.model.SudokuBoard - Bład w kwadracie 0
sudoku.model.SudokuBoard@4b4814d0[
  size=9
  solver=sudoku.model.BacktrackingSudokuSolver@4ae8fb2a
  board={{1,6,4,2,3,5,8,7,9},{8,7,3,4,9,6,1,2,5},{2,5,9,7,1,8,6,3,4},{6,1,7,3,4,9,2,5,8},{3,4,5,6,8,2,9,1,7},{9,2,8,1,5,7,3,4,6},{4,8,1,5,6,3,7,9,2},{5,3,6,8,0,0,0,0,0},{0,0,0,0,0,0,0,0,0}}
]
22:56:29.086 [main] INFO  sudoku.model.SudokuBoard - Wartość 0 wstawiona nieprawidłowo
22:56:29.086 [main] INFO  sudoku.model.SudokuBoard - Bład w kwadracie 0
sudoku.model.SudokuBoard@4b4814d0[
  size=9
  solver=sudoku.model.BacktrackingSudokuSolver@4ae8fb2a
  board={{1,6,4,2,3,5,8,7,9},{8,7,3,4,9,6,1,2,5},{2,5,9,7,1,8,6,3,4},{6,1,7,3,4,9,2,5,8},{3,4,5,6,8,2,9,1,7},{9,2,8,1,5,7,3,4,6},{4,8,1,5,6,3,7,9,2},{5,3,6,0,0,0,0,0,0},{0,0,0,0,0,0,0,0,0}}
]
22:56:29.086 [main] INFO  sudoku.model.SudokuBoard - Wartość 0 wstawiona nieprawidłowo
22:56:29.086 [main] INFO  sudoku.model.SudokuBoard - Bład w kwadracie 0
sudoku.model.SudokuBoard@4b4814d0[
  size=9
  solver=sudoku.model.BacktrackingSudokuSolver@4ae8fb2a
  board={{1,6,4,2,3,5,8,7,9},{8,7,3,4,9,6,1,2,5},{2,5,9,7,1,8,6,3,4},{6,1,7,3,4,9,2,5,8},{3,4,5,6,8,2,9,1,7},{9,2,8,1,5,7,3,4,6},{4,8,1,5,6,3,7,9,2},{5,3,6,9,2,1,4,0,0},{0,0,0,0,0,0,0,0,0}}
]
22:56:29.086 [main] INFO  sudoku.model.SudokuBoard - Wartość 0 wstawiona nieprawidłowo
22:56:29.086 [main] INFO  sudoku.model.SudokuBoard - Bład w kwadracie 0
sudoku.model.SudokuBoard@4b4814d0[
  size=9
  solver=sudoku.model.BacktrackingSudokuSolver@4ae8fb2a
  board={{1,6,4,2,3,5,8,7,9},{8,7,3,4,9,6,1,2,5},{2,5,9,7,1,8,6,3,4},{6,1,7,3,4,9,2,5,8},{3,4,5,6,8,2,9,1,7},{9,2,8,1,5,7,3,4,6},{4,8,1,5,6,3,7,9,2},{5,3,6,9,2,1,0,0,0},{0,0,0,0,0,0,0,0,0}}
]
22:56:29.086 [main] INFO  sudoku.model.SudokuBoard - Wartość 0 wstawiona nieprawidłowo
22:56:29.086 [main] INFO  sudoku.model.SudokuBoard - Bład w kwadracie 0
sudoku.model.SudokuBoard@4b4814d0[
  size=9
  solver=sudoku.model.BacktrackingSudokuSolver@4ae8fb2a
  board={{1,6,4,2,3,5,8,7,9},{8,7,3,4,9,6,1,2,5},{2,5,9,7,1,8,6,3,4},{6,1,7,3,4,9,2,5,8},{3,4,5,6,8,2,9,1,7},{9,2,8,1,5,7,3,4,6},{4,8,1,5,6,3,7,9,2},{5,3,6,9,2,0,0,0,0},{0,0,0,0,0,0,0,0,0}}
]
22:56:29.087 [main] INFO  sudoku.model.SudokuBoard - Wartość 0 wstawiona nieprawidłowo
22:56:29.087 [main] INFO  sudoku.model.SudokuBoard - Bład w kwadracie 0
sudoku.model.SudokuBoard@4b4814d0[
  size=9
  solver=sudoku.model.BacktrackingSudokuSolver@4ae8fb2a
  board={{1,6,4,2,3,5,8,7,9},{8,7,3,4,9,6,1,2,5},{2,5,9,7,1,8,6,3,4},{6,1,7,3,4,9,2,5,8},{3,4,5,6,8,2,9,1,7},{9,2,8,1,5,7,3,4,6},{4,8,1,5,6,3,7,9,2},{5,3,6,9,2,0,0,0,0},{0,0,0,0,0,0,0,0,0}}
]
22:56:29.087 [main] INFO  sudoku.model.SudokuBoard - Wartość 0 wstawiona nieprawidłowo
22:56:29.087 [main] INFO  sudoku.model.SudokuBoard - Bład w kwadracie 0
sudoku.model.SudokuBoard@4b4814d0[
  size=9
  solver=sudoku.model.BacktrackingSudokuSolver@4ae8fb2a
  board={{1,6,4,2,3,5,8,7,9},{8,7,3,4,9,6,1,2,5},{2,5,9,7,1,8,6,3,4},{6,1,7,3,4,9,2,5,8},{3,4,5,6,8,2,9,1,7},{9,2,8,1,5,7,3,4,6},{4,8,1,5,6,3,7,9,2},{5,3,6,9,0,0,0,0,0},{0,0,0,0,0,0,0,0,0}}
]
22:56:29.088 [main] INFO  sudoku.model.SudokuBoard - Wartość 0 wstawiona nieprawidłowo
22:56:29.088 [main] INFO  sudoku.model.SudokuBoard - Bład w kwadracie 0
sudoku.model.SudokuBoard@4b4814d0[
  size=9
  solver=sudoku.model.BacktrackingSudokuSolver@4ae8fb2a
  board={{1,6,4,2,3,5,8,7,9},{8,7,3,4,9,6,1,2,5},{2,5,9,7,1,8,6,3,4},{6,1,7,3,4,9,2,5,8},{3,4,5,6,8,2,9,1,7},{9,2,8,1,5,7,3,4,6},{4,8,1,5,6,3,7,9,2},{5,3,6,9,7,1,4,0,0},{0,0,0,0,0,0,0,0,0}}
]
22:56:29.088 [main] INFO  sudoku.model.SudokuBoard - Wartość 0 wstawiona nieprawidłowo
22:56:29.088 [main] INFO  sudoku.model.SudokuBoard - Bład w kwadracie 0
sudoku.model.SudokuBoard@4b4814d0[
  size=9
  solver=sudoku.model.BacktrackingSudokuSolver@4ae8fb2a
  board={{1,6,4,2,3,5,8,7,9},{8,7,3,4,9,6,1,2,5},{2,5,9,7,1,8,6,3,4},{6,1,7,3,4,9,2,5,8},{3,4,5,6,8,2,9,1,7},{9,2,8,1,5,7,3,4,6},{4,8,1,5,6,3,7,9,2},{5,3,6,9,7,1,0,0,0},{0,0,0,0,0,0,0,0,0}}
]
22:56:29.088 [main] INFO  sudoku.model.SudokuBoard - Wartość 0 wstawiona nieprawidłowo
22:56:29.088 [main] INFO  sudoku.model.SudokuBoard - Bład w kwadracie 0
sudoku.model.SudokuBoard@4b4814d0[
  size=9
  solver=sudoku.model.BacktrackingSudokuSolver@4ae8fb2a
  board={{1,6,4,2,3,5,8,7,9},{8,7,3,4,9,6,1,2,5},{2,5,9,7,1,8,6,3,4},{6,1,7,3,4,9,2,5,8},{3,4,5,6,8,2,9,1,7},{9,2,8,1,5,7,3,4,6},{4,8,1,5,6,3,7,9,2},{5,3,6,9,7,0,0,0,0},{0,0,0,0,0,0,0,0,0}}
]
22:56:29.088 [main] INFO  sudoku.model.SudokuBoard - Wartość 0 wstawiona nieprawidłowo
22:56:29.088 [main] INFO  sudoku.model.SudokuBoard - Bład w kwadracie 0
sudoku.model.SudokuBoard@4b4814d0[
  size=9
  solver=sudoku.model.BacktrackingSudokuSolver@4ae8fb2a
  board={{1,6,4,2,3,5,8,7,9},{8,7,3,4,9,6,1,2,5},{2,5,9,7,1,8,6,3,4},{6,1,7,3,4,9,2,5,8},{3,4,5,6,8,2,9,1,7},{9,2,8,1,5,7,3,4,6},{4,8,1,5,6,3,7,9,2},{5,3,6,9,7,0,0,0,0},{0,0,0,0,0,0,0,0,0}}
]
22:56:29.088 [main] INFO  sudoku.model.SudokuBoard - Wartość 0 wstawiona nieprawidłowo
22:56:29.088 [main] INFO  sudoku.model.SudokuBoard - Bład w kwadracie 0
sudoku.model.SudokuBoard@4b4814d0[
  size=9
  solver=sudoku.model.BacktrackingSudokuSolver@4ae8fb2a
  board={{1,6,4,2,3,5,8,7,9},{8,7,3,4,9,6,1,2,5},{2,5,9,7,1,8,6,3,4},{6,1,7,3,4,9,2,5,8},{3,4,5,6,8,2,9,1,7},{9,2,8,1,5,7,3,4,6},{4,8,1,5,6,3,7,9,2},{5,3,6,9,0,0,0,0,0},{0,0,0,0,0,0,0,0,0}}
]
22:56:29.088 [main] INFO  sudoku.model.SudokuBoard - Wartość 0 wstawiona nieprawidłowo
22:56:29.089 [main] INFO  sudoku.model.SudokuBoard - Bład w kwadracie 0
sudoku.model.SudokuBoard@4b4814d0[
  size=9
  solver=sudoku.model.BacktrackingSudokuSolver@4ae8fb2a
  board={{1,6,4,2,3,5,8,7,9},{8,7,3,4,9,6,1,2,5},{2,5,9,7,1,8,6,3,4},{6,1,7,3,4,9,2,5,8},{3,4,5,6,8,2,9,1,7},{9,2,8,1,5,7,3,4,6},{4,8,1,5,6,3,7,9,2},{5,3,6,0,0,0,0,0,0},{0,0,0,0,0,0,0,0,0}}
]
22:56:29.089 [main] INFO  sudoku.model.SudokuBoard - Wartość 0 wstawiona nieprawidłowo
22:56:29.089 [main] INFO  sudoku.model.SudokuBoard - Bład w kwadracie 0
sudoku.model.SudokuBoard@4b4814d0[
  size=9
  solver=sudoku.model.BacktrackingSudokuSolver@4ae8fb2a
  board={{1,6,4,2,3,5,8,7,9},{8,7,3,4,9,6,1,2,5},{2,5,9,7,1,8,6,3,4},{6,1,7,3,4,9,2,5,8},{3,4,5,6,8,2,9,1,7},{9,2,8,1,5,7,3,4,6},{4,8,1,5,6,3,7,9,2},{5,3,0,0,0,0,0,0,0},{0,0,0,0,0,0,0,0,0}}
]
22:56:29.089 [main] INFO  sudoku.model.SudokuBoard - Wartość 0 wstawiona nieprawidłowo
22:56:29.089 [main] INFO  sudoku.model.SudokuBoard - Bład w kwadracie 0
sudoku.model.SudokuBoard@4b4814d0[
  size=9
  solver=sudoku.model.BacktrackingSudokuSolver@4ae8fb2a
  board={{1,6,4,2,3,5,8,7,9},{8,7,3,4,9,6,1,2,5},{2,5,9,7,1,8,6,3,4},{6,1,7,3,4,9,2,5,8},{3,4,5,6,8,2,9,1,7},{9,2,8,1,5,7,3,4,6},{4,8,1,5,6,3,7,9,2},{5,0,0,0,0,0,0,0,0},{0,0,0,0,0,0,0,0,0}}
]
22:56:29.089 [main] INFO  sudoku.model.SudokuBoard - Wartość 0 wstawiona nieprawidłowo
sudoku.model.SudokuBoard@200d1a3d[
  size=9
  solver=sudoku.model.BacktrackingSudokuSolver@4ae8fb2a
  board={{1,6,4,2,3,5,8,7,9},{8,7,3,4,9,6,1,2,5},{2,5,9,7,1,8,6,3,4},{6,1,7,3,4,9,2,5,8},{3,4,5,6,8,2,9,1,7},{9,2,8,1,5,7,3,4,6},{4,8,1,5,6,3,7,9,2},{5,9,2,8,7,1,4,6,3},{7,3,6,9,2,4,5,8,1}}
]
]]></system-out>
  </testcase>
  <testcase name="checkBoardTestRowFalse" classname="sudoku.model.SudokuBoardTest" time="0.005">
    <system-out><![CDATA[22:56:29.092 [main] INFO  sudoku.model.SudokuBoard - Bład w kwadracie 0
sudoku.model.SudokuBoard@7de147e9[
  size=9
  solver=sudoku.model.BacktrackingSudokuSolver@12567179
  board={{5,7,3,8,6,9,1,4,2},{2,9,4,7,3,1,8,5,6},{6,8,1,4,2,5,7,3,9},{4,6,5,9,7,8,2,1,3},{7,1,8,3,4,6,0,0,0},{0,0,0,0,0,0,0,0,0},{0,0,0,0,0,0,0,0,0},{0,0,0,0,0,0,0,0,0},{0,0,0,0,0,0,0,0,0}}
]
22:56:29.092 [main] INFO  sudoku.model.SudokuBoard - Wartość 0 wstawiona nieprawidłowo
22:56:29.092 [main] INFO  sudoku.model.SudokuBoard - Bład w kwadracie 0
sudoku.model.SudokuBoard@7de147e9[
  size=9
  solver=sudoku.model.BacktrackingSudokuSolver@12567179
  board={{5,7,3,8,6,9,1,4,2},{2,9,4,7,3,1,8,5,6},{6,8,1,4,2,5,7,3,9},{4,6,5,9,7,8,2,1,3},{7,1,8,3,4,6,5,0,0},{0,0,0,0,0,0,0,0,0},{0,0,0,0,0,0,0,0,0},{0,0,0,0,0,0,0,0,0},{0,0,0,0,0,0,0,0,0}}
]
22:56:29.092 [main] INFO  sudoku.model.SudokuBoard - Wartość 0 wstawiona nieprawidłowo
22:56:29.092 [main] INFO  sudoku.model.SudokuBoard - Bład w kwadracie 0
sudoku.model.SudokuBoard@7de147e9[
  size=9
  solver=sudoku.model.BacktrackingSudokuSolver@12567179
  board={{5,7,3,8,6,9,1,4,2},{2,9,4,7,3,1,8,5,6},{6,8,1,4,2,5,7,3,9},{4,6,5,9,7,8,2,1,3},{7,1,8,3,4,6,0,0,0},{0,0,0,0,0,0,0,0,0},{0,0,0,0,0,0,0,0,0},{0,0,0,0,0,0,0,0,0},{0,0,0,0,0,0,0,0,0}}
]
22:56:29.092 [main] INFO  sudoku.model.SudokuBoard - Wartość 0 wstawiona nieprawidłowo
22:56:29.092 [main] INFO  sudoku.model.SudokuBoard - Bład w kwadracie 0
sudoku.model.SudokuBoard@7de147e9[
  size=9
  solver=sudoku.model.BacktrackingSudokuSolver@12567179
  board={{5,7,3,8,6,9,1,4,2},{2,9,4,7,3,1,8,5,6},{6,8,1,4,2,5,7,3,9},{4,6,5,9,7,8,2,1,3},{7,1,8,3,4,0,0,0,0},{0,0,0,0,0,0,0,0,0},{0,0,0,0,0,0,0,0,0},{0,0,0,0,0,0,0,0,0},{0,0,0,0,0,0,0,0,0}}
]
22:56:29.092 [main] INFO  sudoku.model.SudokuBoard - Wartość 0 wstawiona nieprawidłowo
22:56:29.093 [main] INFO  sudoku.model.SudokuBoard - Bład w kwadracie 0
sudoku.model.SudokuBoard@7de147e9[
  size=9
  solver=sudoku.model.BacktrackingSudokuSolver@12567179
  board={{5,7,3,8,6,9,1,4,2},{2,9,4,7,3,1,8,5,6},{6,8,1,4,2,5,7,3,9},{4,6,5,9,7,8,2,1,3},{7,1,8,3,4,2,9,6,5},{3,2,9,5,1,6,4,8,7},{8,3,2,6,5,0,0,0,0},{0,0,0,0,0,0,0,0,0},{0,0,0,0,0,0,0,0,0}}
]
22:56:29.093 [main] INFO  sudoku.model.SudokuBoard - Wartość 0 wstawiona nieprawidłowo
22:56:29.093 [main] INFO  sudoku.model.SudokuBoard - Bład w kwadracie 0
sudoku.model.SudokuBoard@7de147e9[
  size=9
  solver=sudoku.model.BacktrackingSudokuSolver@12567179
  board={{5,7,3,8,6,9,1,4,2},{2,9,4,7,3,1,8,5,6},{6,8,1,4,2,5,7,3,9},{4,6,5,9,7,8,2,1,3},{7,1,8,3,4,2,9,6,5},{3,2,9,5,1,6,4,8,7},{8,3,2,6,5,0,0,0,0},{0,0,0,0,0,0,0,0,0},{0,0,0,0,0,0,0,0,0}}
]
22:56:29.093 [main] INFO  sudoku.model.SudokuBoard - Wartość 0 wstawiona nieprawidłowo
22:56:29.093 [main] INFO  sudoku.model.SudokuBoard - Bład w kwadracie 0
sudoku.model.SudokuBoard@7de147e9[
  size=9
  solver=sudoku.model.BacktrackingSudokuSolver@12567179
  board={{5,7,3,8,6,9,1,4,2},{2,9,4,7,3,1,8,5,6},{6,8,1,4,2,5,7,3,9},{4,6,5,9,7,8,2,1,3},{7,1,8,3,4,2,9,6,5},{3,2,9,5,1,6,4,8,7},{8,3,2,6,0,0,0,0,0},{0,0,0,0,0,0,0,0,0},{0,0,0,0,0,0,0,0,0}}
]
22:56:29.093 [main] INFO  sudoku.model.SudokuBoard - Wartość 0 wstawiona nieprawidłowo
22:56:29.093 [main] INFO  sudoku.model.SudokuBoard - Bład w kwadracie 0
sudoku.model.SudokuBoard@7de147e9[
  size=9
  solver=sudoku.model.BacktrackingSudokuSolver@12567179
  board={{5,7,3,8,6,9,1,4,2},{2,9,4,7,3,1,8,5,6},{6,8,1,4,2,5,7,3,9},{4,6,5,9,7,8,2,1,3},{7,1,8,3,4,2,9,6,5},{3,2,9,5,1,6,4,8,7},{8,3,2,6,9,7,0,0,0},{0,0,0,0,0,0,0,0,0},{0,0,0,0,0,0,0,0,0}}
]
22:56:29.093 [main] INFO  sudoku.model.SudokuBoard - Wartość 0 wstawiona nieprawidłowo
22:56:29.093 [main] INFO  sudoku.model.SudokuBoard - Bład w kwadracie 0
sudoku.model.SudokuBoard@7de147e9[
  size=9
  solver=sudoku.model.BacktrackingSudokuSolver@12567179
  board={{5,7,3,8,6,9,1,4,2},{2,9,4,7,3,1,8,5,6},{6,8,1,4,2,5,7,3,9},{4,6,5,9,7,8,2,1,3},{7,1,8,3,4,2,9,6,5},{3,2,9,5,1,6,4,8,7},{8,3,2,6,9,0,0,0,0},{0,0,0,0,0,0,0,0,0},{0,0,0,0,0,0,0,0,0}}
]
22:56:29.093 [main] INFO  sudoku.model.SudokuBoard - Wartość 0 wstawiona nieprawidłowo
22:56:29.094 [main] INFO  sudoku.model.SudokuBoard - Bład w kwadracie 0
sudoku.model.SudokuBoard@7de147e9[
  size=9
  solver=sudoku.model.BacktrackingSudokuSolver@12567179
  board={{5,7,3,8,6,9,1,4,2},{2,9,4,7,3,1,8,5,6},{6,8,1,4,2,5,7,3,9},{4,6,5,9,7,8,2,1,3},{7,1,8,3,4,2,9,6,5},{3,2,9,5,1,6,4,8,7},{8,3,2,6,9,4,5,7,1},{9,4,6,1,5,0,0,0,0},{0,0,0,0,0,0,0,0,0}}
]
22:56:29.094 [main] INFO  sudoku.model.SudokuBoard - Wartość 0 wstawiona nieprawidłowo
22:56:29.094 [main] INFO  sudoku.model.SudokuBoard - Bład w kwadracie 0
sudoku.model.SudokuBoard@7de147e9[
  size=9
  solver=sudoku.model.BacktrackingSudokuSolver@12567179
  board={{1,7,3,8,6,9,1,4,2},{2,9,4,7,3,1,8,5,6},{6,8,1,4,2,5,7,3,9},{4,6,5,9,7,8,2,1,3},{7,1,8,3,4,2,9,6,5},{3,2,9,5,1,6,4,8,7},{8,3,2,6,9,4,5,7,1},{9,4,6,1,5,7,3,2,8},{1,5,7,2,8,3,6,9,4}}
]
22:56:29.094 [main] INFO  sudoku.model.SudokuBoard - Wartość 1 wstawiona nieprawidłowo
22:56:29.094 [main] INFO  sudoku.model.SudokuBoard - Bład w kwadracie 0
sudoku.model.SudokuBoard@7de147e9[
  size=9
  solver=sudoku.model.BacktrackingSudokuSolver@12567179
  board={{1,1,3,8,6,9,1,4,2},{2,9,4,7,3,1,8,5,6},{6,8,1,4,2,5,7,3,9},{4,6,5,9,7,8,2,1,3},{7,1,8,3,4,2,9,6,5},{3,2,9,5,1,6,4,8,7},{8,3,2,6,9,4,5,7,1},{9,4,6,1,5,7,3,2,8},{1,5,7,2,8,3,6,9,4}}
]
22:56:29.094 [main] INFO  sudoku.model.SudokuBoard - Wartość 1 wstawiona nieprawidłowo
22:56:29.095 [main] INFO  sudoku.model.SudokuBoard - Bład w kwadracie 0
sudoku.model.SudokuBoard@28989415[
  size=9
  solver=sudoku.model.BacktrackingSudokuSolver@12567179
  board={{1,1,3,8,6,9,1,4,2},{2,9,4,7,3,1,8,5,6},{6,8,1,4,2,5,7,3,9},{4,6,5,9,7,8,2,1,3},{7,1,8,3,4,2,9,6,5},{3,2,9,5,1,6,4,8,7},{8,3,2,6,9,4,5,7,1},{9,4,6,1,5,7,3,2,8},{1,5,7,2,8,3,6,9,4}}
]
]]></system-out>
  </testcase>
  <testcase name="testEqualsDiffrentInstance" classname="sudoku.model.SudokuBoardTest" time="0.001"/>
  <testcase name="cloneTest" classname="sudoku.model.SudokuBoardTest" time="0.071">
    <system-out><![CDATA[22:56:29.097 [main] INFO  sudoku.model.SudokuBoard - Bład w kwadracie 0
sudoku.model.SudokuBoard@781dbe44[
  size=9
  solver=sudoku.model.BacktrackingSudokuSolver@7d66a126
  board={{2,4,9,7,8,1,3,5,6},{3,5,1,6,9,2,7,4,8},{6,7,8,3,4,5,9,2,1},{8,1,2,4,3,6,5,7,9},{5,6,3,8,1,7,0,0,0},{0,0,0,0,0,0,0,0,0},{0,0,0,0,0,0,0,0,0},{0,0,0,0,0,0,0,0,0},{0,0,0,0,0,0,0,0,0}}
]
22:56:29.097 [main] INFO  sudoku.model.SudokuBoard - Wartość 0 wstawiona nieprawidłowo
22:56:29.097 [main] INFO  sudoku.model.SudokuBoard - Bład w kwadracie 0
sudoku.model.SudokuBoard@781dbe44[
  size=9
  solver=sudoku.model.BacktrackingSudokuSolver@7d66a126
  board={{2,4,9,7,8,1,3,5,6},{3,5,1,6,9,2,7,4,8},{6,7,8,3,4,5,9,2,1},{8,1,2,4,3,6,5,7,9},{5,6,3,8,1,7,0,0,0},{0,0,0,0,0,0,0,0,0},{0,0,0,0,0,0,0,0,0},{0,0,0,0,0,0,0,0,0},{0,0,0,0,0,0,0,0,0}}
]
22:56:29.097 [main] INFO  sudoku.model.SudokuBoard - Wartość 0 wstawiona nieprawidłowo
22:56:29.097 [main] INFO  sudoku.model.SudokuBoard - Bład w kwadracie 0
sudoku.model.SudokuBoard@781dbe44[
  size=9
  solver=sudoku.model.BacktrackingSudokuSolver@7d66a126
  board={{2,4,9,7,8,1,3,5,6},{3,5,1,6,9,2,7,4,8},{6,7,8,3,4,5,9,2,1},{8,1,2,4,3,6,5,7,9},{5,6,3,8,1,0,0,0,0},{0,0,0,0,0,0,0,0,0},{0,0,0,0,0,0,0,0,0},{0,0,0,0,0,0,0,0,0},{0,0,0,0,0,0,0,0,0}}
]
22:56:29.097 [main] INFO  sudoku.model.SudokuBoard - Wartość 0 wstawiona nieprawidłowo
22:56:29.098 [main] INFO  sudoku.model.SudokuBoard - Bład w kwadracie 0
sudoku.model.SudokuBoard@781dbe44[
  size=9
  solver=sudoku.model.BacktrackingSudokuSolver@7d66a126
  board={{2,4,9,7,8,1,3,5,6},{3,5,1,6,9,2,7,4,8},{6,7,8,3,4,5,9,2,1},{8,1,2,4,3,6,5,7,9},{5,6,3,8,1,9,0,0,0},{0,0,0,0,0,0,0,0,0},{0,0,0,0,0,0,0,0,0},{0,0,0,0,0,0,0,0,0},{0,0,0,0,0,0,0,0,0}}
]
22:56:29.098 [main] INFO  sudoku.model.SudokuBoard - Wartość 0 wstawiona nieprawidłowo
22:56:29.098 [main] INFO  sudoku.model.SudokuBoard - Bład w kwadracie 0
sudoku.model.SudokuBoard@781dbe44[
  size=9
  solver=sudoku.model.BacktrackingSudokuSolver@7d66a126
  board={{2,4,9,7,8,1,3,5,6},{3,5,1,6,9,2,7,4,8},{6,7,8,3,4,5,9,2,1},{8,1,2,4,3,6,5,7,9},{5,6,3,8,1,9,0,0,0},{0,0,0,0,0,0,0,0,0},{0,0,0,0,0,0,0,0,0},{0,0,0,0,0,0,0,0,0},{0,0,0,0,0,0,0,0,0}}
]
22:56:29.098 [main] INFO  sudoku.model.SudokuBoard - Wartość 0 wstawiona nieprawidłowo
22:56:29.098 [main] INFO  sudoku.model.SudokuBoard - Bład w kwadracie 0
sudoku.model.SudokuBoard@781dbe44[
  size=9
  solver=sudoku.model.BacktrackingSudokuSolver@7d66a126
  board={{2,4,9,7,8,1,3,5,6},{3,5,1,6,9,2,7,4,8},{6,7,8,3,4,5,9,2,1},{8,1,2,4,3,6,5,7,9},{5,6,3,8,1,0,0,0,0},{0,0,0,0,0,0,0,0,0},{0,0,0,0,0,0,0,0,0},{0,0,0,0,0,0,0,0,0},{0,0,0,0,0,0,0,0,0}}
]
22:56:29.098 [main] INFO  sudoku.model.SudokuBoard - Wartość 0 wstawiona nieprawidłowo
22:56:29.098 [main] INFO  sudoku.model.SudokuBoard - Bład w kwadracie 0
sudoku.model.SudokuBoard@781dbe44[
  size=9
  solver=sudoku.model.BacktrackingSudokuSolver@7d66a126
  board={{2,4,9,7,8,1,3,5,6},{3,5,1,6,9,2,7,4,8},{6,7,8,3,4,5,9,2,1},{8,1,2,4,3,6,5,7,9},{5,6,3,8,0,0,0,0,0},{0,0,0,0,0,0,0,0,0},{0,0,0,0,0,0,0,0,0},{0,0,0,0,0,0,0,0,0},{0,0,0,0,0,0,0,0,0}}
]
22:56:29.098 [main] INFO  sudoku.model.SudokuBoard - Wartość 0 wstawiona nieprawidłowo
22:56:29.098 [main] INFO  sudoku.model.SudokuBoard - Bład w kwadracie 0
sudoku.model.SudokuBoard@781dbe44[
  size=9
  solver=sudoku.model.BacktrackingSudokuSolver@7d66a126
  board={{2,4,9,7,8,1,3,5,6},{3,5,1,6,9,2,7,4,8},{6,7,8,3,4,5,9,2,1},{8,1,2,4,3,6,5,7,9},{5,6,3,8,2,7,0,0,0},{0,0,0,0,0,0,0,0,0},{0,0,0,0,0,0,0,0,0},{0,0,0,0,0,0,0,0,0},{0,0,0,0,0,0,0,0,0}}
]
22:56:29.098 [main] INFO  sudoku.model.SudokuBoard - Wartość 0 wstawiona nieprawidłowo
22:56:29.099 [main] INFO  sudoku.model.SudokuBoard - Bład w kwadracie 0
sudoku.model.SudokuBoard@781dbe44[
  size=9
  solver=sudoku.model.BacktrackingSudokuSolver@7d66a126
  board={{2,4,9,7,8,1,3,5,6},{3,5,1,6,9,2,7,4,8},{6,7,8,3,4,5,9,2,1},{8,1,2,4,3,6,5,7,9},{5,6,3,8,2,7,4,0,0},{0,0,0,0,0,0,0,0,0},{0,0,0,0,0,0,0,0,0},{0,0,0,0,0,0,0,0,0},{0,0,0,0,0,0,0,0,0}}
]
22:56:29.099 [main] INFO  sudoku.model.SudokuBoard - Wartość 0 wstawiona nieprawidłowo
22:56:29.099 [main] INFO  sudoku.model.SudokuBoard - Bład w kwadracie 0
sudoku.model.SudokuBoard@781dbe44[
  size=9
  solver=sudoku.model.BacktrackingSudokuSolver@7d66a126
  board={{2,4,9,7,8,1,3,5,6},{3,5,1,6,9,2,7,4,8},{6,7,8,3,4,5,9,2,1},{8,1,2,4,3,6,5,7,9},{5,6,3,8,2,7,0,0,0},{0,0,0,0,0,0,0,0,0},{0,0,0,0,0,0,0,0,0},{0,0,0,0,0,0,0,0,0},{0,0,0,0,0,0,0,0,0}}
]
22:56:29.099 [main] INFO  sudoku.model.SudokuBoard - Wartość 0 wstawiona nieprawidłowo
22:56:29.099 [main] INFO  sudoku.model.SudokuBoard - Bład w kwadracie 0
sudoku.model.SudokuBoard@781dbe44[
  size=9
  solver=sudoku.model.BacktrackingSudokuSolver@7d66a126
  board={{2,4,9,7,8,1,3,5,6},{3,5,1,6,9,2,7,4,8},{6,7,8,3,4,5,9,2,1},{8,1,2,4,3,6,5,7,9},{5,6,3,8,2,0,0,0,0},{0,0,0,0,0,0,0,0,0},{0,0,0,0,0,0,0,0,0},{0,0,0,0,0,0,0,0,0},{0,0,0,0,0,0,0,0,0}}
]
22:56:29.099 [main] INFO  sudoku.model.SudokuBoard - Wartość 0 wstawiona nieprawidłowo
22:56:29.099 [main] INFO  sudoku.model.SudokuBoard - Bład w kwadracie 0
sudoku.model.SudokuBoard@781dbe44[
  size=9
  solver=sudoku.model.BacktrackingSudokuSolver@7d66a126
  board={{2,4,9,7,8,1,3,5,6},{3,5,1,6,9,2,7,4,8},{6,7,8,3,4,5,9,2,1},{8,1,2,4,3,6,5,7,9},{5,6,3,8,2,9,0,0,0},{0,0,0,0,0,0,0,0,0},{0,0,0,0,0,0,0,0,0},{0,0,0,0,0,0,0,0,0},{0,0,0,0,0,0,0,0,0}}
]
22:56:29.099 [main] INFO  sudoku.model.SudokuBoard - Wartość 0 wstawiona nieprawidłowo
22:56:29.099 [main] INFO  sudoku.model.SudokuBoard - Bład w kwadracie 0
sudoku.model.SudokuBoard@781dbe44[
  size=9
  solver=sudoku.model.BacktrackingSudokuSolver@7d66a126
  board={{2,4,9,7,8,1,3,5,6},{3,5,1,6,9,2,7,4,8},{6,7,8,3,4,5,9,2,1},{8,1,2,4,3,6,5,7,9},{5,6,3,8,2,9,4,0,0},{0,0,0,0,0,0,0,0,0},{0,0,0,0,0,0,0,0,0},{0,0,0,0,0,0,0,0,0},{0,0,0,0,0,0,0,0,0}}
]
22:56:29.099 [main] INFO  sudoku.model.SudokuBoard - Wartość 0 wstawiona nieprawidłowo
22:56:29.099 [main] INFO  sudoku.model.SudokuBoard - Bład w kwadracie 0
sudoku.model.SudokuBoard@781dbe44[
  size=9
  solver=sudoku.model.BacktrackingSudokuSolver@7d66a126
  board={{2,4,9,7,8,1,3,5,6},{3,5,1,6,9,2,7,4,8},{6,7,8,3,4,5,9,2,1},{8,1,2,4,3,6,5,7,9},{5,6,3,8,2,9,0,0,0},{0,0,0,0,0,0,0,0,0},{0,0,0,0,0,0,0,0,0},{0,0,0,0,0,0,0,0,0},{0,0,0,0,0,0,0,0,0}}
]
22:56:29.099 [main] INFO  sudoku.model.SudokuBoard - Wartość 0 wstawiona nieprawidłowo
22:56:29.100 [main] INFO  sudoku.model.SudokuBoard - Bład w kwadracie 0
sudoku.model.SudokuBoard@781dbe44[
  size=9
  solver=sudoku.model.BacktrackingSudokuSolver@7d66a126
  board={{2,4,9,7,8,1,3,5,6},{3,5,1,6,9,2,7,4,8},{6,7,8,3,4,5,9,2,1},{8,1,2,4,3,6,5,7,9},{5,6,3,8,2,0,0,0,0},{0,0,0,0,0,0,0,0,0},{0,0,0,0,0,0,0,0,0},{0,0,0,0,0,0,0,0,0},{0,0,0,0,0,0,0,0,0}}
]
22:56:29.100 [main] INFO  sudoku.model.SudokuBoard - Wartość 0 wstawiona nieprawidłowo
22:56:29.100 [main] INFO  sudoku.model.SudokuBoard - Bład w kwadracie 0
sudoku.model.SudokuBoard@781dbe44[
  size=9
  solver=sudoku.model.BacktrackingSudokuSolver@7d66a126
  board={{2,4,9,7,8,1,3,5,6},{3,5,1,6,9,2,7,4,8},{6,7,8,3,4,5,9,2,1},{8,1,2,4,3,6,5,7,9},{5,6,3,8,0,0,0,0,0},{0,0,0,0,0,0,0,0,0},{0,0,0,0,0,0,0,0,0},{0,0,0,0,0,0,0,0,0},{0,0,0,0,0,0,0,0,0}}
]
22:56:29.100 [main] INFO  sudoku.model.SudokuBoard - Wartość 0 wstawiona nieprawidłowo
22:56:29.100 [main] INFO  sudoku.model.SudokuBoard - Bład w kwadracie 0
sudoku.model.SudokuBoard@781dbe44[
  size=9
  solver=sudoku.model.BacktrackingSudokuSolver@7d66a126
  board={{2,4,9,7,8,1,3,5,6},{3,5,1,6,9,2,7,4,8},{6,7,8,3,4,5,9,2,1},{8,1,2,4,3,6,5,7,9},{5,6,3,8,7,9,0,0,0},{0,0,0,0,0,0,0,0,0},{0,0,0,0,0,0,0,0,0},{0,0,0,0,0,0,0,0,0},{0,0,0,0,0,0,0,0,0}}
]
22:56:29.100 [main] INFO  sudoku.model.SudokuBoard - Wartość 0 wstawiona nieprawidłowo
22:56:29.100 [main] INFO  sudoku.model.SudokuBoard - Bład w kwadracie 0
sudoku.model.SudokuBoard@781dbe44[
  size=9
  solver=sudoku.model.BacktrackingSudokuSolver@7d66a126
  board={{2,4,9,7,8,1,3,5,6},{3,5,1,6,9,2,7,4,8},{6,7,8,3,4,5,9,2,1},{8,1,2,4,3,6,5,7,9},{5,6,3,8,7,9,2,1,4},{4,9,7,1,0,0,0,0,0},{0,0,0,0,0,0,0,0,0},{0,0,0,0,0,0,0,0,0},{0,0,0,0,0,0,0,0,0}}
]
22:56:29.100 [main] INFO  sudoku.model.SudokuBoard - Wartość 0 wstawiona nieprawidłowo
22:56:29.100 [main] INFO  sudoku.model.SudokuBoard - Bład w kwadracie 0
sudoku.model.SudokuBoard@781dbe44[
  size=9
  solver=sudoku.model.BacktrackingSudokuSolver@7d66a126
  board={{2,4,9,7,8,1,3,5,6},{3,5,1,6,9,2,7,4,8},{6,7,8,3,4,5,9,2,1},{8,1,2,4,3,6,5,7,9},{5,6,3,8,7,9,2,1,4},{4,9,7,1,0,0,0,0,0},{0,0,0,0,0,0,0,0,0},{0,0,0,0,0,0,0,0,0},{0,0,0,0,0,0,0,0,0}}
]
22:56:29.100 [main] INFO  sudoku.model.SudokuBoard - Wartość 0 wstawiona nieprawidłowo
22:56:29.100 [main] INFO  sudoku.model.SudokuBoard - Bład w kwadracie 0
sudoku.model.SudokuBoard@781dbe44[
  size=9
  solver=sudoku.model.BacktrackingSudokuSolver@7d66a126
  board={{2,4,9,7,8,1,3,5,6},{3,5,1,6,9,2,7,4,8},{6,7,8,3,4,5,9,2,1},{8,1,2,4,3,6,5,7,9},{5,6,3,8,7,9,2,1,4},{4,9,7,0,0,0,0,0,0},{0,0,0,0,0,0,0,0,0},{0,0,0,0,0,0,0,0,0},{0,0,0,0,0,0,0,0,0}}
]
22:56:29.100 [main] INFO  sudoku.model.SudokuBoard - Wartość 0 wstawiona nieprawidłowo
22:56:29.101 [main] INFO  sudoku.model.SudokuBoard - Bład w kwadracie 0
sudoku.model.SudokuBoard@781dbe44[
  size=9
  solver=sudoku.model.BacktrackingSudokuSolver@7d66a126
  board={{2,4,9,7,8,1,3,5,6},{3,5,1,6,9,2,7,4,8},{6,7,8,3,4,5,9,2,1},{8,1,2,4,3,6,5,7,9},{5,6,3,8,7,9,2,1,4},{4,9,7,2,0,0,0,0,0},{0,0,0,0,0,0,0,0,0},{0,0,0,0,0,0,0,0,0},{0,0,0,0,0,0,0,0,0}}
]
22:56:29.101 [main] INFO  sudoku.model.SudokuBoard - Wartość 0 wstawiona nieprawidłowo
22:56:29.101 [main] INFO  sudoku.model.SudokuBoard - Bład w kwadracie 0
sudoku.model.SudokuBoard@781dbe44[
  size=9
  solver=sudoku.model.BacktrackingSudokuSolver@7d66a126
  board={{2,4,9,7,8,1,3,5,6},{3,5,1,6,9,2,7,4,8},{6,7,8,3,4,5,9,2,1},{8,1,2,4,3,6,5,7,9},{5,6,3,8,7,9,2,1,4},{4,9,7,2,0,0,0,0,0},{0,0,0,0,0,0,0,0,0},{0,0,0,0,0,0,0,0,0},{0,0,0,0,0,0,0,0,0}}
]
22:56:29.101 [main] INFO  sudoku.model.SudokuBoard - Wartość 0 wstawiona nieprawidłowo
22:56:29.101 [main] INFO  sudoku.model.SudokuBoard - Bład w kwadracie 0
sudoku.model.SudokuBoard@781dbe44[
  size=9
  solver=sudoku.model.BacktrackingSudokuSolver@7d66a126
  board={{2,4,9,7,8,1,3,5,6},{3,5,1,6,9,2,7,4,8},{6,7,8,3,4,5,9,2,1},{8,1,2,4,3,6,5,7,9},{5,6,3,8,7,9,2,1,4},{4,9,7,0,0,0,0,0,0},{0,0,0,0,0,0,0,0,0},{0,0,0,0,0,0,0,0,0},{0,0,0,0,0,0,0,0,0}}
]
22:56:29.101 [main] INFO  sudoku.model.SudokuBoard - Wartość 0 wstawiona nieprawidłowo
22:56:29.101 [main] INFO  sudoku.model.SudokuBoard - Bład w kwadracie 0
sudoku.model.SudokuBoard@781dbe44[
  size=9
  solver=sudoku.model.BacktrackingSudokuSolver@7d66a126
  board={{2,4,9,7,8,1,3,5,6},{3,5,1,6,9,2,7,4,8},{6,7,8,3,4,5,9,2,1},{8,1,2,4,3,6,5,7,9},{5,6,3,8,7,9,2,1,4},{4,9,7,5,0,0,0,0,0},{0,0,0,0,0,0,0,0,0},{0,0,0,0,0,0,0,0,0},{0,0,0,0,0,0,0,0,0}}
]
22:56:29.101 [main] INFO  sudoku.model.SudokuBoard - Wartość 0 wstawiona nieprawidłowo
22:56:29.101 [main] INFO  sudoku.model.SudokuBoard - Bład w kwadracie 0
sudoku.model.SudokuBoard@781dbe44[
  size=9
  solver=sudoku.model.BacktrackingSudokuSolver@7d66a126
  board={{2,4,9,7,8,1,3,5,6},{3,5,1,6,9,2,7,4,8},{6,7,8,3,4,5,9,2,1},{8,1,2,4,3,6,5,7,9},{5,6,3,8,7,9,2,1,4},{4,9,7,5,0,0,0,0,0},{0,0,0,0,0,0,0,0,0},{0,0,0,0,0,0,0,0,0},{0,0,0,0,0,0,0,0,0}}
]
22:56:29.101 [main] INFO  sudoku.model.SudokuBoard - Wartość 0 wstawiona nieprawidłowo
22:56:29.102 [main] INFO  sudoku.model.SudokuBoard - Bład w kwadracie 0
sudoku.model.SudokuBoard@781dbe44[
  size=9
  solver=sudoku.model.BacktrackingSudokuSolver@7d66a126
  board={{2,4,9,7,8,1,3,5,6},{3,5,1,6,9,2,7,4,8},{6,7,8,3,4,5,9,2,1},{8,1,2,4,3,6,5,7,9},{5,6,3,8,7,9,2,1,4},{4,9,7,0,0,0,0,0,0},{0,0,0,0,0,0,0,0,0},{0,0,0,0,0,0,0,0,0},{0,0,0,0,0,0,0,0,0}}
]
22:56:29.102 [main] INFO  sudoku.model.SudokuBoard - Wartość 0 wstawiona nieprawidłowo
22:56:29.103 [main] INFO  sudoku.model.SudokuBoard - Bład w kwadracie 0
sudoku.model.SudokuBoard@781dbe44[
  size=9
  solver=sudoku.model.BacktrackingSudokuSolver@7d66a126
  board={{2,4,9,7,8,1,3,5,6},{3,5,1,6,9,2,7,4,8},{6,7,8,3,4,5,9,2,1},{8,1,2,4,3,6,5,7,9},{5,6,3,8,7,9,2,1,4},{4,9,0,0,0,0,0,0,0},{0,0,0,0,0,0,0,0,0},{0,0,0,0,0,0,0,0,0},{0,0,0,0,0,0,0,0,0}}
]
22:56:29.103 [main] INFO  sudoku.model.SudokuBoard - Wartość 0 wstawiona nieprawidłowo
22:56:29.103 [main] INFO  sudoku.model.SudokuBoard - Bład w kwadracie 0
sudoku.model.SudokuBoard@781dbe44[
  size=9
  solver=sudoku.model.BacktrackingSudokuSolver@7d66a126
  board={{2,4,9,7,8,1,3,5,6},{3,5,1,6,9,2,7,4,8},{6,7,8,3,4,5,9,2,1},{8,1,2,4,3,6,5,7,9},{5,6,3,8,7,9,2,1,4},{4,0,0,0,0,0,0,0,0},{0,0,0,0,0,0,0,0,0},{0,0,0,0,0,0,0,0,0},{0,0,0,0,0,0,0,0,0}}
]
22:56:29.103 [main] INFO  sudoku.model.SudokuBoard - Wartość 0 wstawiona nieprawidłowo
22:56:29.103 [main] INFO  sudoku.model.SudokuBoard - Bład w kwadracie 0
sudoku.model.SudokuBoard@781dbe44[
  size=9
  solver=sudoku.model.BacktrackingSudokuSolver@7d66a126
  board={{2,4,9,7,8,1,3,5,6},{3,5,1,6,9,2,7,4,8},{6,7,8,3,4,5,9,2,1},{8,1,2,4,3,6,5,7,9},{5,6,3,8,7,9,2,1,4},{0,0,0,0,0,0,0,0,0},{0,0,0,0,0,0,0,0,0},{0,0,0,0,0,0,0,0,0},{0,0,0,0,0,0,0,0,0}}
]
22:56:29.103 [main] INFO  sudoku.model.SudokuBoard - Wartość 0 wstawiona nieprawidłowo
22:56:29.103 [main] INFO  sudoku.model.SudokuBoard - Bład w kwadracie 0
sudoku.model.SudokuBoard@781dbe44[
  size=9
  solver=sudoku.model.BacktrackingSudokuSolver@7d66a126
  board={{2,4,9,7,8,1,3,5,6},{3,5,1,6,9,2,7,4,8},{6,7,8,3,4,5,9,2,1},{8,1,2,4,3,6,5,7,9},{5,6,3,8,7,9,2,1,4},{7,9,4,5,0,0,0,0,0},{0,0,0,0,0,0,0,0,0},{0,0,0,0,0,0,0,0,0},{0,0,0,0,0,0,0,0,0}}
]
22:56:29.103 [main] INFO  sudoku.model.SudokuBoard - Wartość 0 wstawiona nieprawidłowo
22:56:29.103 [main] INFO  sudoku.model.SudokuBoard - Bład w kwadracie 0
sudoku.model.SudokuBoard@781dbe44[
  size=9
  solver=sudoku.model.BacktrackingSudokuSolver@7d66a126
  board={{2,4,9,7,8,1,3,5,6},{3,5,1,6,9,2,7,4,8},{6,7,8,3,4,5,9,2,1},{8,1,2,4,3,6,5,7,9},{5,6,3,8,7,9,2,1,4},{7,9,4,5,0,0,0,0,0},{0,0,0,0,0,0,0,0,0},{0,0,0,0,0,0,0,0,0},{0,0,0,0,0,0,0,0,0}}
]
22:56:29.103 [main] INFO  sudoku.model.SudokuBoard - Wartość 0 wstawiona nieprawidłowo
22:56:29.103 [main] INFO  sudoku.model.SudokuBoard - Bład w kwadracie 0
sudoku.model.SudokuBoard@781dbe44[
  size=9
  solver=sudoku.model.BacktrackingSudokuSolver@7d66a126
  board={{2,4,9,7,8,1,3,5,6},{3,5,1,6,9,2,7,4,8},{6,7,8,3,4,5,9,2,1},{8,1,2,4,3,6,5,7,9},{5,6,3,8,7,9,2,1,4},{7,9,4,0,0,0,0,0,0},{0,0,0,0,0,0,0,0,0},{0,0,0,0,0,0,0,0,0},{0,0,0,0,0,0,0,0,0}}
]
22:56:29.103 [main] INFO  sudoku.model.SudokuBoard - Wartość 0 wstawiona nieprawidłowo
22:56:29.104 [main] INFO  sudoku.model.SudokuBoard - Bład w kwadracie 0
sudoku.model.SudokuBoard@781dbe44[
  size=9
  solver=sudoku.model.BacktrackingSudokuSolver@7d66a126
  board={{2,4,9,7,8,1,3,5,6},{3,5,1,6,9,2,7,4,8},{6,7,8,3,4,5,9,2,1},{8,1,2,4,3,6,5,7,9},{5,6,3,8,7,9,2,1,4},{7,9,4,1,0,0,0,0,0},{0,0,0,0,0,0,0,0,0},{0,0,0,0,0,0,0,0,0},{0,0,0,0,0,0,0,0,0}}
]
22:56:29.104 [main] INFO  sudoku.model.SudokuBoard - Wartość 0 wstawiona nieprawidłowo
22:56:29.104 [main] INFO  sudoku.model.SudokuBoard - Bład w kwadracie 0
sudoku.model.SudokuBoard@781dbe44[
  size=9
  solver=sudoku.model.BacktrackingSudokuSolver@7d66a126
  board={{2,4,9,7,8,1,3,5,6},{3,5,1,6,9,2,7,4,8},{6,7,8,3,4,5,9,2,1},{8,1,2,4,3,6,5,7,9},{5,6,3,8,7,9,2,1,4},{7,9,4,1,0,0,0,0,0},{0,0,0,0,0,0,0,0,0},{0,0,0,0,0,0,0,0,0},{0,0,0,0,0,0,0,0,0}}
]
22:56:29.104 [main] INFO  sudoku.model.SudokuBoard - Wartość 0 wstawiona nieprawidłowo
22:56:29.104 [main] INFO  sudoku.model.SudokuBoard - Bład w kwadracie 0
sudoku.model.SudokuBoard@781dbe44[
  size=9
  solver=sudoku.model.BacktrackingSudokuSolver@7d66a126
  board={{2,4,9,7,8,1,3,5,6},{3,5,1,6,9,2,7,4,8},{6,7,8,3,4,5,9,2,1},{8,1,2,4,3,6,5,7,9},{5,6,3,8,7,9,2,1,4},{7,9,4,0,0,0,0,0,0},{0,0,0,0,0,0,0,0,0},{0,0,0,0,0,0,0,0,0},{0,0,0,0,0,0,0,0,0}}
]
22:56:29.104 [main] INFO  sudoku.model.SudokuBoard - Wartość 0 wstawiona nieprawidłowo
22:56:29.104 [main] INFO  sudoku.model.SudokuBoard - Bład w kwadracie 0
sudoku.model.SudokuBoard@781dbe44[
  size=9
  solver=sudoku.model.BacktrackingSudokuSolver@7d66a126
  board={{2,4,9,7,8,1,3,5,6},{3,5,1,6,9,2,7,4,8},{6,7,8,3,4,5,9,2,1},{8,1,2,4,3,6,5,7,9},{5,6,3,8,7,9,2,1,4},{7,9,4,2,0,0,0,0,0},{0,0,0,0,0,0,0,0,0},{0,0,0,0,0,0,0,0,0},{0,0,0,0,0,0,0,0,0}}
]
22:56:29.104 [main] INFO  sudoku.model.SudokuBoard - Wartość 0 wstawiona nieprawidłowo
22:56:29.104 [main] INFO  sudoku.model.SudokuBoard - Bład w kwadracie 0
sudoku.model.SudokuBoard@781dbe44[
  size=9
  solver=sudoku.model.BacktrackingSudokuSolver@7d66a126
  board={{2,4,9,7,8,1,3,5,6},{3,5,1,6,9,2,7,4,8},{6,7,8,3,4,5,9,2,1},{8,1,2,4,3,6,5,7,9},{5,6,3,8,7,9,2,1,4},{7,9,4,2,0,0,0,0,0},{0,0,0,0,0,0,0,0,0},{0,0,0,0,0,0,0,0,0},{0,0,0,0,0,0,0,0,0}}
]
22:56:29.104 [main] INFO  sudoku.model.SudokuBoard - Wartość 0 wstawiona nieprawidłowo
22:56:29.105 [main] INFO  sudoku.model.SudokuBoard - Bład w kwadracie 0
sudoku.model.SudokuBoard@781dbe44[
  size=9
  solver=sudoku.model.BacktrackingSudokuSolver@7d66a126
  board={{2,4,9,7,8,1,3,5,6},{3,5,1,6,9,2,7,4,8},{6,7,8,3,4,5,9,2,1},{8,1,2,4,3,6,5,7,9},{5,6,3,8,7,9,2,1,4},{7,9,4,0,0,0,0,0,0},{0,0,0,0,0,0,0,0,0},{0,0,0,0,0,0,0,0,0},{0,0,0,0,0,0,0,0,0}}
]
22:56:29.105 [main] INFO  sudoku.model.SudokuBoard - Wartość 0 wstawiona nieprawidłowo
22:56:29.105 [main] INFO  sudoku.model.SudokuBoard - Bład w kwadracie 0
sudoku.model.SudokuBoard@781dbe44[
  size=9
  solver=sudoku.model.BacktrackingSudokuSolver@7d66a126
  board={{2,4,9,7,8,1,3,5,6},{3,5,1,6,9,2,7,4,8},{6,7,8,3,4,5,9,2,1},{8,1,2,4,3,6,5,7,9},{5,6,3,8,7,9,2,1,4},{7,9,0,0,0,0,0,0,0},{0,0,0,0,0,0,0,0,0},{0,0,0,0,0,0,0,0,0},{0,0,0,0,0,0,0,0,0}}
]
22:56:29.105 [main] INFO  sudoku.model.SudokuBoard - Wartość 0 wstawiona nieprawidłowo
22:56:29.105 [main] INFO  sudoku.model.SudokuBoard - Bład w kwadracie 0
sudoku.model.SudokuBoard@781dbe44[
  size=9
  solver=sudoku.model.BacktrackingSudokuSolver@7d66a126
  board={{2,4,9,7,8,1,3,5,6},{3,5,1,6,9,2,7,4,8},{6,7,8,3,4,5,9,2,1},{8,1,2,4,3,6,5,7,9},{5,6,3,8,7,9,2,1,4},{7,0,0,0,0,0,0,0,0},{0,0,0,0,0,0,0,0,0},{0,0,0,0,0,0,0,0,0},{0,0,0,0,0,0,0,0,0}}
]
22:56:29.105 [main] INFO  sudoku.model.SudokuBoard - Wartość 0 wstawiona nieprawidłowo
22:56:29.105 [main] INFO  sudoku.model.SudokuBoard - Bład w kwadracie 0
sudoku.model.SudokuBoard@781dbe44[
  size=9
  solver=sudoku.model.BacktrackingSudokuSolver@7d66a126
  board={{2,4,9,7,8,1,3,5,6},{3,5,1,6,9,2,7,4,8},{6,7,8,3,4,5,9,2,1},{8,1,2,4,3,6,5,7,9},{5,6,3,8,7,9,2,1,4},{0,0,0,0,0,0,0,0,0},{0,0,0,0,0,0,0,0,0},{0,0,0,0,0,0,0,0,0},{0,0,0,0,0,0,0,0,0}}
]
22:56:29.105 [main] INFO  sudoku.model.SudokuBoard - Wartość 0 wstawiona nieprawidłowo
22:56:29.105 [main] INFO  sudoku.model.SudokuBoard - Bład w kwadracie 0
sudoku.model.SudokuBoard@781dbe44[
  size=9
  solver=sudoku.model.BacktrackingSudokuSolver@7d66a126
  board={{2,4,9,7,8,1,3,5,6},{3,5,1,6,9,2,7,4,8},{6,7,8,3,4,5,9,2,1},{8,1,2,4,3,6,5,7,9},{5,6,3,8,7,9,2,1,4},{0,0,0,0,0,0,0,0,0},{0,0,0,0,0,0,0,0,0},{0,0,0,0,0,0,0,0,0},{0,0,0,0,0,0,0,0,0}}
]
22:56:29.106 [main] INFO  sudoku.model.SudokuBoard - Wartość 0 wstawiona nieprawidłowo
22:56:29.106 [main] INFO  sudoku.model.SudokuBoard - Bład w kwadracie 0
sudoku.model.SudokuBoard@781dbe44[
  size=9
  solver=sudoku.model.BacktrackingSudokuSolver@7d66a126
  board={{2,4,9,7,8,1,3,5,6},{3,5,1,6,9,2,7,4,8},{6,7,8,3,4,5,9,2,1},{8,1,2,4,3,6,5,7,9},{5,6,3,8,7,9,2,1,0},{0,0,0,0,0,0,0,0,0},{0,0,0,0,0,0,0,0,0},{0,0,0,0,0,0,0,0,0},{0,0,0,0,0,0,0,0,0}}
]
22:56:29.106 [main] INFO  sudoku.model.SudokuBoard - Wartość 0 wstawiona nieprawidłowo
22:56:29.106 [main] INFO  sudoku.model.SudokuBoard - Bład w kwadracie 0
sudoku.model.SudokuBoard@781dbe44[
  size=9
  solver=sudoku.model.BacktrackingSudokuSolver@7d66a126
  board={{2,4,9,7,8,1,3,5,6},{3,5,1,6,9,2,7,4,8},{6,7,8,3,4,5,9,2,1},{8,1,2,4,3,6,5,7,9},{5,6,3,8,7,9,2,0,0},{0,0,0,0,0,0,0,0,0},{0,0,0,0,0,0,0,0,0},{0,0,0,0,0,0,0,0,0},{0,0,0,0,0,0,0,0,0}}
]
22:56:29.106 [main] INFO  sudoku.model.SudokuBoard - Wartość 0 wstawiona nieprawidłowo
22:56:29.106 [main] INFO  sudoku.model.SudokuBoard - Bład w kwadracie 0
sudoku.model.SudokuBoard@781dbe44[
  size=9
  solver=sudoku.model.BacktrackingSudokuSolver@7d66a126
  board={{2,4,9,7,8,1,3,5,6},{3,5,1,6,9,2,7,4,8},{6,7,8,3,4,5,9,2,1},{8,1,2,4,3,6,5,7,9},{5,6,3,8,7,9,0,0,0},{0,0,0,0,0,0,0,0,0},{0,0,0,0,0,0,0,0,0},{0,0,0,0,0,0,0,0,0},{0,0,0,0,0,0,0,0,0}}
]
22:56:29.106 [main] INFO  sudoku.model.SudokuBoard - Wartość 0 wstawiona nieprawidłowo
22:56:29.108 [main] INFO  sudoku.model.SudokuBoard - Bład w kwadracie 0
sudoku.model.SudokuBoard@781dbe44[
  size=9
  solver=sudoku.model.BacktrackingSudokuSolver@7d66a126
  board={{2,4,9,7,8,1,3,5,6},{3,5,1,6,9,2,7,4,8},{6,7,8,3,4,5,9,2,1},{8,1,2,4,3,6,5,7,9},{5,6,3,8,7,9,4,1,2},{4,9,7,1,0,0,0,0,0},{0,0,0,0,0,0,0,0,0},{0,0,0,0,0,0,0,0,0},{0,0,0,0,0,0,0,0,0}}
]
22:56:29.108 [main] INFO  sudoku.model.SudokuBoard - Wartość 0 wstawiona nieprawidłowo
22:56:29.108 [main] INFO  sudoku.model.SudokuBoard - Bład w kwadracie 0
sudoku.model.SudokuBoard@781dbe44[
  size=9
  solver=sudoku.model.BacktrackingSudokuSolver@7d66a126
  board={{2,4,9,7,8,1,3,5,6},{3,5,1,6,9,2,7,4,8},{6,7,8,3,4,5,9,2,1},{8,1,2,4,3,6,5,7,9},{5,6,3,8,7,9,4,1,2},{4,9,7,1,0,0,0,0,0},{0,0,0,0,0,0,0,0,0},{0,0,0,0,0,0,0,0,0},{0,0,0,0,0,0,0,0,0}}
]
22:56:29.108 [main] INFO  sudoku.model.SudokuBoard - Wartość 0 wstawiona nieprawidłowo
22:56:29.109 [main] INFO  sudoku.model.SudokuBoard - Bład w kwadracie 0
sudoku.model.SudokuBoard@781dbe44[
  size=9
  solver=sudoku.model.BacktrackingSudokuSolver@7d66a126
  board={{2,4,9,7,8,1,3,5,6},{3,5,1,6,9,2,7,4,8},{6,7,8,3,4,5,9,2,1},{8,1,2,4,3,6,5,7,9},{5,6,3,8,7,9,4,1,2},{4,9,7,0,0,0,0,0,0},{0,0,0,0,0,0,0,0,0},{0,0,0,0,0,0,0,0,0},{0,0,0,0,0,0,0,0,0}}
]
22:56:29.109 [main] INFO  sudoku.model.SudokuBoard - Wartość 0 wstawiona nieprawidłowo
22:56:29.109 [main] INFO  sudoku.model.SudokuBoard - Bład w kwadracie 0
sudoku.model.SudokuBoard@781dbe44[
  size=9
  solver=sudoku.model.BacktrackingSudokuSolver@7d66a126
  board={{2,4,9,7,8,1,3,5,6},{3,5,1,6,9,2,7,4,8},{6,7,8,3,4,5,9,2,1},{8,1,2,4,3,6,5,7,9},{5,6,3,8,7,9,4,1,2},{4,9,7,2,0,0,0,0,0},{0,0,0,0,0,0,0,0,0},{0,0,0,0,0,0,0,0,0},{0,0,0,0,0,0,0,0,0}}
]
22:56:29.109 [main] INFO  sudoku.model.SudokuBoard - Wartość 0 wstawiona nieprawidłowo
22:56:29.109 [main] INFO  sudoku.model.SudokuBoard - Bład w kwadracie 0
sudoku.model.SudokuBoard@781dbe44[
  size=9
  solver=sudoku.model.BacktrackingSudokuSolver@7d66a126
  board={{2,4,9,7,8,1,3,5,6},{3,5,1,6,9,2,7,4,8},{6,7,8,3,4,5,9,2,1},{8,1,2,4,3,6,5,7,9},{5,6,3,8,7,9,4,1,2},{4,9,7,2,0,0,0,0,0},{0,0,0,0,0,0,0,0,0},{0,0,0,0,0,0,0,0,0},{0,0,0,0,0,0,0,0,0}}
]
22:56:29.109 [main] INFO  sudoku.model.SudokuBoard - Wartość 0 wstawiona nieprawidłowo
22:56:29.109 [main] INFO  sudoku.model.SudokuBoard - Bład w kwadracie 0
sudoku.model.SudokuBoard@781dbe44[
  size=9
  solver=sudoku.model.BacktrackingSudokuSolver@7d66a126
  board={{2,4,9,7,8,1,3,5,6},{3,5,1,6,9,2,7,4,8},{6,7,8,3,4,5,9,2,1},{8,1,2,4,3,6,5,7,9},{5,6,3,8,7,9,4,1,2},{4,9,7,0,0,0,0,0,0},{0,0,0,0,0,0,0,0,0},{0,0,0,0,0,0,0,0,0},{0,0,0,0,0,0,0,0,0}}
]
22:56:29.109 [main] INFO  sudoku.model.SudokuBoard - Wartość 0 wstawiona nieprawidłowo
22:56:29.109 [main] INFO  sudoku.model.SudokuBoard - Bład w kwadracie 0
sudoku.model.SudokuBoard@781dbe44[
  size=9
  solver=sudoku.model.BacktrackingSudokuSolver@7d66a126
  board={{2,4,9,7,8,1,3,5,6},{3,5,1,6,9,2,7,4,8},{6,7,8,3,4,5,9,2,1},{8,1,2,4,3,6,5,7,9},{5,6,3,8,7,9,4,1,2},{4,9,7,5,0,0,0,0,0},{0,0,0,0,0,0,0,0,0},{0,0,0,0,0,0,0,0,0},{0,0,0,0,0,0,0,0,0}}
]
22:56:29.109 [main] INFO  sudoku.model.SudokuBoard - Wartość 0 wstawiona nieprawidłowo
22:56:29.109 [main] INFO  sudoku.model.SudokuBoard - Bład w kwadracie 0
sudoku.model.SudokuBoard@781dbe44[
  size=9
  solver=sudoku.model.BacktrackingSudokuSolver@7d66a126
  board={{2,4,9,7,8,1,3,5,6},{3,5,1,6,9,2,7,4,8},{6,7,8,3,4,5,9,2,1},{8,1,2,4,3,6,5,7,9},{5,6,3,8,7,9,4,1,2},{4,9,7,5,0,0,0,0,0},{0,0,0,0,0,0,0,0,0},{0,0,0,0,0,0,0,0,0},{0,0,0,0,0,0,0,0,0}}
]
22:56:29.110 [main] INFO  sudoku.model.SudokuBoard - Wartość 0 wstawiona nieprawidłowo
22:56:29.110 [main] INFO  sudoku.model.SudokuBoard - Bład w kwadracie 0
sudoku.model.SudokuBoard@781dbe44[
  size=9
  solver=sudoku.model.BacktrackingSudokuSolver@7d66a126
  board={{2,4,9,7,8,1,3,5,6},{3,5,1,6,9,2,7,4,8},{6,7,8,3,4,5,9,2,1},{8,1,2,4,3,6,5,7,9},{5,6,3,8,7,9,4,1,2},{4,9,7,0,0,0,0,0,0},{0,0,0,0,0,0,0,0,0},{0,0,0,0,0,0,0,0,0},{0,0,0,0,0,0,0,0,0}}
]
22:56:29.110 [main] INFO  sudoku.model.SudokuBoard - Wartość 0 wstawiona nieprawidłowo
22:56:29.110 [main] INFO  sudoku.model.SudokuBoard - Bład w kwadracie 0
sudoku.model.SudokuBoard@781dbe44[
  size=9
  solver=sudoku.model.BacktrackingSudokuSolver@7d66a126
  board={{2,4,9,7,8,1,3,5,6},{3,5,1,6,9,2,7,4,8},{6,7,8,3,4,5,9,2,1},{8,1,2,4,3,6,5,7,9},{5,6,3,8,7,9,4,1,2},{4,9,0,0,0,0,0,0,0},{0,0,0,0,0,0,0,0,0},{0,0,0,0,0,0,0,0,0},{0,0,0,0,0,0,0,0,0}}
]
22:56:29.110 [main] INFO  sudoku.model.SudokuBoard - Wartość 0 wstawiona nieprawidłowo
22:56:29.110 [main] INFO  sudoku.model.SudokuBoard - Bład w kwadracie 0
sudoku.model.SudokuBoard@781dbe44[
  size=9
  solver=sudoku.model.BacktrackingSudokuSolver@7d66a126
  board={{2,4,9,7,8,1,3,5,6},{3,5,1,6,9,2,7,4,8},{6,7,8,3,4,5,9,2,1},{8,1,2,4,3,6,5,7,9},{5,6,3,8,7,9,4,1,2},{4,0,0,0,0,0,0,0,0},{0,0,0,0,0,0,0,0,0},{0,0,0,0,0,0,0,0,0},{0,0,0,0,0,0,0,0,0}}
]
22:56:29.110 [main] INFO  sudoku.model.SudokuBoard - Wartość 0 wstawiona nieprawidłowo
22:56:29.110 [main] INFO  sudoku.model.SudokuBoard - Bład w kwadracie 0
sudoku.model.SudokuBoard@781dbe44[
  size=9
  solver=sudoku.model.BacktrackingSudokuSolver@7d66a126
  board={{2,4,9,7,8,1,3,5,6},{3,5,1,6,9,2,7,4,8},{6,7,8,3,4,5,9,2,1},{8,1,2,4,3,6,5,7,9},{5,6,3,8,7,9,4,1,2},{0,0,0,0,0,0,0,0,0},{0,0,0,0,0,0,0,0,0},{0,0,0,0,0,0,0,0,0},{0,0,0,0,0,0,0,0,0}}
]
22:56:29.110 [main] INFO  sudoku.model.SudokuBoard - Wartość 0 wstawiona nieprawidłowo
22:56:29.111 [main] INFO  sudoku.model.SudokuBoard - Bład w kwadracie 0
sudoku.model.SudokuBoard@781dbe44[
  size=9
  solver=sudoku.model.BacktrackingSudokuSolver@7d66a126
  board={{2,4,9,7,8,1,3,5,6},{3,5,1,6,9,2,7,4,8},{6,7,8,3,4,5,9,2,1},{8,1,2,4,3,6,5,7,9},{5,6,3,8,7,9,4,1,2},{7,9,4,5,0,0,0,0,0},{0,0,0,0,0,0,0,0,0},{0,0,0,0,0,0,0,0,0},{0,0,0,0,0,0,0,0,0}}
]
22:56:29.111 [main] INFO  sudoku.model.SudokuBoard - Wartość 0 wstawiona nieprawidłowo
22:56:29.111 [main] INFO  sudoku.model.SudokuBoard - Bład w kwadracie 0
sudoku.model.SudokuBoard@781dbe44[
  size=9
  solver=sudoku.model.BacktrackingSudokuSolver@7d66a126
  board={{2,4,9,7,8,1,3,5,6},{3,5,1,6,9,2,7,4,8},{6,7,8,3,4,5,9,2,1},{8,1,2,4,3,6,5,7,9},{5,6,3,8,7,9,4,1,2},{7,9,4,5,0,0,0,0,0},{0,0,0,0,0,0,0,0,0},{0,0,0,0,0,0,0,0,0},{0,0,0,0,0,0,0,0,0}}
]
22:56:29.111 [main] INFO  sudoku.model.SudokuBoard - Wartość 0 wstawiona nieprawidłowo
22:56:29.112 [main] INFO  sudoku.model.SudokuBoard - Bład w kwadracie 0
sudoku.model.SudokuBoard@781dbe44[
  size=9
  solver=sudoku.model.BacktrackingSudokuSolver@7d66a126
  board={{2,4,9,7,8,1,3,5,6},{3,5,1,6,9,2,7,4,8},{6,7,8,3,4,5,9,2,1},{8,1,2,4,3,6,5,7,9},{5,6,3,8,7,9,4,1,2},{7,9,4,0,0,0,0,0,0},{0,0,0,0,0,0,0,0,0},{0,0,0,0,0,0,0,0,0},{0,0,0,0,0,0,0,0,0}}
]
22:56:29.112 [main] INFO  sudoku.model.SudokuBoard - Wartość 0 wstawiona nieprawidłowo
22:56:29.112 [main] INFO  sudoku.model.SudokuBoard - Bład w kwadracie 0
sudoku.model.SudokuBoard@781dbe44[
  size=9
  solver=sudoku.model.BacktrackingSudokuSolver@7d66a126
  board={{2,4,9,7,8,1,3,5,6},{3,5,1,6,9,2,7,4,8},{6,7,8,3,4,5,9,2,1},{8,1,2,4,3,6,5,7,9},{5,6,3,8,7,9,4,1,2},{7,9,4,1,0,0,0,0,0},{0,0,0,0,0,0,0,0,0},{0,0,0,0,0,0,0,0,0},{0,0,0,0,0,0,0,0,0}}
]
22:56:29.112 [main] INFO  sudoku.model.SudokuBoard - Wartość 0 wstawiona nieprawidłowo
22:56:29.112 [main] INFO  sudoku.model.SudokuBoard - Bład w kwadracie 0
sudoku.model.SudokuBoard@781dbe44[
  size=9
  solver=sudoku.model.BacktrackingSudokuSolver@7d66a126
  board={{2,4,9,7,8,1,3,5,6},{3,5,1,6,9,2,7,4,8},{6,7,8,3,4,5,9,2,1},{8,1,2,4,3,6,5,7,9},{5,6,3,8,7,9,4,1,2},{7,9,4,1,0,0,0,0,0},{0,0,0,0,0,0,0,0,0},{0,0,0,0,0,0,0,0,0},{0,0,0,0,0,0,0,0,0}}
]
22:56:29.112 [main] INFO  sudoku.model.SudokuBoard - Wartość 0 wstawiona nieprawidłowo
22:56:29.112 [main] INFO  sudoku.model.SudokuBoard - Bład w kwadracie 0
sudoku.model.SudokuBoard@781dbe44[
  size=9
  solver=sudoku.model.BacktrackingSudokuSolver@7d66a126
  board={{2,4,9,7,8,1,3,5,6},{3,5,1,6,9,2,7,4,8},{6,7,8,3,4,5,9,2,1},{8,1,2,4,3,6,5,7,9},{5,6,3,8,7,9,4,1,2},{7,9,4,0,0,0,0,0,0},{0,0,0,0,0,0,0,0,0},{0,0,0,0,0,0,0,0,0},{0,0,0,0,0,0,0,0,0}}
]
22:56:29.112 [main] INFO  sudoku.model.SudokuBoard - Wartość 0 wstawiona nieprawidłowo
22:56:29.123 [main] INFO  sudoku.model.SudokuBoard - Bład w kwadracie 0
sudoku.model.SudokuBoard@781dbe44[
  size=9
  solver=sudoku.model.BacktrackingSudokuSolver@7d66a126
  board={{2,4,9,7,8,1,3,5,6},{3,5,1,6,9,2,7,4,8},{6,7,8,3,4,5,9,2,1},{8,1,2,4,3,6,5,7,9},{5,6,3,8,7,9,4,1,2},{7,9,4,2,0,0,0,0,0},{0,0,0,0,0,0,0,0,0},{0,0,0,0,0,0,0,0,0},{0,0,0,0,0,0,0,0,0}}
]
22:56:29.123 [main] INFO  sudoku.model.SudokuBoard - Wartość 0 wstawiona nieprawidłowo
22:56:29.124 [main] INFO  sudoku.model.SudokuBoard - Bład w kwadracie 0
sudoku.model.SudokuBoard@781dbe44[
  size=9
  solver=sudoku.model.BacktrackingSudokuSolver@7d66a126
  board={{2,4,9,7,8,1,3,5,6},{3,5,1,6,9,2,7,4,8},{6,7,8,3,4,5,9,2,1},{8,1,2,4,3,6,5,7,9},{5,6,3,8,7,9,4,1,2},{7,9,4,2,0,0,0,0,0},{0,0,0,0,0,0,0,0,0},{0,0,0,0,0,0,0,0,0},{0,0,0,0,0,0,0,0,0}}
]
22:56:29.124 [main] INFO  sudoku.model.SudokuBoard - Wartość 0 wstawiona nieprawidłowo
22:56:29.124 [main] INFO  sudoku.model.SudokuBoard - Bład w kwadracie 0
sudoku.model.SudokuBoard@781dbe44[
  size=9
  solver=sudoku.model.BacktrackingSudokuSolver@7d66a126
  board={{2,4,9,7,8,1,3,5,6},{3,5,1,6,9,2,7,4,8},{6,7,8,3,4,5,9,2,1},{8,1,2,4,3,6,5,7,9},{5,6,3,8,7,9,4,1,2},{7,9,4,0,0,0,0,0,0},{0,0,0,0,0,0,0,0,0},{0,0,0,0,0,0,0,0,0},{0,0,0,0,0,0,0,0,0}}
]
22:56:29.124 [main] INFO  sudoku.model.SudokuBoard - Wartość 0 wstawiona nieprawidłowo
22:56:29.125 [main] INFO  sudoku.model.SudokuBoard - Bład w kwadracie 0
sudoku.model.SudokuBoard@781dbe44[
  size=9
  solver=sudoku.model.BacktrackingSudokuSolver@7d66a126
  board={{2,4,9,7,8,1,3,5,6},{3,5,1,6,9,2,7,4,8},{6,7,8,3,4,5,9,2,1},{8,1,2,4,3,6,5,7,9},{5,6,3,8,7,9,4,1,2},{7,9,0,0,0,0,0,0,0},{0,0,0,0,0,0,0,0,0},{0,0,0,0,0,0,0,0,0},{0,0,0,0,0,0,0,0,0}}
]
22:56:29.125 [main] INFO  sudoku.model.SudokuBoard - Wartość 0 wstawiona nieprawidłowo
22:56:29.125 [main] INFO  sudoku.model.SudokuBoard - Bład w kwadracie 0
sudoku.model.SudokuBoard@781dbe44[
  size=9
  solver=sudoku.model.BacktrackingSudokuSolver@7d66a126
  board={{2,4,9,7,8,1,3,5,6},{3,5,1,6,9,2,7,4,8},{6,7,8,3,4,5,9,2,1},{8,1,2,4,3,6,5,7,9},{5,6,3,8,7,9,4,1,2},{7,0,0,0,0,0,0,0,0},{0,0,0,0,0,0,0,0,0},{0,0,0,0,0,0,0,0,0},{0,0,0,0,0,0,0,0,0}}
]
22:56:29.125 [main] INFO  sudoku.model.SudokuBoard - Wartość 0 wstawiona nieprawidłowo
22:56:29.127 [main] INFO  sudoku.model.SudokuBoard - Bład w kwadracie 0
sudoku.model.SudokuBoard@781dbe44[
  size=9
  solver=sudoku.model.BacktrackingSudokuSolver@7d66a126
  board={{2,4,9,7,8,1,3,5,6},{3,5,1,6,9,2,7,4,8},{6,7,8,3,4,5,9,2,1},{8,1,2,4,3,6,5,7,9},{5,6,3,8,7,9,4,1,2},{0,0,0,0,0,0,0,0,0},{0,0,0,0,0,0,0,0,0},{0,0,0,0,0,0,0,0,0},{0,0,0,0,0,0,0,0,0}}
]
22:56:29.127 [main] INFO  sudoku.model.SudokuBoard - Wartość 0 wstawiona nieprawidłowo
22:56:29.127 [main] INFO  sudoku.model.SudokuBoard - Bład w kwadracie 0
sudoku.model.SudokuBoard@781dbe44[
  size=9
  solver=sudoku.model.BacktrackingSudokuSolver@7d66a126
  board={{2,4,9,7,8,1,3,5,6},{3,5,1,6,9,2,7,4,8},{6,7,8,3,4,5,9,2,1},{8,1,2,4,3,6,5,7,9},{5,6,3,8,7,9,4,1,2},{0,0,0,0,0,0,0,0,0},{0,0,0,0,0,0,0,0,0},{0,0,0,0,0,0,0,0,0},{0,0,0,0,0,0,0,0,0}}
]
22:56:29.127 [main] INFO  sudoku.model.SudokuBoard - Wartość 0 wstawiona nieprawidłowo
22:56:29.127 [main] INFO  sudoku.model.SudokuBoard - Bład w kwadracie 0
sudoku.model.SudokuBoard@781dbe44[
  size=9
  solver=sudoku.model.BacktrackingSudokuSolver@7d66a126
  board={{2,4,9,7,8,1,3,5,6},{3,5,1,6,9,2,7,4,8},{6,7,8,3,4,5,9,2,1},{8,1,2,4,3,6,5,7,9},{5,6,3,8,7,9,4,1,0},{0,0,0,0,0,0,0,0,0},{0,0,0,0,0,0,0,0,0},{0,0,0,0,0,0,0,0,0},{0,0,0,0,0,0,0,0,0}}
]
22:56:29.127 [main] INFO  sudoku.model.SudokuBoard - Wartość 0 wstawiona nieprawidłowo
22:56:29.128 [main] INFO  sudoku.model.SudokuBoard - Bład w kwadracie 0
sudoku.model.SudokuBoard@781dbe44[
  size=9
  solver=sudoku.model.BacktrackingSudokuSolver@7d66a126
  board={{2,4,9,7,8,1,3,5,6},{3,5,1,6,9,2,7,4,8},{6,7,8,3,4,5,9,2,1},{8,1,2,4,3,6,5,7,9},{5,6,3,8,7,9,4,0,0},{0,0,0,0,0,0,0,0,0},{0,0,0,0,0,0,0,0,0},{0,0,0,0,0,0,0,0,0},{0,0,0,0,0,0,0,0,0}}
]
22:56:29.128 [main] INFO  sudoku.model.SudokuBoard - Wartość 0 wstawiona nieprawidłowo
22:56:29.128 [main] INFO  sudoku.model.SudokuBoard - Bład w kwadracie 0
sudoku.model.SudokuBoard@781dbe44[
  size=9
  solver=sudoku.model.BacktrackingSudokuSolver@7d66a126
  board={{2,4,9,7,8,1,3,5,6},{3,5,1,6,9,2,7,4,8},{6,7,8,3,4,5,9,2,1},{8,1,2,4,3,6,5,7,9},{5,6,3,8,7,9,0,0,0},{0,0,0,0,0,0,0,0,0},{0,0,0,0,0,0,0,0,0},{0,0,0,0,0,0,0,0,0},{0,0,0,0,0,0,0,0,0}}
]
22:56:29.128 [main] INFO  sudoku.model.SudokuBoard - Wartość 0 wstawiona nieprawidłowo
22:56:29.128 [main] INFO  sudoku.model.SudokuBoard - Bład w kwadracie 0
sudoku.model.SudokuBoard@781dbe44[
  size=9
  solver=sudoku.model.BacktrackingSudokuSolver@7d66a126
  board={{2,4,9,7,8,1,3,5,6},{3,5,1,6,9,2,7,4,8},{6,7,8,3,4,5,9,2,1},{8,1,2,4,3,6,5,7,9},{5,6,3,8,7,0,0,0,0},{0,0,0,0,0,0,0,0,0},{0,0,0,0,0,0,0,0,0},{0,0,0,0,0,0,0,0,0},{0,0,0,0,0,0,0,0,0}}
]
22:56:29.128 [main] INFO  sudoku.model.SudokuBoard - Wartość 0 wstawiona nieprawidłowo
22:56:29.128 [main] INFO  sudoku.model.SudokuBoard - Bład w kwadracie 0
sudoku.model.SudokuBoard@781dbe44[
  size=9
  solver=sudoku.model.BacktrackingSudokuSolver@7d66a126
  board={{2,4,9,7,8,1,3,5,6},{3,5,1,6,9,2,7,4,8},{6,7,8,3,4,5,9,2,1},{8,1,2,4,3,6,5,7,9},{5,6,3,8,0,0,0,0,0},{0,0,0,0,0,0,0,0,0},{0,0,0,0,0,0,0,0,0},{0,0,0,0,0,0,0,0,0},{0,0,0,0,0,0,0,0,0}}
]
22:56:29.128 [main] INFO  sudoku.model.SudokuBoard - Wartość 0 wstawiona nieprawidłowo
22:56:29.128 [main] INFO  sudoku.model.SudokuBoard - Bład w kwadracie 0
sudoku.model.SudokuBoard@781dbe44[
  size=9
  solver=sudoku.model.BacktrackingSudokuSolver@7d66a126
  board={{2,4,9,7,8,1,3,5,6},{3,5,1,6,9,2,7,4,8},{6,7,8,3,4,5,9,2,1},{8,1,2,4,3,6,5,7,9},{5,6,3,0,0,0,0,0,0},{0,0,0,0,0,0,0,0,0},{0,0,0,0,0,0,0,0,0},{0,0,0,0,0,0,0,0,0},{0,0,0,0,0,0,0,0,0}}
]
22:56:29.128 [main] INFO  sudoku.model.SudokuBoard - Wartość 0 wstawiona nieprawidłowo
22:56:29.128 [main] INFO  sudoku.model.SudokuBoard - Bład w kwadracie 0
sudoku.model.SudokuBoard@781dbe44[
  size=9
  solver=sudoku.model.BacktrackingSudokuSolver@7d66a126
  board={{2,4,9,7,8,1,3,5,6},{3,5,1,6,9,2,7,4,8},{6,7,8,3,4,5,9,2,1},{8,1,2,4,3,6,5,7,9},{5,6,3,9,7,8,0,0,0},{0,0,0,0,0,0,0,0,0},{0,0,0,0,0,0,0,0,0},{0,0,0,0,0,0,0,0,0},{0,0,0,0,0,0,0,0,0}}
]
22:56:29.128 [main] INFO  sudoku.model.SudokuBoard - Wartość 0 wstawiona nieprawidłowo
22:56:29.128 [main] INFO  sudoku.model.SudokuBoard - Bład w kwadracie 0
sudoku.model.SudokuBoard@781dbe44[
  size=9
  solver=sudoku.model.BacktrackingSudokuSolver@7d66a126
  board={{2,4,9,7,8,1,3,5,6},{3,5,1,6,9,2,7,4,8},{6,7,8,3,4,5,9,2,1},{8,1,2,4,3,6,5,7,9},{5,6,3,9,7,8,2,1,4},{4,9,7,1,0,0,0,0,0},{0,0,0,0,0,0,0,0,0},{0,0,0,0,0,0,0,0,0},{0,0,0,0,0,0,0,0,0}}
]
22:56:29.129 [main] INFO  sudoku.model.SudokuBoard - Wartość 0 wstawiona nieprawidłowo
22:56:29.129 [main] INFO  sudoku.model.SudokuBoard - Bład w kwadracie 0
sudoku.model.SudokuBoard@781dbe44[
  size=9
  solver=sudoku.model.BacktrackingSudokuSolver@7d66a126
  board={{2,4,9,7,8,1,3,5,6},{3,5,1,6,9,2,7,4,8},{6,7,8,3,4,5,9,2,1},{8,1,2,4,3,6,5,7,9},{5,6,3,9,7,8,2,1,4},{4,9,7,1,0,0,0,0,0},{0,0,0,0,0,0,0,0,0},{0,0,0,0,0,0,0,0,0},{0,0,0,0,0,0,0,0,0}}
]
22:56:29.129 [main] INFO  sudoku.model.SudokuBoard - Wartość 0 wstawiona nieprawidłowo
22:56:29.129 [main] INFO  sudoku.model.SudokuBoard - Bład w kwadracie 0
sudoku.model.SudokuBoard@781dbe44[
  size=9
  solver=sudoku.model.BacktrackingSudokuSolver@7d66a126
  board={{2,4,9,7,8,1,3,5,6},{3,5,1,6,9,2,7,4,8},{6,7,8,3,4,5,9,2,1},{8,1,2,4,3,6,5,7,9},{5,6,3,9,7,8,2,1,4},{4,9,7,0,0,0,0,0,0},{0,0,0,0,0,0,0,0,0},{0,0,0,0,0,0,0,0,0},{0,0,0,0,0,0,0,0,0}}
]
22:56:29.129 [main] INFO  sudoku.model.SudokuBoard - Wartość 0 wstawiona nieprawidłowo
22:56:29.129 [main] INFO  sudoku.model.SudokuBoard - Bład w kwadracie 0
sudoku.model.SudokuBoard@781dbe44[
  size=9
  solver=sudoku.model.BacktrackingSudokuSolver@7d66a126
  board={{2,4,9,7,8,1,3,5,6},{3,5,1,6,9,2,7,4,8},{6,7,8,3,4,5,9,2,1},{8,1,2,4,3,6,5,7,9},{5,6,3,9,7,8,2,1,4},{4,9,7,2,0,0,0,0,0},{0,0,0,0,0,0,0,0,0},{0,0,0,0,0,0,0,0,0},{0,0,0,0,0,0,0,0,0}}
]
22:56:29.129 [main] INFO  sudoku.model.SudokuBoard - Wartość 0 wstawiona nieprawidłowo
22:56:29.129 [main] INFO  sudoku.model.SudokuBoard - Bład w kwadracie 0
sudoku.model.SudokuBoard@781dbe44[
  size=9
  solver=sudoku.model.BacktrackingSudokuSolver@7d66a126
  board={{2,4,9,7,8,1,3,5,6},{3,5,1,6,9,2,7,4,8},{6,7,8,3,4,5,9,2,1},{8,1,2,4,3,6,5,7,9},{5,6,3,9,7,8,2,1,4},{4,9,7,2,0,0,0,0,0},{0,0,0,0,0,0,0,0,0},{0,0,0,0,0,0,0,0,0},{0,0,0,0,0,0,0,0,0}}
]
22:56:29.129 [main] INFO  sudoku.model.SudokuBoard - Wartość 0 wstawiona nieprawidłowo
22:56:29.129 [main] INFO  sudoku.model.SudokuBoard - Bład w kwadracie 0
sudoku.model.SudokuBoard@781dbe44[
  size=9
  solver=sudoku.model.BacktrackingSudokuSolver@7d66a126
  board={{2,4,9,7,8,1,3,5,6},{3,5,1,6,9,2,7,4,8},{6,7,8,3,4,5,9,2,1},{8,1,2,4,3,6,5,7,9},{5,6,3,9,7,8,2,1,4},{4,9,7,0,0,0,0,0,0},{0,0,0,0,0,0,0,0,0},{0,0,0,0,0,0,0,0,0},{0,0,0,0,0,0,0,0,0}}
]
22:56:29.129 [main] INFO  sudoku.model.SudokuBoard - Wartość 0 wstawiona nieprawidłowo
22:56:29.129 [main] INFO  sudoku.model.SudokuBoard - Bład w kwadracie 0
sudoku.model.SudokuBoard@781dbe44[
  size=9
  solver=sudoku.model.BacktrackingSudokuSolver@7d66a126
  board={{2,4,9,7,8,1,3,5,6},{3,5,1,6,9,2,7,4,8},{6,7,8,3,4,5,9,2,1},{8,1,2,4,3,6,5,7,9},{5,6,3,9,7,8,2,1,4},{4,9,7,5,0,0,0,0,0},{0,0,0,0,0,0,0,0,0},{0,0,0,0,0,0,0,0,0},{0,0,0,0,0,0,0,0,0}}
]
22:56:29.129 [main] INFO  sudoku.model.SudokuBoard - Wartość 0 wstawiona nieprawidłowo
22:56:29.129 [main] INFO  sudoku.model.SudokuBoard - Bład w kwadracie 0
sudoku.model.SudokuBoard@781dbe44[
  size=9
  solver=sudoku.model.BacktrackingSudokuSolver@7d66a126
  board={{2,4,9,7,8,1,3,5,6},{3,5,1,6,9,2,7,4,8},{6,7,8,3,4,5,9,2,1},{8,1,2,4,3,6,5,7,9},{5,6,3,9,7,8,2,1,4},{4,9,7,5,0,0,0,0,0},{0,0,0,0,0,0,0,0,0},{0,0,0,0,0,0,0,0,0},{0,0,0,0,0,0,0,0,0}}
]
22:56:29.129 [main] INFO  sudoku.model.SudokuBoard - Wartość 0 wstawiona nieprawidłowo
22:56:29.130 [main] INFO  sudoku.model.SudokuBoard - Bład w kwadracie 0
sudoku.model.SudokuBoard@781dbe44[
  size=9
  solver=sudoku.model.BacktrackingSudokuSolver@7d66a126
  board={{2,4,9,7,8,1,3,5,6},{3,5,1,6,9,2,7,4,8},{6,7,8,3,4,5,9,2,1},{8,1,2,4,3,6,5,7,9},{5,6,3,9,7,8,2,1,4},{4,9,7,0,0,0,0,0,0},{0,0,0,0,0,0,0,0,0},{0,0,0,0,0,0,0,0,0},{0,0,0,0,0,0,0,0,0}}
]
22:56:29.130 [main] INFO  sudoku.model.SudokuBoard - Wartość 0 wstawiona nieprawidłowo
22:56:29.130 [main] INFO  sudoku.model.SudokuBoard - Bład w kwadracie 0
sudoku.model.SudokuBoard@781dbe44[
  size=9
  solver=sudoku.model.BacktrackingSudokuSolver@7d66a126
  board={{2,4,9,7,8,1,3,5,6},{3,5,1,6,9,2,7,4,8},{6,7,8,3,4,5,9,2,1},{8,1,2,4,3,6,5,7,9},{5,6,3,9,7,8,2,1,4},{4,9,0,0,0,0,0,0,0},{0,0,0,0,0,0,0,0,0},{0,0,0,0,0,0,0,0,0},{0,0,0,0,0,0,0,0,0}}
]
22:56:29.130 [main] INFO  sudoku.model.SudokuBoard - Wartość 0 wstawiona nieprawidłowo
22:56:29.130 [main] INFO  sudoku.model.SudokuBoard - Bład w kwadracie 0
sudoku.model.SudokuBoard@781dbe44[
  size=9
  solver=sudoku.model.BacktrackingSudokuSolver@7d66a126
  board={{2,4,9,7,8,1,3,5,6},{3,5,1,6,9,2,7,4,8},{6,7,8,3,4,5,9,2,1},{8,1,2,4,3,6,5,7,9},{5,6,3,9,7,8,2,1,4},{4,0,0,0,0,0,0,0,0},{0,0,0,0,0,0,0,0,0},{0,0,0,0,0,0,0,0,0},{0,0,0,0,0,0,0,0,0}}
]
22:56:29.130 [main] INFO  sudoku.model.SudokuBoard - Wartość 0 wstawiona nieprawidłowo
22:56:29.130 [main] INFO  sudoku.model.SudokuBoard - Bład w kwadracie 0
sudoku.model.SudokuBoard@781dbe44[
  size=9
  solver=sudoku.model.BacktrackingSudokuSolver@7d66a126
  board={{2,4,9,7,8,1,3,5,6},{3,5,1,6,9,2,7,4,8},{6,7,8,3,4,5,9,2,1},{8,1,2,4,3,6,5,7,9},{5,6,3,9,7,8,2,1,4},{0,0,0,0,0,0,0,0,0},{0,0,0,0,0,0,0,0,0},{0,0,0,0,0,0,0,0,0},{0,0,0,0,0,0,0,0,0}}
]
22:56:29.130 [main] INFO  sudoku.model.SudokuBoard - Wartość 0 wstawiona nieprawidłowo
22:56:29.130 [main] INFO  sudoku.model.SudokuBoard - Bład w kwadracie 0
sudoku.model.SudokuBoard@781dbe44[
  size=9
  solver=sudoku.model.BacktrackingSudokuSolver@7d66a126
  board={{2,4,9,7,8,1,3,5,6},{3,5,1,6,9,2,7,4,8},{6,7,8,3,4,5,9,2,1},{8,1,2,4,3,6,5,7,9},{5,6,3,9,7,8,2,1,4},{7,9,4,1,0,0,0,0,0},{0,0,0,0,0,0,0,0,0},{0,0,0,0,0,0,0,0,0},{0,0,0,0,0,0,0,0,0}}
]
22:56:29.130 [main] INFO  sudoku.model.SudokuBoard - Wartość 0 wstawiona nieprawidłowo
22:56:29.130 [main] INFO  sudoku.model.SudokuBoard - Bład w kwadracie 0
sudoku.model.SudokuBoard@781dbe44[
  size=9
  solver=sudoku.model.BacktrackingSudokuSolver@7d66a126
  board={{2,4,9,7,8,1,3,5,6},{3,5,1,6,9,2,7,4,8},{6,7,8,3,4,5,9,2,1},{8,1,2,4,3,6,5,7,9},{5,6,3,9,7,8,2,1,4},{7,9,4,1,0,0,0,0,0},{0,0,0,0,0,0,0,0,0},{0,0,0,0,0,0,0,0,0},{0,0,0,0,0,0,0,0,0}}
]
22:56:29.130 [main] INFO  sudoku.model.SudokuBoard - Wartość 0 wstawiona nieprawidłowo
22:56:29.130 [main] INFO  sudoku.model.SudokuBoard - Bład w kwadracie 0
sudoku.model.SudokuBoard@781dbe44[
  size=9
  solver=sudoku.model.BacktrackingSudokuSolver@7d66a126
  board={{2,4,9,7,8,1,3,5,6},{3,5,1,6,9,2,7,4,8},{6,7,8,3,4,5,9,2,1},{8,1,2,4,3,6,5,7,9},{5,6,3,9,7,8,2,1,4},{7,9,4,0,0,0,0,0,0},{0,0,0,0,0,0,0,0,0},{0,0,0,0,0,0,0,0,0},{0,0,0,0,0,0,0,0,0}}
]
22:56:29.130 [main] INFO  sudoku.model.SudokuBoard - Wartość 0 wstawiona nieprawidłowo
22:56:29.134 [main] INFO  sudoku.model.SudokuBoard - Bład w kwadracie 0
sudoku.model.SudokuBoard@781dbe44[
  size=9
  solver=sudoku.model.BacktrackingSudokuSolver@7d66a126
  board={{2,4,9,7,8,1,3,5,6},{3,5,1,6,9,2,7,4,8},{6,7,8,3,4,5,9,2,1},{8,1,2,4,3,6,5,7,9},{5,6,3,9,7,8,2,1,4},{7,9,4,2,0,0,0,0,0},{0,0,0,0,0,0,0,0,0},{0,0,0,0,0,0,0,0,0},{0,0,0,0,0,0,0,0,0}}
]
22:56:29.135 [main] INFO  sudoku.model.SudokuBoard - Wartość 0 wstawiona nieprawidłowo
22:56:29.135 [main] INFO  sudoku.model.SudokuBoard - Bład w kwadracie 0
sudoku.model.SudokuBoard@781dbe44[
  size=9
  solver=sudoku.model.BacktrackingSudokuSolver@7d66a126
  board={{2,4,9,7,8,1,3,5,6},{3,5,1,6,9,2,7,4,8},{6,7,8,3,4,5,9,2,1},{8,1,2,4,3,6,5,7,9},{5,6,3,9,7,8,2,1,4},{7,9,4,2,0,0,0,0,0},{0,0,0,0,0,0,0,0,0},{0,0,0,0,0,0,0,0,0},{0,0,0,0,0,0,0,0,0}}
]
22:56:29.135 [main] INFO  sudoku.model.SudokuBoard - Wartość 0 wstawiona nieprawidłowo
22:56:29.136 [main] INFO  sudoku.model.SudokuBoard - Bład w kwadracie 0
sudoku.model.SudokuBoard@781dbe44[
  size=9
  solver=sudoku.model.BacktrackingSudokuSolver@7d66a126
  board={{2,4,9,7,8,1,3,5,6},{3,5,1,6,9,2,7,4,8},{6,7,8,3,4,5,9,2,1},{8,1,2,4,3,6,5,7,9},{5,6,3,9,7,8,2,1,4},{7,9,4,0,0,0,0,0,0},{0,0,0,0,0,0,0,0,0},{0,0,0,0,0,0,0,0,0},{0,0,0,0,0,0,0,0,0}}
]
22:56:29.136 [main] INFO  sudoku.model.SudokuBoard - Wartość 0 wstawiona nieprawidłowo
22:56:29.136 [main] INFO  sudoku.model.SudokuBoard - Bład w kwadracie 0
sudoku.model.SudokuBoard@781dbe44[
  size=9
  solver=sudoku.model.BacktrackingSudokuSolver@7d66a126
  board={{2,4,9,7,8,1,3,5,6},{3,5,1,6,9,2,7,4,8},{6,7,8,3,4,5,9,2,1},{8,1,2,4,3,6,5,7,9},{5,6,3,9,7,8,2,1,4},{7,9,4,5,0,0,0,0,0},{0,0,0,0,0,0,0,0,0},{0,0,0,0,0,0,0,0,0},{0,0,0,0,0,0,0,0,0}}
]
22:56:29.136 [main] INFO  sudoku.model.SudokuBoard - Wartość 0 wstawiona nieprawidłowo
22:56:29.137 [main] INFO  sudoku.model.SudokuBoard - Bład w kwadracie 0
sudoku.model.SudokuBoard@781dbe44[
  size=9
  solver=sudoku.model.BacktrackingSudokuSolver@7d66a126
  board={{2,4,9,7,8,1,3,5,6},{3,5,1,6,9,2,7,4,8},{6,7,8,3,4,5,9,2,1},{8,1,2,4,3,6,5,7,9},{5,6,3,9,7,8,2,1,4},{7,9,4,5,0,0,0,0,0},{0,0,0,0,0,0,0,0,0},{0,0,0,0,0,0,0,0,0},{0,0,0,0,0,0,0,0,0}}
]
22:56:29.137 [main] INFO  sudoku.model.SudokuBoard - Wartość 0 wstawiona nieprawidłowo
22:56:29.137 [main] INFO  sudoku.model.SudokuBoard - Bład w kwadracie 0
sudoku.model.SudokuBoard@781dbe44[
  size=9
  solver=sudoku.model.BacktrackingSudokuSolver@7d66a126
  board={{2,4,9,7,8,1,3,5,6},{3,5,1,6,9,2,7,4,8},{6,7,8,3,4,5,9,2,1},{8,1,2,4,3,6,5,7,9},{5,6,3,9,7,8,2,1,4},{7,9,4,0,0,0,0,0,0},{0,0,0,0,0,0,0,0,0},{0,0,0,0,0,0,0,0,0},{0,0,0,0,0,0,0,0,0}}
]
22:56:29.138 [main] INFO  sudoku.model.SudokuBoard - Wartość 0 wstawiona nieprawidłowo
22:56:29.138 [main] INFO  sudoku.model.SudokuBoard - Bład w kwadracie 0
sudoku.model.SudokuBoard@781dbe44[
  size=9
  solver=sudoku.model.BacktrackingSudokuSolver@7d66a126
  board={{2,4,9,7,8,1,3,5,6},{3,5,1,6,9,2,7,4,8},{6,7,8,3,4,5,9,2,1},{8,1,2,4,3,6,5,7,9},{5,6,3,9,7,8,2,1,4},{7,9,0,0,0,0,0,0,0},{0,0,0,0,0,0,0,0,0},{0,0,0,0,0,0,0,0,0},{0,0,0,0,0,0,0,0,0}}
]
22:56:29.138 [main] INFO  sudoku.model.SudokuBoard - Wartość 0 wstawiona nieprawidłowo
22:56:29.138 [main] INFO  sudoku.model.SudokuBoard - Bład w kwadracie 0
sudoku.model.SudokuBoard@781dbe44[
  size=9
  solver=sudoku.model.BacktrackingSudokuSolver@7d66a126
  board={{2,4,9,7,8,1,3,5,6},{3,5,1,6,9,2,7,4,8},{6,7,8,3,4,5,9,2,1},{8,1,2,4,3,6,5,7,9},{5,6,3,9,7,8,2,1,4},{7,0,0,0,0,0,0,0,0},{0,0,0,0,0,0,0,0,0},{0,0,0,0,0,0,0,0,0},{0,0,0,0,0,0,0,0,0}}
]
22:56:29.138 [main] INFO  sudoku.model.SudokuBoard - Wartość 0 wstawiona nieprawidłowo
22:56:29.138 [main] INFO  sudoku.model.SudokuBoard - Bład w kwadracie 0
sudoku.model.SudokuBoard@781dbe44[
  size=9
  solver=sudoku.model.BacktrackingSudokuSolver@7d66a126
  board={{2,4,9,7,8,1,3,5,6},{3,5,1,6,9,2,7,4,8},{6,7,8,3,4,5,9,2,1},{8,1,2,4,3,6,5,7,9},{5,6,3,9,7,8,2,1,4},{0,0,0,0,0,0,0,0,0},{0,0,0,0,0,0,0,0,0},{0,0,0,0,0,0,0,0,0},{0,0,0,0,0,0,0,0,0}}
]
22:56:29.138 [main] INFO  sudoku.model.SudokuBoard - Wartość 0 wstawiona nieprawidłowo
22:56:29.139 [main] INFO  sudoku.model.SudokuBoard - Bład w kwadracie 0
sudoku.model.SudokuBoard@781dbe44[
  size=9
  solver=sudoku.model.BacktrackingSudokuSolver@7d66a126
  board={{2,4,9,7,8,1,3,5,6},{3,5,1,6,9,2,7,4,8},{6,7,8,3,4,5,9,2,1},{8,1,2,4,3,6,5,7,9},{5,6,3,9,7,8,2,1,4},{0,0,0,0,0,0,0,0,0},{0,0,0,0,0,0,0,0,0},{0,0,0,0,0,0,0,0,0},{0,0,0,0,0,0,0,0,0}}
]
22:56:29.139 [main] INFO  sudoku.model.SudokuBoard - Wartość 0 wstawiona nieprawidłowo
22:56:29.139 [main] INFO  sudoku.model.SudokuBoard - Bład w kwadracie 0
sudoku.model.SudokuBoard@781dbe44[
  size=9
  solver=sudoku.model.BacktrackingSudokuSolver@7d66a126
  board={{2,4,9,7,8,1,3,5,6},{3,5,1,6,9,2,7,4,8},{6,7,8,3,4,5,9,2,1},{8,1,2,4,3,6,5,7,9},{5,6,3,9,7,8,2,1,0},{0,0,0,0,0,0,0,0,0},{0,0,0,0,0,0,0,0,0},{0,0,0,0,0,0,0,0,0},{0,0,0,0,0,0,0,0,0}}
]
22:56:29.139 [main] INFO  sudoku.model.SudokuBoard - Wartość 0 wstawiona nieprawidłowo
22:56:29.139 [main] INFO  sudoku.model.SudokuBoard - Bład w kwadracie 0
sudoku.model.SudokuBoard@781dbe44[
  size=9
  solver=sudoku.model.BacktrackingSudokuSolver@7d66a126
  board={{2,4,9,7,8,1,3,5,6},{3,5,1,6,9,2,7,4,8},{6,7,8,3,4,5,9,2,1},{8,1,2,4,3,6,5,7,9},{5,6,3,9,7,8,2,0,0},{0,0,0,0,0,0,0,0,0},{0,0,0,0,0,0,0,0,0},{0,0,0,0,0,0,0,0,0},{0,0,0,0,0,0,0,0,0}}
]
22:56:29.139 [main] INFO  sudoku.model.SudokuBoard - Wartość 0 wstawiona nieprawidłowo
22:56:29.139 [main] INFO  sudoku.model.SudokuBoard - Bład w kwadracie 0
sudoku.model.SudokuBoard@781dbe44[
  size=9
  solver=sudoku.model.BacktrackingSudokuSolver@7d66a126
  board={{2,4,9,7,8,1,3,5,6},{3,5,1,6,9,2,7,4,8},{6,7,8,3,4,5,9,2,1},{8,1,2,4,3,6,5,7,9},{5,6,3,9,7,8,0,0,0},{0,0,0,0,0,0,0,0,0},{0,0,0,0,0,0,0,0,0},{0,0,0,0,0,0,0,0,0},{0,0,0,0,0,0,0,0,0}}
]
22:56:29.139 [main] INFO  sudoku.model.SudokuBoard - Wartość 0 wstawiona nieprawidłowo
22:56:29.139 [main] INFO  sudoku.model.SudokuBoard - Bład w kwadracie 0
sudoku.model.SudokuBoard@781dbe44[
  size=9
  solver=sudoku.model.BacktrackingSudokuSolver@7d66a126
  board={{2,4,9,7,8,1,3,5,6},{3,5,1,6,9,2,7,4,8},{6,7,8,3,4,5,9,2,1},{8,1,2,4,3,6,5,7,9},{5,6,3,9,7,8,4,1,2},{4,9,7,1,0,0,0,0,0},{0,0,0,0,0,0,0,0,0},{0,0,0,0,0,0,0,0,0},{0,0,0,0,0,0,0,0,0}}
]
22:56:29.139 [main] INFO  sudoku.model.SudokuBoard - Wartość 0 wstawiona nieprawidłowo
22:56:29.140 [main] INFO  sudoku.model.SudokuBoard - Bład w kwadracie 0
sudoku.model.SudokuBoard@781dbe44[
  size=9
  solver=sudoku.model.BacktrackingSudokuSolver@7d66a126
  board={{2,4,9,7,8,1,3,5,6},{3,5,1,6,9,2,7,4,8},{6,7,8,3,4,5,9,2,1},{8,1,2,4,3,6,5,7,9},{5,6,3,9,7,8,4,1,2},{4,9,7,1,0,0,0,0,0},{0,0,0,0,0,0,0,0,0},{0,0,0,0,0,0,0,0,0},{0,0,0,0,0,0,0,0,0}}
]
22:56:29.140 [main] INFO  sudoku.model.SudokuBoard - Wartość 0 wstawiona nieprawidłowo
22:56:29.140 [main] INFO  sudoku.model.SudokuBoard - Bład w kwadracie 0
sudoku.model.SudokuBoard@781dbe44[
  size=9
  solver=sudoku.model.BacktrackingSudokuSolver@7d66a126
  board={{2,4,9,7,8,1,3,5,6},{3,5,1,6,9,2,7,4,8},{6,7,8,3,4,5,9,2,1},{8,1,2,4,3,6,5,7,9},{5,6,3,9,7,8,4,1,2},{4,9,7,0,0,0,0,0,0},{0,0,0,0,0,0,0,0,0},{0,0,0,0,0,0,0,0,0},{0,0,0,0,0,0,0,0,0}}
]
22:56:29.141 [main] INFO  sudoku.model.SudokuBoard - Wartość 0 wstawiona nieprawidłowo
22:56:29.141 [main] INFO  sudoku.model.SudokuBoard - Bład w kwadracie 0
sudoku.model.SudokuBoard@781dbe44[
  size=9
  solver=sudoku.model.BacktrackingSudokuSolver@7d66a126
  board={{2,4,9,7,8,1,3,5,6},{3,5,1,6,9,2,7,4,8},{6,7,8,3,4,5,9,2,1},{8,1,2,4,3,6,5,7,9},{5,6,3,9,7,8,4,1,2},{4,9,7,2,0,0,0,0,0},{0,0,0,0,0,0,0,0,0},{0,0,0,0,0,0,0,0,0},{0,0,0,0,0,0,0,0,0}}
]
22:56:29.142 [main] INFO  sudoku.model.SudokuBoard - Wartość 0 wstawiona nieprawidłowo
22:56:29.143 [main] INFO  sudoku.model.SudokuBoard - Bład w kwadracie 0
sudoku.model.SudokuBoard@781dbe44[
  size=9
  solver=sudoku.model.BacktrackingSudokuSolver@7d66a126
  board={{2,4,9,7,8,1,3,5,6},{3,5,1,6,9,2,7,4,8},{6,7,8,3,4,5,9,2,1},{8,1,2,4,3,6,5,7,9},{5,6,3,9,7,8,4,1,2},{4,9,7,2,0,0,0,0,0},{0,0,0,0,0,0,0,0,0},{0,0,0,0,0,0,0,0,0},{0,0,0,0,0,0,0,0,0}}
]
22:56:29.143 [main] INFO  sudoku.model.SudokuBoard - Wartość 0 wstawiona nieprawidłowo
22:56:29.143 [main] INFO  sudoku.model.SudokuBoard - Bład w kwadracie 0
sudoku.model.SudokuBoard@781dbe44[
  size=9
  solver=sudoku.model.BacktrackingSudokuSolver@7d66a126
  board={{2,4,9,7,8,1,3,5,6},{3,5,1,6,9,2,7,4,8},{6,7,8,3,4,5,9,2,1},{8,1,2,4,3,6,5,7,9},{5,6,3,9,7,8,4,1,2},{4,9,7,0,0,0,0,0,0},{0,0,0,0,0,0,0,0,0},{0,0,0,0,0,0,0,0,0},{0,0,0,0,0,0,0,0,0}}
]
22:56:29.143 [main] INFO  sudoku.model.SudokuBoard - Wartość 0 wstawiona nieprawidłowo
22:56:29.143 [main] INFO  sudoku.model.SudokuBoard - Bład w kwadracie 0
sudoku.model.SudokuBoard@781dbe44[
  size=9
  solver=sudoku.model.BacktrackingSudokuSolver@7d66a126
  board={{2,4,9,7,8,1,3,5,6},{3,5,1,6,9,2,7,4,8},{6,7,8,3,4,5,9,2,1},{8,1,2,4,3,6,5,7,9},{5,6,3,9,7,8,4,1,2},{4,9,7,5,0,0,0,0,0},{0,0,0,0,0,0,0,0,0},{0,0,0,0,0,0,0,0,0},{0,0,0,0,0,0,0,0,0}}
]
22:56:29.143 [main] INFO  sudoku.model.SudokuBoard - Wartość 0 wstawiona nieprawidłowo
22:56:29.143 [main] INFO  sudoku.model.SudokuBoard - Bład w kwadracie 0
sudoku.model.SudokuBoard@781dbe44[
  size=9
  solver=sudoku.model.BacktrackingSudokuSolver@7d66a126
  board={{2,4,9,7,8,1,3,5,6},{3,5,1,6,9,2,7,4,8},{6,7,8,3,4,5,9,2,1},{8,1,2,4,3,6,5,7,9},{5,6,3,9,7,8,4,1,2},{4,9,7,5,0,0,0,0,0},{0,0,0,0,0,0,0,0,0},{0,0,0,0,0,0,0,0,0},{0,0,0,0,0,0,0,0,0}}
]
22:56:29.143 [main] INFO  sudoku.model.SudokuBoard - Wartość 0 wstawiona nieprawidłowo
22:56:29.144 [main] INFO  sudoku.model.SudokuBoard - Bład w kwadracie 0
sudoku.model.SudokuBoard@781dbe44[
  size=9
  solver=sudoku.model.BacktrackingSudokuSolver@7d66a126
  board={{2,4,9,7,8,1,3,5,6},{3,5,1,6,9,2,7,4,8},{6,7,8,3,4,5,9,2,1},{8,1,2,4,3,6,5,7,9},{5,6,3,9,7,8,4,1,2},{4,9,7,0,0,0,0,0,0},{0,0,0,0,0,0,0,0,0},{0,0,0,0,0,0,0,0,0},{0,0,0,0,0,0,0,0,0}}
]
22:56:29.145 [main] INFO  sudoku.model.SudokuBoard - Wartość 0 wstawiona nieprawidłowo
22:56:29.145 [main] INFO  sudoku.model.SudokuBoard - Bład w kwadracie 0
sudoku.model.SudokuBoard@781dbe44[
  size=9
  solver=sudoku.model.BacktrackingSudokuSolver@7d66a126
  board={{2,4,9,7,8,1,3,5,6},{3,5,1,6,9,2,7,4,8},{6,7,8,3,4,5,9,2,1},{8,1,2,4,3,6,5,7,9},{5,6,3,9,7,8,4,1,2},{4,9,0,0,0,0,0,0,0},{0,0,0,0,0,0,0,0,0},{0,0,0,0,0,0,0,0,0},{0,0,0,0,0,0,0,0,0}}
]
22:56:29.145 [main] INFO  sudoku.model.SudokuBoard - Wartość 0 wstawiona nieprawidłowo
22:56:29.145 [main] INFO  sudoku.model.SudokuBoard - Bład w kwadracie 0
sudoku.model.SudokuBoard@781dbe44[
  size=9
  solver=sudoku.model.BacktrackingSudokuSolver@7d66a126
  board={{2,4,9,7,8,1,3,5,6},{3,5,1,6,9,2,7,4,8},{6,7,8,3,4,5,9,2,1},{8,1,2,4,3,6,5,7,9},{5,6,3,9,7,8,4,1,2},{4,0,0,0,0,0,0,0,0},{0,0,0,0,0,0,0,0,0},{0,0,0,0,0,0,0,0,0},{0,0,0,0,0,0,0,0,0}}
]
22:56:29.145 [main] INFO  sudoku.model.SudokuBoard - Wartość 0 wstawiona nieprawidłowo
22:56:29.148 [main] INFO  sudoku.model.SudokuBoard - Bład w kwadracie 0
sudoku.model.SudokuBoard@781dbe44[
  size=9
  solver=sudoku.model.BacktrackingSudokuSolver@7d66a126
  board={{2,4,9,7,8,1,3,5,6},{3,5,1,6,9,2,7,4,8},{6,7,8,3,4,5,9,2,1},{8,1,2,4,3,6,5,7,9},{5,6,3,9,7,8,4,1,2},{0,0,0,0,0,0,0,0,0},{0,0,0,0,0,0,0,0,0},{0,0,0,0,0,0,0,0,0},{0,0,0,0,0,0,0,0,0}}
]
22:56:29.148 [main] INFO  sudoku.model.SudokuBoard - Wartość 0 wstawiona nieprawidłowo
22:56:29.148 [main] INFO  sudoku.model.SudokuBoard - Bład w kwadracie 0
sudoku.model.SudokuBoard@781dbe44[
  size=9
  solver=sudoku.model.BacktrackingSudokuSolver@7d66a126
  board={{2,4,9,7,8,1,3,5,6},{3,5,1,6,9,2,7,4,8},{6,7,8,3,4,5,9,2,1},{8,1,2,4,3,6,5,7,9},{5,6,3,9,7,8,4,1,2},{7,9,4,1,0,0,0,0,0},{0,0,0,0,0,0,0,0,0},{0,0,0,0,0,0,0,0,0},{0,0,0,0,0,0,0,0,0}}
]
22:56:29.148 [main] INFO  sudoku.model.SudokuBoard - Wartość 0 wstawiona nieprawidłowo
22:56:29.149 [main] INFO  sudoku.model.SudokuBoard - Bład w kwadracie 0
sudoku.model.SudokuBoard@781dbe44[
  size=9
  solver=sudoku.model.BacktrackingSudokuSolver@7d66a126
  board={{2,4,9,7,8,1,3,5,6},{3,5,1,6,9,2,7,4,8},{6,7,8,3,4,5,9,2,1},{8,1,2,4,3,6,5,7,9},{5,6,3,9,7,8,4,1,2},{7,9,4,1,0,0,0,0,0},{0,0,0,0,0,0,0,0,0},{0,0,0,0,0,0,0,0,0},{0,0,0,0,0,0,0,0,0}}
]
22:56:29.149 [main] INFO  sudoku.model.SudokuBoard - Wartość 0 wstawiona nieprawidłowo
22:56:29.149 [main] INFO  sudoku.model.SudokuBoard - Bład w kwadracie 0
sudoku.model.SudokuBoard@781dbe44[
  size=9
  solver=sudoku.model.BacktrackingSudokuSolver@7d66a126
  board={{2,4,9,7,8,1,3,5,6},{3,5,1,6,9,2,7,4,8},{6,7,8,3,4,5,9,2,1},{8,1,2,4,3,6,5,7,9},{5,6,3,9,7,8,4,1,2},{7,9,4,0,0,0,0,0,0},{0,0,0,0,0,0,0,0,0},{0,0,0,0,0,0,0,0,0},{0,0,0,0,0,0,0,0,0}}
]
22:56:29.149 [main] INFO  sudoku.model.SudokuBoard - Wartość 0 wstawiona nieprawidłowo
22:56:29.150 [main] INFO  sudoku.model.SudokuBoard - Bład w kwadracie 0
sudoku.model.SudokuBoard@781dbe44[
  size=9
  solver=sudoku.model.BacktrackingSudokuSolver@7d66a126
  board={{2,4,9,7,8,1,3,5,6},{3,5,1,6,9,2,7,4,8},{6,7,8,3,4,5,9,2,1},{8,1,2,4,3,6,5,7,9},{5,6,3,9,7,8,4,1,2},{7,9,4,2,0,0,0,0,0},{0,0,0,0,0,0,0,0,0},{0,0,0,0,0,0,0,0,0},{0,0,0,0,0,0,0,0,0}}
]
22:56:29.150 [main] INFO  sudoku.model.SudokuBoard - Wartość 0 wstawiona nieprawidłowo
22:56:29.150 [main] INFO  sudoku.model.SudokuBoard - Bład w kwadracie 0
sudoku.model.SudokuBoard@781dbe44[
  size=9
  solver=sudoku.model.BacktrackingSudokuSolver@7d66a126
  board={{2,4,9,7,8,1,3,5,6},{3,5,1,6,9,2,7,4,8},{6,7,8,3,4,5,9,2,1},{8,1,2,4,3,6,5,7,9},{5,6,3,9,7,8,4,1,2},{7,9,4,2,0,0,0,0,0},{0,0,0,0,0,0,0,0,0},{0,0,0,0,0,0,0,0,0},{0,0,0,0,0,0,0,0,0}}
]
22:56:29.150 [main] INFO  sudoku.model.SudokuBoard - Wartość 0 wstawiona nieprawidłowo
22:56:29.151 [main] INFO  sudoku.model.SudokuBoard - Bład w kwadracie 0
sudoku.model.SudokuBoard@781dbe44[
  size=9
  solver=sudoku.model.BacktrackingSudokuSolver@7d66a126
  board={{2,4,9,7,8,1,3,5,6},{3,5,1,6,9,2,7,4,8},{6,7,8,3,4,5,9,2,1},{8,1,2,4,3,6,5,7,9},{5,6,3,9,7,8,4,1,2},{7,9,4,0,0,0,0,0,0},{0,0,0,0,0,0,0,0,0},{0,0,0,0,0,0,0,0,0},{0,0,0,0,0,0,0,0,0}}
]
22:56:29.151 [main] INFO  sudoku.model.SudokuBoard - Wartość 0 wstawiona nieprawidłowo
22:56:29.151 [main] INFO  sudoku.model.SudokuBoard - Bład w kwadracie 0
sudoku.model.SudokuBoard@781dbe44[
  size=9
  solver=sudoku.model.BacktrackingSudokuSolver@7d66a126
  board={{2,4,9,7,8,1,3,5,6},{3,5,1,6,9,2,7,4,8},{6,7,8,3,4,5,9,2,1},{8,1,2,4,3,6,5,7,9},{5,6,3,9,7,8,4,1,2},{7,9,4,5,0,0,0,0,0},{0,0,0,0,0,0,0,0,0},{0,0,0,0,0,0,0,0,0},{0,0,0,0,0,0,0,0,0}}
]
22:56:29.151 [main] INFO  sudoku.model.SudokuBoard - Wartość 0 wstawiona nieprawidłowo
22:56:29.151 [main] INFO  sudoku.model.SudokuBoard - Bład w kwadracie 0
sudoku.model.SudokuBoard@781dbe44[
  size=9
  solver=sudoku.model.BacktrackingSudokuSolver@7d66a126
  board={{2,4,9,7,8,1,3,5,6},{3,5,1,6,9,2,7,4,8},{6,7,8,3,4,5,9,2,1},{8,1,2,4,3,6,5,7,9},{5,6,3,9,7,8,4,1,2},{7,9,4,5,0,0,0,0,0},{0,0,0,0,0,0,0,0,0},{0,0,0,0,0,0,0,0,0},{0,0,0,0,0,0,0,0,0}}
]
22:56:29.151 [main] INFO  sudoku.model.SudokuBoard - Wartość 0 wstawiona nieprawidłowo
22:56:29.151 [main] INFO  sudoku.model.SudokuBoard - Bład w kwadracie 0
sudoku.model.SudokuBoard@781dbe44[
  size=9
  solver=sudoku.model.BacktrackingSudokuSolver@7d66a126
  board={{2,4,9,7,8,1,3,5,6},{3,5,1,6,9,2,7,4,8},{6,7,8,3,4,5,9,2,1},{8,1,2,4,3,6,5,7,9},{5,6,3,9,7,8,4,1,2},{7,9,4,0,0,0,0,0,0},{0,0,0,0,0,0,0,0,0},{0,0,0,0,0,0,0,0,0},{0,0,0,0,0,0,0,0,0}}
]
22:56:29.151 [main] INFO  sudoku.model.SudokuBoard - Wartość 0 wstawiona nieprawidłowo
22:56:29.151 [main] INFO  sudoku.model.SudokuBoard - Bład w kwadracie 0
sudoku.model.SudokuBoard@781dbe44[
  size=9
  solver=sudoku.model.BacktrackingSudokuSolver@7d66a126
  board={{2,4,9,7,8,1,3,5,6},{3,5,1,6,9,2,7,4,8},{6,7,8,3,4,5,9,2,1},{8,1,2,4,3,6,5,7,9},{5,6,3,9,7,8,4,1,2},{7,9,0,0,0,0,0,0,0},{0,0,0,0,0,0,0,0,0},{0,0,0,0,0,0,0,0,0},{0,0,0,0,0,0,0,0,0}}
]
22:56:29.151 [main] INFO  sudoku.model.SudokuBoard - Wartość 0 wstawiona nieprawidłowo
22:56:29.151 [main] INFO  sudoku.model.SudokuBoard - Bład w kwadracie 0
sudoku.model.SudokuBoard@781dbe44[
  size=9
  solver=sudoku.model.BacktrackingSudokuSolver@7d66a126
  board={{2,4,9,7,8,1,3,5,6},{3,5,1,6,9,2,7,4,8},{6,7,8,3,4,5,9,2,1},{8,1,2,4,3,6,5,7,9},{5,6,3,9,7,8,4,1,2},{7,0,0,0,0,0,0,0,0},{0,0,0,0,0,0,0,0,0},{0,0,0,0,0,0,0,0,0},{0,0,0,0,0,0,0,0,0}}
]
22:56:29.151 [main] INFO  sudoku.model.SudokuBoard - Wartość 0 wstawiona nieprawidłowo
22:56:29.152 [main] INFO  sudoku.model.SudokuBoard - Bład w kwadracie 0
sudoku.model.SudokuBoard@781dbe44[
  size=9
  solver=sudoku.model.BacktrackingSudokuSolver@7d66a126
  board={{2,4,9,7,8,1,3,5,6},{3,5,1,6,9,2,7,4,8},{6,7,8,3,4,5,9,2,1},{8,1,2,4,3,6,5,7,9},{5,6,3,9,7,8,4,1,2},{0,0,0,0,0,0,0,0,0},{0,0,0,0,0,0,0,0,0},{0,0,0,0,0,0,0,0,0},{0,0,0,0,0,0,0,0,0}}
]
22:56:29.152 [main] INFO  sudoku.model.SudokuBoard - Wartość 0 wstawiona nieprawidłowo
22:56:29.152 [main] INFO  sudoku.model.SudokuBoard - Bład w kwadracie 0
sudoku.model.SudokuBoard@781dbe44[
  size=9
  solver=sudoku.model.BacktrackingSudokuSolver@7d66a126
  board={{2,4,9,7,8,1,3,5,6},{3,5,1,6,9,2,7,4,8},{6,7,8,3,4,5,9,2,1},{8,1,2,4,3,6,5,7,9},{5,6,3,9,7,8,4,1,2},{0,0,0,0,0,0,0,0,0},{0,0,0,0,0,0,0,0,0},{0,0,0,0,0,0,0,0,0},{0,0,0,0,0,0,0,0,0}}
]
22:56:29.152 [main] INFO  sudoku.model.SudokuBoard - Wartość 0 wstawiona nieprawidłowo
22:56:29.152 [main] INFO  sudoku.model.SudokuBoard - Bład w kwadracie 0
sudoku.model.SudokuBoard@781dbe44[
  size=9
  solver=sudoku.model.BacktrackingSudokuSolver@7d66a126
  board={{2,4,9,7,8,1,3,5,6},{3,5,1,6,9,2,7,4,8},{6,7,8,3,4,5,9,2,1},{8,1,2,4,3,6,5,7,9},{5,6,3,9,7,8,4,1,0},{0,0,0,0,0,0,0,0,0},{0,0,0,0,0,0,0,0,0},{0,0,0,0,0,0,0,0,0},{0,0,0,0,0,0,0,0,0}}
]
22:56:29.152 [main] INFO  sudoku.model.SudokuBoard - Wartość 0 wstawiona nieprawidłowo
22:56:29.152 [main] INFO  sudoku.model.SudokuBoard - Bład w kwadracie 0
sudoku.model.SudokuBoard@781dbe44[
  size=9
  solver=sudoku.model.BacktrackingSudokuSolver@7d66a126
  board={{2,4,9,7,8,1,3,5,6},{3,5,1,6,9,2,7,4,8},{6,7,8,3,4,5,9,2,1},{8,1,2,4,3,6,5,7,9},{5,6,3,9,7,8,4,0,0},{0,0,0,0,0,0,0,0,0},{0,0,0,0,0,0,0,0,0},{0,0,0,0,0,0,0,0,0},{0,0,0,0,0,0,0,0,0}}
]
22:56:29.152 [main] INFO  sudoku.model.SudokuBoard - Wartość 0 wstawiona nieprawidłowo
22:56:29.153 [main] INFO  sudoku.model.SudokuBoard - Bład w kwadracie 0
sudoku.model.SudokuBoard@781dbe44[
  size=9
  solver=sudoku.model.BacktrackingSudokuSolver@7d66a126
  board={{2,4,9,7,8,1,3,5,6},{3,5,1,6,9,2,7,4,8},{6,7,8,3,4,5,9,2,1},{8,1,2,4,3,6,5,7,9},{5,6,3,9,7,8,0,0,0},{0,0,0,0,0,0,0,0,0},{0,0,0,0,0,0,0,0,0},{0,0,0,0,0,0,0,0,0},{0,0,0,0,0,0,0,0,0}}
]
22:56:29.153 [main] INFO  sudoku.model.SudokuBoard - Wartość 0 wstawiona nieprawidłowo
22:56:29.153 [main] INFO  sudoku.model.SudokuBoard - Bład w kwadracie 0
sudoku.model.SudokuBoard@781dbe44[
  size=9
  solver=sudoku.model.BacktrackingSudokuSolver@7d66a126
  board={{2,4,9,7,8,1,3,5,6},{3,5,1,6,9,2,7,4,8},{6,7,8,3,4,5,9,2,1},{8,1,2,4,3,6,5,7,9},{5,6,3,9,7,0,0,0,0},{0,0,0,0,0,0,0,0,0},{0,0,0,0,0,0,0,0,0},{0,0,0,0,0,0,0,0,0},{0,0,0,0,0,0,0,0,0}}
]
22:56:29.153 [main] INFO  sudoku.model.SudokuBoard - Wartość 0 wstawiona nieprawidłowo
22:56:29.153 [main] INFO  sudoku.model.SudokuBoard - Bład w kwadracie 0
sudoku.model.SudokuBoard@781dbe44[
  size=9
  solver=sudoku.model.BacktrackingSudokuSolver@7d66a126
  board={{2,4,9,7,8,1,3,5,6},{3,5,1,6,9,2,7,4,8},{6,7,8,3,4,5,9,2,1},{8,1,2,4,3,6,5,7,9},{5,6,3,9,0,0,0,0,0},{0,0,0,0,0,0,0,0,0},{0,0,0,0,0,0,0,0,0},{0,0,0,0,0,0,0,0,0},{0,0,0,0,0,0,0,0,0}}
]
22:56:29.153 [main] INFO  sudoku.model.SudokuBoard - Wartość 0 wstawiona nieprawidłowo
22:56:29.154 [main] INFO  sudoku.model.SudokuBoard - Bład w kwadracie 0
sudoku.model.SudokuBoard@781dbe44[
  size=9
  solver=sudoku.model.BacktrackingSudokuSolver@7d66a126
  board={{2,4,9,7,8,1,3,5,6},{3,5,1,6,9,2,7,4,8},{6,7,8,3,4,5,9,2,1},{8,1,2,4,3,6,5,7,9},{5,6,3,9,1,7,4,8,2},{0,0,0,0,0,0,0,0,0},{0,0,0,0,0,0,0,0,0},{0,0,0,0,0,0,0,0,0},{0,0,0,0,0,0,0,0,0}}
]
22:56:29.154 [main] INFO  sudoku.model.SudokuBoard - Wartość 0 wstawiona nieprawidłowo
22:56:29.155 [main] INFO  sudoku.model.SudokuBoard - Bład w kwadracie 0
sudoku.model.SudokuBoard@781dbe44[
  size=9
  solver=sudoku.model.BacktrackingSudokuSolver@7d66a126
  board={{2,4,9,7,8,1,3,5,6},{3,5,1,6,9,2,7,4,8},{6,7,8,3,4,5,9,2,1},{8,1,2,4,3,6,5,7,9},{5,6,3,9,1,7,4,8,2},{4,9,7,5,2,8,1,6,3},{7,2,4,8,5,3,6,0,0},{0,0,0,0,0,0,0,0,0},{0,0,0,0,0,0,0,0,0}}
]
22:56:29.155 [main] INFO  sudoku.model.SudokuBoard - Wartość 0 wstawiona nieprawidłowo
22:56:29.155 [main] INFO  sudoku.model.SudokuBoard - Bład w kwadracie 0
sudoku.model.SudokuBoard@781dbe44[
  size=9
  solver=sudoku.model.BacktrackingSudokuSolver@7d66a126
  board={{2,4,9,7,8,1,3,5,6},{3,5,1,6,9,2,7,4,8},{6,7,8,3,4,5,9,2,1},{8,1,2,4,3,6,5,7,9},{5,6,3,9,1,7,4,8,2},{4,9,7,5,2,8,1,6,3},{7,2,4,8,5,3,6,0,0},{0,0,0,0,0,0,0,0,0},{0,0,0,0,0,0,0,0,0}}
]
22:56:29.155 [main] INFO  sudoku.model.SudokuBoard - Wartość 0 wstawiona nieprawidłowo
22:56:29.155 [main] INFO  sudoku.model.SudokuBoard - Bład w kwadracie 0
sudoku.model.SudokuBoard@781dbe44[
  size=9
  solver=sudoku.model.BacktrackingSudokuSolver@7d66a126
  board={{2,4,9,7,8,1,3,5,6},{3,5,1,6,9,2,7,4,8},{6,7,8,3,4,5,9,2,1},{8,1,2,4,3,6,5,7,9},{5,6,3,9,1,7,4,8,2},{4,9,7,5,2,8,1,6,3},{7,2,4,8,5,3,0,0,0},{0,0,0,0,0,0,0,0,0},{0,0,0,0,0,0,0,0,0}}
]
22:56:29.155 [main] INFO  sudoku.model.SudokuBoard - Wartość 0 wstawiona nieprawidłowo
22:56:29.156 [main] INFO  sudoku.model.SudokuBoard - Bład w kwadracie 0
sudoku.model.SudokuBoard@781dbe44[
  size=9
  solver=sudoku.model.BacktrackingSudokuSolver@7d66a126
  board={{2,4,9,7,8,1,3,5,6},{3,5,1,6,9,2,7,4,8},{6,7,8,3,4,5,9,2,1},{8,1,2,4,3,6,5,7,9},{5,6,3,9,1,7,4,8,2},{4,9,7,5,2,8,1,6,3},{7,2,4,8,5,0,0,0,0},{0,0,0,0,0,0,0,0,0},{0,0,0,0,0,0,0,0,0}}
]
22:56:29.156 [main] INFO  sudoku.model.SudokuBoard - Wartość 0 wstawiona nieprawidłowo
22:56:29.156 [main] INFO  sudoku.model.SudokuBoard - Bład w kwadracie 0
sudoku.model.SudokuBoard@781dbe44[
  size=9
  solver=sudoku.model.BacktrackingSudokuSolver@7d66a126
  board={{2,4,9,7,8,1,3,5,6},{3,5,1,6,9,2,7,4,8},{6,7,8,3,4,5,9,2,1},{8,1,2,4,3,6,5,7,9},{5,6,3,9,1,7,4,8,2},{4,9,7,5,2,8,1,6,3},{7,2,4,8,5,9,6,0,0},{0,0,0,0,0,0,0,0,0},{0,0,0,0,0,0,0,0,0}}
]
22:56:29.156 [main] INFO  sudoku.model.SudokuBoard - Wartość 0 wstawiona nieprawidłowo
22:56:29.156 [main] INFO  sudoku.model.SudokuBoard - Bład w kwadracie 0
sudoku.model.SudokuBoard@781dbe44[
  size=9
  solver=sudoku.model.BacktrackingSudokuSolver@7d66a126
  board={{2,4,9,7,8,1,3,5,6},{3,5,1,6,9,2,7,4,8},{6,7,8,3,4,5,9,2,1},{8,1,2,4,3,6,5,7,9},{5,6,3,9,1,7,4,8,2},{4,9,7,5,2,8,1,6,3},{7,2,4,8,5,9,6,0,0},{0,0,0,0,0,0,0,0,0},{0,0,0,0,0,0,0,0,0}}
]
22:56:29.156 [main] INFO  sudoku.model.SudokuBoard - Wartość 0 wstawiona nieprawidłowo
22:56:29.156 [main] INFO  sudoku.model.SudokuBoard - Bład w kwadracie 0
sudoku.model.SudokuBoard@781dbe44[
  size=9
  solver=sudoku.model.BacktrackingSudokuSolver@7d66a126
  board={{2,4,9,7,8,1,3,5,6},{3,5,1,6,9,2,7,4,8},{6,7,8,3,4,5,9,2,1},{8,1,2,4,3,6,5,7,9},{5,6,3,9,1,7,4,8,2},{4,9,7,5,2,8,1,6,3},{7,2,4,8,5,9,0,0,0},{0,0,0,0,0,0,0,0,0},{0,0,0,0,0,0,0,0,0}}
]
22:56:29.156 [main] INFO  sudoku.model.SudokuBoard - Wartość 0 wstawiona nieprawidłowo
22:56:29.156 [main] INFO  sudoku.model.SudokuBoard - Bład w kwadracie 0
sudoku.model.SudokuBoard@781dbe44[
  size=9
  solver=sudoku.model.BacktrackingSudokuSolver@7d66a126
  board={{2,4,9,7,8,1,3,5,6},{3,5,1,6,9,2,7,4,8},{6,7,8,3,4,5,9,2,1},{8,1,2,4,3,6,5,7,9},{5,6,3,9,1,7,4,8,2},{4,9,7,5,2,8,1,6,3},{7,2,4,8,5,0,0,0,0},{0,0,0,0,0,0,0,0,0},{0,0,0,0,0,0,0,0,0}}
]
22:56:29.156 [main] INFO  sudoku.model.SudokuBoard - Wartość 0 wstawiona nieprawidłowo
22:56:29.157 [main] INFO  sudoku.model.SudokuBoard - Bład w kwadracie 0
sudoku.model.SudokuBoard@781dbe44[
  size=9
  solver=sudoku.model.BacktrackingSudokuSolver@7d66a126
  board={{2,4,9,7,8,1,3,5,6},{3,5,1,6,9,2,7,4,8},{6,7,8,3,4,5,9,2,1},{8,1,2,4,3,6,5,7,9},{5,6,3,9,1,7,4,8,2},{4,9,7,5,2,8,1,6,3},{7,2,4,8,0,0,0,0,0},{0,0,0,0,0,0,0,0,0},{0,0,0,0,0,0,0,0,0}}
]
22:56:29.157 [main] INFO  sudoku.model.SudokuBoard - Wartość 0 wstawiona nieprawidłowo
22:56:29.157 [main] INFO  sudoku.model.SudokuBoard - Bład w kwadracie 0
sudoku.model.SudokuBoard@781dbe44[
  size=9
  solver=sudoku.model.BacktrackingSudokuSolver@7d66a126
  board={{2,4,9,7,8,1,3,5,6},{3,5,1,6,9,2,7,4,8},{6,7,8,3,4,5,9,2,1},{8,1,2,4,3,6,5,7,9},{5,6,3,9,1,7,4,8,2},{4,9,7,5,2,8,1,6,3},{7,2,4,8,6,0,0,0,0},{0,0,0,0,0,0,0,0,0},{0,0,0,0,0,0,0,0,0}}
]
22:56:29.157 [main] INFO  sudoku.model.SudokuBoard - Wartość 0 wstawiona nieprawidłowo
22:56:29.157 [main] INFO  sudoku.model.SudokuBoard - Bład w kwadracie 0
sudoku.model.SudokuBoard@781dbe44[
  size=9
  solver=sudoku.model.BacktrackingSudokuSolver@7d66a126
  board={{2,4,9,7,8,1,3,5,6},{3,5,1,6,9,2,7,4,8},{6,7,8,3,4,5,9,2,1},{8,1,2,4,3,6,5,7,9},{5,6,3,9,1,7,4,8,2},{4,9,7,5,2,8,1,6,3},{7,2,4,8,6,0,0,0,0},{0,0,0,0,0,0,0,0,0},{0,0,0,0,0,0,0,0,0}}
]
22:56:29.157 [main] INFO  sudoku.model.SudokuBoard - Wartość 0 wstawiona nieprawidłowo
22:56:29.157 [main] INFO  sudoku.model.SudokuBoard - Bład w kwadracie 0
sudoku.model.SudokuBoard@781dbe44[
  size=9
  solver=sudoku.model.BacktrackingSudokuSolver@7d66a126
  board={{2,4,9,7,8,1,3,5,6},{3,5,1,6,9,2,7,4,8},{6,7,8,3,4,5,9,2,1},{8,1,2,4,3,6,5,7,9},{5,6,3,9,1,7,4,8,2},{4,9,7,5,2,8,1,6,3},{7,2,4,8,0,0,0,0,0},{0,0,0,0,0,0,0,0,0},{0,0,0,0,0,0,0,0,0}}
]
22:56:29.157 [main] INFO  sudoku.model.SudokuBoard - Wartość 0 wstawiona nieprawidłowo
22:56:29.158 [main] INFO  sudoku.model.SudokuBoard - Bład w kwadracie 0
sudoku.model.SudokuBoard@781dbe44[
  size=9
  solver=sudoku.model.BacktrackingSudokuSolver@7d66a126
  board={{2,4,9,7,8,1,3,5,6},{3,5,1,6,9,2,7,4,8},{6,7,8,3,4,5,9,2,1},{8,1,2,4,3,6,5,7,9},{5,6,3,9,1,7,4,8,2},{4,9,7,5,2,8,1,6,3},{7,2,4,0,0,0,0,0,0},{0,0,0,0,0,0,0,0,0},{0,0,0,0,0,0,0,0,0}}
]
22:56:29.159 [main] INFO  sudoku.model.SudokuBoard - Wartość 0 wstawiona nieprawidłowo
22:56:29.161 [main] INFO  sudoku.model.SudokuBoard - Bład w kwadracie 0
sudoku.model.SudokuBoard@781dbe44[
  size=9
  solver=sudoku.model.BacktrackingSudokuSolver@7d66a126
  board={{2,4,9,7,8,1,3,5,6},{3,5,1,6,9,2,7,4,8},{6,7,8,3,4,5,9,2,1},{8,1,2,4,3,6,5,7,9},{5,6,3,9,1,7,4,8,2},{4,9,7,5,2,8,1,6,3},{7,2,4,1,5,9,6,0,0},{0,0,0,0,0,0,0,0,0},{0,0,0,0,0,0,0,0,0}}
]
22:56:29.161 [main] INFO  sudoku.model.SudokuBoard - Wartość 0 wstawiona nieprawidłowo
22:56:29.161 [main] INFO  sudoku.model.SudokuBoard - Bład w kwadracie 0
sudoku.model.SudokuBoard@781dbe44[
  size=9
  solver=sudoku.model.BacktrackingSudokuSolver@7d66a126
  board={{2,4,9,7,8,1,3,5,6},{3,5,1,6,9,2,7,4,8},{6,7,8,3,4,5,9,2,1},{8,1,2,4,3,6,5,7,9},{5,6,3,9,1,7,4,8,2},{4,9,7,5,2,8,1,6,3},{7,2,4,1,5,9,0,0,0},{0,0,0,0,0,0,0,0,0},{0,0,0,0,0,0,0,0,0}}
]
22:56:29.161 [main] INFO  sudoku.model.SudokuBoard - Wartość 0 wstawiona nieprawidłowo
22:56:29.161 [main] INFO  sudoku.model.SudokuBoard - Bład w kwadracie 0
sudoku.model.SudokuBoard@781dbe44[
  size=9
  solver=sudoku.model.BacktrackingSudokuSolver@7d66a126
  board={{2,4,9,7,8,1,3,5,6},{3,5,1,6,9,2,7,4,8},{6,7,8,3,4,5,9,2,1},{8,1,2,4,3,6,5,7,9},{5,6,3,9,1,7,4,8,2},{4,9,7,5,2,8,1,6,3},{7,2,4,1,5,9,8,0,0},{0,0,0,0,0,0,0,0,0},{0,0,0,0,0,0,0,0,0}}
]
22:56:29.161 [main] INFO  sudoku.model.SudokuBoard - Wartość 0 wstawiona nieprawidłowo
22:56:29.161 [main] INFO  sudoku.model.SudokuBoard - Bład w kwadracie 0
sudoku.model.SudokuBoard@781dbe44[
  size=9
  solver=sudoku.model.BacktrackingSudokuSolver@7d66a126
  board={{2,4,9,7,8,1,3,5,6},{3,5,1,6,9,2,7,4,8},{6,7,8,3,4,5,9,2,1},{8,1,2,4,3,6,5,7,9},{5,6,3,9,1,7,4,8,2},{4,9,7,5,2,8,1,6,3},{7,2,4,1,5,9,0,0,0},{0,0,0,0,0,0,0,0,0},{0,0,0,0,0,0,0,0,0}}
]
22:56:29.162 [main] INFO  sudoku.model.SudokuBoard - Wartość 0 wstawiona nieprawidłowo
22:56:29.162 [main] INFO  sudoku.model.SudokuBoard - Bład w kwadracie 0
sudoku.model.SudokuBoard@781dbe44[
  size=9
  solver=sudoku.model.BacktrackingSudokuSolver@7d66a126
  board={{2,4,9,7,8,1,3,5,6},{3,5,1,6,9,2,7,4,8},{6,7,8,3,4,5,9,2,1},{8,1,2,4,3,6,5,7,9},{5,6,3,9,1,7,4,8,2},{4,9,7,5,2,8,1,6,3},{7,2,4,1,5,0,0,0,0},{0,0,0,0,0,0,0,0,0},{0,0,0,0,0,0,0,0,0}}
]
22:56:29.162 [main] INFO  sudoku.model.SudokuBoard - Wartość 0 wstawiona nieprawidłowo
22:56:29.162 [main] INFO  sudoku.model.SudokuBoard - Bład w kwadracie 0
sudoku.model.SudokuBoard@781dbe44[
  size=9
  solver=sudoku.model.BacktrackingSudokuSolver@7d66a126
  board={{2,4,9,7,8,1,3,5,6},{3,5,1,6,9,2,7,4,8},{6,7,8,3,4,5,9,2,1},{8,1,2,4,3,6,5,7,9},{5,6,3,9,1,7,4,8,2},{4,9,7,5,2,8,1,6,3},{7,2,4,1,5,3,6,0,0},{0,0,0,0,0,0,0,0,0},{0,0,0,0,0,0,0,0,0}}
]
22:56:29.162 [main] INFO  sudoku.model.SudokuBoard - Wartość 0 wstawiona nieprawidłowo
22:56:29.162 [main] INFO  sudoku.model.SudokuBoard - Bład w kwadracie 0
sudoku.model.SudokuBoard@781dbe44[
  size=9
  solver=sudoku.model.BacktrackingSudokuSolver@7d66a126
  board={{2,4,9,7,8,1,3,5,6},{3,5,1,6,9,2,7,4,8},{6,7,8,3,4,5,9,2,1},{8,1,2,4,3,6,5,7,9},{5,6,3,9,1,7,4,8,2},{4,9,7,5,2,8,1,6,3},{7,2,4,1,5,3,0,0,0},{0,0,0,0,0,0,0,0,0},{0,0,0,0,0,0,0,0,0}}
]
22:56:29.162 [main] INFO  sudoku.model.SudokuBoard - Wartość 0 wstawiona nieprawidłowo
22:56:29.162 [main] INFO  sudoku.model.SudokuBoard - Bład w kwadracie 0
sudoku.model.SudokuBoard@781dbe44[
  size=9
  solver=sudoku.model.BacktrackingSudokuSolver@7d66a126
  board={{2,4,9,7,8,1,3,5,6},{3,5,1,6,9,2,7,4,8},{6,7,8,3,4,5,9,2,1},{8,1,2,4,3,6,5,7,9},{5,6,3,9,1,7,4,8,2},{4,9,7,5,2,8,1,6,3},{7,2,4,1,5,3,8,0,0},{0,0,0,0,0,0,0,0,0},{0,0,0,0,0,0,0,0,0}}
]
22:56:29.162 [main] INFO  sudoku.model.SudokuBoard - Wartość 0 wstawiona nieprawidłowo
22:56:29.162 [main] INFO  sudoku.model.SudokuBoard - Bład w kwadracie 0
sudoku.model.SudokuBoard@781dbe44[
  size=9
  solver=sudoku.model.BacktrackingSudokuSolver@7d66a126
  board={{2,4,9,7,8,1,3,5,6},{3,5,1,6,9,2,7,4,8},{6,7,8,3,4,5,9,2,1},{8,1,2,4,3,6,5,7,9},{5,6,3,9,1,7,4,8,2},{4,9,7,5,2,8,1,6,3},{7,2,4,1,5,3,0,0,0},{0,0,0,0,0,0,0,0,0},{0,0,0,0,0,0,0,0,0}}
]
22:56:29.162 [main] INFO  sudoku.model.SudokuBoard - Wartość 0 wstawiona nieprawidłowo
22:56:29.162 [main] INFO  sudoku.model.SudokuBoard - Bład w kwadracie 0
sudoku.model.SudokuBoard@781dbe44[
  size=9
  solver=sudoku.model.BacktrackingSudokuSolver@7d66a126
  board={{2,4,9,7,8,1,3,5,6},{3,5,1,6,9,2,7,4,8},{6,7,8,3,4,5,9,2,1},{8,1,2,4,3,6,5,7,9},{5,6,3,9,1,7,4,8,2},{4,9,7,5,2,8,1,6,3},{7,2,4,1,5,0,0,0,0},{0,0,0,0,0,0,0,0,0},{0,0,0,0,0,0,0,0,0}}
]
22:56:29.162 [main] INFO  sudoku.model.SudokuBoard - Wartość 0 wstawiona nieprawidłowo
22:56:29.163 [main] INFO  sudoku.model.SudokuBoard - Bład w kwadracie 0
sudoku.model.SudokuBoard@781dbe44[
  size=9
  solver=sudoku.model.BacktrackingSudokuSolver@7d66a126
  board={{2,4,9,7,8,1,3,5,6},{3,5,1,6,9,2,7,4,8},{6,7,8,3,4,5,9,2,1},{8,1,2,4,3,6,5,7,9},{5,6,3,9,1,7,4,8,2},{4,9,7,5,2,8,1,6,3},{7,2,4,1,0,0,0,0,0},{0,0,0,0,0,0,0,0,0},{0,0,0,0,0,0,0,0,0}}
]
22:56:29.163 [main] INFO  sudoku.model.SudokuBoard - Wartość 0 wstawiona nieprawidłowo
22:56:29.163 [main] INFO  sudoku.model.SudokuBoard - Bład w kwadracie 0
sudoku.model.SudokuBoard@781dbe44[
  size=9
  solver=sudoku.model.BacktrackingSudokuSolver@7d66a126
  board={{2,4,9,7,8,1,3,5,6},{3,5,1,6,9,2,7,4,8},{6,7,8,3,4,5,9,2,1},{8,1,2,4,3,6,5,7,9},{5,6,3,9,1,7,4,8,2},{4,9,7,5,2,8,1,6,3},{7,2,4,1,6,9,8,3,5},{9,3,5,8,7,4,2,0,0},{0,0,0,0,0,0,0,0,0}}
]
22:56:29.163 [main] INFO  sudoku.model.SudokuBoard - Wartość 0 wstawiona nieprawidłowo
22:56:29.163 [main] INFO  sudoku.model.SudokuBoard - Bład w kwadracie 0
sudoku.model.SudokuBoard@781dbe44[
  size=9
  solver=sudoku.model.BacktrackingSudokuSolver@7d66a126
  board={{2,4,9,7,8,1,3,5,6},{3,5,1,6,9,2,7,4,8},{6,7,8,3,4,5,9,2,1},{8,1,2,4,3,6,5,7,9},{5,6,3,9,1,7,4,8,2},{4,9,7,5,2,8,1,6,3},{7,2,4,1,6,9,8,3,5},{9,3,5,8,7,4,0,0,0},{0,0,0,0,0,0,0,0,0}}
]
22:56:29.163 [main] INFO  sudoku.model.SudokuBoard - Wartość 0 wstawiona nieprawidłowo
22:56:29.163 [main] INFO  sudoku.model.SudokuBoard - Bład w kwadracie 0
sudoku.model.SudokuBoard@781dbe44[
  size=9
  solver=sudoku.model.BacktrackingSudokuSolver@7d66a126
  board={{2,4,9,7,8,1,3,5,6},{3,5,1,6,9,2,7,4,8},{6,7,8,3,4,5,9,2,1},{8,1,2,4,3,6,5,7,9},{5,6,3,9,1,7,4,8,2},{4,9,7,5,2,8,1,6,3},{7,2,4,1,6,9,8,3,5},{9,3,5,8,7,4,6,0,0},{0,0,0,0,0,0,0,0,0}}
]
22:56:29.163 [main] INFO  sudoku.model.SudokuBoard - Wartość 0 wstawiona nieprawidłowo
22:56:29.163 [main] INFO  sudoku.model.SudokuBoard - Bład w kwadracie 0
sudoku.model.SudokuBoard@781dbe44[
  size=9
  solver=sudoku.model.BacktrackingSudokuSolver@7d66a126
  board={{2,4,9,7,8,1,3,5,6},{3,5,1,6,9,2,7,4,8},{6,7,8,3,4,5,9,2,1},{8,1,2,4,3,6,5,7,9},{5,6,3,9,1,7,4,8,2},{4,9,7,5,2,8,1,6,3},{7,2,4,1,6,9,8,3,5},{9,3,5,8,7,4,0,0,0},{0,0,0,0,0,0,0,0,0}}
]
22:56:29.163 [main] INFO  sudoku.model.SudokuBoard - Wartość 0 wstawiona nieprawidłowo
22:56:29.163 [main] INFO  sudoku.model.SudokuBoard - Bład w kwadracie 0
sudoku.model.SudokuBoard@781dbe44[
  size=9
  solver=sudoku.model.BacktrackingSudokuSolver@7d66a126
  board={{2,4,9,7,8,1,3,5,6},{3,5,1,6,9,2,7,4,8},{6,7,8,3,4,5,9,2,1},{8,1,2,4,3,6,5,7,9},{5,6,3,9,1,7,4,8,2},{4,9,7,5,2,8,1,6,3},{7,2,4,1,6,9,8,3,5},{9,3,5,8,7,0,0,0,0},{0,0,0,0,0,0,0,0,0}}
]
22:56:29.163 [main] INFO  sudoku.model.SudokuBoard - Wartość 0 wstawiona nieprawidłowo
22:56:29.163 [main] INFO  sudoku.model.SudokuBoard - Bład w kwadracie 0
sudoku.model.SudokuBoard@781dbe44[
  size=9
  solver=sudoku.model.BacktrackingSudokuSolver@7d66a126
  board={{2,4,9,7,8,1,3,5,6},{3,5,1,6,9,2,7,4,8},{6,7,8,3,4,5,9,2,1},{8,1,2,4,3,6,5,7,9},{5,6,3,9,1,7,4,8,2},{4,9,7,5,2,8,1,6,3},{7,2,4,1,6,9,8,3,5},{9,3,5,8,0,0,0,0,0},{0,0,0,0,0,0,0,0,0}}
]
22:56:29.163 [main] INFO  sudoku.model.SudokuBoard - Wartość 0 wstawiona nieprawidłowo
22:56:29.163 [main] INFO  sudoku.model.SudokuBoard - Bład w kwadracie 0
sudoku.model.SudokuBoard@781dbe44[
  size=9
  solver=sudoku.model.BacktrackingSudokuSolver@7d66a126
  board={{2,4,9,7,8,1,3,5,6},{3,5,1,6,9,2,7,4,8},{6,7,8,3,4,5,9,2,1},{8,1,2,4,3,6,5,7,9},{5,6,3,9,1,7,4,8,2},{4,9,7,5,2,8,1,6,3},{7,2,4,1,6,9,8,3,5},{9,3,5,0,0,0,0,0,0},{0,0,0,0,0,0,0,0,0}}
]
22:56:29.164 [main] INFO  sudoku.model.SudokuBoard - Wartość 0 wstawiona nieprawidłowo
22:56:29.164 [main] INFO  sudoku.model.SudokuBoard - Bład w kwadracie 0
sudoku.model.SudokuBoard@781dbe44[
  size=9
  solver=sudoku.model.BacktrackingSudokuSolver@7d66a126
  board={{2,4,9,7,8,1,3,5,6},{3,5,1,6,9,2,7,4,8},{6,7,8,3,4,5,9,2,1},{8,1,2,4,3,6,5,7,9},{5,6,3,9,1,7,4,8,2},{4,9,7,5,2,8,1,6,3},{7,2,4,1,6,9,8,3,5},{9,3,5,2,7,4,6,0,0},{0,0,0,0,0,0,0,0,0}}
]
22:56:29.164 [main] INFO  sudoku.model.SudokuBoard - Wartość 0 wstawiona nieprawidłowo
22:56:29.164 [main] INFO  sudoku.model.SudokuBoard - Bład w kwadracie 0
sudoku.model.SudokuBoard@781dbe44[
  size=9
  solver=sudoku.model.BacktrackingSudokuSolver@7d66a126
  board={{2,4,9,7,8,1,3,5,6},{3,5,1,6,9,2,7,4,8},{6,7,8,3,4,5,9,2,1},{8,1,2,4,3,6,5,7,9},{5,6,3,9,1,7,4,8,2},{4,9,7,5,2,8,1,6,3},{7,2,4,1,6,9,8,3,5},{9,3,5,2,7,4,0,0,0},{0,0,0,0,0,0,0,0,0}}
]
22:56:29.164 [main] INFO  sudoku.model.SudokuBoard - Wartość 0 wstawiona nieprawidłowo
22:56:29.164 [main] INFO  sudoku.model.SudokuBoard - Bład w kwadracie 0
sudoku.model.SudokuBoard@781dbe44[
  size=9
  solver=sudoku.model.BacktrackingSudokuSolver@7d66a126
  board={{2,4,9,7,8,1,3,5,6},{3,5,1,6,9,2,7,4,8},{6,7,8,3,4,5,9,2,1},{8,1,2,4,3,6,5,7,9},{5,6,3,9,1,7,4,8,2},{4,9,7,5,2,8,1,6,3},{7,2,4,1,6,9,8,3,5},{9,3,5,2,7,0,0,0,0},{0,0,0,0,0,0,0,0,0}}
]
22:56:29.164 [main] INFO  sudoku.model.SudokuBoard - Wartość 0 wstawiona nieprawidłowo
22:56:29.164 [main] INFO  sudoku.model.SudokuBoard - Bład w kwadracie 0
sudoku.model.SudokuBoard@781dbe44[
  size=9
  solver=sudoku.model.BacktrackingSudokuSolver@7d66a126
  board={{2,4,9,7,8,1,3,5,6},{3,5,1,6,9,2,7,4,8},{6,7,8,3,4,5,9,2,1},{8,1,2,4,3,6,5,7,9},{5,6,3,9,1,7,4,8,2},{4,9,7,5,2,8,1,6,3},{7,2,4,1,6,9,8,3,5},{9,3,5,2,0,0,0,0,0},{0,0,0,0,0,0,0,0,0}}
]
22:56:29.164 [main] INFO  sudoku.model.SudokuBoard - Wartość 0 wstawiona nieprawidłowo
22:56:29.164 [main] INFO  sudoku.model.SudokuBoard - Bład w kwadracie 0
sudoku.model.SudokuBoard@781dbe44[
  size=9
  solver=sudoku.model.BacktrackingSudokuSolver@7d66a126
  board={{2,4,9,7,8,1,3,5,6},{3,5,1,6,9,2,7,4,8},{6,7,8,3,4,5,9,2,1},{8,1,2,4,3,6,5,7,9},{5,6,3,9,1,7,4,8,2},{4,9,7,5,2,8,1,6,3},{7,2,4,1,6,9,8,3,5},{9,3,5,0,0,0,0,0,0},{0,0,0,0,0,0,0,0,0}}
]
22:56:29.164 [main] INFO  sudoku.model.SudokuBoard - Wartość 0 wstawiona nieprawidłowo
22:56:29.164 [main] INFO  sudoku.model.SudokuBoard - Bład w kwadracie 0
sudoku.model.SudokuBoard@781dbe44[
  size=9
  solver=sudoku.model.BacktrackingSudokuSolver@7d66a126
  board={{2,4,9,7,8,1,3,5,6},{3,5,1,6,9,2,7,4,8},{6,7,8,3,4,5,9,2,1},{8,1,2,4,3,6,5,7,9},{5,6,3,9,1,7,4,8,2},{4,9,7,5,2,8,1,6,3},{7,2,4,1,6,9,8,3,5},{9,3,0,0,0,0,0,0,0},{0,0,0,0,0,0,0,0,0}}
]
22:56:29.165 [main] INFO  sudoku.model.SudokuBoard - Wartość 0 wstawiona nieprawidłowo
22:56:29.165 [main] INFO  sudoku.model.SudokuBoard - Bład w kwadracie 0
sudoku.model.SudokuBoard@781dbe44[
  size=9
  solver=sudoku.model.BacktrackingSudokuSolver@7d66a126
  board={{2,4,9,7,8,1,3,5,6},{3,5,1,6,9,2,7,4,8},{6,7,8,3,4,5,9,2,1},{8,1,2,4,3,6,5,7,9},{5,6,3,9,1,7,4,8,2},{4,9,7,5,2,8,1,6,3},{7,2,4,1,6,9,8,3,5},{9,3,6,8,7,4,2,0,0},{0,0,0,0,0,0,0,0,0}}
]
22:56:29.165 [main] INFO  sudoku.model.SudokuBoard - Wartość 0 wstawiona nieprawidłowo
22:56:29.165 [main] INFO  sudoku.model.SudokuBoard - Bład w kwadracie 0
sudoku.model.SudokuBoard@781dbe44[
  size=9
  solver=sudoku.model.BacktrackingSudokuSolver@7d66a126
  board={{2,4,9,7,8,1,3,5,6},{3,5,1,6,9,2,7,4,8},{6,7,8,3,4,5,9,2,1},{8,1,2,4,3,6,5,7,9},{5,6,3,9,1,7,4,8,2},{4,9,7,5,2,8,1,6,3},{7,2,4,1,6,9,8,3,5},{9,3,6,8,7,4,0,0,0},{0,0,0,0,0,0,0,0,0}}
]
22:56:29.165 [main] INFO  sudoku.model.SudokuBoard - Wartość 0 wstawiona nieprawidłowo
22:56:29.165 [main] INFO  sudoku.model.SudokuBoard - Bład w kwadracie 0
sudoku.model.SudokuBoard@781dbe44[
  size=9
  solver=sudoku.model.BacktrackingSudokuSolver@7d66a126
  board={{2,4,9,7,8,1,3,5,6},{3,5,1,6,9,2,7,4,8},{6,7,8,3,4,5,9,2,1},{8,1,2,4,3,6,5,7,9},{5,6,3,9,1,7,4,8,2},{4,9,7,5,2,8,1,6,3},{7,2,4,1,6,9,8,3,5},{9,3,6,8,7,0,0,0,0},{0,0,0,0,0,0,0,0,0}}
]
22:56:29.165 [main] INFO  sudoku.model.SudokuBoard - Wartość 0 wstawiona nieprawidłowo
22:56:29.165 [main] INFO  sudoku.model.SudokuBoard - Bład w kwadracie 0
sudoku.model.SudokuBoard@781dbe44[
  size=9
  solver=sudoku.model.BacktrackingSudokuSolver@7d66a126
  board={{2,4,9,7,8,1,3,5,6},{3,5,1,6,9,2,7,4,8},{6,7,8,3,4,5,9,2,1},{8,1,2,4,3,6,5,7,9},{5,6,3,9,1,7,4,8,2},{4,9,7,5,2,8,1,6,3},{7,2,4,1,6,9,8,3,5},{9,3,6,8,0,0,0,0,0},{0,0,0,0,0,0,0,0,0}}
]
22:56:29.165 [main] INFO  sudoku.model.SudokuBoard - Wartość 0 wstawiona nieprawidłowo
]]></system-out>
  </testcase>
  <testcase name="checkBoardTestColumnFalse" classname="sudoku.model.SudokuBoardTest" time="0.017">
    <system-out><![CDATA[22:56:29.173 [main] INFO  sudoku.model.SudokuBoard - Bład w kwadracie 0
sudoku.model.SudokuBoard@1883871b[
  size=9
  solver=sudoku.model.BacktrackingSudokuSolver@3e0a9b1d
  board={{8,6,4,1,3,2,9,5,7},{7,9,5,4,6,8,2,3,1},{3,1,2,5,7,9,4,6,8},{5,3,6,9,1,4,8,7,2},{4,7,8,2,5,3,6,1,9},{9,2,1,6,8,7,5,4,3},{2,4,7,3,9,0,0,0,0},{0,0,0,0,0,0,0,0,0},{0,0,0,0,0,0,0,0,0}}
]
22:56:29.173 [main] INFO  sudoku.model.SudokuBoard - Wartość 0 wstawiona nieprawidłowo
22:56:29.173 [main] INFO  sudoku.model.SudokuBoard - Bład w kwadracie 0
sudoku.model.SudokuBoard@1883871b[
  size=9
  solver=sudoku.model.BacktrackingSudokuSolver@3e0a9b1d
  board={{8,6,4,1,3,2,9,5,7},{7,9,5,4,6,8,2,3,1},{3,1,2,5,7,9,4,6,8},{5,3,6,9,1,4,8,7,2},{4,7,8,2,5,3,6,1,9},{9,2,1,6,8,7,5,4,3},{2,4,7,3,9,5,1,8,6},{6,5,9,7,2,1,0,0,0},{0,0,0,0,0,0,0,0,0}}
]
22:56:29.173 [main] INFO  sudoku.model.SudokuBoard - Wartość 0 wstawiona nieprawidłowo
22:56:29.174 [main] INFO  sudoku.model.SudokuBoard - Bład w kwadracie 0
sudoku.model.SudokuBoard@1883871b[
  size=9
  solver=sudoku.model.BacktrackingSudokuSolver@3e0a9b1d
  board={{8,6,4,1,3,2,9,5,7},{7,9,5,4,6,8,2,3,1},{3,1,2,5,7,9,4,6,8},{5,3,6,9,1,4,8,7,2},{4,7,8,2,5,3,6,1,9},{9,2,1,6,8,7,5,4,3},{2,4,7,3,9,5,1,8,6},{6,5,9,7,2,0,0,0,0},{0,0,0,0,0,0,0,0,0}}
]
22:56:29.174 [main] INFO  sudoku.model.SudokuBoard - Wartość 0 wstawiona nieprawidłowo
22:56:29.174 [main] INFO  sudoku.model.SudokuBoard - Bład w kwadracie 0
sudoku.model.SudokuBoard@1883871b[
  size=9
  solver=sudoku.model.BacktrackingSudokuSolver@3e0a9b1d
  board={{8,6,4,1,3,2,9,5,7},{7,9,5,4,6,8,2,3,1},{3,1,2,5,7,9,4,6,8},{5,3,6,9,1,4,8,7,2},{4,7,8,2,5,3,6,1,9},{9,2,1,6,8,7,5,4,3},{2,4,7,3,9,5,1,8,6},{6,5,9,7,0,0,0,0,0},{0,0,0,0,0,0,0,0,0}}
]
22:56:29.174 [main] INFO  sudoku.model.SudokuBoard - Wartość 0 wstawiona nieprawidłowo
22:56:29.174 [main] INFO  sudoku.model.SudokuBoard - Bład w kwadracie 0
sudoku.model.SudokuBoard@1883871b[
  size=9
  solver=sudoku.model.BacktrackingSudokuSolver@3e0a9b1d
  board={{8,6,4,1,3,2,9,5,7},{7,9,5,4,6,8,2,3,1},{3,1,2,5,7,9,4,6,8},{5,3,6,9,1,4,8,7,2},{4,7,8,2,5,3,6,1,9},{9,2,1,6,8,7,5,4,3},{2,4,7,3,9,5,1,8,6},{6,5,9,7,4,1,3,0,0},{0,0,0,0,0,0,0,0,0}}
]
22:56:29.174 [main] INFO  sudoku.model.SudokuBoard - Wartość 0 wstawiona nieprawidłowo
22:56:29.174 [main] INFO  sudoku.model.SudokuBoard - Bład w kwadracie 0
sudoku.model.SudokuBoard@1883871b[
  size=9
  solver=sudoku.model.BacktrackingSudokuSolver@3e0a9b1d
  board={{8,6,4,1,3,2,9,5,7},{7,9,5,4,6,8,2,3,1},{3,1,2,5,7,9,4,6,8},{5,3,6,9,1,4,8,7,2},{4,7,8,2,5,3,6,1,9},{9,2,1,6,8,7,5,4,3},{2,4,7,3,9,5,1,8,6},{6,5,9,7,4,1,0,0,0},{0,0,0,0,0,0,0,0,0}}
]
22:56:29.174 [main] INFO  sudoku.model.SudokuBoard - Wartość 0 wstawiona nieprawidłowo
22:56:29.174 [main] INFO  sudoku.model.SudokuBoard - Bład w kwadracie 0
sudoku.model.SudokuBoard@1883871b[
  size=9
  solver=sudoku.model.BacktrackingSudokuSolver@3e0a9b1d
  board={{8,6,4,1,3,2,9,5,7},{7,9,5,4,6,8,2,3,1},{3,1,2,5,7,9,4,6,8},{5,3,6,9,1,4,8,7,2},{4,7,8,2,5,3,6,1,9},{9,2,1,6,8,7,5,4,3},{2,4,7,3,9,5,1,8,6},{6,5,9,7,4,0,0,0,0},{0,0,0,0,0,0,0,0,0}}
]
22:56:29.174 [main] INFO  sudoku.model.SudokuBoard - Wartość 0 wstawiona nieprawidłowo
22:56:29.175 [main] INFO  sudoku.model.SudokuBoard - Bład w kwadracie 0
sudoku.model.SudokuBoard@1883871b[
  size=9
  solver=sudoku.model.BacktrackingSudokuSolver@3e0a9b1d
  board={{8,6,4,1,3,2,9,5,7},{7,9,5,4,6,8,2,3,1},{3,1,2,5,7,9,4,6,8},{5,3,6,9,1,4,8,7,2},{4,7,8,2,5,3,6,1,9},{9,2,1,6,8,7,5,4,3},{2,4,7,3,9,5,1,8,6},{6,5,9,7,0,0,0,0,0},{0,0,0,0,0,0,0,0,0}}
]
22:56:29.175 [main] INFO  sudoku.model.SudokuBoard - Wartość 0 wstawiona nieprawidłowo
22:56:29.175 [main] INFO  sudoku.model.SudokuBoard - Bład w kwadracie 0
sudoku.model.SudokuBoard@1883871b[
  size=9
  solver=sudoku.model.BacktrackingSudokuSolver@3e0a9b1d
  board={{8,6,4,1,3,2,9,5,7},{7,9,5,4,6,8,2,3,1},{3,1,2,5,7,9,4,6,8},{5,3,6,9,1,4,8,7,2},{4,7,8,2,5,3,6,1,9},{9,2,1,6,8,7,5,4,3},{2,4,7,3,9,5,1,8,6},{6,5,9,0,0,0,0,0,0},{0,0,0,0,0,0,0,0,0}}
]
22:56:29.175 [main] INFO  sudoku.model.SudokuBoard - Wartość 0 wstawiona nieprawidłowo
22:56:29.175 [main] INFO  sudoku.model.SudokuBoard - Bład w kwadracie 0
sudoku.model.SudokuBoard@1883871b[
  size=9
  solver=sudoku.model.BacktrackingSudokuSolver@3e0a9b1d
  board={{8,6,4,1,3,2,9,5,7},{7,9,5,4,6,8,2,3,1},{3,1,2,5,7,9,4,6,8},{5,3,6,9,1,4,8,7,2},{4,7,8,2,5,3,6,1,9},{9,2,1,6,8,7,5,4,3},{2,4,7,3,9,5,1,8,6},{6,5,9,8,2,1,0,0,0},{0,0,0,0,0,0,0,0,0}}
]
22:56:29.175 [main] INFO  sudoku.model.SudokuBoard - Wartość 0 wstawiona nieprawidłowo
22:56:29.176 [main] INFO  sudoku.model.SudokuBoard - Bład w kwadracie 0
sudoku.model.SudokuBoard@1883871b[
  size=9
  solver=sudoku.model.BacktrackingSudokuSolver@3e0a9b1d
  board={{8,6,4,1,3,2,9,5,7},{7,9,5,4,6,8,2,3,1},{3,1,2,5,7,9,4,6,8},{5,3,6,9,1,4,8,7,2},{4,7,8,2,5,3,6,1,9},{9,2,1,6,8,7,5,4,3},{2,4,7,3,9,5,1,8,6},{6,5,9,8,2,1,0,0,0},{0,0,0,0,0,0,0,0,0}}
]
22:56:29.176 [main] INFO  sudoku.model.SudokuBoard - Wartość 0 wstawiona nieprawidłowo
22:56:29.176 [main] INFO  sudoku.model.SudokuBoard - Bład w kwadracie 0
sudoku.model.SudokuBoard@1883871b[
  size=9
  solver=sudoku.model.BacktrackingSudokuSolver@3e0a9b1d
  board={{8,6,4,1,3,2,9,5,7},{7,9,5,4,6,8,2,3,1},{3,1,2,5,7,9,4,6,8},{5,3,6,9,1,4,8,7,2},{4,7,8,2,5,3,6,1,9},{9,2,1,6,8,7,5,4,3},{2,4,7,3,9,5,1,8,6},{6,5,9,8,2,0,0,0,0},{0,0,0,0,0,0,0,0,0}}
]
22:56:29.176 [main] INFO  sudoku.model.SudokuBoard - Wartość 0 wstawiona nieprawidłowo
22:56:29.176 [main] INFO  sudoku.model.SudokuBoard - Bład w kwadracie 0
sudoku.model.SudokuBoard@1883871b[
  size=9
  solver=sudoku.model.BacktrackingSudokuSolver@3e0a9b1d
  board={{8,6,4,1,3,2,9,5,7},{7,9,5,4,6,8,2,3,1},{3,1,2,5,7,9,4,6,8},{5,3,6,9,1,4,8,7,2},{4,7,8,2,5,3,6,1,9},{9,2,1,6,8,7,5,4,3},{2,4,7,3,9,5,1,8,6},{6,5,9,8,0,0,0,0,0},{0,0,0,0,0,0,0,0,0}}
]
22:56:29.176 [main] INFO  sudoku.model.SudokuBoard - Wartość 0 wstawiona nieprawidłowo
22:56:29.176 [main] INFO  sudoku.model.SudokuBoard - Bład w kwadracie 0
sudoku.model.SudokuBoard@1883871b[
  size=9
  solver=sudoku.model.BacktrackingSudokuSolver@3e0a9b1d
  board={{8,6,4,1,3,2,9,5,7},{7,9,5,4,6,8,2,3,1},{3,1,2,5,7,9,4,6,8},{5,3,6,9,1,4,8,7,2},{4,7,8,2,5,3,6,1,9},{9,2,1,6,8,7,5,4,3},{2,4,7,3,9,5,1,8,6},{6,5,9,8,4,1,3,0,0},{0,0,0,0,0,0,0,0,0}}
]
22:56:29.177 [main] INFO  sudoku.model.SudokuBoard - Wartość 0 wstawiona nieprawidłowo
22:56:29.177 [main] INFO  sudoku.model.SudokuBoard - Bład w kwadracie 0
sudoku.model.SudokuBoard@1883871b[
  size=9
  solver=sudoku.model.BacktrackingSudokuSolver@3e0a9b1d
  board={{8,6,4,1,3,2,9,5,7},{7,9,5,4,6,8,2,3,1},{3,1,2,5,7,9,4,6,8},{5,3,6,9,1,4,8,7,2},{4,7,8,2,5,3,6,1,9},{9,2,1,6,8,7,5,4,3},{2,4,7,3,9,5,1,8,6},{6,5,9,8,4,1,0,0,0},{0,0,0,0,0,0,0,0,0}}
]
22:56:29.177 [main] INFO  sudoku.model.SudokuBoard - Wartość 0 wstawiona nieprawidłowo
22:56:29.177 [main] INFO  sudoku.model.SudokuBoard - Bład w kwadracie 0
sudoku.model.SudokuBoard@1883871b[
  size=9
  solver=sudoku.model.BacktrackingSudokuSolver@3e0a9b1d
  board={{8,6,4,1,3,2,9,5,7},{7,9,5,4,6,8,2,3,1},{3,1,2,5,7,9,4,6,8},{5,3,6,9,1,4,8,7,2},{4,7,8,2,5,3,6,1,9},{9,2,1,6,8,7,5,4,3},{2,4,7,3,9,5,1,8,6},{6,5,9,8,4,1,7,0,0},{0,0,0,0,0,0,0,0,0}}
]
22:56:29.177 [main] INFO  sudoku.model.SudokuBoard - Wartość 0 wstawiona nieprawidłowo
22:56:29.177 [main] INFO  sudoku.model.SudokuBoard - Bład w kwadracie 0
sudoku.model.SudokuBoard@1883871b[
  size=9
  solver=sudoku.model.BacktrackingSudokuSolver@3e0a9b1d
  board={{8,6,4,1,3,2,9,5,7},{7,9,5,4,6,8,2,3,1},{3,1,2,5,7,9,4,6,8},{5,3,6,9,1,4,8,7,2},{4,7,8,2,5,3,6,1,9},{9,2,1,6,8,7,5,4,3},{2,4,7,3,9,5,1,8,6},{6,5,9,8,4,1,0,0,0},{0,0,0,0,0,0,0,0,0}}
]
22:56:29.177 [main] INFO  sudoku.model.SudokuBoard - Wartość 0 wstawiona nieprawidłowo
22:56:29.177 [main] INFO  sudoku.model.SudokuBoard - Bład w kwadracie 0
sudoku.model.SudokuBoard@1883871b[
  size=9
  solver=sudoku.model.BacktrackingSudokuSolver@3e0a9b1d
  board={{8,6,4,1,3,2,9,5,7},{7,9,5,4,6,8,2,3,1},{3,1,2,5,7,9,4,6,8},{5,3,6,9,1,4,8,7,2},{4,7,8,2,5,3,6,1,9},{9,2,1,6,8,7,5,4,3},{2,4,7,3,9,5,1,8,6},{6,5,9,8,4,0,0,0,0},{0,0,0,0,0,0,0,0,0}}
]
22:56:29.178 [main] INFO  sudoku.model.SudokuBoard - Wartość 0 wstawiona nieprawidłowo
22:56:29.178 [main] INFO  sudoku.model.SudokuBoard - Bład w kwadracie 0
sudoku.model.SudokuBoard@1883871b[
  size=9
  solver=sudoku.model.BacktrackingSudokuSolver@3e0a9b1d
  board={{8,6,4,1,3,2,9,5,7},{7,9,5,4,6,8,2,3,1},{3,1,2,5,7,9,4,6,8},{5,3,6,9,1,4,8,7,2},{4,7,8,2,5,3,6,1,9},{9,2,1,6,8,7,5,4,3},{2,4,7,3,9,5,1,8,6},{6,5,9,8,0,0,0,0,0},{0,0,0,0,0,0,0,0,0}}
]
22:56:29.178 [main] INFO  sudoku.model.SudokuBoard - Wartość 0 wstawiona nieprawidłowo
22:56:29.179 [main] INFO  sudoku.model.SudokuBoard - Bład w kwadracie 0
sudoku.model.SudokuBoard@1883871b[
  size=9
  solver=sudoku.model.BacktrackingSudokuSolver@3e0a9b1d
  board={{8,6,4,1,3,2,9,5,7},{7,9,5,4,6,8,2,3,1},{3,1,2,5,7,9,4,6,8},{5,3,6,9,1,4,8,7,2},{4,7,8,2,5,3,6,1,9},{9,2,1,6,8,7,5,4,3},{2,4,7,3,9,5,1,8,6},{6,5,9,0,0,0,0,0,0},{0,0,0,0,0,0,0,0,0}}
]
22:56:29.179 [main] INFO  sudoku.model.SudokuBoard - Wartość 0 wstawiona nieprawidłowo
22:56:29.179 [main] INFO  sudoku.model.SudokuBoard - Bład w kwadracie 0
sudoku.model.SudokuBoard@1883871b[
  size=9
  solver=sudoku.model.BacktrackingSudokuSolver@3e0a9b1d
  board={{8,6,4,1,3,2,9,5,7},{7,9,5,4,6,8,2,3,1},{3,1,2,5,7,9,4,6,8},{5,3,6,9,1,4,8,7,2},{4,7,8,2,5,3,6,1,9},{9,2,1,6,8,7,5,4,3},{2,4,7,3,9,5,1,8,6},{6,5,0,0,0,0,0,0,0},{0,0,0,0,0,0,0,0,0}}
]
22:56:29.179 [main] INFO  sudoku.model.SudokuBoard - Wartość 0 wstawiona nieprawidłowo
22:56:29.179 [main] INFO  sudoku.model.SudokuBoard - Bład w kwadracie 0
sudoku.model.SudokuBoard@1883871b[
  size=9
  solver=sudoku.model.BacktrackingSudokuSolver@3e0a9b1d
  board={{8,6,4,1,3,2,9,5,7},{7,9,5,4,6,8,2,3,1},{3,1,2,5,7,9,4,6,8},{5,3,6,9,1,4,8,7,2},{4,7,8,2,5,3,6,1,9},{9,2,1,6,8,7,5,4,3},{2,4,7,3,9,5,1,8,6},{6,5,3,7,2,0,0,0,0},{0,0,0,0,0,0,0,0,0}}
]
22:56:29.179 [main] INFO  sudoku.model.SudokuBoard - Wartość 0 wstawiona nieprawidłowo
22:56:29.179 [main] INFO  sudoku.model.SudokuBoard - Bład w kwadracie 0
sudoku.model.SudokuBoard@1883871b[
  size=9
  solver=sudoku.model.BacktrackingSudokuSolver@3e0a9b1d
  board={{8,6,4,1,3,2,9,5,7},{7,9,5,4,6,8,2,3,1},{3,1,2,5,7,9,4,6,8},{5,3,6,9,1,4,8,7,2},{4,7,8,2,5,3,6,1,9},{9,2,1,6,8,7,5,4,3},{2,4,7,3,9,5,1,8,6},{6,5,3,7,0,0,0,0,0},{0,0,0,0,0,0,0,0,0}}
]
22:56:29.179 [main] INFO  sudoku.model.SudokuBoard - Wartość 0 wstawiona nieprawidłowo
22:56:29.179 [main] INFO  sudoku.model.SudokuBoard - Bład w kwadracie 0
sudoku.model.SudokuBoard@1883871b[
  size=9
  solver=sudoku.model.BacktrackingSudokuSolver@3e0a9b1d
  board={{8,6,4,1,3,2,9,5,7},{7,9,5,4,6,8,2,3,1},{3,1,2,5,7,9,4,6,8},{5,3,6,9,1,4,8,7,2},{4,7,8,2,5,3,6,1,9},{9,2,1,6,8,7,5,4,3},{2,4,7,3,9,5,1,8,6},{6,5,3,7,4,0,0,0,0},{0,0,0,0,0,0,0,0,0}}
]
22:56:29.179 [main] INFO  sudoku.model.SudokuBoard - Wartość 0 wstawiona nieprawidłowo
22:56:29.180 [main] INFO  sudoku.model.SudokuBoard - Bład w kwadracie 0
sudoku.model.SudokuBoard@1883871b[
  size=9
  solver=sudoku.model.BacktrackingSudokuSolver@3e0a9b1d
  board={{8,6,4,1,3,2,9,5,7},{7,9,5,4,6,8,2,3,1},{3,1,2,5,7,9,4,6,8},{5,3,6,9,1,4,8,7,2},{4,7,8,2,5,3,6,1,9},{9,2,1,6,8,7,5,4,3},{2,4,7,3,9,5,1,8,6},{6,5,3,7,0,0,0,0,0},{0,0,0,0,0,0,0,0,0}}
]
22:56:29.180 [main] INFO  sudoku.model.SudokuBoard - Wartość 0 wstawiona nieprawidłowo
22:56:29.180 [main] INFO  sudoku.model.SudokuBoard - Bład w kwadracie 0
sudoku.model.SudokuBoard@1883871b[
  size=9
  solver=sudoku.model.BacktrackingSudokuSolver@3e0a9b1d
  board={{8,6,4,1,3,2,9,5,7},{7,9,5,4,6,8,2,3,1},{3,1,2,5,7,9,4,6,8},{5,3,6,9,1,4,8,7,2},{4,7,8,2,5,3,6,1,9},{9,2,1,6,8,7,5,4,3},{2,4,7,3,9,5,1,8,6},{6,5,3,0,0,0,0,0,0},{0,0,0,0,0,0,0,0,0}}
]
22:56:29.180 [main] INFO  sudoku.model.SudokuBoard - Wartość 0 wstawiona nieprawidłowo
22:56:29.180 [main] INFO  sudoku.model.SudokuBoard - Bład w kwadracie 0
sudoku.model.SudokuBoard@1883871b[
  size=9
  solver=sudoku.model.BacktrackingSudokuSolver@3e0a9b1d
  board={{8,6,4,1,3,2,9,5,7},{8,9,5,4,6,8,2,3,1},{3,1,2,5,7,9,4,6,8},{5,3,6,9,1,4,8,7,2},{4,7,8,2,5,3,6,1,9},{9,2,1,6,8,7,5,4,3},{2,4,7,3,9,5,1,8,6},{6,5,3,8,2,1,7,9,4},{1,8,9,7,4,6,3,2,5}}
]
22:56:29.180 [main] INFO  sudoku.model.SudokuBoard - Wartość 8 wstawiona nieprawidłowo
22:56:29.187 [main] INFO  sudoku.model.SudokuBoard - Bład w kwadracie 0
sudoku.model.SudokuBoard@1883871b[
  size=9
  solver=sudoku.model.BacktrackingSudokuSolver@3e0a9b1d
  board={{8,6,4,1,3,2,9,5,7},{8,9,5,4,6,8,2,3,1},{8,1,2,5,7,9,4,6,8},{5,3,6,9,1,4,8,7,2},{4,7,8,2,5,3,6,1,9},{9,2,1,6,8,7,5,4,3},{2,4,7,3,9,5,1,8,6},{6,5,3,8,2,1,7,9,4},{1,8,9,7,4,6,3,2,5}}
]
22:56:29.187 [main] INFO  sudoku.model.SudokuBoard - Wartość 8 wstawiona nieprawidłowo
22:56:29.187 [main] INFO  sudoku.model.SudokuBoard - Bład w kwadracie 0
sudoku.model.SudokuBoard@3e74fd84[
  size=9
  solver=sudoku.model.BacktrackingSudokuSolver@3e0a9b1d
  board={{8,6,4,1,3,2,9,5,7},{8,9,5,4,6,8,2,3,1},{8,1,2,5,7,9,4,6,8},{5,3,6,9,1,4,8,7,2},{4,7,8,2,5,3,6,1,9},{9,2,1,6,8,7,5,4,3},{2,4,7,3,9,5,1,8,6},{6,5,3,8,2,1,7,9,4},{1,8,9,7,4,6,3,2,5}}
]
]]></system-out>
  </testcase>
  <testcase name="testEqualsNull" classname="sudoku.model.SudokuBoardTest" time="0.003"/>
  <testcase name="testEqualsSame" classname="sudoku.model.SudokuBoardTest" time="0.003"/>
  <testcase name="checkBoardTest" classname="sudoku.model.SudokuBoardTest" time="0.017">
    <system-out><![CDATA[22:56:29.196 [main] INFO  sudoku.model.SudokuBoard - Bład w kwadracie 0
sudoku.model.SudokuBoard@1e120628[
  size=9
  solver=sudoku.model.BacktrackingSudokuSolver@4e4894d
  board={{4,7,5,3,9,2,6,8,1},{2,3,6,1,4,5,9,0,0},{0,0,0,0,0,0,0,0,0},{0,0,0,0,0,0,0,0,0},{0,0,0,0,0,0,0,0,0},{0,0,0,0,0,0,0,0,0},{0,0,0,0,0,0,0,0,0},{0,0,0,0,0,0,0,0,0},{0,0,0,0,0,0,0,0,0}}
]
22:56:29.196 [main] INFO  sudoku.model.SudokuBoard - Wartość 0 wstawiona nieprawidłowo
22:56:29.196 [main] INFO  sudoku.model.SudokuBoard - Bład w kwadracie 0
sudoku.model.SudokuBoard@1e120628[
  size=9
  solver=sudoku.model.BacktrackingSudokuSolver@4e4894d
  board={{4,7,5,3,9,2,6,8,1},{2,3,6,1,4,5,0,0,0},{0,0,0,0,0,0,0,0,0},{0,0,0,0,0,0,0,0,0},{0,0,0,0,0,0,0,0,0},{0,0,0,0,0,0,0,0,0},{0,0,0,0,0,0,0,0,0},{0,0,0,0,0,0,0,0,0},{0,0,0,0,0,0,0,0,0}}
]
22:56:29.196 [main] INFO  sudoku.model.SudokuBoard - Wartość 0 wstawiona nieprawidłowo
22:56:29.197 [main] INFO  sudoku.model.SudokuBoard - Bład w kwadracie 0
sudoku.model.SudokuBoard@1e120628[
  size=9
  solver=sudoku.model.BacktrackingSudokuSolver@4e4894d
  board={{4,7,5,3,9,2,6,8,1},{2,3,6,1,4,5,7,0,0},{0,0,0,0,0,0,0,0,0},{0,0,0,0,0,0,0,0,0},{0,0,0,0,0,0,0,0,0},{0,0,0,0,0,0,0,0,0},{0,0,0,0,0,0,0,0,0},{0,0,0,0,0,0,0,0,0},{0,0,0,0,0,0,0,0,0}}
]
22:56:29.197 [main] INFO  sudoku.model.SudokuBoard - Wartość 0 wstawiona nieprawidłowo
22:56:29.197 [main] INFO  sudoku.model.SudokuBoard - Bład w kwadracie 0
sudoku.model.SudokuBoard@1e120628[
  size=9
  solver=sudoku.model.BacktrackingSudokuSolver@4e4894d
  board={{4,7,5,3,9,2,6,8,1},{2,3,6,1,4,5,0,0,0},{0,0,0,0,0,0,0,0,0},{0,0,0,0,0,0,0,0,0},{0,0,0,0,0,0,0,0,0},{0,0,0,0,0,0,0,0,0},{0,0,0,0,0,0,0,0,0},{0,0,0,0,0,0,0,0,0},{0,0,0,0,0,0,0,0,0}}
]
22:56:29.197 [main] INFO  sudoku.model.SudokuBoard - Wartość 0 wstawiona nieprawidłowo
22:56:29.197 [main] INFO  sudoku.model.SudokuBoard - Bład w kwadracie 0
sudoku.model.SudokuBoard@1e120628[
  size=9
  solver=sudoku.model.BacktrackingSudokuSolver@4e4894d
  board={{4,7,5,3,9,2,6,8,1},{2,3,6,1,4,0,0,0,0},{0,0,0,0,0,0,0,0,0},{0,0,0,0,0,0,0,0,0},{0,0,0,0,0,0,0,0,0},{0,0,0,0,0,0,0,0,0},{0,0,0,0,0,0,0,0,0},{0,0,0,0,0,0,0,0,0},{0,0,0,0,0,0,0,0,0}}
]
22:56:29.197 [main] INFO  sudoku.model.SudokuBoard - Wartość 0 wstawiona nieprawidłowo
22:56:29.197 [main] INFO  sudoku.model.SudokuBoard - Bład w kwadracie 0
sudoku.model.SudokuBoard@1e120628[
  size=9
  solver=sudoku.model.BacktrackingSudokuSolver@4e4894d
  board={{4,7,5,3,9,2,6,8,1},{2,3,6,1,4,7,9,0,0},{0,0,0,0,0,0,0,0,0},{0,0,0,0,0,0,0,0,0},{0,0,0,0,0,0,0,0,0},{0,0,0,0,0,0,0,0,0},{0,0,0,0,0,0,0,0,0},{0,0,0,0,0,0,0,0,0},{0,0,0,0,0,0,0,0,0}}
]
22:56:29.197 [main] INFO  sudoku.model.SudokuBoard - Wartość 0 wstawiona nieprawidłowo
22:56:29.197 [main] INFO  sudoku.model.SudokuBoard - Bład w kwadracie 0
sudoku.model.SudokuBoard@1e120628[
  size=9
  solver=sudoku.model.BacktrackingSudokuSolver@4e4894d
  board={{4,7,5,3,9,2,6,8,1},{2,3,6,1,4,7,0,0,0},{0,0,0,0,0,0,0,0,0},{0,0,0,0,0,0,0,0,0},{0,0,0,0,0,0,0,0,0},{0,0,0,0,0,0,0,0,0},{0,0,0,0,0,0,0,0,0},{0,0,0,0,0,0,0,0,0},{0,0,0,0,0,0,0,0,0}}
]
22:56:29.197 [main] INFO  sudoku.model.SudokuBoard - Wartość 0 wstawiona nieprawidłowo
22:56:29.197 [main] INFO  sudoku.model.SudokuBoard - Bład w kwadracie 0
sudoku.model.SudokuBoard@1e120628[
  size=9
  solver=sudoku.model.BacktrackingSudokuSolver@4e4894d
  board={{4,7,5,3,9,2,6,8,1},{2,3,6,1,4,7,5,0,0},{0,0,0,0,0,0,0,0,0},{0,0,0,0,0,0,0,0,0},{0,0,0,0,0,0,0,0,0},{0,0,0,0,0,0,0,0,0},{0,0,0,0,0,0,0,0,0},{0,0,0,0,0,0,0,0,0},{0,0,0,0,0,0,0,0,0}}
]
22:56:29.198 [main] INFO  sudoku.model.SudokuBoard - Wartość 0 wstawiona nieprawidłowo
22:56:29.198 [main] INFO  sudoku.model.SudokuBoard - Bład w kwadracie 0
sudoku.model.SudokuBoard@1e120628[
  size=9
  solver=sudoku.model.BacktrackingSudokuSolver@4e4894d
  board={{4,7,5,3,9,2,6,8,1},{2,3,6,1,4,7,0,0,0},{0,0,0,0,0,0,0,0,0},{0,0,0,0,0,0,0,0,0},{0,0,0,0,0,0,0,0,0},{0,0,0,0,0,0,0,0,0},{0,0,0,0,0,0,0,0,0},{0,0,0,0,0,0,0,0,0},{0,0,0,0,0,0,0,0,0}}
]
22:56:29.198 [main] INFO  sudoku.model.SudokuBoard - Wartość 0 wstawiona nieprawidłowo
22:56:29.198 [main] INFO  sudoku.model.SudokuBoard - Bład w kwadracie 0
sudoku.model.SudokuBoard@1e120628[
  size=9
  solver=sudoku.model.BacktrackingSudokuSolver@4e4894d
  board={{4,7,5,3,9,2,6,8,1},{2,3,6,1,4,0,0,0,0},{0,0,0,0,0,0,0,0,0},{0,0,0,0,0,0,0,0,0},{0,0,0,0,0,0,0,0,0},{0,0,0,0,0,0,0,0,0},{0,0,0,0,0,0,0,0,0},{0,0,0,0,0,0,0,0,0},{0,0,0,0,0,0,0,0,0}}
]
22:56:29.198 [main] INFO  sudoku.model.SudokuBoard - Wartość 0 wstawiona nieprawidłowo
22:56:29.198 [main] INFO  sudoku.model.SudokuBoard - Bład w kwadracie 0
sudoku.model.SudokuBoard@1e120628[
  size=9
  solver=sudoku.model.BacktrackingSudokuSolver@4e4894d
  board={{4,7,5,3,9,2,6,8,1},{2,3,6,1,4,8,5,9,7},{8,9,1,5,6,7,2,3,4},{3,4,7,9,8,0,0,0,0},{0,0,0,0,0,0,0,0,0},{0,0,0,0,0,0,0,0,0},{0,0,0,0,0,0,0,0,0},{0,0,0,0,0,0,0,0,0},{0,0,0,0,0,0,0,0,0}}
]
22:56:29.198 [main] INFO  sudoku.model.SudokuBoard - Wartość 0 wstawiona nieprawidłowo
22:56:29.198 [main] INFO  sudoku.model.SudokuBoard - Bład w kwadracie 0
sudoku.model.SudokuBoard@1e120628[
  size=9
  solver=sudoku.model.BacktrackingSudokuSolver@4e4894d
  board={{4,7,5,3,9,2,6,8,1},{2,3,6,1,4,8,5,9,7},{8,9,1,5,6,7,2,3,4},{3,4,7,9,8,5,1,2,6},{6,1,9,4,2,3,7,5,8},{5,8,2,6,7,1,3,4,9},{7,2,3,8,1,9,4,6,5},{1,5,8,7,3,4,0,0,0},{0,0,0,0,0,0,0,0,0}}
]
22:56:29.198 [main] INFO  sudoku.model.SudokuBoard - Wartość 0 wstawiona nieprawidłowo
22:56:29.198 [main] INFO  sudoku.model.SudokuBoard - Bład w kwadracie 0
sudoku.model.SudokuBoard@1e120628[
  size=9
  solver=sudoku.model.BacktrackingSudokuSolver@4e4894d
  board={{4,7,5,3,9,2,6,8,1},{2,3,6,1,4,8,5,9,7},{8,9,1,5,6,7,2,3,4},{3,4,7,9,8,5,1,2,6},{6,1,9,4,2,3,7,5,8},{5,8,2,6,7,1,3,4,9},{7,2,3,8,1,9,4,6,5},{1,5,8,7,3,0,0,0,0},{0,0,0,0,0,0,0,0,0}}
]
22:56:29.198 [main] INFO  sudoku.model.SudokuBoard - Wartość 0 wstawiona nieprawidłowo
22:56:29.198 [main] INFO  sudoku.model.SudokuBoard - Bład w kwadracie 0
sudoku.model.SudokuBoard@1e120628[
  size=9
  solver=sudoku.model.BacktrackingSudokuSolver@4e4894d
  board={{4,7,5,3,9,2,6,8,1},{2,3,6,1,4,8,5,9,7},{8,9,1,5,6,7,2,3,4},{3,4,7,9,8,5,1,2,6},{6,1,9,4,2,3,7,5,8},{5,8,2,6,7,1,3,4,9},{7,2,3,8,1,9,4,6,5},{1,5,8,7,3,6,0,0,0},{0,0,0,0,0,0,0,0,0}}
]
22:56:29.199 [main] INFO  sudoku.model.SudokuBoard - Wartość 0 wstawiona nieprawidłowo
22:56:29.199 [main] INFO  sudoku.model.SudokuBoard - Bład w kwadracie 0
sudoku.model.SudokuBoard@1e120628[
  size=9
  solver=sudoku.model.BacktrackingSudokuSolver@4e4894d
  board={{4,7,5,3,9,2,6,8,1},{2,3,6,1,4,8,5,9,7},{8,9,1,5,6,7,2,3,4},{3,4,7,9,8,5,1,2,6},{6,1,9,4,2,3,7,5,8},{5,8,2,6,7,1,3,4,9},{7,2,3,8,1,9,4,6,5},{1,5,8,7,3,0,0,0,0},{0,0,0,0,0,0,0,0,0}}
]
22:56:29.199 [main] INFO  sudoku.model.SudokuBoard - Wartość 0 wstawiona nieprawidłowo
22:56:29.199 [main] INFO  sudoku.model.SudokuBoard - Bład w kwadracie 0
sudoku.model.SudokuBoard@1e120628[
  size=9
  solver=sudoku.model.BacktrackingSudokuSolver@4e4894d
  board={{4,7,5,3,9,2,6,8,1},{2,3,6,1,4,8,5,9,7},{8,9,1,5,6,7,2,3,4},{3,4,7,9,8,5,1,2,6},{6,1,9,4,2,3,7,5,8},{5,8,2,6,7,1,3,4,9},{7,2,3,8,1,9,4,6,5},{1,5,8,7,0,0,0,0,0},{0,0,0,0,0,0,0,0,0}}
]
22:56:29.199 [main] INFO  sudoku.model.SudokuBoard - Wartość 0 wstawiona nieprawidłowo
22:56:29.199 [main] INFO  sudoku.model.SudokuBoard - Bład w kwadracie 0
sudoku.model.SudokuBoard@1e120628[
  size=9
  solver=sudoku.model.BacktrackingSudokuSolver@4e4894d
  board={{4,7,5,3,9,2,6,8,1},{2,3,6,1,4,8,5,9,7},{8,9,1,5,6,7,2,3,4},{3,4,7,9,8,5,1,2,6},{6,1,9,4,2,3,7,5,8},{5,8,2,6,7,1,3,4,9},{7,2,3,8,1,9,4,6,5},{1,5,8,0,0,0,0,0,0},{0,0,0,0,0,0,0,0,0}}
]
22:56:29.199 [main] INFO  sudoku.model.SudokuBoard - Wartość 0 wstawiona nieprawidłowo
22:56:29.200 [main] INFO  sudoku.model.SudokuBoard - Bład w kwadracie 0
sudoku.model.SudokuBoard@1e120628[
  size=9
  solver=sudoku.model.BacktrackingSudokuSolver@4e4894d
  board={{4,7,5,3,9,2,6,8,1},{2,3,6,1,4,8,5,9,7},{8,9,1,5,6,7,2,3,4},{3,4,7,9,8,5,1,2,6},{6,1,9,4,2,3,7,5,8},{5,8,2,6,7,1,3,4,9},{7,2,3,8,1,9,4,6,5},{1,5,8,2,3,4,9,0,0},{0,0,0,0,0,0,0,0,0}}
]
22:56:29.200 [main] INFO  sudoku.model.SudokuBoard - Wartość 0 wstawiona nieprawidłowo
22:56:29.200 [main] INFO  sudoku.model.SudokuBoard - Bład w kwadracie 0
sudoku.model.SudokuBoard@1e120628[
  size=9
  solver=sudoku.model.BacktrackingSudokuSolver@4e4894d
  board={{4,7,5,3,9,2,6,8,1},{2,3,6,1,4,8,5,9,7},{8,9,1,5,6,7,2,3,4},{3,4,7,9,8,5,1,2,6},{6,1,9,4,2,3,7,5,8},{5,8,2,6,7,1,3,4,9},{7,2,3,8,1,9,4,6,5},{1,5,8,2,3,4,0,0,0},{0,0,0,0,0,0,0,0,0}}
]
22:56:29.200 [main] INFO  sudoku.model.SudokuBoard - Wartość 0 wstawiona nieprawidłowo
22:56:29.200 [main] INFO  sudoku.model.SudokuBoard - Bład w kwadracie 0
sudoku.model.SudokuBoard@1e120628[
  size=9
  solver=sudoku.model.BacktrackingSudokuSolver@4e4894d
  board={{4,7,5,3,9,2,6,8,1},{2,3,6,1,4,8,5,9,7},{8,9,1,5,6,7,2,3,4},{3,4,7,9,8,5,1,2,6},{6,1,9,4,2,3,7,5,8},{5,8,2,6,7,1,3,4,9},{7,2,3,8,1,9,4,6,5},{1,5,8,2,3,0,0,0,0},{0,0,0,0,0,0,0,0,0}}
]
22:56:29.200 [main] INFO  sudoku.model.SudokuBoard - Wartość 0 wstawiona nieprawidłowo
22:56:29.200 [main] INFO  sudoku.model.SudokuBoard - Bład w kwadracie 0
sudoku.model.SudokuBoard@1e120628[
  size=9
  solver=sudoku.model.BacktrackingSudokuSolver@4e4894d
  board={{4,7,5,3,9,2,6,8,1},{2,3,6,1,4,8,5,9,7},{8,9,1,5,6,7,2,3,4},{3,4,7,9,8,5,1,2,6},{6,1,9,4,2,3,7,5,8},{5,8,2,6,7,1,3,4,9},{7,2,3,8,1,9,4,6,5},{1,5,8,2,3,6,9,0,0},{0,0,0,0,0,0,0,0,0}}
]
22:56:29.200 [main] INFO  sudoku.model.SudokuBoard - Wartość 0 wstawiona nieprawidłowo
22:56:29.200 [main] INFO  sudoku.model.SudokuBoard - Bład w kwadracie 0
sudoku.model.SudokuBoard@1e120628[
  size=9
  solver=sudoku.model.BacktrackingSudokuSolver@4e4894d
  board={{4,7,5,3,9,2,6,8,1},{2,3,6,1,4,8,5,9,7},{8,9,1,5,6,7,2,3,4},{3,4,7,9,8,5,1,2,6},{6,1,9,4,2,3,7,5,8},{5,8,2,6,7,1,3,4,9},{7,2,3,8,1,9,4,6,5},{1,5,8,2,3,6,0,0,0},{0,0,0,0,0,0,0,0,0}}
]
22:56:29.200 [main] INFO  sudoku.model.SudokuBoard - Wartość 0 wstawiona nieprawidłowo
22:56:29.200 [main] INFO  sudoku.model.SudokuBoard - Bład w kwadracie 0
sudoku.model.SudokuBoard@1e120628[
  size=9
  solver=sudoku.model.BacktrackingSudokuSolver@4e4894d
  board={{4,7,5,3,9,2,6,8,1},{2,3,6,1,4,8,5,9,7},{8,9,1,5,6,7,2,3,4},{3,4,7,9,8,5,1,2,6},{6,1,9,4,2,3,7,5,8},{5,8,2,6,7,1,3,4,9},{7,2,3,8,1,9,4,6,5},{1,5,8,2,3,0,0,0,0},{0,0,0,0,0,0,0,0,0}}
]
22:56:29.200 [main] INFO  sudoku.model.SudokuBoard - Wartość 0 wstawiona nieprawidłowo
22:56:29.200 [main] INFO  sudoku.model.SudokuBoard - Bład w kwadracie 0
sudoku.model.SudokuBoard@1e120628[
  size=9
  solver=sudoku.model.BacktrackingSudokuSolver@4e4894d
  board={{4,7,5,3,9,2,6,8,1},{2,3,6,1,4,8,5,9,7},{8,9,1,5,6,7,2,3,4},{3,4,7,9,8,5,1,2,6},{6,1,9,4,2,3,7,5,8},{5,8,2,6,7,1,3,4,9},{7,2,3,8,1,9,4,6,5},{1,5,8,2,0,0,0,0,0},{0,0,0,0,0,0,0,0,0}}
]
22:56:29.200 [main] INFO  sudoku.model.SudokuBoard - Wartość 0 wstawiona nieprawidłowo
22:56:29.200 [main] INFO  sudoku.model.SudokuBoard - Bład w kwadracie 0
sudoku.model.SudokuBoard@1e120628[
  size=9
  solver=sudoku.model.BacktrackingSudokuSolver@4e4894d
  board={{4,7,5,3,9,2,6,8,1},{2,3,6,1,4,8,5,9,7},{8,9,1,5,6,7,2,3,4},{3,4,7,9,8,5,1,2,6},{6,1,9,4,2,3,7,5,8},{5,8,2,6,7,1,3,4,9},{7,2,3,8,1,9,4,6,5},{1,5,8,0,0,0,0,0,0},{0,0,0,0,0,0,0,0,0}}
]
22:56:29.201 [main] INFO  sudoku.model.SudokuBoard - Wartość 0 wstawiona nieprawidłowo
22:56:29.201 [main] INFO  sudoku.model.SudokuBoard - Bład w kwadracie 0
sudoku.model.SudokuBoard@1e120628[
  size=9
  solver=sudoku.model.BacktrackingSudokuSolver@4e4894d
  board={{4,7,5,3,9,2,6,8,1},{2,3,6,1,4,8,5,9,7},{8,9,1,5,6,7,2,3,4},{3,4,7,9,8,5,1,2,6},{6,1,9,4,2,3,7,5,8},{5,8,2,6,7,1,3,4,9},{7,2,3,8,1,9,4,6,5},{1,5,0,0,0,0,0,0,0},{0,0,0,0,0,0,0,0,0}}
]
22:56:29.201 [main] INFO  sudoku.model.SudokuBoard - Wartość 0 wstawiona nieprawidłowo
22:56:29.201 [main] INFO  sudoku.model.SudokuBoard - Bład w kwadracie 0
sudoku.model.SudokuBoard@1e120628[
  size=9
  solver=sudoku.model.BacktrackingSudokuSolver@4e4894d
  board={{4,7,5,3,9,2,6,8,1},{2,3,6,1,4,8,5,9,7},{8,9,1,5,6,7,2,3,4},{3,4,7,9,8,5,1,2,6},{6,1,9,4,2,3,7,5,8},{5,8,2,6,7,1,3,4,9},{7,2,3,8,1,9,4,6,5},{1,5,4,2,3,6,8,0,0},{0,0,0,0,0,0,0,0,0}}
]
22:56:29.201 [main] INFO  sudoku.model.SudokuBoard - Wartość 0 wstawiona nieprawidłowo
22:56:29.201 [main] INFO  sudoku.model.SudokuBoard - Bład w kwadracie 0
sudoku.model.SudokuBoard@1e120628[
  size=9
  solver=sudoku.model.BacktrackingSudokuSolver@4e4894d
  board={{4,7,5,3,9,2,6,8,1},{2,3,6,1,4,8,5,9,7},{8,9,1,5,6,7,2,3,4},{3,4,7,9,8,5,1,2,6},{6,1,9,4,2,3,7,5,8},{5,8,2,6,7,1,3,4,9},{7,2,3,8,1,9,4,6,5},{1,5,4,2,3,6,0,0,0},{0,0,0,0,0,0,0,0,0}}
]
22:56:29.201 [main] INFO  sudoku.model.SudokuBoard - Wartość 0 wstawiona nieprawidłowo
22:56:29.201 [main] INFO  sudoku.model.SudokuBoard - Bład w kwadracie 0
sudoku.model.SudokuBoard@1e120628[
  size=9
  solver=sudoku.model.BacktrackingSudokuSolver@4e4894d
  board={{4,7,5,3,9,2,6,8,1},{2,3,6,1,4,8,5,9,7},{8,9,1,5,6,7,2,3,4},{3,4,7,9,8,5,1,2,6},{6,1,9,4,2,3,7,5,8},{5,8,2,6,7,1,3,4,9},{7,2,3,8,1,9,4,6,5},{1,5,4,2,3,6,9,0,0},{0,0,0,0,0,0,0,0,0}}
]
22:56:29.201 [main] INFO  sudoku.model.SudokuBoard - Wartość 0 wstawiona nieprawidłowo
22:56:29.201 [main] INFO  sudoku.model.SudokuBoard - Bład w kwadracie 0
sudoku.model.SudokuBoard@1e120628[
  size=9
  solver=sudoku.model.BacktrackingSudokuSolver@4e4894d
  board={{4,7,5,3,9,2,6,8,1},{2,3,6,1,4,8,5,9,7},{8,9,1,5,6,7,2,3,4},{3,4,7,9,8,5,1,2,6},{6,1,9,4,2,3,7,5,8},{5,8,2,6,7,1,3,4,9},{7,2,3,8,1,9,4,6,5},{1,5,4,2,3,6,0,0,0},{0,0,0,0,0,0,0,0,0}}
]
22:56:29.201 [main] INFO  sudoku.model.SudokuBoard - Wartość 0 wstawiona nieprawidłowo
22:56:29.201 [main] INFO  sudoku.model.SudokuBoard - Bład w kwadracie 0
sudoku.model.SudokuBoard@1e120628[
  size=9
  solver=sudoku.model.BacktrackingSudokuSolver@4e4894d
  board={{4,7,5,3,9,2,6,8,1},{2,3,6,1,4,8,5,9,7},{8,9,1,5,6,7,2,3,4},{3,4,7,9,8,5,1,2,6},{6,1,9,4,2,3,7,5,8},{5,8,2,6,7,1,3,4,9},{7,2,3,8,1,9,4,6,5},{1,5,4,2,3,0,0,0,0},{0,0,0,0,0,0,0,0,0}}
]
22:56:29.201 [main] INFO  sudoku.model.SudokuBoard - Wartość 0 wstawiona nieprawidłowo
22:56:29.202 [main] INFO  sudoku.model.SudokuBoard - Bład w kwadracie 0
sudoku.model.SudokuBoard@1e120628[
  size=9
  solver=sudoku.model.BacktrackingSudokuSolver@4e4894d
  board={{4,7,5,3,9,2,6,8,1},{2,3,6,1,4,8,5,9,7},{8,9,1,5,6,7,2,3,4},{3,4,7,9,8,5,1,2,6},{6,1,9,4,2,3,7,5,8},{5,8,2,6,7,1,3,4,9},{7,2,3,8,1,9,4,6,5},{1,5,4,2,0,0,0,0,0},{0,0,0,0,0,0,0,0,0}}
]
22:56:29.202 [main] INFO  sudoku.model.SudokuBoard - Wartość 0 wstawiona nieprawidłowo
22:56:29.202 [main] INFO  sudoku.model.SudokuBoard - Bład w kwadracie 0
sudoku.model.SudokuBoard@1e120628[
  size=9
  solver=sudoku.model.BacktrackingSudokuSolver@4e4894d
  board={{4,7,5,3,9,2,6,8,1},{2,3,6,1,4,8,5,9,7},{8,9,1,5,6,7,2,3,4},{3,4,7,9,8,5,1,2,6},{6,1,9,4,2,3,7,5,8},{5,8,2,6,7,1,3,4,9},{7,2,3,8,1,9,4,6,5},{1,5,4,0,0,0,0,0,0},{0,0,0,0,0,0,0,0,0}}
]
22:56:29.202 [main] INFO  sudoku.model.SudokuBoard - Wartość 0 wstawiona nieprawidłowo
22:56:29.202 [main] INFO  sudoku.model.SudokuBoard - Bład w kwadracie 0
sudoku.model.SudokuBoard@1e120628[
  size=9
  solver=sudoku.model.BacktrackingSudokuSolver@4e4894d
  board={{4,7,5,3,9,2,6,8,1},{2,3,6,1,4,8,5,9,7},{8,9,1,5,6,7,2,3,4},{3,4,7,9,8,5,1,2,6},{6,1,9,4,2,3,7,5,8},{5,8,2,6,7,1,3,4,9},{7,2,3,8,1,9,4,6,5},{1,5,4,7,3,6,0,0,0},{0,0,0,0,0,0,0,0,0}}
]
22:56:29.202 [main] INFO  sudoku.model.SudokuBoard - Wartość 0 wstawiona nieprawidłowo
22:56:29.202 [main] INFO  sudoku.model.SudokuBoard - Bład w kwadracie 0
sudoku.model.SudokuBoard@1e120628[
  size=9
  solver=sudoku.model.BacktrackingSudokuSolver@4e4894d
  board={{4,7,5,3,9,2,6,8,1},{2,3,6,1,4,8,5,9,7},{8,9,1,5,6,7,2,3,4},{3,4,7,9,8,5,1,2,6},{6,1,9,4,2,3,7,5,8},{5,8,2,6,7,1,3,4,9},{7,2,3,8,1,9,4,6,5},{1,5,4,7,3,6,0,0,0},{0,0,0,0,0,0,0,0,0}}
]
22:56:29.202 [main] INFO  sudoku.model.SudokuBoard - Wartość 0 wstawiona nieprawidłowo
22:56:29.202 [main] INFO  sudoku.model.SudokuBoard - Bład w kwadracie 0
sudoku.model.SudokuBoard@1e120628[
  size=9
  solver=sudoku.model.BacktrackingSudokuSolver@4e4894d
  board={{4,7,5,3,9,2,6,8,1},{2,3,6,1,4,8,5,9,7},{8,9,1,5,6,7,2,3,4},{3,4,7,9,8,5,1,2,6},{6,1,9,4,2,3,7,5,8},{5,8,2,6,7,1,3,4,9},{7,2,3,8,1,9,4,6,5},{1,5,4,7,3,0,0,0,0},{0,0,0,0,0,0,0,0,0}}
]
22:56:29.202 [main] INFO  sudoku.model.SudokuBoard - Wartość 0 wstawiona nieprawidłowo
22:56:29.202 [main] INFO  sudoku.model.SudokuBoard - Bład w kwadracie 0
sudoku.model.SudokuBoard@1e120628[
  size=9
  solver=sudoku.model.BacktrackingSudokuSolver@4e4894d
  board={{4,7,5,3,9,2,6,8,1},{2,3,6,1,4,8,5,9,7},{8,9,1,5,6,7,2,3,4},{3,4,7,9,8,5,1,2,6},{6,1,9,4,2,3,7,5,8},{5,8,2,6,7,1,3,4,9},{7,2,3,8,1,9,4,6,5},{1,5,4,7,0,0,0,0,0},{0,0,0,0,0,0,0,0,0}}
]
22:56:29.202 [main] INFO  sudoku.model.SudokuBoard - Wartość 0 wstawiona nieprawidłowo
22:56:29.203 [main] INFO  sudoku.model.SudokuBoard - Bład w kwadracie 0
sudoku.model.SudokuBoard@1e120628[
  size=9
  solver=sudoku.model.BacktrackingSudokuSolver@4e4894d
  board={{4,7,5,3,9,2,6,8,1},{2,3,6,1,4,8,5,9,7},{8,9,1,5,6,7,2,3,4},{3,4,7,9,8,5,1,2,6},{6,1,9,4,2,3,7,5,8},{5,8,2,6,7,1,3,4,9},{7,2,3,8,1,9,4,6,5},{1,5,4,0,0,0,0,0,0},{0,0,0,0,0,0,0,0,0}}
]
22:56:29.204 [main] INFO  sudoku.model.SudokuBoard - Wartość 0 wstawiona nieprawidłowo
22:56:29.204 [main] INFO  sudoku.model.SudokuBoard - Bład w kwadracie 0
sudoku.model.SudokuBoard@1e120628[
  size=9
  solver=sudoku.model.BacktrackingSudokuSolver@4e4894d
  board={{4,7,5,3,9,2,6,8,1},{2,3,6,1,4,8,5,9,7},{8,9,1,5,6,7,2,3,4},{3,4,7,9,8,5,1,2,6},{6,1,9,4,2,3,7,5,8},{5,8,2,6,7,1,3,4,9},{7,2,3,8,1,9,4,6,5},{1,5,0,0,0,0,0,0,0},{0,0,0,0,0,0,0,0,0}}
]
22:56:29.204 [main] INFO  sudoku.model.SudokuBoard - Wartość 0 wstawiona nieprawidłowo
22:56:29.204 [main] INFO  sudoku.model.SudokuBoard - Bład w kwadracie 0
sudoku.model.SudokuBoard@1e120628[
  size=9
  solver=sudoku.model.BacktrackingSudokuSolver@4e4894d
  board={{4,7,5,3,9,2,6,8,1},{2,3,6,1,4,8,5,9,7},{8,9,1,5,6,7,2,3,4},{3,4,7,9,8,5,1,2,6},{6,1,9,4,2,3,7,5,8},{5,8,2,6,7,1,3,4,9},{7,2,3,8,1,9,4,6,5},{1,0,0,0,0,0,0,0,0},{0,0,0,0,0,0,0,0,0}}
]
22:56:29.204 [main] INFO  sudoku.model.SudokuBoard - Wartość 0 wstawiona nieprawidłowo
22:56:29.204 [main] INFO  sudoku.model.SudokuBoard - Bład w kwadracie 0
sudoku.model.SudokuBoard@1e120628[
  size=9
  solver=sudoku.model.BacktrackingSudokuSolver@4e4894d
  board={{4,7,5,3,9,2,6,8,1},{2,3,6,1,4,8,5,9,7},{8,9,1,5,6,7,2,3,4},{3,4,7,9,8,5,1,2,6},{6,1,9,4,2,3,7,5,8},{5,8,2,6,7,1,3,4,9},{7,2,3,8,1,9,4,6,5},{1,6,4,7,0,0,0,0,0},{0,0,0,0,0,0,0,0,0}}
]
22:56:29.204 [main] INFO  sudoku.model.SudokuBoard - Wartość 0 wstawiona nieprawidłowo
22:56:29.205 [main] INFO  sudoku.model.SudokuBoard - Bład w kwadracie 0
sudoku.model.SudokuBoard@1e120628[
  size=9
  solver=sudoku.model.BacktrackingSudokuSolver@4e4894d
  board={{4,7,5,3,9,2,6,8,1},{2,3,6,1,4,8,5,9,7},{8,9,1,5,6,7,2,3,4},{3,4,7,9,8,5,1,2,6},{6,1,9,4,2,3,7,5,8},{5,8,2,6,7,1,3,4,9},{7,2,3,8,1,9,4,6,5},{1,6,4,7,0,0,0,0,0},{0,0,0,0,0,0,0,0,0}}
]
22:56:29.205 [main] INFO  sudoku.model.SudokuBoard - Wartość 0 wstawiona nieprawidłowo
22:56:29.205 [main] INFO  sudoku.model.SudokuBoard - Bład w kwadracie 0
sudoku.model.SudokuBoard@1e120628[
  size=9
  solver=sudoku.model.BacktrackingSudokuSolver@4e4894d
  board={{4,7,5,3,9,2,6,8,1},{2,3,6,1,4,8,5,9,7},{8,9,1,5,6,7,2,3,4},{3,4,7,9,8,5,1,2,6},{6,1,9,4,2,3,7,5,8},{5,8,2,6,7,1,3,4,9},{7,2,3,8,1,9,4,6,5},{1,6,4,0,0,0,0,0,0},{0,0,0,0,0,0,0,0,0}}
]
22:56:29.205 [main] INFO  sudoku.model.SudokuBoard - Wartość 0 wstawiona nieprawidłowo
22:56:29.205 [main] INFO  sudoku.model.SudokuBoard - Bład w kwadracie 0
sudoku.model.SudokuBoard@1e120628[
  size=9
  solver=sudoku.model.BacktrackingSudokuSolver@4e4894d
  board={{4,7,5,3,9,2,6,8,1},{2,3,6,1,4,8,5,9,7},{8,9,1,5,6,7,2,3,4},{3,4,7,9,8,5,1,2,6},{6,1,9,4,2,3,7,5,8},{5,8,2,6,7,1,3,4,9},{7,2,3,8,1,9,4,6,5},{1,6,4,2,0,0,0,0,0},{0,0,0,0,0,0,0,0,0}}
]
22:56:29.205 [main] INFO  sudoku.model.SudokuBoard - Wartość 0 wstawiona nieprawidłowo
22:56:29.205 [main] INFO  sudoku.model.SudokuBoard - Bład w kwadracie 0
sudoku.model.SudokuBoard@1e120628[
  size=9
  solver=sudoku.model.BacktrackingSudokuSolver@4e4894d
  board={{4,7,5,3,9,2,6,8,1},{2,3,6,1,4,8,5,9,7},{8,9,1,5,6,7,2,3,4},{3,4,7,9,8,5,1,2,6},{6,1,9,4,2,3,7,5,8},{5,8,2,6,7,1,3,4,9},{7,2,3,8,1,9,4,6,5},{1,6,4,2,0,0,0,0,0},{0,0,0,0,0,0,0,0,0}}
]
22:56:29.205 [main] INFO  sudoku.model.SudokuBoard - Wartość 0 wstawiona nieprawidłowo
22:56:29.205 [main] INFO  sudoku.model.SudokuBoard - Bład w kwadracie 0
sudoku.model.SudokuBoard@1e120628[
  size=9
  solver=sudoku.model.BacktrackingSudokuSolver@4e4894d
  board={{4,7,5,3,9,2,6,8,1},{2,3,6,1,4,8,5,9,7},{8,9,1,5,6,7,2,3,4},{3,4,7,9,8,5,1,2,6},{6,1,9,4,2,3,7,5,8},{5,8,2,6,7,1,3,4,9},{7,2,3,8,1,9,4,6,5},{1,6,4,0,0,0,0,0,0},{0,0,0,0,0,0,0,0,0}}
]
22:56:29.206 [main] INFO  sudoku.model.SudokuBoard - Wartość 0 wstawiona nieprawidłowo
22:56:29.206 [main] INFO  sudoku.model.SudokuBoard - Bład w kwadracie 0
sudoku.model.SudokuBoard@1e120628[
  size=9
  solver=sudoku.model.BacktrackingSudokuSolver@4e4894d
  board={{4,7,5,3,9,2,6,8,1},{2,3,6,1,4,8,5,9,7},{8,9,1,5,6,7,2,3,4},{3,4,7,9,8,5,1,2,6},{6,1,9,4,2,3,7,5,8},{5,8,2,6,7,1,3,4,9},{7,2,3,8,1,9,4,6,5},{1,6,0,0,0,0,0,0,0},{0,0,0,0,0,0,0,0,0}}
]
22:56:29.206 [main] INFO  sudoku.model.SudokuBoard - Wartość 0 wstawiona nieprawidłowo
22:56:29.206 [main] INFO  sudoku.model.SudokuBoard - Bład w kwadracie 0
sudoku.model.SudokuBoard@1e120628[
  size=9
  solver=sudoku.model.BacktrackingSudokuSolver@4e4894d
  board={{4,7,5,3,9,2,6,8,1},{2,3,6,1,4,8,5,9,7},{8,9,1,5,6,7,2,3,4},{3,4,7,9,8,5,1,2,6},{6,1,9,4,2,3,7,5,8},{5,8,2,6,7,1,3,4,9},{7,2,3,8,1,9,4,6,5},{1,6,8,2,3,4,9,0,0},{0,0,0,0,0,0,0,0,0}}
]
22:56:29.208 [main] INFO  sudoku.model.SudokuBoard - Wartość 0 wstawiona nieprawidłowo
22:56:29.211 [main] INFO  sudoku.model.SudokuBoard - Bład w kwadracie 0
sudoku.model.SudokuBoard@1e120628[
  size=9
  solver=sudoku.model.BacktrackingSudokuSolver@4e4894d
  board={{4,7,5,3,9,2,6,8,1},{2,3,6,1,4,8,5,9,7},{8,9,1,5,6,7,2,3,4},{3,4,7,9,8,5,1,2,6},{6,1,9,4,2,3,7,5,8},{5,8,2,6,7,1,3,4,9},{7,2,3,8,1,9,4,6,5},{1,6,8,2,3,4,0,0,0},{0,0,0,0,0,0,0,0,0}}
]
22:56:29.211 [main] INFO  sudoku.model.SudokuBoard - Wartość 0 wstawiona nieprawidłowo
22:56:29.211 [main] INFO  sudoku.model.SudokuBoard - Bład w kwadracie 0
sudoku.model.SudokuBoard@1e120628[
  size=9
  solver=sudoku.model.BacktrackingSudokuSolver@4e4894d
  board={{4,7,5,3,9,2,6,8,1},{2,3,6,1,4,8,5,9,7},{8,9,1,5,6,7,2,3,4},{3,4,7,9,8,5,1,2,6},{6,1,9,4,2,3,7,5,8},{5,8,2,6,7,1,3,4,9},{7,2,3,8,1,9,4,6,5},{1,6,8,2,3,0,0,0,0},{0,0,0,0,0,0,0,0,0}}
]
22:56:29.211 [main] INFO  sudoku.model.SudokuBoard - Wartość 0 wstawiona nieprawidłowo
22:56:29.211 [main] INFO  sudoku.model.SudokuBoard - Bład w kwadracie 0
sudoku.model.SudokuBoard@1e120628[
  size=9
  solver=sudoku.model.BacktrackingSudokuSolver@4e4894d
  board={{4,7,5,3,9,2,6,8,1},{2,3,6,1,4,8,5,9,7},{8,9,1,5,6,7,2,3,4},{3,4,7,9,8,5,1,2,6},{6,1,9,4,2,3,7,5,8},{5,8,2,6,7,1,3,4,9},{7,2,3,8,1,9,4,6,5},{1,6,8,2,0,0,0,0,0},{0,0,0,0,0,0,0,0,0}}
]
22:56:29.211 [main] INFO  sudoku.model.SudokuBoard - Wartość 0 wstawiona nieprawidłowo
]]></system-out>
  </testcase>
  <testcase name="repeatFillBoardTest" classname="sudoku.model.SudokuBoardTest" time="0.015">
    <system-out><![CDATA[22:56:29.214 [main] INFO  sudoku.model.SudokuBoard - Bład w kwadracie 0
sudoku.model.SudokuBoard@6734ff92[
  size=9
  solver=sudoku.model.BacktrackingSudokuSolver@51eb0e84
  board={{3,9,8,6,4,7,1,5,2},{2,4,1,9,8,3,6,0,0},{0,0,0,0,0,0,0,0,0},{0,0,0,0,0,0,0,0,0},{0,0,0,0,0,0,0,0,0},{0,0,0,0,0,0,0,0,0},{0,0,0,0,0,0,0,0,0},{0,0,0,0,0,0,0,0,0},{0,0,0,0,0,0,0,0,0}}
]
22:56:29.214 [main] INFO  sudoku.model.SudokuBoard - Wartość 0 wstawiona nieprawidłowo
22:56:29.214 [main] INFO  sudoku.model.SudokuBoard - Bład w kwadracie 0
sudoku.model.SudokuBoard@6734ff92[
  size=9
  solver=sudoku.model.BacktrackingSudokuSolver@51eb0e84
  board={{3,9,8,6,4,7,1,5,2},{2,4,1,9,8,3,0,0,0},{0,0,0,0,0,0,0,0,0},{0,0,0,0,0,0,0,0,0},{0,0,0,0,0,0,0,0,0},{0,0,0,0,0,0,0,0,0},{0,0,0,0,0,0,0,0,0},{0,0,0,0,0,0,0,0,0},{0,0,0,0,0,0,0,0,0}}
]
22:56:29.214 [main] INFO  sudoku.model.SudokuBoard - Wartość 0 wstawiona nieprawidłowo
22:56:29.214 [main] INFO  sudoku.model.SudokuBoard - Bład w kwadracie 0
sudoku.model.SudokuBoard@6734ff92[
  size=9
  solver=sudoku.model.BacktrackingSudokuSolver@51eb0e84
  board={{3,9,8,6,4,7,1,5,2},{2,4,1,9,8,3,7,0,0},{0,0,0,0,0,0,0,0,0},{0,0,0,0,0,0,0,0,0},{0,0,0,0,0,0,0,0,0},{0,0,0,0,0,0,0,0,0},{0,0,0,0,0,0,0,0,0},{0,0,0,0,0,0,0,0,0},{0,0,0,0,0,0,0,0,0}}
]
22:56:29.214 [main] INFO  sudoku.model.SudokuBoard - Wartość 0 wstawiona nieprawidłowo
22:56:29.214 [main] INFO  sudoku.model.SudokuBoard - Bład w kwadracie 0
sudoku.model.SudokuBoard@6734ff92[
  size=9
  solver=sudoku.model.BacktrackingSudokuSolver@51eb0e84
  board={{3,9,8,6,4,7,1,5,2},{2,4,1,9,8,3,0,0,0},{0,0,0,0,0,0,0,0,0},{0,0,0,0,0,0,0,0,0},{0,0,0,0,0,0,0,0,0},{0,0,0,0,0,0,0,0,0},{0,0,0,0,0,0,0,0,0},{0,0,0,0,0,0,0,0,0},{0,0,0,0,0,0,0,0,0}}
]
22:56:29.214 [main] INFO  sudoku.model.SudokuBoard - Wartość 0 wstawiona nieprawidłowo
22:56:29.214 [main] INFO  sudoku.model.SudokuBoard - Bład w kwadracie 0
sudoku.model.SudokuBoard@6734ff92[
  size=9
  solver=sudoku.model.BacktrackingSudokuSolver@51eb0e84
  board={{3,9,8,6,4,7,1,5,2},{2,4,1,9,8,0,0,0,0},{0,0,0,0,0,0,0,0,0},{0,0,0,0,0,0,0,0,0},{0,0,0,0,0,0,0,0,0},{0,0,0,0,0,0,0,0,0},{0,0,0,0,0,0,0,0,0},{0,0,0,0,0,0,0,0,0},{0,0,0,0,0,0,0,0,0}}
]
22:56:29.214 [main] INFO  sudoku.model.SudokuBoard - Wartość 0 wstawiona nieprawidłowo
22:56:29.215 [main] INFO  sudoku.model.SudokuBoard - Bład w kwadracie 0
sudoku.model.SudokuBoard@6734ff92[
  size=9
  solver=sudoku.model.BacktrackingSudokuSolver@51eb0e84
  board={{3,9,8,6,4,7,1,5,2},{2,4,1,9,8,5,3,6,7},{5,6,7,1,2,3,8,9,4},{7,8,6,2,5,4,9,1,3},{9,5,2,7,6,8,0,0,0},{0,0,0,0,0,0,0,0,0},{0,0,0,0,0,0,0,0,0},{0,0,0,0,0,0,0,0,0},{0,0,0,0,0,0,0,0,0}}
]
22:56:29.215 [main] INFO  sudoku.model.SudokuBoard - Wartość 0 wstawiona nieprawidłowo
22:56:29.215 [main] INFO  sudoku.model.SudokuBoard - Bład w kwadracie 0
sudoku.model.SudokuBoard@6734ff92[
  size=9
  solver=sudoku.model.BacktrackingSudokuSolver@51eb0e84
  board={{3,9,8,6,4,7,1,5,2},{2,4,1,9,8,5,3,6,7},{5,6,7,1,2,3,8,9,4},{7,8,6,2,5,4,9,1,3},{9,5,2,7,6,0,0,0,0},{0,0,0,0,0,0,0,0,0},{0,0,0,0,0,0,0,0,0},{0,0,0,0,0,0,0,0,0},{0,0,0,0,0,0,0,0,0}}
]
22:56:29.215 [main] INFO  sudoku.model.SudokuBoard - Wartość 0 wstawiona nieprawidłowo
22:56:29.215 [main] INFO  sudoku.model.SudokuBoard - Bład w kwadracie 0
sudoku.model.SudokuBoard@6734ff92[
  size=9
  solver=sudoku.model.BacktrackingSudokuSolver@51eb0e84
  board={{3,9,8,6,4,7,1,5,2},{2,4,1,9,8,5,3,6,7},{5,6,7,1,2,3,8,9,4},{7,8,6,2,5,4,9,1,3},{9,5,2,7,6,1,4,0,0},{0,0,0,0,0,0,0,0,0},{0,0,0,0,0,0,0,0,0},{0,0,0,0,0,0,0,0,0},{0,0,0,0,0,0,0,0,0}}
]
22:56:29.215 [main] INFO  sudoku.model.SudokuBoard - Wartość 0 wstawiona nieprawidłowo
22:56:29.215 [main] INFO  sudoku.model.SudokuBoard - Bład w kwadracie 0
sudoku.model.SudokuBoard@6734ff92[
  size=9
  solver=sudoku.model.BacktrackingSudokuSolver@51eb0e84
  board={{3,9,8,6,4,7,1,5,2},{2,4,1,9,8,5,3,6,7},{5,6,7,1,2,3,8,9,4},{7,8,6,2,5,4,9,1,3},{9,5,2,7,6,1,0,0,0},{0,0,0,0,0,0,0,0,0},{0,0,0,0,0,0,0,0,0},{0,0,0,0,0,0,0,0,0},{0,0,0,0,0,0,0,0,0}}
]
22:56:29.215 [main] INFO  sudoku.model.SudokuBoard - Wartość 0 wstawiona nieprawidłowo
22:56:29.215 [main] INFO  sudoku.model.SudokuBoard - Bład w kwadracie 0
sudoku.model.SudokuBoard@6734ff92[
  size=9
  solver=sudoku.model.BacktrackingSudokuSolver@51eb0e84
  board={{3,9,8,6,4,7,1,5,2},{2,4,1,9,8,5,3,6,7},{5,6,7,1,2,3,8,9,4},{7,8,6,2,5,4,9,1,3},{9,5,2,7,6,0,0,0,0},{0,0,0,0,0,0,0,0,0},{0,0,0,0,0,0,0,0,0},{0,0,0,0,0,0,0,0,0},{0,0,0,0,0,0,0,0,0}}
]
22:56:29.215 [main] INFO  sudoku.model.SudokuBoard - Wartość 0 wstawiona nieprawidłowo
22:56:29.215 [main] INFO  sudoku.model.SudokuBoard - Bład w kwadracie 0
sudoku.model.SudokuBoard@6734ff92[
  size=9
  solver=sudoku.model.BacktrackingSudokuSolver@51eb0e84
  board={{3,9,8,6,4,7,1,5,2},{2,4,1,9,8,5,3,6,7},{5,6,7,1,2,3,8,9,4},{7,8,6,2,5,4,9,1,3},{9,5,2,7,0,0,0,0,0},{0,0,0,0,0,0,0,0,0},{0,0,0,0,0,0,0,0,0},{0,0,0,0,0,0,0,0,0},{0,0,0,0,0,0,0,0,0}}
]
22:56:29.215 [main] INFO  sudoku.model.SudokuBoard - Wartość 0 wstawiona nieprawidłowo
22:56:29.215 [main] INFO  sudoku.model.SudokuBoard - Bład w kwadracie 0
sudoku.model.SudokuBoard@6734ff92[
  size=9
  solver=sudoku.model.BacktrackingSudokuSolver@51eb0e84
  board={{3,9,8,6,4,7,1,5,2},{2,4,1,9,8,5,3,6,7},{5,6,7,1,2,3,8,9,4},{7,8,6,2,5,4,9,1,3},{9,5,2,7,1,8,6,0,0},{0,0,0,0,0,0,0,0,0},{0,0,0,0,0,0,0,0,0},{0,0,0,0,0,0,0,0,0},{0,0,0,0,0,0,0,0,0}}
]
22:56:29.215 [main] INFO  sudoku.model.SudokuBoard - Wartość 0 wstawiona nieprawidłowo
22:56:29.215 [main] INFO  sudoku.model.SudokuBoard - Bład w kwadracie 0
sudoku.model.SudokuBoard@6734ff92[
  size=9
  solver=sudoku.model.BacktrackingSudokuSolver@51eb0e84
  board={{3,9,8,6,4,7,1,5,2},{2,4,1,9,8,5,3,6,7},{5,6,7,1,2,3,8,9,4},{7,8,6,2,5,4,9,1,3},{9,5,2,7,1,8,0,0,0},{0,0,0,0,0,0,0,0,0},{0,0,0,0,0,0,0,0,0},{0,0,0,0,0,0,0,0,0},{0,0,0,0,0,0,0,0,0}}
]
22:56:29.215 [main] INFO  sudoku.model.SudokuBoard - Wartość 0 wstawiona nieprawidłowo
22:56:29.216 [main] INFO  sudoku.model.SudokuBoard - Bład w kwadracie 0
sudoku.model.SudokuBoard@6734ff92[
  size=9
  solver=sudoku.model.BacktrackingSudokuSolver@51eb0e84
  board={{3,9,8,6,4,7,1,5,2},{2,4,1,9,8,5,3,6,7},{5,6,7,1,2,3,8,9,4},{7,8,6,2,5,4,9,1,3},{9,5,2,7,1,8,0,0,0},{0,0,0,0,0,0,0,0,0},{0,0,0,0,0,0,0,0,0},{0,0,0,0,0,0,0,0,0},{0,0,0,0,0,0,0,0,0}}
]
22:56:29.218 [main] INFO  sudoku.model.SudokuBoard - Wartość 0 wstawiona nieprawidłowo
22:56:29.218 [main] INFO  sudoku.model.SudokuBoard - Bład w kwadracie 0
sudoku.model.SudokuBoard@6734ff92[
  size=9
  solver=sudoku.model.BacktrackingSudokuSolver@51eb0e84
  board={{3,9,8,6,4,7,1,5,2},{2,4,1,9,8,5,3,6,7},{5,6,7,1,2,3,8,9,4},{7,8,6,2,5,4,9,1,3},{9,5,2,7,1,0,0,0,0},{0,0,0,0,0,0,0,0,0},{0,0,0,0,0,0,0,0,0},{0,0,0,0,0,0,0,0,0},{0,0,0,0,0,0,0,0,0}}
]
22:56:29.218 [main] INFO  sudoku.model.SudokuBoard - Wartość 0 wstawiona nieprawidłowo
22:56:29.218 [main] INFO  sudoku.model.SudokuBoard - Bład w kwadracie 0
sudoku.model.SudokuBoard@6734ff92[
  size=9
  solver=sudoku.model.BacktrackingSudokuSolver@51eb0e84
  board={{3,9,8,6,4,7,1,5,2},{2,4,1,9,8,5,3,6,7},{5,6,7,1,2,3,8,9,4},{7,8,6,2,5,4,9,1,3},{9,5,2,7,1,6,4,0,0},{0,0,0,0,0,0,0,0,0},{0,0,0,0,0,0,0,0,0},{0,0,0,0,0,0,0,0,0},{0,0,0,0,0,0,0,0,0}}
]
22:56:29.218 [main] INFO  sudoku.model.SudokuBoard - Wartość 0 wstawiona nieprawidłowo
22:56:29.218 [main] INFO  sudoku.model.SudokuBoard - Bład w kwadracie 0
sudoku.model.SudokuBoard@6734ff92[
  size=9
  solver=sudoku.model.BacktrackingSudokuSolver@51eb0e84
  board={{3,9,8,6,4,7,1,5,2},{2,4,1,9,8,5,3,6,7},{5,6,7,1,2,3,8,9,4},{7,8,6,2,5,4,9,1,3},{9,5,2,7,1,6,0,0,0},{0,0,0,0,0,0,0,0,0},{0,0,0,0,0,0,0,0,0},{0,0,0,0,0,0,0,0,0},{0,0,0,0,0,0,0,0,0}}
]
22:56:29.218 [main] INFO  sudoku.model.SudokuBoard - Wartość 0 wstawiona nieprawidłowo
22:56:29.218 [main] INFO  sudoku.model.SudokuBoard - Bład w kwadracie 0
sudoku.model.SudokuBoard@6734ff92[
  size=9
  solver=sudoku.model.BacktrackingSudokuSolver@51eb0e84
  board={{3,9,8,6,4,7,1,5,2},{2,4,1,9,8,5,3,6,7},{5,6,7,1,2,3,8,9,4},{7,8,6,2,5,4,9,1,3},{9,5,2,7,1,0,0,0,0},{0,0,0,0,0,0,0,0,0},{0,0,0,0,0,0,0,0,0},{0,0,0,0,0,0,0,0,0},{0,0,0,0,0,0,0,0,0}}
]
22:56:29.218 [main] INFO  sudoku.model.SudokuBoard - Wartość 0 wstawiona nieprawidłowo
22:56:29.218 [main] INFO  sudoku.model.SudokuBoard - Bład w kwadracie 0
sudoku.model.SudokuBoard@6734ff92[
  size=9
  solver=sudoku.model.BacktrackingSudokuSolver@51eb0e84
  board={{3,9,8,6,4,7,1,5,2},{2,4,1,9,8,5,3,6,7},{5,6,7,1,2,3,8,9,4},{7,8,6,2,5,4,9,1,3},{9,5,2,7,0,0,0,0,0},{0,0,0,0,0,0,0,0,0},{0,0,0,0,0,0,0,0,0},{0,0,0,0,0,0,0,0,0},{0,0,0,0,0,0,0,0,0}}
]
22:56:29.218 [main] INFO  sudoku.model.SudokuBoard - Wartość 0 wstawiona nieprawidłowo
22:56:29.218 [main] INFO  sudoku.model.SudokuBoard - Bład w kwadracie 0
sudoku.model.SudokuBoard@6734ff92[
  size=9
  solver=sudoku.model.BacktrackingSudokuSolver@51eb0e84
  board={{3,9,8,6,4,7,1,5,2},{2,4,1,9,8,5,3,6,7},{5,6,7,1,2,3,8,9,4},{7,8,6,2,5,4,9,1,3},{9,5,2,7,3,6,4,0,0},{0,0,0,0,0,0,0,0,0},{0,0,0,0,0,0,0,0,0},{0,0,0,0,0,0,0,0,0},{0,0,0,0,0,0,0,0,0}}
]
22:56:29.218 [main] INFO  sudoku.model.SudokuBoard - Wartość 0 wstawiona nieprawidłowo
22:56:29.219 [main] INFO  sudoku.model.SudokuBoard - Bład w kwadracie 0
sudoku.model.SudokuBoard@6734ff92[
  size=9
  solver=sudoku.model.BacktrackingSudokuSolver@51eb0e84
  board={{3,9,8,6,4,7,1,5,2},{2,4,1,9,8,5,3,6,7},{5,6,7,1,2,3,8,9,4},{7,8,6,2,5,4,9,1,3},{9,5,2,7,3,6,0,0,0},{0,0,0,0,0,0,0,0,0},{0,0,0,0,0,0,0,0,0},{0,0,0,0,0,0,0,0,0},{0,0,0,0,0,0,0,0,0}}
]
22:56:29.219 [main] INFO  sudoku.model.SudokuBoard - Wartość 0 wstawiona nieprawidłowo
22:56:29.219 [main] INFO  sudoku.model.SudokuBoard - Bład w kwadracie 0
sudoku.model.SudokuBoard@6734ff92[
  size=9
  solver=sudoku.model.BacktrackingSudokuSolver@51eb0e84
  board={{3,9,8,6,4,7,1,5,2},{2,4,1,9,8,5,3,6,7},{5,6,7,1,2,3,8,9,4},{7,8,6,2,5,4,9,1,3},{9,5,2,7,3,0,0,0,0},{0,0,0,0,0,0,0,0,0},{0,0,0,0,0,0,0,0,0},{0,0,0,0,0,0,0,0,0},{0,0,0,0,0,0,0,0,0}}
]
22:56:29.219 [main] INFO  sudoku.model.SudokuBoard - Wartość 0 wstawiona nieprawidłowo
22:56:29.219 [main] INFO  sudoku.model.SudokuBoard - Bład w kwadracie 0
sudoku.model.SudokuBoard@6734ff92[
  size=9
  solver=sudoku.model.BacktrackingSudokuSolver@51eb0e84
  board={{3,9,8,6,4,7,1,5,2},{2,4,1,9,8,5,3,6,7},{5,6,7,1,2,3,8,9,4},{7,8,6,2,5,4,9,1,3},{9,5,2,7,3,8,6,0,0},{0,0,0,0,0,0,0,0,0},{0,0,0,0,0,0,0,0,0},{0,0,0,0,0,0,0,0,0},{0,0,0,0,0,0,0,0,0}}
]
22:56:29.219 [main] INFO  sudoku.model.SudokuBoard - Wartość 0 wstawiona nieprawidłowo
22:56:29.219 [main] INFO  sudoku.model.SudokuBoard - Bład w kwadracie 0
sudoku.model.SudokuBoard@6734ff92[
  size=9
  solver=sudoku.model.BacktrackingSudokuSolver@51eb0e84
  board={{3,9,8,6,4,7,1,5,2},{2,4,1,9,8,5,3,6,7},{5,6,7,1,2,3,8,9,4},{7,8,6,2,5,4,9,1,3},{9,5,2,7,3,8,0,0,0},{0,0,0,0,0,0,0,0,0},{0,0,0,0,0,0,0,0,0},{0,0,0,0,0,0,0,0,0},{0,0,0,0,0,0,0,0,0}}
]
22:56:29.219 [main] INFO  sudoku.model.SudokuBoard - Wartość 0 wstawiona nieprawidłowo
22:56:29.219 [main] INFO  sudoku.model.SudokuBoard - Bład w kwadracie 0
sudoku.model.SudokuBoard@6734ff92[
  size=9
  solver=sudoku.model.BacktrackingSudokuSolver@51eb0e84
  board={{3,9,8,6,4,7,1,5,2},{2,4,1,9,8,5,3,6,7},{5,6,7,1,2,3,8,9,4},{7,8,6,2,5,4,9,1,3},{9,5,2,7,3,8,0,0,0},{0,0,0,0,0,0,0,0,0},{0,0,0,0,0,0,0,0,0},{0,0,0,0,0,0,0,0,0},{0,0,0,0,0,0,0,0,0}}
]
22:56:29.219 [main] INFO  sudoku.model.SudokuBoard - Wartość 0 wstawiona nieprawidłowo
22:56:29.219 [main] INFO  sudoku.model.SudokuBoard - Bład w kwadracie 0
sudoku.model.SudokuBoard@6734ff92[
  size=9
  solver=sudoku.model.BacktrackingSudokuSolver@51eb0e84
  board={{3,9,8,6,4,7,1,5,2},{2,4,1,9,8,5,3,6,7},{5,6,7,1,2,3,8,9,4},{7,8,6,2,5,4,9,1,3},{9,5,2,7,3,0,0,0,0},{0,0,0,0,0,0,0,0,0},{0,0,0,0,0,0,0,0,0},{0,0,0,0,0,0,0,0,0},{0,0,0,0,0,0,0,0,0}}
]
22:56:29.219 [main] INFO  sudoku.model.SudokuBoard - Wartość 0 wstawiona nieprawidłowo
22:56:29.220 [main] INFO  sudoku.model.SudokuBoard - Bład w kwadracie 0
sudoku.model.SudokuBoard@6734ff92[
  size=9
  solver=sudoku.model.BacktrackingSudokuSolver@51eb0e84
  board={{3,9,8,6,4,7,1,5,2},{2,4,1,9,8,5,3,6,7},{5,6,7,1,2,3,8,9,4},{7,8,6,2,5,4,9,1,3},{9,5,2,7,3,1,4,8,6},{4,1,3,8,6,9,7,2,5},{6,2,4,3,7,8,0,0,0},{0,0,0,0,0,0,0,0,0},{0,0,0,0,0,0,0,0,0}}
]
22:56:29.220 [main] INFO  sudoku.model.SudokuBoard - Wartość 0 wstawiona nieprawidłowo
22:56:29.220 [main] INFO  sudoku.model.SudokuBoard - Bład w kwadracie 0
sudoku.model.SudokuBoard@6734ff92[
  size=9
  solver=sudoku.model.BacktrackingSudokuSolver@51eb0e84
  board={{3,9,8,6,4,7,1,5,2},{2,4,1,9,8,5,3,6,7},{5,6,7,1,2,3,8,9,4},{7,8,6,2,5,4,9,1,3},{9,5,2,7,3,1,4,8,6},{4,1,3,8,6,9,7,2,5},{6,2,4,3,7,0,0,0,0},{0,0,0,0,0,0,0,0,0},{0,0,0,0,0,0,0,0,0}}
]
22:56:29.220 [main] INFO  sudoku.model.SudokuBoard - Wartość 0 wstawiona nieprawidłowo
22:56:29.220 [main] INFO  sudoku.model.SudokuBoard - Bład w kwadracie 0
sudoku.model.SudokuBoard@6734ff92[
  size=9
  solver=sudoku.model.BacktrackingSudokuSolver@51eb0e84
  board={{3,9,8,6,4,7,1,5,2},{2,4,1,9,8,5,3,6,7},{5,6,7,1,2,3,8,9,4},{7,8,6,2,5,4,9,1,3},{9,5,2,7,3,1,4,8,6},{4,1,3,8,6,9,7,2,5},{6,2,4,3,0,0,0,0,0},{0,0,0,0,0,0,0,0,0},{0,0,0,0,0,0,0,0,0}}
]
22:56:29.220 [main] INFO  sudoku.model.SudokuBoard - Wartość 0 wstawiona nieprawidłowo
22:56:29.220 [main] INFO  sudoku.model.SudokuBoard - Bład w kwadracie 0
sudoku.model.SudokuBoard@362a561e[
  size=9
  solver=sudoku.model.BacktrackingSudokuSolver@51eb0e84
  board={{6,5,9,4,1,8,7,2,3},{1,7,4,6,5,9,0,0,0},{0,0,0,0,0,0,0,0,0},{0,0,0,0,0,0,0,0,0},{0,0,0,0,0,0,0,0,0},{0,0,0,0,0,0,0,0,0},{0,0,0,0,0,0,0,0,0},{0,0,0,0,0,0,0,0,0},{0,0,0,0,0,0,0,0,0}}
]
22:56:29.220 [main] INFO  sudoku.model.SudokuBoard - Wartość 0 wstawiona nieprawidłowo
22:56:29.220 [main] INFO  sudoku.model.SudokuBoard - Bład w kwadracie 0
sudoku.model.SudokuBoard@362a561e[
  size=9
  solver=sudoku.model.BacktrackingSudokuSolver@51eb0e84
  board={{6,5,9,4,1,8,7,2,3},{1,7,4,6,5,0,0,0,0},{0,0,0,0,0,0,0,0,0},{0,0,0,0,0,0,0,0,0},{0,0,0,0,0,0,0,0,0},{0,0,0,0,0,0,0,0,0},{0,0,0,0,0,0,0,0,0},{0,0,0,0,0,0,0,0,0},{0,0,0,0,0,0,0,0,0}}
]
22:56:29.220 [main] INFO  sudoku.model.SudokuBoard - Wartość 0 wstawiona nieprawidłowo
22:56:29.220 [main] INFO  sudoku.model.SudokuBoard - Bład w kwadracie 0
sudoku.model.SudokuBoard@362a561e[
  size=9
  solver=sudoku.model.BacktrackingSudokuSolver@51eb0e84
  board={{6,5,9,4,1,8,7,2,3},{1,7,4,6,5,2,8,0,0},{0,0,0,0,0,0,0,0,0},{0,0,0,0,0,0,0,0,0},{0,0,0,0,0,0,0,0,0},{0,0,0,0,0,0,0,0,0},{0,0,0,0,0,0,0,0,0},{0,0,0,0,0,0,0,0,0},{0,0,0,0,0,0,0,0,0}}
]
22:56:29.220 [main] INFO  sudoku.model.SudokuBoard - Wartość 0 wstawiona nieprawidłowo
22:56:29.221 [main] INFO  sudoku.model.SudokuBoard - Bład w kwadracie 0
sudoku.model.SudokuBoard@362a561e[
  size=9
  solver=sudoku.model.BacktrackingSudokuSolver@51eb0e84
  board={{6,5,9,4,1,8,7,2,3},{1,7,4,6,5,2,0,0,0},{0,0,0,0,0,0,0,0,0},{0,0,0,0,0,0,0,0,0},{0,0,0,0,0,0,0,0,0},{0,0,0,0,0,0,0,0,0},{0,0,0,0,0,0,0,0,0},{0,0,0,0,0,0,0,0,0},{0,0,0,0,0,0,0,0,0}}
]
22:56:29.221 [main] INFO  sudoku.model.SudokuBoard - Wartość 0 wstawiona nieprawidłowo
22:56:29.221 [main] INFO  sudoku.model.SudokuBoard - Bład w kwadracie 0
sudoku.model.SudokuBoard@362a561e[
  size=9
  solver=sudoku.model.BacktrackingSudokuSolver@51eb0e84
  board={{6,5,9,4,1,8,7,2,3},{1,7,4,6,5,2,9,0,0},{0,0,0,0,0,0,0,0,0},{0,0,0,0,0,0,0,0,0},{0,0,0,0,0,0,0,0,0},{0,0,0,0,0,0,0,0,0},{0,0,0,0,0,0,0,0,0},{0,0,0,0,0,0,0,0,0},{0,0,0,0,0,0,0,0,0}}
]
22:56:29.221 [main] INFO  sudoku.model.SudokuBoard - Wartość 0 wstawiona nieprawidłowo
22:56:29.221 [main] INFO  sudoku.model.SudokuBoard - Bład w kwadracie 0
sudoku.model.SudokuBoard@362a561e[
  size=9
  solver=sudoku.model.BacktrackingSudokuSolver@51eb0e84
  board={{6,5,9,4,1,8,7,2,3},{1,7,4,6,5,2,0,0,0},{0,0,0,0,0,0,0,0,0},{0,0,0,0,0,0,0,0,0},{0,0,0,0,0,0,0,0,0},{0,0,0,0,0,0,0,0,0},{0,0,0,0,0,0,0,0,0},{0,0,0,0,0,0,0,0,0},{0,0,0,0,0,0,0,0,0}}
]
22:56:29.221 [main] INFO  sudoku.model.SudokuBoard - Wartość 0 wstawiona nieprawidłowo
22:56:29.221 [main] INFO  sudoku.model.SudokuBoard - Bład w kwadracie 0
sudoku.model.SudokuBoard@362a561e[
  size=9
  solver=sudoku.model.BacktrackingSudokuSolver@51eb0e84
  board={{6,5,9,4,1,8,7,2,3},{1,7,4,6,5,0,0,0,0},{0,0,0,0,0,0,0,0,0},{0,0,0,0,0,0,0,0,0},{0,0,0,0,0,0,0,0,0},{0,0,0,0,0,0,0,0,0},{0,0,0,0,0,0,0,0,0},{0,0,0,0,0,0,0,0,0},{0,0,0,0,0,0,0,0,0}}
]
22:56:29.221 [main] INFO  sudoku.model.SudokuBoard - Wartość 0 wstawiona nieprawidłowo
22:56:29.221 [main] INFO  sudoku.model.SudokuBoard - Bład w kwadracie 0
sudoku.model.SudokuBoard@362a561e[
  size=9
  solver=sudoku.model.BacktrackingSudokuSolver@51eb0e84
  board={{6,5,9,4,1,8,7,2,3},{1,7,4,6,5,3,8,0,0},{0,0,0,0,0,0,0,0,0},{0,0,0,0,0,0,0,0,0},{0,0,0,0,0,0,0,0,0},{0,0,0,0,0,0,0,0,0},{0,0,0,0,0,0,0,0,0},{0,0,0,0,0,0,0,0,0},{0,0,0,0,0,0,0,0,0}}
]
22:56:29.221 [main] INFO  sudoku.model.SudokuBoard - Wartość 0 wstawiona nieprawidłowo
22:56:29.221 [main] INFO  sudoku.model.SudokuBoard - Bład w kwadracie 0
sudoku.model.SudokuBoard@362a561e[
  size=9
  solver=sudoku.model.BacktrackingSudokuSolver@51eb0e84
  board={{6,5,9,4,1,8,7,2,3},{1,7,4,6,5,3,0,0,0},{0,0,0,0,0,0,0,0,0},{0,0,0,0,0,0,0,0,0},{0,0,0,0,0,0,0,0,0},{0,0,0,0,0,0,0,0,0},{0,0,0,0,0,0,0,0,0},{0,0,0,0,0,0,0,0,0},{0,0,0,0,0,0,0,0,0}}
]
22:56:29.221 [main] INFO  sudoku.model.SudokuBoard - Wartość 0 wstawiona nieprawidłowo
22:56:29.221 [main] INFO  sudoku.model.SudokuBoard - Bład w kwadracie 0
sudoku.model.SudokuBoard@362a561e[
  size=9
  solver=sudoku.model.BacktrackingSudokuSolver@51eb0e84
  board={{6,5,9,4,1,8,7,2,3},{1,7,4,6,5,3,9,0,0},{0,0,0,0,0,0,0,0,0},{0,0,0,0,0,0,0,0,0},{0,0,0,0,0,0,0,0,0},{0,0,0,0,0,0,0,0,0},{0,0,0,0,0,0,0,0,0},{0,0,0,0,0,0,0,0,0},{0,0,0,0,0,0,0,0,0}}
]
22:56:29.222 [main] INFO  sudoku.model.SudokuBoard - Wartość 0 wstawiona nieprawidłowo
22:56:29.222 [main] INFO  sudoku.model.SudokuBoard - Bład w kwadracie 0
sudoku.model.SudokuBoard@362a561e[
  size=9
  solver=sudoku.model.BacktrackingSudokuSolver@51eb0e84
  board={{6,5,9,4,1,8,7,2,3},{1,7,4,6,5,3,0,0,0},{0,0,0,0,0,0,0,0,0},{0,0,0,0,0,0,0,0,0},{0,0,0,0,0,0,0,0,0},{0,0,0,0,0,0,0,0,0},{0,0,0,0,0,0,0,0,0},{0,0,0,0,0,0,0,0,0},{0,0,0,0,0,0,0,0,0}}
]
22:56:29.222 [main] INFO  sudoku.model.SudokuBoard - Wartość 0 wstawiona nieprawidłowo
22:56:29.222 [main] INFO  sudoku.model.SudokuBoard - Bład w kwadracie 0
sudoku.model.SudokuBoard@362a561e[
  size=9
  solver=sudoku.model.BacktrackingSudokuSolver@51eb0e84
  board={{6,5,9,4,1,8,7,2,3},{1,7,4,6,5,0,0,0,0},{0,0,0,0,0,0,0,0,0},{0,0,0,0,0,0,0,0,0},{0,0,0,0,0,0,0,0,0},{0,0,0,0,0,0,0,0,0},{0,0,0,0,0,0,0,0,0},{0,0,0,0,0,0,0,0,0},{0,0,0,0,0,0,0,0,0}}
]
22:56:29.222 [main] INFO  sudoku.model.SudokuBoard - Wartość 0 wstawiona nieprawidłowo
22:56:29.222 [main] INFO  sudoku.model.SudokuBoard - Bład w kwadracie 0
sudoku.model.SudokuBoard@362a561e[
  size=9
  solver=sudoku.model.BacktrackingSudokuSolver@51eb0e84
  board={{6,5,9,4,1,8,7,2,3},{1,7,4,6,0,0,0,0,0},{0,0,0,0,0,0,0,0,0},{0,0,0,0,0,0,0,0,0},{0,0,0,0,0,0,0,0,0},{0,0,0,0,0,0,0,0,0},{0,0,0,0,0,0,0,0,0},{0,0,0,0,0,0,0,0,0},{0,0,0,0,0,0,0,0,0}}
]
22:56:29.222 [main] INFO  sudoku.model.SudokuBoard - Wartość 0 wstawiona nieprawidłowo
22:56:29.222 [main] INFO  sudoku.model.SudokuBoard - Bład w kwadracie 0
sudoku.model.SudokuBoard@362a561e[
  size=9
  solver=sudoku.model.BacktrackingSudokuSolver@51eb0e84
  board={{6,5,9,4,1,8,7,2,3},{1,7,4,6,9,2,8,0,0},{0,0,0,0,0,0,0,0,0},{0,0,0,0,0,0,0,0,0},{0,0,0,0,0,0,0,0,0},{0,0,0,0,0,0,0,0,0},{0,0,0,0,0,0,0,0,0},{0,0,0,0,0,0,0,0,0},{0,0,0,0,0,0,0,0,0}}
]
22:56:29.223 [main] INFO  sudoku.model.SudokuBoard - Wartość 0 wstawiona nieprawidłowo
22:56:29.223 [main] INFO  sudoku.model.SudokuBoard - Bład w kwadracie 0
sudoku.model.SudokuBoard@362a561e[
  size=9
  solver=sudoku.model.BacktrackingSudokuSolver@51eb0e84
  board={{6,5,9,4,1,8,7,2,3},{1,7,4,6,9,2,0,0,0},{0,0,0,0,0,0,0,0,0},{0,0,0,0,0,0,0,0,0},{0,0,0,0,0,0,0,0,0},{0,0,0,0,0,0,0,0,0},{0,0,0,0,0,0,0,0,0},{0,0,0,0,0,0,0,0,0},{0,0,0,0,0,0,0,0,0}}
]
22:56:29.223 [main] INFO  sudoku.model.SudokuBoard - Wartość 0 wstawiona nieprawidłowo
22:56:29.223 [main] INFO  sudoku.model.SudokuBoard - Bład w kwadracie 0
sudoku.model.SudokuBoard@362a561e[
  size=9
  solver=sudoku.model.BacktrackingSudokuSolver@51eb0e84
  board={{6,5,9,4,1,8,7,2,3},{1,7,4,6,9,2,5,0,0},{0,0,0,0,0,0,0,0,0},{0,0,0,0,0,0,0,0,0},{0,0,0,0,0,0,0,0,0},{0,0,0,0,0,0,0,0,0},{0,0,0,0,0,0,0,0,0},{0,0,0,0,0,0,0,0,0},{0,0,0,0,0,0,0,0,0}}
]
22:56:29.223 [main] INFO  sudoku.model.SudokuBoard - Wartość 0 wstawiona nieprawidłowo
22:56:29.223 [main] INFO  sudoku.model.SudokuBoard - Bład w kwadracie 0
sudoku.model.SudokuBoard@362a561e[
  size=9
  solver=sudoku.model.BacktrackingSudokuSolver@51eb0e84
  board={{6,5,9,4,1,8,7,2,3},{1,7,4,6,9,2,0,0,0},{0,0,0,0,0,0,0,0,0},{0,0,0,0,0,0,0,0,0},{0,0,0,0,0,0,0,0,0},{0,0,0,0,0,0,0,0,0},{0,0,0,0,0,0,0,0,0},{0,0,0,0,0,0,0,0,0},{0,0,0,0,0,0,0,0,0}}
]
22:56:29.223 [main] INFO  sudoku.model.SudokuBoard - Wartość 0 wstawiona nieprawidłowo
22:56:29.223 [main] INFO  sudoku.model.SudokuBoard - Bład w kwadracie 0
sudoku.model.SudokuBoard@362a561e[
  size=9
  solver=sudoku.model.BacktrackingSudokuSolver@51eb0e84
  board={{6,5,9,4,1,8,7,2,3},{1,7,4,6,9,0,0,0,0},{0,0,0,0,0,0,0,0,0},{0,0,0,0,0,0,0,0,0},{0,0,0,0,0,0,0,0,0},{0,0,0,0,0,0,0,0,0},{0,0,0,0,0,0,0,0,0},{0,0,0,0,0,0,0,0,0},{0,0,0,0,0,0,0,0,0}}
]
22:56:29.223 [main] INFO  sudoku.model.SudokuBoard - Wartość 0 wstawiona nieprawidłowo
22:56:29.223 [main] INFO  sudoku.model.SudokuBoard - Bład w kwadracie 0
sudoku.model.SudokuBoard@362a561e[
  size=9
  solver=sudoku.model.BacktrackingSudokuSolver@51eb0e84
  board={{6,5,9,4,1,8,7,2,3},{1,7,4,6,9,3,8,0,0},{0,0,0,0,0,0,0,0,0},{0,0,0,0,0,0,0,0,0},{0,0,0,0,0,0,0,0,0},{0,0,0,0,0,0,0,0,0},{0,0,0,0,0,0,0,0,0},{0,0,0,0,0,0,0,0,0},{0,0,0,0,0,0,0,0,0}}
]
22:56:29.223 [main] INFO  sudoku.model.SudokuBoard - Wartość 0 wstawiona nieprawidłowo
22:56:29.223 [main] INFO  sudoku.model.SudokuBoard - Bład w kwadracie 0
sudoku.model.SudokuBoard@362a561e[
  size=9
  solver=sudoku.model.BacktrackingSudokuSolver@51eb0e84
  board={{6,5,9,4,1,8,7,2,3},{1,7,4,6,9,3,0,0,0},{0,0,0,0,0,0,0,0,0},{0,0,0,0,0,0,0,0,0},{0,0,0,0,0,0,0,0,0},{0,0,0,0,0,0,0,0,0},{0,0,0,0,0,0,0,0,0},{0,0,0,0,0,0,0,0,0},{0,0,0,0,0,0,0,0,0}}
]
22:56:29.223 [main] INFO  sudoku.model.SudokuBoard - Wartość 0 wstawiona nieprawidłowo
22:56:29.223 [main] INFO  sudoku.model.SudokuBoard - Bład w kwadracie 0
sudoku.model.SudokuBoard@362a561e[
  size=9
  solver=sudoku.model.BacktrackingSudokuSolver@51eb0e84
  board={{6,5,9,4,1,8,7,2,3},{1,7,4,6,9,3,5,0,0},{0,0,0,0,0,0,0,0,0},{0,0,0,0,0,0,0,0,0},{0,0,0,0,0,0,0,0,0},{0,0,0,0,0,0,0,0,0},{0,0,0,0,0,0,0,0,0},{0,0,0,0,0,0,0,0,0},{0,0,0,0,0,0,0,0,0}}
]
22:56:29.223 [main] INFO  sudoku.model.SudokuBoard - Wartość 0 wstawiona nieprawidłowo
22:56:29.224 [main] INFO  sudoku.model.SudokuBoard - Bład w kwadracie 0
sudoku.model.SudokuBoard@362a561e[
  size=9
  solver=sudoku.model.BacktrackingSudokuSolver@51eb0e84
  board={{6,5,9,4,1,8,7,2,3},{1,7,4,6,9,3,0,0,0},{0,0,0,0,0,0,0,0,0},{0,0,0,0,0,0,0,0,0},{0,0,0,0,0,0,0,0,0},{0,0,0,0,0,0,0,0,0},{0,0,0,0,0,0,0,0,0},{0,0,0,0,0,0,0,0,0},{0,0,0,0,0,0,0,0,0}}
]
22:56:29.224 [main] INFO  sudoku.model.SudokuBoard - Wartość 0 wstawiona nieprawidłowo
22:56:29.224 [main] INFO  sudoku.model.SudokuBoard - Bład w kwadracie 0
sudoku.model.SudokuBoard@362a561e[
  size=9
  solver=sudoku.model.BacktrackingSudokuSolver@51eb0e84
  board={{6,5,9,4,1,8,7,2,3},{1,7,4,6,9,0,0,0,0},{0,0,0,0,0,0,0,0,0},{0,0,0,0,0,0,0,0,0},{0,0,0,0,0,0,0,0,0},{0,0,0,0,0,0,0,0,0},{0,0,0,0,0,0,0,0,0},{0,0,0,0,0,0,0,0,0},{0,0,0,0,0,0,0,0,0}}
]
22:56:29.224 [main] INFO  sudoku.model.SudokuBoard - Wartość 0 wstawiona nieprawidłowo
22:56:29.225 [main] INFO  sudoku.model.SudokuBoard - Bład w kwadracie 0
sudoku.model.SudokuBoard@362a561e[
  size=9
  solver=sudoku.model.BacktrackingSudokuSolver@51eb0e84
  board={{6,5,9,4,1,8,7,2,3},{1,7,4,6,9,5,0,0,0},{0,0,0,0,0,0,0,0,0},{0,0,0,0,0,0,0,0,0},{0,0,0,0,0,0,0,0,0},{0,0,0,0,0,0,0,0,0},{0,0,0,0,0,0,0,0,0},{0,0,0,0,0,0,0,0,0},{0,0,0,0,0,0,0,0,0}}
]
22:56:29.225 [main] INFO  sudoku.model.SudokuBoard - Wartość 0 wstawiona nieprawidłowo
22:56:29.225 [main] INFO  sudoku.model.SudokuBoard - Bład w kwadracie 0
sudoku.model.SudokuBoard@362a561e[
  size=9
  solver=sudoku.model.BacktrackingSudokuSolver@51eb0e84
  board={{6,5,9,4,1,8,7,2,3},{1,7,4,6,9,0,0,0,0},{0,0,0,0,0,0,0,0,0},{0,0,0,0,0,0,0,0,0},{0,0,0,0,0,0,0,0,0},{0,0,0,0,0,0,0,0,0},{0,0,0,0,0,0,0,0,0},{0,0,0,0,0,0,0,0,0},{0,0,0,0,0,0,0,0,0}}
]
22:56:29.225 [main] INFO  sudoku.model.SudokuBoard - Wartość 0 wstawiona nieprawidłowo
22:56:29.225 [main] INFO  sudoku.model.SudokuBoard - Bład w kwadracie 0
sudoku.model.SudokuBoard@362a561e[
  size=9
  solver=sudoku.model.BacktrackingSudokuSolver@51eb0e84
  board={{6,5,9,4,1,8,7,2,3},{1,7,4,6,0,0,0,0,0},{0,0,0,0,0,0,0,0,0},{0,0,0,0,0,0,0,0,0},{0,0,0,0,0,0,0,0,0},{0,0,0,0,0,0,0,0,0},{0,0,0,0,0,0,0,0,0},{0,0,0,0,0,0,0,0,0},{0,0,0,0,0,0,0,0,0}}
]
22:56:29.225 [main] INFO  sudoku.model.SudokuBoard - Wartość 0 wstawiona nieprawidłowo
22:56:29.225 [main] INFO  sudoku.model.SudokuBoard - Bład w kwadracie 0
sudoku.model.SudokuBoard@362a561e[
  size=9
  solver=sudoku.model.BacktrackingSudokuSolver@51eb0e84
  board={{6,5,9,4,1,8,7,2,3},{1,7,4,6,2,3,9,5,8},{2,3,8,5,7,9,1,4,6},{3,4,2,7,8,5,6,9,1},{8,6,5,9,3,1,2,7,4},{7,9,1,2,4,6,3,8,5},{4,8,3,1,5,0,0,0,0},{0,0,0,0,0,0,0,0,0},{0,0,0,0,0,0,0,0,0}}
]
22:56:29.225 [main] INFO  sudoku.model.SudokuBoard - Wartość 0 wstawiona nieprawidłowo
22:56:29.226 [main] INFO  sudoku.model.SudokuBoard - Bład w kwadracie 0
sudoku.model.SudokuBoard@362a561e[
  size=9
  solver=sudoku.model.BacktrackingSudokuSolver@51eb0e84
  board={{6,5,9,4,1,8,7,2,3},{1,7,4,6,2,3,9,5,8},{2,3,8,5,7,9,1,4,6},{3,4,2,7,8,5,6,9,1},{8,6,5,9,3,1,2,7,4},{7,9,1,2,4,6,3,8,5},{4,8,3,1,5,0,0,0,0},{0,0,0,0,0,0,0,0,0},{0,0,0,0,0,0,0,0,0}}
]
22:56:29.226 [main] INFO  sudoku.model.SudokuBoard - Wartość 0 wstawiona nieprawidłowo
22:56:29.226 [main] INFO  sudoku.model.SudokuBoard - Bład w kwadracie 0
sudoku.model.SudokuBoard@362a561e[
  size=9
  solver=sudoku.model.BacktrackingSudokuSolver@51eb0e84
  board={{6,5,9,4,1,8,7,2,3},{1,7,4,6,2,3,9,5,8},{2,3,8,5,7,9,1,4,6},{3,4,2,7,8,5,6,9,1},{8,6,5,9,3,1,2,7,4},{7,9,1,2,4,6,3,8,5},{4,8,3,1,0,0,0,0,0},{0,0,0,0,0,0,0,0,0},{0,0,0,0,0,0,0,0,0}}
]
22:56:29.226 [main] INFO  sudoku.model.SudokuBoard - Wartość 0 wstawiona nieprawidłowo
22:56:29.226 [main] INFO  sudoku.model.SudokuBoard - Bład w kwadracie 0
sudoku.model.SudokuBoard@362a561e[
  size=9
  solver=sudoku.model.BacktrackingSudokuSolver@51eb0e84
  board={{6,5,9,4,1,8,7,2,3},{1,7,4,6,2,3,9,5,8},{2,3,8,5,7,9,1,4,6},{3,4,2,7,8,5,6,9,1},{8,6,5,9,3,1,2,7,4},{7,9,1,2,4,6,3,8,5},{4,8,3,1,6,7,0,0,0},{0,0,0,0,0,0,0,0,0},{0,0,0,0,0,0,0,0,0}}
]
22:56:29.226 [main] INFO  sudoku.model.SudokuBoard - Wartość 0 wstawiona nieprawidłowo
22:56:29.226 [main] INFO  sudoku.model.SudokuBoard - Bład w kwadracie 0
sudoku.model.SudokuBoard@362a561e[
  size=9
  solver=sudoku.model.BacktrackingSudokuSolver@51eb0e84
  board={{6,5,9,4,1,8,7,2,3},{1,7,4,6,2,3,9,5,8},{2,3,8,5,7,9,1,4,6},{3,4,2,7,8,5,6,9,1},{8,6,5,9,3,1,2,7,4},{7,9,1,2,4,6,3,8,5},{4,8,3,1,6,0,0,0,0},{0,0,0,0,0,0,0,0,0},{0,0,0,0,0,0,0,0,0}}
]
22:56:29.226 [main] INFO  sudoku.model.SudokuBoard - Wartość 0 wstawiona nieprawidłowo
22:56:29.226 [main] INFO  sudoku.model.SudokuBoard - Bład w kwadracie 0
sudoku.model.SudokuBoard@362a561e[
  size=9
  solver=sudoku.model.BacktrackingSudokuSolver@51eb0e84
  board={{6,5,9,4,1,8,7,2,3},{1,7,4,6,2,3,9,5,8},{2,3,8,5,7,9,1,4,6},{3,4,2,7,8,5,6,9,1},{8,6,5,9,3,1,2,7,4},{7,9,1,2,4,6,3,8,5},{4,8,3,1,6,2,0,0,0},{0,0,0,0,0,0,0,0,0},{0,0,0,0,0,0,0,0,0}}
]
22:56:29.226 [main] INFO  sudoku.model.SudokuBoard - Wartość 0 wstawiona nieprawidłowo
22:56:29.227 [main] INFO  sudoku.model.SudokuBoard - Bład w kwadracie 0
sudoku.model.SudokuBoard@362a561e[
  size=9
  solver=sudoku.model.BacktrackingSudokuSolver@51eb0e84
  board={{6,5,9,4,1,8,7,2,3},{1,7,4,6,2,3,9,5,8},{2,3,8,5,7,9,1,4,6},{3,4,2,7,8,5,6,9,1},{8,6,5,9,3,1,2,7,4},{7,9,1,2,4,6,3,8,5},{4,8,3,1,6,0,0,0,0},{0,0,0,0,0,0,0,0,0},{0,0,0,0,0,0,0,0,0}}
]
22:56:29.227 [main] INFO  sudoku.model.SudokuBoard - Wartość 0 wstawiona nieprawidłowo
22:56:29.227 [main] INFO  sudoku.model.SudokuBoard - Bład w kwadracie 0
sudoku.model.SudokuBoard@362a561e[
  size=9
  solver=sudoku.model.BacktrackingSudokuSolver@51eb0e84
  board={{6,5,9,4,1,8,7,2,3},{1,7,4,6,2,3,9,5,8},{2,3,8,5,7,9,1,4,6},{3,4,2,7,8,5,6,9,1},{8,6,5,9,3,1,2,7,4},{7,9,1,2,4,6,3,8,5},{4,8,3,1,0,0,0,0,0},{0,0,0,0,0,0,0,0,0},{0,0,0,0,0,0,0,0,0}}
]
22:56:29.227 [main] INFO  sudoku.model.SudokuBoard - Wartość 0 wstawiona nieprawidłowo
22:56:29.227 [main] INFO  sudoku.model.SudokuBoard - Bład w kwadracie 0
sudoku.model.SudokuBoard@362a561e[
  size=9
  solver=sudoku.model.BacktrackingSudokuSolver@51eb0e84
  board={{6,5,9,4,1,8,7,2,3},{1,7,4,6,2,3,9,5,8},{2,3,8,5,7,9,1,4,6},{3,4,2,7,8,5,6,9,1},{8,6,5,9,3,1,2,7,4},{7,9,1,2,4,6,3,8,5},{4,8,3,1,9,7,5,6,2},{9,1,6,3,5,2,0,0,0},{0,0,0,0,0,0,0,0,0}}
]
22:56:29.227 [main] INFO  sudoku.model.SudokuBoard - Wartość 0 wstawiona nieprawidłowo
22:56:29.227 [main] INFO  sudoku.model.SudokuBoard - Bład w kwadracie 0
sudoku.model.SudokuBoard@362a561e[
  size=9
  solver=sudoku.model.BacktrackingSudokuSolver@51eb0e84
  board={{6,5,9,4,1,8,7,2,3},{1,7,4,6,2,3,9,5,8},{2,3,8,5,7,9,1,4,6},{3,4,2,7,8,5,6,9,1},{8,6,5,9,3,1,2,7,4},{7,9,1,2,4,6,3,8,5},{4,8,3,1,9,7,5,6,2},{9,1,6,3,5,2,0,0,0},{0,0,0,0,0,0,0,0,0}}
]
22:56:29.227 [main] INFO  sudoku.model.SudokuBoard - Wartość 0 wstawiona nieprawidłowo
22:56:29.227 [main] INFO  sudoku.model.SudokuBoard - Bład w kwadracie 0
sudoku.model.SudokuBoard@362a561e[
  size=9
  solver=sudoku.model.BacktrackingSudokuSolver@51eb0e84
  board={{6,5,9,4,1,8,7,2,3},{1,7,4,6,2,3,9,5,8},{2,3,8,5,7,9,1,4,6},{3,4,2,7,8,5,6,9,1},{8,6,5,9,3,1,2,7,4},{7,9,1,2,4,6,3,8,5},{4,8,3,1,9,7,5,6,2},{9,1,6,3,5,0,0,0,0},{0,0,0,0,0,0,0,0,0}}
]
22:56:29.227 [main] INFO  sudoku.model.SudokuBoard - Wartość 0 wstawiona nieprawidłowo
22:56:29.228 [main] INFO  sudoku.model.SudokuBoard - Bład w kwadracie 0
sudoku.model.SudokuBoard@362a561e[
  size=9
  solver=sudoku.model.BacktrackingSudokuSolver@51eb0e84
  board={{6,5,9,4,1,8,7,2,3},{1,7,4,6,2,3,9,5,8},{2,3,8,5,7,9,1,4,6},{3,4,2,7,8,5,6,9,1},{8,6,5,9,3,1,2,7,4},{7,9,1,2,4,6,3,8,5},{4,8,3,1,9,7,5,6,2},{9,1,6,3,5,4,0,0,0},{0,0,0,0,0,0,0,0,0}}
]
22:56:29.228 [main] INFO  sudoku.model.SudokuBoard - Wartość 0 wstawiona nieprawidłowo
22:56:29.228 [main] INFO  sudoku.model.SudokuBoard - Bład w kwadracie 0
sudoku.model.SudokuBoard@362a561e[
  size=9
  solver=sudoku.model.BacktrackingSudokuSolver@51eb0e84
  board={{6,5,9,4,1,8,7,2,3},{1,7,4,6,2,3,9,5,8},{2,3,8,5,7,9,1,4,6},{3,4,2,7,8,5,6,9,1},{8,6,5,9,3,1,2,7,4},{7,9,1,2,4,6,3,8,5},{4,8,3,1,9,7,5,6,2},{9,1,6,3,5,0,0,0,0},{0,0,0,0,0,0,0,0,0}}
]
22:56:29.228 [main] INFO  sudoku.model.SudokuBoard - Wartość 0 wstawiona nieprawidłowo
22:56:29.228 [main] INFO  sudoku.model.SudokuBoard - Bład w kwadracie 0
sudoku.model.SudokuBoard@362a561e[
  size=9
  solver=sudoku.model.BacktrackingSudokuSolver@51eb0e84
  board={{6,5,9,4,1,8,7,2,3},{1,7,4,6,2,3,9,5,8},{2,3,8,5,7,9,1,4,6},{3,4,2,7,8,5,6,9,1},{8,6,5,9,3,1,2,7,4},{7,9,1,2,4,6,3,8,5},{4,8,3,1,9,7,5,6,2},{9,1,6,3,0,0,0,0,0},{0,0,0,0,0,0,0,0,0}}
]
22:56:29.228 [main] INFO  sudoku.model.SudokuBoard - Wartość 0 wstawiona nieprawidłowo
22:56:29.228 [main] INFO  sudoku.model.SudokuBoard - Bład w kwadracie 0
sudoku.model.SudokuBoard@362a561e[
  size=9
  solver=sudoku.model.BacktrackingSudokuSolver@51eb0e84
  board={{6,5,9,4,1,8,7,2,3},{1,7,4,6,2,3,9,5,8},{2,3,8,5,7,9,1,4,6},{3,4,2,7,8,5,6,9,1},{8,6,5,9,3,1,2,7,4},{7,9,1,2,4,6,3,8,5},{4,8,3,1,9,7,5,6,2},{9,1,6,0,0,0,0,0,0},{0,0,0,0,0,0,0,0,0}}
]
22:56:29.228 [main] INFO  sudoku.model.SudokuBoard - Wartość 0 wstawiona nieprawidłowo
Tablice maja inny uklad liczb]]></system-out>
  </testcase>
  <testcase name="checkFillBoardTest" classname="sudoku.model.SudokuBoardTest" time="0.021">
    <system-out><![CDATA[22:56:29.245 [main] INFO  sudoku.model.SudokuBoard - Bład w kwadracie 0
sudoku.model.SudokuBoard@14a1769d[
  size=9
  solver=sudoku.model.BacktrackingSudokuSolver@10bf1ec9
  board={{6,4,1,2,9,5,3,7,8},{2,5,3,6,7,8,9,1,4},{9,7,8,3,4,1,2,5,6},{1,2,9,4,8,6,5,3,7},{8,3,4,5,1,7,6,9,2},{5,6,7,9,2,3,8,4,1},{3,8,6,7,5,9,1,0,0},{0,0,0,0,0,0,0,0,0},{0,0,0,0,0,0,0,0,0}}
]
22:56:29.246 [main] INFO  sudoku.model.SudokuBoard - Wartość 0 wstawiona nieprawidłowo
22:56:29.246 [main] INFO  sudoku.model.SudokuBoard - Bład w kwadracie 0
sudoku.model.SudokuBoard@14a1769d[
  size=9
  solver=sudoku.model.BacktrackingSudokuSolver@10bf1ec9
  board={{6,4,1,2,9,5,3,7,8},{2,5,3,6,7,8,9,1,4},{9,7,8,3,4,1,2,5,6},{1,2,9,4,8,6,5,3,7},{8,3,4,5,1,7,6,9,2},{5,6,7,9,2,3,8,4,1},{3,8,6,7,5,9,0,0,0},{0,0,0,0,0,0,0,0,0},{0,0,0,0,0,0,0,0,0}}
]
22:56:29.246 [main] INFO  sudoku.model.SudokuBoard - Wartość 0 wstawiona nieprawidłowo
22:56:29.246 [main] INFO  sudoku.model.SudokuBoard - Bład w kwadracie 0
sudoku.model.SudokuBoard@14a1769d[
  size=9
  solver=sudoku.model.BacktrackingSudokuSolver@10bf1ec9
  board={{6,4,1,2,9,5,3,7,8},{2,5,3,6,7,8,9,1,4},{9,7,8,3,4,1,2,5,6},{1,2,9,4,8,6,5,3,7},{8,3,4,5,1,7,6,9,2},{5,6,7,9,2,3,8,4,1},{3,8,6,7,5,9,4,0,0},{0,0,0,0,0,0,0,0,0},{0,0,0,0,0,0,0,0,0}}
]
22:56:29.246 [main] INFO  sudoku.model.SudokuBoard - Wartość 0 wstawiona nieprawidłowo
22:56:29.246 [main] INFO  sudoku.model.SudokuBoard - Bład w kwadracie 0
sudoku.model.SudokuBoard@14a1769d[
  size=9
  solver=sudoku.model.BacktrackingSudokuSolver@10bf1ec9
  board={{6,4,1,2,9,5,3,7,8},{2,5,3,6,7,8,9,1,4},{9,7,8,3,4,1,2,5,6},{1,2,9,4,8,6,5,3,7},{8,3,4,5,1,7,6,9,2},{5,6,7,9,2,3,8,4,1},{3,8,6,7,5,9,0,0,0},{0,0,0,0,0,0,0,0,0},{0,0,0,0,0,0,0,0,0}}
]
22:56:29.246 [main] INFO  sudoku.model.SudokuBoard - Wartość 0 wstawiona nieprawidłowo
22:56:29.246 [main] INFO  sudoku.model.SudokuBoard - Bład w kwadracie 0
sudoku.model.SudokuBoard@14a1769d[
  size=9
  solver=sudoku.model.BacktrackingSudokuSolver@10bf1ec9
  board={{6,4,1,2,9,5,3,7,8},{2,5,3,6,7,8,9,1,4},{9,7,8,3,4,1,2,5,6},{1,2,9,4,8,6,5,3,7},{8,3,4,5,1,7,6,9,2},{5,6,7,9,2,3,8,4,1},{3,8,6,7,5,0,0,0,0},{0,0,0,0,0,0,0,0,0},{0,0,0,0,0,0,0,0,0}}
]
22:56:29.246 [main] INFO  sudoku.model.SudokuBoard - Wartość 0 wstawiona nieprawidłowo
22:56:29.246 [main] INFO  sudoku.model.SudokuBoard - Bład w kwadracie 0
sudoku.model.SudokuBoard@14a1769d[
  size=9
  solver=sudoku.model.BacktrackingSudokuSolver@10bf1ec9
  board={{6,4,1,2,9,5,3,7,8},{2,5,3,6,7,8,9,1,4},{9,7,8,3,4,1,2,5,6},{1,2,9,4,8,6,5,3,7},{8,3,4,5,1,7,6,9,2},{5,6,7,9,2,3,8,4,1},{3,8,6,7,5,2,0,0,0},{0,0,0,0,0,0,0,0,0},{0,0,0,0,0,0,0,0,0}}
]
22:56:29.246 [main] INFO  sudoku.model.SudokuBoard - Wartość 0 wstawiona nieprawidłowo
22:56:29.246 [main] INFO  sudoku.model.SudokuBoard - Bład w kwadracie 0
sudoku.model.SudokuBoard@14a1769d[
  size=9
  solver=sudoku.model.BacktrackingSudokuSolver@10bf1ec9
  board={{6,4,1,2,9,5,3,7,8},{2,5,3,6,7,8,9,1,4},{9,7,8,3,4,1,2,5,6},{1,2,9,4,8,6,5,3,7},{8,3,4,5,1,7,6,9,2},{5,6,7,9,2,3,8,4,1},{3,8,6,7,5,2,0,0,0},{0,0,0,0,0,0,0,0,0},{0,0,0,0,0,0,0,0,0}}
]
22:56:29.246 [main] INFO  sudoku.model.SudokuBoard - Wartość 0 wstawiona nieprawidłowo
22:56:29.246 [main] INFO  sudoku.model.SudokuBoard - Bład w kwadracie 0
sudoku.model.SudokuBoard@14a1769d[
  size=9
  solver=sudoku.model.BacktrackingSudokuSolver@10bf1ec9
  board={{6,4,1,2,9,5,3,7,8},{2,5,3,6,7,8,9,1,4},{9,7,8,3,4,1,2,5,6},{1,2,9,4,8,6,5,3,7},{8,3,4,5,1,7,6,9,2},{5,6,7,9,2,3,8,4,1},{3,8,6,7,5,0,0,0,0},{0,0,0,0,0,0,0,0,0},{0,0,0,0,0,0,0,0,0}}
]
22:56:29.247 [main] INFO  sudoku.model.SudokuBoard - Wartość 0 wstawiona nieprawidłowo
22:56:29.247 [main] INFO  sudoku.model.SudokuBoard - Bład w kwadracie 0
sudoku.model.SudokuBoard@14a1769d[
  size=9
  solver=sudoku.model.BacktrackingSudokuSolver@10bf1ec9
  board={{6,4,1,2,9,5,3,7,8},{2,5,3,6,7,8,9,1,4},{9,7,8,3,4,1,2,5,6},{1,2,9,4,8,6,5,3,7},{8,3,4,5,1,7,6,9,2},{5,6,7,9,2,3,8,4,1},{3,8,6,7,5,4,1,2,9},{4,9,2,8,0,0,0,0,0},{0,0,0,0,0,0,0,0,0}}
]
22:56:29.247 [main] INFO  sudoku.model.SudokuBoard - Wartość 0 wstawiona nieprawidłowo
22:56:29.247 [main] INFO  sudoku.model.SudokuBoard - Bład w kwadracie 0
sudoku.model.SudokuBoard@14a1769d[
  size=9
  solver=sudoku.model.BacktrackingSudokuSolver@10bf1ec9
  board={{6,4,1,2,9,5,3,7,8},{2,5,3,6,7,8,9,1,4},{9,7,8,3,4,1,2,5,6},{1,2,9,4,8,6,5,3,7},{8,3,4,5,1,7,6,9,2},{5,6,7,9,2,3,8,4,1},{3,8,6,7,5,4,1,2,9},{4,9,2,8,0,0,0,0,0},{0,0,0,0,0,0,0,0,0}}
]
22:56:29.247 [main] INFO  sudoku.model.SudokuBoard - Wartość 0 wstawiona nieprawidłowo
22:56:29.247 [main] INFO  sudoku.model.SudokuBoard - Bład w kwadracie 0
sudoku.model.SudokuBoard@14a1769d[
  size=9
  solver=sudoku.model.BacktrackingSudokuSolver@10bf1ec9
  board={{6,4,1,2,9,5,3,7,8},{2,5,3,6,7,8,9,1,4},{9,7,8,3,4,1,2,5,6},{1,2,9,4,8,6,5,3,7},{8,3,4,5,1,7,6,9,2},{5,6,7,9,2,3,8,4,1},{3,8,6,7,5,4,1,2,9},{4,9,2,0,0,0,0,0,0},{0,0,0,0,0,0,0,0,0}}
]
22:56:29.247 [main] INFO  sudoku.model.SudokuBoard - Wartość 0 wstawiona nieprawidłowo
22:56:29.247 [main] INFO  sudoku.model.SudokuBoard - Bład w kwadracie 0
sudoku.model.SudokuBoard@14a1769d[
  size=9
  solver=sudoku.model.BacktrackingSudokuSolver@10bf1ec9
  board={{6,4,1,2,9,5,3,7,8},{2,5,3,6,7,8,9,1,4},{9,7,8,3,4,1,2,5,6},{1,2,9,4,8,6,5,3,7},{8,3,4,5,1,7,6,9,2},{5,6,7,9,2,3,8,4,1},{3,8,6,7,5,4,1,2,9},{4,9,2,1,0,0,0,0,0},{0,0,0,0,0,0,0,0,0}}
]
22:56:29.247 [main] INFO  sudoku.model.SudokuBoard - Wartość 0 wstawiona nieprawidłowo
22:56:29.247 [main] INFO  sudoku.model.SudokuBoard - Bład w kwadracie 0
sudoku.model.SudokuBoard@14a1769d[
  size=9
  solver=sudoku.model.BacktrackingSudokuSolver@10bf1ec9
  board={{6,4,1,2,9,5,3,7,8},{2,5,3,6,7,8,9,1,4},{9,7,8,3,4,1,2,5,6},{1,2,9,4,8,6,5,3,7},{8,3,4,5,1,7,6,9,2},{5,6,7,9,2,3,8,4,1},{3,8,6,7,5,4,1,2,9},{4,9,2,1,0,0,0,0,0},{0,0,0,0,0,0,0,0,0}}
]
22:56:29.247 [main] INFO  sudoku.model.SudokuBoard - Wartość 0 wstawiona nieprawidłowo
22:56:29.247 [main] INFO  sudoku.model.SudokuBoard - Bład w kwadracie 0
sudoku.model.SudokuBoard@14a1769d[
  size=9
  solver=sudoku.model.BacktrackingSudokuSolver@10bf1ec9
  board={{6,4,1,2,9,5,3,7,8},{2,5,3,6,7,8,9,1,4},{9,7,8,3,4,1,2,5,6},{1,2,9,4,8,6,5,3,7},{8,3,4,5,1,7,6,9,2},{5,6,7,9,2,3,8,4,1},{3,8,6,7,5,4,1,2,9},{4,9,2,0,0,0,0,0,0},{0,0,0,0,0,0,0,0,0}}
]
22:56:29.247 [main] INFO  sudoku.model.SudokuBoard - Wartość 0 wstawiona nieprawidłowo
22:56:29.247 [main] INFO  sudoku.model.SudokuBoard - Bład w kwadracie 0
sudoku.model.SudokuBoard@14a1769d[
  size=9
  solver=sudoku.model.BacktrackingSudokuSolver@10bf1ec9
  board={{6,4,1,2,9,5,3,7,8},{2,5,3,6,7,8,9,1,4},{9,7,8,3,4,1,2,5,6},{1,2,9,4,8,6,5,3,7},{8,3,4,5,1,7,6,9,2},{5,6,7,9,2,3,8,4,1},{3,8,6,7,5,4,1,2,9},{4,9,0,0,0,0,0,0,0},{0,0,0,0,0,0,0,0,0}}
]
22:56:29.247 [main] INFO  sudoku.model.SudokuBoard - Wartość 0 wstawiona nieprawidłowo
22:56:29.247 [main] INFO  sudoku.model.SudokuBoard - Bład w kwadracie 0
sudoku.model.SudokuBoard@14a1769d[
  size=9
  solver=sudoku.model.BacktrackingSudokuSolver@10bf1ec9
  board={{6,4,1,2,9,5,3,7,8},{2,5,3,6,7,8,9,1,4},{9,7,8,3,4,1,2,5,6},{1,2,9,4,8,6,5,3,7},{8,3,4,5,1,7,6,9,2},{5,6,7,9,2,3,8,4,1},{3,8,6,7,5,4,1,2,9},{4,9,5,8,3,2,7,0,0},{0,0,0,0,0,0,0,0,0}}
]
22:56:29.261 [main] INFO  sudoku.model.SudokuBoard - Wartość 0 wstawiona nieprawidłowo
22:56:29.261 [main] INFO  sudoku.model.SudokuBoard - Bład w kwadracie 0
sudoku.model.SudokuBoard@14a1769d[
  size=9
  solver=sudoku.model.BacktrackingSudokuSolver@10bf1ec9
  board={{6,4,1,2,9,5,3,7,8},{2,5,3,6,7,8,9,1,4},{9,7,8,3,4,1,2,5,6},{1,2,9,4,8,6,5,3,7},{8,3,4,5,1,7,6,9,2},{5,6,7,9,2,3,8,4,1},{3,8,6,7,5,4,1,2,9},{4,9,5,8,3,2,0,0,0},{0,0,0,0,0,0,0,0,0}}
]
22:56:29.261 [main] INFO  sudoku.model.SudokuBoard - Wartość 0 wstawiona nieprawidłowo
22:56:29.261 [main] INFO  sudoku.model.SudokuBoard - Bład w kwadracie 0
sudoku.model.SudokuBoard@14a1769d[
  size=9
  solver=sudoku.model.BacktrackingSudokuSolver@10bf1ec9
  board={{6,4,1,2,9,5,3,7,8},{2,5,3,6,7,8,9,1,4},{9,7,8,3,4,1,2,5,6},{1,2,9,4,8,6,5,3,7},{8,3,4,5,1,7,6,9,2},{5,6,7,9,2,3,8,4,1},{3,8,6,7,5,4,1,2,9},{4,9,5,8,3,0,0,0,0},{0,0,0,0,0,0,0,0,0}}
]
22:56:29.261 [main] INFO  sudoku.model.SudokuBoard - Wartość 0 wstawiona nieprawidłowo
22:56:29.261 [main] INFO  sudoku.model.SudokuBoard - Bład w kwadracie 0
sudoku.model.SudokuBoard@14a1769d[
  size=9
  solver=sudoku.model.BacktrackingSudokuSolver@10bf1ec9
  board={{6,4,1,2,9,5,3,7,8},{2,5,3,6,7,8,9,1,4},{9,7,8,3,4,1,2,5,6},{1,2,9,4,8,6,5,3,7},{8,3,4,5,1,7,6,9,2},{5,6,7,9,2,3,8,4,1},{3,8,6,7,5,4,1,2,9},{4,9,5,8,0,0,0,0,0},{0,0,0,0,0,0,0,0,0}}
]
22:56:29.261 [main] INFO  sudoku.model.SudokuBoard - Wartość 0 wstawiona nieprawidłowo
22:56:29.261 [main] INFO  sudoku.model.SudokuBoard - Bład w kwadracie 0
sudoku.model.SudokuBoard@14a1769d[
  size=9
  solver=sudoku.model.BacktrackingSudokuSolver@10bf1ec9
  board={{6,4,1,2,9,5,3,7,8},{2,5,3,6,7,8,9,1,4},{9,7,8,3,4,1,2,5,6},{1,2,9,4,8,6,5,3,7},{8,3,4,5,1,7,6,9,2},{5,6,7,9,2,3,8,4,1},{3,8,6,7,5,4,1,2,9},{4,9,5,8,6,2,0,0,0},{0,0,0,0,0,0,0,0,0}}
]
22:56:29.262 [main] INFO  sudoku.model.SudokuBoard - Wartość 0 wstawiona nieprawidłowo
22:56:29.262 [main] INFO  sudoku.model.SudokuBoard - Bład w kwadracie 0
sudoku.model.SudokuBoard@14a1769d[
  size=9
  solver=sudoku.model.BacktrackingSudokuSolver@10bf1ec9
  board={{6,4,1,2,9,5,3,7,8},{2,5,3,6,7,8,9,1,4},{9,7,8,3,4,1,2,5,6},{1,2,9,4,8,6,5,3,7},{8,3,4,5,1,7,6,9,2},{5,6,7,9,2,3,8,4,1},{3,8,6,7,5,4,1,2,9},{4,9,5,8,6,0,0,0,0},{0,0,0,0,0,0,0,0,0}}
]
22:56:29.262 [main] INFO  sudoku.model.SudokuBoard - Wartość 0 wstawiona nieprawidłowo
22:56:29.262 [main] INFO  sudoku.model.SudokuBoard - Bład w kwadracie 0
sudoku.model.SudokuBoard@14a1769d[
  size=9
  solver=sudoku.model.BacktrackingSudokuSolver@10bf1ec9
  board={{6,4,1,2,9,5,3,7,8},{2,5,3,6,7,8,9,1,4},{9,7,8,3,4,1,2,5,6},{1,2,9,4,8,6,5,3,7},{8,3,4,5,1,7,6,9,2},{5,6,7,9,2,3,8,4,1},{3,8,6,7,5,4,1,2,9},{4,9,5,8,0,0,0,0,0},{0,0,0,0,0,0,0,0,0}}
]
22:56:29.262 [main] INFO  sudoku.model.SudokuBoard - Wartość 0 wstawiona nieprawidłowo
22:56:29.262 [main] INFO  sudoku.model.SudokuBoard - Bład w kwadracie 0
sudoku.model.SudokuBoard@14a1769d[
  size=9
  solver=sudoku.model.BacktrackingSudokuSolver@10bf1ec9
  board={{6,4,1,2,9,5,3,7,8},{2,5,3,6,7,8,9,1,4},{9,7,8,3,4,1,2,5,6},{1,2,9,4,8,6,5,3,7},{8,3,4,5,1,7,6,9,2},{5,6,7,9,2,3,8,4,1},{3,8,6,7,5,4,1,2,9},{4,9,5,0,0,0,0,0,0},{0,0,0,0,0,0,0,0,0}}
]
22:56:29.262 [main] INFO  sudoku.model.SudokuBoard - Wartość 0 wstawiona nieprawidłowo
22:56:29.263 [main] INFO  sudoku.model.SudokuBoard - Bład w kwadracie 0
sudoku.model.SudokuBoard@14a1769d[
  size=9
  solver=sudoku.model.BacktrackingSudokuSolver@10bf1ec9
  board={{6,4,1,2,9,5,3,7,8},{2,5,3,6,7,8,9,1,4},{9,7,8,3,4,1,2,5,6},{1,2,9,4,8,6,5,3,7},{8,3,4,5,1,7,6,9,2},{5,6,7,9,2,3,8,4,1},{3,8,6,7,5,4,1,2,9},{4,9,5,1,3,2,7,0,0},{0,0,0,0,0,0,0,0,0}}
]
22:56:29.264 [main] INFO  sudoku.model.SudokuBoard - Wartość 0 wstawiona nieprawidłowo
22:56:29.264 [main] INFO  sudoku.model.SudokuBoard - Bład w kwadracie 0
sudoku.model.SudokuBoard@14a1769d[
  size=9
  solver=sudoku.model.BacktrackingSudokuSolver@10bf1ec9
  board={{6,4,1,2,9,5,3,7,8},{2,5,3,6,7,8,9,1,4},{9,7,8,3,4,1,2,5,6},{1,2,9,4,8,6,5,3,7},{8,3,4,5,1,7,6,9,2},{5,6,7,9,2,3,8,4,1},{3,8,6,7,5,4,1,2,9},{4,9,5,1,3,2,7,0,0},{0,0,0,0,0,0,0,0,0}}
]
22:56:29.264 [main] INFO  sudoku.model.SudokuBoard - Wartość 0 wstawiona nieprawidłowo
22:56:29.264 [main] INFO  sudoku.model.SudokuBoard - Bład w kwadracie 0
sudoku.model.SudokuBoard@14a1769d[
  size=9
  solver=sudoku.model.BacktrackingSudokuSolver@10bf1ec9
  board={{6,4,1,2,9,5,3,7,8},{2,5,3,6,7,8,9,1,4},{9,7,8,3,4,1,2,5,6},{1,2,9,4,8,6,5,3,7},{8,3,4,5,1,7,6,9,2},{5,6,7,9,2,3,8,4,1},{3,8,6,7,5,4,1,2,9},{4,9,5,1,3,2,0,0,0},{0,0,0,0,0,0,0,0,0}}
]
22:56:29.264 [main] INFO  sudoku.model.SudokuBoard - Wartość 0 wstawiona nieprawidłowo
22:56:29.264 [main] INFO  sudoku.model.SudokuBoard - Bład w kwadracie 0
sudoku.model.SudokuBoard@14a1769d[
  size=9
  solver=sudoku.model.BacktrackingSudokuSolver@10bf1ec9
  board={{6,4,1,2,9,5,3,7,8},{2,5,3,6,7,8,9,1,4},{9,7,8,3,4,1,2,5,6},{1,2,9,4,8,6,5,3,7},{8,3,4,5,1,7,6,9,2},{5,6,7,9,2,3,8,4,1},{3,8,6,7,5,4,1,2,9},{4,9,5,1,3,0,0,0,0},{0,0,0,0,0,0,0,0,0}}
]
22:56:29.264 [main] INFO  sudoku.model.SudokuBoard - Wartość 0 wstawiona nieprawidłowo
22:56:29.264 [main] INFO  sudoku.model.SudokuBoard - Bład w kwadracie 0
sudoku.model.SudokuBoard@14a1769d[
  size=9
  solver=sudoku.model.BacktrackingSudokuSolver@10bf1ec9
  board={{6,4,1,2,9,5,3,7,8},{2,5,3,6,7,8,9,1,4},{9,7,8,3,4,1,2,5,6},{1,2,9,4,8,6,5,3,7},{8,3,4,5,1,7,6,9,2},{5,6,7,9,2,3,8,4,1},{3,8,6,7,5,4,1,2,9},{4,9,5,1,0,0,0,0,0},{0,0,0,0,0,0,0,0,0}}
]
22:56:29.264 [main] INFO  sudoku.model.SudokuBoard - Wartość 0 wstawiona nieprawidłowo
Nie wykryto bledu]]></system-out>
  </testcase>
  <testcase name="checkBoardTestBoxFalse" classname="sudoku.model.SudokuBoardTest" time="0.014">
    <system-out><![CDATA[22:56:29.266 [main] INFO  sudoku.model.SudokuBoard - Bład w kwadracie 0
sudoku.model.SudokuBoard@2ba9f986[
  size=9
  solver=sudoku.model.BacktrackingSudokuSolver@4aa3fc9a
  board={{8,9,2,4,6,3,7,5,1},{6,3,4,7,8,9,0,0,0},{0,0,0,0,0,0,0,0,0},{0,0,0,0,0,0,0,0,0},{0,0,0,0,0,0,0,0,0},{0,0,0,0,0,0,0,0,0},{0,0,0,0,0,0,0,0,0},{0,0,0,0,0,0,0,0,0},{0,0,0,0,0,0,0,0,0}}
]
22:56:29.266 [main] INFO  sudoku.model.SudokuBoard - Wartość 0 wstawiona nieprawidłowo
22:56:29.266 [main] INFO  sudoku.model.SudokuBoard - Bład w kwadracie 0
sudoku.model.SudokuBoard@2ba9f986[
  size=9
  solver=sudoku.model.BacktrackingSudokuSolver@4aa3fc9a
  board={{8,9,2,4,6,3,7,5,1},{6,3,4,7,8,0,0,0,0},{0,0,0,0,0,0,0,0,0},{0,0,0,0,0,0,0,0,0},{0,0,0,0,0,0,0,0,0},{0,0,0,0,0,0,0,0,0},{0,0,0,0,0,0,0,0,0},{0,0,0,0,0,0,0,0,0},{0,0,0,0,0,0,0,0,0}}
]
22:56:29.266 [main] INFO  sudoku.model.SudokuBoard - Wartość 0 wstawiona nieprawidłowo
22:56:29.266 [main] INFO  sudoku.model.SudokuBoard - Bład w kwadracie 0
sudoku.model.SudokuBoard@2ba9f986[
  size=9
  solver=sudoku.model.BacktrackingSudokuSolver@4aa3fc9a
  board={{8,9,2,4,6,3,7,5,1},{6,3,4,7,8,1,9,0,0},{0,0,0,0,0,0,0,0,0},{0,0,0,0,0,0,0,0,0},{0,0,0,0,0,0,0,0,0},{0,0,0,0,0,0,0,0,0},{0,0,0,0,0,0,0,0,0},{0,0,0,0,0,0,0,0,0},{0,0,0,0,0,0,0,0,0}}
]
22:56:29.266 [main] INFO  sudoku.model.SudokuBoard - Wartość 0 wstawiona nieprawidłowo
22:56:29.266 [main] INFO  sudoku.model.SudokuBoard - Bład w kwadracie 0
sudoku.model.SudokuBoard@2ba9f986[
  size=9
  solver=sudoku.model.BacktrackingSudokuSolver@4aa3fc9a
  board={{8,9,2,4,6,3,7,5,1},{6,3,4,7,8,1,0,0,0},{0,0,0,0,0,0,0,0,0},{0,0,0,0,0,0,0,0,0},{0,0,0,0,0,0,0,0,0},{0,0,0,0,0,0,0,0,0},{0,0,0,0,0,0,0,0,0},{0,0,0,0,0,0,0,0,0},{0,0,0,0,0,0,0,0,0}}
]
22:56:29.266 [main] INFO  sudoku.model.SudokuBoard - Wartość 0 wstawiona nieprawidłowo
22:56:29.267 [main] INFO  sudoku.model.SudokuBoard - Bład w kwadracie 0
sudoku.model.SudokuBoard@2ba9f986[
  size=9
  solver=sudoku.model.BacktrackingSudokuSolver@4aa3fc9a
  board={{8,9,2,4,6,3,7,5,1},{6,3,4,7,8,1,2,0,0},{0,0,0,0,0,0,0,0,0},{0,0,0,0,0,0,0,0,0},{0,0,0,0,0,0,0,0,0},{0,0,0,0,0,0,0,0,0},{0,0,0,0,0,0,0,0,0},{0,0,0,0,0,0,0,0,0},{0,0,0,0,0,0,0,0,0}}
]
22:56:29.267 [main] INFO  sudoku.model.SudokuBoard - Wartość 0 wstawiona nieprawidłowo
22:56:29.267 [main] INFO  sudoku.model.SudokuBoard - Bład w kwadracie 0
sudoku.model.SudokuBoard@2ba9f986[
  size=9
  solver=sudoku.model.BacktrackingSudokuSolver@4aa3fc9a
  board={{8,9,2,4,6,3,7,5,1},{6,3,4,7,8,1,0,0,0},{0,0,0,0,0,0,0,0,0},{0,0,0,0,0,0,0,0,0},{0,0,0,0,0,0,0,0,0},{0,0,0,0,0,0,0,0,0},{0,0,0,0,0,0,0,0,0},{0,0,0,0,0,0,0,0,0},{0,0,0,0,0,0,0,0,0}}
]
22:56:29.267 [main] INFO  sudoku.model.SudokuBoard - Wartość 0 wstawiona nieprawidłowo
22:56:29.267 [main] INFO  sudoku.model.SudokuBoard - Bład w kwadracie 0
sudoku.model.SudokuBoard@2ba9f986[
  size=9
  solver=sudoku.model.BacktrackingSudokuSolver@4aa3fc9a
  board={{8,9,2,4,6,3,7,5,1},{6,3,4,7,8,0,0,0,0},{0,0,0,0,0,0,0,0,0},{0,0,0,0,0,0,0,0,0},{0,0,0,0,0,0,0,0,0},{0,0,0,0,0,0,0,0,0},{0,0,0,0,0,0,0,0,0},{0,0,0,0,0,0,0,0,0},{0,0,0,0,0,0,0,0,0}}
]
22:56:29.267 [main] INFO  sudoku.model.SudokuBoard - Wartość 0 wstawiona nieprawidłowo
22:56:29.267 [main] INFO  sudoku.model.SudokuBoard - Bład w kwadracie 0
sudoku.model.SudokuBoard@2ba9f986[
  size=9
  solver=sudoku.model.BacktrackingSudokuSolver@4aa3fc9a
  board={{8,9,2,4,6,3,7,5,1},{6,3,4,7,8,2,0,0,0},{0,0,0,0,0,0,0,0,0},{0,0,0,0,0,0,0,0,0},{0,0,0,0,0,0,0,0,0},{0,0,0,0,0,0,0,0,0},{0,0,0,0,0,0,0,0,0},{0,0,0,0,0,0,0,0,0},{0,0,0,0,0,0,0,0,0}}
]
22:56:29.267 [main] INFO  sudoku.model.SudokuBoard - Wartość 0 wstawiona nieprawidłowo
22:56:29.267 [main] INFO  sudoku.model.SudokuBoard - Bład w kwadracie 0
sudoku.model.SudokuBoard@2ba9f986[
  size=9
  solver=sudoku.model.BacktrackingSudokuSolver@4aa3fc9a
  board={{8,9,2,4,6,3,7,5,1},{6,3,4,7,8,0,0,0,0},{0,0,0,0,0,0,0,0,0},{0,0,0,0,0,0,0,0,0},{0,0,0,0,0,0,0,0,0},{0,0,0,0,0,0,0,0,0},{0,0,0,0,0,0,0,0,0},{0,0,0,0,0,0,0,0,0},{0,0,0,0,0,0,0,0,0}}
]
22:56:29.267 [main] INFO  sudoku.model.SudokuBoard - Wartość 0 wstawiona nieprawidłowo
22:56:29.267 [main] INFO  sudoku.model.SudokuBoard - Bład w kwadracie 0
sudoku.model.SudokuBoard@2ba9f986[
  size=9
  solver=sudoku.model.BacktrackingSudokuSolver@4aa3fc9a
  board={{8,9,2,4,6,3,7,5,1},{6,3,4,7,8,5,9,0,0},{0,0,0,0,0,0,0,0,0},{0,0,0,0,0,0,0,0,0},{0,0,0,0,0,0,0,0,0},{0,0,0,0,0,0,0,0,0},{0,0,0,0,0,0,0,0,0},{0,0,0,0,0,0,0,0,0},{0,0,0,0,0,0,0,0,0}}
]
22:56:29.267 [main] INFO  sudoku.model.SudokuBoard - Wartość 0 wstawiona nieprawidłowo
22:56:29.267 [main] INFO  sudoku.model.SudokuBoard - Bład w kwadracie 0
sudoku.model.SudokuBoard@2ba9f986[
  size=9
  solver=sudoku.model.BacktrackingSudokuSolver@4aa3fc9a
  board={{8,9,2,4,6,3,7,5,1},{6,3,4,7,8,5,0,0,0},{0,0,0,0,0,0,0,0,0},{0,0,0,0,0,0,0,0,0},{0,0,0,0,0,0,0,0,0},{0,0,0,0,0,0,0,0,0},{0,0,0,0,0,0,0,0,0},{0,0,0,0,0,0,0,0,0},{0,0,0,0,0,0,0,0,0}}
]
22:56:29.267 [main] INFO  sudoku.model.SudokuBoard - Wartość 0 wstawiona nieprawidłowo
22:56:29.267 [main] INFO  sudoku.model.SudokuBoard - Bład w kwadracie 0
sudoku.model.SudokuBoard@2ba9f986[
  size=9
  solver=sudoku.model.BacktrackingSudokuSolver@4aa3fc9a
  board={{8,9,2,4,6,3,7,5,1},{6,3,4,7,8,5,2,0,0},{0,0,0,0,0,0,0,0,0},{0,0,0,0,0,0,0,0,0},{0,0,0,0,0,0,0,0,0},{0,0,0,0,0,0,0,0,0},{0,0,0,0,0,0,0,0,0},{0,0,0,0,0,0,0,0,0},{0,0,0,0,0,0,0,0,0}}
]
22:56:29.267 [main] INFO  sudoku.model.SudokuBoard - Wartość 0 wstawiona nieprawidłowo
22:56:29.268 [main] INFO  sudoku.model.SudokuBoard - Bład w kwadracie 0
sudoku.model.SudokuBoard@2ba9f986[
  size=9
  solver=sudoku.model.BacktrackingSudokuSolver@4aa3fc9a
  board={{8,9,2,4,6,3,7,5,1},{6,3,4,7,8,5,0,0,0},{0,0,0,0,0,0,0,0,0},{0,0,0,0,0,0,0,0,0},{0,0,0,0,0,0,0,0,0},{0,0,0,0,0,0,0,0,0},{0,0,0,0,0,0,0,0,0},{0,0,0,0,0,0,0,0,0},{0,0,0,0,0,0,0,0,0}}
]
22:56:29.268 [main] INFO  sudoku.model.SudokuBoard - Wartość 0 wstawiona nieprawidłowo
22:56:29.268 [main] INFO  sudoku.model.SudokuBoard - Bład w kwadracie 0
sudoku.model.SudokuBoard@2ba9f986[
  size=9
  solver=sudoku.model.BacktrackingSudokuSolver@4aa3fc9a
  board={{8,9,2,4,6,3,7,5,1},{6,3,4,7,8,0,0,0,0},{0,0,0,0,0,0,0,0,0},{0,0,0,0,0,0,0,0,0},{0,0,0,0,0,0,0,0,0},{0,0,0,0,0,0,0,0,0},{0,0,0,0,0,0,0,0,0},{0,0,0,0,0,0,0,0,0},{0,0,0,0,0,0,0,0,0}}
]
22:56:29.268 [main] INFO  sudoku.model.SudokuBoard - Wartość 0 wstawiona nieprawidłowo
22:56:29.268 [main] INFO  sudoku.model.SudokuBoard - Bład w kwadracie 0
sudoku.model.SudokuBoard@2ba9f986[
  size=9
  solver=sudoku.model.BacktrackingSudokuSolver@4aa3fc9a
  board={{8,9,2,4,6,3,7,5,1},{6,3,4,7,0,0,0,0,0},{0,0,0,0,0,0,0,0,0},{0,0,0,0,0,0,0,0,0},{0,0,0,0,0,0,0,0,0},{0,0,0,0,0,0,0,0,0},{0,0,0,0,0,0,0,0,0},{0,0,0,0,0,0,0,0,0},{0,0,0,0,0,0,0,0,0}}
]
22:56:29.268 [main] INFO  sudoku.model.SudokuBoard - Wartość 0 wstawiona nieprawidłowo
22:56:29.268 [main] INFO  sudoku.model.SudokuBoard - Bład w kwadracie 0
sudoku.model.SudokuBoard@2ba9f986[
  size=9
  solver=sudoku.model.BacktrackingSudokuSolver@4aa3fc9a
  board={{8,9,2,4,6,3,7,5,1},{6,3,4,7,9,2,0,0,0},{0,0,0,0,0,0,0,0,0},{0,0,0,0,0,0,0,0,0},{0,0,0,0,0,0,0,0,0},{0,0,0,0,0,0,0,0,0},{0,0,0,0,0,0,0,0,0},{0,0,0,0,0,0,0,0,0},{0,0,0,0,0,0,0,0,0}}
]
22:56:29.268 [main] INFO  sudoku.model.SudokuBoard - Wartość 0 wstawiona nieprawidłowo
22:56:29.268 [main] INFO  sudoku.model.SudokuBoard - Bład w kwadracie 0
sudoku.model.SudokuBoard@2ba9f986[
  size=9
  solver=sudoku.model.BacktrackingSudokuSolver@4aa3fc9a
  board={{8,9,2,4,6,3,7,5,1},{6,3,4,7,9,0,0,0,0},{0,0,0,0,0,0,0,0,0},{0,0,0,0,0,0,0,0,0},{0,0,0,0,0,0,0,0,0},{0,0,0,0,0,0,0,0,0},{0,0,0,0,0,0,0,0,0},{0,0,0,0,0,0,0,0,0},{0,0,0,0,0,0,0,0,0}}
]
22:56:29.268 [main] INFO  sudoku.model.SudokuBoard - Wartość 0 wstawiona nieprawidłowo
22:56:29.268 [main] INFO  sudoku.model.SudokuBoard - Bład w kwadracie 0
sudoku.model.SudokuBoard@2ba9f986[
  size=9
  solver=sudoku.model.BacktrackingSudokuSolver@4aa3fc9a
  board={{8,9,2,4,6,3,7,5,1},{6,3,4,7,9,5,2,0,0},{0,0,0,0,0,0,0,0,0},{0,0,0,0,0,0,0,0,0},{0,0,0,0,0,0,0,0,0},{0,0,0,0,0,0,0,0,0},{0,0,0,0,0,0,0,0,0},{0,0,0,0,0,0,0,0,0},{0,0,0,0,0,0,0,0,0}}
]
22:56:29.268 [main] INFO  sudoku.model.SudokuBoard - Wartość 0 wstawiona nieprawidłowo
22:56:29.269 [main] INFO  sudoku.model.SudokuBoard - Bład w kwadracie 0
sudoku.model.SudokuBoard@2ba9f986[
  size=9
  solver=sudoku.model.BacktrackingSudokuSolver@4aa3fc9a
  board={{8,9,2,4,6,3,7,5,1},{6,3,4,7,9,5,0,0,0},{0,0,0,0,0,0,0,0,0},{0,0,0,0,0,0,0,0,0},{0,0,0,0,0,0,0,0,0},{0,0,0,0,0,0,0,0,0},{0,0,0,0,0,0,0,0,0},{0,0,0,0,0,0,0,0,0},{0,0,0,0,0,0,0,0,0}}
]
22:56:29.269 [main] INFO  sudoku.model.SudokuBoard - Wartość 0 wstawiona nieprawidłowo
22:56:29.269 [main] INFO  sudoku.model.SudokuBoard - Bład w kwadracie 0
sudoku.model.SudokuBoard@2ba9f986[
  size=9
  solver=sudoku.model.BacktrackingSudokuSolver@4aa3fc9a
  board={{8,9,2,4,6,3,7,5,1},{6,3,4,7,9,5,8,0,0},{0,0,0,0,0,0,0,0,0},{0,0,0,0,0,0,0,0,0},{0,0,0,0,0,0,0,0,0},{0,0,0,0,0,0,0,0,0},{0,0,0,0,0,0,0,0,0},{0,0,0,0,0,0,0,0,0},{0,0,0,0,0,0,0,0,0}}
]
22:56:29.269 [main] INFO  sudoku.model.SudokuBoard - Wartość 0 wstawiona nieprawidłowo
22:56:29.269 [main] INFO  sudoku.model.SudokuBoard - Bład w kwadracie 0
sudoku.model.SudokuBoard@2ba9f986[
  size=9
  solver=sudoku.model.BacktrackingSudokuSolver@4aa3fc9a
  board={{8,9,2,4,6,3,7,5,1},{6,3,4,7,9,5,0,0,0},{0,0,0,0,0,0,0,0,0},{0,0,0,0,0,0,0,0,0},{0,0,0,0,0,0,0,0,0},{0,0,0,0,0,0,0,0,0},{0,0,0,0,0,0,0,0,0},{0,0,0,0,0,0,0,0,0},{0,0,0,0,0,0,0,0,0}}
]
22:56:29.269 [main] INFO  sudoku.model.SudokuBoard - Wartość 0 wstawiona nieprawidłowo
22:56:29.269 [main] INFO  sudoku.model.SudokuBoard - Bład w kwadracie 0
sudoku.model.SudokuBoard@2ba9f986[
  size=9
  solver=sudoku.model.BacktrackingSudokuSolver@4aa3fc9a
  board={{8,9,2,4,6,3,7,5,1},{6,3,4,7,9,0,0,0,0},{0,0,0,0,0,0,0,0,0},{0,0,0,0,0,0,0,0,0},{0,0,0,0,0,0,0,0,0},{0,0,0,0,0,0,0,0,0},{0,0,0,0,0,0,0,0,0},{0,0,0,0,0,0,0,0,0},{0,0,0,0,0,0,0,0,0}}
]
22:56:29.269 [main] INFO  sudoku.model.SudokuBoard - Wartość 0 wstawiona nieprawidłowo
22:56:29.269 [main] INFO  sudoku.model.SudokuBoard - Bład w kwadracie 0
sudoku.model.SudokuBoard@2ba9f986[
  size=9
  solver=sudoku.model.BacktrackingSudokuSolver@4aa3fc9a
  board={{8,9,2,4,6,3,7,5,1},{6,3,4,7,9,8,0,0,0},{0,0,0,0,0,0,0,0,0},{0,0,0,0,0,0,0,0,0},{0,0,0,0,0,0,0,0,0},{0,0,0,0,0,0,0,0,0},{0,0,0,0,0,0,0,0,0},{0,0,0,0,0,0,0,0,0},{0,0,0,0,0,0,0,0,0}}
]
22:56:29.269 [main] INFO  sudoku.model.SudokuBoard - Wartość 0 wstawiona nieprawidłowo
22:56:29.269 [main] INFO  sudoku.model.SudokuBoard - Bład w kwadracie 0
sudoku.model.SudokuBoard@2ba9f986[
  size=9
  solver=sudoku.model.BacktrackingSudokuSolver@4aa3fc9a
  board={{8,9,2,4,6,3,7,5,1},{6,3,4,7,9,0,0,0,0},{0,0,0,0,0,0,0,0,0},{0,0,0,0,0,0,0,0,0},{0,0,0,0,0,0,0,0,0},{0,0,0,0,0,0,0,0,0},{0,0,0,0,0,0,0,0,0},{0,0,0,0,0,0,0,0,0},{0,0,0,0,0,0,0,0,0}}
]
22:56:29.269 [main] INFO  sudoku.model.SudokuBoard - Wartość 0 wstawiona nieprawidłowo
22:56:29.270 [main] INFO  sudoku.model.SudokuBoard - Bład w kwadracie 0
sudoku.model.SudokuBoard@2ba9f986[
  size=9
  solver=sudoku.model.BacktrackingSudokuSolver@4aa3fc9a
  board={{8,9,2,4,6,3,7,5,1},{6,3,4,7,9,1,2,0,0},{0,0,0,0,0,0,0,0,0},{0,0,0,0,0,0,0,0,0},{0,0,0,0,0,0,0,0,0},{0,0,0,0,0,0,0,0,0},{0,0,0,0,0,0,0,0,0},{0,0,0,0,0,0,0,0,0},{0,0,0,0,0,0,0,0,0}}
]
22:56:29.270 [main] INFO  sudoku.model.SudokuBoard - Wartość 0 wstawiona nieprawidłowo
22:56:29.270 [main] INFO  sudoku.model.SudokuBoard - Bład w kwadracie 0
sudoku.model.SudokuBoard@2ba9f986[
  size=9
  solver=sudoku.model.BacktrackingSudokuSolver@4aa3fc9a
  board={{8,9,2,4,6,3,7,5,1},{6,3,4,7,9,1,0,0,0},{0,0,0,0,0,0,0,0,0},{0,0,0,0,0,0,0,0,0},{0,0,0,0,0,0,0,0,0},{0,0,0,0,0,0,0,0,0},{0,0,0,0,0,0,0,0,0},{0,0,0,0,0,0,0,0,0},{0,0,0,0,0,0,0,0,0}}
]
22:56:29.270 [main] INFO  sudoku.model.SudokuBoard - Wartość 0 wstawiona nieprawidłowo
22:56:29.270 [main] INFO  sudoku.model.SudokuBoard - Bład w kwadracie 0
sudoku.model.SudokuBoard@2ba9f986[
  size=9
  solver=sudoku.model.BacktrackingSudokuSolver@4aa3fc9a
  board={{8,9,2,4,6,3,7,5,1},{6,3,4,7,9,1,8,0,0},{0,0,0,0,0,0,0,0,0},{0,0,0,0,0,0,0,0,0},{0,0,0,0,0,0,0,0,0},{0,0,0,0,0,0,0,0,0},{0,0,0,0,0,0,0,0,0},{0,0,0,0,0,0,0,0,0},{0,0,0,0,0,0,0,0,0}}
]
22:56:29.270 [main] INFO  sudoku.model.SudokuBoard - Wartość 0 wstawiona nieprawidłowo
22:56:29.270 [main] INFO  sudoku.model.SudokuBoard - Bład w kwadracie 0
sudoku.model.SudokuBoard@2ba9f986[
  size=9
  solver=sudoku.model.BacktrackingSudokuSolver@4aa3fc9a
  board={{8,9,2,4,6,3,7,5,1},{6,3,4,7,9,1,0,0,0},{0,0,0,0,0,0,0,0,0},{0,0,0,0,0,0,0,0,0},{0,0,0,0,0,0,0,0,0},{0,0,0,0,0,0,0,0,0},{0,0,0,0,0,0,0,0,0},{0,0,0,0,0,0,0,0,0},{0,0,0,0,0,0,0,0,0}}
]
22:56:29.270 [main] INFO  sudoku.model.SudokuBoard - Wartość 0 wstawiona nieprawidłowo
22:56:29.271 [main] INFO  sudoku.model.SudokuBoard - Bład w kwadracie 0
sudoku.model.SudokuBoard@2ba9f986[
  size=9
  solver=sudoku.model.BacktrackingSudokuSolver@4aa3fc9a
  board={{8,9,2,4,6,3,7,5,1},{6,3,4,7,9,0,0,0,0},{0,0,0,0,0,0,0,0,0},{0,0,0,0,0,0,0,0,0},{0,0,0,0,0,0,0,0,0},{0,0,0,0,0,0,0,0,0},{0,0,0,0,0,0,0,0,0},{0,0,0,0,0,0,0,0,0},{0,0,0,0,0,0,0,0,0}}
]
22:56:29.271 [main] INFO  sudoku.model.SudokuBoard - Wartość 0 wstawiona nieprawidłowo
22:56:29.271 [main] INFO  sudoku.model.SudokuBoard - Bład w kwadracie 0
sudoku.model.SudokuBoard@2ba9f986[
  size=9
  solver=sudoku.model.BacktrackingSudokuSolver@4aa3fc9a
  board={{8,9,2,4,6,3,7,5,1},{6,3,4,7,0,0,0,0,0},{0,0,0,0,0,0,0,0,0},{0,0,0,0,0,0,0,0,0},{0,0,0,0,0,0,0,0,0},{0,0,0,0,0,0,0,0,0},{0,0,0,0,0,0,0,0,0},{0,0,0,0,0,0,0,0,0},{0,0,0,0,0,0,0,0,0}}
]
22:56:29.271 [main] INFO  sudoku.model.SudokuBoard - Wartość 0 wstawiona nieprawidłowo
22:56:29.271 [main] INFO  sudoku.model.SudokuBoard - Bład w kwadracie 0
sudoku.model.SudokuBoard@2ba9f986[
  size=9
  solver=sudoku.model.BacktrackingSudokuSolver@4aa3fc9a
  board={{8,9,2,4,6,3,7,5,1},{6,3,4,7,1,5,2,8,9},{5,7,1,8,9,2,3,4,6},{7,4,5,9,8,6,1,2,3},{9,8,3,5,2,4,6,0,0},{0,0,0,0,0,0,0,0,0},{0,0,0,0,0,0,0,0,0},{0,0,0,0,0,0,0,0,0},{0,0,0,0,0,0,0,0,0}}
]
22:56:29.271 [main] INFO  sudoku.model.SudokuBoard - Wartość 0 wstawiona nieprawidłowo
22:56:29.271 [main] INFO  sudoku.model.SudokuBoard - Bład w kwadracie 0
sudoku.model.SudokuBoard@2ba9f986[
  size=9
  solver=sudoku.model.BacktrackingSudokuSolver@4aa3fc9a
  board={{8,9,2,4,6,3,7,5,1},{6,3,4,7,1,5,2,8,9},{5,7,1,8,9,2,3,4,6},{7,4,5,9,8,6,1,2,3},{9,8,3,5,2,4,0,0,0},{0,0,0,0,0,0,0,0,0},{0,0,0,0,0,0,0,0,0},{0,0,0,0,0,0,0,0,0},{0,0,0,0,0,0,0,0,0}}
]
22:56:29.271 [main] INFO  sudoku.model.SudokuBoard - Wartość 0 wstawiona nieprawidłowo
22:56:29.271 [main] INFO  sudoku.model.SudokuBoard - Bład w kwadracie 0
sudoku.model.SudokuBoard@2ba9f986[
  size=9
  solver=sudoku.model.BacktrackingSudokuSolver@4aa3fc9a
  board={{8,9,2,4,6,3,7,5,1},{6,3,4,7,1,5,2,8,9},{5,7,1,8,9,2,3,4,6},{7,4,5,9,8,6,1,2,3},{9,8,3,5,2,0,0,0,0},{0,0,0,0,0,0,0,0,0},{0,0,0,0,0,0,0,0,0},{0,0,0,0,0,0,0,0,0},{0,0,0,0,0,0,0,0,0}}
]
22:56:29.271 [main] INFO  sudoku.model.SudokuBoard - Wartość 0 wstawiona nieprawidłowo
22:56:29.271 [main] INFO  sudoku.model.SudokuBoard - Bład w kwadracie 0
sudoku.model.SudokuBoard@2ba9f986[
  size=9
  solver=sudoku.model.BacktrackingSudokuSolver@4aa3fc9a
  board={{8,9,2,4,6,3,7,5,1},{6,3,4,7,1,5,2,8,9},{5,7,1,8,9,2,3,4,6},{7,4,5,9,8,6,1,2,3},{9,8,3,5,2,7,4,0,0},{0,0,0,0,0,0,0,0,0},{0,0,0,0,0,0,0,0,0},{0,0,0,0,0,0,0,0,0},{0,0,0,0,0,0,0,0,0}}
]
22:56:29.272 [main] INFO  sudoku.model.SudokuBoard - Wartość 0 wstawiona nieprawidłowo
22:56:29.272 [main] INFO  sudoku.model.SudokuBoard - Bład w kwadracie 0
sudoku.model.SudokuBoard@2ba9f986[
  size=9
  solver=sudoku.model.BacktrackingSudokuSolver@4aa3fc9a
  board={{8,9,2,4,6,3,7,5,1},{6,3,4,7,1,5,2,8,9},{5,7,1,8,9,2,3,4,6},{7,4,5,9,8,6,1,2,3},{9,8,3,5,2,7,0,0,0},{0,0,0,0,0,0,0,0,0},{0,0,0,0,0,0,0,0,0},{0,0,0,0,0,0,0,0,0},{0,0,0,0,0,0,0,0,0}}
]
22:56:29.272 [main] INFO  sudoku.model.SudokuBoard - Wartość 0 wstawiona nieprawidłowo
22:56:29.272 [main] INFO  sudoku.model.SudokuBoard - Bład w kwadracie 0
sudoku.model.SudokuBoard@2ba9f986[
  size=9
  solver=sudoku.model.BacktrackingSudokuSolver@4aa3fc9a
  board={{8,9,2,4,6,3,7,5,1},{6,3,4,7,1,5,2,8,9},{5,7,1,8,9,2,3,4,6},{7,4,5,9,8,6,1,2,3},{9,8,3,5,2,7,0,0,0},{0,0,0,0,0,0,0,0,0},{0,0,0,0,0,0,0,0,0},{0,0,0,0,0,0,0,0,0},{0,0,0,0,0,0,0,0,0}}
]
22:56:29.272 [main] INFO  sudoku.model.SudokuBoard - Wartość 0 wstawiona nieprawidłowo
22:56:29.272 [main] INFO  sudoku.model.SudokuBoard - Bład w kwadracie 0
sudoku.model.SudokuBoard@2ba9f986[
  size=9
  solver=sudoku.model.BacktrackingSudokuSolver@4aa3fc9a
  board={{8,9,2,4,6,3,7,5,1},{6,3,4,7,1,5,2,8,9},{5,7,1,8,9,2,3,4,6},{7,4,5,9,8,6,1,2,3},{9,8,3,5,2,0,0,0,0},{0,0,0,0,0,0,0,0,0},{0,0,0,0,0,0,0,0,0},{0,0,0,0,0,0,0,0,0},{0,0,0,0,0,0,0,0,0}}
]
22:56:29.272 [main] INFO  sudoku.model.SudokuBoard - Wartość 0 wstawiona nieprawidłowo
22:56:29.272 [main] INFO  sudoku.model.SudokuBoard - Bład w kwadracie 0
sudoku.model.SudokuBoard@2ba9f986[
  size=9
  solver=sudoku.model.BacktrackingSudokuSolver@4aa3fc9a
  board={{8,9,2,4,6,3,7,5,1},{6,3,4,7,1,5,2,8,9},{5,7,1,8,9,2,3,4,6},{7,4,5,9,8,6,1,2,3},{9,8,3,5,2,1,4,6,7},{1,2,6,3,4,7,5,9,8},{2,5,7,6,3,8,9,1,4},{3,1,8,2,7,9,0,0,0},{0,0,0,0,0,0,0,0,0}}
]
22:56:29.272 [main] INFO  sudoku.model.SudokuBoard - Wartość 0 wstawiona nieprawidłowo
22:56:29.272 [main] INFO  sudoku.model.SudokuBoard - Bład w kwadracie 0
sudoku.model.SudokuBoard@2ba9f986[
  size=9
  solver=sudoku.model.BacktrackingSudokuSolver@4aa3fc9a
  board={{8,9,2,4,6,3,7,5,1},{6,3,4,7,1,5,2,8,9},{5,7,1,8,9,2,3,4,6},{7,4,5,9,8,6,1,2,3},{9,8,3,5,2,1,4,6,7},{1,2,6,3,4,7,5,9,8},{2,5,7,6,3,8,9,1,4},{3,1,8,2,7,0,0,0,0},{0,0,0,0,0,0,0,0,0}}
]
22:56:29.272 [main] INFO  sudoku.model.SudokuBoard - Wartość 0 wstawiona nieprawidłowo
22:56:29.272 [main] INFO  sudoku.model.SudokuBoard - Bład w kwadracie 0
sudoku.model.SudokuBoard@2ba9f986[
  size=9
  solver=sudoku.model.BacktrackingSudokuSolver@4aa3fc9a
  board={{8,9,2,4,6,3,7,5,1},{6,3,4,7,1,5,2,8,9},{5,7,1,8,9,2,3,4,6},{7,4,5,9,8,6,1,2,3},{9,8,3,5,2,1,4,6,7},{1,2,6,3,4,7,5,9,8},{2,5,7,6,3,8,9,1,4},{3,1,8,2,7,4,0,0,0},{0,0,0,0,0,0,0,0,0}}
]
22:56:29.273 [main] INFO  sudoku.model.SudokuBoard - Wartość 0 wstawiona nieprawidłowo
22:56:29.273 [main] INFO  sudoku.model.SudokuBoard - Bład w kwadracie 0
sudoku.model.SudokuBoard@2ba9f986[
  size=9
  solver=sudoku.model.BacktrackingSudokuSolver@4aa3fc9a
  board={{8,9,2,4,6,3,7,5,1},{6,3,4,7,1,5,2,8,9},{5,7,1,8,9,2,3,4,6},{7,4,5,9,8,6,1,2,3},{9,8,3,5,2,1,4,6,7},{1,2,6,3,4,7,5,9,8},{2,5,7,6,3,8,9,1,4},{3,1,8,2,7,0,0,0,0},{0,0,0,0,0,0,0,0,0}}
]
22:56:29.273 [main] INFO  sudoku.model.SudokuBoard - Wartość 0 wstawiona nieprawidłowo
22:56:29.273 [main] INFO  sudoku.model.SudokuBoard - Bład w kwadracie 0
sudoku.model.SudokuBoard@2ba9f986[
  size=9
  solver=sudoku.model.BacktrackingSudokuSolver@4aa3fc9a
  board={{8,9,2,4,6,3,7,5,1},{6,3,4,7,1,5,2,8,9},{5,7,1,8,9,2,3,4,6},{7,4,5,9,8,6,1,2,3},{9,8,3,5,2,1,4,6,7},{1,2,6,3,4,7,5,9,8},{2,5,7,6,3,8,9,1,4},{3,1,8,2,0,0,0,0,0},{0,0,0,0,0,0,0,0,0}}
]
22:56:29.273 [main] INFO  sudoku.model.SudokuBoard - Wartość 0 wstawiona nieprawidłowo
22:56:29.273 [main] INFO  sudoku.model.SudokuBoard - Bład w kwadracie 0
sudoku.model.SudokuBoard@2ba9f986[
  size=9
  solver=sudoku.model.BacktrackingSudokuSolver@4aa3fc9a
  board={{8,9,2,4,6,3,7,5,1},{6,3,4,7,1,5,2,8,9},{5,7,1,8,9,2,3,4,6},{7,4,5,9,8,6,1,2,3},{9,8,3,5,2,1,4,6,7},{1,2,6,3,4,7,5,9,8},{2,5,7,6,3,8,9,1,4},{3,1,8,2,5,4,6,0,0},{0,0,0,0,0,0,0,0,0}}
]
22:56:29.273 [main] INFO  sudoku.model.SudokuBoard - Wartość 0 wstawiona nieprawidłowo
22:56:29.273 [main] INFO  sudoku.model.SudokuBoard - Bład w kwadracie 0
sudoku.model.SudokuBoard@2ba9f986[
  size=9
  solver=sudoku.model.BacktrackingSudokuSolver@4aa3fc9a
  board={{8,9,2,4,6,3,7,5,1},{6,3,4,7,1,5,2,8,9},{5,7,1,8,9,2,3,4,6},{7,4,5,9,8,6,1,2,3},{9,8,3,5,2,1,4,6,7},{1,2,6,3,4,7,5,9,8},{2,5,7,6,3,8,9,1,4},{3,1,8,2,5,4,0,0,0},{0,0,0,0,0,0,0,0,0}}
]
22:56:29.273 [main] INFO  sudoku.model.SudokuBoard - Wartość 0 wstawiona nieprawidłowo
22:56:29.273 [main] INFO  sudoku.model.SudokuBoard - Bład w kwadracie 0
sudoku.model.SudokuBoard@2ba9f986[
  size=9
  solver=sudoku.model.BacktrackingSudokuSolver@4aa3fc9a
  board={{8,9,2,4,6,3,7,5,1},{6,3,4,7,1,5,2,8,9},{5,7,1,8,9,2,3,4,6},{7,4,5,9,8,6,1,2,3},{9,8,3,5,2,1,4,6,7},{1,2,6,3,4,7,5,9,8},{2,5,7,6,3,8,9,1,4},{3,1,8,2,5,0,0,0,0},{0,0,0,0,0,0,0,0,0}}
]
22:56:29.273 [main] INFO  sudoku.model.SudokuBoard - Wartość 0 wstawiona nieprawidłowo
22:56:29.273 [main] INFO  sudoku.model.SudokuBoard - Bład w kwadracie 0
sudoku.model.SudokuBoard@2ba9f986[
  size=9
  solver=sudoku.model.BacktrackingSudokuSolver@4aa3fc9a
  board={{8,9,2,4,6,3,7,5,1},{6,3,4,7,1,5,2,8,9},{5,7,1,8,9,2,3,4,6},{7,4,5,9,8,6,1,2,3},{9,8,3,5,2,1,4,6,7},{1,2,6,3,4,7,5,9,8},{2,5,7,6,3,8,9,1,4},{3,1,8,2,5,9,6,0,0},{0,0,0,0,0,0,0,0,0}}
]
22:56:29.273 [main] INFO  sudoku.model.SudokuBoard - Wartość 0 wstawiona nieprawidłowo
22:56:29.274 [main] INFO  sudoku.model.SudokuBoard - Bład w kwadracie 0
sudoku.model.SudokuBoard@2ba9f986[
  size=9
  solver=sudoku.model.BacktrackingSudokuSolver@4aa3fc9a
  board={{8,9,2,4,6,3,7,5,1},{6,3,4,7,1,5,2,8,9},{5,7,1,8,9,2,3,4,6},{7,4,5,9,8,6,1,2,3},{9,8,3,5,2,1,4,6,7},{1,2,6,3,4,7,5,9,8},{2,5,7,6,3,8,9,1,4},{3,1,8,2,5,9,0,0,0},{0,0,0,0,0,0,0,0,0}}
]
22:56:29.274 [main] INFO  sudoku.model.SudokuBoard - Wartość 0 wstawiona nieprawidłowo
22:56:29.274 [main] INFO  sudoku.model.SudokuBoard - Bład w kwadracie 0
sudoku.model.SudokuBoard@2ba9f986[
  size=9
  solver=sudoku.model.BacktrackingSudokuSolver@4aa3fc9a
  board={{8,9,2,4,6,3,7,5,1},{6,3,4,7,1,5,2,8,9},{5,7,1,8,9,2,3,4,6},{7,4,5,9,8,6,1,2,3},{9,8,3,5,2,1,4,6,7},{1,2,6,3,4,7,5,9,8},{2,5,7,6,3,8,9,1,4},{3,1,8,2,5,0,0,0,0},{0,0,0,0,0,0,0,0,0}}
]
22:56:29.274 [main] INFO  sudoku.model.SudokuBoard - Wartość 0 wstawiona nieprawidłowo
22:56:29.274 [main] INFO  sudoku.model.SudokuBoard - Bład w kwadracie 0
sudoku.model.SudokuBoard@2ba9f986[
  size=9
  solver=sudoku.model.BacktrackingSudokuSolver@4aa3fc9a
  board={{8,9,2,4,6,3,7,5,1},{6,3,4,7,1,5,2,8,9},{5,7,1,8,9,2,3,4,6},{7,4,5,9,8,6,1,2,3},{9,8,3,5,2,1,4,6,7},{1,2,6,3,4,7,5,9,8},{2,5,7,6,3,8,9,1,4},{3,1,8,2,0,0,0,0,0},{0,0,0,0,0,0,0,0,0}}
]
22:56:29.274 [main] INFO  sudoku.model.SudokuBoard - Wartość 0 wstawiona nieprawidłowo
22:56:29.274 [main] INFO  sudoku.model.SudokuBoard - Bład w kwadracie 0
sudoku.model.SudokuBoard@2ba9f986[
  size=9
  solver=sudoku.model.BacktrackingSudokuSolver@4aa3fc9a
  board={{8,9,2,4,6,3,7,5,1},{6,3,4,7,1,5,2,8,9},{5,7,1,8,9,2,3,4,6},{7,4,5,9,8,6,1,2,3},{9,8,3,5,2,1,4,6,7},{1,2,6,3,4,7,5,9,8},{2,5,7,6,3,8,9,1,4},{3,1,8,0,0,0,0,0,0},{0,0,0,0,0,0,0,0,0}}
]
22:56:29.274 [main] INFO  sudoku.model.SudokuBoard - Wartość 0 wstawiona nieprawidłowo
22:56:29.274 [main] INFO  sudoku.model.SudokuBoard - Bład w kwadracie 0
sudoku.model.SudokuBoard@2ba9f986[
  size=9
  solver=sudoku.model.BacktrackingSudokuSolver@4aa3fc9a
  board={{8,9,2,4,6,3,7,5,1},{6,3,4,7,1,5,2,8,9},{5,7,1,8,9,2,3,4,6},{7,4,5,9,8,6,1,2,3},{9,8,3,5,2,1,4,6,7},{1,2,6,3,4,7,5,9,8},{2,5,7,6,3,8,9,1,4},{3,1,0,0,0,0,0,0,0},{0,0,0,0,0,0,0,0,0}}
]
22:56:29.274 [main] INFO  sudoku.model.SudokuBoard - Wartość 0 wstawiona nieprawidłowo
22:56:29.274 [main] INFO  sudoku.model.SudokuBoard - Bład w kwadracie 0
sudoku.model.SudokuBoard@2ba9f986[
  size=9
  solver=sudoku.model.BacktrackingSudokuSolver@4aa3fc9a
  board={{8,9,2,4,6,3,7,5,1},{6,3,4,7,1,5,2,8,9},{5,7,1,8,9,2,3,4,6},{7,4,5,9,8,6,1,2,3},{9,8,3,5,2,1,4,6,7},{1,2,6,3,4,7,5,9,8},{2,5,7,6,3,8,9,1,4},{3,1,9,2,5,4,6,0,0},{0,0,0,0,0,0,0,0,0}}
]
22:56:29.274 [main] INFO  sudoku.model.SudokuBoard - Wartość 0 wstawiona nieprawidłowo
22:56:29.274 [main] INFO  sudoku.model.SudokuBoard - Bład w kwadracie 0
sudoku.model.SudokuBoard@2ba9f986[
  size=9
  solver=sudoku.model.BacktrackingSudokuSolver@4aa3fc9a
  board={{8,9,2,4,6,3,7,5,1},{6,3,4,7,1,5,2,8,9},{5,7,1,8,9,2,3,4,6},{7,4,5,9,8,6,1,2,3},{9,8,3,5,2,1,4,6,7},{1,2,6,3,4,7,5,9,8},{2,5,7,6,3,8,9,1,4},{3,1,9,2,5,4,0,0,0},{0,0,0,0,0,0,0,0,0}}
]
22:56:29.274 [main] INFO  sudoku.model.SudokuBoard - Wartość 0 wstawiona nieprawidłowo
22:56:29.275 [main] INFO  sudoku.model.SudokuBoard - Bład w kwadracie 0
sudoku.model.SudokuBoard@2ba9f986[
  size=9
  solver=sudoku.model.BacktrackingSudokuSolver@4aa3fc9a
  board={{8,9,2,4,6,3,7,5,1},{6,3,4,7,1,5,2,8,9},{5,7,1,8,9,2,3,4,6},{7,4,5,9,8,6,1,2,3},{9,8,3,5,2,1,4,6,7},{1,2,6,3,4,7,5,9,8},{2,5,7,6,3,8,9,1,4},{3,1,9,2,5,4,8,0,0},{0,0,0,0,0,0,0,0,0}}
]
22:56:29.275 [main] INFO  sudoku.model.SudokuBoard - Wartość 0 wstawiona nieprawidłowo
22:56:29.275 [main] INFO  sudoku.model.SudokuBoard - Bład w kwadracie 0
sudoku.model.SudokuBoard@2ba9f986[
  size=9
  solver=sudoku.model.BacktrackingSudokuSolver@4aa3fc9a
  board={{8,9,2,4,6,3,7,5,1},{6,3,4,7,1,5,2,8,9},{5,7,1,8,9,2,3,4,6},{7,4,5,9,8,6,1,2,3},{9,8,3,5,2,1,4,6,7},{1,2,6,3,4,7,5,9,8},{2,5,7,6,3,8,9,1,4},{3,1,9,2,5,4,0,0,0},{0,0,0,0,0,0,0,0,0}}
]
22:56:29.275 [main] INFO  sudoku.model.SudokuBoard - Wartość 0 wstawiona nieprawidłowo
22:56:29.275 [main] INFO  sudoku.model.SudokuBoard - Bład w kwadracie 0
sudoku.model.SudokuBoard@2ba9f986[
  size=9
  solver=sudoku.model.BacktrackingSudokuSolver@4aa3fc9a
  board={{8,9,2,4,6,3,7,5,1},{6,3,4,7,1,5,2,8,9},{5,7,1,8,9,2,3,4,6},{7,4,5,9,8,6,1,2,3},{9,8,3,5,2,1,4,6,7},{1,2,6,3,4,7,5,9,8},{2,5,7,6,3,8,9,1,4},{3,1,9,2,5,0,0,0,0},{0,0,0,0,0,0,0,0,0}}
]
22:56:29.275 [main] INFO  sudoku.model.SudokuBoard - Wartość 0 wstawiona nieprawidłowo
22:56:29.275 [main] INFO  sudoku.model.SudokuBoard - Bład w kwadracie 0
sudoku.model.SudokuBoard@2ba9f986[
  size=9
  solver=sudoku.model.BacktrackingSudokuSolver@4aa3fc9a
  board={{8,9,2,4,6,3,7,5,1},{6,3,4,7,1,5,2,8,9},{5,7,1,8,9,2,3,4,6},{7,4,5,9,8,6,1,2,3},{9,8,3,5,2,1,4,6,7},{1,2,6,3,4,7,5,9,8},{2,5,7,6,3,8,9,1,4},{3,1,9,2,0,0,0,0,0},{0,0,0,0,0,0,0,0,0}}
]
22:56:29.275 [main] INFO  sudoku.model.SudokuBoard - Wartość 0 wstawiona nieprawidłowo
22:56:29.275 [main] INFO  sudoku.model.SudokuBoard - Bład w kwadracie 0
sudoku.model.SudokuBoard@2ba9f986[
  size=9
  solver=sudoku.model.BacktrackingSudokuSolver@4aa3fc9a
  board={{8,9,2,4,6,3,7,5,1},{6,3,4,7,1,5,2,8,9},{5,7,1,8,9,2,3,4,6},{7,4,5,9,8,6,1,2,3},{9,8,3,5,2,1,4,6,7},{1,2,6,3,4,7,5,9,8},{2,5,7,6,3,8,9,1,4},{3,1,9,2,7,4,0,0,0},{0,0,0,0,0,0,0,0,0}}
]
22:56:29.275 [main] INFO  sudoku.model.SudokuBoard - Wartość 0 wstawiona nieprawidłowo
22:56:29.275 [main] INFO  sudoku.model.SudokuBoard - Bład w kwadracie 0
sudoku.model.SudokuBoard@2ba9f986[
  size=9
  solver=sudoku.model.BacktrackingSudokuSolver@4aa3fc9a
  board={{8,9,2,4,6,3,7,5,1},{6,3,4,7,1,5,2,8,9},{5,7,1,8,9,2,3,4,6},{7,4,5,9,8,6,1,2,3},{9,8,3,5,2,1,4,6,7},{1,2,6,3,4,7,5,9,8},{2,5,7,6,3,8,9,1,4},{3,1,9,2,7,4,0,0,0},{0,0,0,0,0,0,0,0,0}}
]
22:56:29.276 [main] INFO  sudoku.model.SudokuBoard - Wartość 0 wstawiona nieprawidłowo
22:56:29.276 [main] INFO  sudoku.model.SudokuBoard - Bład w kwadracie 0
sudoku.model.SudokuBoard@2ba9f986[
  size=9
  solver=sudoku.model.BacktrackingSudokuSolver@4aa3fc9a
  board={{8,9,2,4,6,3,7,5,1},{6,3,4,7,1,5,2,8,9},{5,7,1,8,9,2,3,4,6},{7,4,5,9,8,6,1,2,3},{9,8,3,5,2,1,4,6,7},{1,2,6,3,4,7,5,9,8},{2,5,7,6,3,8,9,1,4},{3,1,9,2,7,0,0,0,0},{0,0,0,0,0,0,0,0,0}}
]
22:56:29.276 [main] INFO  sudoku.model.SudokuBoard - Wartość 0 wstawiona nieprawidłowo
22:56:29.276 [main] INFO  sudoku.model.SudokuBoard - Bład w kwadracie 0
sudoku.model.SudokuBoard@2ba9f986[
  size=9
  solver=sudoku.model.BacktrackingSudokuSolver@4aa3fc9a
  board={{8,9,2,4,6,3,7,5,1},{6,3,4,7,1,5,2,8,9},{5,7,1,8,9,2,3,4,6},{7,4,5,9,8,6,1,2,3},{9,8,3,5,2,1,4,6,7},{1,2,6,3,4,7,5,9,8},{2,5,7,6,3,8,9,1,4},{3,1,9,2,0,0,0,0,0},{0,0,0,0,0,0,0,0,0}}
]
22:56:29.276 [main] INFO  sudoku.model.SudokuBoard - Wartość 0 wstawiona nieprawidłowo
22:56:29.276 [main] INFO  sudoku.model.SudokuBoard - Bład w kwadracie 0
sudoku.model.SudokuBoard@2ba9f986[
  size=9
  solver=sudoku.model.BacktrackingSudokuSolver@4aa3fc9a
  board={{8,9,2,4,6,3,7,5,1},{6,3,4,7,1,5,2,8,9},{5,7,1,8,9,2,3,4,6},{7,4,5,9,8,6,1,2,3},{9,8,3,5,2,1,4,6,7},{1,2,6,3,4,7,5,9,8},{2,5,7,6,3,8,9,1,4},{3,1,9,0,0,0,0,0,0},{0,0,0,0,0,0,0,0,0}}
]
22:56:29.276 [main] INFO  sudoku.model.SudokuBoard - Wartość 0 wstawiona nieprawidłowo
22:56:29.276 [main] INFO  sudoku.model.SudokuBoard - Bład w kwadracie 0
sudoku.model.SudokuBoard@2ba9f986[
  size=9
  solver=sudoku.model.BacktrackingSudokuSolver@4aa3fc9a
  board={{8,9,2,4,6,3,7,5,1},{6,3,4,7,1,5,2,8,9},{5,7,1,8,9,2,3,4,6},{7,4,5,9,8,6,1,2,3},{9,8,3,5,2,1,4,6,7},{1,2,6,3,4,7,5,9,8},{2,5,7,6,3,8,9,1,4},{3,1,0,0,0,0,0,0,0},{0,0,0,0,0,0,0,0,0}}
]
22:56:29.276 [main] INFO  sudoku.model.SudokuBoard - Wartość 0 wstawiona nieprawidłowo
22:56:29.276 [main] INFO  sudoku.model.SudokuBoard - Bład w kwadracie 0
sudoku.model.SudokuBoard@2ba9f986[
  size=9
  solver=sudoku.model.BacktrackingSudokuSolver@4aa3fc9a
  board={{8,9,2,4,6,3,7,5,1},{6,3,4,7,1,5,2,8,9},{5,7,1,8,9,2,3,4,6},{7,4,5,9,8,6,1,2,3},{9,8,3,5,2,1,4,6,7},{1,2,6,3,4,7,5,9,8},{2,5,7,6,3,8,9,1,4},{3,0,0,0,0,0,0,0,0},{0,0,0,0,0,0,0,0,0}}
]
22:56:29.276 [main] INFO  sudoku.model.SudokuBoard - Wartość 0 wstawiona nieprawidłowo
22:56:29.276 [main] INFO  sudoku.model.SudokuBoard - Bład w kwadracie 0
sudoku.model.SudokuBoard@2ba9f986[
  size=9
  solver=sudoku.model.BacktrackingSudokuSolver@4aa3fc9a
  board={{8,9,2,4,6,3,7,5,1},{6,3,4,7,1,5,2,8,9},{5,7,1,8,9,2,3,4,6},{7,4,5,9,8,6,1,2,3},{9,8,3,5,2,1,4,6,7},{1,2,6,3,4,7,5,9,8},{2,5,7,6,3,8,9,1,4},{3,6,8,1,7,0,0,0,0},{0,0,0,0,0,0,0,0,0}}
]
22:56:29.276 [main] INFO  sudoku.model.SudokuBoard - Wartość 0 wstawiona nieprawidłowo
22:56:29.276 [main] INFO  sudoku.model.SudokuBoard - Bład w kwadracie 0
sudoku.model.SudokuBoard@2ba9f986[
  size=9
  solver=sudoku.model.BacktrackingSudokuSolver@4aa3fc9a
  board={{8,9,2,4,6,3,7,5,1},{6,3,4,7,1,5,2,8,9},{5,7,1,8,9,2,3,4,6},{7,4,5,9,8,6,1,2,3},{9,8,3,5,2,1,4,6,7},{1,2,6,3,4,7,5,9,8},{2,5,7,6,3,8,9,1,4},{3,6,8,1,7,0,0,0,0},{0,0,0,0,0,0,0,0,0}}
]
22:56:29.276 [main] INFO  sudoku.model.SudokuBoard - Wartość 0 wstawiona nieprawidłowo
22:56:29.277 [main] INFO  sudoku.model.SudokuBoard - Bład w kwadracie 0
sudoku.model.SudokuBoard@2ba9f986[
  size=9
  solver=sudoku.model.BacktrackingSudokuSolver@4aa3fc9a
  board={{8,9,2,4,6,3,7,5,1},{6,3,4,7,1,5,2,8,9},{5,7,1,8,9,2,3,4,6},{7,4,5,9,8,6,1,2,3},{9,8,3,5,2,1,4,6,7},{1,2,6,3,4,7,5,9,8},{2,5,7,6,3,8,9,1,4},{3,6,8,1,0,0,0,0,0},{0,0,0,0,0,0,0,0,0}}
]
22:56:29.277 [main] INFO  sudoku.model.SudokuBoard - Wartość 0 wstawiona nieprawidłowo
22:56:29.277 [main] INFO  sudoku.model.SudokuBoard - Bład w kwadracie 0
sudoku.model.SudokuBoard@2ba9f986[
  size=9
  solver=sudoku.model.BacktrackingSudokuSolver@4aa3fc9a
  board={{8,9,2,4,6,3,7,5,1},{6,3,4,7,1,5,2,8,9},{5,7,1,8,9,2,3,4,6},{7,4,5,9,8,6,1,2,3},{9,8,3,5,2,1,4,6,7},{1,2,6,3,4,7,5,9,8},{2,5,7,6,3,8,9,1,4},{3,6,8,1,5,0,0,0,0},{0,0,0,0,0,0,0,0,0}}
]
22:56:29.277 [main] INFO  sudoku.model.SudokuBoard - Wartość 0 wstawiona nieprawidłowo
22:56:29.277 [main] INFO  sudoku.model.SudokuBoard - Bład w kwadracie 0
sudoku.model.SudokuBoard@2ba9f986[
  size=9
  solver=sudoku.model.BacktrackingSudokuSolver@4aa3fc9a
  board={{8,9,2,4,6,3,7,5,1},{6,3,4,7,1,5,2,8,9},{5,7,1,8,9,2,3,4,6},{7,4,5,9,8,6,1,2,3},{9,8,3,5,2,1,4,6,7},{1,2,6,3,4,7,5,9,8},{2,5,7,6,3,8,9,1,4},{3,6,8,1,5,0,0,0,0},{0,0,0,0,0,0,0,0,0}}
]
22:56:29.277 [main] INFO  sudoku.model.SudokuBoard - Wartość 0 wstawiona nieprawidłowo
22:56:29.277 [main] INFO  sudoku.model.SudokuBoard - Bład w kwadracie 0
sudoku.model.SudokuBoard@2ba9f986[
  size=9
  solver=sudoku.model.BacktrackingSudokuSolver@4aa3fc9a
  board={{8,9,2,4,6,3,7,5,1},{6,3,4,7,1,5,2,8,9},{5,7,1,8,9,2,3,4,6},{7,4,5,9,8,6,1,2,3},{9,8,3,5,2,1,4,6,7},{1,2,6,3,4,7,5,9,8},{2,5,7,6,3,8,9,1,4},{3,6,8,1,0,0,0,0,0},{0,0,0,0,0,0,0,0,0}}
]
22:56:29.277 [main] INFO  sudoku.model.SudokuBoard - Wartość 0 wstawiona nieprawidłowo
22:56:29.277 [main] INFO  sudoku.model.SudokuBoard - Bład w kwadracie 0
sudoku.model.SudokuBoard@2ba9f986[
  size=9
  solver=sudoku.model.BacktrackingSudokuSolver@4aa3fc9a
  board={{8,9,2,4,6,3,7,5,1},{6,3,4,7,1,5,2,8,9},{5,7,1,8,9,2,3,4,6},{7,4,5,9,8,6,1,2,3},{9,8,3,5,2,1,4,6,7},{1,2,6,3,4,7,5,9,8},{2,5,7,6,3,8,9,1,4},{3,6,8,0,0,0,0,0,0},{0,0,0,0,0,0,0,0,0}}
]
22:56:29.277 [main] INFO  sudoku.model.SudokuBoard - Wartość 0 wstawiona nieprawidłowo
22:56:29.277 [main] INFO  sudoku.model.SudokuBoard - Bład w kwadracie 0
sudoku.model.SudokuBoard@2ba9f986[
  size=9
  solver=sudoku.model.BacktrackingSudokuSolver@4aa3fc9a
  board={{8,9,2,4,6,3,7,5,1},{6,3,4,7,1,5,2,8,9},{5,7,1,8,9,2,3,4,6},{7,4,5,9,8,6,1,2,3},{9,8,3,5,2,1,4,6,7},{1,2,6,3,4,7,5,9,8},{2,5,7,6,3,8,9,1,4},{3,6,8,2,5,0,0,0,0},{0,0,0,0,0,0,0,0,0}}
]
22:56:29.277 [main] INFO  sudoku.model.SudokuBoard - Wartość 0 wstawiona nieprawidłowo
22:56:29.277 [main] INFO  sudoku.model.SudokuBoard - Bład w kwadracie 0
sudoku.model.SudokuBoard@2ba9f986[
  size=9
  solver=sudoku.model.BacktrackingSudokuSolver@4aa3fc9a
  board={{8,9,2,4,6,3,7,5,1},{6,3,4,7,1,5,2,8,9},{5,7,1,8,9,2,3,4,6},{7,4,5,9,8,6,1,2,3},{9,8,3,5,2,1,4,6,7},{1,2,6,3,4,7,5,9,8},{2,5,7,6,3,8,9,1,4},{3,6,8,2,5,0,0,0,0},{0,0,0,0,0,0,0,0,0}}
]
22:56:29.277 [main] INFO  sudoku.model.SudokuBoard - Wartość 0 wstawiona nieprawidłowo
22:56:29.277 [main] INFO  sudoku.model.SudokuBoard - Bład w kwadracie 0
sudoku.model.SudokuBoard@2ba9f986[
  size=9
  solver=sudoku.model.BacktrackingSudokuSolver@4aa3fc9a
  board={{8,9,2,4,6,3,7,5,1},{6,3,4,7,1,5,2,8,9},{5,7,1,8,9,2,3,4,6},{7,4,5,9,8,6,1,2,3},{9,8,3,5,2,1,4,6,7},{1,2,6,3,4,7,5,9,8},{2,5,7,6,3,8,9,1,4},{3,6,8,2,0,0,0,0,0},{0,0,0,0,0,0,0,0,0}}
]
22:56:29.277 [main] INFO  sudoku.model.SudokuBoard - Wartość 0 wstawiona nieprawidłowo
22:56:29.278 [main] INFO  sudoku.model.SudokuBoard - Bład w kwadracie 0
sudoku.model.SudokuBoard@2ba9f986[
  size=9
  solver=sudoku.model.BacktrackingSudokuSolver@4aa3fc9a
  board={{8,9,2,4,6,3,7,5,1},{6,3,4,7,1,5,2,8,9},{5,7,1,8,9,2,3,4,6},{7,4,5,9,8,6,1,2,3},{9,8,3,5,2,1,4,6,7},{1,2,6,3,4,7,5,9,8},{2,5,7,6,3,8,9,1,4},{3,6,8,2,7,0,0,0,0},{0,0,0,0,0,0,0,0,0}}
]
22:56:29.278 [main] INFO  sudoku.model.SudokuBoard - Wartość 0 wstawiona nieprawidłowo
22:56:29.278 [main] INFO  sudoku.model.SudokuBoard - Bład w kwadracie 0
sudoku.model.SudokuBoard@2ba9f986[
  size=9
  solver=sudoku.model.BacktrackingSudokuSolver@4aa3fc9a
  board={{8,9,2,4,6,3,7,5,1},{6,3,4,7,1,5,2,8,9},{5,7,1,8,9,2,3,4,6},{7,4,5,9,8,6,1,2,3},{9,8,3,5,2,1,4,6,7},{1,2,6,3,4,7,5,9,8},{2,5,7,6,3,8,9,1,4},{3,6,8,2,7,0,0,0,0},{0,0,0,0,0,0,0,0,0}}
]
22:56:29.278 [main] INFO  sudoku.model.SudokuBoard - Wartość 0 wstawiona nieprawidłowo
22:56:29.278 [main] INFO  sudoku.model.SudokuBoard - Bład w kwadracie 0
sudoku.model.SudokuBoard@2ba9f986[
  size=9
  solver=sudoku.model.BacktrackingSudokuSolver@4aa3fc9a
  board={{8,9,2,4,6,3,7,5,1},{6,3,4,7,1,5,2,8,9},{5,7,1,8,9,2,3,4,6},{7,4,5,9,8,6,1,2,3},{9,8,3,5,2,1,4,6,7},{1,2,6,3,4,7,5,9,8},{2,5,7,6,3,8,9,1,4},{3,6,8,2,0,0,0,0,0},{0,0,0,0,0,0,0,0,0}}
]
22:56:29.278 [main] INFO  sudoku.model.SudokuBoard - Wartość 0 wstawiona nieprawidłowo
22:56:29.278 [main] INFO  sudoku.model.SudokuBoard - Bład w kwadracie 0
sudoku.model.SudokuBoard@2ba9f986[
  size=9
  solver=sudoku.model.BacktrackingSudokuSolver@4aa3fc9a
  board={{8,9,2,4,6,3,7,5,1},{6,3,4,7,1,5,2,8,9},{5,7,1,8,9,2,3,4,6},{7,4,5,9,8,6,1,2,3},{9,8,3,5,2,1,4,6,7},{1,2,6,3,4,7,5,9,8},{2,5,7,6,3,8,9,1,4},{3,6,8,0,0,0,0,0,0},{0,0,0,0,0,0,0,0,0}}
]
22:56:29.278 [main] INFO  sudoku.model.SudokuBoard - Wartość 0 wstawiona nieprawidłowo
22:56:29.278 [main] INFO  sudoku.model.SudokuBoard - Bład w kwadracie 0
sudoku.model.SudokuBoard@2ba9f986[
  size=9
  solver=sudoku.model.BacktrackingSudokuSolver@4aa3fc9a
  board={{8,9,2,4,6,3,7,5,1},{6,3,4,7,1,5,2,8,9},{5,7,1,8,9,2,3,4,6},{7,4,5,9,8,6,1,2,3},{9,8,3,5,2,1,4,6,7},{1,2,6,3,4,7,5,9,8},{2,5,7,6,3,8,9,1,4},{3,6,0,0,0,0,0,0,0},{0,0,0,0,0,0,0,0,0}}
]
22:56:29.278 [main] INFO  sudoku.model.SudokuBoard - Wartość 0 wstawiona nieprawidłowo
22:56:29.279 [main] INFO  sudoku.model.SudokuBoard - Bład w kwadracie 0
sudoku.model.SudokuBoard@2ba9f986[
  size=9
  solver=sudoku.model.BacktrackingSudokuSolver@4aa3fc9a
  board={{8,9,2,4,6,3,7,5,1},{6,8,4,7,1,5,2,8,9},{5,7,1,8,9,2,3,4,6},{7,4,5,9,8,6,1,2,3},{9,8,3,5,2,1,4,6,7},{1,2,6,3,4,7,5,9,8},{2,5,7,6,3,8,9,1,4},{3,6,9,1,5,4,8,7,2},{4,1,8,2,7,9,6,3,5}}
]
22:56:29.279 [main] INFO  sudoku.model.SudokuBoard - Wartość 8 wstawiona nieprawidłowo
22:56:29.279 [main] INFO  sudoku.model.SudokuBoard - Bład w kwadracie 0
sudoku.model.SudokuBoard@3d0352[
  size=9
  solver=sudoku.model.BacktrackingSudokuSolver@4aa3fc9a
  board={{8,9,2,4,6,3,7,5,1},{6,8,4,7,1,5,2,8,9},{5,7,1,8,9,2,3,4,6},{7,4,5,9,8,6,1,2,3},{9,8,3,5,2,1,4,6,7},{1,2,6,3,4,7,5,9,8},{2,5,7,6,3,8,9,1,4},{3,6,9,1,5,4,8,7,2},{4,1,8,2,7,9,6,3,5}}
]
]]></system-out>
  </testcase>
  <testcase name="checkCellBox1" classname="sudoku.model.SudokuBoardTest" time="0.007">
    <system-out><![CDATA[22:56:29.282 [main] INFO  sudoku.model.SudokuBoard - Bład w kwadracie 0
sudoku.model.SudokuBoard@388f1258[
  size=9
  solver=sudoku.model.BacktrackingSudokuSolver@62058742
  board={{2,1,3,4,5,8,9,6,7},{9,4,5,1,6,2,8,0,0},{0,0,0,0,0,0,0,0,0},{0,0,0,0,0,0,0,0,0},{0,0,0,0,0,0,0,0,0},{0,0,0,0,0,0,0,0,0},{0,0,0,0,0,0,0,0,0},{0,0,0,0,0,0,0,0,0},{0,0,0,0,0,0,0,0,0}}
]
22:56:29.282 [main] INFO  sudoku.model.SudokuBoard - Wartość 0 wstawiona nieprawidłowo
22:56:29.282 [main] INFO  sudoku.model.SudokuBoard - Bład w kwadracie 0
sudoku.model.SudokuBoard@388f1258[
  size=9
  solver=sudoku.model.BacktrackingSudokuSolver@62058742
  board={{2,1,3,4,5,8,9,6,7},{9,4,5,1,6,2,0,0,0},{0,0,0,0,0,0,0,0,0},{0,0,0,0,0,0,0,0,0},{0,0,0,0,0,0,0,0,0},{0,0,0,0,0,0,0,0,0},{0,0,0,0,0,0,0,0,0},{0,0,0,0,0,0,0,0,0},{0,0,0,0,0,0,0,0,0}}
]
22:56:29.282 [main] INFO  sudoku.model.SudokuBoard - Wartość 0 wstawiona nieprawidłowo
22:56:29.282 [main] INFO  sudoku.model.SudokuBoard - Bład w kwadracie 0
sudoku.model.SudokuBoard@388f1258[
  size=9
  solver=sudoku.model.BacktrackingSudokuSolver@62058742
  board={{2,1,3,4,5,8,9,6,7},{9,4,5,1,6,2,3,0,0},{0,0,0,0,0,0,0,0,0},{0,0,0,0,0,0,0,0,0},{0,0,0,0,0,0,0,0,0},{0,0,0,0,0,0,0,0,0},{0,0,0,0,0,0,0,0,0},{0,0,0,0,0,0,0,0,0},{0,0,0,0,0,0,0,0,0}}
]
22:56:29.282 [main] INFO  sudoku.model.SudokuBoard - Wartość 0 wstawiona nieprawidłowo
22:56:29.282 [main] INFO  sudoku.model.SudokuBoard - Bład w kwadracie 0
sudoku.model.SudokuBoard@388f1258[
  size=9
  solver=sudoku.model.BacktrackingSudokuSolver@62058742
  board={{2,1,3,4,5,8,9,6,7},{9,4,5,1,6,2,0,0,0},{0,0,0,0,0,0,0,0,0},{0,0,0,0,0,0,0,0,0},{0,0,0,0,0,0,0,0,0},{0,0,0,0,0,0,0,0,0},{0,0,0,0,0,0,0,0,0},{0,0,0,0,0,0,0,0,0},{0,0,0,0,0,0,0,0,0}}
]
22:56:29.282 [main] INFO  sudoku.model.SudokuBoard - Wartość 0 wstawiona nieprawidłowo
22:56:29.282 [main] INFO  sudoku.model.SudokuBoard - Bład w kwadracie 0
sudoku.model.SudokuBoard@388f1258[
  size=9
  solver=sudoku.model.BacktrackingSudokuSolver@62058742
  board={{2,1,3,4,5,8,9,6,7},{9,4,5,1,6,0,0,0,0},{0,0,0,0,0,0,0,0,0},{0,0,0,0,0,0,0,0,0},{0,0,0,0,0,0,0,0,0},{0,0,0,0,0,0,0,0,0},{0,0,0,0,0,0,0,0,0},{0,0,0,0,0,0,0,0,0},{0,0,0,0,0,0,0,0,0}}
]
22:56:29.282 [main] INFO  sudoku.model.SudokuBoard - Wartość 0 wstawiona nieprawidłowo
22:56:29.283 [main] INFO  sudoku.model.SudokuBoard - Bład w kwadracie 0
sudoku.model.SudokuBoard@388f1258[
  size=9
  solver=sudoku.model.BacktrackingSudokuSolver@62058742
  board={{2,1,3,4,5,8,9,6,7},{9,4,5,1,6,3,8,0,0},{0,0,0,0,0,0,0,0,0},{0,0,0,0,0,0,0,0,0},{0,0,0,0,0,0,0,0,0},{0,0,0,0,0,0,0,0,0},{0,0,0,0,0,0,0,0,0},{0,0,0,0,0,0,0,0,0},{0,0,0,0,0,0,0,0,0}}
]
22:56:29.283 [main] INFO  sudoku.model.SudokuBoard - Wartość 0 wstawiona nieprawidłowo
22:56:29.283 [main] INFO  sudoku.model.SudokuBoard - Bład w kwadracie 0
sudoku.model.SudokuBoard@388f1258[
  size=9
  solver=sudoku.model.BacktrackingSudokuSolver@62058742
  board={{2,1,3,4,5,8,9,6,7},{9,4,5,1,6,3,0,0,0},{0,0,0,0,0,0,0,0,0},{0,0,0,0,0,0,0,0,0},{0,0,0,0,0,0,0,0,0},{0,0,0,0,0,0,0,0,0},{0,0,0,0,0,0,0,0,0},{0,0,0,0,0,0,0,0,0},{0,0,0,0,0,0,0,0,0}}
]
22:56:29.283 [main] INFO  sudoku.model.SudokuBoard - Wartość 0 wstawiona nieprawidłowo
22:56:29.283 [main] INFO  sudoku.model.SudokuBoard - Bład w kwadracie 0
sudoku.model.SudokuBoard@388f1258[
  size=9
  solver=sudoku.model.BacktrackingSudokuSolver@62058742
  board={{2,1,3,4,5,8,9,6,7},{9,4,5,1,6,3,2,0,0},{0,0,0,0,0,0,0,0,0},{0,0,0,0,0,0,0,0,0},{0,0,0,0,0,0,0,0,0},{0,0,0,0,0,0,0,0,0},{0,0,0,0,0,0,0,0,0},{0,0,0,0,0,0,0,0,0},{0,0,0,0,0,0,0,0,0}}
]
22:56:29.283 [main] INFO  sudoku.model.SudokuBoard - Wartość 0 wstawiona nieprawidłowo
22:56:29.283 [main] INFO  sudoku.model.SudokuBoard - Bład w kwadracie 0
sudoku.model.SudokuBoard@388f1258[
  size=9
  solver=sudoku.model.BacktrackingSudokuSolver@62058742
  board={{2,1,3,4,5,8,9,6,7},{9,4,5,1,6,3,0,0,0},{0,0,0,0,0,0,0,0,0},{0,0,0,0,0,0,0,0,0},{0,0,0,0,0,0,0,0,0},{0,0,0,0,0,0,0,0,0},{0,0,0,0,0,0,0,0,0},{0,0,0,0,0,0,0,0,0},{0,0,0,0,0,0,0,0,0}}
]
22:56:29.283 [main] INFO  sudoku.model.SudokuBoard - Wartość 0 wstawiona nieprawidłowo
22:56:29.283 [main] INFO  sudoku.model.SudokuBoard - Bład w kwadracie 0
sudoku.model.SudokuBoard@388f1258[
  size=9
  solver=sudoku.model.BacktrackingSudokuSolver@62058742
  board={{2,1,3,4,5,8,9,6,7},{9,4,5,1,6,0,0,0,0},{0,0,0,0,0,0,0,0,0},{0,0,0,0,0,0,0,0,0},{0,0,0,0,0,0,0,0,0},{0,0,0,0,0,0,0,0,0},{0,0,0,0,0,0,0,0,0},{0,0,0,0,0,0,0,0,0},{0,0,0,0,0,0,0,0,0}}
]
22:56:29.283 [main] INFO  sudoku.model.SudokuBoard - Wartość 0 wstawiona nieprawidłowo
22:56:29.283 [main] INFO  sudoku.model.SudokuBoard - Bład w kwadracie 0
sudoku.model.SudokuBoard@388f1258[
  size=9
  solver=sudoku.model.BacktrackingSudokuSolver@62058742
  board={{2,1,3,4,5,8,9,6,7},{9,4,5,1,6,7,2,3,8},{6,8,7,9,3,2,1,5,4},{7,2,8,3,4,9,5,1,6},{3,5,6,2,8,1,4,7,9},{1,9,4,5,7,6,3,0,0},{0,0,0,0,0,0,0,0,0},{0,0,0,0,0,0,0,0,0},{0,0,0,0,0,0,0,0,0}}
]
22:56:29.283 [main] INFO  sudoku.model.SudokuBoard - Wartość 0 wstawiona nieprawidłowo
22:56:29.283 [main] INFO  sudoku.model.SudokuBoard - Bład w kwadracie 0
sudoku.model.SudokuBoard@388f1258[
  size=9
  solver=sudoku.model.BacktrackingSudokuSolver@62058742
  board={{2,1,3,4,5,8,9,6,7},{9,4,5,1,6,7,2,3,8},{6,8,7,9,3,2,1,5,4},{7,2,8,3,4,9,5,1,6},{3,5,6,2,8,1,4,7,9},{1,9,4,5,7,6,3,8,2},{5,6,9,7,1,3,8,0,0},{0,0,0,0,0,0,0,0,0},{0,0,0,0,0,0,0,0,0}}
]
22:56:29.284 [main] INFO  sudoku.model.SudokuBoard - Wartość 0 wstawiona nieprawidłowo
22:56:29.284 [main] INFO  sudoku.model.SudokuBoard - Bład w kwadracie 0
sudoku.model.SudokuBoard@388f1258[
  size=9
  solver=sudoku.model.BacktrackingSudokuSolver@62058742
  board={{2,1,3,4,5,8,9,6,7},{9,4,5,1,6,7,2,3,8},{6,8,7,9,3,2,1,5,4},{7,2,8,3,4,9,5,1,6},{3,5,6,2,8,1,4,7,9},{1,9,4,5,7,6,3,8,2},{5,6,9,7,1,3,8,0,0},{0,0,0,0,0,0,0,0,0},{0,0,0,0,0,0,0,0,0}}
]
22:56:29.284 [main] INFO  sudoku.model.SudokuBoard - Wartość 0 wstawiona nieprawidłowo
22:56:29.284 [main] INFO  sudoku.model.SudokuBoard - Bład w kwadracie 0
sudoku.model.SudokuBoard@388f1258[
  size=9
  solver=sudoku.model.BacktrackingSudokuSolver@62058742
  board={{2,1,3,4,5,8,9,6,7},{9,4,5,1,6,7,2,3,8},{6,8,7,9,3,2,1,5,4},{7,2,8,3,4,9,5,1,6},{3,5,6,2,8,1,4,7,9},{1,9,4,5,7,6,3,8,2},{5,6,9,7,1,3,0,0,0},{0,0,0,0,0,0,0,0,0},{0,0,0,0,0,0,0,0,0}}
]
22:56:29.284 [main] INFO  sudoku.model.SudokuBoard - Wartość 0 wstawiona nieprawidłowo
22:56:29.284 [main] INFO  sudoku.model.SudokuBoard - Bład w kwadracie 0
sudoku.model.SudokuBoard@388f1258[
  size=9
  solver=sudoku.model.BacktrackingSudokuSolver@62058742
  board={{2,1,3,4,5,8,9,6,7},{9,4,5,1,6,7,2,3,8},{6,8,7,9,3,2,1,5,4},{7,2,8,3,4,9,5,1,6},{3,5,6,2,8,1,4,7,9},{1,9,4,5,7,6,3,8,2},{5,6,9,7,1,0,0,0,0},{0,0,0,0,0,0,0,0,0},{0,0,0,0,0,0,0,0,0}}
]
22:56:29.284 [main] INFO  sudoku.model.SudokuBoard - Wartość 0 wstawiona nieprawidłowo
22:56:29.284 [main] INFO  sudoku.model.SudokuBoard - Bład w kwadracie 0
sudoku.model.SudokuBoard@388f1258[
  size=9
  solver=sudoku.model.BacktrackingSudokuSolver@62058742
  board={{2,1,3,4,5,8,9,6,7},{9,4,5,1,6,7,2,3,8},{6,8,7,9,3,2,1,5,4},{7,2,8,3,4,9,5,1,6},{3,5,6,2,8,1,4,7,9},{1,9,4,5,7,6,3,8,2},{5,6,9,7,1,4,8,2,3},{4,7,2,8,9,5,0,0,0},{0,0,0,0,0,0,0,0,0}}
]
22:56:29.284 [main] INFO  sudoku.model.SudokuBoard - Wartość 0 wstawiona nieprawidłowo
22:56:29.284 [main] INFO  sudoku.model.SudokuBoard - Bład w kwadracie 0
sudoku.model.SudokuBoard@388f1258[
  size=9
  solver=sudoku.model.BacktrackingSudokuSolver@62058742
  board={{2,1,3,4,5,8,9,6,7},{9,4,5,1,6,7,2,3,8},{6,8,7,9,3,2,1,5,4},{7,2,8,3,4,9,5,1,6},{3,5,6,2,8,1,4,7,9},{1,9,4,5,7,6,3,8,2},{5,6,9,7,1,4,8,2,3},{4,7,2,8,9,0,0,0,0},{0,0,0,0,0,0,0,0,0}}
]
22:56:29.284 [main] INFO  sudoku.model.SudokuBoard - Wartość 0 wstawiona nieprawidłowo
22:56:29.284 [main] INFO  sudoku.model.SudokuBoard - Bład w kwadracie 0
sudoku.model.SudokuBoard@388f1258[
  size=9
  solver=sudoku.model.BacktrackingSudokuSolver@62058742
  board={{2,1,3,4,5,8,9,6,7},{9,4,5,1,6,7,2,3,8},{6,8,7,9,3,2,1,5,4},{7,2,8,3,4,9,5,1,6},{3,5,6,2,8,1,4,7,9},{1,9,4,5,7,6,3,8,2},{5,6,9,7,1,4,8,2,3},{4,7,2,8,9,3,0,0,0},{0,0,0,0,0,0,0,0,0}}
]
22:56:29.284 [main] INFO  sudoku.model.SudokuBoard - Wartość 0 wstawiona nieprawidłowo
22:56:29.284 [main] INFO  sudoku.model.SudokuBoard - Bład w kwadracie 0
sudoku.model.SudokuBoard@388f1258[
  size=9
  solver=sudoku.model.BacktrackingSudokuSolver@62058742
  board={{2,1,3,4,5,8,9,6,7},{9,4,5,1,6,7,2,3,8},{6,8,7,9,3,2,1,5,4},{7,2,8,3,4,9,5,1,6},{3,5,6,2,8,1,4,7,9},{1,9,4,5,7,6,3,8,2},{5,6,9,7,1,4,8,2,3},{4,7,2,8,9,0,0,0,0},{0,0,0,0,0,0,0,0,0}}
]
22:56:29.284 [main] INFO  sudoku.model.SudokuBoard - Wartość 0 wstawiona nieprawidłowo
22:56:29.285 [main] INFO  sudoku.model.SudokuBoard - Bład w kwadracie 0
sudoku.model.SudokuBoard@388f1258[
  size=9
  solver=sudoku.model.BacktrackingSudokuSolver@62058742
  board={{2,1,3,4,5,8,9,6,7},{9,4,5,1,6,7,2,3,8},{6,8,7,9,3,2,1,5,4},{7,2,8,3,4,9,5,1,6},{3,5,6,2,8,1,4,7,9},{1,9,4,5,7,6,3,8,2},{5,6,9,7,1,4,8,2,3},{4,7,2,8,0,0,0,0,0},{0,0,0,0,0,0,0,0,0}}
]
22:56:29.285 [main] INFO  sudoku.model.SudokuBoard - Wartość 0 wstawiona nieprawidłowo
22:56:29.285 [main] INFO  sudoku.model.SudokuBoard - Bład w kwadracie 0
sudoku.model.SudokuBoard@388f1258[
  size=9
  solver=sudoku.model.BacktrackingSudokuSolver@62058742
  board={{2,1,3,4,5,8,9,6,7},{9,4,5,1,6,7,2,3,8},{6,8,7,9,3,2,1,5,4},{7,2,8,3,4,9,5,1,6},{3,5,6,2,8,1,4,7,9},{1,9,4,5,7,6,3,8,2},{5,6,9,7,1,4,8,2,3},{4,7,2,0,0,0,0,0,0},{0,0,0,0,0,0,0,0,0}}
]
22:56:29.285 [main] INFO  sudoku.model.SudokuBoard - Wartość 0 wstawiona nieprawidłowo
22:56:29.285 [main] INFO  sudoku.model.SudokuBoard - Bład w kwadracie 0
sudoku.model.SudokuBoard@388f1258[
  size=9
  solver=sudoku.model.BacktrackingSudokuSolver@62058742
  board={{2,1,3,4,5,8,9,6,7},{9,4,5,1,6,7,2,3,8},{6,8,7,9,3,2,1,5,4},{7,2,8,3,4,9,5,1,6},{3,5,6,2,8,1,4,7,9},{1,9,4,5,7,6,3,8,2},{5,6,9,7,1,4,8,2,3},{4,7,2,6,9,0,0,0,0},{0,0,0,0,0,0,0,0,0}}
]
22:56:29.285 [main] INFO  sudoku.model.SudokuBoard - Wartość 0 wstawiona nieprawidłowo
22:56:29.285 [main] INFO  sudoku.model.SudokuBoard - Bład w kwadracie 0
sudoku.model.SudokuBoard@388f1258[
  size=9
  solver=sudoku.model.BacktrackingSudokuSolver@62058742
  board={{2,1,3,4,5,8,9,6,7},{9,4,5,1,6,7,2,3,8},{6,8,7,9,3,2,1,5,4},{7,2,8,3,4,9,5,1,6},{3,5,6,2,8,1,4,7,9},{1,9,4,5,7,6,3,8,2},{5,6,9,7,1,4,8,2,3},{4,7,2,6,9,0,0,0,0},{0,0,0,0,0,0,0,0,0}}
]
22:56:29.285 [main] INFO  sudoku.model.SudokuBoard - Wartość 0 wstawiona nieprawidłowo
22:56:29.286 [main] INFO  sudoku.model.SudokuBoard - Bład w kwadracie 0
sudoku.model.SudokuBoard@388f1258[
  size=9
  solver=sudoku.model.BacktrackingSudokuSolver@62058742
  board={{2,1,3,4,5,8,9,6,7},{9,4,5,1,6,7,2,3,8},{6,8,7,9,3,2,1,5,4},{7,2,8,3,4,9,5,1,6},{3,5,6,2,8,1,4,7,9},{1,9,4,5,7,6,3,8,2},{5,6,9,7,1,4,8,2,3},{4,7,2,6,0,0,0,0,0},{0,0,0,0,0,0,0,0,0}}
]
22:56:29.286 [main] INFO  sudoku.model.SudokuBoard - Wartość 0 wstawiona nieprawidłowo
22:56:29.286 [main] INFO  sudoku.model.SudokuBoard - Bład w kwadracie 0
sudoku.model.SudokuBoard@388f1258[
  size=9
  solver=sudoku.model.BacktrackingSudokuSolver@62058742
  board={{2,1,3,4,5,8,9,6,7},{9,4,5,1,6,7,2,3,8},{6,8,7,9,3,2,1,5,4},{7,2,8,3,4,9,5,1,6},{3,5,6,2,8,1,4,7,9},{1,9,4,5,7,6,3,8,2},{5,6,9,7,1,4,8,2,3},{4,7,2,0,0,0,0,0,0},{0,0,0,0,0,0,0,0,0}}
]
22:56:29.286 [main] INFO  sudoku.model.SudokuBoard - Wartość 0 wstawiona nieprawidłowo
22:56:29.286 [main] INFO  sudoku.model.SudokuBoard - Bład w kwadracie 0
sudoku.model.SudokuBoard@388f1258[
  size=9
  solver=sudoku.model.BacktrackingSudokuSolver@62058742
  board={{2,1,3,4,5,8,9,6,7},{9,4,5,1,6,7,2,3,8},{6,8,7,9,3,2,1,5,4},{7,2,8,3,4,9,5,1,6},{3,5,6,2,8,1,4,7,9},{1,9,4,5,7,6,3,8,2},{5,6,9,7,1,4,8,2,3},{4,7,0,0,0,0,0,0,0},{0,0,0,0,0,0,0,0,0}}
]
22:56:29.286 [main] INFO  sudoku.model.SudokuBoard - Wartość 0 wstawiona nieprawidłowo
22:56:29.286 [main] INFO  sudoku.model.SudokuBoard - Bład w kwadracie 0
sudoku.model.SudokuBoard@388f1258[
  size=9
  solver=sudoku.model.BacktrackingSudokuSolver@62058742
  board={{2,1,3,4,5,8,9,6,7},{9,4,5,1,6,7,2,3,8},{6,8,7,9,3,2,1,5,4},{7,2,8,3,4,9,5,1,6},{3,5,6,2,8,1,4,7,9},{1,9,4,5,7,6,3,8,2},{5,6,9,7,1,4,8,2,3},{4,7,1,6,9,0,0,0,0},{0,0,0,0,0,0,0,0,0}}
]
22:56:29.286 [main] INFO  sudoku.model.SudokuBoard - Wartość 0 wstawiona nieprawidłowo
22:56:29.286 [main] INFO  sudoku.model.SudokuBoard - Bład w kwadracie 0
sudoku.model.SudokuBoard@388f1258[
  size=9
  solver=sudoku.model.BacktrackingSudokuSolver@62058742
  board={{2,1,3,4,5,8,9,6,7},{9,4,5,1,6,7,2,3,8},{6,8,7,9,3,2,1,5,4},{7,2,8,3,4,9,5,1,6},{3,5,6,2,8,1,4,7,9},{1,9,4,5,7,6,3,8,2},{5,6,9,7,1,4,8,2,3},{4,7,1,6,9,0,0,0,0},{0,0,0,0,0,0,0,0,0}}
]
22:56:29.286 [main] INFO  sudoku.model.SudokuBoard - Wartość 0 wstawiona nieprawidłowo
22:56:29.286 [main] INFO  sudoku.model.SudokuBoard - Bład w kwadracie 0
sudoku.model.SudokuBoard@388f1258[
  size=9
  solver=sudoku.model.BacktrackingSudokuSolver@62058742
  board={{2,1,3,4,5,8,9,6,7},{9,4,5,1,6,7,2,3,8},{6,8,7,9,3,2,1,5,4},{7,2,8,3,4,9,5,1,6},{3,5,6,2,8,1,4,7,9},{1,9,4,5,7,6,3,8,2},{5,6,9,7,1,4,8,2,3},{4,7,1,6,0,0,0,0,0},{0,0,0,0,0,0,0,0,0}}
]
22:56:29.287 [main] INFO  sudoku.model.SudokuBoard - Wartość 0 wstawiona nieprawidłowo
22:56:29.287 [main] INFO  sudoku.model.SudokuBoard - Bład w kwadracie 0
sudoku.model.SudokuBoard@388f1258[
  size=9
  solver=sudoku.model.BacktrackingSudokuSolver@62058742
  board={{2,1,3,4,5,8,9,6,7},{9,4,5,1,6,7,2,3,8},{6,8,7,9,3,2,1,5,4},{7,2,8,3,4,9,5,1,6},{3,5,6,2,8,1,4,7,9},{1,9,4,5,7,6,3,8,2},{5,6,9,7,1,4,8,2,3},{4,7,1,6,2,0,0,0,0},{0,0,0,0,0,0,0,0,0}}
]
22:56:29.287 [main] INFO  sudoku.model.SudokuBoard - Wartość 0 wstawiona nieprawidłowo
22:56:29.287 [main] INFO  sudoku.model.SudokuBoard - Bład w kwadracie 0
sudoku.model.SudokuBoard@388f1258[
  size=9
  solver=sudoku.model.BacktrackingSudokuSolver@62058742
  board={{2,1,3,4,5,8,9,6,7},{9,4,5,1,6,7,2,3,8},{6,8,7,9,3,2,1,5,4},{7,2,8,3,4,9,5,1,6},{3,5,6,2,8,1,4,7,9},{1,9,4,5,7,6,3,8,2},{5,6,9,7,1,4,8,2,3},{4,7,1,6,2,0,0,0,0},{0,0,0,0,0,0,0,0,0}}
]
22:56:29.287 [main] INFO  sudoku.model.SudokuBoard - Wartość 0 wstawiona nieprawidłowo
22:56:29.287 [main] INFO  sudoku.model.SudokuBoard - Bład w kwadracie 0
sudoku.model.SudokuBoard@388f1258[
  size=9
  solver=sudoku.model.BacktrackingSudokuSolver@62058742
  board={{2,1,3,4,5,8,9,6,7},{9,4,5,1,6,7,2,3,8},{6,8,7,9,3,2,1,5,4},{7,2,8,3,4,9,5,1,6},{3,5,6,2,8,1,4,7,9},{1,9,4,5,7,6,3,8,2},{5,6,9,7,1,4,8,2,3},{4,7,1,6,0,0,0,0,0},{0,0,0,0,0,0,0,0,0}}
]
22:56:29.287 [main] INFO  sudoku.model.SudokuBoard - Wartość 0 wstawiona nieprawidłowo
22:56:29.287 [main] INFO  sudoku.model.SudokuBoard - Bład w kwadracie 0
sudoku.model.SudokuBoard@388f1258[
  size=9
  solver=sudoku.model.BacktrackingSudokuSolver@62058742
  board={{2,1,3,4,5,8,9,6,7},{9,4,5,1,6,7,2,3,8},{6,8,7,9,3,2,1,5,4},{7,2,8,3,4,9,5,1,6},{3,5,6,2,8,1,4,7,9},{1,9,4,5,7,6,3,8,2},{5,6,9,7,1,4,8,2,3},{4,7,1,0,0,0,0,0,0},{0,0,0,0,0,0,0,0,0}}
]
22:56:29.287 [main] INFO  sudoku.model.SudokuBoard - Wartość 0 wstawiona nieprawidłowo
22:56:29.287 [main] INFO  sudoku.model.SudokuBoard - Bład w kwadracie 0
sudoku.model.SudokuBoard@388f1258[
  size=9
  solver=sudoku.model.BacktrackingSudokuSolver@62058742
  board={{0,1,3,4,5,8,9,6,7},{9,4,5,1,6,7,2,3,8},{6,8,7,9,3,2,1,5,4},{7,2,8,3,4,9,5,1,6},{3,5,6,2,8,1,4,7,9},{1,9,4,5,7,6,3,8,2},{5,6,9,7,1,4,8,2,3},{4,7,1,8,2,3,6,9,5},{8,3,2,6,9,5,7,4,1}}
]
22:56:29.287 [main] INFO  sudoku.model.SudokuBoard - Wartość 0 wstawiona nieprawidłowo
]]></system-out>
  </testcase>
</testsuite>