<?xml version="1.0" encoding="UTF-8"?>
<testsuite xmlns:xsi="http://www.w3.org/2001/XMLSchema-instance" xsi:noNamespaceSchemaLocation="https://maven.apache.org/surefire/maven-surefire-plugin/xsd/surefire-test-report-3.0.xsd" version="3.0" name="sudoku.model.SeriesTest" time="0.434" tests="5" errors="0" skipped="0" failures="0">
  <properties>
    <property name="java.specification.version" value="14"/>
    <property name="sun.cpu.isalist" value="amd64"/>
    <property name="sun.jnu.encoding" value="Cp1250"/>
    <property name="java.class.path" value="E:\studia\Sem-3\Programowanie komponentowe (07 72 3060 19)_pliki\ProjektKompo\an_pn_1145_03\Model\target\test-classes;E:\studia\Sem-3\Programowanie komponentowe (07 72 3060 19)_pliki\Projekty\Projektnr1\org\junit\jupiter\junit-jupiter-engine\5.6.2\junit-jupiter-engine-5.6.2.jar;E:\studia\Sem-3\Programowanie komponentowe (07 72 3060 19)_pliki\Projekty\Projektnr1\org\apiguardian\apiguardian-api\1.1.0\apiguardian-api-1.1.0.jar;E:\studia\Sem-3\Programowanie komponentowe (07 72 3060 19)_pliki\Projekty\Projektnr1\org\junit\platform\junit-platform-engine\1.6.2\junit-platform-engine-1.6.2.jar;E:\studia\Sem-3\Programowanie komponentowe (07 72 3060 19)_pliki\Projekty\Projektnr1\org\opentest4j\opentest4j\1.2.0\opentest4j-1.2.0.jar;E:\studia\Sem-3\Programowanie komponentowe (07 72 3060 19)_pliki\Projekty\Projektnr1\org\junit\platform\junit-platform-commons\1.6.2\junit-platform-commons-1.6.2.jar;E:\studia\Sem-3\Programowanie komponentowe (07 72 3060 19)_pliki\Projekty\Projektnr1\org\junit\jupiter\junit-jupiter-api\5.6.2\junit-jupiter-api-5.6.2.jar;E:\studia\Sem-3\Programowanie komponentowe (07 72 3060 19)_pliki\Projekty\Projektnr1\org\projectlombok\lombok\1.18.16\lombok-1.18.16.jar;E:\studia\Sem-3\Programowanie komponentowe (07 72 3060 19)_pliki\Projekty\Projektnr1\org\hibernate\hibernate-core\5.4.27.Final\hibernate-core-5.4.27.Final.jar;E:\studia\Sem-3\Programowanie komponentowe (07 72 3060 19)_pliki\Projekty\Projektnr1\org\jboss\logging\jboss-logging\3.4.1.Final\jboss-logging-3.4.1.Final.jar;E:\studia\Sem-3\Programowanie komponentowe (07 72 3060 19)_pliki\Projekty\Projektnr1\org\javassist\javassist\3.27.0-GA\javassist-3.27.0-GA.jar;E:\studia\Sem-3\Programowanie komponentowe (07 72 3060 19)_pliki\Projekty\Projektnr1\net\bytebuddy\byte-buddy\1.10.17\byte-buddy-1.10.17.jar;E:\studia\Sem-3\Programowanie komponentowe (07 72 3060 19)_pliki\Projekty\Projektnr1\antlr\antlr\2.7.7\antlr-2.7.7.jar;E:\studia\Sem-3\Programowanie komponentowe (07 72 3060 19)_pliki\Projekty\Projektnr1\org\jboss\spec\javax\transaction\jboss-transaction-api_1.2_spec\1.1.1.Final\jboss-transaction-api_1.2_spec-1.1.1.Final.jar;E:\studia\Sem-3\Programowanie komponentowe (07 72 3060 19)_pliki\Projekty\Projektnr1\org\jboss\jandex\2.1.3.Final\jandex-2.1.3.Final.jar;E:\studia\Sem-3\Programowanie komponentowe (07 72 3060 19)_pliki\Projekty\Projektnr1\com\fasterxml\classmate\1.5.1\classmate-1.5.1.jar;E:\studia\Sem-3\Programowanie komponentowe (07 72 3060 19)_pliki\Projekty\Projektnr1\javax\activation\javax.activation-api\1.2.0\javax.activation-api-1.2.0.jar;E:\studia\Sem-3\Programowanie komponentowe (07 72 3060 19)_pliki\Projekty\Projektnr1\org\dom4j\dom4j\2.1.3\dom4j-2.1.3.jar;E:\studia\Sem-3\Programowanie komponentowe (07 72 3060 19)_pliki\Projekty\Projektnr1\javax\xml\bind\jaxb-api\2.3.1\jaxb-api-2.3.1.jar;E:\studia\Sem-3\Programowanie komponentowe (07 72 3060 19)_pliki\Projekty\Projektnr1\com\h2database\h2\1.4.200\h2-1.4.200.jar;E:\studia\Sem-3\Programowanie komponentowe (07 72 3060 19)_pliki\Projekty\Projektnr1\jakarta\xml\bind\jakarta.xml.bind-api\3.0.0\jakarta.xml.bind-api-3.0.0.jar;E:\studia\Sem-3\Programowanie komponentowe (07 72 3060 19)_pliki\Projekty\Projektnr1\com\sun\activation\jakarta.activation\2.0.0\jakarta.activation-2.0.0.jar;E:\studia\Sem-3\Programowanie komponentowe (07 72 3060 19)_pliki\Projekty\Projektnr1\org\glassfish\jaxb\jaxb-runtime\3.0.0\jaxb-runtime-3.0.0.jar;E:\studia\Sem-3\Programowanie komponentowe (07 72 3060 19)_pliki\Projekty\Projektnr1\org\glassfish\jaxb\jaxb-core\3.0.0\jaxb-core-3.0.0.jar;E:\studia\Sem-3\Programowanie komponentowe (07 72 3060 19)_pliki\Projekty\Projektnr1\org\glassfish\jaxb\txw2\3.0.0\txw2-3.0.0.jar;E:\studia\Sem-3\Programowanie komponentowe (07 72 3060 19)_pliki\Projekty\Projektnr1\com\sun\istack\istack-commons-runtime\4.0.0\istack-commons-runtime-4.0.0.jar;E:\studia\Sem-3\Programowanie komponentowe (07 72 3060 19)_pliki\Projekty\Projektnr1\ch\qos\logback\logback-classic\1.1.7\logback-classic-1.1.7.jar;E:\studia\Sem-3\Programowanie komponentowe (07 72 3060 19)_pliki\Projekty\Projektnr1\ch\qos\logback\logback-core\1.1.7\logback-core-1.1.7.jar;E:\studia\Sem-3\Programowanie komponentowe (07 72 3060 19)_pliki\Projekty\Projektnr1\org\openjfx\javafx-controls\13\javafx-controls-13.jar;E:\studia\Sem-3\Programowanie komponentowe (07 72 3060 19)_pliki\Projekty\Projektnr1\org\openjfx\javafx-controls\13\javafx-controls-13-win.jar;E:\studia\Sem-3\Programowanie komponentowe (07 72 3060 19)_pliki\Projekty\Projektnr1\org\openjfx\javafx-graphics\13\javafx-graphics-13.jar;E:\studia\Sem-3\Programowanie komponentowe (07 72 3060 19)_pliki\Projekty\Projektnr1\org\openjfx\javafx-graphics\13\javafx-graphics-13-win.jar;E:\studia\Sem-3\Programowanie komponentowe (07 72 3060 19)_pliki\Projekty\Projektnr1\org\openjfx\javafx-base\13\javafx-base-13.jar;E:\studia\Sem-3\Programowanie komponentowe (07 72 3060 19)_pliki\Projekty\Projektnr1\org\openjfx\javafx-fxml\13\javafx-fxml-13.jar;E:\studia\Sem-3\Programowanie komponentowe (07 72 3060 19)_pliki\Projekty\Projektnr1\org\openjfx\javafx-fxml\13\javafx-fxml-13-win.jar;"/>
    <property name="java.vm.vendor" value="Oracle Corporation"/>
    <property name="sun.arch.data.model" value="64"/>
    <property name="user.variant" value=""/>
    <property name="java.vendor.url" value="https://java.oracle.com/"/>
    <property name="user.timezone" value="Europe/Warsaw"/>
    <property name="os.name" value="Windows 10"/>
    <property name="java.vm.specification.version" value="14"/>
    <property name="sun.java.launcher" value="SUN_STANDARD"/>
    <property name="user.country" value="PL"/>
    <property name="sun.boot.library.path" value="C:\Program Files\Java\jdk-14.0.2\bin"/>
    <property name="sun.java.command" value="org.apache.maven.surefire.booter.ForkedBooter C:\Users\maldo\AppData\Local\Temp\surefire3046397512356889653 2021-01-25T13-19-09_875-jvmRun1 surefire14311975682698004921tmp surefire_016868164260762344545tmp"/>
    <property name="jdk.debug" value="release"/>
    <property name="surefire.test.class.path" value="E:\studia\Sem-3\Programowanie komponentowe (07 72 3060 19)_pliki\ProjektKompo\an_pn_1145_03\Model\target\test-classes;E:\studia\Sem-3\Programowanie komponentowe (07 72 3060 19)_pliki\Projekty\Projektnr1\org\junit\jupiter\junit-jupiter-engine\5.6.2\junit-jupiter-engine-5.6.2.jar;E:\studia\Sem-3\Programowanie komponentowe (07 72 3060 19)_pliki\Projekty\Projektnr1\org\apiguardian\apiguardian-api\1.1.0\apiguardian-api-1.1.0.jar;E:\studia\Sem-3\Programowanie komponentowe (07 72 3060 19)_pliki\Projekty\Projektnr1\org\junit\platform\junit-platform-engine\1.6.2\junit-platform-engine-1.6.2.jar;E:\studia\Sem-3\Programowanie komponentowe (07 72 3060 19)_pliki\Projekty\Projektnr1\org\opentest4j\opentest4j\1.2.0\opentest4j-1.2.0.jar;E:\studia\Sem-3\Programowanie komponentowe (07 72 3060 19)_pliki\Projekty\Projektnr1\org\junit\platform\junit-platform-commons\1.6.2\junit-platform-commons-1.6.2.jar;E:\studia\Sem-3\Programowanie komponentowe (07 72 3060 19)_pliki\Projekty\Projektnr1\org\junit\jupiter\junit-jupiter-api\5.6.2\junit-jupiter-api-5.6.2.jar;E:\studia\Sem-3\Programowanie komponentowe (07 72 3060 19)_pliki\Projekty\Projektnr1\org\projectlombok\lombok\1.18.16\lombok-1.18.16.jar;E:\studia\Sem-3\Programowanie komponentowe (07 72 3060 19)_pliki\Projekty\Projektnr1\org\hibernate\hibernate-core\5.4.27.Final\hibernate-core-5.4.27.Final.jar;E:\studia\Sem-3\Programowanie komponentowe (07 72 3060 19)_pliki\Projekty\Projektnr1\org\jboss\logging\jboss-logging\3.4.1.Final\jboss-logging-3.4.1.Final.jar;E:\studia\Sem-3\Programowanie komponentowe (07 72 3060 19)_pliki\Projekty\Projektnr1\org\javassist\javassist\3.27.0-GA\javassist-3.27.0-GA.jar;E:\studia\Sem-3\Programowanie komponentowe (07 72 3060 19)_pliki\Projekty\Projektnr1\net\bytebuddy\byte-buddy\1.10.17\byte-buddy-1.10.17.jar;E:\studia\Sem-3\Programowanie komponentowe (07 72 3060 19)_pliki\Projekty\Projektnr1\antlr\antlr\2.7.7\antlr-2.7.7.jar;E:\studia\Sem-3\Programowanie komponentowe (07 72 3060 19)_pliki\Projekty\Projektnr1\org\jboss\spec\javax\transaction\jboss-transaction-api_1.2_spec\1.1.1.Final\jboss-transaction-api_1.2_spec-1.1.1.Final.jar;E:\studia\Sem-3\Programowanie komponentowe (07 72 3060 19)_pliki\Projekty\Projektnr1\org\jboss\jandex\2.1.3.Final\jandex-2.1.3.Final.jar;E:\studia\Sem-3\Programowanie komponentowe (07 72 3060 19)_pliki\Projekty\Projektnr1\com\fasterxml\classmate\1.5.1\classmate-1.5.1.jar;E:\studia\Sem-3\Programowanie komponentowe (07 72 3060 19)_pliki\Projekty\Projektnr1\javax\activation\javax.activation-api\1.2.0\javax.activation-api-1.2.0.jar;E:\studia\Sem-3\Programowanie komponentowe (07 72 3060 19)_pliki\Projekty\Projektnr1\org\dom4j\dom4j\2.1.3\dom4j-2.1.3.jar;E:\studia\Sem-3\Programowanie komponentowe (07 72 3060 19)_pliki\Projekty\Projektnr1\javax\xml\bind\jaxb-api\2.3.1\jaxb-api-2.3.1.jar;E:\studia\Sem-3\Programowanie komponentowe (07 72 3060 19)_pliki\Projekty\Projektnr1\com\h2database\h2\1.4.200\h2-1.4.200.jar;E:\studia\Sem-3\Programowanie komponentowe (07 72 3060 19)_pliki\Projekty\Projektnr1\jakarta\xml\bind\jakarta.xml.bind-api\3.0.0\jakarta.xml.bind-api-3.0.0.jar;E:\studia\Sem-3\Programowanie komponentowe (07 72 3060 19)_pliki\Projekty\Projektnr1\com\sun\activation\jakarta.activation\2.0.0\jakarta.activation-2.0.0.jar;E:\studia\Sem-3\Programowanie komponentowe (07 72 3060 19)_pliki\Projekty\Projektnr1\org\glassfish\jaxb\jaxb-runtime\3.0.0\jaxb-runtime-3.0.0.jar;E:\studia\Sem-3\Programowanie komponentowe (07 72 3060 19)_pliki\Projekty\Projektnr1\org\glassfish\jaxb\jaxb-core\3.0.0\jaxb-core-3.0.0.jar;E:\studia\Sem-3\Programowanie komponentowe (07 72 3060 19)_pliki\Projekty\Projektnr1\org\glassfish\jaxb\txw2\3.0.0\txw2-3.0.0.jar;E:\studia\Sem-3\Programowanie komponentowe (07 72 3060 19)_pliki\Projekty\Projektnr1\com\sun\istack\istack-commons-runtime\4.0.0\istack-commons-runtime-4.0.0.jar;E:\studia\Sem-3\Programowanie komponentowe (07 72 3060 19)_pliki\Projekty\Projektnr1\ch\qos\logback\logback-classic\1.1.7\logback-classic-1.1.7.jar;E:\studia\Sem-3\Programowanie komponentowe (07 72 3060 19)_pliki\Projekty\Projektnr1\ch\qos\logback\logback-core\1.1.7\logback-core-1.1.7.jar;E:\studia\Sem-3\Programowanie komponentowe (07 72 3060 19)_pliki\Projekty\Projektnr1\org\openjfx\javafx-controls\13\javafx-controls-13.jar;E:\studia\Sem-3\Programowanie komponentowe (07 72 3060 19)_pliki\Projekty\Projektnr1\org\openjfx\javafx-controls\13\javafx-controls-13-win.jar;E:\studia\Sem-3\Programowanie komponentowe (07 72 3060 19)_pliki\Projekty\Projektnr1\org\openjfx\javafx-graphics\13\javafx-graphics-13.jar;E:\studia\Sem-3\Programowanie komponentowe (07 72 3060 19)_pliki\Projekty\Projektnr1\org\openjfx\javafx-graphics\13\javafx-graphics-13-win.jar;E:\studia\Sem-3\Programowanie komponentowe (07 72 3060 19)_pliki\Projekty\Projektnr1\org\openjfx\javafx-base\13\javafx-base-13.jar;E:\studia\Sem-3\Programowanie komponentowe (07 72 3060 19)_pliki\Projekty\Projektnr1\org\openjfx\javafx-fxml\13\javafx-fxml-13.jar;E:\studia\Sem-3\Programowanie komponentowe (07 72 3060 19)_pliki\Projekty\Projektnr1\org\openjfx\javafx-fxml\13\javafx-fxml-13-win.jar;"/>
    <property name="sun.cpu.endian" value="little"/>
    <property name="user.home" value="C:\Users\maldo"/>
    <property name="user.language" value="pl"/>
    <property name="java.specification.vendor" value="Oracle Corporation"/>
    <property name="jdk.module.path" value="E:\studia\Sem-3\Programowanie komponentowe (07 72 3060 19)_pliki\ProjektKompo\an_pn_1145_03\Model\target\classes;E:\studia\Sem-3\Programowanie komponentowe (07 72 3060 19)_pliki\Projekty\Projektnr1\org\apache\commons\commons-lang3\3.11\commons-lang3-3.11.jar;E:\studia\Sem-3\Programowanie komponentowe (07 72 3060 19)_pliki\Projekty\Projektnr1\javax\persistence\javax.persistence-api\2.2\javax.persistence-api-2.2.jar;E:\studia\Sem-3\Programowanie komponentowe (07 72 3060 19)_pliki\Projekty\Projektnr1\org\hibernate\common\hibernate-commons-annotations\5.1.2.Final\hibernate-commons-annotations-5.1.2.Final.jar;E:\studia\Sem-3\Programowanie komponentowe (07 72 3060 19)_pliki\Projekty\Projektnr1\org\hibernate\hibernate-entitymanager\5.4.27.Final\hibernate-entitymanager-5.4.27.Final.jar;E:\studia\Sem-3\Programowanie komponentowe (07 72 3060 19)_pliki\Projekty\Projektnr1\org\slf4j\slf4j-api\1.7.30\slf4j-api-1.7.30.jar;E:\studia\Sem-3\Programowanie komponentowe (07 72 3060 19)_pliki\Projekty\Projektnr1\org\openjfx\javafx-base\13\javafx-base-13-win.jar"/>
    <property name="java.version.date" value="2020-07-14"/>
    <property name="java.home" value="C:\Program Files\Java\jdk-14.0.2"/>
    <property name="file.separator" value="\"/>
    <property name="basedir" value="E:\studia\Sem-3\Programowanie komponentowe (07 72 3060 19)_pliki\ProjektKompo\an_pn_1145_03\Model"/>
    <property name="java.vm.compressedOopsMode" value="Zero based"/>
    <property name="line.separator" value="&#10;"/>
    <property name="java.vm.specification.vendor" value="Oracle Corporation"/>
    <property name="java.specification.name" value="Java Platform API Specification"/>
    <property name="surefire.real.class.path" value="E:\studia\Sem-3\Programowanie komponentowe (07 72 3060 19)_pliki\Projekty\Projektnr1\org\apache\maven\surefire\surefire-booter\3.0.0-M5\surefire-booter-3.0.0-M5.jar;E:\studia\Sem-3\Programowanie komponentowe (07 72 3060 19)_pliki\Projekty\Projektnr1\org\apache\maven\surefire\surefire-api\3.0.0-M5\surefire-api-3.0.0-M5.jar;E:\studia\Sem-3\Programowanie komponentowe (07 72 3060 19)_pliki\Projekty\Projektnr1\org\apache\maven\surefire\surefire-logger-api\3.0.0-M5\surefire-logger-api-3.0.0-M5.jar;E:\studia\Sem-3\Programowanie komponentowe (07 72 3060 19)_pliki\Projekty\Projektnr1\org\apache\maven\surefire\surefire-shared-utils\3.0.0-M4\surefire-shared-utils-3.0.0-M4.jar;E:\studia\Sem-3\Programowanie komponentowe (07 72 3060 19)_pliki\Projekty\Projektnr1\org\apache\maven\surefire\surefire-extensions-spi\3.0.0-M5\surefire-extensions-spi-3.0.0-M5.jar;E:\studia\Sem-3\Programowanie komponentowe (07 72 3060 19)_pliki\ProjektKompo\an_pn_1145_03\Model\target\test-classes;E:\studia\Sem-3\Programowanie komponentowe (07 72 3060 19)_pliki\Projekty\Projektnr1\org\junit\jupiter\junit-jupiter-engine\5.6.2\junit-jupiter-engine-5.6.2.jar;E:\studia\Sem-3\Programowanie komponentowe (07 72 3060 19)_pliki\Projekty\Projektnr1\org\apiguardian\apiguardian-api\1.1.0\apiguardian-api-1.1.0.jar;E:\studia\Sem-3\Programowanie komponentowe (07 72 3060 19)_pliki\Projekty\Projektnr1\org\junit\platform\junit-platform-engine\1.6.2\junit-platform-engine-1.6.2.jar;E:\studia\Sem-3\Programowanie komponentowe (07 72 3060 19)_pliki\Projekty\Projektnr1\org\opentest4j\opentest4j\1.2.0\opentest4j-1.2.0.jar;E:\studia\Sem-3\Programowanie komponentowe (07 72 3060 19)_pliki\Projekty\Projektnr1\org\junit\platform\junit-platform-commons\1.6.2\junit-platform-commons-1.6.2.jar;E:\studia\Sem-3\Programowanie komponentowe (07 72 3060 19)_pliki\Projekty\Projektnr1\org\junit\jupiter\junit-jupiter-api\5.6.2\junit-jupiter-api-5.6.2.jar;E:\studia\Sem-3\Programowanie komponentowe (07 72 3060 19)_pliki\Projekty\Projektnr1\org\projectlombok\lombok\1.18.16\lombok-1.18.16.jar;E:\studia\Sem-3\Programowanie komponentowe (07 72 3060 19)_pliki\Projekty\Projektnr1\org\hibernate\hibernate-core\5.4.27.Final\hibernate-core-5.4.27.Final.jar;E:\studia\Sem-3\Programowanie komponentowe (07 72 3060 19)_pliki\Projekty\Projektnr1\org\jboss\logging\jboss-logging\3.4.1.Final\jboss-logging-3.4.1.Final.jar;E:\studia\Sem-3\Programowanie komponentowe (07 72 3060 19)_pliki\Projekty\Projektnr1\org\javassist\javassist\3.27.0-GA\javassist-3.27.0-GA.jar;E:\studia\Sem-3\Programowanie komponentowe (07 72 3060 19)_pliki\Projekty\Projektnr1\net\bytebuddy\byte-buddy\1.10.17\byte-buddy-1.10.17.jar;E:\studia\Sem-3\Programowanie komponentowe (07 72 3060 19)_pliki\Projekty\Projektnr1\antlr\antlr\2.7.7\antlr-2.7.7.jar;E:\studia\Sem-3\Programowanie komponentowe (07 72 3060 19)_pliki\Projekty\Projektnr1\org\jboss\spec\javax\transaction\jboss-transaction-api_1.2_spec\1.1.1.Final\jboss-transaction-api_1.2_spec-1.1.1.Final.jar;E:\studia\Sem-3\Programowanie komponentowe (07 72 3060 19)_pliki\Projekty\Projektnr1\org\jboss\jandex\2.1.3.Final\jandex-2.1.3.Final.jar;E:\studia\Sem-3\Programowanie komponentowe (07 72 3060 19)_pliki\Projekty\Projektnr1\com\fasterxml\classmate\1.5.1\classmate-1.5.1.jar;E:\studia\Sem-3\Programowanie komponentowe (07 72 3060 19)_pliki\Projekty\Projektnr1\javax\activation\javax.activation-api\1.2.0\javax.activation-api-1.2.0.jar;E:\studia\Sem-3\Programowanie komponentowe (07 72 3060 19)_pliki\Projekty\Projektnr1\org\dom4j\dom4j\2.1.3\dom4j-2.1.3.jar;E:\studia\Sem-3\Programowanie komponentowe (07 72 3060 19)_pliki\Projekty\Projektnr1\javax\xml\bind\jaxb-api\2.3.1\jaxb-api-2.3.1.jar;E:\studia\Sem-3\Programowanie komponentowe (07 72 3060 19)_pliki\Projekty\Projektnr1\com\h2database\h2\1.4.200\h2-1.4.200.jar;E:\studia\Sem-3\Programowanie komponentowe (07 72 3060 19)_pliki\Projekty\Projektnr1\jakarta\xml\bind\jakarta.xml.bind-api\3.0.0\jakarta.xml.bind-api-3.0.0.jar;E:\studia\Sem-3\Programowanie komponentowe (07 72 3060 19)_pliki\Projekty\Projektnr1\com\sun\activation\jakarta.activation\2.0.0\jakarta.activation-2.0.0.jar;E:\studia\Sem-3\Programowanie komponentowe (07 72 3060 19)_pliki\Projekty\Projektnr1\org\glassfish\jaxb\jaxb-runtime\3.0.0\jaxb-runtime-3.0.0.jar;E:\studia\Sem-3\Programowanie komponentowe (07 72 3060 19)_pliki\Projekty\Projektnr1\org\glassfish\jaxb\jaxb-core\3.0.0\jaxb-core-3.0.0.jar;E:\studia\Sem-3\Programowanie komponentowe (07 72 3060 19)_pliki\Projekty\Projektnr1\org\glassfish\jaxb\txw2\3.0.0\txw2-3.0.0.jar;E:\studia\Sem-3\Programowanie komponentowe (07 72 3060 19)_pliki\Projekty\Projektnr1\com\sun\istack\istack-commons-runtime\4.0.0\istack-commons-runtime-4.0.0.jar;E:\studia\Sem-3\Programowanie komponentowe (07 72 3060 19)_pliki\Projekty\Projektnr1\ch\qos\logback\logback-classic\1.1.7\logback-classic-1.1.7.jar;E:\studia\Sem-3\Programowanie komponentowe (07 72 3060 19)_pliki\Projekty\Projektnr1\ch\qos\logback\logback-core\1.1.7\logback-core-1.1.7.jar;E:\studia\Sem-3\Programowanie komponentowe (07 72 3060 19)_pliki\Projekty\Projektnr1\org\openjfx\javafx-controls\13\javafx-controls-13.jar;E:\studia\Sem-3\Programowanie komponentowe (07 72 3060 19)_pliki\Projekty\Projektnr1\org\openjfx\javafx-controls\13\javafx-controls-13-win.jar;E:\studia\Sem-3\Programowanie komponentowe (07 72 3060 19)_pliki\Projekty\Projektnr1\org\openjfx\javafx-graphics\13\javafx-graphics-13.jar;E:\studia\Sem-3\Programowanie komponentowe (07 72 3060 19)_pliki\Projekty\Projektnr1\org\openjfx\javafx-graphics\13\javafx-graphics-13-win.jar;E:\studia\Sem-3\Programowanie komponentowe (07 72 3060 19)_pliki\Projekty\Projektnr1\org\openjfx\javafx-base\13\javafx-base-13.jar;E:\studia\Sem-3\Programowanie komponentowe (07 72 3060 19)_pliki\Projekty\Projektnr1\org\openjfx\javafx-fxml\13\javafx-fxml-13.jar;E:\studia\Sem-3\Programowanie komponentowe (07 72 3060 19)_pliki\Projekty\Projektnr1\org\openjfx\javafx-fxml\13\javafx-fxml-13-win.jar;E:\studia\Sem-3\Programowanie komponentowe (07 72 3060 19)_pliki\Projekty\Projektnr1\org\apache\maven\surefire\surefire-junit-platform\3.0.0-M5\surefire-junit-platform-3.0.0-M5.jar;E:\studia\Sem-3\Programowanie komponentowe (07 72 3060 19)_pliki\Projekty\Projektnr1\org\apache\maven\surefire\common-java5\3.0.0-M5\common-java5-3.0.0-M5.jar;E:\studia\Sem-3\Programowanie komponentowe (07 72 3060 19)_pliki\Projekty\Projektnr1\org\junit\platform\junit-platform-launcher\1.6.2\junit-platform-launcher-1.6.2.jar"/>
    <property name="user.script" value=""/>
    <property name="sun.management.compiler" value="HotSpot 64-Bit Tiered Compilers"/>
    <property name="java.runtime.version" value="14.0.2+12-46"/>
    <property name="user.name" value="maldo"/>
    <property name="path.separator" value=";"/>
    <property name="os.version" value="10.0"/>
    <property name="java.runtime.name" value="Java(TM) SE Runtime Environment"/>
    <property name="file.encoding" value="Cp1250"/>
    <property name="java.vm.name" value="Java HotSpot(TM) 64-Bit Server VM"/>
    <property name="localRepository" value="E:\studia\Sem-3\Programowanie komponentowe (07 72 3060 19)_pliki\Projekty\Projektnr1"/>
    <property name="java.vendor.url.bug" value="https://bugreport.java.com/bugreport/"/>
    <property name="java.io.tmpdir" value="C:\Users\maldo\AppData\Local\Temp\"/>
    <property name="java.version" value="14.0.2"/>
    <property name="user.dir" value="E:\studia\Sem-3\Programowanie komponentowe (07 72 3060 19)_pliki\ProjektKompo\an_pn_1145_03\Model"/>
    <property name="os.arch" value="amd64"/>
    <property name="java.vm.specification.name" value="Java Virtual Machine Specification"/>
    <property name="sun.os.patch.level" value=""/>
    <property name="java.library.path" value="C:\Program Files\Java\jdk-14.0.2\bin;C:\WINDOWS\Sun\Java\bin;C:\WINDOWS\system32;C:\WINDOWS;C:\Program Files (x86)\Razer Chroma SDK\bin;C:\Program Files\Razer Chroma SDK\bin;C:\Python\Scripts\;C:\Python\;C:\Program Files (x86)\Intel\iCLS Client\;C:\Program Files\Intel\iCLS Client\;C:\Windows\system32;C:\Windows;C:\Windows\System32\Wbem;C:\Windows\System32\WindowsPowerShell\v1.0\;C:\Windows\System32\OpenSSH\;C:\Program Files (x86)\NVIDIA Corporation\PhysX\Common;C:\Program Files (x86)\Intel\Intel(R) Management Engine Components\DAL;C:\Program Files\Intel\Intel(R) Management Engine Components\DAL;C:\Program Files (x86)\Intel\Intel(R) Management Engine Components\IPT;C:\Program Files\Intel\Intel(R) Management Engine Components\IPT;C:\Program Files\Intel\WiFi\bin\;C:\Program Files\Common Files\Intel\WirelessCommon\;C:\Program Files (x86)\Windows Kits\8.1\Windows Performance Toolkit\;C:\Users\maldo\AppData\Local\Microsoft\WindowsApps;C:\Program Files\NVIDIA Corporation\NVIDIA NvDLISR;C:\Program Files (x86)\MKVToolNix;C:\WINDOWS\system32;C:\WINDOWS;C:\WINDOWS\System32\Wbem;C:\WINDOWS\System32\WindowsPowerShell\v1.0\;C:\WINDOWS\System32\OpenSSH\;E:\studia\Sem-3\Programowanie komponentowe (07 72 3060 19)_pliki\apache-maven-3.6.3\bin;C:\msys64\usr\bin;C:\Program Files\Java\jdk-14.0.2\bin;C:\Program Files (x86)\Calibre2\;C:\Users\maldo\AppData\Local\Microsoft\WindowsApps;C:\Program Files\Intel\WiFi\bin\;C:\Program Files\Common Files\Intel\WirelessCommon\;C:\Program Files\JetBrains\CLion 2019.3.3\bin;;C:\Users\maldo\AppData\Local\Programs\Microsoft VS Code\bin;C:\Users\maldo\AppData\Local\GitHubDesktop\bin;."/>
    <property name="java.vm.info" value="mixed mode"/>
    <property name="java.vendor" value="Oracle Corporation"/>
    <property name="java.vm.version" value="14.0.2+12-46"/>
    <property name="sun.io.unicode.encoding" value="UnicodeLittle"/>
    <property name="java.class.version" value="58.0"/>
  </properties>
  <testcase name="testEqualsDiffrent" classname="sudoku.model.SeriesTest" time="0.291">
    <system-out><![CDATA[13:19:12.276 [main] INFO  sudoku.model.SudokuBoard - Bład w kwadracie 0
sudoku.model.SudokuBoard@49491770[
  size=9
  solver=sudoku.model.BacktrackingSudokuSolver@5bec3e0
  board={{7,5,6,3,2,8,4,9,1},{8,3,2,6,4,9,5,0,0},{0,0,0,0,0,0,0,0,0},{0,0,0,0,0,0,0,0,0},{0,0,0,0,0,0,0,0,0},{0,0,0,0,0,0,0,0,0},{0,0,0,0,0,0,0,0,0},{0,0,0,0,0,0,0,0,0},{0,0,0,0,0,0,0,0,0}}
]
13:19:12.277 [main] INFO  sudoku.model.SudokuBoard - Wartość 0 wstawiona nieprawidłowo
13:19:12.277 [main] INFO  sudoku.model.SudokuBoard - Bład w kwadracie 0
sudoku.model.SudokuBoard@49491770[
  size=9
  solver=sudoku.model.BacktrackingSudokuSolver@5bec3e0
  board={{7,5,6,3,2,8,4,9,1},{8,3,2,6,4,9,0,0,0},{0,0,0,0,0,0,0,0,0},{0,0,0,0,0,0,0,0,0},{0,0,0,0,0,0,0,0,0},{0,0,0,0,0,0,0,0,0},{0,0,0,0,0,0,0,0,0},{0,0,0,0,0,0,0,0,0},{0,0,0,0,0,0,0,0,0}}
]
13:19:12.277 [main] INFO  sudoku.model.SudokuBoard - Wartość 0 wstawiona nieprawidłowo
13:19:12.278 [main] INFO  sudoku.model.SudokuBoard - Bład w kwadracie 0
sudoku.model.SudokuBoard@49491770[
  size=9
  solver=sudoku.model.BacktrackingSudokuSolver@5bec3e0
  board={{7,5,6,3,2,8,4,9,1},{8,3,2,6,4,9,7,0,0},{0,0,0,0,0,0,0,0,0},{0,0,0,0,0,0,0,0,0},{0,0,0,0,0,0,0,0,0},{0,0,0,0,0,0,0,0,0},{0,0,0,0,0,0,0,0,0},{0,0,0,0,0,0,0,0,0},{0,0,0,0,0,0,0,0,0}}
]
13:19:12.278 [main] INFO  sudoku.model.SudokuBoard - Wartość 0 wstawiona nieprawidłowo
13:19:12.279 [main] INFO  sudoku.model.SudokuBoard - Bład w kwadracie 0
sudoku.model.SudokuBoard@49491770[
  size=9
  solver=sudoku.model.BacktrackingSudokuSolver@5bec3e0
  board={{7,5,6,3,2,8,4,9,1},{8,3,2,6,4,9,0,0,0},{0,0,0,0,0,0,0,0,0},{0,0,0,0,0,0,0,0,0},{0,0,0,0,0,0,0,0,0},{0,0,0,0,0,0,0,0,0},{0,0,0,0,0,0,0,0,0},{0,0,0,0,0,0,0,0,0},{0,0,0,0,0,0,0,0,0}}
]
13:19:12.279 [main] INFO  sudoku.model.SudokuBoard - Wartość 0 wstawiona nieprawidłowo
13:19:12.280 [main] INFO  sudoku.model.SudokuBoard - Bład w kwadracie 0
sudoku.model.SudokuBoard@49491770[
  size=9
  solver=sudoku.model.BacktrackingSudokuSolver@5bec3e0
  board={{7,5,6,3,2,8,4,9,1},{8,3,2,6,4,0,0,0,0},{0,0,0,0,0,0,0,0,0},{0,0,0,0,0,0,0,0,0},{0,0,0,0,0,0,0,0,0},{0,0,0,0,0,0,0,0,0},{0,0,0,0,0,0,0,0,0},{0,0,0,0,0,0,0,0,0},{0,0,0,0,0,0,0,0,0}}
]
13:19:12.280 [main] INFO  sudoku.model.SudokuBoard - Wartość 0 wstawiona nieprawidłowo
13:19:12.281 [main] INFO  sudoku.model.SudokuBoard - Bład w kwadracie 0
sudoku.model.SudokuBoard@49491770[
  size=9
  solver=sudoku.model.BacktrackingSudokuSolver@5bec3e0
  board={{7,5,6,3,2,8,4,9,1},{8,3,2,6,4,1,7,0,0},{0,0,0,0,0,0,0,0,0},{0,0,0,0,0,0,0,0,0},{0,0,0,0,0,0,0,0,0},{0,0,0,0,0,0,0,0,0},{0,0,0,0,0,0,0,0,0},{0,0,0,0,0,0,0,0,0},{0,0,0,0,0,0,0,0,0}}
]
13:19:12.281 [main] INFO  sudoku.model.SudokuBoard - Wartość 0 wstawiona nieprawidłowo
13:19:12.281 [main] INFO  sudoku.model.SudokuBoard - Bład w kwadracie 0
sudoku.model.SudokuBoard@49491770[
  size=9
  solver=sudoku.model.BacktrackingSudokuSolver@5bec3e0
  board={{7,5,6,3,2,8,4,9,1},{8,3,2,6,4,1,0,0,0},{0,0,0,0,0,0,0,0,0},{0,0,0,0,0,0,0,0,0},{0,0,0,0,0,0,0,0,0},{0,0,0,0,0,0,0,0,0},{0,0,0,0,0,0,0,0,0},{0,0,0,0,0,0,0,0,0},{0,0,0,0,0,0,0,0,0}}
]
13:19:12.282 [main] INFO  sudoku.model.SudokuBoard - Wartość 0 wstawiona nieprawidłowo
13:19:12.282 [main] INFO  sudoku.model.SudokuBoard - Bład w kwadracie 0
sudoku.model.SudokuBoard@49491770[
  size=9
  solver=sudoku.model.BacktrackingSudokuSolver@5bec3e0
  board={{7,5,6,3,2,8,4,9,1},{8,3,2,6,4,1,5,0,0},{0,0,0,0,0,0,0,0,0},{0,0,0,0,0,0,0,0,0},{0,0,0,0,0,0,0,0,0},{0,0,0,0,0,0,0,0,0},{0,0,0,0,0,0,0,0,0},{0,0,0,0,0,0,0,0,0},{0,0,0,0,0,0,0,0,0}}
]
13:19:12.283 [main] INFO  sudoku.model.SudokuBoard - Wartość 0 wstawiona nieprawidłowo
13:19:12.284 [main] INFO  sudoku.model.SudokuBoard - Bład w kwadracie 0
sudoku.model.SudokuBoard@49491770[
  size=9
  solver=sudoku.model.BacktrackingSudokuSolver@5bec3e0
  board={{7,5,6,3,2,8,4,9,1},{8,3,2,6,4,1,0,0,0},{0,0,0,0,0,0,0,0,0},{0,0,0,0,0,0,0,0,0},{0,0,0,0,0,0,0,0,0},{0,0,0,0,0,0,0,0,0},{0,0,0,0,0,0,0,0,0},{0,0,0,0,0,0,0,0,0},{0,0,0,0,0,0,0,0,0}}
]
13:19:12.284 [main] INFO  sudoku.model.SudokuBoard - Wartość 0 wstawiona nieprawidłowo
13:19:12.286 [main] INFO  sudoku.model.SudokuBoard - Bład w kwadracie 0
sudoku.model.SudokuBoard@49491770[
  size=9
  solver=sudoku.model.BacktrackingSudokuSolver@5bec3e0
  board={{7,5,6,3,2,8,4,9,1},{8,3,2,6,4,0,0,0,0},{0,0,0,0,0,0,0,0,0},{0,0,0,0,0,0,0,0,0},{0,0,0,0,0,0,0,0,0},{0,0,0,0,0,0,0,0,0},{0,0,0,0,0,0,0,0,0},{0,0,0,0,0,0,0,0,0},{0,0,0,0,0,0,0,0,0}}
]
13:19:12.287 [main] INFO  sudoku.model.SudokuBoard - Wartość 0 wstawiona nieprawidłowo
13:19:12.287 [main] INFO  sudoku.model.SudokuBoard - Bład w kwadracie 0
sudoku.model.SudokuBoard@49491770[
  size=9
  solver=sudoku.model.BacktrackingSudokuSolver@5bec3e0
  board={{7,5,6,3,2,8,4,9,1},{8,3,2,6,4,5,0,0,0},{0,0,0,0,0,0,0,0,0},{0,0,0,0,0,0,0,0,0},{0,0,0,0,0,0,0,0,0},{0,0,0,0,0,0,0,0,0},{0,0,0,0,0,0,0,0,0},{0,0,0,0,0,0,0,0,0},{0,0,0,0,0,0,0,0,0}}
]
13:19:12.288 [main] INFO  sudoku.model.SudokuBoard - Wartość 0 wstawiona nieprawidłowo
13:19:12.289 [main] INFO  sudoku.model.SudokuBoard - Bład w kwadracie 0
sudoku.model.SudokuBoard@49491770[
  size=9
  solver=sudoku.model.BacktrackingSudokuSolver@5bec3e0
  board={{7,5,6,3,2,8,4,9,1},{8,3,2,6,4,0,0,0,0},{0,0,0,0,0,0,0,0,0},{0,0,0,0,0,0,0,0,0},{0,0,0,0,0,0,0,0,0},{0,0,0,0,0,0,0,0,0},{0,0,0,0,0,0,0,0,0},{0,0,0,0,0,0,0,0,0},{0,0,0,0,0,0,0,0,0}}
]
13:19:12.290 [main] INFO  sudoku.model.SudokuBoard - Wartość 0 wstawiona nieprawidłowo
13:19:12.292 [main] INFO  sudoku.model.SudokuBoard - Bład w kwadracie 0
sudoku.model.SudokuBoard@49491770[
  size=9
  solver=sudoku.model.BacktrackingSudokuSolver@5bec3e0
  board={{7,5,6,3,2,8,4,9,1},{8,3,2,6,4,7,0,0,0},{0,0,0,0,0,0,0,0,0},{0,0,0,0,0,0,0,0,0},{0,0,0,0,0,0,0,0,0},{0,0,0,0,0,0,0,0,0},{0,0,0,0,0,0,0,0,0},{0,0,0,0,0,0,0,0,0},{0,0,0,0,0,0,0,0,0}}
]
13:19:12.292 [main] INFO  sudoku.model.SudokuBoard - Wartość 0 wstawiona nieprawidłowo
13:19:12.293 [main] INFO  sudoku.model.SudokuBoard - Bład w kwadracie 0
sudoku.model.SudokuBoard@49491770[
  size=9
  solver=sudoku.model.BacktrackingSudokuSolver@5bec3e0
  board={{7,5,6,3,2,8,4,9,1},{8,3,2,6,4,0,0,0,0},{0,0,0,0,0,0,0,0,0},{0,0,0,0,0,0,0,0,0},{0,0,0,0,0,0,0,0,0},{0,0,0,0,0,0,0,0,0},{0,0,0,0,0,0,0,0,0},{0,0,0,0,0,0,0,0,0},{0,0,0,0,0,0,0,0,0}}
]
13:19:12.293 [main] INFO  sudoku.model.SudokuBoard - Wartość 0 wstawiona nieprawidłowo
13:19:12.294 [main] INFO  sudoku.model.SudokuBoard - Bład w kwadracie 0
sudoku.model.SudokuBoard@49491770[
  size=9
  solver=sudoku.model.BacktrackingSudokuSolver@5bec3e0
  board={{7,5,6,3,2,8,4,9,1},{8,3,2,6,0,0,0,0,0},{0,0,0,0,0,0,0,0,0},{0,0,0,0,0,0,0,0,0},{0,0,0,0,0,0,0,0,0},{0,0,0,0,0,0,0,0,0},{0,0,0,0,0,0,0,0,0},{0,0,0,0,0,0,0,0,0},{0,0,0,0,0,0,0,0,0}}
]
13:19:12.295 [main] INFO  sudoku.model.SudokuBoard - Wartość 0 wstawiona nieprawidłowo
13:19:12.296 [main] INFO  sudoku.model.SudokuBoard - Bład w kwadracie 0
sudoku.model.SudokuBoard@49491770[
  size=9
  solver=sudoku.model.BacktrackingSudokuSolver@5bec3e0
  board={{7,5,6,3,2,8,4,9,1},{8,3,2,6,5,0,0,0,0},{0,0,0,0,0,0,0,0,0},{0,0,0,0,0,0,0,0,0},{0,0,0,0,0,0,0,0,0},{0,0,0,0,0,0,0,0,0},{0,0,0,0,0,0,0,0,0},{0,0,0,0,0,0,0,0,0},{0,0,0,0,0,0,0,0,0}}
]
13:19:12.296 [main] INFO  sudoku.model.SudokuBoard - Wartość 0 wstawiona nieprawidłowo
13:19:12.297 [main] INFO  sudoku.model.SudokuBoard - Bład w kwadracie 0
sudoku.model.SudokuBoard@49491770[
  size=9
  solver=sudoku.model.BacktrackingSudokuSolver@5bec3e0
  board={{7,5,6,3,2,8,4,9,1},{8,3,2,6,5,9,0,0,0},{0,0,0,0,0,0,0,0,0},{0,0,0,0,0,0,0,0,0},{0,0,0,0,0,0,0,0,0},{0,0,0,0,0,0,0,0,0},{0,0,0,0,0,0,0,0,0},{0,0,0,0,0,0,0,0,0},{0,0,0,0,0,0,0,0,0}}
]
13:19:12.297 [main] INFO  sudoku.model.SudokuBoard - Wartość 0 wstawiona nieprawidłowo
13:19:12.298 [main] INFO  sudoku.model.SudokuBoard - Bład w kwadracie 0
sudoku.model.SudokuBoard@49491770[
  size=9
  solver=sudoku.model.BacktrackingSudokuSolver@5bec3e0
  board={{7,5,6,3,2,8,4,9,1},{8,3,2,6,5,0,0,0,0},{0,0,0,0,0,0,0,0,0},{0,0,0,0,0,0,0,0,0},{0,0,0,0,0,0,0,0,0},{0,0,0,0,0,0,0,0,0},{0,0,0,0,0,0,0,0,0},{0,0,0,0,0,0,0,0,0},{0,0,0,0,0,0,0,0,0}}
]
13:19:12.298 [main] INFO  sudoku.model.SudokuBoard - Wartość 0 wstawiona nieprawidłowo
13:19:12.299 [main] INFO  sudoku.model.SudokuBoard - Bład w kwadracie 0
sudoku.model.SudokuBoard@49491770[
  size=9
  solver=sudoku.model.BacktrackingSudokuSolver@5bec3e0
  board={{7,5,6,3,2,8,4,9,1},{8,3,2,6,5,1,0,0,0},{0,0,0,0,0,0,0,0,0},{0,0,0,0,0,0,0,0,0},{0,0,0,0,0,0,0,0,0},{0,0,0,0,0,0,0,0,0},{0,0,0,0,0,0,0,0,0},{0,0,0,0,0,0,0,0,0},{0,0,0,0,0,0,0,0,0}}
]
13:19:12.300 [main] INFO  sudoku.model.SudokuBoard - Wartość 0 wstawiona nieprawidłowo
13:19:12.301 [main] INFO  sudoku.model.SudokuBoard - Bład w kwadracie 0
sudoku.model.SudokuBoard@49491770[
  size=9
  solver=sudoku.model.BacktrackingSudokuSolver@5bec3e0
  board={{7,5,6,3,2,8,4,9,1},{8,3,2,6,5,0,0,0,0},{0,0,0,0,0,0,0,0,0},{0,0,0,0,0,0,0,0,0},{0,0,0,0,0,0,0,0,0},{0,0,0,0,0,0,0,0,0},{0,0,0,0,0,0,0,0,0},{0,0,0,0,0,0,0,0,0},{0,0,0,0,0,0,0,0,0}}
]
13:19:12.301 [main] INFO  sudoku.model.SudokuBoard - Wartość 0 wstawiona nieprawidłowo
13:19:12.302 [main] INFO  sudoku.model.SudokuBoard - Bład w kwadracie 0
sudoku.model.SudokuBoard@49491770[
  size=9
  solver=sudoku.model.BacktrackingSudokuSolver@5bec3e0
  board={{7,5,6,3,2,8,4,9,1},{8,3,2,6,5,4,0,0,0},{0,0,0,0,0,0,0,0,0},{0,0,0,0,0,0,0,0,0},{0,0,0,0,0,0,0,0,0},{0,0,0,0,0,0,0,0,0},{0,0,0,0,0,0,0,0,0},{0,0,0,0,0,0,0,0,0},{0,0,0,0,0,0,0,0,0}}
]
13:19:12.302 [main] INFO  sudoku.model.SudokuBoard - Wartość 0 wstawiona nieprawidłowo
13:19:12.303 [main] INFO  sudoku.model.SudokuBoard - Bład w kwadracie 0
sudoku.model.SudokuBoard@49491770[
  size=9
  solver=sudoku.model.BacktrackingSudokuSolver@5bec3e0
  board={{7,5,6,3,2,8,4,9,1},{8,3,2,6,5,0,0,0,0},{0,0,0,0,0,0,0,0,0},{0,0,0,0,0,0,0,0,0},{0,0,0,0,0,0,0,0,0},{0,0,0,0,0,0,0,0,0},{0,0,0,0,0,0,0,0,0},{0,0,0,0,0,0,0,0,0},{0,0,0,0,0,0,0,0,0}}
]
13:19:12.303 [main] INFO  sudoku.model.SudokuBoard - Wartość 0 wstawiona nieprawidłowo
13:19:12.304 [main] INFO  sudoku.model.SudokuBoard - Bład w kwadracie 0
sudoku.model.SudokuBoard@49491770[
  size=9
  solver=sudoku.model.BacktrackingSudokuSolver@5bec3e0
  board={{7,5,6,3,2,8,4,9,1},{8,3,2,6,0,0,0,0,0},{0,0,0,0,0,0,0,0,0},{0,0,0,0,0,0,0,0,0},{0,0,0,0,0,0,0,0,0},{0,0,0,0,0,0,0,0,0},{0,0,0,0,0,0,0,0,0},{0,0,0,0,0,0,0,0,0},{0,0,0,0,0,0,0,0,0}}
]
13:19:12.304 [main] INFO  sudoku.model.SudokuBoard - Wartość 0 wstawiona nieprawidłowo
13:19:12.304 [main] INFO  sudoku.model.SudokuBoard - Bład w kwadracie 0
sudoku.model.SudokuBoard@49491770[
  size=9
  solver=sudoku.model.BacktrackingSudokuSolver@5bec3e0
  board={{7,5,6,3,2,8,4,9,1},{8,3,2,6,7,4,0,0,0},{0,0,0,0,0,0,0,0,0},{0,0,0,0,0,0,0,0,0},{0,0,0,0,0,0,0,0,0},{0,0,0,0,0,0,0,0,0},{0,0,0,0,0,0,0,0,0},{0,0,0,0,0,0,0,0,0},{0,0,0,0,0,0,0,0,0}}
]
13:19:12.305 [main] INFO  sudoku.model.SudokuBoard - Wartość 0 wstawiona nieprawidłowo
13:19:12.305 [main] INFO  sudoku.model.SudokuBoard - Bład w kwadracie 0
sudoku.model.SudokuBoard@49491770[
  size=9
  solver=sudoku.model.BacktrackingSudokuSolver@5bec3e0
  board={{7,5,6,3,2,8,4,9,1},{8,3,2,6,7,0,0,0,0},{0,0,0,0,0,0,0,0,0},{0,0,0,0,0,0,0,0,0},{0,0,0,0,0,0,0,0,0},{0,0,0,0,0,0,0,0,0},{0,0,0,0,0,0,0,0,0},{0,0,0,0,0,0,0,0,0},{0,0,0,0,0,0,0,0,0}}
]
13:19:12.306 [main] INFO  sudoku.model.SudokuBoard - Wartość 0 wstawiona nieprawidłowo
13:19:12.306 [main] INFO  sudoku.model.SudokuBoard - Bład w kwadracie 0
sudoku.model.SudokuBoard@49491770[
  size=9
  solver=sudoku.model.BacktrackingSudokuSolver@5bec3e0
  board={{7,5,6,3,2,8,4,9,1},{8,3,2,6,7,0,0,0,0},{0,0,0,0,0,0,0,0,0},{0,0,0,0,0,0,0,0,0},{0,0,0,0,0,0,0,0,0},{0,0,0,0,0,0,0,0,0},{0,0,0,0,0,0,0,0,0},{0,0,0,0,0,0,0,0,0},{0,0,0,0,0,0,0,0,0}}
]
13:19:12.307 [main] INFO  sudoku.model.SudokuBoard - Wartość 0 wstawiona nieprawidłowo
13:19:12.309 [main] INFO  sudoku.model.SudokuBoard - Bład w kwadracie 0
sudoku.model.SudokuBoard@49491770[
  size=9
  solver=sudoku.model.BacktrackingSudokuSolver@5bec3e0
  board={{7,5,6,3,2,8,4,9,1},{8,3,2,6,7,9,0,0,0},{0,0,0,0,0,0,0,0,0},{0,0,0,0,0,0,0,0,0},{0,0,0,0,0,0,0,0,0},{0,0,0,0,0,0,0,0,0},{0,0,0,0,0,0,0,0,0},{0,0,0,0,0,0,0,0,0},{0,0,0,0,0,0,0,0,0}}
]
13:19:12.311 [main] INFO  sudoku.model.SudokuBoard - Wartość 0 wstawiona nieprawidłowo
13:19:12.312 [main] INFO  sudoku.model.SudokuBoard - Bład w kwadracie 0
sudoku.model.SudokuBoard@49491770[
  size=9
  solver=sudoku.model.BacktrackingSudokuSolver@5bec3e0
  board={{7,5,6,3,2,8,4,9,1},{8,3,2,6,7,0,0,0,0},{0,0,0,0,0,0,0,0,0},{0,0,0,0,0,0,0,0,0},{0,0,0,0,0,0,0,0,0},{0,0,0,0,0,0,0,0,0},{0,0,0,0,0,0,0,0,0},{0,0,0,0,0,0,0,0,0},{0,0,0,0,0,0,0,0,0}}
]
13:19:12.313 [main] INFO  sudoku.model.SudokuBoard - Wartość 0 wstawiona nieprawidłowo
13:19:12.316 [main] INFO  sudoku.model.SudokuBoard - Bład w kwadracie 0
sudoku.model.SudokuBoard@49491770[
  size=9
  solver=sudoku.model.BacktrackingSudokuSolver@5bec3e0
  board={{7,5,6,3,2,8,4,9,1},{8,3,2,6,7,1,0,0,0},{0,0,0,0,0,0,0,0,0},{0,0,0,0,0,0,0,0,0},{0,0,0,0,0,0,0,0,0},{0,0,0,0,0,0,0,0,0},{0,0,0,0,0,0,0,0,0},{0,0,0,0,0,0,0,0,0},{0,0,0,0,0,0,0,0,0}}
]
13:19:12.316 [main] INFO  sudoku.model.SudokuBoard - Wartość 0 wstawiona nieprawidłowo
13:19:12.317 [main] INFO  sudoku.model.SudokuBoard - Bład w kwadracie 0
sudoku.model.SudokuBoard@49491770[
  size=9
  solver=sudoku.model.BacktrackingSudokuSolver@5bec3e0
  board={{7,5,6,3,2,8,4,9,1},{8,3,2,6,7,0,0,0,0},{0,0,0,0,0,0,0,0,0},{0,0,0,0,0,0,0,0,0},{0,0,0,0,0,0,0,0,0},{0,0,0,0,0,0,0,0,0},{0,0,0,0,0,0,0,0,0},{0,0,0,0,0,0,0,0,0},{0,0,0,0,0,0,0,0,0}}
]
13:19:12.318 [main] INFO  sudoku.model.SudokuBoard - Wartość 0 wstawiona nieprawidłowo
13:19:12.319 [main] INFO  sudoku.model.SudokuBoard - Bład w kwadracie 0
sudoku.model.SudokuBoard@49491770[
  size=9
  solver=sudoku.model.BacktrackingSudokuSolver@5bec3e0
  board={{7,5,6,3,2,8,4,9,1},{8,3,2,6,0,0,0,0,0},{0,0,0,0,0,0,0,0,0},{0,0,0,0,0,0,0,0,0},{0,0,0,0,0,0,0,0,0},{0,0,0,0,0,0,0,0,0},{0,0,0,0,0,0,0,0,0},{0,0,0,0,0,0,0,0,0},{0,0,0,0,0,0,0,0,0}}
]
13:19:12.319 [main] INFO  sudoku.model.SudokuBoard - Wartość 0 wstawiona nieprawidłowo
13:19:12.320 [main] INFO  sudoku.model.SudokuBoard - Bład w kwadracie 0
sudoku.model.SudokuBoard@49491770[
  size=9
  solver=sudoku.model.BacktrackingSudokuSolver@5bec3e0
  board={{7,5,6,3,2,8,4,9,1},{8,3,2,6,9,1,5,0,0},{0,0,0,0,0,0,0,0,0},{0,0,0,0,0,0,0,0,0},{0,0,0,0,0,0,0,0,0},{0,0,0,0,0,0,0,0,0},{0,0,0,0,0,0,0,0,0},{0,0,0,0,0,0,0,0,0},{0,0,0,0,0,0,0,0,0}}
]
13:19:12.320 [main] INFO  sudoku.model.SudokuBoard - Wartość 0 wstawiona nieprawidłowo
13:19:12.321 [main] INFO  sudoku.model.SudokuBoard - Bład w kwadracie 0
sudoku.model.SudokuBoard@49491770[
  size=9
  solver=sudoku.model.BacktrackingSudokuSolver@5bec3e0
  board={{7,5,6,3,2,8,4,9,1},{8,3,2,6,9,1,0,0,0},{0,0,0,0,0,0,0,0,0},{0,0,0,0,0,0,0,0,0},{0,0,0,0,0,0,0,0,0},{0,0,0,0,0,0,0,0,0},{0,0,0,0,0,0,0,0,0},{0,0,0,0,0,0,0,0,0},{0,0,0,0,0,0,0,0,0}}
]
13:19:12.321 [main] INFO  sudoku.model.SudokuBoard - Wartość 0 wstawiona nieprawidłowo
13:19:12.322 [main] INFO  sudoku.model.SudokuBoard - Bład w kwadracie 0
sudoku.model.SudokuBoard@49491770[
  size=9
  solver=sudoku.model.BacktrackingSudokuSolver@5bec3e0
  board={{7,5,6,3,2,8,4,9,1},{8,3,2,6,9,1,7,0,0},{0,0,0,0,0,0,0,0,0},{0,0,0,0,0,0,0,0,0},{0,0,0,0,0,0,0,0,0},{0,0,0,0,0,0,0,0,0},{0,0,0,0,0,0,0,0,0},{0,0,0,0,0,0,0,0,0},{0,0,0,0,0,0,0,0,0}}
]
13:19:12.322 [main] INFO  sudoku.model.SudokuBoard - Wartość 0 wstawiona nieprawidłowo
13:19:12.324 [main] INFO  sudoku.model.SudokuBoard - Bład w kwadracie 0
sudoku.model.SudokuBoard@49491770[
  size=9
  solver=sudoku.model.BacktrackingSudokuSolver@5bec3e0
  board={{7,5,6,3,2,8,4,9,1},{8,3,2,6,9,1,0,0,0},{0,0,0,0,0,0,0,0,0},{0,0,0,0,0,0,0,0,0},{0,0,0,0,0,0,0,0,0},{0,0,0,0,0,0,0,0,0},{0,0,0,0,0,0,0,0,0},{0,0,0,0,0,0,0,0,0},{0,0,0,0,0,0,0,0,0}}
]
13:19:12.324 [main] INFO  sudoku.model.SudokuBoard - Wartość 0 wstawiona nieprawidłowo
13:19:12.325 [main] INFO  sudoku.model.SudokuBoard - Bład w kwadracie 0
sudoku.model.SudokuBoard@49491770[
  size=9
  solver=sudoku.model.BacktrackingSudokuSolver@5bec3e0
  board={{7,5,6,3,2,8,4,9,1},{8,3,2,6,9,0,0,0,0},{0,0,0,0,0,0,0,0,0},{0,0,0,0,0,0,0,0,0},{0,0,0,0,0,0,0,0,0},{0,0,0,0,0,0,0,0,0},{0,0,0,0,0,0,0,0,0},{0,0,0,0,0,0,0,0,0},{0,0,0,0,0,0,0,0,0}}
]
13:19:12.325 [main] INFO  sudoku.model.SudokuBoard - Wartość 0 wstawiona nieprawidłowo
13:19:12.326 [main] INFO  sudoku.model.SudokuBoard - Bład w kwadracie 0
sudoku.model.SudokuBoard@49491770[
  size=9
  solver=sudoku.model.BacktrackingSudokuSolver@5bec3e0
  board={{7,5,6,3,2,8,4,9,1},{8,3,2,6,9,4,5,0,0},{0,0,0,0,0,0,0,0,0},{0,0,0,0,0,0,0,0,0},{0,0,0,0,0,0,0,0,0},{0,0,0,0,0,0,0,0,0},{0,0,0,0,0,0,0,0,0},{0,0,0,0,0,0,0,0,0},{0,0,0,0,0,0,0,0,0}}
]
13:19:12.326 [main] INFO  sudoku.model.SudokuBoard - Wartość 0 wstawiona nieprawidłowo
13:19:12.328 [main] INFO  sudoku.model.SudokuBoard - Bład w kwadracie 0
sudoku.model.SudokuBoard@49491770[
  size=9
  solver=sudoku.model.BacktrackingSudokuSolver@5bec3e0
  board={{7,5,6,3,2,8,4,9,1},{8,3,2,6,9,4,0,0,0},{0,0,0,0,0,0,0,0,0},{0,0,0,0,0,0,0,0,0},{0,0,0,0,0,0,0,0,0},{0,0,0,0,0,0,0,0,0},{0,0,0,0,0,0,0,0,0},{0,0,0,0,0,0,0,0,0},{0,0,0,0,0,0,0,0,0}}
]
13:19:12.328 [main] INFO  sudoku.model.SudokuBoard - Wartość 0 wstawiona nieprawidłowo
13:19:12.329 [main] INFO  sudoku.model.SudokuBoard - Bład w kwadracie 0
sudoku.model.SudokuBoard@49491770[
  size=9
  solver=sudoku.model.BacktrackingSudokuSolver@5bec3e0
  board={{7,5,6,3,2,8,4,9,1},{8,3,2,6,9,4,7,0,0},{0,0,0,0,0,0,0,0,0},{0,0,0,0,0,0,0,0,0},{0,0,0,0,0,0,0,0,0},{0,0,0,0,0,0,0,0,0},{0,0,0,0,0,0,0,0,0},{0,0,0,0,0,0,0,0,0},{0,0,0,0,0,0,0,0,0}}
]
13:19:12.329 [main] INFO  sudoku.model.SudokuBoard - Wartość 0 wstawiona nieprawidłowo
13:19:12.330 [main] INFO  sudoku.model.SudokuBoard - Bład w kwadracie 0
sudoku.model.SudokuBoard@49491770[
  size=9
  solver=sudoku.model.BacktrackingSudokuSolver@5bec3e0
  board={{7,5,6,3,2,8,4,9,1},{8,3,2,6,9,4,0,0,0},{0,0,0,0,0,0,0,0,0},{0,0,0,0,0,0,0,0,0},{0,0,0,0,0,0,0,0,0},{0,0,0,0,0,0,0,0,0},{0,0,0,0,0,0,0,0,0},{0,0,0,0,0,0,0,0,0},{0,0,0,0,0,0,0,0,0}}
]
13:19:12.330 [main] INFO  sudoku.model.SudokuBoard - Wartość 0 wstawiona nieprawidłowo
13:19:12.331 [main] INFO  sudoku.model.SudokuBoard - Bład w kwadracie 0
sudoku.model.SudokuBoard@49491770[
  size=9
  solver=sudoku.model.BacktrackingSudokuSolver@5bec3e0
  board={{7,5,6,3,2,8,4,9,1},{8,3,2,6,9,0,0,0,0},{0,0,0,0,0,0,0,0,0},{0,0,0,0,0,0,0,0,0},{0,0,0,0,0,0,0,0,0},{0,0,0,0,0,0,0,0,0},{0,0,0,0,0,0,0,0,0},{0,0,0,0,0,0,0,0,0},{0,0,0,0,0,0,0,0,0}}
]
13:19:12.332 [main] INFO  sudoku.model.SudokuBoard - Wartość 0 wstawiona nieprawidłowo
13:19:12.333 [main] INFO  sudoku.model.SudokuBoard - Bład w kwadracie 0
sudoku.model.SudokuBoard@49491770[
  size=9
  solver=sudoku.model.BacktrackingSudokuSolver@5bec3e0
  board={{7,5,6,3,2,8,4,9,1},{8,3,2,6,9,5,0,0,0},{0,0,0,0,0,0,0,0,0},{0,0,0,0,0,0,0,0,0},{0,0,0,0,0,0,0,0,0},{0,0,0,0,0,0,0,0,0},{0,0,0,0,0,0,0,0,0},{0,0,0,0,0,0,0,0,0},{0,0,0,0,0,0,0,0,0}}
]
13:19:12.334 [main] INFO  sudoku.model.SudokuBoard - Wartość 0 wstawiona nieprawidłowo
13:19:12.334 [main] INFO  sudoku.model.SudokuBoard - Bład w kwadracie 0
sudoku.model.SudokuBoard@49491770[
  size=9
  solver=sudoku.model.BacktrackingSudokuSolver@5bec3e0
  board={{7,5,6,3,2,8,4,9,1},{8,3,2,6,9,0,0,0,0},{0,0,0,0,0,0,0,0,0},{0,0,0,0,0,0,0,0,0},{0,0,0,0,0,0,0,0,0},{0,0,0,0,0,0,0,0,0},{0,0,0,0,0,0,0,0,0},{0,0,0,0,0,0,0,0,0},{0,0,0,0,0,0,0,0,0}}
]
13:19:12.334 [main] INFO  sudoku.model.SudokuBoard - Wartość 0 wstawiona nieprawidłowo
13:19:12.338 [main] INFO  sudoku.model.SudokuBoard - Bład w kwadracie 0
sudoku.model.SudokuBoard@49491770[
  size=9
  solver=sudoku.model.BacktrackingSudokuSolver@5bec3e0
  board={{7,5,6,3,2,8,4,9,1},{8,3,2,6,9,7,0,0,0},{0,0,0,0,0,0,0,0,0},{0,0,0,0,0,0,0,0,0},{0,0,0,0,0,0,0,0,0},{0,0,0,0,0,0,0,0,0},{0,0,0,0,0,0,0,0,0},{0,0,0,0,0,0,0,0,0},{0,0,0,0,0,0,0,0,0}}
]
13:19:12.338 [main] INFO  sudoku.model.SudokuBoard - Wartość 0 wstawiona nieprawidłowo
13:19:12.339 [main] INFO  sudoku.model.SudokuBoard - Bład w kwadracie 0
sudoku.model.SudokuBoard@49491770[
  size=9
  solver=sudoku.model.BacktrackingSudokuSolver@5bec3e0
  board={{7,5,6,3,2,8,4,9,1},{8,3,2,6,9,0,0,0,0},{0,0,0,0,0,0,0,0,0},{0,0,0,0,0,0,0,0,0},{0,0,0,0,0,0,0,0,0},{0,0,0,0,0,0,0,0,0},{0,0,0,0,0,0,0,0,0},{0,0,0,0,0,0,0,0,0},{0,0,0,0,0,0,0,0,0}}
]
13:19:12.339 [main] INFO  sudoku.model.SudokuBoard - Wartość 0 wstawiona nieprawidłowo
13:19:12.341 [main] INFO  sudoku.model.SudokuBoard - Bład w kwadracie 0
sudoku.model.SudokuBoard@49491770[
  size=9
  solver=sudoku.model.BacktrackingSudokuSolver@5bec3e0
  board={{7,5,6,3,2,8,4,9,1},{8,3,2,6,0,0,0,0,0},{0,0,0,0,0,0,0,0,0},{0,0,0,0,0,0,0,0,0},{0,0,0,0,0,0,0,0,0},{0,0,0,0,0,0,0,0,0},{0,0,0,0,0,0,0,0,0},{0,0,0,0,0,0,0,0,0},{0,0,0,0,0,0,0,0,0}}
]
13:19:12.343 [main] INFO  sudoku.model.SudokuBoard - Wartość 0 wstawiona nieprawidłowo
13:19:12.344 [main] INFO  sudoku.model.SudokuBoard - Bład w kwadracie 0
sudoku.model.SudokuBoard@49491770[
  size=9
  solver=sudoku.model.BacktrackingSudokuSolver@5bec3e0
  board={{7,5,6,3,2,8,4,9,1},{8,3,2,6,1,7,0,0,0},{0,0,0,0,0,0,0,0,0},{0,0,0,0,0,0,0,0,0},{0,0,0,0,0,0,0,0,0},{0,0,0,0,0,0,0,0,0},{0,0,0,0,0,0,0,0,0},{0,0,0,0,0,0,0,0,0},{0,0,0,0,0,0,0,0,0}}
]
13:19:12.345 [main] INFO  sudoku.model.SudokuBoard - Wartość 0 wstawiona nieprawidłowo
13:19:12.346 [main] INFO  sudoku.model.SudokuBoard - Bład w kwadracie 0
sudoku.model.SudokuBoard@49491770[
  size=9
  solver=sudoku.model.BacktrackingSudokuSolver@5bec3e0
  board={{7,5,6,3,2,8,4,9,1},{8,3,2,6,1,0,0,0,0},{0,0,0,0,0,0,0,0,0},{0,0,0,0,0,0,0,0,0},{0,0,0,0,0,0,0,0,0},{0,0,0,0,0,0,0,0,0},{0,0,0,0,0,0,0,0,0},{0,0,0,0,0,0,0,0,0},{0,0,0,0,0,0,0,0,0}}
]
13:19:12.346 [main] INFO  sudoku.model.SudokuBoard - Wartość 0 wstawiona nieprawidłowo
13:19:12.347 [main] INFO  sudoku.model.SudokuBoard - Bład w kwadracie 0
sudoku.model.SudokuBoard@49491770[
  size=9
  solver=sudoku.model.BacktrackingSudokuSolver@5bec3e0
  board={{7,5,6,3,2,8,4,9,1},{8,3,2,6,1,9,5,0,0},{0,0,0,0,0,0,0,0,0},{0,0,0,0,0,0,0,0,0},{0,0,0,0,0,0,0,0,0},{0,0,0,0,0,0,0,0,0},{0,0,0,0,0,0,0,0,0},{0,0,0,0,0,0,0,0,0},{0,0,0,0,0,0,0,0,0}}
]
13:19:12.348 [main] INFO  sudoku.model.SudokuBoard - Wartość 0 wstawiona nieprawidłowo
13:19:12.349 [main] INFO  sudoku.model.SudokuBoard - Bład w kwadracie 0
sudoku.model.SudokuBoard@49491770[
  size=9
  solver=sudoku.model.BacktrackingSudokuSolver@5bec3e0
  board={{7,5,6,3,2,8,4,9,1},{8,3,2,6,1,9,0,0,0},{0,0,0,0,0,0,0,0,0},{0,0,0,0,0,0,0,0,0},{0,0,0,0,0,0,0,0,0},{0,0,0,0,0,0,0,0,0},{0,0,0,0,0,0,0,0,0},{0,0,0,0,0,0,0,0,0},{0,0,0,0,0,0,0,0,0}}
]
13:19:12.349 [main] INFO  sudoku.model.SudokuBoard - Wartość 0 wstawiona nieprawidłowo
13:19:12.350 [main] INFO  sudoku.model.SudokuBoard - Bład w kwadracie 0
sudoku.model.SudokuBoard@49491770[
  size=9
  solver=sudoku.model.BacktrackingSudokuSolver@5bec3e0
  board={{7,5,6,3,2,8,4,9,1},{8,3,2,6,1,9,7,0,0},{0,0,0,0,0,0,0,0,0},{0,0,0,0,0,0,0,0,0},{0,0,0,0,0,0,0,0,0},{0,0,0,0,0,0,0,0,0},{0,0,0,0,0,0,0,0,0},{0,0,0,0,0,0,0,0,0},{0,0,0,0,0,0,0,0,0}}
]
13:19:12.350 [main] INFO  sudoku.model.SudokuBoard - Wartość 0 wstawiona nieprawidłowo
13:19:12.351 [main] INFO  sudoku.model.SudokuBoard - Bład w kwadracie 0
sudoku.model.SudokuBoard@49491770[
  size=9
  solver=sudoku.model.BacktrackingSudokuSolver@5bec3e0
  board={{7,5,6,3,2,8,4,9,1},{8,3,2,6,1,9,0,0,0},{0,0,0,0,0,0,0,0,0},{0,0,0,0,0,0,0,0,0},{0,0,0,0,0,0,0,0,0},{0,0,0,0,0,0,0,0,0},{0,0,0,0,0,0,0,0,0},{0,0,0,0,0,0,0,0,0},{0,0,0,0,0,0,0,0,0}}
]
13:19:12.351 [main] INFO  sudoku.model.SudokuBoard - Wartość 0 wstawiona nieprawidłowo
13:19:12.352 [main] INFO  sudoku.model.SudokuBoard - Bład w kwadracie 0
sudoku.model.SudokuBoard@49491770[
  size=9
  solver=sudoku.model.BacktrackingSudokuSolver@5bec3e0
  board={{7,5,6,3,2,8,4,9,1},{8,3,2,6,1,0,0,0,0},{0,0,0,0,0,0,0,0,0},{0,0,0,0,0,0,0,0,0},{0,0,0,0,0,0,0,0,0},{0,0,0,0,0,0,0,0,0},{0,0,0,0,0,0,0,0,0},{0,0,0,0,0,0,0,0,0},{0,0,0,0,0,0,0,0,0}}
]
13:19:12.352 [main] INFO  sudoku.model.SudokuBoard - Wartość 0 wstawiona nieprawidłowo
13:19:12.353 [main] INFO  sudoku.model.SudokuBoard - Bład w kwadracie 0
sudoku.model.SudokuBoard@49491770[
  size=9
  solver=sudoku.model.BacktrackingSudokuSolver@5bec3e0
  board={{7,5,6,3,2,8,4,9,1},{8,3,2,6,1,4,5,0,0},{0,0,0,0,0,0,0,0,0},{0,0,0,0,0,0,0,0,0},{0,0,0,0,0,0,0,0,0},{0,0,0,0,0,0,0,0,0},{0,0,0,0,0,0,0,0,0},{0,0,0,0,0,0,0,0,0},{0,0,0,0,0,0,0,0,0}}
]
13:19:12.357 [main] INFO  sudoku.model.SudokuBoard - Wartość 0 wstawiona nieprawidłowo
13:19:12.360 [main] INFO  sudoku.model.SudokuBoard - Bład w kwadracie 0
sudoku.model.SudokuBoard@49491770[
  size=9
  solver=sudoku.model.BacktrackingSudokuSolver@5bec3e0
  board={{7,5,6,3,2,8,4,9,1},{8,3,2,6,1,4,0,0,0},{0,0,0,0,0,0,0,0,0},{0,0,0,0,0,0,0,0,0},{0,0,0,0,0,0,0,0,0},{0,0,0,0,0,0,0,0,0},{0,0,0,0,0,0,0,0,0},{0,0,0,0,0,0,0,0,0},{0,0,0,0,0,0,0,0,0}}
]
13:19:12.360 [main] INFO  sudoku.model.SudokuBoard - Wartość 0 wstawiona nieprawidłowo
13:19:12.363 [main] INFO  sudoku.model.SudokuBoard - Bład w kwadracie 0
sudoku.model.SudokuBoard@49491770[
  size=9
  solver=sudoku.model.BacktrackingSudokuSolver@5bec3e0
  board={{7,5,6,3,2,8,4,9,1},{8,3,2,6,1,4,7,0,0},{0,0,0,0,0,0,0,0,0},{0,0,0,0,0,0,0,0,0},{0,0,0,0,0,0,0,0,0},{0,0,0,0,0,0,0,0,0},{0,0,0,0,0,0,0,0,0},{0,0,0,0,0,0,0,0,0},{0,0,0,0,0,0,0,0,0}}
]
13:19:12.363 [main] INFO  sudoku.model.SudokuBoard - Wartość 0 wstawiona nieprawidłowo
13:19:12.364 [main] INFO  sudoku.model.SudokuBoard - Bład w kwadracie 0
sudoku.model.SudokuBoard@49491770[
  size=9
  solver=sudoku.model.BacktrackingSudokuSolver@5bec3e0
  board={{7,5,6,3,2,8,4,9,1},{8,3,2,6,1,4,0,0,0},{0,0,0,0,0,0,0,0,0},{0,0,0,0,0,0,0,0,0},{0,0,0,0,0,0,0,0,0},{0,0,0,0,0,0,0,0,0},{0,0,0,0,0,0,0,0,0},{0,0,0,0,0,0,0,0,0},{0,0,0,0,0,0,0,0,0}}
]
13:19:12.365 [main] INFO  sudoku.model.SudokuBoard - Wartość 0 wstawiona nieprawidłowo
13:19:12.366 [main] INFO  sudoku.model.SudokuBoard - Bład w kwadracie 0
sudoku.model.SudokuBoard@49491770[
  size=9
  solver=sudoku.model.BacktrackingSudokuSolver@5bec3e0
  board={{7,5,6,3,2,8,4,9,1},{8,3,2,6,1,0,0,0,0},{0,0,0,0,0,0,0,0,0},{0,0,0,0,0,0,0,0,0},{0,0,0,0,0,0,0,0,0},{0,0,0,0,0,0,0,0,0},{0,0,0,0,0,0,0,0,0},{0,0,0,0,0,0,0,0,0},{0,0,0,0,0,0,0,0,0}}
]
13:19:12.367 [main] INFO  sudoku.model.SudokuBoard - Wartość 0 wstawiona nieprawidłowo
13:19:12.368 [main] INFO  sudoku.model.SudokuBoard - Bład w kwadracie 0
sudoku.model.SudokuBoard@49491770[
  size=9
  solver=sudoku.model.BacktrackingSudokuSolver@5bec3e0
  board={{7,5,6,3,2,8,4,9,1},{8,3,2,6,1,5,0,0,0},{0,0,0,0,0,0,0,0,0},{0,0,0,0,0,0,0,0,0},{0,0,0,0,0,0,0,0,0},{0,0,0,0,0,0,0,0,0},{0,0,0,0,0,0,0,0,0},{0,0,0,0,0,0,0,0,0},{0,0,0,0,0,0,0,0,0}}
]
13:19:12.368 [main] INFO  sudoku.model.SudokuBoard - Wartość 0 wstawiona nieprawidłowo
13:19:12.369 [main] INFO  sudoku.model.SudokuBoard - Bład w kwadracie 0
sudoku.model.SudokuBoard@49491770[
  size=9
  solver=sudoku.model.BacktrackingSudokuSolver@5bec3e0
  board={{7,5,6,3,2,8,4,9,1},{8,3,2,6,1,0,0,0,0},{0,0,0,0,0,0,0,0,0},{0,0,0,0,0,0,0,0,0},{0,0,0,0,0,0,0,0,0},{0,0,0,0,0,0,0,0,0},{0,0,0,0,0,0,0,0,0},{0,0,0,0,0,0,0,0,0},{0,0,0,0,0,0,0,0,0}}
]
13:19:12.369 [main] INFO  sudoku.model.SudokuBoard - Wartość 0 wstawiona nieprawidłowo
13:19:12.370 [main] INFO  sudoku.model.SudokuBoard - Bład w kwadracie 0
sudoku.model.SudokuBoard@49491770[
  size=9
  solver=sudoku.model.BacktrackingSudokuSolver@5bec3e0
  board={{7,5,6,3,2,8,4,9,1},{8,3,2,6,0,0,0,0,0},{0,0,0,0,0,0,0,0,0},{0,0,0,0,0,0,0,0,0},{0,0,0,0,0,0,0,0,0},{0,0,0,0,0,0,0,0,0},{0,0,0,0,0,0,0,0,0},{0,0,0,0,0,0,0,0,0},{0,0,0,0,0,0,0,0,0}}
]
13:19:12.371 [main] INFO  sudoku.model.SudokuBoard - Wartość 0 wstawiona nieprawidłowo
13:19:12.371 [main] INFO  sudoku.model.SudokuBoard - Bład w kwadracie 0
sudoku.model.SudokuBoard@49491770[
  size=9
  solver=sudoku.model.BacktrackingSudokuSolver@5bec3e0
  board={{7,5,6,3,2,8,4,9,1},{8,3,2,0,0,0,0,0,0},{0,0,0,0,0,0,0,0,0},{0,0,0,0,0,0,0,0,0},{0,0,0,0,0,0,0,0,0},{0,0,0,0,0,0,0,0,0},{0,0,0,0,0,0,0,0,0},{0,0,0,0,0,0,0,0,0},{0,0,0,0,0,0,0,0,0}}
]
13:19:12.371 [main] INFO  sudoku.model.SudokuBoard - Wartość 0 wstawiona nieprawidłowo
13:19:12.372 [main] INFO  sudoku.model.SudokuBoard - Bład w kwadracie 0
sudoku.model.SudokuBoard@49491770[
  size=9
  solver=sudoku.model.BacktrackingSudokuSolver@5bec3e0
  board={{7,5,6,3,2,8,4,9,1},{8,3,2,7,9,6,0,0,0},{0,0,0,0,0,0,0,0,0},{0,0,0,0,0,0,0,0,0},{0,0,0,0,0,0,0,0,0},{0,0,0,0,0,0,0,0,0},{0,0,0,0,0,0,0,0,0},{0,0,0,0,0,0,0,0,0},{0,0,0,0,0,0,0,0,0}}
]
13:19:12.372 [main] INFO  sudoku.model.SudokuBoard - Wartość 0 wstawiona nieprawidłowo
13:19:12.373 [main] INFO  sudoku.model.SudokuBoard - Bład w kwadracie 0
sudoku.model.SudokuBoard@49491770[
  size=9
  solver=sudoku.model.BacktrackingSudokuSolver@5bec3e0
  board={{7,5,6,3,2,8,4,9,1},{8,3,2,7,9,0,0,0,0},{0,0,0,0,0,0,0,0,0},{0,0,0,0,0,0,0,0,0},{0,0,0,0,0,0,0,0,0},{0,0,0,0,0,0,0,0,0},{0,0,0,0,0,0,0,0,0},{0,0,0,0,0,0,0,0,0},{0,0,0,0,0,0,0,0,0}}
]
13:19:12.373 [main] INFO  sudoku.model.SudokuBoard - Wartość 0 wstawiona nieprawidłowo
13:19:12.374 [main] INFO  sudoku.model.SudokuBoard - Bład w kwadracie 0
sudoku.model.SudokuBoard@49491770[
  size=9
  solver=sudoku.model.BacktrackingSudokuSolver@5bec3e0
  board={{7,5,6,3,2,8,4,9,1},{8,3,2,7,9,1,5,0,0},{0,0,0,0,0,0,0,0,0},{0,0,0,0,0,0,0,0,0},{0,0,0,0,0,0,0,0,0},{0,0,0,0,0,0,0,0,0},{0,0,0,0,0,0,0,0,0},{0,0,0,0,0,0,0,0,0},{0,0,0,0,0,0,0,0,0}}
]
13:19:12.374 [main] INFO  sudoku.model.SudokuBoard - Wartość 0 wstawiona nieprawidłowo
13:19:12.375 [main] INFO  sudoku.model.SudokuBoard - Bład w kwadracie 0
sudoku.model.SudokuBoard@49491770[
  size=9
  solver=sudoku.model.BacktrackingSudokuSolver@5bec3e0
  board={{7,5,6,3,2,8,4,9,1},{8,3,2,7,9,1,0,0,0},{0,0,0,0,0,0,0,0,0},{0,0,0,0,0,0,0,0,0},{0,0,0,0,0,0,0,0,0},{0,0,0,0,0,0,0,0,0},{0,0,0,0,0,0,0,0,0},{0,0,0,0,0,0,0,0,0},{0,0,0,0,0,0,0,0,0}}
]
13:19:12.375 [main] INFO  sudoku.model.SudokuBoard - Wartość 0 wstawiona nieprawidłowo
13:19:12.377 [main] INFO  sudoku.model.SudokuBoard - Bład w kwadracie 0
sudoku.model.SudokuBoard@49491770[
  size=9
  solver=sudoku.model.BacktrackingSudokuSolver@5bec3e0
  board={{7,5,6,3,2,8,4,9,1},{8,3,2,7,9,1,6,0,0},{0,0,0,0,0,0,0,0,0},{0,0,0,0,0,0,0,0,0},{0,0,0,0,0,0,0,0,0},{0,0,0,0,0,0,0,0,0},{0,0,0,0,0,0,0,0,0},{0,0,0,0,0,0,0,0,0},{0,0,0,0,0,0,0,0,0}}
]
13:19:12.377 [main] INFO  sudoku.model.SudokuBoard - Wartość 0 wstawiona nieprawidłowo
13:19:12.377 [main] INFO  sudoku.model.SudokuBoard - Bład w kwadracie 0
sudoku.model.SudokuBoard@49491770[
  size=9
  solver=sudoku.model.BacktrackingSudokuSolver@5bec3e0
  board={{7,5,6,3,2,8,4,9,1},{8,3,2,7,9,1,0,0,0},{0,0,0,0,0,0,0,0,0},{0,0,0,0,0,0,0,0,0},{0,0,0,0,0,0,0,0,0},{0,0,0,0,0,0,0,0,0},{0,0,0,0,0,0,0,0,0},{0,0,0,0,0,0,0,0,0},{0,0,0,0,0,0,0,0,0}}
]
13:19:12.378 [main] INFO  sudoku.model.SudokuBoard - Wartość 0 wstawiona nieprawidłowo
13:19:12.379 [main] INFO  sudoku.model.SudokuBoard - Bład w kwadracie 0
sudoku.model.SudokuBoard@49491770[
  size=9
  solver=sudoku.model.BacktrackingSudokuSolver@5bec3e0
  board={{7,5,6,3,2,8,4,9,1},{8,3,2,7,9,0,0,0,0},{0,0,0,0,0,0,0,0,0},{0,0,0,0,0,0,0,0,0},{0,0,0,0,0,0,0,0,0},{0,0,0,0,0,0,0,0,0},{0,0,0,0,0,0,0,0,0},{0,0,0,0,0,0,0,0,0},{0,0,0,0,0,0,0,0,0}}
]
13:19:12.379 [main] INFO  sudoku.model.SudokuBoard - Wartość 0 wstawiona nieprawidłowo
13:19:12.380 [main] INFO  sudoku.model.SudokuBoard - Bład w kwadracie 0
sudoku.model.SudokuBoard@49491770[
  size=9
  solver=sudoku.model.BacktrackingSudokuSolver@5bec3e0
  board={{7,5,6,3,2,8,4,9,1},{8,3,2,7,9,4,5,0,0},{0,0,0,0,0,0,0,0,0},{0,0,0,0,0,0,0,0,0},{0,0,0,0,0,0,0,0,0},{0,0,0,0,0,0,0,0,0},{0,0,0,0,0,0,0,0,0},{0,0,0,0,0,0,0,0,0},{0,0,0,0,0,0,0,0,0}}
]
13:19:12.380 [main] INFO  sudoku.model.SudokuBoard - Wartość 0 wstawiona nieprawidłowo
13:19:12.381 [main] INFO  sudoku.model.SudokuBoard - Bład w kwadracie 0
sudoku.model.SudokuBoard@49491770[
  size=9
  solver=sudoku.model.BacktrackingSudokuSolver@5bec3e0
  board={{7,5,6,3,2,8,4,9,1},{8,3,2,7,9,4,0,0,0},{0,0,0,0,0,0,0,0,0},{0,0,0,0,0,0,0,0,0},{0,0,0,0,0,0,0,0,0},{0,0,0,0,0,0,0,0,0},{0,0,0,0,0,0,0,0,0},{0,0,0,0,0,0,0,0,0},{0,0,0,0,0,0,0,0,0}}
]
13:19:12.381 [main] INFO  sudoku.model.SudokuBoard - Wartość 0 wstawiona nieprawidłowo
13:19:12.382 [main] INFO  sudoku.model.SudokuBoard - Bład w kwadracie 0
sudoku.model.SudokuBoard@49491770[
  size=9
  solver=sudoku.model.BacktrackingSudokuSolver@5bec3e0
  board={{7,5,6,3,2,8,4,9,1},{8,3,2,7,9,4,6,0,0},{0,0,0,0,0,0,0,0,0},{0,0,0,0,0,0,0,0,0},{0,0,0,0,0,0,0,0,0},{0,0,0,0,0,0,0,0,0},{0,0,0,0,0,0,0,0,0},{0,0,0,0,0,0,0,0,0},{0,0,0,0,0,0,0,0,0}}
]
13:19:12.383 [main] INFO  sudoku.model.SudokuBoard - Wartość 0 wstawiona nieprawidłowo
13:19:12.383 [main] INFO  sudoku.model.SudokuBoard - Bład w kwadracie 0
sudoku.model.SudokuBoard@49491770[
  size=9
  solver=sudoku.model.BacktrackingSudokuSolver@5bec3e0
  board={{7,5,6,3,2,8,4,9,1},{8,3,2,7,9,4,0,0,0},{0,0,0,0,0,0,0,0,0},{0,0,0,0,0,0,0,0,0},{0,0,0,0,0,0,0,0,0},{0,0,0,0,0,0,0,0,0},{0,0,0,0,0,0,0,0,0},{0,0,0,0,0,0,0,0,0},{0,0,0,0,0,0,0,0,0}}
]
13:19:12.383 [main] INFO  sudoku.model.SudokuBoard - Wartość 0 wstawiona nieprawidłowo
13:19:12.384 [main] INFO  sudoku.model.SudokuBoard - Bład w kwadracie 0
sudoku.model.SudokuBoard@49491770[
  size=9
  solver=sudoku.model.BacktrackingSudokuSolver@5bec3e0
  board={{7,5,6,3,2,8,4,9,1},{8,3,2,7,9,0,0,0,0},{0,0,0,0,0,0,0,0,0},{0,0,0,0,0,0,0,0,0},{0,0,0,0,0,0,0,0,0},{0,0,0,0,0,0,0,0,0},{0,0,0,0,0,0,0,0,0},{0,0,0,0,0,0,0,0,0},{0,0,0,0,0,0,0,0,0}}
]
13:19:12.384 [main] INFO  sudoku.model.SudokuBoard - Wartość 0 wstawiona nieprawidłowo
13:19:12.385 [main] INFO  sudoku.model.SudokuBoard - Bład w kwadracie 0
sudoku.model.SudokuBoard@49491770[
  size=9
  solver=sudoku.model.BacktrackingSudokuSolver@5bec3e0
  board={{7,5,6,3,2,8,4,9,1},{8,3,2,7,9,5,0,0,0},{0,0,0,0,0,0,0,0,0},{0,0,0,0,0,0,0,0,0},{0,0,0,0,0,0,0,0,0},{0,0,0,0,0,0,0,0,0},{0,0,0,0,0,0,0,0,0},{0,0,0,0,0,0,0,0,0},{0,0,0,0,0,0,0,0,0}}
]
13:19:12.385 [main] INFO  sudoku.model.SudokuBoard - Wartość 0 wstawiona nieprawidłowo
13:19:12.385 [main] INFO  sudoku.model.SudokuBoard - Bład w kwadracie 0
sudoku.model.SudokuBoard@49491770[
  size=9
  solver=sudoku.model.BacktrackingSudokuSolver@5bec3e0
  board={{7,5,6,3,2,8,4,9,1},{8,3,2,7,9,0,0,0,0},{0,0,0,0,0,0,0,0,0},{0,0,0,0,0,0,0,0,0},{0,0,0,0,0,0,0,0,0},{0,0,0,0,0,0,0,0,0},{0,0,0,0,0,0,0,0,0},{0,0,0,0,0,0,0,0,0},{0,0,0,0,0,0,0,0,0}}
]
13:19:12.385 [main] INFO  sudoku.model.SudokuBoard - Wartość 0 wstawiona nieprawidłowo
13:19:12.386 [main] INFO  sudoku.model.SudokuBoard - Bład w kwadracie 0
sudoku.model.SudokuBoard@49491770[
  size=9
  solver=sudoku.model.BacktrackingSudokuSolver@5bec3e0
  board={{7,5,6,3,2,8,4,9,1},{8,3,2,7,0,0,0,0,0},{0,0,0,0,0,0,0,0,0},{0,0,0,0,0,0,0,0,0},{0,0,0,0,0,0,0,0,0},{0,0,0,0,0,0,0,0,0},{0,0,0,0,0,0,0,0,0},{0,0,0,0,0,0,0,0,0},{0,0,0,0,0,0,0,0,0}}
]
13:19:12.386 [main] INFO  sudoku.model.SudokuBoard - Wartość 0 wstawiona nieprawidłowo
13:19:12.387 [main] INFO  sudoku.model.SudokuBoard - Bład w kwadracie 0
sudoku.model.SudokuBoard@49491770[
  size=9
  solver=sudoku.model.BacktrackingSudokuSolver@5bec3e0
  board={{7,5,6,3,2,8,4,9,1},{8,3,2,7,1,4,5,0,0},{0,0,0,0,0,0,0,0,0},{0,0,0,0,0,0,0,0,0},{0,0,0,0,0,0,0,0,0},{0,0,0,0,0,0,0,0,0},{0,0,0,0,0,0,0,0,0},{0,0,0,0,0,0,0,0,0},{0,0,0,0,0,0,0,0,0}}
]
13:19:12.388 [main] INFO  sudoku.model.SudokuBoard - Wartość 0 wstawiona nieprawidłowo
13:19:12.389 [main] INFO  sudoku.model.SudokuBoard - Bład w kwadracie 0
sudoku.model.SudokuBoard@49491770[
  size=9
  solver=sudoku.model.BacktrackingSudokuSolver@5bec3e0
  board={{7,5,6,3,2,8,4,9,1},{8,3,2,7,1,4,0,0,0},{0,0,0,0,0,0,0,0,0},{0,0,0,0,0,0,0,0,0},{0,0,0,0,0,0,0,0,0},{0,0,0,0,0,0,0,0,0},{0,0,0,0,0,0,0,0,0},{0,0,0,0,0,0,0,0,0},{0,0,0,0,0,0,0,0,0}}
]
13:19:12.390 [main] INFO  sudoku.model.SudokuBoard - Wartość 0 wstawiona nieprawidłowo
13:19:12.391 [main] INFO  sudoku.model.SudokuBoard - Bład w kwadracie 0
sudoku.model.SudokuBoard@49491770[
  size=9
  solver=sudoku.model.BacktrackingSudokuSolver@5bec3e0
  board={{7,5,6,3,2,8,4,9,1},{8,3,2,7,1,4,6,0,0},{0,0,0,0,0,0,0,0,0},{0,0,0,0,0,0,0,0,0},{0,0,0,0,0,0,0,0,0},{0,0,0,0,0,0,0,0,0},{0,0,0,0,0,0,0,0,0},{0,0,0,0,0,0,0,0,0},{0,0,0,0,0,0,0,0,0}}
]
13:19:12.391 [main] INFO  sudoku.model.SudokuBoard - Wartość 0 wstawiona nieprawidłowo
13:19:12.392 [main] INFO  sudoku.model.SudokuBoard - Bład w kwadracie 0
sudoku.model.SudokuBoard@49491770[
  size=9
  solver=sudoku.model.BacktrackingSudokuSolver@5bec3e0
  board={{7,5,6,3,2,8,4,9,1},{8,3,2,7,1,4,0,0,0},{0,0,0,0,0,0,0,0,0},{0,0,0,0,0,0,0,0,0},{0,0,0,0,0,0,0,0,0},{0,0,0,0,0,0,0,0,0},{0,0,0,0,0,0,0,0,0},{0,0,0,0,0,0,0,0,0},{0,0,0,0,0,0,0,0,0}}
]
13:19:12.393 [main] INFO  sudoku.model.SudokuBoard - Wartość 0 wstawiona nieprawidłowo
13:19:12.394 [main] INFO  sudoku.model.SudokuBoard - Bład w kwadracie 0
sudoku.model.SudokuBoard@49491770[
  size=9
  solver=sudoku.model.BacktrackingSudokuSolver@5bec3e0
  board={{7,5,6,3,2,8,4,9,1},{8,3,2,7,1,0,0,0,0},{0,0,0,0,0,0,0,0,0},{0,0,0,0,0,0,0,0,0},{0,0,0,0,0,0,0,0,0},{0,0,0,0,0,0,0,0,0},{0,0,0,0,0,0,0,0,0},{0,0,0,0,0,0,0,0,0},{0,0,0,0,0,0,0,0,0}}
]
13:19:12.394 [main] INFO  sudoku.model.SudokuBoard - Wartość 0 wstawiona nieprawidłowo
13:19:12.396 [main] INFO  sudoku.model.SudokuBoard - Bład w kwadracie 0
sudoku.model.SudokuBoard@49491770[
  size=9
  solver=sudoku.model.BacktrackingSudokuSolver@5bec3e0
  board={{7,5,6,3,2,8,4,9,1},{8,3,2,7,1,5,0,0,0},{0,0,0,0,0,0,0,0,0},{0,0,0,0,0,0,0,0,0},{0,0,0,0,0,0,0,0,0},{0,0,0,0,0,0,0,0,0},{0,0,0,0,0,0,0,0,0},{0,0,0,0,0,0,0,0,0},{0,0,0,0,0,0,0,0,0}}
]
13:19:12.397 [main] INFO  sudoku.model.SudokuBoard - Wartość 0 wstawiona nieprawidłowo
13:19:12.398 [main] INFO  sudoku.model.SudokuBoard - Bład w kwadracie 0
sudoku.model.SudokuBoard@49491770[
  size=9
  solver=sudoku.model.BacktrackingSudokuSolver@5bec3e0
  board={{7,5,6,3,2,8,4,9,1},{8,3,2,7,1,0,0,0,0},{0,0,0,0,0,0,0,0,0},{0,0,0,0,0,0,0,0,0},{0,0,0,0,0,0,0,0,0},{0,0,0,0,0,0,0,0,0},{0,0,0,0,0,0,0,0,0},{0,0,0,0,0,0,0,0,0},{0,0,0,0,0,0,0,0,0}}
]
13:19:12.399 [main] INFO  sudoku.model.SudokuBoard - Wartość 0 wstawiona nieprawidłowo
13:19:12.399 [main] INFO  sudoku.model.SudokuBoard - Bład w kwadracie 0
sudoku.model.SudokuBoard@49491770[
  size=9
  solver=sudoku.model.BacktrackingSudokuSolver@5bec3e0
  board={{7,5,6,3,2,8,4,9,1},{8,3,2,7,1,6,0,0,0},{0,0,0,0,0,0,0,0,0},{0,0,0,0,0,0,0,0,0},{0,0,0,0,0,0,0,0,0},{0,0,0,0,0,0,0,0,0},{0,0,0,0,0,0,0,0,0},{0,0,0,0,0,0,0,0,0},{0,0,0,0,0,0,0,0,0}}
]
13:19:12.399 [main] INFO  sudoku.model.SudokuBoard - Wartość 0 wstawiona nieprawidłowo
13:19:12.400 [main] INFO  sudoku.model.SudokuBoard - Bład w kwadracie 0
sudoku.model.SudokuBoard@49491770[
  size=9
  solver=sudoku.model.BacktrackingSudokuSolver@5bec3e0
  board={{7,5,6,3,2,8,4,9,1},{8,3,2,7,1,0,0,0,0},{0,0,0,0,0,0,0,0,0},{0,0,0,0,0,0,0,0,0},{0,0,0,0,0,0,0,0,0},{0,0,0,0,0,0,0,0,0},{0,0,0,0,0,0,0,0,0},{0,0,0,0,0,0,0,0,0},{0,0,0,0,0,0,0,0,0}}
]
13:19:12.400 [main] INFO  sudoku.model.SudokuBoard - Wartość 0 wstawiona nieprawidłowo
13:19:12.401 [main] INFO  sudoku.model.SudokuBoard - Bład w kwadracie 0
sudoku.model.SudokuBoard@49491770[
  size=9
  solver=sudoku.model.BacktrackingSudokuSolver@5bec3e0
  board={{7,5,6,3,2,8,4,9,1},{8,3,2,7,1,9,5,0,0},{0,0,0,0,0,0,0,0,0},{0,0,0,0,0,0,0,0,0},{0,0,0,0,0,0,0,0,0},{0,0,0,0,0,0,0,0,0},{0,0,0,0,0,0,0,0,0},{0,0,0,0,0,0,0,0,0},{0,0,0,0,0,0,0,0,0}}
]
13:19:12.401 [main] INFO  sudoku.model.SudokuBoard - Wartość 0 wstawiona nieprawidłowo
13:19:12.402 [main] INFO  sudoku.model.SudokuBoard - Bład w kwadracie 0
sudoku.model.SudokuBoard@49491770[
  size=9
  solver=sudoku.model.BacktrackingSudokuSolver@5bec3e0
  board={{7,5,6,3,2,8,4,9,1},{8,3,2,7,1,9,0,0,0},{0,0,0,0,0,0,0,0,0},{0,0,0,0,0,0,0,0,0},{0,0,0,0,0,0,0,0,0},{0,0,0,0,0,0,0,0,0},{0,0,0,0,0,0,0,0,0},{0,0,0,0,0,0,0,0,0},{0,0,0,0,0,0,0,0,0}}
]
13:19:12.403 [main] INFO  sudoku.model.SudokuBoard - Wartość 0 wstawiona nieprawidłowo
13:19:12.403 [main] INFO  sudoku.model.SudokuBoard - Bład w kwadracie 0
sudoku.model.SudokuBoard@49491770[
  size=9
  solver=sudoku.model.BacktrackingSudokuSolver@5bec3e0
  board={{7,5,6,3,2,8,4,9,1},{8,3,2,7,1,9,6,0,0},{0,0,0,0,0,0,0,0,0},{0,0,0,0,0,0,0,0,0},{0,0,0,0,0,0,0,0,0},{0,0,0,0,0,0,0,0,0},{0,0,0,0,0,0,0,0,0},{0,0,0,0,0,0,0,0,0},{0,0,0,0,0,0,0,0,0}}
]
13:19:12.403 [main] INFO  sudoku.model.SudokuBoard - Wartość 0 wstawiona nieprawidłowo
13:19:12.404 [main] INFO  sudoku.model.SudokuBoard - Bład w kwadracie 0
sudoku.model.SudokuBoard@49491770[
  size=9
  solver=sudoku.model.BacktrackingSudokuSolver@5bec3e0
  board={{7,5,6,3,2,8,4,9,1},{8,3,2,7,1,9,0,0,0},{0,0,0,0,0,0,0,0,0},{0,0,0,0,0,0,0,0,0},{0,0,0,0,0,0,0,0,0},{0,0,0,0,0,0,0,0,0},{0,0,0,0,0,0,0,0,0},{0,0,0,0,0,0,0,0,0},{0,0,0,0,0,0,0,0,0}}
]
13:19:12.404 [main] INFO  sudoku.model.SudokuBoard - Wartość 0 wstawiona nieprawidłowo
13:19:12.404 [main] INFO  sudoku.model.SudokuBoard - Bład w kwadracie 0
sudoku.model.SudokuBoard@49491770[
  size=9
  solver=sudoku.model.BacktrackingSudokuSolver@5bec3e0
  board={{7,5,6,3,2,8,4,9,1},{8,3,2,7,1,0,0,0,0},{0,0,0,0,0,0,0,0,0},{0,0,0,0,0,0,0,0,0},{0,0,0,0,0,0,0,0,0},{0,0,0,0,0,0,0,0,0},{0,0,0,0,0,0,0,0,0},{0,0,0,0,0,0,0,0,0},{0,0,0,0,0,0,0,0,0}}
]
13:19:12.405 [main] INFO  sudoku.model.SudokuBoard - Wartość 0 wstawiona nieprawidłowo
13:19:12.413 [main] INFO  sudoku.model.SudokuBoard - Bład w kwadracie 0
sudoku.model.SudokuBoard@49491770[
  size=9
  solver=sudoku.model.BacktrackingSudokuSolver@5bec3e0
  board={{7,5,6,3,2,8,4,9,1},{8,3,2,7,0,0,0,0,0},{0,0,0,0,0,0,0,0,0},{0,0,0,0,0,0,0,0,0},{0,0,0,0,0,0,0,0,0},{0,0,0,0,0,0,0,0,0},{0,0,0,0,0,0,0,0,0},{0,0,0,0,0,0,0,0,0},{0,0,0,0,0,0,0,0,0}}
]
13:19:12.415 [main] INFO  sudoku.model.SudokuBoard - Wartość 0 wstawiona nieprawidłowo
13:19:12.417 [main] INFO  sudoku.model.SudokuBoard - Bład w kwadracie 0
sudoku.model.SudokuBoard@49491770[
  size=9
  solver=sudoku.model.BacktrackingSudokuSolver@5bec3e0
  board={{7,5,6,3,2,8,4,9,1},{8,3,2,7,4,5,0,0,0},{0,0,0,0,0,0,0,0,0},{0,0,0,0,0,0,0,0,0},{0,0,0,0,0,0,0,0,0},{0,0,0,0,0,0,0,0,0},{0,0,0,0,0,0,0,0,0},{0,0,0,0,0,0,0,0,0},{0,0,0,0,0,0,0,0,0}}
]
13:19:12.418 [main] INFO  sudoku.model.SudokuBoard - Wartość 0 wstawiona nieprawidłowo
13:19:12.422 [main] INFO  sudoku.model.SudokuBoard - Bład w kwadracie 0
sudoku.model.SudokuBoard@49491770[
  size=9
  solver=sudoku.model.BacktrackingSudokuSolver@5bec3e0
  board={{7,5,6,3,2,8,4,9,1},{8,3,2,7,4,0,0,0,0},{0,0,0,0,0,0,0,0,0},{0,0,0,0,0,0,0,0,0},{0,0,0,0,0,0,0,0,0},{0,0,0,0,0,0,0,0,0},{0,0,0,0,0,0,0,0,0},{0,0,0,0,0,0,0,0,0},{0,0,0,0,0,0,0,0,0}}
]
13:19:12.423 [main] INFO  sudoku.model.SudokuBoard - Wartość 0 wstawiona nieprawidłowo
13:19:12.426 [main] INFO  sudoku.model.SudokuBoard - Bład w kwadracie 0
sudoku.model.SudokuBoard@49491770[
  size=9
  solver=sudoku.model.BacktrackingSudokuSolver@5bec3e0
  board={{7,5,6,3,2,8,4,9,1},{8,3,2,7,4,6,0,0,0},{0,0,0,0,0,0,0,0,0},{0,0,0,0,0,0,0,0,0},{0,0,0,0,0,0,0,0,0},{0,0,0,0,0,0,0,0,0},{0,0,0,0,0,0,0,0,0},{0,0,0,0,0,0,0,0,0},{0,0,0,0,0,0,0,0,0}}
]
13:19:12.426 [main] INFO  sudoku.model.SudokuBoard - Wartość 0 wstawiona nieprawidłowo
13:19:12.427 [main] INFO  sudoku.model.SudokuBoard - Bład w kwadracie 0
sudoku.model.SudokuBoard@49491770[
  size=9
  solver=sudoku.model.BacktrackingSudokuSolver@5bec3e0
  board={{7,5,6,3,2,8,4,9,1},{8,3,2,7,4,0,0,0,0},{0,0,0,0,0,0,0,0,0},{0,0,0,0,0,0,0,0,0},{0,0,0,0,0,0,0,0,0},{0,0,0,0,0,0,0,0,0},{0,0,0,0,0,0,0,0,0},{0,0,0,0,0,0,0,0,0},{0,0,0,0,0,0,0,0,0}}
]
13:19:12.431 [main] INFO  sudoku.model.SudokuBoard - Wartość 0 wstawiona nieprawidłowo
13:19:12.433 [main] INFO  sudoku.model.SudokuBoard - Bład w kwadracie 0
sudoku.model.SudokuBoard@49491770[
  size=9
  solver=sudoku.model.BacktrackingSudokuSolver@5bec3e0
  board={{7,5,6,3,2,8,4,9,1},{8,3,2,7,4,9,5,0,0},{0,0,0,0,0,0,0,0,0},{0,0,0,0,0,0,0,0,0},{0,0,0,0,0,0,0,0,0},{0,0,0,0,0,0,0,0,0},{0,0,0,0,0,0,0,0,0},{0,0,0,0,0,0,0,0,0},{0,0,0,0,0,0,0,0,0}}
]
13:19:12.433 [main] INFO  sudoku.model.SudokuBoard - Wartość 0 wstawiona nieprawidłowo
13:19:12.434 [main] INFO  sudoku.model.SudokuBoard - Bład w kwadracie 0
sudoku.model.SudokuBoard@49491770[
  size=9
  solver=sudoku.model.BacktrackingSudokuSolver@5bec3e0
  board={{7,5,6,3,2,8,4,9,1},{8,3,2,7,4,9,0,0,0},{0,0,0,0,0,0,0,0,0},{0,0,0,0,0,0,0,0,0},{0,0,0,0,0,0,0,0,0},{0,0,0,0,0,0,0,0,0},{0,0,0,0,0,0,0,0,0},{0,0,0,0,0,0,0,0,0},{0,0,0,0,0,0,0,0,0}}
]
13:19:12.434 [main] INFO  sudoku.model.SudokuBoard - Wartość 0 wstawiona nieprawidłowo
13:19:12.437 [main] INFO  sudoku.model.SudokuBoard - Bład w kwadracie 0
sudoku.model.SudokuBoard@49491770[
  size=9
  solver=sudoku.model.BacktrackingSudokuSolver@5bec3e0
  board={{7,5,6,3,2,8,4,9,1},{8,3,2,7,4,9,6,0,0},{0,0,0,0,0,0,0,0,0},{0,0,0,0,0,0,0,0,0},{0,0,0,0,0,0,0,0,0},{0,0,0,0,0,0,0,0,0},{0,0,0,0,0,0,0,0,0},{0,0,0,0,0,0,0,0,0},{0,0,0,0,0,0,0,0,0}}
]
13:19:12.437 [main] INFO  sudoku.model.SudokuBoard - Wartość 0 wstawiona nieprawidłowo
13:19:12.438 [main] INFO  sudoku.model.SudokuBoard - Bład w kwadracie 0
sudoku.model.SudokuBoard@49491770[
  size=9
  solver=sudoku.model.BacktrackingSudokuSolver@5bec3e0
  board={{7,5,6,3,2,8,4,9,1},{8,3,2,7,4,9,0,0,0},{0,0,0,0,0,0,0,0,0},{0,0,0,0,0,0,0,0,0},{0,0,0,0,0,0,0,0,0},{0,0,0,0,0,0,0,0,0},{0,0,0,0,0,0,0,0,0},{0,0,0,0,0,0,0,0,0},{0,0,0,0,0,0,0,0,0}}
]
13:19:12.438 [main] INFO  sudoku.model.SudokuBoard - Wartość 0 wstawiona nieprawidłowo
13:19:12.438 [main] INFO  sudoku.model.SudokuBoard - Bład w kwadracie 0
sudoku.model.SudokuBoard@49491770[
  size=9
  solver=sudoku.model.BacktrackingSudokuSolver@5bec3e0
  board={{7,5,6,3,2,8,4,9,1},{8,3,2,7,4,0,0,0,0},{0,0,0,0,0,0,0,0,0},{0,0,0,0,0,0,0,0,0},{0,0,0,0,0,0,0,0,0},{0,0,0,0,0,0,0,0,0},{0,0,0,0,0,0,0,0,0},{0,0,0,0,0,0,0,0,0},{0,0,0,0,0,0,0,0,0}}
]
13:19:12.442 [main] INFO  sudoku.model.SudokuBoard - Wartość 0 wstawiona nieprawidłowo
13:19:12.443 [main] INFO  sudoku.model.SudokuBoard - Bład w kwadracie 0
sudoku.model.SudokuBoard@49491770[
  size=9
  solver=sudoku.model.BacktrackingSudokuSolver@5bec3e0
  board={{7,5,6,3,2,8,4,9,1},{8,3,2,7,4,1,5,0,0},{0,0,0,0,0,0,0,0,0},{0,0,0,0,0,0,0,0,0},{0,0,0,0,0,0,0,0,0},{0,0,0,0,0,0,0,0,0},{0,0,0,0,0,0,0,0,0},{0,0,0,0,0,0,0,0,0},{0,0,0,0,0,0,0,0,0}}
]
13:19:12.443 [main] INFO  sudoku.model.SudokuBoard - Wartość 0 wstawiona nieprawidłowo
13:19:12.443 [main] INFO  sudoku.model.SudokuBoard - Bład w kwadracie 0
sudoku.model.SudokuBoard@49491770[
  size=9
  solver=sudoku.model.BacktrackingSudokuSolver@5bec3e0
  board={{7,5,6,3,2,8,4,9,1},{8,3,2,7,4,1,0,0,0},{0,0,0,0,0,0,0,0,0},{0,0,0,0,0,0,0,0,0},{0,0,0,0,0,0,0,0,0},{0,0,0,0,0,0,0,0,0},{0,0,0,0,0,0,0,0,0},{0,0,0,0,0,0,0,0,0},{0,0,0,0,0,0,0,0,0}}
]
13:19:12.444 [main] INFO  sudoku.model.SudokuBoard - Wartość 0 wstawiona nieprawidłowo
13:19:12.446 [main] INFO  sudoku.model.SudokuBoard - Bład w kwadracie 0
sudoku.model.SudokuBoard@49491770[
  size=9
  solver=sudoku.model.BacktrackingSudokuSolver@5bec3e0
  board={{7,5,6,3,2,8,4,9,1},{8,3,2,7,4,1,6,0,0},{0,0,0,0,0,0,0,0,0},{0,0,0,0,0,0,0,0,0},{0,0,0,0,0,0,0,0,0},{0,0,0,0,0,0,0,0,0},{0,0,0,0,0,0,0,0,0},{0,0,0,0,0,0,0,0,0},{0,0,0,0,0,0,0,0,0}}
]
13:19:12.446 [main] INFO  sudoku.model.SudokuBoard - Wartość 0 wstawiona nieprawidłowo
13:19:12.446 [main] INFO  sudoku.model.SudokuBoard - Bład w kwadracie 0
sudoku.model.SudokuBoard@49491770[
  size=9
  solver=sudoku.model.BacktrackingSudokuSolver@5bec3e0
  board={{7,5,6,3,2,8,4,9,1},{8,3,2,7,4,1,0,0,0},{0,0,0,0,0,0,0,0,0},{0,0,0,0,0,0,0,0,0},{0,0,0,0,0,0,0,0,0},{0,0,0,0,0,0,0,0,0},{0,0,0,0,0,0,0,0,0},{0,0,0,0,0,0,0,0,0},{0,0,0,0,0,0,0,0,0}}
]
13:19:12.446 [main] INFO  sudoku.model.SudokuBoard - Wartość 0 wstawiona nieprawidłowo
13:19:12.447 [main] INFO  sudoku.model.SudokuBoard - Bład w kwadracie 0
sudoku.model.SudokuBoard@49491770[
  size=9
  solver=sudoku.model.BacktrackingSudokuSolver@5bec3e0
  board={{7,5,6,3,2,8,4,9,1},{8,3,2,7,4,0,0,0,0},{0,0,0,0,0,0,0,0,0},{0,0,0,0,0,0,0,0,0},{0,0,0,0,0,0,0,0,0},{0,0,0,0,0,0,0,0,0},{0,0,0,0,0,0,0,0,0},{0,0,0,0,0,0,0,0,0},{0,0,0,0,0,0,0,0,0}}
]
13:19:12.447 [main] INFO  sudoku.model.SudokuBoard - Wartość 0 wstawiona nieprawidłowo
13:19:12.447 [main] INFO  sudoku.model.SudokuBoard - Bład w kwadracie 0
sudoku.model.SudokuBoard@49491770[
  size=9
  solver=sudoku.model.BacktrackingSudokuSolver@5bec3e0
  board={{7,5,6,3,2,8,4,9,1},{8,3,2,7,0,0,0,0,0},{0,0,0,0,0,0,0,0,0},{0,0,0,0,0,0,0,0,0},{0,0,0,0,0,0,0,0,0},{0,0,0,0,0,0,0,0,0},{0,0,0,0,0,0,0,0,0},{0,0,0,0,0,0,0,0,0},{0,0,0,0,0,0,0,0,0}}
]
13:19:12.448 [main] INFO  sudoku.model.SudokuBoard - Wartość 0 wstawiona nieprawidłowo
13:19:12.448 [main] INFO  sudoku.model.SudokuBoard - Bład w kwadracie 0
sudoku.model.SudokuBoard@49491770[
  size=9
  solver=sudoku.model.BacktrackingSudokuSolver@5bec3e0
  board={{7,5,6,3,2,8,4,9,1},{8,3,2,7,5,9,0,0,0},{0,0,0,0,0,0,0,0,0},{0,0,0,0,0,0,0,0,0},{0,0,0,0,0,0,0,0,0},{0,0,0,0,0,0,0,0,0},{0,0,0,0,0,0,0,0,0},{0,0,0,0,0,0,0,0,0},{0,0,0,0,0,0,0,0,0}}
]
13:19:12.448 [main] INFO  sudoku.model.SudokuBoard - Wartość 0 wstawiona nieprawidłowo
13:19:12.448 [main] INFO  sudoku.model.SudokuBoard - Bład w kwadracie 0
sudoku.model.SudokuBoard@49491770[
  size=9
  solver=sudoku.model.BacktrackingSudokuSolver@5bec3e0
  board={{7,5,6,3,2,8,4,9,1},{8,3,2,7,5,0,0,0,0},{0,0,0,0,0,0,0,0,0},{0,0,0,0,0,0,0,0,0},{0,0,0,0,0,0,0,0,0},{0,0,0,0,0,0,0,0,0},{0,0,0,0,0,0,0,0,0},{0,0,0,0,0,0,0,0,0},{0,0,0,0,0,0,0,0,0}}
]
13:19:12.448 [main] INFO  sudoku.model.SudokuBoard - Wartość 0 wstawiona nieprawidłowo
13:19:12.449 [main] INFO  sudoku.model.SudokuBoard - Bład w kwadracie 0
sudoku.model.SudokuBoard@49491770[
  size=9
  solver=sudoku.model.BacktrackingSudokuSolver@5bec3e0
  board={{7,5,6,3,2,8,4,9,1},{8,3,2,7,5,1,0,0,0},{0,0,0,0,0,0,0,0,0},{0,0,0,0,0,0,0,0,0},{0,0,0,0,0,0,0,0,0},{0,0,0,0,0,0,0,0,0},{0,0,0,0,0,0,0,0,0},{0,0,0,0,0,0,0,0,0},{0,0,0,0,0,0,0,0,0}}
]
13:19:12.449 [main] INFO  sudoku.model.SudokuBoard - Wartość 0 wstawiona nieprawidłowo
13:19:12.450 [main] INFO  sudoku.model.SudokuBoard - Bład w kwadracie 0
sudoku.model.SudokuBoard@49491770[
  size=9
  solver=sudoku.model.BacktrackingSudokuSolver@5bec3e0
  board={{7,5,6,3,2,8,4,9,1},{8,3,2,7,5,0,0,0,0},{0,0,0,0,0,0,0,0,0},{0,0,0,0,0,0,0,0,0},{0,0,0,0,0,0,0,0,0},{0,0,0,0,0,0,0,0,0},{0,0,0,0,0,0,0,0,0},{0,0,0,0,0,0,0,0,0},{0,0,0,0,0,0,0,0,0}}
]
13:19:12.450 [main] INFO  sudoku.model.SudokuBoard - Wartość 0 wstawiona nieprawidłowo
13:19:12.450 [main] INFO  sudoku.model.SudokuBoard - Bład w kwadracie 0
sudoku.model.SudokuBoard@49491770[
  size=9
  solver=sudoku.model.BacktrackingSudokuSolver@5bec3e0
  board={{7,5,6,3,2,8,4,9,1},{8,3,2,7,5,4,0,0,0},{0,0,0,0,0,0,0,0,0},{0,0,0,0,0,0,0,0,0},{0,0,0,0,0,0,0,0,0},{0,0,0,0,0,0,0,0,0},{0,0,0,0,0,0,0,0,0},{0,0,0,0,0,0,0,0,0},{0,0,0,0,0,0,0,0,0}}
]
13:19:12.451 [main] INFO  sudoku.model.SudokuBoard - Wartość 0 wstawiona nieprawidłowo
13:19:12.451 [main] INFO  sudoku.model.SudokuBoard - Bład w kwadracie 0
sudoku.model.SudokuBoard@49491770[
  size=9
  solver=sudoku.model.BacktrackingSudokuSolver@5bec3e0
  board={{7,5,6,3,2,8,4,9,1},{8,3,2,7,5,0,0,0,0},{0,0,0,0,0,0,0,0,0},{0,0,0,0,0,0,0,0,0},{0,0,0,0,0,0,0,0,0},{0,0,0,0,0,0,0,0,0},{0,0,0,0,0,0,0,0,0},{0,0,0,0,0,0,0,0,0},{0,0,0,0,0,0,0,0,0}}
]
13:19:12.452 [main] INFO  sudoku.model.SudokuBoard - Wartość 0 wstawiona nieprawidłowo
13:19:12.453 [main] INFO  sudoku.model.SudokuBoard - Bład w kwadracie 0
sudoku.model.SudokuBoard@49491770[
  size=9
  solver=sudoku.model.BacktrackingSudokuSolver@5bec3e0
  board={{7,5,6,3,2,8,4,9,1},{8,3,2,7,5,0,0,0,0},{0,0,0,0,0,0,0,0,0},{0,0,0,0,0,0,0,0,0},{0,0,0,0,0,0,0,0,0},{0,0,0,0,0,0,0,0,0},{0,0,0,0,0,0,0,0,0},{0,0,0,0,0,0,0,0,0},{0,0,0,0,0,0,0,0,0}}
]
13:19:12.453 [main] INFO  sudoku.model.SudokuBoard - Wartość 0 wstawiona nieprawidłowo
13:19:12.456 [main] INFO  sudoku.model.SudokuBoard - Bład w kwadracie 0
sudoku.model.SudokuBoard@49491770[
  size=9
  solver=sudoku.model.BacktrackingSudokuSolver@5bec3e0
  board={{7,5,6,3,2,8,4,9,1},{8,3,2,7,0,0,0,0,0},{0,0,0,0,0,0,0,0,0},{0,0,0,0,0,0,0,0,0},{0,0,0,0,0,0,0,0,0},{0,0,0,0,0,0,0,0,0},{0,0,0,0,0,0,0,0,0},{0,0,0,0,0,0,0,0,0},{0,0,0,0,0,0,0,0,0}}
]
13:19:12.456 [main] INFO  sudoku.model.SudokuBoard - Wartość 0 wstawiona nieprawidłowo
13:19:12.457 [main] INFO  sudoku.model.SudokuBoard - Bład w kwadracie 0
sudoku.model.SudokuBoard@49491770[
  size=9
  solver=sudoku.model.BacktrackingSudokuSolver@5bec3e0
  board={{7,5,6,3,2,8,4,9,1},{8,3,2,7,6,4,0,0,0},{0,0,0,0,0,0,0,0,0},{0,0,0,0,0,0,0,0,0},{0,0,0,0,0,0,0,0,0},{0,0,0,0,0,0,0,0,0},{0,0,0,0,0,0,0,0,0},{0,0,0,0,0,0,0,0,0},{0,0,0,0,0,0,0,0,0}}
]
13:19:12.457 [main] INFO  sudoku.model.SudokuBoard - Wartość 0 wstawiona nieprawidłowo
13:19:12.457 [main] INFO  sudoku.model.SudokuBoard - Bład w kwadracie 0
sudoku.model.SudokuBoard@49491770[
  size=9
  solver=sudoku.model.BacktrackingSudokuSolver@5bec3e0
  board={{7,5,6,3,2,8,4,9,1},{8,3,2,7,6,0,0,0,0},{0,0,0,0,0,0,0,0,0},{0,0,0,0,0,0,0,0,0},{0,0,0,0,0,0,0,0,0},{0,0,0,0,0,0,0,0,0},{0,0,0,0,0,0,0,0,0},{0,0,0,0,0,0,0,0,0},{0,0,0,0,0,0,0,0,0}}
]
13:19:12.457 [main] INFO  sudoku.model.SudokuBoard - Wartość 0 wstawiona nieprawidłowo
13:19:12.458 [main] INFO  sudoku.model.SudokuBoard - Bład w kwadracie 0
sudoku.model.SudokuBoard@49491770[
  size=9
  solver=sudoku.model.BacktrackingSudokuSolver@5bec3e0
  board={{7,5,6,3,2,8,4,9,1},{8,3,2,7,6,0,0,0,0},{0,0,0,0,0,0,0,0,0},{0,0,0,0,0,0,0,0,0},{0,0,0,0,0,0,0,0,0},{0,0,0,0,0,0,0,0,0},{0,0,0,0,0,0,0,0,0},{0,0,0,0,0,0,0,0,0},{0,0,0,0,0,0,0,0,0}}
]
13:19:12.458 [main] INFO  sudoku.model.SudokuBoard - Wartość 0 wstawiona nieprawidłowo
13:19:12.458 [main] INFO  sudoku.model.SudokuBoard - Bład w kwadracie 0
sudoku.model.SudokuBoard@49491770[
  size=9
  solver=sudoku.model.BacktrackingSudokuSolver@5bec3e0
  board={{7,5,6,3,2,8,4,9,1},{8,3,2,7,6,9,0,0,0},{0,0,0,0,0,0,0,0,0},{0,0,0,0,0,0,0,0,0},{0,0,0,0,0,0,0,0,0},{0,0,0,0,0,0,0,0,0},{0,0,0,0,0,0,0,0,0},{0,0,0,0,0,0,0,0,0},{0,0,0,0,0,0,0,0,0}}
]
13:19:12.458 [main] INFO  sudoku.model.SudokuBoard - Wartość 0 wstawiona nieprawidłowo
13:19:12.458 [main] INFO  sudoku.model.SudokuBoard - Bład w kwadracie 0
sudoku.model.SudokuBoard@49491770[
  size=9
  solver=sudoku.model.BacktrackingSudokuSolver@5bec3e0
  board={{7,5,6,3,2,8,4,9,1},{8,3,2,7,6,0,0,0,0},{0,0,0,0,0,0,0,0,0},{0,0,0,0,0,0,0,0,0},{0,0,0,0,0,0,0,0,0},{0,0,0,0,0,0,0,0,0},{0,0,0,0,0,0,0,0,0},{0,0,0,0,0,0,0,0,0},{0,0,0,0,0,0,0,0,0}}
]
13:19:12.459 [main] INFO  sudoku.model.SudokuBoard - Wartość 0 wstawiona nieprawidłowo
13:19:12.459 [main] INFO  sudoku.model.SudokuBoard - Bład w kwadracie 0
sudoku.model.SudokuBoard@49491770[
  size=9
  solver=sudoku.model.BacktrackingSudokuSolver@5bec3e0
  board={{7,5,6,3,2,8,4,9,1},{8,3,2,7,6,1,0,0,0},{0,0,0,0,0,0,0,0,0},{0,0,0,0,0,0,0,0,0},{0,0,0,0,0,0,0,0,0},{0,0,0,0,0,0,0,0,0},{0,0,0,0,0,0,0,0,0},{0,0,0,0,0,0,0,0,0},{0,0,0,0,0,0,0,0,0}}
]
13:19:12.459 [main] INFO  sudoku.model.SudokuBoard - Wartość 0 wstawiona nieprawidłowo
13:19:12.459 [main] INFO  sudoku.model.SudokuBoard - Bład w kwadracie 0
sudoku.model.SudokuBoard@49491770[
  size=9
  solver=sudoku.model.BacktrackingSudokuSolver@5bec3e0
  board={{7,5,6,3,2,8,4,9,1},{8,3,2,7,6,0,0,0,0},{0,0,0,0,0,0,0,0,0},{0,0,0,0,0,0,0,0,0},{0,0,0,0,0,0,0,0,0},{0,0,0,0,0,0,0,0,0},{0,0,0,0,0,0,0,0,0},{0,0,0,0,0,0,0,0,0},{0,0,0,0,0,0,0,0,0}}
]
13:19:12.459 [main] INFO  sudoku.model.SudokuBoard - Wartość 0 wstawiona nieprawidłowo
13:19:12.459 [main] INFO  sudoku.model.SudokuBoard - Bład w kwadracie 0
sudoku.model.SudokuBoard@49491770[
  size=9
  solver=sudoku.model.BacktrackingSudokuSolver@5bec3e0
  board={{7,5,6,3,2,8,4,9,1},{8,3,2,7,0,0,0,0,0},{0,0,0,0,0,0,0,0,0},{0,0,0,0,0,0,0,0,0},{0,0,0,0,0,0,0,0,0},{0,0,0,0,0,0,0,0,0},{0,0,0,0,0,0,0,0,0},{0,0,0,0,0,0,0,0,0},{0,0,0,0,0,0,0,0,0}}
]
13:19:12.460 [main] INFO  sudoku.model.SudokuBoard - Wartość 0 wstawiona nieprawidłowo
13:19:12.460 [main] INFO  sudoku.model.SudokuBoard - Bład w kwadracie 0
sudoku.model.SudokuBoard@49491770[
  size=9
  solver=sudoku.model.BacktrackingSudokuSolver@5bec3e0
  board={{7,5,6,3,2,8,4,9,1},{8,3,2,0,0,0,0,0,0},{0,0,0,0,0,0,0,0,0},{0,0,0,0,0,0,0,0,0},{0,0,0,0,0,0,0,0,0},{0,0,0,0,0,0,0,0,0},{0,0,0,0,0,0,0,0,0},{0,0,0,0,0,0,0,0,0},{0,0,0,0,0,0,0,0,0}}
]
13:19:12.460 [main] INFO  sudoku.model.SudokuBoard - Wartość 0 wstawiona nieprawidłowo
13:19:12.460 [main] INFO  sudoku.model.SudokuBoard - Bład w kwadracie 0
sudoku.model.SudokuBoard@49491770[
  size=9
  solver=sudoku.model.BacktrackingSudokuSolver@5bec3e0
  board={{7,5,6,3,2,8,4,9,1},{8,3,2,9,4,5,6,0,0},{0,0,0,0,0,0,0,0,0},{0,0,0,0,0,0,0,0,0},{0,0,0,0,0,0,0,0,0},{0,0,0,0,0,0,0,0,0},{0,0,0,0,0,0,0,0,0},{0,0,0,0,0,0,0,0,0},{0,0,0,0,0,0,0,0,0}}
]
13:19:12.461 [main] INFO  sudoku.model.SudokuBoard - Wartość 0 wstawiona nieprawidłowo
13:19:12.462 [main] INFO  sudoku.model.SudokuBoard - Bład w kwadracie 0
sudoku.model.SudokuBoard@49491770[
  size=9
  solver=sudoku.model.BacktrackingSudokuSolver@5bec3e0
  board={{7,5,6,3,2,8,4,9,1},{8,3,2,9,4,5,0,0,0},{0,0,0,0,0,0,0,0,0},{0,0,0,0,0,0,0,0,0},{0,0,0,0,0,0,0,0,0},{0,0,0,0,0,0,0,0,0},{0,0,0,0,0,0,0,0,0},{0,0,0,0,0,0,0,0,0},{0,0,0,0,0,0,0,0,0}}
]
13:19:12.462 [main] INFO  sudoku.model.SudokuBoard - Wartość 0 wstawiona nieprawidłowo
13:19:12.462 [main] INFO  sudoku.model.SudokuBoard - Bład w kwadracie 0
sudoku.model.SudokuBoard@49491770[
  size=9
  solver=sudoku.model.BacktrackingSudokuSolver@5bec3e0
  board={{7,5,6,3,2,8,4,9,1},{8,3,2,9,4,5,7,0,0},{0,0,0,0,0,0,0,0,0},{0,0,0,0,0,0,0,0,0},{0,0,0,0,0,0,0,0,0},{0,0,0,0,0,0,0,0,0},{0,0,0,0,0,0,0,0,0},{0,0,0,0,0,0,0,0,0},{0,0,0,0,0,0,0,0,0}}
]
13:19:12.462 [main] INFO  sudoku.model.SudokuBoard - Wartość 0 wstawiona nieprawidłowo
13:19:12.472 [main] INFO  sudoku.model.SudokuBoard - Bład w kwadracie 0
sudoku.model.SudokuBoard@49491770[
  size=9
  solver=sudoku.model.BacktrackingSudokuSolver@5bec3e0
  board={{7,5,6,3,2,8,4,9,1},{8,3,2,9,4,5,0,0,0},{0,0,0,0,0,0,0,0,0},{0,0,0,0,0,0,0,0,0},{0,0,0,0,0,0,0,0,0},{0,0,0,0,0,0,0,0,0},{0,0,0,0,0,0,0,0,0},{0,0,0,0,0,0,0,0,0},{0,0,0,0,0,0,0,0,0}}
]
13:19:12.473 [main] INFO  sudoku.model.SudokuBoard - Wartość 0 wstawiona nieprawidłowo
13:19:12.473 [main] INFO  sudoku.model.SudokuBoard - Bład w kwadracie 0
sudoku.model.SudokuBoard@49491770[
  size=9
  solver=sudoku.model.BacktrackingSudokuSolver@5bec3e0
  board={{7,5,6,3,2,8,4,9,1},{8,3,2,9,4,0,0,0,0},{0,0,0,0,0,0,0,0,0},{0,0,0,0,0,0,0,0,0},{0,0,0,0,0,0,0,0,0},{0,0,0,0,0,0,0,0,0},{0,0,0,0,0,0,0,0,0},{0,0,0,0,0,0,0,0,0},{0,0,0,0,0,0,0,0,0}}
]
13:19:12.473 [main] INFO  sudoku.model.SudokuBoard - Wartość 0 wstawiona nieprawidłowo
13:19:12.473 [main] INFO  sudoku.model.SudokuBoard - Bład w kwadracie 0
sudoku.model.SudokuBoard@49491770[
  size=9
  solver=sudoku.model.BacktrackingSudokuSolver@5bec3e0
  board={{7,5,6,3,2,8,4,9,1},{8,3,2,9,4,6,5,0,0},{0,0,0,0,0,0,0,0,0},{0,0,0,0,0,0,0,0,0},{0,0,0,0,0,0,0,0,0},{0,0,0,0,0,0,0,0,0},{0,0,0,0,0,0,0,0,0},{0,0,0,0,0,0,0,0,0},{0,0,0,0,0,0,0,0,0}}
]
13:19:12.474 [main] INFO  sudoku.model.SudokuBoard - Wartość 0 wstawiona nieprawidłowo
13:19:12.474 [main] INFO  sudoku.model.SudokuBoard - Bład w kwadracie 0
sudoku.model.SudokuBoard@49491770[
  size=9
  solver=sudoku.model.BacktrackingSudokuSolver@5bec3e0
  board={{7,5,6,3,2,8,4,9,1},{8,3,2,9,4,6,0,0,0},{0,0,0,0,0,0,0,0,0},{0,0,0,0,0,0,0,0,0},{0,0,0,0,0,0,0,0,0},{0,0,0,0,0,0,0,0,0},{0,0,0,0,0,0,0,0,0},{0,0,0,0,0,0,0,0,0},{0,0,0,0,0,0,0,0,0}}
]
13:19:12.474 [main] INFO  sudoku.model.SudokuBoard - Wartość 0 wstawiona nieprawidłowo
13:19:12.477 [main] INFO  sudoku.model.SudokuBoard - Bład w kwadracie 0
sudoku.model.SudokuBoard@49491770[
  size=9
  solver=sudoku.model.BacktrackingSudokuSolver@5bec3e0
  board={{7,5,6,3,2,8,4,9,1},{8,3,2,9,4,6,7,0,0},{0,0,0,0,0,0,0,0,0},{0,0,0,0,0,0,0,0,0},{0,0,0,0,0,0,0,0,0},{0,0,0,0,0,0,0,0,0},{0,0,0,0,0,0,0,0,0},{0,0,0,0,0,0,0,0,0},{0,0,0,0,0,0,0,0,0}}
]
13:19:12.482 [main] INFO  sudoku.model.SudokuBoard - Wartość 0 wstawiona nieprawidłowo
13:19:12.482 [main] INFO  sudoku.model.SudokuBoard - Bład w kwadracie 0
sudoku.model.SudokuBoard@49491770[
  size=9
  solver=sudoku.model.BacktrackingSudokuSolver@5bec3e0
  board={{7,5,6,3,2,8,4,9,1},{8,3,2,9,4,6,0,0,0},{0,0,0,0,0,0,0,0,0},{0,0,0,0,0,0,0,0,0},{0,0,0,0,0,0,0,0,0},{0,0,0,0,0,0,0,0,0},{0,0,0,0,0,0,0,0,0},{0,0,0,0,0,0,0,0,0},{0,0,0,0,0,0,0,0,0}}
]
13:19:12.482 [main] INFO  sudoku.model.SudokuBoard - Wartość 0 wstawiona nieprawidłowo
13:19:12.483 [main] INFO  sudoku.model.SudokuBoard - Bład w kwadracie 0
sudoku.model.SudokuBoard@49491770[
  size=9
  solver=sudoku.model.BacktrackingSudokuSolver@5bec3e0
  board={{7,5,6,3,2,8,4,9,1},{8,3,2,9,4,0,0,0,0},{0,0,0,0,0,0,0,0,0},{0,0,0,0,0,0,0,0,0},{0,0,0,0,0,0,0,0,0},{0,0,0,0,0,0,0,0,0},{0,0,0,0,0,0,0,0,0},{0,0,0,0,0,0,0,0,0},{0,0,0,0,0,0,0,0,0}}
]
13:19:12.484 [main] INFO  sudoku.model.SudokuBoard - Wartość 0 wstawiona nieprawidłowo
13:19:12.484 [main] INFO  sudoku.model.SudokuBoard - Bład w kwadracie 0
sudoku.model.SudokuBoard@49491770[
  size=9
  solver=sudoku.model.BacktrackingSudokuSolver@5bec3e0
  board={{7,5,6,3,2,8,4,9,1},{8,3,2,9,4,7,5,0,0},{0,0,0,0,0,0,0,0,0},{0,0,0,0,0,0,0,0,0},{0,0,0,0,0,0,0,0,0},{0,0,0,0,0,0,0,0,0},{0,0,0,0,0,0,0,0,0},{0,0,0,0,0,0,0,0,0},{0,0,0,0,0,0,0,0,0}}
]
13:19:12.484 [main] INFO  sudoku.model.SudokuBoard - Wartość 0 wstawiona nieprawidłowo
13:19:12.484 [main] INFO  sudoku.model.SudokuBoard - Bład w kwadracie 0
sudoku.model.SudokuBoard@49491770[
  size=9
  solver=sudoku.model.BacktrackingSudokuSolver@5bec3e0
  board={{7,5,6,3,2,8,4,9,1},{8,3,2,9,4,7,0,0,0},{0,0,0,0,0,0,0,0,0},{0,0,0,0,0,0,0,0,0},{0,0,0,0,0,0,0,0,0},{0,0,0,0,0,0,0,0,0},{0,0,0,0,0,0,0,0,0},{0,0,0,0,0,0,0,0,0},{0,0,0,0,0,0,0,0,0}}
]
13:19:12.484 [main] INFO  sudoku.model.SudokuBoard - Wartość 0 wstawiona nieprawidłowo
13:19:12.485 [main] INFO  sudoku.model.SudokuBoard - Bład w kwadracie 0
sudoku.model.SudokuBoard@49491770[
  size=9
  solver=sudoku.model.BacktrackingSudokuSolver@5bec3e0
  board={{7,5,6,3,2,8,4,9,1},{8,3,2,9,4,7,6,0,0},{0,0,0,0,0,0,0,0,0},{0,0,0,0,0,0,0,0,0},{0,0,0,0,0,0,0,0,0},{0,0,0,0,0,0,0,0,0},{0,0,0,0,0,0,0,0,0},{0,0,0,0,0,0,0,0,0},{0,0,0,0,0,0,0,0,0}}
]
13:19:12.485 [main] INFO  sudoku.model.SudokuBoard - Wartość 0 wstawiona nieprawidłowo
13:19:12.485 [main] INFO  sudoku.model.SudokuBoard - Bład w kwadracie 0
sudoku.model.SudokuBoard@49491770[
  size=9
  solver=sudoku.model.BacktrackingSudokuSolver@5bec3e0
  board={{7,5,6,3,2,8,4,9,1},{8,3,2,9,4,7,0,0,0},{0,0,0,0,0,0,0,0,0},{0,0,0,0,0,0,0,0,0},{0,0,0,0,0,0,0,0,0},{0,0,0,0,0,0,0,0,0},{0,0,0,0,0,0,0,0,0},{0,0,0,0,0,0,0,0,0},{0,0,0,0,0,0,0,0,0}}
]
13:19:12.485 [main] INFO  sudoku.model.SudokuBoard - Wartość 0 wstawiona nieprawidłowo
13:19:12.486 [main] INFO  sudoku.model.SudokuBoard - Bład w kwadracie 0
sudoku.model.SudokuBoard@49491770[
  size=9
  solver=sudoku.model.BacktrackingSudokuSolver@5bec3e0
  board={{7,5,6,3,2,8,4,9,1},{8,3,2,9,4,0,0,0,0},{0,0,0,0,0,0,0,0,0},{0,0,0,0,0,0,0,0,0},{0,0,0,0,0,0,0,0,0},{0,0,0,0,0,0,0,0,0},{0,0,0,0,0,0,0,0,0},{0,0,0,0,0,0,0,0,0},{0,0,0,0,0,0,0,0,0}}
]
13:19:12.486 [main] INFO  sudoku.model.SudokuBoard - Wartość 0 wstawiona nieprawidłowo
13:19:12.486 [main] INFO  sudoku.model.SudokuBoard - Bład w kwadracie 0
sudoku.model.SudokuBoard@49491770[
  size=9
  solver=sudoku.model.BacktrackingSudokuSolver@5bec3e0
  board={{7,5,6,3,2,8,4,9,1},{8,3,2,9,4,1,5,6,7},{9,4,1,5,6,7,8,2,3},{4,1,5,8,9,6,2,0,0},{0,0,0,0,0,0,0,0,0},{0,0,0,0,0,0,0,0,0},{0,0,0,0,0,0,0,0,0},{0,0,0,0,0,0,0,0,0},{0,0,0,0,0,0,0,0,0}}
]
13:19:12.486 [main] INFO  sudoku.model.SudokuBoard - Wartość 0 wstawiona nieprawidłowo
13:19:12.487 [main] INFO  sudoku.model.SudokuBoard - Bład w kwadracie 0
sudoku.model.SudokuBoard@49491770[
  size=9
  solver=sudoku.model.BacktrackingSudokuSolver@5bec3e0
  board={{7,5,6,3,2,8,4,9,1},{8,3,2,9,4,1,5,6,7},{9,4,1,5,6,7,8,2,3},{4,1,5,8,9,6,2,0,0},{0,0,0,0,0,0,0,0,0},{0,0,0,0,0,0,0,0,0},{0,0,0,0,0,0,0,0,0},{0,0,0,0,0,0,0,0,0},{0,0,0,0,0,0,0,0,0}}
]
13:19:12.487 [main] INFO  sudoku.model.SudokuBoard - Wartość 0 wstawiona nieprawidłowo
13:19:12.487 [main] INFO  sudoku.model.SudokuBoard - Bład w kwadracie 0
sudoku.model.SudokuBoard@49491770[
  size=9
  solver=sudoku.model.BacktrackingSudokuSolver@5bec3e0
  board={{7,5,6,3,2,8,4,9,1},{8,3,2,9,4,1,5,6,7},{9,4,1,5,6,7,8,2,3},{4,1,5,8,9,6,0,0,0},{0,0,0,0,0,0,0,0,0},{0,0,0,0,0,0,0,0,0},{0,0,0,0,0,0,0,0,0},{0,0,0,0,0,0,0,0,0},{0,0,0,0,0,0,0,0,0}}
]
13:19:12.488 [main] INFO  sudoku.model.SudokuBoard - Wartość 0 wstawiona nieprawidłowo
13:19:12.488 [main] INFO  sudoku.model.SudokuBoard - Bład w kwadracie 0
sudoku.model.SudokuBoard@49491770[
  size=9
  solver=sudoku.model.BacktrackingSudokuSolver@5bec3e0
  board={{7,5,6,3,2,8,4,9,1},{8,3,2,9,4,1,5,6,7},{9,4,1,5,6,7,8,2,3},{4,1,5,8,9,6,3,7,2},{6,9,3,1,5,0,0,0,0},{0,0,0,0,0,0,0,0,0},{0,0,0,0,0,0,0,0,0},{0,0,0,0,0,0,0,0,0},{0,0,0,0,0,0,0,0,0}}
]
13:19:12.488 [main] INFO  sudoku.model.SudokuBoard - Wartość 0 wstawiona nieprawidłowo
13:19:12.489 [main] INFO  sudoku.model.SudokuBoard - Bład w kwadracie 0
sudoku.model.SudokuBoard@49491770[
  size=9
  solver=sudoku.model.BacktrackingSudokuSolver@5bec3e0
  board={{7,5,6,3,2,8,4,9,1},{8,3,2,9,4,1,5,6,7},{9,4,1,5,6,7,8,2,3},{4,1,5,8,9,6,3,7,2},{6,9,3,1,5,0,0,0,0},{0,0,0,0,0,0,0,0,0},{0,0,0,0,0,0,0,0,0},{0,0,0,0,0,0,0,0,0},{0,0,0,0,0,0,0,0,0}}
]
13:19:12.490 [main] INFO  sudoku.model.SudokuBoard - Wartość 0 wstawiona nieprawidłowo
13:19:12.490 [main] INFO  sudoku.model.SudokuBoard - Bład w kwadracie 0
sudoku.model.SudokuBoard@49491770[
  size=9
  solver=sudoku.model.BacktrackingSudokuSolver@5bec3e0
  board={{7,5,6,3,2,8,4,9,1},{8,3,2,9,4,1,5,6,7},{9,4,1,5,6,7,8,2,3},{4,1,5,8,9,6,3,7,2},{6,9,3,1,0,0,0,0,0},{0,0,0,0,0,0,0,0,0},{0,0,0,0,0,0,0,0,0},{0,0,0,0,0,0,0,0,0},{0,0,0,0,0,0,0,0,0}}
]
13:19:12.490 [main] INFO  sudoku.model.SudokuBoard - Wartość 0 wstawiona nieprawidłowo
13:19:12.490 [main] INFO  sudoku.model.SudokuBoard - Bład w kwadracie 0
sudoku.model.SudokuBoard@49491770[
  size=9
  solver=sudoku.model.BacktrackingSudokuSolver@5bec3e0
  board={{7,5,6,3,2,8,4,9,1},{8,3,2,9,4,1,5,6,7},{9,4,1,5,6,7,8,2,3},{4,1,5,8,9,6,3,7,2},{6,9,3,1,7,0,0,0,0},{0,0,0,0,0,0,0,0,0},{0,0,0,0,0,0,0,0,0},{0,0,0,0,0,0,0,0,0},{0,0,0,0,0,0,0,0,0}}
]
13:19:12.491 [main] INFO  sudoku.model.SudokuBoard - Wartość 0 wstawiona nieprawidłowo
13:19:12.492 [main] INFO  sudoku.model.SudokuBoard - Bład w kwadracie 0
sudoku.model.SudokuBoard@49491770[
  size=9
  solver=sudoku.model.BacktrackingSudokuSolver@5bec3e0
  board={{7,5,6,3,2,8,4,9,1},{8,3,2,9,4,1,5,6,7},{9,4,1,5,6,7,8,2,3},{4,1,5,8,9,6,3,7,2},{6,9,3,1,7,0,0,0,0},{0,0,0,0,0,0,0,0,0},{0,0,0,0,0,0,0,0,0},{0,0,0,0,0,0,0,0,0},{0,0,0,0,0,0,0,0,0}}
]
13:19:12.492 [main] INFO  sudoku.model.SudokuBoard - Wartość 0 wstawiona nieprawidłowo
13:19:12.492 [main] INFO  sudoku.model.SudokuBoard - Bład w kwadracie 0
sudoku.model.SudokuBoard@49491770[
  size=9
  solver=sudoku.model.BacktrackingSudokuSolver@5bec3e0
  board={{7,5,6,3,2,8,4,9,1},{8,3,2,9,4,1,5,6,7},{9,4,1,5,6,7,8,2,3},{4,1,5,8,9,6,3,7,2},{6,9,3,1,7,0,0,0,0},{0,0,0,0,0,0,0,0,0},{0,0,0,0,0,0,0,0,0},{0,0,0,0,0,0,0,0,0},{0,0,0,0,0,0,0,0,0}}
]
13:19:12.492 [main] INFO  sudoku.model.SudokuBoard - Wartość 0 wstawiona nieprawidłowo
13:19:12.493 [main] INFO  sudoku.model.SudokuBoard - Bład w kwadracie 0
sudoku.model.SudokuBoard@49491770[
  size=9
  solver=sudoku.model.BacktrackingSudokuSolver@5bec3e0
  board={{7,5,6,3,2,8,4,9,1},{8,3,2,9,4,1,5,6,7},{9,4,1,5,6,7,8,2,3},{4,1,5,8,9,6,3,7,2},{6,9,3,1,0,0,0,0,0},{0,0,0,0,0,0,0,0,0},{0,0,0,0,0,0,0,0,0},{0,0,0,0,0,0,0,0,0},{0,0,0,0,0,0,0,0,0}}
]
13:19:12.493 [main] INFO  sudoku.model.SudokuBoard - Wartość 0 wstawiona nieprawidłowo
13:19:12.493 [main] INFO  sudoku.model.SudokuBoard - Bład w kwadracie 0
sudoku.model.SudokuBoard@49491770[
  size=9
  solver=sudoku.model.BacktrackingSudokuSolver@5bec3e0
  board={{7,5,6,3,2,8,4,9,1},{8,3,2,9,4,1,5,6,7},{9,4,1,5,6,7,8,2,3},{4,1,5,8,9,6,3,7,2},{6,9,3,0,0,0,0,0,0},{0,0,0,0,0,0,0,0,0},{0,0,0,0,0,0,0,0,0},{0,0,0,0,0,0,0,0,0},{0,0,0,0,0,0,0,0,0}}
]
13:19:12.493 [main] INFO  sudoku.model.SudokuBoard - Wartość 0 wstawiona nieprawidłowo
13:19:12.494 [main] INFO  sudoku.model.SudokuBoard - Bład w kwadracie 0
sudoku.model.SudokuBoard@49491770[
  size=9
  solver=sudoku.model.BacktrackingSudokuSolver@5bec3e0
  board={{7,5,6,3,2,8,4,9,1},{8,3,2,9,4,1,5,6,7},{9,4,1,5,6,7,8,2,3},{4,1,5,8,9,6,3,7,2},{6,9,3,2,5,4,1,0,0},{0,0,0,0,0,0,0,0,0},{0,0,0,0,0,0,0,0,0},{0,0,0,0,0,0,0,0,0},{0,0,0,0,0,0,0,0,0}}
]
13:19:12.494 [main] INFO  sudoku.model.SudokuBoard - Wartość 0 wstawiona nieprawidłowo
13:19:12.494 [main] INFO  sudoku.model.SudokuBoard - Bład w kwadracie 0
sudoku.model.SudokuBoard@49491770[
  size=9
  solver=sudoku.model.BacktrackingSudokuSolver@5bec3e0
  board={{7,5,6,3,2,8,4,9,1},{8,3,2,9,4,1,5,6,7},{9,4,1,5,6,7,8,2,3},{4,1,5,8,9,6,3,7,2},{6,9,3,2,5,4,0,0,0},{0,0,0,0,0,0,0,0,0},{0,0,0,0,0,0,0,0,0},{0,0,0,0,0,0,0,0,0},{0,0,0,0,0,0,0,0,0}}
]
13:19:12.495 [main] INFO  sudoku.model.SudokuBoard - Wartość 0 wstawiona nieprawidłowo
13:19:12.495 [main] INFO  sudoku.model.SudokuBoard - Bład w kwadracie 0
sudoku.model.SudokuBoard@49491770[
  size=9
  solver=sudoku.model.BacktrackingSudokuSolver@5bec3e0
  board={{7,5,6,3,2,8,4,9,1},{8,3,2,9,4,1,5,6,7},{9,4,1,5,6,7,8,2,3},{4,1,5,8,9,6,3,7,2},{6,9,3,2,5,0,0,0,0},{0,0,0,0,0,0,0,0,0},{0,0,0,0,0,0,0,0,0},{0,0,0,0,0,0,0,0,0},{0,0,0,0,0,0,0,0,0}}
]
13:19:12.495 [main] INFO  sudoku.model.SudokuBoard - Wartość 0 wstawiona nieprawidłowo
13:19:12.496 [main] INFO  sudoku.model.SudokuBoard - Bład w kwadracie 0
sudoku.model.SudokuBoard@49491770[
  size=9
  solver=sudoku.model.BacktrackingSudokuSolver@5bec3e0
  board={{7,5,6,3,2,8,4,9,1},{8,3,2,9,4,1,5,6,7},{9,4,1,5,6,7,8,2,3},{4,1,5,8,9,6,3,7,2},{6,9,3,2,0,0,0,0,0},{0,0,0,0,0,0,0,0,0},{0,0,0,0,0,0,0,0,0},{0,0,0,0,0,0,0,0,0},{0,0,0,0,0,0,0,0,0}}
]
13:19:12.496 [main] INFO  sudoku.model.SudokuBoard - Wartość 0 wstawiona nieprawidłowo
13:19:12.498 [main] INFO  sudoku.model.SudokuBoard - Bład w kwadracie 0
sudoku.model.SudokuBoard@49491770[
  size=9
  solver=sudoku.model.BacktrackingSudokuSolver@5bec3e0
  board={{7,5,6,3,2,8,4,9,1},{8,3,2,9,4,1,5,6,7},{9,4,1,5,6,7,8,2,3},{4,1,5,8,9,6,3,7,2},{6,9,3,2,7,5,1,8,4},{2,7,8,1,3,4,9,5,6},{5,6,9,4,1,2,7,3,8},{1,8,7,6,5,9,2,0,0},{0,0,0,0,0,0,0,0,0}}
]
13:19:12.498 [main] INFO  sudoku.model.SudokuBoard - Wartość 0 wstawiona nieprawidłowo
13:19:12.498 [main] INFO  sudoku.model.SudokuBoard - Bład w kwadracie 0
sudoku.model.SudokuBoard@49491770[
  size=9
  solver=sudoku.model.BacktrackingSudokuSolver@5bec3e0
  board={{7,5,6,3,2,8,4,9,1},{8,3,2,9,4,1,5,6,7},{9,4,1,5,6,7,8,2,3},{4,1,5,8,9,6,3,7,2},{6,9,3,2,7,5,1,8,4},{2,7,8,1,3,4,9,5,6},{5,6,9,4,1,2,7,3,8},{1,8,7,6,5,9,0,0,0},{0,0,0,0,0,0,0,0,0}}
]
13:19:12.498 [main] INFO  sudoku.model.SudokuBoard - Wartość 0 wstawiona nieprawidłowo
13:19:12.499 [main] INFO  sudoku.model.SudokuBoard - Bład w kwadracie 0
sudoku.model.SudokuBoard@49491770[
  size=9
  solver=sudoku.model.BacktrackingSudokuSolver@5bec3e0
  board={{7,5,6,3,2,8,4,9,1},{8,3,2,9,4,1,5,6,7},{9,4,1,5,6,7,8,2,3},{4,1,5,8,9,6,3,7,2},{6,9,3,2,7,5,1,8,4},{2,7,8,1,3,4,9,5,6},{5,6,9,4,1,2,7,3,8},{1,8,7,6,5,0,0,0,0},{0,0,0,0,0,0,0,0,0}}
]
13:19:12.499 [main] INFO  sudoku.model.SudokuBoard - Wartość 0 wstawiona nieprawidłowo
13:19:12.502 [main] INFO  sudoku.model.SudokuBoard - Bład w kwadracie 0
sudoku.model.SudokuBoard@7159d601[
  size=9
  solver=sudoku.model.BacktrackingSudokuSolver@70b33256
  board={{6,7,8,5,4,9,1,2,3},{3,1,4,7,2,6,8,9,5},{5,9,2,3,8,1,6,4,7},{4,5,6,8,3,2,9,0,0},{0,0,0,0,0,0,0,0,0},{0,0,0,0,0,0,0,0,0},{0,0,0,0,0,0,0,0,0},{0,0,0,0,0,0,0,0,0},{0,0,0,0,0,0,0,0,0}}
]
13:19:12.502 [main] INFO  sudoku.model.SudokuBoard - Wartość 0 wstawiona nieprawidłowo
13:19:12.503 [main] INFO  sudoku.model.SudokuBoard - Bład w kwadracie 0
sudoku.model.SudokuBoard@7159d601[
  size=9
  solver=sudoku.model.BacktrackingSudokuSolver@70b33256
  board={{6,7,8,5,4,9,1,2,3},{3,1,4,7,2,6,8,9,5},{5,9,2,3,8,1,6,4,7},{4,5,6,8,3,2,9,7,1},{7,8,3,4,0,0,0,0,0},{0,0,0,0,0,0,0,0,0},{0,0,0,0,0,0,0,0,0},{0,0,0,0,0,0,0,0,0},{0,0,0,0,0,0,0,0,0}}
]
13:19:12.509 [main] INFO  sudoku.model.SudokuBoard - Wartość 0 wstawiona nieprawidłowo
13:19:12.516 [main] INFO  sudoku.model.SudokuBoard - Bład w kwadracie 0
sudoku.model.SudokuBoard@7159d601[
  size=9
  solver=sudoku.model.BacktrackingSudokuSolver@70b33256
  board={{6,7,8,5,4,9,1,2,3},{3,1,4,7,2,6,8,9,5},{5,9,2,3,8,1,6,4,7},{4,5,6,8,3,2,9,7,1},{7,8,3,4,6,5,0,0,0},{0,0,0,0,0,0,0,0,0},{0,0,0,0,0,0,0,0,0},{0,0,0,0,0,0,0,0,0},{0,0,0,0,0,0,0,0,0}}
]
13:19:12.516 [main] INFO  sudoku.model.SudokuBoard - Wartość 0 wstawiona nieprawidłowo
13:19:12.517 [main] INFO  sudoku.model.SudokuBoard - Bład w kwadracie 0
sudoku.model.SudokuBoard@7159d601[
  size=9
  solver=sudoku.model.BacktrackingSudokuSolver@70b33256
  board={{6,7,8,5,4,9,1,2,3},{3,1,4,7,2,6,8,9,5},{5,9,2,3,8,1,6,4,7},{4,5,6,8,3,2,9,7,1},{7,8,3,4,6,0,0,0,0},{0,0,0,0,0,0,0,0,0},{0,0,0,0,0,0,0,0,0},{0,0,0,0,0,0,0,0,0},{0,0,0,0,0,0,0,0,0}}
]
13:19:12.517 [main] INFO  sudoku.model.SudokuBoard - Wartość 0 wstawiona nieprawidłowo
13:19:12.517 [main] INFO  sudoku.model.SudokuBoard - Bład w kwadracie 0
sudoku.model.SudokuBoard@7159d601[
  size=9
  solver=sudoku.model.BacktrackingSudokuSolver@70b33256
  board={{6,7,8,5,4,9,1,2,3},{3,1,4,7,2,6,8,9,5},{5,9,2,3,8,1,6,4,7},{4,5,6,8,3,2,9,7,1},{7,8,3,4,0,0,0,0,0},{0,0,0,0,0,0,0,0,0},{0,0,0,0,0,0,0,0,0},{0,0,0,0,0,0,0,0,0},{0,0,0,0,0,0,0,0,0}}
]
13:19:12.517 [main] INFO  sudoku.model.SudokuBoard - Wartość 0 wstawiona nieprawidłowo
13:19:12.518 [main] INFO  sudoku.model.SudokuBoard - Bład w kwadracie 0
sudoku.model.SudokuBoard@7159d601[
  size=9
  solver=sudoku.model.BacktrackingSudokuSolver@70b33256
  board={{6,7,8,5,4,9,1,2,3},{3,1,4,7,2,6,8,9,5},{5,9,2,3,8,1,6,4,7},{4,5,6,8,3,2,9,7,1},{7,8,3,4,9,5,2,0,0},{0,0,0,0,0,0,0,0,0},{0,0,0,0,0,0,0,0,0},{0,0,0,0,0,0,0,0,0},{0,0,0,0,0,0,0,0,0}}
]
13:19:12.518 [main] INFO  sudoku.model.SudokuBoard - Wartość 0 wstawiona nieprawidłowo
13:19:12.518 [main] INFO  sudoku.model.SudokuBoard - Bład w kwadracie 0
sudoku.model.SudokuBoard@7159d601[
  size=9
  solver=sudoku.model.BacktrackingSudokuSolver@70b33256
  board={{6,7,8,5,4,9,1,2,3},{3,1,4,7,2,6,8,9,5},{5,9,2,3,8,1,6,4,7},{4,5,6,8,3,2,9,7,1},{7,8,3,4,9,5,0,0,0},{0,0,0,0,0,0,0,0,0},{0,0,0,0,0,0,0,0,0},{0,0,0,0,0,0,0,0,0},{0,0,0,0,0,0,0,0,0}}
]
13:19:12.518 [main] INFO  sudoku.model.SudokuBoard - Wartość 0 wstawiona nieprawidłowo
13:19:12.518 [main] INFO  sudoku.model.SudokuBoard - Bład w kwadracie 0
sudoku.model.SudokuBoard@7159d601[
  size=9
  solver=sudoku.model.BacktrackingSudokuSolver@70b33256
  board={{6,7,8,5,4,9,1,2,3},{3,1,4,7,2,6,8,9,5},{5,9,2,3,8,1,6,4,7},{4,5,6,8,3,2,9,7,1},{7,8,3,4,9,0,0,0,0},{0,0,0,0,0,0,0,0,0},{0,0,0,0,0,0,0,0,0},{0,0,0,0,0,0,0,0,0},{0,0,0,0,0,0,0,0,0}}
]
13:19:12.518 [main] INFO  sudoku.model.SudokuBoard - Wartość 0 wstawiona nieprawidłowo
13:19:12.519 [main] INFO  sudoku.model.SudokuBoard - Bład w kwadracie 0
sudoku.model.SudokuBoard@7159d601[
  size=9
  solver=sudoku.model.BacktrackingSudokuSolver@70b33256
  board={{6,7,8,5,4,9,1,2,3},{3,1,4,7,2,6,8,9,5},{5,9,2,3,8,1,6,4,7},{4,5,6,8,3,2,9,7,1},{7,8,3,4,0,0,0,0,0},{0,0,0,0,0,0,0,0,0},{0,0,0,0,0,0,0,0,0},{0,0,0,0,0,0,0,0,0},{0,0,0,0,0,0,0,0,0}}
]
13:19:12.519 [main] INFO  sudoku.model.SudokuBoard - Wartość 0 wstawiona nieprawidłowo
13:19:12.519 [main] INFO  sudoku.model.SudokuBoard - Bład w kwadracie 0
sudoku.model.SudokuBoard@7159d601[
  size=9
  solver=sudoku.model.BacktrackingSudokuSolver@70b33256
  board={{6,7,8,5,4,9,1,2,3},{3,1,4,7,2,6,8,9,5},{5,9,2,3,8,1,6,4,7},{4,5,6,8,3,2,9,7,1},{7,8,3,4,1,5,2,0,0},{0,0,0,0,0,0,0,0,0},{0,0,0,0,0,0,0,0,0},{0,0,0,0,0,0,0,0,0},{0,0,0,0,0,0,0,0,0}}
]
13:19:12.519 [main] INFO  sudoku.model.SudokuBoard - Wartość 0 wstawiona nieprawidłowo
13:19:12.519 [main] INFO  sudoku.model.SudokuBoard - Bład w kwadracie 0
sudoku.model.SudokuBoard@7159d601[
  size=9
  solver=sudoku.model.BacktrackingSudokuSolver@70b33256
  board={{6,7,8,5,4,9,1,2,3},{3,1,4,7,2,6,8,9,5},{5,9,2,3,8,1,6,4,7},{4,5,6,8,3,2,9,7,1},{7,8,3,4,1,5,0,0,0},{0,0,0,0,0,0,0,0,0},{0,0,0,0,0,0,0,0,0},{0,0,0,0,0,0,0,0,0},{0,0,0,0,0,0,0,0,0}}
]
13:19:12.520 [main] INFO  sudoku.model.SudokuBoard - Wartość 0 wstawiona nieprawidłowo
13:19:12.520 [main] INFO  sudoku.model.SudokuBoard - Bład w kwadracie 0
sudoku.model.SudokuBoard@7159d601[
  size=9
  solver=sudoku.model.BacktrackingSudokuSolver@70b33256
  board={{6,7,8,5,4,9,1,2,3},{3,1,4,7,2,6,8,9,5},{5,9,2,3,8,1,6,4,7},{4,5,6,8,3,2,9,7,1},{7,8,3,4,1,0,0,0,0},{0,0,0,0,0,0,0,0,0},{0,0,0,0,0,0,0,0,0},{0,0,0,0,0,0,0,0,0},{0,0,0,0,0,0,0,0,0}}
]
13:19:12.520 [main] INFO  sudoku.model.SudokuBoard - Wartość 0 wstawiona nieprawidłowo
13:19:12.520 [main] INFO  sudoku.model.SudokuBoard - Bład w kwadracie 0
sudoku.model.SudokuBoard@7159d601[
  size=9
  solver=sudoku.model.BacktrackingSudokuSolver@70b33256
  board={{6,7,8,5,4,9,1,2,3},{3,1,4,7,2,6,8,9,5},{5,9,2,3,8,1,6,4,7},{4,5,6,8,3,2,9,7,1},{7,8,3,4,0,0,0,0,0},{0,0,0,0,0,0,0,0,0},{0,0,0,0,0,0,0,0,0},{0,0,0,0,0,0,0,0,0},{0,0,0,0,0,0,0,0,0}}
]
13:19:12.520 [main] INFO  sudoku.model.SudokuBoard - Wartość 0 wstawiona nieprawidłowo
13:19:12.522 [main] INFO  sudoku.model.SudokuBoard - Bład w kwadracie 0
sudoku.model.SudokuBoard@7159d601[
  size=9
  solver=sudoku.model.BacktrackingSudokuSolver@70b33256
  board={{6,7,8,5,4,9,1,2,3},{3,1,4,7,2,6,8,9,5},{5,9,2,3,8,1,6,4,7},{4,5,6,8,3,2,9,7,1},{7,8,3,0,0,0,0,0,0},{0,0,0,0,0,0,0,0,0},{0,0,0,0,0,0,0,0,0},{0,0,0,0,0,0,0,0,0},{0,0,0,0,0,0,0,0,0}}
]
13:19:12.523 [main] INFO  sudoku.model.SudokuBoard - Wartość 0 wstawiona nieprawidłowo
13:19:12.523 [main] INFO  sudoku.model.SudokuBoard - Bład w kwadracie 0
sudoku.model.SudokuBoard@7159d601[
  size=9
  solver=sudoku.model.BacktrackingSudokuSolver@70b33256
  board={{6,7,8,5,4,9,1,2,3},{3,1,4,7,2,6,8,9,5},{5,9,2,3,8,1,6,4,7},{4,5,6,8,3,2,9,7,1},{7,8,3,6,1,4,2,0,0},{0,0,0,0,0,0,0,0,0},{0,0,0,0,0,0,0,0,0},{0,0,0,0,0,0,0,0,0},{0,0,0,0,0,0,0,0,0}}
]
13:19:12.523 [main] INFO  sudoku.model.SudokuBoard - Wartość 0 wstawiona nieprawidłowo
13:19:12.523 [main] INFO  sudoku.model.SudokuBoard - Bład w kwadracie 0
sudoku.model.SudokuBoard@7159d601[
  size=9
  solver=sudoku.model.BacktrackingSudokuSolver@70b33256
  board={{6,7,8,5,4,9,1,2,3},{3,1,4,7,2,6,8,9,5},{5,9,2,3,8,1,6,4,7},{4,5,6,8,3,2,9,7,1},{7,8,3,6,1,4,0,0,0},{0,0,0,0,0,0,0,0,0},{0,0,0,0,0,0,0,0,0},{0,0,0,0,0,0,0,0,0},{0,0,0,0,0,0,0,0,0}}
]
13:19:12.523 [main] INFO  sudoku.model.SudokuBoard - Wartość 0 wstawiona nieprawidłowo
13:19:12.524 [main] INFO  sudoku.model.SudokuBoard - Bład w kwadracie 0
sudoku.model.SudokuBoard@7159d601[
  size=9
  solver=sudoku.model.BacktrackingSudokuSolver@70b33256
  board={{6,7,8,5,4,9,1,2,3},{3,1,4,7,2,6,8,9,5},{5,9,2,3,8,1,6,4,7},{4,5,6,8,3,2,9,7,1},{7,8,3,6,1,4,0,0,0},{0,0,0,0,0,0,0,0,0},{0,0,0,0,0,0,0,0,0},{0,0,0,0,0,0,0,0,0},{0,0,0,0,0,0,0,0,0}}
]
13:19:12.524 [main] INFO  sudoku.model.SudokuBoard - Wartość 0 wstawiona nieprawidłowo
13:19:12.524 [main] INFO  sudoku.model.SudokuBoard - Bład w kwadracie 0
sudoku.model.SudokuBoard@7159d601[
  size=9
  solver=sudoku.model.BacktrackingSudokuSolver@70b33256
  board={{6,7,8,5,4,9,1,2,3},{3,1,4,7,2,6,8,9,5},{5,9,2,3,8,1,6,4,7},{4,5,6,8,3,2,9,7,1},{7,8,3,6,1,0,0,0,0},{0,0,0,0,0,0,0,0,0},{0,0,0,0,0,0,0,0,0},{0,0,0,0,0,0,0,0,0},{0,0,0,0,0,0,0,0,0}}
]
13:19:12.524 [main] INFO  sudoku.model.SudokuBoard - Wartość 0 wstawiona nieprawidłowo
13:19:12.524 [main] INFO  sudoku.model.SudokuBoard - Bład w kwadracie 0
sudoku.model.SudokuBoard@7159d601[
  size=9
  solver=sudoku.model.BacktrackingSudokuSolver@70b33256
  board={{6,7,8,5,4,9,1,2,3},{3,1,4,7,2,6,8,9,5},{5,9,2,3,8,1,6,4,7},{4,5,6,8,3,2,9,7,1},{7,8,3,6,1,5,0,0,0},{0,0,0,0,0,0,0,0,0},{0,0,0,0,0,0,0,0,0},{0,0,0,0,0,0,0,0,0},{0,0,0,0,0,0,0,0,0}}
]
13:19:12.524 [main] INFO  sudoku.model.SudokuBoard - Wartość 0 wstawiona nieprawidłowo
13:19:12.524 [main] INFO  sudoku.model.SudokuBoard - Bład w kwadracie 0
sudoku.model.SudokuBoard@7159d601[
  size=9
  solver=sudoku.model.BacktrackingSudokuSolver@70b33256
  board={{6,7,8,5,4,9,1,2,3},{3,1,4,7,2,6,8,9,5},{5,9,2,3,8,1,6,4,7},{4,5,6,8,3,2,9,7,1},{7,8,3,6,1,5,0,0,0},{0,0,0,0,0,0,0,0,0},{0,0,0,0,0,0,0,0,0},{0,0,0,0,0,0,0,0,0},{0,0,0,0,0,0,0,0,0}}
]
13:19:12.524 [main] INFO  sudoku.model.SudokuBoard - Wartość 0 wstawiona nieprawidłowo
13:19:12.525 [main] INFO  sudoku.model.SudokuBoard - Bład w kwadracie 0
sudoku.model.SudokuBoard@7159d601[
  size=9
  solver=sudoku.model.BacktrackingSudokuSolver@70b33256
  board={{6,7,8,5,4,9,1,2,3},{3,1,4,7,2,6,8,9,5},{5,9,2,3,8,1,6,4,7},{4,5,6,8,3,2,9,7,1},{7,8,3,6,1,0,0,0,0},{0,0,0,0,0,0,0,0,0},{0,0,0,0,0,0,0,0,0},{0,0,0,0,0,0,0,0,0},{0,0,0,0,0,0,0,0,0}}
]
13:19:12.525 [main] INFO  sudoku.model.SudokuBoard - Wartość 0 wstawiona nieprawidłowo
13:19:12.525 [main] INFO  sudoku.model.SudokuBoard - Bład w kwadracie 0
sudoku.model.SudokuBoard@7159d601[
  size=9
  solver=sudoku.model.BacktrackingSudokuSolver@70b33256
  board={{6,7,8,5,4,9,1,2,3},{3,1,4,7,2,6,8,9,5},{5,9,2,3,8,1,6,4,7},{4,5,6,8,3,2,9,7,1},{7,8,3,6,0,0,0,0,0},{0,0,0,0,0,0,0,0,0},{0,0,0,0,0,0,0,0,0},{0,0,0,0,0,0,0,0,0},{0,0,0,0,0,0,0,0,0}}
]
13:19:12.525 [main] INFO  sudoku.model.SudokuBoard - Wartość 0 wstawiona nieprawidłowo
13:19:12.525 [main] INFO  sudoku.model.SudokuBoard - Bład w kwadracie 0
sudoku.model.SudokuBoard@7159d601[
  size=9
  solver=sudoku.model.BacktrackingSudokuSolver@70b33256
  board={{6,7,8,5,4,9,1,2,3},{3,1,4,7,2,6,8,9,5},{5,9,2,3,8,1,6,4,7},{4,5,6,8,3,2,9,7,1},{7,8,3,6,5,4,0,0,0},{0,0,0,0,0,0,0,0,0},{0,0,0,0,0,0,0,0,0},{0,0,0,0,0,0,0,0,0},{0,0,0,0,0,0,0,0,0}}
]
13:19:12.525 [main] INFO  sudoku.model.SudokuBoard - Wartość 0 wstawiona nieprawidłowo
13:19:12.530 [main] INFO  sudoku.model.SudokuBoard - Bład w kwadracie 0
sudoku.model.SudokuBoard@7159d601[
  size=9
  solver=sudoku.model.BacktrackingSudokuSolver@70b33256
  board={{6,7,8,5,4,9,1,2,3},{3,1,4,7,2,6,8,9,5},{5,9,2,3,8,1,6,4,7},{4,5,6,8,3,2,9,7,1},{7,8,3,6,5,0,0,0,0},{0,0,0,0,0,0,0,0,0},{0,0,0,0,0,0,0,0,0},{0,0,0,0,0,0,0,0,0},{0,0,0,0,0,0,0,0,0}}
]
13:19:12.530 [main] INFO  sudoku.model.SudokuBoard - Wartość 0 wstawiona nieprawidłowo
13:19:12.530 [main] INFO  sudoku.model.SudokuBoard - Bład w kwadracie 0
sudoku.model.SudokuBoard@7159d601[
  size=9
  solver=sudoku.model.BacktrackingSudokuSolver@70b33256
  board={{6,7,8,5,4,9,1,2,3},{3,1,4,7,2,6,8,9,5},{5,9,2,3,8,1,6,4,7},{4,5,6,8,3,2,9,7,1},{7,8,3,6,0,0,0,0,0},{0,0,0,0,0,0,0,0,0},{0,0,0,0,0,0,0,0,0},{0,0,0,0,0,0,0,0,0},{0,0,0,0,0,0,0,0,0}}
]
13:19:12.530 [main] INFO  sudoku.model.SudokuBoard - Wartość 0 wstawiona nieprawidłowo
13:19:12.530 [main] INFO  sudoku.model.SudokuBoard - Bład w kwadracie 0
sudoku.model.SudokuBoard@7159d601[
  size=9
  solver=sudoku.model.BacktrackingSudokuSolver@70b33256
  board={{6,7,8,5,4,9,1,2,3},{3,1,4,7,2,6,8,9,5},{5,9,2,3,8,1,6,4,7},{4,5,6,8,3,2,9,7,1},{7,8,3,6,9,4,2,0,0},{0,0,0,0,0,0,0,0,0},{0,0,0,0,0,0,0,0,0},{0,0,0,0,0,0,0,0,0},{0,0,0,0,0,0,0,0,0}}
]
13:19:12.531 [main] INFO  sudoku.model.SudokuBoard - Wartość 0 wstawiona nieprawidłowo
13:19:12.531 [main] INFO  sudoku.model.SudokuBoard - Bład w kwadracie 0
sudoku.model.SudokuBoard@7159d601[
  size=9
  solver=sudoku.model.BacktrackingSudokuSolver@70b33256
  board={{6,7,8,5,4,9,1,2,3},{3,1,4,7,2,6,8,9,5},{5,9,2,3,8,1,6,4,7},{4,5,6,8,3,2,9,7,1},{7,8,3,6,9,4,0,0,0},{0,0,0,0,0,0,0,0,0},{0,0,0,0,0,0,0,0,0},{0,0,0,0,0,0,0,0,0},{0,0,0,0,0,0,0,0,0}}
]
13:19:12.531 [main] INFO  sudoku.model.SudokuBoard - Wartość 0 wstawiona nieprawidłowo
13:19:12.531 [main] INFO  sudoku.model.SudokuBoard - Bład w kwadracie 0
sudoku.model.SudokuBoard@7159d601[
  size=9
  solver=sudoku.model.BacktrackingSudokuSolver@70b33256
  board={{6,7,8,5,4,9,1,2,3},{3,1,4,7,2,6,8,9,5},{5,9,2,3,8,1,6,4,7},{4,5,6,8,3,2,9,7,1},{7,8,3,6,9,4,0,0,0},{0,0,0,0,0,0,0,0,0},{0,0,0,0,0,0,0,0,0},{0,0,0,0,0,0,0,0,0},{0,0,0,0,0,0,0,0,0}}
]
13:19:12.531 [main] INFO  sudoku.model.SudokuBoard - Wartość 0 wstawiona nieprawidłowo
13:19:12.532 [main] INFO  sudoku.model.SudokuBoard - Bład w kwadracie 0
sudoku.model.SudokuBoard@7159d601[
  size=9
  solver=sudoku.model.BacktrackingSudokuSolver@70b33256
  board={{6,7,8,5,4,9,1,2,3},{3,1,4,7,2,6,8,9,5},{5,9,2,3,8,1,6,4,7},{4,5,6,8,3,2,9,7,1},{7,8,3,6,9,0,0,0,0},{0,0,0,0,0,0,0,0,0},{0,0,0,0,0,0,0,0,0},{0,0,0,0,0,0,0,0,0},{0,0,0,0,0,0,0,0,0}}
]
13:19:12.532 [main] INFO  sudoku.model.SudokuBoard - Wartość 0 wstawiona nieprawidłowo
13:19:12.532 [main] INFO  sudoku.model.SudokuBoard - Bład w kwadracie 0
sudoku.model.SudokuBoard@7159d601[
  size=9
  solver=sudoku.model.BacktrackingSudokuSolver@70b33256
  board={{6,7,8,5,4,9,1,2,3},{3,1,4,7,2,6,8,9,5},{5,9,2,3,8,1,6,4,7},{4,5,6,8,3,2,9,7,1},{7,8,3,6,9,5,0,0,0},{0,0,0,0,0,0,0,0,0},{0,0,0,0,0,0,0,0,0},{0,0,0,0,0,0,0,0,0},{0,0,0,0,0,0,0,0,0}}
]
13:19:12.532 [main] INFO  sudoku.model.SudokuBoard - Wartość 0 wstawiona nieprawidłowo
13:19:12.532 [main] INFO  sudoku.model.SudokuBoard - Bład w kwadracie 0
sudoku.model.SudokuBoard@7159d601[
  size=9
  solver=sudoku.model.BacktrackingSudokuSolver@70b33256
  board={{6,7,8,5,4,9,1,2,3},{3,1,4,7,2,6,8,9,5},{5,9,2,3,8,1,6,4,7},{4,5,6,8,3,2,9,7,1},{7,8,3,6,9,5,0,0,0},{0,0,0,0,0,0,0,0,0},{0,0,0,0,0,0,0,0,0},{0,0,0,0,0,0,0,0,0},{0,0,0,0,0,0,0,0,0}}
]
13:19:12.532 [main] INFO  sudoku.model.SudokuBoard - Wartość 0 wstawiona nieprawidłowo
13:19:12.533 [main] INFO  sudoku.model.SudokuBoard - Bład w kwadracie 0
sudoku.model.SudokuBoard@7159d601[
  size=9
  solver=sudoku.model.BacktrackingSudokuSolver@70b33256
  board={{6,7,8,5,4,9,1,2,3},{3,1,4,7,2,6,8,9,5},{5,9,2,3,8,1,6,4,7},{4,5,6,8,3,2,9,7,1},{7,8,3,6,9,0,0,0,0},{0,0,0,0,0,0,0,0,0},{0,0,0,0,0,0,0,0,0},{0,0,0,0,0,0,0,0,0},{0,0,0,0,0,0,0,0,0}}
]
13:19:12.533 [main] INFO  sudoku.model.SudokuBoard - Wartość 0 wstawiona nieprawidłowo
13:19:12.533 [main] INFO  sudoku.model.SudokuBoard - Bład w kwadracie 0
sudoku.model.SudokuBoard@7159d601[
  size=9
  solver=sudoku.model.BacktrackingSudokuSolver@70b33256
  board={{6,7,8,5,4,9,1,2,3},{3,1,4,7,2,6,8,9,5},{5,9,2,3,8,1,6,4,7},{4,5,6,8,3,2,9,7,1},{7,8,3,6,0,0,0,0,0},{0,0,0,0,0,0,0,0,0},{0,0,0,0,0,0,0,0,0},{0,0,0,0,0,0,0,0,0},{0,0,0,0,0,0,0,0,0}}
]
13:19:12.533 [main] INFO  sudoku.model.SudokuBoard - Wartość 0 wstawiona nieprawidłowo
13:19:12.533 [main] INFO  sudoku.model.SudokuBoard - Bład w kwadracie 0
sudoku.model.SudokuBoard@7159d601[
  size=9
  solver=sudoku.model.BacktrackingSudokuSolver@70b33256
  board={{6,7,8,5,4,9,1,2,3},{3,1,4,7,2,6,8,9,5},{5,9,2,3,8,1,6,4,7},{4,5,6,8,3,2,9,7,1},{7,8,3,0,0,0,0,0,0},{0,0,0,0,0,0,0,0,0},{0,0,0,0,0,0,0,0,0},{0,0,0,0,0,0,0,0,0},{0,0,0,0,0,0,0,0,0}}
]
13:19:12.533 [main] INFO  sudoku.model.SudokuBoard - Wartość 0 wstawiona nieprawidłowo
13:19:12.534 [main] INFO  sudoku.model.SudokuBoard - Bład w kwadracie 0
sudoku.model.SudokuBoard@7159d601[
  size=9
  solver=sudoku.model.BacktrackingSudokuSolver@70b33256
  board={{6,7,8,5,4,9,1,2,3},{3,1,4,7,2,6,8,9,5},{5,9,2,3,8,1,6,4,7},{4,5,6,8,3,2,9,7,1},{7,8,3,9,5,4,2,0,0},{0,0,0,0,0,0,0,0,0},{0,0,0,0,0,0,0,0,0},{0,0,0,0,0,0,0,0,0},{0,0,0,0,0,0,0,0,0}}
]
13:19:12.534 [main] INFO  sudoku.model.SudokuBoard - Wartość 0 wstawiona nieprawidłowo
13:19:12.534 [main] INFO  sudoku.model.SudokuBoard - Bład w kwadracie 0
sudoku.model.SudokuBoard@7159d601[
  size=9
  solver=sudoku.model.BacktrackingSudokuSolver@70b33256
  board={{6,7,8,5,4,9,1,2,3},{3,1,4,7,2,6,8,9,5},{5,9,2,3,8,1,6,4,7},{4,5,6,8,3,2,9,7,1},{7,8,3,9,5,4,0,0,0},{0,0,0,0,0,0,0,0,0},{0,0,0,0,0,0,0,0,0},{0,0,0,0,0,0,0,0,0},{0,0,0,0,0,0,0,0,0}}
]
13:19:12.534 [main] INFO  sudoku.model.SudokuBoard - Wartość 0 wstawiona nieprawidłowo
13:19:12.536 [main] INFO  sudoku.model.SudokuBoard - Bład w kwadracie 0
sudoku.model.SudokuBoard@7159d601[
  size=9
  solver=sudoku.model.BacktrackingSudokuSolver@70b33256
  board={{6,7,8,5,4,9,1,2,3},{3,1,4,7,2,6,8,9,5},{5,9,2,3,8,1,6,4,7},{4,5,6,8,3,2,9,7,1},{7,8,3,9,5,0,0,0,0},{0,0,0,0,0,0,0,0,0},{0,0,0,0,0,0,0,0,0},{0,0,0,0,0,0,0,0,0},{0,0,0,0,0,0,0,0,0}}
]
13:19:12.536 [main] INFO  sudoku.model.SudokuBoard - Wartość 0 wstawiona nieprawidłowo
13:19:12.536 [main] INFO  sudoku.model.SudokuBoard - Bład w kwadracie 0
sudoku.model.SudokuBoard@7159d601[
  size=9
  solver=sudoku.model.BacktrackingSudokuSolver@70b33256
  board={{6,7,8,5,4,9,1,2,3},{3,1,4,7,2,6,8,9,5},{5,9,2,3,8,1,6,4,7},{4,5,6,8,3,2,9,7,1},{7,8,3,9,0,0,0,0,0},{0,0,0,0,0,0,0,0,0},{0,0,0,0,0,0,0,0,0},{0,0,0,0,0,0,0,0,0},{0,0,0,0,0,0,0,0,0}}
]
13:19:12.537 [main] INFO  sudoku.model.SudokuBoard - Wartość 0 wstawiona nieprawidłowo
13:19:12.537 [main] INFO  sudoku.model.SudokuBoard - Bład w kwadracie 0
sudoku.model.SudokuBoard@7159d601[
  size=9
  solver=sudoku.model.BacktrackingSudokuSolver@70b33256
  board={{6,7,8,5,4,9,1,2,3},{3,1,4,7,2,6,8,9,5},{5,9,2,3,8,1,6,4,7},{4,5,6,8,3,2,9,7,1},{7,8,3,9,6,4,2,0,0},{0,0,0,0,0,0,0,0,0},{0,0,0,0,0,0,0,0,0},{0,0,0,0,0,0,0,0,0},{0,0,0,0,0,0,0,0,0}}
]
13:19:12.537 [main] INFO  sudoku.model.SudokuBoard - Wartość 0 wstawiona nieprawidłowo
13:19:12.537 [main] INFO  sudoku.model.SudokuBoard - Bład w kwadracie 0
sudoku.model.SudokuBoard@7159d601[
  size=9
  solver=sudoku.model.BacktrackingSudokuSolver@70b33256
  board={{6,7,8,5,4,9,1,2,3},{3,1,4,7,2,6,8,9,5},{5,9,2,3,8,1,6,4,7},{4,5,6,8,3,2,9,7,1},{7,8,3,9,6,4,0,0,0},{0,0,0,0,0,0,0,0,0},{0,0,0,0,0,0,0,0,0},{0,0,0,0,0,0,0,0,0},{0,0,0,0,0,0,0,0,0}}
]
13:19:12.538 [main] INFO  sudoku.model.SudokuBoard - Wartość 0 wstawiona nieprawidłowo
13:19:12.540 [main] INFO  sudoku.model.SudokuBoard - Bład w kwadracie 0
sudoku.model.SudokuBoard@7159d601[
  size=9
  solver=sudoku.model.BacktrackingSudokuSolver@70b33256
  board={{6,7,8,5,4,9,1,2,3},{3,1,4,7,2,6,8,9,5},{5,9,2,3,8,1,6,4,7},{4,5,6,8,3,2,9,7,1},{7,8,3,9,6,4,0,0,0},{0,0,0,0,0,0,0,0,0},{0,0,0,0,0,0,0,0,0},{0,0,0,0,0,0,0,0,0},{0,0,0,0,0,0,0,0,0}}
]
13:19:12.540 [main] INFO  sudoku.model.SudokuBoard - Wartość 0 wstawiona nieprawidłowo
13:19:12.540 [main] INFO  sudoku.model.SudokuBoard - Bład w kwadracie 0
sudoku.model.SudokuBoard@7159d601[
  size=9
  solver=sudoku.model.BacktrackingSudokuSolver@70b33256
  board={{6,7,8,5,4,9,1,2,3},{3,1,4,7,2,6,8,9,5},{5,9,2,3,8,1,6,4,7},{4,5,6,8,3,2,9,7,1},{7,8,3,9,6,0,0,0,0},{0,0,0,0,0,0,0,0,0},{0,0,0,0,0,0,0,0,0},{0,0,0,0,0,0,0,0,0},{0,0,0,0,0,0,0,0,0}}
]
13:19:12.540 [main] INFO  sudoku.model.SudokuBoard - Wartość 0 wstawiona nieprawidłowo
13:19:12.540 [main] INFO  sudoku.model.SudokuBoard - Bład w kwadracie 0
sudoku.model.SudokuBoard@7159d601[
  size=9
  solver=sudoku.model.BacktrackingSudokuSolver@70b33256
  board={{6,7,8,5,4,9,1,2,3},{3,1,4,7,2,6,8,9,5},{5,9,2,3,8,1,6,4,7},{4,5,6,8,3,2,9,7,1},{7,8,3,9,6,5,0,0,0},{0,0,0,0,0,0,0,0,0},{0,0,0,0,0,0,0,0,0},{0,0,0,0,0,0,0,0,0},{0,0,0,0,0,0,0,0,0}}
]
13:19:12.540 [main] INFO  sudoku.model.SudokuBoard - Wartość 0 wstawiona nieprawidłowo
13:19:12.540 [main] INFO  sudoku.model.SudokuBoard - Bład w kwadracie 0
sudoku.model.SudokuBoard@7159d601[
  size=9
  solver=sudoku.model.BacktrackingSudokuSolver@70b33256
  board={{6,7,8,5,4,9,1,2,3},{3,1,4,7,2,6,8,9,5},{5,9,2,3,8,1,6,4,7},{4,5,6,8,3,2,9,7,1},{7,8,3,9,6,5,0,0,0},{0,0,0,0,0,0,0,0,0},{0,0,0,0,0,0,0,0,0},{0,0,0,0,0,0,0,0,0},{0,0,0,0,0,0,0,0,0}}
]
13:19:12.540 [main] INFO  sudoku.model.SudokuBoard - Wartość 0 wstawiona nieprawidłowo
13:19:12.541 [main] INFO  sudoku.model.SudokuBoard - Bład w kwadracie 0
sudoku.model.SudokuBoard@7159d601[
  size=9
  solver=sudoku.model.BacktrackingSudokuSolver@70b33256
  board={{6,7,8,5,4,9,1,2,3},{3,1,4,7,2,6,8,9,5},{5,9,2,3,8,1,6,4,7},{4,5,6,8,3,2,9,7,1},{7,8,3,9,6,0,0,0,0},{0,0,0,0,0,0,0,0,0},{0,0,0,0,0,0,0,0,0},{0,0,0,0,0,0,0,0,0},{0,0,0,0,0,0,0,0,0}}
]
13:19:12.541 [main] INFO  sudoku.model.SudokuBoard - Wartość 0 wstawiona nieprawidłowo
13:19:12.541 [main] INFO  sudoku.model.SudokuBoard - Bład w kwadracie 0
sudoku.model.SudokuBoard@7159d601[
  size=9
  solver=sudoku.model.BacktrackingSudokuSolver@70b33256
  board={{6,7,8,5,4,9,1,2,3},{3,1,4,7,2,6,8,9,5},{5,9,2,3,8,1,6,4,7},{4,5,6,8,3,2,9,7,1},{7,8,3,9,0,0,0,0,0},{0,0,0,0,0,0,0,0,0},{0,0,0,0,0,0,0,0,0},{0,0,0,0,0,0,0,0,0},{0,0,0,0,0,0,0,0,0}}
]
13:19:12.541 [main] INFO  sudoku.model.SudokuBoard - Wartość 0 wstawiona nieprawidłowo
13:19:12.542 [main] INFO  sudoku.model.SudokuBoard - Bład w kwadracie 0
sudoku.model.SudokuBoard@7159d601[
  size=9
  solver=sudoku.model.BacktrackingSudokuSolver@70b33256
  board={{6,7,8,5,4,9,1,2,3},{3,1,4,7,2,6,8,9,5},{5,9,2,3,8,1,6,4,7},{4,5,6,8,3,2,9,7,1},{7,8,3,9,1,4,5,6,2},{9,2,1,6,5,7,3,8,4},{8,3,5,1,0,0,0,0,0},{0,0,0,0,0,0,0,0,0},{0,0,0,0,0,0,0,0,0}}
]
13:19:12.542 [main] INFO  sudoku.model.SudokuBoard - Wartość 0 wstawiona nieprawidłowo
13:19:12.542 [main] INFO  sudoku.model.SudokuBoard - Bład w kwadracie 0
sudoku.model.SudokuBoard@7159d601[
  size=9
  solver=sudoku.model.BacktrackingSudokuSolver@70b33256
  board={{6,7,8,5,4,9,1,2,3},{3,1,4,7,2,6,8,9,5},{5,9,2,3,8,1,6,4,7},{4,5,6,8,3,2,9,7,1},{7,8,3,9,1,4,5,6,2},{9,2,1,6,5,7,3,8,4},{8,3,5,1,0,0,0,0,0},{0,0,0,0,0,0,0,0,0},{0,0,0,0,0,0,0,0,0}}
]
13:19:12.542 [main] INFO  sudoku.model.SudokuBoard - Wartość 0 wstawiona nieprawidłowo
13:19:12.542 [main] INFO  sudoku.model.SudokuBoard - Bład w kwadracie 0
sudoku.model.SudokuBoard@7159d601[
  size=9
  solver=sudoku.model.BacktrackingSudokuSolver@70b33256
  board={{6,7,8,5,4,9,1,2,3},{3,1,4,7,2,6,8,9,5},{5,9,2,3,8,1,6,4,7},{4,5,6,8,3,2,9,7,1},{7,8,3,9,1,4,5,6,2},{9,2,1,6,5,7,3,8,4},{8,3,5,1,0,0,0,0,0},{0,0,0,0,0,0,0,0,0},{0,0,0,0,0,0,0,0,0}}
]
13:19:12.542 [main] INFO  sudoku.model.SudokuBoard - Wartość 0 wstawiona nieprawidłowo
13:19:12.542 [main] INFO  sudoku.model.SudokuBoard - Bład w kwadracie 0
sudoku.model.SudokuBoard@7159d601[
  size=9
  solver=sudoku.model.BacktrackingSudokuSolver@70b33256
  board={{6,7,8,5,4,9,1,2,3},{3,1,4,7,2,6,8,9,5},{5,9,2,3,8,1,6,4,7},{4,5,6,8,3,2,9,7,1},{7,8,3,9,1,4,5,6,2},{9,2,1,6,5,7,3,8,4},{8,3,5,0,0,0,0,0,0},{0,0,0,0,0,0,0,0,0},{0,0,0,0,0,0,0,0,0}}
]
13:19:12.542 [main] INFO  sudoku.model.SudokuBoard - Wartość 0 wstawiona nieprawidłowo
13:19:12.543 [main] INFO  sudoku.model.SudokuBoard - Bład w kwadracie 0
sudoku.model.SudokuBoard@7159d601[
  size=9
  solver=sudoku.model.BacktrackingSudokuSolver@70b33256
  board={{6,7,8,5,4,9,1,2,3},{3,1,4,7,2,6,8,9,5},{5,9,2,3,8,1,6,4,7},{4,5,6,8,3,2,9,7,1},{7,8,3,9,1,4,5,6,2},{9,2,1,6,5,7,3,8,4},{8,3,5,2,0,0,0,0,0},{0,0,0,0,0,0,0,0,0},{0,0,0,0,0,0,0,0,0}}
]
13:19:12.543 [main] INFO  sudoku.model.SudokuBoard - Wartość 0 wstawiona nieprawidłowo
13:19:12.544 [main] INFO  sudoku.model.SudokuBoard - Bład w kwadracie 0
sudoku.model.SudokuBoard@7159d601[
  size=9
  solver=sudoku.model.BacktrackingSudokuSolver@70b33256
  board={{6,7,8,5,4,9,1,2,3},{3,1,4,7,2,6,8,9,5},{5,9,2,3,8,1,6,4,7},{4,5,6,8,3,2,9,7,1},{7,8,3,9,1,4,5,6,2},{9,2,1,6,5,7,3,8,4},{8,3,5,2,0,0,0,0,0},{0,0,0,0,0,0,0,0,0},{0,0,0,0,0,0,0,0,0}}
]
13:19:12.544 [main] INFO  sudoku.model.SudokuBoard - Wartość 0 wstawiona nieprawidłowo
13:19:12.544 [main] INFO  sudoku.model.SudokuBoard - Bład w kwadracie 0
sudoku.model.SudokuBoard@7159d601[
  size=9
  solver=sudoku.model.BacktrackingSudokuSolver@70b33256
  board={{6,7,8,5,4,9,1,2,3},{3,1,4,7,2,6,8,9,5},{5,9,2,3,8,1,6,4,7},{4,5,6,8,3,2,9,7,1},{7,8,3,9,1,4,5,6,2},{9,2,1,6,5,7,3,8,4},{8,3,5,2,0,0,0,0,0},{0,0,0,0,0,0,0,0,0},{0,0,0,0,0,0,0,0,0}}
]
13:19:12.544 [main] INFO  sudoku.model.SudokuBoard - Wartość 0 wstawiona nieprawidłowo
13:19:12.544 [main] INFO  sudoku.model.SudokuBoard - Bład w kwadracie 0
sudoku.model.SudokuBoard@7159d601[
  size=9
  solver=sudoku.model.BacktrackingSudokuSolver@70b33256
  board={{6,7,8,5,4,9,1,2,3},{3,1,4,7,2,6,8,9,5},{5,9,2,3,8,1,6,4,7},{4,5,6,8,3,2,9,7,1},{7,8,3,9,1,4,5,6,2},{9,2,1,6,5,7,3,8,4},{8,3,5,0,0,0,0,0,0},{0,0,0,0,0,0,0,0,0},{0,0,0,0,0,0,0,0,0}}
]
13:19:12.544 [main] INFO  sudoku.model.SudokuBoard - Wartość 0 wstawiona nieprawidłowo
13:19:12.544 [main] INFO  sudoku.model.SudokuBoard - Bład w kwadracie 0
sudoku.model.SudokuBoard@7159d601[
  size=9
  solver=sudoku.model.BacktrackingSudokuSolver@70b33256
  board={{6,7,8,5,4,9,1,2,3},{3,1,4,7,2,6,8,9,5},{5,9,2,3,8,1,6,4,7},{4,5,6,8,3,2,9,7,1},{7,8,3,9,1,4,5,6,2},{9,2,1,6,5,7,3,8,4},{8,3,5,4,0,0,0,0,0},{0,0,0,0,0,0,0,0,0},{0,0,0,0,0,0,0,0,0}}
]
13:19:12.544 [main] INFO  sudoku.model.SudokuBoard - Wartość 0 wstawiona nieprawidłowo
13:19:12.545 [main] INFO  sudoku.model.SudokuBoard - Bład w kwadracie 0
sudoku.model.SudokuBoard@7159d601[
  size=9
  solver=sudoku.model.BacktrackingSudokuSolver@70b33256
  board={{6,7,8,5,4,9,1,2,3},{3,1,4,7,2,6,8,9,5},{5,9,2,3,8,1,6,4,7},{4,5,6,8,3,2,9,7,1},{7,8,3,9,1,4,5,6,2},{9,2,1,6,5,7,3,8,4},{8,3,5,4,0,0,0,0,0},{0,0,0,0,0,0,0,0,0},{0,0,0,0,0,0,0,0,0}}
]
13:19:12.545 [main] INFO  sudoku.model.SudokuBoard - Wartość 0 wstawiona nieprawidłowo
13:19:12.546 [main] INFO  sudoku.model.SudokuBoard - Bład w kwadracie 0
sudoku.model.SudokuBoard@7159d601[
  size=9
  solver=sudoku.model.BacktrackingSudokuSolver@70b33256
  board={{6,7,8,5,4,9,1,2,3},{3,1,4,7,2,6,8,9,5},{5,9,2,3,8,1,6,4,7},{4,5,6,8,3,2,9,7,1},{7,8,3,9,1,4,5,6,2},{9,2,1,6,5,7,3,8,4},{8,3,5,4,0,0,0,0,0},{0,0,0,0,0,0,0,0,0},{0,0,0,0,0,0,0,0,0}}
]
13:19:12.546 [main] INFO  sudoku.model.SudokuBoard - Wartość 0 wstawiona nieprawidłowo
13:19:12.546 [main] INFO  sudoku.model.SudokuBoard - Bład w kwadracie 0
sudoku.model.SudokuBoard@7159d601[
  size=9
  solver=sudoku.model.BacktrackingSudokuSolver@70b33256
  board={{6,7,8,5,4,9,1,2,3},{3,1,4,7,2,6,8,9,5},{5,9,2,3,8,1,6,4,7},{4,5,6,8,3,2,9,7,1},{7,8,3,9,1,4,5,6,2},{9,2,1,6,5,7,3,8,4},{8,3,5,0,0,0,0,0,0},{0,0,0,0,0,0,0,0,0},{0,0,0,0,0,0,0,0,0}}
]
13:19:12.546 [main] INFO  sudoku.model.SudokuBoard - Wartość 0 wstawiona nieprawidłowo
13:19:12.547 [main] INFO  sudoku.model.SudokuBoard - Bład w kwadracie 0
sudoku.model.SudokuBoard@7159d601[
  size=9
  solver=sudoku.model.BacktrackingSudokuSolver@70b33256
  board={{6,7,8,5,4,9,1,2,3},{3,1,4,7,2,6,8,9,5},{5,9,2,3,8,1,6,4,7},{4,5,6,8,3,2,9,7,1},{7,8,3,9,1,4,5,6,2},{9,2,1,6,5,7,3,8,4},{8,3,0,0,0,0,0,0,0},{0,0,0,0,0,0,0,0,0},{0,0,0,0,0,0,0,0,0}}
]
13:19:12.547 [main] INFO  sudoku.model.SudokuBoard - Wartość 0 wstawiona nieprawidłowo
13:19:12.547 [main] INFO  sudoku.model.SudokuBoard - Bład w kwadracie 0
sudoku.model.SudokuBoard@7159d601[
  size=9
  solver=sudoku.model.BacktrackingSudokuSolver@70b33256
  board={{6,7,8,5,4,9,1,2,3},{3,1,4,7,2,6,8,9,5},{5,9,2,3,8,1,6,4,7},{4,5,6,8,3,2,9,7,1},{7,8,3,9,1,4,5,6,2},{9,2,1,6,5,7,3,8,4},{8,3,7,1,6,5,0,0,0},{0,0,0,0,0,0,0,0,0},{0,0,0,0,0,0,0,0,0}}
]
13:19:12.547 [main] INFO  sudoku.model.SudokuBoard - Wartość 0 wstawiona nieprawidłowo
13:19:12.548 [main] INFO  sudoku.model.SudokuBoard - Bład w kwadracie 0
sudoku.model.SudokuBoard@7159d601[
  size=9
  solver=sudoku.model.BacktrackingSudokuSolver@70b33256
  board={{6,7,8,5,4,9,1,2,3},{3,1,4,7,2,6,8,9,5},{5,9,2,3,8,1,6,4,7},{4,5,6,8,3,2,9,7,1},{7,8,3,9,1,4,5,6,2},{9,2,1,6,5,7,3,8,4},{8,3,7,1,6,5,0,0,0},{0,0,0,0,0,0,0,0,0},{0,0,0,0,0,0,0,0,0}}
]
13:19:12.548 [main] INFO  sudoku.model.SudokuBoard - Wartość 0 wstawiona nieprawidłowo
13:19:12.548 [main] INFO  sudoku.model.SudokuBoard - Bład w kwadracie 0
sudoku.model.SudokuBoard@7159d601[
  size=9
  solver=sudoku.model.BacktrackingSudokuSolver@70b33256
  board={{6,7,8,5,4,9,1,2,3},{3,1,4,7,2,6,8,9,5},{5,9,2,3,8,1,6,4,7},{4,5,6,8,3,2,9,7,1},{7,8,3,9,1,4,5,6,2},{9,2,1,6,5,7,3,8,4},{8,3,7,1,6,0,0,0,0},{0,0,0,0,0,0,0,0,0},{0,0,0,0,0,0,0,0,0}}
]
13:19:12.548 [main] INFO  sudoku.model.SudokuBoard - Wartość 0 wstawiona nieprawidłowo
13:19:12.548 [main] INFO  sudoku.model.SudokuBoard - Bład w kwadracie 0
sudoku.model.SudokuBoard@7159d601[
  size=9
  solver=sudoku.model.BacktrackingSudokuSolver@70b33256
  board={{6,7,8,5,4,9,1,2,3},{3,1,4,7,2,6,8,9,5},{5,9,2,3,8,1,6,4,7},{4,5,6,8,3,2,9,7,1},{7,8,3,9,1,4,5,6,2},{9,2,1,6,5,7,3,8,4},{8,3,7,1,0,0,0,0,0},{0,0,0,0,0,0,0,0,0},{0,0,0,0,0,0,0,0,0}}
]
13:19:12.548 [main] INFO  sudoku.model.SudokuBoard - Wartość 0 wstawiona nieprawidłowo
13:19:12.555 [main] INFO  sudoku.model.SudokuBoard - Bład w kwadracie 0
sudoku.model.SudokuBoard@7159d601[
  size=9
  solver=sudoku.model.BacktrackingSudokuSolver@70b33256
  board={{6,7,8,5,4,9,1,2,3},{3,1,4,7,2,6,8,9,5},{5,9,2,3,8,1,6,4,7},{4,5,6,8,3,2,9,7,1},{7,8,3,9,1,4,5,6,2},{9,2,1,6,5,7,3,8,4},{8,3,7,1,9,5,0,0,0},{0,0,0,0,0,0,0,0,0},{0,0,0,0,0,0,0,0,0}}
]
13:19:12.555 [main] INFO  sudoku.model.SudokuBoard - Wartość 0 wstawiona nieprawidłowo
13:19:12.557 [main] INFO  sudoku.model.SudokuBoard - Bład w kwadracie 0
sudoku.model.SudokuBoard@7159d601[
  size=9
  solver=sudoku.model.BacktrackingSudokuSolver@70b33256
  board={{6,7,8,5,4,9,1,2,3},{3,1,4,7,2,6,8,9,5},{5,9,2,3,8,1,6,4,7},{4,5,6,8,3,2,9,7,1},{7,8,3,9,1,4,5,6,2},{9,2,1,6,5,7,3,8,4},{8,3,7,1,9,5,0,0,0},{0,0,0,0,0,0,0,0,0},{0,0,0,0,0,0,0,0,0}}
]
13:19:12.557 [main] INFO  sudoku.model.SudokuBoard - Wartość 0 wstawiona nieprawidłowo
13:19:12.558 [main] INFO  sudoku.model.SudokuBoard - Bład w kwadracie 0
sudoku.model.SudokuBoard@7159d601[
  size=9
  solver=sudoku.model.BacktrackingSudokuSolver@70b33256
  board={{6,7,8,5,4,9,1,2,3},{3,1,4,7,2,6,8,9,5},{5,9,2,3,8,1,6,4,7},{4,5,6,8,3,2,9,7,1},{7,8,3,9,1,4,5,6,2},{9,2,1,6,5,7,3,8,4},{8,3,7,1,9,0,0,0,0},{0,0,0,0,0,0,0,0,0},{0,0,0,0,0,0,0,0,0}}
]
13:19:12.558 [main] INFO  sudoku.model.SudokuBoard - Wartość 0 wstawiona nieprawidłowo
13:19:12.558 [main] INFO  sudoku.model.SudokuBoard - Bład w kwadracie 0
sudoku.model.SudokuBoard@7159d601[
  size=9
  solver=sudoku.model.BacktrackingSudokuSolver@70b33256
  board={{6,7,8,5,4,9,1,2,3},{3,1,4,7,2,6,8,9,5},{5,9,2,3,8,1,6,4,7},{4,5,6,8,3,2,9,7,1},{7,8,3,9,1,4,5,6,2},{9,2,1,6,5,7,3,8,4},{8,3,7,1,0,0,0,0,0},{0,0,0,0,0,0,0,0,0},{0,0,0,0,0,0,0,0,0}}
]
13:19:12.558 [main] INFO  sudoku.model.SudokuBoard - Wartość 0 wstawiona nieprawidłowo
13:19:12.558 [main] INFO  sudoku.model.SudokuBoard - Bład w kwadracie 0
sudoku.model.SudokuBoard@7159d601[
  size=9
  solver=sudoku.model.BacktrackingSudokuSolver@70b33256
  board={{6,7,8,5,4,9,1,2,3},{3,1,4,7,2,6,8,9,5},{5,9,2,3,8,1,6,4,7},{4,5,6,8,3,2,9,7,1},{7,8,3,9,1,4,5,6,2},{9,2,1,6,5,7,3,8,4},{8,3,7,0,0,0,0,0,0},{0,0,0,0,0,0,0,0,0},{0,0,0,0,0,0,0,0,0}}
]
13:19:12.558 [main] INFO  sudoku.model.SudokuBoard - Wartość 0 wstawiona nieprawidłowo
13:19:12.559 [main] INFO  sudoku.model.SudokuBoard - Bład w kwadracie 0
sudoku.model.SudokuBoard@7159d601[
  size=9
  solver=sudoku.model.BacktrackingSudokuSolver@70b33256
  board={{6,7,8,5,4,9,1,2,3},{3,1,4,7,2,6,8,9,5},{5,9,2,3,8,1,6,4,7},{4,5,6,8,3,2,9,7,1},{7,8,3,9,1,4,5,6,2},{9,2,1,6,5,7,3,8,4},{8,3,7,2,6,5,4,1,9},{1,6,5,4,7,3,0,0,0},{0,0,0,0,0,0,0,0,0}}
]
13:19:12.559 [main] INFO  sudoku.model.SudokuBoard - Wartość 0 wstawiona nieprawidłowo
13:19:12.559 [main] INFO  sudoku.model.SudokuBoard - Bład w kwadracie 0
sudoku.model.SudokuBoard@7159d601[
  size=9
  solver=sudoku.model.BacktrackingSudokuSolver@70b33256
  board={{6,7,8,5,4,9,1,2,3},{3,1,4,7,2,6,8,9,5},{5,9,2,3,8,1,6,4,7},{4,5,6,8,3,2,9,7,1},{7,8,3,9,1,4,5,6,2},{9,2,1,6,5,7,3,8,4},{8,3,7,2,6,5,4,1,9},{1,6,5,4,7,0,0,0,0},{0,0,0,0,0,0,0,0,0}}
]
13:19:12.559 [main] INFO  sudoku.model.SudokuBoard - Wartość 0 wstawiona nieprawidłowo
13:19:12.559 [main] INFO  sudoku.model.SudokuBoard - Bład w kwadracie 0
sudoku.model.SudokuBoard@7159d601[
  size=9
  solver=sudoku.model.BacktrackingSudokuSolver@70b33256
  board={{6,7,8,5,4,9,1,2,3},{3,1,4,7,2,6,8,9,5},{5,9,2,3,8,1,6,4,7},{4,5,6,8,3,2,9,7,1},{7,8,3,9,1,4,5,6,2},{9,2,1,6,5,7,3,8,4},{8,3,7,2,6,5,4,1,9},{1,6,5,4,7,8,2,0,0},{0,0,0,0,0,0,0,0,0}}
]
13:19:12.559 [main] INFO  sudoku.model.SudokuBoard - Wartość 0 wstawiona nieprawidłowo
13:19:12.560 [main] INFO  sudoku.model.SudokuBoard - Bład w kwadracie 0
sudoku.model.SudokuBoard@7159d601[
  size=9
  solver=sudoku.model.BacktrackingSudokuSolver@70b33256
  board={{6,7,8,5,4,9,1,2,3},{3,1,4,7,2,6,8,9,5},{5,9,2,3,8,1,6,4,7},{4,5,6,8,3,2,9,7,1},{7,8,3,9,1,4,5,6,2},{9,2,1,6,5,7,3,8,4},{8,3,7,2,6,5,4,1,9},{1,6,5,4,7,8,0,0,0},{0,0,0,0,0,0,0,0,0}}
]
13:19:12.560 [main] INFO  sudoku.model.SudokuBoard - Wartość 0 wstawiona nieprawidłowo
13:19:12.561 [main] INFO  sudoku.model.SudokuBoard - Bład w kwadracie 0
sudoku.model.SudokuBoard@7159d601[
  size=9
  solver=sudoku.model.BacktrackingSudokuSolver@70b33256
  board={{6,7,8,5,4,9,1,2,3},{3,1,4,7,2,6,8,9,5},{5,9,2,3,8,1,6,4,7},{4,5,6,8,3,2,9,7,1},{7,8,3,9,1,4,5,6,2},{9,2,1,6,5,7,3,8,4},{8,3,7,2,6,5,4,1,9},{1,6,5,4,7,0,0,0,0},{0,0,0,0,0,0,0,0,0}}
]
13:19:12.561 [main] INFO  sudoku.model.SudokuBoard - Wartość 0 wstawiona nieprawidłowo
13:19:12.561 [main] INFO  sudoku.model.SudokuBoard - Bład w kwadracie 0
sudoku.model.SudokuBoard@7159d601[
  size=9
  solver=sudoku.model.BacktrackingSudokuSolver@70b33256
  board={{6,7,8,5,4,9,1,2,3},{3,1,4,7,2,6,8,9,5},{5,9,2,3,8,1,6,4,7},{4,5,6,8,3,2,9,7,1},{7,8,3,9,1,4,5,6,2},{9,2,1,6,5,7,3,8,4},{8,3,7,2,6,5,4,1,9},{1,6,5,4,0,0,0,0,0},{0,0,0,0,0,0,0,0,0}}
]
13:19:12.561 [main] INFO  sudoku.model.SudokuBoard - Wartość 0 wstawiona nieprawidłowo
13:19:12.561 [main] INFO  sudoku.model.SudokuBoard - Bład w kwadracie 0
sudoku.model.SudokuBoard@7159d601[
  size=9
  solver=sudoku.model.BacktrackingSudokuSolver@70b33256
  board={{6,7,8,5,4,9,1,2,3},{3,1,4,7,2,6,8,9,5},{5,9,2,3,8,1,6,4,7},{4,5,6,8,3,2,9,7,1},{7,8,3,9,1,4,5,6,2},{9,2,1,6,5,7,3,8,4},{8,3,7,2,6,5,4,1,9},{1,6,5,4,9,8,7,0,0},{0,0,0,0,0,0,0,0,0}}
]
13:19:12.561 [main] INFO  sudoku.model.SudokuBoard - Wartość 0 wstawiona nieprawidłowo
13:19:12.561 [main] INFO  sudoku.model.SudokuBoard - Bład w kwadracie 0
sudoku.model.SudokuBoard@7159d601[
  size=9
  solver=sudoku.model.BacktrackingSudokuSolver@70b33256
  board={{6,7,8,5,4,9,1,2,3},{3,1,4,7,2,6,8,9,5},{5,9,2,3,8,1,6,4,7},{4,5,6,8,3,2,9,7,1},{7,8,3,9,1,4,5,6,2},{9,2,1,6,5,7,3,8,4},{8,3,7,2,6,5,4,1,9},{1,6,5,4,9,8,0,0,0},{0,0,0,0,0,0,0,0,0}}
]
13:19:12.561 [main] INFO  sudoku.model.SudokuBoard - Wartość 0 wstawiona nieprawidłowo
13:19:12.562 [main] INFO  sudoku.model.SudokuBoard - Bład w kwadracie 0
sudoku.model.SudokuBoard@7159d601[
  size=9
  solver=sudoku.model.BacktrackingSudokuSolver@70b33256
  board={{6,7,8,5,4,9,1,2,3},{3,1,4,7,2,6,8,9,5},{5,9,2,3,8,1,6,4,7},{4,5,6,8,3,2,9,7,1},{7,8,3,9,1,4,5,6,2},{9,2,1,6,5,7,3,8,4},{8,3,7,2,6,5,4,1,9},{1,6,5,4,9,8,2,0,0},{0,0,0,0,0,0,0,0,0}}
]
13:19:12.562 [main] INFO  sudoku.model.SudokuBoard - Wartość 0 wstawiona nieprawidłowo
13:19:12.562 [main] INFO  sudoku.model.SudokuBoard - Bład w kwadracie 0
sudoku.model.SudokuBoard@7159d601[
  size=9
  solver=sudoku.model.BacktrackingSudokuSolver@70b33256
  board={{6,7,8,5,4,9,1,2,3},{3,1,4,7,2,6,8,9,5},{5,9,2,3,8,1,6,4,7},{4,5,6,8,3,2,9,7,1},{7,8,3,9,1,4,5,6,2},{9,2,1,6,5,7,3,8,4},{8,3,7,2,6,5,4,1,9},{1,6,5,4,9,8,0,0,0},{0,0,0,0,0,0,0,0,0}}
]
13:19:12.562 [main] INFO  sudoku.model.SudokuBoard - Wartość 0 wstawiona nieprawidłowo
13:19:12.562 [main] INFO  sudoku.model.SudokuBoard - Bład w kwadracie 0
sudoku.model.SudokuBoard@7159d601[
  size=9
  solver=sudoku.model.BacktrackingSudokuSolver@70b33256
  board={{6,7,8,5,4,9,1,2,3},{3,1,4,7,2,6,8,9,5},{5,9,2,3,8,1,6,4,7},{4,5,6,8,3,2,9,7,1},{7,8,3,9,1,4,5,6,2},{9,2,1,6,5,7,3,8,4},{8,3,7,2,6,5,4,1,9},{1,6,5,4,9,0,0,0,0},{0,0,0,0,0,0,0,0,0}}
]
13:19:12.562 [main] INFO  sudoku.model.SudokuBoard - Wartość 0 wstawiona nieprawidłowo
13:19:12.563 [main] INFO  sudoku.model.SudokuBoard - Bład w kwadracie 0
sudoku.model.SudokuBoard@7159d601[
  size=9
  solver=sudoku.model.BacktrackingSudokuSolver@70b33256
  board={{6,7,8,5,4,9,1,2,3},{3,1,4,7,2,6,8,9,5},{5,9,2,3,8,1,6,4,7},{4,5,6,8,3,2,9,7,1},{7,8,3,9,1,4,5,6,2},{9,2,1,6,5,7,3,8,4},{8,3,7,2,6,5,4,1,9},{1,6,5,4,9,3,0,0,0},{0,0,0,0,0,0,0,0,0}}
]
13:19:12.563 [main] INFO  sudoku.model.SudokuBoard - Wartość 0 wstawiona nieprawidłowo
13:19:12.563 [main] INFO  sudoku.model.SudokuBoard - Bład w kwadracie 0
sudoku.model.SudokuBoard@7159d601[
  size=9
  solver=sudoku.model.BacktrackingSudokuSolver@70b33256
  board={{6,7,8,5,4,9,1,2,3},{3,1,4,7,2,6,8,9,5},{5,9,2,3,8,1,6,4,7},{4,5,6,8,3,2,9,7,1},{7,8,3,9,1,4,5,6,2},{9,2,1,6,5,7,3,8,4},{8,3,7,2,6,5,4,1,9},{1,6,5,4,9,3,0,0,0},{0,0,0,0,0,0,0,0,0}}
]
13:19:12.563 [main] INFO  sudoku.model.SudokuBoard - Wartość 0 wstawiona nieprawidłowo
13:19:12.563 [main] INFO  sudoku.model.SudokuBoard - Bład w kwadracie 0
sudoku.model.SudokuBoard@7159d601[
  size=9
  solver=sudoku.model.BacktrackingSudokuSolver@70b33256
  board={{6,7,8,5,4,9,1,2,3},{3,1,4,7,2,6,8,9,5},{5,9,2,3,8,1,6,4,7},{4,5,6,8,3,2,9,7,1},{7,8,3,9,1,4,5,6,2},{9,2,1,6,5,7,3,8,4},{8,3,7,2,6,5,4,1,9},{1,6,5,4,9,0,0,0,0},{0,0,0,0,0,0,0,0,0}}
]
13:19:12.563 [main] INFO  sudoku.model.SudokuBoard - Wartość 0 wstawiona nieprawidłowo
13:19:12.563 [main] INFO  sudoku.model.SudokuBoard - Bład w kwadracie 0
sudoku.model.SudokuBoard@7159d601[
  size=9
  solver=sudoku.model.BacktrackingSudokuSolver@70b33256
  board={{6,7,8,5,4,9,1,2,3},{3,1,4,7,2,6,8,9,5},{5,9,2,3,8,1,6,4,7},{4,5,6,8,3,2,9,7,1},{7,8,3,9,1,4,5,6,2},{9,2,1,6,5,7,3,8,4},{8,3,7,2,6,5,4,1,9},{1,6,5,4,0,0,0,0,0},{0,0,0,0,0,0,0,0,0}}
]
13:19:12.563 [main] INFO  sudoku.model.SudokuBoard - Wartość 0 wstawiona nieprawidłowo
13:19:12.563 [main] INFO  sudoku.model.SudokuBoard - Bład w kwadracie 0
sudoku.model.SudokuBoard@7159d601[
  size=9
  solver=sudoku.model.BacktrackingSudokuSolver@70b33256
  board={{6,7,8,5,4,9,1,2,3},{3,1,4,7,2,6,8,9,5},{5,9,2,3,8,1,6,4,7},{4,5,6,8,3,2,9,7,1},{7,8,3,9,1,4,5,6,2},{9,2,1,6,5,7,3,8,4},{8,3,7,2,6,5,4,1,9},{1,6,5,0,0,0,0,0,0},{0,0,0,0,0,0,0,0,0}}
]
13:19:12.564 [main] INFO  sudoku.model.SudokuBoard - Wartość 0 wstawiona nieprawidłowo
13:19:12.564 [main] INFO  sudoku.model.SudokuBoard - Bład w kwadracie 0
sudoku.model.SudokuBoard@7159d601[
  size=9
  solver=sudoku.model.BacktrackingSudokuSolver@70b33256
  board={{6,7,8,5,4,9,1,2,3},{3,1,4,7,2,6,8,9,5},{5,9,2,3,8,1,6,4,7},{4,5,6,8,3,2,9,7,1},{7,8,3,9,1,4,5,6,2},{9,2,1,6,5,7,3,8,4},{8,3,7,2,6,5,4,1,9},{1,6,0,0,0,0,0,0,0},{0,0,0,0,0,0,0,0,0}}
]
13:19:12.564 [main] INFO  sudoku.model.SudokuBoard - Wartość 0 wstawiona nieprawidłowo
]]></system-out>
  </testcase>
  <testcase name="testToString" classname="sudoku.model.SeriesTest" time="0.1">
    <system-out><![CDATA[13:19:12.568 [main] INFO  sudoku.model.SudokuBoard - Bład w kwadracie 0
sudoku.model.SudokuBoard@3d0d120b[
  size=9
  solver=sudoku.model.BacktrackingSudokuSolver@6b5c134e
  board={{8,7,5,6,4,9,1,2,3},{3,4,2,7,1,5,8,6,9},{9,6,1,8,2,3,4,5,7},{7,9,3,4,6,1,2,8,5},{4,8,6,5,7,2,9,0,0},{0,0,0,0,0,0,0,0,0},{0,0,0,0,0,0,0,0,0},{0,0,0,0,0,0,0,0,0},{0,0,0,0,0,0,0,0,0}}
]
13:19:12.568 [main] INFO  sudoku.model.SudokuBoard - Wartość 0 wstawiona nieprawidłowo
13:19:12.568 [main] INFO  sudoku.model.SudokuBoard - Bład w kwadracie 0
sudoku.model.SudokuBoard@3d0d120b[
  size=9
  solver=sudoku.model.BacktrackingSudokuSolver@6b5c134e
  board={{8,7,5,6,4,9,1,2,3},{3,4,2,7,1,5,8,6,9},{9,6,1,8,2,3,4,5,7},{7,9,3,4,6,1,2,8,5},{4,8,6,5,7,2,9,3,1},{1,0,0,0,0,0,0,0,0},{0,0,0,0,0,0,0,0,0},{0,0,0,0,0,0,0,0,0},{0,0,0,0,0,0,0,0,0}}
]
13:19:12.568 [main] INFO  sudoku.model.SudokuBoard - Wartość 0 wstawiona nieprawidłowo
13:19:12.568 [main] INFO  sudoku.model.SudokuBoard - Bład w kwadracie 0
sudoku.model.SudokuBoard@3d0d120b[
  size=9
  solver=sudoku.model.BacktrackingSudokuSolver@6b5c134e
  board={{8,7,5,6,4,9,1,2,3},{3,4,2,7,1,5,8,6,9},{9,6,1,8,2,3,4,5,7},{7,9,3,4,6,1,2,8,5},{4,8,6,5,7,2,9,3,1},{1,0,0,0,0,0,0,0,0},{0,0,0,0,0,0,0,0,0},{0,0,0,0,0,0,0,0,0},{0,0,0,0,0,0,0,0,0}}
]
13:19:12.568 [main] INFO  sudoku.model.SudokuBoard - Wartość 0 wstawiona nieprawidłowo
13:19:12.568 [main] INFO  sudoku.model.SudokuBoard - Bład w kwadracie 0
sudoku.model.SudokuBoard@3d0d120b[
  size=9
  solver=sudoku.model.BacktrackingSudokuSolver@6b5c134e
  board={{8,7,5,6,4,9,1,2,3},{3,4,2,7,1,5,8,6,9},{9,6,1,8,2,3,4,5,7},{7,9,3,4,6,1,2,8,5},{4,8,6,5,7,2,9,3,1},{0,0,0,0,0,0,0,0,0},{0,0,0,0,0,0,0,0,0},{0,0,0,0,0,0,0,0,0},{0,0,0,0,0,0,0,0,0}}
]
13:19:12.568 [main] INFO  sudoku.model.SudokuBoard - Wartość 0 wstawiona nieprawidłowo
13:19:12.569 [main] INFO  sudoku.model.SudokuBoard - Bład w kwadracie 0
sudoku.model.SudokuBoard@3d0d120b[
  size=9
  solver=sudoku.model.BacktrackingSudokuSolver@6b5c134e
  board={{8,7,5,6,4,9,1,2,3},{3,4,2,7,1,5,8,6,9},{9,6,1,8,2,3,4,5,7},{7,9,3,4,6,1,2,8,5},{4,8,6,5,7,2,9,3,1},{2,0,0,0,0,0,0,0,0},{0,0,0,0,0,0,0,0,0},{0,0,0,0,0,0,0,0,0},{0,0,0,0,0,0,0,0,0}}
]
13:19:12.569 [main] INFO  sudoku.model.SudokuBoard - Wartość 0 wstawiona nieprawidłowo
13:19:12.569 [main] INFO  sudoku.model.SudokuBoard - Bład w kwadracie 0
sudoku.model.SudokuBoard@3d0d120b[
  size=9
  solver=sudoku.model.BacktrackingSudokuSolver@6b5c134e
  board={{8,7,5,6,4,9,1,2,3},{3,4,2,7,1,5,8,6,9},{9,6,1,8,2,3,4,5,7},{7,9,3,4,6,1,2,8,5},{4,8,6,5,7,2,9,3,1},{2,0,0,0,0,0,0,0,0},{0,0,0,0,0,0,0,0,0},{0,0,0,0,0,0,0,0,0},{0,0,0,0,0,0,0,0,0}}
]
13:19:12.569 [main] INFO  sudoku.model.SudokuBoard - Wartość 0 wstawiona nieprawidłowo
13:19:12.569 [main] INFO  sudoku.model.SudokuBoard - Bład w kwadracie 0
sudoku.model.SudokuBoard@3d0d120b[
  size=9
  solver=sudoku.model.BacktrackingSudokuSolver@6b5c134e
  board={{8,7,5,6,4,9,1,2,3},{3,4,2,7,1,5,8,6,9},{9,6,1,8,2,3,4,5,7},{7,9,3,4,6,1,2,8,5},{4,8,6,5,7,2,9,3,1},{0,0,0,0,0,0,0,0,0},{0,0,0,0,0,0,0,0,0},{0,0,0,0,0,0,0,0,0},{0,0,0,0,0,0,0,0,0}}
]
13:19:12.569 [main] INFO  sudoku.model.SudokuBoard - Wartość 0 wstawiona nieprawidłowo
13:19:12.569 [main] INFO  sudoku.model.SudokuBoard - Bład w kwadracie 0
sudoku.model.SudokuBoard@3d0d120b[
  size=9
  solver=sudoku.model.BacktrackingSudokuSolver@6b5c134e
  board={{8,7,5,6,4,9,1,2,3},{3,4,2,7,1,5,8,6,9},{9,6,1,8,2,3,4,5,7},{7,9,3,4,6,1,2,8,5},{4,8,6,5,7,2,9,3,1},{5,0,0,0,0,0,0,0,0},{0,0,0,0,0,0,0,0,0},{0,0,0,0,0,0,0,0,0},{0,0,0,0,0,0,0,0,0}}
]
13:19:12.569 [main] INFO  sudoku.model.SudokuBoard - Wartość 0 wstawiona nieprawidłowo
13:19:12.569 [main] INFO  sudoku.model.SudokuBoard - Bład w kwadracie 0
sudoku.model.SudokuBoard@3d0d120b[
  size=9
  solver=sudoku.model.BacktrackingSudokuSolver@6b5c134e
  board={{8,7,5,6,4,9,1,2,3},{3,4,2,7,1,5,8,6,9},{9,6,1,8,2,3,4,5,7},{7,9,3,4,6,1,2,8,5},{4,8,6,5,7,2,9,3,1},{5,0,0,0,0,0,0,0,0},{0,0,0,0,0,0,0,0,0},{0,0,0,0,0,0,0,0,0},{0,0,0,0,0,0,0,0,0}}
]
13:19:12.569 [main] INFO  sudoku.model.SudokuBoard - Wartość 0 wstawiona nieprawidłowo
13:19:12.570 [main] INFO  sudoku.model.SudokuBoard - Bład w kwadracie 0
sudoku.model.SudokuBoard@3d0d120b[
  size=9
  solver=sudoku.model.BacktrackingSudokuSolver@6b5c134e
  board={{8,7,5,6,4,9,1,2,3},{3,4,2,7,1,5,8,6,9},{9,6,1,8,2,3,4,5,7},{7,9,3,4,6,1,2,8,5},{4,8,6,5,7,2,9,3,1},{0,0,0,0,0,0,0,0,0},{0,0,0,0,0,0,0,0,0},{0,0,0,0,0,0,0,0,0},{0,0,0,0,0,0,0,0,0}}
]
13:19:12.570 [main] INFO  sudoku.model.SudokuBoard - Wartość 0 wstawiona nieprawidłowo
13:19:12.570 [main] INFO  sudoku.model.SudokuBoard - Bład w kwadracie 0
sudoku.model.SudokuBoard@3d0d120b[
  size=9
  solver=sudoku.model.BacktrackingSudokuSolver@6b5c134e
  board={{8,7,5,6,4,9,1,2,3},{3,4,2,7,1,5,8,6,9},{9,6,1,8,2,3,4,5,7},{7,9,3,4,6,1,2,8,5},{4,8,6,5,7,2,9,3,0},{0,0,0,0,0,0,0,0,0},{0,0,0,0,0,0,0,0,0},{0,0,0,0,0,0,0,0,0},{0,0,0,0,0,0,0,0,0}}
]
13:19:12.570 [main] INFO  sudoku.model.SudokuBoard - Wartość 0 wstawiona nieprawidłowo
13:19:12.570 [main] INFO  sudoku.model.SudokuBoard - Bład w kwadracie 0
sudoku.model.SudokuBoard@3d0d120b[
  size=9
  solver=sudoku.model.BacktrackingSudokuSolver@6b5c134e
  board={{8,7,5,6,4,9,1,2,3},{3,4,2,7,1,5,8,6,9},{9,6,1,8,2,3,4,5,7},{7,9,3,4,6,1,2,8,5},{4,8,6,5,7,2,9,0,0},{0,0,0,0,0,0,0,0,0},{0,0,0,0,0,0,0,0,0},{0,0,0,0,0,0,0,0,0},{0,0,0,0,0,0,0,0,0}}
]
13:19:12.570 [main] INFO  sudoku.model.SudokuBoard - Wartość 0 wstawiona nieprawidłowo
13:19:12.570 [main] INFO  sudoku.model.SudokuBoard - Bład w kwadracie 0
sudoku.model.SudokuBoard@3d0d120b[
  size=9
  solver=sudoku.model.BacktrackingSudokuSolver@6b5c134e
  board={{8,7,5,6,4,9,1,2,3},{3,4,2,7,1,5,8,6,9},{9,6,1,8,2,3,4,5,7},{7,9,3,4,6,1,2,8,5},{4,8,6,5,7,2,0,0,0},{0,0,0,0,0,0,0,0,0},{0,0,0,0,0,0,0,0,0},{0,0,0,0,0,0,0,0,0},{0,0,0,0,0,0,0,0,0}}
]
13:19:12.570 [main] INFO  sudoku.model.SudokuBoard - Wartość 0 wstawiona nieprawidłowo
13:19:12.570 [main] INFO  sudoku.model.SudokuBoard - Bład w kwadracie 0
sudoku.model.SudokuBoard@3d0d120b[
  size=9
  solver=sudoku.model.BacktrackingSudokuSolver@6b5c134e
  board={{8,7,5,6,4,9,1,2,3},{3,4,2,7,1,5,8,6,9},{9,6,1,8,2,3,4,5,7},{7,9,3,4,6,1,2,8,5},{4,8,6,5,7,2,3,9,1},{1,0,0,0,0,0,0,0,0},{0,0,0,0,0,0,0,0,0},{0,0,0,0,0,0,0,0,0},{0,0,0,0,0,0,0,0,0}}
]
13:19:12.570 [main] INFO  sudoku.model.SudokuBoard - Wartość 0 wstawiona nieprawidłowo
13:19:12.571 [main] INFO  sudoku.model.SudokuBoard - Bład w kwadracie 0
sudoku.model.SudokuBoard@3d0d120b[
  size=9
  solver=sudoku.model.BacktrackingSudokuSolver@6b5c134e
  board={{8,7,5,6,4,9,1,2,3},{3,4,2,7,1,5,8,6,9},{9,6,1,8,2,3,4,5,7},{7,9,3,4,6,1,2,8,5},{4,8,6,5,7,2,3,9,1},{1,0,0,0,0,0,0,0,0},{0,0,0,0,0,0,0,0,0},{0,0,0,0,0,0,0,0,0},{0,0,0,0,0,0,0,0,0}}
]
13:19:12.571 [main] INFO  sudoku.model.SudokuBoard - Wartość 0 wstawiona nieprawidłowo
13:19:12.571 [main] INFO  sudoku.model.SudokuBoard - Bład w kwadracie 0
sudoku.model.SudokuBoard@3d0d120b[
  size=9
  solver=sudoku.model.BacktrackingSudokuSolver@6b5c134e
  board={{8,7,5,6,4,9,1,2,3},{3,4,2,7,1,5,8,6,9},{9,6,1,8,2,3,4,5,7},{7,9,3,4,6,1,2,8,5},{4,8,6,5,7,2,3,9,1},{0,0,0,0,0,0,0,0,0},{0,0,0,0,0,0,0,0,0},{0,0,0,0,0,0,0,0,0},{0,0,0,0,0,0,0,0,0}}
]
13:19:12.571 [main] INFO  sudoku.model.SudokuBoard - Wartość 0 wstawiona nieprawidłowo
13:19:12.571 [main] INFO  sudoku.model.SudokuBoard - Bład w kwadracie 0
sudoku.model.SudokuBoard@3d0d120b[
  size=9
  solver=sudoku.model.BacktrackingSudokuSolver@6b5c134e
  board={{8,7,5,6,4,9,1,2,3},{3,4,2,7,1,5,8,6,9},{9,6,1,8,2,3,4,5,7},{7,9,3,4,6,1,2,8,5},{4,8,6,5,7,2,3,9,1},{2,0,0,0,0,0,0,0,0},{0,0,0,0,0,0,0,0,0},{0,0,0,0,0,0,0,0,0},{0,0,0,0,0,0,0,0,0}}
]
13:19:12.571 [main] INFO  sudoku.model.SudokuBoard - Wartość 0 wstawiona nieprawidłowo
13:19:12.571 [main] INFO  sudoku.model.SudokuBoard - Bład w kwadracie 0
sudoku.model.SudokuBoard@3d0d120b[
  size=9
  solver=sudoku.model.BacktrackingSudokuSolver@6b5c134e
  board={{8,7,5,6,4,9,1,2,3},{3,4,2,7,1,5,8,6,9},{9,6,1,8,2,3,4,5,7},{7,9,3,4,6,1,2,8,5},{4,8,6,5,7,2,3,9,1},{2,0,0,0,0,0,0,0,0},{0,0,0,0,0,0,0,0,0},{0,0,0,0,0,0,0,0,0},{0,0,0,0,0,0,0,0,0}}
]
13:19:12.571 [main] INFO  sudoku.model.SudokuBoard - Wartość 0 wstawiona nieprawidłowo
13:19:12.571 [main] INFO  sudoku.model.SudokuBoard - Bład w kwadracie 0
sudoku.model.SudokuBoard@3d0d120b[
  size=9
  solver=sudoku.model.BacktrackingSudokuSolver@6b5c134e
  board={{8,7,5,6,4,9,1,2,3},{3,4,2,7,1,5,8,6,9},{9,6,1,8,2,3,4,5,7},{7,9,3,4,6,1,2,8,5},{4,8,6,5,7,2,3,9,1},{0,0,0,0,0,0,0,0,0},{0,0,0,0,0,0,0,0,0},{0,0,0,0,0,0,0,0,0},{0,0,0,0,0,0,0,0,0}}
]
13:19:12.571 [main] INFO  sudoku.model.SudokuBoard - Wartość 0 wstawiona nieprawidłowo
13:19:12.572 [main] INFO  sudoku.model.SudokuBoard - Bład w kwadracie 0
sudoku.model.SudokuBoard@3d0d120b[
  size=9
  solver=sudoku.model.BacktrackingSudokuSolver@6b5c134e
  board={{8,7,5,6,4,9,1,2,3},{3,4,2,7,1,5,8,6,9},{9,6,1,8,2,3,4,5,7},{7,9,3,4,6,1,2,8,5},{4,8,6,5,7,2,3,9,1},{5,0,0,0,0,0,0,0,0},{0,0,0,0,0,0,0,0,0},{0,0,0,0,0,0,0,0,0},{0,0,0,0,0,0,0,0,0}}
]
13:19:12.572 [main] INFO  sudoku.model.SudokuBoard - Wartość 0 wstawiona nieprawidłowo
13:19:12.572 [main] INFO  sudoku.model.SudokuBoard - Bład w kwadracie 0
sudoku.model.SudokuBoard@3d0d120b[
  size=9
  solver=sudoku.model.BacktrackingSudokuSolver@6b5c134e
  board={{8,7,5,6,4,9,1,2,3},{3,4,2,7,1,5,8,6,9},{9,6,1,8,2,3,4,5,7},{7,9,3,4,6,1,2,8,5},{4,8,6,5,7,2,3,9,1},{5,0,0,0,0,0,0,0,0},{0,0,0,0,0,0,0,0,0},{0,0,0,0,0,0,0,0,0},{0,0,0,0,0,0,0,0,0}}
]
13:19:12.572 [main] INFO  sudoku.model.SudokuBoard - Wartość 0 wstawiona nieprawidłowo
13:19:12.572 [main] INFO  sudoku.model.SudokuBoard - Bład w kwadracie 0
sudoku.model.SudokuBoard@3d0d120b[
  size=9
  solver=sudoku.model.BacktrackingSudokuSolver@6b5c134e
  board={{8,7,5,6,4,9,1,2,3},{3,4,2,7,1,5,8,6,9},{9,6,1,8,2,3,4,5,7},{7,9,3,4,6,1,2,8,5},{4,8,6,5,7,2,3,9,1},{0,0,0,0,0,0,0,0,0},{0,0,0,0,0,0,0,0,0},{0,0,0,0,0,0,0,0,0},{0,0,0,0,0,0,0,0,0}}
]
13:19:12.572 [main] INFO  sudoku.model.SudokuBoard - Wartość 0 wstawiona nieprawidłowo
13:19:12.572 [main] INFO  sudoku.model.SudokuBoard - Bład w kwadracie 0
sudoku.model.SudokuBoard@3d0d120b[
  size=9
  solver=sudoku.model.BacktrackingSudokuSolver@6b5c134e
  board={{8,7,5,6,4,9,1,2,3},{3,4,2,7,1,5,8,6,9},{9,6,1,8,2,3,4,5,7},{7,9,3,4,6,1,2,8,5},{4,8,6,5,7,2,3,9,0},{0,0,0,0,0,0,0,0,0},{0,0,0,0,0,0,0,0,0},{0,0,0,0,0,0,0,0,0},{0,0,0,0,0,0,0,0,0}}
]
13:19:12.572 [main] INFO  sudoku.model.SudokuBoard - Wartość 0 wstawiona nieprawidłowo
13:19:12.573 [main] INFO  sudoku.model.SudokuBoard - Bład w kwadracie 0
sudoku.model.SudokuBoard@3d0d120b[
  size=9
  solver=sudoku.model.BacktrackingSudokuSolver@6b5c134e
  board={{8,7,5,6,4,9,1,2,3},{3,4,2,7,1,5,8,6,9},{9,6,1,8,2,3,4,5,7},{7,9,3,4,6,1,2,8,5},{4,8,6,5,7,2,3,0,0},{0,0,0,0,0,0,0,0,0},{0,0,0,0,0,0,0,0,0},{0,0,0,0,0,0,0,0,0},{0,0,0,0,0,0,0,0,0}}
]
13:19:12.573 [main] INFO  sudoku.model.SudokuBoard - Wartość 0 wstawiona nieprawidłowo
13:19:12.573 [main] INFO  sudoku.model.SudokuBoard - Bład w kwadracie 0
sudoku.model.SudokuBoard@3d0d120b[
  size=9
  solver=sudoku.model.BacktrackingSudokuSolver@6b5c134e
  board={{8,7,5,6,4,9,1,2,3},{3,4,2,7,1,5,8,6,9},{9,6,1,8,2,3,4,5,7},{7,9,3,4,6,1,2,8,5},{4,8,6,5,7,2,3,0,0},{0,0,0,0,0,0,0,0,0},{0,0,0,0,0,0,0,0,0},{0,0,0,0,0,0,0,0,0},{0,0,0,0,0,0,0,0,0}}
]
13:19:12.573 [main] INFO  sudoku.model.SudokuBoard - Wartość 0 wstawiona nieprawidłowo
13:19:12.573 [main] INFO  sudoku.model.SudokuBoard - Bład w kwadracie 0
sudoku.model.SudokuBoard@3d0d120b[
  size=9
  solver=sudoku.model.BacktrackingSudokuSolver@6b5c134e
  board={{8,7,5,6,4,9,1,2,3},{3,4,2,7,1,5,8,6,9},{9,6,1,8,2,3,4,5,7},{7,9,3,4,6,1,2,8,5},{4,8,6,5,7,2,0,0,0},{0,0,0,0,0,0,0,0,0},{0,0,0,0,0,0,0,0,0},{0,0,0,0,0,0,0,0,0},{0,0,0,0,0,0,0,0,0}}
]
13:19:12.573 [main] INFO  sudoku.model.SudokuBoard - Wartość 0 wstawiona nieprawidłowo
13:19:12.573 [main] INFO  sudoku.model.SudokuBoard - Bład w kwadracie 0
sudoku.model.SudokuBoard@3d0d120b[
  size=9
  solver=sudoku.model.BacktrackingSudokuSolver@6b5c134e
  board={{8,7,5,6,4,9,1,2,3},{3,4,2,7,1,5,8,6,9},{9,6,1,8,2,3,4,5,7},{7,9,3,4,6,1,2,8,5},{4,8,6,5,7,0,0,0,0},{0,0,0,0,0,0,0,0,0},{0,0,0,0,0,0,0,0,0},{0,0,0,0,0,0,0,0,0},{0,0,0,0,0,0,0,0,0}}
]
13:19:12.573 [main] INFO  sudoku.model.SudokuBoard - Wartość 0 wstawiona nieprawidłowo
13:19:12.574 [main] INFO  sudoku.model.SudokuBoard - Bład w kwadracie 0
sudoku.model.SudokuBoard@3d0d120b[
  size=9
  solver=sudoku.model.BacktrackingSudokuSolver@6b5c134e
  board={{8,7,5,6,4,9,1,2,3},{3,4,2,7,1,5,8,6,9},{9,6,1,8,2,3,4,5,7},{7,9,3,4,6,1,2,8,5},{4,8,6,5,0,0,0,0,0},{0,0,0,0,0,0,0,0,0},{0,0,0,0,0,0,0,0,0},{0,0,0,0,0,0,0,0,0},{0,0,0,0,0,0,0,0,0}}
]
13:19:12.574 [main] INFO  sudoku.model.SudokuBoard - Wartość 0 wstawiona nieprawidłowo
13:19:12.574 [main] INFO  sudoku.model.SudokuBoard - Bład w kwadracie 0
sudoku.model.SudokuBoard@3d0d120b[
  size=9
  solver=sudoku.model.BacktrackingSudokuSolver@6b5c134e
  board={{8,7,5,6,4,9,1,2,3},{3,4,2,7,1,5,8,6,9},{9,6,1,8,2,3,4,5,7},{7,9,3,4,6,1,2,8,5},{4,8,6,5,9,7,3,0,0},{0,0,0,0,0,0,0,0,0},{0,0,0,0,0,0,0,0,0},{0,0,0,0,0,0,0,0,0},{0,0,0,0,0,0,0,0,0}}
]
13:19:12.574 [main] INFO  sudoku.model.SudokuBoard - Wartość 0 wstawiona nieprawidłowo
13:19:12.574 [main] INFO  sudoku.model.SudokuBoard - Bład w kwadracie 0
sudoku.model.SudokuBoard@3d0d120b[
  size=9
  solver=sudoku.model.BacktrackingSudokuSolver@6b5c134e
  board={{8,7,5,6,4,9,1,2,3},{3,4,2,7,1,5,8,6,9},{9,6,1,8,2,3,4,5,7},{7,9,3,4,6,1,2,8,5},{4,8,6,5,9,7,0,0,0},{0,0,0,0,0,0,0,0,0},{0,0,0,0,0,0,0,0,0},{0,0,0,0,0,0,0,0,0},{0,0,0,0,0,0,0,0,0}}
]
13:19:12.574 [main] INFO  sudoku.model.SudokuBoard - Wartość 0 wstawiona nieprawidłowo
13:19:12.574 [main] INFO  sudoku.model.SudokuBoard - Bład w kwadracie 0
sudoku.model.SudokuBoard@3d0d120b[
  size=9
  solver=sudoku.model.BacktrackingSudokuSolver@6b5c134e
  board={{8,7,5,6,4,9,1,2,3},{3,4,2,7,1,5,8,6,9},{9,6,1,8,2,3,4,5,7},{7,9,3,4,6,1,2,8,5},{4,8,6,5,9,0,0,0,0},{0,0,0,0,0,0,0,0,0},{0,0,0,0,0,0,0,0,0},{0,0,0,0,0,0,0,0,0},{0,0,0,0,0,0,0,0,0}}
]
13:19:12.574 [main] INFO  sudoku.model.SudokuBoard - Wartość 0 wstawiona nieprawidłowo
13:19:12.574 [main] INFO  sudoku.model.SudokuBoard - Bład w kwadracie 0
sudoku.model.SudokuBoard@3d0d120b[
  size=9
  solver=sudoku.model.BacktrackingSudokuSolver@6b5c134e
  board={{8,7,5,6,4,9,1,2,3},{3,4,2,7,1,5,8,6,9},{9,6,1,8,2,3,4,5,7},{7,9,3,4,6,1,2,8,5},{4,8,6,5,9,2,7,0,0},{0,0,0,0,0,0,0,0,0},{0,0,0,0,0,0,0,0,0},{0,0,0,0,0,0,0,0,0},{0,0,0,0,0,0,0,0,0}}
]
13:19:12.574 [main] INFO  sudoku.model.SudokuBoard - Wartość 0 wstawiona nieprawidłowo
13:19:12.575 [main] INFO  sudoku.model.SudokuBoard - Bład w kwadracie 0
sudoku.model.SudokuBoard@3d0d120b[
  size=9
  solver=sudoku.model.BacktrackingSudokuSolver@6b5c134e
  board={{8,7,5,6,4,9,1,2,3},{3,4,2,7,1,5,8,6,9},{9,6,1,8,2,3,4,5,7},{7,9,3,4,6,1,2,8,5},{4,8,6,5,9,2,7,3,1},{1,0,0,0,0,0,0,0,0},{0,0,0,0,0,0,0,0,0},{0,0,0,0,0,0,0,0,0},{0,0,0,0,0,0,0,0,0}}
]
13:19:12.575 [main] INFO  sudoku.model.SudokuBoard - Wartość 0 wstawiona nieprawidłowo
13:19:12.575 [main] INFO  sudoku.model.SudokuBoard - Bład w kwadracie 0
sudoku.model.SudokuBoard@3d0d120b[
  size=9
  solver=sudoku.model.BacktrackingSudokuSolver@6b5c134e
  board={{8,7,5,6,4,9,1,2,3},{3,4,2,7,1,5,8,6,9},{9,6,1,8,2,3,4,5,7},{7,9,3,4,6,1,2,8,5},{4,8,6,5,9,2,7,3,1},{1,0,0,0,0,0,0,0,0},{0,0,0,0,0,0,0,0,0},{0,0,0,0,0,0,0,0,0},{0,0,0,0,0,0,0,0,0}}
]
13:19:12.575 [main] INFO  sudoku.model.SudokuBoard - Wartość 0 wstawiona nieprawidłowo
13:19:12.575 [main] INFO  sudoku.model.SudokuBoard - Bład w kwadracie 0
sudoku.model.SudokuBoard@3d0d120b[
  size=9
  solver=sudoku.model.BacktrackingSudokuSolver@6b5c134e
  board={{8,7,5,6,4,9,1,2,3},{3,4,2,7,1,5,8,6,9},{9,6,1,8,2,3,4,5,7},{7,9,3,4,6,1,2,8,5},{4,8,6,5,9,2,7,3,1},{0,0,0,0,0,0,0,0,0},{0,0,0,0,0,0,0,0,0},{0,0,0,0,0,0,0,0,0},{0,0,0,0,0,0,0,0,0}}
]
13:19:12.575 [main] INFO  sudoku.model.SudokuBoard - Wartość 0 wstawiona nieprawidłowo
13:19:12.575 [main] INFO  sudoku.model.SudokuBoard - Bład w kwadracie 0
sudoku.model.SudokuBoard@3d0d120b[
  size=9
  solver=sudoku.model.BacktrackingSudokuSolver@6b5c134e
  board={{8,7,5,6,4,9,1,2,3},{3,4,2,7,1,5,8,6,9},{9,6,1,8,2,3,4,5,7},{7,9,3,4,6,1,2,8,5},{4,8,6,5,9,2,7,3,1},{2,0,0,0,0,0,0,0,0},{0,0,0,0,0,0,0,0,0},{0,0,0,0,0,0,0,0,0},{0,0,0,0,0,0,0,0,0}}
]
13:19:12.575 [main] INFO  sudoku.model.SudokuBoard - Wartość 0 wstawiona nieprawidłowo
13:19:12.576 [main] INFO  sudoku.model.SudokuBoard - Bład w kwadracie 0
sudoku.model.SudokuBoard@3d0d120b[
  size=9
  solver=sudoku.model.BacktrackingSudokuSolver@6b5c134e
  board={{8,7,5,6,4,9,1,2,3},{3,4,2,7,1,5,8,6,9},{9,6,1,8,2,3,4,5,7},{7,9,3,4,6,1,2,8,5},{4,8,6,5,9,2,7,3,1},{2,0,0,0,0,0,0,0,0},{0,0,0,0,0,0,0,0,0},{0,0,0,0,0,0,0,0,0},{0,0,0,0,0,0,0,0,0}}
]
13:19:12.576 [main] INFO  sudoku.model.SudokuBoard - Wartość 0 wstawiona nieprawidłowo
13:19:12.576 [main] INFO  sudoku.model.SudokuBoard - Bład w kwadracie 0
sudoku.model.SudokuBoard@3d0d120b[
  size=9
  solver=sudoku.model.BacktrackingSudokuSolver@6b5c134e
  board={{8,7,5,6,4,9,1,2,3},{3,4,2,7,1,5,8,6,9},{9,6,1,8,2,3,4,5,7},{7,9,3,4,6,1,2,8,5},{4,8,6,5,9,2,7,3,1},{0,0,0,0,0,0,0,0,0},{0,0,0,0,0,0,0,0,0},{0,0,0,0,0,0,0,0,0},{0,0,0,0,0,0,0,0,0}}
]
13:19:12.576 [main] INFO  sudoku.model.SudokuBoard - Wartość 0 wstawiona nieprawidłowo
13:19:12.576 [main] INFO  sudoku.model.SudokuBoard - Bład w kwadracie 0
sudoku.model.SudokuBoard@3d0d120b[
  size=9
  solver=sudoku.model.BacktrackingSudokuSolver@6b5c134e
  board={{8,7,5,6,4,9,1,2,3},{3,4,2,7,1,5,8,6,9},{9,6,1,8,2,3,4,5,7},{7,9,3,4,6,1,2,8,5},{4,8,6,5,9,2,7,3,1},{5,0,0,0,0,0,0,0,0},{0,0,0,0,0,0,0,0,0},{0,0,0,0,0,0,0,0,0},{0,0,0,0,0,0,0,0,0}}
]
13:19:12.576 [main] INFO  sudoku.model.SudokuBoard - Wartość 0 wstawiona nieprawidłowo
13:19:12.576 [main] INFO  sudoku.model.SudokuBoard - Bład w kwadracie 0
sudoku.model.SudokuBoard@3d0d120b[
  size=9
  solver=sudoku.model.BacktrackingSudokuSolver@6b5c134e
  board={{8,7,5,6,4,9,1,2,3},{3,4,2,7,1,5,8,6,9},{9,6,1,8,2,3,4,5,7},{7,9,3,4,6,1,2,8,5},{4,8,6,5,9,2,7,3,1},{5,0,0,0,0,0,0,0,0},{0,0,0,0,0,0,0,0,0},{0,0,0,0,0,0,0,0,0},{0,0,0,0,0,0,0,0,0}}
]
13:19:12.576 [main] INFO  sudoku.model.SudokuBoard - Wartość 0 wstawiona nieprawidłowo
13:19:12.576 [main] INFO  sudoku.model.SudokuBoard - Bład w kwadracie 0
sudoku.model.SudokuBoard@3d0d120b[
  size=9
  solver=sudoku.model.BacktrackingSudokuSolver@6b5c134e
  board={{8,7,5,6,4,9,1,2,3},{3,4,2,7,1,5,8,6,9},{9,6,1,8,2,3,4,5,7},{7,9,3,4,6,1,2,8,5},{4,8,6,5,9,2,7,3,1},{0,0,0,0,0,0,0,0,0},{0,0,0,0,0,0,0,0,0},{0,0,0,0,0,0,0,0,0},{0,0,0,0,0,0,0,0,0}}
]
13:19:12.576 [main] INFO  sudoku.model.SudokuBoard - Wartość 0 wstawiona nieprawidłowo
13:19:12.577 [main] INFO  sudoku.model.SudokuBoard - Bład w kwadracie 0
sudoku.model.SudokuBoard@3d0d120b[
  size=9
  solver=sudoku.model.BacktrackingSudokuSolver@6b5c134e
  board={{8,7,5,6,4,9,1,2,3},{3,4,2,7,1,5,8,6,9},{9,6,1,8,2,3,4,5,7},{7,9,3,4,6,1,2,8,5},{4,8,6,5,9,2,7,3,0},{0,0,0,0,0,0,0,0,0},{0,0,0,0,0,0,0,0,0},{0,0,0,0,0,0,0,0,0},{0,0,0,0,0,0,0,0,0}}
]
13:19:12.577 [main] INFO  sudoku.model.SudokuBoard - Wartość 0 wstawiona nieprawidłowo
13:19:12.577 [main] INFO  sudoku.model.SudokuBoard - Bład w kwadracie 0
sudoku.model.SudokuBoard@3d0d120b[
  size=9
  solver=sudoku.model.BacktrackingSudokuSolver@6b5c134e
  board={{8,7,5,6,4,9,1,2,3},{3,4,2,7,1,5,8,6,9},{9,6,1,8,2,3,4,5,7},{7,9,3,4,6,1,2,8,5},{4,8,6,5,9,2,7,0,0},{0,0,0,0,0,0,0,0,0},{0,0,0,0,0,0,0,0,0},{0,0,0,0,0,0,0,0,0},{0,0,0,0,0,0,0,0,0}}
]
13:19:12.577 [main] INFO  sudoku.model.SudokuBoard - Wartość 0 wstawiona nieprawidłowo
13:19:12.577 [main] INFO  sudoku.model.SudokuBoard - Bład w kwadracie 0
sudoku.model.SudokuBoard@3d0d120b[
  size=9
  solver=sudoku.model.BacktrackingSudokuSolver@6b5c134e
  board={{8,7,5,6,4,9,1,2,3},{3,4,2,7,1,5,8,6,9},{9,6,1,8,2,3,4,5,7},{7,9,3,4,6,1,2,8,5},{4,8,6,5,9,2,0,0,0},{0,0,0,0,0,0,0,0,0},{0,0,0,0,0,0,0,0,0},{0,0,0,0,0,0,0,0,0},{0,0,0,0,0,0,0,0,0}}
]
13:19:12.577 [main] INFO  sudoku.model.SudokuBoard - Wartość 0 wstawiona nieprawidłowo
13:19:12.577 [main] INFO  sudoku.model.SudokuBoard - Bład w kwadracie 0
sudoku.model.SudokuBoard@3d0d120b[
  size=9
  solver=sudoku.model.BacktrackingSudokuSolver@6b5c134e
  board={{8,7,5,6,4,9,1,2,3},{3,4,2,7,1,5,8,6,9},{9,6,1,8,2,3,4,5,7},{7,9,3,4,6,1,2,8,5},{4,8,6,5,9,2,3,7,1},{5,0,0,0,0,0,0,0,0},{0,0,0,0,0,0,0,0,0},{0,0,0,0,0,0,0,0,0},{0,0,0,0,0,0,0,0,0}}
]
13:19:12.577 [main] INFO  sudoku.model.SudokuBoard - Wartość 0 wstawiona nieprawidłowo
13:19:12.578 [main] INFO  sudoku.model.SudokuBoard - Bład w kwadracie 0
sudoku.model.SudokuBoard@3d0d120b[
  size=9
  solver=sudoku.model.BacktrackingSudokuSolver@6b5c134e
  board={{8,7,5,6,4,9,1,2,3},{3,4,2,7,1,5,8,6,9},{9,6,1,8,2,3,4,5,7},{7,9,3,4,6,1,2,8,5},{4,8,6,5,9,2,3,7,1},{5,0,0,0,0,0,0,0,0},{0,0,0,0,0,0,0,0,0},{0,0,0,0,0,0,0,0,0},{0,0,0,0,0,0,0,0,0}}
]
13:19:12.578 [main] INFO  sudoku.model.SudokuBoard - Wartość 0 wstawiona nieprawidłowo
13:19:12.578 [main] INFO  sudoku.model.SudokuBoard - Bład w kwadracie 0
sudoku.model.SudokuBoard@3d0d120b[
  size=9
  solver=sudoku.model.BacktrackingSudokuSolver@6b5c134e
  board={{8,7,5,6,4,9,1,2,3},{3,4,2,7,1,5,8,6,9},{9,6,1,8,2,3,4,5,7},{7,9,3,4,6,1,2,8,5},{4,8,6,5,9,2,3,7,1},{0,0,0,0,0,0,0,0,0},{0,0,0,0,0,0,0,0,0},{0,0,0,0,0,0,0,0,0},{0,0,0,0,0,0,0,0,0}}
]
13:19:12.578 [main] INFO  sudoku.model.SudokuBoard - Wartość 0 wstawiona nieprawidłowo
13:19:12.578 [main] INFO  sudoku.model.SudokuBoard - Bład w kwadracie 0
sudoku.model.SudokuBoard@3d0d120b[
  size=9
  solver=sudoku.model.BacktrackingSudokuSolver@6b5c134e
  board={{8,7,5,6,4,9,1,2,3},{3,4,2,7,1,5,8,6,9},{9,6,1,8,2,3,4,5,7},{7,9,3,4,6,1,2,8,5},{4,8,6,5,9,2,3,7,1},{1,0,0,0,0,0,0,0,0},{0,0,0,0,0,0,0,0,0},{0,0,0,0,0,0,0,0,0},{0,0,0,0,0,0,0,0,0}}
]
13:19:12.578 [main] INFO  sudoku.model.SudokuBoard - Wartość 0 wstawiona nieprawidłowo
13:19:12.578 [main] INFO  sudoku.model.SudokuBoard - Bład w kwadracie 0
sudoku.model.SudokuBoard@3d0d120b[
  size=9
  solver=sudoku.model.BacktrackingSudokuSolver@6b5c134e
  board={{8,7,5,6,4,9,1,2,3},{3,4,2,7,1,5,8,6,9},{9,6,1,8,2,3,4,5,7},{7,9,3,4,6,1,2,8,5},{4,8,6,5,9,2,3,7,1},{1,0,0,0,0,0,0,0,0},{0,0,0,0,0,0,0,0,0},{0,0,0,0,0,0,0,0,0},{0,0,0,0,0,0,0,0,0}}
]
13:19:12.578 [main] INFO  sudoku.model.SudokuBoard - Wartość 0 wstawiona nieprawidłowo
13:19:12.578 [main] INFO  sudoku.model.SudokuBoard - Bład w kwadracie 0
sudoku.model.SudokuBoard@3d0d120b[
  size=9
  solver=sudoku.model.BacktrackingSudokuSolver@6b5c134e
  board={{8,7,5,6,4,9,1,2,3},{3,4,2,7,1,5,8,6,9},{9,6,1,8,2,3,4,5,7},{7,9,3,4,6,1,2,8,5},{4,8,6,5,9,2,3,7,1},{0,0,0,0,0,0,0,0,0},{0,0,0,0,0,0,0,0,0},{0,0,0,0,0,0,0,0,0},{0,0,0,0,0,0,0,0,0}}
]
13:19:12.578 [main] INFO  sudoku.model.SudokuBoard - Wartość 0 wstawiona nieprawidłowo
13:19:12.579 [main] INFO  sudoku.model.SudokuBoard - Bład w kwadracie 0
sudoku.model.SudokuBoard@3d0d120b[
  size=9
  solver=sudoku.model.BacktrackingSudokuSolver@6b5c134e
  board={{8,7,5,6,4,9,1,2,3},{3,4,2,7,1,5,8,6,9},{9,6,1,8,2,3,4,5,7},{7,9,3,4,6,1,2,8,5},{4,8,6,5,9,2,3,7,1},{2,0,0,0,0,0,0,0,0},{0,0,0,0,0,0,0,0,0},{0,0,0,0,0,0,0,0,0},{0,0,0,0,0,0,0,0,0}}
]
13:19:12.579 [main] INFO  sudoku.model.SudokuBoard - Wartość 0 wstawiona nieprawidłowo
13:19:12.579 [main] INFO  sudoku.model.SudokuBoard - Bład w kwadracie 0
sudoku.model.SudokuBoard@3d0d120b[
  size=9
  solver=sudoku.model.BacktrackingSudokuSolver@6b5c134e
  board={{8,7,5,6,4,9,1,2,3},{3,4,2,7,1,5,8,6,9},{9,6,1,8,2,3,4,5,7},{7,9,3,4,6,1,2,8,5},{4,8,6,5,9,2,3,7,1},{2,0,0,0,0,0,0,0,0},{0,0,0,0,0,0,0,0,0},{0,0,0,0,0,0,0,0,0},{0,0,0,0,0,0,0,0,0}}
]
13:19:12.579 [main] INFO  sudoku.model.SudokuBoard - Wartość 0 wstawiona nieprawidłowo
13:19:12.579 [main] INFO  sudoku.model.SudokuBoard - Bład w kwadracie 0
sudoku.model.SudokuBoard@3d0d120b[
  size=9
  solver=sudoku.model.BacktrackingSudokuSolver@6b5c134e
  board={{8,7,5,6,4,9,1,2,3},{3,4,2,7,1,5,8,6,9},{9,6,1,8,2,3,4,5,7},{7,9,3,4,6,1,2,8,5},{4,8,6,5,9,2,3,7,1},{0,0,0,0,0,0,0,0,0},{0,0,0,0,0,0,0,0,0},{0,0,0,0,0,0,0,0,0},{0,0,0,0,0,0,0,0,0}}
]
13:19:12.579 [main] INFO  sudoku.model.SudokuBoard - Wartość 0 wstawiona nieprawidłowo
13:19:12.579 [main] INFO  sudoku.model.SudokuBoard - Bład w kwadracie 0
sudoku.model.SudokuBoard@3d0d120b[
  size=9
  solver=sudoku.model.BacktrackingSudokuSolver@6b5c134e
  board={{8,7,5,6,4,9,1,2,3},{3,4,2,7,1,5,8,6,9},{9,6,1,8,2,3,4,5,7},{7,9,3,4,6,1,2,8,5},{4,8,6,5,9,2,3,7,0},{0,0,0,0,0,0,0,0,0},{0,0,0,0,0,0,0,0,0},{0,0,0,0,0,0,0,0,0},{0,0,0,0,0,0,0,0,0}}
]
13:19:12.579 [main] INFO  sudoku.model.SudokuBoard - Wartość 0 wstawiona nieprawidłowo
13:19:12.579 [main] INFO  sudoku.model.SudokuBoard - Bład w kwadracie 0
sudoku.model.SudokuBoard@3d0d120b[
  size=9
  solver=sudoku.model.BacktrackingSudokuSolver@6b5c134e
  board={{8,7,5,6,4,9,1,2,3},{3,4,2,7,1,5,8,6,9},{9,6,1,8,2,3,4,5,7},{7,9,3,4,6,1,2,8,5},{4,8,6,5,9,2,3,0,0},{0,0,0,0,0,0,0,0,0},{0,0,0,0,0,0,0,0,0},{0,0,0,0,0,0,0,0,0},{0,0,0,0,0,0,0,0,0}}
]
13:19:12.579 [main] INFO  sudoku.model.SudokuBoard - Wartość 0 wstawiona nieprawidłowo
13:19:12.579 [main] INFO  sudoku.model.SudokuBoard - Bład w kwadracie 0
sudoku.model.SudokuBoard@3d0d120b[
  size=9
  solver=sudoku.model.BacktrackingSudokuSolver@6b5c134e
  board={{8,7,5,6,4,9,1,2,3},{3,4,2,7,1,5,8,6,9},{9,6,1,8,2,3,4,5,7},{7,9,3,4,6,1,2,8,5},{4,8,6,5,9,2,3,0,0},{0,0,0,0,0,0,0,0,0},{0,0,0,0,0,0,0,0,0},{0,0,0,0,0,0,0,0,0},{0,0,0,0,0,0,0,0,0}}
]
13:19:12.580 [main] INFO  sudoku.model.SudokuBoard - Wartość 0 wstawiona nieprawidłowo
13:19:12.580 [main] INFO  sudoku.model.SudokuBoard - Bład w kwadracie 0
sudoku.model.SudokuBoard@3d0d120b[
  size=9
  solver=sudoku.model.BacktrackingSudokuSolver@6b5c134e
  board={{8,7,5,6,4,9,1,2,3},{3,4,2,7,1,5,8,6,9},{9,6,1,8,2,3,4,5,7},{7,9,3,4,6,1,2,8,5},{4,8,6,5,9,2,0,0,0},{0,0,0,0,0,0,0,0,0},{0,0,0,0,0,0,0,0,0},{0,0,0,0,0,0,0,0,0},{0,0,0,0,0,0,0,0,0}}
]
13:19:12.580 [main] INFO  sudoku.model.SudokuBoard - Wartość 0 wstawiona nieprawidłowo
13:19:12.580 [main] INFO  sudoku.model.SudokuBoard - Bład w kwadracie 0
sudoku.model.SudokuBoard@3d0d120b[
  size=9
  solver=sudoku.model.BacktrackingSudokuSolver@6b5c134e
  board={{8,7,5,6,4,9,1,2,3},{3,4,2,7,1,5,8,6,9},{9,6,1,8,2,3,4,5,7},{7,9,3,4,6,1,2,8,5},{4,8,6,5,9,0,0,0,0},{0,0,0,0,0,0,0,0,0},{0,0,0,0,0,0,0,0,0},{0,0,0,0,0,0,0,0,0},{0,0,0,0,0,0,0,0,0}}
]
13:19:12.580 [main] INFO  sudoku.model.SudokuBoard - Wartość 0 wstawiona nieprawidłowo
13:19:12.580 [main] INFO  sudoku.model.SudokuBoard - Bład w kwadracie 0
sudoku.model.SudokuBoard@3d0d120b[
  size=9
  solver=sudoku.model.BacktrackingSudokuSolver@6b5c134e
  board={{8,7,5,6,4,9,1,2,3},{3,4,2,7,1,5,8,6,9},{9,6,1,8,2,3,4,5,7},{7,9,3,4,6,1,2,8,5},{4,8,6,5,0,0,0,0,0},{0,0,0,0,0,0,0,0,0},{0,0,0,0,0,0,0,0,0},{0,0,0,0,0,0,0,0,0},{0,0,0,0,0,0,0,0,0}}
]
13:19:12.580 [main] INFO  sudoku.model.SudokuBoard - Wartość 0 wstawiona nieprawidłowo
13:19:12.580 [main] INFO  sudoku.model.SudokuBoard - Bład w kwadracie 0
sudoku.model.SudokuBoard@3d0d120b[
  size=9
  solver=sudoku.model.BacktrackingSudokuSolver@6b5c134e
  board={{8,7,5,6,4,9,1,2,3},{3,4,2,7,1,5,8,6,9},{9,6,1,8,2,3,4,5,7},{7,9,3,4,6,1,2,8,5},{4,8,6,5,3,7,9,0,0},{0,0,0,0,0,0,0,0,0},{0,0,0,0,0,0,0,0,0},{0,0,0,0,0,0,0,0,0},{0,0,0,0,0,0,0,0,0}}
]
13:19:12.580 [main] INFO  sudoku.model.SudokuBoard - Wartość 0 wstawiona nieprawidłowo
13:19:12.580 [main] INFO  sudoku.model.SudokuBoard - Bład w kwadracie 0
sudoku.model.SudokuBoard@3d0d120b[
  size=9
  solver=sudoku.model.BacktrackingSudokuSolver@6b5c134e
  board={{8,7,5,6,4,9,1,2,3},{3,4,2,7,1,5,8,6,9},{9,6,1,8,2,3,4,5,7},{7,9,3,4,6,1,2,8,5},{4,8,6,5,3,7,0,0,0},{0,0,0,0,0,0,0,0,0},{0,0,0,0,0,0,0,0,0},{0,0,0,0,0,0,0,0,0},{0,0,0,0,0,0,0,0,0}}
]
13:19:12.580 [main] INFO  sudoku.model.SudokuBoard - Wartość 0 wstawiona nieprawidłowo
13:19:12.581 [main] INFO  sudoku.model.SudokuBoard - Bład w kwadracie 0
sudoku.model.SudokuBoard@3d0d120b[
  size=9
  solver=sudoku.model.BacktrackingSudokuSolver@6b5c134e
  board={{8,7,5,6,4,9,1,2,3},{3,4,2,7,1,5,8,6,9},{9,6,1,8,2,3,4,5,7},{7,9,3,4,6,1,2,8,5},{4,8,6,5,3,0,0,0,0},{0,0,0,0,0,0,0,0,0},{0,0,0,0,0,0,0,0,0},{0,0,0,0,0,0,0,0,0},{0,0,0,0,0,0,0,0,0}}
]
13:19:12.581 [main] INFO  sudoku.model.SudokuBoard - Wartość 0 wstawiona nieprawidłowo
13:19:12.581 [main] INFO  sudoku.model.SudokuBoard - Bład w kwadracie 0
sudoku.model.SudokuBoard@3d0d120b[
  size=9
  solver=sudoku.model.BacktrackingSudokuSolver@6b5c134e
  board={{8,7,5,6,4,9,1,2,3},{3,4,2,7,1,5,8,6,9},{9,6,1,8,2,3,4,5,7},{7,9,3,4,6,1,2,8,5},{4,8,6,5,3,2,7,9,1},{5,0,0,0,0,0,0,0,0},{0,0,0,0,0,0,0,0,0},{0,0,0,0,0,0,0,0,0},{0,0,0,0,0,0,0,0,0}}
]
13:19:12.581 [main] INFO  sudoku.model.SudokuBoard - Wartość 0 wstawiona nieprawidłowo
13:19:12.581 [main] INFO  sudoku.model.SudokuBoard - Bład w kwadracie 0
sudoku.model.SudokuBoard@3d0d120b[
  size=9
  solver=sudoku.model.BacktrackingSudokuSolver@6b5c134e
  board={{8,7,5,6,4,9,1,2,3},{3,4,2,7,1,5,8,6,9},{9,6,1,8,2,3,4,5,7},{7,9,3,4,6,1,2,8,5},{4,8,6,5,3,2,7,9,1},{5,0,0,0,0,0,0,0,0},{0,0,0,0,0,0,0,0,0},{0,0,0,0,0,0,0,0,0},{0,0,0,0,0,0,0,0,0}}
]
13:19:12.581 [main] INFO  sudoku.model.SudokuBoard - Wartość 0 wstawiona nieprawidłowo
13:19:12.581 [main] INFO  sudoku.model.SudokuBoard - Bład w kwadracie 0
sudoku.model.SudokuBoard@3d0d120b[
  size=9
  solver=sudoku.model.BacktrackingSudokuSolver@6b5c134e
  board={{8,7,5,6,4,9,1,2,3},{3,4,2,7,1,5,8,6,9},{9,6,1,8,2,3,4,5,7},{7,9,3,4,6,1,2,8,5},{4,8,6,5,3,2,7,9,1},{0,0,0,0,0,0,0,0,0},{0,0,0,0,0,0,0,0,0},{0,0,0,0,0,0,0,0,0},{0,0,0,0,0,0,0,0,0}}
]
13:19:12.581 [main] INFO  sudoku.model.SudokuBoard - Wartość 0 wstawiona nieprawidłowo
13:19:12.581 [main] INFO  sudoku.model.SudokuBoard - Bład w kwadracie 0
sudoku.model.SudokuBoard@3d0d120b[
  size=9
  solver=sudoku.model.BacktrackingSudokuSolver@6b5c134e
  board={{8,7,5,6,4,9,1,2,3},{3,4,2,7,1,5,8,6,9},{9,6,1,8,2,3,4,5,7},{7,9,3,4,6,1,2,8,5},{4,8,6,5,3,2,7,9,1},{1,0,0,0,0,0,0,0,0},{0,0,0,0,0,0,0,0,0},{0,0,0,0,0,0,0,0,0},{0,0,0,0,0,0,0,0,0}}
]
13:19:12.581 [main] INFO  sudoku.model.SudokuBoard - Wartość 0 wstawiona nieprawidłowo
13:19:12.582 [main] INFO  sudoku.model.SudokuBoard - Bład w kwadracie 0
sudoku.model.SudokuBoard@3d0d120b[
  size=9
  solver=sudoku.model.BacktrackingSudokuSolver@6b5c134e
  board={{8,7,5,6,4,9,1,2,3},{3,4,2,7,1,5,8,6,9},{9,6,1,8,2,3,4,5,7},{7,9,3,4,6,1,2,8,5},{4,8,6,5,3,2,7,9,1},{1,0,0,0,0,0,0,0,0},{0,0,0,0,0,0,0,0,0},{0,0,0,0,0,0,0,0,0},{0,0,0,0,0,0,0,0,0}}
]
13:19:12.582 [main] INFO  sudoku.model.SudokuBoard - Wartość 0 wstawiona nieprawidłowo
13:19:12.582 [main] INFO  sudoku.model.SudokuBoard - Bład w kwadracie 0
sudoku.model.SudokuBoard@3d0d120b[
  size=9
  solver=sudoku.model.BacktrackingSudokuSolver@6b5c134e
  board={{8,7,5,6,4,9,1,2,3},{3,4,2,7,1,5,8,6,9},{9,6,1,8,2,3,4,5,7},{7,9,3,4,6,1,2,8,5},{4,8,6,5,3,2,7,9,1},{0,0,0,0,0,0,0,0,0},{0,0,0,0,0,0,0,0,0},{0,0,0,0,0,0,0,0,0},{0,0,0,0,0,0,0,0,0}}
]
13:19:12.582 [main] INFO  sudoku.model.SudokuBoard - Wartość 0 wstawiona nieprawidłowo
13:19:12.582 [main] INFO  sudoku.model.SudokuBoard - Bład w kwadracie 0
sudoku.model.SudokuBoard@3d0d120b[
  size=9
  solver=sudoku.model.BacktrackingSudokuSolver@6b5c134e
  board={{8,7,5,6,4,9,1,2,3},{3,4,2,7,1,5,8,6,9},{9,6,1,8,2,3,4,5,7},{7,9,3,4,6,1,2,8,5},{4,8,6,5,3,2,7,9,1},{2,0,0,0,0,0,0,0,0},{0,0,0,0,0,0,0,0,0},{0,0,0,0,0,0,0,0,0},{0,0,0,0,0,0,0,0,0}}
]
13:19:12.582 [main] INFO  sudoku.model.SudokuBoard - Wartość 0 wstawiona nieprawidłowo
13:19:12.582 [main] INFO  sudoku.model.SudokuBoard - Bład w kwadracie 0
sudoku.model.SudokuBoard@3d0d120b[
  size=9
  solver=sudoku.model.BacktrackingSudokuSolver@6b5c134e
  board={{8,7,5,6,4,9,1,2,3},{3,4,2,7,1,5,8,6,9},{9,6,1,8,2,3,4,5,7},{7,9,3,4,6,1,2,8,5},{4,8,6,5,3,2,7,9,1},{2,0,0,0,0,0,0,0,0},{0,0,0,0,0,0,0,0,0},{0,0,0,0,0,0,0,0,0},{0,0,0,0,0,0,0,0,0}}
]
13:19:12.582 [main] INFO  sudoku.model.SudokuBoard - Wartość 0 wstawiona nieprawidłowo
13:19:12.582 [main] INFO  sudoku.model.SudokuBoard - Bład w kwadracie 0
sudoku.model.SudokuBoard@3d0d120b[
  size=9
  solver=sudoku.model.BacktrackingSudokuSolver@6b5c134e
  board={{8,7,5,6,4,9,1,2,3},{3,4,2,7,1,5,8,6,9},{9,6,1,8,2,3,4,5,7},{7,9,3,4,6,1,2,8,5},{4,8,6,5,3,2,7,9,1},{0,0,0,0,0,0,0,0,0},{0,0,0,0,0,0,0,0,0},{0,0,0,0,0,0,0,0,0},{0,0,0,0,0,0,0,0,0}}
]
13:19:12.583 [main] INFO  sudoku.model.SudokuBoard - Wartość 0 wstawiona nieprawidłowo
13:19:12.583 [main] INFO  sudoku.model.SudokuBoard - Bład w kwadracie 0
sudoku.model.SudokuBoard@3d0d120b[
  size=9
  solver=sudoku.model.BacktrackingSudokuSolver@6b5c134e
  board={{8,7,5,6,4,9,1,2,3},{3,4,2,7,1,5,8,6,9},{9,6,1,8,2,3,4,5,7},{7,9,3,4,6,1,2,8,5},{4,8,6,5,3,2,7,9,0},{0,0,0,0,0,0,0,0,0},{0,0,0,0,0,0,0,0,0},{0,0,0,0,0,0,0,0,0},{0,0,0,0,0,0,0,0,0}}
]
13:19:12.583 [main] INFO  sudoku.model.SudokuBoard - Wartość 0 wstawiona nieprawidłowo
13:19:12.583 [main] INFO  sudoku.model.SudokuBoard - Bład w kwadracie 0
sudoku.model.SudokuBoard@3d0d120b[
  size=9
  solver=sudoku.model.BacktrackingSudokuSolver@6b5c134e
  board={{8,7,5,6,4,9,1,2,3},{3,4,2,7,1,5,8,6,9},{9,6,1,8,2,3,4,5,7},{7,9,3,4,6,1,2,8,5},{4,8,6,5,3,2,7,0,0},{0,0,0,0,0,0,0,0,0},{0,0,0,0,0,0,0,0,0},{0,0,0,0,0,0,0,0,0},{0,0,0,0,0,0,0,0,0}}
]
13:19:12.583 [main] INFO  sudoku.model.SudokuBoard - Wartość 0 wstawiona nieprawidłowo
13:19:12.583 [main] INFO  sudoku.model.SudokuBoard - Bład w kwadracie 0
sudoku.model.SudokuBoard@3d0d120b[
  size=9
  solver=sudoku.model.BacktrackingSudokuSolver@6b5c134e
  board={{8,7,5,6,4,9,1,2,3},{3,4,2,7,1,5,8,6,9},{9,6,1,8,2,3,4,5,7},{7,9,3,4,6,1,2,8,5},{4,8,6,5,3,2,7,0,0},{0,0,0,0,0,0,0,0,0},{0,0,0,0,0,0,0,0,0},{0,0,0,0,0,0,0,0,0},{0,0,0,0,0,0,0,0,0}}
]
13:19:12.583 [main] INFO  sudoku.model.SudokuBoard - Wartość 0 wstawiona nieprawidłowo
13:19:12.583 [main] INFO  sudoku.model.SudokuBoard - Bład w kwadracie 0
sudoku.model.SudokuBoard@3d0d120b[
  size=9
  solver=sudoku.model.BacktrackingSudokuSolver@6b5c134e
  board={{8,7,5,6,4,9,1,2,3},{3,4,2,7,1,5,8,6,9},{9,6,1,8,2,3,4,5,7},{7,9,3,4,6,1,2,8,5},{4,8,6,5,3,2,0,0,0},{0,0,0,0,0,0,0,0,0},{0,0,0,0,0,0,0,0,0},{0,0,0,0,0,0,0,0,0},{0,0,0,0,0,0,0,0,0}}
]
13:19:12.583 [main] INFO  sudoku.model.SudokuBoard - Wartość 0 wstawiona nieprawidłowo
13:19:12.583 [main] INFO  sudoku.model.SudokuBoard - Bład w kwadracie 0
sudoku.model.SudokuBoard@3d0d120b[
  size=9
  solver=sudoku.model.BacktrackingSudokuSolver@6b5c134e
  board={{8,7,5,6,4,9,1,2,3},{3,4,2,7,1,5,8,6,9},{9,6,1,8,2,3,4,5,7},{7,9,3,4,6,1,2,8,5},{4,8,6,5,3,2,9,7,1},{5,0,0,0,0,0,0,0,0},{0,0,0,0,0,0,0,0,0},{0,0,0,0,0,0,0,0,0},{0,0,0,0,0,0,0,0,0}}
]
13:19:12.583 [main] INFO  sudoku.model.SudokuBoard - Wartość 0 wstawiona nieprawidłowo
13:19:12.583 [main] INFO  sudoku.model.SudokuBoard - Bład w kwadracie 0
sudoku.model.SudokuBoard@3d0d120b[
  size=9
  solver=sudoku.model.BacktrackingSudokuSolver@6b5c134e
  board={{8,7,5,6,4,9,1,2,3},{3,4,2,7,1,5,8,6,9},{9,6,1,8,2,3,4,5,7},{7,9,3,4,6,1,2,8,5},{4,8,6,5,3,2,9,7,1},{5,0,0,0,0,0,0,0,0},{0,0,0,0,0,0,0,0,0},{0,0,0,0,0,0,0,0,0},{0,0,0,0,0,0,0,0,0}}
]
13:19:12.584 [main] INFO  sudoku.model.SudokuBoard - Wartość 0 wstawiona nieprawidłowo
13:19:12.584 [main] INFO  sudoku.model.SudokuBoard - Bład w kwadracie 0
sudoku.model.SudokuBoard@3d0d120b[
  size=9
  solver=sudoku.model.BacktrackingSudokuSolver@6b5c134e
  board={{8,7,5,6,4,9,1,2,3},{3,4,2,7,1,5,8,6,9},{9,6,1,8,2,3,4,5,7},{7,9,3,4,6,1,2,8,5},{4,8,6,5,3,2,9,7,1},{0,0,0,0,0,0,0,0,0},{0,0,0,0,0,0,0,0,0},{0,0,0,0,0,0,0,0,0},{0,0,0,0,0,0,0,0,0}}
]
13:19:12.584 [main] INFO  sudoku.model.SudokuBoard - Wartość 0 wstawiona nieprawidłowo
13:19:12.584 [main] INFO  sudoku.model.SudokuBoard - Bład w kwadracie 0
sudoku.model.SudokuBoard@3d0d120b[
  size=9
  solver=sudoku.model.BacktrackingSudokuSolver@6b5c134e
  board={{8,7,5,6,4,9,1,2,3},{3,4,2,7,1,5,8,6,9},{9,6,1,8,2,3,4,5,7},{7,9,3,4,6,1,2,8,5},{4,8,6,5,3,2,9,7,1},{1,0,0,0,0,0,0,0,0},{0,0,0,0,0,0,0,0,0},{0,0,0,0,0,0,0,0,0},{0,0,0,0,0,0,0,0,0}}
]
13:19:12.584 [main] INFO  sudoku.model.SudokuBoard - Wartość 0 wstawiona nieprawidłowo
13:19:12.584 [main] INFO  sudoku.model.SudokuBoard - Bład w kwadracie 0
sudoku.model.SudokuBoard@3d0d120b[
  size=9
  solver=sudoku.model.BacktrackingSudokuSolver@6b5c134e
  board={{8,7,5,6,4,9,1,2,3},{3,4,2,7,1,5,8,6,9},{9,6,1,8,2,3,4,5,7},{7,9,3,4,6,1,2,8,5},{4,8,6,5,3,2,9,7,1},{1,0,0,0,0,0,0,0,0},{0,0,0,0,0,0,0,0,0},{0,0,0,0,0,0,0,0,0},{0,0,0,0,0,0,0,0,0}}
]
13:19:12.584 [main] INFO  sudoku.model.SudokuBoard - Wartość 0 wstawiona nieprawidłowo
13:19:12.584 [main] INFO  sudoku.model.SudokuBoard - Bład w kwadracie 0
sudoku.model.SudokuBoard@3d0d120b[
  size=9
  solver=sudoku.model.BacktrackingSudokuSolver@6b5c134e
  board={{8,7,5,6,4,9,1,2,3},{3,4,2,7,1,5,8,6,9},{9,6,1,8,2,3,4,5,7},{7,9,3,4,6,1,2,8,5},{4,8,6,5,3,2,9,7,1},{0,0,0,0,0,0,0,0,0},{0,0,0,0,0,0,0,0,0},{0,0,0,0,0,0,0,0,0},{0,0,0,0,0,0,0,0,0}}
]
13:19:12.584 [main] INFO  sudoku.model.SudokuBoard - Wartość 0 wstawiona nieprawidłowo
13:19:12.584 [main] INFO  sudoku.model.SudokuBoard - Bład w kwadracie 0
sudoku.model.SudokuBoard@3d0d120b[
  size=9
  solver=sudoku.model.BacktrackingSudokuSolver@6b5c134e
  board={{8,7,5,6,4,9,1,2,3},{3,4,2,7,1,5,8,6,9},{9,6,1,8,2,3,4,5,7},{7,9,3,4,6,1,2,8,5},{4,8,6,5,3,2,9,7,1},{2,0,0,0,0,0,0,0,0},{0,0,0,0,0,0,0,0,0},{0,0,0,0,0,0,0,0,0},{0,0,0,0,0,0,0,0,0}}
]
13:19:12.585 [main] INFO  sudoku.model.SudokuBoard - Wartość 0 wstawiona nieprawidłowo
13:19:12.585 [main] INFO  sudoku.model.SudokuBoard - Bład w kwadracie 0
sudoku.model.SudokuBoard@3d0d120b[
  size=9
  solver=sudoku.model.BacktrackingSudokuSolver@6b5c134e
  board={{8,7,5,6,4,9,1,2,3},{3,4,2,7,1,5,8,6,9},{9,6,1,8,2,3,4,5,7},{7,9,3,4,6,1,2,8,5},{4,8,6,5,3,2,9,7,1},{2,0,0,0,0,0,0,0,0},{0,0,0,0,0,0,0,0,0},{0,0,0,0,0,0,0,0,0},{0,0,0,0,0,0,0,0,0}}
]
13:19:12.585 [main] INFO  sudoku.model.SudokuBoard - Wartość 0 wstawiona nieprawidłowo
13:19:12.585 [main] INFO  sudoku.model.SudokuBoard - Bład w kwadracie 0
sudoku.model.SudokuBoard@3d0d120b[
  size=9
  solver=sudoku.model.BacktrackingSudokuSolver@6b5c134e
  board={{8,7,5,6,4,9,1,2,3},{3,4,2,7,1,5,8,6,9},{9,6,1,8,2,3,4,5,7},{7,9,3,4,6,1,2,8,5},{4,8,6,5,3,2,9,7,1},{0,0,0,0,0,0,0,0,0},{0,0,0,0,0,0,0,0,0},{0,0,0,0,0,0,0,0,0},{0,0,0,0,0,0,0,0,0}}
]
13:19:12.585 [main] INFO  sudoku.model.SudokuBoard - Wartość 0 wstawiona nieprawidłowo
13:19:12.585 [main] INFO  sudoku.model.SudokuBoard - Bład w kwadracie 0
sudoku.model.SudokuBoard@3d0d120b[
  size=9
  solver=sudoku.model.BacktrackingSudokuSolver@6b5c134e
  board={{8,7,5,6,4,9,1,2,3},{3,4,2,7,1,5,8,6,9},{9,6,1,8,2,3,4,5,7},{7,9,3,4,6,1,2,8,5},{4,8,6,5,3,2,9,7,0},{0,0,0,0,0,0,0,0,0},{0,0,0,0,0,0,0,0,0},{0,0,0,0,0,0,0,0,0},{0,0,0,0,0,0,0,0,0}}
]
13:19:12.585 [main] INFO  sudoku.model.SudokuBoard - Wartość 0 wstawiona nieprawidłowo
13:19:12.585 [main] INFO  sudoku.model.SudokuBoard - Bład w kwadracie 0
sudoku.model.SudokuBoard@3d0d120b[
  size=9
  solver=sudoku.model.BacktrackingSudokuSolver@6b5c134e
  board={{8,7,5,6,4,9,1,2,3},{3,4,2,7,1,5,8,6,9},{9,6,1,8,2,3,4,5,7},{7,9,3,4,6,1,2,8,5},{4,8,6,5,3,2,9,0,0},{0,0,0,0,0,0,0,0,0},{0,0,0,0,0,0,0,0,0},{0,0,0,0,0,0,0,0,0},{0,0,0,0,0,0,0,0,0}}
]
13:19:12.585 [main] INFO  sudoku.model.SudokuBoard - Wartość 0 wstawiona nieprawidłowo
13:19:12.585 [main] INFO  sudoku.model.SudokuBoard - Bład w kwadracie 0
sudoku.model.SudokuBoard@3d0d120b[
  size=9
  solver=sudoku.model.BacktrackingSudokuSolver@6b5c134e
  board={{8,7,5,6,4,9,1,2,3},{3,4,2,7,1,5,8,6,9},{9,6,1,8,2,3,4,5,7},{7,9,3,4,6,1,2,8,5},{4,8,6,5,3,2,9,0,0},{0,0,0,0,0,0,0,0,0},{0,0,0,0,0,0,0,0,0},{0,0,0,0,0,0,0,0,0},{0,0,0,0,0,0,0,0,0}}
]
13:19:12.585 [main] INFO  sudoku.model.SudokuBoard - Wartość 0 wstawiona nieprawidłowo
13:19:12.586 [main] INFO  sudoku.model.SudokuBoard - Bład w kwadracie 0
sudoku.model.SudokuBoard@3d0d120b[
  size=9
  solver=sudoku.model.BacktrackingSudokuSolver@6b5c134e
  board={{8,7,5,6,4,9,1,2,3},{3,4,2,7,1,5,8,6,9},{9,6,1,8,2,3,4,5,7},{7,9,3,4,6,1,2,8,5},{4,8,6,5,3,2,0,0,0},{0,0,0,0,0,0,0,0,0},{0,0,0,0,0,0,0,0,0},{0,0,0,0,0,0,0,0,0},{0,0,0,0,0,0,0,0,0}}
]
13:19:12.586 [main] INFO  sudoku.model.SudokuBoard - Wartość 0 wstawiona nieprawidłowo
13:19:12.586 [main] INFO  sudoku.model.SudokuBoard - Bład w kwadracie 0
sudoku.model.SudokuBoard@3d0d120b[
  size=9
  solver=sudoku.model.BacktrackingSudokuSolver@6b5c134e
  board={{8,7,5,6,4,9,1,2,3},{3,4,2,7,1,5,8,6,9},{9,6,1,8,2,3,4,5,7},{7,9,3,4,6,1,2,8,5},{4,8,6,5,3,0,0,0,0},{0,0,0,0,0,0,0,0,0},{0,0,0,0,0,0,0,0,0},{0,0,0,0,0,0,0,0,0},{0,0,0,0,0,0,0,0,0}}
]
13:19:12.586 [main] INFO  sudoku.model.SudokuBoard - Wartość 0 wstawiona nieprawidłowo
13:19:12.586 [main] INFO  sudoku.model.SudokuBoard - Bład w kwadracie 0
sudoku.model.SudokuBoard@3d0d120b[
  size=9
  solver=sudoku.model.BacktrackingSudokuSolver@6b5c134e
  board={{8,7,5,6,4,9,1,2,3},{3,4,2,7,1,5,8,6,9},{9,6,1,8,2,3,4,5,7},{7,9,3,4,6,1,2,8,5},{4,8,6,5,0,0,0,0,0},{0,0,0,0,0,0,0,0,0},{0,0,0,0,0,0,0,0,0},{0,0,0,0,0,0,0,0,0},{0,0,0,0,0,0,0,0,0}}
]
13:19:12.587 [main] INFO  sudoku.model.SudokuBoard - Wartość 0 wstawiona nieprawidłowo
13:19:12.588 [main] INFO  sudoku.model.SudokuBoard - Bład w kwadracie 0
sudoku.model.SudokuBoard@3d0d120b[
  size=9
  solver=sudoku.model.BacktrackingSudokuSolver@6b5c134e
  board={{8,7,5,6,4,9,1,2,3},{3,4,2,7,1,5,8,6,9},{9,6,1,8,2,3,4,5,7},{7,9,3,4,6,1,2,8,5},{4,8,6,0,0,0,0,0,0},{0,0,0,0,0,0,0,0,0},{0,0,0,0,0,0,0,0,0},{0,0,0,0,0,0,0,0,0},{0,0,0,0,0,0,0,0,0}}
]
13:19:12.588 [main] INFO  sudoku.model.SudokuBoard - Wartość 0 wstawiona nieprawidłowo
13:19:12.588 [main] INFO  sudoku.model.SudokuBoard - Bład w kwadracie 0
sudoku.model.SudokuBoard@3d0d120b[
  size=9
  solver=sudoku.model.BacktrackingSudokuSolver@6b5c134e
  board={{8,7,5,6,4,9,1,2,3},{3,4,2,7,1,5,8,6,9},{9,6,1,8,2,3,4,5,7},{7,9,3,4,6,1,2,8,5},{4,8,6,9,5,2,7,3,1},{1,0,0,0,0,0,0,0,0},{0,0,0,0,0,0,0,0,0},{0,0,0,0,0,0,0,0,0},{0,0,0,0,0,0,0,0,0}}
]
13:19:12.588 [main] INFO  sudoku.model.SudokuBoard - Wartość 0 wstawiona nieprawidłowo
13:19:12.588 [main] INFO  sudoku.model.SudokuBoard - Bład w kwadracie 0
sudoku.model.SudokuBoard@3d0d120b[
  size=9
  solver=sudoku.model.BacktrackingSudokuSolver@6b5c134e
  board={{8,7,5,6,4,9,1,2,3},{3,4,2,7,1,5,8,6,9},{9,6,1,8,2,3,4,5,7},{7,9,3,4,6,1,2,8,5},{4,8,6,9,5,2,7,3,1},{1,0,0,0,0,0,0,0,0},{0,0,0,0,0,0,0,0,0},{0,0,0,0,0,0,0,0,0},{0,0,0,0,0,0,0,0,0}}
]
13:19:12.588 [main] INFO  sudoku.model.SudokuBoard - Wartość 0 wstawiona nieprawidłowo
13:19:12.589 [main] INFO  sudoku.model.SudokuBoard - Bład w kwadracie 0
sudoku.model.SudokuBoard@3d0d120b[
  size=9
  solver=sudoku.model.BacktrackingSudokuSolver@6b5c134e
  board={{8,7,5,6,4,9,1,2,3},{3,4,2,7,1,5,8,6,9},{9,6,1,8,2,3,4,5,7},{7,9,3,4,6,1,2,8,5},{4,8,6,9,5,2,7,3,1},{0,0,0,0,0,0,0,0,0},{0,0,0,0,0,0,0,0,0},{0,0,0,0,0,0,0,0,0},{0,0,0,0,0,0,0,0,0}}
]
13:19:12.589 [main] INFO  sudoku.model.SudokuBoard - Wartość 0 wstawiona nieprawidłowo
13:19:12.589 [main] INFO  sudoku.model.SudokuBoard - Bład w kwadracie 0
sudoku.model.SudokuBoard@3d0d120b[
  size=9
  solver=sudoku.model.BacktrackingSudokuSolver@6b5c134e
  board={{8,7,5,6,4,9,1,2,3},{3,4,2,7,1,5,8,6,9},{9,6,1,8,2,3,4,5,7},{7,9,3,4,6,1,2,8,5},{4,8,6,9,5,2,7,3,1},{2,0,0,0,0,0,0,0,0},{0,0,0,0,0,0,0,0,0},{0,0,0,0,0,0,0,0,0},{0,0,0,0,0,0,0,0,0}}
]
13:19:12.589 [main] INFO  sudoku.model.SudokuBoard - Wartość 0 wstawiona nieprawidłowo
13:19:12.589 [main] INFO  sudoku.model.SudokuBoard - Bład w kwadracie 0
sudoku.model.SudokuBoard@3d0d120b[
  size=9
  solver=sudoku.model.BacktrackingSudokuSolver@6b5c134e
  board={{8,7,5,6,4,9,1,2,3},{3,4,2,7,1,5,8,6,9},{9,6,1,8,2,3,4,5,7},{7,9,3,4,6,1,2,8,5},{4,8,6,9,5,2,7,3,1},{2,0,0,0,0,0,0,0,0},{0,0,0,0,0,0,0,0,0},{0,0,0,0,0,0,0,0,0},{0,0,0,0,0,0,0,0,0}}
]
13:19:12.589 [main] INFO  sudoku.model.SudokuBoard - Wartość 0 wstawiona nieprawidłowo
13:19:12.589 [main] INFO  sudoku.model.SudokuBoard - Bład w kwadracie 0
sudoku.model.SudokuBoard@3d0d120b[
  size=9
  solver=sudoku.model.BacktrackingSudokuSolver@6b5c134e
  board={{8,7,5,6,4,9,1,2,3},{3,4,2,7,1,5,8,6,9},{9,6,1,8,2,3,4,5,7},{7,9,3,4,6,1,2,8,5},{4,8,6,9,5,2,7,3,1},{0,0,0,0,0,0,0,0,0},{0,0,0,0,0,0,0,0,0},{0,0,0,0,0,0,0,0,0},{0,0,0,0,0,0,0,0,0}}
]
13:19:12.589 [main] INFO  sudoku.model.SudokuBoard - Wartość 0 wstawiona nieprawidłowo
13:19:12.589 [main] INFO  sudoku.model.SudokuBoard - Bład w kwadracie 0
sudoku.model.SudokuBoard@3d0d120b[
  size=9
  solver=sudoku.model.BacktrackingSudokuSolver@6b5c134e
  board={{8,7,5,6,4,9,1,2,3},{3,4,2,7,1,5,8,6,9},{9,6,1,8,2,3,4,5,7},{7,9,3,4,6,1,2,8,5},{4,8,6,9,5,2,7,3,1},{5,0,0,0,0,0,0,0,0},{0,0,0,0,0,0,0,0,0},{0,0,0,0,0,0,0,0,0},{0,0,0,0,0,0,0,0,0}}
]
13:19:12.590 [main] INFO  sudoku.model.SudokuBoard - Wartość 0 wstawiona nieprawidłowo
13:19:12.590 [main] INFO  sudoku.model.SudokuBoard - Bład w kwadracie 0
sudoku.model.SudokuBoard@3d0d120b[
  size=9
  solver=sudoku.model.BacktrackingSudokuSolver@6b5c134e
  board={{8,7,5,6,4,9,1,2,3},{3,4,2,7,1,5,8,6,9},{9,6,1,8,2,3,4,5,7},{7,9,3,4,6,1,2,8,5},{4,8,6,9,5,2,7,3,1},{5,0,0,0,0,0,0,0,0},{0,0,0,0,0,0,0,0,0},{0,0,0,0,0,0,0,0,0},{0,0,0,0,0,0,0,0,0}}
]
13:19:12.590 [main] INFO  sudoku.model.SudokuBoard - Wartość 0 wstawiona nieprawidłowo
13:19:12.590 [main] INFO  sudoku.model.SudokuBoard - Bład w kwadracie 0
sudoku.model.SudokuBoard@3d0d120b[
  size=9
  solver=sudoku.model.BacktrackingSudokuSolver@6b5c134e
  board={{8,7,5,6,4,9,1,2,3},{3,4,2,7,1,5,8,6,9},{9,6,1,8,2,3,4,5,7},{7,9,3,4,6,1,2,8,5},{4,8,6,9,5,2,7,3,1},{0,0,0,0,0,0,0,0,0},{0,0,0,0,0,0,0,0,0},{0,0,0,0,0,0,0,0,0},{0,0,0,0,0,0,0,0,0}}
]
13:19:12.590 [main] INFO  sudoku.model.SudokuBoard - Wartość 0 wstawiona nieprawidłowo
13:19:12.590 [main] INFO  sudoku.model.SudokuBoard - Bład w kwadracie 0
sudoku.model.SudokuBoard@3d0d120b[
  size=9
  solver=sudoku.model.BacktrackingSudokuSolver@6b5c134e
  board={{8,7,5,6,4,9,1,2,3},{3,4,2,7,1,5,8,6,9},{9,6,1,8,2,3,4,5,7},{7,9,3,4,6,1,2,8,5},{4,8,6,9,5,2,7,3,0},{0,0,0,0,0,0,0,0,0},{0,0,0,0,0,0,0,0,0},{0,0,0,0,0,0,0,0,0},{0,0,0,0,0,0,0,0,0}}
]
13:19:12.590 [main] INFO  sudoku.model.SudokuBoard - Wartość 0 wstawiona nieprawidłowo
13:19:12.590 [main] INFO  sudoku.model.SudokuBoard - Bład w kwadracie 0
sudoku.model.SudokuBoard@3d0d120b[
  size=9
  solver=sudoku.model.BacktrackingSudokuSolver@6b5c134e
  board={{8,7,5,6,4,9,1,2,3},{3,4,2,7,1,5,8,6,9},{9,6,1,8,2,3,4,5,7},{7,9,3,4,6,1,2,8,5},{4,8,6,9,5,2,7,0,0},{0,0,0,0,0,0,0,0,0},{0,0,0,0,0,0,0,0,0},{0,0,0,0,0,0,0,0,0},{0,0,0,0,0,0,0,0,0}}
]
13:19:12.590 [main] INFO  sudoku.model.SudokuBoard - Wartość 0 wstawiona nieprawidłowo
13:19:12.590 [main] INFO  sudoku.model.SudokuBoard - Bład w kwadracie 0
sudoku.model.SudokuBoard@3d0d120b[
  size=9
  solver=sudoku.model.BacktrackingSudokuSolver@6b5c134e
  board={{8,7,5,6,4,9,1,2,3},{3,4,2,7,1,5,8,6,9},{9,6,1,8,2,3,4,5,7},{7,9,3,4,6,1,2,8,5},{4,8,6,9,5,2,7,0,0},{0,0,0,0,0,0,0,0,0},{0,0,0,0,0,0,0,0,0},{0,0,0,0,0,0,0,0,0},{0,0,0,0,0,0,0,0,0}}
]
13:19:12.590 [main] INFO  sudoku.model.SudokuBoard - Wartość 0 wstawiona nieprawidłowo
13:19:12.591 [main] INFO  sudoku.model.SudokuBoard - Bład w kwadracie 0
sudoku.model.SudokuBoard@3d0d120b[
  size=9
  solver=sudoku.model.BacktrackingSudokuSolver@6b5c134e
  board={{8,7,5,6,4,9,1,2,3},{3,4,2,7,1,5,8,6,9},{9,6,1,8,2,3,4,5,7},{7,9,3,4,6,1,2,8,5},{4,8,6,9,5,2,0,0,0},{0,0,0,0,0,0,0,0,0},{0,0,0,0,0,0,0,0,0},{0,0,0,0,0,0,0,0,0},{0,0,0,0,0,0,0,0,0}}
]
13:19:12.591 [main] INFO  sudoku.model.SudokuBoard - Wartość 0 wstawiona nieprawidłowo
13:19:12.591 [main] INFO  sudoku.model.SudokuBoard - Bład w kwadracie 0
sudoku.model.SudokuBoard@3d0d120b[
  size=9
  solver=sudoku.model.BacktrackingSudokuSolver@6b5c134e
  board={{8,7,5,6,4,9,1,2,3},{3,4,2,7,1,5,8,6,9},{9,6,1,8,2,3,4,5,7},{7,9,3,4,6,1,2,8,5},{4,8,6,9,5,2,3,7,1},{1,0,0,0,0,0,0,0,0},{0,0,0,0,0,0,0,0,0},{0,0,0,0,0,0,0,0,0},{0,0,0,0,0,0,0,0,0}}
]
13:19:12.591 [main] INFO  sudoku.model.SudokuBoard - Wartość 0 wstawiona nieprawidłowo
13:19:12.592 [main] INFO  sudoku.model.SudokuBoard - Bład w kwadracie 0
sudoku.model.SudokuBoard@3d0d120b[
  size=9
  solver=sudoku.model.BacktrackingSudokuSolver@6b5c134e
  board={{8,7,5,6,4,9,1,2,3},{3,4,2,7,1,5,8,6,9},{9,6,1,8,2,3,4,5,7},{7,9,3,4,6,1,2,8,5},{4,8,6,9,5,2,3,7,1},{1,0,0,0,0,0,0,0,0},{0,0,0,0,0,0,0,0,0},{0,0,0,0,0,0,0,0,0},{0,0,0,0,0,0,0,0,0}}
]
13:19:12.592 [main] INFO  sudoku.model.SudokuBoard - Wartość 0 wstawiona nieprawidłowo
13:19:12.593 [main] INFO  sudoku.model.SudokuBoard - Bład w kwadracie 0
sudoku.model.SudokuBoard@3d0d120b[
  size=9
  solver=sudoku.model.BacktrackingSudokuSolver@6b5c134e
  board={{8,7,5,6,4,9,1,2,3},{3,4,2,7,1,5,8,6,9},{9,6,1,8,2,3,4,5,7},{7,9,3,4,6,1,2,8,5},{4,8,6,9,5,2,3,7,1},{0,0,0,0,0,0,0,0,0},{0,0,0,0,0,0,0,0,0},{0,0,0,0,0,0,0,0,0},{0,0,0,0,0,0,0,0,0}}
]
13:19:12.593 [main] INFO  sudoku.model.SudokuBoard - Wartość 0 wstawiona nieprawidłowo
13:19:12.593 [main] INFO  sudoku.model.SudokuBoard - Bład w kwadracie 0
sudoku.model.SudokuBoard@3d0d120b[
  size=9
  solver=sudoku.model.BacktrackingSudokuSolver@6b5c134e
  board={{8,7,5,6,4,9,1,2,3},{3,4,2,7,1,5,8,6,9},{9,6,1,8,2,3,4,5,7},{7,9,3,4,6,1,2,8,5},{4,8,6,9,5,2,3,7,1},{2,0,0,0,0,0,0,0,0},{0,0,0,0,0,0,0,0,0},{0,0,0,0,0,0,0,0,0},{0,0,0,0,0,0,0,0,0}}
]
13:19:12.593 [main] INFO  sudoku.model.SudokuBoard - Wartość 0 wstawiona nieprawidłowo
13:19:12.594 [main] INFO  sudoku.model.SudokuBoard - Bład w kwadracie 0
sudoku.model.SudokuBoard@3d0d120b[
  size=9
  solver=sudoku.model.BacktrackingSudokuSolver@6b5c134e
  board={{8,7,5,6,4,9,1,2,3},{3,4,2,7,1,5,8,6,9},{9,6,1,8,2,3,4,5,7},{7,9,3,4,6,1,2,8,5},{4,8,6,9,5,2,3,7,1},{2,0,0,0,0,0,0,0,0},{0,0,0,0,0,0,0,0,0},{0,0,0,0,0,0,0,0,0},{0,0,0,0,0,0,0,0,0}}
]
13:19:12.594 [main] INFO  sudoku.model.SudokuBoard - Wartość 0 wstawiona nieprawidłowo
13:19:12.594 [main] INFO  sudoku.model.SudokuBoard - Bład w kwadracie 0
sudoku.model.SudokuBoard@3d0d120b[
  size=9
  solver=sudoku.model.BacktrackingSudokuSolver@6b5c134e
  board={{8,7,5,6,4,9,1,2,3},{3,4,2,7,1,5,8,6,9},{9,6,1,8,2,3,4,5,7},{7,9,3,4,6,1,2,8,5},{4,8,6,9,5,2,3,7,1},{0,0,0,0,0,0,0,0,0},{0,0,0,0,0,0,0,0,0},{0,0,0,0,0,0,0,0,0},{0,0,0,0,0,0,0,0,0}}
]
13:19:12.594 [main] INFO  sudoku.model.SudokuBoard - Wartość 0 wstawiona nieprawidłowo
13:19:12.594 [main] INFO  sudoku.model.SudokuBoard - Bład w kwadracie 0
sudoku.model.SudokuBoard@3d0d120b[
  size=9
  solver=sudoku.model.BacktrackingSudokuSolver@6b5c134e
  board={{8,7,5,6,4,9,1,2,3},{3,4,2,7,1,5,8,6,9},{9,6,1,8,2,3,4,5,7},{7,9,3,4,6,1,2,8,5},{4,8,6,9,5,2,3,7,1},{5,0,0,0,0,0,0,0,0},{0,0,0,0,0,0,0,0,0},{0,0,0,0,0,0,0,0,0},{0,0,0,0,0,0,0,0,0}}
]
13:19:12.594 [main] INFO  sudoku.model.SudokuBoard - Wartość 0 wstawiona nieprawidłowo
13:19:12.594 [main] INFO  sudoku.model.SudokuBoard - Bład w kwadracie 0
sudoku.model.SudokuBoard@3d0d120b[
  size=9
  solver=sudoku.model.BacktrackingSudokuSolver@6b5c134e
  board={{8,7,5,6,4,9,1,2,3},{3,4,2,7,1,5,8,6,9},{9,6,1,8,2,3,4,5,7},{7,9,3,4,6,1,2,8,5},{4,8,6,9,5,2,3,7,1},{5,0,0,0,0,0,0,0,0},{0,0,0,0,0,0,0,0,0},{0,0,0,0,0,0,0,0,0},{0,0,0,0,0,0,0,0,0}}
]
13:19:12.594 [main] INFO  sudoku.model.SudokuBoard - Wartość 0 wstawiona nieprawidłowo
13:19:12.595 [main] INFO  sudoku.model.SudokuBoard - Bład w kwadracie 0
sudoku.model.SudokuBoard@3d0d120b[
  size=9
  solver=sudoku.model.BacktrackingSudokuSolver@6b5c134e
  board={{8,7,5,6,4,9,1,2,3},{3,4,2,7,1,5,8,6,9},{9,6,1,8,2,3,4,5,7},{7,9,3,4,6,1,2,8,5},{4,8,6,9,5,2,3,7,1},{0,0,0,0,0,0,0,0,0},{0,0,0,0,0,0,0,0,0},{0,0,0,0,0,0,0,0,0},{0,0,0,0,0,0,0,0,0}}
]
13:19:12.595 [main] INFO  sudoku.model.SudokuBoard - Wartość 0 wstawiona nieprawidłowo
13:19:12.595 [main] INFO  sudoku.model.SudokuBoard - Bład w kwadracie 0
sudoku.model.SudokuBoard@3d0d120b[
  size=9
  solver=sudoku.model.BacktrackingSudokuSolver@6b5c134e
  board={{8,7,5,6,4,9,1,2,3},{3,4,2,7,1,5,8,6,9},{9,6,1,8,2,3,4,5,7},{7,9,3,4,6,1,2,8,5},{4,8,6,9,5,2,3,7,0},{0,0,0,0,0,0,0,0,0},{0,0,0,0,0,0,0,0,0},{0,0,0,0,0,0,0,0,0},{0,0,0,0,0,0,0,0,0}}
]
13:19:12.595 [main] INFO  sudoku.model.SudokuBoard - Wartość 0 wstawiona nieprawidłowo
13:19:12.595 [main] INFO  sudoku.model.SudokuBoard - Bład w kwadracie 0
sudoku.model.SudokuBoard@3d0d120b[
  size=9
  solver=sudoku.model.BacktrackingSudokuSolver@6b5c134e
  board={{8,7,5,6,4,9,1,2,3},{3,4,2,7,1,5,8,6,9},{9,6,1,8,2,3,4,5,7},{7,9,3,4,6,1,2,8,5},{4,8,6,9,5,2,3,0,0},{0,0,0,0,0,0,0,0,0},{0,0,0,0,0,0,0,0,0},{0,0,0,0,0,0,0,0,0},{0,0,0,0,0,0,0,0,0}}
]
13:19:12.595 [main] INFO  sudoku.model.SudokuBoard - Wartość 0 wstawiona nieprawidłowo
13:19:12.595 [main] INFO  sudoku.model.SudokuBoard - Bład w kwadracie 0
sudoku.model.SudokuBoard@3d0d120b[
  size=9
  solver=sudoku.model.BacktrackingSudokuSolver@6b5c134e
  board={{8,7,5,6,4,9,1,2,3},{3,4,2,7,1,5,8,6,9},{9,6,1,8,2,3,4,5,7},{7,9,3,4,6,1,2,8,5},{4,8,6,9,5,2,3,0,0},{0,0,0,0,0,0,0,0,0},{0,0,0,0,0,0,0,0,0},{0,0,0,0,0,0,0,0,0},{0,0,0,0,0,0,0,0,0}}
]
13:19:12.595 [main] INFO  sudoku.model.SudokuBoard - Wartość 0 wstawiona nieprawidłowo
13:19:12.595 [main] INFO  sudoku.model.SudokuBoard - Bład w kwadracie 0
sudoku.model.SudokuBoard@3d0d120b[
  size=9
  solver=sudoku.model.BacktrackingSudokuSolver@6b5c134e
  board={{8,7,5,6,4,9,1,2,3},{3,4,2,7,1,5,8,6,9},{9,6,1,8,2,3,4,5,7},{7,9,3,4,6,1,2,8,5},{4,8,6,9,5,2,0,0,0},{0,0,0,0,0,0,0,0,0},{0,0,0,0,0,0,0,0,0},{0,0,0,0,0,0,0,0,0},{0,0,0,0,0,0,0,0,0}}
]
13:19:12.595 [main] INFO  sudoku.model.SudokuBoard - Wartość 0 wstawiona nieprawidłowo
13:19:12.596 [main] INFO  sudoku.model.SudokuBoard - Bład w kwadracie 0
sudoku.model.SudokuBoard@3d0d120b[
  size=9
  solver=sudoku.model.BacktrackingSudokuSolver@6b5c134e
  board={{8,7,5,6,4,9,1,2,3},{3,4,2,7,1,5,8,6,9},{9,6,1,8,2,3,4,5,7},{7,9,3,4,6,1,2,8,5},{4,8,6,9,5,0,0,0,0},{0,0,0,0,0,0,0,0,0},{0,0,0,0,0,0,0,0,0},{0,0,0,0,0,0,0,0,0},{0,0,0,0,0,0,0,0,0}}
]
13:19:12.597 [main] INFO  sudoku.model.SudokuBoard - Wartość 0 wstawiona nieprawidłowo
13:19:12.597 [main] INFO  sudoku.model.SudokuBoard - Bład w kwadracie 0
sudoku.model.SudokuBoard@3d0d120b[
  size=9
  solver=sudoku.model.BacktrackingSudokuSolver@6b5c134e
  board={{8,7,5,6,4,9,1,2,3},{3,4,2,7,1,5,8,6,9},{9,6,1,8,2,3,4,5,7},{7,9,3,4,6,1,2,8,5},{4,8,6,9,5,7,3,0,0},{0,0,0,0,0,0,0,0,0},{0,0,0,0,0,0,0,0,0},{0,0,0,0,0,0,0,0,0},{0,0,0,0,0,0,0,0,0}}
]
13:19:12.597 [main] INFO  sudoku.model.SudokuBoard - Wartość 0 wstawiona nieprawidłowo
13:19:12.597 [main] INFO  sudoku.model.SudokuBoard - Bład w kwadracie 0
sudoku.model.SudokuBoard@3d0d120b[
  size=9
  solver=sudoku.model.BacktrackingSudokuSolver@6b5c134e
  board={{8,7,5,6,4,9,1,2,3},{3,4,2,7,1,5,8,6,9},{9,6,1,8,2,3,4,5,7},{7,9,3,4,6,1,2,8,5},{4,8,6,9,5,7,0,0,0},{0,0,0,0,0,0,0,0,0},{0,0,0,0,0,0,0,0,0},{0,0,0,0,0,0,0,0,0},{0,0,0,0,0,0,0,0,0}}
]
13:19:12.597 [main] INFO  sudoku.model.SudokuBoard - Wartość 0 wstawiona nieprawidłowo
13:19:12.597 [main] INFO  sudoku.model.SudokuBoard - Bład w kwadracie 0
sudoku.model.SudokuBoard@3d0d120b[
  size=9
  solver=sudoku.model.BacktrackingSudokuSolver@6b5c134e
  board={{8,7,5,6,4,9,1,2,3},{3,4,2,7,1,5,8,6,9},{9,6,1,8,2,3,4,5,7},{7,9,3,4,6,1,2,8,5},{4,8,6,9,5,0,0,0,0},{0,0,0,0,0,0,0,0,0},{0,0,0,0,0,0,0,0,0},{0,0,0,0,0,0,0,0,0},{0,0,0,0,0,0,0,0,0}}
]
13:19:12.597 [main] INFO  sudoku.model.SudokuBoard - Wartość 0 wstawiona nieprawidłowo
13:19:12.597 [main] INFO  sudoku.model.SudokuBoard - Bład w kwadracie 0
sudoku.model.SudokuBoard@3d0d120b[
  size=9
  solver=sudoku.model.BacktrackingSudokuSolver@6b5c134e
  board={{8,7,5,6,4,9,1,2,3},{3,4,2,7,1,5,8,6,9},{9,6,1,8,2,3,4,5,7},{7,9,3,4,6,1,2,8,5},{4,8,6,9,0,0,0,0,0},{0,0,0,0,0,0,0,0,0},{0,0,0,0,0,0,0,0,0},{0,0,0,0,0,0,0,0,0},{0,0,0,0,0,0,0,0,0}}
]
13:19:12.597 [main] INFO  sudoku.model.SudokuBoard - Wartość 0 wstawiona nieprawidłowo
13:19:12.598 [main] INFO  sudoku.model.SudokuBoard - Bład w kwadracie 0
sudoku.model.SudokuBoard@3d0d120b[
  size=9
  solver=sudoku.model.BacktrackingSudokuSolver@6b5c134e
  board={{8,7,5,6,4,9,1,2,3},{3,4,2,7,1,5,8,6,9},{9,6,1,8,2,3,4,5,7},{7,9,3,4,6,1,2,8,5},{4,8,6,9,7,2,3,0,0},{0,0,0,0,0,0,0,0,0},{0,0,0,0,0,0,0,0,0},{0,0,0,0,0,0,0,0,0},{0,0,0,0,0,0,0,0,0}}
]
13:19:12.598 [main] INFO  sudoku.model.SudokuBoard - Wartość 0 wstawiona nieprawidłowo
13:19:12.598 [main] INFO  sudoku.model.SudokuBoard - Bład w kwadracie 0
sudoku.model.SudokuBoard@3d0d120b[
  size=9
  solver=sudoku.model.BacktrackingSudokuSolver@6b5c134e
  board={{8,7,5,6,4,9,1,2,3},{3,4,2,7,1,5,8,6,9},{9,6,1,8,2,3,4,5,7},{7,9,3,4,6,1,2,8,5},{4,8,6,9,7,2,0,0,0},{0,0,0,0,0,0,0,0,0},{0,0,0,0,0,0,0,0,0},{0,0,0,0,0,0,0,0,0},{0,0,0,0,0,0,0,0,0}}
]
13:19:12.598 [main] INFO  sudoku.model.SudokuBoard - Wartość 0 wstawiona nieprawidłowo
13:19:12.598 [main] INFO  sudoku.model.SudokuBoard - Bład w kwadracie 0
sudoku.model.SudokuBoard@3d0d120b[
  size=9
  solver=sudoku.model.BacktrackingSudokuSolver@6b5c134e
  board={{8,7,5,6,4,9,1,2,3},{3,4,2,7,1,5,8,6,9},{9,6,1,8,2,3,4,5,7},{7,9,3,4,6,1,2,8,5},{4,8,6,9,7,0,0,0,0},{0,0,0,0,0,0,0,0,0},{0,0,0,0,0,0,0,0,0},{0,0,0,0,0,0,0,0,0},{0,0,0,0,0,0,0,0,0}}
]
13:19:12.598 [main] INFO  sudoku.model.SudokuBoard - Wartość 0 wstawiona nieprawidłowo
13:19:12.598 [main] INFO  sudoku.model.SudokuBoard - Bład w kwadracie 0
sudoku.model.SudokuBoard@3d0d120b[
  size=9
  solver=sudoku.model.BacktrackingSudokuSolver@6b5c134e
  board={{8,7,5,6,4,9,1,2,3},{3,4,2,7,1,5,8,6,9},{9,6,1,8,2,3,4,5,7},{7,9,3,4,6,1,2,8,5},{4,8,6,9,0,0,0,0,0},{0,0,0,0,0,0,0,0,0},{0,0,0,0,0,0,0,0,0},{0,0,0,0,0,0,0,0,0},{0,0,0,0,0,0,0,0,0}}
]
13:19:12.598 [main] INFO  sudoku.model.SudokuBoard - Wartość 0 wstawiona nieprawidłowo
13:19:12.598 [main] INFO  sudoku.model.SudokuBoard - Bład w kwadracie 0
sudoku.model.SudokuBoard@3d0d120b[
  size=9
  solver=sudoku.model.BacktrackingSudokuSolver@6b5c134e
  board={{8,7,5,6,4,9,1,2,3},{3,4,2,7,1,5,8,6,9},{9,6,1,8,2,3,4,5,7},{7,9,3,4,6,1,2,8,5},{4,8,6,9,3,0,0,0,0},{0,0,0,0,0,0,0,0,0},{0,0,0,0,0,0,0,0,0},{0,0,0,0,0,0,0,0,0},{0,0,0,0,0,0,0,0,0}}
]
13:19:12.598 [main] INFO  sudoku.model.SudokuBoard - Wartość 0 wstawiona nieprawidłowo
13:19:12.599 [main] INFO  sudoku.model.SudokuBoard - Bład w kwadracie 0
sudoku.model.SudokuBoard@3d0d120b[
  size=9
  solver=sudoku.model.BacktrackingSudokuSolver@6b5c134e
  board={{8,7,5,6,4,9,1,2,3},{3,4,2,7,1,5,8,6,9},{9,6,1,8,2,3,4,5,7},{7,9,3,4,6,1,2,8,5},{4,8,6,9,3,2,7,0,0},{0,0,0,0,0,0,0,0,0},{0,0,0,0,0,0,0,0,0},{0,0,0,0,0,0,0,0,0},{0,0,0,0,0,0,0,0,0}}
]
13:19:12.599 [main] INFO  sudoku.model.SudokuBoard - Wartość 0 wstawiona nieprawidłowo
13:19:12.599 [main] INFO  sudoku.model.SudokuBoard - Bład w kwadracie 0
sudoku.model.SudokuBoard@3d0d120b[
  size=9
  solver=sudoku.model.BacktrackingSudokuSolver@6b5c134e
  board={{8,7,5,6,4,9,1,2,3},{3,4,2,7,1,5,8,6,9},{9,6,1,8,2,3,4,5,7},{7,9,3,4,6,1,2,8,5},{4,8,6,9,3,2,0,0,0},{0,0,0,0,0,0,0,0,0},{0,0,0,0,0,0,0,0,0},{0,0,0,0,0,0,0,0,0},{0,0,0,0,0,0,0,0,0}}
]
13:19:12.599 [main] INFO  sudoku.model.SudokuBoard - Wartość 0 wstawiona nieprawidłowo
13:19:12.599 [main] INFO  sudoku.model.SudokuBoard - Bład w kwadracie 0
sudoku.model.SudokuBoard@3d0d120b[
  size=9
  solver=sudoku.model.BacktrackingSudokuSolver@6b5c134e
  board={{8,7,5,6,4,9,1,2,3},{3,4,2,7,1,5,8,6,9},{9,6,1,8,2,3,4,5,7},{7,9,3,4,6,1,2,8,5},{4,8,6,9,3,0,0,0,0},{0,0,0,0,0,0,0,0,0},{0,0,0,0,0,0,0,0,0},{0,0,0,0,0,0,0,0,0},{0,0,0,0,0,0,0,0,0}}
]
13:19:12.599 [main] INFO  sudoku.model.SudokuBoard - Wartość 0 wstawiona nieprawidłowo
13:19:12.599 [main] INFO  sudoku.model.SudokuBoard - Bład w kwadracie 0
sudoku.model.SudokuBoard@3d0d120b[
  size=9
  solver=sudoku.model.BacktrackingSudokuSolver@6b5c134e
  board={{8,7,5,6,4,9,1,2,3},{3,4,2,7,1,5,8,6,9},{9,6,1,8,2,3,4,5,7},{7,9,3,4,6,1,2,8,5},{4,8,6,9,0,0,0,0,0},{0,0,0,0,0,0,0,0,0},{0,0,0,0,0,0,0,0,0},{0,0,0,0,0,0,0,0,0},{0,0,0,0,0,0,0,0,0}}
]
13:19:12.599 [main] INFO  sudoku.model.SudokuBoard - Wartość 0 wstawiona nieprawidłowo
13:19:12.599 [main] INFO  sudoku.model.SudokuBoard - Bład w kwadracie 0
sudoku.model.SudokuBoard@3d0d120b[
  size=9
  solver=sudoku.model.BacktrackingSudokuSolver@6b5c134e
  board={{8,7,5,6,4,9,1,2,3},{3,4,2,7,1,5,8,6,9},{9,6,1,8,2,3,4,5,7},{7,9,3,4,6,1,2,8,5},{4,8,6,0,0,0,0,0,0},{0,0,0,0,0,0,0,0,0},{0,0,0,0,0,0,0,0,0},{0,0,0,0,0,0,0,0,0},{0,0,0,0,0,0,0,0,0}}
]
13:19:12.599 [main] INFO  sudoku.model.SudokuBoard - Wartość 0 wstawiona nieprawidłowo
13:19:12.600 [main] INFO  sudoku.model.SudokuBoard - Bład w kwadracie 0
sudoku.model.SudokuBoard@3d0d120b[
  size=9
  solver=sudoku.model.BacktrackingSudokuSolver@6b5c134e
  board={{8,7,5,6,4,9,1,2,3},{3,4,2,7,1,5,8,6,9},{9,6,1,8,2,3,4,5,7},{7,9,3,4,6,1,2,8,5},{4,8,6,2,3,7,9,0,0},{0,0,0,0,0,0,0,0,0},{0,0,0,0,0,0,0,0,0},{0,0,0,0,0,0,0,0,0},{0,0,0,0,0,0,0,0,0}}
]
13:19:12.600 [main] INFO  sudoku.model.SudokuBoard - Wartość 0 wstawiona nieprawidłowo
13:19:12.600 [main] INFO  sudoku.model.SudokuBoard - Bład w kwadracie 0
sudoku.model.SudokuBoard@3d0d120b[
  size=9
  solver=sudoku.model.BacktrackingSudokuSolver@6b5c134e
  board={{8,7,5,6,4,9,1,2,3},{3,4,2,7,1,5,8,6,9},{9,6,1,8,2,3,4,5,7},{7,9,3,4,6,1,2,8,5},{4,8,6,2,3,7,0,0,0},{0,0,0,0,0,0,0,0,0},{0,0,0,0,0,0,0,0,0},{0,0,0,0,0,0,0,0,0},{0,0,0,0,0,0,0,0,0}}
]
13:19:12.600 [main] INFO  sudoku.model.SudokuBoard - Wartość 0 wstawiona nieprawidłowo
13:19:12.600 [main] INFO  sudoku.model.SudokuBoard - Bład w kwadracie 0
sudoku.model.SudokuBoard@3d0d120b[
  size=9
  solver=sudoku.model.BacktrackingSudokuSolver@6b5c134e
  board={{8,7,5,6,4,9,1,2,3},{3,4,2,7,1,5,8,6,9},{9,6,1,8,2,3,4,5,7},{7,9,3,4,6,1,2,8,5},{4,8,6,2,3,0,0,0,0},{0,0,0,0,0,0,0,0,0},{0,0,0,0,0,0,0,0,0},{0,0,0,0,0,0,0,0,0},{0,0,0,0,0,0,0,0,0}}
]
13:19:12.600 [main] INFO  sudoku.model.SudokuBoard - Wartość 0 wstawiona nieprawidłowo
13:19:12.600 [main] INFO  sudoku.model.SudokuBoard - Bład w kwadracie 0
sudoku.model.SudokuBoard@3d0d120b[
  size=9
  solver=sudoku.model.BacktrackingSudokuSolver@6b5c134e
  board={{8,7,5,6,4,9,1,2,3},{3,4,2,7,1,5,8,6,9},{9,6,1,8,2,3,4,5,7},{7,9,3,4,6,1,2,8,5},{4,8,6,2,0,0,0,0,0},{0,0,0,0,0,0,0,0,0},{0,0,0,0,0,0,0,0,0},{0,0,0,0,0,0,0,0,0},{0,0,0,0,0,0,0,0,0}}
]
13:19:12.600 [main] INFO  sudoku.model.SudokuBoard - Wartość 0 wstawiona nieprawidłowo
13:19:12.600 [main] INFO  sudoku.model.SudokuBoard - Bład w kwadracie 0
sudoku.model.SudokuBoard@3d0d120b[
  size=9
  solver=sudoku.model.BacktrackingSudokuSolver@6b5c134e
  board={{8,7,5,6,4,9,1,2,3},{3,4,2,7,1,5,8,6,9},{9,6,1,8,2,3,4,5,7},{7,9,3,4,6,1,2,8,5},{4,8,6,2,5,7,9,0,0},{0,0,0,0,0,0,0,0,0},{0,0,0,0,0,0,0,0,0},{0,0,0,0,0,0,0,0,0},{0,0,0,0,0,0,0,0,0}}
]
13:19:12.600 [main] INFO  sudoku.model.SudokuBoard - Wartość 0 wstawiona nieprawidłowo
13:19:12.600 [main] INFO  sudoku.model.SudokuBoard - Bład w kwadracie 0
sudoku.model.SudokuBoard@3d0d120b[
  size=9
  solver=sudoku.model.BacktrackingSudokuSolver@6b5c134e
  board={{8,7,5,6,4,9,1,2,3},{3,4,2,7,1,5,8,6,9},{9,6,1,8,2,3,4,5,7},{7,9,3,4,6,1,2,8,5},{4,8,6,2,5,7,9,3,1},{1,0,0,0,0,0,0,0,0},{0,0,0,0,0,0,0,0,0},{0,0,0,0,0,0,0,0,0},{0,0,0,0,0,0,0,0,0}}
]
13:19:12.601 [main] INFO  sudoku.model.SudokuBoard - Wartość 0 wstawiona nieprawidłowo
13:19:12.601 [main] INFO  sudoku.model.SudokuBoard - Bład w kwadracie 0
sudoku.model.SudokuBoard@3d0d120b[
  size=9
  solver=sudoku.model.BacktrackingSudokuSolver@6b5c134e
  board={{8,7,5,6,4,9,1,2,3},{3,4,2,7,1,5,8,6,9},{9,6,1,8,2,3,4,5,7},{7,9,3,4,6,1,2,8,5},{4,8,6,2,5,7,9,3,1},{1,0,0,0,0,0,0,0,0},{0,0,0,0,0,0,0,0,0},{0,0,0,0,0,0,0,0,0},{0,0,0,0,0,0,0,0,0}}
]
13:19:12.601 [main] INFO  sudoku.model.SudokuBoard - Wartość 0 wstawiona nieprawidłowo
13:19:12.601 [main] INFO  sudoku.model.SudokuBoard - Bład w kwadracie 0
sudoku.model.SudokuBoard@3d0d120b[
  size=9
  solver=sudoku.model.BacktrackingSudokuSolver@6b5c134e
  board={{8,7,5,6,4,9,1,2,3},{3,4,2,7,1,5,8,6,9},{9,6,1,8,2,3,4,5,7},{7,9,3,4,6,1,2,8,5},{4,8,6,2,5,7,9,3,1},{0,0,0,0,0,0,0,0,0},{0,0,0,0,0,0,0,0,0},{0,0,0,0,0,0,0,0,0},{0,0,0,0,0,0,0,0,0}}
]
13:19:12.601 [main] INFO  sudoku.model.SudokuBoard - Wartość 0 wstawiona nieprawidłowo
13:19:12.601 [main] INFO  sudoku.model.SudokuBoard - Bład w kwadracie 0
sudoku.model.SudokuBoard@3d0d120b[
  size=9
  solver=sudoku.model.BacktrackingSudokuSolver@6b5c134e
  board={{8,7,5,6,4,9,1,2,3},{3,4,2,7,1,5,8,6,9},{9,6,1,8,2,3,4,5,7},{7,9,3,4,6,1,2,8,5},{4,8,6,2,5,7,9,3,1},{2,0,0,0,0,0,0,0,0},{0,0,0,0,0,0,0,0,0},{0,0,0,0,0,0,0,0,0},{0,0,0,0,0,0,0,0,0}}
]
13:19:12.601 [main] INFO  sudoku.model.SudokuBoard - Wartość 0 wstawiona nieprawidłowo
13:19:12.601 [main] INFO  sudoku.model.SudokuBoard - Bład w kwadracie 0
sudoku.model.SudokuBoard@3d0d120b[
  size=9
  solver=sudoku.model.BacktrackingSudokuSolver@6b5c134e
  board={{8,7,5,6,4,9,1,2,3},{3,4,2,7,1,5,8,6,9},{9,6,1,8,2,3,4,5,7},{7,9,3,4,6,1,2,8,5},{4,8,6,2,5,7,9,3,1},{2,0,0,0,0,0,0,0,0},{0,0,0,0,0,0,0,0,0},{0,0,0,0,0,0,0,0,0},{0,0,0,0,0,0,0,0,0}}
]
13:19:12.601 [main] INFO  sudoku.model.SudokuBoard - Wartość 0 wstawiona nieprawidłowo
13:19:12.601 [main] INFO  sudoku.model.SudokuBoard - Bład w kwadracie 0
sudoku.model.SudokuBoard@3d0d120b[
  size=9
  solver=sudoku.model.BacktrackingSudokuSolver@6b5c134e
  board={{8,7,5,6,4,9,1,2,3},{3,4,2,7,1,5,8,6,9},{9,6,1,8,2,3,4,5,7},{7,9,3,4,6,1,2,8,5},{4,8,6,2,5,7,9,3,1},{0,0,0,0,0,0,0,0,0},{0,0,0,0,0,0,0,0,0},{0,0,0,0,0,0,0,0,0},{0,0,0,0,0,0,0,0,0}}
]
13:19:12.601 [main] INFO  sudoku.model.SudokuBoard - Wartość 0 wstawiona nieprawidłowo
13:19:12.602 [main] INFO  sudoku.model.SudokuBoard - Bład w kwadracie 0
sudoku.model.SudokuBoard@3d0d120b[
  size=9
  solver=sudoku.model.BacktrackingSudokuSolver@6b5c134e
  board={{8,7,5,6,4,9,1,2,3},{3,4,2,7,1,5,8,6,9},{9,6,1,8,2,3,4,5,7},{7,9,3,4,6,1,2,8,5},{4,8,6,2,5,7,9,3,1},{5,0,0,0,0,0,0,0,0},{0,0,0,0,0,0,0,0,0},{0,0,0,0,0,0,0,0,0},{0,0,0,0,0,0,0,0,0}}
]
13:19:12.602 [main] INFO  sudoku.model.SudokuBoard - Wartość 0 wstawiona nieprawidłowo
13:19:12.602 [main] INFO  sudoku.model.SudokuBoard - Bład w kwadracie 0
sudoku.model.SudokuBoard@3d0d120b[
  size=9
  solver=sudoku.model.BacktrackingSudokuSolver@6b5c134e
  board={{8,7,5,6,4,9,1,2,3},{3,4,2,7,1,5,8,6,9},{9,6,1,8,2,3,4,5,7},{7,9,3,4,6,1,2,8,5},{4,8,6,2,5,7,9,3,1},{5,0,0,0,0,0,0,0,0},{0,0,0,0,0,0,0,0,0},{0,0,0,0,0,0,0,0,0},{0,0,0,0,0,0,0,0,0}}
]
13:19:12.602 [main] INFO  sudoku.model.SudokuBoard - Wartość 0 wstawiona nieprawidłowo
13:19:12.602 [main] INFO  sudoku.model.SudokuBoard - Bład w kwadracie 0
sudoku.model.SudokuBoard@3d0d120b[
  size=9
  solver=sudoku.model.BacktrackingSudokuSolver@6b5c134e
  board={{8,7,5,6,4,9,1,2,3},{3,4,2,7,1,5,8,6,9},{9,6,1,8,2,3,4,5,7},{7,9,3,4,6,1,2,8,5},{4,8,6,2,5,7,9,3,1},{0,0,0,0,0,0,0,0,0},{0,0,0,0,0,0,0,0,0},{0,0,0,0,0,0,0,0,0},{0,0,0,0,0,0,0,0,0}}
]
13:19:12.602 [main] INFO  sudoku.model.SudokuBoard - Wartość 0 wstawiona nieprawidłowo
13:19:12.602 [main] INFO  sudoku.model.SudokuBoard - Bład w kwadracie 0
sudoku.model.SudokuBoard@3d0d120b[
  size=9
  solver=sudoku.model.BacktrackingSudokuSolver@6b5c134e
  board={{8,7,5,6,4,9,1,2,3},{3,4,2,7,1,5,8,6,9},{9,6,1,8,2,3,4,5,7},{7,9,3,4,6,1,2,8,5},{4,8,6,2,5,7,9,3,0},{0,0,0,0,0,0,0,0,0},{0,0,0,0,0,0,0,0,0},{0,0,0,0,0,0,0,0,0},{0,0,0,0,0,0,0,0,0}}
]
13:19:12.602 [main] INFO  sudoku.model.SudokuBoard - Wartość 0 wstawiona nieprawidłowo
13:19:12.602 [main] INFO  sudoku.model.SudokuBoard - Bład w kwadracie 0
sudoku.model.SudokuBoard@3d0d120b[
  size=9
  solver=sudoku.model.BacktrackingSudokuSolver@6b5c134e
  board={{8,7,5,6,4,9,1,2,3},{3,4,2,7,1,5,8,6,9},{9,6,1,8,2,3,4,5,7},{7,9,3,4,6,1,2,8,5},{4,8,6,2,5,7,9,0,0},{0,0,0,0,0,0,0,0,0},{0,0,0,0,0,0,0,0,0},{0,0,0,0,0,0,0,0,0},{0,0,0,0,0,0,0,0,0}}
]
13:19:12.602 [main] INFO  sudoku.model.SudokuBoard - Wartość 0 wstawiona nieprawidłowo
13:19:12.602 [main] INFO  sudoku.model.SudokuBoard - Bład w kwadracie 0
sudoku.model.SudokuBoard@3d0d120b[
  size=9
  solver=sudoku.model.BacktrackingSudokuSolver@6b5c134e
  board={{8,7,5,6,4,9,1,2,3},{3,4,2,7,1,5,8,6,9},{9,6,1,8,2,3,4,5,7},{7,9,3,4,6,1,2,8,5},{4,8,6,2,5,7,0,0,0},{0,0,0,0,0,0,0,0,0},{0,0,0,0,0,0,0,0,0},{0,0,0,0,0,0,0,0,0},{0,0,0,0,0,0,0,0,0}}
]
13:19:12.602 [main] INFO  sudoku.model.SudokuBoard - Wartość 0 wstawiona nieprawidłowo
13:19:12.603 [main] INFO  sudoku.model.SudokuBoard - Bład w kwadracie 0
sudoku.model.SudokuBoard@3d0d120b[
  size=9
  solver=sudoku.model.BacktrackingSudokuSolver@6b5c134e
  board={{8,7,5,6,4,9,1,2,3},{3,4,2,7,1,5,8,6,9},{9,6,1,8,2,3,4,5,7},{7,9,3,4,6,1,2,8,5},{4,8,6,2,5,7,3,0,0},{0,0,0,0,0,0,0,0,0},{0,0,0,0,0,0,0,0,0},{0,0,0,0,0,0,0,0,0},{0,0,0,0,0,0,0,0,0}}
]
13:19:12.603 [main] INFO  sudoku.model.SudokuBoard - Wartość 0 wstawiona nieprawidłowo
13:19:12.603 [main] INFO  sudoku.model.SudokuBoard - Bład w kwadracie 0
sudoku.model.SudokuBoard@3d0d120b[
  size=9
  solver=sudoku.model.BacktrackingSudokuSolver@6b5c134e
  board={{8,7,5,6,4,9,1,2,3},{3,4,2,7,1,5,8,6,9},{9,6,1,8,2,3,4,5,7},{7,9,3,4,6,1,2,8,5},{4,8,6,2,5,7,3,9,1},{5,0,0,0,0,0,0,0,0},{0,0,0,0,0,0,0,0,0},{0,0,0,0,0,0,0,0,0},{0,0,0,0,0,0,0,0,0}}
]
13:19:12.603 [main] INFO  sudoku.model.SudokuBoard - Wartość 0 wstawiona nieprawidłowo
13:19:12.603 [main] INFO  sudoku.model.SudokuBoard - Bład w kwadracie 0
sudoku.model.SudokuBoard@3d0d120b[
  size=9
  solver=sudoku.model.BacktrackingSudokuSolver@6b5c134e
  board={{8,7,5,6,4,9,1,2,3},{3,4,2,7,1,5,8,6,9},{9,6,1,8,2,3,4,5,7},{7,9,3,4,6,1,2,8,5},{4,8,6,2,5,7,3,9,1},{5,0,0,0,0,0,0,0,0},{0,0,0,0,0,0,0,0,0},{0,0,0,0,0,0,0,0,0},{0,0,0,0,0,0,0,0,0}}
]
13:19:12.603 [main] INFO  sudoku.model.SudokuBoard - Wartość 0 wstawiona nieprawidłowo
13:19:12.603 [main] INFO  sudoku.model.SudokuBoard - Bład w kwadracie 0
sudoku.model.SudokuBoard@3d0d120b[
  size=9
  solver=sudoku.model.BacktrackingSudokuSolver@6b5c134e
  board={{8,7,5,6,4,9,1,2,3},{3,4,2,7,1,5,8,6,9},{9,6,1,8,2,3,4,5,7},{7,9,3,4,6,1,2,8,5},{4,8,6,2,5,7,3,9,1},{0,0,0,0,0,0,0,0,0},{0,0,0,0,0,0,0,0,0},{0,0,0,0,0,0,0,0,0},{0,0,0,0,0,0,0,0,0}}
]
13:19:12.603 [main] INFO  sudoku.model.SudokuBoard - Wartość 0 wstawiona nieprawidłowo
13:19:12.603 [main] INFO  sudoku.model.SudokuBoard - Bład w kwadracie 0
sudoku.model.SudokuBoard@3d0d120b[
  size=9
  solver=sudoku.model.BacktrackingSudokuSolver@6b5c134e
  board={{8,7,5,6,4,9,1,2,3},{3,4,2,7,1,5,8,6,9},{9,6,1,8,2,3,4,5,7},{7,9,3,4,6,1,2,8,5},{4,8,6,2,5,7,3,9,1},{1,0,0,0,0,0,0,0,0},{0,0,0,0,0,0,0,0,0},{0,0,0,0,0,0,0,0,0},{0,0,0,0,0,0,0,0,0}}
]
13:19:12.603 [main] INFO  sudoku.model.SudokuBoard - Wartość 0 wstawiona nieprawidłowo
13:19:12.603 [main] INFO  sudoku.model.SudokuBoard - Bład w kwadracie 0
sudoku.model.SudokuBoard@3d0d120b[
  size=9
  solver=sudoku.model.BacktrackingSudokuSolver@6b5c134e
  board={{8,7,5,6,4,9,1,2,3},{3,4,2,7,1,5,8,6,9},{9,6,1,8,2,3,4,5,7},{7,9,3,4,6,1,2,8,5},{4,8,6,2,5,7,3,9,1},{1,0,0,0,0,0,0,0,0},{0,0,0,0,0,0,0,0,0},{0,0,0,0,0,0,0,0,0},{0,0,0,0,0,0,0,0,0}}
]
13:19:12.603 [main] INFO  sudoku.model.SudokuBoard - Wartość 0 wstawiona nieprawidłowo
13:19:12.604 [main] INFO  sudoku.model.SudokuBoard - Bład w kwadracie 0
sudoku.model.SudokuBoard@3d0d120b[
  size=9
  solver=sudoku.model.BacktrackingSudokuSolver@6b5c134e
  board={{8,7,5,6,4,9,1,2,3},{3,4,2,7,1,5,8,6,9},{9,6,1,8,2,3,4,5,7},{7,9,3,4,6,1,2,8,5},{4,8,6,2,5,7,3,9,1},{0,0,0,0,0,0,0,0,0},{0,0,0,0,0,0,0,0,0},{0,0,0,0,0,0,0,0,0},{0,0,0,0,0,0,0,0,0}}
]
13:19:12.604 [main] INFO  sudoku.model.SudokuBoard - Wartość 0 wstawiona nieprawidłowo
13:19:12.604 [main] INFO  sudoku.model.SudokuBoard - Bład w kwadracie 0
sudoku.model.SudokuBoard@3d0d120b[
  size=9
  solver=sudoku.model.BacktrackingSudokuSolver@6b5c134e
  board={{8,7,5,6,4,9,1,2,3},{3,4,2,7,1,5,8,6,9},{9,6,1,8,2,3,4,5,7},{7,9,3,4,6,1,2,8,5},{4,8,6,2,5,7,3,9,1},{2,0,0,0,0,0,0,0,0},{0,0,0,0,0,0,0,0,0},{0,0,0,0,0,0,0,0,0},{0,0,0,0,0,0,0,0,0}}
]
13:19:12.604 [main] INFO  sudoku.model.SudokuBoard - Wartość 0 wstawiona nieprawidłowo
13:19:12.604 [main] INFO  sudoku.model.SudokuBoard - Bład w kwadracie 0
sudoku.model.SudokuBoard@3d0d120b[
  size=9
  solver=sudoku.model.BacktrackingSudokuSolver@6b5c134e
  board={{8,7,5,6,4,9,1,2,3},{3,4,2,7,1,5,8,6,9},{9,6,1,8,2,3,4,5,7},{7,9,3,4,6,1,2,8,5},{4,8,6,2,5,7,3,9,1},{2,0,0,0,0,0,0,0,0},{0,0,0,0,0,0,0,0,0},{0,0,0,0,0,0,0,0,0},{0,0,0,0,0,0,0,0,0}}
]
13:19:12.604 [main] INFO  sudoku.model.SudokuBoard - Wartość 0 wstawiona nieprawidłowo
13:19:12.604 [main] INFO  sudoku.model.SudokuBoard - Bład w kwadracie 0
sudoku.model.SudokuBoard@3d0d120b[
  size=9
  solver=sudoku.model.BacktrackingSudokuSolver@6b5c134e
  board={{8,7,5,6,4,9,1,2,3},{3,4,2,7,1,5,8,6,9},{9,6,1,8,2,3,4,5,7},{7,9,3,4,6,1,2,8,5},{4,8,6,2,5,7,3,9,1},{0,0,0,0,0,0,0,0,0},{0,0,0,0,0,0,0,0,0},{0,0,0,0,0,0,0,0,0},{0,0,0,0,0,0,0,0,0}}
]
13:19:12.604 [main] INFO  sudoku.model.SudokuBoard - Wartość 0 wstawiona nieprawidłowo
13:19:12.605 [main] INFO  sudoku.model.SudokuBoard - Bład w kwadracie 0
sudoku.model.SudokuBoard@3d0d120b[
  size=9
  solver=sudoku.model.BacktrackingSudokuSolver@6b5c134e
  board={{8,7,5,6,4,9,1,2,3},{3,4,2,7,1,5,8,6,9},{9,6,1,8,2,3,4,5,7},{7,9,3,4,6,1,2,8,5},{4,8,6,2,5,7,3,9,0},{0,0,0,0,0,0,0,0,0},{0,0,0,0,0,0,0,0,0},{0,0,0,0,0,0,0,0,0},{0,0,0,0,0,0,0,0,0}}
]
13:19:12.605 [main] INFO  sudoku.model.SudokuBoard - Wartość 0 wstawiona nieprawidłowo
13:19:12.605 [main] INFO  sudoku.model.SudokuBoard - Bład w kwadracie 0
sudoku.model.SudokuBoard@3d0d120b[
  size=9
  solver=sudoku.model.BacktrackingSudokuSolver@6b5c134e
  board={{8,7,5,6,4,9,1,2,3},{3,4,2,7,1,5,8,6,9},{9,6,1,8,2,3,4,5,7},{7,9,3,4,6,1,2,8,5},{4,8,6,2,5,7,3,0,0},{0,0,0,0,0,0,0,0,0},{0,0,0,0,0,0,0,0,0},{0,0,0,0,0,0,0,0,0},{0,0,0,0,0,0,0,0,0}}
]
13:19:12.605 [main] INFO  sudoku.model.SudokuBoard - Wartość 0 wstawiona nieprawidłowo
13:19:12.605 [main] INFO  sudoku.model.SudokuBoard - Bład w kwadracie 0
sudoku.model.SudokuBoard@3d0d120b[
  size=9
  solver=sudoku.model.BacktrackingSudokuSolver@6b5c134e
  board={{8,7,5,6,4,9,1,2,3},{3,4,2,7,1,5,8,6,9},{9,6,1,8,2,3,4,5,7},{7,9,3,4,6,1,2,8,5},{4,8,6,2,5,7,0,0,0},{0,0,0,0,0,0,0,0,0},{0,0,0,0,0,0,0,0,0},{0,0,0,0,0,0,0,0,0},{0,0,0,0,0,0,0,0,0}}
]
13:19:12.605 [main] INFO  sudoku.model.SudokuBoard - Wartość 0 wstawiona nieprawidłowo
13:19:12.605 [main] INFO  sudoku.model.SudokuBoard - Bład w kwadracie 0
sudoku.model.SudokuBoard@3d0d120b[
  size=9
  solver=sudoku.model.BacktrackingSudokuSolver@6b5c134e
  board={{8,7,5,6,4,9,1,2,3},{3,4,2,7,1,5,8,6,9},{9,6,1,8,2,3,4,5,7},{7,9,3,4,6,1,2,8,5},{4,8,6,2,5,0,0,0,0},{0,0,0,0,0,0,0,0,0},{0,0,0,0,0,0,0,0,0},{0,0,0,0,0,0,0,0,0},{0,0,0,0,0,0,0,0,0}}
]
13:19:12.605 [main] INFO  sudoku.model.SudokuBoard - Wartość 0 wstawiona nieprawidłowo
13:19:12.605 [main] INFO  sudoku.model.SudokuBoard - Bład w kwadracie 0
sudoku.model.SudokuBoard@3d0d120b[
  size=9
  solver=sudoku.model.BacktrackingSudokuSolver@6b5c134e
  board={{8,7,5,6,4,9,1,2,3},{3,4,2,7,1,5,8,6,9},{9,6,1,8,2,3,4,5,7},{7,9,3,4,6,1,2,8,5},{4,8,6,2,0,0,0,0,0},{0,0,0,0,0,0,0,0,0},{0,0,0,0,0,0,0,0,0},{0,0,0,0,0,0,0,0,0},{0,0,0,0,0,0,0,0,0}}
]
13:19:12.605 [main] INFO  sudoku.model.SudokuBoard - Wartość 0 wstawiona nieprawidłowo
13:19:12.605 [main] INFO  sudoku.model.SudokuBoard - Bład w kwadracie 0
sudoku.model.SudokuBoard@3d0d120b[
  size=9
  solver=sudoku.model.BacktrackingSudokuSolver@6b5c134e
  board={{8,7,5,6,4,9,1,2,3},{3,4,2,7,1,5,8,6,9},{9,6,1,8,2,3,4,5,7},{7,9,3,4,6,1,2,8,5},{4,8,6,2,0,0,0,0,0},{0,0,0,0,0,0,0,0,0},{0,0,0,0,0,0,0,0,0},{0,0,0,0,0,0,0,0,0},{0,0,0,0,0,0,0,0,0}}
]
13:19:12.605 [main] INFO  sudoku.model.SudokuBoard - Wartość 0 wstawiona nieprawidłowo
13:19:12.606 [main] INFO  sudoku.model.SudokuBoard - Bład w kwadracie 0
sudoku.model.SudokuBoard@3d0d120b[
  size=9
  solver=sudoku.model.BacktrackingSudokuSolver@6b5c134e
  board={{8,7,5,6,4,9,1,2,3},{3,4,2,7,1,5,8,6,9},{9,6,1,8,2,3,4,5,7},{7,9,3,4,6,1,2,8,5},{4,8,6,2,9,7,3,0,0},{0,0,0,0,0,0,0,0,0},{0,0,0,0,0,0,0,0,0},{0,0,0,0,0,0,0,0,0},{0,0,0,0,0,0,0,0,0}}
]
13:19:12.606 [main] INFO  sudoku.model.SudokuBoard - Wartość 0 wstawiona nieprawidłowo
13:19:12.606 [main] INFO  sudoku.model.SudokuBoard - Bład w kwadracie 0
sudoku.model.SudokuBoard@3d0d120b[
  size=9
  solver=sudoku.model.BacktrackingSudokuSolver@6b5c134e
  board={{8,7,5,6,4,9,1,2,3},{3,4,2,7,1,5,8,6,9},{9,6,1,8,2,3,4,5,7},{7,9,3,4,6,1,2,8,5},{4,8,6,2,9,7,0,0,0},{0,0,0,0,0,0,0,0,0},{0,0,0,0,0,0,0,0,0},{0,0,0,0,0,0,0,0,0},{0,0,0,0,0,0,0,0,0}}
]
13:19:12.606 [main] INFO  sudoku.model.SudokuBoard - Wartość 0 wstawiona nieprawidłowo
13:19:12.606 [main] INFO  sudoku.model.SudokuBoard - Bład w kwadracie 0
sudoku.model.SudokuBoard@3d0d120b[
  size=9
  solver=sudoku.model.BacktrackingSudokuSolver@6b5c134e
  board={{8,7,5,6,4,9,1,2,3},{3,4,2,7,1,5,8,6,9},{9,6,1,8,2,3,4,5,7},{7,9,3,4,6,1,2,8,5},{4,8,6,2,9,0,0,0,0},{0,0,0,0,0,0,0,0,0},{0,0,0,0,0,0,0,0,0},{0,0,0,0,0,0,0,0,0},{0,0,0,0,0,0,0,0,0}}
]
13:19:12.606 [main] INFO  sudoku.model.SudokuBoard - Wartość 0 wstawiona nieprawidłowo
13:19:12.606 [main] INFO  sudoku.model.SudokuBoard - Bład w kwadracie 0
sudoku.model.SudokuBoard@3d0d120b[
  size=9
  solver=sudoku.model.BacktrackingSudokuSolver@6b5c134e
  board={{8,7,5,6,4,9,1,2,3},{3,4,2,7,1,5,8,6,9},{9,6,1,8,2,3,4,5,7},{7,9,3,4,6,1,2,8,5},{4,8,6,2,0,0,0,0,0},{0,0,0,0,0,0,0,0,0},{0,0,0,0,0,0,0,0,0},{0,0,0,0,0,0,0,0,0},{0,0,0,0,0,0,0,0,0}}
]
13:19:12.606 [main] INFO  sudoku.model.SudokuBoard - Wartość 0 wstawiona nieprawidłowo
13:19:12.606 [main] INFO  sudoku.model.SudokuBoard - Bład w kwadracie 0
sudoku.model.SudokuBoard@3d0d120b[
  size=9
  solver=sudoku.model.BacktrackingSudokuSolver@6b5c134e
  board={{8,7,5,6,4,9,1,2,3},{3,4,2,7,1,5,8,6,9},{9,6,1,8,2,3,4,5,7},{7,9,3,4,6,1,2,8,5},{4,8,6,0,0,0,0,0,0},{0,0,0,0,0,0,0,0,0},{0,0,0,0,0,0,0,0,0},{0,0,0,0,0,0,0,0,0},{0,0,0,0,0,0,0,0,0}}
]
13:19:12.606 [main] INFO  sudoku.model.SudokuBoard - Wartość 0 wstawiona nieprawidłowo
13:19:12.606 [main] INFO  sudoku.model.SudokuBoard - Bład w kwadracie 0
sudoku.model.SudokuBoard@3d0d120b[
  size=9
  solver=sudoku.model.BacktrackingSudokuSolver@6b5c134e
  board={{8,7,5,6,4,9,1,2,3},{3,4,2,7,1,5,8,6,9},{9,6,1,8,2,3,4,5,7},{7,9,3,4,6,1,2,8,5},{4,8,6,3,9,0,0,0,0},{0,0,0,0,0,0,0,0,0},{0,0,0,0,0,0,0,0,0},{0,0,0,0,0,0,0,0,0},{0,0,0,0,0,0,0,0,0}}
]
13:19:12.606 [main] INFO  sudoku.model.SudokuBoard - Wartość 0 wstawiona nieprawidłowo
13:19:12.607 [main] INFO  sudoku.model.SudokuBoard - Bład w kwadracie 0
sudoku.model.SudokuBoard@3d0d120b[
  size=9
  solver=sudoku.model.BacktrackingSudokuSolver@6b5c134e
  board={{8,7,5,6,4,9,1,2,3},{3,4,2,7,1,5,8,6,9},{9,6,1,8,2,3,4,5,7},{7,9,3,4,6,1,2,8,5},{4,8,6,3,9,2,7,0,0},{0,0,0,0,0,0,0,0,0},{0,0,0,0,0,0,0,0,0},{0,0,0,0,0,0,0,0,0},{0,0,0,0,0,0,0,0,0}}
]
13:19:12.607 [main] INFO  sudoku.model.SudokuBoard - Wartość 0 wstawiona nieprawidłowo
13:19:12.607 [main] INFO  sudoku.model.SudokuBoard - Bład w kwadracie 0
sudoku.model.SudokuBoard@3d0d120b[
  size=9
  solver=sudoku.model.BacktrackingSudokuSolver@6b5c134e
  board={{8,7,5,6,4,9,1,2,3},{3,4,2,7,1,5,8,6,9},{9,6,1,8,2,3,4,5,7},{7,9,3,4,6,1,2,8,5},{4,8,6,3,9,2,0,0,0},{0,0,0,0,0,0,0,0,0},{0,0,0,0,0,0,0,0,0},{0,0,0,0,0,0,0,0,0},{0,0,0,0,0,0,0,0,0}}
]
13:19:12.607 [main] INFO  sudoku.model.SudokuBoard - Wartość 0 wstawiona nieprawidłowo
13:19:12.607 [main] INFO  sudoku.model.SudokuBoard - Bład w kwadracie 0
sudoku.model.SudokuBoard@3d0d120b[
  size=9
  solver=sudoku.model.BacktrackingSudokuSolver@6b5c134e
  board={{8,7,5,6,4,9,1,2,3},{3,4,2,7,1,5,8,6,9},{9,6,1,8,2,3,4,5,7},{7,9,3,4,6,1,2,8,5},{4,8,6,3,9,0,0,0,0},{0,0,0,0,0,0,0,0,0},{0,0,0,0,0,0,0,0,0},{0,0,0,0,0,0,0,0,0},{0,0,0,0,0,0,0,0,0}}
]
13:19:12.607 [main] INFO  sudoku.model.SudokuBoard - Wartość 0 wstawiona nieprawidłowo
13:19:12.608 [main] INFO  sudoku.model.SudokuBoard - Bład w kwadracie 0
sudoku.model.SudokuBoard@3d0d120b[
  size=9
  solver=sudoku.model.BacktrackingSudokuSolver@6b5c134e
  board={{8,7,5,6,4,9,1,2,3},{3,4,2,7,1,5,8,6,9},{9,6,1,8,2,3,4,5,7},{7,9,3,4,6,1,2,8,5},{4,8,6,3,0,0,0,0,0},{0,0,0,0,0,0,0,0,0},{0,0,0,0,0,0,0,0,0},{0,0,0,0,0,0,0,0,0},{0,0,0,0,0,0,0,0,0}}
]
13:19:12.608 [main] INFO  sudoku.model.SudokuBoard - Wartość 0 wstawiona nieprawidłowo
13:19:12.609 [main] INFO  sudoku.model.SudokuBoard - Bład w kwadracie 0
sudoku.model.SudokuBoard@3d0d120b[
  size=9
  solver=sudoku.model.BacktrackingSudokuSolver@6b5c134e
  board={{8,7,5,6,4,9,1,2,3},{3,4,2,7,1,5,8,6,9},{9,6,1,8,2,3,4,5,7},{7,9,3,4,6,1,2,8,5},{4,8,6,3,5,7,9,0,0},{0,0,0,0,0,0,0,0,0},{0,0,0,0,0,0,0,0,0},{0,0,0,0,0,0,0,0,0},{0,0,0,0,0,0,0,0,0}}
]
13:19:12.609 [main] INFO  sudoku.model.SudokuBoard - Wartość 0 wstawiona nieprawidłowo
13:19:12.609 [main] INFO  sudoku.model.SudokuBoard - Bład w kwadracie 0
sudoku.model.SudokuBoard@3d0d120b[
  size=9
  solver=sudoku.model.BacktrackingSudokuSolver@6b5c134e
  board={{8,7,5,6,4,9,1,2,3},{3,4,2,7,1,5,8,6,9},{9,6,1,8,2,3,4,5,7},{7,9,3,4,6,1,2,8,5},{4,8,6,3,5,7,0,0,0},{0,0,0,0,0,0,0,0,0},{0,0,0,0,0,0,0,0,0},{0,0,0,0,0,0,0,0,0},{0,0,0,0,0,0,0,0,0}}
]
13:19:12.609 [main] INFO  sudoku.model.SudokuBoard - Wartość 0 wstawiona nieprawidłowo
13:19:12.609 [main] INFO  sudoku.model.SudokuBoard - Bład w kwadracie 0
sudoku.model.SudokuBoard@3d0d120b[
  size=9
  solver=sudoku.model.BacktrackingSudokuSolver@6b5c134e
  board={{8,7,5,6,4,9,1,2,3},{3,4,2,7,1,5,8,6,9},{9,6,1,8,2,3,4,5,7},{7,9,3,4,6,1,2,8,5},{4,8,6,3,5,0,0,0,0},{0,0,0,0,0,0,0,0,0},{0,0,0,0,0,0,0,0,0},{0,0,0,0,0,0,0,0,0},{0,0,0,0,0,0,0,0,0}}
]
13:19:12.609 [main] INFO  sudoku.model.SudokuBoard - Wartość 0 wstawiona nieprawidłowo
13:19:12.609 [main] INFO  sudoku.model.SudokuBoard - Bład w kwadracie 0
sudoku.model.SudokuBoard@3d0d120b[
  size=9
  solver=sudoku.model.BacktrackingSudokuSolver@6b5c134e
  board={{8,7,5,6,4,9,1,2,3},{3,4,2,7,1,5,8,6,9},{9,6,1,8,2,3,4,5,7},{7,9,3,4,6,1,2,8,5},{4,8,6,3,5,2,7,0,0},{0,0,0,0,0,0,0,0,0},{0,0,0,0,0,0,0,0,0},{0,0,0,0,0,0,0,0,0},{0,0,0,0,0,0,0,0,0}}
]
13:19:12.609 [main] INFO  sudoku.model.SudokuBoard - Wartość 0 wstawiona nieprawidłowo
13:19:12.609 [main] INFO  sudoku.model.SudokuBoard - Bład w kwadracie 0
sudoku.model.SudokuBoard@3d0d120b[
  size=9
  solver=sudoku.model.BacktrackingSudokuSolver@6b5c134e
  board={{8,7,5,6,4,9,1,2,3},{3,4,2,7,1,5,8,6,9},{9,6,1,8,2,3,4,5,7},{7,9,3,4,6,1,2,8,5},{4,8,6,3,5,2,7,9,1},{5,0,0,0,0,0,0,0,0},{0,0,0,0,0,0,0,0,0},{0,0,0,0,0,0,0,0,0},{0,0,0,0,0,0,0,0,0}}
]
13:19:12.610 [main] INFO  sudoku.model.SudokuBoard - Wartość 0 wstawiona nieprawidłowo
13:19:12.610 [main] INFO  sudoku.model.SudokuBoard - Bład w kwadracie 0
sudoku.model.SudokuBoard@3d0d120b[
  size=9
  solver=sudoku.model.BacktrackingSudokuSolver@6b5c134e
  board={{8,7,5,6,4,9,1,2,3},{3,4,2,7,1,5,8,6,9},{9,6,1,8,2,3,4,5,7},{7,9,3,4,6,1,2,8,5},{4,8,6,3,5,2,7,9,1},{5,0,0,0,0,0,0,0,0},{0,0,0,0,0,0,0,0,0},{0,0,0,0,0,0,0,0,0},{0,0,0,0,0,0,0,0,0}}
]
13:19:12.610 [main] INFO  sudoku.model.SudokuBoard - Wartość 0 wstawiona nieprawidłowo
13:19:12.610 [main] INFO  sudoku.model.SudokuBoard - Bład w kwadracie 0
sudoku.model.SudokuBoard@3d0d120b[
  size=9
  solver=sudoku.model.BacktrackingSudokuSolver@6b5c134e
  board={{8,7,5,6,4,9,1,2,3},{3,4,2,7,1,5,8,6,9},{9,6,1,8,2,3,4,5,7},{7,9,3,4,6,1,2,8,5},{4,8,6,3,5,2,7,9,1},{0,0,0,0,0,0,0,0,0},{0,0,0,0,0,0,0,0,0},{0,0,0,0,0,0,0,0,0},{0,0,0,0,0,0,0,0,0}}
]
13:19:12.610 [main] INFO  sudoku.model.SudokuBoard - Wartość 0 wstawiona nieprawidłowo
13:19:12.610 [main] INFO  sudoku.model.SudokuBoard - Bład w kwadracie 0
sudoku.model.SudokuBoard@3d0d120b[
  size=9
  solver=sudoku.model.BacktrackingSudokuSolver@6b5c134e
  board={{8,7,5,6,4,9,1,2,3},{3,4,2,7,1,5,8,6,9},{9,6,1,8,2,3,4,5,7},{7,9,3,4,6,1,2,8,5},{4,8,6,3,5,2,7,9,1},{1,0,0,0,0,0,0,0,0},{0,0,0,0,0,0,0,0,0},{0,0,0,0,0,0,0,0,0},{0,0,0,0,0,0,0,0,0}}
]
13:19:12.610 [main] INFO  sudoku.model.SudokuBoard - Wartość 0 wstawiona nieprawidłowo
13:19:12.610 [main] INFO  sudoku.model.SudokuBoard - Bład w kwadracie 0
sudoku.model.SudokuBoard@3d0d120b[
  size=9
  solver=sudoku.model.BacktrackingSudokuSolver@6b5c134e
  board={{8,7,5,6,4,9,1,2,3},{3,4,2,7,1,5,8,6,9},{9,6,1,8,2,3,4,5,7},{7,9,3,4,6,1,2,8,5},{4,8,6,3,5,2,7,9,1},{1,0,0,0,0,0,0,0,0},{0,0,0,0,0,0,0,0,0},{0,0,0,0,0,0,0,0,0},{0,0,0,0,0,0,0,0,0}}
]
13:19:12.610 [main] INFO  sudoku.model.SudokuBoard - Wartość 0 wstawiona nieprawidłowo
13:19:12.610 [main] INFO  sudoku.model.SudokuBoard - Bład w kwadracie 0
sudoku.model.SudokuBoard@3d0d120b[
  size=9
  solver=sudoku.model.BacktrackingSudokuSolver@6b5c134e
  board={{8,7,5,6,4,9,1,2,3},{3,4,2,7,1,5,8,6,9},{9,6,1,8,2,3,4,5,7},{7,9,3,4,6,1,2,8,5},{4,8,6,3,5,2,7,9,1},{0,0,0,0,0,0,0,0,0},{0,0,0,0,0,0,0,0,0},{0,0,0,0,0,0,0,0,0},{0,0,0,0,0,0,0,0,0}}
]
13:19:12.610 [main] INFO  sudoku.model.SudokuBoard - Wartość 0 wstawiona nieprawidłowo
13:19:12.610 [main] INFO  sudoku.model.SudokuBoard - Bład w kwadracie 0
sudoku.model.SudokuBoard@3d0d120b[
  size=9
  solver=sudoku.model.BacktrackingSudokuSolver@6b5c134e
  board={{8,7,5,6,4,9,1,2,3},{3,4,2,7,1,5,8,6,9},{9,6,1,8,2,3,4,5,7},{7,9,3,4,6,1,2,8,5},{4,8,6,3,5,2,7,9,1},{2,0,0,0,0,0,0,0,0},{0,0,0,0,0,0,0,0,0},{0,0,0,0,0,0,0,0,0},{0,0,0,0,0,0,0,0,0}}
]
13:19:12.610 [main] INFO  sudoku.model.SudokuBoard - Wartość 0 wstawiona nieprawidłowo
13:19:12.611 [main] INFO  sudoku.model.SudokuBoard - Bład w kwadracie 0
sudoku.model.SudokuBoard@3d0d120b[
  size=9
  solver=sudoku.model.BacktrackingSudokuSolver@6b5c134e
  board={{8,7,5,6,4,9,1,2,3},{3,4,2,7,1,5,8,6,9},{9,6,1,8,2,3,4,5,7},{7,9,3,4,6,1,2,8,5},{4,8,6,3,5,2,7,9,1},{2,0,0,0,0,0,0,0,0},{0,0,0,0,0,0,0,0,0},{0,0,0,0,0,0,0,0,0},{0,0,0,0,0,0,0,0,0}}
]
13:19:12.611 [main] INFO  sudoku.model.SudokuBoard - Wartość 0 wstawiona nieprawidłowo
13:19:12.611 [main] INFO  sudoku.model.SudokuBoard - Bład w kwadracie 0
sudoku.model.SudokuBoard@3d0d120b[
  size=9
  solver=sudoku.model.BacktrackingSudokuSolver@6b5c134e
  board={{8,7,5,6,4,9,1,2,3},{3,4,2,7,1,5,8,6,9},{9,6,1,8,2,3,4,5,7},{7,9,3,4,6,1,2,8,5},{4,8,6,3,5,2,7,9,1},{0,0,0,0,0,0,0,0,0},{0,0,0,0,0,0,0,0,0},{0,0,0,0,0,0,0,0,0},{0,0,0,0,0,0,0,0,0}}
]
13:19:12.611 [main] INFO  sudoku.model.SudokuBoard - Wartość 0 wstawiona nieprawidłowo
13:19:12.611 [main] INFO  sudoku.model.SudokuBoard - Bład w kwadracie 0
sudoku.model.SudokuBoard@3d0d120b[
  size=9
  solver=sudoku.model.BacktrackingSudokuSolver@6b5c134e
  board={{8,7,5,6,4,9,1,2,3},{3,4,2,7,1,5,8,6,9},{9,6,1,8,2,3,4,5,7},{7,9,3,4,6,1,2,8,5},{4,8,6,3,5,2,7,9,0},{0,0,0,0,0,0,0,0,0},{0,0,0,0,0,0,0,0,0},{0,0,0,0,0,0,0,0,0},{0,0,0,0,0,0,0,0,0}}
]
13:19:12.611 [main] INFO  sudoku.model.SudokuBoard - Wartość 0 wstawiona nieprawidłowo
13:19:12.611 [main] INFO  sudoku.model.SudokuBoard - Bład w kwadracie 0
sudoku.model.SudokuBoard@3d0d120b[
  size=9
  solver=sudoku.model.BacktrackingSudokuSolver@6b5c134e
  board={{8,7,5,6,4,9,1,2,3},{3,4,2,7,1,5,8,6,9},{9,6,1,8,2,3,4,5,7},{7,9,3,4,6,1,2,8,5},{4,8,6,3,5,2,7,0,0},{0,0,0,0,0,0,0,0,0},{0,0,0,0,0,0,0,0,0},{0,0,0,0,0,0,0,0,0},{0,0,0,0,0,0,0,0,0}}
]
13:19:12.611 [main] INFO  sudoku.model.SudokuBoard - Wartość 0 wstawiona nieprawidłowo
13:19:12.611 [main] INFO  sudoku.model.SudokuBoard - Bład w kwadracie 0
sudoku.model.SudokuBoard@3d0d120b[
  size=9
  solver=sudoku.model.BacktrackingSudokuSolver@6b5c134e
  board={{8,7,5,6,4,9,1,2,3},{3,4,2,7,1,5,8,6,9},{9,6,1,8,2,3,4,5,7},{7,9,3,4,6,1,2,8,5},{4,8,6,3,5,2,0,0,0},{0,0,0,0,0,0,0,0,0},{0,0,0,0,0,0,0,0,0},{0,0,0,0,0,0,0,0,0},{0,0,0,0,0,0,0,0,0}}
]
13:19:12.611 [main] INFO  sudoku.model.SudokuBoard - Wartość 0 wstawiona nieprawidłowo
13:19:12.612 [main] INFO  sudoku.model.SudokuBoard - Bład w kwadracie 0
sudoku.model.SudokuBoard@3d0d120b[
  size=9
  solver=sudoku.model.BacktrackingSudokuSolver@6b5c134e
  board={{8,7,5,6,4,9,1,2,3},{3,4,2,7,1,5,8,6,9},{9,6,1,8,2,3,4,5,7},{7,9,3,4,6,1,2,8,5},{4,8,6,3,5,2,9,7,1},{1,0,0,0,0,0,0,0,0},{0,0,0,0,0,0,0,0,0},{0,0,0,0,0,0,0,0,0},{0,0,0,0,0,0,0,0,0}}
]
13:19:12.612 [main] INFO  sudoku.model.SudokuBoard - Wartość 0 wstawiona nieprawidłowo
13:19:12.612 [main] INFO  sudoku.model.SudokuBoard - Bład w kwadracie 0
sudoku.model.SudokuBoard@3d0d120b[
  size=9
  solver=sudoku.model.BacktrackingSudokuSolver@6b5c134e
  board={{8,7,5,6,4,9,1,2,3},{3,4,2,7,1,5,8,6,9},{9,6,1,8,2,3,4,5,7},{7,9,3,4,6,1,2,8,5},{4,8,6,3,5,2,9,7,1},{1,0,0,0,0,0,0,0,0},{0,0,0,0,0,0,0,0,0},{0,0,0,0,0,0,0,0,0},{0,0,0,0,0,0,0,0,0}}
]
13:19:12.612 [main] INFO  sudoku.model.SudokuBoard - Wartość 0 wstawiona nieprawidłowo
13:19:12.612 [main] INFO  sudoku.model.SudokuBoard - Bład w kwadracie 0
sudoku.model.SudokuBoard@3d0d120b[
  size=9
  solver=sudoku.model.BacktrackingSudokuSolver@6b5c134e
  board={{8,7,5,6,4,9,1,2,3},{3,4,2,7,1,5,8,6,9},{9,6,1,8,2,3,4,5,7},{7,9,3,4,6,1,2,8,5},{4,8,6,3,5,2,9,7,1},{0,0,0,0,0,0,0,0,0},{0,0,0,0,0,0,0,0,0},{0,0,0,0,0,0,0,0,0},{0,0,0,0,0,0,0,0,0}}
]
13:19:12.612 [main] INFO  sudoku.model.SudokuBoard - Wartość 0 wstawiona nieprawidłowo
13:19:12.612 [main] INFO  sudoku.model.SudokuBoard - Bład w kwadracie 0
sudoku.model.SudokuBoard@3d0d120b[
  size=9
  solver=sudoku.model.BacktrackingSudokuSolver@6b5c134e
  board={{8,7,5,6,4,9,1,2,3},{3,4,2,7,1,5,8,6,9},{9,6,1,8,2,3,4,5,7},{7,9,3,4,6,1,2,8,5},{4,8,6,3,5,2,9,7,1},{2,0,0,0,0,0,0,0,0},{0,0,0,0,0,0,0,0,0},{0,0,0,0,0,0,0,0,0},{0,0,0,0,0,0,0,0,0}}
]
13:19:12.612 [main] INFO  sudoku.model.SudokuBoard - Wartość 0 wstawiona nieprawidłowo
13:19:12.612 [main] INFO  sudoku.model.SudokuBoard - Bład w kwadracie 0
sudoku.model.SudokuBoard@3d0d120b[
  size=9
  solver=sudoku.model.BacktrackingSudokuSolver@6b5c134e
  board={{8,7,5,6,4,9,1,2,3},{3,4,2,7,1,5,8,6,9},{9,6,1,8,2,3,4,5,7},{7,9,3,4,6,1,2,8,5},{4,8,6,3,5,2,9,7,1},{2,0,0,0,0,0,0,0,0},{0,0,0,0,0,0,0,0,0},{0,0,0,0,0,0,0,0,0},{0,0,0,0,0,0,0,0,0}}
]
13:19:12.612 [main] INFO  sudoku.model.SudokuBoard - Wartość 0 wstawiona nieprawidłowo
13:19:12.613 [main] INFO  sudoku.model.SudokuBoard - Bład w kwadracie 0
sudoku.model.SudokuBoard@3d0d120b[
  size=9
  solver=sudoku.model.BacktrackingSudokuSolver@6b5c134e
  board={{8,7,5,6,4,9,1,2,3},{3,4,2,7,1,5,8,6,9},{9,6,1,8,2,3,4,5,7},{7,9,3,4,6,1,2,8,5},{4,8,6,3,5,2,9,7,1},{0,0,0,0,0,0,0,0,0},{0,0,0,0,0,0,0,0,0},{0,0,0,0,0,0,0,0,0},{0,0,0,0,0,0,0,0,0}}
]
13:19:12.613 [main] INFO  sudoku.model.SudokuBoard - Wartość 0 wstawiona nieprawidłowo
13:19:12.613 [main] INFO  sudoku.model.SudokuBoard - Bład w kwadracie 0
sudoku.model.SudokuBoard@3d0d120b[
  size=9
  solver=sudoku.model.BacktrackingSudokuSolver@6b5c134e
  board={{8,7,5,6,4,9,1,2,3},{3,4,2,7,1,5,8,6,9},{9,6,1,8,2,3,4,5,7},{7,9,3,4,6,1,2,8,5},{4,8,6,3,5,2,9,7,1},{5,0,0,0,0,0,0,0,0},{0,0,0,0,0,0,0,0,0},{0,0,0,0,0,0,0,0,0},{0,0,0,0,0,0,0,0,0}}
]
13:19:12.613 [main] INFO  sudoku.model.SudokuBoard - Wartość 0 wstawiona nieprawidłowo
13:19:12.613 [main] INFO  sudoku.model.SudokuBoard - Bład w kwadracie 0
sudoku.model.SudokuBoard@3d0d120b[
  size=9
  solver=sudoku.model.BacktrackingSudokuSolver@6b5c134e
  board={{8,7,5,6,4,9,1,2,3},{3,4,2,7,1,5,8,6,9},{9,6,1,8,2,3,4,5,7},{7,9,3,4,6,1,2,8,5},{4,8,6,3,5,2,9,7,1},{5,0,0,0,0,0,0,0,0},{0,0,0,0,0,0,0,0,0},{0,0,0,0,0,0,0,0,0},{0,0,0,0,0,0,0,0,0}}
]
13:19:12.613 [main] INFO  sudoku.model.SudokuBoard - Wartość 0 wstawiona nieprawidłowo
13:19:12.613 [main] INFO  sudoku.model.SudokuBoard - Bład w kwadracie 0
sudoku.model.SudokuBoard@3d0d120b[
  size=9
  solver=sudoku.model.BacktrackingSudokuSolver@6b5c134e
  board={{8,7,5,6,4,9,1,2,3},{3,4,2,7,1,5,8,6,9},{9,6,1,8,2,3,4,5,7},{7,9,3,4,6,1,2,8,5},{4,8,6,3,5,2,9,7,1},{0,0,0,0,0,0,0,0,0},{0,0,0,0,0,0,0,0,0},{0,0,0,0,0,0,0,0,0},{0,0,0,0,0,0,0,0,0}}
]
13:19:12.613 [main] INFO  sudoku.model.SudokuBoard - Wartość 0 wstawiona nieprawidłowo
13:19:12.613 [main] INFO  sudoku.model.SudokuBoard - Bład w kwadracie 0
sudoku.model.SudokuBoard@3d0d120b[
  size=9
  solver=sudoku.model.BacktrackingSudokuSolver@6b5c134e
  board={{8,7,5,6,4,9,1,2,3},{3,4,2,7,1,5,8,6,9},{9,6,1,8,2,3,4,5,7},{7,9,3,4,6,1,2,8,5},{4,8,6,3,5,2,9,7,0},{0,0,0,0,0,0,0,0,0},{0,0,0,0,0,0,0,0,0},{0,0,0,0,0,0,0,0,0},{0,0,0,0,0,0,0,0,0}}
]
13:19:12.613 [main] INFO  sudoku.model.SudokuBoard - Wartość 0 wstawiona nieprawidłowo
13:19:12.613 [main] INFO  sudoku.model.SudokuBoard - Bład w kwadracie 0
sudoku.model.SudokuBoard@3d0d120b[
  size=9
  solver=sudoku.model.BacktrackingSudokuSolver@6b5c134e
  board={{8,7,5,6,4,9,1,2,3},{3,4,2,7,1,5,8,6,9},{9,6,1,8,2,3,4,5,7},{7,9,3,4,6,1,2,8,5},{4,8,6,3,5,2,9,0,0},{0,0,0,0,0,0,0,0,0},{0,0,0,0,0,0,0,0,0},{0,0,0,0,0,0,0,0,0},{0,0,0,0,0,0,0,0,0}}
]
13:19:12.613 [main] INFO  sudoku.model.SudokuBoard - Wartość 0 wstawiona nieprawidłowo
13:19:12.614 [main] INFO  sudoku.model.SudokuBoard - Bład w kwadracie 0
sudoku.model.SudokuBoard@3d0d120b[
  size=9
  solver=sudoku.model.BacktrackingSudokuSolver@6b5c134e
  board={{8,7,5,6,4,9,1,2,3},{3,4,2,7,1,5,8,6,9},{9,6,1,8,2,3,4,5,7},{7,9,3,4,6,1,2,8,5},{4,8,6,3,5,2,9,0,0},{0,0,0,0,0,0,0,0,0},{0,0,0,0,0,0,0,0,0},{0,0,0,0,0,0,0,0,0},{0,0,0,0,0,0,0,0,0}}
]
13:19:12.614 [main] INFO  sudoku.model.SudokuBoard - Wartość 0 wstawiona nieprawidłowo
13:19:12.614 [main] INFO  sudoku.model.SudokuBoard - Bład w kwadracie 0
sudoku.model.SudokuBoard@3d0d120b[
  size=9
  solver=sudoku.model.BacktrackingSudokuSolver@6b5c134e
  board={{8,7,5,6,4,9,1,2,3},{3,4,2,7,1,5,8,6,9},{9,6,1,8,2,3,4,5,7},{7,9,3,4,6,1,2,8,5},{4,8,6,3,5,2,0,0,0},{0,0,0,0,0,0,0,0,0},{0,0,0,0,0,0,0,0,0},{0,0,0,0,0,0,0,0,0},{0,0,0,0,0,0,0,0,0}}
]
13:19:12.614 [main] INFO  sudoku.model.SudokuBoard - Wartość 0 wstawiona nieprawidłowo
13:19:12.614 [main] INFO  sudoku.model.SudokuBoard - Bład w kwadracie 0
sudoku.model.SudokuBoard@3d0d120b[
  size=9
  solver=sudoku.model.BacktrackingSudokuSolver@6b5c134e
  board={{8,7,5,6,4,9,1,2,3},{3,4,2,7,1,5,8,6,9},{9,6,1,8,2,3,4,5,7},{7,9,3,4,6,1,2,8,5},{4,8,6,3,5,0,0,0,0},{0,0,0,0,0,0,0,0,0},{0,0,0,0,0,0,0,0,0},{0,0,0,0,0,0,0,0,0},{0,0,0,0,0,0,0,0,0}}
]
13:19:12.614 [main] INFO  sudoku.model.SudokuBoard - Wartość 0 wstawiona nieprawidłowo
13:19:12.614 [main] INFO  sudoku.model.SudokuBoard - Bład w kwadracie 0
sudoku.model.SudokuBoard@3d0d120b[
  size=9
  solver=sudoku.model.BacktrackingSudokuSolver@6b5c134e
  board={{8,7,5,6,4,9,1,2,3},{3,4,2,7,1,5,8,6,9},{9,6,1,8,2,3,4,5,7},{7,9,3,4,6,1,2,8,5},{4,8,6,3,0,0,0,0,0},{0,0,0,0,0,0,0,0,0},{0,0,0,0,0,0,0,0,0},{0,0,0,0,0,0,0,0,0},{0,0,0,0,0,0,0,0,0}}
]
13:19:12.614 [main] INFO  sudoku.model.SudokuBoard - Wartość 0 wstawiona nieprawidłowo
13:19:12.614 [main] INFO  sudoku.model.SudokuBoard - Bład w kwadracie 0
sudoku.model.SudokuBoard@3d0d120b[
  size=9
  solver=sudoku.model.BacktrackingSudokuSolver@6b5c134e
  board={{8,7,5,6,4,9,1,2,3},{3,4,2,7,1,5,8,6,9},{9,6,1,8,2,3,4,5,7},{7,9,3,4,6,1,2,8,5},{4,8,6,3,7,2,9,0,0},{0,0,0,0,0,0,0,0,0},{0,0,0,0,0,0,0,0,0},{0,0,0,0,0,0,0,0,0},{0,0,0,0,0,0,0,0,0}}
]
13:19:12.614 [main] INFO  sudoku.model.SudokuBoard - Wartość 0 wstawiona nieprawidłowo
13:19:12.614 [main] INFO  sudoku.model.SudokuBoard - Bład w kwadracie 0
sudoku.model.SudokuBoard@3d0d120b[
  size=9
  solver=sudoku.model.BacktrackingSudokuSolver@6b5c134e
  board={{8,7,5,6,4,9,1,2,3},{3,4,2,7,1,5,8,6,9},{9,6,1,8,2,3,4,5,7},{7,9,3,4,6,1,2,8,5},{4,8,6,3,7,2,0,0,0},{0,0,0,0,0,0,0,0,0},{0,0,0,0,0,0,0,0,0},{0,0,0,0,0,0,0,0,0},{0,0,0,0,0,0,0,0,0}}
]
13:19:12.615 [main] INFO  sudoku.model.SudokuBoard - Wartość 0 wstawiona nieprawidłowo
13:19:12.615 [main] INFO  sudoku.model.SudokuBoard - Bład w kwadracie 0
sudoku.model.SudokuBoard@3d0d120b[
  size=9
  solver=sudoku.model.BacktrackingSudokuSolver@6b5c134e
  board={{8,7,5,6,4,9,1,2,3},{3,4,2,7,1,5,8,6,9},{9,6,1,8,2,3,4,5,7},{7,9,3,4,6,1,2,8,5},{4,8,6,3,7,0,0,0,0},{0,0,0,0,0,0,0,0,0},{0,0,0,0,0,0,0,0,0},{0,0,0,0,0,0,0,0,0},{0,0,0,0,0,0,0,0,0}}
]
13:19:12.615 [main] INFO  sudoku.model.SudokuBoard - Wartość 0 wstawiona nieprawidłowo
13:19:12.615 [main] INFO  sudoku.model.SudokuBoard - Bład w kwadracie 0
sudoku.model.SudokuBoard@3d0d120b[
  size=9
  solver=sudoku.model.BacktrackingSudokuSolver@6b5c134e
  board={{8,7,5,6,4,9,1,2,3},{3,4,2,7,1,5,8,6,9},{9,6,1,8,2,3,4,5,7},{7,9,3,4,6,1,2,8,5},{4,8,6,3,0,0,0,0,0},{0,0,0,0,0,0,0,0,0},{0,0,0,0,0,0,0,0,0},{0,0,0,0,0,0,0,0,0},{0,0,0,0,0,0,0,0,0}}
]
13:19:12.615 [main] INFO  sudoku.model.SudokuBoard - Wartość 0 wstawiona nieprawidłowo
13:19:12.615 [main] INFO  sudoku.model.SudokuBoard - Bład w kwadracie 0
sudoku.model.SudokuBoard@3d0d120b[
  size=9
  solver=sudoku.model.BacktrackingSudokuSolver@6b5c134e
  board={{8,7,5,6,4,9,1,2,3},{3,4,2,7,1,5,8,6,9},{9,6,1,8,2,3,4,5,7},{7,9,3,4,6,1,2,8,5},{4,8,6,0,0,0,0,0,0},{0,0,0,0,0,0,0,0,0},{0,0,0,0,0,0,0,0,0},{0,0,0,0,0,0,0,0,0},{0,0,0,0,0,0,0,0,0}}
]
13:19:12.615 [main] INFO  sudoku.model.SudokuBoard - Wartość 0 wstawiona nieprawidłowo
13:19:12.615 [main] INFO  sudoku.model.SudokuBoard - Bład w kwadracie 0
sudoku.model.SudokuBoard@3d0d120b[
  size=9
  solver=sudoku.model.BacktrackingSudokuSolver@6b5c134e
  board={{8,7,5,6,4,9,1,2,3},{3,4,2,7,1,5,8,6,9},{9,6,1,8,2,3,4,5,7},{7,9,3,4,6,1,2,8,5},{4,8,0,0,0,0,0,0,0},{0,0,0,0,0,0,0,0,0},{0,0,0,0,0,0,0,0,0},{0,0,0,0,0,0,0,0,0},{0,0,0,0,0,0,0,0,0}}
]
13:19:12.615 [main] INFO  sudoku.model.SudokuBoard - Wartość 0 wstawiona nieprawidłowo
13:19:12.615 [main] INFO  sudoku.model.SudokuBoard - Bład w kwadracie 0
sudoku.model.SudokuBoard@3d0d120b[
  size=9
  solver=sudoku.model.BacktrackingSudokuSolver@6b5c134e
  board={{8,7,5,6,4,9,1,2,3},{3,4,2,7,1,5,8,6,9},{9,6,1,8,2,3,4,5,7},{7,9,3,4,6,1,2,8,5},{4,0,0,0,0,0,0,0,0},{0,0,0,0,0,0,0,0,0},{0,0,0,0,0,0,0,0,0},{0,0,0,0,0,0,0,0,0},{0,0,0,0,0,0,0,0,0}}
]
13:19:12.615 [main] INFO  sudoku.model.SudokuBoard - Wartość 0 wstawiona nieprawidłowo
13:19:12.616 [main] INFO  sudoku.model.SudokuBoard - Bład w kwadracie 0
sudoku.model.SudokuBoard@3d0d120b[
  size=9
  solver=sudoku.model.BacktrackingSudokuSolver@6b5c134e
  board={{8,7,5,6,4,9,1,2,3},{3,4,2,7,1,5,8,6,9},{9,6,1,8,2,3,4,5,7},{7,9,3,4,6,1,2,8,5},{4,1,6,2,9,7,0,0,0},{0,0,0,0,0,0,0,0,0},{0,0,0,0,0,0,0,0,0},{0,0,0,0,0,0,0,0,0},{0,0,0,0,0,0,0,0,0}}
]
13:19:12.616 [main] INFO  sudoku.model.SudokuBoard - Wartość 0 wstawiona nieprawidłowo
13:19:12.616 [main] INFO  sudoku.model.SudokuBoard - Bład w kwadracie 0
sudoku.model.SudokuBoard@3d0d120b[
  size=9
  solver=sudoku.model.BacktrackingSudokuSolver@6b5c134e
  board={{8,7,5,6,4,9,1,2,3},{3,4,2,7,1,5,8,6,9},{9,6,1,8,2,3,4,5,7},{7,9,3,4,6,1,2,8,5},{4,1,6,2,9,0,0,0,0},{0,0,0,0,0,0,0,0,0},{0,0,0,0,0,0,0,0,0},{0,0,0,0,0,0,0,0,0},{0,0,0,0,0,0,0,0,0}}
]
13:19:12.616 [main] INFO  sudoku.model.SudokuBoard - Wartość 0 wstawiona nieprawidłowo
13:19:12.616 [main] INFO  sudoku.model.SudokuBoard - Bład w kwadracie 0
sudoku.model.SudokuBoard@3d0d120b[
  size=9
  solver=sudoku.model.BacktrackingSudokuSolver@6b5c134e
  board={{8,7,5,6,4,9,1,2,3},{3,4,2,7,1,5,8,6,9},{9,6,1,8,2,3,4,5,7},{7,9,3,4,6,1,2,8,5},{4,1,6,2,9,8,7,0,0},{0,0,0,0,0,0,0,0,0},{0,0,0,0,0,0,0,0,0},{0,0,0,0,0,0,0,0,0},{0,0,0,0,0,0,0,0,0}}
]
13:19:12.616 [main] INFO  sudoku.model.SudokuBoard - Wartość 0 wstawiona nieprawidłowo
13:19:12.616 [main] INFO  sudoku.model.SudokuBoard - Bład w kwadracie 0
sudoku.model.SudokuBoard@3d0d120b[
  size=9
  solver=sudoku.model.BacktrackingSudokuSolver@6b5c134e
  board={{8,7,5,6,4,9,1,2,3},{3,4,2,7,1,5,8,6,9},{9,6,1,8,2,3,4,5,7},{7,9,3,4,6,1,2,8,5},{4,1,6,2,9,8,0,0,0},{0,0,0,0,0,0,0,0,0},{0,0,0,0,0,0,0,0,0},{0,0,0,0,0,0,0,0,0},{0,0,0,0,0,0,0,0,0}}
]
13:19:12.616 [main] INFO  sudoku.model.SudokuBoard - Wartość 0 wstawiona nieprawidłowo
13:19:12.616 [main] INFO  sudoku.model.SudokuBoard - Bład w kwadracie 0
sudoku.model.SudokuBoard@3d0d120b[
  size=9
  solver=sudoku.model.BacktrackingSudokuSolver@6b5c134e
  board={{8,7,5,6,4,9,1,2,3},{3,4,2,7,1,5,8,6,9},{9,6,1,8,2,3,4,5,7},{7,9,3,4,6,1,2,8,5},{4,1,6,2,9,8,3,0,0},{0,0,0,0,0,0,0,0,0},{0,0,0,0,0,0,0,0,0},{0,0,0,0,0,0,0,0,0},{0,0,0,0,0,0,0,0,0}}
]
13:19:12.616 [main] INFO  sudoku.model.SudokuBoard - Wartość 0 wstawiona nieprawidłowo
13:19:12.616 [main] INFO  sudoku.model.SudokuBoard - Bład w kwadracie 0
sudoku.model.SudokuBoard@3d0d120b[
  size=9
  solver=sudoku.model.BacktrackingSudokuSolver@6b5c134e
  board={{8,7,5,6,4,9,1,2,3},{3,4,2,7,1,5,8,6,9},{9,6,1,8,2,3,4,5,7},{7,9,3,4,6,1,2,8,5},{4,1,6,2,9,8,0,0,0},{0,0,0,0,0,0,0,0,0},{0,0,0,0,0,0,0,0,0},{0,0,0,0,0,0,0,0,0},{0,0,0,0,0,0,0,0,0}}
]
13:19:12.617 [main] INFO  sudoku.model.SudokuBoard - Wartość 0 wstawiona nieprawidłowo
13:19:12.617 [main] INFO  sudoku.model.SudokuBoard - Bład w kwadracie 0
sudoku.model.SudokuBoard@3d0d120b[
  size=9
  solver=sudoku.model.BacktrackingSudokuSolver@6b5c134e
  board={{8,7,5,6,4,9,1,2,3},{3,4,2,7,1,5,8,6,9},{9,6,1,8,2,3,4,5,7},{7,9,3,4,6,1,2,8,5},{4,1,6,2,9,0,0,0,0},{0,0,0,0,0,0,0,0,0},{0,0,0,0,0,0,0,0,0},{0,0,0,0,0,0,0,0,0},{0,0,0,0,0,0,0,0,0}}
]
13:19:12.617 [main] INFO  sudoku.model.SudokuBoard - Wartość 0 wstawiona nieprawidłowo
13:19:12.617 [main] INFO  sudoku.model.SudokuBoard - Bład w kwadracie 0
sudoku.model.SudokuBoard@3d0d120b[
  size=9
  solver=sudoku.model.BacktrackingSudokuSolver@6b5c134e
  board={{8,7,5,6,4,9,1,2,3},{3,4,2,7,1,5,8,6,9},{9,6,1,8,2,3,4,5,7},{7,9,3,4,6,1,2,8,5},{4,1,6,2,0,0,0,0,0},{0,0,0,0,0,0,0,0,0},{0,0,0,0,0,0,0,0,0},{0,0,0,0,0,0,0,0,0},{0,0,0,0,0,0,0,0,0}}
]
13:19:12.617 [main] INFO  sudoku.model.SudokuBoard - Wartość 0 wstawiona nieprawidłowo
13:19:12.617 [main] INFO  sudoku.model.SudokuBoard - Bład w kwadracie 0
sudoku.model.SudokuBoard@3d0d120b[
  size=9
  solver=sudoku.model.BacktrackingSudokuSolver@6b5c134e
  board={{8,7,5,6,4,9,1,2,3},{3,4,2,7,1,5,8,6,9},{9,6,1,8,2,3,4,5,7},{7,9,3,4,6,1,2,8,5},{4,1,6,2,3,7,0,0,0},{0,0,0,0,0,0,0,0,0},{0,0,0,0,0,0,0,0,0},{0,0,0,0,0,0,0,0,0},{0,0,0,0,0,0,0,0,0}}
]
13:19:12.617 [main] INFO  sudoku.model.SudokuBoard - Wartość 0 wstawiona nieprawidłowo
13:19:12.617 [main] INFO  sudoku.model.SudokuBoard - Bład w kwadracie 0
sudoku.model.SudokuBoard@3d0d120b[
  size=9
  solver=sudoku.model.BacktrackingSudokuSolver@6b5c134e
  board={{8,7,5,6,4,9,1,2,3},{3,4,2,7,1,5,8,6,9},{9,6,1,8,2,3,4,5,7},{7,9,3,4,6,1,2,8,5},{4,1,6,2,3,0,0,0,0},{0,0,0,0,0,0,0,0,0},{0,0,0,0,0,0,0,0,0},{0,0,0,0,0,0,0,0,0},{0,0,0,0,0,0,0,0,0}}
]
13:19:12.617 [main] INFO  sudoku.model.SudokuBoard - Wartość 0 wstawiona nieprawidłowo
13:19:12.617 [main] INFO  sudoku.model.SudokuBoard - Bład w kwadracie 0
sudoku.model.SudokuBoard@3d0d120b[
  size=9
  solver=sudoku.model.BacktrackingSudokuSolver@6b5c134e
  board={{8,7,5,6,4,9,1,2,3},{3,4,2,7,1,5,8,6,9},{9,6,1,8,2,3,4,5,7},{7,9,3,4,6,1,2,8,5},{4,1,6,2,3,8,7,0,0},{0,0,0,0,0,0,0,0,0},{0,0,0,0,0,0,0,0,0},{0,0,0,0,0,0,0,0,0},{0,0,0,0,0,0,0,0,0}}
]
13:19:12.617 [main] INFO  sudoku.model.SudokuBoard - Wartość 0 wstawiona nieprawidłowo
13:19:12.617 [main] INFO  sudoku.model.SudokuBoard - Bład w kwadracie 0
sudoku.model.SudokuBoard@3d0d120b[
  size=9
  solver=sudoku.model.BacktrackingSudokuSolver@6b5c134e
  board={{8,7,5,6,4,9,1,2,3},{3,4,2,7,1,5,8,6,9},{9,6,1,8,2,3,4,5,7},{7,9,3,4,6,1,2,8,5},{4,1,6,2,3,8,0,0,0},{0,0,0,0,0,0,0,0,0},{0,0,0,0,0,0,0,0,0},{0,0,0,0,0,0,0,0,0},{0,0,0,0,0,0,0,0,0}}
]
13:19:12.617 [main] INFO  sudoku.model.SudokuBoard - Wartość 0 wstawiona nieprawidłowo
13:19:12.618 [main] INFO  sudoku.model.SudokuBoard - Bład w kwadracie 0
sudoku.model.SudokuBoard@3d0d120b[
  size=9
  solver=sudoku.model.BacktrackingSudokuSolver@6b5c134e
  board={{8,7,5,6,4,9,1,2,3},{3,4,2,7,1,5,8,6,9},{9,6,1,8,2,3,4,5,7},{7,9,3,4,6,1,2,8,5},{4,1,6,2,3,8,9,0,0},{0,0,0,0,0,0,0,0,0},{0,0,0,0,0,0,0,0,0},{0,0,0,0,0,0,0,0,0},{0,0,0,0,0,0,0,0,0}}
]
13:19:12.618 [main] INFO  sudoku.model.SudokuBoard - Wartość 0 wstawiona nieprawidłowo
13:19:12.618 [main] INFO  sudoku.model.SudokuBoard - Bład w kwadracie 0
sudoku.model.SudokuBoard@3d0d120b[
  size=9
  solver=sudoku.model.BacktrackingSudokuSolver@6b5c134e
  board={{8,7,5,6,4,9,1,2,3},{3,4,2,7,1,5,8,6,9},{9,6,1,8,2,3,4,5,7},{7,9,3,4,6,1,2,8,5},{4,1,6,2,3,8,0,0,0},{0,0,0,0,0,0,0,0,0},{0,0,0,0,0,0,0,0,0},{0,0,0,0,0,0,0,0,0},{0,0,0,0,0,0,0,0,0}}
]
13:19:12.618 [main] INFO  sudoku.model.SudokuBoard - Wartość 0 wstawiona nieprawidłowo
13:19:12.618 [main] INFO  sudoku.model.SudokuBoard - Bład w kwadracie 0
sudoku.model.SudokuBoard@3d0d120b[
  size=9
  solver=sudoku.model.BacktrackingSudokuSolver@6b5c134e
  board={{8,7,5,6,4,9,1,2,3},{3,4,2,7,1,5,8,6,9},{9,6,1,8,2,3,4,5,7},{7,9,3,4,6,1,2,8,5},{4,1,6,2,3,0,0,0,0},{0,0,0,0,0,0,0,0,0},{0,0,0,0,0,0,0,0,0},{0,0,0,0,0,0,0,0,0},{0,0,0,0,0,0,0,0,0}}
]
13:19:12.618 [main] INFO  sudoku.model.SudokuBoard - Wartość 0 wstawiona nieprawidłowo
13:19:12.618 [main] INFO  sudoku.model.SudokuBoard - Bład w kwadracie 0
sudoku.model.SudokuBoard@3d0d120b[
  size=9
  solver=sudoku.model.BacktrackingSudokuSolver@6b5c134e
  board={{8,7,5,6,4,9,1,2,3},{3,4,2,7,1,5,8,6,9},{9,6,1,8,2,3,4,5,7},{7,9,3,4,6,1,2,8,5},{4,1,6,2,0,0,0,0,0},{0,0,0,0,0,0,0,0,0},{0,0,0,0,0,0,0,0,0},{0,0,0,0,0,0,0,0,0},{0,0,0,0,0,0,0,0,0}}
]
13:19:12.618 [main] INFO  sudoku.model.SudokuBoard - Wartość 0 wstawiona nieprawidłowo
13:19:12.618 [main] INFO  sudoku.model.SudokuBoard - Bład w kwadracie 0
sudoku.model.SudokuBoard@3d0d120b[
  size=9
  solver=sudoku.model.BacktrackingSudokuSolver@6b5c134e
  board={{8,7,5,6,4,9,1,2,3},{3,4,2,7,1,5,8,6,9},{9,6,1,8,2,3,4,5,7},{7,9,3,4,6,1,2,8,5},{4,1,6,2,5,8,7,0,0},{0,0,0,0,0,0,0,0,0},{0,0,0,0,0,0,0,0,0},{0,0,0,0,0,0,0,0,0},{0,0,0,0,0,0,0,0,0}}
]
13:19:12.618 [main] INFO  sudoku.model.SudokuBoard - Wartość 0 wstawiona nieprawidłowo
13:19:12.618 [main] INFO  sudoku.model.SudokuBoard - Bład w kwadracie 0
sudoku.model.SudokuBoard@3d0d120b[
  size=9
  solver=sudoku.model.BacktrackingSudokuSolver@6b5c134e
  board={{8,7,5,6,4,9,1,2,3},{3,4,2,7,1,5,8,6,9},{9,6,1,8,2,3,4,5,7},{7,9,3,4,6,1,2,8,5},{4,1,6,2,5,8,7,0,0},{0,0,0,0,0,0,0,0,0},{0,0,0,0,0,0,0,0,0},{0,0,0,0,0,0,0,0,0},{0,0,0,0,0,0,0,0,0}}
]
13:19:12.618 [main] INFO  sudoku.model.SudokuBoard - Wartość 0 wstawiona nieprawidłowo
13:19:12.619 [main] INFO  sudoku.model.SudokuBoard - Bład w kwadracie 0
sudoku.model.SudokuBoard@3d0d120b[
  size=9
  solver=sudoku.model.BacktrackingSudokuSolver@6b5c134e
  board={{8,7,5,6,4,9,1,2,3},{3,4,2,7,1,5,8,6,9},{9,6,1,8,2,3,4,5,7},{7,9,3,4,6,1,2,8,5},{4,1,6,2,5,8,0,0,0},{0,0,0,0,0,0,0,0,0},{0,0,0,0,0,0,0,0,0},{0,0,0,0,0,0,0,0,0},{0,0,0,0,0,0,0,0,0}}
]
13:19:12.619 [main] INFO  sudoku.model.SudokuBoard - Wartość 0 wstawiona nieprawidłowo
13:19:12.619 [main] INFO  sudoku.model.SudokuBoard - Bład w kwadracie 0
sudoku.model.SudokuBoard@3d0d120b[
  size=9
  solver=sudoku.model.BacktrackingSudokuSolver@6b5c134e
  board={{8,7,5,6,4,9,1,2,3},{3,4,2,7,1,5,8,6,9},{9,6,1,8,2,3,4,5,7},{7,9,3,4,6,1,2,8,5},{4,1,6,2,5,8,9,0,0},{0,0,0,0,0,0,0,0,0},{0,0,0,0,0,0,0,0,0},{0,0,0,0,0,0,0,0,0},{0,0,0,0,0,0,0,0,0}}
]
13:19:12.619 [main] INFO  sudoku.model.SudokuBoard - Wartość 0 wstawiona nieprawidłowo
13:19:12.619 [main] INFO  sudoku.model.SudokuBoard - Bład w kwadracie 0
sudoku.model.SudokuBoard@3d0d120b[
  size=9
  solver=sudoku.model.BacktrackingSudokuSolver@6b5c134e
  board={{8,7,5,6,4,9,1,2,3},{3,4,2,7,1,5,8,6,9},{9,6,1,8,2,3,4,5,7},{7,9,3,4,6,1,2,8,5},{4,1,6,2,5,8,9,0,0},{0,0,0,0,0,0,0,0,0},{0,0,0,0,0,0,0,0,0},{0,0,0,0,0,0,0,0,0},{0,0,0,0,0,0,0,0,0}}
]
13:19:12.619 [main] INFO  sudoku.model.SudokuBoard - Wartość 0 wstawiona nieprawidłowo
13:19:12.619 [main] INFO  sudoku.model.SudokuBoard - Bład w kwadracie 0
sudoku.model.SudokuBoard@3d0d120b[
  size=9
  solver=sudoku.model.BacktrackingSudokuSolver@6b5c134e
  board={{8,7,5,6,4,9,1,2,3},{3,4,2,7,1,5,8,6,9},{9,6,1,8,2,3,4,5,7},{7,9,3,4,6,1,2,8,5},{4,1,6,2,5,8,0,0,0},{0,0,0,0,0,0,0,0,0},{0,0,0,0,0,0,0,0,0},{0,0,0,0,0,0,0,0,0},{0,0,0,0,0,0,0,0,0}}
]
13:19:12.619 [main] INFO  sudoku.model.SudokuBoard - Wartość 0 wstawiona nieprawidłowo
13:19:12.620 [main] INFO  sudoku.model.SudokuBoard - Bład w kwadracie 0
sudoku.model.SudokuBoard@3d0d120b[
  size=9
  solver=sudoku.model.BacktrackingSudokuSolver@6b5c134e
  board={{8,7,5,6,4,9,1,2,3},{3,4,2,7,1,5,8,6,9},{9,6,1,8,2,3,4,5,7},{7,9,3,4,6,1,2,8,5},{4,1,6,2,5,8,3,0,0},{0,0,0,0,0,0,0,0,0},{0,0,0,0,0,0,0,0,0},{0,0,0,0,0,0,0,0,0},{0,0,0,0,0,0,0,0,0}}
]
13:19:12.620 [main] INFO  sudoku.model.SudokuBoard - Wartość 0 wstawiona nieprawidłowo
13:19:12.620 [main] INFO  sudoku.model.SudokuBoard - Bład w kwadracie 0
sudoku.model.SudokuBoard@3d0d120b[
  size=9
  solver=sudoku.model.BacktrackingSudokuSolver@6b5c134e
  board={{8,7,5,6,4,9,1,2,3},{3,4,2,7,1,5,8,6,9},{9,6,1,8,2,3,4,5,7},{7,9,3,4,6,1,2,8,5},{4,1,6,2,5,8,3,0,0},{0,0,0,0,0,0,0,0,0},{0,0,0,0,0,0,0,0,0},{0,0,0,0,0,0,0,0,0},{0,0,0,0,0,0,0,0,0}}
]
13:19:12.620 [main] INFO  sudoku.model.SudokuBoard - Wartość 0 wstawiona nieprawidłowo
13:19:12.621 [main] INFO  sudoku.model.SudokuBoard - Bład w kwadracie 0
sudoku.model.SudokuBoard@3d0d120b[
  size=9
  solver=sudoku.model.BacktrackingSudokuSolver@6b5c134e
  board={{8,7,5,6,4,9,1,2,3},{3,4,2,7,1,5,8,6,9},{9,6,1,8,2,3,4,5,7},{7,9,3,4,6,1,2,8,5},{4,1,6,2,5,8,0,0,0},{0,0,0,0,0,0,0,0,0},{0,0,0,0,0,0,0,0,0},{0,0,0,0,0,0,0,0,0},{0,0,0,0,0,0,0,0,0}}
]
13:19:12.621 [main] INFO  sudoku.model.SudokuBoard - Wartość 0 wstawiona nieprawidłowo
13:19:12.621 [main] INFO  sudoku.model.SudokuBoard - Bład w kwadracie 0
sudoku.model.SudokuBoard@3d0d120b[
  size=9
  solver=sudoku.model.BacktrackingSudokuSolver@6b5c134e
  board={{8,7,5,6,4,9,1,2,3},{3,4,2,7,1,5,8,6,9},{9,6,1,8,2,3,4,5,7},{7,9,3,4,6,1,2,8,5},{4,1,6,2,5,0,0,0,0},{0,0,0,0,0,0,0,0,0},{0,0,0,0,0,0,0,0,0},{0,0,0,0,0,0,0,0,0},{0,0,0,0,0,0,0,0,0}}
]
13:19:12.621 [main] INFO  sudoku.model.SudokuBoard - Wartość 0 wstawiona nieprawidłowo
13:19:12.621 [main] INFO  sudoku.model.SudokuBoard - Bład w kwadracie 0
sudoku.model.SudokuBoard@3d0d120b[
  size=9
  solver=sudoku.model.BacktrackingSudokuSolver@6b5c134e
  board={{8,7,5,6,4,9,1,2,3},{3,4,2,7,1,5,8,6,9},{9,6,1,8,2,3,4,5,7},{7,9,3,4,6,1,2,8,5},{4,1,6,2,5,7,9,0,0},{0,0,0,0,0,0,0,0,0},{0,0,0,0,0,0,0,0,0},{0,0,0,0,0,0,0,0,0},{0,0,0,0,0,0,0,0,0}}
]
13:19:12.621 [main] INFO  sudoku.model.SudokuBoard - Wartość 0 wstawiona nieprawidłowo
13:19:12.621 [main] INFO  sudoku.model.SudokuBoard - Bład w kwadracie 0
sudoku.model.SudokuBoard@3d0d120b[
  size=9
  solver=sudoku.model.BacktrackingSudokuSolver@6b5c134e
  board={{8,7,5,6,4,9,1,2,3},{3,4,2,7,1,5,8,6,9},{9,6,1,8,2,3,4,5,7},{7,9,3,4,6,1,2,8,5},{4,1,6,2,5,7,0,0,0},{0,0,0,0,0,0,0,0,0},{0,0,0,0,0,0,0,0,0},{0,0,0,0,0,0,0,0,0},{0,0,0,0,0,0,0,0,0}}
]
13:19:12.621 [main] INFO  sudoku.model.SudokuBoard - Wartość 0 wstawiona nieprawidłowo
13:19:12.621 [main] INFO  sudoku.model.SudokuBoard - Bład w kwadracie 0
sudoku.model.SudokuBoard@3d0d120b[
  size=9
  solver=sudoku.model.BacktrackingSudokuSolver@6b5c134e
  board={{8,7,5,6,4,9,1,2,3},{3,4,2,7,1,5,8,6,9},{9,6,1,8,2,3,4,5,7},{7,9,3,4,6,1,2,8,5},{4,1,6,2,5,7,3,0,0},{0,0,0,0,0,0,0,0,0},{0,0,0,0,0,0,0,0,0},{0,0,0,0,0,0,0,0,0},{0,0,0,0,0,0,0,0,0}}
]
13:19:12.621 [main] INFO  sudoku.model.SudokuBoard - Wartość 0 wstawiona nieprawidłowo
13:19:12.621 [main] INFO  sudoku.model.SudokuBoard - Bład w kwadracie 0
sudoku.model.SudokuBoard@3d0d120b[
  size=9
  solver=sudoku.model.BacktrackingSudokuSolver@6b5c134e
  board={{8,7,5,6,4,9,1,2,3},{3,4,2,7,1,5,8,6,9},{9,6,1,8,2,3,4,5,7},{7,9,3,4,6,1,2,8,5},{4,1,6,2,5,7,0,0,0},{0,0,0,0,0,0,0,0,0},{0,0,0,0,0,0,0,0,0},{0,0,0,0,0,0,0,0,0},{0,0,0,0,0,0,0,0,0}}
]
13:19:12.621 [main] INFO  sudoku.model.SudokuBoard - Wartość 0 wstawiona nieprawidłowo
13:19:12.622 [main] INFO  sudoku.model.SudokuBoard - Bład w kwadracie 0
sudoku.model.SudokuBoard@3d0d120b[
  size=9
  solver=sudoku.model.BacktrackingSudokuSolver@6b5c134e
  board={{8,7,5,6,4,9,1,2,3},{3,4,2,7,1,5,8,6,9},{9,6,1,8,2,3,4,5,7},{7,9,3,4,6,1,2,8,5},{4,1,6,2,5,0,0,0,0},{0,0,0,0,0,0,0,0,0},{0,0,0,0,0,0,0,0,0},{0,0,0,0,0,0,0,0,0},{0,0,0,0,0,0,0,0,0}}
]
13:19:12.622 [main] INFO  sudoku.model.SudokuBoard - Wartość 0 wstawiona nieprawidłowo
13:19:12.622 [main] INFO  sudoku.model.SudokuBoard - Bład w kwadracie 0
sudoku.model.SudokuBoard@3d0d120b[
  size=9
  solver=sudoku.model.BacktrackingSudokuSolver@6b5c134e
  board={{8,7,5,6,4,9,1,2,3},{3,4,2,7,1,5,8,6,9},{9,6,1,8,2,3,4,5,7},{7,9,3,4,6,1,2,8,5},{4,1,6,2,0,0,0,0,0},{0,0,0,0,0,0,0,0,0},{0,0,0,0,0,0,0,0,0},{0,0,0,0,0,0,0,0,0},{0,0,0,0,0,0,0,0,0}}
]
13:19:12.622 [main] INFO  sudoku.model.SudokuBoard - Wartość 0 wstawiona nieprawidłowo
13:19:12.622 [main] INFO  sudoku.model.SudokuBoard - Bład w kwadracie 0
sudoku.model.SudokuBoard@3d0d120b[
  size=9
  solver=sudoku.model.BacktrackingSudokuSolver@6b5c134e
  board={{8,7,5,6,4,9,1,2,3},{3,4,2,7,1,5,8,6,9},{9,6,1,8,2,3,4,5,7},{7,9,3,4,6,1,2,8,5},{4,1,6,2,7,8,3,0,0},{0,0,0,0,0,0,0,0,0},{0,0,0,0,0,0,0,0,0},{0,0,0,0,0,0,0,0,0},{0,0,0,0,0,0,0,0,0}}
]
13:19:12.622 [main] INFO  sudoku.model.SudokuBoard - Wartość 0 wstawiona nieprawidłowo
13:19:12.622 [main] INFO  sudoku.model.SudokuBoard - Bład w kwadracie 0
sudoku.model.SudokuBoard@3d0d120b[
  size=9
  solver=sudoku.model.BacktrackingSudokuSolver@6b5c134e
  board={{8,7,5,6,4,9,1,2,3},{3,4,2,7,1,5,8,6,9},{9,6,1,8,2,3,4,5,7},{7,9,3,4,6,1,2,8,5},{4,1,6,2,7,8,0,0,0},{0,0,0,0,0,0,0,0,0},{0,0,0,0,0,0,0,0,0},{0,0,0,0,0,0,0,0,0},{0,0,0,0,0,0,0,0,0}}
]
13:19:12.622 [main] INFO  sudoku.model.SudokuBoard - Wartość 0 wstawiona nieprawidłowo
13:19:12.622 [main] INFO  sudoku.model.SudokuBoard - Bład w kwadracie 0
sudoku.model.SudokuBoard@3d0d120b[
  size=9
  solver=sudoku.model.BacktrackingSudokuSolver@6b5c134e
  board={{8,7,5,6,4,9,1,2,3},{3,4,2,7,1,5,8,6,9},{9,6,1,8,2,3,4,5,7},{7,9,3,4,6,1,2,8,5},{4,1,6,2,7,8,9,0,0},{0,0,0,0,0,0,0,0,0},{0,0,0,0,0,0,0,0,0},{0,0,0,0,0,0,0,0,0},{0,0,0,0,0,0,0,0,0}}
]
13:19:12.622 [main] INFO  sudoku.model.SudokuBoard - Wartość 0 wstawiona nieprawidłowo
13:19:12.622 [main] INFO  sudoku.model.SudokuBoard - Bład w kwadracie 0
sudoku.model.SudokuBoard@3d0d120b[
  size=9
  solver=sudoku.model.BacktrackingSudokuSolver@6b5c134e
  board={{8,7,5,6,4,9,1,2,3},{3,4,2,7,1,5,8,6,9},{9,6,1,8,2,3,4,5,7},{7,9,3,4,6,1,2,8,5},{4,1,6,2,7,8,0,0,0},{0,0,0,0,0,0,0,0,0},{0,0,0,0,0,0,0,0,0},{0,0,0,0,0,0,0,0,0},{0,0,0,0,0,0,0,0,0}}
]
13:19:12.622 [main] INFO  sudoku.model.SudokuBoard - Wartość 0 wstawiona nieprawidłowo
13:19:12.622 [main] INFO  sudoku.model.SudokuBoard - Bład w kwadracie 0
sudoku.model.SudokuBoard@3d0d120b[
  size=9
  solver=sudoku.model.BacktrackingSudokuSolver@6b5c134e
  board={{8,7,5,6,4,9,1,2,3},{3,4,2,7,1,5,8,6,9},{9,6,1,8,2,3,4,5,7},{7,9,3,4,6,1,2,8,5},{4,1,6,2,7,0,0,0,0},{0,0,0,0,0,0,0,0,0},{0,0,0,0,0,0,0,0,0},{0,0,0,0,0,0,0,0,0},{0,0,0,0,0,0,0,0,0}}
]
13:19:12.622 [main] INFO  sudoku.model.SudokuBoard - Wartość 0 wstawiona nieprawidłowo
13:19:12.623 [main] INFO  sudoku.model.SudokuBoard - Bład w kwadracie 0
sudoku.model.SudokuBoard@3d0d120b[
  size=9
  solver=sudoku.model.BacktrackingSudokuSolver@6b5c134e
  board={{8,7,5,6,4,9,1,2,3},{3,4,2,7,1,5,8,6,9},{9,6,1,8,2,3,4,5,7},{7,9,3,4,6,1,2,8,5},{4,1,6,2,0,0,0,0,0},{0,0,0,0,0,0,0,0,0},{0,0,0,0,0,0,0,0,0},{0,0,0,0,0,0,0,0,0},{0,0,0,0,0,0,0,0,0}}
]
13:19:12.623 [main] INFO  sudoku.model.SudokuBoard - Wartość 0 wstawiona nieprawidłowo
13:19:12.623 [main] INFO  sudoku.model.SudokuBoard - Bład w kwadracie 0
sudoku.model.SudokuBoard@3d0d120b[
  size=9
  solver=sudoku.model.BacktrackingSudokuSolver@6b5c134e
  board={{8,7,5,6,4,9,1,2,3},{3,4,2,7,1,5,8,6,9},{9,6,1,8,2,3,4,5,7},{7,9,3,4,6,1,2,8,5},{4,1,6,2,8,7,3,0,0},{0,0,0,0,0,0,0,0,0},{0,0,0,0,0,0,0,0,0},{0,0,0,0,0,0,0,0,0},{0,0,0,0,0,0,0,0,0}}
]
13:19:12.623 [main] INFO  sudoku.model.SudokuBoard - Wartość 0 wstawiona nieprawidłowo
13:19:12.623 [main] INFO  sudoku.model.SudokuBoard - Bład w kwadracie 0
sudoku.model.SudokuBoard@3d0d120b[
  size=9
  solver=sudoku.model.BacktrackingSudokuSolver@6b5c134e
  board={{8,7,5,6,4,9,1,2,3},{3,4,2,7,1,5,8,6,9},{9,6,1,8,2,3,4,5,7},{7,9,3,4,6,1,2,8,5},{4,1,6,2,8,7,0,0,0},{0,0,0,0,0,0,0,0,0},{0,0,0,0,0,0,0,0,0},{0,0,0,0,0,0,0,0,0},{0,0,0,0,0,0,0,0,0}}
]
13:19:12.623 [main] INFO  sudoku.model.SudokuBoard - Wartość 0 wstawiona nieprawidłowo
13:19:12.623 [main] INFO  sudoku.model.SudokuBoard - Bład w kwadracie 0
sudoku.model.SudokuBoard@3d0d120b[
  size=9
  solver=sudoku.model.BacktrackingSudokuSolver@6b5c134e
  board={{8,7,5,6,4,9,1,2,3},{3,4,2,7,1,5,8,6,9},{9,6,1,8,2,3,4,5,7},{7,9,3,4,6,1,2,8,5},{4,1,6,2,8,7,9,0,0},{0,0,0,0,0,0,0,0,0},{0,0,0,0,0,0,0,0,0},{0,0,0,0,0,0,0,0,0},{0,0,0,0,0,0,0,0,0}}
]
13:19:12.623 [main] INFO  sudoku.model.SudokuBoard - Wartość 0 wstawiona nieprawidłowo
13:19:12.623 [main] INFO  sudoku.model.SudokuBoard - Bład w kwadracie 0
sudoku.model.SudokuBoard@3d0d120b[
  size=9
  solver=sudoku.model.BacktrackingSudokuSolver@6b5c134e
  board={{8,7,5,6,4,9,1,2,3},{3,4,2,7,1,5,8,6,9},{9,6,1,8,2,3,4,5,7},{7,9,3,4,6,1,2,8,5},{4,1,6,2,8,7,0,0,0},{0,0,0,0,0,0,0,0,0},{0,0,0,0,0,0,0,0,0},{0,0,0,0,0,0,0,0,0},{0,0,0,0,0,0,0,0,0}}
]
13:19:12.623 [main] INFO  sudoku.model.SudokuBoard - Wartość 0 wstawiona nieprawidłowo
13:19:12.624 [main] INFO  sudoku.model.SudokuBoard - Bład w kwadracie 0
sudoku.model.SudokuBoard@3d0d120b[
  size=9
  solver=sudoku.model.BacktrackingSudokuSolver@6b5c134e
  board={{8,7,5,6,4,9,1,2,3},{3,4,2,7,1,5,8,6,9},{9,6,1,8,2,3,4,5,7},{7,9,3,4,6,1,2,8,5},{4,1,6,2,8,0,0,0,0},{0,0,0,0,0,0,0,0,0},{0,0,0,0,0,0,0,0,0},{0,0,0,0,0,0,0,0,0},{0,0,0,0,0,0,0,0,0}}
]
13:19:12.624 [main] INFO  sudoku.model.SudokuBoard - Wartość 0 wstawiona nieprawidłowo
13:19:12.624 [main] INFO  sudoku.model.SudokuBoard - Bład w kwadracie 0
sudoku.model.SudokuBoard@3d0d120b[
  size=9
  solver=sudoku.model.BacktrackingSudokuSolver@6b5c134e
  board={{8,7,5,6,4,9,1,2,3},{3,4,2,7,1,5,8,6,9},{9,6,1,8,2,3,4,5,7},{7,9,3,4,6,1,2,8,5},{4,1,6,2,0,0,0,0,0},{0,0,0,0,0,0,0,0,0},{0,0,0,0,0,0,0,0,0},{0,0,0,0,0,0,0,0,0},{0,0,0,0,0,0,0,0,0}}
]
13:19:12.624 [main] INFO  sudoku.model.SudokuBoard - Wartość 0 wstawiona nieprawidłowo
13:19:12.624 [main] INFO  sudoku.model.SudokuBoard - Bład w kwadracie 0
sudoku.model.SudokuBoard@3d0d120b[
  size=9
  solver=sudoku.model.BacktrackingSudokuSolver@6b5c134e
  board={{8,7,5,6,4,9,1,2,3},{3,4,2,7,1,5,8,6,9},{9,6,1,8,2,3,4,5,7},{7,9,3,4,6,1,2,8,5},{4,1,6,0,0,0,0,0,0},{0,0,0,0,0,0,0,0,0},{0,0,0,0,0,0,0,0,0},{0,0,0,0,0,0,0,0,0},{0,0,0,0,0,0,0,0,0}}
]
13:19:12.625 [main] INFO  sudoku.model.SudokuBoard - Wartość 0 wstawiona nieprawidłowo
13:19:12.626 [main] INFO  sudoku.model.SudokuBoard - Bład w kwadracie 0
sudoku.model.SudokuBoard@3d0d120b[
  size=9
  solver=sudoku.model.BacktrackingSudokuSolver@6b5c134e
  board={{8,7,5,6,4,9,1,2,3},{3,4,2,7,1,5,8,6,9},{9,6,1,8,2,3,4,5,7},{7,9,3,4,6,1,2,8,5},{4,1,6,3,7,8,0,0,0},{0,0,0,0,0,0,0,0,0},{0,0,0,0,0,0,0,0,0},{0,0,0,0,0,0,0,0,0},{0,0,0,0,0,0,0,0,0}}
]
13:19:12.626 [main] INFO  sudoku.model.SudokuBoard - Wartość 0 wstawiona nieprawidłowo
13:19:12.626 [main] INFO  sudoku.model.SudokuBoard - Bład w kwadracie 0
sudoku.model.SudokuBoard@3d0d120b[
  size=9
  solver=sudoku.model.BacktrackingSudokuSolver@6b5c134e
  board={{8,7,5,6,4,9,1,2,3},{3,4,2,7,1,5,8,6,9},{9,6,1,8,2,3,4,5,7},{7,9,3,4,6,1,2,8,5},{4,1,6,3,7,0,0,0,0},{0,0,0,0,0,0,0,0,0},{0,0,0,0,0,0,0,0,0},{0,0,0,0,0,0,0,0,0},{0,0,0,0,0,0,0,0,0}}
]
13:19:12.626 [main] INFO  sudoku.model.SudokuBoard - Wartość 0 wstawiona nieprawidłowo
13:19:12.626 [main] INFO  sudoku.model.SudokuBoard - Bład w kwadracie 0
sudoku.model.SudokuBoard@3d0d120b[
  size=9
  solver=sudoku.model.BacktrackingSudokuSolver@6b5c134e
  board={{8,7,5,6,4,9,1,2,3},{3,4,2,7,1,5,8,6,9},{9,6,1,8,2,3,4,5,7},{7,9,3,4,6,1,2,8,5},{4,1,6,3,7,2,0,0,0},{0,0,0,0,0,0,0,0,0},{0,0,0,0,0,0,0,0,0},{0,0,0,0,0,0,0,0,0},{0,0,0,0,0,0,0,0,0}}
]
13:19:12.626 [main] INFO  sudoku.model.SudokuBoard - Wartość 0 wstawiona nieprawidłowo
13:19:12.626 [main] INFO  sudoku.model.SudokuBoard - Bład w kwadracie 0
sudoku.model.SudokuBoard@3d0d120b[
  size=9
  solver=sudoku.model.BacktrackingSudokuSolver@6b5c134e
  board={{8,7,5,6,4,9,1,2,3},{3,4,2,7,1,5,8,6,9},{9,6,1,8,2,3,4,5,7},{7,9,3,4,6,1,2,8,5},{4,1,6,3,7,0,0,0,0},{0,0,0,0,0,0,0,0,0},{0,0,0,0,0,0,0,0,0},{0,0,0,0,0,0,0,0,0},{0,0,0,0,0,0,0,0,0}}
]
13:19:12.627 [main] INFO  sudoku.model.SudokuBoard - Wartość 0 wstawiona nieprawidłowo
13:19:12.627 [main] INFO  sudoku.model.SudokuBoard - Bład w kwadracie 0
sudoku.model.SudokuBoard@3d0d120b[
  size=9
  solver=sudoku.model.BacktrackingSudokuSolver@6b5c134e
  board={{8,7,5,6,4,9,1,2,3},{3,4,2,7,1,5,8,6,9},{9,6,1,8,2,3,4,5,7},{7,9,3,4,6,1,2,8,5},{4,1,6,3,0,0,0,0,0},{0,0,0,0,0,0,0,0,0},{0,0,0,0,0,0,0,0,0},{0,0,0,0,0,0,0,0,0},{0,0,0,0,0,0,0,0,0}}
]
13:19:12.627 [main] INFO  sudoku.model.SudokuBoard - Wartość 0 wstawiona nieprawidłowo
13:19:12.627 [main] INFO  sudoku.model.SudokuBoard - Bład w kwadracie 0
sudoku.model.SudokuBoard@3d0d120b[
  size=9
  solver=sudoku.model.BacktrackingSudokuSolver@6b5c134e
  board={{8,7,5,6,4,9,1,2,3},{3,4,2,7,1,5,8,6,9},{9,6,1,8,2,3,4,5,7},{7,9,3,4,6,1,2,8,5},{4,1,6,3,8,7,0,0,0},{0,0,0,0,0,0,0,0,0},{0,0,0,0,0,0,0,0,0},{0,0,0,0,0,0,0,0,0},{0,0,0,0,0,0,0,0,0}}
]
13:19:12.627 [main] INFO  sudoku.model.SudokuBoard - Wartość 0 wstawiona nieprawidłowo
13:19:12.627 [main] INFO  sudoku.model.SudokuBoard - Bład w kwadracie 0
sudoku.model.SudokuBoard@3d0d120b[
  size=9
  solver=sudoku.model.BacktrackingSudokuSolver@6b5c134e
  board={{8,7,5,6,4,9,1,2,3},{3,4,2,7,1,5,8,6,9},{9,6,1,8,2,3,4,5,7},{7,9,3,4,6,1,2,8,5},{4,1,6,3,8,0,0,0,0},{0,0,0,0,0,0,0,0,0},{0,0,0,0,0,0,0,0,0},{0,0,0,0,0,0,0,0,0},{0,0,0,0,0,0,0,0,0}}
]
13:19:12.627 [main] INFO  sudoku.model.SudokuBoard - Wartość 0 wstawiona nieprawidłowo
13:19:12.627 [main] INFO  sudoku.model.SudokuBoard - Bład w kwadracie 0
sudoku.model.SudokuBoard@3d0d120b[
  size=9
  solver=sudoku.model.BacktrackingSudokuSolver@6b5c134e
  board={{8,7,5,6,4,9,1,2,3},{3,4,2,7,1,5,8,6,9},{9,6,1,8,2,3,4,5,7},{7,9,3,4,6,1,2,8,5},{4,1,6,3,8,2,9,0,0},{0,0,0,0,0,0,0,0,0},{0,0,0,0,0,0,0,0,0},{0,0,0,0,0,0,0,0,0},{0,0,0,0,0,0,0,0,0}}
]
13:19:12.627 [main] INFO  sudoku.model.SudokuBoard - Wartość 0 wstawiona nieprawidłowo
13:19:12.627 [main] INFO  sudoku.model.SudokuBoard - Bład w kwadracie 0
sudoku.model.SudokuBoard@3d0d120b[
  size=9
  solver=sudoku.model.BacktrackingSudokuSolver@6b5c134e
  board={{8,7,5,6,4,9,1,2,3},{3,4,2,7,1,5,8,6,9},{9,6,1,8,2,3,4,5,7},{7,9,3,4,6,1,2,8,5},{4,1,6,3,8,2,0,0,0},{0,0,0,0,0,0,0,0,0},{0,0,0,0,0,0,0,0,0},{0,0,0,0,0,0,0,0,0},{0,0,0,0,0,0,0,0,0}}
]
13:19:12.627 [main] INFO  sudoku.model.SudokuBoard - Wartość 0 wstawiona nieprawidłowo
13:19:12.628 [main] INFO  sudoku.model.SudokuBoard - Bład w kwadracie 0
sudoku.model.SudokuBoard@3d0d120b[
  size=9
  solver=sudoku.model.BacktrackingSudokuSolver@6b5c134e
  board={{8,7,5,6,4,9,1,2,3},{3,4,2,7,1,5,8,6,9},{9,6,1,8,2,3,4,5,7},{7,9,3,4,6,1,2,8,5},{4,1,6,3,8,2,7,0,0},{0,0,0,0,0,0,0,0,0},{0,0,0,0,0,0,0,0,0},{0,0,0,0,0,0,0,0,0},{0,0,0,0,0,0,0,0,0}}
]
13:19:12.629 [main] INFO  sudoku.model.SudokuBoard - Wartość 0 wstawiona nieprawidłowo
13:19:12.629 [main] INFO  sudoku.model.SudokuBoard - Bład w kwadracie 0
sudoku.model.SudokuBoard@3d0d120b[
  size=9
  solver=sudoku.model.BacktrackingSudokuSolver@6b5c134e
  board={{8,7,5,6,4,9,1,2,3},{3,4,2,7,1,5,8,6,9},{9,6,1,8,2,3,4,5,7},{7,9,3,4,6,1,2,8,5},{4,1,6,3,8,2,0,0,0},{0,0,0,0,0,0,0,0,0},{0,0,0,0,0,0,0,0,0},{0,0,0,0,0,0,0,0,0},{0,0,0,0,0,0,0,0,0}}
]
13:19:12.629 [main] INFO  sudoku.model.SudokuBoard - Wartość 0 wstawiona nieprawidłowo
13:19:12.629 [main] INFO  sudoku.model.SudokuBoard - Bład w kwadracie 0
sudoku.model.SudokuBoard@3d0d120b[
  size=9
  solver=sudoku.model.BacktrackingSudokuSolver@6b5c134e
  board={{8,7,5,6,4,9,1,2,3},{3,4,2,7,1,5,8,6,9},{9,6,1,8,2,3,4,5,7},{7,9,3,4,6,1,2,8,5},{4,1,6,3,8,0,0,0,0},{0,0,0,0,0,0,0,0,0},{0,0,0,0,0,0,0,0,0},{0,0,0,0,0,0,0,0,0},{0,0,0,0,0,0,0,0,0}}
]
13:19:12.629 [main] INFO  sudoku.model.SudokuBoard - Wartość 0 wstawiona nieprawidłowo
13:19:12.630 [main] INFO  sudoku.model.SudokuBoard - Bład w kwadracie 0
sudoku.model.SudokuBoard@3d0d120b[
  size=9
  solver=sudoku.model.BacktrackingSudokuSolver@6b5c134e
  board={{8,7,5,6,4,9,1,2,3},{3,4,2,7,1,5,8,6,9},{9,6,1,8,2,3,4,5,7},{7,9,3,4,6,1,2,8,5},{4,1,6,3,0,0,0,0,0},{0,0,0,0,0,0,0,0,0},{0,0,0,0,0,0,0,0,0},{0,0,0,0,0,0,0,0,0},{0,0,0,0,0,0,0,0,0}}
]
13:19:12.630 [main] INFO  sudoku.model.SudokuBoard - Wartość 0 wstawiona nieprawidłowo
13:19:12.630 [main] INFO  sudoku.model.SudokuBoard - Bład w kwadracie 0
sudoku.model.SudokuBoard@3d0d120b[
  size=9
  solver=sudoku.model.BacktrackingSudokuSolver@6b5c134e
  board={{8,7,5,6,4,9,1,2,3},{3,4,2,7,1,5,8,6,9},{9,6,1,8,2,3,4,5,7},{7,9,3,4,6,1,2,8,5},{4,1,6,3,9,8,0,0,0},{0,0,0,0,0,0,0,0,0},{0,0,0,0,0,0,0,0,0},{0,0,0,0,0,0,0,0,0},{0,0,0,0,0,0,0,0,0}}
]
13:19:12.630 [main] INFO  sudoku.model.SudokuBoard - Wartość 0 wstawiona nieprawidłowo
13:19:12.630 [main] INFO  sudoku.model.SudokuBoard - Bład w kwadracie 0
sudoku.model.SudokuBoard@3d0d120b[
  size=9
  solver=sudoku.model.BacktrackingSudokuSolver@6b5c134e
  board={{8,7,5,6,4,9,1,2,3},{3,4,2,7,1,5,8,6,9},{9,6,1,8,2,3,4,5,7},{7,9,3,4,6,1,2,8,5},{4,1,6,3,9,0,0,0,0},{0,0,0,0,0,0,0,0,0},{0,0,0,0,0,0,0,0,0},{0,0,0,0,0,0,0,0,0},{0,0,0,0,0,0,0,0,0}}
]
13:19:12.630 [main] INFO  sudoku.model.SudokuBoard - Wartość 0 wstawiona nieprawidłowo
13:19:12.630 [main] INFO  sudoku.model.SudokuBoard - Bład w kwadracie 0
sudoku.model.SudokuBoard@3d0d120b[
  size=9
  solver=sudoku.model.BacktrackingSudokuSolver@6b5c134e
  board={{8,7,5,6,4,9,1,2,3},{3,4,2,7,1,5,8,6,9},{9,6,1,8,2,3,4,5,7},{7,9,3,4,6,1,2,8,5},{4,1,6,3,9,2,0,0,0},{0,0,0,0,0,0,0,0,0},{0,0,0,0,0,0,0,0,0},{0,0,0,0,0,0,0,0,0},{0,0,0,0,0,0,0,0,0}}
]
13:19:12.630 [main] INFO  sudoku.model.SudokuBoard - Wartość 0 wstawiona nieprawidłowo
13:19:12.630 [main] INFO  sudoku.model.SudokuBoard - Bład w kwadracie 0
sudoku.model.SudokuBoard@3d0d120b[
  size=9
  solver=sudoku.model.BacktrackingSudokuSolver@6b5c134e
  board={{8,7,5,6,4,9,1,2,3},{3,4,2,7,1,5,8,6,9},{9,6,1,8,2,3,4,5,7},{7,9,3,4,6,1,2,8,5},{4,1,6,3,9,0,0,0,0},{0,0,0,0,0,0,0,0,0},{0,0,0,0,0,0,0,0,0},{0,0,0,0,0,0,0,0,0},{0,0,0,0,0,0,0,0,0}}
]
13:19:12.630 [main] INFO  sudoku.model.SudokuBoard - Wartość 0 wstawiona nieprawidłowo
13:19:12.630 [main] INFO  sudoku.model.SudokuBoard - Bład w kwadracie 0
sudoku.model.SudokuBoard@3d0d120b[
  size=9
  solver=sudoku.model.BacktrackingSudokuSolver@6b5c134e
  board={{8,7,5,6,4,9,1,2,3},{3,4,2,7,1,5,8,6,9},{9,6,1,8,2,3,4,5,7},{7,9,3,4,6,1,2,8,5},{4,1,6,3,9,0,0,0,0},{0,0,0,0,0,0,0,0,0},{0,0,0,0,0,0,0,0,0},{0,0,0,0,0,0,0,0,0},{0,0,0,0,0,0,0,0,0}}
]
13:19:12.630 [main] INFO  sudoku.model.SudokuBoard - Wartość 0 wstawiona nieprawidłowo
13:19:12.631 [main] INFO  sudoku.model.SudokuBoard - Bład w kwadracie 0
sudoku.model.SudokuBoard@3d0d120b[
  size=9
  solver=sudoku.model.BacktrackingSudokuSolver@6b5c134e
  board={{8,7,5,6,4,9,1,2,3},{3,4,2,7,1,5,8,6,9},{9,6,1,8,2,3,4,5,7},{7,9,3,4,6,1,2,8,5},{4,1,6,3,0,0,0,0,0},{0,0,0,0,0,0,0,0,0},{0,0,0,0,0,0,0,0,0},{0,0,0,0,0,0,0,0,0},{0,0,0,0,0,0,0,0,0}}
]
13:19:12.631 [main] INFO  sudoku.model.SudokuBoard - Wartość 0 wstawiona nieprawidłowo
13:19:12.631 [main] INFO  sudoku.model.SudokuBoard - Bład w kwadracie 0
sudoku.model.SudokuBoard@3d0d120b[
  size=9
  solver=sudoku.model.BacktrackingSudokuSolver@6b5c134e
  board={{8,7,5,6,4,9,1,2,3},{3,4,2,7,1,5,8,6,9},{9,6,1,8,2,3,4,5,7},{7,9,3,4,6,1,2,8,5},{4,1,6,3,5,7,0,0,0},{0,0,0,0,0,0,0,0,0},{0,0,0,0,0,0,0,0,0},{0,0,0,0,0,0,0,0,0},{0,0,0,0,0,0,0,0,0}}
]
13:19:12.631 [main] INFO  sudoku.model.SudokuBoard - Wartość 0 wstawiona nieprawidłowo
13:19:12.631 [main] INFO  sudoku.model.SudokuBoard - Bład w kwadracie 0
sudoku.model.SudokuBoard@3d0d120b[
  size=9
  solver=sudoku.model.BacktrackingSudokuSolver@6b5c134e
  board={{8,7,5,6,4,9,1,2,3},{3,4,2,7,1,5,8,6,9},{9,6,1,8,2,3,4,5,7},{7,9,3,4,6,1,2,8,5},{4,1,6,3,5,0,0,0,0},{0,0,0,0,0,0,0,0,0},{0,0,0,0,0,0,0,0,0},{0,0,0,0,0,0,0,0,0},{0,0,0,0,0,0,0,0,0}}
]
13:19:12.631 [main] INFO  sudoku.model.SudokuBoard - Wartość 0 wstawiona nieprawidłowo
13:19:12.631 [main] INFO  sudoku.model.SudokuBoard - Bład w kwadracie 0
sudoku.model.SudokuBoard@3d0d120b[
  size=9
  solver=sudoku.model.BacktrackingSudokuSolver@6b5c134e
  board={{8,7,5,6,4,9,1,2,3},{3,4,2,7,1,5,8,6,9},{9,6,1,8,2,3,4,5,7},{7,9,3,4,6,1,2,8,5},{4,1,6,3,5,8,7,0,0},{0,0,0,0,0,0,0,0,0},{0,0,0,0,0,0,0,0,0},{0,0,0,0,0,0,0,0,0},{0,0,0,0,0,0,0,0,0}}
]
13:19:12.631 [main] INFO  sudoku.model.SudokuBoard - Wartość 0 wstawiona nieprawidłowo
13:19:12.631 [main] INFO  sudoku.model.SudokuBoard - Bład w kwadracie 0
sudoku.model.SudokuBoard@3d0d120b[
  size=9
  solver=sudoku.model.BacktrackingSudokuSolver@6b5c134e
  board={{8,7,5,6,4,9,1,2,3},{3,4,2,7,1,5,8,6,9},{9,6,1,8,2,3,4,5,7},{7,9,3,4,6,1,2,8,5},{4,1,6,3,5,8,0,0,0},{0,0,0,0,0,0,0,0,0},{0,0,0,0,0,0,0,0,0},{0,0,0,0,0,0,0,0,0},{0,0,0,0,0,0,0,0,0}}
]
13:19:12.631 [main] INFO  sudoku.model.SudokuBoard - Wartość 0 wstawiona nieprawidłowo
13:19:12.632 [main] INFO  sudoku.model.SudokuBoard - Bład w kwadracie 0
sudoku.model.SudokuBoard@3d0d120b[
  size=9
  solver=sudoku.model.BacktrackingSudokuSolver@6b5c134e
  board={{8,7,5,6,4,9,1,2,3},{3,4,2,7,1,5,8,6,9},{9,6,1,8,2,3,4,5,7},{7,9,3,4,6,1,2,8,5},{4,1,6,3,5,8,9,0,0},{0,0,0,0,0,0,0,0,0},{0,0,0,0,0,0,0,0,0},{0,0,0,0,0,0,0,0,0},{0,0,0,0,0,0,0,0,0}}
]
13:19:12.632 [main] INFO  sudoku.model.SudokuBoard - Wartość 0 wstawiona nieprawidłowo
13:19:12.632 [main] INFO  sudoku.model.SudokuBoard - Bład w kwadracie 0
sudoku.model.SudokuBoard@3d0d120b[
  size=9
  solver=sudoku.model.BacktrackingSudokuSolver@6b5c134e
  board={{8,7,5,6,4,9,1,2,3},{3,4,2,7,1,5,8,6,9},{9,6,1,8,2,3,4,5,7},{7,9,3,4,6,1,2,8,5},{4,1,6,3,5,8,0,0,0},{0,0,0,0,0,0,0,0,0},{0,0,0,0,0,0,0,0,0},{0,0,0,0,0,0,0,0,0},{0,0,0,0,0,0,0,0,0}}
]
13:19:12.632 [main] INFO  sudoku.model.SudokuBoard - Wartość 0 wstawiona nieprawidłowo
13:19:12.632 [main] INFO  sudoku.model.SudokuBoard - Bład w kwadracie 0
sudoku.model.SudokuBoard@3d0d120b[
  size=9
  solver=sudoku.model.BacktrackingSudokuSolver@6b5c134e
  board={{8,7,5,6,4,9,1,2,3},{3,4,2,7,1,5,8,6,9},{9,6,1,8,2,3,4,5,7},{7,9,3,4,6,1,2,8,5},{4,1,6,3,5,0,0,0,0},{0,0,0,0,0,0,0,0,0},{0,0,0,0,0,0,0,0,0},{0,0,0,0,0,0,0,0,0},{0,0,0,0,0,0,0,0,0}}
]
13:19:12.632 [main] INFO  sudoku.model.SudokuBoard - Wartość 0 wstawiona nieprawidłowo
13:19:12.632 [main] INFO  sudoku.model.SudokuBoard - Bład w kwadracie 0
sudoku.model.SudokuBoard@3d0d120b[
  size=9
  solver=sudoku.model.BacktrackingSudokuSolver@6b5c134e
  board={{8,7,5,6,4,9,1,2,3},{3,4,2,7,1,5,8,6,9},{9,6,1,8,2,3,4,5,7},{7,9,3,4,6,1,2,8,5},{4,1,6,3,5,2,7,0,0},{0,0,0,0,0,0,0,0,0},{0,0,0,0,0,0,0,0,0},{0,0,0,0,0,0,0,0,0},{0,0,0,0,0,0,0,0,0}}
]
13:19:12.632 [main] INFO  sudoku.model.SudokuBoard - Wartość 0 wstawiona nieprawidłowo
13:19:12.632 [main] INFO  sudoku.model.SudokuBoard - Bład w kwadracie 0
sudoku.model.SudokuBoard@3d0d120b[
  size=9
  solver=sudoku.model.BacktrackingSudokuSolver@6b5c134e
  board={{8,7,5,6,4,9,1,2,3},{3,4,2,7,1,5,8,6,9},{9,6,1,8,2,3,4,5,7},{7,9,3,4,6,1,2,8,5},{4,1,6,3,5,2,0,0,0},{0,0,0,0,0,0,0,0,0},{0,0,0,0,0,0,0,0,0},{0,0,0,0,0,0,0,0,0},{0,0,0,0,0,0,0,0,0}}
]
13:19:12.632 [main] INFO  sudoku.model.SudokuBoard - Wartość 0 wstawiona nieprawidłowo
13:19:12.632 [main] INFO  sudoku.model.SudokuBoard - Bład w kwadracie 0
sudoku.model.SudokuBoard@3d0d120b[
  size=9
  solver=sudoku.model.BacktrackingSudokuSolver@6b5c134e
  board={{8,7,5,6,4,9,1,2,3},{3,4,2,7,1,5,8,6,9},{9,6,1,8,2,3,4,5,7},{7,9,3,4,6,1,2,8,5},{4,1,6,3,5,2,9,0,0},{0,0,0,0,0,0,0,0,0},{0,0,0,0,0,0,0,0,0},{0,0,0,0,0,0,0,0,0},{0,0,0,0,0,0,0,0,0}}
]
13:19:12.632 [main] INFO  sudoku.model.SudokuBoard - Wartość 0 wstawiona nieprawidłowo
13:19:12.633 [main] INFO  sudoku.model.SudokuBoard - Bład w kwadracie 0
sudoku.model.SudokuBoard@3d0d120b[
  size=9
  solver=sudoku.model.BacktrackingSudokuSolver@6b5c134e
  board={{8,7,5,6,4,9,1,2,3},{3,4,2,7,1,5,8,6,9},{9,6,1,8,2,3,4,5,7},{7,9,3,4,6,1,2,8,5},{4,1,6,3,5,2,0,0,0},{0,0,0,0,0,0,0,0,0},{0,0,0,0,0,0,0,0,0},{0,0,0,0,0,0,0,0,0},{0,0,0,0,0,0,0,0,0}}
]
13:19:12.633 [main] INFO  sudoku.model.SudokuBoard - Wartość 0 wstawiona nieprawidłowo
13:19:12.633 [main] INFO  sudoku.model.SudokuBoard - Bład w kwadracie 0
sudoku.model.SudokuBoard@3d0d120b[
  size=9
  solver=sudoku.model.BacktrackingSudokuSolver@6b5c134e
  board={{8,7,5,6,4,9,1,2,3},{3,4,2,7,1,5,8,6,9},{9,6,1,8,2,3,4,5,7},{7,9,3,4,6,1,2,8,5},{4,1,6,3,5,0,0,0,0},{0,0,0,0,0,0,0,0,0},{0,0,0,0,0,0,0,0,0},{0,0,0,0,0,0,0,0,0},{0,0,0,0,0,0,0,0,0}}
]
13:19:12.633 [main] INFO  sudoku.model.SudokuBoard - Wartość 0 wstawiona nieprawidłowo
13:19:12.633 [main] INFO  sudoku.model.SudokuBoard - Bład w kwadracie 0
sudoku.model.SudokuBoard@3d0d120b[
  size=9
  solver=sudoku.model.BacktrackingSudokuSolver@6b5c134e
  board={{8,7,5,6,4,9,1,2,3},{3,4,2,7,1,5,8,6,9},{9,6,1,8,2,3,4,5,7},{7,9,3,4,6,1,2,8,5},{4,1,6,3,0,0,0,0,0},{0,0,0,0,0,0,0,0,0},{0,0,0,0,0,0,0,0,0},{0,0,0,0,0,0,0,0,0},{0,0,0,0,0,0,0,0,0}}
]
13:19:12.633 [main] INFO  sudoku.model.SudokuBoard - Wartość 0 wstawiona nieprawidłowo
13:19:12.633 [main] INFO  sudoku.model.SudokuBoard - Bład w kwadracie 0
sudoku.model.SudokuBoard@3d0d120b[
  size=9
  solver=sudoku.model.BacktrackingSudokuSolver@6b5c134e
  board={{8,7,5,6,4,9,1,2,3},{3,4,2,7,1,5,8,6,9},{9,6,1,8,2,3,4,5,7},{7,9,3,4,6,1,2,8,5},{4,1,6,0,0,0,0,0,0},{0,0,0,0,0,0,0,0,0},{0,0,0,0,0,0,0,0,0},{0,0,0,0,0,0,0,0,0},{0,0,0,0,0,0,0,0,0}}
]
13:19:12.633 [main] INFO  sudoku.model.SudokuBoard - Wartość 0 wstawiona nieprawidłowo
13:19:12.633 [main] INFO  sudoku.model.SudokuBoard - Bład w kwadracie 0
sudoku.model.SudokuBoard@3d0d120b[
  size=9
  solver=sudoku.model.BacktrackingSudokuSolver@6b5c134e
  board={{8,7,5,6,4,9,1,2,3},{3,4,2,7,1,5,8,6,9},{9,6,1,8,2,3,4,5,7},{7,9,3,4,6,1,2,8,5},{4,1,6,5,8,2,3,0,0},{0,0,0,0,0,0,0,0,0},{0,0,0,0,0,0,0,0,0},{0,0,0,0,0,0,0,0,0},{0,0,0,0,0,0,0,0,0}}
]
13:19:12.633 [main] INFO  sudoku.model.SudokuBoard - Wartość 0 wstawiona nieprawidłowo
13:19:12.633 [main] INFO  sudoku.model.SudokuBoard - Bład w kwadracie 0
sudoku.model.SudokuBoard@3d0d120b[
  size=9
  solver=sudoku.model.BacktrackingSudokuSolver@6b5c134e
  board={{8,7,5,6,4,9,1,2,3},{3,4,2,7,1,5,8,6,9},{9,6,1,8,2,3,4,5,7},{7,9,3,4,6,1,2,8,5},{4,1,6,5,8,2,3,0,0},{0,0,0,0,0,0,0,0,0},{0,0,0,0,0,0,0,0,0},{0,0,0,0,0,0,0,0,0},{0,0,0,0,0,0,0,0,0}}
]
13:19:12.633 [main] INFO  sudoku.model.SudokuBoard - Wartość 0 wstawiona nieprawidłowo
13:19:12.633 [main] INFO  sudoku.model.SudokuBoard - Bład w kwadracie 0
sudoku.model.SudokuBoard@3d0d120b[
  size=9
  solver=sudoku.model.BacktrackingSudokuSolver@6b5c134e
  board={{8,7,5,6,4,9,1,2,3},{3,4,2,7,1,5,8,6,9},{9,6,1,8,2,3,4,5,7},{7,9,3,4,6,1,2,8,5},{4,1,6,5,8,2,0,0,0},{0,0,0,0,0,0,0,0,0},{0,0,0,0,0,0,0,0,0},{0,0,0,0,0,0,0,0,0},{0,0,0,0,0,0,0,0,0}}
]
13:19:12.633 [main] INFO  sudoku.model.SudokuBoard - Wartość 0 wstawiona nieprawidłowo
13:19:12.634 [main] INFO  sudoku.model.SudokuBoard - Bład w kwadracie 0
sudoku.model.SudokuBoard@3d0d120b[
  size=9
  solver=sudoku.model.BacktrackingSudokuSolver@6b5c134e
  board={{8,7,5,6,4,9,1,2,3},{3,4,2,7,1,5,8,6,9},{9,6,1,8,2,3,4,5,7},{7,9,3,4,6,1,2,8,5},{4,1,6,5,8,2,7,0,0},{0,0,0,0,0,0,0,0,0},{0,0,0,0,0,0,0,0,0},{0,0,0,0,0,0,0,0,0},{0,0,0,0,0,0,0,0,0}}
]
13:19:12.634 [main] INFO  sudoku.model.SudokuBoard - Wartość 0 wstawiona nieprawidłowo
13:19:12.634 [main] INFO  sudoku.model.SudokuBoard - Bład w kwadracie 0
sudoku.model.SudokuBoard@3d0d120b[
  size=9
  solver=sudoku.model.BacktrackingSudokuSolver@6b5c134e
  board={{8,7,5,6,4,9,1,2,3},{3,4,2,7,1,5,8,6,9},{9,6,1,8,2,3,4,5,7},{7,9,3,4,6,1,2,8,5},{4,1,6,5,8,2,7,0,0},{0,0,0,0,0,0,0,0,0},{0,0,0,0,0,0,0,0,0},{0,0,0,0,0,0,0,0,0},{0,0,0,0,0,0,0,0,0}}
]
13:19:12.634 [main] INFO  sudoku.model.SudokuBoard - Wartość 0 wstawiona nieprawidłowo
13:19:12.635 [main] INFO  sudoku.model.SudokuBoard - Bład w kwadracie 0
sudoku.model.SudokuBoard@3d0d120b[
  size=9
  solver=sudoku.model.BacktrackingSudokuSolver@6b5c134e
  board={{8,7,5,6,4,9,1,2,3},{3,4,2,7,1,5,8,6,9},{9,6,1,8,2,3,4,5,7},{7,9,3,4,6,1,2,8,5},{4,1,6,5,8,2,0,0,0},{0,0,0,0,0,0,0,0,0},{0,0,0,0,0,0,0,0,0},{0,0,0,0,0,0,0,0,0},{0,0,0,0,0,0,0,0,0}}
]
13:19:12.635 [main] INFO  sudoku.model.SudokuBoard - Wartość 0 wstawiona nieprawidłowo
13:19:12.635 [main] INFO  sudoku.model.SudokuBoard - Bład w kwadracie 0
sudoku.model.SudokuBoard@3d0d120b[
  size=9
  solver=sudoku.model.BacktrackingSudokuSolver@6b5c134e
  board={{8,7,5,6,4,9,1,2,3},{3,4,2,7,1,5,8,6,9},{9,6,1,8,2,3,4,5,7},{7,9,3,4,6,1,2,8,5},{4,1,6,5,8,2,9,0,0},{0,0,0,0,0,0,0,0,0},{0,0,0,0,0,0,0,0,0},{0,0,0,0,0,0,0,0,0},{0,0,0,0,0,0,0,0,0}}
]
13:19:12.635 [main] INFO  sudoku.model.SudokuBoard - Wartość 0 wstawiona nieprawidłowo
13:19:12.635 [main] INFO  sudoku.model.SudokuBoard - Bład w kwadracie 0
sudoku.model.SudokuBoard@3d0d120b[
  size=9
  solver=sudoku.model.BacktrackingSudokuSolver@6b5c134e
  board={{8,7,5,6,4,9,1,2,3},{3,4,2,7,1,5,8,6,9},{9,6,1,8,2,3,4,5,7},{7,9,3,4,6,1,2,8,5},{4,1,6,5,8,2,9,0,0},{0,0,0,0,0,0,0,0,0},{0,0,0,0,0,0,0,0,0},{0,0,0,0,0,0,0,0,0},{0,0,0,0,0,0,0,0,0}}
]
13:19:12.635 [main] INFO  sudoku.model.SudokuBoard - Wartość 0 wstawiona nieprawidłowo
13:19:12.635 [main] INFO  sudoku.model.SudokuBoard - Bład w kwadracie 0
sudoku.model.SudokuBoard@3d0d120b[
  size=9
  solver=sudoku.model.BacktrackingSudokuSolver@6b5c134e
  board={{8,7,5,6,4,9,1,2,3},{3,4,2,7,1,5,8,6,9},{9,6,1,8,2,3,4,5,7},{7,9,3,4,6,1,2,8,5},{4,1,6,5,8,2,0,0,0},{0,0,0,0,0,0,0,0,0},{0,0,0,0,0,0,0,0,0},{0,0,0,0,0,0,0,0,0},{0,0,0,0,0,0,0,0,0}}
]
13:19:12.635 [main] INFO  sudoku.model.SudokuBoard - Wartość 0 wstawiona nieprawidłowo
13:19:12.635 [main] INFO  sudoku.model.SudokuBoard - Bład w kwadracie 0
sudoku.model.SudokuBoard@3d0d120b[
  size=9
  solver=sudoku.model.BacktrackingSudokuSolver@6b5c134e
  board={{8,7,5,6,4,9,1,2,3},{3,4,2,7,1,5,8,6,9},{9,6,1,8,2,3,4,5,7},{7,9,3,4,6,1,2,8,5},{4,1,6,5,8,0,0,0,0},{0,0,0,0,0,0,0,0,0},{0,0,0,0,0,0,0,0,0},{0,0,0,0,0,0,0,0,0},{0,0,0,0,0,0,0,0,0}}
]
13:19:12.635 [main] INFO  sudoku.model.SudokuBoard - Wartość 0 wstawiona nieprawidłowo
13:19:12.635 [main] INFO  sudoku.model.SudokuBoard - Bład w kwadracie 0
sudoku.model.SudokuBoard@3d0d120b[
  size=9
  solver=sudoku.model.BacktrackingSudokuSolver@6b5c134e
  board={{8,7,5,6,4,9,1,2,3},{3,4,2,7,1,5,8,6,9},{9,6,1,8,2,3,4,5,7},{7,9,3,4,6,1,2,8,5},{4,1,6,5,8,7,9,0,0},{0,0,0,0,0,0,0,0,0},{0,0,0,0,0,0,0,0,0},{0,0,0,0,0,0,0,0,0},{0,0,0,0,0,0,0,0,0}}
]
13:19:12.635 [main] INFO  sudoku.model.SudokuBoard - Wartość 0 wstawiona nieprawidłowo
13:19:12.635 [main] INFO  sudoku.model.SudokuBoard - Bład w kwadracie 0
sudoku.model.SudokuBoard@3d0d120b[
  size=9
  solver=sudoku.model.BacktrackingSudokuSolver@6b5c134e
  board={{8,7,5,6,4,9,1,2,3},{3,4,2,7,1,5,8,6,9},{9,6,1,8,2,3,4,5,7},{7,9,3,4,6,1,2,8,5},{4,1,6,5,8,7,0,0,0},{0,0,0,0,0,0,0,0,0},{0,0,0,0,0,0,0,0,0},{0,0,0,0,0,0,0,0,0},{0,0,0,0,0,0,0,0,0}}
]
13:19:12.636 [main] INFO  sudoku.model.SudokuBoard - Wartość 0 wstawiona nieprawidłowo
13:19:12.636 [main] INFO  sudoku.model.SudokuBoard - Bład w kwadracie 0
sudoku.model.SudokuBoard@3d0d120b[
  size=9
  solver=sudoku.model.BacktrackingSudokuSolver@6b5c134e
  board={{8,7,5,6,4,9,1,2,3},{3,4,2,7,1,5,8,6,9},{9,6,1,8,2,3,4,5,7},{7,9,3,4,6,1,2,8,5},{4,1,6,5,8,7,3,0,0},{0,0,0,0,0,0,0,0,0},{0,0,0,0,0,0,0,0,0},{0,0,0,0,0,0,0,0,0},{0,0,0,0,0,0,0,0,0}}
]
13:19:12.636 [main] INFO  sudoku.model.SudokuBoard - Wartość 0 wstawiona nieprawidłowo
13:19:12.636 [main] INFO  sudoku.model.SudokuBoard - Bład w kwadracie 0
sudoku.model.SudokuBoard@3d0d120b[
  size=9
  solver=sudoku.model.BacktrackingSudokuSolver@6b5c134e
  board={{8,7,5,6,4,9,1,2,3},{3,4,2,7,1,5,8,6,9},{9,6,1,8,2,3,4,5,7},{7,9,3,4,6,1,2,8,5},{4,1,6,5,8,7,0,0,0},{0,0,0,0,0,0,0,0,0},{0,0,0,0,0,0,0,0,0},{0,0,0,0,0,0,0,0,0},{0,0,0,0,0,0,0,0,0}}
]
13:19:12.636 [main] INFO  sudoku.model.SudokuBoard - Wartość 0 wstawiona nieprawidłowo
13:19:12.636 [main] INFO  sudoku.model.SudokuBoard - Bład w kwadracie 0
sudoku.model.SudokuBoard@3d0d120b[
  size=9
  solver=sudoku.model.BacktrackingSudokuSolver@6b5c134e
  board={{8,7,5,6,4,9,1,2,3},{3,4,2,7,1,5,8,6,9},{9,6,1,8,2,3,4,5,7},{7,9,3,4,6,1,2,8,5},{4,1,6,5,8,0,0,0,0},{0,0,0,0,0,0,0,0,0},{0,0,0,0,0,0,0,0,0},{0,0,0,0,0,0,0,0,0},{0,0,0,0,0,0,0,0,0}}
]
13:19:12.636 [main] INFO  sudoku.model.SudokuBoard - Wartość 0 wstawiona nieprawidłowo
13:19:12.636 [main] INFO  sudoku.model.SudokuBoard - Bład w kwadracie 0
sudoku.model.SudokuBoard@3d0d120b[
  size=9
  solver=sudoku.model.BacktrackingSudokuSolver@6b5c134e
  board={{8,7,5,6,4,9,1,2,3},{3,4,2,7,1,5,8,6,9},{9,6,1,8,2,3,4,5,7},{7,9,3,4,6,1,2,8,5},{4,1,6,5,0,0,0,0,0},{0,0,0,0,0,0,0,0,0},{0,0,0,0,0,0,0,0,0},{0,0,0,0,0,0,0,0,0},{0,0,0,0,0,0,0,0,0}}
]
13:19:12.636 [main] INFO  sudoku.model.SudokuBoard - Wartość 0 wstawiona nieprawidłowo
13:19:12.636 [main] INFO  sudoku.model.SudokuBoard - Bład w kwadracie 0
sudoku.model.SudokuBoard@3d0d120b[
  size=9
  solver=sudoku.model.BacktrackingSudokuSolver@6b5c134e
  board={{8,7,5,6,4,9,1,2,3},{3,4,2,7,1,5,8,6,9},{9,6,1,8,2,3,4,5,7},{7,9,3,4,6,1,2,8,5},{4,1,6,5,9,2,7,0,0},{0,0,0,0,0,0,0,0,0},{0,0,0,0,0,0,0,0,0},{0,0,0,0,0,0,0,0,0},{0,0,0,0,0,0,0,0,0}}
]
13:19:12.636 [main] INFO  sudoku.model.SudokuBoard - Wartość 0 wstawiona nieprawidłowo
13:19:12.637 [main] INFO  sudoku.model.SudokuBoard - Bład w kwadracie 0
sudoku.model.SudokuBoard@3d0d120b[
  size=9
  solver=sudoku.model.BacktrackingSudokuSolver@6b5c134e
  board={{8,7,5,6,4,9,1,2,3},{3,4,2,7,1,5,8,6,9},{9,6,1,8,2,3,4,5,7},{7,9,3,4,6,1,2,8,5},{4,1,6,5,9,2,0,0,0},{0,0,0,0,0,0,0,0,0},{0,0,0,0,0,0,0,0,0},{0,0,0,0,0,0,0,0,0},{0,0,0,0,0,0,0,0,0}}
]
13:19:12.637 [main] INFO  sudoku.model.SudokuBoard - Wartość 0 wstawiona nieprawidłowo
13:19:12.637 [main] INFO  sudoku.model.SudokuBoard - Bład w kwadracie 0
sudoku.model.SudokuBoard@3d0d120b[
  size=9
  solver=sudoku.model.BacktrackingSudokuSolver@6b5c134e
  board={{8,7,5,6,4,9,1,2,3},{3,4,2,7,1,5,8,6,9},{9,6,1,8,2,3,4,5,7},{7,9,3,4,6,1,2,8,5},{4,1,6,5,9,2,3,0,0},{0,0,0,0,0,0,0,0,0},{0,0,0,0,0,0,0,0,0},{0,0,0,0,0,0,0,0,0},{0,0,0,0,0,0,0,0,0}}
]
13:19:12.637 [main] INFO  sudoku.model.SudokuBoard - Wartość 0 wstawiona nieprawidłowo
13:19:12.637 [main] INFO  sudoku.model.SudokuBoard - Bład w kwadracie 0
sudoku.model.SudokuBoard@3d0d120b[
  size=9
  solver=sudoku.model.BacktrackingSudokuSolver@6b5c134e
  board={{8,7,5,6,4,9,1,2,3},{3,4,2,7,1,5,8,6,9},{9,6,1,8,2,3,4,5,7},{7,9,3,4,6,1,2,8,5},{4,1,6,5,9,2,0,0,0},{0,0,0,0,0,0,0,0,0},{0,0,0,0,0,0,0,0,0},{0,0,0,0,0,0,0,0,0},{0,0,0,0,0,0,0,0,0}}
]
13:19:12.637 [main] INFO  sudoku.model.SudokuBoard - Wartość 0 wstawiona nieprawidłowo
13:19:12.637 [main] INFO  sudoku.model.SudokuBoard - Bład w kwadracie 0
sudoku.model.SudokuBoard@3d0d120b[
  size=9
  solver=sudoku.model.BacktrackingSudokuSolver@6b5c134e
  board={{8,7,5,6,4,9,1,2,3},{3,4,2,7,1,5,8,6,9},{9,6,1,8,2,3,4,5,7},{7,9,3,4,6,1,2,8,5},{4,1,6,5,9,0,0,0,0},{0,0,0,0,0,0,0,0,0},{0,0,0,0,0,0,0,0,0},{0,0,0,0,0,0,0,0,0},{0,0,0,0,0,0,0,0,0}}
]
13:19:12.637 [main] INFO  sudoku.model.SudokuBoard - Wartość 0 wstawiona nieprawidłowo
13:19:12.637 [main] INFO  sudoku.model.SudokuBoard - Bład w kwadracie 0
sudoku.model.SudokuBoard@3d0d120b[
  size=9
  solver=sudoku.model.BacktrackingSudokuSolver@6b5c134e
  board={{8,7,5,6,4,9,1,2,3},{3,4,2,7,1,5,8,6,9},{9,6,1,8,2,3,4,5,7},{7,9,3,4,6,1,2,8,5},{4,1,6,5,9,7,0,0,0},{0,0,0,0,0,0,0,0,0},{0,0,0,0,0,0,0,0,0},{0,0,0,0,0,0,0,0,0},{0,0,0,0,0,0,0,0,0}}
]
13:19:12.637 [main] INFO  sudoku.model.SudokuBoard - Wartość 0 wstawiona nieprawidłowo
13:19:12.638 [main] INFO  sudoku.model.SudokuBoard - Bład w kwadracie 0
sudoku.model.SudokuBoard@3d0d120b[
  size=9
  solver=sudoku.model.BacktrackingSudokuSolver@6b5c134e
  board={{8,7,5,6,4,9,1,2,3},{3,4,2,7,1,5,8,6,9},{9,6,1,8,2,3,4,5,7},{7,9,3,4,6,1,2,8,5},{4,1,6,5,9,0,0,0,0},{0,0,0,0,0,0,0,0,0},{0,0,0,0,0,0,0,0,0},{0,0,0,0,0,0,0,0,0},{0,0,0,0,0,0,0,0,0}}
]
13:19:12.638 [main] INFO  sudoku.model.SudokuBoard - Wartość 0 wstawiona nieprawidłowo
13:19:12.638 [main] INFO  sudoku.model.SudokuBoard - Bład w kwadracie 0
sudoku.model.SudokuBoard@3d0d120b[
  size=9
  solver=sudoku.model.BacktrackingSudokuSolver@6b5c134e
  board={{8,7,5,6,4,9,1,2,3},{3,4,2,7,1,5,8,6,9},{9,6,1,8,2,3,4,5,7},{7,9,3,4,6,1,2,8,5},{4,1,6,5,9,8,3,0,0},{0,0,0,0,0,0,0,0,0},{0,0,0,0,0,0,0,0,0},{0,0,0,0,0,0,0,0,0},{0,0,0,0,0,0,0,0,0}}
]
13:19:12.639 [main] INFO  sudoku.model.SudokuBoard - Wartość 0 wstawiona nieprawidłowo
13:19:12.639 [main] INFO  sudoku.model.SudokuBoard - Bład w kwadracie 0
sudoku.model.SudokuBoard@3d0d120b[
  size=9
  solver=sudoku.model.BacktrackingSudokuSolver@6b5c134e
  board={{8,7,5,6,4,9,1,2,3},{3,4,2,7,1,5,8,6,9},{9,6,1,8,2,3,4,5,7},{7,9,3,4,6,1,2,8,5},{4,1,6,5,9,8,0,0,0},{0,0,0,0,0,0,0,0,0},{0,0,0,0,0,0,0,0,0},{0,0,0,0,0,0,0,0,0},{0,0,0,0,0,0,0,0,0}}
]
13:19:12.639 [main] INFO  sudoku.model.SudokuBoard - Wartość 0 wstawiona nieprawidłowo
13:19:12.639 [main] INFO  sudoku.model.SudokuBoard - Bład w kwadracie 0
sudoku.model.SudokuBoard@3d0d120b[
  size=9
  solver=sudoku.model.BacktrackingSudokuSolver@6b5c134e
  board={{8,7,5,6,4,9,1,2,3},{3,4,2,7,1,5,8,6,9},{9,6,1,8,2,3,4,5,7},{7,9,3,4,6,1,2,8,5},{4,1,6,5,9,8,7,0,0},{0,0,0,0,0,0,0,0,0},{0,0,0,0,0,0,0,0,0},{0,0,0,0,0,0,0,0,0},{0,0,0,0,0,0,0,0,0}}
]
13:19:12.639 [main] INFO  sudoku.model.SudokuBoard - Wartość 0 wstawiona nieprawidłowo
13:19:12.639 [main] INFO  sudoku.model.SudokuBoard - Bład w kwadracie 0
sudoku.model.SudokuBoard@3d0d120b[
  size=9
  solver=sudoku.model.BacktrackingSudokuSolver@6b5c134e
  board={{8,7,5,6,4,9,1,2,3},{3,4,2,7,1,5,8,6,9},{9,6,1,8,2,3,4,5,7},{7,9,3,4,6,1,2,8,5},{4,1,6,5,9,8,0,0,0},{0,0,0,0,0,0,0,0,0},{0,0,0,0,0,0,0,0,0},{0,0,0,0,0,0,0,0,0},{0,0,0,0,0,0,0,0,0}}
]
13:19:12.639 [main] INFO  sudoku.model.SudokuBoard - Wartość 0 wstawiona nieprawidłowo
13:19:12.639 [main] INFO  sudoku.model.SudokuBoard - Bład w kwadracie 0
sudoku.model.SudokuBoard@3d0d120b[
  size=9
  solver=sudoku.model.BacktrackingSudokuSolver@6b5c134e
  board={{8,7,5,6,4,9,1,2,3},{3,4,2,7,1,5,8,6,9},{9,6,1,8,2,3,4,5,7},{7,9,3,4,6,1,2,8,5},{4,1,6,5,9,0,0,0,0},{0,0,0,0,0,0,0,0,0},{0,0,0,0,0,0,0,0,0},{0,0,0,0,0,0,0,0,0},{0,0,0,0,0,0,0,0,0}}
]
13:19:12.639 [main] INFO  sudoku.model.SudokuBoard - Wartość 0 wstawiona nieprawidłowo
13:19:12.640 [main] INFO  sudoku.model.SudokuBoard - Bład w kwadracie 0
sudoku.model.SudokuBoard@3d0d120b[
  size=9
  solver=sudoku.model.BacktrackingSudokuSolver@6b5c134e
  board={{8,7,5,6,4,9,1,2,3},{3,4,2,7,1,5,8,6,9},{9,6,1,8,2,3,4,5,7},{7,9,3,4,6,1,2,8,5},{4,1,6,5,0,0,0,0,0},{0,0,0,0,0,0,0,0,0},{0,0,0,0,0,0,0,0,0},{0,0,0,0,0,0,0,0,0},{0,0,0,0,0,0,0,0,0}}
]
13:19:12.640 [main] INFO  sudoku.model.SudokuBoard - Wartość 0 wstawiona nieprawidłowo
13:19:12.640 [main] INFO  sudoku.model.SudokuBoard - Bład w kwadracie 0
sudoku.model.SudokuBoard@3d0d120b[
  size=9
  solver=sudoku.model.BacktrackingSudokuSolver@6b5c134e
  board={{8,7,5,6,4,9,1,2,3},{3,4,2,7,1,5,8,6,9},{9,6,1,8,2,3,4,5,7},{7,9,3,4,6,1,2,8,5},{4,1,6,5,3,7,0,0,0},{0,0,0,0,0,0,0,0,0},{0,0,0,0,0,0,0,0,0},{0,0,0,0,0,0,0,0,0},{0,0,0,0,0,0,0,0,0}}
]
13:19:12.640 [main] INFO  sudoku.model.SudokuBoard - Wartość 0 wstawiona nieprawidłowo
13:19:12.640 [main] INFO  sudoku.model.SudokuBoard - Bład w kwadracie 0
sudoku.model.SudokuBoard@3d0d120b[
  size=9
  solver=sudoku.model.BacktrackingSudokuSolver@6b5c134e
  board={{8,7,5,6,4,9,1,2,3},{3,4,2,7,1,5,8,6,9},{9,6,1,8,2,3,4,5,7},{7,9,3,4,6,1,2,8,5},{4,1,6,5,3,0,0,0,0},{0,0,0,0,0,0,0,0,0},{0,0,0,0,0,0,0,0,0},{0,0,0,0,0,0,0,0,0},{0,0,0,0,0,0,0,0,0}}
]
13:19:12.641 [main] INFO  sudoku.model.SudokuBoard - Wartość 0 wstawiona nieprawidłowo
13:19:12.641 [main] INFO  sudoku.model.SudokuBoard - Bład w kwadracie 0
sudoku.model.SudokuBoard@3d0d120b[
  size=9
  solver=sudoku.model.BacktrackingSudokuSolver@6b5c134e
  board={{8,7,5,6,4,9,1,2,3},{3,4,2,7,1,5,8,6,9},{9,6,1,8,2,3,4,5,7},{7,9,3,4,6,1,2,8,5},{4,1,6,5,3,8,9,0,0},{0,0,0,0,0,0,0,0,0},{0,0,0,0,0,0,0,0,0},{0,0,0,0,0,0,0,0,0},{0,0,0,0,0,0,0,0,0}}
]
13:19:12.641 [main] INFO  sudoku.model.SudokuBoard - Wartość 0 wstawiona nieprawidłowo
13:19:12.641 [main] INFO  sudoku.model.SudokuBoard - Bład w kwadracie 0
sudoku.model.SudokuBoard@3d0d120b[
  size=9
  solver=sudoku.model.BacktrackingSudokuSolver@6b5c134e
  board={{8,7,5,6,4,9,1,2,3},{3,4,2,7,1,5,8,6,9},{9,6,1,8,2,3,4,5,7},{7,9,3,4,6,1,2,8,5},{4,1,6,5,3,8,0,0,0},{0,0,0,0,0,0,0,0,0},{0,0,0,0,0,0,0,0,0},{0,0,0,0,0,0,0,0,0},{0,0,0,0,0,0,0,0,0}}
]
13:19:12.641 [main] INFO  sudoku.model.SudokuBoard - Wartość 0 wstawiona nieprawidłowo
13:19:12.642 [main] INFO  sudoku.model.SudokuBoard - Bład w kwadracie 0
sudoku.model.SudokuBoard@3d0d120b[
  size=9
  solver=sudoku.model.BacktrackingSudokuSolver@6b5c134e
  board={{8,7,5,6,4,9,1,2,3},{3,4,2,7,1,5,8,6,9},{9,6,1,8,2,3,4,5,7},{7,9,3,4,6,1,2,8,5},{4,1,6,5,3,8,7,0,0},{0,0,0,0,0,0,0,0,0},{0,0,0,0,0,0,0,0,0},{0,0,0,0,0,0,0,0,0},{0,0,0,0,0,0,0,0,0}}
]
13:19:12.642 [main] INFO  sudoku.model.SudokuBoard - Wartość 0 wstawiona nieprawidłowo
13:19:12.642 [main] INFO  sudoku.model.SudokuBoard - Bład w kwadracie 0
sudoku.model.SudokuBoard@3d0d120b[
  size=9
  solver=sudoku.model.BacktrackingSudokuSolver@6b5c134e
  board={{8,7,5,6,4,9,1,2,3},{3,4,2,7,1,5,8,6,9},{9,6,1,8,2,3,4,5,7},{7,9,3,4,6,1,2,8,5},{4,1,6,5,3,8,0,0,0},{0,0,0,0,0,0,0,0,0},{0,0,0,0,0,0,0,0,0},{0,0,0,0,0,0,0,0,0},{0,0,0,0,0,0,0,0,0}}
]
13:19:12.642 [main] INFO  sudoku.model.SudokuBoard - Wartość 0 wstawiona nieprawidłowo
13:19:12.642 [main] INFO  sudoku.model.SudokuBoard - Bład w kwadracie 0
sudoku.model.SudokuBoard@3d0d120b[
  size=9
  solver=sudoku.model.BacktrackingSudokuSolver@6b5c134e
  board={{8,7,5,6,4,9,1,2,3},{3,4,2,7,1,5,8,6,9},{9,6,1,8,2,3,4,5,7},{7,9,3,4,6,1,2,8,5},{4,1,6,5,3,0,0,0,0},{0,0,0,0,0,0,0,0,0},{0,0,0,0,0,0,0,0,0},{0,0,0,0,0,0,0,0,0},{0,0,0,0,0,0,0,0,0}}
]
13:19:12.642 [main] INFO  sudoku.model.SudokuBoard - Wartość 0 wstawiona nieprawidłowo
13:19:12.642 [main] INFO  sudoku.model.SudokuBoard - Bład w kwadracie 0
sudoku.model.SudokuBoard@3d0d120b[
  size=9
  solver=sudoku.model.BacktrackingSudokuSolver@6b5c134e
  board={{8,7,5,6,4,9,1,2,3},{3,4,2,7,1,5,8,6,9},{9,6,1,8,2,3,4,5,7},{7,9,3,4,6,1,2,8,5},{4,1,6,5,3,2,9,0,0},{0,0,0,0,0,0,0,0,0},{0,0,0,0,0,0,0,0,0},{0,0,0,0,0,0,0,0,0},{0,0,0,0,0,0,0,0,0}}
]
13:19:12.642 [main] INFO  sudoku.model.SudokuBoard - Wartość 0 wstawiona nieprawidłowo
13:19:12.642 [main] INFO  sudoku.model.SudokuBoard - Bład w kwadracie 0
sudoku.model.SudokuBoard@3d0d120b[
  size=9
  solver=sudoku.model.BacktrackingSudokuSolver@6b5c134e
  board={{8,7,5,6,4,9,1,2,3},{3,4,2,7,1,5,8,6,9},{9,6,1,8,2,3,4,5,7},{7,9,3,4,6,1,2,8,5},{4,1,6,5,3,2,0,0,0},{0,0,0,0,0,0,0,0,0},{0,0,0,0,0,0,0,0,0},{0,0,0,0,0,0,0,0,0},{0,0,0,0,0,0,0,0,0}}
]
13:19:12.642 [main] INFO  sudoku.model.SudokuBoard - Wartość 0 wstawiona nieprawidłowo
13:19:12.642 [main] INFO  sudoku.model.SudokuBoard - Bład w kwadracie 0
sudoku.model.SudokuBoard@3d0d120b[
  size=9
  solver=sudoku.model.BacktrackingSudokuSolver@6b5c134e
  board={{8,7,5,6,4,9,1,2,3},{3,4,2,7,1,5,8,6,9},{9,6,1,8,2,3,4,5,7},{7,9,3,4,6,1,2,8,5},{4,1,6,5,3,2,7,0,0},{0,0,0,0,0,0,0,0,0},{0,0,0,0,0,0,0,0,0},{0,0,0,0,0,0,0,0,0},{0,0,0,0,0,0,0,0,0}}
]
13:19:12.642 [main] INFO  sudoku.model.SudokuBoard - Wartość 0 wstawiona nieprawidłowo
13:19:12.642 [main] INFO  sudoku.model.SudokuBoard - Bład w kwadracie 0
sudoku.model.SudokuBoard@3d0d120b[
  size=9
  solver=sudoku.model.BacktrackingSudokuSolver@6b5c134e
  board={{8,7,5,6,4,9,1,2,3},{3,4,2,7,1,5,8,6,9},{9,6,1,8,2,3,4,5,7},{7,9,3,4,6,1,2,8,5},{4,1,6,5,3,2,0,0,0},{0,0,0,0,0,0,0,0,0},{0,0,0,0,0,0,0,0,0},{0,0,0,0,0,0,0,0,0},{0,0,0,0,0,0,0,0,0}}
]
13:19:12.642 [main] INFO  sudoku.model.SudokuBoard - Wartość 0 wstawiona nieprawidłowo
13:19:12.643 [main] INFO  sudoku.model.SudokuBoard - Bład w kwadracie 0
sudoku.model.SudokuBoard@3d0d120b[
  size=9
  solver=sudoku.model.BacktrackingSudokuSolver@6b5c134e
  board={{8,7,5,6,4,9,1,2,3},{3,4,2,7,1,5,8,6,9},{9,6,1,8,2,3,4,5,7},{7,9,3,4,6,1,2,8,5},{4,1,6,5,3,0,0,0,0},{0,0,0,0,0,0,0,0,0},{0,0,0,0,0,0,0,0,0},{0,0,0,0,0,0,0,0,0},{0,0,0,0,0,0,0,0,0}}
]
13:19:12.643 [main] INFO  sudoku.model.SudokuBoard - Wartość 0 wstawiona nieprawidłowo
13:19:12.643 [main] INFO  sudoku.model.SudokuBoard - Bład w kwadracie 0
sudoku.model.SudokuBoard@3d0d120b[
  size=9
  solver=sudoku.model.BacktrackingSudokuSolver@6b5c134e
  board={{8,7,5,6,4,9,1,2,3},{3,4,2,7,1,5,8,6,9},{9,6,1,8,2,3,4,5,7},{7,9,3,4,6,1,2,8,5},{4,1,6,5,0,0,0,0,0},{0,0,0,0,0,0,0,0,0},{0,0,0,0,0,0,0,0,0},{0,0,0,0,0,0,0,0,0},{0,0,0,0,0,0,0,0,0}}
]
13:19:12.643 [main] INFO  sudoku.model.SudokuBoard - Wartość 0 wstawiona nieprawidłowo
13:19:12.643 [main] INFO  sudoku.model.SudokuBoard - Bład w kwadracie 0
sudoku.model.SudokuBoard@3d0d120b[
  size=9
  solver=sudoku.model.BacktrackingSudokuSolver@6b5c134e
  board={{8,7,5,6,4,9,1,2,3},{3,4,2,7,1,5,8,6,9},{9,6,1,8,2,3,4,5,7},{7,9,3,4,6,1,2,8,5},{4,1,6,5,7,8,3,0,0},{0,0,0,0,0,0,0,0,0},{0,0,0,0,0,0,0,0,0},{0,0,0,0,0,0,0,0,0},{0,0,0,0,0,0,0,0,0}}
]
13:19:12.643 [main] INFO  sudoku.model.SudokuBoard - Wartość 0 wstawiona nieprawidłowo
13:19:12.643 [main] INFO  sudoku.model.SudokuBoard - Bład w kwadracie 0
sudoku.model.SudokuBoard@3d0d120b[
  size=9
  solver=sudoku.model.BacktrackingSudokuSolver@6b5c134e
  board={{8,7,5,6,4,9,1,2,3},{3,4,2,7,1,5,8,6,9},{9,6,1,8,2,3,4,5,7},{7,9,3,4,6,1,2,8,5},{4,1,6,5,7,8,0,0,0},{0,0,0,0,0,0,0,0,0},{0,0,0,0,0,0,0,0,0},{0,0,0,0,0,0,0,0,0},{0,0,0,0,0,0,0,0,0}}
]
13:19:12.643 [main] INFO  sudoku.model.SudokuBoard - Wartość 0 wstawiona nieprawidłowo
13:19:12.643 [main] INFO  sudoku.model.SudokuBoard - Bład w kwadracie 0
sudoku.model.SudokuBoard@3d0d120b[
  size=9
  solver=sudoku.model.BacktrackingSudokuSolver@6b5c134e
  board={{8,7,5,6,4,9,1,2,3},{3,4,2,7,1,5,8,6,9},{9,6,1,8,2,3,4,5,7},{7,9,3,4,6,1,2,8,5},{4,1,6,5,7,8,9,0,0},{0,0,0,0,0,0,0,0,0},{0,0,0,0,0,0,0,0,0},{0,0,0,0,0,0,0,0,0},{0,0,0,0,0,0,0,0,0}}
]
13:19:12.643 [main] INFO  sudoku.model.SudokuBoard - Wartość 0 wstawiona nieprawidłowo
13:19:12.643 [main] INFO  sudoku.model.SudokuBoard - Bład w kwadracie 0
sudoku.model.SudokuBoard@3d0d120b[
  size=9
  solver=sudoku.model.BacktrackingSudokuSolver@6b5c134e
  board={{8,7,5,6,4,9,1,2,3},{3,4,2,7,1,5,8,6,9},{9,6,1,8,2,3,4,5,7},{7,9,3,4,6,1,2,8,5},{4,1,6,5,7,8,0,0,0},{0,0,0,0,0,0,0,0,0},{0,0,0,0,0,0,0,0,0},{0,0,0,0,0,0,0,0,0},{0,0,0,0,0,0,0,0,0}}
]
13:19:12.644 [main] INFO  sudoku.model.SudokuBoard - Wartość 0 wstawiona nieprawidłowo
13:19:12.644 [main] INFO  sudoku.model.SudokuBoard - Bład w kwadracie 0
sudoku.model.SudokuBoard@3d0d120b[
  size=9
  solver=sudoku.model.BacktrackingSudokuSolver@6b5c134e
  board={{8,7,5,6,4,9,1,2,3},{3,4,2,7,1,5,8,6,9},{9,6,1,8,2,3,4,5,7},{7,9,3,4,6,1,2,8,5},{4,1,6,5,7,0,0,0,0},{0,0,0,0,0,0,0,0,0},{0,0,0,0,0,0,0,0,0},{0,0,0,0,0,0,0,0,0},{0,0,0,0,0,0,0,0,0}}
]
13:19:12.644 [main] INFO  sudoku.model.SudokuBoard - Wartość 0 wstawiona nieprawidłowo
13:19:12.644 [main] INFO  sudoku.model.SudokuBoard - Bład w kwadracie 0
sudoku.model.SudokuBoard@3d0d120b[
  size=9
  solver=sudoku.model.BacktrackingSudokuSolver@6b5c134e
  board={{8,7,5,6,4,9,1,2,3},{3,4,2,7,1,5,8,6,9},{9,6,1,8,2,3,4,5,7},{7,9,3,4,6,1,2,8,5},{4,1,6,5,7,2,9,0,0},{0,0,0,0,0,0,0,0,0},{0,0,0,0,0,0,0,0,0},{0,0,0,0,0,0,0,0,0},{0,0,0,0,0,0,0,0,0}}
]
13:19:12.644 [main] INFO  sudoku.model.SudokuBoard - Wartość 0 wstawiona nieprawidłowo
13:19:12.644 [main] INFO  sudoku.model.SudokuBoard - Bład w kwadracie 0
sudoku.model.SudokuBoard@3d0d120b[
  size=9
  solver=sudoku.model.BacktrackingSudokuSolver@6b5c134e
  board={{8,7,5,6,4,9,1,2,3},{3,4,2,7,1,5,8,6,9},{9,6,1,8,2,3,4,5,7},{7,9,3,4,6,1,2,8,5},{4,1,6,5,7,2,0,0,0},{0,0,0,0,0,0,0,0,0},{0,0,0,0,0,0,0,0,0},{0,0,0,0,0,0,0,0,0},{0,0,0,0,0,0,0,0,0}}
]
13:19:12.644 [main] INFO  sudoku.model.SudokuBoard - Wartość 0 wstawiona nieprawidłowo
13:19:12.644 [main] INFO  sudoku.model.SudokuBoard - Bład w kwadracie 0
sudoku.model.SudokuBoard@3d0d120b[
  size=9
  solver=sudoku.model.BacktrackingSudokuSolver@6b5c134e
  board={{8,7,5,6,4,9,1,2,3},{3,4,2,7,1,5,8,6,9},{9,6,1,8,2,3,4,5,7},{7,9,3,4,6,1,2,8,5},{4,1,6,5,7,2,3,0,0},{0,0,0,0,0,0,0,0,0},{0,0,0,0,0,0,0,0,0},{0,0,0,0,0,0,0,0,0},{0,0,0,0,0,0,0,0,0}}
]
13:19:12.644 [main] INFO  sudoku.model.SudokuBoard - Wartość 0 wstawiona nieprawidłowo
13:19:12.644 [main] INFO  sudoku.model.SudokuBoard - Bład w kwadracie 0
sudoku.model.SudokuBoard@3d0d120b[
  size=9
  solver=sudoku.model.BacktrackingSudokuSolver@6b5c134e
  board={{8,7,5,6,4,9,1,2,3},{3,4,2,7,1,5,8,6,9},{9,6,1,8,2,3,4,5,7},{7,9,3,4,6,1,2,8,5},{4,1,6,5,7,2,0,0,0},{0,0,0,0,0,0,0,0,0},{0,0,0,0,0,0,0,0,0},{0,0,0,0,0,0,0,0,0},{0,0,0,0,0,0,0,0,0}}
]
13:19:12.644 [main] INFO  sudoku.model.SudokuBoard - Wartość 0 wstawiona nieprawidłowo
13:19:12.644 [main] INFO  sudoku.model.SudokuBoard - Bład w kwadracie 0
sudoku.model.SudokuBoard@3d0d120b[
  size=9
  solver=sudoku.model.BacktrackingSudokuSolver@6b5c134e
  board={{8,7,5,6,4,9,1,2,3},{3,4,2,7,1,5,8,6,9},{9,6,1,8,2,3,4,5,7},{7,9,3,4,6,1,2,8,5},{4,1,6,5,7,0,0,0,0},{0,0,0,0,0,0,0,0,0},{0,0,0,0,0,0,0,0,0},{0,0,0,0,0,0,0,0,0},{0,0,0,0,0,0,0,0,0}}
]
13:19:12.645 [main] INFO  sudoku.model.SudokuBoard - Wartość 0 wstawiona nieprawidłowo
13:19:12.645 [main] INFO  sudoku.model.SudokuBoard - Bład w kwadracie 0
sudoku.model.SudokuBoard@3d0d120b[
  size=9
  solver=sudoku.model.BacktrackingSudokuSolver@6b5c134e
  board={{8,7,5,6,4,9,1,2,3},{3,4,2,7,1,5,8,6,9},{9,6,1,8,2,3,4,5,7},{7,9,3,4,6,1,2,8,5},{4,1,6,5,0,0,0,0,0},{0,0,0,0,0,0,0,0,0},{0,0,0,0,0,0,0,0,0},{0,0,0,0,0,0,0,0,0},{0,0,0,0,0,0,0,0,0}}
]
13:19:12.645 [main] INFO  sudoku.model.SudokuBoard - Wartość 0 wstawiona nieprawidłowo
13:19:12.645 [main] INFO  sudoku.model.SudokuBoard - Bład w kwadracie 0
sudoku.model.SudokuBoard@3d0d120b[
  size=9
  solver=sudoku.model.BacktrackingSudokuSolver@6b5c134e
  board={{8,7,5,6,4,9,1,2,3},{3,4,2,7,1,5,8,6,9},{9,6,1,8,2,3,4,5,7},{7,9,3,4,6,1,2,8,5},{4,1,6,0,0,0,0,0,0},{0,0,0,0,0,0,0,0,0},{0,0,0,0,0,0,0,0,0},{0,0,0,0,0,0,0,0,0},{0,0,0,0,0,0,0,0,0}}
]
13:19:12.645 [main] INFO  sudoku.model.SudokuBoard - Wartość 0 wstawiona nieprawidłowo
13:19:12.645 [main] INFO  sudoku.model.SudokuBoard - Bład w kwadracie 0
sudoku.model.SudokuBoard@3d0d120b[
  size=9
  solver=sudoku.model.BacktrackingSudokuSolver@6b5c134e
  board={{8,7,5,6,4,9,1,2,3},{3,4,2,7,1,5,8,6,9},{9,6,1,8,2,3,4,5,7},{7,9,3,4,6,1,2,8,5},{4,1,6,9,5,2,7,0,0},{0,0,0,0,0,0,0,0,0},{0,0,0,0,0,0,0,0,0},{0,0,0,0,0,0,0,0,0},{0,0,0,0,0,0,0,0,0}}
]
13:19:12.645 [main] INFO  sudoku.model.SudokuBoard - Wartość 0 wstawiona nieprawidłowo
13:19:12.645 [main] INFO  sudoku.model.SudokuBoard - Bład w kwadracie 0
sudoku.model.SudokuBoard@3d0d120b[
  size=9
  solver=sudoku.model.BacktrackingSudokuSolver@6b5c134e
  board={{8,7,5,6,4,9,1,2,3},{3,4,2,7,1,5,8,6,9},{9,6,1,8,2,3,4,5,7},{7,9,3,4,6,1,2,8,5},{4,1,6,9,5,2,0,0,0},{0,0,0,0,0,0,0,0,0},{0,0,0,0,0,0,0,0,0},{0,0,0,0,0,0,0,0,0},{0,0,0,0,0,0,0,0,0}}
]
13:19:12.645 [main] INFO  sudoku.model.SudokuBoard - Wartość 0 wstawiona nieprawidłowo
13:19:12.645 [main] INFO  sudoku.model.SudokuBoard - Bład w kwadracie 0
sudoku.model.SudokuBoard@3d0d120b[
  size=9
  solver=sudoku.model.BacktrackingSudokuSolver@6b5c134e
  board={{8,7,5,6,4,9,1,2,3},{3,4,2,7,1,5,8,6,9},{9,6,1,8,2,3,4,5,7},{7,9,3,4,6,1,2,8,5},{4,1,6,9,5,2,3,0,0},{0,0,0,0,0,0,0,0,0},{0,0,0,0,0,0,0,0,0},{0,0,0,0,0,0,0,0,0},{0,0,0,0,0,0,0,0,0}}
]
13:19:12.645 [main] INFO  sudoku.model.SudokuBoard - Wartość 0 wstawiona nieprawidłowo
13:19:12.646 [main] INFO  sudoku.model.SudokuBoard - Bład w kwadracie 0
sudoku.model.SudokuBoard@3d0d120b[
  size=9
  solver=sudoku.model.BacktrackingSudokuSolver@6b5c134e
  board={{8,7,5,6,4,9,1,2,3},{3,4,2,7,1,5,8,6,9},{9,6,1,8,2,3,4,5,7},{7,9,3,4,6,1,2,8,5},{4,1,6,9,5,2,0,0,0},{0,0,0,0,0,0,0,0,0},{0,0,0,0,0,0,0,0,0},{0,0,0,0,0,0,0,0,0},{0,0,0,0,0,0,0,0,0}}
]
13:19:12.646 [main] INFO  sudoku.model.SudokuBoard - Wartość 0 wstawiona nieprawidłowo
13:19:12.646 [main] INFO  sudoku.model.SudokuBoard - Bład w kwadracie 0
sudoku.model.SudokuBoard@3d0d120b[
  size=9
  solver=sudoku.model.BacktrackingSudokuSolver@6b5c134e
  board={{8,7,5,6,4,9,1,2,3},{3,4,2,7,1,5,8,6,9},{9,6,1,8,2,3,4,5,7},{7,9,3,4,6,1,2,8,5},{4,1,6,9,5,0,0,0,0},{0,0,0,0,0,0,0,0,0},{0,0,0,0,0,0,0,0,0},{0,0,0,0,0,0,0,0,0},{0,0,0,0,0,0,0,0,0}}
]
13:19:12.646 [main] INFO  sudoku.model.SudokuBoard - Wartość 0 wstawiona nieprawidłowo
13:19:12.646 [main] INFO  sudoku.model.SudokuBoard - Bład w kwadracie 0
sudoku.model.SudokuBoard@3d0d120b[
  size=9
  solver=sudoku.model.BacktrackingSudokuSolver@6b5c134e
  board={{8,7,5,6,4,9,1,2,3},{3,4,2,7,1,5,8,6,9},{9,6,1,8,2,3,4,5,7},{7,9,3,4,6,1,2,8,5},{4,1,6,9,5,7,0,0,0},{0,0,0,0,0,0,0,0,0},{0,0,0,0,0,0,0,0,0},{0,0,0,0,0,0,0,0,0},{0,0,0,0,0,0,0,0,0}}
]
13:19:12.646 [main] INFO  sudoku.model.SudokuBoard - Wartość 0 wstawiona nieprawidłowo
13:19:12.646 [main] INFO  sudoku.model.SudokuBoard - Bład w kwadracie 0
sudoku.model.SudokuBoard@3d0d120b[
  size=9
  solver=sudoku.model.BacktrackingSudokuSolver@6b5c134e
  board={{8,7,5,6,4,9,1,2,3},{3,4,2,7,1,5,8,6,9},{9,6,1,8,2,3,4,5,7},{7,9,3,4,6,1,2,8,5},{4,1,6,9,5,0,0,0,0},{0,0,0,0,0,0,0,0,0},{0,0,0,0,0,0,0,0,0},{0,0,0,0,0,0,0,0,0},{0,0,0,0,0,0,0,0,0}}
]
13:19:12.646 [main] INFO  sudoku.model.SudokuBoard - Wartość 0 wstawiona nieprawidłowo
13:19:12.646 [main] INFO  sudoku.model.SudokuBoard - Bład w kwadracie 0
sudoku.model.SudokuBoard@3d0d120b[
  size=9
  solver=sudoku.model.BacktrackingSudokuSolver@6b5c134e
  board={{8,7,5,6,4,9,1,2,3},{3,4,2,7,1,5,8,6,9},{9,6,1,8,2,3,4,5,7},{7,9,3,4,6,1,2,8,5},{4,1,6,9,5,8,3,0,0},{0,0,0,0,0,0,0,0,0},{0,0,0,0,0,0,0,0,0},{0,0,0,0,0,0,0,0,0},{0,0,0,0,0,0,0,0,0}}
]
13:19:12.646 [main] INFO  sudoku.model.SudokuBoard - Wartość 0 wstawiona nieprawidłowo
13:19:12.646 [main] INFO  sudoku.model.SudokuBoard - Bład w kwadracie 0
sudoku.model.SudokuBoard@3d0d120b[
  size=9
  solver=sudoku.model.BacktrackingSudokuSolver@6b5c134e
  board={{8,7,5,6,4,9,1,2,3},{3,4,2,7,1,5,8,6,9},{9,6,1,8,2,3,4,5,7},{7,9,3,4,6,1,2,8,5},{4,1,6,9,5,8,0,0,0},{0,0,0,0,0,0,0,0,0},{0,0,0,0,0,0,0,0,0},{0,0,0,0,0,0,0,0,0},{0,0,0,0,0,0,0,0,0}}
]
13:19:12.647 [main] INFO  sudoku.model.SudokuBoard - Wartość 0 wstawiona nieprawidłowo
13:19:12.647 [main] INFO  sudoku.model.SudokuBoard - Bład w kwadracie 0
sudoku.model.SudokuBoard@3d0d120b[
  size=9
  solver=sudoku.model.BacktrackingSudokuSolver@6b5c134e
  board={{8,7,5,6,4,9,1,2,3},{3,4,2,7,1,5,8,6,9},{9,6,1,8,2,3,4,5,7},{7,9,3,4,6,1,2,8,5},{4,1,6,9,5,8,7,0,0},{0,0,0,0,0,0,0,0,0},{0,0,0,0,0,0,0,0,0},{0,0,0,0,0,0,0,0,0},{0,0,0,0,0,0,0,0,0}}
]
13:19:12.647 [main] INFO  sudoku.model.SudokuBoard - Wartość 0 wstawiona nieprawidłowo
13:19:12.647 [main] INFO  sudoku.model.SudokuBoard - Bład w kwadracie 0
sudoku.model.SudokuBoard@3d0d120b[
  size=9
  solver=sudoku.model.BacktrackingSudokuSolver@6b5c134e
  board={{8,7,5,6,4,9,1,2,3},{3,4,2,7,1,5,8,6,9},{9,6,1,8,2,3,4,5,7},{7,9,3,4,6,1,2,8,5},{4,1,6,9,5,8,0,0,0},{0,0,0,0,0,0,0,0,0},{0,0,0,0,0,0,0,0,0},{0,0,0,0,0,0,0,0,0},{0,0,0,0,0,0,0,0,0}}
]
13:19:12.647 [main] INFO  sudoku.model.SudokuBoard - Wartość 0 wstawiona nieprawidłowo
13:19:12.647 [main] INFO  sudoku.model.SudokuBoard - Bład w kwadracie 0
sudoku.model.SudokuBoard@3d0d120b[
  size=9
  solver=sudoku.model.BacktrackingSudokuSolver@6b5c134e
  board={{8,7,5,6,4,9,1,2,3},{3,4,2,7,1,5,8,6,9},{9,6,1,8,2,3,4,5,7},{7,9,3,4,6,1,2,8,5},{4,1,6,9,5,0,0,0,0},{0,0,0,0,0,0,0,0,0},{0,0,0,0,0,0,0,0,0},{0,0,0,0,0,0,0,0,0},{0,0,0,0,0,0,0,0,0}}
]
13:19:12.647 [main] INFO  sudoku.model.SudokuBoard - Wartość 0 wstawiona nieprawidłowo
13:19:12.648 [main] INFO  sudoku.model.SudokuBoard - Bład w kwadracie 0
sudoku.model.SudokuBoard@3d0d120b[
  size=9
  solver=sudoku.model.BacktrackingSudokuSolver@6b5c134e
  board={{8,7,5,6,4,9,1,2,3},{3,4,2,7,1,5,8,6,9},{9,6,1,8,2,3,4,5,7},{7,9,3,4,6,1,2,8,5},{4,1,6,9,0,0,0,0,0},{0,0,0,0,0,0,0,0,0},{0,0,0,0,0,0,0,0,0},{0,0,0,0,0,0,0,0,0},{0,0,0,0,0,0,0,0,0}}
]
13:19:12.648 [main] INFO  sudoku.model.SudokuBoard - Wartość 0 wstawiona nieprawidłowo
13:19:12.648 [main] INFO  sudoku.model.SudokuBoard - Bład w kwadracie 0
sudoku.model.SudokuBoard@3d0d120b[
  size=9
  solver=sudoku.model.BacktrackingSudokuSolver@6b5c134e
  board={{8,7,5,6,4,9,1,2,3},{3,4,2,7,1,5,8,6,9},{9,6,1,8,2,3,4,5,7},{7,9,3,4,6,1,2,8,5},{4,1,6,9,7,8,0,0,0},{0,0,0,0,0,0,0,0,0},{0,0,0,0,0,0,0,0,0},{0,0,0,0,0,0,0,0,0},{0,0,0,0,0,0,0,0,0}}
]
13:19:12.648 [main] INFO  sudoku.model.SudokuBoard - Wartość 0 wstawiona nieprawidłowo
13:19:12.648 [main] INFO  sudoku.model.SudokuBoard - Bład w kwadracie 0
sudoku.model.SudokuBoard@3d0d120b[
  size=9
  solver=sudoku.model.BacktrackingSudokuSolver@6b5c134e
  board={{8,7,5,6,4,9,1,2,3},{3,4,2,7,1,5,8,6,9},{9,6,1,8,2,3,4,5,7},{7,9,3,4,6,1,2,8,5},{4,1,6,9,7,0,0,0,0},{0,0,0,0,0,0,0,0,0},{0,0,0,0,0,0,0,0,0},{0,0,0,0,0,0,0,0,0},{0,0,0,0,0,0,0,0,0}}
]
13:19:12.648 [main] INFO  sudoku.model.SudokuBoard - Wartość 0 wstawiona nieprawidłowo
13:19:12.648 [main] INFO  sudoku.model.SudokuBoard - Bład w kwadracie 0
sudoku.model.SudokuBoard@3d0d120b[
  size=9
  solver=sudoku.model.BacktrackingSudokuSolver@6b5c134e
  board={{8,7,5,6,4,9,1,2,3},{3,4,2,7,1,5,8,6,9},{9,6,1,8,2,3,4,5,7},{7,9,3,4,6,1,2,8,5},{4,1,6,9,7,2,0,0,0},{0,0,0,0,0,0,0,0,0},{0,0,0,0,0,0,0,0,0},{0,0,0,0,0,0,0,0,0},{0,0,0,0,0,0,0,0,0}}
]
13:19:12.648 [main] INFO  sudoku.model.SudokuBoard - Wartość 0 wstawiona nieprawidłowo
13:19:12.648 [main] INFO  sudoku.model.SudokuBoard - Bład w kwadracie 0
sudoku.model.SudokuBoard@3d0d120b[
  size=9
  solver=sudoku.model.BacktrackingSudokuSolver@6b5c134e
  board={{8,7,5,6,4,9,1,2,3},{3,4,2,7,1,5,8,6,9},{9,6,1,8,2,3,4,5,7},{7,9,3,4,6,1,2,8,5},{4,1,6,9,7,0,0,0,0},{0,0,0,0,0,0,0,0,0},{0,0,0,0,0,0,0,0,0},{0,0,0,0,0,0,0,0,0},{0,0,0,0,0,0,0,0,0}}
]
13:19:12.648 [main] INFO  sudoku.model.SudokuBoard - Wartość 0 wstawiona nieprawidłowo
13:19:12.648 [main] INFO  sudoku.model.SudokuBoard - Bład w kwadracie 0
sudoku.model.SudokuBoard@3d0d120b[
  size=9
  solver=sudoku.model.BacktrackingSudokuSolver@6b5c134e
  board={{8,7,5,6,4,9,1,2,3},{3,4,2,7,1,5,8,6,9},{9,6,1,8,2,3,4,5,7},{7,9,3,4,6,1,2,8,5},{4,1,6,9,0,0,0,0,0},{0,0,0,0,0,0,0,0,0},{0,0,0,0,0,0,0,0,0},{0,0,0,0,0,0,0,0,0},{0,0,0,0,0,0,0,0,0}}
]
13:19:12.648 [main] INFO  sudoku.model.SudokuBoard - Wartość 0 wstawiona nieprawidłowo
13:19:12.648 [main] INFO  sudoku.model.SudokuBoard - Bład w kwadracie 0
sudoku.model.SudokuBoard@3d0d120b[
  size=9
  solver=sudoku.model.BacktrackingSudokuSolver@6b5c134e
  board={{8,7,5,6,4,9,1,2,3},{3,4,2,7,1,5,8,6,9},{9,6,1,8,2,3,4,5,7},{7,9,3,4,6,1,2,8,5},{4,1,6,9,8,7,0,0,0},{0,0,0,0,0,0,0,0,0},{0,0,0,0,0,0,0,0,0},{0,0,0,0,0,0,0,0,0},{0,0,0,0,0,0,0,0,0}}
]
13:19:12.649 [main] INFO  sudoku.model.SudokuBoard - Wartość 0 wstawiona nieprawidłowo
13:19:12.649 [main] INFO  sudoku.model.SudokuBoard - Bład w kwadracie 0
sudoku.model.SudokuBoard@3d0d120b[
  size=9
  solver=sudoku.model.BacktrackingSudokuSolver@6b5c134e
  board={{8,7,5,6,4,9,1,2,3},{3,4,2,7,1,5,8,6,9},{9,6,1,8,2,3,4,5,7},{7,9,3,4,6,1,2,8,5},{4,1,6,9,8,0,0,0,0},{0,0,0,0,0,0,0,0,0},{0,0,0,0,0,0,0,0,0},{0,0,0,0,0,0,0,0,0},{0,0,0,0,0,0,0,0,0}}
]
13:19:12.649 [main] INFO  sudoku.model.SudokuBoard - Wartość 0 wstawiona nieprawidłowo
13:19:12.649 [main] INFO  sudoku.model.SudokuBoard - Bład w kwadracie 0
sudoku.model.SudokuBoard@3d0d120b[
  size=9
  solver=sudoku.model.BacktrackingSudokuSolver@6b5c134e
  board={{8,7,5,6,4,9,1,2,3},{3,4,2,7,1,5,8,6,9},{9,6,1,8,2,3,4,5,7},{7,9,3,4,6,1,2,8,5},{4,1,6,9,8,2,3,0,0},{0,0,0,0,0,0,0,0,0},{0,0,0,0,0,0,0,0,0},{0,0,0,0,0,0,0,0,0},{0,0,0,0,0,0,0,0,0}}
]
13:19:12.649 [main] INFO  sudoku.model.SudokuBoard - Wartość 0 wstawiona nieprawidłowo
13:19:12.649 [main] INFO  sudoku.model.SudokuBoard - Bład w kwadracie 0
sudoku.model.SudokuBoard@3d0d120b[
  size=9
  solver=sudoku.model.BacktrackingSudokuSolver@6b5c134e
  board={{8,7,5,6,4,9,1,2,3},{3,4,2,7,1,5,8,6,9},{9,6,1,8,2,3,4,5,7},{7,9,3,4,6,1,2,8,5},{4,1,6,9,8,2,0,0,0},{0,0,0,0,0,0,0,0,0},{0,0,0,0,0,0,0,0,0},{0,0,0,0,0,0,0,0,0},{0,0,0,0,0,0,0,0,0}}
]
13:19:12.649 [main] INFO  sudoku.model.SudokuBoard - Wartość 0 wstawiona nieprawidłowo
13:19:12.649 [main] INFO  sudoku.model.SudokuBoard - Bład w kwadracie 0
sudoku.model.SudokuBoard@3d0d120b[
  size=9
  solver=sudoku.model.BacktrackingSudokuSolver@6b5c134e
  board={{8,7,5,6,4,9,1,2,3},{3,4,2,7,1,5,8,6,9},{9,6,1,8,2,3,4,5,7},{7,9,3,4,6,1,2,8,5},{4,1,6,9,8,2,7,0,0},{0,0,0,0,0,0,0,0,0},{0,0,0,0,0,0,0,0,0},{0,0,0,0,0,0,0,0,0},{0,0,0,0,0,0,0,0,0}}
]
13:19:12.649 [main] INFO  sudoku.model.SudokuBoard - Wartość 0 wstawiona nieprawidłowo
13:19:12.649 [main] INFO  sudoku.model.SudokuBoard - Bład w kwadracie 0
sudoku.model.SudokuBoard@3d0d120b[
  size=9
  solver=sudoku.model.BacktrackingSudokuSolver@6b5c134e
  board={{8,7,5,6,4,9,1,2,3},{3,4,2,7,1,5,8,6,9},{9,6,1,8,2,3,4,5,7},{7,9,3,4,6,1,2,8,5},{4,1,6,9,8,2,0,0,0},{0,0,0,0,0,0,0,0,0},{0,0,0,0,0,0,0,0,0},{0,0,0,0,0,0,0,0,0},{0,0,0,0,0,0,0,0,0}}
]
13:19:12.649 [main] INFO  sudoku.model.SudokuBoard - Wartość 0 wstawiona nieprawidłowo
13:19:12.650 [main] INFO  sudoku.model.SudokuBoard - Bład w kwadracie 0
sudoku.model.SudokuBoard@3d0d120b[
  size=9
  solver=sudoku.model.BacktrackingSudokuSolver@6b5c134e
  board={{8,7,5,6,4,9,1,2,3},{3,4,2,7,1,5,8,6,9},{9,6,1,8,2,3,4,5,7},{7,9,3,4,6,1,2,8,5},{4,1,6,9,8,0,0,0,0},{0,0,0,0,0,0,0,0,0},{0,0,0,0,0,0,0,0,0},{0,0,0,0,0,0,0,0,0},{0,0,0,0,0,0,0,0,0}}
]
13:19:12.650 [main] INFO  sudoku.model.SudokuBoard - Wartość 0 wstawiona nieprawidłowo
13:19:12.650 [main] INFO  sudoku.model.SudokuBoard - Bład w kwadracie 0
sudoku.model.SudokuBoard@3d0d120b[
  size=9
  solver=sudoku.model.BacktrackingSudokuSolver@6b5c134e
  board={{8,7,5,6,4,9,1,2,3},{3,4,2,7,1,5,8,6,9},{9,6,1,8,2,3,4,5,7},{7,9,3,4,6,1,2,8,5},{4,1,6,9,0,0,0,0,0},{0,0,0,0,0,0,0,0,0},{0,0,0,0,0,0,0,0,0},{0,0,0,0,0,0,0,0,0},{0,0,0,0,0,0,0,0,0}}
]
13:19:12.650 [main] INFO  sudoku.model.SudokuBoard - Wartość 0 wstawiona nieprawidłowo
13:19:12.650 [main] INFO  sudoku.model.SudokuBoard - Bład w kwadracie 0
sudoku.model.SudokuBoard@3d0d120b[
  size=9
  solver=sudoku.model.BacktrackingSudokuSolver@6b5c134e
  board={{8,7,5,6,4,9,1,2,3},{3,4,2,7,1,5,8,6,9},{9,6,1,8,2,3,4,5,7},{7,9,3,4,6,1,2,8,5},{4,1,6,9,3,2,0,0,0},{0,0,0,0,0,0,0,0,0},{0,0,0,0,0,0,0,0,0},{0,0,0,0,0,0,0,0,0},{0,0,0,0,0,0,0,0,0}}
]
13:19:12.650 [main] INFO  sudoku.model.SudokuBoard - Wartość 0 wstawiona nieprawidłowo
13:19:12.650 [main] INFO  sudoku.model.SudokuBoard - Bład w kwadracie 0
sudoku.model.SudokuBoard@3d0d120b[
  size=9
  solver=sudoku.model.BacktrackingSudokuSolver@6b5c134e
  board={{8,7,5,6,4,9,1,2,3},{3,4,2,7,1,5,8,6,9},{9,6,1,8,2,3,4,5,7},{7,9,3,4,6,1,2,8,5},{4,1,6,9,3,0,0,0,0},{0,0,0,0,0,0,0,0,0},{0,0,0,0,0,0,0,0,0},{0,0,0,0,0,0,0,0,0},{0,0,0,0,0,0,0,0,0}}
]
13:19:12.650 [main] INFO  sudoku.model.SudokuBoard - Wartość 0 wstawiona nieprawidłowo
13:19:12.650 [main] INFO  sudoku.model.SudokuBoard - Bład w kwadracie 0
sudoku.model.SudokuBoard@3d0d120b[
  size=9
  solver=sudoku.model.BacktrackingSudokuSolver@6b5c134e
  board={{8,7,5,6,4,9,1,2,3},{3,4,2,7,1,5,8,6,9},{9,6,1,8,2,3,4,5,7},{7,9,3,4,6,1,2,8,5},{4,1,6,9,3,0,0,0,0},{0,0,0,0,0,0,0,0,0},{0,0,0,0,0,0,0,0,0},{0,0,0,0,0,0,0,0,0},{0,0,0,0,0,0,0,0,0}}
]
13:19:12.650 [main] INFO  sudoku.model.SudokuBoard - Wartość 0 wstawiona nieprawidłowo
13:19:12.650 [main] INFO  sudoku.model.SudokuBoard - Bład w kwadracie 0
sudoku.model.SudokuBoard@3d0d120b[
  size=9
  solver=sudoku.model.BacktrackingSudokuSolver@6b5c134e
  board={{8,7,5,6,4,9,1,2,3},{3,4,2,7,1,5,8,6,9},{9,6,1,8,2,3,4,5,7},{7,9,3,4,6,1,2,8,5},{4,1,6,9,3,8,0,0,0},{0,0,0,0,0,0,0,0,0},{0,0,0,0,0,0,0,0,0},{0,0,0,0,0,0,0,0,0},{0,0,0,0,0,0,0,0,0}}
]
13:19:12.650 [main] INFO  sudoku.model.SudokuBoard - Wartość 0 wstawiona nieprawidłowo
13:19:12.651 [main] INFO  sudoku.model.SudokuBoard - Bład w kwadracie 0
sudoku.model.SudokuBoard@3d0d120b[
  size=9
  solver=sudoku.model.BacktrackingSudokuSolver@6b5c134e
  board={{8,7,5,6,4,9,1,2,3},{3,4,2,7,1,5,8,6,9},{9,6,1,8,2,3,4,5,7},{7,9,3,4,6,1,2,8,5},{4,1,6,9,3,0,0,0,0},{0,0,0,0,0,0,0,0,0},{0,0,0,0,0,0,0,0,0},{0,0,0,0,0,0,0,0,0},{0,0,0,0,0,0,0,0,0}}
]
13:19:12.651 [main] INFO  sudoku.model.SudokuBoard - Wartość 0 wstawiona nieprawidłowo
13:19:12.651 [main] INFO  sudoku.model.SudokuBoard - Bład w kwadracie 0
sudoku.model.SudokuBoard@3d0d120b[
  size=9
  solver=sudoku.model.BacktrackingSudokuSolver@6b5c134e
  board={{8,7,5,6,4,9,1,2,3},{3,4,2,7,1,5,8,6,9},{9,6,1,8,2,3,4,5,7},{7,9,3,4,6,1,2,8,5},{4,1,6,9,0,0,0,0,0},{0,0,0,0,0,0,0,0,0},{0,0,0,0,0,0,0,0,0},{0,0,0,0,0,0,0,0,0},{0,0,0,0,0,0,0,0,0}}
]
13:19:12.651 [main] INFO  sudoku.model.SudokuBoard - Wartość 0 wstawiona nieprawidłowo
13:19:12.651 [main] INFO  sudoku.model.SudokuBoard - Bład w kwadracie 0
sudoku.model.SudokuBoard@3d0d120b[
  size=9
  solver=sudoku.model.BacktrackingSudokuSolver@6b5c134e
  board={{8,7,5,6,4,9,1,2,3},{3,4,2,7,1,5,8,6,9},{9,6,1,8,2,3,4,5,7},{7,9,3,4,6,1,2,8,5},{4,1,6,0,0,0,0,0,0},{0,0,0,0,0,0,0,0,0},{0,0,0,0,0,0,0,0,0},{0,0,0,0,0,0,0,0,0},{0,0,0,0,0,0,0,0,0}}
]
13:19:12.651 [main] INFO  sudoku.model.SudokuBoard - Wartość 0 wstawiona nieprawidłowo
13:19:12.651 [main] INFO  sudoku.model.SudokuBoard - Bład w kwadracie 0
sudoku.model.SudokuBoard@3d0d120b[
  size=9
  solver=sudoku.model.BacktrackingSudokuSolver@6b5c134e
  board={{8,7,5,6,4,9,1,2,3},{3,4,2,7,1,5,8,6,9},{9,6,1,8,2,3,4,5,7},{7,9,3,4,6,1,2,8,5},{4,1,0,0,0,0,0,0,0},{0,0,0,0,0,0,0,0,0},{0,0,0,0,0,0,0,0,0},{0,0,0,0,0,0,0,0,0},{0,0,0,0,0,0,0,0,0}}
]
13:19:12.651 [main] INFO  sudoku.model.SudokuBoard - Wartość 0 wstawiona nieprawidłowo
13:19:12.651 [main] INFO  sudoku.model.SudokuBoard - Bład w kwadracie 0
sudoku.model.SudokuBoard@3d0d120b[
  size=9
  solver=sudoku.model.BacktrackingSudokuSolver@6b5c134e
  board={{8,7,5,6,4,9,1,2,3},{3,4,2,7,1,5,8,6,9},{9,6,1,8,2,3,4,5,7},{7,9,3,4,6,1,2,8,5},{4,1,8,2,0,0,0,0,0},{0,0,0,0,0,0,0,0,0},{0,0,0,0,0,0,0,0,0},{0,0,0,0,0,0,0,0,0},{0,0,0,0,0,0,0,0,0}}
]
13:19:12.651 [main] INFO  sudoku.model.SudokuBoard - Wartość 0 wstawiona nieprawidłowo
13:19:12.651 [main] INFO  sudoku.model.SudokuBoard - Bład w kwadracie 0
sudoku.model.SudokuBoard@3d0d120b[
  size=9
  solver=sudoku.model.BacktrackingSudokuSolver@6b5c134e
  board={{8,7,5,6,4,9,1,2,3},{3,4,2,7,1,5,8,6,9},{9,6,1,8,2,3,4,5,7},{7,9,3,4,6,1,2,8,5},{4,1,8,2,9,7,0,0,0},{0,0,0,0,0,0,0,0,0},{0,0,0,0,0,0,0,0,0},{0,0,0,0,0,0,0,0,0},{0,0,0,0,0,0,0,0,0}}
]
13:19:12.652 [main] INFO  sudoku.model.SudokuBoard - Wartość 0 wstawiona nieprawidłowo
13:19:12.652 [main] INFO  sudoku.model.SudokuBoard - Bład w kwadracie 0
sudoku.model.SudokuBoard@3d0d120b[
  size=9
  solver=sudoku.model.BacktrackingSudokuSolver@6b5c134e
  board={{8,7,5,6,4,9,1,2,3},{3,4,2,7,1,5,8,6,9},{9,6,1,8,2,3,4,5,7},{7,9,3,4,6,1,2,8,5},{4,1,8,2,9,7,6,0,0},{0,0,0,0,0,0,0,0,0},{0,0,0,0,0,0,0,0,0},{0,0,0,0,0,0,0,0,0},{0,0,0,0,0,0,0,0,0}}
]
13:19:12.652 [main] INFO  sudoku.model.SudokuBoard - Wartość 0 wstawiona nieprawidłowo
13:19:12.652 [main] INFO  sudoku.model.SudokuBoard - Bład w kwadracie 0
sudoku.model.SudokuBoard@3d0d120b[
  size=9
  solver=sudoku.model.BacktrackingSudokuSolver@6b5c134e
  board={{8,7,5,6,4,9,1,2,3},{3,4,2,7,1,5,8,6,9},{9,6,1,8,2,3,4,5,7},{7,9,3,4,6,1,2,8,5},{4,1,8,2,9,7,0,0,0},{0,0,0,0,0,0,0,0,0},{0,0,0,0,0,0,0,0,0},{0,0,0,0,0,0,0,0,0},{0,0,0,0,0,0,0,0,0}}
]
13:19:12.652 [main] INFO  sudoku.model.SudokuBoard - Wartość 0 wstawiona nieprawidłowo
13:19:12.652 [main] INFO  sudoku.model.SudokuBoard - Bład w kwadracie 0
sudoku.model.SudokuBoard@3d0d120b[
  size=9
  solver=sudoku.model.BacktrackingSudokuSolver@6b5c134e
  board={{8,7,5,6,4,9,1,2,3},{3,4,2,7,1,5,8,6,9},{9,6,1,8,2,3,4,5,7},{7,9,3,4,6,1,2,8,5},{4,1,8,2,9,0,0,0,0},{0,0,0,0,0,0,0,0,0},{0,0,0,0,0,0,0,0,0},{0,0,0,0,0,0,0,0,0},{0,0,0,0,0,0,0,0,0}}
]
13:19:12.652 [main] INFO  sudoku.model.SudokuBoard - Wartość 0 wstawiona nieprawidłowo
13:19:12.652 [main] INFO  sudoku.model.SudokuBoard - Bład w kwadracie 0
sudoku.model.SudokuBoard@3d0d120b[
  size=9
  solver=sudoku.model.BacktrackingSudokuSolver@6b5c134e
  board={{8,7,5,6,4,9,1,2,3},{3,4,2,7,1,5,8,6,9},{9,6,1,8,2,3,4,5,7},{7,9,3,4,6,1,2,8,5},{4,1,8,2,0,0,0,0,0},{0,0,0,0,0,0,0,0,0},{0,0,0,0,0,0,0,0,0},{0,0,0,0,0,0,0,0,0},{0,0,0,0,0,0,0,0,0}}
]
13:19:12.652 [main] INFO  sudoku.model.SudokuBoard - Wartość 0 wstawiona nieprawidłowo
13:19:12.652 [main] INFO  sudoku.model.SudokuBoard - Bład w kwadracie 0
sudoku.model.SudokuBoard@3d0d120b[
  size=9
  solver=sudoku.model.BacktrackingSudokuSolver@6b5c134e
  board={{8,7,5,6,4,9,1,2,3},{3,4,2,7,1,5,8,6,9},{9,6,1,8,2,3,4,5,7},{7,9,3,4,6,1,2,8,5},{4,1,8,2,3,7,0,0,0},{0,0,0,0,0,0,0,0,0},{0,0,0,0,0,0,0,0,0},{0,0,0,0,0,0,0,0,0},{0,0,0,0,0,0,0,0,0}}
]
13:19:12.652 [main] INFO  sudoku.model.SudokuBoard - Wartość 0 wstawiona nieprawidłowo
13:19:12.653 [main] INFO  sudoku.model.SudokuBoard - Bład w kwadracie 0
sudoku.model.SudokuBoard@3d0d120b[
  size=9
  solver=sudoku.model.BacktrackingSudokuSolver@6b5c134e
  board={{8,7,5,6,4,9,1,2,3},{3,4,2,7,1,5,8,6,9},{9,6,1,8,2,3,4,5,7},{7,9,3,4,6,1,2,8,5},{4,1,8,2,3,7,6,0,0},{0,0,0,0,0,0,0,0,0},{0,0,0,0,0,0,0,0,0},{0,0,0,0,0,0,0,0,0},{0,0,0,0,0,0,0,0,0}}
]
13:19:12.653 [main] INFO  sudoku.model.SudokuBoard - Wartość 0 wstawiona nieprawidłowo
13:19:12.653 [main] INFO  sudoku.model.SudokuBoard - Bład w kwadracie 0
sudoku.model.SudokuBoard@3d0d120b[
  size=9
  solver=sudoku.model.BacktrackingSudokuSolver@6b5c134e
  board={{8,7,5,6,4,9,1,2,3},{3,4,2,7,1,5,8,6,9},{9,6,1,8,2,3,4,5,7},{7,9,3,4,6,1,2,8,5},{4,1,8,2,3,7,0,0,0},{0,0,0,0,0,0,0,0,0},{0,0,0,0,0,0,0,0,0},{0,0,0,0,0,0,0,0,0},{0,0,0,0,0,0,0,0,0}}
]
13:19:12.653 [main] INFO  sudoku.model.SudokuBoard - Wartość 0 wstawiona nieprawidłowo
13:19:12.653 [main] INFO  sudoku.model.SudokuBoard - Bład w kwadracie 0
sudoku.model.SudokuBoard@3d0d120b[
  size=9
  solver=sudoku.model.BacktrackingSudokuSolver@6b5c134e
  board={{8,7,5,6,4,9,1,2,3},{3,4,2,7,1,5,8,6,9},{9,6,1,8,2,3,4,5,7},{7,9,3,4,6,1,2,8,5},{4,1,8,2,3,0,0,0,0},{0,0,0,0,0,0,0,0,0},{0,0,0,0,0,0,0,0,0},{0,0,0,0,0,0,0,0,0},{0,0,0,0,0,0,0,0,0}}
]
13:19:12.653 [main] INFO  sudoku.model.SudokuBoard - Wartość 0 wstawiona nieprawidłowo
13:19:12.653 [main] INFO  sudoku.model.SudokuBoard - Bład w kwadracie 0
sudoku.model.SudokuBoard@3d0d120b[
  size=9
  solver=sudoku.model.BacktrackingSudokuSolver@6b5c134e
  board={{8,7,5,6,4,9,1,2,3},{3,4,2,7,1,5,8,6,9},{9,6,1,8,2,3,4,5,7},{7,9,3,4,6,1,2,8,5},{4,1,8,2,0,0,0,0,0},{0,0,0,0,0,0,0,0,0},{0,0,0,0,0,0,0,0,0},{0,0,0,0,0,0,0,0,0},{0,0,0,0,0,0,0,0,0}}
]
13:19:12.653 [main] INFO  sudoku.model.SudokuBoard - Wartość 0 wstawiona nieprawidłowo
13:19:12.653 [main] INFO  sudoku.model.SudokuBoard - Bład w kwadracie 0
sudoku.model.SudokuBoard@3d0d120b[
  size=9
  solver=sudoku.model.BacktrackingSudokuSolver@6b5c134e
  board={{8,7,5,6,4,9,1,2,3},{3,4,2,7,1,5,8,6,9},{9,6,1,8,2,3,4,5,7},{7,9,3,4,6,1,2,8,5},{4,1,8,2,5,7,6,0,0},{0,0,0,0,0,0,0,0,0},{0,0,0,0,0,0,0,0,0},{0,0,0,0,0,0,0,0,0},{0,0,0,0,0,0,0,0,0}}
]
13:19:12.653 [main] INFO  sudoku.model.SudokuBoard - Wartość 0 wstawiona nieprawidłowo
13:19:12.653 [main] INFO  sudoku.model.SudokuBoard - Bład w kwadracie 0
sudoku.model.SudokuBoard@3d0d120b[
  size=9
  solver=sudoku.model.BacktrackingSudokuSolver@6b5c134e
  board={{8,7,5,6,4,9,1,2,3},{3,4,2,7,1,5,8,6,9},{9,6,1,8,2,3,4,5,7},{7,9,3,4,6,1,2,8,5},{4,1,8,2,5,7,6,0,0},{0,0,0,0,0,0,0,0,0},{0,0,0,0,0,0,0,0,0},{0,0,0,0,0,0,0,0,0},{0,0,0,0,0,0,0,0,0}}
]
13:19:12.653 [main] INFO  sudoku.model.SudokuBoard - Wartość 0 wstawiona nieprawidłowo
13:19:12.654 [main] INFO  sudoku.model.SudokuBoard - Bład w kwadracie 0
sudoku.model.SudokuBoard@3d0d120b[
  size=9
  solver=sudoku.model.BacktrackingSudokuSolver@6b5c134e
  board={{8,7,5,6,4,9,1,2,3},{3,4,2,7,1,5,8,6,9},{9,6,1,8,2,3,4,5,7},{7,9,3,4,6,1,2,8,5},{4,1,8,2,5,7,0,0,0},{0,0,0,0,0,0,0,0,0},{0,0,0,0,0,0,0,0,0},{0,0,0,0,0,0,0,0,0},{0,0,0,0,0,0,0,0,0}}
]
13:19:12.654 [main] INFO  sudoku.model.SudokuBoard - Wartość 0 wstawiona nieprawidłowo
13:19:12.654 [main] INFO  sudoku.model.SudokuBoard - Bład w kwadracie 0
sudoku.model.SudokuBoard@3d0d120b[
  size=9
  solver=sudoku.model.BacktrackingSudokuSolver@6b5c134e
  board={{8,7,5,6,4,9,1,2,3},{3,4,2,7,1,5,8,6,9},{9,6,1,8,2,3,4,5,7},{7,9,3,4,6,1,2,8,5},{4,1,8,2,5,7,9,3,6},{2,5,6,9,3,8,7,4,1},{1,8,9,3,7,2,0,0,0},{0,0,0,0,0,0,0,0,0},{0,0,0,0,0,0,0,0,0}}
]
13:19:12.654 [main] INFO  sudoku.model.SudokuBoard - Wartość 0 wstawiona nieprawidłowo
13:19:12.654 [main] INFO  sudoku.model.SudokuBoard - Bład w kwadracie 0
sudoku.model.SudokuBoard@3d0d120b[
  size=9
  solver=sudoku.model.BacktrackingSudokuSolver@6b5c134e
  board={{8,7,5,6,4,9,1,2,3},{3,4,2,7,1,5,8,6,9},{9,6,1,8,2,3,4,5,7},{7,9,3,4,6,1,2,8,5},{4,1,8,2,5,7,9,3,6},{2,5,6,9,3,8,7,4,1},{1,8,9,3,7,2,0,0,0},{0,0,0,0,0,0,0,0,0},{0,0,0,0,0,0,0,0,0}}
]
13:19:12.654 [main] INFO  sudoku.model.SudokuBoard - Wartość 0 wstawiona nieprawidłowo
13:19:12.654 [main] INFO  sudoku.model.SudokuBoard - Bład w kwadracie 0
sudoku.model.SudokuBoard@3d0d120b[
  size=9
  solver=sudoku.model.BacktrackingSudokuSolver@6b5c134e
  board={{8,7,5,6,4,9,1,2,3},{3,4,2,7,1,5,8,6,9},{9,6,1,8,2,3,4,5,7},{7,9,3,4,6,1,2,8,5},{4,1,8,2,5,7,9,3,6},{2,5,6,9,3,8,7,4,1},{1,8,9,3,7,0,0,0,0},{0,0,0,0,0,0,0,0,0},{0,0,0,0,0,0,0,0,0}}
]
13:19:12.654 [main] INFO  sudoku.model.SudokuBoard - Wartość 0 wstawiona nieprawidłowo
13:19:12.654 [main] INFO  sudoku.model.SudokuBoard - Bład w kwadracie 0
sudoku.model.SudokuBoard@3d0d120b[
  size=9
  solver=sudoku.model.BacktrackingSudokuSolver@6b5c134e
  board={{8,7,5,6,4,9,1,2,3},{3,4,2,7,1,5,8,6,9},{9,6,1,8,2,3,4,5,7},{7,9,3,4,6,1,2,8,5},{4,1,8,2,5,7,9,3,6},{2,5,6,9,3,8,7,4,1},{1,8,9,3,7,4,0,0,0},{0,0,0,0,0,0,0,0,0},{0,0,0,0,0,0,0,0,0}}
]
13:19:12.654 [main] INFO  sudoku.model.SudokuBoard - Wartość 0 wstawiona nieprawidłowo
13:19:12.654 [main] INFO  sudoku.model.SudokuBoard - Bład w kwadracie 0
sudoku.model.SudokuBoard@3d0d120b[
  size=9
  solver=sudoku.model.BacktrackingSudokuSolver@6b5c134e
  board={{8,7,5,6,4,9,1,2,3},{3,4,2,7,1,5,8,6,9},{9,6,1,8,2,3,4,5,7},{7,9,3,4,6,1,2,8,5},{4,1,8,2,5,7,9,3,6},{2,5,6,9,3,8,7,4,1},{1,8,9,3,7,4,0,0,0},{0,0,0,0,0,0,0,0,0},{0,0,0,0,0,0,0,0,0}}
]
13:19:12.654 [main] INFO  sudoku.model.SudokuBoard - Wartość 0 wstawiona nieprawidłowo
13:19:12.655 [main] INFO  sudoku.model.SudokuBoard - Bład w kwadracie 0
sudoku.model.SudokuBoard@3d0d120b[
  size=9
  solver=sudoku.model.BacktrackingSudokuSolver@6b5c134e
  board={{8,7,5,6,4,9,1,2,3},{3,4,2,7,1,5,8,6,9},{9,6,1,8,2,3,4,5,7},{7,9,3,4,6,1,2,8,5},{4,1,8,2,5,7,9,3,6},{2,5,6,9,3,8,7,4,1},{1,8,9,3,7,0,0,0,0},{0,0,0,0,0,0,0,0,0},{0,0,0,0,0,0,0,0,0}}
]
13:19:12.655 [main] INFO  sudoku.model.SudokuBoard - Wartość 0 wstawiona nieprawidłowo
13:19:12.655 [main] INFO  sudoku.model.SudokuBoard - Bład w kwadracie 0
sudoku.model.SudokuBoard@3d0d120b[
  size=9
  solver=sudoku.model.BacktrackingSudokuSolver@6b5c134e
  board={{8,7,5,6,4,9,1,2,3},{3,4,2,7,1,5,8,6,9},{9,6,1,8,2,3,4,5,7},{7,9,3,4,6,1,2,8,5},{4,1,8,2,5,7,9,3,6},{2,5,6,9,3,8,7,4,1},{1,8,9,3,7,6,0,0,0},{0,0,0,0,0,0,0,0,0},{0,0,0,0,0,0,0,0,0}}
]
13:19:12.655 [main] INFO  sudoku.model.SudokuBoard - Wartość 0 wstawiona nieprawidłowo
13:19:12.655 [main] INFO  sudoku.model.SudokuBoard - Bład w kwadracie 0
sudoku.model.SudokuBoard@3d0d120b[
  size=9
  solver=sudoku.model.BacktrackingSudokuSolver@6b5c134e
  board={{8,7,5,6,4,9,1,2,3},{3,4,2,7,1,5,8,6,9},{9,6,1,8,2,3,4,5,7},{7,9,3,4,6,1,2,8,5},{4,1,8,2,5,7,9,3,6},{2,5,6,9,3,8,7,4,1},{1,8,9,3,7,0,0,0,0},{0,0,0,0,0,0,0,0,0},{0,0,0,0,0,0,0,0,0}}
]
13:19:12.655 [main] INFO  sudoku.model.SudokuBoard - Wartość 0 wstawiona nieprawidłowo
13:19:12.655 [main] INFO  sudoku.model.SudokuBoard - Bład w kwadracie 0
sudoku.model.SudokuBoard@3d0d120b[
  size=9
  solver=sudoku.model.BacktrackingSudokuSolver@6b5c134e
  board={{8,7,5,6,4,9,1,2,3},{3,4,2,7,1,5,8,6,9},{9,6,1,8,2,3,4,5,7},{7,9,3,4,6,1,2,8,5},{4,1,8,2,5,7,9,3,6},{2,5,6,9,3,8,7,4,1},{1,8,9,3,0,0,0,0,0},{0,0,0,0,0,0,0,0,0},{0,0,0,0,0,0,0,0,0}}
]
13:19:12.655 [main] INFO  sudoku.model.SudokuBoard - Wartość 0 wstawiona nieprawidłowo
13:19:12.655 [main] INFO  sudoku.model.SudokuBoard - Bład w kwadracie 0
sudoku.model.SudokuBoard@3d0d120b[
  size=9
  solver=sudoku.model.BacktrackingSudokuSolver@6b5c134e
  board={{8,7,5,6,4,9,1,2,3},{3,4,2,7,1,5,8,6,9},{9,6,1,8,2,3,4,5,7},{7,9,3,4,6,1,2,8,5},{4,1,8,2,5,7,9,3,6},{2,5,6,9,3,8,7,4,1},{1,8,9,0,0,0,0,0,0},{0,0,0,0,0,0,0,0,0},{0,0,0,0,0,0,0,0,0}}
]
13:19:12.655 [main] INFO  sudoku.model.SudokuBoard - Wartość 0 wstawiona nieprawidłowo
13:19:12.655 [main] INFO  sudoku.model.SudokuBoard - Bład w kwadracie 0
sudoku.model.SudokuBoard@3d0d120b[
  size=9
  solver=sudoku.model.BacktrackingSudokuSolver@6b5c134e
  board={{8,7,5,6,4,9,1,2,3},{3,4,2,7,1,5,8,6,9},{9,6,1,8,2,3,4,5,7},{7,9,3,4,6,1,2,8,5},{4,1,8,2,5,7,9,3,6},{2,5,6,9,3,8,7,4,1},{1,8,9,5,7,6,0,0,0},{0,0,0,0,0,0,0,0,0},{0,0,0,0,0,0,0,0,0}}
]
13:19:12.655 [main] INFO  sudoku.model.SudokuBoard - Wartość 0 wstawiona nieprawidłowo
13:19:12.655 [main] INFO  sudoku.model.SudokuBoard - Bład w kwadracie 0
sudoku.model.SudokuBoard@3d0d120b[
  size=9
  solver=sudoku.model.BacktrackingSudokuSolver@6b5c134e
  board={{8,7,5,6,4,9,1,2,3},{3,4,2,7,1,5,8,6,9},{9,6,1,8,2,3,4,5,7},{7,9,3,4,6,1,2,8,5},{4,1,8,2,5,7,9,3,6},{2,5,6,9,3,8,7,4,1},{1,8,9,5,7,0,0,0,0},{0,0,0,0,0,0,0,0,0},{0,0,0,0,0,0,0,0,0}}
]
13:19:12.656 [main] INFO  sudoku.model.SudokuBoard - Wartość 0 wstawiona nieprawidłowo
13:19:12.656 [main] INFO  sudoku.model.SudokuBoard - Bład w kwadracie 0
sudoku.model.SudokuBoard@3d0d120b[
  size=9
  solver=sudoku.model.BacktrackingSudokuSolver@6b5c134e
  board={{8,7,5,6,4,9,1,2,3},{3,4,2,7,1,5,8,6,9},{9,6,1,8,2,3,4,5,7},{7,9,3,4,6,1,2,8,5},{4,1,8,2,5,7,9,3,6},{2,5,6,9,3,8,7,4,1},{1,8,9,5,7,2,0,0,0},{0,0,0,0,0,0,0,0,0},{0,0,0,0,0,0,0,0,0}}
]
13:19:12.656 [main] INFO  sudoku.model.SudokuBoard - Wartość 0 wstawiona nieprawidłowo
13:19:12.656 [main] INFO  sudoku.model.SudokuBoard - Bład w kwadracie 0
sudoku.model.SudokuBoard@3d0d120b[
  size=9
  solver=sudoku.model.BacktrackingSudokuSolver@6b5c134e
  board={{8,7,5,6,4,9,1,2,3},{3,4,2,7,1,5,8,6,9},{9,6,1,8,2,3,4,5,7},{7,9,3,4,6,1,2,8,5},{4,1,8,2,5,7,9,3,6},{2,5,6,9,3,8,7,4,1},{1,8,9,5,7,2,0,0,0},{0,0,0,0,0,0,0,0,0},{0,0,0,0,0,0,0,0,0}}
]
13:19:12.656 [main] INFO  sudoku.model.SudokuBoard - Wartość 0 wstawiona nieprawidłowo
13:19:12.657 [main] INFO  sudoku.model.SudokuBoard - Bład w kwadracie 0
sudoku.model.SudokuBoard@3d0d120b[
  size=9
  solver=sudoku.model.BacktrackingSudokuSolver@6b5c134e
  board={{8,7,5,6,4,9,1,2,3},{3,4,2,7,1,5,8,6,9},{9,6,1,8,2,3,4,5,7},{7,9,3,4,6,1,2,8,5},{4,1,8,2,5,7,9,3,6},{2,5,6,9,3,8,7,4,1},{1,8,9,5,7,0,0,0,0},{0,0,0,0,0,0,0,0,0},{0,0,0,0,0,0,0,0,0}}
]
13:19:12.657 [main] INFO  sudoku.model.SudokuBoard - Wartość 0 wstawiona nieprawidłowo
13:19:12.657 [main] INFO  sudoku.model.SudokuBoard - Bład w kwadracie 0
sudoku.model.SudokuBoard@3d0d120b[
  size=9
  solver=sudoku.model.BacktrackingSudokuSolver@6b5c134e
  board={{8,7,5,6,4,9,1,2,3},{3,4,2,7,1,5,8,6,9},{9,6,1,8,2,3,4,5,7},{7,9,3,4,6,1,2,8,5},{4,1,8,2,5,7,9,3,6},{2,5,6,9,3,8,7,4,1},{1,8,9,5,7,4,0,0,0},{0,0,0,0,0,0,0,0,0},{0,0,0,0,0,0,0,0,0}}
]
13:19:12.657 [main] INFO  sudoku.model.SudokuBoard - Wartość 0 wstawiona nieprawidłowo
13:19:12.657 [main] INFO  sudoku.model.SudokuBoard - Bład w kwadracie 0
sudoku.model.SudokuBoard@3d0d120b[
  size=9
  solver=sudoku.model.BacktrackingSudokuSolver@6b5c134e
  board={{8,7,5,6,4,9,1,2,3},{3,4,2,7,1,5,8,6,9},{9,6,1,8,2,3,4,5,7},{7,9,3,4,6,1,2,8,5},{4,1,8,2,5,7,9,3,6},{2,5,6,9,3,8,7,4,1},{1,8,9,5,7,4,0,0,0},{0,0,0,0,0,0,0,0,0},{0,0,0,0,0,0,0,0,0}}
]
13:19:12.657 [main] INFO  sudoku.model.SudokuBoard - Wartość 0 wstawiona nieprawidłowo
13:19:12.657 [main] INFO  sudoku.model.SudokuBoard - Bład w kwadracie 0
sudoku.model.SudokuBoard@3d0d120b[
  size=9
  solver=sudoku.model.BacktrackingSudokuSolver@6b5c134e
  board={{8,7,5,6,4,9,1,2,3},{3,4,2,7,1,5,8,6,9},{9,6,1,8,2,3,4,5,7},{7,9,3,4,6,1,2,8,5},{4,1,8,2,5,7,9,3,6},{2,5,6,9,3,8,7,4,1},{1,8,9,5,7,0,0,0,0},{0,0,0,0,0,0,0,0,0},{0,0,0,0,0,0,0,0,0}}
]
13:19:12.657 [main] INFO  sudoku.model.SudokuBoard - Wartość 0 wstawiona nieprawidłowo
13:19:12.659 [main] INFO  sudoku.model.SudokuBoard - Bład w kwadracie 0
sudoku.model.SudokuBoard@3d0d120b[
  size=9
  solver=sudoku.model.BacktrackingSudokuSolver@6b5c134e
  board={{8,7,5,6,4,9,1,2,3},{3,4,2,7,1,5,8,6,9},{9,6,1,8,2,3,4,5,7},{7,9,3,4,6,1,2,8,5},{4,1,8,2,5,7,9,3,6},{2,5,6,9,3,8,7,4,1},{1,8,9,5,0,0,0,0,0},{0,0,0,0,0,0,0,0,0},{0,0,0,0,0,0,0,0,0}}
]
13:19:12.659 [main] INFO  sudoku.model.SudokuBoard - Wartość 0 wstawiona nieprawidłowo
13:19:12.659 [main] INFO  sudoku.model.SudokuBoard - Bład w kwadracie 0
sudoku.model.SudokuBoard@3d0d120b[
  size=9
  solver=sudoku.model.BacktrackingSudokuSolver@6b5c134e
  board={{8,7,5,6,4,9,1,2,3},{3,4,2,7,1,5,8,6,9},{9,6,1,8,2,3,4,5,7},{7,9,3,4,6,1,2,8,5},{4,1,8,2,5,7,9,3,6},{2,5,6,9,3,8,7,4,1},{1,8,9,0,0,0,0,0,0},{0,0,0,0,0,0,0,0,0},{0,0,0,0,0,0,0,0,0}}
]
13:19:12.660 [main] INFO  sudoku.model.SudokuBoard - Wartość 0 wstawiona nieprawidłowo
13:19:12.660 [main] INFO  sudoku.model.SudokuBoard - Bład w kwadracie 0
sudoku.model.SudokuBoard@3d0d120b[
  size=9
  solver=sudoku.model.BacktrackingSudokuSolver@6b5c134e
  board={{8,7,5,6,4,9,1,2,3},{3,4,2,7,1,5,8,6,9},{9,6,1,8,2,3,4,5,7},{7,9,3,4,6,1,2,8,5},{4,1,8,2,5,7,9,3,6},{2,5,6,9,3,8,7,4,1},{1,8,0,0,0,0,0,0,0},{0,0,0,0,0,0,0,0,0},{0,0,0,0,0,0,0,0,0}}
]
13:19:12.660 [main] INFO  sudoku.model.SudokuBoard - Wartość 0 wstawiona nieprawidłowo
13:19:12.660 [main] INFO  sudoku.model.SudokuBoard - Bład w kwadracie 0
sudoku.model.SudokuBoard@3d0d120b[
  size=9
  solver=sudoku.model.BacktrackingSudokuSolver@6b5c134e
  board={{8,7,5,6,4,9,1,2,3},{3,4,2,7,1,5,8,6,9},{9,6,1,8,2,3,4,5,7},{7,9,3,4,6,1,2,8,5},{4,1,8,2,5,7,9,3,6},{2,5,6,9,3,8,7,4,1},{1,8,4,3,7,2,6,0,0},{0,0,0,0,0,0,0,0,0},{0,0,0,0,0,0,0,0,0}}
]
13:19:12.660 [main] INFO  sudoku.model.SudokuBoard - Wartość 0 wstawiona nieprawidłowo
13:19:12.660 [main] INFO  sudoku.model.SudokuBoard - Bład w kwadracie 0
sudoku.model.SudokuBoard@3d0d120b[
  size=9
  solver=sudoku.model.BacktrackingSudokuSolver@6b5c134e
  board={{8,7,5,6,4,9,1,2,3},{3,4,2,7,1,5,8,6,9},{9,6,1,8,2,3,4,5,7},{7,9,3,4,6,1,2,8,5},{4,1,8,2,5,7,9,3,6},{2,5,6,9,3,8,7,4,1},{1,8,4,3,7,2,0,0,0},{0,0,0,0,0,0,0,0,0},{0,0,0,0,0,0,0,0,0}}
]
13:19:12.660 [main] INFO  sudoku.model.SudokuBoard - Wartość 0 wstawiona nieprawidłowo
13:19:12.660 [main] INFO  sudoku.model.SudokuBoard - Bład w kwadracie 0
sudoku.model.SudokuBoard@3d0d120b[
  size=9
  solver=sudoku.model.BacktrackingSudokuSolver@6b5c134e
  board={{8,7,5,6,4,9,1,2,3},{3,4,2,7,1,5,8,6,9},{9,6,1,8,2,3,4,5,7},{7,9,3,4,6,1,2,8,5},{4,1,8,2,5,7,9,3,6},{2,5,6,9,3,8,7,4,1},{1,8,4,3,7,2,5,0,0},{0,0,0,0,0,0,0,0,0},{0,0,0,0,0,0,0,0,0}}
]
13:19:12.660 [main] INFO  sudoku.model.SudokuBoard - Wartość 0 wstawiona nieprawidłowo
13:19:12.660 [main] INFO  sudoku.model.SudokuBoard - Bład w kwadracie 0
sudoku.model.SudokuBoard@3d0d120b[
  size=9
  solver=sudoku.model.BacktrackingSudokuSolver@6b5c134e
  board={{8,7,5,6,4,9,1,2,3},{3,4,2,7,1,5,8,6,9},{9,6,1,8,2,3,4,5,7},{7,9,3,4,6,1,2,8,5},{4,1,8,2,5,7,9,3,6},{2,5,6,9,3,8,7,4,1},{1,8,4,3,7,2,0,0,0},{0,0,0,0,0,0,0,0,0},{0,0,0,0,0,0,0,0,0}}
]
13:19:12.660 [main] INFO  sudoku.model.SudokuBoard - Wartość 0 wstawiona nieprawidłowo
13:19:12.660 [main] INFO  sudoku.model.SudokuBoard - Bład w kwadracie 0
sudoku.model.SudokuBoard@3d0d120b[
  size=9
  solver=sudoku.model.BacktrackingSudokuSolver@6b5c134e
  board={{8,7,5,6,4,9,1,2,3},{3,4,2,7,1,5,8,6,9},{9,6,1,8,2,3,4,5,7},{7,9,3,4,6,1,2,8,5},{4,1,8,2,5,7,9,3,6},{2,5,6,9,3,8,7,4,1},{1,8,4,3,7,0,0,0,0},{0,0,0,0,0,0,0,0,0},{0,0,0,0,0,0,0,0,0}}
]
13:19:12.660 [main] INFO  sudoku.model.SudokuBoard - Wartość 0 wstawiona nieprawidłowo
13:19:12.661 [main] INFO  sudoku.model.SudokuBoard - Bład w kwadracie 0
sudoku.model.SudokuBoard@3d0d120b[
  size=9
  solver=sudoku.model.BacktrackingSudokuSolver@6b5c134e
  board={{8,7,5,6,4,9,1,2,3},{3,4,2,7,1,5,8,6,9},{9,6,1,8,2,3,4,5,7},{7,9,3,4,6,1,2,8,5},{4,1,8,2,5,7,9,3,6},{2,5,6,9,3,8,7,4,1},{1,8,4,3,7,6,5,9,2},{5,2,7,1,9,4,0,0,0},{0,0,0,0,0,0,0,0,0}}
]
13:19:12.661 [main] INFO  sudoku.model.SudokuBoard - Wartość 0 wstawiona nieprawidłowo
13:19:12.661 [main] INFO  sudoku.model.SudokuBoard - Bład w kwadracie 0
sudoku.model.SudokuBoard@3d0d120b[
  size=9
  solver=sudoku.model.BacktrackingSudokuSolver@6b5c134e
  board={{8,7,5,6,4,9,1,2,3},{3,4,2,7,1,5,8,6,9},{9,6,1,8,2,3,4,5,7},{7,9,3,4,6,1,2,8,5},{4,1,8,2,5,7,9,3,6},{2,5,6,9,3,8,7,4,1},{1,8,4,3,7,6,5,9,2},{5,2,7,1,9,4,0,0,0},{0,0,0,0,0,0,0,0,0}}
]
13:19:12.661 [main] INFO  sudoku.model.SudokuBoard - Wartość 0 wstawiona nieprawidłowo
13:19:12.661 [main] INFO  sudoku.model.SudokuBoard - Bład w kwadracie 0
sudoku.model.SudokuBoard@3d0d120b[
  size=9
  solver=sudoku.model.BacktrackingSudokuSolver@6b5c134e
  board={{8,7,5,6,4,9,1,2,3},{3,4,2,7,1,5,8,6,9},{9,6,1,8,2,3,4,5,7},{7,9,3,4,6,1,2,8,5},{4,1,8,2,5,7,9,3,6},{2,5,6,9,3,8,7,4,1},{1,8,4,3,7,6,5,9,2},{5,2,7,1,9,0,0,0,0},{0,0,0,0,0,0,0,0,0}}
]
13:19:12.661 [main] INFO  sudoku.model.SudokuBoard - Wartość 0 wstawiona nieprawidłowo
13:19:12.661 [main] INFO  sudoku.model.SudokuBoard - Bład w kwadracie 0
sudoku.model.SudokuBoard@3d0d120b[
  size=9
  solver=sudoku.model.BacktrackingSudokuSolver@6b5c134e
  board={{8,7,5,6,4,9,1,2,3},{3,4,2,7,1,5,8,6,9},{9,6,1,8,2,3,4,5,7},{7,9,3,4,6,1,2,8,5},{4,1,8,2,5,7,9,3,6},{2,5,6,9,3,8,7,4,1},{1,8,4,3,7,6,5,9,2},{5,2,7,1,0,0,0,0,0},{0,0,0,0,0,0,0,0,0}}
]
13:19:12.661 [main] INFO  sudoku.model.SudokuBoard - Wartość 0 wstawiona nieprawidłowo
13:19:12.661 [main] INFO  sudoku.model.SudokuBoard - Bład w kwadracie 0
sudoku.model.SudokuBoard@3d0d120b[
  size=9
  solver=sudoku.model.BacktrackingSudokuSolver@6b5c134e
  board={{8,7,5,6,4,9,1,2,3},{3,4,2,7,1,5,8,6,9},{9,6,1,8,2,3,4,5,7},{7,9,3,4,6,1,2,8,5},{4,1,8,2,5,7,9,3,6},{2,5,6,9,3,8,7,4,1},{1,8,4,3,7,6,5,9,2},{5,2,7,1,8,4,0,0,0},{0,0,0,0,0,0,0,0,0}}
]
13:19:12.661 [main] INFO  sudoku.model.SudokuBoard - Wartość 0 wstawiona nieprawidłowo
13:19:12.662 [main] INFO  sudoku.model.SudokuBoard - Bład w kwadracie 0
sudoku.model.SudokuBoard@3d0d120b[
  size=9
  solver=sudoku.model.BacktrackingSudokuSolver@6b5c134e
  board={{8,7,5,6,4,9,1,2,3},{3,4,2,7,1,5,8,6,9},{9,6,1,8,2,3,4,5,7},{7,9,3,4,6,1,2,8,5},{4,1,8,2,5,7,9,3,6},{2,5,6,9,3,8,7,4,1},{1,8,4,3,7,6,5,9,2},{5,2,7,1,8,4,0,0,0},{0,0,0,0,0,0,0,0,0}}
]
13:19:12.662 [main] INFO  sudoku.model.SudokuBoard - Wartość 0 wstawiona nieprawidłowo
13:19:12.662 [main] INFO  sudoku.model.SudokuBoard - Bład w kwadracie 0
sudoku.model.SudokuBoard@3d0d120b[
  size=9
  solver=sudoku.model.BacktrackingSudokuSolver@6b5c134e
  board={{8,7,5,6,4,9,1,2,3},{3,4,2,7,1,5,8,6,9},{9,6,1,8,2,3,4,5,7},{7,9,3,4,6,1,2,8,5},{4,1,8,2,5,7,9,3,6},{2,5,6,9,3,8,7,4,1},{1,8,4,3,7,6,5,9,2},{5,2,7,1,8,0,0,0,0},{0,0,0,0,0,0,0,0,0}}
]
13:19:12.662 [main] INFO  sudoku.model.SudokuBoard - Wartość 0 wstawiona nieprawidłowo
13:19:12.662 [main] INFO  sudoku.model.SudokuBoard - Bład w kwadracie 0
sudoku.model.SudokuBoard@3d0d120b[
  size=9
  solver=sudoku.model.BacktrackingSudokuSolver@6b5c134e
  board={{8,7,5,6,4,9,1,2,3},{3,4,2,7,1,5,8,6,9},{9,6,1,8,2,3,4,5,7},{7,9,3,4,6,1,2,8,5},{4,1,8,2,5,7,9,3,6},{2,5,6,9,3,8,7,4,1},{1,8,4,3,7,6,5,9,2},{5,2,7,1,0,0,0,0,0},{0,0,0,0,0,0,0,0,0}}
]
13:19:12.662 [main] INFO  sudoku.model.SudokuBoard - Wartość 0 wstawiona nieprawidłowo
13:19:12.662 [main] INFO  sudoku.model.SudokuBoard - Bład w kwadracie 0
sudoku.model.SudokuBoard@3d0d120b[
  size=9
  solver=sudoku.model.BacktrackingSudokuSolver@6b5c134e
  board={{8,7,5,6,4,9,1,2,3},{3,4,2,7,1,5,8,6,9},{9,6,1,8,2,3,4,5,7},{7,9,3,4,6,1,2,8,5},{4,1,8,2,5,7,9,3,6},{2,5,6,9,3,8,7,4,1},{1,8,4,3,7,6,5,9,2},{5,2,7,0,0,0,0,0,0},{0,0,0,0,0,0,0,0,0}}
]
13:19:12.662 [main] INFO  sudoku.model.SudokuBoard - Wartość 0 wstawiona nieprawidłowo
13:19:12.662 [main] INFO  sudoku.model.SudokuBoard - Bład w kwadracie 0
sudoku.model.SudokuBoard@3d0d120b[
  size=9
  solver=sudoku.model.BacktrackingSudokuSolver@6b5c134e
  board={{8,7,5,6,4,9,1,2,3},{3,4,2,7,1,5,8,6,9},{9,6,1,8,2,3,4,5,7},{7,9,3,4,6,1,2,8,5},{4,1,8,2,5,7,9,3,6},{2,5,6,9,3,8,7,4,1},{1,8,4,3,7,6,5,9,2},{5,2,0,0,0,0,0,0,0},{0,0,0,0,0,0,0,0,0}}
]
13:19:12.662 [main] INFO  sudoku.model.SudokuBoard - Wartość 0 wstawiona nieprawidłowo
13:19:12.662 [main] INFO  sudoku.model.SudokuBoard - Bład w kwadracie 0
sudoku.model.SudokuBoard@3d0d120b[
  size=9
  solver=sudoku.model.BacktrackingSudokuSolver@6b5c134e
  board={{8,7,5,6,4,9,1,2,3},{3,4,2,7,1,5,8,6,9},{9,6,1,8,2,3,4,5,7},{7,9,3,4,6,1,2,8,5},{4,1,8,2,5,7,9,3,6},{2,5,6,9,3,8,7,4,1},{1,8,4,3,7,6,5,9,2},{5,2,9,1,8,4,3,0,0},{0,0,0,0,0,0,0,0,0}}
]
13:19:12.662 [main] INFO  sudoku.model.SudokuBoard - Wartość 0 wstawiona nieprawidłowo
13:19:12.663 [main] INFO  sudoku.model.SudokuBoard - Bład w kwadracie 0
sudoku.model.SudokuBoard@3d0d120b[
  size=9
  solver=sudoku.model.BacktrackingSudokuSolver@6b5c134e
  board={{8,7,5,6,4,9,1,2,3},{3,4,2,7,1,5,8,6,9},{9,6,1,8,2,3,4,5,7},{7,9,3,4,6,1,2,8,5},{4,1,8,2,5,7,9,3,6},{2,5,6,9,3,8,7,4,1},{1,8,4,3,7,6,5,9,2},{5,2,9,1,8,4,0,0,0},{0,0,0,0,0,0,0,0,0}}
]
13:19:12.664 [main] INFO  sudoku.model.SudokuBoard - Wartość 0 wstawiona nieprawidłowo
13:19:12.664 [main] INFO  sudoku.model.SudokuBoard - Bład w kwadracie 0
sudoku.model.SudokuBoard@3d0d120b[
  size=9
  solver=sudoku.model.BacktrackingSudokuSolver@6b5c134e
  board={{8,7,5,6,4,9,1,2,3},{3,4,2,7,1,5,8,6,9},{9,6,1,8,2,3,4,5,7},{7,9,3,4,6,1,2,8,5},{4,1,8,2,5,7,9,3,6},{2,5,6,9,3,8,7,4,1},{1,8,4,3,7,6,5,9,2},{5,2,9,1,8,4,6,0,0},{0,0,0,0,0,0,0,0,0}}
]
13:19:12.664 [main] INFO  sudoku.model.SudokuBoard - Wartość 0 wstawiona nieprawidłowo
13:19:12.664 [main] INFO  sudoku.model.SudokuBoard - Bład w kwadracie 0
sudoku.model.SudokuBoard@3d0d120b[
  size=9
  solver=sudoku.model.BacktrackingSudokuSolver@6b5c134e
  board={{8,7,5,6,4,9,1,2,3},{3,4,2,7,1,5,8,6,9},{9,6,1,8,2,3,4,5,7},{7,9,3,4,6,1,2,8,5},{4,1,8,2,5,7,9,3,6},{2,5,6,9,3,8,7,4,1},{1,8,4,3,7,6,5,9,2},{5,2,9,1,8,4,0,0,0},{0,0,0,0,0,0,0,0,0}}
]
13:19:12.664 [main] INFO  sudoku.model.SudokuBoard - Wartość 0 wstawiona nieprawidłowo
13:19:12.664 [main] INFO  sudoku.model.SudokuBoard - Bład w kwadracie 0
sudoku.model.SudokuBoard@3d0d120b[
  size=9
  solver=sudoku.model.BacktrackingSudokuSolver@6b5c134e
  board={{8,7,5,6,4,9,1,2,3},{3,4,2,7,1,5,8,6,9},{9,6,1,8,2,3,4,5,7},{7,9,3,4,6,1,2,8,5},{4,1,8,2,5,7,9,3,6},{2,5,6,9,3,8,7,4,1},{1,8,4,3,7,6,5,9,2},{5,2,9,1,8,0,0,0,0},{0,0,0,0,0,0,0,0,0}}
]
13:19:12.664 [main] INFO  sudoku.model.SudokuBoard - Wartość 0 wstawiona nieprawidłowo
13:19:12.664 [main] INFO  sudoku.model.SudokuBoard - Bład w kwadracie 0
sudoku.model.SudokuBoard@3d0d120b[
  size=9
  solver=sudoku.model.BacktrackingSudokuSolver@6b5c134e
  board={{8,7,5,6,4,9,1,2,3},{3,4,2,7,1,5,8,6,9},{9,6,1,8,2,3,4,5,7},{7,9,3,4,6,1,2,8,5},{4,1,8,2,5,7,9,3,6},{2,5,6,9,3,8,7,4,1},{1,8,4,3,7,6,5,9,2},{5,2,9,1,0,0,0,0,0},{0,0,0,0,0,0,0,0,0}}
]
13:19:12.664 [main] INFO  sudoku.model.SudokuBoard - Wartość 0 wstawiona nieprawidłowo
13:19:12.664 [main] INFO  sudoku.model.SudokuBoard - Bład w kwadracie 0
sudoku.model.SudokuBoard@3d0d120b[
  size=9
  solver=sudoku.model.BacktrackingSudokuSolver@6b5c134e
  board={{8,7,5,6,4,9,1,2,3},{3,4,2,7,1,5,8,6,9},{9,6,1,8,2,3,4,5,7},{7,9,3,4,6,1,2,8,5},{4,1,8,2,5,7,9,3,6},{2,5,6,9,3,8,7,4,1},{1,8,4,3,7,6,5,9,2},{5,2,9,0,0,0,0,0,0},{0,0,0,0,0,0,0,0,0}}
]
13:19:12.664 [main] INFO  sudoku.model.SudokuBoard - Wartość 0 wstawiona nieprawidłowo
13:19:12.665 [main] INFO  sudoku.model.SudokuBoard - Bład w kwadracie 0
sudoku.model.SudokuBoard@3d0d120b[
  size=9
  solver=sudoku.model.BacktrackingSudokuSolver@6b5c134e
  board={{8,7,5,6,4,9,1,2,3},{3,4,2,7,1,5,8,6,9},{9,6,1,8,2,3,4,5,7},{7,9,3,4,6,1,2,8,5},{4,1,8,2,5,7,9,3,6},{2,5,6,9,3,8,7,4,1},{1,8,4,3,7,6,5,9,2},{5,2,0,0,0,0,0,0,0},{0,0,0,0,0,0,0,0,0}}
]
13:19:12.665 [main] INFO  sudoku.model.SudokuBoard - Wartość 0 wstawiona nieprawidłowo
13:19:12.665 [main] INFO  sudoku.model.SudokuBoard - Bład w kwadracie 0
sudoku.model.SudokuBoard@3d0d120b[
  size=9
  solver=sudoku.model.BacktrackingSudokuSolver@6b5c134e
  board={{8,7,5,6,4,9,1,2,3},{3,4,2,7,1,5,8,6,9},{9,6,1,8,2,3,4,5,7},{7,9,3,4,6,1,2,8,5},{4,1,8,2,5,7,9,3,6},{2,5,6,9,3,8,7,4,1},{1,8,4,3,7,6,5,9,2},{5,0,0,0,0,0,0,0,0},{0,0,0,0,0,0,0,0,0}}
]
13:19:12.665 [main] INFO  sudoku.model.SudokuBoard - Wartość 0 wstawiona nieprawidłowo
]]></system-out>
  </testcase>
  <testcase name="testEqualsDiffrentClass" classname="sudoku.model.SeriesTest" time="0.008">
    <system-out><![CDATA[13:19:12.668 [main] INFO  sudoku.model.SudokuBoard - Bład w kwadracie 0
sudoku.model.SudokuBoard@4b07cad0[
  size=9
  solver=sudoku.model.BacktrackingSudokuSolver@507049f2
  board={{7,3,8,4,9,5,6,1,2},{1,9,4,2,6,3,5,7,8},{5,6,2,7,8,1,9,3,4},{3,8,5,6,4,9,7,2,1},{9,2,1,3,5,7,4,0,0},{0,0,0,0,0,0,0,0,0},{0,0,0,0,0,0,0,0,0},{0,0,0,0,0,0,0,0,0},{0,0,0,0,0,0,0,0,0}}
]
13:19:12.668 [main] INFO  sudoku.model.SudokuBoard - Wartość 0 wstawiona nieprawidłowo
13:19:12.669 [main] INFO  sudoku.model.SudokuBoard - Bład w kwadracie 0
sudoku.model.SudokuBoard@4b07cad0[
  size=9
  solver=sudoku.model.BacktrackingSudokuSolver@507049f2
  board={{7,3,8,4,9,5,6,1,2},{1,9,4,2,6,3,5,7,8},{5,6,2,7,8,1,9,3,4},{3,8,5,6,4,9,7,2,1},{9,2,1,3,5,7,4,8,6},{4,7,6,8,0,0,0,0,0},{0,0,0,0,0,0,0,0,0},{0,0,0,0,0,0,0,0,0},{0,0,0,0,0,0,0,0,0}}
]
13:19:12.669 [main] INFO  sudoku.model.SudokuBoard - Wartość 0 wstawiona nieprawidłowo
13:19:12.669 [main] INFO  sudoku.model.SudokuBoard - Bład w kwadracie 0
sudoku.model.SudokuBoard@4b07cad0[
  size=9
  solver=sudoku.model.BacktrackingSudokuSolver@507049f2
  board={{7,3,8,4,9,5,6,1,2},{1,9,4,2,6,3,5,7,8},{5,6,2,7,8,1,9,3,4},{3,8,5,6,4,9,7,2,1},{9,2,1,3,5,7,4,8,6},{4,7,6,8,1,2,3,5,9},{8,4,7,9,2,6,0,0,0},{0,0,0,0,0,0,0,0,0},{0,0,0,0,0,0,0,0,0}}
]
13:19:12.669 [main] INFO  sudoku.model.SudokuBoard - Wartość 0 wstawiona nieprawidłowo
13:19:12.669 [main] INFO  sudoku.model.SudokuBoard - Bład w kwadracie 0
sudoku.model.SudokuBoard@4b07cad0[
  size=9
  solver=sudoku.model.BacktrackingSudokuSolver@507049f2
  board={{7,3,8,4,9,5,6,1,2},{1,9,4,2,6,3,5,7,8},{5,6,2,7,8,1,9,3,4},{3,8,5,6,4,9,7,2,1},{9,2,1,3,5,7,4,8,6},{4,7,6,8,1,2,3,5,9},{8,4,7,9,2,0,0,0,0},{0,0,0,0,0,0,0,0,0},{0,0,0,0,0,0,0,0,0}}
]
13:19:12.669 [main] INFO  sudoku.model.SudokuBoard - Wartość 0 wstawiona nieprawidłowo
13:19:12.669 [main] INFO  sudoku.model.SudokuBoard - Bład w kwadracie 0
sudoku.model.SudokuBoard@4b07cad0[
  size=9
  solver=sudoku.model.BacktrackingSudokuSolver@507049f2
  board={{7,3,8,4,9,5,6,1,2},{1,9,4,2,6,3,5,7,8},{5,6,2,7,8,1,9,3,4},{3,8,5,6,4,9,7,2,1},{9,2,1,3,5,7,4,8,6},{4,7,6,8,1,2,3,5,9},{8,4,7,9,0,0,0,0,0},{0,0,0,0,0,0,0,0,0},{0,0,0,0,0,0,0,0,0}}
]
13:19:12.669 [main] INFO  sudoku.model.SudokuBoard - Wartość 0 wstawiona nieprawidłowo
13:19:12.669 [main] INFO  sudoku.model.SudokuBoard - Bład w kwadracie 0
sudoku.model.SudokuBoard@4b07cad0[
  size=9
  solver=sudoku.model.BacktrackingSudokuSolver@507049f2
  board={{7,3,8,4,9,5,6,1,2},{1,9,4,2,6,3,5,7,8},{5,6,2,7,8,1,9,3,4},{3,8,5,6,4,9,7,2,1},{9,2,1,3,5,7,4,8,6},{4,7,6,8,1,2,3,5,9},{8,4,7,9,3,6,0,0,0},{0,0,0,0,0,0,0,0,0},{0,0,0,0,0,0,0,0,0}}
]
13:19:12.669 [main] INFO  sudoku.model.SudokuBoard - Wartość 0 wstawiona nieprawidłowo
13:19:12.669 [main] INFO  sudoku.model.SudokuBoard - Bład w kwadracie 0
sudoku.model.SudokuBoard@4b07cad0[
  size=9
  solver=sudoku.model.BacktrackingSudokuSolver@507049f2
  board={{7,3,8,4,9,5,6,1,2},{1,9,4,2,6,3,5,7,8},{5,6,2,7,8,1,9,3,4},{3,8,5,6,4,9,7,2,1},{9,2,1,3,5,7,4,8,6},{4,7,6,8,1,2,3,5,9},{8,4,7,9,3,6,0,0,0},{0,0,0,0,0,0,0,0,0},{0,0,0,0,0,0,0,0,0}}
]
13:19:12.669 [main] INFO  sudoku.model.SudokuBoard - Wartość 0 wstawiona nieprawidłowo
13:19:12.669 [main] INFO  sudoku.model.SudokuBoard - Bład w kwadracie 0
sudoku.model.SudokuBoard@4b07cad0[
  size=9
  solver=sudoku.model.BacktrackingSudokuSolver@507049f2
  board={{7,3,8,4,9,5,6,1,2},{1,9,4,2,6,3,5,7,8},{5,6,2,7,8,1,9,3,4},{3,8,5,6,4,9,7,2,1},{9,2,1,3,5,7,4,8,6},{4,7,6,8,1,2,3,5,9},{8,4,7,9,3,0,0,0,0},{0,0,0,0,0,0,0,0,0},{0,0,0,0,0,0,0,0,0}}
]
13:19:12.669 [main] INFO  sudoku.model.SudokuBoard - Wartość 0 wstawiona nieprawidłowo
13:19:12.669 [main] INFO  sudoku.model.SudokuBoard - Bład w kwadracie 0
sudoku.model.SudokuBoard@4b07cad0[
  size=9
  solver=sudoku.model.BacktrackingSudokuSolver@507049f2
  board={{7,3,8,4,9,5,6,1,2},{1,9,4,2,6,3,5,7,8},{5,6,2,7,8,1,9,3,4},{3,8,5,6,4,9,7,2,1},{9,2,1,3,5,7,4,8,6},{4,7,6,8,1,2,3,5,9},{8,4,7,9,0,0,0,0,0},{0,0,0,0,0,0,0,0,0},{0,0,0,0,0,0,0,0,0}}
]
13:19:12.669 [main] INFO  sudoku.model.SudokuBoard - Wartość 0 wstawiona nieprawidłowo
13:19:12.669 [main] INFO  sudoku.model.SudokuBoard - Bład w kwadracie 0
sudoku.model.SudokuBoard@4b07cad0[
  size=9
  solver=sudoku.model.BacktrackingSudokuSolver@507049f2
  board={{7,3,8,4,9,5,6,1,2},{1,9,4,2,6,3,5,7,8},{5,6,2,7,8,1,9,3,4},{3,8,5,6,4,9,7,2,1},{9,2,1,3,5,7,4,8,6},{4,7,6,8,1,2,3,5,9},{8,4,7,0,0,0,0,0,0},{0,0,0,0,0,0,0,0,0},{0,0,0,0,0,0,0,0,0}}
]
13:19:12.669 [main] INFO  sudoku.model.SudokuBoard - Wartość 0 wstawiona nieprawidłowo
13:19:12.670 [main] INFO  sudoku.model.SudokuBoard - Bład w kwadracie 0
sudoku.model.SudokuBoard@4b07cad0[
  size=9
  solver=sudoku.model.BacktrackingSudokuSolver@507049f2
  board={{7,3,8,4,9,5,6,1,2},{1,9,4,2,6,3,5,7,8},{5,6,2,7,8,1,9,3,4},{3,8,5,6,4,9,7,2,1},{9,2,1,3,5,7,4,8,6},{4,7,6,8,1,2,3,5,9},{8,4,7,1,2,0,0,0,0},{0,0,0,0,0,0,0,0,0},{0,0,0,0,0,0,0,0,0}}
]
13:19:12.670 [main] INFO  sudoku.model.SudokuBoard - Wartość 0 wstawiona nieprawidłowo
13:19:12.670 [main] INFO  sudoku.model.SudokuBoard - Bład w kwadracie 0
sudoku.model.SudokuBoard@4b07cad0[
  size=9
  solver=sudoku.model.BacktrackingSudokuSolver@507049f2
  board={{7,3,8,4,9,5,6,1,2},{1,9,4,2,6,3,5,7,8},{5,6,2,7,8,1,9,3,4},{3,8,5,6,4,9,7,2,1},{9,2,1,3,5,7,4,8,6},{4,7,6,8,1,2,3,5,9},{8,4,7,1,0,0,0,0,0},{0,0,0,0,0,0,0,0,0},{0,0,0,0,0,0,0,0,0}}
]
13:19:12.670 [main] INFO  sudoku.model.SudokuBoard - Wartość 0 wstawiona nieprawidłowo
13:19:12.670 [main] INFO  sudoku.model.SudokuBoard - Bład w kwadracie 0
sudoku.model.SudokuBoard@4b07cad0[
  size=9
  solver=sudoku.model.BacktrackingSudokuSolver@507049f2
  board={{7,3,8,4,9,5,6,1,2},{1,9,4,2,6,3,5,7,8},{5,6,2,7,8,1,9,3,4},{3,8,5,6,4,9,7,2,1},{9,2,1,3,5,7,4,8,6},{4,7,6,8,1,2,3,5,9},{8,4,7,1,3,6,2,9,5},{2,5,3,9,7,4,8,0,0},{0,0,0,0,0,0,0,0,0}}
]
13:19:12.670 [main] INFO  sudoku.model.SudokuBoard - Wartość 0 wstawiona nieprawidłowo
13:19:12.670 [main] INFO  sudoku.model.SudokuBoard - Bład w kwadracie 0
sudoku.model.SudokuBoard@4b07cad0[
  size=9
  solver=sudoku.model.BacktrackingSudokuSolver@507049f2
  board={{7,3,8,4,9,5,6,1,2},{1,9,4,2,6,3,5,7,8},{5,6,2,7,8,1,9,3,4},{3,8,5,6,4,9,7,2,1},{9,2,1,3,5,7,4,8,6},{4,7,6,8,1,2,3,5,9},{8,4,7,1,3,6,2,9,5},{2,5,3,9,7,4,0,0,0},{0,0,0,0,0,0,0,0,0}}
]
13:19:12.670 [main] INFO  sudoku.model.SudokuBoard - Wartość 0 wstawiona nieprawidłowo
13:19:12.671 [main] INFO  sudoku.model.SudokuBoard - Bład w kwadracie 0
sudoku.model.SudokuBoard@4b07cad0[
  size=9
  solver=sudoku.model.BacktrackingSudokuSolver@507049f2
  board={{7,3,8,4,9,5,6,1,2},{1,9,4,2,6,3,5,7,8},{5,6,2,7,8,1,9,3,4},{3,8,5,6,4,9,7,2,1},{9,2,1,3,5,7,4,8,6},{4,7,6,8,1,2,3,5,9},{8,4,7,1,3,6,2,9,5},{2,5,3,9,7,4,1,0,0},{0,0,0,0,0,0,0,0,0}}
]
13:19:12.671 [main] INFO  sudoku.model.SudokuBoard - Wartość 0 wstawiona nieprawidłowo
13:19:12.671 [main] INFO  sudoku.model.SudokuBoard - Bład w kwadracie 0
sudoku.model.SudokuBoard@4b07cad0[
  size=9
  solver=sudoku.model.BacktrackingSudokuSolver@507049f2
  board={{7,3,8,4,9,5,6,1,2},{1,9,4,2,6,3,5,7,8},{5,6,2,7,8,1,9,3,4},{3,8,5,6,4,9,7,2,1},{9,2,1,3,5,7,4,8,6},{4,7,6,8,1,2,3,5,9},{8,4,7,1,3,6,2,9,5},{2,5,3,9,7,4,0,0,0},{0,0,0,0,0,0,0,0,0}}
]
13:19:12.671 [main] INFO  sudoku.model.SudokuBoard - Wartość 0 wstawiona nieprawidłowo
13:19:12.671 [main] INFO  sudoku.model.SudokuBoard - Bład w kwadracie 0
sudoku.model.SudokuBoard@4b07cad0[
  size=9
  solver=sudoku.model.BacktrackingSudokuSolver@507049f2
  board={{7,3,8,4,9,5,6,1,2},{1,9,4,2,6,3,5,7,8},{5,6,2,7,8,1,9,3,4},{3,8,5,6,4,9,7,2,1},{9,2,1,3,5,7,4,8,6},{4,7,6,8,1,2,3,5,9},{8,4,7,1,3,6,2,9,5},{2,5,3,9,7,0,0,0,0},{0,0,0,0,0,0,0,0,0}}
]
13:19:12.671 [main] INFO  sudoku.model.SudokuBoard - Wartość 0 wstawiona nieprawidłowo
13:19:12.671 [main] INFO  sudoku.model.SudokuBoard - Bład w kwadracie 0
sudoku.model.SudokuBoard@4b07cad0[
  size=9
  solver=sudoku.model.BacktrackingSudokuSolver@507049f2
  board={{7,3,8,4,9,5,6,1,2},{1,9,4,2,6,3,5,7,8},{5,6,2,7,8,1,9,3,4},{3,8,5,6,4,9,7,2,1},{9,2,1,3,5,7,4,8,6},{4,7,6,8,1,2,3,5,9},{8,4,7,1,3,6,2,9,5},{2,5,3,9,7,8,1,0,0},{0,0,0,0,0,0,0,0,0}}
]
13:19:12.671 [main] INFO  sudoku.model.SudokuBoard - Wartość 0 wstawiona nieprawidłowo
13:19:12.671 [main] INFO  sudoku.model.SudokuBoard - Bład w kwadracie 0
sudoku.model.SudokuBoard@4b07cad0[
  size=9
  solver=sudoku.model.BacktrackingSudokuSolver@507049f2
  board={{7,3,8,4,9,5,6,1,2},{1,9,4,2,6,3,5,7,8},{5,6,2,7,8,1,9,3,4},{3,8,5,6,4,9,7,2,1},{9,2,1,3,5,7,4,8,6},{4,7,6,8,1,2,3,5,9},{8,4,7,1,3,6,2,9,5},{2,5,3,9,7,8,1,0,0},{0,0,0,0,0,0,0,0,0}}
]
13:19:12.671 [main] INFO  sudoku.model.SudokuBoard - Wartość 0 wstawiona nieprawidłowo
13:19:12.672 [main] INFO  sudoku.model.SudokuBoard - Bład w kwadracie 0
sudoku.model.SudokuBoard@4b07cad0[
  size=9
  solver=sudoku.model.BacktrackingSudokuSolver@507049f2
  board={{7,3,8,4,9,5,6,1,2},{1,9,4,2,6,3,5,7,8},{5,6,2,7,8,1,9,3,4},{3,8,5,6,4,9,7,2,1},{9,2,1,3,5,7,4,8,6},{4,7,6,8,1,2,3,5,9},{8,4,7,1,3,6,2,9,5},{2,5,3,9,7,8,0,0,0},{0,0,0,0,0,0,0,0,0}}
]
13:19:12.672 [main] INFO  sudoku.model.SudokuBoard - Wartość 0 wstawiona nieprawidłowo
13:19:12.672 [main] INFO  sudoku.model.SudokuBoard - Bład w kwadracie 0
sudoku.model.SudokuBoard@4b07cad0[
  size=9
  solver=sudoku.model.BacktrackingSudokuSolver@507049f2
  board={{7,3,8,4,9,5,6,1,2},{1,9,4,2,6,3,5,7,8},{5,6,2,7,8,1,9,3,4},{3,8,5,6,4,9,7,2,1},{9,2,1,3,5,7,4,8,6},{4,7,6,8,1,2,3,5,9},{8,4,7,1,3,6,2,9,5},{2,5,3,9,7,0,0,0,0},{0,0,0,0,0,0,0,0,0}}
]
13:19:12.672 [main] INFO  sudoku.model.SudokuBoard - Wartość 0 wstawiona nieprawidłowo
13:19:12.672 [main] INFO  sudoku.model.SudokuBoard - Bład w kwadracie 0
sudoku.model.SudokuBoard@4b07cad0[
  size=9
  solver=sudoku.model.BacktrackingSudokuSolver@507049f2
  board={{7,3,8,4,9,5,6,1,2},{1,9,4,2,6,3,5,7,8},{5,6,2,7,8,1,9,3,4},{3,8,5,6,4,9,7,2,1},{9,2,1,3,5,7,4,8,6},{4,7,6,8,1,2,3,5,9},{8,4,7,1,3,6,2,9,5},{2,5,3,9,0,0,0,0,0},{0,0,0,0,0,0,0,0,0}}
]
13:19:12.672 [main] INFO  sudoku.model.SudokuBoard - Wartość 0 wstawiona nieprawidłowo
13:19:12.673 [main] INFO  sudoku.model.SudokuBoard - Bład w kwadracie 0
sudoku.model.SudokuBoard@4b07cad0[
  size=9
  solver=sudoku.model.BacktrackingSudokuSolver@507049f2
  board={{7,3,8,4,9,5,6,1,2},{1,9,4,2,6,3,5,7,8},{5,6,2,7,8,1,9,3,4},{3,8,5,6,4,9,7,2,1},{9,2,1,3,5,7,4,8,6},{4,7,6,8,1,2,3,5,9},{8,4,7,1,3,6,2,9,5},{2,5,3,0,0,0,0,0,0},{0,0,0,0,0,0,0,0,0}}
]
13:19:12.673 [main] INFO  sudoku.model.SudokuBoard - Wartość 0 wstawiona nieprawidłowo
13:19:12.673 [main] INFO  sudoku.model.SudokuBoard - Bład w kwadracie 0
sudoku.model.SudokuBoard@4b07cad0[
  size=9
  solver=sudoku.model.BacktrackingSudokuSolver@507049f2
  board={{7,3,8,4,9,5,6,1,2},{1,9,4,2,6,3,5,7,8},{5,6,2,7,8,1,9,3,4},{3,8,5,6,4,9,7,2,1},{9,2,1,3,5,7,4,8,6},{4,7,6,8,1,2,3,5,9},{8,4,7,1,3,6,2,9,5},{2,5,0,0,0,0,0,0,0},{0,0,0,0,0,0,0,0,0}}
]
13:19:12.673 [main] INFO  sudoku.model.SudokuBoard - Wartość 0 wstawiona nieprawidłowo
13:19:12.673 [main] INFO  sudoku.model.SudokuBoard - Bład w kwadracie 0
sudoku.model.SudokuBoard@4b07cad0[
  size=9
  solver=sudoku.model.BacktrackingSudokuSolver@507049f2
  board={{7,3,8,4,9,5,6,1,2},{1,9,4,2,6,3,5,7,8},{5,6,2,7,8,1,9,3,4},{3,8,5,6,4,9,7,2,1},{9,2,1,3,5,7,4,8,6},{4,7,6,8,1,2,3,5,9},{8,4,7,1,3,6,2,9,5},{2,5,0,0,0,0,0,0,0},{0,0,0,0,0,0,0,0,0}}
]
13:19:12.673 [main] INFO  sudoku.model.SudokuBoard - Wartość 0 wstawiona nieprawidłowo
13:19:12.674 [main] INFO  sudoku.model.SudokuBoard - Bład w kwadracie 0
sudoku.model.SudokuBoard@4b07cad0[
  size=9
  solver=sudoku.model.BacktrackingSudokuSolver@507049f2
  board={{7,3,8,4,9,5,6,1,2},{1,9,4,2,6,3,5,7,8},{5,6,2,7,8,1,9,3,4},{3,8,5,6,4,9,7,2,1},{9,2,1,3,5,7,4,8,6},{4,7,6,8,1,2,3,5,9},{8,4,7,1,3,6,2,9,5},{2,0,0,0,0,0,0,0,0},{0,0,0,0,0,0,0,0,0}}
]
13:19:12.674 [main] INFO  sudoku.model.SudokuBoard - Wartość 0 wstawiona nieprawidłowo
]]></system-out>
  </testcase>
  <testcase name="testEqualsNull" classname="sudoku.model.SeriesTest" time="0.016">
    <system-out><![CDATA[13:19:12.676 [main] INFO  sudoku.model.SudokuBoard - Bład w kwadracie 0
sudoku.model.SudokuBoard@23afc725[
  size=9
  solver=sudoku.model.BacktrackingSudokuSolver@5d3f99d7
  board={{7,8,9,1,5,2,3,4,6},{1,6,2,7,8,3,9,0,0},{0,0,0,0,0,0,0,0,0},{0,0,0,0,0,0,0,0,0},{0,0,0,0,0,0,0,0,0},{0,0,0,0,0,0,0,0,0},{0,0,0,0,0,0,0,0,0},{0,0,0,0,0,0,0,0,0},{0,0,0,0,0,0,0,0,0}}
]
13:19:12.676 [main] INFO  sudoku.model.SudokuBoard - Wartość 0 wstawiona nieprawidłowo
13:19:12.676 [main] INFO  sudoku.model.SudokuBoard - Bład w kwadracie 0
sudoku.model.SudokuBoard@23afc725[
  size=9
  solver=sudoku.model.BacktrackingSudokuSolver@5d3f99d7
  board={{7,8,9,1,5,2,3,4,6},{1,6,2,7,8,3,0,0,0},{0,0,0,0,0,0,0,0,0},{0,0,0,0,0,0,0,0,0},{0,0,0,0,0,0,0,0,0},{0,0,0,0,0,0,0,0,0},{0,0,0,0,0,0,0,0,0},{0,0,0,0,0,0,0,0,0},{0,0,0,0,0,0,0,0,0}}
]
13:19:12.676 [main] INFO  sudoku.model.SudokuBoard - Wartość 0 wstawiona nieprawidłowo
13:19:12.677 [main] INFO  sudoku.model.SudokuBoard - Bład w kwadracie 0
sudoku.model.SudokuBoard@23afc725[
  size=9
  solver=sudoku.model.BacktrackingSudokuSolver@5d3f99d7
  board={{7,8,9,1,5,2,3,4,6},{1,6,2,7,8,3,5,0,0},{0,0,0,0,0,0,0,0,0},{0,0,0,0,0,0,0,0,0},{0,0,0,0,0,0,0,0,0},{0,0,0,0,0,0,0,0,0},{0,0,0,0,0,0,0,0,0},{0,0,0,0,0,0,0,0,0},{0,0,0,0,0,0,0,0,0}}
]
13:19:12.677 [main] INFO  sudoku.model.SudokuBoard - Wartość 0 wstawiona nieprawidłowo
13:19:12.677 [main] INFO  sudoku.model.SudokuBoard - Bład w kwadracie 0
sudoku.model.SudokuBoard@23afc725[
  size=9
  solver=sudoku.model.BacktrackingSudokuSolver@5d3f99d7
  board={{7,8,9,1,5,2,3,4,6},{1,6,2,7,8,3,0,0,0},{0,0,0,0,0,0,0,0,0},{0,0,0,0,0,0,0,0,0},{0,0,0,0,0,0,0,0,0},{0,0,0,0,0,0,0,0,0},{0,0,0,0,0,0,0,0,0},{0,0,0,0,0,0,0,0,0},{0,0,0,0,0,0,0,0,0}}
]
13:19:12.677 [main] INFO  sudoku.model.SudokuBoard - Wartość 0 wstawiona nieprawidłowo
13:19:12.677 [main] INFO  sudoku.model.SudokuBoard - Bład w kwadracie 0
sudoku.model.SudokuBoard@23afc725[
  size=9
  solver=sudoku.model.BacktrackingSudokuSolver@5d3f99d7
  board={{7,8,9,1,5,2,3,4,6},{1,6,2,7,8,0,0,0,0},{0,0,0,0,0,0,0,0,0},{0,0,0,0,0,0,0,0,0},{0,0,0,0,0,0,0,0,0},{0,0,0,0,0,0,0,0,0},{0,0,0,0,0,0,0,0,0},{0,0,0,0,0,0,0,0,0},{0,0,0,0,0,0,0,0,0}}
]
13:19:12.677 [main] INFO  sudoku.model.SudokuBoard - Wartość 0 wstawiona nieprawidłowo
13:19:12.677 [main] INFO  sudoku.model.SudokuBoard - Bład w kwadracie 0
sudoku.model.SudokuBoard@23afc725[
  size=9
  solver=sudoku.model.BacktrackingSudokuSolver@5d3f99d7
  board={{7,8,9,1,5,2,3,4,6},{1,6,2,7,8,4,9,0,0},{0,0,0,0,0,0,0,0,0},{0,0,0,0,0,0,0,0,0},{0,0,0,0,0,0,0,0,0},{0,0,0,0,0,0,0,0,0},{0,0,0,0,0,0,0,0,0},{0,0,0,0,0,0,0,0,0},{0,0,0,0,0,0,0,0,0}}
]
13:19:12.677 [main] INFO  sudoku.model.SudokuBoard - Wartość 0 wstawiona nieprawidłowo
13:19:12.678 [main] INFO  sudoku.model.SudokuBoard - Bład w kwadracie 0
sudoku.model.SudokuBoard@23afc725[
  size=9
  solver=sudoku.model.BacktrackingSudokuSolver@5d3f99d7
  board={{7,8,9,1,5,2,3,4,6},{1,6,2,7,8,4,0,0,0},{0,0,0,0,0,0,0,0,0},{0,0,0,0,0,0,0,0,0},{0,0,0,0,0,0,0,0,0},{0,0,0,0,0,0,0,0,0},{0,0,0,0,0,0,0,0,0},{0,0,0,0,0,0,0,0,0},{0,0,0,0,0,0,0,0,0}}
]
13:19:12.678 [main] INFO  sudoku.model.SudokuBoard - Wartość 0 wstawiona nieprawidłowo
13:19:12.678 [main] INFO  sudoku.model.SudokuBoard - Bład w kwadracie 0
sudoku.model.SudokuBoard@23afc725[
  size=9
  solver=sudoku.model.BacktrackingSudokuSolver@5d3f99d7
  board={{7,8,9,1,5,2,3,4,6},{1,6,2,7,8,4,5,0,0},{0,0,0,0,0,0,0,0,0},{0,0,0,0,0,0,0,0,0},{0,0,0,0,0,0,0,0,0},{0,0,0,0,0,0,0,0,0},{0,0,0,0,0,0,0,0,0},{0,0,0,0,0,0,0,0,0},{0,0,0,0,0,0,0,0,0}}
]
13:19:12.678 [main] INFO  sudoku.model.SudokuBoard - Wartość 0 wstawiona nieprawidłowo
13:19:12.678 [main] INFO  sudoku.model.SudokuBoard - Bład w kwadracie 0
sudoku.model.SudokuBoard@23afc725[
  size=9
  solver=sudoku.model.BacktrackingSudokuSolver@5d3f99d7
  board={{7,8,9,1,5,2,3,4,6},{1,6,2,7,8,4,0,0,0},{0,0,0,0,0,0,0,0,0},{0,0,0,0,0,0,0,0,0},{0,0,0,0,0,0,0,0,0},{0,0,0,0,0,0,0,0,0},{0,0,0,0,0,0,0,0,0},{0,0,0,0,0,0,0,0,0},{0,0,0,0,0,0,0,0,0}}
]
13:19:12.678 [main] INFO  sudoku.model.SudokuBoard - Wartość 0 wstawiona nieprawidłowo
13:19:12.679 [main] INFO  sudoku.model.SudokuBoard - Bład w kwadracie 0
sudoku.model.SudokuBoard@23afc725[
  size=9
  solver=sudoku.model.BacktrackingSudokuSolver@5d3f99d7
  board={{7,8,9,1,5,2,3,4,6},{1,6,2,7,8,0,0,0,0},{0,0,0,0,0,0,0,0,0},{0,0,0,0,0,0,0,0,0},{0,0,0,0,0,0,0,0,0},{0,0,0,0,0,0,0,0,0},{0,0,0,0,0,0,0,0,0},{0,0,0,0,0,0,0,0,0},{0,0,0,0,0,0,0,0,0}}
]
13:19:12.679 [main] INFO  sudoku.model.SudokuBoard - Wartość 0 wstawiona nieprawidłowo
13:19:12.679 [main] INFO  sudoku.model.SudokuBoard - Bład w kwadracie 0
sudoku.model.SudokuBoard@23afc725[
  size=9
  solver=sudoku.model.BacktrackingSudokuSolver@5d3f99d7
  board={{7,8,9,1,5,2,3,4,6},{1,6,2,7,8,9,0,0,0},{0,0,0,0,0,0,0,0,0},{0,0,0,0,0,0,0,0,0},{0,0,0,0,0,0,0,0,0},{0,0,0,0,0,0,0,0,0},{0,0,0,0,0,0,0,0,0},{0,0,0,0,0,0,0,0,0},{0,0,0,0,0,0,0,0,0}}
]
13:19:12.679 [main] INFO  sudoku.model.SudokuBoard - Wartość 0 wstawiona nieprawidłowo
13:19:12.679 [main] INFO  sudoku.model.SudokuBoard - Bład w kwadracie 0
sudoku.model.SudokuBoard@23afc725[
  size=9
  solver=sudoku.model.BacktrackingSudokuSolver@5d3f99d7
  board={{7,8,9,1,5,2,3,4,6},{1,6,2,7,8,0,0,0,0},{0,0,0,0,0,0,0,0,0},{0,0,0,0,0,0,0,0,0},{0,0,0,0,0,0,0,0,0},{0,0,0,0,0,0,0,0,0},{0,0,0,0,0,0,0,0,0},{0,0,0,0,0,0,0,0,0},{0,0,0,0,0,0,0,0,0}}
]
13:19:12.679 [main] INFO  sudoku.model.SudokuBoard - Wartość 0 wstawiona nieprawidłowo
13:19:12.679 [main] INFO  sudoku.model.SudokuBoard - Bład w kwadracie 0
sudoku.model.SudokuBoard@23afc725[
  size=9
  solver=sudoku.model.BacktrackingSudokuSolver@5d3f99d7
  board={{7,8,9,1,5,2,3,4,6},{1,6,2,7,0,0,0,0,0},{0,0,0,0,0,0,0,0,0},{0,0,0,0,0,0,0,0,0},{0,0,0,0,0,0,0,0,0},{0,0,0,0,0,0,0,0,0},{0,0,0,0,0,0,0,0,0},{0,0,0,0,0,0,0,0,0},{0,0,0,0,0,0,0,0,0}}
]
13:19:12.679 [main] INFO  sudoku.model.SudokuBoard - Wartość 0 wstawiona nieprawidłowo
13:19:12.680 [main] INFO  sudoku.model.SudokuBoard - Bład w kwadracie 0
sudoku.model.SudokuBoard@23afc725[
  size=9
  solver=sudoku.model.BacktrackingSudokuSolver@5d3f99d7
  board={{7,8,9,1,5,2,3,4,6},{1,6,2,7,9,8,0,0,0},{0,0,0,0,0,0,0,0,0},{0,0,0,0,0,0,0,0,0},{0,0,0,0,0,0,0,0,0},{0,0,0,0,0,0,0,0,0},{0,0,0,0,0,0,0,0,0},{0,0,0,0,0,0,0,0,0},{0,0,0,0,0,0,0,0,0}}
]
13:19:12.680 [main] INFO  sudoku.model.SudokuBoard - Wartość 0 wstawiona nieprawidłowo
13:19:12.680 [main] INFO  sudoku.model.SudokuBoard - Bład w kwadracie 0
sudoku.model.SudokuBoard@23afc725[
  size=9
  solver=sudoku.model.BacktrackingSudokuSolver@5d3f99d7
  board={{7,8,9,1,5,2,3,4,6},{1,6,2,7,9,0,0,0,0},{0,0,0,0,0,0,0,0,0},{0,0,0,0,0,0,0,0,0},{0,0,0,0,0,0,0,0,0},{0,0,0,0,0,0,0,0,0},{0,0,0,0,0,0,0,0,0},{0,0,0,0,0,0,0,0,0},{0,0,0,0,0,0,0,0,0}}
]
13:19:12.680 [main] INFO  sudoku.model.SudokuBoard - Wartość 0 wstawiona nieprawidłowo
13:19:12.680 [main] INFO  sudoku.model.SudokuBoard - Bład w kwadracie 0
sudoku.model.SudokuBoard@23afc725[
  size=9
  solver=sudoku.model.BacktrackingSudokuSolver@5d3f99d7
  board={{7,8,9,1,5,2,3,4,6},{1,6,2,7,9,3,8,0,0},{0,0,0,0,0,0,0,0,0},{0,0,0,0,0,0,0,0,0},{0,0,0,0,0,0,0,0,0},{0,0,0,0,0,0,0,0,0},{0,0,0,0,0,0,0,0,0},{0,0,0,0,0,0,0,0,0},{0,0,0,0,0,0,0,0,0}}
]
13:19:12.680 [main] INFO  sudoku.model.SudokuBoard - Wartość 0 wstawiona nieprawidłowo
13:19:12.681 [main] INFO  sudoku.model.SudokuBoard - Bład w kwadracie 0
sudoku.model.SudokuBoard@23afc725[
  size=9
  solver=sudoku.model.BacktrackingSudokuSolver@5d3f99d7
  board={{7,8,9,1,5,2,3,4,6},{1,6,2,7,9,3,0,0,0},{0,0,0,0,0,0,0,0,0},{0,0,0,0,0,0,0,0,0},{0,0,0,0,0,0,0,0,0},{0,0,0,0,0,0,0,0,0},{0,0,0,0,0,0,0,0,0},{0,0,0,0,0,0,0,0,0},{0,0,0,0,0,0,0,0,0}}
]
13:19:12.681 [main] INFO  sudoku.model.SudokuBoard - Wartość 0 wstawiona nieprawidłowo
13:19:12.681 [main] INFO  sudoku.model.SudokuBoard - Bład w kwadracie 0
sudoku.model.SudokuBoard@23afc725[
  size=9
  solver=sudoku.model.BacktrackingSudokuSolver@5d3f99d7
  board={{7,8,9,1,5,2,3,4,6},{1,6,2,7,9,3,5,0,0},{0,0,0,0,0,0,0,0,0},{0,0,0,0,0,0,0,0,0},{0,0,0,0,0,0,0,0,0},{0,0,0,0,0,0,0,0,0},{0,0,0,0,0,0,0,0,0},{0,0,0,0,0,0,0,0,0},{0,0,0,0,0,0,0,0,0}}
]
13:19:12.681 [main] INFO  sudoku.model.SudokuBoard - Wartość 0 wstawiona nieprawidłowo
13:19:12.681 [main] INFO  sudoku.model.SudokuBoard - Bład w kwadracie 0
sudoku.model.SudokuBoard@23afc725[
  size=9
  solver=sudoku.model.BacktrackingSudokuSolver@5d3f99d7
  board={{7,8,9,1,5,2,3,4,6},{1,6,2,7,9,3,0,0,0},{0,0,0,0,0,0,0,0,0},{0,0,0,0,0,0,0,0,0},{0,0,0,0,0,0,0,0,0},{0,0,0,0,0,0,0,0,0},{0,0,0,0,0,0,0,0,0},{0,0,0,0,0,0,0,0,0},{0,0,0,0,0,0,0,0,0}}
]
13:19:12.681 [main] INFO  sudoku.model.SudokuBoard - Wartość 0 wstawiona nieprawidłowo
13:19:12.681 [main] INFO  sudoku.model.SudokuBoard - Bład w kwadracie 0
sudoku.model.SudokuBoard@23afc725[
  size=9
  solver=sudoku.model.BacktrackingSudokuSolver@5d3f99d7
  board={{7,8,9,1,5,2,3,4,6},{1,6,2,7,9,0,0,0,0},{0,0,0,0,0,0,0,0,0},{0,0,0,0,0,0,0,0,0},{0,0,0,0,0,0,0,0,0},{0,0,0,0,0,0,0,0,0},{0,0,0,0,0,0,0,0,0},{0,0,0,0,0,0,0,0,0},{0,0,0,0,0,0,0,0,0}}
]
13:19:12.681 [main] INFO  sudoku.model.SudokuBoard - Wartość 0 wstawiona nieprawidłowo
13:19:12.681 [main] INFO  sudoku.model.SudokuBoard - Bład w kwadracie 0
sudoku.model.SudokuBoard@23afc725[
  size=9
  solver=sudoku.model.BacktrackingSudokuSolver@5d3f99d7
  board={{7,8,9,1,5,2,3,4,6},{1,6,2,7,9,4,8,0,0},{0,0,0,0,0,0,0,0,0},{0,0,0,0,0,0,0,0,0},{0,0,0,0,0,0,0,0,0},{0,0,0,0,0,0,0,0,0},{0,0,0,0,0,0,0,0,0},{0,0,0,0,0,0,0,0,0},{0,0,0,0,0,0,0,0,0}}
]
13:19:12.681 [main] INFO  sudoku.model.SudokuBoard - Wartość 0 wstawiona nieprawidłowo
13:19:12.682 [main] INFO  sudoku.model.SudokuBoard - Bład w kwadracie 0
sudoku.model.SudokuBoard@23afc725[
  size=9
  solver=sudoku.model.BacktrackingSudokuSolver@5d3f99d7
  board={{7,8,9,1,5,2,3,4,6},{1,6,2,7,9,4,0,0,0},{0,0,0,0,0,0,0,0,0},{0,0,0,0,0,0,0,0,0},{0,0,0,0,0,0,0,0,0},{0,0,0,0,0,0,0,0,0},{0,0,0,0,0,0,0,0,0},{0,0,0,0,0,0,0,0,0},{0,0,0,0,0,0,0,0,0}}
]
13:19:12.682 [main] INFO  sudoku.model.SudokuBoard - Wartość 0 wstawiona nieprawidłowo
13:19:12.682 [main] INFO  sudoku.model.SudokuBoard - Bład w kwadracie 0
sudoku.model.SudokuBoard@23afc725[
  size=9
  solver=sudoku.model.BacktrackingSudokuSolver@5d3f99d7
  board={{7,8,9,1,5,2,3,4,6},{1,6,2,7,9,4,5,0,0},{0,0,0,0,0,0,0,0,0},{0,0,0,0,0,0,0,0,0},{0,0,0,0,0,0,0,0,0},{0,0,0,0,0,0,0,0,0},{0,0,0,0,0,0,0,0,0},{0,0,0,0,0,0,0,0,0},{0,0,0,0,0,0,0,0,0}}
]
13:19:12.682 [main] INFO  sudoku.model.SudokuBoard - Wartość 0 wstawiona nieprawidłowo
13:19:12.683 [main] INFO  sudoku.model.SudokuBoard - Bład w kwadracie 0
sudoku.model.SudokuBoard@23afc725[
  size=9
  solver=sudoku.model.BacktrackingSudokuSolver@5d3f99d7
  board={{7,8,9,1,5,2,3,4,6},{1,6,2,7,9,4,0,0,0},{0,0,0,0,0,0,0,0,0},{0,0,0,0,0,0,0,0,0},{0,0,0,0,0,0,0,0,0},{0,0,0,0,0,0,0,0,0},{0,0,0,0,0,0,0,0,0},{0,0,0,0,0,0,0,0,0},{0,0,0,0,0,0,0,0,0}}
]
13:19:12.683 [main] INFO  sudoku.model.SudokuBoard - Wartość 0 wstawiona nieprawidłowo
13:19:12.683 [main] INFO  sudoku.model.SudokuBoard - Bład w kwadracie 0
sudoku.model.SudokuBoard@23afc725[
  size=9
  solver=sudoku.model.BacktrackingSudokuSolver@5d3f99d7
  board={{7,8,9,1,5,2,3,4,6},{1,6,2,7,9,0,0,0,0},{0,0,0,0,0,0,0,0,0},{0,0,0,0,0,0,0,0,0},{0,0,0,0,0,0,0,0,0},{0,0,0,0,0,0,0,0,0},{0,0,0,0,0,0,0,0,0},{0,0,0,0,0,0,0,0,0},{0,0,0,0,0,0,0,0,0}}
]
13:19:12.683 [main] INFO  sudoku.model.SudokuBoard - Wartość 0 wstawiona nieprawidłowo
13:19:12.683 [main] INFO  sudoku.model.SudokuBoard - Bład w kwadracie 0
sudoku.model.SudokuBoard@23afc725[
  size=9
  solver=sudoku.model.BacktrackingSudokuSolver@5d3f99d7
  board={{7,8,9,1,5,2,3,4,6},{1,6,2,7,0,0,0,0,0},{0,0,0,0,0,0,0,0,0},{0,0,0,0,0,0,0,0,0},{0,0,0,0,0,0,0,0,0},{0,0,0,0,0,0,0,0,0},{0,0,0,0,0,0,0,0,0},{0,0,0,0,0,0,0,0,0},{0,0,0,0,0,0,0,0,0}}
]
13:19:12.683 [main] INFO  sudoku.model.SudokuBoard - Wartość 0 wstawiona nieprawidłowo
13:19:12.683 [main] INFO  sudoku.model.SudokuBoard - Bład w kwadracie 0
sudoku.model.SudokuBoard@23afc725[
  size=9
  solver=sudoku.model.BacktrackingSudokuSolver@5d3f99d7
  board={{7,8,9,1,5,2,3,4,6},{1,6,2,7,3,4,8,9,5},{3,4,5,6,8,9,7,1,2},{4,1,6,2,9,0,0,0,0},{0,0,0,0,0,0,0,0,0},{0,0,0,0,0,0,0,0,0},{0,0,0,0,0,0,0,0,0},{0,0,0,0,0,0,0,0,0},{0,0,0,0,0,0,0,0,0}}
]
13:19:12.683 [main] INFO  sudoku.model.SudokuBoard - Wartość 0 wstawiona nieprawidłowo
13:19:12.684 [main] INFO  sudoku.model.SudokuBoard - Bład w kwadracie 0
sudoku.model.SudokuBoard@23afc725[
  size=9
  solver=sudoku.model.BacktrackingSudokuSolver@5d3f99d7
  board={{7,8,9,1,5,2,3,4,6},{1,6,2,7,3,4,8,9,5},{3,4,5,6,8,9,7,1,2},{4,1,6,2,9,7,5,8,3},{8,9,7,3,4,5,1,0,0},{0,0,0,0,0,0,0,0,0},{0,0,0,0,0,0,0,0,0},{0,0,0,0,0,0,0,0,0},{0,0,0,0,0,0,0,0,0}}
]
13:19:12.684 [main] INFO  sudoku.model.SudokuBoard - Wartość 0 wstawiona nieprawidłowo
13:19:12.684 [main] INFO  sudoku.model.SudokuBoard - Bład w kwadracie 0
sudoku.model.SudokuBoard@23afc725[
  size=9
  solver=sudoku.model.BacktrackingSudokuSolver@5d3f99d7
  board={{7,8,9,1,5,2,3,4,6},{1,6,2,7,3,4,8,9,5},{3,4,5,6,8,9,7,1,2},{4,1,6,2,9,7,5,8,3},{8,9,7,3,4,5,1,0,0},{0,0,0,0,0,0,0,0,0},{0,0,0,0,0,0,0,0,0},{0,0,0,0,0,0,0,0,0},{0,0,0,0,0,0,0,0,0}}
]
13:19:12.684 [main] INFO  sudoku.model.SudokuBoard - Wartość 0 wstawiona nieprawidłowo
13:19:12.684 [main] INFO  sudoku.model.SudokuBoard - Bład w kwadracie 0
sudoku.model.SudokuBoard@23afc725[
  size=9
  solver=sudoku.model.BacktrackingSudokuSolver@5d3f99d7
  board={{7,8,9,1,5,2,3,4,6},{1,6,2,7,3,4,8,9,5},{3,4,5,6,8,9,7,1,2},{4,1,6,2,9,7,5,8,3},{8,9,7,3,4,5,0,0,0},{0,0,0,0,0,0,0,0,0},{0,0,0,0,0,0,0,0,0},{0,0,0,0,0,0,0,0,0},{0,0,0,0,0,0,0,0,0}}
]
13:19:12.684 [main] INFO  sudoku.model.SudokuBoard - Wartość 0 wstawiona nieprawidłowo
13:19:12.684 [main] INFO  sudoku.model.SudokuBoard - Bład w kwadracie 0
sudoku.model.SudokuBoard@23afc725[
  size=9
  solver=sudoku.model.BacktrackingSudokuSolver@5d3f99d7
  board={{7,8,9,1,5,2,3,4,6},{1,6,2,7,3,4,8,9,5},{3,4,5,6,8,9,7,1,2},{4,1,6,2,9,7,5,8,3},{8,9,7,3,4,5,2,6,1},{5,0,0,0,0,0,0,0,0},{0,0,0,0,0,0,0,0,0},{0,0,0,0,0,0,0,0,0},{0,0,0,0,0,0,0,0,0}}
]
13:19:12.684 [main] INFO  sudoku.model.SudokuBoard - Wartość 0 wstawiona nieprawidłowo
13:19:12.685 [main] INFO  sudoku.model.SudokuBoard - Bład w kwadracie 0
sudoku.model.SudokuBoard@23afc725[
  size=9
  solver=sudoku.model.BacktrackingSudokuSolver@5d3f99d7
  board={{7,8,9,1,5,2,3,4,6},{1,6,2,7,3,4,8,9,5},{3,4,5,6,8,9,7,1,2},{4,1,6,2,9,7,5,8,3},{8,9,7,3,4,5,2,6,1},{5,2,3,8,1,6,4,7,9},{6,3,1,5,7,8,9,2,4},{2,5,8,4,6,3,0,0,0},{0,0,0,0,0,0,0,0,0}}
]
13:19:12.685 [main] INFO  sudoku.model.SudokuBoard - Wartość 0 wstawiona nieprawidłowo
13:19:12.685 [main] INFO  sudoku.model.SudokuBoard - Bład w kwadracie 0
sudoku.model.SudokuBoard@23afc725[
  size=9
  solver=sudoku.model.BacktrackingSudokuSolver@5d3f99d7
  board={{7,8,9,1,5,2,3,4,6},{1,6,2,7,3,4,8,9,5},{3,4,5,6,8,9,7,1,2},{4,1,6,2,9,7,5,8,3},{8,9,7,3,4,5,2,6,1},{5,2,3,8,1,6,4,7,9},{6,3,1,5,7,8,9,2,4},{2,5,8,4,6,0,0,0,0},{0,0,0,0,0,0,0,0,0}}
]
13:19:12.685 [main] INFO  sudoku.model.SudokuBoard - Wartość 0 wstawiona nieprawidłowo
13:19:12.685 [main] INFO  sudoku.model.SudokuBoard - Bład w kwadracie 0
sudoku.model.SudokuBoard@23afc725[
  size=9
  solver=sudoku.model.BacktrackingSudokuSolver@5d3f99d7
  board={{7,8,9,1,5,2,3,4,6},{1,6,2,7,3,4,8,9,5},{3,4,5,6,8,9,7,1,2},{4,1,6,2,9,7,5,8,3},{8,9,7,3,4,5,2,6,1},{5,2,3,8,1,6,4,7,9},{6,3,1,5,7,8,9,2,4},{2,5,8,4,6,0,0,0,0},{0,0,0,0,0,0,0,0,0}}
]
13:19:12.685 [main] INFO  sudoku.model.SudokuBoard - Wartość 0 wstawiona nieprawidłowo
13:19:12.686 [main] INFO  sudoku.model.SudokuBoard - Bład w kwadracie 0
sudoku.model.SudokuBoard@23afc725[
  size=9
  solver=sudoku.model.BacktrackingSudokuSolver@5d3f99d7
  board={{7,8,9,1,5,2,3,4,6},{1,6,2,7,3,4,8,9,5},{3,4,5,6,8,9,7,1,2},{4,1,6,2,9,7,5,8,3},{8,9,7,3,4,5,2,6,1},{5,2,3,8,1,6,4,7,9},{6,3,1,5,7,8,9,2,4},{2,5,8,4,0,0,0,0,0},{0,0,0,0,0,0,0,0,0}}
]
13:19:12.686 [main] INFO  sudoku.model.SudokuBoard - Wartość 0 wstawiona nieprawidłowo
13:19:12.686 [main] INFO  sudoku.model.SudokuBoard - Bład w kwadracie 0
sudoku.model.SudokuBoard@23afc725[
  size=9
  solver=sudoku.model.BacktrackingSudokuSolver@5d3f99d7
  board={{7,8,9,1,5,2,3,4,6},{1,6,2,7,3,4,8,9,5},{3,4,5,6,8,9,7,1,2},{4,1,6,2,9,7,5,8,3},{8,9,7,3,4,5,2,6,1},{5,2,3,8,1,6,4,7,9},{6,3,1,5,7,8,9,2,4},{2,5,8,0,0,0,0,0,0},{0,0,0,0,0,0,0,0,0}}
]
13:19:12.686 [main] INFO  sudoku.model.SudokuBoard - Wartość 0 wstawiona nieprawidłowo
13:19:12.686 [main] INFO  sudoku.model.SudokuBoard - Bład w kwadracie 0
sudoku.model.SudokuBoard@23afc725[
  size=9
  solver=sudoku.model.BacktrackingSudokuSolver@5d3f99d7
  board={{7,8,9,1,5,2,3,4,6},{1,6,2,7,3,4,8,9,5},{3,4,5,6,8,9,7,1,2},{4,1,6,2,9,7,5,8,3},{8,9,7,3,4,5,2,6,1},{5,2,3,8,1,6,4,7,9},{6,3,1,5,7,8,9,2,4},{2,5,8,9,6,0,0,0,0},{0,0,0,0,0,0,0,0,0}}
]
13:19:12.686 [main] INFO  sudoku.model.SudokuBoard - Wartość 0 wstawiona nieprawidłowo
13:19:12.686 [main] INFO  sudoku.model.SudokuBoard - Bład w kwadracie 0
sudoku.model.SudokuBoard@23afc725[
  size=9
  solver=sudoku.model.BacktrackingSudokuSolver@5d3f99d7
  board={{7,8,9,1,5,2,3,4,6},{1,6,2,7,3,4,8,9,5},{3,4,5,6,8,9,7,1,2},{4,1,6,2,9,7,5,8,3},{8,9,7,3,4,5,2,6,1},{5,2,3,8,1,6,4,7,9},{6,3,1,5,7,8,9,2,4},{2,5,8,9,6,3,0,0,0},{0,0,0,0,0,0,0,0,0}}
]
13:19:12.686 [main] INFO  sudoku.model.SudokuBoard - Wartość 0 wstawiona nieprawidłowo
13:19:12.687 [main] INFO  sudoku.model.SudokuBoard - Bład w kwadracie 0
sudoku.model.SudokuBoard@23afc725[
  size=9
  solver=sudoku.model.BacktrackingSudokuSolver@5d3f99d7
  board={{7,8,9,1,5,2,3,4,6},{1,6,2,7,3,4,8,9,5},{3,4,5,6,8,9,7,1,2},{4,1,6,2,9,7,5,8,3},{8,9,7,3,4,5,2,6,1},{5,2,3,8,1,6,4,7,9},{6,3,1,5,7,8,9,2,4},{2,5,8,9,6,0,0,0,0},{0,0,0,0,0,0,0,0,0}}
]
13:19:12.687 [main] INFO  sudoku.model.SudokuBoard - Wartość 0 wstawiona nieprawidłowo
13:19:12.687 [main] INFO  sudoku.model.SudokuBoard - Bład w kwadracie 0
sudoku.model.SudokuBoard@23afc725[
  size=9
  solver=sudoku.model.BacktrackingSudokuSolver@5d3f99d7
  board={{7,8,9,1,5,2,3,4,6},{1,6,2,7,3,4,8,9,5},{3,4,5,6,8,9,7,1,2},{4,1,6,2,9,7,5,8,3},{8,9,7,3,4,5,2,6,1},{5,2,3,8,1,6,4,7,9},{6,3,1,5,7,8,9,2,4},{2,5,8,9,0,0,0,0,0},{0,0,0,0,0,0,0,0,0}}
]
13:19:12.687 [main] INFO  sudoku.model.SudokuBoard - Wartość 0 wstawiona nieprawidłowo
13:19:12.687 [main] INFO  sudoku.model.SudokuBoard - Bład w kwadracie 0
sudoku.model.SudokuBoard@23afc725[
  size=9
  solver=sudoku.model.BacktrackingSudokuSolver@5d3f99d7
  board={{7,8,9,1,5,2,3,4,6},{1,6,2,7,3,4,8,9,5},{3,4,5,6,8,9,7,1,2},{4,1,6,2,9,7,5,8,3},{8,9,7,3,4,5,2,6,1},{5,2,3,8,1,6,4,7,9},{6,3,1,5,7,8,9,2,4},{2,5,8,0,0,0,0,0,0},{0,0,0,0,0,0,0,0,0}}
]
13:19:12.687 [main] INFO  sudoku.model.SudokuBoard - Wartość 0 wstawiona nieprawidłowo
13:19:12.687 [main] INFO  sudoku.model.SudokuBoard - Bład w kwadracie 0
sudoku.model.SudokuBoard@23afc725[
  size=9
  solver=sudoku.model.BacktrackingSudokuSolver@5d3f99d7
  board={{7,8,9,1,5,2,3,4,6},{1,6,2,7,3,4,8,9,5},{3,4,5,6,8,9,7,1,2},{4,1,6,2,9,7,5,8,3},{8,9,7,3,4,5,2,6,1},{5,2,3,8,1,6,4,7,9},{6,3,1,5,7,8,9,2,4},{2,5,0,0,0,0,0,0,0},{0,0,0,0,0,0,0,0,0}}
]
13:19:12.687 [main] INFO  sudoku.model.SudokuBoard - Wartość 0 wstawiona nieprawidłowo
13:19:12.688 [main] INFO  sudoku.model.SudokuBoard - Bład w kwadracie 0
sudoku.model.SudokuBoard@23afc725[
  size=9
  solver=sudoku.model.BacktrackingSudokuSolver@5d3f99d7
  board={{7,8,9,1,5,2,3,4,6},{1,6,2,7,3,4,8,9,5},{3,4,5,6,8,9,7,1,2},{4,1,6,2,9,7,5,8,3},{8,9,7,3,4,5,2,6,1},{5,2,3,8,1,6,4,7,9},{6,3,1,5,7,8,9,2,4},{2,5,4,9,6,3,0,0,0},{0,0,0,0,0,0,0,0,0}}
]
13:19:12.688 [main] INFO  sudoku.model.SudokuBoard - Wartość 0 wstawiona nieprawidłowo
13:19:12.688 [main] INFO  sudoku.model.SudokuBoard - Bład w kwadracie 0
sudoku.model.SudokuBoard@23afc725[
  size=9
  solver=sudoku.model.BacktrackingSudokuSolver@5d3f99d7
  board={{7,8,9,1,5,2,3,4,6},{1,6,2,7,3,4,8,9,5},{3,4,5,6,8,9,7,1,2},{4,1,6,2,9,7,5,8,3},{8,9,7,3,4,5,2,6,1},{5,2,3,8,1,6,4,7,9},{6,3,1,5,7,8,9,2,4},{2,5,4,9,6,0,0,0,0},{0,0,0,0,0,0,0,0,0}}
]
13:19:12.688 [main] INFO  sudoku.model.SudokuBoard - Wartość 0 wstawiona nieprawidłowo
13:19:12.688 [main] INFO  sudoku.model.SudokuBoard - Bład w kwadracie 0
sudoku.model.SudokuBoard@23afc725[
  size=9
  solver=sudoku.model.BacktrackingSudokuSolver@5d3f99d7
  board={{7,8,9,1,5,2,3,4,6},{1,6,2,7,3,4,8,9,5},{3,4,5,6,8,9,7,1,2},{4,1,6,2,9,7,5,8,3},{8,9,7,3,4,5,2,6,1},{5,2,3,8,1,6,4,7,9},{6,3,1,5,7,8,9,2,4},{2,5,4,9,6,0,0,0,0},{0,0,0,0,0,0,0,0,0}}
]
13:19:12.688 [main] INFO  sudoku.model.SudokuBoard - Wartość 0 wstawiona nieprawidłowo
13:19:12.688 [main] INFO  sudoku.model.SudokuBoard - Bład w kwadracie 0
sudoku.model.SudokuBoard@23afc725[
  size=9
  solver=sudoku.model.BacktrackingSudokuSolver@5d3f99d7
  board={{7,8,9,1,5,2,3,4,6},{1,6,2,7,3,4,8,9,5},{3,4,5,6,8,9,7,1,2},{4,1,6,2,9,7,5,8,3},{8,9,7,3,4,5,2,6,1},{5,2,3,8,1,6,4,7,9},{6,3,1,5,7,8,9,2,4},{2,5,4,9,0,0,0,0,0},{0,0,0,0,0,0,0,0,0}}
]
13:19:12.688 [main] INFO  sudoku.model.SudokuBoard - Wartość 0 wstawiona nieprawidłowo
13:19:12.689 [main] INFO  sudoku.model.SudokuBoard - Bład w kwadracie 0
sudoku.model.SudokuBoard@23afc725[
  size=9
  solver=sudoku.model.BacktrackingSudokuSolver@5d3f99d7
  board={{7,8,9,1,5,2,3,4,6},{1,6,2,7,3,4,8,9,5},{3,4,5,6,8,9,7,1,2},{4,1,6,2,9,7,5,8,3},{8,9,7,3,4,5,2,6,1},{5,2,3,8,1,6,4,7,9},{6,3,1,5,7,8,9,2,4},{2,5,4,0,0,0,0,0,0},{0,0,0,0,0,0,0,0,0}}
]
13:19:12.689 [main] INFO  sudoku.model.SudokuBoard - Wartość 0 wstawiona nieprawidłowo
13:19:12.689 [main] INFO  sudoku.model.SudokuBoard - Bład w kwadracie 0
sudoku.model.SudokuBoard@23afc725[
  size=9
  solver=sudoku.model.BacktrackingSudokuSolver@5d3f99d7
  board={{7,8,9,1,5,2,3,4,6},{1,6,2,7,3,4,8,9,5},{3,4,5,6,8,9,7,1,2},{4,1,6,2,9,7,5,8,3},{8,9,7,3,4,5,2,6,1},{5,2,3,8,1,6,4,7,9},{6,3,1,5,7,8,9,2,4},{2,5,0,0,0,0,0,0,0},{0,0,0,0,0,0,0,0,0}}
]
13:19:12.689 [main] INFO  sudoku.model.SudokuBoard - Wartość 0 wstawiona nieprawidłowo
13:19:12.689 [main] INFO  sudoku.model.SudokuBoard - Bład w kwadracie 0
sudoku.model.SudokuBoard@23afc725[
  size=9
  solver=sudoku.model.BacktrackingSudokuSolver@5d3f99d7
  board={{7,8,9,1,5,2,3,4,6},{1,6,2,7,3,4,8,9,5},{3,4,5,6,8,9,7,1,2},{4,1,6,2,9,7,5,8,3},{8,9,7,3,4,5,2,6,1},{5,2,3,8,1,6,4,7,9},{6,3,1,5,7,8,9,2,4},{2,0,0,0,0,0,0,0,0},{0,0,0,0,0,0,0,0,0}}
]
13:19:12.689 [main] INFO  sudoku.model.SudokuBoard - Wartość 0 wstawiona nieprawidłowo
13:19:12.690 [main] INFO  sudoku.model.SudokuBoard - Bład w kwadracie 0
sudoku.model.SudokuBoard@23afc725[
  size=9
  solver=sudoku.model.BacktrackingSudokuSolver@5d3f99d7
  board={{7,8,9,1,5,2,3,4,6},{1,6,2,7,3,4,8,9,5},{3,4,5,6,8,9,7,1,2},{4,1,6,2,9,7,5,8,3},{8,9,7,3,4,5,2,6,1},{5,2,3,8,1,6,4,7,9},{6,3,1,5,7,8,9,2,4},{2,7,4,9,6,0,0,0,0},{0,0,0,0,0,0,0,0,0}}
]
13:19:12.690 [main] INFO  sudoku.model.SudokuBoard - Wartość 0 wstawiona nieprawidłowo
]]></system-out>
  </testcase>
  <testcase name="testEqualsSame" classname="sudoku.model.SeriesTest" time="0.017">
    <system-out><![CDATA[13:19:12.693 [main] INFO  sudoku.model.SudokuBoard - Bład w kwadracie 0
sudoku.model.SudokuBoard@65e4cb84[
  size=9
  solver=sudoku.model.BacktrackingSudokuSolver@7b44bfb8
  board={{4,5,1,6,8,9,2,3,7},{3,6,7,1,5,2,8,9,4},{2,8,9,3,4,7,5,1,6},{1,2,5,4,3,8,6,7,9},{8,9,3,5,6,1,4,0,0},{0,0,0,0,0,0,0,0,0},{0,0,0,0,0,0,0,0,0},{0,0,0,0,0,0,0,0,0},{0,0,0,0,0,0,0,0,0}}
]
13:19:12.693 [main] INFO  sudoku.model.SudokuBoard - Wartość 0 wstawiona nieprawidłowo
13:19:12.693 [main] INFO  sudoku.model.SudokuBoard - Bład w kwadracie 0
sudoku.model.SudokuBoard@65e4cb84[
  size=9
  solver=sudoku.model.BacktrackingSudokuSolver@7b44bfb8
  board={{4,5,1,6,8,9,2,3,7},{3,6,7,1,5,2,8,9,4},{2,8,9,3,4,7,5,1,6},{1,2,5,4,3,8,6,7,9},{8,9,3,5,6,1,0,0,0},{0,0,0,0,0,0,0,0,0},{0,0,0,0,0,0,0,0,0},{0,0,0,0,0,0,0,0,0},{0,0,0,0,0,0,0,0,0}}
]
13:19:12.693 [main] INFO  sudoku.model.SudokuBoard - Wartość 0 wstawiona nieprawidłowo
13:19:12.694 [main] INFO  sudoku.model.SudokuBoard - Bład w kwadracie 0
sudoku.model.SudokuBoard@65e4cb84[
  size=9
  solver=sudoku.model.BacktrackingSudokuSolver@7b44bfb8
  board={{4,5,1,6,8,9,2,3,7},{3,6,7,1,5,2,8,9,4},{2,8,9,3,4,7,5,1,6},{1,2,5,4,3,8,6,7,9},{8,9,3,5,6,0,0,0,0},{0,0,0,0,0,0,0,0,0},{0,0,0,0,0,0,0,0,0},{0,0,0,0,0,0,0,0,0},{0,0,0,0,0,0,0,0,0}}
]
13:19:12.694 [main] INFO  sudoku.model.SudokuBoard - Wartość 0 wstawiona nieprawidłowo
13:19:12.694 [main] INFO  sudoku.model.SudokuBoard - Bład w kwadracie 0
sudoku.model.SudokuBoard@65e4cb84[
  size=9
  solver=sudoku.model.BacktrackingSudokuSolver@7b44bfb8
  board={{4,5,1,6,8,9,2,3,7},{3,6,7,1,5,2,8,9,4},{2,8,9,3,4,7,5,1,6},{1,2,5,4,3,8,6,7,9},{8,9,3,5,0,0,0,0,0},{0,0,0,0,0,0,0,0,0},{0,0,0,0,0,0,0,0,0},{0,0,0,0,0,0,0,0,0},{0,0,0,0,0,0,0,0,0}}
]
13:19:12.694 [main] INFO  sudoku.model.SudokuBoard - Wartość 0 wstawiona nieprawidłowo
13:19:12.694 [main] INFO  sudoku.model.SudokuBoard - Bład w kwadracie 0
sudoku.model.SudokuBoard@65e4cb84[
  size=9
  solver=sudoku.model.BacktrackingSudokuSolver@7b44bfb8
  board={{4,5,1,6,8,9,2,3,7},{3,6,7,1,5,2,8,9,4},{2,8,9,3,4,7,5,1,6},{1,2,5,4,3,8,6,7,9},{8,9,3,5,7,6,4,2,1},{6,0,0,0,0,0,0,0,0},{0,0,0,0,0,0,0,0,0},{0,0,0,0,0,0,0,0,0},{0,0,0,0,0,0,0,0,0}}
]
13:19:12.694 [main] INFO  sudoku.model.SudokuBoard - Wartość 0 wstawiona nieprawidłowo
13:19:12.694 [main] INFO  sudoku.model.SudokuBoard - Bład w kwadracie 0
sudoku.model.SudokuBoard@65e4cb84[
  size=9
  solver=sudoku.model.BacktrackingSudokuSolver@7b44bfb8
  board={{4,5,1,6,8,9,2,3,7},{3,6,7,1,5,2,8,9,4},{2,8,9,3,4,7,5,1,6},{1,2,5,4,3,8,6,7,9},{8,9,3,5,7,6,4,2,1},{6,7,4,9,0,0,0,0,0},{0,0,0,0,0,0,0,0,0},{0,0,0,0,0,0,0,0,0},{0,0,0,0,0,0,0,0,0}}
]
13:19:12.695 [main] INFO  sudoku.model.SudokuBoard - Wartość 0 wstawiona nieprawidłowo
13:19:12.695 [main] INFO  sudoku.model.SudokuBoard - Bład w kwadracie 0
sudoku.model.SudokuBoard@65e4cb84[
  size=9
  solver=sudoku.model.BacktrackingSudokuSolver@7b44bfb8
  board={{4,5,1,6,8,9,2,3,7},{3,6,7,1,5,2,8,9,4},{2,8,9,3,4,7,5,1,6},{1,2,5,4,3,8,6,7,9},{8,9,3,5,7,6,4,2,1},{6,7,4,9,2,1,3,8,5},{5,3,6,7,9,4,0,0,0},{0,0,0,0,0,0,0,0,0},{0,0,0,0,0,0,0,0,0}}
]
13:19:12.695 [main] INFO  sudoku.model.SudokuBoard - Wartość 0 wstawiona nieprawidłowo
13:19:12.695 [main] INFO  sudoku.model.SudokuBoard - Bład w kwadracie 0
sudoku.model.SudokuBoard@65e4cb84[
  size=9
  solver=sudoku.model.BacktrackingSudokuSolver@7b44bfb8
  board={{4,5,1,6,8,9,2,3,7},{3,6,7,1,5,2,8,9,4},{2,8,9,3,4,7,5,1,6},{1,2,5,4,3,8,6,7,9},{8,9,3,5,7,6,4,2,1},{6,7,4,9,2,1,3,8,5},{5,3,6,7,9,0,0,0,0},{0,0,0,0,0,0,0,0,0},{0,0,0,0,0,0,0,0,0}}
]
13:19:12.695 [main] INFO  sudoku.model.SudokuBoard - Wartość 0 wstawiona nieprawidłowo
13:19:12.695 [main] INFO  sudoku.model.SudokuBoard - Bład w kwadracie 0
sudoku.model.SudokuBoard@65e4cb84[
  size=9
  solver=sudoku.model.BacktrackingSudokuSolver@7b44bfb8
  board={{4,5,1,6,8,9,2,3,7},{3,6,7,1,5,2,8,9,4},{2,8,9,3,4,7,5,1,6},{1,2,5,4,3,8,6,7,9},{8,9,3,5,7,6,4,2,1},{6,7,4,9,2,1,3,8,5},{5,3,6,7,0,0,0,0,0},{0,0,0,0,0,0,0,0,0},{0,0,0,0,0,0,0,0,0}}
]
13:19:12.695 [main] INFO  sudoku.model.SudokuBoard - Wartość 0 wstawiona nieprawidłowo
13:19:12.695 [main] INFO  sudoku.model.SudokuBoard - Bład w kwadracie 0
sudoku.model.SudokuBoard@65e4cb84[
  size=9
  solver=sudoku.model.BacktrackingSudokuSolver@7b44bfb8
  board={{4,5,1,6,8,9,2,3,7},{3,6,7,1,5,2,8,9,4},{2,8,9,3,4,7,5,1,6},{1,2,5,4,3,8,6,7,9},{8,9,3,5,7,6,4,2,1},{6,7,4,9,2,1,3,8,5},{5,3,6,7,1,4,0,0,0},{0,0,0,0,0,0,0,0,0},{0,0,0,0,0,0,0,0,0}}
]
13:19:12.696 [main] INFO  sudoku.model.SudokuBoard - Wartość 0 wstawiona nieprawidłowo
13:19:12.696 [main] INFO  sudoku.model.SudokuBoard - Bład w kwadracie 0
sudoku.model.SudokuBoard@65e4cb84[
  size=9
  solver=sudoku.model.BacktrackingSudokuSolver@7b44bfb8
  board={{4,5,1,6,8,9,2,3,7},{3,6,7,1,5,2,8,9,4},{2,8,9,3,4,7,5,1,6},{1,2,5,4,3,8,6,7,9},{8,9,3,5,7,6,4,2,1},{6,7,4,9,2,1,3,8,5},{5,3,6,7,1,0,0,0,0},{0,0,0,0,0,0,0,0,0},{0,0,0,0,0,0,0,0,0}}
]
13:19:12.696 [main] INFO  sudoku.model.SudokuBoard - Wartość 0 wstawiona nieprawidłowo
13:19:12.696 [main] INFO  sudoku.model.SudokuBoard - Bład w kwadracie 0
sudoku.model.SudokuBoard@65e4cb84[
  size=9
  solver=sudoku.model.BacktrackingSudokuSolver@7b44bfb8
  board={{4,5,1,6,8,9,2,3,7},{3,6,7,1,5,2,8,9,4},{2,8,9,3,4,7,5,1,6},{1,2,5,4,3,8,6,7,9},{8,9,3,5,7,6,4,2,1},{6,7,4,9,2,1,3,8,5},{5,3,6,7,0,0,0,0,0},{0,0,0,0,0,0,0,0,0},{0,0,0,0,0,0,0,0,0}}
]
13:19:12.696 [main] INFO  sudoku.model.SudokuBoard - Wartość 0 wstawiona nieprawidłowo
13:19:12.696 [main] INFO  sudoku.model.SudokuBoard - Bład w kwadracie 0
sudoku.model.SudokuBoard@65e4cb84[
  size=9
  solver=sudoku.model.BacktrackingSudokuSolver@7b44bfb8
  board={{4,5,1,6,8,9,2,3,7},{3,6,7,1,5,2,8,9,4},{2,8,9,3,4,7,5,1,6},{1,2,5,4,3,8,6,7,9},{8,9,3,5,7,6,4,2,1},{6,7,4,9,2,1,3,8,5},{5,3,6,0,0,0,0,0,0},{0,0,0,0,0,0,0,0,0},{0,0,0,0,0,0,0,0,0}}
]
13:19:12.696 [main] INFO  sudoku.model.SudokuBoard - Wartość 0 wstawiona nieprawidłowo
13:19:12.697 [main] INFO  sudoku.model.SudokuBoard - Bład w kwadracie 0
sudoku.model.SudokuBoard@65e4cb84[
  size=9
  solver=sudoku.model.BacktrackingSudokuSolver@7b44bfb8
  board={{4,5,1,6,8,9,2,3,7},{3,6,7,1,5,2,8,9,4},{2,8,9,3,4,7,5,1,6},{1,2,5,4,3,8,6,7,9},{8,9,3,5,7,6,4,2,1},{6,7,4,9,2,1,3,8,5},{5,3,6,8,9,4,0,0,0},{0,0,0,0,0,0,0,0,0},{0,0,0,0,0,0,0,0,0}}
]
13:19:12.697 [main] INFO  sudoku.model.SudokuBoard - Wartość 0 wstawiona nieprawidłowo
13:19:12.697 [main] INFO  sudoku.model.SudokuBoard - Bład w kwadracie 0
sudoku.model.SudokuBoard@65e4cb84[
  size=9
  solver=sudoku.model.BacktrackingSudokuSolver@7b44bfb8
  board={{4,5,1,6,8,9,2,3,7},{3,6,7,1,5,2,8,9,4},{2,8,9,3,4,7,5,1,6},{1,2,5,4,3,8,6,7,9},{8,9,3,5,7,6,4,2,1},{6,7,4,9,2,1,3,8,5},{5,3,6,8,9,4,0,0,0},{0,0,0,0,0,0,0,0,0},{0,0,0,0,0,0,0,0,0}}
]
13:19:12.697 [main] INFO  sudoku.model.SudokuBoard - Wartość 0 wstawiona nieprawidłowo
13:19:12.697 [main] INFO  sudoku.model.SudokuBoard - Bład w kwadracie 0
sudoku.model.SudokuBoard@65e4cb84[
  size=9
  solver=sudoku.model.BacktrackingSudokuSolver@7b44bfb8
  board={{4,5,1,6,8,9,2,3,7},{3,6,7,1,5,2,8,9,4},{2,8,9,3,4,7,5,1,6},{1,2,5,4,3,8,6,7,9},{8,9,3,5,7,6,4,2,1},{6,7,4,9,2,1,3,8,5},{5,3,6,8,9,0,0,0,0},{0,0,0,0,0,0,0,0,0},{0,0,0,0,0,0,0,0,0}}
]
13:19:12.697 [main] INFO  sudoku.model.SudokuBoard - Wartość 0 wstawiona nieprawidłowo
13:19:12.697 [main] INFO  sudoku.model.SudokuBoard - Bład w kwadracie 0
sudoku.model.SudokuBoard@65e4cb84[
  size=9
  solver=sudoku.model.BacktrackingSudokuSolver@7b44bfb8
  board={{4,5,1,6,8,9,2,3,7},{3,6,7,1,5,2,8,9,4},{2,8,9,3,4,7,5,1,6},{1,2,5,4,3,8,6,7,9},{8,9,3,5,7,6,4,2,1},{6,7,4,9,2,1,3,8,5},{5,3,6,8,0,0,0,0,0},{0,0,0,0,0,0,0,0,0},{0,0,0,0,0,0,0,0,0}}
]
13:19:12.697 [main] INFO  sudoku.model.SudokuBoard - Wartość 0 wstawiona nieprawidłowo
13:19:12.697 [main] INFO  sudoku.model.SudokuBoard - Bład w kwadracie 0
sudoku.model.SudokuBoard@65e4cb84[
  size=9
  solver=sudoku.model.BacktrackingSudokuSolver@7b44bfb8
  board={{4,5,1,6,8,9,2,3,7},{3,6,7,1,5,2,8,9,4},{2,8,9,3,4,7,5,1,6},{1,2,5,4,3,8,6,7,9},{8,9,3,5,7,6,4,2,1},{6,7,4,9,2,1,3,8,5},{5,3,6,8,1,4,0,0,0},{0,0,0,0,0,0,0,0,0},{0,0,0,0,0,0,0,0,0}}
]
13:19:12.698 [main] INFO  sudoku.model.SudokuBoard - Wartość 0 wstawiona nieprawidłowo
13:19:12.698 [main] INFO  sudoku.model.SudokuBoard - Bład w kwadracie 0
sudoku.model.SudokuBoard@65e4cb84[
  size=9
  solver=sudoku.model.BacktrackingSudokuSolver@7b44bfb8
  board={{4,5,1,6,8,9,2,3,7},{3,6,7,1,5,2,8,9,4},{2,8,9,3,4,7,5,1,6},{1,2,5,4,3,8,6,7,9},{8,9,3,5,7,6,4,2,1},{6,7,4,9,2,1,3,8,5},{5,3,6,8,1,4,0,0,0},{0,0,0,0,0,0,0,0,0},{0,0,0,0,0,0,0,0,0}}
]
13:19:12.698 [main] INFO  sudoku.model.SudokuBoard - Wartość 0 wstawiona nieprawidłowo
13:19:12.698 [main] INFO  sudoku.model.SudokuBoard - Bład w kwadracie 0
sudoku.model.SudokuBoard@65e4cb84[
  size=9
  solver=sudoku.model.BacktrackingSudokuSolver@7b44bfb8
  board={{4,5,1,6,8,9,2,3,7},{3,6,7,1,5,2,8,9,4},{2,8,9,3,4,7,5,1,6},{1,2,5,4,3,8,6,7,9},{8,9,3,5,7,6,4,2,1},{6,7,4,9,2,1,3,8,5},{5,3,6,8,1,0,0,0,0},{0,0,0,0,0,0,0,0,0},{0,0,0,0,0,0,0,0,0}}
]
13:19:12.698 [main] INFO  sudoku.model.SudokuBoard - Wartość 0 wstawiona nieprawidłowo
13:19:12.698 [main] INFO  sudoku.model.SudokuBoard - Bład w kwadracie 0
sudoku.model.SudokuBoard@65e4cb84[
  size=9
  solver=sudoku.model.BacktrackingSudokuSolver@7b44bfb8
  board={{4,5,1,6,8,9,2,3,7},{3,6,7,1,5,2,8,9,4},{2,8,9,3,4,7,5,1,6},{1,2,5,4,3,8,6,7,9},{8,9,3,5,7,6,4,2,1},{6,7,4,9,2,1,3,8,5},{5,3,6,8,0,0,0,0,0},{0,0,0,0,0,0,0,0,0},{0,0,0,0,0,0,0,0,0}}
]
13:19:12.698 [main] INFO  sudoku.model.SudokuBoard - Wartość 0 wstawiona nieprawidłowo
13:19:12.699 [main] INFO  sudoku.model.SudokuBoard - Bład w kwadracie 0
sudoku.model.SudokuBoard@65e4cb84[
  size=9
  solver=sudoku.model.BacktrackingSudokuSolver@7b44bfb8
  board={{4,5,1,6,8,9,2,3,7},{3,6,7,1,5,2,8,9,4},{2,8,9,3,4,7,5,1,6},{1,2,5,4,3,8,6,7,9},{8,9,3,5,7,6,4,2,1},{6,7,4,9,2,1,3,8,5},{5,3,6,0,0,0,0,0,0},{0,0,0,0,0,0,0,0,0},{0,0,0,0,0,0,0,0,0}}
]
13:19:12.699 [main] INFO  sudoku.model.SudokuBoard - Wartość 0 wstawiona nieprawidłowo
13:19:12.699 [main] INFO  sudoku.model.SudokuBoard - Bład w kwadracie 0
sudoku.model.SudokuBoard@65e4cb84[
  size=9
  solver=sudoku.model.BacktrackingSudokuSolver@7b44bfb8
  board={{4,5,1,6,8,9,2,3,7},{3,6,7,1,5,2,8,9,4},{2,8,9,3,4,7,5,1,6},{1,2,5,4,3,8,6,7,9},{8,9,3,5,7,6,4,2,1},{6,7,4,9,2,1,3,8,5},{5,3,6,2,9,4,0,0,0},{0,0,0,0,0,0,0,0,0},{0,0,0,0,0,0,0,0,0}}
]
13:19:12.699 [main] INFO  sudoku.model.SudokuBoard - Wartość 0 wstawiona nieprawidłowo
13:19:12.699 [main] INFO  sudoku.model.SudokuBoard - Bład w kwadracie 0
sudoku.model.SudokuBoard@65e4cb84[
  size=9
  solver=sudoku.model.BacktrackingSudokuSolver@7b44bfb8
  board={{4,5,1,6,8,9,2,3,7},{3,6,7,1,5,2,8,9,4},{2,8,9,3,4,7,5,1,6},{1,2,5,4,3,8,6,7,9},{8,9,3,5,7,6,4,2,1},{6,7,4,9,2,1,3,8,5},{5,3,6,2,9,4,0,0,0},{0,0,0,0,0,0,0,0,0},{0,0,0,0,0,0,0,0,0}}
]
13:19:12.699 [main] INFO  sudoku.model.SudokuBoard - Wartość 0 wstawiona nieprawidłowo
13:19:12.699 [main] INFO  sudoku.model.SudokuBoard - Bład w kwadracie 0
sudoku.model.SudokuBoard@65e4cb84[
  size=9
  solver=sudoku.model.BacktrackingSudokuSolver@7b44bfb8
  board={{4,5,1,6,8,9,2,3,7},{3,6,7,1,5,2,8,9,4},{2,8,9,3,4,7,5,1,6},{1,2,5,4,3,8,6,7,9},{8,9,3,5,7,6,4,2,1},{6,7,4,9,2,1,3,8,5},{5,3,6,2,9,0,0,0,0},{0,0,0,0,0,0,0,0,0},{0,0,0,0,0,0,0,0,0}}
]
13:19:12.699 [main] INFO  sudoku.model.SudokuBoard - Wartość 0 wstawiona nieprawidłowo
13:19:12.699 [main] INFO  sudoku.model.SudokuBoard - Bład w kwadracie 0
sudoku.model.SudokuBoard@65e4cb84[
  size=9
  solver=sudoku.model.BacktrackingSudokuSolver@7b44bfb8
  board={{4,5,1,6,8,9,2,3,7},{3,6,7,1,5,2,8,9,4},{2,8,9,3,4,7,5,1,6},{1,2,5,4,3,8,6,7,9},{8,9,3,5,7,6,4,2,1},{6,7,4,9,2,1,3,8,5},{5,3,6,2,0,0,0,0,0},{0,0,0,0,0,0,0,0,0},{0,0,0,0,0,0,0,0,0}}
]
13:19:12.699 [main] INFO  sudoku.model.SudokuBoard - Wartość 0 wstawiona nieprawidłowo
13:19:12.700 [main] INFO  sudoku.model.SudokuBoard - Bład w kwadracie 0
sudoku.model.SudokuBoard@65e4cb84[
  size=9
  solver=sudoku.model.BacktrackingSudokuSolver@7b44bfb8
  board={{4,5,1,6,8,9,2,3,7},{3,6,7,1,5,2,8,9,4},{2,8,9,3,4,7,5,1,6},{1,2,5,4,3,8,6,7,9},{8,9,3,5,7,6,4,2,1},{6,7,4,9,2,1,3,8,5},{5,3,6,2,1,4,0,0,0},{0,0,0,0,0,0,0,0,0},{0,0,0,0,0,0,0,0,0}}
]
13:19:12.700 [main] INFO  sudoku.model.SudokuBoard - Wartość 0 wstawiona nieprawidłowo
13:19:12.700 [main] INFO  sudoku.model.SudokuBoard - Bład w kwadracie 0
sudoku.model.SudokuBoard@65e4cb84[
  size=9
  solver=sudoku.model.BacktrackingSudokuSolver@7b44bfb8
  board={{4,5,1,6,8,9,2,3,7},{3,6,7,1,5,2,8,9,4},{2,8,9,3,4,7,5,1,6},{1,2,5,4,3,8,6,7,9},{8,9,3,5,7,6,4,2,1},{6,7,4,9,2,1,3,8,5},{5,3,6,2,1,4,0,0,0},{0,0,0,0,0,0,0,0,0},{0,0,0,0,0,0,0,0,0}}
]
13:19:12.700 [main] INFO  sudoku.model.SudokuBoard - Wartość 0 wstawiona nieprawidłowo
13:19:12.700 [main] INFO  sudoku.model.SudokuBoard - Bład w kwadracie 0
sudoku.model.SudokuBoard@65e4cb84[
  size=9
  solver=sudoku.model.BacktrackingSudokuSolver@7b44bfb8
  board={{4,5,1,6,8,9,2,3,7},{3,6,7,1,5,2,8,9,4},{2,8,9,3,4,7,5,1,6},{1,2,5,4,3,8,6,7,9},{8,9,3,5,7,6,4,2,1},{6,7,4,9,2,1,3,8,5},{5,3,6,2,1,0,0,0,0},{0,0,0,0,0,0,0,0,0},{0,0,0,0,0,0,0,0,0}}
]
13:19:12.700 [main] INFO  sudoku.model.SudokuBoard - Wartość 0 wstawiona nieprawidłowo
13:19:12.700 [main] INFO  sudoku.model.SudokuBoard - Bład w kwadracie 0
sudoku.model.SudokuBoard@65e4cb84[
  size=9
  solver=sudoku.model.BacktrackingSudokuSolver@7b44bfb8
  board={{4,5,1,6,8,9,2,3,7},{3,6,7,1,5,2,8,9,4},{2,8,9,3,4,7,5,1,6},{1,2,5,4,3,8,6,7,9},{8,9,3,5,7,6,4,2,1},{6,7,4,9,2,1,3,8,5},{5,3,6,2,0,0,0,0,0},{0,0,0,0,0,0,0,0,0},{0,0,0,0,0,0,0,0,0}}
]
13:19:12.700 [main] INFO  sudoku.model.SudokuBoard - Wartość 0 wstawiona nieprawidłowo
13:19:12.701 [main] INFO  sudoku.model.SudokuBoard - Bład w kwadracie 0
sudoku.model.SudokuBoard@65e4cb84[
  size=9
  solver=sudoku.model.BacktrackingSudokuSolver@7b44bfb8
  board={{4,5,1,6,8,9,2,3,7},{3,6,7,1,5,2,8,9,4},{2,8,9,3,4,7,5,1,6},{1,2,5,4,3,8,6,7,9},{8,9,3,5,7,6,4,2,1},{6,7,4,9,2,1,3,8,5},{5,3,6,0,0,0,0,0,0},{0,0,0,0,0,0,0,0,0},{0,0,0,0,0,0,0,0,0}}
]
13:19:12.701 [main] INFO  sudoku.model.SudokuBoard - Wartość 0 wstawiona nieprawidłowo
13:19:12.701 [main] INFO  sudoku.model.SudokuBoard - Bład w kwadracie 0
sudoku.model.SudokuBoard@65e4cb84[
  size=9
  solver=sudoku.model.BacktrackingSudokuSolver@7b44bfb8
  board={{4,5,1,6,8,9,2,3,7},{3,6,7,1,5,2,8,9,4},{2,8,9,3,4,7,5,1,6},{1,2,5,4,3,8,6,7,9},{8,9,3,5,7,6,4,2,1},{6,7,4,9,2,1,3,8,5},{5,3,0,0,0,0,0,0,0},{0,0,0,0,0,0,0,0,0},{0,0,0,0,0,0,0,0,0}}
]
13:19:12.701 [main] INFO  sudoku.model.SudokuBoard - Wartość 0 wstawiona nieprawidłowo
13:19:12.701 [main] INFO  sudoku.model.SudokuBoard - Bład w kwadracie 0
sudoku.model.SudokuBoard@65e4cb84[
  size=9
  solver=sudoku.model.BacktrackingSudokuSolver@7b44bfb8
  board={{4,5,1,6,8,9,2,3,7},{3,6,7,1,5,2,8,9,4},{2,8,9,3,4,7,5,1,6},{1,2,5,4,3,8,6,7,9},{8,9,3,5,7,6,4,2,1},{6,7,4,9,2,1,3,8,5},{5,3,8,2,9,4,7,0,0},{0,0,0,0,0,0,0,0,0},{0,0,0,0,0,0,0,0,0}}
]
13:19:12.701 [main] INFO  sudoku.model.SudokuBoard - Wartość 0 wstawiona nieprawidłowo
13:19:12.701 [main] INFO  sudoku.model.SudokuBoard - Bład w kwadracie 0
sudoku.model.SudokuBoard@65e4cb84[
  size=9
  solver=sudoku.model.BacktrackingSudokuSolver@7b44bfb8
  board={{4,5,1,6,8,9,2,3,7},{3,6,7,1,5,2,8,9,4},{2,8,9,3,4,7,5,1,6},{1,2,5,4,3,8,6,7,9},{8,9,3,5,7,6,4,2,1},{6,7,4,9,2,1,3,8,5},{5,3,8,2,9,4,0,0,0},{0,0,0,0,0,0,0,0,0},{0,0,0,0,0,0,0,0,0}}
]
13:19:12.702 [main] INFO  sudoku.model.SudokuBoard - Wartość 0 wstawiona nieprawidłowo
13:19:12.702 [main] INFO  sudoku.model.SudokuBoard - Bład w kwadracie 0
sudoku.model.SudokuBoard@65e4cb84[
  size=9
  solver=sudoku.model.BacktrackingSudokuSolver@7b44bfb8
  board={{4,5,1,6,8,9,2,3,7},{3,6,7,1,5,2,8,9,4},{2,8,9,3,4,7,5,1,6},{1,2,5,4,3,8,6,7,9},{8,9,3,5,7,6,4,2,1},{6,7,4,9,2,1,3,8,5},{5,3,8,2,9,4,1,0,0},{0,0,0,0,0,0,0,0,0},{0,0,0,0,0,0,0,0,0}}
]
13:19:12.702 [main] INFO  sudoku.model.SudokuBoard - Wartość 0 wstawiona nieprawidłowo
13:19:12.702 [main] INFO  sudoku.model.SudokuBoard - Bład w kwadracie 0
sudoku.model.SudokuBoard@65e4cb84[
  size=9
  solver=sudoku.model.BacktrackingSudokuSolver@7b44bfb8
  board={{4,5,1,6,8,9,2,3,7},{3,6,7,1,5,2,8,9,4},{2,8,9,3,4,7,5,1,6},{1,2,5,4,3,8,6,7,9},{8,9,3,5,7,6,4,2,1},{6,7,4,9,2,1,3,8,5},{5,3,8,2,9,4,0,0,0},{0,0,0,0,0,0,0,0,0},{0,0,0,0,0,0,0,0,0}}
]
13:19:12.702 [main] INFO  sudoku.model.SudokuBoard - Wartość 0 wstawiona nieprawidłowo
13:19:12.703 [main] INFO  sudoku.model.SudokuBoard - Bład w kwadracie 0
sudoku.model.SudokuBoard@65e4cb84[
  size=9
  solver=sudoku.model.BacktrackingSudokuSolver@7b44bfb8
  board={{4,5,1,6,8,9,2,3,7},{3,6,7,1,5,2,8,9,4},{2,8,9,3,4,7,5,1,6},{1,2,5,4,3,8,6,7,9},{8,9,3,5,7,6,4,2,1},{6,7,4,9,2,1,3,8,5},{5,3,8,2,9,0,0,0,0},{0,0,0,0,0,0,0,0,0},{0,0,0,0,0,0,0,0,0}}
]
13:19:12.703 [main] INFO  sudoku.model.SudokuBoard - Wartość 0 wstawiona nieprawidłowo
13:19:12.703 [main] INFO  sudoku.model.SudokuBoard - Bład w kwadracie 0
sudoku.model.SudokuBoard@65e4cb84[
  size=9
  solver=sudoku.model.BacktrackingSudokuSolver@7b44bfb8
  board={{4,5,1,6,8,9,2,3,7},{3,6,7,1,5,2,8,9,4},{2,8,9,3,4,7,5,1,6},{1,2,5,4,3,8,6,7,9},{8,9,3,5,7,6,4,2,1},{6,7,4,9,2,1,3,8,5},{5,3,8,2,0,0,0,0,0},{0,0,0,0,0,0,0,0,0},{0,0,0,0,0,0,0,0,0}}
]
13:19:12.703 [main] INFO  sudoku.model.SudokuBoard - Wartość 0 wstawiona nieprawidłowo
13:19:12.704 [main] INFO  sudoku.model.SudokuBoard - Bład w kwadracie 0
sudoku.model.SudokuBoard@65e4cb84[
  size=9
  solver=sudoku.model.BacktrackingSudokuSolver@7b44bfb8
  board={{4,5,1,6,8,9,2,3,7},{3,6,7,1,5,2,8,9,4},{2,8,9,3,4,7,5,1,6},{1,2,5,4,3,8,6,7,9},{8,9,3,5,7,6,4,2,1},{6,7,4,9,2,1,3,8,5},{5,3,8,2,1,4,7,0,0},{0,0,0,0,0,0,0,0,0},{0,0,0,0,0,0,0,0,0}}
]
13:19:12.704 [main] INFO  sudoku.model.SudokuBoard - Wartość 0 wstawiona nieprawidłowo
13:19:12.704 [main] INFO  sudoku.model.SudokuBoard - Bład w kwadracie 0
sudoku.model.SudokuBoard@65e4cb84[
  size=9
  solver=sudoku.model.BacktrackingSudokuSolver@7b44bfb8
  board={{4,5,1,6,8,9,2,3,7},{3,6,7,1,5,2,8,9,4},{2,8,9,3,4,7,5,1,6},{1,2,5,4,3,8,6,7,9},{8,9,3,5,7,6,4,2,1},{6,7,4,9,2,1,3,8,5},{5,3,8,2,1,4,0,0,0},{0,0,0,0,0,0,0,0,0},{0,0,0,0,0,0,0,0,0}}
]
13:19:12.705 [main] INFO  sudoku.model.SudokuBoard - Wartość 0 wstawiona nieprawidłowo
13:19:12.705 [main] INFO  sudoku.model.SudokuBoard - Bład w kwadracie 0
sudoku.model.SudokuBoard@65e4cb84[
  size=9
  solver=sudoku.model.BacktrackingSudokuSolver@7b44bfb8
  board={{4,5,1,6,8,9,2,3,7},{3,6,7,1,5,2,8,9,4},{2,8,9,3,4,7,5,1,6},{1,2,5,4,3,8,6,7,9},{8,9,3,5,7,6,4,2,1},{6,7,4,9,2,1,3,8,5},{5,3,8,2,1,4,9,0,0},{0,0,0,0,0,0,0,0,0},{0,0,0,0,0,0,0,0,0}}
]
13:19:12.705 [main] INFO  sudoku.model.SudokuBoard - Wartość 0 wstawiona nieprawidłowo
13:19:12.705 [main] INFO  sudoku.model.SudokuBoard - Bład w kwadracie 0
sudoku.model.SudokuBoard@65e4cb84[
  size=9
  solver=sudoku.model.BacktrackingSudokuSolver@7b44bfb8
  board={{4,5,1,6,8,9,2,3,7},{3,6,7,1,5,2,8,9,4},{2,8,9,3,4,7,5,1,6},{1,2,5,4,3,8,6,7,9},{8,9,3,5,7,6,4,2,1},{6,7,4,9,2,1,3,8,5},{5,3,8,2,1,4,0,0,0},{0,0,0,0,0,0,0,0,0},{0,0,0,0,0,0,0,0,0}}
]
13:19:12.705 [main] INFO  sudoku.model.SudokuBoard - Wartość 0 wstawiona nieprawidłowo
13:19:12.705 [main] INFO  sudoku.model.SudokuBoard - Bład w kwadracie 0
sudoku.model.SudokuBoard@65e4cb84[
  size=9
  solver=sudoku.model.BacktrackingSudokuSolver@7b44bfb8
  board={{4,5,1,6,8,9,2,3,7},{3,6,7,1,5,2,8,9,4},{2,8,9,3,4,7,5,1,6},{1,2,5,4,3,8,6,7,9},{8,9,3,5,7,6,4,2,1},{6,7,4,9,2,1,3,8,5},{5,3,8,2,1,0,0,0,0},{0,0,0,0,0,0,0,0,0},{0,0,0,0,0,0,0,0,0}}
]
13:19:12.705 [main] INFO  sudoku.model.SudokuBoard - Wartość 0 wstawiona nieprawidłowo
13:19:12.706 [main] INFO  sudoku.model.SudokuBoard - Bład w kwadracie 0
sudoku.model.SudokuBoard@65e4cb84[
  size=9
  solver=sudoku.model.BacktrackingSudokuSolver@7b44bfb8
  board={{4,5,1,6,8,9,2,3,7},{3,6,7,1,5,2,8,9,4},{2,8,9,3,4,7,5,1,6},{1,2,5,4,3,8,6,7,9},{8,9,3,5,7,6,4,2,1},{6,7,4,9,2,1,3,8,5},{5,3,8,2,0,0,0,0,0},{0,0,0,0,0,0,0,0,0},{0,0,0,0,0,0,0,0,0}}
]
13:19:12.706 [main] INFO  sudoku.model.SudokuBoard - Wartość 0 wstawiona nieprawidłowo
13:19:12.706 [main] INFO  sudoku.model.SudokuBoard - Bład w kwadracie 0
sudoku.model.SudokuBoard@65e4cb84[
  size=9
  solver=sudoku.model.BacktrackingSudokuSolver@7b44bfb8
  board={{4,5,1,6,8,9,2,3,7},{3,6,7,1,5,2,8,9,4},{2,8,9,3,4,7,5,1,6},{1,2,5,4,3,8,6,7,9},{8,9,3,5,7,6,4,2,1},{6,7,4,9,2,1,3,8,5},{5,3,8,2,6,4,0,0,0},{0,0,0,0,0,0,0,0,0},{0,0,0,0,0,0,0,0,0}}
]
13:19:12.706 [main] INFO  sudoku.model.SudokuBoard - Wartość 0 wstawiona nieprawidłowo
13:19:12.706 [main] INFO  sudoku.model.SudokuBoard - Bład w kwadracie 0
sudoku.model.SudokuBoard@65e4cb84[
  size=9
  solver=sudoku.model.BacktrackingSudokuSolver@7b44bfb8
  board={{4,5,1,6,8,9,2,3,7},{3,6,7,1,5,2,8,9,4},{2,8,9,3,4,7,5,1,6},{1,2,5,4,3,8,6,7,9},{8,9,3,5,7,6,4,2,1},{6,7,4,9,2,1,3,8,5},{5,3,8,2,6,4,0,0,0},{0,0,0,0,0,0,0,0,0},{0,0,0,0,0,0,0,0,0}}
]
13:19:12.706 [main] INFO  sudoku.model.SudokuBoard - Wartość 0 wstawiona nieprawidłowo
13:19:12.707 [main] INFO  sudoku.model.SudokuBoard - Bład w kwadracie 0
sudoku.model.SudokuBoard@65e4cb84[
  size=9
  solver=sudoku.model.BacktrackingSudokuSolver@7b44bfb8
  board={{4,5,1,6,8,9,2,3,7},{3,6,7,1,5,2,8,9,4},{2,8,9,3,4,7,5,1,6},{1,2,5,4,3,8,6,7,9},{8,9,3,5,7,6,4,2,1},{6,7,4,9,2,1,3,8,5},{5,3,8,2,6,4,0,0,0},{0,0,0,0,0,0,0,0,0},{0,0,0,0,0,0,0,0,0}}
]
13:19:12.707 [main] INFO  sudoku.model.SudokuBoard - Wartość 0 wstawiona nieprawidłowo
13:19:12.707 [main] INFO  sudoku.model.SudokuBoard - Bład w kwadracie 0
sudoku.model.SudokuBoard@65e4cb84[
  size=9
  solver=sudoku.model.BacktrackingSudokuSolver@7b44bfb8
  board={{4,5,1,6,8,9,2,3,7},{3,6,7,1,5,2,8,9,4},{2,8,9,3,4,7,5,1,6},{1,2,5,4,3,8,6,7,9},{8,9,3,5,7,6,4,2,1},{6,7,4,9,2,1,3,8,5},{5,3,8,2,6,0,0,0,0},{0,0,0,0,0,0,0,0,0},{0,0,0,0,0,0,0,0,0}}
]
13:19:12.707 [main] INFO  sudoku.model.SudokuBoard - Wartość 0 wstawiona nieprawidłowo
13:19:12.707 [main] INFO  sudoku.model.SudokuBoard - Bład w kwadracie 0
sudoku.model.SudokuBoard@65e4cb84[
  size=9
  solver=sudoku.model.BacktrackingSudokuSolver@7b44bfb8
  board={{4,5,1,6,8,9,2,3,7},{3,6,7,1,5,2,8,9,4},{2,8,9,3,4,7,5,1,6},{1,2,5,4,3,8,6,7,9},{8,9,3,5,7,6,4,2,1},{6,7,4,9,2,1,3,8,5},{5,3,8,2,0,0,0,0,0},{0,0,0,0,0,0,0,0,0},{0,0,0,0,0,0,0,0,0}}
]
13:19:12.707 [main] INFO  sudoku.model.SudokuBoard - Wartość 0 wstawiona nieprawidłowo
13:19:12.707 [main] INFO  sudoku.model.SudokuBoard - Bład w kwadracie 0
sudoku.model.SudokuBoard@65e4cb84[
  size=9
  solver=sudoku.model.BacktrackingSudokuSolver@7b44bfb8
  board={{4,5,1,6,8,9,2,3,7},{3,6,7,1,5,2,8,9,4},{2,8,9,3,4,7,5,1,6},{1,2,5,4,3,8,6,7,9},{8,9,3,5,7,6,4,2,1},{6,7,4,9,2,1,3,8,5},{5,3,8,0,0,0,0,0,0},{0,0,0,0,0,0,0,0,0},{0,0,0,0,0,0,0,0,0}}
]
13:19:12.707 [main] INFO  sudoku.model.SudokuBoard - Wartość 0 wstawiona nieprawidłowo
13:19:12.708 [main] INFO  sudoku.model.SudokuBoard - Bład w kwadracie 0
sudoku.model.SudokuBoard@65e4cb84[
  size=9
  solver=sudoku.model.BacktrackingSudokuSolver@7b44bfb8
  board={{4,5,1,6,8,9,2,3,7},{3,6,7,1,5,2,8,9,4},{2,8,9,3,4,7,5,1,6},{1,2,5,4,3,8,6,7,9},{8,9,3,5,7,6,4,2,1},{6,7,4,9,2,1,3,8,5},{5,3,8,7,9,4,1,6,2},{9,1,6,0,0,0,0,0,0},{0,0,0,0,0,0,0,0,0}}
]
13:19:12.708 [main] INFO  sudoku.model.SudokuBoard - Wartość 0 wstawiona nieprawidłowo
13:19:12.708 [main] INFO  sudoku.model.SudokuBoard - Bład w kwadracie 0
sudoku.model.SudokuBoard@65e4cb84[
  size=9
  solver=sudoku.model.BacktrackingSudokuSolver@7b44bfb8
  board={{4,5,1,6,8,9,2,3,7},{3,6,7,1,5,2,8,9,4},{2,8,9,3,4,7,5,1,6},{1,2,5,4,3,8,6,7,9},{8,9,3,5,7,6,4,2,1},{6,7,4,9,2,1,3,8,5},{5,3,8,7,9,4,1,6,2},{9,1,6,0,0,0,0,0,0},{0,0,0,0,0,0,0,0,0}}
]
13:19:12.708 [main] INFO  sudoku.model.SudokuBoard - Wartość 0 wstawiona nieprawidłowo
13:19:12.708 [main] INFO  sudoku.model.SudokuBoard - Bład w kwadracie 0
sudoku.model.SudokuBoard@65e4cb84[
  size=9
  solver=sudoku.model.BacktrackingSudokuSolver@7b44bfb8
  board={{4,5,1,6,8,9,2,3,7},{3,6,7,1,5,2,8,9,4},{2,8,9,3,4,7,5,1,6},{1,2,5,4,3,8,6,7,9},{8,9,3,5,7,6,4,2,1},{6,7,4,9,2,1,3,8,5},{5,3,8,7,9,4,1,6,2},{9,1,0,0,0,0,0,0,0},{0,0,0,0,0,0,0,0,0}}
]
13:19:12.708 [main] INFO  sudoku.model.SudokuBoard - Wartość 0 wstawiona nieprawidłowo
]]></system-out>
  </testcase>
</testsuite>