<?xml version="1.0" encoding="UTF-8"?>
<testsuite xmlns:xsi="http://www.w3.org/2001/XMLSchema-instance" xsi:noNamespaceSchemaLocation="https://maven.apache.org/surefire/maven-surefire-plugin/xsd/surefire-test-report-3.0.xsd" version="3.0" name="sudoku.model.FileSudokuBoardDaoTest" time="0.323" tests="2" errors="0" skipped="0" failures="0">
  <properties>
    <property name="java.specification.version" value="14"/>
    <property name="sun.cpu.isalist" value="amd64"/>
    <property name="sun.jnu.encoding" value="Cp1250"/>
    <property name="java.class.path" value="E:\studia\Sem-3\Programowanie komponentowe (07 72 3060 19)_pliki\ProjektKompo\an_pn_1145_03\Model\target\test-classes;C:\Users\maldo\.m2\repository\org\junit\jupiter\junit-jupiter-engine\5.6.2\junit-jupiter-engine-5.6.2.jar;C:\Users\maldo\.m2\repository\org\apiguardian\apiguardian-api\1.1.0\apiguardian-api-1.1.0.jar;C:\Users\maldo\.m2\repository\org\junit\platform\junit-platform-engine\1.6.2\junit-platform-engine-1.6.2.jar;C:\Users\maldo\.m2\repository\org\opentest4j\opentest4j\1.2.0\opentest4j-1.2.0.jar;C:\Users\maldo\.m2\repository\org\junit\platform\junit-platform-commons\1.6.2\junit-platform-commons-1.6.2.jar;C:\Users\maldo\.m2\repository\org\junit\jupiter\junit-jupiter-api\5.6.2\junit-jupiter-api-5.6.2.jar;C:\Users\maldo\.m2\repository\org\projectlombok\lombok\1.18.16\lombok-1.18.16.jar;C:\Users\maldo\.m2\repository\org\hibernate\hibernate-core\5.4.27.Final\hibernate-core-5.4.27.Final.jar;C:\Users\maldo\.m2\repository\org\jboss\logging\jboss-logging\3.4.1.Final\jboss-logging-3.4.1.Final.jar;C:\Users\maldo\.m2\repository\org\javassist\javassist\3.27.0-GA\javassist-3.27.0-GA.jar;C:\Users\maldo\.m2\repository\net\bytebuddy\byte-buddy\1.10.17\byte-buddy-1.10.17.jar;C:\Users\maldo\.m2\repository\antlr\antlr\2.7.7\antlr-2.7.7.jar;C:\Users\maldo\.m2\repository\org\jboss\spec\javax\transaction\jboss-transaction-api_1.2_spec\1.1.1.Final\jboss-transaction-api_1.2_spec-1.1.1.Final.jar;C:\Users\maldo\.m2\repository\org\jboss\jandex\2.1.3.Final\jandex-2.1.3.Final.jar;C:\Users\maldo\.m2\repository\com\fasterxml\classmate\1.5.1\classmate-1.5.1.jar;C:\Users\maldo\.m2\repository\javax\activation\javax.activation-api\1.2.0\javax.activation-api-1.2.0.jar;C:\Users\maldo\.m2\repository\org\dom4j\dom4j\2.1.3\dom4j-2.1.3.jar;C:\Users\maldo\.m2\repository\javax\xml\bind\jaxb-api\2.3.1\jaxb-api-2.3.1.jar;C:\Users\maldo\.m2\repository\com\h2database\h2\1.4.200\h2-1.4.200.jar;C:\Users\maldo\.m2\repository\jakarta\xml\bind\jakarta.xml.bind-api\3.0.0\jakarta.xml.bind-api-3.0.0.jar;C:\Users\maldo\.m2\repository\com\sun\activation\jakarta.activation\2.0.0\jakarta.activation-2.0.0.jar;C:\Users\maldo\.m2\repository\org\glassfish\jaxb\jaxb-runtime\3.0.0\jaxb-runtime-3.0.0.jar;C:\Users\maldo\.m2\repository\org\glassfish\jaxb\jaxb-core\3.0.0\jaxb-core-3.0.0.jar;C:\Users\maldo\.m2\repository\org\glassfish\jaxb\txw2\3.0.0\txw2-3.0.0.jar;C:\Users\maldo\.m2\repository\com\sun\istack\istack-commons-runtime\4.0.0\istack-commons-runtime-4.0.0.jar;C:\Users\maldo\.m2\repository\ch\qos\logback\logback-classic\1.1.7\logback-classic-1.1.7.jar;C:\Users\maldo\.m2\repository\ch\qos\logback\logback-core\1.1.7\logback-core-1.1.7.jar;C:\Users\maldo\.m2\repository\org\openjfx\javafx-controls\13\javafx-controls-13.jar;C:\Users\maldo\.m2\repository\org\openjfx\javafx-controls\13\javafx-controls-13-win.jar;C:\Users\maldo\.m2\repository\org\openjfx\javafx-graphics\13\javafx-graphics-13.jar;C:\Users\maldo\.m2\repository\org\openjfx\javafx-graphics\13\javafx-graphics-13-win.jar;C:\Users\maldo\.m2\repository\org\openjfx\javafx-base\13\javafx-base-13.jar;C:\Users\maldo\.m2\repository\org\openjfx\javafx-fxml\13\javafx-fxml-13.jar;C:\Users\maldo\.m2\repository\org\openjfx\javafx-fxml\13\javafx-fxml-13-win.jar;"/>
    <property name="java.vm.vendor" value="Oracle Corporation"/>
    <property name="sun.arch.data.model" value="64"/>
    <property name="user.variant" value=""/>
    <property name="java.vendor.url" value="https://java.oracle.com/"/>
    <property name="user.timezone" value="Europe/Warsaw"/>
    <property name="os.name" value="Windows 10"/>
    <property name="java.vm.specification.version" value="14"/>
    <property name="sun.java.launcher" value="SUN_STANDARD"/>
    <property name="user.country" value="PL"/>
    <property name="sun.boot.library.path" value="C:\Program Files\Java\jdk-14.0.2\bin"/>
    <property name="sun.java.command" value="org.apache.maven.surefire.booter.ForkedBooter C:\Users\maldo\AppData\Local\Temp\surefire2851667216876308717 2021-01-25T02-04-24_084-jvmRun1 surefire12564493430928483376tmp surefire_014191245604424802550tmp"/>
    <property name="jdk.debug" value="release"/>
    <property name="surefire.test.class.path" value="E:\studia\Sem-3\Programowanie komponentowe (07 72 3060 19)_pliki\ProjektKompo\an_pn_1145_03\Model\target\test-classes;C:\Users\maldo\.m2\repository\org\junit\jupiter\junit-jupiter-engine\5.6.2\junit-jupiter-engine-5.6.2.jar;C:\Users\maldo\.m2\repository\org\apiguardian\apiguardian-api\1.1.0\apiguardian-api-1.1.0.jar;C:\Users\maldo\.m2\repository\org\junit\platform\junit-platform-engine\1.6.2\junit-platform-engine-1.6.2.jar;C:\Users\maldo\.m2\repository\org\opentest4j\opentest4j\1.2.0\opentest4j-1.2.0.jar;C:\Users\maldo\.m2\repository\org\junit\platform\junit-platform-commons\1.6.2\junit-platform-commons-1.6.2.jar;C:\Users\maldo\.m2\repository\org\junit\jupiter\junit-jupiter-api\5.6.2\junit-jupiter-api-5.6.2.jar;C:\Users\maldo\.m2\repository\org\projectlombok\lombok\1.18.16\lombok-1.18.16.jar;C:\Users\maldo\.m2\repository\org\hibernate\hibernate-core\5.4.27.Final\hibernate-core-5.4.27.Final.jar;C:\Users\maldo\.m2\repository\org\jboss\logging\jboss-logging\3.4.1.Final\jboss-logging-3.4.1.Final.jar;C:\Users\maldo\.m2\repository\org\javassist\javassist\3.27.0-GA\javassist-3.27.0-GA.jar;C:\Users\maldo\.m2\repository\net\bytebuddy\byte-buddy\1.10.17\byte-buddy-1.10.17.jar;C:\Users\maldo\.m2\repository\antlr\antlr\2.7.7\antlr-2.7.7.jar;C:\Users\maldo\.m2\repository\org\jboss\spec\javax\transaction\jboss-transaction-api_1.2_spec\1.1.1.Final\jboss-transaction-api_1.2_spec-1.1.1.Final.jar;C:\Users\maldo\.m2\repository\org\jboss\jandex\2.1.3.Final\jandex-2.1.3.Final.jar;C:\Users\maldo\.m2\repository\com\fasterxml\classmate\1.5.1\classmate-1.5.1.jar;C:\Users\maldo\.m2\repository\javax\activation\javax.activation-api\1.2.0\javax.activation-api-1.2.0.jar;C:\Users\maldo\.m2\repository\org\dom4j\dom4j\2.1.3\dom4j-2.1.3.jar;C:\Users\maldo\.m2\repository\javax\xml\bind\jaxb-api\2.3.1\jaxb-api-2.3.1.jar;C:\Users\maldo\.m2\repository\com\h2database\h2\1.4.200\h2-1.4.200.jar;C:\Users\maldo\.m2\repository\jakarta\xml\bind\jakarta.xml.bind-api\3.0.0\jakarta.xml.bind-api-3.0.0.jar;C:\Users\maldo\.m2\repository\com\sun\activation\jakarta.activation\2.0.0\jakarta.activation-2.0.0.jar;C:\Users\maldo\.m2\repository\org\glassfish\jaxb\jaxb-runtime\3.0.0\jaxb-runtime-3.0.0.jar;C:\Users\maldo\.m2\repository\org\glassfish\jaxb\jaxb-core\3.0.0\jaxb-core-3.0.0.jar;C:\Users\maldo\.m2\repository\org\glassfish\jaxb\txw2\3.0.0\txw2-3.0.0.jar;C:\Users\maldo\.m2\repository\com\sun\istack\istack-commons-runtime\4.0.0\istack-commons-runtime-4.0.0.jar;C:\Users\maldo\.m2\repository\ch\qos\logback\logback-classic\1.1.7\logback-classic-1.1.7.jar;C:\Users\maldo\.m2\repository\ch\qos\logback\logback-core\1.1.7\logback-core-1.1.7.jar;C:\Users\maldo\.m2\repository\org\openjfx\javafx-controls\13\javafx-controls-13.jar;C:\Users\maldo\.m2\repository\org\openjfx\javafx-controls\13\javafx-controls-13-win.jar;C:\Users\maldo\.m2\repository\org\openjfx\javafx-graphics\13\javafx-graphics-13.jar;C:\Users\maldo\.m2\repository\org\openjfx\javafx-graphics\13\javafx-graphics-13-win.jar;C:\Users\maldo\.m2\repository\org\openjfx\javafx-base\13\javafx-base-13.jar;C:\Users\maldo\.m2\repository\org\openjfx\javafx-fxml\13\javafx-fxml-13.jar;C:\Users\maldo\.m2\repository\org\openjfx\javafx-fxml\13\javafx-fxml-13-win.jar;"/>
    <property name="sun.cpu.endian" value="little"/>
    <property name="user.home" value="C:\Users\maldo"/>
    <property name="user.language" value="pl"/>
    <property name="java.specification.vendor" value="Oracle Corporation"/>
    <property name="jdk.module.path" value="E:\studia\Sem-3\Programowanie komponentowe (07 72 3060 19)_pliki\ProjektKompo\an_pn_1145_03\Model\target\classes;C:\Users\maldo\.m2\repository\org\apache\commons\commons-lang3\3.11\commons-lang3-3.11.jar;C:\Users\maldo\.m2\repository\javax\persistence\javax.persistence-api\2.2\javax.persistence-api-2.2.jar;C:\Users\maldo\.m2\repository\org\hibernate\common\hibernate-commons-annotations\5.1.2.Final\hibernate-commons-annotations-5.1.2.Final.jar;C:\Users\maldo\.m2\repository\org\hibernate\hibernate-entitymanager\5.4.27.Final\hibernate-entitymanager-5.4.27.Final.jar;C:\Users\maldo\.m2\repository\org\slf4j\slf4j-api\1.7.30\slf4j-api-1.7.30.jar;C:\Users\maldo\.m2\repository\org\openjfx\javafx-base\13\javafx-base-13-win.jar"/>
    <property name="java.version.date" value="2020-07-14"/>
    <property name="java.home" value="C:\Program Files\Java\jdk-14.0.2"/>
    <property name="file.separator" value="\"/>
    <property name="basedir" value="E:\studia\Sem-3\Programowanie komponentowe (07 72 3060 19)_pliki\ProjektKompo\an_pn_1145_03\Model"/>
    <property name="java.vm.compressedOopsMode" value="Zero based"/>
    <property name="line.separator" value="&#10;"/>
    <property name="java.vm.specification.vendor" value="Oracle Corporation"/>
    <property name="java.specification.name" value="Java Platform API Specification"/>
    <property name="surefire.real.class.path" value="C:\Users\maldo\.m2\repository\org\apache\maven\surefire\surefire-booter\3.0.0-M5\surefire-booter-3.0.0-M5.jar;C:\Users\maldo\.m2\repository\org\apache\maven\surefire\surefire-api\3.0.0-M5\surefire-api-3.0.0-M5.jar;C:\Users\maldo\.m2\repository\org\apache\maven\surefire\surefire-logger-api\3.0.0-M5\surefire-logger-api-3.0.0-M5.jar;C:\Users\maldo\.m2\repository\org\apache\maven\surefire\surefire-shared-utils\3.0.0-M4\surefire-shared-utils-3.0.0-M4.jar;C:\Users\maldo\.m2\repository\org\apache\maven\surefire\surefire-extensions-spi\3.0.0-M5\surefire-extensions-spi-3.0.0-M5.jar;E:\studia\Sem-3\Programowanie komponentowe (07 72 3060 19)_pliki\ProjektKompo\an_pn_1145_03\Model\target\test-classes;C:\Users\maldo\.m2\repository\org\junit\jupiter\junit-jupiter-engine\5.6.2\junit-jupiter-engine-5.6.2.jar;C:\Users\maldo\.m2\repository\org\apiguardian\apiguardian-api\1.1.0\apiguardian-api-1.1.0.jar;C:\Users\maldo\.m2\repository\org\junit\platform\junit-platform-engine\1.6.2\junit-platform-engine-1.6.2.jar;C:\Users\maldo\.m2\repository\org\opentest4j\opentest4j\1.2.0\opentest4j-1.2.0.jar;C:\Users\maldo\.m2\repository\org\junit\platform\junit-platform-commons\1.6.2\junit-platform-commons-1.6.2.jar;C:\Users\maldo\.m2\repository\org\junit\jupiter\junit-jupiter-api\5.6.2\junit-jupiter-api-5.6.2.jar;C:\Users\maldo\.m2\repository\org\projectlombok\lombok\1.18.16\lombok-1.18.16.jar;C:\Users\maldo\.m2\repository\org\hibernate\hibernate-core\5.4.27.Final\hibernate-core-5.4.27.Final.jar;C:\Users\maldo\.m2\repository\org\jboss\logging\jboss-logging\3.4.1.Final\jboss-logging-3.4.1.Final.jar;C:\Users\maldo\.m2\repository\org\javassist\javassist\3.27.0-GA\javassist-3.27.0-GA.jar;C:\Users\maldo\.m2\repository\net\bytebuddy\byte-buddy\1.10.17\byte-buddy-1.10.17.jar;C:\Users\maldo\.m2\repository\antlr\antlr\2.7.7\antlr-2.7.7.jar;C:\Users\maldo\.m2\repository\org\jboss\spec\javax\transaction\jboss-transaction-api_1.2_spec\1.1.1.Final\jboss-transaction-api_1.2_spec-1.1.1.Final.jar;C:\Users\maldo\.m2\repository\org\jboss\jandex\2.1.3.Final\jandex-2.1.3.Final.jar;C:\Users\maldo\.m2\repository\com\fasterxml\classmate\1.5.1\classmate-1.5.1.jar;C:\Users\maldo\.m2\repository\javax\activation\javax.activation-api\1.2.0\javax.activation-api-1.2.0.jar;C:\Users\maldo\.m2\repository\org\dom4j\dom4j\2.1.3\dom4j-2.1.3.jar;C:\Users\maldo\.m2\repository\javax\xml\bind\jaxb-api\2.3.1\jaxb-api-2.3.1.jar;C:\Users\maldo\.m2\repository\com\h2database\h2\1.4.200\h2-1.4.200.jar;C:\Users\maldo\.m2\repository\jakarta\xml\bind\jakarta.xml.bind-api\3.0.0\jakarta.xml.bind-api-3.0.0.jar;C:\Users\maldo\.m2\repository\com\sun\activation\jakarta.activation\2.0.0\jakarta.activation-2.0.0.jar;C:\Users\maldo\.m2\repository\org\glassfish\jaxb\jaxb-runtime\3.0.0\jaxb-runtime-3.0.0.jar;C:\Users\maldo\.m2\repository\org\glassfish\jaxb\jaxb-core\3.0.0\jaxb-core-3.0.0.jar;C:\Users\maldo\.m2\repository\org\glassfish\jaxb\txw2\3.0.0\txw2-3.0.0.jar;C:\Users\maldo\.m2\repository\com\sun\istack\istack-commons-runtime\4.0.0\istack-commons-runtime-4.0.0.jar;C:\Users\maldo\.m2\repository\ch\qos\logback\logback-classic\1.1.7\logback-classic-1.1.7.jar;C:\Users\maldo\.m2\repository\ch\qos\logback\logback-core\1.1.7\logback-core-1.1.7.jar;C:\Users\maldo\.m2\repository\org\openjfx\javafx-controls\13\javafx-controls-13.jar;C:\Users\maldo\.m2\repository\org\openjfx\javafx-controls\13\javafx-controls-13-win.jar;C:\Users\maldo\.m2\repository\org\openjfx\javafx-graphics\13\javafx-graphics-13.jar;C:\Users\maldo\.m2\repository\org\openjfx\javafx-graphics\13\javafx-graphics-13-win.jar;C:\Users\maldo\.m2\repository\org\openjfx\javafx-base\13\javafx-base-13.jar;C:\Users\maldo\.m2\repository\org\openjfx\javafx-fxml\13\javafx-fxml-13.jar;C:\Users\maldo\.m2\repository\org\openjfx\javafx-fxml\13\javafx-fxml-13-win.jar;C:\Users\maldo\.m2\repository\org\apache\maven\surefire\surefire-junit-platform\3.0.0-M5\surefire-junit-platform-3.0.0-M5.jar;C:\Users\maldo\.m2\repository\org\apache\maven\surefire\common-java5\3.0.0-M5\common-java5-3.0.0-M5.jar;C:\Users\maldo\.m2\repository\org\junit\platform\junit-platform-launcher\1.6.2\junit-platform-launcher-1.6.2.jar"/>
    <property name="user.script" value=""/>
    <property name="sun.management.compiler" value="HotSpot 64-Bit Tiered Compilers"/>
    <property name="java.runtime.version" value="14.0.2+12-46"/>
    <property name="user.name" value="maldo"/>
    <property name="path.separator" value=";"/>
    <property name="os.version" value="10.0"/>
    <property name="java.runtime.name" value="Java(TM) SE Runtime Environment"/>
    <property name="file.encoding" value="Cp1250"/>
    <property name="java.vm.name" value="Java HotSpot(TM) 64-Bit Server VM"/>
    <property name="localRepository" value="C:\Users\maldo\.m2\repository"/>
    <property name="java.vendor.url.bug" value="https://bugreport.java.com/bugreport/"/>
    <property name="java.io.tmpdir" value="C:\Users\maldo\AppData\Local\Temp\"/>
    <property name="idea.version" value="2020.2.3"/>
    <property name="java.version" value="14.0.2"/>
    <property name="user.dir" value="E:\studia\Sem-3\Programowanie komponentowe (07 72 3060 19)_pliki\ProjektKompo\an_pn_1145_03\Model"/>
    <property name="os.arch" value="amd64"/>
    <property name="java.vm.specification.name" value="Java Virtual Machine Specification"/>
    <property name="sun.os.patch.level" value=""/>
    <property name="java.library.path" value="C:\Program Files\Java\jdk-14.0.2\bin;C:\WINDOWS\Sun\Java\bin;C:\WINDOWS\system32;C:\WINDOWS;C:\Program Files (x86)\Razer Chroma SDK\bin;C:\Program Files\Razer Chroma SDK\bin;C:\Python\Scripts\;C:\Python\;C:\Program Files (x86)\Intel\iCLS Client\;C:\Program Files\Intel\iCLS Client\;C:\Windows\system32;C:\Windows;C:\Windows\System32\Wbem;C:\Windows\System32\WindowsPowerShell\v1.0\;C:\Windows\System32\OpenSSH\;C:\Program Files (x86)\NVIDIA Corporation\PhysX\Common;C:\Program Files (x86)\Intel\Intel(R) Management Engine Components\DAL;C:\Program Files\Intel\Intel(R) Management Engine Components\DAL;C:\Program Files (x86)\Intel\Intel(R) Management Engine Components\IPT;C:\Program Files\Intel\Intel(R) Management Engine Components\IPT;C:\Program Files\Intel\WiFi\bin\;C:\Program Files\Common Files\Intel\WirelessCommon\;C:\Program Files (x86)\Windows Kits\8.1\Windows Performance Toolkit\;C:\Users\maldo\AppData\Local\Microsoft\WindowsApps;C:\Program Files\NVIDIA Corporation\NVIDIA NvDLISR;C:\Program Files (x86)\MKVToolNix;C:\WINDOWS\system32;C:\WINDOWS;C:\WINDOWS\System32\Wbem;C:\WINDOWS\System32\WindowsPowerShell\v1.0\;C:\WINDOWS\System32\OpenSSH\;E:\studia\Sem-3\Programowanie komponentowe (07 72 3060 19)_pliki\apache-maven-3.6.3\bin;C:\msys64\usr\bin;C:\Program Files\Java\jdk-14.0.2\bin;C:\Program Files (x86)\Calibre2\;C:\Users\maldo\AppData\Local\Microsoft\WindowsApps;C:\Program Files\Intel\WiFi\bin\;C:\Program Files\Common Files\Intel\WirelessCommon\;C:\Program Files\JetBrains\CLion 2019.3.3\bin;;C:\Users\maldo\AppData\Local\Programs\Microsoft VS Code\bin;C:\Users\maldo\AppData\Local\GitHubDesktop\bin;."/>
    <property name="java.vm.info" value="mixed mode"/>
    <property name="java.vendor" value="Oracle Corporation"/>
    <property name="java.vm.version" value="14.0.2+12-46"/>
    <property name="sun.io.unicode.encoding" value="UnicodeLittle"/>
    <property name="java.class.version" value="58.0"/>
  </properties>
  <testcase name="finalizeTest" classname="sudoku.model.FileSudokuBoardDaoTest" time="0.011"/>
  <testcase name="writeReadTest" classname="sudoku.model.FileSudokuBoardDaoTest" time="0.309">
    <system-out><![CDATA[02:04:26.765 [main] INFO  sudoku.model.SudokuBoard - Bład w kwadracie 0
sudoku.model.SudokuBoard@44dfdd58[
  size=9
  solver=sudoku.model.BacktrackingSudokuSolver@58d4238e
  board={{7,1,4,8,2,6,3,5,9},{8,9,2,3,4,1,6,0,0},{0,0,0,0,0,0,0,0,0},{0,0,0,0,0,0,0,0,0},{0,0,0,0,0,0,0,0,0},{0,0,0,0,0,0,0,0,0},{0,0,0,0,0,0,0,0,0},{0,0,0,0,0,0,0,0,0},{0,0,0,0,0,0,0,0,0}}
]
02:04:26.765 [main] INFO  sudoku.model.SudokuBoard - Wartość 0 wstawiona nieprawidłowo
02:04:26.766 [main] INFO  sudoku.model.SudokuBoard - Bład w kwadracie 0
sudoku.model.SudokuBoard@44dfdd58[
  size=9
  solver=sudoku.model.BacktrackingSudokuSolver@58d4238e
  board={{7,1,4,8,2,6,3,5,9},{8,9,2,3,4,1,0,0,0},{0,0,0,0,0,0,0,0,0},{0,0,0,0,0,0,0,0,0},{0,0,0,0,0,0,0,0,0},{0,0,0,0,0,0,0,0,0},{0,0,0,0,0,0,0,0,0},{0,0,0,0,0,0,0,0,0},{0,0,0,0,0,0,0,0,0}}
]
02:04:26.767 [main] INFO  sudoku.model.SudokuBoard - Wartość 0 wstawiona nieprawidłowo
02:04:26.767 [main] INFO  sudoku.model.SudokuBoard - Bład w kwadracie 0
sudoku.model.SudokuBoard@44dfdd58[
  size=9
  solver=sudoku.model.BacktrackingSudokuSolver@58d4238e
  board={{7,1,4,8,2,6,3,5,9},{8,9,2,3,4,1,7,0,0},{0,0,0,0,0,0,0,0,0},{0,0,0,0,0,0,0,0,0},{0,0,0,0,0,0,0,0,0},{0,0,0,0,0,0,0,0,0},{0,0,0,0,0,0,0,0,0},{0,0,0,0,0,0,0,0,0},{0,0,0,0,0,0,0,0,0}}
]
02:04:26.768 [main] INFO  sudoku.model.SudokuBoard - Wartość 0 wstawiona nieprawidłowo
02:04:26.768 [main] INFO  sudoku.model.SudokuBoard - Bład w kwadracie 0
sudoku.model.SudokuBoard@44dfdd58[
  size=9
  solver=sudoku.model.BacktrackingSudokuSolver@58d4238e
  board={{7,1,4,8,2,6,3,5,9},{8,9,2,3,4,1,0,0,0},{0,0,0,0,0,0,0,0,0},{0,0,0,0,0,0,0,0,0},{0,0,0,0,0,0,0,0,0},{0,0,0,0,0,0,0,0,0},{0,0,0,0,0,0,0,0,0},{0,0,0,0,0,0,0,0,0},{0,0,0,0,0,0,0,0,0}}
]
02:04:26.768 [main] INFO  sudoku.model.SudokuBoard - Wartość 0 wstawiona nieprawidłowo
02:04:26.769 [main] INFO  sudoku.model.SudokuBoard - Bład w kwadracie 0
sudoku.model.SudokuBoard@44dfdd58[
  size=9
  solver=sudoku.model.BacktrackingSudokuSolver@58d4238e
  board={{7,1,4,8,2,6,3,5,9},{8,9,2,3,4,0,0,0,0},{0,0,0,0,0,0,0,0,0},{0,0,0,0,0,0,0,0,0},{0,0,0,0,0,0,0,0,0},{0,0,0,0,0,0,0,0,0},{0,0,0,0,0,0,0,0,0},{0,0,0,0,0,0,0,0,0},{0,0,0,0,0,0,0,0,0}}
]
02:04:26.770 [main] INFO  sudoku.model.SudokuBoard - Wartość 0 wstawiona nieprawidłowo
02:04:26.771 [main] INFO  sudoku.model.SudokuBoard - Bład w kwadracie 0
sudoku.model.SudokuBoard@44dfdd58[
  size=9
  solver=sudoku.model.BacktrackingSudokuSolver@58d4238e
  board={{7,1,4,8,2,6,3,5,9},{8,9,2,3,4,5,6,7,1},{5,6,3,1,7,9,8,2,4},{2,3,6,7,5,8,4,0,0},{0,0,0,0,0,0,0,0,0},{0,0,0,0,0,0,0,0,0},{0,0,0,0,0,0,0,0,0},{0,0,0,0,0,0,0,0,0},{0,0,0,0,0,0,0,0,0}}
]
02:04:26.772 [main] INFO  sudoku.model.SudokuBoard - Wartość 0 wstawiona nieprawidłowo
02:04:26.773 [main] INFO  sudoku.model.SudokuBoard - Bład w kwadracie 0
sudoku.model.SudokuBoard@44dfdd58[
  size=9
  solver=sudoku.model.BacktrackingSudokuSolver@58d4238e
  board={{7,1,4,8,2,6,3,5,9},{8,9,2,3,4,5,6,7,1},{5,6,3,1,7,9,8,2,4},{2,3,6,7,5,8,4,0,0},{0,0,0,0,0,0,0,0,0},{0,0,0,0,0,0,0,0,0},{0,0,0,0,0,0,0,0,0},{0,0,0,0,0,0,0,0,0},{0,0,0,0,0,0,0,0,0}}
]
02:04:26.774 [main] INFO  sudoku.model.SudokuBoard - Wartość 0 wstawiona nieprawidłowo
02:04:26.775 [main] INFO  sudoku.model.SudokuBoard - Bład w kwadracie 0
sudoku.model.SudokuBoard@44dfdd58[
  size=9
  solver=sudoku.model.BacktrackingSudokuSolver@58d4238e
  board={{7,1,4,8,2,6,3,5,9},{8,9,2,3,4,5,6,7,1},{5,6,3,1,7,9,8,2,4},{2,3,6,7,5,8,0,0,0},{0,0,0,0,0,0,0,0,0},{0,0,0,0,0,0,0,0,0},{0,0,0,0,0,0,0,0,0},{0,0,0,0,0,0,0,0,0},{0,0,0,0,0,0,0,0,0}}
]
02:04:26.776 [main] INFO  sudoku.model.SudokuBoard - Wartość 0 wstawiona nieprawidłowo
02:04:26.776 [main] INFO  sudoku.model.SudokuBoard - Bład w kwadracie 0
sudoku.model.SudokuBoard@44dfdd58[
  size=9
  solver=sudoku.model.BacktrackingSudokuSolver@58d4238e
  board={{7,1,4,8,2,6,3,5,9},{8,9,2,3,4,5,6,7,1},{5,6,3,1,7,9,8,2,4},{2,3,6,7,5,8,9,0,0},{0,0,0,0,0,0,0,0,0},{0,0,0,0,0,0,0,0,0},{0,0,0,0,0,0,0,0,0},{0,0,0,0,0,0,0,0,0},{0,0,0,0,0,0,0,0,0}}
]
02:04:26.777 [main] INFO  sudoku.model.SudokuBoard - Wartość 0 wstawiona nieprawidłowo
02:04:26.777 [main] INFO  sudoku.model.SudokuBoard - Bład w kwadracie 0
sudoku.model.SudokuBoard@44dfdd58[
  size=9
  solver=sudoku.model.BacktrackingSudokuSolver@58d4238e
  board={{7,1,4,8,2,6,3,5,9},{8,9,2,3,4,5,6,7,1},{5,6,3,1,7,9,8,2,4},{2,3,6,7,5,8,9,0,0},{0,0,0,0,0,0,0,0,0},{0,0,0,0,0,0,0,0,0},{0,0,0,0,0,0,0,0,0},{0,0,0,0,0,0,0,0,0},{0,0,0,0,0,0,0,0,0}}
]
02:04:26.778 [main] INFO  sudoku.model.SudokuBoard - Wartość 0 wstawiona nieprawidłowo
02:04:26.778 [main] INFO  sudoku.model.SudokuBoard - Bład w kwadracie 0
sudoku.model.SudokuBoard@44dfdd58[
  size=9
  solver=sudoku.model.BacktrackingSudokuSolver@58d4238e
  board={{7,1,4,8,2,6,3,5,9},{8,9,2,3,4,5,6,7,1},{5,6,3,1,7,9,8,2,4},{2,3,6,7,5,8,0,0,0},{0,0,0,0,0,0,0,0,0},{0,0,0,0,0,0,0,0,0},{0,0,0,0,0,0,0,0,0},{0,0,0,0,0,0,0,0,0},{0,0,0,0,0,0,0,0,0}}
]
02:04:26.778 [main] INFO  sudoku.model.SudokuBoard - Wartość 0 wstawiona nieprawidłowo
02:04:26.779 [main] INFO  sudoku.model.SudokuBoard - Bład w kwadracie 0
sudoku.model.SudokuBoard@44dfdd58[
  size=9
  solver=sudoku.model.BacktrackingSudokuSolver@58d4238e
  board={{7,1,4,8,2,6,3,5,9},{8,9,2,3,4,5,6,7,1},{5,6,3,1,7,9,8,2,4},{2,3,6,7,5,8,1,0,0},{0,0,0,0,0,0,0,0,0},{0,0,0,0,0,0,0,0,0},{0,0,0,0,0,0,0,0,0},{0,0,0,0,0,0,0,0,0},{0,0,0,0,0,0,0,0,0}}
]
02:04:26.779 [main] INFO  sudoku.model.SudokuBoard - Wartość 0 wstawiona nieprawidłowo
02:04:26.779 [main] INFO  sudoku.model.SudokuBoard - Bład w kwadracie 0
sudoku.model.SudokuBoard@44dfdd58[
  size=9
  solver=sudoku.model.BacktrackingSudokuSolver@58d4238e
  board={{7,1,4,8,2,6,3,5,9},{8,9,2,3,4,5,6,7,1},{5,6,3,1,7,9,8,2,4},{2,3,6,7,5,8,1,0,0},{0,0,0,0,0,0,0,0,0},{0,0,0,0,0,0,0,0,0},{0,0,0,0,0,0,0,0,0},{0,0,0,0,0,0,0,0,0},{0,0,0,0,0,0,0,0,0}}
]
02:04:26.779 [main] INFO  sudoku.model.SudokuBoard - Wartość 0 wstawiona nieprawidłowo
02:04:26.780 [main] INFO  sudoku.model.SudokuBoard - Bład w kwadracie 0
sudoku.model.SudokuBoard@44dfdd58[
  size=9
  solver=sudoku.model.BacktrackingSudokuSolver@58d4238e
  board={{7,1,4,8,2,6,3,5,9},{8,9,2,3,4,5,6,7,1},{5,6,3,1,7,9,8,2,4},{2,3,6,7,5,8,0,0,0},{0,0,0,0,0,0,0,0,0},{0,0,0,0,0,0,0,0,0},{0,0,0,0,0,0,0,0,0},{0,0,0,0,0,0,0,0,0},{0,0,0,0,0,0,0,0,0}}
]
02:04:26.781 [main] INFO  sudoku.model.SudokuBoard - Wartość 0 wstawiona nieprawidłowo
02:04:26.782 [main] INFO  sudoku.model.SudokuBoard - Bład w kwadracie 0
sudoku.model.SudokuBoard@44dfdd58[
  size=9
  solver=sudoku.model.BacktrackingSudokuSolver@58d4238e
  board={{7,1,4,8,2,6,3,5,9},{8,9,2,3,4,5,6,7,1},{5,6,3,1,7,9,8,2,4},{2,3,6,7,5,0,0,0,0},{0,0,0,0,0,0,0,0,0},{0,0,0,0,0,0,0,0,0},{0,0,0,0,0,0,0,0,0},{0,0,0,0,0,0,0,0,0},{0,0,0,0,0,0,0,0,0}}
]
02:04:26.782 [main] INFO  sudoku.model.SudokuBoard - Wartość 0 wstawiona nieprawidłowo
02:04:26.783 [main] INFO  sudoku.model.SudokuBoard - Bład w kwadracie 0
sudoku.model.SudokuBoard@44dfdd58[
  size=9
  solver=sudoku.model.BacktrackingSudokuSolver@58d4238e
  board={{7,1,4,8,2,6,3,5,9},{8,9,2,3,4,5,6,7,1},{5,6,3,1,7,9,8,2,4},{2,3,6,7,5,1,4,0,0},{0,0,0,0,0,0,0,0,0},{0,0,0,0,0,0,0,0,0},{0,0,0,0,0,0,0,0,0},{0,0,0,0,0,0,0,0,0},{0,0,0,0,0,0,0,0,0}}
]
02:04:26.783 [main] INFO  sudoku.model.SudokuBoard - Wartość 0 wstawiona nieprawidłowo
02:04:26.783 [main] INFO  sudoku.model.SudokuBoard - Bład w kwadracie 0
sudoku.model.SudokuBoard@44dfdd58[
  size=9
  solver=sudoku.model.BacktrackingSudokuSolver@58d4238e
  board={{7,1,4,8,2,6,3,5,9},{8,9,2,3,4,5,6,7,1},{5,6,3,1,7,9,8,2,4},{2,3,6,7,5,1,4,9,8},{9,4,1,2,3,8,5,6,0},{0,0,0,0,0,0,0,0,0},{0,0,0,0,0,0,0,0,0},{0,0,0,0,0,0,0,0,0},{0,0,0,0,0,0,0,0,0}}
]
02:04:26.783 [main] INFO  sudoku.model.SudokuBoard - Wartość 0 wstawiona nieprawidłowo
02:04:26.784 [main] INFO  sudoku.model.SudokuBoard - Bład w kwadracie 0
sudoku.model.SudokuBoard@44dfdd58[
  size=9
  solver=sudoku.model.BacktrackingSudokuSolver@58d4238e
  board={{7,1,4,8,2,6,3,5,9},{8,9,2,3,4,5,6,7,1},{5,6,3,1,7,9,8,2,4},{2,3,6,7,5,1,4,9,8},{9,4,1,2,3,8,5,0,0},{0,0,0,0,0,0,0,0,0},{0,0,0,0,0,0,0,0,0},{0,0,0,0,0,0,0,0,0},{0,0,0,0,0,0,0,0,0}}
]
02:04:26.784 [main] INFO  sudoku.model.SudokuBoard - Wartość 0 wstawiona nieprawidłowo
02:04:26.784 [main] INFO  sudoku.model.SudokuBoard - Bład w kwadracie 0
sudoku.model.SudokuBoard@44dfdd58[
  size=9
  solver=sudoku.model.BacktrackingSudokuSolver@58d4238e
  board={{7,1,4,8,2,6,3,5,9},{8,9,2,3,4,5,6,7,1},{5,6,3,1,7,9,8,2,4},{2,3,6,7,5,1,4,9,8},{9,4,1,2,3,8,0,0,0},{0,0,0,0,0,0,0,0,0},{0,0,0,0,0,0,0,0,0},{0,0,0,0,0,0,0,0,0},{0,0,0,0,0,0,0,0,0}}
]
02:04:26.785 [main] INFO  sudoku.model.SudokuBoard - Wartość 0 wstawiona nieprawidłowo
02:04:26.785 [main] INFO  sudoku.model.SudokuBoard - Bład w kwadracie 0
sudoku.model.SudokuBoard@44dfdd58[
  size=9
  solver=sudoku.model.BacktrackingSudokuSolver@58d4238e
  board={{7,1,4,8,2,6,3,5,9},{8,9,2,3,4,5,6,7,1},{5,6,3,1,7,9,8,2,4},{2,3,6,7,5,1,4,9,8},{9,4,1,2,3,8,7,6,0},{0,0,0,0,0,0,0,0,0},{0,0,0,0,0,0,0,0,0},{0,0,0,0,0,0,0,0,0},{0,0,0,0,0,0,0,0,0}}
]
02:04:26.785 [main] INFO  sudoku.model.SudokuBoard - Wartość 0 wstawiona nieprawidłowo
02:04:26.785 [main] INFO  sudoku.model.SudokuBoard - Bład w kwadracie 0
sudoku.model.SudokuBoard@44dfdd58[
  size=9
  solver=sudoku.model.BacktrackingSudokuSolver@58d4238e
  board={{7,1,4,8,2,6,3,5,9},{8,9,2,3,4,5,6,7,1},{5,6,3,1,7,9,8,2,4},{2,3,6,7,5,1,4,9,8},{9,4,1,2,3,8,7,0,0},{0,0,0,0,0,0,0,0,0},{0,0,0,0,0,0,0,0,0},{0,0,0,0,0,0,0,0,0},{0,0,0,0,0,0,0,0,0}}
]
02:04:26.786 [main] INFO  sudoku.model.SudokuBoard - Wartość 0 wstawiona nieprawidłowo
02:04:26.786 [main] INFO  sudoku.model.SudokuBoard - Bład w kwadracie 0
sudoku.model.SudokuBoard@44dfdd58[
  size=9
  solver=sudoku.model.BacktrackingSudokuSolver@58d4238e
  board={{7,1,4,8,2,6,3,5,9},{8,9,2,3,4,5,6,7,1},{5,6,3,1,7,9,8,2,4},{2,3,6,7,5,1,4,9,8},{9,4,1,2,3,8,0,0,0},{0,0,0,0,0,0,0,0,0},{0,0,0,0,0,0,0,0,0},{0,0,0,0,0,0,0,0,0},{0,0,0,0,0,0,0,0,0}}
]
02:04:26.786 [main] INFO  sudoku.model.SudokuBoard - Wartość 0 wstawiona nieprawidłowo
02:04:26.793 [main] INFO  sudoku.model.SudokuBoard - Bład w kwadracie 0
sudoku.model.SudokuBoard@44dfdd58[
  size=9
  solver=sudoku.model.BacktrackingSudokuSolver@58d4238e
  board={{7,1,4,8,2,6,3,5,9},{8,9,2,3,4,5,6,7,1},{5,6,3,1,7,9,8,2,4},{2,3,6,7,5,1,4,9,8},{9,4,1,2,3,0,0,0,0},{0,0,0,0,0,0,0,0,0},{0,0,0,0,0,0,0,0,0},{0,0,0,0,0,0,0,0,0},{0,0,0,0,0,0,0,0,0}}
]
02:04:26.794 [main] INFO  sudoku.model.SudokuBoard - Wartość 0 wstawiona nieprawidłowo
02:04:26.795 [main] INFO  sudoku.model.SudokuBoard - Bład w kwadracie 0
sudoku.model.SudokuBoard@44dfdd58[
  size=9
  solver=sudoku.model.BacktrackingSudokuSolver@58d4238e
  board={{7,1,4,8,2,6,3,5,9},{8,9,2,3,4,5,6,7,1},{5,6,3,1,7,9,8,2,4},{2,3,6,7,5,1,4,9,8},{9,4,1,2,0,0,0,0,0},{0,0,0,0,0,0,0,0,0},{0,0,0,0,0,0,0,0,0},{0,0,0,0,0,0,0,0,0},{0,0,0,0,0,0,0,0,0}}
]
02:04:26.795 [main] INFO  sudoku.model.SudokuBoard - Wartość 0 wstawiona nieprawidłowo
02:04:26.797 [main] INFO  sudoku.model.SudokuBoard - Bład w kwadracie 0
sudoku.model.SudokuBoard@44dfdd58[
  size=9
  solver=sudoku.model.BacktrackingSudokuSolver@58d4238e
  board={{7,1,4,8,2,6,3,5,9},{8,9,2,3,4,5,6,7,1},{5,6,3,1,7,9,8,2,4},{2,3,6,7,5,1,4,9,8},{9,4,1,2,6,3,0,0,0},{0,0,0,0,0,0,0,0,0},{0,0,0,0,0,0,0,0,0},{0,0,0,0,0,0,0,0,0},{0,0,0,0,0,0,0,0,0}}
]
02:04:26.797 [main] INFO  sudoku.model.SudokuBoard - Wartość 0 wstawiona nieprawidłowo
02:04:26.798 [main] INFO  sudoku.model.SudokuBoard - Bład w kwadracie 0
sudoku.model.SudokuBoard@44dfdd58[
  size=9
  solver=sudoku.model.BacktrackingSudokuSolver@58d4238e
  board={{7,1,4,8,2,6,3,5,9},{8,9,2,3,4,5,6,7,1},{5,6,3,1,7,9,8,2,4},{2,3,6,7,5,1,4,9,8},{9,4,1,2,6,3,0,0,0},{0,0,0,0,0,0,0,0,0},{0,0,0,0,0,0,0,0,0},{0,0,0,0,0,0,0,0,0},{0,0,0,0,0,0,0,0,0}}
]
02:04:26.798 [main] INFO  sudoku.model.SudokuBoard - Wartość 0 wstawiona nieprawidłowo
02:04:26.798 [main] INFO  sudoku.model.SudokuBoard - Bład w kwadracie 0
sudoku.model.SudokuBoard@44dfdd58[
  size=9
  solver=sudoku.model.BacktrackingSudokuSolver@58d4238e
  board={{7,1,4,8,2,6,3,5,9},{8,9,2,3,4,5,6,7,1},{5,6,3,1,7,9,8,2,4},{2,3,6,7,5,1,4,9,8},{9,4,1,2,6,0,0,0,0},{0,0,0,0,0,0,0,0,0},{0,0,0,0,0,0,0,0,0},{0,0,0,0,0,0,0,0,0},{0,0,0,0,0,0,0,0,0}}
]
02:04:26.799 [main] INFO  sudoku.model.SudokuBoard - Wartość 0 wstawiona nieprawidłowo
02:04:26.799 [main] INFO  sudoku.model.SudokuBoard - Bład w kwadracie 0
sudoku.model.SudokuBoard@44dfdd58[
  size=9
  solver=sudoku.model.BacktrackingSudokuSolver@58d4238e
  board={{7,1,4,8,2,6,3,5,9},{8,9,2,3,4,5,6,7,1},{5,6,3,1,7,9,8,2,4},{2,3,6,7,5,1,4,9,8},{9,4,1,2,6,8,7,3,0},{0,0,0,0,0,0,0,0,0},{0,0,0,0,0,0,0,0,0},{0,0,0,0,0,0,0,0,0},{0,0,0,0,0,0,0,0,0}}
]
02:04:26.800 [main] INFO  sudoku.model.SudokuBoard - Wartość 0 wstawiona nieprawidłowo
02:04:26.800 [main] INFO  sudoku.model.SudokuBoard - Bład w kwadracie 0
sudoku.model.SudokuBoard@44dfdd58[
  size=9
  solver=sudoku.model.BacktrackingSudokuSolver@58d4238e
  board={{7,1,4,8,2,6,3,5,9},{8,9,2,3,4,5,6,7,1},{5,6,3,1,7,9,8,2,4},{2,3,6,7,5,1,4,9,8},{9,4,1,2,6,8,7,0,0},{0,0,0,0,0,0,0,0,0},{0,0,0,0,0,0,0,0,0},{0,0,0,0,0,0,0,0,0},{0,0,0,0,0,0,0,0,0}}
]
02:04:26.800 [main] INFO  sudoku.model.SudokuBoard - Wartość 0 wstawiona nieprawidłowo
02:04:26.801 [main] INFO  sudoku.model.SudokuBoard - Bład w kwadracie 0
sudoku.model.SudokuBoard@44dfdd58[
  size=9
  solver=sudoku.model.BacktrackingSudokuSolver@58d4238e
  board={{7,1,4,8,2,6,3,5,9},{8,9,2,3,4,5,6,7,1},{5,6,3,1,7,9,8,2,4},{2,3,6,7,5,1,4,9,8},{9,4,1,2,6,8,0,0,0},{0,0,0,0,0,0,0,0,0},{0,0,0,0,0,0,0,0,0},{0,0,0,0,0,0,0,0,0},{0,0,0,0,0,0,0,0,0}}
]
02:04:26.804 [main] INFO  sudoku.model.SudokuBoard - Wartość 0 wstawiona nieprawidłowo
02:04:26.805 [main] INFO  sudoku.model.SudokuBoard - Bład w kwadracie 0
sudoku.model.SudokuBoard@44dfdd58[
  size=9
  solver=sudoku.model.BacktrackingSudokuSolver@58d4238e
  board={{7,1,4,8,2,6,3,5,9},{8,9,2,3,4,5,6,7,1},{5,6,3,1,7,9,8,2,4},{2,3,6,7,5,1,4,9,8},{9,4,1,2,6,8,5,3,0},{0,0,0,0,0,0,0,0,0},{0,0,0,0,0,0,0,0,0},{0,0,0,0,0,0,0,0,0},{0,0,0,0,0,0,0,0,0}}
]
02:04:26.805 [main] INFO  sudoku.model.SudokuBoard - Wartość 0 wstawiona nieprawidłowo
02:04:26.805 [main] INFO  sudoku.model.SudokuBoard - Bład w kwadracie 0
sudoku.model.SudokuBoard@44dfdd58[
  size=9
  solver=sudoku.model.BacktrackingSudokuSolver@58d4238e
  board={{7,1,4,8,2,6,3,5,9},{8,9,2,3,4,5,6,7,1},{5,6,3,1,7,9,8,2,4},{2,3,6,7,5,1,4,9,8},{9,4,1,2,6,8,5,0,0},{0,0,0,0,0,0,0,0,0},{0,0,0,0,0,0,0,0,0},{0,0,0,0,0,0,0,0,0},{0,0,0,0,0,0,0,0,0}}
]
02:04:26.806 [main] INFO  sudoku.model.SudokuBoard - Wartość 0 wstawiona nieprawidłowo
02:04:26.807 [main] INFO  sudoku.model.SudokuBoard - Bład w kwadracie 0
sudoku.model.SudokuBoard@44dfdd58[
  size=9
  solver=sudoku.model.BacktrackingSudokuSolver@58d4238e
  board={{7,1,4,8,2,6,3,5,9},{8,9,2,3,4,5,6,7,1},{5,6,3,1,7,9,8,2,4},{2,3,6,7,5,1,4,9,8},{9,4,1,2,6,8,0,0,0},{0,0,0,0,0,0,0,0,0},{0,0,0,0,0,0,0,0,0},{0,0,0,0,0,0,0,0,0},{0,0,0,0,0,0,0,0,0}}
]
02:04:26.808 [main] INFO  sudoku.model.SudokuBoard - Wartość 0 wstawiona nieprawidłowo
02:04:26.809 [main] INFO  sudoku.model.SudokuBoard - Bład w kwadracie 0
sudoku.model.SudokuBoard@44dfdd58[
  size=9
  solver=sudoku.model.BacktrackingSudokuSolver@58d4238e
  board={{7,1,4,8,2,6,3,5,9},{8,9,2,3,4,5,6,7,1},{5,6,3,1,7,9,8,2,4},{2,3,6,7,5,1,4,9,8},{9,4,1,2,6,0,0,0,0},{0,0,0,0,0,0,0,0,0},{0,0,0,0,0,0,0,0,0},{0,0,0,0,0,0,0,0,0},{0,0,0,0,0,0,0,0,0}}
]
02:04:26.812 [main] INFO  sudoku.model.SudokuBoard - Wartość 0 wstawiona nieprawidłowo
02:04:26.812 [main] INFO  sudoku.model.SudokuBoard - Bład w kwadracie 0
sudoku.model.SudokuBoard@44dfdd58[
  size=9
  solver=sudoku.model.BacktrackingSudokuSolver@58d4238e
  board={{7,1,4,8,2,6,3,5,9},{8,9,2,3,4,5,6,7,1},{5,6,3,1,7,9,8,2,4},{2,3,6,7,5,1,4,9,8},{9,4,1,2,0,0,0,0,0},{0,0,0,0,0,0,0,0,0},{0,0,0,0,0,0,0,0,0},{0,0,0,0,0,0,0,0,0},{0,0,0,0,0,0,0,0,0}}
]
02:04:26.812 [main] INFO  sudoku.model.SudokuBoard - Wartość 0 wstawiona nieprawidłowo
02:04:26.814 [main] INFO  sudoku.model.SudokuBoard - Bład w kwadracie 0
sudoku.model.SudokuBoard@44dfdd58[
  size=9
  solver=sudoku.model.BacktrackingSudokuSolver@58d4238e
  board={{7,1,4,8,2,6,3,5,9},{8,9,2,3,4,5,6,7,1},{5,6,3,1,7,9,8,2,4},{2,3,6,7,5,1,4,9,8},{9,4,1,2,8,3,5,6,0},{0,0,0,0,0,0,0,0,0},{0,0,0,0,0,0,0,0,0},{0,0,0,0,0,0,0,0,0},{0,0,0,0,0,0,0,0,0}}
]
02:04:26.815 [main] INFO  sudoku.model.SudokuBoard - Wartość 0 wstawiona nieprawidłowo
02:04:26.816 [main] INFO  sudoku.model.SudokuBoard - Bład w kwadracie 0
sudoku.model.SudokuBoard@44dfdd58[
  size=9
  solver=sudoku.model.BacktrackingSudokuSolver@58d4238e
  board={{7,1,4,8,2,6,3,5,9},{8,9,2,3,4,5,6,7,1},{5,6,3,1,7,9,8,2,4},{2,3,6,7,5,1,4,9,8},{9,4,1,2,8,3,5,0,0},{0,0,0,0,0,0,0,0,0},{0,0,0,0,0,0,0,0,0},{0,0,0,0,0,0,0,0,0},{0,0,0,0,0,0,0,0,0}}
]
02:04:26.816 [main] INFO  sudoku.model.SudokuBoard - Wartość 0 wstawiona nieprawidłowo
02:04:26.822 [main] INFO  sudoku.model.SudokuBoard - Bład w kwadracie 0
sudoku.model.SudokuBoard@44dfdd58[
  size=9
  solver=sudoku.model.BacktrackingSudokuSolver@58d4238e
  board={{7,1,4,8,2,6,3,5,9},{8,9,2,3,4,5,6,7,1},{5,6,3,1,7,9,8,2,4},{2,3,6,7,5,1,4,9,8},{9,4,1,2,8,3,0,0,0},{0,0,0,0,0,0,0,0,0},{0,0,0,0,0,0,0,0,0},{0,0,0,0,0,0,0,0,0},{0,0,0,0,0,0,0,0,0}}
]
02:04:26.822 [main] INFO  sudoku.model.SudokuBoard - Wartość 0 wstawiona nieprawidłowo
02:04:26.822 [main] INFO  sudoku.model.SudokuBoard - Bład w kwadracie 0
sudoku.model.SudokuBoard@44dfdd58[
  size=9
  solver=sudoku.model.BacktrackingSudokuSolver@58d4238e
  board={{7,1,4,8,2,6,3,5,9},{8,9,2,3,4,5,6,7,1},{5,6,3,1,7,9,8,2,4},{2,3,6,7,5,1,4,9,8},{9,4,1,2,8,3,7,6,0},{0,0,0,0,0,0,0,0,0},{0,0,0,0,0,0,0,0,0},{0,0,0,0,0,0,0,0,0},{0,0,0,0,0,0,0,0,0}}
]
02:04:26.822 [main] INFO  sudoku.model.SudokuBoard - Wartość 0 wstawiona nieprawidłowo
02:04:26.829 [main] INFO  sudoku.model.SudokuBoard - Bład w kwadracie 0
sudoku.model.SudokuBoard@44dfdd58[
  size=9
  solver=sudoku.model.BacktrackingSudokuSolver@58d4238e
  board={{7,1,4,8,2,6,3,5,9},{8,9,2,3,4,5,6,7,1},{5,6,3,1,7,9,8,2,4},{2,3,6,7,5,1,4,9,8},{9,4,1,2,8,3,7,0,0},{0,0,0,0,0,0,0,0,0},{0,0,0,0,0,0,0,0,0},{0,0,0,0,0,0,0,0,0},{0,0,0,0,0,0,0,0,0}}
]
02:04:26.830 [main] INFO  sudoku.model.SudokuBoard - Wartość 0 wstawiona nieprawidłowo
02:04:26.835 [main] INFO  sudoku.model.SudokuBoard - Bład w kwadracie 0
sudoku.model.SudokuBoard@44dfdd58[
  size=9
  solver=sudoku.model.BacktrackingSudokuSolver@58d4238e
  board={{7,1,4,8,2,6,3,5,9},{8,9,2,3,4,5,6,7,1},{5,6,3,1,7,9,8,2,4},{2,3,6,7,5,1,4,9,8},{9,4,1,2,8,3,0,0,0},{0,0,0,0,0,0,0,0,0},{0,0,0,0,0,0,0,0,0},{0,0,0,0,0,0,0,0,0},{0,0,0,0,0,0,0,0,0}}
]
02:04:26.836 [main] INFO  sudoku.model.SudokuBoard - Wartość 0 wstawiona nieprawidłowo
02:04:26.837 [main] INFO  sudoku.model.SudokuBoard - Bład w kwadracie 0
sudoku.model.SudokuBoard@44dfdd58[
  size=9
  solver=sudoku.model.BacktrackingSudokuSolver@58d4238e
  board={{7,1,4,8,2,6,3,5,9},{8,9,2,3,4,5,6,7,1},{5,6,3,1,7,9,8,2,4},{2,3,6,7,5,1,4,9,8},{9,4,1,2,8,0,0,0,0},{0,0,0,0,0,0,0,0,0},{0,0,0,0,0,0,0,0,0},{0,0,0,0,0,0,0,0,0},{0,0,0,0,0,0,0,0,0}}
]
02:04:26.837 [main] INFO  sudoku.model.SudokuBoard - Wartość 0 wstawiona nieprawidłowo
02:04:26.839 [main] INFO  sudoku.model.SudokuBoard - Bład w kwadracie 0
sudoku.model.SudokuBoard@44dfdd58[
  size=9
  solver=sudoku.model.BacktrackingSudokuSolver@58d4238e
  board={{7,1,4,8,2,6,3,5,9},{8,9,2,3,4,5,6,7,1},{5,6,3,1,7,9,8,2,4},{2,3,6,7,5,1,4,9,8},{9,4,1,2,0,0,0,0,0},{0,0,0,0,0,0,0,0,0},{0,0,0,0,0,0,0,0,0},{0,0,0,0,0,0,0,0,0},{0,0,0,0,0,0,0,0,0}}
]
02:04:26.841 [main] INFO  sudoku.model.SudokuBoard - Wartość 0 wstawiona nieprawidłowo
02:04:26.842 [main] INFO  sudoku.model.SudokuBoard - Bład w kwadracie 0
sudoku.model.SudokuBoard@44dfdd58[
  size=9
  solver=sudoku.model.BacktrackingSudokuSolver@58d4238e
  board={{7,1,4,8,2,6,3,5,9},{8,9,2,3,4,5,6,7,1},{5,6,3,1,7,9,8,2,4},{2,3,6,7,5,1,4,9,8},{9,4,1,0,0,0,0,0,0},{0,0,0,0,0,0,0,0,0},{0,0,0,0,0,0,0,0,0},{0,0,0,0,0,0,0,0,0},{0,0,0,0,0,0,0,0,0}}
]
02:04:26.842 [main] INFO  sudoku.model.SudokuBoard - Wartość 0 wstawiona nieprawidłowo
02:04:26.843 [main] INFO  sudoku.model.SudokuBoard - Bład w kwadracie 0
sudoku.model.SudokuBoard@44dfdd58[
  size=9
  solver=sudoku.model.BacktrackingSudokuSolver@58d4238e
  board={{7,1,4,8,2,6,3,5,9},{8,9,2,3,4,5,6,7,1},{5,6,3,1,7,9,8,2,4},{2,3,6,7,5,1,4,9,8},{9,4,1,6,3,8,0,0,0},{0,0,0,0,0,0,0,0,0},{0,0,0,0,0,0,0,0,0},{0,0,0,0,0,0,0,0,0},{0,0,0,0,0,0,0,0,0}}
]
02:04:26.844 [main] INFO  sudoku.model.SudokuBoard - Wartość 0 wstawiona nieprawidłowo
02:04:26.845 [main] INFO  sudoku.model.SudokuBoard - Bład w kwadracie 0
sudoku.model.SudokuBoard@44dfdd58[
  size=9
  solver=sudoku.model.BacktrackingSudokuSolver@58d4238e
  board={{7,1,4,8,2,6,3,5,9},{8,9,2,3,4,5,6,7,1},{5,6,3,1,7,9,8,2,4},{2,3,6,7,5,1,4,9,8},{9,4,1,6,3,8,0,0,0},{0,0,0,0,0,0,0,0,0},{0,0,0,0,0,0,0,0,0},{0,0,0,0,0,0,0,0,0},{0,0,0,0,0,0,0,0,0}}
]
02:04:26.845 [main] INFO  sudoku.model.SudokuBoard - Wartość 0 wstawiona nieprawidłowo
02:04:26.846 [main] INFO  sudoku.model.SudokuBoard - Bład w kwadracie 0
sudoku.model.SudokuBoard@44dfdd58[
  size=9
  solver=sudoku.model.BacktrackingSudokuSolver@58d4238e
  board={{7,1,4,8,2,6,3,5,9},{8,9,2,3,4,5,6,7,1},{5,6,3,1,7,9,8,2,4},{2,3,6,7,5,1,4,9,8},{9,4,1,6,3,8,0,0,0},{0,0,0,0,0,0,0,0,0},{0,0,0,0,0,0,0,0,0},{0,0,0,0,0,0,0,0,0},{0,0,0,0,0,0,0,0,0}}
]
02:04:26.846 [main] INFO  sudoku.model.SudokuBoard - Wartość 0 wstawiona nieprawidłowo
02:04:26.847 [main] INFO  sudoku.model.SudokuBoard - Bład w kwadracie 0
sudoku.model.SudokuBoard@44dfdd58[
  size=9
  solver=sudoku.model.BacktrackingSudokuSolver@58d4238e
  board={{7,1,4,8,2,6,3,5,9},{8,9,2,3,4,5,6,7,1},{5,6,3,1,7,9,8,2,4},{2,3,6,7,5,1,4,9,8},{9,4,1,6,3,0,0,0,0},{0,0,0,0,0,0,0,0,0},{0,0,0,0,0,0,0,0,0},{0,0,0,0,0,0,0,0,0},{0,0,0,0,0,0,0,0,0}}
]
02:04:26.848 [main] INFO  sudoku.model.SudokuBoard - Wartość 0 wstawiona nieprawidłowo
02:04:26.849 [main] INFO  sudoku.model.SudokuBoard - Bład w kwadracie 0
sudoku.model.SudokuBoard@44dfdd58[
  size=9
  solver=sudoku.model.BacktrackingSudokuSolver@58d4238e
  board={{7,1,4,8,2,6,3,5,9},{8,9,2,3,4,5,6,7,1},{5,6,3,1,7,9,8,2,4},{2,3,6,7,5,1,4,9,8},{9,4,1,6,3,2,0,0,0},{0,0,0,0,0,0,0,0,0},{0,0,0,0,0,0,0,0,0},{0,0,0,0,0,0,0,0,0},{0,0,0,0,0,0,0,0,0}}
]
02:04:26.849 [main] INFO  sudoku.model.SudokuBoard - Wartość 0 wstawiona nieprawidłowo
02:04:26.850 [main] INFO  sudoku.model.SudokuBoard - Bład w kwadracie 0
sudoku.model.SudokuBoard@44dfdd58[
  size=9
  solver=sudoku.model.BacktrackingSudokuSolver@58d4238e
  board={{7,1,4,8,2,6,3,5,9},{8,9,2,3,4,5,6,7,1},{5,6,3,1,7,9,8,2,4},{2,3,6,7,5,1,4,9,8},{9,4,1,6,3,2,0,0,0},{0,0,0,0,0,0,0,0,0},{0,0,0,0,0,0,0,0,0},{0,0,0,0,0,0,0,0,0},{0,0,0,0,0,0,0,0,0}}
]
02:04:26.850 [main] INFO  sudoku.model.SudokuBoard - Wartość 0 wstawiona nieprawidłowo
02:04:26.850 [main] INFO  sudoku.model.SudokuBoard - Bład w kwadracie 0
sudoku.model.SudokuBoard@44dfdd58[
  size=9
  solver=sudoku.model.BacktrackingSudokuSolver@58d4238e
  board={{7,1,4,8,2,6,3,5,9},{8,9,2,3,4,5,6,7,1},{5,6,3,1,7,9,8,2,4},{2,3,6,7,5,1,4,9,8},{9,4,1,6,3,0,0,0,0},{0,0,0,0,0,0,0,0,0},{0,0,0,0,0,0,0,0,0},{0,0,0,0,0,0,0,0,0},{0,0,0,0,0,0,0,0,0}}
]
02:04:26.851 [main] INFO  sudoku.model.SudokuBoard - Wartość 0 wstawiona nieprawidłowo
02:04:26.851 [main] INFO  sudoku.model.SudokuBoard - Bład w kwadracie 0
sudoku.model.SudokuBoard@44dfdd58[
  size=9
  solver=sudoku.model.BacktrackingSudokuSolver@58d4238e
  board={{7,1,4,8,2,6,3,5,9},{8,9,2,3,4,5,6,7,1},{5,6,3,1,7,9,8,2,4},{2,3,6,7,5,1,4,9,8},{9,4,1,6,0,0,0,0,0},{0,0,0,0,0,0,0,0,0},{0,0,0,0,0,0,0,0,0},{0,0,0,0,0,0,0,0,0},{0,0,0,0,0,0,0,0,0}}
]
02:04:26.852 [main] INFO  sudoku.model.SudokuBoard - Wartość 0 wstawiona nieprawidłowo
02:04:26.852 [main] INFO  sudoku.model.SudokuBoard - Bład w kwadracie 0
sudoku.model.SudokuBoard@44dfdd58[
  size=9
  solver=sudoku.model.BacktrackingSudokuSolver@58d4238e
  board={{7,1,4,8,2,6,3,5,9},{8,9,2,3,4,5,6,7,1},{5,6,3,1,7,9,8,2,4},{2,3,6,7,5,1,4,9,8},{9,4,1,6,8,2,5,3,0},{0,0,0,0,0,0,0,0,0},{0,0,0,0,0,0,0,0,0},{0,0,0,0,0,0,0,0,0},{0,0,0,0,0,0,0,0,0}}
]
02:04:26.852 [main] INFO  sudoku.model.SudokuBoard - Wartość 0 wstawiona nieprawidłowo
02:04:26.852 [main] INFO  sudoku.model.SudokuBoard - Bład w kwadracie 0
sudoku.model.SudokuBoard@44dfdd58[
  size=9
  solver=sudoku.model.BacktrackingSudokuSolver@58d4238e
  board={{7,1,4,8,2,6,3,5,9},{8,9,2,3,4,5,6,7,1},{5,6,3,1,7,9,8,2,4},{2,3,6,7,5,1,4,9,8},{9,4,1,6,8,2,5,0,0},{0,0,0,0,0,0,0,0,0},{0,0,0,0,0,0,0,0,0},{0,0,0,0,0,0,0,0,0},{0,0,0,0,0,0,0,0,0}}
]
02:04:26.853 [main] INFO  sudoku.model.SudokuBoard - Wartość 0 wstawiona nieprawidłowo
02:04:26.853 [main] INFO  sudoku.model.SudokuBoard - Bład w kwadracie 0
sudoku.model.SudokuBoard@44dfdd58[
  size=9
  solver=sudoku.model.BacktrackingSudokuSolver@58d4238e
  board={{7,1,4,8,2,6,3,5,9},{8,9,2,3,4,5,6,7,1},{5,6,3,1,7,9,8,2,4},{2,3,6,7,5,1,4,9,8},{9,4,1,6,8,2,0,0,0},{0,0,0,0,0,0,0,0,0},{0,0,0,0,0,0,0,0,0},{0,0,0,0,0,0,0,0,0},{0,0,0,0,0,0,0,0,0}}
]
02:04:26.854 [main] INFO  sudoku.model.SudokuBoard - Wartość 0 wstawiona nieprawidłowo
02:04:26.856 [main] INFO  sudoku.model.SudokuBoard - Bład w kwadracie 0
sudoku.model.SudokuBoard@44dfdd58[
  size=9
  solver=sudoku.model.BacktrackingSudokuSolver@58d4238e
  board={{7,1,4,8,2,6,3,5,9},{8,9,2,3,4,5,6,7,1},{5,6,3,1,7,9,8,2,4},{2,3,6,7,5,1,4,9,8},{9,4,1,6,8,2,7,3,0},{0,0,0,0,0,0,0,0,0},{0,0,0,0,0,0,0,0,0},{0,0,0,0,0,0,0,0,0},{0,0,0,0,0,0,0,0,0}}
]
02:04:26.856 [main] INFO  sudoku.model.SudokuBoard - Wartość 0 wstawiona nieprawidłowo
02:04:26.856 [main] INFO  sudoku.model.SudokuBoard - Bład w kwadracie 0
sudoku.model.SudokuBoard@44dfdd58[
  size=9
  solver=sudoku.model.BacktrackingSudokuSolver@58d4238e
  board={{7,1,4,8,2,6,3,5,9},{8,9,2,3,4,5,6,7,1},{5,6,3,1,7,9,8,2,4},{2,3,6,7,5,1,4,9,8},{9,4,1,6,8,2,7,0,0},{0,0,0,0,0,0,0,0,0},{0,0,0,0,0,0,0,0,0},{0,0,0,0,0,0,0,0,0},{0,0,0,0,0,0,0,0,0}}
]
02:04:26.857 [main] INFO  sudoku.model.SudokuBoard - Wartość 0 wstawiona nieprawidłowo
02:04:26.858 [main] INFO  sudoku.model.SudokuBoard - Bład w kwadracie 0
sudoku.model.SudokuBoard@44dfdd58[
  size=9
  solver=sudoku.model.BacktrackingSudokuSolver@58d4238e
  board={{7,1,4,8,2,6,3,5,9},{8,9,2,3,4,5,6,7,1},{5,6,3,1,7,9,8,2,4},{2,3,6,7,5,1,4,9,8},{9,4,1,6,8,2,0,0,0},{0,0,0,0,0,0,0,0,0},{0,0,0,0,0,0,0,0,0},{0,0,0,0,0,0,0,0,0},{0,0,0,0,0,0,0,0,0}}
]
02:04:26.858 [main] INFO  sudoku.model.SudokuBoard - Wartość 0 wstawiona nieprawidłowo
02:04:26.858 [main] INFO  sudoku.model.SudokuBoard - Bład w kwadracie 0
sudoku.model.SudokuBoard@44dfdd58[
  size=9
  solver=sudoku.model.BacktrackingSudokuSolver@58d4238e
  board={{7,1,4,8,2,6,3,5,9},{8,9,2,3,4,5,6,7,1},{5,6,3,1,7,9,8,2,4},{2,3,6,7,5,1,4,9,8},{9,4,1,6,8,0,0,0,0},{0,0,0,0,0,0,0,0,0},{0,0,0,0,0,0,0,0,0},{0,0,0,0,0,0,0,0,0},{0,0,0,0,0,0,0,0,0}}
]
02:04:26.858 [main] INFO  sudoku.model.SudokuBoard - Wartość 0 wstawiona nieprawidłowo
02:04:26.859 [main] INFO  sudoku.model.SudokuBoard - Bład w kwadracie 0
sudoku.model.SudokuBoard@44dfdd58[
  size=9
  solver=sudoku.model.BacktrackingSudokuSolver@58d4238e
  board={{7,1,4,8,2,6,3,5,9},{8,9,2,3,4,5,6,7,1},{5,6,3,1,7,9,8,2,4},{2,3,6,7,5,1,4,9,8},{9,4,1,6,8,3,0,0,0},{0,0,0,0,0,0,0,0,0},{0,0,0,0,0,0,0,0,0},{0,0,0,0,0,0,0,0,0},{0,0,0,0,0,0,0,0,0}}
]
02:04:26.859 [main] INFO  sudoku.model.SudokuBoard - Wartość 0 wstawiona nieprawidłowo
02:04:26.859 [main] INFO  sudoku.model.SudokuBoard - Bład w kwadracie 0
sudoku.model.SudokuBoard@44dfdd58[
  size=9
  solver=sudoku.model.BacktrackingSudokuSolver@58d4238e
  board={{7,1,4,8,2,6,3,5,9},{8,9,2,3,4,5,6,7,1},{5,6,3,1,7,9,8,2,4},{2,3,6,7,5,1,4,9,8},{9,4,1,6,8,3,0,0,0},{0,0,0,0,0,0,0,0,0},{0,0,0,0,0,0,0,0,0},{0,0,0,0,0,0,0,0,0},{0,0,0,0,0,0,0,0,0}}
]
02:04:26.859 [main] INFO  sudoku.model.SudokuBoard - Wartość 0 wstawiona nieprawidłowo
02:04:26.860 [main] INFO  sudoku.model.SudokuBoard - Bład w kwadracie 0
sudoku.model.SudokuBoard@44dfdd58[
  size=9
  solver=sudoku.model.BacktrackingSudokuSolver@58d4238e
  board={{7,1,4,8,2,6,3,5,9},{8,9,2,3,4,5,6,7,1},{5,6,3,1,7,9,8,2,4},{2,3,6,7,5,1,4,9,8},{9,4,1,6,8,3,0,0,0},{0,0,0,0,0,0,0,0,0},{0,0,0,0,0,0,0,0,0},{0,0,0,0,0,0,0,0,0},{0,0,0,0,0,0,0,0,0}}
]
02:04:26.860 [main] INFO  sudoku.model.SudokuBoard - Wartość 0 wstawiona nieprawidłowo
02:04:26.860 [main] INFO  sudoku.model.SudokuBoard - Bład w kwadracie 0
sudoku.model.SudokuBoard@44dfdd58[
  size=9
  solver=sudoku.model.BacktrackingSudokuSolver@58d4238e
  board={{7,1,4,8,2,6,3,5,9},{8,9,2,3,4,5,6,7,1},{5,6,3,1,7,9,8,2,4},{2,3,6,7,5,1,4,9,8},{9,4,1,6,8,0,0,0,0},{0,0,0,0,0,0,0,0,0},{0,0,0,0,0,0,0,0,0},{0,0,0,0,0,0,0,0,0},{0,0,0,0,0,0,0,0,0}}
]
02:04:26.861 [main] INFO  sudoku.model.SudokuBoard - Wartość 0 wstawiona nieprawidłowo
02:04:26.863 [main] INFO  sudoku.model.SudokuBoard - Bład w kwadracie 0
sudoku.model.SudokuBoard@44dfdd58[
  size=9
  solver=sudoku.model.BacktrackingSudokuSolver@58d4238e
  board={{7,1,4,8,2,6,3,5,9},{8,9,2,3,4,5,6,7,1},{5,6,3,1,7,9,8,2,4},{2,3,6,7,5,1,4,9,8},{9,4,1,6,0,0,0,0,0},{0,0,0,0,0,0,0,0,0},{0,0,0,0,0,0,0,0,0},{0,0,0,0,0,0,0,0,0},{0,0,0,0,0,0,0,0,0}}
]
02:04:26.863 [main] INFO  sudoku.model.SudokuBoard - Wartość 0 wstawiona nieprawidłowo
02:04:26.864 [main] INFO  sudoku.model.SudokuBoard - Bład w kwadracie 0
sudoku.model.SudokuBoard@44dfdd58[
  size=9
  solver=sudoku.model.BacktrackingSudokuSolver@58d4238e
  board={{7,1,4,8,2,6,3,5,9},{8,9,2,3,4,5,6,7,1},{5,6,3,1,7,9,8,2,4},{2,3,6,7,5,1,4,9,8},{9,4,1,0,0,0,0,0,0},{0,0,0,0,0,0,0,0,0},{0,0,0,0,0,0,0,0,0},{0,0,0,0,0,0,0,0,0},{0,0,0,0,0,0,0,0,0}}
]
02:04:26.864 [main] INFO  sudoku.model.SudokuBoard - Wartość 0 wstawiona nieprawidłowo
02:04:26.864 [main] INFO  sudoku.model.SudokuBoard - Bład w kwadracie 0
sudoku.model.SudokuBoard@44dfdd58[
  size=9
  solver=sudoku.model.BacktrackingSudokuSolver@58d4238e
  board={{7,1,4,8,2,6,3,5,9},{8,9,2,3,4,5,6,7,1},{5,6,3,1,7,9,8,2,4},{2,3,6,7,5,1,4,9,8},{9,4,0,0,0,0,0,0,0},{0,0,0,0,0,0,0,0,0},{0,0,0,0,0,0,0,0,0},{0,0,0,0,0,0,0,0,0},{0,0,0,0,0,0,0,0,0}}
]
02:04:26.865 [main] INFO  sudoku.model.SudokuBoard - Wartość 0 wstawiona nieprawidłowo
02:04:26.865 [main] INFO  sudoku.model.SudokuBoard - Bład w kwadracie 0
sudoku.model.SudokuBoard@44dfdd58[
  size=9
  solver=sudoku.model.BacktrackingSudokuSolver@58d4238e
  board={{7,1,4,8,2,6,3,5,9},{8,9,2,3,4,5,6,7,1},{5,6,3,1,7,9,8,2,4},{2,3,6,7,5,1,4,9,8},{9,4,5,6,8,2,7,1,3},{1,7,8,9,3,4,5,6,2},{3,8,9,2,6,7,1,4,5},{4,2,1,5,9,0,0,0,0},{0,0,0,0,0,0,0,0,0}}
]
02:04:26.865 [main] INFO  sudoku.model.SudokuBoard - Wartość 0 wstawiona nieprawidłowo
02:04:26.866 [main] INFO  sudoku.model.SudokuBoard - Bład w kwadracie 0
sudoku.model.SudokuBoard@44dfdd58[
  size=9
  solver=sudoku.model.BacktrackingSudokuSolver@58d4238e
  board={{7,1,4,8,2,6,3,5,9},{8,9,2,3,4,5,6,7,1},{5,6,3,1,7,9,8,2,4},{2,3,6,7,5,1,4,9,8},{9,4,5,6,8,2,7,1,3},{1,7,8,9,3,4,5,6,2},{3,8,9,2,6,7,1,4,5},{4,2,1,5,9,0,0,0,0},{0,0,0,0,0,0,0,0,0}}
]
02:04:26.866 [main] INFO  sudoku.model.SudokuBoard - Wartość 0 wstawiona nieprawidłowo
02:04:26.866 [main] INFO  sudoku.model.SudokuBoard - Bład w kwadracie 0
sudoku.model.SudokuBoard@44dfdd58[
  size=9
  solver=sudoku.model.BacktrackingSudokuSolver@58d4238e
  board={{7,1,4,8,2,6,3,5,9},{8,9,2,3,4,5,6,7,1},{5,6,3,1,7,9,8,2,4},{2,3,6,7,5,1,4,9,8},{9,4,5,6,8,2,7,1,3},{1,7,8,9,3,4,5,6,2},{3,8,9,2,6,7,1,4,5},{4,2,1,5,0,0,0,0,0},{0,0,0,0,0,0,0,0,0}}
]
02:04:26.867 [main] INFO  sudoku.model.SudokuBoard - Wartość 0 wstawiona nieprawidłowo
02:04:26.867 [main] INFO  sudoku.model.SudokuBoard - Bład w kwadracie 0
sudoku.model.SudokuBoard@44dfdd58[
  size=9
  solver=sudoku.model.BacktrackingSudokuSolver@58d4238e
  board={{7,1,4,8,2,6,3,5,9},{8,9,2,3,4,5,6,7,1},{5,6,3,1,7,9,8,2,4},{2,3,6,7,5,1,4,9,8},{9,4,5,6,8,2,7,1,3},{1,7,8,9,3,4,5,6,2},{3,8,9,2,6,7,1,4,5},{4,2,1,0,0,0,0,0,0},{0,0,0,0,0,0,0,0,0}}
]
02:04:26.867 [main] INFO  sudoku.model.SudokuBoard - Wartość 0 wstawiona nieprawidłowo
02:04:26.867 [main] INFO  sudoku.model.SudokuBoard - Bład w kwadracie 0
sudoku.model.SudokuBoard@44dfdd58[
  size=9
  solver=sudoku.model.BacktrackingSudokuSolver@58d4238e
  board={{7,1,4,8,2,6,3,5,9},{8,9,2,3,4,5,6,7,1},{5,6,3,1,7,9,8,2,4},{2,3,6,7,5,1,4,9,8},{9,4,5,6,8,2,7,1,3},{1,7,8,9,3,4,5,6,2},{3,8,9,2,6,7,1,4,5},{4,2,0,0,0,0,0,0,0},{0,0,0,0,0,0,0,0,0}}
]
02:04:26.867 [main] INFO  sudoku.model.SudokuBoard - Wartość 0 wstawiona nieprawidłowo
02:04:26.873 [main] INFO  sudoku.model.SudokuBoard - Bład w kwadracie 0
sudoku.model.SudokuBoard@44dfdd58[
  size=9
  solver=sudoku.model.BacktrackingSudokuSolver@58d4238e
  board={{7,1,4,8,2,6,3,5,9},{8,9,2,3,4,5,6,7,1},{5,6,3,1,7,9,8,2,4},{2,3,6,7,5,1,4,9,8},{9,4,5,6,8,2,7,1,3},{1,7,8,9,3,4,5,6,2},{3,8,9,2,6,7,1,4,5},{4,2,7,5,9,0,0,0,0},{0,0,0,0,0,0,0,0,0}}
]
02:04:26.873 [main] INFO  sudoku.model.SudokuBoard - Wartość 0 wstawiona nieprawidłowo
02:04:26.874 [main] INFO  sudoku.model.SudokuBoard - Bład w kwadracie 0
sudoku.model.SudokuBoard@44dfdd58[
  size=9
  solver=sudoku.model.BacktrackingSudokuSolver@58d4238e
  board={{7,1,4,8,2,6,3,5,9},{8,9,2,3,4,5,6,7,1},{5,6,3,1,7,9,8,2,4},{2,3,6,7,5,1,4,9,8},{9,4,5,6,8,2,7,1,3},{1,7,8,9,3,4,5,6,2},{3,8,9,2,6,7,1,4,5},{4,2,7,5,9,0,0,0,0},{0,0,0,0,0,0,0,0,0}}
]
02:04:26.874 [main] INFO  sudoku.model.SudokuBoard - Wartość 0 wstawiona nieprawidłowo
02:04:26.878 [main] INFO  sudoku.model.SudokuBoard - Bład w kwadracie 0
sudoku.model.SudokuBoard@44dfdd58[
  size=9
  solver=sudoku.model.BacktrackingSudokuSolver@58d4238e
  board={{7,1,4,8,2,6,3,5,9},{8,9,2,3,4,5,6,7,1},{5,6,3,1,7,9,8,2,4},{2,3,6,7,5,1,4,9,8},{9,4,5,6,8,2,7,1,3},{1,7,8,9,3,4,5,6,2},{3,8,9,2,6,7,1,4,5},{4,2,7,5,0,0,0,0,0},{0,0,0,0,0,0,0,0,0}}
]
02:04:26.878 [main] INFO  sudoku.model.SudokuBoard - Wartość 0 wstawiona nieprawidłowo
sudoku.model.SudokuBoard@256589a1[
  size=9
  solver=sudoku.model.BacktrackingSudokuSolver@58d4238e
  board={{7,1,4,8,2,6,3,5,9},{8,9,2,3,4,5,6,7,1},{5,6,3,1,7,9,8,2,4},{2,3,6,7,5,1,4,9,8},{9,4,5,6,8,2,7,1,3},{1,7,8,9,3,4,5,6,2},{3,8,9,2,6,7,1,4,5},{4,2,7,5,1,8,9,3,6},{6,5,1,4,9,3,2,8,7}}
]
sudoku.model.SudokuBoard@6744707b[
  size=9
  solver=sudoku.model.BacktrackingSudokuSolver@4b28a7bf
  board={{7,1,4,8,2,6,3,5,9},{8,9,2,3,4,5,6,7,1},{5,6,3,1,7,9,8,2,4},{2,3,6,7,5,1,4,9,8},{9,4,5,6,8,2,7,1,3},{1,7,8,9,3,4,5,6,2},{3,8,9,2,6,7,1,4,5},{4,2,7,5,1,8,9,3,6},{6,5,1,4,9,3,2,8,7}}
]
]]></system-out>
  </testcase>
</testsuite>