<?xml version="1.0" encoding="UTF-8"?>
<testsuite xmlns:xsi="http://www.w3.org/2001/XMLSchema-instance" xsi:noNamespaceSchemaLocation="https://maven.apache.org/surefire/maven-surefire-plugin/xsd/surefire-test-report-3.0.xsd" version="3.0" name="sudoku.model.SudokuBoardTest" time="0.389" tests="14" errors="0" skipped="0" failures="0">
  <properties>
    <property name="java.specification.version" value="14"/>
    <property name="sun.cpu.isalist" value="amd64"/>
    <property name="sun.jnu.encoding" value="Cp1250"/>
    <property name="java.class.path" value="E:\studia\Sem-3\Programowanie komponentowe (07 72 3060 19)_pliki\ProjektKompo\an_pn_1145_03\Model\target\test-classes;C:\Users\maldo\.m2\repository\org\junit\jupiter\junit-jupiter-engine\5.6.2\junit-jupiter-engine-5.6.2.jar;C:\Users\maldo\.m2\repository\org\apiguardian\apiguardian-api\1.1.0\apiguardian-api-1.1.0.jar;C:\Users\maldo\.m2\repository\org\junit\platform\junit-platform-engine\1.6.2\junit-platform-engine-1.6.2.jar;C:\Users\maldo\.m2\repository\org\opentest4j\opentest4j\1.2.0\opentest4j-1.2.0.jar;C:\Users\maldo\.m2\repository\org\junit\platform\junit-platform-commons\1.6.2\junit-platform-commons-1.6.2.jar;C:\Users\maldo\.m2\repository\org\junit\jupiter\junit-jupiter-api\5.6.2\junit-jupiter-api-5.6.2.jar;C:\Users\maldo\.m2\repository\org\projectlombok\lombok\1.18.16\lombok-1.18.16.jar;C:\Users\maldo\.m2\repository\org\hibernate\hibernate-core\5.4.27.Final\hibernate-core-5.4.27.Final.jar;C:\Users\maldo\.m2\repository\org\jboss\logging\jboss-logging\3.4.1.Final\jboss-logging-3.4.1.Final.jar;C:\Users\maldo\.m2\repository\org\javassist\javassist\3.27.0-GA\javassist-3.27.0-GA.jar;C:\Users\maldo\.m2\repository\net\bytebuddy\byte-buddy\1.10.17\byte-buddy-1.10.17.jar;C:\Users\maldo\.m2\repository\antlr\antlr\2.7.7\antlr-2.7.7.jar;C:\Users\maldo\.m2\repository\org\jboss\spec\javax\transaction\jboss-transaction-api_1.2_spec\1.1.1.Final\jboss-transaction-api_1.2_spec-1.1.1.Final.jar;C:\Users\maldo\.m2\repository\org\jboss\jandex\2.1.3.Final\jandex-2.1.3.Final.jar;C:\Users\maldo\.m2\repository\com\fasterxml\classmate\1.5.1\classmate-1.5.1.jar;C:\Users\maldo\.m2\repository\javax\activation\javax.activation-api\1.2.0\javax.activation-api-1.2.0.jar;C:\Users\maldo\.m2\repository\org\dom4j\dom4j\2.1.3\dom4j-2.1.3.jar;C:\Users\maldo\.m2\repository\javax\xml\bind\jaxb-api\2.3.1\jaxb-api-2.3.1.jar;C:\Users\maldo\.m2\repository\com\h2database\h2\1.4.200\h2-1.4.200.jar;C:\Users\maldo\.m2\repository\jakarta\xml\bind\jakarta.xml.bind-api\3.0.0\jakarta.xml.bind-api-3.0.0.jar;C:\Users\maldo\.m2\repository\com\sun\activation\jakarta.activation\2.0.0\jakarta.activation-2.0.0.jar;C:\Users\maldo\.m2\repository\org\glassfish\jaxb\jaxb-runtime\3.0.0\jaxb-runtime-3.0.0.jar;C:\Users\maldo\.m2\repository\org\glassfish\jaxb\jaxb-core\3.0.0\jaxb-core-3.0.0.jar;C:\Users\maldo\.m2\repository\org\glassfish\jaxb\txw2\3.0.0\txw2-3.0.0.jar;C:\Users\maldo\.m2\repository\com\sun\istack\istack-commons-runtime\4.0.0\istack-commons-runtime-4.0.0.jar;C:\Users\maldo\.m2\repository\ch\qos\logback\logback-classic\1.1.7\logback-classic-1.1.7.jar;C:\Users\maldo\.m2\repository\ch\qos\logback\logback-core\1.1.7\logback-core-1.1.7.jar;C:\Users\maldo\.m2\repository\org\openjfx\javafx-controls\13\javafx-controls-13.jar;C:\Users\maldo\.m2\repository\org\openjfx\javafx-controls\13\javafx-controls-13-win.jar;C:\Users\maldo\.m2\repository\org\openjfx\javafx-graphics\13\javafx-graphics-13.jar;C:\Users\maldo\.m2\repository\org\openjfx\javafx-graphics\13\javafx-graphics-13-win.jar;C:\Users\maldo\.m2\repository\org\openjfx\javafx-base\13\javafx-base-13.jar;C:\Users\maldo\.m2\repository\org\openjfx\javafx-fxml\13\javafx-fxml-13.jar;C:\Users\maldo\.m2\repository\org\openjfx\javafx-fxml\13\javafx-fxml-13-win.jar;"/>
    <property name="java.vm.vendor" value="Oracle Corporation"/>
    <property name="sun.arch.data.model" value="64"/>
    <property name="user.variant" value=""/>
    <property name="java.vendor.url" value="https://java.oracle.com/"/>
    <property name="user.timezone" value="Europe/Warsaw"/>
    <property name="os.name" value="Windows 10"/>
    <property name="java.vm.specification.version" value="14"/>
    <property name="sun.java.launcher" value="SUN_STANDARD"/>
    <property name="user.country" value="PL"/>
    <property name="sun.boot.library.path" value="C:\Program Files\Java\jdk-14.0.2\bin"/>
    <property name="sun.java.command" value="org.apache.maven.surefire.booter.ForkedBooter C:\Users\maldo\AppData\Local\Temp\surefire14573791560388020930 2021-01-30T14-29-35_748-jvmRun1 surefire15519588808954748322tmp surefire_017571856067337991104tmp"/>
    <property name="jdk.debug" value="release"/>
    <property name="surefire.test.class.path" value="E:\studia\Sem-3\Programowanie komponentowe (07 72 3060 19)_pliki\ProjektKompo\an_pn_1145_03\Model\target\test-classes;C:\Users\maldo\.m2\repository\org\junit\jupiter\junit-jupiter-engine\5.6.2\junit-jupiter-engine-5.6.2.jar;C:\Users\maldo\.m2\repository\org\apiguardian\apiguardian-api\1.1.0\apiguardian-api-1.1.0.jar;C:\Users\maldo\.m2\repository\org\junit\platform\junit-platform-engine\1.6.2\junit-platform-engine-1.6.2.jar;C:\Users\maldo\.m2\repository\org\opentest4j\opentest4j\1.2.0\opentest4j-1.2.0.jar;C:\Users\maldo\.m2\repository\org\junit\platform\junit-platform-commons\1.6.2\junit-platform-commons-1.6.2.jar;C:\Users\maldo\.m2\repository\org\junit\jupiter\junit-jupiter-api\5.6.2\junit-jupiter-api-5.6.2.jar;C:\Users\maldo\.m2\repository\org\projectlombok\lombok\1.18.16\lombok-1.18.16.jar;C:\Users\maldo\.m2\repository\org\hibernate\hibernate-core\5.4.27.Final\hibernate-core-5.4.27.Final.jar;C:\Users\maldo\.m2\repository\org\jboss\logging\jboss-logging\3.4.1.Final\jboss-logging-3.4.1.Final.jar;C:\Users\maldo\.m2\repository\org\javassist\javassist\3.27.0-GA\javassist-3.27.0-GA.jar;C:\Users\maldo\.m2\repository\net\bytebuddy\byte-buddy\1.10.17\byte-buddy-1.10.17.jar;C:\Users\maldo\.m2\repository\antlr\antlr\2.7.7\antlr-2.7.7.jar;C:\Users\maldo\.m2\repository\org\jboss\spec\javax\transaction\jboss-transaction-api_1.2_spec\1.1.1.Final\jboss-transaction-api_1.2_spec-1.1.1.Final.jar;C:\Users\maldo\.m2\repository\org\jboss\jandex\2.1.3.Final\jandex-2.1.3.Final.jar;C:\Users\maldo\.m2\repository\com\fasterxml\classmate\1.5.1\classmate-1.5.1.jar;C:\Users\maldo\.m2\repository\javax\activation\javax.activation-api\1.2.0\javax.activation-api-1.2.0.jar;C:\Users\maldo\.m2\repository\org\dom4j\dom4j\2.1.3\dom4j-2.1.3.jar;C:\Users\maldo\.m2\repository\javax\xml\bind\jaxb-api\2.3.1\jaxb-api-2.3.1.jar;C:\Users\maldo\.m2\repository\com\h2database\h2\1.4.200\h2-1.4.200.jar;C:\Users\maldo\.m2\repository\jakarta\xml\bind\jakarta.xml.bind-api\3.0.0\jakarta.xml.bind-api-3.0.0.jar;C:\Users\maldo\.m2\repository\com\sun\activation\jakarta.activation\2.0.0\jakarta.activation-2.0.0.jar;C:\Users\maldo\.m2\repository\org\glassfish\jaxb\jaxb-runtime\3.0.0\jaxb-runtime-3.0.0.jar;C:\Users\maldo\.m2\repository\org\glassfish\jaxb\jaxb-core\3.0.0\jaxb-core-3.0.0.jar;C:\Users\maldo\.m2\repository\org\glassfish\jaxb\txw2\3.0.0\txw2-3.0.0.jar;C:\Users\maldo\.m2\repository\com\sun\istack\istack-commons-runtime\4.0.0\istack-commons-runtime-4.0.0.jar;C:\Users\maldo\.m2\repository\ch\qos\logback\logback-classic\1.1.7\logback-classic-1.1.7.jar;C:\Users\maldo\.m2\repository\ch\qos\logback\logback-core\1.1.7\logback-core-1.1.7.jar;C:\Users\maldo\.m2\repository\org\openjfx\javafx-controls\13\javafx-controls-13.jar;C:\Users\maldo\.m2\repository\org\openjfx\javafx-controls\13\javafx-controls-13-win.jar;C:\Users\maldo\.m2\repository\org\openjfx\javafx-graphics\13\javafx-graphics-13.jar;C:\Users\maldo\.m2\repository\org\openjfx\javafx-graphics\13\javafx-graphics-13-win.jar;C:\Users\maldo\.m2\repository\org\openjfx\javafx-base\13\javafx-base-13.jar;C:\Users\maldo\.m2\repository\org\openjfx\javafx-fxml\13\javafx-fxml-13.jar;C:\Users\maldo\.m2\repository\org\openjfx\javafx-fxml\13\javafx-fxml-13-win.jar;"/>
    <property name="sun.cpu.endian" value="little"/>
    <property name="user.home" value="C:\Users\maldo"/>
    <property name="user.language" value="pl"/>
    <property name="java.specification.vendor" value="Oracle Corporation"/>
    <property name="jdk.module.path" value="E:\studia\Sem-3\Programowanie komponentowe (07 72 3060 19)_pliki\ProjektKompo\an_pn_1145_03\Model\target\classes;C:\Users\maldo\.m2\repository\org\apache\commons\commons-lang3\3.11\commons-lang3-3.11.jar;C:\Users\maldo\.m2\repository\javax\persistence\javax.persistence-api\2.2\javax.persistence-api-2.2.jar;C:\Users\maldo\.m2\repository\org\hibernate\common\hibernate-commons-annotations\5.1.2.Final\hibernate-commons-annotations-5.1.2.Final.jar;C:\Users\maldo\.m2\repository\org\hibernate\hibernate-entitymanager\5.4.27.Final\hibernate-entitymanager-5.4.27.Final.jar;C:\Users\maldo\.m2\repository\org\slf4j\slf4j-api\1.7.30\slf4j-api-1.7.30.jar;C:\Users\maldo\.m2\repository\org\openjfx\javafx-base\13\javafx-base-13-win.jar"/>
    <property name="java.version.date" value="2020-07-14"/>
    <property name="java.home" value="C:\Program Files\Java\jdk-14.0.2"/>
    <property name="file.separator" value="\"/>
    <property name="basedir" value="E:\studia\Sem-3\Programowanie komponentowe (07 72 3060 19)_pliki\ProjektKompo\an_pn_1145_03\Model"/>
    <property name="java.vm.compressedOopsMode" value="Zero based"/>
    <property name="line.separator" value="&#10;"/>
    <property name="java.vm.specification.vendor" value="Oracle Corporation"/>
    <property name="java.specification.name" value="Java Platform API Specification"/>
    <property name="surefire.real.class.path" value="C:\Users\maldo\.m2\repository\org\apache\maven\surefire\surefire-booter\3.0.0-M5\surefire-booter-3.0.0-M5.jar;C:\Users\maldo\.m2\repository\org\apache\maven\surefire\surefire-api\3.0.0-M5\surefire-api-3.0.0-M5.jar;C:\Users\maldo\.m2\repository\org\apache\maven\surefire\surefire-logger-api\3.0.0-M5\surefire-logger-api-3.0.0-M5.jar;C:\Users\maldo\.m2\repository\org\apache\maven\surefire\surefire-shared-utils\3.0.0-M4\surefire-shared-utils-3.0.0-M4.jar;C:\Users\maldo\.m2\repository\org\apache\maven\surefire\surefire-extensions-spi\3.0.0-M5\surefire-extensions-spi-3.0.0-M5.jar;E:\studia\Sem-3\Programowanie komponentowe (07 72 3060 19)_pliki\ProjektKompo\an_pn_1145_03\Model\target\test-classes;C:\Users\maldo\.m2\repository\org\junit\jupiter\junit-jupiter-engine\5.6.2\junit-jupiter-engine-5.6.2.jar;C:\Users\maldo\.m2\repository\org\apiguardian\apiguardian-api\1.1.0\apiguardian-api-1.1.0.jar;C:\Users\maldo\.m2\repository\org\junit\platform\junit-platform-engine\1.6.2\junit-platform-engine-1.6.2.jar;C:\Users\maldo\.m2\repository\org\opentest4j\opentest4j\1.2.0\opentest4j-1.2.0.jar;C:\Users\maldo\.m2\repository\org\junit\platform\junit-platform-commons\1.6.2\junit-platform-commons-1.6.2.jar;C:\Users\maldo\.m2\repository\org\junit\jupiter\junit-jupiter-api\5.6.2\junit-jupiter-api-5.6.2.jar;C:\Users\maldo\.m2\repository\org\projectlombok\lombok\1.18.16\lombok-1.18.16.jar;C:\Users\maldo\.m2\repository\org\hibernate\hibernate-core\5.4.27.Final\hibernate-core-5.4.27.Final.jar;C:\Users\maldo\.m2\repository\org\jboss\logging\jboss-logging\3.4.1.Final\jboss-logging-3.4.1.Final.jar;C:\Users\maldo\.m2\repository\org\javassist\javassist\3.27.0-GA\javassist-3.27.0-GA.jar;C:\Users\maldo\.m2\repository\net\bytebuddy\byte-buddy\1.10.17\byte-buddy-1.10.17.jar;C:\Users\maldo\.m2\repository\antlr\antlr\2.7.7\antlr-2.7.7.jar;C:\Users\maldo\.m2\repository\org\jboss\spec\javax\transaction\jboss-transaction-api_1.2_spec\1.1.1.Final\jboss-transaction-api_1.2_spec-1.1.1.Final.jar;C:\Users\maldo\.m2\repository\org\jboss\jandex\2.1.3.Final\jandex-2.1.3.Final.jar;C:\Users\maldo\.m2\repository\com\fasterxml\classmate\1.5.1\classmate-1.5.1.jar;C:\Users\maldo\.m2\repository\javax\activation\javax.activation-api\1.2.0\javax.activation-api-1.2.0.jar;C:\Users\maldo\.m2\repository\org\dom4j\dom4j\2.1.3\dom4j-2.1.3.jar;C:\Users\maldo\.m2\repository\javax\xml\bind\jaxb-api\2.3.1\jaxb-api-2.3.1.jar;C:\Users\maldo\.m2\repository\com\h2database\h2\1.4.200\h2-1.4.200.jar;C:\Users\maldo\.m2\repository\jakarta\xml\bind\jakarta.xml.bind-api\3.0.0\jakarta.xml.bind-api-3.0.0.jar;C:\Users\maldo\.m2\repository\com\sun\activation\jakarta.activation\2.0.0\jakarta.activation-2.0.0.jar;C:\Users\maldo\.m2\repository\org\glassfish\jaxb\jaxb-runtime\3.0.0\jaxb-runtime-3.0.0.jar;C:\Users\maldo\.m2\repository\org\glassfish\jaxb\jaxb-core\3.0.0\jaxb-core-3.0.0.jar;C:\Users\maldo\.m2\repository\org\glassfish\jaxb\txw2\3.0.0\txw2-3.0.0.jar;C:\Users\maldo\.m2\repository\com\sun\istack\istack-commons-runtime\4.0.0\istack-commons-runtime-4.0.0.jar;C:\Users\maldo\.m2\repository\ch\qos\logback\logback-classic\1.1.7\logback-classic-1.1.7.jar;C:\Users\maldo\.m2\repository\ch\qos\logback\logback-core\1.1.7\logback-core-1.1.7.jar;C:\Users\maldo\.m2\repository\org\openjfx\javafx-controls\13\javafx-controls-13.jar;C:\Users\maldo\.m2\repository\org\openjfx\javafx-controls\13\javafx-controls-13-win.jar;C:\Users\maldo\.m2\repository\org\openjfx\javafx-graphics\13\javafx-graphics-13.jar;C:\Users\maldo\.m2\repository\org\openjfx\javafx-graphics\13\javafx-graphics-13-win.jar;C:\Users\maldo\.m2\repository\org\openjfx\javafx-base\13\javafx-base-13.jar;C:\Users\maldo\.m2\repository\org\openjfx\javafx-fxml\13\javafx-fxml-13.jar;C:\Users\maldo\.m2\repository\org\openjfx\javafx-fxml\13\javafx-fxml-13-win.jar;C:\Users\maldo\.m2\repository\org\apache\maven\surefire\surefire-junit-platform\3.0.0-M5\surefire-junit-platform-3.0.0-M5.jar;C:\Users\maldo\.m2\repository\org\apache\maven\surefire\common-java5\3.0.0-M5\common-java5-3.0.0-M5.jar;C:\Users\maldo\.m2\repository\org\junit\platform\junit-platform-launcher\1.6.2\junit-platform-launcher-1.6.2.jar"/>
    <property name="user.script" value=""/>
    <property name="sun.management.compiler" value="HotSpot 64-Bit Tiered Compilers"/>
    <property name="java.runtime.version" value="14.0.2+12-46"/>
    <property name="user.name" value="maldo"/>
    <property name="path.separator" value=";"/>
    <property name="os.version" value="10.0"/>
    <property name="java.runtime.name" value="Java(TM) SE Runtime Environment"/>
    <property name="file.encoding" value="Cp1250"/>
    <property name="java.vm.name" value="Java HotSpot(TM) 64-Bit Server VM"/>
    <property name="localRepository" value="C:\Users\maldo\.m2\repository"/>
    <property name="java.vendor.url.bug" value="https://bugreport.java.com/bugreport/"/>
    <property name="java.io.tmpdir" value="C:\Users\maldo\AppData\Local\Temp\"/>
    <property name="idea.version" value="2020.2.3"/>
    <property name="java.version" value="14.0.2"/>
    <property name="user.dir" value="E:\studia\Sem-3\Programowanie komponentowe (07 72 3060 19)_pliki\ProjektKompo\an_pn_1145_03\Model"/>
    <property name="os.arch" value="amd64"/>
    <property name="java.vm.specification.name" value="Java Virtual Machine Specification"/>
    <property name="sun.os.patch.level" value=""/>
    <property name="java.library.path" value="C:\Program Files\Java\jdk-14.0.2\bin;C:\WINDOWS\Sun\Java\bin;C:\WINDOWS\system32;C:\WINDOWS;C:\Program Files (x86)\Razer Chroma SDK\bin;C:\Program Files\Razer Chroma SDK\bin;C:\Python\Scripts\;C:\Python\;C:\Program Files (x86)\Intel\iCLS Client\;C:\Program Files\Intel\iCLS Client\;C:\Windows\system32;C:\Windows;C:\Windows\System32\Wbem;C:\Windows\System32\WindowsPowerShell\v1.0\;C:\Windows\System32\OpenSSH\;C:\Program Files (x86)\NVIDIA Corporation\PhysX\Common;C:\Program Files (x86)\Intel\Intel(R) Management Engine Components\DAL;C:\Program Files\Intel\Intel(R) Management Engine Components\DAL;C:\Program Files (x86)\Intel\Intel(R) Management Engine Components\IPT;C:\Program Files\Intel\Intel(R) Management Engine Components\IPT;C:\Program Files\Intel\WiFi\bin\;C:\Program Files\Common Files\Intel\WirelessCommon\;C:\Program Files (x86)\Windows Kits\8.1\Windows Performance Toolkit\;C:\Users\maldo\AppData\Local\Microsoft\WindowsApps;C:\Program Files\NVIDIA Corporation\NVIDIA NvDLISR;C:\Program Files (x86)\MKVToolNix;C:\WINDOWS\system32;C:\WINDOWS;C:\WINDOWS\System32\Wbem;C:\WINDOWS\System32\WindowsPowerShell\v1.0\;C:\WINDOWS\System32\OpenSSH\;E:\studia\Sem-3\Programowanie komponentowe (07 72 3060 19)_pliki\apache-maven-3.6.3\bin;C:\msys64\usr\bin;C:\Program Files\Java\jdk-14.0.2\bin;C:\Program Files (x86)\Calibre2\;C:\Users\maldo\AppData\Local\Microsoft\WindowsApps;C:\Program Files\Intel\WiFi\bin\;C:\Program Files\Common Files\Intel\WirelessCommon\;C:\Program Files\JetBrains\CLion 2019.3.3\bin;;C:\Users\maldo\AppData\Local\Programs\Microsoft VS Code\bin;C:\Users\maldo\AppData\Local\GitHubDesktop\bin;."/>
    <property name="java.vm.info" value="mixed mode"/>
    <property name="java.vendor" value="Oracle Corporation"/>
    <property name="java.vm.version" value="14.0.2+12-46"/>
    <property name="sun.io.unicode.encoding" value="UnicodeLittle"/>
    <property name="java.class.version" value="58.0"/>
  </properties>
  <testcase name="ShowBoardTest" classname="sudoku.model.SudokuBoardTest" time="0.001"/>
  <testcase name="testEqualsWrongObject" classname="sudoku.model.SudokuBoardTest" time="0"/>
  <testcase name="testToString" classname="sudoku.model.SudokuBoardTest" time="0.015">
    <system-out><![CDATA[14:29:40.455 [main] INFO  sudoku.model.SudokuBoard - Bład w kwadracie 0
sudoku.model.SudokuBoard@1fcaea93[
  size=9
  solver=sudoku.model.BacktrackingSudokuSolver@6c9bf3b5
  board={{8,6,3,1,9,2,4,5,7},{9,7,4,3,5,6,1,8,2},{5,1,2,4,7,8,3,6,9},{6,5,1,7,8,3,9,0,0},{0,0,0,0,0,0,0,0,0},{0,0,0,0,0,0,0,0,0},{0,0,0,0,0,0,0,0,0},{0,0,0,0,0,0,0,0,0},{0,0,0,0,0,0,0,0,0}}
]
14:29:40.455 [main] INFO  sudoku.model.SudokuBoard - Wartość 0 wstawiona nieprawidłowo
14:29:40.455 [main] INFO  sudoku.model.SudokuBoard - Bład w kwadracie 0
sudoku.model.SudokuBoard@1fcaea93[
  size=9
  solver=sudoku.model.BacktrackingSudokuSolver@6c9bf3b5
  board={{8,6,3,1,9,2,4,5,7},{9,7,4,3,5,6,1,8,2},{5,1,2,4,7,8,3,6,9},{6,5,1,7,8,3,9,2,4},{2,8,7,5,4,9,6,3,1},{3,0,0,0,0,0,0,0,0},{0,0,0,0,0,0,0,0,0},{0,0,0,0,0,0,0,0,0},{0,0,0,0,0,0,0,0,0}}
]
14:29:40.455 [main] INFO  sudoku.model.SudokuBoard - Wartość 0 wstawiona nieprawidłowo
14:29:40.456 [main] INFO  sudoku.model.SudokuBoard - Bład w kwadracie 0
sudoku.model.SudokuBoard@1fcaea93[
  size=9
  solver=sudoku.model.BacktrackingSudokuSolver@6c9bf3b5
  board={{8,6,3,1,9,2,4,5,7},{9,7,4,3,5,6,1,8,2},{5,1,2,4,7,8,3,6,9},{6,5,1,7,8,3,9,2,4},{2,8,7,5,4,9,6,3,1},{3,4,9,2,0,0,0,0,0},{0,0,0,0,0,0,0,0,0},{0,0,0,0,0,0,0,0,0},{0,0,0,0,0,0,0,0,0}}
]
14:29:40.456 [main] INFO  sudoku.model.SudokuBoard - Wartość 0 wstawiona nieprawidłowo
14:29:40.456 [main] INFO  sudoku.model.SudokuBoard - Bład w kwadracie 0
sudoku.model.SudokuBoard@1fcaea93[
  size=9
  solver=sudoku.model.BacktrackingSudokuSolver@6c9bf3b5
  board={{8,6,3,1,9,2,4,5,7},{9,7,4,3,5,6,1,8,2},{5,1,2,4,7,8,3,6,9},{6,5,1,7,8,3,9,2,4},{2,8,7,5,4,9,6,3,1},{3,4,9,2,6,1,0,0,0},{0,0,0,0,0,0,0,0,0},{0,0,0,0,0,0,0,0,0},{0,0,0,0,0,0,0,0,0}}
]
14:29:40.457 [main] INFO  sudoku.model.SudokuBoard - Wartość 0 wstawiona nieprawidłowo
14:29:40.459 [main] INFO  sudoku.model.SudokuBoard - Bład w kwadracie 0
sudoku.model.SudokuBoard@1fcaea93[
  size=9
  solver=sudoku.model.BacktrackingSudokuSolver@6c9bf3b5
  board={{8,6,3,1,9,2,4,5,7},{9,7,4,3,5,6,1,8,2},{5,1,2,4,7,8,3,6,9},{6,5,1,7,8,3,9,2,4},{2,8,7,5,4,9,6,3,1},{3,4,9,2,6,1,8,7,5},{1,2,5,8,3,0,0,0,0},{0,0,0,0,0,0,0,0,0},{0,0,0,0,0,0,0,0,0}}
]
14:29:40.459 [main] INFO  sudoku.model.SudokuBoard - Wartość 0 wstawiona nieprawidłowo
14:29:40.460 [main] INFO  sudoku.model.SudokuBoard - Bład w kwadracie 0
sudoku.model.SudokuBoard@1fcaea93[
  size=9
  solver=sudoku.model.BacktrackingSudokuSolver@6c9bf3b5
  board={{8,6,3,1,9,2,4,5,7},{9,7,4,3,5,6,1,8,2},{5,1,2,4,7,8,3,6,9},{6,5,1,7,8,3,9,2,4},{2,8,7,5,4,9,6,3,1},{3,4,9,2,6,1,8,7,5},{1,2,5,8,3,4,7,9,6},{4,9,0,0,0,0,0,0,0},{0,0,0,0,0,0,0,0,0}}
]
14:29:40.460 [main] INFO  sudoku.model.SudokuBoard - Wartość 0 wstawiona nieprawidłowo
14:29:40.460 [main] INFO  sudoku.model.SudokuBoard - Bład w kwadracie 0
sudoku.model.SudokuBoard@1fcaea93[
  size=9
  solver=sudoku.model.BacktrackingSudokuSolver@6c9bf3b5
  board={{8,6,3,1,9,2,4,5,7},{9,7,4,3,5,6,1,8,2},{5,1,2,4,7,8,3,6,9},{6,5,1,7,8,3,9,2,4},{2,8,7,5,4,9,6,3,1},{3,4,9,2,6,1,8,7,5},{1,2,5,8,3,4,7,9,6},{4,9,8,6,1,5,0,0,0},{0,0,0,0,0,0,0,0,0}}
]
14:29:40.460 [main] INFO  sudoku.model.SudokuBoard - Wartość 0 wstawiona nieprawidłowo
14:29:40.461 [main] INFO  sudoku.model.SudokuBoard - Bład w kwadracie 0
sudoku.model.SudokuBoard@1fcaea93[
  size=9
  solver=sudoku.model.BacktrackingSudokuSolver@6c9bf3b5
  board={{8,6,3,1,9,2,4,5,7},{9,7,4,3,5,6,1,8,2},{5,1,2,4,7,8,3,6,9},{6,5,1,7,8,3,9,2,4},{2,8,7,5,4,9,6,3,1},{3,4,9,2,6,1,8,7,5},{1,2,5,8,3,4,7,9,6},{4,9,8,6,1,0,0,0,0},{0,0,0,0,0,0,0,0,0}}
]
14:29:40.462 [main] INFO  sudoku.model.SudokuBoard - Wartość 0 wstawiona nieprawidłowo
14:29:40.462 [main] INFO  sudoku.model.SudokuBoard - Bład w kwadracie 0
sudoku.model.SudokuBoard@1fcaea93[
  size=9
  solver=sudoku.model.BacktrackingSudokuSolver@6c9bf3b5
  board={{8,6,3,1,9,2,4,5,7},{9,7,4,3,5,6,1,8,2},{5,1,2,4,7,8,3,6,9},{6,5,1,7,8,3,9,2,4},{2,8,7,5,4,9,6,3,1},{3,4,9,2,6,1,8,7,5},{1,2,5,8,3,4,7,9,6},{4,9,8,6,1,7,0,0,0},{0,0,0,0,0,0,0,0,0}}
]
14:29:40.464 [main] INFO  sudoku.model.SudokuBoard - Wartość 0 wstawiona nieprawidłowo
14:29:40.464 [main] INFO  sudoku.model.SudokuBoard - Bład w kwadracie 0
sudoku.model.SudokuBoard@1fcaea93[
  size=9
  solver=sudoku.model.BacktrackingSudokuSolver@6c9bf3b5
  board={{8,6,3,1,9,2,4,5,7},{9,7,4,3,5,6,1,8,2},{5,1,2,4,7,8,3,6,9},{6,5,1,7,8,3,9,2,4},{2,8,7,5,4,9,6,3,1},{3,4,9,2,6,1,8,7,5},{1,2,5,8,3,4,7,9,6},{4,9,8,6,1,7,0,0,0},{0,0,0,0,0,0,0,0,0}}
]
14:29:40.464 [main] INFO  sudoku.model.SudokuBoard - Wartość 0 wstawiona nieprawidłowo
14:29:40.464 [main] INFO  sudoku.model.SudokuBoard - Bład w kwadracie 0
sudoku.model.SudokuBoard@1fcaea93[
  size=9
  solver=sudoku.model.BacktrackingSudokuSolver@6c9bf3b5
  board={{8,6,3,1,9,2,4,5,7},{9,7,4,3,5,6,1,8,2},{5,1,2,4,7,8,3,6,9},{6,5,1,7,8,3,9,2,4},{2,8,7,5,4,9,6,3,1},{3,4,9,2,6,1,8,7,5},{1,2,5,8,3,4,7,9,6},{4,9,8,6,1,0,0,0,0},{0,0,0,0,0,0,0,0,0}}
]
14:29:40.464 [main] INFO  sudoku.model.SudokuBoard - Wartość 0 wstawiona nieprawidłowo
14:29:40.464 [main] INFO  sudoku.model.SudokuBoard - Bład w kwadracie 0
sudoku.model.SudokuBoard@1fcaea93[
  size=9
  solver=sudoku.model.BacktrackingSudokuSolver@6c9bf3b5
  board={{8,6,3,1,9,2,4,5,7},{9,7,4,3,5,6,1,8,2},{5,1,2,4,7,8,3,6,9},{6,5,1,7,8,3,9,2,4},{2,8,7,5,4,9,6,3,1},{3,4,9,2,6,1,8,7,5},{1,2,5,8,3,4,7,9,6},{4,9,8,6,0,0,0,0,0},{0,0,0,0,0,0,0,0,0}}
]
14:29:40.464 [main] INFO  sudoku.model.SudokuBoard - Wartość 0 wstawiona nieprawidłowo
sudoku.model.SudokuBoard@2262f0d8[
  size=9
  solver=sudoku.model.BacktrackingSudokuSolver@6c9bf3b5
  board={{8,6,3,1,9,2,4,5,7},{9,7,4,3,5,6,1,8,2},{5,1,2,4,7,8,3,6,9},{6,5,1,7,8,3,9,2,4},{2,8,7,5,4,9,6,3,1},{3,4,9,2,6,1,8,7,5},{1,2,5,8,3,4,7,9,6},{4,9,8,6,2,7,5,1,3},{7,3,6,9,1,5,2,4,8}}
]
]]></system-out>
  </testcase>
  <testcase name="checkBoardTestRowFalse" classname="sudoku.model.SudokuBoardTest" time="0.144">
    <system-out><![CDATA[14:29:40.471 [main] INFO  sudoku.model.SudokuBoard - Bład w kwadracie 0
sudoku.model.SudokuBoard@283a8ad6[
  size=9
  solver=sudoku.model.BacktrackingSudokuSolver@59e082f8
  board={{9,2,6,1,4,3,5,7,8},{1,3,7,5,6,2,4,0,0},{0,0,0,0,0,0,0,0,0},{0,0,0,0,0,0,0,0,0},{0,0,0,0,0,0,0,0,0},{0,0,0,0,0,0,0,0,0},{0,0,0,0,0,0,0,0,0},{0,0,0,0,0,0,0,0,0},{0,0,0,0,0,0,0,0,0}}
]
14:29:40.471 [main] INFO  sudoku.model.SudokuBoard - Wartość 0 wstawiona nieprawidłowo
14:29:40.471 [main] INFO  sudoku.model.SudokuBoard - Bład w kwadracie 0
sudoku.model.SudokuBoard@283a8ad6[
  size=9
  solver=sudoku.model.BacktrackingSudokuSolver@59e082f8
  board={{9,2,6,1,4,3,5,7,8},{1,3,7,5,6,2,0,0,0},{0,0,0,0,0,0,0,0,0},{0,0,0,0,0,0,0,0,0},{0,0,0,0,0,0,0,0,0},{0,0,0,0,0,0,0,0,0},{0,0,0,0,0,0,0,0,0},{0,0,0,0,0,0,0,0,0},{0,0,0,0,0,0,0,0,0}}
]
14:29:40.471 [main] INFO  sudoku.model.SudokuBoard - Wartość 0 wstawiona nieprawidłowo
14:29:40.471 [main] INFO  sudoku.model.SudokuBoard - Bład w kwadracie 0
sudoku.model.SudokuBoard@283a8ad6[
  size=9
  solver=sudoku.model.BacktrackingSudokuSolver@59e082f8
  board={{9,2,6,1,4,3,5,7,8},{1,3,7,5,6,2,9,0,0},{0,0,0,0,0,0,0,0,0},{0,0,0,0,0,0,0,0,0},{0,0,0,0,0,0,0,0,0},{0,0,0,0,0,0,0,0,0},{0,0,0,0,0,0,0,0,0},{0,0,0,0,0,0,0,0,0},{0,0,0,0,0,0,0,0,0}}
]
14:29:40.471 [main] INFO  sudoku.model.SudokuBoard - Wartość 0 wstawiona nieprawidłowo
14:29:40.472 [main] INFO  sudoku.model.SudokuBoard - Bład w kwadracie 0
sudoku.model.SudokuBoard@283a8ad6[
  size=9
  solver=sudoku.model.BacktrackingSudokuSolver@59e082f8
  board={{9,2,6,1,4,3,5,7,8},{1,3,7,5,6,2,0,0,0},{0,0,0,0,0,0,0,0,0},{0,0,0,0,0,0,0,0,0},{0,0,0,0,0,0,0,0,0},{0,0,0,0,0,0,0,0,0},{0,0,0,0,0,0,0,0,0},{0,0,0,0,0,0,0,0,0},{0,0,0,0,0,0,0,0,0}}
]
14:29:40.472 [main] INFO  sudoku.model.SudokuBoard - Wartość 0 wstawiona nieprawidłowo
14:29:40.472 [main] INFO  sudoku.model.SudokuBoard - Bład w kwadracie 0
sudoku.model.SudokuBoard@283a8ad6[
  size=9
  solver=sudoku.model.BacktrackingSudokuSolver@59e082f8
  board={{9,2,6,1,4,3,5,7,8},{1,3,7,5,6,0,0,0,0},{0,0,0,0,0,0,0,0,0},{0,0,0,0,0,0,0,0,0},{0,0,0,0,0,0,0,0,0},{0,0,0,0,0,0,0,0,0},{0,0,0,0,0,0,0,0,0},{0,0,0,0,0,0,0,0,0},{0,0,0,0,0,0,0,0,0}}
]
14:29:40.472 [main] INFO  sudoku.model.SudokuBoard - Wartość 0 wstawiona nieprawidłowo
14:29:40.472 [main] INFO  sudoku.model.SudokuBoard - Bład w kwadracie 0
sudoku.model.SudokuBoard@283a8ad6[
  size=9
  solver=sudoku.model.BacktrackingSudokuSolver@59e082f8
  board={{9,2,6,1,4,3,5,7,8},{1,3,7,5,6,8,9,2,4},{8,4,5,7,9,2,1,6,3},{3,8,9,2,5,6,4,1,7},{2,1,4,8,7,9,3,5,6},{5,0,0,0,0,0,0,0,0},{0,0,0,0,0,0,0,0,0},{0,0,0,0,0,0,0,0,0},{0,0,0,0,0,0,0,0,0}}
]
14:29:40.472 [main] INFO  sudoku.model.SudokuBoard - Wartość 0 wstawiona nieprawidłowo
14:29:40.472 [main] INFO  sudoku.model.SudokuBoard - Bład w kwadracie 0
sudoku.model.SudokuBoard@283a8ad6[
  size=9
  solver=sudoku.model.BacktrackingSudokuSolver@59e082f8
  board={{9,2,6,1,4,3,5,7,8},{1,3,7,5,6,8,9,2,4},{8,4,5,7,9,2,1,6,3},{3,8,9,2,5,6,4,1,7},{2,1,4,8,7,9,3,5,6},{5,0,0,0,0,0,0,0,0},{0,0,0,0,0,0,0,0,0},{0,0,0,0,0,0,0,0,0},{0,0,0,0,0,0,0,0,0}}
]
14:29:40.472 [main] INFO  sudoku.model.SudokuBoard - Wartość 0 wstawiona nieprawidłowo
14:29:40.472 [main] INFO  sudoku.model.SudokuBoard - Bład w kwadracie 0
sudoku.model.SudokuBoard@283a8ad6[
  size=9
  solver=sudoku.model.BacktrackingSudokuSolver@59e082f8
  board={{9,2,6,1,4,3,5,7,8},{1,3,7,5,6,8,9,2,4},{8,4,5,7,9,2,1,6,3},{3,8,9,2,5,6,4,1,7},{2,1,4,8,7,9,3,5,6},{0,0,0,0,0,0,0,0,0},{0,0,0,0,0,0,0,0,0},{0,0,0,0,0,0,0,0,0},{0,0,0,0,0,0,0,0,0}}
]
14:29:40.473 [main] INFO  sudoku.model.SudokuBoard - Wartość 0 wstawiona nieprawidłowo
14:29:40.473 [main] INFO  sudoku.model.SudokuBoard - Bład w kwadracie 0
sudoku.model.SudokuBoard@283a8ad6[
  size=9
  solver=sudoku.model.BacktrackingSudokuSolver@59e082f8
  board={{9,2,6,1,4,3,5,7,8},{1,3,7,5,6,8,9,2,4},{8,4,5,7,9,2,1,6,3},{3,8,9,2,5,6,4,1,7},{2,1,4,8,7,9,3,5,6},{6,0,0,0,0,0,0,0,0},{0,0,0,0,0,0,0,0,0},{0,0,0,0,0,0,0,0,0},{0,0,0,0,0,0,0,0,0}}
]
14:29:40.473 [main] INFO  sudoku.model.SudokuBoard - Wartość 0 wstawiona nieprawidłowo
14:29:40.473 [main] INFO  sudoku.model.SudokuBoard - Bład w kwadracie 0
sudoku.model.SudokuBoard@283a8ad6[
  size=9
  solver=sudoku.model.BacktrackingSudokuSolver@59e082f8
  board={{9,2,6,1,4,3,5,7,8},{1,3,7,5,6,8,9,2,4},{8,4,5,7,9,2,1,6,3},{3,8,9,2,5,6,4,1,7},{2,1,4,8,7,9,3,5,6},{6,0,0,0,0,0,0,0,0},{0,0,0,0,0,0,0,0,0},{0,0,0,0,0,0,0,0,0},{0,0,0,0,0,0,0,0,0}}
]
14:29:40.473 [main] INFO  sudoku.model.SudokuBoard - Wartość 0 wstawiona nieprawidłowo
14:29:40.474 [main] INFO  sudoku.model.SudokuBoard - Bład w kwadracie 0
sudoku.model.SudokuBoard@283a8ad6[
  size=9
  solver=sudoku.model.BacktrackingSudokuSolver@59e082f8
  board={{9,2,6,1,4,3,5,7,8},{1,3,7,5,6,8,9,2,4},{8,4,5,7,9,2,1,6,3},{3,8,9,2,5,6,4,1,7},{2,1,4,8,7,9,3,5,6},{0,0,0,0,0,0,0,0,0},{0,0,0,0,0,0,0,0,0},{0,0,0,0,0,0,0,0,0},{0,0,0,0,0,0,0,0,0}}
]
14:29:40.474 [main] INFO  sudoku.model.SudokuBoard - Wartość 0 wstawiona nieprawidłowo
14:29:40.474 [main] INFO  sudoku.model.SudokuBoard - Bład w kwadracie 0
sudoku.model.SudokuBoard@283a8ad6[
  size=9
  solver=sudoku.model.BacktrackingSudokuSolver@59e082f8
  board={{9,2,6,1,4,3,5,7,8},{1,3,7,5,6,8,9,2,4},{8,4,5,7,9,2,1,6,3},{3,8,9,2,5,6,4,1,7},{2,1,4,8,7,9,3,5,6},{7,0,0,0,0,0,0,0,0},{0,0,0,0,0,0,0,0,0},{0,0,0,0,0,0,0,0,0},{0,0,0,0,0,0,0,0,0}}
]
14:29:40.474 [main] INFO  sudoku.model.SudokuBoard - Wartość 0 wstawiona nieprawidłowo
14:29:40.474 [main] INFO  sudoku.model.SudokuBoard - Bład w kwadracie 0
sudoku.model.SudokuBoard@283a8ad6[
  size=9
  solver=sudoku.model.BacktrackingSudokuSolver@59e082f8
  board={{9,2,6,1,4,3,5,7,8},{1,3,7,5,6,8,9,2,4},{8,4,5,7,9,2,1,6,3},{3,8,9,2,5,6,4,1,7},{2,1,4,8,7,9,3,5,6},{7,0,0,0,0,0,0,0,0},{0,0,0,0,0,0,0,0,0},{0,0,0,0,0,0,0,0,0},{0,0,0,0,0,0,0,0,0}}
]
14:29:40.474 [main] INFO  sudoku.model.SudokuBoard - Wartość 0 wstawiona nieprawidłowo
14:29:40.474 [main] INFO  sudoku.model.SudokuBoard - Bład w kwadracie 0
sudoku.model.SudokuBoard@283a8ad6[
  size=9
  solver=sudoku.model.BacktrackingSudokuSolver@59e082f8
  board={{9,2,6,1,4,3,5,7,8},{1,3,7,5,6,8,9,2,4},{8,4,5,7,9,2,1,6,3},{3,8,9,2,5,6,4,1,7},{2,1,4,8,7,9,3,5,6},{0,0,0,0,0,0,0,0,0},{0,0,0,0,0,0,0,0,0},{0,0,0,0,0,0,0,0,0},{0,0,0,0,0,0,0,0,0}}
]
14:29:40.474 [main] INFO  sudoku.model.SudokuBoard - Wartość 0 wstawiona nieprawidłowo
14:29:40.474 [main] INFO  sudoku.model.SudokuBoard - Bład w kwadracie 0
sudoku.model.SudokuBoard@283a8ad6[
  size=9
  solver=sudoku.model.BacktrackingSudokuSolver@59e082f8
  board={{9,2,6,1,4,3,5,7,8},{1,3,7,5,6,8,9,2,4},{8,4,5,7,9,2,1,6,3},{3,8,9,2,5,6,4,1,7},{2,1,4,8,7,9,3,5,0},{0,0,0,0,0,0,0,0,0},{0,0,0,0,0,0,0,0,0},{0,0,0,0,0,0,0,0,0},{0,0,0,0,0,0,0,0,0}}
]
14:29:40.475 [main] INFO  sudoku.model.SudokuBoard - Wartość 0 wstawiona nieprawidłowo
14:29:40.475 [main] INFO  sudoku.model.SudokuBoard - Bład w kwadracie 0
sudoku.model.SudokuBoard@283a8ad6[
  size=9
  solver=sudoku.model.BacktrackingSudokuSolver@59e082f8
  board={{9,2,6,1,4,3,5,7,8},{1,3,7,5,6,8,9,2,4},{8,4,5,7,9,2,1,6,3},{3,8,9,2,5,6,4,1,7},{2,1,4,8,7,9,3,0,0},{0,0,0,0,0,0,0,0,0},{0,0,0,0,0,0,0,0,0},{0,0,0,0,0,0,0,0,0},{0,0,0,0,0,0,0,0,0}}
]
14:29:40.475 [main] INFO  sudoku.model.SudokuBoard - Wartość 0 wstawiona nieprawidłowo
14:29:40.475 [main] INFO  sudoku.model.SudokuBoard - Bład w kwadracie 0
sudoku.model.SudokuBoard@283a8ad6[
  size=9
  solver=sudoku.model.BacktrackingSudokuSolver@59e082f8
  board={{9,2,6,1,4,3,5,7,8},{1,3,7,5,6,8,9,2,4},{8,4,5,7,9,2,1,6,3},{3,8,9,2,5,6,4,1,7},{2,1,4,8,7,9,0,0,0},{0,0,0,0,0,0,0,0,0},{0,0,0,0,0,0,0,0,0},{0,0,0,0,0,0,0,0,0},{0,0,0,0,0,0,0,0,0}}
]
14:29:40.477 [main] INFO  sudoku.model.SudokuBoard - Wartość 0 wstawiona nieprawidłowo
14:29:40.478 [main] INFO  sudoku.model.SudokuBoard - Bład w kwadracie 0
sudoku.model.SudokuBoard@283a8ad6[
  size=9
  solver=sudoku.model.BacktrackingSudokuSolver@59e082f8
  board={{9,2,6,1,4,3,5,7,8},{1,3,7,5,6,8,9,2,4},{8,4,5,7,9,2,1,6,3},{3,8,9,2,5,6,4,1,7},{2,1,4,8,7,9,6,0,0},{0,0,0,0,0,0,0,0,0},{0,0,0,0,0,0,0,0,0},{0,0,0,0,0,0,0,0,0},{0,0,0,0,0,0,0,0,0}}
]
14:29:40.478 [main] INFO  sudoku.model.SudokuBoard - Wartość 0 wstawiona nieprawidłowo
14:29:40.478 [main] INFO  sudoku.model.SudokuBoard - Bład w kwadracie 0
sudoku.model.SudokuBoard@283a8ad6[
  size=9
  solver=sudoku.model.BacktrackingSudokuSolver@59e082f8
  board={{9,2,6,1,4,3,5,7,8},{1,3,7,5,6,8,9,2,4},{8,4,5,7,9,2,1,6,3},{3,8,9,2,5,6,4,1,7},{2,1,4,8,7,9,6,3,5},{6,0,0,0,0,0,0,0,0},{0,0,0,0,0,0,0,0,0},{0,0,0,0,0,0,0,0,0},{0,0,0,0,0,0,0,0,0}}
]
14:29:40.478 [main] INFO  sudoku.model.SudokuBoard - Wartość 0 wstawiona nieprawidłowo
14:29:40.478 [main] INFO  sudoku.model.SudokuBoard - Bład w kwadracie 0
sudoku.model.SudokuBoard@283a8ad6[
  size=9
  solver=sudoku.model.BacktrackingSudokuSolver@59e082f8
  board={{9,2,6,1,4,3,5,7,8},{1,3,7,5,6,8,9,2,4},{8,4,5,7,9,2,1,6,3},{3,8,9,2,5,6,4,1,7},{2,1,4,8,7,9,6,3,5},{6,0,0,0,0,0,0,0,0},{0,0,0,0,0,0,0,0,0},{0,0,0,0,0,0,0,0,0},{0,0,0,0,0,0,0,0,0}}
]
14:29:40.478 [main] INFO  sudoku.model.SudokuBoard - Wartość 0 wstawiona nieprawidłowo
14:29:40.478 [main] INFO  sudoku.model.SudokuBoard - Bład w kwadracie 0
sudoku.model.SudokuBoard@283a8ad6[
  size=9
  solver=sudoku.model.BacktrackingSudokuSolver@59e082f8
  board={{9,2,6,1,4,3,5,7,8},{1,3,7,5,6,8,9,2,4},{8,4,5,7,9,2,1,6,3},{3,8,9,2,5,6,4,1,7},{2,1,4,8,7,9,6,3,5},{0,0,0,0,0,0,0,0,0},{0,0,0,0,0,0,0,0,0},{0,0,0,0,0,0,0,0,0},{0,0,0,0,0,0,0,0,0}}
]
14:29:40.478 [main] INFO  sudoku.model.SudokuBoard - Wartość 0 wstawiona nieprawidłowo
14:29:40.478 [main] INFO  sudoku.model.SudokuBoard - Bład w kwadracie 0
sudoku.model.SudokuBoard@283a8ad6[
  size=9
  solver=sudoku.model.BacktrackingSudokuSolver@59e082f8
  board={{9,2,6,1,4,3,5,7,8},{1,3,7,5,6,8,9,2,4},{8,4,5,7,9,2,1,6,3},{3,8,9,2,5,6,4,1,7},{2,1,4,8,7,9,6,3,5},{7,0,0,0,0,0,0,0,0},{0,0,0,0,0,0,0,0,0},{0,0,0,0,0,0,0,0,0},{0,0,0,0,0,0,0,0,0}}
]
14:29:40.478 [main] INFO  sudoku.model.SudokuBoard - Wartość 0 wstawiona nieprawidłowo
14:29:40.478 [main] INFO  sudoku.model.SudokuBoard - Bład w kwadracie 0
sudoku.model.SudokuBoard@283a8ad6[
  size=9
  solver=sudoku.model.BacktrackingSudokuSolver@59e082f8
  board={{9,2,6,1,4,3,5,7,8},{1,3,7,5,6,8,9,2,4},{8,4,5,7,9,2,1,6,3},{3,8,9,2,5,6,4,1,7},{2,1,4,8,7,9,6,3,5},{7,0,0,0,0,0,0,0,0},{0,0,0,0,0,0,0,0,0},{0,0,0,0,0,0,0,0,0},{0,0,0,0,0,0,0,0,0}}
]
14:29:40.478 [main] INFO  sudoku.model.SudokuBoard - Wartość 0 wstawiona nieprawidłowo
14:29:40.479 [main] INFO  sudoku.model.SudokuBoard - Bład w kwadracie 0
sudoku.model.SudokuBoard@283a8ad6[
  size=9
  solver=sudoku.model.BacktrackingSudokuSolver@59e082f8
  board={{9,2,6,1,4,3,5,7,8},{1,3,7,5,6,8,9,2,4},{8,4,5,7,9,2,1,6,3},{3,8,9,2,5,6,4,1,7},{2,1,4,8,7,9,6,3,5},{0,0,0,0,0,0,0,0,0},{0,0,0,0,0,0,0,0,0},{0,0,0,0,0,0,0,0,0},{0,0,0,0,0,0,0,0,0}}
]
14:29:40.479 [main] INFO  sudoku.model.SudokuBoard - Wartość 0 wstawiona nieprawidłowo
14:29:40.479 [main] INFO  sudoku.model.SudokuBoard - Bład w kwadracie 0
sudoku.model.SudokuBoard@283a8ad6[
  size=9
  solver=sudoku.model.BacktrackingSudokuSolver@59e082f8
  board={{9,2,6,1,4,3,5,7,8},{1,3,7,5,6,8,9,2,4},{8,4,5,7,9,2,1,6,3},{3,8,9,2,5,6,4,1,7},{2,1,4,8,7,9,6,3,5},{5,0,0,0,0,0,0,0,0},{0,0,0,0,0,0,0,0,0},{0,0,0,0,0,0,0,0,0},{0,0,0,0,0,0,0,0,0}}
]
14:29:40.479 [main] INFO  sudoku.model.SudokuBoard - Wartość 0 wstawiona nieprawidłowo
14:29:40.479 [main] INFO  sudoku.model.SudokuBoard - Bład w kwadracie 0
sudoku.model.SudokuBoard@283a8ad6[
  size=9
  solver=sudoku.model.BacktrackingSudokuSolver@59e082f8
  board={{9,2,6,1,4,3,5,7,8},{1,3,7,5,6,8,9,2,4},{8,4,5,7,9,2,1,6,3},{3,8,9,2,5,6,4,1,7},{2,1,4,8,7,9,6,3,5},{5,0,0,0,0,0,0,0,0},{0,0,0,0,0,0,0,0,0},{0,0,0,0,0,0,0,0,0},{0,0,0,0,0,0,0,0,0}}
]
14:29:40.479 [main] INFO  sudoku.model.SudokuBoard - Wartość 0 wstawiona nieprawidłowo
14:29:40.479 [main] INFO  sudoku.model.SudokuBoard - Bład w kwadracie 0
sudoku.model.SudokuBoard@283a8ad6[
  size=9
  solver=sudoku.model.BacktrackingSudokuSolver@59e082f8
  board={{9,2,6,1,4,3,5,7,8},{1,3,7,5,6,8,9,2,4},{8,4,5,7,9,2,1,6,3},{3,8,9,2,5,6,4,1,7},{2,1,4,8,7,9,6,3,5},{0,0,0,0,0,0,0,0,0},{0,0,0,0,0,0,0,0,0},{0,0,0,0,0,0,0,0,0},{0,0,0,0,0,0,0,0,0}}
]
14:29:40.479 [main] INFO  sudoku.model.SudokuBoard - Wartość 0 wstawiona nieprawidłowo
14:29:40.479 [main] INFO  sudoku.model.SudokuBoard - Bład w kwadracie 0
sudoku.model.SudokuBoard@283a8ad6[
  size=9
  solver=sudoku.model.BacktrackingSudokuSolver@59e082f8
  board={{9,2,6,1,4,3,5,7,8},{1,3,7,5,6,8,9,2,4},{8,4,5,7,9,2,1,6,3},{3,8,9,2,5,6,4,1,7},{2,1,4,8,7,9,6,3,0},{0,0,0,0,0,0,0,0,0},{0,0,0,0,0,0,0,0,0},{0,0,0,0,0,0,0,0,0},{0,0,0,0,0,0,0,0,0}}
]
14:29:40.479 [main] INFO  sudoku.model.SudokuBoard - Wartość 0 wstawiona nieprawidłowo
14:29:40.480 [main] INFO  sudoku.model.SudokuBoard - Bład w kwadracie 0
sudoku.model.SudokuBoard@283a8ad6[
  size=9
  solver=sudoku.model.BacktrackingSudokuSolver@59e082f8
  board={{9,2,6,1,4,3,5,7,8},{1,3,7,5,6,8,9,2,4},{8,4,5,7,9,2,1,6,3},{3,8,9,2,5,6,4,1,7},{2,1,4,8,7,9,6,0,0},{0,0,0,0,0,0,0,0,0},{0,0,0,0,0,0,0,0,0},{0,0,0,0,0,0,0,0,0},{0,0,0,0,0,0,0,0,0}}
]
14:29:40.480 [main] INFO  sudoku.model.SudokuBoard - Wartość 0 wstawiona nieprawidłowo
14:29:40.480 [main] INFO  sudoku.model.SudokuBoard - Bład w kwadracie 0
sudoku.model.SudokuBoard@283a8ad6[
  size=9
  solver=sudoku.model.BacktrackingSudokuSolver@59e082f8
  board={{9,2,6,1,4,3,5,7,8},{1,3,7,5,6,8,9,2,4},{8,4,5,7,9,2,1,6,3},{3,8,9,2,5,6,4,1,7},{2,1,4,8,7,9,0,0,0},{0,0,0,0,0,0,0,0,0},{0,0,0,0,0,0,0,0,0},{0,0,0,0,0,0,0,0,0},{0,0,0,0,0,0,0,0,0}}
]
14:29:40.480 [main] INFO  sudoku.model.SudokuBoard - Wartość 0 wstawiona nieprawidłowo
14:29:40.480 [main] INFO  sudoku.model.SudokuBoard - Bład w kwadracie 0
sudoku.model.SudokuBoard@283a8ad6[
  size=9
  solver=sudoku.model.BacktrackingSudokuSolver@59e082f8
  board={{9,2,6,1,4,3,5,7,8},{1,3,7,5,6,8,9,2,4},{8,4,5,7,9,2,1,6,3},{3,8,9,2,5,6,4,1,7},{2,1,4,8,7,0,0,0,0},{0,0,0,0,0,0,0,0,0},{0,0,0,0,0,0,0,0,0},{0,0,0,0,0,0,0,0,0},{0,0,0,0,0,0,0,0,0}}
]
14:29:40.480 [main] INFO  sudoku.model.SudokuBoard - Wartość 0 wstawiona nieprawidłowo
14:29:40.480 [main] INFO  sudoku.model.SudokuBoard - Bład w kwadracie 0
sudoku.model.SudokuBoard@283a8ad6[
  size=9
  solver=sudoku.model.BacktrackingSudokuSolver@59e082f8
  board={{9,2,6,1,4,3,5,7,8},{1,3,7,5,6,8,9,2,4},{8,4,5,7,9,2,1,6,3},{3,8,9,2,5,6,4,1,7},{2,1,4,8,0,0,0,0,0},{0,0,0,0,0,0,0,0,0},{0,0,0,0,0,0,0,0,0},{0,0,0,0,0,0,0,0,0},{0,0,0,0,0,0,0,0,0}}
]
14:29:40.480 [main] INFO  sudoku.model.SudokuBoard - Wartość 0 wstawiona nieprawidłowo
14:29:40.480 [main] INFO  sudoku.model.SudokuBoard - Bład w kwadracie 0
sudoku.model.SudokuBoard@283a8ad6[
  size=9
  solver=sudoku.model.BacktrackingSudokuSolver@59e082f8
  board={{9,2,6,1,4,3,5,7,8},{1,3,7,5,6,8,9,2,4},{8,4,5,7,9,2,1,6,3},{3,8,9,2,5,6,4,1,7},{2,1,4,8,3,7,6,9,5},{5,0,0,0,0,0,0,0,0},{0,0,0,0,0,0,0,0,0},{0,0,0,0,0,0,0,0,0},{0,0,0,0,0,0,0,0,0}}
]
14:29:40.480 [main] INFO  sudoku.model.SudokuBoard - Wartość 0 wstawiona nieprawidłowo
14:29:40.480 [main] INFO  sudoku.model.SudokuBoard - Bład w kwadracie 0
sudoku.model.SudokuBoard@283a8ad6[
  size=9
  solver=sudoku.model.BacktrackingSudokuSolver@59e082f8
  board={{9,2,6,1,4,3,5,7,8},{1,3,7,5,6,8,9,2,4},{8,4,5,7,9,2,1,6,3},{3,8,9,2,5,6,4,1,7},{2,1,4,8,3,7,6,9,5},{5,0,0,0,0,0,0,0,0},{0,0,0,0,0,0,0,0,0},{0,0,0,0,0,0,0,0,0},{0,0,0,0,0,0,0,0,0}}
]
14:29:40.481 [main] INFO  sudoku.model.SudokuBoard - Wartość 0 wstawiona nieprawidłowo
14:29:40.481 [main] INFO  sudoku.model.SudokuBoard - Bład w kwadracie 0
sudoku.model.SudokuBoard@283a8ad6[
  size=9
  solver=sudoku.model.BacktrackingSudokuSolver@59e082f8
  board={{9,2,6,1,4,3,5,7,8},{1,3,7,5,6,8,9,2,4},{8,4,5,7,9,2,1,6,3},{3,8,9,2,5,6,4,1,7},{2,1,4,8,3,7,6,9,5},{0,0,0,0,0,0,0,0,0},{0,0,0,0,0,0,0,0,0},{0,0,0,0,0,0,0,0,0},{0,0,0,0,0,0,0,0,0}}
]
14:29:40.481 [main] INFO  sudoku.model.SudokuBoard - Wartość 0 wstawiona nieprawidłowo
14:29:40.481 [main] INFO  sudoku.model.SudokuBoard - Bład w kwadracie 0
sudoku.model.SudokuBoard@283a8ad6[
  size=9
  solver=sudoku.model.BacktrackingSudokuSolver@59e082f8
  board={{9,2,6,1,4,3,5,7,8},{1,3,7,5,6,8,9,2,4},{8,4,5,7,9,2,1,6,3},{3,8,9,2,5,6,4,1,7},{2,1,4,8,3,7,6,9,5},{6,0,0,0,0,0,0,0,0},{0,0,0,0,0,0,0,0,0},{0,0,0,0,0,0,0,0,0},{0,0,0,0,0,0,0,0,0}}
]
14:29:40.481 [main] INFO  sudoku.model.SudokuBoard - Wartość 0 wstawiona nieprawidłowo
14:29:40.481 [main] INFO  sudoku.model.SudokuBoard - Bład w kwadracie 0
sudoku.model.SudokuBoard@283a8ad6[
  size=9
  solver=sudoku.model.BacktrackingSudokuSolver@59e082f8
  board={{9,2,6,1,4,3,5,7,8},{1,3,7,5,6,8,9,2,4},{8,4,5,7,9,2,1,6,3},{3,8,9,2,5,6,4,1,7},{2,1,4,8,3,7,6,9,5},{6,0,0,0,0,0,0,0,0},{0,0,0,0,0,0,0,0,0},{0,0,0,0,0,0,0,0,0},{0,0,0,0,0,0,0,0,0}}
]
14:29:40.481 [main] INFO  sudoku.model.SudokuBoard - Wartość 0 wstawiona nieprawidłowo
14:29:40.481 [main] INFO  sudoku.model.SudokuBoard - Bład w kwadracie 0
sudoku.model.SudokuBoard@283a8ad6[
  size=9
  solver=sudoku.model.BacktrackingSudokuSolver@59e082f8
  board={{9,2,6,1,4,3,5,7,8},{1,3,7,5,6,8,9,2,4},{8,4,5,7,9,2,1,6,3},{3,8,9,2,5,6,4,1,7},{2,1,4,8,3,7,6,9,5},{0,0,0,0,0,0,0,0,0},{0,0,0,0,0,0,0,0,0},{0,0,0,0,0,0,0,0,0},{0,0,0,0,0,0,0,0,0}}
]
14:29:40.481 [main] INFO  sudoku.model.SudokuBoard - Wartość 0 wstawiona nieprawidłowo
14:29:40.481 [main] INFO  sudoku.model.SudokuBoard - Bład w kwadracie 0
sudoku.model.SudokuBoard@283a8ad6[
  size=9
  solver=sudoku.model.BacktrackingSudokuSolver@59e082f8
  board={{9,2,6,1,4,3,5,7,8},{1,3,7,5,6,8,9,2,4},{8,4,5,7,9,2,1,6,3},{3,8,9,2,5,6,4,1,7},{2,1,4,8,3,7,6,9,5},{7,0,0,0,0,0,0,0,0},{0,0,0,0,0,0,0,0,0},{0,0,0,0,0,0,0,0,0},{0,0,0,0,0,0,0,0,0}}
]
14:29:40.481 [main] INFO  sudoku.model.SudokuBoard - Wartość 0 wstawiona nieprawidłowo
14:29:40.481 [main] INFO  sudoku.model.SudokuBoard - Bład w kwadracie 0
sudoku.model.SudokuBoard@283a8ad6[
  size=9
  solver=sudoku.model.BacktrackingSudokuSolver@59e082f8
  board={{9,2,6,1,4,3,5,7,8},{1,3,7,5,6,8,9,2,4},{8,4,5,7,9,2,1,6,3},{3,8,9,2,5,6,4,1,7},{2,1,4,8,3,7,6,9,5},{7,0,0,0,0,0,0,0,0},{0,0,0,0,0,0,0,0,0},{0,0,0,0,0,0,0,0,0},{0,0,0,0,0,0,0,0,0}}
]
14:29:40.481 [main] INFO  sudoku.model.SudokuBoard - Wartość 0 wstawiona nieprawidłowo
14:29:40.482 [main] INFO  sudoku.model.SudokuBoard - Bład w kwadracie 0
sudoku.model.SudokuBoard@283a8ad6[
  size=9
  solver=sudoku.model.BacktrackingSudokuSolver@59e082f8
  board={{9,2,6,1,4,3,5,7,8},{1,3,7,5,6,8,9,2,4},{8,4,5,7,9,2,1,6,3},{3,8,9,2,5,6,4,1,7},{2,1,4,8,3,7,6,9,5},{0,0,0,0,0,0,0,0,0},{0,0,0,0,0,0,0,0,0},{0,0,0,0,0,0,0,0,0},{0,0,0,0,0,0,0,0,0}}
]
14:29:40.482 [main] INFO  sudoku.model.SudokuBoard - Wartość 0 wstawiona nieprawidłowo
14:29:40.482 [main] INFO  sudoku.model.SudokuBoard - Bład w kwadracie 0
sudoku.model.SudokuBoard@283a8ad6[
  size=9
  solver=sudoku.model.BacktrackingSudokuSolver@59e082f8
  board={{9,2,6,1,4,3,5,7,8},{1,3,7,5,6,8,9,2,4},{8,4,5,7,9,2,1,6,3},{3,8,9,2,5,6,4,1,7},{2,1,4,8,3,7,6,9,0},{0,0,0,0,0,0,0,0,0},{0,0,0,0,0,0,0,0,0},{0,0,0,0,0,0,0,0,0},{0,0,0,0,0,0,0,0,0}}
]
14:29:40.482 [main] INFO  sudoku.model.SudokuBoard - Wartość 0 wstawiona nieprawidłowo
14:29:40.482 [main] INFO  sudoku.model.SudokuBoard - Bład w kwadracie 0
sudoku.model.SudokuBoard@283a8ad6[
  size=9
  solver=sudoku.model.BacktrackingSudokuSolver@59e082f8
  board={{9,2,6,1,4,3,5,7,8},{1,3,7,5,6,8,9,2,4},{8,4,5,7,9,2,1,6,3},{3,8,9,2,5,6,4,1,7},{2,1,4,8,3,7,6,0,0},{0,0,0,0,0,0,0,0,0},{0,0,0,0,0,0,0,0,0},{0,0,0,0,0,0,0,0,0},{0,0,0,0,0,0,0,0,0}}
]
14:29:40.482 [main] INFO  sudoku.model.SudokuBoard - Wartość 0 wstawiona nieprawidłowo
14:29:40.482 [main] INFO  sudoku.model.SudokuBoard - Bład w kwadracie 0
sudoku.model.SudokuBoard@283a8ad6[
  size=9
  solver=sudoku.model.BacktrackingSudokuSolver@59e082f8
  board={{9,2,6,1,4,3,5,7,8},{1,3,7,5,6,8,9,2,4},{8,4,5,7,9,2,1,6,3},{3,8,9,2,5,6,4,1,7},{2,1,4,8,3,7,6,5,9},{5,0,0,0,0,0,0,0,0},{0,0,0,0,0,0,0,0,0},{0,0,0,0,0,0,0,0,0},{0,0,0,0,0,0,0,0,0}}
]
14:29:40.482 [main] INFO  sudoku.model.SudokuBoard - Wartość 0 wstawiona nieprawidłowo
14:29:40.482 [main] INFO  sudoku.model.SudokuBoard - Bład w kwadracie 0
sudoku.model.SudokuBoard@283a8ad6[
  size=9
  solver=sudoku.model.BacktrackingSudokuSolver@59e082f8
  board={{9,2,6,1,4,3,5,7,8},{1,3,7,5,6,8,9,2,4},{8,4,5,7,9,2,1,6,3},{3,8,9,2,5,6,4,1,7},{2,1,4,8,3,7,6,5,9},{5,0,0,0,0,0,0,0,0},{0,0,0,0,0,0,0,0,0},{0,0,0,0,0,0,0,0,0},{0,0,0,0,0,0,0,0,0}}
]
14:29:40.482 [main] INFO  sudoku.model.SudokuBoard - Wartość 0 wstawiona nieprawidłowo
14:29:40.482 [main] INFO  sudoku.model.SudokuBoard - Bład w kwadracie 0
sudoku.model.SudokuBoard@283a8ad6[
  size=9
  solver=sudoku.model.BacktrackingSudokuSolver@59e082f8
  board={{9,2,6,1,4,3,5,7,8},{1,3,7,5,6,8,9,2,4},{8,4,5,7,9,2,1,6,3},{3,8,9,2,5,6,4,1,7},{2,1,4,8,3,7,6,5,9},{0,0,0,0,0,0,0,0,0},{0,0,0,0,0,0,0,0,0},{0,0,0,0,0,0,0,0,0},{0,0,0,0,0,0,0,0,0}}
]
14:29:40.482 [main] INFO  sudoku.model.SudokuBoard - Wartość 0 wstawiona nieprawidłowo
14:29:40.482 [main] INFO  sudoku.model.SudokuBoard - Bład w kwadracie 0
sudoku.model.SudokuBoard@283a8ad6[
  size=9
  solver=sudoku.model.BacktrackingSudokuSolver@59e082f8
  board={{9,2,6,1,4,3,5,7,8},{1,3,7,5,6,8,9,2,4},{8,4,5,7,9,2,1,6,3},{3,8,9,2,5,6,4,1,7},{2,1,4,8,3,7,6,5,9},{6,0,0,0,0,0,0,0,0},{0,0,0,0,0,0,0,0,0},{0,0,0,0,0,0,0,0,0},{0,0,0,0,0,0,0,0,0}}
]
14:29:40.483 [main] INFO  sudoku.model.SudokuBoard - Wartość 0 wstawiona nieprawidłowo
14:29:40.483 [main] INFO  sudoku.model.SudokuBoard - Bład w kwadracie 0
sudoku.model.SudokuBoard@283a8ad6[
  size=9
  solver=sudoku.model.BacktrackingSudokuSolver@59e082f8
  board={{9,2,6,1,4,3,5,7,8},{1,3,7,5,6,8,9,2,4},{8,4,5,7,9,2,1,6,3},{3,8,9,2,5,6,4,1,7},{2,1,4,8,3,7,6,5,9},{6,0,0,0,0,0,0,0,0},{0,0,0,0,0,0,0,0,0},{0,0,0,0,0,0,0,0,0},{0,0,0,0,0,0,0,0,0}}
]
14:29:40.483 [main] INFO  sudoku.model.SudokuBoard - Wartość 0 wstawiona nieprawidłowo
14:29:40.483 [main] INFO  sudoku.model.SudokuBoard - Bład w kwadracie 0
sudoku.model.SudokuBoard@283a8ad6[
  size=9
  solver=sudoku.model.BacktrackingSudokuSolver@59e082f8
  board={{9,2,6,1,4,3,5,7,8},{1,3,7,5,6,8,9,2,4},{8,4,5,7,9,2,1,6,3},{3,8,9,2,5,6,4,1,7},{2,1,4,8,3,7,6,5,9},{0,0,0,0,0,0,0,0,0},{0,0,0,0,0,0,0,0,0},{0,0,0,0,0,0,0,0,0},{0,0,0,0,0,0,0,0,0}}
]
14:29:40.483 [main] INFO  sudoku.model.SudokuBoard - Wartość 0 wstawiona nieprawidłowo
14:29:40.484 [main] INFO  sudoku.model.SudokuBoard - Bład w kwadracie 0
sudoku.model.SudokuBoard@283a8ad6[
  size=9
  solver=sudoku.model.BacktrackingSudokuSolver@59e082f8
  board={{9,2,6,1,4,3,5,7,8},{1,3,7,5,6,8,9,2,4},{8,4,5,7,9,2,1,6,3},{3,8,9,2,5,6,4,1,7},{2,1,4,8,3,7,6,5,9},{7,0,0,0,0,0,0,0,0},{0,0,0,0,0,0,0,0,0},{0,0,0,0,0,0,0,0,0},{0,0,0,0,0,0,0,0,0}}
]
14:29:40.484 [main] INFO  sudoku.model.SudokuBoard - Wartość 0 wstawiona nieprawidłowo
14:29:40.484 [main] INFO  sudoku.model.SudokuBoard - Bład w kwadracie 0
sudoku.model.SudokuBoard@283a8ad6[
  size=9
  solver=sudoku.model.BacktrackingSudokuSolver@59e082f8
  board={{9,2,6,1,4,3,5,7,8},{1,3,7,5,6,8,9,2,4},{8,4,5,7,9,2,1,6,3},{3,8,9,2,5,6,4,1,7},{2,1,4,8,3,7,6,5,9},{7,0,0,0,0,0,0,0,0},{0,0,0,0,0,0,0,0,0},{0,0,0,0,0,0,0,0,0},{0,0,0,0,0,0,0,0,0}}
]
14:29:40.484 [main] INFO  sudoku.model.SudokuBoard - Wartość 0 wstawiona nieprawidłowo
14:29:40.484 [main] INFO  sudoku.model.SudokuBoard - Bład w kwadracie 0
sudoku.model.SudokuBoard@283a8ad6[
  size=9
  solver=sudoku.model.BacktrackingSudokuSolver@59e082f8
  board={{9,2,6,1,4,3,5,7,8},{1,3,7,5,6,8,9,2,4},{8,4,5,7,9,2,1,6,3},{3,8,9,2,5,6,4,1,7},{2,1,4,8,3,7,6,5,9},{0,0,0,0,0,0,0,0,0},{0,0,0,0,0,0,0,0,0},{0,0,0,0,0,0,0,0,0},{0,0,0,0,0,0,0,0,0}}
]
14:29:40.484 [main] INFO  sudoku.model.SudokuBoard - Wartość 0 wstawiona nieprawidłowo
14:29:40.484 [main] INFO  sudoku.model.SudokuBoard - Bład w kwadracie 0
sudoku.model.SudokuBoard@283a8ad6[
  size=9
  solver=sudoku.model.BacktrackingSudokuSolver@59e082f8
  board={{9,2,6,1,4,3,5,7,8},{1,3,7,5,6,8,9,2,4},{8,4,5,7,9,2,1,6,3},{3,8,9,2,5,6,4,1,7},{2,1,4,8,3,7,6,5,0},{0,0,0,0,0,0,0,0,0},{0,0,0,0,0,0,0,0,0},{0,0,0,0,0,0,0,0,0},{0,0,0,0,0,0,0,0,0}}
]
14:29:40.484 [main] INFO  sudoku.model.SudokuBoard - Wartość 0 wstawiona nieprawidłowo
14:29:40.484 [main] INFO  sudoku.model.SudokuBoard - Bład w kwadracie 0
sudoku.model.SudokuBoard@283a8ad6[
  size=9
  solver=sudoku.model.BacktrackingSudokuSolver@59e082f8
  board={{9,2,6,1,4,3,5,7,8},{1,3,7,5,6,8,9,2,4},{8,4,5,7,9,2,1,6,3},{3,8,9,2,5,6,4,1,7},{2,1,4,8,3,7,6,0,0},{0,0,0,0,0,0,0,0,0},{0,0,0,0,0,0,0,0,0},{0,0,0,0,0,0,0,0,0},{0,0,0,0,0,0,0,0,0}}
]
14:29:40.484 [main] INFO  sudoku.model.SudokuBoard - Wartość 0 wstawiona nieprawidłowo
14:29:40.484 [main] INFO  sudoku.model.SudokuBoard - Bład w kwadracie 0
sudoku.model.SudokuBoard@283a8ad6[
  size=9
  solver=sudoku.model.BacktrackingSudokuSolver@59e082f8
  board={{9,2,6,1,4,3,5,7,8},{1,3,7,5,6,8,9,2,4},{8,4,5,7,9,2,1,6,3},{3,8,9,2,5,6,4,1,7},{2,1,4,8,3,7,0,0,0},{0,0,0,0,0,0,0,0,0},{0,0,0,0,0,0,0,0,0},{0,0,0,0,0,0,0,0,0},{0,0,0,0,0,0,0,0,0}}
]
14:29:40.484 [main] INFO  sudoku.model.SudokuBoard - Wartość 0 wstawiona nieprawidłowo
14:29:40.484 [main] INFO  sudoku.model.SudokuBoard - Bład w kwadracie 0
sudoku.model.SudokuBoard@283a8ad6[
  size=9
  solver=sudoku.model.BacktrackingSudokuSolver@59e082f8
  board={{9,2,6,1,4,3,5,7,8},{1,3,7,5,6,8,9,2,4},{8,4,5,7,9,2,1,6,3},{3,8,9,2,5,6,4,1,7},{2,1,4,8,3,0,0,0,0},{0,0,0,0,0,0,0,0,0},{0,0,0,0,0,0,0,0,0},{0,0,0,0,0,0,0,0,0},{0,0,0,0,0,0,0,0,0}}
]
14:29:40.484 [main] INFO  sudoku.model.SudokuBoard - Wartość 0 wstawiona nieprawidłowo
14:29:40.484 [main] INFO  sudoku.model.SudokuBoard - Bład w kwadracie 0
sudoku.model.SudokuBoard@283a8ad6[
  size=9
  solver=sudoku.model.BacktrackingSudokuSolver@59e082f8
  board={{9,2,6,1,4,3,5,7,8},{1,3,7,5,6,8,9,2,4},{8,4,5,7,9,2,1,6,3},{3,8,9,2,5,6,4,1,7},{2,1,4,8,3,9,6,0,0},{0,0,0,0,0,0,0,0,0},{0,0,0,0,0,0,0,0,0},{0,0,0,0,0,0,0,0,0},{0,0,0,0,0,0,0,0,0}}
]
14:29:40.488 [main] INFO  sudoku.model.SudokuBoard - Wartość 0 wstawiona nieprawidłowo
14:29:40.488 [main] INFO  sudoku.model.SudokuBoard - Bład w kwadracie 0
sudoku.model.SudokuBoard@283a8ad6[
  size=9
  solver=sudoku.model.BacktrackingSudokuSolver@59e082f8
  board={{9,2,6,1,4,3,5,7,8},{1,3,7,5,6,8,9,2,4},{8,4,5,7,9,2,1,6,3},{3,8,9,2,5,6,4,1,7},{2,1,4,8,3,9,0,0,0},{0,0,0,0,0,0,0,0,0},{0,0,0,0,0,0,0,0,0},{0,0,0,0,0,0,0,0,0},{0,0,0,0,0,0,0,0,0}}
]
14:29:40.488 [main] INFO  sudoku.model.SudokuBoard - Wartość 0 wstawiona nieprawidłowo
14:29:40.488 [main] INFO  sudoku.model.SudokuBoard - Bład w kwadracie 0
sudoku.model.SudokuBoard@283a8ad6[
  size=9
  solver=sudoku.model.BacktrackingSudokuSolver@59e082f8
  board={{9,2,6,1,4,3,5,7,8},{1,3,7,5,6,8,9,2,4},{8,4,5,7,9,2,1,6,3},{3,8,9,2,5,6,4,1,7},{2,1,4,8,3,0,0,0,0},{0,0,0,0,0,0,0,0,0},{0,0,0,0,0,0,0,0,0},{0,0,0,0,0,0,0,0,0},{0,0,0,0,0,0,0,0,0}}
]
14:29:40.488 [main] INFO  sudoku.model.SudokuBoard - Wartość 0 wstawiona nieprawidłowo
14:29:40.488 [main] INFO  sudoku.model.SudokuBoard - Bład w kwadracie 0
sudoku.model.SudokuBoard@283a8ad6[
  size=9
  solver=sudoku.model.BacktrackingSudokuSolver@59e082f8
  board={{9,2,6,1,4,3,5,7,8},{1,3,7,5,6,8,9,2,4},{8,4,5,7,9,2,1,6,3},{3,8,9,2,5,6,4,1,7},{2,1,4,8,0,0,0,0,0},{0,0,0,0,0,0,0,0,0},{0,0,0,0,0,0,0,0,0},{0,0,0,0,0,0,0,0,0},{0,0,0,0,0,0,0,0,0}}
]
14:29:40.488 [main] INFO  sudoku.model.SudokuBoard - Wartość 0 wstawiona nieprawidłowo
14:29:40.488 [main] INFO  sudoku.model.SudokuBoard - Bład w kwadracie 0
sudoku.model.SudokuBoard@283a8ad6[
  size=9
  solver=sudoku.model.BacktrackingSudokuSolver@59e082f8
  board={{9,2,6,1,4,3,5,7,8},{1,3,7,5,6,8,9,2,4},{8,4,5,7,9,2,1,6,3},{3,8,9,2,5,6,4,1,7},{2,1,4,0,0,0,0,0,0},{0,0,0,0,0,0,0,0,0},{0,0,0,0,0,0,0,0,0},{0,0,0,0,0,0,0,0,0},{0,0,0,0,0,0,0,0,0}}
]
14:29:40.488 [main] INFO  sudoku.model.SudokuBoard - Wartość 0 wstawiona nieprawidłowo
14:29:40.488 [main] INFO  sudoku.model.SudokuBoard - Bład w kwadracie 0
sudoku.model.SudokuBoard@283a8ad6[
  size=9
  solver=sudoku.model.BacktrackingSudokuSolver@59e082f8
  board={{9,2,6,1,4,3,5,7,8},{1,3,7,5,6,8,9,2,4},{8,4,5,7,9,2,1,6,3},{3,8,9,2,5,6,4,1,7},{2,1,4,9,3,7,6,0,0},{0,0,0,0,0,0,0,0,0},{0,0,0,0,0,0,0,0,0},{0,0,0,0,0,0,0,0,0},{0,0,0,0,0,0,0,0,0}}
]
14:29:40.488 [main] INFO  sudoku.model.SudokuBoard - Wartość 0 wstawiona nieprawidłowo
14:29:40.489 [main] INFO  sudoku.model.SudokuBoard - Bład w kwadracie 0
sudoku.model.SudokuBoard@283a8ad6[
  size=9
  solver=sudoku.model.BacktrackingSudokuSolver@59e082f8
  board={{9,2,6,1,4,3,5,7,8},{1,3,7,5,6,8,9,2,4},{8,4,5,7,9,2,1,6,3},{3,8,9,2,5,6,4,1,7},{2,1,4,9,3,7,6,8,5},{5,0,0,0,0,0,0,0,0},{0,0,0,0,0,0,0,0,0},{0,0,0,0,0,0,0,0,0},{0,0,0,0,0,0,0,0,0}}
]
14:29:40.489 [main] INFO  sudoku.model.SudokuBoard - Wartość 0 wstawiona nieprawidłowo
14:29:40.489 [main] INFO  sudoku.model.SudokuBoard - Bład w kwadracie 0
sudoku.model.SudokuBoard@283a8ad6[
  size=9
  solver=sudoku.model.BacktrackingSudokuSolver@59e082f8
  board={{9,2,6,1,4,3,5,7,8},{1,3,7,5,6,8,9,2,4},{8,4,5,7,9,2,1,6,3},{3,8,9,2,5,6,4,1,7},{2,1,4,9,3,7,6,8,5},{5,0,0,0,0,0,0,0,0},{0,0,0,0,0,0,0,0,0},{0,0,0,0,0,0,0,0,0},{0,0,0,0,0,0,0,0,0}}
]
14:29:40.489 [main] INFO  sudoku.model.SudokuBoard - Wartość 0 wstawiona nieprawidłowo
14:29:40.491 [main] INFO  sudoku.model.SudokuBoard - Bład w kwadracie 0
sudoku.model.SudokuBoard@283a8ad6[
  size=9
  solver=sudoku.model.BacktrackingSudokuSolver@59e082f8
  board={{9,2,6,1,4,3,5,7,8},{1,3,7,5,6,8,9,2,4},{8,4,5,7,9,2,1,6,3},{3,8,9,2,5,6,4,1,7},{2,1,4,9,3,7,6,8,5},{0,0,0,0,0,0,0,0,0},{0,0,0,0,0,0,0,0,0},{0,0,0,0,0,0,0,0,0},{0,0,0,0,0,0,0,0,0}}
]
14:29:40.491 [main] INFO  sudoku.model.SudokuBoard - Wartość 0 wstawiona nieprawidłowo
14:29:40.491 [main] INFO  sudoku.model.SudokuBoard - Bład w kwadracie 0
sudoku.model.SudokuBoard@283a8ad6[
  size=9
  solver=sudoku.model.BacktrackingSudokuSolver@59e082f8
  board={{9,2,6,1,4,3,5,7,8},{1,3,7,5,6,8,9,2,4},{8,4,5,7,9,2,1,6,3},{3,8,9,2,5,6,4,1,7},{2,1,4,9,3,7,6,8,5},{6,0,0,0,0,0,0,0,0},{0,0,0,0,0,0,0,0,0},{0,0,0,0,0,0,0,0,0},{0,0,0,0,0,0,0,0,0}}
]
14:29:40.491 [main] INFO  sudoku.model.SudokuBoard - Wartość 0 wstawiona nieprawidłowo
14:29:40.491 [main] INFO  sudoku.model.SudokuBoard - Bład w kwadracie 0
sudoku.model.SudokuBoard@283a8ad6[
  size=9
  solver=sudoku.model.BacktrackingSudokuSolver@59e082f8
  board={{9,2,6,1,4,3,5,7,8},{1,3,7,5,6,8,9,2,4},{8,4,5,7,9,2,1,6,3},{3,8,9,2,5,6,4,1,7},{2,1,4,9,3,7,6,8,5},{6,0,0,0,0,0,0,0,0},{0,0,0,0,0,0,0,0,0},{0,0,0,0,0,0,0,0,0},{0,0,0,0,0,0,0,0,0}}
]
14:29:40.491 [main] INFO  sudoku.model.SudokuBoard - Wartość 0 wstawiona nieprawidłowo
14:29:40.491 [main] INFO  sudoku.model.SudokuBoard - Bład w kwadracie 0
sudoku.model.SudokuBoard@283a8ad6[
  size=9
  solver=sudoku.model.BacktrackingSudokuSolver@59e082f8
  board={{9,2,6,1,4,3,5,7,8},{1,3,7,5,6,8,9,2,4},{8,4,5,7,9,2,1,6,3},{3,8,9,2,5,6,4,1,7},{2,1,4,9,3,7,6,8,5},{0,0,0,0,0,0,0,0,0},{0,0,0,0,0,0,0,0,0},{0,0,0,0,0,0,0,0,0},{0,0,0,0,0,0,0,0,0}}
]
14:29:40.491 [main] INFO  sudoku.model.SudokuBoard - Wartość 0 wstawiona nieprawidłowo
14:29:40.491 [main] INFO  sudoku.model.SudokuBoard - Bład w kwadracie 0
sudoku.model.SudokuBoard@283a8ad6[
  size=9
  solver=sudoku.model.BacktrackingSudokuSolver@59e082f8
  board={{9,2,6,1,4,3,5,7,8},{1,3,7,5,6,8,9,2,4},{8,4,5,7,9,2,1,6,3},{3,8,9,2,5,6,4,1,7},{2,1,4,9,3,7,6,8,5},{7,0,0,0,0,0,0,0,0},{0,0,0,0,0,0,0,0,0},{0,0,0,0,0,0,0,0,0},{0,0,0,0,0,0,0,0,0}}
]
14:29:40.491 [main] INFO  sudoku.model.SudokuBoard - Wartość 0 wstawiona nieprawidłowo
14:29:40.491 [main] INFO  sudoku.model.SudokuBoard - Bład w kwadracie 0
sudoku.model.SudokuBoard@283a8ad6[
  size=9
  solver=sudoku.model.BacktrackingSudokuSolver@59e082f8
  board={{9,2,6,1,4,3,5,7,8},{1,3,7,5,6,8,9,2,4},{8,4,5,7,9,2,1,6,3},{3,8,9,2,5,6,4,1,7},{2,1,4,9,3,7,6,8,5},{7,0,0,0,0,0,0,0,0},{0,0,0,0,0,0,0,0,0},{0,0,0,0,0,0,0,0,0},{0,0,0,0,0,0,0,0,0}}
]
14:29:40.492 [main] INFO  sudoku.model.SudokuBoard - Wartość 0 wstawiona nieprawidłowo
14:29:40.492 [main] INFO  sudoku.model.SudokuBoard - Bład w kwadracie 0
sudoku.model.SudokuBoard@283a8ad6[
  size=9
  solver=sudoku.model.BacktrackingSudokuSolver@59e082f8
  board={{9,2,6,1,4,3,5,7,8},{1,3,7,5,6,8,9,2,4},{8,4,5,7,9,2,1,6,3},{3,8,9,2,5,6,4,1,7},{2,1,4,9,3,7,6,8,5},{0,0,0,0,0,0,0,0,0},{0,0,0,0,0,0,0,0,0},{0,0,0,0,0,0,0,0,0},{0,0,0,0,0,0,0,0,0}}
]
14:29:40.492 [main] INFO  sudoku.model.SudokuBoard - Wartość 0 wstawiona nieprawidłowo
14:29:40.492 [main] INFO  sudoku.model.SudokuBoard - Bład w kwadracie 0
sudoku.model.SudokuBoard@283a8ad6[
  size=9
  solver=sudoku.model.BacktrackingSudokuSolver@59e082f8
  board={{9,2,6,1,4,3,5,7,8},{1,3,7,5,6,8,9,2,4},{8,4,5,7,9,2,1,6,3},{3,8,9,2,5,6,4,1,7},{2,1,4,9,3,7,6,8,0},{0,0,0,0,0,0,0,0,0},{0,0,0,0,0,0,0,0,0},{0,0,0,0,0,0,0,0,0},{0,0,0,0,0,0,0,0,0}}
]
14:29:40.492 [main] INFO  sudoku.model.SudokuBoard - Wartość 0 wstawiona nieprawidłowo
14:29:40.492 [main] INFO  sudoku.model.SudokuBoard - Bład w kwadracie 0
sudoku.model.SudokuBoard@283a8ad6[
  size=9
  solver=sudoku.model.BacktrackingSudokuSolver@59e082f8
  board={{9,2,6,1,4,3,5,7,8},{1,3,7,5,6,8,9,2,4},{8,4,5,7,9,2,1,6,3},{3,8,9,2,5,6,4,1,7},{2,1,4,9,3,7,6,0,0},{0,0,0,0,0,0,0,0,0},{0,0,0,0,0,0,0,0,0},{0,0,0,0,0,0,0,0,0},{0,0,0,0,0,0,0,0,0}}
]
14:29:40.492 [main] INFO  sudoku.model.SudokuBoard - Wartość 0 wstawiona nieprawidłowo
14:29:40.492 [main] INFO  sudoku.model.SudokuBoard - Bład w kwadracie 0
sudoku.model.SudokuBoard@283a8ad6[
  size=9
  solver=sudoku.model.BacktrackingSudokuSolver@59e082f8
  board={{9,2,6,1,4,3,5,7,8},{1,3,7,5,6,8,9,2,4},{8,4,5,7,9,2,1,6,3},{3,8,9,2,5,6,4,1,7},{2,1,4,9,3,7,0,0,0},{0,0,0,0,0,0,0,0,0},{0,0,0,0,0,0,0,0,0},{0,0,0,0,0,0,0,0,0},{0,0,0,0,0,0,0,0,0}}
]
14:29:40.492 [main] INFO  sudoku.model.SudokuBoard - Wartość 0 wstawiona nieprawidłowo
14:29:40.492 [main] INFO  sudoku.model.SudokuBoard - Bład w kwadracie 0
sudoku.model.SudokuBoard@283a8ad6[
  size=9
  solver=sudoku.model.BacktrackingSudokuSolver@59e082f8
  board={{9,2,6,1,4,3,5,7,8},{1,3,7,5,6,8,9,2,4},{8,4,5,7,9,2,1,6,3},{3,8,9,2,5,6,4,1,7},{2,1,4,9,3,7,8,5,6},{5,0,0,0,0,0,0,0,0},{0,0,0,0,0,0,0,0,0},{0,0,0,0,0,0,0,0,0},{0,0,0,0,0,0,0,0,0}}
]
14:29:40.492 [main] INFO  sudoku.model.SudokuBoard - Wartość 0 wstawiona nieprawidłowo
14:29:40.493 [main] INFO  sudoku.model.SudokuBoard - Bład w kwadracie 0
sudoku.model.SudokuBoard@283a8ad6[
  size=9
  solver=sudoku.model.BacktrackingSudokuSolver@59e082f8
  board={{9,2,6,1,4,3,5,7,8},{1,3,7,5,6,8,9,2,4},{8,4,5,7,9,2,1,6,3},{3,8,9,2,5,6,4,1,7},{2,1,4,9,3,7,8,5,6},{5,0,0,0,0,0,0,0,0},{0,0,0,0,0,0,0,0,0},{0,0,0,0,0,0,0,0,0},{0,0,0,0,0,0,0,0,0}}
]
14:29:40.493 [main] INFO  sudoku.model.SudokuBoard - Wartość 0 wstawiona nieprawidłowo
14:29:40.493 [main] INFO  sudoku.model.SudokuBoard - Bład w kwadracie 0
sudoku.model.SudokuBoard@283a8ad6[
  size=9
  solver=sudoku.model.BacktrackingSudokuSolver@59e082f8
  board={{9,2,6,1,4,3,5,7,8},{1,3,7,5,6,8,9,2,4},{8,4,5,7,9,2,1,6,3},{3,8,9,2,5,6,4,1,7},{2,1,4,9,3,7,8,5,6},{0,0,0,0,0,0,0,0,0},{0,0,0,0,0,0,0,0,0},{0,0,0,0,0,0,0,0,0},{0,0,0,0,0,0,0,0,0}}
]
14:29:40.493 [main] INFO  sudoku.model.SudokuBoard - Wartość 0 wstawiona nieprawidłowo
14:29:40.493 [main] INFO  sudoku.model.SudokuBoard - Bład w kwadracie 0
sudoku.model.SudokuBoard@283a8ad6[
  size=9
  solver=sudoku.model.BacktrackingSudokuSolver@59e082f8
  board={{9,2,6,1,4,3,5,7,8},{1,3,7,5,6,8,9,2,4},{8,4,5,7,9,2,1,6,3},{3,8,9,2,5,6,4,1,7},{2,1,4,9,3,7,8,5,6},{6,0,0,0,0,0,0,0,0},{0,0,0,0,0,0,0,0,0},{0,0,0,0,0,0,0,0,0},{0,0,0,0,0,0,0,0,0}}
]
14:29:40.493 [main] INFO  sudoku.model.SudokuBoard - Wartość 0 wstawiona nieprawidłowo
14:29:40.493 [main] INFO  sudoku.model.SudokuBoard - Bład w kwadracie 0
sudoku.model.SudokuBoard@283a8ad6[
  size=9
  solver=sudoku.model.BacktrackingSudokuSolver@59e082f8
  board={{9,2,6,1,4,3,5,7,8},{1,3,7,5,6,8,9,2,4},{8,4,5,7,9,2,1,6,3},{3,8,9,2,5,6,4,1,7},{2,1,4,9,3,7,8,5,6},{6,0,0,0,0,0,0,0,0},{0,0,0,0,0,0,0,0,0},{0,0,0,0,0,0,0,0,0},{0,0,0,0,0,0,0,0,0}}
]
14:29:40.494 [main] INFO  sudoku.model.SudokuBoard - Wartość 0 wstawiona nieprawidłowo
14:29:40.494 [main] INFO  sudoku.model.SudokuBoard - Bład w kwadracie 0
sudoku.model.SudokuBoard@283a8ad6[
  size=9
  solver=sudoku.model.BacktrackingSudokuSolver@59e082f8
  board={{9,2,6,1,4,3,5,7,8},{1,3,7,5,6,8,9,2,4},{8,4,5,7,9,2,1,6,3},{3,8,9,2,5,6,4,1,7},{2,1,4,9,3,7,8,5,6},{0,0,0,0,0,0,0,0,0},{0,0,0,0,0,0,0,0,0},{0,0,0,0,0,0,0,0,0},{0,0,0,0,0,0,0,0,0}}
]
14:29:40.494 [main] INFO  sudoku.model.SudokuBoard - Wartość 0 wstawiona nieprawidłowo
14:29:40.494 [main] INFO  sudoku.model.SudokuBoard - Bład w kwadracie 0
sudoku.model.SudokuBoard@283a8ad6[
  size=9
  solver=sudoku.model.BacktrackingSudokuSolver@59e082f8
  board={{9,2,6,1,4,3,5,7,8},{1,3,7,5,6,8,9,2,4},{8,4,5,7,9,2,1,6,3},{3,8,9,2,5,6,4,1,7},{2,1,4,9,3,7,8,5,6},{7,0,0,0,0,0,0,0,0},{0,0,0,0,0,0,0,0,0},{0,0,0,0,0,0,0,0,0},{0,0,0,0,0,0,0,0,0}}
]
14:29:40.494 [main] INFO  sudoku.model.SudokuBoard - Wartość 0 wstawiona nieprawidłowo
14:29:40.494 [main] INFO  sudoku.model.SudokuBoard - Bład w kwadracie 0
sudoku.model.SudokuBoard@283a8ad6[
  size=9
  solver=sudoku.model.BacktrackingSudokuSolver@59e082f8
  board={{9,2,6,1,4,3,5,7,8},{1,3,7,5,6,8,9,2,4},{8,4,5,7,9,2,1,6,3},{3,8,9,2,5,6,4,1,7},{2,1,4,9,3,7,8,5,6},{7,0,0,0,0,0,0,0,0},{0,0,0,0,0,0,0,0,0},{0,0,0,0,0,0,0,0,0},{0,0,0,0,0,0,0,0,0}}
]
14:29:40.494 [main] INFO  sudoku.model.SudokuBoard - Wartość 0 wstawiona nieprawidłowo
14:29:40.494 [main] INFO  sudoku.model.SudokuBoard - Bład w kwadracie 0
sudoku.model.SudokuBoard@283a8ad6[
  size=9
  solver=sudoku.model.BacktrackingSudokuSolver@59e082f8
  board={{9,2,6,1,4,3,5,7,8},{1,3,7,5,6,8,9,2,4},{8,4,5,7,9,2,1,6,3},{3,8,9,2,5,6,4,1,7},{2,1,4,9,3,7,8,5,6},{0,0,0,0,0,0,0,0,0},{0,0,0,0,0,0,0,0,0},{0,0,0,0,0,0,0,0,0},{0,0,0,0,0,0,0,0,0}}
]
14:29:40.494 [main] INFO  sudoku.model.SudokuBoard - Wartość 0 wstawiona nieprawidłowo
14:29:40.494 [main] INFO  sudoku.model.SudokuBoard - Bład w kwadracie 0
sudoku.model.SudokuBoard@283a8ad6[
  size=9
  solver=sudoku.model.BacktrackingSudokuSolver@59e082f8
  board={{9,2,6,1,4,3,5,7,8},{1,3,7,5,6,8,9,2,4},{8,4,5,7,9,2,1,6,3},{3,8,9,2,5,6,4,1,7},{2,1,4,9,3,7,8,5,0},{0,0,0,0,0,0,0,0,0},{0,0,0,0,0,0,0,0,0},{0,0,0,0,0,0,0,0,0},{0,0,0,0,0,0,0,0,0}}
]
14:29:40.494 [main] INFO  sudoku.model.SudokuBoard - Wartość 0 wstawiona nieprawidłowo
14:29:40.494 [main] INFO  sudoku.model.SudokuBoard - Bład w kwadracie 0
sudoku.model.SudokuBoard@283a8ad6[
  size=9
  solver=sudoku.model.BacktrackingSudokuSolver@59e082f8
  board={{9,2,6,1,4,3,5,7,8},{1,3,7,5,6,8,9,2,4},{8,4,5,7,9,2,1,6,3},{3,8,9,2,5,6,4,1,7},{2,1,4,9,3,7,8,0,0},{0,0,0,0,0,0,0,0,0},{0,0,0,0,0,0,0,0,0},{0,0,0,0,0,0,0,0,0},{0,0,0,0,0,0,0,0,0}}
]
14:29:40.494 [main] INFO  sudoku.model.SudokuBoard - Wartość 0 wstawiona nieprawidłowo
14:29:40.495 [main] INFO  sudoku.model.SudokuBoard - Bład w kwadracie 0
sudoku.model.SudokuBoard@283a8ad6[
  size=9
  solver=sudoku.model.BacktrackingSudokuSolver@59e082f8
  board={{9,2,6,1,4,3,5,7,8},{1,3,7,5,6,8,9,2,4},{8,4,5,7,9,2,1,6,3},{3,8,9,2,5,6,4,1,7},{2,1,4,9,3,7,0,0,0},{0,0,0,0,0,0,0,0,0},{0,0,0,0,0,0,0,0,0},{0,0,0,0,0,0,0,0,0},{0,0,0,0,0,0,0,0,0}}
]
14:29:40.495 [main] INFO  sudoku.model.SudokuBoard - Wartość 0 wstawiona nieprawidłowo
14:29:40.495 [main] INFO  sudoku.model.SudokuBoard - Bład w kwadracie 0
sudoku.model.SudokuBoard@283a8ad6[
  size=9
  solver=sudoku.model.BacktrackingSudokuSolver@59e082f8
  board={{9,2,6,1,4,3,5,7,8},{1,3,7,5,6,8,9,2,4},{8,4,5,7,9,2,1,6,3},{3,8,9,2,5,6,4,1,7},{2,1,4,9,3,0,0,0,0},{0,0,0,0,0,0,0,0,0},{0,0,0,0,0,0,0,0,0},{0,0,0,0,0,0,0,0,0},{0,0,0,0,0,0,0,0,0}}
]
14:29:40.495 [main] INFO  sudoku.model.SudokuBoard - Wartość 0 wstawiona nieprawidłowo
14:29:40.495 [main] INFO  sudoku.model.SudokuBoard - Bład w kwadracie 0
sudoku.model.SudokuBoard@283a8ad6[
  size=9
  solver=sudoku.model.BacktrackingSudokuSolver@59e082f8
  board={{9,2,6,1,4,3,5,7,8},{1,3,7,5,6,8,9,2,4},{8,4,5,7,9,2,1,6,3},{3,8,9,2,5,6,4,1,7},{2,1,4,9,0,0,0,0,0},{0,0,0,0,0,0,0,0,0},{0,0,0,0,0,0,0,0,0},{0,0,0,0,0,0,0,0,0},{0,0,0,0,0,0,0,0,0}}
]
14:29:40.495 [main] INFO  sudoku.model.SudokuBoard - Wartość 0 wstawiona nieprawidłowo
14:29:40.495 [main] INFO  sudoku.model.SudokuBoard - Bład w kwadracie 0
sudoku.model.SudokuBoard@283a8ad6[
  size=9
  solver=sudoku.model.BacktrackingSudokuSolver@59e082f8
  board={{9,2,6,1,4,3,5,7,8},{1,3,7,5,6,8,9,2,4},{8,4,5,7,9,2,1,6,3},{3,8,9,2,5,6,4,1,7},{2,1,4,9,0,0,0,0,0},{0,0,0,0,0,0,0,0,0},{0,0,0,0,0,0,0,0,0},{0,0,0,0,0,0,0,0,0},{0,0,0,0,0,0,0,0,0}}
]
14:29:40.495 [main] INFO  sudoku.model.SudokuBoard - Wartość 0 wstawiona nieprawidłowo
14:29:40.495 [main] INFO  sudoku.model.SudokuBoard - Bład w kwadracie 0
sudoku.model.SudokuBoard@283a8ad6[
  size=9
  solver=sudoku.model.BacktrackingSudokuSolver@59e082f8
  board={{9,2,6,1,4,3,5,7,8},{1,3,7,5,6,8,9,2,4},{8,4,5,7,9,2,1,6,3},{3,8,9,2,5,6,4,1,7},{2,1,4,9,8,7,3,5,6},{5,0,0,0,0,0,0,0,0},{0,0,0,0,0,0,0,0,0},{0,0,0,0,0,0,0,0,0},{0,0,0,0,0,0,0,0,0}}
]
14:29:40.495 [main] INFO  sudoku.model.SudokuBoard - Wartość 0 wstawiona nieprawidłowo
14:29:40.496 [main] INFO  sudoku.model.SudokuBoard - Bład w kwadracie 0
sudoku.model.SudokuBoard@283a8ad6[
  size=9
  solver=sudoku.model.BacktrackingSudokuSolver@59e082f8
  board={{9,2,6,1,4,3,5,7,8},{1,3,7,5,6,8,9,2,4},{8,4,5,7,9,2,1,6,3},{3,8,9,2,5,6,4,1,7},{2,1,4,9,8,7,3,5,6},{5,0,0,0,0,0,0,0,0},{0,0,0,0,0,0,0,0,0},{0,0,0,0,0,0,0,0,0},{0,0,0,0,0,0,0,0,0}}
]
14:29:40.496 [main] INFO  sudoku.model.SudokuBoard - Wartość 0 wstawiona nieprawidłowo
14:29:40.496 [main] INFO  sudoku.model.SudokuBoard - Bład w kwadracie 0
sudoku.model.SudokuBoard@283a8ad6[
  size=9
  solver=sudoku.model.BacktrackingSudokuSolver@59e082f8
  board={{9,2,6,1,4,3,5,7,8},{1,3,7,5,6,8,9,2,4},{8,4,5,7,9,2,1,6,3},{3,8,9,2,5,6,4,1,7},{2,1,4,9,8,7,3,5,6},{0,0,0,0,0,0,0,0,0},{0,0,0,0,0,0,0,0,0},{0,0,0,0,0,0,0,0,0},{0,0,0,0,0,0,0,0,0}}
]
14:29:40.496 [main] INFO  sudoku.model.SudokuBoard - Wartość 0 wstawiona nieprawidłowo
14:29:40.496 [main] INFO  sudoku.model.SudokuBoard - Bład w kwadracie 0
sudoku.model.SudokuBoard@283a8ad6[
  size=9
  solver=sudoku.model.BacktrackingSudokuSolver@59e082f8
  board={{9,2,6,1,4,3,5,7,8},{1,3,7,5,6,8,9,2,4},{8,4,5,7,9,2,1,6,3},{3,8,9,2,5,6,4,1,7},{2,1,4,9,8,7,3,5,6},{6,0,0,0,0,0,0,0,0},{0,0,0,0,0,0,0,0,0},{0,0,0,0,0,0,0,0,0},{0,0,0,0,0,0,0,0,0}}
]
14:29:40.496 [main] INFO  sudoku.model.SudokuBoard - Wartość 0 wstawiona nieprawidłowo
14:29:40.496 [main] INFO  sudoku.model.SudokuBoard - Bład w kwadracie 0
sudoku.model.SudokuBoard@283a8ad6[
  size=9
  solver=sudoku.model.BacktrackingSudokuSolver@59e082f8
  board={{9,2,6,1,4,3,5,7,8},{1,3,7,5,6,8,9,2,4},{8,4,5,7,9,2,1,6,3},{3,8,9,2,5,6,4,1,7},{2,1,4,9,8,7,3,5,6},{6,0,0,0,0,0,0,0,0},{0,0,0,0,0,0,0,0,0},{0,0,0,0,0,0,0,0,0},{0,0,0,0,0,0,0,0,0}}
]
14:29:40.496 [main] INFO  sudoku.model.SudokuBoard - Wartość 0 wstawiona nieprawidłowo
14:29:40.497 [main] INFO  sudoku.model.SudokuBoard - Bład w kwadracie 0
sudoku.model.SudokuBoard@283a8ad6[
  size=9
  solver=sudoku.model.BacktrackingSudokuSolver@59e082f8
  board={{9,2,6,1,4,3,5,7,8},{1,3,7,5,6,8,9,2,4},{8,4,5,7,9,2,1,6,3},{3,8,9,2,5,6,4,1,7},{2,1,4,9,8,7,3,5,6},{0,0,0,0,0,0,0,0,0},{0,0,0,0,0,0,0,0,0},{0,0,0,0,0,0,0,0,0},{0,0,0,0,0,0,0,0,0}}
]
14:29:40.497 [main] INFO  sudoku.model.SudokuBoard - Wartość 0 wstawiona nieprawidłowo
14:29:40.497 [main] INFO  sudoku.model.SudokuBoard - Bład w kwadracie 0
sudoku.model.SudokuBoard@283a8ad6[
  size=9
  solver=sudoku.model.BacktrackingSudokuSolver@59e082f8
  board={{9,2,6,1,4,3,5,7,8},{1,3,7,5,6,8,9,2,4},{8,4,5,7,9,2,1,6,3},{3,8,9,2,5,6,4,1,7},{2,1,4,9,8,7,3,5,6},{7,0,0,0,0,0,0,0,0},{0,0,0,0,0,0,0,0,0},{0,0,0,0,0,0,0,0,0},{0,0,0,0,0,0,0,0,0}}
]
14:29:40.497 [main] INFO  sudoku.model.SudokuBoard - Wartość 0 wstawiona nieprawidłowo
14:29:40.497 [main] INFO  sudoku.model.SudokuBoard - Bład w kwadracie 0
sudoku.model.SudokuBoard@283a8ad6[
  size=9
  solver=sudoku.model.BacktrackingSudokuSolver@59e082f8
  board={{9,2,6,1,4,3,5,7,8},{1,3,7,5,6,8,9,2,4},{8,4,5,7,9,2,1,6,3},{3,8,9,2,5,6,4,1,7},{2,1,4,9,8,7,3,5,6},{7,0,0,0,0,0,0,0,0},{0,0,0,0,0,0,0,0,0},{0,0,0,0,0,0,0,0,0},{0,0,0,0,0,0,0,0,0}}
]
14:29:40.497 [main] INFO  sudoku.model.SudokuBoard - Wartość 0 wstawiona nieprawidłowo
14:29:40.497 [main] INFO  sudoku.model.SudokuBoard - Bład w kwadracie 0
sudoku.model.SudokuBoard@283a8ad6[
  size=9
  solver=sudoku.model.BacktrackingSudokuSolver@59e082f8
  board={{9,2,6,1,4,3,5,7,8},{1,3,7,5,6,8,9,2,4},{8,4,5,7,9,2,1,6,3},{3,8,9,2,5,6,4,1,7},{2,1,4,9,8,7,3,5,6},{0,0,0,0,0,0,0,0,0},{0,0,0,0,0,0,0,0,0},{0,0,0,0,0,0,0,0,0},{0,0,0,0,0,0,0,0,0}}
]
14:29:40.497 [main] INFO  sudoku.model.SudokuBoard - Wartość 0 wstawiona nieprawidłowo
14:29:40.497 [main] INFO  sudoku.model.SudokuBoard - Bład w kwadracie 0
sudoku.model.SudokuBoard@283a8ad6[
  size=9
  solver=sudoku.model.BacktrackingSudokuSolver@59e082f8
  board={{9,2,6,1,4,3,5,7,8},{1,3,7,5,6,8,9,2,4},{8,4,5,7,9,2,1,6,3},{3,8,9,2,5,6,4,1,7},{2,1,4,9,8,7,3,5,0},{0,0,0,0,0,0,0,0,0},{0,0,0,0,0,0,0,0,0},{0,0,0,0,0,0,0,0,0},{0,0,0,0,0,0,0,0,0}}
]
14:29:40.497 [main] INFO  sudoku.model.SudokuBoard - Wartość 0 wstawiona nieprawidłowo
14:29:40.497 [main] INFO  sudoku.model.SudokuBoard - Bład w kwadracie 0
sudoku.model.SudokuBoard@283a8ad6[
  size=9
  solver=sudoku.model.BacktrackingSudokuSolver@59e082f8
  board={{9,2,6,1,4,3,5,7,8},{1,3,7,5,6,8,9,2,4},{8,4,5,7,9,2,1,6,3},{3,8,9,2,5,6,4,1,7},{2,1,4,9,8,7,3,0,0},{0,0,0,0,0,0,0,0,0},{0,0,0,0,0,0,0,0,0},{0,0,0,0,0,0,0,0,0},{0,0,0,0,0,0,0,0,0}}
]
14:29:40.498 [main] INFO  sudoku.model.SudokuBoard - Wartość 0 wstawiona nieprawidłowo
14:29:40.498 [main] INFO  sudoku.model.SudokuBoard - Bład w kwadracie 0
sudoku.model.SudokuBoard@283a8ad6[
  size=9
  solver=sudoku.model.BacktrackingSudokuSolver@59e082f8
  board={{9,2,6,1,4,3,5,7,8},{1,3,7,5,6,8,9,2,4},{8,4,5,7,9,2,1,6,3},{3,8,9,2,5,6,4,1,7},{2,1,4,9,8,7,0,0,0},{0,0,0,0,0,0,0,0,0},{0,0,0,0,0,0,0,0,0},{0,0,0,0,0,0,0,0,0},{0,0,0,0,0,0,0,0,0}}
]
14:29:40.498 [main] INFO  sudoku.model.SudokuBoard - Wartość 0 wstawiona nieprawidłowo
14:29:40.498 [main] INFO  sudoku.model.SudokuBoard - Bład w kwadracie 0
sudoku.model.SudokuBoard@283a8ad6[
  size=9
  solver=sudoku.model.BacktrackingSudokuSolver@59e082f8
  board={{9,2,6,1,4,3,5,7,8},{1,3,7,5,6,8,9,2,4},{8,4,5,7,9,2,1,6,3},{3,8,9,2,5,6,4,1,7},{2,1,4,9,8,7,6,0,0},{0,0,0,0,0,0,0,0,0},{0,0,0,0,0,0,0,0,0},{0,0,0,0,0,0,0,0,0},{0,0,0,0,0,0,0,0,0}}
]
14:29:40.498 [main] INFO  sudoku.model.SudokuBoard - Wartość 0 wstawiona nieprawidłowo
14:29:40.498 [main] INFO  sudoku.model.SudokuBoard - Bład w kwadracie 0
sudoku.model.SudokuBoard@283a8ad6[
  size=9
  solver=sudoku.model.BacktrackingSudokuSolver@59e082f8
  board={{9,2,6,1,4,3,5,7,8},{1,3,7,5,6,8,9,2,4},{8,4,5,7,9,2,1,6,3},{3,8,9,2,5,6,4,1,7},{2,1,4,9,8,7,6,3,5},{5,0,0,0,0,0,0,0,0},{0,0,0,0,0,0,0,0,0},{0,0,0,0,0,0,0,0,0},{0,0,0,0,0,0,0,0,0}}
]
14:29:40.498 [main] INFO  sudoku.model.SudokuBoard - Wartość 0 wstawiona nieprawidłowo
14:29:40.498 [main] INFO  sudoku.model.SudokuBoard - Bład w kwadracie 0
sudoku.model.SudokuBoard@283a8ad6[
  size=9
  solver=sudoku.model.BacktrackingSudokuSolver@59e082f8
  board={{9,2,6,1,4,3,5,7,8},{1,3,7,5,6,8,9,2,4},{8,4,5,7,9,2,1,6,3},{3,8,9,2,5,6,4,1,7},{2,1,4,9,8,7,6,3,5},{5,0,0,0,0,0,0,0,0},{0,0,0,0,0,0,0,0,0},{0,0,0,0,0,0,0,0,0},{0,0,0,0,0,0,0,0,0}}
]
14:29:40.498 [main] INFO  sudoku.model.SudokuBoard - Wartość 0 wstawiona nieprawidłowo
14:29:40.498 [main] INFO  sudoku.model.SudokuBoard - Bład w kwadracie 0
sudoku.model.SudokuBoard@283a8ad6[
  size=9
  solver=sudoku.model.BacktrackingSudokuSolver@59e082f8
  board={{9,2,6,1,4,3,5,7,8},{1,3,7,5,6,8,9,2,4},{8,4,5,7,9,2,1,6,3},{3,8,9,2,5,6,4,1,7},{2,1,4,9,8,7,6,3,5},{0,0,0,0,0,0,0,0,0},{0,0,0,0,0,0,0,0,0},{0,0,0,0,0,0,0,0,0},{0,0,0,0,0,0,0,0,0}}
]
14:29:40.498 [main] INFO  sudoku.model.SudokuBoard - Wartość 0 wstawiona nieprawidłowo
14:29:40.498 [main] INFO  sudoku.model.SudokuBoard - Bład w kwadracie 0
sudoku.model.SudokuBoard@283a8ad6[
  size=9
  solver=sudoku.model.BacktrackingSudokuSolver@59e082f8
  board={{9,2,6,1,4,3,5,7,8},{1,3,7,5,6,8,9,2,4},{8,4,5,7,9,2,1,6,3},{3,8,9,2,5,6,4,1,7},{2,1,4,9,8,7,6,3,5},{6,0,0,0,0,0,0,0,0},{0,0,0,0,0,0,0,0,0},{0,0,0,0,0,0,0,0,0},{0,0,0,0,0,0,0,0,0}}
]
14:29:40.498 [main] INFO  sudoku.model.SudokuBoard - Wartość 0 wstawiona nieprawidłowo
14:29:40.499 [main] INFO  sudoku.model.SudokuBoard - Bład w kwadracie 0
sudoku.model.SudokuBoard@283a8ad6[
  size=9
  solver=sudoku.model.BacktrackingSudokuSolver@59e082f8
  board={{9,2,6,1,4,3,5,7,8},{1,3,7,5,6,8,9,2,4},{8,4,5,7,9,2,1,6,3},{3,8,9,2,5,6,4,1,7},{2,1,4,9,8,7,6,3,5},{6,0,0,0,0,0,0,0,0},{0,0,0,0,0,0,0,0,0},{0,0,0,0,0,0,0,0,0},{0,0,0,0,0,0,0,0,0}}
]
14:29:40.499 [main] INFO  sudoku.model.SudokuBoard - Wartość 0 wstawiona nieprawidłowo
14:29:40.499 [main] INFO  sudoku.model.SudokuBoard - Bład w kwadracie 0
sudoku.model.SudokuBoard@283a8ad6[
  size=9
  solver=sudoku.model.BacktrackingSudokuSolver@59e082f8
  board={{9,2,6,1,4,3,5,7,8},{1,3,7,5,6,8,9,2,4},{8,4,5,7,9,2,1,6,3},{3,8,9,2,5,6,4,1,7},{2,1,4,9,8,7,6,3,5},{0,0,0,0,0,0,0,0,0},{0,0,0,0,0,0,0,0,0},{0,0,0,0,0,0,0,0,0},{0,0,0,0,0,0,0,0,0}}
]
14:29:40.499 [main] INFO  sudoku.model.SudokuBoard - Wartość 0 wstawiona nieprawidłowo
14:29:40.499 [main] INFO  sudoku.model.SudokuBoard - Bład w kwadracie 0
sudoku.model.SudokuBoard@283a8ad6[
  size=9
  solver=sudoku.model.BacktrackingSudokuSolver@59e082f8
  board={{9,2,6,1,4,3,5,7,8},{1,3,7,5,6,8,9,2,4},{8,4,5,7,9,2,1,6,3},{3,8,9,2,5,6,4,1,7},{2,1,4,9,8,7,6,3,5},{7,0,0,0,0,0,0,0,0},{0,0,0,0,0,0,0,0,0},{0,0,0,0,0,0,0,0,0},{0,0,0,0,0,0,0,0,0}}
]
14:29:40.499 [main] INFO  sudoku.model.SudokuBoard - Wartość 0 wstawiona nieprawidłowo
14:29:40.499 [main] INFO  sudoku.model.SudokuBoard - Bład w kwadracie 0
sudoku.model.SudokuBoard@283a8ad6[
  size=9
  solver=sudoku.model.BacktrackingSudokuSolver@59e082f8
  board={{9,2,6,1,4,3,5,7,8},{1,3,7,5,6,8,9,2,4},{8,4,5,7,9,2,1,6,3},{3,8,9,2,5,6,4,1,7},{2,1,4,9,8,7,6,3,5},{7,0,0,0,0,0,0,0,0},{0,0,0,0,0,0,0,0,0},{0,0,0,0,0,0,0,0,0},{0,0,0,0,0,0,0,0,0}}
]
14:29:40.499 [main] INFO  sudoku.model.SudokuBoard - Wartość 0 wstawiona nieprawidłowo
14:29:40.499 [main] INFO  sudoku.model.SudokuBoard - Bład w kwadracie 0
sudoku.model.SudokuBoard@283a8ad6[
  size=9
  solver=sudoku.model.BacktrackingSudokuSolver@59e082f8
  board={{9,2,6,1,4,3,5,7,8},{1,3,7,5,6,8,9,2,4},{8,4,5,7,9,2,1,6,3},{3,8,9,2,5,6,4,1,7},{2,1,4,9,8,7,6,3,5},{0,0,0,0,0,0,0,0,0},{0,0,0,0,0,0,0,0,0},{0,0,0,0,0,0,0,0,0},{0,0,0,0,0,0,0,0,0}}
]
14:29:40.499 [main] INFO  sudoku.model.SudokuBoard - Wartość 0 wstawiona nieprawidłowo
14:29:40.499 [main] INFO  sudoku.model.SudokuBoard - Bład w kwadracie 0
sudoku.model.SudokuBoard@283a8ad6[
  size=9
  solver=sudoku.model.BacktrackingSudokuSolver@59e082f8
  board={{9,2,6,1,4,3,5,7,8},{1,3,7,5,6,8,9,2,4},{8,4,5,7,9,2,1,6,3},{3,8,9,2,5,6,4,1,7},{2,1,4,9,8,7,6,3,0},{0,0,0,0,0,0,0,0,0},{0,0,0,0,0,0,0,0,0},{0,0,0,0,0,0,0,0,0},{0,0,0,0,0,0,0,0,0}}
]
14:29:40.499 [main] INFO  sudoku.model.SudokuBoard - Wartość 0 wstawiona nieprawidłowo
14:29:40.500 [main] INFO  sudoku.model.SudokuBoard - Bład w kwadracie 0
sudoku.model.SudokuBoard@283a8ad6[
  size=9
  solver=sudoku.model.BacktrackingSudokuSolver@59e082f8
  board={{9,2,6,1,4,3,5,7,8},{1,3,7,5,6,8,9,2,4},{8,4,5,7,9,2,1,6,3},{3,8,9,2,5,6,4,1,7},{2,1,4,9,8,7,6,0,0},{0,0,0,0,0,0,0,0,0},{0,0,0,0,0,0,0,0,0},{0,0,0,0,0,0,0,0,0},{0,0,0,0,0,0,0,0,0}}
]
14:29:40.500 [main] INFO  sudoku.model.SudokuBoard - Wartość 0 wstawiona nieprawidłowo
14:29:40.500 [main] INFO  sudoku.model.SudokuBoard - Bład w kwadracie 0
sudoku.model.SudokuBoard@283a8ad6[
  size=9
  solver=sudoku.model.BacktrackingSudokuSolver@59e082f8
  board={{9,2,6,1,4,3,5,7,8},{1,3,7,5,6,8,9,2,4},{8,4,5,7,9,2,1,6,3},{3,8,9,2,5,6,4,1,7},{2,1,4,9,8,7,0,0,0},{0,0,0,0,0,0,0,0,0},{0,0,0,0,0,0,0,0,0},{0,0,0,0,0,0,0,0,0},{0,0,0,0,0,0,0,0,0}}
]
14:29:40.500 [main] INFO  sudoku.model.SudokuBoard - Wartość 0 wstawiona nieprawidłowo
14:29:40.500 [main] INFO  sudoku.model.SudokuBoard - Bład w kwadracie 0
sudoku.model.SudokuBoard@283a8ad6[
  size=9
  solver=sudoku.model.BacktrackingSudokuSolver@59e082f8
  board={{9,2,6,1,4,3,5,7,8},{1,3,7,5,6,8,9,2,4},{8,4,5,7,9,2,1,6,3},{3,8,9,2,5,6,4,1,7},{2,1,4,9,8,0,0,0,0},{0,0,0,0,0,0,0,0,0},{0,0,0,0,0,0,0,0,0},{0,0,0,0,0,0,0,0,0},{0,0,0,0,0,0,0,0,0}}
]
14:29:40.500 [main] INFO  sudoku.model.SudokuBoard - Wartość 0 wstawiona nieprawidłowo
14:29:40.500 [main] INFO  sudoku.model.SudokuBoard - Bład w kwadracie 0
sudoku.model.SudokuBoard@283a8ad6[
  size=9
  solver=sudoku.model.BacktrackingSudokuSolver@59e082f8
  board={{9,2,6,1,4,3,5,7,8},{1,3,7,5,6,8,9,2,4},{8,4,5,7,9,2,1,6,3},{3,8,9,2,5,6,4,1,7},{2,1,4,9,0,0,0,0,0},{0,0,0,0,0,0,0,0,0},{0,0,0,0,0,0,0,0,0},{0,0,0,0,0,0,0,0,0},{0,0,0,0,0,0,0,0,0}}
]
14:29:40.500 [main] INFO  sudoku.model.SudokuBoard - Wartość 0 wstawiona nieprawidłowo
14:29:40.500 [main] INFO  sudoku.model.SudokuBoard - Bład w kwadracie 0
sudoku.model.SudokuBoard@283a8ad6[
  size=9
  solver=sudoku.model.BacktrackingSudokuSolver@59e082f8
  board={{9,2,6,1,4,3,5,7,8},{1,3,7,5,6,8,9,2,4},{8,4,5,7,9,2,1,6,3},{3,8,9,2,5,6,4,1,7},{2,1,4,0,0,0,0,0,0},{0,0,0,0,0,0,0,0,0},{0,0,0,0,0,0,0,0,0},{0,0,0,0,0,0,0,0,0},{0,0,0,0,0,0,0,0,0}}
]
14:29:40.500 [main] INFO  sudoku.model.SudokuBoard - Wartość 0 wstawiona nieprawidłowo
14:29:40.500 [main] INFO  sudoku.model.SudokuBoard - Bład w kwadracie 0
sudoku.model.SudokuBoard@283a8ad6[
  size=9
  solver=sudoku.model.BacktrackingSudokuSolver@59e082f8
  board={{9,2,6,1,4,3,5,7,8},{1,3,7,5,6,8,9,2,4},{8,4,5,7,9,2,1,6,3},{3,8,9,2,5,6,4,1,7},{2,1,4,3,7,9,6,0,0},{0,0,0,0,0,0,0,0,0},{0,0,0,0,0,0,0,0,0},{0,0,0,0,0,0,0,0,0},{0,0,0,0,0,0,0,0,0}}
]
14:29:40.500 [main] INFO  sudoku.model.SudokuBoard - Wartość 0 wstawiona nieprawidłowo
14:29:40.500 [main] INFO  sudoku.model.SudokuBoard - Bład w kwadracie 0
sudoku.model.SudokuBoard@283a8ad6[
  size=9
  solver=sudoku.model.BacktrackingSudokuSolver@59e082f8
  board={{9,2,6,1,4,3,5,7,8},{1,3,7,5,6,8,9,2,4},{8,4,5,7,9,2,1,6,3},{3,8,9,2,5,6,4,1,7},{2,1,4,3,7,9,6,8,5},{5,0,0,0,0,0,0,0,0},{0,0,0,0,0,0,0,0,0},{0,0,0,0,0,0,0,0,0},{0,0,0,0,0,0,0,0,0}}
]
14:29:40.500 [main] INFO  sudoku.model.SudokuBoard - Wartość 0 wstawiona nieprawidłowo
14:29:40.500 [main] INFO  sudoku.model.SudokuBoard - Bład w kwadracie 0
sudoku.model.SudokuBoard@283a8ad6[
  size=9
  solver=sudoku.model.BacktrackingSudokuSolver@59e082f8
  board={{9,2,6,1,4,3,5,7,8},{1,3,7,5,6,8,9,2,4},{8,4,5,7,9,2,1,6,3},{3,8,9,2,5,6,4,1,7},{2,1,4,3,7,9,6,8,5},{5,0,0,0,0,0,0,0,0},{0,0,0,0,0,0,0,0,0},{0,0,0,0,0,0,0,0,0},{0,0,0,0,0,0,0,0,0}}
]
14:29:40.501 [main] INFO  sudoku.model.SudokuBoard - Wartość 0 wstawiona nieprawidłowo
14:29:40.501 [main] INFO  sudoku.model.SudokuBoard - Bład w kwadracie 0
sudoku.model.SudokuBoard@283a8ad6[
  size=9
  solver=sudoku.model.BacktrackingSudokuSolver@59e082f8
  board={{9,2,6,1,4,3,5,7,8},{1,3,7,5,6,8,9,2,4},{8,4,5,7,9,2,1,6,3},{3,8,9,2,5,6,4,1,7},{2,1,4,3,7,9,6,8,5},{0,0,0,0,0,0,0,0,0},{0,0,0,0,0,0,0,0,0},{0,0,0,0,0,0,0,0,0},{0,0,0,0,0,0,0,0,0}}
]
14:29:40.501 [main] INFO  sudoku.model.SudokuBoard - Wartość 0 wstawiona nieprawidłowo
14:29:40.501 [main] INFO  sudoku.model.SudokuBoard - Bład w kwadracie 0
sudoku.model.SudokuBoard@283a8ad6[
  size=9
  solver=sudoku.model.BacktrackingSudokuSolver@59e082f8
  board={{9,2,6,1,4,3,5,7,8},{1,3,7,5,6,8,9,2,4},{8,4,5,7,9,2,1,6,3},{3,8,9,2,5,6,4,1,7},{2,1,4,3,7,9,6,8,5},{6,0,0,0,0,0,0,0,0},{0,0,0,0,0,0,0,0,0},{0,0,0,0,0,0,0,0,0},{0,0,0,0,0,0,0,0,0}}
]
14:29:40.501 [main] INFO  sudoku.model.SudokuBoard - Wartość 0 wstawiona nieprawidłowo
14:29:40.501 [main] INFO  sudoku.model.SudokuBoard - Bład w kwadracie 0
sudoku.model.SudokuBoard@283a8ad6[
  size=9
  solver=sudoku.model.BacktrackingSudokuSolver@59e082f8
  board={{9,2,6,1,4,3,5,7,8},{1,3,7,5,6,8,9,2,4},{8,4,5,7,9,2,1,6,3},{3,8,9,2,5,6,4,1,7},{2,1,4,3,7,9,6,8,5},{6,0,0,0,0,0,0,0,0},{0,0,0,0,0,0,0,0,0},{0,0,0,0,0,0,0,0,0},{0,0,0,0,0,0,0,0,0}}
]
14:29:40.501 [main] INFO  sudoku.model.SudokuBoard - Wartość 0 wstawiona nieprawidłowo
14:29:40.501 [main] INFO  sudoku.model.SudokuBoard - Bład w kwadracie 0
sudoku.model.SudokuBoard@283a8ad6[
  size=9
  solver=sudoku.model.BacktrackingSudokuSolver@59e082f8
  board={{9,2,6,1,4,3,5,7,8},{1,3,7,5,6,8,9,2,4},{8,4,5,7,9,2,1,6,3},{3,8,9,2,5,6,4,1,7},{2,1,4,3,7,9,6,8,5},{0,0,0,0,0,0,0,0,0},{0,0,0,0,0,0,0,0,0},{0,0,0,0,0,0,0,0,0},{0,0,0,0,0,0,0,0,0}}
]
14:29:40.501 [main] INFO  sudoku.model.SudokuBoard - Wartość 0 wstawiona nieprawidłowo
14:29:40.501 [main] INFO  sudoku.model.SudokuBoard - Bład w kwadracie 0
sudoku.model.SudokuBoard@283a8ad6[
  size=9
  solver=sudoku.model.BacktrackingSudokuSolver@59e082f8
  board={{9,2,6,1,4,3,5,7,8},{1,3,7,5,6,8,9,2,4},{8,4,5,7,9,2,1,6,3},{3,8,9,2,5,6,4,1,7},{2,1,4,3,7,9,6,8,5},{7,0,0,0,0,0,0,0,0},{0,0,0,0,0,0,0,0,0},{0,0,0,0,0,0,0,0,0},{0,0,0,0,0,0,0,0,0}}
]
14:29:40.501 [main] INFO  sudoku.model.SudokuBoard - Wartość 0 wstawiona nieprawidłowo
14:29:40.501 [main] INFO  sudoku.model.SudokuBoard - Bład w kwadracie 0
sudoku.model.SudokuBoard@283a8ad6[
  size=9
  solver=sudoku.model.BacktrackingSudokuSolver@59e082f8
  board={{9,2,6,1,4,3,5,7,8},{1,3,7,5,6,8,9,2,4},{8,4,5,7,9,2,1,6,3},{3,8,9,2,5,6,4,1,7},{2,1,4,3,7,9,6,8,5},{7,0,0,0,0,0,0,0,0},{0,0,0,0,0,0,0,0,0},{0,0,0,0,0,0,0,0,0},{0,0,0,0,0,0,0,0,0}}
]
14:29:40.582 [main] INFO  sudoku.model.SudokuBoard - Wartość 0 wstawiona nieprawidłowo
14:29:40.582 [main] INFO  sudoku.model.SudokuBoard - Bład w kwadracie 0
sudoku.model.SudokuBoard@283a8ad6[
  size=9
  solver=sudoku.model.BacktrackingSudokuSolver@59e082f8
  board={{9,2,6,1,4,3,5,7,8},{1,3,7,5,6,8,9,2,4},{8,4,5,7,9,2,1,6,3},{3,8,9,2,5,6,4,1,7},{2,1,4,3,7,9,6,8,5},{0,0,0,0,0,0,0,0,0},{0,0,0,0,0,0,0,0,0},{0,0,0,0,0,0,0,0,0},{0,0,0,0,0,0,0,0,0}}
]
14:29:40.582 [main] INFO  sudoku.model.SudokuBoard - Wartość 0 wstawiona nieprawidłowo
14:29:40.583 [main] INFO  sudoku.model.SudokuBoard - Bład w kwadracie 0
sudoku.model.SudokuBoard@283a8ad6[
  size=9
  solver=sudoku.model.BacktrackingSudokuSolver@59e082f8
  board={{9,2,6,1,4,3,5,7,8},{1,3,7,5,6,8,9,2,4},{8,4,5,7,9,2,1,6,3},{3,8,9,2,5,6,4,1,7},{2,1,4,3,7,9,6,8,0},{0,0,0,0,0,0,0,0,0},{0,0,0,0,0,0,0,0,0},{0,0,0,0,0,0,0,0,0},{0,0,0,0,0,0,0,0,0}}
]
14:29:40.583 [main] INFO  sudoku.model.SudokuBoard - Wartość 0 wstawiona nieprawidłowo
14:29:40.583 [main] INFO  sudoku.model.SudokuBoard - Bład w kwadracie 0
sudoku.model.SudokuBoard@283a8ad6[
  size=9
  solver=sudoku.model.BacktrackingSudokuSolver@59e082f8
  board={{9,2,6,1,4,3,5,7,8},{1,3,7,5,6,8,9,2,4},{8,4,5,7,9,2,1,6,3},{3,8,9,2,5,6,4,1,7},{2,1,4,3,7,9,6,0,0},{0,0,0,0,0,0,0,0,0},{0,0,0,0,0,0,0,0,0},{0,0,0,0,0,0,0,0,0},{0,0,0,0,0,0,0,0,0}}
]
14:29:40.583 [main] INFO  sudoku.model.SudokuBoard - Wartość 0 wstawiona nieprawidłowo
14:29:40.584 [main] INFO  sudoku.model.SudokuBoard - Bład w kwadracie 0
sudoku.model.SudokuBoard@283a8ad6[
  size=9
  solver=sudoku.model.BacktrackingSudokuSolver@59e082f8
  board={{9,2,6,1,4,3,5,7,8},{1,3,7,5,6,8,9,2,4},{8,4,5,7,9,2,1,6,3},{3,8,9,2,5,6,4,1,7},{2,1,4,3,7,9,0,0,0},{0,0,0,0,0,0,0,0,0},{0,0,0,0,0,0,0,0,0},{0,0,0,0,0,0,0,0,0},{0,0,0,0,0,0,0,0,0}}
]
14:29:40.584 [main] INFO  sudoku.model.SudokuBoard - Wartość 0 wstawiona nieprawidłowo
14:29:40.584 [main] INFO  sudoku.model.SudokuBoard - Bład w kwadracie 0
sudoku.model.SudokuBoard@283a8ad6[
  size=9
  solver=sudoku.model.BacktrackingSudokuSolver@59e082f8
  board={{9,2,6,1,4,3,5,7,8},{1,3,7,5,6,8,9,2,4},{8,4,5,7,9,2,1,6,3},{3,8,9,2,5,6,4,1,7},{2,1,4,3,7,9,8,5,6},{5,0,0,0,0,0,0,0,0},{0,0,0,0,0,0,0,0,0},{0,0,0,0,0,0,0,0,0},{0,0,0,0,0,0,0,0,0}}
]
14:29:40.584 [main] INFO  sudoku.model.SudokuBoard - Wartość 0 wstawiona nieprawidłowo
14:29:40.585 [main] INFO  sudoku.model.SudokuBoard - Bład w kwadracie 0
sudoku.model.SudokuBoard@283a8ad6[
  size=9
  solver=sudoku.model.BacktrackingSudokuSolver@59e082f8
  board={{9,2,6,1,4,3,5,7,8},{1,3,7,5,6,8,9,2,4},{8,4,5,7,9,2,1,6,3},{3,8,9,2,5,6,4,1,7},{2,1,4,3,7,9,8,5,6},{5,0,0,0,0,0,0,0,0},{0,0,0,0,0,0,0,0,0},{0,0,0,0,0,0,0,0,0},{0,0,0,0,0,0,0,0,0}}
]
14:29:40.585 [main] INFO  sudoku.model.SudokuBoard - Wartość 0 wstawiona nieprawidłowo
14:29:40.585 [main] INFO  sudoku.model.SudokuBoard - Bład w kwadracie 0
sudoku.model.SudokuBoard@283a8ad6[
  size=9
  solver=sudoku.model.BacktrackingSudokuSolver@59e082f8
  board={{9,2,6,1,4,3,5,7,8},{1,3,7,5,6,8,9,2,4},{8,4,5,7,9,2,1,6,3},{3,8,9,2,5,6,4,1,7},{2,1,4,3,7,9,8,5,6},{0,0,0,0,0,0,0,0,0},{0,0,0,0,0,0,0,0,0},{0,0,0,0,0,0,0,0,0},{0,0,0,0,0,0,0,0,0}}
]
14:29:40.585 [main] INFO  sudoku.model.SudokuBoard - Wartość 0 wstawiona nieprawidłowo
14:29:40.585 [main] INFO  sudoku.model.SudokuBoard - Bład w kwadracie 0
sudoku.model.SudokuBoard@283a8ad6[
  size=9
  solver=sudoku.model.BacktrackingSudokuSolver@59e082f8
  board={{9,2,6,1,4,3,5,7,8},{1,3,7,5,6,8,9,2,4},{8,4,5,7,9,2,1,6,3},{3,8,9,2,5,6,4,1,7},{2,1,4,3,7,9,8,5,6},{6,0,0,0,0,0,0,0,0},{0,0,0,0,0,0,0,0,0},{0,0,0,0,0,0,0,0,0},{0,0,0,0,0,0,0,0,0}}
]
14:29:40.585 [main] INFO  sudoku.model.SudokuBoard - Wartość 0 wstawiona nieprawidłowo
14:29:40.585 [main] INFO  sudoku.model.SudokuBoard - Bład w kwadracie 0
sudoku.model.SudokuBoard@283a8ad6[
  size=9
  solver=sudoku.model.BacktrackingSudokuSolver@59e082f8
  board={{9,2,6,1,4,3,5,7,8},{1,3,7,5,6,8,9,2,4},{8,4,5,7,9,2,1,6,3},{3,8,9,2,5,6,4,1,7},{2,1,4,3,7,9,8,5,6},{6,0,0,0,0,0,0,0,0},{0,0,0,0,0,0,0,0,0},{0,0,0,0,0,0,0,0,0},{0,0,0,0,0,0,0,0,0}}
]
14:29:40.585 [main] INFO  sudoku.model.SudokuBoard - Wartość 0 wstawiona nieprawidłowo
14:29:40.585 [main] INFO  sudoku.model.SudokuBoard - Bład w kwadracie 0
sudoku.model.SudokuBoard@283a8ad6[
  size=9
  solver=sudoku.model.BacktrackingSudokuSolver@59e082f8
  board={{9,2,6,1,4,3,5,7,8},{1,3,7,5,6,8,9,2,4},{8,4,5,7,9,2,1,6,3},{3,8,9,2,5,6,4,1,7},{2,1,4,3,7,9,8,5,6},{0,0,0,0,0,0,0,0,0},{0,0,0,0,0,0,0,0,0},{0,0,0,0,0,0,0,0,0},{0,0,0,0,0,0,0,0,0}}
]
14:29:40.585 [main] INFO  sudoku.model.SudokuBoard - Wartość 0 wstawiona nieprawidłowo
14:29:40.585 [main] INFO  sudoku.model.SudokuBoard - Bład w kwadracie 0
sudoku.model.SudokuBoard@283a8ad6[
  size=9
  solver=sudoku.model.BacktrackingSudokuSolver@59e082f8
  board={{9,2,6,1,4,3,5,7,8},{1,3,7,5,6,8,9,2,4},{8,4,5,7,9,2,1,6,3},{3,8,9,2,5,6,4,1,7},{2,1,4,3,7,9,8,5,6},{7,0,0,0,0,0,0,0,0},{0,0,0,0,0,0,0,0,0},{0,0,0,0,0,0,0,0,0},{0,0,0,0,0,0,0,0,0}}
]
14:29:40.585 [main] INFO  sudoku.model.SudokuBoard - Wartość 0 wstawiona nieprawidłowo
14:29:40.586 [main] INFO  sudoku.model.SudokuBoard - Bład w kwadracie 0
sudoku.model.SudokuBoard@283a8ad6[
  size=9
  solver=sudoku.model.BacktrackingSudokuSolver@59e082f8
  board={{9,2,6,1,4,3,5,7,8},{1,3,7,5,6,8,9,2,4},{8,4,5,7,9,2,1,6,3},{3,8,9,2,5,6,4,1,7},{2,1,4,3,7,9,8,5,6},{7,0,0,0,0,0,0,0,0},{0,0,0,0,0,0,0,0,0},{0,0,0,0,0,0,0,0,0},{0,0,0,0,0,0,0,0,0}}
]
14:29:40.586 [main] INFO  sudoku.model.SudokuBoard - Wartość 0 wstawiona nieprawidłowo
14:29:40.586 [main] INFO  sudoku.model.SudokuBoard - Bład w kwadracie 0
sudoku.model.SudokuBoard@283a8ad6[
  size=9
  solver=sudoku.model.BacktrackingSudokuSolver@59e082f8
  board={{9,2,6,1,4,3,5,7,8},{1,3,7,5,6,8,9,2,4},{8,4,5,7,9,2,1,6,3},{3,8,9,2,5,6,4,1,7},{2,1,4,3,7,9,8,5,6},{0,0,0,0,0,0,0,0,0},{0,0,0,0,0,0,0,0,0},{0,0,0,0,0,0,0,0,0},{0,0,0,0,0,0,0,0,0}}
]
14:29:40.586 [main] INFO  sudoku.model.SudokuBoard - Wartość 0 wstawiona nieprawidłowo
14:29:40.586 [main] INFO  sudoku.model.SudokuBoard - Bład w kwadracie 0
sudoku.model.SudokuBoard@283a8ad6[
  size=9
  solver=sudoku.model.BacktrackingSudokuSolver@59e082f8
  board={{9,2,6,1,4,3,5,7,8},{1,3,7,5,6,8,9,2,4},{8,4,5,7,9,2,1,6,3},{3,8,9,2,5,6,4,1,7},{2,1,4,3,7,9,8,5,0},{0,0,0,0,0,0,0,0,0},{0,0,0,0,0,0,0,0,0},{0,0,0,0,0,0,0,0,0},{0,0,0,0,0,0,0,0,0}}
]
14:29:40.586 [main] INFO  sudoku.model.SudokuBoard - Wartość 0 wstawiona nieprawidłowo
14:29:40.586 [main] INFO  sudoku.model.SudokuBoard - Bład w kwadracie 0
sudoku.model.SudokuBoard@283a8ad6[
  size=9
  solver=sudoku.model.BacktrackingSudokuSolver@59e082f8
  board={{9,2,6,1,4,3,5,7,8},{1,3,7,5,6,8,9,2,4},{8,4,5,7,9,2,1,6,3},{3,8,9,2,5,6,4,1,7},{2,1,4,3,7,9,8,0,0},{0,0,0,0,0,0,0,0,0},{0,0,0,0,0,0,0,0,0},{0,0,0,0,0,0,0,0,0},{0,0,0,0,0,0,0,0,0}}
]
14:29:40.586 [main] INFO  sudoku.model.SudokuBoard - Wartość 0 wstawiona nieprawidłowo
14:29:40.586 [main] INFO  sudoku.model.SudokuBoard - Bład w kwadracie 0
sudoku.model.SudokuBoard@283a8ad6[
  size=9
  solver=sudoku.model.BacktrackingSudokuSolver@59e082f8
  board={{9,2,6,1,4,3,5,7,8},{1,3,7,5,6,8,9,2,4},{8,4,5,7,9,2,1,6,3},{3,8,9,2,5,6,4,1,7},{2,1,4,3,7,9,0,0,0},{0,0,0,0,0,0,0,0,0},{0,0,0,0,0,0,0,0,0},{0,0,0,0,0,0,0,0,0},{0,0,0,0,0,0,0,0,0}}
]
14:29:40.587 [main] INFO  sudoku.model.SudokuBoard - Wartość 0 wstawiona nieprawidłowo
14:29:40.587 [main] INFO  sudoku.model.SudokuBoard - Bład w kwadracie 0
sudoku.model.SudokuBoard@283a8ad6[
  size=9
  solver=sudoku.model.BacktrackingSudokuSolver@59e082f8
  board={{9,2,6,1,4,3,5,7,8},{1,3,7,5,6,8,9,2,4},{8,4,5,7,9,2,1,6,3},{3,8,9,2,5,6,4,1,7},{2,1,4,3,7,0,0,0,0},{0,0,0,0,0,0,0,0,0},{0,0,0,0,0,0,0,0,0},{0,0,0,0,0,0,0,0,0},{0,0,0,0,0,0,0,0,0}}
]
14:29:40.587 [main] INFO  sudoku.model.SudokuBoard - Wartość 0 wstawiona nieprawidłowo
14:29:40.587 [main] INFO  sudoku.model.SudokuBoard - Bład w kwadracie 0
sudoku.model.SudokuBoard@283a8ad6[
  size=9
  solver=sudoku.model.BacktrackingSudokuSolver@59e082f8
  board={{9,2,6,1,4,3,5,7,8},{1,3,7,5,6,8,9,2,4},{8,4,5,7,9,2,1,6,3},{3,8,9,2,5,6,4,1,7},{2,1,4,3,0,0,0,0,0},{0,0,0,0,0,0,0,0,0},{0,0,0,0,0,0,0,0,0},{0,0,0,0,0,0,0,0,0},{0,0,0,0,0,0,0,0,0}}
]
14:29:40.587 [main] INFO  sudoku.model.SudokuBoard - Wartość 0 wstawiona nieprawidłowo
14:29:40.587 [main] INFO  sudoku.model.SudokuBoard - Bład w kwadracie 0
sudoku.model.SudokuBoard@283a8ad6[
  size=9
  solver=sudoku.model.BacktrackingSudokuSolver@59e082f8
  board={{9,2,6,1,4,3,5,7,8},{1,3,7,5,6,8,9,2,4},{8,4,5,7,9,2,1,6,3},{3,8,9,2,5,6,4,1,7},{2,1,4,3,8,7,6,5,9},{5,0,0,0,0,0,0,0,0},{0,0,0,0,0,0,0,0,0},{0,0,0,0,0,0,0,0,0},{0,0,0,0,0,0,0,0,0}}
]
14:29:40.587 [main] INFO  sudoku.model.SudokuBoard - Wartość 0 wstawiona nieprawidłowo
14:29:40.588 [main] INFO  sudoku.model.SudokuBoard - Bład w kwadracie 0
sudoku.model.SudokuBoard@283a8ad6[
  size=9
  solver=sudoku.model.BacktrackingSudokuSolver@59e082f8
  board={{9,2,6,1,4,3,5,7,8},{1,3,7,5,6,8,9,2,4},{8,4,5,7,9,2,1,6,3},{3,8,9,2,5,6,4,1,7},{2,1,4,3,8,7,6,5,9},{5,0,0,0,0,0,0,0,0},{0,0,0,0,0,0,0,0,0},{0,0,0,0,0,0,0,0,0},{0,0,0,0,0,0,0,0,0}}
]
14:29:40.588 [main] INFO  sudoku.model.SudokuBoard - Wartość 0 wstawiona nieprawidłowo
14:29:40.588 [main] INFO  sudoku.model.SudokuBoard - Bład w kwadracie 0
sudoku.model.SudokuBoard@283a8ad6[
  size=9
  solver=sudoku.model.BacktrackingSudokuSolver@59e082f8
  board={{9,2,6,1,4,3,5,7,8},{1,3,7,5,6,8,9,2,4},{8,4,5,7,9,2,1,6,3},{3,8,9,2,5,6,4,1,7},{2,1,4,3,8,7,6,5,9},{0,0,0,0,0,0,0,0,0},{0,0,0,0,0,0,0,0,0},{0,0,0,0,0,0,0,0,0},{0,0,0,0,0,0,0,0,0}}
]
14:29:40.588 [main] INFO  sudoku.model.SudokuBoard - Wartość 0 wstawiona nieprawidłowo
14:29:40.588 [main] INFO  sudoku.model.SudokuBoard - Bład w kwadracie 0
sudoku.model.SudokuBoard@283a8ad6[
  size=9
  solver=sudoku.model.BacktrackingSudokuSolver@59e082f8
  board={{9,2,6,1,4,3,5,7,8},{1,3,7,5,6,8,9,2,4},{8,4,5,7,9,2,1,6,3},{3,8,9,2,5,6,4,1,7},{2,1,4,3,8,7,6,5,9},{6,0,0,0,0,0,0,0,0},{0,0,0,0,0,0,0,0,0},{0,0,0,0,0,0,0,0,0},{0,0,0,0,0,0,0,0,0}}
]
14:29:40.588 [main] INFO  sudoku.model.SudokuBoard - Wartość 0 wstawiona nieprawidłowo
14:29:40.589 [main] INFO  sudoku.model.SudokuBoard - Bład w kwadracie 0
sudoku.model.SudokuBoard@283a8ad6[
  size=9
  solver=sudoku.model.BacktrackingSudokuSolver@59e082f8
  board={{9,2,6,1,4,3,5,7,8},{1,3,7,5,6,8,9,2,4},{8,4,5,7,9,2,1,6,3},{3,8,9,2,5,6,4,1,7},{2,1,4,3,8,7,6,5,9},{6,0,0,0,0,0,0,0,0},{0,0,0,0,0,0,0,0,0},{0,0,0,0,0,0,0,0,0},{0,0,0,0,0,0,0,0,0}}
]
14:29:40.589 [main] INFO  sudoku.model.SudokuBoard - Wartość 0 wstawiona nieprawidłowo
14:29:40.589 [main] INFO  sudoku.model.SudokuBoard - Bład w kwadracie 0
sudoku.model.SudokuBoard@283a8ad6[
  size=9
  solver=sudoku.model.BacktrackingSudokuSolver@59e082f8
  board={{9,2,6,1,4,3,5,7,8},{1,3,7,5,6,8,9,2,4},{8,4,5,7,9,2,1,6,3},{3,8,9,2,5,6,4,1,7},{2,1,4,3,8,7,6,5,9},{0,0,0,0,0,0,0,0,0},{0,0,0,0,0,0,0,0,0},{0,0,0,0,0,0,0,0,0},{0,0,0,0,0,0,0,0,0}}
]
14:29:40.589 [main] INFO  sudoku.model.SudokuBoard - Wartość 0 wstawiona nieprawidłowo
14:29:40.590 [main] INFO  sudoku.model.SudokuBoard - Bład w kwadracie 0
sudoku.model.SudokuBoard@283a8ad6[
  size=9
  solver=sudoku.model.BacktrackingSudokuSolver@59e082f8
  board={{9,2,6,1,4,3,5,7,8},{1,3,7,5,6,8,9,2,4},{8,4,5,7,9,2,1,6,3},{3,8,9,2,5,6,4,1,7},{2,1,4,3,8,7,6,5,9},{7,0,0,0,0,0,0,0,0},{0,0,0,0,0,0,0,0,0},{0,0,0,0,0,0,0,0,0},{0,0,0,0,0,0,0,0,0}}
]
14:29:40.590 [main] INFO  sudoku.model.SudokuBoard - Wartość 0 wstawiona nieprawidłowo
14:29:40.591 [main] INFO  sudoku.model.SudokuBoard - Bład w kwadracie 0
sudoku.model.SudokuBoard@283a8ad6[
  size=9
  solver=sudoku.model.BacktrackingSudokuSolver@59e082f8
  board={{9,2,6,1,4,3,5,7,8},{1,3,7,5,6,8,9,2,4},{8,4,5,7,9,2,1,6,3},{3,8,9,2,5,6,4,1,7},{2,1,4,3,8,7,6,5,9},{7,0,0,0,0,0,0,0,0},{0,0,0,0,0,0,0,0,0},{0,0,0,0,0,0,0,0,0},{0,0,0,0,0,0,0,0,0}}
]
14:29:40.591 [main] INFO  sudoku.model.SudokuBoard - Wartość 0 wstawiona nieprawidłowo
14:29:40.591 [main] INFO  sudoku.model.SudokuBoard - Bład w kwadracie 0
sudoku.model.SudokuBoard@283a8ad6[
  size=9
  solver=sudoku.model.BacktrackingSudokuSolver@59e082f8
  board={{9,2,6,1,4,3,5,7,8},{1,3,7,5,6,8,9,2,4},{8,4,5,7,9,2,1,6,3},{3,8,9,2,5,6,4,1,7},{2,1,4,3,8,7,6,5,9},{0,0,0,0,0,0,0,0,0},{0,0,0,0,0,0,0,0,0},{0,0,0,0,0,0,0,0,0},{0,0,0,0,0,0,0,0,0}}
]
14:29:40.592 [main] INFO  sudoku.model.SudokuBoard - Wartość 0 wstawiona nieprawidłowo
14:29:40.593 [main] INFO  sudoku.model.SudokuBoard - Bład w kwadracie 0
sudoku.model.SudokuBoard@283a8ad6[
  size=9
  solver=sudoku.model.BacktrackingSudokuSolver@59e082f8
  board={{9,2,6,1,4,3,5,7,8},{1,3,7,5,6,8,9,2,4},{8,4,5,7,9,2,1,6,3},{3,8,9,2,5,6,4,1,7},{2,1,4,3,8,7,6,5,0},{0,0,0,0,0,0,0,0,0},{0,0,0,0,0,0,0,0,0},{0,0,0,0,0,0,0,0,0},{0,0,0,0,0,0,0,0,0}}
]
14:29:40.593 [main] INFO  sudoku.model.SudokuBoard - Wartość 0 wstawiona nieprawidłowo
14:29:40.593 [main] INFO  sudoku.model.SudokuBoard - Bład w kwadracie 0
sudoku.model.SudokuBoard@283a8ad6[
  size=9
  solver=sudoku.model.BacktrackingSudokuSolver@59e082f8
  board={{9,2,6,1,4,3,5,7,8},{1,3,7,5,6,8,9,2,4},{8,4,5,7,9,2,1,6,3},{3,8,9,2,5,6,4,1,7},{2,1,4,3,8,7,6,0,0},{0,0,0,0,0,0,0,0,0},{0,0,0,0,0,0,0,0,0},{0,0,0,0,0,0,0,0,0},{0,0,0,0,0,0,0,0,0}}
]
14:29:40.593 [main] INFO  sudoku.model.SudokuBoard - Wartość 0 wstawiona nieprawidłowo
14:29:40.593 [main] INFO  sudoku.model.SudokuBoard - Bład w kwadracie 0
sudoku.model.SudokuBoard@283a8ad6[
  size=9
  solver=sudoku.model.BacktrackingSudokuSolver@59e082f8
  board={{9,2,6,1,4,3,5,7,8},{1,3,7,5,6,8,9,2,4},{8,4,5,7,9,2,1,6,3},{3,8,9,2,5,6,4,1,7},{2,1,4,3,8,7,6,9,5},{6,0,0,0,0,0,0,0,0},{0,0,0,0,0,0,0,0,0},{0,0,0,0,0,0,0,0,0},{0,0,0,0,0,0,0,0,0}}
]
14:29:40.593 [main] INFO  sudoku.model.SudokuBoard - Wartość 0 wstawiona nieprawidłowo
14:29:40.593 [main] INFO  sudoku.model.SudokuBoard - Bład w kwadracie 0
sudoku.model.SudokuBoard@283a8ad6[
  size=9
  solver=sudoku.model.BacktrackingSudokuSolver@59e082f8
  board={{9,2,6,1,4,3,5,7,8},{1,3,7,5,6,8,9,2,4},{8,4,5,7,9,2,1,6,3},{3,8,9,2,5,6,4,1,7},{2,1,4,3,8,7,6,9,5},{6,0,0,0,0,0,0,0,0},{0,0,0,0,0,0,0,0,0},{0,0,0,0,0,0,0,0,0},{0,0,0,0,0,0,0,0,0}}
]
14:29:40.593 [main] INFO  sudoku.model.SudokuBoard - Wartość 0 wstawiona nieprawidłowo
14:29:40.593 [main] INFO  sudoku.model.SudokuBoard - Bład w kwadracie 0
sudoku.model.SudokuBoard@283a8ad6[
  size=9
  solver=sudoku.model.BacktrackingSudokuSolver@59e082f8
  board={{9,2,6,1,4,3,5,7,8},{1,3,7,5,6,8,9,2,4},{8,4,5,7,9,2,1,6,3},{3,8,9,2,5,6,4,1,7},{2,1,4,3,8,7,6,9,5},{0,0,0,0,0,0,0,0,0},{0,0,0,0,0,0,0,0,0},{0,0,0,0,0,0,0,0,0},{0,0,0,0,0,0,0,0,0}}
]
14:29:40.593 [main] INFO  sudoku.model.SudokuBoard - Wartość 0 wstawiona nieprawidłowo
14:29:40.594 [main] INFO  sudoku.model.SudokuBoard - Bład w kwadracie 0
sudoku.model.SudokuBoard@283a8ad6[
  size=9
  solver=sudoku.model.BacktrackingSudokuSolver@59e082f8
  board={{9,2,6,1,4,3,5,7,8},{1,3,7,5,6,8,9,2,4},{8,4,5,7,9,2,1,6,3},{3,8,9,2,5,6,4,1,7},{2,1,4,3,8,7,6,9,5},{7,0,0,0,0,0,0,0,0},{0,0,0,0,0,0,0,0,0},{0,0,0,0,0,0,0,0,0},{0,0,0,0,0,0,0,0,0}}
]
14:29:40.594 [main] INFO  sudoku.model.SudokuBoard - Wartość 0 wstawiona nieprawidłowo
14:29:40.594 [main] INFO  sudoku.model.SudokuBoard - Bład w kwadracie 0
sudoku.model.SudokuBoard@283a8ad6[
  size=9
  solver=sudoku.model.BacktrackingSudokuSolver@59e082f8
  board={{9,2,6,1,4,3,5,7,8},{1,3,7,5,6,8,9,2,4},{8,4,5,7,9,2,1,6,3},{3,8,9,2,5,6,4,1,7},{2,1,4,3,8,7,6,9,5},{7,0,0,0,0,0,0,0,0},{0,0,0,0,0,0,0,0,0},{0,0,0,0,0,0,0,0,0},{0,0,0,0,0,0,0,0,0}}
]
14:29:40.594 [main] INFO  sudoku.model.SudokuBoard - Wartość 0 wstawiona nieprawidłowo
14:29:40.594 [main] INFO  sudoku.model.SudokuBoard - Bład w kwadracie 0
sudoku.model.SudokuBoard@283a8ad6[
  size=9
  solver=sudoku.model.BacktrackingSudokuSolver@59e082f8
  board={{9,2,6,1,4,3,5,7,8},{1,3,7,5,6,8,9,2,4},{8,4,5,7,9,2,1,6,3},{3,8,9,2,5,6,4,1,7},{2,1,4,3,8,7,6,9,5},{0,0,0,0,0,0,0,0,0},{0,0,0,0,0,0,0,0,0},{0,0,0,0,0,0,0,0,0},{0,0,0,0,0,0,0,0,0}}
]
14:29:40.594 [main] INFO  sudoku.model.SudokuBoard - Wartość 0 wstawiona nieprawidłowo
14:29:40.594 [main] INFO  sudoku.model.SudokuBoard - Bład w kwadracie 0
sudoku.model.SudokuBoard@283a8ad6[
  size=9
  solver=sudoku.model.BacktrackingSudokuSolver@59e082f8
  board={{9,2,6,1,4,3,5,7,8},{1,3,7,5,6,8,9,2,4},{8,4,5,7,9,2,1,6,3},{3,8,9,2,5,6,4,1,7},{2,1,4,3,8,7,6,9,5},{5,0,0,0,0,0,0,0,0},{0,0,0,0,0,0,0,0,0},{0,0,0,0,0,0,0,0,0},{0,0,0,0,0,0,0,0,0}}
]
14:29:40.594 [main] INFO  sudoku.model.SudokuBoard - Wartość 0 wstawiona nieprawidłowo
14:29:40.594 [main] INFO  sudoku.model.SudokuBoard - Bład w kwadracie 0
sudoku.model.SudokuBoard@283a8ad6[
  size=9
  solver=sudoku.model.BacktrackingSudokuSolver@59e082f8
  board={{9,2,6,1,4,3,5,7,8},{1,3,7,5,6,8,9,2,4},{8,4,5,7,9,2,1,6,3},{3,8,9,2,5,6,4,1,7},{2,1,4,3,8,7,6,9,5},{5,0,0,0,0,0,0,0,0},{0,0,0,0,0,0,0,0,0},{0,0,0,0,0,0,0,0,0},{0,0,0,0,0,0,0,0,0}}
]
14:29:40.594 [main] INFO  sudoku.model.SudokuBoard - Wartość 0 wstawiona nieprawidłowo
14:29:40.594 [main] INFO  sudoku.model.SudokuBoard - Bład w kwadracie 0
sudoku.model.SudokuBoard@283a8ad6[
  size=9
  solver=sudoku.model.BacktrackingSudokuSolver@59e082f8
  board={{9,2,6,1,4,3,5,7,8},{1,3,7,5,6,8,9,2,4},{8,4,5,7,9,2,1,6,3},{3,8,9,2,5,6,4,1,7},{2,1,4,3,8,7,6,9,5},{0,0,0,0,0,0,0,0,0},{0,0,0,0,0,0,0,0,0},{0,0,0,0,0,0,0,0,0},{0,0,0,0,0,0,0,0,0}}
]
14:29:40.594 [main] INFO  sudoku.model.SudokuBoard - Wartość 0 wstawiona nieprawidłowo
14:29:40.594 [main] INFO  sudoku.model.SudokuBoard - Bład w kwadracie 0
sudoku.model.SudokuBoard@283a8ad6[
  size=9
  solver=sudoku.model.BacktrackingSudokuSolver@59e082f8
  board={{9,2,6,1,4,3,5,7,8},{1,3,7,5,6,8,9,2,4},{8,4,5,7,9,2,1,6,3},{3,8,9,2,5,6,4,1,7},{2,1,4,3,8,7,6,9,0},{0,0,0,0,0,0,0,0,0},{0,0,0,0,0,0,0,0,0},{0,0,0,0,0,0,0,0,0},{0,0,0,0,0,0,0,0,0}}
]
14:29:40.594 [main] INFO  sudoku.model.SudokuBoard - Wartość 0 wstawiona nieprawidłowo
14:29:40.594 [main] INFO  sudoku.model.SudokuBoard - Bład w kwadracie 0
sudoku.model.SudokuBoard@283a8ad6[
  size=9
  solver=sudoku.model.BacktrackingSudokuSolver@59e082f8
  board={{9,2,6,1,4,3,5,7,8},{1,3,7,5,6,8,9,2,4},{8,4,5,7,9,2,1,6,3},{3,8,9,2,5,6,4,1,7},{2,1,4,3,8,7,6,0,0},{0,0,0,0,0,0,0,0,0},{0,0,0,0,0,0,0,0,0},{0,0,0,0,0,0,0,0,0},{0,0,0,0,0,0,0,0,0}}
]
14:29:40.595 [main] INFO  sudoku.model.SudokuBoard - Wartość 0 wstawiona nieprawidłowo
14:29:40.595 [main] INFO  sudoku.model.SudokuBoard - Bład w kwadracie 0
sudoku.model.SudokuBoard@283a8ad6[
  size=9
  solver=sudoku.model.BacktrackingSudokuSolver@59e082f8
  board={{9,2,6,1,4,3,5,7,8},{1,3,7,5,6,8,9,2,4},{8,4,5,7,9,2,1,6,3},{3,8,9,2,5,6,4,1,7},{2,1,4,3,8,7,0,0,0},{0,0,0,0,0,0,0,0,0},{0,0,0,0,0,0,0,0,0},{0,0,0,0,0,0,0,0,0},{0,0,0,0,0,0,0,0,0}}
]
14:29:40.595 [main] INFO  sudoku.model.SudokuBoard - Wartość 0 wstawiona nieprawidłowo
14:29:40.595 [main] INFO  sudoku.model.SudokuBoard - Bład w kwadracie 0
sudoku.model.SudokuBoard@283a8ad6[
  size=9
  solver=sudoku.model.BacktrackingSudokuSolver@59e082f8
  board={{9,2,6,1,4,3,5,7,8},{1,3,7,5,6,8,9,2,4},{8,4,5,7,9,2,1,6,3},{3,8,9,2,5,6,4,1,7},{2,1,4,3,8,0,0,0,0},{0,0,0,0,0,0,0,0,0},{0,0,0,0,0,0,0,0,0},{0,0,0,0,0,0,0,0,0},{0,0,0,0,0,0,0,0,0}}
]
14:29:40.595 [main] INFO  sudoku.model.SudokuBoard - Wartość 0 wstawiona nieprawidłowo
14:29:40.595 [main] INFO  sudoku.model.SudokuBoard - Bład w kwadracie 0
sudoku.model.SudokuBoard@283a8ad6[
  size=9
  solver=sudoku.model.BacktrackingSudokuSolver@59e082f8
  board={{9,2,6,1,4,3,5,7,8},{1,3,7,5,6,8,9,2,4},{8,4,5,7,9,2,1,6,3},{3,8,9,2,5,6,4,1,7},{2,1,4,3,8,9,6,0,0},{0,0,0,0,0,0,0,0,0},{0,0,0,0,0,0,0,0,0},{0,0,0,0,0,0,0,0,0},{0,0,0,0,0,0,0,0,0}}
]
14:29:40.595 [main] INFO  sudoku.model.SudokuBoard - Wartość 0 wstawiona nieprawidłowo
14:29:40.595 [main] INFO  sudoku.model.SudokuBoard - Bład w kwadracie 0
sudoku.model.SudokuBoard@283a8ad6[
  size=9
  solver=sudoku.model.BacktrackingSudokuSolver@59e082f8
  board={{9,2,6,1,4,3,5,7,8},{1,3,7,5,6,8,9,2,4},{8,4,5,7,9,2,1,6,3},{3,8,9,2,5,6,4,1,7},{2,1,4,3,8,9,0,0,0},{0,0,0,0,0,0,0,0,0},{0,0,0,0,0,0,0,0,0},{0,0,0,0,0,0,0,0,0},{0,0,0,0,0,0,0,0,0}}
]
14:29:40.595 [main] INFO  sudoku.model.SudokuBoard - Wartość 0 wstawiona nieprawidłowo
14:29:40.595 [main] INFO  sudoku.model.SudokuBoard - Bład w kwadracie 0
sudoku.model.SudokuBoard@283a8ad6[
  size=9
  solver=sudoku.model.BacktrackingSudokuSolver@59e082f8
  board={{9,2,6,1,4,3,5,7,8},{1,3,7,5,6,8,9,2,4},{8,4,5,7,9,2,1,6,3},{3,8,9,2,5,6,4,1,7},{2,1,4,3,8,0,0,0,0},{0,0,0,0,0,0,0,0,0},{0,0,0,0,0,0,0,0,0},{0,0,0,0,0,0,0,0,0},{0,0,0,0,0,0,0,0,0}}
]
14:29:40.595 [main] INFO  sudoku.model.SudokuBoard - Wartość 0 wstawiona nieprawidłowo
14:29:40.595 [main] INFO  sudoku.model.SudokuBoard - Bład w kwadracie 0
sudoku.model.SudokuBoard@283a8ad6[
  size=9
  solver=sudoku.model.BacktrackingSudokuSolver@59e082f8
  board={{9,2,6,1,4,3,5,7,8},{1,3,7,5,6,8,9,2,4},{8,4,5,7,9,2,1,6,3},{3,8,9,2,5,6,4,1,7},{2,1,4,3,0,0,0,0,0},{0,0,0,0,0,0,0,0,0},{0,0,0,0,0,0,0,0,0},{0,0,0,0,0,0,0,0,0},{0,0,0,0,0,0,0,0,0}}
]
14:29:40.595 [main] INFO  sudoku.model.SudokuBoard - Wartość 0 wstawiona nieprawidłowo
14:29:40.595 [main] INFO  sudoku.model.SudokuBoard - Bład w kwadracie 0
sudoku.model.SudokuBoard@283a8ad6[
  size=9
  solver=sudoku.model.BacktrackingSudokuSolver@59e082f8
  board={{9,2,6,1,4,3,5,7,8},{1,3,7,5,6,8,9,2,4},{8,4,5,7,9,2,1,6,3},{3,8,9,2,5,6,4,1,7},{2,1,4,0,0,0,0,0,0},{0,0,0,0,0,0,0,0,0},{0,0,0,0,0,0,0,0,0},{0,0,0,0,0,0,0,0,0},{0,0,0,0,0,0,0,0,0}}
]
14:29:40.595 [main] INFO  sudoku.model.SudokuBoard - Wartość 0 wstawiona nieprawidłowo
14:29:40.595 [main] INFO  sudoku.model.SudokuBoard - Bład w kwadracie 0
sudoku.model.SudokuBoard@283a8ad6[
  size=9
  solver=sudoku.model.BacktrackingSudokuSolver@59e082f8
  board={{9,2,6,1,4,3,5,7,8},{1,3,7,5,6,8,9,2,4},{8,4,5,7,9,2,1,6,3},{3,8,9,2,5,6,4,1,7},{2,1,0,0,0,0,0,0,0},{0,0,0,0,0,0,0,0,0},{0,0,0,0,0,0,0,0,0},{0,0,0,0,0,0,0,0,0},{0,0,0,0,0,0,0,0,0}}
]
14:29:40.596 [main] INFO  sudoku.model.SudokuBoard - Wartość 0 wstawiona nieprawidłowo
14:29:40.596 [main] INFO  sudoku.model.SudokuBoard - Bład w kwadracie 0
sudoku.model.SudokuBoard@283a8ad6[
  size=9
  solver=sudoku.model.BacktrackingSudokuSolver@59e082f8
  board={{9,2,6,1,4,3,5,7,8},{1,3,7,5,6,8,9,2,4},{8,4,5,7,9,2,1,6,3},{3,8,9,2,5,6,4,1,7},{2,0,0,0,0,0,0,0,0},{0,0,0,0,0,0,0,0,0},{0,0,0,0,0,0,0,0,0},{0,0,0,0,0,0,0,0,0},{0,0,0,0,0,0,0,0,0}}
]
14:29:40.596 [main] INFO  sudoku.model.SudokuBoard - Wartość 0 wstawiona nieprawidłowo
14:29:40.598 [main] INFO  sudoku.model.SudokuBoard - Bład w kwadracie 0
sudoku.model.SudokuBoard@283a8ad6[
  size=9
  solver=sudoku.model.BacktrackingSudokuSolver@59e082f8
  board={{9,2,6,1,4,3,5,7,8},{1,3,7,5,6,8,9,2,4},{8,4,5,7,9,2,1,6,3},{3,8,9,2,5,6,4,1,7},{2,5,1,4,3,7,6,8,9},{4,0,0,0,0,0,0,0,0},{0,0,0,0,0,0,0,0,0},{0,0,0,0,0,0,0,0,0},{0,0,0,0,0,0,0,0,0}}
]
14:29:40.598 [main] INFO  sudoku.model.SudokuBoard - Wartość 0 wstawiona nieprawidłowo
14:29:40.598 [main] INFO  sudoku.model.SudokuBoard - Bład w kwadracie 0
sudoku.model.SudokuBoard@283a8ad6[
  size=9
  solver=sudoku.model.BacktrackingSudokuSolver@59e082f8
  board={{9,2,6,1,4,3,5,7,8},{1,3,7,5,6,8,9,2,4},{8,4,5,7,9,2,1,6,3},{3,8,9,2,5,6,4,1,7},{2,5,1,4,3,7,6,8,9},{4,0,0,0,0,0,0,0,0},{0,0,0,0,0,0,0,0,0},{0,0,0,0,0,0,0,0,0},{0,0,0,0,0,0,0,0,0}}
]
14:29:40.598 [main] INFO  sudoku.model.SudokuBoard - Wartość 0 wstawiona nieprawidłowo
14:29:40.598 [main] INFO  sudoku.model.SudokuBoard - Bład w kwadracie 0
sudoku.model.SudokuBoard@283a8ad6[
  size=9
  solver=sudoku.model.BacktrackingSudokuSolver@59e082f8
  board={{9,2,6,1,4,3,5,7,8},{1,3,7,5,6,8,9,2,4},{8,4,5,7,9,2,1,6,3},{3,8,9,2,5,6,4,1,7},{2,5,1,4,3,7,6,8,9},{0,0,0,0,0,0,0,0,0},{0,0,0,0,0,0,0,0,0},{0,0,0,0,0,0,0,0,0},{0,0,0,0,0,0,0,0,0}}
]
14:29:40.598 [main] INFO  sudoku.model.SudokuBoard - Wartość 0 wstawiona nieprawidłowo
14:29:40.599 [main] INFO  sudoku.model.SudokuBoard - Bład w kwadracie 0
sudoku.model.SudokuBoard@283a8ad6[
  size=9
  solver=sudoku.model.BacktrackingSudokuSolver@59e082f8
  board={{9,2,6,1,4,3,5,7,8},{1,3,7,5,6,8,9,2,4},{8,4,5,7,9,2,1,6,3},{3,8,9,2,5,6,4,1,7},{2,5,1,4,3,7,6,8,9},{6,7,4,9,8,1,2,3,5},{4,6,8,3,7,0,0,0,0},{0,0,0,0,0,0,0,0,0},{0,0,0,0,0,0,0,0,0}}
]
14:29:40.599 [main] INFO  sudoku.model.SudokuBoard - Wartość 0 wstawiona nieprawidłowo
14:29:40.599 [main] INFO  sudoku.model.SudokuBoard - Bład w kwadracie 0
sudoku.model.SudokuBoard@283a8ad6[
  size=9
  solver=sudoku.model.BacktrackingSudokuSolver@59e082f8
  board={{9,2,6,1,4,3,5,7,8},{1,3,7,5,6,8,9,2,4},{8,4,5,7,9,2,1,6,3},{3,8,9,2,5,6,4,1,7},{2,5,1,4,3,7,6,8,9},{6,7,4,9,8,1,2,3,5},{4,6,8,3,7,0,0,0,0},{0,0,0,0,0,0,0,0,0},{0,0,0,0,0,0,0,0,0}}
]
14:29:40.599 [main] INFO  sudoku.model.SudokuBoard - Wartość 0 wstawiona nieprawidłowo
14:29:40.599 [main] INFO  sudoku.model.SudokuBoard - Bład w kwadracie 0
sudoku.model.SudokuBoard@283a8ad6[
  size=9
  solver=sudoku.model.BacktrackingSudokuSolver@59e082f8
  board={{9,2,6,1,4,3,5,7,8},{1,3,7,5,6,8,9,2,4},{8,4,5,7,9,2,1,6,3},{3,8,9,2,5,6,4,1,7},{2,5,1,4,3,7,6,8,9},{6,7,4,9,8,1,2,3,5},{4,6,8,3,0,0,0,0,0},{0,0,0,0,0,0,0,0,0},{0,0,0,0,0,0,0,0,0}}
]
14:29:40.599 [main] INFO  sudoku.model.SudokuBoard - Wartość 0 wstawiona nieprawidłowo
14:29:40.599 [main] INFO  sudoku.model.SudokuBoard - Bład w kwadracie 0
sudoku.model.SudokuBoard@283a8ad6[
  size=9
  solver=sudoku.model.BacktrackingSudokuSolver@59e082f8
  board={{9,2,6,1,4,3,5,7,8},{1,3,7,5,6,8,9,2,4},{8,4,5,7,9,2,1,6,3},{3,8,9,2,5,6,4,1,7},{2,5,1,4,3,7,6,8,9},{6,7,4,9,8,1,2,3,5},{4,6,8,3,1,9,7,5,2},{5,9,2,6,7,4,0,0,0},{0,0,0,0,0,0,0,0,0}}
]
14:29:40.599 [main] INFO  sudoku.model.SudokuBoard - Wartość 0 wstawiona nieprawidłowo
14:29:40.599 [main] INFO  sudoku.model.SudokuBoard - Bład w kwadracie 0
sudoku.model.SudokuBoard@283a8ad6[
  size=9
  solver=sudoku.model.BacktrackingSudokuSolver@59e082f8
  board={{9,2,6,1,4,3,5,7,8},{1,3,7,5,6,8,9,2,4},{8,4,5,7,9,2,1,6,3},{3,8,9,2,5,6,4,1,7},{2,5,1,4,3,7,6,8,9},{6,7,4,9,8,1,2,3,5},{4,6,8,3,1,9,7,5,2},{5,9,2,6,7,4,0,0,0},{0,0,0,0,0,0,0,0,0}}
]
14:29:40.599 [main] INFO  sudoku.model.SudokuBoard - Wartość 0 wstawiona nieprawidłowo
14:29:40.599 [main] INFO  sudoku.model.SudokuBoard - Bład w kwadracie 0
sudoku.model.SudokuBoard@283a8ad6[
  size=9
  solver=sudoku.model.BacktrackingSudokuSolver@59e082f8
  board={{9,2,6,1,4,3,5,7,8},{1,3,7,5,6,8,9,2,4},{8,4,5,7,9,2,1,6,3},{3,8,9,2,5,6,4,1,7},{2,5,1,4,3,7,6,8,9},{6,7,4,9,8,1,2,3,5},{4,6,8,3,1,9,7,5,2},{5,9,2,6,7,0,0,0,0},{0,0,0,0,0,0,0,0,0}}
]
14:29:40.600 [main] INFO  sudoku.model.SudokuBoard - Wartość 0 wstawiona nieprawidłowo
14:29:40.600 [main] INFO  sudoku.model.SudokuBoard - Bład w kwadracie 0
sudoku.model.SudokuBoard@283a8ad6[
  size=9
  solver=sudoku.model.BacktrackingSudokuSolver@59e082f8
  board={{9,2,6,1,4,3,5,7,8},{1,3,7,5,6,8,9,2,4},{8,4,5,7,9,2,1,6,3},{3,8,9,2,5,6,4,1,7},{2,5,1,4,3,7,6,8,9},{6,7,4,9,8,1,2,3,5},{4,6,8,3,1,9,7,5,2},{5,9,2,6,0,0,0,0,0},{0,0,0,0,0,0,0,0,0}}
]
14:29:40.600 [main] INFO  sudoku.model.SudokuBoard - Wartość 0 wstawiona nieprawidłowo
14:29:40.601 [main] INFO  sudoku.model.SudokuBoard - Bład w kwadracie 0
sudoku.model.SudokuBoard@283a8ad6[
  size=9
  solver=sudoku.model.BacktrackingSudokuSolver@59e082f8
  board={{9,2,6,1,4,3,5,7,8},{1,3,7,5,6,8,9,2,4},{8,4,5,7,9,2,1,6,3},{3,8,9,2,5,6,4,1,7},{2,5,1,4,3,7,6,8,9},{6,7,4,9,8,1,2,3,5},{4,6,8,3,1,9,7,5,2},{5,9,2,0,0,0,0,0,0},{0,0,0,0,0,0,0,0,0}}
]
14:29:40.601 [main] INFO  sudoku.model.SudokuBoard - Wartość 0 wstawiona nieprawidłowo
14:29:40.601 [main] INFO  sudoku.model.SudokuBoard - Bład w kwadracie 0
sudoku.model.SudokuBoard@283a8ad6[
  size=9
  solver=sudoku.model.BacktrackingSudokuSolver@59e082f8
  board={{9,2,6,1,4,3,5,7,8},{1,3,7,5,6,8,9,2,4},{8,4,5,7,9,2,1,6,3},{3,8,9,2,5,6,4,1,7},{2,5,1,4,3,7,6,8,9},{6,7,4,9,8,1,2,3,5},{4,6,8,3,1,9,7,5,2},{5,9,2,8,7,4,0,0,0},{0,0,0,0,0,0,0,0,0}}
]
14:29:40.601 [main] INFO  sudoku.model.SudokuBoard - Wartość 0 wstawiona nieprawidłowo
14:29:40.601 [main] INFO  sudoku.model.SudokuBoard - Bład w kwadracie 0
sudoku.model.SudokuBoard@283a8ad6[
  size=9
  solver=sudoku.model.BacktrackingSudokuSolver@59e082f8
  board={{9,2,6,1,4,3,5,7,8},{1,3,7,5,6,8,9,2,4},{8,4,5,7,9,2,1,6,3},{3,8,9,2,5,6,4,1,7},{2,5,1,4,3,7,6,8,9},{6,7,4,9,8,1,2,3,5},{4,6,8,3,1,9,7,5,2},{5,9,2,8,7,0,0,0,0},{0,0,0,0,0,0,0,0,0}}
]
14:29:40.601 [main] INFO  sudoku.model.SudokuBoard - Wartość 0 wstawiona nieprawidłowo
14:29:40.601 [main] INFO  sudoku.model.SudokuBoard - Bład w kwadracie 0
sudoku.model.SudokuBoard@283a8ad6[
  size=9
  solver=sudoku.model.BacktrackingSudokuSolver@59e082f8
  board={{9,2,6,1,4,3,5,7,8},{1,3,7,5,6,8,9,2,4},{8,4,5,7,9,2,1,6,3},{3,8,9,2,5,6,4,1,7},{2,5,1,4,3,7,6,8,9},{6,7,4,9,8,1,2,3,5},{4,6,8,3,1,9,7,5,2},{5,9,2,8,0,0,0,0,0},{0,0,0,0,0,0,0,0,0}}
]
14:29:40.601 [main] INFO  sudoku.model.SudokuBoard - Wartość 0 wstawiona nieprawidłowo
14:29:40.602 [main] INFO  sudoku.model.SudokuBoard - Bład w kwadracie 0
sudoku.model.SudokuBoard@283a8ad6[
  size=9
  solver=sudoku.model.BacktrackingSudokuSolver@59e082f8
  board={{9,2,6,1,4,3,5,7,8},{1,3,7,5,6,8,9,2,4},{8,4,5,7,9,2,1,6,3},{3,8,9,2,5,6,4,1,7},{2,5,1,4,3,7,6,8,9},{6,7,4,9,8,1,2,3,5},{4,6,8,3,1,9,7,5,2},{5,9,2,0,0,0,0,0,0},{0,0,0,0,0,0,0,0,0}}
]
14:29:40.602 [main] INFO  sudoku.model.SudokuBoard - Wartość 0 wstawiona nieprawidłowo
14:29:40.602 [main] INFO  sudoku.model.SudokuBoard - Bład w kwadracie 0
sudoku.model.SudokuBoard@283a8ad6[
  size=9
  solver=sudoku.model.BacktrackingSudokuSolver@59e082f8
  board={{9,2,6,1,4,3,5,7,8},{1,3,7,5,6,8,9,2,4},{8,4,5,7,9,2,1,6,3},{3,8,9,2,5,6,4,1,7},{2,5,1,4,3,7,6,8,9},{6,7,4,9,8,1,2,3,5},{4,6,8,3,1,9,7,5,2},{5,9,0,0,0,0,0,0,0},{0,0,0,0,0,0,0,0,0}}
]
14:29:40.602 [main] INFO  sudoku.model.SudokuBoard - Wartość 0 wstawiona nieprawidłowo
14:29:40.605 [main] INFO  sudoku.model.SudokuBoard - Bład w kwadracie 0
sudoku.model.SudokuBoard@283a8ad6[
  size=9
  solver=sudoku.model.BacktrackingSudokuSolver@59e082f8
  board={{9,2,6,1,4,3,5,7,8},{1,3,7,5,6,8,9,2,4},{8,4,5,7,9,2,1,6,3},{3,8,9,2,5,6,4,1,7},{2,5,1,4,3,7,6,8,9},{6,7,4,9,8,1,2,3,5},{4,6,8,3,1,9,7,5,2},{5,9,3,6,2,4,0,0,0},{0,0,0,0,0,0,0,0,0}}
]
14:29:40.606 [main] INFO  sudoku.model.SudokuBoard - Wartość 0 wstawiona nieprawidłowo
14:29:40.606 [main] INFO  sudoku.model.SudokuBoard - Bład w kwadracie 0
sudoku.model.SudokuBoard@283a8ad6[
  size=9
  solver=sudoku.model.BacktrackingSudokuSolver@59e082f8
  board={{9,2,6,1,4,3,5,7,8},{1,3,7,5,6,8,9,2,4},{8,4,5,7,9,2,1,6,3},{3,8,9,2,5,6,4,1,7},{2,5,1,4,3,7,6,8,9},{6,7,4,9,8,1,2,3,5},{4,6,8,3,1,9,7,5,2},{5,9,3,6,2,0,0,0,0},{0,0,0,0,0,0,0,0,0}}
]
14:29:40.606 [main] INFO  sudoku.model.SudokuBoard - Wartość 0 wstawiona nieprawidłowo
14:29:40.606 [main] INFO  sudoku.model.SudokuBoard - Bład w kwadracie 0
sudoku.model.SudokuBoard@283a8ad6[
  size=9
  solver=sudoku.model.BacktrackingSudokuSolver@59e082f8
  board={{9,2,6,1,4,3,5,7,8},{1,3,7,5,6,8,9,2,4},{8,4,5,7,9,2,1,6,3},{3,8,9,2,5,6,4,1,7},{2,5,1,4,3,7,6,8,9},{6,7,4,9,8,1,2,3,5},{4,6,8,3,1,9,7,5,2},{5,9,3,6,0,0,0,0,0},{0,0,0,0,0,0,0,0,0}}
]
14:29:40.606 [main] INFO  sudoku.model.SudokuBoard - Wartość 0 wstawiona nieprawidłowo
14:29:40.606 [main] INFO  sudoku.model.SudokuBoard - Bład w kwadracie 0
sudoku.model.SudokuBoard@283a8ad6[
  size=9
  solver=sudoku.model.BacktrackingSudokuSolver@59e082f8
  board={{9,2,6,1,4,3,5,7,8},{1,3,7,5,6,8,9,2,4},{8,4,5,7,9,2,1,6,3},{3,8,9,2,5,6,4,1,7},{2,5,1,4,3,7,6,8,9},{6,7,4,9,8,1,2,3,5},{4,6,8,3,1,9,7,5,2},{5,9,3,6,7,4,0,0,0},{0,0,0,0,0,0,0,0,0}}
]
14:29:40.606 [main] INFO  sudoku.model.SudokuBoard - Wartość 0 wstawiona nieprawidłowo
14:29:40.606 [main] INFO  sudoku.model.SudokuBoard - Bład w kwadracie 0
sudoku.model.SudokuBoard@283a8ad6[
  size=9
  solver=sudoku.model.BacktrackingSudokuSolver@59e082f8
  board={{9,2,6,1,4,3,5,7,8},{1,3,7,5,6,8,9,2,4},{8,4,5,7,9,2,1,6,3},{3,8,9,2,5,6,4,1,7},{2,5,1,4,3,7,6,8,9},{6,7,4,9,8,1,2,3,5},{4,6,8,3,1,9,7,5,2},{5,9,3,6,7,0,0,0,0},{0,0,0,0,0,0,0,0,0}}
]
14:29:40.606 [main] INFO  sudoku.model.SudokuBoard - Wartość 0 wstawiona nieprawidłowo
14:29:40.607 [main] INFO  sudoku.model.SudokuBoard - Bład w kwadracie 0
sudoku.model.SudokuBoard@283a8ad6[
  size=9
  solver=sudoku.model.BacktrackingSudokuSolver@59e082f8
  board={{9,2,6,1,4,3,5,7,8},{1,3,7,5,6,8,9,2,4},{8,4,5,7,9,2,1,6,3},{3,8,9,2,5,6,4,1,7},{2,5,1,4,3,7,6,8,9},{6,7,4,9,8,1,2,3,5},{4,6,8,3,1,9,7,5,2},{5,9,3,6,0,0,0,0,0},{0,0,0,0,0,0,0,0,0}}
]
14:29:40.607 [main] INFO  sudoku.model.SudokuBoard - Wartość 0 wstawiona nieprawidłowo
14:29:40.607 [main] INFO  sudoku.model.SudokuBoard - Bład w kwadracie 0
sudoku.model.SudokuBoard@283a8ad6[
  size=9
  solver=sudoku.model.BacktrackingSudokuSolver@59e082f8
  board={{9,2,6,1,4,3,5,7,8},{1,3,7,5,6,8,9,2,4},{8,4,5,7,9,2,1,6,3},{3,8,9,2,5,6,4,1,7},{2,5,1,4,3,7,6,8,9},{6,7,4,9,8,1,2,3,5},{4,6,8,3,1,9,7,5,2},{5,9,3,0,0,0,0,0,0},{0,0,0,0,0,0,0,0,0}}
]
14:29:40.607 [main] INFO  sudoku.model.SudokuBoard - Wartość 0 wstawiona nieprawidłowo
14:29:40.607 [main] INFO  sudoku.model.SudokuBoard - Bład w kwadracie 0
sudoku.model.SudokuBoard@283a8ad6[
  size=9
  solver=sudoku.model.BacktrackingSudokuSolver@59e082f8
  board={{9,2,6,1,4,3,5,7,8},{1,3,7,5,6,8,9,2,4},{8,4,5,7,9,2,1,6,3},{3,8,9,2,5,6,4,1,7},{2,5,1,4,3,7,6,8,9},{6,7,4,9,8,1,2,3,5},{4,6,8,3,1,9,7,5,2},{5,9,3,8,2,0,0,0,0},{0,0,0,0,0,0,0,0,0}}
]
14:29:40.607 [main] INFO  sudoku.model.SudokuBoard - Wartość 0 wstawiona nieprawidłowo
14:29:40.607 [main] INFO  sudoku.model.SudokuBoard - Bład w kwadracie 0
sudoku.model.SudokuBoard@283a8ad6[
  size=9
  solver=sudoku.model.BacktrackingSudokuSolver@59e082f8
  board={{9,2,6,1,4,3,5,7,8},{1,3,7,5,6,8,9,2,4},{8,4,5,7,9,2,1,6,3},{3,8,9,2,5,6,4,1,7},{2,5,1,4,3,7,6,8,9},{6,7,4,9,8,1,2,3,5},{4,6,8,3,1,9,7,5,2},{5,9,3,8,0,0,0,0,0},{0,0,0,0,0,0,0,0,0}}
]
14:29:40.607 [main] INFO  sudoku.model.SudokuBoard - Wartość 0 wstawiona nieprawidłowo
14:29:40.607 [main] INFO  sudoku.model.SudokuBoard - Bład w kwadracie 0
sudoku.model.SudokuBoard@283a8ad6[
  size=9
  solver=sudoku.model.BacktrackingSudokuSolver@59e082f8
  board={{9,2,6,1,4,3,5,7,8},{1,3,7,5,6,8,9,2,4},{8,4,5,7,9,2,1,6,3},{3,8,9,2,5,6,4,1,7},{2,5,1,4,3,7,6,8,9},{6,7,4,9,8,1,2,3,5},{4,6,8,3,1,9,7,5,2},{5,9,3,8,7,0,0,0,0},{0,0,0,0,0,0,0,0,0}}
]
14:29:40.607 [main] INFO  sudoku.model.SudokuBoard - Wartość 0 wstawiona nieprawidłowo
14:29:40.607 [main] INFO  sudoku.model.SudokuBoard - Bład w kwadracie 0
sudoku.model.SudokuBoard@283a8ad6[
  size=9
  solver=sudoku.model.BacktrackingSudokuSolver@59e082f8
  board={{9,2,6,1,4,3,5,7,8},{1,3,7,5,6,8,9,2,4},{8,4,5,7,9,2,1,6,3},{3,8,9,2,5,6,4,1,7},{2,5,1,4,3,7,6,8,9},{6,7,4,9,8,1,2,3,5},{4,6,8,3,1,9,7,5,2},{5,9,3,8,0,0,0,0,0},{0,0,0,0,0,0,0,0,0}}
]
14:29:40.607 [main] INFO  sudoku.model.SudokuBoard - Wartość 0 wstawiona nieprawidłowo
14:29:40.608 [main] INFO  sudoku.model.SudokuBoard - Bład w kwadracie 0
sudoku.model.SudokuBoard@283a8ad6[
  size=9
  solver=sudoku.model.BacktrackingSudokuSolver@59e082f8
  board={{9,2,6,1,4,3,5,7,8},{1,3,7,5,6,8,9,2,4},{8,4,5,7,9,2,1,6,3},{3,8,9,2,5,6,4,1,7},{2,5,1,4,3,7,6,8,9},{6,7,4,9,8,1,2,3,5},{4,6,8,3,1,9,7,5,2},{5,9,3,0,0,0,0,0,0},{0,0,0,0,0,0,0,0,0}}
]
14:29:40.608 [main] INFO  sudoku.model.SudokuBoard - Wartość 0 wstawiona nieprawidłowo
14:29:40.608 [main] INFO  sudoku.model.SudokuBoard - Bład w kwadracie 0
sudoku.model.SudokuBoard@283a8ad6[
  size=9
  solver=sudoku.model.BacktrackingSudokuSolver@59e082f8
  board={{9,2,6,1,4,3,5,7,8},{1,3,7,5,6,8,9,2,4},{8,4,5,7,9,2,1,6,3},{3,8,9,2,5,6,4,1,7},{2,5,1,4,3,7,6,8,9},{6,7,4,9,8,1,2,3,5},{4,6,8,3,1,9,7,5,2},{5,9,0,0,0,0,0,0,0},{0,0,0,0,0,0,0,0,0}}
]
14:29:40.608 [main] INFO  sudoku.model.SudokuBoard - Wartość 0 wstawiona nieprawidłowo
14:29:40.609 [main] INFO  sudoku.model.SudokuBoard - Bład w kwadracie 0
sudoku.model.SudokuBoard@283a8ad6[
  size=9
  solver=sudoku.model.BacktrackingSudokuSolver@59e082f8
  board={{9,2,6,1,4,3,5,7,8},{1,3,7,5,6,8,9,2,4},{8,4,5,7,9,2,1,6,3},{3,8,9,2,5,6,4,1,7},{2,5,1,4,3,7,6,8,9},{6,7,4,9,8,1,2,3,5},{4,6,8,3,1,9,7,5,2},{5,0,0,0,0,0,0,0,0},{0,0,0,0,0,0,0,0,0}}
]
14:29:40.609 [main] INFO  sudoku.model.SudokuBoard - Wartość 0 wstawiona nieprawidłowo
14:29:40.609 [main] INFO  sudoku.model.SudokuBoard - Bład w kwadracie 0
sudoku.model.SudokuBoard@283a8ad6[
  size=9
  solver=sudoku.model.BacktrackingSudokuSolver@59e082f8
  board={{1,2,6,1,4,3,5,7,8},{1,3,7,5,6,8,9,2,4},{8,4,5,7,9,2,1,6,3},{3,8,9,2,5,6,4,1,7},{2,5,1,4,3,7,6,8,9},{6,7,4,9,8,1,2,3,5},{4,6,8,3,1,9,7,5,2},{5,1,2,8,7,4,3,9,6},{7,9,3,6,2,5,8,4,1}}
]
14:29:40.609 [main] INFO  sudoku.model.SudokuBoard - Wartość 1 wstawiona nieprawidłowo
14:29:40.609 [main] INFO  sudoku.model.SudokuBoard - Bład w kwadracie 0
sudoku.model.SudokuBoard@283a8ad6[
  size=9
  solver=sudoku.model.BacktrackingSudokuSolver@59e082f8
  board={{1,1,6,1,4,3,5,7,8},{1,3,7,5,6,8,9,2,4},{8,4,5,7,9,2,1,6,3},{3,8,9,2,5,6,4,1,7},{2,5,1,4,3,7,6,8,9},{6,7,4,9,8,1,2,3,5},{4,6,8,3,1,9,7,5,2},{5,1,2,8,7,4,3,9,6},{7,9,3,6,2,5,8,4,1}}
]
14:29:40.609 [main] INFO  sudoku.model.SudokuBoard - Wartość 1 wstawiona nieprawidłowo
14:29:40.614 [main] INFO  sudoku.model.SudokuBoard - Bład w kwadracie 0
sudoku.model.SudokuBoard@273dec10[
  size=9
  solver=sudoku.model.BacktrackingSudokuSolver@59e082f8
  board={{1,1,6,1,4,3,5,7,8},{1,3,7,5,6,8,9,2,4},{8,4,5,7,9,2,1,6,3},{3,8,9,2,5,6,4,1,7},{2,5,1,4,3,7,6,8,9},{6,7,4,9,8,1,2,3,5},{4,6,8,3,1,9,7,5,2},{5,1,2,8,7,4,3,9,6},{7,9,3,6,2,5,8,4,1}}
]
]]></system-out>
  </testcase>
  <testcase name="testEqualsDiffrentInstance" classname="sudoku.model.SudokuBoardTest" time="0.004"/>
  <testcase name="cloneTest" classname="sudoku.model.SudokuBoardTest" time="0.029">
    <system-out><![CDATA[14:29:40.623 [main] INFO  sudoku.model.SudokuBoard - Bład w kwadracie 0
sudoku.model.SudokuBoard@7cca31fc[
  size=9
  solver=sudoku.model.BacktrackingSudokuSolver@619c3546
  board={{7,4,8,9,1,2,3,5,6},{2,9,1,4,8,3,0,0,0},{0,0,0,0,0,0,0,0,0},{0,0,0,0,0,0,0,0,0},{0,0,0,0,0,0,0,0,0},{0,0,0,0,0,0,0,0,0},{0,0,0,0,0,0,0,0,0},{0,0,0,0,0,0,0,0,0},{0,0,0,0,0,0,0,0,0}}
]
14:29:40.623 [main] INFO  sudoku.model.SudokuBoard - Wartość 0 wstawiona nieprawidłowo
14:29:40.624 [main] INFO  sudoku.model.SudokuBoard - Bład w kwadracie 0
sudoku.model.SudokuBoard@7cca31fc[
  size=9
  solver=sudoku.model.BacktrackingSudokuSolver@619c3546
  board={{7,4,8,9,1,2,3,5,6},{2,9,1,4,8,0,0,0,0},{0,0,0,0,0,0,0,0,0},{0,0,0,0,0,0,0,0,0},{0,0,0,0,0,0,0,0,0},{0,0,0,0,0,0,0,0,0},{0,0,0,0,0,0,0,0,0},{0,0,0,0,0,0,0,0,0},{0,0,0,0,0,0,0,0,0}}
]
14:29:40.624 [main] INFO  sudoku.model.SudokuBoard - Wartość 0 wstawiona nieprawidłowo
14:29:40.624 [main] INFO  sudoku.model.SudokuBoard - Bład w kwadracie 0
sudoku.model.SudokuBoard@7cca31fc[
  size=9
  solver=sudoku.model.BacktrackingSudokuSolver@619c3546
  board={{7,4,8,9,1,2,3,5,6},{2,9,1,4,8,5,0,0,0},{0,0,0,0,0,0,0,0,0},{0,0,0,0,0,0,0,0,0},{0,0,0,0,0,0,0,0,0},{0,0,0,0,0,0,0,0,0},{0,0,0,0,0,0,0,0,0},{0,0,0,0,0,0,0,0,0},{0,0,0,0,0,0,0,0,0}}
]
14:29:40.624 [main] INFO  sudoku.model.SudokuBoard - Wartość 0 wstawiona nieprawidłowo
14:29:40.624 [main] INFO  sudoku.model.SudokuBoard - Bład w kwadracie 0
sudoku.model.SudokuBoard@7cca31fc[
  size=9
  solver=sudoku.model.BacktrackingSudokuSolver@619c3546
  board={{7,4,8,9,1,2,3,5,6},{2,9,1,4,8,0,0,0,0},{0,0,0,0,0,0,0,0,0},{0,0,0,0,0,0,0,0,0},{0,0,0,0,0,0,0,0,0},{0,0,0,0,0,0,0,0,0},{0,0,0,0,0,0,0,0,0},{0,0,0,0,0,0,0,0,0},{0,0,0,0,0,0,0,0,0}}
]
14:29:40.624 [main] INFO  sudoku.model.SudokuBoard - Wartość 0 wstawiona nieprawidłowo
14:29:40.624 [main] INFO  sudoku.model.SudokuBoard - Bład w kwadracie 0
sudoku.model.SudokuBoard@7cca31fc[
  size=9
  solver=sudoku.model.BacktrackingSudokuSolver@619c3546
  board={{7,4,8,9,1,2,3,5,6},{2,9,1,4,8,6,0,0,0},{0,0,0,0,0,0,0,0,0},{0,0,0,0,0,0,0,0,0},{0,0,0,0,0,0,0,0,0},{0,0,0,0,0,0,0,0,0},{0,0,0,0,0,0,0,0,0},{0,0,0,0,0,0,0,0,0},{0,0,0,0,0,0,0,0,0}}
]
14:29:40.624 [main] INFO  sudoku.model.SudokuBoard - Wartość 0 wstawiona nieprawidłowo
14:29:40.624 [main] INFO  sudoku.model.SudokuBoard - Bład w kwadracie 0
sudoku.model.SudokuBoard@7cca31fc[
  size=9
  solver=sudoku.model.BacktrackingSudokuSolver@619c3546
  board={{7,4,8,9,1,2,3,5,6},{2,9,1,4,8,0,0,0,0},{0,0,0,0,0,0,0,0,0},{0,0,0,0,0,0,0,0,0},{0,0,0,0,0,0,0,0,0},{0,0,0,0,0,0,0,0,0},{0,0,0,0,0,0,0,0,0},{0,0,0,0,0,0,0,0,0},{0,0,0,0,0,0,0,0,0}}
]
14:29:40.624 [main] INFO  sudoku.model.SudokuBoard - Wartość 0 wstawiona nieprawidłowo
14:29:40.624 [main] INFO  sudoku.model.SudokuBoard - Bład w kwadracie 0
sudoku.model.SudokuBoard@7cca31fc[
  size=9
  solver=sudoku.model.BacktrackingSudokuSolver@619c3546
  board={{7,4,8,9,1,2,3,5,6},{2,9,1,4,8,0,0,0,0},{0,0,0,0,0,0,0,0,0},{0,0,0,0,0,0,0,0,0},{0,0,0,0,0,0,0,0,0},{0,0,0,0,0,0,0,0,0},{0,0,0,0,0,0,0,0,0},{0,0,0,0,0,0,0,0,0},{0,0,0,0,0,0,0,0,0}}
]
14:29:40.624 [main] INFO  sudoku.model.SudokuBoard - Wartość 0 wstawiona nieprawidłowo
14:29:40.625 [main] INFO  sudoku.model.SudokuBoard - Bład w kwadracie 0
sudoku.model.SudokuBoard@7cca31fc[
  size=9
  solver=sudoku.model.BacktrackingSudokuSolver@619c3546
  board={{7,4,8,9,1,2,3,5,6},{2,9,1,4,0,0,0,0,0},{0,0,0,0,0,0,0,0,0},{0,0,0,0,0,0,0,0,0},{0,0,0,0,0,0,0,0,0},{0,0,0,0,0,0,0,0,0},{0,0,0,0,0,0,0,0,0},{0,0,0,0,0,0,0,0,0},{0,0,0,0,0,0,0,0,0}}
]
14:29:40.625 [main] INFO  sudoku.model.SudokuBoard - Wartość 0 wstawiona nieprawidłowo
14:29:40.625 [main] INFO  sudoku.model.SudokuBoard - Bład w kwadracie 0
sudoku.model.SudokuBoard@7cca31fc[
  size=9
  solver=sudoku.model.BacktrackingSudokuSolver@619c3546
  board={{7,4,8,9,1,2,3,5,6},{2,9,1,4,3,5,7,0,0},{0,0,0,0,0,0,0,0,0},{0,0,0,0,0,0,0,0,0},{0,0,0,0,0,0,0,0,0},{0,0,0,0,0,0,0,0,0},{0,0,0,0,0,0,0,0,0},{0,0,0,0,0,0,0,0,0},{0,0,0,0,0,0,0,0,0}}
]
14:29:40.625 [main] INFO  sudoku.model.SudokuBoard - Wartość 0 wstawiona nieprawidłowo
14:29:40.625 [main] INFO  sudoku.model.SudokuBoard - Bład w kwadracie 0
sudoku.model.SudokuBoard@7cca31fc[
  size=9
  solver=sudoku.model.BacktrackingSudokuSolver@619c3546
  board={{7,4,8,9,1,2,3,5,6},{2,9,1,4,3,5,0,0,0},{0,0,0,0,0,0,0,0,0},{0,0,0,0,0,0,0,0,0},{0,0,0,0,0,0,0,0,0},{0,0,0,0,0,0,0,0,0},{0,0,0,0,0,0,0,0,0},{0,0,0,0,0,0,0,0,0},{0,0,0,0,0,0,0,0,0}}
]
14:29:40.625 [main] INFO  sudoku.model.SudokuBoard - Wartość 0 wstawiona nieprawidłowo
14:29:40.625 [main] INFO  sudoku.model.SudokuBoard - Bład w kwadracie 0
sudoku.model.SudokuBoard@7cca31fc[
  size=9
  solver=sudoku.model.BacktrackingSudokuSolver@619c3546
  board={{7,4,8,9,1,2,3,5,6},{2,9,1,4,3,5,8,0,0},{0,0,0,0,0,0,0,0,0},{0,0,0,0,0,0,0,0,0},{0,0,0,0,0,0,0,0,0},{0,0,0,0,0,0,0,0,0},{0,0,0,0,0,0,0,0,0},{0,0,0,0,0,0,0,0,0},{0,0,0,0,0,0,0,0,0}}
]
14:29:40.625 [main] INFO  sudoku.model.SudokuBoard - Wartość 0 wstawiona nieprawidłowo
14:29:40.625 [main] INFO  sudoku.model.SudokuBoard - Bład w kwadracie 0
sudoku.model.SudokuBoard@7cca31fc[
  size=9
  solver=sudoku.model.BacktrackingSudokuSolver@619c3546
  board={{7,4,8,9,1,2,3,5,6},{2,9,1,4,3,5,0,0,0},{0,0,0,0,0,0,0,0,0},{0,0,0,0,0,0,0,0,0},{0,0,0,0,0,0,0,0,0},{0,0,0,0,0,0,0,0,0},{0,0,0,0,0,0,0,0,0},{0,0,0,0,0,0,0,0,0},{0,0,0,0,0,0,0,0,0}}
]
14:29:40.625 [main] INFO  sudoku.model.SudokuBoard - Wartość 0 wstawiona nieprawidłowo
14:29:40.625 [main] INFO  sudoku.model.SudokuBoard - Bład w kwadracie 0
sudoku.model.SudokuBoard@7cca31fc[
  size=9
  solver=sudoku.model.BacktrackingSudokuSolver@619c3546
  board={{7,4,8,9,1,2,3,5,6},{2,9,1,4,3,0,0,0,0},{0,0,0,0,0,0,0,0,0},{0,0,0,0,0,0,0,0,0},{0,0,0,0,0,0,0,0,0},{0,0,0,0,0,0,0,0,0},{0,0,0,0,0,0,0,0,0},{0,0,0,0,0,0,0,0,0},{0,0,0,0,0,0,0,0,0}}
]
14:29:40.625 [main] INFO  sudoku.model.SudokuBoard - Wartość 0 wstawiona nieprawidłowo
14:29:40.626 [main] INFO  sudoku.model.SudokuBoard - Bład w kwadracie 0
sudoku.model.SudokuBoard@7cca31fc[
  size=9
  solver=sudoku.model.BacktrackingSudokuSolver@619c3546
  board={{7,4,8,9,1,2,3,5,6},{2,9,1,4,3,6,7,0,0},{0,0,0,0,0,0,0,0,0},{0,0,0,0,0,0,0,0,0},{0,0,0,0,0,0,0,0,0},{0,0,0,0,0,0,0,0,0},{0,0,0,0,0,0,0,0,0},{0,0,0,0,0,0,0,0,0},{0,0,0,0,0,0,0,0,0}}
]
14:29:40.626 [main] INFO  sudoku.model.SudokuBoard - Wartość 0 wstawiona nieprawidłowo
14:29:40.626 [main] INFO  sudoku.model.SudokuBoard - Bład w kwadracie 0
sudoku.model.SudokuBoard@7cca31fc[
  size=9
  solver=sudoku.model.BacktrackingSudokuSolver@619c3546
  board={{7,4,8,9,1,2,3,5,6},{2,9,1,4,3,6,0,0,0},{0,0,0,0,0,0,0,0,0},{0,0,0,0,0,0,0,0,0},{0,0,0,0,0,0,0,0,0},{0,0,0,0,0,0,0,0,0},{0,0,0,0,0,0,0,0,0},{0,0,0,0,0,0,0,0,0},{0,0,0,0,0,0,0,0,0}}
]
14:29:40.626 [main] INFO  sudoku.model.SudokuBoard - Wartość 0 wstawiona nieprawidłowo
14:29:40.626 [main] INFO  sudoku.model.SudokuBoard - Bład w kwadracie 0
sudoku.model.SudokuBoard@7cca31fc[
  size=9
  solver=sudoku.model.BacktrackingSudokuSolver@619c3546
  board={{7,4,8,9,1,2,3,5,6},{2,9,1,4,3,6,8,0,0},{0,0,0,0,0,0,0,0,0},{0,0,0,0,0,0,0,0,0},{0,0,0,0,0,0,0,0,0},{0,0,0,0,0,0,0,0,0},{0,0,0,0,0,0,0,0,0},{0,0,0,0,0,0,0,0,0},{0,0,0,0,0,0,0,0,0}}
]
14:29:40.626 [main] INFO  sudoku.model.SudokuBoard - Wartość 0 wstawiona nieprawidłowo
14:29:40.626 [main] INFO  sudoku.model.SudokuBoard - Bład w kwadracie 0
sudoku.model.SudokuBoard@7cca31fc[
  size=9
  solver=sudoku.model.BacktrackingSudokuSolver@619c3546
  board={{7,4,8,9,1,2,3,5,6},{2,9,1,4,3,6,0,0,0},{0,0,0,0,0,0,0,0,0},{0,0,0,0,0,0,0,0,0},{0,0,0,0,0,0,0,0,0},{0,0,0,0,0,0,0,0,0},{0,0,0,0,0,0,0,0,0},{0,0,0,0,0,0,0,0,0},{0,0,0,0,0,0,0,0,0}}
]
14:29:40.626 [main] INFO  sudoku.model.SudokuBoard - Wartość 0 wstawiona nieprawidłowo
14:29:40.626 [main] INFO  sudoku.model.SudokuBoard - Bład w kwadracie 0
sudoku.model.SudokuBoard@7cca31fc[
  size=9
  solver=sudoku.model.BacktrackingSudokuSolver@619c3546
  board={{7,4,8,9,1,2,3,5,6},{2,9,1,4,3,0,0,0,0},{0,0,0,0,0,0,0,0,0},{0,0,0,0,0,0,0,0,0},{0,0,0,0,0,0,0,0,0},{0,0,0,0,0,0,0,0,0},{0,0,0,0,0,0,0,0,0},{0,0,0,0,0,0,0,0,0},{0,0,0,0,0,0,0,0,0}}
]
14:29:40.626 [main] INFO  sudoku.model.SudokuBoard - Wartość 0 wstawiona nieprawidłowo
14:29:40.626 [main] INFO  sudoku.model.SudokuBoard - Bład w kwadracie 0
sudoku.model.SudokuBoard@7cca31fc[
  size=9
  solver=sudoku.model.BacktrackingSudokuSolver@619c3546
  board={{7,4,8,9,1,2,3,5,6},{2,9,1,4,3,7,0,0,0},{0,0,0,0,0,0,0,0,0},{0,0,0,0,0,0,0,0,0},{0,0,0,0,0,0,0,0,0},{0,0,0,0,0,0,0,0,0},{0,0,0,0,0,0,0,0,0},{0,0,0,0,0,0,0,0,0},{0,0,0,0,0,0,0,0,0}}
]
14:29:40.626 [main] INFO  sudoku.model.SudokuBoard - Wartość 0 wstawiona nieprawidłowo
14:29:40.626 [main] INFO  sudoku.model.SudokuBoard - Bład w kwadracie 0
sudoku.model.SudokuBoard@7cca31fc[
  size=9
  solver=sudoku.model.BacktrackingSudokuSolver@619c3546
  board={{7,4,8,9,1,2,3,5,6},{2,9,1,4,3,0,0,0,0},{0,0,0,0,0,0,0,0,0},{0,0,0,0,0,0,0,0,0},{0,0,0,0,0,0,0,0,0},{0,0,0,0,0,0,0,0,0},{0,0,0,0,0,0,0,0,0},{0,0,0,0,0,0,0,0,0},{0,0,0,0,0,0,0,0,0}}
]
14:29:40.626 [main] INFO  sudoku.model.SudokuBoard - Wartość 0 wstawiona nieprawidłowo
14:29:40.626 [main] INFO  sudoku.model.SudokuBoard - Bład w kwadracie 0
sudoku.model.SudokuBoard@7cca31fc[
  size=9
  solver=sudoku.model.BacktrackingSudokuSolver@619c3546
  board={{7,4,8,9,1,2,3,5,6},{2,9,1,4,3,8,0,0,0},{0,0,0,0,0,0,0,0,0},{0,0,0,0,0,0,0,0,0},{0,0,0,0,0,0,0,0,0},{0,0,0,0,0,0,0,0,0},{0,0,0,0,0,0,0,0,0},{0,0,0,0,0,0,0,0,0},{0,0,0,0,0,0,0,0,0}}
]
14:29:40.626 [main] INFO  sudoku.model.SudokuBoard - Wartość 0 wstawiona nieprawidłowo
14:29:40.627 [main] INFO  sudoku.model.SudokuBoard - Bład w kwadracie 0
sudoku.model.SudokuBoard@7cca31fc[
  size=9
  solver=sudoku.model.BacktrackingSudokuSolver@619c3546
  board={{7,4,8,9,1,2,3,5,6},{2,9,1,4,3,0,0,0,0},{0,0,0,0,0,0,0,0,0},{0,0,0,0,0,0,0,0,0},{0,0,0,0,0,0,0,0,0},{0,0,0,0,0,0,0,0,0},{0,0,0,0,0,0,0,0,0},{0,0,0,0,0,0,0,0,0},{0,0,0,0,0,0,0,0,0}}
]
14:29:40.627 [main] INFO  sudoku.model.SudokuBoard - Wartość 0 wstawiona nieprawidłowo
14:29:40.627 [main] INFO  sudoku.model.SudokuBoard - Bład w kwadracie 0
sudoku.model.SudokuBoard@7cca31fc[
  size=9
  solver=sudoku.model.BacktrackingSudokuSolver@619c3546
  board={{7,4,8,9,1,2,3,5,6},{2,9,1,4,0,0,0,0,0},{0,0,0,0,0,0,0,0,0},{0,0,0,0,0,0,0,0,0},{0,0,0,0,0,0,0,0,0},{0,0,0,0,0,0,0,0,0},{0,0,0,0,0,0,0,0,0},{0,0,0,0,0,0,0,0,0},{0,0,0,0,0,0,0,0,0}}
]
14:29:40.627 [main] INFO  sudoku.model.SudokuBoard - Wartość 0 wstawiona nieprawidłowo
14:29:40.627 [main] INFO  sudoku.model.SudokuBoard - Bład w kwadracie 0
sudoku.model.SudokuBoard@7cca31fc[
  size=9
  solver=sudoku.model.BacktrackingSudokuSolver@619c3546
  board={{7,4,8,9,1,2,3,5,6},{2,9,1,4,5,6,7,0,0},{0,0,0,0,0,0,0,0,0},{0,0,0,0,0,0,0,0,0},{0,0,0,0,0,0,0,0,0},{0,0,0,0,0,0,0,0,0},{0,0,0,0,0,0,0,0,0},{0,0,0,0,0,0,0,0,0},{0,0,0,0,0,0,0,0,0}}
]
14:29:40.627 [main] INFO  sudoku.model.SudokuBoard - Wartość 0 wstawiona nieprawidłowo
14:29:40.627 [main] INFO  sudoku.model.SudokuBoard - Bład w kwadracie 0
sudoku.model.SudokuBoard@7cca31fc[
  size=9
  solver=sudoku.model.BacktrackingSudokuSolver@619c3546
  board={{7,4,8,9,1,2,3,5,6},{2,9,1,4,5,6,0,0,0},{0,0,0,0,0,0,0,0,0},{0,0,0,0,0,0,0,0,0},{0,0,0,0,0,0,0,0,0},{0,0,0,0,0,0,0,0,0},{0,0,0,0,0,0,0,0,0},{0,0,0,0,0,0,0,0,0},{0,0,0,0,0,0,0,0,0}}
]
14:29:40.627 [main] INFO  sudoku.model.SudokuBoard - Wartość 0 wstawiona nieprawidłowo
14:29:40.627 [main] INFO  sudoku.model.SudokuBoard - Bład w kwadracie 0
sudoku.model.SudokuBoard@7cca31fc[
  size=9
  solver=sudoku.model.BacktrackingSudokuSolver@619c3546
  board={{7,4,8,9,1,2,3,5,6},{2,9,1,4,5,6,8,0,0},{0,0,0,0,0,0,0,0,0},{0,0,0,0,0,0,0,0,0},{0,0,0,0,0,0,0,0,0},{0,0,0,0,0,0,0,0,0},{0,0,0,0,0,0,0,0,0},{0,0,0,0,0,0,0,0,0},{0,0,0,0,0,0,0,0,0}}
]
14:29:40.627 [main] INFO  sudoku.model.SudokuBoard - Wartość 0 wstawiona nieprawidłowo
14:29:40.627 [main] INFO  sudoku.model.SudokuBoard - Bład w kwadracie 0
sudoku.model.SudokuBoard@7cca31fc[
  size=9
  solver=sudoku.model.BacktrackingSudokuSolver@619c3546
  board={{7,4,8,9,1,2,3,5,6},{2,9,1,4,5,6,0,0,0},{0,0,0,0,0,0,0,0,0},{0,0,0,0,0,0,0,0,0},{0,0,0,0,0,0,0,0,0},{0,0,0,0,0,0,0,0,0},{0,0,0,0,0,0,0,0,0},{0,0,0,0,0,0,0,0,0},{0,0,0,0,0,0,0,0,0}}
]
14:29:40.627 [main] INFO  sudoku.model.SudokuBoard - Wartość 0 wstawiona nieprawidłowo
14:29:40.627 [main] INFO  sudoku.model.SudokuBoard - Bład w kwadracie 0
sudoku.model.SudokuBoard@7cca31fc[
  size=9
  solver=sudoku.model.BacktrackingSudokuSolver@619c3546
  board={{7,4,8,9,1,2,3,5,6},{2,9,1,4,5,0,0,0,0},{0,0,0,0,0,0,0,0,0},{0,0,0,0,0,0,0,0,0},{0,0,0,0,0,0,0,0,0},{0,0,0,0,0,0,0,0,0},{0,0,0,0,0,0,0,0,0},{0,0,0,0,0,0,0,0,0},{0,0,0,0,0,0,0,0,0}}
]
14:29:40.627 [main] INFO  sudoku.model.SudokuBoard - Wartość 0 wstawiona nieprawidłowo
14:29:40.628 [main] INFO  sudoku.model.SudokuBoard - Bład w kwadracie 0
sudoku.model.SudokuBoard@7cca31fc[
  size=9
  solver=sudoku.model.BacktrackingSudokuSolver@619c3546
  board={{7,4,8,9,1,2,3,5,6},{2,9,1,4,5,7,0,0,0},{0,0,0,0,0,0,0,0,0},{0,0,0,0,0,0,0,0,0},{0,0,0,0,0,0,0,0,0},{0,0,0,0,0,0,0,0,0},{0,0,0,0,0,0,0,0,0},{0,0,0,0,0,0,0,0,0},{0,0,0,0,0,0,0,0,0}}
]
14:29:40.628 [main] INFO  sudoku.model.SudokuBoard - Wartość 0 wstawiona nieprawidłowo
14:29:40.628 [main] INFO  sudoku.model.SudokuBoard - Bład w kwadracie 0
sudoku.model.SudokuBoard@7cca31fc[
  size=9
  solver=sudoku.model.BacktrackingSudokuSolver@619c3546
  board={{7,4,8,9,1,2,3,5,6},{2,9,1,4,5,0,0,0,0},{0,0,0,0,0,0,0,0,0},{0,0,0,0,0,0,0,0,0},{0,0,0,0,0,0,0,0,0},{0,0,0,0,0,0,0,0,0},{0,0,0,0,0,0,0,0,0},{0,0,0,0,0,0,0,0,0},{0,0,0,0,0,0,0,0,0}}
]
14:29:40.628 [main] INFO  sudoku.model.SudokuBoard - Wartość 0 wstawiona nieprawidłowo
14:29:40.628 [main] INFO  sudoku.model.SudokuBoard - Bład w kwadracie 0
sudoku.model.SudokuBoard@7cca31fc[
  size=9
  solver=sudoku.model.BacktrackingSudokuSolver@619c3546
  board={{7,4,8,9,1,2,3,5,6},{2,9,1,4,5,8,0,0,0},{0,0,0,0,0,0,0,0,0},{0,0,0,0,0,0,0,0,0},{0,0,0,0,0,0,0,0,0},{0,0,0,0,0,0,0,0,0},{0,0,0,0,0,0,0,0,0},{0,0,0,0,0,0,0,0,0},{0,0,0,0,0,0,0,0,0}}
]
14:29:40.628 [main] INFO  sudoku.model.SudokuBoard - Wartość 0 wstawiona nieprawidłowo
14:29:40.628 [main] INFO  sudoku.model.SudokuBoard - Bład w kwadracie 0
sudoku.model.SudokuBoard@7cca31fc[
  size=9
  solver=sudoku.model.BacktrackingSudokuSolver@619c3546
  board={{7,4,8,9,1,2,3,5,6},{2,9,1,4,5,0,0,0,0},{0,0,0,0,0,0,0,0,0},{0,0,0,0,0,0,0,0,0},{0,0,0,0,0,0,0,0,0},{0,0,0,0,0,0,0,0,0},{0,0,0,0,0,0,0,0,0},{0,0,0,0,0,0,0,0,0},{0,0,0,0,0,0,0,0,0}}
]
14:29:40.628 [main] INFO  sudoku.model.SudokuBoard - Wartość 0 wstawiona nieprawidłowo
14:29:40.628 [main] INFO  sudoku.model.SudokuBoard - Bład w kwadracie 0
sudoku.model.SudokuBoard@7cca31fc[
  size=9
  solver=sudoku.model.BacktrackingSudokuSolver@619c3546
  board={{7,4,8,9,1,2,3,5,6},{2,9,1,4,5,3,7,0,0},{0,0,0,0,0,0,0,0,0},{0,0,0,0,0,0,0,0,0},{0,0,0,0,0,0,0,0,0},{0,0,0,0,0,0,0,0,0},{0,0,0,0,0,0,0,0,0},{0,0,0,0,0,0,0,0,0},{0,0,0,0,0,0,0,0,0}}
]
14:29:40.628 [main] INFO  sudoku.model.SudokuBoard - Wartość 0 wstawiona nieprawidłowo
14:29:40.628 [main] INFO  sudoku.model.SudokuBoard - Bład w kwadracie 0
sudoku.model.SudokuBoard@7cca31fc[
  size=9
  solver=sudoku.model.BacktrackingSudokuSolver@619c3546
  board={{7,4,8,9,1,2,3,5,6},{2,9,1,4,5,3,0,0,0},{0,0,0,0,0,0,0,0,0},{0,0,0,0,0,0,0,0,0},{0,0,0,0,0,0,0,0,0},{0,0,0,0,0,0,0,0,0},{0,0,0,0,0,0,0,0,0},{0,0,0,0,0,0,0,0,0},{0,0,0,0,0,0,0,0,0}}
]
14:29:40.628 [main] INFO  sudoku.model.SudokuBoard - Wartość 0 wstawiona nieprawidłowo
14:29:40.629 [main] INFO  sudoku.model.SudokuBoard - Bład w kwadracie 0
sudoku.model.SudokuBoard@7cca31fc[
  size=9
  solver=sudoku.model.BacktrackingSudokuSolver@619c3546
  board={{7,4,8,9,1,2,3,5,6},{2,9,1,4,5,3,8,0,0},{0,0,0,0,0,0,0,0,0},{0,0,0,0,0,0,0,0,0},{0,0,0,0,0,0,0,0,0},{0,0,0,0,0,0,0,0,0},{0,0,0,0,0,0,0,0,0},{0,0,0,0,0,0,0,0,0},{0,0,0,0,0,0,0,0,0}}
]
14:29:40.629 [main] INFO  sudoku.model.SudokuBoard - Wartość 0 wstawiona nieprawidłowo
14:29:40.629 [main] INFO  sudoku.model.SudokuBoard - Bład w kwadracie 0
sudoku.model.SudokuBoard@7cca31fc[
  size=9
  solver=sudoku.model.BacktrackingSudokuSolver@619c3546
  board={{7,4,8,9,1,2,3,5,6},{2,9,1,4,5,3,0,0,0},{0,0,0,0,0,0,0,0,0},{0,0,0,0,0,0,0,0,0},{0,0,0,0,0,0,0,0,0},{0,0,0,0,0,0,0,0,0},{0,0,0,0,0,0,0,0,0},{0,0,0,0,0,0,0,0,0},{0,0,0,0,0,0,0,0,0}}
]
14:29:40.629 [main] INFO  sudoku.model.SudokuBoard - Wartość 0 wstawiona nieprawidłowo
14:29:40.629 [main] INFO  sudoku.model.SudokuBoard - Bład w kwadracie 0
sudoku.model.SudokuBoard@7cca31fc[
  size=9
  solver=sudoku.model.BacktrackingSudokuSolver@619c3546
  board={{7,4,8,9,1,2,3,5,6},{2,9,1,4,5,0,0,0,0},{0,0,0,0,0,0,0,0,0},{0,0,0,0,0,0,0,0,0},{0,0,0,0,0,0,0,0,0},{0,0,0,0,0,0,0,0,0},{0,0,0,0,0,0,0,0,0},{0,0,0,0,0,0,0,0,0},{0,0,0,0,0,0,0,0,0}}
]
14:29:40.629 [main] INFO  sudoku.model.SudokuBoard - Wartość 0 wstawiona nieprawidłowo
14:29:40.629 [main] INFO  sudoku.model.SudokuBoard - Bład w kwadracie 0
sudoku.model.SudokuBoard@7cca31fc[
  size=9
  solver=sudoku.model.BacktrackingSudokuSolver@619c3546
  board={{7,4,8,9,1,2,3,5,6},{2,9,1,4,0,0,0,0,0},{0,0,0,0,0,0,0,0,0},{0,0,0,0,0,0,0,0,0},{0,0,0,0,0,0,0,0,0},{0,0,0,0,0,0,0,0,0},{0,0,0,0,0,0,0,0,0},{0,0,0,0,0,0,0,0,0},{0,0,0,0,0,0,0,0,0}}
]
14:29:40.629 [main] INFO  sudoku.model.SudokuBoard - Wartość 0 wstawiona nieprawidłowo
14:29:40.629 [main] INFO  sudoku.model.SudokuBoard - Bład w kwadracie 0
sudoku.model.SudokuBoard@7cca31fc[
  size=9
  solver=sudoku.model.BacktrackingSudokuSolver@619c3546
  board={{7,4,8,9,1,2,3,5,6},{2,9,1,4,6,7,0,0,0},{0,0,0,0,0,0,0,0,0},{0,0,0,0,0,0,0,0,0},{0,0,0,0,0,0,0,0,0},{0,0,0,0,0,0,0,0,0},{0,0,0,0,0,0,0,0,0},{0,0,0,0,0,0,0,0,0},{0,0,0,0,0,0,0,0,0}}
]
14:29:40.629 [main] INFO  sudoku.model.SudokuBoard - Wartość 0 wstawiona nieprawidłowo
14:29:40.629 [main] INFO  sudoku.model.SudokuBoard - Bład w kwadracie 0
sudoku.model.SudokuBoard@7cca31fc[
  size=9
  solver=sudoku.model.BacktrackingSudokuSolver@619c3546
  board={{7,4,8,9,1,2,3,5,6},{2,9,1,4,6,0,0,0,0},{0,0,0,0,0,0,0,0,0},{0,0,0,0,0,0,0,0,0},{0,0,0,0,0,0,0,0,0},{0,0,0,0,0,0,0,0,0},{0,0,0,0,0,0,0,0,0},{0,0,0,0,0,0,0,0,0},{0,0,0,0,0,0,0,0,0}}
]
14:29:40.629 [main] INFO  sudoku.model.SudokuBoard - Wartość 0 wstawiona nieprawidłowo
14:29:40.629 [main] INFO  sudoku.model.SudokuBoard - Bład w kwadracie 0
sudoku.model.SudokuBoard@7cca31fc[
  size=9
  solver=sudoku.model.BacktrackingSudokuSolver@619c3546
  board={{7,4,8,9,1,2,3,5,6},{2,9,1,4,6,8,0,0,0},{0,0,0,0,0,0,0,0,0},{0,0,0,0,0,0,0,0,0},{0,0,0,0,0,0,0,0,0},{0,0,0,0,0,0,0,0,0},{0,0,0,0,0,0,0,0,0},{0,0,0,0,0,0,0,0,0},{0,0,0,0,0,0,0,0,0}}
]
14:29:40.629 [main] INFO  sudoku.model.SudokuBoard - Wartość 0 wstawiona nieprawidłowo
14:29:40.630 [main] INFO  sudoku.model.SudokuBoard - Bład w kwadracie 0
sudoku.model.SudokuBoard@7cca31fc[
  size=9
  solver=sudoku.model.BacktrackingSudokuSolver@619c3546
  board={{7,4,8,9,1,2,3,5,6},{2,9,1,4,6,0,0,0,0},{0,0,0,0,0,0,0,0,0},{0,0,0,0,0,0,0,0,0},{0,0,0,0,0,0,0,0,0},{0,0,0,0,0,0,0,0,0},{0,0,0,0,0,0,0,0,0},{0,0,0,0,0,0,0,0,0},{0,0,0,0,0,0,0,0,0}}
]
14:29:40.630 [main] INFO  sudoku.model.SudokuBoard - Wartość 0 wstawiona nieprawidłowo
14:29:40.630 [main] INFO  sudoku.model.SudokuBoard - Bład w kwadracie 0
sudoku.model.SudokuBoard@7cca31fc[
  size=9
  solver=sudoku.model.BacktrackingSudokuSolver@619c3546
  board={{7,4,8,9,1,2,3,5,6},{2,9,1,4,6,3,7,0,0},{0,0,0,0,0,0,0,0,0},{0,0,0,0,0,0,0,0,0},{0,0,0,0,0,0,0,0,0},{0,0,0,0,0,0,0,0,0},{0,0,0,0,0,0,0,0,0},{0,0,0,0,0,0,0,0,0},{0,0,0,0,0,0,0,0,0}}
]
14:29:40.630 [main] INFO  sudoku.model.SudokuBoard - Wartość 0 wstawiona nieprawidłowo
14:29:40.630 [main] INFO  sudoku.model.SudokuBoard - Bład w kwadracie 0
sudoku.model.SudokuBoard@7cca31fc[
  size=9
  solver=sudoku.model.BacktrackingSudokuSolver@619c3546
  board={{7,4,8,9,1,2,3,5,6},{2,9,1,4,6,3,0,0,0},{0,0,0,0,0,0,0,0,0},{0,0,0,0,0,0,0,0,0},{0,0,0,0,0,0,0,0,0},{0,0,0,0,0,0,0,0,0},{0,0,0,0,0,0,0,0,0},{0,0,0,0,0,0,0,0,0},{0,0,0,0,0,0,0,0,0}}
]
14:29:40.630 [main] INFO  sudoku.model.SudokuBoard - Wartość 0 wstawiona nieprawidłowo
14:29:40.630 [main] INFO  sudoku.model.SudokuBoard - Bład w kwadracie 0
sudoku.model.SudokuBoard@7cca31fc[
  size=9
  solver=sudoku.model.BacktrackingSudokuSolver@619c3546
  board={{7,4,8,9,1,2,3,5,6},{2,9,1,4,6,3,8,0,0},{0,0,0,0,0,0,0,0,0},{0,0,0,0,0,0,0,0,0},{0,0,0,0,0,0,0,0,0},{0,0,0,0,0,0,0,0,0},{0,0,0,0,0,0,0,0,0},{0,0,0,0,0,0,0,0,0},{0,0,0,0,0,0,0,0,0}}
]
14:29:40.630 [main] INFO  sudoku.model.SudokuBoard - Wartość 0 wstawiona nieprawidłowo
14:29:40.630 [main] INFO  sudoku.model.SudokuBoard - Bład w kwadracie 0
sudoku.model.SudokuBoard@7cca31fc[
  size=9
  solver=sudoku.model.BacktrackingSudokuSolver@619c3546
  board={{7,4,8,9,1,2,3,5,6},{2,9,1,4,6,3,0,0,0},{0,0,0,0,0,0,0,0,0},{0,0,0,0,0,0,0,0,0},{0,0,0,0,0,0,0,0,0},{0,0,0,0,0,0,0,0,0},{0,0,0,0,0,0,0,0,0},{0,0,0,0,0,0,0,0,0},{0,0,0,0,0,0,0,0,0}}
]
14:29:40.630 [main] INFO  sudoku.model.SudokuBoard - Wartość 0 wstawiona nieprawidłowo
14:29:40.630 [main] INFO  sudoku.model.SudokuBoard - Bład w kwadracie 0
sudoku.model.SudokuBoard@7cca31fc[
  size=9
  solver=sudoku.model.BacktrackingSudokuSolver@619c3546
  board={{7,4,8,9,1,2,3,5,6},{2,9,1,4,6,0,0,0,0},{0,0,0,0,0,0,0,0,0},{0,0,0,0,0,0,0,0,0},{0,0,0,0,0,0,0,0,0},{0,0,0,0,0,0,0,0,0},{0,0,0,0,0,0,0,0,0},{0,0,0,0,0,0,0,0,0},{0,0,0,0,0,0,0,0,0}}
]
14:29:40.630 [main] INFO  sudoku.model.SudokuBoard - Wartość 0 wstawiona nieprawidłowo
14:29:40.630 [main] INFO  sudoku.model.SudokuBoard - Bład w kwadracie 0
sudoku.model.SudokuBoard@7cca31fc[
  size=9
  solver=sudoku.model.BacktrackingSudokuSolver@619c3546
  board={{7,4,8,9,1,2,3,5,6},{2,9,1,4,6,5,7,0,0},{0,0,0,0,0,0,0,0,0},{0,0,0,0,0,0,0,0,0},{0,0,0,0,0,0,0,0,0},{0,0,0,0,0,0,0,0,0},{0,0,0,0,0,0,0,0,0},{0,0,0,0,0,0,0,0,0},{0,0,0,0,0,0,0,0,0}}
]
14:29:40.630 [main] INFO  sudoku.model.SudokuBoard - Wartość 0 wstawiona nieprawidłowo
14:29:40.631 [main] INFO  sudoku.model.SudokuBoard - Bład w kwadracie 0
sudoku.model.SudokuBoard@7cca31fc[
  size=9
  solver=sudoku.model.BacktrackingSudokuSolver@619c3546
  board={{7,4,8,9,1,2,3,5,6},{2,9,1,4,6,5,0,0,0},{0,0,0,0,0,0,0,0,0},{0,0,0,0,0,0,0,0,0},{0,0,0,0,0,0,0,0,0},{0,0,0,0,0,0,0,0,0},{0,0,0,0,0,0,0,0,0},{0,0,0,0,0,0,0,0,0},{0,0,0,0,0,0,0,0,0}}
]
14:29:40.631 [main] INFO  sudoku.model.SudokuBoard - Wartość 0 wstawiona nieprawidłowo
14:29:40.631 [main] INFO  sudoku.model.SudokuBoard - Bład w kwadracie 0
sudoku.model.SudokuBoard@7cca31fc[
  size=9
  solver=sudoku.model.BacktrackingSudokuSolver@619c3546
  board={{7,4,8,9,1,2,3,5,6},{2,9,1,4,6,5,8,0,0},{0,0,0,0,0,0,0,0,0},{0,0,0,0,0,0,0,0,0},{0,0,0,0,0,0,0,0,0},{0,0,0,0,0,0,0,0,0},{0,0,0,0,0,0,0,0,0},{0,0,0,0,0,0,0,0,0},{0,0,0,0,0,0,0,0,0}}
]
14:29:40.631 [main] INFO  sudoku.model.SudokuBoard - Wartość 0 wstawiona nieprawidłowo
14:29:40.631 [main] INFO  sudoku.model.SudokuBoard - Bład w kwadracie 0
sudoku.model.SudokuBoard@7cca31fc[
  size=9
  solver=sudoku.model.BacktrackingSudokuSolver@619c3546
  board={{7,4,8,9,1,2,3,5,6},{2,9,1,4,6,5,0,0,0},{0,0,0,0,0,0,0,0,0},{0,0,0,0,0,0,0,0,0},{0,0,0,0,0,0,0,0,0},{0,0,0,0,0,0,0,0,0},{0,0,0,0,0,0,0,0,0},{0,0,0,0,0,0,0,0,0},{0,0,0,0,0,0,0,0,0}}
]
14:29:40.631 [main] INFO  sudoku.model.SudokuBoard - Wartość 0 wstawiona nieprawidłowo
14:29:40.631 [main] INFO  sudoku.model.SudokuBoard - Bład w kwadracie 0
sudoku.model.SudokuBoard@7cca31fc[
  size=9
  solver=sudoku.model.BacktrackingSudokuSolver@619c3546
  board={{7,4,8,9,1,2,3,5,6},{2,9,1,4,6,0,0,0,0},{0,0,0,0,0,0,0,0,0},{0,0,0,0,0,0,0,0,0},{0,0,0,0,0,0,0,0,0},{0,0,0,0,0,0,0,0,0},{0,0,0,0,0,0,0,0,0},{0,0,0,0,0,0,0,0,0},{0,0,0,0,0,0,0,0,0}}
]
14:29:40.631 [main] INFO  sudoku.model.SudokuBoard - Wartość 0 wstawiona nieprawidłowo
14:29:40.631 [main] INFO  sudoku.model.SudokuBoard - Bład w kwadracie 0
sudoku.model.SudokuBoard@7cca31fc[
  size=9
  solver=sudoku.model.BacktrackingSudokuSolver@619c3546
  board={{7,4,8,9,1,2,3,5,6},{2,9,1,4,0,0,0,0,0},{0,0,0,0,0,0,0,0,0},{0,0,0,0,0,0,0,0,0},{0,0,0,0,0,0,0,0,0},{0,0,0,0,0,0,0,0,0},{0,0,0,0,0,0,0,0,0},{0,0,0,0,0,0,0,0,0},{0,0,0,0,0,0,0,0,0}}
]
14:29:40.631 [main] INFO  sudoku.model.SudokuBoard - Wartość 0 wstawiona nieprawidłowo
14:29:40.631 [main] INFO  sudoku.model.SudokuBoard - Bład w kwadracie 0
sudoku.model.SudokuBoard@7cca31fc[
  size=9
  solver=sudoku.model.BacktrackingSudokuSolver@619c3546
  board={{7,4,8,9,1,2,3,5,6},{2,9,1,4,7,0,0,0,0},{0,0,0,0,0,0,0,0,0},{0,0,0,0,0,0,0,0,0},{0,0,0,0,0,0,0,0,0},{0,0,0,0,0,0,0,0,0},{0,0,0,0,0,0,0,0,0},{0,0,0,0,0,0,0,0,0},{0,0,0,0,0,0,0,0,0}}
]
14:29:40.631 [main] INFO  sudoku.model.SudokuBoard - Wartość 0 wstawiona nieprawidłowo
14:29:40.631 [main] INFO  sudoku.model.SudokuBoard - Bład w kwadracie 0
sudoku.model.SudokuBoard@7cca31fc[
  size=9
  solver=sudoku.model.BacktrackingSudokuSolver@619c3546
  board={{7,4,8,9,1,2,3,5,6},{2,9,1,4,7,3,0,0,0},{0,0,0,0,0,0,0,0,0},{0,0,0,0,0,0,0,0,0},{0,0,0,0,0,0,0,0,0},{0,0,0,0,0,0,0,0,0},{0,0,0,0,0,0,0,0,0},{0,0,0,0,0,0,0,0,0},{0,0,0,0,0,0,0,0,0}}
]
14:29:40.631 [main] INFO  sudoku.model.SudokuBoard - Wartość 0 wstawiona nieprawidłowo
14:29:40.632 [main] INFO  sudoku.model.SudokuBoard - Bład w kwadracie 0
sudoku.model.SudokuBoard@7cca31fc[
  size=9
  solver=sudoku.model.BacktrackingSudokuSolver@619c3546
  board={{7,4,8,9,1,2,3,5,6},{2,9,1,4,7,0,0,0,0},{0,0,0,0,0,0,0,0,0},{0,0,0,0,0,0,0,0,0},{0,0,0,0,0,0,0,0,0},{0,0,0,0,0,0,0,0,0},{0,0,0,0,0,0,0,0,0},{0,0,0,0,0,0,0,0,0},{0,0,0,0,0,0,0,0,0}}
]
14:29:40.632 [main] INFO  sudoku.model.SudokuBoard - Wartość 0 wstawiona nieprawidłowo
14:29:40.632 [main] INFO  sudoku.model.SudokuBoard - Bład w kwadracie 0
sudoku.model.SudokuBoard@7cca31fc[
  size=9
  solver=sudoku.model.BacktrackingSudokuSolver@619c3546
  board={{7,4,8,9,1,2,3,5,6},{2,9,1,4,7,5,0,0,0},{0,0,0,0,0,0,0,0,0},{0,0,0,0,0,0,0,0,0},{0,0,0,0,0,0,0,0,0},{0,0,0,0,0,0,0,0,0},{0,0,0,0,0,0,0,0,0},{0,0,0,0,0,0,0,0,0},{0,0,0,0,0,0,0,0,0}}
]
14:29:40.632 [main] INFO  sudoku.model.SudokuBoard - Wartość 0 wstawiona nieprawidłowo
14:29:40.632 [main] INFO  sudoku.model.SudokuBoard - Bład w kwadracie 0
sudoku.model.SudokuBoard@7cca31fc[
  size=9
  solver=sudoku.model.BacktrackingSudokuSolver@619c3546
  board={{7,4,8,9,1,2,3,5,6},{2,9,1,4,7,0,0,0,0},{0,0,0,0,0,0,0,0,0},{0,0,0,0,0,0,0,0,0},{0,0,0,0,0,0,0,0,0},{0,0,0,0,0,0,0,0,0},{0,0,0,0,0,0,0,0,0},{0,0,0,0,0,0,0,0,0},{0,0,0,0,0,0,0,0,0}}
]
14:29:40.632 [main] INFO  sudoku.model.SudokuBoard - Wartość 0 wstawiona nieprawidłowo
14:29:40.632 [main] INFO  sudoku.model.SudokuBoard - Bład w kwadracie 0
sudoku.model.SudokuBoard@7cca31fc[
  size=9
  solver=sudoku.model.BacktrackingSudokuSolver@619c3546
  board={{7,4,8,9,1,2,3,5,6},{2,9,1,4,7,6,0,0,0},{0,0,0,0,0,0,0,0,0},{0,0,0,0,0,0,0,0,0},{0,0,0,0,0,0,0,0,0},{0,0,0,0,0,0,0,0,0},{0,0,0,0,0,0,0,0,0},{0,0,0,0,0,0,0,0,0},{0,0,0,0,0,0,0,0,0}}
]
14:29:40.632 [main] INFO  sudoku.model.SudokuBoard - Wartość 0 wstawiona nieprawidłowo
14:29:40.632 [main] INFO  sudoku.model.SudokuBoard - Bład w kwadracie 0
sudoku.model.SudokuBoard@7cca31fc[
  size=9
  solver=sudoku.model.BacktrackingSudokuSolver@619c3546
  board={{7,4,8,9,1,2,3,5,6},{2,9,1,4,7,0,0,0,0},{0,0,0,0,0,0,0,0,0},{0,0,0,0,0,0,0,0,0},{0,0,0,0,0,0,0,0,0},{0,0,0,0,0,0,0,0,0},{0,0,0,0,0,0,0,0,0},{0,0,0,0,0,0,0,0,0},{0,0,0,0,0,0,0,0,0}}
]
14:29:40.632 [main] INFO  sudoku.model.SudokuBoard - Wartość 0 wstawiona nieprawidłowo
14:29:40.632 [main] INFO  sudoku.model.SudokuBoard - Bład w kwadracie 0
sudoku.model.SudokuBoard@7cca31fc[
  size=9
  solver=sudoku.model.BacktrackingSudokuSolver@619c3546
  board={{7,4,8,9,1,2,3,5,6},{2,9,1,4,0,0,0,0,0},{0,0,0,0,0,0,0,0,0},{0,0,0,0,0,0,0,0,0},{0,0,0,0,0,0,0,0,0},{0,0,0,0,0,0,0,0,0},{0,0,0,0,0,0,0,0,0},{0,0,0,0,0,0,0,0,0},{0,0,0,0,0,0,0,0,0}}
]
14:29:40.632 [main] INFO  sudoku.model.SudokuBoard - Wartość 0 wstawiona nieprawidłowo
14:29:40.633 [main] INFO  sudoku.model.SudokuBoard - Bład w kwadracie 0
sudoku.model.SudokuBoard@7cca31fc[
  size=9
  solver=sudoku.model.BacktrackingSudokuSolver@619c3546
  board={{7,4,8,9,1,2,3,5,6},{2,9,1,0,0,0,0,0,0},{0,0,0,0,0,0,0,0,0},{0,0,0,0,0,0,0,0,0},{0,0,0,0,0,0,0,0,0},{0,0,0,0,0,0,0,0,0},{0,0,0,0,0,0,0,0,0},{0,0,0,0,0,0,0,0,0},{0,0,0,0,0,0,0,0,0}}
]
14:29:40.633 [main] INFO  sudoku.model.SudokuBoard - Wartość 0 wstawiona nieprawidłowo
14:29:40.633 [main] INFO  sudoku.model.SudokuBoard - Bład w kwadracie 0
sudoku.model.SudokuBoard@7cca31fc[
  size=9
  solver=sudoku.model.BacktrackingSudokuSolver@619c3546
  board={{7,4,8,9,1,2,3,5,6},{2,9,1,5,7,3,4,0,0},{0,0,0,0,0,0,0,0,0},{0,0,0,0,0,0,0,0,0},{0,0,0,0,0,0,0,0,0},{0,0,0,0,0,0,0,0,0},{0,0,0,0,0,0,0,0,0},{0,0,0,0,0,0,0,0,0},{0,0,0,0,0,0,0,0,0}}
]
14:29:40.633 [main] INFO  sudoku.model.SudokuBoard - Wartość 0 wstawiona nieprawidłowo
14:29:40.633 [main] INFO  sudoku.model.SudokuBoard - Bład w kwadracie 0
sudoku.model.SudokuBoard@7cca31fc[
  size=9
  solver=sudoku.model.BacktrackingSudokuSolver@619c3546
  board={{7,4,8,9,1,2,3,5,6},{2,9,1,5,7,3,0,0,0},{0,0,0,0,0,0,0,0,0},{0,0,0,0,0,0,0,0,0},{0,0,0,0,0,0,0,0,0},{0,0,0,0,0,0,0,0,0},{0,0,0,0,0,0,0,0,0},{0,0,0,0,0,0,0,0,0},{0,0,0,0,0,0,0,0,0}}
]
14:29:40.633 [main] INFO  sudoku.model.SudokuBoard - Wartość 0 wstawiona nieprawidłowo
14:29:40.633 [main] INFO  sudoku.model.SudokuBoard - Bład w kwadracie 0
sudoku.model.SudokuBoard@7cca31fc[
  size=9
  solver=sudoku.model.BacktrackingSudokuSolver@619c3546
  board={{7,4,8,9,1,2,3,5,6},{2,9,1,5,7,3,8,0,0},{0,0,0,0,0,0,0,0,0},{0,0,0,0,0,0,0,0,0},{0,0,0,0,0,0,0,0,0},{0,0,0,0,0,0,0,0,0},{0,0,0,0,0,0,0,0,0},{0,0,0,0,0,0,0,0,0},{0,0,0,0,0,0,0,0,0}}
]
14:29:40.633 [main] INFO  sudoku.model.SudokuBoard - Wartość 0 wstawiona nieprawidłowo
14:29:40.633 [main] INFO  sudoku.model.SudokuBoard - Bład w kwadracie 0
sudoku.model.SudokuBoard@7cca31fc[
  size=9
  solver=sudoku.model.BacktrackingSudokuSolver@619c3546
  board={{7,4,8,9,1,2,3,5,6},{2,9,1,5,7,3,0,0,0},{0,0,0,0,0,0,0,0,0},{0,0,0,0,0,0,0,0,0},{0,0,0,0,0,0,0,0,0},{0,0,0,0,0,0,0,0,0},{0,0,0,0,0,0,0,0,0},{0,0,0,0,0,0,0,0,0},{0,0,0,0,0,0,0,0,0}}
]
14:29:40.633 [main] INFO  sudoku.model.SudokuBoard - Wartość 0 wstawiona nieprawidłowo
14:29:40.634 [main] INFO  sudoku.model.SudokuBoard - Bład w kwadracie 0
sudoku.model.SudokuBoard@7cca31fc[
  size=9
  solver=sudoku.model.BacktrackingSudokuSolver@619c3546
  board={{7,4,8,9,1,2,3,5,6},{2,9,1,5,7,0,0,0,0},{0,0,0,0,0,0,0,0,0},{0,0,0,0,0,0,0,0,0},{0,0,0,0,0,0,0,0,0},{0,0,0,0,0,0,0,0,0},{0,0,0,0,0,0,0,0,0},{0,0,0,0,0,0,0,0,0},{0,0,0,0,0,0,0,0,0}}
]
14:29:40.634 [main] INFO  sudoku.model.SudokuBoard - Wartość 0 wstawiona nieprawidłowo
14:29:40.634 [main] INFO  sudoku.model.SudokuBoard - Bład w kwadracie 0
sudoku.model.SudokuBoard@7cca31fc[
  size=9
  solver=sudoku.model.BacktrackingSudokuSolver@619c3546
  board={{7,4,8,9,1,2,3,5,6},{2,9,1,5,7,4,0,0,0},{0,0,0,0,0,0,0,0,0},{0,0,0,0,0,0,0,0,0},{0,0,0,0,0,0,0,0,0},{0,0,0,0,0,0,0,0,0},{0,0,0,0,0,0,0,0,0},{0,0,0,0,0,0,0,0,0},{0,0,0,0,0,0,0,0,0}}
]
14:29:40.634 [main] INFO  sudoku.model.SudokuBoard - Wartość 0 wstawiona nieprawidłowo
14:29:40.634 [main] INFO  sudoku.model.SudokuBoard - Bład w kwadracie 0
sudoku.model.SudokuBoard@7cca31fc[
  size=9
  solver=sudoku.model.BacktrackingSudokuSolver@619c3546
  board={{7,4,8,9,1,2,3,5,6},{2,9,1,5,7,0,0,0,0},{0,0,0,0,0,0,0,0,0},{0,0,0,0,0,0,0,0,0},{0,0,0,0,0,0,0,0,0},{0,0,0,0,0,0,0,0,0},{0,0,0,0,0,0,0,0,0},{0,0,0,0,0,0,0,0,0},{0,0,0,0,0,0,0,0,0}}
]
14:29:40.634 [main] INFO  sudoku.model.SudokuBoard - Wartość 0 wstawiona nieprawidłowo
14:29:40.634 [main] INFO  sudoku.model.SudokuBoard - Bład w kwadracie 0
sudoku.model.SudokuBoard@7cca31fc[
  size=9
  solver=sudoku.model.BacktrackingSudokuSolver@619c3546
  board={{7,4,8,9,1,2,3,5,6},{2,9,1,5,7,6,4,0,0},{0,0,0,0,0,0,0,0,0},{0,0,0,0,0,0,0,0,0},{0,0,0,0,0,0,0,0,0},{0,0,0,0,0,0,0,0,0},{0,0,0,0,0,0,0,0,0},{0,0,0,0,0,0,0,0,0},{0,0,0,0,0,0,0,0,0}}
]
14:29:40.634 [main] INFO  sudoku.model.SudokuBoard - Wartość 0 wstawiona nieprawidłowo
14:29:40.634 [main] INFO  sudoku.model.SudokuBoard - Bład w kwadracie 0
sudoku.model.SudokuBoard@7cca31fc[
  size=9
  solver=sudoku.model.BacktrackingSudokuSolver@619c3546
  board={{7,4,8,9,1,2,3,5,6},{2,9,1,5,7,6,0,0,0},{0,0,0,0,0,0,0,0,0},{0,0,0,0,0,0,0,0,0},{0,0,0,0,0,0,0,0,0},{0,0,0,0,0,0,0,0,0},{0,0,0,0,0,0,0,0,0},{0,0,0,0,0,0,0,0,0},{0,0,0,0,0,0,0,0,0}}
]
14:29:40.634 [main] INFO  sudoku.model.SudokuBoard - Wartość 0 wstawiona nieprawidłowo
14:29:40.634 [main] INFO  sudoku.model.SudokuBoard - Bład w kwadracie 0
sudoku.model.SudokuBoard@7cca31fc[
  size=9
  solver=sudoku.model.BacktrackingSudokuSolver@619c3546
  board={{7,4,8,9,1,2,3,5,6},{2,9,1,5,7,6,8,0,0},{0,0,0,0,0,0,0,0,0},{0,0,0,0,0,0,0,0,0},{0,0,0,0,0,0,0,0,0},{0,0,0,0,0,0,0,0,0},{0,0,0,0,0,0,0,0,0},{0,0,0,0,0,0,0,0,0},{0,0,0,0,0,0,0,0,0}}
]
14:29:40.634 [main] INFO  sudoku.model.SudokuBoard - Wartość 0 wstawiona nieprawidłowo
14:29:40.634 [main] INFO  sudoku.model.SudokuBoard - Bład w kwadracie 0
sudoku.model.SudokuBoard@7cca31fc[
  size=9
  solver=sudoku.model.BacktrackingSudokuSolver@619c3546
  board={{7,4,8,9,1,2,3,5,6},{2,9,1,5,7,6,0,0,0},{0,0,0,0,0,0,0,0,0},{0,0,0,0,0,0,0,0,0},{0,0,0,0,0,0,0,0,0},{0,0,0,0,0,0,0,0,0},{0,0,0,0,0,0,0,0,0},{0,0,0,0,0,0,0,0,0},{0,0,0,0,0,0,0,0,0}}
]
14:29:40.634 [main] INFO  sudoku.model.SudokuBoard - Wartość 0 wstawiona nieprawidłowo
14:29:40.635 [main] INFO  sudoku.model.SudokuBoard - Bład w kwadracie 0
sudoku.model.SudokuBoard@7cca31fc[
  size=9
  solver=sudoku.model.BacktrackingSudokuSolver@619c3546
  board={{7,4,8,9,1,2,3,5,6},{2,9,1,5,7,0,0,0,0},{0,0,0,0,0,0,0,0,0},{0,0,0,0,0,0,0,0,0},{0,0,0,0,0,0,0,0,0},{0,0,0,0,0,0,0,0,0},{0,0,0,0,0,0,0,0,0},{0,0,0,0,0,0,0,0,0},{0,0,0,0,0,0,0,0,0}}
]
14:29:40.635 [main] INFO  sudoku.model.SudokuBoard - Wartość 0 wstawiona nieprawidłowo
14:29:40.635 [main] INFO  sudoku.model.SudokuBoard - Bład w kwadracie 0
sudoku.model.SudokuBoard@7cca31fc[
  size=9
  solver=sudoku.model.BacktrackingSudokuSolver@619c3546
  board={{7,4,8,9,1,2,3,5,6},{2,9,1,5,7,8,0,0,0},{0,0,0,0,0,0,0,0,0},{0,0,0,0,0,0,0,0,0},{0,0,0,0,0,0,0,0,0},{0,0,0,0,0,0,0,0,0},{0,0,0,0,0,0,0,0,0},{0,0,0,0,0,0,0,0,0},{0,0,0,0,0,0,0,0,0}}
]
14:29:40.635 [main] INFO  sudoku.model.SudokuBoard - Wartość 0 wstawiona nieprawidłowo
14:29:40.635 [main] INFO  sudoku.model.SudokuBoard - Bład w kwadracie 0
sudoku.model.SudokuBoard@7cca31fc[
  size=9
  solver=sudoku.model.BacktrackingSudokuSolver@619c3546
  board={{7,4,8,9,1,2,3,5,6},{2,9,1,5,7,0,0,0,0},{0,0,0,0,0,0,0,0,0},{0,0,0,0,0,0,0,0,0},{0,0,0,0,0,0,0,0,0},{0,0,0,0,0,0,0,0,0},{0,0,0,0,0,0,0,0,0},{0,0,0,0,0,0,0,0,0},{0,0,0,0,0,0,0,0,0}}
]
14:29:40.635 [main] INFO  sudoku.model.SudokuBoard - Wartość 0 wstawiona nieprawidłowo
14:29:40.635 [main] INFO  sudoku.model.SudokuBoard - Bład w kwadracie 0
sudoku.model.SudokuBoard@7cca31fc[
  size=9
  solver=sudoku.model.BacktrackingSudokuSolver@619c3546
  board={{7,4,8,9,1,2,3,5,6},{2,9,1,5,0,0,0,0,0},{0,0,0,0,0,0,0,0,0},{0,0,0,0,0,0,0,0,0},{0,0,0,0,0,0,0,0,0},{0,0,0,0,0,0,0,0,0},{0,0,0,0,0,0,0,0,0},{0,0,0,0,0,0,0,0,0},{0,0,0,0,0,0,0,0,0}}
]
14:29:40.635 [main] INFO  sudoku.model.SudokuBoard - Wartość 0 wstawiona nieprawidłowo
14:29:40.635 [main] INFO  sudoku.model.SudokuBoard - Bład w kwadracie 0
sudoku.model.SudokuBoard@7cca31fc[
  size=9
  solver=sudoku.model.BacktrackingSudokuSolver@619c3546
  board={{7,4,8,9,1,2,3,5,6},{2,9,1,5,8,6,7,0,0},{0,0,0,0,0,0,0,0,0},{0,0,0,0,0,0,0,0,0},{0,0,0,0,0,0,0,0,0},{0,0,0,0,0,0,0,0,0},{0,0,0,0,0,0,0,0,0},{0,0,0,0,0,0,0,0,0},{0,0,0,0,0,0,0,0,0}}
]
14:29:40.635 [main] INFO  sudoku.model.SudokuBoard - Wartość 0 wstawiona nieprawidłowo
14:29:40.635 [main] INFO  sudoku.model.SudokuBoard - Bład w kwadracie 0
sudoku.model.SudokuBoard@7cca31fc[
  size=9
  solver=sudoku.model.BacktrackingSudokuSolver@619c3546
  board={{7,4,8,9,1,2,3,5,6},{2,9,1,5,8,6,0,0,0},{0,0,0,0,0,0,0,0,0},{0,0,0,0,0,0,0,0,0},{0,0,0,0,0,0,0,0,0},{0,0,0,0,0,0,0,0,0},{0,0,0,0,0,0,0,0,0},{0,0,0,0,0,0,0,0,0},{0,0,0,0,0,0,0,0,0}}
]
14:29:40.635 [main] INFO  sudoku.model.SudokuBoard - Wartość 0 wstawiona nieprawidłowo
14:29:40.635 [main] INFO  sudoku.model.SudokuBoard - Bład w kwadracie 0
sudoku.model.SudokuBoard@7cca31fc[
  size=9
  solver=sudoku.model.BacktrackingSudokuSolver@619c3546
  board={{7,4,8,9,1,2,3,5,6},{2,9,1,5,8,6,4,0,0},{0,0,0,0,0,0,0,0,0},{0,0,0,0,0,0,0,0,0},{0,0,0,0,0,0,0,0,0},{0,0,0,0,0,0,0,0,0},{0,0,0,0,0,0,0,0,0},{0,0,0,0,0,0,0,0,0},{0,0,0,0,0,0,0,0,0}}
]
14:29:40.635 [main] INFO  sudoku.model.SudokuBoard - Wartość 0 wstawiona nieprawidłowo
14:29:40.635 [main] INFO  sudoku.model.SudokuBoard - Bład w kwadracie 0
sudoku.model.SudokuBoard@7cca31fc[
  size=9
  solver=sudoku.model.BacktrackingSudokuSolver@619c3546
  board={{7,4,8,9,1,2,3,5,6},{2,9,1,5,8,6,0,0,0},{0,0,0,0,0,0,0,0,0},{0,0,0,0,0,0,0,0,0},{0,0,0,0,0,0,0,0,0},{0,0,0,0,0,0,0,0,0},{0,0,0,0,0,0,0,0,0},{0,0,0,0,0,0,0,0,0},{0,0,0,0,0,0,0,0,0}}
]
14:29:40.636 [main] INFO  sudoku.model.SudokuBoard - Wartość 0 wstawiona nieprawidłowo
14:29:40.636 [main] INFO  sudoku.model.SudokuBoard - Bład w kwadracie 0
sudoku.model.SudokuBoard@7cca31fc[
  size=9
  solver=sudoku.model.BacktrackingSudokuSolver@619c3546
  board={{7,4,8,9,1,2,3,5,6},{2,9,1,5,8,0,0,0,0},{0,0,0,0,0,0,0,0,0},{0,0,0,0,0,0,0,0,0},{0,0,0,0,0,0,0,0,0},{0,0,0,0,0,0,0,0,0},{0,0,0,0,0,0,0,0,0},{0,0,0,0,0,0,0,0,0},{0,0,0,0,0,0,0,0,0}}
]
14:29:40.636 [main] INFO  sudoku.model.SudokuBoard - Wartość 0 wstawiona nieprawidłowo
14:29:40.636 [main] INFO  sudoku.model.SudokuBoard - Bład w kwadracie 0
sudoku.model.SudokuBoard@7cca31fc[
  size=9
  solver=sudoku.model.BacktrackingSudokuSolver@619c3546
  board={{7,4,8,9,1,2,3,5,6},{2,9,1,5,8,7,0,0,0},{0,0,0,0,0,0,0,0,0},{0,0,0,0,0,0,0,0,0},{0,0,0,0,0,0,0,0,0},{0,0,0,0,0,0,0,0,0},{0,0,0,0,0,0,0,0,0},{0,0,0,0,0,0,0,0,0},{0,0,0,0,0,0,0,0,0}}
]
14:29:40.636 [main] INFO  sudoku.model.SudokuBoard - Wartość 0 wstawiona nieprawidłowo
14:29:40.636 [main] INFO  sudoku.model.SudokuBoard - Bład w kwadracie 0
sudoku.model.SudokuBoard@7cca31fc[
  size=9
  solver=sudoku.model.BacktrackingSudokuSolver@619c3546
  board={{7,4,8,9,1,2,3,5,6},{2,9,1,5,8,0,0,0,0},{0,0,0,0,0,0,0,0,0},{0,0,0,0,0,0,0,0,0},{0,0,0,0,0,0,0,0,0},{0,0,0,0,0,0,0,0,0},{0,0,0,0,0,0,0,0,0},{0,0,0,0,0,0,0,0,0},{0,0,0,0,0,0,0,0,0}}
]
14:29:40.636 [main] INFO  sudoku.model.SudokuBoard - Wartość 0 wstawiona nieprawidłowo
14:29:40.636 [main] INFO  sudoku.model.SudokuBoard - Bład w kwadracie 0
sudoku.model.SudokuBoard@7cca31fc[
  size=9
  solver=sudoku.model.BacktrackingSudokuSolver@619c3546
  board={{7,4,8,9,1,2,3,5,6},{2,9,1,5,8,3,4,0,0},{0,0,0,0,0,0,0,0,0},{0,0,0,0,0,0,0,0,0},{0,0,0,0,0,0,0,0,0},{0,0,0,0,0,0,0,0,0},{0,0,0,0,0,0,0,0,0},{0,0,0,0,0,0,0,0,0},{0,0,0,0,0,0,0,0,0}}
]
14:29:40.636 [main] INFO  sudoku.model.SudokuBoard - Wartość 0 wstawiona nieprawidłowo
14:29:40.636 [main] INFO  sudoku.model.SudokuBoard - Bład w kwadracie 0
sudoku.model.SudokuBoard@7cca31fc[
  size=9
  solver=sudoku.model.BacktrackingSudokuSolver@619c3546
  board={{7,4,8,9,1,2,3,5,6},{2,9,1,5,8,3,0,0,0},{0,0,0,0,0,0,0,0,0},{0,0,0,0,0,0,0,0,0},{0,0,0,0,0,0,0,0,0},{0,0,0,0,0,0,0,0,0},{0,0,0,0,0,0,0,0,0},{0,0,0,0,0,0,0,0,0},{0,0,0,0,0,0,0,0,0}}
]
14:29:40.636 [main] INFO  sudoku.model.SudokuBoard - Wartość 0 wstawiona nieprawidłowo
14:29:40.636 [main] INFO  sudoku.model.SudokuBoard - Bład w kwadracie 0
sudoku.model.SudokuBoard@7cca31fc[
  size=9
  solver=sudoku.model.BacktrackingSudokuSolver@619c3546
  board={{7,4,8,9,1,2,3,5,6},{2,9,1,5,8,3,7,0,0},{0,0,0,0,0,0,0,0,0},{0,0,0,0,0,0,0,0,0},{0,0,0,0,0,0,0,0,0},{0,0,0,0,0,0,0,0,0},{0,0,0,0,0,0,0,0,0},{0,0,0,0,0,0,0,0,0},{0,0,0,0,0,0,0,0,0}}
]
14:29:40.636 [main] INFO  sudoku.model.SudokuBoard - Wartość 0 wstawiona nieprawidłowo
14:29:40.636 [main] INFO  sudoku.model.SudokuBoard - Bład w kwadracie 0
sudoku.model.SudokuBoard@7cca31fc[
  size=9
  solver=sudoku.model.BacktrackingSudokuSolver@619c3546
  board={{7,4,8,9,1,2,3,5,6},{2,9,1,5,8,3,0,0,0},{0,0,0,0,0,0,0,0,0},{0,0,0,0,0,0,0,0,0},{0,0,0,0,0,0,0,0,0},{0,0,0,0,0,0,0,0,0},{0,0,0,0,0,0,0,0,0},{0,0,0,0,0,0,0,0,0},{0,0,0,0,0,0,0,0,0}}
]
14:29:40.636 [main] INFO  sudoku.model.SudokuBoard - Wartość 0 wstawiona nieprawidłowo
14:29:40.636 [main] INFO  sudoku.model.SudokuBoard - Bład w kwadracie 0
sudoku.model.SudokuBoard@7cca31fc[
  size=9
  solver=sudoku.model.BacktrackingSudokuSolver@619c3546
  board={{7,4,8,9,1,2,3,5,6},{2,9,1,5,8,0,0,0,0},{0,0,0,0,0,0,0,0,0},{0,0,0,0,0,0,0,0,0},{0,0,0,0,0,0,0,0,0},{0,0,0,0,0,0,0,0,0},{0,0,0,0,0,0,0,0,0},{0,0,0,0,0,0,0,0,0},{0,0,0,0,0,0,0,0,0}}
]
14:29:40.636 [main] INFO  sudoku.model.SudokuBoard - Wartość 0 wstawiona nieprawidłowo
14:29:40.637 [main] INFO  sudoku.model.SudokuBoard - Bład w kwadracie 0
sudoku.model.SudokuBoard@7cca31fc[
  size=9
  solver=sudoku.model.BacktrackingSudokuSolver@619c3546
  board={{7,4,8,9,1,2,3,5,6},{2,9,1,5,8,4,0,0,0},{0,0,0,0,0,0,0,0,0},{0,0,0,0,0,0,0,0,0},{0,0,0,0,0,0,0,0,0},{0,0,0,0,0,0,0,0,0},{0,0,0,0,0,0,0,0,0},{0,0,0,0,0,0,0,0,0},{0,0,0,0,0,0,0,0,0}}
]
14:29:40.637 [main] INFO  sudoku.model.SudokuBoard - Wartość 0 wstawiona nieprawidłowo
14:29:40.637 [main] INFO  sudoku.model.SudokuBoard - Bład w kwadracie 0
sudoku.model.SudokuBoard@7cca31fc[
  size=9
  solver=sudoku.model.BacktrackingSudokuSolver@619c3546
  board={{7,4,8,9,1,2,3,5,6},{2,9,1,5,8,0,0,0,0},{0,0,0,0,0,0,0,0,0},{0,0,0,0,0,0,0,0,0},{0,0,0,0,0,0,0,0,0},{0,0,0,0,0,0,0,0,0},{0,0,0,0,0,0,0,0,0},{0,0,0,0,0,0,0,0,0},{0,0,0,0,0,0,0,0,0}}
]
14:29:40.637 [main] INFO  sudoku.model.SudokuBoard - Wartość 0 wstawiona nieprawidłowo
14:29:40.637 [main] INFO  sudoku.model.SudokuBoard - Bład w kwadracie 0
sudoku.model.SudokuBoard@7cca31fc[
  size=9
  solver=sudoku.model.BacktrackingSudokuSolver@619c3546
  board={{7,4,8,9,1,2,3,5,6},{2,9,1,5,0,0,0,0,0},{0,0,0,0,0,0,0,0,0},{0,0,0,0,0,0,0,0,0},{0,0,0,0,0,0,0,0,0},{0,0,0,0,0,0,0,0,0},{0,0,0,0,0,0,0,0,0},{0,0,0,0,0,0,0,0,0},{0,0,0,0,0,0,0,0,0}}
]
14:29:40.637 [main] INFO  sudoku.model.SudokuBoard - Wartość 0 wstawiona nieprawidłowo
14:29:40.637 [main] INFO  sudoku.model.SudokuBoard - Bład w kwadracie 0
sudoku.model.SudokuBoard@7cca31fc[
  size=9
  solver=sudoku.model.BacktrackingSudokuSolver@619c3546
  board={{7,4,8,9,1,2,3,5,6},{2,9,1,5,3,4,7,0,0},{0,0,0,0,0,0,0,0,0},{0,0,0,0,0,0,0,0,0},{0,0,0,0,0,0,0,0,0},{0,0,0,0,0,0,0,0,0},{0,0,0,0,0,0,0,0,0},{0,0,0,0,0,0,0,0,0},{0,0,0,0,0,0,0,0,0}}
]
14:29:40.637 [main] INFO  sudoku.model.SudokuBoard - Wartość 0 wstawiona nieprawidłowo
14:29:40.637 [main] INFO  sudoku.model.SudokuBoard - Bład w kwadracie 0
sudoku.model.SudokuBoard@7cca31fc[
  size=9
  solver=sudoku.model.BacktrackingSudokuSolver@619c3546
  board={{7,4,8,9,1,2,3,5,6},{2,9,1,5,3,4,0,0,0},{0,0,0,0,0,0,0,0,0},{0,0,0,0,0,0,0,0,0},{0,0,0,0,0,0,0,0,0},{0,0,0,0,0,0,0,0,0},{0,0,0,0,0,0,0,0,0},{0,0,0,0,0,0,0,0,0},{0,0,0,0,0,0,0,0,0}}
]
14:29:40.637 [main] INFO  sudoku.model.SudokuBoard - Wartość 0 wstawiona nieprawidłowo
14:29:40.637 [main] INFO  sudoku.model.SudokuBoard - Bład w kwadracie 0
sudoku.model.SudokuBoard@7cca31fc[
  size=9
  solver=sudoku.model.BacktrackingSudokuSolver@619c3546
  board={{7,4,8,9,1,2,3,5,6},{2,9,1,5,3,4,8,0,0},{0,0,0,0,0,0,0,0,0},{0,0,0,0,0,0,0,0,0},{0,0,0,0,0,0,0,0,0},{0,0,0,0,0,0,0,0,0},{0,0,0,0,0,0,0,0,0},{0,0,0,0,0,0,0,0,0},{0,0,0,0,0,0,0,0,0}}
]
14:29:40.637 [main] INFO  sudoku.model.SudokuBoard - Wartość 0 wstawiona nieprawidłowo
14:29:40.646 [main] INFO  sudoku.model.SudokuBoard - Bład w kwadracie 0
sudoku.model.SudokuBoard@7cca31fc[
  size=9
  solver=sudoku.model.BacktrackingSudokuSolver@619c3546
  board={{7,4,8,9,1,2,3,5,6},{2,9,1,5,3,4,0,0,0},{0,0,0,0,0,0,0,0,0},{0,0,0,0,0,0,0,0,0},{0,0,0,0,0,0,0,0,0},{0,0,0,0,0,0,0,0,0},{0,0,0,0,0,0,0,0,0},{0,0,0,0,0,0,0,0,0},{0,0,0,0,0,0,0,0,0}}
]
14:29:40.646 [main] INFO  sudoku.model.SudokuBoard - Wartość 0 wstawiona nieprawidłowo
14:29:40.647 [main] INFO  sudoku.model.SudokuBoard - Bład w kwadracie 0
sudoku.model.SudokuBoard@7cca31fc[
  size=9
  solver=sudoku.model.BacktrackingSudokuSolver@619c3546
  board={{7,4,8,9,1,2,3,5,6},{2,9,1,5,3,0,0,0,0},{0,0,0,0,0,0,0,0,0},{0,0,0,0,0,0,0,0,0},{0,0,0,0,0,0,0,0,0},{0,0,0,0,0,0,0,0,0},{0,0,0,0,0,0,0,0,0},{0,0,0,0,0,0,0,0,0},{0,0,0,0,0,0,0,0,0}}
]
14:29:40.647 [main] INFO  sudoku.model.SudokuBoard - Wartość 0 wstawiona nieprawidłowo
14:29:40.647 [main] INFO  sudoku.model.SudokuBoard - Bład w kwadracie 0
sudoku.model.SudokuBoard@7cca31fc[
  size=9
  solver=sudoku.model.BacktrackingSudokuSolver@619c3546
  board={{7,4,8,9,1,2,3,5,6},{2,9,1,5,3,6,4,7,8},{3,5,6,4,7,8,9,1,2},{6,7,9,8,5,3,1,2,4},{8,3,2,1,4,9,0,0,0},{0,0,0,0,0,0,0,0,0},{0,0,0,0,0,0,0,0,0},{0,0,0,0,0,0,0,0,0},{0,0,0,0,0,0,0,0,0}}
]
14:29:40.647 [main] INFO  sudoku.model.SudokuBoard - Wartość 0 wstawiona nieprawidłowo
14:29:40.647 [main] INFO  sudoku.model.SudokuBoard - Bład w kwadracie 0
sudoku.model.SudokuBoard@7cca31fc[
  size=9
  solver=sudoku.model.BacktrackingSudokuSolver@619c3546
  board={{7,4,8,9,1,2,3,5,6},{2,9,1,5,3,6,4,7,8},{3,5,6,4,7,8,9,1,2},{6,7,9,8,5,3,1,2,4},{8,3,2,1,4,9,7,6,5},{4,1,5,2,6,7,8,9,3},{5,8,3,6,9,1,2,4,7},{9,6,7,3,8,4,0,0,0},{0,0,0,0,0,0,0,0,0}}
]
14:29:40.647 [main] INFO  sudoku.model.SudokuBoard - Wartość 0 wstawiona nieprawidłowo
14:29:40.648 [main] INFO  sudoku.model.SudokuBoard - Bład w kwadracie 0
sudoku.model.SudokuBoard@7cca31fc[
  size=9
  solver=sudoku.model.BacktrackingSudokuSolver@619c3546
  board={{7,4,8,9,1,2,3,5,6},{2,9,1,5,3,6,4,7,8},{3,5,6,4,7,8,9,1,2},{6,7,9,8,5,3,1,2,4},{8,3,2,1,4,9,7,6,5},{4,1,5,2,6,7,8,9,3},{5,8,3,6,9,1,2,4,7},{9,6,7,3,8,0,0,0,0},{0,0,0,0,0,0,0,0,0}}
]
14:29:40.649 [main] INFO  sudoku.model.SudokuBoard - Wartość 0 wstawiona nieprawidłowo
14:29:40.649 [main] INFO  sudoku.model.SudokuBoard - Bład w kwadracie 0
sudoku.model.SudokuBoard@7cca31fc[
  size=9
  solver=sudoku.model.BacktrackingSudokuSolver@619c3546
  board={{7,4,8,9,1,2,3,5,6},{2,9,1,5,3,6,4,7,8},{3,5,6,4,7,8,9,1,2},{6,7,9,8,5,3,1,2,4},{8,3,2,1,4,9,7,6,5},{4,1,5,2,6,7,8,9,3},{5,8,3,6,9,1,2,4,7},{9,6,7,3,8,0,0,0,0},{0,0,0,0,0,0,0,0,0}}
]
14:29:40.649 [main] INFO  sudoku.model.SudokuBoard - Wartość 0 wstawiona nieprawidłowo
14:29:40.650 [main] INFO  sudoku.model.SudokuBoard - Bład w kwadracie 0
sudoku.model.SudokuBoard@7cca31fc[
  size=9
  solver=sudoku.model.BacktrackingSudokuSolver@619c3546
  board={{7,4,8,9,1,2,3,5,6},{2,9,1,5,3,6,4,7,8},{3,5,6,4,7,8,9,1,2},{6,7,9,8,5,3,1,2,4},{8,3,2,1,4,9,7,6,5},{4,1,5,2,6,7,8,9,3},{5,8,3,6,9,1,2,4,7},{9,6,7,3,0,0,0,0,0},{0,0,0,0,0,0,0,0,0}}
]
14:29:40.650 [main] INFO  sudoku.model.SudokuBoard - Wartość 0 wstawiona nieprawidłowo
]]></system-out>
  </testcase>
  <testcase name="checkBoardTestColumnFalse" classname="sudoku.model.SudokuBoardTest" time="0.015">
    <system-out><![CDATA[14:29:40.658 [main] INFO  sudoku.model.SudokuBoard - Bład w kwadracie 0
sudoku.model.SudokuBoard@166ce247[
  size=9
  solver=sudoku.model.BacktrackingSudokuSolver@5d92e8e2
  board={{7,4,5,6,1,3,2,8,9},{8,3,1,2,7,4,5,0,0},{0,0,0,0,0,0,0,0,0},{0,0,0,0,0,0,0,0,0},{0,0,0,0,0,0,0,0,0},{0,0,0,0,0,0,0,0,0},{0,0,0,0,0,0,0,0,0},{0,0,0,0,0,0,0,0,0},{0,0,0,0,0,0,0,0,0}}
]
14:29:40.658 [main] INFO  sudoku.model.SudokuBoard - Wartość 0 wstawiona nieprawidłowo
14:29:40.658 [main] INFO  sudoku.model.SudokuBoard - Bład w kwadracie 0
sudoku.model.SudokuBoard@166ce247[
  size=9
  solver=sudoku.model.BacktrackingSudokuSolver@5d92e8e2
  board={{7,4,5,6,1,3,2,8,9},{8,3,1,2,7,4,0,0,0},{0,0,0,0,0,0,0,0,0},{0,0,0,0,0,0,0,0,0},{0,0,0,0,0,0,0,0,0},{0,0,0,0,0,0,0,0,0},{0,0,0,0,0,0,0,0,0},{0,0,0,0,0,0,0,0,0},{0,0,0,0,0,0,0,0,0}}
]
14:29:40.658 [main] INFO  sudoku.model.SudokuBoard - Wartość 0 wstawiona nieprawidłowo
14:29:40.659 [main] INFO  sudoku.model.SudokuBoard - Bład w kwadracie 0
sudoku.model.SudokuBoard@166ce247[
  size=9
  solver=sudoku.model.BacktrackingSudokuSolver@5d92e8e2
  board={{7,4,5,6,1,3,2,8,9},{8,3,1,2,7,4,6,0,0},{0,0,0,0,0,0,0,0,0},{0,0,0,0,0,0,0,0,0},{0,0,0,0,0,0,0,0,0},{0,0,0,0,0,0,0,0,0},{0,0,0,0,0,0,0,0,0},{0,0,0,0,0,0,0,0,0},{0,0,0,0,0,0,0,0,0}}
]
14:29:40.659 [main] INFO  sudoku.model.SudokuBoard - Wartość 0 wstawiona nieprawidłowo
14:29:40.659 [main] INFO  sudoku.model.SudokuBoard - Bład w kwadracie 0
sudoku.model.SudokuBoard@166ce247[
  size=9
  solver=sudoku.model.BacktrackingSudokuSolver@5d92e8e2
  board={{7,4,5,6,1,3,2,8,9},{8,3,1,2,7,4,0,0,0},{0,0,0,0,0,0,0,0,0},{0,0,0,0,0,0,0,0,0},{0,0,0,0,0,0,0,0,0},{0,0,0,0,0,0,0,0,0},{0,0,0,0,0,0,0,0,0},{0,0,0,0,0,0,0,0,0},{0,0,0,0,0,0,0,0,0}}
]
14:29:40.659 [main] INFO  sudoku.model.SudokuBoard - Wartość 0 wstawiona nieprawidłowo
14:29:40.659 [main] INFO  sudoku.model.SudokuBoard - Bład w kwadracie 0
sudoku.model.SudokuBoard@166ce247[
  size=9
  solver=sudoku.model.BacktrackingSudokuSolver@5d92e8e2
  board={{7,4,5,6,1,3,2,8,9},{8,3,1,2,7,0,0,0,0},{0,0,0,0,0,0,0,0,0},{0,0,0,0,0,0,0,0,0},{0,0,0,0,0,0,0,0,0},{0,0,0,0,0,0,0,0,0},{0,0,0,0,0,0,0,0,0},{0,0,0,0,0,0,0,0,0},{0,0,0,0,0,0,0,0,0}}
]
14:29:40.659 [main] INFO  sudoku.model.SudokuBoard - Wartość 0 wstawiona nieprawidłowo
14:29:40.660 [main] INFO  sudoku.model.SudokuBoard - Bład w kwadracie 0
sudoku.model.SudokuBoard@166ce247[
  size=9
  solver=sudoku.model.BacktrackingSudokuSolver@5d92e8e2
  board={{7,4,5,6,1,3,2,8,9},{8,3,1,2,7,5,4,0,0},{0,0,0,0,0,0,0,0,0},{0,0,0,0,0,0,0,0,0},{0,0,0,0,0,0,0,0,0},{0,0,0,0,0,0,0,0,0},{0,0,0,0,0,0,0,0,0},{0,0,0,0,0,0,0,0,0},{0,0,0,0,0,0,0,0,0}}
]
14:29:40.660 [main] INFO  sudoku.model.SudokuBoard - Wartość 0 wstawiona nieprawidłowo
14:29:40.660 [main] INFO  sudoku.model.SudokuBoard - Bład w kwadracie 0
sudoku.model.SudokuBoard@166ce247[
  size=9
  solver=sudoku.model.BacktrackingSudokuSolver@5d92e8e2
  board={{7,4,5,6,1,3,2,8,9},{8,3,1,2,7,5,0,0,0},{0,0,0,0,0,0,0,0,0},{0,0,0,0,0,0,0,0,0},{0,0,0,0,0,0,0,0,0},{0,0,0,0,0,0,0,0,0},{0,0,0,0,0,0,0,0,0},{0,0,0,0,0,0,0,0,0},{0,0,0,0,0,0,0,0,0}}
]
14:29:40.661 [main] INFO  sudoku.model.SudokuBoard - Wartość 0 wstawiona nieprawidłowo
14:29:40.661 [main] INFO  sudoku.model.SudokuBoard - Bład w kwadracie 0
sudoku.model.SudokuBoard@166ce247[
  size=9
  solver=sudoku.model.BacktrackingSudokuSolver@5d92e8e2
  board={{7,4,5,6,1,3,2,8,9},{8,3,1,2,7,5,6,0,0},{0,0,0,0,0,0,0,0,0},{0,0,0,0,0,0,0,0,0},{0,0,0,0,0,0,0,0,0},{0,0,0,0,0,0,0,0,0},{0,0,0,0,0,0,0,0,0},{0,0,0,0,0,0,0,0,0},{0,0,0,0,0,0,0,0,0}}
]
14:29:40.661 [main] INFO  sudoku.model.SudokuBoard - Wartość 0 wstawiona nieprawidłowo
14:29:40.661 [main] INFO  sudoku.model.SudokuBoard - Bład w kwadracie 0
sudoku.model.SudokuBoard@166ce247[
  size=9
  solver=sudoku.model.BacktrackingSudokuSolver@5d92e8e2
  board={{7,4,5,6,1,3,2,8,9},{8,3,1,2,7,5,0,0,0},{0,0,0,0,0,0,0,0,0},{0,0,0,0,0,0,0,0,0},{0,0,0,0,0,0,0,0,0},{0,0,0,0,0,0,0,0,0},{0,0,0,0,0,0,0,0,0},{0,0,0,0,0,0,0,0,0},{0,0,0,0,0,0,0,0,0}}
]
14:29:40.661 [main] INFO  sudoku.model.SudokuBoard - Wartość 0 wstawiona nieprawidłowo
14:29:40.661 [main] INFO  sudoku.model.SudokuBoard - Bład w kwadracie 0
sudoku.model.SudokuBoard@166ce247[
  size=9
  solver=sudoku.model.BacktrackingSudokuSolver@5d92e8e2
  board={{7,4,5,6,1,3,2,8,9},{8,3,1,2,7,0,0,0,0},{0,0,0,0,0,0,0,0,0},{0,0,0,0,0,0,0,0,0},{0,0,0,0,0,0,0,0,0},{0,0,0,0,0,0,0,0,0},{0,0,0,0,0,0,0,0,0},{0,0,0,0,0,0,0,0,0},{0,0,0,0,0,0,0,0,0}}
]
14:29:40.661 [main] INFO  sudoku.model.SudokuBoard - Wartość 0 wstawiona nieprawidłowo
14:29:40.662 [main] INFO  sudoku.model.SudokuBoard - Bład w kwadracie 0
sudoku.model.SudokuBoard@166ce247[
  size=9
  solver=sudoku.model.BacktrackingSudokuSolver@5d92e8e2
  board={{7,4,5,6,1,3,2,8,9},{8,3,1,2,7,9,4,5,6},{2,6,9,4,5,8,1,3,7},{4,7,2,3,6,1,8,9,5},{1,5,3,7,4,2,0,0,0},{0,0,0,0,0,0,0,0,0},{0,0,0,0,0,0,0,0,0},{0,0,0,0,0,0,0,0,0},{0,0,0,0,0,0,0,0,0}}
]
14:29:40.662 [main] INFO  sudoku.model.SudokuBoard - Wartość 0 wstawiona nieprawidłowo
14:29:40.662 [main] INFO  sudoku.model.SudokuBoard - Bład w kwadracie 0
sudoku.model.SudokuBoard@166ce247[
  size=9
  solver=sudoku.model.BacktrackingSudokuSolver@5d92e8e2
  board={{7,4,5,6,1,3,2,8,9},{8,3,1,2,7,9,4,5,6},{2,6,9,4,5,8,1,3,7},{4,7,2,3,6,1,8,9,5},{1,5,3,7,4,0,0,0,0},{0,0,0,0,0,0,0,0,0},{0,0,0,0,0,0,0,0,0},{0,0,0,0,0,0,0,0,0},{0,0,0,0,0,0,0,0,0}}
]
14:29:40.662 [main] INFO  sudoku.model.SudokuBoard - Wartość 0 wstawiona nieprawidłowo
14:29:40.662 [main] INFO  sudoku.model.SudokuBoard - Bład w kwadracie 0
sudoku.model.SudokuBoard@166ce247[
  size=9
  solver=sudoku.model.BacktrackingSudokuSolver@5d92e8e2
  board={{7,4,5,6,1,3,2,8,9},{8,3,1,2,7,9,4,5,6},{2,6,9,4,5,8,1,3,7},{4,7,2,3,6,1,8,9,5},{1,5,3,7,0,0,0,0,0},{0,0,0,0,0,0,0,0,0},{0,0,0,0,0,0,0,0,0},{0,0,0,0,0,0,0,0,0},{0,0,0,0,0,0,0,0,0}}
]
14:29:40.662 [main] INFO  sudoku.model.SudokuBoard - Wartość 0 wstawiona nieprawidłowo
14:29:40.665 [main] INFO  sudoku.model.SudokuBoard - Bład w kwadracie 0
sudoku.model.SudokuBoard@166ce247[
  size=9
  solver=sudoku.model.BacktrackingSudokuSolver@5d92e8e2
  board={{7,4,5,6,1,3,2,8,9},{8,3,1,2,7,9,4,5,6},{2,6,9,4,5,8,1,3,7},{4,7,2,3,6,1,8,9,5},{1,5,3,7,8,2,6,0,0},{0,0,0,0,0,0,0,0,0},{0,0,0,0,0,0,0,0,0},{0,0,0,0,0,0,0,0,0},{0,0,0,0,0,0,0,0,0}}
]
14:29:40.665 [main] INFO  sudoku.model.SudokuBoard - Wartość 0 wstawiona nieprawidłowo
14:29:40.666 [main] INFO  sudoku.model.SudokuBoard - Bład w kwadracie 0
sudoku.model.SudokuBoard@166ce247[
  size=9
  solver=sudoku.model.BacktrackingSudokuSolver@5d92e8e2
  board={{7,4,5,6,1,3,2,8,9},{8,3,1,2,7,9,4,5,6},{2,6,9,4,5,8,1,3,7},{4,7,2,3,6,1,8,9,5},{1,5,3,7,8,2,0,0,0},{0,0,0,0,0,0,0,0,0},{0,0,0,0,0,0,0,0,0},{0,0,0,0,0,0,0,0,0},{0,0,0,0,0,0,0,0,0}}
]
14:29:40.666 [main] INFO  sudoku.model.SudokuBoard - Wartość 0 wstawiona nieprawidłowo
14:29:40.666 [main] INFO  sudoku.model.SudokuBoard - Bład w kwadracie 0
sudoku.model.SudokuBoard@166ce247[
  size=9
  solver=sudoku.model.BacktrackingSudokuSolver@5d92e8e2
  board={{7,4,5,6,1,3,2,8,9},{8,3,1,2,7,9,4,5,6},{2,6,9,4,5,8,1,3,7},{4,7,2,3,6,1,8,9,5},{1,5,3,7,8,0,0,0,0},{0,0,0,0,0,0,0,0,0},{0,0,0,0,0,0,0,0,0},{0,0,0,0,0,0,0,0,0},{0,0,0,0,0,0,0,0,0}}
]
14:29:40.666 [main] INFO  sudoku.model.SudokuBoard - Wartość 0 wstawiona nieprawidłowo
14:29:40.666 [main] INFO  sudoku.model.SudokuBoard - Bład w kwadracie 0
sudoku.model.SudokuBoard@166ce247[
  size=9
  solver=sudoku.model.BacktrackingSudokuSolver@5d92e8e2
  board={{7,4,5,6,1,3,2,8,9},{8,3,1,2,7,9,4,5,6},{2,6,9,4,5,8,1,3,7},{4,7,2,3,6,1,8,9,5},{1,5,3,7,8,4,6,0,0},{0,0,0,0,0,0,0,0,0},{0,0,0,0,0,0,0,0,0},{0,0,0,0,0,0,0,0,0},{0,0,0,0,0,0,0,0,0}}
]
14:29:40.666 [main] INFO  sudoku.model.SudokuBoard - Wartość 0 wstawiona nieprawidłowo
14:29:40.666 [main] INFO  sudoku.model.SudokuBoard - Bład w kwadracie 0
sudoku.model.SudokuBoard@166ce247[
  size=9
  solver=sudoku.model.BacktrackingSudokuSolver@5d92e8e2
  board={{7,4,5,6,1,3,2,8,9},{8,3,1,2,7,9,4,5,6},{2,6,9,4,5,8,1,3,7},{4,7,2,3,6,1,8,9,5},{1,5,3,7,8,4,0,0,0},{0,0,0,0,0,0,0,0,0},{0,0,0,0,0,0,0,0,0},{0,0,0,0,0,0,0,0,0},{0,0,0,0,0,0,0,0,0}}
]
14:29:40.666 [main] INFO  sudoku.model.SudokuBoard - Wartość 0 wstawiona nieprawidłowo
14:29:40.666 [main] INFO  sudoku.model.SudokuBoard - Bład w kwadracie 0
sudoku.model.SudokuBoard@166ce247[
  size=9
  solver=sudoku.model.BacktrackingSudokuSolver@5d92e8e2
  board={{7,4,5,6,1,3,2,8,9},{8,3,1,2,7,9,4,5,6},{2,6,9,4,5,8,1,3,7},{4,7,2,3,6,1,8,9,5},{1,5,3,7,8,0,0,0,0},{0,0,0,0,0,0,0,0,0},{0,0,0,0,0,0,0,0,0},{0,0,0,0,0,0,0,0,0},{0,0,0,0,0,0,0,0,0}}
]
14:29:40.666 [main] INFO  sudoku.model.SudokuBoard - Wartość 0 wstawiona nieprawidłowo
14:29:40.666 [main] INFO  sudoku.model.SudokuBoard - Bład w kwadracie 0
sudoku.model.SudokuBoard@166ce247[
  size=9
  solver=sudoku.model.BacktrackingSudokuSolver@5d92e8e2
  board={{7,4,5,6,1,3,2,8,9},{8,3,1,2,7,9,4,5,6},{2,6,9,4,5,8,1,3,7},{4,7,2,3,6,1,8,9,5},{1,5,3,7,0,0,0,0,0},{0,0,0,0,0,0,0,0,0},{0,0,0,0,0,0,0,0,0},{0,0,0,0,0,0,0,0,0},{0,0,0,0,0,0,0,0,0}}
]
14:29:40.666 [main] INFO  sudoku.model.SudokuBoard - Wartość 0 wstawiona nieprawidłowo
14:29:40.666 [main] INFO  sudoku.model.SudokuBoard - Bład w kwadracie 0
sudoku.model.SudokuBoard@166ce247[
  size=9
  solver=sudoku.model.BacktrackingSudokuSolver@5d92e8e2
  board={{7,4,5,6,1,3,2,8,9},{8,3,1,2,7,9,4,5,6},{2,6,9,4,5,8,1,3,7},{4,7,2,3,6,1,8,9,5},{1,5,3,7,9,2,6,0,0},{0,0,0,0,0,0,0,0,0},{0,0,0,0,0,0,0,0,0},{0,0,0,0,0,0,0,0,0},{0,0,0,0,0,0,0,0,0}}
]
14:29:40.666 [main] INFO  sudoku.model.SudokuBoard - Wartość 0 wstawiona nieprawidłowo
14:29:40.667 [main] INFO  sudoku.model.SudokuBoard - Bład w kwadracie 0
sudoku.model.SudokuBoard@166ce247[
  size=9
  solver=sudoku.model.BacktrackingSudokuSolver@5d92e8e2
  board={{7,4,5,6,1,3,2,8,9},{8,3,1,2,7,9,4,5,6},{2,6,9,4,5,8,1,3,7},{4,7,2,3,6,1,8,9,5},{1,5,3,7,9,2,0,0,0},{0,0,0,0,0,0,0,0,0},{0,0,0,0,0,0,0,0,0},{0,0,0,0,0,0,0,0,0},{0,0,0,0,0,0,0,0,0}}
]
14:29:40.667 [main] INFO  sudoku.model.SudokuBoard - Wartość 0 wstawiona nieprawidłowo
14:29:40.667 [main] INFO  sudoku.model.SudokuBoard - Bład w kwadracie 0
sudoku.model.SudokuBoard@166ce247[
  size=9
  solver=sudoku.model.BacktrackingSudokuSolver@5d92e8e2
  board={{7,4,5,6,1,3,2,8,9},{8,3,1,2,7,9,4,5,6},{2,6,9,4,5,8,1,3,7},{4,7,2,3,6,1,8,9,5},{1,5,3,7,9,0,0,0,0},{0,0,0,0,0,0,0,0,0},{0,0,0,0,0,0,0,0,0},{0,0,0,0,0,0,0,0,0},{0,0,0,0,0,0,0,0,0}}
]
14:29:40.667 [main] INFO  sudoku.model.SudokuBoard - Wartość 0 wstawiona nieprawidłowo
14:29:40.667 [main] INFO  sudoku.model.SudokuBoard - Bład w kwadracie 0
sudoku.model.SudokuBoard@166ce247[
  size=9
  solver=sudoku.model.BacktrackingSudokuSolver@5d92e8e2
  board={{7,4,5,6,1,3,2,8,9},{8,3,1,2,7,9,4,5,6},{2,6,9,4,5,8,1,3,7},{4,7,2,3,6,1,8,9,5},{1,5,3,7,9,4,6,0,0},{0,0,0,0,0,0,0,0,0},{0,0,0,0,0,0,0,0,0},{0,0,0,0,0,0,0,0,0},{0,0,0,0,0,0,0,0,0}}
]
14:29:40.667 [main] INFO  sudoku.model.SudokuBoard - Wartość 0 wstawiona nieprawidłowo
14:29:40.667 [main] INFO  sudoku.model.SudokuBoard - Bład w kwadracie 0
sudoku.model.SudokuBoard@166ce247[
  size=9
  solver=sudoku.model.BacktrackingSudokuSolver@5d92e8e2
  board={{7,4,5,6,1,3,2,8,9},{8,3,1,2,7,9,4,5,6},{2,6,9,4,5,8,1,3,7},{4,7,2,3,6,1,8,9,5},{1,5,3,7,9,4,0,0,0},{0,0,0,0,0,0,0,0,0},{0,0,0,0,0,0,0,0,0},{0,0,0,0,0,0,0,0,0},{0,0,0,0,0,0,0,0,0}}
]
14:29:40.667 [main] INFO  sudoku.model.SudokuBoard - Wartość 0 wstawiona nieprawidłowo
14:29:40.667 [main] INFO  sudoku.model.SudokuBoard - Bład w kwadracie 0
sudoku.model.SudokuBoard@166ce247[
  size=9
  solver=sudoku.model.BacktrackingSudokuSolver@5d92e8e2
  board={{7,4,5,6,1,3,2,8,9},{8,3,1,2,7,9,4,5,6},{2,6,9,4,5,8,1,3,7},{4,7,2,3,6,1,8,9,5},{1,5,3,7,9,0,0,0,0},{0,0,0,0,0,0,0,0,0},{0,0,0,0,0,0,0,0,0},{0,0,0,0,0,0,0,0,0},{0,0,0,0,0,0,0,0,0}}
]
14:29:40.667 [main] INFO  sudoku.model.SudokuBoard - Wartość 0 wstawiona nieprawidłowo
14:29:40.667 [main] INFO  sudoku.model.SudokuBoard - Bład w kwadracie 0
sudoku.model.SudokuBoard@166ce247[
  size=9
  solver=sudoku.model.BacktrackingSudokuSolver@5d92e8e2
  board={{7,4,5,6,1,3,2,8,9},{8,3,1,2,7,9,4,5,6},{2,6,9,4,5,8,1,3,7},{4,7,2,3,6,1,8,9,5},{1,5,3,7,0,0,0,0,0},{0,0,0,0,0,0,0,0,0},{0,0,0,0,0,0,0,0,0},{0,0,0,0,0,0,0,0,0},{0,0,0,0,0,0,0,0,0}}
]
14:29:40.667 [main] INFO  sudoku.model.SudokuBoard - Wartość 0 wstawiona nieprawidłowo
14:29:40.668 [main] INFO  sudoku.model.SudokuBoard - Bład w kwadracie 0
sudoku.model.SudokuBoard@166ce247[
  size=9
  solver=sudoku.model.BacktrackingSudokuSolver@5d92e8e2
  board={{7,4,5,6,1,3,2,8,9},{8,3,1,2,7,9,4,5,6},{2,6,9,4,5,8,1,3,7},{4,7,2,3,6,1,8,9,5},{1,5,3,7,2,4,0,0,0},{0,0,0,0,0,0,0,0,0},{0,0,0,0,0,0,0,0,0},{0,0,0,0,0,0,0,0,0},{0,0,0,0,0,0,0,0,0}}
]
14:29:40.668 [main] INFO  sudoku.model.SudokuBoard - Wartość 0 wstawiona nieprawidłowo
14:29:40.668 [main] INFO  sudoku.model.SudokuBoard - Bład w kwadracie 0
sudoku.model.SudokuBoard@166ce247[
  size=9
  solver=sudoku.model.BacktrackingSudokuSolver@5d92e8e2
  board={{7,4,5,6,1,3,2,8,9},{8,3,1,2,7,9,4,5,6},{2,6,9,4,5,8,1,3,7},{4,7,2,3,6,1,8,9,5},{1,5,3,7,2,0,0,0,0},{0,0,0,0,0,0,0,0,0},{0,0,0,0,0,0,0,0,0},{0,0,0,0,0,0,0,0,0},{0,0,0,0,0,0,0,0,0}}
]
14:29:40.668 [main] INFO  sudoku.model.SudokuBoard - Wartość 0 wstawiona nieprawidłowo
14:29:40.668 [main] INFO  sudoku.model.SudokuBoard - Bład w kwadracie 0
sudoku.model.SudokuBoard@166ce247[
  size=9
  solver=sudoku.model.BacktrackingSudokuSolver@5d92e8e2
  board={{7,4,5,6,1,3,2,8,9},{8,3,1,2,7,9,4,5,6},{2,6,9,4,5,8,1,3,7},{4,7,2,3,6,1,8,9,5},{1,5,3,7,0,0,0,0,0},{0,0,0,0,0,0,0,0,0},{0,0,0,0,0,0,0,0,0},{0,0,0,0,0,0,0,0,0},{0,0,0,0,0,0,0,0,0}}
]
14:29:40.668 [main] INFO  sudoku.model.SudokuBoard - Wartość 0 wstawiona nieprawidłowo
14:29:40.668 [main] INFO  sudoku.model.SudokuBoard - Bład w kwadracie 0
sudoku.model.SudokuBoard@166ce247[
  size=9
  solver=sudoku.model.BacktrackingSudokuSolver@5d92e8e2
  board={{7,4,5,6,1,3,2,8,9},{8,3,1,2,7,9,4,5,6},{2,6,9,4,5,8,1,3,7},{4,7,2,3,6,1,8,9,5},{1,5,3,0,0,0,0,0,0},{0,0,0,0,0,0,0,0,0},{0,0,0,0,0,0,0,0,0},{0,0,0,0,0,0,0,0,0},{0,0,0,0,0,0,0,0,0}}
]
14:29:40.668 [main] INFO  sudoku.model.SudokuBoard - Wartość 0 wstawiona nieprawidłowo
14:29:40.668 [main] INFO  sudoku.model.SudokuBoard - Bład w kwadracie 0
sudoku.model.SudokuBoard@166ce247[
  size=9
  solver=sudoku.model.BacktrackingSudokuSolver@5d92e8e2
  board={{7,4,5,6,1,3,2,8,9},{8,3,1,2,7,9,4,5,6},{2,6,9,4,5,8,1,3,7},{4,7,2,3,6,1,8,9,5},{1,5,3,8,4,2,6,0,0},{0,0,0,0,0,0,0,0,0},{0,0,0,0,0,0,0,0,0},{0,0,0,0,0,0,0,0,0},{0,0,0,0,0,0,0,0,0}}
]
14:29:40.668 [main] INFO  sudoku.model.SudokuBoard - Wartość 0 wstawiona nieprawidłowo
14:29:40.668 [main] INFO  sudoku.model.SudokuBoard - Bład w kwadracie 0
sudoku.model.SudokuBoard@166ce247[
  size=9
  solver=sudoku.model.BacktrackingSudokuSolver@5d92e8e2
  board={{7,4,5,6,1,3,2,8,9},{8,3,1,2,7,9,4,5,6},{2,6,9,4,5,8,1,3,7},{4,7,2,3,6,1,8,9,5},{1,5,3,8,4,2,0,0,0},{0,0,0,0,0,0,0,0,0},{0,0,0,0,0,0,0,0,0},{0,0,0,0,0,0,0,0,0},{0,0,0,0,0,0,0,0,0}}
]
14:29:40.668 [main] INFO  sudoku.model.SudokuBoard - Wartość 0 wstawiona nieprawidłowo
14:29:40.668 [main] INFO  sudoku.model.SudokuBoard - Bład w kwadracie 0
sudoku.model.SudokuBoard@166ce247[
  size=9
  solver=sudoku.model.BacktrackingSudokuSolver@5d92e8e2
  board={{7,4,5,6,1,3,2,8,9},{8,3,1,2,7,9,4,5,6},{2,6,9,4,5,8,1,3,7},{4,7,2,3,6,1,8,9,5},{1,5,3,8,4,2,7,0,0},{0,0,0,0,0,0,0,0,0},{0,0,0,0,0,0,0,0,0},{0,0,0,0,0,0,0,0,0},{0,0,0,0,0,0,0,0,0}}
]
14:29:40.668 [main] INFO  sudoku.model.SudokuBoard - Wartość 0 wstawiona nieprawidłowo
14:29:40.668 [main] INFO  sudoku.model.SudokuBoard - Bład w kwadracie 0
sudoku.model.SudokuBoard@166ce247[
  size=9
  solver=sudoku.model.BacktrackingSudokuSolver@5d92e8e2
  board={{7,4,5,6,1,3,2,8,9},{8,3,1,2,7,9,4,5,6},{2,6,9,4,5,8,1,3,7},{4,7,2,3,6,1,8,9,5},{1,5,3,8,4,2,0,0,0},{0,0,0,0,0,0,0,0,0},{0,0,0,0,0,0,0,0,0},{0,0,0,0,0,0,0,0,0},{0,0,0,0,0,0,0,0,0}}
]
14:29:40.669 [main] INFO  sudoku.model.SudokuBoard - Wartość 0 wstawiona nieprawidłowo
14:29:40.669 [main] INFO  sudoku.model.SudokuBoard - Bład w kwadracie 0
sudoku.model.SudokuBoard@166ce247[
  size=9
  solver=sudoku.model.BacktrackingSudokuSolver@5d92e8e2
  board={{7,4,5,6,1,3,2,8,9},{8,3,1,2,7,9,4,5,6},{2,6,9,4,5,8,1,3,7},{4,7,2,3,6,1,8,9,5},{1,5,3,8,4,0,0,0,0},{0,0,0,0,0,0,0,0,0},{0,0,0,0,0,0,0,0,0},{0,0,0,0,0,0,0,0,0},{0,0,0,0,0,0,0,0,0}}
]
14:29:40.669 [main] INFO  sudoku.model.SudokuBoard - Wartość 0 wstawiona nieprawidłowo
14:29:40.669 [main] INFO  sudoku.model.SudokuBoard - Bład w kwadracie 0
sudoku.model.SudokuBoard@166ce247[
  size=9
  solver=sudoku.model.BacktrackingSudokuSolver@5d92e8e2
  board={{7,4,5,6,1,3,2,8,9},{8,3,1,2,7,9,4,5,6},{2,6,9,4,5,8,1,3,7},{4,7,2,3,6,1,8,9,5},{1,5,3,8,4,7,6,0,0},{0,0,0,0,0,0,0,0,0},{0,0,0,0,0,0,0,0,0},{0,0,0,0,0,0,0,0,0},{0,0,0,0,0,0,0,0,0}}
]
14:29:40.669 [main] INFO  sudoku.model.SudokuBoard - Wartość 0 wstawiona nieprawidłowo
14:29:40.669 [main] INFO  sudoku.model.SudokuBoard - Bład w kwadracie 0
sudoku.model.SudokuBoard@166ce247[
  size=9
  solver=sudoku.model.BacktrackingSudokuSolver@5d92e8e2
  board={{7,4,5,6,1,3,2,8,9},{8,3,1,2,7,9,4,5,6},{2,6,9,4,5,8,1,3,7},{4,7,2,3,6,1,8,9,5},{1,5,3,8,4,7,0,0,0},{0,0,0,0,0,0,0,0,0},{0,0,0,0,0,0,0,0,0},{0,0,0,0,0,0,0,0,0},{0,0,0,0,0,0,0,0,0}}
]
14:29:40.669 [main] INFO  sudoku.model.SudokuBoard - Wartość 0 wstawiona nieprawidłowo
14:29:40.669 [main] INFO  sudoku.model.SudokuBoard - Bład w kwadracie 0
sudoku.model.SudokuBoard@166ce247[
  size=9
  solver=sudoku.model.BacktrackingSudokuSolver@5d92e8e2
  board={{7,4,5,6,1,3,2,8,9},{8,3,1,2,7,9,4,5,6},{2,6,9,4,5,8,1,3,7},{4,7,2,3,6,1,8,9,5},{1,5,3,8,4,0,0,0,0},{0,0,0,0,0,0,0,0,0},{0,0,0,0,0,0,0,0,0},{0,0,0,0,0,0,0,0,0},{0,0,0,0,0,0,0,0,0}}
]
14:29:40.669 [main] INFO  sudoku.model.SudokuBoard - Wartość 0 wstawiona nieprawidłowo
14:29:40.669 [main] INFO  sudoku.model.SudokuBoard - Bład w kwadracie 0
sudoku.model.SudokuBoard@166ce247[
  size=9
  solver=sudoku.model.BacktrackingSudokuSolver@5d92e8e2
  board={{7,4,5,6,1,3,2,8,9},{8,3,1,2,7,9,4,5,6},{2,6,9,4,5,8,1,3,7},{4,7,2,3,6,1,8,9,5},{1,5,3,8,0,0,0,0,0},{0,0,0,0,0,0,0,0,0},{0,0,0,0,0,0,0,0,0},{0,0,0,0,0,0,0,0,0},{0,0,0,0,0,0,0,0,0}}
]
14:29:40.669 [main] INFO  sudoku.model.SudokuBoard - Wartość 0 wstawiona nieprawidłowo
14:29:40.669 [main] INFO  sudoku.model.SudokuBoard - Bład w kwadracie 0
sudoku.model.SudokuBoard@166ce247[
  size=9
  solver=sudoku.model.BacktrackingSudokuSolver@5d92e8e2
  board={{7,4,5,6,1,3,2,8,9},{8,3,1,2,7,9,4,5,6},{2,6,9,4,5,8,1,3,7},{4,7,2,3,6,1,8,9,5},{1,5,3,8,9,4,6,7,2},{9,8,6,5,2,7,3,1,4},{3,9,4,7,8,2,5,6,1},{6,1,7,9,3,0,0,0,0},{0,0,0,0,0,0,0,0,0}}
]
14:29:40.669 [main] INFO  sudoku.model.SudokuBoard - Wartość 0 wstawiona nieprawidłowo
14:29:40.670 [main] INFO  sudoku.model.SudokuBoard - Bład w kwadracie 0
sudoku.model.SudokuBoard@166ce247[
  size=9
  solver=sudoku.model.BacktrackingSudokuSolver@5d92e8e2
  board={{7,4,5,6,1,3,2,8,9},{8,3,1,2,7,9,4,5,6},{2,6,9,4,5,8,1,3,7},{4,7,2,3,6,1,8,9,5},{1,5,3,8,9,4,6,7,2},{9,8,6,5,2,7,3,1,4},{3,9,4,7,8,2,5,6,1},{6,1,7,9,0,0,0,0,0},{0,0,0,0,0,0,0,0,0}}
]
14:29:40.670 [main] INFO  sudoku.model.SudokuBoard - Wartość 0 wstawiona nieprawidłowo
14:29:40.670 [main] INFO  sudoku.model.SudokuBoard - Bład w kwadracie 0
sudoku.model.SudokuBoard@166ce247[
  size=9
  solver=sudoku.model.BacktrackingSudokuSolver@5d92e8e2
  board={{7,4,5,6,1,3,2,8,9},{8,3,1,2,7,9,4,5,6},{2,6,9,4,5,8,1,3,7},{4,7,2,3,6,1,8,9,5},{1,5,3,8,9,4,6,7,2},{9,8,6,5,2,7,3,1,4},{3,9,4,7,8,2,5,6,1},{6,1,7,9,4,0,0,0,0},{0,0,0,0,0,0,0,0,0}}
]
14:29:40.670 [main] INFO  sudoku.model.SudokuBoard - Wartość 0 wstawiona nieprawidłowo
14:29:40.670 [main] INFO  sudoku.model.SudokuBoard - Bład w kwadracie 0
sudoku.model.SudokuBoard@166ce247[
  size=9
  solver=sudoku.model.BacktrackingSudokuSolver@5d92e8e2
  board={{7,4,5,6,1,3,2,8,9},{8,3,1,2,7,9,4,5,6},{2,6,9,4,5,8,1,3,7},{4,7,2,3,6,1,8,9,5},{1,5,3,8,9,4,6,7,2},{9,8,6,5,2,7,3,1,4},{3,9,4,7,8,2,5,6,1},{6,1,7,9,0,0,0,0,0},{0,0,0,0,0,0,0,0,0}}
]
14:29:40.670 [main] INFO  sudoku.model.SudokuBoard - Wartość 0 wstawiona nieprawidłowo
14:29:40.670 [main] INFO  sudoku.model.SudokuBoard - Bład w kwadracie 0
sudoku.model.SudokuBoard@166ce247[
  size=9
  solver=sudoku.model.BacktrackingSudokuSolver@5d92e8e2
  board={{7,4,5,6,1,3,2,8,9},{8,3,1,2,7,9,4,5,6},{2,6,9,4,5,8,1,3,7},{4,7,2,3,6,1,8,9,5},{1,5,3,8,9,4,6,7,2},{9,8,6,5,2,7,3,1,4},{3,9,4,7,8,2,5,6,1},{6,1,7,0,0,0,0,0,0},{0,0,0,0,0,0,0,0,0}}
]
14:29:40.670 [main] INFO  sudoku.model.SudokuBoard - Wartość 0 wstawiona nieprawidłowo
14:29:40.670 [main] INFO  sudoku.model.SudokuBoard - Bład w kwadracie 0
sudoku.model.SudokuBoard@166ce247[
  size=9
  solver=sudoku.model.BacktrackingSudokuSolver@5d92e8e2
  board={{7,4,5,6,1,3,2,8,9},{8,3,1,2,7,9,4,5,6},{2,6,9,4,5,8,1,3,7},{4,7,2,3,6,1,8,9,5},{1,5,3,8,9,4,6,7,2},{9,8,6,5,2,7,3,1,4},{3,9,4,7,8,2,5,6,1},{6,1,0,0,0,0,0,0,0},{0,0,0,0,0,0,0,0,0}}
]
14:29:40.670 [main] INFO  sudoku.model.SudokuBoard - Wartość 0 wstawiona nieprawidłowo
14:29:40.670 [main] INFO  sudoku.model.SudokuBoard - Bład w kwadracie 0
sudoku.model.SudokuBoard@166ce247[
  size=9
  solver=sudoku.model.BacktrackingSudokuSolver@5d92e8e2
  board={{7,4,5,6,1,3,2,8,9},{8,3,1,2,7,9,4,5,6},{2,6,9,4,5,8,1,3,7},{4,7,2,3,6,1,8,9,5},{1,5,3,8,9,4,6,7,2},{9,8,6,5,2,7,3,1,4},{3,9,4,7,8,2,5,6,1},{6,1,8,9,3,5,7,0,0},{0,0,0,0,0,0,0,0,0}}
]
14:29:40.670 [main] INFO  sudoku.model.SudokuBoard - Wartość 0 wstawiona nieprawidłowo
14:29:40.670 [main] INFO  sudoku.model.SudokuBoard - Bład w kwadracie 0
sudoku.model.SudokuBoard@166ce247[
  size=9
  solver=sudoku.model.BacktrackingSudokuSolver@5d92e8e2
  board={{7,4,5,6,1,3,2,8,9},{8,3,1,2,7,9,4,5,6},{2,6,9,4,5,8,1,3,7},{4,7,2,3,6,1,8,9,5},{1,5,3,8,9,4,6,7,2},{9,8,6,5,2,7,3,1,4},{3,9,4,7,8,2,5,6,1},{6,1,8,9,3,5,7,0,0},{0,0,0,0,0,0,0,0,0}}
]
14:29:40.670 [main] INFO  sudoku.model.SudokuBoard - Wartość 0 wstawiona nieprawidłowo
14:29:40.671 [main] INFO  sudoku.model.SudokuBoard - Bład w kwadracie 0
sudoku.model.SudokuBoard@166ce247[
  size=9
  solver=sudoku.model.BacktrackingSudokuSolver@5d92e8e2
  board={{7,4,5,6,1,3,2,8,9},{8,3,1,2,7,9,4,5,6},{2,6,9,4,5,8,1,3,7},{4,7,2,3,6,1,8,9,5},{1,5,3,8,9,4,6,7,2},{9,8,6,5,2,7,3,1,4},{3,9,4,7,8,2,5,6,1},{6,1,8,9,3,5,0,0,0},{0,0,0,0,0,0,0,0,0}}
]
14:29:40.671 [main] INFO  sudoku.model.SudokuBoard - Wartość 0 wstawiona nieprawidłowo
14:29:40.671 [main] INFO  sudoku.model.SudokuBoard - Bład w kwadracie 0
sudoku.model.SudokuBoard@166ce247[
  size=9
  solver=sudoku.model.BacktrackingSudokuSolver@5d92e8e2
  board={{7,4,5,6,1,3,2,8,9},{8,3,1,2,7,9,4,5,6},{2,6,9,4,5,8,1,3,7},{4,7,2,3,6,1,8,9,5},{1,5,3,8,9,4,6,7,2},{9,8,6,5,2,7,3,1,4},{3,9,4,7,8,2,5,6,1},{6,1,8,9,3,0,0,0,0},{0,0,0,0,0,0,0,0,0}}
]
14:29:40.671 [main] INFO  sudoku.model.SudokuBoard - Wartość 0 wstawiona nieprawidłowo
14:29:40.671 [main] INFO  sudoku.model.SudokuBoard - Bład w kwadracie 0
sudoku.model.SudokuBoard@166ce247[
  size=9
  solver=sudoku.model.BacktrackingSudokuSolver@5d92e8e2
  board={{7,4,5,6,1,3,2,8,9},{8,3,1,2,7,9,4,5,6},{2,6,9,4,5,8,1,3,7},{4,7,2,3,6,1,8,9,5},{1,5,3,8,9,4,6,7,2},{9,8,6,5,2,7,3,1,4},{3,9,4,7,8,2,5,6,1},{6,1,8,9,0,0,0,0,0},{0,0,0,0,0,0,0,0,0}}
]
14:29:40.671 [main] INFO  sudoku.model.SudokuBoard - Wartość 0 wstawiona nieprawidłowo
14:29:40.671 [main] INFO  sudoku.model.SudokuBoard - Bład w kwadracie 0
sudoku.model.SudokuBoard@166ce247[
  size=9
  solver=sudoku.model.BacktrackingSudokuSolver@5d92e8e2
  board={{7,4,5,6,1,3,2,8,9},{7,3,1,2,7,9,4,5,6},{2,6,9,4,5,8,1,3,7},{4,7,2,3,6,1,8,9,5},{1,5,3,8,9,4,6,7,2},{9,8,6,5,2,7,3,1,4},{3,9,4,7,8,2,5,6,1},{6,1,8,9,4,5,7,2,3},{5,2,7,1,3,6,9,4,8}}
]
14:29:40.671 [main] INFO  sudoku.model.SudokuBoard - Wartość 7 wstawiona nieprawidłowo
14:29:40.671 [main] INFO  sudoku.model.SudokuBoard - Bład w kwadracie 0
sudoku.model.SudokuBoard@166ce247[
  size=9
  solver=sudoku.model.BacktrackingSudokuSolver@5d92e8e2
  board={{7,4,5,6,1,3,2,8,9},{7,3,1,2,7,9,4,5,6},{7,6,9,4,5,8,1,3,7},{4,7,2,3,6,1,8,9,5},{1,5,3,8,9,4,6,7,2},{9,8,6,5,2,7,3,1,4},{3,9,4,7,8,2,5,6,1},{6,1,8,9,4,5,7,2,3},{5,2,7,1,3,6,9,4,8}}
]
14:29:40.671 [main] INFO  sudoku.model.SudokuBoard - Wartość 7 wstawiona nieprawidłowo
14:29:40.671 [main] INFO  sudoku.model.SudokuBoard - Bład w kwadracie 0
sudoku.model.SudokuBoard@e881e46[
  size=9
  solver=sudoku.model.BacktrackingSudokuSolver@5d92e8e2
  board={{7,4,5,6,1,3,2,8,9},{7,3,1,2,7,9,4,5,6},{7,6,9,4,5,8,1,3,7},{4,7,2,3,6,1,8,9,5},{1,5,3,8,9,4,6,7,2},{9,8,6,5,2,7,3,1,4},{3,9,4,7,8,2,5,6,1},{6,1,8,9,4,5,7,2,3},{5,2,7,1,3,6,9,4,8}}
]
]]></system-out>
  </testcase>
  <testcase name="testEqualsNull" classname="sudoku.model.SudokuBoardTest" time="0.001"/>
  <testcase name="testEqualsSame" classname="sudoku.model.SudokuBoardTest" time="0.001"/>
  <testcase name="checkBoardTest" classname="sudoku.model.SudokuBoardTest" time="0.042">
    <system-out><![CDATA[14:29:40.676 [main] INFO  sudoku.model.SudokuBoard - Bład w kwadracie 0
sudoku.model.SudokuBoard@2cea921a[
  size=9
  solver=sudoku.model.BacktrackingSudokuSolver@65753724
  board={{8,9,1,2,3,7,4,5,6},{6,2,4,9,1,8,3,0,0},{0,0,0,0,0,0,0,0,0},{0,0,0,0,0,0,0,0,0},{0,0,0,0,0,0,0,0,0},{0,0,0,0,0,0,0,0,0},{0,0,0,0,0,0,0,0,0},{0,0,0,0,0,0,0,0,0},{0,0,0,0,0,0,0,0,0}}
]
14:29:40.676 [main] INFO  sudoku.model.SudokuBoard - Wartość 0 wstawiona nieprawidłowo
14:29:40.676 [main] INFO  sudoku.model.SudokuBoard - Bład w kwadracie 0
sudoku.model.SudokuBoard@2cea921a[
  size=9
  solver=sudoku.model.BacktrackingSudokuSolver@65753724
  board={{8,9,1,2,3,7,4,5,6},{6,2,4,9,1,8,0,0,0},{0,0,0,0,0,0,0,0,0},{0,0,0,0,0,0,0,0,0},{0,0,0,0,0,0,0,0,0},{0,0,0,0,0,0,0,0,0},{0,0,0,0,0,0,0,0,0},{0,0,0,0,0,0,0,0,0},{0,0,0,0,0,0,0,0,0}}
]
14:29:40.676 [main] INFO  sudoku.model.SudokuBoard - Wartość 0 wstawiona nieprawidłowo
14:29:40.676 [main] INFO  sudoku.model.SudokuBoard - Bład w kwadracie 0
sudoku.model.SudokuBoard@2cea921a[
  size=9
  solver=sudoku.model.BacktrackingSudokuSolver@65753724
  board={{8,9,1,2,3,7,4,5,6},{6,2,4,9,1,8,7,0,0},{0,0,0,0,0,0,0,0,0},{0,0,0,0,0,0,0,0,0},{0,0,0,0,0,0,0,0,0},{0,0,0,0,0,0,0,0,0},{0,0,0,0,0,0,0,0,0},{0,0,0,0,0,0,0,0,0},{0,0,0,0,0,0,0,0,0}}
]
14:29:40.676 [main] INFO  sudoku.model.SudokuBoard - Wartość 0 wstawiona nieprawidłowo
14:29:40.676 [main] INFO  sudoku.model.SudokuBoard - Bład w kwadracie 0
sudoku.model.SudokuBoard@2cea921a[
  size=9
  solver=sudoku.model.BacktrackingSudokuSolver@65753724
  board={{8,9,1,2,3,7,4,5,6},{6,2,4,9,1,8,0,0,0},{0,0,0,0,0,0,0,0,0},{0,0,0,0,0,0,0,0,0},{0,0,0,0,0,0,0,0,0},{0,0,0,0,0,0,0,0,0},{0,0,0,0,0,0,0,0,0},{0,0,0,0,0,0,0,0,0},{0,0,0,0,0,0,0,0,0}}
]
14:29:40.676 [main] INFO  sudoku.model.SudokuBoard - Wartość 0 wstawiona nieprawidłowo
14:29:40.676 [main] INFO  sudoku.model.SudokuBoard - Bład w kwadracie 0
sudoku.model.SudokuBoard@2cea921a[
  size=9
  solver=sudoku.model.BacktrackingSudokuSolver@65753724
  board={{8,9,1,2,3,7,4,5,6},{6,2,4,9,1,0,0,0,0},{0,0,0,0,0,0,0,0,0},{0,0,0,0,0,0,0,0,0},{0,0,0,0,0,0,0,0,0},{0,0,0,0,0,0,0,0,0},{0,0,0,0,0,0,0,0,0},{0,0,0,0,0,0,0,0,0},{0,0,0,0,0,0,0,0,0}}
]
14:29:40.676 [main] INFO  sudoku.model.SudokuBoard - Wartość 0 wstawiona nieprawidłowo
14:29:40.677 [main] INFO  sudoku.model.SudokuBoard - Bład w kwadracie 0
sudoku.model.SudokuBoard@2cea921a[
  size=9
  solver=sudoku.model.BacktrackingSudokuSolver@65753724
  board={{8,9,1,2,3,7,4,5,6},{6,2,4,9,1,5,3,7,8},{7,3,5,4,6,8,2,9,1},{9,4,2,3,5,1,6,8,7},{3,6,8,7,2,9,5,0,0},{0,0,0,0,0,0,0,0,0},{0,0,0,0,0,0,0,0,0},{0,0,0,0,0,0,0,0,0},{0,0,0,0,0,0,0,0,0}}
]
14:29:40.677 [main] INFO  sudoku.model.SudokuBoard - Wartość 0 wstawiona nieprawidłowo
14:29:40.677 [main] INFO  sudoku.model.SudokuBoard - Bład w kwadracie 0
sudoku.model.SudokuBoard@2cea921a[
  size=9
  solver=sudoku.model.BacktrackingSudokuSolver@65753724
  board={{8,9,1,2,3,7,4,5,6},{6,2,4,9,1,5,3,7,8},{7,3,5,4,6,8,2,9,1},{9,4,2,3,5,1,6,8,7},{3,6,8,7,2,9,5,1,4},{1,0,0,0,0,0,0,0,0},{0,0,0,0,0,0,0,0,0},{0,0,0,0,0,0,0,0,0},{0,0,0,0,0,0,0,0,0}}
]
14:29:40.677 [main] INFO  sudoku.model.SudokuBoard - Wartość 0 wstawiona nieprawidłowo
14:29:40.677 [main] INFO  sudoku.model.SudokuBoard - Bład w kwadracie 0
sudoku.model.SudokuBoard@2cea921a[
  size=9
  solver=sudoku.model.BacktrackingSudokuSolver@65753724
  board={{8,9,1,2,3,7,4,5,6},{6,2,4,9,1,5,3,7,8},{7,3,5,4,6,8,2,9,1},{9,4,2,3,5,1,6,8,7},{3,6,8,7,2,9,5,1,4},{1,5,7,6,0,0,0,0,0},{0,0,0,0,0,0,0,0,0},{0,0,0,0,0,0,0,0,0},{0,0,0,0,0,0,0,0,0}}
]
14:29:40.677 [main] INFO  sudoku.model.SudokuBoard - Wartość 0 wstawiona nieprawidłowo
14:29:40.677 [main] INFO  sudoku.model.SudokuBoard - Bład w kwadracie 0
sudoku.model.SudokuBoard@2cea921a[
  size=9
  solver=sudoku.model.BacktrackingSudokuSolver@65753724
  board={{8,9,1,2,3,7,4,5,6},{6,2,4,9,1,5,3,7,8},{7,3,5,4,6,8,2,9,1},{9,4,2,3,5,1,6,8,7},{3,6,8,7,2,9,5,1,4},{1,5,7,6,8,4,9,2,3},{2,7,9,8,4,3,1,6,5},{4,8,3,1,7,0,0,0,0},{0,0,0,0,0,0,0,0,0}}
]
14:29:40.677 [main] INFO  sudoku.model.SudokuBoard - Wartość 0 wstawiona nieprawidłowo
14:29:40.677 [main] INFO  sudoku.model.SudokuBoard - Bład w kwadracie 0
sudoku.model.SudokuBoard@2cea921a[
  size=9
  solver=sudoku.model.BacktrackingSudokuSolver@65753724
  board={{8,9,1,2,3,7,4,5,6},{6,2,4,9,1,5,3,7,8},{7,3,5,4,6,8,2,9,1},{9,4,2,3,5,1,6,8,7},{3,6,8,7,2,9,5,1,4},{1,5,7,6,8,4,9,2,3},{2,7,9,8,4,3,1,6,5},{4,8,3,1,7,0,0,0,0},{0,0,0,0,0,0,0,0,0}}
]
14:29:40.677 [main] INFO  sudoku.model.SudokuBoard - Wartość 0 wstawiona nieprawidłowo
14:29:40.677 [main] INFO  sudoku.model.SudokuBoard - Bład w kwadracie 0
sudoku.model.SudokuBoard@2cea921a[
  size=9
  solver=sudoku.model.BacktrackingSudokuSolver@65753724
  board={{8,9,1,2,3,7,4,5,6},{6,2,4,9,1,5,3,7,8},{7,3,5,4,6,8,2,9,1},{9,4,2,3,5,1,6,8,7},{3,6,8,7,2,9,5,1,4},{1,5,7,6,8,4,9,2,3},{2,7,9,8,4,3,1,6,5},{4,8,3,1,0,0,0,0,0},{0,0,0,0,0,0,0,0,0}}
]
14:29:40.677 [main] INFO  sudoku.model.SudokuBoard - Wartość 0 wstawiona nieprawidłowo
14:29:40.677 [main] INFO  sudoku.model.SudokuBoard - Bład w kwadracie 0
sudoku.model.SudokuBoard@2cea921a[
  size=9
  solver=sudoku.model.BacktrackingSudokuSolver@65753724
  board={{8,9,1,2,3,7,4,5,6},{6,2,4,9,1,5,3,7,8},{7,3,5,4,6,8,2,9,1},{9,4,2,3,5,1,6,8,7},{3,6,8,7,2,9,5,1,4},{1,5,7,6,8,4,9,2,3},{2,7,9,8,4,3,1,6,5},{4,8,3,1,9,2,0,0,0},{0,0,0,0,0,0,0,0,0}}
]
14:29:40.678 [main] INFO  sudoku.model.SudokuBoard - Wartość 0 wstawiona nieprawidłowo
14:29:40.678 [main] INFO  sudoku.model.SudokuBoard - Bład w kwadracie 0
sudoku.model.SudokuBoard@2cea921a[
  size=9
  solver=sudoku.model.BacktrackingSudokuSolver@65753724
  board={{8,9,1,2,3,7,4,5,6},{6,2,4,9,1,5,3,7,8},{7,3,5,4,6,8,2,9,1},{9,4,2,3,5,1,6,8,7},{3,6,8,7,2,9,5,1,4},{1,5,7,6,8,4,9,2,3},{2,7,9,8,4,3,1,6,5},{4,8,3,1,9,0,0,0,0},{0,0,0,0,0,0,0,0,0}}
]
14:29:40.678 [main] INFO  sudoku.model.SudokuBoard - Wartość 0 wstawiona nieprawidłowo
14:29:40.678 [main] INFO  sudoku.model.SudokuBoard - Bład w kwadracie 0
sudoku.model.SudokuBoard@2cea921a[
  size=9
  solver=sudoku.model.BacktrackingSudokuSolver@65753724
  board={{8,9,1,2,3,7,4,5,6},{6,2,4,9,1,5,3,7,8},{7,3,5,4,6,8,2,9,1},{9,4,2,3,5,1,6,8,7},{3,6,8,7,2,9,5,1,4},{1,5,7,6,8,4,9,2,3},{2,7,9,8,4,3,1,6,5},{4,8,3,1,9,6,0,0,0},{0,0,0,0,0,0,0,0,0}}
]
14:29:40.678 [main] INFO  sudoku.model.SudokuBoard - Wartość 0 wstawiona nieprawidłowo
14:29:40.678 [main] INFO  sudoku.model.SudokuBoard - Bład w kwadracie 0
sudoku.model.SudokuBoard@2cea921a[
  size=9
  solver=sudoku.model.BacktrackingSudokuSolver@65753724
  board={{8,9,1,2,3,7,4,5,6},{6,2,4,9,1,5,3,7,8},{7,3,5,4,6,8,2,9,1},{9,4,2,3,5,1,6,8,7},{3,6,8,7,2,9,5,1,4},{1,5,7,6,8,4,9,2,3},{2,7,9,8,4,3,1,6,5},{4,8,3,1,9,0,0,0,0},{0,0,0,0,0,0,0,0,0}}
]
14:29:40.678 [main] INFO  sudoku.model.SudokuBoard - Wartość 0 wstawiona nieprawidłowo
14:29:40.678 [main] INFO  sudoku.model.SudokuBoard - Bład w kwadracie 0
sudoku.model.SudokuBoard@2cea921a[
  size=9
  solver=sudoku.model.BacktrackingSudokuSolver@65753724
  board={{8,9,1,2,3,7,4,5,6},{6,2,4,9,1,5,3,7,8},{7,3,5,4,6,8,2,9,1},{9,4,2,3,5,1,6,8,7},{3,6,8,7,2,9,5,1,4},{1,5,7,6,8,4,9,2,3},{2,7,9,8,4,3,1,6,5},{4,8,3,1,0,0,0,0,0},{0,0,0,0,0,0,0,0,0}}
]
14:29:40.678 [main] INFO  sudoku.model.SudokuBoard - Wartość 0 wstawiona nieprawidłowo
14:29:40.678 [main] INFO  sudoku.model.SudokuBoard - Bład w kwadracie 0
sudoku.model.SudokuBoard@2cea921a[
  size=9
  solver=sudoku.model.BacktrackingSudokuSolver@65753724
  board={{8,9,1,2,3,7,4,5,6},{6,2,4,9,1,5,3,7,8},{7,3,5,4,6,8,2,9,1},{9,4,2,3,5,1,6,8,7},{3,6,8,7,2,9,5,1,4},{1,5,7,6,8,4,9,2,3},{2,7,9,8,4,3,1,6,5},{4,8,3,0,0,0,0,0,0},{0,0,0,0,0,0,0,0,0}}
]
14:29:40.678 [main] INFO  sudoku.model.SudokuBoard - Wartość 0 wstawiona nieprawidłowo
14:29:40.678 [main] INFO  sudoku.model.SudokuBoard - Bład w kwadracie 0
sudoku.model.SudokuBoard@2cea921a[
  size=9
  solver=sudoku.model.BacktrackingSudokuSolver@65753724
  board={{8,9,1,2,3,7,4,5,6},{6,2,4,9,1,5,3,7,8},{7,3,5,4,6,8,2,9,1},{9,4,2,3,5,1,6,8,7},{3,6,8,7,2,9,5,1,4},{1,5,7,6,8,4,9,2,3},{2,7,9,8,4,3,1,6,5},{4,8,3,5,7,0,0,0,0},{0,0,0,0,0,0,0,0,0}}
]
14:29:40.678 [main] INFO  sudoku.model.SudokuBoard - Wartość 0 wstawiona nieprawidłowo
14:29:40.678 [main] INFO  sudoku.model.SudokuBoard - Bład w kwadracie 0
sudoku.model.SudokuBoard@2cea921a[
  size=9
  solver=sudoku.model.BacktrackingSudokuSolver@65753724
  board={{8,9,1,2,3,7,4,5,6},{6,2,4,9,1,5,3,7,8},{7,3,5,4,6,8,2,9,1},{9,4,2,3,5,1,6,8,7},{3,6,8,7,2,9,5,1,4},{1,5,7,6,8,4,9,2,3},{2,7,9,8,4,3,1,6,5},{4,8,3,5,7,0,0,0,0},{0,0,0,0,0,0,0,0,0}}
]
14:29:40.678 [main] INFO  sudoku.model.SudokuBoard - Wartość 0 wstawiona nieprawidłowo
14:29:40.679 [main] INFO  sudoku.model.SudokuBoard - Bład w kwadracie 0
sudoku.model.SudokuBoard@2cea921a[
  size=9
  solver=sudoku.model.BacktrackingSudokuSolver@65753724
  board={{8,9,1,2,3,7,4,5,6},{6,2,4,9,1,5,3,7,8},{7,3,5,4,6,8,2,9,1},{9,4,2,3,5,1,6,8,7},{3,6,8,7,2,9,5,1,4},{1,5,7,6,8,4,9,2,3},{2,7,9,8,4,3,1,6,5},{4,8,3,5,0,0,0,0,0},{0,0,0,0,0,0,0,0,0}}
]
14:29:40.679 [main] INFO  sudoku.model.SudokuBoard - Wartość 0 wstawiona nieprawidłowo
14:29:40.679 [main] INFO  sudoku.model.SudokuBoard - Bład w kwadracie 0
sudoku.model.SudokuBoard@2cea921a[
  size=9
  solver=sudoku.model.BacktrackingSudokuSolver@65753724
  board={{8,9,1,2,3,7,4,5,6},{6,2,4,9,1,5,3,7,8},{7,3,5,4,6,8,2,9,1},{9,4,2,3,5,1,6,8,7},{3,6,8,7,2,9,5,1,4},{1,5,7,6,8,4,9,2,3},{2,7,9,8,4,3,1,6,5},{4,8,3,5,9,6,0,0,0},{0,0,0,0,0,0,0,0,0}}
]
14:29:40.679 [main] INFO  sudoku.model.SudokuBoard - Wartość 0 wstawiona nieprawidłowo
14:29:40.679 [main] INFO  sudoku.model.SudokuBoard - Bład w kwadracie 0
sudoku.model.SudokuBoard@2cea921a[
  size=9
  solver=sudoku.model.BacktrackingSudokuSolver@65753724
  board={{8,9,1,2,3,7,4,5,6},{6,2,4,9,1,5,3,7,8},{7,3,5,4,6,8,2,9,1},{9,4,2,3,5,1,6,8,7},{3,6,8,7,2,9,5,1,4},{1,5,7,6,8,4,9,2,3},{2,7,9,8,4,3,1,6,5},{4,8,3,5,9,0,0,0,0},{0,0,0,0,0,0,0,0,0}}
]
14:29:40.679 [main] INFO  sudoku.model.SudokuBoard - Wartość 0 wstawiona nieprawidłowo
14:29:40.679 [main] INFO  sudoku.model.SudokuBoard - Bład w kwadracie 0
sudoku.model.SudokuBoard@2cea921a[
  size=9
  solver=sudoku.model.BacktrackingSudokuSolver@65753724
  board={{8,9,1,2,3,7,4,5,6},{6,2,4,9,1,5,3,7,8},{7,3,5,4,6,8,2,9,1},{9,4,2,3,5,1,6,8,7},{3,6,8,7,2,9,5,1,4},{1,5,7,6,8,4,9,2,3},{2,7,9,8,4,3,1,6,5},{4,8,3,5,9,2,0,0,0},{0,0,0,0,0,0,0,0,0}}
]
14:29:40.679 [main] INFO  sudoku.model.SudokuBoard - Wartość 0 wstawiona nieprawidłowo
14:29:40.679 [main] INFO  sudoku.model.SudokuBoard - Bład w kwadracie 0
sudoku.model.SudokuBoard@2cea921a[
  size=9
  solver=sudoku.model.BacktrackingSudokuSolver@65753724
  board={{8,9,1,2,3,7,4,5,6},{6,2,4,9,1,5,3,7,8},{7,3,5,4,6,8,2,9,1},{9,4,2,3,5,1,6,8,7},{3,6,8,7,2,9,5,1,4},{1,5,7,6,8,4,9,2,3},{2,7,9,8,4,3,1,6,5},{4,8,3,5,9,0,0,0,0},{0,0,0,0,0,0,0,0,0}}
]
14:29:40.679 [main] INFO  sudoku.model.SudokuBoard - Wartość 0 wstawiona nieprawidłowo
14:29:40.679 [main] INFO  sudoku.model.SudokuBoard - Bład w kwadracie 0
sudoku.model.SudokuBoard@2cea921a[
  size=9
  solver=sudoku.model.BacktrackingSudokuSolver@65753724
  board={{8,9,1,2,3,7,4,5,6},{6,2,4,9,1,5,3,7,8},{7,3,5,4,6,8,2,9,1},{9,4,2,3,5,1,6,8,7},{3,6,8,7,2,9,5,1,4},{1,5,7,6,8,4,9,2,3},{2,7,9,8,4,3,1,6,5},{4,8,3,5,0,0,0,0,0},{0,0,0,0,0,0,0,0,0}}
]
14:29:40.679 [main] INFO  sudoku.model.SudokuBoard - Wartość 0 wstawiona nieprawidłowo
14:29:40.679 [main] INFO  sudoku.model.SudokuBoard - Bład w kwadracie 0
sudoku.model.SudokuBoard@2cea921a[
  size=9
  solver=sudoku.model.BacktrackingSudokuSolver@65753724
  board={{8,9,1,2,3,7,4,5,6},{6,2,4,9,1,5,3,7,8},{7,3,5,4,6,8,2,9,1},{9,4,2,3,5,1,6,8,7},{3,6,8,7,2,9,5,1,4},{1,5,7,6,8,4,9,2,3},{2,7,9,8,4,3,1,6,5},{4,8,3,0,0,0,0,0,0},{0,0,0,0,0,0,0,0,0}}
]
14:29:40.679 [main] INFO  sudoku.model.SudokuBoard - Wartość 0 wstawiona nieprawidłowo
14:29:40.680 [main] INFO  sudoku.model.SudokuBoard - Bład w kwadracie 0
sudoku.model.SudokuBoard@2cea921a[
  size=9
  solver=sudoku.model.BacktrackingSudokuSolver@65753724
  board={{8,9,1,2,3,7,4,5,6},{6,2,4,9,1,5,3,7,8},{7,3,5,4,6,8,2,9,1},{9,4,2,3,5,1,6,8,7},{3,6,8,7,2,9,5,1,4},{1,5,7,6,8,4,9,2,3},{2,7,9,8,4,3,1,6,5},{4,8,0,0,0,0,0,0,0},{0,0,0,0,0,0,0,0,0}}
]
14:29:40.680 [main] INFO  sudoku.model.SudokuBoard - Wartość 0 wstawiona nieprawidłowo
14:29:40.680 [main] INFO  sudoku.model.SudokuBoard - Bład w kwadracie 0
sudoku.model.SudokuBoard@2cea921a[
  size=9
  solver=sudoku.model.BacktrackingSudokuSolver@65753724
  board={{8,9,1,2,3,7,4,5,6},{6,2,4,9,1,5,3,7,8},{7,3,5,4,6,8,2,9,1},{9,4,2,3,5,1,6,8,7},{3,6,8,7,2,9,5,1,4},{1,5,7,6,8,4,9,2,3},{2,7,9,8,4,3,1,6,5},{4,8,6,5,9,2,7,0,0},{0,0,0,0,0,0,0,0,0}}
]
14:29:40.680 [main] INFO  sudoku.model.SudokuBoard - Wartość 0 wstawiona nieprawidłowo
14:29:40.680 [main] INFO  sudoku.model.SudokuBoard - Bład w kwadracie 0
sudoku.model.SudokuBoard@2cea921a[
  size=9
  solver=sudoku.model.BacktrackingSudokuSolver@65753724
  board={{8,9,1,2,3,7,4,5,6},{6,2,4,9,1,5,3,7,8},{7,3,5,4,6,8,2,9,1},{9,4,2,3,5,1,6,8,7},{3,6,8,7,2,9,5,1,4},{1,5,7,6,8,4,9,2,3},{2,7,9,8,4,3,1,6,5},{4,8,6,5,9,2,0,0,0},{0,0,0,0,0,0,0,0,0}}
]
14:29:40.680 [main] INFO  sudoku.model.SudokuBoard - Wartość 0 wstawiona nieprawidłowo
14:29:40.680 [main] INFO  sudoku.model.SudokuBoard - Bład w kwadracie 0
sudoku.model.SudokuBoard@2cea921a[
  size=9
  solver=sudoku.model.BacktrackingSudokuSolver@65753724
  board={{8,9,1,2,3,7,4,5,6},{6,2,4,9,1,5,3,7,8},{7,3,5,4,6,8,2,9,1},{9,4,2,3,5,1,6,8,7},{3,6,8,7,2,9,5,1,4},{1,5,7,6,8,4,9,2,3},{2,7,9,8,4,3,1,6,5},{4,8,6,5,9,0,0,0,0},{0,0,0,0,0,0,0,0,0}}
]
14:29:40.680 [main] INFO  sudoku.model.SudokuBoard - Wartość 0 wstawiona nieprawidłowo
14:29:40.680 [main] INFO  sudoku.model.SudokuBoard - Bład w kwadracie 0
sudoku.model.SudokuBoard@2cea921a[
  size=9
  solver=sudoku.model.BacktrackingSudokuSolver@65753724
  board={{8,9,1,2,3,7,4,5,6},{6,2,4,9,1,5,3,7,8},{7,3,5,4,6,8,2,9,1},{9,4,2,3,5,1,6,8,7},{3,6,8,7,2,9,5,1,4},{1,5,7,6,8,4,9,2,3},{2,7,9,8,4,3,1,6,5},{4,8,6,5,0,0,0,0,0},{0,0,0,0,0,0,0,0,0}}
]
14:29:40.680 [main] INFO  sudoku.model.SudokuBoard - Wartość 0 wstawiona nieprawidłowo
14:29:40.680 [main] INFO  sudoku.model.SudokuBoard - Bład w kwadracie 0
sudoku.model.SudokuBoard@2cea921a[
  size=9
  solver=sudoku.model.BacktrackingSudokuSolver@65753724
  board={{8,9,1,2,3,7,4,5,6},{6,2,4,9,1,5,3,7,8},{7,3,5,4,6,8,2,9,1},{9,4,2,3,5,1,6,8,7},{3,6,8,7,2,9,5,1,4},{1,5,7,6,8,4,9,2,3},{2,7,9,8,4,3,1,6,5},{4,8,6,5,7,0,0,0,0},{0,0,0,0,0,0,0,0,0}}
]
14:29:40.680 [main] INFO  sudoku.model.SudokuBoard - Wartość 0 wstawiona nieprawidłowo
14:29:40.681 [main] INFO  sudoku.model.SudokuBoard - Bład w kwadracie 0
sudoku.model.SudokuBoard@2cea921a[
  size=9
  solver=sudoku.model.BacktrackingSudokuSolver@65753724
  board={{8,9,1,2,3,7,4,5,6},{6,2,4,9,1,5,3,7,8},{7,3,5,4,6,8,2,9,1},{9,4,2,3,5,1,6,8,7},{3,6,8,7,2,9,5,1,4},{1,5,7,6,8,4,9,2,3},{2,7,9,8,4,3,1,6,5},{4,8,6,5,0,0,0,0,0},{0,0,0,0,0,0,0,0,0}}
]
14:29:40.681 [main] INFO  sudoku.model.SudokuBoard - Wartość 0 wstawiona nieprawidłowo
14:29:40.681 [main] INFO  sudoku.model.SudokuBoard - Bład w kwadracie 0
sudoku.model.SudokuBoard@2cea921a[
  size=9
  solver=sudoku.model.BacktrackingSudokuSolver@65753724
  board={{8,9,1,2,3,7,4,5,6},{6,2,4,9,1,5,3,7,8},{7,3,5,4,6,8,2,9,1},{9,4,2,3,5,1,6,8,7},{3,6,8,7,2,9,5,1,4},{1,5,7,6,8,4,9,2,3},{2,7,9,8,4,3,1,6,5},{4,8,6,0,0,0,0,0,0},{0,0,0,0,0,0,0,0,0}}
]
14:29:40.681 [main] INFO  sudoku.model.SudokuBoard - Wartość 0 wstawiona nieprawidłowo
14:29:40.681 [main] INFO  sudoku.model.SudokuBoard - Bład w kwadracie 0
sudoku.model.SudokuBoard@2cea921a[
  size=9
  solver=sudoku.model.BacktrackingSudokuSolver@65753724
  board={{8,9,1,2,3,7,4,5,6},{6,2,4,9,1,5,3,7,8},{7,3,5,4,6,8,2,9,1},{9,4,2,3,5,1,6,8,7},{3,6,8,7,2,9,5,1,4},{1,5,7,6,8,4,9,2,3},{2,7,9,8,4,3,1,6,5},{4,8,6,1,9,2,7,0,0},{0,0,0,0,0,0,0,0,0}}
]
14:29:40.681 [main] INFO  sudoku.model.SudokuBoard - Wartość 0 wstawiona nieprawidłowo
14:29:40.681 [main] INFO  sudoku.model.SudokuBoard - Bład w kwadracie 0
sudoku.model.SudokuBoard@2cea921a[
  size=9
  solver=sudoku.model.BacktrackingSudokuSolver@65753724
  board={{8,9,1,2,3,7,4,5,6},{6,2,4,9,1,5,3,7,8},{7,3,5,4,6,8,2,9,1},{9,4,2,3,5,1,6,8,7},{3,6,8,7,2,9,5,1,4},{1,5,7,6,8,4,9,2,3},{2,7,9,8,4,3,1,6,5},{4,8,6,1,9,2,0,0,0},{0,0,0,0,0,0,0,0,0}}
]
14:29:40.681 [main] INFO  sudoku.model.SudokuBoard - Wartość 0 wstawiona nieprawidłowo
14:29:40.712 [main] INFO  sudoku.model.SudokuBoard - Bład w kwadracie 0
sudoku.model.SudokuBoard@2cea921a[
  size=9
  solver=sudoku.model.BacktrackingSudokuSolver@65753724
  board={{8,9,1,2,3,7,4,5,6},{6,2,4,9,1,5,3,7,8},{7,3,5,4,6,8,2,9,1},{9,4,2,3,5,1,6,8,7},{3,6,8,7,2,9,5,1,4},{1,5,7,6,8,4,9,2,3},{2,7,9,8,4,3,1,6,5},{4,8,6,1,9,0,0,0,0},{0,0,0,0,0,0,0,0,0}}
]
14:29:40.712 [main] INFO  sudoku.model.SudokuBoard - Wartość 0 wstawiona nieprawidłowo
14:29:40.712 [main] INFO  sudoku.model.SudokuBoard - Bład w kwadracie 0
sudoku.model.SudokuBoard@2cea921a[
  size=9
  solver=sudoku.model.BacktrackingSudokuSolver@65753724
  board={{8,9,1,2,3,7,4,5,6},{6,2,4,9,1,5,3,7,8},{7,3,5,4,6,8,2,9,1},{9,4,2,3,5,1,6,8,7},{3,6,8,7,2,9,5,1,4},{1,5,7,6,8,4,9,2,3},{2,7,9,8,4,3,1,6,5},{4,8,6,1,0,0,0,0,0},{0,0,0,0,0,0,0,0,0}}
]
14:29:40.712 [main] INFO  sudoku.model.SudokuBoard - Wartość 0 wstawiona nieprawidłowo
14:29:40.713 [main] INFO  sudoku.model.SudokuBoard - Bład w kwadracie 0
sudoku.model.SudokuBoard@2cea921a[
  size=9
  solver=sudoku.model.BacktrackingSudokuSolver@65753724
  board={{8,9,1,2,3,7,4,5,6},{6,2,4,9,1,5,3,7,8},{7,3,5,4,6,8,2,9,1},{9,4,2,3,5,1,6,8,7},{3,6,8,7,2,9,5,1,4},{1,5,7,6,8,4,9,2,3},{2,7,9,8,4,3,1,6,5},{4,8,6,1,7,0,0,0,0},{0,0,0,0,0,0,0,0,0}}
]
14:29:40.713 [main] INFO  sudoku.model.SudokuBoard - Wartość 0 wstawiona nieprawidłowo
14:29:40.713 [main] INFO  sudoku.model.SudokuBoard - Bład w kwadracie 0
sudoku.model.SudokuBoard@2cea921a[
  size=9
  solver=sudoku.model.BacktrackingSudokuSolver@65753724
  board={{8,9,1,2,3,7,4,5,6},{6,2,4,9,1,5,3,7,8},{7,3,5,4,6,8,2,9,1},{9,4,2,3,5,1,6,8,7},{3,6,8,7,2,9,5,1,4},{1,5,7,6,8,4,9,2,3},{2,7,9,8,4,3,1,6,5},{4,8,6,1,0,0,0,0,0},{0,0,0,0,0,0,0,0,0}}
]
14:29:40.713 [main] INFO  sudoku.model.SudokuBoard - Wartość 0 wstawiona nieprawidłowo
14:29:40.713 [main] INFO  sudoku.model.SudokuBoard - Bład w kwadracie 0
sudoku.model.SudokuBoard@2cea921a[
  size=9
  solver=sudoku.model.BacktrackingSudokuSolver@65753724
  board={{8,9,1,2,3,7,4,5,6},{6,2,4,9,1,5,3,7,8},{7,3,5,4,6,8,2,9,1},{9,4,2,3,5,1,6,8,7},{3,6,8,7,2,9,5,1,4},{1,5,7,6,8,4,9,2,3},{2,7,9,8,4,3,1,6,5},{4,8,6,0,0,0,0,0,0},{0,0,0,0,0,0,0,0,0}}
]
14:29:40.713 [main] INFO  sudoku.model.SudokuBoard - Wartość 0 wstawiona nieprawidłowo
14:29:40.713 [main] INFO  sudoku.model.SudokuBoard - Bład w kwadracie 0
sudoku.model.SudokuBoard@2cea921a[
  size=9
  solver=sudoku.model.BacktrackingSudokuSolver@65753724
  board={{8,9,1,2,3,7,4,5,6},{6,2,4,9,1,5,3,7,8},{7,3,5,4,6,8,2,9,1},{9,4,2,3,5,1,6,8,7},{3,6,8,7,2,9,5,1,4},{1,5,7,6,8,4,9,2,3},{2,7,9,8,4,3,1,6,5},{4,8,0,0,0,0,0,0,0},{0,0,0,0,0,0,0,0,0}}
]
14:29:40.713 [main] INFO  sudoku.model.SudokuBoard - Wartość 0 wstawiona nieprawidłowo
14:29:40.714 [main] INFO  sudoku.model.SudokuBoard - Bład w kwadracie 0
sudoku.model.SudokuBoard@2cea921a[
  size=9
  solver=sudoku.model.BacktrackingSudokuSolver@65753724
  board={{8,9,1,2,3,7,4,5,6},{6,2,4,9,1,5,3,7,8},{7,3,5,4,6,8,2,9,1},{9,4,2,3,5,1,6,8,7},{3,6,8,7,2,9,5,1,4},{1,5,7,6,8,4,9,2,3},{2,7,9,8,4,3,1,6,5},{4,0,0,0,0,0,0,0,0},{0,0,0,0,0,0,0,0,0}}
]
14:29:40.714 [main] INFO  sudoku.model.SudokuBoard - Wartość 0 wstawiona nieprawidłowo
14:29:40.714 [main] INFO  sudoku.model.SudokuBoard - Bład w kwadracie 0
sudoku.model.SudokuBoard@2cea921a[
  size=9
  solver=sudoku.model.BacktrackingSudokuSolver@65753724
  board={{8,9,1,2,3,7,4,5,6},{6,2,4,9,1,5,3,7,8},{7,3,5,4,6,8,2,9,1},{9,4,2,3,5,1,6,8,7},{3,6,8,7,2,9,5,1,4},{1,5,7,6,8,4,9,2,3},{2,7,9,8,4,3,1,6,5},{4,1,3,5,9,6,0,0,0},{0,0,0,0,0,0,0,0,0}}
]
14:29:40.714 [main] INFO  sudoku.model.SudokuBoard - Wartość 0 wstawiona nieprawidłowo
14:29:40.714 [main] INFO  sudoku.model.SudokuBoard - Bład w kwadracie 0
sudoku.model.SudokuBoard@2cea921a[
  size=9
  solver=sudoku.model.BacktrackingSudokuSolver@65753724
  board={{8,9,1,2,3,7,4,5,6},{6,2,4,9,1,5,3,7,8},{7,3,5,4,6,8,2,9,1},{9,4,2,3,5,1,6,8,7},{3,6,8,7,2,9,5,1,4},{1,5,7,6,8,4,9,2,3},{2,7,9,8,4,3,1,6,5},{4,1,3,5,9,6,0,0,0},{0,0,0,0,0,0,0,0,0}}
]
14:29:40.714 [main] INFO  sudoku.model.SudokuBoard - Wartość 0 wstawiona nieprawidłowo
14:29:40.714 [main] INFO  sudoku.model.SudokuBoard - Bład w kwadracie 0
sudoku.model.SudokuBoard@2cea921a[
  size=9
  solver=sudoku.model.BacktrackingSudokuSolver@65753724
  board={{8,9,1,2,3,7,4,5,6},{6,2,4,9,1,5,3,7,8},{7,3,5,4,6,8,2,9,1},{9,4,2,3,5,1,6,8,7},{3,6,8,7,2,9,5,1,4},{1,5,7,6,8,4,9,2,3},{2,7,9,8,4,3,1,6,5},{4,1,3,5,9,0,0,0,0},{0,0,0,0,0,0,0,0,0}}
]
14:29:40.715 [main] INFO  sudoku.model.SudokuBoard - Wartość 0 wstawiona nieprawidłowo
14:29:40.715 [main] INFO  sudoku.model.SudokuBoard - Bład w kwadracie 0
sudoku.model.SudokuBoard@2cea921a[
  size=9
  solver=sudoku.model.BacktrackingSudokuSolver@65753724
  board={{8,9,1,2,3,7,4,5,6},{6,2,4,9,1,5,3,7,8},{7,3,5,4,6,8,2,9,1},{9,4,2,3,5,1,6,8,7},{3,6,8,7,2,9,5,1,4},{1,5,7,6,8,4,9,2,3},{2,7,9,8,4,3,1,6,5},{4,1,3,5,9,2,0,0,0},{0,0,0,0,0,0,0,0,0}}
]
14:29:40.715 [main] INFO  sudoku.model.SudokuBoard - Wartość 0 wstawiona nieprawidłowo
14:29:40.715 [main] INFO  sudoku.model.SudokuBoard - Bład w kwadracie 0
sudoku.model.SudokuBoard@2cea921a[
  size=9
  solver=sudoku.model.BacktrackingSudokuSolver@65753724
  board={{8,9,1,2,3,7,4,5,6},{6,2,4,9,1,5,3,7,8},{7,3,5,4,6,8,2,9,1},{9,4,2,3,5,1,6,8,7},{3,6,8,7,2,9,5,1,4},{1,5,7,6,8,4,9,2,3},{2,7,9,8,4,3,1,6,5},{4,1,3,5,9,2,0,0,0},{0,0,0,0,0,0,0,0,0}}
]
14:29:40.715 [main] INFO  sudoku.model.SudokuBoard - Wartość 0 wstawiona nieprawidłowo
14:29:40.715 [main] INFO  sudoku.model.SudokuBoard - Bład w kwadracie 0
sudoku.model.SudokuBoard@2cea921a[
  size=9
  solver=sudoku.model.BacktrackingSudokuSolver@65753724
  board={{8,9,1,2,3,7,4,5,6},{6,2,4,9,1,5,3,7,8},{7,3,5,4,6,8,2,9,1},{9,4,2,3,5,1,6,8,7},{3,6,8,7,2,9,5,1,4},{1,5,7,6,8,4,9,2,3},{2,7,9,8,4,3,1,6,5},{4,1,3,5,9,0,0,0,0},{0,0,0,0,0,0,0,0,0}}
]
14:29:40.715 [main] INFO  sudoku.model.SudokuBoard - Wartość 0 wstawiona nieprawidłowo
14:29:40.715 [main] INFO  sudoku.model.SudokuBoard - Bład w kwadracie 0
sudoku.model.SudokuBoard@2cea921a[
  size=9
  solver=sudoku.model.BacktrackingSudokuSolver@65753724
  board={{8,9,1,2,3,7,4,5,6},{6,2,4,9,1,5,3,7,8},{7,3,5,4,6,8,2,9,1},{9,4,2,3,5,1,6,8,7},{3,6,8,7,2,9,5,1,4},{1,5,7,6,8,4,9,2,3},{2,7,9,8,4,3,1,6,5},{4,1,3,5,0,0,0,0,0},{0,0,0,0,0,0,0,0,0}}
]
14:29:40.715 [main] INFO  sudoku.model.SudokuBoard - Wartość 0 wstawiona nieprawidłowo
14:29:40.715 [main] INFO  sudoku.model.SudokuBoard - Bład w kwadracie 0
sudoku.model.SudokuBoard@2cea921a[
  size=9
  solver=sudoku.model.BacktrackingSudokuSolver@65753724
  board={{8,9,1,2,3,7,4,5,6},{6,2,4,9,1,5,3,7,8},{7,3,5,4,6,8,2,9,1},{9,4,2,3,5,1,6,8,7},{3,6,8,7,2,9,5,1,4},{1,5,7,6,8,4,9,2,3},{2,7,9,8,4,3,1,6,5},{4,1,3,5,7,2,0,0,0},{0,0,0,0,0,0,0,0,0}}
]
14:29:40.715 [main] INFO  sudoku.model.SudokuBoard - Wartość 0 wstawiona nieprawidłowo
14:29:40.716 [main] INFO  sudoku.model.SudokuBoard - Bład w kwadracie 0
sudoku.model.SudokuBoard@2cea921a[
  size=9
  solver=sudoku.model.BacktrackingSudokuSolver@65753724
  board={{8,9,1,2,3,7,4,5,6},{6,2,4,9,1,5,3,7,8},{7,3,5,4,6,8,2,9,1},{9,4,2,3,5,1,6,8,7},{3,6,8,7,2,9,5,1,4},{1,5,7,6,8,4,9,2,3},{2,7,9,8,4,3,1,6,5},{4,1,3,5,7,0,0,0,0},{0,0,0,0,0,0,0,0,0}}
]
14:29:40.716 [main] INFO  sudoku.model.SudokuBoard - Wartość 0 wstawiona nieprawidłowo
14:29:40.716 [main] INFO  sudoku.model.SudokuBoard - Bład w kwadracie 0
sudoku.model.SudokuBoard@2cea921a[
  size=9
  solver=sudoku.model.BacktrackingSudokuSolver@65753724
  board={{8,9,1,2,3,7,4,5,6},{6,2,4,9,1,5,3,7,8},{7,3,5,4,6,8,2,9,1},{9,4,2,3,5,1,6,8,7},{3,6,8,7,2,9,5,1,4},{1,5,7,6,8,4,9,2,3},{2,7,9,8,4,3,1,6,5},{4,1,3,5,7,6,0,0,0},{0,0,0,0,0,0,0,0,0}}
]
14:29:40.716 [main] INFO  sudoku.model.SudokuBoard - Wartość 0 wstawiona nieprawidłowo
14:29:40.716 [main] INFO  sudoku.model.SudokuBoard - Bład w kwadracie 0
sudoku.model.SudokuBoard@2cea921a[
  size=9
  solver=sudoku.model.BacktrackingSudokuSolver@65753724
  board={{8,9,1,2,3,7,4,5,6},{6,2,4,9,1,5,3,7,8},{7,3,5,4,6,8,2,9,1},{9,4,2,3,5,1,6,8,7},{3,6,8,7,2,9,5,1,4},{1,5,7,6,8,4,9,2,3},{2,7,9,8,4,3,1,6,5},{4,1,3,5,7,0,0,0,0},{0,0,0,0,0,0,0,0,0}}
]
14:29:40.716 [main] INFO  sudoku.model.SudokuBoard - Wartość 0 wstawiona nieprawidłowo
14:29:40.716 [main] INFO  sudoku.model.SudokuBoard - Bład w kwadracie 0
sudoku.model.SudokuBoard@2cea921a[
  size=9
  solver=sudoku.model.BacktrackingSudokuSolver@65753724
  board={{8,9,1,2,3,7,4,5,6},{6,2,4,9,1,5,3,7,8},{7,3,5,4,6,8,2,9,1},{9,4,2,3,5,1,6,8,7},{3,6,8,7,2,9,5,1,4},{1,5,7,6,8,4,9,2,3},{2,7,9,8,4,3,1,6,5},{4,1,3,5,0,0,0,0,0},{0,0,0,0,0,0,0,0,0}}
]
14:29:40.716 [main] INFO  sudoku.model.SudokuBoard - Wartość 0 wstawiona nieprawidłowo
14:29:40.716 [main] INFO  sudoku.model.SudokuBoard - Bład w kwadracie 0
sudoku.model.SudokuBoard@2cea921a[
  size=9
  solver=sudoku.model.BacktrackingSudokuSolver@65753724
  board={{8,9,1,2,3,7,4,5,6},{6,2,4,9,1,5,3,7,8},{7,3,5,4,6,8,2,9,1},{9,4,2,3,5,1,6,8,7},{3,6,8,7,2,9,5,1,4},{1,5,7,6,8,4,9,2,3},{2,7,9,8,4,3,1,6,5},{4,1,3,0,0,0,0,0,0},{0,0,0,0,0,0,0,0,0}}
]
14:29:40.716 [main] INFO  sudoku.model.SudokuBoard - Wartość 0 wstawiona nieprawidłowo
14:29:40.716 [main] INFO  sudoku.model.SudokuBoard - Bład w kwadracie 0
sudoku.model.SudokuBoard@2cea921a[
  size=9
  solver=sudoku.model.BacktrackingSudokuSolver@65753724
  board={{8,9,1,2,3,7,4,5,6},{6,2,4,9,1,5,3,7,8},{7,3,5,4,6,8,2,9,1},{9,4,2,3,5,1,6,8,7},{3,6,8,7,2,9,5,1,4},{1,5,7,6,8,4,9,2,3},{2,7,9,8,4,3,1,6,5},{4,1,0,0,0,0,0,0,0},{0,0,0,0,0,0,0,0,0}}
]
14:29:40.717 [main] INFO  sudoku.model.SudokuBoard - Wartość 0 wstawiona nieprawidłowo
]]></system-out>
  </testcase>
  <testcase name="repeatFillBoardTest" classname="sudoku.model.SudokuBoardTest" time="0.058">
    <system-out><![CDATA[14:29:40.724 [main] INFO  sudoku.model.SudokuBoard - Bład w kwadracie 0
sudoku.model.SudokuBoard@59a2d756[
  size=9
  solver=sudoku.model.BacktrackingSudokuSolver@165d1d54
  board={{5,8,7,3,4,9,1,2,6},{9,2,1,5,6,7,3,8,4},{3,4,6,8,2,1,5,7,9},{4,3,9,1,5,6,0,0,0},{0,0,0,0,0,0,0,0,0},{0,0,0,0,0,0,0,0,0},{0,0,0,0,0,0,0,0,0},{0,0,0,0,0,0,0,0,0},{0,0,0,0,0,0,0,0,0}}
]
14:29:40.724 [main] INFO  sudoku.model.SudokuBoard - Wartość 0 wstawiona nieprawidłowo
14:29:40.724 [main] INFO  sudoku.model.SudokuBoard - Bład w kwadracie 0
sudoku.model.SudokuBoard@59a2d756[
  size=9
  solver=sudoku.model.BacktrackingSudokuSolver@165d1d54
  board={{5,8,7,3,4,9,1,2,6},{9,2,1,5,6,7,3,8,4},{3,4,6,8,2,1,5,7,9},{4,3,9,1,5,6,0,0,0},{0,0,0,0,0,0,0,0,0},{0,0,0,0,0,0,0,0,0},{0,0,0,0,0,0,0,0,0},{0,0,0,0,0,0,0,0,0},{0,0,0,0,0,0,0,0,0}}
]
14:29:40.724 [main] INFO  sudoku.model.SudokuBoard - Wartość 0 wstawiona nieprawidłowo
14:29:40.724 [main] INFO  sudoku.model.SudokuBoard - Bład w kwadracie 0
sudoku.model.SudokuBoard@59a2d756[
  size=9
  solver=sudoku.model.BacktrackingSudokuSolver@165d1d54
  board={{5,8,7,3,4,9,1,2,6},{9,2,1,5,6,7,3,8,4},{3,4,6,8,2,1,5,7,9},{4,3,9,1,5,6,0,0,0},{0,0,0,0,0,0,0,0,0},{0,0,0,0,0,0,0,0,0},{0,0,0,0,0,0,0,0,0},{0,0,0,0,0,0,0,0,0},{0,0,0,0,0,0,0,0,0}}
]
14:29:40.724 [main] INFO  sudoku.model.SudokuBoard - Wartość 0 wstawiona nieprawidłowo
14:29:40.725 [main] INFO  sudoku.model.SudokuBoard - Bład w kwadracie 0
sudoku.model.SudokuBoard@59a2d756[
  size=9
  solver=sudoku.model.BacktrackingSudokuSolver@165d1d54
  board={{5,8,7,3,4,9,1,2,6},{9,2,1,5,6,7,3,8,4},{3,4,6,8,2,1,5,7,9},{4,3,9,1,5,0,0,0,0},{0,0,0,0,0,0,0,0,0},{0,0,0,0,0,0,0,0,0},{0,0,0,0,0,0,0,0,0},{0,0,0,0,0,0,0,0,0},{0,0,0,0,0,0,0,0,0}}
]
14:29:40.725 [main] INFO  sudoku.model.SudokuBoard - Wartość 0 wstawiona nieprawidłowo
14:29:40.725 [main] INFO  sudoku.model.SudokuBoard - Bład w kwadracie 0
sudoku.model.SudokuBoard@59a2d756[
  size=9
  solver=sudoku.model.BacktrackingSudokuSolver@165d1d54
  board={{5,8,7,3,4,9,1,2,6},{9,2,1,5,6,7,3,8,4},{3,4,6,8,2,1,5,7,9},{4,3,9,1,5,8,0,0,0},{0,0,0,0,0,0,0,0,0},{0,0,0,0,0,0,0,0,0},{0,0,0,0,0,0,0,0,0},{0,0,0,0,0,0,0,0,0},{0,0,0,0,0,0,0,0,0}}
]
14:29:40.725 [main] INFO  sudoku.model.SudokuBoard - Wartość 0 wstawiona nieprawidłowo
14:29:40.725 [main] INFO  sudoku.model.SudokuBoard - Bład w kwadracie 0
sudoku.model.SudokuBoard@59a2d756[
  size=9
  solver=sudoku.model.BacktrackingSudokuSolver@165d1d54
  board={{5,8,7,3,4,9,1,2,6},{9,2,1,5,6,7,3,8,4},{3,4,6,8,2,1,5,7,9},{4,3,9,1,5,8,7,6,2},{1,5,8,9,7,2,4,0,0},{0,0,0,0,0,0,0,0,0},{0,0,0,0,0,0,0,0,0},{0,0,0,0,0,0,0,0,0},{0,0,0,0,0,0,0,0,0}}
]
14:29:40.725 [main] INFO  sudoku.model.SudokuBoard - Wartość 0 wstawiona nieprawidłowo
14:29:40.725 [main] INFO  sudoku.model.SudokuBoard - Bład w kwadracie 0
sudoku.model.SudokuBoard@59a2d756[
  size=9
  solver=sudoku.model.BacktrackingSudokuSolver@165d1d54
  board={{5,8,7,3,4,9,1,2,6},{9,2,1,5,6,7,3,8,4},{3,4,6,8,2,1,5,7,9},{4,3,9,1,5,8,7,6,2},{1,5,8,9,7,2,0,0,0},{0,0,0,0,0,0,0,0,0},{0,0,0,0,0,0,0,0,0},{0,0,0,0,0,0,0,0,0},{0,0,0,0,0,0,0,0,0}}
]
14:29:40.725 [main] INFO  sudoku.model.SudokuBoard - Wartość 0 wstawiona nieprawidłowo
14:29:40.725 [main] INFO  sudoku.model.SudokuBoard - Bład w kwadracie 0
sudoku.model.SudokuBoard@59a2d756[
  size=9
  solver=sudoku.model.BacktrackingSudokuSolver@165d1d54
  board={{5,8,7,3,4,9,1,2,6},{9,2,1,5,6,7,3,8,4},{3,4,6,8,2,1,5,7,9},{4,3,9,1,5,8,7,6,2},{1,5,8,9,7,0,0,0,0},{0,0,0,0,0,0,0,0,0},{0,0,0,0,0,0,0,0,0},{0,0,0,0,0,0,0,0,0},{0,0,0,0,0,0,0,0,0}}
]
14:29:40.725 [main] INFO  sudoku.model.SudokuBoard - Wartość 0 wstawiona nieprawidłowo
14:29:40.725 [main] INFO  sudoku.model.SudokuBoard - Bład w kwadracie 0
sudoku.model.SudokuBoard@59a2d756[
  size=9
  solver=sudoku.model.BacktrackingSudokuSolver@165d1d54
  board={{5,8,7,3,4,9,1,2,6},{9,2,1,5,6,7,3,8,4},{3,4,6,8,2,1,5,7,9},{4,3,9,1,5,8,7,6,2},{1,5,8,9,7,3,0,0,0},{0,0,0,0,0,0,0,0,0},{0,0,0,0,0,0,0,0,0},{0,0,0,0,0,0,0,0,0},{0,0,0,0,0,0,0,0,0}}
]
14:29:40.725 [main] INFO  sudoku.model.SudokuBoard - Wartość 0 wstawiona nieprawidłowo
14:29:40.725 [main] INFO  sudoku.model.SudokuBoard - Bład w kwadracie 0
sudoku.model.SudokuBoard@59a2d756[
  size=9
  solver=sudoku.model.BacktrackingSudokuSolver@165d1d54
  board={{5,8,7,3,4,9,1,2,6},{9,2,1,5,6,7,3,8,4},{3,4,6,8,2,1,5,7,9},{4,3,9,1,5,8,7,6,2},{1,5,8,9,7,0,0,0,0},{0,0,0,0,0,0,0,0,0},{0,0,0,0,0,0,0,0,0},{0,0,0,0,0,0,0,0,0},{0,0,0,0,0,0,0,0,0}}
]
14:29:40.726 [main] INFO  sudoku.model.SudokuBoard - Wartość 0 wstawiona nieprawidłowo
14:29:40.726 [main] INFO  sudoku.model.SudokuBoard - Bład w kwadracie 0
sudoku.model.SudokuBoard@59a2d756[
  size=9
  solver=sudoku.model.BacktrackingSudokuSolver@165d1d54
  board={{5,8,7,3,4,9,1,2,6},{9,2,1,5,6,7,3,8,4},{3,4,6,8,2,1,5,7,9},{4,3,9,1,5,8,7,6,2},{1,5,8,9,7,0,0,0,0},{0,0,0,0,0,0,0,0,0},{0,0,0,0,0,0,0,0,0},{0,0,0,0,0,0,0,0,0},{0,0,0,0,0,0,0,0,0}}
]
14:29:40.726 [main] INFO  sudoku.model.SudokuBoard - Wartość 0 wstawiona nieprawidłowo
14:29:40.726 [main] INFO  sudoku.model.SudokuBoard - Bład w kwadracie 0
sudoku.model.SudokuBoard@59a2d756[
  size=9
  solver=sudoku.model.BacktrackingSudokuSolver@165d1d54
  board={{5,8,7,3,4,9,1,2,6},{9,2,1,5,6,7,3,8,4},{3,4,6,8,2,1,5,7,9},{4,3,9,1,5,8,7,6,2},{1,5,8,9,7,6,4,0,0},{0,0,0,0,0,0,0,0,0},{0,0,0,0,0,0,0,0,0},{0,0,0,0,0,0,0,0,0},{0,0,0,0,0,0,0,0,0}}
]
14:29:40.726 [main] INFO  sudoku.model.SudokuBoard - Wartość 0 wstawiona nieprawidłowo
14:29:40.726 [main] INFO  sudoku.model.SudokuBoard - Bład w kwadracie 0
sudoku.model.SudokuBoard@59a2d756[
  size=9
  solver=sudoku.model.BacktrackingSudokuSolver@165d1d54
  board={{5,8,7,3,4,9,1,2,6},{9,2,1,5,6,7,3,8,4},{3,4,6,8,2,1,5,7,9},{4,3,9,1,5,8,7,6,2},{1,5,8,9,7,6,0,0,0},{0,0,0,0,0,0,0,0,0},{0,0,0,0,0,0,0,0,0},{0,0,0,0,0,0,0,0,0},{0,0,0,0,0,0,0,0,0}}
]
14:29:40.726 [main] INFO  sudoku.model.SudokuBoard - Wartość 0 wstawiona nieprawidłowo
14:29:40.726 [main] INFO  sudoku.model.SudokuBoard - Bład w kwadracie 0
sudoku.model.SudokuBoard@59a2d756[
  size=9
  solver=sudoku.model.BacktrackingSudokuSolver@165d1d54
  board={{5,8,7,3,4,9,1,2,6},{9,2,1,5,6,7,3,8,4},{3,4,6,8,2,1,5,7,9},{4,3,9,1,5,8,7,6,2},{1,5,8,9,7,0,0,0,0},{0,0,0,0,0,0,0,0,0},{0,0,0,0,0,0,0,0,0},{0,0,0,0,0,0,0,0,0},{0,0,0,0,0,0,0,0,0}}
]
14:29:40.726 [main] INFO  sudoku.model.SudokuBoard - Wartość 0 wstawiona nieprawidłowo
14:29:40.726 [main] INFO  sudoku.model.SudokuBoard - Bład w kwadracie 0
sudoku.model.SudokuBoard@59a2d756[
  size=9
  solver=sudoku.model.BacktrackingSudokuSolver@165d1d54
  board={{5,8,7,3,4,9,1,2,6},{9,2,1,5,6,7,3,8,4},{3,4,6,8,2,1,5,7,9},{4,3,9,1,5,8,7,6,2},{1,5,8,9,0,0,0,0,0},{0,0,0,0,0,0,0,0,0},{0,0,0,0,0,0,0,0,0},{0,0,0,0,0,0,0,0,0},{0,0,0,0,0,0,0,0,0}}
]
14:29:40.726 [main] INFO  sudoku.model.SudokuBoard - Wartość 0 wstawiona nieprawidłowo
14:29:40.726 [main] INFO  sudoku.model.SudokuBoard - Bład w kwadracie 0
sudoku.model.SudokuBoard@59a2d756[
  size=9
  solver=sudoku.model.BacktrackingSudokuSolver@165d1d54
  board={{5,8,7,3,4,9,1,2,6},{9,2,1,5,6,7,3,8,4},{3,4,6,8,2,1,5,7,9},{4,3,9,1,5,8,7,6,2},{1,5,8,9,3,2,0,0,0},{0,0,0,0,0,0,0,0,0},{0,0,0,0,0,0,0,0,0},{0,0,0,0,0,0,0,0,0},{0,0,0,0,0,0,0,0,0}}
]
14:29:40.726 [main] INFO  sudoku.model.SudokuBoard - Wartość 0 wstawiona nieprawidłowo
14:29:40.727 [main] INFO  sudoku.model.SudokuBoard - Bład w kwadracie 0
sudoku.model.SudokuBoard@59a2d756[
  size=9
  solver=sudoku.model.BacktrackingSudokuSolver@165d1d54
  board={{5,8,7,3,4,9,1,2,6},{9,2,1,5,6,7,3,8,4},{3,4,6,8,2,1,5,7,9},{4,3,9,1,5,8,7,6,2},{1,5,8,9,3,0,0,0,0},{0,0,0,0,0,0,0,0,0},{0,0,0,0,0,0,0,0,0},{0,0,0,0,0,0,0,0,0},{0,0,0,0,0,0,0,0,0}}
]
14:29:40.727 [main] INFO  sudoku.model.SudokuBoard - Wartość 0 wstawiona nieprawidłowo
14:29:40.727 [main] INFO  sudoku.model.SudokuBoard - Bład w kwadracie 0
sudoku.model.SudokuBoard@59a2d756[
  size=9
  solver=sudoku.model.BacktrackingSudokuSolver@165d1d54
  board={{5,8,7,3,4,9,1,2,6},{9,2,1,5,6,7,3,8,4},{3,4,6,8,2,1,5,7,9},{4,3,9,1,5,8,7,6,2},{1,5,8,9,3,0,0,0,0},{0,0,0,0,0,0,0,0,0},{0,0,0,0,0,0,0,0,0},{0,0,0,0,0,0,0,0,0},{0,0,0,0,0,0,0,0,0}}
]
14:29:40.727 [main] INFO  sudoku.model.SudokuBoard - Wartość 0 wstawiona nieprawidłowo
14:29:40.727 [main] INFO  sudoku.model.SudokuBoard - Bład w kwadracie 0
sudoku.model.SudokuBoard@59a2d756[
  size=9
  solver=sudoku.model.BacktrackingSudokuSolver@165d1d54
  board={{5,8,7,3,4,9,1,2,6},{9,2,1,5,6,7,3,8,4},{3,4,6,8,2,1,5,7,9},{4,3,9,1,5,8,7,6,2},{1,5,8,9,3,6,0,0,0},{0,0,0,0,0,0,0,0,0},{0,0,0,0,0,0,0,0,0},{0,0,0,0,0,0,0,0,0},{0,0,0,0,0,0,0,0,0}}
]
14:29:40.727 [main] INFO  sudoku.model.SudokuBoard - Wartość 0 wstawiona nieprawidłowo
14:29:40.727 [main] INFO  sudoku.model.SudokuBoard - Bład w kwadracie 0
sudoku.model.SudokuBoard@59a2d756[
  size=9
  solver=sudoku.model.BacktrackingSudokuSolver@165d1d54
  board={{5,8,7,3,4,9,1,2,6},{9,2,1,5,6,7,3,8,4},{3,4,6,8,2,1,5,7,9},{4,3,9,1,5,8,7,6,2},{1,5,8,9,3,0,0,0,0},{0,0,0,0,0,0,0,0,0},{0,0,0,0,0,0,0,0,0},{0,0,0,0,0,0,0,0,0},{0,0,0,0,0,0,0,0,0}}
]
14:29:40.727 [main] INFO  sudoku.model.SudokuBoard - Wartość 0 wstawiona nieprawidłowo
14:29:40.727 [main] INFO  sudoku.model.SudokuBoard - Bład w kwadracie 0
sudoku.model.SudokuBoard@59a2d756[
  size=9
  solver=sudoku.model.BacktrackingSudokuSolver@165d1d54
  board={{5,8,7,3,4,9,1,2,6},{9,2,1,5,6,7,3,8,4},{3,4,6,8,2,1,5,7,9},{4,3,9,1,5,8,7,6,2},{1,5,8,9,0,0,0,0,0},{0,0,0,0,0,0,0,0,0},{0,0,0,0,0,0,0,0,0},{0,0,0,0,0,0,0,0,0},{0,0,0,0,0,0,0,0,0}}
]
14:29:40.727 [main] INFO  sudoku.model.SudokuBoard - Wartość 0 wstawiona nieprawidłowo
14:29:40.727 [main] INFO  sudoku.model.SudokuBoard - Bład w kwadracie 0
sudoku.model.SudokuBoard@59a2d756[
  size=9
  solver=sudoku.model.BacktrackingSudokuSolver@165d1d54
  board={{5,8,7,3,4,9,1,2,6},{9,2,1,5,6,7,3,8,4},{3,4,6,8,2,1,5,7,9},{4,3,9,1,5,8,7,6,2},{1,5,8,0,0,0,0,0,0},{0,0,0,0,0,0,0,0,0},{0,0,0,0,0,0,0,0,0},{0,0,0,0,0,0,0,0,0},{0,0,0,0,0,0,0,0,0}}
]
14:29:40.728 [main] INFO  sudoku.model.SudokuBoard - Wartość 0 wstawiona nieprawidłowo
14:29:40.728 [main] INFO  sudoku.model.SudokuBoard - Bład w kwadracie 0
sudoku.model.SudokuBoard@59a2d756[
  size=9
  solver=sudoku.model.BacktrackingSudokuSolver@165d1d54
  board={{5,8,7,3,4,9,1,2,6},{9,2,1,5,6,7,3,8,4},{3,4,6,8,2,1,5,7,9},{4,3,9,1,5,8,7,6,2},{1,5,8,2,7,3,4,0,0},{0,0,0,0,0,0,0,0,0},{0,0,0,0,0,0,0,0,0},{0,0,0,0,0,0,0,0,0},{0,0,0,0,0,0,0,0,0}}
]
14:29:40.728 [main] INFO  sudoku.model.SudokuBoard - Wartość 0 wstawiona nieprawidłowo
14:29:40.728 [main] INFO  sudoku.model.SudokuBoard - Bład w kwadracie 0
sudoku.model.SudokuBoard@59a2d756[
  size=9
  solver=sudoku.model.BacktrackingSudokuSolver@165d1d54
  board={{5,8,7,3,4,9,1,2,6},{9,2,1,5,6,7,3,8,4},{3,4,6,8,2,1,5,7,9},{4,3,9,1,5,8,7,6,2},{1,5,8,2,7,3,0,0,0},{0,0,0,0,0,0,0,0,0},{0,0,0,0,0,0,0,0,0},{0,0,0,0,0,0,0,0,0},{0,0,0,0,0,0,0,0,0}}
]
14:29:40.728 [main] INFO  sudoku.model.SudokuBoard - Wartość 0 wstawiona nieprawidłowo
14:29:40.728 [main] INFO  sudoku.model.SudokuBoard - Bład w kwadracie 0
sudoku.model.SudokuBoard@59a2d756[
  size=9
  solver=sudoku.model.BacktrackingSudokuSolver@165d1d54
  board={{5,8,7,3,4,9,1,2,6},{9,2,1,5,6,7,3,8,4},{3,4,6,8,2,1,5,7,9},{4,3,9,1,5,8,7,6,2},{1,5,8,2,7,3,9,0,0},{0,0,0,0,0,0,0,0,0},{0,0,0,0,0,0,0,0,0},{0,0,0,0,0,0,0,0,0},{0,0,0,0,0,0,0,0,0}}
]
14:29:40.728 [main] INFO  sudoku.model.SudokuBoard - Wartość 0 wstawiona nieprawidłowo
14:29:40.728 [main] INFO  sudoku.model.SudokuBoard - Bład w kwadracie 0
sudoku.model.SudokuBoard@59a2d756[
  size=9
  solver=sudoku.model.BacktrackingSudokuSolver@165d1d54
  board={{5,8,7,3,4,9,1,2,6},{9,2,1,5,6,7,3,8,4},{3,4,6,8,2,1,5,7,9},{4,3,9,1,5,8,7,6,2},{1,5,8,2,7,3,0,0,0},{0,0,0,0,0,0,0,0,0},{0,0,0,0,0,0,0,0,0},{0,0,0,0,0,0,0,0,0},{0,0,0,0,0,0,0,0,0}}
]
14:29:40.728 [main] INFO  sudoku.model.SudokuBoard - Wartość 0 wstawiona nieprawidłowo
14:29:40.728 [main] INFO  sudoku.model.SudokuBoard - Bład w kwadracie 0
sudoku.model.SudokuBoard@59a2d756[
  size=9
  solver=sudoku.model.BacktrackingSudokuSolver@165d1d54
  board={{5,8,7,3,4,9,1,2,6},{9,2,1,5,6,7,3,8,4},{3,4,6,8,2,1,5,7,9},{4,3,9,1,5,8,7,6,2},{1,5,8,2,7,0,0,0,0},{0,0,0,0,0,0,0,0,0},{0,0,0,0,0,0,0,0,0},{0,0,0,0,0,0,0,0,0},{0,0,0,0,0,0,0,0,0}}
]
14:29:40.728 [main] INFO  sudoku.model.SudokuBoard - Wartość 0 wstawiona nieprawidłowo
14:29:40.728 [main] INFO  sudoku.model.SudokuBoard - Bład w kwadracie 0
sudoku.model.SudokuBoard@59a2d756[
  size=9
  solver=sudoku.model.BacktrackingSudokuSolver@165d1d54
  board={{5,8,7,3,4,9,1,2,6},{9,2,1,5,6,7,3,8,4},{3,4,6,8,2,1,5,7,9},{4,3,9,1,5,8,7,6,2},{1,5,8,2,7,4,9,0,0},{0,0,0,0,0,0,0,0,0},{0,0,0,0,0,0,0,0,0},{0,0,0,0,0,0,0,0,0},{0,0,0,0,0,0,0,0,0}}
]
14:29:40.728 [main] INFO  sudoku.model.SudokuBoard - Wartość 0 wstawiona nieprawidłowo
14:29:40.728 [main] INFO  sudoku.model.SudokuBoard - Bład w kwadracie 0
sudoku.model.SudokuBoard@59a2d756[
  size=9
  solver=sudoku.model.BacktrackingSudokuSolver@165d1d54
  board={{5,8,7,3,4,9,1,2,6},{9,2,1,5,6,7,3,8,4},{3,4,6,8,2,1,5,7,9},{4,3,9,1,5,8,7,6,2},{1,5,8,2,7,4,0,0,0},{0,0,0,0,0,0,0,0,0},{0,0,0,0,0,0,0,0,0},{0,0,0,0,0,0,0,0,0},{0,0,0,0,0,0,0,0,0}}
]
14:29:40.746 [main] INFO  sudoku.model.SudokuBoard - Wartość 0 wstawiona nieprawidłowo
14:29:40.746 [main] INFO  sudoku.model.SudokuBoard - Bład w kwadracie 0
sudoku.model.SudokuBoard@59a2d756[
  size=9
  solver=sudoku.model.BacktrackingSudokuSolver@165d1d54
  board={{5,8,7,3,4,9,1,2,6},{9,2,1,5,6,7,3,8,4},{3,4,6,8,2,1,5,7,9},{4,3,9,1,5,8,7,6,2},{1,5,8,2,7,0,0,0,0},{0,0,0,0,0,0,0,0,0},{0,0,0,0,0,0,0,0,0},{0,0,0,0,0,0,0,0,0},{0,0,0,0,0,0,0,0,0}}
]
14:29:40.746 [main] INFO  sudoku.model.SudokuBoard - Wartość 0 wstawiona nieprawidłowo
14:29:40.746 [main] INFO  sudoku.model.SudokuBoard - Bład w kwadracie 0
sudoku.model.SudokuBoard@59a2d756[
  size=9
  solver=sudoku.model.BacktrackingSudokuSolver@165d1d54
  board={{5,8,7,3,4,9,1,2,6},{9,2,1,5,6,7,3,8,4},{3,4,6,8,2,1,5,7,9},{4,3,9,1,5,8,7,6,2},{1,5,8,2,7,6,4,9,3},{6,7,2,9,3,4,8,5,1},{2,1,5,4,9,3,0,0,0},{0,0,0,0,0,0,0,0,0},{0,0,0,0,0,0,0,0,0}}
]
14:29:40.747 [main] INFO  sudoku.model.SudokuBoard - Wartość 0 wstawiona nieprawidłowo
14:29:40.747 [main] INFO  sudoku.model.SudokuBoard - Bład w kwadracie 0
sudoku.model.SudokuBoard@59a2d756[
  size=9
  solver=sudoku.model.BacktrackingSudokuSolver@165d1d54
  board={{5,8,7,3,4,9,1,2,6},{9,2,1,5,6,7,3,8,4},{3,4,6,8,2,1,5,7,9},{4,3,9,1,5,8,7,6,2},{1,5,8,2,7,6,4,9,3},{6,7,2,9,3,4,8,5,1},{2,1,5,4,9,0,0,0,0},{0,0,0,0,0,0,0,0,0},{0,0,0,0,0,0,0,0,0}}
]
14:29:40.747 [main] INFO  sudoku.model.SudokuBoard - Wartość 0 wstawiona nieprawidłowo
14:29:40.747 [main] INFO  sudoku.model.SudokuBoard - Bład w kwadracie 0
sudoku.model.SudokuBoard@59a2d756[
  size=9
  solver=sudoku.model.BacktrackingSudokuSolver@165d1d54
  board={{5,8,7,3,4,9,1,2,6},{9,2,1,5,6,7,3,8,4},{3,4,6,8,2,1,5,7,9},{4,3,9,1,5,8,7,6,2},{1,5,8,2,7,6,4,9,3},{6,7,2,9,3,4,8,5,1},{2,1,5,4,0,0,0,0,0},{0,0,0,0,0,0,0,0,0},{0,0,0,0,0,0,0,0,0}}
]
14:29:40.747 [main] INFO  sudoku.model.SudokuBoard - Wartość 0 wstawiona nieprawidłowo
14:29:40.750 [main] INFO  sudoku.model.SudokuBoard - Bład w kwadracie 0
sudoku.model.SudokuBoard@59a2d756[
  size=9
  solver=sudoku.model.BacktrackingSudokuSolver@165d1d54
  board={{5,8,7,3,4,9,1,2,6},{9,2,1,5,6,7,3,8,4},{3,4,6,8,2,1,5,7,9},{4,3,9,1,5,8,7,6,2},{1,5,8,2,7,6,4,9,3},{6,7,2,9,3,4,8,5,1},{2,1,5,4,8,3,0,0,0},{0,0,0,0,0,0,0,0,0},{0,0,0,0,0,0,0,0,0}}
]
14:29:40.750 [main] INFO  sudoku.model.SudokuBoard - Wartość 0 wstawiona nieprawidłowo
14:29:40.750 [main] INFO  sudoku.model.SudokuBoard - Bład w kwadracie 0
sudoku.model.SudokuBoard@59a2d756[
  size=9
  solver=sudoku.model.BacktrackingSudokuSolver@165d1d54
  board={{5,8,7,3,4,9,1,2,6},{9,2,1,5,6,7,3,8,4},{3,4,6,8,2,1,5,7,9},{4,3,9,1,5,8,7,6,2},{1,5,8,2,7,6,4,9,3},{6,7,2,9,3,4,8,5,1},{2,1,5,4,8,3,0,0,0},{0,0,0,0,0,0,0,0,0},{0,0,0,0,0,0,0,0,0}}
]
14:29:40.751 [main] INFO  sudoku.model.SudokuBoard - Wartość 0 wstawiona nieprawidłowo
14:29:40.751 [main] INFO  sudoku.model.SudokuBoard - Bład w kwadracie 0
sudoku.model.SudokuBoard@59a2d756[
  size=9
  solver=sudoku.model.BacktrackingSudokuSolver@165d1d54
  board={{5,8,7,3,4,9,1,2,6},{9,2,1,5,6,7,3,8,4},{3,4,6,8,2,1,5,7,9},{4,3,9,1,5,8,7,6,2},{1,5,8,2,7,6,4,9,3},{6,7,2,9,3,4,8,5,1},{2,1,5,4,8,0,0,0,0},{0,0,0,0,0,0,0,0,0},{0,0,0,0,0,0,0,0,0}}
]
14:29:40.751 [main] INFO  sudoku.model.SudokuBoard - Wartość 0 wstawiona nieprawidłowo
14:29:40.751 [main] INFO  sudoku.model.SudokuBoard - Bład w kwadracie 0
sudoku.model.SudokuBoard@59a2d756[
  size=9
  solver=sudoku.model.BacktrackingSudokuSolver@165d1d54
  board={{5,8,7,3,4,9,1,2,6},{9,2,1,5,6,7,3,8,4},{3,4,6,8,2,1,5,7,9},{4,3,9,1,5,8,7,6,2},{1,5,8,2,7,6,4,9,3},{6,7,2,9,3,4,8,5,1},{2,1,5,4,0,0,0,0,0},{0,0,0,0,0,0,0,0,0},{0,0,0,0,0,0,0,0,0}}
]
14:29:40.751 [main] INFO  sudoku.model.SudokuBoard - Wartość 0 wstawiona nieprawidłowo
14:29:40.751 [main] INFO  sudoku.model.SudokuBoard - Bład w kwadracie 0
sudoku.model.SudokuBoard@59a2d756[
  size=9
  solver=sudoku.model.BacktrackingSudokuSolver@165d1d54
  board={{5,8,7,3,4,9,1,2,6},{9,2,1,5,6,7,3,8,4},{3,4,6,8,2,1,5,7,9},{4,3,9,1,5,8,7,6,2},{1,5,8,2,7,6,4,9,3},{6,7,2,9,3,4,8,5,1},{2,1,5,0,0,0,0,0,0},{0,0,0,0,0,0,0,0,0},{0,0,0,0,0,0,0,0,0}}
]
14:29:40.751 [main] INFO  sudoku.model.SudokuBoard - Wartość 0 wstawiona nieprawidłowo
14:29:40.751 [main] INFO  sudoku.model.SudokuBoard - Bład w kwadracie 0
sudoku.model.SudokuBoard@59a2d756[
  size=9
  solver=sudoku.model.BacktrackingSudokuSolver@165d1d54
  board={{5,8,7,3,4,9,1,2,6},{9,2,1,5,6,7,3,8,4},{3,4,6,8,2,1,5,7,9},{4,3,9,1,5,8,7,6,2},{1,5,8,2,7,6,4,9,3},{6,7,2,9,3,4,8,5,1},{2,1,5,6,8,3,9,4,7},{7,6,3,4,9,0,0,0,0},{0,0,0,0,0,0,0,0,0}}
]
14:29:40.751 [main] INFO  sudoku.model.SudokuBoard - Wartość 0 wstawiona nieprawidłowo
14:29:40.752 [main] INFO  sudoku.model.SudokuBoard - Bład w kwadracie 0
sudoku.model.SudokuBoard@559fd5ec[
  size=9
  solver=sudoku.model.BacktrackingSudokuSolver@165d1d54
  board={{3,4,9,5,1,6,2,7,8},{1,6,8,2,4,3,9,0,0},{0,0,0,0,0,0,0,0,0},{0,0,0,0,0,0,0,0,0},{0,0,0,0,0,0,0,0,0},{0,0,0,0,0,0,0,0,0},{0,0,0,0,0,0,0,0,0},{0,0,0,0,0,0,0,0,0},{0,0,0,0,0,0,0,0,0}}
]
14:29:40.752 [main] INFO  sudoku.model.SudokuBoard - Wartość 0 wstawiona nieprawidłowo
14:29:40.752 [main] INFO  sudoku.model.SudokuBoard - Bład w kwadracie 0
sudoku.model.SudokuBoard@559fd5ec[
  size=9
  solver=sudoku.model.BacktrackingSudokuSolver@165d1d54
  board={{3,4,9,5,1,6,2,7,8},{1,6,8,2,4,3,0,0,0},{0,0,0,0,0,0,0,0,0},{0,0,0,0,0,0,0,0,0},{0,0,0,0,0,0,0,0,0},{0,0,0,0,0,0,0,0,0},{0,0,0,0,0,0,0,0,0},{0,0,0,0,0,0,0,0,0},{0,0,0,0,0,0,0,0,0}}
]
14:29:40.752 [main] INFO  sudoku.model.SudokuBoard - Wartość 0 wstawiona nieprawidłowo
14:29:40.752 [main] INFO  sudoku.model.SudokuBoard - Bład w kwadracie 0
sudoku.model.SudokuBoard@559fd5ec[
  size=9
  solver=sudoku.model.BacktrackingSudokuSolver@165d1d54
  board={{3,4,9,5,1,6,2,7,8},{1,6,8,2,4,3,5,0,0},{0,0,0,0,0,0,0,0,0},{0,0,0,0,0,0,0,0,0},{0,0,0,0,0,0,0,0,0},{0,0,0,0,0,0,0,0,0},{0,0,0,0,0,0,0,0,0},{0,0,0,0,0,0,0,0,0},{0,0,0,0,0,0,0,0,0}}
]
14:29:40.752 [main] INFO  sudoku.model.SudokuBoard - Wartość 0 wstawiona nieprawidłowo
14:29:40.752 [main] INFO  sudoku.model.SudokuBoard - Bład w kwadracie 0
sudoku.model.SudokuBoard@559fd5ec[
  size=9
  solver=sudoku.model.BacktrackingSudokuSolver@165d1d54
  board={{3,4,9,5,1,6,2,7,8},{1,6,8,2,4,3,0,0,0},{0,0,0,0,0,0,0,0,0},{0,0,0,0,0,0,0,0,0},{0,0,0,0,0,0,0,0,0},{0,0,0,0,0,0,0,0,0},{0,0,0,0,0,0,0,0,0},{0,0,0,0,0,0,0,0,0},{0,0,0,0,0,0,0,0,0}}
]
14:29:40.752 [main] INFO  sudoku.model.SudokuBoard - Wartość 0 wstawiona nieprawidłowo
14:29:40.752 [main] INFO  sudoku.model.SudokuBoard - Bład w kwadracie 0
sudoku.model.SudokuBoard@559fd5ec[
  size=9
  solver=sudoku.model.BacktrackingSudokuSolver@165d1d54
  board={{3,4,9,5,1,6,2,7,8},{1,6,8,2,4,0,0,0,0},{0,0,0,0,0,0,0,0,0},{0,0,0,0,0,0,0,0,0},{0,0,0,0,0,0,0,0,0},{0,0,0,0,0,0,0,0,0},{0,0,0,0,0,0,0,0,0},{0,0,0,0,0,0,0,0,0},{0,0,0,0,0,0,0,0,0}}
]
14:29:40.752 [main] INFO  sudoku.model.SudokuBoard - Wartość 0 wstawiona nieprawidłowo
14:29:40.752 [main] INFO  sudoku.model.SudokuBoard - Bład w kwadracie 0
sudoku.model.SudokuBoard@559fd5ec[
  size=9
  solver=sudoku.model.BacktrackingSudokuSolver@165d1d54
  board={{3,4,9,5,1,6,2,7,8},{1,6,8,2,4,7,3,5,9},{2,5,7,8,3,9,1,4,6},{4,7,2,3,6,5,8,0,0},{0,0,0,0,0,0,0,0,0},{0,0,0,0,0,0,0,0,0},{0,0,0,0,0,0,0,0,0},{0,0,0,0,0,0,0,0,0},{0,0,0,0,0,0,0,0,0}}
]
14:29:40.752 [main] INFO  sudoku.model.SudokuBoard - Wartość 0 wstawiona nieprawidłowo
14:29:40.752 [main] INFO  sudoku.model.SudokuBoard - Bład w kwadracie 0
sudoku.model.SudokuBoard@559fd5ec[
  size=9
  solver=sudoku.model.BacktrackingSudokuSolver@165d1d54
  board={{3,4,9,5,1,6,2,7,8},{1,6,8,2,4,7,3,5,9},{2,5,7,8,3,9,1,4,6},{4,7,2,3,6,5,8,9,1},{5,3,1,4,2,8,0,0,0},{0,0,0,0,0,0,0,0,0},{0,0,0,0,0,0,0,0,0},{0,0,0,0,0,0,0,0,0},{0,0,0,0,0,0,0,0,0}}
]
14:29:40.752 [main] INFO  sudoku.model.SudokuBoard - Wartość 0 wstawiona nieprawidłowo
14:29:40.753 [main] INFO  sudoku.model.SudokuBoard - Bład w kwadracie 0
sudoku.model.SudokuBoard@559fd5ec[
  size=9
  solver=sudoku.model.BacktrackingSudokuSolver@165d1d54
  board={{3,4,9,5,1,6,2,7,8},{1,6,8,2,4,7,3,5,9},{2,5,7,8,3,9,1,4,6},{4,7,2,3,6,5,8,9,1},{5,3,1,4,2,8,7,0,0},{0,0,0,0,0,0,0,0,0},{0,0,0,0,0,0,0,0,0},{0,0,0,0,0,0,0,0,0},{0,0,0,0,0,0,0,0,0}}
]
14:29:40.753 [main] INFO  sudoku.model.SudokuBoard - Wartość 0 wstawiona nieprawidłowo
14:29:40.753 [main] INFO  sudoku.model.SudokuBoard - Bład w kwadracie 0
sudoku.model.SudokuBoard@559fd5ec[
  size=9
  solver=sudoku.model.BacktrackingSudokuSolver@165d1d54
  board={{3,4,9,5,1,6,2,7,8},{1,6,8,2,4,7,3,5,9},{2,5,7,8,3,9,1,4,6},{4,7,2,3,6,5,8,9,1},{5,3,1,4,2,8,0,0,0},{0,0,0,0,0,0,0,0,0},{0,0,0,0,0,0,0,0,0},{0,0,0,0,0,0,0,0,0},{0,0,0,0,0,0,0,0,0}}
]
14:29:40.753 [main] INFO  sudoku.model.SudokuBoard - Wartość 0 wstawiona nieprawidłowo
14:29:40.753 [main] INFO  sudoku.model.SudokuBoard - Bład w kwadracie 0
sudoku.model.SudokuBoard@559fd5ec[
  size=9
  solver=sudoku.model.BacktrackingSudokuSolver@165d1d54
  board={{3,4,9,5,1,6,2,7,8},{1,6,8,2,4,7,3,5,9},{2,5,7,8,3,9,1,4,6},{4,7,2,3,6,5,8,9,1},{5,3,1,4,2,0,0,0,0},{0,0,0,0,0,0,0,0,0},{0,0,0,0,0,0,0,0,0},{0,0,0,0,0,0,0,0,0},{0,0,0,0,0,0,0,0,0}}
]
14:29:40.753 [main] INFO  sudoku.model.SudokuBoard - Wartość 0 wstawiona nieprawidłowo
14:29:40.753 [main] INFO  sudoku.model.SudokuBoard - Bład w kwadracie 0
sudoku.model.SudokuBoard@559fd5ec[
  size=9
  solver=sudoku.model.BacktrackingSudokuSolver@165d1d54
  board={{3,4,9,5,1,6,2,7,8},{1,6,8,2,4,7,3,5,9},{2,5,7,8,3,9,1,4,6},{4,7,2,3,6,5,8,9,1},{5,3,1,4,0,0,0,0,0},{0,0,0,0,0,0,0,0,0},{0,0,0,0,0,0,0,0,0},{0,0,0,0,0,0,0,0,0},{0,0,0,0,0,0,0,0,0}}
]
14:29:40.753 [main] INFO  sudoku.model.SudokuBoard - Wartość 0 wstawiona nieprawidłowo
14:29:40.753 [main] INFO  sudoku.model.SudokuBoard - Bład w kwadracie 0
sudoku.model.SudokuBoard@559fd5ec[
  size=9
  solver=sudoku.model.BacktrackingSudokuSolver@165d1d54
  board={{3,4,9,5,1,6,2,7,8},{1,6,8,2,4,7,3,5,9},{2,5,7,8,3,9,1,4,6},{4,7,2,3,6,5,8,9,1},{5,3,1,4,7,8,6,0,0},{0,0,0,0,0,0,0,0,0},{0,0,0,0,0,0,0,0,0},{0,0,0,0,0,0,0,0,0},{0,0,0,0,0,0,0,0,0}}
]
14:29:40.754 [main] INFO  sudoku.model.SudokuBoard - Wartość 0 wstawiona nieprawidłowo
14:29:40.754 [main] INFO  sudoku.model.SudokuBoard - Bład w kwadracie 0
sudoku.model.SudokuBoard@559fd5ec[
  size=9
  solver=sudoku.model.BacktrackingSudokuSolver@165d1d54
  board={{3,4,9,5,1,6,2,7,8},{1,6,8,2,4,7,3,5,9},{2,5,7,8,3,9,1,4,6},{4,7,2,3,6,5,8,9,1},{5,3,1,4,7,8,0,0,0},{0,0,0,0,0,0,0,0,0},{0,0,0,0,0,0,0,0,0},{0,0,0,0,0,0,0,0,0},{0,0,0,0,0,0,0,0,0}}
]
14:29:40.754 [main] INFO  sudoku.model.SudokuBoard - Wartość 0 wstawiona nieprawidłowo
14:29:40.754 [main] INFO  sudoku.model.SudokuBoard - Bład w kwadracie 0
sudoku.model.SudokuBoard@559fd5ec[
  size=9
  solver=sudoku.model.BacktrackingSudokuSolver@165d1d54
  board={{3,4,9,5,1,6,2,7,8},{1,6,8,2,4,7,3,5,9},{2,5,7,8,3,9,1,4,6},{4,7,2,3,6,5,8,9,1},{5,3,1,4,7,0,0,0,0},{0,0,0,0,0,0,0,0,0},{0,0,0,0,0,0,0,0,0},{0,0,0,0,0,0,0,0,0},{0,0,0,0,0,0,0,0,0}}
]
14:29:40.754 [main] INFO  sudoku.model.SudokuBoard - Wartość 0 wstawiona nieprawidłowo
14:29:40.755 [main] INFO  sudoku.model.SudokuBoard - Bład w kwadracie 0
sudoku.model.SudokuBoard@559fd5ec[
  size=9
  solver=sudoku.model.BacktrackingSudokuSolver@165d1d54
  board={{3,4,9,5,1,6,2,7,8},{1,6,8,2,4,7,3,5,9},{2,5,7,8,3,9,1,4,6},{4,7,2,3,6,5,8,9,1},{5,3,1,4,7,2,0,0,0},{0,0,0,0,0,0,0,0,0},{0,0,0,0,0,0,0,0,0},{0,0,0,0,0,0,0,0,0},{0,0,0,0,0,0,0,0,0}}
]
14:29:40.755 [main] INFO  sudoku.model.SudokuBoard - Wartość 0 wstawiona nieprawidłowo
14:29:40.755 [main] INFO  sudoku.model.SudokuBoard - Bład w kwadracie 0
sudoku.model.SudokuBoard@559fd5ec[
  size=9
  solver=sudoku.model.BacktrackingSudokuSolver@165d1d54
  board={{3,4,9,5,1,6,2,7,8},{1,6,8,2,4,7,3,5,9},{2,5,7,8,3,9,1,4,6},{4,7,2,3,6,5,8,9,1},{5,3,1,4,7,0,0,0,0},{0,0,0,0,0,0,0,0,0},{0,0,0,0,0,0,0,0,0},{0,0,0,0,0,0,0,0,0},{0,0,0,0,0,0,0,0,0}}
]
14:29:40.755 [main] INFO  sudoku.model.SudokuBoard - Wartość 0 wstawiona nieprawidłowo
14:29:40.755 [main] INFO  sudoku.model.SudokuBoard - Bład w kwadracie 0
sudoku.model.SudokuBoard@559fd5ec[
  size=9
  solver=sudoku.model.BacktrackingSudokuSolver@165d1d54
  board={{3,4,9,5,1,6,2,7,8},{1,6,8,2,4,7,3,5,9},{2,5,7,8,3,9,1,4,6},{4,7,2,3,6,5,8,9,1},{5,3,1,4,0,0,0,0,0},{0,0,0,0,0,0,0,0,0},{0,0,0,0,0,0,0,0,0},{0,0,0,0,0,0,0,0,0},{0,0,0,0,0,0,0,0,0}}
]
14:29:40.755 [main] INFO  sudoku.model.SudokuBoard - Wartość 0 wstawiona nieprawidłowo
14:29:40.755 [main] INFO  sudoku.model.SudokuBoard - Bład w kwadracie 0
sudoku.model.SudokuBoard@559fd5ec[
  size=9
  solver=sudoku.model.BacktrackingSudokuSolver@165d1d54
  board={{3,4,9,5,1,6,2,7,8},{1,6,8,2,4,7,3,5,9},{2,5,7,8,3,9,1,4,6},{4,7,2,3,6,5,8,9,1},{5,3,1,4,8,2,0,0,0},{0,0,0,0,0,0,0,0,0},{0,0,0,0,0,0,0,0,0},{0,0,0,0,0,0,0,0,0},{0,0,0,0,0,0,0,0,0}}
]
14:29:40.755 [main] INFO  sudoku.model.SudokuBoard - Wartość 0 wstawiona nieprawidłowo
14:29:40.755 [main] INFO  sudoku.model.SudokuBoard - Bład w kwadracie 0
sudoku.model.SudokuBoard@559fd5ec[
  size=9
  solver=sudoku.model.BacktrackingSudokuSolver@165d1d54
  board={{3,4,9,5,1,6,2,7,8},{1,6,8,2,4,7,3,5,9},{2,5,7,8,3,9,1,4,6},{4,7,2,3,6,5,8,9,1},{5,3,1,4,8,2,7,0,0},{0,0,0,0,0,0,0,0,0},{0,0,0,0,0,0,0,0,0},{0,0,0,0,0,0,0,0,0},{0,0,0,0,0,0,0,0,0}}
]
14:29:40.755 [main] INFO  sudoku.model.SudokuBoard - Wartość 0 wstawiona nieprawidłowo
14:29:40.755 [main] INFO  sudoku.model.SudokuBoard - Bład w kwadracie 0
sudoku.model.SudokuBoard@559fd5ec[
  size=9
  solver=sudoku.model.BacktrackingSudokuSolver@165d1d54
  board={{3,4,9,5,1,6,2,7,8},{1,6,8,2,4,7,3,5,9},{2,5,7,8,3,9,1,4,6},{4,7,2,3,6,5,8,9,1},{5,3,1,4,8,2,0,0,0},{0,0,0,0,0,0,0,0,0},{0,0,0,0,0,0,0,0,0},{0,0,0,0,0,0,0,0,0},{0,0,0,0,0,0,0,0,0}}
]
14:29:40.755 [main] INFO  sudoku.model.SudokuBoard - Wartość 0 wstawiona nieprawidłowo
14:29:40.755 [main] INFO  sudoku.model.SudokuBoard - Bład w kwadracie 0
sudoku.model.SudokuBoard@559fd5ec[
  size=9
  solver=sudoku.model.BacktrackingSudokuSolver@165d1d54
  board={{3,4,9,5,1,6,2,7,8},{1,6,8,2,4,7,3,5,9},{2,5,7,8,3,9,1,4,6},{4,7,2,3,6,5,8,9,1},{5,3,1,4,8,0,0,0,0},{0,0,0,0,0,0,0,0,0},{0,0,0,0,0,0,0,0,0},{0,0,0,0,0,0,0,0,0},{0,0,0,0,0,0,0,0,0}}
]
14:29:40.755 [main] INFO  sudoku.model.SudokuBoard - Wartość 0 wstawiona nieprawidłowo
14:29:40.755 [main] INFO  sudoku.model.SudokuBoard - Bład w kwadracie 0
sudoku.model.SudokuBoard@559fd5ec[
  size=9
  solver=sudoku.model.BacktrackingSudokuSolver@165d1d54
  board={{3,4,9,5,1,6,2,7,8},{1,6,8,2,4,7,3,5,9},{2,5,7,8,3,9,1,4,6},{4,7,2,3,6,5,8,9,1},{5,3,1,4,0,0,0,0,0},{0,0,0,0,0,0,0,0,0},{0,0,0,0,0,0,0,0,0},{0,0,0,0,0,0,0,0,0},{0,0,0,0,0,0,0,0,0}}
]
14:29:40.760 [main] INFO  sudoku.model.SudokuBoard - Wartość 0 wstawiona nieprawidłowo
14:29:40.761 [main] INFO  sudoku.model.SudokuBoard - Bład w kwadracie 0
sudoku.model.SudokuBoard@559fd5ec[
  size=9
  solver=sudoku.model.BacktrackingSudokuSolver@165d1d54
  board={{3,4,9,5,1,6,2,7,8},{1,6,8,2,4,7,3,5,9},{2,5,7,8,3,9,1,4,6},{4,7,2,3,6,5,8,9,1},{5,3,1,4,9,8,6,2,7},{6,0,0,0,0,0,0,0,0},{0,0,0,0,0,0,0,0,0},{0,0,0,0,0,0,0,0,0},{0,0,0,0,0,0,0,0,0}}
]
14:29:40.761 [main] INFO  sudoku.model.SudokuBoard - Wartość 0 wstawiona nieprawidłowo
14:29:40.761 [main] INFO  sudoku.model.SudokuBoard - Bład w kwadracie 0
sudoku.model.SudokuBoard@559fd5ec[
  size=9
  solver=sudoku.model.BacktrackingSudokuSolver@165d1d54
  board={{3,4,9,5,1,6,2,7,8},{1,6,8,2,4,7,3,5,9},{2,5,7,8,3,9,1,4,6},{4,7,2,3,6,5,8,9,1},{5,3,1,4,9,8,6,2,7},{6,0,0,0,0,0,0,0,0},{0,0,0,0,0,0,0,0,0},{0,0,0,0,0,0,0,0,0},{0,0,0,0,0,0,0,0,0}}
]
14:29:40.761 [main] INFO  sudoku.model.SudokuBoard - Wartość 0 wstawiona nieprawidłowo
14:29:40.761 [main] INFO  sudoku.model.SudokuBoard - Bład w kwadracie 0
sudoku.model.SudokuBoard@559fd5ec[
  size=9
  solver=sudoku.model.BacktrackingSudokuSolver@165d1d54
  board={{3,4,9,5,1,6,2,7,8},{1,6,8,2,4,7,3,5,9},{2,5,7,8,3,9,1,4,6},{4,7,2,3,6,5,8,9,1},{5,3,1,4,9,8,6,2,7},{0,0,0,0,0,0,0,0,0},{0,0,0,0,0,0,0,0,0},{0,0,0,0,0,0,0,0,0},{0,0,0,0,0,0,0,0,0}}
]
14:29:40.761 [main] INFO  sudoku.model.SudokuBoard - Wartość 0 wstawiona nieprawidłowo
14:29:40.761 [main] INFO  sudoku.model.SudokuBoard - Bład w kwadracie 0
sudoku.model.SudokuBoard@559fd5ec[
  size=9
  solver=sudoku.model.BacktrackingSudokuSolver@165d1d54
  board={{3,4,9,5,1,6,2,7,8},{1,6,8,2,4,7,3,5,9},{2,5,7,8,3,9,1,4,6},{4,7,2,3,6,5,8,9,1},{5,3,1,4,9,8,6,2,7},{8,9,6,7,2,1,4,3,5},{6,8,3,1,7,2,0,0,0},{0,0,0,0,0,0,0,0,0},{0,0,0,0,0,0,0,0,0}}
]
14:29:40.762 [main] INFO  sudoku.model.SudokuBoard - Wartość 0 wstawiona nieprawidłowo
14:29:40.762 [main] INFO  sudoku.model.SudokuBoard - Bład w kwadracie 0
sudoku.model.SudokuBoard@559fd5ec[
  size=9
  solver=sudoku.model.BacktrackingSudokuSolver@165d1d54
  board={{3,4,9,5,1,6,2,7,8},{1,6,8,2,4,7,3,5,9},{2,5,7,8,3,9,1,4,6},{4,7,2,3,6,5,8,9,1},{5,3,1,4,9,8,6,2,7},{8,9,6,7,2,1,4,3,5},{6,8,3,1,7,2,0,0,0},{0,0,0,0,0,0,0,0,0},{0,0,0,0,0,0,0,0,0}}
]
14:29:40.762 [main] INFO  sudoku.model.SudokuBoard - Wartość 0 wstawiona nieprawidłowo
14:29:40.762 [main] INFO  sudoku.model.SudokuBoard - Bład w kwadracie 0
sudoku.model.SudokuBoard@559fd5ec[
  size=9
  solver=sudoku.model.BacktrackingSudokuSolver@165d1d54
  board={{3,4,9,5,1,6,2,7,8},{1,6,8,2,4,7,3,5,9},{2,5,7,8,3,9,1,4,6},{4,7,2,3,6,5,8,9,1},{5,3,1,4,9,8,6,2,7},{8,9,6,7,2,1,4,3,5},{6,8,3,1,7,0,0,0,0},{0,0,0,0,0,0,0,0,0},{0,0,0,0,0,0,0,0,0}}
]
14:29:40.762 [main] INFO  sudoku.model.SudokuBoard - Wartość 0 wstawiona nieprawidłowo
14:29:40.762 [main] INFO  sudoku.model.SudokuBoard - Bład w kwadracie 0
sudoku.model.SudokuBoard@559fd5ec[
  size=9
  solver=sudoku.model.BacktrackingSudokuSolver@165d1d54
  board={{3,4,9,5,1,6,2,7,8},{1,6,8,2,4,7,3,5,9},{2,5,7,8,3,9,1,4,6},{4,7,2,3,6,5,8,9,1},{5,3,1,4,9,8,6,2,7},{8,9,6,7,2,1,4,3,5},{6,8,3,1,7,4,0,0,0},{0,0,0,0,0,0,0,0,0},{0,0,0,0,0,0,0,0,0}}
]
14:29:40.762 [main] INFO  sudoku.model.SudokuBoard - Wartość 0 wstawiona nieprawidłowo
14:29:40.762 [main] INFO  sudoku.model.SudokuBoard - Bład w kwadracie 0
sudoku.model.SudokuBoard@559fd5ec[
  size=9
  solver=sudoku.model.BacktrackingSudokuSolver@165d1d54
  board={{3,4,9,5,1,6,2,7,8},{1,6,8,2,4,7,3,5,9},{2,5,7,8,3,9,1,4,6},{4,7,2,3,6,5,8,9,1},{5,3,1,4,9,8,6,2,7},{8,9,6,7,2,1,4,3,5},{6,8,3,1,7,4,0,0,0},{0,0,0,0,0,0,0,0,0},{0,0,0,0,0,0,0,0,0}}
]
14:29:40.762 [main] INFO  sudoku.model.SudokuBoard - Wartość 0 wstawiona nieprawidłowo
14:29:40.762 [main] INFO  sudoku.model.SudokuBoard - Bład w kwadracie 0
sudoku.model.SudokuBoard@559fd5ec[
  size=9
  solver=sudoku.model.BacktrackingSudokuSolver@165d1d54
  board={{3,4,9,5,1,6,2,7,8},{1,6,8,2,4,7,3,5,9},{2,5,7,8,3,9,1,4,6},{4,7,2,3,6,5,8,9,1},{5,3,1,4,9,8,6,2,7},{8,9,6,7,2,1,4,3,5},{6,8,3,1,7,0,0,0,0},{0,0,0,0,0,0,0,0,0},{0,0,0,0,0,0,0,0,0}}
]
14:29:40.762 [main] INFO  sudoku.model.SudokuBoard - Wartość 0 wstawiona nieprawidłowo
14:29:40.763 [main] INFO  sudoku.model.SudokuBoard - Bład w kwadracie 0
sudoku.model.SudokuBoard@559fd5ec[
  size=9
  solver=sudoku.model.BacktrackingSudokuSolver@165d1d54
  board={{3,4,9,5,1,6,2,7,8},{1,6,8,2,4,7,3,5,9},{2,5,7,8,3,9,1,4,6},{4,7,2,3,6,5,8,9,1},{5,3,1,4,9,8,6,2,7},{8,9,6,7,2,1,4,3,5},{6,8,3,1,0,0,0,0,0},{0,0,0,0,0,0,0,0,0},{0,0,0,0,0,0,0,0,0}}
]
14:29:40.763 [main] INFO  sudoku.model.SudokuBoard - Wartość 0 wstawiona nieprawidłowo
14:29:40.763 [main] INFO  sudoku.model.SudokuBoard - Bład w kwadracie 0
sudoku.model.SudokuBoard@559fd5ec[
  size=9
  solver=sudoku.model.BacktrackingSudokuSolver@165d1d54
  board={{3,4,9,5,1,6,2,7,8},{1,6,8,2,4,7,3,5,9},{2,5,7,8,3,9,1,4,6},{4,7,2,3,6,5,8,9,1},{5,3,1,4,9,8,6,2,7},{8,9,6,7,2,1,4,3,5},{6,8,3,1,5,2,0,0,0},{0,0,0,0,0,0,0,0,0},{0,0,0,0,0,0,0,0,0}}
]
14:29:40.763 [main] INFO  sudoku.model.SudokuBoard - Wartość 0 wstawiona nieprawidłowo
14:29:40.763 [main] INFO  sudoku.model.SudokuBoard - Bład w kwadracie 0
sudoku.model.SudokuBoard@559fd5ec[
  size=9
  solver=sudoku.model.BacktrackingSudokuSolver@165d1d54
  board={{3,4,9,5,1,6,2,7,8},{1,6,8,2,4,7,3,5,9},{2,5,7,8,3,9,1,4,6},{4,7,2,3,6,5,8,9,1},{5,3,1,4,9,8,6,2,7},{8,9,6,7,2,1,4,3,5},{6,8,3,1,5,2,0,0,0},{0,0,0,0,0,0,0,0,0},{0,0,0,0,0,0,0,0,0}}
]
14:29:40.763 [main] INFO  sudoku.model.SudokuBoard - Wartość 0 wstawiona nieprawidłowo
14:29:40.763 [main] INFO  sudoku.model.SudokuBoard - Bład w kwadracie 0
sudoku.model.SudokuBoard@559fd5ec[
  size=9
  solver=sudoku.model.BacktrackingSudokuSolver@165d1d54
  board={{3,4,9,5,1,6,2,7,8},{1,6,8,2,4,7,3,5,9},{2,5,7,8,3,9,1,4,6},{4,7,2,3,6,5,8,9,1},{5,3,1,4,9,8,6,2,7},{8,9,6,7,2,1,4,3,5},{6,8,3,1,5,0,0,0,0},{0,0,0,0,0,0,0,0,0},{0,0,0,0,0,0,0,0,0}}
]
14:29:40.764 [main] INFO  sudoku.model.SudokuBoard - Wartość 0 wstawiona nieprawidłowo
14:29:40.764 [main] INFO  sudoku.model.SudokuBoard - Bład w kwadracie 0
sudoku.model.SudokuBoard@559fd5ec[
  size=9
  solver=sudoku.model.BacktrackingSudokuSolver@165d1d54
  board={{3,4,9,5,1,6,2,7,8},{1,6,8,2,4,7,3,5,9},{2,5,7,8,3,9,1,4,6},{4,7,2,3,6,5,8,9,1},{5,3,1,4,9,8,6,2,7},{8,9,6,7,2,1,4,3,5},{6,8,3,1,5,4,0,0,0},{0,0,0,0,0,0,0,0,0},{0,0,0,0,0,0,0,0,0}}
]
14:29:40.764 [main] INFO  sudoku.model.SudokuBoard - Wartość 0 wstawiona nieprawidłowo
14:29:40.764 [main] INFO  sudoku.model.SudokuBoard - Bład w kwadracie 0
sudoku.model.SudokuBoard@559fd5ec[
  size=9
  solver=sudoku.model.BacktrackingSudokuSolver@165d1d54
  board={{3,4,9,5,1,6,2,7,8},{1,6,8,2,4,7,3,5,9},{2,5,7,8,3,9,1,4,6},{4,7,2,3,6,5,8,9,1},{5,3,1,4,9,8,6,2,7},{8,9,6,7,2,1,4,3,5},{6,8,3,1,5,4,0,0,0},{0,0,0,0,0,0,0,0,0},{0,0,0,0,0,0,0,0,0}}
]
14:29:40.764 [main] INFO  sudoku.model.SudokuBoard - Wartość 0 wstawiona nieprawidłowo
14:29:40.764 [main] INFO  sudoku.model.SudokuBoard - Bład w kwadracie 0
sudoku.model.SudokuBoard@559fd5ec[
  size=9
  solver=sudoku.model.BacktrackingSudokuSolver@165d1d54
  board={{3,4,9,5,1,6,2,7,8},{1,6,8,2,4,7,3,5,9},{2,5,7,8,3,9,1,4,6},{4,7,2,3,6,5,8,9,1},{5,3,1,4,9,8,6,2,7},{8,9,6,7,2,1,4,3,5},{6,8,3,1,5,0,0,0,0},{0,0,0,0,0,0,0,0,0},{0,0,0,0,0,0,0,0,0}}
]
14:29:40.764 [main] INFO  sudoku.model.SudokuBoard - Wartość 0 wstawiona nieprawidłowo
14:29:40.764 [main] INFO  sudoku.model.SudokuBoard - Bład w kwadracie 0
sudoku.model.SudokuBoard@559fd5ec[
  size=9
  solver=sudoku.model.BacktrackingSudokuSolver@165d1d54
  board={{3,4,9,5,1,6,2,7,8},{1,6,8,2,4,7,3,5,9},{2,5,7,8,3,9,1,4,6},{4,7,2,3,6,5,8,9,1},{5,3,1,4,9,8,6,2,7},{8,9,6,7,2,1,4,3,5},{6,8,3,1,0,0,0,0,0},{0,0,0,0,0,0,0,0,0},{0,0,0,0,0,0,0,0,0}}
]
14:29:40.764 [main] INFO  sudoku.model.SudokuBoard - Wartość 0 wstawiona nieprawidłowo
14:29:40.764 [main] INFO  sudoku.model.SudokuBoard - Bład w kwadracie 0
sudoku.model.SudokuBoard@559fd5ec[
  size=9
  solver=sudoku.model.BacktrackingSudokuSolver@165d1d54
  board={{3,4,9,5,1,6,2,7,8},{1,6,8,2,4,7,3,5,9},{2,5,7,8,3,9,1,4,6},{4,7,2,3,6,5,8,9,1},{5,3,1,4,9,8,6,2,7},{8,9,6,7,2,1,4,3,5},{6,8,3,0,0,0,0,0,0},{0,0,0,0,0,0,0,0,0},{0,0,0,0,0,0,0,0,0}}
]
14:29:40.764 [main] INFO  sudoku.model.SudokuBoard - Wartość 0 wstawiona nieprawidłowo
14:29:40.764 [main] INFO  sudoku.model.SudokuBoard - Bład w kwadracie 0
sudoku.model.SudokuBoard@559fd5ec[
  size=9
  solver=sudoku.model.BacktrackingSudokuSolver@165d1d54
  board={{3,4,9,5,1,6,2,7,8},{1,6,8,2,4,7,3,5,9},{2,5,7,8,3,9,1,4,6},{4,7,2,3,6,5,8,9,1},{5,3,1,4,9,8,6,2,7},{8,9,6,7,2,1,4,3,5},{6,8,3,9,5,2,7,1,4},{7,1,4,6,8,3,0,0,0},{0,0,0,0,0,0,0,0,0}}
]
14:29:40.764 [main] INFO  sudoku.model.SudokuBoard - Wartość 0 wstawiona nieprawidłowo
14:29:40.765 [main] INFO  sudoku.model.SudokuBoard - Bład w kwadracie 0
sudoku.model.SudokuBoard@559fd5ec[
  size=9
  solver=sudoku.model.BacktrackingSudokuSolver@165d1d54
  board={{3,4,9,5,1,6,2,7,8},{1,6,8,2,4,7,3,5,9},{2,5,7,8,3,9,1,4,6},{4,7,2,3,6,5,8,9,1},{5,3,1,4,9,8,6,2,7},{8,9,6,7,2,1,4,3,5},{6,8,3,9,5,2,7,1,4},{7,1,4,6,8,3,0,0,0},{0,0,0,0,0,0,0,0,0}}
]
14:29:40.765 [main] INFO  sudoku.model.SudokuBoard - Wartość 0 wstawiona nieprawidłowo
14:29:40.765 [main] INFO  sudoku.model.SudokuBoard - Bład w kwadracie 0
sudoku.model.SudokuBoard@559fd5ec[
  size=9
  solver=sudoku.model.BacktrackingSudokuSolver@165d1d54
  board={{3,4,9,5,1,6,2,7,8},{1,6,8,2,4,7,3,5,9},{2,5,7,8,3,9,1,4,6},{4,7,2,3,6,5,8,9,1},{5,3,1,4,9,8,6,2,7},{8,9,6,7,2,1,4,3,5},{6,8,3,9,5,2,7,1,4},{7,1,4,6,8,0,0,0,0},{0,0,0,0,0,0,0,0,0}}
]
14:29:40.765 [main] INFO  sudoku.model.SudokuBoard - Wartość 0 wstawiona nieprawidłowo
14:29:40.765 [main] INFO  sudoku.model.SudokuBoard - Bład w kwadracie 0
sudoku.model.SudokuBoard@559fd5ec[
  size=9
  solver=sudoku.model.BacktrackingSudokuSolver@165d1d54
  board={{3,4,9,5,1,6,2,7,8},{1,6,8,2,4,7,3,5,9},{2,5,7,8,3,9,1,4,6},{4,7,2,3,6,5,8,9,1},{5,3,1,4,9,8,6,2,7},{8,9,6,7,2,1,4,3,5},{6,8,3,9,5,2,7,1,4},{7,1,4,6,0,0,0,0,0},{0,0,0,0,0,0,0,0,0}}
]
14:29:40.765 [main] INFO  sudoku.model.SudokuBoard - Wartość 0 wstawiona nieprawidłowo
14:29:40.765 [main] INFO  sudoku.model.SudokuBoard - Bład w kwadracie 0
sudoku.model.SudokuBoard@559fd5ec[
  size=9
  solver=sudoku.model.BacktrackingSudokuSolver@165d1d54
  board={{3,4,9,5,1,6,2,7,8},{1,6,8,2,4,7,3,5,9},{2,5,7,8,3,9,1,4,6},{4,7,2,3,6,5,8,9,1},{5,3,1,4,9,8,6,2,7},{8,9,6,7,2,1,4,3,5},{6,8,3,9,5,2,7,1,4},{7,1,4,0,0,0,0,0,0},{0,0,0,0,0,0,0,0,0}}
]
14:29:40.765 [main] INFO  sudoku.model.SudokuBoard - Wartość 0 wstawiona nieprawidłowo
14:29:40.765 [main] INFO  sudoku.model.SudokuBoard - Bład w kwadracie 0
sudoku.model.SudokuBoard@559fd5ec[
  size=9
  solver=sudoku.model.BacktrackingSudokuSolver@165d1d54
  board={{3,4,9,5,1,6,2,7,8},{1,6,8,2,4,7,3,5,9},{2,5,7,8,3,9,1,4,6},{4,7,2,3,6,5,8,9,1},{5,3,1,4,9,8,6,2,7},{8,9,6,7,2,1,4,3,5},{6,8,3,9,5,2,7,1,4},{7,1,0,0,0,0,0,0,0},{0,0,0,0,0,0,0,0,0}}
]
14:29:40.765 [main] INFO  sudoku.model.SudokuBoard - Wartość 0 wstawiona nieprawidłowo
14:29:40.765 [main] INFO  sudoku.model.SudokuBoard - Bład w kwadracie 0
sudoku.model.SudokuBoard@559fd5ec[
  size=9
  solver=sudoku.model.BacktrackingSudokuSolver@165d1d54
  board={{3,4,9,5,1,6,2,7,8},{1,6,8,2,4,7,3,5,9},{2,5,7,8,3,9,1,4,6},{4,7,2,3,6,5,8,9,1},{5,3,1,4,9,8,6,2,7},{8,9,6,7,2,1,4,3,5},{6,8,3,9,5,2,7,1,4},{7,1,5,6,8,3,0,0,0},{0,0,0,0,0,0,0,0,0}}
]
14:29:40.765 [main] INFO  sudoku.model.SudokuBoard - Wartość 0 wstawiona nieprawidłowo
14:29:40.766 [main] INFO  sudoku.model.SudokuBoard - Bład w kwadracie 0
sudoku.model.SudokuBoard@559fd5ec[
  size=9
  solver=sudoku.model.BacktrackingSudokuSolver@165d1d54
  board={{3,4,9,5,1,6,2,7,8},{1,6,8,2,4,7,3,5,9},{2,5,7,8,3,9,1,4,6},{4,7,2,3,6,5,8,9,1},{5,3,1,4,9,8,6,2,7},{8,9,6,7,2,1,4,3,5},{6,8,3,9,5,2,7,1,4},{7,1,5,6,8,0,0,0,0},{0,0,0,0,0,0,0,0,0}}
]
14:29:40.766 [main] INFO  sudoku.model.SudokuBoard - Wartość 0 wstawiona nieprawidłowo
14:29:40.766 [main] INFO  sudoku.model.SudokuBoard - Bład w kwadracie 0
sudoku.model.SudokuBoard@559fd5ec[
  size=9
  solver=sudoku.model.BacktrackingSudokuSolver@165d1d54
  board={{3,4,9,5,1,6,2,7,8},{1,6,8,2,4,7,3,5,9},{2,5,7,8,3,9,1,4,6},{4,7,2,3,6,5,8,9,1},{5,3,1,4,9,8,6,2,7},{8,9,6,7,2,1,4,3,5},{6,8,3,9,5,2,7,1,4},{7,1,5,6,8,4,0,0,0},{0,0,0,0,0,0,0,0,0}}
]
14:29:40.766 [main] INFO  sudoku.model.SudokuBoard - Wartość 0 wstawiona nieprawidłowo
14:29:40.766 [main] INFO  sudoku.model.SudokuBoard - Bład w kwadracie 0
sudoku.model.SudokuBoard@559fd5ec[
  size=9
  solver=sudoku.model.BacktrackingSudokuSolver@165d1d54
  board={{3,4,9,5,1,6,2,7,8},{1,6,8,2,4,7,3,5,9},{2,5,7,8,3,9,1,4,6},{4,7,2,3,6,5,8,9,1},{5,3,1,4,9,8,6,2,7},{8,9,6,7,2,1,4,3,5},{6,8,3,9,5,2,7,1,4},{7,1,5,6,8,0,0,0,0},{0,0,0,0,0,0,0,0,0}}
]
14:29:40.766 [main] INFO  sudoku.model.SudokuBoard - Wartość 0 wstawiona nieprawidłowo
14:29:40.766 [main] INFO  sudoku.model.SudokuBoard - Bład w kwadracie 0
sudoku.model.SudokuBoard@559fd5ec[
  size=9
  solver=sudoku.model.BacktrackingSudokuSolver@165d1d54
  board={{3,4,9,5,1,6,2,7,8},{1,6,8,2,4,7,3,5,9},{2,5,7,8,3,9,1,4,6},{4,7,2,3,6,5,8,9,1},{5,3,1,4,9,8,6,2,7},{8,9,6,7,2,1,4,3,5},{6,8,3,9,5,2,7,1,4},{7,1,5,6,0,0,0,0,0},{0,0,0,0,0,0,0,0,0}}
]
14:29:40.766 [main] INFO  sudoku.model.SudokuBoard - Wartość 0 wstawiona nieprawidłowo
14:29:40.766 [main] INFO  sudoku.model.SudokuBoard - Bład w kwadracie 0
sudoku.model.SudokuBoard@559fd5ec[
  size=9
  solver=sudoku.model.BacktrackingSudokuSolver@165d1d54
  board={{3,4,9,5,1,6,2,7,8},{1,6,8,2,4,7,3,5,9},{2,5,7,8,3,9,1,4,6},{4,7,2,3,6,5,8,9,1},{5,3,1,4,9,8,6,2,7},{8,9,6,7,2,1,4,3,5},{6,8,3,9,5,2,7,1,4},{7,1,5,0,0,0,0,0,0},{0,0,0,0,0,0,0,0,0}}
]
14:29:40.766 [main] INFO  sudoku.model.SudokuBoard - Wartość 0 wstawiona nieprawidłowo
14:29:40.767 [main] INFO  sudoku.model.SudokuBoard - Bład w kwadracie 0
sudoku.model.SudokuBoard@559fd5ec[
  size=9
  solver=sudoku.model.BacktrackingSudokuSolver@165d1d54
  board={{3,4,9,5,1,6,2,7,8},{1,6,8,2,4,7,3,5,9},{2,5,7,8,3,9,1,4,6},{4,7,2,3,6,5,8,9,1},{5,3,1,4,9,8,6,2,7},{8,9,6,7,2,1,4,3,5},{6,8,3,9,5,2,7,1,4},{7,1,0,0,0,0,0,0,0},{0,0,0,0,0,0,0,0,0}}
]
14:29:40.767 [main] INFO  sudoku.model.SudokuBoard - Wartość 0 wstawiona nieprawidłowo
14:29:40.767 [main] INFO  sudoku.model.SudokuBoard - Bład w kwadracie 0
sudoku.model.SudokuBoard@559fd5ec[
  size=9
  solver=sudoku.model.BacktrackingSudokuSolver@165d1d54
  board={{3,4,9,5,1,6,2,7,8},{1,6,8,2,4,7,3,5,9},{2,5,7,8,3,9,1,4,6},{4,7,2,3,6,5,8,9,1},{5,3,1,4,9,8,6,2,7},{8,9,6,7,2,1,4,3,5},{6,8,3,9,5,2,7,1,4},{7,0,0,0,0,0,0,0,0},{0,0,0,0,0,0,0,0,0}}
]
14:29:40.767 [main] INFO  sudoku.model.SudokuBoard - Wartość 0 wstawiona nieprawidłowo
14:29:40.767 [main] INFO  sudoku.model.SudokuBoard - Bład w kwadracie 0
sudoku.model.SudokuBoard@559fd5ec[
  size=9
  solver=sudoku.model.BacktrackingSudokuSolver@165d1d54
  board={{3,4,9,5,1,6,2,7,8},{1,6,8,2,4,7,3,5,9},{2,5,7,8,3,9,1,4,6},{4,7,2,3,6,5,8,9,1},{5,3,1,4,9,8,6,2,7},{8,9,6,7,2,1,4,3,5},{6,8,3,9,5,2,7,1,4},{7,2,4,1,8,3,9,0,0},{0,0,0,0,0,0,0,0,0}}
]
14:29:40.767 [main] INFO  sudoku.model.SudokuBoard - Wartość 0 wstawiona nieprawidłowo
14:29:40.767 [main] INFO  sudoku.model.SudokuBoard - Bład w kwadracie 0
sudoku.model.SudokuBoard@559fd5ec[
  size=9
  solver=sudoku.model.BacktrackingSudokuSolver@165d1d54
  board={{3,4,9,5,1,6,2,7,8},{1,6,8,2,4,7,3,5,9},{2,5,7,8,3,9,1,4,6},{4,7,2,3,6,5,8,9,1},{5,3,1,4,9,8,6,2,7},{8,9,6,7,2,1,4,3,5},{6,8,3,9,5,2,7,1,4},{7,2,4,1,8,3,0,0,0},{0,0,0,0,0,0,0,0,0}}
]
14:29:40.767 [main] INFO  sudoku.model.SudokuBoard - Wartość 0 wstawiona nieprawidłowo
14:29:40.767 [main] INFO  sudoku.model.SudokuBoard - Bład w kwadracie 0
sudoku.model.SudokuBoard@559fd5ec[
  size=9
  solver=sudoku.model.BacktrackingSudokuSolver@165d1d54
  board={{3,4,9,5,1,6,2,7,8},{1,6,8,2,4,7,3,5,9},{2,5,7,8,3,9,1,4,6},{4,7,2,3,6,5,8,9,1},{5,3,1,4,9,8,6,2,7},{8,9,6,7,2,1,4,3,5},{6,8,3,9,5,2,7,1,4},{7,2,4,1,8,3,5,0,0},{0,0,0,0,0,0,0,0,0}}
]
14:29:40.767 [main] INFO  sudoku.model.SudokuBoard - Wartość 0 wstawiona nieprawidłowo
14:29:40.767 [main] INFO  sudoku.model.SudokuBoard - Bład w kwadracie 0
sudoku.model.SudokuBoard@559fd5ec[
  size=9
  solver=sudoku.model.BacktrackingSudokuSolver@165d1d54
  board={{3,4,9,5,1,6,2,7,8},{1,6,8,2,4,7,3,5,9},{2,5,7,8,3,9,1,4,6},{4,7,2,3,6,5,8,9,1},{5,3,1,4,9,8,6,2,7},{8,9,6,7,2,1,4,3,5},{6,8,3,9,5,2,7,1,4},{7,2,4,1,8,3,0,0,0},{0,0,0,0,0,0,0,0,0}}
]
14:29:40.767 [main] INFO  sudoku.model.SudokuBoard - Wartość 0 wstawiona nieprawidłowo
14:29:40.767 [main] INFO  sudoku.model.SudokuBoard - Bład w kwadracie 0
sudoku.model.SudokuBoard@559fd5ec[
  size=9
  solver=sudoku.model.BacktrackingSudokuSolver@165d1d54
  board={{3,4,9,5,1,6,2,7,8},{1,6,8,2,4,7,3,5,9},{2,5,7,8,3,9,1,4,6},{4,7,2,3,6,5,8,9,1},{5,3,1,4,9,8,6,2,7},{8,9,6,7,2,1,4,3,5},{6,8,3,9,5,2,7,1,4},{7,2,4,1,8,0,0,0,0},{0,0,0,0,0,0,0,0,0}}
]
14:29:40.767 [main] INFO  sudoku.model.SudokuBoard - Wartość 0 wstawiona nieprawidłowo
14:29:40.768 [main] INFO  sudoku.model.SudokuBoard - Bład w kwadracie 0
sudoku.model.SudokuBoard@559fd5ec[
  size=9
  solver=sudoku.model.BacktrackingSudokuSolver@165d1d54
  board={{3,4,9,5,1,6,2,7,8},{1,6,8,2,4,7,3,5,9},{2,5,7,8,3,9,1,4,6},{4,7,2,3,6,5,8,9,1},{5,3,1,4,9,8,6,2,7},{8,9,6,7,2,1,4,3,5},{6,8,3,9,5,2,7,1,4},{7,2,4,1,0,0,0,0,0},{0,0,0,0,0,0,0,0,0}}
]
14:29:40.768 [main] INFO  sudoku.model.SudokuBoard - Wartość 0 wstawiona nieprawidłowo
14:29:40.768 [main] INFO  sudoku.model.SudokuBoard - Bład w kwadracie 0
sudoku.model.SudokuBoard@559fd5ec[
  size=9
  solver=sudoku.model.BacktrackingSudokuSolver@165d1d54
  board={{3,4,9,5,1,6,2,7,8},{1,6,8,2,4,7,3,5,9},{2,5,7,8,3,9,1,4,6},{4,7,2,3,6,5,8,9,1},{5,3,1,4,9,8,6,2,7},{8,9,6,7,2,1,4,3,5},{6,8,3,9,5,2,7,1,4},{7,2,4,0,0,0,0,0,0},{0,0,0,0,0,0,0,0,0}}
]
14:29:40.768 [main] INFO  sudoku.model.SudokuBoard - Wartość 0 wstawiona nieprawidłowo
14:29:40.768 [main] INFO  sudoku.model.SudokuBoard - Bład w kwadracie 0
sudoku.model.SudokuBoard@559fd5ec[
  size=9
  solver=sudoku.model.BacktrackingSudokuSolver@165d1d54
  board={{3,4,9,5,1,6,2,7,8},{1,6,8,2,4,7,3,5,9},{2,5,7,8,3,9,1,4,6},{4,7,2,3,6,5,8,9,1},{5,3,1,4,9,8,6,2,7},{8,9,6,7,2,1,4,3,5},{6,8,3,9,5,2,7,1,4},{7,2,4,6,8,3,0,0,0},{0,0,0,0,0,0,0,0,0}}
]
14:29:40.768 [main] INFO  sudoku.model.SudokuBoard - Wartość 0 wstawiona nieprawidłowo
14:29:40.768 [main] INFO  sudoku.model.SudokuBoard - Bład w kwadracie 0
sudoku.model.SudokuBoard@559fd5ec[
  size=9
  solver=sudoku.model.BacktrackingSudokuSolver@165d1d54
  board={{3,4,9,5,1,6,2,7,8},{1,6,8,2,4,7,3,5,9},{2,5,7,8,3,9,1,4,6},{4,7,2,3,6,5,8,9,1},{5,3,1,4,9,8,6,2,7},{8,9,6,7,2,1,4,3,5},{6,8,3,9,5,2,7,1,4},{7,2,4,6,8,3,0,0,0},{0,0,0,0,0,0,0,0,0}}
]
14:29:40.768 [main] INFO  sudoku.model.SudokuBoard - Wartość 0 wstawiona nieprawidłowo
14:29:40.768 [main] INFO  sudoku.model.SudokuBoard - Bład w kwadracie 0
sudoku.model.SudokuBoard@559fd5ec[
  size=9
  solver=sudoku.model.BacktrackingSudokuSolver@165d1d54
  board={{3,4,9,5,1,6,2,7,8},{1,6,8,2,4,7,3,5,9},{2,5,7,8,3,9,1,4,6},{4,7,2,3,6,5,8,9,1},{5,3,1,4,9,8,6,2,7},{8,9,6,7,2,1,4,3,5},{6,8,3,9,5,2,7,1,4},{7,2,4,6,8,0,0,0,0},{0,0,0,0,0,0,0,0,0}}
]
14:29:40.768 [main] INFO  sudoku.model.SudokuBoard - Wartość 0 wstawiona nieprawidłowo
14:29:40.768 [main] INFO  sudoku.model.SudokuBoard - Bład w kwadracie 0
sudoku.model.SudokuBoard@559fd5ec[
  size=9
  solver=sudoku.model.BacktrackingSudokuSolver@165d1d54
  board={{3,4,9,5,1,6,2,7,8},{1,6,8,2,4,7,3,5,9},{2,5,7,8,3,9,1,4,6},{4,7,2,3,6,5,8,9,1},{5,3,1,4,9,8,6,2,7},{8,9,6,7,2,1,4,3,5},{6,8,3,9,5,2,7,1,4},{7,2,4,6,0,0,0,0,0},{0,0,0,0,0,0,0,0,0}}
]
14:29:40.768 [main] INFO  sudoku.model.SudokuBoard - Wartość 0 wstawiona nieprawidłowo
14:29:40.768 [main] INFO  sudoku.model.SudokuBoard - Bład w kwadracie 0
sudoku.model.SudokuBoard@559fd5ec[
  size=9
  solver=sudoku.model.BacktrackingSudokuSolver@165d1d54
  board={{3,4,9,5,1,6,2,7,8},{1,6,8,2,4,7,3,5,9},{2,5,7,8,3,9,1,4,6},{4,7,2,3,6,5,8,9,1},{5,3,1,4,9,8,6,2,7},{8,9,6,7,2,1,4,3,5},{6,8,3,9,5,2,7,1,4},{7,2,4,0,0,0,0,0,0},{0,0,0,0,0,0,0,0,0}}
]
14:29:40.769 [main] INFO  sudoku.model.SudokuBoard - Wartość 0 wstawiona nieprawidłowo
14:29:40.769 [main] INFO  sudoku.model.SudokuBoard - Bład w kwadracie 0
sudoku.model.SudokuBoard@559fd5ec[
  size=9
  solver=sudoku.model.BacktrackingSudokuSolver@165d1d54
  board={{3,4,9,5,1,6,2,7,8},{1,6,8,2,4,7,3,5,9},{2,5,7,8,3,9,1,4,6},{4,7,2,3,6,5,8,9,1},{5,3,1,4,9,8,6,2,7},{8,9,6,7,2,1,4,3,5},{6,8,3,9,5,2,7,1,4},{7,2,0,0,0,0,0,0,0},{0,0,0,0,0,0,0,0,0}}
]
14:29:40.769 [main] INFO  sudoku.model.SudokuBoard - Wartość 0 wstawiona nieprawidłowo
14:29:40.769 [main] INFO  sudoku.model.SudokuBoard - Bład w kwadracie 0
sudoku.model.SudokuBoard@559fd5ec[
  size=9
  solver=sudoku.model.BacktrackingSudokuSolver@165d1d54
  board={{3,4,9,5,1,6,2,7,8},{1,6,8,2,4,7,3,5,9},{2,5,7,8,3,9,1,4,6},{4,7,2,3,6,5,8,9,1},{5,3,1,4,9,8,6,2,7},{8,9,6,7,2,1,4,3,5},{6,8,3,9,5,2,7,1,4},{7,2,5,6,8,3,0,0,0},{0,0,0,0,0,0,0,0,0}}
]
14:29:40.769 [main] INFO  sudoku.model.SudokuBoard - Wartość 0 wstawiona nieprawidłowo
14:29:40.770 [main] INFO  sudoku.model.SudokuBoard - Bład w kwadracie 0
sudoku.model.SudokuBoard@559fd5ec[
  size=9
  solver=sudoku.model.BacktrackingSudokuSolver@165d1d54
  board={{3,4,9,5,1,6,2,7,8},{1,6,8,2,4,7,3,5,9},{2,5,7,8,3,9,1,4,6},{4,7,2,3,6,5,8,9,1},{5,3,1,4,9,8,6,2,7},{8,9,6,7,2,1,4,3,5},{6,8,3,9,5,2,7,1,4},{7,2,5,6,8,0,0,0,0},{0,0,0,0,0,0,0,0,0}}
]
14:29:40.770 [main] INFO  sudoku.model.SudokuBoard - Wartość 0 wstawiona nieprawidłowo
14:29:40.771 [main] INFO  sudoku.model.SudokuBoard - Bład w kwadracie 0
sudoku.model.SudokuBoard@559fd5ec[
  size=9
  solver=sudoku.model.BacktrackingSudokuSolver@165d1d54
  board={{3,4,9,5,1,6,2,7,8},{1,6,8,2,4,7,3,5,9},{2,5,7,8,3,9,1,4,6},{4,7,2,3,6,5,8,9,1},{5,3,1,4,9,8,6,2,7},{8,9,6,7,2,1,4,3,5},{6,8,3,9,5,2,7,1,4},{7,2,5,6,8,4,0,0,0},{0,0,0,0,0,0,0,0,0}}
]
14:29:40.771 [main] INFO  sudoku.model.SudokuBoard - Wartość 0 wstawiona nieprawidłowo
14:29:40.771 [main] INFO  sudoku.model.SudokuBoard - Bład w kwadracie 0
sudoku.model.SudokuBoard@559fd5ec[
  size=9
  solver=sudoku.model.BacktrackingSudokuSolver@165d1d54
  board={{3,4,9,5,1,6,2,7,8},{1,6,8,2,4,7,3,5,9},{2,5,7,8,3,9,1,4,6},{4,7,2,3,6,5,8,9,1},{5,3,1,4,9,8,6,2,7},{8,9,6,7,2,1,4,3,5},{6,8,3,9,5,2,7,1,4},{7,2,5,6,8,0,0,0,0},{0,0,0,0,0,0,0,0,0}}
]
14:29:40.771 [main] INFO  sudoku.model.SudokuBoard - Wartość 0 wstawiona nieprawidłowo
14:29:40.771 [main] INFO  sudoku.model.SudokuBoard - Bład w kwadracie 0
sudoku.model.SudokuBoard@559fd5ec[
  size=9
  solver=sudoku.model.BacktrackingSudokuSolver@165d1d54
  board={{3,4,9,5,1,6,2,7,8},{1,6,8,2,4,7,3,5,9},{2,5,7,8,3,9,1,4,6},{4,7,2,3,6,5,8,9,1},{5,3,1,4,9,8,6,2,7},{8,9,6,7,2,1,4,3,5},{6,8,3,9,5,2,7,1,4},{7,2,5,6,0,0,0,0,0},{0,0,0,0,0,0,0,0,0}}
]
14:29:40.771 [main] INFO  sudoku.model.SudokuBoard - Wartość 0 wstawiona nieprawidłowo
14:29:40.771 [main] INFO  sudoku.model.SudokuBoard - Bład w kwadracie 0
sudoku.model.SudokuBoard@559fd5ec[
  size=9
  solver=sudoku.model.BacktrackingSudokuSolver@165d1d54
  board={{3,4,9,5,1,6,2,7,8},{1,6,8,2,4,7,3,5,9},{2,5,7,8,3,9,1,4,6},{4,7,2,3,6,5,8,9,1},{5,3,1,4,9,8,6,2,7},{8,9,6,7,2,1,4,3,5},{6,8,3,9,5,2,7,1,4},{7,2,5,0,0,0,0,0,0},{0,0,0,0,0,0,0,0,0}}
]
14:29:40.772 [main] INFO  sudoku.model.SudokuBoard - Wartość 0 wstawiona nieprawidłowo
14:29:40.772 [main] INFO  sudoku.model.SudokuBoard - Bład w kwadracie 0
sudoku.model.SudokuBoard@559fd5ec[
  size=9
  solver=sudoku.model.BacktrackingSudokuSolver@165d1d54
  board={{3,4,9,5,1,6,2,7,8},{1,6,8,2,4,7,3,5,9},{2,5,7,8,3,9,1,4,6},{4,7,2,3,6,5,8,9,1},{5,3,1,4,9,8,6,2,7},{8,9,6,7,2,1,4,3,5},{6,8,3,9,5,2,7,1,4},{7,2,5,1,8,3,9,0,0},{0,0,0,0,0,0,0,0,0}}
]
14:29:40.772 [main] INFO  sudoku.model.SudokuBoard - Wartość 0 wstawiona nieprawidłowo
14:29:40.772 [main] INFO  sudoku.model.SudokuBoard - Bład w kwadracie 0
sudoku.model.SudokuBoard@559fd5ec[
  size=9
  solver=sudoku.model.BacktrackingSudokuSolver@165d1d54
  board={{3,4,9,5,1,6,2,7,8},{1,6,8,2,4,7,3,5,9},{2,5,7,8,3,9,1,4,6},{4,7,2,3,6,5,8,9,1},{5,3,1,4,9,8,6,2,7},{8,9,6,7,2,1,4,3,5},{6,8,3,9,5,2,7,1,4},{7,2,5,1,8,3,0,0,0},{0,0,0,0,0,0,0,0,0}}
]
14:29:40.772 [main] INFO  sudoku.model.SudokuBoard - Wartość 0 wstawiona nieprawidłowo
14:29:40.772 [main] INFO  sudoku.model.SudokuBoard - Bład w kwadracie 0
sudoku.model.SudokuBoard@559fd5ec[
  size=9
  solver=sudoku.model.BacktrackingSudokuSolver@165d1d54
  board={{3,4,9,5,1,6,2,7,8},{1,6,8,2,4,7,3,5,9},{2,5,7,8,3,9,1,4,6},{4,7,2,3,6,5,8,9,1},{5,3,1,4,9,8,6,2,7},{8,9,6,7,2,1,4,3,5},{6,8,3,9,5,2,7,1,4},{7,2,5,1,8,0,0,0,0},{0,0,0,0,0,0,0,0,0}}
]
14:29:40.772 [main] INFO  sudoku.model.SudokuBoard - Wartość 0 wstawiona nieprawidłowo
Tablice maja inny uklad liczb]]></system-out>
  </testcase>
  <testcase name="checkFillBoardTest" classname="sudoku.model.SudokuBoardTest" time="0.013">
    <system-out><![CDATA[14:29:40.779 [main] INFO  sudoku.model.SudokuBoard - Bład w kwadracie 0
sudoku.model.SudokuBoard@6ce2e079[
  size=9
  solver=sudoku.model.BacktrackingSudokuSolver@3e39e0fb
  board={{4,5,2,6,7,8,9,1,3},{7,3,1,9,4,5,8,2,6},{6,8,9,1,2,3,4,5,7},{1,6,3,4,9,7,2,8,5},{8,2,4,3,5,6,7,9,1},{9,7,5,8,1,2,6,3,4},{2,4,6,5,3,9,1,7,8},{3,1,8,7,6,4,0,0,0},{0,0,0,0,0,0,0,0,0}}
]
14:29:40.779 [main] INFO  sudoku.model.SudokuBoard - Wartość 0 wstawiona nieprawidłowo
14:29:40.779 [main] INFO  sudoku.model.SudokuBoard - Bład w kwadracie 0
sudoku.model.SudokuBoard@6ce2e079[
  size=9
  solver=sudoku.model.BacktrackingSudokuSolver@3e39e0fb
  board={{4,5,2,6,7,8,9,1,3},{7,3,1,9,4,5,8,2,6},{6,8,9,1,2,3,4,5,7},{1,6,3,4,9,7,2,8,5},{8,2,4,3,5,6,7,9,1},{9,7,5,8,1,2,6,3,4},{2,4,6,5,3,9,1,7,8},{3,1,8,7,6,0,0,0,0},{0,0,0,0,0,0,0,0,0}}
]
14:29:40.779 [main] INFO  sudoku.model.SudokuBoard - Wartość 0 wstawiona nieprawidłowo
14:29:40.779 [main] INFO  sudoku.model.SudokuBoard - Bład w kwadracie 0
sudoku.model.SudokuBoard@6ce2e079[
  size=9
  solver=sudoku.model.BacktrackingSudokuSolver@3e39e0fb
  board={{4,5,2,6,7,8,9,1,3},{7,3,1,9,4,5,8,2,6},{6,8,9,1,2,3,4,5,7},{1,6,3,4,9,7,2,8,5},{8,2,4,3,5,6,7,9,1},{9,7,5,8,1,2,6,3,4},{2,4,6,5,3,9,1,7,8},{3,1,8,7,0,0,0,0,0},{0,0,0,0,0,0,0,0,0}}
]
14:29:40.779 [main] INFO  sudoku.model.SudokuBoard - Wartość 0 wstawiona nieprawidłowo
14:29:40.779 [main] INFO  sudoku.model.SudokuBoard - Bład w kwadracie 0
sudoku.model.SudokuBoard@6ce2e079[
  size=9
  solver=sudoku.model.BacktrackingSudokuSolver@3e39e0fb
  board={{4,5,2,6,7,8,9,1,3},{7,3,1,9,4,5,8,2,6},{6,8,9,1,2,3,4,5,7},{1,6,3,4,9,7,2,8,5},{8,2,4,3,5,6,7,9,1},{9,7,5,8,1,2,6,3,4},{2,4,6,5,3,9,1,7,8},{3,1,8,0,0,0,0,0,0},{0,0,0,0,0,0,0,0,0}}
]
14:29:40.779 [main] INFO  sudoku.model.SudokuBoard - Wartość 0 wstawiona nieprawidłowo
14:29:40.780 [main] INFO  sudoku.model.SudokuBoard - Bład w kwadracie 0
sudoku.model.SudokuBoard@6ce2e079[
  size=9
  solver=sudoku.model.BacktrackingSudokuSolver@3e39e0fb
  board={{4,5,2,6,7,8,9,1,3},{7,3,1,9,4,5,8,2,6},{6,8,9,1,2,3,4,5,7},{1,6,3,4,9,7,2,8,5},{8,2,4,3,5,6,7,9,1},{9,7,5,8,1,2,6,3,4},{2,4,6,5,3,9,1,7,8},{3,1,8,2,6,4,0,0,0},{0,0,0,0,0,0,0,0,0}}
]
14:29:40.780 [main] INFO  sudoku.model.SudokuBoard - Wartość 0 wstawiona nieprawidłowo
14:29:40.780 [main] INFO  sudoku.model.SudokuBoard - Bład w kwadracie 0
sudoku.model.SudokuBoard@6ce2e079[
  size=9
  solver=sudoku.model.BacktrackingSudokuSolver@3e39e0fb
  board={{4,5,2,6,7,8,9,1,3},{7,3,1,9,4,5,8,2,6},{6,8,9,1,2,3,4,5,7},{1,6,3,4,9,7,2,8,5},{8,2,4,3,5,6,7,9,1},{9,7,5,8,1,2,6,3,4},{2,4,6,5,3,9,1,7,8},{3,1,8,2,6,0,0,0,0},{0,0,0,0,0,0,0,0,0}}
]
14:29:40.780 [main] INFO  sudoku.model.SudokuBoard - Wartość 0 wstawiona nieprawidłowo
14:29:40.780 [main] INFO  sudoku.model.SudokuBoard - Bład w kwadracie 0
sudoku.model.SudokuBoard@6ce2e079[
  size=9
  solver=sudoku.model.BacktrackingSudokuSolver@3e39e0fb
  board={{4,5,2,6,7,8,9,1,3},{7,3,1,9,4,5,8,2,6},{6,8,9,1,2,3,4,5,7},{1,6,3,4,9,7,2,8,5},{8,2,4,3,5,6,7,9,1},{9,7,5,8,1,2,6,3,4},{2,4,6,5,3,9,1,7,8},{3,1,8,2,0,0,0,0,0},{0,0,0,0,0,0,0,0,0}}
]
14:29:40.780 [main] INFO  sudoku.model.SudokuBoard - Wartość 0 wstawiona nieprawidłowo
14:29:40.780 [main] INFO  sudoku.model.SudokuBoard - Bład w kwadracie 0
sudoku.model.SudokuBoard@6ce2e079[
  size=9
  solver=sudoku.model.BacktrackingSudokuSolver@3e39e0fb
  board={{4,5,2,6,7,8,9,1,3},{7,3,1,9,4,5,8,2,6},{6,8,9,1,2,3,4,5,7},{1,6,3,4,9,7,2,8,5},{8,2,4,3,5,6,7,9,1},{9,7,5,8,1,2,6,3,4},{2,4,6,5,3,9,1,7,8},{3,1,8,0,0,0,0,0,0},{0,0,0,0,0,0,0,0,0}}
]
14:29:40.780 [main] INFO  sudoku.model.SudokuBoard - Wartość 0 wstawiona nieprawidłowo
14:29:40.780 [main] INFO  sudoku.model.SudokuBoard - Bład w kwadracie 0
sudoku.model.SudokuBoard@6ce2e079[
  size=9
  solver=sudoku.model.BacktrackingSudokuSolver@3e39e0fb
  board={{4,5,2,6,7,8,9,1,3},{7,3,1,9,4,5,8,2,6},{6,8,9,1,2,3,4,5,7},{1,6,3,4,9,7,2,8,5},{8,2,4,3,5,6,7,9,1},{9,7,5,8,1,2,6,3,4},{2,4,6,5,3,9,1,7,8},{3,1,0,0,0,0,0,0,0},{0,0,0,0,0,0,0,0,0}}
]
14:29:40.780 [main] INFO  sudoku.model.SudokuBoard - Wartość 0 wstawiona nieprawidłowo
14:29:40.780 [main] INFO  sudoku.model.SudokuBoard - Bład w kwadracie 0
sudoku.model.SudokuBoard@6ce2e079[
  size=9
  solver=sudoku.model.BacktrackingSudokuSolver@3e39e0fb
  board={{4,5,2,6,7,8,9,1,3},{7,3,1,9,4,5,8,2,6},{6,8,9,1,2,3,4,5,7},{1,6,3,4,9,7,2,8,5},{8,2,4,3,5,6,7,9,1},{9,7,5,8,1,2,6,3,4},{2,4,6,5,3,9,1,7,8},{3,1,7,2,6,4,0,0,0},{0,0,0,0,0,0,0,0,0}}
]
14:29:40.780 [main] INFO  sudoku.model.SudokuBoard - Wartość 0 wstawiona nieprawidłowo
14:29:40.780 [main] INFO  sudoku.model.SudokuBoard - Bład w kwadracie 0
sudoku.model.SudokuBoard@6ce2e079[
  size=9
  solver=sudoku.model.BacktrackingSudokuSolver@3e39e0fb
  board={{4,5,2,6,7,8,9,1,3},{7,3,1,9,4,5,8,2,6},{6,8,9,1,2,3,4,5,7},{1,6,3,4,9,7,2,8,5},{8,2,4,3,5,6,7,9,1},{9,7,5,8,1,2,6,3,4},{2,4,6,5,3,9,1,7,8},{3,1,7,2,6,0,0,0,0},{0,0,0,0,0,0,0,0,0}}
]
14:29:40.780 [main] INFO  sudoku.model.SudokuBoard - Wartość 0 wstawiona nieprawidłowo
14:29:40.780 [main] INFO  sudoku.model.SudokuBoard - Bład w kwadracie 0
sudoku.model.SudokuBoard@6ce2e079[
  size=9
  solver=sudoku.model.BacktrackingSudokuSolver@3e39e0fb
  board={{4,5,2,6,7,8,9,1,3},{7,3,1,9,4,5,8,2,6},{6,8,9,1,2,3,4,5,7},{1,6,3,4,9,7,2,8,5},{8,2,4,3,5,6,7,9,1},{9,7,5,8,1,2,6,3,4},{2,4,6,5,3,9,1,7,8},{3,1,7,2,0,0,0,0,0},{0,0,0,0,0,0,0,0,0}}
]
14:29:40.780 [main] INFO  sudoku.model.SudokuBoard - Wartość 0 wstawiona nieprawidłowo
Nie wykryto bledu]]></system-out>
  </testcase>
  <testcase name="checkBoardTestBoxFalse" classname="sudoku.model.SudokuBoardTest" time="0.015">
    <system-out><![CDATA[14:29:40.802 [main] INFO  sudoku.model.SudokuBoard - Bład w kwadracie 0
sudoku.model.SudokuBoard@20dd5870[
  size=9
  solver=sudoku.model.BacktrackingSudokuSolver@1640f20f
  board={{9,7,1,3,2,4,5,8,6},{4,3,5,1,6,7,2,0,0},{0,0,0,0,0,0,0,0,0},{0,0,0,0,0,0,0,0,0},{0,0,0,0,0,0,0,0,0},{0,0,0,0,0,0,0,0,0},{0,0,0,0,0,0,0,0,0},{0,0,0,0,0,0,0,0,0},{0,0,0,0,0,0,0,0,0}}
]
14:29:40.802 [main] INFO  sudoku.model.SudokuBoard - Wartość 0 wstawiona nieprawidłowo
14:29:40.802 [main] INFO  sudoku.model.SudokuBoard - Bład w kwadracie 0
sudoku.model.SudokuBoard@20dd5870[
  size=9
  solver=sudoku.model.BacktrackingSudokuSolver@1640f20f
  board={{9,7,1,3,2,4,5,8,6},{4,3,5,1,6,7,0,0,0},{0,0,0,0,0,0,0,0,0},{0,0,0,0,0,0,0,0,0},{0,0,0,0,0,0,0,0,0},{0,0,0,0,0,0,0,0,0},{0,0,0,0,0,0,0,0,0},{0,0,0,0,0,0,0,0,0},{0,0,0,0,0,0,0,0,0}}
]
14:29:40.802 [main] INFO  sudoku.model.SudokuBoard - Wartość 0 wstawiona nieprawidłowo
14:29:40.802 [main] INFO  sudoku.model.SudokuBoard - Bład w kwadracie 0
sudoku.model.SudokuBoard@20dd5870[
  size=9
  solver=sudoku.model.BacktrackingSudokuSolver@1640f20f
  board={{9,7,1,3,2,4,5,8,6},{4,3,5,1,6,7,9,0,0},{0,0,0,0,0,0,0,0,0},{0,0,0,0,0,0,0,0,0},{0,0,0,0,0,0,0,0,0},{0,0,0,0,0,0,0,0,0},{0,0,0,0,0,0,0,0,0},{0,0,0,0,0,0,0,0,0},{0,0,0,0,0,0,0,0,0}}
]
14:29:40.802 [main] INFO  sudoku.model.SudokuBoard - Wartość 0 wstawiona nieprawidłowo
14:29:40.802 [main] INFO  sudoku.model.SudokuBoard - Bład w kwadracie 0
sudoku.model.SudokuBoard@20dd5870[
  size=9
  solver=sudoku.model.BacktrackingSudokuSolver@1640f20f
  board={{9,7,1,3,2,4,5,8,6},{4,3,5,1,6,7,0,0,0},{0,0,0,0,0,0,0,0,0},{0,0,0,0,0,0,0,0,0},{0,0,0,0,0,0,0,0,0},{0,0,0,0,0,0,0,0,0},{0,0,0,0,0,0,0,0,0},{0,0,0,0,0,0,0,0,0},{0,0,0,0,0,0,0,0,0}}
]
14:29:40.802 [main] INFO  sudoku.model.SudokuBoard - Wartość 0 wstawiona nieprawidłowo
14:29:40.803 [main] INFO  sudoku.model.SudokuBoard - Bład w kwadracie 0
sudoku.model.SudokuBoard@20dd5870[
  size=9
  solver=sudoku.model.BacktrackingSudokuSolver@1640f20f
  board={{9,7,1,3,2,4,5,8,6},{4,3,5,1,6,0,0,0,0},{0,0,0,0,0,0,0,0,0},{0,0,0,0,0,0,0,0,0},{0,0,0,0,0,0,0,0,0},{0,0,0,0,0,0,0,0,0},{0,0,0,0,0,0,0,0,0},{0,0,0,0,0,0,0,0,0},{0,0,0,0,0,0,0,0,0}}
]
14:29:40.803 [main] INFO  sudoku.model.SudokuBoard - Wartość 0 wstawiona nieprawidłowo
14:29:40.803 [main] INFO  sudoku.model.SudokuBoard - Bład w kwadracie 0
sudoku.model.SudokuBoard@20dd5870[
  size=9
  solver=sudoku.model.BacktrackingSudokuSolver@1640f20f
  board={{9,7,1,3,2,4,5,8,6},{4,3,5,1,6,8,7,2,9},{6,8,2,5,7,9,1,3,4},{1,9,6,2,3,5,8,4,7},{5,2,3,4,1,6,0,0,0},{0,0,0,0,0,0,0,0,0},{0,0,0,0,0,0,0,0,0},{0,0,0,0,0,0,0,0,0},{0,0,0,0,0,0,0,0,0}}
]
14:29:40.803 [main] INFO  sudoku.model.SudokuBoard - Wartość 0 wstawiona nieprawidłowo
14:29:40.803 [main] INFO  sudoku.model.SudokuBoard - Bład w kwadracie 0
sudoku.model.SudokuBoard@20dd5870[
  size=9
  solver=sudoku.model.BacktrackingSudokuSolver@1640f20f
  board={{9,7,1,3,2,4,5,8,6},{4,3,5,1,6,8,7,2,9},{6,8,2,5,7,9,1,3,4},{1,9,6,2,3,5,8,4,7},{5,2,3,4,1,0,0,0,0},{0,0,0,0,0,0,0,0,0},{0,0,0,0,0,0,0,0,0},{0,0,0,0,0,0,0,0,0},{0,0,0,0,0,0,0,0,0}}
]
14:29:40.803 [main] INFO  sudoku.model.SudokuBoard - Wartość 0 wstawiona nieprawidłowo
14:29:40.803 [main] INFO  sudoku.model.SudokuBoard - Bład w kwadracie 0
sudoku.model.SudokuBoard@20dd5870[
  size=9
  solver=sudoku.model.BacktrackingSudokuSolver@1640f20f
  board={{9,7,1,3,2,4,5,8,6},{4,3,5,1,6,8,7,2,9},{6,8,2,5,7,9,1,3,4},{1,9,6,2,3,5,8,4,7},{5,2,3,4,1,7,6,0,0},{0,0,0,0,0,0,0,0,0},{0,0,0,0,0,0,0,0,0},{0,0,0,0,0,0,0,0,0},{0,0,0,0,0,0,0,0,0}}
]
14:29:40.803 [main] INFO  sudoku.model.SudokuBoard - Wartość 0 wstawiona nieprawidłowo
14:29:40.804 [main] INFO  sudoku.model.SudokuBoard - Bład w kwadracie 0
sudoku.model.SudokuBoard@20dd5870[
  size=9
  solver=sudoku.model.BacktrackingSudokuSolver@1640f20f
  board={{9,7,1,3,2,4,5,8,6},{4,3,5,1,6,8,7,2,9},{6,8,2,5,7,9,1,3,4},{1,9,6,2,3,5,8,4,7},{5,2,3,4,1,7,0,0,0},{0,0,0,0,0,0,0,0,0},{0,0,0,0,0,0,0,0,0},{0,0,0,0,0,0,0,0,0},{0,0,0,0,0,0,0,0,0}}
]
14:29:40.804 [main] INFO  sudoku.model.SudokuBoard - Wartość 0 wstawiona nieprawidłowo
14:29:40.804 [main] INFO  sudoku.model.SudokuBoard - Bład w kwadracie 0
sudoku.model.SudokuBoard@20dd5870[
  size=9
  solver=sudoku.model.BacktrackingSudokuSolver@1640f20f
  board={{9,7,1,3,2,4,5,8,6},{4,3,5,1,6,8,7,2,9},{6,8,2,5,7,9,1,3,4},{1,9,6,2,3,5,8,4,7},{5,2,3,4,1,7,9,0,0},{0,0,0,0,0,0,0,0,0},{0,0,0,0,0,0,0,0,0},{0,0,0,0,0,0,0,0,0},{0,0,0,0,0,0,0,0,0}}
]
14:29:40.804 [main] INFO  sudoku.model.SudokuBoard - Wartość 0 wstawiona nieprawidłowo
14:29:40.804 [main] INFO  sudoku.model.SudokuBoard - Bład w kwadracie 0
sudoku.model.SudokuBoard@20dd5870[
  size=9
  solver=sudoku.model.BacktrackingSudokuSolver@1640f20f
  board={{9,7,1,3,2,4,5,8,6},{4,3,5,1,6,8,7,2,9},{6,8,2,5,7,9,1,3,4},{1,9,6,2,3,5,8,4,7},{5,2,3,4,1,7,0,0,0},{0,0,0,0,0,0,0,0,0},{0,0,0,0,0,0,0,0,0},{0,0,0,0,0,0,0,0,0},{0,0,0,0,0,0,0,0,0}}
]
14:29:40.804 [main] INFO  sudoku.model.SudokuBoard - Wartość 0 wstawiona nieprawidłowo
14:29:40.804 [main] INFO  sudoku.model.SudokuBoard - Bład w kwadracie 0
sudoku.model.SudokuBoard@20dd5870[
  size=9
  solver=sudoku.model.BacktrackingSudokuSolver@1640f20f
  board={{9,7,1,3,2,4,5,8,6},{4,3,5,1,6,8,7,2,9},{6,8,2,5,7,9,1,3,4},{1,9,6,2,3,5,8,4,7},{5,2,3,4,1,0,0,0,0},{0,0,0,0,0,0,0,0,0},{0,0,0,0,0,0,0,0,0},{0,0,0,0,0,0,0,0,0},{0,0,0,0,0,0,0,0,0}}
]
14:29:40.804 [main] INFO  sudoku.model.SudokuBoard - Wartość 0 wstawiona nieprawidłowo
14:29:40.804 [main] INFO  sudoku.model.SudokuBoard - Bład w kwadracie 0
sudoku.model.SudokuBoard@20dd5870[
  size=9
  solver=sudoku.model.BacktrackingSudokuSolver@1640f20f
  board={{9,7,1,3,2,4,5,8,6},{4,3,5,1,6,8,7,2,9},{6,8,2,5,7,9,1,3,4},{1,9,6,2,3,5,8,4,7},{5,2,3,4,0,0,0,0,0},{0,0,0,0,0,0,0,0,0},{0,0,0,0,0,0,0,0,0},{0,0,0,0,0,0,0,0,0},{0,0,0,0,0,0,0,0,0}}
]
14:29:40.804 [main] INFO  sudoku.model.SudokuBoard - Wartość 0 wstawiona nieprawidłowo
14:29:40.804 [main] INFO  sudoku.model.SudokuBoard - Bład w kwadracie 0
sudoku.model.SudokuBoard@20dd5870[
  size=9
  solver=sudoku.model.BacktrackingSudokuSolver@1640f20f
  board={{9,7,1,3,2,4,5,8,6},{4,3,5,1,6,8,7,2,9},{6,8,2,5,7,9,1,3,4},{1,9,6,2,3,5,8,4,7},{5,2,3,4,8,6,9,0,0},{0,0,0,0,0,0,0,0,0},{0,0,0,0,0,0,0,0,0},{0,0,0,0,0,0,0,0,0},{0,0,0,0,0,0,0,0,0}}
]
14:29:40.804 [main] INFO  sudoku.model.SudokuBoard - Wartość 0 wstawiona nieprawidłowo
14:29:40.804 [main] INFO  sudoku.model.SudokuBoard - Bład w kwadracie 0
sudoku.model.SudokuBoard@20dd5870[
  size=9
  solver=sudoku.model.BacktrackingSudokuSolver@1640f20f
  board={{9,7,1,3,2,4,5,8,6},{4,3,5,1,6,8,7,2,9},{6,8,2,5,7,9,1,3,4},{1,9,6,2,3,5,8,4,7},{5,2,3,4,8,6,0,0,0},{0,0,0,0,0,0,0,0,0},{0,0,0,0,0,0,0,0,0},{0,0,0,0,0,0,0,0,0},{0,0,0,0,0,0,0,0,0}}
]
14:29:40.804 [main] INFO  sudoku.model.SudokuBoard - Wartość 0 wstawiona nieprawidłowo
14:29:40.804 [main] INFO  sudoku.model.SudokuBoard - Bład w kwadracie 0
sudoku.model.SudokuBoard@20dd5870[
  size=9
  solver=sudoku.model.BacktrackingSudokuSolver@1640f20f
  board={{9,7,1,3,2,4,5,8,6},{4,3,5,1,6,8,7,2,9},{6,8,2,5,7,9,1,3,4},{1,9,6,2,3,5,8,4,7},{5,2,3,4,8,0,0,0,0},{0,0,0,0,0,0,0,0,0},{0,0,0,0,0,0,0,0,0},{0,0,0,0,0,0,0,0,0},{0,0,0,0,0,0,0,0,0}}
]
14:29:40.804 [main] INFO  sudoku.model.SudokuBoard - Wartość 0 wstawiona nieprawidłowo
14:29:40.805 [main] INFO  sudoku.model.SudokuBoard - Bład w kwadracie 0
sudoku.model.SudokuBoard@20dd5870[
  size=9
  solver=sudoku.model.BacktrackingSudokuSolver@1640f20f
  board={{9,7,1,3,2,4,5,8,6},{4,3,5,1,6,8,7,2,9},{6,8,2,5,7,9,1,3,4},{1,9,6,2,3,5,8,4,7},{5,2,3,4,8,7,6,9,1},{7,4,8,9,1,6,3,5,2},{3,1,4,6,5,2,9,7,8},{2,5,7,8,4,0,0,0,0},{0,0,0,0,0,0,0,0,0}}
]
14:29:40.805 [main] INFO  sudoku.model.SudokuBoard - Wartość 0 wstawiona nieprawidłowo
14:29:40.805 [main] INFO  sudoku.model.SudokuBoard - Bład w kwadracie 0
sudoku.model.SudokuBoard@20dd5870[
  size=9
  solver=sudoku.model.BacktrackingSudokuSolver@1640f20f
  board={{9,7,1,3,2,4,5,8,6},{4,3,5,1,6,8,7,2,9},{6,8,2,5,7,9,1,3,4},{1,9,6,2,3,5,8,4,7},{5,2,3,4,8,7,6,9,1},{7,4,8,9,1,6,3,5,2},{3,1,4,6,5,2,9,7,8},{2,5,7,8,4,0,0,0,0},{0,0,0,0,0,0,0,0,0}}
]
14:29:40.805 [main] INFO  sudoku.model.SudokuBoard - Wartość 0 wstawiona nieprawidłowo
14:29:40.805 [main] INFO  sudoku.model.SudokuBoard - Bład w kwadracie 0
sudoku.model.SudokuBoard@20dd5870[
  size=9
  solver=sudoku.model.BacktrackingSudokuSolver@1640f20f
  board={{9,7,1,3,2,4,5,8,6},{4,3,5,1,6,8,7,2,9},{6,8,2,5,7,9,1,3,4},{1,9,6,2,3,5,8,4,7},{5,2,3,4,8,7,6,9,1},{7,4,8,9,1,6,3,5,2},{3,1,4,6,5,2,9,7,8},{2,5,7,8,0,0,0,0,0},{0,0,0,0,0,0,0,0,0}}
]
14:29:40.805 [main] INFO  sudoku.model.SudokuBoard - Wartość 0 wstawiona nieprawidłowo
14:29:40.805 [main] INFO  sudoku.model.SudokuBoard - Bład w kwadracie 0
sudoku.model.SudokuBoard@20dd5870[
  size=9
  solver=sudoku.model.BacktrackingSudokuSolver@1640f20f
  board={{9,7,1,3,2,4,5,8,6},{4,9,5,1,6,8,7,2,9},{6,8,2,5,7,9,1,3,4},{1,9,6,2,3,5,8,4,7},{5,2,3,4,8,7,6,9,1},{7,4,8,9,1,6,3,5,2},{3,1,4,6,5,2,9,7,8},{2,5,7,8,9,1,4,6,3},{8,6,9,7,4,3,2,1,5}}
]
14:29:40.805 [main] INFO  sudoku.model.SudokuBoard - Wartość 9 wstawiona nieprawidłowo
14:29:40.805 [main] INFO  sudoku.model.SudokuBoard - Bład w kwadracie 0
sudoku.model.SudokuBoard@3a2bb026[
  size=9
  solver=sudoku.model.BacktrackingSudokuSolver@1640f20f
  board={{9,7,1,3,2,4,5,8,6},{4,9,5,1,6,8,7,2,9},{6,8,2,5,7,9,1,3,4},{1,9,6,2,3,5,8,4,7},{5,2,3,4,8,7,6,9,1},{7,4,8,9,1,6,3,5,2},{3,1,4,6,5,2,9,7,8},{2,5,7,8,9,1,4,6,3},{8,6,9,7,4,3,2,1,5}}
]
]]></system-out>
  </testcase>
  <testcase name="checkCellBox1" classname="sudoku.model.SudokuBoardTest" time="0.029">
    <system-out><![CDATA[14:29:40.808 [main] INFO  sudoku.model.SudokuBoard - Bład w kwadracie 0
sudoku.model.SudokuBoard@7de6549d[
  size=9
  solver=sudoku.model.BacktrackingSudokuSolver@12214f2f
  board={{1,2,3,7,4,5,9,6,8},{7,4,5,9,2,6,1,0,0},{0,0,0,0,0,0,0,0,0},{0,0,0,0,0,0,0,0,0},{0,0,0,0,0,0,0,0,0},{0,0,0,0,0,0,0,0,0},{0,0,0,0,0,0,0,0,0},{0,0,0,0,0,0,0,0,0},{0,0,0,0,0,0,0,0,0}}
]
14:29:40.809 [main] INFO  sudoku.model.SudokuBoard - Wartość 0 wstawiona nieprawidłowo
14:29:40.809 [main] INFO  sudoku.model.SudokuBoard - Bład w kwadracie 0
sudoku.model.SudokuBoard@7de6549d[
  size=9
  solver=sudoku.model.BacktrackingSudokuSolver@12214f2f
  board={{1,2,3,7,4,5,9,6,8},{7,4,5,9,2,6,0,0,0},{0,0,0,0,0,0,0,0,0},{0,0,0,0,0,0,0,0,0},{0,0,0,0,0,0,0,0,0},{0,0,0,0,0,0,0,0,0},{0,0,0,0,0,0,0,0,0},{0,0,0,0,0,0,0,0,0},{0,0,0,0,0,0,0,0,0}}
]
14:29:40.809 [main] INFO  sudoku.model.SudokuBoard - Wartość 0 wstawiona nieprawidłowo
14:29:40.809 [main] INFO  sudoku.model.SudokuBoard - Bład w kwadracie 0
sudoku.model.SudokuBoard@7de6549d[
  size=9
  solver=sudoku.model.BacktrackingSudokuSolver@12214f2f
  board={{1,2,3,7,4,5,9,6,8},{7,4,5,9,2,6,3,0,0},{0,0,0,0,0,0,0,0,0},{0,0,0,0,0,0,0,0,0},{0,0,0,0,0,0,0,0,0},{0,0,0,0,0,0,0,0,0},{0,0,0,0,0,0,0,0,0},{0,0,0,0,0,0,0,0,0},{0,0,0,0,0,0,0,0,0}}
]
14:29:40.809 [main] INFO  sudoku.model.SudokuBoard - Wartość 0 wstawiona nieprawidłowo
14:29:40.809 [main] INFO  sudoku.model.SudokuBoard - Bład w kwadracie 0
sudoku.model.SudokuBoard@7de6549d[
  size=9
  solver=sudoku.model.BacktrackingSudokuSolver@12214f2f
  board={{1,2,3,7,4,5,9,6,8},{7,4,5,9,2,6,0,0,0},{0,0,0,0,0,0,0,0,0},{0,0,0,0,0,0,0,0,0},{0,0,0,0,0,0,0,0,0},{0,0,0,0,0,0,0,0,0},{0,0,0,0,0,0,0,0,0},{0,0,0,0,0,0,0,0,0},{0,0,0,0,0,0,0,0,0}}
]
14:29:40.809 [main] INFO  sudoku.model.SudokuBoard - Wartość 0 wstawiona nieprawidłowo
14:29:40.809 [main] INFO  sudoku.model.SudokuBoard - Bład w kwadracie 0
sudoku.model.SudokuBoard@7de6549d[
  size=9
  solver=sudoku.model.BacktrackingSudokuSolver@12214f2f
  board={{1,2,3,7,4,5,9,6,8},{7,4,5,9,2,0,0,0,0},{0,0,0,0,0,0,0,0,0},{0,0,0,0,0,0,0,0,0},{0,0,0,0,0,0,0,0,0},{0,0,0,0,0,0,0,0,0},{0,0,0,0,0,0,0,0,0},{0,0,0,0,0,0,0,0,0},{0,0,0,0,0,0,0,0,0}}
]
14:29:40.809 [main] INFO  sudoku.model.SudokuBoard - Wartość 0 wstawiona nieprawidłowo
14:29:40.809 [main] INFO  sudoku.model.SudokuBoard - Bład w kwadracie 0
sudoku.model.SudokuBoard@7de6549d[
  size=9
  solver=sudoku.model.BacktrackingSudokuSolver@12214f2f
  board={{1,2,3,7,4,5,9,6,8},{7,4,5,9,2,8,3,0,0},{0,0,0,0,0,0,0,0,0},{0,0,0,0,0,0,0,0,0},{0,0,0,0,0,0,0,0,0},{0,0,0,0,0,0,0,0,0},{0,0,0,0,0,0,0,0,0},{0,0,0,0,0,0,0,0,0},{0,0,0,0,0,0,0,0,0}}
]
14:29:40.809 [main] INFO  sudoku.model.SudokuBoard - Wartość 0 wstawiona nieprawidłowo
14:29:40.809 [main] INFO  sudoku.model.SudokuBoard - Bład w kwadracie 0
sudoku.model.SudokuBoard@7de6549d[
  size=9
  solver=sudoku.model.BacktrackingSudokuSolver@12214f2f
  board={{1,2,3,7,4,5,9,6,8},{7,4,5,9,2,8,0,0,0},{0,0,0,0,0,0,0,0,0},{0,0,0,0,0,0,0,0,0},{0,0,0,0,0,0,0,0,0},{0,0,0,0,0,0,0,0,0},{0,0,0,0,0,0,0,0,0},{0,0,0,0,0,0,0,0,0},{0,0,0,0,0,0,0,0,0}}
]
14:29:40.809 [main] INFO  sudoku.model.SudokuBoard - Wartość 0 wstawiona nieprawidłowo
14:29:40.809 [main] INFO  sudoku.model.SudokuBoard - Bład w kwadracie 0
sudoku.model.SudokuBoard@7de6549d[
  size=9
  solver=sudoku.model.BacktrackingSudokuSolver@12214f2f
  board={{1,2,3,7,4,5,9,6,8},{7,4,5,9,2,8,1,0,0},{0,0,0,0,0,0,0,0,0},{0,0,0,0,0,0,0,0,0},{0,0,0,0,0,0,0,0,0},{0,0,0,0,0,0,0,0,0},{0,0,0,0,0,0,0,0,0},{0,0,0,0,0,0,0,0,0},{0,0,0,0,0,0,0,0,0}}
]
14:29:40.810 [main] INFO  sudoku.model.SudokuBoard - Wartość 0 wstawiona nieprawidłowo
14:29:40.810 [main] INFO  sudoku.model.SudokuBoard - Bład w kwadracie 0
sudoku.model.SudokuBoard@7de6549d[
  size=9
  solver=sudoku.model.BacktrackingSudokuSolver@12214f2f
  board={{1,2,3,7,4,5,9,6,8},{7,4,5,9,2,8,0,0,0},{0,0,0,0,0,0,0,0,0},{0,0,0,0,0,0,0,0,0},{0,0,0,0,0,0,0,0,0},{0,0,0,0,0,0,0,0,0},{0,0,0,0,0,0,0,0,0},{0,0,0,0,0,0,0,0,0},{0,0,0,0,0,0,0,0,0}}
]
14:29:40.810 [main] INFO  sudoku.model.SudokuBoard - Wartość 0 wstawiona nieprawidłowo
14:29:40.810 [main] INFO  sudoku.model.SudokuBoard - Bład w kwadracie 0
sudoku.model.SudokuBoard@7de6549d[
  size=9
  solver=sudoku.model.BacktrackingSudokuSolver@12214f2f
  board={{1,2,3,7,4,5,9,6,8},{7,4,5,9,2,0,0,0,0},{0,0,0,0,0,0,0,0,0},{0,0,0,0,0,0,0,0,0},{0,0,0,0,0,0,0,0,0},{0,0,0,0,0,0,0,0,0},{0,0,0,0,0,0,0,0,0},{0,0,0,0,0,0,0,0,0},{0,0,0,0,0,0,0,0,0}}
]
14:29:40.810 [main] INFO  sudoku.model.SudokuBoard - Wartość 0 wstawiona nieprawidłowo
14:29:40.810 [main] INFO  sudoku.model.SudokuBoard - Bład w kwadracie 0
sudoku.model.SudokuBoard@7de6549d[
  size=9
  solver=sudoku.model.BacktrackingSudokuSolver@12214f2f
  board={{1,2,3,7,4,5,9,6,8},{7,4,5,9,2,1,0,0,0},{0,0,0,0,0,0,0,0,0},{0,0,0,0,0,0,0,0,0},{0,0,0,0,0,0,0,0,0},{0,0,0,0,0,0,0,0,0},{0,0,0,0,0,0,0,0,0},{0,0,0,0,0,0,0,0,0},{0,0,0,0,0,0,0,0,0}}
]
14:29:40.810 [main] INFO  sudoku.model.SudokuBoard - Wartość 0 wstawiona nieprawidłowo
14:29:40.810 [main] INFO  sudoku.model.SudokuBoard - Bład w kwadracie 0
sudoku.model.SudokuBoard@7de6549d[
  size=9
  solver=sudoku.model.BacktrackingSudokuSolver@12214f2f
  board={{1,2,3,7,4,5,9,6,8},{7,4,5,9,2,0,0,0,0},{0,0,0,0,0,0,0,0,0},{0,0,0,0,0,0,0,0,0},{0,0,0,0,0,0,0,0,0},{0,0,0,0,0,0,0,0,0},{0,0,0,0,0,0,0,0,0},{0,0,0,0,0,0,0,0,0},{0,0,0,0,0,0,0,0,0}}
]
14:29:40.810 [main] INFO  sudoku.model.SudokuBoard - Wartość 0 wstawiona nieprawidłowo
14:29:40.810 [main] INFO  sudoku.model.SudokuBoard - Bład w kwadracie 0
sudoku.model.SudokuBoard@7de6549d[
  size=9
  solver=sudoku.model.BacktrackingSudokuSolver@12214f2f
  board={{1,2,3,7,4,5,9,6,8},{7,4,5,9,2,3,0,0,0},{0,0,0,0,0,0,0,0,0},{0,0,0,0,0,0,0,0,0},{0,0,0,0,0,0,0,0,0},{0,0,0,0,0,0,0,0,0},{0,0,0,0,0,0,0,0,0},{0,0,0,0,0,0,0,0,0},{0,0,0,0,0,0,0,0,0}}
]
14:29:40.810 [main] INFO  sudoku.model.SudokuBoard - Wartość 0 wstawiona nieprawidłowo
14:29:40.810 [main] INFO  sudoku.model.SudokuBoard - Bład w kwadracie 0
sudoku.model.SudokuBoard@7de6549d[
  size=9
  solver=sudoku.model.BacktrackingSudokuSolver@12214f2f
  board={{1,2,3,7,4,5,9,6,8},{7,4,5,9,2,0,0,0,0},{0,0,0,0,0,0,0,0,0},{0,0,0,0,0,0,0,0,0},{0,0,0,0,0,0,0,0,0},{0,0,0,0,0,0,0,0,0},{0,0,0,0,0,0,0,0,0},{0,0,0,0,0,0,0,0,0},{0,0,0,0,0,0,0,0,0}}
]
14:29:40.810 [main] INFO  sudoku.model.SudokuBoard - Wartość 0 wstawiona nieprawidłowo
14:29:40.814 [main] INFO  sudoku.model.SudokuBoard - Bład w kwadracie 0
sudoku.model.SudokuBoard@7de6549d[
  size=9
  solver=sudoku.model.BacktrackingSudokuSolver@12214f2f
  board={{1,2,3,7,4,5,9,6,8},{7,4,5,9,0,0,0,0,0},{0,0,0,0,0,0,0,0,0},{0,0,0,0,0,0,0,0,0},{0,0,0,0,0,0,0,0,0},{0,0,0,0,0,0,0,0,0},{0,0,0,0,0,0,0,0,0},{0,0,0,0,0,0,0,0,0},{0,0,0,0,0,0,0,0,0}}
]
14:29:40.814 [main] INFO  sudoku.model.SudokuBoard - Wartość 0 wstawiona nieprawidłowo
14:29:40.814 [main] INFO  sudoku.model.SudokuBoard - Bład w kwadracie 0
sudoku.model.SudokuBoard@7de6549d[
  size=9
  solver=sudoku.model.BacktrackingSudokuSolver@12214f2f
  board={{1,2,3,7,4,5,9,6,8},{7,4,5,9,3,1,0,0,0},{0,0,0,0,0,0,0,0,0},{0,0,0,0,0,0,0,0,0},{0,0,0,0,0,0,0,0,0},{0,0,0,0,0,0,0,0,0},{0,0,0,0,0,0,0,0,0},{0,0,0,0,0,0,0,0,0},{0,0,0,0,0,0,0,0,0}}
]
14:29:40.814 [main] INFO  sudoku.model.SudokuBoard - Wartość 0 wstawiona nieprawidłowo
14:29:40.814 [main] INFO  sudoku.model.SudokuBoard - Bład w kwadracie 0
sudoku.model.SudokuBoard@7de6549d[
  size=9
  solver=sudoku.model.BacktrackingSudokuSolver@12214f2f
  board={{1,2,3,7,4,5,9,6,8},{7,4,5,9,3,0,0,0,0},{0,0,0,0,0,0,0,0,0},{0,0,0,0,0,0,0,0,0},{0,0,0,0,0,0,0,0,0},{0,0,0,0,0,0,0,0,0},{0,0,0,0,0,0,0,0,0},{0,0,0,0,0,0,0,0,0},{0,0,0,0,0,0,0,0,0}}
]
14:29:40.814 [main] INFO  sudoku.model.SudokuBoard - Wartość 0 wstawiona nieprawidłowo
14:29:40.814 [main] INFO  sudoku.model.SudokuBoard - Bład w kwadracie 0
sudoku.model.SudokuBoard@7de6549d[
  size=9
  solver=sudoku.model.BacktrackingSudokuSolver@12214f2f
  board={{1,2,3,7,4,5,9,6,8},{7,4,5,9,3,2,0,0,0},{0,0,0,0,0,0,0,0,0},{0,0,0,0,0,0,0,0,0},{0,0,0,0,0,0,0,0,0},{0,0,0,0,0,0,0,0,0},{0,0,0,0,0,0,0,0,0},{0,0,0,0,0,0,0,0,0},{0,0,0,0,0,0,0,0,0}}
]
14:29:40.814 [main] INFO  sudoku.model.SudokuBoard - Wartość 0 wstawiona nieprawidłowo
14:29:40.814 [main] INFO  sudoku.model.SudokuBoard - Bład w kwadracie 0
sudoku.model.SudokuBoard@7de6549d[
  size=9
  solver=sudoku.model.BacktrackingSudokuSolver@12214f2f
  board={{1,2,3,7,4,5,9,6,8},{7,4,5,9,3,0,0,0,0},{0,0,0,0,0,0,0,0,0},{0,0,0,0,0,0,0,0,0},{0,0,0,0,0,0,0,0,0},{0,0,0,0,0,0,0,0,0},{0,0,0,0,0,0,0,0,0},{0,0,0,0,0,0,0,0,0},{0,0,0,0,0,0,0,0,0}}
]
14:29:40.815 [main] INFO  sudoku.model.SudokuBoard - Wartość 0 wstawiona nieprawidłowo
14:29:40.815 [main] INFO  sudoku.model.SudokuBoard - Bład w kwadracie 0
sudoku.model.SudokuBoard@7de6549d[
  size=9
  solver=sudoku.model.BacktrackingSudokuSolver@12214f2f
  board={{1,2,3,7,4,5,9,6,8},{7,4,5,9,3,6,1,0,0},{0,0,0,0,0,0,0,0,0},{0,0,0,0,0,0,0,0,0},{0,0,0,0,0,0,0,0,0},{0,0,0,0,0,0,0,0,0},{0,0,0,0,0,0,0,0,0},{0,0,0,0,0,0,0,0,0},{0,0,0,0,0,0,0,0,0}}
]
14:29:40.815 [main] INFO  sudoku.model.SudokuBoard - Wartość 0 wstawiona nieprawidłowo
14:29:40.815 [main] INFO  sudoku.model.SudokuBoard - Bład w kwadracie 0
sudoku.model.SudokuBoard@7de6549d[
  size=9
  solver=sudoku.model.BacktrackingSudokuSolver@12214f2f
  board={{1,2,3,7,4,5,9,6,8},{7,4,5,9,3,6,0,0,0},{0,0,0,0,0,0,0,0,0},{0,0,0,0,0,0,0,0,0},{0,0,0,0,0,0,0,0,0},{0,0,0,0,0,0,0,0,0},{0,0,0,0,0,0,0,0,0},{0,0,0,0,0,0,0,0,0},{0,0,0,0,0,0,0,0,0}}
]
14:29:40.815 [main] INFO  sudoku.model.SudokuBoard - Wartość 0 wstawiona nieprawidłowo
14:29:40.815 [main] INFO  sudoku.model.SudokuBoard - Bład w kwadracie 0
sudoku.model.SudokuBoard@7de6549d[
  size=9
  solver=sudoku.model.BacktrackingSudokuSolver@12214f2f
  board={{1,2,3,7,4,5,9,6,8},{7,4,5,9,3,6,2,0,0},{0,0,0,0,0,0,0,0,0},{0,0,0,0,0,0,0,0,0},{0,0,0,0,0,0,0,0,0},{0,0,0,0,0,0,0,0,0},{0,0,0,0,0,0,0,0,0},{0,0,0,0,0,0,0,0,0},{0,0,0,0,0,0,0,0,0}}
]
14:29:40.815 [main] INFO  sudoku.model.SudokuBoard - Wartość 0 wstawiona nieprawidłowo
14:29:40.815 [main] INFO  sudoku.model.SudokuBoard - Bład w kwadracie 0
sudoku.model.SudokuBoard@7de6549d[
  size=9
  solver=sudoku.model.BacktrackingSudokuSolver@12214f2f
  board={{1,2,3,7,4,5,9,6,8},{7,4,5,9,3,6,0,0,0},{0,0,0,0,0,0,0,0,0},{0,0,0,0,0,0,0,0,0},{0,0,0,0,0,0,0,0,0},{0,0,0,0,0,0,0,0,0},{0,0,0,0,0,0,0,0,0},{0,0,0,0,0,0,0,0,0},{0,0,0,0,0,0,0,0,0}}
]
14:29:40.815 [main] INFO  sudoku.model.SudokuBoard - Wartość 0 wstawiona nieprawidłowo
14:29:40.816 [main] INFO  sudoku.model.SudokuBoard - Bład w kwadracie 0
sudoku.model.SudokuBoard@7de6549d[
  size=9
  solver=sudoku.model.BacktrackingSudokuSolver@12214f2f
  board={{1,2,3,7,4,5,9,6,8},{7,4,5,9,3,0,0,0,0},{0,0,0,0,0,0,0,0,0},{0,0,0,0,0,0,0,0,0},{0,0,0,0,0,0,0,0,0},{0,0,0,0,0,0,0,0,0},{0,0,0,0,0,0,0,0,0},{0,0,0,0,0,0,0,0,0},{0,0,0,0,0,0,0,0,0}}
]
14:29:40.816 [main] INFO  sudoku.model.SudokuBoard - Wartość 0 wstawiona nieprawidłowo
14:29:40.816 [main] INFO  sudoku.model.SudokuBoard - Bład w kwadracie 0
sudoku.model.SudokuBoard@7de6549d[
  size=9
  solver=sudoku.model.BacktrackingSudokuSolver@12214f2f
  board={{1,2,3,7,4,5,9,6,8},{7,4,5,9,3,8,1,0,0},{0,0,0,0,0,0,0,0,0},{0,0,0,0,0,0,0,0,0},{0,0,0,0,0,0,0,0,0},{0,0,0,0,0,0,0,0,0},{0,0,0,0,0,0,0,0,0},{0,0,0,0,0,0,0,0,0},{0,0,0,0,0,0,0,0,0}}
]
14:29:40.816 [main] INFO  sudoku.model.SudokuBoard - Wartość 0 wstawiona nieprawidłowo
14:29:40.816 [main] INFO  sudoku.model.SudokuBoard - Bład w kwadracie 0
sudoku.model.SudokuBoard@7de6549d[
  size=9
  solver=sudoku.model.BacktrackingSudokuSolver@12214f2f
  board={{1,2,3,7,4,5,9,6,8},{7,4,5,9,3,8,0,0,0},{0,0,0,0,0,0,0,0,0},{0,0,0,0,0,0,0,0,0},{0,0,0,0,0,0,0,0,0},{0,0,0,0,0,0,0,0,0},{0,0,0,0,0,0,0,0,0},{0,0,0,0,0,0,0,0,0},{0,0,0,0,0,0,0,0,0}}
]
14:29:40.816 [main] INFO  sudoku.model.SudokuBoard - Wartość 0 wstawiona nieprawidłowo
14:29:40.816 [main] INFO  sudoku.model.SudokuBoard - Bład w kwadracie 0
sudoku.model.SudokuBoard@7de6549d[
  size=9
  solver=sudoku.model.BacktrackingSudokuSolver@12214f2f
  board={{1,2,3,7,4,5,9,6,8},{7,4,5,9,3,8,2,0,0},{0,0,0,0,0,0,0,0,0},{0,0,0,0,0,0,0,0,0},{0,0,0,0,0,0,0,0,0},{0,0,0,0,0,0,0,0,0},{0,0,0,0,0,0,0,0,0},{0,0,0,0,0,0,0,0,0},{0,0,0,0,0,0,0,0,0}}
]
14:29:40.816 [main] INFO  sudoku.model.SudokuBoard - Wartość 0 wstawiona nieprawidłowo
14:29:40.816 [main] INFO  sudoku.model.SudokuBoard - Bład w kwadracie 0
sudoku.model.SudokuBoard@7de6549d[
  size=9
  solver=sudoku.model.BacktrackingSudokuSolver@12214f2f
  board={{1,2,3,7,4,5,9,6,8},{7,4,5,9,3,8,0,0,0},{0,0,0,0,0,0,0,0,0},{0,0,0,0,0,0,0,0,0},{0,0,0,0,0,0,0,0,0},{0,0,0,0,0,0,0,0,0},{0,0,0,0,0,0,0,0,0},{0,0,0,0,0,0,0,0,0},{0,0,0,0,0,0,0,0,0}}
]
14:29:40.816 [main] INFO  sudoku.model.SudokuBoard - Wartość 0 wstawiona nieprawidłowo
14:29:40.816 [main] INFO  sudoku.model.SudokuBoard - Bład w kwadracie 0
sudoku.model.SudokuBoard@7de6549d[
  size=9
  solver=sudoku.model.BacktrackingSudokuSolver@12214f2f
  board={{1,2,3,7,4,5,9,6,8},{7,4,5,9,3,0,0,0,0},{0,0,0,0,0,0,0,0,0},{0,0,0,0,0,0,0,0,0},{0,0,0,0,0,0,0,0,0},{0,0,0,0,0,0,0,0,0},{0,0,0,0,0,0,0,0,0},{0,0,0,0,0,0,0,0,0},{0,0,0,0,0,0,0,0,0}}
]
14:29:40.816 [main] INFO  sudoku.model.SudokuBoard - Wartość 0 wstawiona nieprawidłowo
14:29:40.817 [main] INFO  sudoku.model.SudokuBoard - Bład w kwadracie 0
sudoku.model.SudokuBoard@7de6549d[
  size=9
  solver=sudoku.model.BacktrackingSudokuSolver@12214f2f
  board={{1,2,3,7,4,5,9,6,8},{7,4,5,9,0,0,0,0,0},{0,0,0,0,0,0,0,0,0},{0,0,0,0,0,0,0,0,0},{0,0,0,0,0,0,0,0,0},{0,0,0,0,0,0,0,0,0},{0,0,0,0,0,0,0,0,0},{0,0,0,0,0,0,0,0,0},{0,0,0,0,0,0,0,0,0}}
]
14:29:40.817 [main] INFO  sudoku.model.SudokuBoard - Wartość 0 wstawiona nieprawidłowo
14:29:40.817 [main] INFO  sudoku.model.SudokuBoard - Bład w kwadracie 0
sudoku.model.SudokuBoard@7de6549d[
  size=9
  solver=sudoku.model.BacktrackingSudokuSolver@12214f2f
  board={{1,2,3,7,4,5,9,6,8},{7,4,5,9,6,8,1,2,3},{6,8,9,1,2,3,4,5,7},{3,6,7,5,8,9,2,1,4},{2,9,4,3,7,1,0,0,0},{0,0,0,0,0,0,0,0,0},{0,0,0,0,0,0,0,0,0},{0,0,0,0,0,0,0,0,0},{0,0,0,0,0,0,0,0,0}}
]
14:29:40.817 [main] INFO  sudoku.model.SudokuBoard - Wartość 0 wstawiona nieprawidłowo
14:29:40.817 [main] INFO  sudoku.model.SudokuBoard - Bład w kwadracie 0
sudoku.model.SudokuBoard@7de6549d[
  size=9
  solver=sudoku.model.BacktrackingSudokuSolver@12214f2f
  board={{1,2,3,7,4,5,9,6,8},{7,4,5,9,6,8,1,2,3},{6,8,9,1,2,3,4,5,7},{3,6,7,5,8,9,2,1,4},{2,9,4,3,7,1,5,8,6},{5,1,8,0,0,0,0,0,0},{0,0,0,0,0,0,0,0,0},{0,0,0,0,0,0,0,0,0},{0,0,0,0,0,0,0,0,0}}
]
14:29:40.817 [main] INFO  sudoku.model.SudokuBoard - Wartość 0 wstawiona nieprawidłowo
14:29:40.817 [main] INFO  sudoku.model.SudokuBoard - Bład w kwadracie 0
sudoku.model.SudokuBoard@7de6549d[
  size=9
  solver=sudoku.model.BacktrackingSudokuSolver@12214f2f
  board={{1,2,3,7,4,5,9,6,8},{7,4,5,9,6,8,1,2,3},{6,8,9,1,2,3,4,5,7},{3,6,7,5,8,9,2,1,4},{2,9,4,3,7,1,5,8,6},{5,1,8,0,0,0,0,0,0},{0,0,0,0,0,0,0,0,0},{0,0,0,0,0,0,0,0,0},{0,0,0,0,0,0,0,0,0}}
]
14:29:40.817 [main] INFO  sudoku.model.SudokuBoard - Wartość 0 wstawiona nieprawidłowo
14:29:40.817 [main] INFO  sudoku.model.SudokuBoard - Bład w kwadracie 0
sudoku.model.SudokuBoard@7de6549d[
  size=9
  solver=sudoku.model.BacktrackingSudokuSolver@12214f2f
  board={{1,2,3,7,4,5,9,6,8},{7,4,5,9,6,8,1,2,3},{6,8,9,1,2,3,4,5,7},{3,6,7,5,8,9,2,1,4},{2,9,4,3,7,1,5,8,6},{5,1,8,0,0,0,0,0,0},{0,0,0,0,0,0,0,0,0},{0,0,0,0,0,0,0,0,0},{0,0,0,0,0,0,0,0,0}}
]
14:29:40.817 [main] INFO  sudoku.model.SudokuBoard - Wartość 0 wstawiona nieprawidłowo
14:29:40.817 [main] INFO  sudoku.model.SudokuBoard - Bład w kwadracie 0
sudoku.model.SudokuBoard@7de6549d[
  size=9
  solver=sudoku.model.BacktrackingSudokuSolver@12214f2f
  board={{1,2,3,7,4,5,9,6,8},{7,4,5,9,6,8,1,2,3},{6,8,9,1,2,3,4,5,7},{3,6,7,5,8,9,2,1,4},{2,9,4,3,7,1,5,8,6},{5,1,0,0,0,0,0,0,0},{0,0,0,0,0,0,0,0,0},{0,0,0,0,0,0,0,0,0},{0,0,0,0,0,0,0,0,0}}
]
14:29:40.817 [main] INFO  sudoku.model.SudokuBoard - Wartość 0 wstawiona nieprawidłowo
14:29:40.817 [main] INFO  sudoku.model.SudokuBoard - Bład w kwadracie 0
sudoku.model.SudokuBoard@7de6549d[
  size=9
  solver=sudoku.model.BacktrackingSudokuSolver@12214f2f
  board={{1,2,3,7,4,5,9,6,8},{7,4,5,9,6,8,1,2,3},{6,8,9,1,2,3,4,5,7},{3,6,7,5,8,9,2,1,4},{2,9,4,3,7,1,5,8,6},{5,0,0,0,0,0,0,0,0},{0,0,0,0,0,0,0,0,0},{0,0,0,0,0,0,0,0,0},{0,0,0,0,0,0,0,0,0}}
]
14:29:40.817 [main] INFO  sudoku.model.SudokuBoard - Wartość 0 wstawiona nieprawidłowo
14:29:40.818 [main] INFO  sudoku.model.SudokuBoard - Bład w kwadracie 0
sudoku.model.SudokuBoard@7de6549d[
  size=9
  solver=sudoku.model.BacktrackingSudokuSolver@12214f2f
  board={{1,2,3,7,4,5,9,6,8},{7,4,5,9,6,8,1,2,3},{6,8,9,1,2,3,4,5,7},{3,6,7,5,8,9,2,1,4},{2,9,4,3,7,1,5,8,6},{0,0,0,0,0,0,0,0,0},{0,0,0,0,0,0,0,0,0},{0,0,0,0,0,0,0,0,0},{0,0,0,0,0,0,0,0,0}}
]
14:29:40.818 [main] INFO  sudoku.model.SudokuBoard - Wartość 0 wstawiona nieprawidłowo
14:29:40.818 [main] INFO  sudoku.model.SudokuBoard - Bład w kwadracie 0
sudoku.model.SudokuBoard@7de6549d[
  size=9
  solver=sudoku.model.BacktrackingSudokuSolver@12214f2f
  board={{1,2,3,7,4,5,9,6,8},{7,4,5,9,6,8,1,2,3},{6,8,9,1,2,3,4,5,7},{3,6,7,5,8,9,2,1,4},{2,9,4,3,7,1,5,8,6},{8,5,1,0,0,0,0,0,0},{0,0,0,0,0,0,0,0,0},{0,0,0,0,0,0,0,0,0},{0,0,0,0,0,0,0,0,0}}
]
14:29:40.818 [main] INFO  sudoku.model.SudokuBoard - Wartość 0 wstawiona nieprawidłowo
14:29:40.818 [main] INFO  sudoku.model.SudokuBoard - Bład w kwadracie 0
sudoku.model.SudokuBoard@7de6549d[
  size=9
  solver=sudoku.model.BacktrackingSudokuSolver@12214f2f
  board={{1,2,3,7,4,5,9,6,8},{7,4,5,9,6,8,1,2,3},{6,8,9,1,2,3,4,5,7},{3,6,7,5,8,9,2,1,4},{2,9,4,3,7,1,5,8,6},{8,5,1,0,0,0,0,0,0},{0,0,0,0,0,0,0,0,0},{0,0,0,0,0,0,0,0,0},{0,0,0,0,0,0,0,0,0}}
]
14:29:40.818 [main] INFO  sudoku.model.SudokuBoard - Wartość 0 wstawiona nieprawidłowo
14:29:40.818 [main] INFO  sudoku.model.SudokuBoard - Bład w kwadracie 0
sudoku.model.SudokuBoard@7de6549d[
  size=9
  solver=sudoku.model.BacktrackingSudokuSolver@12214f2f
  board={{1,2,3,7,4,5,9,6,8},{7,4,5,9,6,8,1,2,3},{6,8,9,1,2,3,4,5,7},{3,6,7,5,8,9,2,1,4},{2,9,4,3,7,1,5,8,6},{8,5,1,0,0,0,0,0,0},{0,0,0,0,0,0,0,0,0},{0,0,0,0,0,0,0,0,0},{0,0,0,0,0,0,0,0,0}}
]
14:29:40.818 [main] INFO  sudoku.model.SudokuBoard - Wartość 0 wstawiona nieprawidłowo
14:29:40.818 [main] INFO  sudoku.model.SudokuBoard - Bład w kwadracie 0
sudoku.model.SudokuBoard@7de6549d[
  size=9
  solver=sudoku.model.BacktrackingSudokuSolver@12214f2f
  board={{1,2,3,7,4,5,9,6,8},{7,4,5,9,6,8,1,2,3},{6,8,9,1,2,3,4,5,7},{3,6,7,5,8,9,2,1,4},{2,9,4,3,7,1,5,8,6},{8,5,0,0,0,0,0,0,0},{0,0,0,0,0,0,0,0,0},{0,0,0,0,0,0,0,0,0},{0,0,0,0,0,0,0,0,0}}
]
14:29:40.818 [main] INFO  sudoku.model.SudokuBoard - Wartość 0 wstawiona nieprawidłowo
14:29:40.818 [main] INFO  sudoku.model.SudokuBoard - Bład w kwadracie 0
sudoku.model.SudokuBoard@7de6549d[
  size=9
  solver=sudoku.model.BacktrackingSudokuSolver@12214f2f
  board={{1,2,3,7,4,5,9,6,8},{7,4,5,9,6,8,1,2,3},{6,8,9,1,2,3,4,5,7},{3,6,7,5,8,9,2,1,4},{2,9,4,3,7,1,5,8,6},{8,0,0,0,0,0,0,0,0},{0,0,0,0,0,0,0,0,0},{0,0,0,0,0,0,0,0,0},{0,0,0,0,0,0,0,0,0}}
]
14:29:40.818 [main] INFO  sudoku.model.SudokuBoard - Wartość 0 wstawiona nieprawidłowo
14:29:40.818 [main] INFO  sudoku.model.SudokuBoard - Bład w kwadracie 0
sudoku.model.SudokuBoard@7de6549d[
  size=9
  solver=sudoku.model.BacktrackingSudokuSolver@12214f2f
  board={{1,2,3,7,4,5,9,6,8},{7,4,5,9,6,8,1,2,3},{6,8,9,1,2,3,4,5,7},{3,6,7,5,8,9,2,1,4},{2,9,4,3,7,1,5,8,6},{8,0,0,0,0,0,0,0,0},{0,0,0,0,0,0,0,0,0},{0,0,0,0,0,0,0,0,0},{0,0,0,0,0,0,0,0,0}}
]
14:29:40.818 [main] INFO  sudoku.model.SudokuBoard - Wartość 0 wstawiona nieprawidłowo
14:29:40.819 [main] INFO  sudoku.model.SudokuBoard - Bład w kwadracie 0
sudoku.model.SudokuBoard@7de6549d[
  size=9
  solver=sudoku.model.BacktrackingSudokuSolver@12214f2f
  board={{1,2,3,7,4,5,9,6,8},{7,4,5,9,6,8,1,2,3},{6,8,9,1,2,3,4,5,7},{3,6,7,5,8,9,2,1,4},{2,9,4,3,7,1,5,8,6},{0,0,0,0,0,0,0,0,0},{0,0,0,0,0,0,0,0,0},{0,0,0,0,0,0,0,0,0},{0,0,0,0,0,0,0,0,0}}
]
14:29:40.819 [main] INFO  sudoku.model.SudokuBoard - Wartość 0 wstawiona nieprawidłowo
14:29:40.819 [main] INFO  sudoku.model.SudokuBoard - Bład w kwadracie 0
sudoku.model.SudokuBoard@7de6549d[
  size=9
  solver=sudoku.model.BacktrackingSudokuSolver@12214f2f
  board={{1,2,3,7,4,5,9,6,8},{7,4,5,9,6,8,1,2,3},{6,8,9,1,2,3,4,5,7},{3,6,7,5,8,9,2,1,4},{2,9,4,3,7,1,5,8,0},{0,0,0,0,0,0,0,0,0},{0,0,0,0,0,0,0,0,0},{0,0,0,0,0,0,0,0,0},{0,0,0,0,0,0,0,0,0}}
]
14:29:40.819 [main] INFO  sudoku.model.SudokuBoard - Wartość 0 wstawiona nieprawidłowo
14:29:40.819 [main] INFO  sudoku.model.SudokuBoard - Bład w kwadracie 0
sudoku.model.SudokuBoard@7de6549d[
  size=9
  solver=sudoku.model.BacktrackingSudokuSolver@12214f2f
  board={{1,2,3,7,4,5,9,6,8},{7,4,5,9,6,8,1,2,3},{6,8,9,1,2,3,4,5,7},{3,6,7,5,8,9,2,1,4},{2,9,4,3,7,1,5,0,0},{0,0,0,0,0,0,0,0,0},{0,0,0,0,0,0,0,0,0},{0,0,0,0,0,0,0,0,0},{0,0,0,0,0,0,0,0,0}}
]
14:29:40.819 [main] INFO  sudoku.model.SudokuBoard - Wartość 0 wstawiona nieprawidłowo
14:29:40.819 [main] INFO  sudoku.model.SudokuBoard - Bład w kwadracie 0
sudoku.model.SudokuBoard@7de6549d[
  size=9
  solver=sudoku.model.BacktrackingSudokuSolver@12214f2f
  board={{1,2,3,7,4,5,9,6,8},{7,4,5,9,6,8,1,2,3},{6,8,9,1,2,3,4,5,7},{3,6,7,5,8,9,2,1,4},{2,9,4,3,7,1,0,0,0},{0,0,0,0,0,0,0,0,0},{0,0,0,0,0,0,0,0,0},{0,0,0,0,0,0,0,0,0},{0,0,0,0,0,0,0,0,0}}
]
14:29:40.819 [main] INFO  sudoku.model.SudokuBoard - Wartość 0 wstawiona nieprawidłowo
14:29:40.819 [main] INFO  sudoku.model.SudokuBoard - Bład w kwadracie 0
sudoku.model.SudokuBoard@7de6549d[
  size=9
  solver=sudoku.model.BacktrackingSudokuSolver@12214f2f
  board={{1,2,3,7,4,5,9,6,8},{7,4,5,9,6,8,1,2,3},{6,8,9,1,2,3,4,5,7},{3,6,7,5,8,9,2,1,4},{2,9,4,3,7,1,6,8,5},{5,1,8,0,0,0,0,0,0},{0,0,0,0,0,0,0,0,0},{0,0,0,0,0,0,0,0,0},{0,0,0,0,0,0,0,0,0}}
]
14:29:40.819 [main] INFO  sudoku.model.SudokuBoard - Wartość 0 wstawiona nieprawidłowo
14:29:40.819 [main] INFO  sudoku.model.SudokuBoard - Bład w kwadracie 0
sudoku.model.SudokuBoard@7de6549d[
  size=9
  solver=sudoku.model.BacktrackingSudokuSolver@12214f2f
  board={{1,2,3,7,4,5,9,6,8},{7,4,5,9,6,8,1,2,3},{6,8,9,1,2,3,4,5,7},{3,6,7,5,8,9,2,1,4},{2,9,4,3,7,1,6,8,5},{5,1,8,0,0,0,0,0,0},{0,0,0,0,0,0,0,0,0},{0,0,0,0,0,0,0,0,0},{0,0,0,0,0,0,0,0,0}}
]
14:29:40.819 [main] INFO  sudoku.model.SudokuBoard - Wartość 0 wstawiona nieprawidłowo
14:29:40.819 [main] INFO  sudoku.model.SudokuBoard - Bład w kwadracie 0
sudoku.model.SudokuBoard@7de6549d[
  size=9
  solver=sudoku.model.BacktrackingSudokuSolver@12214f2f
  board={{1,2,3,7,4,5,9,6,8},{7,4,5,9,6,8,1,2,3},{6,8,9,1,2,3,4,5,7},{3,6,7,5,8,9,2,1,4},{2,9,4,3,7,1,6,8,5},{5,1,8,0,0,0,0,0,0},{0,0,0,0,0,0,0,0,0},{0,0,0,0,0,0,0,0,0},{0,0,0,0,0,0,0,0,0}}
]
14:29:40.819 [main] INFO  sudoku.model.SudokuBoard - Wartość 0 wstawiona nieprawidłowo
14:29:40.819 [main] INFO  sudoku.model.SudokuBoard - Bład w kwadracie 0
sudoku.model.SudokuBoard@7de6549d[
  size=9
  solver=sudoku.model.BacktrackingSudokuSolver@12214f2f
  board={{1,2,3,7,4,5,9,6,8},{7,4,5,9,6,8,1,2,3},{6,8,9,1,2,3,4,5,7},{3,6,7,5,8,9,2,1,4},{2,9,4,3,7,1,6,8,5},{5,1,0,0,0,0,0,0,0},{0,0,0,0,0,0,0,0,0},{0,0,0,0,0,0,0,0,0},{0,0,0,0,0,0,0,0,0}}
]
14:29:40.819 [main] INFO  sudoku.model.SudokuBoard - Wartość 0 wstawiona nieprawidłowo
14:29:40.828 [main] INFO  sudoku.model.SudokuBoard - Bład w kwadracie 0
sudoku.model.SudokuBoard@7de6549d[
  size=9
  solver=sudoku.model.BacktrackingSudokuSolver@12214f2f
  board={{1,2,3,7,4,5,9,6,8},{7,4,5,9,6,8,1,2,3},{6,8,9,1,2,3,4,5,7},{3,6,7,5,8,9,2,1,4},{2,9,4,3,7,1,6,8,5},{5,0,0,0,0,0,0,0,0},{0,0,0,0,0,0,0,0,0},{0,0,0,0,0,0,0,0,0},{0,0,0,0,0,0,0,0,0}}
]
14:29:40.828 [main] INFO  sudoku.model.SudokuBoard - Wartość 0 wstawiona nieprawidłowo
14:29:40.828 [main] INFO  sudoku.model.SudokuBoard - Bład w kwadracie 0
sudoku.model.SudokuBoard@7de6549d[
  size=9
  solver=sudoku.model.BacktrackingSudokuSolver@12214f2f
  board={{1,2,3,7,4,5,9,6,8},{7,4,5,9,6,8,1,2,3},{6,8,9,1,2,3,4,5,7},{3,6,7,5,8,9,2,1,4},{2,9,4,3,7,1,6,8,5},{0,0,0,0,0,0,0,0,0},{0,0,0,0,0,0,0,0,0},{0,0,0,0,0,0,0,0,0},{0,0,0,0,0,0,0,0,0}}
]
14:29:40.828 [main] INFO  sudoku.model.SudokuBoard - Wartość 0 wstawiona nieprawidłowo
14:29:40.829 [main] INFO  sudoku.model.SudokuBoard - Bład w kwadracie 0
sudoku.model.SudokuBoard@7de6549d[
  size=9
  solver=sudoku.model.BacktrackingSudokuSolver@12214f2f
  board={{1,2,3,7,4,5,9,6,8},{7,4,5,9,6,8,1,2,3},{6,8,9,1,2,3,4,5,7},{3,6,7,5,8,9,2,1,4},{2,9,4,3,7,1,6,8,5},{8,5,1,0,0,0,0,0,0},{0,0,0,0,0,0,0,0,0},{0,0,0,0,0,0,0,0,0},{0,0,0,0,0,0,0,0,0}}
]
14:29:40.829 [main] INFO  sudoku.model.SudokuBoard - Wartość 0 wstawiona nieprawidłowo
14:29:40.829 [main] INFO  sudoku.model.SudokuBoard - Bład w kwadracie 0
sudoku.model.SudokuBoard@7de6549d[
  size=9
  solver=sudoku.model.BacktrackingSudokuSolver@12214f2f
  board={{1,2,3,7,4,5,9,6,8},{7,4,5,9,6,8,1,2,3},{6,8,9,1,2,3,4,5,7},{3,6,7,5,8,9,2,1,4},{2,9,4,3,7,1,6,8,5},{8,5,1,0,0,0,0,0,0},{0,0,0,0,0,0,0,0,0},{0,0,0,0,0,0,0,0,0},{0,0,0,0,0,0,0,0,0}}
]
14:29:40.829 [main] INFO  sudoku.model.SudokuBoard - Wartość 0 wstawiona nieprawidłowo
14:29:40.829 [main] INFO  sudoku.model.SudokuBoard - Bład w kwadracie 0
sudoku.model.SudokuBoard@7de6549d[
  size=9
  solver=sudoku.model.BacktrackingSudokuSolver@12214f2f
  board={{1,2,3,7,4,5,9,6,8},{7,4,5,9,6,8,1,2,3},{6,8,9,1,2,3,4,5,7},{3,6,7,5,8,9,2,1,4},{2,9,4,3,7,1,6,8,5},{8,5,1,0,0,0,0,0,0},{0,0,0,0,0,0,0,0,0},{0,0,0,0,0,0,0,0,0},{0,0,0,0,0,0,0,0,0}}
]
14:29:40.829 [main] INFO  sudoku.model.SudokuBoard - Wartość 0 wstawiona nieprawidłowo
14:29:40.829 [main] INFO  sudoku.model.SudokuBoard - Bład w kwadracie 0
sudoku.model.SudokuBoard@7de6549d[
  size=9
  solver=sudoku.model.BacktrackingSudokuSolver@12214f2f
  board={{1,2,3,7,4,5,9,6,8},{7,4,5,9,6,8,1,2,3},{6,8,9,1,2,3,4,5,7},{3,6,7,5,8,9,2,1,4},{2,9,4,3,7,1,6,8,5},{8,5,0,0,0,0,0,0,0},{0,0,0,0,0,0,0,0,0},{0,0,0,0,0,0,0,0,0},{0,0,0,0,0,0,0,0,0}}
]
14:29:40.830 [main] INFO  sudoku.model.SudokuBoard - Wartość 0 wstawiona nieprawidłowo
14:29:40.830 [main] INFO  sudoku.model.SudokuBoard - Bład w kwadracie 0
sudoku.model.SudokuBoard@7de6549d[
  size=9
  solver=sudoku.model.BacktrackingSudokuSolver@12214f2f
  board={{1,2,3,7,4,5,9,6,8},{7,4,5,9,6,8,1,2,3},{6,8,9,1,2,3,4,5,7},{3,6,7,5,8,9,2,1,4},{2,9,4,3,7,1,6,8,5},{8,0,0,0,0,0,0,0,0},{0,0,0,0,0,0,0,0,0},{0,0,0,0,0,0,0,0,0},{0,0,0,0,0,0,0,0,0}}
]
14:29:40.830 [main] INFO  sudoku.model.SudokuBoard - Wartość 0 wstawiona nieprawidłowo
14:29:40.830 [main] INFO  sudoku.model.SudokuBoard - Bład w kwadracie 0
sudoku.model.SudokuBoard@7de6549d[
  size=9
  solver=sudoku.model.BacktrackingSudokuSolver@12214f2f
  board={{1,2,3,7,4,5,9,6,8},{7,4,5,9,6,8,1,2,3},{6,8,9,1,2,3,4,5,7},{3,6,7,5,8,9,2,1,4},{2,9,4,3,7,1,6,8,5},{8,0,0,0,0,0,0,0,0},{0,0,0,0,0,0,0,0,0},{0,0,0,0,0,0,0,0,0},{0,0,0,0,0,0,0,0,0}}
]
14:29:40.830 [main] INFO  sudoku.model.SudokuBoard - Wartość 0 wstawiona nieprawidłowo
14:29:40.830 [main] INFO  sudoku.model.SudokuBoard - Bład w kwadracie 0
sudoku.model.SudokuBoard@7de6549d[
  size=9
  solver=sudoku.model.BacktrackingSudokuSolver@12214f2f
  board={{1,2,3,7,4,5,9,6,8},{7,4,5,9,6,8,1,2,3},{6,8,9,1,2,3,4,5,7},{3,6,7,5,8,9,2,1,4},{2,9,4,3,7,1,6,8,5},{0,0,0,0,0,0,0,0,0},{0,0,0,0,0,0,0,0,0},{0,0,0,0,0,0,0,0,0},{0,0,0,0,0,0,0,0,0}}
]
14:29:40.830 [main] INFO  sudoku.model.SudokuBoard - Wartość 0 wstawiona nieprawidłowo
14:29:40.830 [main] INFO  sudoku.model.SudokuBoard - Bład w kwadracie 0
sudoku.model.SudokuBoard@7de6549d[
  size=9
  solver=sudoku.model.BacktrackingSudokuSolver@12214f2f
  board={{1,2,3,7,4,5,9,6,8},{7,4,5,9,6,8,1,2,3},{6,8,9,1,2,3,4,5,7},{3,6,7,5,8,9,2,1,4},{2,9,4,3,7,1,6,8,0},{0,0,0,0,0,0,0,0,0},{0,0,0,0,0,0,0,0,0},{0,0,0,0,0,0,0,0,0},{0,0,0,0,0,0,0,0,0}}
]
14:29:40.830 [main] INFO  sudoku.model.SudokuBoard - Wartość 0 wstawiona nieprawidłowo
14:29:40.830 [main] INFO  sudoku.model.SudokuBoard - Bład w kwadracie 0
sudoku.model.SudokuBoard@7de6549d[
  size=9
  solver=sudoku.model.BacktrackingSudokuSolver@12214f2f
  board={{1,2,3,7,4,5,9,6,8},{7,4,5,9,6,8,1,2,3},{6,8,9,1,2,3,4,5,7},{3,6,7,5,8,9,2,1,4},{2,9,4,3,7,1,6,0,0},{0,0,0,0,0,0,0,0,0},{0,0,0,0,0,0,0,0,0},{0,0,0,0,0,0,0,0,0},{0,0,0,0,0,0,0,0,0}}
]
14:29:40.830 [main] INFO  sudoku.model.SudokuBoard - Wartość 0 wstawiona nieprawidłowo
14:29:40.831 [main] INFO  sudoku.model.SudokuBoard - Bład w kwadracie 0
sudoku.model.SudokuBoard@7de6549d[
  size=9
  solver=sudoku.model.BacktrackingSudokuSolver@12214f2f
  board={{1,2,3,7,4,5,9,6,8},{7,4,5,9,6,8,1,2,3},{6,8,9,1,2,3,4,5,7},{3,6,7,5,8,9,2,1,4},{2,9,4,3,7,1,0,0,0},{0,0,0,0,0,0,0,0,0},{0,0,0,0,0,0,0,0,0},{0,0,0,0,0,0,0,0,0},{0,0,0,0,0,0,0,0,0}}
]
14:29:40.831 [main] INFO  sudoku.model.SudokuBoard - Wartość 0 wstawiona nieprawidłowo
14:29:40.831 [main] INFO  sudoku.model.SudokuBoard - Bład w kwadracie 0
sudoku.model.SudokuBoard@7de6549d[
  size=9
  solver=sudoku.model.BacktrackingSudokuSolver@12214f2f
  board={{1,2,3,7,4,5,9,6,8},{7,4,5,9,6,8,1,2,3},{6,8,9,1,2,3,4,5,7},{3,6,7,5,8,9,2,1,4},{2,9,4,3,7,0,0,0,0},{0,0,0,0,0,0,0,0,0},{0,0,0,0,0,0,0,0,0},{0,0,0,0,0,0,0,0,0},{0,0,0,0,0,0,0,0,0}}
]
14:29:40.831 [main] INFO  sudoku.model.SudokuBoard - Wartość 0 wstawiona nieprawidłowo
14:29:40.831 [main] INFO  sudoku.model.SudokuBoard - Bład w kwadracie 0
sudoku.model.SudokuBoard@7de6549d[
  size=9
  solver=sudoku.model.BacktrackingSudokuSolver@12214f2f
  board={{1,2,3,7,4,5,9,6,8},{7,4,5,9,6,8,1,2,3},{6,8,9,1,2,3,4,5,7},{3,6,7,5,8,9,2,1,4},{2,9,4,3,7,6,5,0,0},{0,0,0,0,0,0,0,0,0},{0,0,0,0,0,0,0,0,0},{0,0,0,0,0,0,0,0,0},{0,0,0,0,0,0,0,0,0}}
]
14:29:40.831 [main] INFO  sudoku.model.SudokuBoard - Wartość 0 wstawiona nieprawidłowo
14:29:40.831 [main] INFO  sudoku.model.SudokuBoard - Bład w kwadracie 0
sudoku.model.SudokuBoard@7de6549d[
  size=9
  solver=sudoku.model.BacktrackingSudokuSolver@12214f2f
  board={{1,2,3,7,4,5,9,6,8},{7,4,5,9,6,8,1,2,3},{6,8,9,1,2,3,4,5,7},{3,6,7,5,8,9,2,1,4},{2,9,4,3,7,6,0,0,0},{0,0,0,0,0,0,0,0,0},{0,0,0,0,0,0,0,0,0},{0,0,0,0,0,0,0,0,0},{0,0,0,0,0,0,0,0,0}}
]
14:29:40.831 [main] INFO  sudoku.model.SudokuBoard - Wartość 0 wstawiona nieprawidłowo
14:29:40.832 [main] INFO  sudoku.model.SudokuBoard - Bład w kwadracie 0
sudoku.model.SudokuBoard@7de6549d[
  size=9
  solver=sudoku.model.BacktrackingSudokuSolver@12214f2f
  board={{1,2,3,7,4,5,9,6,8},{7,4,5,9,6,8,1,2,3},{6,8,9,1,2,3,4,5,7},{3,6,7,5,8,9,2,1,4},{2,9,4,3,7,6,0,0,0},{0,0,0,0,0,0,0,0,0},{0,0,0,0,0,0,0,0,0},{0,0,0,0,0,0,0,0,0},{0,0,0,0,0,0,0,0,0}}
]
14:29:40.832 [main] INFO  sudoku.model.SudokuBoard - Wartość 0 wstawiona nieprawidłowo
14:29:40.832 [main] INFO  sudoku.model.SudokuBoard - Bład w kwadracie 0
sudoku.model.SudokuBoard@7de6549d[
  size=9
  solver=sudoku.model.BacktrackingSudokuSolver@12214f2f
  board={{1,2,3,7,4,5,9,6,8},{7,4,5,9,6,8,1,2,3},{6,8,9,1,2,3,4,5,7},{3,6,7,5,8,9,2,1,4},{2,9,4,3,7,0,0,0,0},{0,0,0,0,0,0,0,0,0},{0,0,0,0,0,0,0,0,0},{0,0,0,0,0,0,0,0,0},{0,0,0,0,0,0,0,0,0}}
]
14:29:40.832 [main] INFO  sudoku.model.SudokuBoard - Wartość 0 wstawiona nieprawidłowo
14:29:40.832 [main] INFO  sudoku.model.SudokuBoard - Bład w kwadracie 0
sudoku.model.SudokuBoard@7de6549d[
  size=9
  solver=sudoku.model.BacktrackingSudokuSolver@12214f2f
  board={{1,2,3,7,4,5,9,6,8},{7,4,5,9,6,8,1,2,3},{6,8,9,1,2,3,4,5,7},{3,6,7,5,8,9,2,1,4},{2,9,4,3,0,0,0,0,0},{0,0,0,0,0,0,0,0,0},{0,0,0,0,0,0,0,0,0},{0,0,0,0,0,0,0,0,0},{0,0,0,0,0,0,0,0,0}}
]
14:29:40.832 [main] INFO  sudoku.model.SudokuBoard - Wartość 0 wstawiona nieprawidłowo
14:29:40.832 [main] INFO  sudoku.model.SudokuBoard - Bład w kwadracie 0
sudoku.model.SudokuBoard@7de6549d[
  size=9
  solver=sudoku.model.BacktrackingSudokuSolver@12214f2f
  board={{1,2,3,7,4,5,9,6,8},{7,4,5,9,6,8,1,2,3},{6,8,9,1,2,3,4,5,7},{3,6,7,5,8,9,2,1,4},{2,9,4,3,1,6,5,0,0},{0,0,0,0,0,0,0,0,0},{0,0,0,0,0,0,0,0,0},{0,0,0,0,0,0,0,0,0},{0,0,0,0,0,0,0,0,0}}
]
14:29:40.832 [main] INFO  sudoku.model.SudokuBoard - Wartość 0 wstawiona nieprawidłowo
14:29:40.832 [main] INFO  sudoku.model.SudokuBoard - Bład w kwadracie 0
sudoku.model.SudokuBoard@7de6549d[
  size=9
  solver=sudoku.model.BacktrackingSudokuSolver@12214f2f
  board={{1,2,3,7,4,5,9,6,8},{7,4,5,9,6,8,1,2,3},{6,8,9,1,2,3,4,5,7},{3,6,7,5,8,9,2,1,4},{2,9,4,3,1,6,5,0,0},{0,0,0,0,0,0,0,0,0},{0,0,0,0,0,0,0,0,0},{0,0,0,0,0,0,0,0,0},{0,0,0,0,0,0,0,0,0}}
]
14:29:40.833 [main] INFO  sudoku.model.SudokuBoard - Wartość 0 wstawiona nieprawidłowo
14:29:40.833 [main] INFO  sudoku.model.SudokuBoard - Bład w kwadracie 0
sudoku.model.SudokuBoard@7de6549d[
  size=9
  solver=sudoku.model.BacktrackingSudokuSolver@12214f2f
  board={{1,2,3,7,4,5,9,6,8},{7,4,5,9,6,8,1,2,3},{6,8,9,1,2,3,4,5,7},{3,6,7,5,8,9,2,1,4},{2,9,4,3,1,6,0,0,0},{0,0,0,0,0,0,0,0,0},{0,0,0,0,0,0,0,0,0},{0,0,0,0,0,0,0,0,0},{0,0,0,0,0,0,0,0,0}}
]
14:29:40.834 [main] INFO  sudoku.model.SudokuBoard - Wartość 0 wstawiona nieprawidłowo
14:29:40.834 [main] INFO  sudoku.model.SudokuBoard - Bład w kwadracie 0
sudoku.model.SudokuBoard@7de6549d[
  size=9
  solver=sudoku.model.BacktrackingSudokuSolver@12214f2f
  board={{1,2,3,7,4,5,9,6,8},{7,4,5,9,6,8,1,2,3},{6,8,9,1,2,3,4,5,7},{3,6,7,5,8,9,2,1,4},{2,9,4,3,1,6,7,8,5},{8,5,1,2,7,4,6,0,0},{0,0,0,0,0,0,0,0,0},{0,0,0,0,0,0,0,0,0},{0,0,0,0,0,0,0,0,0}}
]
14:29:40.834 [main] INFO  sudoku.model.SudokuBoard - Wartość 0 wstawiona nieprawidłowo
14:29:40.834 [main] INFO  sudoku.model.SudokuBoard - Bład w kwadracie 0
sudoku.model.SudokuBoard@7de6549d[
  size=9
  solver=sudoku.model.BacktrackingSudokuSolver@12214f2f
  board={{1,2,3,7,4,5,9,6,8},{7,4,5,9,6,8,1,2,3},{6,8,9,1,2,3,4,5,7},{3,6,7,5,8,9,2,1,4},{2,9,4,3,1,6,7,8,5},{8,5,1,2,7,4,6,3,9},{4,1,8,6,9,2,5,0,0},{0,0,0,0,0,0,0,0,0},{0,0,0,0,0,0,0,0,0}}
]
14:29:40.834 [main] INFO  sudoku.model.SudokuBoard - Wartość 0 wstawiona nieprawidłowo
14:29:40.834 [main] INFO  sudoku.model.SudokuBoard - Bład w kwadracie 0
sudoku.model.SudokuBoard@7de6549d[
  size=9
  solver=sudoku.model.BacktrackingSudokuSolver@12214f2f
  board={{1,2,3,7,4,5,9,6,8},{7,4,5,9,6,8,1,2,3},{6,8,9,1,2,3,4,5,7},{3,6,7,5,8,9,2,1,4},{2,9,4,3,1,6,7,8,5},{8,5,1,2,7,4,6,3,9},{4,1,8,6,9,2,0,0,0},{0,0,0,0,0,0,0,0,0},{0,0,0,0,0,0,0,0,0}}
]
14:29:40.834 [main] INFO  sudoku.model.SudokuBoard - Wartość 0 wstawiona nieprawidłowo
14:29:40.835 [main] INFO  sudoku.model.SudokuBoard - Bład w kwadracie 0
sudoku.model.SudokuBoard@7de6549d[
  size=9
  solver=sudoku.model.BacktrackingSudokuSolver@12214f2f
  board={{1,2,3,7,4,5,9,6,8},{7,4,5,9,6,8,1,2,3},{6,8,9,1,2,3,4,5,7},{3,6,7,5,8,9,2,1,4},{2,9,4,3,1,6,7,8,5},{8,5,1,2,7,4,6,3,9},{4,1,8,6,9,2,3,0,0},{0,0,0,0,0,0,0,0,0},{0,0,0,0,0,0,0,0,0}}
]
14:29:40.835 [main] INFO  sudoku.model.SudokuBoard - Wartość 0 wstawiona nieprawidłowo
14:29:40.835 [main] INFO  sudoku.model.SudokuBoard - Bład w kwadracie 0
sudoku.model.SudokuBoard@7de6549d[
  size=9
  solver=sudoku.model.BacktrackingSudokuSolver@12214f2f
  board={{1,2,3,7,4,5,9,6,8},{7,4,5,9,6,8,1,2,3},{6,8,9,1,2,3,4,5,7},{3,6,7,5,8,9,2,1,4},{2,9,4,3,1,6,7,8,5},{8,5,1,2,7,4,6,3,9},{4,1,8,6,9,2,0,0,0},{0,0,0,0,0,0,0,0,0},{0,0,0,0,0,0,0,0,0}}
]
14:29:40.835 [main] INFO  sudoku.model.SudokuBoard - Wartość 0 wstawiona nieprawidłowo
14:29:40.835 [main] INFO  sudoku.model.SudokuBoard - Bład w kwadracie 0
sudoku.model.SudokuBoard@7de6549d[
  size=9
  solver=sudoku.model.BacktrackingSudokuSolver@12214f2f
  board={{1,2,3,7,4,5,9,6,8},{7,4,5,9,6,8,1,2,3},{6,8,9,1,2,3,4,5,7},{3,6,7,5,8,9,2,1,4},{2,9,4,3,1,6,7,8,5},{8,5,1,2,7,4,6,3,9},{4,1,8,6,9,0,0,0,0},{0,0,0,0,0,0,0,0,0},{0,0,0,0,0,0,0,0,0}}
]
14:29:40.835 [main] INFO  sudoku.model.SudokuBoard - Wartość 0 wstawiona nieprawidłowo
14:29:40.835 [main] INFO  sudoku.model.SudokuBoard - Bład w kwadracie 0
sudoku.model.SudokuBoard@7de6549d[
  size=9
  solver=sudoku.model.BacktrackingSudokuSolver@12214f2f
  board={{1,2,3,7,4,5,9,6,8},{7,4,5,9,6,8,1,2,3},{6,8,9,1,2,3,4,5,7},{3,6,7,5,8,9,2,1,4},{2,9,4,3,1,6,7,8,5},{8,5,1,2,7,4,6,3,9},{4,1,8,6,9,7,0,0,0},{0,0,0,0,0,0,0,0,0},{0,0,0,0,0,0,0,0,0}}
]
14:29:40.836 [main] INFO  sudoku.model.SudokuBoard - Wartość 0 wstawiona nieprawidłowo
14:29:40.836 [main] INFO  sudoku.model.SudokuBoard - Bład w kwadracie 0
sudoku.model.SudokuBoard@7de6549d[
  size=9
  solver=sudoku.model.BacktrackingSudokuSolver@12214f2f
  board={{1,2,3,7,4,5,9,6,8},{7,4,5,9,6,8,1,2,3},{6,8,9,1,2,3,4,5,7},{3,6,7,5,8,9,2,1,4},{2,9,4,3,1,6,7,8,5},{8,5,1,2,7,4,6,3,9},{4,1,8,6,9,7,0,0,0},{0,0,0,0,0,0,0,0,0},{0,0,0,0,0,0,0,0,0}}
]
14:29:40.836 [main] INFO  sudoku.model.SudokuBoard - Wartość 0 wstawiona nieprawidłowo
14:29:40.836 [main] INFO  sudoku.model.SudokuBoard - Bład w kwadracie 0
sudoku.model.SudokuBoard@7de6549d[
  size=9
  solver=sudoku.model.BacktrackingSudokuSolver@12214f2f
  board={{1,2,3,7,4,5,9,6,8},{7,4,5,9,6,8,1,2,3},{6,8,9,1,2,3,4,5,7},{3,6,7,5,8,9,2,1,4},{2,9,4,3,1,6,7,8,5},{8,5,1,2,7,4,6,3,9},{4,1,8,6,9,0,0,0,0},{0,0,0,0,0,0,0,0,0},{0,0,0,0,0,0,0,0,0}}
]
14:29:40.836 [main] INFO  sudoku.model.SudokuBoard - Wartość 0 wstawiona nieprawidłowo
14:29:40.836 [main] INFO  sudoku.model.SudokuBoard - Bład w kwadracie 0
sudoku.model.SudokuBoard@7de6549d[
  size=9
  solver=sudoku.model.BacktrackingSudokuSolver@12214f2f
  board={{1,2,3,7,4,5,9,6,8},{7,4,5,9,6,8,1,2,3},{6,8,9,1,2,3,4,5,7},{3,6,7,5,8,9,2,1,4},{2,9,4,3,1,6,7,8,5},{8,5,1,2,7,4,6,3,9},{4,1,8,6,0,0,0,0,0},{0,0,0,0,0,0,0,0,0},{0,0,0,0,0,0,0,0,0}}
]
14:29:40.836 [main] INFO  sudoku.model.SudokuBoard - Wartość 0 wstawiona nieprawidłowo
14:29:40.836 [main] INFO  sudoku.model.SudokuBoard - Bład w kwadracie 0
sudoku.model.SudokuBoard@7de6549d[
  size=9
  solver=sudoku.model.BacktrackingSudokuSolver@12214f2f
  board={{0,2,3,7,4,5,9,6,8},{7,4,5,9,6,8,1,2,3},{6,8,9,1,2,3,4,5,7},{3,6,7,5,8,9,2,1,4},{2,9,4,3,1,6,7,8,5},{8,5,1,2,7,4,6,3,9},{4,1,8,6,3,7,5,9,2},{9,3,2,4,5,1,8,7,6},{5,7,6,8,9,2,3,4,1}}
]
14:29:40.837 [main] INFO  sudoku.model.SudokuBoard - Wartość 0 wstawiona nieprawidłowo
]]></system-out>
  </testcase>
</testsuite>