<?xml version="1.0" encoding="UTF-8"?>
<testsuite xmlns:xsi="http://www.w3.org/2001/XMLSchema-instance" xsi:noNamespaceSchemaLocation="https://maven.apache.org/surefire/maven-surefire-plugin/xsd/surefire-test-report-3.0.xsd" version="3.0" name="sudoku.model.SeriesTest" time="0.283" tests="5" errors="0" skipped="0" failures="0">
  <properties>
    <property name="java.specification.version" value="14"/>
    <property name="sun.cpu.isalist" value="amd64"/>
    <property name="sun.jnu.encoding" value="Cp1252"/>
    <property name="java.class.path" value="D:\New\an_pn_1145_03\Model\target\test-classes;C:\Users\MaciekDate\.m2\repository\org\junit\jupiter\junit-jupiter-engine\5.6.2\junit-jupiter-engine-5.6.2.jar;C:\Users\MaciekDate\.m2\repository\org\apiguardian\apiguardian-api\1.1.0\apiguardian-api-1.1.0.jar;C:\Users\MaciekDate\.m2\repository\org\junit\platform\junit-platform-engine\1.6.2\junit-platform-engine-1.6.2.jar;C:\Users\MaciekDate\.m2\repository\org\opentest4j\opentest4j\1.2.0\opentest4j-1.2.0.jar;C:\Users\MaciekDate\.m2\repository\org\junit\platform\junit-platform-commons\1.6.2\junit-platform-commons-1.6.2.jar;C:\Users\MaciekDate\.m2\repository\org\junit\jupiter\junit-jupiter-api\5.6.2\junit-jupiter-api-5.6.2.jar;C:\Users\MaciekDate\.m2\repository\org\apache\logging\log4j\log4j-api\2.7\log4j-api-2.7.jar;C:\Users\MaciekDate\.m2\repository\org\apache\logging\log4j\log4j-core\2.7\log4j-core-2.7.jar;C:\Users\MaciekDate\.m2\repository\org\apache\logging\log4j\log4j-slf4j-impl\2.7\log4j-slf4j-impl-2.7.jar;C:\Users\MaciekDate\.m2\repository\org\openjfx\javafx-controls\13\javafx-controls-13.jar;C:\Users\MaciekDate\.m2\repository\org\openjfx\javafx-controls\13\javafx-controls-13-win.jar;C:\Users\MaciekDate\.m2\repository\org\openjfx\javafx-graphics\13\javafx-graphics-13.jar;C:\Users\MaciekDate\.m2\repository\org\openjfx\javafx-graphics\13\javafx-graphics-13-win.jar;C:\Users\MaciekDate\.m2\repository\org\openjfx\javafx-base\13\javafx-base-13.jar;C:\Users\MaciekDate\.m2\repository\org\openjfx\javafx-fxml\13\javafx-fxml-13.jar;C:\Users\MaciekDate\.m2\repository\org\openjfx\javafx-fxml\13\javafx-fxml-13-win.jar;"/>
    <property name="java.vm.vendor" value="Oracle Corporation"/>
    <property name="sun.arch.data.model" value="64"/>
    <property name="user.variant" value=""/>
    <property name="java.vendor.url" value="https://java.oracle.com/"/>
    <property name="user.timezone" value="Europe/Warsaw"/>
    <property name="os.name" value="Windows 10"/>
    <property name="java.vm.specification.version" value="14"/>
    <property name="sun.java.launcher" value="SUN_STANDARD"/>
    <property name="user.country" value="US"/>
    <property name="sun.boot.library.path" value="D:\openjdk\jdk-14.0.2\bin"/>
    <property name="sun.java.command" value="org.apache.maven.surefire.booter.ForkedBooter C:\Users\MaciekDate\AppData\Local\Temp\surefire16352485278135371266 2021-01-22T13-21-11_034-jvmRun1 surefire16514077660849095522tmp surefire_01228458859756668441tmp"/>
    <property name="jdk.debug" value="release"/>
    <property name="surefire.test.class.path" value="D:\New\an_pn_1145_03\Model\target\test-classes;C:\Users\MaciekDate\.m2\repository\org\junit\jupiter\junit-jupiter-engine\5.6.2\junit-jupiter-engine-5.6.2.jar;C:\Users\MaciekDate\.m2\repository\org\apiguardian\apiguardian-api\1.1.0\apiguardian-api-1.1.0.jar;C:\Users\MaciekDate\.m2\repository\org\junit\platform\junit-platform-engine\1.6.2\junit-platform-engine-1.6.2.jar;C:\Users\MaciekDate\.m2\repository\org\opentest4j\opentest4j\1.2.0\opentest4j-1.2.0.jar;C:\Users\MaciekDate\.m2\repository\org\junit\platform\junit-platform-commons\1.6.2\junit-platform-commons-1.6.2.jar;C:\Users\MaciekDate\.m2\repository\org\junit\jupiter\junit-jupiter-api\5.6.2\junit-jupiter-api-5.6.2.jar;C:\Users\MaciekDate\.m2\repository\org\apache\logging\log4j\log4j-api\2.7\log4j-api-2.7.jar;C:\Users\MaciekDate\.m2\repository\org\apache\logging\log4j\log4j-core\2.7\log4j-core-2.7.jar;C:\Users\MaciekDate\.m2\repository\org\apache\logging\log4j\log4j-slf4j-impl\2.7\log4j-slf4j-impl-2.7.jar;C:\Users\MaciekDate\.m2\repository\org\openjfx\javafx-controls\13\javafx-controls-13.jar;C:\Users\MaciekDate\.m2\repository\org\openjfx\javafx-controls\13\javafx-controls-13-win.jar;C:\Users\MaciekDate\.m2\repository\org\openjfx\javafx-graphics\13\javafx-graphics-13.jar;C:\Users\MaciekDate\.m2\repository\org\openjfx\javafx-graphics\13\javafx-graphics-13-win.jar;C:\Users\MaciekDate\.m2\repository\org\openjfx\javafx-base\13\javafx-base-13.jar;C:\Users\MaciekDate\.m2\repository\org\openjfx\javafx-fxml\13\javafx-fxml-13.jar;C:\Users\MaciekDate\.m2\repository\org\openjfx\javafx-fxml\13\javafx-fxml-13-win.jar;"/>
    <property name="sun.cpu.endian" value="little"/>
    <property name="user.home" value="C:\Users\MaciekDate"/>
    <property name="user.language" value="en"/>
    <property name="java.specification.vendor" value="Oracle Corporation"/>
    <property name="jdk.module.path" value="D:\New\an_pn_1145_03\Model\target\classes;C:\Users\MaciekDate\.m2\repository\org\apache\commons\commons-lang3\3.11\commons-lang3-3.11.jar;C:\Users\MaciekDate\.m2\repository\org\slf4j\slf4j-api\1.7.30\slf4j-api-1.7.30.jar;C:\Users\MaciekDate\.m2\repository\org\openjfx\javafx-base\13\javafx-base-13-win.jar"/>
    <property name="java.version.date" value="2020-07-14"/>
    <property name="java.home" value="D:\openjdk\jdk-14.0.2"/>
    <property name="file.separator" value="\"/>
    <property name="basedir" value="D:\New\an_pn_1145_03\Model"/>
    <property name="java.vm.compressedOopsMode" value="Zero based"/>
    <property name="line.separator" value="&#10;"/>
    <property name="java.vm.specification.vendor" value="Oracle Corporation"/>
    <property name="java.specification.name" value="Java Platform API Specification"/>
    <property name="surefire.real.class.path" value="C:\Users\MaciekDate\.m2\repository\org\apache\maven\surefire\surefire-booter\3.0.0-M5\surefire-booter-3.0.0-M5.jar;C:\Users\MaciekDate\.m2\repository\org\apache\maven\surefire\surefire-api\3.0.0-M5\surefire-api-3.0.0-M5.jar;C:\Users\MaciekDate\.m2\repository\org\apache\maven\surefire\surefire-logger-api\3.0.0-M5\surefire-logger-api-3.0.0-M5.jar;C:\Users\MaciekDate\.m2\repository\org\apache\maven\surefire\surefire-shared-utils\3.0.0-M4\surefire-shared-utils-3.0.0-M4.jar;C:\Users\MaciekDate\.m2\repository\org\apache\maven\surefire\surefire-extensions-spi\3.0.0-M5\surefire-extensions-spi-3.0.0-M5.jar;D:\New\an_pn_1145_03\Model\target\test-classes;C:\Users\MaciekDate\.m2\repository\org\junit\jupiter\junit-jupiter-engine\5.6.2\junit-jupiter-engine-5.6.2.jar;C:\Users\MaciekDate\.m2\repository\org\apiguardian\apiguardian-api\1.1.0\apiguardian-api-1.1.0.jar;C:\Users\MaciekDate\.m2\repository\org\junit\platform\junit-platform-engine\1.6.2\junit-platform-engine-1.6.2.jar;C:\Users\MaciekDate\.m2\repository\org\opentest4j\opentest4j\1.2.0\opentest4j-1.2.0.jar;C:\Users\MaciekDate\.m2\repository\org\junit\platform\junit-platform-commons\1.6.2\junit-platform-commons-1.6.2.jar;C:\Users\MaciekDate\.m2\repository\org\junit\jupiter\junit-jupiter-api\5.6.2\junit-jupiter-api-5.6.2.jar;C:\Users\MaciekDate\.m2\repository\org\apache\logging\log4j\log4j-api\2.7\log4j-api-2.7.jar;C:\Users\MaciekDate\.m2\repository\org\apache\logging\log4j\log4j-core\2.7\log4j-core-2.7.jar;C:\Users\MaciekDate\.m2\repository\org\apache\logging\log4j\log4j-slf4j-impl\2.7\log4j-slf4j-impl-2.7.jar;C:\Users\MaciekDate\.m2\repository\org\openjfx\javafx-controls\13\javafx-controls-13.jar;C:\Users\MaciekDate\.m2\repository\org\openjfx\javafx-controls\13\javafx-controls-13-win.jar;C:\Users\MaciekDate\.m2\repository\org\openjfx\javafx-graphics\13\javafx-graphics-13.jar;C:\Users\MaciekDate\.m2\repository\org\openjfx\javafx-graphics\13\javafx-graphics-13-win.jar;C:\Users\MaciekDate\.m2\repository\org\openjfx\javafx-base\13\javafx-base-13.jar;C:\Users\MaciekDate\.m2\repository\org\openjfx\javafx-fxml\13\javafx-fxml-13.jar;C:\Users\MaciekDate\.m2\repository\org\openjfx\javafx-fxml\13\javafx-fxml-13-win.jar;C:\Users\MaciekDate\.m2\repository\org\apache\maven\surefire\surefire-junit-platform\3.0.0-M5\surefire-junit-platform-3.0.0-M5.jar;C:\Users\MaciekDate\.m2\repository\org\apache\maven\surefire\common-java5\3.0.0-M5\common-java5-3.0.0-M5.jar;C:\Users\MaciekDate\.m2\repository\org\junit\platform\junit-platform-launcher\1.6.2\junit-platform-launcher-1.6.2.jar"/>
    <property name="user.script" value=""/>
    <property name="sun.management.compiler" value="HotSpot 64-Bit Tiered Compilers"/>
    <property name="java.runtime.version" value="14.0.2+12-46"/>
    <property name="user.name" value="MaciekDate"/>
    <property name="path.separator" value=";"/>
    <property name="os.version" value="10.0"/>
    <property name="java.runtime.name" value="OpenJDK Runtime Environment"/>
    <property name="file.encoding" value="Cp1252"/>
    <property name="java.vm.name" value="OpenJDK 64-Bit Server VM"/>
    <property name="localRepository" value="C:\Users\MaciekDate\.m2\repository"/>
    <property name="java.vendor.url.bug" value="https://bugreport.java.com/bugreport/"/>
    <property name="java.io.tmpdir" value="C:\Users\MACIEK~1\AppData\Local\Temp\"/>
    <property name="idea.version" value="2020.3"/>
    <property name="java.version" value="14.0.2"/>
    <property name="user.dir" value="D:\New\an_pn_1145_03\Model"/>
    <property name="os.arch" value="amd64"/>
    <property name="java.vm.specification.name" value="Java Virtual Machine Specification"/>
    <property name="sun.os.patch.level" value=""/>
    <property name="java.library.path" value="D:\openjdk\jdk-14.0.2\bin;C:\Windows\Sun\Java\bin;C:\Windows\system32;C:\Windows;c:\program files\python39\scripts\;c:\program files\python39\;c:\programdata\oracle\java\javapath;c:\program files (x86)\common files\oracle\java\javapath;c:\windows\system32;c:\windows;c:\windows\system32\wbem;c:\windows\system32\windowspowershell\v1.0\;c:\windows\system32\openssh\;c:\program files\nvidia corporation\nvidia nvdlisr;C:\Program Files\Git\cmd;C:\Program Files (x86)\Windows Live\Shared;C:\Users\MaciekDate\AppData\Local\Microsoft\WindowsApps;C:\Users\MaciekDate\AppData\Local\GitHubDesktop\bin;D:\Programs\PyCharm 2020.2.3\bin;;D:\Programs\CLion 2020.2.4\bin;;."/>
    <property name="java.vm.info" value="mixed mode"/>
    <property name="java.vendor" value="Oracle Corporation"/>
    <property name="java.vm.version" value="14.0.2+12-46"/>
    <property name="sun.io.unicode.encoding" value="UnicodeLittle"/>
    <property name="java.class.version" value="58.0"/>
  </properties>
  <testcase name="testEqualsDiffrent" classname="sudoku.model.SeriesTest" time="0.037">
    <system-out><![CDATA[13:21:16.872 INFO  [main] SudokuBoard - B?ad w kwadracie 0
sudoku.model.SudokuBoard@a6d4547[
  size=9
  solver=sudoku.model.BacktrackingSudokuSolver@701996e9
  board={{9,5,1,3,6,4,7,2,8},{8,7,4,2,1,9,3,5,6},{2,3,6,8,7,5,9,4,1},{3,4,7,9,5,1,2,0,0},{0,0,0,0,0,0,0,0,0},{0,0,0,0,0,0,0,0,0},{0,0,0,0,0,0,0,0,0},{0,0,0,0,0,0,0,0,0},{0,0,0,0,0,0,0,0,0}}
]
13:21:16.873 INFO  [main] SudokuBoard - Warto?? 0 wstawiona nieprawid?owo
13:21:16.873 INFO  [main] SudokuBoard - B?ad w kwadracie 0
sudoku.model.SudokuBoard@a6d4547[
  size=9
  solver=sudoku.model.BacktrackingSudokuSolver@701996e9
  board={{9,5,1,3,6,4,7,2,8},{8,7,4,2,1,9,3,5,6},{2,3,6,8,7,5,9,4,1},{3,4,7,9,5,1,2,0,0},{0,0,0,0,0,0,0,0,0},{0,0,0,0,0,0,0,0,0},{0,0,0,0,0,0,0,0,0},{0,0,0,0,0,0,0,0,0},{0,0,0,0,0,0,0,0,0}}
]
13:21:16.873 INFO  [main] SudokuBoard - Warto?? 0 wstawiona nieprawid?owo
13:21:16.873 INFO  [main] SudokuBoard - B?ad w kwadracie 0
sudoku.model.SudokuBoard@a6d4547[
  size=9
  solver=sudoku.model.BacktrackingSudokuSolver@701996e9
  board={{9,5,1,3,6,4,7,2,8},{8,7,4,2,1,9,3,5,6},{2,3,6,8,7,5,9,4,1},{3,4,7,9,5,1,0,0,0},{0,0,0,0,0,0,0,0,0},{0,0,0,0,0,0,0,0,0},{0,0,0,0,0,0,0,0,0},{0,0,0,0,0,0,0,0,0},{0,0,0,0,0,0,0,0,0}}
]
13:21:16.873 INFO  [main] SudokuBoard - Warto?? 0 wstawiona nieprawid?owo
13:21:16.873 INFO  [main] SudokuBoard - B?ad w kwadracie 0
sudoku.model.SudokuBoard@a6d4547[
  size=9
  solver=sudoku.model.BacktrackingSudokuSolver@701996e9
  board={{9,5,1,3,6,4,7,2,8},{8,7,4,2,1,9,3,5,6},{2,3,6,8,7,5,9,4,1},{3,4,7,9,5,1,6,8,2},{5,1,8,4,2,0,0,0,0},{0,0,0,0,0,0,0,0,0},{0,0,0,0,0,0,0,0,0},{0,0,0,0,0,0,0,0,0},{0,0,0,0,0,0,0,0,0}}
]
13:21:16.873 INFO  [main] SudokuBoard - Warto?? 0 wstawiona nieprawid?owo
13:21:16.874 INFO  [main] SudokuBoard - B?ad w kwadracie 0
sudoku.model.SudokuBoard@a6d4547[
  size=9
  solver=sudoku.model.BacktrackingSudokuSolver@701996e9
  board={{9,5,1,3,6,4,7,2,8},{8,7,4,2,1,9,3,5,6},{2,3,6,8,7,5,9,4,1},{3,4,7,9,5,1,6,8,2},{5,1,8,4,2,0,0,0,0},{0,0,0,0,0,0,0,0,0},{0,0,0,0,0,0,0,0,0},{0,0,0,0,0,0,0,0,0},{0,0,0,0,0,0,0,0,0}}
]
13:21:16.874 INFO  [main] SudokuBoard - Warto?? 0 wstawiona nieprawid?owo
13:21:16.874 INFO  [main] SudokuBoard - B?ad w kwadracie 0
sudoku.model.SudokuBoard@a6d4547[
  size=9
  solver=sudoku.model.BacktrackingSudokuSolver@701996e9
  board={{9,5,1,3,6,4,7,2,8},{8,7,4,2,1,9,3,5,6},{2,3,6,8,7,5,9,4,1},{3,4,7,9,5,1,6,8,2},{5,1,8,4,2,0,0,0,0},{0,0,0,0,0,0,0,0,0},{0,0,0,0,0,0,0,0,0},{0,0,0,0,0,0,0,0,0},{0,0,0,0,0,0,0,0,0}}
]
13:21:16.874 INFO  [main] SudokuBoard - Warto?? 0 wstawiona nieprawid?owo
13:21:16.877 INFO  [main] SudokuBoard - B?ad w kwadracie 0
sudoku.model.SudokuBoard@a6d4547[
  size=9
  solver=sudoku.model.BacktrackingSudokuSolver@701996e9
  board={{9,5,1,3,6,4,7,2,8},{8,7,4,2,1,9,3,5,6},{2,3,6,8,7,5,9,4,1},{3,4,7,9,5,1,6,8,2},{5,1,8,4,0,0,0,0,0},{0,0,0,0,0,0,0,0,0},{0,0,0,0,0,0,0,0,0},{0,0,0,0,0,0,0,0,0},{0,0,0,0,0,0,0,0,0}}
]
13:21:16.877 INFO  [main] SudokuBoard - Warto?? 0 wstawiona nieprawid?owo
13:21:16.877 INFO  [main] SudokuBoard - B?ad w kwadracie 0
sudoku.model.SudokuBoard@a6d4547[
  size=9
  solver=sudoku.model.BacktrackingSudokuSolver@701996e9
  board={{9,5,1,3,6,4,7,2,8},{8,7,4,2,1,9,3,5,6},{2,3,6,8,7,5,9,4,1},{3,4,7,9,5,1,6,8,2},{5,1,8,4,3,0,0,0,0},{0,0,0,0,0,0,0,0,0},{0,0,0,0,0,0,0,0,0},{0,0,0,0,0,0,0,0,0},{0,0,0,0,0,0,0,0,0}}
]
13:21:16.877 INFO  [main] SudokuBoard - Warto?? 0 wstawiona nieprawid?owo
13:21:16.878 INFO  [main] SudokuBoard - B?ad w kwadracie 0
sudoku.model.SudokuBoard@a6d4547[
  size=9
  solver=sudoku.model.BacktrackingSudokuSolver@701996e9
  board={{9,5,1,3,6,4,7,2,8},{8,7,4,2,1,9,3,5,6},{2,3,6,8,7,5,9,4,1},{3,4,7,9,5,1,6,8,2},{5,1,8,4,3,0,0,0,0},{0,0,0,0,0,0,0,0,0},{0,0,0,0,0,0,0,0,0},{0,0,0,0,0,0,0,0,0},{0,0,0,0,0,0,0,0,0}}
]
13:21:16.878 INFO  [main] SudokuBoard - Warto?? 0 wstawiona nieprawid?owo
13:21:16.878 INFO  [main] SudokuBoard - B?ad w kwadracie 0
sudoku.model.SudokuBoard@a6d4547[
  size=9
  solver=sudoku.model.BacktrackingSudokuSolver@701996e9
  board={{9,5,1,3,6,4,7,2,8},{8,7,4,2,1,9,3,5,6},{2,3,6,8,7,5,9,4,1},{3,4,7,9,5,1,6,8,2},{5,1,8,4,3,0,0,0,0},{0,0,0,0,0,0,0,0,0},{0,0,0,0,0,0,0,0,0},{0,0,0,0,0,0,0,0,0},{0,0,0,0,0,0,0,0,0}}
]
13:21:16.878 INFO  [main] SudokuBoard - Warto?? 0 wstawiona nieprawid?owo
13:21:16.878 INFO  [main] SudokuBoard - B?ad w kwadracie 0
sudoku.model.SudokuBoard@a6d4547[
  size=9
  solver=sudoku.model.BacktrackingSudokuSolver@701996e9
  board={{9,5,1,3,6,4,7,2,8},{8,7,4,2,1,9,3,5,6},{2,3,6,8,7,5,9,4,1},{3,4,7,9,5,1,6,8,2},{5,1,8,4,0,0,0,0,0},{0,0,0,0,0,0,0,0,0},{0,0,0,0,0,0,0,0,0},{0,0,0,0,0,0,0,0,0},{0,0,0,0,0,0,0,0,0}}
]
13:21:16.878 INFO  [main] SudokuBoard - Warto?? 0 wstawiona nieprawid?owo
13:21:16.878 INFO  [main] SudokuBoard - B?ad w kwadracie 0
sudoku.model.SudokuBoard@a6d4547[
  size=9
  solver=sudoku.model.BacktrackingSudokuSolver@701996e9
  board={{9,5,1,3,6,4,7,2,8},{8,7,4,2,1,9,3,5,6},{2,3,6,8,7,5,9,4,1},{3,4,7,9,5,1,6,8,2},{5,1,8,0,0,0,0,0,0},{0,0,0,0,0,0,0,0,0},{0,0,0,0,0,0,0,0,0},{0,0,0,0,0,0,0,0,0},{0,0,0,0,0,0,0,0,0}}
]
13:21:16.878 INFO  [main] SudokuBoard - Warto?? 0 wstawiona nieprawid?owo
13:21:16.878 INFO  [main] SudokuBoard - B?ad w kwadracie 0
sudoku.model.SudokuBoard@a6d4547[
  size=9
  solver=sudoku.model.BacktrackingSudokuSolver@701996e9
  board={{9,5,1,3,6,4,7,2,8},{8,7,4,2,1,9,3,5,6},{2,3,6,8,7,5,9,4,1},{3,4,7,9,5,1,6,8,2},{5,1,8,6,2,7,4,3,9},{6,9,2,4,3,8,1,7,5},{7,6,3,5,9,2,8,1,4},{1,2,9,7,8,3,5,0,0},{0,0,0,0,0,0,0,0,0}}
]
13:21:16.878 INFO  [main] SudokuBoard - Warto?? 0 wstawiona nieprawid?owo
13:21:16.879 INFO  [main] SudokuBoard - B?ad w kwadracie 0
sudoku.model.SudokuBoard@a6d4547[
  size=9
  solver=sudoku.model.BacktrackingSudokuSolver@701996e9
  board={{9,5,1,3,6,4,7,2,8},{8,7,4,2,1,9,3,5,6},{2,3,6,8,7,5,9,4,1},{3,4,7,9,5,1,6,8,2},{5,1,8,6,2,7,4,3,9},{6,9,2,4,3,8,1,7,5},{7,6,3,5,9,2,8,1,4},{1,2,9,7,8,3,0,0,0},{0,0,0,0,0,0,0,0,0}}
]
13:21:16.879 INFO  [main] SudokuBoard - Warto?? 0 wstawiona nieprawid?owo
13:21:16.879 INFO  [main] SudokuBoard - B?ad w kwadracie 0
sudoku.model.SudokuBoard@a6d4547[
  size=9
  solver=sudoku.model.BacktrackingSudokuSolver@701996e9
  board={{9,5,1,3,6,4,7,2,8},{8,7,4,2,1,9,3,5,6},{2,3,6,8,7,5,9,4,1},{3,4,7,9,5,1,6,8,2},{5,1,8,6,2,7,4,3,9},{6,9,2,4,3,8,1,7,5},{7,6,3,5,9,2,8,1,4},{1,2,9,7,8,0,0,0,0},{0,0,0,0,0,0,0,0,0}}
]
13:21:16.879 INFO  [main] SudokuBoard - Warto?? 0 wstawiona nieprawid?owo
13:21:16.879 INFO  [main] SudokuBoard - B?ad w kwadracie 0
sudoku.model.SudokuBoard@a6d4547[
  size=9
  solver=sudoku.model.BacktrackingSudokuSolver@701996e9
  board={{9,5,1,3,6,4,7,2,8},{8,7,4,2,1,9,3,5,6},{2,3,6,8,7,5,9,4,1},{3,4,7,9,5,1,6,8,2},{5,1,8,6,2,7,4,3,9},{6,9,2,4,3,8,1,7,5},{7,6,3,5,9,2,8,1,4},{1,2,9,7,8,6,0,0,0},{0,0,0,0,0,0,0,0,0}}
]
13:21:16.879 INFO  [main] SudokuBoard - Warto?? 0 wstawiona nieprawid?owo
13:21:16.879 INFO  [main] SudokuBoard - B?ad w kwadracie 0
sudoku.model.SudokuBoard@a6d4547[
  size=9
  solver=sudoku.model.BacktrackingSudokuSolver@701996e9
  board={{9,5,1,3,6,4,7,2,8},{8,7,4,2,1,9,3,5,6},{2,3,6,8,7,5,9,4,1},{3,4,7,9,5,1,6,8,2},{5,1,8,6,2,7,4,3,9},{6,9,2,4,3,8,1,7,5},{7,6,3,5,9,2,8,1,4},{1,2,9,7,8,0,0,0,0},{0,0,0,0,0,0,0,0,0}}
]
13:21:16.879 INFO  [main] SudokuBoard - Warto?? 0 wstawiona nieprawid?owo
13:21:16.879 INFO  [main] SudokuBoard - B?ad w kwadracie 0
sudoku.model.SudokuBoard@a6d4547[
  size=9
  solver=sudoku.model.BacktrackingSudokuSolver@701996e9
  board={{9,5,1,3,6,4,7,2,8},{8,7,4,2,1,9,3,5,6},{2,3,6,8,7,5,9,4,1},{3,4,7,9,5,1,6,8,2},{5,1,8,6,2,7,4,3,9},{6,9,2,4,3,8,1,7,5},{7,6,3,5,9,2,8,1,4},{1,2,9,7,0,0,0,0,0},{0,0,0,0,0,0,0,0,0}}
]
13:21:16.879 INFO  [main] SudokuBoard - Warto?? 0 wstawiona nieprawid?owo
13:21:16.880 INFO  [main] SudokuBoard - B?ad w kwadracie 0
sudoku.model.SudokuBoard@a6d4547[
  size=9
  solver=sudoku.model.BacktrackingSudokuSolver@701996e9
  board={{9,5,1,3,6,4,7,2,8},{8,7,4,2,1,9,3,5,6},{2,3,6,8,7,5,9,4,1},{3,4,7,9,5,1,6,8,2},{5,1,8,6,2,7,4,3,9},{6,9,2,4,3,8,1,7,5},{7,6,3,5,9,2,8,1,4},{1,2,9,7,4,3,5,0,0},{0,0,0,0,0,0,0,0,0}}
]
13:21:16.880 INFO  [main] SudokuBoard - Warto?? 0 wstawiona nieprawid?owo
13:21:16.880 INFO  [main] SudokuBoard - B?ad w kwadracie 0
sudoku.model.SudokuBoard@a6d4547[
  size=9
  solver=sudoku.model.BacktrackingSudokuSolver@701996e9
  board={{9,5,1,3,6,4,7,2,8},{8,7,4,2,1,9,3,5,6},{2,3,6,8,7,5,9,4,1},{3,4,7,9,5,1,6,8,2},{5,1,8,6,2,7,4,3,9},{6,9,2,4,3,8,1,7,5},{7,6,3,5,9,2,8,1,4},{1,2,9,7,4,3,0,0,0},{0,0,0,0,0,0,0,0,0}}
]
13:21:16.880 INFO  [main] SudokuBoard - Warto?? 0 wstawiona nieprawid?owo
13:21:16.880 INFO  [main] SudokuBoard - B?ad w kwadracie 0
sudoku.model.SudokuBoard@a6d4547[
  size=9
  solver=sudoku.model.BacktrackingSudokuSolver@701996e9
  board={{9,5,1,3,6,4,7,2,8},{8,7,4,2,1,9,3,5,6},{2,3,6,8,7,5,9,4,1},{3,4,7,9,5,1,6,8,2},{5,1,8,6,2,7,4,3,9},{6,9,2,4,3,8,1,7,5},{7,6,3,5,9,2,8,1,4},{1,2,9,7,4,0,0,0,0},{0,0,0,0,0,0,0,0,0}}
]
13:21:16.880 INFO  [main] SudokuBoard - Warto?? 0 wstawiona nieprawid?owo
13:21:16.880 INFO  [main] SudokuBoard - B?ad w kwadracie 0
sudoku.model.SudokuBoard@a6d4547[
  size=9
  solver=sudoku.model.BacktrackingSudokuSolver@701996e9
  board={{9,5,1,3,6,4,7,2,8},{8,7,4,2,1,9,3,5,6},{2,3,6,8,7,5,9,4,1},{3,4,7,9,5,1,6,8,2},{5,1,8,6,2,7,4,3,9},{6,9,2,4,3,8,1,7,5},{7,6,3,5,9,2,8,1,4},{1,2,9,7,4,6,0,0,0},{0,0,0,0,0,0,0,0,0}}
]
13:21:16.880 INFO  [main] SudokuBoard - Warto?? 0 wstawiona nieprawid?owo
13:21:16.880 INFO  [main] SudokuBoard - B?ad w kwadracie 0
sudoku.model.SudokuBoard@a6d4547[
  size=9
  solver=sudoku.model.BacktrackingSudokuSolver@701996e9
  board={{9,5,1,3,6,4,7,2,8},{8,7,4,2,1,9,3,5,6},{2,3,6,8,7,5,9,4,1},{3,4,7,9,5,1,6,8,2},{5,1,8,6,2,7,4,3,9},{6,9,2,4,3,8,1,7,5},{7,6,3,5,9,2,8,1,4},{1,2,9,7,4,0,0,0,0},{0,0,0,0,0,0,0,0,0}}
]
13:21:16.881 INFO  [main] SudokuBoard - Warto?? 0 wstawiona nieprawid?owo
13:21:16.881 INFO  [main] SudokuBoard - B?ad w kwadracie 0
sudoku.model.SudokuBoard@a6d4547[
  size=9
  solver=sudoku.model.BacktrackingSudokuSolver@701996e9
  board={{9,5,1,3,6,4,7,2,8},{8,7,4,2,1,9,3,5,6},{2,3,6,8,7,5,9,4,1},{3,4,7,9,5,1,6,8,2},{5,1,8,6,2,7,4,3,9},{6,9,2,4,3,8,1,7,5},{7,6,3,5,9,2,8,1,4},{1,2,9,7,0,0,0,0,0},{0,0,0,0,0,0,0,0,0}}
]
13:21:16.881 INFO  [main] SudokuBoard - Warto?? 0 wstawiona nieprawid?owo
13:21:16.881 INFO  [main] SudokuBoard - B?ad w kwadracie 0
sudoku.model.SudokuBoard@a6d4547[
  size=9
  solver=sudoku.model.BacktrackingSudokuSolver@701996e9
  board={{9,5,1,3,6,4,7,2,8},{8,7,4,2,1,9,3,5,6},{2,3,6,8,7,5,9,4,1},{3,4,7,9,5,1,6,8,2},{5,1,8,6,2,7,4,3,9},{6,9,2,4,3,8,1,7,5},{7,6,3,5,9,2,8,1,4},{1,2,9,0,0,0,0,0,0},{0,0,0,0,0,0,0,0,0}}
]
13:21:16.881 INFO  [main] SudokuBoard - Warto?? 0 wstawiona nieprawid?owo
13:21:16.881 INFO  [main] SudokuBoard - B?ad w kwadracie 0
sudoku.model.SudokuBoard@a6d4547[
  size=9
  solver=sudoku.model.BacktrackingSudokuSolver@701996e9
  board={{9,5,1,3,6,4,7,2,8},{8,7,4,2,1,9,3,5,6},{2,3,6,8,7,5,9,4,1},{3,4,7,9,5,1,6,8,2},{5,1,8,6,2,7,4,3,9},{6,9,2,4,3,8,1,7,5},{7,6,3,5,9,2,8,1,4},{1,2,0,0,0,0,0,0,0},{0,0,0,0,0,0,0,0,0}}
]
13:21:16.881 INFO  [main] SudokuBoard - Warto?? 0 wstawiona nieprawid?owo
13:21:16.881 INFO  [main] SudokuBoard - B?ad w kwadracie 0
sudoku.model.SudokuBoard@a6d4547[
  size=9
  solver=sudoku.model.BacktrackingSudokuSolver@701996e9
  board={{9,5,1,3,6,4,7,2,8},{8,7,4,2,1,9,3,5,6},{2,3,6,8,7,5,9,4,1},{3,4,7,9,5,1,6,8,2},{5,1,8,6,2,7,4,3,9},{6,9,2,4,3,8,1,7,5},{7,6,3,5,9,2,8,1,4},{1,2,5,7,4,0,0,0,0},{0,0,0,0,0,0,0,0,0}}
]
13:21:16.881 INFO  [main] SudokuBoard - Warto?? 0 wstawiona nieprawid?owo
13:21:16.881 INFO  [main] SudokuBoard - B?ad w kwadracie 0
sudoku.model.SudokuBoard@a6d4547[
  size=9
  solver=sudoku.model.BacktrackingSudokuSolver@701996e9
  board={{9,5,1,3,6,4,7,2,8},{8,7,4,2,1,9,3,5,6},{2,3,6,8,7,5,9,4,1},{3,4,7,9,5,1,6,8,2},{5,1,8,6,2,7,4,3,9},{6,9,2,4,3,8,1,7,5},{7,6,3,5,9,2,8,1,4},{1,2,5,7,4,0,0,0,0},{0,0,0,0,0,0,0,0,0}}
]
13:21:16.881 INFO  [main] SudokuBoard - Warto?? 0 wstawiona nieprawid?owo
13:21:16.882 INFO  [main] SudokuBoard - B?ad w kwadracie 0
sudoku.model.SudokuBoard@a6d4547[
  size=9
  solver=sudoku.model.BacktrackingSudokuSolver@701996e9
  board={{9,5,1,3,6,4,7,2,8},{8,7,4,2,1,9,3,5,6},{2,3,6,8,7,5,9,4,1},{3,4,7,9,5,1,6,8,2},{5,1,8,6,2,7,4,3,9},{6,9,2,4,3,8,1,7,5},{7,6,3,5,9,2,8,1,4},{1,2,5,7,0,0,0,0,0},{0,0,0,0,0,0,0,0,0}}
]
13:21:16.882 INFO  [main] SudokuBoard - Warto?? 0 wstawiona nieprawid?owo
13:21:16.882 INFO  [main] SudokuBoard - B?ad w kwadracie 0
sudoku.model.SudokuBoard@a6d4547[
  size=9
  solver=sudoku.model.BacktrackingSudokuSolver@701996e9
  board={{9,5,1,3,6,4,7,2,8},{8,7,4,2,1,9,3,5,6},{2,3,6,8,7,5,9,4,1},{3,4,7,9,5,1,6,8,2},{5,1,8,6,2,7,4,3,9},{6,9,2,4,3,8,1,7,5},{7,6,3,5,9,2,8,1,4},{1,2,5,7,8,0,0,0,0},{0,0,0,0,0,0,0,0,0}}
]
13:21:16.882 INFO  [main] SudokuBoard - Warto?? 0 wstawiona nieprawid?owo
13:21:16.882 INFO  [main] SudokuBoard - B?ad w kwadracie 0
sudoku.model.SudokuBoard@a6d4547[
  size=9
  solver=sudoku.model.BacktrackingSudokuSolver@701996e9
  board={{9,5,1,3,6,4,7,2,8},{8,7,4,2,1,9,3,5,6},{2,3,6,8,7,5,9,4,1},{3,4,7,9,5,1,6,8,2},{5,1,8,6,2,7,4,3,9},{6,9,2,4,3,8,1,7,5},{7,6,3,5,9,2,8,1,4},{1,2,5,7,8,0,0,0,0},{0,0,0,0,0,0,0,0,0}}
]
13:21:16.882 INFO  [main] SudokuBoard - Warto?? 0 wstawiona nieprawid?owo
13:21:16.882 INFO  [main] SudokuBoard - B?ad w kwadracie 0
sudoku.model.SudokuBoard@a6d4547[
  size=9
  solver=sudoku.model.BacktrackingSudokuSolver@701996e9
  board={{9,5,1,3,6,4,7,2,8},{8,7,4,2,1,9,3,5,6},{2,3,6,8,7,5,9,4,1},{3,4,7,9,5,1,6,8,2},{5,1,8,6,2,7,4,3,9},{6,9,2,4,3,8,1,7,5},{7,6,3,5,9,2,8,1,4},{1,2,5,7,0,0,0,0,0},{0,0,0,0,0,0,0,0,0}}
]
13:21:16.882 INFO  [main] SudokuBoard - Warto?? 0 wstawiona nieprawid?owo
13:21:16.882 INFO  [main] SudokuBoard - B?ad w kwadracie 0
sudoku.model.SudokuBoard@a6d4547[
  size=9
  solver=sudoku.model.BacktrackingSudokuSolver@701996e9
  board={{9,5,1,3,6,4,7,2,8},{8,7,4,2,1,9,3,5,6},{2,3,6,8,7,5,9,4,1},{3,4,7,9,5,1,6,8,2},{5,1,8,6,2,7,4,3,9},{6,9,2,4,3,8,1,7,5},{7,6,3,5,9,2,8,1,4},{1,2,5,0,0,0,0,0,0},{0,0,0,0,0,0,0,0,0}}
]
13:21:16.882 INFO  [main] SudokuBoard - Warto?? 0 wstawiona nieprawid?owo
13:21:16.882 INFO  [main] SudokuBoard - B?ad w kwadracie 0
sudoku.model.SudokuBoard@a6d4547[
  size=9
  solver=sudoku.model.BacktrackingSudokuSolver@701996e9
  board={{9,5,1,3,6,4,7,2,8},{8,7,4,2,1,9,3,5,6},{2,3,6,8,7,5,9,4,1},{3,4,7,9,5,1,6,8,2},{5,1,8,6,2,7,4,3,9},{6,9,2,4,3,8,1,7,5},{7,6,3,5,9,2,8,1,4},{1,2,0,0,0,0,0,0,0},{0,0,0,0,0,0,0,0,0}}
]
13:21:16.883 INFO  [main] SudokuBoard - Warto?? 0 wstawiona nieprawid?owo
13:21:16.883 INFO  [main] SudokuBoard - B?ad w kwadracie 0
sudoku.model.SudokuBoard@a6d4547[
  size=9
  solver=sudoku.model.BacktrackingSudokuSolver@701996e9
  board={{9,5,1,3,6,4,7,2,8},{8,7,4,2,1,9,3,5,6},{2,3,6,8,7,5,9,4,1},{3,4,7,9,5,1,6,8,2},{5,1,8,6,2,7,4,3,9},{6,9,2,4,3,8,1,7,5},{7,6,3,5,9,2,8,1,4},{1,0,0,0,0,0,0,0,0},{0,0,0,0,0,0,0,0,0}}
]
13:21:16.883 INFO  [main] SudokuBoard - Warto?? 0 wstawiona nieprawid?owo
13:21:16.883 INFO  [main] SudokuBoard - B?ad w kwadracie 0
sudoku.model.SudokuBoard@a6d4547[
  size=9
  solver=sudoku.model.BacktrackingSudokuSolver@701996e9
  board={{9,5,1,3,6,4,7,2,8},{8,7,4,2,1,9,3,5,6},{2,3,6,8,7,5,9,4,1},{3,4,7,9,5,1,6,8,2},{5,1,8,6,2,7,4,3,9},{6,9,2,4,3,8,1,7,5},{7,6,3,5,9,2,8,1,4},{1,8,9,7,4,3,5,0,0},{0,0,0,0,0,0,0,0,0}}
]
13:21:16.883 INFO  [main] SudokuBoard - Warto?? 0 wstawiona nieprawid?owo
13:21:16.883 INFO  [main] SudokuBoard - B?ad w kwadracie 0
sudoku.model.SudokuBoard@a6d4547[
  size=9
  solver=sudoku.model.BacktrackingSudokuSolver@701996e9
  board={{9,5,1,3,6,4,7,2,8},{8,7,4,2,1,9,3,5,6},{2,3,6,8,7,5,9,4,1},{3,4,7,9,5,1,6,8,2},{5,1,8,6,2,7,4,3,9},{6,9,2,4,3,8,1,7,5},{7,6,3,5,9,2,8,1,4},{1,8,9,7,4,3,0,0,0},{0,0,0,0,0,0,0,0,0}}
]
13:21:16.883 INFO  [main] SudokuBoard - Warto?? 0 wstawiona nieprawid?owo
13:21:16.884 INFO  [main] SudokuBoard - B?ad w kwadracie 0
sudoku.model.SudokuBoard@a6d4547[
  size=9
  solver=sudoku.model.BacktrackingSudokuSolver@701996e9
  board={{9,5,1,3,6,4,7,2,8},{8,7,4,2,1,9,3,5,6},{2,3,6,8,7,5,9,4,1},{3,4,7,9,5,1,6,8,2},{5,1,8,6,2,7,4,3,9},{6,9,2,4,3,8,1,7,5},{7,6,3,5,9,2,8,1,4},{1,8,9,7,4,3,2,0,0},{0,0,0,0,0,0,0,0,0}}
]
13:21:16.884 INFO  [main] SudokuBoard - Warto?? 0 wstawiona nieprawid?owo
13:21:16.884 INFO  [main] SudokuBoard - B?ad w kwadracie 0
sudoku.model.SudokuBoard@a6d4547[
  size=9
  solver=sudoku.model.BacktrackingSudokuSolver@701996e9
  board={{9,5,1,3,6,4,7,2,8},{8,7,4,2,1,9,3,5,6},{2,3,6,8,7,5,9,4,1},{3,4,7,9,5,1,6,8,2},{5,1,8,6,2,7,4,3,9},{6,9,2,4,3,8,1,7,5},{7,6,3,5,9,2,8,1,4},{1,8,9,7,4,3,0,0,0},{0,0,0,0,0,0,0,0,0}}
]
13:21:16.884 INFO  [main] SudokuBoard - Warto?? 0 wstawiona nieprawid?owo
13:21:16.884 INFO  [main] SudokuBoard - B?ad w kwadracie 0
sudoku.model.SudokuBoard@a6d4547[
  size=9
  solver=sudoku.model.BacktrackingSudokuSolver@701996e9
  board={{9,5,1,3,6,4,7,2,8},{8,7,4,2,1,9,3,5,6},{2,3,6,8,7,5,9,4,1},{3,4,7,9,5,1,6,8,2},{5,1,8,6,2,7,4,3,9},{6,9,2,4,3,8,1,7,5},{7,6,3,5,9,2,8,1,4},{1,8,9,7,4,0,0,0,0},{0,0,0,0,0,0,0,0,0}}
]
13:21:16.884 INFO  [main] SudokuBoard - Warto?? 0 wstawiona nieprawid?owo
13:21:16.884 INFO  [main] SudokuBoard - B?ad w kwadracie 0
sudoku.model.SudokuBoard@a6d4547[
  size=9
  solver=sudoku.model.BacktrackingSudokuSolver@701996e9
  board={{9,5,1,3,6,4,7,2,8},{8,7,4,2,1,9,3,5,6},{2,3,6,8,7,5,9,4,1},{3,4,7,9,5,1,6,8,2},{5,1,8,6,2,7,4,3,9},{6,9,2,4,3,8,1,7,5},{7,6,3,5,9,2,8,1,4},{1,8,9,7,4,6,0,0,0},{0,0,0,0,0,0,0,0,0}}
]
13:21:16.885 INFO  [main] SudokuBoard - Warto?? 0 wstawiona nieprawid?owo
13:21:16.885 INFO  [main] SudokuBoard - B?ad w kwadracie 0
sudoku.model.SudokuBoard@a6d4547[
  size=9
  solver=sudoku.model.BacktrackingSudokuSolver@701996e9
  board={{9,5,1,3,6,4,7,2,8},{8,7,4,2,1,9,3,5,6},{2,3,6,8,7,5,9,4,1},{3,4,7,9,5,1,6,8,2},{5,1,8,6,2,7,4,3,9},{6,9,2,4,3,8,1,7,5},{7,6,3,5,9,2,8,1,4},{1,8,9,7,4,6,0,0,0},{0,0,0,0,0,0,0,0,0}}
]
13:21:16.885 INFO  [main] SudokuBoard - Warto?? 0 wstawiona nieprawid?owo
13:21:16.885 INFO  [main] SudokuBoard - B?ad w kwadracie 0
sudoku.model.SudokuBoard@a6d4547[
  size=9
  solver=sudoku.model.BacktrackingSudokuSolver@701996e9
  board={{9,5,1,3,6,4,7,2,8},{8,7,4,2,1,9,3,5,6},{2,3,6,8,7,5,9,4,1},{3,4,7,9,5,1,6,8,2},{5,1,8,6,2,7,4,3,9},{6,9,2,4,3,8,1,7,5},{7,6,3,5,9,2,8,1,4},{1,8,9,7,4,0,0,0,0},{0,0,0,0,0,0,0,0,0}}
]
13:21:16.885 INFO  [main] SudokuBoard - Warto?? 0 wstawiona nieprawid?owo
13:21:16.886 INFO  [main] SudokuBoard - B?ad w kwadracie 0
sudoku.model.SudokuBoard@a6d4547[
  size=9
  solver=sudoku.model.BacktrackingSudokuSolver@701996e9
  board={{9,5,1,3,6,4,7,2,8},{8,7,4,2,1,9,3,5,6},{2,3,6,8,7,5,9,4,1},{3,4,7,9,5,1,6,8,2},{5,1,8,6,2,7,4,3,9},{6,9,2,4,3,8,1,7,5},{7,6,3,5,9,2,8,1,4},{1,8,9,7,0,0,0,0,0},{0,0,0,0,0,0,0,0,0}}
]
13:21:16.886 INFO  [main] SudokuBoard - Warto?? 0 wstawiona nieprawid?owo
13:21:16.886 INFO  [main] SudokuBoard - B?ad w kwadracie 0
sudoku.model.SudokuBoard@a6d4547[
  size=9
  solver=sudoku.model.BacktrackingSudokuSolver@701996e9
  board={{9,5,1,3,6,4,7,2,8},{8,7,4,2,1,9,3,5,6},{2,3,6,8,7,5,9,4,1},{3,4,7,9,5,1,6,8,2},{5,1,8,6,2,7,4,3,9},{6,9,2,4,3,8,1,7,5},{7,6,3,5,9,2,8,1,4},{1,8,9,0,0,0,0,0,0},{0,0,0,0,0,0,0,0,0}}
]
13:21:16.886 INFO  [main] SudokuBoard - Warto?? 0 wstawiona nieprawid?owo
13:21:16.886 INFO  [main] SudokuBoard - B?ad w kwadracie 0
sudoku.model.SudokuBoard@a6d4547[
  size=9
  solver=sudoku.model.BacktrackingSudokuSolver@701996e9
  board={{9,5,1,3,6,4,7,2,8},{8,7,4,2,1,9,3,5,6},{2,3,6,8,7,5,9,4,1},{3,4,7,9,5,1,6,8,2},{5,1,8,6,2,7,4,3,9},{6,9,2,4,3,8,1,7,5},{7,6,3,5,9,2,8,1,4},{1,8,0,0,0,0,0,0,0},{0,0,0,0,0,0,0,0,0}}
]
13:21:16.886 INFO  [main] SudokuBoard - Warto?? 0 wstawiona nieprawid?owo
13:21:16.886 INFO  [main] SudokuBoard - B?ad w kwadracie 0
sudoku.model.SudokuBoard@a6d4547[
  size=9
  solver=sudoku.model.BacktrackingSudokuSolver@701996e9
  board={{9,5,1,3,6,4,7,2,8},{8,7,4,2,1,9,3,5,6},{2,3,6,8,7,5,9,4,1},{3,4,7,9,5,1,6,8,2},{5,1,8,6,2,7,4,3,9},{6,9,2,4,3,8,1,7,5},{7,6,3,5,9,2,8,1,4},{1,8,5,7,4,3,2,0,0},{0,0,0,0,0,0,0,0,0}}
]
13:21:16.887 INFO  [main] SudokuBoard - Warto?? 0 wstawiona nieprawid?owo
13:21:16.887 INFO  [main] SudokuBoard - B?ad w kwadracie 0
sudoku.model.SudokuBoard@a6d4547[
  size=9
  solver=sudoku.model.BacktrackingSudokuSolver@701996e9
  board={{9,5,1,3,6,4,7,2,8},{8,7,4,2,1,9,3,5,6},{2,3,6,8,7,5,9,4,1},{3,4,7,9,5,1,6,8,2},{5,1,8,6,2,7,4,3,9},{6,9,2,4,3,8,1,7,5},{7,6,3,5,9,2,8,1,4},{1,8,5,7,4,3,2,0,0},{0,0,0,0,0,0,0,0,0}}
]
13:21:16.887 INFO  [main] SudokuBoard - Warto?? 0 wstawiona nieprawid?owo
13:21:16.887 INFO  [main] SudokuBoard - B?ad w kwadracie 0
sudoku.model.SudokuBoard@a6d4547[
  size=9
  solver=sudoku.model.BacktrackingSudokuSolver@701996e9
  board={{9,5,1,3,6,4,7,2,8},{8,7,4,2,1,9,3,5,6},{2,3,6,8,7,5,9,4,1},{3,4,7,9,5,1,6,8,2},{5,1,8,6,2,7,4,3,9},{6,9,2,4,3,8,1,7,5},{7,6,3,5,9,2,8,1,4},{1,8,5,7,4,3,0,0,0},{0,0,0,0,0,0,0,0,0}}
]
13:21:16.887 INFO  [main] SudokuBoard - Warto?? 0 wstawiona nieprawid?owo
13:21:16.887 INFO  [main] SudokuBoard - B?ad w kwadracie 0
sudoku.model.SudokuBoard@a6d4547[
  size=9
  solver=sudoku.model.BacktrackingSudokuSolver@701996e9
  board={{9,5,1,3,6,4,7,2,8},{8,7,4,2,1,9,3,5,6},{2,3,6,8,7,5,9,4,1},{3,4,7,9,5,1,6,8,2},{5,1,8,6,2,7,4,3,9},{6,9,2,4,3,8,1,7,5},{7,6,3,5,9,2,8,1,4},{1,8,5,7,4,0,0,0,0},{0,0,0,0,0,0,0,0,0}}
]
13:21:16.887 INFO  [main] SudokuBoard - Warto?? 0 wstawiona nieprawid?owo
13:21:16.892 INFO  [main] SudokuBoard - B?ad w kwadracie 0
sudoku.model.SudokuBoard@23263586[
  size=9
  solver=sudoku.model.BacktrackingSudokuSolver@4e2ad1f2
  board={{8,4,9,1,5,2,3,6,7},{1,5,2,3,7,8,4,0,0},{0,0,0,0,0,0,0,0,0},{0,0,0,0,0,0,0,0,0},{0,0,0,0,0,0,0,0,0},{0,0,0,0,0,0,0,0,0},{0,0,0,0,0,0,0,0,0},{0,0,0,0,0,0,0,0,0},{0,0,0,0,0,0,0,0,0}}
]
13:21:16.892 INFO  [main] SudokuBoard - Warto?? 0 wstawiona nieprawid?owo
13:21:16.892 INFO  [main] SudokuBoard - B?ad w kwadracie 0
sudoku.model.SudokuBoard@23263586[
  size=9
  solver=sudoku.model.BacktrackingSudokuSolver@4e2ad1f2
  board={{8,4,9,1,5,2,3,6,7},{1,5,2,3,7,8,0,0,0},{0,0,0,0,0,0,0,0,0},{0,0,0,0,0,0,0,0,0},{0,0,0,0,0,0,0,0,0},{0,0,0,0,0,0,0,0,0},{0,0,0,0,0,0,0,0,0},{0,0,0,0,0,0,0,0,0},{0,0,0,0,0,0,0,0,0}}
]
13:21:16.892 INFO  [main] SudokuBoard - Warto?? 0 wstawiona nieprawid?owo
13:21:16.892 INFO  [main] SudokuBoard - B?ad w kwadracie 0
sudoku.model.SudokuBoard@23263586[
  size=9
  solver=sudoku.model.BacktrackingSudokuSolver@4e2ad1f2
  board={{8,4,9,1,5,2,3,6,7},{1,5,2,3,7,8,9,0,0},{0,0,0,0,0,0,0,0,0},{0,0,0,0,0,0,0,0,0},{0,0,0,0,0,0,0,0,0},{0,0,0,0,0,0,0,0,0},{0,0,0,0,0,0,0,0,0},{0,0,0,0,0,0,0,0,0},{0,0,0,0,0,0,0,0,0}}
]
13:21:16.892 INFO  [main] SudokuBoard - Warto?? 0 wstawiona nieprawid?owo
13:21:16.892 INFO  [main] SudokuBoard - B?ad w kwadracie 0
sudoku.model.SudokuBoard@23263586[
  size=9
  solver=sudoku.model.BacktrackingSudokuSolver@4e2ad1f2
  board={{8,4,9,1,5,2,3,6,7},{1,5,2,3,7,8,0,0,0},{0,0,0,0,0,0,0,0,0},{0,0,0,0,0,0,0,0,0},{0,0,0,0,0,0,0,0,0},{0,0,0,0,0,0,0,0,0},{0,0,0,0,0,0,0,0,0},{0,0,0,0,0,0,0,0,0},{0,0,0,0,0,0,0,0,0}}
]
13:21:16.892 INFO  [main] SudokuBoard - Warto?? 0 wstawiona nieprawid?owo
13:21:16.893 INFO  [main] SudokuBoard - B?ad w kwadracie 0
sudoku.model.SudokuBoard@23263586[
  size=9
  solver=sudoku.model.BacktrackingSudokuSolver@4e2ad1f2
  board={{8,4,9,1,5,2,3,6,7},{1,5,2,3,7,0,0,0,0},{0,0,0,0,0,0,0,0,0},{0,0,0,0,0,0,0,0,0},{0,0,0,0,0,0,0,0,0},{0,0,0,0,0,0,0,0,0},{0,0,0,0,0,0,0,0,0},{0,0,0,0,0,0,0,0,0},{0,0,0,0,0,0,0,0,0}}
]
13:21:16.893 INFO  [main] SudokuBoard - Warto?? 0 wstawiona nieprawid?owo
13:21:16.893 INFO  [main] SudokuBoard - B?ad w kwadracie 0
sudoku.model.SudokuBoard@23263586[
  size=9
  solver=sudoku.model.BacktrackingSudokuSolver@4e2ad1f2
  board={{8,4,9,1,5,2,3,6,7},{1,5,2,3,7,9,8,0,0},{0,0,0,0,0,0,0,0,0},{0,0,0,0,0,0,0,0,0},{0,0,0,0,0,0,0,0,0},{0,0,0,0,0,0,0,0,0},{0,0,0,0,0,0,0,0,0},{0,0,0,0,0,0,0,0,0},{0,0,0,0,0,0,0,0,0}}
]
13:21:16.893 INFO  [main] SudokuBoard - Warto?? 0 wstawiona nieprawid?owo
13:21:16.893 INFO  [main] SudokuBoard - B?ad w kwadracie 0
sudoku.model.SudokuBoard@23263586[
  size=9
  solver=sudoku.model.BacktrackingSudokuSolver@4e2ad1f2
  board={{8,4,9,1,5,2,3,6,7},{1,5,2,3,7,9,0,0,0},{0,0,0,0,0,0,0,0,0},{0,0,0,0,0,0,0,0,0},{0,0,0,0,0,0,0,0,0},{0,0,0,0,0,0,0,0,0},{0,0,0,0,0,0,0,0,0},{0,0,0,0,0,0,0,0,0},{0,0,0,0,0,0,0,0,0}}
]
13:21:16.893 INFO  [main] SudokuBoard - Warto?? 0 wstawiona nieprawid?owo
13:21:16.894 INFO  [main] SudokuBoard - B?ad w kwadracie 0
sudoku.model.SudokuBoard@23263586[
  size=9
  solver=sudoku.model.BacktrackingSudokuSolver@4e2ad1f2
  board={{8,4,9,1,5,2,3,6,7},{1,5,2,3,7,9,4,0,0},{0,0,0,0,0,0,0,0,0},{0,0,0,0,0,0,0,0,0},{0,0,0,0,0,0,0,0,0},{0,0,0,0,0,0,0,0,0},{0,0,0,0,0,0,0,0,0},{0,0,0,0,0,0,0,0,0},{0,0,0,0,0,0,0,0,0}}
]
13:21:16.894 INFO  [main] SudokuBoard - Warto?? 0 wstawiona nieprawid?owo
13:21:16.894 INFO  [main] SudokuBoard - B?ad w kwadracie 0
sudoku.model.SudokuBoard@23263586[
  size=9
  solver=sudoku.model.BacktrackingSudokuSolver@4e2ad1f2
  board={{8,4,9,1,5,2,3,6,7},{1,5,2,3,7,9,0,0,0},{0,0,0,0,0,0,0,0,0},{0,0,0,0,0,0,0,0,0},{0,0,0,0,0,0,0,0,0},{0,0,0,0,0,0,0,0,0},{0,0,0,0,0,0,0,0,0},{0,0,0,0,0,0,0,0,0},{0,0,0,0,0,0,0,0,0}}
]
13:21:16.894 INFO  [main] SudokuBoard - Warto?? 0 wstawiona nieprawid?owo
13:21:16.894 INFO  [main] SudokuBoard - B?ad w kwadracie 0
sudoku.model.SudokuBoard@23263586[
  size=9
  solver=sudoku.model.BacktrackingSudokuSolver@4e2ad1f2
  board={{8,4,9,1,5,2,3,6,7},{1,5,2,3,7,0,0,0,0},{0,0,0,0,0,0,0,0,0},{0,0,0,0,0,0,0,0,0},{0,0,0,0,0,0,0,0,0},{0,0,0,0,0,0,0,0,0},{0,0,0,0,0,0,0,0,0},{0,0,0,0,0,0,0,0,0},{0,0,0,0,0,0,0,0,0}}
]
13:21:16.894 INFO  [main] SudokuBoard - Warto?? 0 wstawiona nieprawid?owo
13:21:16.894 INFO  [main] SudokuBoard - B?ad w kwadracie 0
sudoku.model.SudokuBoard@23263586[
  size=9
  solver=sudoku.model.BacktrackingSudokuSolver@4e2ad1f2
  board={{8,4,9,1,5,2,3,6,7},{1,5,2,3,7,4,9,0,0},{0,0,0,0,0,0,0,0,0},{0,0,0,0,0,0,0,0,0},{0,0,0,0,0,0,0,0,0},{0,0,0,0,0,0,0,0,0},{0,0,0,0,0,0,0,0,0},{0,0,0,0,0,0,0,0,0},{0,0,0,0,0,0,0,0,0}}
]
13:21:16.894 INFO  [main] SudokuBoard - Warto?? 0 wstawiona nieprawid?owo
13:21:16.895 INFO  [main] SudokuBoard - B?ad w kwadracie 0
sudoku.model.SudokuBoard@23263586[
  size=9
  solver=sudoku.model.BacktrackingSudokuSolver@4e2ad1f2
  board={{8,4,9,1,5,2,3,6,7},{1,5,2,3,7,4,0,0,0},{0,0,0,0,0,0,0,0,0},{0,0,0,0,0,0,0,0,0},{0,0,0,0,0,0,0,0,0},{0,0,0,0,0,0,0,0,0},{0,0,0,0,0,0,0,0,0},{0,0,0,0,0,0,0,0,0},{0,0,0,0,0,0,0,0,0}}
]
13:21:16.895 INFO  [main] SudokuBoard - Warto?? 0 wstawiona nieprawid?owo
13:21:16.895 INFO  [main] SudokuBoard - B?ad w kwadracie 0
sudoku.model.SudokuBoard@23263586[
  size=9
  solver=sudoku.model.BacktrackingSudokuSolver@4e2ad1f2
  board={{8,4,9,1,5,2,3,6,7},{1,5,2,3,7,4,8,0,0},{0,0,0,0,0,0,0,0,0},{0,0,0,0,0,0,0,0,0},{0,0,0,0,0,0,0,0,0},{0,0,0,0,0,0,0,0,0},{0,0,0,0,0,0,0,0,0},{0,0,0,0,0,0,0,0,0},{0,0,0,0,0,0,0,0,0}}
]
13:21:16.895 INFO  [main] SudokuBoard - Warto?? 0 wstawiona nieprawid?owo
13:21:16.895 INFO  [main] SudokuBoard - B?ad w kwadracie 0
sudoku.model.SudokuBoard@23263586[
  size=9
  solver=sudoku.model.BacktrackingSudokuSolver@4e2ad1f2
  board={{8,4,9,1,5,2,3,6,7},{1,5,2,3,7,4,0,0,0},{0,0,0,0,0,0,0,0,0},{0,0,0,0,0,0,0,0,0},{0,0,0,0,0,0,0,0,0},{0,0,0,0,0,0,0,0,0},{0,0,0,0,0,0,0,0,0},{0,0,0,0,0,0,0,0,0},{0,0,0,0,0,0,0,0,0}}
]
13:21:16.895 INFO  [main] SudokuBoard - Warto?? 0 wstawiona nieprawid?owo
13:21:16.895 INFO  [main] SudokuBoard - B?ad w kwadracie 0
sudoku.model.SudokuBoard@23263586[
  size=9
  solver=sudoku.model.BacktrackingSudokuSolver@4e2ad1f2
  board={{8,4,9,1,5,2,3,6,7},{1,5,2,3,7,0,0,0,0},{0,0,0,0,0,0,0,0,0},{0,0,0,0,0,0,0,0,0},{0,0,0,0,0,0,0,0,0},{0,0,0,0,0,0,0,0,0},{0,0,0,0,0,0,0,0,0},{0,0,0,0,0,0,0,0,0},{0,0,0,0,0,0,0,0,0}}
]
13:21:16.895 INFO  [main] SudokuBoard - Warto?? 0 wstawiona nieprawid?owo
13:21:16.895 INFO  [main] SudokuBoard - B?ad w kwadracie 0
sudoku.model.SudokuBoard@23263586[
  size=9
  solver=sudoku.model.BacktrackingSudokuSolver@4e2ad1f2
  board={{8,4,9,1,5,2,3,6,7},{1,5,2,3,7,6,4,8,9},{6,7,3,9,8,4,1,5,2},{2,8,4,7,9,1,5,3,6},{9,3,1,5,4,8,7,0,0},{0,0,0,0,0,0,0,0,0},{0,0,0,0,0,0,0,0,0},{0,0,0,0,0,0,0,0,0},{0,0,0,0,0,0,0,0,0}}
]
13:21:16.895 INFO  [main] SudokuBoard - Warto?? 0 wstawiona nieprawid?owo
13:21:16.896 INFO  [main] SudokuBoard - B?ad w kwadracie 0
sudoku.model.SudokuBoard@23263586[
  size=9
  solver=sudoku.model.BacktrackingSudokuSolver@4e2ad1f2
  board={{8,4,9,1,5,2,3,6,7},{1,5,2,3,7,6,4,8,9},{6,7,3,9,8,4,1,5,2},{2,8,4,7,9,1,5,3,6},{9,3,1,5,4,8,0,0,0},{0,0,0,0,0,0,0,0,0},{0,0,0,0,0,0,0,0,0},{0,0,0,0,0,0,0,0,0},{0,0,0,0,0,0,0,0,0}}
]
13:21:16.896 INFO  [main] SudokuBoard - Warto?? 0 wstawiona nieprawid?owo
13:21:16.896 INFO  [main] SudokuBoard - B?ad w kwadracie 0
sudoku.model.SudokuBoard@23263586[
  size=9
  solver=sudoku.model.BacktrackingSudokuSolver@4e2ad1f2
  board={{8,4,9,1,5,2,3,6,7},{1,5,2,3,7,6,4,8,9},{6,7,3,9,8,4,1,5,2},{2,8,4,7,9,1,5,3,6},{9,3,1,5,4,8,2,0,0},{0,0,0,0,0,0,0,0,0},{0,0,0,0,0,0,0,0,0},{0,0,0,0,0,0,0,0,0},{0,0,0,0,0,0,0,0,0}}
]
13:21:16.896 INFO  [main] SudokuBoard - Warto?? 0 wstawiona nieprawid?owo
13:21:16.896 INFO  [main] SudokuBoard - B?ad w kwadracie 0
sudoku.model.SudokuBoard@23263586[
  size=9
  solver=sudoku.model.BacktrackingSudokuSolver@4e2ad1f2
  board={{8,4,9,1,5,2,3,6,7},{1,5,2,3,7,6,4,8,9},{6,7,3,9,8,4,1,5,2},{2,8,4,7,9,1,5,3,6},{9,3,1,5,4,8,0,0,0},{0,0,0,0,0,0,0,0,0},{0,0,0,0,0,0,0,0,0},{0,0,0,0,0,0,0,0,0},{0,0,0,0,0,0,0,0,0}}
]
13:21:16.896 INFO  [main] SudokuBoard - Warto?? 0 wstawiona nieprawid?owo
13:21:16.896 INFO  [main] SudokuBoard - B?ad w kwadracie 0
sudoku.model.SudokuBoard@23263586[
  size=9
  solver=sudoku.model.BacktrackingSudokuSolver@4e2ad1f2
  board={{8,4,9,1,5,2,3,6,7},{1,5,2,3,7,6,4,8,9},{6,7,3,9,8,4,1,5,2},{2,8,4,7,9,1,5,3,6},{9,3,1,5,4,0,0,0,0},{0,0,0,0,0,0,0,0,0},{0,0,0,0,0,0,0,0,0},{0,0,0,0,0,0,0,0,0},{0,0,0,0,0,0,0,0,0}}
]
13:21:16.896 INFO  [main] SudokuBoard - Warto?? 0 wstawiona nieprawid?owo
13:21:16.897 INFO  [main] SudokuBoard - B?ad w kwadracie 0
sudoku.model.SudokuBoard@23263586[
  size=9
  solver=sudoku.model.BacktrackingSudokuSolver@4e2ad1f2
  board={{8,4,9,1,5,2,3,6,7},{1,5,2,3,7,6,4,8,9},{6,7,3,9,8,4,1,5,2},{2,8,4,7,9,1,5,3,6},{9,3,1,5,0,0,0,0,0},{0,0,0,0,0,0,0,0,0},{0,0,0,0,0,0,0,0,0},{0,0,0,0,0,0,0,0,0},{0,0,0,0,0,0,0,0,0}}
]
13:21:16.897 INFO  [main] SudokuBoard - Warto?? 0 wstawiona nieprawid?owo
13:21:16.897 INFO  [main] SudokuBoard - B?ad w kwadracie 0
sudoku.model.SudokuBoard@23263586[
  size=9
  solver=sudoku.model.BacktrackingSudokuSolver@4e2ad1f2
  board={{8,4,9,1,5,2,3,6,7},{1,5,2,3,7,6,4,8,9},{6,7,3,9,8,4,1,5,2},{2,8,4,7,9,1,5,3,6},{9,3,1,5,6,8,2,7,4},{7,6,5,2,0,0,0,0,0},{0,0,0,0,0,0,0,0,0},{0,0,0,0,0,0,0,0,0},{0,0,0,0,0,0,0,0,0}}
]
13:21:16.897 INFO  [main] SudokuBoard - Warto?? 0 wstawiona nieprawid?owo
13:21:16.897 INFO  [main] SudokuBoard - B?ad w kwadracie 0
sudoku.model.SudokuBoard@23263586[
  size=9
  solver=sudoku.model.BacktrackingSudokuSolver@4e2ad1f2
  board={{8,4,9,1,5,2,3,6,7},{1,5,2,3,7,6,4,8,9},{6,7,3,9,8,4,1,5,2},{2,8,4,7,9,1,5,3,6},{9,3,1,5,6,8,2,7,4},{7,6,5,2,4,3,8,9,1},{4,1,6,8,2,5,0,0,0},{0,0,0,0,0,0,0,0,0},{0,0,0,0,0,0,0,0,0}}
]
13:21:16.897 INFO  [main] SudokuBoard - Warto?? 0 wstawiona nieprawid?owo
13:21:16.898 INFO  [main] SudokuBoard - B?ad w kwadracie 0
sudoku.model.SudokuBoard@23263586[
  size=9
  solver=sudoku.model.BacktrackingSudokuSolver@4e2ad1f2
  board={{8,4,9,1,5,2,3,6,7},{1,5,2,3,7,6,4,8,9},{6,7,3,9,8,4,1,5,2},{2,8,4,7,9,1,5,3,6},{9,3,1,5,6,8,2,7,4},{7,6,5,2,4,3,8,9,1},{4,1,6,8,2,5,0,0,0},{0,0,0,0,0,0,0,0,0},{0,0,0,0,0,0,0,0,0}}
]
13:21:16.898 INFO  [main] SudokuBoard - Warto?? 0 wstawiona nieprawid?owo
13:21:16.898 INFO  [main] SudokuBoard - B?ad w kwadracie 0
sudoku.model.SudokuBoard@23263586[
  size=9
  solver=sudoku.model.BacktrackingSudokuSolver@4e2ad1f2
  board={{8,4,9,1,5,2,3,6,7},{1,5,2,3,7,6,4,8,9},{6,7,3,9,8,4,1,5,2},{2,8,4,7,9,1,5,3,6},{9,3,1,5,6,8,2,7,4},{7,6,5,2,4,3,8,9,1},{4,1,6,8,2,0,0,0,0},{0,0,0,0,0,0,0,0,0},{0,0,0,0,0,0,0,0,0}}
]
13:21:16.898 INFO  [main] SudokuBoard - Warto?? 0 wstawiona nieprawid?owo
13:21:16.898 INFO  [main] SudokuBoard - B?ad w kwadracie 0
sudoku.model.SudokuBoard@23263586[
  size=9
  solver=sudoku.model.BacktrackingSudokuSolver@4e2ad1f2
  board={{8,4,9,1,5,2,3,6,7},{1,5,2,3,7,6,4,8,9},{6,7,3,9,8,4,1,5,2},{2,8,4,7,9,1,5,3,6},{9,3,1,5,6,8,2,7,4},{7,6,5,2,4,3,8,9,1},{4,1,6,8,2,7,0,0,0},{0,0,0,0,0,0,0,0,0},{0,0,0,0,0,0,0,0,0}}
]
13:21:16.898 INFO  [main] SudokuBoard - Warto?? 0 wstawiona nieprawid?owo
13:21:16.898 INFO  [main] SudokuBoard - B?ad w kwadracie 0
sudoku.model.SudokuBoard@23263586[
  size=9
  solver=sudoku.model.BacktrackingSudokuSolver@4e2ad1f2
  board={{8,4,9,1,5,2,3,6,7},{1,5,2,3,7,6,4,8,9},{6,7,3,9,8,4,1,5,2},{2,8,4,7,9,1,5,3,6},{9,3,1,5,6,8,2,7,4},{7,6,5,2,4,3,8,9,1},{4,1,6,8,2,0,0,0,0},{0,0,0,0,0,0,0,0,0},{0,0,0,0,0,0,0,0,0}}
]
13:21:16.898 INFO  [main] SudokuBoard - Warto?? 0 wstawiona nieprawid?owo
13:21:16.899 INFO  [main] SudokuBoard - B?ad w kwadracie 0
sudoku.model.SudokuBoard@23263586[
  size=9
  solver=sudoku.model.BacktrackingSudokuSolver@4e2ad1f2
  board={{8,4,9,1,5,2,3,6,7},{1,5,2,3,7,6,4,8,9},{6,7,3,9,8,4,1,5,2},{2,8,4,7,9,1,5,3,6},{9,3,1,5,6,8,2,7,4},{7,6,5,2,4,3,8,9,1},{4,1,6,8,2,9,0,0,0},{0,0,0,0,0,0,0,0,0},{0,0,0,0,0,0,0,0,0}}
]
13:21:16.899 INFO  [main] SudokuBoard - Warto?? 0 wstawiona nieprawid?owo
13:21:16.899 INFO  [main] SudokuBoard - B?ad w kwadracie 0
sudoku.model.SudokuBoard@23263586[
  size=9
  solver=sudoku.model.BacktrackingSudokuSolver@4e2ad1f2
  board={{8,4,9,1,5,2,3,6,7},{1,5,2,3,7,6,4,8,9},{6,7,3,9,8,4,1,5,2},{2,8,4,7,9,1,5,3,6},{9,3,1,5,6,8,2,7,4},{7,6,5,2,4,3,8,9,1},{4,1,6,8,2,0,0,0,0},{0,0,0,0,0,0,0,0,0},{0,0,0,0,0,0,0,0,0}}
]
13:21:16.899 INFO  [main] SudokuBoard - Warto?? 0 wstawiona nieprawid?owo
13:21:16.899 INFO  [main] SudokuBoard - B?ad w kwadracie 0
sudoku.model.SudokuBoard@23263586[
  size=9
  solver=sudoku.model.BacktrackingSudokuSolver@4e2ad1f2
  board={{8,4,9,1,5,2,3,6,7},{1,5,2,3,7,6,4,8,9},{6,7,3,9,8,4,1,5,2},{2,8,4,7,9,1,5,3,6},{9,3,1,5,6,8,2,7,4},{7,6,5,2,4,3,8,9,1},{4,1,6,8,0,0,0,0,0},{0,0,0,0,0,0,0,0,0},{0,0,0,0,0,0,0,0,0}}
]
13:21:16.899 INFO  [main] SudokuBoard - Warto?? 0 wstawiona nieprawid?owo
13:21:16.900 INFO  [main] SudokuBoard - B?ad w kwadracie 0
sudoku.model.SudokuBoard@23263586[
  size=9
  solver=sudoku.model.BacktrackingSudokuSolver@4e2ad1f2
  board={{8,4,9,1,5,2,3,6,7},{1,5,2,3,7,6,4,8,9},{6,7,3,9,8,4,1,5,2},{2,8,4,7,9,1,5,3,6},{9,3,1,5,6,8,2,7,4},{7,6,5,2,4,3,8,9,1},{4,1,6,8,3,9,7,2,5},{3,9,7,4,1,5,0,0,0},{0,0,0,0,0,0,0,0,0}}
]
13:21:16.900 INFO  [main] SudokuBoard - Warto?? 0 wstawiona nieprawid?owo
13:21:16.900 INFO  [main] SudokuBoard - B?ad w kwadracie 0
sudoku.model.SudokuBoard@23263586[
  size=9
  solver=sudoku.model.BacktrackingSudokuSolver@4e2ad1f2
  board={{8,4,9,1,5,2,3,6,7},{1,5,2,3,7,6,4,8,9},{6,7,3,9,8,4,1,5,2},{2,8,4,7,9,1,5,3,6},{9,3,1,5,6,8,2,7,4},{7,6,5,2,4,3,8,9,1},{4,1,6,8,3,9,7,2,5},{3,9,7,4,1,0,0,0,0},{0,0,0,0,0,0,0,0,0}}
]
13:21:16.900 INFO  [main] SudokuBoard - Warto?? 0 wstawiona nieprawid?owo
13:21:16.900 INFO  [main] SudokuBoard - B?ad w kwadracie 0
sudoku.model.SudokuBoard@23263586[
  size=9
  solver=sudoku.model.BacktrackingSudokuSolver@4e2ad1f2
  board={{8,4,9,1,5,2,3,6,7},{1,5,2,3,7,6,4,8,9},{6,7,3,9,8,4,1,5,2},{2,8,4,7,9,1,5,3,6},{9,3,1,5,6,8,2,7,4},{7,6,5,2,4,3,8,9,1},{4,1,6,8,3,9,7,2,5},{3,9,7,4,0,0,0,0,0},{0,0,0,0,0,0,0,0,0}}
]
13:21:16.900 INFO  [main] SudokuBoard - Warto?? 0 wstawiona nieprawid?owo
]]></system-out>
  </testcase>
  <testcase name="testToString" classname="sudoku.model.SeriesTest" time="0.027">
    <system-out><![CDATA[13:21:16.909 INFO  [main] SudokuBoard - B?ad w kwadracie 0
sudoku.model.SudokuBoard@40477d52[
  size=9
  solver=sudoku.model.BacktrackingSudokuSolver@2a1be9f8
  board={{5,1,4,2,8,9,6,7,3},{6,2,3,5,4,7,8,9,1},{9,8,7,1,3,6,2,4,5},{7,4,6,8,9,1,5,0,0},{0,0,0,0,0,0,0,0,0},{0,0,0,0,0,0,0,0,0},{0,0,0,0,0,0,0,0,0},{0,0,0,0,0,0,0,0,0},{0,0,0,0,0,0,0,0,0}}
]
13:21:16.909 INFO  [main] SudokuBoard - Warto?? 0 wstawiona nieprawid?owo
13:21:16.909 INFO  [main] SudokuBoard - B?ad w kwadracie 0
sudoku.model.SudokuBoard@40477d52[
  size=9
  solver=sudoku.model.BacktrackingSudokuSolver@2a1be9f8
  board={{5,1,4,2,8,9,6,7,3},{6,2,3,5,4,7,8,9,1},{9,8,7,1,3,6,2,4,5},{7,4,6,8,9,1,5,3,2},{8,9,5,3,2,4,1,6,7},{1,3,2,6,0,0,0,0,0},{0,0,0,0,0,0,0,0,0},{0,0,0,0,0,0,0,0,0},{0,0,0,0,0,0,0,0,0}}
]
13:21:16.909 INFO  [main] SudokuBoard - Warto?? 0 wstawiona nieprawid?owo
13:21:16.909 INFO  [main] SudokuBoard - B?ad w kwadracie 0
sudoku.model.SudokuBoard@40477d52[
  size=9
  solver=sudoku.model.BacktrackingSudokuSolver@2a1be9f8
  board={{5,1,4,2,8,9,6,7,3},{6,2,3,5,4,7,8,9,1},{9,8,7,1,3,6,2,4,5},{7,4,6,8,9,1,5,3,2},{8,9,5,3,2,4,1,6,7},{1,3,2,6,7,5,9,8,4},{2,5,1,4,6,3,0,0,0},{0,0,0,0,0,0,0,0,0},{0,0,0,0,0,0,0,0,0}}
]
13:21:16.909 INFO  [main] SudokuBoard - Warto?? 0 wstawiona nieprawid?owo
13:21:16.910 INFO  [main] SudokuBoard - B?ad w kwadracie 0
sudoku.model.SudokuBoard@40477d52[
  size=9
  solver=sudoku.model.BacktrackingSudokuSolver@2a1be9f8
  board={{5,1,4,2,8,9,6,7,3},{6,2,3,5,4,7,8,9,1},{9,8,7,1,3,6,2,4,5},{7,4,6,8,9,1,5,3,2},{8,9,5,3,2,4,1,6,7},{1,3,2,6,7,5,9,8,4},{2,5,1,4,6,0,0,0,0},{0,0,0,0,0,0,0,0,0},{0,0,0,0,0,0,0,0,0}}
]
13:21:16.910 INFO  [main] SudokuBoard - Warto?? 0 wstawiona nieprawid?owo
13:21:16.910 INFO  [main] SudokuBoard - B?ad w kwadracie 0
sudoku.model.SudokuBoard@40477d52[
  size=9
  solver=sudoku.model.BacktrackingSudokuSolver@2a1be9f8
  board={{5,1,4,2,8,9,6,7,3},{6,2,3,5,4,7,8,9,1},{9,8,7,1,3,6,2,4,5},{7,4,6,8,9,1,5,3,2},{8,9,5,3,2,4,1,6,7},{1,3,2,6,7,5,9,8,4},{2,5,1,4,6,8,0,0,0},{0,0,0,0,0,0,0,0,0},{0,0,0,0,0,0,0,0,0}}
]
13:21:16.910 INFO  [main] SudokuBoard - Warto?? 0 wstawiona nieprawid?owo
13:21:16.910 INFO  [main] SudokuBoard - B?ad w kwadracie 0
sudoku.model.SudokuBoard@40477d52[
  size=9
  solver=sudoku.model.BacktrackingSudokuSolver@2a1be9f8
  board={{5,1,4,2,8,9,6,7,3},{6,2,3,5,4,7,8,9,1},{9,8,7,1,3,6,2,4,5},{7,4,6,8,9,1,5,3,2},{8,9,5,3,2,4,1,6,7},{1,3,2,6,7,5,9,8,4},{2,5,1,4,6,8,0,0,0},{0,0,0,0,0,0,0,0,0},{0,0,0,0,0,0,0,0,0}}
]
13:21:16.910 INFO  [main] SudokuBoard - Warto?? 0 wstawiona nieprawid?owo
13:21:16.910 INFO  [main] SudokuBoard - B?ad w kwadracie 0
sudoku.model.SudokuBoard@40477d52[
  size=9
  solver=sudoku.model.BacktrackingSudokuSolver@2a1be9f8
  board={{5,1,4,2,8,9,6,7,3},{6,2,3,5,4,7,8,9,1},{9,8,7,1,3,6,2,4,5},{7,4,6,8,9,1,5,3,2},{8,9,5,3,2,4,1,6,7},{1,3,2,6,7,5,9,8,4},{2,5,1,4,6,0,0,0,0},{0,0,0,0,0,0,0,0,0},{0,0,0,0,0,0,0,0,0}}
]
13:21:16.910 INFO  [main] SudokuBoard - Warto?? 0 wstawiona nieprawid?owo
13:21:16.911 INFO  [main] SudokuBoard - B?ad w kwadracie 0
sudoku.model.SudokuBoard@40477d52[
  size=9
  solver=sudoku.model.BacktrackingSudokuSolver@2a1be9f8
  board={{5,1,4,2,8,9,6,7,3},{6,2,3,5,4,7,8,9,1},{9,8,7,1,3,6,2,4,5},{7,4,6,8,9,1,5,3,2},{8,9,5,3,2,4,1,6,7},{1,3,2,6,7,5,9,8,4},{2,5,1,4,0,0,0,0,0},{0,0,0,0,0,0,0,0,0},{0,0,0,0,0,0,0,0,0}}
]
13:21:16.911 INFO  [main] SudokuBoard - Warto?? 0 wstawiona nieprawid?owo
13:21:16.911 INFO  [main] SudokuBoard - B?ad w kwadracie 0
sudoku.model.SudokuBoard@40477d52[
  size=9
  solver=sudoku.model.BacktrackingSudokuSolver@2a1be9f8
  board={{5,1,4,2,8,9,6,7,3},{6,2,3,5,4,7,8,9,1},{9,8,7,1,3,6,2,4,5},{7,4,6,8,9,1,5,3,2},{8,9,5,3,2,4,1,6,7},{1,3,2,6,7,5,9,8,4},{2,5,1,0,0,0,0,0,0},{0,0,0,0,0,0,0,0,0},{0,0,0,0,0,0,0,0,0}}
]
13:21:16.911 INFO  [main] SudokuBoard - Warto?? 0 wstawiona nieprawid?owo
13:21:16.911 INFO  [main] SudokuBoard - B?ad w kwadracie 0
sudoku.model.SudokuBoard@40477d52[
  size=9
  solver=sudoku.model.BacktrackingSudokuSolver@2a1be9f8
  board={{5,1,4,2,8,9,6,7,3},{6,2,3,5,4,7,8,9,1},{9,8,7,1,3,6,2,4,5},{7,4,6,8,9,1,5,3,2},{8,9,5,3,2,4,1,6,7},{1,3,2,6,7,5,9,8,4},{2,5,1,7,6,3,0,0,0},{0,0,0,0,0,0,0,0,0},{0,0,0,0,0,0,0,0,0}}
]
13:21:16.911 INFO  [main] SudokuBoard - Warto?? 0 wstawiona nieprawid?owo
13:21:16.911 INFO  [main] SudokuBoard - B?ad w kwadracie 0
sudoku.model.SudokuBoard@40477d52[
  size=9
  solver=sudoku.model.BacktrackingSudokuSolver@2a1be9f8
  board={{5,1,4,2,8,9,6,7,3},{6,2,3,5,4,7,8,9,1},{9,8,7,1,3,6,2,4,5},{7,4,6,8,9,1,5,3,2},{8,9,5,3,2,4,1,6,7},{1,3,2,6,7,5,9,8,4},{2,5,1,7,6,0,0,0,0},{0,0,0,0,0,0,0,0,0},{0,0,0,0,0,0,0,0,0}}
]
13:21:16.912 INFO  [main] SudokuBoard - Warto?? 0 wstawiona nieprawid?owo
13:21:16.912 INFO  [main] SudokuBoard - B?ad w kwadracie 0
sudoku.model.SudokuBoard@40477d52[
  size=9
  solver=sudoku.model.BacktrackingSudokuSolver@2a1be9f8
  board={{5,1,4,2,8,9,6,7,3},{6,2,3,5,4,7,8,9,1},{9,8,7,1,3,6,2,4,5},{7,4,6,8,9,1,5,3,2},{8,9,5,3,2,4,1,6,7},{1,3,2,6,7,5,9,8,4},{2,5,1,7,6,8,0,0,0},{0,0,0,0,0,0,0,0,0},{0,0,0,0,0,0,0,0,0}}
]
13:21:16.912 INFO  [main] SudokuBoard - Warto?? 0 wstawiona nieprawid?owo
13:21:16.913 INFO  [main] SudokuBoard - B?ad w kwadracie 0
sudoku.model.SudokuBoard@40477d52[
  size=9
  solver=sudoku.model.BacktrackingSudokuSolver@2a1be9f8
  board={{5,1,4,2,8,9,6,7,3},{6,2,3,5,4,7,8,9,1},{9,8,7,1,3,6,2,4,5},{7,4,6,8,9,1,5,3,2},{8,9,5,3,2,4,1,6,7},{1,3,2,6,7,5,9,8,4},{2,5,1,7,6,8,0,0,0},{0,0,0,0,0,0,0,0,0},{0,0,0,0,0,0,0,0,0}}
]
13:21:16.913 INFO  [main] SudokuBoard - Warto?? 0 wstawiona nieprawid?owo
13:21:16.913 INFO  [main] SudokuBoard - B?ad w kwadracie 0
sudoku.model.SudokuBoard@40477d52[
  size=9
  solver=sudoku.model.BacktrackingSudokuSolver@2a1be9f8
  board={{5,1,4,2,8,9,6,7,3},{6,2,3,5,4,7,8,9,1},{9,8,7,1,3,6,2,4,5},{7,4,6,8,9,1,5,3,2},{8,9,5,3,2,4,1,6,7},{1,3,2,6,7,5,9,8,4},{2,5,1,7,6,0,0,0,0},{0,0,0,0,0,0,0,0,0},{0,0,0,0,0,0,0,0,0}}
]
13:21:16.913 INFO  [main] SudokuBoard - Warto?? 0 wstawiona nieprawid?owo
13:21:16.913 INFO  [main] SudokuBoard - B?ad w kwadracie 0
sudoku.model.SudokuBoard@40477d52[
  size=9
  solver=sudoku.model.BacktrackingSudokuSolver@2a1be9f8
  board={{5,1,4,2,8,9,6,7,3},{6,2,3,5,4,7,8,9,1},{9,8,7,1,3,6,2,4,5},{7,4,6,8,9,1,5,3,2},{8,9,5,3,2,4,1,6,7},{1,3,2,6,7,5,9,8,4},{2,5,1,7,0,0,0,0,0},{0,0,0,0,0,0,0,0,0},{0,0,0,0,0,0,0,0,0}}
]
13:21:16.913 INFO  [main] SudokuBoard - Warto?? 0 wstawiona nieprawid?owo
13:21:16.913 INFO  [main] SudokuBoard - B?ad w kwadracie 0
sudoku.model.SudokuBoard@40477d52[
  size=9
  solver=sudoku.model.BacktrackingSudokuSolver@2a1be9f8
  board={{5,1,4,2,8,9,6,7,3},{6,2,3,5,4,7,8,9,1},{9,8,7,1,3,6,2,4,5},{7,4,6,8,9,1,5,3,2},{8,9,5,3,2,4,1,6,7},{1,3,2,6,7,5,9,8,4},{2,5,1,0,0,0,0,0,0},{0,0,0,0,0,0,0,0,0},{0,0,0,0,0,0,0,0,0}}
]
13:21:16.913 INFO  [main] SudokuBoard - Warto?? 0 wstawiona nieprawid?owo
13:21:16.914 INFO  [main] SudokuBoard - B?ad w kwadracie 0
sudoku.model.SudokuBoard@40477d52[
  size=9
  solver=sudoku.model.BacktrackingSudokuSolver@2a1be9f8
  board={{5,1,4,2,8,9,6,7,3},{6,2,3,5,4,7,8,9,1},{9,8,7,1,3,6,2,4,5},{7,4,6,8,9,1,5,3,2},{8,9,5,3,2,4,1,6,7},{1,3,2,6,7,5,9,8,4},{2,5,1,9,6,8,0,0,0},{0,0,0,0,0,0,0,0,0},{0,0,0,0,0,0,0,0,0}}
]
13:21:16.914 INFO  [main] SudokuBoard - Warto?? 0 wstawiona nieprawid?owo
13:21:16.914 INFO  [main] SudokuBoard - B?ad w kwadracie 0
sudoku.model.SudokuBoard@40477d52[
  size=9
  solver=sudoku.model.BacktrackingSudokuSolver@2a1be9f8
  board={{5,1,4,2,8,9,6,7,3},{6,2,3,5,4,7,8,9,1},{9,8,7,1,3,6,2,4,5},{7,4,6,8,9,1,5,3,2},{8,9,5,3,2,4,1,6,7},{1,3,2,6,7,5,9,8,4},{2,5,1,9,6,8,0,0,0},{0,0,0,0,0,0,0,0,0},{0,0,0,0,0,0,0,0,0}}
]
13:21:16.914 INFO  [main] SudokuBoard - Warto?? 0 wstawiona nieprawid?owo
13:21:16.914 INFO  [main] SudokuBoard - B?ad w kwadracie 0
sudoku.model.SudokuBoard@40477d52[
  size=9
  solver=sudoku.model.BacktrackingSudokuSolver@2a1be9f8
  board={{5,1,4,2,8,9,6,7,3},{6,2,3,5,4,7,8,9,1},{9,8,7,1,3,6,2,4,5},{7,4,6,8,9,1,5,3,2},{8,9,5,3,2,4,1,6,7},{1,3,2,6,7,5,9,8,4},{2,5,1,9,6,8,0,0,0},{0,0,0,0,0,0,0,0,0},{0,0,0,0,0,0,0,0,0}}
]
13:21:16.914 INFO  [main] SudokuBoard - Warto?? 0 wstawiona nieprawid?owo
13:21:16.914 INFO  [main] SudokuBoard - B?ad w kwadracie 0
sudoku.model.SudokuBoard@40477d52[
  size=9
  solver=sudoku.model.BacktrackingSudokuSolver@2a1be9f8
  board={{5,1,4,2,8,9,6,7,3},{6,2,3,5,4,7,8,9,1},{9,8,7,1,3,6,2,4,5},{7,4,6,8,9,1,5,3,2},{8,9,5,3,2,4,1,6,7},{1,3,2,6,7,5,9,8,4},{2,5,1,9,6,0,0,0,0},{0,0,0,0,0,0,0,0,0},{0,0,0,0,0,0,0,0,0}}
]
13:21:16.914 INFO  [main] SudokuBoard - Warto?? 0 wstawiona nieprawid?owo
13:21:16.915 INFO  [main] SudokuBoard - B?ad w kwadracie 0
sudoku.model.SudokuBoard@40477d52[
  size=9
  solver=sudoku.model.BacktrackingSudokuSolver@2a1be9f8
  board={{5,1,4,2,8,9,6,7,3},{6,2,3,5,4,7,8,9,1},{9,8,7,1,3,6,2,4,5},{7,4,6,8,9,1,5,3,2},{8,9,5,3,2,4,1,6,7},{1,3,2,6,7,5,9,8,4},{2,5,1,9,6,3,0,0,0},{0,0,0,0,0,0,0,0,0},{0,0,0,0,0,0,0,0,0}}
]
13:21:16.915 INFO  [main] SudokuBoard - Warto?? 0 wstawiona nieprawid?owo
13:21:16.915 INFO  [main] SudokuBoard - B?ad w kwadracie 0
sudoku.model.SudokuBoard@40477d52[
  size=9
  solver=sudoku.model.BacktrackingSudokuSolver@2a1be9f8
  board={{5,1,4,2,8,9,6,7,3},{6,2,3,5,4,7,8,9,1},{9,8,7,1,3,6,2,4,5},{7,4,6,8,9,1,5,3,2},{8,9,5,3,2,4,1,6,7},{1,3,2,6,7,5,9,8,4},{2,5,1,9,6,3,0,0,0},{0,0,0,0,0,0,0,0,0},{0,0,0,0,0,0,0,0,0}}
]
13:21:16.915 INFO  [main] SudokuBoard - Warto?? 0 wstawiona nieprawid?owo
13:21:16.915 INFO  [main] SudokuBoard - B?ad w kwadracie 0
sudoku.model.SudokuBoard@40477d52[
  size=9
  solver=sudoku.model.BacktrackingSudokuSolver@2a1be9f8
  board={{5,1,4,2,8,9,6,7,3},{6,2,3,5,4,7,8,9,1},{9,8,7,1,3,6,2,4,5},{7,4,6,8,9,1,5,3,2},{8,9,5,3,2,4,1,6,7},{1,3,2,6,7,5,9,8,4},{2,5,1,9,6,0,0,0,0},{0,0,0,0,0,0,0,0,0},{0,0,0,0,0,0,0,0,0}}
]
13:21:16.915 INFO  [main] SudokuBoard - Warto?? 0 wstawiona nieprawid?owo
13:21:16.915 INFO  [main] SudokuBoard - B?ad w kwadracie 0
sudoku.model.SudokuBoard@40477d52[
  size=9
  solver=sudoku.model.BacktrackingSudokuSolver@2a1be9f8
  board={{5,1,4,2,8,9,6,7,3},{6,2,3,5,4,7,8,9,1},{9,8,7,1,3,6,2,4,5},{7,4,6,8,9,1,5,3,2},{8,9,5,3,2,4,1,6,7},{1,3,2,6,7,5,9,8,4},{2,5,1,9,0,0,0,0,0},{0,0,0,0,0,0,0,0,0},{0,0,0,0,0,0,0,0,0}}
]
13:21:16.915 INFO  [main] SudokuBoard - Warto?? 0 wstawiona nieprawid?owo
13:21:16.915 INFO  [main] SudokuBoard - B?ad w kwadracie 0
sudoku.model.SudokuBoard@40477d52[
  size=9
  solver=sudoku.model.BacktrackingSudokuSolver@2a1be9f8
  board={{5,1,4,2,8,9,6,7,3},{6,2,3,5,4,7,8,9,1},{9,8,7,1,3,6,2,4,5},{7,4,6,8,9,1,5,3,2},{8,9,5,3,2,4,1,6,7},{1,3,2,6,7,5,9,8,4},{2,5,1,0,0,0,0,0,0},{0,0,0,0,0,0,0,0,0},{0,0,0,0,0,0,0,0,0}}
]
13:21:16.916 INFO  [main] SudokuBoard - Warto?? 0 wstawiona nieprawid?owo
13:21:16.916 INFO  [main] SudokuBoard - B?ad w kwadracie 0
sudoku.model.SudokuBoard@40477d52[
  size=9
  solver=sudoku.model.BacktrackingSudokuSolver@2a1be9f8
  board={{5,1,4,2,8,9,6,7,3},{6,2,3,5,4,7,8,9,1},{9,8,7,1,3,6,2,4,5},{7,4,6,8,9,1,5,3,2},{8,9,5,3,2,4,1,6,7},{1,3,2,6,7,5,9,8,4},{2,5,0,0,0,0,0,0,0},{0,0,0,0,0,0,0,0,0},{0,0,0,0,0,0,0,0,0}}
]
13:21:16.916 INFO  [main] SudokuBoard - Warto?? 0 wstawiona nieprawid?owo
13:21:16.916 INFO  [main] SudokuBoard - B?ad w kwadracie 0
sudoku.model.SudokuBoard@40477d52[
  size=9
  solver=sudoku.model.BacktrackingSudokuSolver@2a1be9f8
  board={{5,1,4,2,8,9,6,7,3},{6,2,3,5,4,7,8,9,1},{9,8,7,1,3,6,2,4,5},{7,4,6,8,9,1,5,3,2},{8,9,5,3,2,4,1,6,7},{1,3,2,6,7,5,9,8,4},{2,5,8,7,6,3,4,1,9},{3,7,9,4,5,0,0,0,0},{0,0,0,0,0,0,0,0,0}}
]
13:21:16.916 INFO  [main] SudokuBoard - Warto?? 0 wstawiona nieprawid?owo
13:21:16.916 INFO  [main] SudokuBoard - B?ad w kwadracie 0
sudoku.model.SudokuBoard@40477d52[
  size=9
  solver=sudoku.model.BacktrackingSudokuSolver@2a1be9f8
  board={{5,1,4,2,8,9,6,7,3},{6,2,3,5,4,7,8,9,1},{9,8,7,1,3,6,2,4,5},{7,4,6,8,9,1,5,3,2},{8,9,5,3,2,4,1,6,7},{1,3,2,6,7,5,9,8,4},{2,5,8,7,6,3,4,1,9},{3,7,9,4,5,0,0,0,0},{0,0,0,0,0,0,0,0,0}}
]
13:21:16.916 INFO  [main] SudokuBoard - Warto?? 0 wstawiona nieprawid?owo
13:21:16.916 INFO  [main] SudokuBoard - B?ad w kwadracie 0
sudoku.model.SudokuBoard@40477d52[
  size=9
  solver=sudoku.model.BacktrackingSudokuSolver@2a1be9f8
  board={{5,1,4,2,8,9,6,7,3},{6,2,3,5,4,7,8,9,1},{9,8,7,1,3,6,2,4,5},{7,4,6,8,9,1,5,3,2},{8,9,5,3,2,4,1,6,7},{1,3,2,6,7,5,9,8,4},{2,5,8,7,6,3,4,1,9},{3,7,9,4,0,0,0,0,0},{0,0,0,0,0,0,0,0,0}}
]
13:21:16.916 INFO  [main] SudokuBoard - Warto?? 0 wstawiona nieprawid?owo
13:21:16.917 INFO  [main] SudokuBoard - B?ad w kwadracie 0
sudoku.model.SudokuBoard@40477d52[
  size=9
  solver=sudoku.model.BacktrackingSudokuSolver@2a1be9f8
  board={{5,1,4,2,8,9,6,7,3},{6,2,3,5,4,7,8,9,1},{9,8,7,1,3,6,2,4,5},{7,4,6,8,9,1,5,3,2},{8,9,5,3,2,4,1,6,7},{1,3,2,6,7,5,9,8,4},{2,5,8,7,6,3,4,1,9},{3,7,9,4,1,0,0,0,0},{0,0,0,0,0,0,0,0,0}}
]
13:21:16.917 INFO  [main] SudokuBoard - Warto?? 0 wstawiona nieprawid?owo
13:21:16.917 INFO  [main] SudokuBoard - B?ad w kwadracie 0
sudoku.model.SudokuBoard@40477d52[
  size=9
  solver=sudoku.model.BacktrackingSudokuSolver@2a1be9f8
  board={{5,1,4,2,8,9,6,7,3},{6,2,3,5,4,7,8,9,1},{9,8,7,1,3,6,2,4,5},{7,4,6,8,9,1,5,3,2},{8,9,5,3,2,4,1,6,7},{1,3,2,6,7,5,9,8,4},{2,5,8,7,6,3,4,1,9},{3,7,9,4,1,0,0,0,0},{0,0,0,0,0,0,0,0,0}}
]
13:21:16.917 INFO  [main] SudokuBoard - Warto?? 0 wstawiona nieprawid?owo
13:21:16.917 INFO  [main] SudokuBoard - B?ad w kwadracie 0
sudoku.model.SudokuBoard@40477d52[
  size=9
  solver=sudoku.model.BacktrackingSudokuSolver@2a1be9f8
  board={{5,1,4,2,8,9,6,7,3},{6,2,3,5,4,7,8,9,1},{9,8,7,1,3,6,2,4,5},{7,4,6,8,9,1,5,3,2},{8,9,5,3,2,4,1,6,7},{1,3,2,6,7,5,9,8,4},{2,5,8,7,6,3,4,1,9},{3,7,9,4,0,0,0,0,0},{0,0,0,0,0,0,0,0,0}}
]
13:21:16.917 INFO  [main] SudokuBoard - Warto?? 0 wstawiona nieprawid?owo
13:21:16.917 INFO  [main] SudokuBoard - B?ad w kwadracie 0
sudoku.model.SudokuBoard@40477d52[
  size=9
  solver=sudoku.model.BacktrackingSudokuSolver@2a1be9f8
  board={{5,1,4,2,8,9,6,7,3},{6,2,3,5,4,7,8,9,1},{9,8,7,1,3,6,2,4,5},{7,4,6,8,9,1,5,3,2},{8,9,5,3,2,4,1,6,7},{1,3,2,6,7,5,9,8,4},{2,5,8,7,6,3,4,1,9},{3,7,9,0,0,0,0,0,0},{0,0,0,0,0,0,0,0,0}}
]
13:21:16.917 INFO  [main] SudokuBoard - Warto?? 0 wstawiona nieprawid?owo
13:21:16.918 INFO  [main] SudokuBoard - B?ad w kwadracie 0
sudoku.model.SudokuBoard@40477d52[
  size=9
  solver=sudoku.model.BacktrackingSudokuSolver@2a1be9f8
  board={{5,1,4,2,8,9,6,7,3},{6,2,3,5,4,7,8,9,1},{9,8,7,1,3,6,2,4,5},{7,4,6,8,9,1,5,3,2},{8,9,5,3,2,4,1,6,7},{1,3,2,6,7,5,9,8,4},{2,5,8,7,6,3,4,1,9},{3,7,0,0,0,0,0,0,0},{0,0,0,0,0,0,0,0,0}}
]
13:21:16.918 INFO  [main] SudokuBoard - Warto?? 0 wstawiona nieprawid?owo
13:21:16.918 INFO  [main] SudokuBoard - B?ad w kwadracie 0
sudoku.model.SudokuBoard@40477d52[
  size=9
  solver=sudoku.model.BacktrackingSudokuSolver@2a1be9f8
  board={{5,1,4,2,8,9,6,7,3},{6,2,3,5,4,7,8,9,1},{9,8,7,1,3,6,2,4,5},{7,4,6,8,9,1,5,3,2},{8,9,5,3,2,4,1,6,7},{1,3,2,6,7,5,9,8,4},{2,5,8,7,6,3,4,1,9},{3,7,1,4,5,0,0,0,0},{0,0,0,0,0,0,0,0,0}}
]
13:21:16.918 INFO  [main] SudokuBoard - Warto?? 0 wstawiona nieprawid?owo
13:21:16.918 INFO  [main] SudokuBoard - B?ad w kwadracie 0
sudoku.model.SudokuBoard@40477d52[
  size=9
  solver=sudoku.model.BacktrackingSudokuSolver@2a1be9f8
  board={{5,1,4,2,8,9,6,7,3},{6,2,3,5,4,7,8,9,1},{9,8,7,1,3,6,2,4,5},{7,4,6,8,9,1,5,3,2},{8,9,5,3,2,4,1,6,7},{1,3,2,6,7,5,9,8,4},{2,5,8,7,6,3,4,1,9},{3,7,1,4,5,0,0,0,0},{0,0,0,0,0,0,0,0,0}}
]
13:21:16.925 INFO  [main] SudokuBoard - Warto?? 0 wstawiona nieprawid?owo
13:21:16.926 INFO  [main] SudokuBoard - B?ad w kwadracie 0
sudoku.model.SudokuBoard@40477d52[
  size=9
  solver=sudoku.model.BacktrackingSudokuSolver@2a1be9f8
  board={{5,1,4,2,8,9,6,7,3},{6,2,3,5,4,7,8,9,1},{9,8,7,1,3,6,2,4,5},{7,4,6,8,9,1,5,3,2},{8,9,5,3,2,4,1,6,7},{1,3,2,6,7,5,9,8,4},{2,5,8,7,6,3,4,1,9},{3,7,1,4,0,0,0,0,0},{0,0,0,0,0,0,0,0,0}}
]
13:21:16.926 INFO  [main] SudokuBoard - Warto?? 0 wstawiona nieprawid?owo
13:21:16.926 INFO  [main] SudokuBoard - B?ad w kwadracie 0
sudoku.model.SudokuBoard@40477d52[
  size=9
  solver=sudoku.model.BacktrackingSudokuSolver@2a1be9f8
  board={{5,1,4,2,8,9,6,7,3},{6,2,3,5,4,7,8,9,1},{9,8,7,1,3,6,2,4,5},{7,4,6,8,9,1,5,3,2},{8,9,5,3,2,4,1,6,7},{1,3,2,6,7,5,9,8,4},{2,5,8,7,6,3,4,1,9},{3,7,1,0,0,0,0,0,0},{0,0,0,0,0,0,0,0,0}}
]
13:21:16.926 INFO  [main] SudokuBoard - Warto?? 0 wstawiona nieprawid?owo
13:21:16.926 INFO  [main] SudokuBoard - B?ad w kwadracie 0
sudoku.model.SudokuBoard@40477d52[
  size=9
  solver=sudoku.model.BacktrackingSudokuSolver@2a1be9f8
  board={{5,1,4,2,8,9,6,7,3},{6,2,3,5,4,7,8,9,1},{9,8,7,1,3,6,2,4,5},{7,4,6,8,9,1,5,3,2},{8,9,5,3,2,4,1,6,7},{1,3,2,6,7,5,9,8,4},{2,5,8,7,6,3,4,1,9},{3,7,1,9,5,0,0,0,0},{0,0,0,0,0,0,0,0,0}}
]
13:21:16.926 INFO  [main] SudokuBoard - Warto?? 0 wstawiona nieprawid?owo
13:21:16.926 INFO  [main] SudokuBoard - B?ad w kwadracie 0
sudoku.model.SudokuBoard@40477d52[
  size=9
  solver=sudoku.model.BacktrackingSudokuSolver@2a1be9f8
  board={{5,1,4,2,8,9,6,7,3},{6,2,3,5,4,7,8,9,1},{9,8,7,1,3,6,2,4,5},{7,4,6,8,9,1,5,3,2},{8,9,5,3,2,4,1,6,7},{1,3,2,6,7,5,9,8,4},{2,5,8,7,6,3,4,1,9},{3,7,1,9,5,0,0,0,0},{0,0,0,0,0,0,0,0,0}}
]
13:21:16.926 INFO  [main] SudokuBoard - Warto?? 0 wstawiona nieprawid?owo
13:21:16.927 INFO  [main] SudokuBoard - B?ad w kwadracie 0
sudoku.model.SudokuBoard@40477d52[
  size=9
  solver=sudoku.model.BacktrackingSudokuSolver@2a1be9f8
  board={{5,1,4,2,8,9,6,7,3},{6,2,3,5,4,7,8,9,1},{9,8,7,1,3,6,2,4,5},{7,4,6,8,9,1,5,3,2},{8,9,5,3,2,4,1,6,7},{1,3,2,6,7,5,9,8,4},{2,5,8,7,6,3,4,1,9},{3,7,1,9,0,0,0,0,0},{0,0,0,0,0,0,0,0,0}}
]
13:21:16.927 INFO  [main] SudokuBoard - Warto?? 0 wstawiona nieprawid?owo
13:21:16.927 INFO  [main] SudokuBoard - B?ad w kwadracie 0
sudoku.model.SudokuBoard@40477d52[
  size=9
  solver=sudoku.model.BacktrackingSudokuSolver@2a1be9f8
  board={{5,1,4,2,8,9,6,7,3},{6,2,3,5,4,7,8,9,1},{9,8,7,1,3,6,2,4,5},{7,4,6,8,9,1,5,3,2},{8,9,5,3,2,4,1,6,7},{1,3,2,6,7,5,9,8,4},{2,5,8,7,6,3,4,1,9},{3,7,1,0,0,0,0,0,0},{0,0,0,0,0,0,0,0,0}}
]
13:21:16.927 INFO  [main] SudokuBoard - Warto?? 0 wstawiona nieprawid?owo
13:21:16.927 INFO  [main] SudokuBoard - B?ad w kwadracie 0
sudoku.model.SudokuBoard@40477d52[
  size=9
  solver=sudoku.model.BacktrackingSudokuSolver@2a1be9f8
  board={{5,1,4,2,8,9,6,7,3},{6,2,3,5,4,7,8,9,1},{9,8,7,1,3,6,2,4,5},{7,4,6,8,9,1,5,3,2},{8,9,5,3,2,4,1,6,7},{1,3,2,6,7,5,9,8,4},{2,5,8,7,6,3,4,1,9},{3,7,0,0,0,0,0,0,0},{0,0,0,0,0,0,0,0,0}}
]
13:21:16.927 INFO  [main] SudokuBoard - Warto?? 0 wstawiona nieprawid?owo
13:21:16.927 INFO  [main] SudokuBoard - B?ad w kwadracie 0
sudoku.model.SudokuBoard@40477d52[
  size=9
  solver=sudoku.model.BacktrackingSudokuSolver@2a1be9f8
  board={{5,1,4,2,8,9,6,7,3},{6,2,3,5,4,7,8,9,1},{9,8,7,1,3,6,2,4,5},{7,4,6,8,9,1,5,3,2},{8,9,5,3,2,4,1,6,7},{1,3,2,6,7,5,9,8,4},{2,5,8,7,6,3,4,1,9},{3,0,0,0,0,0,0,0,0},{0,0,0,0,0,0,0,0,0}}
]
13:21:16.927 INFO  [main] SudokuBoard - Warto?? 0 wstawiona nieprawid?owo
]]></system-out>
  </testcase>
  <testcase name="testEqualsDiffrentClass" classname="sudoku.model.SeriesTest" time="0.075">
    <system-out><![CDATA[13:21:16.939 INFO  [main] SudokuBoard - B?ad w kwadracie 0
sudoku.model.SudokuBoard@66297b63[
  size=9
  solver=sudoku.model.BacktrackingSudokuSolver@1d7f2719
  board={{9,1,3,4,5,6,2,7,8},{2,7,4,8,9,1,5,3,6},{5,6,8,7,3,2,4,9,1},{6,3,1,9,8,0,0,0,0},{0,0,0,0,0,0,0,0,0},{0,0,0,0,0,0,0,0,0},{0,0,0,0,0,0,0,0,0},{0,0,0,0,0,0,0,0,0},{0,0,0,0,0,0,0,0,0}}
]
13:21:16.939 INFO  [main] SudokuBoard - Warto?? 0 wstawiona nieprawid?owo
13:21:16.940 INFO  [main] SudokuBoard - B?ad w kwadracie 0
sudoku.model.SudokuBoard@66297b63[
  size=9
  solver=sudoku.model.BacktrackingSudokuSolver@1d7f2719
  board={{9,1,3,4,5,6,2,7,8},{2,7,4,8,9,1,5,3,6},{5,6,8,7,3,2,4,9,1},{6,3,1,9,8,4,7,2,5},{8,2,9,1,6,5,3,0,0},{0,0,0,0,0,0,0,0,0},{0,0,0,0,0,0,0,0,0},{0,0,0,0,0,0,0,0,0},{0,0,0,0,0,0,0,0,0}}
]
13:21:16.940 INFO  [main] SudokuBoard - Warto?? 0 wstawiona nieprawid?owo
13:21:16.940 INFO  [main] SudokuBoard - B?ad w kwadracie 0
sudoku.model.SudokuBoard@66297b63[
  size=9
  solver=sudoku.model.BacktrackingSudokuSolver@1d7f2719
  board={{9,1,3,4,5,6,2,7,8},{2,7,4,8,9,1,5,3,6},{5,6,8,7,3,2,4,9,1},{6,3,1,9,8,4,7,2,5},{8,2,9,1,6,5,0,0,0},{0,0,0,0,0,0,0,0,0},{0,0,0,0,0,0,0,0,0},{0,0,0,0,0,0,0,0,0},{0,0,0,0,0,0,0,0,0}}
]
13:21:16.940 INFO  [main] SudokuBoard - Warto?? 0 wstawiona nieprawid?owo
13:21:16.941 INFO  [main] SudokuBoard - B?ad w kwadracie 0
sudoku.model.SudokuBoard@66297b63[
  size=9
  solver=sudoku.model.BacktrackingSudokuSolver@1d7f2719
  board={{9,1,3,4,5,6,2,7,8},{2,7,4,8,9,1,5,3,6},{5,6,8,7,3,2,4,9,1},{6,3,1,9,8,4,7,2,5},{8,2,9,1,6,0,0,0,0},{0,0,0,0,0,0,0,0,0},{0,0,0,0,0,0,0,0,0},{0,0,0,0,0,0,0,0,0},{0,0,0,0,0,0,0,0,0}}
]
13:21:16.941 INFO  [main] SudokuBoard - Warto?? 0 wstawiona nieprawid?owo
13:21:16.941 INFO  [main] SudokuBoard - B?ad w kwadracie 0
sudoku.model.SudokuBoard@66297b63[
  size=9
  solver=sudoku.model.BacktrackingSudokuSolver@1d7f2719
  board={{9,1,3,4,5,6,2,7,8},{2,7,4,8,9,1,5,3,6},{5,6,8,7,3,2,4,9,1},{6,3,1,9,8,4,7,2,5},{8,2,9,1,6,7,3,0,0},{0,0,0,0,0,0,0,0,0},{0,0,0,0,0,0,0,0,0},{0,0,0,0,0,0,0,0,0},{0,0,0,0,0,0,0,0,0}}
]
13:21:16.941 INFO  [main] SudokuBoard - Warto?? 0 wstawiona nieprawid?owo
13:21:16.941 INFO  [main] SudokuBoard - B?ad w kwadracie 0
sudoku.model.SudokuBoard@66297b63[
  size=9
  solver=sudoku.model.BacktrackingSudokuSolver@1d7f2719
  board={{9,1,3,4,5,6,2,7,8},{2,7,4,8,9,1,5,3,6},{5,6,8,7,3,2,4,9,1},{6,3,1,9,8,4,7,2,5},{8,2,9,1,6,7,0,0,0},{0,0,0,0,0,0,0,0,0},{0,0,0,0,0,0,0,0,0},{0,0,0,0,0,0,0,0,0},{0,0,0,0,0,0,0,0,0}}
]
13:21:16.942 INFO  [main] SudokuBoard - Warto?? 0 wstawiona nieprawid?owo
13:21:16.942 INFO  [main] SudokuBoard - B?ad w kwadracie 0
sudoku.model.SudokuBoard@66297b63[
  size=9
  solver=sudoku.model.BacktrackingSudokuSolver@1d7f2719
  board={{9,1,3,4,5,6,2,7,8},{2,7,4,8,9,1,5,3,6},{5,6,8,7,3,2,4,9,1},{6,3,1,9,8,4,7,2,5},{8,2,9,1,6,0,0,0,0},{0,0,0,0,0,0,0,0,0},{0,0,0,0,0,0,0,0,0},{0,0,0,0,0,0,0,0,0},{0,0,0,0,0,0,0,0,0}}
]
13:21:16.942 INFO  [main] SudokuBoard - Warto?? 0 wstawiona nieprawid?owo
13:21:16.943 INFO  [main] SudokuBoard - B?ad w kwadracie 0
sudoku.model.SudokuBoard@66297b63[
  size=9
  solver=sudoku.model.BacktrackingSudokuSolver@1d7f2719
  board={{9,1,3,4,5,6,2,7,8},{2,7,4,8,9,1,5,3,6},{5,6,8,7,3,2,4,9,1},{6,3,1,9,8,4,7,2,5},{8,2,9,1,6,0,0,0,0},{0,0,0,0,0,0,0,0,0},{0,0,0,0,0,0,0,0,0},{0,0,0,0,0,0,0,0,0},{0,0,0,0,0,0,0,0,0}}
]
13:21:16.943 INFO  [main] SudokuBoard - Warto?? 0 wstawiona nieprawid?owo
13:21:16.943 INFO  [main] SudokuBoard - B?ad w kwadracie 0
sudoku.model.SudokuBoard@66297b63[
  size=9
  solver=sudoku.model.BacktrackingSudokuSolver@1d7f2719
  board={{9,1,3,4,5,6,2,7,8},{2,7,4,8,9,1,5,3,6},{5,6,8,7,3,2,4,9,1},{6,3,1,9,8,4,7,2,5},{8,2,9,1,0,0,0,0,0},{0,0,0,0,0,0,0,0,0},{0,0,0,0,0,0,0,0,0},{0,0,0,0,0,0,0,0,0},{0,0,0,0,0,0,0,0,0}}
]
13:21:16.943 INFO  [main] SudokuBoard - Warto?? 0 wstawiona nieprawid?owo
13:21:16.944 INFO  [main] SudokuBoard - B?ad w kwadracie 0
sudoku.model.SudokuBoard@66297b63[
  size=9
  solver=sudoku.model.BacktrackingSudokuSolver@1d7f2719
  board={{9,1,3,4,5,6,2,7,8},{2,7,4,8,9,1,5,3,6},{5,6,8,7,3,2,4,9,1},{6,3,1,9,8,4,7,2,5},{8,2,9,1,7,3,6,0,0},{0,0,0,0,0,0,0,0,0},{0,0,0,0,0,0,0,0,0},{0,0,0,0,0,0,0,0,0},{0,0,0,0,0,0,0,0,0}}
]
13:21:16.944 INFO  [main] SudokuBoard - Warto?? 0 wstawiona nieprawid?owo
13:21:16.948 INFO  [main] SudokuBoard - B?ad w kwadracie 0
sudoku.model.SudokuBoard@66297b63[
  size=9
  solver=sudoku.model.BacktrackingSudokuSolver@1d7f2719
  board={{9,1,3,4,5,6,2,7,8},{2,7,4,8,9,1,5,3,6},{5,6,8,7,3,2,4,9,1},{6,3,1,9,8,4,7,2,5},{8,2,9,1,7,3,0,0,0},{0,0,0,0,0,0,0,0,0},{0,0,0,0,0,0,0,0,0},{0,0,0,0,0,0,0,0,0},{0,0,0,0,0,0,0,0,0}}
]
13:21:16.948 INFO  [main] SudokuBoard - Warto?? 0 wstawiona nieprawid?owo
13:21:16.948 INFO  [main] SudokuBoard - B?ad w kwadracie 0
sudoku.model.SudokuBoard@66297b63[
  size=9
  solver=sudoku.model.BacktrackingSudokuSolver@1d7f2719
  board={{9,1,3,4,5,6,2,7,8},{2,7,4,8,9,1,5,3,6},{5,6,8,7,3,2,4,9,1},{6,3,1,9,8,4,7,2,5},{8,2,9,1,7,0,0,0,0},{0,0,0,0,0,0,0,0,0},{0,0,0,0,0,0,0,0,0},{0,0,0,0,0,0,0,0,0},{0,0,0,0,0,0,0,0,0}}
]
13:21:16.948 INFO  [main] SudokuBoard - Warto?? 0 wstawiona nieprawid?owo
13:21:16.949 INFO  [main] SudokuBoard - B?ad w kwadracie 0
sudoku.model.SudokuBoard@66297b63[
  size=9
  solver=sudoku.model.BacktrackingSudokuSolver@1d7f2719
  board={{9,1,3,4,5,6,2,7,8},{2,7,4,8,9,1,5,3,6},{5,6,8,7,3,2,4,9,1},{6,3,1,9,8,4,7,2,5},{8,2,9,1,7,5,3,0,0},{0,0,0,0,0,0,0,0,0},{0,0,0,0,0,0,0,0,0},{0,0,0,0,0,0,0,0,0},{0,0,0,0,0,0,0,0,0}}
]
13:21:16.949 INFO  [main] SudokuBoard - Warto?? 0 wstawiona nieprawid?owo
13:21:16.949 INFO  [main] SudokuBoard - B?ad w kwadracie 0
sudoku.model.SudokuBoard@66297b63[
  size=9
  solver=sudoku.model.BacktrackingSudokuSolver@1d7f2719
  board={{9,1,3,4,5,6,2,7,8},{2,7,4,8,9,1,5,3,6},{5,6,8,7,3,2,4,9,1},{6,3,1,9,8,4,7,2,5},{8,2,9,1,7,5,3,6,4},{7,0,0,0,0,0,0,0,0},{0,0,0,0,0,0,0,0,0},{0,0,0,0,0,0,0,0,0},{0,0,0,0,0,0,0,0,0}}
]
13:21:16.950 INFO  [main] SudokuBoard - Warto?? 0 wstawiona nieprawid?owo
13:21:16.950 INFO  [main] SudokuBoard - B?ad w kwadracie 0
sudoku.model.SudokuBoard@66297b63[
  size=9
  solver=sudoku.model.BacktrackingSudokuSolver@1d7f2719
  board={{9,1,3,4,5,6,2,7,8},{2,7,4,8,9,1,5,3,6},{5,6,8,7,3,2,4,9,1},{6,3,1,9,8,4,7,2,5},{8,2,9,1,7,5,3,6,4},{7,4,5,6,2,3,8,1,9},{4,8,6,2,1,7,9,5,3},{1,9,7,3,4,8,0,0,0},{0,0,0,0,0,0,0,0,0}}
]
13:21:16.950 INFO  [main] SudokuBoard - Warto?? 0 wstawiona nieprawid?owo
13:21:16.951 INFO  [main] SudokuBoard - B?ad w kwadracie 0
sudoku.model.SudokuBoard@66297b63[
  size=9
  solver=sudoku.model.BacktrackingSudokuSolver@1d7f2719
  board={{9,1,3,4,5,6,2,7,8},{2,7,4,8,9,1,5,3,6},{5,6,8,7,3,2,4,9,1},{6,3,1,9,8,4,7,2,5},{8,2,9,1,7,5,3,6,4},{7,4,5,6,2,3,8,1,9},{4,8,6,2,1,7,9,5,3},{1,9,7,3,4,0,0,0,0},{0,0,0,0,0,0,0,0,0}}
]
13:21:16.951 INFO  [main] SudokuBoard - Warto?? 0 wstawiona nieprawid?owo
13:21:16.951 INFO  [main] SudokuBoard - B?ad w kwadracie 0
sudoku.model.SudokuBoard@66297b63[
  size=9
  solver=sudoku.model.BacktrackingSudokuSolver@1d7f2719
  board={{9,1,3,4,5,6,2,7,8},{2,7,4,8,9,1,5,3,6},{5,6,8,7,3,2,4,9,1},{6,3,1,9,8,4,7,2,5},{8,2,9,1,7,5,3,6,4},{7,4,5,6,2,3,8,1,9},{4,8,6,2,1,7,9,5,3},{1,9,7,3,0,0,0,0,0},{0,0,0,0,0,0,0,0,0}}
]
13:21:16.951 INFO  [main] SudokuBoard - Warto?? 0 wstawiona nieprawid?owo
13:21:16.951 INFO  [main] SudokuBoard - B?ad w kwadracie 0
sudoku.model.SudokuBoard@66297b63[
  size=9
  solver=sudoku.model.BacktrackingSudokuSolver@1d7f2719
  board={{9,1,3,4,5,6,2,7,8},{2,7,4,8,9,1,5,3,6},{5,6,8,7,3,2,4,9,1},{6,3,1,9,8,4,7,2,5},{8,2,9,1,7,5,3,6,4},{7,4,5,6,2,3,8,1,9},{4,8,6,2,1,7,9,5,3},{1,9,7,3,6,0,0,0,0},{0,0,0,0,0,0,0,0,0}}
]
13:21:16.951 INFO  [main] SudokuBoard - Warto?? 0 wstawiona nieprawid?owo
13:21:16.953 INFO  [main] SudokuBoard - B?ad w kwadracie 0
sudoku.model.SudokuBoard@66297b63[
  size=9
  solver=sudoku.model.BacktrackingSudokuSolver@1d7f2719
  board={{9,1,3,4,5,6,2,7,8},{2,7,4,8,9,1,5,3,6},{5,6,8,7,3,2,4,9,1},{6,3,1,9,8,4,7,2,5},{8,2,9,1,7,5,3,6,4},{7,4,5,6,2,3,8,1,9},{4,8,6,2,1,7,9,5,3},{1,9,7,3,0,0,0,0,0},{0,0,0,0,0,0,0,0,0}}
]
13:21:16.953 INFO  [main] SudokuBoard - Warto?? 0 wstawiona nieprawid?owo
13:21:16.954 INFO  [main] SudokuBoard - B?ad w kwadracie 0
sudoku.model.SudokuBoard@66297b63[
  size=9
  solver=sudoku.model.BacktrackingSudokuSolver@1d7f2719
  board={{9,1,3,4,5,6,2,7,8},{2,7,4,8,9,1,5,3,6},{5,6,8,7,3,2,4,9,1},{6,3,1,9,8,4,7,2,5},{8,2,9,1,7,5,3,6,4},{7,4,5,6,2,3,8,1,9},{4,8,6,2,1,7,9,5,3},{1,9,7,0,0,0,0,0,0},{0,0,0,0,0,0,0,0,0}}
]
13:21:16.954 INFO  [main] SudokuBoard - Warto?? 0 wstawiona nieprawid?owo
13:21:16.955 INFO  [main] SudokuBoard - B?ad w kwadracie 0
sudoku.model.SudokuBoard@66297b63[
  size=9
  solver=sudoku.model.BacktrackingSudokuSolver@1d7f2719
  board={{9,1,3,4,5,6,2,7,8},{2,7,4,8,9,1,5,3,6},{5,6,8,7,3,2,4,9,1},{6,3,1,9,8,4,7,2,5},{8,2,9,1,7,5,3,6,4},{7,4,5,6,2,3,8,1,9},{4,8,6,2,1,7,9,5,3},{1,9,7,5,4,8,0,0,0},{0,0,0,0,0,0,0,0,0}}
]
13:21:16.955 INFO  [main] SudokuBoard - Warto?? 0 wstawiona nieprawid?owo
13:21:16.955 INFO  [main] SudokuBoard - B?ad w kwadracie 0
sudoku.model.SudokuBoard@66297b63[
  size=9
  solver=sudoku.model.BacktrackingSudokuSolver@1d7f2719
  board={{9,1,3,4,5,6,2,7,8},{2,7,4,8,9,1,5,3,6},{5,6,8,7,3,2,4,9,1},{6,3,1,9,8,4,7,2,5},{8,2,9,1,7,5,3,6,4},{7,4,5,6,2,3,8,1,9},{4,8,6,2,1,7,9,5,3},{1,9,7,5,4,0,0,0,0},{0,0,0,0,0,0,0,0,0}}
]
13:21:16.955 INFO  [main] SudokuBoard - Warto?? 0 wstawiona nieprawid?owo
13:21:16.956 INFO  [main] SudokuBoard - B?ad w kwadracie 0
sudoku.model.SudokuBoard@66297b63[
  size=9
  solver=sudoku.model.BacktrackingSudokuSolver@1d7f2719
  board={{9,1,3,4,5,6,2,7,8},{2,7,4,8,9,1,5,3,6},{5,6,8,7,3,2,4,9,1},{6,3,1,9,8,4,7,2,5},{8,2,9,1,7,5,3,6,4},{7,4,5,6,2,3,8,1,9},{4,8,6,2,1,7,9,5,3},{1,9,7,5,0,0,0,0,0},{0,0,0,0,0,0,0,0,0}}
]
13:21:16.956 INFO  [main] SudokuBoard - Warto?? 0 wstawiona nieprawid?owo
13:21:16.956 INFO  [main] SudokuBoard - B?ad w kwadracie 0
sudoku.model.SudokuBoard@66297b63[
  size=9
  solver=sudoku.model.BacktrackingSudokuSolver@1d7f2719
  board={{9,1,3,4,5,6,2,7,8},{2,7,4,8,9,1,5,3,6},{5,6,8,7,3,2,4,9,1},{6,3,1,9,8,4,7,2,5},{8,2,9,1,7,5,3,6,4},{7,4,5,6,2,3,8,1,9},{4,8,6,2,1,7,9,5,3},{1,9,7,5,6,0,0,0,0},{0,0,0,0,0,0,0,0,0}}
]
13:21:16.956 INFO  [main] SudokuBoard - Warto?? 0 wstawiona nieprawid?owo
13:21:16.957 INFO  [main] SudokuBoard - B?ad w kwadracie 0
sudoku.model.SudokuBoard@66297b63[
  size=9
  solver=sudoku.model.BacktrackingSudokuSolver@1d7f2719
  board={{9,1,3,4,5,6,2,7,8},{2,7,4,8,9,1,5,3,6},{5,6,8,7,3,2,4,9,1},{6,3,1,9,8,4,7,2,5},{8,2,9,1,7,5,3,6,4},{7,4,5,6,2,3,8,1,9},{4,8,6,2,1,7,9,5,3},{1,9,7,5,0,0,0,0,0},{0,0,0,0,0,0,0,0,0}}
]
13:21:16.957 INFO  [main] SudokuBoard - Warto?? 0 wstawiona nieprawid?owo
13:21:16.966 INFO  [main] SudokuBoard - B?ad w kwadracie 0
sudoku.model.SudokuBoard@66297b63[
  size=9
  solver=sudoku.model.BacktrackingSudokuSolver@1d7f2719
  board={{9,1,3,4,5,6,2,7,8},{2,7,4,8,9,1,5,3,6},{5,6,8,7,3,2,4,9,1},{6,3,1,9,8,4,7,2,5},{8,2,9,1,7,5,3,6,4},{7,4,5,6,2,3,8,1,9},{4,8,6,2,1,7,9,5,3},{1,9,7,0,0,0,0,0,0},{0,0,0,0,0,0,0,0,0}}
]
13:21:16.967 INFO  [main] SudokuBoard - Warto?? 0 wstawiona nieprawid?owo
13:21:16.967 INFO  [main] SudokuBoard - B?ad w kwadracie 0
sudoku.model.SudokuBoard@66297b63[
  size=9
  solver=sudoku.model.BacktrackingSudokuSolver@1d7f2719
  board={{9,1,3,4,5,6,2,7,8},{2,7,4,8,9,1,5,3,6},{5,6,8,7,3,2,4,9,1},{6,3,1,9,8,4,7,2,5},{8,2,9,1,7,5,3,6,4},{7,4,5,6,2,3,8,1,9},{4,8,6,2,1,7,9,5,3},{1,9,0,0,0,0,0,0,0},{0,0,0,0,0,0,0,0,0}}
]
13:21:16.968 INFO  [main] SudokuBoard - Warto?? 0 wstawiona nieprawid?owo
13:21:16.968 INFO  [main] SudokuBoard - B?ad w kwadracie 0
sudoku.model.SudokuBoard@66297b63[
  size=9
  solver=sudoku.model.BacktrackingSudokuSolver@1d7f2719
  board={{9,1,3,4,5,6,2,7,8},{2,7,4,8,9,1,5,3,6},{5,6,8,7,3,2,4,9,1},{6,3,1,9,8,4,7,2,5},{8,2,9,1,7,5,3,6,4},{7,4,5,6,2,3,8,1,9},{4,8,6,2,1,7,9,5,3},{1,9,2,5,4,8,0,0,0},{0,0,0,0,0,0,0,0,0}}
]
13:21:16.988 INFO  [main] SudokuBoard - Warto?? 0 wstawiona nieprawid?owo
13:21:16.989 INFO  [main] SudokuBoard - B?ad w kwadracie 0
sudoku.model.SudokuBoard@66297b63[
  size=9
  solver=sudoku.model.BacktrackingSudokuSolver@1d7f2719
  board={{9,1,3,4,5,6,2,7,8},{2,7,4,8,9,1,5,3,6},{5,6,8,7,3,2,4,9,1},{6,3,1,9,8,4,7,2,5},{8,2,9,1,7,5,3,6,4},{7,4,5,6,2,3,8,1,9},{4,8,6,2,1,7,9,5,3},{1,9,2,5,4,0,0,0,0},{0,0,0,0,0,0,0,0,0}}
]
13:21:16.989 INFO  [main] SudokuBoard - Warto?? 0 wstawiona nieprawid?owo
13:21:16.989 INFO  [main] SudokuBoard - B?ad w kwadracie 0
sudoku.model.SudokuBoard@66297b63[
  size=9
  solver=sudoku.model.BacktrackingSudokuSolver@1d7f2719
  board={{9,1,3,4,5,6,2,7,8},{2,7,4,8,9,1,5,3,6},{5,6,8,7,3,2,4,9,1},{6,3,1,9,8,4,7,2,5},{8,2,9,1,7,5,3,6,4},{7,4,5,6,2,3,8,1,9},{4,8,6,2,1,7,9,5,3},{1,9,2,5,0,0,0,0,0},{0,0,0,0,0,0,0,0,0}}
]
13:21:16.989 INFO  [main] SudokuBoard - Warto?? 0 wstawiona nieprawid?owo
13:21:16.990 INFO  [main] SudokuBoard - B?ad w kwadracie 0
sudoku.model.SudokuBoard@66297b63[
  size=9
  solver=sudoku.model.BacktrackingSudokuSolver@1d7f2719
  board={{9,1,3,4,5,6,2,7,8},{2,7,4,8,9,1,5,3,6},{5,6,8,7,3,2,4,9,1},{6,3,1,9,8,4,7,2,5},{8,2,9,1,7,5,3,6,4},{7,4,5,6,2,3,8,1,9},{4,8,6,2,1,7,9,5,3},{1,9,2,5,6,0,0,0,0},{0,0,0,0,0,0,0,0,0}}
]
13:21:16.990 INFO  [main] SudokuBoard - Warto?? 0 wstawiona nieprawid?owo
13:21:16.990 INFO  [main] SudokuBoard - B?ad w kwadracie 0
sudoku.model.SudokuBoard@66297b63[
  size=9
  solver=sudoku.model.BacktrackingSudokuSolver@1d7f2719
  board={{9,1,3,4,5,6,2,7,8},{2,7,4,8,9,1,5,3,6},{5,6,8,7,3,2,4,9,1},{6,3,1,9,8,4,7,2,5},{8,2,9,1,7,5,3,6,4},{7,4,5,6,2,3,8,1,9},{4,8,6,2,1,7,9,5,3},{1,9,2,5,0,0,0,0,0},{0,0,0,0,0,0,0,0,0}}
]
13:21:16.990 INFO  [main] SudokuBoard - Warto?? 0 wstawiona nieprawid?owo
13:21:16.990 INFO  [main] SudokuBoard - B?ad w kwadracie 0
sudoku.model.SudokuBoard@66297b63[
  size=9
  solver=sudoku.model.BacktrackingSudokuSolver@1d7f2719
  board={{9,1,3,4,5,6,2,7,8},{2,7,4,8,9,1,5,3,6},{5,6,8,7,3,2,4,9,1},{6,3,1,9,8,4,7,2,5},{8,2,9,1,7,5,3,6,4},{7,4,5,6,2,3,8,1,9},{4,8,6,2,1,7,9,5,3},{1,9,2,0,0,0,0,0,0},{0,0,0,0,0,0,0,0,0}}
]
13:21:16.990 INFO  [main] SudokuBoard - Warto?? 0 wstawiona nieprawid?owo
13:21:17.000 INFO  [main] SudokuBoard - B?ad w kwadracie 0
sudoku.model.SudokuBoard@66297b63[
  size=9
  solver=sudoku.model.BacktrackingSudokuSolver@1d7f2719
  board={{9,1,3,4,5,6,2,7,8},{2,7,4,8,9,1,5,3,6},{5,6,8,7,3,2,4,9,1},{6,3,1,9,8,4,7,2,5},{8,2,9,1,7,5,3,6,4},{7,4,5,6,2,3,8,1,9},{4,8,6,2,1,7,9,5,3},{1,9,2,3,4,8,0,0,0},{0,0,0,0,0,0,0,0,0}}
]
13:21:17.000 INFO  [main] SudokuBoard - Warto?? 0 wstawiona nieprawid?owo
13:21:17.000 INFO  [main] SudokuBoard - B?ad w kwadracie 0
sudoku.model.SudokuBoard@66297b63[
  size=9
  solver=sudoku.model.BacktrackingSudokuSolver@1d7f2719
  board={{9,1,3,4,5,6,2,7,8},{2,7,4,8,9,1,5,3,6},{5,6,8,7,3,2,4,9,1},{6,3,1,9,8,4,7,2,5},{8,2,9,1,7,5,3,6,4},{7,4,5,6,2,3,8,1,9},{4,8,6,2,1,7,9,5,3},{1,9,2,3,4,0,0,0,0},{0,0,0,0,0,0,0,0,0}}
]
13:21:17.001 INFO  [main] SudokuBoard - Warto?? 0 wstawiona nieprawid?owo
13:21:17.001 INFO  [main] SudokuBoard - B?ad w kwadracie 0
sudoku.model.SudokuBoard@66297b63[
  size=9
  solver=sudoku.model.BacktrackingSudokuSolver@1d7f2719
  board={{9,1,3,4,5,6,2,7,8},{2,7,4,8,9,1,5,3,6},{5,6,8,7,3,2,4,9,1},{6,3,1,9,8,4,7,2,5},{8,2,9,1,7,5,3,6,4},{7,4,5,6,2,3,8,1,9},{4,8,6,2,1,7,9,5,3},{1,9,2,3,0,0,0,0,0},{0,0,0,0,0,0,0,0,0}}
]
13:21:17.001 INFO  [main] SudokuBoard - Warto?? 0 wstawiona nieprawid?owo
13:21:17.003 INFO  [main] SudokuBoard - B?ad w kwadracie 0
sudoku.model.SudokuBoard@66297b63[
  size=9
  solver=sudoku.model.BacktrackingSudokuSolver@1d7f2719
  board={{9,1,3,4,5,6,2,7,8},{2,7,4,8,9,1,5,3,6},{5,6,8,7,3,2,4,9,1},{6,3,1,9,8,4,7,2,5},{8,2,9,1,7,5,3,6,4},{7,4,5,6,2,3,8,1,9},{4,8,6,2,1,7,9,5,3},{1,9,2,3,6,0,0,0,0},{0,0,0,0,0,0,0,0,0}}
]
13:21:17.004 INFO  [main] SudokuBoard - Warto?? 0 wstawiona nieprawid?owo
13:21:17.004 INFO  [main] SudokuBoard - B?ad w kwadracie 0
sudoku.model.SudokuBoard@66297b63[
  size=9
  solver=sudoku.model.BacktrackingSudokuSolver@1d7f2719
  board={{9,1,3,4,5,6,2,7,8},{2,7,4,8,9,1,5,3,6},{5,6,8,7,3,2,4,9,1},{6,3,1,9,8,4,7,2,5},{8,2,9,1,7,5,3,6,4},{7,4,5,6,2,3,8,1,9},{4,8,6,2,1,7,9,5,3},{1,9,2,3,0,0,0,0,0},{0,0,0,0,0,0,0,0,0}}
]
13:21:17.004 INFO  [main] SudokuBoard - Warto?? 0 wstawiona nieprawid?owo
13:21:17.004 INFO  [main] SudokuBoard - B?ad w kwadracie 0
sudoku.model.SudokuBoard@66297b63[
  size=9
  solver=sudoku.model.BacktrackingSudokuSolver@1d7f2719
  board={{9,1,3,4,5,6,2,7,8},{2,7,4,8,9,1,5,3,6},{5,6,8,7,3,2,4,9,1},{6,3,1,9,8,4,7,2,5},{8,2,9,1,7,5,3,6,4},{7,4,5,6,2,3,8,1,9},{4,8,6,2,1,7,9,5,3},{1,9,2,0,0,0,0,0,0},{0,0,0,0,0,0,0,0,0}}
]
13:21:17.004 INFO  [main] SudokuBoard - Warto?? 0 wstawiona nieprawid?owo
13:21:17.004 INFO  [main] SudokuBoard - B?ad w kwadracie 0
sudoku.model.SudokuBoard@66297b63[
  size=9
  solver=sudoku.model.BacktrackingSudokuSolver@1d7f2719
  board={{9,1,3,4,5,6,2,7,8},{2,7,4,8,9,1,5,3,6},{5,6,8,7,3,2,4,9,1},{6,3,1,9,8,4,7,2,5},{8,2,9,1,7,5,3,6,4},{7,4,5,6,2,3,8,1,9},{4,8,6,2,1,7,9,5,3},{1,9,0,0,0,0,0,0,0},{0,0,0,0,0,0,0,0,0}}
]
13:21:17.004 INFO  [main] SudokuBoard - Warto?? 0 wstawiona nieprawid?owo
13:21:17.005 INFO  [main] SudokuBoard - B?ad w kwadracie 0
sudoku.model.SudokuBoard@66297b63[
  size=9
  solver=sudoku.model.BacktrackingSudokuSolver@1d7f2719
  board={{9,1,3,4,5,6,2,7,8},{2,7,4,8,9,1,5,3,6},{5,6,8,7,3,2,4,9,1},{6,3,1,9,8,4,7,2,5},{8,2,9,1,7,5,3,6,4},{7,4,5,6,2,3,8,1,9},{4,8,6,2,1,7,9,5,3},{1,0,0,0,0,0,0,0,0},{0,0,0,0,0,0,0,0,0}}
]
13:21:17.005 INFO  [main] SudokuBoard - Warto?? 0 wstawiona nieprawid?owo
13:21:17.005 INFO  [main] SudokuBoard - B?ad w kwadracie 0
sudoku.model.SudokuBoard@66297b63[
  size=9
  solver=sudoku.model.BacktrackingSudokuSolver@1d7f2719
  board={{9,1,3,4,5,6,2,7,8},{2,7,4,8,9,1,5,3,6},{5,6,8,7,3,2,4,9,1},{6,3,1,9,8,4,7,2,5},{8,2,9,1,7,5,3,6,4},{7,4,5,6,2,3,8,1,9},{4,8,6,2,1,7,9,5,3},{1,5,7,3,6,0,0,0,0},{0,0,0,0,0,0,0,0,0}}
]
13:21:17.005 INFO  [main] SudokuBoard - Warto?? 0 wstawiona nieprawid?owo
13:21:17.005 INFO  [main] SudokuBoard - B?ad w kwadracie 0
sudoku.model.SudokuBoard@66297b63[
  size=9
  solver=sudoku.model.BacktrackingSudokuSolver@1d7f2719
  board={{9,1,3,4,5,6,2,7,8},{2,7,4,8,9,1,5,3,6},{5,6,8,7,3,2,4,9,1},{6,3,1,9,8,4,7,2,5},{8,2,9,1,7,5,3,6,4},{7,4,5,6,2,3,8,1,9},{4,8,6,2,1,7,9,5,3},{1,5,7,3,6,0,0,0,0},{0,0,0,0,0,0,0,0,0}}
]
13:21:17.005 INFO  [main] SudokuBoard - Warto?? 0 wstawiona nieprawid?owo
13:21:17.006 INFO  [main] SudokuBoard - B?ad w kwadracie 0
sudoku.model.SudokuBoard@66297b63[
  size=9
  solver=sudoku.model.BacktrackingSudokuSolver@1d7f2719
  board={{9,1,3,4,5,6,2,7,8},{2,7,4,8,9,1,5,3,6},{5,6,8,7,3,2,4,9,1},{6,3,1,9,8,4,7,2,5},{8,2,9,1,7,5,3,6,4},{7,4,5,6,2,3,8,1,9},{4,8,6,2,1,7,9,5,3},{1,5,7,3,0,0,0,0,0},{0,0,0,0,0,0,0,0,0}}
]
13:21:17.006 INFO  [main] SudokuBoard - Warto?? 0 wstawiona nieprawid?owo
13:21:17.006 INFO  [main] SudokuBoard - B?ad w kwadracie 0
sudoku.model.SudokuBoard@66297b63[
  size=9
  solver=sudoku.model.BacktrackingSudokuSolver@1d7f2719
  board={{9,1,3,4,5,6,2,7,8},{2,7,4,8,9,1,5,3,6},{5,6,8,7,3,2,4,9,1},{6,3,1,9,8,4,7,2,5},{8,2,9,1,7,5,3,6,4},{7,4,5,6,2,3,8,1,9},{4,8,6,2,1,7,9,5,3},{1,5,7,3,4,8,0,0,0},{0,0,0,0,0,0,0,0,0}}
]
13:21:17.006 INFO  [main] SudokuBoard - Warto?? 0 wstawiona nieprawid?owo
13:21:17.006 INFO  [main] SudokuBoard - B?ad w kwadracie 0
sudoku.model.SudokuBoard@66297b63[
  size=9
  solver=sudoku.model.BacktrackingSudokuSolver@1d7f2719
  board={{9,1,3,4,5,6,2,7,8},{2,7,4,8,9,1,5,3,6},{5,6,8,7,3,2,4,9,1},{6,3,1,9,8,4,7,2,5},{8,2,9,1,7,5,3,6,4},{7,4,5,6,2,3,8,1,9},{4,8,6,2,1,7,9,5,3},{1,5,7,3,4,0,0,0,0},{0,0,0,0,0,0,0,0,0}}
]
13:21:17.006 INFO  [main] SudokuBoard - Warto?? 0 wstawiona nieprawid?owo
]]></system-out>
  </testcase>
  <testcase name="testEqualsNull" classname="sudoku.model.SeriesTest" time="0.037">
    <system-out><![CDATA[13:21:17.046 INFO  [main] SudokuBoard - B?ad w kwadracie 0
sudoku.model.SudokuBoard@685e5967[
  size=9
  solver=sudoku.model.BacktrackingSudokuSolver@106387cf
  board={{9,8,1,4,7,2,5,3,6},{3,6,7,8,5,9,1,2,4},{2,4,5,1,3,6,7,8,9},{4,9,6,2,8,0,0,0,0},{0,0,0,0,0,0,0,0,0},{0,0,0,0,0,0,0,0,0},{0,0,0,0,0,0,0,0,0},{0,0,0,0,0,0,0,0,0},{0,0,0,0,0,0,0,0,0}}
]
13:21:17.046 INFO  [main] SudokuBoard - Warto?? 0 wstawiona nieprawid?owo
13:21:17.046 INFO  [main] SudokuBoard - B?ad w kwadracie 0
sudoku.model.SudokuBoard@685e5967[
  size=9
  solver=sudoku.model.BacktrackingSudokuSolver@106387cf
  board={{9,8,1,4,7,2,5,3,6},{3,6,7,8,5,9,1,2,4},{2,4,5,1,3,6,7,8,9},{4,9,6,2,8,5,3,1,7},{7,1,8,9,4,3,2,0,0},{0,0,0,0,0,0,0,0,0},{0,0,0,0,0,0,0,0,0},{0,0,0,0,0,0,0,0,0},{0,0,0,0,0,0,0,0,0}}
]
13:21:17.047 INFO  [main] SudokuBoard - Warto?? 0 wstawiona nieprawid?owo
]]></system-out>
  </testcase>
  <testcase name="testEqualsSame" classname="sudoku.model.SeriesTest" time="0.099">
    <system-out><![CDATA[13:21:17.061 INFO  [main] SudokuBoard - B?ad w kwadracie 0
sudoku.model.SudokuBoard@3d3c14c3[
  size=9
  solver=sudoku.model.BacktrackingSudokuSolver@599fab92
  board={{1,5,2,8,7,6,3,4,9},{4,3,6,9,1,2,5,8,7},{7,8,9,4,5,3,2,1,6},{5,2,4,6,8,7,9,3,1},{6,7,1,2,4,5,0,0,0},{0,0,0,0,0,0,0,0,0},{0,0,0,0,0,0,0,0,0},{0,0,0,0,0,0,0,0,0},{0,0,0,0,0,0,0,0,0}}
]
13:21:17.061 INFO  [main] SudokuBoard - Warto?? 0 wstawiona nieprawid?owo
13:21:17.061 INFO  [main] SudokuBoard - B?ad w kwadracie 0
sudoku.model.SudokuBoard@3d3c14c3[
  size=9
  solver=sudoku.model.BacktrackingSudokuSolver@599fab92
  board={{1,5,2,8,7,6,3,4,9},{4,3,6,9,1,2,5,8,7},{7,8,9,4,5,3,2,1,6},{5,2,4,6,8,7,9,3,1},{6,7,1,2,4,0,0,0,0},{0,0,0,0,0,0,0,0,0},{0,0,0,0,0,0,0,0,0},{0,0,0,0,0,0,0,0,0},{0,0,0,0,0,0,0,0,0}}
]
13:21:17.061 INFO  [main] SudokuBoard - Warto?? 0 wstawiona nieprawid?owo
13:21:17.062 INFO  [main] SudokuBoard - B?ad w kwadracie 0
sudoku.model.SudokuBoard@3d3c14c3[
  size=9
  solver=sudoku.model.BacktrackingSudokuSolver@599fab92
  board={{1,5,2,8,7,6,3,4,9},{4,3,6,9,1,2,5,8,7},{7,8,9,4,5,3,2,1,6},{5,2,4,6,8,7,9,3,1},{6,7,1,2,4,9,8,0,0},{0,0,0,0,0,0,0,0,0},{0,0,0,0,0,0,0,0,0},{0,0,0,0,0,0,0,0,0},{0,0,0,0,0,0,0,0,0}}
]
13:21:17.062 INFO  [main] SudokuBoard - Warto?? 0 wstawiona nieprawid?owo
13:21:17.062 INFO  [main] SudokuBoard - B?ad w kwadracie 0
sudoku.model.SudokuBoard@3d3c14c3[
  size=9
  solver=sudoku.model.BacktrackingSudokuSolver@599fab92
  board={{1,5,2,8,7,6,3,4,9},{4,3,6,9,1,2,5,8,7},{7,8,9,4,5,3,2,1,6},{5,2,4,6,8,7,9,3,1},{6,7,1,2,4,9,0,0,0},{0,0,0,0,0,0,0,0,0},{0,0,0,0,0,0,0,0,0},{0,0,0,0,0,0,0,0,0},{0,0,0,0,0,0,0,0,0}}
]
13:21:17.062 INFO  [main] SudokuBoard - Warto?? 0 wstawiona nieprawid?owo
13:21:17.063 INFO  [main] SudokuBoard - B?ad w kwadracie 0
sudoku.model.SudokuBoard@3d3c14c3[
  size=9
  solver=sudoku.model.BacktrackingSudokuSolver@599fab92
  board={{1,5,2,8,7,6,3,4,9},{4,3,6,9,1,2,5,8,7},{7,8,9,4,5,3,2,1,6},{5,2,4,6,8,7,9,3,1},{6,7,1,2,4,0,0,0,0},{0,0,0,0,0,0,0,0,0},{0,0,0,0,0,0,0,0,0},{0,0,0,0,0,0,0,0,0},{0,0,0,0,0,0,0,0,0}}
]
13:21:17.063 INFO  [main] SudokuBoard - Warto?? 0 wstawiona nieprawid?owo
13:21:17.063 INFO  [main] SudokuBoard - B?ad w kwadracie 0
sudoku.model.SudokuBoard@3d3c14c3[
  size=9
  solver=sudoku.model.BacktrackingSudokuSolver@599fab92
  board={{1,5,2,8,7,6,3,4,9},{4,3,6,9,1,2,5,8,7},{7,8,9,4,5,3,2,1,6},{5,2,4,6,8,7,9,3,1},{6,7,1,2,0,0,0,0,0},{0,0,0,0,0,0,0,0,0},{0,0,0,0,0,0,0,0,0},{0,0,0,0,0,0,0,0,0},{0,0,0,0,0,0,0,0,0}}
]
13:21:17.063 INFO  [main] SudokuBoard - Warto?? 0 wstawiona nieprawid?owo
13:21:17.064 INFO  [main] SudokuBoard - B?ad w kwadracie 0
sudoku.model.SudokuBoard@3d3c14c3[
  size=9
  solver=sudoku.model.BacktrackingSudokuSolver@599fab92
  board={{1,5,2,8,7,6,3,4,9},{4,3,6,9,1,2,5,8,7},{7,8,9,4,5,3,2,1,6},{5,2,4,6,8,7,9,3,1},{6,7,1,2,9,4,8,0,0},{0,0,0,0,0,0,0,0,0},{0,0,0,0,0,0,0,0,0},{0,0,0,0,0,0,0,0,0},{0,0,0,0,0,0,0,0,0}}
]
13:21:17.064 INFO  [main] SudokuBoard - Warto?? 0 wstawiona nieprawid?owo
13:21:17.064 INFO  [main] SudokuBoard - B?ad w kwadracie 0
sudoku.model.SudokuBoard@3d3c14c3[
  size=9
  solver=sudoku.model.BacktrackingSudokuSolver@599fab92
  board={{1,5,2,8,7,6,3,4,9},{4,3,6,9,1,2,5,8,7},{7,8,9,4,5,3,2,1,6},{5,2,4,6,8,7,9,3,1},{6,7,1,2,9,4,0,0,0},{0,0,0,0,0,0,0,0,0},{0,0,0,0,0,0,0,0,0},{0,0,0,0,0,0,0,0,0},{0,0,0,0,0,0,0,0,0}}
]
13:21:17.064 INFO  [main] SudokuBoard - Warto?? 0 wstawiona nieprawid?owo
13:21:17.064 INFO  [main] SudokuBoard - B?ad w kwadracie 0
sudoku.model.SudokuBoard@3d3c14c3[
  size=9
  solver=sudoku.model.BacktrackingSudokuSolver@599fab92
  board={{1,5,2,8,7,6,3,4,9},{4,3,6,9,1,2,5,8,7},{7,8,9,4,5,3,2,1,6},{5,2,4,6,8,7,9,3,1},{6,7,1,2,9,0,0,0,0},{0,0,0,0,0,0,0,0,0},{0,0,0,0,0,0,0,0,0},{0,0,0,0,0,0,0,0,0},{0,0,0,0,0,0,0,0,0}}
]
13:21:17.064 INFO  [main] SudokuBoard - Warto?? 0 wstawiona nieprawid?owo
13:21:17.065 INFO  [main] SudokuBoard - B?ad w kwadracie 0
sudoku.model.SudokuBoard@3d3c14c3[
  size=9
  solver=sudoku.model.BacktrackingSudokuSolver@599fab92
  board={{1,5,2,8,7,6,3,4,9},{4,3,6,9,1,2,5,8,7},{7,8,9,4,5,3,2,1,6},{5,2,4,6,8,7,9,3,1},{6,7,1,2,9,5,0,0,0},{0,0,0,0,0,0,0,0,0},{0,0,0,0,0,0,0,0,0},{0,0,0,0,0,0,0,0,0},{0,0,0,0,0,0,0,0,0}}
]
13:21:17.065 INFO  [main] SudokuBoard - Warto?? 0 wstawiona nieprawid?owo
13:21:17.065 INFO  [main] SudokuBoard - B?ad w kwadracie 0
sudoku.model.SudokuBoard@3d3c14c3[
  size=9
  solver=sudoku.model.BacktrackingSudokuSolver@599fab92
  board={{1,5,2,8,7,6,3,4,9},{4,3,6,9,1,2,5,8,7},{7,8,9,4,5,3,2,1,6},{5,2,4,6,8,7,9,3,1},{6,7,1,2,9,5,0,0,0},{0,0,0,0,0,0,0,0,0},{0,0,0,0,0,0,0,0,0},{0,0,0,0,0,0,0,0,0},{0,0,0,0,0,0,0,0,0}}
]
13:21:17.065 INFO  [main] SudokuBoard - Warto?? 0 wstawiona nieprawid?owo
13:21:17.065 INFO  [main] SudokuBoard - B?ad w kwadracie 0
sudoku.model.SudokuBoard@3d3c14c3[
  size=9
  solver=sudoku.model.BacktrackingSudokuSolver@599fab92
  board={{1,5,2,8,7,6,3,4,9},{4,3,6,9,1,2,5,8,7},{7,8,9,4,5,3,2,1,6},{5,2,4,6,8,7,9,3,1},{6,7,1,2,9,0,0,0,0},{0,0,0,0,0,0,0,0,0},{0,0,0,0,0,0,0,0,0},{0,0,0,0,0,0,0,0,0},{0,0,0,0,0,0,0,0,0}}
]
13:21:17.065 INFO  [main] SudokuBoard - Warto?? 0 wstawiona nieprawid?owo
13:21:17.065 INFO  [main] SudokuBoard - B?ad w kwadracie 0
sudoku.model.SudokuBoard@3d3c14c3[
  size=9
  solver=sudoku.model.BacktrackingSudokuSolver@599fab92
  board={{1,5,2,8,7,6,3,4,9},{4,3,6,9,1,2,5,8,7},{7,8,9,4,5,3,2,1,6},{5,2,4,6,8,7,9,3,1},{6,7,1,2,0,0,0,0,0},{0,0,0,0,0,0,0,0,0},{0,0,0,0,0,0,0,0,0},{0,0,0,0,0,0,0,0,0},{0,0,0,0,0,0,0,0,0}}
]
13:21:17.066 INFO  [main] SudokuBoard - Warto?? 0 wstawiona nieprawid?owo
13:21:17.066 INFO  [main] SudokuBoard - B?ad w kwadracie 0
sudoku.model.SudokuBoard@3d3c14c3[
  size=9
  solver=sudoku.model.BacktrackingSudokuSolver@599fab92
  board={{1,5,2,8,7,6,3,4,9},{4,3,6,9,1,2,5,8,7},{7,8,9,4,5,3,2,1,6},{5,2,4,6,8,7,9,3,1},{6,7,1,2,3,9,8,5,4},{3,9,8,5,4,1,6,7,2},{8,1,7,3,2,0,0,0,0},{0,0,0,0,0,0,0,0,0},{0,0,0,0,0,0,0,0,0}}
]
13:21:17.066 INFO  [main] SudokuBoard - Warto?? 0 wstawiona nieprawid?owo
13:21:17.066 INFO  [main] SudokuBoard - B?ad w kwadracie 0
sudoku.model.SudokuBoard@3d3c14c3[
  size=9
  solver=sudoku.model.BacktrackingSudokuSolver@599fab92
  board={{1,5,2,8,7,6,3,4,9},{4,3,6,9,1,2,5,8,7},{7,8,9,4,5,3,2,1,6},{5,2,4,6,8,7,9,3,1},{6,7,1,2,3,9,8,5,4},{3,9,8,5,4,1,6,7,2},{8,1,7,3,2,5,4,0,0},{0,0,0,0,0,0,0,0,0},{0,0,0,0,0,0,0,0,0}}
]
13:21:17.066 INFO  [main] SudokuBoard - Warto?? 0 wstawiona nieprawid?owo
13:21:17.066 INFO  [main] SudokuBoard - B?ad w kwadracie 0
sudoku.model.SudokuBoard@3d3c14c3[
  size=9
  solver=sudoku.model.BacktrackingSudokuSolver@599fab92
  board={{1,5,2,8,7,6,3,4,9},{4,3,6,9,1,2,5,8,7},{7,8,9,4,5,3,2,1,6},{5,2,4,6,8,7,9,3,1},{6,7,1,2,3,9,8,5,4},{3,9,8,5,4,1,6,7,2},{8,1,7,3,2,5,4,0,0},{0,0,0,0,0,0,0,0,0},{0,0,0,0,0,0,0,0,0}}
]
13:21:17.066 INFO  [main] SudokuBoard - Warto?? 0 wstawiona nieprawid?owo
13:21:17.067 INFO  [main] SudokuBoard - B?ad w kwadracie 0
sudoku.model.SudokuBoard@3d3c14c3[
  size=9
  solver=sudoku.model.BacktrackingSudokuSolver@599fab92
  board={{1,5,2,8,7,6,3,4,9},{4,3,6,9,1,2,5,8,7},{7,8,9,4,5,3,2,1,6},{5,2,4,6,8,7,9,3,1},{6,7,1,2,3,9,8,5,4},{3,9,8,5,4,1,6,7,2},{8,1,7,3,2,5,0,0,0},{0,0,0,0,0,0,0,0,0},{0,0,0,0,0,0,0,0,0}}
]
13:21:17.067 INFO  [main] SudokuBoard - Warto?? 0 wstawiona nieprawid?owo
13:21:17.070 INFO  [main] SudokuBoard - B?ad w kwadracie 0
sudoku.model.SudokuBoard@3d3c14c3[
  size=9
  solver=sudoku.model.BacktrackingSudokuSolver@599fab92
  board={{1,5,2,8,7,6,3,4,9},{4,3,6,9,1,2,5,8,7},{7,8,9,4,5,3,2,1,6},{5,2,4,6,8,7,9,3,1},{6,7,1,2,3,9,8,5,4},{3,9,8,5,4,1,6,7,2},{8,1,7,3,2,0,0,0,0},{0,0,0,0,0,0,0,0,0},{0,0,0,0,0,0,0,0,0}}
]
13:21:17.070 INFO  [main] SudokuBoard - Warto?? 0 wstawiona nieprawid?owo
13:21:17.070 INFO  [main] SudokuBoard - B?ad w kwadracie 0
sudoku.model.SudokuBoard@3d3c14c3[
  size=9
  solver=sudoku.model.BacktrackingSudokuSolver@599fab92
  board={{1,5,2,8,7,6,3,4,9},{4,3,6,9,1,2,5,8,7},{7,8,9,4,5,3,2,1,6},{5,2,4,6,8,7,9,3,1},{6,7,1,2,3,9,8,5,4},{3,9,8,5,4,1,6,7,2},{8,1,7,3,0,0,0,0,0},{0,0,0,0,0,0,0,0,0},{0,0,0,0,0,0,0,0,0}}
]
13:21:17.070 INFO  [main] SudokuBoard - Warto?? 0 wstawiona nieprawid?owo
13:21:17.070 INFO  [main] SudokuBoard - B?ad w kwadracie 0
sudoku.model.SudokuBoard@3d3c14c3[
  size=9
  solver=sudoku.model.BacktrackingSudokuSolver@599fab92
  board={{1,5,2,8,7,6,3,4,9},{4,3,6,9,1,2,5,8,7},{7,8,9,4,5,3,2,1,6},{5,2,4,6,8,7,9,3,1},{6,7,1,2,3,9,8,5,4},{3,9,8,5,4,1,6,7,2},{8,1,7,3,6,0,0,0,0},{0,0,0,0,0,0,0,0,0},{0,0,0,0,0,0,0,0,0}}
]
13:21:17.071 INFO  [main] SudokuBoard - Warto?? 0 wstawiona nieprawid?owo
13:21:17.071 INFO  [main] SudokuBoard - B?ad w kwadracie 0
sudoku.model.SudokuBoard@3d3c14c3[
  size=9
  solver=sudoku.model.BacktrackingSudokuSolver@599fab92
  board={{1,5,2,8,7,6,3,4,9},{4,3,6,9,1,2,5,8,7},{7,8,9,4,5,3,2,1,6},{5,2,4,6,8,7,9,3,1},{6,7,1,2,3,9,8,5,4},{3,9,8,5,4,1,6,7,2},{8,1,7,3,6,5,4,0,0},{0,0,0,0,0,0,0,0,0},{0,0,0,0,0,0,0,0,0}}
]
13:21:17.071 INFO  [main] SudokuBoard - Warto?? 0 wstawiona nieprawid?owo
13:21:17.071 INFO  [main] SudokuBoard - B?ad w kwadracie 0
sudoku.model.SudokuBoard@3d3c14c3[
  size=9
  solver=sudoku.model.BacktrackingSudokuSolver@599fab92
  board={{1,5,2,8,7,6,3,4,9},{4,3,6,9,1,2,5,8,7},{7,8,9,4,5,3,2,1,6},{5,2,4,6,8,7,9,3,1},{6,7,1,2,3,9,8,5,4},{3,9,8,5,4,1,6,7,2},{8,1,7,3,6,5,4,0,0},{0,0,0,0,0,0,0,0,0},{0,0,0,0,0,0,0,0,0}}
]
13:21:17.082 INFO  [main] SudokuBoard - Warto?? 0 wstawiona nieprawid?owo
13:21:17.082 INFO  [main] SudokuBoard - B?ad w kwadracie 0
sudoku.model.SudokuBoard@3d3c14c3[
  size=9
  solver=sudoku.model.BacktrackingSudokuSolver@599fab92
  board={{1,5,2,8,7,6,3,4,9},{4,3,6,9,1,2,5,8,7},{7,8,9,4,5,3,2,1,6},{5,2,4,6,8,7,9,3,1},{6,7,1,2,3,9,8,5,4},{3,9,8,5,4,1,6,7,2},{8,1,7,3,6,5,0,0,0},{0,0,0,0,0,0,0,0,0},{0,0,0,0,0,0,0,0,0}}
]
13:21:17.082 INFO  [main] SudokuBoard - Warto?? 0 wstawiona nieprawid?owo
13:21:17.083 INFO  [main] SudokuBoard - B?ad w kwadracie 0
sudoku.model.SudokuBoard@3d3c14c3[
  size=9
  solver=sudoku.model.BacktrackingSudokuSolver@599fab92
  board={{1,5,2,8,7,6,3,4,9},{4,3,6,9,1,2,5,8,7},{7,8,9,4,5,3,2,1,6},{5,2,4,6,8,7,9,3,1},{6,7,1,2,3,9,8,5,4},{3,9,8,5,4,1,6,7,2},{8,1,7,3,6,0,0,0,0},{0,0,0,0,0,0,0,0,0},{0,0,0,0,0,0,0,0,0}}
]
13:21:17.083 INFO  [main] SudokuBoard - Warto?? 0 wstawiona nieprawid?owo
13:21:17.086 INFO  [main] SudokuBoard - B?ad w kwadracie 0
sudoku.model.SudokuBoard@3d3c14c3[
  size=9
  solver=sudoku.model.BacktrackingSudokuSolver@599fab92
  board={{1,5,2,8,7,6,3,4,9},{4,3,6,9,1,2,5,8,7},{7,8,9,4,5,3,2,1,6},{5,2,4,6,8,7,9,3,1},{6,7,1,2,3,9,8,5,4},{3,9,8,5,4,1,6,7,2},{8,1,7,3,0,0,0,0,0},{0,0,0,0,0,0,0,0,0},{0,0,0,0,0,0,0,0,0}}
]
13:21:17.087 INFO  [main] SudokuBoard - Warto?? 0 wstawiona nieprawid?owo
13:21:17.088 INFO  [main] SudokuBoard - B?ad w kwadracie 0
sudoku.model.SudokuBoard@3d3c14c3[
  size=9
  solver=sudoku.model.BacktrackingSudokuSolver@599fab92
  board={{1,5,2,8,7,6,3,4,9},{4,3,6,9,1,2,5,8,7},{7,8,9,4,5,3,2,1,6},{5,2,4,6,8,7,9,3,1},{6,7,1,2,3,9,8,5,4},{3,9,8,5,4,1,6,7,2},{8,1,7,3,9,0,0,0,0},{0,0,0,0,0,0,0,0,0},{0,0,0,0,0,0,0,0,0}}
]
13:21:17.088 INFO  [main] SudokuBoard - Warto?? 0 wstawiona nieprawid?owo
13:21:17.089 INFO  [main] SudokuBoard - B?ad w kwadracie 0
sudoku.model.SudokuBoard@3d3c14c3[
  size=9
  solver=sudoku.model.BacktrackingSudokuSolver@599fab92
  board={{1,5,2,8,7,6,3,4,9},{4,3,6,9,1,2,5,8,7},{7,8,9,4,5,3,2,1,6},{5,2,4,6,8,7,9,3,1},{6,7,1,2,3,9,8,5,4},{3,9,8,5,4,1,6,7,2},{8,1,7,3,9,5,4,0,0},{0,0,0,0,0,0,0,0,0},{0,0,0,0,0,0,0,0,0}}
]
13:21:17.093 INFO  [main] SudokuBoard - Warto?? 0 wstawiona nieprawid?owo
13:21:17.093 INFO  [main] SudokuBoard - B?ad w kwadracie 0
sudoku.model.SudokuBoard@3d3c14c3[
  size=9
  solver=sudoku.model.BacktrackingSudokuSolver@599fab92
  board={{1,5,2,8,7,6,3,4,9},{4,3,6,9,1,2,5,8,7},{7,8,9,4,5,3,2,1,6},{5,2,4,6,8,7,9,3,1},{6,7,1,2,3,9,8,5,4},{3,9,8,5,4,1,6,7,2},{8,1,7,3,9,5,4,0,0},{0,0,0,0,0,0,0,0,0},{0,0,0,0,0,0,0,0,0}}
]
13:21:17.093 INFO  [main] SudokuBoard - Warto?? 0 wstawiona nieprawid?owo
13:21:17.094 INFO  [main] SudokuBoard - B?ad w kwadracie 0
sudoku.model.SudokuBoard@3d3c14c3[
  size=9
  solver=sudoku.model.BacktrackingSudokuSolver@599fab92
  board={{1,5,2,8,7,6,3,4,9},{4,3,6,9,1,2,5,8,7},{7,8,9,4,5,3,2,1,6},{5,2,4,6,8,7,9,3,1},{6,7,1,2,3,9,8,5,4},{3,9,8,5,4,1,6,7,2},{8,1,7,3,9,5,0,0,0},{0,0,0,0,0,0,0,0,0},{0,0,0,0,0,0,0,0,0}}
]
13:21:17.094 INFO  [main] SudokuBoard - Warto?? 0 wstawiona nieprawid?owo
13:21:17.094 INFO  [main] SudokuBoard - B?ad w kwadracie 0
sudoku.model.SudokuBoard@3d3c14c3[
  size=9
  solver=sudoku.model.BacktrackingSudokuSolver@599fab92
  board={{1,5,2,8,7,6,3,4,9},{4,3,6,9,1,2,5,8,7},{7,8,9,4,5,3,2,1,6},{5,2,4,6,8,7,9,3,1},{6,7,1,2,3,9,8,5,4},{3,9,8,5,4,1,6,7,2},{8,1,7,3,9,0,0,0,0},{0,0,0,0,0,0,0,0,0},{0,0,0,0,0,0,0,0,0}}
]
13:21:17.094 INFO  [main] SudokuBoard - Warto?? 0 wstawiona nieprawid?owo
13:21:17.094 INFO  [main] SudokuBoard - B?ad w kwadracie 0
sudoku.model.SudokuBoard@3d3c14c3[
  size=9
  solver=sudoku.model.BacktrackingSudokuSolver@599fab92
  board={{1,5,2,8,7,6,3,4,9},{4,3,6,9,1,2,5,8,7},{7,8,9,4,5,3,2,1,6},{5,2,4,6,8,7,9,3,1},{6,7,1,2,3,9,8,5,4},{3,9,8,5,4,1,6,7,2},{8,1,7,3,0,0,0,0,0},{0,0,0,0,0,0,0,0,0},{0,0,0,0,0,0,0,0,0}}
]
13:21:17.094 INFO  [main] SudokuBoard - Warto?? 0 wstawiona nieprawid?owo
13:21:17.094 INFO  [main] SudokuBoard - B?ad w kwadracie 0
sudoku.model.SudokuBoard@3d3c14c3[
  size=9
  solver=sudoku.model.BacktrackingSudokuSolver@599fab92
  board={{1,5,2,8,7,6,3,4,9},{4,3,6,9,1,2,5,8,7},{7,8,9,4,5,3,2,1,6},{5,2,4,6,8,7,9,3,1},{6,7,1,2,3,9,8,5,4},{3,9,8,5,4,1,6,7,2},{8,1,7,0,0,0,0,0,0},{0,0,0,0,0,0,0,0,0},{0,0,0,0,0,0,0,0,0}}
]
13:21:17.094 INFO  [main] SudokuBoard - Warto?? 0 wstawiona nieprawid?owo
13:21:17.095 INFO  [main] SudokuBoard - B?ad w kwadracie 0
sudoku.model.SudokuBoard@3d3c14c3[
  size=9
  solver=sudoku.model.BacktrackingSudokuSolver@599fab92
  board={{1,5,2,8,7,6,3,4,9},{4,3,6,9,1,2,5,8,7},{7,8,9,4,5,3,2,1,6},{5,2,4,6,8,7,9,3,1},{6,7,1,2,3,9,8,5,4},{3,9,8,5,4,1,6,7,2},{8,1,0,0,0,0,0,0,0},{0,0,0,0,0,0,0,0,0},{0,0,0,0,0,0,0,0,0}}
]
13:21:17.095 INFO  [main] SudokuBoard - Warto?? 0 wstawiona nieprawid?owo
13:21:17.095 INFO  [main] SudokuBoard - B?ad w kwadracie 0
sudoku.model.SudokuBoard@3d3c14c3[
  size=9
  solver=sudoku.model.BacktrackingSudokuSolver@599fab92
  board={{1,5,2,8,7,6,3,4,9},{4,3,6,9,1,2,5,8,7},{7,8,9,4,5,3,2,1,6},{5,2,4,6,8,7,9,3,1},{6,7,1,2,3,9,8,5,4},{3,9,8,5,4,1,6,7,2},{8,1,3,7,6,0,0,0,0},{0,0,0,0,0,0,0,0,0},{0,0,0,0,0,0,0,0,0}}
]
13:21:17.095 INFO  [main] SudokuBoard - Warto?? 0 wstawiona nieprawid?owo
13:21:17.095 INFO  [main] SudokuBoard - B?ad w kwadracie 0
sudoku.model.SudokuBoard@3d3c14c3[
  size=9
  solver=sudoku.model.BacktrackingSudokuSolver@599fab92
  board={{1,5,2,8,7,6,3,4,9},{4,3,6,9,1,2,5,8,7},{7,8,9,4,5,3,2,1,6},{5,2,4,6,8,7,9,3,1},{6,7,1,2,3,9,8,5,4},{3,9,8,5,4,1,6,7,2},{8,1,3,7,6,5,4,0,0},{0,0,0,0,0,0,0,0,0},{0,0,0,0,0,0,0,0,0}}
]
13:21:17.095 INFO  [main] SudokuBoard - Warto?? 0 wstawiona nieprawid?owo
13:21:17.095 INFO  [main] SudokuBoard - B?ad w kwadracie 0
sudoku.model.SudokuBoard@3d3c14c3[
  size=9
  solver=sudoku.model.BacktrackingSudokuSolver@599fab92
  board={{1,5,2,8,7,6,3,4,9},{4,3,6,9,1,2,5,8,7},{7,8,9,4,5,3,2,1,6},{5,2,4,6,8,7,9,3,1},{6,7,1,2,3,9,8,5,4},{3,9,8,5,4,1,6,7,2},{8,1,3,7,6,5,4,0,0},{0,0,0,0,0,0,0,0,0},{0,0,0,0,0,0,0,0,0}}
]
13:21:17.095 INFO  [main] SudokuBoard - Warto?? 0 wstawiona nieprawid?owo
13:21:17.096 INFO  [main] SudokuBoard - B?ad w kwadracie 0
sudoku.model.SudokuBoard@3d3c14c3[
  size=9
  solver=sudoku.model.BacktrackingSudokuSolver@599fab92
  board={{1,5,2,8,7,6,3,4,9},{4,3,6,9,1,2,5,8,7},{7,8,9,4,5,3,2,1,6},{5,2,4,6,8,7,9,3,1},{6,7,1,2,3,9,8,5,4},{3,9,8,5,4,1,6,7,2},{8,1,3,7,6,5,0,0,0},{0,0,0,0,0,0,0,0,0},{0,0,0,0,0,0,0,0,0}}
]
13:21:17.096 INFO  [main] SudokuBoard - Warto?? 0 wstawiona nieprawid?owo
13:21:17.096 INFO  [main] SudokuBoard - B?ad w kwadracie 0
sudoku.model.SudokuBoard@3d3c14c3[
  size=9
  solver=sudoku.model.BacktrackingSudokuSolver@599fab92
  board={{1,5,2,8,7,6,3,4,9},{4,3,6,9,1,2,5,8,7},{7,8,9,4,5,3,2,1,6},{5,2,4,6,8,7,9,3,1},{6,7,1,2,3,9,8,5,4},{3,9,8,5,4,1,6,7,2},{8,1,3,7,6,0,0,0,0},{0,0,0,0,0,0,0,0,0},{0,0,0,0,0,0,0,0,0}}
]
13:21:17.096 INFO  [main] SudokuBoard - Warto?? 0 wstawiona nieprawid?owo
13:21:17.096 INFO  [main] SudokuBoard - B?ad w kwadracie 0
sudoku.model.SudokuBoard@3d3c14c3[
  size=9
  solver=sudoku.model.BacktrackingSudokuSolver@599fab92
  board={{1,5,2,8,7,6,3,4,9},{4,3,6,9,1,2,5,8,7},{7,8,9,4,5,3,2,1,6},{5,2,4,6,8,7,9,3,1},{6,7,1,2,3,9,8,5,4},{3,9,8,5,4,1,6,7,2},{8,1,3,7,0,0,0,0,0},{0,0,0,0,0,0,0,0,0},{0,0,0,0,0,0,0,0,0}}
]
13:21:17.096 INFO  [main] SudokuBoard - Warto?? 0 wstawiona nieprawid?owo
13:21:17.096 INFO  [main] SudokuBoard - B?ad w kwadracie 0
sudoku.model.SudokuBoard@3d3c14c3[
  size=9
  solver=sudoku.model.BacktrackingSudokuSolver@599fab92
  board={{1,5,2,8,7,6,3,4,9},{4,3,6,9,1,2,5,8,7},{7,8,9,4,5,3,2,1,6},{5,2,4,6,8,7,9,3,1},{6,7,1,2,3,9,8,5,4},{3,9,8,5,4,1,6,7,2},{8,1,3,7,9,0,0,0,0},{0,0,0,0,0,0,0,0,0},{0,0,0,0,0,0,0,0,0}}
]
13:21:17.096 INFO  [main] SudokuBoard - Warto?? 0 wstawiona nieprawid?owo
13:21:17.097 INFO  [main] SudokuBoard - B?ad w kwadracie 0
sudoku.model.SudokuBoard@3d3c14c3[
  size=9
  solver=sudoku.model.BacktrackingSudokuSolver@599fab92
  board={{1,5,2,8,7,6,3,4,9},{4,3,6,9,1,2,5,8,7},{7,8,9,4,5,3,2,1,6},{5,2,4,6,8,7,9,3,1},{6,7,1,2,3,9,8,5,4},{3,9,8,5,4,1,6,7,2},{8,1,3,7,9,5,4,0,0},{0,0,0,0,0,0,0,0,0},{0,0,0,0,0,0,0,0,0}}
]
13:21:17.097 INFO  [main] SudokuBoard - Warto?? 0 wstawiona nieprawid?owo
13:21:17.097 INFO  [main] SudokuBoard - B?ad w kwadracie 0
sudoku.model.SudokuBoard@3d3c14c3[
  size=9
  solver=sudoku.model.BacktrackingSudokuSolver@599fab92
  board={{1,5,2,8,7,6,3,4,9},{4,3,6,9,1,2,5,8,7},{7,8,9,4,5,3,2,1,6},{5,2,4,6,8,7,9,3,1},{6,7,1,2,3,9,8,5,4},{3,9,8,5,4,1,6,7,2},{8,1,3,7,9,5,4,0,0},{0,0,0,0,0,0,0,0,0},{0,0,0,0,0,0,0,0,0}}
]
13:21:17.097 INFO  [main] SudokuBoard - Warto?? 0 wstawiona nieprawid?owo
13:21:17.097 INFO  [main] SudokuBoard - B?ad w kwadracie 0
sudoku.model.SudokuBoard@3d3c14c3[
  size=9
  solver=sudoku.model.BacktrackingSudokuSolver@599fab92
  board={{1,5,2,8,7,6,3,4,9},{4,3,6,9,1,2,5,8,7},{7,8,9,4,5,3,2,1,6},{5,2,4,6,8,7,9,3,1},{6,7,1,2,3,9,8,5,4},{3,9,8,5,4,1,6,7,2},{8,1,3,7,9,5,0,0,0},{0,0,0,0,0,0,0,0,0},{0,0,0,0,0,0,0,0,0}}
]
13:21:17.097 INFO  [main] SudokuBoard - Warto?? 0 wstawiona nieprawid?owo
13:21:17.098 INFO  [main] SudokuBoard - B?ad w kwadracie 0
sudoku.model.SudokuBoard@3d3c14c3[
  size=9
  solver=sudoku.model.BacktrackingSudokuSolver@599fab92
  board={{1,5,2,8,7,6,3,4,9},{4,3,6,9,1,2,5,8,7},{7,8,9,4,5,3,2,1,6},{5,2,4,6,8,7,9,3,1},{6,7,1,2,3,9,8,5,4},{3,9,8,5,4,1,6,7,2},{8,1,3,7,9,0,0,0,0},{0,0,0,0,0,0,0,0,0},{0,0,0,0,0,0,0,0,0}}
]
13:21:17.098 INFO  [main] SudokuBoard - Warto?? 0 wstawiona nieprawid?owo
13:21:17.099 INFO  [main] SudokuBoard - B?ad w kwadracie 0
sudoku.model.SudokuBoard@3d3c14c3[
  size=9
  solver=sudoku.model.BacktrackingSudokuSolver@599fab92
  board={{1,5,2,8,7,6,3,4,9},{4,3,6,9,1,2,5,8,7},{7,8,9,4,5,3,2,1,6},{5,2,4,6,8,7,9,3,1},{6,7,1,2,3,9,8,5,4},{3,9,8,5,4,1,6,7,2},{8,1,3,7,0,0,0,0,0},{0,0,0,0,0,0,0,0,0},{0,0,0,0,0,0,0,0,0}}
]
13:21:17.099 INFO  [main] SudokuBoard - Warto?? 0 wstawiona nieprawid?owo
13:21:17.100 INFO  [main] SudokuBoard - B?ad w kwadracie 0
sudoku.model.SudokuBoard@3d3c14c3[
  size=9
  solver=sudoku.model.BacktrackingSudokuSolver@599fab92
  board={{1,5,2,8,7,6,3,4,9},{4,3,6,9,1,2,5,8,7},{7,8,9,4,5,3,2,1,6},{5,2,4,6,8,7,9,3,1},{6,7,1,2,3,9,8,5,4},{3,9,8,5,4,1,6,7,2},{8,1,3,7,2,0,0,0,0},{0,0,0,0,0,0,0,0,0},{0,0,0,0,0,0,0,0,0}}
]
13:21:17.100 INFO  [main] SudokuBoard - Warto?? 0 wstawiona nieprawid?owo
13:21:17.100 INFO  [main] SudokuBoard - B?ad w kwadracie 0
sudoku.model.SudokuBoard@3d3c14c3[
  size=9
  solver=sudoku.model.BacktrackingSudokuSolver@599fab92
  board={{1,5,2,8,7,6,3,4,9},{4,3,6,9,1,2,5,8,7},{7,8,9,4,5,3,2,1,6},{5,2,4,6,8,7,9,3,1},{6,7,1,2,3,9,8,5,4},{3,9,8,5,4,1,6,7,2},{8,1,3,7,2,5,4,0,0},{0,0,0,0,0,0,0,0,0},{0,0,0,0,0,0,0,0,0}}
]
13:21:17.100 INFO  [main] SudokuBoard - Warto?? 0 wstawiona nieprawid?owo
13:21:17.100 INFO  [main] SudokuBoard - B?ad w kwadracie 0
sudoku.model.SudokuBoard@3d3c14c3[
  size=9
  solver=sudoku.model.BacktrackingSudokuSolver@599fab92
  board={{1,5,2,8,7,6,3,4,9},{4,3,6,9,1,2,5,8,7},{7,8,9,4,5,3,2,1,6},{5,2,4,6,8,7,9,3,1},{6,7,1,2,3,9,8,5,4},{3,9,8,5,4,1,6,7,2},{8,1,3,7,2,5,4,0,0},{0,0,0,0,0,0,0,0,0},{0,0,0,0,0,0,0,0,0}}
]
13:21:17.101 INFO  [main] SudokuBoard - Warto?? 0 wstawiona nieprawid?owo
13:21:17.101 INFO  [main] SudokuBoard - B?ad w kwadracie 0
sudoku.model.SudokuBoard@3d3c14c3[
  size=9
  solver=sudoku.model.BacktrackingSudokuSolver@599fab92
  board={{1,5,2,8,7,6,3,4,9},{4,3,6,9,1,2,5,8,7},{7,8,9,4,5,3,2,1,6},{5,2,4,6,8,7,9,3,1},{6,7,1,2,3,9,8,5,4},{3,9,8,5,4,1,6,7,2},{8,1,3,7,2,5,0,0,0},{0,0,0,0,0,0,0,0,0},{0,0,0,0,0,0,0,0,0}}
]
13:21:17.101 INFO  [main] SudokuBoard - Warto?? 0 wstawiona nieprawid?owo
13:21:17.101 INFO  [main] SudokuBoard - B?ad w kwadracie 0
sudoku.model.SudokuBoard@3d3c14c3[
  size=9
  solver=sudoku.model.BacktrackingSudokuSolver@599fab92
  board={{1,5,2,8,7,6,3,4,9},{4,3,6,9,1,2,5,8,7},{7,8,9,4,5,3,2,1,6},{5,2,4,6,8,7,9,3,1},{6,7,1,2,3,9,8,5,4},{3,9,8,5,4,1,6,7,2},{8,1,3,7,2,0,0,0,0},{0,0,0,0,0,0,0,0,0},{0,0,0,0,0,0,0,0,0}}
]
13:21:17.101 INFO  [main] SudokuBoard - Warto?? 0 wstawiona nieprawid?owo
13:21:17.101 INFO  [main] SudokuBoard - B?ad w kwadracie 0
sudoku.model.SudokuBoard@3d3c14c3[
  size=9
  solver=sudoku.model.BacktrackingSudokuSolver@599fab92
  board={{1,5,2,8,7,6,3,4,9},{4,3,6,9,1,2,5,8,7},{7,8,9,4,5,3,2,1,6},{5,2,4,6,8,7,9,3,1},{6,7,1,2,3,9,8,5,4},{3,9,8,5,4,1,6,7,2},{8,1,3,7,0,0,0,0,0},{0,0,0,0,0,0,0,0,0},{0,0,0,0,0,0,0,0,0}}
]
13:21:17.102 INFO  [main] SudokuBoard - Warto?? 0 wstawiona nieprawid?owo
13:21:17.102 INFO  [main] SudokuBoard - B?ad w kwadracie 0
sudoku.model.SudokuBoard@3d3c14c3[
  size=9
  solver=sudoku.model.BacktrackingSudokuSolver@599fab92
  board={{1,5,2,8,7,6,3,4,9},{4,3,6,9,1,2,5,8,7},{7,8,9,4,5,3,2,1,6},{5,2,4,6,8,7,9,3,1},{6,7,1,2,3,9,8,5,4},{3,9,8,5,4,1,6,7,2},{8,1,3,0,0,0,0,0,0},{0,0,0,0,0,0,0,0,0},{0,0,0,0,0,0,0,0,0}}
]
13:21:17.102 INFO  [main] SudokuBoard - Warto?? 0 wstawiona nieprawid?owo
13:21:17.105 INFO  [main] SudokuBoard - B?ad w kwadracie 0
sudoku.model.SudokuBoard@3d3c14c3[
  size=9
  solver=sudoku.model.BacktrackingSudokuSolver@599fab92
  board={{1,5,2,8,7,6,3,4,9},{4,3,6,9,1,2,5,8,7},{7,8,9,4,5,3,2,1,6},{5,2,4,6,8,7,9,3,1},{6,7,1,2,3,9,8,5,4},{3,9,8,5,4,1,6,7,2},{8,1,0,0,0,0,0,0,0},{0,0,0,0,0,0,0,0,0},{0,0,0,0,0,0,0,0,0}}
]
13:21:17.105 INFO  [main] SudokuBoard - Warto?? 0 wstawiona nieprawid?owo
13:21:17.105 INFO  [main] SudokuBoard - B?ad w kwadracie 0
sudoku.model.SudokuBoard@3d3c14c3[
  size=9
  solver=sudoku.model.BacktrackingSudokuSolver@599fab92
  board={{1,5,2,8,7,6,3,4,9},{4,3,6,9,1,2,5,8,7},{7,8,9,4,5,3,2,1,6},{5,2,4,6,8,7,9,3,1},{6,7,1,2,3,9,8,5,4},{3,9,8,5,4,1,6,7,2},{8,1,5,7,6,0,0,0,0},{0,0,0,0,0,0,0,0,0},{0,0,0,0,0,0,0,0,0}}
]
13:21:17.105 INFO  [main] SudokuBoard - Warto?? 0 wstawiona nieprawid?owo
13:21:17.106 INFO  [main] SudokuBoard - B?ad w kwadracie 0
sudoku.model.SudokuBoard@3d3c14c3[
  size=9
  solver=sudoku.model.BacktrackingSudokuSolver@599fab92
  board={{1,5,2,8,7,6,3,4,9},{4,3,6,9,1,2,5,8,7},{7,8,9,4,5,3,2,1,6},{5,2,4,6,8,7,9,3,1},{6,7,1,2,3,9,8,5,4},{3,9,8,5,4,1,6,7,2},{8,1,5,7,0,0,0,0,0},{0,0,0,0,0,0,0,0,0},{0,0,0,0,0,0,0,0,0}}
]
13:21:17.106 INFO  [main] SudokuBoard - Warto?? 0 wstawiona nieprawid?owo
13:21:17.106 INFO  [main] SudokuBoard - B?ad w kwadracie 0
sudoku.model.SudokuBoard@3d3c14c3[
  size=9
  solver=sudoku.model.BacktrackingSudokuSolver@599fab92
  board={{1,5,2,8,7,6,3,4,9},{4,3,6,9,1,2,5,8,7},{7,8,9,4,5,3,2,1,6},{5,2,4,6,8,7,9,3,1},{6,7,1,2,3,9,8,5,4},{3,9,8,5,4,1,6,7,2},{8,1,5,7,9,0,0,0,0},{0,0,0,0,0,0,0,0,0},{0,0,0,0,0,0,0,0,0}}
]
13:21:17.106 INFO  [main] SudokuBoard - Warto?? 0 wstawiona nieprawid?owo
13:21:17.106 INFO  [main] SudokuBoard - B?ad w kwadracie 0
sudoku.model.SudokuBoard@3d3c14c3[
  size=9
  solver=sudoku.model.BacktrackingSudokuSolver@599fab92
  board={{1,5,2,8,7,6,3,4,9},{4,3,6,9,1,2,5,8,7},{7,8,9,4,5,3,2,1,6},{5,2,4,6,8,7,9,3,1},{6,7,1,2,3,9,8,5,4},{3,9,8,5,4,1,6,7,2},{8,1,5,7,0,0,0,0,0},{0,0,0,0,0,0,0,0,0},{0,0,0,0,0,0,0,0,0}}
]
13:21:17.106 INFO  [main] SudokuBoard - Warto?? 0 wstawiona nieprawid?owo
13:21:17.107 INFO  [main] SudokuBoard - B?ad w kwadracie 0
sudoku.model.SudokuBoard@3d3c14c3[
  size=9
  solver=sudoku.model.BacktrackingSudokuSolver@599fab92
  board={{1,5,2,8,7,6,3,4,9},{4,3,6,9,1,2,5,8,7},{7,8,9,4,5,3,2,1,6},{5,2,4,6,8,7,9,3,1},{6,7,1,2,3,9,8,5,4},{3,9,8,5,4,1,6,7,2},{8,1,5,7,2,0,0,0,0},{0,0,0,0,0,0,0,0,0},{0,0,0,0,0,0,0,0,0}}
]
13:21:17.107 INFO  [main] SudokuBoard - Warto?? 0 wstawiona nieprawid?owo
13:21:17.107 INFO  [main] SudokuBoard - B?ad w kwadracie 0
sudoku.model.SudokuBoard@3d3c14c3[
  size=9
  solver=sudoku.model.BacktrackingSudokuSolver@599fab92
  board={{1,5,2,8,7,6,3,4,9},{4,3,6,9,1,2,5,8,7},{7,8,9,4,5,3,2,1,6},{5,2,4,6,8,7,9,3,1},{6,7,1,2,3,9,8,5,4},{3,9,8,5,4,1,6,7,2},{8,1,5,7,0,0,0,0,0},{0,0,0,0,0,0,0,0,0},{0,0,0,0,0,0,0,0,0}}
]
13:21:17.107 INFO  [main] SudokuBoard - Warto?? 0 wstawiona nieprawid?owo
13:21:17.107 INFO  [main] SudokuBoard - B?ad w kwadracie 0
sudoku.model.SudokuBoard@3d3c14c3[
  size=9
  solver=sudoku.model.BacktrackingSudokuSolver@599fab92
  board={{1,5,2,8,7,6,3,4,9},{4,3,6,9,1,2,5,8,7},{7,8,9,4,5,3,2,1,6},{5,2,4,6,8,7,9,3,1},{6,7,1,2,3,9,8,5,4},{3,9,8,5,4,1,6,7,2},{8,1,5,0,0,0,0,0,0},{0,0,0,0,0,0,0,0,0},{0,0,0,0,0,0,0,0,0}}
]
13:21:17.107 INFO  [main] SudokuBoard - Warto?? 0 wstawiona nieprawid?owo
13:21:17.107 INFO  [main] SudokuBoard - B?ad w kwadracie 0
sudoku.model.SudokuBoard@3d3c14c3[
  size=9
  solver=sudoku.model.BacktrackingSudokuSolver@599fab92
  board={{1,5,2,8,7,6,3,4,9},{4,3,6,9,1,2,5,8,7},{7,8,9,4,5,3,2,1,6},{5,2,4,6,8,7,9,3,1},{6,7,1,2,3,9,8,5,4},{3,9,8,5,4,1,6,7,2},{8,1,5,3,2,4,7,0,0},{0,0,0,0,0,0,0,0,0},{0,0,0,0,0,0,0,0,0}}
]
13:21:17.107 INFO  [main] SudokuBoard - Warto?? 0 wstawiona nieprawid?owo
13:21:17.108 INFO  [main] SudokuBoard - B?ad w kwadracie 0
sudoku.model.SudokuBoard@3d3c14c3[
  size=9
  solver=sudoku.model.BacktrackingSudokuSolver@599fab92
  board={{1,5,2,8,7,6,3,4,9},{4,3,6,9,1,2,5,8,7},{7,8,9,4,5,3,2,1,6},{5,2,4,6,8,7,9,3,1},{6,7,1,2,3,9,8,5,4},{3,9,8,5,4,1,6,7,2},{8,1,5,3,2,4,7,0,0},{0,0,0,0,0,0,0,0,0},{0,0,0,0,0,0,0,0,0}}
]
13:21:17.108 INFO  [main] SudokuBoard - Warto?? 0 wstawiona nieprawid?owo
13:21:17.108 INFO  [main] SudokuBoard - B?ad w kwadracie 0
sudoku.model.SudokuBoard@3d3c14c3[
  size=9
  solver=sudoku.model.BacktrackingSudokuSolver@599fab92
  board={{1,5,2,8,7,6,3,4,9},{4,3,6,9,1,2,5,8,7},{7,8,9,4,5,3,2,1,6},{5,2,4,6,8,7,9,3,1},{6,7,1,2,3,9,8,5,4},{3,9,8,5,4,1,6,7,2},{8,1,5,3,2,4,0,0,0},{0,0,0,0,0,0,0,0,0},{0,0,0,0,0,0,0,0,0}}
]
13:21:17.108 INFO  [main] SudokuBoard - Warto?? 0 wstawiona nieprawid?owo
13:21:17.109 INFO  [main] SudokuBoard - B?ad w kwadracie 0
sudoku.model.SudokuBoard@3d3c14c3[
  size=9
  solver=sudoku.model.BacktrackingSudokuSolver@599fab92
  board={{1,5,2,8,7,6,3,4,9},{4,3,6,9,1,2,5,8,7},{7,8,9,4,5,3,2,1,6},{5,2,4,6,8,7,9,3,1},{6,7,1,2,3,9,8,5,4},{3,9,8,5,4,1,6,7,2},{8,1,5,3,2,0,0,0,0},{0,0,0,0,0,0,0,0,0},{0,0,0,0,0,0,0,0,0}}
]
13:21:17.109 INFO  [main] SudokuBoard - Warto?? 0 wstawiona nieprawid?owo
13:21:17.109 INFO  [main] SudokuBoard - B?ad w kwadracie 0
sudoku.model.SudokuBoard@3d3c14c3[
  size=9
  solver=sudoku.model.BacktrackingSudokuSolver@599fab92
  board={{1,5,2,8,7,6,3,4,9},{4,3,6,9,1,2,5,8,7},{7,8,9,4,5,3,2,1,6},{5,2,4,6,8,7,9,3,1},{6,7,1,2,3,9,8,5,4},{3,9,8,5,4,1,6,7,2},{8,1,5,3,0,0,0,0,0},{0,0,0,0,0,0,0,0,0},{0,0,0,0,0,0,0,0,0}}
]
13:21:17.109 INFO  [main] SudokuBoard - Warto?? 0 wstawiona nieprawid?owo
13:21:17.113 INFO  [main] SudokuBoard - B?ad w kwadracie 0
sudoku.model.SudokuBoard@3d3c14c3[
  size=9
  solver=sudoku.model.BacktrackingSudokuSolver@599fab92
  board={{1,5,2,8,7,6,3,4,9},{4,3,6,9,1,2,5,8,7},{7,8,9,4,5,3,2,1,6},{5,2,4,6,8,7,9,3,1},{6,7,1,2,3,9,8,5,4},{3,9,8,5,4,1,6,7,2},{8,1,5,3,6,4,7,0,0},{0,0,0,0,0,0,0,0,0},{0,0,0,0,0,0,0,0,0}}
]
13:21:17.114 INFO  [main] SudokuBoard - Warto?? 0 wstawiona nieprawid?owo
13:21:17.114 INFO  [main] SudokuBoard - B?ad w kwadracie 0
sudoku.model.SudokuBoard@3d3c14c3[
  size=9
  solver=sudoku.model.BacktrackingSudokuSolver@599fab92
  board={{1,5,2,8,7,6,3,4,9},{4,3,6,9,1,2,5,8,7},{7,8,9,4,5,3,2,1,6},{5,2,4,6,8,7,9,3,1},{6,7,1,2,3,9,8,5,4},{3,9,8,5,4,1,6,7,2},{8,1,5,3,6,4,7,0,0},{0,0,0,0,0,0,0,0,0},{0,0,0,0,0,0,0,0,0}}
]
13:21:17.114 INFO  [main] SudokuBoard - Warto?? 0 wstawiona nieprawid?owo
13:21:17.114 INFO  [main] SudokuBoard - B?ad w kwadracie 0
sudoku.model.SudokuBoard@3d3c14c3[
  size=9
  solver=sudoku.model.BacktrackingSudokuSolver@599fab92
  board={{1,5,2,8,7,6,3,4,9},{4,3,6,9,1,2,5,8,7},{7,8,9,4,5,3,2,1,6},{5,2,4,6,8,7,9,3,1},{6,7,1,2,3,9,8,5,4},{3,9,8,5,4,1,6,7,2},{8,1,5,3,6,4,0,0,0},{0,0,0,0,0,0,0,0,0},{0,0,0,0,0,0,0,0,0}}
]
13:21:17.114 INFO  [main] SudokuBoard - Warto?? 0 wstawiona nieprawid?owo
13:21:17.114 INFO  [main] SudokuBoard - B?ad w kwadracie 0
sudoku.model.SudokuBoard@3d3c14c3[
  size=9
  solver=sudoku.model.BacktrackingSudokuSolver@599fab92
  board={{1,5,2,8,7,6,3,4,9},{4,3,6,9,1,2,5,8,7},{7,8,9,4,5,3,2,1,6},{5,2,4,6,8,7,9,3,1},{6,7,1,2,3,9,8,5,4},{3,9,8,5,4,1,6,7,2},{8,1,5,3,6,0,0,0,0},{0,0,0,0,0,0,0,0,0},{0,0,0,0,0,0,0,0,0}}
]
13:21:17.115 INFO  [main] SudokuBoard - Warto?? 0 wstawiona nieprawid?owo
13:21:17.115 INFO  [main] SudokuBoard - B?ad w kwadracie 0
sudoku.model.SudokuBoard@3d3c14c3[
  size=9
  solver=sudoku.model.BacktrackingSudokuSolver@599fab92
  board={{1,5,2,8,7,6,3,4,9},{4,3,6,9,1,2,5,8,7},{7,8,9,4,5,3,2,1,6},{5,2,4,6,8,7,9,3,1},{6,7,1,2,3,9,8,5,4},{3,9,8,5,4,1,6,7,2},{8,1,5,3,0,0,0,0,0},{0,0,0,0,0,0,0,0,0},{0,0,0,0,0,0,0,0,0}}
]
13:21:17.115 INFO  [main] SudokuBoard - Warto?? 0 wstawiona nieprawid?owo
13:21:17.115 INFO  [main] SudokuBoard - B?ad w kwadracie 0
sudoku.model.SudokuBoard@3d3c14c3[
  size=9
  solver=sudoku.model.BacktrackingSudokuSolver@599fab92
  board={{1,5,2,8,7,6,3,4,9},{4,3,6,9,1,2,5,8,7},{7,8,9,4,5,3,2,1,6},{5,2,4,6,8,7,9,3,1},{6,7,1,2,3,9,8,5,4},{3,9,8,5,4,1,6,7,2},{8,1,5,3,9,4,7,0,0},{0,0,0,0,0,0,0,0,0},{0,0,0,0,0,0,0,0,0}}
]
13:21:17.115 INFO  [main] SudokuBoard - Warto?? 0 wstawiona nieprawid?owo
13:21:17.115 INFO  [main] SudokuBoard - B?ad w kwadracie 0
sudoku.model.SudokuBoard@3d3c14c3[
  size=9
  solver=sudoku.model.BacktrackingSudokuSolver@599fab92
  board={{1,5,2,8,7,6,3,4,9},{4,3,6,9,1,2,5,8,7},{7,8,9,4,5,3,2,1,6},{5,2,4,6,8,7,9,3,1},{6,7,1,2,3,9,8,5,4},{3,9,8,5,4,1,6,7,2},{8,1,5,3,9,4,7,0,0},{0,0,0,0,0,0,0,0,0},{0,0,0,0,0,0,0,0,0}}
]
13:21:17.116 INFO  [main] SudokuBoard - Warto?? 0 wstawiona nieprawid?owo
13:21:17.116 INFO  [main] SudokuBoard - B?ad w kwadracie 0
sudoku.model.SudokuBoard@3d3c14c3[
  size=9
  solver=sudoku.model.BacktrackingSudokuSolver@599fab92
  board={{1,5,2,8,7,6,3,4,9},{4,3,6,9,1,2,5,8,7},{7,8,9,4,5,3,2,1,6},{5,2,4,6,8,7,9,3,1},{6,7,1,2,3,9,8,5,4},{3,9,8,5,4,1,6,7,2},{8,1,5,3,9,4,0,0,0},{0,0,0,0,0,0,0,0,0},{0,0,0,0,0,0,0,0,0}}
]
13:21:17.116 INFO  [main] SudokuBoard - Warto?? 0 wstawiona nieprawid?owo
13:21:17.116 INFO  [main] SudokuBoard - B?ad w kwadracie 0
sudoku.model.SudokuBoard@3d3c14c3[
  size=9
  solver=sudoku.model.BacktrackingSudokuSolver@599fab92
  board={{1,5,2,8,7,6,3,4,9},{4,3,6,9,1,2,5,8,7},{7,8,9,4,5,3,2,1,6},{5,2,4,6,8,7,9,3,1},{6,7,1,2,3,9,8,5,4},{3,9,8,5,4,1,6,7,2},{8,1,5,3,9,0,0,0,0},{0,0,0,0,0,0,0,0,0},{0,0,0,0,0,0,0,0,0}}
]
13:21:17.116 INFO  [main] SudokuBoard - Warto?? 0 wstawiona nieprawid?owo
13:21:17.117 INFO  [main] SudokuBoard - B?ad w kwadracie 0
sudoku.model.SudokuBoard@3d3c14c3[
  size=9
  solver=sudoku.model.BacktrackingSudokuSolver@599fab92
  board={{1,5,2,8,7,6,3,4,9},{4,3,6,9,1,2,5,8,7},{7,8,9,4,5,3,2,1,6},{5,2,4,6,8,7,9,3,1},{6,7,1,2,3,9,8,5,4},{3,9,8,5,4,1,6,7,2},{8,1,5,3,0,0,0,0,0},{0,0,0,0,0,0,0,0,0},{0,0,0,0,0,0,0,0,0}}
]
13:21:17.117 INFO  [main] SudokuBoard - Warto?? 0 wstawiona nieprawid?owo
13:21:17.117 INFO  [main] SudokuBoard - B?ad w kwadracie 0
sudoku.model.SudokuBoard@3d3c14c3[
  size=9
  solver=sudoku.model.BacktrackingSudokuSolver@599fab92
  board={{1,5,2,8,7,6,3,4,9},{4,3,6,9,1,2,5,8,7},{7,8,9,4,5,3,2,1,6},{5,2,4,6,8,7,9,3,1},{6,7,1,2,3,9,8,5,4},{3,9,8,5,4,1,6,7,2},{8,1,5,0,0,0,0,0,0},{0,0,0,0,0,0,0,0,0},{0,0,0,0,0,0,0,0,0}}
]
13:21:17.117 INFO  [main] SudokuBoard - Warto?? 0 wstawiona nieprawid?owo
13:21:17.117 INFO  [main] SudokuBoard - B?ad w kwadracie 0
sudoku.model.SudokuBoard@3d3c14c3[
  size=9
  solver=sudoku.model.BacktrackingSudokuSolver@599fab92
  board={{1,5,2,8,7,6,3,4,9},{4,3,6,9,1,2,5,8,7},{7,8,9,4,5,3,2,1,6},{5,2,4,6,8,7,9,3,1},{6,7,1,2,3,9,8,5,4},{3,9,8,5,4,1,6,7,2},{8,1,0,0,0,0,0,0,0},{0,0,0,0,0,0,0,0,0},{0,0,0,0,0,0,0,0,0}}
]
13:21:17.117 INFO  [main] SudokuBoard - Warto?? 0 wstawiona nieprawid?owo
13:21:17.117 INFO  [main] SudokuBoard - B?ad w kwadracie 0
sudoku.model.SudokuBoard@3d3c14c3[
  size=9
  solver=sudoku.model.BacktrackingSudokuSolver@599fab92
  board={{1,5,2,8,7,6,3,4,9},{4,3,6,9,1,2,5,8,7},{7,8,9,4,5,3,2,1,6},{5,2,4,6,8,7,9,3,1},{6,7,1,2,3,9,8,5,4},{3,9,8,5,4,1,6,7,2},{8,0,0,0,0,0,0,0,0},{0,0,0,0,0,0,0,0,0},{0,0,0,0,0,0,0,0,0}}
]
13:21:17.118 INFO  [main] SudokuBoard - Warto?? 0 wstawiona nieprawid?owo
13:21:17.118 INFO  [main] SudokuBoard - B?ad w kwadracie 0
sudoku.model.SudokuBoard@3d3c14c3[
  size=9
  solver=sudoku.model.BacktrackingSudokuSolver@599fab92
  board={{1,5,2,8,7,6,3,4,9},{4,3,6,9,1,2,5,8,7},{7,8,9,4,5,3,2,1,6},{5,2,4,6,8,7,9,3,1},{6,7,1,2,3,9,8,5,4},{3,9,8,5,4,1,6,7,2},{8,4,3,7,9,5,1,0,0},{0,0,0,0,0,0,0,0,0},{0,0,0,0,0,0,0,0,0}}
]
13:21:17.118 INFO  [main] SudokuBoard - Warto?? 0 wstawiona nieprawid?owo
13:21:17.119 INFO  [main] SudokuBoard - B?ad w kwadracie 0
sudoku.model.SudokuBoard@3d3c14c3[
  size=9
  solver=sudoku.model.BacktrackingSudokuSolver@599fab92
  board={{1,5,2,8,7,6,3,4,9},{4,3,6,9,1,2,5,8,7},{7,8,9,4,5,3,2,1,6},{5,2,4,6,8,7,9,3,1},{6,7,1,2,3,9,8,5,4},{3,9,8,5,4,1,6,7,2},{8,4,3,7,9,5,1,0,0},{0,0,0,0,0,0,0,0,0},{0,0,0,0,0,0,0,0,0}}
]
13:21:17.119 INFO  [main] SudokuBoard - Warto?? 0 wstawiona nieprawid?owo
13:21:17.119 INFO  [main] SudokuBoard - B?ad w kwadracie 0
sudoku.model.SudokuBoard@3d3c14c3[
  size=9
  solver=sudoku.model.BacktrackingSudokuSolver@599fab92
  board={{1,5,2,8,7,6,3,4,9},{4,3,6,9,1,2,5,8,7},{7,8,9,4,5,3,2,1,6},{5,2,4,6,8,7,9,3,1},{6,7,1,2,3,9,8,5,4},{3,9,8,5,4,1,6,7,2},{8,4,3,7,9,5,0,0,0},{0,0,0,0,0,0,0,0,0},{0,0,0,0,0,0,0,0,0}}
]
13:21:17.119 INFO  [main] SudokuBoard - Warto?? 0 wstawiona nieprawid?owo
13:21:17.119 INFO  [main] SudokuBoard - B?ad w kwadracie 0
sudoku.model.SudokuBoard@3d3c14c3[
  size=9
  solver=sudoku.model.BacktrackingSudokuSolver@599fab92
  board={{1,5,2,8,7,6,3,4,9},{4,3,6,9,1,2,5,8,7},{7,8,9,4,5,3,2,1,6},{5,2,4,6,8,7,9,3,1},{6,7,1,2,3,9,8,5,4},{3,9,8,5,4,1,6,7,2},{8,4,3,7,9,0,0,0,0},{0,0,0,0,0,0,0,0,0},{0,0,0,0,0,0,0,0,0}}
]
13:21:17.120 INFO  [main] SudokuBoard - Warto?? 0 wstawiona nieprawid?owo
13:21:17.120 INFO  [main] SudokuBoard - B?ad w kwadracie 0
sudoku.model.SudokuBoard@3d3c14c3[
  size=9
  solver=sudoku.model.BacktrackingSudokuSolver@599fab92
  board={{1,5,2,8,7,6,3,4,9},{4,3,6,9,1,2,5,8,7},{7,8,9,4,5,3,2,1,6},{5,2,4,6,8,7,9,3,1},{6,7,1,2,3,9,8,5,4},{3,9,8,5,4,1,6,7,2},{8,4,3,7,0,0,0,0,0},{0,0,0,0,0,0,0,0,0},{0,0,0,0,0,0,0,0,0}}
]
13:21:17.120 INFO  [main] SudokuBoard - Warto?? 0 wstawiona nieprawid?owo
13:21:17.120 INFO  [main] SudokuBoard - B?ad w kwadracie 0
sudoku.model.SudokuBoard@3d3c14c3[
  size=9
  solver=sudoku.model.BacktrackingSudokuSolver@599fab92
  board={{1,5,2,8,7,6,3,4,9},{4,3,6,9,1,2,5,8,7},{7,8,9,4,5,3,2,1,6},{5,2,4,6,8,7,9,3,1},{6,7,1,2,3,9,8,5,4},{3,9,8,5,4,1,6,7,2},{8,4,3,7,2,5,1,0,0},{0,0,0,0,0,0,0,0,0},{0,0,0,0,0,0,0,0,0}}
]
13:21:17.121 INFO  [main] SudokuBoard - Warto?? 0 wstawiona nieprawid?owo
13:21:17.121 INFO  [main] SudokuBoard - B?ad w kwadracie 0
sudoku.model.SudokuBoard@3d3c14c3[
  size=9
  solver=sudoku.model.BacktrackingSudokuSolver@599fab92
  board={{1,5,2,8,7,6,3,4,9},{4,3,6,9,1,2,5,8,7},{7,8,9,4,5,3,2,1,6},{5,2,4,6,8,7,9,3,1},{6,7,1,2,3,9,8,5,4},{3,9,8,5,4,1,6,7,2},{8,4,3,7,2,5,1,0,0},{0,0,0,0,0,0,0,0,0},{0,0,0,0,0,0,0,0,0}}
]
13:21:17.121 INFO  [main] SudokuBoard - Warto?? 0 wstawiona nieprawid?owo
13:21:17.121 INFO  [main] SudokuBoard - B?ad w kwadracie 0
sudoku.model.SudokuBoard@3d3c14c3[
  size=9
  solver=sudoku.model.BacktrackingSudokuSolver@599fab92
  board={{1,5,2,8,7,6,3,4,9},{4,3,6,9,1,2,5,8,7},{7,8,9,4,5,3,2,1,6},{5,2,4,6,8,7,9,3,1},{6,7,1,2,3,9,8,5,4},{3,9,8,5,4,1,6,7,2},{8,4,3,7,2,5,0,0,0},{0,0,0,0,0,0,0,0,0},{0,0,0,0,0,0,0,0,0}}
]
13:21:17.121 INFO  [main] SudokuBoard - Warto?? 0 wstawiona nieprawid?owo
13:21:17.121 INFO  [main] SudokuBoard - B?ad w kwadracie 0
sudoku.model.SudokuBoard@3d3c14c3[
  size=9
  solver=sudoku.model.BacktrackingSudokuSolver@599fab92
  board={{1,5,2,8,7,6,3,4,9},{4,3,6,9,1,2,5,8,7},{7,8,9,4,5,3,2,1,6},{5,2,4,6,8,7,9,3,1},{6,7,1,2,3,9,8,5,4},{3,9,8,5,4,1,6,7,2},{8,4,3,7,2,0,0,0,0},{0,0,0,0,0,0,0,0,0},{0,0,0,0,0,0,0,0,0}}
]
13:21:17.121 INFO  [main] SudokuBoard - Warto?? 0 wstawiona nieprawid?owo
13:21:17.122 INFO  [main] SudokuBoard - B?ad w kwadracie 0
sudoku.model.SudokuBoard@3d3c14c3[
  size=9
  solver=sudoku.model.BacktrackingSudokuSolver@599fab92
  board={{1,5,2,8,7,6,3,4,9},{4,3,6,9,1,2,5,8,7},{7,8,9,4,5,3,2,1,6},{5,2,4,6,8,7,9,3,1},{6,7,1,2,3,9,8,5,4},{3,9,8,5,4,1,6,7,2},{8,4,3,7,0,0,0,0,0},{0,0,0,0,0,0,0,0,0},{0,0,0,0,0,0,0,0,0}}
]
13:21:17.122 INFO  [main] SudokuBoard - Warto?? 0 wstawiona nieprawid?owo
13:21:17.122 INFO  [main] SudokuBoard - B?ad w kwadracie 0
sudoku.model.SudokuBoard@3d3c14c3[
  size=9
  solver=sudoku.model.BacktrackingSudokuSolver@599fab92
  board={{1,5,2,8,7,6,3,4,9},{4,3,6,9,1,2,5,8,7},{7,8,9,4,5,3,2,1,6},{5,2,4,6,8,7,9,3,1},{6,7,1,2,3,9,8,5,4},{3,9,8,5,4,1,6,7,2},{8,4,3,7,6,5,1,0,0},{0,0,0,0,0,0,0,0,0},{0,0,0,0,0,0,0,0,0}}
]
13:21:17.122 INFO  [main] SudokuBoard - Warto?? 0 wstawiona nieprawid?owo
13:21:17.123 INFO  [main] SudokuBoard - B?ad w kwadracie 0
sudoku.model.SudokuBoard@3d3c14c3[
  size=9
  solver=sudoku.model.BacktrackingSudokuSolver@599fab92
  board={{1,5,2,8,7,6,3,4,9},{4,3,6,9,1,2,5,8,7},{7,8,9,4,5,3,2,1,6},{5,2,4,6,8,7,9,3,1},{6,7,1,2,3,9,8,5,4},{3,9,8,5,4,1,6,7,2},{8,4,3,7,6,5,1,0,0},{0,0,0,0,0,0,0,0,0},{0,0,0,0,0,0,0,0,0}}
]
13:21:17.123 INFO  [main] SudokuBoard - Warto?? 0 wstawiona nieprawid?owo
13:21:17.123 INFO  [main] SudokuBoard - B?ad w kwadracie 0
sudoku.model.SudokuBoard@3d3c14c3[
  size=9
  solver=sudoku.model.BacktrackingSudokuSolver@599fab92
  board={{1,5,2,8,7,6,3,4,9},{4,3,6,9,1,2,5,8,7},{7,8,9,4,5,3,2,1,6},{5,2,4,6,8,7,9,3,1},{6,7,1,2,3,9,8,5,4},{3,9,8,5,4,1,6,7,2},{8,4,3,7,6,5,0,0,0},{0,0,0,0,0,0,0,0,0},{0,0,0,0,0,0,0,0,0}}
]
13:21:17.123 INFO  [main] SudokuBoard - Warto?? 0 wstawiona nieprawid?owo
13:21:17.124 INFO  [main] SudokuBoard - B?ad w kwadracie 0
sudoku.model.SudokuBoard@3d3c14c3[
  size=9
  solver=sudoku.model.BacktrackingSudokuSolver@599fab92
  board={{1,5,2,8,7,6,3,4,9},{4,3,6,9,1,2,5,8,7},{7,8,9,4,5,3,2,1,6},{5,2,4,6,8,7,9,3,1},{6,7,1,2,3,9,8,5,4},{3,9,8,5,4,1,6,7,2},{8,4,3,7,6,0,0,0,0},{0,0,0,0,0,0,0,0,0},{0,0,0,0,0,0,0,0,0}}
]
13:21:17.124 INFO  [main] SudokuBoard - Warto?? 0 wstawiona nieprawid?owo
13:21:17.125 INFO  [main] SudokuBoard - B?ad w kwadracie 0
sudoku.model.SudokuBoard@3d3c14c3[
  size=9
  solver=sudoku.model.BacktrackingSudokuSolver@599fab92
  board={{1,5,2,8,7,6,3,4,9},{4,3,6,9,1,2,5,8,7},{7,8,9,4,5,3,2,1,6},{5,2,4,6,8,7,9,3,1},{6,7,1,2,3,9,8,5,4},{3,9,8,5,4,1,6,7,2},{8,4,3,7,0,0,0,0,0},{0,0,0,0,0,0,0,0,0},{0,0,0,0,0,0,0,0,0}}
]
13:21:17.125 INFO  [main] SudokuBoard - Warto?? 0 wstawiona nieprawid?owo
13:21:17.125 INFO  [main] SudokuBoard - B?ad w kwadracie 0
sudoku.model.SudokuBoard@3d3c14c3[
  size=9
  solver=sudoku.model.BacktrackingSudokuSolver@599fab92
  board={{1,5,2,8,7,6,3,4,9},{4,3,6,9,1,2,5,8,7},{7,8,9,4,5,3,2,1,6},{5,2,4,6,8,7,9,3,1},{6,7,1,2,3,9,8,5,4},{3,9,8,5,4,1,6,7,2},{8,4,3,0,0,0,0,0,0},{0,0,0,0,0,0,0,0,0},{0,0,0,0,0,0,0,0,0}}
]
13:21:17.125 INFO  [main] SudokuBoard - Warto?? 0 wstawiona nieprawid?owo
13:21:17.125 INFO  [main] SudokuBoard - B?ad w kwadracie 0
sudoku.model.SudokuBoard@3d3c14c3[
  size=9
  solver=sudoku.model.BacktrackingSudokuSolver@599fab92
  board={{1,5,2,8,7,6,3,4,9},{4,3,6,9,1,2,5,8,7},{7,8,9,4,5,3,2,1,6},{5,2,4,6,8,7,9,3,1},{6,7,1,2,3,9,8,5,4},{3,9,8,5,4,1,6,7,2},{8,4,3,1,6,5,7,0,0},{0,0,0,0,0,0,0,0,0},{0,0,0,0,0,0,0,0,0}}
]
13:21:17.125 INFO  [main] SudokuBoard - Warto?? 0 wstawiona nieprawid?owo
13:21:17.125 INFO  [main] SudokuBoard - B?ad w kwadracie 0
sudoku.model.SudokuBoard@3d3c14c3[
  size=9
  solver=sudoku.model.BacktrackingSudokuSolver@599fab92
  board={{1,5,2,8,7,6,3,4,9},{4,3,6,9,1,2,5,8,7},{7,8,9,4,5,3,2,1,6},{5,2,4,6,8,7,9,3,1},{6,7,1,2,3,9,8,5,4},{3,9,8,5,4,1,6,7,2},{8,4,3,1,6,5,7,0,0},{0,0,0,0,0,0,0,0,0},{0,0,0,0,0,0,0,0,0}}
]
13:21:17.126 INFO  [main] SudokuBoard - Warto?? 0 wstawiona nieprawid?owo
13:21:17.126 INFO  [main] SudokuBoard - B?ad w kwadracie 0
sudoku.model.SudokuBoard@3d3c14c3[
  size=9
  solver=sudoku.model.BacktrackingSudokuSolver@599fab92
  board={{1,5,2,8,7,6,3,4,9},{4,3,6,9,1,2,5,8,7},{7,8,9,4,5,3,2,1,6},{5,2,4,6,8,7,9,3,1},{6,7,1,2,3,9,8,5,4},{3,9,8,5,4,1,6,7,2},{8,4,3,1,6,5,0,0,0},{0,0,0,0,0,0,0,0,0},{0,0,0,0,0,0,0,0,0}}
]
13:21:17.126 INFO  [main] SudokuBoard - Warto?? 0 wstawiona nieprawid?owo
13:21:17.126 INFO  [main] SudokuBoard - B?ad w kwadracie 0
sudoku.model.SudokuBoard@3d3c14c3[
  size=9
  solver=sudoku.model.BacktrackingSudokuSolver@599fab92
  board={{1,5,2,8,7,6,3,4,9},{4,3,6,9,1,2,5,8,7},{7,8,9,4,5,3,2,1,6},{5,2,4,6,8,7,9,3,1},{6,7,1,2,3,9,8,5,4},{3,9,8,5,4,1,6,7,2},{8,4,3,1,6,0,0,0,0},{0,0,0,0,0,0,0,0,0},{0,0,0,0,0,0,0,0,0}}
]
13:21:17.126 INFO  [main] SudokuBoard - Warto?? 0 wstawiona nieprawid?owo
13:21:17.126 INFO  [main] SudokuBoard - B?ad w kwadracie 0
sudoku.model.SudokuBoard@3d3c14c3[
  size=9
  solver=sudoku.model.BacktrackingSudokuSolver@599fab92
  board={{1,5,2,8,7,6,3,4,9},{4,3,6,9,1,2,5,8,7},{7,8,9,4,5,3,2,1,6},{5,2,4,6,8,7,9,3,1},{6,7,1,2,3,9,8,5,4},{3,9,8,5,4,1,6,7,2},{8,4,3,1,0,0,0,0,0},{0,0,0,0,0,0,0,0,0},{0,0,0,0,0,0,0,0,0}}
]
13:21:17.127 INFO  [main] SudokuBoard - Warto?? 0 wstawiona nieprawid?owo
13:21:17.127 INFO  [main] SudokuBoard - B?ad w kwadracie 0
sudoku.model.SudokuBoard@3d3c14c3[
  size=9
  solver=sudoku.model.BacktrackingSudokuSolver@599fab92
  board={{1,5,2,8,7,6,3,4,9},{4,3,6,9,1,2,5,8,7},{7,8,9,4,5,3,2,1,6},{5,2,4,6,8,7,9,3,1},{6,7,1,2,3,9,8,5,4},{3,9,8,5,4,1,6,7,2},{8,4,3,1,9,5,7,0,0},{0,0,0,0,0,0,0,0,0},{0,0,0,0,0,0,0,0,0}}
]
13:21:17.127 INFO  [main] SudokuBoard - Warto?? 0 wstawiona nieprawid?owo
13:21:17.127 INFO  [main] SudokuBoard - B?ad w kwadracie 0
sudoku.model.SudokuBoard@3d3c14c3[
  size=9
  solver=sudoku.model.BacktrackingSudokuSolver@599fab92
  board={{1,5,2,8,7,6,3,4,9},{4,3,6,9,1,2,5,8,7},{7,8,9,4,5,3,2,1,6},{5,2,4,6,8,7,9,3,1},{6,7,1,2,3,9,8,5,4},{3,9,8,5,4,1,6,7,2},{8,4,3,1,9,5,7,0,0},{0,0,0,0,0,0,0,0,0},{0,0,0,0,0,0,0,0,0}}
]
13:21:17.127 INFO  [main] SudokuBoard - Warto?? 0 wstawiona nieprawid?owo
13:21:17.128 INFO  [main] SudokuBoard - B?ad w kwadracie 0
sudoku.model.SudokuBoard@3d3c14c3[
  size=9
  solver=sudoku.model.BacktrackingSudokuSolver@599fab92
  board={{1,5,2,8,7,6,3,4,9},{4,3,6,9,1,2,5,8,7},{7,8,9,4,5,3,2,1,6},{5,2,4,6,8,7,9,3,1},{6,7,1,2,3,9,8,5,4},{3,9,8,5,4,1,6,7,2},{8,4,3,1,9,5,0,0,0},{0,0,0,0,0,0,0,0,0},{0,0,0,0,0,0,0,0,0}}
]
13:21:17.128 INFO  [main] SudokuBoard - Warto?? 0 wstawiona nieprawid?owo
13:21:17.128 INFO  [main] SudokuBoard - B?ad w kwadracie 0
sudoku.model.SudokuBoard@3d3c14c3[
  size=9
  solver=sudoku.model.BacktrackingSudokuSolver@599fab92
  board={{1,5,2,8,7,6,3,4,9},{4,3,6,9,1,2,5,8,7},{7,8,9,4,5,3,2,1,6},{5,2,4,6,8,7,9,3,1},{6,7,1,2,3,9,8,5,4},{3,9,8,5,4,1,6,7,2},{8,4,3,1,9,0,0,0,0},{0,0,0,0,0,0,0,0,0},{0,0,0,0,0,0,0,0,0}}
]
13:21:17.128 INFO  [main] SudokuBoard - Warto?? 0 wstawiona nieprawid?owo
13:21:17.128 INFO  [main] SudokuBoard - B?ad w kwadracie 0
sudoku.model.SudokuBoard@3d3c14c3[
  size=9
  solver=sudoku.model.BacktrackingSudokuSolver@599fab92
  board={{1,5,2,8,7,6,3,4,9},{4,3,6,9,1,2,5,8,7},{7,8,9,4,5,3,2,1,6},{5,2,4,6,8,7,9,3,1},{6,7,1,2,3,9,8,5,4},{3,9,8,5,4,1,6,7,2},{8,4,3,1,0,0,0,0,0},{0,0,0,0,0,0,0,0,0},{0,0,0,0,0,0,0,0,0}}
]
13:21:17.128 INFO  [main] SudokuBoard - Warto?? 0 wstawiona nieprawid?owo
13:21:17.129 INFO  [main] SudokuBoard - B?ad w kwadracie 0
sudoku.model.SudokuBoard@3d3c14c3[
  size=9
  solver=sudoku.model.BacktrackingSudokuSolver@599fab92
  board={{1,5,2,8,7,6,3,4,9},{4,3,6,9,1,2,5,8,7},{7,8,9,4,5,3,2,1,6},{5,2,4,6,8,7,9,3,1},{6,7,1,2,3,9,8,5,4},{3,9,8,5,4,1,6,7,2},{8,4,3,1,2,5,7,0,0},{0,0,0,0,0,0,0,0,0},{0,0,0,0,0,0,0,0,0}}
]
13:21:17.129 INFO  [main] SudokuBoard - Warto?? 0 wstawiona nieprawid?owo
13:21:17.129 INFO  [main] SudokuBoard - B?ad w kwadracie 0
sudoku.model.SudokuBoard@3d3c14c3[
  size=9
  solver=sudoku.model.BacktrackingSudokuSolver@599fab92
  board={{1,5,2,8,7,6,3,4,9},{4,3,6,9,1,2,5,8,7},{7,8,9,4,5,3,2,1,6},{5,2,4,6,8,7,9,3,1},{6,7,1,2,3,9,8,5,4},{3,9,8,5,4,1,6,7,2},{8,4,3,1,2,5,7,0,0},{0,0,0,0,0,0,0,0,0},{0,0,0,0,0,0,0,0,0}}
]
13:21:17.129 INFO  [main] SudokuBoard - Warto?? 0 wstawiona nieprawid?owo
13:21:17.129 INFO  [main] SudokuBoard - B?ad w kwadracie 0
sudoku.model.SudokuBoard@3d3c14c3[
  size=9
  solver=sudoku.model.BacktrackingSudokuSolver@599fab92
  board={{1,5,2,8,7,6,3,4,9},{4,3,6,9,1,2,5,8,7},{7,8,9,4,5,3,2,1,6},{5,2,4,6,8,7,9,3,1},{6,7,1,2,3,9,8,5,4},{3,9,8,5,4,1,6,7,2},{8,4,3,1,2,5,0,0,0},{0,0,0,0,0,0,0,0,0},{0,0,0,0,0,0,0,0,0}}
]
13:21:17.129 INFO  [main] SudokuBoard - Warto?? 0 wstawiona nieprawid?owo
13:21:17.130 INFO  [main] SudokuBoard - B?ad w kwadracie 0
sudoku.model.SudokuBoard@3d3c14c3[
  size=9
  solver=sudoku.model.BacktrackingSudokuSolver@599fab92
  board={{1,5,2,8,7,6,3,4,9},{4,3,6,9,1,2,5,8,7},{7,8,9,4,5,3,2,1,6},{5,2,4,6,8,7,9,3,1},{6,7,1,2,3,9,8,5,4},{3,9,8,5,4,1,6,7,2},{8,4,3,1,2,0,0,0,0},{0,0,0,0,0,0,0,0,0},{0,0,0,0,0,0,0,0,0}}
]
13:21:17.130 INFO  [main] SudokuBoard - Warto?? 0 wstawiona nieprawid?owo
13:21:17.130 INFO  [main] SudokuBoard - B?ad w kwadracie 0
sudoku.model.SudokuBoard@3d3c14c3[
  size=9
  solver=sudoku.model.BacktrackingSudokuSolver@599fab92
  board={{1,5,2,8,7,6,3,4,9},{4,3,6,9,1,2,5,8,7},{7,8,9,4,5,3,2,1,6},{5,2,4,6,8,7,9,3,1},{6,7,1,2,3,9,8,5,4},{3,9,8,5,4,1,6,7,2},{8,4,3,1,0,0,0,0,0},{0,0,0,0,0,0,0,0,0},{0,0,0,0,0,0,0,0,0}}
]
13:21:17.130 INFO  [main] SudokuBoard - Warto?? 0 wstawiona nieprawid?owo
13:21:17.130 INFO  [main] SudokuBoard - B?ad w kwadracie 0
sudoku.model.SudokuBoard@3d3c14c3[
  size=9
  solver=sudoku.model.BacktrackingSudokuSolver@599fab92
  board={{1,5,2,8,7,6,3,4,9},{4,3,6,9,1,2,5,8,7},{7,8,9,4,5,3,2,1,6},{5,2,4,6,8,7,9,3,1},{6,7,1,2,3,9,8,5,4},{3,9,8,5,4,1,6,7,2},{8,4,3,0,0,0,0,0,0},{0,0,0,0,0,0,0,0,0},{0,0,0,0,0,0,0,0,0}}
]
13:21:17.130 INFO  [main] SudokuBoard - Warto?? 0 wstawiona nieprawid?owo
13:21:17.130 INFO  [main] SudokuBoard - B?ad w kwadracie 0
sudoku.model.SudokuBoard@3d3c14c3[
  size=9
  solver=sudoku.model.BacktrackingSudokuSolver@599fab92
  board={{1,5,2,8,7,6,3,4,9},{4,3,6,9,1,2,5,8,7},{7,8,9,4,5,3,2,1,6},{5,2,4,6,8,7,9,3,1},{6,7,1,2,3,9,8,5,4},{3,9,8,5,4,1,6,7,2},{8,4,0,0,0,0,0,0,0},{0,0,0,0,0,0,0,0,0},{0,0,0,0,0,0,0,0,0}}
]
13:21:17.131 INFO  [main] SudokuBoard - Warto?? 0 wstawiona nieprawid?owo
13:21:17.132 INFO  [main] SudokuBoard - B?ad w kwadracie 0
sudoku.model.SudokuBoard@3d3c14c3[
  size=9
  solver=sudoku.model.BacktrackingSudokuSolver@599fab92
  board={{1,5,2,8,7,6,3,4,9},{4,3,6,9,1,2,5,8,7},{7,8,9,4,5,3,2,1,6},{5,2,4,6,8,7,9,3,1},{6,7,1,2,3,9,8,5,4},{3,9,8,5,4,1,6,7,2},{8,4,5,1,0,0,0,0,0},{0,0,0,0,0,0,0,0,0},{0,0,0,0,0,0,0,0,0}}
]
13:21:17.132 INFO  [main] SudokuBoard - Warto?? 0 wstawiona nieprawid?owo
13:21:17.132 INFO  [main] SudokuBoard - B?ad w kwadracie 0
sudoku.model.SudokuBoard@3d3c14c3[
  size=9
  solver=sudoku.model.BacktrackingSudokuSolver@599fab92
  board={{1,5,2,8,7,6,3,4,9},{4,3,6,9,1,2,5,8,7},{7,8,9,4,5,3,2,1,6},{5,2,4,6,8,7,9,3,1},{6,7,1,2,3,9,8,5,4},{3,9,8,5,4,1,6,7,2},{8,4,5,1,0,0,0,0,0},{0,0,0,0,0,0,0,0,0},{0,0,0,0,0,0,0,0,0}}
]
13:21:17.132 INFO  [main] SudokuBoard - Warto?? 0 wstawiona nieprawid?owo
13:21:17.132 INFO  [main] SudokuBoard - B?ad w kwadracie 0
sudoku.model.SudokuBoard@3d3c14c3[
  size=9
  solver=sudoku.model.BacktrackingSudokuSolver@599fab92
  board={{1,5,2,8,7,6,3,4,9},{4,3,6,9,1,2,5,8,7},{7,8,9,4,5,3,2,1,6},{5,2,4,6,8,7,9,3,1},{6,7,1,2,3,9,8,5,4},{3,9,8,5,4,1,6,7,2},{8,4,5,1,0,0,0,0,0},{0,0,0,0,0,0,0,0,0},{0,0,0,0,0,0,0,0,0}}
]
13:21:17.132 INFO  [main] SudokuBoard - Warto?? 0 wstawiona nieprawid?owo
13:21:17.132 INFO  [main] SudokuBoard - B?ad w kwadracie 0
sudoku.model.SudokuBoard@3d3c14c3[
  size=9
  solver=sudoku.model.BacktrackingSudokuSolver@599fab92
  board={{1,5,2,8,7,6,3,4,9},{4,3,6,9,1,2,5,8,7},{7,8,9,4,5,3,2,1,6},{5,2,4,6,8,7,9,3,1},{6,7,1,2,3,9,8,5,4},{3,9,8,5,4,1,6,7,2},{8,4,5,0,0,0,0,0,0},{0,0,0,0,0,0,0,0,0},{0,0,0,0,0,0,0,0,0}}
]
13:21:17.133 INFO  [main] SudokuBoard - Warto?? 0 wstawiona nieprawid?owo
13:21:17.133 INFO  [main] SudokuBoard - B?ad w kwadracie 0
sudoku.model.SudokuBoard@3d3c14c3[
  size=9
  solver=sudoku.model.BacktrackingSudokuSolver@599fab92
  board={{1,5,2,8,7,6,3,4,9},{4,3,6,9,1,2,5,8,7},{7,8,9,4,5,3,2,1,6},{5,2,4,6,8,7,9,3,1},{6,7,1,2,3,9,8,5,4},{3,9,8,5,4,1,6,7,2},{8,4,5,3,0,0,0,0,0},{0,0,0,0,0,0,0,0,0},{0,0,0,0,0,0,0,0,0}}
]
13:21:17.133 INFO  [main] SudokuBoard - Warto?? 0 wstawiona nieprawid?owo
13:21:17.133 INFO  [main] SudokuBoard - B?ad w kwadracie 0
sudoku.model.SudokuBoard@3d3c14c3[
  size=9
  solver=sudoku.model.BacktrackingSudokuSolver@599fab92
  board={{1,5,2,8,7,6,3,4,9},{4,3,6,9,1,2,5,8,7},{7,8,9,4,5,3,2,1,6},{5,2,4,6,8,7,9,3,1},{6,7,1,2,3,9,8,5,4},{3,9,8,5,4,1,6,7,2},{8,4,5,3,0,0,0,0,0},{0,0,0,0,0,0,0,0,0},{0,0,0,0,0,0,0,0,0}}
]
13:21:17.133 INFO  [main] SudokuBoard - Warto?? 0 wstawiona nieprawid?owo
13:21:17.134 INFO  [main] SudokuBoard - B?ad w kwadracie 0
sudoku.model.SudokuBoard@3d3c14c3[
  size=9
  solver=sudoku.model.BacktrackingSudokuSolver@599fab92
  board={{1,5,2,8,7,6,3,4,9},{4,3,6,9,1,2,5,8,7},{7,8,9,4,5,3,2,1,6},{5,2,4,6,8,7,9,3,1},{6,7,1,2,3,9,8,5,4},{3,9,8,5,4,1,6,7,2},{8,4,5,3,0,0,0,0,0},{0,0,0,0,0,0,0,0,0},{0,0,0,0,0,0,0,0,0}}
]
13:21:17.134 INFO  [main] SudokuBoard - Warto?? 0 wstawiona nieprawid?owo
13:21:17.134 INFO  [main] SudokuBoard - B?ad w kwadracie 0
sudoku.model.SudokuBoard@3d3c14c3[
  size=9
  solver=sudoku.model.BacktrackingSudokuSolver@599fab92
  board={{1,5,2,8,7,6,3,4,9},{4,3,6,9,1,2,5,8,7},{7,8,9,4,5,3,2,1,6},{5,2,4,6,8,7,9,3,1},{6,7,1,2,3,9,8,5,4},{3,9,8,5,4,1,6,7,2},{8,4,5,0,0,0,0,0,0},{0,0,0,0,0,0,0,0,0},{0,0,0,0,0,0,0,0,0}}
]
13:21:17.134 INFO  [main] SudokuBoard - Warto?? 0 wstawiona nieprawid?owo
13:21:17.134 INFO  [main] SudokuBoard - B?ad w kwadracie 0
sudoku.model.SudokuBoard@3d3c14c3[
  size=9
  solver=sudoku.model.BacktrackingSudokuSolver@599fab92
  board={{1,5,2,8,7,6,3,4,9},{4,3,6,9,1,2,5,8,7},{7,8,9,4,5,3,2,1,6},{5,2,4,6,8,7,9,3,1},{6,7,1,2,3,9,8,5,4},{3,9,8,5,4,1,6,7,2},{8,4,5,7,0,0,0,0,0},{0,0,0,0,0,0,0,0,0},{0,0,0,0,0,0,0,0,0}}
]
13:21:17.134 INFO  [main] SudokuBoard - Warto?? 0 wstawiona nieprawid?owo
13:21:17.134 INFO  [main] SudokuBoard - B?ad w kwadracie 0
sudoku.model.SudokuBoard@3d3c14c3[
  size=9
  solver=sudoku.model.BacktrackingSudokuSolver@599fab92
  board={{1,5,2,8,7,6,3,4,9},{4,3,6,9,1,2,5,8,7},{7,8,9,4,5,3,2,1,6},{5,2,4,6,8,7,9,3,1},{6,7,1,2,3,9,8,5,4},{3,9,8,5,4,1,6,7,2},{8,4,5,7,0,0,0,0,0},{0,0,0,0,0,0,0,0,0},{0,0,0,0,0,0,0,0,0}}
]
13:21:17.134 INFO  [main] SudokuBoard - Warto?? 0 wstawiona nieprawid?owo
13:21:17.135 INFO  [main] SudokuBoard - B?ad w kwadracie 0
sudoku.model.SudokuBoard@3d3c14c3[
  size=9
  solver=sudoku.model.BacktrackingSudokuSolver@599fab92
  board={{1,5,2,8,7,6,3,4,9},{4,3,6,9,1,2,5,8,7},{7,8,9,4,5,3,2,1,6},{5,2,4,6,8,7,9,3,1},{6,7,1,2,3,9,8,5,4},{3,9,8,5,4,1,6,7,2},{8,4,5,7,0,0,0,0,0},{0,0,0,0,0,0,0,0,0},{0,0,0,0,0,0,0,0,0}}
]
13:21:17.135 INFO  [main] SudokuBoard - Warto?? 0 wstawiona nieprawid?owo
13:21:17.135 INFO  [main] SudokuBoard - B?ad w kwadracie 0
sudoku.model.SudokuBoard@3d3c14c3[
  size=9
  solver=sudoku.model.BacktrackingSudokuSolver@599fab92
  board={{1,5,2,8,7,6,3,4,9},{4,3,6,9,1,2,5,8,7},{7,8,9,4,5,3,2,1,6},{5,2,4,6,8,7,9,3,1},{6,7,1,2,3,9,8,5,4},{3,9,8,5,4,1,6,7,2},{8,4,5,0,0,0,0,0,0},{0,0,0,0,0,0,0,0,0},{0,0,0,0,0,0,0,0,0}}
]
13:21:17.135 INFO  [main] SudokuBoard - Warto?? 0 wstawiona nieprawid?owo
13:21:17.136 INFO  [main] SudokuBoard - B?ad w kwadracie 0
sudoku.model.SudokuBoard@3d3c14c3[
  size=9
  solver=sudoku.model.BacktrackingSudokuSolver@599fab92
  board={{1,5,2,8,7,6,3,4,9},{4,3,6,9,1,2,5,8,7},{7,8,9,4,5,3,2,1,6},{5,2,4,6,8,7,9,3,1},{6,7,1,2,3,9,8,5,4},{3,9,8,5,4,1,6,7,2},{8,4,0,0,0,0,0,0,0},{0,0,0,0,0,0,0,0,0},{0,0,0,0,0,0,0,0,0}}
]
13:21:17.136 INFO  [main] SudokuBoard - Warto?? 0 wstawiona nieprawid?owo
13:21:17.136 INFO  [main] SudokuBoard - B?ad w kwadracie 0
sudoku.model.SudokuBoard@3d3c14c3[
  size=9
  solver=sudoku.model.BacktrackingSudokuSolver@599fab92
  board={{1,5,2,8,7,6,3,4,9},{4,3,6,9,1,2,5,8,7},{7,8,9,4,5,3,2,1,6},{5,2,4,6,8,7,9,3,1},{6,7,1,2,3,9,8,5,4},{3,9,8,5,4,1,6,7,2},{8,4,7,1,2,0,0,0,0},{0,0,0,0,0,0,0,0,0},{0,0,0,0,0,0,0,0,0}}
]
13:21:17.136 INFO  [main] SudokuBoard - Warto?? 0 wstawiona nieprawid?owo
13:21:17.136 INFO  [main] SudokuBoard - B?ad w kwadracie 0
sudoku.model.SudokuBoard@3d3c14c3[
  size=9
  solver=sudoku.model.BacktrackingSudokuSolver@599fab92
  board={{1,5,2,8,7,6,3,4,9},{4,3,6,9,1,2,5,8,7},{7,8,9,4,5,3,2,1,6},{5,2,4,6,8,7,9,3,1},{6,7,1,2,3,9,8,5,4},{3,9,8,5,4,1,6,7,2},{8,4,7,1,0,0,0,0,0},{0,0,0,0,0,0,0,0,0},{0,0,0,0,0,0,0,0,0}}
]
13:21:17.137 INFO  [main] SudokuBoard - Warto?? 0 wstawiona nieprawid?owo
13:21:17.137 INFO  [main] SudokuBoard - B?ad w kwadracie 0
sudoku.model.SudokuBoard@3d3c14c3[
  size=9
  solver=sudoku.model.BacktrackingSudokuSolver@599fab92
  board={{1,5,2,8,7,6,3,4,9},{4,3,6,9,1,2,5,8,7},{7,8,9,4,5,3,2,1,6},{5,2,4,6,8,7,9,3,1},{6,7,1,2,3,9,8,5,4},{3,9,8,5,4,1,6,7,2},{8,4,7,1,6,0,0,0,0},{0,0,0,0,0,0,0,0,0},{0,0,0,0,0,0,0,0,0}}
]
13:21:17.137 INFO  [main] SudokuBoard - Warto?? 0 wstawiona nieprawid?owo
13:21:17.137 INFO  [main] SudokuBoard - B?ad w kwadracie 0
sudoku.model.SudokuBoard@3d3c14c3[
  size=9
  solver=sudoku.model.BacktrackingSudokuSolver@599fab92
  board={{1,5,2,8,7,6,3,4,9},{4,3,6,9,1,2,5,8,7},{7,8,9,4,5,3,2,1,6},{5,2,4,6,8,7,9,3,1},{6,7,1,2,3,9,8,5,4},{3,9,8,5,4,1,6,7,2},{8,4,7,1,0,0,0,0,0},{0,0,0,0,0,0,0,0,0},{0,0,0,0,0,0,0,0,0}}
]
13:21:17.137 INFO  [main] SudokuBoard - Warto?? 0 wstawiona nieprawid?owo
13:21:17.137 INFO  [main] SudokuBoard - B?ad w kwadracie 0
sudoku.model.SudokuBoard@3d3c14c3[
  size=9
  solver=sudoku.model.BacktrackingSudokuSolver@599fab92
  board={{1,5,2,8,7,6,3,4,9},{4,3,6,9,1,2,5,8,7},{7,8,9,4,5,3,2,1,6},{5,2,4,6,8,7,9,3,1},{6,7,1,2,3,9,8,5,4},{3,9,8,5,4,1,6,7,2},{8,4,7,1,9,0,0,0,0},{0,0,0,0,0,0,0,0,0},{0,0,0,0,0,0,0,0,0}}
]
13:21:17.138 INFO  [main] SudokuBoard - Warto?? 0 wstawiona nieprawid?owo
13:21:17.138 INFO  [main] SudokuBoard - B?ad w kwadracie 0
sudoku.model.SudokuBoard@3d3c14c3[
  size=9
  solver=sudoku.model.BacktrackingSudokuSolver@599fab92
  board={{1,5,2,8,7,6,3,4,9},{4,3,6,9,1,2,5,8,7},{7,8,9,4,5,3,2,1,6},{5,2,4,6,8,7,9,3,1},{6,7,1,2,3,9,8,5,4},{3,9,8,5,4,1,6,7,2},{8,4,7,1,0,0,0,0,0},{0,0,0,0,0,0,0,0,0},{0,0,0,0,0,0,0,0,0}}
]
13:21:17.138 INFO  [main] SudokuBoard - Warto?? 0 wstawiona nieprawid?owo
13:21:17.138 INFO  [main] SudokuBoard - B?ad w kwadracie 0
sudoku.model.SudokuBoard@3d3c14c3[
  size=9
  solver=sudoku.model.BacktrackingSudokuSolver@599fab92
  board={{1,5,2,8,7,6,3,4,9},{4,3,6,9,1,2,5,8,7},{7,8,9,4,5,3,2,1,6},{5,2,4,6,8,7,9,3,1},{6,7,1,2,3,9,8,5,4},{3,9,8,5,4,1,6,7,2},{8,4,7,0,0,0,0,0,0},{0,0,0,0,0,0,0,0,0},{0,0,0,0,0,0,0,0,0}}
]
13:21:17.138 INFO  [main] SudokuBoard - Warto?? 0 wstawiona nieprawid?owo
13:21:17.139 INFO  [main] SudokuBoard - B?ad w kwadracie 0
sudoku.model.SudokuBoard@3d3c14c3[
  size=9
  solver=sudoku.model.BacktrackingSudokuSolver@599fab92
  board={{1,5,2,8,7,6,3,4,9},{4,3,6,9,1,2,5,8,7},{7,8,9,4,5,3,2,1,6},{5,2,4,6,8,7,9,3,1},{6,7,1,2,3,9,8,5,4},{3,9,8,5,4,1,6,7,2},{8,4,7,3,2,5,1,0,0},{0,0,0,0,0,0,0,0,0},{0,0,0,0,0,0,0,0,0}}
]
13:21:17.139 INFO  [main] SudokuBoard - Warto?? 0 wstawiona nieprawid?owo
13:21:17.139 INFO  [main] SudokuBoard - B?ad w kwadracie 0
sudoku.model.SudokuBoard@3d3c14c3[
  size=9
  solver=sudoku.model.BacktrackingSudokuSolver@599fab92
  board={{1,5,2,8,7,6,3,4,9},{4,3,6,9,1,2,5,8,7},{7,8,9,4,5,3,2,1,6},{5,2,4,6,8,7,9,3,1},{6,7,1,2,3,9,8,5,4},{3,9,8,5,4,1,6,7,2},{8,4,7,3,2,5,1,0,0},{0,0,0,0,0,0,0,0,0},{0,0,0,0,0,0,0,0,0}}
]
13:21:17.139 INFO  [main] SudokuBoard - Warto?? 0 wstawiona nieprawid?owo
13:21:17.139 INFO  [main] SudokuBoard - B?ad w kwadracie 0
sudoku.model.SudokuBoard@3d3c14c3[
  size=9
  solver=sudoku.model.BacktrackingSudokuSolver@599fab92
  board={{1,5,2,8,7,6,3,4,9},{4,3,6,9,1,2,5,8,7},{7,8,9,4,5,3,2,1,6},{5,2,4,6,8,7,9,3,1},{6,7,1,2,3,9,8,5,4},{3,9,8,5,4,1,6,7,2},{8,4,7,3,2,5,0,0,0},{0,0,0,0,0,0,0,0,0},{0,0,0,0,0,0,0,0,0}}
]
13:21:17.139 INFO  [main] SudokuBoard - Warto?? 0 wstawiona nieprawid?owo
13:21:17.139 INFO  [main] SudokuBoard - B?ad w kwadracie 0
sudoku.model.SudokuBoard@3d3c14c3[
  size=9
  solver=sudoku.model.BacktrackingSudokuSolver@599fab92
  board={{1,5,2,8,7,6,3,4,9},{4,3,6,9,1,2,5,8,7},{7,8,9,4,5,3,2,1,6},{5,2,4,6,8,7,9,3,1},{6,7,1,2,3,9,8,5,4},{3,9,8,5,4,1,6,7,2},{8,4,7,3,2,0,0,0,0},{0,0,0,0,0,0,0,0,0},{0,0,0,0,0,0,0,0,0}}
]
13:21:17.139 INFO  [main] SudokuBoard - Warto?? 0 wstawiona nieprawid?owo
13:21:17.140 INFO  [main] SudokuBoard - B?ad w kwadracie 0
sudoku.model.SudokuBoard@3d3c14c3[
  size=9
  solver=sudoku.model.BacktrackingSudokuSolver@599fab92
  board={{1,5,2,8,7,6,3,4,9},{4,3,6,9,1,2,5,8,7},{7,8,9,4,5,3,2,1,6},{5,2,4,6,8,7,9,3,1},{6,7,1,2,3,9,8,5,4},{3,9,8,5,4,1,6,7,2},{8,4,7,3,0,0,0,0,0},{0,0,0,0,0,0,0,0,0},{0,0,0,0,0,0,0,0,0}}
]
13:21:17.140 INFO  [main] SudokuBoard - Warto?? 0 wstawiona nieprawid?owo
13:21:17.140 INFO  [main] SudokuBoard - B?ad w kwadracie 0
sudoku.model.SudokuBoard@3d3c14c3[
  size=9
  solver=sudoku.model.BacktrackingSudokuSolver@599fab92
  board={{1,5,2,8,7,6,3,4,9},{4,3,6,9,1,2,5,8,7},{7,8,9,4,5,3,2,1,6},{5,2,4,6,8,7,9,3,1},{6,7,1,2,3,9,8,5,4},{3,9,8,5,4,1,6,7,2},{8,4,7,3,6,5,1,0,0},{0,0,0,0,0,0,0,0,0},{0,0,0,0,0,0,0,0,0}}
]
13:21:17.140 INFO  [main] SudokuBoard - Warto?? 0 wstawiona nieprawid?owo
13:21:17.140 INFO  [main] SudokuBoard - B?ad w kwadracie 0
sudoku.model.SudokuBoard@3d3c14c3[
  size=9
  solver=sudoku.model.BacktrackingSudokuSolver@599fab92
  board={{1,5,2,8,7,6,3,4,9},{4,3,6,9,1,2,5,8,7},{7,8,9,4,5,3,2,1,6},{5,2,4,6,8,7,9,3,1},{6,7,1,2,3,9,8,5,4},{3,9,8,5,4,1,6,7,2},{8,4,7,3,6,5,1,0,0},{0,0,0,0,0,0,0,0,0},{0,0,0,0,0,0,0,0,0}}
]
13:21:17.140 INFO  [main] SudokuBoard - Warto?? 0 wstawiona nieprawid?owo
13:21:17.140 INFO  [main] SudokuBoard - B?ad w kwadracie 0
sudoku.model.SudokuBoard@3d3c14c3[
  size=9
  solver=sudoku.model.BacktrackingSudokuSolver@599fab92
  board={{1,5,2,8,7,6,3,4,9},{4,3,6,9,1,2,5,8,7},{7,8,9,4,5,3,2,1,6},{5,2,4,6,8,7,9,3,1},{6,7,1,2,3,9,8,5,4},{3,9,8,5,4,1,6,7,2},{8,4,7,3,6,5,0,0,0},{0,0,0,0,0,0,0,0,0},{0,0,0,0,0,0,0,0,0}}
]
13:21:17.141 INFO  [main] SudokuBoard - Warto?? 0 wstawiona nieprawid?owo
13:21:17.141 INFO  [main] SudokuBoard - B?ad w kwadracie 0
sudoku.model.SudokuBoard@3d3c14c3[
  size=9
  solver=sudoku.model.BacktrackingSudokuSolver@599fab92
  board={{1,5,2,8,7,6,3,4,9},{4,3,6,9,1,2,5,8,7},{7,8,9,4,5,3,2,1,6},{5,2,4,6,8,7,9,3,1},{6,7,1,2,3,9,8,5,4},{3,9,8,5,4,1,6,7,2},{8,4,7,3,6,0,0,0,0},{0,0,0,0,0,0,0,0,0},{0,0,0,0,0,0,0,0,0}}
]
13:21:17.141 INFO  [main] SudokuBoard - Warto?? 0 wstawiona nieprawid?owo
13:21:17.141 INFO  [main] SudokuBoard - B?ad w kwadracie 0
sudoku.model.SudokuBoard@3d3c14c3[
  size=9
  solver=sudoku.model.BacktrackingSudokuSolver@599fab92
  board={{1,5,2,8,7,6,3,4,9},{4,3,6,9,1,2,5,8,7},{7,8,9,4,5,3,2,1,6},{5,2,4,6,8,7,9,3,1},{6,7,1,2,3,9,8,5,4},{3,9,8,5,4,1,6,7,2},{8,4,7,3,0,0,0,0,0},{0,0,0,0,0,0,0,0,0},{0,0,0,0,0,0,0,0,0}}
]
13:21:17.141 INFO  [main] SudokuBoard - Warto?? 0 wstawiona nieprawid?owo
13:21:17.141 INFO  [main] SudokuBoard - B?ad w kwadracie 0
sudoku.model.SudokuBoard@3d3c14c3[
  size=9
  solver=sudoku.model.BacktrackingSudokuSolver@599fab92
  board={{1,5,2,8,7,6,3,4,9},{4,3,6,9,1,2,5,8,7},{7,8,9,4,5,3,2,1,6},{5,2,4,6,8,7,9,3,1},{6,7,1,2,3,9,8,5,4},{3,9,8,5,4,1,6,7,2},{8,4,7,3,9,5,1,0,0},{0,0,0,0,0,0,0,0,0},{0,0,0,0,0,0,0,0,0}}
]
13:21:17.141 INFO  [main] SudokuBoard - Warto?? 0 wstawiona nieprawid?owo
13:21:17.141 INFO  [main] SudokuBoard - B?ad w kwadracie 0
sudoku.model.SudokuBoard@3d3c14c3[
  size=9
  solver=sudoku.model.BacktrackingSudokuSolver@599fab92
  board={{1,5,2,8,7,6,3,4,9},{4,3,6,9,1,2,5,8,7},{7,8,9,4,5,3,2,1,6},{5,2,4,6,8,7,9,3,1},{6,7,1,2,3,9,8,5,4},{3,9,8,5,4,1,6,7,2},{8,4,7,3,9,5,1,0,0},{0,0,0,0,0,0,0,0,0},{0,0,0,0,0,0,0,0,0}}
]
13:21:17.142 INFO  [main] SudokuBoard - Warto?? 0 wstawiona nieprawid?owo
13:21:17.142 INFO  [main] SudokuBoard - B?ad w kwadracie 0
sudoku.model.SudokuBoard@3d3c14c3[
  size=9
  solver=sudoku.model.BacktrackingSudokuSolver@599fab92
  board={{1,5,2,8,7,6,3,4,9},{4,3,6,9,1,2,5,8,7},{7,8,9,4,5,3,2,1,6},{5,2,4,6,8,7,9,3,1},{6,7,1,2,3,9,8,5,4},{3,9,8,5,4,1,6,7,2},{8,4,7,3,9,5,0,0,0},{0,0,0,0,0,0,0,0,0},{0,0,0,0,0,0,0,0,0}}
]
13:21:17.142 INFO  [main] SudokuBoard - Warto?? 0 wstawiona nieprawid?owo
13:21:17.142 INFO  [main] SudokuBoard - B?ad w kwadracie 0
sudoku.model.SudokuBoard@3d3c14c3[
  size=9
  solver=sudoku.model.BacktrackingSudokuSolver@599fab92
  board={{1,5,2,8,7,6,3,4,9},{4,3,6,9,1,2,5,8,7},{7,8,9,4,5,3,2,1,6},{5,2,4,6,8,7,9,3,1},{6,7,1,2,3,9,8,5,4},{3,9,8,5,4,1,6,7,2},{8,4,7,3,9,0,0,0,0},{0,0,0,0,0,0,0,0,0},{0,0,0,0,0,0,0,0,0}}
]
13:21:17.142 INFO  [main] SudokuBoard - Warto?? 0 wstawiona nieprawid?owo
13:21:17.142 INFO  [main] SudokuBoard - B?ad w kwadracie 0
sudoku.model.SudokuBoard@3d3c14c3[
  size=9
  solver=sudoku.model.BacktrackingSudokuSolver@599fab92
  board={{1,5,2,8,7,6,3,4,9},{4,3,6,9,1,2,5,8,7},{7,8,9,4,5,3,2,1,6},{5,2,4,6,8,7,9,3,1},{6,7,1,2,3,9,8,5,4},{3,9,8,5,4,1,6,7,2},{8,4,7,3,0,0,0,0,0},{0,0,0,0,0,0,0,0,0},{0,0,0,0,0,0,0,0,0}}
]
13:21:17.142 INFO  [main] SudokuBoard - Warto?? 0 wstawiona nieprawid?owo
13:21:17.143 INFO  [main] SudokuBoard - B?ad w kwadracie 0
sudoku.model.SudokuBoard@3d3c14c3[
  size=9
  solver=sudoku.model.BacktrackingSudokuSolver@599fab92
  board={{1,5,2,8,7,6,3,4,9},{4,3,6,9,1,2,5,8,7},{7,8,9,4,5,3,2,1,6},{5,2,4,6,8,7,9,3,1},{6,7,1,2,3,9,8,5,4},{3,9,8,5,4,1,6,7,2},{8,4,7,0,0,0,0,0,0},{0,0,0,0,0,0,0,0,0},{0,0,0,0,0,0,0,0,0}}
]
13:21:17.143 INFO  [main] SudokuBoard - Warto?? 0 wstawiona nieprawid?owo
13:21:17.144 INFO  [main] SudokuBoard - B?ad w kwadracie 0
sudoku.model.SudokuBoard@3d3c14c3[
  size=9
  solver=sudoku.model.BacktrackingSudokuSolver@599fab92
  board={{1,5,2,8,7,6,3,4,9},{4,3,6,9,1,2,5,8,7},{7,8,9,4,5,3,2,1,6},{5,2,4,6,8,7,9,3,1},{6,7,1,2,3,9,8,5,4},{3,9,8,5,4,1,6,7,2},{8,4,0,0,0,0,0,0,0},{0,0,0,0,0,0,0,0,0},{0,0,0,0,0,0,0,0,0}}
]
13:21:17.144 INFO  [main] SudokuBoard - Warto?? 0 wstawiona nieprawid?owo
13:21:17.144 INFO  [main] SudokuBoard - B?ad w kwadracie 0
sudoku.model.SudokuBoard@3d3c14c3[
  size=9
  solver=sudoku.model.BacktrackingSudokuSolver@599fab92
  board={{1,5,2,8,7,6,3,4,9},{4,3,6,9,1,2,5,8,7},{7,8,9,4,5,3,2,1,6},{5,2,4,6,8,7,9,3,1},{6,7,1,2,3,9,8,5,4},{3,9,8,5,4,1,6,7,2},{8,0,0,0,0,0,0,0,0},{0,0,0,0,0,0,0,0,0},{0,0,0,0,0,0,0,0,0}}
]
13:21:17.145 INFO  [main] SudokuBoard - Warto?? 0 wstawiona nieprawid?owo
13:21:17.145 INFO  [main] SudokuBoard - B?ad w kwadracie 0
sudoku.model.SudokuBoard@3d3c14c3[
  size=9
  solver=sudoku.model.BacktrackingSudokuSolver@599fab92
  board={{1,5,2,8,7,6,3,4,9},{4,3,6,9,1,2,5,8,7},{7,8,9,4,5,3,2,1,6},{5,2,4,6,8,7,9,3,1},{6,7,1,2,3,9,8,5,4},{3,9,8,5,4,1,6,7,2},{8,6,7,3,9,4,1,2,5},{9,1,3,7,2,8,4,0,0},{0,0,0,0,0,0,0,0,0}}
]
13:21:17.145 INFO  [main] SudokuBoard - Warto?? 0 wstawiona nieprawid?owo
13:21:17.145 INFO  [main] SudokuBoard - B?ad w kwadracie 0
sudoku.model.SudokuBoard@3d3c14c3[
  size=9
  solver=sudoku.model.BacktrackingSudokuSolver@599fab92
  board={{1,5,2,8,7,6,3,4,9},{4,3,6,9,1,2,5,8,7},{7,8,9,4,5,3,2,1,6},{5,2,4,6,8,7,9,3,1},{6,7,1,2,3,9,8,5,4},{3,9,8,5,4,1,6,7,2},{8,6,7,3,9,4,1,2,5},{9,1,3,7,2,8,0,0,0},{0,0,0,0,0,0,0,0,0}}
]
13:21:17.145 INFO  [main] SudokuBoard - Warto?? 0 wstawiona nieprawid?owo
13:21:17.146 INFO  [main] SudokuBoard - B?ad w kwadracie 0
sudoku.model.SudokuBoard@3d3c14c3[
  size=9
  solver=sudoku.model.BacktrackingSudokuSolver@599fab92
  board={{1,5,2,8,7,6,3,4,9},{4,3,6,9,1,2,5,8,7},{7,8,9,4,5,3,2,1,6},{5,2,4,6,8,7,9,3,1},{6,7,1,2,3,9,8,5,4},{3,9,8,5,4,1,6,7,2},{8,6,7,3,9,4,1,2,5},{9,1,3,7,2,0,0,0,0},{0,0,0,0,0,0,0,0,0}}
]
13:21:17.146 INFO  [main] SudokuBoard - Warto?? 0 wstawiona nieprawid?owo
]]></system-out>
  </testcase>
</testsuite>