<?xml version="1.0" encoding="UTF-8"?>
<testsuite xmlns:xsi="http://www.w3.org/2001/XMLSchema-instance" xsi:noNamespaceSchemaLocation="https://maven.apache.org/surefire/maven-surefire-plugin/xsd/surefire-test-report-3.0.xsd" version="3.0" name="sudoku.model.SeriesTest" time="0.196" tests="5" errors="0" skipped="0" failures="0">
  <properties>
    <property name="java.specification.version" value="14"/>
    <property name="sun.cpu.isalist" value="amd64"/>
    <property name="sun.jnu.encoding" value="Cp1250"/>
    <property name="java.class.path" value="E:\studia\Sem-3\Programowanie komponentowe (07 72 3060 19)_pliki\ProjektKompo\an_pn_1145_03\Model\target\test-classes;C:\Users\maldo\.m2\repository\org\junit\jupiter\junit-jupiter-engine\5.6.2\junit-jupiter-engine-5.6.2.jar;C:\Users\maldo\.m2\repository\org\apiguardian\apiguardian-api\1.1.0\apiguardian-api-1.1.0.jar;C:\Users\maldo\.m2\repository\org\junit\platform\junit-platform-engine\1.6.2\junit-platform-engine-1.6.2.jar;C:\Users\maldo\.m2\repository\org\opentest4j\opentest4j\1.2.0\opentest4j-1.2.0.jar;C:\Users\maldo\.m2\repository\org\junit\platform\junit-platform-commons\1.6.2\junit-platform-commons-1.6.2.jar;C:\Users\maldo\.m2\repository\org\junit\jupiter\junit-jupiter-api\5.6.2\junit-jupiter-api-5.6.2.jar;C:\Users\maldo\.m2\repository\ch\qos\logback\logback-classic\1.1.7\logback-classic-1.1.7.jar;C:\Users\maldo\.m2\repository\ch\qos\logback\logback-core\1.1.7\logback-core-1.1.7.jar;C:\Users\maldo\.m2\repository\org\openjfx\javafx-controls\13\javafx-controls-13.jar;C:\Users\maldo\.m2\repository\org\openjfx\javafx-controls\13\javafx-controls-13-win.jar;C:\Users\maldo\.m2\repository\org\openjfx\javafx-graphics\13\javafx-graphics-13.jar;C:\Users\maldo\.m2\repository\org\openjfx\javafx-graphics\13\javafx-graphics-13-win.jar;C:\Users\maldo\.m2\repository\org\openjfx\javafx-base\13\javafx-base-13.jar;C:\Users\maldo\.m2\repository\org\openjfx\javafx-fxml\13\javafx-fxml-13.jar;C:\Users\maldo\.m2\repository\org\openjfx\javafx-fxml\13\javafx-fxml-13-win.jar;"/>
    <property name="java.vm.vendor" value="Oracle Corporation"/>
    <property name="sun.arch.data.model" value="64"/>
    <property name="user.variant" value=""/>
    <property name="java.vendor.url" value="https://java.oracle.com/"/>
    <property name="user.timezone" value="Europe/Warsaw"/>
    <property name="os.name" value="Windows 10"/>
    <property name="java.vm.specification.version" value="14"/>
    <property name="sun.java.launcher" value="SUN_STANDARD"/>
    <property name="user.country" value="PL"/>
    <property name="sun.boot.library.path" value="C:\Program Files\Java\jdk-14.0.2\bin"/>
    <property name="sun.java.command" value="org.apache.maven.surefire.booter.ForkedBooter C:\Users\maldo\AppData\Local\Temp\surefire17739166011850550494 2021-01-23T00-17-19_233-jvmRun1 surefire1391606855008274217tmp surefire_011249184552721382080tmp"/>
    <property name="jdk.debug" value="release"/>
    <property name="surefire.test.class.path" value="E:\studia\Sem-3\Programowanie komponentowe (07 72 3060 19)_pliki\ProjektKompo\an_pn_1145_03\Model\target\test-classes;C:\Users\maldo\.m2\repository\org\junit\jupiter\junit-jupiter-engine\5.6.2\junit-jupiter-engine-5.6.2.jar;C:\Users\maldo\.m2\repository\org\apiguardian\apiguardian-api\1.1.0\apiguardian-api-1.1.0.jar;C:\Users\maldo\.m2\repository\org\junit\platform\junit-platform-engine\1.6.2\junit-platform-engine-1.6.2.jar;C:\Users\maldo\.m2\repository\org\opentest4j\opentest4j\1.2.0\opentest4j-1.2.0.jar;C:\Users\maldo\.m2\repository\org\junit\platform\junit-platform-commons\1.6.2\junit-platform-commons-1.6.2.jar;C:\Users\maldo\.m2\repository\org\junit\jupiter\junit-jupiter-api\5.6.2\junit-jupiter-api-5.6.2.jar;C:\Users\maldo\.m2\repository\ch\qos\logback\logback-classic\1.1.7\logback-classic-1.1.7.jar;C:\Users\maldo\.m2\repository\ch\qos\logback\logback-core\1.1.7\logback-core-1.1.7.jar;C:\Users\maldo\.m2\repository\org\openjfx\javafx-controls\13\javafx-controls-13.jar;C:\Users\maldo\.m2\repository\org\openjfx\javafx-controls\13\javafx-controls-13-win.jar;C:\Users\maldo\.m2\repository\org\openjfx\javafx-graphics\13\javafx-graphics-13.jar;C:\Users\maldo\.m2\repository\org\openjfx\javafx-graphics\13\javafx-graphics-13-win.jar;C:\Users\maldo\.m2\repository\org\openjfx\javafx-base\13\javafx-base-13.jar;C:\Users\maldo\.m2\repository\org\openjfx\javafx-fxml\13\javafx-fxml-13.jar;C:\Users\maldo\.m2\repository\org\openjfx\javafx-fxml\13\javafx-fxml-13-win.jar;"/>
    <property name="sun.cpu.endian" value="little"/>
    <property name="user.home" value="C:\Users\maldo"/>
    <property name="user.language" value="pl"/>
    <property name="java.specification.vendor" value="Oracle Corporation"/>
    <property name="jdk.module.path" value="E:\studia\Sem-3\Programowanie komponentowe (07 72 3060 19)_pliki\ProjektKompo\an_pn_1145_03\Model\target\classes;C:\Users\maldo\.m2\repository\org\apache\commons\commons-lang3\3.11\commons-lang3-3.11.jar;C:\Users\maldo\.m2\repository\org\slf4j\slf4j-api\1.7.30\slf4j-api-1.7.30.jar;C:\Users\maldo\.m2\repository\org\openjfx\javafx-base\13\javafx-base-13-win.jar"/>
    <property name="java.version.date" value="2020-07-14"/>
    <property name="java.home" value="C:\Program Files\Java\jdk-14.0.2"/>
    <property name="file.separator" value="\"/>
    <property name="basedir" value="E:\studia\Sem-3\Programowanie komponentowe (07 72 3060 19)_pliki\ProjektKompo\an_pn_1145_03\Model"/>
    <property name="java.vm.compressedOopsMode" value="Zero based"/>
    <property name="line.separator" value="&#10;"/>
    <property name="java.vm.specification.vendor" value="Oracle Corporation"/>
    <property name="java.specification.name" value="Java Platform API Specification"/>
    <property name="surefire.real.class.path" value="C:\Users\maldo\.m2\repository\org\apache\maven\surefire\surefire-booter\3.0.0-M5\surefire-booter-3.0.0-M5.jar;C:\Users\maldo\.m2\repository\org\apache\maven\surefire\surefire-api\3.0.0-M5\surefire-api-3.0.0-M5.jar;C:\Users\maldo\.m2\repository\org\apache\maven\surefire\surefire-logger-api\3.0.0-M5\surefire-logger-api-3.0.0-M5.jar;C:\Users\maldo\.m2\repository\org\apache\maven\surefire\surefire-shared-utils\3.0.0-M4\surefire-shared-utils-3.0.0-M4.jar;C:\Users\maldo\.m2\repository\org\apache\maven\surefire\surefire-extensions-spi\3.0.0-M5\surefire-extensions-spi-3.0.0-M5.jar;E:\studia\Sem-3\Programowanie komponentowe (07 72 3060 19)_pliki\ProjektKompo\an_pn_1145_03\Model\target\test-classes;C:\Users\maldo\.m2\repository\org\junit\jupiter\junit-jupiter-engine\5.6.2\junit-jupiter-engine-5.6.2.jar;C:\Users\maldo\.m2\repository\org\apiguardian\apiguardian-api\1.1.0\apiguardian-api-1.1.0.jar;C:\Users\maldo\.m2\repository\org\junit\platform\junit-platform-engine\1.6.2\junit-platform-engine-1.6.2.jar;C:\Users\maldo\.m2\repository\org\opentest4j\opentest4j\1.2.0\opentest4j-1.2.0.jar;C:\Users\maldo\.m2\repository\org\junit\platform\junit-platform-commons\1.6.2\junit-platform-commons-1.6.2.jar;C:\Users\maldo\.m2\repository\org\junit\jupiter\junit-jupiter-api\5.6.2\junit-jupiter-api-5.6.2.jar;C:\Users\maldo\.m2\repository\ch\qos\logback\logback-classic\1.1.7\logback-classic-1.1.7.jar;C:\Users\maldo\.m2\repository\ch\qos\logback\logback-core\1.1.7\logback-core-1.1.7.jar;C:\Users\maldo\.m2\repository\org\openjfx\javafx-controls\13\javafx-controls-13.jar;C:\Users\maldo\.m2\repository\org\openjfx\javafx-controls\13\javafx-controls-13-win.jar;C:\Users\maldo\.m2\repository\org\openjfx\javafx-graphics\13\javafx-graphics-13.jar;C:\Users\maldo\.m2\repository\org\openjfx\javafx-graphics\13\javafx-graphics-13-win.jar;C:\Users\maldo\.m2\repository\org\openjfx\javafx-base\13\javafx-base-13.jar;C:\Users\maldo\.m2\repository\org\openjfx\javafx-fxml\13\javafx-fxml-13.jar;C:\Users\maldo\.m2\repository\org\openjfx\javafx-fxml\13\javafx-fxml-13-win.jar;C:\Users\maldo\.m2\repository\org\apache\maven\surefire\surefire-junit-platform\3.0.0-M5\surefire-junit-platform-3.0.0-M5.jar;C:\Users\maldo\.m2\repository\org\apache\maven\surefire\common-java5\3.0.0-M5\common-java5-3.0.0-M5.jar;C:\Users\maldo\.m2\repository\org\junit\platform\junit-platform-launcher\1.6.2\junit-platform-launcher-1.6.2.jar"/>
    <property name="user.script" value=""/>
    <property name="sun.management.compiler" value="HotSpot 64-Bit Tiered Compilers"/>
    <property name="java.runtime.version" value="14.0.2+12-46"/>
    <property name="user.name" value="maldo"/>
    <property name="path.separator" value=";"/>
    <property name="os.version" value="10.0"/>
    <property name="java.runtime.name" value="Java(TM) SE Runtime Environment"/>
    <property name="file.encoding" value="Cp1250"/>
    <property name="java.vm.name" value="Java HotSpot(TM) 64-Bit Server VM"/>
    <property name="localRepository" value="C:\Users\maldo\.m2\repository"/>
    <property name="java.vendor.url.bug" value="https://bugreport.java.com/bugreport/"/>
    <property name="java.io.tmpdir" value="C:\Users\maldo\AppData\Local\Temp\"/>
    <property name="idea.version" value="2020.2.3"/>
    <property name="java.version" value="14.0.2"/>
    <property name="user.dir" value="E:\studia\Sem-3\Programowanie komponentowe (07 72 3060 19)_pliki\ProjektKompo\an_pn_1145_03\Model"/>
    <property name="os.arch" value="amd64"/>
    <property name="java.vm.specification.name" value="Java Virtual Machine Specification"/>
    <property name="sun.os.patch.level" value=""/>
    <property name="java.library.path" value="C:\Program Files\Java\jdk-14.0.2\bin;C:\WINDOWS\Sun\Java\bin;C:\WINDOWS\system32;C:\WINDOWS;C:\Program Files (x86)\Razer Chroma SDK\bin;C:\Program Files\Razer Chroma SDK\bin;C:\Python\Scripts\;C:\Python\;C:\Program Files (x86)\Intel\iCLS Client\;C:\Program Files\Intel\iCLS Client\;C:\Windows\system32;C:\Windows;C:\Windows\System32\Wbem;C:\Windows\System32\WindowsPowerShell\v1.0\;C:\Windows\System32\OpenSSH\;C:\Program Files (x86)\NVIDIA Corporation\PhysX\Common;C:\Program Files (x86)\Intel\Intel(R) Management Engine Components\DAL;C:\Program Files\Intel\Intel(R) Management Engine Components\DAL;C:\Program Files (x86)\Intel\Intel(R) Management Engine Components\IPT;C:\Program Files\Intel\Intel(R) Management Engine Components\IPT;C:\Program Files\Intel\WiFi\bin\;C:\Program Files\Common Files\Intel\WirelessCommon\;C:\Program Files (x86)\Windows Kits\8.1\Windows Performance Toolkit\;C:\Users\maldo\AppData\Local\Microsoft\WindowsApps;C:\Program Files\NVIDIA Corporation\NVIDIA NvDLISR;C:\Program Files (x86)\MKVToolNix;C:\WINDOWS\system32;C:\WINDOWS;C:\WINDOWS\System32\Wbem;C:\WINDOWS\System32\WindowsPowerShell\v1.0\;C:\WINDOWS\System32\OpenSSH\;E:\studia\Sem-3\Programowanie komponentowe (07 72 3060 19)_pliki\apache-maven-3.6.3\bin;C:\msys64\usr\bin;C:\Program Files\Java\jdk-14.0.2\bin;C:\Program Files (x86)\Calibre2\;C:\Users\maldo\AppData\Local\Microsoft\WindowsApps;C:\Program Files\Intel\WiFi\bin\;C:\Program Files\Common Files\Intel\WirelessCommon\;C:\Program Files\JetBrains\CLion 2019.3.3\bin;;C:\Users\maldo\AppData\Local\Programs\Microsoft VS Code\bin;C:\Users\maldo\AppData\Local\GitHubDesktop\bin;."/>
    <property name="java.vm.info" value="mixed mode"/>
    <property name="java.vendor" value="Oracle Corporation"/>
    <property name="java.vm.version" value="14.0.2+12-46"/>
    <property name="sun.io.unicode.encoding" value="UnicodeLittle"/>
    <property name="java.class.version" value="58.0"/>
  </properties>
  <testcase name="testEqualsDiffrent" classname="sudoku.model.SeriesTest" time="0.067">
    <system-out><![CDATA[00:17:22.247 [main] INFO  sudoku.model.SudokuBoard - Bład w kwadracie 0
sudoku.model.SudokuBoard@681de87f[
  size=9
  solver=sudoku.model.BacktrackingSudokuSolver@2eb1c615
  board={{6,8,7,2,4,9,1,3,5},{9,5,3,1,6,7,2,8,4},{4,1,2,5,8,3,9,6,7},{7,4,9,8,5,6,3,1,2},{5,6,8,7,9,1,0,0,0},{0,0,0,0,0,0,0,0,0},{0,0,0,0,0,0,0,0,0},{0,0,0,0,0,0,0,0,0},{0,0,0,0,0,0,0,0,0}}
]
00:17:22.248 [main] INFO  sudoku.model.SudokuBoard - Wartość 0 wstawiona nieprawidłowo
00:17:22.252 [main] INFO  sudoku.model.SudokuBoard - Bład w kwadracie 0
sudoku.model.SudokuBoard@681de87f[
  size=9
  solver=sudoku.model.BacktrackingSudokuSolver@2eb1c615
  board={{6,8,7,2,4,9,1,3,5},{9,5,3,1,6,7,2,8,4},{4,1,2,5,8,3,9,6,7},{7,4,9,8,5,6,3,1,2},{5,6,8,7,9,0,0,0,0},{0,0,0,0,0,0,0,0,0},{0,0,0,0,0,0,0,0,0},{0,0,0,0,0,0,0,0,0},{0,0,0,0,0,0,0,0,0}}
]
00:17:22.252 [main] INFO  sudoku.model.SudokuBoard - Wartość 0 wstawiona nieprawidłowo
00:17:22.252 [main] INFO  sudoku.model.SudokuBoard - Bład w kwadracie 0
sudoku.model.SudokuBoard@681de87f[
  size=9
  solver=sudoku.model.BacktrackingSudokuSolver@2eb1c615
  board={{6,8,7,2,4,9,1,3,5},{9,5,3,1,6,7,2,8,4},{4,1,2,5,8,3,9,6,7},{7,4,9,8,5,6,3,1,2},{5,6,8,7,9,2,0,0,0},{0,0,0,0,0,0,0,0,0},{0,0,0,0,0,0,0,0,0},{0,0,0,0,0,0,0,0,0},{0,0,0,0,0,0,0,0,0}}
]
00:17:22.253 [main] INFO  sudoku.model.SudokuBoard - Wartość 0 wstawiona nieprawidłowo
00:17:22.253 [main] INFO  sudoku.model.SudokuBoard - Bład w kwadracie 0
sudoku.model.SudokuBoard@681de87f[
  size=9
  solver=sudoku.model.BacktrackingSudokuSolver@2eb1c615
  board={{6,8,7,2,4,9,1,3,5},{9,5,3,1,6,7,2,8,4},{4,1,2,5,8,3,9,6,7},{7,4,9,8,5,6,3,1,2},{5,6,8,7,9,0,0,0,0},{0,0,0,0,0,0,0,0,0},{0,0,0,0,0,0,0,0,0},{0,0,0,0,0,0,0,0,0},{0,0,0,0,0,0,0,0,0}}
]
00:17:22.253 [main] INFO  sudoku.model.SudokuBoard - Wartość 0 wstawiona nieprawidłowo
00:17:22.253 [main] INFO  sudoku.model.SudokuBoard - Bład w kwadracie 0
sudoku.model.SudokuBoard@681de87f[
  size=9
  solver=sudoku.model.BacktrackingSudokuSolver@2eb1c615
  board={{6,8,7,2,4,9,1,3,5},{9,5,3,1,6,7,2,8,4},{4,1,2,5,8,3,9,6,7},{7,4,9,8,5,6,3,1,2},{5,6,8,7,9,0,0,0,0},{0,0,0,0,0,0,0,0,0},{0,0,0,0,0,0,0,0,0},{0,0,0,0,0,0,0,0,0},{0,0,0,0,0,0,0,0,0}}
]
00:17:22.253 [main] INFO  sudoku.model.SudokuBoard - Wartość 0 wstawiona nieprawidłowo
00:17:22.254 [main] INFO  sudoku.model.SudokuBoard - Bład w kwadracie 0
sudoku.model.SudokuBoard@681de87f[
  size=9
  solver=sudoku.model.BacktrackingSudokuSolver@2eb1c615
  board={{6,8,7,2,4,9,1,3,5},{9,5,3,1,6,7,2,8,4},{4,1,2,5,8,3,9,6,7},{7,4,9,8,5,6,3,1,2},{5,6,8,7,0,0,0,0,0},{0,0,0,0,0,0,0,0,0},{0,0,0,0,0,0,0,0,0},{0,0,0,0,0,0,0,0,0},{0,0,0,0,0,0,0,0,0}}
]
00:17:22.254 [main] INFO  sudoku.model.SudokuBoard - Wartość 0 wstawiona nieprawidłowo
00:17:22.254 [main] INFO  sudoku.model.SudokuBoard - Bład w kwadracie 0
sudoku.model.SudokuBoard@681de87f[
  size=9
  solver=sudoku.model.BacktrackingSudokuSolver@2eb1c615
  board={{6,8,7,2,4,9,1,3,5},{9,5,3,1,6,7,2,8,4},{4,1,2,5,8,3,9,6,7},{7,4,9,8,5,6,3,1,2},{5,6,8,7,1,0,0,0,0},{0,0,0,0,0,0,0,0,0},{0,0,0,0,0,0,0,0,0},{0,0,0,0,0,0,0,0,0},{0,0,0,0,0,0,0,0,0}}
]
00:17:22.254 [main] INFO  sudoku.model.SudokuBoard - Wartość 0 wstawiona nieprawidłowo
00:17:22.254 [main] INFO  sudoku.model.SudokuBoard - Bład w kwadracie 0
sudoku.model.SudokuBoard@681de87f[
  size=9
  solver=sudoku.model.BacktrackingSudokuSolver@2eb1c615
  board={{6,8,7,2,4,9,1,3,5},{9,5,3,1,6,7,2,8,4},{4,1,2,5,8,3,9,6,7},{7,4,9,8,5,6,3,1,2},{5,6,8,7,1,2,4,0,0},{0,0,0,0,0,0,0,0,0},{0,0,0,0,0,0,0,0,0},{0,0,0,0,0,0,0,0,0},{0,0,0,0,0,0,0,0,0}}
]
00:17:22.255 [main] INFO  sudoku.model.SudokuBoard - Wartość 0 wstawiona nieprawidłowo
00:17:22.255 [main] INFO  sudoku.model.SudokuBoard - Bład w kwadracie 0
sudoku.model.SudokuBoard@681de87f[
  size=9
  solver=sudoku.model.BacktrackingSudokuSolver@2eb1c615
  board={{6,8,7,2,4,9,1,3,5},{9,5,3,1,6,7,2,8,4},{4,1,2,5,8,3,9,6,7},{7,4,9,8,5,6,3,1,2},{5,6,8,7,1,2,0,0,0},{0,0,0,0,0,0,0,0,0},{0,0,0,0,0,0,0,0,0},{0,0,0,0,0,0,0,0,0},{0,0,0,0,0,0,0,0,0}}
]
00:17:22.255 [main] INFO  sudoku.model.SudokuBoard - Wartość 0 wstawiona nieprawidłowo
00:17:22.255 [main] INFO  sudoku.model.SudokuBoard - Bład w kwadracie 0
sudoku.model.SudokuBoard@681de87f[
  size=9
  solver=sudoku.model.BacktrackingSudokuSolver@2eb1c615
  board={{6,8,7,2,4,9,1,3,5},{9,5,3,1,6,7,2,8,4},{4,1,2,5,8,3,9,6,7},{7,4,9,8,5,6,3,1,2},{5,6,8,7,1,0,0,0,0},{0,0,0,0,0,0,0,0,0},{0,0,0,0,0,0,0,0,0},{0,0,0,0,0,0,0,0,0},{0,0,0,0,0,0,0,0,0}}
]
00:17:22.255 [main] INFO  sudoku.model.SudokuBoard - Wartość 0 wstawiona nieprawidłowo
00:17:22.256 [main] INFO  sudoku.model.SudokuBoard - Bład w kwadracie 0
sudoku.model.SudokuBoard@681de87f[
  size=9
  solver=sudoku.model.BacktrackingSudokuSolver@2eb1c615
  board={{6,8,7,2,4,9,1,3,5},{9,5,3,1,6,7,2,8,4},{4,1,2,5,8,3,9,6,7},{7,4,9,8,5,6,3,1,2},{5,6,8,7,0,0,0,0,0},{0,0,0,0,0,0,0,0,0},{0,0,0,0,0,0,0,0,0},{0,0,0,0,0,0,0,0,0},{0,0,0,0,0,0,0,0,0}}
]
00:17:22.256 [main] INFO  sudoku.model.SudokuBoard - Wartość 0 wstawiona nieprawidłowo
00:17:22.256 [main] INFO  sudoku.model.SudokuBoard - Bład w kwadracie 0
sudoku.model.SudokuBoard@681de87f[
  size=9
  solver=sudoku.model.BacktrackingSudokuSolver@2eb1c615
  board={{6,8,7,2,4,9,1,3,5},{9,5,3,1,6,7,2,8,4},{4,1,2,5,8,3,9,6,7},{7,4,9,8,5,6,3,1,2},{5,6,8,7,2,1,4,0,0},{0,0,0,0,0,0,0,0,0},{0,0,0,0,0,0,0,0,0},{0,0,0,0,0,0,0,0,0},{0,0,0,0,0,0,0,0,0}}
]
00:17:22.256 [main] INFO  sudoku.model.SudokuBoard - Wartość 0 wstawiona nieprawidłowo
00:17:22.256 [main] INFO  sudoku.model.SudokuBoard - Bład w kwadracie 0
sudoku.model.SudokuBoard@681de87f[
  size=9
  solver=sudoku.model.BacktrackingSudokuSolver@2eb1c615
  board={{6,8,7,2,4,9,1,3,5},{9,5,3,1,6,7,2,8,4},{4,1,2,5,8,3,9,6,7},{7,4,9,8,5,6,3,1,2},{5,6,8,7,2,1,0,0,0},{0,0,0,0,0,0,0,0,0},{0,0,0,0,0,0,0,0,0},{0,0,0,0,0,0,0,0,0},{0,0,0,0,0,0,0,0,0}}
]
00:17:22.256 [main] INFO  sudoku.model.SudokuBoard - Wartość 0 wstawiona nieprawidłowo
00:17:22.257 [main] INFO  sudoku.model.SudokuBoard - Bład w kwadracie 0
sudoku.model.SudokuBoard@681de87f[
  size=9
  solver=sudoku.model.BacktrackingSudokuSolver@2eb1c615
  board={{6,8,7,2,4,9,1,3,5},{9,5,3,1,6,7,2,8,4},{4,1,2,5,8,3,9,6,7},{7,4,9,8,5,6,3,1,2},{5,6,8,7,2,0,0,0,0},{0,0,0,0,0,0,0,0,0},{0,0,0,0,0,0,0,0,0},{0,0,0,0,0,0,0,0,0},{0,0,0,0,0,0,0,0,0}}
]
00:17:22.257 [main] INFO  sudoku.model.SudokuBoard - Wartość 0 wstawiona nieprawidłowo
00:17:22.257 [main] INFO  sudoku.model.SudokuBoard - Bład w kwadracie 0
sudoku.model.SudokuBoard@681de87f[
  size=9
  solver=sudoku.model.BacktrackingSudokuSolver@2eb1c615
  board={{6,8,7,2,4,9,1,3,5},{9,5,3,1,6,7,2,8,4},{4,1,2,5,8,3,9,6,7},{7,4,9,8,5,6,3,1,2},{5,6,8,7,2,0,0,0,0},{0,0,0,0,0,0,0,0,0},{0,0,0,0,0,0,0,0,0},{0,0,0,0,0,0,0,0,0},{0,0,0,0,0,0,0,0,0}}
]
00:17:22.257 [main] INFO  sudoku.model.SudokuBoard - Wartość 0 wstawiona nieprawidłowo
00:17:22.257 [main] INFO  sudoku.model.SudokuBoard - Bład w kwadracie 0
sudoku.model.SudokuBoard@681de87f[
  size=9
  solver=sudoku.model.BacktrackingSudokuSolver@2eb1c615
  board={{6,8,7,2,4,9,1,3,5},{9,5,3,1,6,7,2,8,4},{4,1,2,5,8,3,9,6,7},{7,4,9,8,5,6,3,1,2},{5,6,8,7,0,0,0,0,0},{0,0,0,0,0,0,0,0,0},{0,0,0,0,0,0,0,0,0},{0,0,0,0,0,0,0,0,0},{0,0,0,0,0,0,0,0,0}}
]
00:17:22.257 [main] INFO  sudoku.model.SudokuBoard - Wartość 0 wstawiona nieprawidłowo
00:17:22.258 [main] INFO  sudoku.model.SudokuBoard - Bład w kwadracie 0
sudoku.model.SudokuBoard@681de87f[
  size=9
  solver=sudoku.model.BacktrackingSudokuSolver@2eb1c615
  board={{6,8,7,2,4,9,1,3,5},{9,5,3,1,6,7,2,8,4},{4,1,2,5,8,3,9,6,7},{7,4,9,8,5,6,3,1,2},{5,6,8,7,3,1,4,0,0},{0,0,0,0,0,0,0,0,0},{0,0,0,0,0,0,0,0,0},{0,0,0,0,0,0,0,0,0},{0,0,0,0,0,0,0,0,0}}
]
00:17:22.258 [main] INFO  sudoku.model.SudokuBoard - Wartość 0 wstawiona nieprawidłowo
00:17:22.258 [main] INFO  sudoku.model.SudokuBoard - Bład w kwadracie 0
sudoku.model.SudokuBoard@681de87f[
  size=9
  solver=sudoku.model.BacktrackingSudokuSolver@2eb1c615
  board={{6,8,7,2,4,9,1,3,5},{9,5,3,1,6,7,2,8,4},{4,1,2,5,8,3,9,6,7},{7,4,9,8,5,6,3,1,2},{5,6,8,7,3,1,0,0,0},{0,0,0,0,0,0,0,0,0},{0,0,0,0,0,0,0,0,0},{0,0,0,0,0,0,0,0,0},{0,0,0,0,0,0,0,0,0}}
]
00:17:22.258 [main] INFO  sudoku.model.SudokuBoard - Wartość 0 wstawiona nieprawidłowo
00:17:22.259 [main] INFO  sudoku.model.SudokuBoard - Bład w kwadracie 0
sudoku.model.SudokuBoard@681de87f[
  size=9
  solver=sudoku.model.BacktrackingSudokuSolver@2eb1c615
  board={{6,8,7,2,4,9,1,3,5},{9,5,3,1,6,7,2,8,4},{4,1,2,5,8,3,9,6,7},{7,4,9,8,5,6,3,1,2},{5,6,8,7,3,0,0,0,0},{0,0,0,0,0,0,0,0,0},{0,0,0,0,0,0,0,0,0},{0,0,0,0,0,0,0,0,0},{0,0,0,0,0,0,0,0,0}}
]
00:17:22.259 [main] INFO  sudoku.model.SudokuBoard - Wartość 0 wstawiona nieprawidłowo
00:17:22.259 [main] INFO  sudoku.model.SudokuBoard - Bład w kwadracie 0
sudoku.model.SudokuBoard@681de87f[
  size=9
  solver=sudoku.model.BacktrackingSudokuSolver@2eb1c615
  board={{6,8,7,2,4,9,1,3,5},{9,5,3,1,6,7,2,8,4},{4,1,2,5,8,3,9,6,7},{7,4,9,8,5,6,3,1,2},{5,6,8,7,3,2,4,0,0},{0,0,0,0,0,0,0,0,0},{0,0,0,0,0,0,0,0,0},{0,0,0,0,0,0,0,0,0},{0,0,0,0,0,0,0,0,0}}
]
00:17:22.259 [main] INFO  sudoku.model.SudokuBoard - Wartość 0 wstawiona nieprawidłowo
00:17:22.260 [main] INFO  sudoku.model.SudokuBoard - Bład w kwadracie 0
sudoku.model.SudokuBoard@681de87f[
  size=9
  solver=sudoku.model.BacktrackingSudokuSolver@2eb1c615
  board={{6,8,7,2,4,9,1,3,5},{9,5,3,1,6,7,2,8,4},{4,1,2,5,8,3,9,6,7},{7,4,9,8,5,6,3,1,2},{5,6,8,7,3,2,0,0,0},{0,0,0,0,0,0,0,0,0},{0,0,0,0,0,0,0,0,0},{0,0,0,0,0,0,0,0,0},{0,0,0,0,0,0,0,0,0}}
]
00:17:22.260 [main] INFO  sudoku.model.SudokuBoard - Wartość 0 wstawiona nieprawidłowo
00:17:22.263 [main] INFO  sudoku.model.SudokuBoard - Bład w kwadracie 0
sudoku.model.SudokuBoard@681de87f[
  size=9
  solver=sudoku.model.BacktrackingSudokuSolver@2eb1c615
  board={{6,8,7,2,4,9,1,3,5},{9,5,3,1,6,7,2,8,4},{4,1,2,5,8,3,9,6,7},{7,4,9,8,5,6,3,1,2},{5,6,8,7,3,0,0,0,0},{0,0,0,0,0,0,0,0,0},{0,0,0,0,0,0,0,0,0},{0,0,0,0,0,0,0,0,0},{0,0,0,0,0,0,0,0,0}}
]
00:17:22.263 [main] INFO  sudoku.model.SudokuBoard - Wartość 0 wstawiona nieprawidłowo
00:17:22.264 [main] INFO  sudoku.model.SudokuBoard - Bład w kwadracie 0
sudoku.model.SudokuBoard@681de87f[
  size=9
  solver=sudoku.model.BacktrackingSudokuSolver@2eb1c615
  board={{6,8,7,2,4,9,1,3,5},{9,5,3,1,6,7,2,8,4},{4,1,2,5,8,3,9,6,7},{7,4,9,8,5,6,3,1,2},{5,6,8,7,3,0,0,0,0},{0,0,0,0,0,0,0,0,0},{0,0,0,0,0,0,0,0,0},{0,0,0,0,0,0,0,0,0},{0,0,0,0,0,0,0,0,0}}
]
00:17:22.264 [main] INFO  sudoku.model.SudokuBoard - Wartość 0 wstawiona nieprawidłowo
00:17:22.265 [main] INFO  sudoku.model.SudokuBoard - Bład w kwadracie 0
sudoku.model.SudokuBoard@681de87f[
  size=9
  solver=sudoku.model.BacktrackingSudokuSolver@2eb1c615
  board={{6,8,7,2,4,9,1,3,5},{9,5,3,1,6,7,2,8,4},{4,1,2,5,8,3,9,6,7},{7,4,9,8,5,6,3,1,2},{5,6,8,7,0,0,0,0,0},{0,0,0,0,0,0,0,0,0},{0,0,0,0,0,0,0,0,0},{0,0,0,0,0,0,0,0,0},{0,0,0,0,0,0,0,0,0}}
]
00:17:22.265 [main] INFO  sudoku.model.SudokuBoard - Wartość 0 wstawiona nieprawidłowo
00:17:22.265 [main] INFO  sudoku.model.SudokuBoard - Bład w kwadracie 0
sudoku.model.SudokuBoard@681de87f[
  size=9
  solver=sudoku.model.BacktrackingSudokuSolver@2eb1c615
  board={{6,8,7,2,4,9,1,3,5},{9,5,3,1,6,7,2,8,4},{4,1,2,5,8,3,9,6,7},{7,4,9,8,5,6,3,1,2},{5,6,8,0,0,0,0,0,0},{0,0,0,0,0,0,0,0,0},{0,0,0,0,0,0,0,0,0},{0,0,0,0,0,0,0,0,0},{0,0,0,0,0,0,0,0,0}}
]
00:17:22.265 [main] INFO  sudoku.model.SudokuBoard - Wartość 0 wstawiona nieprawidłowo
00:17:22.265 [main] INFO  sudoku.model.SudokuBoard - Bład w kwadracie 0
sudoku.model.SudokuBoard@681de87f[
  size=9
  solver=sudoku.model.BacktrackingSudokuSolver@2eb1c615
  board={{6,8,7,2,4,9,1,3,5},{9,5,3,1,6,7,2,8,4},{4,1,2,5,8,3,9,6,7},{7,4,9,8,5,6,3,1,2},{5,6,8,9,1,2,4,0,0},{0,0,0,0,0,0,0,0,0},{0,0,0,0,0,0,0,0,0},{0,0,0,0,0,0,0,0,0},{0,0,0,0,0,0,0,0,0}}
]
00:17:22.265 [main] INFO  sudoku.model.SudokuBoard - Wartość 0 wstawiona nieprawidłowo
00:17:22.266 [main] INFO  sudoku.model.SudokuBoard - Bład w kwadracie 0
sudoku.model.SudokuBoard@681de87f[
  size=9
  solver=sudoku.model.BacktrackingSudokuSolver@2eb1c615
  board={{6,8,7,2,4,9,1,3,5},{9,5,3,1,6,7,2,8,4},{4,1,2,5,8,3,9,6,7},{7,4,9,8,5,6,3,1,2},{5,6,8,9,1,2,0,0,0},{0,0,0,0,0,0,0,0,0},{0,0,0,0,0,0,0,0,0},{0,0,0,0,0,0,0,0,0},{0,0,0,0,0,0,0,0,0}}
]
00:17:22.266 [main] INFO  sudoku.model.SudokuBoard - Wartość 0 wstawiona nieprawidłowo
00:17:22.267 [main] INFO  sudoku.model.SudokuBoard - Bład w kwadracie 0
sudoku.model.SudokuBoard@681de87f[
  size=9
  solver=sudoku.model.BacktrackingSudokuSolver@2eb1c615
  board={{6,8,7,2,4,9,1,3,5},{9,5,3,1,6,7,2,8,4},{4,1,2,5,8,3,9,6,7},{7,4,9,8,5,6,3,1,2},{5,6,8,9,1,2,7,0,0},{0,0,0,0,0,0,0,0,0},{0,0,0,0,0,0,0,0,0},{0,0,0,0,0,0,0,0,0},{0,0,0,0,0,0,0,0,0}}
]
00:17:22.267 [main] INFO  sudoku.model.SudokuBoard - Wartość 0 wstawiona nieprawidłowo
00:17:22.267 [main] INFO  sudoku.model.SudokuBoard - Bład w kwadracie 0
sudoku.model.SudokuBoard@681de87f[
  size=9
  solver=sudoku.model.BacktrackingSudokuSolver@2eb1c615
  board={{6,8,7,2,4,9,1,3,5},{9,5,3,1,6,7,2,8,4},{4,1,2,5,8,3,9,6,7},{7,4,9,8,5,6,3,1,2},{5,6,8,9,1,2,0,0,0},{0,0,0,0,0,0,0,0,0},{0,0,0,0,0,0,0,0,0},{0,0,0,0,0,0,0,0,0},{0,0,0,0,0,0,0,0,0}}
]
00:17:22.267 [main] INFO  sudoku.model.SudokuBoard - Wartość 0 wstawiona nieprawidłowo
00:17:22.267 [main] INFO  sudoku.model.SudokuBoard - Bład w kwadracie 0
sudoku.model.SudokuBoard@681de87f[
  size=9
  solver=sudoku.model.BacktrackingSudokuSolver@2eb1c615
  board={{6,8,7,2,4,9,1,3,5},{9,5,3,1,6,7,2,8,4},{4,1,2,5,8,3,9,6,7},{7,4,9,8,5,6,3,1,2},{5,6,8,9,1,0,0,0,0},{0,0,0,0,0,0,0,0,0},{0,0,0,0,0,0,0,0,0},{0,0,0,0,0,0,0,0,0},{0,0,0,0,0,0,0,0,0}}
]
00:17:22.267 [main] INFO  sudoku.model.SudokuBoard - Wartość 0 wstawiona nieprawidłowo
00:17:22.268 [main] INFO  sudoku.model.SudokuBoard - Bład w kwadracie 0
sudoku.model.SudokuBoard@681de87f[
  size=9
  solver=sudoku.model.BacktrackingSudokuSolver@2eb1c615
  board={{6,8,7,2,4,9,1,3,5},{9,5,3,1,6,7,2,8,4},{4,1,2,5,8,3,9,6,7},{7,4,9,8,5,6,3,1,2},{5,6,8,9,1,4,0,0,0},{0,0,0,0,0,0,0,0,0},{0,0,0,0,0,0,0,0,0},{0,0,0,0,0,0,0,0,0},{0,0,0,0,0,0,0,0,0}}
]
00:17:22.268 [main] INFO  sudoku.model.SudokuBoard - Wartość 0 wstawiona nieprawidłowo
00:17:22.268 [main] INFO  sudoku.model.SudokuBoard - Bład w kwadracie 0
sudoku.model.SudokuBoard@681de87f[
  size=9
  solver=sudoku.model.BacktrackingSudokuSolver@2eb1c615
  board={{6,8,7,2,4,9,1,3,5},{9,5,3,1,6,7,2,8,4},{4,1,2,5,8,3,9,6,7},{7,4,9,8,5,6,3,1,2},{5,6,8,9,1,0,0,0,0},{0,0,0,0,0,0,0,0,0},{0,0,0,0,0,0,0,0,0},{0,0,0,0,0,0,0,0,0},{0,0,0,0,0,0,0,0,0}}
]
00:17:22.268 [main] INFO  sudoku.model.SudokuBoard - Wartość 0 wstawiona nieprawidłowo
00:17:22.269 [main] INFO  sudoku.model.SudokuBoard - Bład w kwadracie 0
sudoku.model.SudokuBoard@681de87f[
  size=9
  solver=sudoku.model.BacktrackingSudokuSolver@2eb1c615
  board={{6,8,7,2,4,9,1,3,5},{9,5,3,1,6,7,2,8,4},{4,1,2,5,8,3,9,6,7},{7,4,9,8,5,6,3,1,2},{5,6,8,9,0,0,0,0,0},{0,0,0,0,0,0,0,0,0},{0,0,0,0,0,0,0,0,0},{0,0,0,0,0,0,0,0,0},{0,0,0,0,0,0,0,0,0}}
]
00:17:22.269 [main] INFO  sudoku.model.SudokuBoard - Wartość 0 wstawiona nieprawidłowo
00:17:22.269 [main] INFO  sudoku.model.SudokuBoard - Bład w kwadracie 0
sudoku.model.SudokuBoard@681de87f[
  size=9
  solver=sudoku.model.BacktrackingSudokuSolver@2eb1c615
  board={{6,8,7,2,4,9,1,3,5},{9,5,3,1,6,7,2,8,4},{4,1,2,5,8,3,9,6,7},{7,4,9,8,5,6,3,1,2},{5,6,8,9,2,4,0,0,0},{0,0,0,0,0,0,0,0,0},{0,0,0,0,0,0,0,0,0},{0,0,0,0,0,0,0,0,0},{0,0,0,0,0,0,0,0,0}}
]
00:17:22.269 [main] INFO  sudoku.model.SudokuBoard - Wartość 0 wstawiona nieprawidłowo
00:17:22.269 [main] INFO  sudoku.model.SudokuBoard - Bład w kwadracie 0
sudoku.model.SudokuBoard@681de87f[
  size=9
  solver=sudoku.model.BacktrackingSudokuSolver@2eb1c615
  board={{6,8,7,2,4,9,1,3,5},{9,5,3,1,6,7,2,8,4},{4,1,2,5,8,3,9,6,7},{7,4,9,8,5,6,3,1,2},{5,6,8,9,2,0,0,0,0},{0,0,0,0,0,0,0,0,0},{0,0,0,0,0,0,0,0,0},{0,0,0,0,0,0,0,0,0},{0,0,0,0,0,0,0,0,0}}
]
00:17:22.269 [main] INFO  sudoku.model.SudokuBoard - Wartość 0 wstawiona nieprawidłowo
00:17:22.274 [main] INFO  sudoku.model.SudokuBoard - Bład w kwadracie 0
sudoku.model.SudokuBoard@681de87f[
  size=9
  solver=sudoku.model.BacktrackingSudokuSolver@2eb1c615
  board={{6,8,7,2,4,9,1,3,5},{9,5,3,1,6,7,2,8,4},{4,1,2,5,8,3,9,6,7},{7,4,9,8,5,6,3,1,2},{5,6,8,9,2,1,7,0,0},{0,0,0,0,0,0,0,0,0},{0,0,0,0,0,0,0,0,0},{0,0,0,0,0,0,0,0,0},{0,0,0,0,0,0,0,0,0}}
]
00:17:22.274 [main] INFO  sudoku.model.SudokuBoard - Wartość 0 wstawiona nieprawidłowo
00:17:22.274 [main] INFO  sudoku.model.SudokuBoard - Bład w kwadracie 0
sudoku.model.SudokuBoard@681de87f[
  size=9
  solver=sudoku.model.BacktrackingSudokuSolver@2eb1c615
  board={{6,8,7,2,4,9,1,3,5},{9,5,3,1,6,7,2,8,4},{4,1,2,5,8,3,9,6,7},{7,4,9,8,5,6,3,1,2},{5,6,8,9,2,1,0,0,0},{0,0,0,0,0,0,0,0,0},{0,0,0,0,0,0,0,0,0},{0,0,0,0,0,0,0,0,0},{0,0,0,0,0,0,0,0,0}}
]
00:17:22.274 [main] INFO  sudoku.model.SudokuBoard - Wartość 0 wstawiona nieprawidłowo
00:17:22.275 [main] INFO  sudoku.model.SudokuBoard - Bład w kwadracie 0
sudoku.model.SudokuBoard@681de87f[
  size=9
  solver=sudoku.model.BacktrackingSudokuSolver@2eb1c615
  board={{6,8,7,2,4,9,1,3,5},{9,5,3,1,6,7,2,8,4},{4,1,2,5,8,3,9,6,7},{7,4,9,8,5,6,3,1,2},{5,6,8,9,2,1,4,0,0},{0,0,0,0,0,0,0,0,0},{0,0,0,0,0,0,0,0,0},{0,0,0,0,0,0,0,0,0},{0,0,0,0,0,0,0,0,0}}
]
00:17:22.275 [main] INFO  sudoku.model.SudokuBoard - Wartość 0 wstawiona nieprawidłowo
00:17:22.275 [main] INFO  sudoku.model.SudokuBoard - Bład w kwadracie 0
sudoku.model.SudokuBoard@681de87f[
  size=9
  solver=sudoku.model.BacktrackingSudokuSolver@2eb1c615
  board={{6,8,7,2,4,9,1,3,5},{9,5,3,1,6,7,2,8,4},{4,1,2,5,8,3,9,6,7},{7,4,9,8,5,6,3,1,2},{5,6,8,9,2,1,0,0,0},{0,0,0,0,0,0,0,0,0},{0,0,0,0,0,0,0,0,0},{0,0,0,0,0,0,0,0,0},{0,0,0,0,0,0,0,0,0}}
]
00:17:22.275 [main] INFO  sudoku.model.SudokuBoard - Wartość 0 wstawiona nieprawidłowo
00:17:22.275 [main] INFO  sudoku.model.SudokuBoard - Bład w kwadracie 0
sudoku.model.SudokuBoard@681de87f[
  size=9
  solver=sudoku.model.BacktrackingSudokuSolver@2eb1c615
  board={{6,8,7,2,4,9,1,3,5},{9,5,3,1,6,7,2,8,4},{4,1,2,5,8,3,9,6,7},{7,4,9,8,5,6,3,1,2},{5,6,8,9,2,0,0,0,0},{0,0,0,0,0,0,0,0,0},{0,0,0,0,0,0,0,0,0},{0,0,0,0,0,0,0,0,0},{0,0,0,0,0,0,0,0,0}}
]
00:17:22.275 [main] INFO  sudoku.model.SudokuBoard - Wartość 0 wstawiona nieprawidłowo
00:17:22.276 [main] INFO  sudoku.model.SudokuBoard - Bład w kwadracie 0
sudoku.model.SudokuBoard@681de87f[
  size=9
  solver=sudoku.model.BacktrackingSudokuSolver@2eb1c615
  board={{6,8,7,2,4,9,1,3,5},{9,5,3,1,6,7,2,8,4},{4,1,2,5,8,3,9,6,7},{7,4,9,8,5,6,3,1,2},{5,6,8,9,0,0,0,0,0},{0,0,0,0,0,0,0,0,0},{0,0,0,0,0,0,0,0,0},{0,0,0,0,0,0,0,0,0},{0,0,0,0,0,0,0,0,0}}
]
00:17:22.276 [main] INFO  sudoku.model.SudokuBoard - Wartość 0 wstawiona nieprawidłowo
00:17:22.277 [main] INFO  sudoku.model.SudokuBoard - Bład w kwadracie 0
sudoku.model.SudokuBoard@681de87f[
  size=9
  solver=sudoku.model.BacktrackingSudokuSolver@2eb1c615
  board={{6,8,7,2,4,9,1,3,5},{9,5,3,1,6,7,2,8,4},{4,1,2,5,8,3,9,6,7},{7,4,9,8,5,6,3,1,2},{5,6,8,9,3,1,7,0,0},{0,0,0,0,0,0,0,0,0},{0,0,0,0,0,0,0,0,0},{0,0,0,0,0,0,0,0,0},{0,0,0,0,0,0,0,0,0}}
]
00:17:22.277 [main] INFO  sudoku.model.SudokuBoard - Wartość 0 wstawiona nieprawidłowo
00:17:22.277 [main] INFO  sudoku.model.SudokuBoard - Bład w kwadracie 0
sudoku.model.SudokuBoard@681de87f[
  size=9
  solver=sudoku.model.BacktrackingSudokuSolver@2eb1c615
  board={{6,8,7,2,4,9,1,3,5},{9,5,3,1,6,7,2,8,4},{4,1,2,5,8,3,9,6,7},{7,4,9,8,5,6,3,1,2},{5,6,8,9,3,1,0,0,0},{0,0,0,0,0,0,0,0,0},{0,0,0,0,0,0,0,0,0},{0,0,0,0,0,0,0,0,0},{0,0,0,0,0,0,0,0,0}}
]
00:17:22.277 [main] INFO  sudoku.model.SudokuBoard - Wartość 0 wstawiona nieprawidłowo
00:17:22.277 [main] INFO  sudoku.model.SudokuBoard - Bład w kwadracie 0
sudoku.model.SudokuBoard@681de87f[
  size=9
  solver=sudoku.model.BacktrackingSudokuSolver@2eb1c615
  board={{6,8,7,2,4,9,1,3,5},{9,5,3,1,6,7,2,8,4},{4,1,2,5,8,3,9,6,7},{7,4,9,8,5,6,3,1,2},{5,6,8,9,3,1,4,0,0},{0,0,0,0,0,0,0,0,0},{0,0,0,0,0,0,0,0,0},{0,0,0,0,0,0,0,0,0},{0,0,0,0,0,0,0,0,0}}
]
00:17:22.278 [main] INFO  sudoku.model.SudokuBoard - Wartość 0 wstawiona nieprawidłowo
00:17:22.279 [main] INFO  sudoku.model.SudokuBoard - Bład w kwadracie 0
sudoku.model.SudokuBoard@681de87f[
  size=9
  solver=sudoku.model.BacktrackingSudokuSolver@2eb1c615
  board={{6,8,7,2,4,9,1,3,5},{9,5,3,1,6,7,2,8,4},{4,1,2,5,8,3,9,6,7},{7,4,9,8,5,6,3,1,2},{5,6,8,9,3,1,0,0,0},{0,0,0,0,0,0,0,0,0},{0,0,0,0,0,0,0,0,0},{0,0,0,0,0,0,0,0,0},{0,0,0,0,0,0,0,0,0}}
]
00:17:22.279 [main] INFO  sudoku.model.SudokuBoard - Wartość 0 wstawiona nieprawidłowo
00:17:22.279 [main] INFO  sudoku.model.SudokuBoard - Bład w kwadracie 0
sudoku.model.SudokuBoard@681de87f[
  size=9
  solver=sudoku.model.BacktrackingSudokuSolver@2eb1c615
  board={{6,8,7,2,4,9,1,3,5},{9,5,3,1,6,7,2,8,4},{4,1,2,5,8,3,9,6,7},{7,4,9,8,5,6,3,1,2},{5,6,8,9,3,0,0,0,0},{0,0,0,0,0,0,0,0,0},{0,0,0,0,0,0,0,0,0},{0,0,0,0,0,0,0,0,0},{0,0,0,0,0,0,0,0,0}}
]
00:17:22.279 [main] INFO  sudoku.model.SudokuBoard - Wartość 0 wstawiona nieprawidłowo
00:17:22.279 [main] INFO  sudoku.model.SudokuBoard - Bład w kwadracie 0
sudoku.model.SudokuBoard@681de87f[
  size=9
  solver=sudoku.model.BacktrackingSudokuSolver@2eb1c615
  board={{6,8,7,2,4,9,1,3,5},{9,5,3,1,6,7,2,8,4},{4,1,2,5,8,3,9,6,7},{7,4,9,8,5,6,3,1,2},{5,6,8,9,3,2,4,0,0},{0,0,0,0,0,0,0,0,0},{0,0,0,0,0,0,0,0,0},{0,0,0,0,0,0,0,0,0},{0,0,0,0,0,0,0,0,0}}
]
00:17:22.279 [main] INFO  sudoku.model.SudokuBoard - Wartość 0 wstawiona nieprawidłowo
00:17:22.281 [main] INFO  sudoku.model.SudokuBoard - Bład w kwadracie 0
sudoku.model.SudokuBoard@681de87f[
  size=9
  solver=sudoku.model.BacktrackingSudokuSolver@2eb1c615
  board={{6,8,7,2,4,9,1,3,5},{9,5,3,1,6,7,2,8,4},{4,1,2,5,8,3,9,6,7},{7,4,9,8,5,6,3,1,2},{5,6,8,9,3,2,0,0,0},{0,0,0,0,0,0,0,0,0},{0,0,0,0,0,0,0,0,0},{0,0,0,0,0,0,0,0,0},{0,0,0,0,0,0,0,0,0}}
]
00:17:22.281 [main] INFO  sudoku.model.SudokuBoard - Wartość 0 wstawiona nieprawidłowo
00:17:22.282 [main] INFO  sudoku.model.SudokuBoard - Bład w kwadracie 0
sudoku.model.SudokuBoard@681de87f[
  size=9
  solver=sudoku.model.BacktrackingSudokuSolver@2eb1c615
  board={{6,8,7,2,4,9,1,3,5},{9,5,3,1,6,7,2,8,4},{4,1,2,5,8,3,9,6,7},{7,4,9,8,5,6,3,1,2},{5,6,8,9,3,2,7,0,0},{0,0,0,0,0,0,0,0,0},{0,0,0,0,0,0,0,0,0},{0,0,0,0,0,0,0,0,0},{0,0,0,0,0,0,0,0,0}}
]
00:17:22.282 [main] INFO  sudoku.model.SudokuBoard - Wartość 0 wstawiona nieprawidłowo
00:17:22.282 [main] INFO  sudoku.model.SudokuBoard - Bład w kwadracie 0
sudoku.model.SudokuBoard@681de87f[
  size=9
  solver=sudoku.model.BacktrackingSudokuSolver@2eb1c615
  board={{6,8,7,2,4,9,1,3,5},{9,5,3,1,6,7,2,8,4},{4,1,2,5,8,3,9,6,7},{7,4,9,8,5,6,3,1,2},{5,6,8,9,3,2,0,0,0},{0,0,0,0,0,0,0,0,0},{0,0,0,0,0,0,0,0,0},{0,0,0,0,0,0,0,0,0},{0,0,0,0,0,0,0,0,0}}
]
00:17:22.282 [main] INFO  sudoku.model.SudokuBoard - Wartość 0 wstawiona nieprawidłowo
00:17:22.283 [main] INFO  sudoku.model.SudokuBoard - Bład w kwadracie 0
sudoku.model.SudokuBoard@681de87f[
  size=9
  solver=sudoku.model.BacktrackingSudokuSolver@2eb1c615
  board={{6,8,7,2,4,9,1,3,5},{9,5,3,1,6,7,2,8,4},{4,1,2,5,8,3,9,6,7},{7,4,9,8,5,6,3,1,2},{5,6,8,9,3,0,0,0,0},{0,0,0,0,0,0,0,0,0},{0,0,0,0,0,0,0,0,0},{0,0,0,0,0,0,0,0,0},{0,0,0,0,0,0,0,0,0}}
]
00:17:22.283 [main] INFO  sudoku.model.SudokuBoard - Wartość 0 wstawiona nieprawidłowo
00:17:22.283 [main] INFO  sudoku.model.SudokuBoard - Bład w kwadracie 0
sudoku.model.SudokuBoard@681de87f[
  size=9
  solver=sudoku.model.BacktrackingSudokuSolver@2eb1c615
  board={{6,8,7,2,4,9,1,3,5},{9,5,3,1,6,7,2,8,4},{4,1,2,5,8,3,9,6,7},{7,4,9,8,5,6,3,1,2},{5,6,8,9,3,4,0,0,0},{0,0,0,0,0,0,0,0,0},{0,0,0,0,0,0,0,0,0},{0,0,0,0,0,0,0,0,0},{0,0,0,0,0,0,0,0,0}}
]
00:17:22.284 [main] INFO  sudoku.model.SudokuBoard - Wartość 0 wstawiona nieprawidłowo
00:17:22.284 [main] INFO  sudoku.model.SudokuBoard - Bład w kwadracie 0
sudoku.model.SudokuBoard@681de87f[
  size=9
  solver=sudoku.model.BacktrackingSudokuSolver@2eb1c615
  board={{6,8,7,2,4,9,1,3,5},{9,5,3,1,6,7,2,8,4},{4,1,2,5,8,3,9,6,7},{7,4,9,8,5,6,3,1,2},{5,6,8,9,3,0,0,0,0},{0,0,0,0,0,0,0,0,0},{0,0,0,0,0,0,0,0,0},{0,0,0,0,0,0,0,0,0},{0,0,0,0,0,0,0,0,0}}
]
00:17:22.284 [main] INFO  sudoku.model.SudokuBoard - Wartość 0 wstawiona nieprawidłowo
00:17:22.288 [main] INFO  sudoku.model.SudokuBoard - Bład w kwadracie 0
sudoku.model.SudokuBoard@681de87f[
  size=9
  solver=sudoku.model.BacktrackingSudokuSolver@2eb1c615
  board={{6,8,7,2,4,9,1,3,5},{9,5,3,1,6,7,2,8,4},{4,1,2,5,8,3,9,6,7},{7,4,9,8,5,6,3,1,2},{5,6,8,9,0,0,0,0,0},{0,0,0,0,0,0,0,0,0},{0,0,0,0,0,0,0,0,0},{0,0,0,0,0,0,0,0,0},{0,0,0,0,0,0,0,0,0}}
]
00:17:22.288 [main] INFO  sudoku.model.SudokuBoard - Wartość 0 wstawiona nieprawidłowo
00:17:22.289 [main] INFO  sudoku.model.SudokuBoard - Bład w kwadracie 0
sudoku.model.SudokuBoard@681de87f[
  size=9
  solver=sudoku.model.BacktrackingSudokuSolver@2eb1c615
  board={{6,8,7,2,4,9,1,3,5},{9,5,3,1,6,7,2,8,4},{4,1,2,5,8,3,9,6,7},{7,4,9,8,5,6,3,1,2},{5,6,8,9,7,1,0,0,0},{0,0,0,0,0,0,0,0,0},{0,0,0,0,0,0,0,0,0},{0,0,0,0,0,0,0,0,0},{0,0,0,0,0,0,0,0,0}}
]
00:17:22.289 [main] INFO  sudoku.model.SudokuBoard - Wartość 0 wstawiona nieprawidłowo
00:17:22.289 [main] INFO  sudoku.model.SudokuBoard - Bład w kwadracie 0
sudoku.model.SudokuBoard@681de87f[
  size=9
  solver=sudoku.model.BacktrackingSudokuSolver@2eb1c615
  board={{6,8,7,2,4,9,1,3,5},{9,5,3,1,6,7,2,8,4},{4,1,2,5,8,3,9,6,7},{7,4,9,8,5,6,3,1,2},{5,6,8,9,7,0,0,0,0},{0,0,0,0,0,0,0,0,0},{0,0,0,0,0,0,0,0,0},{0,0,0,0,0,0,0,0,0},{0,0,0,0,0,0,0,0,0}}
]
00:17:22.289 [main] INFO  sudoku.model.SudokuBoard - Wartość 0 wstawiona nieprawidłowo
00:17:22.292 [main] INFO  sudoku.model.SudokuBoard - Bład w kwadracie 0
sudoku.model.SudokuBoard@681de87f[
  size=9
  solver=sudoku.model.BacktrackingSudokuSolver@2eb1c615
  board={{6,8,7,2,4,9,1,3,5},{9,5,3,1,6,7,2,8,4},{4,1,2,5,8,3,9,6,7},{7,4,9,8,5,6,3,1,2},{5,6,8,9,7,2,0,0,0},{0,0,0,0,0,0,0,0,0},{0,0,0,0,0,0,0,0,0},{0,0,0,0,0,0,0,0,0},{0,0,0,0,0,0,0,0,0}}
]
00:17:22.292 [main] INFO  sudoku.model.SudokuBoard - Wartość 0 wstawiona nieprawidłowo
00:17:22.293 [main] INFO  sudoku.model.SudokuBoard - Bład w kwadracie 0
sudoku.model.SudokuBoard@681de87f[
  size=9
  solver=sudoku.model.BacktrackingSudokuSolver@2eb1c615
  board={{6,8,7,2,4,9,1,3,5},{9,5,3,1,6,7,2,8,4},{4,1,2,5,8,3,9,6,7},{7,4,9,8,5,6,3,1,2},{5,6,8,9,7,0,0,0,0},{0,0,0,0,0,0,0,0,0},{0,0,0,0,0,0,0,0,0},{0,0,0,0,0,0,0,0,0},{0,0,0,0,0,0,0,0,0}}
]
00:17:22.295 [main] INFO  sudoku.model.SudokuBoard - Wartość 0 wstawiona nieprawidłowo
00:17:22.295 [main] INFO  sudoku.model.SudokuBoard - Bład w kwadracie 0
sudoku.model.SudokuBoard@681de87f[
  size=9
  solver=sudoku.model.BacktrackingSudokuSolver@2eb1c615
  board={{6,8,7,2,4,9,1,3,5},{9,5,3,1,6,7,2,8,4},{4,1,2,5,8,3,9,6,7},{7,4,9,8,5,6,3,1,2},{5,6,8,9,7,0,0,0,0},{0,0,0,0,0,0,0,0,0},{0,0,0,0,0,0,0,0,0},{0,0,0,0,0,0,0,0,0},{0,0,0,0,0,0,0,0,0}}
]
00:17:22.295 [main] INFO  sudoku.model.SudokuBoard - Wartość 0 wstawiona nieprawidłowo
00:17:22.295 [main] INFO  sudoku.model.SudokuBoard - Bład w kwadracie 0
sudoku.model.SudokuBoard@681de87f[
  size=9
  solver=sudoku.model.BacktrackingSudokuSolver@2eb1c615
  board={{6,8,7,2,4,9,1,3,5},{9,5,3,1,6,7,2,8,4},{4,1,2,5,8,3,9,6,7},{7,4,9,8,5,6,3,1,2},{5,6,8,9,0,0,0,0,0},{0,0,0,0,0,0,0,0,0},{0,0,0,0,0,0,0,0,0},{0,0,0,0,0,0,0,0,0},{0,0,0,0,0,0,0,0,0}}
]
00:17:22.296 [main] INFO  sudoku.model.SudokuBoard - Wartość 0 wstawiona nieprawidłowo
00:17:22.296 [main] INFO  sudoku.model.SudokuBoard - Bład w kwadracie 0
sudoku.model.SudokuBoard@681de87f[
  size=9
  solver=sudoku.model.BacktrackingSudokuSolver@2eb1c615
  board={{6,8,7,2,4,9,1,3,5},{9,5,3,1,6,7,2,8,4},{4,1,2,5,8,3,9,6,7},{7,4,9,8,5,6,3,1,2},{5,6,8,0,0,0,0,0,0},{0,0,0,0,0,0,0,0,0},{0,0,0,0,0,0,0,0,0},{0,0,0,0,0,0,0,0,0},{0,0,0,0,0,0,0,0,0}}
]
00:17:22.296 [main] INFO  sudoku.model.SudokuBoard - Wartość 0 wstawiona nieprawidłowo
00:17:22.297 [main] INFO  sudoku.model.SudokuBoard - Bład w kwadracie 0
sudoku.model.SudokuBoard@681de87f[
  size=9
  solver=sudoku.model.BacktrackingSudokuSolver@2eb1c615
  board={{6,8,7,2,4,9,1,3,5},{9,5,3,1,6,7,2,8,4},{4,1,2,5,8,3,9,6,7},{7,4,9,8,5,6,3,1,2},{5,6,8,3,2,4,7,0,0},{0,0,0,0,0,0,0,0,0},{0,0,0,0,0,0,0,0,0},{0,0,0,0,0,0,0,0,0},{0,0,0,0,0,0,0,0,0}}
]
00:17:22.298 [main] INFO  sudoku.model.SudokuBoard - Wartość 0 wstawiona nieprawidłowo
00:17:22.299 [main] INFO  sudoku.model.SudokuBoard - Bład w kwadracie 0
sudoku.model.SudokuBoard@681de87f[
  size=9
  solver=sudoku.model.BacktrackingSudokuSolver@2eb1c615
  board={{6,8,7,2,4,9,1,3,5},{9,5,3,1,6,7,2,8,4},{4,1,2,5,8,3,9,6,7},{7,4,9,8,5,6,3,1,2},{5,6,8,3,2,4,0,0,0},{0,0,0,0,0,0,0,0,0},{0,0,0,0,0,0,0,0,0},{0,0,0,0,0,0,0,0,0},{0,0,0,0,0,0,0,0,0}}
]
00:17:22.299 [main] INFO  sudoku.model.SudokuBoard - Wartość 0 wstawiona nieprawidłowo
00:17:22.299 [main] INFO  sudoku.model.SudokuBoard - Bład w kwadracie 0
sudoku.model.SudokuBoard@681de87f[
  size=9
  solver=sudoku.model.BacktrackingSudokuSolver@2eb1c615
  board={{6,8,7,2,4,9,1,3,5},{9,5,3,1,6,7,2,8,4},{4,1,2,5,8,3,9,6,7},{7,4,9,8,5,6,3,1,2},{5,6,8,3,2,0,0,0,0},{0,0,0,0,0,0,0,0,0},{0,0,0,0,0,0,0,0,0},{0,0,0,0,0,0,0,0,0},{0,0,0,0,0,0,0,0,0}}
]
00:17:22.299 [main] INFO  sudoku.model.SudokuBoard - Wartość 0 wstawiona nieprawidłowo
00:17:22.299 [main] INFO  sudoku.model.SudokuBoard - Bład w kwadracie 0
sudoku.model.SudokuBoard@681de87f[
  size=9
  solver=sudoku.model.BacktrackingSudokuSolver@2eb1c615
  board={{6,8,7,2,4,9,1,3,5},{9,5,3,1,6,7,2,8,4},{4,1,2,5,8,3,9,6,7},{7,4,9,8,5,6,3,1,2},{5,6,8,3,2,1,7,0,0},{0,0,0,0,0,0,0,0,0},{0,0,0,0,0,0,0,0,0},{0,0,0,0,0,0,0,0,0},{0,0,0,0,0,0,0,0,0}}
]
00:17:22.299 [main] INFO  sudoku.model.SudokuBoard - Wartość 0 wstawiona nieprawidłowo
00:17:22.300 [main] INFO  sudoku.model.SudokuBoard - Bład w kwadracie 0
sudoku.model.SudokuBoard@681de87f[
  size=9
  solver=sudoku.model.BacktrackingSudokuSolver@2eb1c615
  board={{6,8,7,2,4,9,1,3,5},{9,5,3,1,6,7,2,8,4},{4,1,2,5,8,3,9,6,7},{7,4,9,8,5,6,3,1,2},{5,6,8,3,2,1,7,4,9},{1,0,0,0,0,0,0,0,0},{0,0,0,0,0,0,0,0,0},{0,0,0,0,0,0,0,0,0},{0,0,0,0,0,0,0,0,0}}
]
00:17:22.300 [main] INFO  sudoku.model.SudokuBoard - Wartość 0 wstawiona nieprawidłowo
00:17:22.305 [main] INFO  sudoku.model.SudokuBoard - Bład w kwadracie 0
sudoku.model.SudokuBoard@681de87f[
  size=9
  solver=sudoku.model.BacktrackingSudokuSolver@2eb1c615
  board={{6,8,7,2,4,9,1,3,5},{9,5,3,1,6,7,2,8,4},{4,1,2,5,8,3,9,6,7},{7,4,9,8,5,6,3,1,2},{5,6,8,3,2,1,7,4,9},{1,0,0,0,0,0,0,0,0},{0,0,0,0,0,0,0,0,0},{0,0,0,0,0,0,0,0,0},{0,0,0,0,0,0,0,0,0}}
]
00:17:22.305 [main] INFO  sudoku.model.SudokuBoard - Wartość 0 wstawiona nieprawidłowo
00:17:22.306 [main] INFO  sudoku.model.SudokuBoard - Bład w kwadracie 0
sudoku.model.SudokuBoard@681de87f[
  size=9
  solver=sudoku.model.BacktrackingSudokuSolver@2eb1c615
  board={{6,8,7,2,4,9,1,3,5},{9,5,3,1,6,7,2,8,4},{4,1,2,5,8,3,9,6,7},{7,4,9,8,5,6,3,1,2},{5,6,8,3,2,1,7,4,9},{0,0,0,0,0,0,0,0,0},{0,0,0,0,0,0,0,0,0},{0,0,0,0,0,0,0,0,0},{0,0,0,0,0,0,0,0,0}}
]
00:17:22.306 [main] INFO  sudoku.model.SudokuBoard - Wartość 0 wstawiona nieprawidłowo
00:17:22.307 [main] INFO  sudoku.model.SudokuBoard - Bład w kwadracie 0
sudoku.model.SudokuBoard@681de87f[
  size=9
  solver=sudoku.model.BacktrackingSudokuSolver@2eb1c615
  board={{6,8,7,2,4,9,1,3,5},{9,5,3,1,6,7,2,8,4},{4,1,2,5,8,3,9,6,7},{7,4,9,8,5,6,3,1,2},{5,6,8,3,2,1,7,4,9},{2,3,1,9,7,4,0,0,0},{0,0,0,0,0,0,0,0,0},{0,0,0,0,0,0,0,0,0},{0,0,0,0,0,0,0,0,0}}
]
00:17:22.307 [main] INFO  sudoku.model.SudokuBoard - Wartość 0 wstawiona nieprawidłowo
00:17:22.307 [main] INFO  sudoku.model.SudokuBoard - Bład w kwadracie 0
sudoku.model.SudokuBoard@681de87f[
  size=9
  solver=sudoku.model.BacktrackingSudokuSolver@2eb1c615
  board={{6,8,7,2,4,9,1,3,5},{9,5,3,1,6,7,2,8,4},{4,1,2,5,8,3,9,6,7},{7,4,9,8,5,6,3,1,2},{5,6,8,3,2,1,7,4,9},{2,3,1,9,7,4,6,5,8},{8,7,4,6,3,2,5,9,1},{1,2,6,4,9,0,0,0,0},{0,0,0,0,0,0,0,0,0}}
]
00:17:22.307 [main] INFO  sudoku.model.SudokuBoard - Wartość 0 wstawiona nieprawidłowo
00:17:22.308 [main] INFO  sudoku.model.SudokuBoard - Bład w kwadracie 0
sudoku.model.SudokuBoard@423f8a73[
  size=9
  solver=sudoku.model.BacktrackingSudokuSolver@1aedf08d
  board={{8,6,9,4,7,1,5,2,3},{4,1,2,3,5,9,8,6,7},{3,5,7,8,6,2,9,1,4},{5,8,1,6,3,4,2,7,9},{2,3,6,9,1,5,4,0,0},{0,0,0,0,0,0,0,0,0},{0,0,0,0,0,0,0,0,0},{0,0,0,0,0,0,0,0,0},{0,0,0,0,0,0,0,0,0}}
]
00:17:22.308 [main] INFO  sudoku.model.SudokuBoard - Wartość 0 wstawiona nieprawidłowo
00:17:22.309 [main] INFO  sudoku.model.SudokuBoard - Bład w kwadracie 0
sudoku.model.SudokuBoard@423f8a73[
  size=9
  solver=sudoku.model.BacktrackingSudokuSolver@1aedf08d
  board={{8,6,9,4,7,1,5,2,3},{4,1,2,3,5,9,8,6,7},{3,5,7,8,6,2,9,1,4},{5,8,1,6,3,4,2,7,9},{2,3,6,9,1,5,0,0,0},{0,0,0,0,0,0,0,0,0},{0,0,0,0,0,0,0,0,0},{0,0,0,0,0,0,0,0,0},{0,0,0,0,0,0,0,0,0}}
]
00:17:22.309 [main] INFO  sudoku.model.SudokuBoard - Wartość 0 wstawiona nieprawidłowo
00:17:22.309 [main] INFO  sudoku.model.SudokuBoard - Bład w kwadracie 0
sudoku.model.SudokuBoard@423f8a73[
  size=9
  solver=sudoku.model.BacktrackingSudokuSolver@1aedf08d
  board={{8,6,9,4,7,1,5,2,3},{4,1,2,3,5,9,8,6,7},{3,5,7,8,6,2,9,1,4},{5,8,1,6,3,4,2,7,9},{2,3,6,9,1,0,0,0,0},{0,0,0,0,0,0,0,0,0},{0,0,0,0,0,0,0,0,0},{0,0,0,0,0,0,0,0,0},{0,0,0,0,0,0,0,0,0}}
]
00:17:22.309 [main] INFO  sudoku.model.SudokuBoard - Wartość 0 wstawiona nieprawidłowo
00:17:22.309 [main] INFO  sudoku.model.SudokuBoard - Bład w kwadracie 0
sudoku.model.SudokuBoard@423f8a73[
  size=9
  solver=sudoku.model.BacktrackingSudokuSolver@1aedf08d
  board={{8,6,9,4,7,1,5,2,3},{4,1,2,3,5,9,8,6,7},{3,5,7,8,6,2,9,1,4},{5,8,1,6,3,4,2,7,9},{2,3,6,9,1,7,4,5,8},{9,0,0,0,0,0,0,0,0},{0,0,0,0,0,0,0,0,0},{0,0,0,0,0,0,0,0,0},{0,0,0,0,0,0,0,0,0}}
]
00:17:22.309 [main] INFO  sudoku.model.SudokuBoard - Wartość 0 wstawiona nieprawidłowo
00:17:22.311 [main] INFO  sudoku.model.SudokuBoard - Bład w kwadracie 0
sudoku.model.SudokuBoard@423f8a73[
  size=9
  solver=sudoku.model.BacktrackingSudokuSolver@1aedf08d
  board={{8,6,9,4,7,1,5,2,3},{4,1,2,3,5,9,8,6,7},{3,5,7,8,6,2,9,1,4},{5,8,1,6,3,4,2,7,9},{2,3,6,9,1,7,4,5,8},{9,7,4,5,0,0,0,0,0},{0,0,0,0,0,0,0,0,0},{0,0,0,0,0,0,0,0,0},{0,0,0,0,0,0,0,0,0}}
]
00:17:22.311 [main] INFO  sudoku.model.SudokuBoard - Wartość 0 wstawiona nieprawidłowo
]]></system-out>
  </testcase>
  <testcase name="testToString" classname="sudoku.model.SeriesTest" time="0.043">
    <system-out><![CDATA[00:17:22.317 [main] INFO  sudoku.model.SudokuBoard - Bład w kwadracie 0
sudoku.model.SudokuBoard@43c39321[
  size=9
  solver=sudoku.model.BacktrackingSudokuSolver@52aa7742
  board={{1,8,9,2,3,4,5,6,7},{2,3,7,8,1,9,0,0,0},{0,0,0,0,0,0,0,0,0},{0,0,0,0,0,0,0,0,0},{0,0,0,0,0,0,0,0,0},{0,0,0,0,0,0,0,0,0},{0,0,0,0,0,0,0,0,0},{0,0,0,0,0,0,0,0,0},{0,0,0,0,0,0,0,0,0}}
]
00:17:22.317 [main] INFO  sudoku.model.SudokuBoard - Wartość 0 wstawiona nieprawidłowo
00:17:22.318 [main] INFO  sudoku.model.SudokuBoard - Bład w kwadracie 0
sudoku.model.SudokuBoard@43c39321[
  size=9
  solver=sudoku.model.BacktrackingSudokuSolver@52aa7742
  board={{1,8,9,2,3,4,5,6,7},{2,3,7,8,1,0,0,0,0},{0,0,0,0,0,0,0,0,0},{0,0,0,0,0,0,0,0,0},{0,0,0,0,0,0,0,0,0},{0,0,0,0,0,0,0,0,0},{0,0,0,0,0,0,0,0,0},{0,0,0,0,0,0,0,0,0},{0,0,0,0,0,0,0,0,0}}
]
00:17:22.318 [main] INFO  sudoku.model.SudokuBoard - Wartość 0 wstawiona nieprawidłowo
00:17:22.318 [main] INFO  sudoku.model.SudokuBoard - Bład w kwadracie 0
sudoku.model.SudokuBoard@43c39321[
  size=9
  solver=sudoku.model.BacktrackingSudokuSolver@52aa7742
  board={{1,8,9,2,3,4,5,6,7},{2,3,7,8,1,5,4,0,0},{0,0,0,0,0,0,0,0,0},{0,0,0,0,0,0,0,0,0},{0,0,0,0,0,0,0,0,0},{0,0,0,0,0,0,0,0,0},{0,0,0,0,0,0,0,0,0},{0,0,0,0,0,0,0,0,0},{0,0,0,0,0,0,0,0,0}}
]
00:17:22.318 [main] INFO  sudoku.model.SudokuBoard - Wartość 0 wstawiona nieprawidłowo
00:17:22.318 [main] INFO  sudoku.model.SudokuBoard - Bład w kwadracie 0
sudoku.model.SudokuBoard@43c39321[
  size=9
  solver=sudoku.model.BacktrackingSudokuSolver@52aa7742
  board={{1,8,9,2,3,4,5,6,7},{2,3,7,8,1,5,0,0,0},{0,0,0,0,0,0,0,0,0},{0,0,0,0,0,0,0,0,0},{0,0,0,0,0,0,0,0,0},{0,0,0,0,0,0,0,0,0},{0,0,0,0,0,0,0,0,0},{0,0,0,0,0,0,0,0,0},{0,0,0,0,0,0,0,0,0}}
]
00:17:22.318 [main] INFO  sudoku.model.SudokuBoard - Wartość 0 wstawiona nieprawidłowo
00:17:22.323 [main] INFO  sudoku.model.SudokuBoard - Bład w kwadracie 0
sudoku.model.SudokuBoard@43c39321[
  size=9
  solver=sudoku.model.BacktrackingSudokuSolver@52aa7742
  board={{1,8,9,2,3,4,5,6,7},{2,3,7,8,1,5,9,0,0},{0,0,0,0,0,0,0,0,0},{0,0,0,0,0,0,0,0,0},{0,0,0,0,0,0,0,0,0},{0,0,0,0,0,0,0,0,0},{0,0,0,0,0,0,0,0,0},{0,0,0,0,0,0,0,0,0},{0,0,0,0,0,0,0,0,0}}
]
00:17:22.323 [main] INFO  sudoku.model.SudokuBoard - Wartość 0 wstawiona nieprawidłowo
00:17:22.323 [main] INFO  sudoku.model.SudokuBoard - Bład w kwadracie 0
sudoku.model.SudokuBoard@43c39321[
  size=9
  solver=sudoku.model.BacktrackingSudokuSolver@52aa7742
  board={{1,8,9,2,3,4,5,6,7},{2,3,7,8,1,5,0,0,0},{0,0,0,0,0,0,0,0,0},{0,0,0,0,0,0,0,0,0},{0,0,0,0,0,0,0,0,0},{0,0,0,0,0,0,0,0,0},{0,0,0,0,0,0,0,0,0},{0,0,0,0,0,0,0,0,0},{0,0,0,0,0,0,0,0,0}}
]
00:17:22.323 [main] INFO  sudoku.model.SudokuBoard - Wartość 0 wstawiona nieprawidłowo
00:17:22.323 [main] INFO  sudoku.model.SudokuBoard - Bład w kwadracie 0
sudoku.model.SudokuBoard@43c39321[
  size=9
  solver=sudoku.model.BacktrackingSudokuSolver@52aa7742
  board={{1,8,9,2,3,4,5,6,7},{2,3,7,8,1,0,0,0,0},{0,0,0,0,0,0,0,0,0},{0,0,0,0,0,0,0,0,0},{0,0,0,0,0,0,0,0,0},{0,0,0,0,0,0,0,0,0},{0,0,0,0,0,0,0,0,0},{0,0,0,0,0,0,0,0,0},{0,0,0,0,0,0,0,0,0}}
]
00:17:22.323 [main] INFO  sudoku.model.SudokuBoard - Wartość 0 wstawiona nieprawidłowo
00:17:22.324 [main] INFO  sudoku.model.SudokuBoard - Bład w kwadracie 0
sudoku.model.SudokuBoard@43c39321[
  size=9
  solver=sudoku.model.BacktrackingSudokuSolver@52aa7742
  board={{1,8,9,2,3,4,5,6,7},{2,3,7,8,1,6,4,0,0},{0,0,0,0,0,0,0,0,0},{0,0,0,0,0,0,0,0,0},{0,0,0,0,0,0,0,0,0},{0,0,0,0,0,0,0,0,0},{0,0,0,0,0,0,0,0,0},{0,0,0,0,0,0,0,0,0},{0,0,0,0,0,0,0,0,0}}
]
00:17:22.325 [main] INFO  sudoku.model.SudokuBoard - Wartość 0 wstawiona nieprawidłowo
00:17:22.326 [main] INFO  sudoku.model.SudokuBoard - Bład w kwadracie 0
sudoku.model.SudokuBoard@43c39321[
  size=9
  solver=sudoku.model.BacktrackingSudokuSolver@52aa7742
  board={{1,8,9,2,3,4,5,6,7},{2,3,7,8,1,6,0,0,0},{0,0,0,0,0,0,0,0,0},{0,0,0,0,0,0,0,0,0},{0,0,0,0,0,0,0,0,0},{0,0,0,0,0,0,0,0,0},{0,0,0,0,0,0,0,0,0},{0,0,0,0,0,0,0,0,0},{0,0,0,0,0,0,0,0,0}}
]
00:17:22.327 [main] INFO  sudoku.model.SudokuBoard - Wartość 0 wstawiona nieprawidłowo
00:17:22.339 [main] INFO  sudoku.model.SudokuBoard - Bład w kwadracie 0
sudoku.model.SudokuBoard@43c39321[
  size=9
  solver=sudoku.model.BacktrackingSudokuSolver@52aa7742
  board={{1,8,9,2,3,4,5,6,7},{2,3,7,8,1,6,9,0,0},{0,0,0,0,0,0,0,0,0},{0,0,0,0,0,0,0,0,0},{0,0,0,0,0,0,0,0,0},{0,0,0,0,0,0,0,0,0},{0,0,0,0,0,0,0,0,0},{0,0,0,0,0,0,0,0,0},{0,0,0,0,0,0,0,0,0}}
]
00:17:22.339 [main] INFO  sudoku.model.SudokuBoard - Wartość 0 wstawiona nieprawidłowo
00:17:22.340 [main] INFO  sudoku.model.SudokuBoard - Bład w kwadracie 0
sudoku.model.SudokuBoard@43c39321[
  size=9
  solver=sudoku.model.BacktrackingSudokuSolver@52aa7742
  board={{1,8,9,2,3,4,5,6,7},{2,3,7,8,1,6,0,0,0},{0,0,0,0,0,0,0,0,0},{0,0,0,0,0,0,0,0,0},{0,0,0,0,0,0,0,0,0},{0,0,0,0,0,0,0,0,0},{0,0,0,0,0,0,0,0,0},{0,0,0,0,0,0,0,0,0},{0,0,0,0,0,0,0,0,0}}
]
00:17:22.340 [main] INFO  sudoku.model.SudokuBoard - Wartość 0 wstawiona nieprawidłowo
00:17:22.340 [main] INFO  sudoku.model.SudokuBoard - Bład w kwadracie 0
sudoku.model.SudokuBoard@43c39321[
  size=9
  solver=sudoku.model.BacktrackingSudokuSolver@52aa7742
  board={{1,8,9,2,3,4,5,6,7},{2,3,7,8,1,0,0,0,0},{0,0,0,0,0,0,0,0,0},{0,0,0,0,0,0,0,0,0},{0,0,0,0,0,0,0,0,0},{0,0,0,0,0,0,0,0,0},{0,0,0,0,0,0,0,0,0},{0,0,0,0,0,0,0,0,0},{0,0,0,0,0,0,0,0,0}}
]
00:17:22.340 [main] INFO  sudoku.model.SudokuBoard - Wartość 0 wstawiona nieprawidłowo
00:17:22.340 [main] INFO  sudoku.model.SudokuBoard - Bład w kwadracie 0
sudoku.model.SudokuBoard@43c39321[
  size=9
  solver=sudoku.model.BacktrackingSudokuSolver@52aa7742
  board={{1,8,9,2,3,4,5,6,7},{2,3,7,8,0,0,0,0,0},{0,0,0,0,0,0,0,0,0},{0,0,0,0,0,0,0,0,0},{0,0,0,0,0,0,0,0,0},{0,0,0,0,0,0,0,0,0},{0,0,0,0,0,0,0,0,0},{0,0,0,0,0,0,0,0,0},{0,0,0,0,0,0,0,0,0}}
]
00:17:22.340 [main] INFO  sudoku.model.SudokuBoard - Wartość 0 wstawiona nieprawidłowo
00:17:22.341 [main] INFO  sudoku.model.SudokuBoard - Bład w kwadracie 0
sudoku.model.SudokuBoard@43c39321[
  size=9
  solver=sudoku.model.BacktrackingSudokuSolver@52aa7742
  board={{1,8,9,2,3,4,5,6,7},{2,3,7,8,5,1,4,0,0},{0,0,0,0,0,0,0,0,0},{0,0,0,0,0,0,0,0,0},{0,0,0,0,0,0,0,0,0},{0,0,0,0,0,0,0,0,0},{0,0,0,0,0,0,0,0,0},{0,0,0,0,0,0,0,0,0},{0,0,0,0,0,0,0,0,0}}
]
00:17:22.341 [main] INFO  sudoku.model.SudokuBoard - Wartość 0 wstawiona nieprawidłowo
00:17:22.341 [main] INFO  sudoku.model.SudokuBoard - Bład w kwadracie 0
sudoku.model.SudokuBoard@43c39321[
  size=9
  solver=sudoku.model.BacktrackingSudokuSolver@52aa7742
  board={{1,8,9,2,3,4,5,6,7},{2,3,7,8,5,1,0,0,0},{0,0,0,0,0,0,0,0,0},{0,0,0,0,0,0,0,0,0},{0,0,0,0,0,0,0,0,0},{0,0,0,0,0,0,0,0,0},{0,0,0,0,0,0,0,0,0},{0,0,0,0,0,0,0,0,0},{0,0,0,0,0,0,0,0,0}}
]
00:17:22.341 [main] INFO  sudoku.model.SudokuBoard - Wartość 0 wstawiona nieprawidłowo
00:17:22.341 [main] INFO  sudoku.model.SudokuBoard - Bład w kwadracie 0
sudoku.model.SudokuBoard@43c39321[
  size=9
  solver=sudoku.model.BacktrackingSudokuSolver@52aa7742
  board={{1,8,9,2,3,4,5,6,7},{2,3,7,8,5,1,9,0,0},{0,0,0,0,0,0,0,0,0},{0,0,0,0,0,0,0,0,0},{0,0,0,0,0,0,0,0,0},{0,0,0,0,0,0,0,0,0},{0,0,0,0,0,0,0,0,0},{0,0,0,0,0,0,0,0,0},{0,0,0,0,0,0,0,0,0}}
]
00:17:22.341 [main] INFO  sudoku.model.SudokuBoard - Wartość 0 wstawiona nieprawidłowo
00:17:22.341 [main] INFO  sudoku.model.SudokuBoard - Bład w kwadracie 0
sudoku.model.SudokuBoard@43c39321[
  size=9
  solver=sudoku.model.BacktrackingSudokuSolver@52aa7742
  board={{1,8,9,2,3,4,5,6,7},{2,3,7,8,5,1,0,0,0},{0,0,0,0,0,0,0,0,0},{0,0,0,0,0,0,0,0,0},{0,0,0,0,0,0,0,0,0},{0,0,0,0,0,0,0,0,0},{0,0,0,0,0,0,0,0,0},{0,0,0,0,0,0,0,0,0},{0,0,0,0,0,0,0,0,0}}
]
00:17:22.341 [main] INFO  sudoku.model.SudokuBoard - Wartość 0 wstawiona nieprawidłowo
00:17:22.342 [main] INFO  sudoku.model.SudokuBoard - Bład w kwadracie 0
sudoku.model.SudokuBoard@43c39321[
  size=9
  solver=sudoku.model.BacktrackingSudokuSolver@52aa7742
  board={{1,8,9,2,3,4,5,6,7},{2,3,7,8,5,0,0,0,0},{0,0,0,0,0,0,0,0,0},{0,0,0,0,0,0,0,0,0},{0,0,0,0,0,0,0,0,0},{0,0,0,0,0,0,0,0,0},{0,0,0,0,0,0,0,0,0},{0,0,0,0,0,0,0,0,0},{0,0,0,0,0,0,0,0,0}}
]
00:17:22.342 [main] INFO  sudoku.model.SudokuBoard - Wartość 0 wstawiona nieprawidłowo
00:17:22.342 [main] INFO  sudoku.model.SudokuBoard - Bład w kwadracie 0
sudoku.model.SudokuBoard@43c39321[
  size=9
  solver=sudoku.model.BacktrackingSudokuSolver@52aa7742
  board={{1,8,9,2,3,4,5,6,7},{2,3,7,8,5,6,1,4,9},{4,6,5,9,7,1,3,8,2},{8,9,1,4,2,5,6,0,0},{0,0,0,0,0,0,0,0,0},{0,0,0,0,0,0,0,0,0},{0,0,0,0,0,0,0,0,0},{0,0,0,0,0,0,0,0,0},{0,0,0,0,0,0,0,0,0}}
]
00:17:22.342 [main] INFO  sudoku.model.SudokuBoard - Wartość 0 wstawiona nieprawidłowo
00:17:22.342 [main] INFO  sudoku.model.SudokuBoard - Bład w kwadracie 0
sudoku.model.SudokuBoard@43c39321[
  size=9
  solver=sudoku.model.BacktrackingSudokuSolver@52aa7742
  board={{1,8,9,2,3,4,5,6,7},{2,3,7,8,5,6,1,4,9},{4,6,5,9,7,1,3,8,2},{8,9,1,4,2,5,6,7,3},{6,7,4,3,8,9,2,5,1},{3,0,0,0,0,0,0,0,0},{0,0,0,0,0,0,0,0,0},{0,0,0,0,0,0,0,0,0},{0,0,0,0,0,0,0,0,0}}
]
00:17:22.343 [main] INFO  sudoku.model.SudokuBoard - Wartość 0 wstawiona nieprawidłowo
]]></system-out>
  </testcase>
  <testcase name="testEqualsDiffrentClass" classname="sudoku.model.SeriesTest" time="0.015">
    <system-out><![CDATA[00:17:22.360 [main] INFO  sudoku.model.SudokuBoard - Bład w kwadracie 0
sudoku.model.SudokuBoard@48ccbb32[
  size=9
  solver=sudoku.model.BacktrackingSudokuSolver@36551e97
  board={{5,6,2,3,4,8,7,9,1},{3,9,1,2,5,6,4,0,0},{0,0,0,0,0,0,0,0,0},{0,0,0,0,0,0,0,0,0},{0,0,0,0,0,0,0,0,0},{0,0,0,0,0,0,0,0,0},{0,0,0,0,0,0,0,0,0},{0,0,0,0,0,0,0,0,0},{0,0,0,0,0,0,0,0,0}}
]
00:17:22.360 [main] INFO  sudoku.model.SudokuBoard - Wartość 0 wstawiona nieprawidłowo
00:17:22.360 [main] INFO  sudoku.model.SudokuBoard - Bład w kwadracie 0
sudoku.model.SudokuBoard@48ccbb32[
  size=9
  solver=sudoku.model.BacktrackingSudokuSolver@36551e97
  board={{5,6,2,3,4,8,7,9,1},{3,9,1,2,5,6,0,0,0},{0,0,0,0,0,0,0,0,0},{0,0,0,0,0,0,0,0,0},{0,0,0,0,0,0,0,0,0},{0,0,0,0,0,0,0,0,0},{0,0,0,0,0,0,0,0,0},{0,0,0,0,0,0,0,0,0},{0,0,0,0,0,0,0,0,0}}
]
00:17:22.360 [main] INFO  sudoku.model.SudokuBoard - Wartość 0 wstawiona nieprawidłowo
00:17:22.361 [main] INFO  sudoku.model.SudokuBoard - Bład w kwadracie 0
sudoku.model.SudokuBoard@48ccbb32[
  size=9
  solver=sudoku.model.BacktrackingSudokuSolver@36551e97
  board={{5,6,2,3,4,8,7,9,1},{3,9,1,2,5,6,8,0,0},{0,0,0,0,0,0,0,0,0},{0,0,0,0,0,0,0,0,0},{0,0,0,0,0,0,0,0,0},{0,0,0,0,0,0,0,0,0},{0,0,0,0,0,0,0,0,0},{0,0,0,0,0,0,0,0,0},{0,0,0,0,0,0,0,0,0}}
]
00:17:22.361 [main] INFO  sudoku.model.SudokuBoard - Wartość 0 wstawiona nieprawidłowo
00:17:22.361 [main] INFO  sudoku.model.SudokuBoard - Bład w kwadracie 0
sudoku.model.SudokuBoard@48ccbb32[
  size=9
  solver=sudoku.model.BacktrackingSudokuSolver@36551e97
  board={{5,6,2,3,4,8,7,9,1},{3,9,1,2,5,6,0,0,0},{0,0,0,0,0,0,0,0,0},{0,0,0,0,0,0,0,0,0},{0,0,0,0,0,0,0,0,0},{0,0,0,0,0,0,0,0,0},{0,0,0,0,0,0,0,0,0},{0,0,0,0,0,0,0,0,0},{0,0,0,0,0,0,0,0,0}}
]
00:17:22.361 [main] INFO  sudoku.model.SudokuBoard - Wartość 0 wstawiona nieprawidłowo
00:17:22.361 [main] INFO  sudoku.model.SudokuBoard - Bład w kwadracie 0
sudoku.model.SudokuBoard@48ccbb32[
  size=9
  solver=sudoku.model.BacktrackingSudokuSolver@36551e97
  board={{5,6,2,3,4,8,7,9,1},{3,9,1,2,5,0,0,0,0},{0,0,0,0,0,0,0,0,0},{0,0,0,0,0,0,0,0,0},{0,0,0,0,0,0,0,0,0},{0,0,0,0,0,0,0,0,0},{0,0,0,0,0,0,0,0,0},{0,0,0,0,0,0,0,0,0},{0,0,0,0,0,0,0,0,0}}
]
00:17:22.361 [main] INFO  sudoku.model.SudokuBoard - Wartość 0 wstawiona nieprawidłowo
00:17:22.362 [main] INFO  sudoku.model.SudokuBoard - Bład w kwadracie 0
sudoku.model.SudokuBoard@48ccbb32[
  size=9
  solver=sudoku.model.BacktrackingSudokuSolver@36551e97
  board={{5,6,2,3,4,8,7,9,1},{3,9,1,2,5,7,4,8,6},{7,4,8,6,9,1,5,3,2},{9,1,5,4,2,3,6,7,8},{2,3,6,5,7,9,1,0,0},{0,0,0,0,0,0,0,0,0},{0,0,0,0,0,0,0,0,0},{0,0,0,0,0,0,0,0,0},{0,0,0,0,0,0,0,0,0}}
]
00:17:22.362 [main] INFO  sudoku.model.SudokuBoard - Wartość 0 wstawiona nieprawidłowo
00:17:22.362 [main] INFO  sudoku.model.SudokuBoard - Bład w kwadracie 0
sudoku.model.SudokuBoard@48ccbb32[
  size=9
  solver=sudoku.model.BacktrackingSudokuSolver@36551e97
  board={{5,6,2,3,4,8,7,9,1},{3,9,1,2,5,7,4,8,6},{7,4,8,6,9,1,5,3,2},{9,1,5,4,2,3,6,7,8},{2,3,6,5,7,9,0,0,0},{0,0,0,0,0,0,0,0,0},{0,0,0,0,0,0,0,0,0},{0,0,0,0,0,0,0,0,0},{0,0,0,0,0,0,0,0,0}}
]
00:17:22.362 [main] INFO  sudoku.model.SudokuBoard - Wartość 0 wstawiona nieprawidłowo
00:17:22.362 [main] INFO  sudoku.model.SudokuBoard - Bład w kwadracie 0
sudoku.model.SudokuBoard@48ccbb32[
  size=9
  solver=sudoku.model.BacktrackingSudokuSolver@36551e97
  board={{5,6,2,3,4,8,7,9,1},{3,9,1,2,5,7,4,8,6},{7,4,8,6,9,1,5,3,2},{9,1,5,4,2,3,6,7,8},{2,3,6,5,7,0,0,0,0},{0,0,0,0,0,0,0,0,0},{0,0,0,0,0,0,0,0,0},{0,0,0,0,0,0,0,0,0},{0,0,0,0,0,0,0,0,0}}
]
00:17:22.362 [main] INFO  sudoku.model.SudokuBoard - Wartość 0 wstawiona nieprawidłowo
00:17:22.367 [main] INFO  sudoku.model.SudokuBoard - Bład w kwadracie 0
sudoku.model.SudokuBoard@48ccbb32[
  size=9
  solver=sudoku.model.BacktrackingSudokuSolver@36551e97
  board={{5,6,2,3,4,8,7,9,1},{3,9,1,2,5,7,4,8,6},{7,4,8,6,9,1,5,3,2},{9,1,5,4,2,3,6,7,8},{2,3,6,5,0,0,0,0,0},{0,0,0,0,0,0,0,0,0},{0,0,0,0,0,0,0,0,0},{0,0,0,0,0,0,0,0,0},{0,0,0,0,0,0,0,0,0}}
]
00:17:22.367 [main] INFO  sudoku.model.SudokuBoard - Wartość 0 wstawiona nieprawidłowo
00:17:22.367 [main] INFO  sudoku.model.SudokuBoard - Bład w kwadracie 0
sudoku.model.SudokuBoard@48ccbb32[
  size=9
  solver=sudoku.model.BacktrackingSudokuSolver@36551e97
  board={{5,6,2,3,4,8,7,9,1},{3,9,1,2,5,7,4,8,6},{7,4,8,6,9,1,5,3,2},{9,1,5,4,2,3,6,7,8},{2,3,6,5,8,9,1,0,0},{0,0,0,0,0,0,0,0,0},{0,0,0,0,0,0,0,0,0},{0,0,0,0,0,0,0,0,0},{0,0,0,0,0,0,0,0,0}}
]
00:17:22.367 [main] INFO  sudoku.model.SudokuBoard - Wartość 0 wstawiona nieprawidłowo
00:17:22.367 [main] INFO  sudoku.model.SudokuBoard - Bład w kwadracie 0
sudoku.model.SudokuBoard@48ccbb32[
  size=9
  solver=sudoku.model.BacktrackingSudokuSolver@36551e97
  board={{5,6,2,3,4,8,7,9,1},{3,9,1,2,5,7,4,8,6},{7,4,8,6,9,1,5,3,2},{9,1,5,4,2,3,6,7,8},{2,3,6,5,8,9,0,0,0},{0,0,0,0,0,0,0,0,0},{0,0,0,0,0,0,0,0,0},{0,0,0,0,0,0,0,0,0},{0,0,0,0,0,0,0,0,0}}
]
00:17:22.367 [main] INFO  sudoku.model.SudokuBoard - Wartość 0 wstawiona nieprawidłowo
00:17:22.368 [main] INFO  sudoku.model.SudokuBoard - Bład w kwadracie 0
sudoku.model.SudokuBoard@48ccbb32[
  size=9
  solver=sudoku.model.BacktrackingSudokuSolver@36551e97
  board={{5,6,2,3,4,8,7,9,1},{3,9,1,2,5,7,4,8,6},{7,4,8,6,9,1,5,3,2},{9,1,5,4,2,3,6,7,8},{2,3,6,5,8,0,0,0,0},{0,0,0,0,0,0,0,0,0},{0,0,0,0,0,0,0,0,0},{0,0,0,0,0,0,0,0,0},{0,0,0,0,0,0,0,0,0}}
]
00:17:22.368 [main] INFO  sudoku.model.SudokuBoard - Wartość 0 wstawiona nieprawidłowo
00:17:22.368 [main] INFO  sudoku.model.SudokuBoard - Bład w kwadracie 0
sudoku.model.SudokuBoard@48ccbb32[
  size=9
  solver=sudoku.model.BacktrackingSudokuSolver@36551e97
  board={{5,6,2,3,4,8,7,9,1},{3,9,1,2,5,7,4,8,6},{7,4,8,6,9,1,5,3,2},{9,1,5,4,2,3,6,7,8},{2,3,6,5,0,0,0,0,0},{0,0,0,0,0,0,0,0,0},{0,0,0,0,0,0,0,0,0},{0,0,0,0,0,0,0,0,0},{0,0,0,0,0,0,0,0,0}}
]
00:17:22.368 [main] INFO  sudoku.model.SudokuBoard - Wartość 0 wstawiona nieprawidłowo
00:17:22.368 [main] INFO  sudoku.model.SudokuBoard - Bład w kwadracie 0
sudoku.model.SudokuBoard@48ccbb32[
  size=9
  solver=sudoku.model.BacktrackingSudokuSolver@36551e97
  board={{5,6,2,3,4,8,7,9,1},{3,9,1,2,5,7,4,8,6},{7,4,8,6,9,1,5,3,2},{9,1,5,4,2,3,6,7,8},{2,3,6,5,1,0,0,0,0},{0,0,0,0,0,0,0,0,0},{0,0,0,0,0,0,0,0,0},{0,0,0,0,0,0,0,0,0},{0,0,0,0,0,0,0,0,0}}
]
00:17:22.368 [main] INFO  sudoku.model.SudokuBoard - Wartość 0 wstawiona nieprawidłowo
00:17:22.368 [main] INFO  sudoku.model.SudokuBoard - Bład w kwadracie 0
sudoku.model.SudokuBoard@48ccbb32[
  size=9
  solver=sudoku.model.BacktrackingSudokuSolver@36551e97
  board={{5,6,2,3,4,8,7,9,1},{3,9,1,2,5,7,4,8,6},{7,4,8,6,9,1,5,3,2},{9,1,5,4,2,3,6,7,8},{2,3,6,5,0,0,0,0,0},{0,0,0,0,0,0,0,0,0},{0,0,0,0,0,0,0,0,0},{0,0,0,0,0,0,0,0,0},{0,0,0,0,0,0,0,0,0}}
]
00:17:22.368 [main] INFO  sudoku.model.SudokuBoard - Wartość 0 wstawiona nieprawidłowo
00:17:22.368 [main] INFO  sudoku.model.SudokuBoard - Bład w kwadracie 0
sudoku.model.SudokuBoard@48ccbb32[
  size=9
  solver=sudoku.model.BacktrackingSudokuSolver@36551e97
  board={{5,6,2,3,4,8,7,9,1},{3,9,1,2,5,7,4,8,6},{7,4,8,6,9,1,5,3,2},{9,1,5,4,2,3,6,7,8},{2,3,6,0,0,0,0,0,0},{0,0,0,0,0,0,0,0,0},{0,0,0,0,0,0,0,0,0},{0,0,0,0,0,0,0,0,0},{0,0,0,0,0,0,0,0,0}}
]
00:17:22.368 [main] INFO  sudoku.model.SudokuBoard - Wartość 0 wstawiona nieprawidłowo
00:17:22.369 [main] INFO  sudoku.model.SudokuBoard - Bład w kwadracie 0
sudoku.model.SudokuBoard@48ccbb32[
  size=9
  solver=sudoku.model.BacktrackingSudokuSolver@36551e97
  board={{5,6,2,3,4,8,7,9,1},{3,9,1,2,5,7,4,8,6},{7,4,8,6,9,1,5,3,2},{9,1,5,4,2,3,6,7,8},{2,3,6,7,1,0,0,0,0},{0,0,0,0,0,0,0,0,0},{0,0,0,0,0,0,0,0,0},{0,0,0,0,0,0,0,0,0},{0,0,0,0,0,0,0,0,0}}
]
00:17:22.369 [main] INFO  sudoku.model.SudokuBoard - Wartość 0 wstawiona nieprawidłowo
00:17:22.369 [main] INFO  sudoku.model.SudokuBoard - Bład w kwadracie 0
sudoku.model.SudokuBoard@48ccbb32[
  size=9
  solver=sudoku.model.BacktrackingSudokuSolver@36551e97
  board={{5,6,2,3,4,8,7,9,1},{3,9,1,2,5,7,4,8,6},{7,4,8,6,9,1,5,3,2},{9,1,5,4,2,3,6,7,8},{2,3,6,7,1,5,9,0,0},{0,0,0,0,0,0,0,0,0},{0,0,0,0,0,0,0,0,0},{0,0,0,0,0,0,0,0,0},{0,0,0,0,0,0,0,0,0}}
]
00:17:22.369 [main] INFO  sudoku.model.SudokuBoard - Wartość 0 wstawiona nieprawidłowo
00:17:22.369 [main] INFO  sudoku.model.SudokuBoard - Bład w kwadracie 0
sudoku.model.SudokuBoard@48ccbb32[
  size=9
  solver=sudoku.model.BacktrackingSudokuSolver@36551e97
  board={{5,6,2,3,4,8,7,9,1},{3,9,1,2,5,7,4,8,6},{7,4,8,6,9,1,5,3,2},{9,1,5,4,2,3,6,7,8},{2,3,6,7,1,5,0,0,0},{0,0,0,0,0,0,0,0,0},{0,0,0,0,0,0,0,0,0},{0,0,0,0,0,0,0,0,0},{0,0,0,0,0,0,0,0,0}}
]
00:17:22.369 [main] INFO  sudoku.model.SudokuBoard - Wartość 0 wstawiona nieprawidłowo
00:17:22.369 [main] INFO  sudoku.model.SudokuBoard - Bład w kwadracie 0
sudoku.model.SudokuBoard@48ccbb32[
  size=9
  solver=sudoku.model.BacktrackingSudokuSolver@36551e97
  board={{5,6,2,3,4,8,7,9,1},{3,9,1,2,5,7,4,8,6},{7,4,8,6,9,1,5,3,2},{9,1,5,4,2,3,6,7,8},{2,3,6,7,1,0,0,0,0},{0,0,0,0,0,0,0,0,0},{0,0,0,0,0,0,0,0,0},{0,0,0,0,0,0,0,0,0},{0,0,0,0,0,0,0,0,0}}
]
00:17:22.369 [main] INFO  sudoku.model.SudokuBoard - Wartość 0 wstawiona nieprawidłowo
00:17:22.370 [main] INFO  sudoku.model.SudokuBoard - Bład w kwadracie 0
sudoku.model.SudokuBoard@48ccbb32[
  size=9
  solver=sudoku.model.BacktrackingSudokuSolver@36551e97
  board={{5,6,2,3,4,8,7,9,1},{3,9,1,2,5,7,4,8,6},{7,4,8,6,9,1,5,3,2},{9,1,5,4,2,3,6,7,8},{2,3,6,7,0,0,0,0,0},{0,0,0,0,0,0,0,0,0},{0,0,0,0,0,0,0,0,0},{0,0,0,0,0,0,0,0,0},{0,0,0,0,0,0,0,0,0}}
]
00:17:22.370 [main] INFO  sudoku.model.SudokuBoard - Wartość 0 wstawiona nieprawidłowo
00:17:22.370 [main] INFO  sudoku.model.SudokuBoard - Bład w kwadracie 0
sudoku.model.SudokuBoard@48ccbb32[
  size=9
  solver=sudoku.model.BacktrackingSudokuSolver@36551e97
  board={{5,6,2,3,4,8,7,9,1},{3,9,1,2,5,7,4,8,6},{7,4,8,6,9,1,5,3,2},{9,1,5,4,2,3,6,7,8},{2,3,6,7,8,9,1,4,5},{4,0,0,0,0,0,0,0,0},{0,0,0,0,0,0,0,0,0},{0,0,0,0,0,0,0,0,0},{0,0,0,0,0,0,0,0,0}}
]
00:17:22.370 [main] INFO  sudoku.model.SudokuBoard - Wartość 0 wstawiona nieprawidłowo
00:17:22.370 [main] INFO  sudoku.model.SudokuBoard - Bład w kwadracie 0
sudoku.model.SudokuBoard@48ccbb32[
  size=9
  solver=sudoku.model.BacktrackingSudokuSolver@36551e97
  board={{5,6,2,3,4,8,7,9,1},{3,9,1,2,5,7,4,8,6},{7,4,8,6,9,1,5,3,2},{9,1,5,4,2,3,6,7,8},{2,3,6,7,8,9,1,4,5},{4,8,7,5,0,0,0,0,0},{0,0,0,0,0,0,0,0,0},{0,0,0,0,0,0,0,0,0},{0,0,0,0,0,0,0,0,0}}
]
00:17:22.371 [main] INFO  sudoku.model.SudokuBoard - Wartość 0 wstawiona nieprawidłowo
00:17:22.371 [main] INFO  sudoku.model.SudokuBoard - Bład w kwadracie 0
sudoku.model.SudokuBoard@48ccbb32[
  size=9
  solver=sudoku.model.BacktrackingSudokuSolver@36551e97
  board={{5,6,2,3,4,8,7,9,1},{3,9,1,2,5,7,4,8,6},{7,4,8,6,9,1,5,3,2},{9,1,5,4,2,3,6,7,8},{2,3,6,7,8,9,1,4,5},{4,8,7,5,1,6,3,2,9},{1,2,3,8,6,4,9,5,7},{6,5,4,1,3,2,0,0,0},{0,0,0,0,0,0,0,0,0}}
]
00:17:22.371 [main] INFO  sudoku.model.SudokuBoard - Wartość 0 wstawiona nieprawidłowo
00:17:22.371 [main] INFO  sudoku.model.SudokuBoard - Bład w kwadracie 0
sudoku.model.SudokuBoard@48ccbb32[
  size=9
  solver=sudoku.model.BacktrackingSudokuSolver@36551e97
  board={{5,6,2,3,4,8,7,9,1},{3,9,1,2,5,7,4,8,6},{7,4,8,6,9,1,5,3,2},{9,1,5,4,2,3,6,7,8},{2,3,6,7,8,9,1,4,5},{4,8,7,5,1,6,3,2,9},{1,2,3,8,6,4,9,5,7},{6,5,4,1,3,0,0,0,0},{0,0,0,0,0,0,0,0,0}}
]
00:17:22.371 [main] INFO  sudoku.model.SudokuBoard - Wartość 0 wstawiona nieprawidłowo
00:17:22.371 [main] INFO  sudoku.model.SudokuBoard - Bład w kwadracie 0
sudoku.model.SudokuBoard@48ccbb32[
  size=9
  solver=sudoku.model.BacktrackingSudokuSolver@36551e97
  board={{5,6,2,3,4,8,7,9,1},{3,9,1,2,5,7,4,8,6},{7,4,8,6,9,1,5,3,2},{9,1,5,4,2,3,6,7,8},{2,3,6,7,8,9,1,4,5},{4,8,7,5,1,6,3,2,9},{1,2,3,8,6,4,9,5,7},{6,5,4,1,0,0,0,0,0},{0,0,0,0,0,0,0,0,0}}
]
00:17:22.371 [main] INFO  sudoku.model.SudokuBoard - Wartość 0 wstawiona nieprawidłowo
00:17:22.371 [main] INFO  sudoku.model.SudokuBoard - Bład w kwadracie 0
sudoku.model.SudokuBoard@48ccbb32[
  size=9
  solver=sudoku.model.BacktrackingSudokuSolver@36551e97
  board={{5,6,2,3,4,8,7,9,1},{3,9,1,2,5,7,4,8,6},{7,4,8,6,9,1,5,3,2},{9,1,5,4,2,3,6,7,8},{2,3,6,7,8,9,1,4,5},{4,8,7,5,1,6,3,2,9},{1,2,3,8,6,4,9,5,7},{6,5,4,1,7,2,0,0,0},{0,0,0,0,0,0,0,0,0}}
]
00:17:22.371 [main] INFO  sudoku.model.SudokuBoard - Wartość 0 wstawiona nieprawidłowo
00:17:22.372 [main] INFO  sudoku.model.SudokuBoard - Bład w kwadracie 0
sudoku.model.SudokuBoard@48ccbb32[
  size=9
  solver=sudoku.model.BacktrackingSudokuSolver@36551e97
  board={{5,6,2,3,4,8,7,9,1},{3,9,1,2,5,7,4,8,6},{7,4,8,6,9,1,5,3,2},{9,1,5,4,2,3,6,7,8},{2,3,6,7,8,9,1,4,5},{4,8,7,5,1,6,3,2,9},{1,2,3,8,6,4,9,5,7},{6,5,4,1,7,0,0,0,0},{0,0,0,0,0,0,0,0,0}}
]
00:17:22.372 [main] INFO  sudoku.model.SudokuBoard - Wartość 0 wstawiona nieprawidłowo
00:17:22.372 [main] INFO  sudoku.model.SudokuBoard - Bład w kwadracie 0
sudoku.model.SudokuBoard@48ccbb32[
  size=9
  solver=sudoku.model.BacktrackingSudokuSolver@36551e97
  board={{5,6,2,3,4,8,7,9,1},{3,9,1,2,5,7,4,8,6},{7,4,8,6,9,1,5,3,2},{9,1,5,4,2,3,6,7,8},{2,3,6,7,8,9,1,4,5},{4,8,7,5,1,6,3,2,9},{1,2,3,8,6,4,9,5,7},{6,5,4,1,0,0,0,0,0},{0,0,0,0,0,0,0,0,0}}
]
00:17:22.372 [main] INFO  sudoku.model.SudokuBoard - Wartość 0 wstawiona nieprawidłowo
00:17:22.372 [main] INFO  sudoku.model.SudokuBoard - Bład w kwadracie 0
sudoku.model.SudokuBoard@48ccbb32[
  size=9
  solver=sudoku.model.BacktrackingSudokuSolver@36551e97
  board={{5,6,2,3,4,8,7,9,1},{3,9,1,2,5,7,4,8,6},{7,4,8,6,9,1,5,3,2},{9,1,5,4,2,3,6,7,8},{2,3,6,7,8,9,1,4,5},{4,8,7,5,1,6,3,2,9},{1,2,3,8,6,4,9,5,7},{6,5,4,0,0,0,0,0,0},{0,0,0,0,0,0,0,0,0}}
]
00:17:22.372 [main] INFO  sudoku.model.SudokuBoard - Wartość 0 wstawiona nieprawidłowo
00:17:22.372 [main] INFO  sudoku.model.SudokuBoard - Bład w kwadracie 0
sudoku.model.SudokuBoard@48ccbb32[
  size=9
  solver=sudoku.model.BacktrackingSudokuSolver@36551e97
  board={{5,6,2,3,4,8,7,9,1},{3,9,1,2,5,7,4,8,6},{7,4,8,6,9,1,5,3,2},{9,1,5,4,2,3,6,7,8},{2,3,6,7,8,9,1,4,5},{4,8,7,5,1,6,3,2,9},{1,2,3,8,6,4,9,5,7},{6,5,4,9,3,2,8,0,0},{0,0,0,0,0,0,0,0,0}}
]
00:17:22.372 [main] INFO  sudoku.model.SudokuBoard - Wartość 0 wstawiona nieprawidłowo
00:17:22.372 [main] INFO  sudoku.model.SudokuBoard - Bład w kwadracie 0
sudoku.model.SudokuBoard@48ccbb32[
  size=9
  solver=sudoku.model.BacktrackingSudokuSolver@36551e97
  board={{5,6,2,3,4,8,7,9,1},{3,9,1,2,5,7,4,8,6},{7,4,8,6,9,1,5,3,2},{9,1,5,4,2,3,6,7,8},{2,3,6,7,8,9,1,4,5},{4,8,7,5,1,6,3,2,9},{1,2,3,8,6,4,9,5,7},{6,5,4,9,3,2,0,0,0},{0,0,0,0,0,0,0,0,0}}
]
00:17:22.373 [main] INFO  sudoku.model.SudokuBoard - Wartość 0 wstawiona nieprawidłowo
00:17:22.373 [main] INFO  sudoku.model.SudokuBoard - Bład w kwadracie 0
sudoku.model.SudokuBoard@48ccbb32[
  size=9
  solver=sudoku.model.BacktrackingSudokuSolver@36551e97
  board={{5,6,2,3,4,8,7,9,1},{3,9,1,2,5,7,4,8,6},{7,4,8,6,9,1,5,3,2},{9,1,5,4,2,3,6,7,8},{2,3,6,7,8,9,1,4,5},{4,8,7,5,1,6,3,2,9},{1,2,3,8,6,4,9,5,7},{6,5,4,9,3,0,0,0,0},{0,0,0,0,0,0,0,0,0}}
]
00:17:22.373 [main] INFO  sudoku.model.SudokuBoard - Wartość 0 wstawiona nieprawidłowo
00:17:22.373 [main] INFO  sudoku.model.SudokuBoard - Bład w kwadracie 0
sudoku.model.SudokuBoard@48ccbb32[
  size=9
  solver=sudoku.model.BacktrackingSudokuSolver@36551e97
  board={{5,6,2,3,4,8,7,9,1},{3,9,1,2,5,7,4,8,6},{7,4,8,6,9,1,5,3,2},{9,1,5,4,2,3,6,7,8},{2,3,6,7,8,9,1,4,5},{4,8,7,5,1,6,3,2,9},{1,2,3,8,6,4,9,5,7},{6,5,4,9,0,0,0,0,0},{0,0,0,0,0,0,0,0,0}}
]
00:17:22.373 [main] INFO  sudoku.model.SudokuBoard - Wartość 0 wstawiona nieprawidłowo
]]></system-out>
  </testcase>
  <testcase name="testEqualsNull" classname="sudoku.model.SeriesTest" time="0.047">
    <system-out><![CDATA[00:17:22.379 [main] INFO  sudoku.model.SudokuBoard - Bład w kwadracie 0
sudoku.model.SudokuBoard@161d95c6[
  size=9
  solver=sudoku.model.BacktrackingSudokuSolver@5203c80f
  board={{3,8,9,2,1,4,5,6,7},{2,1,4,3,6,7,8,0,0},{0,0,0,0,0,0,0,0,0},{0,0,0,0,0,0,0,0,0},{0,0,0,0,0,0,0,0,0},{0,0,0,0,0,0,0,0,0},{0,0,0,0,0,0,0,0,0},{0,0,0,0,0,0,0,0,0},{0,0,0,0,0,0,0,0,0}}
]
00:17:22.379 [main] INFO  sudoku.model.SudokuBoard - Wartość 0 wstawiona nieprawidłowo
00:17:22.379 [main] INFO  sudoku.model.SudokuBoard - Bład w kwadracie 0
sudoku.model.SudokuBoard@161d95c6[
  size=9
  solver=sudoku.model.BacktrackingSudokuSolver@5203c80f
  board={{3,8,9,2,1,4,5,6,7},{2,1,4,3,6,7,0,0,0},{0,0,0,0,0,0,0,0,0},{0,0,0,0,0,0,0,0,0},{0,0,0,0,0,0,0,0,0},{0,0,0,0,0,0,0,0,0},{0,0,0,0,0,0,0,0,0},{0,0,0,0,0,0,0,0,0},{0,0,0,0,0,0,0,0,0}}
]
00:17:22.379 [main] INFO  sudoku.model.SudokuBoard - Wartość 0 wstawiona nieprawidłowo
00:17:22.379 [main] INFO  sudoku.model.SudokuBoard - Bład w kwadracie 0
sudoku.model.SudokuBoard@161d95c6[
  size=9
  solver=sudoku.model.BacktrackingSudokuSolver@5203c80f
  board={{3,8,9,2,1,4,5,6,7},{2,1,4,3,6,7,9,0,0},{0,0,0,0,0,0,0,0,0},{0,0,0,0,0,0,0,0,0},{0,0,0,0,0,0,0,0,0},{0,0,0,0,0,0,0,0,0},{0,0,0,0,0,0,0,0,0},{0,0,0,0,0,0,0,0,0},{0,0,0,0,0,0,0,0,0}}
]
00:17:22.379 [main] INFO  sudoku.model.SudokuBoard - Wartość 0 wstawiona nieprawidłowo
00:17:22.380 [main] INFO  sudoku.model.SudokuBoard - Bład w kwadracie 0
sudoku.model.SudokuBoard@161d95c6[
  size=9
  solver=sudoku.model.BacktrackingSudokuSolver@5203c80f
  board={{3,8,9,2,1,4,5,6,7},{2,1,4,3,6,7,0,0,0},{0,0,0,0,0,0,0,0,0},{0,0,0,0,0,0,0,0,0},{0,0,0,0,0,0,0,0,0},{0,0,0,0,0,0,0,0,0},{0,0,0,0,0,0,0,0,0},{0,0,0,0,0,0,0,0,0},{0,0,0,0,0,0,0,0,0}}
]
00:17:22.380 [main] INFO  sudoku.model.SudokuBoard - Wartość 0 wstawiona nieprawidłowo
00:17:22.381 [main] INFO  sudoku.model.SudokuBoard - Bład w kwadracie 0
sudoku.model.SudokuBoard@161d95c6[
  size=9
  solver=sudoku.model.BacktrackingSudokuSolver@5203c80f
  board={{3,8,9,2,1,4,5,6,7},{2,1,4,3,6,0,0,0,0},{0,0,0,0,0,0,0,0,0},{0,0,0,0,0,0,0,0,0},{0,0,0,0,0,0,0,0,0},{0,0,0,0,0,0,0,0,0},{0,0,0,0,0,0,0,0,0},{0,0,0,0,0,0,0,0,0},{0,0,0,0,0,0,0,0,0}}
]
00:17:22.381 [main] INFO  sudoku.model.SudokuBoard - Wartość 0 wstawiona nieprawidłowo
00:17:22.389 [main] INFO  sudoku.model.SudokuBoard - Bład w kwadracie 0
sudoku.model.SudokuBoard@161d95c6[
  size=9
  solver=sudoku.model.BacktrackingSudokuSolver@5203c80f
  board={{3,8,9,2,1,4,5,6,7},{2,1,4,3,6,8,0,0,0},{0,0,0,0,0,0,0,0,0},{0,0,0,0,0,0,0,0,0},{0,0,0,0,0,0,0,0,0},{0,0,0,0,0,0,0,0,0},{0,0,0,0,0,0,0,0,0},{0,0,0,0,0,0,0,0,0},{0,0,0,0,0,0,0,0,0}}
]
00:17:22.389 [main] INFO  sudoku.model.SudokuBoard - Wartość 0 wstawiona nieprawidłowo
00:17:22.390 [main] INFO  sudoku.model.SudokuBoard - Bład w kwadracie 0
sudoku.model.SudokuBoard@161d95c6[
  size=9
  solver=sudoku.model.BacktrackingSudokuSolver@5203c80f
  board={{3,8,9,2,1,4,5,6,7},{2,1,4,3,6,0,0,0,0},{0,0,0,0,0,0,0,0,0},{0,0,0,0,0,0,0,0,0},{0,0,0,0,0,0,0,0,0},{0,0,0,0,0,0,0,0,0},{0,0,0,0,0,0,0,0,0},{0,0,0,0,0,0,0,0,0},{0,0,0,0,0,0,0,0,0}}
]
00:17:22.390 [main] INFO  sudoku.model.SudokuBoard - Wartość 0 wstawiona nieprawidłowo
00:17:22.390 [main] INFO  sudoku.model.SudokuBoard - Bład w kwadracie 0
sudoku.model.SudokuBoard@161d95c6[
  size=9
  solver=sudoku.model.BacktrackingSudokuSolver@5203c80f
  board={{3,8,9,2,1,4,5,6,7},{2,1,4,3,6,9,0,0,0},{0,0,0,0,0,0,0,0,0},{0,0,0,0,0,0,0,0,0},{0,0,0,0,0,0,0,0,0},{0,0,0,0,0,0,0,0,0},{0,0,0,0,0,0,0,0,0},{0,0,0,0,0,0,0,0,0},{0,0,0,0,0,0,0,0,0}}
]
00:17:22.390 [main] INFO  sudoku.model.SudokuBoard - Wartość 0 wstawiona nieprawidłowo
00:17:22.390 [main] INFO  sudoku.model.SudokuBoard - Bład w kwadracie 0
sudoku.model.SudokuBoard@161d95c6[
  size=9
  solver=sudoku.model.BacktrackingSudokuSolver@5203c80f
  board={{3,8,9,2,1,4,5,6,7},{2,1,4,3,6,0,0,0,0},{0,0,0,0,0,0,0,0,0},{0,0,0,0,0,0,0,0,0},{0,0,0,0,0,0,0,0,0},{0,0,0,0,0,0,0,0,0},{0,0,0,0,0,0,0,0,0},{0,0,0,0,0,0,0,0,0},{0,0,0,0,0,0,0,0,0}}
]
00:17:22.390 [main] INFO  sudoku.model.SudokuBoard - Wartość 0 wstawiona nieprawidłowo
00:17:22.390 [main] INFO  sudoku.model.SudokuBoard - Bład w kwadracie 0
sudoku.model.SudokuBoard@161d95c6[
  size=9
  solver=sudoku.model.BacktrackingSudokuSolver@5203c80f
  board={{3,8,9,2,1,4,5,6,7},{2,1,4,3,6,5,8,0,0},{0,0,0,0,0,0,0,0,0},{0,0,0,0,0,0,0,0,0},{0,0,0,0,0,0,0,0,0},{0,0,0,0,0,0,0,0,0},{0,0,0,0,0,0,0,0,0},{0,0,0,0,0,0,0,0,0},{0,0,0,0,0,0,0,0,0}}
]
00:17:22.390 [main] INFO  sudoku.model.SudokuBoard - Wartość 0 wstawiona nieprawidłowo
00:17:22.391 [main] INFO  sudoku.model.SudokuBoard - Bład w kwadracie 0
sudoku.model.SudokuBoard@161d95c6[
  size=9
  solver=sudoku.model.BacktrackingSudokuSolver@5203c80f
  board={{3,8,9,2,1,4,5,6,7},{2,1,4,3,6,5,0,0,0},{0,0,0,0,0,0,0,0,0},{0,0,0,0,0,0,0,0,0},{0,0,0,0,0,0,0,0,0},{0,0,0,0,0,0,0,0,0},{0,0,0,0,0,0,0,0,0},{0,0,0,0,0,0,0,0,0},{0,0,0,0,0,0,0,0,0}}
]
00:17:22.391 [main] INFO  sudoku.model.SudokuBoard - Wartość 0 wstawiona nieprawidłowo
00:17:22.391 [main] INFO  sudoku.model.SudokuBoard - Bład w kwadracie 0
sudoku.model.SudokuBoard@161d95c6[
  size=9
  solver=sudoku.model.BacktrackingSudokuSolver@5203c80f
  board={{3,8,9,2,1,4,5,6,7},{2,1,4,3,6,5,9,0,0},{0,0,0,0,0,0,0,0,0},{0,0,0,0,0,0,0,0,0},{0,0,0,0,0,0,0,0,0},{0,0,0,0,0,0,0,0,0},{0,0,0,0,0,0,0,0,0},{0,0,0,0,0,0,0,0,0},{0,0,0,0,0,0,0,0,0}}
]
00:17:22.391 [main] INFO  sudoku.model.SudokuBoard - Wartość 0 wstawiona nieprawidłowo
00:17:22.391 [main] INFO  sudoku.model.SudokuBoard - Bład w kwadracie 0
sudoku.model.SudokuBoard@161d95c6[
  size=9
  solver=sudoku.model.BacktrackingSudokuSolver@5203c80f
  board={{3,8,9,2,1,4,5,6,7},{2,1,4,3,6,5,0,0,0},{0,0,0,0,0,0,0,0,0},{0,0,0,0,0,0,0,0,0},{0,0,0,0,0,0,0,0,0},{0,0,0,0,0,0,0,0,0},{0,0,0,0,0,0,0,0,0},{0,0,0,0,0,0,0,0,0},{0,0,0,0,0,0,0,0,0}}
]
00:17:22.391 [main] INFO  sudoku.model.SudokuBoard - Wartość 0 wstawiona nieprawidłowo
00:17:22.391 [main] INFO  sudoku.model.SudokuBoard - Bład w kwadracie 0
sudoku.model.SudokuBoard@161d95c6[
  size=9
  solver=sudoku.model.BacktrackingSudokuSolver@5203c80f
  board={{3,8,9,2,1,4,5,6,7},{2,1,4,3,6,0,0,0,0},{0,0,0,0,0,0,0,0,0},{0,0,0,0,0,0,0,0,0},{0,0,0,0,0,0,0,0,0},{0,0,0,0,0,0,0,0,0},{0,0,0,0,0,0,0,0,0},{0,0,0,0,0,0,0,0,0},{0,0,0,0,0,0,0,0,0}}
]
00:17:22.391 [main] INFO  sudoku.model.SudokuBoard - Wartość 0 wstawiona nieprawidłowo
00:17:22.391 [main] INFO  sudoku.model.SudokuBoard - Bład w kwadracie 0
sudoku.model.SudokuBoard@161d95c6[
  size=9
  solver=sudoku.model.BacktrackingSudokuSolver@5203c80f
  board={{3,8,9,2,1,4,5,6,7},{2,1,4,3,0,0,0,0,0},{0,0,0,0,0,0,0,0,0},{0,0,0,0,0,0,0,0,0},{0,0,0,0,0,0,0,0,0},{0,0,0,0,0,0,0,0,0},{0,0,0,0,0,0,0,0,0},{0,0,0,0,0,0,0,0,0},{0,0,0,0,0,0,0,0,0}}
]
00:17:22.391 [main] INFO  sudoku.model.SudokuBoard - Wartość 0 wstawiona nieprawidłowo
00:17:22.391 [main] INFO  sudoku.model.SudokuBoard - Bład w kwadracie 0
sudoku.model.SudokuBoard@161d95c6[
  size=9
  solver=sudoku.model.BacktrackingSudokuSolver@5203c80f
  board={{3,8,9,2,1,4,5,6,7},{2,1,4,3,7,5,8,0,0},{0,0,0,0,0,0,0,0,0},{0,0,0,0,0,0,0,0,0},{0,0,0,0,0,0,0,0,0},{0,0,0,0,0,0,0,0,0},{0,0,0,0,0,0,0,0,0},{0,0,0,0,0,0,0,0,0},{0,0,0,0,0,0,0,0,0}}
]
00:17:22.391 [main] INFO  sudoku.model.SudokuBoard - Wartość 0 wstawiona nieprawidłowo
00:17:22.391 [main] INFO  sudoku.model.SudokuBoard - Bład w kwadracie 0
sudoku.model.SudokuBoard@161d95c6[
  size=9
  solver=sudoku.model.BacktrackingSudokuSolver@5203c80f
  board={{3,8,9,2,1,4,5,6,7},{2,1,4,3,7,5,0,0,0},{0,0,0,0,0,0,0,0,0},{0,0,0,0,0,0,0,0,0},{0,0,0,0,0,0,0,0,0},{0,0,0,0,0,0,0,0,0},{0,0,0,0,0,0,0,0,0},{0,0,0,0,0,0,0,0,0},{0,0,0,0,0,0,0,0,0}}
]
00:17:22.391 [main] INFO  sudoku.model.SudokuBoard - Wartość 0 wstawiona nieprawidłowo
00:17:22.391 [main] INFO  sudoku.model.SudokuBoard - Bład w kwadracie 0
sudoku.model.SudokuBoard@161d95c6[
  size=9
  solver=sudoku.model.BacktrackingSudokuSolver@5203c80f
  board={{3,8,9,2,1,4,5,6,7},{2,1,4,3,7,5,9,0,0},{0,0,0,0,0,0,0,0,0},{0,0,0,0,0,0,0,0,0},{0,0,0,0,0,0,0,0,0},{0,0,0,0,0,0,0,0,0},{0,0,0,0,0,0,0,0,0},{0,0,0,0,0,0,0,0,0},{0,0,0,0,0,0,0,0,0}}
]
00:17:22.391 [main] INFO  sudoku.model.SudokuBoard - Wartość 0 wstawiona nieprawidłowo
00:17:22.391 [main] INFO  sudoku.model.SudokuBoard - Bład w kwadracie 0
sudoku.model.SudokuBoard@161d95c6[
  size=9
  solver=sudoku.model.BacktrackingSudokuSolver@5203c80f
  board={{3,8,9,2,1,4,5,6,7},{2,1,4,3,7,5,0,0,0},{0,0,0,0,0,0,0,0,0},{0,0,0,0,0,0,0,0,0},{0,0,0,0,0,0,0,0,0},{0,0,0,0,0,0,0,0,0},{0,0,0,0,0,0,0,0,0},{0,0,0,0,0,0,0,0,0},{0,0,0,0,0,0,0,0,0}}
]
00:17:22.391 [main] INFO  sudoku.model.SudokuBoard - Wartość 0 wstawiona nieprawidłowo
00:17:22.391 [main] INFO  sudoku.model.SudokuBoard - Bład w kwadracie 0
sudoku.model.SudokuBoard@161d95c6[
  size=9
  solver=sudoku.model.BacktrackingSudokuSolver@5203c80f
  board={{3,8,9,2,1,4,5,6,7},{2,1,4,3,7,0,0,0,0},{0,0,0,0,0,0,0,0,0},{0,0,0,0,0,0,0,0,0},{0,0,0,0,0,0,0,0,0},{0,0,0,0,0,0,0,0,0},{0,0,0,0,0,0,0,0,0},{0,0,0,0,0,0,0,0,0},{0,0,0,0,0,0,0,0,0}}
]
00:17:22.391 [main] INFO  sudoku.model.SudokuBoard - Wartość 0 wstawiona nieprawidłowo
00:17:22.391 [main] INFO  sudoku.model.SudokuBoard - Bład w kwadracie 0
sudoku.model.SudokuBoard@161d95c6[
  size=9
  solver=sudoku.model.BacktrackingSudokuSolver@5203c80f
  board={{3,8,9,2,1,4,5,6,7},{2,1,4,3,7,6,8,0,0},{0,0,0,0,0,0,0,0,0},{0,0,0,0,0,0,0,0,0},{0,0,0,0,0,0,0,0,0},{0,0,0,0,0,0,0,0,0},{0,0,0,0,0,0,0,0,0},{0,0,0,0,0,0,0,0,0},{0,0,0,0,0,0,0,0,0}}
]
00:17:22.392 [main] INFO  sudoku.model.SudokuBoard - Wartość 0 wstawiona nieprawidłowo
00:17:22.392 [main] INFO  sudoku.model.SudokuBoard - Bład w kwadracie 0
sudoku.model.SudokuBoard@161d95c6[
  size=9
  solver=sudoku.model.BacktrackingSudokuSolver@5203c80f
  board={{3,8,9,2,1,4,5,6,7},{2,1,4,3,7,6,0,0,0},{0,0,0,0,0,0,0,0,0},{0,0,0,0,0,0,0,0,0},{0,0,0,0,0,0,0,0,0},{0,0,0,0,0,0,0,0,0},{0,0,0,0,0,0,0,0,0},{0,0,0,0,0,0,0,0,0},{0,0,0,0,0,0,0,0,0}}
]
00:17:22.392 [main] INFO  sudoku.model.SudokuBoard - Wartość 0 wstawiona nieprawidłowo
00:17:22.392 [main] INFO  sudoku.model.SudokuBoard - Bład w kwadracie 0
sudoku.model.SudokuBoard@161d95c6[
  size=9
  solver=sudoku.model.BacktrackingSudokuSolver@5203c80f
  board={{3,8,9,2,1,4,5,6,7},{2,1,4,3,7,6,9,0,0},{0,0,0,0,0,0,0,0,0},{0,0,0,0,0,0,0,0,0},{0,0,0,0,0,0,0,0,0},{0,0,0,0,0,0,0,0,0},{0,0,0,0,0,0,0,0,0},{0,0,0,0,0,0,0,0,0},{0,0,0,0,0,0,0,0,0}}
]
00:17:22.392 [main] INFO  sudoku.model.SudokuBoard - Wartość 0 wstawiona nieprawidłowo
00:17:22.392 [main] INFO  sudoku.model.SudokuBoard - Bład w kwadracie 0
sudoku.model.SudokuBoard@161d95c6[
  size=9
  solver=sudoku.model.BacktrackingSudokuSolver@5203c80f
  board={{3,8,9,2,1,4,5,6,7},{2,1,4,3,7,6,0,0,0},{0,0,0,0,0,0,0,0,0},{0,0,0,0,0,0,0,0,0},{0,0,0,0,0,0,0,0,0},{0,0,0,0,0,0,0,0,0},{0,0,0,0,0,0,0,0,0},{0,0,0,0,0,0,0,0,0},{0,0,0,0,0,0,0,0,0}}
]
00:17:22.392 [main] INFO  sudoku.model.SudokuBoard - Wartość 0 wstawiona nieprawidłowo
00:17:22.392 [main] INFO  sudoku.model.SudokuBoard - Bład w kwadracie 0
sudoku.model.SudokuBoard@161d95c6[
  size=9
  solver=sudoku.model.BacktrackingSudokuSolver@5203c80f
  board={{3,8,9,2,1,4,5,6,7},{2,1,4,3,7,0,0,0,0},{0,0,0,0,0,0,0,0,0},{0,0,0,0,0,0,0,0,0},{0,0,0,0,0,0,0,0,0},{0,0,0,0,0,0,0,0,0},{0,0,0,0,0,0,0,0,0},{0,0,0,0,0,0,0,0,0},{0,0,0,0,0,0,0,0,0}}
]
00:17:22.392 [main] INFO  sudoku.model.SudokuBoard - Wartość 0 wstawiona nieprawidłowo
00:17:22.392 [main] INFO  sudoku.model.SudokuBoard - Bład w kwadracie 0
sudoku.model.SudokuBoard@161d95c6[
  size=9
  solver=sudoku.model.BacktrackingSudokuSolver@5203c80f
  board={{3,8,9,2,1,4,5,6,7},{2,1,4,3,7,8,0,0,0},{0,0,0,0,0,0,0,0,0},{0,0,0,0,0,0,0,0,0},{0,0,0,0,0,0,0,0,0},{0,0,0,0,0,0,0,0,0},{0,0,0,0,0,0,0,0,0},{0,0,0,0,0,0,0,0,0},{0,0,0,0,0,0,0,0,0}}
]
00:17:22.392 [main] INFO  sudoku.model.SudokuBoard - Wartość 0 wstawiona nieprawidłowo
00:17:22.392 [main] INFO  sudoku.model.SudokuBoard - Bład w kwadracie 0
sudoku.model.SudokuBoard@161d95c6[
  size=9
  solver=sudoku.model.BacktrackingSudokuSolver@5203c80f
  board={{3,8,9,2,1,4,5,6,7},{2,1,4,3,7,0,0,0,0},{0,0,0,0,0,0,0,0,0},{0,0,0,0,0,0,0,0,0},{0,0,0,0,0,0,0,0,0},{0,0,0,0,0,0,0,0,0},{0,0,0,0,0,0,0,0,0},{0,0,0,0,0,0,0,0,0},{0,0,0,0,0,0,0,0,0}}
]
00:17:22.393 [main] INFO  sudoku.model.SudokuBoard - Wartość 0 wstawiona nieprawidłowo
00:17:22.393 [main] INFO  sudoku.model.SudokuBoard - Bład w kwadracie 0
sudoku.model.SudokuBoard@161d95c6[
  size=9
  solver=sudoku.model.BacktrackingSudokuSolver@5203c80f
  board={{3,8,9,2,1,4,5,6,7},{2,1,4,3,7,9,0,0,0},{0,0,0,0,0,0,0,0,0},{0,0,0,0,0,0,0,0,0},{0,0,0,0,0,0,0,0,0},{0,0,0,0,0,0,0,0,0},{0,0,0,0,0,0,0,0,0},{0,0,0,0,0,0,0,0,0},{0,0,0,0,0,0,0,0,0}}
]
00:17:22.393 [main] INFO  sudoku.model.SudokuBoard - Wartość 0 wstawiona nieprawidłowo
00:17:22.393 [main] INFO  sudoku.model.SudokuBoard - Bład w kwadracie 0
sudoku.model.SudokuBoard@161d95c6[
  size=9
  solver=sudoku.model.BacktrackingSudokuSolver@5203c80f
  board={{3,8,9,2,1,4,5,6,7},{2,1,4,3,7,0,0,0,0},{0,0,0,0,0,0,0,0,0},{0,0,0,0,0,0,0,0,0},{0,0,0,0,0,0,0,0,0},{0,0,0,0,0,0,0,0,0},{0,0,0,0,0,0,0,0,0},{0,0,0,0,0,0,0,0,0},{0,0,0,0,0,0,0,0,0}}
]
00:17:22.393 [main] INFO  sudoku.model.SudokuBoard - Wartość 0 wstawiona nieprawidłowo
00:17:22.393 [main] INFO  sudoku.model.SudokuBoard - Bład w kwadracie 0
sudoku.model.SudokuBoard@161d95c6[
  size=9
  solver=sudoku.model.BacktrackingSudokuSolver@5203c80f
  board={{3,8,9,2,1,4,5,6,7},{2,1,4,3,0,0,0,0,0},{0,0,0,0,0,0,0,0,0},{0,0,0,0,0,0,0,0,0},{0,0,0,0,0,0,0,0,0},{0,0,0,0,0,0,0,0,0},{0,0,0,0,0,0,0,0,0},{0,0,0,0,0,0,0,0,0},{0,0,0,0,0,0,0,0,0}}
]
00:17:22.393 [main] INFO  sudoku.model.SudokuBoard - Wartość 0 wstawiona nieprawidłowo
00:17:22.393 [main] INFO  sudoku.model.SudokuBoard - Bład w kwadracie 0
sudoku.model.SudokuBoard@161d95c6[
  size=9
  solver=sudoku.model.BacktrackingSudokuSolver@5203c80f
  board={{3,8,9,2,1,4,5,6,7},{2,1,4,3,8,0,0,0,0},{0,0,0,0,0,0,0,0,0},{0,0,0,0,0,0,0,0,0},{0,0,0,0,0,0,0,0,0},{0,0,0,0,0,0,0,0,0},{0,0,0,0,0,0,0,0,0},{0,0,0,0,0,0,0,0,0},{0,0,0,0,0,0,0,0,0}}
]
00:17:22.393 [main] INFO  sudoku.model.SudokuBoard - Wartość 0 wstawiona nieprawidłowo
00:17:22.393 [main] INFO  sudoku.model.SudokuBoard - Bład w kwadracie 0
sudoku.model.SudokuBoard@161d95c6[
  size=9
  solver=sudoku.model.BacktrackingSudokuSolver@5203c80f
  board={{3,8,9,2,1,4,5,6,7},{2,1,4,3,8,5,0,0,0},{0,0,0,0,0,0,0,0,0},{0,0,0,0,0,0,0,0,0},{0,0,0,0,0,0,0,0,0},{0,0,0,0,0,0,0,0,0},{0,0,0,0,0,0,0,0,0},{0,0,0,0,0,0,0,0,0},{0,0,0,0,0,0,0,0,0}}
]
00:17:22.393 [main] INFO  sudoku.model.SudokuBoard - Wartość 0 wstawiona nieprawidłowo
00:17:22.394 [main] INFO  sudoku.model.SudokuBoard - Bład w kwadracie 0
sudoku.model.SudokuBoard@161d95c6[
  size=9
  solver=sudoku.model.BacktrackingSudokuSolver@5203c80f
  board={{3,8,9,2,1,4,5,6,7},{2,1,4,3,8,0,0,0,0},{0,0,0,0,0,0,0,0,0},{0,0,0,0,0,0,0,0,0},{0,0,0,0,0,0,0,0,0},{0,0,0,0,0,0,0,0,0},{0,0,0,0,0,0,0,0,0},{0,0,0,0,0,0,0,0,0},{0,0,0,0,0,0,0,0,0}}
]
00:17:22.394 [main] INFO  sudoku.model.SudokuBoard - Wartość 0 wstawiona nieprawidłowo
00:17:22.395 [main] INFO  sudoku.model.SudokuBoard - Bład w kwadracie 0
sudoku.model.SudokuBoard@161d95c6[
  size=9
  solver=sudoku.model.BacktrackingSudokuSolver@5203c80f
  board={{3,8,9,2,1,4,5,6,7},{2,1,4,3,8,6,0,0,0},{0,0,0,0,0,0,0,0,0},{0,0,0,0,0,0,0,0,0},{0,0,0,0,0,0,0,0,0},{0,0,0,0,0,0,0,0,0},{0,0,0,0,0,0,0,0,0},{0,0,0,0,0,0,0,0,0},{0,0,0,0,0,0,0,0,0}}
]
00:17:22.395 [main] INFO  sudoku.model.SudokuBoard - Wartość 0 wstawiona nieprawidłowo
00:17:22.395 [main] INFO  sudoku.model.SudokuBoard - Bład w kwadracie 0
sudoku.model.SudokuBoard@161d95c6[
  size=9
  solver=sudoku.model.BacktrackingSudokuSolver@5203c80f
  board={{3,8,9,2,1,4,5,6,7},{2,1,4,3,8,0,0,0,0},{0,0,0,0,0,0,0,0,0},{0,0,0,0,0,0,0,0,0},{0,0,0,0,0,0,0,0,0},{0,0,0,0,0,0,0,0,0},{0,0,0,0,0,0,0,0,0},{0,0,0,0,0,0,0,0,0},{0,0,0,0,0,0,0,0,0}}
]
00:17:22.395 [main] INFO  sudoku.model.SudokuBoard - Wartość 0 wstawiona nieprawidłowo
00:17:22.395 [main] INFO  sudoku.model.SudokuBoard - Bład w kwadracie 0
sudoku.model.SudokuBoard@161d95c6[
  size=9
  solver=sudoku.model.BacktrackingSudokuSolver@5203c80f
  board={{3,8,9,2,1,4,5,6,7},{2,1,4,3,8,7,0,0,0},{0,0,0,0,0,0,0,0,0},{0,0,0,0,0,0,0,0,0},{0,0,0,0,0,0,0,0,0},{0,0,0,0,0,0,0,0,0},{0,0,0,0,0,0,0,0,0},{0,0,0,0,0,0,0,0,0},{0,0,0,0,0,0,0,0,0}}
]
00:17:22.395 [main] INFO  sudoku.model.SudokuBoard - Wartość 0 wstawiona nieprawidłowo
00:17:22.395 [main] INFO  sudoku.model.SudokuBoard - Bład w kwadracie 0
sudoku.model.SudokuBoard@161d95c6[
  size=9
  solver=sudoku.model.BacktrackingSudokuSolver@5203c80f
  board={{3,8,9,2,1,4,5,6,7},{2,1,4,3,8,0,0,0,0},{0,0,0,0,0,0,0,0,0},{0,0,0,0,0,0,0,0,0},{0,0,0,0,0,0,0,0,0},{0,0,0,0,0,0,0,0,0},{0,0,0,0,0,0,0,0,0},{0,0,0,0,0,0,0,0,0},{0,0,0,0,0,0,0,0,0}}
]
00:17:22.395 [main] INFO  sudoku.model.SudokuBoard - Wartość 0 wstawiona nieprawidłowo
00:17:22.395 [main] INFO  sudoku.model.SudokuBoard - Bład w kwadracie 0
sudoku.model.SudokuBoard@161d95c6[
  size=9
  solver=sudoku.model.BacktrackingSudokuSolver@5203c80f
  board={{3,8,9,2,1,4,5,6,7},{2,1,4,3,0,0,0,0,0},{0,0,0,0,0,0,0,0,0},{0,0,0,0,0,0,0,0,0},{0,0,0,0,0,0,0,0,0},{0,0,0,0,0,0,0,0,0},{0,0,0,0,0,0,0,0,0},{0,0,0,0,0,0,0,0,0},{0,0,0,0,0,0,0,0,0}}
]
00:17:22.395 [main] INFO  sudoku.model.SudokuBoard - Wartość 0 wstawiona nieprawidłowo
00:17:22.395 [main] INFO  sudoku.model.SudokuBoard - Bład w kwadracie 0
sudoku.model.SudokuBoard@161d95c6[
  size=9
  solver=sudoku.model.BacktrackingSudokuSolver@5203c80f
  board={{3,8,9,2,1,4,5,6,7},{2,1,4,3,9,5,0,0,0},{0,0,0,0,0,0,0,0,0},{0,0,0,0,0,0,0,0,0},{0,0,0,0,0,0,0,0,0},{0,0,0,0,0,0,0,0,0},{0,0,0,0,0,0,0,0,0},{0,0,0,0,0,0,0,0,0},{0,0,0,0,0,0,0,0,0}}
]
00:17:22.395 [main] INFO  sudoku.model.SudokuBoard - Wartość 0 wstawiona nieprawidłowo
00:17:22.396 [main] INFO  sudoku.model.SudokuBoard - Bład w kwadracie 0
sudoku.model.SudokuBoard@161d95c6[
  size=9
  solver=sudoku.model.BacktrackingSudokuSolver@5203c80f
  board={{3,8,9,2,1,4,5,6,7},{2,1,4,3,9,0,0,0,0},{0,0,0,0,0,0,0,0,0},{0,0,0,0,0,0,0,0,0},{0,0,0,0,0,0,0,0,0},{0,0,0,0,0,0,0,0,0},{0,0,0,0,0,0,0,0,0},{0,0,0,0,0,0,0,0,0},{0,0,0,0,0,0,0,0,0}}
]
00:17:22.396 [main] INFO  sudoku.model.SudokuBoard - Wartość 0 wstawiona nieprawidłowo
00:17:22.396 [main] INFO  sudoku.model.SudokuBoard - Bład w kwadracie 0
sudoku.model.SudokuBoard@161d95c6[
  size=9
  solver=sudoku.model.BacktrackingSudokuSolver@5203c80f
  board={{3,8,9,2,1,4,5,6,7},{2,1,4,3,9,6,0,0,0},{0,0,0,0,0,0,0,0,0},{0,0,0,0,0,0,0,0,0},{0,0,0,0,0,0,0,0,0},{0,0,0,0,0,0,0,0,0},{0,0,0,0,0,0,0,0,0},{0,0,0,0,0,0,0,0,0},{0,0,0,0,0,0,0,0,0}}
]
00:17:22.396 [main] INFO  sudoku.model.SudokuBoard - Wartość 0 wstawiona nieprawidłowo
00:17:22.396 [main] INFO  sudoku.model.SudokuBoard - Bład w kwadracie 0
sudoku.model.SudokuBoard@161d95c6[
  size=9
  solver=sudoku.model.BacktrackingSudokuSolver@5203c80f
  board={{3,8,9,2,1,4,5,6,7},{2,1,4,3,9,0,0,0,0},{0,0,0,0,0,0,0,0,0},{0,0,0,0,0,0,0,0,0},{0,0,0,0,0,0,0,0,0},{0,0,0,0,0,0,0,0,0},{0,0,0,0,0,0,0,0,0},{0,0,0,0,0,0,0,0,0},{0,0,0,0,0,0,0,0,0}}
]
00:17:22.396 [main] INFO  sudoku.model.SudokuBoard - Wartość 0 wstawiona nieprawidłowo
00:17:22.396 [main] INFO  sudoku.model.SudokuBoard - Bład w kwadracie 0
sudoku.model.SudokuBoard@161d95c6[
  size=9
  solver=sudoku.model.BacktrackingSudokuSolver@5203c80f
  board={{3,8,9,2,1,4,5,6,7},{2,1,4,3,9,7,0,0,0},{0,0,0,0,0,0,0,0,0},{0,0,0,0,0,0,0,0,0},{0,0,0,0,0,0,0,0,0},{0,0,0,0,0,0,0,0,0},{0,0,0,0,0,0,0,0,0},{0,0,0,0,0,0,0,0,0},{0,0,0,0,0,0,0,0,0}}
]
00:17:22.396 [main] INFO  sudoku.model.SudokuBoard - Wartość 0 wstawiona nieprawidłowo
00:17:22.397 [main] INFO  sudoku.model.SudokuBoard - Bład w kwadracie 0
sudoku.model.SudokuBoard@161d95c6[
  size=9
  solver=sudoku.model.BacktrackingSudokuSolver@5203c80f
  board={{3,8,9,2,1,4,5,6,7},{2,1,4,3,9,0,0,0,0},{0,0,0,0,0,0,0,0,0},{0,0,0,0,0,0,0,0,0},{0,0,0,0,0,0,0,0,0},{0,0,0,0,0,0,0,0,0},{0,0,0,0,0,0,0,0,0},{0,0,0,0,0,0,0,0,0},{0,0,0,0,0,0,0,0,0}}
]
00:17:22.397 [main] INFO  sudoku.model.SudokuBoard - Wartość 0 wstawiona nieprawidłowo
00:17:22.397 [main] INFO  sudoku.model.SudokuBoard - Bład w kwadracie 0
sudoku.model.SudokuBoard@161d95c6[
  size=9
  solver=sudoku.model.BacktrackingSudokuSolver@5203c80f
  board={{3,8,9,2,1,4,5,6,7},{2,1,4,3,9,0,0,0,0},{0,0,0,0,0,0,0,0,0},{0,0,0,0,0,0,0,0,0},{0,0,0,0,0,0,0,0,0},{0,0,0,0,0,0,0,0,0},{0,0,0,0,0,0,0,0,0},{0,0,0,0,0,0,0,0,0},{0,0,0,0,0,0,0,0,0}}
]
00:17:22.397 [main] INFO  sudoku.model.SudokuBoard - Wartość 0 wstawiona nieprawidłowo
00:17:22.397 [main] INFO  sudoku.model.SudokuBoard - Bład w kwadracie 0
sudoku.model.SudokuBoard@161d95c6[
  size=9
  solver=sudoku.model.BacktrackingSudokuSolver@5203c80f
  board={{3,8,9,2,1,4,5,6,7},{2,1,4,3,0,0,0,0,0},{0,0,0,0,0,0,0,0,0},{0,0,0,0,0,0,0,0,0},{0,0,0,0,0,0,0,0,0},{0,0,0,0,0,0,0,0,0},{0,0,0,0,0,0,0,0,0},{0,0,0,0,0,0,0,0,0},{0,0,0,0,0,0,0,0,0}}
]
00:17:22.397 [main] INFO  sudoku.model.SudokuBoard - Wartość 0 wstawiona nieprawidłowo
00:17:22.397 [main] INFO  sudoku.model.SudokuBoard - Bład w kwadracie 0
sudoku.model.SudokuBoard@161d95c6[
  size=9
  solver=sudoku.model.BacktrackingSudokuSolver@5203c80f
  board={{3,8,9,2,1,4,5,6,7},{2,1,4,3,5,8,0,0,0},{0,0,0,0,0,0,0,0,0},{0,0,0,0,0,0,0,0,0},{0,0,0,0,0,0,0,0,0},{0,0,0,0,0,0,0,0,0},{0,0,0,0,0,0,0,0,0},{0,0,0,0,0,0,0,0,0},{0,0,0,0,0,0,0,0,0}}
]
00:17:22.397 [main] INFO  sudoku.model.SudokuBoard - Wartość 0 wstawiona nieprawidłowo
00:17:22.397 [main] INFO  sudoku.model.SudokuBoard - Bład w kwadracie 0
sudoku.model.SudokuBoard@161d95c6[
  size=9
  solver=sudoku.model.BacktrackingSudokuSolver@5203c80f
  board={{3,8,9,2,1,4,5,6,7},{2,1,4,3,5,0,0,0,0},{0,0,0,0,0,0,0,0,0},{0,0,0,0,0,0,0,0,0},{0,0,0,0,0,0,0,0,0},{0,0,0,0,0,0,0,0,0},{0,0,0,0,0,0,0,0,0},{0,0,0,0,0,0,0,0,0},{0,0,0,0,0,0,0,0,0}}
]
00:17:22.397 [main] INFO  sudoku.model.SudokuBoard - Wartość 0 wstawiona nieprawidłowo
00:17:22.397 [main] INFO  sudoku.model.SudokuBoard - Bład w kwadracie 0
sudoku.model.SudokuBoard@161d95c6[
  size=9
  solver=sudoku.model.BacktrackingSudokuSolver@5203c80f
  board={{3,8,9,2,1,4,5,6,7},{2,1,4,3,5,9,0,0,0},{0,0,0,0,0,0,0,0,0},{0,0,0,0,0,0,0,0,0},{0,0,0,0,0,0,0,0,0},{0,0,0,0,0,0,0,0,0},{0,0,0,0,0,0,0,0,0},{0,0,0,0,0,0,0,0,0},{0,0,0,0,0,0,0,0,0}}
]
00:17:22.397 [main] INFO  sudoku.model.SudokuBoard - Wartość 0 wstawiona nieprawidłowo
00:17:22.398 [main] INFO  sudoku.model.SudokuBoard - Bład w kwadracie 0
sudoku.model.SudokuBoard@161d95c6[
  size=9
  solver=sudoku.model.BacktrackingSudokuSolver@5203c80f
  board={{3,8,9,2,1,4,5,6,7},{2,1,4,3,5,0,0,0,0},{0,0,0,0,0,0,0,0,0},{0,0,0,0,0,0,0,0,0},{0,0,0,0,0,0,0,0,0},{0,0,0,0,0,0,0,0,0},{0,0,0,0,0,0,0,0,0},{0,0,0,0,0,0,0,0,0},{0,0,0,0,0,0,0,0,0}}
]
00:17:22.398 [main] INFO  sudoku.model.SudokuBoard - Wartość 0 wstawiona nieprawidłowo
00:17:22.398 [main] INFO  sudoku.model.SudokuBoard - Bład w kwadracie 0
sudoku.model.SudokuBoard@161d95c6[
  size=9
  solver=sudoku.model.BacktrackingSudokuSolver@5203c80f
  board={{3,8,9,2,1,4,5,6,7},{2,1,4,3,5,6,8,0,0},{0,0,0,0,0,0,0,0,0},{0,0,0,0,0,0,0,0,0},{0,0,0,0,0,0,0,0,0},{0,0,0,0,0,0,0,0,0},{0,0,0,0,0,0,0,0,0},{0,0,0,0,0,0,0,0,0},{0,0,0,0,0,0,0,0,0}}
]
00:17:22.398 [main] INFO  sudoku.model.SudokuBoard - Wartość 0 wstawiona nieprawidłowo
00:17:22.398 [main] INFO  sudoku.model.SudokuBoard - Bład w kwadracie 0
sudoku.model.SudokuBoard@161d95c6[
  size=9
  solver=sudoku.model.BacktrackingSudokuSolver@5203c80f
  board={{3,8,9,2,1,4,5,6,7},{2,1,4,3,5,6,0,0,0},{0,0,0,0,0,0,0,0,0},{0,0,0,0,0,0,0,0,0},{0,0,0,0,0,0,0,0,0},{0,0,0,0,0,0,0,0,0},{0,0,0,0,0,0,0,0,0},{0,0,0,0,0,0,0,0,0},{0,0,0,0,0,0,0,0,0}}
]
00:17:22.398 [main] INFO  sudoku.model.SudokuBoard - Wartość 0 wstawiona nieprawidłowo
00:17:22.398 [main] INFO  sudoku.model.SudokuBoard - Bład w kwadracie 0
sudoku.model.SudokuBoard@161d95c6[
  size=9
  solver=sudoku.model.BacktrackingSudokuSolver@5203c80f
  board={{3,8,9,2,1,4,5,6,7},{2,1,4,3,5,6,9,0,0},{0,0,0,0,0,0,0,0,0},{0,0,0,0,0,0,0,0,0},{0,0,0,0,0,0,0,0,0},{0,0,0,0,0,0,0,0,0},{0,0,0,0,0,0,0,0,0},{0,0,0,0,0,0,0,0,0},{0,0,0,0,0,0,0,0,0}}
]
00:17:22.398 [main] INFO  sudoku.model.SudokuBoard - Wartość 0 wstawiona nieprawidłowo
00:17:22.398 [main] INFO  sudoku.model.SudokuBoard - Bład w kwadracie 0
sudoku.model.SudokuBoard@161d95c6[
  size=9
  solver=sudoku.model.BacktrackingSudokuSolver@5203c80f
  board={{3,8,9,2,1,4,5,6,7},{2,1,4,3,5,6,0,0,0},{0,0,0,0,0,0,0,0,0},{0,0,0,0,0,0,0,0,0},{0,0,0,0,0,0,0,0,0},{0,0,0,0,0,0,0,0,0},{0,0,0,0,0,0,0,0,0},{0,0,0,0,0,0,0,0,0},{0,0,0,0,0,0,0,0,0}}
]
00:17:22.398 [main] INFO  sudoku.model.SudokuBoard - Wartość 0 wstawiona nieprawidłowo
00:17:22.398 [main] INFO  sudoku.model.SudokuBoard - Bład w kwadracie 0
sudoku.model.SudokuBoard@161d95c6[
  size=9
  solver=sudoku.model.BacktrackingSudokuSolver@5203c80f
  board={{3,8,9,2,1,4,5,6,7},{2,1,4,3,5,0,0,0,0},{0,0,0,0,0,0,0,0,0},{0,0,0,0,0,0,0,0,0},{0,0,0,0,0,0,0,0,0},{0,0,0,0,0,0,0,0,0},{0,0,0,0,0,0,0,0,0},{0,0,0,0,0,0,0,0,0},{0,0,0,0,0,0,0,0,0}}
]
00:17:22.398 [main] INFO  sudoku.model.SudokuBoard - Wartość 0 wstawiona nieprawidłowo
00:17:22.398 [main] INFO  sudoku.model.SudokuBoard - Bład w kwadracie 0
sudoku.model.SudokuBoard@161d95c6[
  size=9
  solver=sudoku.model.BacktrackingSudokuSolver@5203c80f
  board={{3,8,9,2,1,4,5,6,7},{2,1,4,3,5,7,8,0,0},{0,0,0,0,0,0,0,0,0},{0,0,0,0,0,0,0,0,0},{0,0,0,0,0,0,0,0,0},{0,0,0,0,0,0,0,0,0},{0,0,0,0,0,0,0,0,0},{0,0,0,0,0,0,0,0,0},{0,0,0,0,0,0,0,0,0}}
]
00:17:22.399 [main] INFO  sudoku.model.SudokuBoard - Wartość 0 wstawiona nieprawidłowo
00:17:22.399 [main] INFO  sudoku.model.SudokuBoard - Bład w kwadracie 0
sudoku.model.SudokuBoard@161d95c6[
  size=9
  solver=sudoku.model.BacktrackingSudokuSolver@5203c80f
  board={{3,8,9,2,1,4,5,6,7},{2,1,4,3,5,7,0,0,0},{0,0,0,0,0,0,0,0,0},{0,0,0,0,0,0,0,0,0},{0,0,0,0,0,0,0,0,0},{0,0,0,0,0,0,0,0,0},{0,0,0,0,0,0,0,0,0},{0,0,0,0,0,0,0,0,0},{0,0,0,0,0,0,0,0,0}}
]
00:17:22.399 [main] INFO  sudoku.model.SudokuBoard - Wartość 0 wstawiona nieprawidłowo
00:17:22.399 [main] INFO  sudoku.model.SudokuBoard - Bład w kwadracie 0
sudoku.model.SudokuBoard@161d95c6[
  size=9
  solver=sudoku.model.BacktrackingSudokuSolver@5203c80f
  board={{3,8,9,2,1,4,5,6,7},{2,1,4,3,5,7,9,0,0},{0,0,0,0,0,0,0,0,0},{0,0,0,0,0,0,0,0,0},{0,0,0,0,0,0,0,0,0},{0,0,0,0,0,0,0,0,0},{0,0,0,0,0,0,0,0,0},{0,0,0,0,0,0,0,0,0},{0,0,0,0,0,0,0,0,0}}
]
00:17:22.399 [main] INFO  sudoku.model.SudokuBoard - Wartość 0 wstawiona nieprawidłowo
00:17:22.399 [main] INFO  sudoku.model.SudokuBoard - Bład w kwadracie 0
sudoku.model.SudokuBoard@161d95c6[
  size=9
  solver=sudoku.model.BacktrackingSudokuSolver@5203c80f
  board={{3,8,9,2,1,4,5,6,7},{2,1,4,3,5,7,0,0,0},{0,0,0,0,0,0,0,0,0},{0,0,0,0,0,0,0,0,0},{0,0,0,0,0,0,0,0,0},{0,0,0,0,0,0,0,0,0},{0,0,0,0,0,0,0,0,0},{0,0,0,0,0,0,0,0,0},{0,0,0,0,0,0,0,0,0}}
]
00:17:22.400 [main] INFO  sudoku.model.SudokuBoard - Wartość 0 wstawiona nieprawidłowo
00:17:22.400 [main] INFO  sudoku.model.SudokuBoard - Bład w kwadracie 0
sudoku.model.SudokuBoard@161d95c6[
  size=9
  solver=sudoku.model.BacktrackingSudokuSolver@5203c80f
  board={{3,8,9,2,1,4,5,6,7},{2,1,4,3,5,0,0,0,0},{0,0,0,0,0,0,0,0,0},{0,0,0,0,0,0,0,0,0},{0,0,0,0,0,0,0,0,0},{0,0,0,0,0,0,0,0,0},{0,0,0,0,0,0,0,0,0},{0,0,0,0,0,0,0,0,0},{0,0,0,0,0,0,0,0,0}}
]
00:17:22.400 [main] INFO  sudoku.model.SudokuBoard - Wartość 0 wstawiona nieprawidłowo
00:17:22.400 [main] INFO  sudoku.model.SudokuBoard - Bład w kwadracie 0
sudoku.model.SudokuBoard@161d95c6[
  size=9
  solver=sudoku.model.BacktrackingSudokuSolver@5203c80f
  board={{3,8,9,2,1,4,5,6,7},{2,1,4,3,0,0,0,0,0},{0,0,0,0,0,0,0,0,0},{0,0,0,0,0,0,0,0,0},{0,0,0,0,0,0,0,0,0},{0,0,0,0,0,0,0,0,0},{0,0,0,0,0,0,0,0,0},{0,0,0,0,0,0,0,0,0},{0,0,0,0,0,0,0,0,0}}
]
00:17:22.400 [main] INFO  sudoku.model.SudokuBoard - Wartość 0 wstawiona nieprawidłowo
00:17:22.400 [main] INFO  sudoku.model.SudokuBoard - Bład w kwadracie 0
sudoku.model.SudokuBoard@161d95c6[
  size=9
  solver=sudoku.model.BacktrackingSudokuSolver@5203c80f
  board={{3,8,9,2,1,4,5,6,7},{2,1,4,0,0,0,0,0,0},{0,0,0,0,0,0,0,0,0},{0,0,0,0,0,0,0,0,0},{0,0,0,0,0,0,0,0,0},{0,0,0,0,0,0,0,0,0},{0,0,0,0,0,0,0,0,0},{0,0,0,0,0,0,0,0,0},{0,0,0,0,0,0,0,0,0}}
]
00:17:22.402 [main] INFO  sudoku.model.SudokuBoard - Wartość 0 wstawiona nieprawidłowo
00:17:22.402 [main] INFO  sudoku.model.SudokuBoard - Bład w kwadracie 0
sudoku.model.SudokuBoard@161d95c6[
  size=9
  solver=sudoku.model.BacktrackingSudokuSolver@5203c80f
  board={{3,8,9,2,1,4,5,6,7},{2,1,4,5,9,7,8,0,0},{0,0,0,0,0,0,0,0,0},{0,0,0,0,0,0,0,0,0},{0,0,0,0,0,0,0,0,0},{0,0,0,0,0,0,0,0,0},{0,0,0,0,0,0,0,0,0},{0,0,0,0,0,0,0,0,0},{0,0,0,0,0,0,0,0,0}}
]
00:17:22.402 [main] INFO  sudoku.model.SudokuBoard - Wartość 0 wstawiona nieprawidłowo
00:17:22.402 [main] INFO  sudoku.model.SudokuBoard - Bład w kwadracie 0
sudoku.model.SudokuBoard@161d95c6[
  size=9
  solver=sudoku.model.BacktrackingSudokuSolver@5203c80f
  board={{3,8,9,2,1,4,5,6,7},{2,1,4,5,9,7,0,0,0},{0,0,0,0,0,0,0,0,0},{0,0,0,0,0,0,0,0,0},{0,0,0,0,0,0,0,0,0},{0,0,0,0,0,0,0,0,0},{0,0,0,0,0,0,0,0,0},{0,0,0,0,0,0,0,0,0},{0,0,0,0,0,0,0,0,0}}
]
00:17:22.402 [main] INFO  sudoku.model.SudokuBoard - Wartość 0 wstawiona nieprawidłowo
00:17:22.402 [main] INFO  sudoku.model.SudokuBoard - Bład w kwadracie 0
sudoku.model.SudokuBoard@161d95c6[
  size=9
  solver=sudoku.model.BacktrackingSudokuSolver@5203c80f
  board={{3,8,9,2,1,4,5,6,7},{2,1,4,5,9,7,3,0,0},{0,0,0,0,0,0,0,0,0},{0,0,0,0,0,0,0,0,0},{0,0,0,0,0,0,0,0,0},{0,0,0,0,0,0,0,0,0},{0,0,0,0,0,0,0,0,0},{0,0,0,0,0,0,0,0,0},{0,0,0,0,0,0,0,0,0}}
]
00:17:22.402 [main] INFO  sudoku.model.SudokuBoard - Wartość 0 wstawiona nieprawidłowo
00:17:22.402 [main] INFO  sudoku.model.SudokuBoard - Bład w kwadracie 0
sudoku.model.SudokuBoard@161d95c6[
  size=9
  solver=sudoku.model.BacktrackingSudokuSolver@5203c80f
  board={{3,8,9,2,1,4,5,6,7},{2,1,4,5,9,7,0,0,0},{0,0,0,0,0,0,0,0,0},{0,0,0,0,0,0,0,0,0},{0,0,0,0,0,0,0,0,0},{0,0,0,0,0,0,0,0,0},{0,0,0,0,0,0,0,0,0},{0,0,0,0,0,0,0,0,0},{0,0,0,0,0,0,0,0,0}}
]
00:17:22.402 [main] INFO  sudoku.model.SudokuBoard - Wartość 0 wstawiona nieprawidłowo
00:17:22.402 [main] INFO  sudoku.model.SudokuBoard - Bład w kwadracie 0
sudoku.model.SudokuBoard@161d95c6[
  size=9
  solver=sudoku.model.BacktrackingSudokuSolver@5203c80f
  board={{3,8,9,2,1,4,5,6,7},{2,1,4,5,9,0,0,0,0},{0,0,0,0,0,0,0,0,0},{0,0,0,0,0,0,0,0,0},{0,0,0,0,0,0,0,0,0},{0,0,0,0,0,0,0,0,0},{0,0,0,0,0,0,0,0,0},{0,0,0,0,0,0,0,0,0},{0,0,0,0,0,0,0,0,0}}
]
00:17:22.402 [main] INFO  sudoku.model.SudokuBoard - Wartość 0 wstawiona nieprawidłowo
00:17:22.402 [main] INFO  sudoku.model.SudokuBoard - Bład w kwadracie 0
sudoku.model.SudokuBoard@161d95c6[
  size=9
  solver=sudoku.model.BacktrackingSudokuSolver@5203c80f
  board={{3,8,9,2,1,4,5,6,7},{2,1,4,5,9,8,0,0,0},{0,0,0,0,0,0,0,0,0},{0,0,0,0,0,0,0,0,0},{0,0,0,0,0,0,0,0,0},{0,0,0,0,0,0,0,0,0},{0,0,0,0,0,0,0,0,0},{0,0,0,0,0,0,0,0,0},{0,0,0,0,0,0,0,0,0}}
]
00:17:22.402 [main] INFO  sudoku.model.SudokuBoard - Wartość 0 wstawiona nieprawidłowo
00:17:22.403 [main] INFO  sudoku.model.SudokuBoard - Bład w kwadracie 0
sudoku.model.SudokuBoard@161d95c6[
  size=9
  solver=sudoku.model.BacktrackingSudokuSolver@5203c80f
  board={{3,8,9,2,1,4,5,6,7},{2,1,4,5,9,0,0,0,0},{0,0,0,0,0,0,0,0,0},{0,0,0,0,0,0,0,0,0},{0,0,0,0,0,0,0,0,0},{0,0,0,0,0,0,0,0,0},{0,0,0,0,0,0,0,0,0},{0,0,0,0,0,0,0,0,0},{0,0,0,0,0,0,0,0,0}}
]
00:17:22.403 [main] INFO  sudoku.model.SudokuBoard - Wartość 0 wstawiona nieprawidłowo
00:17:22.403 [main] INFO  sudoku.model.SudokuBoard - Bład w kwadracie 0
sudoku.model.SudokuBoard@161d95c6[
  size=9
  solver=sudoku.model.BacktrackingSudokuSolver@5203c80f
  board={{3,8,9,2,1,4,5,6,7},{2,1,4,5,9,3,0,0,0},{0,0,0,0,0,0,0,0,0},{0,0,0,0,0,0,0,0,0},{0,0,0,0,0,0,0,0,0},{0,0,0,0,0,0,0,0,0},{0,0,0,0,0,0,0,0,0},{0,0,0,0,0,0,0,0,0},{0,0,0,0,0,0,0,0,0}}
]
00:17:22.403 [main] INFO  sudoku.model.SudokuBoard - Wartość 0 wstawiona nieprawidłowo
00:17:22.403 [main] INFO  sudoku.model.SudokuBoard - Bład w kwadracie 0
sudoku.model.SudokuBoard@161d95c6[
  size=9
  solver=sudoku.model.BacktrackingSudokuSolver@5203c80f
  board={{3,8,9,2,1,4,5,6,7},{2,1,4,5,9,0,0,0,0},{0,0,0,0,0,0,0,0,0},{0,0,0,0,0,0,0,0,0},{0,0,0,0,0,0,0,0,0},{0,0,0,0,0,0,0,0,0},{0,0,0,0,0,0,0,0,0},{0,0,0,0,0,0,0,0,0},{0,0,0,0,0,0,0,0,0}}
]
00:17:22.403 [main] INFO  sudoku.model.SudokuBoard - Wartość 0 wstawiona nieprawidłowo
00:17:22.403 [main] INFO  sudoku.model.SudokuBoard - Bład w kwadracie 0
sudoku.model.SudokuBoard@161d95c6[
  size=9
  solver=sudoku.model.BacktrackingSudokuSolver@5203c80f
  board={{3,8,9,2,1,4,5,6,7},{2,1,4,5,9,6,3,0,0},{0,0,0,0,0,0,0,0,0},{0,0,0,0,0,0,0,0,0},{0,0,0,0,0,0,0,0,0},{0,0,0,0,0,0,0,0,0},{0,0,0,0,0,0,0,0,0},{0,0,0,0,0,0,0,0,0},{0,0,0,0,0,0,0,0,0}}
]
00:17:22.403 [main] INFO  sudoku.model.SudokuBoard - Wartość 0 wstawiona nieprawidłowo
00:17:22.403 [main] INFO  sudoku.model.SudokuBoard - Bład w kwadracie 0
sudoku.model.SudokuBoard@161d95c6[
  size=9
  solver=sudoku.model.BacktrackingSudokuSolver@5203c80f
  board={{3,8,9,2,1,4,5,6,7},{2,1,4,5,9,6,0,0,0},{0,0,0,0,0,0,0,0,0},{0,0,0,0,0,0,0,0,0},{0,0,0,0,0,0,0,0,0},{0,0,0,0,0,0,0,0,0},{0,0,0,0,0,0,0,0,0},{0,0,0,0,0,0,0,0,0},{0,0,0,0,0,0,0,0,0}}
]
00:17:22.403 [main] INFO  sudoku.model.SudokuBoard - Wartość 0 wstawiona nieprawidłowo
00:17:22.403 [main] INFO  sudoku.model.SudokuBoard - Bład w kwadracie 0
sudoku.model.SudokuBoard@161d95c6[
  size=9
  solver=sudoku.model.BacktrackingSudokuSolver@5203c80f
  board={{3,8,9,2,1,4,5,6,7},{2,1,4,5,9,6,8,0,0},{0,0,0,0,0,0,0,0,0},{0,0,0,0,0,0,0,0,0},{0,0,0,0,0,0,0,0,0},{0,0,0,0,0,0,0,0,0},{0,0,0,0,0,0,0,0,0},{0,0,0,0,0,0,0,0,0},{0,0,0,0,0,0,0,0,0}}
]
00:17:22.403 [main] INFO  sudoku.model.SudokuBoard - Wartość 0 wstawiona nieprawidłowo
00:17:22.404 [main] INFO  sudoku.model.SudokuBoard - Bład w kwadracie 0
sudoku.model.SudokuBoard@161d95c6[
  size=9
  solver=sudoku.model.BacktrackingSudokuSolver@5203c80f
  board={{3,8,9,2,1,4,5,6,7},{2,1,4,5,9,6,0,0,0},{0,0,0,0,0,0,0,0,0},{0,0,0,0,0,0,0,0,0},{0,0,0,0,0,0,0,0,0},{0,0,0,0,0,0,0,0,0},{0,0,0,0,0,0,0,0,0},{0,0,0,0,0,0,0,0,0},{0,0,0,0,0,0,0,0,0}}
]
00:17:22.404 [main] INFO  sudoku.model.SudokuBoard - Wartość 0 wstawiona nieprawidłowo
00:17:22.404 [main] INFO  sudoku.model.SudokuBoard - Bład w kwadracie 0
sudoku.model.SudokuBoard@161d95c6[
  size=9
  solver=sudoku.model.BacktrackingSudokuSolver@5203c80f
  board={{3,8,9,2,1,4,5,6,7},{2,1,4,5,9,0,0,0,0},{0,0,0,0,0,0,0,0,0},{0,0,0,0,0,0,0,0,0},{0,0,0,0,0,0,0,0,0},{0,0,0,0,0,0,0,0,0},{0,0,0,0,0,0,0,0,0},{0,0,0,0,0,0,0,0,0},{0,0,0,0,0,0,0,0,0}}
]
00:17:22.404 [main] INFO  sudoku.model.SudokuBoard - Wartość 0 wstawiona nieprawidłowo
00:17:22.404 [main] INFO  sudoku.model.SudokuBoard - Bład w kwadracie 0
sudoku.model.SudokuBoard@161d95c6[
  size=9
  solver=sudoku.model.BacktrackingSudokuSolver@5203c80f
  board={{3,8,9,2,1,4,5,6,7},{2,1,4,5,0,0,0,0,0},{0,0,0,0,0,0,0,0,0},{0,0,0,0,0,0,0,0,0},{0,0,0,0,0,0,0,0,0},{0,0,0,0,0,0,0,0,0},{0,0,0,0,0,0,0,0,0},{0,0,0,0,0,0,0,0,0},{0,0,0,0,0,0,0,0,0}}
]
00:17:22.404 [main] INFO  sudoku.model.SudokuBoard - Wartość 0 wstawiona nieprawidłowo
00:17:22.404 [main] INFO  sudoku.model.SudokuBoard - Bład w kwadracie 0
sudoku.model.SudokuBoard@161d95c6[
  size=9
  solver=sudoku.model.BacktrackingSudokuSolver@5203c80f
  board={{3,8,9,2,1,4,5,6,7},{2,1,4,5,3,6,8,0,0},{0,0,0,0,0,0,0,0,0},{0,0,0,0,0,0,0,0,0},{0,0,0,0,0,0,0,0,0},{0,0,0,0,0,0,0,0,0},{0,0,0,0,0,0,0,0,0},{0,0,0,0,0,0,0,0,0},{0,0,0,0,0,0,0,0,0}}
]
00:17:22.404 [main] INFO  sudoku.model.SudokuBoard - Wartość 0 wstawiona nieprawidłowo
00:17:22.404 [main] INFO  sudoku.model.SudokuBoard - Bład w kwadracie 0
sudoku.model.SudokuBoard@161d95c6[
  size=9
  solver=sudoku.model.BacktrackingSudokuSolver@5203c80f
  board={{3,8,9,2,1,4,5,6,7},{2,1,4,5,3,6,0,0,0},{0,0,0,0,0,0,0,0,0},{0,0,0,0,0,0,0,0,0},{0,0,0,0,0,0,0,0,0},{0,0,0,0,0,0,0,0,0},{0,0,0,0,0,0,0,0,0},{0,0,0,0,0,0,0,0,0},{0,0,0,0,0,0,0,0,0}}
]
00:17:22.404 [main] INFO  sudoku.model.SudokuBoard - Wartość 0 wstawiona nieprawidłowo
00:17:22.404 [main] INFO  sudoku.model.SudokuBoard - Bład w kwadracie 0
sudoku.model.SudokuBoard@161d95c6[
  size=9
  solver=sudoku.model.BacktrackingSudokuSolver@5203c80f
  board={{3,8,9,2,1,4,5,6,7},{2,1,4,5,3,6,9,0,0},{0,0,0,0,0,0,0,0,0},{0,0,0,0,0,0,0,0,0},{0,0,0,0,0,0,0,0,0},{0,0,0,0,0,0,0,0,0},{0,0,0,0,0,0,0,0,0},{0,0,0,0,0,0,0,0,0},{0,0,0,0,0,0,0,0,0}}
]
00:17:22.404 [main] INFO  sudoku.model.SudokuBoard - Wartość 0 wstawiona nieprawidłowo
00:17:22.404 [main] INFO  sudoku.model.SudokuBoard - Bład w kwadracie 0
sudoku.model.SudokuBoard@161d95c6[
  size=9
  solver=sudoku.model.BacktrackingSudokuSolver@5203c80f
  board={{3,8,9,2,1,4,5,6,7},{2,1,4,5,3,6,0,0,0},{0,0,0,0,0,0,0,0,0},{0,0,0,0,0,0,0,0,0},{0,0,0,0,0,0,0,0,0},{0,0,0,0,0,0,0,0,0},{0,0,0,0,0,0,0,0,0},{0,0,0,0,0,0,0,0,0},{0,0,0,0,0,0,0,0,0}}
]
00:17:22.404 [main] INFO  sudoku.model.SudokuBoard - Wartość 0 wstawiona nieprawidłowo
00:17:22.404 [main] INFO  sudoku.model.SudokuBoard - Bład w kwadracie 0
sudoku.model.SudokuBoard@161d95c6[
  size=9
  solver=sudoku.model.BacktrackingSudokuSolver@5203c80f
  board={{3,8,9,2,1,4,5,6,7},{2,1,4,5,3,0,0,0,0},{0,0,0,0,0,0,0,0,0},{0,0,0,0,0,0,0,0,0},{0,0,0,0,0,0,0,0,0},{0,0,0,0,0,0,0,0,0},{0,0,0,0,0,0,0,0,0},{0,0,0,0,0,0,0,0,0},{0,0,0,0,0,0,0,0,0}}
]
00:17:22.405 [main] INFO  sudoku.model.SudokuBoard - Wartość 0 wstawiona nieprawidłowo
00:17:22.405 [main] INFO  sudoku.model.SudokuBoard - Bład w kwadracie 0
sudoku.model.SudokuBoard@161d95c6[
  size=9
  solver=sudoku.model.BacktrackingSudokuSolver@5203c80f
  board={{3,8,9,2,1,4,5,6,7},{2,1,4,5,3,7,8,0,0},{0,0,0,0,0,0,0,0,0},{0,0,0,0,0,0,0,0,0},{0,0,0,0,0,0,0,0,0},{0,0,0,0,0,0,0,0,0},{0,0,0,0,0,0,0,0,0},{0,0,0,0,0,0,0,0,0},{0,0,0,0,0,0,0,0,0}}
]
00:17:22.405 [main] INFO  sudoku.model.SudokuBoard - Wartość 0 wstawiona nieprawidłowo
00:17:22.405 [main] INFO  sudoku.model.SudokuBoard - Bład w kwadracie 0
sudoku.model.SudokuBoard@161d95c6[
  size=9
  solver=sudoku.model.BacktrackingSudokuSolver@5203c80f
  board={{3,8,9,2,1,4,5,6,7},{2,1,4,5,3,7,0,0,0},{0,0,0,0,0,0,0,0,0},{0,0,0,0,0,0,0,0,0},{0,0,0,0,0,0,0,0,0},{0,0,0,0,0,0,0,0,0},{0,0,0,0,0,0,0,0,0},{0,0,0,0,0,0,0,0,0},{0,0,0,0,0,0,0,0,0}}
]
00:17:22.405 [main] INFO  sudoku.model.SudokuBoard - Wartość 0 wstawiona nieprawidłowo
00:17:22.405 [main] INFO  sudoku.model.SudokuBoard - Bład w kwadracie 0
sudoku.model.SudokuBoard@161d95c6[
  size=9
  solver=sudoku.model.BacktrackingSudokuSolver@5203c80f
  board={{3,8,9,2,1,4,5,6,7},{2,1,4,5,3,7,9,0,0},{0,0,0,0,0,0,0,0,0},{0,0,0,0,0,0,0,0,0},{0,0,0,0,0,0,0,0,0},{0,0,0,0,0,0,0,0,0},{0,0,0,0,0,0,0,0,0},{0,0,0,0,0,0,0,0,0},{0,0,0,0,0,0,0,0,0}}
]
00:17:22.405 [main] INFO  sudoku.model.SudokuBoard - Wartość 0 wstawiona nieprawidłowo
00:17:22.405 [main] INFO  sudoku.model.SudokuBoard - Bład w kwadracie 0
sudoku.model.SudokuBoard@161d95c6[
  size=9
  solver=sudoku.model.BacktrackingSudokuSolver@5203c80f
  board={{3,8,9,2,1,4,5,6,7},{2,1,4,5,3,7,0,0,0},{0,0,0,0,0,0,0,0,0},{0,0,0,0,0,0,0,0,0},{0,0,0,0,0,0,0,0,0},{0,0,0,0,0,0,0,0,0},{0,0,0,0,0,0,0,0,0},{0,0,0,0,0,0,0,0,0},{0,0,0,0,0,0,0,0,0}}
]
00:17:22.405 [main] INFO  sudoku.model.SudokuBoard - Wartość 0 wstawiona nieprawidłowo
00:17:22.405 [main] INFO  sudoku.model.SudokuBoard - Bład w kwadracie 0
sudoku.model.SudokuBoard@161d95c6[
  size=9
  solver=sudoku.model.BacktrackingSudokuSolver@5203c80f
  board={{3,8,9,2,1,4,5,6,7},{2,1,4,5,3,0,0,0,0},{0,0,0,0,0,0,0,0,0},{0,0,0,0,0,0,0,0,0},{0,0,0,0,0,0,0,0,0},{0,0,0,0,0,0,0,0,0},{0,0,0,0,0,0,0,0,0},{0,0,0,0,0,0,0,0,0},{0,0,0,0,0,0,0,0,0}}
]
00:17:22.405 [main] INFO  sudoku.model.SudokuBoard - Wartość 0 wstawiona nieprawidłowo
00:17:22.405 [main] INFO  sudoku.model.SudokuBoard - Bład w kwadracie 0
sudoku.model.SudokuBoard@161d95c6[
  size=9
  solver=sudoku.model.BacktrackingSudokuSolver@5203c80f
  board={{3,8,9,2,1,4,5,6,7},{2,1,4,5,3,8,0,0,0},{0,0,0,0,0,0,0,0,0},{0,0,0,0,0,0,0,0,0},{0,0,0,0,0,0,0,0,0},{0,0,0,0,0,0,0,0,0},{0,0,0,0,0,0,0,0,0},{0,0,0,0,0,0,0,0,0},{0,0,0,0,0,0,0,0,0}}
]
00:17:22.405 [main] INFO  sudoku.model.SudokuBoard - Wartość 0 wstawiona nieprawidłowo
00:17:22.405 [main] INFO  sudoku.model.SudokuBoard - Bład w kwadracie 0
sudoku.model.SudokuBoard@161d95c6[
  size=9
  solver=sudoku.model.BacktrackingSudokuSolver@5203c80f
  board={{3,8,9,2,1,4,5,6,7},{2,1,4,5,3,0,0,0,0},{0,0,0,0,0,0,0,0,0},{0,0,0,0,0,0,0,0,0},{0,0,0,0,0,0,0,0,0},{0,0,0,0,0,0,0,0,0},{0,0,0,0,0,0,0,0,0},{0,0,0,0,0,0,0,0,0},{0,0,0,0,0,0,0,0,0}}
]
00:17:22.406 [main] INFO  sudoku.model.SudokuBoard - Wartość 0 wstawiona nieprawidłowo
00:17:22.406 [main] INFO  sudoku.model.SudokuBoard - Bład w kwadracie 0
sudoku.model.SudokuBoard@161d95c6[
  size=9
  solver=sudoku.model.BacktrackingSudokuSolver@5203c80f
  board={{3,8,9,2,1,4,5,6,7},{2,1,4,5,3,9,0,0,0},{0,0,0,0,0,0,0,0,0},{0,0,0,0,0,0,0,0,0},{0,0,0,0,0,0,0,0,0},{0,0,0,0,0,0,0,0,0},{0,0,0,0,0,0,0,0,0},{0,0,0,0,0,0,0,0,0},{0,0,0,0,0,0,0,0,0}}
]
00:17:22.406 [main] INFO  sudoku.model.SudokuBoard - Wartość 0 wstawiona nieprawidłowo
00:17:22.406 [main] INFO  sudoku.model.SudokuBoard - Bład w kwadracie 0
sudoku.model.SudokuBoard@161d95c6[
  size=9
  solver=sudoku.model.BacktrackingSudokuSolver@5203c80f
  board={{3,8,9,2,1,4,5,6,7},{2,1,4,5,3,0,0,0,0},{0,0,0,0,0,0,0,0,0},{0,0,0,0,0,0,0,0,0},{0,0,0,0,0,0,0,0,0},{0,0,0,0,0,0,0,0,0},{0,0,0,0,0,0,0,0,0},{0,0,0,0,0,0,0,0,0},{0,0,0,0,0,0,0,0,0}}
]
00:17:22.406 [main] INFO  sudoku.model.SudokuBoard - Wartość 0 wstawiona nieprawidłowo
00:17:22.406 [main] INFO  sudoku.model.SudokuBoard - Bład w kwadracie 0
sudoku.model.SudokuBoard@161d95c6[
  size=9
  solver=sudoku.model.BacktrackingSudokuSolver@5203c80f
  board={{3,8,9,2,1,4,5,6,7},{2,1,4,5,0,0,0,0,0},{0,0,0,0,0,0,0,0,0},{0,0,0,0,0,0,0,0,0},{0,0,0,0,0,0,0,0,0},{0,0,0,0,0,0,0,0,0},{0,0,0,0,0,0,0,0,0},{0,0,0,0,0,0,0,0,0},{0,0,0,0,0,0,0,0,0}}
]
00:17:22.406 [main] INFO  sudoku.model.SudokuBoard - Wartość 0 wstawiona nieprawidłowo
00:17:22.406 [main] INFO  sudoku.model.SudokuBoard - Bład w kwadracie 0
sudoku.model.SudokuBoard@161d95c6[
  size=9
  solver=sudoku.model.BacktrackingSudokuSolver@5203c80f
  board={{3,8,9,2,1,4,5,6,7},{2,1,4,5,6,7,8,9,3},{6,5,7,8,3,9,1,2,4},{7,6,2,9,4,8,3,5,1},{5,9,1,3,7,6,2,4,8},{8,0,0,0,0,0,0,0,0},{0,0,0,0,0,0,0,0,0},{0,0,0,0,0,0,0,0,0},{0,0,0,0,0,0,0,0,0}}
]
00:17:22.406 [main] INFO  sudoku.model.SudokuBoard - Wartość 0 wstawiona nieprawidłowo
00:17:22.407 [main] INFO  sudoku.model.SudokuBoard - Bład w kwadracie 0
sudoku.model.SudokuBoard@161d95c6[
  size=9
  solver=sudoku.model.BacktrackingSudokuSolver@5203c80f
  board={{3,8,9,2,1,4,5,6,7},{2,1,4,5,6,7,8,9,3},{6,5,7,8,3,9,1,2,4},{7,6,2,9,4,8,3,5,1},{5,9,1,3,7,6,2,4,8},{8,4,3,1,2,5,9,7,6},{9,3,5,6,8,1,0,0,0},{0,0,0,0,0,0,0,0,0},{0,0,0,0,0,0,0,0,0}}
]
00:17:22.407 [main] INFO  sudoku.model.SudokuBoard - Wartość 0 wstawiona nieprawidłowo
00:17:22.407 [main] INFO  sudoku.model.SudokuBoard - Bład w kwadracie 0
sudoku.model.SudokuBoard@161d95c6[
  size=9
  solver=sudoku.model.BacktrackingSudokuSolver@5203c80f
  board={{3,8,9,2,1,4,5,6,7},{2,1,4,5,6,7,8,9,3},{6,5,7,8,3,9,1,2,4},{7,6,2,9,4,8,3,5,1},{5,9,1,3,7,6,2,4,8},{8,4,3,1,2,5,9,7,6},{9,3,5,6,8,1,0,0,0},{0,0,0,0,0,0,0,0,0},{0,0,0,0,0,0,0,0,0}}
]
00:17:22.407 [main] INFO  sudoku.model.SudokuBoard - Wartość 0 wstawiona nieprawidłowo
00:17:22.407 [main] INFO  sudoku.model.SudokuBoard - Bład w kwadracie 0
sudoku.model.SudokuBoard@161d95c6[
  size=9
  solver=sudoku.model.BacktrackingSudokuSolver@5203c80f
  board={{3,8,9,2,1,4,5,6,7},{2,1,4,5,6,7,8,9,3},{6,5,7,8,3,9,1,2,4},{7,6,2,9,4,8,3,5,1},{5,9,1,3,7,6,2,4,8},{8,4,3,1,2,5,9,7,6},{9,3,5,6,8,0,0,0,0},{0,0,0,0,0,0,0,0,0},{0,0,0,0,0,0,0,0,0}}
]
00:17:22.407 [main] INFO  sudoku.model.SudokuBoard - Wartość 0 wstawiona nieprawidłowo
00:17:22.407 [main] INFO  sudoku.model.SudokuBoard - Bład w kwadracie 0
sudoku.model.SudokuBoard@161d95c6[
  size=9
  solver=sudoku.model.BacktrackingSudokuSolver@5203c80f
  board={{3,8,9,2,1,4,5,6,7},{2,1,4,5,6,7,8,9,3},{6,5,7,8,3,9,1,2,4},{7,6,2,9,4,8,3,5,1},{5,9,1,3,7,6,2,4,8},{8,4,3,1,2,5,9,7,6},{9,3,5,6,8,2,4,0,0},{0,0,0,0,0,0,0,0,0},{0,0,0,0,0,0,0,0,0}}
]
00:17:22.407 [main] INFO  sudoku.model.SudokuBoard - Wartość 0 wstawiona nieprawidłowo
00:17:22.407 [main] INFO  sudoku.model.SudokuBoard - Bład w kwadracie 0
sudoku.model.SudokuBoard@161d95c6[
  size=9
  solver=sudoku.model.BacktrackingSudokuSolver@5203c80f
  board={{3,8,9,2,1,4,5,6,7},{2,1,4,5,6,7,8,9,3},{6,5,7,8,3,9,1,2,4},{7,6,2,9,4,8,3,5,1},{5,9,1,3,7,6,2,4,8},{8,4,3,1,2,5,9,7,6},{9,3,5,6,8,2,0,0,0},{0,0,0,0,0,0,0,0,0},{0,0,0,0,0,0,0,0,0}}
]
00:17:22.407 [main] INFO  sudoku.model.SudokuBoard - Wartość 0 wstawiona nieprawidłowo
00:17:22.407 [main] INFO  sudoku.model.SudokuBoard - Bład w kwadracie 0
sudoku.model.SudokuBoard@161d95c6[
  size=9
  solver=sudoku.model.BacktrackingSudokuSolver@5203c80f
  board={{3,8,9,2,1,4,5,6,7},{2,1,4,5,6,7,8,9,3},{6,5,7,8,3,9,1,2,4},{7,6,2,9,4,8,3,5,1},{5,9,1,3,7,6,2,4,8},{8,4,3,1,2,5,9,7,6},{9,3,5,6,8,2,7,0,0},{0,0,0,0,0,0,0,0,0},{0,0,0,0,0,0,0,0,0}}
]
00:17:22.407 [main] INFO  sudoku.model.SudokuBoard - Wartość 0 wstawiona nieprawidłowo
00:17:22.407 [main] INFO  sudoku.model.SudokuBoard - Bład w kwadracie 0
sudoku.model.SudokuBoard@161d95c6[
  size=9
  solver=sudoku.model.BacktrackingSudokuSolver@5203c80f
  board={{3,8,9,2,1,4,5,6,7},{2,1,4,5,6,7,8,9,3},{6,5,7,8,3,9,1,2,4},{7,6,2,9,4,8,3,5,1},{5,9,1,3,7,6,2,4,8},{8,4,3,1,2,5,9,7,6},{9,3,5,6,8,2,0,0,0},{0,0,0,0,0,0,0,0,0},{0,0,0,0,0,0,0,0,0}}
]
00:17:22.407 [main] INFO  sudoku.model.SudokuBoard - Wartość 0 wstawiona nieprawidłowo
00:17:22.408 [main] INFO  sudoku.model.SudokuBoard - Bład w kwadracie 0
sudoku.model.SudokuBoard@161d95c6[
  size=9
  solver=sudoku.model.BacktrackingSudokuSolver@5203c80f
  board={{3,8,9,2,1,4,5,6,7},{2,1,4,5,6,7,8,9,3},{6,5,7,8,3,9,1,2,4},{7,6,2,9,4,8,3,5,1},{5,9,1,3,7,6,2,4,8},{8,4,3,1,2,5,9,7,6},{9,3,5,6,8,0,0,0,0},{0,0,0,0,0,0,0,0,0},{0,0,0,0,0,0,0,0,0}}
]
00:17:22.408 [main] INFO  sudoku.model.SudokuBoard - Wartość 0 wstawiona nieprawidłowo
00:17:22.408 [main] INFO  sudoku.model.SudokuBoard - Bład w kwadracie 0
sudoku.model.SudokuBoard@161d95c6[
  size=9
  solver=sudoku.model.BacktrackingSudokuSolver@5203c80f
  board={{3,8,9,2,1,4,5,6,7},{2,1,4,5,6,7,8,9,3},{6,5,7,8,3,9,1,2,4},{7,6,2,9,4,8,3,5,1},{5,9,1,3,7,6,2,4,8},{8,4,3,1,2,5,9,7,6},{9,3,5,6,0,0,0,0,0},{0,0,0,0,0,0,0,0,0},{0,0,0,0,0,0,0,0,0}}
]
00:17:22.408 [main] INFO  sudoku.model.SudokuBoard - Wartość 0 wstawiona nieprawidłowo
00:17:22.408 [main] INFO  sudoku.model.SudokuBoard - Bład w kwadracie 0
sudoku.model.SudokuBoard@161d95c6[
  size=9
  solver=sudoku.model.BacktrackingSudokuSolver@5203c80f
  board={{3,8,9,2,1,4,5,6,7},{2,1,4,5,6,7,8,9,3},{6,5,7,8,3,9,1,2,4},{7,6,2,9,4,8,3,5,1},{5,9,1,3,7,6,2,4,8},{8,4,3,1,2,5,9,7,6},{9,3,5,0,0,0,0,0,0},{0,0,0,0,0,0,0,0,0},{0,0,0,0,0,0,0,0,0}}
]
00:17:22.408 [main] INFO  sudoku.model.SudokuBoard - Wartość 0 wstawiona nieprawidłowo
00:17:22.408 [main] INFO  sudoku.model.SudokuBoard - Bład w kwadracie 0
sudoku.model.SudokuBoard@161d95c6[
  size=9
  solver=sudoku.model.BacktrackingSudokuSolver@5203c80f
  board={{3,8,9,2,1,4,5,6,7},{2,1,4,5,6,7,8,9,3},{6,5,7,8,3,9,1,2,4},{7,6,2,9,4,8,3,5,1},{5,9,1,3,7,6,2,4,8},{8,4,3,1,2,5,9,7,6},{9,3,5,7,8,1,0,0,0},{0,0,0,0,0,0,0,0,0},{0,0,0,0,0,0,0,0,0}}
]
00:17:22.408 [main] INFO  sudoku.model.SudokuBoard - Wartość 0 wstawiona nieprawidłowo
00:17:22.408 [main] INFO  sudoku.model.SudokuBoard - Bład w kwadracie 0
sudoku.model.SudokuBoard@161d95c6[
  size=9
  solver=sudoku.model.BacktrackingSudokuSolver@5203c80f
  board={{3,8,9,2,1,4,5,6,7},{2,1,4,5,6,7,8,9,3},{6,5,7,8,3,9,1,2,4},{7,6,2,9,4,8,3,5,1},{5,9,1,3,7,6,2,4,8},{8,4,3,1,2,5,9,7,6},{9,3,5,7,8,1,0,0,0},{0,0,0,0,0,0,0,0,0},{0,0,0,0,0,0,0,0,0}}
]
00:17:22.420 [main] INFO  sudoku.model.SudokuBoard - Wartość 0 wstawiona nieprawidłowo
00:17:22.420 [main] INFO  sudoku.model.SudokuBoard - Bład w kwadracie 0
sudoku.model.SudokuBoard@161d95c6[
  size=9
  solver=sudoku.model.BacktrackingSudokuSolver@5203c80f
  board={{3,8,9,2,1,4,5,6,7},{2,1,4,5,6,7,8,9,3},{6,5,7,8,3,9,1,2,4},{7,6,2,9,4,8,3,5,1},{5,9,1,3,7,6,2,4,8},{8,4,3,1,2,5,9,7,6},{9,3,5,7,8,0,0,0,0},{0,0,0,0,0,0,0,0,0},{0,0,0,0,0,0,0,0,0}}
]
00:17:22.421 [main] INFO  sudoku.model.SudokuBoard - Wartość 0 wstawiona nieprawidłowo
00:17:22.421 [main] INFO  sudoku.model.SudokuBoard - Bład w kwadracie 0
sudoku.model.SudokuBoard@161d95c6[
  size=9
  solver=sudoku.model.BacktrackingSudokuSolver@5203c80f
  board={{3,8,9,2,1,4,5,6,7},{2,1,4,5,6,7,8,9,3},{6,5,7,8,3,9,1,2,4},{7,6,2,9,4,8,3,5,1},{5,9,1,3,7,6,2,4,8},{8,4,3,1,2,5,9,7,6},{9,3,5,7,8,2,4,0,0},{0,0,0,0,0,0,0,0,0},{0,0,0,0,0,0,0,0,0}}
]
00:17:22.421 [main] INFO  sudoku.model.SudokuBoard - Wartość 0 wstawiona nieprawidłowo
00:17:22.421 [main] INFO  sudoku.model.SudokuBoard - Bład w kwadracie 0
sudoku.model.SudokuBoard@161d95c6[
  size=9
  solver=sudoku.model.BacktrackingSudokuSolver@5203c80f
  board={{3,8,9,2,1,4,5,6,7},{2,1,4,5,6,7,8,9,3},{6,5,7,8,3,9,1,2,4},{7,6,2,9,4,8,3,5,1},{5,9,1,3,7,6,2,4,8},{8,4,3,1,2,5,9,7,6},{9,3,5,7,8,2,0,0,0},{0,0,0,0,0,0,0,0,0},{0,0,0,0,0,0,0,0,0}}
]
00:17:22.421 [main] INFO  sudoku.model.SudokuBoard - Wartość 0 wstawiona nieprawidłowo
00:17:22.421 [main] INFO  sudoku.model.SudokuBoard - Bład w kwadracie 0
sudoku.model.SudokuBoard@161d95c6[
  size=9
  solver=sudoku.model.BacktrackingSudokuSolver@5203c80f
  board={{3,8,9,2,1,4,5,6,7},{2,1,4,5,6,7,8,9,3},{6,5,7,8,3,9,1,2,4},{7,6,2,9,4,8,3,5,1},{5,9,1,3,7,6,2,4,8},{8,4,3,1,2,5,9,7,6},{9,3,5,7,8,2,6,0,0},{0,0,0,0,0,0,0,0,0},{0,0,0,0,0,0,0,0,0}}
]
00:17:22.421 [main] INFO  sudoku.model.SudokuBoard - Wartość 0 wstawiona nieprawidłowo
00:17:22.421 [main] INFO  sudoku.model.SudokuBoard - Bład w kwadracie 0
sudoku.model.SudokuBoard@161d95c6[
  size=9
  solver=sudoku.model.BacktrackingSudokuSolver@5203c80f
  board={{3,8,9,2,1,4,5,6,7},{2,1,4,5,6,7,8,9,3},{6,5,7,8,3,9,1,2,4},{7,6,2,9,4,8,3,5,1},{5,9,1,3,7,6,2,4,8},{8,4,3,1,2,5,9,7,6},{9,3,5,7,8,2,0,0,0},{0,0,0,0,0,0,0,0,0},{0,0,0,0,0,0,0,0,0}}
]
00:17:22.421 [main] INFO  sudoku.model.SudokuBoard - Wartość 0 wstawiona nieprawidłowo
00:17:22.421 [main] INFO  sudoku.model.SudokuBoard - Bład w kwadracie 0
sudoku.model.SudokuBoard@161d95c6[
  size=9
  solver=sudoku.model.BacktrackingSudokuSolver@5203c80f
  board={{3,8,9,2,1,4,5,6,7},{2,1,4,5,6,7,8,9,3},{6,5,7,8,3,9,1,2,4},{7,6,2,9,4,8,3,5,1},{5,9,1,3,7,6,2,4,8},{8,4,3,1,2,5,9,7,6},{9,3,5,7,8,0,0,0,0},{0,0,0,0,0,0,0,0,0},{0,0,0,0,0,0,0,0,0}}
]
00:17:22.421 [main] INFO  sudoku.model.SudokuBoard - Wartość 0 wstawiona nieprawidłowo
00:17:22.422 [main] INFO  sudoku.model.SudokuBoard - Bład w kwadracie 0
sudoku.model.SudokuBoard@161d95c6[
  size=9
  solver=sudoku.model.BacktrackingSudokuSolver@5203c80f
  board={{3,8,9,2,1,4,5,6,7},{2,1,4,5,6,7,8,9,3},{6,5,7,8,3,9,1,2,4},{7,6,2,9,4,8,3,5,1},{5,9,1,3,7,6,2,4,8},{8,4,3,1,2,5,9,7,6},{9,3,5,7,0,0,0,0,0},{0,0,0,0,0,0,0,0,0},{0,0,0,0,0,0,0,0,0}}
]
00:17:22.422 [main] INFO  sudoku.model.SudokuBoard - Wartość 0 wstawiona nieprawidłowo
00:17:22.422 [main] INFO  sudoku.model.SudokuBoard - Bład w kwadracie 0
sudoku.model.SudokuBoard@161d95c6[
  size=9
  solver=sudoku.model.BacktrackingSudokuSolver@5203c80f
  board={{3,8,9,2,1,4,5,6,7},{2,1,4,5,6,7,8,9,3},{6,5,7,8,3,9,1,2,4},{7,6,2,9,4,8,3,5,1},{5,9,1,3,7,6,2,4,8},{8,4,3,1,2,5,9,7,6},{9,3,5,0,0,0,0,0,0},{0,0,0,0,0,0,0,0,0},{0,0,0,0,0,0,0,0,0}}
]
00:17:22.422 [main] INFO  sudoku.model.SudokuBoard - Wartość 0 wstawiona nieprawidłowo
00:17:22.422 [main] INFO  sudoku.model.SudokuBoard - Bład w kwadracie 0
sudoku.model.SudokuBoard@161d95c6[
  size=9
  solver=sudoku.model.BacktrackingSudokuSolver@5203c80f
  board={{3,8,9,2,1,4,5,6,7},{2,1,4,5,6,7,8,9,3},{6,5,7,8,3,9,1,2,4},{7,6,2,9,4,8,3,5,1},{5,9,1,3,7,6,2,4,8},{8,4,3,1,2,5,9,7,6},{9,3,5,4,8,1,0,0,0},{0,0,0,0,0,0,0,0,0},{0,0,0,0,0,0,0,0,0}}
]
00:17:22.422 [main] INFO  sudoku.model.SudokuBoard - Wartość 0 wstawiona nieprawidłowo
00:17:22.422 [main] INFO  sudoku.model.SudokuBoard - Bład w kwadracie 0
sudoku.model.SudokuBoard@161d95c6[
  size=9
  solver=sudoku.model.BacktrackingSudokuSolver@5203c80f
  board={{3,8,9,2,1,4,5,6,7},{2,1,4,5,6,7,8,9,3},{6,5,7,8,3,9,1,2,4},{7,6,2,9,4,8,3,5,1},{5,9,1,3,7,6,2,4,8},{8,4,3,1,2,5,9,7,6},{9,3,5,4,8,1,0,0,0},{0,0,0,0,0,0,0,0,0},{0,0,0,0,0,0,0,0,0}}
]
00:17:22.422 [main] INFO  sudoku.model.SudokuBoard - Wartość 0 wstawiona nieprawidłowo
00:17:22.422 [main] INFO  sudoku.model.SudokuBoard - Bład w kwadracie 0
sudoku.model.SudokuBoard@161d95c6[
  size=9
  solver=sudoku.model.BacktrackingSudokuSolver@5203c80f
  board={{3,8,9,2,1,4,5,6,7},{2,1,4,5,6,7,8,9,3},{6,5,7,8,3,9,1,2,4},{7,6,2,9,4,8,3,5,1},{5,9,1,3,7,6,2,4,8},{8,4,3,1,2,5,9,7,6},{9,3,5,4,8,0,0,0,0},{0,0,0,0,0,0,0,0,0},{0,0,0,0,0,0,0,0,0}}
]
00:17:22.422 [main] INFO  sudoku.model.SudokuBoard - Wartość 0 wstawiona nieprawidłowo
00:17:22.423 [main] INFO  sudoku.model.SudokuBoard - Bład w kwadracie 0
sudoku.model.SudokuBoard@161d95c6[
  size=9
  solver=sudoku.model.BacktrackingSudokuSolver@5203c80f
  board={{3,8,9,2,1,4,5,6,7},{2,1,4,5,6,7,8,9,3},{6,5,7,8,3,9,1,2,4},{7,6,2,9,4,8,3,5,1},{5,9,1,3,7,6,2,4,8},{8,4,3,1,2,5,9,7,6},{9,3,5,4,8,2,6,0,0},{0,0,0,0,0,0,0,0,0},{0,0,0,0,0,0,0,0,0}}
]
00:17:22.423 [main] INFO  sudoku.model.SudokuBoard - Wartość 0 wstawiona nieprawidłowo
00:17:22.423 [main] INFO  sudoku.model.SudokuBoard - Bład w kwadracie 0
sudoku.model.SudokuBoard@161d95c6[
  size=9
  solver=sudoku.model.BacktrackingSudokuSolver@5203c80f
  board={{3,8,9,2,1,4,5,6,7},{2,1,4,5,6,7,8,9,3},{6,5,7,8,3,9,1,2,4},{7,6,2,9,4,8,3,5,1},{5,9,1,3,7,6,2,4,8},{8,4,3,1,2,5,9,7,6},{9,3,5,4,8,2,0,0,0},{0,0,0,0,0,0,0,0,0},{0,0,0,0,0,0,0,0,0}}
]
00:17:22.423 [main] INFO  sudoku.model.SudokuBoard - Wartość 0 wstawiona nieprawidłowo
00:17:22.423 [main] INFO  sudoku.model.SudokuBoard - Bład w kwadracie 0
sudoku.model.SudokuBoard@161d95c6[
  size=9
  solver=sudoku.model.BacktrackingSudokuSolver@5203c80f
  board={{3,8,9,2,1,4,5,6,7},{2,1,4,5,6,7,8,9,3},{6,5,7,8,3,9,1,2,4},{7,6,2,9,4,8,3,5,1},{5,9,1,3,7,6,2,4,8},{8,4,3,1,2,5,9,7,6},{9,3,5,4,8,2,7,0,0},{0,0,0,0,0,0,0,0,0},{0,0,0,0,0,0,0,0,0}}
]
00:17:22.423 [main] INFO  sudoku.model.SudokuBoard - Wartość 0 wstawiona nieprawidłowo
00:17:22.423 [main] INFO  sudoku.model.SudokuBoard - Bład w kwadracie 0
sudoku.model.SudokuBoard@161d95c6[
  size=9
  solver=sudoku.model.BacktrackingSudokuSolver@5203c80f
  board={{3,8,9,2,1,4,5,6,7},{2,1,4,5,6,7,8,9,3},{6,5,7,8,3,9,1,2,4},{7,6,2,9,4,8,3,5,1},{5,9,1,3,7,6,2,4,8},{8,4,3,1,2,5,9,7,6},{9,3,5,4,8,2,0,0,0},{0,0,0,0,0,0,0,0,0},{0,0,0,0,0,0,0,0,0}}
]
00:17:22.423 [main] INFO  sudoku.model.SudokuBoard - Wartość 0 wstawiona nieprawidłowo
00:17:22.423 [main] INFO  sudoku.model.SudokuBoard - Bład w kwadracie 0
sudoku.model.SudokuBoard@161d95c6[
  size=9
  solver=sudoku.model.BacktrackingSudokuSolver@5203c80f
  board={{3,8,9,2,1,4,5,6,7},{2,1,4,5,6,7,8,9,3},{6,5,7,8,3,9,1,2,4},{7,6,2,9,4,8,3,5,1},{5,9,1,3,7,6,2,4,8},{8,4,3,1,2,5,9,7,6},{9,3,5,4,8,0,0,0,0},{0,0,0,0,0,0,0,0,0},{0,0,0,0,0,0,0,0,0}}
]
00:17:22.423 [main] INFO  sudoku.model.SudokuBoard - Wartość 0 wstawiona nieprawidłowo
00:17:22.423 [main] INFO  sudoku.model.SudokuBoard - Bład w kwadracie 0
sudoku.model.SudokuBoard@161d95c6[
  size=9
  solver=sudoku.model.BacktrackingSudokuSolver@5203c80f
  board={{3,8,9,2,1,4,5,6,7},{2,1,4,5,6,7,8,9,3},{6,5,7,8,3,9,1,2,4},{7,6,2,9,4,8,3,5,1},{5,9,1,3,7,6,2,4,8},{8,4,3,1,2,5,9,7,6},{9,3,5,4,0,0,0,0,0},{0,0,0,0,0,0,0,0,0},{0,0,0,0,0,0,0,0,0}}
]
00:17:22.423 [main] INFO  sudoku.model.SudokuBoard - Wartość 0 wstawiona nieprawidłowo
00:17:22.423 [main] INFO  sudoku.model.SudokuBoard - Bład w kwadracie 0
sudoku.model.SudokuBoard@161d95c6[
  size=9
  solver=sudoku.model.BacktrackingSudokuSolver@5203c80f
  board={{3,8,9,2,1,4,5,6,7},{2,1,4,5,6,7,8,9,3},{6,5,7,8,3,9,1,2,4},{7,6,2,9,4,8,3,5,1},{5,9,1,3,7,6,2,4,8},{8,4,3,1,2,5,9,7,6},{9,3,5,0,0,0,0,0,0},{0,0,0,0,0,0,0,0,0},{0,0,0,0,0,0,0,0,0}}
]
00:17:22.423 [main] INFO  sudoku.model.SudokuBoard - Wartość 0 wstawiona nieprawidłowo
00:17:22.424 [main] INFO  sudoku.model.SudokuBoard - Bład w kwadracie 0
sudoku.model.SudokuBoard@161d95c6[
  size=9
  solver=sudoku.model.BacktrackingSudokuSolver@5203c80f
  board={{3,8,9,2,1,4,5,6,7},{2,1,4,5,6,7,8,9,3},{6,5,7,8,3,9,1,2,4},{7,6,2,9,4,8,3,5,1},{5,9,1,3,7,6,2,4,8},{8,4,3,1,2,5,9,7,6},{9,3,0,0,0,0,0,0,0},{0,0,0,0,0,0,0,0,0},{0,0,0,0,0,0,0,0,0}}
]
00:17:22.424 [main] INFO  sudoku.model.SudokuBoard - Wartość 0 wstawiona nieprawidłowo
00:17:22.424 [main] INFO  sudoku.model.SudokuBoard - Bład w kwadracie 0
sudoku.model.SudokuBoard@161d95c6[
  size=9
  solver=sudoku.model.BacktrackingSudokuSolver@5203c80f
  board={{3,8,9,2,1,4,5,6,7},{2,1,4,5,6,7,8,9,3},{6,5,7,8,3,9,1,2,4},{7,6,2,9,4,8,3,5,1},{5,9,1,3,7,6,2,4,8},{8,4,3,1,2,5,9,7,6},{9,3,6,4,5,1,7,8,2},{4,2,5,6,8,0,0,0,0},{0,0,0,0,0,0,0,0,0}}
]
00:17:22.424 [main] INFO  sudoku.model.SudokuBoard - Wartość 0 wstawiona nieprawidłowo
00:17:22.424 [main] INFO  sudoku.model.SudokuBoard - Bład w kwadracie 0
sudoku.model.SudokuBoard@161d95c6[
  size=9
  solver=sudoku.model.BacktrackingSudokuSolver@5203c80f
  board={{3,8,9,2,1,4,5,6,7},{2,1,4,5,6,7,8,9,3},{6,5,7,8,3,9,1,2,4},{7,6,2,9,4,8,3,5,1},{5,9,1,3,7,6,2,4,8},{8,4,3,1,2,5,9,7,6},{9,3,6,4,5,1,7,8,2},{4,2,5,6,0,0,0,0,0},{0,0,0,0,0,0,0,0,0}}
]
00:17:22.424 [main] INFO  sudoku.model.SudokuBoard - Wartość 0 wstawiona nieprawidłowo
00:17:22.424 [main] INFO  sudoku.model.SudokuBoard - Bład w kwadracie 0
sudoku.model.SudokuBoard@161d95c6[
  size=9
  solver=sudoku.model.BacktrackingSudokuSolver@5203c80f
  board={{3,8,9,2,1,4,5,6,7},{2,1,4,5,6,7,8,9,3},{6,5,7,8,3,9,1,2,4},{7,6,2,9,4,8,3,5,1},{5,9,1,3,7,6,2,4,8},{8,4,3,1,2,5,9,7,6},{9,3,6,4,5,1,7,8,2},{4,2,5,6,9,0,0,0,0},{0,0,0,0,0,0,0,0,0}}
]
00:17:22.424 [main] INFO  sudoku.model.SudokuBoard - Wartość 0 wstawiona nieprawidłowo
00:17:22.424 [main] INFO  sudoku.model.SudokuBoard - Bład w kwadracie 0
sudoku.model.SudokuBoard@161d95c6[
  size=9
  solver=sudoku.model.BacktrackingSudokuSolver@5203c80f
  board={{3,8,9,2,1,4,5,6,7},{2,1,4,5,6,7,8,9,3},{6,5,7,8,3,9,1,2,4},{7,6,2,9,4,8,3,5,1},{5,9,1,3,7,6,2,4,8},{8,4,3,1,2,5,9,7,6},{9,3,6,4,5,1,7,8,2},{4,2,5,6,0,0,0,0,0},{0,0,0,0,0,0,0,0,0}}
]
00:17:22.424 [main] INFO  sudoku.model.SudokuBoard - Wartość 0 wstawiona nieprawidłowo
00:17:22.424 [main] INFO  sudoku.model.SudokuBoard - Bład w kwadracie 0
sudoku.model.SudokuBoard@161d95c6[
  size=9
  solver=sudoku.model.BacktrackingSudokuSolver@5203c80f
  board={{3,8,9,2,1,4,5,6,7},{2,1,4,5,6,7,8,9,3},{6,5,7,8,3,9,1,2,4},{7,6,2,9,4,8,3,5,1},{5,9,1,3,7,6,2,4,8},{8,4,3,1,2,5,9,7,6},{9,3,6,4,5,1,7,8,2},{4,2,5,0,0,0,0,0,0},{0,0,0,0,0,0,0,0,0}}
]
00:17:22.424 [main] INFO  sudoku.model.SudokuBoard - Wartość 0 wstawiona nieprawidłowo
]]></system-out>
  </testcase>
  <testcase name="testEqualsSame" classname="sudoku.model.SeriesTest" time="0.015">
    <system-out><![CDATA[00:17:22.426 [main] INFO  sudoku.model.SudokuBoard - Bład w kwadracie 0
sudoku.model.SudokuBoard@3a0896b3[
  size=9
  solver=sudoku.model.BacktrackingSudokuSolver@50a7c72b
  board={{2,1,9,3,4,5,6,7,8},{3,4,8,6,7,9,2,5,1},{5,6,7,8,1,2,4,9,3},{9,5,1,2,6,4,7,0,0},{0,0,0,0,0,0,0,0,0},{0,0,0,0,0,0,0,0,0},{0,0,0,0,0,0,0,0,0},{0,0,0,0,0,0,0,0,0},{0,0,0,0,0,0,0,0,0}}
]
00:17:22.426 [main] INFO  sudoku.model.SudokuBoard - Wartość 0 wstawiona nieprawidłowo
00:17:22.426 [main] INFO  sudoku.model.SudokuBoard - Bład w kwadracie 0
sudoku.model.SudokuBoard@3a0896b3[
  size=9
  solver=sudoku.model.BacktrackingSudokuSolver@50a7c72b
  board={{2,1,9,3,4,5,6,7,8},{3,4,8,6,7,9,2,5,1},{5,6,7,8,1,2,4,9,3},{9,5,1,2,6,4,7,0,0},{0,0,0,0,0,0,0,0,0},{0,0,0,0,0,0,0,0,0},{0,0,0,0,0,0,0,0,0},{0,0,0,0,0,0,0,0,0},{0,0,0,0,0,0,0,0,0}}
]
00:17:22.426 [main] INFO  sudoku.model.SudokuBoard - Wartość 0 wstawiona nieprawidłowo
00:17:22.426 [main] INFO  sudoku.model.SudokuBoard - Bład w kwadracie 0
sudoku.model.SudokuBoard@3a0896b3[
  size=9
  solver=sudoku.model.BacktrackingSudokuSolver@50a7c72b
  board={{2,1,9,3,4,5,6,7,8},{3,4,8,6,7,9,2,5,1},{5,6,7,8,1,2,4,9,3},{9,5,1,2,6,4,0,0,0},{0,0,0,0,0,0,0,0,0},{0,0,0,0,0,0,0,0,0},{0,0,0,0,0,0,0,0,0},{0,0,0,0,0,0,0,0,0},{0,0,0,0,0,0,0,0,0}}
]
00:17:22.426 [main] INFO  sudoku.model.SudokuBoard - Wartość 0 wstawiona nieprawidłowo
00:17:22.426 [main] INFO  sudoku.model.SudokuBoard - Bład w kwadracie 0
sudoku.model.SudokuBoard@3a0896b3[
  size=9
  solver=sudoku.model.BacktrackingSudokuSolver@50a7c72b
  board={{2,1,9,3,4,5,6,7,8},{3,4,8,6,7,9,2,5,1},{5,6,7,8,1,2,4,9,3},{9,5,1,2,6,4,8,3,7},{4,2,3,9,8,7,5,1,6},{6,0,0,0,0,0,0,0,0},{0,0,0,0,0,0,0,0,0},{0,0,0,0,0,0,0,0,0},{0,0,0,0,0,0,0,0,0}}
]
00:17:22.426 [main] INFO  sudoku.model.SudokuBoard - Wartość 0 wstawiona nieprawidłowo
00:17:22.427 [main] INFO  sudoku.model.SudokuBoard - Bład w kwadracie 0
sudoku.model.SudokuBoard@3a0896b3[
  size=9
  solver=sudoku.model.BacktrackingSudokuSolver@50a7c72b
  board={{2,1,9,3,4,5,6,7,8},{3,4,8,6,7,9,2,5,1},{5,6,7,8,1,2,4,9,3},{9,5,1,2,6,4,8,3,7},{4,2,3,9,8,7,5,1,6},{6,0,0,0,0,0,0,0,0},{0,0,0,0,0,0,0,0,0},{0,0,0,0,0,0,0,0,0},{0,0,0,0,0,0,0,0,0}}
]
00:17:22.427 [main] INFO  sudoku.model.SudokuBoard - Wartość 0 wstawiona nieprawidłowo
00:17:22.427 [main] INFO  sudoku.model.SudokuBoard - Bład w kwadracie 0
sudoku.model.SudokuBoard@3a0896b3[
  size=9
  solver=sudoku.model.BacktrackingSudokuSolver@50a7c72b
  board={{2,1,9,3,4,5,6,7,8},{3,4,8,6,7,9,2,5,1},{5,6,7,8,1,2,4,9,3},{9,5,1,2,6,4,8,3,7},{4,2,3,9,8,7,5,1,6},{0,0,0,0,0,0,0,0,0},{0,0,0,0,0,0,0,0,0},{0,0,0,0,0,0,0,0,0},{0,0,0,0,0,0,0,0,0}}
]
00:17:22.427 [main] INFO  sudoku.model.SudokuBoard - Wartość 0 wstawiona nieprawidłowo
00:17:22.427 [main] INFO  sudoku.model.SudokuBoard - Bład w kwadracie 0
sudoku.model.SudokuBoard@3a0896b3[
  size=9
  solver=sudoku.model.BacktrackingSudokuSolver@50a7c72b
  board={{2,1,9,3,4,5,6,7,8},{3,4,8,6,7,9,2,5,1},{5,6,7,8,1,2,4,9,3},{9,5,1,2,6,4,8,3,7},{4,2,3,9,8,7,5,1,6},{7,8,6,1,0,0,0,0,0},{0,0,0,0,0,0,0,0,0},{0,0,0,0,0,0,0,0,0},{0,0,0,0,0,0,0,0,0}}
]
00:17:22.427 [main] INFO  sudoku.model.SudokuBoard - Wartość 0 wstawiona nieprawidłowo
00:17:22.427 [main] INFO  sudoku.model.SudokuBoard - Bład w kwadracie 0
sudoku.model.SudokuBoard@3a0896b3[
  size=9
  solver=sudoku.model.BacktrackingSudokuSolver@50a7c72b
  board={{2,1,9,3,4,5,6,7,8},{3,4,8,6,7,9,2,5,1},{5,6,7,8,1,2,4,9,3},{9,5,1,2,6,4,8,3,7},{4,2,3,9,8,7,5,1,6},{7,8,6,1,5,3,9,2,4},{6,7,2,4,3,0,0,0,0},{0,0,0,0,0,0,0,0,0},{0,0,0,0,0,0,0,0,0}}
]
00:17:22.427 [main] INFO  sudoku.model.SudokuBoard - Wartość 0 wstawiona nieprawidłowo
00:17:22.427 [main] INFO  sudoku.model.SudokuBoard - Bład w kwadracie 0
sudoku.model.SudokuBoard@3a0896b3[
  size=9
  solver=sudoku.model.BacktrackingSudokuSolver@50a7c72b
  board={{2,1,9,3,4,5,6,7,8},{3,4,8,6,7,9,2,5,1},{5,6,7,8,1,2,4,9,3},{9,5,1,2,6,4,8,3,7},{4,2,3,9,8,7,5,1,6},{7,8,6,1,5,3,9,2,4},{6,7,2,4,3,8,0,0,0},{0,0,0,0,0,0,0,0,0},{0,0,0,0,0,0,0,0,0}}
]
00:17:22.427 [main] INFO  sudoku.model.SudokuBoard - Wartość 0 wstawiona nieprawidłowo
00:17:22.428 [main] INFO  sudoku.model.SudokuBoard - Bład w kwadracie 0
sudoku.model.SudokuBoard@3a0896b3[
  size=9
  solver=sudoku.model.BacktrackingSudokuSolver@50a7c72b
  board={{2,1,9,3,4,5,6,7,8},{3,4,8,6,7,9,2,5,1},{5,6,7,8,1,2,4,9,3},{9,5,1,2,6,4,8,3,7},{4,2,3,9,8,7,5,1,6},{7,8,6,1,5,3,9,2,4},{6,7,2,4,3,0,0,0,0},{0,0,0,0,0,0,0,0,0},{0,0,0,0,0,0,0,0,0}}
]
00:17:22.428 [main] INFO  sudoku.model.SudokuBoard - Wartość 0 wstawiona nieprawidłowo
00:17:22.428 [main] INFO  sudoku.model.SudokuBoard - Bład w kwadracie 0
sudoku.model.SudokuBoard@3a0896b3[
  size=9
  solver=sudoku.model.BacktrackingSudokuSolver@50a7c72b
  board={{2,1,9,3,4,5,6,7,8},{3,4,8,6,7,9,2,5,1},{5,6,7,8,1,2,4,9,3},{9,5,1,2,6,4,8,3,7},{4,2,3,9,8,7,5,1,6},{7,8,6,1,5,3,9,2,4},{6,7,2,4,0,0,0,0,0},{0,0,0,0,0,0,0,0,0},{0,0,0,0,0,0,0,0,0}}
]
00:17:22.428 [main] INFO  sudoku.model.SudokuBoard - Wartość 0 wstawiona nieprawidłowo
00:17:22.428 [main] INFO  sudoku.model.SudokuBoard - Bład w kwadracie 0
sudoku.model.SudokuBoard@3a0896b3[
  size=9
  solver=sudoku.model.BacktrackingSudokuSolver@50a7c72b
  board={{2,1,9,3,4,5,6,7,8},{3,4,8,6,7,9,2,5,1},{5,6,7,8,1,2,4,9,3},{9,5,1,2,6,4,8,3,7},{4,2,3,9,8,7,5,1,6},{7,8,6,1,5,3,9,2,4},{6,7,2,4,9,8,0,0,0},{0,0,0,0,0,0,0,0,0},{0,0,0,0,0,0,0,0,0}}
]
00:17:22.428 [main] INFO  sudoku.model.SudokuBoard - Wartość 0 wstawiona nieprawidłowo
00:17:22.428 [main] INFO  sudoku.model.SudokuBoard - Bład w kwadracie 0
sudoku.model.SudokuBoard@3a0896b3[
  size=9
  solver=sudoku.model.BacktrackingSudokuSolver@50a7c72b
  board={{2,1,9,3,4,5,6,7,8},{3,4,8,6,7,9,2,5,1},{5,6,7,8,1,2,4,9,3},{9,5,1,2,6,4,8,3,7},{4,2,3,9,8,7,5,1,6},{7,8,6,1,5,3,9,2,4},{6,7,2,4,9,8,0,0,0},{0,0,0,0,0,0,0,0,0},{0,0,0,0,0,0,0,0,0}}
]
00:17:22.429 [main] INFO  sudoku.model.SudokuBoard - Wartość 0 wstawiona nieprawidłowo
00:17:22.429 [main] INFO  sudoku.model.SudokuBoard - Bład w kwadracie 0
sudoku.model.SudokuBoard@3a0896b3[
  size=9
  solver=sudoku.model.BacktrackingSudokuSolver@50a7c72b
  board={{2,1,9,3,4,5,6,7,8},{3,4,8,6,7,9,2,5,1},{5,6,7,8,1,2,4,9,3},{9,5,1,2,6,4,8,3,7},{4,2,3,9,8,7,5,1,6},{7,8,6,1,5,3,9,2,4},{6,7,2,4,9,0,0,0,0},{0,0,0,0,0,0,0,0,0},{0,0,0,0,0,0,0,0,0}}
]
00:17:22.429 [main] INFO  sudoku.model.SudokuBoard - Wartość 0 wstawiona nieprawidłowo
00:17:22.429 [main] INFO  sudoku.model.SudokuBoard - Bład w kwadracie 0
sudoku.model.SudokuBoard@3a0896b3[
  size=9
  solver=sudoku.model.BacktrackingSudokuSolver@50a7c72b
  board={{2,1,9,3,4,5,6,7,8},{3,4,8,6,7,9,2,5,1},{5,6,7,8,1,2,4,9,3},{9,5,1,2,6,4,8,3,7},{4,2,3,9,8,7,5,1,6},{7,8,6,1,5,3,9,2,4},{6,7,2,4,9,1,3,8,5},{8,9,4,5,2,6,0,0,0},{0,0,0,0,0,0,0,0,0}}
]
00:17:22.429 [main] INFO  sudoku.model.SudokuBoard - Wartość 0 wstawiona nieprawidłowo
00:17:22.429 [main] INFO  sudoku.model.SudokuBoard - Bład w kwadracie 0
sudoku.model.SudokuBoard@3a0896b3[
  size=9
  solver=sudoku.model.BacktrackingSudokuSolver@50a7c72b
  board={{2,1,9,3,4,5,6,7,8},{3,4,8,6,7,9,2,5,1},{5,6,7,8,1,2,4,9,3},{9,5,1,2,6,4,8,3,7},{4,2,3,9,8,7,5,1,6},{7,8,6,1,5,3,9,2,4},{6,7,2,4,9,1,3,8,5},{8,9,4,5,2,6,0,0,0},{0,0,0,0,0,0,0,0,0}}
]
00:17:22.429 [main] INFO  sudoku.model.SudokuBoard - Wartość 0 wstawiona nieprawidłowo
00:17:22.430 [main] INFO  sudoku.model.SudokuBoard - Bład w kwadracie 0
sudoku.model.SudokuBoard@3a0896b3[
  size=9
  solver=sudoku.model.BacktrackingSudokuSolver@50a7c72b
  board={{2,1,9,3,4,5,6,7,8},{3,4,8,6,7,9,2,5,1},{5,6,7,8,1,2,4,9,3},{9,5,1,2,6,4,8,3,7},{4,2,3,9,8,7,5,1,6},{7,8,6,1,5,3,9,2,4},{6,7,2,4,9,1,3,8,5},{8,9,4,5,2,0,0,0,0},{0,0,0,0,0,0,0,0,0}}
]
00:17:22.430 [main] INFO  sudoku.model.SudokuBoard - Wartość 0 wstawiona nieprawidłowo
00:17:22.430 [main] INFO  sudoku.model.SudokuBoard - Bład w kwadracie 0
sudoku.model.SudokuBoard@3a0896b3[
  size=9
  solver=sudoku.model.BacktrackingSudokuSolver@50a7c72b
  board={{2,1,9,3,4,5,6,7,8},{3,4,8,6,7,9,2,5,1},{5,6,7,8,1,2,4,9,3},{9,5,1,2,6,4,8,3,7},{4,2,3,9,8,7,5,1,6},{7,8,6,1,5,3,9,2,4},{6,7,2,4,9,1,3,8,5},{8,9,4,5,0,0,0,0,0},{0,0,0,0,0,0,0,0,0}}
]
00:17:22.430 [main] INFO  sudoku.model.SudokuBoard - Wartość 0 wstawiona nieprawidłowo
00:17:22.430 [main] INFO  sudoku.model.SudokuBoard - Bład w kwadracie 0
sudoku.model.SudokuBoard@3a0896b3[
  size=9
  solver=sudoku.model.BacktrackingSudokuSolver@50a7c72b
  board={{2,1,9,3,4,5,6,7,8},{3,4,8,6,7,9,2,5,1},{5,6,7,8,1,2,4,9,3},{9,5,1,2,6,4,8,3,7},{4,2,3,9,8,7,5,1,6},{7,8,6,1,5,3,9,2,4},{6,7,2,4,9,1,3,8,5},{8,9,4,5,3,6,0,0,0},{0,0,0,0,0,0,0,0,0}}
]
00:17:22.430 [main] INFO  sudoku.model.SudokuBoard - Wartość 0 wstawiona nieprawidłowo
00:17:22.430 [main] INFO  sudoku.model.SudokuBoard - Bład w kwadracie 0
sudoku.model.SudokuBoard@3a0896b3[
  size=9
  solver=sudoku.model.BacktrackingSudokuSolver@50a7c72b
  board={{2,1,9,3,4,5,6,7,8},{3,4,8,6,7,9,2,5,1},{5,6,7,8,1,2,4,9,3},{9,5,1,2,6,4,8,3,7},{4,2,3,9,8,7,5,1,6},{7,8,6,1,5,3,9,2,4},{6,7,2,4,9,1,3,8,5},{8,9,4,5,3,6,0,0,0},{0,0,0,0,0,0,0,0,0}}
]
00:17:22.430 [main] INFO  sudoku.model.SudokuBoard - Wartość 0 wstawiona nieprawidłowo
00:17:22.430 [main] INFO  sudoku.model.SudokuBoard - Bład w kwadracie 0
sudoku.model.SudokuBoard@3a0896b3[
  size=9
  solver=sudoku.model.BacktrackingSudokuSolver@50a7c72b
  board={{2,1,9,3,4,5,6,7,8},{3,4,8,6,7,9,2,5,1},{5,6,7,8,1,2,4,9,3},{9,5,1,2,6,4,8,3,7},{4,2,3,9,8,7,5,1,6},{7,8,6,1,5,3,9,2,4},{6,7,2,4,9,1,3,8,5},{8,9,4,5,3,0,0,0,0},{0,0,0,0,0,0,0,0,0}}
]
00:17:22.430 [main] INFO  sudoku.model.SudokuBoard - Wartość 0 wstawiona nieprawidłowo
00:17:22.430 [main] INFO  sudoku.model.SudokuBoard - Bład w kwadracie 0
sudoku.model.SudokuBoard@3a0896b3[
  size=9
  solver=sudoku.model.BacktrackingSudokuSolver@50a7c72b
  board={{2,1,9,3,4,5,6,7,8},{3,4,8,6,7,9,2,5,1},{5,6,7,8,1,2,4,9,3},{9,5,1,2,6,4,8,3,7},{4,2,3,9,8,7,5,1,6},{7,8,6,1,5,3,9,2,4},{6,7,2,4,9,1,3,8,5},{8,9,4,5,0,0,0,0,0},{0,0,0,0,0,0,0,0,0}}
]
00:17:22.430 [main] INFO  sudoku.model.SudokuBoard - Wartość 0 wstawiona nieprawidłowo
00:17:22.430 [main] INFO  sudoku.model.SudokuBoard - Bład w kwadracie 0
sudoku.model.SudokuBoard@3a0896b3[
  size=9
  solver=sudoku.model.BacktrackingSudokuSolver@50a7c72b
  board={{2,1,9,3,4,5,6,7,8},{3,4,8,6,7,9,2,5,1},{5,6,7,8,1,2,4,9,3},{9,5,1,2,6,4,8,3,7},{4,2,3,9,8,7,5,1,6},{7,8,6,1,5,3,9,2,4},{6,7,2,4,9,1,3,8,5},{8,9,4,0,0,0,0,0,0},{0,0,0,0,0,0,0,0,0}}
]
00:17:22.431 [main] INFO  sudoku.model.SudokuBoard - Wartość 0 wstawiona nieprawidłowo
00:17:22.431 [main] INFO  sudoku.model.SudokuBoard - Bład w kwadracie 0
sudoku.model.SudokuBoard@3a0896b3[
  size=9
  solver=sudoku.model.BacktrackingSudokuSolver@50a7c72b
  board={{2,1,9,3,4,5,6,7,8},{3,4,8,6,7,9,2,5,1},{5,6,7,8,1,2,4,9,3},{9,5,1,2,6,4,8,3,7},{4,2,3,9,8,7,5,1,6},{7,8,6,1,5,3,9,2,4},{6,7,2,4,9,1,3,8,5},{8,9,4,7,2,6,0,0,0},{0,0,0,0,0,0,0,0,0}}
]
00:17:22.431 [main] INFO  sudoku.model.SudokuBoard - Wartość 0 wstawiona nieprawidłowo
00:17:22.431 [main] INFO  sudoku.model.SudokuBoard - Bład w kwadracie 0
sudoku.model.SudokuBoard@3a0896b3[
  size=9
  solver=sudoku.model.BacktrackingSudokuSolver@50a7c72b
  board={{2,1,9,3,4,5,6,7,8},{3,4,8,6,7,9,2,5,1},{5,6,7,8,1,2,4,9,3},{9,5,1,2,6,4,8,3,7},{4,2,3,9,8,7,5,1,6},{7,8,6,1,5,3,9,2,4},{6,7,2,4,9,1,3,8,5},{8,9,4,7,2,0,0,0,0},{0,0,0,0,0,0,0,0,0}}
]
00:17:22.431 [main] INFO  sudoku.model.SudokuBoard - Wartość 0 wstawiona nieprawidłowo
00:17:22.431 [main] INFO  sudoku.model.SudokuBoard - Bład w kwadracie 0
sudoku.model.SudokuBoard@3a0896b3[
  size=9
  solver=sudoku.model.BacktrackingSudokuSolver@50a7c72b
  board={{2,1,9,3,4,5,6,7,8},{3,4,8,6,7,9,2,5,1},{5,6,7,8,1,2,4,9,3},{9,5,1,2,6,4,8,3,7},{4,2,3,9,8,7,5,1,6},{7,8,6,1,5,3,9,2,4},{6,7,2,4,9,1,3,8,5},{8,9,4,7,0,0,0,0,0},{0,0,0,0,0,0,0,0,0}}
]
00:17:22.431 [main] INFO  sudoku.model.SudokuBoard - Wartość 0 wstawiona nieprawidłowo
00:17:22.431 [main] INFO  sudoku.model.SudokuBoard - Bład w kwadracie 0
sudoku.model.SudokuBoard@3a0896b3[
  size=9
  solver=sudoku.model.BacktrackingSudokuSolver@50a7c72b
  board={{2,1,9,3,4,5,6,7,8},{3,4,8,6,7,9,2,5,1},{5,6,7,8,1,2,4,9,3},{9,5,1,2,6,4,8,3,7},{4,2,3,9,8,7,5,1,6},{7,8,6,1,5,3,9,2,4},{6,7,2,4,9,1,3,8,5},{8,9,4,7,3,6,0,0,0},{0,0,0,0,0,0,0,0,0}}
]
00:17:22.431 [main] INFO  sudoku.model.SudokuBoard - Wartość 0 wstawiona nieprawidłowo
00:17:22.432 [main] INFO  sudoku.model.SudokuBoard - Bład w kwadracie 0
sudoku.model.SudokuBoard@3a0896b3[
  size=9
  solver=sudoku.model.BacktrackingSudokuSolver@50a7c72b
  board={{2,1,9,3,4,5,6,7,8},{3,4,8,6,7,9,2,5,1},{5,6,7,8,1,2,4,9,3},{9,5,1,2,6,4,8,3,7},{4,2,3,9,8,7,5,1,6},{7,8,6,1,5,3,9,2,4},{6,7,2,4,9,1,3,8,5},{8,9,4,7,3,0,0,0,0},{0,0,0,0,0,0,0,0,0}}
]
00:17:22.432 [main] INFO  sudoku.model.SudokuBoard - Wartość 0 wstawiona nieprawidłowo
00:17:22.432 [main] INFO  sudoku.model.SudokuBoard - Bład w kwadracie 0
sudoku.model.SudokuBoard@3a0896b3[
  size=9
  solver=sudoku.model.BacktrackingSudokuSolver@50a7c72b
  board={{2,1,9,3,4,5,6,7,8},{3,4,8,6,7,9,2,5,1},{5,6,7,8,1,2,4,9,3},{9,5,1,2,6,4,8,3,7},{4,2,3,9,8,7,5,1,6},{7,8,6,1,5,3,9,2,4},{6,7,2,4,9,1,3,8,5},{8,9,4,7,0,0,0,0,0},{0,0,0,0,0,0,0,0,0}}
]
00:17:22.432 [main] INFO  sudoku.model.SudokuBoard - Wartość 0 wstawiona nieprawidłowo
00:17:22.432 [main] INFO  sudoku.model.SudokuBoard - Bład w kwadracie 0
sudoku.model.SudokuBoard@3a0896b3[
  size=9
  solver=sudoku.model.BacktrackingSudokuSolver@50a7c72b
  board={{2,1,9,3,4,5,6,7,8},{3,4,8,6,7,9,2,5,1},{5,6,7,8,1,2,4,9,3},{9,5,1,2,6,4,8,3,7},{4,2,3,9,8,7,5,1,6},{7,8,6,1,5,3,9,2,4},{6,7,2,4,9,1,3,8,5},{8,9,4,0,0,0,0,0,0},{0,0,0,0,0,0,0,0,0}}
]
00:17:22.432 [main] INFO  sudoku.model.SudokuBoard - Wartość 0 wstawiona nieprawidłowo
00:17:22.434 [main] INFO  sudoku.model.SudokuBoard - Bład w kwadracie 0
sudoku.model.SudokuBoard@3a0896b3[
  size=9
  solver=sudoku.model.BacktrackingSudokuSolver@50a7c72b
  board={{2,1,9,3,4,5,6,7,8},{3,4,8,6,7,9,2,5,1},{5,6,7,8,1,2,4,9,3},{9,5,1,2,6,4,8,3,7},{4,2,3,9,8,7,5,1,6},{7,8,6,1,5,3,9,2,4},{6,7,2,4,9,1,3,8,5},{8,9,0,0,0,0,0,0,0},{0,0,0,0,0,0,0,0,0}}
]
00:17:22.437 [main] INFO  sudoku.model.SudokuBoard - Wartość 0 wstawiona nieprawidłowo
00:17:22.439 [main] INFO  sudoku.model.SudokuBoard - Bład w kwadracie 0
sudoku.model.SudokuBoard@3a0896b3[
  size=9
  solver=sudoku.model.BacktrackingSudokuSolver@50a7c72b
  board={{2,1,9,3,4,5,6,7,8},{3,4,8,6,7,9,2,5,1},{5,6,7,8,1,2,4,9,3},{9,5,1,2,6,4,8,3,7},{4,2,3,9,8,7,5,1,6},{7,8,6,1,5,3,9,2,4},{6,7,2,4,9,1,3,8,5},{8,9,5,7,2,6,1,0,0},{0,0,0,0,0,0,0,0,0}}
]
00:17:22.439 [main] INFO  sudoku.model.SudokuBoard - Wartość 0 wstawiona nieprawidłowo
00:17:22.439 [main] INFO  sudoku.model.SudokuBoard - Bład w kwadracie 0
sudoku.model.SudokuBoard@3a0896b3[
  size=9
  solver=sudoku.model.BacktrackingSudokuSolver@50a7c72b
  board={{2,1,9,3,4,5,6,7,8},{3,4,8,6,7,9,2,5,1},{5,6,7,8,1,2,4,9,3},{9,5,1,2,6,4,8,3,7},{4,2,3,9,8,7,5,1,6},{7,8,6,1,5,3,9,2,4},{6,7,2,4,9,1,3,8,5},{8,9,5,7,2,6,0,0,0},{0,0,0,0,0,0,0,0,0}}
]
00:17:22.439 [main] INFO  sudoku.model.SudokuBoard - Wartość 0 wstawiona nieprawidłowo
00:17:22.439 [main] INFO  sudoku.model.SudokuBoard - Bład w kwadracie 0
sudoku.model.SudokuBoard@3a0896b3[
  size=9
  solver=sudoku.model.BacktrackingSudokuSolver@50a7c72b
  board={{2,1,9,3,4,5,6,7,8},{3,4,8,6,7,9,2,5,1},{5,6,7,8,1,2,4,9,3},{9,5,1,2,6,4,8,3,7},{4,2,3,9,8,7,5,1,6},{7,8,6,1,5,3,9,2,4},{6,7,2,4,9,1,3,8,5},{8,9,5,7,2,0,0,0,0},{0,0,0,0,0,0,0,0,0}}
]
00:17:22.439 [main] INFO  sudoku.model.SudokuBoard - Wartość 0 wstawiona nieprawidłowo
00:17:22.439 [main] INFO  sudoku.model.SudokuBoard - Bład w kwadracie 0
sudoku.model.SudokuBoard@3a0896b3[
  size=9
  solver=sudoku.model.BacktrackingSudokuSolver@50a7c72b
  board={{2,1,9,3,4,5,6,7,8},{3,4,8,6,7,9,2,5,1},{5,6,7,8,1,2,4,9,3},{9,5,1,2,6,4,8,3,7},{4,2,3,9,8,7,5,1,6},{7,8,6,1,5,3,9,2,4},{6,7,2,4,9,1,3,8,5},{8,9,5,7,0,0,0,0,0},{0,0,0,0,0,0,0,0,0}}
]
00:17:22.439 [main] INFO  sudoku.model.SudokuBoard - Wartość 0 wstawiona nieprawidłowo
]]></system-out>
  </testcase>
</testsuite>