<?xml version="1.0" encoding="UTF-8"?>
<testsuite xmlns:xsi="http://www.w3.org/2001/XMLSchema-instance" xsi:noNamespaceSchemaLocation="https://maven.apache.org/surefire/maven-surefire-plugin/xsd/surefire-test-report-3.0.xsd" version="3.0" name="sudoku.model.FileSudokuBoardDaoTest" time="0.727" tests="2" errors="0" skipped="0" failures="0">
  <properties>
    <property name="java.specification.version" value="14"/>
    <property name="sun.cpu.isalist" value="amd64"/>
    <property name="sun.jnu.encoding" value="Cp1250"/>
    <property name="java.class.path" value="E:\studia\Sem-3\Programowanie komponentowe (07 72 3060 19)_pliki\ProjektKompo\an_pn_1145_03\Model\target\test-classes;C:\Users\maldo\.m2\repository\org\junit\jupiter\junit-jupiter-engine\5.6.2\junit-jupiter-engine-5.6.2.jar;C:\Users\maldo\.m2\repository\org\apiguardian\apiguardian-api\1.1.0\apiguardian-api-1.1.0.jar;C:\Users\maldo\.m2\repository\org\junit\platform\junit-platform-engine\1.6.2\junit-platform-engine-1.6.2.jar;C:\Users\maldo\.m2\repository\org\opentest4j\opentest4j\1.2.0\opentest4j-1.2.0.jar;C:\Users\maldo\.m2\repository\org\junit\platform\junit-platform-commons\1.6.2\junit-platform-commons-1.6.2.jar;C:\Users\maldo\.m2\repository\org\junit\jupiter\junit-jupiter-api\5.6.2\junit-jupiter-api-5.6.2.jar;C:\Users\maldo\.m2\repository\org\apache\logging\log4j\log4j-api\2.7\log4j-api-2.7.jar;C:\Users\maldo\.m2\repository\org\apache\logging\log4j\log4j-core\2.7\log4j-core-2.7.jar;C:\Users\maldo\.m2\repository\org\apache\logging\log4j\log4j-slf4j-impl\2.7\log4j-slf4j-impl-2.7.jar;C:\Users\maldo\.m2\repository\org\openjfx\javafx-controls\13\javafx-controls-13.jar;C:\Users\maldo\.m2\repository\org\openjfx\javafx-controls\13\javafx-controls-13-win.jar;C:\Users\maldo\.m2\repository\org\openjfx\javafx-graphics\13\javafx-graphics-13.jar;C:\Users\maldo\.m2\repository\org\openjfx\javafx-graphics\13\javafx-graphics-13-win.jar;C:\Users\maldo\.m2\repository\org\openjfx\javafx-base\13\javafx-base-13.jar;C:\Users\maldo\.m2\repository\org\openjfx\javafx-fxml\13\javafx-fxml-13.jar;C:\Users\maldo\.m2\repository\org\openjfx\javafx-fxml\13\javafx-fxml-13-win.jar;"/>
    <property name="java.vm.vendor" value="Oracle Corporation"/>
    <property name="sun.arch.data.model" value="64"/>
    <property name="user.variant" value=""/>
    <property name="java.vendor.url" value="https://java.oracle.com/"/>
    <property name="user.timezone" value="Europe/Warsaw"/>
    <property name="os.name" value="Windows 10"/>
    <property name="java.vm.specification.version" value="14"/>
    <property name="sun.java.launcher" value="SUN_STANDARD"/>
    <property name="user.country" value="PL"/>
    <property name="sun.boot.library.path" value="C:\Program Files\Java\jdk-14.0.2\bin"/>
    <property name="sun.java.command" value="org.apache.maven.surefire.booter.ForkedBooter C:\Users\maldo\AppData\Local\Temp\surefire3192260619021255246 2021-01-22T11-44-17_810-jvmRun1 surefire2419015856789288737tmp surefire_010788176191117048568tmp"/>
    <property name="jdk.debug" value="release"/>
    <property name="surefire.test.class.path" value="E:\studia\Sem-3\Programowanie komponentowe (07 72 3060 19)_pliki\ProjektKompo\an_pn_1145_03\Model\target\test-classes;C:\Users\maldo\.m2\repository\org\junit\jupiter\junit-jupiter-engine\5.6.2\junit-jupiter-engine-5.6.2.jar;C:\Users\maldo\.m2\repository\org\apiguardian\apiguardian-api\1.1.0\apiguardian-api-1.1.0.jar;C:\Users\maldo\.m2\repository\org\junit\platform\junit-platform-engine\1.6.2\junit-platform-engine-1.6.2.jar;C:\Users\maldo\.m2\repository\org\opentest4j\opentest4j\1.2.0\opentest4j-1.2.0.jar;C:\Users\maldo\.m2\repository\org\junit\platform\junit-platform-commons\1.6.2\junit-platform-commons-1.6.2.jar;C:\Users\maldo\.m2\repository\org\junit\jupiter\junit-jupiter-api\5.6.2\junit-jupiter-api-5.6.2.jar;C:\Users\maldo\.m2\repository\org\apache\logging\log4j\log4j-api\2.7\log4j-api-2.7.jar;C:\Users\maldo\.m2\repository\org\apache\logging\log4j\log4j-core\2.7\log4j-core-2.7.jar;C:\Users\maldo\.m2\repository\org\apache\logging\log4j\log4j-slf4j-impl\2.7\log4j-slf4j-impl-2.7.jar;C:\Users\maldo\.m2\repository\org\openjfx\javafx-controls\13\javafx-controls-13.jar;C:\Users\maldo\.m2\repository\org\openjfx\javafx-controls\13\javafx-controls-13-win.jar;C:\Users\maldo\.m2\repository\org\openjfx\javafx-graphics\13\javafx-graphics-13.jar;C:\Users\maldo\.m2\repository\org\openjfx\javafx-graphics\13\javafx-graphics-13-win.jar;C:\Users\maldo\.m2\repository\org\openjfx\javafx-base\13\javafx-base-13.jar;C:\Users\maldo\.m2\repository\org\openjfx\javafx-fxml\13\javafx-fxml-13.jar;C:\Users\maldo\.m2\repository\org\openjfx\javafx-fxml\13\javafx-fxml-13-win.jar;"/>
    <property name="sun.cpu.endian" value="little"/>
    <property name="user.home" value="C:\Users\maldo"/>
    <property name="user.language" value="pl"/>
    <property name="java.specification.vendor" value="Oracle Corporation"/>
    <property name="jdk.module.path" value="E:\studia\Sem-3\Programowanie komponentowe (07 72 3060 19)_pliki\ProjektKompo\an_pn_1145_03\Model\target\classes;C:\Users\maldo\.m2\repository\org\apache\commons\commons-lang3\3.11\commons-lang3-3.11.jar;C:\Users\maldo\.m2\repository\org\slf4j\slf4j-api\1.7.30\slf4j-api-1.7.30.jar;C:\Users\maldo\.m2\repository\org\openjfx\javafx-base\13\javafx-base-13-win.jar"/>
    <property name="java.version.date" value="2020-07-14"/>
    <property name="java.home" value="C:\Program Files\Java\jdk-14.0.2"/>
    <property name="file.separator" value="\"/>
    <property name="basedir" value="E:\studia\Sem-3\Programowanie komponentowe (07 72 3060 19)_pliki\ProjektKompo\an_pn_1145_03\Model"/>
    <property name="java.vm.compressedOopsMode" value="Zero based"/>
    <property name="line.separator" value="&#10;"/>
    <property name="java.vm.specification.vendor" value="Oracle Corporation"/>
    <property name="java.specification.name" value="Java Platform API Specification"/>
    <property name="surefire.real.class.path" value="C:\Users\maldo\.m2\repository\org\apache\maven\surefire\surefire-booter\3.0.0-M5\surefire-booter-3.0.0-M5.jar;C:\Users\maldo\.m2\repository\org\apache\maven\surefire\surefire-api\3.0.0-M5\surefire-api-3.0.0-M5.jar;C:\Users\maldo\.m2\repository\org\apache\maven\surefire\surefire-logger-api\3.0.0-M5\surefire-logger-api-3.0.0-M5.jar;C:\Users\maldo\.m2\repository\org\apache\maven\surefire\surefire-shared-utils\3.0.0-M4\surefire-shared-utils-3.0.0-M4.jar;C:\Users\maldo\.m2\repository\org\apache\maven\surefire\surefire-extensions-spi\3.0.0-M5\surefire-extensions-spi-3.0.0-M5.jar;E:\studia\Sem-3\Programowanie komponentowe (07 72 3060 19)_pliki\ProjektKompo\an_pn_1145_03\Model\target\test-classes;C:\Users\maldo\.m2\repository\org\junit\jupiter\junit-jupiter-engine\5.6.2\junit-jupiter-engine-5.6.2.jar;C:\Users\maldo\.m2\repository\org\apiguardian\apiguardian-api\1.1.0\apiguardian-api-1.1.0.jar;C:\Users\maldo\.m2\repository\org\junit\platform\junit-platform-engine\1.6.2\junit-platform-engine-1.6.2.jar;C:\Users\maldo\.m2\repository\org\opentest4j\opentest4j\1.2.0\opentest4j-1.2.0.jar;C:\Users\maldo\.m2\repository\org\junit\platform\junit-platform-commons\1.6.2\junit-platform-commons-1.6.2.jar;C:\Users\maldo\.m2\repository\org\junit\jupiter\junit-jupiter-api\5.6.2\junit-jupiter-api-5.6.2.jar;C:\Users\maldo\.m2\repository\org\apache\logging\log4j\log4j-api\2.7\log4j-api-2.7.jar;C:\Users\maldo\.m2\repository\org\apache\logging\log4j\log4j-core\2.7\log4j-core-2.7.jar;C:\Users\maldo\.m2\repository\org\apache\logging\log4j\log4j-slf4j-impl\2.7\log4j-slf4j-impl-2.7.jar;C:\Users\maldo\.m2\repository\org\openjfx\javafx-controls\13\javafx-controls-13.jar;C:\Users\maldo\.m2\repository\org\openjfx\javafx-controls\13\javafx-controls-13-win.jar;C:\Users\maldo\.m2\repository\org\openjfx\javafx-graphics\13\javafx-graphics-13.jar;C:\Users\maldo\.m2\repository\org\openjfx\javafx-graphics\13\javafx-graphics-13-win.jar;C:\Users\maldo\.m2\repository\org\openjfx\javafx-base\13\javafx-base-13.jar;C:\Users\maldo\.m2\repository\org\openjfx\javafx-fxml\13\javafx-fxml-13.jar;C:\Users\maldo\.m2\repository\org\openjfx\javafx-fxml\13\javafx-fxml-13-win.jar;C:\Users\maldo\.m2\repository\org\apache\maven\surefire\surefire-junit-platform\3.0.0-M5\surefire-junit-platform-3.0.0-M5.jar;C:\Users\maldo\.m2\repository\org\apache\maven\surefire\common-java5\3.0.0-M5\common-java5-3.0.0-M5.jar;C:\Users\maldo\.m2\repository\org\junit\platform\junit-platform-launcher\1.6.2\junit-platform-launcher-1.6.2.jar"/>
    <property name="user.script" value=""/>
    <property name="sun.management.compiler" value="HotSpot 64-Bit Tiered Compilers"/>
    <property name="java.runtime.version" value="14.0.2+12-46"/>
    <property name="user.name" value="maldo"/>
    <property name="path.separator" value=";"/>
    <property name="os.version" value="10.0"/>
    <property name="java.runtime.name" value="Java(TM) SE Runtime Environment"/>
    <property name="file.encoding" value="Cp1250"/>
    <property name="java.vm.name" value="Java HotSpot(TM) 64-Bit Server VM"/>
    <property name="localRepository" value="C:\Users\maldo\.m2\repository"/>
    <property name="java.vendor.url.bug" value="https://bugreport.java.com/bugreport/"/>
    <property name="java.io.tmpdir" value="C:\Users\maldo\AppData\Local\Temp\"/>
    <property name="idea.version" value="2020.2.3"/>
    <property name="java.version" value="14.0.2"/>
    <property name="user.dir" value="E:\studia\Sem-3\Programowanie komponentowe (07 72 3060 19)_pliki\ProjektKompo\an_pn_1145_03\Model"/>
    <property name="os.arch" value="amd64"/>
    <property name="java.vm.specification.name" value="Java Virtual Machine Specification"/>
    <property name="sun.os.patch.level" value=""/>
    <property name="java.library.path" value="C:\Program Files\Java\jdk-14.0.2\bin;C:\WINDOWS\Sun\Java\bin;C:\WINDOWS\system32;C:\WINDOWS;C:\Program Files (x86)\Razer Chroma SDK\bin;C:\Program Files\Razer Chroma SDK\bin;C:\Python\Scripts\;C:\Python\;C:\Program Files (x86)\Intel\iCLS Client\;C:\Program Files\Intel\iCLS Client\;C:\Windows\system32;C:\Windows;C:\Windows\System32\Wbem;C:\Windows\System32\WindowsPowerShell\v1.0\;C:\Windows\System32\OpenSSH\;C:\Program Files (x86)\NVIDIA Corporation\PhysX\Common;C:\Program Files (x86)\Intel\Intel(R) Management Engine Components\DAL;C:\Program Files\Intel\Intel(R) Management Engine Components\DAL;C:\Program Files (x86)\Intel\Intel(R) Management Engine Components\IPT;C:\Program Files\Intel\Intel(R) Management Engine Components\IPT;C:\Program Files\Intel\WiFi\bin\;C:\Program Files\Common Files\Intel\WirelessCommon\;C:\Program Files (x86)\Windows Kits\8.1\Windows Performance Toolkit\;C:\Users\maldo\AppData\Local\Microsoft\WindowsApps;C:\Program Files\NVIDIA Corporation\NVIDIA NvDLISR;C:\Program Files (x86)\MKVToolNix;C:\WINDOWS\system32;C:\WINDOWS;C:\WINDOWS\System32\Wbem;C:\WINDOWS\System32\WindowsPowerShell\v1.0\;C:\WINDOWS\System32\OpenSSH\;E:\studia\Sem-3\Programowanie komponentowe (07 72 3060 19)_pliki\apache-maven-3.6.3\bin;C:\msys64\usr\bin;C:\Program Files\Java\jdk-14.0.2\bin;C:\Program Files (x86)\Calibre2\;C:\Users\maldo\AppData\Local\Microsoft\WindowsApps;C:\Program Files\Intel\WiFi\bin\;C:\Program Files\Common Files\Intel\WirelessCommon\;C:\Program Files\JetBrains\CLion 2019.3.3\bin;;C:\Users\maldo\AppData\Local\Programs\Microsoft VS Code\bin;C:\Users\maldo\AppData\Local\GitHubDesktop\bin;."/>
    <property name="java.vm.info" value="mixed mode"/>
    <property name="java.vendor" value="Oracle Corporation"/>
    <property name="java.vm.version" value="14.0.2+12-46"/>
    <property name="sun.io.unicode.encoding" value="UnicodeLittle"/>
    <property name="java.class.version" value="58.0"/>
  </properties>
  <testcase name="finalizeTest" classname="sudoku.model.FileSudokuBoardDaoTest" time="0.006"/>
  <testcase name="writeReadTest" classname="sudoku.model.FileSudokuBoardDaoTest" time="0.687">
    <system-out><![CDATA[11:44:21.641 INFO  [main] SudokuBoard - Bład w kwadracie 0
sudoku.model.SudokuBoard@5e0b7f58[
  size=9
  solver=sudoku.model.BacktrackingSudokuSolver@1e9e4468
  board={{3,4,5,7,8,6,1,9,2},{2,6,7,1,4,9,8,3,5},{8,9,1,2,5,3,6,4,7},{9,2,8,3,1,4,5,0,0},{0,0,0,0,0,0,0,0,0},{0,0,0,0,0,0,0,0,0},{0,0,0,0,0,0,0,0,0},{0,0,0,0,0,0,0,0,0},{0,0,0,0,0,0,0,0,0}}
]
11:44:21.641 INFO  [main] SudokuBoard - Wartość 0 wstawiona nieprawidłowo
11:44:21.645 INFO  [main] SudokuBoard - Bład w kwadracie 0
sudoku.model.SudokuBoard@5e0b7f58[
  size=9
  solver=sudoku.model.BacktrackingSudokuSolver@1e9e4468
  board={{3,4,5,7,8,6,1,9,2},{2,6,7,1,4,9,8,3,5},{8,9,1,2,5,3,6,4,7},{9,2,8,3,1,4,5,7,6},{1,3,4,5,6,7,9,2,8},{5,7,6,8,9,2,4,1,3},{4,5,9,6,2,8,0,0,0},{0,0,0,0,0,0,0,0,0},{0,0,0,0,0,0,0,0,0}}
]
11:44:21.646 INFO  [main] SudokuBoard - Wartość 0 wstawiona nieprawidłowo
11:44:21.648 INFO  [main] SudokuBoard - Bład w kwadracie 0
sudoku.model.SudokuBoard@5e0b7f58[
  size=9
  solver=sudoku.model.BacktrackingSudokuSolver@1e9e4468
  board={{3,4,5,7,8,6,1,9,2},{2,6,7,1,4,9,8,3,5},{8,9,1,2,5,3,6,4,7},{9,2,8,3,1,4,5,7,6},{1,3,4,5,6,7,9,2,8},{5,7,6,8,9,2,4,1,3},{4,5,9,6,2,8,0,0,0},{0,0,0,0,0,0,0,0,0},{0,0,0,0,0,0,0,0,0}}
]
11:44:21.648 INFO  [main] SudokuBoard - Wartość 0 wstawiona nieprawidłowo
11:44:21.649 INFO  [main] SudokuBoard - Bład w kwadracie 0
sudoku.model.SudokuBoard@5e0b7f58[
  size=9
  solver=sudoku.model.BacktrackingSudokuSolver@1e9e4468
  board={{3,4,5,7,8,6,1,9,2},{2,6,7,1,4,9,8,3,5},{8,9,1,2,5,3,6,4,7},{9,2,8,3,1,4,5,7,6},{1,3,4,5,6,7,9,2,8},{5,7,6,8,9,2,4,1,3},{4,5,9,6,2,0,0,0,0},{0,0,0,0,0,0,0,0,0},{0,0,0,0,0,0,0,0,0}}
]
11:44:21.649 INFO  [main] SudokuBoard - Wartość 0 wstawiona nieprawidłowo
11:44:21.651 INFO  [main] SudokuBoard - Bład w kwadracie 0
sudoku.model.SudokuBoard@5e0b7f58[
  size=9
  solver=sudoku.model.BacktrackingSudokuSolver@1e9e4468
  board={{3,4,5,7,8,6,1,9,2},{2,6,7,1,4,9,8,3,5},{8,9,1,2,5,3,6,4,7},{9,2,8,3,1,4,5,7,6},{1,3,4,5,6,7,9,2,8},{5,7,6,8,9,2,4,1,3},{4,5,9,6,2,1,7,0,0},{0,0,0,0,0,0,0,0,0},{0,0,0,0,0,0,0,0,0}}
]
11:44:21.651 INFO  [main] SudokuBoard - Wartość 0 wstawiona nieprawidłowo
11:44:21.660 INFO  [main] SudokuBoard - Bład w kwadracie 0
sudoku.model.SudokuBoard@5e0b7f58[
  size=9
  solver=sudoku.model.BacktrackingSudokuSolver@1e9e4468
  board={{3,4,5,7,8,6,1,9,2},{2,6,7,1,4,9,8,3,5},{8,9,1,2,5,3,6,4,7},{9,2,8,3,1,4,5,7,6},{1,3,4,5,6,7,9,2,8},{5,7,6,8,9,2,4,1,3},{4,5,9,6,2,1,0,0,0},{0,0,0,0,0,0,0,0,0},{0,0,0,0,0,0,0,0,0}}
]
11:44:21.661 INFO  [main] SudokuBoard - Wartość 0 wstawiona nieprawidłowo
11:44:21.662 INFO  [main] SudokuBoard - Bład w kwadracie 0
sudoku.model.SudokuBoard@5e0b7f58[
  size=9
  solver=sudoku.model.BacktrackingSudokuSolver@1e9e4468
  board={{3,4,5,7,8,6,1,9,2},{2,6,7,1,4,9,8,3,5},{8,9,1,2,5,3,6,4,7},{9,2,8,3,1,4,5,7,6},{1,3,4,5,6,7,9,2,8},{5,7,6,8,9,2,4,1,3},{4,5,9,6,2,1,3,0,0},{0,0,0,0,0,0,0,0,0},{0,0,0,0,0,0,0,0,0}}
]
11:44:21.662 INFO  [main] SudokuBoard - Wartość 0 wstawiona nieprawidłowo
11:44:21.665 INFO  [main] SudokuBoard - Bład w kwadracie 0
sudoku.model.SudokuBoard@5e0b7f58[
  size=9
  solver=sudoku.model.BacktrackingSudokuSolver@1e9e4468
  board={{3,4,5,7,8,6,1,9,2},{2,6,7,1,4,9,8,3,5},{8,9,1,2,5,3,6,4,7},{9,2,8,3,1,4,5,7,6},{1,3,4,5,6,7,9,2,8},{5,7,6,8,9,2,4,1,3},{4,5,9,6,2,1,0,0,0},{0,0,0,0,0,0,0,0,0},{0,0,0,0,0,0,0,0,0}}
]
11:44:21.666 INFO  [main] SudokuBoard - Wartość 0 wstawiona nieprawidłowo
11:44:21.703 INFO  [main] SudokuBoard - Bład w kwadracie 0
sudoku.model.SudokuBoard@5e0b7f58[
  size=9
  solver=sudoku.model.BacktrackingSudokuSolver@1e9e4468
  board={{3,4,5,7,8,6,1,9,2},{2,6,7,1,4,9,8,3,5},{8,9,1,2,5,3,6,4,7},{9,2,8,3,1,4,5,7,6},{1,3,4,5,6,7,9,2,8},{5,7,6,8,9,2,4,1,3},{4,5,9,6,2,0,0,0,0},{0,0,0,0,0,0,0,0,0},{0,0,0,0,0,0,0,0,0}}
]
11:44:21.703 INFO  [main] SudokuBoard - Wartość 0 wstawiona nieprawidłowo
11:44:21.704 INFO  [main] SudokuBoard - Bład w kwadracie 0
sudoku.model.SudokuBoard@5e0b7f58[
  size=9
  solver=sudoku.model.BacktrackingSudokuSolver@1e9e4468
  board={{3,4,5,7,8,6,1,9,2},{2,6,7,1,4,9,8,3,5},{8,9,1,2,5,3,6,4,7},{9,2,8,3,1,4,5,7,6},{1,3,4,5,6,7,9,2,8},{5,7,6,8,9,2,4,1,3},{4,5,9,6,0,0,0,0,0},{0,0,0,0,0,0,0,0,0},{0,0,0,0,0,0,0,0,0}}
]
11:44:21.705 INFO  [main] SudokuBoard - Wartość 0 wstawiona nieprawidłowo
11:44:21.708 INFO  [main] SudokuBoard - Bład w kwadracie 0
sudoku.model.SudokuBoard@5e0b7f58[
  size=9
  solver=sudoku.model.BacktrackingSudokuSolver@1e9e4468
  board={{3,4,5,7,8,6,1,9,2},{2,6,7,1,4,9,8,3,5},{8,9,1,2,5,3,6,4,7},{9,2,8,3,1,4,5,7,6},{1,3,4,5,6,7,9,2,8},{5,7,6,8,9,2,4,1,3},{4,5,9,6,3,1,7,0,0},{0,0,0,0,0,0,0,0,0},{0,0,0,0,0,0,0,0,0}}
]
11:44:21.714 INFO  [main] SudokuBoard - Wartość 0 wstawiona nieprawidłowo
11:44:21.715 INFO  [main] SudokuBoard - Bład w kwadracie 0
sudoku.model.SudokuBoard@5e0b7f58[
  size=9
  solver=sudoku.model.BacktrackingSudokuSolver@1e9e4468
  board={{3,4,5,7,8,6,1,9,2},{2,6,7,1,4,9,8,3,5},{8,9,1,2,5,3,6,4,7},{9,2,8,3,1,4,5,7,6},{1,3,4,5,6,7,9,2,8},{5,7,6,8,9,2,4,1,3},{4,5,9,6,3,1,0,0,0},{0,0,0,0,0,0,0,0,0},{0,0,0,0,0,0,0,0,0}}
]
11:44:21.715 INFO  [main] SudokuBoard - Wartość 0 wstawiona nieprawidłowo
11:44:21.715 INFO  [main] SudokuBoard - Bład w kwadracie 0
sudoku.model.SudokuBoard@5e0b7f58[
  size=9
  solver=sudoku.model.BacktrackingSudokuSolver@1e9e4468
  board={{3,4,5,7,8,6,1,9,2},{2,6,7,1,4,9,8,3,5},{8,9,1,2,5,3,6,4,7},{9,2,8,3,1,4,5,7,6},{1,3,4,5,6,7,9,2,8},{5,7,6,8,9,2,4,1,3},{4,5,9,6,3,1,2,0,0},{0,0,0,0,0,0,0,0,0},{0,0,0,0,0,0,0,0,0}}
]
11:44:21.716 INFO  [main] SudokuBoard - Wartość 0 wstawiona nieprawidłowo
11:44:21.716 INFO  [main] SudokuBoard - Bład w kwadracie 0
sudoku.model.SudokuBoard@5e0b7f58[
  size=9
  solver=sudoku.model.BacktrackingSudokuSolver@1e9e4468
  board={{3,4,5,7,8,6,1,9,2},{2,6,7,1,4,9,8,3,5},{8,9,1,2,5,3,6,4,7},{9,2,8,3,1,4,5,7,6},{1,3,4,5,6,7,9,2,8},{5,7,6,8,9,2,4,1,3},{4,5,9,6,3,1,0,0,0},{0,0,0,0,0,0,0,0,0},{0,0,0,0,0,0,0,0,0}}
]
11:44:21.717 INFO  [main] SudokuBoard - Wartość 0 wstawiona nieprawidłowo
11:44:21.718 INFO  [main] SudokuBoard - Bład w kwadracie 0
sudoku.model.SudokuBoard@5e0b7f58[
  size=9
  solver=sudoku.model.BacktrackingSudokuSolver@1e9e4468
  board={{3,4,5,7,8,6,1,9,2},{2,6,7,1,4,9,8,3,5},{8,9,1,2,5,3,6,4,7},{9,2,8,3,1,4,5,7,6},{1,3,4,5,6,7,9,2,8},{5,7,6,8,9,2,4,1,3},{4,5,9,6,3,0,0,0,0},{0,0,0,0,0,0,0,0,0},{0,0,0,0,0,0,0,0,0}}
]
11:44:21.719 INFO  [main] SudokuBoard - Wartość 0 wstawiona nieprawidłowo
11:44:21.720 INFO  [main] SudokuBoard - Bład w kwadracie 0
sudoku.model.SudokuBoard@5e0b7f58[
  size=9
  solver=sudoku.model.BacktrackingSudokuSolver@1e9e4468
  board={{3,4,5,7,8,6,1,9,2},{2,6,7,1,4,9,8,3,5},{8,9,1,2,5,3,6,4,7},{9,2,8,3,1,4,5,7,6},{1,3,4,5,6,7,9,2,8},{5,7,6,8,9,2,4,1,3},{4,5,9,6,3,8,0,0,0},{0,0,0,0,0,0,0,0,0},{0,0,0,0,0,0,0,0,0}}
]
11:44:21.720 INFO  [main] SudokuBoard - Wartość 0 wstawiona nieprawidłowo
11:44:21.728 INFO  [main] SudokuBoard - Bład w kwadracie 0
sudoku.model.SudokuBoard@5e0b7f58[
  size=9
  solver=sudoku.model.BacktrackingSudokuSolver@1e9e4468
  board={{3,4,5,7,8,6,1,9,2},{2,6,7,1,4,9,8,3,5},{8,9,1,2,5,3,6,4,7},{9,2,8,3,1,4,5,7,6},{1,3,4,5,6,7,9,2,8},{5,7,6,8,9,2,4,1,3},{4,5,9,6,3,8,0,0,0},{0,0,0,0,0,0,0,0,0},{0,0,0,0,0,0,0,0,0}}
]
11:44:21.728 INFO  [main] SudokuBoard - Wartość 0 wstawiona nieprawidłowo
11:44:21.729 INFO  [main] SudokuBoard - Bład w kwadracie 0
sudoku.model.SudokuBoard@5e0b7f58[
  size=9
  solver=sudoku.model.BacktrackingSudokuSolver@1e9e4468
  board={{3,4,5,7,8,6,1,9,2},{2,6,7,1,4,9,8,3,5},{8,9,1,2,5,3,6,4,7},{9,2,8,3,1,4,5,7,6},{1,3,4,5,6,7,9,2,8},{5,7,6,8,9,2,4,1,3},{4,5,9,6,3,0,0,0,0},{0,0,0,0,0,0,0,0,0},{0,0,0,0,0,0,0,0,0}}
]
11:44:21.729 INFO  [main] SudokuBoard - Wartość 0 wstawiona nieprawidłowo
11:44:21.729 INFO  [main] SudokuBoard - Bład w kwadracie 0
sudoku.model.SudokuBoard@5e0b7f58[
  size=9
  solver=sudoku.model.BacktrackingSudokuSolver@1e9e4468
  board={{3,4,5,7,8,6,1,9,2},{2,6,7,1,4,9,8,3,5},{8,9,1,2,5,3,6,4,7},{9,2,8,3,1,4,5,7,6},{1,3,4,5,6,7,9,2,8},{5,7,6,8,9,2,4,1,3},{4,5,9,6,0,0,0,0,0},{0,0,0,0,0,0,0,0,0},{0,0,0,0,0,0,0,0,0}}
]
11:44:21.730 INFO  [main] SudokuBoard - Wartość 0 wstawiona nieprawidłowo
11:44:21.730 INFO  [main] SudokuBoard - Bład w kwadracie 0
sudoku.model.SudokuBoard@5e0b7f58[
  size=9
  solver=sudoku.model.BacktrackingSudokuSolver@1e9e4468
  board={{3,4,5,7,8,6,1,9,2},{2,6,7,1,4,9,8,3,5},{8,9,1,2,5,3,6,4,7},{9,2,8,3,1,4,5,7,6},{1,3,4,5,6,7,9,2,8},{5,7,6,8,9,2,4,1,3},{4,5,9,6,7,1,2,0,0},{0,0,0,0,0,0,0,0,0},{0,0,0,0,0,0,0,0,0}}
]
11:44:21.730 INFO  [main] SudokuBoard - Wartość 0 wstawiona nieprawidłowo
11:44:21.730 INFO  [main] SudokuBoard - Bład w kwadracie 0
sudoku.model.SudokuBoard@5e0b7f58[
  size=9
  solver=sudoku.model.BacktrackingSudokuSolver@1e9e4468
  board={{3,4,5,7,8,6,1,9,2},{2,6,7,1,4,9,8,3,5},{8,9,1,2,5,3,6,4,7},{9,2,8,3,1,4,5,7,6},{1,3,4,5,6,7,9,2,8},{5,7,6,8,9,2,4,1,3},{4,5,9,6,7,1,0,0,0},{0,0,0,0,0,0,0,0,0},{0,0,0,0,0,0,0,0,0}}
]
11:44:21.731 INFO  [main] SudokuBoard - Wartość 0 wstawiona nieprawidłowo
11:44:21.731 INFO  [main] SudokuBoard - Bład w kwadracie 0
sudoku.model.SudokuBoard@5e0b7f58[
  size=9
  solver=sudoku.model.BacktrackingSudokuSolver@1e9e4468
  board={{3,4,5,7,8,6,1,9,2},{2,6,7,1,4,9,8,3,5},{8,9,1,2,5,3,6,4,7},{9,2,8,3,1,4,5,7,6},{1,3,4,5,6,7,9,2,8},{5,7,6,8,9,2,4,1,3},{4,5,9,6,7,1,3,0,0},{0,0,0,0,0,0,0,0,0},{0,0,0,0,0,0,0,0,0}}
]
11:44:21.731 INFO  [main] SudokuBoard - Wartość 0 wstawiona nieprawidłowo
11:44:21.732 INFO  [main] SudokuBoard - Bład w kwadracie 0
sudoku.model.SudokuBoard@5e0b7f58[
  size=9
  solver=sudoku.model.BacktrackingSudokuSolver@1e9e4468
  board={{3,4,5,7,8,6,1,9,2},{2,6,7,1,4,9,8,3,5},{8,9,1,2,5,3,6,4,7},{9,2,8,3,1,4,5,7,6},{1,3,4,5,6,7,9,2,8},{5,7,6,8,9,2,4,1,3},{4,5,9,6,7,1,0,0,0},{0,0,0,0,0,0,0,0,0},{0,0,0,0,0,0,0,0,0}}
]
11:44:21.732 INFO  [main] SudokuBoard - Wartość 0 wstawiona nieprawidłowo
11:44:21.732 INFO  [main] SudokuBoard - Bład w kwadracie 0
sudoku.model.SudokuBoard@5e0b7f58[
  size=9
  solver=sudoku.model.BacktrackingSudokuSolver@1e9e4468
  board={{3,4,5,7,8,6,1,9,2},{2,6,7,1,4,9,8,3,5},{8,9,1,2,5,3,6,4,7},{9,2,8,3,1,4,5,7,6},{1,3,4,5,6,7,9,2,8},{5,7,6,8,9,2,4,1,3},{4,5,9,6,7,0,0,0,0},{0,0,0,0,0,0,0,0,0},{0,0,0,0,0,0,0,0,0}}
]
11:44:21.732 INFO  [main] SudokuBoard - Wartość 0 wstawiona nieprawidłowo
11:44:21.735 INFO  [main] SudokuBoard - Bład w kwadracie 0
sudoku.model.SudokuBoard@5e0b7f58[
  size=9
  solver=sudoku.model.BacktrackingSudokuSolver@1e9e4468
  board={{3,4,5,7,8,6,1,9,2},{2,6,7,1,4,9,8,3,5},{8,9,1,2,5,3,6,4,7},{9,2,8,3,1,4,5,7,6},{1,3,4,5,6,7,9,2,8},{5,7,6,8,9,2,4,1,3},{4,5,9,6,7,8,0,0,0},{0,0,0,0,0,0,0,0,0},{0,0,0,0,0,0,0,0,0}}
]
11:44:21.738 INFO  [main] SudokuBoard - Wartość 0 wstawiona nieprawidłowo
11:44:21.752 INFO  [main] SudokuBoard - Bład w kwadracie 0
sudoku.model.SudokuBoard@5e0b7f58[
  size=9
  solver=sudoku.model.BacktrackingSudokuSolver@1e9e4468
  board={{3,4,5,7,8,6,1,9,2},{2,6,7,1,4,9,8,3,5},{8,9,1,2,5,3,6,4,7},{9,2,8,3,1,4,5,7,6},{1,3,4,5,6,7,9,2,8},{5,7,6,8,9,2,4,1,3},{4,5,9,6,7,8,0,0,0},{0,0,0,0,0,0,0,0,0},{0,0,0,0,0,0,0,0,0}}
]
11:44:21.752 INFO  [main] SudokuBoard - Wartość 0 wstawiona nieprawidłowo
11:44:21.752 INFO  [main] SudokuBoard - Bład w kwadracie 0
sudoku.model.SudokuBoard@5e0b7f58[
  size=9
  solver=sudoku.model.BacktrackingSudokuSolver@1e9e4468
  board={{3,4,5,7,8,6,1,9,2},{2,6,7,1,4,9,8,3,5},{8,9,1,2,5,3,6,4,7},{9,2,8,3,1,4,5,7,6},{1,3,4,5,6,7,9,2,8},{5,7,6,8,9,2,4,1,3},{4,5,9,6,7,0,0,0,0},{0,0,0,0,0,0,0,0,0},{0,0,0,0,0,0,0,0,0}}
]
11:44:21.752 INFO  [main] SudokuBoard - Wartość 0 wstawiona nieprawidłowo
11:44:21.753 INFO  [main] SudokuBoard - Bład w kwadracie 0
sudoku.model.SudokuBoard@5e0b7f58[
  size=9
  solver=sudoku.model.BacktrackingSudokuSolver@1e9e4468
  board={{3,4,5,7,8,6,1,9,2},{2,6,7,1,4,9,8,3,5},{8,9,1,2,5,3,6,4,7},{9,2,8,3,1,4,5,7,6},{1,3,4,5,6,7,9,2,8},{5,7,6,8,9,2,4,1,3},{4,5,9,6,0,0,0,0,0},{0,0,0,0,0,0,0,0,0},{0,0,0,0,0,0,0,0,0}}
]
11:44:21.753 INFO  [main] SudokuBoard - Wartość 0 wstawiona nieprawidłowo
11:44:21.753 INFO  [main] SudokuBoard - Bład w kwadracie 0
sudoku.model.SudokuBoard@5e0b7f58[
  size=9
  solver=sudoku.model.BacktrackingSudokuSolver@1e9e4468
  board={{3,4,5,7,8,6,1,9,2},{2,6,7,1,4,9,8,3,5},{8,9,1,2,5,3,6,4,7},{9,2,8,3,1,4,5,7,6},{1,3,4,5,6,7,9,2,8},{5,7,6,8,9,2,4,1,3},{4,5,9,0,0,0,0,0,0},{0,0,0,0,0,0,0,0,0},{0,0,0,0,0,0,0,0,0}}
]
11:44:21.753 INFO  [main] SudokuBoard - Wartość 0 wstawiona nieprawidłowo
11:44:21.754 INFO  [main] SudokuBoard - Bład w kwadracie 0
sudoku.model.SudokuBoard@5e0b7f58[
  size=9
  solver=sudoku.model.BacktrackingSudokuSolver@1e9e4468
  board={{3,4,5,7,8,6,1,9,2},{2,6,7,1,4,9,8,3,5},{8,9,1,2,5,3,6,4,7},{9,2,8,3,1,4,5,7,6},{1,3,4,5,6,7,9,2,8},{5,7,6,8,9,2,4,1,3},{4,5,0,0,0,0,0,0,0},{0,0,0,0,0,0,0,0,0},{0,0,0,0,0,0,0,0,0}}
]
11:44:21.754 INFO  [main] SudokuBoard - Wartość 0 wstawiona nieprawidłowo
11:44:21.756 INFO  [main] SudokuBoard - Bład w kwadracie 0
sudoku.model.SudokuBoard@5e0b7f58[
  size=9
  solver=sudoku.model.BacktrackingSudokuSolver@1e9e4468
  board={{3,4,5,7,8,6,1,9,2},{2,6,7,1,4,9,8,3,5},{8,9,1,2,5,3,6,4,7},{9,2,8,3,1,4,5,7,6},{1,3,4,5,6,7,9,2,8},{5,7,6,8,9,2,4,1,3},{4,5,2,6,3,8,0,0,0},{0,0,0,0,0,0,0,0,0},{0,0,0,0,0,0,0,0,0}}
]
11:44:21.763 INFO  [main] SudokuBoard - Wartość 0 wstawiona nieprawidłowo
11:44:21.768 INFO  [main] SudokuBoard - Bład w kwadracie 0
sudoku.model.SudokuBoard@5e0b7f58[
  size=9
  solver=sudoku.model.BacktrackingSudokuSolver@1e9e4468
  board={{3,4,5,7,8,6,1,9,2},{2,6,7,1,4,9,8,3,5},{8,9,1,2,5,3,6,4,7},{9,2,8,3,1,4,5,7,6},{1,3,4,5,6,7,9,2,8},{5,7,6,8,9,2,4,1,3},{4,5,2,6,3,0,0,0,0},{0,0,0,0,0,0,0,0,0},{0,0,0,0,0,0,0,0,0}}
]
11:44:21.768 INFO  [main] SudokuBoard - Wartość 0 wstawiona nieprawidłowo
11:44:21.769 INFO  [main] SudokuBoard - Bład w kwadracie 0
sudoku.model.SudokuBoard@5e0b7f58[
  size=9
  solver=sudoku.model.BacktrackingSudokuSolver@1e9e4468
  board={{3,4,5,7,8,6,1,9,2},{2,6,7,1,4,9,8,3,5},{8,9,1,2,5,3,6,4,7},{9,2,8,3,1,4,5,7,6},{1,3,4,5,6,7,9,2,8},{5,7,6,8,9,2,4,1,3},{4,5,2,6,3,1,7,8,9},{6,8,9,4,7,5,0,0,0},{0,0,0,0,0,0,0,0,0}}
]
11:44:21.775 INFO  [main] SudokuBoard - Wartość 0 wstawiona nieprawidłowo
11:44:21.776 INFO  [main] SudokuBoard - Bład w kwadracie 0
sudoku.model.SudokuBoard@5e0b7f58[
  size=9
  solver=sudoku.model.BacktrackingSudokuSolver@1e9e4468
  board={{3,4,5,7,8,6,1,9,2},{2,6,7,1,4,9,8,3,5},{8,9,1,2,5,3,6,4,7},{9,2,8,3,1,4,5,7,6},{1,3,4,5,6,7,9,2,8},{5,7,6,8,9,2,4,1,3},{4,5,2,6,3,1,7,8,9},{6,8,9,4,7,5,0,0,0},{0,0,0,0,0,0,0,0,0}}
]
11:44:21.777 INFO  [main] SudokuBoard - Wartość 0 wstawiona nieprawidłowo
11:44:21.777 INFO  [main] SudokuBoard - Bład w kwadracie 0
sudoku.model.SudokuBoard@5e0b7f58[
  size=9
  solver=sudoku.model.BacktrackingSudokuSolver@1e9e4468
  board={{3,4,5,7,8,6,1,9,2},{2,6,7,1,4,9,8,3,5},{8,9,1,2,5,3,6,4,7},{9,2,8,3,1,4,5,7,6},{1,3,4,5,6,7,9,2,8},{5,7,6,8,9,2,4,1,3},{4,5,2,6,3,1,7,8,9},{6,8,9,4,7,0,0,0,0},{0,0,0,0,0,0,0,0,0}}
]
11:44:21.777 INFO  [main] SudokuBoard - Wartość 0 wstawiona nieprawidłowo
11:44:21.778 INFO  [main] SudokuBoard - Bład w kwadracie 0
sudoku.model.SudokuBoard@5e0b7f58[
  size=9
  solver=sudoku.model.BacktrackingSudokuSolver@1e9e4468
  board={{3,4,5,7,8,6,1,9,2},{2,6,7,1,4,9,8,3,5},{8,9,1,2,5,3,6,4,7},{9,2,8,3,1,4,5,7,6},{1,3,4,5,6,7,9,2,8},{5,7,6,8,9,2,4,1,3},{4,5,2,6,3,1,7,8,9},{6,8,9,4,0,0,0,0,0},{0,0,0,0,0,0,0,0,0}}
]
11:44:21.778 INFO  [main] SudokuBoard - Wartość 0 wstawiona nieprawidłowo
11:44:21.779 INFO  [main] SudokuBoard - Bład w kwadracie 0
sudoku.model.SudokuBoard@5e0b7f58[
  size=9
  solver=sudoku.model.BacktrackingSudokuSolver@1e9e4468
  board={{3,4,5,7,8,6,1,9,2},{2,6,7,1,4,9,8,3,5},{8,9,1,2,5,3,6,4,7},{9,2,8,3,1,4,5,7,6},{1,3,4,5,6,7,9,2,8},{5,7,6,8,9,2,4,1,3},{4,5,2,6,3,1,7,8,9},{6,8,9,4,2,5,0,0,0},{0,0,0,0,0,0,0,0,0}}
]
11:44:21.779 INFO  [main] SudokuBoard - Wartość 0 wstawiona nieprawidłowo
11:44:21.779 INFO  [main] SudokuBoard - Bład w kwadracie 0
sudoku.model.SudokuBoard@5e0b7f58[
  size=9
  solver=sudoku.model.BacktrackingSudokuSolver@1e9e4468
  board={{3,4,5,7,8,6,1,9,2},{2,6,7,1,4,9,8,3,5},{8,9,1,2,5,3,6,4,7},{9,2,8,3,1,4,5,7,6},{1,3,4,5,6,7,9,2,8},{5,7,6,8,9,2,4,1,3},{4,5,2,6,3,1,7,8,9},{6,8,9,4,2,0,0,0,0},{0,0,0,0,0,0,0,0,0}}
]
11:44:21.780 INFO  [main] SudokuBoard - Wartość 0 wstawiona nieprawidłowo
11:44:21.780 INFO  [main] SudokuBoard - Bład w kwadracie 0
sudoku.model.SudokuBoard@5e0b7f58[
  size=9
  solver=sudoku.model.BacktrackingSudokuSolver@1e9e4468
  board={{3,4,5,7,8,6,1,9,2},{2,6,7,1,4,9,8,3,5},{8,9,1,2,5,3,6,4,7},{9,2,8,3,1,4,5,7,6},{1,3,4,5,6,7,9,2,8},{5,7,6,8,9,2,4,1,3},{4,5,2,6,3,1,7,8,9},{6,8,9,4,0,0,0,0,0},{0,0,0,0,0,0,0,0,0}}
]
11:44:21.780 INFO  [main] SudokuBoard - Wartość 0 wstawiona nieprawidłowo
11:44:21.781 INFO  [main] SudokuBoard - Bład w kwadracie 0
sudoku.model.SudokuBoard@5e0b7f58[
  size=9
  solver=sudoku.model.BacktrackingSudokuSolver@1e9e4468
  board={{3,4,5,7,8,6,1,9,2},{2,6,7,1,4,9,8,3,5},{8,9,1,2,5,3,6,4,7},{9,2,8,3,1,4,5,7,6},{1,3,4,5,6,7,9,2,8},{5,7,6,8,9,2,4,1,3},{4,5,2,6,3,1,7,8,9},{6,8,9,0,0,0,0,0,0},{0,0,0,0,0,0,0,0,0}}
]
11:44:21.781 INFO  [main] SudokuBoard - Wartość 0 wstawiona nieprawidłowo
11:44:21.781 INFO  [main] SudokuBoard - Bład w kwadracie 0
sudoku.model.SudokuBoard@5e0b7f58[
  size=9
  solver=sudoku.model.BacktrackingSudokuSolver@1e9e4468
  board={{3,4,5,7,8,6,1,9,2},{2,6,7,1,4,9,8,3,5},{8,9,1,2,5,3,6,4,7},{9,2,8,3,1,4,5,7,6},{1,3,4,5,6,7,9,2,8},{5,7,6,8,9,2,4,1,3},{4,5,2,6,3,1,7,8,9},{6,8,0,0,0,0,0,0,0},{0,0,0,0,0,0,0,0,0}}
]
11:44:21.782 INFO  [main] SudokuBoard - Wartość 0 wstawiona nieprawidłowo
11:44:21.782 INFO  [main] SudokuBoard - Bład w kwadracie 0
sudoku.model.SudokuBoard@5e0b7f58[
  size=9
  solver=sudoku.model.BacktrackingSudokuSolver@1e9e4468
  board={{3,4,5,7,8,6,1,9,2},{2,6,7,1,4,9,8,3,5},{8,9,1,2,5,3,6,4,7},{9,2,8,3,1,4,5,7,6},{1,3,4,5,6,7,9,2,8},{5,7,6,8,9,2,4,1,3},{4,5,2,6,3,1,7,8,9},{6,8,3,4,2,0,0,0,0},{0,0,0,0,0,0,0,0,0}}
]
11:44:21.782 INFO  [main] SudokuBoard - Wartość 0 wstawiona nieprawidłowo
11:44:21.782 INFO  [main] SudokuBoard - Bład w kwadracie 0
sudoku.model.SudokuBoard@5e0b7f58[
  size=9
  solver=sudoku.model.BacktrackingSudokuSolver@1e9e4468
  board={{3,4,5,7,8,6,1,9,2},{2,6,7,1,4,9,8,3,5},{8,9,1,2,5,3,6,4,7},{9,2,8,3,1,4,5,7,6},{1,3,4,5,6,7,9,2,8},{5,7,6,8,9,2,4,1,3},{4,5,2,6,3,1,7,8,9},{6,8,3,4,0,0,0,0,0},{0,0,0,0,0,0,0,0,0}}
]
11:44:21.783 INFO  [main] SudokuBoard - Wartość 0 wstawiona nieprawidłowo
11:44:21.785 INFO  [main] SudokuBoard - Bład w kwadracie 0
sudoku.model.SudokuBoard@5e0b7f58[
  size=9
  solver=sudoku.model.BacktrackingSudokuSolver@1e9e4468
  board={{3,4,5,7,8,6,1,9,2},{2,6,7,1,4,9,8,3,5},{8,9,1,2,5,3,6,4,7},{9,2,8,3,1,4,5,7,6},{1,3,4,5,6,7,9,2,8},{5,7,6,8,9,2,4,1,3},{4,5,2,6,3,1,7,8,9},{6,8,3,4,7,5,0,0,0},{0,0,0,0,0,0,0,0,0}}
]
11:44:21.786 INFO  [main] SudokuBoard - Wartość 0 wstawiona nieprawidłowo
11:44:21.786 INFO  [main] SudokuBoard - Bład w kwadracie 0
sudoku.model.SudokuBoard@5e0b7f58[
  size=9
  solver=sudoku.model.BacktrackingSudokuSolver@1e9e4468
  board={{3,4,5,7,8,6,1,9,2},{2,6,7,1,4,9,8,3,5},{8,9,1,2,5,3,6,4,7},{9,2,8,3,1,4,5,7,6},{1,3,4,5,6,7,9,2,8},{5,7,6,8,9,2,4,1,3},{4,5,2,6,3,1,7,8,9},{6,8,3,4,7,0,0,0,0},{0,0,0,0,0,0,0,0,0}}
]
11:44:21.786 INFO  [main] SudokuBoard - Wartość 0 wstawiona nieprawidłowo
11:44:21.787 INFO  [main] SudokuBoard - Bład w kwadracie 0
sudoku.model.SudokuBoard@5e0b7f58[
  size=9
  solver=sudoku.model.BacktrackingSudokuSolver@1e9e4468
  board={{3,4,5,7,8,6,1,9,2},{2,6,7,1,4,9,8,3,5},{8,9,1,2,5,3,6,4,7},{9,2,8,3,1,4,5,7,6},{1,3,4,5,6,7,9,2,8},{5,7,6,8,9,2,4,1,3},{4,5,2,6,3,1,7,8,9},{6,8,3,4,0,0,0,0,0},{0,0,0,0,0,0,0,0,0}}
]
11:44:21.787 INFO  [main] SudokuBoard - Wartość 0 wstawiona nieprawidłowo
11:44:21.788 INFO  [main] SudokuBoard - Bład w kwadracie 0
sudoku.model.SudokuBoard@5e0b7f58[
  size=9
  solver=sudoku.model.BacktrackingSudokuSolver@1e9e4468
  board={{3,4,5,7,8,6,1,9,2},{2,6,7,1,4,9,8,3,5},{8,9,1,2,5,3,6,4,7},{9,2,8,3,1,4,5,7,6},{1,3,4,5,6,7,9,2,8},{5,7,6,8,9,2,4,1,3},{4,5,2,6,3,1,7,8,9},{6,8,3,0,0,0,0,0,0},{0,0,0,0,0,0,0,0,0}}
]
11:44:21.788 INFO  [main] SudokuBoard - Wartość 0 wstawiona nieprawidłowo
11:44:21.788 INFO  [main] SudokuBoard - Bład w kwadracie 0
sudoku.model.SudokuBoard@5e0b7f58[
  size=9
  solver=sudoku.model.BacktrackingSudokuSolver@1e9e4468
  board={{3,4,5,7,8,6,1,9,2},{2,6,7,1,4,9,8,3,5},{8,9,1,2,5,3,6,4,7},{9,2,8,3,1,4,5,7,6},{1,3,4,5,6,7,9,2,8},{5,7,6,8,9,2,4,1,3},{4,5,2,6,3,1,7,8,9},{6,8,3,9,2,0,0,0,0},{0,0,0,0,0,0,0,0,0}}
]
11:44:21.788 INFO  [main] SudokuBoard - Wartość 0 wstawiona nieprawidłowo
11:44:21.789 INFO  [main] SudokuBoard - Bład w kwadracie 0
sudoku.model.SudokuBoard@5e0b7f58[
  size=9
  solver=sudoku.model.BacktrackingSudokuSolver@1e9e4468
  board={{3,4,5,7,8,6,1,9,2},{2,6,7,1,4,9,8,3,5},{8,9,1,2,5,3,6,4,7},{9,2,8,3,1,4,5,7,6},{1,3,4,5,6,7,9,2,8},{5,7,6,8,9,2,4,1,3},{4,5,2,6,3,1,7,8,9},{6,8,3,9,0,0,0,0,0},{0,0,0,0,0,0,0,0,0}}
]
11:44:21.789 INFO  [main] SudokuBoard - Wartość 0 wstawiona nieprawidłowo
11:44:21.789 INFO  [main] SudokuBoard - Bład w kwadracie 0
sudoku.model.SudokuBoard@5e0b7f58[
  size=9
  solver=sudoku.model.BacktrackingSudokuSolver@1e9e4468
  board={{3,4,5,7,8,6,1,9,2},{2,6,7,1,4,9,8,3,5},{8,9,1,2,5,3,6,4,7},{9,2,8,3,1,4,5,7,6},{1,3,4,5,6,7,9,2,8},{5,7,6,8,9,2,4,1,3},{4,5,2,6,3,1,7,8,9},{6,8,3,9,7,5,0,0,0},{0,0,0,0,0,0,0,0,0}}
]
11:44:21.792 INFO  [main] SudokuBoard - Wartość 0 wstawiona nieprawidłowo
11:44:21.793 INFO  [main] SudokuBoard - Bład w kwadracie 0
sudoku.model.SudokuBoard@5e0b7f58[
  size=9
  solver=sudoku.model.BacktrackingSudokuSolver@1e9e4468
  board={{3,4,5,7,8,6,1,9,2},{2,6,7,1,4,9,8,3,5},{8,9,1,2,5,3,6,4,7},{9,2,8,3,1,4,5,7,6},{1,3,4,5,6,7,9,2,8},{5,7,6,8,9,2,4,1,3},{4,5,2,6,3,1,7,8,9},{6,8,3,9,7,0,0,0,0},{0,0,0,0,0,0,0,0,0}}
]
11:44:21.793 INFO  [main] SudokuBoard - Wartość 0 wstawiona nieprawidłowo
11:44:21.794 INFO  [main] SudokuBoard - Bład w kwadracie 0
sudoku.model.SudokuBoard@5e0b7f58[
  size=9
  solver=sudoku.model.BacktrackingSudokuSolver@1e9e4468
  board={{3,4,5,7,8,6,1,9,2},{2,6,7,1,4,9,8,3,5},{8,9,1,2,5,3,6,4,7},{9,2,8,3,1,4,5,7,6},{1,3,4,5,6,7,9,2,8},{5,7,6,8,9,2,4,1,3},{4,5,2,6,3,1,7,8,9},{6,8,3,9,0,0,0,0,0},{0,0,0,0,0,0,0,0,0}}
]
11:44:21.795 INFO  [main] SudokuBoard - Wartość 0 wstawiona nieprawidłowo
11:44:21.796 INFO  [main] SudokuBoard - Bład w kwadracie 0
sudoku.model.SudokuBoard@5e0b7f58[
  size=9
  solver=sudoku.model.BacktrackingSudokuSolver@1e9e4468
  board={{3,4,5,7,8,6,1,9,2},{2,6,7,1,4,9,8,3,5},{8,9,1,2,5,3,6,4,7},{9,2,8,3,1,4,5,7,6},{1,3,4,5,6,7,9,2,8},{5,7,6,8,9,2,4,1,3},{4,5,2,6,3,1,7,8,9},{6,8,3,0,0,0,0,0,0},{0,0,0,0,0,0,0,0,0}}
]
11:44:21.797 INFO  [main] SudokuBoard - Wartość 0 wstawiona nieprawidłowo
11:44:21.798 INFO  [main] SudokuBoard - Bład w kwadracie 0
sudoku.model.SudokuBoard@5e0b7f58[
  size=9
  solver=sudoku.model.BacktrackingSudokuSolver@1e9e4468
  board={{3,4,5,7,8,6,1,9,2},{2,6,7,1,4,9,8,3,5},{8,9,1,2,5,3,6,4,7},{9,2,8,3,1,4,5,7,6},{1,3,4,5,6,7,9,2,8},{5,7,6,8,9,2,4,1,3},{4,5,2,6,3,1,7,8,9},{6,8,0,0,0,0,0,0,0},{0,0,0,0,0,0,0,0,0}}
]
11:44:21.798 INFO  [main] SudokuBoard - Wartość 0 wstawiona nieprawidłowo
11:44:21.799 INFO  [main] SudokuBoard - Bład w kwadracie 0
sudoku.model.SudokuBoard@5e0b7f58[
  size=9
  solver=sudoku.model.BacktrackingSudokuSolver@1e9e4468
  board={{3,4,5,7,8,6,1,9,2},{2,6,7,1,4,9,8,3,5},{8,9,1,2,5,3,6,4,7},{9,2,8,3,1,4,5,7,6},{1,3,4,5,6,7,9,2,8},{5,7,6,8,9,2,4,1,3},{4,5,2,6,3,1,7,8,9},{6,0,0,0,0,0,0,0,0},{0,0,0,0,0,0,0,0,0}}
]
11:44:21.799 INFO  [main] SudokuBoard - Wartość 0 wstawiona nieprawidłowo
11:44:21.800 INFO  [main] SudokuBoard - Bład w kwadracie 0
sudoku.model.SudokuBoard@5e0b7f58[
  size=9
  solver=sudoku.model.BacktrackingSudokuSolver@1e9e4468
  board={{3,4,5,7,8,6,1,9,2},{2,6,7,1,4,9,8,3,5},{8,9,1,2,5,3,6,4,7},{9,2,8,3,1,4,5,7,6},{1,3,4,5,6,7,9,2,8},{5,7,6,8,9,2,4,1,3},{4,5,2,6,3,1,7,8,9},{6,1,3,9,2,0,0,0,0},{0,0,0,0,0,0,0,0,0}}
]
11:44:21.800 INFO  [main] SudokuBoard - Wartość 0 wstawiona nieprawidłowo
11:44:21.800 INFO  [main] SudokuBoard - Bład w kwadracie 0
sudoku.model.SudokuBoard@5e0b7f58[
  size=9
  solver=sudoku.model.BacktrackingSudokuSolver@1e9e4468
  board={{3,4,5,7,8,6,1,9,2},{2,6,7,1,4,9,8,3,5},{8,9,1,2,5,3,6,4,7},{9,2,8,3,1,4,5,7,6},{1,3,4,5,6,7,9,2,8},{5,7,6,8,9,2,4,1,3},{4,5,2,6,3,1,7,8,9},{6,1,3,9,2,0,0,0,0},{0,0,0,0,0,0,0,0,0}}
]
11:44:21.804 INFO  [main] SudokuBoard - Wartość 0 wstawiona nieprawidłowo
11:44:21.805 INFO  [main] SudokuBoard - Bład w kwadracie 0
sudoku.model.SudokuBoard@5e0b7f58[
  size=9
  solver=sudoku.model.BacktrackingSudokuSolver@1e9e4468
  board={{3,4,5,7,8,6,1,9,2},{2,6,7,1,4,9,8,3,5},{8,9,1,2,5,3,6,4,7},{9,2,8,3,1,4,5,7,6},{1,3,4,5,6,7,9,2,8},{5,7,6,8,9,2,4,1,3},{4,5,2,6,3,1,7,8,9},{6,1,3,9,0,0,0,0,0},{0,0,0,0,0,0,0,0,0}}
]
11:44:21.806 INFO  [main] SudokuBoard - Wartość 0 wstawiona nieprawidłowo
11:44:21.806 INFO  [main] SudokuBoard - Bład w kwadracie 0
sudoku.model.SudokuBoard@5e0b7f58[
  size=9
  solver=sudoku.model.BacktrackingSudokuSolver@1e9e4468
  board={{3,4,5,7,8,6,1,9,2},{2,6,7,1,4,9,8,3,5},{8,9,1,2,5,3,6,4,7},{9,2,8,3,1,4,5,7,6},{1,3,4,5,6,7,9,2,8},{5,7,6,8,9,2,4,1,3},{4,5,2,6,3,1,7,8,9},{6,1,3,9,7,5,0,0,0},{0,0,0,0,0,0,0,0,0}}
]
11:44:21.807 INFO  [main] SudokuBoard - Wartość 0 wstawiona nieprawidłowo
11:44:21.808 INFO  [main] SudokuBoard - Bład w kwadracie 0
sudoku.model.SudokuBoard@5e0b7f58[
  size=9
  solver=sudoku.model.BacktrackingSudokuSolver@1e9e4468
  board={{3,4,5,7,8,6,1,9,2},{2,6,7,1,4,9,8,3,5},{8,9,1,2,5,3,6,4,7},{9,2,8,3,1,4,5,7,6},{1,3,4,5,6,7,9,2,8},{5,7,6,8,9,2,4,1,3},{4,5,2,6,3,1,7,8,9},{6,1,3,9,7,0,0,0,0},{0,0,0,0,0,0,0,0,0}}
]
11:44:21.808 INFO  [main] SudokuBoard - Wartość 0 wstawiona nieprawidłowo
2021-01-22 11:44:21,875 main DEBUG Not in a ServletContext environment, thus not loading WebLookup plugin.
2021-01-22 11:44:21,878 main DEBUG PluginManager 'Converter' found 41 plugins
2021-01-22 11:44:21,880 main DEBUG Jansi is not installed, cannot find org.fusesource.jansi.WindowsAnsiOutputStream
2021-01-22 11:44:21,881 main DEBUG Starting OutputStreamManager SYSTEM_OUT.false.false-2
2021-01-22 11:44:21,881 main DEBUG Starting LoggerContext[name=Default, org.apache.logging.log4j.core.LoggerContext@7bb4f09d]...
2021-01-22 11:44:21,892 main DEBUG Reconfiguration started for context[name=Default] at URI null (org.apache.logging.log4j.core.LoggerContext@7bb4f09d) with optional ClassLoader: null
2021-01-22 11:44:21,892 main DEBUG Using configurationFactory org.apache.logging.log4j.core.config.ConfigurationFactory$Factory@ee7a538
2021-01-22 11:44:21,893 main TRACE Trying to find [log4j2-testDefault.properties] using context class loader jdk.internal.loader.ClassLoaders$AppClassLoader@26ba2a48.
2021-01-22 11:44:21,895 main TRACE Trying to find [log4j2-testDefault.properties] using jdk.internal.loader.ClassLoaders$AppClassLoader@26ba2a48 class loader.
2021-01-22 11:44:21,895 main TRACE Trying to find [log4j2-testDefault.properties] using jdk.internal.loader.ClassLoaders$AppClassLoader@26ba2a48 class loader.
2021-01-22 11:44:21,897 main TRACE Trying to find [log4j2-testDefault.properties] using ClassLoader.getSystemResource().
2021-01-22 11:44:21,897 main TRACE Trying to find [log4j2-testDefault.yml] using context class loader jdk.internal.loader.ClassLoaders$AppClassLoader@26ba2a48.
2021-01-22 11:44:21,898 main TRACE Trying to find [log4j2-testDefault.yml] using jdk.internal.loader.ClassLoaders$AppClassLoader@26ba2a48 class loader.
2021-01-22 11:44:21,899 main TRACE Trying to find [log4j2-testDefault.yml] using jdk.internal.loader.ClassLoaders$AppClassLoader@26ba2a48 class loader.
2021-01-22 11:44:21,899 main TRACE Trying to find [log4j2-testDefault.yml] using ClassLoader.getSystemResource().
2021-01-22 11:44:21,900 main TRACE Trying to find [log4j2-testDefault.yaml] using context class loader jdk.internal.loader.ClassLoaders$AppClassLoader@26ba2a48.
2021-01-22 11:44:21,901 main TRACE Trying to find [log4j2-testDefault.yaml] using jdk.internal.loader.ClassLoaders$AppClassLoader@26ba2a48 class loader.
2021-01-22 11:44:21,901 main TRACE Trying to find [log4j2-testDefault.yaml] using jdk.internal.loader.ClassLoaders$AppClassLoader@26ba2a48 class loader.
2021-01-22 11:44:21,903 main TRACE Trying to find [log4j2-testDefault.yaml] using ClassLoader.getSystemResource().
2021-01-22 11:44:21,903 main TRACE Trying to find [log4j2-testDefault.json] using context class loader jdk.internal.loader.ClassLoaders$AppClassLoader@26ba2a48.
2021-01-22 11:44:21,904 main TRACE Trying to find [log4j2-testDefault.json] using jdk.internal.loader.ClassLoaders$AppClassLoader@26ba2a48 class loader.
2021-01-22 11:44:21,905 main TRACE Trying to find [log4j2-testDefault.json] using jdk.internal.loader.ClassLoaders$AppClassLoader@26ba2a48 class loader.
2021-01-22 11:44:21,905 main TRACE Trying to find [log4j2-testDefault.json] using ClassLoader.getSystemResource().
2021-01-22 11:44:21,905 main TRACE Trying to find [log4j2-testDefault.jsn] using context class loader jdk.internal.loader.ClassLoaders$AppClassLoader@26ba2a48.
2021-01-22 11:44:21,909 main TRACE Trying to find [log4j2-testDefault.jsn] using jdk.internal.loader.ClassLoaders$AppClassLoader@26ba2a48 class loader.
2021-01-22 11:44:21,909 main TRACE Trying to find [log4j2-testDefault.jsn] using jdk.internal.loader.ClassLoaders$AppClassLoader@26ba2a48 class loader.
2021-01-22 11:44:21,910 main TRACE Trying to find [log4j2-testDefault.jsn] using ClassLoader.getSystemResource().
2021-01-22 11:44:21,910 main TRACE Trying to find [log4j2-testDefault.xml] using context class loader jdk.internal.loader.ClassLoaders$AppClassLoader@26ba2a48.
2021-01-22 11:44:21,911 main TRACE Trying to find [log4j2-testDefault.xml] using jdk.internal.loader.ClassLoaders$AppClassLoader@26ba2a48 class loader.
2021-01-22 11:44:21,912 main TRACE Trying to find [log4j2-testDefault.xml] using jdk.internal.loader.ClassLoaders$AppClassLoader@26ba2a48 class loader.
2021-01-22 11:44:21,912 main TRACE Trying to find [log4j2-testDefault.xml] using ClassLoader.getSystemResource().
2021-01-22 11:44:21,913 main TRACE Trying to find [log4j2-test.properties] using context class loader jdk.internal.loader.ClassLoaders$AppClassLoader@26ba2a48.
2021-01-22 11:44:21,914 main TRACE Trying to find [log4j2-test.properties] using jdk.internal.loader.ClassLoaders$AppClassLoader@26ba2a48 class loader.
2021-01-22 11:44:21,915 main TRACE Trying to find [log4j2-test.properties] using jdk.internal.loader.ClassLoaders$AppClassLoader@26ba2a48 class loader.
2021-01-22 11:44:21,916 main TRACE Trying to find [log4j2-test.properties] using ClassLoader.getSystemResource().
2021-01-22 11:44:21,917 main TRACE Trying to find [log4j2-test.yml] using context class loader jdk.internal.loader.ClassLoaders$AppClassLoader@26ba2a48.
2021-01-22 11:44:21,925 main TRACE Trying to find [log4j2-test.yml] using jdk.internal.loader.ClassLoaders$AppClassLoader@26ba2a48 class loader.
2021-01-22 11:44:21,928 main TRACE Trying to find [log4j2-test.yml] using jdk.internal.loader.ClassLoaders$AppClassLoader@26ba2a48 class loader.
2021-01-22 11:44:21,928 main TRACE Trying to find [log4j2-test.yml] using ClassLoader.getSystemResource().
2021-01-22 11:44:21,929 main TRACE Trying to find [log4j2-test.yaml] using context class loader jdk.internal.loader.ClassLoaders$AppClassLoader@26ba2a48.
2021-01-22 11:44:21,930 main TRACE Trying to find [log4j2-test.yaml] using jdk.internal.loader.ClassLoaders$AppClassLoader@26ba2a48 class loader.
2021-01-22 11:44:21,930 main TRACE Trying to find [log4j2-test.yaml] using jdk.internal.loader.ClassLoaders$AppClassLoader@26ba2a48 class loader.
2021-01-22 11:44:21,930 main TRACE Trying to find [log4j2-test.yaml] using ClassLoader.getSystemResource().
2021-01-22 11:44:21,932 main TRACE Trying to find [log4j2-test.json] using context class loader jdk.internal.loader.ClassLoaders$AppClassLoader@26ba2a48.
2021-01-22 11:44:21,935 main TRACE Trying to find [log4j2-test.json] using jdk.internal.loader.ClassLoaders$AppClassLoader@26ba2a48 class loader.
2021-01-22 11:44:21,935 main TRACE Trying to find [log4j2-test.json] using jdk.internal.loader.ClassLoaders$AppClassLoader@26ba2a48 class loader.
2021-01-22 11:44:21,935 main TRACE Trying to find [log4j2-test.json] using ClassLoader.getSystemResource().
2021-01-22 11:44:21,963 main TRACE Trying to find [log4j2-test.jsn] using context class loader jdk.internal.loader.ClassLoaders$AppClassLoader@26ba2a48.
2021-01-22 11:44:21,974 main TRACE Trying to find [log4j2-test.jsn] using jdk.internal.loader.ClassLoaders$AppClassLoader@26ba2a48 class loader.
2021-01-22 11:44:21,974 main TRACE Trying to find [log4j2-test.jsn] using jdk.internal.loader.ClassLoaders$AppClassLoader@26ba2a48 class loader.
2021-01-22 11:44:21,976 main TRACE Trying to find [log4j2-test.jsn] using ClassLoader.getSystemResource().
2021-01-22 11:44:21,978 main TRACE Trying to find [log4j2-test.xml] using context class loader jdk.internal.loader.ClassLoaders$AppClassLoader@26ba2a48.
2021-01-22 11:44:21,978 main TRACE Trying to find [log4j2-test.xml] using jdk.internal.loader.ClassLoaders$AppClassLoader@26ba2a48 class loader.
2021-01-22 11:44:21,985 main TRACE Trying to find [log4j2-test.xml] using jdk.internal.loader.ClassLoaders$AppClassLoader@26ba2a48 class loader.
2021-01-22 11:44:21,985 main TRACE Trying to find [log4j2-test.xml] using ClassLoader.getSystemResource().
2021-01-22 11:44:21,986 main TRACE Trying to find [log4j2Default.properties] using context class loader jdk.internal.loader.ClassLoaders$AppClassLoader@26ba2a48.
2021-01-22 11:44:22,024 main TRACE Trying to find [log4j2Default.properties] using jdk.internal.loader.ClassLoaders$AppClassLoader@26ba2a48 class loader.
2021-01-22 11:44:22,030 main TRACE Trying to find [log4j2Default.properties] using jdk.internal.loader.ClassLoaders$AppClassLoader@26ba2a48 class loader.
2021-01-22 11:44:22,031 main TRACE Trying to find [log4j2Default.properties] using ClassLoader.getSystemResource().
2021-01-22 11:44:22,032 main TRACE Trying to find [log4j2Default.yml] using context class loader jdk.internal.loader.ClassLoaders$AppClassLoader@26ba2a48.
2021-01-22 11:44:22,035 main TRACE Trying to find [log4j2Default.yml] using jdk.internal.loader.ClassLoaders$AppClassLoader@26ba2a48 class loader.
2021-01-22 11:44:22,035 main TRACE Trying to find [log4j2Default.yml] using jdk.internal.loader.ClassLoaders$AppClassLoader@26ba2a48 class loader.
2021-01-22 11:44:22,043 main TRACE Trying to find [log4j2Default.yml] using ClassLoader.getSystemResource().
2021-01-22 11:44:22,044 main TRACE Trying to find [log4j2Default.yaml] using context class loader jdk.internal.loader.ClassLoaders$AppClassLoader@26ba2a48.
2021-01-22 11:44:22,046 main TRACE Trying to find [log4j2Default.yaml] using jdk.internal.loader.ClassLoaders$AppClassLoader@26ba2a48 class loader.
2021-01-22 11:44:22,048 main TRACE Trying to find [log4j2Default.yaml] using jdk.internal.loader.ClassLoaders$AppClassLoader@26ba2a48 class loader.
2021-01-22 11:44:22,068 main TRACE Trying to find [log4j2Default.yaml] using ClassLoader.getSystemResource().
2021-01-22 11:44:22,070 main TRACE Trying to find [log4j2Default.json] using context class loader jdk.internal.loader.ClassLoaders$AppClassLoader@26ba2a48.
2021-01-22 11:44:22,071 main TRACE Trying to find [log4j2Default.json] using jdk.internal.loader.ClassLoaders$AppClassLoader@26ba2a48 class loader.
2021-01-22 11:44:22,072 main TRACE Trying to find [log4j2Default.json] using jdk.internal.loader.ClassLoaders$AppClassLoader@26ba2a48 class loader.
2021-01-22 11:44:22,072 main TRACE Trying to find [log4j2Default.json] using ClassLoader.getSystemResource().
2021-01-22 11:44:22,078 main TRACE Trying to find [log4j2Default.jsn] using context class loader jdk.internal.loader.ClassLoaders$AppClassLoader@26ba2a48.
2021-01-22 11:44:22,080 main TRACE Trying to find [log4j2Default.jsn] using jdk.internal.loader.ClassLoaders$AppClassLoader@26ba2a48 class loader.
2021-01-22 11:44:22,080 main TRACE Trying to find [log4j2Default.jsn] using jdk.internal.loader.ClassLoaders$AppClassLoader@26ba2a48 class loader.
2021-01-22 11:44:22,080 main TRACE Trying to find [log4j2Default.jsn] using ClassLoader.getSystemResource().
2021-01-22 11:44:22,081 main TRACE Trying to find [log4j2Default.xml] using context class loader jdk.internal.loader.ClassLoaders$AppClassLoader@26ba2a48.
2021-01-22 11:44:22,081 main TRACE Trying to find [log4j2Default.xml] using jdk.internal.loader.ClassLoaders$AppClassLoader@26ba2a48 class loader.
2021-01-22 11:44:22,082 main TRACE Trying to find [log4j2Default.xml] using jdk.internal.loader.ClassLoaders$AppClassLoader@26ba2a48 class loader.
2021-01-22 11:44:22,082 main TRACE Trying to find [log4j2Default.xml] using ClassLoader.getSystemResource().
2021-01-22 11:44:22,082 main TRACE Trying to find [log4j2.properties] using context class loader jdk.internal.loader.ClassLoaders$AppClassLoader@26ba2a48.
2021-01-22 11:44:22,082 main TRACE Trying to find [log4j2.properties] using jdk.internal.loader.ClassLoaders$AppClassLoader@26ba2a48 class loader.
2021-01-22 11:44:22,083 main TRACE Trying to find [log4j2.properties] using jdk.internal.loader.ClassLoaders$AppClassLoader@26ba2a48 class loader.
2021-01-22 11:44:22,084 main TRACE Trying to find [log4j2.properties] using ClassLoader.getSystemResource().
2021-01-22 11:44:22,084 main TRACE Trying to find [log4j2.yml] using context class loader jdk.internal.loader.ClassLoaders$AppClassLoader@26ba2a48.
2021-01-22 11:44:22,088 main TRACE Trying to find [log4j2.yml] using jdk.internal.loader.ClassLoaders$AppClassLoader@26ba2a48 class loader.
2021-01-22 11:44:22,088 main TRACE Trying to find [log4j2.yml] using jdk.internal.loader.ClassLoaders$AppClassLoader@26ba2a48 class loader.
2021-01-22 11:44:22,089 main TRACE Trying to find [log4j2.yml] using ClassLoader.getSystemResource().
2021-01-22 11:44:22,089 main TRACE Trying to find [log4j2.yaml] using context class loader jdk.internal.loader.ClassLoaders$AppClassLoader@26ba2a48.
2021-01-22 11:44:22,089 main TRACE Trying to find [log4j2.yaml] using jdk.internal.loader.ClassLoaders$AppClassLoader@26ba2a48 class loader.
2021-01-22 11:44:22,089 main TRACE Trying to find [log4j2.yaml] using jdk.internal.loader.ClassLoaders$AppClassLoader@26ba2a48 class loader.
2021-01-22 11:44:22,091 main TRACE Trying to find [log4j2.yaml] using ClassLoader.getSystemResource().
2021-01-22 11:44:22,092 main TRACE Trying to find [log4j2.json] using context class loader jdk.internal.loader.ClassLoaders$AppClassLoader@26ba2a48.
2021-01-22 11:44:22,092 main TRACE Trying to find [log4j2.json] using jdk.internal.loader.ClassLoaders$AppClassLoader@26ba2a48 class loader.
2021-01-22 11:44:22,092 main TRACE Trying to find [log4j2.json] using jdk.internal.loader.ClassLoaders$AppClassLoader@26ba2a48 class loader.
2021-01-22 11:44:22,093 main TRACE Trying to find [log4j2.json] using ClassLoader.getSystemResource().
2021-01-22 11:44:22,093 main TRACE Trying to find [log4j2.jsn] using context class loader jdk.internal.loader.ClassLoaders$AppClassLoader@26ba2a48.
2021-01-22 11:44:22,125 main TRACE Trying to find [log4j2.jsn] using jdk.internal.loader.ClassLoaders$AppClassLoader@26ba2a48 class loader.
2021-01-22 11:44:22,126 main TRACE Trying to find [log4j2.jsn] using jdk.internal.loader.ClassLoaders$AppClassLoader@26ba2a48 class loader.
2021-01-22 11:44:22,128 main TRACE Trying to find [log4j2.jsn] using ClassLoader.getSystemResource().
2021-01-22 11:44:22,130 main TRACE Trying to find [log4j2.xml] using context class loader jdk.internal.loader.ClassLoaders$AppClassLoader@26ba2a48.
2021-01-22 11:44:22,131 main DEBUG Not in a ServletContext environment, thus not loading WebLookup plugin.
2021-01-22 11:44:22,141 main DEBUG Initializing configuration XmlConfiguration[location=E:\studia\Sem-3\Programowanie komponentowe (07 72 3060 19)_pliki\ProjektKompo\an_pn_1145_03\Model\target\classes\log4j2.xml]
2021-01-22 11:44:22,142 main DEBUG Installed script engines
2021-01-22 11:44:22,179 main DEBUG Oracle Nashorn Version: 14.0.2, Language: ECMAScript, Threading: Not Thread Safe, Compile: true, Names: {nashorn, Nashorn, js, JS, JavaScript, javascript, ECMAScript, ecmascript}
2021-01-22 11:44:22,180 main DEBUG PluginManager 'Core' found 107 plugins
2021-01-22 11:44:22,180 main DEBUG PluginManager 'Level' found 0 plugins
2021-01-22 11:44:22,182 main ERROR Error processing element Strategies ([RollingFile: null]): CLASS_NOT_FOUND
2021-01-22 11:44:22,182 main DEBUG Log4j2 ConfigurationScheduler: No scheduled items
2021-01-22 11:44:22,182 main DEBUG Building Plugin[name=property, class=org.apache.logging.log4j.core.config.Property].
2021-01-22 11:44:22,184 main DEBUG createProperty(name="logDir", value="target/log")
2021-01-22 11:44:22,185 main DEBUG Building Plugin[name=properties, class=org.apache.logging.log4j.core.config.PropertiesPlugin].
2021-01-22 11:44:22,185 main DEBUG configureSubstitutor(={logDir=target/log}, Configuration(E:\studia\Sem-3\Programowanie komponentowe (07 72 3060 19)_pliki\ProjektKompo\an_pn_1145_03\Model\target\classes\log4j2.xml))
2021-01-22 11:44:22,186 main DEBUG PluginManager 'Lookup' found 13 plugins
2021-01-22 11:44:22,186 main DEBUG Building Plugin[name=layout, class=org.apache.logging.log4j.core.layout.PatternLayout].
2021-01-22 11:44:22,188 main DEBUG PatternLayout$Builder(pattern="%date{HH:mm:ss.SSS} %-5level [%thread] %logger{1} - %msg%n", PatternSelector=null, Configuration(E:\studia\Sem-3\Programowanie komponentowe (07 72 3060 19)_pliki\ProjektKompo\an_pn_1145_03\Model\target\classes\log4j2.xml), Replace=null, charset="null", alwaysWriteExceptions="null", noConsoleNoAnsi="null", header="null", footer="null", )
2021-01-22 11:44:22,188 main DEBUG PluginManager 'Converter' found 41 plugins
2021-01-22 11:44:22,189 main DEBUG Building Plugin[name=appender, class=org.apache.logging.log4j.core.appender.ConsoleAppender].
2021-01-22 11:44:22,190 main DEBUG ConsoleAppender$Builder(target="null", follow="null", direct="null", , bufferedIo="null", bufferSize="null", immediateFlush="null", , ignoreExceptions="null", PatternLayout(%date{HH:mm:ss.SSS} %-5level [%thread] %logger{1} - %msg%n), name="CONSOLE", , Filter=null, )
2021-01-22 11:44:22,191 main DEBUG Jansi is not installed, cannot find org.fusesource.jansi.WindowsAnsiOutputStream
2021-01-22 11:44:22,200 main DEBUG Building Plugin[name=layout, class=org.apache.logging.log4j.core.layout.PatternLayout].
2021-01-22 11:44:22,201 main DEBUG PatternLayout$Builder(pattern="%d{ISO8601} %-5level [%thread] %logger %m%n", PatternSelector=null, Configuration(E:\studia\Sem-3\Programowanie komponentowe (07 72 3060 19)_pliki\ProjektKompo\an_pn_1145_03\Model\target\classes\log4j2.xml), Replace=null, charset="null", alwaysWriteExceptions="null", noConsoleNoAnsi="null", header="null", footer="null", )
2021-01-22 11:44:22,202 main DEBUG Building Plugin[name=TimeBasedTriggeringPolicy, class=org.apache.logging.log4j.core.appender.rolling.TimeBasedTriggeringPolicy].
2021-01-22 11:44:22,202 main DEBUG createPolicy(interval="null", modulate="null")
2021-01-22 11:44:22,202 main DEBUG Building Plugin[name=SizeBasedTriggeringPolicy, class=org.apache.logging.log4j.core.appender.rolling.SizeBasedTriggeringPolicy].
2021-01-22 11:44:22,203 main DEBUG createPolicy(size="1m")
2021-01-22 11:44:22,203 main DEBUG Building Plugin[name=Policies, class=org.apache.logging.log4j.core.appender.rolling.CompositeTriggeringPolicy].
2021-01-22 11:44:22,204 main DEBUG createPolicy(={TimeBasedTriggeringPolicy(nextRolloverMillis=0, interval=1, modulate=false), SizeBasedTriggeringPolicy(size=1048576)})
2021-01-22 11:44:22,204 main DEBUG Building Plugin[name=appender, class=org.apache.logging.log4j.core.appender.RollingFileAppender].
2021-01-22 11:44:22,205 main DEBUG RollingFileAppender$Builder(fileName="target/log/blog.log", filePattern="target/log/blog.%d{yyyy-MM-dd}-%i.log.gz", append="null", locking="null", Policies(CompositeTriggeringPolicy(policies=[TimeBasedTriggeringPolicy(nextRolloverMillis=0, interval=1, modulate=false), SizeBasedTriggeringPolicy(size=1048576)])), Strategy=null, advertise="null", advertiseUri="null", createOnDemand="null", Configuration(E:\studia\Sem-3\Programowanie komponentowe (07 72 3060 19)_pliki\ProjektKompo\an_pn_1145_03\Model\target\classes\log4j2.xml), , bufferedIo="null", bufferSize="null", immediateFlush="null", , ignoreExceptions="null", PatternLayout(%d{ISO8601} %-5level [%thread] %logger %m%n), name="FILE", , Filter=null, )
2021-01-22 11:44:22,205 main TRACE PatternProcessor.getNextTime returning 2021/01/23-00:00:00.000, nextFileTime=2021/01/22-00:00:00.000, prevFileTime=2021/01/22-00:00:00.000, current=2021/01/22-11:44:22.205, freq=DAILY
2021-01-22 11:44:22,212 main TRACE PatternProcessor.getNextTime returning 2021/01/23-00:00:00.000, nextFileTime=2021/01/22-00:00:00.000, prevFileTime=2021/01/22-00:00:00.000, current=2021/01/22-11:44:22.212, freq=DAILY
2021-01-22 11:44:22,212 main TRACE PatternProcessor.getNextTime returning 2021/01/23-00:00:00.000, nextFileTime=2021/01/22-00:00:00.000, prevFileTime=2021/01/22-00:00:00.000, current=2021/01/22-11:44:22.212, freq=DAILY
2021-01-22 11:44:22,213 main TRACE PatternProcessor.getNextTime returning 2021/01/23-00:00:00.000, nextFileTime=2021/01/22-00:00:00.000, prevFileTime=2021/01/22-00:00:00.000, current=2021/01/22-11:44:22.213, freq=DAILY
2021-01-22 11:44:22,214 main DEBUG Building Plugin[name=appenders, class=org.apache.logging.log4j.core.config.AppendersPlugin].
2021-01-22 11:44:22,214 main DEBUG createAppenders(={CONSOLE, FILE})
2021-01-22 11:44:22,214 main DEBUG Building Plugin[name=logger, class=org.apache.logging.log4j.core.config.LoggerConfig].
2021-01-22 11:44:22,216 main DEBUG createLogger(additivity="true", level="DEBUG", name="com.github.gquintana.logging", includeLocation="null", ={}, ={}, Configuration(E:\studia\Sem-3\Programowanie komponentowe (07 72 3060 19)_pliki\ProjektKompo\an_pn_1145_03\Model\target\classes\log4j2.xml), Filter=null)
2021-01-22 11:44:22,216 main DEBUG Building Plugin[name=AppenderRef, class=org.apache.logging.log4j.core.config.AppenderRef].
2021-01-22 11:44:22,217 main DEBUG createAppenderRef(ref="CONSOLE", level="null", Filter=null)
2021-01-22 11:44:22,217 main DEBUG Building Plugin[name=AppenderRef, class=org.apache.logging.log4j.core.config.AppenderRef].
2021-01-22 11:44:22,217 main DEBUG createAppenderRef(ref="FILE", level="null", Filter=null)
2021-01-22 11:44:22,218 main DEBUG Building Plugin[name=root, class=org.apache.logging.log4j.core.config.LoggerConfig$RootLogger].
2021-01-22 11:44:22,225 main DEBUG createLogger(additivity="null", level="INFO", includeLocation="null", ={CONSOLE, FILE}, ={}, Configuration(E:\studia\Sem-3\Programowanie komponentowe (07 72 3060 19)_pliki\ProjektKompo\an_pn_1145_03\Model\target\classes\log4j2.xml), Filter=null)
2021-01-22 11:44:22,226 main DEBUG Building Plugin[name=loggers, class=org.apache.logging.log4j.core.config.LoggersPlugin].
2021-01-22 11:44:22,228 main DEBUG createLoggers(={com.github.gquintana.logging, root})
2021-01-22 11:44:22,229 main DEBUG Configuration XmlConfiguration[location=E:\studia\Sem-3\Programowanie komponentowe (07 72 3060 19)_pliki\ProjektKompo\an_pn_1145_03\Model\target\classes\log4j2.xml] initialized
2021-01-22 11:44:22,230 main DEBUG Starting configuration XmlConfiguration[location=E:\studia\Sem-3\Programowanie komponentowe (07 72 3060 19)_pliki\ProjektKompo\an_pn_1145_03\Model\target\classes\log4j2.xml]
2021-01-22 11:44:22,250 main DEBUG Started configuration XmlConfiguration[location=E:\studia\Sem-3\Programowanie komponentowe (07 72 3060 19)_pliki\ProjektKompo\an_pn_1145_03\Model\target\classes\log4j2.xml] OK.
2021-01-22 11:44:22,252 main TRACE Stopping org.apache.logging.log4j.core.config.DefaultConfiguration@65528bcf...
2021-01-22 11:44:22,252 main TRACE DefaultConfiguration notified 1 ReliabilityStrategies that config will be stopped.
2021-01-22 11:44:22,252 main TRACE DefaultConfiguration stopping root LoggerConfig.
2021-01-22 11:44:22,252 main TRACE DefaultConfiguration notifying ReliabilityStrategies that appenders will be stopped.
2021-01-22 11:44:22,252 main TRACE DefaultConfiguration stopping remaining Appenders.
2021-01-22 11:44:22,252 main DEBUG Shutting down OutputStreamManager SYSTEM_OUT.false.false-2
2021-01-22 11:44:22,254 main DEBUG Shut down OutputStreamManager SYSTEM_OUT.false.false-2, all resources released: true
2021-01-22 11:44:22,254 main TRACE DefaultConfiguration stopped 1 remaining Appenders.
2021-01-22 11:44:22,255 main TRACE DefaultConfiguration cleaning Appenders from 1 LoggerConfigs.
2021-01-22 11:44:22,258 main DEBUG Stopped org.apache.logging.log4j.core.config.DefaultConfiguration@65528bcf OK
2021-01-22 11:44:22,258 main TRACE Reregistering MBeans after reconfigure. Selector=org.apache.logging.log4j.core.selector.ClassLoaderContextSelector@b1f36e5
2021-01-22 11:44:22,258 main TRACE Reregistering context (1/1): '26ba2a48' org.apache.logging.log4j.core.LoggerContext@52afcdd8
2021-01-22 11:44:22,259 main TRACE Unregistering 1 MBeans: [org.apache.logging.log4j2:type=26ba2a48]
2021-01-22 11:44:22,260 main TRACE Unregistering 1 MBeans: [org.apache.logging.log4j2:type=26ba2a48,component=StatusLogger]
2021-01-22 11:44:22,260 main TRACE Unregistering 1 MBeans: [org.apache.logging.log4j2:type=26ba2a48,component=ContextSelector]
2021-01-22 11:44:22,275 main TRACE Unregistering 2 MBeans: [org.apache.logging.log4j2:type=26ba2a48,component=Loggers,name=com.github.gquintana.logging, org.apache.logging.log4j2:type=26ba2a48,component=Loggers,name=]
2021-01-22 11:44:22,277 main TRACE Unregistering 2 MBeans: [org.apache.logging.log4j2:type=26ba2a48,component=Appenders,name=CONSOLE, org.apache.logging.log4j2:type=26ba2a48,component=Appenders,name=FILE]
2021-01-22 11:44:22,278 main TRACE Unregistering but no MBeans found matching 'org.apache.logging.log4j2:type=26ba2a48,component=AsyncAppenders,name=*'
2021-01-22 11:44:22,278 main TRACE Unregistering but no MBeans found matching 'org.apache.logging.log4j2:type=26ba2a48,component=AsyncLoggerRingBuffer'
2021-01-22 11:44:22,279 main TRACE Unregistering but no MBeans found matching 'org.apache.logging.log4j2:type=26ba2a48,component=Loggers,name=*,subtype=RingBuffer'
2021-01-22 11:44:22,279 main DEBUG Registering MBean org.apache.logging.log4j2:type=26ba2a48
2021-01-22 11:44:22,280 main DEBUG Registering MBean org.apache.logging.log4j2:type=26ba2a48,component=StatusLogger
2021-01-22 11:44:22,284 main DEBUG Registering MBean org.apache.logging.log4j2:type=26ba2a48,component=ContextSelector
2021-01-22 11:44:22,286 main DEBUG Registering MBean org.apache.logging.log4j2:type=26ba2a48,component=Loggers,name=
2021-01-22 11:44:22,286 main DEBUG Registering MBean org.apache.logging.log4j2:type=26ba2a48,component=Loggers,name=com.github.gquintana.logging
2021-01-22 11:44:22,287 main DEBUG Registering MBean org.apache.logging.log4j2:type=26ba2a48,component=Appenders,name=FILE
2021-01-22 11:44:22,287 main DEBUG Registering MBean org.apache.logging.log4j2:type=26ba2a48,component=Appenders,name=CONSOLE
2021-01-22 11:44:22,287 main TRACE Using DummyNanoClock for nanosecond timestamps.
2021-01-22 11:44:22,287 main DEBUG Reconfiguration complete for context[name=Default] at URI E:\studia\Sem-3\Programowanie komponentowe (07 72 3060 19)_pliki\ProjektKompo\an_pn_1145_03\Model\target\classes\log4j2.xml (org.apache.logging.log4j.core.LoggerContext@7bb4f09d) with optional ClassLoader: null
2021-01-22 11:44:22,288 main DEBUG Shutdown hook enabled. Registering a new one.
2021-01-22 11:44:22,288 main DEBUG LoggerContext[name=Default, org.apache.logging.log4j.core.LoggerContext@7bb4f09d] started OK.
sudoku.model.SudokuBoard@20e73e41[
  size=9
  solver=sudoku.model.BacktrackingSudokuSolver@1e9e4468
  board={{3,4,5,7,8,6,1,9,2},{2,6,7,1,4,9,8,3,5},{8,9,1,2,5,3,6,4,7},{9,2,8,3,1,4,5,7,6},{1,3,4,5,6,7,9,2,8},{5,7,6,8,9,2,4,1,3},{4,5,2,6,3,1,7,8,9},{6,1,3,9,7,8,2,5,4},{7,8,9,4,2,5,3,6,1}}
]
sudoku.model.SudokuBoard@b1e63b5[
  size=9
  solver=sudoku.model.BacktrackingSudokuSolver@186537ac
  board={{3,4,5,7,8,6,1,9,2},{2,6,7,1,4,9,8,3,5},{8,9,1,2,5,3,6,4,7},{9,2,8,3,1,4,5,7,6},{1,3,4,5,6,7,9,2,8},{5,7,6,8,9,2,4,1,3},{4,5,2,6,3,1,7,8,9},{6,1,3,9,7,8,2,5,4},{7,8,9,4,2,5,3,6,1}}
]
]]></system-out>
    <system-err><![CDATA[Warning: Nashorn engine is planned to be removed from a future JDK release
]]></system-err>
  </testcase>
</testsuite>