<?xml version="1.0" encoding="UTF-8"?>
<testsuite xmlns:xsi="http://www.w3.org/2001/XMLSchema-instance" xsi:noNamespaceSchemaLocation="https://maven.apache.org/surefire/maven-surefire-plugin/xsd/surefire-test-report-3.0.xsd" version="3.0" name="sudoku.model.SudokuBoardTest" time="0.246" tests="14" errors="0" skipped="0" failures="0">
  <properties>
    <property name="java.specification.version" value="14"/>
    <property name="sun.cpu.isalist" value="amd64"/>
    <property name="sun.jnu.encoding" value="Cp1250"/>
    <property name="java.class.path" value="E:\studia\Sem-3\Programowanie komponentowe (07 72 3060 19)_pliki\ProjektKompo\an_pn_1145_03\Model\target\test-classes;E:\studia\Sem-3\Programowanie komponentowe (07 72 3060 19)_pliki\Projekty\Projektnr1\org\junit\jupiter\junit-jupiter-engine\5.6.2\junit-jupiter-engine-5.6.2.jar;E:\studia\Sem-3\Programowanie komponentowe (07 72 3060 19)_pliki\Projekty\Projektnr1\org\apiguardian\apiguardian-api\1.1.0\apiguardian-api-1.1.0.jar;E:\studia\Sem-3\Programowanie komponentowe (07 72 3060 19)_pliki\Projekty\Projektnr1\org\junit\platform\junit-platform-engine\1.6.2\junit-platform-engine-1.6.2.jar;E:\studia\Sem-3\Programowanie komponentowe (07 72 3060 19)_pliki\Projekty\Projektnr1\org\opentest4j\opentest4j\1.2.0\opentest4j-1.2.0.jar;E:\studia\Sem-3\Programowanie komponentowe (07 72 3060 19)_pliki\Projekty\Projektnr1\org\junit\platform\junit-platform-commons\1.6.2\junit-platform-commons-1.6.2.jar;E:\studia\Sem-3\Programowanie komponentowe (07 72 3060 19)_pliki\Projekty\Projektnr1\org\junit\jupiter\junit-jupiter-api\5.6.2\junit-jupiter-api-5.6.2.jar;E:\studia\Sem-3\Programowanie komponentowe (07 72 3060 19)_pliki\Projekty\Projektnr1\org\projectlombok\lombok\1.18.16\lombok-1.18.16.jar;E:\studia\Sem-3\Programowanie komponentowe (07 72 3060 19)_pliki\Projekty\Projektnr1\org\hibernate\hibernate-core\5.4.27.Final\hibernate-core-5.4.27.Final.jar;E:\studia\Sem-3\Programowanie komponentowe (07 72 3060 19)_pliki\Projekty\Projektnr1\org\jboss\logging\jboss-logging\3.4.1.Final\jboss-logging-3.4.1.Final.jar;E:\studia\Sem-3\Programowanie komponentowe (07 72 3060 19)_pliki\Projekty\Projektnr1\org\javassist\javassist\3.27.0-GA\javassist-3.27.0-GA.jar;E:\studia\Sem-3\Programowanie komponentowe (07 72 3060 19)_pliki\Projekty\Projektnr1\net\bytebuddy\byte-buddy\1.10.17\byte-buddy-1.10.17.jar;E:\studia\Sem-3\Programowanie komponentowe (07 72 3060 19)_pliki\Projekty\Projektnr1\antlr\antlr\2.7.7\antlr-2.7.7.jar;E:\studia\Sem-3\Programowanie komponentowe (07 72 3060 19)_pliki\Projekty\Projektnr1\org\jboss\spec\javax\transaction\jboss-transaction-api_1.2_spec\1.1.1.Final\jboss-transaction-api_1.2_spec-1.1.1.Final.jar;E:\studia\Sem-3\Programowanie komponentowe (07 72 3060 19)_pliki\Projekty\Projektnr1\org\jboss\jandex\2.1.3.Final\jandex-2.1.3.Final.jar;E:\studia\Sem-3\Programowanie komponentowe (07 72 3060 19)_pliki\Projekty\Projektnr1\com\fasterxml\classmate\1.5.1\classmate-1.5.1.jar;E:\studia\Sem-3\Programowanie komponentowe (07 72 3060 19)_pliki\Projekty\Projektnr1\javax\activation\javax.activation-api\1.2.0\javax.activation-api-1.2.0.jar;E:\studia\Sem-3\Programowanie komponentowe (07 72 3060 19)_pliki\Projekty\Projektnr1\org\dom4j\dom4j\2.1.3\dom4j-2.1.3.jar;E:\studia\Sem-3\Programowanie komponentowe (07 72 3060 19)_pliki\Projekty\Projektnr1\javax\xml\bind\jaxb-api\2.3.1\jaxb-api-2.3.1.jar;E:\studia\Sem-3\Programowanie komponentowe (07 72 3060 19)_pliki\Projekty\Projektnr1\com\h2database\h2\1.4.200\h2-1.4.200.jar;E:\studia\Sem-3\Programowanie komponentowe (07 72 3060 19)_pliki\Projekty\Projektnr1\jakarta\xml\bind\jakarta.xml.bind-api\3.0.0\jakarta.xml.bind-api-3.0.0.jar;E:\studia\Sem-3\Programowanie komponentowe (07 72 3060 19)_pliki\Projekty\Projektnr1\com\sun\activation\jakarta.activation\2.0.0\jakarta.activation-2.0.0.jar;E:\studia\Sem-3\Programowanie komponentowe (07 72 3060 19)_pliki\Projekty\Projektnr1\org\glassfish\jaxb\jaxb-runtime\3.0.0\jaxb-runtime-3.0.0.jar;E:\studia\Sem-3\Programowanie komponentowe (07 72 3060 19)_pliki\Projekty\Projektnr1\org\glassfish\jaxb\jaxb-core\3.0.0\jaxb-core-3.0.0.jar;E:\studia\Sem-3\Programowanie komponentowe (07 72 3060 19)_pliki\Projekty\Projektnr1\org\glassfish\jaxb\txw2\3.0.0\txw2-3.0.0.jar;E:\studia\Sem-3\Programowanie komponentowe (07 72 3060 19)_pliki\Projekty\Projektnr1\com\sun\istack\istack-commons-runtime\4.0.0\istack-commons-runtime-4.0.0.jar;E:\studia\Sem-3\Programowanie komponentowe (07 72 3060 19)_pliki\Projekty\Projektnr1\org\xerial\sqlite-jdbc\3.25.2\sqlite-jdbc-3.25.2.jar;E:\studia\Sem-3\Programowanie komponentowe (07 72 3060 19)_pliki\Projekty\Projektnr1\ch\qos\logback\logback-classic\1.1.7\logback-classic-1.1.7.jar;E:\studia\Sem-3\Programowanie komponentowe (07 72 3060 19)_pliki\Projekty\Projektnr1\ch\qos\logback\logback-core\1.1.7\logback-core-1.1.7.jar;E:\studia\Sem-3\Programowanie komponentowe (07 72 3060 19)_pliki\Projekty\Projektnr1\org\openjfx\javafx-controls\13\javafx-controls-13.jar;E:\studia\Sem-3\Programowanie komponentowe (07 72 3060 19)_pliki\Projekty\Projektnr1\org\openjfx\javafx-controls\13\javafx-controls-13-win.jar;E:\studia\Sem-3\Programowanie komponentowe (07 72 3060 19)_pliki\Projekty\Projektnr1\org\openjfx\javafx-graphics\13\javafx-graphics-13.jar;E:\studia\Sem-3\Programowanie komponentowe (07 72 3060 19)_pliki\Projekty\Projektnr1\org\openjfx\javafx-graphics\13\javafx-graphics-13-win.jar;E:\studia\Sem-3\Programowanie komponentowe (07 72 3060 19)_pliki\Projekty\Projektnr1\org\openjfx\javafx-base\13\javafx-base-13.jar;E:\studia\Sem-3\Programowanie komponentowe (07 72 3060 19)_pliki\Projekty\Projektnr1\org\openjfx\javafx-fxml\13\javafx-fxml-13.jar;E:\studia\Sem-3\Programowanie komponentowe (07 72 3060 19)_pliki\Projekty\Projektnr1\org\openjfx\javafx-fxml\13\javafx-fxml-13-win.jar;"/>
    <property name="java.vm.vendor" value="Oracle Corporation"/>
    <property name="sun.arch.data.model" value="64"/>
    <property name="user.variant" value=""/>
    <property name="java.vendor.url" value="https://java.oracle.com/"/>
    <property name="user.timezone" value="Europe/Warsaw"/>
    <property name="os.name" value="Windows 10"/>
    <property name="java.vm.specification.version" value="14"/>
    <property name="sun.java.launcher" value="SUN_STANDARD"/>
    <property name="user.country" value="PL"/>
    <property name="sun.boot.library.path" value="C:\Program Files\Java\jdk-14.0.2\bin"/>
    <property name="sun.java.command" value="org.apache.maven.surefire.booter.ForkedBooter C:\Users\maldo\AppData\Local\Temp\surefire12229702519954956919 2021-01-30T15-53-12_840-jvmRun1 surefire281077300561738787tmp surefire_012816852175818245495tmp"/>
    <property name="jdk.debug" value="release"/>
    <property name="surefire.test.class.path" value="E:\studia\Sem-3\Programowanie komponentowe (07 72 3060 19)_pliki\ProjektKompo\an_pn_1145_03\Model\target\test-classes;E:\studia\Sem-3\Programowanie komponentowe (07 72 3060 19)_pliki\Projekty\Projektnr1\org\junit\jupiter\junit-jupiter-engine\5.6.2\junit-jupiter-engine-5.6.2.jar;E:\studia\Sem-3\Programowanie komponentowe (07 72 3060 19)_pliki\Projekty\Projektnr1\org\apiguardian\apiguardian-api\1.1.0\apiguardian-api-1.1.0.jar;E:\studia\Sem-3\Programowanie komponentowe (07 72 3060 19)_pliki\Projekty\Projektnr1\org\junit\platform\junit-platform-engine\1.6.2\junit-platform-engine-1.6.2.jar;E:\studia\Sem-3\Programowanie komponentowe (07 72 3060 19)_pliki\Projekty\Projektnr1\org\opentest4j\opentest4j\1.2.0\opentest4j-1.2.0.jar;E:\studia\Sem-3\Programowanie komponentowe (07 72 3060 19)_pliki\Projekty\Projektnr1\org\junit\platform\junit-platform-commons\1.6.2\junit-platform-commons-1.6.2.jar;E:\studia\Sem-3\Programowanie komponentowe (07 72 3060 19)_pliki\Projekty\Projektnr1\org\junit\jupiter\junit-jupiter-api\5.6.2\junit-jupiter-api-5.6.2.jar;E:\studia\Sem-3\Programowanie komponentowe (07 72 3060 19)_pliki\Projekty\Projektnr1\org\projectlombok\lombok\1.18.16\lombok-1.18.16.jar;E:\studia\Sem-3\Programowanie komponentowe (07 72 3060 19)_pliki\Projekty\Projektnr1\org\hibernate\hibernate-core\5.4.27.Final\hibernate-core-5.4.27.Final.jar;E:\studia\Sem-3\Programowanie komponentowe (07 72 3060 19)_pliki\Projekty\Projektnr1\org\jboss\logging\jboss-logging\3.4.1.Final\jboss-logging-3.4.1.Final.jar;E:\studia\Sem-3\Programowanie komponentowe (07 72 3060 19)_pliki\Projekty\Projektnr1\org\javassist\javassist\3.27.0-GA\javassist-3.27.0-GA.jar;E:\studia\Sem-3\Programowanie komponentowe (07 72 3060 19)_pliki\Projekty\Projektnr1\net\bytebuddy\byte-buddy\1.10.17\byte-buddy-1.10.17.jar;E:\studia\Sem-3\Programowanie komponentowe (07 72 3060 19)_pliki\Projekty\Projektnr1\antlr\antlr\2.7.7\antlr-2.7.7.jar;E:\studia\Sem-3\Programowanie komponentowe (07 72 3060 19)_pliki\Projekty\Projektnr1\org\jboss\spec\javax\transaction\jboss-transaction-api_1.2_spec\1.1.1.Final\jboss-transaction-api_1.2_spec-1.1.1.Final.jar;E:\studia\Sem-3\Programowanie komponentowe (07 72 3060 19)_pliki\Projekty\Projektnr1\org\jboss\jandex\2.1.3.Final\jandex-2.1.3.Final.jar;E:\studia\Sem-3\Programowanie komponentowe (07 72 3060 19)_pliki\Projekty\Projektnr1\com\fasterxml\classmate\1.5.1\classmate-1.5.1.jar;E:\studia\Sem-3\Programowanie komponentowe (07 72 3060 19)_pliki\Projekty\Projektnr1\javax\activation\javax.activation-api\1.2.0\javax.activation-api-1.2.0.jar;E:\studia\Sem-3\Programowanie komponentowe (07 72 3060 19)_pliki\Projekty\Projektnr1\org\dom4j\dom4j\2.1.3\dom4j-2.1.3.jar;E:\studia\Sem-3\Programowanie komponentowe (07 72 3060 19)_pliki\Projekty\Projektnr1\javax\xml\bind\jaxb-api\2.3.1\jaxb-api-2.3.1.jar;E:\studia\Sem-3\Programowanie komponentowe (07 72 3060 19)_pliki\Projekty\Projektnr1\com\h2database\h2\1.4.200\h2-1.4.200.jar;E:\studia\Sem-3\Programowanie komponentowe (07 72 3060 19)_pliki\Projekty\Projektnr1\jakarta\xml\bind\jakarta.xml.bind-api\3.0.0\jakarta.xml.bind-api-3.0.0.jar;E:\studia\Sem-3\Programowanie komponentowe (07 72 3060 19)_pliki\Projekty\Projektnr1\com\sun\activation\jakarta.activation\2.0.0\jakarta.activation-2.0.0.jar;E:\studia\Sem-3\Programowanie komponentowe (07 72 3060 19)_pliki\Projekty\Projektnr1\org\glassfish\jaxb\jaxb-runtime\3.0.0\jaxb-runtime-3.0.0.jar;E:\studia\Sem-3\Programowanie komponentowe (07 72 3060 19)_pliki\Projekty\Projektnr1\org\glassfish\jaxb\jaxb-core\3.0.0\jaxb-core-3.0.0.jar;E:\studia\Sem-3\Programowanie komponentowe (07 72 3060 19)_pliki\Projekty\Projektnr1\org\glassfish\jaxb\txw2\3.0.0\txw2-3.0.0.jar;E:\studia\Sem-3\Programowanie komponentowe (07 72 3060 19)_pliki\Projekty\Projektnr1\com\sun\istack\istack-commons-runtime\4.0.0\istack-commons-runtime-4.0.0.jar;E:\studia\Sem-3\Programowanie komponentowe (07 72 3060 19)_pliki\Projekty\Projektnr1\org\xerial\sqlite-jdbc\3.25.2\sqlite-jdbc-3.25.2.jar;E:\studia\Sem-3\Programowanie komponentowe (07 72 3060 19)_pliki\Projekty\Projektnr1\ch\qos\logback\logback-classic\1.1.7\logback-classic-1.1.7.jar;E:\studia\Sem-3\Programowanie komponentowe (07 72 3060 19)_pliki\Projekty\Projektnr1\ch\qos\logback\logback-core\1.1.7\logback-core-1.1.7.jar;E:\studia\Sem-3\Programowanie komponentowe (07 72 3060 19)_pliki\Projekty\Projektnr1\org\openjfx\javafx-controls\13\javafx-controls-13.jar;E:\studia\Sem-3\Programowanie komponentowe (07 72 3060 19)_pliki\Projekty\Projektnr1\org\openjfx\javafx-controls\13\javafx-controls-13-win.jar;E:\studia\Sem-3\Programowanie komponentowe (07 72 3060 19)_pliki\Projekty\Projektnr1\org\openjfx\javafx-graphics\13\javafx-graphics-13.jar;E:\studia\Sem-3\Programowanie komponentowe (07 72 3060 19)_pliki\Projekty\Projektnr1\org\openjfx\javafx-graphics\13\javafx-graphics-13-win.jar;E:\studia\Sem-3\Programowanie komponentowe (07 72 3060 19)_pliki\Projekty\Projektnr1\org\openjfx\javafx-base\13\javafx-base-13.jar;E:\studia\Sem-3\Programowanie komponentowe (07 72 3060 19)_pliki\Projekty\Projektnr1\org\openjfx\javafx-fxml\13\javafx-fxml-13.jar;E:\studia\Sem-3\Programowanie komponentowe (07 72 3060 19)_pliki\Projekty\Projektnr1\org\openjfx\javafx-fxml\13\javafx-fxml-13-win.jar;"/>
    <property name="sun.cpu.endian" value="little"/>
    <property name="user.home" value="C:\Users\maldo"/>
    <property name="user.language" value="pl"/>
    <property name="java.specification.vendor" value="Oracle Corporation"/>
    <property name="jdk.module.path" value="E:\studia\Sem-3\Programowanie komponentowe (07 72 3060 19)_pliki\ProjektKompo\an_pn_1145_03\Model\target\classes;E:\studia\Sem-3\Programowanie komponentowe (07 72 3060 19)_pliki\Projekty\Projektnr1\org\apache\commons\commons-lang3\3.11\commons-lang3-3.11.jar;E:\studia\Sem-3\Programowanie komponentowe (07 72 3060 19)_pliki\Projekty\Projektnr1\javax\persistence\javax.persistence-api\2.2\javax.persistence-api-2.2.jar;E:\studia\Sem-3\Programowanie komponentowe (07 72 3060 19)_pliki\Projekty\Projektnr1\org\hibernate\common\hibernate-commons-annotations\5.1.2.Final\hibernate-commons-annotations-5.1.2.Final.jar;E:\studia\Sem-3\Programowanie komponentowe (07 72 3060 19)_pliki\Projekty\Projektnr1\org\hibernate\hibernate-entitymanager\5.4.27.Final\hibernate-entitymanager-5.4.27.Final.jar;E:\studia\Sem-3\Programowanie komponentowe (07 72 3060 19)_pliki\Projekty\Projektnr1\org\slf4j\slf4j-api\1.7.30\slf4j-api-1.7.30.jar;E:\studia\Sem-3\Programowanie komponentowe (07 72 3060 19)_pliki\Projekty\Projektnr1\org\openjfx\javafx-base\13\javafx-base-13-win.jar"/>
    <property name="java.version.date" value="2020-07-14"/>
    <property name="java.home" value="C:\Program Files\Java\jdk-14.0.2"/>
    <property name="file.separator" value="\"/>
    <property name="basedir" value="E:\studia\Sem-3\Programowanie komponentowe (07 72 3060 19)_pliki\ProjektKompo\an_pn_1145_03\Model"/>
    <property name="java.vm.compressedOopsMode" value="Zero based"/>
    <property name="line.separator" value="&#10;"/>
    <property name="java.vm.specification.vendor" value="Oracle Corporation"/>
    <property name="java.specification.name" value="Java Platform API Specification"/>
    <property name="surefire.real.class.path" value="E:\studia\Sem-3\Programowanie komponentowe (07 72 3060 19)_pliki\Projekty\Projektnr1\org\apache\maven\surefire\surefire-booter\3.0.0-M5\surefire-booter-3.0.0-M5.jar;E:\studia\Sem-3\Programowanie komponentowe (07 72 3060 19)_pliki\Projekty\Projektnr1\org\apache\maven\surefire\surefire-api\3.0.0-M5\surefire-api-3.0.0-M5.jar;E:\studia\Sem-3\Programowanie komponentowe (07 72 3060 19)_pliki\Projekty\Projektnr1\org\apache\maven\surefire\surefire-logger-api\3.0.0-M5\surefire-logger-api-3.0.0-M5.jar;E:\studia\Sem-3\Programowanie komponentowe (07 72 3060 19)_pliki\Projekty\Projektnr1\org\apache\maven\surefire\surefire-shared-utils\3.0.0-M4\surefire-shared-utils-3.0.0-M4.jar;E:\studia\Sem-3\Programowanie komponentowe (07 72 3060 19)_pliki\Projekty\Projektnr1\org\apache\maven\surefire\surefire-extensions-spi\3.0.0-M5\surefire-extensions-spi-3.0.0-M5.jar;E:\studia\Sem-3\Programowanie komponentowe (07 72 3060 19)_pliki\ProjektKompo\an_pn_1145_03\Model\target\test-classes;E:\studia\Sem-3\Programowanie komponentowe (07 72 3060 19)_pliki\Projekty\Projektnr1\org\junit\jupiter\junit-jupiter-engine\5.6.2\junit-jupiter-engine-5.6.2.jar;E:\studia\Sem-3\Programowanie komponentowe (07 72 3060 19)_pliki\Projekty\Projektnr1\org\apiguardian\apiguardian-api\1.1.0\apiguardian-api-1.1.0.jar;E:\studia\Sem-3\Programowanie komponentowe (07 72 3060 19)_pliki\Projekty\Projektnr1\org\junit\platform\junit-platform-engine\1.6.2\junit-platform-engine-1.6.2.jar;E:\studia\Sem-3\Programowanie komponentowe (07 72 3060 19)_pliki\Projekty\Projektnr1\org\opentest4j\opentest4j\1.2.0\opentest4j-1.2.0.jar;E:\studia\Sem-3\Programowanie komponentowe (07 72 3060 19)_pliki\Projekty\Projektnr1\org\junit\platform\junit-platform-commons\1.6.2\junit-platform-commons-1.6.2.jar;E:\studia\Sem-3\Programowanie komponentowe (07 72 3060 19)_pliki\Projekty\Projektnr1\org\junit\jupiter\junit-jupiter-api\5.6.2\junit-jupiter-api-5.6.2.jar;E:\studia\Sem-3\Programowanie komponentowe (07 72 3060 19)_pliki\Projekty\Projektnr1\org\projectlombok\lombok\1.18.16\lombok-1.18.16.jar;E:\studia\Sem-3\Programowanie komponentowe (07 72 3060 19)_pliki\Projekty\Projektnr1\org\hibernate\hibernate-core\5.4.27.Final\hibernate-core-5.4.27.Final.jar;E:\studia\Sem-3\Programowanie komponentowe (07 72 3060 19)_pliki\Projekty\Projektnr1\org\jboss\logging\jboss-logging\3.4.1.Final\jboss-logging-3.4.1.Final.jar;E:\studia\Sem-3\Programowanie komponentowe (07 72 3060 19)_pliki\Projekty\Projektnr1\org\javassist\javassist\3.27.0-GA\javassist-3.27.0-GA.jar;E:\studia\Sem-3\Programowanie komponentowe (07 72 3060 19)_pliki\Projekty\Projektnr1\net\bytebuddy\byte-buddy\1.10.17\byte-buddy-1.10.17.jar;E:\studia\Sem-3\Programowanie komponentowe (07 72 3060 19)_pliki\Projekty\Projektnr1\antlr\antlr\2.7.7\antlr-2.7.7.jar;E:\studia\Sem-3\Programowanie komponentowe (07 72 3060 19)_pliki\Projekty\Projektnr1\org\jboss\spec\javax\transaction\jboss-transaction-api_1.2_spec\1.1.1.Final\jboss-transaction-api_1.2_spec-1.1.1.Final.jar;E:\studia\Sem-3\Programowanie komponentowe (07 72 3060 19)_pliki\Projekty\Projektnr1\org\jboss\jandex\2.1.3.Final\jandex-2.1.3.Final.jar;E:\studia\Sem-3\Programowanie komponentowe (07 72 3060 19)_pliki\Projekty\Projektnr1\com\fasterxml\classmate\1.5.1\classmate-1.5.1.jar;E:\studia\Sem-3\Programowanie komponentowe (07 72 3060 19)_pliki\Projekty\Projektnr1\javax\activation\javax.activation-api\1.2.0\javax.activation-api-1.2.0.jar;E:\studia\Sem-3\Programowanie komponentowe (07 72 3060 19)_pliki\Projekty\Projektnr1\org\dom4j\dom4j\2.1.3\dom4j-2.1.3.jar;E:\studia\Sem-3\Programowanie komponentowe (07 72 3060 19)_pliki\Projekty\Projektnr1\javax\xml\bind\jaxb-api\2.3.1\jaxb-api-2.3.1.jar;E:\studia\Sem-3\Programowanie komponentowe (07 72 3060 19)_pliki\Projekty\Projektnr1\com\h2database\h2\1.4.200\h2-1.4.200.jar;E:\studia\Sem-3\Programowanie komponentowe (07 72 3060 19)_pliki\Projekty\Projektnr1\jakarta\xml\bind\jakarta.xml.bind-api\3.0.0\jakarta.xml.bind-api-3.0.0.jar;E:\studia\Sem-3\Programowanie komponentowe (07 72 3060 19)_pliki\Projekty\Projektnr1\com\sun\activation\jakarta.activation\2.0.0\jakarta.activation-2.0.0.jar;E:\studia\Sem-3\Programowanie komponentowe (07 72 3060 19)_pliki\Projekty\Projektnr1\org\glassfish\jaxb\jaxb-runtime\3.0.0\jaxb-runtime-3.0.0.jar;E:\studia\Sem-3\Programowanie komponentowe (07 72 3060 19)_pliki\Projekty\Projektnr1\org\glassfish\jaxb\jaxb-core\3.0.0\jaxb-core-3.0.0.jar;E:\studia\Sem-3\Programowanie komponentowe (07 72 3060 19)_pliki\Projekty\Projektnr1\org\glassfish\jaxb\txw2\3.0.0\txw2-3.0.0.jar;E:\studia\Sem-3\Programowanie komponentowe (07 72 3060 19)_pliki\Projekty\Projektnr1\com\sun\istack\istack-commons-runtime\4.0.0\istack-commons-runtime-4.0.0.jar;E:\studia\Sem-3\Programowanie komponentowe (07 72 3060 19)_pliki\Projekty\Projektnr1\org\xerial\sqlite-jdbc\3.25.2\sqlite-jdbc-3.25.2.jar;E:\studia\Sem-3\Programowanie komponentowe (07 72 3060 19)_pliki\Projekty\Projektnr1\ch\qos\logback\logback-classic\1.1.7\logback-classic-1.1.7.jar;E:\studia\Sem-3\Programowanie komponentowe (07 72 3060 19)_pliki\Projekty\Projektnr1\ch\qos\logback\logback-core\1.1.7\logback-core-1.1.7.jar;E:\studia\Sem-3\Programowanie komponentowe (07 72 3060 19)_pliki\Projekty\Projektnr1\org\openjfx\javafx-controls\13\javafx-controls-13.jar;E:\studia\Sem-3\Programowanie komponentowe (07 72 3060 19)_pliki\Projekty\Projektnr1\org\openjfx\javafx-controls\13\javafx-controls-13-win.jar;E:\studia\Sem-3\Programowanie komponentowe (07 72 3060 19)_pliki\Projekty\Projektnr1\org\openjfx\javafx-graphics\13\javafx-graphics-13.jar;E:\studia\Sem-3\Programowanie komponentowe (07 72 3060 19)_pliki\Projekty\Projektnr1\org\openjfx\javafx-graphics\13\javafx-graphics-13-win.jar;E:\studia\Sem-3\Programowanie komponentowe (07 72 3060 19)_pliki\Projekty\Projektnr1\org\openjfx\javafx-base\13\javafx-base-13.jar;E:\studia\Sem-3\Programowanie komponentowe (07 72 3060 19)_pliki\Projekty\Projektnr1\org\openjfx\javafx-fxml\13\javafx-fxml-13.jar;E:\studia\Sem-3\Programowanie komponentowe (07 72 3060 19)_pliki\Projekty\Projektnr1\org\openjfx\javafx-fxml\13\javafx-fxml-13-win.jar;E:\studia\Sem-3\Programowanie komponentowe (07 72 3060 19)_pliki\Projekty\Projektnr1\org\apache\maven\surefire\surefire-junit-platform\3.0.0-M5\surefire-junit-platform-3.0.0-M5.jar;E:\studia\Sem-3\Programowanie komponentowe (07 72 3060 19)_pliki\Projekty\Projektnr1\org\apache\maven\surefire\common-java5\3.0.0-M5\common-java5-3.0.0-M5.jar;E:\studia\Sem-3\Programowanie komponentowe (07 72 3060 19)_pliki\Projekty\Projektnr1\org\junit\platform\junit-platform-launcher\1.6.2\junit-platform-launcher-1.6.2.jar"/>
    <property name="user.script" value=""/>
    <property name="sun.management.compiler" value="HotSpot 64-Bit Tiered Compilers"/>
    <property name="java.runtime.version" value="14.0.2+12-46"/>
    <property name="user.name" value="maldo"/>
    <property name="path.separator" value=";"/>
    <property name="os.version" value="10.0"/>
    <property name="java.runtime.name" value="Java(TM) SE Runtime Environment"/>
    <property name="file.encoding" value="Cp1250"/>
    <property name="java.vm.name" value="Java HotSpot(TM) 64-Bit Server VM"/>
    <property name="localRepository" value="E:\studia\Sem-3\Programowanie komponentowe (07 72 3060 19)_pliki\Projekty\Projektnr1"/>
    <property name="java.vendor.url.bug" value="https://bugreport.java.com/bugreport/"/>
    <property name="java.io.tmpdir" value="C:\Users\maldo\AppData\Local\Temp\"/>
    <property name="java.version" value="14.0.2"/>
    <property name="user.dir" value="E:\studia\Sem-3\Programowanie komponentowe (07 72 3060 19)_pliki\ProjektKompo\an_pn_1145_03\Model"/>
    <property name="os.arch" value="amd64"/>
    <property name="java.vm.specification.name" value="Java Virtual Machine Specification"/>
    <property name="sun.os.patch.level" value=""/>
    <property name="java.library.path" value="C:\Program Files\Java\jdk-14.0.2\bin;C:\WINDOWS\Sun\Java\bin;C:\WINDOWS\system32;C:\WINDOWS;C:\Program Files (x86)\Razer Chroma SDK\bin;C:\Program Files\Razer Chroma SDK\bin;C:\Python\Scripts\;C:\Python\;C:\Program Files (x86)\Intel\iCLS Client\;C:\Program Files\Intel\iCLS Client\;C:\Windows\system32;C:\Windows;C:\Windows\System32\Wbem;C:\Windows\System32\WindowsPowerShell\v1.0\;C:\Windows\System32\OpenSSH\;C:\Program Files (x86)\NVIDIA Corporation\PhysX\Common;C:\Program Files (x86)\Intel\Intel(R) Management Engine Components\DAL;C:\Program Files\Intel\Intel(R) Management Engine Components\DAL;C:\Program Files (x86)\Intel\Intel(R) Management Engine Components\IPT;C:\Program Files\Intel\Intel(R) Management Engine Components\IPT;C:\Program Files\Intel\WiFi\bin\;C:\Program Files\Common Files\Intel\WirelessCommon\;C:\Program Files (x86)\Windows Kits\8.1\Windows Performance Toolkit\;C:\Users\maldo\AppData\Local\Microsoft\WindowsApps;C:\Program Files\NVIDIA Corporation\NVIDIA NvDLISR;C:\Program Files (x86)\MKVToolNix;C:\WINDOWS\system32;C:\WINDOWS;C:\WINDOWS\System32\Wbem;C:\WINDOWS\System32\WindowsPowerShell\v1.0\;C:\WINDOWS\System32\OpenSSH\;E:\studia\Sem-3\Programowanie komponentowe (07 72 3060 19)_pliki\apache-maven-3.6.3\bin;C:\msys64\usr\bin;C:\Program Files\Java\jdk-14.0.2\bin;C:\Program Files (x86)\Calibre2\;C:\Users\maldo\AppData\Local\Microsoft\WindowsApps;C:\Program Files\Intel\WiFi\bin\;C:\Program Files\Common Files\Intel\WirelessCommon\;C:\Program Files\JetBrains\CLion 2019.3.3\bin;;C:\Users\maldo\AppData\Local\Programs\Microsoft VS Code\bin;C:\Users\maldo\AppData\Local\GitHubDesktop\bin;."/>
    <property name="java.vm.info" value="mixed mode"/>
    <property name="java.vendor" value="Oracle Corporation"/>
    <property name="java.vm.version" value="14.0.2+12-46"/>
    <property name="sun.io.unicode.encoding" value="UnicodeLittle"/>
    <property name="java.class.version" value="58.0"/>
  </properties>
  <testcase name="ShowBoardTest" classname="sudoku.model.SudokuBoardTest" time="0.001"/>
  <testcase name="testEqualsWrongObject" classname="sudoku.model.SudokuBoardTest" time="0"/>
  <testcase name="testToString" classname="sudoku.model.SudokuBoardTest" time="0.005">
    <system-out><![CDATA[15:53:16.453 [main] INFO  sudoku.model.SudokuBoard - Bład w kwadracie 0
sudoku.model.SudokuBoard@75dd0f94[
  size=9
  solver=sudoku.model.BacktrackingSudokuSolver@72324965
  board={{3,2,4,6,7,5,1,8,9},{8,5,9,1,4,2,7,3,6},{6,7,1,3,8,9,2,4,5},{9,1,3,4,5,6,8,2,7},{7,8,2,9,1,3,4,0,0},{0,0,0,0,0,0,0,0,0},{0,0,0,0,0,0,0,0,0},{0,0,0,0,0,0,0,0,0},{0,0,0,0,0,0,0,0,0}}
]
15:53:16.454 [main] INFO  sudoku.model.SudokuBoard - Wartość 0 wstawiona nieprawidłowo
15:53:16.454 [main] INFO  sudoku.model.SudokuBoard - Bład w kwadracie 0
sudoku.model.SudokuBoard@75dd0f94[
  size=9
  solver=sudoku.model.BacktrackingSudokuSolver@72324965
  board={{3,2,4,6,7,5,1,8,9},{8,5,9,1,4,2,7,3,6},{6,7,1,3,8,9,2,4,5},{9,1,3,4,5,6,8,2,7},{7,8,2,9,1,3,4,0,0},{0,0,0,0,0,0,0,0,0},{0,0,0,0,0,0,0,0,0},{0,0,0,0,0,0,0,0,0},{0,0,0,0,0,0,0,0,0}}
]
15:53:16.454 [main] INFO  sudoku.model.SudokuBoard - Wartość 0 wstawiona nieprawidłowo
15:53:16.454 [main] INFO  sudoku.model.SudokuBoard - Bład w kwadracie 0
sudoku.model.SudokuBoard@75dd0f94[
  size=9
  solver=sudoku.model.BacktrackingSudokuSolver@72324965
  board={{3,2,4,6,7,5,1,8,9},{8,5,9,1,4,2,7,3,6},{6,7,1,3,8,9,2,4,5},{9,1,3,4,5,6,8,2,7},{7,8,2,9,1,3,0,0,0},{0,0,0,0,0,0,0,0,0},{0,0,0,0,0,0,0,0,0},{0,0,0,0,0,0,0,0,0},{0,0,0,0,0,0,0,0,0}}
]
15:53:16.454 [main] INFO  sudoku.model.SudokuBoard - Wartość 0 wstawiona nieprawidłowo
15:53:16.455 [main] INFO  sudoku.model.SudokuBoard - Bład w kwadracie 0
sudoku.model.SudokuBoard@75dd0f94[
  size=9
  solver=sudoku.model.BacktrackingSudokuSolver@72324965
  board={{3,2,4,6,7,5,1,8,9},{8,5,9,1,4,2,7,3,6},{6,7,1,3,8,9,2,4,5},{9,1,3,4,5,6,8,2,7},{7,8,2,9,1,3,5,6,4},{4,6,5,7,2,8,9,1,3},{5,9,6,8,3,0,0,0,0},{0,0,0,0,0,0,0,0,0},{0,0,0,0,0,0,0,0,0}}
]
15:53:16.455 [main] INFO  sudoku.model.SudokuBoard - Wartość 0 wstawiona nieprawidłowo
15:53:16.455 [main] INFO  sudoku.model.SudokuBoard - Bład w kwadracie 0
sudoku.model.SudokuBoard@75dd0f94[
  size=9
  solver=sudoku.model.BacktrackingSudokuSolver@72324965
  board={{3,2,4,6,7,5,1,8,9},{8,5,9,1,4,2,7,3,6},{6,7,1,3,8,9,2,4,5},{9,1,3,4,5,6,8,2,7},{7,8,2,9,1,3,5,6,4},{4,6,5,7,2,8,9,1,3},{5,9,6,8,3,7,0,0,0},{0,0,0,0,0,0,0,0,0},{0,0,0,0,0,0,0,0,0}}
]
15:53:16.455 [main] INFO  sudoku.model.SudokuBoard - Wartość 0 wstawiona nieprawidłowo
15:53:16.455 [main] INFO  sudoku.model.SudokuBoard - Bład w kwadracie 0
sudoku.model.SudokuBoard@75dd0f94[
  size=9
  solver=sudoku.model.BacktrackingSudokuSolver@72324965
  board={{3,2,4,6,7,5,1,8,9},{8,5,9,1,4,2,7,3,6},{6,7,1,3,8,9,2,4,5},{9,1,3,4,5,6,8,2,7},{7,8,2,9,1,3,5,6,4},{4,6,5,7,2,8,9,1,3},{5,9,6,8,3,0,0,0,0},{0,0,0,0,0,0,0,0,0},{0,0,0,0,0,0,0,0,0}}
]
15:53:16.455 [main] INFO  sudoku.model.SudokuBoard - Wartość 0 wstawiona nieprawidłowo
15:53:16.455 [main] INFO  sudoku.model.SudokuBoard - Bład w kwadracie 0
sudoku.model.SudokuBoard@75dd0f94[
  size=9
  solver=sudoku.model.BacktrackingSudokuSolver@72324965
  board={{3,2,4,6,7,5,1,8,9},{8,5,9,1,4,2,7,3,6},{6,7,1,3,8,9,2,4,5},{9,1,3,4,5,6,8,2,7},{7,8,2,9,1,3,5,6,4},{4,6,5,7,2,8,9,1,3},{5,9,6,8,3,1,4,7,2},{1,3,7,5,6,0,0,0,0},{0,0,0,0,0,0,0,0,0}}
]
15:53:16.456 [main] INFO  sudoku.model.SudokuBoard - Wartość 0 wstawiona nieprawidłowo
15:53:16.456 [main] INFO  sudoku.model.SudokuBoard - Bład w kwadracie 0
sudoku.model.SudokuBoard@75dd0f94[
  size=9
  solver=sudoku.model.BacktrackingSudokuSolver@72324965
  board={{3,2,4,6,7,5,1,8,9},{8,5,9,1,4,2,7,3,6},{6,7,1,3,8,9,2,4,5},{9,1,3,4,5,6,8,2,7},{7,8,2,9,1,3,5,6,4},{4,6,5,7,2,8,9,1,3},{5,9,6,8,3,1,4,7,2},{1,3,7,5,0,0,0,0,0},{0,0,0,0,0,0,0,0,0}}
]
15:53:16.456 [main] INFO  sudoku.model.SudokuBoard - Wartość 0 wstawiona nieprawidłowo
15:53:16.456 [main] INFO  sudoku.model.SudokuBoard - Bład w kwadracie 0
sudoku.model.SudokuBoard@75dd0f94[
  size=9
  solver=sudoku.model.BacktrackingSudokuSolver@72324965
  board={{3,2,4,6,7,5,1,8,9},{8,5,9,1,4,2,7,3,6},{6,7,1,3,8,9,2,4,5},{9,1,3,4,5,6,8,2,7},{7,8,2,9,1,3,5,6,4},{4,6,5,7,2,8,9,1,3},{5,9,6,8,3,1,4,7,2},{1,3,7,5,9,4,0,0,0},{0,0,0,0,0,0,0,0,0}}
]
15:53:16.456 [main] INFO  sudoku.model.SudokuBoard - Wartość 0 wstawiona nieprawidłowo
15:53:16.456 [main] INFO  sudoku.model.SudokuBoard - Bład w kwadracie 0
sudoku.model.SudokuBoard@75dd0f94[
  size=9
  solver=sudoku.model.BacktrackingSudokuSolver@72324965
  board={{3,2,4,6,7,5,1,8,9},{8,5,9,1,4,2,7,3,6},{6,7,1,3,8,9,2,4,5},{9,1,3,4,5,6,8,2,7},{7,8,2,9,1,3,5,6,4},{4,6,5,7,2,8,9,1,3},{5,9,6,8,3,1,4,7,2},{1,3,7,5,9,0,0,0,0},{0,0,0,0,0,0,0,0,0}}
]
15:53:16.456 [main] INFO  sudoku.model.SudokuBoard - Wartość 0 wstawiona nieprawidłowo
15:53:16.457 [main] INFO  sudoku.model.SudokuBoard - Bład w kwadracie 0
sudoku.model.SudokuBoard@75dd0f94[
  size=9
  solver=sudoku.model.BacktrackingSudokuSolver@72324965
  board={{3,2,4,6,7,5,1,8,9},{8,5,9,1,4,2,7,3,6},{6,7,1,3,8,9,2,4,5},{9,1,3,4,5,6,8,2,7},{7,8,2,9,1,3,5,6,4},{4,6,5,7,2,8,9,1,3},{5,9,6,8,3,1,4,7,2},{1,3,7,5,0,0,0,0,0},{0,0,0,0,0,0,0,0,0}}
]
15:53:16.457 [main] INFO  sudoku.model.SudokuBoard - Wartość 0 wstawiona nieprawidłowo
15:53:16.457 [main] INFO  sudoku.model.SudokuBoard - Bład w kwadracie 0
sudoku.model.SudokuBoard@75dd0f94[
  size=9
  solver=sudoku.model.BacktrackingSudokuSolver@72324965
  board={{3,2,4,6,7,5,1,8,9},{8,5,9,1,4,2,7,3,6},{6,7,1,3,8,9,2,4,5},{9,1,3,4,5,6,8,2,7},{7,8,2,9,1,3,5,6,4},{4,6,5,7,2,8,9,1,3},{5,9,6,8,3,1,4,7,2},{1,3,7,0,0,0,0,0,0},{0,0,0,0,0,0,0,0,0}}
]
15:53:16.457 [main] INFO  sudoku.model.SudokuBoard - Wartość 0 wstawiona nieprawidłowo
15:53:16.457 [main] INFO  sudoku.model.SudokuBoard - Bład w kwadracie 0
sudoku.model.SudokuBoard@75dd0f94[
  size=9
  solver=sudoku.model.BacktrackingSudokuSolver@72324965
  board={{3,2,4,6,7,5,1,8,9},{8,5,9,1,4,2,7,3,6},{6,7,1,3,8,9,2,4,5},{9,1,3,4,5,6,8,2,7},{7,8,2,9,1,3,5,6,4},{4,6,5,7,2,8,9,1,3},{5,9,6,8,3,1,4,7,2},{1,3,7,2,6,0,0,0,0},{0,0,0,0,0,0,0,0,0}}
]
15:53:16.457 [main] INFO  sudoku.model.SudokuBoard - Wartość 0 wstawiona nieprawidłowo
15:53:16.457 [main] INFO  sudoku.model.SudokuBoard - Bład w kwadracie 0
sudoku.model.SudokuBoard@75dd0f94[
  size=9
  solver=sudoku.model.BacktrackingSudokuSolver@72324965
  board={{3,2,4,6,7,5,1,8,9},{8,5,9,1,4,2,7,3,6},{6,7,1,3,8,9,2,4,5},{9,1,3,4,5,6,8,2,7},{7,8,2,9,1,3,5,6,4},{4,6,5,7,2,8,9,1,3},{5,9,6,8,3,1,4,7,2},{1,3,7,2,0,0,0,0,0},{0,0,0,0,0,0,0,0,0}}
]
15:53:16.457 [main] INFO  sudoku.model.SudokuBoard - Wartość 0 wstawiona nieprawidłowo
sudoku.model.SudokuBoard@121ddca4[
  size=9
  solver=sudoku.model.BacktrackingSudokuSolver@72324965
  board={{3,2,4,6,7,5,1,8,9},{8,5,9,1,4,2,7,3,6},{6,7,1,3,8,9,2,4,5},{9,1,3,4,5,6,8,2,7},{7,8,2,9,1,3,5,6,4},{4,6,5,7,2,8,9,1,3},{5,9,6,8,3,1,4,7,2},{1,3,7,2,9,4,6,5,8},{2,4,8,5,6,7,3,9,1}}
]
]]></system-out>
  </testcase>
  <testcase name="checkBoardTestRowFalse" classname="sudoku.model.SudokuBoardTest" time="0.013">
    <system-out><![CDATA[15:53:16.459 [main] INFO  sudoku.model.SudokuBoard - Bład w kwadracie 0
sudoku.model.SudokuBoard@297bd171[
  size=9
  solver=sudoku.model.BacktrackingSudokuSolver@118cbded
  board={{3,5,4,1,2,8,6,7,9},{6,2,7,9,3,4,5,8,1},{8,9,1,7,5,6,2,3,4},{5,4,2,6,9,1,0,0,0},{0,0,0,0,0,0,0,0,0},{0,0,0,0,0,0,0,0,0},{0,0,0,0,0,0,0,0,0},{0,0,0,0,0,0,0,0,0},{0,0,0,0,0,0,0,0,0}}
]
15:53:16.459 [main] INFO  sudoku.model.SudokuBoard - Wartość 0 wstawiona nieprawidłowo
15:53:16.460 [main] INFO  sudoku.model.SudokuBoard - Bład w kwadracie 0
sudoku.model.SudokuBoard@297bd171[
  size=9
  solver=sudoku.model.BacktrackingSudokuSolver@118cbded
  board={{3,5,4,1,2,8,6,7,9},{6,2,7,9,3,4,5,8,1},{8,9,1,7,5,6,2,3,4},{5,4,2,6,9,1,0,0,0},{0,0,0,0,0,0,0,0,0},{0,0,0,0,0,0,0,0,0},{0,0,0,0,0,0,0,0,0},{0,0,0,0,0,0,0,0,0},{0,0,0,0,0,0,0,0,0}}
]
15:53:16.460 [main] INFO  sudoku.model.SudokuBoard - Wartość 0 wstawiona nieprawidłowo
15:53:16.460 [main] INFO  sudoku.model.SudokuBoard - Bład w kwadracie 0
sudoku.model.SudokuBoard@297bd171[
  size=9
  solver=sudoku.model.BacktrackingSudokuSolver@118cbded
  board={{3,5,4,1,2,8,6,7,9},{6,2,7,9,3,4,5,8,1},{8,9,1,7,5,6,2,3,4},{5,4,2,6,9,1,0,0,0},{0,0,0,0,0,0,0,0,0},{0,0,0,0,0,0,0,0,0},{0,0,0,0,0,0,0,0,0},{0,0,0,0,0,0,0,0,0},{0,0,0,0,0,0,0,0,0}}
]
15:53:16.460 [main] INFO  sudoku.model.SudokuBoard - Wartość 0 wstawiona nieprawidłowo
15:53:16.460 [main] INFO  sudoku.model.SudokuBoard - Bład w kwadracie 0
sudoku.model.SudokuBoard@297bd171[
  size=9
  solver=sudoku.model.BacktrackingSudokuSolver@118cbded
  board={{3,5,4,1,2,8,6,7,9},{6,2,7,9,3,4,5,8,1},{8,9,1,7,5,6,2,3,4},{5,4,2,6,9,0,0,0,0},{0,0,0,0,0,0,0,0,0},{0,0,0,0,0,0,0,0,0},{0,0,0,0,0,0,0,0,0},{0,0,0,0,0,0,0,0,0},{0,0,0,0,0,0,0,0,0}}
]
15:53:16.460 [main] INFO  sudoku.model.SudokuBoard - Wartość 0 wstawiona nieprawidłowo
15:53:16.460 [main] INFO  sudoku.model.SudokuBoard - Bład w kwadracie 0
sudoku.model.SudokuBoard@297bd171[
  size=9
  solver=sudoku.model.BacktrackingSudokuSolver@118cbded
  board={{3,5,4,1,2,8,6,7,9},{6,2,7,9,3,4,5,8,1},{8,9,1,7,5,6,2,3,4},{5,4,2,6,9,3,7,1,8},{7,6,9,8,4,1,3,2,5},{1,3,8,2,7,5,4,9,6},{9,1,5,3,8,0,0,0,0},{0,0,0,0,0,0,0,0,0},{0,0,0,0,0,0,0,0,0}}
]
15:53:16.460 [main] INFO  sudoku.model.SudokuBoard - Wartość 0 wstawiona nieprawidłowo
15:53:16.461 [main] INFO  sudoku.model.SudokuBoard - Bład w kwadracie 0
sudoku.model.SudokuBoard@297bd171[
  size=9
  solver=sudoku.model.BacktrackingSudokuSolver@118cbded
  board={{3,5,4,1,2,8,6,7,9},{6,2,7,9,3,4,5,8,1},{8,9,1,7,5,6,2,3,4},{5,4,2,6,9,3,7,1,8},{7,6,9,8,4,1,3,2,5},{1,3,8,2,7,5,4,9,6},{9,1,5,3,8,0,0,0,0},{0,0,0,0,0,0,0,0,0},{0,0,0,0,0,0,0,0,0}}
]
15:53:16.461 [main] INFO  sudoku.model.SudokuBoard - Wartość 0 wstawiona nieprawidłowo
15:53:16.461 [main] INFO  sudoku.model.SudokuBoard - Bład w kwadracie 0
sudoku.model.SudokuBoard@297bd171[
  size=9
  solver=sudoku.model.BacktrackingSudokuSolver@118cbded
  board={{3,5,4,1,2,8,6,7,9},{6,2,7,9,3,4,5,8,1},{8,9,1,7,5,6,2,3,4},{5,4,2,6,9,3,7,1,8},{7,6,9,8,4,1,3,2,5},{1,3,8,2,7,5,4,9,6},{9,1,5,3,0,0,0,0,0},{0,0,0,0,0,0,0,0,0},{0,0,0,0,0,0,0,0,0}}
]
15:53:16.461 [main] INFO  sudoku.model.SudokuBoard - Wartość 0 wstawiona nieprawidłowo
15:53:16.461 [main] INFO  sudoku.model.SudokuBoard - Bład w kwadracie 0
sudoku.model.SudokuBoard@297bd171[
  size=9
  solver=sudoku.model.BacktrackingSudokuSolver@118cbded
  board={{3,5,4,1,2,8,6,7,9},{6,2,7,9,3,4,5,8,1},{8,9,1,7,5,6,2,3,4},{5,4,2,6,9,3,7,1,8},{7,6,9,8,4,1,3,2,5},{1,3,8,2,7,5,4,9,6},{9,1,5,3,6,7,8,4,2},{2,7,3,5,1,0,0,0,0},{0,0,0,0,0,0,0,0,0}}
]
15:53:16.461 [main] INFO  sudoku.model.SudokuBoard - Wartość 0 wstawiona nieprawidłowo
15:53:16.461 [main] INFO  sudoku.model.SudokuBoard - Bład w kwadracie 0
sudoku.model.SudokuBoard@297bd171[
  size=9
  solver=sudoku.model.BacktrackingSudokuSolver@118cbded
  board={{3,5,4,1,2,8,6,7,9},{6,2,7,9,3,4,5,8,1},{8,9,1,7,5,6,2,3,4},{5,4,2,6,9,3,7,1,8},{7,6,9,8,4,1,3,2,5},{1,3,8,2,7,5,4,9,6},{9,1,5,3,6,7,8,4,2},{2,7,3,5,0,0,0,0,0},{0,0,0,0,0,0,0,0,0}}
]
15:53:16.461 [main] INFO  sudoku.model.SudokuBoard - Wartość 0 wstawiona nieprawidłowo
15:53:16.461 [main] INFO  sudoku.model.SudokuBoard - Bład w kwadracie 0
sudoku.model.SudokuBoard@297bd171[
  size=9
  solver=sudoku.model.BacktrackingSudokuSolver@118cbded
  board={{3,5,4,1,2,8,6,7,9},{6,2,7,9,3,4,5,8,1},{8,9,1,7,5,6,2,3,4},{5,4,2,6,9,3,7,1,8},{7,6,9,8,4,1,3,2,5},{1,3,8,2,7,5,4,9,6},{9,1,5,3,6,7,8,4,2},{2,7,3,5,8,9,1,0,0},{0,0,0,0,0,0,0,0,0}}
]
15:53:16.462 [main] INFO  sudoku.model.SudokuBoard - Wartość 0 wstawiona nieprawidłowo
15:53:16.462 [main] INFO  sudoku.model.SudokuBoard - Bład w kwadracie 0
sudoku.model.SudokuBoard@297bd171[
  size=9
  solver=sudoku.model.BacktrackingSudokuSolver@118cbded
  board={{3,5,4,1,2,8,6,7,9},{6,2,7,9,3,4,5,8,1},{8,9,1,7,5,6,2,3,4},{5,4,2,6,9,3,7,1,8},{7,6,9,8,4,1,3,2,5},{1,3,8,2,7,5,4,9,6},{9,1,5,3,6,7,8,4,2},{2,7,3,5,8,9,0,0,0},{0,0,0,0,0,0,0,0,0}}
]
15:53:16.462 [main] INFO  sudoku.model.SudokuBoard - Wartość 0 wstawiona nieprawidłowo
15:53:16.462 [main] INFO  sudoku.model.SudokuBoard - Bład w kwadracie 0
sudoku.model.SudokuBoard@297bd171[
  size=9
  solver=sudoku.model.BacktrackingSudokuSolver@118cbded
  board={{3,5,4,1,2,8,6,7,9},{6,2,7,9,3,4,5,8,1},{8,9,1,7,5,6,2,3,4},{5,4,2,6,9,3,7,1,8},{7,6,9,8,4,1,3,2,5},{1,3,8,2,7,5,4,9,6},{9,1,5,3,6,7,8,4,2},{2,7,3,5,8,0,0,0,0},{0,0,0,0,0,0,0,0,0}}
]
15:53:16.462 [main] INFO  sudoku.model.SudokuBoard - Wartość 0 wstawiona nieprawidłowo
15:53:16.462 [main] INFO  sudoku.model.SudokuBoard - Bład w kwadracie 0
sudoku.model.SudokuBoard@297bd171[
  size=9
  solver=sudoku.model.BacktrackingSudokuSolver@118cbded
  board={{3,5,4,1,2,8,6,7,9},{6,2,7,9,3,4,5,8,1},{8,9,1,7,5,6,2,3,4},{5,4,2,6,9,3,7,1,8},{7,6,9,8,4,1,3,2,5},{1,3,8,2,7,5,4,9,6},{9,1,5,3,6,7,8,4,2},{2,7,3,5,0,0,0,0,0},{0,0,0,0,0,0,0,0,0}}
]
15:53:16.462 [main] INFO  sudoku.model.SudokuBoard - Wartość 0 wstawiona nieprawidłowo
15:53:16.462 [main] INFO  sudoku.model.SudokuBoard - Bład w kwadracie 0
sudoku.model.SudokuBoard@297bd171[
  size=9
  solver=sudoku.model.BacktrackingSudokuSolver@118cbded
  board={{3,5,4,1,2,8,6,7,9},{6,2,7,9,3,4,5,8,1},{8,9,1,7,5,6,2,3,4},{5,4,2,6,9,3,7,1,8},{7,6,9,8,4,1,3,2,5},{1,3,8,2,7,5,4,9,6},{9,1,5,3,6,7,8,4,2},{2,7,3,0,0,0,0,0,0},{0,0,0,0,0,0,0,0,0}}
]
15:53:16.462 [main] INFO  sudoku.model.SudokuBoard - Wartość 0 wstawiona nieprawidłowo
15:53:16.463 [main] INFO  sudoku.model.SudokuBoard - Bład w kwadracie 0
sudoku.model.SudokuBoard@297bd171[
  size=9
  solver=sudoku.model.BacktrackingSudokuSolver@118cbded
  board={{3,5,4,1,2,8,6,7,9},{6,2,7,9,3,4,5,8,1},{8,9,1,7,5,6,2,3,4},{5,4,2,6,9,3,7,1,8},{7,6,9,8,4,1,3,2,5},{1,3,8,2,7,5,4,9,6},{9,1,5,3,6,7,8,4,2},{2,7,3,4,8,9,1,0,0},{0,0,0,0,0,0,0,0,0}}
]
15:53:16.463 [main] INFO  sudoku.model.SudokuBoard - Wartość 0 wstawiona nieprawidłowo
15:53:16.464 [main] INFO  sudoku.model.SudokuBoard - Bład w kwadracie 0
sudoku.model.SudokuBoard@297bd171[
  size=9
  solver=sudoku.model.BacktrackingSudokuSolver@118cbded
  board={{3,5,4,1,2,8,6,7,9},{6,2,7,9,3,4,5,8,1},{8,9,1,7,5,6,2,3,4},{5,4,2,6,9,3,7,1,8},{7,6,9,8,4,1,3,2,5},{1,3,8,2,7,5,4,9,6},{9,1,5,3,6,7,8,4,2},{2,7,3,4,8,9,1,0,0},{0,0,0,0,0,0,0,0,0}}
]
15:53:16.464 [main] INFO  sudoku.model.SudokuBoard - Wartość 0 wstawiona nieprawidłowo
15:53:16.464 [main] INFO  sudoku.model.SudokuBoard - Bład w kwadracie 0
sudoku.model.SudokuBoard@297bd171[
  size=9
  solver=sudoku.model.BacktrackingSudokuSolver@118cbded
  board={{3,5,4,1,2,8,6,7,9},{6,2,7,9,3,4,5,8,1},{8,9,1,7,5,6,2,3,4},{5,4,2,6,9,3,7,1,8},{7,6,9,8,4,1,3,2,5},{1,3,8,2,7,5,4,9,6},{9,1,5,3,6,7,8,4,2},{2,7,3,4,8,9,0,0,0},{0,0,0,0,0,0,0,0,0}}
]
15:53:16.464 [main] INFO  sudoku.model.SudokuBoard - Wartość 0 wstawiona nieprawidłowo
15:53:16.465 [main] INFO  sudoku.model.SudokuBoard - Bład w kwadracie 0
sudoku.model.SudokuBoard@297bd171[
  size=9
  solver=sudoku.model.BacktrackingSudokuSolver@118cbded
  board={{3,5,4,1,2,8,6,7,9},{6,2,7,9,3,4,5,8,1},{8,9,1,7,5,6,2,3,4},{5,4,2,6,9,3,7,1,8},{7,6,9,8,4,1,3,2,5},{1,3,8,2,7,5,4,9,6},{9,1,5,3,6,7,8,4,2},{2,7,3,4,8,0,0,0,0},{0,0,0,0,0,0,0,0,0}}
]
15:53:16.465 [main] INFO  sudoku.model.SudokuBoard - Wartość 0 wstawiona nieprawidłowo
15:53:16.465 [main] INFO  sudoku.model.SudokuBoard - Bład w kwadracie 0
sudoku.model.SudokuBoard@297bd171[
  size=9
  solver=sudoku.model.BacktrackingSudokuSolver@118cbded
  board={{3,5,4,1,2,8,6,7,9},{6,2,7,9,3,4,5,8,1},{8,9,1,7,5,6,2,3,4},{5,4,2,6,9,3,7,1,8},{7,6,9,8,4,1,3,2,5},{1,3,8,2,7,5,4,9,6},{9,1,5,3,6,7,8,4,2},{2,7,3,4,0,0,0,0,0},{0,0,0,0,0,0,0,0,0}}
]
15:53:16.465 [main] INFO  sudoku.model.SudokuBoard - Wartość 0 wstawiona nieprawidłowo
15:53:16.465 [main] INFO  sudoku.model.SudokuBoard - Bład w kwadracie 0
sudoku.model.SudokuBoard@297bd171[
  size=9
  solver=sudoku.model.BacktrackingSudokuSolver@118cbded
  board={{3,5,4,1,2,8,6,7,9},{6,2,7,9,3,4,5,8,1},{8,9,1,7,5,6,2,3,4},{5,4,2,6,9,3,7,1,8},{7,6,9,8,4,1,3,2,5},{1,3,8,2,7,5,4,9,6},{9,1,5,3,6,7,8,4,2},{2,7,3,4,1,0,0,0,0},{0,0,0,0,0,0,0,0,0}}
]
15:53:16.465 [main] INFO  sudoku.model.SudokuBoard - Wartość 0 wstawiona nieprawidłowo
15:53:16.467 [main] INFO  sudoku.model.SudokuBoard - Bład w kwadracie 0
sudoku.model.SudokuBoard@297bd171[
  size=9
  solver=sudoku.model.BacktrackingSudokuSolver@118cbded
  board={{3,5,4,1,2,8,6,7,9},{6,2,7,9,3,4,5,8,1},{8,9,1,7,5,6,2,3,4},{5,4,2,6,9,3,7,1,8},{7,6,9,8,4,1,3,2,5},{1,3,8,2,7,5,4,9,6},{9,1,5,3,6,7,8,4,2},{2,7,3,4,0,0,0,0,0},{0,0,0,0,0,0,0,0,0}}
]
15:53:16.468 [main] INFO  sudoku.model.SudokuBoard - Wartość 0 wstawiona nieprawidłowo
15:53:16.468 [main] INFO  sudoku.model.SudokuBoard - Bład w kwadracie 0
sudoku.model.SudokuBoard@297bd171[
  size=9
  solver=sudoku.model.BacktrackingSudokuSolver@118cbded
  board={{3,5,4,1,2,8,6,7,9},{6,2,7,9,3,4,5,8,1},{8,9,1,7,5,6,2,3,4},{5,4,2,6,9,3,7,1,8},{7,6,9,8,4,1,3,2,5},{1,3,8,2,7,5,4,9,6},{9,1,5,3,6,7,8,4,2},{2,7,3,0,0,0,0,0,0},{0,0,0,0,0,0,0,0,0}}
]
15:53:16.468 [main] INFO  sudoku.model.SudokuBoard - Wartość 0 wstawiona nieprawidłowo
15:53:16.469 [main] INFO  sudoku.model.SudokuBoard - Bład w kwadracie 0
sudoku.model.SudokuBoard@297bd171[
  size=9
  solver=sudoku.model.BacktrackingSudokuSolver@118cbded
  board={{3,5,4,1,2,8,6,7,9},{6,2,7,9,3,4,5,8,1},{8,9,1,7,5,6,2,3,4},{5,4,2,6,9,3,7,1,8},{7,6,9,8,4,1,3,2,5},{1,3,8,2,7,5,4,9,6},{9,1,5,3,6,7,8,4,2},{2,7,0,0,0,0,0,0,0},{0,0,0,0,0,0,0,0,0}}
]
15:53:16.469 [main] INFO  sudoku.model.SudokuBoard - Wartość 0 wstawiona nieprawidłowo
15:53:16.469 [main] INFO  sudoku.model.SudokuBoard - Bład w kwadracie 0
sudoku.model.SudokuBoard@297bd171[
  size=9
  solver=sudoku.model.BacktrackingSudokuSolver@118cbded
  board={{1,5,4,1,2,8,6,7,9},{6,2,7,9,3,4,5,8,1},{8,9,1,7,5,6,2,3,4},{5,4,2,6,9,3,7,1,8},{7,6,9,8,4,1,3,2,5},{1,3,8,2,7,5,4,9,6},{9,1,5,3,6,7,8,4,2},{2,7,6,4,8,9,1,5,3},{4,8,3,5,1,2,9,6,7}}
]
15:53:16.470 [main] INFO  sudoku.model.SudokuBoard - Wartość 1 wstawiona nieprawidłowo
15:53:16.470 [main] INFO  sudoku.model.SudokuBoard - Bład w kwadracie 0
sudoku.model.SudokuBoard@297bd171[
  size=9
  solver=sudoku.model.BacktrackingSudokuSolver@118cbded
  board={{1,1,4,1,2,8,6,7,9},{6,2,7,9,3,4,5,8,1},{8,9,1,7,5,6,2,3,4},{5,4,2,6,9,3,7,1,8},{7,6,9,8,4,1,3,2,5},{1,3,8,2,7,5,4,9,6},{9,1,5,3,6,7,8,4,2},{2,7,6,4,8,9,1,5,3},{4,8,3,5,1,2,9,6,7}}
]
15:53:16.470 [main] INFO  sudoku.model.SudokuBoard - Wartość 1 wstawiona nieprawidłowo
15:53:16.470 [main] INFO  sudoku.model.SudokuBoard - Bład w kwadracie 0
sudoku.model.SudokuBoard@76b5a559[
  size=9
  solver=sudoku.model.BacktrackingSudokuSolver@118cbded
  board={{1,1,4,1,2,8,6,7,9},{6,2,7,9,3,4,5,8,1},{8,9,1,7,5,6,2,3,4},{5,4,2,6,9,3,7,1,8},{7,6,9,8,4,1,3,2,5},{1,3,8,2,7,5,4,9,6},{9,1,5,3,6,7,8,4,2},{2,7,6,4,8,9,1,5,3},{4,8,3,5,1,2,9,6,7}}
]
]]></system-out>
  </testcase>
  <testcase name="testEqualsDiffrentInstance" classname="sudoku.model.SudokuBoardTest" time="0.001"/>
  <testcase name="cloneTest" classname="sudoku.model.SudokuBoardTest" time="0.035">
    <system-out><![CDATA[15:53:16.475 [main] INFO  sudoku.model.SudokuBoard - Bład w kwadracie 0
sudoku.model.SudokuBoard@2e8b24a1[
  size=9
  solver=sudoku.model.BacktrackingSudokuSolver@3ce7394f
  board={{7,5,4,3,6,2,8,9,1},{3,1,2,7,4,9,5,0,0},{0,0,0,0,0,0,0,0,0},{0,0,0,0,0,0,0,0,0},{0,0,0,0,0,0,0,0,0},{0,0,0,0,0,0,0,0,0},{0,0,0,0,0,0,0,0,0},{0,0,0,0,0,0,0,0,0},{0,0,0,0,0,0,0,0,0}}
]
15:53:16.475 [main] INFO  sudoku.model.SudokuBoard - Wartość 0 wstawiona nieprawidłowo
15:53:16.475 [main] INFO  sudoku.model.SudokuBoard - Bład w kwadracie 0
sudoku.model.SudokuBoard@2e8b24a1[
  size=9
  solver=sudoku.model.BacktrackingSudokuSolver@3ce7394f
  board={{7,5,4,3,6,2,8,9,1},{3,1,2,7,4,9,0,0,0},{0,0,0,0,0,0,0,0,0},{0,0,0,0,0,0,0,0,0},{0,0,0,0,0,0,0,0,0},{0,0,0,0,0,0,0,0,0},{0,0,0,0,0,0,0,0,0},{0,0,0,0,0,0,0,0,0},{0,0,0,0,0,0,0,0,0}}
]
15:53:16.476 [main] INFO  sudoku.model.SudokuBoard - Wartość 0 wstawiona nieprawidłowo
15:53:16.476 [main] INFO  sudoku.model.SudokuBoard - Bład w kwadracie 0
sudoku.model.SudokuBoard@2e8b24a1[
  size=9
  solver=sudoku.model.BacktrackingSudokuSolver@3ce7394f
  board={{7,5,4,3,6,2,8,9,1},{3,1,2,7,4,9,6,0,0},{0,0,0,0,0,0,0,0,0},{0,0,0,0,0,0,0,0,0},{0,0,0,0,0,0,0,0,0},{0,0,0,0,0,0,0,0,0},{0,0,0,0,0,0,0,0,0},{0,0,0,0,0,0,0,0,0},{0,0,0,0,0,0,0,0,0}}
]
15:53:16.476 [main] INFO  sudoku.model.SudokuBoard - Wartość 0 wstawiona nieprawidłowo
15:53:16.476 [main] INFO  sudoku.model.SudokuBoard - Bład w kwadracie 0
sudoku.model.SudokuBoard@2e8b24a1[
  size=9
  solver=sudoku.model.BacktrackingSudokuSolver@3ce7394f
  board={{7,5,4,3,6,2,8,9,1},{3,1,2,7,4,9,0,0,0},{0,0,0,0,0,0,0,0,0},{0,0,0,0,0,0,0,0,0},{0,0,0,0,0,0,0,0,0},{0,0,0,0,0,0,0,0,0},{0,0,0,0,0,0,0,0,0},{0,0,0,0,0,0,0,0,0},{0,0,0,0,0,0,0,0,0}}
]
15:53:16.476 [main] INFO  sudoku.model.SudokuBoard - Wartość 0 wstawiona nieprawidłowo
15:53:16.476 [main] INFO  sudoku.model.SudokuBoard - Bład w kwadracie 0
sudoku.model.SudokuBoard@2e8b24a1[
  size=9
  solver=sudoku.model.BacktrackingSudokuSolver@3ce7394f
  board={{7,5,4,3,6,2,8,9,1},{3,1,2,7,4,0,0,0,0},{0,0,0,0,0,0,0,0,0},{0,0,0,0,0,0,0,0,0},{0,0,0,0,0,0,0,0,0},{0,0,0,0,0,0,0,0,0},{0,0,0,0,0,0,0,0,0},{0,0,0,0,0,0,0,0,0},{0,0,0,0,0,0,0,0,0}}
]
15:53:16.477 [main] INFO  sudoku.model.SudokuBoard - Wartość 0 wstawiona nieprawidłowo
15:53:16.477 [main] INFO  sudoku.model.SudokuBoard - Bład w kwadracie 0
sudoku.model.SudokuBoard@2e8b24a1[
  size=9
  solver=sudoku.model.BacktrackingSudokuSolver@3ce7394f
  board={{7,5,4,3,6,2,8,9,1},{3,1,2,7,4,5,0,0,0},{0,0,0,0,0,0,0,0,0},{0,0,0,0,0,0,0,0,0},{0,0,0,0,0,0,0,0,0},{0,0,0,0,0,0,0,0,0},{0,0,0,0,0,0,0,0,0},{0,0,0,0,0,0,0,0,0},{0,0,0,0,0,0,0,0,0}}
]
15:53:16.477 [main] INFO  sudoku.model.SudokuBoard - Wartość 0 wstawiona nieprawidłowo
15:53:16.478 [main] INFO  sudoku.model.SudokuBoard - Bład w kwadracie 0
sudoku.model.SudokuBoard@2e8b24a1[
  size=9
  solver=sudoku.model.BacktrackingSudokuSolver@3ce7394f
  board={{7,5,4,3,6,2,8,9,1},{3,1,2,7,4,0,0,0,0},{0,0,0,0,0,0,0,0,0},{0,0,0,0,0,0,0,0,0},{0,0,0,0,0,0,0,0,0},{0,0,0,0,0,0,0,0,0},{0,0,0,0,0,0,0,0,0},{0,0,0,0,0,0,0,0,0},{0,0,0,0,0,0,0,0,0}}
]
15:53:16.478 [main] INFO  sudoku.model.SudokuBoard - Wartość 0 wstawiona nieprawidłowo
15:53:16.478 [main] INFO  sudoku.model.SudokuBoard - Bład w kwadracie 0
sudoku.model.SudokuBoard@2e8b24a1[
  size=9
  solver=sudoku.model.BacktrackingSudokuSolver@3ce7394f
  board={{7,5,4,3,6,2,8,9,1},{3,1,2,7,4,8,5,0,0},{0,0,0,0,0,0,0,0,0},{0,0,0,0,0,0,0,0,0},{0,0,0,0,0,0,0,0,0},{0,0,0,0,0,0,0,0,0},{0,0,0,0,0,0,0,0,0},{0,0,0,0,0,0,0,0,0},{0,0,0,0,0,0,0,0,0}}
]
15:53:16.479 [main] INFO  sudoku.model.SudokuBoard - Wartość 0 wstawiona nieprawidłowo
15:53:16.480 [main] INFO  sudoku.model.SudokuBoard - Bład w kwadracie 0
sudoku.model.SudokuBoard@2e8b24a1[
  size=9
  solver=sudoku.model.BacktrackingSudokuSolver@3ce7394f
  board={{7,5,4,3,6,2,8,9,1},{3,1,2,7,4,8,0,0,0},{0,0,0,0,0,0,0,0,0},{0,0,0,0,0,0,0,0,0},{0,0,0,0,0,0,0,0,0},{0,0,0,0,0,0,0,0,0},{0,0,0,0,0,0,0,0,0},{0,0,0,0,0,0,0,0,0},{0,0,0,0,0,0,0,0,0}}
]
15:53:16.480 [main] INFO  sudoku.model.SudokuBoard - Wartość 0 wstawiona nieprawidłowo
15:53:16.480 [main] INFO  sudoku.model.SudokuBoard - Bład w kwadracie 0
sudoku.model.SudokuBoard@2e8b24a1[
  size=9
  solver=sudoku.model.BacktrackingSudokuSolver@3ce7394f
  board={{7,5,4,3,6,2,8,9,1},{3,1,2,7,4,8,6,0,0},{0,0,0,0,0,0,0,0,0},{0,0,0,0,0,0,0,0,0},{0,0,0,0,0,0,0,0,0},{0,0,0,0,0,0,0,0,0},{0,0,0,0,0,0,0,0,0},{0,0,0,0,0,0,0,0,0},{0,0,0,0,0,0,0,0,0}}
]
15:53:16.480 [main] INFO  sudoku.model.SudokuBoard - Wartość 0 wstawiona nieprawidłowo
15:53:16.480 [main] INFO  sudoku.model.SudokuBoard - Bład w kwadracie 0
sudoku.model.SudokuBoard@2e8b24a1[
  size=9
  solver=sudoku.model.BacktrackingSudokuSolver@3ce7394f
  board={{7,5,4,3,6,2,8,9,1},{3,1,2,7,4,8,0,0,0},{0,0,0,0,0,0,0,0,0},{0,0,0,0,0,0,0,0,0},{0,0,0,0,0,0,0,0,0},{0,0,0,0,0,0,0,0,0},{0,0,0,0,0,0,0,0,0},{0,0,0,0,0,0,0,0,0},{0,0,0,0,0,0,0,0,0}}
]
15:53:16.480 [main] INFO  sudoku.model.SudokuBoard - Wartość 0 wstawiona nieprawidłowo
15:53:16.480 [main] INFO  sudoku.model.SudokuBoard - Bład w kwadracie 0
sudoku.model.SudokuBoard@2e8b24a1[
  size=9
  solver=sudoku.model.BacktrackingSudokuSolver@3ce7394f
  board={{7,5,4,3,6,2,8,9,1},{3,1,2,7,4,0,0,0,0},{0,0,0,0,0,0,0,0,0},{0,0,0,0,0,0,0,0,0},{0,0,0,0,0,0,0,0,0},{0,0,0,0,0,0,0,0,0},{0,0,0,0,0,0,0,0,0},{0,0,0,0,0,0,0,0,0},{0,0,0,0,0,0,0,0,0}}
]
15:53:16.480 [main] INFO  sudoku.model.SudokuBoard - Wartość 0 wstawiona nieprawidłowo
15:53:16.481 [main] INFO  sudoku.model.SudokuBoard - Bład w kwadracie 0
sudoku.model.SudokuBoard@2e8b24a1[
  size=9
  solver=sudoku.model.BacktrackingSudokuSolver@3ce7394f
  board={{7,5,4,3,6,2,8,9,1},{3,1,2,7,0,0,0,0,0},{0,0,0,0,0,0,0,0,0},{0,0,0,0,0,0,0,0,0},{0,0,0,0,0,0,0,0,0},{0,0,0,0,0,0,0,0,0},{0,0,0,0,0,0,0,0,0},{0,0,0,0,0,0,0,0,0},{0,0,0,0,0,0,0,0,0}}
]
15:53:16.481 [main] INFO  sudoku.model.SudokuBoard - Wartość 0 wstawiona nieprawidłowo
15:53:16.481 [main] INFO  sudoku.model.SudokuBoard - Bład w kwadracie 0
sudoku.model.SudokuBoard@2e8b24a1[
  size=9
  solver=sudoku.model.BacktrackingSudokuSolver@3ce7394f
  board={{7,5,4,3,6,2,8,9,1},{3,1,2,7,5,4,0,0,0},{0,0,0,0,0,0,0,0,0},{0,0,0,0,0,0,0,0,0},{0,0,0,0,0,0,0,0,0},{0,0,0,0,0,0,0,0,0},{0,0,0,0,0,0,0,0,0},{0,0,0,0,0,0,0,0,0},{0,0,0,0,0,0,0,0,0}}
]
15:53:16.482 [main] INFO  sudoku.model.SudokuBoard - Wartość 0 wstawiona nieprawidłowo
15:53:16.482 [main] INFO  sudoku.model.SudokuBoard - Bład w kwadracie 0
sudoku.model.SudokuBoard@2e8b24a1[
  size=9
  solver=sudoku.model.BacktrackingSudokuSolver@3ce7394f
  board={{7,5,4,3,6,2,8,9,1},{3,1,2,7,5,0,0,0,0},{0,0,0,0,0,0,0,0,0},{0,0,0,0,0,0,0,0,0},{0,0,0,0,0,0,0,0,0},{0,0,0,0,0,0,0,0,0},{0,0,0,0,0,0,0,0,0},{0,0,0,0,0,0,0,0,0},{0,0,0,0,0,0,0,0,0}}
]
15:53:16.482 [main] INFO  sudoku.model.SudokuBoard - Wartość 0 wstawiona nieprawidłowo
15:53:16.482 [main] INFO  sudoku.model.SudokuBoard - Bład w kwadracie 0
sudoku.model.SudokuBoard@2e8b24a1[
  size=9
  solver=sudoku.model.BacktrackingSudokuSolver@3ce7394f
  board={{7,5,4,3,6,2,8,9,1},{3,1,2,7,5,8,4,0,0},{0,0,0,0,0,0,0,0,0},{0,0,0,0,0,0,0,0,0},{0,0,0,0,0,0,0,0,0},{0,0,0,0,0,0,0,0,0},{0,0,0,0,0,0,0,0,0},{0,0,0,0,0,0,0,0,0},{0,0,0,0,0,0,0,0,0}}
]
15:53:16.482 [main] INFO  sudoku.model.SudokuBoard - Wartość 0 wstawiona nieprawidłowo
15:53:16.483 [main] INFO  sudoku.model.SudokuBoard - Bład w kwadracie 0
sudoku.model.SudokuBoard@2e8b24a1[
  size=9
  solver=sudoku.model.BacktrackingSudokuSolver@3ce7394f
  board={{7,5,4,3,6,2,8,9,1},{3,1,2,7,5,8,0,0,0},{0,0,0,0,0,0,0,0,0},{0,0,0,0,0,0,0,0,0},{0,0,0,0,0,0,0,0,0},{0,0,0,0,0,0,0,0,0},{0,0,0,0,0,0,0,0,0},{0,0,0,0,0,0,0,0,0},{0,0,0,0,0,0,0,0,0}}
]
15:53:16.483 [main] INFO  sudoku.model.SudokuBoard - Wartość 0 wstawiona nieprawidłowo
15:53:16.483 [main] INFO  sudoku.model.SudokuBoard - Bład w kwadracie 0
sudoku.model.SudokuBoard@2e8b24a1[
  size=9
  solver=sudoku.model.BacktrackingSudokuSolver@3ce7394f
  board={{7,5,4,3,6,2,8,9,1},{3,1,2,7,5,8,6,0,0},{0,0,0,0,0,0,0,0,0},{0,0,0,0,0,0,0,0,0},{0,0,0,0,0,0,0,0,0},{0,0,0,0,0,0,0,0,0},{0,0,0,0,0,0,0,0,0},{0,0,0,0,0,0,0,0,0},{0,0,0,0,0,0,0,0,0}}
]
15:53:16.483 [main] INFO  sudoku.model.SudokuBoard - Wartość 0 wstawiona nieprawidłowo
15:53:16.483 [main] INFO  sudoku.model.SudokuBoard - Bład w kwadracie 0
sudoku.model.SudokuBoard@2e8b24a1[
  size=9
  solver=sudoku.model.BacktrackingSudokuSolver@3ce7394f
  board={{7,5,4,3,6,2,8,9,1},{3,1,2,7,5,8,0,0,0},{0,0,0,0,0,0,0,0,0},{0,0,0,0,0,0,0,0,0},{0,0,0,0,0,0,0,0,0},{0,0,0,0,0,0,0,0,0},{0,0,0,0,0,0,0,0,0},{0,0,0,0,0,0,0,0,0},{0,0,0,0,0,0,0,0,0}}
]
15:53:16.483 [main] INFO  sudoku.model.SudokuBoard - Wartość 0 wstawiona nieprawidłowo
15:53:16.484 [main] INFO  sudoku.model.SudokuBoard - Bład w kwadracie 0
sudoku.model.SudokuBoard@2e8b24a1[
  size=9
  solver=sudoku.model.BacktrackingSudokuSolver@3ce7394f
  board={{7,5,4,3,6,2,8,9,1},{3,1,2,7,5,0,0,0,0},{0,0,0,0,0,0,0,0,0},{0,0,0,0,0,0,0,0,0},{0,0,0,0,0,0,0,0,0},{0,0,0,0,0,0,0,0,0},{0,0,0,0,0,0,0,0,0},{0,0,0,0,0,0,0,0,0},{0,0,0,0,0,0,0,0,0}}
]
15:53:16.484 [main] INFO  sudoku.model.SudokuBoard - Wartość 0 wstawiona nieprawidłowo
15:53:16.484 [main] INFO  sudoku.model.SudokuBoard - Bład w kwadracie 0
sudoku.model.SudokuBoard@2e8b24a1[
  size=9
  solver=sudoku.model.BacktrackingSudokuSolver@3ce7394f
  board={{7,5,4,3,6,2,8,9,1},{3,1,2,7,5,9,6,0,0},{0,0,0,0,0,0,0,0,0},{0,0,0,0,0,0,0,0,0},{0,0,0,0,0,0,0,0,0},{0,0,0,0,0,0,0,0,0},{0,0,0,0,0,0,0,0,0},{0,0,0,0,0,0,0,0,0},{0,0,0,0,0,0,0,0,0}}
]
15:53:16.484 [main] INFO  sudoku.model.SudokuBoard - Wartość 0 wstawiona nieprawidłowo
15:53:16.484 [main] INFO  sudoku.model.SudokuBoard - Bład w kwadracie 0
sudoku.model.SudokuBoard@2e8b24a1[
  size=9
  solver=sudoku.model.BacktrackingSudokuSolver@3ce7394f
  board={{7,5,4,3,6,2,8,9,1},{3,1,2,7,5,9,0,0,0},{0,0,0,0,0,0,0,0,0},{0,0,0,0,0,0,0,0,0},{0,0,0,0,0,0,0,0,0},{0,0,0,0,0,0,0,0,0},{0,0,0,0,0,0,0,0,0},{0,0,0,0,0,0,0,0,0},{0,0,0,0,0,0,0,0,0}}
]
15:53:16.485 [main] INFO  sudoku.model.SudokuBoard - Wartość 0 wstawiona nieprawidłowo
15:53:16.485 [main] INFO  sudoku.model.SudokuBoard - Bład w kwadracie 0
sudoku.model.SudokuBoard@2e8b24a1[
  size=9
  solver=sudoku.model.BacktrackingSudokuSolver@3ce7394f
  board={{7,5,4,3,6,2,8,9,1},{3,1,2,7,5,9,4,0,0},{0,0,0,0,0,0,0,0,0},{0,0,0,0,0,0,0,0,0},{0,0,0,0,0,0,0,0,0},{0,0,0,0,0,0,0,0,0},{0,0,0,0,0,0,0,0,0},{0,0,0,0,0,0,0,0,0},{0,0,0,0,0,0,0,0,0}}
]
15:53:16.485 [main] INFO  sudoku.model.SudokuBoard - Wartość 0 wstawiona nieprawidłowo
15:53:16.486 [main] INFO  sudoku.model.SudokuBoard - Bład w kwadracie 0
sudoku.model.SudokuBoard@2e8b24a1[
  size=9
  solver=sudoku.model.BacktrackingSudokuSolver@3ce7394f
  board={{7,5,4,3,6,2,8,9,1},{3,1,2,7,5,9,0,0,0},{0,0,0,0,0,0,0,0,0},{0,0,0,0,0,0,0,0,0},{0,0,0,0,0,0,0,0,0},{0,0,0,0,0,0,0,0,0},{0,0,0,0,0,0,0,0,0},{0,0,0,0,0,0,0,0,0},{0,0,0,0,0,0,0,0,0}}
]
15:53:16.486 [main] INFO  sudoku.model.SudokuBoard - Wartość 0 wstawiona nieprawidłowo
15:53:16.486 [main] INFO  sudoku.model.SudokuBoard - Bład w kwadracie 0
sudoku.model.SudokuBoard@2e8b24a1[
  size=9
  solver=sudoku.model.BacktrackingSudokuSolver@3ce7394f
  board={{7,5,4,3,6,2,8,9,1},{3,1,2,7,5,0,0,0,0},{0,0,0,0,0,0,0,0,0},{0,0,0,0,0,0,0,0,0},{0,0,0,0,0,0,0,0,0},{0,0,0,0,0,0,0,0,0},{0,0,0,0,0,0,0,0,0},{0,0,0,0,0,0,0,0,0},{0,0,0,0,0,0,0,0,0}}
]
15:53:16.486 [main] INFO  sudoku.model.SudokuBoard - Wartość 0 wstawiona nieprawidłowo
15:53:16.486 [main] INFO  sudoku.model.SudokuBoard - Bład w kwadracie 0
sudoku.model.SudokuBoard@2e8b24a1[
  size=9
  solver=sudoku.model.BacktrackingSudokuSolver@3ce7394f
  board={{7,5,4,3,6,2,8,9,1},{3,1,2,7,0,0,0,0,0},{0,0,0,0,0,0,0,0,0},{0,0,0,0,0,0,0,0,0},{0,0,0,0,0,0,0,0,0},{0,0,0,0,0,0,0,0,0},{0,0,0,0,0,0,0,0,0},{0,0,0,0,0,0,0,0,0},{0,0,0,0,0,0,0,0,0}}
]
15:53:16.486 [main] INFO  sudoku.model.SudokuBoard - Wartość 0 wstawiona nieprawidłowo
15:53:16.486 [main] INFO  sudoku.model.SudokuBoard - Bład w kwadracie 0
sudoku.model.SudokuBoard@2e8b24a1[
  size=9
  solver=sudoku.model.BacktrackingSudokuSolver@3ce7394f
  board={{7,5,4,3,6,2,8,9,1},{3,1,2,7,8,5,4,0,0},{0,0,0,0,0,0,0,0,0},{0,0,0,0,0,0,0,0,0},{0,0,0,0,0,0,0,0,0},{0,0,0,0,0,0,0,0,0},{0,0,0,0,0,0,0,0,0},{0,0,0,0,0,0,0,0,0},{0,0,0,0,0,0,0,0,0}}
]
15:53:16.486 [main] INFO  sudoku.model.SudokuBoard - Wartość 0 wstawiona nieprawidłowo
15:53:16.486 [main] INFO  sudoku.model.SudokuBoard - Bład w kwadracie 0
sudoku.model.SudokuBoard@2e8b24a1[
  size=9
  solver=sudoku.model.BacktrackingSudokuSolver@3ce7394f
  board={{7,5,4,3,6,2,8,9,1},{3,1,2,7,8,5,0,0,0},{0,0,0,0,0,0,0,0,0},{0,0,0,0,0,0,0,0,0},{0,0,0,0,0,0,0,0,0},{0,0,0,0,0,0,0,0,0},{0,0,0,0,0,0,0,0,0},{0,0,0,0,0,0,0,0,0},{0,0,0,0,0,0,0,0,0}}
]
15:53:16.487 [main] INFO  sudoku.model.SudokuBoard - Wartość 0 wstawiona nieprawidłowo
15:53:16.487 [main] INFO  sudoku.model.SudokuBoard - Bład w kwadracie 0
sudoku.model.SudokuBoard@2e8b24a1[
  size=9
  solver=sudoku.model.BacktrackingSudokuSolver@3ce7394f
  board={{7,5,4,3,6,2,8,9,1},{3,1,2,7,8,5,6,0,0},{0,0,0,0,0,0,0,0,0},{0,0,0,0,0,0,0,0,0},{0,0,0,0,0,0,0,0,0},{0,0,0,0,0,0,0,0,0},{0,0,0,0,0,0,0,0,0},{0,0,0,0,0,0,0,0,0},{0,0,0,0,0,0,0,0,0}}
]
15:53:16.487 [main] INFO  sudoku.model.SudokuBoard - Wartość 0 wstawiona nieprawidłowo
15:53:16.488 [main] INFO  sudoku.model.SudokuBoard - Bład w kwadracie 0
sudoku.model.SudokuBoard@2e8b24a1[
  size=9
  solver=sudoku.model.BacktrackingSudokuSolver@3ce7394f
  board={{7,5,4,3,6,2,8,9,1},{3,1,2,7,8,5,0,0,0},{0,0,0,0,0,0,0,0,0},{0,0,0,0,0,0,0,0,0},{0,0,0,0,0,0,0,0,0},{0,0,0,0,0,0,0,0,0},{0,0,0,0,0,0,0,0,0},{0,0,0,0,0,0,0,0,0},{0,0,0,0,0,0,0,0,0}}
]
15:53:16.488 [main] INFO  sudoku.model.SudokuBoard - Wartość 0 wstawiona nieprawidłowo
15:53:16.488 [main] INFO  sudoku.model.SudokuBoard - Bład w kwadracie 0
sudoku.model.SudokuBoard@2e8b24a1[
  size=9
  solver=sudoku.model.BacktrackingSudokuSolver@3ce7394f
  board={{7,5,4,3,6,2,8,9,1},{3,1,2,7,8,0,0,0,0},{0,0,0,0,0,0,0,0,0},{0,0,0,0,0,0,0,0,0},{0,0,0,0,0,0,0,0,0},{0,0,0,0,0,0,0,0,0},{0,0,0,0,0,0,0,0,0},{0,0,0,0,0,0,0,0,0},{0,0,0,0,0,0,0,0,0}}
]
15:53:16.490 [main] INFO  sudoku.model.SudokuBoard - Wartość 0 wstawiona nieprawidłowo
15:53:16.490 [main] INFO  sudoku.model.SudokuBoard - Bład w kwadracie 0
sudoku.model.SudokuBoard@2e8b24a1[
  size=9
  solver=sudoku.model.BacktrackingSudokuSolver@3ce7394f
  board={{7,5,4,3,6,2,8,9,1},{3,1,2,7,8,9,5,4,6},{6,8,9,1,4,5,7,2,3},{1,6,3,2,5,7,9,8,4},{2,4,5,6,3,8,1,0,0},{0,0,0,0,0,0,0,0,0},{0,0,0,0,0,0,0,0,0},{0,0,0,0,0,0,0,0,0},{0,0,0,0,0,0,0,0,0}}
]
15:53:16.490 [main] INFO  sudoku.model.SudokuBoard - Wartość 0 wstawiona nieprawidłowo
15:53:16.490 [main] INFO  sudoku.model.SudokuBoard - Bład w kwadracie 0
sudoku.model.SudokuBoard@2e8b24a1[
  size=9
  solver=sudoku.model.BacktrackingSudokuSolver@3ce7394f
  board={{7,5,4,3,6,2,8,9,1},{3,1,2,7,8,9,5,4,6},{6,8,9,1,4,5,7,2,3},{1,6,3,2,5,7,9,8,4},{2,4,5,6,3,8,0,0,0},{0,0,0,0,0,0,0,0,0},{0,0,0,0,0,0,0,0,0},{0,0,0,0,0,0,0,0,0},{0,0,0,0,0,0,0,0,0}}
]
15:53:16.490 [main] INFO  sudoku.model.SudokuBoard - Wartość 0 wstawiona nieprawidłowo
15:53:16.490 [main] INFO  sudoku.model.SudokuBoard - Bład w kwadracie 0
sudoku.model.SudokuBoard@2e8b24a1[
  size=9
  solver=sudoku.model.BacktrackingSudokuSolver@3ce7394f
  board={{7,5,4,3,6,2,8,9,1},{3,1,2,7,8,9,5,4,6},{6,8,9,1,4,5,7,2,3},{1,6,3,2,5,7,9,8,4},{2,4,5,6,3,0,0,0,0},{0,0,0,0,0,0,0,0,0},{0,0,0,0,0,0,0,0,0},{0,0,0,0,0,0,0,0,0},{0,0,0,0,0,0,0,0,0}}
]
15:53:16.490 [main] INFO  sudoku.model.SudokuBoard - Wartość 0 wstawiona nieprawidłowo
15:53:16.493 [main] INFO  sudoku.model.SudokuBoard - Bład w kwadracie 0
sudoku.model.SudokuBoard@2e8b24a1[
  size=9
  solver=sudoku.model.BacktrackingSudokuSolver@3ce7394f
  board={{7,5,4,3,6,2,8,9,1},{3,1,2,7,8,9,5,4,6},{6,8,9,1,4,5,7,2,3},{1,6,3,2,5,7,9,8,4},{2,4,5,6,3,0,0,0,0},{0,0,0,0,0,0,0,0,0},{0,0,0,0,0,0,0,0,0},{0,0,0,0,0,0,0,0,0},{0,0,0,0,0,0,0,0,0}}
]
15:53:16.493 [main] INFO  sudoku.model.SudokuBoard - Wartość 0 wstawiona nieprawidłowo
15:53:16.493 [main] INFO  sudoku.model.SudokuBoard - Bład w kwadracie 0
sudoku.model.SudokuBoard@2e8b24a1[
  size=9
  solver=sudoku.model.BacktrackingSudokuSolver@3ce7394f
  board={{7,5,4,3,6,2,8,9,1},{3,1,2,7,8,9,5,4,6},{6,8,9,1,4,5,7,2,3},{1,6,3,2,5,7,9,8,4},{2,4,5,6,0,0,0,0,0},{0,0,0,0,0,0,0,0,0},{0,0,0,0,0,0,0,0,0},{0,0,0,0,0,0,0,0,0},{0,0,0,0,0,0,0,0,0}}
]
15:53:16.493 [main] INFO  sudoku.model.SudokuBoard - Wartość 0 wstawiona nieprawidłowo
15:53:16.493 [main] INFO  sudoku.model.SudokuBoard - Bład w kwadracie 0
sudoku.model.SudokuBoard@2e8b24a1[
  size=9
  solver=sudoku.model.BacktrackingSudokuSolver@3ce7394f
  board={{7,5,4,3,6,2,8,9,1},{3,1,2,7,8,9,5,4,6},{6,8,9,1,4,5,7,2,3},{1,6,3,2,5,7,9,8,4},{2,4,5,6,9,1,3,0,0},{0,0,0,0,0,0,0,0,0},{0,0,0,0,0,0,0,0,0},{0,0,0,0,0,0,0,0,0},{0,0,0,0,0,0,0,0,0}}
]
15:53:16.493 [main] INFO  sudoku.model.SudokuBoard - Wartość 0 wstawiona nieprawidłowo
15:53:16.493 [main] INFO  sudoku.model.SudokuBoard - Bład w kwadracie 0
sudoku.model.SudokuBoard@2e8b24a1[
  size=9
  solver=sudoku.model.BacktrackingSudokuSolver@3ce7394f
  board={{7,5,4,3,6,2,8,9,1},{3,1,2,7,8,9,5,4,6},{6,8,9,1,4,5,7,2,3},{1,6,3,2,5,7,9,8,4},{2,4,5,6,9,1,0,0,0},{0,0,0,0,0,0,0,0,0},{0,0,0,0,0,0,0,0,0},{0,0,0,0,0,0,0,0,0},{0,0,0,0,0,0,0,0,0}}
]
15:53:16.493 [main] INFO  sudoku.model.SudokuBoard - Wartość 0 wstawiona nieprawidłowo
15:53:16.493 [main] INFO  sudoku.model.SudokuBoard - Bład w kwadracie 0
sudoku.model.SudokuBoard@2e8b24a1[
  size=9
  solver=sudoku.model.BacktrackingSudokuSolver@3ce7394f
  board={{7,5,4,3,6,2,8,9,1},{3,1,2,7,8,9,5,4,6},{6,8,9,1,4,5,7,2,3},{1,6,3,2,5,7,9,8,4},{2,4,5,6,9,0,0,0,0},{0,0,0,0,0,0,0,0,0},{0,0,0,0,0,0,0,0,0},{0,0,0,0,0,0,0,0,0},{0,0,0,0,0,0,0,0,0}}
]
15:53:16.494 [main] INFO  sudoku.model.SudokuBoard - Wartość 0 wstawiona nieprawidłowo
15:53:16.494 [main] INFO  sudoku.model.SudokuBoard - Bład w kwadracie 0
sudoku.model.SudokuBoard@2e8b24a1[
  size=9
  solver=sudoku.model.BacktrackingSudokuSolver@3ce7394f
  board={{7,5,4,3,6,2,8,9,1},{3,1,2,7,8,9,5,4,6},{6,8,9,1,4,5,7,2,3},{1,6,3,2,5,7,9,8,4},{2,4,5,6,9,3,1,0,0},{0,0,0,0,0,0,0,0,0},{0,0,0,0,0,0,0,0,0},{0,0,0,0,0,0,0,0,0},{0,0,0,0,0,0,0,0,0}}
]
15:53:16.494 [main] INFO  sudoku.model.SudokuBoard - Wartość 0 wstawiona nieprawidłowo
15:53:16.494 [main] INFO  sudoku.model.SudokuBoard - Bład w kwadracie 0
sudoku.model.SudokuBoard@2e8b24a1[
  size=9
  solver=sudoku.model.BacktrackingSudokuSolver@3ce7394f
  board={{7,5,4,3,6,2,8,9,1},{3,1,2,7,8,9,5,4,6},{6,8,9,1,4,5,7,2,3},{1,6,3,2,5,7,9,8,4},{2,4,5,6,9,3,0,0,0},{0,0,0,0,0,0,0,0,0},{0,0,0,0,0,0,0,0,0},{0,0,0,0,0,0,0,0,0},{0,0,0,0,0,0,0,0,0}}
]
15:53:16.494 [main] INFO  sudoku.model.SudokuBoard - Wartość 0 wstawiona nieprawidłowo
15:53:16.494 [main] INFO  sudoku.model.SudokuBoard - Bład w kwadracie 0
sudoku.model.SudokuBoard@2e8b24a1[
  size=9
  solver=sudoku.model.BacktrackingSudokuSolver@3ce7394f
  board={{7,5,4,3,6,2,8,9,1},{3,1,2,7,8,9,5,4,6},{6,8,9,1,4,5,7,2,3},{1,6,3,2,5,7,9,8,4},{2,4,5,6,9,0,0,0,0},{0,0,0,0,0,0,0,0,0},{0,0,0,0,0,0,0,0,0},{0,0,0,0,0,0,0,0,0},{0,0,0,0,0,0,0,0,0}}
]
15:53:16.494 [main] INFO  sudoku.model.SudokuBoard - Wartość 0 wstawiona nieprawidłowo
15:53:16.495 [main] INFO  sudoku.model.SudokuBoard - Bład w kwadracie 0
sudoku.model.SudokuBoard@2e8b24a1[
  size=9
  solver=sudoku.model.BacktrackingSudokuSolver@3ce7394f
  board={{7,5,4,3,6,2,8,9,1},{3,1,2,7,8,9,5,4,6},{6,8,9,1,4,5,7,2,3},{1,6,3,2,5,7,9,8,4},{2,4,5,6,9,8,1,0,0},{0,0,0,0,0,0,0,0,0},{0,0,0,0,0,0,0,0,0},{0,0,0,0,0,0,0,0,0},{0,0,0,0,0,0,0,0,0}}
]
15:53:16.495 [main] INFO  sudoku.model.SudokuBoard - Wartość 0 wstawiona nieprawidłowo
15:53:16.495 [main] INFO  sudoku.model.SudokuBoard - Bład w kwadracie 0
sudoku.model.SudokuBoard@2e8b24a1[
  size=9
  solver=sudoku.model.BacktrackingSudokuSolver@3ce7394f
  board={{7,5,4,3,6,2,8,9,1},{3,1,2,7,8,9,5,4,6},{6,8,9,1,4,5,7,2,3},{1,6,3,2,5,7,9,8,4},{2,4,5,6,9,8,1,3,7},{8,0,0,0,0,0,0,0,0},{0,0,0,0,0,0,0,0,0},{0,0,0,0,0,0,0,0,0},{0,0,0,0,0,0,0,0,0}}
]
15:53:16.495 [main] INFO  sudoku.model.SudokuBoard - Wartość 0 wstawiona nieprawidłowo
15:53:16.495 [main] INFO  sudoku.model.SudokuBoard - Bład w kwadracie 0
sudoku.model.SudokuBoard@2e8b24a1[
  size=9
  solver=sudoku.model.BacktrackingSudokuSolver@3ce7394f
  board={{7,5,4,3,6,2,8,9,1},{3,1,2,7,8,9,5,4,6},{6,8,9,1,4,5,7,2,3},{1,6,3,2,5,7,9,8,4},{2,4,5,6,9,8,1,3,7},{8,9,7,4,3,1,2,6,5},{9,2,1,8,7,3,4,0,0},{0,0,0,0,0,0,0,0,0},{0,0,0,0,0,0,0,0,0}}
]
15:53:16.495 [main] INFO  sudoku.model.SudokuBoard - Wartość 0 wstawiona nieprawidłowo
15:53:16.495 [main] INFO  sudoku.model.SudokuBoard - Bład w kwadracie 0
sudoku.model.SudokuBoard@2e8b24a1[
  size=9
  solver=sudoku.model.BacktrackingSudokuSolver@3ce7394f
  board={{7,5,4,3,6,2,8,9,1},{3,1,2,7,8,9,5,4,6},{6,8,9,1,4,5,7,2,3},{1,6,3,2,5,7,9,8,4},{2,4,5,6,9,8,1,3,7},{8,9,7,4,3,1,2,6,5},{9,2,1,8,7,3,0,0,0},{0,0,0,0,0,0,0,0,0},{0,0,0,0,0,0,0,0,0}}
]
15:53:16.495 [main] INFO  sudoku.model.SudokuBoard - Wartość 0 wstawiona nieprawidłowo
15:53:16.496 [main] INFO  sudoku.model.SudokuBoard - Bład w kwadracie 0
sudoku.model.SudokuBoard@2e8b24a1[
  size=9
  solver=sudoku.model.BacktrackingSudokuSolver@3ce7394f
  board={{7,5,4,3,6,2,8,9,1},{3,1,2,7,8,9,5,4,6},{6,8,9,1,4,5,7,2,3},{1,6,3,2,5,7,9,8,4},{2,4,5,6,9,8,1,3,7},{8,9,7,4,3,1,2,6,5},{9,2,1,8,7,3,6,0,0},{0,0,0,0,0,0,0,0,0},{0,0,0,0,0,0,0,0,0}}
]
15:53:16.496 [main] INFO  sudoku.model.SudokuBoard - Wartość 0 wstawiona nieprawidłowo
15:53:16.496 [main] INFO  sudoku.model.SudokuBoard - Bład w kwadracie 0
sudoku.model.SudokuBoard@2e8b24a1[
  size=9
  solver=sudoku.model.BacktrackingSudokuSolver@3ce7394f
  board={{7,5,4,3,6,2,8,9,1},{3,1,2,7,8,9,5,4,6},{6,8,9,1,4,5,7,2,3},{1,6,3,2,5,7,9,8,4},{2,4,5,6,9,8,1,3,7},{8,9,7,4,3,1,2,6,5},{9,2,1,8,7,3,0,0,0},{0,0,0,0,0,0,0,0,0},{0,0,0,0,0,0,0,0,0}}
]
15:53:16.496 [main] INFO  sudoku.model.SudokuBoard - Wartość 0 wstawiona nieprawidłowo
15:53:16.496 [main] INFO  sudoku.model.SudokuBoard - Bład w kwadracie 0
sudoku.model.SudokuBoard@2e8b24a1[
  size=9
  solver=sudoku.model.BacktrackingSudokuSolver@3ce7394f
  board={{7,5,4,3,6,2,8,9,1},{3,1,2,7,8,9,5,4,6},{6,8,9,1,4,5,7,2,3},{1,6,3,2,5,7,9,8,4},{2,4,5,6,9,8,1,3,7},{8,9,7,4,3,1,2,6,5},{9,2,1,8,7,0,0,0,0},{0,0,0,0,0,0,0,0,0},{0,0,0,0,0,0,0,0,0}}
]
15:53:16.496 [main] INFO  sudoku.model.SudokuBoard - Wartość 0 wstawiona nieprawidłowo
15:53:16.496 [main] INFO  sudoku.model.SudokuBoard - Bład w kwadracie 0
sudoku.model.SudokuBoard@2e8b24a1[
  size=9
  solver=sudoku.model.BacktrackingSudokuSolver@3ce7394f
  board={{7,5,4,3,6,2,8,9,1},{3,1,2,7,8,9,5,4,6},{6,8,9,1,4,5,7,2,3},{1,6,3,2,5,7,9,8,4},{2,4,5,6,9,8,1,3,7},{8,9,7,4,3,1,2,6,5},{9,2,1,8,7,4,3,0,0},{0,0,0,0,0,0,0,0,0},{0,0,0,0,0,0,0,0,0}}
]
15:53:16.496 [main] INFO  sudoku.model.SudokuBoard - Wartość 0 wstawiona nieprawidłowo
15:53:16.496 [main] INFO  sudoku.model.SudokuBoard - Bład w kwadracie 0
sudoku.model.SudokuBoard@2e8b24a1[
  size=9
  solver=sudoku.model.BacktrackingSudokuSolver@3ce7394f
  board={{7,5,4,3,6,2,8,9,1},{3,1,2,7,8,9,5,4,6},{6,8,9,1,4,5,7,2,3},{1,6,3,2,5,7,9,8,4},{2,4,5,6,9,8,1,3,7},{8,9,7,4,3,1,2,6,5},{9,2,1,8,7,4,0,0,0},{0,0,0,0,0,0,0,0,0},{0,0,0,0,0,0,0,0,0}}
]
15:53:16.496 [main] INFO  sudoku.model.SudokuBoard - Wartość 0 wstawiona nieprawidłowo
15:53:16.497 [main] INFO  sudoku.model.SudokuBoard - Bład w kwadracie 0
sudoku.model.SudokuBoard@2e8b24a1[
  size=9
  solver=sudoku.model.BacktrackingSudokuSolver@3ce7394f
  board={{7,5,4,3,6,2,8,9,1},{3,1,2,7,8,9,5,4,6},{6,8,9,1,4,5,7,2,3},{1,6,3,2,5,7,9,8,4},{2,4,5,6,9,8,1,3,7},{8,9,7,4,3,1,2,6,5},{9,2,1,8,7,4,6,0,0},{0,0,0,0,0,0,0,0,0},{0,0,0,0,0,0,0,0,0}}
]
15:53:16.497 [main] INFO  sudoku.model.SudokuBoard - Wartość 0 wstawiona nieprawidłowo
15:53:16.497 [main] INFO  sudoku.model.SudokuBoard - Bład w kwadracie 0
sudoku.model.SudokuBoard@2e8b24a1[
  size=9
  solver=sudoku.model.BacktrackingSudokuSolver@3ce7394f
  board={{7,5,4,3,6,2,8,9,1},{3,1,2,7,8,9,5,4,6},{6,8,9,1,4,5,7,2,3},{1,6,3,2,5,7,9,8,4},{2,4,5,6,9,8,1,3,7},{8,9,7,4,3,1,2,6,5},{9,2,1,8,7,4,0,0,0},{0,0,0,0,0,0,0,0,0},{0,0,0,0,0,0,0,0,0}}
]
15:53:16.497 [main] INFO  sudoku.model.SudokuBoard - Wartość 0 wstawiona nieprawidłowo
15:53:16.497 [main] INFO  sudoku.model.SudokuBoard - Bład w kwadracie 0
sudoku.model.SudokuBoard@2e8b24a1[
  size=9
  solver=sudoku.model.BacktrackingSudokuSolver@3ce7394f
  board={{7,5,4,3,6,2,8,9,1},{3,1,2,7,8,9,5,4,6},{6,8,9,1,4,5,7,2,3},{1,6,3,2,5,7,9,8,4},{2,4,5,6,9,8,1,3,7},{8,9,7,4,3,1,2,6,5},{9,2,1,8,7,0,0,0,0},{0,0,0,0,0,0,0,0,0},{0,0,0,0,0,0,0,0,0}}
]
15:53:16.497 [main] INFO  sudoku.model.SudokuBoard - Wartość 0 wstawiona nieprawidłowo
15:53:16.497 [main] INFO  sudoku.model.SudokuBoard - Bład w kwadracie 0
sudoku.model.SudokuBoard@2e8b24a1[
  size=9
  solver=sudoku.model.BacktrackingSudokuSolver@3ce7394f
  board={{7,5,4,3,6,2,8,9,1},{3,1,2,7,8,9,5,4,6},{6,8,9,1,4,5,7,2,3},{1,6,3,2,5,7,9,8,4},{2,4,5,6,9,8,1,3,7},{8,9,7,4,3,1,2,6,5},{9,2,1,8,7,6,3,0,0},{0,0,0,0,0,0,0,0,0},{0,0,0,0,0,0,0,0,0}}
]
15:53:16.497 [main] INFO  sudoku.model.SudokuBoard - Wartość 0 wstawiona nieprawidłowo
15:53:16.497 [main] INFO  sudoku.model.SudokuBoard - Bład w kwadracie 0
sudoku.model.SudokuBoard@2e8b24a1[
  size=9
  solver=sudoku.model.BacktrackingSudokuSolver@3ce7394f
  board={{7,5,4,3,6,2,8,9,1},{3,1,2,7,8,9,5,4,6},{6,8,9,1,4,5,7,2,3},{1,6,3,2,5,7,9,8,4},{2,4,5,6,9,8,1,3,7},{8,9,7,4,3,1,2,6,5},{9,2,1,8,7,6,0,0,0},{0,0,0,0,0,0,0,0,0},{0,0,0,0,0,0,0,0,0}}
]
15:53:16.497 [main] INFO  sudoku.model.SudokuBoard - Wartość 0 wstawiona nieprawidłowo
15:53:16.498 [main] INFO  sudoku.model.SudokuBoard - Bład w kwadracie 0
sudoku.model.SudokuBoard@2e8b24a1[
  size=9
  solver=sudoku.model.BacktrackingSudokuSolver@3ce7394f
  board={{7,5,4,3,6,2,8,9,1},{3,1,2,7,8,9,5,4,6},{6,8,9,1,4,5,7,2,3},{1,6,3,2,5,7,9,8,4},{2,4,5,6,9,8,1,3,7},{8,9,7,4,3,1,2,6,5},{9,2,1,8,7,6,4,0,0},{0,0,0,0,0,0,0,0,0},{0,0,0,0,0,0,0,0,0}}
]
15:53:16.498 [main] INFO  sudoku.model.SudokuBoard - Wartość 0 wstawiona nieprawidłowo
15:53:16.498 [main] INFO  sudoku.model.SudokuBoard - Bład w kwadracie 0
sudoku.model.SudokuBoard@2e8b24a1[
  size=9
  solver=sudoku.model.BacktrackingSudokuSolver@3ce7394f
  board={{7,5,4,3,6,2,8,9,1},{3,1,2,7,8,9,5,4,6},{6,8,9,1,4,5,7,2,3},{1,6,3,2,5,7,9,8,4},{2,4,5,6,9,8,1,3,7},{8,9,7,4,3,1,2,6,5},{9,2,1,8,7,6,0,0,0},{0,0,0,0,0,0,0,0,0},{0,0,0,0,0,0,0,0,0}}
]
15:53:16.498 [main] INFO  sudoku.model.SudokuBoard - Wartość 0 wstawiona nieprawidłowo
15:53:16.498 [main] INFO  sudoku.model.SudokuBoard - Bład w kwadracie 0
sudoku.model.SudokuBoard@2e8b24a1[
  size=9
  solver=sudoku.model.BacktrackingSudokuSolver@3ce7394f
  board={{7,5,4,3,6,2,8,9,1},{3,1,2,7,8,9,5,4,6},{6,8,9,1,4,5,7,2,3},{1,6,3,2,5,7,9,8,4},{2,4,5,6,9,8,1,3,7},{8,9,7,4,3,1,2,6,5},{9,2,1,8,7,0,0,0,0},{0,0,0,0,0,0,0,0,0},{0,0,0,0,0,0,0,0,0}}
]
15:53:16.498 [main] INFO  sudoku.model.SudokuBoard - Wartość 0 wstawiona nieprawidłowo
15:53:16.498 [main] INFO  sudoku.model.SudokuBoard - Bład w kwadracie 0
sudoku.model.SudokuBoard@2e8b24a1[
  size=9
  solver=sudoku.model.BacktrackingSudokuSolver@3ce7394f
  board={{7,5,4,3,6,2,8,9,1},{3,1,2,7,8,9,5,4,6},{6,8,9,1,4,5,7,2,3},{1,6,3,2,5,7,9,8,4},{2,4,5,6,9,8,1,3,7},{8,9,7,4,3,1,2,6,5},{9,2,1,8,0,0,0,0,0},{0,0,0,0,0,0,0,0,0},{0,0,0,0,0,0,0,0,0}}
]
15:53:16.498 [main] INFO  sudoku.model.SudokuBoard - Wartość 0 wstawiona nieprawidłowo
15:53:16.499 [main] INFO  sudoku.model.SudokuBoard - Bład w kwadracie 0
sudoku.model.SudokuBoard@2e8b24a1[
  size=9
  solver=sudoku.model.BacktrackingSudokuSolver@3ce7394f
  board={{7,5,4,3,6,2,8,9,1},{3,1,2,7,8,9,5,4,6},{6,8,9,1,4,5,7,2,3},{1,6,3,2,5,7,9,8,4},{2,4,5,6,9,8,1,3,7},{8,9,7,4,3,1,2,6,5},{9,2,1,0,0,0,0,0,0},{0,0,0,0,0,0,0,0,0},{0,0,0,0,0,0,0,0,0}}
]
15:53:16.499 [main] INFO  sudoku.model.SudokuBoard - Wartość 0 wstawiona nieprawidłowo
15:53:16.499 [main] INFO  sudoku.model.SudokuBoard - Bład w kwadracie 0
sudoku.model.SudokuBoard@2e8b24a1[
  size=9
  solver=sudoku.model.BacktrackingSudokuSolver@3ce7394f
  board={{7,5,4,3,6,2,8,9,1},{3,1,2,7,8,9,5,4,6},{6,8,9,1,4,5,7,2,3},{1,6,3,2,5,7,9,8,4},{2,4,5,6,9,8,1,3,7},{8,9,7,4,3,1,2,6,5},{9,2,1,5,7,3,0,0,0},{0,0,0,0,0,0,0,0,0},{0,0,0,0,0,0,0,0,0}}
]
15:53:16.499 [main] INFO  sudoku.model.SudokuBoard - Wartość 0 wstawiona nieprawidłowo
15:53:16.499 [main] INFO  sudoku.model.SudokuBoard - Bład w kwadracie 0
sudoku.model.SudokuBoard@2e8b24a1[
  size=9
  solver=sudoku.model.BacktrackingSudokuSolver@3ce7394f
  board={{7,5,4,3,6,2,8,9,1},{3,1,2,7,8,9,5,4,6},{6,8,9,1,4,5,7,2,3},{1,6,3,2,5,7,9,8,4},{2,4,5,6,9,8,1,3,7},{8,9,7,4,3,1,2,6,5},{9,2,1,5,7,3,0,0,0},{0,0,0,0,0,0,0,0,0},{0,0,0,0,0,0,0,0,0}}
]
15:53:16.499 [main] INFO  sudoku.model.SudokuBoard - Wartość 0 wstawiona nieprawidłowo
15:53:16.499 [main] INFO  sudoku.model.SudokuBoard - Bład w kwadracie 0
sudoku.model.SudokuBoard@2e8b24a1[
  size=9
  solver=sudoku.model.BacktrackingSudokuSolver@3ce7394f
  board={{7,5,4,3,6,2,8,9,1},{3,1,2,7,8,9,5,4,6},{6,8,9,1,4,5,7,2,3},{1,6,3,2,5,7,9,8,4},{2,4,5,6,9,8,1,3,7},{8,9,7,4,3,1,2,6,5},{9,2,1,5,7,0,0,0,0},{0,0,0,0,0,0,0,0,0},{0,0,0,0,0,0,0,0,0}}
]
15:53:16.499 [main] INFO  sudoku.model.SudokuBoard - Wartość 0 wstawiona nieprawidłowo
15:53:16.499 [main] INFO  sudoku.model.SudokuBoard - Bład w kwadracie 0
sudoku.model.SudokuBoard@2e8b24a1[
  size=9
  solver=sudoku.model.BacktrackingSudokuSolver@3ce7394f
  board={{7,5,4,3,6,2,8,9,1},{3,1,2,7,8,9,5,4,6},{6,8,9,1,4,5,7,2,3},{1,6,3,2,5,7,9,8,4},{2,4,5,6,9,8,1,3,7},{8,9,7,4,3,1,2,6,5},{9,2,1,5,7,4,0,0,0},{0,0,0,0,0,0,0,0,0},{0,0,0,0,0,0,0,0,0}}
]
15:53:16.499 [main] INFO  sudoku.model.SudokuBoard - Wartość 0 wstawiona nieprawidłowo
15:53:16.500 [main] INFO  sudoku.model.SudokuBoard - Bład w kwadracie 0
sudoku.model.SudokuBoard@2e8b24a1[
  size=9
  solver=sudoku.model.BacktrackingSudokuSolver@3ce7394f
  board={{7,5,4,3,6,2,8,9,1},{3,1,2,7,8,9,5,4,6},{6,8,9,1,4,5,7,2,3},{1,6,3,2,5,7,9,8,4},{2,4,5,6,9,8,1,3,7},{8,9,7,4,3,1,2,6,5},{9,2,1,5,7,4,0,0,0},{0,0,0,0,0,0,0,0,0},{0,0,0,0,0,0,0,0,0}}
]
15:53:16.500 [main] INFO  sudoku.model.SudokuBoard - Wartość 0 wstawiona nieprawidłowo
15:53:16.500 [main] INFO  sudoku.model.SudokuBoard - Bład w kwadracie 0
sudoku.model.SudokuBoard@2e8b24a1[
  size=9
  solver=sudoku.model.BacktrackingSudokuSolver@3ce7394f
  board={{7,5,4,3,6,2,8,9,1},{3,1,2,7,8,9,5,4,6},{6,8,9,1,4,5,7,2,3},{1,6,3,2,5,7,9,8,4},{2,4,5,6,9,8,1,3,7},{8,9,7,4,3,1,2,6,5},{9,2,1,5,7,0,0,0,0},{0,0,0,0,0,0,0,0,0},{0,0,0,0,0,0,0,0,0}}
]
15:53:16.500 [main] INFO  sudoku.model.SudokuBoard - Wartość 0 wstawiona nieprawidłowo
15:53:16.500 [main] INFO  sudoku.model.SudokuBoard - Bład w kwadracie 0
sudoku.model.SudokuBoard@2e8b24a1[
  size=9
  solver=sudoku.model.BacktrackingSudokuSolver@3ce7394f
  board={{7,5,4,3,6,2,8,9,1},{3,1,2,7,8,9,5,4,6},{6,8,9,1,4,5,7,2,3},{1,6,3,2,5,7,9,8,4},{2,4,5,6,9,8,1,3,7},{8,9,7,4,3,1,2,6,5},{9,2,1,5,7,6,0,0,0},{0,0,0,0,0,0,0,0,0},{0,0,0,0,0,0,0,0,0}}
]
15:53:16.500 [main] INFO  sudoku.model.SudokuBoard - Wartość 0 wstawiona nieprawidłowo
15:53:16.500 [main] INFO  sudoku.model.SudokuBoard - Bład w kwadracie 0
sudoku.model.SudokuBoard@2e8b24a1[
  size=9
  solver=sudoku.model.BacktrackingSudokuSolver@3ce7394f
  board={{7,5,4,3,6,2,8,9,1},{3,1,2,7,8,9,5,4,6},{6,8,9,1,4,5,7,2,3},{1,6,3,2,5,7,9,8,4},{2,4,5,6,9,8,1,3,7},{8,9,7,4,3,1,2,6,5},{9,2,1,5,7,6,0,0,0},{0,0,0,0,0,0,0,0,0},{0,0,0,0,0,0,0,0,0}}
]
15:53:16.500 [main] INFO  sudoku.model.SudokuBoard - Wartość 0 wstawiona nieprawidłowo
15:53:16.500 [main] INFO  sudoku.model.SudokuBoard - Bład w kwadracie 0
sudoku.model.SudokuBoard@2e8b24a1[
  size=9
  solver=sudoku.model.BacktrackingSudokuSolver@3ce7394f
  board={{7,5,4,3,6,2,8,9,1},{3,1,2,7,8,9,5,4,6},{6,8,9,1,4,5,7,2,3},{1,6,3,2,5,7,9,8,4},{2,4,5,6,9,8,1,3,7},{8,9,7,4,3,1,2,6,5},{9,2,1,5,7,0,0,0,0},{0,0,0,0,0,0,0,0,0},{0,0,0,0,0,0,0,0,0}}
]
15:53:16.501 [main] INFO  sudoku.model.SudokuBoard - Wartość 0 wstawiona nieprawidłowo
15:53:16.501 [main] INFO  sudoku.model.SudokuBoard - Bład w kwadracie 0
sudoku.model.SudokuBoard@2e8b24a1[
  size=9
  solver=sudoku.model.BacktrackingSudokuSolver@3ce7394f
  board={{7,5,4,3,6,2,8,9,1},{3,1,2,7,8,9,5,4,6},{6,8,9,1,4,5,7,2,3},{1,6,3,2,5,7,9,8,4},{2,4,5,6,9,8,1,3,7},{8,9,7,4,3,1,2,6,5},{9,2,1,5,0,0,0,0,0},{0,0,0,0,0,0,0,0,0},{0,0,0,0,0,0,0,0,0}}
]
15:53:16.501 [main] INFO  sudoku.model.SudokuBoard - Wartość 0 wstawiona nieprawidłowo
15:53:16.501 [main] INFO  sudoku.model.SudokuBoard - Bład w kwadracie 0
sudoku.model.SudokuBoard@2e8b24a1[
  size=9
  solver=sudoku.model.BacktrackingSudokuSolver@3ce7394f
  board={{7,5,4,3,6,2,8,9,1},{3,1,2,7,8,9,5,4,6},{6,8,9,1,4,5,7,2,3},{1,6,3,2,5,7,9,8,4},{2,4,5,6,9,8,1,3,7},{8,9,7,4,3,1,2,6,5},{9,2,1,0,0,0,0,0,0},{0,0,0,0,0,0,0,0,0},{0,0,0,0,0,0,0,0,0}}
]
15:53:16.501 [main] INFO  sudoku.model.SudokuBoard - Wartość 0 wstawiona nieprawidłowo
15:53:16.501 [main] INFO  sudoku.model.SudokuBoard - Bład w kwadracie 0
sudoku.model.SudokuBoard@2e8b24a1[
  size=9
  solver=sudoku.model.BacktrackingSudokuSolver@3ce7394f
  board={{7,5,4,3,6,2,8,9,1},{3,1,2,7,8,9,5,4,6},{6,8,9,1,4,5,7,2,3},{1,6,3,2,5,7,9,8,4},{2,4,5,6,9,8,1,3,7},{8,9,7,4,3,1,2,6,5},{9,2,0,0,0,0,0,0,0},{0,0,0,0,0,0,0,0,0},{0,0,0,0,0,0,0,0,0}}
]
15:53:16.501 [main] INFO  sudoku.model.SudokuBoard - Wartość 0 wstawiona nieprawidłowo
15:53:16.501 [main] INFO  sudoku.model.SudokuBoard - Bład w kwadracie 0
sudoku.model.SudokuBoard@2e8b24a1[
  size=9
  solver=sudoku.model.BacktrackingSudokuSolver@3ce7394f
  board={{7,5,4,3,6,2,8,9,1},{3,1,2,7,8,9,5,4,6},{6,8,9,1,4,5,7,2,3},{1,6,3,2,5,7,9,8,4},{2,4,5,6,9,8,1,3,7},{8,9,7,4,3,1,2,6,5},{9,2,6,5,7,3,4,1,8},{4,3,8,9,2,0,0,0,0},{0,0,0,0,0,0,0,0,0}}
]
15:53:16.501 [main] INFO  sudoku.model.SudokuBoard - Wartość 0 wstawiona nieprawidłowo
15:53:16.501 [main] INFO  sudoku.model.SudokuBoard - Bład w kwadracie 0
sudoku.model.SudokuBoard@2e8b24a1[
  size=9
  solver=sudoku.model.BacktrackingSudokuSolver@3ce7394f
  board={{7,5,4,3,6,2,8,9,1},{3,1,2,7,8,9,5,4,6},{6,8,9,1,4,5,7,2,3},{1,6,3,2,5,7,9,8,4},{2,4,5,6,9,8,1,3,7},{8,9,7,4,3,1,2,6,5},{9,2,6,5,7,3,4,1,8},{4,3,8,9,0,0,0,0,0},{0,0,0,0,0,0,0,0,0}}
]
15:53:16.502 [main] INFO  sudoku.model.SudokuBoard - Wartość 0 wstawiona nieprawidłowo
15:53:16.502 [main] INFO  sudoku.model.SudokuBoard - Bład w kwadracie 0
sudoku.model.SudokuBoard@2e8b24a1[
  size=9
  solver=sudoku.model.BacktrackingSudokuSolver@3ce7394f
  board={{7,5,4,3,6,2,8,9,1},{3,1,2,7,8,9,5,4,6},{6,8,9,1,4,5,7,2,3},{1,6,3,2,5,7,9,8,4},{2,4,5,6,9,8,1,3,7},{8,9,7,4,3,1,2,6,5},{9,2,6,5,7,3,4,1,8},{4,3,8,9,1,0,0,0,0},{0,0,0,0,0,0,0,0,0}}
]
15:53:16.502 [main] INFO  sudoku.model.SudokuBoard - Wartość 0 wstawiona nieprawidłowo
15:53:16.502 [main] INFO  sudoku.model.SudokuBoard - Bład w kwadracie 0
sudoku.model.SudokuBoard@2e8b24a1[
  size=9
  solver=sudoku.model.BacktrackingSudokuSolver@3ce7394f
  board={{7,5,4,3,6,2,8,9,1},{3,1,2,7,8,9,5,4,6},{6,8,9,1,4,5,7,2,3},{1,6,3,2,5,7,9,8,4},{2,4,5,6,9,8,1,3,7},{8,9,7,4,3,1,2,6,5},{9,2,6,5,7,3,4,1,8},{4,3,8,9,0,0,0,0,0},{0,0,0,0,0,0,0,0,0}}
]
15:53:16.502 [main] INFO  sudoku.model.SudokuBoard - Wartość 0 wstawiona nieprawidłowo
15:53:16.503 [main] INFO  sudoku.model.SudokuBoard - Bład w kwadracie 0
sudoku.model.SudokuBoard@2e8b24a1[
  size=9
  solver=sudoku.model.BacktrackingSudokuSolver@3ce7394f
  board={{7,5,4,3,6,2,8,9,1},{3,1,2,7,8,9,5,4,6},{6,8,9,1,4,5,7,2,3},{1,6,3,2,5,7,9,8,4},{2,4,5,6,9,8,1,3,7},{8,9,7,4,3,1,2,6,5},{9,2,6,5,7,3,4,1,8},{4,3,8,0,0,0,0,0,0},{0,0,0,0,0,0,0,0,0}}
]
15:53:16.503 [main] INFO  sudoku.model.SudokuBoard - Wartość 0 wstawiona nieprawidłowo
15:53:16.503 [main] INFO  sudoku.model.SudokuBoard - Bład w kwadracie 0
sudoku.model.SudokuBoard@2e8b24a1[
  size=9
  solver=sudoku.model.BacktrackingSudokuSolver@3ce7394f
  board={{7,5,4,3,6,2,8,9,1},{3,1,2,7,8,9,5,4,6},{6,8,9,1,4,5,7,2,3},{1,6,3,2,5,7,9,8,4},{2,4,5,6,9,8,1,3,7},{8,9,7,4,3,1,2,6,5},{9,2,6,5,7,3,4,1,8},{4,3,0,0,0,0,0,0,0},{0,0,0,0,0,0,0,0,0}}
]
15:53:16.503 [main] INFO  sudoku.model.SudokuBoard - Wartość 0 wstawiona nieprawidłowo
15:53:16.503 [main] INFO  sudoku.model.SudokuBoard - Bład w kwadracie 0
sudoku.model.SudokuBoard@2e8b24a1[
  size=9
  solver=sudoku.model.BacktrackingSudokuSolver@3ce7394f
  board={{7,5,4,3,6,2,8,9,1},{3,1,2,7,8,9,5,4,6},{6,8,9,1,4,5,7,2,3},{1,6,3,2,5,7,9,8,4},{2,4,5,6,9,8,1,3,7},{8,9,7,4,3,1,2,6,5},{9,2,6,5,7,3,4,1,8},{4,3,1,9,2,0,0,0,0},{0,0,0,0,0,0,0,0,0}}
]
15:53:16.503 [main] INFO  sudoku.model.SudokuBoard - Wartość 0 wstawiona nieprawidłowo
15:53:16.503 [main] INFO  sudoku.model.SudokuBoard - Bład w kwadracie 0
sudoku.model.SudokuBoard@2e8b24a1[
  size=9
  solver=sudoku.model.BacktrackingSudokuSolver@3ce7394f
  board={{7,5,4,3,6,2,8,9,1},{3,1,2,7,8,9,5,4,6},{6,8,9,1,4,5,7,2,3},{1,6,3,2,5,7,9,8,4},{2,4,5,6,9,8,1,3,7},{8,9,7,4,3,1,2,6,5},{9,2,6,5,7,3,4,1,8},{4,3,1,9,0,0,0,0,0},{0,0,0,0,0,0,0,0,0}}
]
15:53:16.503 [main] INFO  sudoku.model.SudokuBoard - Wartość 0 wstawiona nieprawidłowo
15:53:16.503 [main] INFO  sudoku.model.SudokuBoard - Bład w kwadracie 0
sudoku.model.SudokuBoard@2e8b24a1[
  size=9
  solver=sudoku.model.BacktrackingSudokuSolver@3ce7394f
  board={{7,5,4,3,6,2,8,9,1},{3,1,2,7,8,9,5,4,6},{6,8,9,1,4,5,7,2,3},{1,6,3,2,5,7,9,8,4},{2,4,5,6,9,8,1,3,7},{8,9,7,4,3,1,2,6,5},{9,2,6,5,7,3,4,1,8},{4,3,1,0,0,0,0,0,0},{0,0,0,0,0,0,0,0,0}}
]
15:53:16.503 [main] INFO  sudoku.model.SudokuBoard - Wartość 0 wstawiona nieprawidłowo
15:53:16.505 [main] INFO  sudoku.model.SudokuBoard - Bład w kwadracie 0
sudoku.model.SudokuBoard@2e8b24a1[
  size=9
  solver=sudoku.model.BacktrackingSudokuSolver@3ce7394f
  board={{7,5,4,3,6,2,8,9,1},{3,1,2,7,8,9,5,4,6},{6,8,9,1,4,5,7,2,3},{1,6,3,2,5,7,9,8,4},{2,4,5,6,9,8,1,3,7},{8,9,7,4,3,1,2,6,5},{9,2,6,5,7,3,4,1,8},{4,3,1,8,2,0,0,0,0},{0,0,0,0,0,0,0,0,0}}
]
15:53:16.505 [main] INFO  sudoku.model.SudokuBoard - Wartość 0 wstawiona nieprawidłowo
15:53:16.505 [main] INFO  sudoku.model.SudokuBoard - Bład w kwadracie 0
sudoku.model.SudokuBoard@2e8b24a1[
  size=9
  solver=sudoku.model.BacktrackingSudokuSolver@3ce7394f
  board={{7,5,4,3,6,2,8,9,1},{3,1,2,7,8,9,5,4,6},{6,8,9,1,4,5,7,2,3},{1,6,3,2,5,7,9,8,4},{2,4,5,6,9,8,1,3,7},{8,9,7,4,3,1,2,6,5},{9,2,6,5,7,3,4,1,8},{4,3,1,8,0,0,0,0,0},{0,0,0,0,0,0,0,0,0}}
]
15:53:16.505 [main] INFO  sudoku.model.SudokuBoard - Wartość 0 wstawiona nieprawidłowo
15:53:16.506 [main] INFO  sudoku.model.SudokuBoard - Bład w kwadracie 0
sudoku.model.SudokuBoard@2e8b24a1[
  size=9
  solver=sudoku.model.BacktrackingSudokuSolver@3ce7394f
  board={{7,5,4,3,6,2,8,9,1},{3,1,2,7,8,9,5,4,6},{6,8,9,1,4,5,7,2,3},{1,6,3,2,5,7,9,8,4},{2,4,5,6,9,8,1,3,7},{8,9,7,4,3,1,2,6,5},{9,2,6,5,7,3,4,1,8},{4,3,1,0,0,0,0,0,0},{0,0,0,0,0,0,0,0,0}}
]
15:53:16.507 [main] INFO  sudoku.model.SudokuBoard - Wartość 0 wstawiona nieprawidłowo
15:53:16.508 [main] INFO  sudoku.model.SudokuBoard - Bład w kwadracie 0
sudoku.model.SudokuBoard@2e8b24a1[
  size=9
  solver=sudoku.model.BacktrackingSudokuSolver@3ce7394f
  board={{7,5,4,3,6,2,8,9,1},{3,1,2,7,8,9,5,4,6},{6,8,9,1,4,5,7,2,3},{1,6,3,2,5,7,9,8,4},{2,4,5,6,9,8,1,3,7},{8,9,7,4,3,1,2,6,5},{9,2,6,5,7,3,4,1,8},{4,3,0,0,0,0,0,0,0},{0,0,0,0,0,0,0,0,0}}
]
15:53:16.508 [main] INFO  sudoku.model.SudokuBoard - Wartość 0 wstawiona nieprawidłowo
15:53:16.508 [main] INFO  sudoku.model.SudokuBoard - Bład w kwadracie 0
sudoku.model.SudokuBoard@2e8b24a1[
  size=9
  solver=sudoku.model.BacktrackingSudokuSolver@3ce7394f
  board={{7,5,4,3,6,2,8,9,1},{3,1,2,7,8,9,5,4,6},{6,8,9,1,4,5,7,2,3},{1,6,3,2,5,7,9,8,4},{2,4,5,6,9,8,1,3,7},{8,9,7,4,3,1,2,6,5},{9,2,6,5,7,3,4,1,8},{4,0,0,0,0,0,0,0,0},{0,0,0,0,0,0,0,0,0}}
]
15:53:16.508 [main] INFO  sudoku.model.SudokuBoard - Wartość 0 wstawiona nieprawidłowo
]]></system-out>
  </testcase>
  <testcase name="checkBoardTestColumnFalse" classname="sudoku.model.SudokuBoardTest" time="0.044">
    <system-out><![CDATA[15:53:16.514 [main] INFO  sudoku.model.SudokuBoard - Bład w kwadracie 0
sudoku.model.SudokuBoard@58e02359[
  size=9
  solver=sudoku.model.BacktrackingSudokuSolver@74fc3fc7
  board={{8,1,2,9,4,7,5,3,6},{4,9,5,2,6,3,7,1,8},{6,7,3,1,5,8,4,9,2},{9,6,7,8,1,2,3,4,5},{2,8,1,3,7,4,9,0,0},{0,0,0,0,0,0,0,0,0},{0,0,0,0,0,0,0,0,0},{0,0,0,0,0,0,0,0,0},{0,0,0,0,0,0,0,0,0}}
]
15:53:16.514 [main] INFO  sudoku.model.SudokuBoard - Wartość 0 wstawiona nieprawidłowo
15:53:16.515 [main] INFO  sudoku.model.SudokuBoard - Bład w kwadracie 0
sudoku.model.SudokuBoard@58e02359[
  size=9
  solver=sudoku.model.BacktrackingSudokuSolver@74fc3fc7
  board={{8,1,2,9,4,7,5,3,6},{4,9,5,2,6,3,7,1,8},{6,7,3,1,5,8,4,9,2},{9,6,7,8,1,2,3,4,5},{2,8,1,3,7,4,0,0,0},{0,0,0,0,0,0,0,0,0},{0,0,0,0,0,0,0,0,0},{0,0,0,0,0,0,0,0,0},{0,0,0,0,0,0,0,0,0}}
]
15:53:16.515 [main] INFO  sudoku.model.SudokuBoard - Wartość 0 wstawiona nieprawidłowo
15:53:16.515 [main] INFO  sudoku.model.SudokuBoard - Bład w kwadracie 0
sudoku.model.SudokuBoard@58e02359[
  size=9
  solver=sudoku.model.BacktrackingSudokuSolver@74fc3fc7
  board={{8,1,2,9,4,7,5,3,6},{4,9,5,2,6,3,7,1,8},{6,7,3,1,5,8,4,9,2},{9,6,7,8,1,2,3,4,5},{2,8,1,3,7,4,0,0,0},{0,0,0,0,0,0,0,0,0},{0,0,0,0,0,0,0,0,0},{0,0,0,0,0,0,0,0,0},{0,0,0,0,0,0,0,0,0}}
]
15:53:16.515 [main] INFO  sudoku.model.SudokuBoard - Wartość 0 wstawiona nieprawidłowo
15:53:16.515 [main] INFO  sudoku.model.SudokuBoard - Bład w kwadracie 0
sudoku.model.SudokuBoard@58e02359[
  size=9
  solver=sudoku.model.BacktrackingSudokuSolver@74fc3fc7
  board={{8,1,2,9,4,7,5,3,6},{4,9,5,2,6,3,7,1,8},{6,7,3,1,5,8,4,9,2},{9,6,7,8,1,2,3,4,5},{2,8,1,3,7,0,0,0,0},{0,0,0,0,0,0,0,0,0},{0,0,0,0,0,0,0,0,0},{0,0,0,0,0,0,0,0,0},{0,0,0,0,0,0,0,0,0}}
]
15:53:16.515 [main] INFO  sudoku.model.SudokuBoard - Wartość 0 wstawiona nieprawidłowo
15:53:16.515 [main] INFO  sudoku.model.SudokuBoard - Bład w kwadracie 0
sudoku.model.SudokuBoard@58e02359[
  size=9
  solver=sudoku.model.BacktrackingSudokuSolver@74fc3fc7
  board={{8,1,2,9,4,7,5,3,6},{4,9,5,2,6,3,7,1,8},{6,7,3,1,5,8,4,9,2},{9,6,7,8,1,2,3,4,5},{2,8,1,3,7,5,9,0,0},{0,0,0,0,0,0,0,0,0},{0,0,0,0,0,0,0,0,0},{0,0,0,0,0,0,0,0,0},{0,0,0,0,0,0,0,0,0}}
]
15:53:16.515 [main] INFO  sudoku.model.SudokuBoard - Wartość 0 wstawiona nieprawidłowo
15:53:16.515 [main] INFO  sudoku.model.SudokuBoard - Bład w kwadracie 0
sudoku.model.SudokuBoard@58e02359[
  size=9
  solver=sudoku.model.BacktrackingSudokuSolver@74fc3fc7
  board={{8,1,2,9,4,7,5,3,6},{4,9,5,2,6,3,7,1,8},{6,7,3,1,5,8,4,9,2},{9,6,7,8,1,2,3,4,5},{2,8,1,3,7,5,0,0,0},{0,0,0,0,0,0,0,0,0},{0,0,0,0,0,0,0,0,0},{0,0,0,0,0,0,0,0,0},{0,0,0,0,0,0,0,0,0}}
]
15:53:16.516 [main] INFO  sudoku.model.SudokuBoard - Wartość 0 wstawiona nieprawidłowo
15:53:16.516 [main] INFO  sudoku.model.SudokuBoard - Bład w kwadracie 0
sudoku.model.SudokuBoard@58e02359[
  size=9
  solver=sudoku.model.BacktrackingSudokuSolver@74fc3fc7
  board={{8,1,2,9,4,7,5,3,6},{4,9,5,2,6,3,7,1,8},{6,7,3,1,5,8,4,9,2},{9,6,7,8,1,2,3,4,5},{2,8,1,3,7,5,0,0,0},{0,0,0,0,0,0,0,0,0},{0,0,0,0,0,0,0,0,0},{0,0,0,0,0,0,0,0,0},{0,0,0,0,0,0,0,0,0}}
]
15:53:16.516 [main] INFO  sudoku.model.SudokuBoard - Wartość 0 wstawiona nieprawidłowo
15:53:16.516 [main] INFO  sudoku.model.SudokuBoard - Bład w kwadracie 0
sudoku.model.SudokuBoard@58e02359[
  size=9
  solver=sudoku.model.BacktrackingSudokuSolver@74fc3fc7
  board={{8,1,2,9,4,7,5,3,6},{4,9,5,2,6,3,7,1,8},{6,7,3,1,5,8,4,9,2},{9,6,7,8,1,2,3,4,5},{2,8,1,3,7,0,0,0,0},{0,0,0,0,0,0,0,0,0},{0,0,0,0,0,0,0,0,0},{0,0,0,0,0,0,0,0,0},{0,0,0,0,0,0,0,0,0}}
]
15:53:16.517 [main] INFO  sudoku.model.SudokuBoard - Wartość 0 wstawiona nieprawidłowo
15:53:16.517 [main] INFO  sudoku.model.SudokuBoard - Bład w kwadracie 0
sudoku.model.SudokuBoard@58e02359[
  size=9
  solver=sudoku.model.BacktrackingSudokuSolver@74fc3fc7
  board={{8,1,2,9,4,7,5,3,6},{4,9,5,2,6,3,7,1,8},{6,7,3,1,5,8,4,9,2},{9,6,7,8,1,2,3,4,5},{2,8,1,3,7,6,0,0,0},{0,0,0,0,0,0,0,0,0},{0,0,0,0,0,0,0,0,0},{0,0,0,0,0,0,0,0,0},{0,0,0,0,0,0,0,0,0}}
]
15:53:16.517 [main] INFO  sudoku.model.SudokuBoard - Wartość 0 wstawiona nieprawidłowo
15:53:16.517 [main] INFO  sudoku.model.SudokuBoard - Bład w kwadracie 0
sudoku.model.SudokuBoard@58e02359[
  size=9
  solver=sudoku.model.BacktrackingSudokuSolver@74fc3fc7
  board={{8,1,2,9,4,7,5,3,6},{4,9,5,2,6,3,7,1,8},{6,7,3,1,5,8,4,9,2},{9,6,7,8,1,2,3,4,5},{2,8,1,3,7,0,0,0,0},{0,0,0,0,0,0,0,0,0},{0,0,0,0,0,0,0,0,0},{0,0,0,0,0,0,0,0,0},{0,0,0,0,0,0,0,0,0}}
]
15:53:16.518 [main] INFO  sudoku.model.SudokuBoard - Wartość 0 wstawiona nieprawidłowo
15:53:16.518 [main] INFO  sudoku.model.SudokuBoard - Bład w kwadracie 0
sudoku.model.SudokuBoard@58e02359[
  size=9
  solver=sudoku.model.BacktrackingSudokuSolver@74fc3fc7
  board={{8,1,2,9,4,7,5,3,6},{4,9,5,2,6,3,7,1,8},{6,7,3,1,5,8,4,9,2},{9,6,7,8,1,2,3,4,5},{2,8,1,3,7,9,0,0,0},{0,0,0,0,0,0,0,0,0},{0,0,0,0,0,0,0,0,0},{0,0,0,0,0,0,0,0,0},{0,0,0,0,0,0,0,0,0}}
]
15:53:16.518 [main] INFO  sudoku.model.SudokuBoard - Wartość 0 wstawiona nieprawidłowo
15:53:16.518 [main] INFO  sudoku.model.SudokuBoard - Bład w kwadracie 0
sudoku.model.SudokuBoard@58e02359[
  size=9
  solver=sudoku.model.BacktrackingSudokuSolver@74fc3fc7
  board={{8,1,2,9,4,7,5,3,6},{4,9,5,2,6,3,7,1,8},{6,7,3,1,5,8,4,9,2},{9,6,7,8,1,2,3,4,5},{2,8,1,3,7,0,0,0,0},{0,0,0,0,0,0,0,0,0},{0,0,0,0,0,0,0,0,0},{0,0,0,0,0,0,0,0,0},{0,0,0,0,0,0,0,0,0}}
]
15:53:16.518 [main] INFO  sudoku.model.SudokuBoard - Wartość 0 wstawiona nieprawidłowo
15:53:16.518 [main] INFO  sudoku.model.SudokuBoard - Bład w kwadracie 0
sudoku.model.SudokuBoard@58e02359[
  size=9
  solver=sudoku.model.BacktrackingSudokuSolver@74fc3fc7
  board={{8,1,2,9,4,7,5,3,6},{4,9,5,2,6,3,7,1,8},{6,7,3,1,5,8,4,9,2},{9,6,7,8,1,2,3,4,5},{2,8,1,3,0,0,0,0,0},{0,0,0,0,0,0,0,0,0},{0,0,0,0,0,0,0,0,0},{0,0,0,0,0,0,0,0,0},{0,0,0,0,0,0,0,0,0}}
]
15:53:16.519 [main] INFO  sudoku.model.SudokuBoard - Wartość 0 wstawiona nieprawidłowo
15:53:16.519 [main] INFO  sudoku.model.SudokuBoard - Bład w kwadracie 0
sudoku.model.SudokuBoard@58e02359[
  size=9
  solver=sudoku.model.BacktrackingSudokuSolver@74fc3fc7
  board={{8,1,2,9,4,7,5,3,6},{4,9,5,2,6,3,7,1,8},{6,7,3,1,5,8,4,9,2},{9,6,7,8,1,2,3,4,5},{2,8,1,3,9,4,6,0,0},{0,0,0,0,0,0,0,0,0},{0,0,0,0,0,0,0,0,0},{0,0,0,0,0,0,0,0,0},{0,0,0,0,0,0,0,0,0}}
]
15:53:16.519 [main] INFO  sudoku.model.SudokuBoard - Wartość 0 wstawiona nieprawidłowo
15:53:16.519 [main] INFO  sudoku.model.SudokuBoard - Bład w kwadracie 0
sudoku.model.SudokuBoard@58e02359[
  size=9
  solver=sudoku.model.BacktrackingSudokuSolver@74fc3fc7
  board={{8,1,2,9,4,7,5,3,6},{4,9,5,2,6,3,7,1,8},{6,7,3,1,5,8,4,9,2},{9,6,7,8,1,2,3,4,5},{2,8,1,3,9,4,0,0,0},{0,0,0,0,0,0,0,0,0},{0,0,0,0,0,0,0,0,0},{0,0,0,0,0,0,0,0,0},{0,0,0,0,0,0,0,0,0}}
]
15:53:16.519 [main] INFO  sudoku.model.SudokuBoard - Wartość 0 wstawiona nieprawidłowo
15:53:16.519 [main] INFO  sudoku.model.SudokuBoard - Bład w kwadracie 0
sudoku.model.SudokuBoard@58e02359[
  size=9
  solver=sudoku.model.BacktrackingSudokuSolver@74fc3fc7
  board={{8,1,2,9,4,7,5,3,6},{4,9,5,2,6,3,7,1,8},{6,7,3,1,5,8,4,9,2},{9,6,7,8,1,2,3,4,5},{2,8,1,3,9,0,0,0,0},{0,0,0,0,0,0,0,0,0},{0,0,0,0,0,0,0,0,0},{0,0,0,0,0,0,0,0,0},{0,0,0,0,0,0,0,0,0}}
]
15:53:16.519 [main] INFO  sudoku.model.SudokuBoard - Wartość 0 wstawiona nieprawidłowo
15:53:16.520 [main] INFO  sudoku.model.SudokuBoard - Bład w kwadracie 0
sudoku.model.SudokuBoard@58e02359[
  size=9
  solver=sudoku.model.BacktrackingSudokuSolver@74fc3fc7
  board={{8,1,2,9,4,7,5,3,6},{4,9,5,2,6,3,7,1,8},{6,7,3,1,5,8,4,9,2},{9,6,7,8,1,2,3,4,5},{2,8,1,3,9,5,6,0,0},{0,0,0,0,0,0,0,0,0},{0,0,0,0,0,0,0,0,0},{0,0,0,0,0,0,0,0,0},{0,0,0,0,0,0,0,0,0}}
]
15:53:16.520 [main] INFO  sudoku.model.SudokuBoard - Wartość 0 wstawiona nieprawidłowo
15:53:16.520 [main] INFO  sudoku.model.SudokuBoard - Bład w kwadracie 0
sudoku.model.SudokuBoard@58e02359[
  size=9
  solver=sudoku.model.BacktrackingSudokuSolver@74fc3fc7
  board={{8,1,2,9,4,7,5,3,6},{4,9,5,2,6,3,7,1,8},{6,7,3,1,5,8,4,9,2},{9,6,7,8,1,2,3,4,5},{2,8,1,3,9,5,0,0,0},{0,0,0,0,0,0,0,0,0},{0,0,0,0,0,0,0,0,0},{0,0,0,0,0,0,0,0,0},{0,0,0,0,0,0,0,0,0}}
]
15:53:16.520 [main] INFO  sudoku.model.SudokuBoard - Wartość 0 wstawiona nieprawidłowo
15:53:16.520 [main] INFO  sudoku.model.SudokuBoard - Bład w kwadracie 0
sudoku.model.SudokuBoard@58e02359[
  size=9
  solver=sudoku.model.BacktrackingSudokuSolver@74fc3fc7
  board={{8,1,2,9,4,7,5,3,6},{4,9,5,2,6,3,7,1,8},{6,7,3,1,5,8,4,9,2},{9,6,7,8,1,2,3,4,5},{2,8,1,3,9,0,0,0,0},{0,0,0,0,0,0,0,0,0},{0,0,0,0,0,0,0,0,0},{0,0,0,0,0,0,0,0,0},{0,0,0,0,0,0,0,0,0}}
]
15:53:16.520 [main] INFO  sudoku.model.SudokuBoard - Wartość 0 wstawiona nieprawidłowo
15:53:16.520 [main] INFO  sudoku.model.SudokuBoard - Bład w kwadracie 0
sudoku.model.SudokuBoard@58e02359[
  size=9
  solver=sudoku.model.BacktrackingSudokuSolver@74fc3fc7
  board={{8,1,2,9,4,7,5,3,6},{4,9,5,2,6,3,7,1,8},{6,7,3,1,5,8,4,9,2},{9,6,7,8,1,2,3,4,5},{2,8,1,3,9,0,0,0,0},{0,0,0,0,0,0,0,0,0},{0,0,0,0,0,0,0,0,0},{0,0,0,0,0,0,0,0,0},{0,0,0,0,0,0,0,0,0}}
]
15:53:16.521 [main] INFO  sudoku.model.SudokuBoard - Wartość 0 wstawiona nieprawidłowo
15:53:16.521 [main] INFO  sudoku.model.SudokuBoard - Bład w kwadracie 0
sudoku.model.SudokuBoard@58e02359[
  size=9
  solver=sudoku.model.BacktrackingSudokuSolver@74fc3fc7
  board={{8,1,2,9,4,7,5,3,6},{4,9,5,2,6,3,7,1,8},{6,7,3,1,5,8,4,9,2},{9,6,7,8,1,2,3,4,5},{2,8,1,3,0,0,0,0,0},{0,0,0,0,0,0,0,0,0},{0,0,0,0,0,0,0,0,0},{0,0,0,0,0,0,0,0,0},{0,0,0,0,0,0,0,0,0}}
]
15:53:16.522 [main] INFO  sudoku.model.SudokuBoard - Wartość 0 wstawiona nieprawidłowo
15:53:16.522 [main] INFO  sudoku.model.SudokuBoard - Bład w kwadracie 0
sudoku.model.SudokuBoard@58e02359[
  size=9
  solver=sudoku.model.BacktrackingSudokuSolver@74fc3fc7
  board={{8,1,2,9,4,7,5,3,6},{4,9,5,2,6,3,7,1,8},{6,7,3,1,5,8,4,9,2},{9,6,7,8,1,2,3,4,5},{2,8,1,0,0,0,0,0,0},{0,0,0,0,0,0,0,0,0},{0,0,0,0,0,0,0,0,0},{0,0,0,0,0,0,0,0,0},{0,0,0,0,0,0,0,0,0}}
]
15:53:16.522 [main] INFO  sudoku.model.SudokuBoard - Wartość 0 wstawiona nieprawidłowo
15:53:16.522 [main] INFO  sudoku.model.SudokuBoard - Bład w kwadracie 0
sudoku.model.SudokuBoard@58e02359[
  size=9
  solver=sudoku.model.BacktrackingSudokuSolver@74fc3fc7
  board={{8,1,2,9,4,7,5,3,6},{4,9,5,2,6,3,7,1,8},{6,7,3,1,5,8,4,9,2},{9,6,7,8,1,2,3,4,5},{2,8,1,4,7,5,9,0,0},{0,0,0,0,0,0,0,0,0},{0,0,0,0,0,0,0,0,0},{0,0,0,0,0,0,0,0,0},{0,0,0,0,0,0,0,0,0}}
]
15:53:16.523 [main] INFO  sudoku.model.SudokuBoard - Wartość 0 wstawiona nieprawidłowo
15:53:16.523 [main] INFO  sudoku.model.SudokuBoard - Bład w kwadracie 0
sudoku.model.SudokuBoard@58e02359[
  size=9
  solver=sudoku.model.BacktrackingSudokuSolver@74fc3fc7
  board={{8,1,2,9,4,7,5,3,6},{4,9,5,2,6,3,7,1,8},{6,7,3,1,5,8,4,9,2},{9,6,7,8,1,2,3,4,5},{2,8,1,4,7,5,0,0,0},{0,0,0,0,0,0,0,0,0},{0,0,0,0,0,0,0,0,0},{0,0,0,0,0,0,0,0,0},{0,0,0,0,0,0,0,0,0}}
]
15:53:16.523 [main] INFO  sudoku.model.SudokuBoard - Wartość 0 wstawiona nieprawidłowo
15:53:16.524 [main] INFO  sudoku.model.SudokuBoard - Bład w kwadracie 0
sudoku.model.SudokuBoard@58e02359[
  size=9
  solver=sudoku.model.BacktrackingSudokuSolver@74fc3fc7
  board={{8,1,2,9,4,7,5,3,6},{4,9,5,2,6,3,7,1,8},{6,7,3,1,5,8,4,9,2},{9,6,7,8,1,2,3,4,5},{2,8,1,4,7,5,0,0,0},{0,0,0,0,0,0,0,0,0},{0,0,0,0,0,0,0,0,0},{0,0,0,0,0,0,0,0,0},{0,0,0,0,0,0,0,0,0}}
]
15:53:16.524 [main] INFO  sudoku.model.SudokuBoard - Wartość 0 wstawiona nieprawidłowo
15:53:16.524 [main] INFO  sudoku.model.SudokuBoard - Bład w kwadracie 0
sudoku.model.SudokuBoard@58e02359[
  size=9
  solver=sudoku.model.BacktrackingSudokuSolver@74fc3fc7
  board={{8,1,2,9,4,7,5,3,6},{4,9,5,2,6,3,7,1,8},{6,7,3,1,5,8,4,9,2},{9,6,7,8,1,2,3,4,5},{2,8,1,4,7,0,0,0,0},{0,0,0,0,0,0,0,0,0},{0,0,0,0,0,0,0,0,0},{0,0,0,0,0,0,0,0,0},{0,0,0,0,0,0,0,0,0}}
]
15:53:16.524 [main] INFO  sudoku.model.SudokuBoard - Wartość 0 wstawiona nieprawidłowo
15:53:16.525 [main] INFO  sudoku.model.SudokuBoard - Bład w kwadracie 0
sudoku.model.SudokuBoard@58e02359[
  size=9
  solver=sudoku.model.BacktrackingSudokuSolver@74fc3fc7
  board={{8,1,2,9,4,7,5,3,6},{4,9,5,2,6,3,7,1,8},{6,7,3,1,5,8,4,9,2},{9,6,7,8,1,2,3,4,5},{2,8,1,4,7,6,0,0,0},{0,0,0,0,0,0,0,0,0},{0,0,0,0,0,0,0,0,0},{0,0,0,0,0,0,0,0,0},{0,0,0,0,0,0,0,0,0}}
]
15:53:16.525 [main] INFO  sudoku.model.SudokuBoard - Wartość 0 wstawiona nieprawidłowo
15:53:16.525 [main] INFO  sudoku.model.SudokuBoard - Bład w kwadracie 0
sudoku.model.SudokuBoard@58e02359[
  size=9
  solver=sudoku.model.BacktrackingSudokuSolver@74fc3fc7
  board={{8,1,2,9,4,7,5,3,6},{4,9,5,2,6,3,7,1,8},{6,7,3,1,5,8,4,9,2},{9,6,7,8,1,2,3,4,5},{2,8,1,4,7,0,0,0,0},{0,0,0,0,0,0,0,0,0},{0,0,0,0,0,0,0,0,0},{0,0,0,0,0,0,0,0,0},{0,0,0,0,0,0,0,0,0}}
]
15:53:16.525 [main] INFO  sudoku.model.SudokuBoard - Wartość 0 wstawiona nieprawidłowo
15:53:16.525 [main] INFO  sudoku.model.SudokuBoard - Bład w kwadracie 0
sudoku.model.SudokuBoard@58e02359[
  size=9
  solver=sudoku.model.BacktrackingSudokuSolver@74fc3fc7
  board={{8,1,2,9,4,7,5,3,6},{4,9,5,2,6,3,7,1,8},{6,7,3,1,5,8,4,9,2},{9,6,7,8,1,2,3,4,5},{2,8,1,4,7,9,0,0,0},{0,0,0,0,0,0,0,0,0},{0,0,0,0,0,0,0,0,0},{0,0,0,0,0,0,0,0,0},{0,0,0,0,0,0,0,0,0}}
]
15:53:16.525 [main] INFO  sudoku.model.SudokuBoard - Wartość 0 wstawiona nieprawidłowo
15:53:16.526 [main] INFO  sudoku.model.SudokuBoard - Bład w kwadracie 0
sudoku.model.SudokuBoard@58e02359[
  size=9
  solver=sudoku.model.BacktrackingSudokuSolver@74fc3fc7
  board={{8,1,2,9,4,7,5,3,6},{4,9,5,2,6,3,7,1,8},{6,7,3,1,5,8,4,9,2},{9,6,7,8,1,2,3,4,5},{2,8,1,4,7,0,0,0,0},{0,0,0,0,0,0,0,0,0},{0,0,0,0,0,0,0,0,0},{0,0,0,0,0,0,0,0,0},{0,0,0,0,0,0,0,0,0}}
]
15:53:16.526 [main] INFO  sudoku.model.SudokuBoard - Wartość 0 wstawiona nieprawidłowo
15:53:16.526 [main] INFO  sudoku.model.SudokuBoard - Bład w kwadracie 0
sudoku.model.SudokuBoard@58e02359[
  size=9
  solver=sudoku.model.BacktrackingSudokuSolver@74fc3fc7
  board={{8,1,2,9,4,7,5,3,6},{4,9,5,2,6,3,7,1,8},{6,7,3,1,5,8,4,9,2},{9,6,7,8,1,2,3,4,5},{2,8,1,4,0,0,0,0,0},{0,0,0,0,0,0,0,0,0},{0,0,0,0,0,0,0,0,0},{0,0,0,0,0,0,0,0,0},{0,0,0,0,0,0,0,0,0}}
]
15:53:16.526 [main] INFO  sudoku.model.SudokuBoard - Wartość 0 wstawiona nieprawidłowo
15:53:16.526 [main] INFO  sudoku.model.SudokuBoard - Bład w kwadracie 0
sudoku.model.SudokuBoard@58e02359[
  size=9
  solver=sudoku.model.BacktrackingSudokuSolver@74fc3fc7
  board={{8,1,2,9,4,7,5,3,6},{4,9,5,2,6,3,7,1,8},{6,7,3,1,5,8,4,9,2},{9,6,7,8,1,2,3,4,5},{2,8,1,4,9,5,6,0,0},{0,0,0,0,0,0,0,0,0},{0,0,0,0,0,0,0,0,0},{0,0,0,0,0,0,0,0,0},{0,0,0,0,0,0,0,0,0}}
]
15:53:16.526 [main] INFO  sudoku.model.SudokuBoard - Wartość 0 wstawiona nieprawidłowo
15:53:16.526 [main] INFO  sudoku.model.SudokuBoard - Bład w kwadracie 0
sudoku.model.SudokuBoard@58e02359[
  size=9
  solver=sudoku.model.BacktrackingSudokuSolver@74fc3fc7
  board={{8,1,2,9,4,7,5,3,6},{4,9,5,2,6,3,7,1,8},{6,7,3,1,5,8,4,9,2},{9,6,7,8,1,2,3,4,5},{2,8,1,4,9,5,0,0,0},{0,0,0,0,0,0,0,0,0},{0,0,0,0,0,0,0,0,0},{0,0,0,0,0,0,0,0,0},{0,0,0,0,0,0,0,0,0}}
]
15:53:16.526 [main] INFO  sudoku.model.SudokuBoard - Wartość 0 wstawiona nieprawidłowo
15:53:16.526 [main] INFO  sudoku.model.SudokuBoard - Bład w kwadracie 0
sudoku.model.SudokuBoard@58e02359[
  size=9
  solver=sudoku.model.BacktrackingSudokuSolver@74fc3fc7
  board={{8,1,2,9,4,7,5,3,6},{4,9,5,2,6,3,7,1,8},{6,7,3,1,5,8,4,9,2},{9,6,7,8,1,2,3,4,5},{2,8,1,4,9,0,0,0,0},{0,0,0,0,0,0,0,0,0},{0,0,0,0,0,0,0,0,0},{0,0,0,0,0,0,0,0,0},{0,0,0,0,0,0,0,0,0}}
]
15:53:16.526 [main] INFO  sudoku.model.SudokuBoard - Wartość 0 wstawiona nieprawidłowo
15:53:16.527 [main] INFO  sudoku.model.SudokuBoard - Bład w kwadracie 0
sudoku.model.SudokuBoard@58e02359[
  size=9
  solver=sudoku.model.BacktrackingSudokuSolver@74fc3fc7
  board={{8,1,2,9,4,7,5,3,6},{4,9,5,2,6,3,7,1,8},{6,7,3,1,5,8,4,9,2},{9,6,7,8,1,2,3,4,5},{2,8,1,4,9,0,0,0,0},{0,0,0,0,0,0,0,0,0},{0,0,0,0,0,0,0,0,0},{0,0,0,0,0,0,0,0,0},{0,0,0,0,0,0,0,0,0}}
]
15:53:16.527 [main] INFO  sudoku.model.SudokuBoard - Wartość 0 wstawiona nieprawidłowo
15:53:16.527 [main] INFO  sudoku.model.SudokuBoard - Bład w kwadracie 0
sudoku.model.SudokuBoard@58e02359[
  size=9
  solver=sudoku.model.BacktrackingSudokuSolver@74fc3fc7
  board={{8,1,2,9,4,7,5,3,6},{4,9,5,2,6,3,7,1,8},{6,7,3,1,5,8,4,9,2},{9,6,7,8,1,2,3,4,5},{2,8,1,4,0,0,0,0,0},{0,0,0,0,0,0,0,0,0},{0,0,0,0,0,0,0,0,0},{0,0,0,0,0,0,0,0,0},{0,0,0,0,0,0,0,0,0}}
]
15:53:16.527 [main] INFO  sudoku.model.SudokuBoard - Wartość 0 wstawiona nieprawidłowo
15:53:16.527 [main] INFO  sudoku.model.SudokuBoard - Bład w kwadracie 0
sudoku.model.SudokuBoard@58e02359[
  size=9
  solver=sudoku.model.BacktrackingSudokuSolver@74fc3fc7
  board={{8,1,2,9,4,7,5,3,6},{4,9,5,2,6,3,7,1,8},{6,7,3,1,5,8,4,9,2},{9,6,7,8,1,2,3,4,5},{2,8,1,4,3,5,6,7,9},{5,3,4,6,7,9,8,2,1},{1,2,6,3,8,4,9,5,7},{3,4,8,5,9,6,0,0,0},{0,0,0,0,0,0,0,0,0}}
]
15:53:16.527 [main] INFO  sudoku.model.SudokuBoard - Wartość 0 wstawiona nieprawidłowo
15:53:16.528 [main] INFO  sudoku.model.SudokuBoard - Bład w kwadracie 0
sudoku.model.SudokuBoard@58e02359[
  size=9
  solver=sudoku.model.BacktrackingSudokuSolver@74fc3fc7
  board={{8,1,2,9,4,7,5,3,6},{4,9,5,2,6,3,7,1,8},{6,7,3,1,5,8,4,9,2},{9,6,7,8,1,2,3,4,5},{2,8,1,4,3,5,6,7,9},{5,3,4,6,7,9,8,2,1},{1,2,6,3,8,4,9,5,7},{3,4,8,5,9,6,0,0,0},{0,0,0,0,0,0,0,0,0}}
]
15:53:16.528 [main] INFO  sudoku.model.SudokuBoard - Wartość 0 wstawiona nieprawidłowo
15:53:16.528 [main] INFO  sudoku.model.SudokuBoard - Bład w kwadracie 0
sudoku.model.SudokuBoard@58e02359[
  size=9
  solver=sudoku.model.BacktrackingSudokuSolver@74fc3fc7
  board={{8,1,2,9,4,7,5,3,6},{4,9,5,2,6,3,7,1,8},{6,7,3,1,5,8,4,9,2},{9,6,7,8,1,2,3,4,5},{2,8,1,4,3,5,6,7,9},{5,3,4,6,7,9,8,2,1},{1,2,6,3,8,4,9,5,7},{3,4,8,5,9,0,0,0,0},{0,0,0,0,0,0,0,0,0}}
]
15:53:16.528 [main] INFO  sudoku.model.SudokuBoard - Wartość 0 wstawiona nieprawidłowo
15:53:16.528 [main] INFO  sudoku.model.SudokuBoard - Bład w kwadracie 0
sudoku.model.SudokuBoard@58e02359[
  size=9
  solver=sudoku.model.BacktrackingSudokuSolver@74fc3fc7
  board={{8,1,2,9,4,7,5,3,6},{4,9,5,2,6,3,7,1,8},{6,7,3,1,5,8,4,9,2},{9,6,7,8,1,2,3,4,5},{2,8,1,4,3,5,6,7,9},{5,3,4,6,7,9,8,2,1},{1,2,6,3,8,4,9,5,7},{3,4,8,5,9,1,2,0,0},{0,0,0,0,0,0,0,0,0}}
]
15:53:16.528 [main] INFO  sudoku.model.SudokuBoard - Wartość 0 wstawiona nieprawidłowo
15:53:16.528 [main] INFO  sudoku.model.SudokuBoard - Bład w kwadracie 0
sudoku.model.SudokuBoard@58e02359[
  size=9
  solver=sudoku.model.BacktrackingSudokuSolver@74fc3fc7
  board={{8,1,2,9,4,7,5,3,6},{4,9,5,2,6,3,7,1,8},{6,7,3,1,5,8,4,9,2},{9,6,7,8,1,2,3,4,5},{2,8,1,4,3,5,6,7,9},{5,3,4,6,7,9,8,2,1},{1,2,6,3,8,4,9,5,7},{3,4,8,5,9,1,0,0,0},{0,0,0,0,0,0,0,0,0}}
]
15:53:16.528 [main] INFO  sudoku.model.SudokuBoard - Wartość 0 wstawiona nieprawidłowo
15:53:16.529 [main] INFO  sudoku.model.SudokuBoard - Bład w kwadracie 0
sudoku.model.SudokuBoard@58e02359[
  size=9
  solver=sudoku.model.BacktrackingSudokuSolver@74fc3fc7
  board={{8,1,2,9,4,7,5,3,6},{4,9,5,2,6,3,7,1,8},{6,7,3,1,5,8,4,9,2},{9,6,7,8,1,2,3,4,5},{2,8,1,4,3,5,6,7,9},{5,3,4,6,7,9,8,2,1},{1,2,6,3,8,4,9,5,7},{3,4,8,5,9,0,0,0,0},{0,0,0,0,0,0,0,0,0}}
]
15:53:16.529 [main] INFO  sudoku.model.SudokuBoard - Wartość 0 wstawiona nieprawidłowo
15:53:16.529 [main] INFO  sudoku.model.SudokuBoard - Bład w kwadracie 0
sudoku.model.SudokuBoard@58e02359[
  size=9
  solver=sudoku.model.BacktrackingSudokuSolver@74fc3fc7
  board={{8,1,2,9,4,7,5,3,6},{4,9,5,2,6,3,7,1,8},{6,7,3,1,5,8,4,9,2},{9,6,7,8,1,2,3,4,5},{2,8,1,4,3,5,6,7,9},{5,3,4,6,7,9,8,2,1},{1,2,6,3,8,4,9,5,7},{3,4,8,5,0,0,0,0,0},{0,0,0,0,0,0,0,0,0}}
]
15:53:16.529 [main] INFO  sudoku.model.SudokuBoard - Wartość 0 wstawiona nieprawidłowo
15:53:16.530 [main] INFO  sudoku.model.SudokuBoard - Bład w kwadracie 0
sudoku.model.SudokuBoard@58e02359[
  size=9
  solver=sudoku.model.BacktrackingSudokuSolver@74fc3fc7
  board={{8,1,2,9,4,7,5,3,6},{4,9,5,2,6,3,7,1,8},{6,7,3,1,5,8,4,9,2},{9,6,7,8,1,2,3,4,5},{2,8,1,4,3,5,6,7,9},{5,3,4,6,7,9,8,2,1},{1,2,6,3,8,4,9,5,7},{3,4,8,5,2,6,0,0,0},{0,0,0,0,0,0,0,0,0}}
]
15:53:16.530 [main] INFO  sudoku.model.SudokuBoard - Wartość 0 wstawiona nieprawidłowo
15:53:16.530 [main] INFO  sudoku.model.SudokuBoard - Bład w kwadracie 0
sudoku.model.SudokuBoard@58e02359[
  size=9
  solver=sudoku.model.BacktrackingSudokuSolver@74fc3fc7
  board={{8,1,2,9,4,7,5,3,6},{4,9,5,2,6,3,7,1,8},{6,7,3,1,5,8,4,9,2},{9,6,7,8,1,2,3,4,5},{2,8,1,4,3,5,6,7,9},{5,3,4,6,7,9,8,2,1},{1,2,6,3,8,4,9,5,7},{3,4,8,5,2,0,0,0,0},{0,0,0,0,0,0,0,0,0}}
]
15:53:16.530 [main] INFO  sudoku.model.SudokuBoard - Wartość 0 wstawiona nieprawidłowo
15:53:16.530 [main] INFO  sudoku.model.SudokuBoard - Bład w kwadracie 0
sudoku.model.SudokuBoard@58e02359[
  size=9
  solver=sudoku.model.BacktrackingSudokuSolver@74fc3fc7
  board={{8,1,2,9,4,7,5,3,6},{4,9,5,2,6,3,7,1,8},{6,7,3,1,5,8,4,9,2},{9,6,7,8,1,2,3,4,5},{2,8,1,4,3,5,6,7,9},{5,3,4,6,7,9,8,2,1},{1,2,6,3,8,4,9,5,7},{3,4,8,5,2,0,0,0,0},{0,0,0,0,0,0,0,0,0}}
]
15:53:16.530 [main] INFO  sudoku.model.SudokuBoard - Wartość 0 wstawiona nieprawidłowo
15:53:16.531 [main] INFO  sudoku.model.SudokuBoard - Bład w kwadracie 0
sudoku.model.SudokuBoard@58e02359[
  size=9
  solver=sudoku.model.BacktrackingSudokuSolver@74fc3fc7
  board={{8,1,2,9,4,7,5,3,6},{4,9,5,2,6,3,7,1,8},{6,7,3,1,5,8,4,9,2},{9,6,7,8,1,2,3,4,5},{2,8,1,4,3,5,6,7,9},{5,3,4,6,7,9,8,2,1},{1,2,6,3,8,4,9,5,7},{3,4,8,5,0,0,0,0,0},{0,0,0,0,0,0,0,0,0}}
]
15:53:16.531 [main] INFO  sudoku.model.SudokuBoard - Wartość 0 wstawiona nieprawidłowo
15:53:16.531 [main] INFO  sudoku.model.SudokuBoard - Bład w kwadracie 0
sudoku.model.SudokuBoard@58e02359[
  size=9
  solver=sudoku.model.BacktrackingSudokuSolver@74fc3fc7
  board={{8,1,2,9,4,7,5,3,6},{4,9,5,2,6,3,7,1,8},{6,7,3,1,5,8,4,9,2},{9,6,7,8,1,2,3,4,5},{2,8,1,4,3,5,6,7,9},{5,3,4,6,7,9,8,2,1},{1,2,6,3,8,4,9,5,7},{3,4,8,0,0,0,0,0,0},{0,0,0,0,0,0,0,0,0}}
]
15:53:16.531 [main] INFO  sudoku.model.SudokuBoard - Wartość 0 wstawiona nieprawidłowo
15:53:16.531 [main] INFO  sudoku.model.SudokuBoard - Bład w kwadracie 0
sudoku.model.SudokuBoard@58e02359[
  size=9
  solver=sudoku.model.BacktrackingSudokuSolver@74fc3fc7
  board={{8,1,2,9,4,7,5,3,6},{4,9,5,2,6,3,7,1,8},{6,7,3,1,5,8,4,9,2},{9,6,7,8,1,2,3,4,5},{2,8,1,4,3,5,6,7,9},{5,3,4,6,7,9,8,2,1},{1,2,6,3,8,4,9,5,7},{3,4,8,7,9,6,0,0,0},{0,0,0,0,0,0,0,0,0}}
]
15:53:16.531 [main] INFO  sudoku.model.SudokuBoard - Wartość 0 wstawiona nieprawidłowo
15:53:16.532 [main] INFO  sudoku.model.SudokuBoard - Bład w kwadracie 0
sudoku.model.SudokuBoard@58e02359[
  size=9
  solver=sudoku.model.BacktrackingSudokuSolver@74fc3fc7
  board={{8,1,2,9,4,7,5,3,6},{4,9,5,2,6,3,7,1,8},{6,7,3,1,5,8,4,9,2},{9,6,7,8,1,2,3,4,5},{2,8,1,4,3,5,6,7,9},{5,3,4,6,7,9,8,2,1},{1,2,6,3,8,4,9,5,7},{3,4,8,7,9,6,0,0,0},{0,0,0,0,0,0,0,0,0}}
]
15:53:16.532 [main] INFO  sudoku.model.SudokuBoard - Wartość 0 wstawiona nieprawidłowo
15:53:16.532 [main] INFO  sudoku.model.SudokuBoard - Bład w kwadracie 0
sudoku.model.SudokuBoard@58e02359[
  size=9
  solver=sudoku.model.BacktrackingSudokuSolver@74fc3fc7
  board={{8,1,2,9,4,7,5,3,6},{4,9,5,2,6,3,7,1,8},{6,7,3,1,5,8,4,9,2},{9,6,7,8,1,2,3,4,5},{2,8,1,4,3,5,6,7,9},{5,3,4,6,7,9,8,2,1},{1,2,6,3,8,4,9,5,7},{3,4,8,7,9,0,0,0,0},{0,0,0,0,0,0,0,0,0}}
]
15:53:16.532 [main] INFO  sudoku.model.SudokuBoard - Wartość 0 wstawiona nieprawidłowo
15:53:16.532 [main] INFO  sudoku.model.SudokuBoard - Bład w kwadracie 0
sudoku.model.SudokuBoard@58e02359[
  size=9
  solver=sudoku.model.BacktrackingSudokuSolver@74fc3fc7
  board={{8,1,2,9,4,7,5,3,6},{4,9,5,2,6,3,7,1,8},{6,7,3,1,5,8,4,9,2},{9,6,7,8,1,2,3,4,5},{2,8,1,4,3,5,6,7,9},{5,3,4,6,7,9,8,2,1},{1,2,6,3,8,4,9,5,7},{3,4,8,7,9,1,2,0,0},{0,0,0,0,0,0,0,0,0}}
]
15:53:16.532 [main] INFO  sudoku.model.SudokuBoard - Wartość 0 wstawiona nieprawidłowo
15:53:16.532 [main] INFO  sudoku.model.SudokuBoard - Bład w kwadracie 0
sudoku.model.SudokuBoard@58e02359[
  size=9
  solver=sudoku.model.BacktrackingSudokuSolver@74fc3fc7
  board={{8,1,2,9,4,7,5,3,6},{4,9,5,2,6,3,7,1,8},{6,7,3,1,5,8,4,9,2},{9,6,7,8,1,2,3,4,5},{2,8,1,4,3,5,6,7,9},{5,3,4,6,7,9,8,2,1},{1,2,6,3,8,4,9,5,7},{3,4,8,7,9,1,0,0,0},{0,0,0,0,0,0,0,0,0}}
]
15:53:16.532 [main] INFO  sudoku.model.SudokuBoard - Wartość 0 wstawiona nieprawidłowo
15:53:16.532 [main] INFO  sudoku.model.SudokuBoard - Bład w kwadracie 0
sudoku.model.SudokuBoard@58e02359[
  size=9
  solver=sudoku.model.BacktrackingSudokuSolver@74fc3fc7
  board={{8,1,2,9,4,7,5,3,6},{4,9,5,2,6,3,7,1,8},{6,7,3,1,5,8,4,9,2},{9,6,7,8,1,2,3,4,5},{2,8,1,4,3,5,6,7,9},{5,3,4,6,7,9,8,2,1},{1,2,6,3,8,4,9,5,7},{3,4,8,7,9,0,0,0,0},{0,0,0,0,0,0,0,0,0}}
]
15:53:16.533 [main] INFO  sudoku.model.SudokuBoard - Wartość 0 wstawiona nieprawidłowo
15:53:16.533 [main] INFO  sudoku.model.SudokuBoard - Bład w kwadracie 0
sudoku.model.SudokuBoard@58e02359[
  size=9
  solver=sudoku.model.BacktrackingSudokuSolver@74fc3fc7
  board={{8,1,2,9,4,7,5,3,6},{4,9,5,2,6,3,7,1,8},{6,7,3,1,5,8,4,9,2},{9,6,7,8,1,2,3,4,5},{2,8,1,4,3,5,6,7,9},{5,3,4,6,7,9,8,2,1},{1,2,6,3,8,4,9,5,7},{3,4,8,7,0,0,0,0,0},{0,0,0,0,0,0,0,0,0}}
]
15:53:16.533 [main] INFO  sudoku.model.SudokuBoard - Wartość 0 wstawiona nieprawidłowo
15:53:16.533 [main] INFO  sudoku.model.SudokuBoard - Bład w kwadracie 0
sudoku.model.SudokuBoard@58e02359[
  size=9
  solver=sudoku.model.BacktrackingSudokuSolver@74fc3fc7
  board={{8,1,2,9,4,7,5,3,6},{4,9,5,2,6,3,7,1,8},{6,7,3,1,5,8,4,9,2},{9,6,7,8,1,2,3,4,5},{2,8,1,4,3,5,6,7,9},{5,3,4,6,7,9,8,2,1},{1,2,6,3,8,4,9,5,7},{3,4,8,7,2,0,0,0,0},{0,0,0,0,0,0,0,0,0}}
]
15:53:16.533 [main] INFO  sudoku.model.SudokuBoard - Wartość 0 wstawiona nieprawidłowo
15:53:16.534 [main] INFO  sudoku.model.SudokuBoard - Bład w kwadracie 0
sudoku.model.SudokuBoard@58e02359[
  size=9
  solver=sudoku.model.BacktrackingSudokuSolver@74fc3fc7
  board={{8,1,2,9,4,7,5,3,6},{4,9,5,2,6,3,7,1,8},{6,7,3,1,5,8,4,9,2},{9,6,7,8,1,2,3,4,5},{2,8,1,4,3,5,6,7,9},{5,3,4,6,7,9,8,2,1},{1,2,6,3,8,4,9,5,7},{3,4,8,7,2,6,0,0,0},{0,0,0,0,0,0,0,0,0}}
]
15:53:16.534 [main] INFO  sudoku.model.SudokuBoard - Wartość 0 wstawiona nieprawidłowo
15:53:16.534 [main] INFO  sudoku.model.SudokuBoard - Bład w kwadracie 0
sudoku.model.SudokuBoard@58e02359[
  size=9
  solver=sudoku.model.BacktrackingSudokuSolver@74fc3fc7
  board={{8,1,2,9,4,7,5,3,6},{4,9,5,2,6,3,7,1,8},{6,7,3,1,5,8,4,9,2},{9,6,7,8,1,2,3,4,5},{2,8,1,4,3,5,6,7,9},{5,3,4,6,7,9,8,2,1},{1,2,6,3,8,4,9,5,7},{3,4,8,7,2,0,0,0,0},{0,0,0,0,0,0,0,0,0}}
]
15:53:16.534 [main] INFO  sudoku.model.SudokuBoard - Wartość 0 wstawiona nieprawidłowo
15:53:16.535 [main] INFO  sudoku.model.SudokuBoard - Bład w kwadracie 0
sudoku.model.SudokuBoard@58e02359[
  size=9
  solver=sudoku.model.BacktrackingSudokuSolver@74fc3fc7
  board={{8,1,2,9,4,7,5,3,6},{4,9,5,2,6,3,7,1,8},{6,7,3,1,5,8,4,9,2},{9,6,7,8,1,2,3,4,5},{2,8,1,4,3,5,6,7,9},{5,3,4,6,7,9,8,2,1},{1,2,6,3,8,4,9,5,7},{3,4,8,7,0,0,0,0,0},{0,0,0,0,0,0,0,0,0}}
]
15:53:16.535 [main] INFO  sudoku.model.SudokuBoard - Wartość 0 wstawiona nieprawidłowo
15:53:16.535 [main] INFO  sudoku.model.SudokuBoard - Bład w kwadracie 0
sudoku.model.SudokuBoard@58e02359[
  size=9
  solver=sudoku.model.BacktrackingSudokuSolver@74fc3fc7
  board={{8,1,2,9,4,7,5,3,6},{4,9,5,2,6,3,7,1,8},{6,7,3,1,5,8,4,9,2},{9,6,7,8,1,2,3,4,5},{2,8,1,4,3,5,6,7,9},{5,3,4,6,7,9,8,2,1},{1,2,6,3,8,4,9,5,7},{3,4,8,0,0,0,0,0,0},{0,0,0,0,0,0,0,0,0}}
]
15:53:16.535 [main] INFO  sudoku.model.SudokuBoard - Wartość 0 wstawiona nieprawidłowo
15:53:16.536 [main] INFO  sudoku.model.SudokuBoard - Bład w kwadracie 0
sudoku.model.SudokuBoard@58e02359[
  size=9
  solver=sudoku.model.BacktrackingSudokuSolver@74fc3fc7
  board={{8,1,2,9,4,7,5,3,6},{4,9,5,2,6,3,7,1,8},{6,7,3,1,5,8,4,9,2},{9,6,7,8,1,2,3,4,5},{2,8,1,4,3,5,6,7,9},{5,3,4,6,7,9,8,2,1},{1,2,6,3,8,4,9,5,7},{3,4,0,0,0,0,0,0,0},{0,0,0,0,0,0,0,0,0}}
]
15:53:16.536 [main] INFO  sudoku.model.SudokuBoard - Wartość 0 wstawiona nieprawidłowo
15:53:16.536 [main] INFO  sudoku.model.SudokuBoard - Bład w kwadracie 0
sudoku.model.SudokuBoard@58e02359[
  size=9
  solver=sudoku.model.BacktrackingSudokuSolver@74fc3fc7
  board={{8,1,2,9,4,7,5,3,6},{4,9,5,2,6,3,7,1,8},{6,7,3,1,5,8,4,9,2},{9,6,7,8,1,2,3,4,5},{2,8,1,4,3,5,6,7,9},{5,3,4,6,7,9,8,2,1},{1,2,6,3,8,4,9,5,7},{3,4,9,5,2,6,1,0,0},{0,0,0,0,0,0,0,0,0}}
]
15:53:16.536 [main] INFO  sudoku.model.SudokuBoard - Wartość 0 wstawiona nieprawidłowo
15:53:16.536 [main] INFO  sudoku.model.SudokuBoard - Bład w kwadracie 0
sudoku.model.SudokuBoard@58e02359[
  size=9
  solver=sudoku.model.BacktrackingSudokuSolver@74fc3fc7
  board={{8,1,2,9,4,7,5,3,6},{4,9,5,2,6,3,7,1,8},{6,7,3,1,5,8,4,9,2},{9,6,7,8,1,2,3,4,5},{2,8,1,4,3,5,6,7,9},{5,3,4,6,7,9,8,2,1},{1,2,6,3,8,4,9,5,7},{3,4,9,5,2,6,0,0,0},{0,0,0,0,0,0,0,0,0}}
]
15:53:16.537 [main] INFO  sudoku.model.SudokuBoard - Wartość 0 wstawiona nieprawidłowo
15:53:16.538 [main] INFO  sudoku.model.SudokuBoard - Bład w kwadracie 0
sudoku.model.SudokuBoard@58e02359[
  size=9
  solver=sudoku.model.BacktrackingSudokuSolver@74fc3fc7
  board={{8,1,2,9,4,7,5,3,6},{4,9,5,2,6,3,7,1,8},{6,7,3,1,5,8,4,9,2},{9,6,7,8,1,2,3,4,5},{2,8,1,4,3,5,6,7,9},{5,3,4,6,7,9,8,2,1},{1,2,6,3,8,4,9,5,7},{3,4,9,5,2,0,0,0,0},{0,0,0,0,0,0,0,0,0}}
]
15:53:16.539 [main] INFO  sudoku.model.SudokuBoard - Wartość 0 wstawiona nieprawidłowo
15:53:16.540 [main] INFO  sudoku.model.SudokuBoard - Bład w kwadracie 0
sudoku.model.SudokuBoard@58e02359[
  size=9
  solver=sudoku.model.BacktrackingSudokuSolver@74fc3fc7
  board={{8,1,2,9,4,7,5,3,6},{4,9,5,2,6,3,7,1,8},{6,7,3,1,5,8,4,9,2},{9,6,7,8,1,2,3,4,5},{2,8,1,4,3,5,6,7,9},{5,3,4,6,7,9,8,2,1},{1,2,6,3,8,4,9,5,7},{3,4,9,5,2,0,0,0,0},{0,0,0,0,0,0,0,0,0}}
]
15:53:16.540 [main] INFO  sudoku.model.SudokuBoard - Wartość 0 wstawiona nieprawidłowo
15:53:16.540 [main] INFO  sudoku.model.SudokuBoard - Bład w kwadracie 0
sudoku.model.SudokuBoard@58e02359[
  size=9
  solver=sudoku.model.BacktrackingSudokuSolver@74fc3fc7
  board={{8,1,2,9,4,7,5,3,6},{4,9,5,2,6,3,7,1,8},{6,7,3,1,5,8,4,9,2},{9,6,7,8,1,2,3,4,5},{2,8,1,4,3,5,6,7,9},{5,3,4,6,7,9,8,2,1},{1,2,6,3,8,4,9,5,7},{3,4,9,5,0,0,0,0,0},{0,0,0,0,0,0,0,0,0}}
]
15:53:16.540 [main] INFO  sudoku.model.SudokuBoard - Wartość 0 wstawiona nieprawidłowo
15:53:16.540 [main] INFO  sudoku.model.SudokuBoard - Bład w kwadracie 0
sudoku.model.SudokuBoard@58e02359[
  size=9
  solver=sudoku.model.BacktrackingSudokuSolver@74fc3fc7
  board={{8,1,2,9,4,7,5,3,6},{4,9,5,2,6,3,7,1,8},{6,7,3,1,5,8,4,9,2},{9,6,7,8,1,2,3,4,5},{2,8,1,4,3,5,6,7,9},{5,3,4,6,7,9,8,2,1},{1,2,6,3,8,4,9,5,7},{3,4,9,0,0,0,0,0,0},{0,0,0,0,0,0,0,0,0}}
]
15:53:16.541 [main] INFO  sudoku.model.SudokuBoard - Wartość 0 wstawiona nieprawidłowo
15:53:16.541 [main] INFO  sudoku.model.SudokuBoard - Bład w kwadracie 0
sudoku.model.SudokuBoard@58e02359[
  size=9
  solver=sudoku.model.BacktrackingSudokuSolver@74fc3fc7
  board={{8,1,2,9,4,7,5,3,6},{4,9,5,2,6,3,7,1,8},{6,7,3,1,5,8,4,9,2},{9,6,7,8,1,2,3,4,5},{2,8,1,4,3,5,6,7,9},{5,3,4,6,7,9,8,2,1},{1,2,6,3,8,4,9,5,7},{3,4,9,7,2,0,0,0,0},{0,0,0,0,0,0,0,0,0}}
]
15:53:16.541 [main] INFO  sudoku.model.SudokuBoard - Wartość 0 wstawiona nieprawidłowo
15:53:16.541 [main] INFO  sudoku.model.SudokuBoard - Bład w kwadracie 0
sudoku.model.SudokuBoard@58e02359[
  size=9
  solver=sudoku.model.BacktrackingSudokuSolver@74fc3fc7
  board={{8,1,2,9,4,7,5,3,6},{4,9,5,2,6,3,7,1,8},{6,7,3,1,5,8,4,9,2},{9,6,7,8,1,2,3,4,5},{2,8,1,4,3,5,6,7,9},{5,3,4,6,7,9,8,2,1},{1,2,6,3,8,4,9,5,7},{3,4,9,7,2,6,1,0,0},{0,0,0,0,0,0,0,0,0}}
]
15:53:16.541 [main] INFO  sudoku.model.SudokuBoard - Wartość 0 wstawiona nieprawidłowo
15:53:16.541 [main] INFO  sudoku.model.SudokuBoard - Bład w kwadracie 0
sudoku.model.SudokuBoard@58e02359[
  size=9
  solver=sudoku.model.BacktrackingSudokuSolver@74fc3fc7
  board={{8,1,2,9,4,7,5,3,6},{4,9,5,2,6,3,7,1,8},{6,7,3,1,5,8,4,9,2},{9,6,7,8,1,2,3,4,5},{2,8,1,4,3,5,6,7,9},{5,3,4,6,7,9,8,2,1},{1,2,6,3,8,4,9,5,7},{3,4,9,7,2,6,0,0,0},{0,0,0,0,0,0,0,0,0}}
]
15:53:16.541 [main] INFO  sudoku.model.SudokuBoard - Wartość 0 wstawiona nieprawidłowo
15:53:16.542 [main] INFO  sudoku.model.SudokuBoard - Bład w kwadracie 0
sudoku.model.SudokuBoard@58e02359[
  size=9
  solver=sudoku.model.BacktrackingSudokuSolver@74fc3fc7
  board={{8,1,2,9,4,7,5,3,6},{4,9,5,2,6,3,7,1,8},{6,7,3,1,5,8,4,9,2},{9,6,7,8,1,2,3,4,5},{2,8,1,4,3,5,6,7,9},{5,3,4,6,7,9,8,2,1},{1,2,6,3,8,4,9,5,7},{3,4,9,7,2,0,0,0,0},{0,0,0,0,0,0,0,0,0}}
]
15:53:16.542 [main] INFO  sudoku.model.SudokuBoard - Wartość 0 wstawiona nieprawidłowo
15:53:16.542 [main] INFO  sudoku.model.SudokuBoard - Bład w kwadracie 0
sudoku.model.SudokuBoard@58e02359[
  size=9
  solver=sudoku.model.BacktrackingSudokuSolver@74fc3fc7
  board={{8,1,2,9,4,7,5,3,6},{4,9,5,2,6,3,7,1,8},{6,7,3,1,5,8,4,9,2},{9,6,7,8,1,2,3,4,5},{2,8,1,4,3,5,6,7,9},{5,3,4,6,7,9,8,2,1},{1,2,6,3,8,4,9,5,7},{3,4,9,7,0,0,0,0,0},{0,0,0,0,0,0,0,0,0}}
]
15:53:16.542 [main] INFO  sudoku.model.SudokuBoard - Wartość 0 wstawiona nieprawidłowo
15:53:16.542 [main] INFO  sudoku.model.SudokuBoard - Bład w kwadracie 0
sudoku.model.SudokuBoard@58e02359[
  size=9
  solver=sudoku.model.BacktrackingSudokuSolver@74fc3fc7
  board={{8,1,2,9,4,7,5,3,6},{4,9,5,2,6,3,7,1,8},{6,7,3,1,5,8,4,9,2},{9,6,7,8,1,2,3,4,5},{2,8,1,4,3,5,6,7,9},{5,3,4,6,7,9,8,2,1},{1,2,6,3,8,4,9,5,7},{3,4,9,0,0,0,0,0,0},{0,0,0,0,0,0,0,0,0}}
]
15:53:16.542 [main] INFO  sudoku.model.SudokuBoard - Wartość 0 wstawiona nieprawidłowo
15:53:16.544 [main] INFO  sudoku.model.SudokuBoard - Bład w kwadracie 0
sudoku.model.SudokuBoard@58e02359[
  size=9
  solver=sudoku.model.BacktrackingSudokuSolver@74fc3fc7
  board={{8,1,2,9,4,7,5,3,6},{4,9,5,2,6,3,7,1,8},{6,7,3,1,5,8,4,9,2},{9,6,7,8,1,2,3,4,5},{2,8,1,4,3,5,6,7,9},{5,3,4,6,7,9,8,2,1},{1,2,6,3,8,4,9,5,7},{3,4,0,0,0,0,0,0,0},{0,0,0,0,0,0,0,0,0}}
]
15:53:16.544 [main] INFO  sudoku.model.SudokuBoard - Wartość 0 wstawiona nieprawidłowo
15:53:16.544 [main] INFO  sudoku.model.SudokuBoard - Bład w kwadracie 0
sudoku.model.SudokuBoard@58e02359[
  size=9
  solver=sudoku.model.BacktrackingSudokuSolver@74fc3fc7
  board={{8,1,2,9,4,7,5,3,6},{4,9,5,2,6,3,7,1,8},{6,7,3,1,5,8,4,9,2},{9,6,7,8,1,2,3,4,5},{2,8,1,4,3,5,6,7,9},{5,3,4,6,7,9,8,2,1},{1,2,6,3,8,4,9,5,7},{3,0,0,0,0,0,0,0,0},{0,0,0,0,0,0,0,0,0}}
]
15:53:16.544 [main] INFO  sudoku.model.SudokuBoard - Wartość 0 wstawiona nieprawidłowo
15:53:16.545 [main] INFO  sudoku.model.SudokuBoard - Bład w kwadracie 0
sudoku.model.SudokuBoard@58e02359[
  size=9
  solver=sudoku.model.BacktrackingSudokuSolver@74fc3fc7
  board={{8,1,2,9,4,7,5,3,6},{4,9,5,2,6,3,7,1,8},{6,7,3,1,5,8,4,9,2},{9,6,7,8,1,2,3,4,5},{2,8,1,4,3,5,6,7,9},{5,3,4,6,7,9,8,2,1},{1,2,6,3,8,4,9,5,7},{3,5,8,7,9,6,0,0,0},{0,0,0,0,0,0,0,0,0}}
]
15:53:16.545 [main] INFO  sudoku.model.SudokuBoard - Wartość 0 wstawiona nieprawidłowo
15:53:16.545 [main] INFO  sudoku.model.SudokuBoard - Bład w kwadracie 0
sudoku.model.SudokuBoard@58e02359[
  size=9
  solver=sudoku.model.BacktrackingSudokuSolver@74fc3fc7
  board={{8,1,2,9,4,7,5,3,6},{4,9,5,2,6,3,7,1,8},{6,7,3,1,5,8,4,9,2},{9,6,7,8,1,2,3,4,5},{2,8,1,4,3,5,6,7,9},{5,3,4,6,7,9,8,2,1},{1,2,6,3,8,4,9,5,7},{3,5,8,7,9,6,0,0,0},{0,0,0,0,0,0,0,0,0}}
]
15:53:16.546 [main] INFO  sudoku.model.SudokuBoard - Wartość 0 wstawiona nieprawidłowo
15:53:16.546 [main] INFO  sudoku.model.SudokuBoard - Bład w kwadracie 0
sudoku.model.SudokuBoard@58e02359[
  size=9
  solver=sudoku.model.BacktrackingSudokuSolver@74fc3fc7
  board={{8,1,2,9,4,7,5,3,6},{4,9,5,2,6,3,7,1,8},{6,7,3,1,5,8,4,9,2},{9,6,7,8,1,2,3,4,5},{2,8,1,4,3,5,6,7,9},{5,3,4,6,7,9,8,2,1},{1,2,6,3,8,4,9,5,7},{3,5,8,7,9,0,0,0,0},{0,0,0,0,0,0,0,0,0}}
]
15:53:16.546 [main] INFO  sudoku.model.SudokuBoard - Wartość 0 wstawiona nieprawidłowo
15:53:16.556 [main] INFO  sudoku.model.SudokuBoard - Bład w kwadracie 0
sudoku.model.SudokuBoard@58e02359[
  size=9
  solver=sudoku.model.BacktrackingSudokuSolver@74fc3fc7
  board={{8,1,2,9,4,7,5,3,6},{8,9,5,2,6,3,7,1,8},{6,7,3,1,5,8,4,9,2},{9,6,7,8,1,2,3,4,5},{2,8,1,4,3,5,6,7,9},{5,3,4,6,7,9,8,2,1},{1,2,6,3,8,4,9,5,7},{3,5,8,7,9,1,2,6,4},{7,4,9,5,2,6,1,8,3}}
]
15:53:16.556 [main] INFO  sudoku.model.SudokuBoard - Wartość 8 wstawiona nieprawidłowo
15:53:16.557 [main] INFO  sudoku.model.SudokuBoard - Bład w kwadracie 0
sudoku.model.SudokuBoard@58e02359[
  size=9
  solver=sudoku.model.BacktrackingSudokuSolver@74fc3fc7
  board={{8,1,2,9,4,7,5,3,6},{8,9,5,2,6,3,7,1,8},{8,7,3,1,5,8,4,9,2},{9,6,7,8,1,2,3,4,5},{2,8,1,4,3,5,6,7,9},{5,3,4,6,7,9,8,2,1},{1,2,6,3,8,4,9,5,7},{3,5,8,7,9,1,2,6,4},{7,4,9,5,2,6,1,8,3}}
]
15:53:16.557 [main] INFO  sudoku.model.SudokuBoard - Wartość 8 wstawiona nieprawidłowo
15:53:16.557 [main] INFO  sudoku.model.SudokuBoard - Bład w kwadracie 0
sudoku.model.SudokuBoard@69fe7090[
  size=9
  solver=sudoku.model.BacktrackingSudokuSolver@74fc3fc7
  board={{8,1,2,9,4,7,5,3,6},{8,9,5,2,6,3,7,1,8},{8,7,3,1,5,8,4,9,2},{9,6,7,8,1,2,3,4,5},{2,8,1,4,3,5,6,7,9},{5,3,4,6,7,9,8,2,1},{1,2,6,3,8,4,9,5,7},{3,5,8,7,9,1,2,6,4},{7,4,9,5,2,6,1,8,3}}
]
]]></system-out>
  </testcase>
  <testcase name="testEqualsNull" classname="sudoku.model.SudokuBoardTest" time="0.001"/>
  <testcase name="testEqualsSame" classname="sudoku.model.SudokuBoardTest" time="0.001"/>
  <testcase name="checkBoardTest" classname="sudoku.model.SudokuBoardTest" time="0.026">
    <system-out><![CDATA[15:53:16.565 [main] INFO  sudoku.model.SudokuBoard - Bład w kwadracie 0
sudoku.model.SudokuBoard@66ab924[
  size=9
  solver=sudoku.model.BacktrackingSudokuSolver@6df2af02
  board={{6,7,8,9,3,4,1,5,2},{9,1,2,5,6,7,3,8,4},{4,3,5,8,1,2,6,7,9},{3,5,1,2,4,9,7,6,8},{7,6,9,3,5,1,4,0,0},{0,0,0,0,0,0,0,0,0},{0,0,0,0,0,0,0,0,0},{0,0,0,0,0,0,0,0,0},{0,0,0,0,0,0,0,0,0}}
]
15:53:16.565 [main] INFO  sudoku.model.SudokuBoard - Wartość 0 wstawiona nieprawidłowo
15:53:16.565 [main] INFO  sudoku.model.SudokuBoard - Bład w kwadracie 0
sudoku.model.SudokuBoard@66ab924[
  size=9
  solver=sudoku.model.BacktrackingSudokuSolver@6df2af02
  board={{6,7,8,9,3,4,1,5,2},{9,1,2,5,6,7,3,8,4},{4,3,5,8,1,2,6,7,9},{3,5,1,2,4,9,7,6,8},{7,6,9,3,5,1,0,0,0},{0,0,0,0,0,0,0,0,0},{0,0,0,0,0,0,0,0,0},{0,0,0,0,0,0,0,0,0},{0,0,0,0,0,0,0,0,0}}
]
15:53:16.565 [main] INFO  sudoku.model.SudokuBoard - Wartość 0 wstawiona nieprawidłowo
15:53:16.566 [main] INFO  sudoku.model.SudokuBoard - Bład w kwadracie 0
sudoku.model.SudokuBoard@66ab924[
  size=9
  solver=sudoku.model.BacktrackingSudokuSolver@6df2af02
  board={{6,7,8,9,3,4,1,5,2},{9,1,2,5,6,7,3,8,4},{4,3,5,8,1,2,6,7,9},{3,5,1,2,4,9,7,6,8},{7,6,9,3,5,1,2,0,0},{0,0,0,0,0,0,0,0,0},{0,0,0,0,0,0,0,0,0},{0,0,0,0,0,0,0,0,0},{0,0,0,0,0,0,0,0,0}}
]
15:53:16.566 [main] INFO  sudoku.model.SudokuBoard - Wartość 0 wstawiona nieprawidłowo
15:53:16.566 [main] INFO  sudoku.model.SudokuBoard - Bład w kwadracie 0
sudoku.model.SudokuBoard@66ab924[
  size=9
  solver=sudoku.model.BacktrackingSudokuSolver@6df2af02
  board={{6,7,8,9,3,4,1,5,2},{9,1,2,5,6,7,3,8,4},{4,3,5,8,1,2,6,7,9},{3,5,1,2,4,9,7,6,8},{7,6,9,3,5,1,0,0,0},{0,0,0,0,0,0,0,0,0},{0,0,0,0,0,0,0,0,0},{0,0,0,0,0,0,0,0,0},{0,0,0,0,0,0,0,0,0}}
]
15:53:16.566 [main] INFO  sudoku.model.SudokuBoard - Wartość 0 wstawiona nieprawidłowo
15:53:16.566 [main] INFO  sudoku.model.SudokuBoard - Bład w kwadracie 0
sudoku.model.SudokuBoard@66ab924[
  size=9
  solver=sudoku.model.BacktrackingSudokuSolver@6df2af02
  board={{6,7,8,9,3,4,1,5,2},{9,1,2,5,6,7,3,8,4},{4,3,5,8,1,2,6,7,9},{3,5,1,2,4,9,7,6,8},{7,6,9,3,5,0,0,0,0},{0,0,0,0,0,0,0,0,0},{0,0,0,0,0,0,0,0,0},{0,0,0,0,0,0,0,0,0},{0,0,0,0,0,0,0,0,0}}
]
15:53:16.566 [main] INFO  sudoku.model.SudokuBoard - Wartość 0 wstawiona nieprawidłowo
15:53:16.566 [main] INFO  sudoku.model.SudokuBoard - Bład w kwadracie 0
sudoku.model.SudokuBoard@66ab924[
  size=9
  solver=sudoku.model.BacktrackingSudokuSolver@6df2af02
  board={{6,7,8,9,3,4,1,5,2},{9,1,2,5,6,7,3,8,4},{4,3,5,8,1,2,6,7,9},{3,5,1,2,4,9,7,6,8},{7,6,9,3,5,8,2,0,0},{0,0,0,0,0,0,0,0,0},{0,0,0,0,0,0,0,0,0},{0,0,0,0,0,0,0,0,0},{0,0,0,0,0,0,0,0,0}}
]
15:53:16.566 [main] INFO  sudoku.model.SudokuBoard - Wartość 0 wstawiona nieprawidłowo
15:53:16.566 [main] INFO  sudoku.model.SudokuBoard - Bład w kwadracie 0
sudoku.model.SudokuBoard@66ab924[
  size=9
  solver=sudoku.model.BacktrackingSudokuSolver@6df2af02
  board={{6,7,8,9,3,4,1,5,2},{9,1,2,5,6,7,3,8,4},{4,3,5,8,1,2,6,7,9},{3,5,1,2,4,9,7,6,8},{7,6,9,3,5,8,2,4,1},{8,2,4,1,7,6,9,3,5},{5,8,3,6,9,1,4,2,7},{1,9,6,4,8,3,0,0,0},{0,0,0,0,0,0,0,0,0}}
]
15:53:16.567 [main] INFO  sudoku.model.SudokuBoard - Wartość 0 wstawiona nieprawidłowo
15:53:16.567 [main] INFO  sudoku.model.SudokuBoard - Bład w kwadracie 0
sudoku.model.SudokuBoard@66ab924[
  size=9
  solver=sudoku.model.BacktrackingSudokuSolver@6df2af02
  board={{6,7,8,9,3,4,1,5,2},{9,1,2,5,6,7,3,8,4},{4,3,5,8,1,2,6,7,9},{3,5,1,2,4,9,7,6,8},{7,6,9,3,5,8,2,4,1},{8,2,4,1,7,6,9,3,5},{5,8,3,6,9,1,4,2,7},{1,9,6,4,8,0,0,0,0},{0,0,0,0,0,0,0,0,0}}
]
15:53:16.567 [main] INFO  sudoku.model.SudokuBoard - Wartość 0 wstawiona nieprawidłowo
15:53:16.567 [main] INFO  sudoku.model.SudokuBoard - Bład w kwadracie 0
sudoku.model.SudokuBoard@66ab924[
  size=9
  solver=sudoku.model.BacktrackingSudokuSolver@6df2af02
  board={{6,7,8,9,3,4,1,5,2},{9,1,2,5,6,7,3,8,4},{4,3,5,8,1,2,6,7,9},{3,5,1,2,4,9,7,6,8},{7,6,9,3,5,8,2,4,1},{8,2,4,1,7,6,9,3,5},{5,8,3,6,9,1,4,2,7},{1,9,6,4,8,0,0,0,0},{0,0,0,0,0,0,0,0,0}}
]
15:53:16.567 [main] INFO  sudoku.model.SudokuBoard - Wartość 0 wstawiona nieprawidłowo
15:53:16.567 [main] INFO  sudoku.model.SudokuBoard - Bład w kwadracie 0
sudoku.model.SudokuBoard@66ab924[
  size=9
  solver=sudoku.model.BacktrackingSudokuSolver@6df2af02
  board={{6,7,8,9,3,4,1,5,2},{9,1,2,5,6,7,3,8,4},{4,3,5,8,1,2,6,7,9},{3,5,1,2,4,9,7,6,8},{7,6,9,3,5,8,2,4,1},{8,2,4,1,7,6,9,3,5},{5,8,3,6,9,1,4,2,7},{1,9,6,4,0,0,0,0,0},{0,0,0,0,0,0,0,0,0}}
]
15:53:16.567 [main] INFO  sudoku.model.SudokuBoard - Wartość 0 wstawiona nieprawidłowo
15:53:16.567 [main] INFO  sudoku.model.SudokuBoard - Bład w kwadracie 0
sudoku.model.SudokuBoard@66ab924[
  size=9
  solver=sudoku.model.BacktrackingSudokuSolver@6df2af02
  board={{6,7,8,9,3,4,1,5,2},{9,1,2,5,6,7,3,8,4},{4,3,5,8,1,2,6,7,9},{3,5,1,2,4,9,7,6,8},{7,6,9,3,5,8,2,4,1},{8,2,4,1,7,6,9,3,5},{5,8,3,6,9,1,4,2,7},{1,9,6,4,2,3,0,0,0},{0,0,0,0,0,0,0,0,0}}
]
15:53:16.567 [main] INFO  sudoku.model.SudokuBoard - Wartość 0 wstawiona nieprawidłowo
15:53:16.567 [main] INFO  sudoku.model.SudokuBoard - Bład w kwadracie 0
sudoku.model.SudokuBoard@66ab924[
  size=9
  solver=sudoku.model.BacktrackingSudokuSolver@6df2af02
  board={{6,7,8,9,3,4,1,5,2},{9,1,2,5,6,7,3,8,4},{4,3,5,8,1,2,6,7,9},{3,5,1,2,4,9,7,6,8},{7,6,9,3,5,8,2,4,1},{8,2,4,1,7,6,9,3,5},{5,8,3,6,9,1,4,2,7},{1,9,6,4,2,3,0,0,0},{0,0,0,0,0,0,0,0,0}}
]
15:53:16.568 [main] INFO  sudoku.model.SudokuBoard - Wartość 0 wstawiona nieprawidłowo
15:53:16.568 [main] INFO  sudoku.model.SudokuBoard - Bład w kwadracie 0
sudoku.model.SudokuBoard@66ab924[
  size=9
  solver=sudoku.model.BacktrackingSudokuSolver@6df2af02
  board={{6,7,8,9,3,4,1,5,2},{9,1,2,5,6,7,3,8,4},{4,3,5,8,1,2,6,7,9},{3,5,1,2,4,9,7,6,8},{7,6,9,3,5,8,2,4,1},{8,2,4,1,7,6,9,3,5},{5,8,3,6,9,1,4,2,7},{1,9,6,4,2,0,0,0,0},{0,0,0,0,0,0,0,0,0}}
]
15:53:16.568 [main] INFO  sudoku.model.SudokuBoard - Wartość 0 wstawiona nieprawidłowo
15:53:16.568 [main] INFO  sudoku.model.SudokuBoard - Bład w kwadracie 0
sudoku.model.SudokuBoard@66ab924[
  size=9
  solver=sudoku.model.BacktrackingSudokuSolver@6df2af02
  board={{6,7,8,9,3,4,1,5,2},{9,1,2,5,6,7,3,8,4},{4,3,5,8,1,2,6,7,9},{3,5,1,2,4,9,7,6,8},{7,6,9,3,5,8,2,4,1},{8,2,4,1,7,6,9,3,5},{5,8,3,6,9,1,4,2,7},{1,9,6,4,2,5,0,0,0},{0,0,0,0,0,0,0,0,0}}
]
15:53:16.568 [main] INFO  sudoku.model.SudokuBoard - Wartość 0 wstawiona nieprawidłowo
15:53:16.568 [main] INFO  sudoku.model.SudokuBoard - Bład w kwadracie 0
sudoku.model.SudokuBoard@66ab924[
  size=9
  solver=sudoku.model.BacktrackingSudokuSolver@6df2af02
  board={{6,7,8,9,3,4,1,5,2},{9,1,2,5,6,7,3,8,4},{4,3,5,8,1,2,6,7,9},{3,5,1,2,4,9,7,6,8},{7,6,9,3,5,8,2,4,1},{8,2,4,1,7,6,9,3,5},{5,8,3,6,9,1,4,2,7},{1,9,6,4,2,0,0,0,0},{0,0,0,0,0,0,0,0,0}}
]
15:53:16.568 [main] INFO  sudoku.model.SudokuBoard - Wartość 0 wstawiona nieprawidłowo
15:53:16.568 [main] INFO  sudoku.model.SudokuBoard - Bład w kwadracie 0
sudoku.model.SudokuBoard@66ab924[
  size=9
  solver=sudoku.model.BacktrackingSudokuSolver@6df2af02
  board={{6,7,8,9,3,4,1,5,2},{9,1,2,5,6,7,3,8,4},{4,3,5,8,1,2,6,7,9},{3,5,1,2,4,9,7,6,8},{7,6,9,3,5,8,2,4,1},{8,2,4,1,7,6,9,3,5},{5,8,3,6,9,1,4,2,7},{1,9,6,4,0,0,0,0,0},{0,0,0,0,0,0,0,0,0}}
]
15:53:16.568 [main] INFO  sudoku.model.SudokuBoard - Wartość 0 wstawiona nieprawidłowo
15:53:16.569 [main] INFO  sudoku.model.SudokuBoard - Bład w kwadracie 0
sudoku.model.SudokuBoard@66ab924[
  size=9
  solver=sudoku.model.BacktrackingSudokuSolver@6df2af02
  board={{6,7,8,9,3,4,1,5,2},{9,1,2,5,6,7,3,8,4},{4,3,5,8,1,2,6,7,9},{3,5,1,2,4,9,7,6,8},{7,6,9,3,5,8,2,4,1},{8,2,4,1,7,6,9,3,5},{5,8,3,6,9,1,4,2,7},{1,9,6,0,0,0,0,0,0},{0,0,0,0,0,0,0,0,0}}
]
15:53:16.569 [main] INFO  sudoku.model.SudokuBoard - Wartość 0 wstawiona nieprawidłowo
15:53:16.569 [main] INFO  sudoku.model.SudokuBoard - Bład w kwadracie 0
sudoku.model.SudokuBoard@66ab924[
  size=9
  solver=sudoku.model.BacktrackingSudokuSolver@6df2af02
  board={{6,7,8,9,3,4,1,5,2},{9,1,2,5,6,7,3,8,4},{4,3,5,8,1,2,6,7,9},{3,5,1,2,4,9,7,6,8},{7,6,9,3,5,8,2,4,1},{8,2,4,1,7,6,9,3,5},{5,8,3,6,9,1,4,2,7},{1,9,6,7,8,3,0,0,0},{0,0,0,0,0,0,0,0,0}}
]
15:53:16.569 [main] INFO  sudoku.model.SudokuBoard - Wartość 0 wstawiona nieprawidłowo
15:53:16.569 [main] INFO  sudoku.model.SudokuBoard - Bład w kwadracie 0
sudoku.model.SudokuBoard@66ab924[
  size=9
  solver=sudoku.model.BacktrackingSudokuSolver@6df2af02
  board={{6,7,8,9,3,4,1,5,2},{9,1,2,5,6,7,3,8,4},{4,3,5,8,1,2,6,7,9},{3,5,1,2,4,9,7,6,8},{7,6,9,3,5,8,2,4,1},{8,2,4,1,7,6,9,3,5},{5,8,3,6,9,1,4,2,7},{1,9,6,7,8,0,0,0,0},{0,0,0,0,0,0,0,0,0}}
]
15:53:16.569 [main] INFO  sudoku.model.SudokuBoard - Wartość 0 wstawiona nieprawidłowo
15:53:16.569 [main] INFO  sudoku.model.SudokuBoard - Bład w kwadracie 0
sudoku.model.SudokuBoard@66ab924[
  size=9
  solver=sudoku.model.BacktrackingSudokuSolver@6df2af02
  board={{6,7,8,9,3,4,1,5,2},{9,1,2,5,6,7,3,8,4},{4,3,5,8,1,2,6,7,9},{3,5,1,2,4,9,7,6,8},{7,6,9,3,5,8,2,4,1},{8,2,4,1,7,6,9,3,5},{5,8,3,6,9,1,4,2,7},{1,9,6,7,8,0,0,0,0},{0,0,0,0,0,0,0,0,0}}
]
15:53:16.569 [main] INFO  sudoku.model.SudokuBoard - Wartość 0 wstawiona nieprawidłowo
15:53:16.570 [main] INFO  sudoku.model.SudokuBoard - Bład w kwadracie 0
sudoku.model.SudokuBoard@66ab924[
  size=9
  solver=sudoku.model.BacktrackingSudokuSolver@6df2af02
  board={{6,7,8,9,3,4,1,5,2},{9,1,2,5,6,7,3,8,4},{4,3,5,8,1,2,6,7,9},{3,5,1,2,4,9,7,6,8},{7,6,9,3,5,8,2,4,1},{8,2,4,1,7,6,9,3,5},{5,8,3,6,9,1,4,2,7},{1,9,6,7,0,0,0,0,0},{0,0,0,0,0,0,0,0,0}}
]
15:53:16.570 [main] INFO  sudoku.model.SudokuBoard - Wartość 0 wstawiona nieprawidłowo
15:53:16.570 [main] INFO  sudoku.model.SudokuBoard - Bład w kwadracie 0
sudoku.model.SudokuBoard@66ab924[
  size=9
  solver=sudoku.model.BacktrackingSudokuSolver@6df2af02
  board={{6,7,8,9,3,4,1,5,2},{9,1,2,5,6,7,3,8,4},{4,3,5,8,1,2,6,7,9},{3,5,1,2,4,9,7,6,8},{7,6,9,3,5,8,2,4,1},{8,2,4,1,7,6,9,3,5},{5,8,3,6,9,1,4,2,7},{1,9,6,7,2,3,0,0,0},{0,0,0,0,0,0,0,0,0}}
]
15:53:16.570 [main] INFO  sudoku.model.SudokuBoard - Wartość 0 wstawiona nieprawidłowo
15:53:16.570 [main] INFO  sudoku.model.SudokuBoard - Bład w kwadracie 0
sudoku.model.SudokuBoard@66ab924[
  size=9
  solver=sudoku.model.BacktrackingSudokuSolver@6df2af02
  board={{6,7,8,9,3,4,1,5,2},{9,1,2,5,6,7,3,8,4},{4,3,5,8,1,2,6,7,9},{3,5,1,2,4,9,7,6,8},{7,6,9,3,5,8,2,4,1},{8,2,4,1,7,6,9,3,5},{5,8,3,6,9,1,4,2,7},{1,9,6,7,2,3,0,0,0},{0,0,0,0,0,0,0,0,0}}
]
15:53:16.570 [main] INFO  sudoku.model.SudokuBoard - Wartość 0 wstawiona nieprawidłowo
15:53:16.570 [main] INFO  sudoku.model.SudokuBoard - Bład w kwadracie 0
sudoku.model.SudokuBoard@66ab924[
  size=9
  solver=sudoku.model.BacktrackingSudokuSolver@6df2af02
  board={{6,7,8,9,3,4,1,5,2},{9,1,2,5,6,7,3,8,4},{4,3,5,8,1,2,6,7,9},{3,5,1,2,4,9,7,6,8},{7,6,9,3,5,8,2,4,1},{8,2,4,1,7,6,9,3,5},{5,8,3,6,9,1,4,2,7},{1,9,6,7,2,0,0,0,0},{0,0,0,0,0,0,0,0,0}}
]
15:53:16.570 [main] INFO  sudoku.model.SudokuBoard - Wartość 0 wstawiona nieprawidłowo
15:53:16.570 [main] INFO  sudoku.model.SudokuBoard - Bład w kwadracie 0
sudoku.model.SudokuBoard@66ab924[
  size=9
  solver=sudoku.model.BacktrackingSudokuSolver@6df2af02
  board={{6,7,8,9,3,4,1,5,2},{9,1,2,5,6,7,3,8,4},{4,3,5,8,1,2,6,7,9},{3,5,1,2,4,9,7,6,8},{7,6,9,3,5,8,2,4,1},{8,2,4,1,7,6,9,3,5},{5,8,3,6,9,1,4,2,7},{1,9,6,7,2,5,0,0,0},{0,0,0,0,0,0,0,0,0}}
]
15:53:16.570 [main] INFO  sudoku.model.SudokuBoard - Wartość 0 wstawiona nieprawidłowo
15:53:16.570 [main] INFO  sudoku.model.SudokuBoard - Bład w kwadracie 0
sudoku.model.SudokuBoard@66ab924[
  size=9
  solver=sudoku.model.BacktrackingSudokuSolver@6df2af02
  board={{6,7,8,9,3,4,1,5,2},{9,1,2,5,6,7,3,8,4},{4,3,5,8,1,2,6,7,9},{3,5,1,2,4,9,7,6,8},{7,6,9,3,5,8,2,4,1},{8,2,4,1,7,6,9,3,5},{5,8,3,6,9,1,4,2,7},{1,9,6,7,2,0,0,0,0},{0,0,0,0,0,0,0,0,0}}
]
15:53:16.570 [main] INFO  sudoku.model.SudokuBoard - Wartość 0 wstawiona nieprawidłowo
15:53:16.571 [main] INFO  sudoku.model.SudokuBoard - Bład w kwadracie 0
sudoku.model.SudokuBoard@66ab924[
  size=9
  solver=sudoku.model.BacktrackingSudokuSolver@6df2af02
  board={{6,7,8,9,3,4,1,5,2},{9,1,2,5,6,7,3,8,4},{4,3,5,8,1,2,6,7,9},{3,5,1,2,4,9,7,6,8},{7,6,9,3,5,8,2,4,1},{8,2,4,1,7,6,9,3,5},{5,8,3,6,9,1,4,2,7},{1,9,6,7,0,0,0,0,0},{0,0,0,0,0,0,0,0,0}}
]
15:53:16.571 [main] INFO  sudoku.model.SudokuBoard - Wartość 0 wstawiona nieprawidłowo
15:53:16.571 [main] INFO  sudoku.model.SudokuBoard - Bład w kwadracie 0
sudoku.model.SudokuBoard@66ab924[
  size=9
  solver=sudoku.model.BacktrackingSudokuSolver@6df2af02
  board={{6,7,8,9,3,4,1,5,2},{9,1,2,5,6,7,3,8,4},{4,3,5,8,1,2,6,7,9},{3,5,1,2,4,9,7,6,8},{7,6,9,3,5,8,2,4,1},{8,2,4,1,7,6,9,3,5},{5,8,3,6,9,1,4,2,7},{1,9,6,0,0,0,0,0,0},{0,0,0,0,0,0,0,0,0}}
]
15:53:16.571 [main] INFO  sudoku.model.SudokuBoard - Wartość 0 wstawiona nieprawidłowo
15:53:16.571 [main] INFO  sudoku.model.SudokuBoard - Bład w kwadracie 0
sudoku.model.SudokuBoard@66ab924[
  size=9
  solver=sudoku.model.BacktrackingSudokuSolver@6df2af02
  board={{6,7,8,9,3,4,1,5,2},{9,1,2,5,6,7,3,8,4},{4,3,5,8,1,2,6,7,9},{3,5,1,2,4,9,7,6,8},{7,6,9,3,5,8,2,4,1},{8,2,4,1,7,6,9,3,5},{5,8,3,6,9,1,4,2,7},{1,9,0,0,0,0,0,0,0},{0,0,0,0,0,0,0,0,0}}
]
15:53:16.571 [main] INFO  sudoku.model.SudokuBoard - Wartość 0 wstawiona nieprawidłowo
15:53:16.571 [main] INFO  sudoku.model.SudokuBoard - Bład w kwadracie 0
sudoku.model.SudokuBoard@66ab924[
  size=9
  solver=sudoku.model.BacktrackingSudokuSolver@6df2af02
  board={{6,7,8,9,3,4,1,5,2},{9,1,2,5,6,7,3,8,4},{4,3,5,8,1,2,6,7,9},{3,5,1,2,4,9,7,6,8},{7,6,9,3,5,8,2,4,1},{8,2,4,1,7,6,9,3,5},{5,8,3,6,9,1,4,2,7},{1,9,7,4,8,3,0,0,0},{0,0,0,0,0,0,0,0,0}}
]
15:53:16.571 [main] INFO  sudoku.model.SudokuBoard - Wartość 0 wstawiona nieprawidłowo
15:53:16.572 [main] INFO  sudoku.model.SudokuBoard - Bład w kwadracie 0
sudoku.model.SudokuBoard@66ab924[
  size=9
  solver=sudoku.model.BacktrackingSudokuSolver@6df2af02
  board={{6,7,8,9,3,4,1,5,2},{9,1,2,5,6,7,3,8,4},{4,3,5,8,1,2,6,7,9},{3,5,1,2,4,9,7,6,8},{7,6,9,3,5,8,2,4,1},{8,2,4,1,7,6,9,3,5},{5,8,3,6,9,1,4,2,7},{1,9,7,4,8,0,0,0,0},{0,0,0,0,0,0,0,0,0}}
]
15:53:16.572 [main] INFO  sudoku.model.SudokuBoard - Wartość 0 wstawiona nieprawidłowo
15:53:16.572 [main] INFO  sudoku.model.SudokuBoard - Bład w kwadracie 0
sudoku.model.SudokuBoard@66ab924[
  size=9
  solver=sudoku.model.BacktrackingSudokuSolver@6df2af02
  board={{6,7,8,9,3,4,1,5,2},{9,1,2,5,6,7,3,8,4},{4,3,5,8,1,2,6,7,9},{3,5,1,2,4,9,7,6,8},{7,6,9,3,5,8,2,4,1},{8,2,4,1,7,6,9,3,5},{5,8,3,6,9,1,4,2,7},{1,9,7,4,8,0,0,0,0},{0,0,0,0,0,0,0,0,0}}
]
15:53:16.572 [main] INFO  sudoku.model.SudokuBoard - Wartość 0 wstawiona nieprawidłowo
15:53:16.572 [main] INFO  sudoku.model.SudokuBoard - Bład w kwadracie 0
sudoku.model.SudokuBoard@66ab924[
  size=9
  solver=sudoku.model.BacktrackingSudokuSolver@6df2af02
  board={{6,7,8,9,3,4,1,5,2},{9,1,2,5,6,7,3,8,4},{4,3,5,8,1,2,6,7,9},{3,5,1,2,4,9,7,6,8},{7,6,9,3,5,8,2,4,1},{8,2,4,1,7,6,9,3,5},{5,8,3,6,9,1,4,2,7},{1,9,7,4,0,0,0,0,0},{0,0,0,0,0,0,0,0,0}}
]
15:53:16.572 [main] INFO  sudoku.model.SudokuBoard - Wartość 0 wstawiona nieprawidłowo
15:53:16.581 [main] INFO  sudoku.model.SudokuBoard - Bład w kwadracie 0
sudoku.model.SudokuBoard@66ab924[
  size=9
  solver=sudoku.model.BacktrackingSudokuSolver@6df2af02
  board={{6,7,8,9,3,4,1,5,2},{9,1,2,5,6,7,3,8,4},{4,3,5,8,1,2,6,7,9},{3,5,1,2,4,9,7,6,8},{7,6,9,3,5,8,2,4,1},{8,2,4,1,7,6,9,3,5},{5,8,3,6,9,1,4,2,7},{1,9,7,4,2,3,0,0,0},{0,0,0,0,0,0,0,0,0}}
]
15:53:16.581 [main] INFO  sudoku.model.SudokuBoard - Wartość 0 wstawiona nieprawidłowo
15:53:16.582 [main] INFO  sudoku.model.SudokuBoard - Bład w kwadracie 0
sudoku.model.SudokuBoard@66ab924[
  size=9
  solver=sudoku.model.BacktrackingSudokuSolver@6df2af02
  board={{6,7,8,9,3,4,1,5,2},{9,1,2,5,6,7,3,8,4},{4,3,5,8,1,2,6,7,9},{3,5,1,2,4,9,7,6,8},{7,6,9,3,5,8,2,4,1},{8,2,4,1,7,6,9,3,5},{5,8,3,6,9,1,4,2,7},{1,9,7,4,2,3,0,0,0},{0,0,0,0,0,0,0,0,0}}
]
15:53:16.582 [main] INFO  sudoku.model.SudokuBoard - Wartość 0 wstawiona nieprawidłowo
15:53:16.582 [main] INFO  sudoku.model.SudokuBoard - Bład w kwadracie 0
sudoku.model.SudokuBoard@66ab924[
  size=9
  solver=sudoku.model.BacktrackingSudokuSolver@6df2af02
  board={{6,7,8,9,3,4,1,5,2},{9,1,2,5,6,7,3,8,4},{4,3,5,8,1,2,6,7,9},{3,5,1,2,4,9,7,6,8},{7,6,9,3,5,8,2,4,1},{8,2,4,1,7,6,9,3,5},{5,8,3,6,9,1,4,2,7},{1,9,7,4,2,0,0,0,0},{0,0,0,0,0,0,0,0,0}}
]
15:53:16.582 [main] INFO  sudoku.model.SudokuBoard - Wartość 0 wstawiona nieprawidłowo
15:53:16.582 [main] INFO  sudoku.model.SudokuBoard - Bład w kwadracie 0
sudoku.model.SudokuBoard@66ab924[
  size=9
  solver=sudoku.model.BacktrackingSudokuSolver@6df2af02
  board={{6,7,8,9,3,4,1,5,2},{9,1,2,5,6,7,3,8,4},{4,3,5,8,1,2,6,7,9},{3,5,1,2,4,9,7,6,8},{7,6,9,3,5,8,2,4,1},{8,2,4,1,7,6,9,3,5},{5,8,3,6,9,1,4,2,7},{1,9,7,4,2,5,0,0,0},{0,0,0,0,0,0,0,0,0}}
]
15:53:16.582 [main] INFO  sudoku.model.SudokuBoard - Wartość 0 wstawiona nieprawidłowo
15:53:16.583 [main] INFO  sudoku.model.SudokuBoard - Bład w kwadracie 0
sudoku.model.SudokuBoard@66ab924[
  size=9
  solver=sudoku.model.BacktrackingSudokuSolver@6df2af02
  board={{6,7,8,9,3,4,1,5,2},{9,1,2,5,6,7,3,8,4},{4,3,5,8,1,2,6,7,9},{3,5,1,2,4,9,7,6,8},{7,6,9,3,5,8,2,4,1},{8,2,4,1,7,6,9,3,5},{5,8,3,6,9,1,4,2,7},{1,9,7,4,2,0,0,0,0},{0,0,0,0,0,0,0,0,0}}
]
15:53:16.583 [main] INFO  sudoku.model.SudokuBoard - Wartość 0 wstawiona nieprawidłowo
15:53:16.583 [main] INFO  sudoku.model.SudokuBoard - Bład w kwadracie 0
sudoku.model.SudokuBoard@66ab924[
  size=9
  solver=sudoku.model.BacktrackingSudokuSolver@6df2af02
  board={{6,7,8,9,3,4,1,5,2},{9,1,2,5,6,7,3,8,4},{4,3,5,8,1,2,6,7,9},{3,5,1,2,4,9,7,6,8},{7,6,9,3,5,8,2,4,1},{8,2,4,1,7,6,9,3,5},{5,8,3,6,9,1,4,2,7},{1,9,7,4,0,0,0,0,0},{0,0,0,0,0,0,0,0,0}}
]
15:53:16.583 [main] INFO  sudoku.model.SudokuBoard - Wartość 0 wstawiona nieprawidłowo
15:53:16.583 [main] INFO  sudoku.model.SudokuBoard - Bład w kwadracie 0
sudoku.model.SudokuBoard@66ab924[
  size=9
  solver=sudoku.model.BacktrackingSudokuSolver@6df2af02
  board={{6,7,8,9,3,4,1,5,2},{9,1,2,5,6,7,3,8,4},{4,3,5,8,1,2,6,7,9},{3,5,1,2,4,9,7,6,8},{7,6,9,3,5,8,2,4,1},{8,2,4,1,7,6,9,3,5},{5,8,3,6,9,1,4,2,7},{1,9,7,0,0,0,0,0,0},{0,0,0,0,0,0,0,0,0}}
]
15:53:16.583 [main] INFO  sudoku.model.SudokuBoard - Wartość 0 wstawiona nieprawidłowo
15:53:16.584 [main] INFO  sudoku.model.SudokuBoard - Bład w kwadracie 0
sudoku.model.SudokuBoard@66ab924[
  size=9
  solver=sudoku.model.BacktrackingSudokuSolver@6df2af02
  board={{6,7,8,9,3,4,1,5,2},{9,1,2,5,6,7,3,8,4},{4,3,5,8,1,2,6,7,9},{3,5,1,2,4,9,7,6,8},{7,6,9,3,5,8,2,4,1},{8,2,4,1,7,6,9,3,5},{5,8,3,6,9,1,4,2,7},{1,9,0,0,0,0,0,0,0},{0,0,0,0,0,0,0,0,0}}
]
15:53:16.584 [main] INFO  sudoku.model.SudokuBoard - Wartość 0 wstawiona nieprawidłowo
15:53:16.584 [main] INFO  sudoku.model.SudokuBoard - Bład w kwadracie 0
sudoku.model.SudokuBoard@66ab924[
  size=9
  solver=sudoku.model.BacktrackingSudokuSolver@6df2af02
  board={{6,7,8,9,3,4,1,5,2},{9,1,2,5,6,7,3,8,4},{4,3,5,8,1,2,6,7,9},{3,5,1,2,4,9,7,6,8},{7,6,9,3,5,8,2,4,1},{8,2,4,1,7,6,9,3,5},{5,8,3,6,9,1,4,2,7},{1,0,0,0,0,0,0,0,0},{0,0,0,0,0,0,0,0,0}}
]
15:53:16.584 [main] INFO  sudoku.model.SudokuBoard - Wartość 0 wstawiona nieprawidłowo
15:53:16.584 [main] INFO  sudoku.model.SudokuBoard - Bład w kwadracie 0
sudoku.model.SudokuBoard@66ab924[
  size=9
  solver=sudoku.model.BacktrackingSudokuSolver@6df2af02
  board={{6,7,8,9,3,4,1,5,2},{9,1,2,5,6,7,3,8,4},{4,3,5,8,1,2,6,7,9},{3,5,1,2,4,9,7,6,8},{7,6,9,3,5,8,2,4,1},{8,2,4,1,7,6,9,3,5},{5,8,3,6,9,1,4,2,7},{1,4,6,7,8,3,5,0,0},{0,0,0,0,0,0,0,0,0}}
]
15:53:16.584 [main] INFO  sudoku.model.SudokuBoard - Wartość 0 wstawiona nieprawidłowo
15:53:16.586 [main] INFO  sudoku.model.SudokuBoard - Bład w kwadracie 0
sudoku.model.SudokuBoard@66ab924[
  size=9
  solver=sudoku.model.BacktrackingSudokuSolver@6df2af02
  board={{6,7,8,9,3,4,1,5,2},{9,1,2,5,6,7,3,8,4},{4,3,5,8,1,2,6,7,9},{3,5,1,2,4,9,7,6,8},{7,6,9,3,5,8,2,4,1},{8,2,4,1,7,6,9,3,5},{5,8,3,6,9,1,4,2,7},{1,4,6,7,8,3,0,0,0},{0,0,0,0,0,0,0,0,0}}
]
15:53:16.586 [main] INFO  sudoku.model.SudokuBoard - Wartość 0 wstawiona nieprawidłowo
15:53:16.586 [main] INFO  sudoku.model.SudokuBoard - Bład w kwadracie 0
sudoku.model.SudokuBoard@66ab924[
  size=9
  solver=sudoku.model.BacktrackingSudokuSolver@6df2af02
  board={{6,7,8,9,3,4,1,5,2},{9,1,2,5,6,7,3,8,4},{4,3,5,8,1,2,6,7,9},{3,5,1,2,4,9,7,6,8},{7,6,9,3,5,8,2,4,1},{8,2,4,1,7,6,9,3,5},{5,8,3,6,9,1,4,2,7},{1,4,6,7,8,0,0,0,0},{0,0,0,0,0,0,0,0,0}}
]
15:53:16.586 [main] INFO  sudoku.model.SudokuBoard - Wartość 0 wstawiona nieprawidłowo
15:53:16.586 [main] INFO  sudoku.model.SudokuBoard - Bład w kwadracie 0
sudoku.model.SudokuBoard@66ab924[
  size=9
  solver=sudoku.model.BacktrackingSudokuSolver@6df2af02
  board={{6,7,8,9,3,4,1,5,2},{9,1,2,5,6,7,3,8,4},{4,3,5,8,1,2,6,7,9},{3,5,1,2,4,9,7,6,8},{7,6,9,3,5,8,2,4,1},{8,2,4,1,7,6,9,3,5},{5,8,3,6,9,1,4,2,7},{1,4,6,7,8,0,0,0,0},{0,0,0,0,0,0,0,0,0}}
]
15:53:16.586 [main] INFO  sudoku.model.SudokuBoard - Wartość 0 wstawiona nieprawidłowo
15:53:16.586 [main] INFO  sudoku.model.SudokuBoard - Bład w kwadracie 0
sudoku.model.SudokuBoard@66ab924[
  size=9
  solver=sudoku.model.BacktrackingSudokuSolver@6df2af02
  board={{6,7,8,9,3,4,1,5,2},{9,1,2,5,6,7,3,8,4},{4,3,5,8,1,2,6,7,9},{3,5,1,2,4,9,7,6,8},{7,6,9,3,5,8,2,4,1},{8,2,4,1,7,6,9,3,5},{5,8,3,6,9,1,4,2,7},{1,4,6,7,0,0,0,0,0},{0,0,0,0,0,0,0,0,0}}
]
15:53:16.586 [main] INFO  sudoku.model.SudokuBoard - Wartość 0 wstawiona nieprawidłowo
15:53:16.587 [main] INFO  sudoku.model.SudokuBoard - Bład w kwadracie 0
sudoku.model.SudokuBoard@66ab924[
  size=9
  solver=sudoku.model.BacktrackingSudokuSolver@6df2af02
  board={{6,7,8,9,3,4,1,5,2},{9,1,2,5,6,7,3,8,4},{4,3,5,8,1,2,6,7,9},{3,5,1,2,4,9,7,6,8},{7,6,9,3,5,8,2,4,1},{8,2,4,1,7,6,9,3,5},{5,8,3,6,9,1,4,2,7},{1,4,6,7,2,3,5,0,0},{0,0,0,0,0,0,0,0,0}}
]
15:53:16.587 [main] INFO  sudoku.model.SudokuBoard - Wartość 0 wstawiona nieprawidłowo
15:53:16.587 [main] INFO  sudoku.model.SudokuBoard - Bład w kwadracie 0
sudoku.model.SudokuBoard@66ab924[
  size=9
  solver=sudoku.model.BacktrackingSudokuSolver@6df2af02
  board={{6,7,8,9,3,4,1,5,2},{9,1,2,5,6,7,3,8,4},{4,3,5,8,1,2,6,7,9},{3,5,1,2,4,9,7,6,8},{7,6,9,3,5,8,2,4,1},{8,2,4,1,7,6,9,3,5},{5,8,3,6,9,1,4,2,7},{1,4,6,7,2,3,0,0,0},{0,0,0,0,0,0,0,0,0}}
]
15:53:16.587 [main] INFO  sudoku.model.SudokuBoard - Wartość 0 wstawiona nieprawidłowo
15:53:16.588 [main] INFO  sudoku.model.SudokuBoard - Bład w kwadracie 0
sudoku.model.SudokuBoard@66ab924[
  size=9
  solver=sudoku.model.BacktrackingSudokuSolver@6df2af02
  board={{6,7,8,9,3,4,1,5,2},{9,1,2,5,6,7,3,8,4},{4,3,5,8,1,2,6,7,9},{3,5,1,2,4,9,7,6,8},{7,6,9,3,5,8,2,4,1},{8,2,4,1,7,6,9,3,5},{5,8,3,6,9,1,4,2,7},{1,4,6,7,2,3,8,0,0},{0,0,0,0,0,0,0,0,0}}
]
15:53:16.588 [main] INFO  sudoku.model.SudokuBoard - Wartość 0 wstawiona nieprawidłowo
15:53:16.588 [main] INFO  sudoku.model.SudokuBoard - Bład w kwadracie 0
sudoku.model.SudokuBoard@66ab924[
  size=9
  solver=sudoku.model.BacktrackingSudokuSolver@6df2af02
  board={{6,7,8,9,3,4,1,5,2},{9,1,2,5,6,7,3,8,4},{4,3,5,8,1,2,6,7,9},{3,5,1,2,4,9,7,6,8},{7,6,9,3,5,8,2,4,1},{8,2,4,1,7,6,9,3,5},{5,8,3,6,9,1,4,2,7},{1,4,6,7,2,3,0,0,0},{0,0,0,0,0,0,0,0,0}}
]
15:53:16.588 [main] INFO  sudoku.model.SudokuBoard - Wartość 0 wstawiona nieprawidłowo
15:53:16.589 [main] INFO  sudoku.model.SudokuBoard - Bład w kwadracie 0
sudoku.model.SudokuBoard@66ab924[
  size=9
  solver=sudoku.model.BacktrackingSudokuSolver@6df2af02
  board={{6,7,8,9,3,4,1,5,2},{9,1,2,5,6,7,3,8,4},{4,3,5,8,1,2,6,7,9},{3,5,1,2,4,9,7,6,8},{7,6,9,3,5,8,2,4,1},{8,2,4,1,7,6,9,3,5},{5,8,3,6,9,1,4,2,7},{1,4,6,7,2,0,0,0,0},{0,0,0,0,0,0,0,0,0}}
]
15:53:16.589 [main] INFO  sudoku.model.SudokuBoard - Wartość 0 wstawiona nieprawidłowo
]]></system-out>
  </testcase>
  <testcase name="repeatFillBoardTest" classname="sudoku.model.SudokuBoardTest" time="0.018">
    <system-out><![CDATA[15:53:16.598 [main] INFO  sudoku.model.SudokuBoard - Bład w kwadracie 0
sudoku.model.SudokuBoard@429e7914[
  size=9
  solver=sudoku.model.BacktrackingSudokuSolver@298263fa
  board={{1,8,6,2,9,3,4,5,7},{7,9,2,5,6,8,1,0,0},{0,0,0,0,0,0,0,0,0},{0,0,0,0,0,0,0,0,0},{0,0,0,0,0,0,0,0,0},{0,0,0,0,0,0,0,0,0},{0,0,0,0,0,0,0,0,0},{0,0,0,0,0,0,0,0,0},{0,0,0,0,0,0,0,0,0}}
]
15:53:16.598 [main] INFO  sudoku.model.SudokuBoard - Wartość 0 wstawiona nieprawidłowo
15:53:16.599 [main] INFO  sudoku.model.SudokuBoard - Bład w kwadracie 0
sudoku.model.SudokuBoard@429e7914[
  size=9
  solver=sudoku.model.BacktrackingSudokuSolver@298263fa
  board={{1,8,6,2,9,3,4,5,7},{7,9,2,5,6,8,0,0,0},{0,0,0,0,0,0,0,0,0},{0,0,0,0,0,0,0,0,0},{0,0,0,0,0,0,0,0,0},{0,0,0,0,0,0,0,0,0},{0,0,0,0,0,0,0,0,0},{0,0,0,0,0,0,0,0,0},{0,0,0,0,0,0,0,0,0}}
]
15:53:16.599 [main] INFO  sudoku.model.SudokuBoard - Wartość 0 wstawiona nieprawidłowo
15:53:16.599 [main] INFO  sudoku.model.SudokuBoard - Bład w kwadracie 0
sudoku.model.SudokuBoard@429e7914[
  size=9
  solver=sudoku.model.BacktrackingSudokuSolver@298263fa
  board={{1,8,6,2,9,3,4,5,7},{7,9,2,5,6,8,3,0,0},{0,0,0,0,0,0,0,0,0},{0,0,0,0,0,0,0,0,0},{0,0,0,0,0,0,0,0,0},{0,0,0,0,0,0,0,0,0},{0,0,0,0,0,0,0,0,0},{0,0,0,0,0,0,0,0,0},{0,0,0,0,0,0,0,0,0}}
]
15:53:16.599 [main] INFO  sudoku.model.SudokuBoard - Wartość 0 wstawiona nieprawidłowo
15:53:16.599 [main] INFO  sudoku.model.SudokuBoard - Bład w kwadracie 0
sudoku.model.SudokuBoard@429e7914[
  size=9
  solver=sudoku.model.BacktrackingSudokuSolver@298263fa
  board={{1,8,6,2,9,3,4,5,7},{7,9,2,5,6,8,0,0,0},{0,0,0,0,0,0,0,0,0},{0,0,0,0,0,0,0,0,0},{0,0,0,0,0,0,0,0,0},{0,0,0,0,0,0,0,0,0},{0,0,0,0,0,0,0,0,0},{0,0,0,0,0,0,0,0,0},{0,0,0,0,0,0,0,0,0}}
]
15:53:16.599 [main] INFO  sudoku.model.SudokuBoard - Wartość 0 wstawiona nieprawidłowo
15:53:16.599 [main] INFO  sudoku.model.SudokuBoard - Bład w kwadracie 0
sudoku.model.SudokuBoard@429e7914[
  size=9
  solver=sudoku.model.BacktrackingSudokuSolver@298263fa
  board={{1,8,6,2,9,3,4,5,7},{7,9,2,5,6,0,0,0,0},{0,0,0,0,0,0,0,0,0},{0,0,0,0,0,0,0,0,0},{0,0,0,0,0,0,0,0,0},{0,0,0,0,0,0,0,0,0},{0,0,0,0,0,0,0,0,0},{0,0,0,0,0,0,0,0,0},{0,0,0,0,0,0,0,0,0}}
]
15:53:16.599 [main] INFO  sudoku.model.SudokuBoard - Wartość 0 wstawiona nieprawidłowo
15:53:16.599 [main] INFO  sudoku.model.SudokuBoard - Bład w kwadracie 0
sudoku.model.SudokuBoard@429e7914[
  size=9
  solver=sudoku.model.BacktrackingSudokuSolver@298263fa
  board={{1,8,6,2,9,3,4,5,7},{7,9,2,5,6,1,8,0,0},{0,0,0,0,0,0,0,0,0},{0,0,0,0,0,0,0,0,0},{0,0,0,0,0,0,0,0,0},{0,0,0,0,0,0,0,0,0},{0,0,0,0,0,0,0,0,0},{0,0,0,0,0,0,0,0,0},{0,0,0,0,0,0,0,0,0}}
]
15:53:16.599 [main] INFO  sudoku.model.SudokuBoard - Wartość 0 wstawiona nieprawidłowo
15:53:16.600 [main] INFO  sudoku.model.SudokuBoard - Bład w kwadracie 0
sudoku.model.SudokuBoard@429e7914[
  size=9
  solver=sudoku.model.BacktrackingSudokuSolver@298263fa
  board={{1,8,6,2,9,3,4,5,7},{7,9,2,5,6,1,0,0,0},{0,0,0,0,0,0,0,0,0},{0,0,0,0,0,0,0,0,0},{0,0,0,0,0,0,0,0,0},{0,0,0,0,0,0,0,0,0},{0,0,0,0,0,0,0,0,0},{0,0,0,0,0,0,0,0,0},{0,0,0,0,0,0,0,0,0}}
]
15:53:16.600 [main] INFO  sudoku.model.SudokuBoard - Wartość 0 wstawiona nieprawidłowo
15:53:16.600 [main] INFO  sudoku.model.SudokuBoard - Bład w kwadracie 0
sudoku.model.SudokuBoard@429e7914[
  size=9
  solver=sudoku.model.BacktrackingSudokuSolver@298263fa
  board={{1,8,6,2,9,3,4,5,7},{7,9,2,5,6,1,3,0,0},{0,0,0,0,0,0,0,0,0},{0,0,0,0,0,0,0,0,0},{0,0,0,0,0,0,0,0,0},{0,0,0,0,0,0,0,0,0},{0,0,0,0,0,0,0,0,0},{0,0,0,0,0,0,0,0,0},{0,0,0,0,0,0,0,0,0}}
]
15:53:16.600 [main] INFO  sudoku.model.SudokuBoard - Wartość 0 wstawiona nieprawidłowo
15:53:16.600 [main] INFO  sudoku.model.SudokuBoard - Bład w kwadracie 0
sudoku.model.SudokuBoard@429e7914[
  size=9
  solver=sudoku.model.BacktrackingSudokuSolver@298263fa
  board={{1,8,6,2,9,3,4,5,7},{7,9,2,5,6,1,0,0,0},{0,0,0,0,0,0,0,0,0},{0,0,0,0,0,0,0,0,0},{0,0,0,0,0,0,0,0,0},{0,0,0,0,0,0,0,0,0},{0,0,0,0,0,0,0,0,0},{0,0,0,0,0,0,0,0,0},{0,0,0,0,0,0,0,0,0}}
]
15:53:16.600 [main] INFO  sudoku.model.SudokuBoard - Wartość 0 wstawiona nieprawidłowo
15:53:16.600 [main] INFO  sudoku.model.SudokuBoard - Bład w kwadracie 0
sudoku.model.SudokuBoard@429e7914[
  size=9
  solver=sudoku.model.BacktrackingSudokuSolver@298263fa
  board={{1,8,6,2,9,3,4,5,7},{7,9,2,5,6,0,0,0,0},{0,0,0,0,0,0,0,0,0},{0,0,0,0,0,0,0,0,0},{0,0,0,0,0,0,0,0,0},{0,0,0,0,0,0,0,0,0},{0,0,0,0,0,0,0,0,0},{0,0,0,0,0,0,0,0,0},{0,0,0,0,0,0,0,0,0}}
]
15:53:16.600 [main] INFO  sudoku.model.SudokuBoard - Wartość 0 wstawiona nieprawidłowo
15:53:16.601 [main] INFO  sudoku.model.SudokuBoard - Bład w kwadracie 0
sudoku.model.SudokuBoard@429e7914[
  size=9
  solver=sudoku.model.BacktrackingSudokuSolver@298263fa
  board={{1,8,6,2,9,3,4,5,7},{7,9,2,5,6,4,3,8,1},{3,4,5,7,8,1,2,9,6},{4,1,7,6,2,5,8,3,9},{5,2,3,8,1,9,6,7,4},{8,6,9,3,4,7,1,2,5},{6,5,8,4,7,2,9,1,3},{2,7,4,1,5,0,0,0,0},{0,0,0,0,0,0,0,0,0}}
]
15:53:16.601 [main] INFO  sudoku.model.SudokuBoard - Wartość 0 wstawiona nieprawidłowo
15:53:16.601 [main] INFO  sudoku.model.SudokuBoard - Bład w kwadracie 0
sudoku.model.SudokuBoard@429e7914[
  size=9
  solver=sudoku.model.BacktrackingSudokuSolver@298263fa
  board={{1,8,6,2,9,3,4,5,7},{7,9,2,5,6,4,3,8,1},{3,4,5,7,8,1,2,9,6},{4,1,7,6,2,5,8,3,9},{5,2,3,8,1,9,6,7,4},{8,6,9,3,4,7,1,2,5},{6,5,8,4,7,2,9,1,3},{2,7,4,1,5,0,0,0,0},{0,0,0,0,0,0,0,0,0}}
]
15:53:16.601 [main] INFO  sudoku.model.SudokuBoard - Wartość 0 wstawiona nieprawidłowo
15:53:16.601 [main] INFO  sudoku.model.SudokuBoard - Bład w kwadracie 0
sudoku.model.SudokuBoard@429e7914[
  size=9
  solver=sudoku.model.BacktrackingSudokuSolver@298263fa
  board={{1,8,6,2,9,3,4,5,7},{7,9,2,5,6,4,3,8,1},{3,4,5,7,8,1,2,9,6},{4,1,7,6,2,5,8,3,9},{5,2,3,8,1,9,6,7,4},{8,6,9,3,4,7,1,2,5},{6,5,8,4,7,2,9,1,3},{2,7,4,1,0,0,0,0,0},{0,0,0,0,0,0,0,0,0}}
]
15:53:16.601 [main] INFO  sudoku.model.SudokuBoard - Wartość 0 wstawiona nieprawidłowo
15:53:16.602 [main] INFO  sudoku.model.SudokuBoard - Bład w kwadracie 0
sudoku.model.SudokuBoard@429e7914[
  size=9
  solver=sudoku.model.BacktrackingSudokuSolver@298263fa
  board={{1,8,6,2,9,3,4,5,7},{7,9,2,5,6,4,3,8,1},{3,4,5,7,8,1,2,9,6},{4,1,7,6,2,5,8,3,9},{5,2,3,8,1,9,6,7,4},{8,6,9,3,4,7,1,2,5},{6,5,8,4,7,2,9,1,3},{2,7,4,1,3,8,5,0,0},{0,0,0,0,0,0,0,0,0}}
]
15:53:16.602 [main] INFO  sudoku.model.SudokuBoard - Wartość 0 wstawiona nieprawidłowo
15:53:16.602 [main] INFO  sudoku.model.SudokuBoard - Bład w kwadracie 0
sudoku.model.SudokuBoard@429e7914[
  size=9
  solver=sudoku.model.BacktrackingSudokuSolver@298263fa
  board={{1,8,6,2,9,3,4,5,7},{7,9,2,5,6,4,3,8,1},{3,4,5,7,8,1,2,9,6},{4,1,7,6,2,5,8,3,9},{5,2,3,8,1,9,6,7,4},{8,6,9,3,4,7,1,2,5},{6,5,8,4,7,2,9,1,3},{2,7,4,1,3,8,0,0,0},{0,0,0,0,0,0,0,0,0}}
]
15:53:16.602 [main] INFO  sudoku.model.SudokuBoard - Wartość 0 wstawiona nieprawidłowo
15:53:16.603 [main] INFO  sudoku.model.SudokuBoard - Bład w kwadracie 0
sudoku.model.SudokuBoard@429e7914[
  size=9
  solver=sudoku.model.BacktrackingSudokuSolver@298263fa
  board={{1,8,6,2,9,3,4,5,7},{7,9,2,5,6,4,3,8,1},{3,4,5,7,8,1,2,9,6},{4,1,7,6,2,5,8,3,9},{5,2,3,8,1,9,6,7,4},{8,6,9,3,4,7,1,2,5},{6,5,8,4,7,2,9,1,3},{2,7,4,1,3,0,0,0,0},{0,0,0,0,0,0,0,0,0}}
]
15:53:16.603 [main] INFO  sudoku.model.SudokuBoard - Wartość 0 wstawiona nieprawidłowo
15:53:16.603 [main] INFO  sudoku.model.SudokuBoard - Bład w kwadracie 0
sudoku.model.SudokuBoard@429e7914[
  size=9
  solver=sudoku.model.BacktrackingSudokuSolver@298263fa
  board={{1,8,6,2,9,3,4,5,7},{7,9,2,5,6,4,3,8,1},{3,4,5,7,8,1,2,9,6},{4,1,7,6,2,5,8,3,9},{5,2,3,8,1,9,6,7,4},{8,6,9,3,4,7,1,2,5},{6,5,8,4,7,2,9,1,3},{2,7,4,1,3,6,0,0,0},{0,0,0,0,0,0,0,0,0}}
]
15:53:16.603 [main] INFO  sudoku.model.SudokuBoard - Wartość 0 wstawiona nieprawidłowo
15:53:16.603 [main] INFO  sudoku.model.SudokuBoard - Bład w kwadracie 0
sudoku.model.SudokuBoard@429e7914[
  size=9
  solver=sudoku.model.BacktrackingSudokuSolver@298263fa
  board={{1,8,6,2,9,3,4,5,7},{7,9,2,5,6,4,3,8,1},{3,4,5,7,8,1,2,9,6},{4,1,7,6,2,5,8,3,9},{5,2,3,8,1,9,6,7,4},{8,6,9,3,4,7,1,2,5},{6,5,8,4,7,2,9,1,3},{2,7,4,1,3,0,0,0,0},{0,0,0,0,0,0,0,0,0}}
]
15:53:16.603 [main] INFO  sudoku.model.SudokuBoard - Wartość 0 wstawiona nieprawidłowo
15:53:16.603 [main] INFO  sudoku.model.SudokuBoard - Bład w kwadracie 0
sudoku.model.SudokuBoard@429e7914[
  size=9
  solver=sudoku.model.BacktrackingSudokuSolver@298263fa
  board={{1,8,6,2,9,3,4,5,7},{7,9,2,5,6,4,3,8,1},{3,4,5,7,8,1,2,9,6},{4,1,7,6,2,5,8,3,9},{5,2,3,8,1,9,6,7,4},{8,6,9,3,4,7,1,2,5},{6,5,8,4,7,2,9,1,3},{2,7,4,1,0,0,0,0,0},{0,0,0,0,0,0,0,0,0}}
]
15:53:16.604 [main] INFO  sudoku.model.SudokuBoard - Wartość 0 wstawiona nieprawidłowo
15:53:16.604 [main] INFO  sudoku.model.SudokuBoard - Bład w kwadracie 0
sudoku.model.SudokuBoard@429e7914[
  size=9
  solver=sudoku.model.BacktrackingSudokuSolver@298263fa
  board={{1,8,6,2,9,3,4,5,7},{7,9,2,5,6,4,3,8,1},{3,4,5,7,8,1,2,9,6},{4,1,7,6,2,5,8,3,9},{5,2,3,8,1,9,6,7,4},{8,6,9,3,4,7,1,2,5},{6,5,8,4,7,2,9,1,3},{2,7,4,0,0,0,0,0,0},{0,0,0,0,0,0,0,0,0}}
]
15:53:16.604 [main] INFO  sudoku.model.SudokuBoard - Wartość 0 wstawiona nieprawidłowo
15:53:16.604 [main] INFO  sudoku.model.SudokuBoard - Bład w kwadracie 0
sudoku.model.SudokuBoard@429e7914[
  size=9
  solver=sudoku.model.BacktrackingSudokuSolver@298263fa
  board={{1,8,6,2,9,3,4,5,7},{7,9,2,5,6,4,3,8,1},{3,4,5,7,8,1,2,9,6},{4,1,7,6,2,5,8,3,9},{5,2,3,8,1,9,6,7,4},{8,6,9,3,4,7,1,2,5},{6,5,8,4,7,2,9,1,3},{2,7,4,9,5,0,0,0,0},{0,0,0,0,0,0,0,0,0}}
]
15:53:16.604 [main] INFO  sudoku.model.SudokuBoard - Wartość 0 wstawiona nieprawidłowo
15:53:16.605 [main] INFO  sudoku.model.SudokuBoard - Bład w kwadracie 0
sudoku.model.SudokuBoard@429e7914[
  size=9
  solver=sudoku.model.BacktrackingSudokuSolver@298263fa
  board={{1,8,6,2,9,3,4,5,7},{7,9,2,5,6,4,3,8,1},{3,4,5,7,8,1,2,9,6},{4,1,7,6,2,5,8,3,9},{5,2,3,8,1,9,6,7,4},{8,6,9,3,4,7,1,2,5},{6,5,8,4,7,2,9,1,3},{2,7,4,9,5,0,0,0,0},{0,0,0,0,0,0,0,0,0}}
]
15:53:16.605 [main] INFO  sudoku.model.SudokuBoard - Wartość 0 wstawiona nieprawidłowo
15:53:16.606 [main] INFO  sudoku.model.SudokuBoard - Bład w kwadracie 0
sudoku.model.SudokuBoard@429e7914[
  size=9
  solver=sudoku.model.BacktrackingSudokuSolver@298263fa
  board={{1,8,6,2,9,3,4,5,7},{7,9,2,5,6,4,3,8,1},{3,4,5,7,8,1,2,9,6},{4,1,7,6,2,5,8,3,9},{5,2,3,8,1,9,6,7,4},{8,6,9,3,4,7,1,2,5},{6,5,8,4,7,2,9,1,3},{2,7,4,9,0,0,0,0,0},{0,0,0,0,0,0,0,0,0}}
]
15:53:16.606 [main] INFO  sudoku.model.SudokuBoard - Wartość 0 wstawiona nieprawidłowo
15:53:16.606 [main] INFO  sudoku.model.SudokuBoard - Bład w kwadracie 0
sudoku.model.SudokuBoard@429e7914[
  size=9
  solver=sudoku.model.BacktrackingSudokuSolver@298263fa
  board={{1,8,6,2,9,3,4,5,7},{7,9,2,5,6,4,3,8,1},{3,4,5,7,8,1,2,9,6},{4,1,7,6,2,5,8,3,9},{5,2,3,8,1,9,6,7,4},{8,6,9,3,4,7,1,2,5},{6,5,8,4,7,2,9,1,3},{2,7,4,9,3,6,0,0,0},{0,0,0,0,0,0,0,0,0}}
]
15:53:16.606 [main] INFO  sudoku.model.SudokuBoard - Wartość 0 wstawiona nieprawidłowo
15:53:16.607 [main] INFO  sudoku.model.SudokuBoard - Bład w kwadracie 0
sudoku.model.SudokuBoard@429e7914[
  size=9
  solver=sudoku.model.BacktrackingSudokuSolver@298263fa
  board={{1,8,6,2,9,3,4,5,7},{7,9,2,5,6,4,3,8,1},{3,4,5,7,8,1,2,9,6},{4,1,7,6,2,5,8,3,9},{5,2,3,8,1,9,6,7,4},{8,6,9,3,4,7,1,2,5},{6,5,8,4,7,2,9,1,3},{2,7,4,9,3,0,0,0,0},{0,0,0,0,0,0,0,0,0}}
]
15:53:16.607 [main] INFO  sudoku.model.SudokuBoard - Wartość 0 wstawiona nieprawidłowo
15:53:16.607 [main] INFO  sudoku.model.SudokuBoard - Bład w kwadracie 0
sudoku.model.SudokuBoard@429e7914[
  size=9
  solver=sudoku.model.BacktrackingSudokuSolver@298263fa
  board={{1,8,6,2,9,3,4,5,7},{7,9,2,5,6,4,3,8,1},{3,4,5,7,8,1,2,9,6},{4,1,7,6,2,5,8,3,9},{5,2,3,8,1,9,6,7,4},{8,6,9,3,4,7,1,2,5},{6,5,8,4,7,2,9,1,3},{2,7,4,9,3,8,5,0,0},{0,0,0,0,0,0,0,0,0}}
]
15:53:16.607 [main] INFO  sudoku.model.SudokuBoard - Wartość 0 wstawiona nieprawidłowo
15:53:16.607 [main] INFO  sudoku.model.SudokuBoard - Bład w kwadracie 0
sudoku.model.SudokuBoard@429e7914[
  size=9
  solver=sudoku.model.BacktrackingSudokuSolver@298263fa
  board={{1,8,6,2,9,3,4,5,7},{7,9,2,5,6,4,3,8,1},{3,4,5,7,8,1,2,9,6},{4,1,7,6,2,5,8,3,9},{5,2,3,8,1,9,6,7,4},{8,6,9,3,4,7,1,2,5},{6,5,8,4,7,2,9,1,3},{2,7,4,9,3,8,0,0,0},{0,0,0,0,0,0,0,0,0}}
]
15:53:16.607 [main] INFO  sudoku.model.SudokuBoard - Wartość 0 wstawiona nieprawidłowo
15:53:16.608 [main] INFO  sudoku.model.SudokuBoard - Bład w kwadracie 0
sudoku.model.SudokuBoard@429e7914[
  size=9
  solver=sudoku.model.BacktrackingSudokuSolver@298263fa
  board={{1,8,6,2,9,3,4,5,7},{7,9,2,5,6,4,3,8,1},{3,4,5,7,8,1,2,9,6},{4,1,7,6,2,5,8,3,9},{5,2,3,8,1,9,6,7,4},{8,6,9,3,4,7,1,2,5},{6,5,8,4,7,2,9,1,3},{2,7,4,9,3,0,0,0,0},{0,0,0,0,0,0,0,0,0}}
]
15:53:16.608 [main] INFO  sudoku.model.SudokuBoard - Wartość 0 wstawiona nieprawidłowo
15:53:16.608 [main] INFO  sudoku.model.SudokuBoard - Bład w kwadracie 0
sudoku.model.SudokuBoard@429e7914[
  size=9
  solver=sudoku.model.BacktrackingSudokuSolver@298263fa
  board={{1,8,6,2,9,3,4,5,7},{7,9,2,5,6,4,3,8,1},{3,4,5,7,8,1,2,9,6},{4,1,7,6,2,5,8,3,9},{5,2,3,8,1,9,6,7,4},{8,6,9,3,4,7,1,2,5},{6,5,8,4,7,2,9,1,3},{2,7,4,9,0,0,0,0,0},{0,0,0,0,0,0,0,0,0}}
]
15:53:16.608 [main] INFO  sudoku.model.SudokuBoard - Wartość 0 wstawiona nieprawidłowo
15:53:16.608 [main] INFO  sudoku.model.SudokuBoard - Bład w kwadracie 0
sudoku.model.SudokuBoard@429e7914[
  size=9
  solver=sudoku.model.BacktrackingSudokuSolver@298263fa
  board={{1,8,6,2,9,3,4,5,7},{7,9,2,5,6,4,3,8,1},{3,4,5,7,8,1,2,9,6},{4,1,7,6,2,5,8,3,9},{5,2,3,8,1,9,6,7,4},{8,6,9,3,4,7,1,2,5},{6,5,8,4,7,2,9,1,3},{2,7,4,0,0,0,0,0,0},{0,0,0,0,0,0,0,0,0}}
]
15:53:16.608 [main] INFO  sudoku.model.SudokuBoard - Wartość 0 wstawiona nieprawidłowo
15:53:16.608 [main] INFO  sudoku.model.SudokuBoard - Bład w kwadracie 0
sudoku.model.SudokuBoard@429e7914[
  size=9
  solver=sudoku.model.BacktrackingSudokuSolver@298263fa
  board={{1,8,6,2,9,3,4,5,7},{7,9,2,5,6,4,3,8,1},{3,4,5,7,8,1,2,9,6},{4,1,7,6,2,5,8,3,9},{5,2,3,8,1,9,6,7,4},{8,6,9,3,4,7,1,2,5},{6,5,8,4,7,2,9,1,3},{2,7,0,0,0,0,0,0,0},{0,0,0,0,0,0,0,0,0}}
]
15:53:16.609 [main] INFO  sudoku.model.SudokuBoard - Wartość 0 wstawiona nieprawidłowo
15:53:16.609 [main] INFO  sudoku.model.SudokuBoard - Bład w kwadracie 0
sudoku.model.SudokuBoard@429e7914[
  size=9
  solver=sudoku.model.BacktrackingSudokuSolver@298263fa
  board={{1,8,6,2,9,3,4,5,7},{7,9,2,5,6,4,3,8,1},{3,4,5,7,8,1,2,9,6},{4,1,7,6,2,5,8,3,9},{5,2,3,8,1,9,6,7,4},{8,6,9,3,4,7,1,2,5},{6,5,8,4,7,2,9,1,3},{2,7,1,9,5,0,0,0,0},{0,0,0,0,0,0,0,0,0}}
]
15:53:16.609 [main] INFO  sudoku.model.SudokuBoard - Wartość 0 wstawiona nieprawidłowo
15:53:16.609 [main] INFO  sudoku.model.SudokuBoard - Bład w kwadracie 0
sudoku.model.SudokuBoard@429e7914[
  size=9
  solver=sudoku.model.BacktrackingSudokuSolver@298263fa
  board={{1,8,6,2,9,3,4,5,7},{7,9,2,5,6,4,3,8,1},{3,4,5,7,8,1,2,9,6},{4,1,7,6,2,5,8,3,9},{5,2,3,8,1,9,6,7,4},{8,6,9,3,4,7,1,2,5},{6,5,8,4,7,2,9,1,3},{2,7,1,9,5,0,0,0,0},{0,0,0,0,0,0,0,0,0}}
]
15:53:16.609 [main] INFO  sudoku.model.SudokuBoard - Wartość 0 wstawiona nieprawidłowo
15:53:16.609 [main] INFO  sudoku.model.SudokuBoard - Bład w kwadracie 0
sudoku.model.SudokuBoard@429e7914[
  size=9
  solver=sudoku.model.BacktrackingSudokuSolver@298263fa
  board={{1,8,6,2,9,3,4,5,7},{7,9,2,5,6,4,3,8,1},{3,4,5,7,8,1,2,9,6},{4,1,7,6,2,5,8,3,9},{5,2,3,8,1,9,6,7,4},{8,6,9,3,4,7,1,2,5},{6,5,8,4,7,2,9,1,3},{2,7,1,9,0,0,0,0,0},{0,0,0,0,0,0,0,0,0}}
]
15:53:16.610 [main] INFO  sudoku.model.SudokuBoard - Wartość 0 wstawiona nieprawidłowo
15:53:16.611 [main] INFO  sudoku.model.SudokuBoard - Bład w kwadracie 0
sudoku.model.SudokuBoard@14590fe2[
  size=9
  solver=sudoku.model.BacktrackingSudokuSolver@298263fa
  board={{2,1,6,4,5,7,3,8,9},{7,8,4,3,9,6,1,2,5},{3,5,9,8,1,2,4,6,7},{9,4,1,2,3,5,0,0,0},{0,0,0,0,0,0,0,0,0},{0,0,0,0,0,0,0,0,0},{0,0,0,0,0,0,0,0,0},{0,0,0,0,0,0,0,0,0},{0,0,0,0,0,0,0,0,0}}
]
15:53:16.611 [main] INFO  sudoku.model.SudokuBoard - Wartość 0 wstawiona nieprawidłowo
15:53:16.611 [main] INFO  sudoku.model.SudokuBoard - Bład w kwadracie 0
sudoku.model.SudokuBoard@14590fe2[
  size=9
  solver=sudoku.model.BacktrackingSudokuSolver@298263fa
  board={{2,1,6,4,5,7,3,8,9},{7,8,4,3,9,6,1,2,5},{3,5,9,8,1,2,4,6,7},{9,4,1,2,3,5,8,7,6},{8,2,3,6,7,4,9,0,0},{0,0,0,0,0,0,0,0,0},{0,0,0,0,0,0,0,0,0},{0,0,0,0,0,0,0,0,0},{0,0,0,0,0,0,0,0,0}}
]
15:53:16.611 [main] INFO  sudoku.model.SudokuBoard - Wartość 0 wstawiona nieprawidłowo
15:53:16.611 [main] INFO  sudoku.model.SudokuBoard - Bład w kwadracie 0
sudoku.model.SudokuBoard@14590fe2[
  size=9
  solver=sudoku.model.BacktrackingSudokuSolver@298263fa
  board={{2,1,6,4,5,7,3,8,9},{7,8,4,3,9,6,1,2,5},{3,5,9,8,1,2,4,6,7},{9,4,1,2,3,5,8,7,6},{8,2,3,6,7,4,9,5,1},{5,6,7,9,8,1,2,3,4},{4,7,2,5,6,0,0,0,0},{0,0,0,0,0,0,0,0,0},{0,0,0,0,0,0,0,0,0}}
]
15:53:16.611 [main] INFO  sudoku.model.SudokuBoard - Wartość 0 wstawiona nieprawidłowo
15:53:16.612 [main] INFO  sudoku.model.SudokuBoard - Bład w kwadracie 0
sudoku.model.SudokuBoard@14590fe2[
  size=9
  solver=sudoku.model.BacktrackingSudokuSolver@298263fa
  board={{2,1,6,4,5,7,3,8,9},{7,8,4,3,9,6,1,2,5},{3,5,9,8,1,2,4,6,7},{9,4,1,2,3,5,8,7,6},{8,2,3,6,7,4,9,5,1},{5,6,7,9,8,1,2,3,4},{4,7,2,5,6,0,0,0,0},{0,0,0,0,0,0,0,0,0},{0,0,0,0,0,0,0,0,0}}
]
15:53:16.612 [main] INFO  sudoku.model.SudokuBoard - Wartość 0 wstawiona nieprawidłowo
15:53:16.612 [main] INFO  sudoku.model.SudokuBoard - Bład w kwadracie 0
sudoku.model.SudokuBoard@14590fe2[
  size=9
  solver=sudoku.model.BacktrackingSudokuSolver@298263fa
  board={{2,1,6,4,5,7,3,8,9},{7,8,4,3,9,6,1,2,5},{3,5,9,8,1,2,4,6,7},{9,4,1,2,3,5,8,7,6},{8,2,3,6,7,4,9,5,1},{5,6,7,9,8,1,2,3,4},{4,7,2,5,6,0,0,0,0},{0,0,0,0,0,0,0,0,0},{0,0,0,0,0,0,0,0,0}}
]
15:53:16.612 [main] INFO  sudoku.model.SudokuBoard - Wartość 0 wstawiona nieprawidłowo
15:53:16.612 [main] INFO  sudoku.model.SudokuBoard - Bład w kwadracie 0
sudoku.model.SudokuBoard@14590fe2[
  size=9
  solver=sudoku.model.BacktrackingSudokuSolver@298263fa
  board={{2,1,6,4,5,7,3,8,9},{7,8,4,3,9,6,1,2,5},{3,5,9,8,1,2,4,6,7},{9,4,1,2,3,5,8,7,6},{8,2,3,6,7,4,9,5,1},{5,6,7,9,8,1,2,3,4},{4,7,2,5,0,0,0,0,0},{0,0,0,0,0,0,0,0,0},{0,0,0,0,0,0,0,0,0}}
]
15:53:16.612 [main] INFO  sudoku.model.SudokuBoard - Wartość 0 wstawiona nieprawidłowo
15:53:16.612 [main] INFO  sudoku.model.SudokuBoard - Bład w kwadracie 0
sudoku.model.SudokuBoard@14590fe2[
  size=9
  solver=sudoku.model.BacktrackingSudokuSolver@298263fa
  board={{2,1,6,4,5,7,3,8,9},{7,8,4,3,9,6,1,2,5},{3,5,9,8,1,2,4,6,7},{9,4,1,2,3,5,8,7,6},{8,2,3,6,7,4,9,5,1},{5,6,7,9,8,1,2,3,4},{4,7,2,0,0,0,0,0,0},{0,0,0,0,0,0,0,0,0},{0,0,0,0,0,0,0,0,0}}
]
15:53:16.612 [main] INFO  sudoku.model.SudokuBoard - Wartość 0 wstawiona nieprawidłowo
15:53:16.613 [main] INFO  sudoku.model.SudokuBoard - Bład w kwadracie 0
sudoku.model.SudokuBoard@14590fe2[
  size=9
  solver=sudoku.model.BacktrackingSudokuSolver@298263fa
  board={{2,1,6,4,5,7,3,8,9},{7,8,4,3,9,6,1,2,5},{3,5,9,8,1,2,4,6,7},{9,4,1,2,3,5,8,7,6},{8,2,3,6,7,4,9,5,1},{5,6,7,9,8,1,2,3,4},{4,7,2,1,6,9,0,0,0},{0,0,0,0,0,0,0,0,0},{0,0,0,0,0,0,0,0,0}}
]
15:53:16.613 [main] INFO  sudoku.model.SudokuBoard - Wartość 0 wstawiona nieprawidłowo
15:53:16.613 [main] INFO  sudoku.model.SudokuBoard - Bład w kwadracie 0
sudoku.model.SudokuBoard@14590fe2[
  size=9
  solver=sudoku.model.BacktrackingSudokuSolver@298263fa
  board={{2,1,6,4,5,7,3,8,9},{7,8,4,3,9,6,1,2,5},{3,5,9,8,1,2,4,6,7},{9,4,1,2,3,5,8,7,6},{8,2,3,6,7,4,9,5,1},{5,6,7,9,8,1,2,3,4},{4,7,2,1,6,0,0,0,0},{0,0,0,0,0,0,0,0,0},{0,0,0,0,0,0,0,0,0}}
]
15:53:16.613 [main] INFO  sudoku.model.SudokuBoard - Wartość 0 wstawiona nieprawidłowo
15:53:16.613 [main] INFO  sudoku.model.SudokuBoard - Bład w kwadracie 0
sudoku.model.SudokuBoard@14590fe2[
  size=9
  solver=sudoku.model.BacktrackingSudokuSolver@298263fa
  board={{2,1,6,4,5,7,3,8,9},{7,8,4,3,9,6,1,2,5},{3,5,9,8,1,2,4,6,7},{9,4,1,2,3,5,8,7,6},{8,2,3,6,7,4,9,5,1},{5,6,7,9,8,1,2,3,4},{4,7,2,1,6,3,5,9,8},{1,9,5,7,4,8,0,0,0},{0,0,0,0,0,0,0,0,0}}
]
15:53:16.614 [main] INFO  sudoku.model.SudokuBoard - Wartość 0 wstawiona nieprawidłowo
15:53:16.614 [main] INFO  sudoku.model.SudokuBoard - Bład w kwadracie 0
sudoku.model.SudokuBoard@14590fe2[
  size=9
  solver=sudoku.model.BacktrackingSudokuSolver@298263fa
  board={{2,1,6,4,5,7,3,8,9},{7,8,4,3,9,6,1,2,5},{3,5,9,8,1,2,4,6,7},{9,4,1,2,3,5,8,7,6},{8,2,3,6,7,4,9,5,1},{5,6,7,9,8,1,2,3,4},{4,7,2,1,6,3,5,9,8},{1,9,5,7,4,0,0,0,0},{0,0,0,0,0,0,0,0,0}}
]
15:53:16.614 [main] INFO  sudoku.model.SudokuBoard - Wartość 0 wstawiona nieprawidłowo
15:53:16.614 [main] INFO  sudoku.model.SudokuBoard - Bład w kwadracie 0
sudoku.model.SudokuBoard@14590fe2[
  size=9
  solver=sudoku.model.BacktrackingSudokuSolver@298263fa
  board={{2,1,6,4,5,7,3,8,9},{7,8,4,3,9,6,1,2,5},{3,5,9,8,1,2,4,6,7},{9,4,1,2,3,5,8,7,6},{8,2,3,6,7,4,9,5,1},{5,6,7,9,8,1,2,3,4},{4,7,2,1,6,3,5,9,8},{1,9,5,7,0,0,0,0,0},{0,0,0,0,0,0,0,0,0}}
]
15:53:16.614 [main] INFO  sudoku.model.SudokuBoard - Wartość 0 wstawiona nieprawidłowo
Tablice maja inny uklad liczb]]></system-out>
  </testcase>
  <testcase name="checkFillBoardTest" classname="sudoku.model.SudokuBoardTest" time="0.003">
    <system-out><![CDATA[15:53:16.620 [main] INFO  sudoku.model.SudokuBoard - Bład w kwadracie 0
sudoku.model.SudokuBoard@41be8db9[
  size=9
  solver=sudoku.model.BacktrackingSudokuSolver@2c2a7d53
  board={{4,5,1,8,2,3,6,7,9},{6,3,7,9,1,4,8,2,5},{8,9,2,5,6,7,1,3,4},{1,8,9,2,4,5,7,6,3},{5,6,3,7,8,9,4,1,2},{7,2,4,6,3,1,5,0,0},{0,0,0,0,0,0,0,0,0},{0,0,0,0,0,0,0,0,0},{0,0,0,0,0,0,0,0,0}}
]
15:53:16.620 [main] INFO  sudoku.model.SudokuBoard - Wartość 0 wstawiona nieprawidłowo
15:53:16.620 [main] INFO  sudoku.model.SudokuBoard - Bład w kwadracie 0
sudoku.model.SudokuBoard@41be8db9[
  size=9
  solver=sudoku.model.BacktrackingSudokuSolver@2c2a7d53
  board={{4,5,1,8,2,3,6,7,9},{6,3,7,9,1,4,8,2,5},{8,9,2,5,6,7,1,3,4},{1,8,9,2,4,5,7,6,3},{5,6,3,7,8,9,4,1,2},{7,2,4,6,3,1,5,9,8},{9,4,5,1,7,2,3,8,6},{2,7,6,3,9,0,0,0,0},{0,0,0,0,0,0,0,0,0}}
]
15:53:16.620 [main] INFO  sudoku.model.SudokuBoard - Wartość 0 wstawiona nieprawidłowo
15:53:16.620 [main] INFO  sudoku.model.SudokuBoard - Bład w kwadracie 0
sudoku.model.SudokuBoard@41be8db9[
  size=9
  solver=sudoku.model.BacktrackingSudokuSolver@2c2a7d53
  board={{4,5,1,8,2,3,6,7,9},{6,3,7,9,1,4,8,2,5},{8,9,2,5,6,7,1,3,4},{1,8,9,2,4,5,7,6,3},{5,6,3,7,8,9,4,1,2},{7,2,4,6,3,1,5,9,8},{9,4,5,1,7,2,3,8,6},{2,7,6,3,0,0,0,0,0},{0,0,0,0,0,0,0,0,0}}
]
15:53:16.620 [main] INFO  sudoku.model.SudokuBoard - Wartość 0 wstawiona nieprawidłowo
Nie wykryto bledu]]></system-out>
  </testcase>
  <testcase name="checkBoardTestBoxFalse" classname="sudoku.model.SudokuBoardTest" time="0.009">
    <system-out><![CDATA[15:53:16.623 [main] INFO  sudoku.model.SudokuBoard - Bład w kwadracie 0
sudoku.model.SudokuBoard@5a82bc58[
  size=9
  solver=sudoku.model.BacktrackingSudokuSolver@4aab7195
  board={{7,3,1,8,4,9,5,6,2},{6,2,8,1,3,5,9,4,7},{9,4,5,2,7,6,8,1,3},{1,6,3,4,8,7,2,5,9},{8,7,9,5,1,2,0,0,0},{0,0,0,0,0,0,0,0,0},{0,0,0,0,0,0,0,0,0},{0,0,0,0,0,0,0,0,0},{0,0,0,0,0,0,0,0,0}}
]
15:53:16.624 [main] INFO  sudoku.model.SudokuBoard - Wartość 0 wstawiona nieprawidłowo
15:53:16.624 [main] INFO  sudoku.model.SudokuBoard - Bład w kwadracie 0
sudoku.model.SudokuBoard@5a82bc58[
  size=9
  solver=sudoku.model.BacktrackingSudokuSolver@4aab7195
  board={{7,3,1,8,4,9,5,6,2},{6,2,8,1,3,5,9,4,7},{9,4,5,2,7,6,8,1,3},{1,6,3,4,8,7,2,5,9},{8,7,9,5,1,2,4,3,6},{4,5,2,9,6,3,7,8,1},{2,8,6,3,5,4,1,0,0},{0,0,0,0,0,0,0,0,0},{0,0,0,0,0,0,0,0,0}}
]
15:53:16.624 [main] INFO  sudoku.model.SudokuBoard - Wartość 0 wstawiona nieprawidłowo
15:53:16.624 [main] INFO  sudoku.model.SudokuBoard - Bład w kwadracie 0
sudoku.model.SudokuBoard@5a82bc58[
  size=9
  solver=sudoku.model.BacktrackingSudokuSolver@4aab7195
  board={{7,3,1,8,4,9,5,6,2},{6,2,8,1,3,5,9,4,7},{9,4,5,2,7,6,8,1,3},{1,6,3,4,8,7,2,5,9},{8,7,9,5,1,2,4,3,6},{4,5,2,9,6,3,7,8,1},{2,8,6,3,5,4,1,0,0},{0,0,0,0,0,0,0,0,0},{0,0,0,0,0,0,0,0,0}}
]
15:53:16.624 [main] INFO  sudoku.model.SudokuBoard - Wartość 0 wstawiona nieprawidłowo
15:53:16.624 [main] INFO  sudoku.model.SudokuBoard - Bład w kwadracie 0
sudoku.model.SudokuBoard@5a82bc58[
  size=9
  solver=sudoku.model.BacktrackingSudokuSolver@4aab7195
  board={{7,3,1,8,4,9,5,6,2},{6,2,8,1,3,5,9,4,7},{9,4,5,2,7,6,8,1,3},{1,6,3,4,8,7,2,5,9},{8,7,9,5,1,2,4,3,6},{4,5,2,9,6,3,7,8,1},{2,8,6,3,5,4,0,0,0},{0,0,0,0,0,0,0,0,0},{0,0,0,0,0,0,0,0,0}}
]
15:53:16.624 [main] INFO  sudoku.model.SudokuBoard - Wartość 0 wstawiona nieprawidłowo
15:53:16.624 [main] INFO  sudoku.model.SudokuBoard - Bład w kwadracie 0
sudoku.model.SudokuBoard@5a82bc58[
  size=9
  solver=sudoku.model.BacktrackingSudokuSolver@4aab7195
  board={{7,3,1,8,4,9,5,6,2},{6,2,8,1,3,5,9,4,7},{9,4,5,2,7,6,8,1,3},{1,6,3,4,8,7,2,5,9},{8,7,9,5,1,2,4,3,6},{4,5,2,9,6,3,7,8,1},{2,8,6,3,5,0,0,0,0},{0,0,0,0,0,0,0,0,0},{0,0,0,0,0,0,0,0,0}}
]
15:53:16.624 [main] INFO  sudoku.model.SudokuBoard - Wartość 0 wstawiona nieprawidłowo
15:53:16.625 [main] INFO  sudoku.model.SudokuBoard - Bład w kwadracie 0
sudoku.model.SudokuBoard@5a82bc58[
  size=9
  solver=sudoku.model.BacktrackingSudokuSolver@4aab7195
  board={{7,3,1,8,4,9,5,6,2},{6,2,8,1,3,5,9,4,7},{9,4,5,2,7,6,8,1,3},{1,6,3,4,8,7,2,5,9},{8,7,9,5,1,2,4,3,6},{4,5,2,9,6,3,7,8,1},{2,8,6,3,5,0,0,0,0},{0,0,0,0,0,0,0,0,0},{0,0,0,0,0,0,0,0,0}}
]
15:53:16.625 [main] INFO  sudoku.model.SudokuBoard - Wartość 0 wstawiona nieprawidłowo
15:53:16.625 [main] INFO  sudoku.model.SudokuBoard - Bład w kwadracie 0
sudoku.model.SudokuBoard@5a82bc58[
  size=9
  solver=sudoku.model.BacktrackingSudokuSolver@4aab7195
  board={{7,3,1,8,4,9,5,6,2},{6,2,8,1,3,5,9,4,7},{9,4,5,2,7,6,8,1,3},{1,6,3,4,8,7,2,5,9},{8,7,9,5,1,2,4,3,6},{4,5,2,9,6,3,7,8,1},{2,8,6,3,0,0,0,0,0},{0,0,0,0,0,0,0,0,0},{0,0,0,0,0,0,0,0,0}}
]
15:53:16.625 [main] INFO  sudoku.model.SudokuBoard - Wartość 0 wstawiona nieprawidłowo
15:53:16.625 [main] INFO  sudoku.model.SudokuBoard - Bład w kwadracie 0
sudoku.model.SudokuBoard@5a82bc58[
  size=9
  solver=sudoku.model.BacktrackingSudokuSolver@4aab7195
  board={{7,3,1,8,4,9,5,6,2},{6,2,8,1,3,5,9,4,7},{9,4,5,2,7,6,8,1,3},{1,6,3,4,8,7,2,5,9},{8,7,9,5,1,2,4,3,6},{4,5,2,9,6,3,7,8,1},{2,8,6,3,9,0,0,0,0},{0,0,0,0,0,0,0,0,0},{0,0,0,0,0,0,0,0,0}}
]
15:53:16.625 [main] INFO  sudoku.model.SudokuBoard - Wartość 0 wstawiona nieprawidłowo
15:53:16.625 [main] INFO  sudoku.model.SudokuBoard - Bład w kwadracie 0
sudoku.model.SudokuBoard@5a82bc58[
  size=9
  solver=sudoku.model.BacktrackingSudokuSolver@4aab7195
  board={{7,3,1,8,4,9,5,6,2},{6,2,8,1,3,5,9,4,7},{9,4,5,2,7,6,8,1,3},{1,6,3,4,8,7,2,5,9},{8,7,9,5,1,2,4,3,6},{4,5,2,9,6,3,7,8,1},{2,8,6,3,9,4,1,7,5},{3,9,7,6,2,0,0,0,0},{0,0,0,0,0,0,0,0,0}}
]
15:53:16.625 [main] INFO  sudoku.model.SudokuBoard - Wartość 0 wstawiona nieprawidłowo
15:53:16.625 [main] INFO  sudoku.model.SudokuBoard - Bład w kwadracie 0
sudoku.model.SudokuBoard@5a82bc58[
  size=9
  solver=sudoku.model.BacktrackingSudokuSolver@4aab7195
  board={{7,3,1,8,4,9,5,6,2},{6,2,8,1,3,5,9,4,7},{9,4,5,2,7,6,8,1,3},{1,6,3,4,8,7,2,5,9},{8,7,9,5,1,2,4,3,6},{4,5,2,9,6,3,7,8,1},{2,8,6,3,9,4,1,7,5},{3,9,7,6,2,0,0,0,0},{0,0,0,0,0,0,0,0,0}}
]
15:53:16.626 [main] INFO  sudoku.model.SudokuBoard - Wartość 0 wstawiona nieprawidłowo
15:53:16.626 [main] INFO  sudoku.model.SudokuBoard - Bład w kwadracie 0
sudoku.model.SudokuBoard@5a82bc58[
  size=9
  solver=sudoku.model.BacktrackingSudokuSolver@4aab7195
  board={{7,3,1,8,4,9,5,6,2},{6,2,8,1,3,5,9,4,7},{9,4,5,2,7,6,8,1,3},{1,6,3,4,8,7,2,5,9},{8,7,9,5,1,2,4,3,6},{4,5,2,9,6,3,7,8,1},{2,8,6,3,9,4,1,7,5},{3,9,7,6,0,0,0,0,0},{0,0,0,0,0,0,0,0,0}}
]
15:53:16.626 [main] INFO  sudoku.model.SudokuBoard - Wartość 0 wstawiona nieprawidłowo
15:53:16.626 [main] INFO  sudoku.model.SudokuBoard - Bład w kwadracie 0
sudoku.model.SudokuBoard@5a82bc58[
  size=9
  solver=sudoku.model.BacktrackingSudokuSolver@4aab7195
  board={{7,3,1,8,4,9,5,6,2},{6,2,8,1,3,5,9,4,7},{9,4,5,2,7,6,8,1,3},{1,6,3,4,8,7,2,5,9},{8,7,9,5,1,2,4,3,6},{4,5,2,9,6,3,7,8,1},{2,8,6,3,9,4,1,7,5},{3,9,7,6,5,0,0,0,0},{0,0,0,0,0,0,0,0,0}}
]
15:53:16.626 [main] INFO  sudoku.model.SudokuBoard - Wartość 0 wstawiona nieprawidłowo
15:53:16.626 [main] INFO  sudoku.model.SudokuBoard - Bład w kwadracie 0
sudoku.model.SudokuBoard@5a82bc58[
  size=9
  solver=sudoku.model.BacktrackingSudokuSolver@4aab7195
  board={{7,3,1,8,4,9,5,6,2},{6,2,8,1,3,5,9,4,7},{9,4,5,2,7,6,8,1,3},{1,6,3,4,8,7,2,5,9},{8,7,9,5,1,2,4,3,6},{4,5,2,9,6,3,7,8,1},{2,8,6,3,9,4,1,7,5},{3,9,7,6,5,0,0,0,0},{0,0,0,0,0,0,0,0,0}}
]
15:53:16.626 [main] INFO  sudoku.model.SudokuBoard - Wartość 0 wstawiona nieprawidłowo
15:53:16.626 [main] INFO  sudoku.model.SudokuBoard - Bład w kwadracie 0
sudoku.model.SudokuBoard@5a82bc58[
  size=9
  solver=sudoku.model.BacktrackingSudokuSolver@4aab7195
  board={{7,3,1,8,4,9,5,6,2},{6,2,8,1,3,5,9,4,7},{9,4,5,2,7,6,8,1,3},{1,6,3,4,8,7,2,5,9},{8,7,9,5,1,2,4,3,6},{4,5,2,9,6,3,7,8,1},{2,8,6,3,9,4,1,7,5},{3,9,7,6,0,0,0,0,0},{0,0,0,0,0,0,0,0,0}}
]
15:53:16.626 [main] INFO  sudoku.model.SudokuBoard - Wartość 0 wstawiona nieprawidłowo
15:53:16.626 [main] INFO  sudoku.model.SudokuBoard - Bład w kwadracie 0
sudoku.model.SudokuBoard@5a82bc58[
  size=9
  solver=sudoku.model.BacktrackingSudokuSolver@4aab7195
  board={{7,3,1,8,4,9,5,6,2},{6,2,8,1,3,5,9,4,7},{9,4,5,2,7,6,8,1,3},{1,6,3,4,8,7,2,5,9},{8,7,9,5,1,2,4,3,6},{4,5,2,9,6,3,7,8,1},{2,8,6,3,9,4,1,7,5},{3,9,7,0,0,0,0,0,0},{0,0,0,0,0,0,0,0,0}}
]
15:53:16.626 [main] INFO  sudoku.model.SudokuBoard - Wartość 0 wstawiona nieprawidłowo
15:53:16.627 [main] INFO  sudoku.model.SudokuBoard - Bład w kwadracie 0
sudoku.model.SudokuBoard@5a82bc58[
  size=9
  solver=sudoku.model.BacktrackingSudokuSolver@4aab7195
  board={{7,3,1,8,4,9,5,6,2},{6,2,8,1,3,5,9,4,7},{9,4,5,2,7,6,8,1,3},{1,6,3,4,8,7,2,5,9},{8,7,9,5,1,2,4,3,6},{4,5,2,9,6,3,7,8,1},{2,8,6,3,9,4,1,7,5},{3,9,0,0,0,0,0,0,0},{0,0,0,0,0,0,0,0,0}}
]
15:53:16.627 [main] INFO  sudoku.model.SudokuBoard - Wartość 0 wstawiona nieprawidłowo
15:53:16.627 [main] INFO  sudoku.model.SudokuBoard - Bład w kwadracie 0
sudoku.model.SudokuBoard@5a82bc58[
  size=9
  solver=sudoku.model.BacktrackingSudokuSolver@4aab7195
  board={{7,3,1,8,4,9,5,6,2},{6,2,8,1,3,5,9,4,7},{9,4,5,2,7,6,8,1,3},{1,6,3,4,8,7,2,5,9},{8,7,9,5,1,2,4,3,6},{4,5,2,9,6,3,7,8,1},{2,8,6,3,9,4,1,7,5},{3,9,4,6,2,0,0,0,0},{0,0,0,0,0,0,0,0,0}}
]
15:53:16.627 [main] INFO  sudoku.model.SudokuBoard - Wartość 0 wstawiona nieprawidłowo
15:53:16.627 [main] INFO  sudoku.model.SudokuBoard - Bład w kwadracie 0
sudoku.model.SudokuBoard@5a82bc58[
  size=9
  solver=sudoku.model.BacktrackingSudokuSolver@4aab7195
  board={{7,3,1,8,4,9,5,6,2},{6,2,8,1,3,5,9,4,7},{9,4,5,2,7,6,8,1,3},{1,6,3,4,8,7,2,5,9},{8,7,9,5,1,2,4,3,6},{4,5,2,9,6,3,7,8,1},{2,8,6,3,9,4,1,7,5},{3,9,4,6,2,0,0,0,0},{0,0,0,0,0,0,0,0,0}}
]
15:53:16.627 [main] INFO  sudoku.model.SudokuBoard - Wartość 0 wstawiona nieprawidłowo
15:53:16.627 [main] INFO  sudoku.model.SudokuBoard - Bład w kwadracie 0
sudoku.model.SudokuBoard@5a82bc58[
  size=9
  solver=sudoku.model.BacktrackingSudokuSolver@4aab7195
  board={{7,3,1,8,4,9,5,6,2},{6,2,8,1,3,5,9,4,7},{9,4,5,2,7,6,8,1,3},{1,6,3,4,8,7,2,5,9},{8,7,9,5,1,2,4,3,6},{4,5,2,9,6,3,7,8,1},{2,8,6,3,9,4,1,7,5},{3,9,4,6,0,0,0,0,0},{0,0,0,0,0,0,0,0,0}}
]
15:53:16.627 [main] INFO  sudoku.model.SudokuBoard - Wartość 0 wstawiona nieprawidłowo
15:53:16.627 [main] INFO  sudoku.model.SudokuBoard - Bład w kwadracie 0
sudoku.model.SudokuBoard@5a82bc58[
  size=9
  solver=sudoku.model.BacktrackingSudokuSolver@4aab7195
  board={{7,3,1,8,4,9,5,6,2},{6,2,8,1,3,5,9,4,7},{9,4,5,2,7,6,8,1,3},{1,6,3,4,8,7,2,5,9},{8,7,9,5,1,2,4,3,6},{4,5,2,9,6,3,7,8,1},{2,8,6,3,9,4,1,7,5},{3,9,4,6,5,0,0,0,0},{0,0,0,0,0,0,0,0,0}}
]
15:53:16.627 [main] INFO  sudoku.model.SudokuBoard - Wartość 0 wstawiona nieprawidłowo
15:53:16.627 [main] INFO  sudoku.model.SudokuBoard - Bład w kwadracie 0
sudoku.model.SudokuBoard@5a82bc58[
  size=9
  solver=sudoku.model.BacktrackingSudokuSolver@4aab7195
  board={{7,3,1,8,4,9,5,6,2},{6,2,8,1,3,5,9,4,7},{9,4,5,2,7,6,8,1,3},{1,6,3,4,8,7,2,5,9},{8,7,9,5,1,2,4,3,6},{4,5,2,9,6,3,7,8,1},{2,8,6,3,9,4,1,7,5},{3,9,4,6,5,0,0,0,0},{0,0,0,0,0,0,0,0,0}}
]
15:53:16.629 [main] INFO  sudoku.model.SudokuBoard - Wartość 0 wstawiona nieprawidłowo
15:53:16.629 [main] INFO  sudoku.model.SudokuBoard - Bład w kwadracie 0
sudoku.model.SudokuBoard@5a82bc58[
  size=9
  solver=sudoku.model.BacktrackingSudokuSolver@4aab7195
  board={{7,3,1,8,4,9,5,6,2},{6,2,8,1,3,5,9,4,7},{9,4,5,2,7,6,8,1,3},{1,6,3,4,8,7,2,5,9},{8,7,9,5,1,2,4,3,6},{4,5,2,9,6,3,7,8,1},{2,8,6,3,9,4,1,7,5},{3,9,4,6,0,0,0,0,0},{0,0,0,0,0,0,0,0,0}}
]
15:53:16.629 [main] INFO  sudoku.model.SudokuBoard - Wartość 0 wstawiona nieprawidłowo
15:53:16.630 [main] INFO  sudoku.model.SudokuBoard - Bład w kwadracie 0
sudoku.model.SudokuBoard@5a82bc58[
  size=9
  solver=sudoku.model.BacktrackingSudokuSolver@4aab7195
  board={{7,3,1,8,4,9,5,6,2},{6,2,8,1,3,5,9,4,7},{9,4,5,2,7,6,8,1,3},{1,6,3,4,8,7,2,5,9},{8,7,9,5,1,2,4,3,6},{4,5,2,9,6,3,7,8,1},{2,8,6,3,9,4,1,7,5},{3,9,4,0,0,0,0,0,0},{0,0,0,0,0,0,0,0,0}}
]
15:53:16.630 [main] INFO  sudoku.model.SudokuBoard - Wartość 0 wstawiona nieprawidłowo
15:53:16.630 [main] INFO  sudoku.model.SudokuBoard - Bład w kwadracie 0
sudoku.model.SudokuBoard@5a82bc58[
  size=9
  solver=sudoku.model.BacktrackingSudokuSolver@4aab7195
  board={{7,3,1,8,4,9,5,6,2},{6,2,8,1,3,5,9,4,7},{9,4,5,2,7,6,8,1,3},{1,6,3,4,8,7,2,5,9},{8,7,9,5,1,2,4,3,6},{4,5,2,9,6,3,7,8,1},{2,8,6,3,9,4,1,7,5},{3,9,4,7,2,8,0,0,0},{0,0,0,0,0,0,0,0,0}}
]
15:53:16.630 [main] INFO  sudoku.model.SudokuBoard - Wartość 0 wstawiona nieprawidłowo
15:53:16.630 [main] INFO  sudoku.model.SudokuBoard - Bład w kwadracie 0
sudoku.model.SudokuBoard@5a82bc58[
  size=9
  solver=sudoku.model.BacktrackingSudokuSolver@4aab7195
  board={{7,3,1,8,4,9,5,6,2},{6,2,8,1,3,5,9,4,7},{9,4,5,2,7,6,8,1,3},{1,6,3,4,8,7,2,5,9},{8,7,9,5,1,2,4,3,6},{4,5,2,9,6,3,7,8,1},{2,8,6,3,9,4,1,7,5},{3,9,4,7,2,0,0,0,0},{0,0,0,0,0,0,0,0,0}}
]
15:53:16.630 [main] INFO  sudoku.model.SudokuBoard - Wartość 0 wstawiona nieprawidłowo
15:53:16.630 [main] INFO  sudoku.model.SudokuBoard - Bład w kwadracie 0
sudoku.model.SudokuBoard@5a82bc58[
  size=9
  solver=sudoku.model.BacktrackingSudokuSolver@4aab7195
  board={{7,3,1,8,4,9,5,6,2},{6,2,8,1,3,5,9,4,7},{9,4,5,2,7,6,8,1,3},{1,6,3,4,8,7,2,5,9},{8,7,9,5,1,2,4,3,6},{4,5,2,9,6,3,7,8,1},{2,8,6,3,9,4,1,7,5},{3,9,4,7,2,1,0,0,0},{0,0,0,0,0,0,0,0,0}}
]
15:53:16.630 [main] INFO  sudoku.model.SudokuBoard - Wartość 0 wstawiona nieprawidłowo
15:53:16.631 [main] INFO  sudoku.model.SudokuBoard - Bład w kwadracie 0
sudoku.model.SudokuBoard@5a82bc58[
  size=9
  solver=sudoku.model.BacktrackingSudokuSolver@4aab7195
  board={{7,3,1,8,4,9,5,6,2},{6,2,8,1,3,5,9,4,7},{9,4,5,2,7,6,8,1,3},{1,6,3,4,8,7,2,5,9},{8,7,9,5,1,2,4,3,6},{4,5,2,9,6,3,7,8,1},{2,8,6,3,9,4,1,7,5},{3,9,4,7,2,0,0,0,0},{0,0,0,0,0,0,0,0,0}}
]
15:53:16.631 [main] INFO  sudoku.model.SudokuBoard - Wartość 0 wstawiona nieprawidłowo
15:53:16.631 [main] INFO  sudoku.model.SudokuBoard - Bład w kwadracie 0
sudoku.model.SudokuBoard@5a82bc58[
  size=9
  solver=sudoku.model.BacktrackingSudokuSolver@4aab7195
  board={{7,3,1,8,4,9,5,6,2},{6,2,8,1,3,5,9,4,7},{9,4,5,2,7,6,8,1,3},{1,6,3,4,8,7,2,5,9},{8,7,9,5,1,2,4,3,6},{4,5,2,9,6,3,7,8,1},{2,8,6,3,9,4,1,7,5},{3,9,4,7,0,0,0,0,0},{0,0,0,0,0,0,0,0,0}}
]
15:53:16.631 [main] INFO  sudoku.model.SudokuBoard - Wartość 0 wstawiona nieprawidłowo
15:53:16.631 [main] INFO  sudoku.model.SudokuBoard - Bład w kwadracie 0
sudoku.model.SudokuBoard@5a82bc58[
  size=9
  solver=sudoku.model.BacktrackingSudokuSolver@4aab7195
  board={{7,3,1,8,4,9,5,6,2},{6,7,8,1,3,5,9,4,7},{9,4,5,2,7,6,8,1,3},{1,6,3,4,8,7,2,5,9},{8,7,9,5,1,2,4,3,6},{4,5,2,9,6,3,7,8,1},{2,8,6,3,9,4,1,7,5},{3,9,4,7,5,1,6,2,8},{5,1,7,6,2,8,3,9,4}}
]
15:53:16.631 [main] INFO  sudoku.model.SudokuBoard - Wartość 7 wstawiona nieprawidłowo
15:53:16.631 [main] INFO  sudoku.model.SudokuBoard - Bład w kwadracie 0
sudoku.model.SudokuBoard@586737ff[
  size=9
  solver=sudoku.model.BacktrackingSudokuSolver@4aab7195
  board={{7,3,1,8,4,9,5,6,2},{6,7,8,1,3,5,9,4,7},{9,4,5,2,7,6,8,1,3},{1,6,3,4,8,7,2,5,9},{8,7,9,5,1,2,4,3,6},{4,5,2,9,6,3,7,8,1},{2,8,6,3,9,4,1,7,5},{3,9,4,7,5,1,6,2,8},{5,1,7,6,2,8,3,9,4}}
]
]]></system-out>
  </testcase>
  <testcase name="checkCellBox1" classname="sudoku.model.SudokuBoardTest" time="0.061">
    <system-out><![CDATA[15:53:16.633 [main] INFO  sudoku.model.SudokuBoard - Bład w kwadracie 0
sudoku.model.SudokuBoard@685e6a68[
  size=9
  solver=sudoku.model.BacktrackingSudokuSolver@2fb48970
  board={{4,1,9,3,5,6,7,2,8},{2,8,5,9,1,7,6,3,4},{3,6,7,4,2,8,5,9,1},{7,9,2,5,6,1,8,4,3},{5,3,4,7,9,2,1,0,0},{0,0,0,0,0,0,0,0,0},{0,0,0,0,0,0,0,0,0},{0,0,0,0,0,0,0,0,0},{0,0,0,0,0,0,0,0,0}}
]
15:53:16.633 [main] INFO  sudoku.model.SudokuBoard - Wartość 0 wstawiona nieprawidłowo
15:53:16.633 [main] INFO  sudoku.model.SudokuBoard - Bład w kwadracie 0
sudoku.model.SudokuBoard@685e6a68[
  size=9
  solver=sudoku.model.BacktrackingSudokuSolver@2fb48970
  board={{4,1,9,3,5,6,7,2,8},{2,8,5,9,1,7,6,3,4},{3,6,7,4,2,8,5,9,1},{7,9,2,5,6,1,8,4,3},{5,3,4,7,9,2,0,0,0},{0,0,0,0,0,0,0,0,0},{0,0,0,0,0,0,0,0,0},{0,0,0,0,0,0,0,0,0},{0,0,0,0,0,0,0,0,0}}
]
15:53:16.633 [main] INFO  sudoku.model.SudokuBoard - Wartość 0 wstawiona nieprawidłowo
15:53:16.633 [main] INFO  sudoku.model.SudokuBoard - Bład w kwadracie 0
sudoku.model.SudokuBoard@685e6a68[
  size=9
  solver=sudoku.model.BacktrackingSudokuSolver@2fb48970
  board={{4,1,9,3,5,6,7,2,8},{2,8,5,9,1,7,6,3,4},{3,6,7,4,2,8,5,9,1},{7,9,2,5,6,1,8,4,3},{5,3,4,7,9,0,0,0,0},{0,0,0,0,0,0,0,0,0},{0,0,0,0,0,0,0,0,0},{0,0,0,0,0,0,0,0,0},{0,0,0,0,0,0,0,0,0}}
]
15:53:16.633 [main] INFO  sudoku.model.SudokuBoard - Wartość 0 wstawiona nieprawidłowo
15:53:16.633 [main] INFO  sudoku.model.SudokuBoard - Bład w kwadracie 0
sudoku.model.SudokuBoard@685e6a68[
  size=9
  solver=sudoku.model.BacktrackingSudokuSolver@2fb48970
  board={{4,1,9,3,5,6,7,2,8},{2,8,5,9,1,7,6,3,4},{3,6,7,4,2,8,5,9,1},{7,9,2,5,6,1,8,4,3},{5,3,4,7,0,0,0,0,0},{0,0,0,0,0,0,0,0,0},{0,0,0,0,0,0,0,0,0},{0,0,0,0,0,0,0,0,0},{0,0,0,0,0,0,0,0,0}}
]
15:53:16.633 [main] INFO  sudoku.model.SudokuBoard - Wartość 0 wstawiona nieprawidłowo
15:53:16.634 [main] INFO  sudoku.model.SudokuBoard - Bład w kwadracie 0
sudoku.model.SudokuBoard@685e6a68[
  size=9
  solver=sudoku.model.BacktrackingSudokuSolver@2fb48970
  board={{4,1,9,3,5,6,7,2,8},{2,8,5,9,1,7,6,3,4},{3,6,7,4,2,8,5,9,1},{7,9,2,5,6,1,8,4,3},{5,3,4,7,8,9,1,6,2},{0,0,0,0,0,0,0,0,0},{0,0,0,0,0,0,0,0,0},{0,0,0,0,0,0,0,0,0},{0,0,0,0,0,0,0,0,0}}
]
15:53:16.634 [main] INFO  sudoku.model.SudokuBoard - Wartość 0 wstawiona nieprawidłowo
15:53:16.634 [main] INFO  sudoku.model.SudokuBoard - Bład w kwadracie 0
sudoku.model.SudokuBoard@685e6a68[
  size=9
  solver=sudoku.model.BacktrackingSudokuSolver@2fb48970
  board={{4,1,9,3,5,6,7,2,8},{2,8,5,9,1,7,6,3,4},{3,6,7,4,2,8,5,9,1},{7,9,2,5,6,1,8,4,3},{5,3,4,7,8,9,1,6,2},{0,0,0,0,0,0,0,0,0},{0,0,0,0,0,0,0,0,0},{0,0,0,0,0,0,0,0,0},{0,0,0,0,0,0,0,0,0}}
]
15:53:16.634 [main] INFO  sudoku.model.SudokuBoard - Wartość 0 wstawiona nieprawidłowo
15:53:16.636 [main] INFO  sudoku.model.SudokuBoard - Bład w kwadracie 0
sudoku.model.SudokuBoard@685e6a68[
  size=9
  solver=sudoku.model.BacktrackingSudokuSolver@2fb48970
  board={{4,1,9,3,5,6,7,2,8},{2,8,5,9,1,7,6,3,4},{3,6,7,4,2,8,5,9,1},{7,9,2,5,6,1,8,4,3},{5,3,4,7,8,9,1,6,2},{0,0,0,0,0,0,0,0,0},{0,0,0,0,0,0,0,0,0},{0,0,0,0,0,0,0,0,0},{0,0,0,0,0,0,0,0,0}}
]
15:53:16.637 [main] INFO  sudoku.model.SudokuBoard - Wartość 0 wstawiona nieprawidłowo
15:53:16.637 [main] INFO  sudoku.model.SudokuBoard - Bład w kwadracie 0
sudoku.model.SudokuBoard@685e6a68[
  size=9
  solver=sudoku.model.BacktrackingSudokuSolver@2fb48970
  board={{4,1,9,3,5,6,7,2,8},{2,8,5,9,1,7,6,3,4},{3,6,7,4,2,8,5,9,1},{7,9,2,5,6,1,8,4,3},{5,3,4,7,8,9,1,6,0},{0,0,0,0,0,0,0,0,0},{0,0,0,0,0,0,0,0,0},{0,0,0,0,0,0,0,0,0},{0,0,0,0,0,0,0,0,0}}
]
15:53:16.637 [main] INFO  sudoku.model.SudokuBoard - Wartość 0 wstawiona nieprawidłowo
15:53:16.637 [main] INFO  sudoku.model.SudokuBoard - Bład w kwadracie 0
sudoku.model.SudokuBoard@685e6a68[
  size=9
  solver=sudoku.model.BacktrackingSudokuSolver@2fb48970
  board={{4,1,9,3,5,6,7,2,8},{2,8,5,9,1,7,6,3,4},{3,6,7,4,2,8,5,9,1},{7,9,2,5,6,1,8,4,3},{5,3,4,7,8,9,1,0,0},{0,0,0,0,0,0,0,0,0},{0,0,0,0,0,0,0,0,0},{0,0,0,0,0,0,0,0,0},{0,0,0,0,0,0,0,0,0}}
]
15:53:16.638 [main] INFO  sudoku.model.SudokuBoard - Wartość 0 wstawiona nieprawidłowo
15:53:16.638 [main] INFO  sudoku.model.SudokuBoard - Bład w kwadracie 0
sudoku.model.SudokuBoard@685e6a68[
  size=9
  solver=sudoku.model.BacktrackingSudokuSolver@2fb48970
  board={{4,1,9,3,5,6,7,2,8},{2,8,5,9,1,7,6,3,4},{3,6,7,4,2,8,5,9,1},{7,9,2,5,6,1,8,4,3},{5,3,4,7,8,9,0,0,0},{0,0,0,0,0,0,0,0,0},{0,0,0,0,0,0,0,0,0},{0,0,0,0,0,0,0,0,0},{0,0,0,0,0,0,0,0,0}}
]
15:53:16.638 [main] INFO  sudoku.model.SudokuBoard - Wartość 0 wstawiona nieprawidłowo
15:53:16.638 [main] INFO  sudoku.model.SudokuBoard - Bład w kwadracie 0
sudoku.model.SudokuBoard@685e6a68[
  size=9
  solver=sudoku.model.BacktrackingSudokuSolver@2fb48970
  board={{4,1,9,3,5,6,7,2,8},{2,8,5,9,1,7,6,3,4},{3,6,7,4,2,8,5,9,1},{7,9,2,5,6,1,8,4,3},{5,3,4,7,8,9,2,0,0},{0,0,0,0,0,0,0,0,0},{0,0,0,0,0,0,0,0,0},{0,0,0,0,0,0,0,0,0},{0,0,0,0,0,0,0,0,0}}
]
15:53:16.638 [main] INFO  sudoku.model.SudokuBoard - Wartość 0 wstawiona nieprawidłowo
15:53:16.638 [main] INFO  sudoku.model.SudokuBoard - Bład w kwadracie 0
sudoku.model.SudokuBoard@685e6a68[
  size=9
  solver=sudoku.model.BacktrackingSudokuSolver@2fb48970
  board={{4,1,9,3,5,6,7,2,8},{2,8,5,9,1,7,6,3,4},{3,6,7,4,2,8,5,9,1},{7,9,2,5,6,1,8,4,3},{5,3,4,7,8,9,2,1,6},{0,0,0,0,0,0,0,0,0},{0,0,0,0,0,0,0,0,0},{0,0,0,0,0,0,0,0,0},{0,0,0,0,0,0,0,0,0}}
]
15:53:16.638 [main] INFO  sudoku.model.SudokuBoard - Wartość 0 wstawiona nieprawidłowo
15:53:16.639 [main] INFO  sudoku.model.SudokuBoard - Bład w kwadracie 0
sudoku.model.SudokuBoard@685e6a68[
  size=9
  solver=sudoku.model.BacktrackingSudokuSolver@2fb48970
  board={{4,1,9,3,5,6,7,2,8},{2,8,5,9,1,7,6,3,4},{3,6,7,4,2,8,5,9,1},{7,9,2,5,6,1,8,4,3},{5,3,4,7,8,9,2,1,6},{0,0,0,0,0,0,0,0,0},{0,0,0,0,0,0,0,0,0},{0,0,0,0,0,0,0,0,0},{0,0,0,0,0,0,0,0,0}}
]
15:53:16.639 [main] INFO  sudoku.model.SudokuBoard - Wartość 0 wstawiona nieprawidłowo
15:53:16.639 [main] INFO  sudoku.model.SudokuBoard - Bład w kwadracie 0
sudoku.model.SudokuBoard@685e6a68[
  size=9
  solver=sudoku.model.BacktrackingSudokuSolver@2fb48970
  board={{4,1,9,3,5,6,7,2,8},{2,8,5,9,1,7,6,3,4},{3,6,7,4,2,8,5,9,1},{7,9,2,5,6,1,8,4,3},{5,3,4,7,8,9,2,1,6},{0,0,0,0,0,0,0,0,0},{0,0,0,0,0,0,0,0,0},{0,0,0,0,0,0,0,0,0},{0,0,0,0,0,0,0,0,0}}
]
15:53:16.640 [main] INFO  sudoku.model.SudokuBoard - Wartość 0 wstawiona nieprawidłowo
15:53:16.640 [main] INFO  sudoku.model.SudokuBoard - Bład w kwadracie 0
sudoku.model.SudokuBoard@685e6a68[
  size=9
  solver=sudoku.model.BacktrackingSudokuSolver@2fb48970
  board={{4,1,9,3,5,6,7,2,8},{2,8,5,9,1,7,6,3,4},{3,6,7,4,2,8,5,9,1},{7,9,2,5,6,1,8,4,3},{5,3,4,7,8,9,2,1,0},{0,0,0,0,0,0,0,0,0},{0,0,0,0,0,0,0,0,0},{0,0,0,0,0,0,0,0,0},{0,0,0,0,0,0,0,0,0}}
]
15:53:16.640 [main] INFO  sudoku.model.SudokuBoard - Wartość 0 wstawiona nieprawidłowo
15:53:16.640 [main] INFO  sudoku.model.SudokuBoard - Bład w kwadracie 0
sudoku.model.SudokuBoard@685e6a68[
  size=9
  solver=sudoku.model.BacktrackingSudokuSolver@2fb48970
  board={{4,1,9,3,5,6,7,2,8},{2,8,5,9,1,7,6,3,4},{3,6,7,4,2,8,5,9,1},{7,9,2,5,6,1,8,4,3},{5,3,4,7,8,9,2,0,0},{0,0,0,0,0,0,0,0,0},{0,0,0,0,0,0,0,0,0},{0,0,0,0,0,0,0,0,0},{0,0,0,0,0,0,0,0,0}}
]
15:53:16.640 [main] INFO  sudoku.model.SudokuBoard - Wartość 0 wstawiona nieprawidłowo
15:53:16.640 [main] INFO  sudoku.model.SudokuBoard - Bład w kwadracie 0
sudoku.model.SudokuBoard@685e6a68[
  size=9
  solver=sudoku.model.BacktrackingSudokuSolver@2fb48970
  board={{4,1,9,3,5,6,7,2,8},{2,8,5,9,1,7,6,3,4},{3,6,7,4,2,8,5,9,1},{7,9,2,5,6,1,8,4,3},{5,3,4,7,8,9,0,0,0},{0,0,0,0,0,0,0,0,0},{0,0,0,0,0,0,0,0,0},{0,0,0,0,0,0,0,0,0},{0,0,0,0,0,0,0,0,0}}
]
15:53:16.640 [main] INFO  sudoku.model.SudokuBoard - Wartość 0 wstawiona nieprawidłowo
15:53:16.640 [main] INFO  sudoku.model.SudokuBoard - Bład w kwadracie 0
sudoku.model.SudokuBoard@685e6a68[
  size=9
  solver=sudoku.model.BacktrackingSudokuSolver@2fb48970
  board={{4,1,9,3,5,6,7,2,8},{2,8,5,9,1,7,6,3,4},{3,6,7,4,2,8,5,9,1},{7,9,2,5,6,1,8,4,3},{5,3,4,7,8,0,0,0,0},{0,0,0,0,0,0,0,0,0},{0,0,0,0,0,0,0,0,0},{0,0,0,0,0,0,0,0,0},{0,0,0,0,0,0,0,0,0}}
]
15:53:16.640 [main] INFO  sudoku.model.SudokuBoard - Wartość 0 wstawiona nieprawidłowo
15:53:16.640 [main] INFO  sudoku.model.SudokuBoard - Bład w kwadracie 0
sudoku.model.SudokuBoard@685e6a68[
  size=9
  solver=sudoku.model.BacktrackingSudokuSolver@2fb48970
  board={{4,1,9,3,5,6,7,2,8},{2,8,5,9,1,7,6,3,4},{3,6,7,4,2,8,5,9,1},{7,9,2,5,6,1,8,4,3},{5,3,4,7,8,2,9,0,0},{0,0,0,0,0,0,0,0,0},{0,0,0,0,0,0,0,0,0},{0,0,0,0,0,0,0,0,0},{0,0,0,0,0,0,0,0,0}}
]
15:53:16.641 [main] INFO  sudoku.model.SudokuBoard - Wartość 0 wstawiona nieprawidłowo
15:53:16.641 [main] INFO  sudoku.model.SudokuBoard - Bład w kwadracie 0
sudoku.model.SudokuBoard@685e6a68[
  size=9
  solver=sudoku.model.BacktrackingSudokuSolver@2fb48970
  board={{4,1,9,3,5,6,7,2,8},{2,8,5,9,1,7,6,3,4},{3,6,7,4,2,8,5,9,1},{7,9,2,5,6,1,8,4,3},{5,3,4,7,8,2,9,1,6},{0,0,0,0,0,0,0,0,0},{0,0,0,0,0,0,0,0,0},{0,0,0,0,0,0,0,0,0},{0,0,0,0,0,0,0,0,0}}
]
15:53:16.641 [main] INFO  sudoku.model.SudokuBoard - Wartość 0 wstawiona nieprawidłowo
15:53:16.641 [main] INFO  sudoku.model.SudokuBoard - Bład w kwadracie 0
sudoku.model.SudokuBoard@685e6a68[
  size=9
  solver=sudoku.model.BacktrackingSudokuSolver@2fb48970
  board={{4,1,9,3,5,6,7,2,8},{2,8,5,9,1,7,6,3,4},{3,6,7,4,2,8,5,9,1},{7,9,2,5,6,1,8,4,3},{5,3,4,7,8,2,9,1,6},{0,0,0,0,0,0,0,0,0},{0,0,0,0,0,0,0,0,0},{0,0,0,0,0,0,0,0,0},{0,0,0,0,0,0,0,0,0}}
]
15:53:16.641 [main] INFO  sudoku.model.SudokuBoard - Wartość 0 wstawiona nieprawidłowo
15:53:16.641 [main] INFO  sudoku.model.SudokuBoard - Bład w kwadracie 0
sudoku.model.SudokuBoard@685e6a68[
  size=9
  solver=sudoku.model.BacktrackingSudokuSolver@2fb48970
  board={{4,1,9,3,5,6,7,2,8},{2,8,5,9,1,7,6,3,4},{3,6,7,4,2,8,5,9,1},{7,9,2,5,6,1,8,4,3},{5,3,4,7,8,2,9,1,6},{0,0,0,0,0,0,0,0,0},{0,0,0,0,0,0,0,0,0},{0,0,0,0,0,0,0,0,0},{0,0,0,0,0,0,0,0,0}}
]
15:53:16.641 [main] INFO  sudoku.model.SudokuBoard - Wartość 0 wstawiona nieprawidłowo
15:53:16.641 [main] INFO  sudoku.model.SudokuBoard - Bład w kwadracie 0
sudoku.model.SudokuBoard@685e6a68[
  size=9
  solver=sudoku.model.BacktrackingSudokuSolver@2fb48970
  board={{4,1,9,3,5,6,7,2,8},{2,8,5,9,1,7,6,3,4},{3,6,7,4,2,8,5,9,1},{7,9,2,5,6,1,8,4,3},{5,3,4,7,8,2,9,1,0},{0,0,0,0,0,0,0,0,0},{0,0,0,0,0,0,0,0,0},{0,0,0,0,0,0,0,0,0},{0,0,0,0,0,0,0,0,0}}
]
15:53:16.641 [main] INFO  sudoku.model.SudokuBoard - Wartość 0 wstawiona nieprawidłowo
15:53:16.641 [main] INFO  sudoku.model.SudokuBoard - Bład w kwadracie 0
sudoku.model.SudokuBoard@685e6a68[
  size=9
  solver=sudoku.model.BacktrackingSudokuSolver@2fb48970
  board={{4,1,9,3,5,6,7,2,8},{2,8,5,9,1,7,6,3,4},{3,6,7,4,2,8,5,9,1},{7,9,2,5,6,1,8,4,3},{5,3,4,7,8,2,9,0,0},{0,0,0,0,0,0,0,0,0},{0,0,0,0,0,0,0,0,0},{0,0,0,0,0,0,0,0,0},{0,0,0,0,0,0,0,0,0}}
]
15:53:16.642 [main] INFO  sudoku.model.SudokuBoard - Wartość 0 wstawiona nieprawidłowo
15:53:16.642 [main] INFO  sudoku.model.SudokuBoard - Bład w kwadracie 0
sudoku.model.SudokuBoard@685e6a68[
  size=9
  solver=sudoku.model.BacktrackingSudokuSolver@2fb48970
  board={{4,1,9,3,5,6,7,2,8},{2,8,5,9,1,7,6,3,4},{3,6,7,4,2,8,5,9,1},{7,9,2,5,6,1,8,4,3},{5,3,4,7,8,2,0,0,0},{0,0,0,0,0,0,0,0,0},{0,0,0,0,0,0,0,0,0},{0,0,0,0,0,0,0,0,0},{0,0,0,0,0,0,0,0,0}}
]
15:53:16.642 [main] INFO  sudoku.model.SudokuBoard - Wartość 0 wstawiona nieprawidłowo
15:53:16.642 [main] INFO  sudoku.model.SudokuBoard - Bład w kwadracie 0
sudoku.model.SudokuBoard@685e6a68[
  size=9
  solver=sudoku.model.BacktrackingSudokuSolver@2fb48970
  board={{4,1,9,3,5,6,7,2,8},{2,8,5,9,1,7,6,3,4},{3,6,7,4,2,8,5,9,1},{7,9,2,5,6,1,8,4,3},{5,3,4,7,8,2,1,6,9},{0,0,0,0,0,0,0,0,0},{0,0,0,0,0,0,0,0,0},{0,0,0,0,0,0,0,0,0},{0,0,0,0,0,0,0,0,0}}
]
15:53:16.642 [main] INFO  sudoku.model.SudokuBoard - Wartość 0 wstawiona nieprawidłowo
15:53:16.642 [main] INFO  sudoku.model.SudokuBoard - Bład w kwadracie 0
sudoku.model.SudokuBoard@685e6a68[
  size=9
  solver=sudoku.model.BacktrackingSudokuSolver@2fb48970
  board={{4,1,9,3,5,6,7,2,8},{2,8,5,9,1,7,6,3,4},{3,6,7,4,2,8,5,9,1},{7,9,2,5,6,1,8,4,3},{5,3,4,7,8,2,1,6,9},{0,0,0,0,0,0,0,0,0},{0,0,0,0,0,0,0,0,0},{0,0,0,0,0,0,0,0,0},{0,0,0,0,0,0,0,0,0}}
]
15:53:16.642 [main] INFO  sudoku.model.SudokuBoard - Wartość 0 wstawiona nieprawidłowo
15:53:16.643 [main] INFO  sudoku.model.SudokuBoard - Bład w kwadracie 0
sudoku.model.SudokuBoard@685e6a68[
  size=9
  solver=sudoku.model.BacktrackingSudokuSolver@2fb48970
  board={{4,1,9,3,5,6,7,2,8},{2,8,5,9,1,7,6,3,4},{3,6,7,4,2,8,5,9,1},{7,9,2,5,6,1,8,4,3},{5,3,4,7,8,2,1,6,9},{0,0,0,0,0,0,0,0,0},{0,0,0,0,0,0,0,0,0},{0,0,0,0,0,0,0,0,0},{0,0,0,0,0,0,0,0,0}}
]
15:53:16.643 [main] INFO  sudoku.model.SudokuBoard - Wartość 0 wstawiona nieprawidłowo
15:53:16.643 [main] INFO  sudoku.model.SudokuBoard - Bład w kwadracie 0
sudoku.model.SudokuBoard@685e6a68[
  size=9
  solver=sudoku.model.BacktrackingSudokuSolver@2fb48970
  board={{4,1,9,3,5,6,7,2,8},{2,8,5,9,1,7,6,3,4},{3,6,7,4,2,8,5,9,1},{7,9,2,5,6,1,8,4,3},{5,3,4,7,8,2,1,6,0},{0,0,0,0,0,0,0,0,0},{0,0,0,0,0,0,0,0,0},{0,0,0,0,0,0,0,0,0},{0,0,0,0,0,0,0,0,0}}
]
15:53:16.643 [main] INFO  sudoku.model.SudokuBoard - Wartość 0 wstawiona nieprawidłowo
15:53:16.643 [main] INFO  sudoku.model.SudokuBoard - Bład w kwadracie 0
sudoku.model.SudokuBoard@685e6a68[
  size=9
  solver=sudoku.model.BacktrackingSudokuSolver@2fb48970
  board={{4,1,9,3,5,6,7,2,8},{2,8,5,9,1,7,6,3,4},{3,6,7,4,2,8,5,9,1},{7,9,2,5,6,1,8,4,3},{5,3,4,7,8,2,1,0,0},{0,0,0,0,0,0,0,0,0},{0,0,0,0,0,0,0,0,0},{0,0,0,0,0,0,0,0,0},{0,0,0,0,0,0,0,0,0}}
]
15:53:16.643 [main] INFO  sudoku.model.SudokuBoard - Wartość 0 wstawiona nieprawidłowo
15:53:16.643 [main] INFO  sudoku.model.SudokuBoard - Bład w kwadracie 0
sudoku.model.SudokuBoard@685e6a68[
  size=9
  solver=sudoku.model.BacktrackingSudokuSolver@2fb48970
  board={{4,1,9,3,5,6,7,2,8},{2,8,5,9,1,7,6,3,4},{3,6,7,4,2,8,5,9,1},{7,9,2,5,6,1,8,4,3},{5,3,4,7,8,2,0,0,0},{0,0,0,0,0,0,0,0,0},{0,0,0,0,0,0,0,0,0},{0,0,0,0,0,0,0,0,0},{0,0,0,0,0,0,0,0,0}}
]
15:53:16.643 [main] INFO  sudoku.model.SudokuBoard - Wartość 0 wstawiona nieprawidłowo
15:53:16.643 [main] INFO  sudoku.model.SudokuBoard - Bład w kwadracie 0
sudoku.model.SudokuBoard@685e6a68[
  size=9
  solver=sudoku.model.BacktrackingSudokuSolver@2fb48970
  board={{4,1,9,3,5,6,7,2,8},{2,8,5,9,1,7,6,3,4},{3,6,7,4,2,8,5,9,1},{7,9,2,5,6,1,8,4,3},{5,3,4,7,8,0,0,0,0},{0,0,0,0,0,0,0,0,0},{0,0,0,0,0,0,0,0,0},{0,0,0,0,0,0,0,0,0},{0,0,0,0,0,0,0,0,0}}
]
15:53:16.643 [main] INFO  sudoku.model.SudokuBoard - Wartość 0 wstawiona nieprawidłowo
15:53:16.644 [main] INFO  sudoku.model.SudokuBoard - Bład w kwadracie 0
sudoku.model.SudokuBoard@685e6a68[
  size=9
  solver=sudoku.model.BacktrackingSudokuSolver@2fb48970
  board={{4,1,9,3,5,6,7,2,8},{2,8,5,9,1,7,6,3,4},{3,6,7,4,2,8,5,9,1},{7,9,2,5,6,1,8,4,3},{5,3,4,7,0,0,0,0,0},{0,0,0,0,0,0,0,0,0},{0,0,0,0,0,0,0,0,0},{0,0,0,0,0,0,0,0,0},{0,0,0,0,0,0,0,0,0}}
]
15:53:16.644 [main] INFO  sudoku.model.SudokuBoard - Wartość 0 wstawiona nieprawidłowo
15:53:16.644 [main] INFO  sudoku.model.SudokuBoard - Bład w kwadracie 0
sudoku.model.SudokuBoard@685e6a68[
  size=9
  solver=sudoku.model.BacktrackingSudokuSolver@2fb48970
  board={{4,1,9,3,5,6,7,2,8},{2,8,5,9,1,7,6,3,4},{3,6,7,4,2,8,5,9,1},{7,9,2,5,6,1,8,4,3},{5,3,4,0,0,0,0,0,0},{0,0,0,0,0,0,0,0,0},{0,0,0,0,0,0,0,0,0},{0,0,0,0,0,0,0,0,0},{0,0,0,0,0,0,0,0,0}}
]
15:53:16.644 [main] INFO  sudoku.model.SudokuBoard - Wartość 0 wstawiona nieprawidłowo
15:53:16.644 [main] INFO  sudoku.model.SudokuBoard - Bład w kwadracie 0
sudoku.model.SudokuBoard@685e6a68[
  size=9
  solver=sudoku.model.BacktrackingSudokuSolver@2fb48970
  board={{4,1,9,3,5,6,7,2,8},{2,8,5,9,1,7,6,3,4},{3,6,7,4,2,8,5,9,1},{7,9,2,5,6,1,8,4,3},{5,3,4,8,7,9,1,6,2},{0,0,0,0,0,0,0,0,0},{0,0,0,0,0,0,0,0,0},{0,0,0,0,0,0,0,0,0},{0,0,0,0,0,0,0,0,0}}
]
15:53:16.644 [main] INFO  sudoku.model.SudokuBoard - Wartość 0 wstawiona nieprawidłowo
15:53:16.645 [main] INFO  sudoku.model.SudokuBoard - Bład w kwadracie 0
sudoku.model.SudokuBoard@685e6a68[
  size=9
  solver=sudoku.model.BacktrackingSudokuSolver@2fb48970
  board={{4,1,9,3,5,6,7,2,8},{2,8,5,9,1,7,6,3,4},{3,6,7,4,2,8,5,9,1},{7,9,2,5,6,1,8,4,3},{5,3,4,8,7,9,1,6,2},{0,0,0,0,0,0,0,0,0},{0,0,0,0,0,0,0,0,0},{0,0,0,0,0,0,0,0,0},{0,0,0,0,0,0,0,0,0}}
]
15:53:16.645 [main] INFO  sudoku.model.SudokuBoard - Wartość 0 wstawiona nieprawidłowo
15:53:16.645 [main] INFO  sudoku.model.SudokuBoard - Bład w kwadracie 0
sudoku.model.SudokuBoard@685e6a68[
  size=9
  solver=sudoku.model.BacktrackingSudokuSolver@2fb48970
  board={{4,1,9,3,5,6,7,2,8},{2,8,5,9,1,7,6,3,4},{3,6,7,4,2,8,5,9,1},{7,9,2,5,6,1,8,4,3},{5,3,4,8,7,9,1,6,2},{0,0,0,0,0,0,0,0,0},{0,0,0,0,0,0,0,0,0},{0,0,0,0,0,0,0,0,0},{0,0,0,0,0,0,0,0,0}}
]
15:53:16.645 [main] INFO  sudoku.model.SudokuBoard - Wartość 0 wstawiona nieprawidłowo
15:53:16.645 [main] INFO  sudoku.model.SudokuBoard - Bład w kwadracie 0
sudoku.model.SudokuBoard@685e6a68[
  size=9
  solver=sudoku.model.BacktrackingSudokuSolver@2fb48970
  board={{4,1,9,3,5,6,7,2,8},{2,8,5,9,1,7,6,3,4},{3,6,7,4,2,8,5,9,1},{7,9,2,5,6,1,8,4,3},{5,3,4,8,7,9,1,6,0},{0,0,0,0,0,0,0,0,0},{0,0,0,0,0,0,0,0,0},{0,0,0,0,0,0,0,0,0},{0,0,0,0,0,0,0,0,0}}
]
15:53:16.645 [main] INFO  sudoku.model.SudokuBoard - Wartość 0 wstawiona nieprawidłowo
15:53:16.646 [main] INFO  sudoku.model.SudokuBoard - Bład w kwadracie 0
sudoku.model.SudokuBoard@685e6a68[
  size=9
  solver=sudoku.model.BacktrackingSudokuSolver@2fb48970
  board={{4,1,9,3,5,6,7,2,8},{2,8,5,9,1,7,6,3,4},{3,6,7,4,2,8,5,9,1},{7,9,2,5,6,1,8,4,3},{5,3,4,8,7,9,1,0,0},{0,0,0,0,0,0,0,0,0},{0,0,0,0,0,0,0,0,0},{0,0,0,0,0,0,0,0,0},{0,0,0,0,0,0,0,0,0}}
]
15:53:16.646 [main] INFO  sudoku.model.SudokuBoard - Wartość 0 wstawiona nieprawidłowo
15:53:16.646 [main] INFO  sudoku.model.SudokuBoard - Bład w kwadracie 0
sudoku.model.SudokuBoard@685e6a68[
  size=9
  solver=sudoku.model.BacktrackingSudokuSolver@2fb48970
  board={{4,1,9,3,5,6,7,2,8},{2,8,5,9,1,7,6,3,4},{3,6,7,4,2,8,5,9,1},{7,9,2,5,6,1,8,4,3},{5,3,4,8,7,9,0,0,0},{0,0,0,0,0,0,0,0,0},{0,0,0,0,0,0,0,0,0},{0,0,0,0,0,0,0,0,0},{0,0,0,0,0,0,0,0,0}}
]
15:53:16.646 [main] INFO  sudoku.model.SudokuBoard - Wartość 0 wstawiona nieprawidłowo
15:53:16.647 [main] INFO  sudoku.model.SudokuBoard - Bład w kwadracie 0
sudoku.model.SudokuBoard@685e6a68[
  size=9
  solver=sudoku.model.BacktrackingSudokuSolver@2fb48970
  board={{4,1,9,3,5,6,7,2,8},{2,8,5,9,1,7,6,3,4},{3,6,7,4,2,8,5,9,1},{7,9,2,5,6,1,8,4,3},{5,3,4,8,7,9,2,1,6},{0,0,0,0,0,0,0,0,0},{0,0,0,0,0,0,0,0,0},{0,0,0,0,0,0,0,0,0},{0,0,0,0,0,0,0,0,0}}
]
15:53:16.647 [main] INFO  sudoku.model.SudokuBoard - Wartość 0 wstawiona nieprawidłowo
15:53:16.647 [main] INFO  sudoku.model.SudokuBoard - Bład w kwadracie 0
sudoku.model.SudokuBoard@685e6a68[
  size=9
  solver=sudoku.model.BacktrackingSudokuSolver@2fb48970
  board={{4,1,9,3,5,6,7,2,8},{2,8,5,9,1,7,6,3,4},{3,6,7,4,2,8,5,9,1},{7,9,2,5,6,1,8,4,3},{5,3,4,8,7,9,2,1,6},{0,0,0,0,0,0,0,0,0},{0,0,0,0,0,0,0,0,0},{0,0,0,0,0,0,0,0,0},{0,0,0,0,0,0,0,0,0}}
]
15:53:16.647 [main] INFO  sudoku.model.SudokuBoard - Wartość 0 wstawiona nieprawidłowo
15:53:16.647 [main] INFO  sudoku.model.SudokuBoard - Bład w kwadracie 0
sudoku.model.SudokuBoard@685e6a68[
  size=9
  solver=sudoku.model.BacktrackingSudokuSolver@2fb48970
  board={{4,1,9,3,5,6,7,2,8},{2,8,5,9,1,7,6,3,4},{3,6,7,4,2,8,5,9,1},{7,9,2,5,6,1,8,4,3},{5,3,4,8,7,9,2,1,6},{0,0,0,0,0,0,0,0,0},{0,0,0,0,0,0,0,0,0},{0,0,0,0,0,0,0,0,0},{0,0,0,0,0,0,0,0,0}}
]
15:53:16.647 [main] INFO  sudoku.model.SudokuBoard - Wartość 0 wstawiona nieprawidłowo
15:53:16.647 [main] INFO  sudoku.model.SudokuBoard - Bład w kwadracie 0
sudoku.model.SudokuBoard@685e6a68[
  size=9
  solver=sudoku.model.BacktrackingSudokuSolver@2fb48970
  board={{4,1,9,3,5,6,7,2,8},{2,8,5,9,1,7,6,3,4},{3,6,7,4,2,8,5,9,1},{7,9,2,5,6,1,8,4,3},{5,3,4,8,7,9,2,1,0},{0,0,0,0,0,0,0,0,0},{0,0,0,0,0,0,0,0,0},{0,0,0,0,0,0,0,0,0},{0,0,0,0,0,0,0,0,0}}
]
15:53:16.647 [main] INFO  sudoku.model.SudokuBoard - Wartość 0 wstawiona nieprawidłowo
15:53:16.648 [main] INFO  sudoku.model.SudokuBoard - Bład w kwadracie 0
sudoku.model.SudokuBoard@685e6a68[
  size=9
  solver=sudoku.model.BacktrackingSudokuSolver@2fb48970
  board={{4,1,9,3,5,6,7,2,8},{2,8,5,9,1,7,6,3,4},{3,6,7,4,2,8,5,9,1},{7,9,2,5,6,1,8,4,3},{5,3,4,8,7,9,2,0,0},{0,0,0,0,0,0,0,0,0},{0,0,0,0,0,0,0,0,0},{0,0,0,0,0,0,0,0,0},{0,0,0,0,0,0,0,0,0}}
]
15:53:16.648 [main] INFO  sudoku.model.SudokuBoard - Wartość 0 wstawiona nieprawidłowo
15:53:16.648 [main] INFO  sudoku.model.SudokuBoard - Bład w kwadracie 0
sudoku.model.SudokuBoard@685e6a68[
  size=9
  solver=sudoku.model.BacktrackingSudokuSolver@2fb48970
  board={{4,1,9,3,5,6,7,2,8},{2,8,5,9,1,7,6,3,4},{3,6,7,4,2,8,5,9,1},{7,9,2,5,6,1,8,4,3},{5,3,4,8,7,9,2,0,0},{0,0,0,0,0,0,0,0,0},{0,0,0,0,0,0,0,0,0},{0,0,0,0,0,0,0,0,0},{0,0,0,0,0,0,0,0,0}}
]
15:53:16.648 [main] INFO  sudoku.model.SudokuBoard - Wartość 0 wstawiona nieprawidłowo
15:53:16.648 [main] INFO  sudoku.model.SudokuBoard - Bład w kwadracie 0
sudoku.model.SudokuBoard@685e6a68[
  size=9
  solver=sudoku.model.BacktrackingSudokuSolver@2fb48970
  board={{4,1,9,3,5,6,7,2,8},{2,8,5,9,1,7,6,3,4},{3,6,7,4,2,8,5,9,1},{7,9,2,5,6,1,8,4,3},{5,3,4,8,7,9,0,0,0},{0,0,0,0,0,0,0,0,0},{0,0,0,0,0,0,0,0,0},{0,0,0,0,0,0,0,0,0},{0,0,0,0,0,0,0,0,0}}
]
15:53:16.648 [main] INFO  sudoku.model.SudokuBoard - Wartość 0 wstawiona nieprawidłowo
15:53:16.649 [main] INFO  sudoku.model.SudokuBoard - Bład w kwadracie 0
sudoku.model.SudokuBoard@685e6a68[
  size=9
  solver=sudoku.model.BacktrackingSudokuSolver@2fb48970
  board={{4,1,9,3,5,6,7,2,8},{2,8,5,9,1,7,6,3,4},{3,6,7,4,2,8,5,9,1},{7,9,2,5,6,1,8,4,3},{5,3,4,8,7,0,0,0,0},{0,0,0,0,0,0,0,0,0},{0,0,0,0,0,0,0,0,0},{0,0,0,0,0,0,0,0,0},{0,0,0,0,0,0,0,0,0}}
]
15:53:16.649 [main] INFO  sudoku.model.SudokuBoard - Wartość 0 wstawiona nieprawidłowo
15:53:16.649 [main] INFO  sudoku.model.SudokuBoard - Bład w kwadracie 0
sudoku.model.SudokuBoard@685e6a68[
  size=9
  solver=sudoku.model.BacktrackingSudokuSolver@2fb48970
  board={{4,1,9,3,5,6,7,2,8},{2,8,5,9,1,7,6,3,4},{3,6,7,4,2,8,5,9,1},{7,9,2,5,6,1,8,4,3},{5,3,4,8,7,2,9,1,6},{0,0,0,0,0,0,0,0,0},{0,0,0,0,0,0,0,0,0},{0,0,0,0,0,0,0,0,0},{0,0,0,0,0,0,0,0,0}}
]
15:53:16.649 [main] INFO  sudoku.model.SudokuBoard - Wartość 0 wstawiona nieprawidłowo
15:53:16.649 [main] INFO  sudoku.model.SudokuBoard - Bład w kwadracie 0
sudoku.model.SudokuBoard@685e6a68[
  size=9
  solver=sudoku.model.BacktrackingSudokuSolver@2fb48970
  board={{4,1,9,3,5,6,7,2,8},{2,8,5,9,1,7,6,3,4},{3,6,7,4,2,8,5,9,1},{7,9,2,5,6,1,8,4,3},{5,3,4,8,7,2,9,1,6},{0,0,0,0,0,0,0,0,0},{0,0,0,0,0,0,0,0,0},{0,0,0,0,0,0,0,0,0},{0,0,0,0,0,0,0,0,0}}
]
15:53:16.649 [main] INFO  sudoku.model.SudokuBoard - Wartość 0 wstawiona nieprawidłowo
15:53:16.649 [main] INFO  sudoku.model.SudokuBoard - Bład w kwadracie 0
sudoku.model.SudokuBoard@685e6a68[
  size=9
  solver=sudoku.model.BacktrackingSudokuSolver@2fb48970
  board={{4,1,9,3,5,6,7,2,8},{2,8,5,9,1,7,6,3,4},{3,6,7,4,2,8,5,9,1},{7,9,2,5,6,1,8,4,3},{5,3,4,8,7,2,9,1,6},{0,0,0,0,0,0,0,0,0},{0,0,0,0,0,0,0,0,0},{0,0,0,0,0,0,0,0,0},{0,0,0,0,0,0,0,0,0}}
]
15:53:16.650 [main] INFO  sudoku.model.SudokuBoard - Wartość 0 wstawiona nieprawidłowo
15:53:16.650 [main] INFO  sudoku.model.SudokuBoard - Bład w kwadracie 0
sudoku.model.SudokuBoard@685e6a68[
  size=9
  solver=sudoku.model.BacktrackingSudokuSolver@2fb48970
  board={{4,1,9,3,5,6,7,2,8},{2,8,5,9,1,7,6,3,4},{3,6,7,4,2,8,5,9,1},{7,9,2,5,6,1,8,4,3},{5,3,4,8,7,2,9,1,0},{0,0,0,0,0,0,0,0,0},{0,0,0,0,0,0,0,0,0},{0,0,0,0,0,0,0,0,0},{0,0,0,0,0,0,0,0,0}}
]
15:53:16.650 [main] INFO  sudoku.model.SudokuBoard - Wartość 0 wstawiona nieprawidłowo
15:53:16.650 [main] INFO  sudoku.model.SudokuBoard - Bład w kwadracie 0
sudoku.model.SudokuBoard@685e6a68[
  size=9
  solver=sudoku.model.BacktrackingSudokuSolver@2fb48970
  board={{4,1,9,3,5,6,7,2,8},{2,8,5,9,1,7,6,3,4},{3,6,7,4,2,8,5,9,1},{7,9,2,5,6,1,8,4,3},{5,3,4,8,7,2,9,0,0},{0,0,0,0,0,0,0,0,0},{0,0,0,0,0,0,0,0,0},{0,0,0,0,0,0,0,0,0},{0,0,0,0,0,0,0,0,0}}
]
15:53:16.650 [main] INFO  sudoku.model.SudokuBoard - Wartość 0 wstawiona nieprawidłowo
15:53:16.650 [main] INFO  sudoku.model.SudokuBoard - Bład w kwadracie 0
sudoku.model.SudokuBoard@685e6a68[
  size=9
  solver=sudoku.model.BacktrackingSudokuSolver@2fb48970
  board={{4,1,9,3,5,6,7,2,8},{2,8,5,9,1,7,6,3,4},{3,6,7,4,2,8,5,9,1},{7,9,2,5,6,1,8,4,3},{5,3,4,8,7,2,9,0,0},{0,0,0,0,0,0,0,0,0},{0,0,0,0,0,0,0,0,0},{0,0,0,0,0,0,0,0,0},{0,0,0,0,0,0,0,0,0}}
]
15:53:16.650 [main] INFO  sudoku.model.SudokuBoard - Wartość 0 wstawiona nieprawidłowo
15:53:16.651 [main] INFO  sudoku.model.SudokuBoard - Bład w kwadracie 0
sudoku.model.SudokuBoard@685e6a68[
  size=9
  solver=sudoku.model.BacktrackingSudokuSolver@2fb48970
  board={{4,1,9,3,5,6,7,2,8},{2,8,5,9,1,7,6,3,4},{3,6,7,4,2,8,5,9,1},{7,9,2,5,6,1,8,4,3},{5,3,4,8,7,2,0,0,0},{0,0,0,0,0,0,0,0,0},{0,0,0,0,0,0,0,0,0},{0,0,0,0,0,0,0,0,0},{0,0,0,0,0,0,0,0,0}}
]
15:53:16.651 [main] INFO  sudoku.model.SudokuBoard - Wartość 0 wstawiona nieprawidłowo
15:53:16.651 [main] INFO  sudoku.model.SudokuBoard - Bład w kwadracie 0
sudoku.model.SudokuBoard@685e6a68[
  size=9
  solver=sudoku.model.BacktrackingSudokuSolver@2fb48970
  board={{4,1,9,3,5,6,7,2,8},{2,8,5,9,1,7,6,3,4},{3,6,7,4,2,8,5,9,1},{7,9,2,5,6,1,8,4,3},{5,3,4,8,7,2,1,6,9},{0,0,0,0,0,0,0,0,0},{0,0,0,0,0,0,0,0,0},{0,0,0,0,0,0,0,0,0},{0,0,0,0,0,0,0,0,0}}
]
15:53:16.651 [main] INFO  sudoku.model.SudokuBoard - Wartość 0 wstawiona nieprawidłowo
15:53:16.651 [main] INFO  sudoku.model.SudokuBoard - Bład w kwadracie 0
sudoku.model.SudokuBoard@685e6a68[
  size=9
  solver=sudoku.model.BacktrackingSudokuSolver@2fb48970
  board={{4,1,9,3,5,6,7,2,8},{2,8,5,9,1,7,6,3,4},{3,6,7,4,2,8,5,9,1},{7,9,2,5,6,1,8,4,3},{5,3,4,8,7,2,1,6,9},{0,0,0,0,0,0,0,0,0},{0,0,0,0,0,0,0,0,0},{0,0,0,0,0,0,0,0,0},{0,0,0,0,0,0,0,0,0}}
]
15:53:16.651 [main] INFO  sudoku.model.SudokuBoard - Wartość 0 wstawiona nieprawidłowo
15:53:16.652 [main] INFO  sudoku.model.SudokuBoard - Bład w kwadracie 0
sudoku.model.SudokuBoard@685e6a68[
  size=9
  solver=sudoku.model.BacktrackingSudokuSolver@2fb48970
  board={{4,1,9,3,5,6,7,2,8},{2,8,5,9,1,7,6,3,4},{3,6,7,4,2,8,5,9,1},{7,9,2,5,6,1,8,4,3},{5,3,4,8,7,2,1,6,9},{0,0,0,0,0,0,0,0,0},{0,0,0,0,0,0,0,0,0},{0,0,0,0,0,0,0,0,0},{0,0,0,0,0,0,0,0,0}}
]
15:53:16.652 [main] INFO  sudoku.model.SudokuBoard - Wartość 0 wstawiona nieprawidłowo
15:53:16.653 [main] INFO  sudoku.model.SudokuBoard - Bład w kwadracie 0
sudoku.model.SudokuBoard@685e6a68[
  size=9
  solver=sudoku.model.BacktrackingSudokuSolver@2fb48970
  board={{4,1,9,3,5,6,7,2,8},{2,8,5,9,1,7,6,3,4},{3,6,7,4,2,8,5,9,1},{7,9,2,5,6,1,8,4,3},{5,3,4,8,7,2,1,6,0},{0,0,0,0,0,0,0,0,0},{0,0,0,0,0,0,0,0,0},{0,0,0,0,0,0,0,0,0},{0,0,0,0,0,0,0,0,0}}
]
15:53:16.653 [main] INFO  sudoku.model.SudokuBoard - Wartość 0 wstawiona nieprawidłowo
15:53:16.653 [main] INFO  sudoku.model.SudokuBoard - Bład w kwadracie 0
sudoku.model.SudokuBoard@685e6a68[
  size=9
  solver=sudoku.model.BacktrackingSudokuSolver@2fb48970
  board={{4,1,9,3,5,6,7,2,8},{2,8,5,9,1,7,6,3,4},{3,6,7,4,2,8,5,9,1},{7,9,2,5,6,1,8,4,3},{5,3,4,8,7,2,1,0,0},{0,0,0,0,0,0,0,0,0},{0,0,0,0,0,0,0,0,0},{0,0,0,0,0,0,0,0,0},{0,0,0,0,0,0,0,0,0}}
]
15:53:16.653 [main] INFO  sudoku.model.SudokuBoard - Wartość 0 wstawiona nieprawidłowo
15:53:16.653 [main] INFO  sudoku.model.SudokuBoard - Bład w kwadracie 0
sudoku.model.SudokuBoard@685e6a68[
  size=9
  solver=sudoku.model.BacktrackingSudokuSolver@2fb48970
  board={{4,1,9,3,5,6,7,2,8},{2,8,5,9,1,7,6,3,4},{3,6,7,4,2,8,5,9,1},{7,9,2,5,6,1,8,4,3},{5,3,4,8,7,2,0,0,0},{0,0,0,0,0,0,0,0,0},{0,0,0,0,0,0,0,0,0},{0,0,0,0,0,0,0,0,0},{0,0,0,0,0,0,0,0,0}}
]
15:53:16.653 [main] INFO  sudoku.model.SudokuBoard - Wartość 0 wstawiona nieprawidłowo
15:53:16.654 [main] INFO  sudoku.model.SudokuBoard - Bład w kwadracie 0
sudoku.model.SudokuBoard@685e6a68[
  size=9
  solver=sudoku.model.BacktrackingSudokuSolver@2fb48970
  board={{4,1,9,3,5,6,7,2,8},{2,8,5,9,1,7,6,3,4},{3,6,7,4,2,8,5,9,1},{7,9,2,5,6,1,8,4,3},{5,3,4,8,7,0,0,0,0},{0,0,0,0,0,0,0,0,0},{0,0,0,0,0,0,0,0,0},{0,0,0,0,0,0,0,0,0},{0,0,0,0,0,0,0,0,0}}
]
15:53:16.654 [main] INFO  sudoku.model.SudokuBoard - Wartość 0 wstawiona nieprawidłowo
15:53:16.654 [main] INFO  sudoku.model.SudokuBoard - Bład w kwadracie 0
sudoku.model.SudokuBoard@685e6a68[
  size=9
  solver=sudoku.model.BacktrackingSudokuSolver@2fb48970
  board={{4,1,9,3,5,6,7,2,8},{2,8,5,9,1,7,6,3,4},{3,6,7,4,2,8,5,9,1},{7,9,2,5,6,1,8,4,3},{5,3,4,8,0,0,0,0,0},{0,0,0,0,0,0,0,0,0},{0,0,0,0,0,0,0,0,0},{0,0,0,0,0,0,0,0,0},{0,0,0,0,0,0,0,0,0}}
]
15:53:16.654 [main] INFO  sudoku.model.SudokuBoard - Wartość 0 wstawiona nieprawidłowo
15:53:16.655 [main] INFO  sudoku.model.SudokuBoard - Bład w kwadracie 0
sudoku.model.SudokuBoard@685e6a68[
  size=9
  solver=sudoku.model.BacktrackingSudokuSolver@2fb48970
  board={{4,1,9,3,5,6,7,2,8},{2,8,5,9,1,7,6,3,4},{3,6,7,4,2,8,5,9,1},{7,9,2,5,6,1,8,4,3},{5,3,4,8,9,2,1,6,7},{0,0,0,0,0,0,0,0,0},{0,0,0,0,0,0,0,0,0},{0,0,0,0,0,0,0,0,0},{0,0,0,0,0,0,0,0,0}}
]
15:53:16.655 [main] INFO  sudoku.model.SudokuBoard - Wartość 0 wstawiona nieprawidłowo
15:53:16.655 [main] INFO  sudoku.model.SudokuBoard - Bład w kwadracie 0
sudoku.model.SudokuBoard@685e6a68[
  size=9
  solver=sudoku.model.BacktrackingSudokuSolver@2fb48970
  board={{4,1,9,3,5,6,7,2,8},{2,8,5,9,1,7,6,3,4},{3,6,7,4,2,8,5,9,1},{7,9,2,5,6,1,8,4,3},{5,3,4,8,9,2,1,6,7},{0,0,0,0,0,0,0,0,0},{0,0,0,0,0,0,0,0,0},{0,0,0,0,0,0,0,0,0},{0,0,0,0,0,0,0,0,0}}
]
15:53:16.655 [main] INFO  sudoku.model.SudokuBoard - Wartość 0 wstawiona nieprawidłowo
15:53:16.656 [main] INFO  sudoku.model.SudokuBoard - Bład w kwadracie 0
sudoku.model.SudokuBoard@685e6a68[
  size=9
  solver=sudoku.model.BacktrackingSudokuSolver@2fb48970
  board={{4,1,9,3,5,6,7,2,8},{2,8,5,9,1,7,6,3,4},{3,6,7,4,2,8,5,9,1},{7,9,2,5,6,1,8,4,3},{5,3,4,8,9,2,1,6,7},{0,0,0,0,0,0,0,0,0},{0,0,0,0,0,0,0,0,0},{0,0,0,0,0,0,0,0,0},{0,0,0,0,0,0,0,0,0}}
]
15:53:16.656 [main] INFO  sudoku.model.SudokuBoard - Wartość 0 wstawiona nieprawidłowo
15:53:16.656 [main] INFO  sudoku.model.SudokuBoard - Bład w kwadracie 0
sudoku.model.SudokuBoard@685e6a68[
  size=9
  solver=sudoku.model.BacktrackingSudokuSolver@2fb48970
  board={{4,1,9,3,5,6,7,2,8},{2,8,5,9,1,7,6,3,4},{3,6,7,4,2,8,5,9,1},{7,9,2,5,6,1,8,4,3},{5,3,4,8,9,2,1,6,0},{0,0,0,0,0,0,0,0,0},{0,0,0,0,0,0,0,0,0},{0,0,0,0,0,0,0,0,0},{0,0,0,0,0,0,0,0,0}}
]
15:53:16.656 [main] INFO  sudoku.model.SudokuBoard - Wartość 0 wstawiona nieprawidłowo
15:53:16.656 [main] INFO  sudoku.model.SudokuBoard - Bład w kwadracie 0
sudoku.model.SudokuBoard@685e6a68[
  size=9
  solver=sudoku.model.BacktrackingSudokuSolver@2fb48970
  board={{4,1,9,3,5,6,7,2,8},{2,8,5,9,1,7,6,3,4},{3,6,7,4,2,8,5,9,1},{7,9,2,5,6,1,8,4,3},{5,3,4,8,9,2,1,0,0},{0,0,0,0,0,0,0,0,0},{0,0,0,0,0,0,0,0,0},{0,0,0,0,0,0,0,0,0},{0,0,0,0,0,0,0,0,0}}
]
15:53:16.657 [main] INFO  sudoku.model.SudokuBoard - Wartość 0 wstawiona nieprawidłowo
15:53:16.657 [main] INFO  sudoku.model.SudokuBoard - Bład w kwadracie 0
sudoku.model.SudokuBoard@685e6a68[
  size=9
  solver=sudoku.model.BacktrackingSudokuSolver@2fb48970
  board={{4,1,9,3,5,6,7,2,8},{2,8,5,9,1,7,6,3,4},{3,6,7,4,2,8,5,9,1},{7,9,2,5,6,1,8,4,3},{5,3,4,8,9,2,1,7,6},{0,0,0,0,0,0,0,0,0},{0,0,0,0,0,0,0,0,0},{0,0,0,0,0,0,0,0,0},{0,0,0,0,0,0,0,0,0}}
]
15:53:16.657 [main] INFO  sudoku.model.SudokuBoard - Wartość 0 wstawiona nieprawidłowo
15:53:16.657 [main] INFO  sudoku.model.SudokuBoard - Bład w kwadracie 0
sudoku.model.SudokuBoard@685e6a68[
  size=9
  solver=sudoku.model.BacktrackingSudokuSolver@2fb48970
  board={{4,1,9,3,5,6,7,2,8},{2,8,5,9,1,7,6,3,4},{3,6,7,4,2,8,5,9,1},{7,9,2,5,6,1,8,4,3},{5,3,4,8,9,2,1,7,6},{0,0,0,0,0,0,0,0,0},{0,0,0,0,0,0,0,0,0},{0,0,0,0,0,0,0,0,0},{0,0,0,0,0,0,0,0,0}}
]
15:53:16.657 [main] INFO  sudoku.model.SudokuBoard - Wartość 0 wstawiona nieprawidłowo
15:53:16.657 [main] INFO  sudoku.model.SudokuBoard - Bład w kwadracie 0
sudoku.model.SudokuBoard@685e6a68[
  size=9
  solver=sudoku.model.BacktrackingSudokuSolver@2fb48970
  board={{4,1,9,3,5,6,7,2,8},{2,8,5,9,1,7,6,3,4},{3,6,7,4,2,8,5,9,1},{7,9,2,5,6,1,8,4,3},{5,3,4,8,9,2,1,7,6},{0,0,0,0,0,0,0,0,0},{0,0,0,0,0,0,0,0,0},{0,0,0,0,0,0,0,0,0},{0,0,0,0,0,0,0,0,0}}
]
15:53:16.658 [main] INFO  sudoku.model.SudokuBoard - Wartość 0 wstawiona nieprawidłowo
15:53:16.658 [main] INFO  sudoku.model.SudokuBoard - Bład w kwadracie 0
sudoku.model.SudokuBoard@685e6a68[
  size=9
  solver=sudoku.model.BacktrackingSudokuSolver@2fb48970
  board={{4,1,9,3,5,6,7,2,8},{2,8,5,9,1,7,6,3,4},{3,6,7,4,2,8,5,9,1},{7,9,2,5,6,1,8,4,3},{5,3,4,8,9,2,1,7,0},{0,0,0,0,0,0,0,0,0},{0,0,0,0,0,0,0,0,0},{0,0,0,0,0,0,0,0,0},{0,0,0,0,0,0,0,0,0}}
]
15:53:16.658 [main] INFO  sudoku.model.SudokuBoard - Wartość 0 wstawiona nieprawidłowo
15:53:16.658 [main] INFO  sudoku.model.SudokuBoard - Bład w kwadracie 0
sudoku.model.SudokuBoard@685e6a68[
  size=9
  solver=sudoku.model.BacktrackingSudokuSolver@2fb48970
  board={{4,1,9,3,5,6,7,2,8},{2,8,5,9,1,7,6,3,4},{3,6,7,4,2,8,5,9,1},{7,9,2,5,6,1,8,4,3},{5,3,4,8,9,2,1,0,0},{0,0,0,0,0,0,0,0,0},{0,0,0,0,0,0,0,0,0},{0,0,0,0,0,0,0,0,0},{0,0,0,0,0,0,0,0,0}}
]
15:53:16.658 [main] INFO  sudoku.model.SudokuBoard - Wartość 0 wstawiona nieprawidłowo
15:53:16.658 [main] INFO  sudoku.model.SudokuBoard - Bład w kwadracie 0
sudoku.model.SudokuBoard@685e6a68[
  size=9
  solver=sudoku.model.BacktrackingSudokuSolver@2fb48970
  board={{4,1,9,3,5,6,7,2,8},{2,8,5,9,1,7,6,3,4},{3,6,7,4,2,8,5,9,1},{7,9,2,5,6,1,8,4,3},{5,3,4,8,9,2,0,0,0},{0,0,0,0,0,0,0,0,0},{0,0,0,0,0,0,0,0,0},{0,0,0,0,0,0,0,0,0},{0,0,0,0,0,0,0,0,0}}
]
15:53:16.659 [main] INFO  sudoku.model.SudokuBoard - Wartość 0 wstawiona nieprawidłowo
15:53:16.659 [main] INFO  sudoku.model.SudokuBoard - Bład w kwadracie 0
sudoku.model.SudokuBoard@685e6a68[
  size=9
  solver=sudoku.model.BacktrackingSudokuSolver@2fb48970
  board={{4,1,9,3,5,6,7,2,8},{2,8,5,9,1,7,6,3,4},{3,6,7,4,2,8,5,9,1},{7,9,2,5,6,1,8,4,3},{5,3,4,8,9,0,0,0,0},{0,0,0,0,0,0,0,0,0},{0,0,0,0,0,0,0,0,0},{0,0,0,0,0,0,0,0,0},{0,0,0,0,0,0,0,0,0}}
]
15:53:16.659 [main] INFO  sudoku.model.SudokuBoard - Wartość 0 wstawiona nieprawidłowo
15:53:16.659 [main] INFO  sudoku.model.SudokuBoard - Bład w kwadracie 0
sudoku.model.SudokuBoard@685e6a68[
  size=9
  solver=sudoku.model.BacktrackingSudokuSolver@2fb48970
  board={{4,1,9,3,5,6,7,2,8},{2,8,5,9,1,7,6,3,4},{3,6,7,4,2,8,5,9,1},{7,9,2,5,6,1,8,4,3},{5,3,4,8,0,0,0,0,0},{0,0,0,0,0,0,0,0,0},{0,0,0,0,0,0,0,0,0},{0,0,0,0,0,0,0,0,0},{0,0,0,0,0,0,0,0,0}}
]
15:53:16.659 [main] INFO  sudoku.model.SudokuBoard - Wartość 0 wstawiona nieprawidłowo
15:53:16.659 [main] INFO  sudoku.model.SudokuBoard - Bład w kwadracie 0
sudoku.model.SudokuBoard@685e6a68[
  size=9
  solver=sudoku.model.BacktrackingSudokuSolver@2fb48970
  board={{4,1,9,3,5,6,7,2,8},{2,8,5,9,1,7,6,3,4},{3,6,7,4,2,8,5,9,1},{7,9,2,5,6,1,8,4,3},{5,3,4,0,0,0,0,0,0},{0,0,0,0,0,0,0,0,0},{0,0,0,0,0,0,0,0,0},{0,0,0,0,0,0,0,0,0},{0,0,0,0,0,0,0,0,0}}
]
15:53:16.659 [main] INFO  sudoku.model.SudokuBoard - Wartość 0 wstawiona nieprawidłowo
15:53:16.660 [main] INFO  sudoku.model.SudokuBoard - Bład w kwadracie 0
sudoku.model.SudokuBoard@685e6a68[
  size=9
  solver=sudoku.model.BacktrackingSudokuSolver@2fb48970
  board={{4,1,9,3,5,6,7,2,8},{2,8,5,9,1,7,6,3,4},{3,6,7,4,2,8,5,9,1},{7,9,2,5,6,1,8,4,3},{5,3,4,2,0,0,0,0,0},{0,0,0,0,0,0,0,0,0},{0,0,0,0,0,0,0,0,0},{0,0,0,0,0,0,0,0,0},{0,0,0,0,0,0,0,0,0}}
]
15:53:16.660 [main] INFO  sudoku.model.SudokuBoard - Wartość 0 wstawiona nieprawidłowo
15:53:16.660 [main] INFO  sudoku.model.SudokuBoard - Bład w kwadracie 0
sudoku.model.SudokuBoard@685e6a68[
  size=9
  solver=sudoku.model.BacktrackingSudokuSolver@2fb48970
  board={{4,1,9,3,5,6,7,2,8},{2,8,5,9,1,7,6,3,4},{3,6,7,4,2,8,5,9,1},{7,9,2,5,6,1,8,4,3},{5,3,4,2,7,9,1,0,0},{0,0,0,0,0,0,0,0,0},{0,0,0,0,0,0,0,0,0},{0,0,0,0,0,0,0,0,0},{0,0,0,0,0,0,0,0,0}}
]
15:53:16.660 [main] INFO  sudoku.model.SudokuBoard - Wartość 0 wstawiona nieprawidłowo
15:53:16.661 [main] INFO  sudoku.model.SudokuBoard - Bład w kwadracie 0
sudoku.model.SudokuBoard@685e6a68[
  size=9
  solver=sudoku.model.BacktrackingSudokuSolver@2fb48970
  board={{4,1,9,3,5,6,7,2,8},{2,8,5,9,1,7,6,3,4},{3,6,7,4,2,8,5,9,1},{7,9,2,5,6,1,8,4,3},{5,3,4,2,7,9,0,0,0},{0,0,0,0,0,0,0,0,0},{0,0,0,0,0,0,0,0,0},{0,0,0,0,0,0,0,0,0},{0,0,0,0,0,0,0,0,0}}
]
15:53:16.661 [main] INFO  sudoku.model.SudokuBoard - Wartość 0 wstawiona nieprawidłowo
15:53:16.661 [main] INFO  sudoku.model.SudokuBoard - Bład w kwadracie 0
sudoku.model.SudokuBoard@685e6a68[
  size=9
  solver=sudoku.model.BacktrackingSudokuSolver@2fb48970
  board={{4,1,9,3,5,6,7,2,8},{2,8,5,9,1,7,6,3,4},{3,6,7,4,2,8,5,9,1},{7,9,2,5,6,1,8,4,3},{5,3,4,2,7,0,0,0,0},{0,0,0,0,0,0,0,0,0},{0,0,0,0,0,0,0,0,0},{0,0,0,0,0,0,0,0,0},{0,0,0,0,0,0,0,0,0}}
]
15:53:16.661 [main] INFO  sudoku.model.SudokuBoard - Wartość 0 wstawiona nieprawidłowo
15:53:16.661 [main] INFO  sudoku.model.SudokuBoard - Bład w kwadracie 0
sudoku.model.SudokuBoard@685e6a68[
  size=9
  solver=sudoku.model.BacktrackingSudokuSolver@2fb48970
  board={{4,1,9,3,5,6,7,2,8},{2,8,5,9,1,7,6,3,4},{3,6,7,4,2,8,5,9,1},{7,9,2,5,6,1,8,4,3},{5,3,4,2,0,0,0,0,0},{0,0,0,0,0,0,0,0,0},{0,0,0,0,0,0,0,0,0},{0,0,0,0,0,0,0,0,0},{0,0,0,0,0,0,0,0,0}}
]
15:53:16.661 [main] INFO  sudoku.model.SudokuBoard - Wartość 0 wstawiona nieprawidłowo
15:53:16.661 [main] INFO  sudoku.model.SudokuBoard - Bład w kwadracie 0
sudoku.model.SudokuBoard@685e6a68[
  size=9
  solver=sudoku.model.BacktrackingSudokuSolver@2fb48970
  board={{4,1,9,3,5,6,7,2,8},{2,8,5,9,1,7,6,3,4},{3,6,7,4,2,8,5,9,1},{7,9,2,5,6,1,8,4,3},{5,3,4,2,8,9,1,6,7},{0,0,0,0,0,0,0,0,0},{0,0,0,0,0,0,0,0,0},{0,0,0,0,0,0,0,0,0},{0,0,0,0,0,0,0,0,0}}
]
15:53:16.661 [main] INFO  sudoku.model.SudokuBoard - Wartość 0 wstawiona nieprawidłowo
15:53:16.662 [main] INFO  sudoku.model.SudokuBoard - Bład w kwadracie 0
sudoku.model.SudokuBoard@685e6a68[
  size=9
  solver=sudoku.model.BacktrackingSudokuSolver@2fb48970
  board={{4,1,9,3,5,6,7,2,8},{2,8,5,9,1,7,6,3,4},{3,6,7,4,2,8,5,9,1},{7,9,2,5,6,1,8,4,3},{5,3,4,2,8,9,1,6,7},{0,0,0,0,0,0,0,0,0},{0,0,0,0,0,0,0,0,0},{0,0,0,0,0,0,0,0,0},{0,0,0,0,0,0,0,0,0}}
]
15:53:16.662 [main] INFO  sudoku.model.SudokuBoard - Wartość 0 wstawiona nieprawidłowo
15:53:16.663 [main] INFO  sudoku.model.SudokuBoard - Bład w kwadracie 0
sudoku.model.SudokuBoard@685e6a68[
  size=9
  solver=sudoku.model.BacktrackingSudokuSolver@2fb48970
  board={{4,1,9,3,5,6,7,2,8},{2,8,5,9,1,7,6,3,4},{3,6,7,4,2,8,5,9,1},{7,9,2,5,6,1,8,4,3},{5,3,4,2,8,9,1,6,7},{0,0,0,0,0,0,0,0,0},{0,0,0,0,0,0,0,0,0},{0,0,0,0,0,0,0,0,0},{0,0,0,0,0,0,0,0,0}}
]
15:53:16.664 [main] INFO  sudoku.model.SudokuBoard - Wartość 0 wstawiona nieprawidłowo
15:53:16.664 [main] INFO  sudoku.model.SudokuBoard - Bład w kwadracie 0
sudoku.model.SudokuBoard@685e6a68[
  size=9
  solver=sudoku.model.BacktrackingSudokuSolver@2fb48970
  board={{4,1,9,3,5,6,7,2,8},{2,8,5,9,1,7,6,3,4},{3,6,7,4,2,8,5,9,1},{7,9,2,5,6,1,8,4,3},{5,3,4,2,8,9,1,6,0},{0,0,0,0,0,0,0,0,0},{0,0,0,0,0,0,0,0,0},{0,0,0,0,0,0,0,0,0},{0,0,0,0,0,0,0,0,0}}
]
15:53:16.664 [main] INFO  sudoku.model.SudokuBoard - Wartość 0 wstawiona nieprawidłowo
15:53:16.664 [main] INFO  sudoku.model.SudokuBoard - Bład w kwadracie 0
sudoku.model.SudokuBoard@685e6a68[
  size=9
  solver=sudoku.model.BacktrackingSudokuSolver@2fb48970
  board={{4,1,9,3,5,6,7,2,8},{2,8,5,9,1,7,6,3,4},{3,6,7,4,2,8,5,9,1},{7,9,2,5,6,1,8,4,3},{5,3,4,2,8,9,1,0,0},{0,0,0,0,0,0,0,0,0},{0,0,0,0,0,0,0,0,0},{0,0,0,0,0,0,0,0,0},{0,0,0,0,0,0,0,0,0}}
]
15:53:16.664 [main] INFO  sudoku.model.SudokuBoard - Wartość 0 wstawiona nieprawidłowo
15:53:16.664 [main] INFO  sudoku.model.SudokuBoard - Bład w kwadracie 0
sudoku.model.SudokuBoard@685e6a68[
  size=9
  solver=sudoku.model.BacktrackingSudokuSolver@2fb48970
  board={{4,1,9,3,5,6,7,2,8},{2,8,5,9,1,7,6,3,4},{3,6,7,4,2,8,5,9,1},{7,9,2,5,6,1,8,4,3},{5,3,4,2,8,9,1,7,6},{0,0,0,0,0,0,0,0,0},{0,0,0,0,0,0,0,0,0},{0,0,0,0,0,0,0,0,0},{0,0,0,0,0,0,0,0,0}}
]
15:53:16.665 [main] INFO  sudoku.model.SudokuBoard - Wartość 0 wstawiona nieprawidłowo
15:53:16.665 [main] INFO  sudoku.model.SudokuBoard - Bład w kwadracie 0
sudoku.model.SudokuBoard@685e6a68[
  size=9
  solver=sudoku.model.BacktrackingSudokuSolver@2fb48970
  board={{4,1,9,3,5,6,7,2,8},{2,8,5,9,1,7,6,3,4},{3,6,7,4,2,8,5,9,1},{7,9,2,5,6,1,8,4,3},{5,3,4,2,8,9,1,7,6},{0,0,0,0,0,0,0,0,0},{0,0,0,0,0,0,0,0,0},{0,0,0,0,0,0,0,0,0},{0,0,0,0,0,0,0,0,0}}
]
15:53:16.665 [main] INFO  sudoku.model.SudokuBoard - Wartość 0 wstawiona nieprawidłowo
15:53:16.665 [main] INFO  sudoku.model.SudokuBoard - Bład w kwadracie 0
sudoku.model.SudokuBoard@685e6a68[
  size=9
  solver=sudoku.model.BacktrackingSudokuSolver@2fb48970
  board={{4,1,9,3,5,6,7,2,8},{2,8,5,9,1,7,6,3,4},{3,6,7,4,2,8,5,9,1},{7,9,2,5,6,1,8,4,3},{5,3,4,2,8,9,1,7,6},{0,0,0,0,0,0,0,0,0},{0,0,0,0,0,0,0,0,0},{0,0,0,0,0,0,0,0,0},{0,0,0,0,0,0,0,0,0}}
]
15:53:16.668 [main] INFO  sudoku.model.SudokuBoard - Wartość 0 wstawiona nieprawidłowo
15:53:16.668 [main] INFO  sudoku.model.SudokuBoard - Bład w kwadracie 0
sudoku.model.SudokuBoard@685e6a68[
  size=9
  solver=sudoku.model.BacktrackingSudokuSolver@2fb48970
  board={{4,1,9,3,5,6,7,2,8},{2,8,5,9,1,7,6,3,4},{3,6,7,4,2,8,5,9,1},{7,9,2,5,6,1,8,4,3},{5,3,4,2,8,9,1,7,0},{0,0,0,0,0,0,0,0,0},{0,0,0,0,0,0,0,0,0},{0,0,0,0,0,0,0,0,0},{0,0,0,0,0,0,0,0,0}}
]
15:53:16.668 [main] INFO  sudoku.model.SudokuBoard - Wartość 0 wstawiona nieprawidłowo
15:53:16.668 [main] INFO  sudoku.model.SudokuBoard - Bład w kwadracie 0
sudoku.model.SudokuBoard@685e6a68[
  size=9
  solver=sudoku.model.BacktrackingSudokuSolver@2fb48970
  board={{4,1,9,3,5,6,7,2,8},{2,8,5,9,1,7,6,3,4},{3,6,7,4,2,8,5,9,1},{7,9,2,5,6,1,8,4,3},{5,3,4,2,8,9,1,0,0},{0,0,0,0,0,0,0,0,0},{0,0,0,0,0,0,0,0,0},{0,0,0,0,0,0,0,0,0},{0,0,0,0,0,0,0,0,0}}
]
15:53:16.668 [main] INFO  sudoku.model.SudokuBoard - Wartość 0 wstawiona nieprawidłowo
15:53:16.668 [main] INFO  sudoku.model.SudokuBoard - Bład w kwadracie 0
sudoku.model.SudokuBoard@685e6a68[
  size=9
  solver=sudoku.model.BacktrackingSudokuSolver@2fb48970
  board={{4,1,9,3,5,6,7,2,8},{2,8,5,9,1,7,6,3,4},{3,6,7,4,2,8,5,9,1},{7,9,2,5,6,1,8,4,3},{5,3,4,2,8,9,0,0,0},{0,0,0,0,0,0,0,0,0},{0,0,0,0,0,0,0,0,0},{0,0,0,0,0,0,0,0,0},{0,0,0,0,0,0,0,0,0}}
]
15:53:16.668 [main] INFO  sudoku.model.SudokuBoard - Wartość 0 wstawiona nieprawidłowo
15:53:16.669 [main] INFO  sudoku.model.SudokuBoard - Bład w kwadracie 0
sudoku.model.SudokuBoard@685e6a68[
  size=9
  solver=sudoku.model.BacktrackingSudokuSolver@2fb48970
  board={{4,1,9,3,5,6,7,2,8},{2,8,5,9,1,7,6,3,4},{3,6,7,4,2,8,5,9,1},{7,9,2,5,6,1,8,4,3},{5,3,4,2,8,0,0,0,0},{0,0,0,0,0,0,0,0,0},{0,0,0,0,0,0,0,0,0},{0,0,0,0,0,0,0,0,0},{0,0,0,0,0,0,0,0,0}}
]
15:53:16.669 [main] INFO  sudoku.model.SudokuBoard - Wartość 0 wstawiona nieprawidłowo
15:53:16.669 [main] INFO  sudoku.model.SudokuBoard - Bład w kwadracie 0
sudoku.model.SudokuBoard@685e6a68[
  size=9
  solver=sudoku.model.BacktrackingSudokuSolver@2fb48970
  board={{4,1,9,3,5,6,7,2,8},{2,8,5,9,1,7,6,3,4},{3,6,7,4,2,8,5,9,1},{7,9,2,5,6,1,8,4,3},{5,3,4,2,0,0,0,0,0},{0,0,0,0,0,0,0,0,0},{0,0,0,0,0,0,0,0,0},{0,0,0,0,0,0,0,0,0},{0,0,0,0,0,0,0,0,0}}
]
15:53:16.669 [main] INFO  sudoku.model.SudokuBoard - Wartość 0 wstawiona nieprawidłowo
15:53:16.669 [main] INFO  sudoku.model.SudokuBoard - Bład w kwadracie 0
sudoku.model.SudokuBoard@685e6a68[
  size=9
  solver=sudoku.model.BacktrackingSudokuSolver@2fb48970
  board={{4,1,9,3,5,6,7,2,8},{2,8,5,9,1,7,6,3,4},{3,6,7,4,2,8,5,9,1},{7,9,2,5,6,1,8,4,3},{5,3,4,0,0,0,0,0,0},{0,0,0,0,0,0,0,0,0},{0,0,0,0,0,0,0,0,0},{0,0,0,0,0,0,0,0,0},{0,0,0,0,0,0,0,0,0}}
]
15:53:16.669 [main] INFO  sudoku.model.SudokuBoard - Wartość 0 wstawiona nieprawidłowo
15:53:16.670 [main] INFO  sudoku.model.SudokuBoard - Bład w kwadracie 0
sudoku.model.SudokuBoard@685e6a68[
  size=9
  solver=sudoku.model.BacktrackingSudokuSolver@2fb48970
  board={{4,1,9,3,5,6,7,2,8},{2,8,5,9,1,7,6,3,4},{3,6,7,4,2,8,5,9,1},{7,9,2,5,6,1,8,4,3},{5,3,0,0,0,0,0,0,0},{0,0,0,0,0,0,0,0,0},{0,0,0,0,0,0,0,0,0},{0,0,0,0,0,0,0,0,0},{0,0,0,0,0,0,0,0,0}}
]
15:53:16.670 [main] INFO  sudoku.model.SudokuBoard - Wartość 0 wstawiona nieprawidłowo
15:53:16.670 [main] INFO  sudoku.model.SudokuBoard - Bład w kwadracie 0
sudoku.model.SudokuBoard@685e6a68[
  size=9
  solver=sudoku.model.BacktrackingSudokuSolver@2fb48970
  board={{4,1,9,3,5,6,7,2,8},{2,8,5,9,1,7,6,3,4},{3,6,7,4,2,8,5,9,1},{7,9,2,5,6,1,8,4,3},{5,3,6,7,8,9,0,0,0},{0,0,0,0,0,0,0,0,0},{0,0,0,0,0,0,0,0,0},{0,0,0,0,0,0,0,0,0},{0,0,0,0,0,0,0,0,0}}
]
15:53:16.670 [main] INFO  sudoku.model.SudokuBoard - Wartość 0 wstawiona nieprawidłowo
15:53:16.670 [main] INFO  sudoku.model.SudokuBoard - Bład w kwadracie 0
sudoku.model.SudokuBoard@685e6a68[
  size=9
  solver=sudoku.model.BacktrackingSudokuSolver@2fb48970
  board={{4,1,9,3,5,6,7,2,8},{2,8,5,9,1,7,6,3,4},{3,6,7,4,2,8,5,9,1},{7,9,2,5,6,1,8,4,3},{5,3,6,7,8,9,2,0,0},{0,0,0,0,0,0,0,0,0},{0,0,0,0,0,0,0,0,0},{0,0,0,0,0,0,0,0,0},{0,0,0,0,0,0,0,0,0}}
]
15:53:16.670 [main] INFO  sudoku.model.SudokuBoard - Wartość 0 wstawiona nieprawidłowo
15:53:16.670 [main] INFO  sudoku.model.SudokuBoard - Bład w kwadracie 0
sudoku.model.SudokuBoard@685e6a68[
  size=9
  solver=sudoku.model.BacktrackingSudokuSolver@2fb48970
  board={{4,1,9,3,5,6,7,2,8},{2,8,5,9,1,7,6,3,4},{3,6,7,4,2,8,5,9,1},{7,9,2,5,6,1,8,4,3},{5,3,6,7,8,9,0,0,0},{0,0,0,0,0,0,0,0,0},{0,0,0,0,0,0,0,0,0},{0,0,0,0,0,0,0,0,0},{0,0,0,0,0,0,0,0,0}}
]
15:53:16.670 [main] INFO  sudoku.model.SudokuBoard - Wartość 0 wstawiona nieprawidłowo
15:53:16.671 [main] INFO  sudoku.model.SudokuBoard - Bład w kwadracie 0
sudoku.model.SudokuBoard@685e6a68[
  size=9
  solver=sudoku.model.BacktrackingSudokuSolver@2fb48970
  board={{4,1,9,3,5,6,7,2,8},{2,8,5,9,1,7,6,3,4},{3,6,7,4,2,8,5,9,1},{7,9,2,5,6,1,8,4,3},{5,3,6,7,8,0,0,0,0},{0,0,0,0,0,0,0,0,0},{0,0,0,0,0,0,0,0,0},{0,0,0,0,0,0,0,0,0},{0,0,0,0,0,0,0,0,0}}
]
15:53:16.673 [main] INFO  sudoku.model.SudokuBoard - Wartość 0 wstawiona nieprawidłowo
15:53:16.673 [main] INFO  sudoku.model.SudokuBoard - Bład w kwadracie 0
sudoku.model.SudokuBoard@685e6a68[
  size=9
  solver=sudoku.model.BacktrackingSudokuSolver@2fb48970
  board={{4,1,9,3,5,6,7,2,8},{2,8,5,9,1,7,6,3,4},{3,6,7,4,2,8,5,9,1},{7,9,2,5,6,1,8,4,3},{5,3,6,7,8,2,9,0,0},{0,0,0,0,0,0,0,0,0},{0,0,0,0,0,0,0,0,0},{0,0,0,0,0,0,0,0,0},{0,0,0,0,0,0,0,0,0}}
]
15:53:16.673 [main] INFO  sudoku.model.SudokuBoard - Wartość 0 wstawiona nieprawidłowo
15:53:16.673 [main] INFO  sudoku.model.SudokuBoard - Bład w kwadracie 0
sudoku.model.SudokuBoard@685e6a68[
  size=9
  solver=sudoku.model.BacktrackingSudokuSolver@2fb48970
  board={{4,1,9,3,5,6,7,2,8},{2,8,5,9,1,7,6,3,4},{3,6,7,4,2,8,5,9,1},{7,9,2,5,6,1,8,4,3},{5,3,6,7,8,2,0,0,0},{0,0,0,0,0,0,0,0,0},{0,0,0,0,0,0,0,0,0},{0,0,0,0,0,0,0,0,0},{0,0,0,0,0,0,0,0,0}}
]
15:53:16.673 [main] INFO  sudoku.model.SudokuBoard - Wartość 0 wstawiona nieprawidłowo
15:53:16.674 [main] INFO  sudoku.model.SudokuBoard - Bład w kwadracie 0
sudoku.model.SudokuBoard@685e6a68[
  size=9
  solver=sudoku.model.BacktrackingSudokuSolver@2fb48970
  board={{4,1,9,3,5,6,7,2,8},{2,8,5,9,1,7,6,3,4},{3,6,7,4,2,8,5,9,1},{7,9,2,5,6,1,8,4,3},{5,3,6,7,8,2,0,0,0},{0,0,0,0,0,0,0,0,0},{0,0,0,0,0,0,0,0,0},{0,0,0,0,0,0,0,0,0},{0,0,0,0,0,0,0,0,0}}
]
15:53:16.674 [main] INFO  sudoku.model.SudokuBoard - Wartość 0 wstawiona nieprawidłowo
15:53:16.674 [main] INFO  sudoku.model.SudokuBoard - Bład w kwadracie 0
sudoku.model.SudokuBoard@685e6a68[
  size=9
  solver=sudoku.model.BacktrackingSudokuSolver@2fb48970
  board={{4,1,9,3,5,6,7,2,8},{2,8,5,9,1,7,6,3,4},{3,6,7,4,2,8,5,9,1},{7,9,2,5,6,1,8,4,3},{5,3,6,7,8,0,0,0,0},{0,0,0,0,0,0,0,0,0},{0,0,0,0,0,0,0,0,0},{0,0,0,0,0,0,0,0,0},{0,0,0,0,0,0,0,0,0}}
]
15:53:16.674 [main] INFO  sudoku.model.SudokuBoard - Wartość 0 wstawiona nieprawidłowo
15:53:16.674 [main] INFO  sudoku.model.SudokuBoard - Bład w kwadracie 0
sudoku.model.SudokuBoard@685e6a68[
  size=9
  solver=sudoku.model.BacktrackingSudokuSolver@2fb48970
  board={{4,1,9,3,5,6,7,2,8},{2,8,5,9,1,7,6,3,4},{3,6,7,4,2,8,5,9,1},{7,9,2,5,6,1,8,4,3},{5,3,6,7,8,4,0,0,0},{0,0,0,0,0,0,0,0,0},{0,0,0,0,0,0,0,0,0},{0,0,0,0,0,0,0,0,0},{0,0,0,0,0,0,0,0,0}}
]
15:53:16.674 [main] INFO  sudoku.model.SudokuBoard - Wartość 0 wstawiona nieprawidłowo
15:53:16.674 [main] INFO  sudoku.model.SudokuBoard - Bład w kwadracie 0
sudoku.model.SudokuBoard@685e6a68[
  size=9
  solver=sudoku.model.BacktrackingSudokuSolver@2fb48970
  board={{4,1,9,3,5,6,7,2,8},{2,8,5,9,1,7,6,3,4},{3,6,7,4,2,8,5,9,1},{7,9,2,5,6,1,8,4,3},{5,3,6,7,8,4,2,1,9},{8,4,1,2,9,0,0,0,0},{0,0,0,0,0,0,0,0,0},{0,0,0,0,0,0,0,0,0},{0,0,0,0,0,0,0,0,0}}
]
15:53:16.674 [main] INFO  sudoku.model.SudokuBoard - Wartość 0 wstawiona nieprawidłowo
15:53:16.674 [main] INFO  sudoku.model.SudokuBoard - Bład w kwadracie 0
sudoku.model.SudokuBoard@685e6a68[
  size=9
  solver=sudoku.model.BacktrackingSudokuSolver@2fb48970
  board={{4,1,9,3,5,6,7,2,8},{2,8,5,9,1,7,6,3,4},{3,6,7,4,2,8,5,9,1},{7,9,2,5,6,1,8,4,3},{5,3,6,7,8,4,2,1,9},{8,4,1,2,0,0,0,0,0},{0,0,0,0,0,0,0,0,0},{0,0,0,0,0,0,0,0,0},{0,0,0,0,0,0,0,0,0}}
]
15:53:16.674 [main] INFO  sudoku.model.SudokuBoard - Wartość 0 wstawiona nieprawidłowo
15:53:16.674 [main] INFO  sudoku.model.SudokuBoard - Bład w kwadracie 0
sudoku.model.SudokuBoard@685e6a68[
  size=9
  solver=sudoku.model.BacktrackingSudokuSolver@2fb48970
  board={{4,1,9,3,5,6,7,2,8},{2,8,5,9,1,7,6,3,4},{3,6,7,4,2,8,5,9,1},{7,9,2,5,6,1,8,4,3},{5,3,6,7,8,4,2,1,9},{8,4,1,2,3,0,0,0,0},{0,0,0,0,0,0,0,0,0},{0,0,0,0,0,0,0,0,0},{0,0,0,0,0,0,0,0,0}}
]
15:53:16.674 [main] INFO  sudoku.model.SudokuBoard - Wartość 0 wstawiona nieprawidłowo
15:53:16.675 [main] INFO  sudoku.model.SudokuBoard - Bład w kwadracie 0
sudoku.model.SudokuBoard@685e6a68[
  size=9
  solver=sudoku.model.BacktrackingSudokuSolver@2fb48970
  board={{4,1,9,3,5,6,7,2,8},{2,8,5,9,1,7,6,3,4},{3,6,7,4,2,8,5,9,1},{7,9,2,5,6,1,8,4,3},{5,3,6,7,8,4,2,1,9},{8,4,1,2,0,0,0,0,0},{0,0,0,0,0,0,0,0,0},{0,0,0,0,0,0,0,0,0},{0,0,0,0,0,0,0,0,0}}
]
15:53:16.675 [main] INFO  sudoku.model.SudokuBoard - Wartość 0 wstawiona nieprawidłowo
15:53:16.675 [main] INFO  sudoku.model.SudokuBoard - Bład w kwadracie 0
sudoku.model.SudokuBoard@685e6a68[
  size=9
  solver=sudoku.model.BacktrackingSudokuSolver@2fb48970
  board={{4,1,9,3,5,6,7,2,8},{2,8,5,9,1,7,6,3,4},{3,6,7,4,2,8,5,9,1},{7,9,2,5,6,1,8,4,3},{5,3,6,7,8,4,2,1,9},{8,4,1,0,0,0,0,0,0},{0,0,0,0,0,0,0,0,0},{0,0,0,0,0,0,0,0,0},{0,0,0,0,0,0,0,0,0}}
]
15:53:16.675 [main] INFO  sudoku.model.SudokuBoard - Wartość 0 wstawiona nieprawidłowo
15:53:16.675 [main] INFO  sudoku.model.SudokuBoard - Bład w kwadracie 0
sudoku.model.SudokuBoard@685e6a68[
  size=9
  solver=sudoku.model.BacktrackingSudokuSolver@2fb48970
  board={{4,1,9,3,5,6,7,2,8},{2,8,5,9,1,7,6,3,4},{3,6,7,4,2,8,5,9,1},{7,9,2,5,6,1,8,4,3},{5,3,6,7,8,4,2,1,9},{8,4,0,0,0,0,0,0,0},{0,0,0,0,0,0,0,0,0},{0,0,0,0,0,0,0,0,0},{0,0,0,0,0,0,0,0,0}}
]
15:53:16.675 [main] INFO  sudoku.model.SudokuBoard - Wartość 0 wstawiona nieprawidłowo
15:53:16.676 [main] INFO  sudoku.model.SudokuBoard - Bład w kwadracie 0
sudoku.model.SudokuBoard@685e6a68[
  size=9
  solver=sudoku.model.BacktrackingSudokuSolver@2fb48970
  board={{4,1,9,3,5,6,7,2,8},{2,8,5,9,1,7,6,3,4},{3,6,7,4,2,8,5,9,1},{7,9,2,5,6,1,8,4,3},{5,3,6,7,8,4,2,1,9},{8,0,0,0,0,0,0,0,0},{0,0,0,0,0,0,0,0,0},{0,0,0,0,0,0,0,0,0},{0,0,0,0,0,0,0,0,0}}
]
15:53:16.676 [main] INFO  sudoku.model.SudokuBoard - Wartość 0 wstawiona nieprawidłowo
15:53:16.676 [main] INFO  sudoku.model.SudokuBoard - Bład w kwadracie 0
sudoku.model.SudokuBoard@685e6a68[
  size=9
  solver=sudoku.model.BacktrackingSudokuSolver@2fb48970
  board={{4,1,9,3,5,6,7,2,8},{2,8,5,9,1,7,6,3,4},{3,6,7,4,2,8,5,9,1},{7,9,2,5,6,1,8,4,3},{5,3,6,7,8,4,2,1,9},{0,0,0,0,0,0,0,0,0},{0,0,0,0,0,0,0,0,0},{0,0,0,0,0,0,0,0,0},{0,0,0,0,0,0,0,0,0}}
]
15:53:16.676 [main] INFO  sudoku.model.SudokuBoard - Wartość 0 wstawiona nieprawidłowo
15:53:16.676 [main] INFO  sudoku.model.SudokuBoard - Bład w kwadracie 0
sudoku.model.SudokuBoard@685e6a68[
  size=9
  solver=sudoku.model.BacktrackingSudokuSolver@2fb48970
  board={{4,1,9,3,5,6,7,2,8},{2,8,5,9,1,7,6,3,4},{3,6,7,4,2,8,5,9,1},{7,9,2,5,6,1,8,4,3},{5,3,6,7,8,4,2,1,9},{1,4,8,2,9,0,0,0,0},{0,0,0,0,0,0,0,0,0},{0,0,0,0,0,0,0,0,0},{0,0,0,0,0,0,0,0,0}}
]
15:53:16.676 [main] INFO  sudoku.model.SudokuBoard - Wartość 0 wstawiona nieprawidłowo
15:53:16.677 [main] INFO  sudoku.model.SudokuBoard - Bład w kwadracie 0
sudoku.model.SudokuBoard@685e6a68[
  size=9
  solver=sudoku.model.BacktrackingSudokuSolver@2fb48970
  board={{4,1,9,3,5,6,7,2,8},{2,8,5,9,1,7,6,3,4},{3,6,7,4,2,8,5,9,1},{7,9,2,5,6,1,8,4,3},{5,3,6,7,8,4,2,1,9},{1,4,8,2,0,0,0,0,0},{0,0,0,0,0,0,0,0,0},{0,0,0,0,0,0,0,0,0},{0,0,0,0,0,0,0,0,0}}
]
15:53:16.677 [main] INFO  sudoku.model.SudokuBoard - Wartość 0 wstawiona nieprawidłowo
15:53:16.677 [main] INFO  sudoku.model.SudokuBoard - Bład w kwadracie 0
sudoku.model.SudokuBoard@685e6a68[
  size=9
  solver=sudoku.model.BacktrackingSudokuSolver@2fb48970
  board={{4,1,9,3,5,6,7,2,8},{2,8,5,9,1,7,6,3,4},{3,6,7,4,2,8,5,9,1},{7,9,2,5,6,1,8,4,3},{5,3,6,7,8,4,2,1,9},{1,4,8,2,3,0,0,0,0},{0,0,0,0,0,0,0,0,0},{0,0,0,0,0,0,0,0,0},{0,0,0,0,0,0,0,0,0}}
]
15:53:16.677 [main] INFO  sudoku.model.SudokuBoard - Wartość 0 wstawiona nieprawidłowo
15:53:16.677 [main] INFO  sudoku.model.SudokuBoard - Bład w kwadracie 0
sudoku.model.SudokuBoard@685e6a68[
  size=9
  solver=sudoku.model.BacktrackingSudokuSolver@2fb48970
  board={{4,1,9,3,5,6,7,2,8},{2,8,5,9,1,7,6,3,4},{3,6,7,4,2,8,5,9,1},{7,9,2,5,6,1,8,4,3},{5,3,6,7,8,4,2,1,9},{1,4,8,2,0,0,0,0,0},{0,0,0,0,0,0,0,0,0},{0,0,0,0,0,0,0,0,0},{0,0,0,0,0,0,0,0,0}}
]
15:53:16.677 [main] INFO  sudoku.model.SudokuBoard - Wartość 0 wstawiona nieprawidłowo
15:53:16.678 [main] INFO  sudoku.model.SudokuBoard - Bład w kwadracie 0
sudoku.model.SudokuBoard@685e6a68[
  size=9
  solver=sudoku.model.BacktrackingSudokuSolver@2fb48970
  board={{4,1,9,3,5,6,7,2,8},{2,8,5,9,1,7,6,3,4},{3,6,7,4,2,8,5,9,1},{7,9,2,5,6,1,8,4,3},{5,3,6,7,8,4,2,1,9},{1,4,8,0,0,0,0,0,0},{0,0,0,0,0,0,0,0,0},{0,0,0,0,0,0,0,0,0},{0,0,0,0,0,0,0,0,0}}
]
15:53:16.678 [main] INFO  sudoku.model.SudokuBoard - Wartość 0 wstawiona nieprawidłowo
15:53:16.678 [main] INFO  sudoku.model.SudokuBoard - Bład w kwadracie 0
sudoku.model.SudokuBoard@685e6a68[
  size=9
  solver=sudoku.model.BacktrackingSudokuSolver@2fb48970
  board={{4,1,9,3,5,6,7,2,8},{2,8,5,9,1,7,6,3,4},{3,6,7,4,2,8,5,9,1},{7,9,2,5,6,1,8,4,3},{5,3,6,7,8,4,2,1,9},{1,4,0,0,0,0,0,0,0},{0,0,0,0,0,0,0,0,0},{0,0,0,0,0,0,0,0,0},{0,0,0,0,0,0,0,0,0}}
]
15:53:16.678 [main] INFO  sudoku.model.SudokuBoard - Wartość 0 wstawiona nieprawidłowo
15:53:16.678 [main] INFO  sudoku.model.SudokuBoard - Bład w kwadracie 0
sudoku.model.SudokuBoard@685e6a68[
  size=9
  solver=sudoku.model.BacktrackingSudokuSolver@2fb48970
  board={{4,1,9,3,5,6,7,2,8},{2,8,5,9,1,7,6,3,4},{3,6,7,4,2,8,5,9,1},{7,9,2,5,6,1,8,4,3},{5,3,6,7,8,4,2,1,9},{1,0,0,0,0,0,0,0,0},{0,0,0,0,0,0,0,0,0},{0,0,0,0,0,0,0,0,0},{0,0,0,0,0,0,0,0,0}}
]
15:53:16.678 [main] INFO  sudoku.model.SudokuBoard - Wartość 0 wstawiona nieprawidłowo
15:53:16.678 [main] INFO  sudoku.model.SudokuBoard - Bład w kwadracie 0
sudoku.model.SudokuBoard@685e6a68[
  size=9
  solver=sudoku.model.BacktrackingSudokuSolver@2fb48970
  board={{4,1,9,3,5,6,7,2,8},{2,8,5,9,1,7,6,3,4},{3,6,7,4,2,8,5,9,1},{7,9,2,5,6,1,8,4,3},{5,3,6,7,8,4,2,1,9},{0,0,0,0,0,0,0,0,0},{0,0,0,0,0,0,0,0,0},{0,0,0,0,0,0,0,0,0},{0,0,0,0,0,0,0,0,0}}
]
15:53:16.678 [main] INFO  sudoku.model.SudokuBoard - Wartość 0 wstawiona nieprawidłowo
15:53:16.680 [main] INFO  sudoku.model.SudokuBoard - Bład w kwadracie 0
sudoku.model.SudokuBoard@685e6a68[
  size=9
  solver=sudoku.model.BacktrackingSudokuSolver@2fb48970
  board={{4,1,9,3,5,6,7,2,8},{2,8,5,9,1,7,6,3,4},{3,6,7,4,2,8,5,9,1},{7,9,2,5,6,1,8,4,3},{5,3,6,7,8,4,2,1,0},{0,0,0,0,0,0,0,0,0},{0,0,0,0,0,0,0,0,0},{0,0,0,0,0,0,0,0,0},{0,0,0,0,0,0,0,0,0}}
]
15:53:16.680 [main] INFO  sudoku.model.SudokuBoard - Wartość 0 wstawiona nieprawidłowo
15:53:16.680 [main] INFO  sudoku.model.SudokuBoard - Bład w kwadracie 0
sudoku.model.SudokuBoard@685e6a68[
  size=9
  solver=sudoku.model.BacktrackingSudokuSolver@2fb48970
  board={{4,1,9,3,5,6,7,2,8},{2,8,5,9,1,7,6,3,4},{3,6,7,4,2,8,5,9,1},{7,9,2,5,6,1,8,4,3},{5,3,6,7,8,4,2,0,0},{0,0,0,0,0,0,0,0,0},{0,0,0,0,0,0,0,0,0},{0,0,0,0,0,0,0,0,0},{0,0,0,0,0,0,0,0,0}}
]
15:53:16.680 [main] INFO  sudoku.model.SudokuBoard - Wartość 0 wstawiona nieprawidłowo
15:53:16.681 [main] INFO  sudoku.model.SudokuBoard - Bład w kwadracie 0
sudoku.model.SudokuBoard@685e6a68[
  size=9
  solver=sudoku.model.BacktrackingSudokuSolver@2fb48970
  board={{4,1,9,3,5,6,7,2,8},{2,8,5,9,1,7,6,3,4},{3,6,7,4,2,8,5,9,1},{7,9,2,5,6,1,8,4,3},{5,3,6,7,8,4,0,0,0},{0,0,0,0,0,0,0,0,0},{0,0,0,0,0,0,0,0,0},{0,0,0,0,0,0,0,0,0},{0,0,0,0,0,0,0,0,0}}
]
15:53:16.681 [main] INFO  sudoku.model.SudokuBoard - Wartość 0 wstawiona nieprawidłowo
15:53:16.681 [main] INFO  sudoku.model.SudokuBoard - Bład w kwadracie 0
sudoku.model.SudokuBoard@685e6a68[
  size=9
  solver=sudoku.model.BacktrackingSudokuSolver@2fb48970
  board={{4,1,9,3,5,6,7,2,8},{2,8,5,9,1,7,6,3,4},{3,6,7,4,2,8,5,9,1},{7,9,2,5,6,1,8,4,3},{5,3,6,7,8,4,9,1,2},{8,4,1,2,9,0,0,0,0},{0,0,0,0,0,0,0,0,0},{0,0,0,0,0,0,0,0,0},{0,0,0,0,0,0,0,0,0}}
]
15:53:16.681 [main] INFO  sudoku.model.SudokuBoard - Wartość 0 wstawiona nieprawidłowo
15:53:16.681 [main] INFO  sudoku.model.SudokuBoard - Bład w kwadracie 0
sudoku.model.SudokuBoard@685e6a68[
  size=9
  solver=sudoku.model.BacktrackingSudokuSolver@2fb48970
  board={{4,1,9,3,5,6,7,2,8},{2,8,5,9,1,7,6,3,4},{3,6,7,4,2,8,5,9,1},{7,9,2,5,6,1,8,4,3},{5,3,6,7,8,4,9,1,2},{8,4,1,2,0,0,0,0,0},{0,0,0,0,0,0,0,0,0},{0,0,0,0,0,0,0,0,0},{0,0,0,0,0,0,0,0,0}}
]
15:53:16.681 [main] INFO  sudoku.model.SudokuBoard - Wartość 0 wstawiona nieprawidłowo
15:53:16.681 [main] INFO  sudoku.model.SudokuBoard - Bład w kwadracie 0
sudoku.model.SudokuBoard@685e6a68[
  size=9
  solver=sudoku.model.BacktrackingSudokuSolver@2fb48970
  board={{4,1,9,3,5,6,7,2,8},{2,8,5,9,1,7,6,3,4},{3,6,7,4,2,8,5,9,1},{7,9,2,5,6,1,8,4,3},{5,3,6,7,8,4,9,1,2},{8,4,1,2,3,0,0,0,0},{0,0,0,0,0,0,0,0,0},{0,0,0,0,0,0,0,0,0},{0,0,0,0,0,0,0,0,0}}
]
15:53:16.681 [main] INFO  sudoku.model.SudokuBoard - Wartość 0 wstawiona nieprawidłowo
15:53:16.681 [main] INFO  sudoku.model.SudokuBoard - Bład w kwadracie 0
sudoku.model.SudokuBoard@685e6a68[
  size=9
  solver=sudoku.model.BacktrackingSudokuSolver@2fb48970
  board={{4,1,9,3,5,6,7,2,8},{2,8,5,9,1,7,6,3,4},{3,6,7,4,2,8,5,9,1},{7,9,2,5,6,1,8,4,3},{5,3,6,7,8,4,9,1,2},{8,4,1,2,0,0,0,0,0},{0,0,0,0,0,0,0,0,0},{0,0,0,0,0,0,0,0,0},{0,0,0,0,0,0,0,0,0}}
]
15:53:16.681 [main] INFO  sudoku.model.SudokuBoard - Wartość 0 wstawiona nieprawidłowo
15:53:16.681 [main] INFO  sudoku.model.SudokuBoard - Bład w kwadracie 0
sudoku.model.SudokuBoard@685e6a68[
  size=9
  solver=sudoku.model.BacktrackingSudokuSolver@2fb48970
  board={{4,1,9,3,5,6,7,2,8},{2,8,5,9,1,7,6,3,4},{3,6,7,4,2,8,5,9,1},{7,9,2,5,6,1,8,4,3},{5,3,6,7,8,4,9,1,2},{8,4,1,0,0,0,0,0,0},{0,0,0,0,0,0,0,0,0},{0,0,0,0,0,0,0,0,0},{0,0,0,0,0,0,0,0,0}}
]
15:53:16.682 [main] INFO  sudoku.model.SudokuBoard - Wartość 0 wstawiona nieprawidłowo
15:53:16.682 [main] INFO  sudoku.model.SudokuBoard - Bład w kwadracie 0
sudoku.model.SudokuBoard@685e6a68[
  size=9
  solver=sudoku.model.BacktrackingSudokuSolver@2fb48970
  board={{4,1,9,3,5,6,7,2,8},{2,8,5,9,1,7,6,3,4},{3,6,7,4,2,8,5,9,1},{7,9,2,5,6,1,8,4,3},{5,3,6,7,8,4,9,1,2},{8,4,0,0,0,0,0,0,0},{0,0,0,0,0,0,0,0,0},{0,0,0,0,0,0,0,0,0},{0,0,0,0,0,0,0,0,0}}
]
15:53:16.682 [main] INFO  sudoku.model.SudokuBoard - Wartość 0 wstawiona nieprawidłowo
15:53:16.682 [main] INFO  sudoku.model.SudokuBoard - Bład w kwadracie 0
sudoku.model.SudokuBoard@685e6a68[
  size=9
  solver=sudoku.model.BacktrackingSudokuSolver@2fb48970
  board={{4,1,9,3,5,6,7,2,8},{2,8,5,9,1,7,6,3,4},{3,6,7,4,2,8,5,9,1},{7,9,2,5,6,1,8,4,3},{5,3,6,7,8,4,9,1,2},{8,0,0,0,0,0,0,0,0},{0,0,0,0,0,0,0,0,0},{0,0,0,0,0,0,0,0,0},{0,0,0,0,0,0,0,0,0}}
]
15:53:16.682 [main] INFO  sudoku.model.SudokuBoard - Wartość 0 wstawiona nieprawidłowo
15:53:16.682 [main] INFO  sudoku.model.SudokuBoard - Bład w kwadracie 0
sudoku.model.SudokuBoard@685e6a68[
  size=9
  solver=sudoku.model.BacktrackingSudokuSolver@2fb48970
  board={{4,1,9,3,5,6,7,2,8},{2,8,5,9,1,7,6,3,4},{3,6,7,4,2,8,5,9,1},{7,9,2,5,6,1,8,4,3},{5,3,6,7,8,4,9,1,2},{0,0,0,0,0,0,0,0,0},{0,0,0,0,0,0,0,0,0},{0,0,0,0,0,0,0,0,0},{0,0,0,0,0,0,0,0,0}}
]
15:53:16.682 [main] INFO  sudoku.model.SudokuBoard - Wartość 0 wstawiona nieprawidłowo
15:53:16.682 [main] INFO  sudoku.model.SudokuBoard - Bład w kwadracie 0
sudoku.model.SudokuBoard@685e6a68[
  size=9
  solver=sudoku.model.BacktrackingSudokuSolver@2fb48970
  board={{4,1,9,3,5,6,7,2,8},{2,8,5,9,1,7,6,3,4},{3,6,7,4,2,8,5,9,1},{7,9,2,5,6,1,8,4,3},{5,3,6,7,8,4,9,1,2},{1,4,8,2,3,0,0,0,0},{0,0,0,0,0,0,0,0,0},{0,0,0,0,0,0,0,0,0},{0,0,0,0,0,0,0,0,0}}
]
15:53:16.682 [main] INFO  sudoku.model.SudokuBoard - Wartość 0 wstawiona nieprawidłowo
15:53:16.682 [main] INFO  sudoku.model.SudokuBoard - Bład w kwadracie 0
sudoku.model.SudokuBoard@685e6a68[
  size=9
  solver=sudoku.model.BacktrackingSudokuSolver@2fb48970
  board={{4,1,9,3,5,6,7,2,8},{2,8,5,9,1,7,6,3,4},{3,6,7,4,2,8,5,9,1},{7,9,2,5,6,1,8,4,3},{5,3,6,7,8,4,9,1,2},{1,4,8,2,0,0,0,0,0},{0,0,0,0,0,0,0,0,0},{0,0,0,0,0,0,0,0,0},{0,0,0,0,0,0,0,0,0}}
]
15:53:16.682 [main] INFO  sudoku.model.SudokuBoard - Wartość 0 wstawiona nieprawidłowo
15:53:16.682 [main] INFO  sudoku.model.SudokuBoard - Bład w kwadracie 0
sudoku.model.SudokuBoard@685e6a68[
  size=9
  solver=sudoku.model.BacktrackingSudokuSolver@2fb48970
  board={{4,1,9,3,5,6,7,2,8},{2,8,5,9,1,7,6,3,4},{3,6,7,4,2,8,5,9,1},{7,9,2,5,6,1,8,4,3},{5,3,6,7,8,4,9,1,2},{1,4,8,2,9,0,0,0,0},{0,0,0,0,0,0,0,0,0},{0,0,0,0,0,0,0,0,0},{0,0,0,0,0,0,0,0,0}}
]
15:53:16.682 [main] INFO  sudoku.model.SudokuBoard - Wartość 0 wstawiona nieprawidłowo
15:53:16.683 [main] INFO  sudoku.model.SudokuBoard - Bład w kwadracie 0
sudoku.model.SudokuBoard@685e6a68[
  size=9
  solver=sudoku.model.BacktrackingSudokuSolver@2fb48970
  board={{4,1,9,3,5,6,7,2,8},{2,8,5,9,1,7,6,3,4},{3,6,7,4,2,8,5,9,1},{7,9,2,5,6,1,8,4,3},{5,3,6,7,8,4,9,1,2},{1,4,8,2,0,0,0,0,0},{0,0,0,0,0,0,0,0,0},{0,0,0,0,0,0,0,0,0},{0,0,0,0,0,0,0,0,0}}
]
15:53:16.683 [main] INFO  sudoku.model.SudokuBoard - Wartość 0 wstawiona nieprawidłowo
15:53:16.683 [main] INFO  sudoku.model.SudokuBoard - Bład w kwadracie 0
sudoku.model.SudokuBoard@685e6a68[
  size=9
  solver=sudoku.model.BacktrackingSudokuSolver@2fb48970
  board={{4,1,9,3,5,6,7,2,8},{2,8,5,9,1,7,6,3,4},{3,6,7,4,2,8,5,9,1},{7,9,2,5,6,1,8,4,3},{5,3,6,7,8,4,9,1,2},{1,4,8,0,0,0,0,0,0},{0,0,0,0,0,0,0,0,0},{0,0,0,0,0,0,0,0,0},{0,0,0,0,0,0,0,0,0}}
]
15:53:16.683 [main] INFO  sudoku.model.SudokuBoard - Wartość 0 wstawiona nieprawidłowo
15:53:16.683 [main] INFO  sudoku.model.SudokuBoard - Bład w kwadracie 0
sudoku.model.SudokuBoard@685e6a68[
  size=9
  solver=sudoku.model.BacktrackingSudokuSolver@2fb48970
  board={{4,1,9,3,5,6,7,2,8},{2,8,5,9,1,7,6,3,4},{3,6,7,4,2,8,5,9,1},{7,9,2,5,6,1,8,4,3},{5,3,6,7,8,4,9,1,2},{1,4,0,0,0,0,0,0,0},{0,0,0,0,0,0,0,0,0},{0,0,0,0,0,0,0,0,0},{0,0,0,0,0,0,0,0,0}}
]
15:53:16.683 [main] INFO  sudoku.model.SudokuBoard - Wartość 0 wstawiona nieprawidłowo
15:53:16.683 [main] INFO  sudoku.model.SudokuBoard - Bład w kwadracie 0
sudoku.model.SudokuBoard@685e6a68[
  size=9
  solver=sudoku.model.BacktrackingSudokuSolver@2fb48970
  board={{4,1,9,3,5,6,7,2,8},{2,8,5,9,1,7,6,3,4},{3,6,7,4,2,8,5,9,1},{7,9,2,5,6,1,8,4,3},{5,3,6,7,8,4,9,1,2},{1,0,0,0,0,0,0,0,0},{0,0,0,0,0,0,0,0,0},{0,0,0,0,0,0,0,0,0},{0,0,0,0,0,0,0,0,0}}
]
15:53:16.683 [main] INFO  sudoku.model.SudokuBoard - Wartość 0 wstawiona nieprawidłowo
15:53:16.683 [main] INFO  sudoku.model.SudokuBoard - Bład w kwadracie 0
sudoku.model.SudokuBoard@685e6a68[
  size=9
  solver=sudoku.model.BacktrackingSudokuSolver@2fb48970
  board={{4,1,9,3,5,6,7,2,8},{2,8,5,9,1,7,6,3,4},{3,6,7,4,2,8,5,9,1},{7,9,2,5,6,1,8,4,3},{5,3,6,7,8,4,9,1,2},{0,0,0,0,0,0,0,0,0},{0,0,0,0,0,0,0,0,0},{0,0,0,0,0,0,0,0,0},{0,0,0,0,0,0,0,0,0}}
]
15:53:16.683 [main] INFO  sudoku.model.SudokuBoard - Wartość 0 wstawiona nieprawidłowo
15:53:16.684 [main] INFO  sudoku.model.SudokuBoard - Bład w kwadracie 0
sudoku.model.SudokuBoard@685e6a68[
  size=9
  solver=sudoku.model.BacktrackingSudokuSolver@2fb48970
  board={{4,1,9,3,5,6,7,2,8},{2,8,5,9,1,7,6,3,4},{3,6,7,4,2,8,5,9,1},{7,9,2,5,6,1,8,4,3},{5,3,6,7,8,4,9,1,0},{0,0,0,0,0,0,0,0,0},{0,0,0,0,0,0,0,0,0},{0,0,0,0,0,0,0,0,0},{0,0,0,0,0,0,0,0,0}}
]
15:53:16.684 [main] INFO  sudoku.model.SudokuBoard - Wartość 0 wstawiona nieprawidłowo
15:53:16.685 [main] INFO  sudoku.model.SudokuBoard - Bład w kwadracie 0
sudoku.model.SudokuBoard@685e6a68[
  size=9
  solver=sudoku.model.BacktrackingSudokuSolver@2fb48970
  board={{4,1,9,3,5,6,7,2,8},{2,8,5,9,1,7,6,3,4},{3,6,7,4,2,8,5,9,1},{7,9,2,5,6,1,8,4,3},{5,3,6,7,8,4,9,0,0},{0,0,0,0,0,0,0,0,0},{0,0,0,0,0,0,0,0,0},{0,0,0,0,0,0,0,0,0},{0,0,0,0,0,0,0,0,0}}
]
15:53:16.686 [main] INFO  sudoku.model.SudokuBoard - Wartość 0 wstawiona nieprawidłowo
15:53:16.686 [main] INFO  sudoku.model.SudokuBoard - Bład w kwadracie 0
sudoku.model.SudokuBoard@685e6a68[
  size=9
  solver=sudoku.model.BacktrackingSudokuSolver@2fb48970
  board={{4,1,9,3,5,6,7,2,8},{2,8,5,9,1,7,6,3,4},{3,6,7,4,2,8,5,9,1},{7,9,2,5,6,1,8,4,3},{5,3,6,7,8,4,0,0,0},{0,0,0,0,0,0,0,0,0},{0,0,0,0,0,0,0,0,0},{0,0,0,0,0,0,0,0,0},{0,0,0,0,0,0,0,0,0}}
]
15:53:16.686 [main] INFO  sudoku.model.SudokuBoard - Wartość 0 wstawiona nieprawidłowo
15:53:16.686 [main] INFO  sudoku.model.SudokuBoard - Bład w kwadracie 0
sudoku.model.SudokuBoard@685e6a68[
  size=9
  solver=sudoku.model.BacktrackingSudokuSolver@2fb48970
  board={{4,1,9,3,5,6,7,2,8},{2,8,5,9,1,7,6,3,4},{3,6,7,4,2,8,5,9,1},{7,9,2,5,6,1,8,4,3},{5,3,6,7,8,0,0,0,0},{0,0,0,0,0,0,0,0,0},{0,0,0,0,0,0,0,0,0},{0,0,0,0,0,0,0,0,0},{0,0,0,0,0,0,0,0,0}}
]
15:53:16.686 [main] INFO  sudoku.model.SudokuBoard - Wartość 0 wstawiona nieprawidłowo
15:53:16.686 [main] INFO  sudoku.model.SudokuBoard - Bład w kwadracie 0
sudoku.model.SudokuBoard@685e6a68[
  size=9
  solver=sudoku.model.BacktrackingSudokuSolver@2fb48970
  board={{4,1,9,3,5,6,7,2,8},{2,8,5,9,1,7,6,3,4},{3,6,7,4,2,8,5,9,1},{7,9,2,5,6,1,8,4,3},{5,3,6,7,0,0,0,0,0},{0,0,0,0,0,0,0,0,0},{0,0,0,0,0,0,0,0,0},{0,0,0,0,0,0,0,0,0},{0,0,0,0,0,0,0,0,0}}
]
15:53:16.686 [main] INFO  sudoku.model.SudokuBoard - Wartość 0 wstawiona nieprawidłowo
15:53:16.687 [main] INFO  sudoku.model.SudokuBoard - Bład w kwadracie 0
sudoku.model.SudokuBoard@685e6a68[
  size=9
  solver=sudoku.model.BacktrackingSudokuSolver@2fb48970
  board={{4,1,9,3,5,6,7,2,8},{2,8,5,9,1,7,6,3,4},{3,6,7,4,2,8,5,9,1},{7,9,2,5,6,1,8,4,3},{5,3,6,7,9,2,0,0,0},{0,0,0,0,0,0,0,0,0},{0,0,0,0,0,0,0,0,0},{0,0,0,0,0,0,0,0,0},{0,0,0,0,0,0,0,0,0}}
]
15:53:16.687 [main] INFO  sudoku.model.SudokuBoard - Wartość 0 wstawiona nieprawidłowo
15:53:16.687 [main] INFO  sudoku.model.SudokuBoard - Bład w kwadracie 0
sudoku.model.SudokuBoard@685e6a68[
  size=9
  solver=sudoku.model.BacktrackingSudokuSolver@2fb48970
  board={{4,1,9,3,5,6,7,2,8},{2,8,5,9,1,7,6,3,4},{3,6,7,4,2,8,5,9,1},{7,9,2,5,6,1,8,4,3},{5,3,6,7,9,0,0,0,0},{0,0,0,0,0,0,0,0,0},{0,0,0,0,0,0,0,0,0},{0,0,0,0,0,0,0,0,0},{0,0,0,0,0,0,0,0,0}}
]
15:53:16.687 [main] INFO  sudoku.model.SudokuBoard - Wartość 0 wstawiona nieprawidłowo
15:53:16.688 [main] INFO  sudoku.model.SudokuBoard - Bład w kwadracie 0
sudoku.model.SudokuBoard@685e6a68[
  size=9
  solver=sudoku.model.BacktrackingSudokuSolver@2fb48970
  board={{4,1,9,3,5,6,7,2,8},{2,8,5,9,1,7,6,3,4},{3,6,7,4,2,8,5,9,1},{7,9,2,5,6,1,8,4,3},{5,3,6,7,9,4,2,0,0},{0,0,0,0,0,0,0,0,0},{0,0,0,0,0,0,0,0,0},{0,0,0,0,0,0,0,0,0},{0,0,0,0,0,0,0,0,0}}
]
15:53:16.688 [main] INFO  sudoku.model.SudokuBoard - Wartość 0 wstawiona nieprawidłowo
15:53:16.688 [main] INFO  sudoku.model.SudokuBoard - Bład w kwadracie 0
sudoku.model.SudokuBoard@685e6a68[
  size=9
  solver=sudoku.model.BacktrackingSudokuSolver@2fb48970
  board={{4,1,9,3,5,6,7,2,8},{2,8,5,9,1,7,6,3,4},{3,6,7,4,2,8,5,9,1},{7,9,2,5,6,1,8,4,3},{5,3,6,7,9,4,0,0,0},{0,0,0,0,0,0,0,0,0},{0,0,0,0,0,0,0,0,0},{0,0,0,0,0,0,0,0,0},{0,0,0,0,0,0,0,0,0}}
]
15:53:16.688 [main] INFO  sudoku.model.SudokuBoard - Wartość 0 wstawiona nieprawidłowo
15:53:16.688 [main] INFO  sudoku.model.SudokuBoard - Bład w kwadracie 0
sudoku.model.SudokuBoard@685e6a68[
  size=9
  solver=sudoku.model.BacktrackingSudokuSolver@2fb48970
  board={{4,1,9,3,5,6,7,2,8},{2,8,5,9,1,7,6,3,4},{3,6,7,4,2,8,5,9,1},{7,9,2,5,6,1,8,4,3},{5,3,6,7,9,4,0,0,0},{0,0,0,0,0,0,0,0,0},{0,0,0,0,0,0,0,0,0},{0,0,0,0,0,0,0,0,0},{0,0,0,0,0,0,0,0,0}}
]
15:53:16.688 [main] INFO  sudoku.model.SudokuBoard - Wartość 0 wstawiona nieprawidłowo
15:53:16.689 [main] INFO  sudoku.model.SudokuBoard - Bład w kwadracie 0
sudoku.model.SudokuBoard@685e6a68[
  size=9
  solver=sudoku.model.BacktrackingSudokuSolver@2fb48970
  board={{4,1,9,3,5,6,7,2,8},{2,8,5,9,1,7,6,3,4},{3,6,7,4,2,8,5,9,1},{7,9,2,5,6,1,8,4,3},{5,3,6,7,9,0,0,0,0},{0,0,0,0,0,0,0,0,0},{0,0,0,0,0,0,0,0,0},{0,0,0,0,0,0,0,0,0},{0,0,0,0,0,0,0,0,0}}
]
15:53:16.689 [main] INFO  sudoku.model.SudokuBoard - Wartość 0 wstawiona nieprawidłowo
15:53:16.689 [main] INFO  sudoku.model.SudokuBoard - Bład w kwadracie 0
sudoku.model.SudokuBoard@685e6a68[
  size=9
  solver=sudoku.model.BacktrackingSudokuSolver@2fb48970
  board={{4,1,9,3,5,6,7,2,8},{2,8,5,9,1,7,6,3,4},{3,6,7,4,2,8,5,9,1},{7,9,2,5,6,1,8,4,3},{5,3,6,7,0,0,0,0,0},{0,0,0,0,0,0,0,0,0},{0,0,0,0,0,0,0,0,0},{0,0,0,0,0,0,0,0,0},{0,0,0,0,0,0,0,0,0}}
]
15:53:16.689 [main] INFO  sudoku.model.SudokuBoard - Wartość 0 wstawiona nieprawidłowo
15:53:16.689 [main] INFO  sudoku.model.SudokuBoard - Bład w kwadracie 0
sudoku.model.SudokuBoard@685e6a68[
  size=9
  solver=sudoku.model.BacktrackingSudokuSolver@2fb48970
  board={{4,1,9,3,5,6,7,2,8},{2,8,5,9,1,7,6,3,4},{3,6,7,4,2,8,5,9,1},{7,9,2,5,6,1,8,4,3},{5,3,6,7,4,2,9,0,0},{0,0,0,0,0,0,0,0,0},{0,0,0,0,0,0,0,0,0},{0,0,0,0,0,0,0,0,0},{0,0,0,0,0,0,0,0,0}}
]
15:53:16.689 [main] INFO  sudoku.model.SudokuBoard - Wartość 0 wstawiona nieprawidłowo
15:53:16.689 [main] INFO  sudoku.model.SudokuBoard - Bład w kwadracie 0
sudoku.model.SudokuBoard@685e6a68[
  size=9
  solver=sudoku.model.BacktrackingSudokuSolver@2fb48970
  board={{4,1,9,3,5,6,7,2,8},{2,8,5,9,1,7,6,3,4},{3,6,7,4,2,8,5,9,1},{7,9,2,5,6,1,8,4,3},{5,3,6,7,4,2,0,0,0},{0,0,0,0,0,0,0,0,0},{0,0,0,0,0,0,0,0,0},{0,0,0,0,0,0,0,0,0},{0,0,0,0,0,0,0,0,0}}
]
15:53:16.689 [main] INFO  sudoku.model.SudokuBoard - Wartość 0 wstawiona nieprawidłowo
15:53:16.689 [main] INFO  sudoku.model.SudokuBoard - Bład w kwadracie 0
sudoku.model.SudokuBoard@685e6a68[
  size=9
  solver=sudoku.model.BacktrackingSudokuSolver@2fb48970
  board={{4,1,9,3,5,6,7,2,8},{2,8,5,9,1,7,6,3,4},{3,6,7,4,2,8,5,9,1},{7,9,2,5,6,1,8,4,3},{5,3,6,7,4,2,0,0,0},{0,0,0,0,0,0,0,0,0},{0,0,0,0,0,0,0,0,0},{0,0,0,0,0,0,0,0,0},{0,0,0,0,0,0,0,0,0}}
]
15:53:16.689 [main] INFO  sudoku.model.SudokuBoard - Wartość 0 wstawiona nieprawidłowo
15:53:16.690 [main] INFO  sudoku.model.SudokuBoard - Bład w kwadracie 0
sudoku.model.SudokuBoard@685e6a68[
  size=9
  solver=sudoku.model.BacktrackingSudokuSolver@2fb48970
  board={{4,1,9,3,5,6,7,2,8},{2,8,5,9,1,7,6,3,4},{3,6,7,4,2,8,5,9,1},{7,9,2,5,6,1,8,4,3},{5,3,6,7,4,0,0,0,0},{0,0,0,0,0,0,0,0,0},{0,0,0,0,0,0,0,0,0},{0,0,0,0,0,0,0,0,0},{0,0,0,0,0,0,0,0,0}}
]
15:53:16.690 [main] INFO  sudoku.model.SudokuBoard - Wartość 0 wstawiona nieprawidłowo
15:53:16.690 [main] INFO  sudoku.model.SudokuBoard - Bład w kwadracie 0
sudoku.model.SudokuBoard@685e6a68[
  size=9
  solver=sudoku.model.BacktrackingSudokuSolver@2fb48970
  board={{4,1,9,3,5,6,7,2,8},{2,8,5,9,1,7,6,3,4},{3,6,7,4,2,8,5,9,1},{7,9,2,5,6,1,8,4,3},{5,3,6,7,4,9,0,0,0},{0,0,0,0,0,0,0,0,0},{0,0,0,0,0,0,0,0,0},{0,0,0,0,0,0,0,0,0},{0,0,0,0,0,0,0,0,0}}
]
15:53:16.690 [main] INFO  sudoku.model.SudokuBoard - Wartość 0 wstawiona nieprawidłowo
15:53:16.690 [main] INFO  sudoku.model.SudokuBoard - Bład w kwadracie 0
sudoku.model.SudokuBoard@685e6a68[
  size=9
  solver=sudoku.model.BacktrackingSudokuSolver@2fb48970
  board={{4,1,9,3,5,6,7,2,8},{2,8,5,9,1,7,6,3,4},{3,6,7,4,2,8,5,9,1},{7,9,2,5,6,1,8,4,3},{5,3,6,7,4,9,2,0,0},{0,0,0,0,0,0,0,0,0},{0,0,0,0,0,0,0,0,0},{0,0,0,0,0,0,0,0,0},{0,0,0,0,0,0,0,0,0}}
]
15:53:16.690 [main] INFO  sudoku.model.SudokuBoard - Wartość 0 wstawiona nieprawidłowo
15:53:16.690 [main] INFO  sudoku.model.SudokuBoard - Bład w kwadracie 0
sudoku.model.SudokuBoard@685e6a68[
  size=9
  solver=sudoku.model.BacktrackingSudokuSolver@2fb48970
  board={{4,1,9,3,5,6,7,2,8},{2,8,5,9,1,7,6,3,4},{3,6,7,4,2,8,5,9,1},{7,9,2,5,6,1,8,4,3},{5,3,6,7,4,9,0,0,0},{0,0,0,0,0,0,0,0,0},{0,0,0,0,0,0,0,0,0},{0,0,0,0,0,0,0,0,0},{0,0,0,0,0,0,0,0,0}}
]
15:53:16.690 [main] INFO  sudoku.model.SudokuBoard - Wartość 0 wstawiona nieprawidłowo
15:53:16.690 [main] INFO  sudoku.model.SudokuBoard - Bład w kwadracie 0
sudoku.model.SudokuBoard@685e6a68[
  size=9
  solver=sudoku.model.BacktrackingSudokuSolver@2fb48970
  board={{4,1,9,3,5,6,7,2,8},{2,8,5,9,1,7,6,3,4},{3,6,7,4,2,8,5,9,1},{7,9,2,5,6,1,8,4,3},{5,3,6,7,4,0,0,0,0},{0,0,0,0,0,0,0,0,0},{0,0,0,0,0,0,0,0,0},{0,0,0,0,0,0,0,0,0},{0,0,0,0,0,0,0,0,0}}
]
15:53:16.690 [main] INFO  sudoku.model.SudokuBoard - Wartość 0 wstawiona nieprawidłowo
15:53:16.690 [main] INFO  sudoku.model.SudokuBoard - Bład w kwadracie 0
sudoku.model.SudokuBoard@685e6a68[
  size=9
  solver=sudoku.model.BacktrackingSudokuSolver@2fb48970
  board={{4,1,9,3,5,6,7,2,8},{2,8,5,9,1,7,6,3,4},{3,6,7,4,2,8,5,9,1},{7,9,2,5,6,1,8,4,3},{5,3,6,7,0,0,0,0,0},{0,0,0,0,0,0,0,0,0},{0,0,0,0,0,0,0,0,0},{0,0,0,0,0,0,0,0,0},{0,0,0,0,0,0,0,0,0}}
]
15:53:16.690 [main] INFO  sudoku.model.SudokuBoard - Wartość 0 wstawiona nieprawidłowo
15:53:16.690 [main] INFO  sudoku.model.SudokuBoard - Bład w kwadracie 0
sudoku.model.SudokuBoard@685e6a68[
  size=9
  solver=sudoku.model.BacktrackingSudokuSolver@2fb48970
  board={{4,1,9,3,5,6,7,2,8},{2,8,5,9,1,7,6,3,4},{3,6,7,4,2,8,5,9,1},{7,9,2,5,6,1,8,4,3},{5,3,6,0,0,0,0,0,0},{0,0,0,0,0,0,0,0,0},{0,0,0,0,0,0,0,0,0},{0,0,0,0,0,0,0,0,0},{0,0,0,0,0,0,0,0,0}}
]
15:53:16.691 [main] INFO  sudoku.model.SudokuBoard - Wartość 0 wstawiona nieprawidłowo
15:53:16.691 [main] INFO  sudoku.model.SudokuBoard - Bład w kwadracie 0
sudoku.model.SudokuBoard@685e6a68[
  size=9
  solver=sudoku.model.BacktrackingSudokuSolver@2fb48970
  board={{4,1,9,3,5,6,7,2,8},{2,8,5,9,1,7,6,3,4},{3,6,7,4,2,8,5,9,1},{7,9,2,5,6,1,8,4,3},{5,3,6,8,4,9,1,7,2},{8,4,1,7,3,2,9,5,6},{9,2,4,6,7,0,0,0,0},{0,0,0,0,0,0,0,0,0},{0,0,0,0,0,0,0,0,0}}
]
15:53:16.691 [main] INFO  sudoku.model.SudokuBoard - Wartość 0 wstawiona nieprawidłowo
15:53:16.691 [main] INFO  sudoku.model.SudokuBoard - Bład w kwadracie 0
sudoku.model.SudokuBoard@685e6a68[
  size=9
  solver=sudoku.model.BacktrackingSudokuSolver@2fb48970
  board={{4,1,9,3,5,6,7,2,8},{2,8,5,9,1,7,6,3,4},{3,6,7,4,2,8,5,9,1},{7,9,2,5,6,1,8,4,3},{5,3,6,8,4,9,1,7,2},{8,4,1,7,3,2,9,5,6},{9,2,4,6,7,5,3,0,0},{0,0,0,0,0,0,0,0,0},{0,0,0,0,0,0,0,0,0}}
]
15:53:16.691 [main] INFO  sudoku.model.SudokuBoard - Wartość 0 wstawiona nieprawidłowo
15:53:16.691 [main] INFO  sudoku.model.SudokuBoard - Bład w kwadracie 0
sudoku.model.SudokuBoard@685e6a68[
  size=9
  solver=sudoku.model.BacktrackingSudokuSolver@2fb48970
  board={{4,1,9,3,5,6,7,2,8},{2,8,5,9,1,7,6,3,4},{3,6,7,4,2,8,5,9,1},{7,9,2,5,6,1,8,4,3},{5,3,6,8,4,9,1,7,2},{8,4,1,7,3,2,9,5,6},{9,2,4,6,7,5,3,0,0},{0,0,0,0,0,0,0,0,0},{0,0,0,0,0,0,0,0,0}}
]
15:53:16.691 [main] INFO  sudoku.model.SudokuBoard - Wartość 0 wstawiona nieprawidłowo
15:53:16.691 [main] INFO  sudoku.model.SudokuBoard - Bład w kwadracie 0
sudoku.model.SudokuBoard@685e6a68[
  size=9
  solver=sudoku.model.BacktrackingSudokuSolver@2fb48970
  board={{4,1,9,3,5,6,7,2,8},{2,8,5,9,1,7,6,3,4},{3,6,7,4,2,8,5,9,1},{7,9,2,5,6,1,8,4,3},{5,3,6,8,4,9,1,7,2},{8,4,1,7,3,2,9,5,6},{9,2,4,6,7,5,0,0,0},{0,0,0,0,0,0,0,0,0},{0,0,0,0,0,0,0,0,0}}
]
15:53:16.691 [main] INFO  sudoku.model.SudokuBoard - Wartość 0 wstawiona nieprawidłowo
15:53:16.692 [main] INFO  sudoku.model.SudokuBoard - Bład w kwadracie 0
sudoku.model.SudokuBoard@685e6a68[
  size=9
  solver=sudoku.model.BacktrackingSudokuSolver@2fb48970
  board={{4,1,9,3,5,6,7,2,8},{2,8,5,9,1,7,6,3,4},{3,6,7,4,2,8,5,9,1},{7,9,2,5,6,1,8,4,3},{5,3,6,8,4,9,1,7,2},{8,4,1,7,3,2,9,5,6},{9,2,4,6,7,0,0,0,0},{0,0,0,0,0,0,0,0,0},{0,0,0,0,0,0,0,0,0}}
]
15:53:16.692 [main] INFO  sudoku.model.SudokuBoard - Wartość 0 wstawiona nieprawidłowo
15:53:16.692 [main] INFO  sudoku.model.SudokuBoard - Bład w kwadracie 0
sudoku.model.SudokuBoard@685e6a68[
  size=9
  solver=sudoku.model.BacktrackingSudokuSolver@2fb48970
  board={{4,1,9,3,5,6,7,2,8},{2,8,5,9,1,7,6,3,4},{3,6,7,4,2,8,5,9,1},{7,9,2,5,6,1,8,4,3},{5,3,6,8,4,9,1,7,2},{8,4,1,7,3,2,9,5,6},{9,2,4,6,0,0,0,0,0},{0,0,0,0,0,0,0,0,0},{0,0,0,0,0,0,0,0,0}}
]
15:53:16.692 [main] INFO  sudoku.model.SudokuBoard - Wartość 0 wstawiona nieprawidłowo
15:53:16.692 [main] INFO  sudoku.model.SudokuBoard - Bład w kwadracie 0
sudoku.model.SudokuBoard@685e6a68[
  size=9
  solver=sudoku.model.BacktrackingSudokuSolver@2fb48970
  board={{4,1,9,3,5,6,7,2,8},{2,8,5,9,1,7,6,3,4},{3,6,7,4,2,8,5,9,1},{7,9,2,5,6,1,8,4,3},{5,3,6,8,4,9,1,7,2},{8,4,1,7,3,2,9,5,6},{9,2,4,6,8,0,0,0,0},{0,0,0,0,0,0,0,0,0},{0,0,0,0,0,0,0,0,0}}
]
15:53:16.692 [main] INFO  sudoku.model.SudokuBoard - Wartość 0 wstawiona nieprawidłowo
15:53:16.693 [main] INFO  sudoku.model.SudokuBoard - Bład w kwadracie 0
sudoku.model.SudokuBoard@685e6a68[
  size=9
  solver=sudoku.model.BacktrackingSudokuSolver@2fb48970
  board={{0,1,9,3,5,6,7,2,8},{2,8,5,9,1,7,6,3,4},{3,6,7,4,2,8,5,9,1},{7,9,2,5,6,1,8,4,3},{5,3,6,8,4,9,1,7,2},{8,4,1,7,3,2,9,5,6},{9,2,4,6,8,5,3,1,7},{6,7,3,1,9,4,2,8,5},{1,5,8,2,7,3,4,6,9}}
]
15:53:16.693 [main] INFO  sudoku.model.SudokuBoard - Wartość 0 wstawiona nieprawidłowo
]]></system-out>
  </testcase>
</testsuite>