<?xml version="1.0" encoding="UTF-8"?>
<testsuite xmlns:xsi="http://www.w3.org/2001/XMLSchema-instance" xsi:noNamespaceSchemaLocation="https://maven.apache.org/surefire/maven-surefire-plugin/xsd/surefire-test-report-3.0.xsd" version="3.0" name="sudoku.FileSudokuBoardDaoTest" time="0.36" tests="1" errors="0" skipped="0" failures="0">
  <properties>
    <property name="java.specification.version" value="14"/>
    <property name="sun.cpu.isalist" value="amd64"/>
    <property name="sun.jnu.encoding" value="Cp1252"/>
    <property name="java.class.path" value="D:\New\an_pn_1145_03\target\test-classes;D:\New\an_pn_1145_03\target\classes;C:\Users\MaciekDate\.m2\repository\org\junit\jupiter\junit-jupiter-engine\5.6.2\junit-jupiter-engine-5.6.2.jar;C:\Users\MaciekDate\.m2\repository\org\apiguardian\apiguardian-api\1.1.0\apiguardian-api-1.1.0.jar;C:\Users\MaciekDate\.m2\repository\org\junit\platform\junit-platform-engine\1.6.2\junit-platform-engine-1.6.2.jar;C:\Users\MaciekDate\.m2\repository\org\opentest4j\opentest4j\1.2.0\opentest4j-1.2.0.jar;C:\Users\MaciekDate\.m2\repository\org\junit\platform\junit-platform-commons\1.6.2\junit-platform-commons-1.6.2.jar;C:\Users\MaciekDate\.m2\repository\org\junit\jupiter\junit-jupiter-api\5.6.2\junit-jupiter-api-5.6.2.jar;C:\Users\MaciekDate\.m2\repository\org\apache\commons\commons-lang3\3.11\commons-lang3-3.11.jar;"/>
    <property name="java.vm.vendor" value="Oracle Corporation"/>
    <property name="sun.arch.data.model" value="64"/>
    <property name="user.variant" value=""/>
    <property name="java.vendor.url" value="https://java.oracle.com/"/>
    <property name="user.timezone" value="Europe/Warsaw"/>
    <property name="os.name" value="Windows 10"/>
    <property name="java.vm.specification.version" value="14"/>
    <property name="sun.java.launcher" value="SUN_STANDARD"/>
    <property name="user.country" value="US"/>
    <property name="sun.boot.library.path" value="D:\openjdk\jdk-14.0.2\bin"/>
    <property name="sun.java.command" value="C:\Users\MaciekDate\AppData\Local\Temp\surefire10591320995017482865\surefirebooter6490994286011389192.jar C:\Users\MaciekDate\AppData\Local\Temp\surefire10591320995017482865 2020-12-06T12-36-44_783-jvmRun1 surefire13244675000881134637tmp surefire_09117911246354889668tmp"/>
    <property name="jdk.debug" value="release"/>
    <property name="surefire.test.class.path" value="D:\New\an_pn_1145_03\target\test-classes;D:\New\an_pn_1145_03\target\classes;C:\Users\MaciekDate\.m2\repository\org\junit\jupiter\junit-jupiter-engine\5.6.2\junit-jupiter-engine-5.6.2.jar;C:\Users\MaciekDate\.m2\repository\org\apiguardian\apiguardian-api\1.1.0\apiguardian-api-1.1.0.jar;C:\Users\MaciekDate\.m2\repository\org\junit\platform\junit-platform-engine\1.6.2\junit-platform-engine-1.6.2.jar;C:\Users\MaciekDate\.m2\repository\org\opentest4j\opentest4j\1.2.0\opentest4j-1.2.0.jar;C:\Users\MaciekDate\.m2\repository\org\junit\platform\junit-platform-commons\1.6.2\junit-platform-commons-1.6.2.jar;C:\Users\MaciekDate\.m2\repository\org\junit\jupiter\junit-jupiter-api\5.6.2\junit-jupiter-api-5.6.2.jar;C:\Users\MaciekDate\.m2\repository\org\apache\commons\commons-lang3\3.11\commons-lang3-3.11.jar;"/>
    <property name="sun.cpu.endian" value="little"/>
    <property name="user.home" value="C:\Users\MaciekDate"/>
    <property name="user.language" value="en"/>
    <property name="java.specification.vendor" value="Oracle Corporation"/>
    <property name="java.version.date" value="2020-07-14"/>
    <property name="java.home" value="D:\openjdk\jdk-14.0.2"/>
    <property name="file.separator" value="\"/>
    <property name="basedir" value="D:\New\an_pn_1145_03"/>
    <property name="java.vm.compressedOopsMode" value="Zero based"/>
    <property name="line.separator" value="&#10;"/>
    <property name="java.vm.specification.vendor" value="Oracle Corporation"/>
    <property name="java.specification.name" value="Java Platform API Specification"/>
    <property name="surefire.real.class.path" value="C:\Users\MaciekDate\AppData\Local\Temp\surefire10591320995017482865\surefirebooter6490994286011389192.jar"/>
    <property name="user.script" value=""/>
    <property name="sun.management.compiler" value="HotSpot 64-Bit Tiered Compilers"/>
    <property name="java.runtime.version" value="14.0.2+12-46"/>
    <property name="user.name" value="MaciekDate"/>
    <property name="path.separator" value=";"/>
    <property name="os.version" value="10.0"/>
    <property name="java.runtime.name" value="OpenJDK Runtime Environment"/>
    <property name="file.encoding" value="Cp1252"/>
    <property name="java.vm.name" value="OpenJDK 64-Bit Server VM"/>
    <property name="localRepository" value="C:\Users\MaciekDate\.m2\repository"/>
    <property name="java.vendor.url.bug" value="https://bugreport.java.com/bugreport/"/>
    <property name="java.io.tmpdir" value="C:\Users\MACIEK~1\AppData\Local\Temp\"/>
    <property name="idea.version" value="2020.2.4"/>
    <property name="java.version" value="14.0.2"/>
    <property name="user.dir" value="D:\New\an_pn_1145_03"/>
    <property name="os.arch" value="amd64"/>
    <property name="java.vm.specification.name" value="Java Virtual Machine Specification"/>
    <property name="sun.os.patch.level" value=""/>
    <property name="java.library.path" value="D:\openjdk\jdk-14.0.2\bin;C:\Windows\Sun\Java\bin;C:\Windows\system32;C:\Windows;c:\program files\python39\scripts\;c:\program files\python39\;c:\programdata\oracle\java\javapath;c:\program files (x86)\common files\oracle\java\javapath;c:\windows\system32;c:\windows;c:\windows\system32\wbem;c:\windows\system32\windowspowershell\v1.0\;c:\windows\system32\openssh\;c:\program files\nvidia corporation\nvidia nvdlisr;C:\Users\MaciekDate\AppData\Local\Microsoft\WindowsApps;C:\Users\MaciekDate\AppData\Local\GitHubDesktop\bin;D:\Programs\PyCharm 2020.2.3\bin;;D:\Programs\CLion 2020.2.4\bin;;."/>
    <property name="java.vm.info" value="mixed mode, sharing"/>
    <property name="java.vendor" value="Oracle Corporation"/>
    <property name="java.vm.version" value="14.0.2+12-46"/>
    <property name="sun.io.unicode.encoding" value="UnicodeLittle"/>
    <property name="java.class.version" value="58.0"/>
  </properties>
  <testcase name="writeReadTest" classname="sudoku.FileSudokuBoardDaoTest" time="0.357">
    <system-out><![CDATA[Bład w kwadracie 0
sudoku.SudokuBoard@77a2aa4a[
  size=9
  solver=sudoku.BacktrackingSudokuSolver@47ad69f7
  board={{9,4,3,1,8,2,5,6,7},{5,6,8,7,3,9,1,2,4},{1,2,7,4,5,6,3,9,8},{8,5,9,2,4,1,7,3,6},{2,7,1,8,6,3,4,5,9},{6,3,4,9,7,5,8,1,2},{7,8,6,3,9,4,0,0,0},{0,0,0,0,0,0,0,0,0},{0,0,0,0,0,0,0,0,0}}
]
Wartość 0 wstawiona nieprawidłowo
Bład w kwadracie 0
sudoku.SudokuBoard@77a2aa4a[
  size=9
  solver=sudoku.BacktrackingSudokuSolver@47ad69f7
  board={{9,4,3,1,8,2,5,6,7},{5,6,8,7,3,9,1,2,4},{1,2,7,4,5,6,3,9,8},{8,5,9,2,4,1,7,3,6},{2,7,1,8,6,3,4,5,9},{6,3,4,9,7,5,8,1,2},{7,8,6,3,9,0,0,0,0},{0,0,0,0,0,0,0,0,0},{0,0,0,0,0,0,0,0,0}}
]
Wartość 0 wstawiona nieprawidłowo
Bład w kwadracie 0
sudoku.SudokuBoard@77a2aa4a[
  size=9
  solver=sudoku.BacktrackingSudokuSolver@47ad69f7
  board={{9,4,3,1,8,2,5,6,7},{5,6,8,7,3,9,1,2,4},{1,2,7,4,5,6,3,9,8},{8,5,9,2,4,1,7,3,6},{2,7,1,8,6,3,4,5,9},{6,3,4,9,7,5,8,1,2},{7,8,6,3,0,0,0,0,0},{0,0,0,0,0,0,0,0,0},{0,0,0,0,0,0,0,0,0}}
]
Wartość 0 wstawiona nieprawidłowo
Bład w kwadracie 0
sudoku.SudokuBoard@77a2aa4a[
  size=9
  solver=sudoku.BacktrackingSudokuSolver@47ad69f7
  board={{9,4,3,1,8,2,5,6,7},{5,6,8,7,3,9,1,2,4},{1,2,7,4,5,6,3,9,8},{8,5,9,2,4,1,7,3,6},{2,7,1,8,6,3,4,5,9},{6,3,4,9,7,5,8,1,2},{7,8,6,3,1,4,0,0,0},{0,0,0,0,0,0,0,0,0},{0,0,0,0,0,0,0,0,0}}
]
Wartość 0 wstawiona nieprawidłowo
Bład w kwadracie 0
sudoku.SudokuBoard@77a2aa4a[
  size=9
  solver=sudoku.BacktrackingSudokuSolver@47ad69f7
  board={{9,4,3,1,8,2,5,6,7},{5,6,8,7,3,9,1,2,4},{1,2,7,4,5,6,3,9,8},{8,5,9,2,4,1,7,3,6},{2,7,1,8,6,3,4,5,9},{6,3,4,9,7,5,8,1,2},{7,8,6,3,1,4,0,0,0},{0,0,0,0,0,0,0,0,0},{0,0,0,0,0,0,0,0,0}}
]
Wartość 0 wstawiona nieprawidłowo
Bład w kwadracie 0
sudoku.SudokuBoard@77a2aa4a[
  size=9
  solver=sudoku.BacktrackingSudokuSolver@47ad69f7
  board={{9,4,3,1,8,2,5,6,7},{5,6,8,7,3,9,1,2,4},{1,2,7,4,5,6,3,9,8},{8,5,9,2,4,1,7,3,6},{2,7,1,8,6,3,4,5,9},{6,3,4,9,7,5,8,1,2},{7,8,6,3,1,0,0,0,0},{0,0,0,0,0,0,0,0,0},{0,0,0,0,0,0,0,0,0}}
]
Wartość 0 wstawiona nieprawidłowo
Bład w kwadracie 0
sudoku.SudokuBoard@77a2aa4a[
  size=9
  solver=sudoku.BacktrackingSudokuSolver@47ad69f7
  board={{9,4,3,1,8,2,5,6,7},{5,6,8,7,3,9,1,2,4},{1,2,7,4,5,6,3,9,8},{8,5,9,2,4,1,7,3,6},{2,7,1,8,6,3,4,5,9},{6,3,4,9,7,5,8,1,2},{7,8,6,3,0,0,0,0,0},{0,0,0,0,0,0,0,0,0},{0,0,0,0,0,0,0,0,0}}
]
Wartość 0 wstawiona nieprawidłowo
Bład w kwadracie 0
sudoku.SudokuBoard@77a2aa4a[
  size=9
  solver=sudoku.BacktrackingSudokuSolver@47ad69f7
  board={{9,4,3,1,8,2,5,6,7},{5,6,8,7,3,9,1,2,4},{1,2,7,4,5,6,3,9,8},{8,5,9,2,4,1,7,3,6},{2,7,1,8,6,3,4,5,9},{6,3,4,9,7,5,8,1,2},{7,8,6,3,2,4,0,0,0},{0,0,0,0,0,0,0,0,0},{0,0,0,0,0,0,0,0,0}}
]
Wartość 0 wstawiona nieprawidłowo
Bład w kwadracie 0
sudoku.SudokuBoard@77a2aa4a[
  size=9
  solver=sudoku.BacktrackingSudokuSolver@47ad69f7
  board={{9,4,3,1,8,2,5,6,7},{5,6,8,7,3,9,1,2,4},{1,2,7,4,5,6,3,9,8},{8,5,9,2,4,1,7,3,6},{2,7,1,8,6,3,4,5,9},{6,3,4,9,7,5,8,1,2},{7,8,6,3,2,0,0,0,0},{0,0,0,0,0,0,0,0,0},{0,0,0,0,0,0,0,0,0}}
]
Wartość 0 wstawiona nieprawidłowo
Bład w kwadracie 0
sudoku.SudokuBoard@77a2aa4a[
  size=9
  solver=sudoku.BacktrackingSudokuSolver@47ad69f7
  board={{9,4,3,1,8,2,5,6,7},{5,6,8,7,3,9,1,2,4},{1,2,7,4,5,6,3,9,8},{8,5,9,2,4,1,7,3,6},{2,7,1,8,6,3,4,5,9},{6,3,4,9,7,5,8,1,2},{7,8,6,3,0,0,0,0,0},{0,0,0,0,0,0,0,0,0},{0,0,0,0,0,0,0,0,0}}
]
Wartość 0 wstawiona nieprawidłowo
Bład w kwadracie 0
sudoku.SudokuBoard@77a2aa4a[
  size=9
  solver=sudoku.BacktrackingSudokuSolver@47ad69f7
  board={{9,4,3,1,8,2,5,6,7},{5,6,8,7,3,9,1,2,4},{1,2,7,4,5,6,3,9,8},{8,5,9,2,4,1,7,3,6},{2,7,1,8,6,3,4,5,9},{6,3,4,9,7,5,8,1,2},{7,8,6,0,0,0,0,0,0},{0,0,0,0,0,0,0,0,0},{0,0,0,0,0,0,0,0,0}}
]
Wartość 0 wstawiona nieprawidłowo
Bład w kwadracie 0
sudoku.SudokuBoard@77a2aa4a[
  size=9
  solver=sudoku.BacktrackingSudokuSolver@47ad69f7
  board={{9,4,3,1,8,2,5,6,7},{5,6,8,7,3,9,1,2,4},{1,2,7,4,5,6,3,9,8},{8,5,9,2,4,1,7,3,6},{2,7,1,8,6,3,4,5,9},{6,3,4,9,7,5,8,1,2},{7,8,6,5,9,4,0,0,0},{0,0,0,0,0,0,0,0,0},{0,0,0,0,0,0,0,0,0}}
]
Wartość 0 wstawiona nieprawidłowo
Bład w kwadracie 0
sudoku.SudokuBoard@77a2aa4a[
  size=9
  solver=sudoku.BacktrackingSudokuSolver@47ad69f7
  board={{9,4,3,1,8,2,5,6,7},{5,6,8,7,3,9,1,2,4},{1,2,7,4,5,6,3,9,8},{8,5,9,2,4,1,7,3,6},{2,7,1,8,6,3,4,5,9},{6,3,4,9,7,5,8,1,2},{7,8,6,5,9,0,0,0,0},{0,0,0,0,0,0,0,0,0},{0,0,0,0,0,0,0,0,0}}
]
Wartość 0 wstawiona nieprawidłowo
Bład w kwadracie 0
sudoku.SudokuBoard@77a2aa4a[
  size=9
  solver=sudoku.BacktrackingSudokuSolver@47ad69f7
  board={{9,4,3,1,8,2,5,6,7},{5,6,8,7,3,9,1,2,4},{1,2,7,4,5,6,3,9,8},{8,5,9,2,4,1,7,3,6},{2,7,1,8,6,3,4,5,9},{6,3,4,9,7,5,8,1,2},{7,8,6,5,0,0,0,0,0},{0,0,0,0,0,0,0,0,0},{0,0,0,0,0,0,0,0,0}}
]
Wartość 0 wstawiona nieprawidłowo
Bład w kwadracie 0
sudoku.SudokuBoard@77a2aa4a[
  size=9
  solver=sudoku.BacktrackingSudokuSolver@47ad69f7
  board={{9,4,3,1,8,2,5,6,7},{5,6,8,7,3,9,1,2,4},{1,2,7,4,5,6,3,9,8},{8,5,9,2,4,1,7,3,6},{2,7,1,8,6,3,4,5,9},{6,3,4,9,7,5,8,1,2},{7,8,6,5,1,4,0,0,0},{0,0,0,0,0,0,0,0,0},{0,0,0,0,0,0,0,0,0}}
]
Wartość 0 wstawiona nieprawidłowo
Bład w kwadracie 0
sudoku.SudokuBoard@77a2aa4a[
  size=9
  solver=sudoku.BacktrackingSudokuSolver@47ad69f7
  board={{9,4,3,1,8,2,5,6,7},{5,6,8,7,3,9,1,2,4},{1,2,7,4,5,6,3,9,8},{8,5,9,2,4,1,7,3,6},{2,7,1,8,6,3,4,5,9},{6,3,4,9,7,5,8,1,2},{7,8,6,5,1,4,0,0,0},{0,0,0,0,0,0,0,0,0},{0,0,0,0,0,0,0,0,0}}
]
Wartość 0 wstawiona nieprawidłowo
Bład w kwadracie 0
sudoku.SudokuBoard@77a2aa4a[
  size=9
  solver=sudoku.BacktrackingSudokuSolver@47ad69f7
  board={{9,4,3,1,8,2,5,6,7},{5,6,8,7,3,9,1,2,4},{1,2,7,4,5,6,3,9,8},{8,5,9,2,4,1,7,3,6},{2,7,1,8,6,3,4,5,9},{6,3,4,9,7,5,8,1,2},{7,8,6,5,1,0,0,0,0},{0,0,0,0,0,0,0,0,0},{0,0,0,0,0,0,0,0,0}}
]
Wartość 0 wstawiona nieprawidłowo
Bład w kwadracie 0
sudoku.SudokuBoard@77a2aa4a[
  size=9
  solver=sudoku.BacktrackingSudokuSolver@47ad69f7
  board={{9,4,3,1,8,2,5,6,7},{5,6,8,7,3,9,1,2,4},{1,2,7,4,5,6,3,9,8},{8,5,9,2,4,1,7,3,6},{2,7,1,8,6,3,4,5,9},{6,3,4,9,7,5,8,1,2},{7,8,6,5,0,0,0,0,0},{0,0,0,0,0,0,0,0,0},{0,0,0,0,0,0,0,0,0}}
]
Wartość 0 wstawiona nieprawidłowo
Bład w kwadracie 0
sudoku.SudokuBoard@77a2aa4a[
  size=9
  solver=sudoku.BacktrackingSudokuSolver@47ad69f7
  board={{9,4,3,1,8,2,5,6,7},{5,6,8,7,3,9,1,2,4},{1,2,7,4,5,6,3,9,8},{8,5,9,2,4,1,7,3,6},{2,7,1,8,6,3,4,5,9},{6,3,4,9,7,5,8,1,2},{7,8,6,5,2,4,0,0,0},{0,0,0,0,0,0,0,0,0},{0,0,0,0,0,0,0,0,0}}
]
Wartość 0 wstawiona nieprawidłowo
Bład w kwadracie 0
sudoku.SudokuBoard@77a2aa4a[
  size=9
  solver=sudoku.BacktrackingSudokuSolver@47ad69f7
  board={{9,4,3,1,8,2,5,6,7},{5,6,8,7,3,9,1,2,4},{1,2,7,4,5,6,3,9,8},{8,5,9,2,4,1,7,3,6},{2,7,1,8,6,3,4,5,9},{6,3,4,9,7,5,8,1,2},{7,8,6,5,2,0,0,0,0},{0,0,0,0,0,0,0,0,0},{0,0,0,0,0,0,0,0,0}}
]
Wartość 0 wstawiona nieprawidłowo
Bład w kwadracie 0
sudoku.SudokuBoard@77a2aa4a[
  size=9
  solver=sudoku.BacktrackingSudokuSolver@47ad69f7
  board={{9,4,3,1,8,2,5,6,7},{5,6,8,7,3,9,1,2,4},{1,2,7,4,5,6,3,9,8},{8,5,9,2,4,1,7,3,6},{2,7,1,8,6,3,4,5,9},{6,3,4,9,7,5,8,1,2},{7,8,6,5,0,0,0,0,0},{0,0,0,0,0,0,0,0,0},{0,0,0,0,0,0,0,0,0}}
]
Wartość 0 wstawiona nieprawidłowo
Bład w kwadracie 0
sudoku.SudokuBoard@77a2aa4a[
  size=9
  solver=sudoku.BacktrackingSudokuSolver@47ad69f7
  board={{9,4,3,1,8,2,5,6,7},{5,6,8,7,3,9,1,2,4},{1,2,7,4,5,6,3,9,8},{8,5,9,2,4,1,7,3,6},{2,7,1,8,6,3,4,5,9},{6,3,4,9,7,5,8,1,2},{7,8,6,0,0,0,0,0,0},{0,0,0,0,0,0,0,0,0},{0,0,0,0,0,0,0,0,0}}
]
Wartość 0 wstawiona nieprawidłowo
Bład w kwadracie 0
sudoku.SudokuBoard@77a2aa4a[
  size=9
  solver=sudoku.BacktrackingSudokuSolver@47ad69f7
  board={{9,4,3,1,8,2,5,6,7},{5,6,8,7,3,9,1,2,4},{1,2,7,4,5,6,3,9,8},{8,5,9,2,4,1,7,3,6},{2,7,1,8,6,3,4,5,9},{6,3,4,9,7,5,8,1,2},{7,8,0,0,0,0,0,0,0},{0,0,0,0,0,0,0,0,0},{0,0,0,0,0,0,0,0,0}}
]
Wartość 0 wstawiona nieprawidłowo
Bład w kwadracie 0
sudoku.SudokuBoard@77a2aa4a[
  size=9
  solver=sudoku.BacktrackingSudokuSolver@47ad69f7
  board={{9,4,3,1,8,2,5,6,7},{5,6,8,7,3,9,1,2,4},{1,2,7,4,5,6,3,9,8},{8,5,9,2,4,1,7,3,6},{2,7,1,8,6,3,4,5,9},{6,3,4,9,7,5,8,1,2},{7,8,2,3,9,4,0,0,0},{0,0,0,0,0,0,0,0,0},{0,0,0,0,0,0,0,0,0}}
]
Wartość 0 wstawiona nieprawidłowo
Bład w kwadracie 0
sudoku.SudokuBoard@77a2aa4a[
  size=9
  solver=sudoku.BacktrackingSudokuSolver@47ad69f7
  board={{9,4,3,1,8,2,5,6,7},{5,6,8,7,3,9,1,2,4},{1,2,7,4,5,6,3,9,8},{8,5,9,2,4,1,7,3,6},{2,7,1,8,6,3,4,5,9},{6,3,4,9,7,5,8,1,2},{7,8,2,3,9,0,0,0,0},{0,0,0,0,0,0,0,0,0},{0,0,0,0,0,0,0,0,0}}
]
Wartość 0 wstawiona nieprawidłowo
Bład w kwadracie 0
sudoku.SudokuBoard@77a2aa4a[
  size=9
  solver=sudoku.BacktrackingSudokuSolver@47ad69f7
  board={{9,4,3,1,8,2,5,6,7},{5,6,8,7,3,9,1,2,4},{1,2,7,4,5,6,3,9,8},{8,5,9,2,4,1,7,3,6},{2,7,1,8,6,3,4,5,9},{6,3,4,9,7,5,8,1,2},{7,8,2,3,0,0,0,0,0},{0,0,0,0,0,0,0,0,0},{0,0,0,0,0,0,0,0,0}}
]
Wartość 0 wstawiona nieprawidłowo
Bład w kwadracie 0
sudoku.SudokuBoard@77a2aa4a[
  size=9
  solver=sudoku.BacktrackingSudokuSolver@47ad69f7
  board={{9,4,3,1,8,2,5,6,7},{5,6,8,7,3,9,1,2,4},{1,2,7,4,5,6,3,9,8},{8,5,9,2,4,1,7,3,6},{2,7,1,8,6,3,4,5,9},{6,3,4,9,7,5,8,1,2},{7,8,2,3,1,4,0,0,0},{0,0,0,0,0,0,0,0,0},{0,0,0,0,0,0,0,0,0}}
]
Wartość 0 wstawiona nieprawidłowo
Bład w kwadracie 0
sudoku.SudokuBoard@77a2aa4a[
  size=9
  solver=sudoku.BacktrackingSudokuSolver@47ad69f7
  board={{9,4,3,1,8,2,5,6,7},{5,6,8,7,3,9,1,2,4},{1,2,7,4,5,6,3,9,8},{8,5,9,2,4,1,7,3,6},{2,7,1,8,6,3,4,5,9},{6,3,4,9,7,5,8,1,2},{7,8,2,3,1,4,0,0,0},{0,0,0,0,0,0,0,0,0},{0,0,0,0,0,0,0,0,0}}
]
Wartość 0 wstawiona nieprawidłowo
Bład w kwadracie 0
sudoku.SudokuBoard@77a2aa4a[
  size=9
  solver=sudoku.BacktrackingSudokuSolver@47ad69f7
  board={{9,4,3,1,8,2,5,6,7},{5,6,8,7,3,9,1,2,4},{1,2,7,4,5,6,3,9,8},{8,5,9,2,4,1,7,3,6},{2,7,1,8,6,3,4,5,9},{6,3,4,9,7,5,8,1,2},{7,8,2,3,1,0,0,0,0},{0,0,0,0,0,0,0,0,0},{0,0,0,0,0,0,0,0,0}}
]
Wartość 0 wstawiona nieprawidłowo
Bład w kwadracie 0
sudoku.SudokuBoard@77a2aa4a[
  size=9
  solver=sudoku.BacktrackingSudokuSolver@47ad69f7
  board={{9,4,3,1,8,2,5,6,7},{5,6,8,7,3,9,1,2,4},{1,2,7,4,5,6,3,9,8},{8,5,9,2,4,1,7,3,6},{2,7,1,8,6,3,4,5,9},{6,3,4,9,7,5,8,1,2},{7,8,2,3,0,0,0,0,0},{0,0,0,0,0,0,0,0,0},{0,0,0,0,0,0,0,0,0}}
]
Wartość 0 wstawiona nieprawidłowo
Bład w kwadracie 0
sudoku.SudokuBoard@77a2aa4a[
  size=9
  solver=sudoku.BacktrackingSudokuSolver@47ad69f7
  board={{9,4,3,1,8,2,5,6,7},{5,6,8,7,3,9,1,2,4},{1,2,7,4,5,6,3,9,8},{8,5,9,2,4,1,7,3,6},{2,7,1,8,6,3,4,5,9},{6,3,4,9,7,5,8,1,2},{7,8,2,0,0,0,0,0,0},{0,0,0,0,0,0,0,0,0},{0,0,0,0,0,0,0,0,0}}
]
Wartość 0 wstawiona nieprawidłowo
Bład w kwadracie 0
sudoku.SudokuBoard@77a2aa4a[
  size=9
  solver=sudoku.BacktrackingSudokuSolver@47ad69f7
  board={{9,4,3,1,8,2,5,6,7},{5,6,8,7,3,9,1,2,4},{1,2,7,4,5,6,3,9,8},{8,5,9,2,4,1,7,3,6},{2,7,1,8,6,3,4,5,9},{6,3,4,9,7,5,8,1,2},{7,8,2,5,9,4,0,0,0},{0,0,0,0,0,0,0,0,0},{0,0,0,0,0,0,0,0,0}}
]
Wartość 0 wstawiona nieprawidłowo
Bład w kwadracie 0
sudoku.SudokuBoard@77a2aa4a[
  size=9
  solver=sudoku.BacktrackingSudokuSolver@47ad69f7
  board={{9,4,3,1,8,2,5,6,7},{5,6,8,7,3,9,1,2,4},{1,2,7,4,5,6,3,9,8},{8,5,9,2,4,1,7,3,6},{2,7,1,8,6,3,4,5,9},{6,3,4,9,7,5,8,1,2},{7,8,2,5,9,0,0,0,0},{0,0,0,0,0,0,0,0,0},{0,0,0,0,0,0,0,0,0}}
]
Wartość 0 wstawiona nieprawidłowo
Bład w kwadracie 0
sudoku.SudokuBoard@77a2aa4a[
  size=9
  solver=sudoku.BacktrackingSudokuSolver@47ad69f7
  board={{9,4,3,1,8,2,5,6,7},{5,6,8,7,3,9,1,2,4},{1,2,7,4,5,6,3,9,8},{8,5,9,2,4,1,7,3,6},{2,7,1,8,6,3,4,5,9},{6,3,4,9,7,5,8,1,2},{7,8,2,5,0,0,0,0,0},{0,0,0,0,0,0,0,0,0},{0,0,0,0,0,0,0,0,0}}
]
Wartość 0 wstawiona nieprawidłowo
Bład w kwadracie 0
sudoku.SudokuBoard@77a2aa4a[
  size=9
  solver=sudoku.BacktrackingSudokuSolver@47ad69f7
  board={{9,4,3,1,8,2,5,6,7},{5,6,8,7,3,9,1,2,4},{1,2,7,4,5,6,3,9,8},{8,5,9,2,4,1,7,3,6},{2,7,1,8,6,3,4,5,9},{6,3,4,9,7,5,8,1,2},{7,8,2,5,1,4,0,0,0},{0,0,0,0,0,0,0,0,0},{0,0,0,0,0,0,0,0,0}}
]
Wartość 0 wstawiona nieprawidłowo
Bład w kwadracie 0
sudoku.SudokuBoard@77a2aa4a[
  size=9
  solver=sudoku.BacktrackingSudokuSolver@47ad69f7
  board={{9,4,3,1,8,2,5,6,7},{5,6,8,7,3,9,1,2,4},{1,2,7,4,5,6,3,9,8},{8,5,9,2,4,1,7,3,6},{2,7,1,8,6,3,4,5,9},{6,3,4,9,7,5,8,1,2},{7,8,2,5,1,4,0,0,0},{0,0,0,0,0,0,0,0,0},{0,0,0,0,0,0,0,0,0}}
]
Wartość 0 wstawiona nieprawidłowo
Bład w kwadracie 0
sudoku.SudokuBoard@77a2aa4a[
  size=9
  solver=sudoku.BacktrackingSudokuSolver@47ad69f7
  board={{9,4,3,1,8,2,5,6,7},{5,6,8,7,3,9,1,2,4},{1,2,7,4,5,6,3,9,8},{8,5,9,2,4,1,7,3,6},{2,7,1,8,6,3,4,5,9},{6,3,4,9,7,5,8,1,2},{7,8,2,5,1,0,0,0,0},{0,0,0,0,0,0,0,0,0},{0,0,0,0,0,0,0,0,0}}
]
Wartość 0 wstawiona nieprawidłowo
Bład w kwadracie 0
sudoku.SudokuBoard@77a2aa4a[
  size=9
  solver=sudoku.BacktrackingSudokuSolver@47ad69f7
  board={{9,4,3,1,8,2,5,6,7},{5,6,8,7,3,9,1,2,4},{1,2,7,4,5,6,3,9,8},{8,5,9,2,4,1,7,3,6},{2,7,1,8,6,3,4,5,9},{6,3,4,9,7,5,8,1,2},{7,8,2,5,0,0,0,0,0},{0,0,0,0,0,0,0,0,0},{0,0,0,0,0,0,0,0,0}}
]
Wartość 0 wstawiona nieprawidłowo
Bład w kwadracie 0
sudoku.SudokuBoard@77a2aa4a[
  size=9
  solver=sudoku.BacktrackingSudokuSolver@47ad69f7
  board={{9,4,3,1,8,2,5,6,7},{5,6,8,7,3,9,1,2,4},{1,2,7,4,5,6,3,9,8},{8,5,9,2,4,1,7,3,6},{2,7,1,8,6,3,4,5,9},{6,3,4,9,7,5,8,1,2},{7,8,2,0,0,0,0,0,0},{0,0,0,0,0,0,0,0,0},{0,0,0,0,0,0,0,0,0}}
]
Wartość 0 wstawiona nieprawidłowo
Bład w kwadracie 0
sudoku.SudokuBoard@77a2aa4a[
  size=9
  solver=sudoku.BacktrackingSudokuSolver@47ad69f7
  board={{9,4,3,1,8,2,5,6,7},{5,6,8,7,3,9,1,2,4},{1,2,7,4,5,6,3,9,8},{8,5,9,2,4,1,7,3,6},{2,7,1,8,6,3,4,5,9},{6,3,4,9,7,5,8,1,2},{7,8,2,6,9,0,0,0,0},{0,0,0,0,0,0,0,0,0},{0,0,0,0,0,0,0,0,0}}
]
Wartość 0 wstawiona nieprawidłowo
Bład w kwadracie 0
sudoku.SudokuBoard@77a2aa4a[
  size=9
  solver=sudoku.BacktrackingSudokuSolver@47ad69f7
  board={{9,4,3,1,8,2,5,6,7},{5,6,8,7,3,9,1,2,4},{1,2,7,4,5,6,3,9,8},{8,5,9,2,4,1,7,3,6},{2,7,1,8,6,3,4,5,9},{6,3,4,9,7,5,8,1,2},{7,8,2,6,0,0,0,0,0},{0,0,0,0,0,0,0,0,0},{0,0,0,0,0,0,0,0,0}}
]
Wartość 0 wstawiona nieprawidłowo
Bład w kwadracie 0
sudoku.SudokuBoard@77a2aa4a[
  size=9
  solver=sudoku.BacktrackingSudokuSolver@47ad69f7
  board={{9,4,3,1,8,2,5,6,7},{5,6,8,7,3,9,1,2,4},{1,2,7,4,5,6,3,9,8},{8,5,9,2,4,1,7,3,6},{2,7,1,8,6,3,4,5,9},{6,3,4,9,7,5,8,1,2},{7,8,2,6,1,4,0,0,0},{0,0,0,0,0,0,0,0,0},{0,0,0,0,0,0,0,0,0}}
]
Wartość 0 wstawiona nieprawidłowo
Bład w kwadracie 0
sudoku.SudokuBoard@77a2aa4a[
  size=9
  solver=sudoku.BacktrackingSudokuSolver@47ad69f7
  board={{9,4,3,1,8,2,5,6,7},{5,6,8,7,3,9,1,2,4},{1,2,7,4,5,6,3,9,8},{8,5,9,2,4,1,7,3,6},{2,7,1,8,6,3,4,5,9},{6,3,4,9,7,5,8,1,2},{7,8,2,6,1,0,0,0,0},{0,0,0,0,0,0,0,0,0},{0,0,0,0,0,0,0,0,0}}
]
Wartość 0 wstawiona nieprawidłowo
Bład w kwadracie 0
sudoku.SudokuBoard@77a2aa4a[
  size=9
  solver=sudoku.BacktrackingSudokuSolver@47ad69f7
  board={{9,4,3,1,8,2,5,6,7},{5,6,8,7,3,9,1,2,4},{1,2,7,4,5,6,3,9,8},{8,5,9,2,4,1,7,3,6},{2,7,1,8,6,3,4,5,9},{6,3,4,9,7,5,8,1,2},{7,8,2,6,0,0,0,0,0},{0,0,0,0,0,0,0,0,0},{0,0,0,0,0,0,0,0,0}}
]
Wartość 0 wstawiona nieprawidłowo
Bład w kwadracie 0
sudoku.SudokuBoard@77a2aa4a[
  size=9
  solver=sudoku.BacktrackingSudokuSolver@47ad69f7
  board={{9,4,3,1,8,2,5,6,7},{5,6,8,7,3,9,1,2,4},{1,2,7,4,5,6,3,9,8},{8,5,9,2,4,1,7,3,6},{2,7,1,8,6,3,4,5,9},{6,3,4,9,7,5,8,1,2},{7,8,2,0,0,0,0,0,0},{0,0,0,0,0,0,0,0,0},{0,0,0,0,0,0,0,0,0}}
]
Wartość 0 wstawiona nieprawidłowo
Bład w kwadracie 0
sudoku.SudokuBoard@77a2aa4a[
  size=9
  solver=sudoku.BacktrackingSudokuSolver@47ad69f7
  board={{9,4,3,1,8,2,5,6,7},{5,6,8,7,3,9,1,2,4},{1,2,7,4,5,6,3,9,8},{8,5,9,2,4,1,7,3,6},{2,7,1,8,6,3,4,5,9},{6,3,4,9,7,5,8,1,2},{7,8,0,0,0,0,0,0,0},{0,0,0,0,0,0,0,0,0},{0,0,0,0,0,0,0,0,0}}
]
Wartość 0 wstawiona nieprawidłowo
Bład w kwadracie 0
sudoku.SudokuBoard@77a2aa4a[
  size=9
  solver=sudoku.BacktrackingSudokuSolver@47ad69f7
  board={{9,4,3,1,8,2,5,6,7},{5,6,8,7,3,9,1,2,4},{1,2,7,4,5,6,3,9,8},{8,5,9,2,4,1,7,3,6},{2,7,1,8,6,3,4,5,9},{6,3,4,9,7,5,8,1,2},{7,8,5,6,9,4,0,0,0},{0,0,0,0,0,0,0,0,0},{0,0,0,0,0,0,0,0,0}}
]
Wartość 0 wstawiona nieprawidłowo
Bład w kwadracie 0
sudoku.SudokuBoard@77a2aa4a[
  size=9
  solver=sudoku.BacktrackingSudokuSolver@47ad69f7
  board={{9,4,3,1,8,2,5,6,7},{5,6,8,7,3,9,1,2,4},{1,2,7,4,5,6,3,9,8},{8,5,9,2,4,1,7,3,6},{2,7,1,8,6,3,4,5,9},{6,3,4,9,7,5,8,1,2},{7,8,5,6,9,0,0,0,0},{0,0,0,0,0,0,0,0,0},{0,0,0,0,0,0,0,0,0}}
]
Wartość 0 wstawiona nieprawidłowo
Bład w kwadracie 0
sudoku.SudokuBoard@77a2aa4a[
  size=9
  solver=sudoku.BacktrackingSudokuSolver@47ad69f7
  board={{9,4,3,1,8,2,5,6,7},{5,6,8,7,3,9,1,2,4},{1,2,7,4,5,6,3,9,8},{8,5,9,2,4,1,7,3,6},{2,7,1,8,6,3,4,5,9},{6,3,4,9,7,5,8,1,2},{7,8,5,6,0,0,0,0,0},{0,0,0,0,0,0,0,0,0},{0,0,0,0,0,0,0,0,0}}
]
Wartość 0 wstawiona nieprawidłowo
Bład w kwadracie 0
sudoku.SudokuBoard@77a2aa4a[
  size=9
  solver=sudoku.BacktrackingSudokuSolver@47ad69f7
  board={{9,4,3,1,8,2,5,6,7},{5,6,8,7,3,9,1,2,4},{1,2,7,4,5,6,3,9,8},{8,5,9,2,4,1,7,3,6},{2,7,1,8,6,3,4,5,9},{6,3,4,9,7,5,8,1,2},{7,8,5,6,1,4,0,0,0},{0,0,0,0,0,0,0,0,0},{0,0,0,0,0,0,0,0,0}}
]
Wartość 0 wstawiona nieprawidłowo
Bład w kwadracie 0
sudoku.SudokuBoard@77a2aa4a[
  size=9
  solver=sudoku.BacktrackingSudokuSolver@47ad69f7
  board={{9,4,3,1,8,2,5,6,7},{5,6,8,7,3,9,1,2,4},{1,2,7,4,5,6,3,9,8},{8,5,9,2,4,1,7,3,6},{2,7,1,8,6,3,4,5,9},{6,3,4,9,7,5,8,1,2},{7,8,5,6,1,4,0,0,0},{0,0,0,0,0,0,0,0,0},{0,0,0,0,0,0,0,0,0}}
]
Wartość 0 wstawiona nieprawidłowo
Bład w kwadracie 0
sudoku.SudokuBoard@77a2aa4a[
  size=9
  solver=sudoku.BacktrackingSudokuSolver@47ad69f7
  board={{9,4,3,1,8,2,5,6,7},{5,6,8,7,3,9,1,2,4},{1,2,7,4,5,6,3,9,8},{8,5,9,2,4,1,7,3,6},{2,7,1,8,6,3,4,5,9},{6,3,4,9,7,5,8,1,2},{7,8,5,6,1,0,0,0,0},{0,0,0,0,0,0,0,0,0},{0,0,0,0,0,0,0,0,0}}
]
Wartość 0 wstawiona nieprawidłowo
Bład w kwadracie 0
sudoku.SudokuBoard@77a2aa4a[
  size=9
  solver=sudoku.BacktrackingSudokuSolver@47ad69f7
  board={{9,4,3,1,8,2,5,6,7},{5,6,8,7,3,9,1,2,4},{1,2,7,4,5,6,3,9,8},{8,5,9,2,4,1,7,3,6},{2,7,1,8,6,3,4,5,9},{6,3,4,9,7,5,8,1,2},{7,8,5,6,0,0,0,0,0},{0,0,0,0,0,0,0,0,0},{0,0,0,0,0,0,0,0,0}}
]
Wartość 0 wstawiona nieprawidłowo
Bład w kwadracie 0
sudoku.SudokuBoard@77a2aa4a[
  size=9
  solver=sudoku.BacktrackingSudokuSolver@47ad69f7
  board={{9,4,3,1,8,2,5,6,7},{5,6,8,7,3,9,1,2,4},{1,2,7,4,5,6,3,9,8},{8,5,9,2,4,1,7,3,6},{2,7,1,8,6,3,4,5,9},{6,3,4,9,7,5,8,1,2},{7,8,5,6,2,4,0,0,0},{0,0,0,0,0,0,0,0,0},{0,0,0,0,0,0,0,0,0}}
]
Wartość 0 wstawiona nieprawidłowo
Bład w kwadracie 0
sudoku.SudokuBoard@77a2aa4a[
  size=9
  solver=sudoku.BacktrackingSudokuSolver@47ad69f7
  board={{9,4,3,1,8,2,5,6,7},{5,6,8,7,3,9,1,2,4},{1,2,7,4,5,6,3,9,8},{8,5,9,2,4,1,7,3,6},{2,7,1,8,6,3,4,5,9},{6,3,4,9,7,5,8,1,2},{7,8,5,6,2,0,0,0,0},{0,0,0,0,0,0,0,0,0},{0,0,0,0,0,0,0,0,0}}
]
Wartość 0 wstawiona nieprawidłowo
Bład w kwadracie 0
sudoku.SudokuBoard@77a2aa4a[
  size=9
  solver=sudoku.BacktrackingSudokuSolver@47ad69f7
  board={{9,4,3,1,8,2,5,6,7},{5,6,8,7,3,9,1,2,4},{1,2,7,4,5,6,3,9,8},{8,5,9,2,4,1,7,3,6},{2,7,1,8,6,3,4,5,9},{6,3,4,9,7,5,8,1,2},{7,8,5,6,0,0,0,0,0},{0,0,0,0,0,0,0,0,0},{0,0,0,0,0,0,0,0,0}}
]
Wartość 0 wstawiona nieprawidłowo
Bład w kwadracie 0
sudoku.SudokuBoard@77a2aa4a[
  size=9
  solver=sudoku.BacktrackingSudokuSolver@47ad69f7
  board={{9,4,3,1,8,2,5,6,7},{5,6,8,7,3,9,1,2,4},{1,2,7,4,5,6,3,9,8},{8,5,9,2,4,1,7,3,6},{2,7,1,8,6,3,4,5,9},{6,3,4,9,7,5,8,1,2},{7,8,5,0,0,0,0,0,0},{0,0,0,0,0,0,0,0,0},{0,0,0,0,0,0,0,0,0}}
]
Wartość 0 wstawiona nieprawidłowo
Bład w kwadracie 0
sudoku.SudokuBoard@77a2aa4a[
  size=9
  solver=sudoku.BacktrackingSudokuSolver@47ad69f7
  board={{9,4,3,1,8,2,5,6,7},{5,6,8,7,3,9,1,2,4},{1,2,7,4,5,6,3,9,8},{8,5,9,2,4,1,7,3,6},{2,7,1,8,6,3,4,5,9},{6,3,4,9,7,5,8,1,2},{7,8,5,3,9,4,0,0,0},{0,0,0,0,0,0,0,0,0},{0,0,0,0,0,0,0,0,0}}
]
Wartość 0 wstawiona nieprawidłowo
Bład w kwadracie 0
sudoku.SudokuBoard@77a2aa4a[
  size=9
  solver=sudoku.BacktrackingSudokuSolver@47ad69f7
  board={{9,4,3,1,8,2,5,6,7},{5,6,8,7,3,9,1,2,4},{1,2,7,4,5,6,3,9,8},{8,5,9,2,4,1,7,3,6},{2,7,1,8,6,3,4,5,9},{6,3,4,9,7,5,8,1,2},{7,8,5,3,9,4,0,0,0},{0,0,0,0,0,0,0,0,0},{0,0,0,0,0,0,0,0,0}}
]
Wartość 0 wstawiona nieprawidłowo
Bład w kwadracie 0
sudoku.SudokuBoard@77a2aa4a[
  size=9
  solver=sudoku.BacktrackingSudokuSolver@47ad69f7
  board={{9,4,3,1,8,2,5,6,7},{5,6,8,7,3,9,1,2,4},{1,2,7,4,5,6,3,9,8},{8,5,9,2,4,1,7,3,6},{2,7,1,8,6,3,4,5,9},{6,3,4,9,7,5,8,1,2},{7,8,5,3,9,0,0,0,0},{0,0,0,0,0,0,0,0,0},{0,0,0,0,0,0,0,0,0}}
]
Wartość 0 wstawiona nieprawidłowo
Bład w kwadracie 0
sudoku.SudokuBoard@77a2aa4a[
  size=9
  solver=sudoku.BacktrackingSudokuSolver@47ad69f7
  board={{9,4,3,1,8,2,5,6,7},{5,6,8,7,3,9,1,2,4},{1,2,7,4,5,6,3,9,8},{8,5,9,2,4,1,7,3,6},{2,7,1,8,6,3,4,5,9},{6,3,4,9,7,5,8,1,2},{7,8,5,3,0,0,0,0,0},{0,0,0,0,0,0,0,0,0},{0,0,0,0,0,0,0,0,0}}
]
Wartość 0 wstawiona nieprawidłowo
Bład w kwadracie 0
sudoku.SudokuBoard@77a2aa4a[
  size=9
  solver=sudoku.BacktrackingSudokuSolver@47ad69f7
  board={{9,4,3,1,8,2,5,6,7},{5,6,8,7,3,9,1,2,4},{1,2,7,4,5,6,3,9,8},{8,5,9,2,4,1,7,3,6},{2,7,1,8,6,3,4,5,9},{6,3,4,9,7,5,8,1,2},{7,8,5,3,1,4,0,0,0},{0,0,0,0,0,0,0,0,0},{0,0,0,0,0,0,0,0,0}}
]
Wartość 0 wstawiona nieprawidłowo
Bład w kwadracie 0
sudoku.SudokuBoard@77a2aa4a[
  size=9
  solver=sudoku.BacktrackingSudokuSolver@47ad69f7
  board={{9,4,3,1,8,2,5,6,7},{5,6,8,7,3,9,1,2,4},{1,2,7,4,5,6,3,9,8},{8,5,9,2,4,1,7,3,6},{2,7,1,8,6,3,4,5,9},{6,3,4,9,7,5,8,1,2},{7,8,5,3,1,4,0,0,0},{0,0,0,0,0,0,0,0,0},{0,0,0,0,0,0,0,0,0}}
]
Wartość 0 wstawiona nieprawidłowo
Bład w kwadracie 0
sudoku.SudokuBoard@77a2aa4a[
  size=9
  solver=sudoku.BacktrackingSudokuSolver@47ad69f7
  board={{9,4,3,1,8,2,5,6,7},{5,6,8,7,3,9,1,2,4},{1,2,7,4,5,6,3,9,8},{8,5,9,2,4,1,7,3,6},{2,7,1,8,6,3,4,5,9},{6,3,4,9,7,5,8,1,2},{7,8,5,3,1,4,0,0,0},{0,0,0,0,0,0,0,0,0},{0,0,0,0,0,0,0,0,0}}
]
Wartość 0 wstawiona nieprawidłowo
Bład w kwadracie 0
sudoku.SudokuBoard@77a2aa4a[
  size=9
  solver=sudoku.BacktrackingSudokuSolver@47ad69f7
  board={{9,4,3,1,8,2,5,6,7},{5,6,8,7,3,9,1,2,4},{1,2,7,4,5,6,3,9,8},{8,5,9,2,4,1,7,3,6},{2,7,1,8,6,3,4,5,9},{6,3,4,9,7,5,8,1,2},{7,8,5,3,1,0,0,0,0},{0,0,0,0,0,0,0,0,0},{0,0,0,0,0,0,0,0,0}}
]
Wartość 0 wstawiona nieprawidłowo
Bład w kwadracie 0
sudoku.SudokuBoard@77a2aa4a[
  size=9
  solver=sudoku.BacktrackingSudokuSolver@47ad69f7
  board={{9,4,3,1,8,2,5,6,7},{5,6,8,7,3,9,1,2,4},{1,2,7,4,5,6,3,9,8},{8,5,9,2,4,1,7,3,6},{2,7,1,8,6,3,4,5,9},{6,3,4,9,7,5,8,1,2},{7,8,5,3,0,0,0,0,0},{0,0,0,0,0,0,0,0,0},{0,0,0,0,0,0,0,0,0}}
]
Wartość 0 wstawiona nieprawidłowo
Bład w kwadracie 0
sudoku.SudokuBoard@77a2aa4a[
  size=9
  solver=sudoku.BacktrackingSudokuSolver@47ad69f7
  board={{9,4,3,1,8,2,5,6,7},{5,6,8,7,3,9,1,2,4},{1,2,7,4,5,6,3,9,8},{8,5,9,2,4,1,7,3,6},{2,7,1,8,6,3,4,5,9},{6,3,4,9,7,5,8,1,2},{7,8,5,3,2,4,0,0,0},{0,0,0,0,0,0,0,0,0},{0,0,0,0,0,0,0,0,0}}
]
Wartość 0 wstawiona nieprawidłowo
Bład w kwadracie 0
sudoku.SudokuBoard@77a2aa4a[
  size=9
  solver=sudoku.BacktrackingSudokuSolver@47ad69f7
  board={{9,4,3,1,8,2,5,6,7},{5,6,8,7,3,9,1,2,4},{1,2,7,4,5,6,3,9,8},{8,5,9,2,4,1,7,3,6},{2,7,1,8,6,3,4,5,9},{6,3,4,9,7,5,8,1,2},{7,8,5,3,2,4,0,0,0},{0,0,0,0,0,0,0,0,0},{0,0,0,0,0,0,0,0,0}}
]
Wartość 0 wstawiona nieprawidłowo
Bład w kwadracie 0
sudoku.SudokuBoard@77a2aa4a[
  size=9
  solver=sudoku.BacktrackingSudokuSolver@47ad69f7
  board={{9,4,3,1,8,2,5,6,7},{5,6,8,7,3,9,1,2,4},{1,2,7,4,5,6,3,9,8},{8,5,9,2,4,1,7,3,6},{2,7,1,8,6,3,4,5,9},{6,3,4,9,7,5,8,1,2},{7,8,5,3,2,0,0,0,0},{0,0,0,0,0,0,0,0,0},{0,0,0,0,0,0,0,0,0}}
]
Wartość 0 wstawiona nieprawidłowo
Bład w kwadracie 0
sudoku.SudokuBoard@77a2aa4a[
  size=9
  solver=sudoku.BacktrackingSudokuSolver@47ad69f7
  board={{9,4,3,1,8,2,5,6,7},{5,6,8,7,3,9,1,2,4},{1,2,7,4,5,6,3,9,8},{8,5,9,2,4,1,7,3,6},{2,7,1,8,6,3,4,5,9},{6,3,4,9,7,5,8,1,2},{7,8,5,3,0,0,0,0,0},{0,0,0,0,0,0,0,0,0},{0,0,0,0,0,0,0,0,0}}
]
Wartość 0 wstawiona nieprawidłowo
Bład w kwadracie 0
sudoku.SudokuBoard@77a2aa4a[
  size=9
  solver=sudoku.BacktrackingSudokuSolver@47ad69f7
  board={{9,4,3,1,8,2,5,6,7},{5,6,8,7,3,9,1,2,4},{1,2,7,4,5,6,3,9,8},{8,5,9,2,4,1,7,3,6},{2,7,1,8,6,3,4,5,9},{6,3,4,9,7,5,8,1,2},{7,8,5,0,0,0,0,0,0},{0,0,0,0,0,0,0,0,0},{0,0,0,0,0,0,0,0,0}}
]
Wartość 0 wstawiona nieprawidłowo
Bład w kwadracie 0
sudoku.SudokuBoard@77a2aa4a[
  size=9
  solver=sudoku.BacktrackingSudokuSolver@47ad69f7
  board={{9,4,3,1,8,2,5,6,7},{5,6,8,7,3,9,1,2,4},{1,2,7,4,5,6,3,9,8},{8,5,9,2,4,1,7,3,6},{2,7,1,8,6,3,4,5,9},{6,3,4,9,7,5,8,1,2},{7,8,0,0,0,0,0,0,0},{0,0,0,0,0,0,0,0,0},{0,0,0,0,0,0,0,0,0}}
]
Wartość 0 wstawiona nieprawidłowo
Bład w kwadracie 0
sudoku.SudokuBoard@77a2aa4a[
  size=9
  solver=sudoku.BacktrackingSudokuSolver@47ad69f7
  board={{9,4,3,1,8,2,5,6,7},{5,6,8,7,3,9,1,2,4},{1,2,7,4,5,6,3,9,8},{8,5,9,2,4,1,7,3,6},{2,7,1,8,6,3,4,5,9},{6,3,4,9,7,5,8,1,2},{7,0,0,0,0,0,0,0,0},{0,0,0,0,0,0,0,0,0},{0,0,0,0,0,0,0,0,0}}
]
Wartość 0 wstawiona nieprawidłowo
sudoku.SudokuBoard@e48bf9a[
  size=9
  solver=sudoku.BacktrackingSudokuSolver@47ad69f7
  board={{9,4,3,1,8,2,5,6,7},{5,6,8,7,3,9,1,2,4},{1,2,7,4,5,6,3,9,8},{8,5,9,2,4,1,7,3,6},{2,7,1,8,6,3,4,5,9},{6,3,4,9,7,5,8,1,2},{7,9,6,3,1,8,2,4,5},{3,8,5,6,2,4,9,7,1},{4,1,2,5,9,7,6,8,3}}
]
sudoku.SudokuBoard@3bd3d05e[
  size=9
  solver=sudoku.BacktrackingSudokuSolver@6aba5d30
  board={{9,4,3,1,8,2,5,6,7},{5,6,8,7,3,9,1,2,4},{1,2,7,4,5,6,3,9,8},{8,5,9,2,4,1,7,3,6},{2,7,1,8,6,3,4,5,9},{6,3,4,9,7,5,8,1,2},{7,9,6,3,1,8,2,4,5},{3,8,5,6,2,4,9,7,1},{4,1,2,5,9,7,6,8,3}}
]
]]></system-out>
  </testcase>
</testsuite>