<?xml version="1.0" encoding="UTF-8"?>
<testsuite xmlns:xsi="http://www.w3.org/2001/XMLSchema-instance" xsi:noNamespaceSchemaLocation="https://maven.apache.org/surefire/maven-surefire-plugin/xsd/surefire-test-report-3.0.xsd" version="3.0" name="sudoku.SeriesTest" time="0.228" tests="5" errors="0" skipped="0" failures="0">
  <properties>
    <property name="java.specification.version" value="14"/>
    <property name="sun.cpu.isalist" value="amd64"/>
    <property name="sun.jnu.encoding" value="Cp1252"/>
    <property name="java.class.path" value="D:\New\an_pn_1145_03\target\test-classes;D:\New\an_pn_1145_03\target\classes;C:\Users\MaciekDate\.m2\repository\org\junit\jupiter\junit-jupiter-engine\5.6.2\junit-jupiter-engine-5.6.2.jar;C:\Users\MaciekDate\.m2\repository\org\apiguardian\apiguardian-api\1.1.0\apiguardian-api-1.1.0.jar;C:\Users\MaciekDate\.m2\repository\org\junit\platform\junit-platform-engine\1.6.2\junit-platform-engine-1.6.2.jar;C:\Users\MaciekDate\.m2\repository\org\opentest4j\opentest4j\1.2.0\opentest4j-1.2.0.jar;C:\Users\MaciekDate\.m2\repository\org\junit\platform\junit-platform-commons\1.6.2\junit-platform-commons-1.6.2.jar;C:\Users\MaciekDate\.m2\repository\org\junit\jupiter\junit-jupiter-api\5.6.2\junit-jupiter-api-5.6.2.jar;C:\Users\MaciekDate\.m2\repository\org\apache\commons\commons-lang3\3.11\commons-lang3-3.11.jar;"/>
    <property name="java.vm.vendor" value="Oracle Corporation"/>
    <property name="sun.arch.data.model" value="64"/>
    <property name="user.variant" value=""/>
    <property name="java.vendor.url" value="https://java.oracle.com/"/>
    <property name="user.timezone" value="Europe/Warsaw"/>
    <property name="os.name" value="Windows 10"/>
    <property name="java.vm.specification.version" value="14"/>
    <property name="sun.java.launcher" value="SUN_STANDARD"/>
    <property name="user.country" value="US"/>
    <property name="sun.boot.library.path" value="D:\openjdk\jdk-14.0.2\bin"/>
    <property name="sun.java.command" value="C:\Users\MaciekDate\AppData\Local\Temp\surefire4496345713151972965\surefirebooter2504322522717335239.jar C:\Users\MaciekDate\AppData\Local\Temp\surefire4496345713151972965 2020-12-05T16-53-07_023-jvmRun1 surefire5362621816354087798tmp surefire_014009413772645101212tmp"/>
    <property name="jdk.debug" value="release"/>
    <property name="surefire.test.class.path" value="D:\New\an_pn_1145_03\target\test-classes;D:\New\an_pn_1145_03\target\classes;C:\Users\MaciekDate\.m2\repository\org\junit\jupiter\junit-jupiter-engine\5.6.2\junit-jupiter-engine-5.6.2.jar;C:\Users\MaciekDate\.m2\repository\org\apiguardian\apiguardian-api\1.1.0\apiguardian-api-1.1.0.jar;C:\Users\MaciekDate\.m2\repository\org\junit\platform\junit-platform-engine\1.6.2\junit-platform-engine-1.6.2.jar;C:\Users\MaciekDate\.m2\repository\org\opentest4j\opentest4j\1.2.0\opentest4j-1.2.0.jar;C:\Users\MaciekDate\.m2\repository\org\junit\platform\junit-platform-commons\1.6.2\junit-platform-commons-1.6.2.jar;C:\Users\MaciekDate\.m2\repository\org\junit\jupiter\junit-jupiter-api\5.6.2\junit-jupiter-api-5.6.2.jar;C:\Users\MaciekDate\.m2\repository\org\apache\commons\commons-lang3\3.11\commons-lang3-3.11.jar;"/>
    <property name="sun.cpu.endian" value="little"/>
    <property name="user.home" value="C:\Users\MaciekDate"/>
    <property name="user.language" value="en"/>
    <property name="java.specification.vendor" value="Oracle Corporation"/>
    <property name="java.version.date" value="2020-07-14"/>
    <property name="java.home" value="D:\openjdk\jdk-14.0.2"/>
    <property name="file.separator" value="\"/>
    <property name="basedir" value="D:\New\an_pn_1145_03"/>
    <property name="java.vm.compressedOopsMode" value="Zero based"/>
    <property name="line.separator" value="&#10;"/>
    <property name="java.vm.specification.vendor" value="Oracle Corporation"/>
    <property name="java.specification.name" value="Java Platform API Specification"/>
    <property name="surefire.real.class.path" value="C:\Users\MaciekDate\AppData\Local\Temp\surefire4496345713151972965\surefirebooter2504322522717335239.jar"/>
    <property name="user.script" value=""/>
    <property name="sun.management.compiler" value="HotSpot 64-Bit Tiered Compilers"/>
    <property name="java.runtime.version" value="14.0.2+12-46"/>
    <property name="user.name" value="MaciekDate"/>
    <property name="path.separator" value=";"/>
    <property name="os.version" value="10.0"/>
    <property name="java.runtime.name" value="OpenJDK Runtime Environment"/>
    <property name="file.encoding" value="Cp1252"/>
    <property name="java.vm.name" value="OpenJDK 64-Bit Server VM"/>
    <property name="localRepository" value="C:\Users\MaciekDate\.m2\repository"/>
    <property name="java.vendor.url.bug" value="https://bugreport.java.com/bugreport/"/>
    <property name="java.io.tmpdir" value="C:\Users\MACIEK~1\AppData\Local\Temp\"/>
    <property name="idea.version" value="2020.2.4"/>
    <property name="java.version" value="14.0.2"/>
    <property name="user.dir" value="D:\New\an_pn_1145_03"/>
    <property name="os.arch" value="amd64"/>
    <property name="java.vm.specification.name" value="Java Virtual Machine Specification"/>
    <property name="sun.os.patch.level" value=""/>
    <property name="java.library.path" value="D:\openjdk\jdk-14.0.2\bin;C:\Windows\Sun\Java\bin;C:\Windows\system32;C:\Windows;c:\program files\python39\scripts\;c:\program files\python39\;c:\programdata\oracle\java\javapath;c:\program files (x86)\common files\oracle\java\javapath;c:\windows\system32;c:\windows;c:\windows\system32\wbem;c:\windows\system32\windowspowershell\v1.0\;c:\windows\system32\openssh\;c:\program files\nvidia corporation\nvidia nvdlisr;C:\Users\MaciekDate\AppData\Local\Microsoft\WindowsApps;C:\Users\MaciekDate\AppData\Local\GitHubDesktop\bin;D:\Programs\PyCharm 2020.2.3\bin;;D:\Programs\CLion 2020.2.4\bin;;."/>
    <property name="java.vm.info" value="mixed mode, sharing"/>
    <property name="java.vendor" value="Oracle Corporation"/>
    <property name="java.vm.version" value="14.0.2+12-46"/>
    <property name="sun.io.unicode.encoding" value="UnicodeLittle"/>
    <property name="java.class.version" value="58.0"/>
  </properties>
  <testcase name="testEqualsDiffrent" classname="sudoku.SeriesTest" time="0.07">
    <system-out><![CDATA[Bład w kwadracie 0
sudoku.SudokuBoard@2a32fb6[
  size=9
  solver=sudoku.BacktrackingSudokuSolver@1639f93a
  board={{3,5,2,6,7,8,9,4,1},{4,6,7,5,9,1,8,2,3},{8,9,1,2,3,4,5,6,7},{1,2,9,3,8,5,4,7,6},{5,7,8,1,6,9,2,0,0},{0,0,0,0,0,0,0,0,0},{0,0,0,0,0,0,0,0,0},{0,0,0,0,0,0,0,0,0},{0,0,0,0,0,0,0,0,0}}
]
Wartość 0 wstawiona nieprawidłowo
Bład w kwadracie 0
sudoku.SudokuBoard@2a32fb6[
  size=9
  solver=sudoku.BacktrackingSudokuSolver@1639f93a
  board={{3,5,2,6,7,8,9,4,1},{4,6,7,5,9,1,8,2,3},{8,9,1,2,3,4,5,6,7},{1,2,9,3,8,5,4,7,6},{5,7,8,1,6,9,0,0,0},{0,0,0,0,0,0,0,0,0},{0,0,0,0,0,0,0,0,0},{0,0,0,0,0,0,0,0,0},{0,0,0,0,0,0,0,0,0}}
]
Wartość 0 wstawiona nieprawidłowo
Bład w kwadracie 0
sudoku.SudokuBoard@2a32fb6[
  size=9
  solver=sudoku.BacktrackingSudokuSolver@1639f93a
  board={{3,5,2,6,7,8,9,4,1},{4,6,7,5,9,1,8,2,3},{8,9,1,2,3,4,5,6,7},{1,2,9,3,8,5,4,7,6},{5,7,8,1,6,9,0,0,0},{0,0,0,0,0,0,0,0,0},{0,0,0,0,0,0,0,0,0},{0,0,0,0,0,0,0,0,0},{0,0,0,0,0,0,0,0,0}}
]
Wartość 0 wstawiona nieprawidłowo
Bład w kwadracie 0
sudoku.SudokuBoard@2a32fb6[
  size=9
  solver=sudoku.BacktrackingSudokuSolver@1639f93a
  board={{3,5,2,6,7,8,9,4,1},{4,6,7,5,9,1,8,2,3},{8,9,1,2,3,4,5,6,7},{1,2,9,3,8,5,4,7,6},{5,7,8,1,6,0,0,0,0},{0,0,0,0,0,0,0,0,0},{0,0,0,0,0,0,0,0,0},{0,0,0,0,0,0,0,0,0},{0,0,0,0,0,0,0,0,0}}
]
Wartość 0 wstawiona nieprawidłowo
Bład w kwadracie 0
sudoku.SudokuBoard@2a32fb6[
  size=9
  solver=sudoku.BacktrackingSudokuSolver@1639f93a
  board={{3,5,2,6,7,8,9,4,1},{4,6,7,5,9,1,8,2,3},{8,9,1,2,3,4,5,6,7},{1,2,9,3,8,5,4,7,6},{5,7,8,1,6,2,3,0,0},{0,0,0,0,0,0,0,0,0},{0,0,0,0,0,0,0,0,0},{0,0,0,0,0,0,0,0,0},{0,0,0,0,0,0,0,0,0}}
]
Wartość 0 wstawiona nieprawidłowo
Bład w kwadracie 0
sudoku.SudokuBoard@2a32fb6[
  size=9
  solver=sudoku.BacktrackingSudokuSolver@1639f93a
  board={{3,5,2,6,7,8,9,4,1},{4,6,7,5,9,1,8,2,3},{8,9,1,2,3,4,5,6,7},{1,2,9,3,8,5,4,7,6},{5,7,8,1,6,2,0,0,0},{0,0,0,0,0,0,0,0,0},{0,0,0,0,0,0,0,0,0},{0,0,0,0,0,0,0,0,0},{0,0,0,0,0,0,0,0,0}}
]
Wartość 0 wstawiona nieprawidłowo
Bład w kwadracie 0
sudoku.SudokuBoard@2a32fb6[
  size=9
  solver=sudoku.BacktrackingSudokuSolver@1639f93a
  board={{3,5,2,6,7,8,9,4,1},{4,6,7,5,9,1,8,2,3},{8,9,1,2,3,4,5,6,7},{1,2,9,3,8,5,4,7,6},{5,7,8,1,6,0,0,0,0},{0,0,0,0,0,0,0,0,0},{0,0,0,0,0,0,0,0,0},{0,0,0,0,0,0,0,0,0},{0,0,0,0,0,0,0,0,0}}
]
Wartość 0 wstawiona nieprawidłowo
Bład w kwadracie 0
sudoku.SudokuBoard@2a32fb6[
  size=9
  solver=sudoku.BacktrackingSudokuSolver@1639f93a
  board={{3,5,2,6,7,8,9,4,1},{4,6,7,5,9,1,8,2,3},{8,9,1,2,3,4,5,6,7},{1,2,9,3,8,5,4,7,6},{5,7,8,1,0,0,0,0,0},{0,0,0,0,0,0,0,0,0},{0,0,0,0,0,0,0,0,0},{0,0,0,0,0,0,0,0,0},{0,0,0,0,0,0,0,0,0}}
]
Wartość 0 wstawiona nieprawidłowo
Bład w kwadracie 0
sudoku.SudokuBoard@2a32fb6[
  size=9
  solver=sudoku.BacktrackingSudokuSolver@1639f93a
  board={{3,5,2,6,7,8,9,4,1},{4,6,7,5,9,1,8,2,3},{8,9,1,2,3,4,5,6,7},{1,2,9,3,8,5,4,7,6},{5,7,8,1,2,6,3,0,0},{0,0,0,0,0,0,0,0,0},{0,0,0,0,0,0,0,0,0},{0,0,0,0,0,0,0,0,0},{0,0,0,0,0,0,0,0,0}}
]
Wartość 0 wstawiona nieprawidłowo
Bład w kwadracie 0
sudoku.SudokuBoard@2a32fb6[
  size=9
  solver=sudoku.BacktrackingSudokuSolver@1639f93a
  board={{3,5,2,6,7,8,9,4,1},{4,6,7,5,9,1,8,2,3},{8,9,1,2,3,4,5,6,7},{1,2,9,3,8,5,4,7,6},{5,7,8,1,2,6,0,0,0},{0,0,0,0,0,0,0,0,0},{0,0,0,0,0,0,0,0,0},{0,0,0,0,0,0,0,0,0},{0,0,0,0,0,0,0,0,0}}
]
Wartość 0 wstawiona nieprawidłowo
Bład w kwadracie 0
sudoku.SudokuBoard@2a32fb6[
  size=9
  solver=sudoku.BacktrackingSudokuSolver@1639f93a
  board={{3,5,2,6,7,8,9,4,1},{4,6,7,5,9,1,8,2,3},{8,9,1,2,3,4,5,6,7},{1,2,9,3,8,5,4,7,6},{5,7,8,1,2,0,0,0,0},{0,0,0,0,0,0,0,0,0},{0,0,0,0,0,0,0,0,0},{0,0,0,0,0,0,0,0,0},{0,0,0,0,0,0,0,0,0}}
]
Wartość 0 wstawiona nieprawidłowo
Bład w kwadracie 0
sudoku.SudokuBoard@2a32fb6[
  size=9
  solver=sudoku.BacktrackingSudokuSolver@1639f93a
  board={{3,5,2,6,7,8,9,4,1},{4,6,7,5,9,1,8,2,3},{8,9,1,2,3,4,5,6,7},{1,2,9,3,8,5,4,7,6},{5,7,8,1,2,9,0,0,0},{0,0,0,0,0,0,0,0,0},{0,0,0,0,0,0,0,0,0},{0,0,0,0,0,0,0,0,0},{0,0,0,0,0,0,0,0,0}}
]
Wartość 0 wstawiona nieprawidłowo
Bład w kwadracie 0
sudoku.SudokuBoard@2a32fb6[
  size=9
  solver=sudoku.BacktrackingSudokuSolver@1639f93a
  board={{3,5,2,6,7,8,9,4,1},{4,6,7,5,9,1,8,2,3},{8,9,1,2,3,4,5,6,7},{1,2,9,3,8,5,4,7,6},{5,7,8,1,2,0,0,0,0},{0,0,0,0,0,0,0,0,0},{0,0,0,0,0,0,0,0,0},{0,0,0,0,0,0,0,0,0},{0,0,0,0,0,0,0,0,0}}
]
Wartość 0 wstawiona nieprawidłowo
Bład w kwadracie 0
sudoku.SudokuBoard@2a32fb6[
  size=9
  solver=sudoku.BacktrackingSudokuSolver@1639f93a
  board={{3,5,2,6,7,8,9,4,1},{4,6,7,5,9,1,8,2,3},{8,9,1,2,3,4,5,6,7},{1,2,9,3,8,5,4,7,6},{5,7,8,1,0,0,0,0,0},{0,0,0,0,0,0,0,0,0},{0,0,0,0,0,0,0,0,0},{0,0,0,0,0,0,0,0,0},{0,0,0,0,0,0,0,0,0}}
]
Wartość 0 wstawiona nieprawidłowo
Bład w kwadracie 0
sudoku.SudokuBoard@2a32fb6[
  size=9
  solver=sudoku.BacktrackingSudokuSolver@1639f93a
  board={{3,5,2,6,7,8,9,4,1},{4,6,7,5,9,1,8,2,3},{8,9,1,2,3,4,5,6,7},{1,2,9,3,8,5,4,7,6},{5,7,8,1,4,9,2,0,0},{0,0,0,0,0,0,0,0,0},{0,0,0,0,0,0,0,0,0},{0,0,0,0,0,0,0,0,0},{0,0,0,0,0,0,0,0,0}}
]
Wartość 0 wstawiona nieprawidłowo
Bład w kwadracie 0
sudoku.SudokuBoard@2a32fb6[
  size=9
  solver=sudoku.BacktrackingSudokuSolver@1639f93a
  board={{3,5,2,6,7,8,9,4,1},{4,6,7,5,9,1,8,2,3},{8,9,1,2,3,4,5,6,7},{1,2,9,3,8,5,4,7,6},{5,7,8,1,4,9,0,0,0},{0,0,0,0,0,0,0,0,0},{0,0,0,0,0,0,0,0,0},{0,0,0,0,0,0,0,0,0},{0,0,0,0,0,0,0,0,0}}
]
Wartość 0 wstawiona nieprawidłowo
Bład w kwadracie 0
sudoku.SudokuBoard@2a32fb6[
  size=9
  solver=sudoku.BacktrackingSudokuSolver@1639f93a
  board={{3,5,2,6,7,8,9,4,1},{4,6,7,5,9,1,8,2,3},{8,9,1,2,3,4,5,6,7},{1,2,9,3,8,5,4,7,6},{5,7,8,1,4,9,0,0,0},{0,0,0,0,0,0,0,0,0},{0,0,0,0,0,0,0,0,0},{0,0,0,0,0,0,0,0,0},{0,0,0,0,0,0,0,0,0}}
]
Wartość 0 wstawiona nieprawidłowo
Bład w kwadracie 0
sudoku.SudokuBoard@2a32fb6[
  size=9
  solver=sudoku.BacktrackingSudokuSolver@1639f93a
  board={{3,5,2,6,7,8,9,4,1},{4,6,7,5,9,1,8,2,3},{8,9,1,2,3,4,5,6,7},{1,2,9,3,8,5,4,7,6},{5,7,8,1,4,0,0,0,0},{0,0,0,0,0,0,0,0,0},{0,0,0,0,0,0,0,0,0},{0,0,0,0,0,0,0,0,0},{0,0,0,0,0,0,0,0,0}}
]
Wartość 0 wstawiona nieprawidłowo
Bład w kwadracie 0
sudoku.SudokuBoard@2a32fb6[
  size=9
  solver=sudoku.BacktrackingSudokuSolver@1639f93a
  board={{3,5,2,6,7,8,9,4,1},{4,6,7,5,9,1,8,2,3},{8,9,1,2,3,4,5,6,7},{1,2,9,3,8,5,4,7,6},{5,7,8,1,4,2,3,0,0},{0,0,0,0,0,0,0,0,0},{0,0,0,0,0,0,0,0,0},{0,0,0,0,0,0,0,0,0},{0,0,0,0,0,0,0,0,0}}
]
Wartość 0 wstawiona nieprawidłowo
Bład w kwadracie 0
sudoku.SudokuBoard@2a32fb6[
  size=9
  solver=sudoku.BacktrackingSudokuSolver@1639f93a
  board={{3,5,2,6,7,8,9,4,1},{4,6,7,5,9,1,8,2,3},{8,9,1,2,3,4,5,6,7},{1,2,9,3,8,5,4,7,6},{5,7,8,1,4,2,0,0,0},{0,0,0,0,0,0,0,0,0},{0,0,0,0,0,0,0,0,0},{0,0,0,0,0,0,0,0,0},{0,0,0,0,0,0,0,0,0}}
]
Wartość 0 wstawiona nieprawidłowo
Bład w kwadracie 0
sudoku.SudokuBoard@2a32fb6[
  size=9
  solver=sudoku.BacktrackingSudokuSolver@1639f93a
  board={{3,5,2,6,7,8,9,4,1},{4,6,7,5,9,1,8,2,3},{8,9,1,2,3,4,5,6,7},{1,2,9,3,8,5,4,7,6},{5,7,8,1,4,0,0,0,0},{0,0,0,0,0,0,0,0,0},{0,0,0,0,0,0,0,0,0},{0,0,0,0,0,0,0,0,0},{0,0,0,0,0,0,0,0,0}}
]
Wartość 0 wstawiona nieprawidłowo
Bład w kwadracie 0
sudoku.SudokuBoard@2a32fb6[
  size=9
  solver=sudoku.BacktrackingSudokuSolver@1639f93a
  board={{3,5,2,6,7,8,9,4,1},{4,6,7,5,9,1,8,2,3},{8,9,1,2,3,4,5,6,7},{1,2,9,3,8,5,4,7,6},{5,7,8,1,4,6,2,3,9},{6,3,4,7,2,9,1,8,5},{7,8,3,4,6,0,0,0,0},{0,0,0,0,0,0,0,0,0},{0,0,0,0,0,0,0,0,0}}
]
Wartość 0 wstawiona nieprawidłowo
Bład w kwadracie 0
sudoku.SudokuBoard@2a32fb6[
  size=9
  solver=sudoku.BacktrackingSudokuSolver@1639f93a
  board={{3,5,2,6,7,8,9,4,1},{4,6,7,5,9,1,8,2,3},{8,9,1,2,3,4,5,6,7},{1,2,9,3,8,5,4,7,6},{5,7,8,1,4,6,2,3,9},{6,3,4,7,2,9,1,8,5},{7,8,3,4,0,0,0,0,0},{0,0,0,0,0,0,0,0,0},{0,0,0,0,0,0,0,0,0}}
]
Wartość 0 wstawiona nieprawidłowo
Bład w kwadracie 0
sudoku.SudokuBoard@2a32fb6[
  size=9
  solver=sudoku.BacktrackingSudokuSolver@1639f93a
  board={{3,5,2,6,7,8,9,4,1},{4,6,7,5,9,1,8,2,3},{8,9,1,2,3,4,5,6,7},{1,2,9,3,8,5,4,7,6},{5,7,8,1,4,6,2,3,9},{6,3,4,7,2,9,1,8,5},{7,8,3,4,1,2,6,0,0},{0,0,0,0,0,0,0,0,0},{0,0,0,0,0,0,0,0,0}}
]
Wartość 0 wstawiona nieprawidłowo
Bład w kwadracie 0
sudoku.SudokuBoard@2a32fb6[
  size=9
  solver=sudoku.BacktrackingSudokuSolver@1639f93a
  board={{3,5,2,6,7,8,9,4,1},{4,6,7,5,9,1,8,2,3},{8,9,1,2,3,4,5,6,7},{1,2,9,3,8,5,4,7,6},{5,7,8,1,4,6,2,3,9},{6,3,4,7,2,9,1,8,5},{7,8,3,4,1,2,6,0,0},{0,0,0,0,0,0,0,0,0},{0,0,0,0,0,0,0,0,0}}
]
Wartość 0 wstawiona nieprawidłowo
Bład w kwadracie 0
sudoku.SudokuBoard@2a32fb6[
  size=9
  solver=sudoku.BacktrackingSudokuSolver@1639f93a
  board={{3,5,2,6,7,8,9,4,1},{4,6,7,5,9,1,8,2,3},{8,9,1,2,3,4,5,6,7},{1,2,9,3,8,5,4,7,6},{5,7,8,1,4,6,2,3,9},{6,3,4,7,2,9,1,8,5},{7,8,3,4,1,2,0,0,0},{0,0,0,0,0,0,0,0,0},{0,0,0,0,0,0,0,0,0}}
]
Wartość 0 wstawiona nieprawidłowo
Bład w kwadracie 0
sudoku.SudokuBoard@2a32fb6[
  size=9
  solver=sudoku.BacktrackingSudokuSolver@1639f93a
  board={{3,5,2,6,7,8,9,4,1},{4,6,7,5,9,1,8,2,3},{8,9,1,2,3,4,5,6,7},{1,2,9,3,8,5,4,7,6},{5,7,8,1,4,6,2,3,9},{6,3,4,7,2,9,1,8,5},{7,8,3,4,1,0,0,0,0},{0,0,0,0,0,0,0,0,0},{0,0,0,0,0,0,0,0,0}}
]
Wartość 0 wstawiona nieprawidłowo
Bład w kwadracie 0
sudoku.SudokuBoard@2a32fb6[
  size=9
  solver=sudoku.BacktrackingSudokuSolver@1639f93a
  board={{3,5,2,6,7,8,9,4,1},{4,6,7,5,9,1,8,2,3},{8,9,1,2,3,4,5,6,7},{1,2,9,3,8,5,4,7,6},{5,7,8,1,4,6,2,3,9},{6,3,4,7,2,9,1,8,5},{7,8,3,4,0,0,0,0,0},{0,0,0,0,0,0,0,0,0},{0,0,0,0,0,0,0,0,0}}
]
Wartość 0 wstawiona nieprawidłowo
Bład w kwadracie 0
sudoku.SudokuBoard@2a32fb6[
  size=9
  solver=sudoku.BacktrackingSudokuSolver@1639f93a
  board={{3,5,2,6,7,8,9,4,1},{4,6,7,5,9,1,8,2,3},{8,9,1,2,3,4,5,6,7},{1,2,9,3,8,5,4,7,6},{5,7,8,1,4,6,2,3,9},{6,3,4,7,2,9,1,8,5},{7,8,3,4,5,2,6,0,0},{0,0,0,0,0,0,0,0,0},{0,0,0,0,0,0,0,0,0}}
]
Wartość 0 wstawiona nieprawidłowo
Bład w kwadracie 0
sudoku.SudokuBoard@2a32fb6[
  size=9
  solver=sudoku.BacktrackingSudokuSolver@1639f93a
  board={{3,5,2,6,7,8,9,4,1},{4,6,7,5,9,1,8,2,3},{8,9,1,2,3,4,5,6,7},{1,2,9,3,8,5,4,7,6},{5,7,8,1,4,6,2,3,9},{6,3,4,7,2,9,1,8,5},{7,8,3,4,5,2,6,0,0},{0,0,0,0,0,0,0,0,0},{0,0,0,0,0,0,0,0,0}}
]
Wartość 0 wstawiona nieprawidłowo
Bład w kwadracie 0
sudoku.SudokuBoard@2a32fb6[
  size=9
  solver=sudoku.BacktrackingSudokuSolver@1639f93a
  board={{3,5,2,6,7,8,9,4,1},{4,6,7,5,9,1,8,2,3},{8,9,1,2,3,4,5,6,7},{1,2,9,3,8,5,4,7,6},{5,7,8,1,4,6,2,3,9},{6,3,4,7,2,9,1,8,5},{7,8,3,4,5,2,0,0,0},{0,0,0,0,0,0,0,0,0},{0,0,0,0,0,0,0,0,0}}
]
Wartość 0 wstawiona nieprawidłowo
Bład w kwadracie 0
sudoku.SudokuBoard@2a32fb6[
  size=9
  solver=sudoku.BacktrackingSudokuSolver@1639f93a
  board={{3,5,2,6,7,8,9,4,1},{4,6,7,5,9,1,8,2,3},{8,9,1,2,3,4,5,6,7},{1,2,9,3,8,5,4,7,6},{5,7,8,1,4,6,2,3,9},{6,3,4,7,2,9,1,8,5},{7,8,3,4,5,0,0,0,0},{0,0,0,0,0,0,0,0,0},{0,0,0,0,0,0,0,0,0}}
]
Wartość 0 wstawiona nieprawidłowo
Bład w kwadracie 0
sudoku.SudokuBoard@2a32fb6[
  size=9
  solver=sudoku.BacktrackingSudokuSolver@1639f93a
  board={{3,5,2,6,7,8,9,4,1},{4,6,7,5,9,1,8,2,3},{8,9,1,2,3,4,5,6,7},{1,2,9,3,8,5,4,7,6},{5,7,8,1,4,6,2,3,9},{6,3,4,7,2,9,1,8,5},{7,8,3,4,0,0,0,0,0},{0,0,0,0,0,0,0,0,0},{0,0,0,0,0,0,0,0,0}}
]
Wartość 0 wstawiona nieprawidłowo
Bład w kwadracie 0
sudoku.SudokuBoard@2a32fb6[
  size=9
  solver=sudoku.BacktrackingSudokuSolver@1639f93a
  board={{3,5,2,6,7,8,9,4,1},{4,6,7,5,9,1,8,2,3},{8,9,1,2,3,4,5,6,7},{1,2,9,3,8,5,4,7,6},{5,7,8,1,4,6,2,3,9},{6,3,4,7,2,9,1,8,5},{7,8,3,0,0,0,0,0,0},{0,0,0,0,0,0,0,0,0},{0,0,0,0,0,0,0,0,0}}
]
Wartość 0 wstawiona nieprawidłowo
Bład w kwadracie 0
sudoku.SudokuBoard@4e73b552[
  size=9
  solver=sudoku.BacktrackingSudokuSolver@6107165
  board={{9,6,1,2,3,8,7,4,5},{2,3,5,4,6,7,8,9,1},{8,7,4,1,5,9,6,2,3},{6,8,9,3,7,1,2,5,4},{1,2,3,5,8,4,9,6,7},{4,5,7,6,9,2,1,0,0},{0,0,0,0,0,0,0,0,0},{0,0,0,0,0,0,0,0,0},{0,0,0,0,0,0,0,0,0}}
]
Wartość 0 wstawiona nieprawidłowo
Bład w kwadracie 0
sudoku.SudokuBoard@4e73b552[
  size=9
  solver=sudoku.BacktrackingSudokuSolver@6107165
  board={{9,6,1,2,3,8,7,4,5},{2,3,5,4,6,7,8,9,1},{8,7,4,1,5,9,6,2,3},{6,8,9,3,7,1,2,5,4},{1,2,3,5,8,4,9,6,7},{4,5,7,6,9,2,1,3,8},{3,9,6,8,1,5,4,7,2},{5,1,2,7,4,0,0,0,0},{0,0,0,0,0,0,0,0,0}}
]
Wartość 0 wstawiona nieprawidłowo
]]></system-out>
  </testcase>
  <testcase name="testToString" classname="sudoku.SeriesTest" time="0.038">
    <system-out><![CDATA[Bład w kwadracie 0
sudoku.SudokuBoard@7bca6fac[
  size=9
  solver=sudoku.BacktrackingSudokuSolver@2009f9b0
  board={{3,4,5,6,7,8,9,1,2},{1,6,7,4,3,5,0,0,0},{0,0,0,0,0,0,0,0,0},{0,0,0,0,0,0,0,0,0},{0,0,0,0,0,0,0,0,0},{0,0,0,0,0,0,0,0,0},{0,0,0,0,0,0,0,0,0},{0,0,0,0,0,0,0,0,0},{0,0,0,0,0,0,0,0,0}}
]
Wartość 0 wstawiona nieprawidłowo
Bład w kwadracie 0
sudoku.SudokuBoard@7bca6fac[
  size=9
  solver=sudoku.BacktrackingSudokuSolver@2009f9b0
  board={{3,4,5,6,7,8,9,1,2},{1,6,7,4,3,0,0,0,0},{0,0,0,0,0,0,0,0,0},{0,0,0,0,0,0,0,0,0},{0,0,0,0,0,0,0,0,0},{0,0,0,0,0,0,0,0,0},{0,0,0,0,0,0,0,0,0},{0,0,0,0,0,0,0,0,0},{0,0,0,0,0,0,0,0,0}}
]
Wartość 0 wstawiona nieprawidłowo
Bład w kwadracie 0
sudoku.SudokuBoard@7bca6fac[
  size=9
  solver=sudoku.BacktrackingSudokuSolver@2009f9b0
  board={{3,4,5,6,7,8,9,1,2},{1,6,7,4,3,9,5,0,0},{0,0,0,0,0,0,0,0,0},{0,0,0,0,0,0,0,0,0},{0,0,0,0,0,0,0,0,0},{0,0,0,0,0,0,0,0,0},{0,0,0,0,0,0,0,0,0},{0,0,0,0,0,0,0,0,0},{0,0,0,0,0,0,0,0,0}}
]
Wartość 0 wstawiona nieprawidłowo
Bład w kwadracie 0
sudoku.SudokuBoard@7bca6fac[
  size=9
  solver=sudoku.BacktrackingSudokuSolver@2009f9b0
  board={{3,4,5,6,7,8,9,1,2},{1,6,7,4,3,9,0,0,0},{0,0,0,0,0,0,0,0,0},{0,0,0,0,0,0,0,0,0},{0,0,0,0,0,0,0,0,0},{0,0,0,0,0,0,0,0,0},{0,0,0,0,0,0,0,0,0},{0,0,0,0,0,0,0,0,0},{0,0,0,0,0,0,0,0,0}}
]
Wartość 0 wstawiona nieprawidłowo
Bład w kwadracie 0
sudoku.SudokuBoard@7bca6fac[
  size=9
  solver=sudoku.BacktrackingSudokuSolver@2009f9b0
  board={{3,4,5,6,7,8,9,1,2},{1,6,7,4,3,9,8,0,0},{0,0,0,0,0,0,0,0,0},{0,0,0,0,0,0,0,0,0},{0,0,0,0,0,0,0,0,0},{0,0,0,0,0,0,0,0,0},{0,0,0,0,0,0,0,0,0},{0,0,0,0,0,0,0,0,0},{0,0,0,0,0,0,0,0,0}}
]
Wartość 0 wstawiona nieprawidłowo
Bład w kwadracie 0
sudoku.SudokuBoard@7bca6fac[
  size=9
  solver=sudoku.BacktrackingSudokuSolver@2009f9b0
  board={{3,4,5,6,7,8,9,1,2},{1,6,7,4,3,9,0,0,0},{0,0,0,0,0,0,0,0,0},{0,0,0,0,0,0,0,0,0},{0,0,0,0,0,0,0,0,0},{0,0,0,0,0,0,0,0,0},{0,0,0,0,0,0,0,0,0},{0,0,0,0,0,0,0,0,0},{0,0,0,0,0,0,0,0,0}}
]
Wartość 0 wstawiona nieprawidłowo
Bład w kwadracie 0
sudoku.SudokuBoard@7bca6fac[
  size=9
  solver=sudoku.BacktrackingSudokuSolver@2009f9b0
  board={{3,4,5,6,7,8,9,1,2},{1,6,7,4,3,0,0,0,0},{0,0,0,0,0,0,0,0,0},{0,0,0,0,0,0,0,0,0},{0,0,0,0,0,0,0,0,0},{0,0,0,0,0,0,0,0,0},{0,0,0,0,0,0,0,0,0},{0,0,0,0,0,0,0,0,0},{0,0,0,0,0,0,0,0,0}}
]
Wartość 0 wstawiona nieprawidłowo
Bład w kwadracie 0
sudoku.SudokuBoard@7bca6fac[
  size=9
  solver=sudoku.BacktrackingSudokuSolver@2009f9b0
  board={{3,4,5,6,7,8,9,1,2},{1,6,7,4,3,2,8,0,0},{0,0,0,0,0,0,0,0,0},{0,0,0,0,0,0,0,0,0},{0,0,0,0,0,0,0,0,0},{0,0,0,0,0,0,0,0,0},{0,0,0,0,0,0,0,0,0},{0,0,0,0,0,0,0,0,0},{0,0,0,0,0,0,0,0,0}}
]
Wartość 0 wstawiona nieprawidłowo
Bład w kwadracie 0
sudoku.SudokuBoard@7bca6fac[
  size=9
  solver=sudoku.BacktrackingSudokuSolver@2009f9b0
  board={{3,4,5,6,7,8,9,1,2},{1,6,7,4,3,2,0,0,0},{0,0,0,0,0,0,0,0,0},{0,0,0,0,0,0,0,0,0},{0,0,0,0,0,0,0,0,0},{0,0,0,0,0,0,0,0,0},{0,0,0,0,0,0,0,0,0},{0,0,0,0,0,0,0,0,0},{0,0,0,0,0,0,0,0,0}}
]
Wartość 0 wstawiona nieprawidłowo
Bład w kwadracie 0
sudoku.SudokuBoard@7bca6fac[
  size=9
  solver=sudoku.BacktrackingSudokuSolver@2009f9b0
  board={{3,4,5,6,7,8,9,1,2},{1,6,7,4,3,2,5,0,0},{0,0,0,0,0,0,0,0,0},{0,0,0,0,0,0,0,0,0},{0,0,0,0,0,0,0,0,0},{0,0,0,0,0,0,0,0,0},{0,0,0,0,0,0,0,0,0},{0,0,0,0,0,0,0,0,0},{0,0,0,0,0,0,0,0,0}}
]
Wartość 0 wstawiona nieprawidłowo
Bład w kwadracie 0
sudoku.SudokuBoard@7bca6fac[
  size=9
  solver=sudoku.BacktrackingSudokuSolver@2009f9b0
  board={{3,4,5,6,7,8,9,1,2},{1,6,7,4,3,2,0,0,0},{0,0,0,0,0,0,0,0,0},{0,0,0,0,0,0,0,0,0},{0,0,0,0,0,0,0,0,0},{0,0,0,0,0,0,0,0,0},{0,0,0,0,0,0,0,0,0},{0,0,0,0,0,0,0,0,0},{0,0,0,0,0,0,0,0,0}}
]
Wartość 0 wstawiona nieprawidłowo
Bład w kwadracie 0
sudoku.SudokuBoard@7bca6fac[
  size=9
  solver=sudoku.BacktrackingSudokuSolver@2009f9b0
  board={{3,4,5,6,7,8,9,1,2},{1,6,7,4,3,0,0,0,0},{0,0,0,0,0,0,0,0,0},{0,0,0,0,0,0,0,0,0},{0,0,0,0,0,0,0,0,0},{0,0,0,0,0,0,0,0,0},{0,0,0,0,0,0,0,0,0},{0,0,0,0,0,0,0,0,0},{0,0,0,0,0,0,0,0,0}}
]
Wartość 0 wstawiona nieprawidłowo
Bład w kwadracie 0
sudoku.SudokuBoard@7bca6fac[
  size=9
  solver=sudoku.BacktrackingSudokuSolver@2009f9b0
  board={{3,4,5,6,7,8,9,1,2},{1,6,7,4,0,0,0,0,0},{0,0,0,0,0,0,0,0,0},{0,0,0,0,0,0,0,0,0},{0,0,0,0,0,0,0,0,0},{0,0,0,0,0,0,0,0,0},{0,0,0,0,0,0,0,0,0},{0,0,0,0,0,0,0,0,0},{0,0,0,0,0,0,0,0,0}}
]
Wartość 0 wstawiona nieprawidłowo
Bład w kwadracie 0
sudoku.SudokuBoard@7bca6fac[
  size=9
  solver=sudoku.BacktrackingSudokuSolver@2009f9b0
  board={{3,4,5,6,7,8,9,1,2},{1,6,7,4,5,2,8,0,0},{0,0,0,0,0,0,0,0,0},{0,0,0,0,0,0,0,0,0},{0,0,0,0,0,0,0,0,0},{0,0,0,0,0,0,0,0,0},{0,0,0,0,0,0,0,0,0},{0,0,0,0,0,0,0,0,0},{0,0,0,0,0,0,0,0,0}}
]
Wartość 0 wstawiona nieprawidłowo
Bład w kwadracie 0
sudoku.SudokuBoard@7bca6fac[
  size=9
  solver=sudoku.BacktrackingSudokuSolver@2009f9b0
  board={{3,4,5,6,7,8,9,1,2},{1,6,7,4,5,2,0,0,0},{0,0,0,0,0,0,0,0,0},{0,0,0,0,0,0,0,0,0},{0,0,0,0,0,0,0,0,0},{0,0,0,0,0,0,0,0,0},{0,0,0,0,0,0,0,0,0},{0,0,0,0,0,0,0,0,0},{0,0,0,0,0,0,0,0,0}}
]
Wartość 0 wstawiona nieprawidłowo
Bład w kwadracie 0
sudoku.SudokuBoard@7bca6fac[
  size=9
  solver=sudoku.BacktrackingSudokuSolver@2009f9b0
  board={{3,4,5,6,7,8,9,1,2},{1,6,7,4,5,2,3,0,0},{0,0,0,0,0,0,0,0,0},{0,0,0,0,0,0,0,0,0},{0,0,0,0,0,0,0,0,0},{0,0,0,0,0,0,0,0,0},{0,0,0,0,0,0,0,0,0},{0,0,0,0,0,0,0,0,0},{0,0,0,0,0,0,0,0,0}}
]
Wartość 0 wstawiona nieprawidłowo
Bład w kwadracie 0
sudoku.SudokuBoard@7bca6fac[
  size=9
  solver=sudoku.BacktrackingSudokuSolver@2009f9b0
  board={{3,4,5,6,7,8,9,1,2},{1,6,7,4,5,2,0,0,0},{0,0,0,0,0,0,0,0,0},{0,0,0,0,0,0,0,0,0},{0,0,0,0,0,0,0,0,0},{0,0,0,0,0,0,0,0,0},{0,0,0,0,0,0,0,0,0},{0,0,0,0,0,0,0,0,0},{0,0,0,0,0,0,0,0,0}}
]
Wartość 0 wstawiona nieprawidłowo
Bład w kwadracie 0
sudoku.SudokuBoard@7bca6fac[
  size=9
  solver=sudoku.BacktrackingSudokuSolver@2009f9b0
  board={{3,4,5,6,7,8,9,1,2},{1,6,7,4,5,0,0,0,0},{0,0,0,0,0,0,0,0,0},{0,0,0,0,0,0,0,0,0},{0,0,0,0,0,0,0,0,0},{0,0,0,0,0,0,0,0,0},{0,0,0,0,0,0,0,0,0},{0,0,0,0,0,0,0,0,0},{0,0,0,0,0,0,0,0,0}}
]
Wartość 0 wstawiona nieprawidłowo
Bład w kwadracie 0
sudoku.SudokuBoard@7bca6fac[
  size=9
  solver=sudoku.BacktrackingSudokuSolver@2009f9b0
  board={{3,4,5,6,7,8,9,1,2},{1,6,7,4,5,3,0,0,0},{0,0,0,0,0,0,0,0,0},{0,0,0,0,0,0,0,0,0},{0,0,0,0,0,0,0,0,0},{0,0,0,0,0,0,0,0,0},{0,0,0,0,0,0,0,0,0},{0,0,0,0,0,0,0,0,0},{0,0,0,0,0,0,0,0,0}}
]
Wartość 0 wstawiona nieprawidłowo
Bład w kwadracie 0
sudoku.SudokuBoard@7bca6fac[
  size=9
  solver=sudoku.BacktrackingSudokuSolver@2009f9b0
  board={{3,4,5,6,7,8,9,1,2},{1,6,7,4,5,0,0,0,0},{0,0,0,0,0,0,0,0,0},{0,0,0,0,0,0,0,0,0},{0,0,0,0,0,0,0,0,0},{0,0,0,0,0,0,0,0,0},{0,0,0,0,0,0,0,0,0},{0,0,0,0,0,0,0,0,0},{0,0,0,0,0,0,0,0,0}}
]
Wartość 0 wstawiona nieprawidłowo
Bład w kwadracie 0
sudoku.SudokuBoard@7bca6fac[
  size=9
  solver=sudoku.BacktrackingSudokuSolver@2009f9b0
  board={{3,4,5,6,7,8,9,1,2},{1,6,7,4,5,9,3,0,0},{0,0,0,0,0,0,0,0,0},{0,0,0,0,0,0,0,0,0},{0,0,0,0,0,0,0,0,0},{0,0,0,0,0,0,0,0,0},{0,0,0,0,0,0,0,0,0},{0,0,0,0,0,0,0,0,0},{0,0,0,0,0,0,0,0,0}}
]
Wartość 0 wstawiona nieprawidłowo
Bład w kwadracie 0
sudoku.SudokuBoard@7bca6fac[
  size=9
  solver=sudoku.BacktrackingSudokuSolver@2009f9b0
  board={{3,4,5,6,7,8,9,1,2},{1,6,7,4,5,9,0,0,0},{0,0,0,0,0,0,0,0,0},{0,0,0,0,0,0,0,0,0},{0,0,0,0,0,0,0,0,0},{0,0,0,0,0,0,0,0,0},{0,0,0,0,0,0,0,0,0},{0,0,0,0,0,0,0,0,0},{0,0,0,0,0,0,0,0,0}}
]
Wartość 0 wstawiona nieprawidłowo
Bład w kwadracie 0
sudoku.SudokuBoard@7bca6fac[
  size=9
  solver=sudoku.BacktrackingSudokuSolver@2009f9b0
  board={{3,4,5,6,7,8,9,1,2},{1,6,7,4,5,9,8,0,0},{0,0,0,0,0,0,0,0,0},{0,0,0,0,0,0,0,0,0},{0,0,0,0,0,0,0,0,0},{0,0,0,0,0,0,0,0,0},{0,0,0,0,0,0,0,0,0},{0,0,0,0,0,0,0,0,0},{0,0,0,0,0,0,0,0,0}}
]
Wartość 0 wstawiona nieprawidłowo
Bład w kwadracie 0
sudoku.SudokuBoard@7bca6fac[
  size=9
  solver=sudoku.BacktrackingSudokuSolver@2009f9b0
  board={{3,4,5,6,7,8,9,1,2},{1,6,7,4,5,9,0,0,0},{0,0,0,0,0,0,0,0,0},{0,0,0,0,0,0,0,0,0},{0,0,0,0,0,0,0,0,0},{0,0,0,0,0,0,0,0,0},{0,0,0,0,0,0,0,0,0},{0,0,0,0,0,0,0,0,0},{0,0,0,0,0,0,0,0,0}}
]
Wartość 0 wstawiona nieprawidłowo
Bład w kwadracie 0
sudoku.SudokuBoard@7bca6fac[
  size=9
  solver=sudoku.BacktrackingSudokuSolver@2009f9b0
  board={{3,4,5,6,7,8,9,1,2},{1,6,7,4,5,0,0,0,0},{0,0,0,0,0,0,0,0,0},{0,0,0,0,0,0,0,0,0},{0,0,0,0,0,0,0,0,0},{0,0,0,0,0,0,0,0,0},{0,0,0,0,0,0,0,0,0},{0,0,0,0,0,0,0,0,0},{0,0,0,0,0,0,0,0,0}}
]
Wartość 0 wstawiona nieprawidłowo
Bład w kwadracie 0
sudoku.SudokuBoard@7bca6fac[
  size=9
  solver=sudoku.BacktrackingSudokuSolver@2009f9b0
  board={{3,4,5,6,7,8,9,1,2},{1,6,7,4,0,0,0,0,0},{0,0,0,0,0,0,0,0,0},{0,0,0,0,0,0,0,0,0},{0,0,0,0,0,0,0,0,0},{0,0,0,0,0,0,0,0,0},{0,0,0,0,0,0,0,0,0},{0,0,0,0,0,0,0,0,0},{0,0,0,0,0,0,0,0,0}}
]
Wartość 0 wstawiona nieprawidłowo
Bład w kwadracie 0
sudoku.SudokuBoard@7bca6fac[
  size=9
  solver=sudoku.BacktrackingSudokuSolver@2009f9b0
  board={{3,4,5,6,7,8,9,1,2},{1,6,7,4,9,2,3,5,8},{2,8,9,1,3,5,6,7,4},{4,1,6,9,5,3,2,8,7},{8,7,0,0,0,0,0,0,0},{0,0,0,0,0,0,0,0,0},{0,0,0,0,0,0,0,0,0},{0,0,0,0,0,0,0,0,0},{0,0,0,0,0,0,0,0,0}}
]
Wartość 0 wstawiona nieprawidłowo
Bład w kwadracie 0
sudoku.SudokuBoard@7bca6fac[
  size=9
  solver=sudoku.BacktrackingSudokuSolver@2009f9b0
  board={{3,4,5,6,7,8,9,1,2},{1,6,7,4,9,2,3,5,8},{2,8,9,1,3,5,6,7,4},{4,1,6,9,5,3,2,8,7},{8,7,3,2,6,1,4,9,5},{5,9,2,7,0,0,0,0,0},{0,0,0,0,0,0,0,0,0},{0,0,0,0,0,0,0,0,0},{0,0,0,0,0,0,0,0,0}}
]
Wartość 0 wstawiona nieprawidłowo
Bład w kwadracie 0
sudoku.SudokuBoard@7bca6fac[
  size=9
  solver=sudoku.BacktrackingSudokuSolver@2009f9b0
  board={{3,4,5,6,7,8,9,1,2},{1,6,7,4,9,2,3,5,8},{2,8,9,1,3,5,6,7,4},{4,1,6,9,5,3,2,8,7},{8,7,3,2,6,1,4,9,5},{5,9,2,7,8,4,1,3,6},{6,5,4,3,1,7,8,2,9},{7,2,8,5,4,0,0,0,0},{0,0,0,0,0,0,0,0,0}}
]
Wartość 0 wstawiona nieprawidłowo
Bład w kwadracie 0
sudoku.SudokuBoard@7bca6fac[
  size=9
  solver=sudoku.BacktrackingSudokuSolver@2009f9b0
  board={{3,4,5,6,7,8,9,1,2},{1,6,7,4,9,2,3,5,8},{2,8,9,1,3,5,6,7,4},{4,1,6,9,5,3,2,8,7},{8,7,3,2,6,1,4,9,5},{5,9,2,7,8,4,1,3,6},{6,5,4,3,1,7,8,2,9},{7,2,8,5,4,0,0,0,0},{0,0,0,0,0,0,0,0,0}}
]
Wartość 0 wstawiona nieprawidłowo
Bład w kwadracie 0
sudoku.SudokuBoard@7bca6fac[
  size=9
  solver=sudoku.BacktrackingSudokuSolver@2009f9b0
  board={{3,4,5,6,7,8,9,1,2},{1,6,7,4,9,2,3,5,8},{2,8,9,1,3,5,6,7,4},{4,1,6,9,5,3,2,8,7},{8,7,3,2,6,1,4,9,5},{5,9,2,7,8,4,1,3,6},{6,5,4,3,1,7,8,2,9},{7,2,8,5,0,0,0,0,0},{0,0,0,0,0,0,0,0,0}}
]
Wartość 0 wstawiona nieprawidłowo
Bład w kwadracie 0
sudoku.SudokuBoard@7bca6fac[
  size=9
  solver=sudoku.BacktrackingSudokuSolver@2009f9b0
  board={{3,4,5,6,7,8,9,1,2},{1,6,7,4,9,2,3,5,8},{2,8,9,1,3,5,6,7,4},{4,1,6,9,5,3,2,8,7},{8,7,3,2,6,1,4,9,5},{5,9,2,7,8,4,1,3,6},{6,5,4,3,1,7,8,2,9},{7,2,8,0,0,0,0,0,0},{0,0,0,0,0,0,0,0,0}}
]
Wartość 0 wstawiona nieprawidłowo
Bład w kwadracie 0
sudoku.SudokuBoard@7bca6fac[
  size=9
  solver=sudoku.BacktrackingSudokuSolver@2009f9b0
  board={{3,4,5,6,7,8,9,1,2},{1,6,7,4,9,2,3,5,8},{2,8,9,1,3,5,6,7,4},{4,1,6,9,5,3,2,8,7},{8,7,3,2,6,1,4,9,5},{5,9,2,7,8,4,1,3,6},{6,5,4,3,1,7,8,2,9},{7,2,0,0,0,0,0,0,0},{0,0,0,0,0,0,0,0,0}}
]
Wartość 0 wstawiona nieprawidłowo
]]></system-out>
  </testcase>
  <testcase name="testEqualsDiffrentClass" classname="sudoku.SeriesTest" time="0.04">
    <system-out><![CDATA[Bład w kwadracie 0
sudoku.SudokuBoard@3f9270ed[
  size=9
  solver=sudoku.BacktrackingSudokuSolver@7a2b1eb4
  board={{3,4,6,5,8,2,7,9,1},{9,1,5,4,6,3,8,0,0},{0,0,0,0,0,0,0,0,0},{0,0,0,0,0,0,0,0,0},{0,0,0,0,0,0,0,0,0},{0,0,0,0,0,0,0,0,0},{0,0,0,0,0,0,0,0,0},{0,0,0,0,0,0,0,0,0},{0,0,0,0,0,0,0,0,0}}
]
Wartość 0 wstawiona nieprawidłowo
Bład w kwadracie 0
sudoku.SudokuBoard@3f9270ed[
  size=9
  solver=sudoku.BacktrackingSudokuSolver@7a2b1eb4
  board={{3,4,6,5,8,2,7,9,1},{9,1,5,4,6,3,0,0,0},{0,0,0,0,0,0,0,0,0},{0,0,0,0,0,0,0,0,0},{0,0,0,0,0,0,0,0,0},{0,0,0,0,0,0,0,0,0},{0,0,0,0,0,0,0,0,0},{0,0,0,0,0,0,0,0,0},{0,0,0,0,0,0,0,0,0}}
]
Wartość 0 wstawiona nieprawidłowo
Bład w kwadracie 0
sudoku.SudokuBoard@3f9270ed[
  size=9
  solver=sudoku.BacktrackingSudokuSolver@7a2b1eb4
  board={{3,4,6,5,8,2,7,9,1},{9,1,5,4,6,3,2,0,0},{0,0,0,0,0,0,0,0,0},{0,0,0,0,0,0,0,0,0},{0,0,0,0,0,0,0,0,0},{0,0,0,0,0,0,0,0,0},{0,0,0,0,0,0,0,0,0},{0,0,0,0,0,0,0,0,0},{0,0,0,0,0,0,0,0,0}}
]
Wartość 0 wstawiona nieprawidłowo
Bład w kwadracie 0
sudoku.SudokuBoard@3f9270ed[
  size=9
  solver=sudoku.BacktrackingSudokuSolver@7a2b1eb4
  board={{3,4,6,5,8,2,7,9,1},{9,1,5,4,6,3,0,0,0},{0,0,0,0,0,0,0,0,0},{0,0,0,0,0,0,0,0,0},{0,0,0,0,0,0,0,0,0},{0,0,0,0,0,0,0,0,0},{0,0,0,0,0,0,0,0,0},{0,0,0,0,0,0,0,0,0},{0,0,0,0,0,0,0,0,0}}
]
Wartość 0 wstawiona nieprawidłowo
Bład w kwadracie 0
sudoku.SudokuBoard@3f9270ed[
  size=9
  solver=sudoku.BacktrackingSudokuSolver@7a2b1eb4
  board={{3,4,6,5,8,2,7,9,1},{9,1,5,4,6,0,0,0,0},{0,0,0,0,0,0,0,0,0},{0,0,0,0,0,0,0,0,0},{0,0,0,0,0,0,0,0,0},{0,0,0,0,0,0,0,0,0},{0,0,0,0,0,0,0,0,0},{0,0,0,0,0,0,0,0,0},{0,0,0,0,0,0,0,0,0}}
]
Wartość 0 wstawiona nieprawidłowo
Bład w kwadracie 0
sudoku.SudokuBoard@3f9270ed[
  size=9
  solver=sudoku.BacktrackingSudokuSolver@7a2b1eb4
  board={{3,4,6,5,8,2,7,9,1},{9,1,5,4,6,7,8,2,3},{8,2,7,9,1,3,6,4,5},{5,9,8,1,4,6,2,3,7},{4,3,1,8,7,9,5,0,0},{0,0,0,0,0,0,0,0,0},{0,0,0,0,0,0,0,0,0},{0,0,0,0,0,0,0,0,0},{0,0,0,0,0,0,0,0,0}}
]
Wartość 0 wstawiona nieprawidłowo
Bład w kwadracie 0
sudoku.SudokuBoard@3f9270ed[
  size=9
  solver=sudoku.BacktrackingSudokuSolver@7a2b1eb4
  board={{3,4,6,5,8,2,7,9,1},{9,1,5,4,6,7,8,2,3},{8,2,7,9,1,3,6,4,5},{5,9,8,1,4,6,2,3,7},{4,3,1,8,7,9,0,0,0},{0,0,0,0,0,0,0,0,0},{0,0,0,0,0,0,0,0,0},{0,0,0,0,0,0,0,0,0},{0,0,0,0,0,0,0,0,0}}
]
Wartość 0 wstawiona nieprawidłowo
Bład w kwadracie 0
sudoku.SudokuBoard@3f9270ed[
  size=9
  solver=sudoku.BacktrackingSudokuSolver@7a2b1eb4
  board={{3,4,6,5,8,2,7,9,1},{9,1,5,4,6,7,8,2,3},{8,2,7,9,1,3,6,4,5},{5,9,8,1,4,6,2,3,7},{4,3,1,8,7,0,0,0,0},{0,0,0,0,0,0,0,0,0},{0,0,0,0,0,0,0,0,0},{0,0,0,0,0,0,0,0,0},{0,0,0,0,0,0,0,0,0}}
]
Wartość 0 wstawiona nieprawidłowo
Bład w kwadracie 0
sudoku.SudokuBoard@3f9270ed[
  size=9
  solver=sudoku.BacktrackingSudokuSolver@7a2b1eb4
  board={{3,4,6,5,8,2,7,9,1},{9,1,5,4,6,7,8,2,3},{8,2,7,9,1,3,6,4,5},{5,9,8,1,4,6,2,3,7},{4,3,1,8,7,5,9,0,0},{0,0,0,0,0,0,0,0,0},{0,0,0,0,0,0,0,0,0},{0,0,0,0,0,0,0,0,0},{0,0,0,0,0,0,0,0,0}}
]
Wartość 0 wstawiona nieprawidłowo
Bład w kwadracie 0
sudoku.SudokuBoard@3f9270ed[
  size=9
  solver=sudoku.BacktrackingSudokuSolver@7a2b1eb4
  board={{3,4,6,5,8,2,7,9,1},{9,1,5,4,6,7,8,2,3},{8,2,7,9,1,3,6,4,5},{5,9,8,1,4,6,2,3,7},{4,3,1,8,7,5,0,0,0},{0,0,0,0,0,0,0,0,0},{0,0,0,0,0,0,0,0,0},{0,0,0,0,0,0,0,0,0},{0,0,0,0,0,0,0,0,0}}
]
Wartość 0 wstawiona nieprawidłowo
Bład w kwadracie 0
sudoku.SudokuBoard@3f9270ed[
  size=9
  solver=sudoku.BacktrackingSudokuSolver@7a2b1eb4
  board={{3,4,6,5,8,2,7,9,1},{9,1,5,4,6,7,8,2,3},{8,2,7,9,1,3,6,4,5},{5,9,8,1,4,6,2,3,7},{4,3,1,8,7,0,0,0,0},{0,0,0,0,0,0,0,0,0},{0,0,0,0,0,0,0,0,0},{0,0,0,0,0,0,0,0,0},{0,0,0,0,0,0,0,0,0}}
]
Wartość 0 wstawiona nieprawidłowo
Bład w kwadracie 0
sudoku.SudokuBoard@3f9270ed[
  size=9
  solver=sudoku.BacktrackingSudokuSolver@7a2b1eb4
  board={{3,4,6,5,8,2,7,9,1},{9,1,5,4,6,7,8,2,3},{8,2,7,9,1,3,6,4,5},{5,9,8,1,4,6,2,3,7},{4,3,1,8,0,0,0,0,0},{0,0,0,0,0,0,0,0,0},{0,0,0,0,0,0,0,0,0},{0,0,0,0,0,0,0,0,0},{0,0,0,0,0,0,0,0,0}}
]
Wartość 0 wstawiona nieprawidłowo
Bład w kwadracie 0
sudoku.SudokuBoard@3f9270ed[
  size=9
  solver=sudoku.BacktrackingSudokuSolver@7a2b1eb4
  board={{3,4,6,5,8,2,7,9,1},{9,1,5,4,6,7,8,2,3},{8,2,7,9,1,3,6,4,5},{5,9,8,1,4,6,2,3,7},{4,3,1,8,9,0,0,0,0},{0,0,0,0,0,0,0,0,0},{0,0,0,0,0,0,0,0,0},{0,0,0,0,0,0,0,0,0},{0,0,0,0,0,0,0,0,0}}
]
Wartość 0 wstawiona nieprawidłowo
Bład w kwadracie 0
sudoku.SudokuBoard@3f9270ed[
  size=9
  solver=sudoku.BacktrackingSudokuSolver@7a2b1eb4
  board={{3,4,6,5,8,2,7,9,1},{9,1,5,4,6,7,8,2,3},{8,2,7,9,1,3,6,4,5},{5,9,8,1,4,6,2,3,7},{4,3,1,8,0,0,0,0,0},{0,0,0,0,0,0,0,0,0},{0,0,0,0,0,0,0,0,0},{0,0,0,0,0,0,0,0,0},{0,0,0,0,0,0,0,0,0}}
]
Wartość 0 wstawiona nieprawidłowo
Bład w kwadracie 0
sudoku.SudokuBoard@3f9270ed[
  size=9
  solver=sudoku.BacktrackingSudokuSolver@7a2b1eb4
  board={{3,4,6,5,8,2,7,9,1},{9,1,5,4,6,7,8,2,3},{8,2,7,9,1,3,6,4,5},{5,9,8,1,4,6,2,3,7},{4,3,1,8,2,9,5,0,0},{0,0,0,0,0,0,0,0,0},{0,0,0,0,0,0,0,0,0},{0,0,0,0,0,0,0,0,0},{0,0,0,0,0,0,0,0,0}}
]
Wartość 0 wstawiona nieprawidłowo
Bład w kwadracie 0
sudoku.SudokuBoard@3f9270ed[
  size=9
  solver=sudoku.BacktrackingSudokuSolver@7a2b1eb4
  board={{3,4,6,5,8,2,7,9,1},{9,1,5,4,6,7,8,2,3},{8,2,7,9,1,3,6,4,5},{5,9,8,1,4,6,2,3,7},{4,3,1,8,2,9,0,0,0},{0,0,0,0,0,0,0,0,0},{0,0,0,0,0,0,0,0,0},{0,0,0,0,0,0,0,0,0},{0,0,0,0,0,0,0,0,0}}
]
Wartość 0 wstawiona nieprawidłowo
Bład w kwadracie 0
sudoku.SudokuBoard@3f9270ed[
  size=9
  solver=sudoku.BacktrackingSudokuSolver@7a2b1eb4
  board={{3,4,6,5,8,2,7,9,1},{9,1,5,4,6,7,8,2,3},{8,2,7,9,1,3,6,4,5},{5,9,8,1,4,6,2,3,7},{4,3,1,8,2,0,0,0,0},{0,0,0,0,0,0,0,0,0},{0,0,0,0,0,0,0,0,0},{0,0,0,0,0,0,0,0,0},{0,0,0,0,0,0,0,0,0}}
]
Wartość 0 wstawiona nieprawidłowo
Bład w kwadracie 0
sudoku.SudokuBoard@3f9270ed[
  size=9
  solver=sudoku.BacktrackingSudokuSolver@7a2b1eb4
  board={{3,4,6,5,8,2,7,9,1},{9,1,5,4,6,7,8,2,3},{8,2,7,9,1,3,6,4,5},{5,9,8,1,4,6,2,3,7},{4,3,1,8,2,5,9,0,0},{0,0,0,0,0,0,0,0,0},{0,0,0,0,0,0,0,0,0},{0,0,0,0,0,0,0,0,0},{0,0,0,0,0,0,0,0,0}}
]
Wartość 0 wstawiona nieprawidłowo
Bład w kwadracie 0
sudoku.SudokuBoard@3f9270ed[
  size=9
  solver=sudoku.BacktrackingSudokuSolver@7a2b1eb4
  board={{3,4,6,5,8,2,7,9,1},{9,1,5,4,6,7,8,2,3},{8,2,7,9,1,3,6,4,5},{5,9,8,1,4,6,2,3,7},{4,3,1,8,2,5,0,0,0},{0,0,0,0,0,0,0,0,0},{0,0,0,0,0,0,0,0,0},{0,0,0,0,0,0,0,0,0},{0,0,0,0,0,0,0,0,0}}
]
Wartość 0 wstawiona nieprawidłowo
Bład w kwadracie 0
sudoku.SudokuBoard@3f9270ed[
  size=9
  solver=sudoku.BacktrackingSudokuSolver@7a2b1eb4
  board={{3,4,6,5,8,2,7,9,1},{9,1,5,4,6,7,8,2,3},{8,2,7,9,1,3,6,4,5},{5,9,8,1,4,6,2,3,7},{4,3,1,8,2,0,0,0,0},{0,0,0,0,0,0,0,0,0},{0,0,0,0,0,0,0,0,0},{0,0,0,0,0,0,0,0,0},{0,0,0,0,0,0,0,0,0}}
]
Wartość 0 wstawiona nieprawidłowo
Bład w kwadracie 0
sudoku.SudokuBoard@3f9270ed[
  size=9
  solver=sudoku.BacktrackingSudokuSolver@7a2b1eb4
  board={{3,4,6,5,8,2,7,9,1},{9,1,5,4,6,7,8,2,3},{8,2,7,9,1,3,6,4,5},{5,9,8,1,4,6,2,3,7},{4,3,1,8,0,0,0,0,0},{0,0,0,0,0,0,0,0,0},{0,0,0,0,0,0,0,0,0},{0,0,0,0,0,0,0,0,0},{0,0,0,0,0,0,0,0,0}}
]
Wartość 0 wstawiona nieprawidłowo
Bład w kwadracie 0
sudoku.SudokuBoard@3f9270ed[
  size=9
  solver=sudoku.BacktrackingSudokuSolver@7a2b1eb4
  board={{3,4,6,5,8,2,7,9,1},{9,1,5,4,6,7,8,2,3},{8,2,7,9,1,3,6,4,5},{5,9,8,1,4,6,2,3,7},{4,3,1,8,5,0,0,0,0},{0,0,0,0,0,0,0,0,0},{0,0,0,0,0,0,0,0,0},{0,0,0,0,0,0,0,0,0},{0,0,0,0,0,0,0,0,0}}
]
Wartość 0 wstawiona nieprawidłowo
Bład w kwadracie 0
sudoku.SudokuBoard@3f9270ed[
  size=9
  solver=sudoku.BacktrackingSudokuSolver@7a2b1eb4
  board={{3,4,6,5,8,2,7,9,1},{9,1,5,4,6,7,8,2,3},{8,2,7,9,1,3,6,4,5},{5,9,8,1,4,6,2,3,7},{4,3,1,8,0,0,0,0,0},{0,0,0,0,0,0,0,0,0},{0,0,0,0,0,0,0,0,0},{0,0,0,0,0,0,0,0,0},{0,0,0,0,0,0,0,0,0}}
]
Wartość 0 wstawiona nieprawidłowo
Bład w kwadracie 0
sudoku.SudokuBoard@3f9270ed[
  size=9
  solver=sudoku.BacktrackingSudokuSolver@7a2b1eb4
  board={{3,4,6,5,8,2,7,9,1},{9,1,5,4,6,7,8,2,3},{8,2,7,9,1,3,6,4,5},{5,9,8,1,4,6,2,3,7},{4,3,1,0,0,0,0,0,0},{0,0,0,0,0,0,0,0,0},{0,0,0,0,0,0,0,0,0},{0,0,0,0,0,0,0,0,0},{0,0,0,0,0,0,0,0,0}}
]
Wartość 0 wstawiona nieprawidłowo
Bład w kwadracie 0
sudoku.SudokuBoard@3f9270ed[
  size=9
  solver=sudoku.BacktrackingSudokuSolver@7a2b1eb4
  board={{3,4,6,5,8,2,7,9,1},{9,1,5,4,6,7,8,2,3},{8,2,7,9,1,3,6,4,5},{5,9,8,1,4,6,2,3,7},{4,3,1,2,5,8,9,0,0},{0,0,0,0,0,0,0,0,0},{0,0,0,0,0,0,0,0,0},{0,0,0,0,0,0,0,0,0},{0,0,0,0,0,0,0,0,0}}
]
Wartość 0 wstawiona nieprawidłowo
Bład w kwadracie 0
sudoku.SudokuBoard@3f9270ed[
  size=9
  solver=sudoku.BacktrackingSudokuSolver@7a2b1eb4
  board={{3,4,6,5,8,2,7,9,1},{9,1,5,4,6,7,8,2,3},{8,2,7,9,1,3,6,4,5},{5,9,8,1,4,6,2,3,7},{4,3,1,2,5,8,0,0,0},{0,0,0,0,0,0,0,0,0},{0,0,0,0,0,0,0,0,0},{0,0,0,0,0,0,0,0,0},{0,0,0,0,0,0,0,0,0}}
]
Wartość 0 wstawiona nieprawidłowo
Bład w kwadracie 0
sudoku.SudokuBoard@3f9270ed[
  size=9
  solver=sudoku.BacktrackingSudokuSolver@7a2b1eb4
  board={{3,4,6,5,8,2,7,9,1},{9,1,5,4,6,7,8,2,3},{8,2,7,9,1,3,6,4,5},{5,9,8,1,4,6,2,3,7},{4,3,1,2,5,0,0,0,0},{0,0,0,0,0,0,0,0,0},{0,0,0,0,0,0,0,0,0},{0,0,0,0,0,0,0,0,0},{0,0,0,0,0,0,0,0,0}}
]
Wartość 0 wstawiona nieprawidłowo
Bład w kwadracie 0
sudoku.SudokuBoard@3f9270ed[
  size=9
  solver=sudoku.BacktrackingSudokuSolver@7a2b1eb4
  board={{3,4,6,5,8,2,7,9,1},{9,1,5,4,6,7,8,2,3},{8,2,7,9,1,3,6,4,5},{5,9,8,1,4,6,2,3,7},{4,3,1,2,5,0,0,0,0},{0,0,0,0,0,0,0,0,0},{0,0,0,0,0,0,0,0,0},{0,0,0,0,0,0,0,0,0},{0,0,0,0,0,0,0,0,0}}
]
Wartość 0 wstawiona nieprawidłowo
Bład w kwadracie 0
sudoku.SudokuBoard@3f9270ed[
  size=9
  solver=sudoku.BacktrackingSudokuSolver@7a2b1eb4
  board={{3,4,6,5,8,2,7,9,1},{9,1,5,4,6,7,8,2,3},{8,2,7,9,1,3,6,4,5},{5,9,8,1,4,6,2,3,7},{4,3,1,2,0,0,0,0,0},{0,0,0,0,0,0,0,0,0},{0,0,0,0,0,0,0,0,0},{0,0,0,0,0,0,0,0,0},{0,0,0,0,0,0,0,0,0}}
]
Wartość 0 wstawiona nieprawidłowo
Bład w kwadracie 0
sudoku.SudokuBoard@3f9270ed[
  size=9
  solver=sudoku.BacktrackingSudokuSolver@7a2b1eb4
  board={{3,4,6,5,8,2,7,9,1},{9,1,5,4,6,7,8,2,3},{8,2,7,9,1,3,6,4,5},{5,9,8,1,4,6,2,3,7},{4,3,1,2,7,8,5,6,9},{2,0,0,0,0,0,0,0,0},{0,0,0,0,0,0,0,0,0},{0,0,0,0,0,0,0,0,0},{0,0,0,0,0,0,0,0,0}}
]
Wartość 0 wstawiona nieprawidłowo
Bład w kwadracie 0
sudoku.SudokuBoard@3f9270ed[
  size=9
  solver=sudoku.BacktrackingSudokuSolver@7a2b1eb4
  board={{3,4,6,5,8,2,7,9,1},{9,1,5,4,6,7,8,2,3},{8,2,7,9,1,3,6,4,5},{5,9,8,1,4,6,2,3,7},{4,3,1,2,7,8,5,6,9},{2,0,0,0,0,0,0,0,0},{0,0,0,0,0,0,0,0,0},{0,0,0,0,0,0,0,0,0},{0,0,0,0,0,0,0,0,0}}
]
Wartość 0 wstawiona nieprawidłowo
Bład w kwadracie 0
sudoku.SudokuBoard@3f9270ed[
  size=9
  solver=sudoku.BacktrackingSudokuSolver@7a2b1eb4
  board={{3,4,6,5,8,2,7,9,1},{9,1,5,4,6,7,8,2,3},{8,2,7,9,1,3,6,4,5},{5,9,8,1,4,6,2,3,7},{4,3,1,2,7,8,5,6,9},{0,0,0,0,0,0,0,0,0},{0,0,0,0,0,0,0,0,0},{0,0,0,0,0,0,0,0,0},{0,0,0,0,0,0,0,0,0}}
]
Wartość 0 wstawiona nieprawidłowo
Bład w kwadracie 0
sudoku.SudokuBoard@3f9270ed[
  size=9
  solver=sudoku.BacktrackingSudokuSolver@7a2b1eb4
  board={{3,4,6,5,8,2,7,9,1},{9,1,5,4,6,7,8,2,3},{8,2,7,9,1,3,6,4,5},{5,9,8,1,4,6,2,3,7},{4,3,1,2,7,8,5,6,9},{6,7,2,3,5,9,1,8,4},{7,8,9,6,2,1,3,0,0},{0,0,0,0,0,0,0,0,0},{0,0,0,0,0,0,0,0,0}}
]
Wartość 0 wstawiona nieprawidłowo
Bład w kwadracie 0
sudoku.SudokuBoard@3f9270ed[
  size=9
  solver=sudoku.BacktrackingSudokuSolver@7a2b1eb4
  board={{3,4,6,5,8,2,7,9,1},{9,1,5,4,6,7,8,2,3},{8,2,7,9,1,3,6,4,5},{5,9,8,1,4,6,2,3,7},{4,3,1,2,7,8,5,6,9},{6,7,2,3,5,9,1,8,4},{7,8,9,6,2,1,0,0,0},{0,0,0,0,0,0,0,0,0},{0,0,0,0,0,0,0,0,0}}
]
Wartość 0 wstawiona nieprawidłowo
Bład w kwadracie 0
sudoku.SudokuBoard@3f9270ed[
  size=9
  solver=sudoku.BacktrackingSudokuSolver@7a2b1eb4
  board={{3,4,6,5,8,2,7,9,1},{9,1,5,4,6,7,8,2,3},{8,2,7,9,1,3,6,4,5},{5,9,8,1,4,6,2,3,7},{4,3,1,2,7,8,5,6,9},{6,7,2,3,5,9,1,8,4},{7,8,9,6,2,1,4,0,0},{0,0,0,0,0,0,0,0,0},{0,0,0,0,0,0,0,0,0}}
]
Wartość 0 wstawiona nieprawidłowo
Bład w kwadracie 0
sudoku.SudokuBoard@3f9270ed[
  size=9
  solver=sudoku.BacktrackingSudokuSolver@7a2b1eb4
  board={{3,4,6,5,8,2,7,9,1},{9,1,5,4,6,7,8,2,3},{8,2,7,9,1,3,6,4,5},{5,9,8,1,4,6,2,3,7},{4,3,1,2,7,8,5,6,9},{6,7,2,3,5,9,1,8,4},{7,8,9,6,2,1,0,0,0},{0,0,0,0,0,0,0,0,0},{0,0,0,0,0,0,0,0,0}}
]
Wartość 0 wstawiona nieprawidłowo
Bład w kwadracie 0
sudoku.SudokuBoard@3f9270ed[
  size=9
  solver=sudoku.BacktrackingSudokuSolver@7a2b1eb4
  board={{3,4,6,5,8,2,7,9,1},{9,1,5,4,6,7,8,2,3},{8,2,7,9,1,3,6,4,5},{5,9,8,1,4,6,2,3,7},{4,3,1,2,7,8,5,6,9},{6,7,2,3,5,9,1,8,4},{7,8,9,6,2,0,0,0,0},{0,0,0,0,0,0,0,0,0},{0,0,0,0,0,0,0,0,0}}
]
Wartość 0 wstawiona nieprawidłowo
Bład w kwadracie 0
sudoku.SudokuBoard@3f9270ed[
  size=9
  solver=sudoku.BacktrackingSudokuSolver@7a2b1eb4
  board={{3,4,6,5,8,2,7,9,1},{9,1,5,4,6,7,8,2,3},{8,2,7,9,1,3,6,4,5},{5,9,8,1,4,6,2,3,7},{4,3,1,2,7,8,5,6,9},{6,7,2,3,5,9,1,8,4},{7,8,9,6,2,4,3,0,0},{0,0,0,0,0,0,0,0,0},{0,0,0,0,0,0,0,0,0}}
]
Wartość 0 wstawiona nieprawidłowo
Bład w kwadracie 0
sudoku.SudokuBoard@3f9270ed[
  size=9
  solver=sudoku.BacktrackingSudokuSolver@7a2b1eb4
  board={{3,4,6,5,8,2,7,9,1},{9,1,5,4,6,7,8,2,3},{8,2,7,9,1,3,6,4,5},{5,9,8,1,4,6,2,3,7},{4,3,1,2,7,8,5,6,9},{6,7,2,3,5,9,1,8,4},{7,8,9,6,2,4,3,0,0},{0,0,0,0,0,0,0,0,0},{0,0,0,0,0,0,0,0,0}}
]
Wartość 0 wstawiona nieprawidłowo
Bład w kwadracie 0
sudoku.SudokuBoard@3f9270ed[
  size=9
  solver=sudoku.BacktrackingSudokuSolver@7a2b1eb4
  board={{3,4,6,5,8,2,7,9,1},{9,1,5,4,6,7,8,2,3},{8,2,7,9,1,3,6,4,5},{5,9,8,1,4,6,2,3,7},{4,3,1,2,7,8,5,6,9},{6,7,2,3,5,9,1,8,4},{7,8,9,6,2,4,0,0,0},{0,0,0,0,0,0,0,0,0},{0,0,0,0,0,0,0,0,0}}
]
Wartość 0 wstawiona nieprawidłowo
Bład w kwadracie 0
sudoku.SudokuBoard@3f9270ed[
  size=9
  solver=sudoku.BacktrackingSudokuSolver@7a2b1eb4
  board={{3,4,6,5,8,2,7,9,1},{9,1,5,4,6,7,8,2,3},{8,2,7,9,1,3,6,4,5},{5,9,8,1,4,6,2,3,7},{4,3,1,2,7,8,5,6,9},{6,7,2,3,5,9,1,8,4},{7,8,9,6,2,0,0,0,0},{0,0,0,0,0,0,0,0,0},{0,0,0,0,0,0,0,0,0}}
]
Wartość 0 wstawiona nieprawidłowo
Bład w kwadracie 0
sudoku.SudokuBoard@3f9270ed[
  size=9
  solver=sudoku.BacktrackingSudokuSolver@7a2b1eb4
  board={{3,4,6,5,8,2,7,9,1},{9,1,5,4,6,7,8,2,3},{8,2,7,9,1,3,6,4,5},{5,9,8,1,4,6,2,3,7},{4,3,1,2,7,8,5,6,9},{6,7,2,3,5,9,1,8,4},{7,8,9,6,2,5,3,0,0},{0,0,0,0,0,0,0,0,0},{0,0,0,0,0,0,0,0,0}}
]
Wartość 0 wstawiona nieprawidłowo
Bład w kwadracie 0
sudoku.SudokuBoard@3f9270ed[
  size=9
  solver=sudoku.BacktrackingSudokuSolver@7a2b1eb4
  board={{3,4,6,5,8,2,7,9,1},{9,1,5,4,6,7,8,2,3},{8,2,7,9,1,3,6,4,5},{5,9,8,1,4,6,2,3,7},{4,3,1,2,7,8,5,6,9},{6,7,2,3,5,9,1,8,4},{7,8,9,6,2,5,0,0,0},{0,0,0,0,0,0,0,0,0},{0,0,0,0,0,0,0,0,0}}
]
Wartość 0 wstawiona nieprawidłowo
Bład w kwadracie 0
sudoku.SudokuBoard@3f9270ed[
  size=9
  solver=sudoku.BacktrackingSudokuSolver@7a2b1eb4
  board={{3,4,6,5,8,2,7,9,1},{9,1,5,4,6,7,8,2,3},{8,2,7,9,1,3,6,4,5},{5,9,8,1,4,6,2,3,7},{4,3,1,2,7,8,5,6,9},{6,7,2,3,5,9,1,8,4},{7,8,9,6,2,5,4,0,0},{0,0,0,0,0,0,0,0,0},{0,0,0,0,0,0,0,0,0}}
]
Wartość 0 wstawiona nieprawidłowo
Bład w kwadracie 0
sudoku.SudokuBoard@3f9270ed[
  size=9
  solver=sudoku.BacktrackingSudokuSolver@7a2b1eb4
  board={{3,4,6,5,8,2,7,9,1},{9,1,5,4,6,7,8,2,3},{8,2,7,9,1,3,6,4,5},{5,9,8,1,4,6,2,3,7},{4,3,1,2,7,8,5,6,9},{6,7,2,3,5,9,1,8,4},{7,8,9,6,2,5,0,0,0},{0,0,0,0,0,0,0,0,0},{0,0,0,0,0,0,0,0,0}}
]
Wartość 0 wstawiona nieprawidłowo
Bład w kwadracie 0
sudoku.SudokuBoard@3f9270ed[
  size=9
  solver=sudoku.BacktrackingSudokuSolver@7a2b1eb4
  board={{3,4,6,5,8,2,7,9,1},{9,1,5,4,6,7,8,2,3},{8,2,7,9,1,3,6,4,5},{5,9,8,1,4,6,2,3,7},{4,3,1,2,7,8,5,6,9},{6,7,2,3,5,9,1,8,4},{7,8,9,6,2,0,0,0,0},{0,0,0,0,0,0,0,0,0},{0,0,0,0,0,0,0,0,0}}
]
Wartość 0 wstawiona nieprawidłowo
Bład w kwadracie 0
sudoku.SudokuBoard@3f9270ed[
  size=9
  solver=sudoku.BacktrackingSudokuSolver@7a2b1eb4
  board={{3,4,6,5,8,2,7,9,1},{9,1,5,4,6,7,8,2,3},{8,2,7,9,1,3,6,4,5},{5,9,8,1,4,6,2,3,7},{4,3,1,2,7,8,5,6,9},{6,7,2,3,5,9,1,8,4},{7,8,9,6,0,0,0,0,0},{0,0,0,0,0,0,0,0,0},{0,0,0,0,0,0,0,0,0}}
]
Wartość 0 wstawiona nieprawidłowo
Bład w kwadracie 0
sudoku.SudokuBoard@3f9270ed[
  size=9
  solver=sudoku.BacktrackingSudokuSolver@7a2b1eb4
  board={{3,4,6,5,8,2,7,9,1},{9,1,5,4,6,7,8,2,3},{8,2,7,9,1,3,6,4,5},{5,9,8,1,4,6,2,3,7},{4,3,1,2,7,8,5,6,9},{6,7,2,3,5,9,1,8,4},{7,8,9,6,3,0,0,0,0},{0,0,0,0,0,0,0,0,0},{0,0,0,0,0,0,0,0,0}}
]
Wartość 0 wstawiona nieprawidłowo
Bład w kwadracie 0
sudoku.SudokuBoard@3f9270ed[
  size=9
  solver=sudoku.BacktrackingSudokuSolver@7a2b1eb4
  board={{3,4,6,5,8,2,7,9,1},{9,1,5,4,6,7,8,2,3},{8,2,7,9,1,3,6,4,5},{5,9,8,1,4,6,2,3,7},{4,3,1,2,7,8,5,6,9},{6,7,2,3,5,9,1,8,4},{7,8,9,6,3,5,4,1,2},{1,5,3,7,9,0,0,0,0},{0,0,0,0,0,0,0,0,0}}
]
Wartość 0 wstawiona nieprawidłowo
Bład w kwadracie 0
sudoku.SudokuBoard@3f9270ed[
  size=9
  solver=sudoku.BacktrackingSudokuSolver@7a2b1eb4
  board={{3,4,6,5,8,2,7,9,1},{9,1,5,4,6,7,8,2,3},{8,2,7,9,1,3,6,4,5},{5,9,8,1,4,6,2,3,7},{4,3,1,2,7,8,5,6,9},{6,7,2,3,5,9,1,8,4},{7,8,9,6,3,5,4,1,2},{1,5,3,7,0,0,0,0,0},{0,0,0,0,0,0,0,0,0}}
]
Wartość 0 wstawiona nieprawidłowo
Bład w kwadracie 0
sudoku.SudokuBoard@3f9270ed[
  size=9
  solver=sudoku.BacktrackingSudokuSolver@7a2b1eb4
  board={{3,4,6,5,8,2,7,9,1},{9,1,5,4,6,7,8,2,3},{8,2,7,9,1,3,6,4,5},{5,9,8,1,4,6,2,3,7},{4,3,1,2,7,8,5,6,9},{6,7,2,3,5,9,1,8,4},{7,8,9,6,3,5,4,1,2},{1,5,3,7,2,4,0,0,0},{0,0,0,0,0,0,0,0,0}}
]
Wartość 0 wstawiona nieprawidłowo
Bład w kwadracie 0
sudoku.SudokuBoard@3f9270ed[
  size=9
  solver=sudoku.BacktrackingSudokuSolver@7a2b1eb4
  board={{3,4,6,5,8,2,7,9,1},{9,1,5,4,6,7,8,2,3},{8,2,7,9,1,3,6,4,5},{5,9,8,1,4,6,2,3,7},{4,3,1,2,7,8,5,6,9},{6,7,2,3,5,9,1,8,4},{7,8,9,6,3,5,4,1,2},{1,5,3,7,2,0,0,0,0},{0,0,0,0,0,0,0,0,0}}
]
Wartość 0 wstawiona nieprawidłowo
Bład w kwadracie 0
sudoku.SudokuBoard@3f9270ed[
  size=9
  solver=sudoku.BacktrackingSudokuSolver@7a2b1eb4
  board={{3,4,6,5,8,2,7,9,1},{9,1,5,4,6,7,8,2,3},{8,2,7,9,1,3,6,4,5},{5,9,8,1,4,6,2,3,7},{4,3,1,2,7,8,5,6,9},{6,7,2,3,5,9,1,8,4},{7,8,9,6,3,5,4,1,2},{1,5,3,7,0,0,0,0,0},{0,0,0,0,0,0,0,0,0}}
]
Wartość 0 wstawiona nieprawidłowo
Bład w kwadracie 0
sudoku.SudokuBoard@3f9270ed[
  size=9
  solver=sudoku.BacktrackingSudokuSolver@7a2b1eb4
  board={{3,4,6,5,8,2,7,9,1},{9,1,5,4,6,7,8,2,3},{8,2,7,9,1,3,6,4,5},{5,9,8,1,4,6,2,3,7},{4,3,1,2,7,8,5,6,9},{6,7,2,3,5,9,1,8,4},{7,8,9,6,3,5,4,1,2},{1,5,3,0,0,0,0,0,0},{0,0,0,0,0,0,0,0,0}}
]
Wartość 0 wstawiona nieprawidłowo
]]></system-out>
  </testcase>
  <testcase name="testEqualsNull" classname="sudoku.SeriesTest" time="0.016">
    <system-out><![CDATA[Bład w kwadracie 0
sudoku.SudokuBoard@2dd8239[
  size=9
  solver=sudoku.BacktrackingSudokuSolver@3a230001
  board={{1,7,2,8,3,5,4,6,9},{6,8,9,4,7,1,2,5,3},{3,4,5,2,9,6,8,7,1},{7,1,3,5,2,8,9,4,6},{4,2,6,7,1,9,5,3,8},{5,9,8,3,0,0,0,0,0},{0,0,0,0,0,0,0,0,0},{0,0,0,0,0,0,0,0,0},{0,0,0,0,0,0,0,0,0}}
]
Wartość 0 wstawiona nieprawidłowo
Bład w kwadracie 0
sudoku.SudokuBoard@2dd8239[
  size=9
  solver=sudoku.BacktrackingSudokuSolver@3a230001
  board={{1,7,2,8,3,5,4,6,9},{6,8,9,4,7,1,2,5,3},{3,4,5,2,9,6,8,7,1},{7,1,3,5,2,8,9,4,6},{4,2,6,7,1,9,5,3,8},{5,9,8,3,6,4,7,1,2},{8,5,1,9,4,7,3,0,0},{0,0,0,0,0,0,0,0,0},{0,0,0,0,0,0,0,0,0}}
]
Wartość 0 wstawiona nieprawidłowo
Bład w kwadracie 0
sudoku.SudokuBoard@2dd8239[
  size=9
  solver=sudoku.BacktrackingSudokuSolver@3a230001
  board={{1,7,2,8,3,5,4,6,9},{6,8,9,4,7,1,2,5,3},{3,4,5,2,9,6,8,7,1},{7,1,3,5,2,8,9,4,6},{4,2,6,7,1,9,5,3,8},{5,9,8,3,6,4,7,1,2},{8,5,1,9,4,7,0,0,0},{0,0,0,0,0,0,0,0,0},{0,0,0,0,0,0,0,0,0}}
]
Wartość 0 wstawiona nieprawidłowo
Bład w kwadracie 0
sudoku.SudokuBoard@2dd8239[
  size=9
  solver=sudoku.BacktrackingSudokuSolver@3a230001
  board={{1,7,2,8,3,5,4,6,9},{6,8,9,4,7,1,2,5,3},{3,4,5,2,9,6,8,7,1},{7,1,3,5,2,8,9,4,6},{4,2,6,7,1,9,5,3,8},{5,9,8,3,6,4,7,1,2},{8,5,1,9,4,7,6,0,0},{0,0,0,0,0,0,0,0,0},{0,0,0,0,0,0,0,0,0}}
]
Wartość 0 wstawiona nieprawidłowo
Bład w kwadracie 0
sudoku.SudokuBoard@2dd8239[
  size=9
  solver=sudoku.BacktrackingSudokuSolver@3a230001
  board={{1,7,2,8,3,5,4,6,9},{6,8,9,4,7,1,2,5,3},{3,4,5,2,9,6,8,7,1},{7,1,3,5,2,8,9,4,6},{4,2,6,7,1,9,5,3,8},{5,9,8,3,6,4,7,1,2},{8,5,1,9,4,7,0,0,0},{0,0,0,0,0,0,0,0,0},{0,0,0,0,0,0,0,0,0}}
]
Wartość 0 wstawiona nieprawidłowo
Bład w kwadracie 0
sudoku.SudokuBoard@2dd8239[
  size=9
  solver=sudoku.BacktrackingSudokuSolver@3a230001
  board={{1,7,2,8,3,5,4,6,9},{6,8,9,4,7,1,2,5,3},{3,4,5,2,9,6,8,7,1},{7,1,3,5,2,8,9,4,6},{4,2,6,7,1,9,5,3,8},{5,9,8,3,6,4,7,1,2},{8,5,1,9,4,0,0,0,0},{0,0,0,0,0,0,0,0,0},{0,0,0,0,0,0,0,0,0}}
]
Wartość 0 wstawiona nieprawidłowo
Bład w kwadracie 0
sudoku.SudokuBoard@2dd8239[
  size=9
  solver=sudoku.BacktrackingSudokuSolver@3a230001
  board={{1,7,2,8,3,5,4,6,9},{6,8,9,4,7,1,2,5,3},{3,4,5,2,9,6,8,7,1},{7,1,3,5,2,8,9,4,6},{4,2,6,7,1,9,5,3,8},{5,9,8,3,6,4,7,1,2},{8,5,1,9,4,2,0,0,0},{0,0,0,0,0,0,0,0,0},{0,0,0,0,0,0,0,0,0}}
]
Wartość 0 wstawiona nieprawidłowo
Bład w kwadracie 0
sudoku.SudokuBoard@2dd8239[
  size=9
  solver=sudoku.BacktrackingSudokuSolver@3a230001
  board={{1,7,2,8,3,5,4,6,9},{6,8,9,4,7,1,2,5,3},{3,4,5,2,9,6,8,7,1},{7,1,3,5,2,8,9,4,6},{4,2,6,7,1,9,5,3,8},{5,9,8,3,6,4,7,1,2},{8,5,1,9,4,2,0,0,0},{0,0,0,0,0,0,0,0,0},{0,0,0,0,0,0,0,0,0}}
]
Wartość 0 wstawiona nieprawidłowo
Bład w kwadracie 0
sudoku.SudokuBoard@2dd8239[
  size=9
  solver=sudoku.BacktrackingSudokuSolver@3a230001
  board={{1,7,2,8,3,5,4,6,9},{6,8,9,4,7,1,2,5,3},{3,4,5,2,9,6,8,7,1},{7,1,3,5,2,8,9,4,6},{4,2,6,7,1,9,5,3,8},{5,9,8,3,6,4,7,1,2},{8,5,1,9,4,0,0,0,0},{0,0,0,0,0,0,0,0,0},{0,0,0,0,0,0,0,0,0}}
]
Wartość 0 wstawiona nieprawidłowo
Bład w kwadracie 0
sudoku.SudokuBoard@2dd8239[
  size=9
  solver=sudoku.BacktrackingSudokuSolver@3a230001
  board={{1,7,2,8,3,5,4,6,9},{6,8,9,4,7,1,2,5,3},{3,4,5,2,9,6,8,7,1},{7,1,3,5,2,8,9,4,6},{4,2,6,7,1,9,5,3,8},{5,9,8,3,6,4,7,1,2},{8,5,1,9,4,3,6,2,7},{9,3,4,6,5,7,1,0,0},{0,0,0,0,0,0,0,0,0}}
]
Wartość 0 wstawiona nieprawidłowo
Bład w kwadracie 0
sudoku.SudokuBoard@2dd8239[
  size=9
  solver=sudoku.BacktrackingSudokuSolver@3a230001
  board={{1,7,2,8,3,5,4,6,9},{6,8,9,4,7,1,2,5,3},{3,4,5,2,9,6,8,7,1},{7,1,3,5,2,8,9,4,6},{4,2,6,7,1,9,5,3,8},{5,9,8,3,6,4,7,1,2},{8,5,1,9,4,3,6,2,7},{9,3,4,6,5,7,0,0,0},{0,0,0,0,0,0,0,0,0}}
]
Wartość 0 wstawiona nieprawidłowo
Bład w kwadracie 0
sudoku.SudokuBoard@2dd8239[
  size=9
  solver=sudoku.BacktrackingSudokuSolver@3a230001
  board={{1,7,2,8,3,5,4,6,9},{6,8,9,4,7,1,2,5,3},{3,4,5,2,9,6,8,7,1},{7,1,3,5,2,8,9,4,6},{4,2,6,7,1,9,5,3,8},{5,9,8,3,6,4,7,1,2},{8,5,1,9,4,3,6,2,7},{9,3,4,6,5,0,0,0,0},{0,0,0,0,0,0,0,0,0}}
]
Wartość 0 wstawiona nieprawidłowo
Bład w kwadracie 0
sudoku.SudokuBoard@2dd8239[
  size=9
  solver=sudoku.BacktrackingSudokuSolver@3a230001
  board={{1,7,2,8,3,5,4,6,9},{6,8,9,4,7,1,2,5,3},{3,4,5,2,9,6,8,7,1},{7,1,3,5,2,8,9,4,6},{4,2,6,7,1,9,5,3,8},{5,9,8,3,6,4,7,1,2},{8,5,1,9,4,3,6,2,7},{9,3,4,6,5,2,1,0,0},{0,0,0,0,0,0,0,0,0}}
]
Wartość 0 wstawiona nieprawidłowo
Bład w kwadracie 0
sudoku.SudokuBoard@2dd8239[
  size=9
  solver=sudoku.BacktrackingSudokuSolver@3a230001
  board={{1,7,2,8,3,5,4,6,9},{6,8,9,4,7,1,2,5,3},{3,4,5,2,9,6,8,7,1},{7,1,3,5,2,8,9,4,6},{4,2,6,7,1,9,5,3,8},{5,9,8,3,6,4,7,1,2},{8,5,1,9,4,3,6,2,7},{9,3,4,6,5,2,0,0,0},{0,0,0,0,0,0,0,0,0}}
]
Wartość 0 wstawiona nieprawidłowo
Bład w kwadracie 0
sudoku.SudokuBoard@2dd8239[
  size=9
  solver=sudoku.BacktrackingSudokuSolver@3a230001
  board={{1,7,2,8,3,5,4,6,9},{6,8,9,4,7,1,2,5,3},{3,4,5,2,9,6,8,7,1},{7,1,3,5,2,8,9,4,6},{4,2,6,7,1,9,5,3,8},{5,9,8,3,6,4,7,1,2},{8,5,1,9,4,3,6,2,7},{9,3,4,6,5,0,0,0,0},{0,0,0,0,0,0,0,0,0}}
]
Wartość 0 wstawiona nieprawidłowo
Bład w kwadracie 0
sudoku.SudokuBoard@2dd8239[
  size=9
  solver=sudoku.BacktrackingSudokuSolver@3a230001
  board={{1,7,2,8,3,5,4,6,9},{6,8,9,4,7,1,2,5,3},{3,4,5,2,9,6,8,7,1},{7,1,3,5,2,8,9,4,6},{4,2,6,7,1,9,5,3,8},{5,9,8,3,6,4,7,1,2},{8,5,1,9,4,3,6,2,7},{9,3,4,6,0,0,0,0,0},{0,0,0,0,0,0,0,0,0}}
]
Wartość 0 wstawiona nieprawidłowo
Bład w kwadracie 0
sudoku.SudokuBoard@2dd8239[
  size=9
  solver=sudoku.BacktrackingSudokuSolver@3a230001
  board={{1,7,2,8,3,5,4,6,9},{6,8,9,4,7,1,2,5,3},{3,4,5,2,9,6,8,7,1},{7,1,3,5,2,8,9,4,6},{4,2,6,7,1,9,5,3,8},{5,9,8,3,6,4,7,1,2},{8,5,1,9,4,3,6,2,7},{9,3,4,6,8,2,0,0,0},{0,0,0,0,0,0,0,0,0}}
]
Wartość 0 wstawiona nieprawidłowo
Bład w kwadracie 0
sudoku.SudokuBoard@2dd8239[
  size=9
  solver=sudoku.BacktrackingSudokuSolver@3a230001
  board={{1,7,2,8,3,5,4,6,9},{6,8,9,4,7,1,2,5,3},{3,4,5,2,9,6,8,7,1},{7,1,3,5,2,8,9,4,6},{4,2,6,7,1,9,5,3,8},{5,9,8,3,6,4,7,1,2},{8,5,1,9,4,3,6,2,7},{9,3,4,6,8,0,0,0,0},{0,0,0,0,0,0,0,0,0}}
]
Wartość 0 wstawiona nieprawidłowo
Bład w kwadracie 0
sudoku.SudokuBoard@2dd8239[
  size=9
  solver=sudoku.BacktrackingSudokuSolver@3a230001
  board={{1,7,2,8,3,5,4,6,9},{6,8,9,4,7,1,2,5,3},{3,4,5,2,9,6,8,7,1},{7,1,3,5,2,8,9,4,6},{4,2,6,7,1,9,5,3,8},{5,9,8,3,6,4,7,1,2},{8,5,1,9,4,3,6,2,7},{9,3,4,6,8,7,0,0,0},{0,0,0,0,0,0,0,0,0}}
]
Wartość 0 wstawiona nieprawidłowo
Bład w kwadracie 0
sudoku.SudokuBoard@2dd8239[
  size=9
  solver=sudoku.BacktrackingSudokuSolver@3a230001
  board={{1,7,2,8,3,5,4,6,9},{6,8,9,4,7,1,2,5,3},{3,4,5,2,9,6,8,7,1},{7,1,3,5,2,8,9,4,6},{4,2,6,7,1,9,5,3,8},{5,9,8,3,6,4,7,1,2},{8,5,1,9,4,3,6,2,7},{9,3,4,6,8,0,0,0,0},{0,0,0,0,0,0,0,0,0}}
]
Wartość 0 wstawiona nieprawidłowo
Bład w kwadracie 0
sudoku.SudokuBoard@2dd8239[
  size=9
  solver=sudoku.BacktrackingSudokuSolver@3a230001
  board={{1,7,2,8,3,5,4,6,9},{6,8,9,4,7,1,2,5,3},{3,4,5,2,9,6,8,7,1},{7,1,3,5,2,8,9,4,6},{4,2,6,7,1,9,5,3,8},{5,9,8,3,6,4,7,1,2},{8,5,1,9,4,3,6,2,7},{9,3,4,6,0,0,0,0,0},{0,0,0,0,0,0,0,0,0}}
]
Wartość 0 wstawiona nieprawidłowo
Bład w kwadracie 0
sudoku.SudokuBoard@2dd8239[
  size=9
  solver=sudoku.BacktrackingSudokuSolver@3a230001
  board={{1,7,2,8,3,5,4,6,9},{6,8,9,4,7,1,2,5,3},{3,4,5,2,9,6,8,7,1},{7,1,3,5,2,8,9,4,6},{4,2,6,7,1,9,5,3,8},{5,9,8,3,6,4,7,1,2},{8,5,1,9,4,3,6,2,7},{9,3,4,0,0,0,0,0,0},{0,0,0,0,0,0,0,0,0}}
]
Wartość 0 wstawiona nieprawidłowo
Bład w kwadracie 0
sudoku.SudokuBoard@2dd8239[
  size=9
  solver=sudoku.BacktrackingSudokuSolver@3a230001
  board={{1,7,2,8,3,5,4,6,9},{6,8,9,4,7,1,2,5,3},{3,4,5,2,9,6,8,7,1},{7,1,3,5,2,8,9,4,6},{4,2,6,7,1,9,5,3,8},{5,9,8,3,6,4,7,1,2},{8,5,1,9,4,3,6,2,7},{9,3,4,1,8,0,0,0,0},{0,0,0,0,0,0,0,0,0}}
]
Wartość 0 wstawiona nieprawidłowo
Bład w kwadracie 0
sudoku.SudokuBoard@2dd8239[
  size=9
  solver=sudoku.BacktrackingSudokuSolver@3a230001
  board={{1,7,2,8,3,5,4,6,9},{6,8,9,4,7,1,2,5,3},{3,4,5,2,9,6,8,7,1},{7,1,3,5,2,8,9,4,6},{4,2,6,7,1,9,5,3,8},{5,9,8,3,6,4,7,1,2},{8,5,1,9,4,3,6,2,7},{9,3,4,1,8,0,0,0,0},{0,0,0,0,0,0,0,0,0}}
]
Wartość 0 wstawiona nieprawidłowo
Bład w kwadracie 0
sudoku.SudokuBoard@2dd8239[
  size=9
  solver=sudoku.BacktrackingSudokuSolver@3a230001
  board={{1,7,2,8,3,5,4,6,9},{6,8,9,4,7,1,2,5,3},{3,4,5,2,9,6,8,7,1},{7,1,3,5,2,8,9,4,6},{4,2,6,7,1,9,5,3,8},{5,9,8,3,6,4,7,1,2},{8,5,1,9,4,3,6,2,7},{9,3,4,1,0,0,0,0,0},{0,0,0,0,0,0,0,0,0}}
]
Wartość 0 wstawiona nieprawidłowo
Bład w kwadracie 0
sudoku.SudokuBoard@2dd8239[
  size=9
  solver=sudoku.BacktrackingSudokuSolver@3a230001
  board={{1,7,2,8,3,5,4,6,9},{6,8,9,4,7,1,2,5,3},{3,4,5,2,9,6,8,7,1},{7,1,3,5,2,8,9,4,6},{4,2,6,7,1,9,5,3,8},{5,9,8,3,6,4,7,1,2},{8,5,1,9,4,3,6,2,7},{9,3,4,1,5,0,0,0,0},{0,0,0,0,0,0,0,0,0}}
]
Wartość 0 wstawiona nieprawidłowo
Bład w kwadracie 0
sudoku.SudokuBoard@2dd8239[
  size=9
  solver=sudoku.BacktrackingSudokuSolver@3a230001
  board={{1,7,2,8,3,5,4,6,9},{6,8,9,4,7,1,2,5,3},{3,4,5,2,9,6,8,7,1},{7,1,3,5,2,8,9,4,6},{4,2,6,7,1,9,5,3,8},{5,9,8,3,6,4,7,1,2},{8,5,1,9,4,3,6,2,7},{9,3,4,1,5,0,0,0,0},{0,0,0,0,0,0,0,0,0}}
]
Wartość 0 wstawiona nieprawidłowo
Bład w kwadracie 0
sudoku.SudokuBoard@2dd8239[
  size=9
  solver=sudoku.BacktrackingSudokuSolver@3a230001
  board={{1,7,2,8,3,5,4,6,9},{6,8,9,4,7,1,2,5,3},{3,4,5,2,9,6,8,7,1},{7,1,3,5,2,8,9,4,6},{4,2,6,7,1,9,5,3,8},{5,9,8,3,6,4,7,1,2},{8,5,1,9,4,3,6,2,7},{9,3,4,1,0,0,0,0,0},{0,0,0,0,0,0,0,0,0}}
]
Wartość 0 wstawiona nieprawidłowo
Bład w kwadracie 0
sudoku.SudokuBoard@2dd8239[
  size=9
  solver=sudoku.BacktrackingSudokuSolver@3a230001
  board={{1,7,2,8,3,5,4,6,9},{6,8,9,4,7,1,2,5,3},{3,4,5,2,9,6,8,7,1},{7,1,3,5,2,8,9,4,6},{4,2,6,7,1,9,5,3,8},{5,9,8,3,6,4,7,1,2},{8,5,1,9,4,3,6,2,7},{9,3,4,0,0,0,0,0,0},{0,0,0,0,0,0,0,0,0}}
]
Wartość 0 wstawiona nieprawidłowo
Bład w kwadracie 0
sudoku.SudokuBoard@2dd8239[
  size=9
  solver=sudoku.BacktrackingSudokuSolver@3a230001
  board={{1,7,2,8,3,5,4,6,9},{6,8,9,4,7,1,2,5,3},{3,4,5,2,9,6,8,7,1},{7,1,3,5,2,8,9,4,6},{4,2,6,7,1,9,5,3,8},{5,9,8,3,6,4,7,1,2},{8,5,1,9,4,3,6,2,7},{9,3,0,0,0,0,0,0,0},{0,0,0,0,0,0,0,0,0}}
]
Wartość 0 wstawiona nieprawidłowo
Bład w kwadracie 0
sudoku.SudokuBoard@2dd8239[
  size=9
  solver=sudoku.BacktrackingSudokuSolver@3a230001
  board={{1,7,2,8,3,5,4,6,9},{6,8,9,4,7,1,2,5,3},{3,4,5,2,9,6,8,7,1},{7,1,3,5,2,8,9,4,6},{4,2,6,7,1,9,5,3,8},{5,9,8,3,6,4,7,1,2},{8,5,1,9,4,3,6,2,7},{9,3,7,6,8,2,0,0,0},{0,0,0,0,0,0,0,0,0}}
]
Wartość 0 wstawiona nieprawidłowo
Bład w kwadracie 0
sudoku.SudokuBoard@2dd8239[
  size=9
  solver=sudoku.BacktrackingSudokuSolver@3a230001
  board={{1,7,2,8,3,5,4,6,9},{6,8,9,4,7,1,2,5,3},{3,4,5,2,9,6,8,7,1},{7,1,3,5,2,8,9,4,6},{4,2,6,7,1,9,5,3,8},{5,9,8,3,6,4,7,1,2},{8,5,1,9,4,3,6,2,7},{9,3,7,6,8,0,0,0,0},{0,0,0,0,0,0,0,0,0}}
]
Wartość 0 wstawiona nieprawidłowo
Bład w kwadracie 0
sudoku.SudokuBoard@2dd8239[
  size=9
  solver=sudoku.BacktrackingSudokuSolver@3a230001
  board={{1,7,2,8,3,5,4,6,9},{6,8,9,4,7,1,2,5,3},{3,4,5,2,9,6,8,7,1},{7,1,3,5,2,8,9,4,6},{4,2,6,7,1,9,5,3,8},{5,9,8,3,6,4,7,1,2},{8,5,1,9,4,3,6,2,7},{9,3,7,6,0,0,0,0,0},{0,0,0,0,0,0,0,0,0}}
]
Wartość 0 wstawiona nieprawidłowo
]]></system-out>
  </testcase>
  <testcase name="testEqualsSame" classname="sudoku.SeriesTest" time="0.024">
    <system-out><![CDATA[Bład w kwadracie 0
sudoku.SudokuBoard@3e1a3801[
  size=9
  solver=sudoku.BacktrackingSudokuSolver@472698d
  board={{9,6,7,1,5,4,8,3,2},{5,1,8,6,2,3,7,9,4},{2,3,4,7,8,9,1,5,6},{1,4,9,2,3,5,6,7,8},{8,2,6,4,9,1,0,0,0},{0,0,0,0,0,0,0,0,0},{0,0,0,0,0,0,0,0,0},{0,0,0,0,0,0,0,0,0},{0,0,0,0,0,0,0,0,0}}
]
Wartość 0 wstawiona nieprawidłowo
Bład w kwadracie 0
sudoku.SudokuBoard@3e1a3801[
  size=9
  solver=sudoku.BacktrackingSudokuSolver@472698d
  board={{9,6,7,1,5,4,8,3,2},{5,1,8,6,2,3,7,9,4},{2,3,4,7,8,9,1,5,6},{1,4,9,2,3,5,6,7,8},{8,2,6,4,9,1,0,0,0},{0,0,0,0,0,0,0,0,0},{0,0,0,0,0,0,0,0,0},{0,0,0,0,0,0,0,0,0},{0,0,0,0,0,0,0,0,0}}
]
Wartość 0 wstawiona nieprawidłowo
Bład w kwadracie 0
sudoku.SudokuBoard@3e1a3801[
  size=9
  solver=sudoku.BacktrackingSudokuSolver@472698d
  board={{9,6,7,1,5,4,8,3,2},{5,1,8,6,2,3,7,9,4},{2,3,4,7,8,9,1,5,6},{1,4,9,2,3,5,6,7,8},{8,2,6,4,9,0,0,0,0},{0,0,0,0,0,0,0,0,0},{0,0,0,0,0,0,0,0,0},{0,0,0,0,0,0,0,0,0},{0,0,0,0,0,0,0,0,0}}
]
Wartość 0 wstawiona nieprawidłowo
Bład w kwadracie 0
sudoku.SudokuBoard@3e1a3801[
  size=9
  solver=sudoku.BacktrackingSudokuSolver@472698d
  board={{9,6,7,1,5,4,8,3,2},{5,1,8,6,2,3,7,9,4},{2,3,4,7,8,9,1,5,6},{1,4,9,2,3,5,6,7,8},{8,2,6,4,9,7,3,1,5},{3,0,0,0,0,0,0,0,0},{0,0,0,0,0,0,0,0,0},{0,0,0,0,0,0,0,0,0},{0,0,0,0,0,0,0,0,0}}
]
Wartość 0 wstawiona nieprawidłowo
Bład w kwadracie 0
sudoku.SudokuBoard@3e1a3801[
  size=9
  solver=sudoku.BacktrackingSudokuSolver@472698d
  board={{9,6,7,1,5,4,8,3,2},{5,1,8,6,2,3,7,9,4},{2,3,4,7,8,9,1,5,6},{1,4,9,2,3,5,6,7,8},{8,2,6,4,9,7,3,1,5},{3,7,5,8,1,6,9,0,0},{0,0,0,0,0,0,0,0,0},{0,0,0,0,0,0,0,0,0},{0,0,0,0,0,0,0,0,0}}
]
Wartość 0 wstawiona nieprawidłowo
Bład w kwadracie 0
sudoku.SudokuBoard@3e1a3801[
  size=9
  solver=sudoku.BacktrackingSudokuSolver@472698d
  board={{9,6,7,1,5,4,8,3,2},{5,1,8,6,2,3,7,9,4},{2,3,4,7,8,9,1,5,6},{1,4,9,2,3,5,6,7,8},{8,2,6,4,9,7,3,1,5},{3,7,5,8,1,6,9,0,0},{0,0,0,0,0,0,0,0,0},{0,0,0,0,0,0,0,0,0},{0,0,0,0,0,0,0,0,0}}
]
Wartość 0 wstawiona nieprawidłowo
Bład w kwadracie 0
sudoku.SudokuBoard@3e1a3801[
  size=9
  solver=sudoku.BacktrackingSudokuSolver@472698d
  board={{9,6,7,1,5,4,8,3,2},{5,1,8,6,2,3,7,9,4},{2,3,4,7,8,9,1,5,6},{1,4,9,2,3,5,6,7,8},{8,2,6,4,9,7,3,1,5},{3,7,5,8,1,6,0,0,0},{0,0,0,0,0,0,0,0,0},{0,0,0,0,0,0,0,0,0},{0,0,0,0,0,0,0,0,0}}
]
Wartość 0 wstawiona nieprawidłowo
Bład w kwadracie 0
sudoku.SudokuBoard@3e1a3801[
  size=9
  solver=sudoku.BacktrackingSudokuSolver@472698d
  board={{9,6,7,1,5,4,8,3,2},{5,1,8,6,2,3,7,9,4},{2,3,4,7,8,9,1,5,6},{1,4,9,2,3,5,6,7,8},{8,2,6,4,9,7,3,1,5},{3,7,5,8,1,6,2,4,9},{6,5,1,9,4,0,0,0,0},{0,0,0,0,0,0,0,0,0},{0,0,0,0,0,0,0,0,0}}
]
Wartość 0 wstawiona nieprawidłowo
Bład w kwadracie 0
sudoku.SudokuBoard@3e1a3801[
  size=9
  solver=sudoku.BacktrackingSudokuSolver@472698d
  board={{9,6,7,1,5,4,8,3,2},{5,1,8,6,2,3,7,9,4},{2,3,4,7,8,9,1,5,6},{1,4,9,2,3,5,6,7,8},{8,2,6,4,9,7,3,1,5},{3,7,5,8,1,6,2,4,9},{6,5,1,9,4,0,0,0,0},{0,0,0,0,0,0,0,0,0},{0,0,0,0,0,0,0,0,0}}
]
Wartość 0 wstawiona nieprawidłowo
Bład w kwadracie 0
sudoku.SudokuBoard@3e1a3801[
  size=9
  solver=sudoku.BacktrackingSudokuSolver@472698d
  board={{9,6,7,1,5,4,8,3,2},{5,1,8,6,2,3,7,9,4},{2,3,4,7,8,9,1,5,6},{1,4,9,2,3,5,6,7,8},{8,2,6,4,9,7,3,1,5},{3,7,5,8,1,6,2,4,9},{6,5,1,9,0,0,0,0,0},{0,0,0,0,0,0,0,0,0},{0,0,0,0,0,0,0,0,0}}
]
Wartość 0 wstawiona nieprawidłowo
Bład w kwadracie 0
sudoku.SudokuBoard@3e1a3801[
  size=9
  solver=sudoku.BacktrackingSudokuSolver@472698d
  board={{9,6,7,1,5,4,8,3,2},{5,1,8,6,2,3,7,9,4},{2,3,4,7,8,9,1,5,6},{1,4,9,2,3,5,6,7,8},{8,2,6,4,9,7,3,1,5},{3,7,5,8,1,6,2,4,9},{6,5,1,9,7,8,4,2,3},{4,8,2,3,6,1,0,0,0},{0,0,0,0,0,0,0,0,0}}
]
Wartość 0 wstawiona nieprawidłowo
Bład w kwadracie 0
sudoku.SudokuBoard@3e1a3801[
  size=9
  solver=sudoku.BacktrackingSudokuSolver@472698d
  board={{9,6,7,1,5,4,8,3,2},{5,1,8,6,2,3,7,9,4},{2,3,4,7,8,9,1,5,6},{1,4,9,2,3,5,6,7,8},{8,2,6,4,9,7,3,1,5},{3,7,5,8,1,6,2,4,9},{6,5,1,9,7,8,4,2,3},{4,8,2,3,6,1,0,0,0},{0,0,0,0,0,0,0,0,0}}
]
Wartość 0 wstawiona nieprawidłowo
Bład w kwadracie 0
sudoku.SudokuBoard@3e1a3801[
  size=9
  solver=sudoku.BacktrackingSudokuSolver@472698d
  board={{9,6,7,1,5,4,8,3,2},{5,1,8,6,2,3,7,9,4},{2,3,4,7,8,9,1,5,6},{1,4,9,2,3,5,6,7,8},{8,2,6,4,9,7,3,1,5},{3,7,5,8,1,6,2,4,9},{6,5,1,9,7,8,4,2,3},{4,8,2,3,6,0,0,0,0},{0,0,0,0,0,0,0,0,0}}
]
Wartość 0 wstawiona nieprawidłowo
Bład w kwadracie 0
sudoku.SudokuBoard@3e1a3801[
  size=9
  solver=sudoku.BacktrackingSudokuSolver@472698d
  board={{9,6,7,1,5,4,8,3,2},{5,1,8,6,2,3,7,9,4},{2,3,4,7,8,9,1,5,6},{1,4,9,2,3,5,6,7,8},{8,2,6,4,9,7,3,1,5},{3,7,5,8,1,6,2,4,9},{6,5,1,9,7,8,4,2,3},{4,8,2,3,0,0,0,0,0},{0,0,0,0,0,0,0,0,0}}
]
Wartość 0 wstawiona nieprawidłowo
Bład w kwadracie 0
sudoku.SudokuBoard@3e1a3801[
  size=9
  solver=sudoku.BacktrackingSudokuSolver@472698d
  board={{9,6,7,1,5,4,8,3,2},{5,1,8,6,2,3,7,9,4},{2,3,4,7,8,9,1,5,6},{1,4,9,2,3,5,6,7,8},{8,2,6,4,9,7,3,1,5},{3,7,5,8,1,6,2,4,9},{6,5,1,9,7,8,4,2,3},{4,8,2,0,0,0,0,0,0},{0,0,0,0,0,0,0,0,0}}
]
Wartość 0 wstawiona nieprawidłowo
Bład w kwadracie 0
sudoku.SudokuBoard@3e1a3801[
  size=9
  solver=sudoku.BacktrackingSudokuSolver@472698d
  board={{9,6,7,1,5,4,8,3,2},{5,1,8,6,2,3,7,9,4},{2,3,4,7,8,9,1,5,6},{1,4,9,2,3,5,6,7,8},{8,2,6,4,9,7,3,1,5},{3,7,5,8,1,6,2,4,9},{6,5,1,9,7,8,4,2,3},{4,8,2,5,6,1,0,0,0},{0,0,0,0,0,0,0,0,0}}
]
Wartość 0 wstawiona nieprawidłowo
Bład w kwadracie 0
sudoku.SudokuBoard@3e1a3801[
  size=9
  solver=sudoku.BacktrackingSudokuSolver@472698d
  board={{9,6,7,1,5,4,8,3,2},{5,1,8,6,2,3,7,9,4},{2,3,4,7,8,9,1,5,6},{1,4,9,2,3,5,6,7,8},{8,2,6,4,9,7,3,1,5},{3,7,5,8,1,6,2,4,9},{6,5,1,9,7,8,4,2,3},{4,8,2,5,6,0,0,0,0},{0,0,0,0,0,0,0,0,0}}
]
Wartość 0 wstawiona nieprawidłowo
Bład w kwadracie 0
sudoku.SudokuBoard@3e1a3801[
  size=9
  solver=sudoku.BacktrackingSudokuSolver@472698d
  board={{9,6,7,1,5,4,8,3,2},{5,1,8,6,2,3,7,9,4},{2,3,4,7,8,9,1,5,6},{1,4,9,2,3,5,6,7,8},{8,2,6,4,9,7,3,1,5},{3,7,5,8,1,6,2,4,9},{6,5,1,9,7,8,4,2,3},{4,8,2,5,0,0,0,0,0},{0,0,0,0,0,0,0,0,0}}
]
Wartość 0 wstawiona nieprawidłowo
Bład w kwadracie 0
sudoku.SudokuBoard@3e1a3801[
  size=9
  solver=sudoku.BacktrackingSudokuSolver@472698d
  board={{9,6,7,1,5,4,8,3,2},{5,1,8,6,2,3,7,9,4},{2,3,4,7,8,9,1,5,6},{1,4,9,2,3,5,6,7,8},{8,2,6,4,9,7,3,1,5},{3,7,5,8,1,6,2,4,9},{6,5,1,9,7,8,4,2,3},{4,8,2,0,0,0,0,0,0},{0,0,0,0,0,0,0,0,0}}
]
Wartość 0 wstawiona nieprawidłowo
Bład w kwadracie 0
sudoku.SudokuBoard@3e1a3801[
  size=9
  solver=sudoku.BacktrackingSudokuSolver@472698d
  board={{9,6,7,1,5,4,8,3,2},{5,1,8,6,2,3,7,9,4},{2,3,4,7,8,9,1,5,6},{1,4,9,2,3,5,6,7,8},{8,2,6,4,9,7,3,1,5},{3,7,5,8,1,6,2,4,9},{6,5,1,9,7,8,4,2,3},{4,8,0,0,0,0,0,0,0},{0,0,0,0,0,0,0,0,0}}
]
Wartość 0 wstawiona nieprawidłowo
Bład w kwadracie 0
sudoku.SudokuBoard@3e1a3801[
  size=9
  solver=sudoku.BacktrackingSudokuSolver@472698d
  board={{9,6,7,1,5,4,8,3,2},{5,1,8,6,2,3,7,9,4},{2,3,4,7,8,9,1,5,6},{1,4,9,2,3,5,6,7,8},{8,2,6,4,9,7,3,1,5},{3,7,5,8,1,6,2,4,9},{6,5,1,9,7,8,4,2,3},{4,8,3,5,6,2,0,0,0},{0,0,0,0,0,0,0,0,0}}
]
Wartość 0 wstawiona nieprawidłowo
Bład w kwadracie 0
sudoku.SudokuBoard@3e1a3801[
  size=9
  solver=sudoku.BacktrackingSudokuSolver@472698d
  board={{9,6,7,1,5,4,8,3,2},{5,1,8,6,2,3,7,9,4},{2,3,4,7,8,9,1,5,6},{1,4,9,2,3,5,6,7,8},{8,2,6,4,9,7,3,1,5},{3,7,5,8,1,6,2,4,9},{6,5,1,9,7,8,4,2,3},{4,8,3,5,6,0,0,0,0},{0,0,0,0,0,0,0,0,0}}
]
Wartość 0 wstawiona nieprawidłowo
Bład w kwadracie 0
sudoku.SudokuBoard@3e1a3801[
  size=9
  solver=sudoku.BacktrackingSudokuSolver@472698d
  board={{9,6,7,1,5,4,8,3,2},{5,1,8,6,2,3,7,9,4},{2,3,4,7,8,9,1,5,6},{1,4,9,2,3,5,6,7,8},{8,2,6,4,9,7,3,1,5},{3,7,5,8,1,6,2,4,9},{6,5,1,9,7,8,4,2,3},{4,8,3,5,6,1,0,0,0},{0,0,0,0,0,0,0,0,0}}
]
Wartość 0 wstawiona nieprawidłowo
Bład w kwadracie 0
sudoku.SudokuBoard@3e1a3801[
  size=9
  solver=sudoku.BacktrackingSudokuSolver@472698d
  board={{9,6,7,1,5,4,8,3,2},{5,1,8,6,2,3,7,9,4},{2,3,4,7,8,9,1,5,6},{1,4,9,2,3,5,6,7,8},{8,2,6,4,9,7,3,1,5},{3,7,5,8,1,6,2,4,9},{6,5,1,9,7,8,4,2,3},{4,8,3,5,6,0,0,0,0},{0,0,0,0,0,0,0,0,0}}
]
Wartość 0 wstawiona nieprawidłowo
Bład w kwadracie 0
sudoku.SudokuBoard@3e1a3801[
  size=9
  solver=sudoku.BacktrackingSudokuSolver@472698d
  board={{9,6,7,1,5,4,8,3,2},{5,1,8,6,2,3,7,9,4},{2,3,4,7,8,9,1,5,6},{1,4,9,2,3,5,6,7,8},{8,2,6,4,9,7,3,1,5},{3,7,5,8,1,6,2,4,9},{6,5,1,9,7,8,4,2,3},{4,8,3,5,0,0,0,0,0},{0,0,0,0,0,0,0,0,0}}
]
Wartość 0 wstawiona nieprawidłowo
Bład w kwadracie 0
sudoku.SudokuBoard@3e1a3801[
  size=9
  solver=sudoku.BacktrackingSudokuSolver@472698d
  board={{9,6,7,1,5,4,8,3,2},{5,1,8,6,2,3,7,9,4},{2,3,4,7,8,9,1,5,6},{1,4,9,2,3,5,6,7,8},{8,2,6,4,9,7,3,1,5},{3,7,5,8,1,6,2,4,9},{6,5,1,9,7,8,4,2,3},{4,8,3,0,0,0,0,0,0},{0,0,0,0,0,0,0,0,0}}
]
Wartość 0 wstawiona nieprawidłowo
Bład w kwadracie 0
sudoku.SudokuBoard@3e1a3801[
  size=9
  solver=sudoku.BacktrackingSudokuSolver@472698d
  board={{9,6,7,1,5,4,8,3,2},{5,1,8,6,2,3,7,9,4},{2,3,4,7,8,9,1,5,6},{1,4,9,2,3,5,6,7,8},{8,2,6,4,9,7,3,1,5},{3,7,5,8,1,6,2,4,9},{6,5,1,9,7,8,4,2,3},{4,8,0,0,0,0,0,0,0},{0,0,0,0,0,0,0,0,0}}
]
Wartość 0 wstawiona nieprawidłowo
Bład w kwadracie 0
sudoku.SudokuBoard@3e1a3801[
  size=9
  solver=sudoku.BacktrackingSudokuSolver@472698d
  board={{9,6,7,1,5,4,8,3,2},{5,1,8,6,2,3,7,9,4},{2,3,4,7,8,9,1,5,6},{1,4,9,2,3,5,6,7,8},{8,2,6,4,9,7,3,1,5},{3,7,5,8,1,6,2,4,9},{6,5,1,9,7,8,4,2,3},{4,0,0,0,0,0,0,0,0},{0,0,0,0,0,0,0,0,0}}
]
Wartość 0 wstawiona nieprawidłowo
Bład w kwadracie 0
sudoku.SudokuBoard@3e1a3801[
  size=9
  solver=sudoku.BacktrackingSudokuSolver@472698d
  board={{9,6,7,1,5,4,8,3,2},{5,1,8,6,2,3,7,9,4},{2,3,4,7,8,9,1,5,6},{1,4,9,2,3,5,6,7,8},{8,2,6,4,9,7,3,1,5},{3,7,5,8,1,6,2,4,9},{6,5,1,9,7,8,4,2,3},{4,9,3,5,6,0,0,0,0},{0,0,0,0,0,0,0,0,0}}
]
Wartość 0 wstawiona nieprawidłowo
Bład w kwadracie 0
sudoku.SudokuBoard@3e1a3801[
  size=9
  solver=sudoku.BacktrackingSudokuSolver@472698d
  board={{9,6,7,1,5,4,8,3,2},{5,1,8,6,2,3,7,9,4},{2,3,4,7,8,9,1,5,6},{1,4,9,2,3,5,6,7,8},{8,2,6,4,9,7,3,1,5},{3,7,5,8,1,6,2,4,9},{6,5,1,9,7,8,4,2,3},{4,9,3,5,6,0,0,0,0},{0,0,0,0,0,0,0,0,0}}
]
Wartość 0 wstawiona nieprawidłowo
Bład w kwadracie 0
sudoku.SudokuBoard@3e1a3801[
  size=9
  solver=sudoku.BacktrackingSudokuSolver@472698d
  board={{9,6,7,1,5,4,8,3,2},{5,1,8,6,2,3,7,9,4},{2,3,4,7,8,9,1,5,6},{1,4,9,2,3,5,6,7,8},{8,2,6,4,9,7,3,1,5},{3,7,5,8,1,6,2,4,9},{6,5,1,9,7,8,4,2,3},{4,9,3,5,0,0,0,0,0},{0,0,0,0,0,0,0,0,0}}
]
Wartość 0 wstawiona nieprawidłowo
Bład w kwadracie 0
sudoku.SudokuBoard@3e1a3801[
  size=9
  solver=sudoku.BacktrackingSudokuSolver@472698d
  board={{9,6,7,1,5,4,8,3,2},{5,1,8,6,2,3,7,9,4},{2,3,4,7,8,9,1,5,6},{1,4,9,2,3,5,6,7,8},{8,2,6,4,9,7,3,1,5},{3,7,5,8,1,6,2,4,9},{6,5,1,9,7,8,4,2,3},{4,9,3,0,0,0,0,0,0},{0,0,0,0,0,0,0,0,0}}
]
Wartość 0 wstawiona nieprawidłowo
Bład w kwadracie 0
sudoku.SudokuBoard@3e1a3801[
  size=9
  solver=sudoku.BacktrackingSudokuSolver@472698d
  board={{9,6,7,1,5,4,8,3,2},{5,1,8,6,2,3,7,9,4},{2,3,4,7,8,9,1,5,6},{1,4,9,2,3,5,6,7,8},{8,2,6,4,9,7,3,1,5},{3,7,5,8,1,6,2,4,9},{6,5,1,9,7,8,4,2,3},{4,9,0,0,0,0,0,0,0},{0,0,0,0,0,0,0,0,0}}
]
Wartość 0 wstawiona nieprawidłowo
]]></system-out>
  </testcase>
</testsuite>