<?xml version="1.0" encoding="UTF-8"?>
<testsuite xmlns:xsi="http://www.w3.org/2001/XMLSchema-instance" xsi:noNamespaceSchemaLocation="https://maven.apache.org/surefire/maven-surefire-plugin/xsd/surefire-test-report-3.0.xsd" version="3.0" name="sudoku.BacktrackingSudokuSolverTest" time="0.213" tests="1" errors="0" skipped="0" failures="0">
  <properties>
    <property name="java.specification.version" value="14"/>
    <property name="sun.cpu.isalist" value="amd64"/>
    <property name="sun.jnu.encoding" value="Cp1250"/>
    <property name="java.class.path" value="E:\studia\Sem-3\Programowanie komponentowe (07 72 3060 19)_pliki\Projekty\an_pn_1145_03\target\test-classes;E:\studia\Sem-3\Programowanie komponentowe (07 72 3060 19)_pliki\Projekty\an_pn_1145_03\target\classes;C:\Users\maldo\.m2\repository\org\junit\jupiter\junit-jupiter-engine\5.6.2\junit-jupiter-engine-5.6.2.jar;C:\Users\maldo\.m2\repository\org\apiguardian\apiguardian-api\1.1.0\apiguardian-api-1.1.0.jar;C:\Users\maldo\.m2\repository\org\junit\platform\junit-platform-engine\1.6.2\junit-platform-engine-1.6.2.jar;C:\Users\maldo\.m2\repository\org\opentest4j\opentest4j\1.2.0\opentest4j-1.2.0.jar;C:\Users\maldo\.m2\repository\org\junit\platform\junit-platform-commons\1.6.2\junit-platform-commons-1.6.2.jar;C:\Users\maldo\.m2\repository\org\junit\jupiter\junit-jupiter-api\5.6.2\junit-jupiter-api-5.6.2.jar;C:\Users\maldo\.m2\repository\org\apache\commons\commons-lang3\3.11\commons-lang3-3.11.jar;"/>
    <property name="java.vm.vendor" value="Oracle Corporation"/>
    <property name="sun.arch.data.model" value="64"/>
    <property name="user.variant" value=""/>
    <property name="java.vendor.url" value="https://java.oracle.com/"/>
    <property name="user.timezone" value="Europe/Warsaw"/>
    <property name="os.name" value="Windows 10"/>
    <property name="java.vm.specification.version" value="14"/>
    <property name="sun.java.launcher" value="SUN_STANDARD"/>
    <property name="user.country" value="PL"/>
    <property name="sun.boot.library.path" value="C:\Program Files\Java\jdk-14.0.2\bin"/>
    <property name="sun.java.command" value="C:\Users\maldo\AppData\Local\Temp\surefire17898949021697387738\surefirebooter4422831093592024779.jar C:\Users\maldo\AppData\Local\Temp\surefire17898949021697387738 2020-12-06T00-52-09_530-jvmRun1 surefire18420636221858230739tmp surefire_0351301986762071513tmp"/>
    <property name="jdk.debug" value="release"/>
    <property name="surefire.test.class.path" value="E:\studia\Sem-3\Programowanie komponentowe (07 72 3060 19)_pliki\Projekty\an_pn_1145_03\target\test-classes;E:\studia\Sem-3\Programowanie komponentowe (07 72 3060 19)_pliki\Projekty\an_pn_1145_03\target\classes;C:\Users\maldo\.m2\repository\org\junit\jupiter\junit-jupiter-engine\5.6.2\junit-jupiter-engine-5.6.2.jar;C:\Users\maldo\.m2\repository\org\apiguardian\apiguardian-api\1.1.0\apiguardian-api-1.1.0.jar;C:\Users\maldo\.m2\repository\org\junit\platform\junit-platform-engine\1.6.2\junit-platform-engine-1.6.2.jar;C:\Users\maldo\.m2\repository\org\opentest4j\opentest4j\1.2.0\opentest4j-1.2.0.jar;C:\Users\maldo\.m2\repository\org\junit\platform\junit-platform-commons\1.6.2\junit-platform-commons-1.6.2.jar;C:\Users\maldo\.m2\repository\org\junit\jupiter\junit-jupiter-api\5.6.2\junit-jupiter-api-5.6.2.jar;C:\Users\maldo\.m2\repository\org\apache\commons\commons-lang3\3.11\commons-lang3-3.11.jar;"/>
    <property name="sun.cpu.endian" value="little"/>
    <property name="user.home" value="C:\Users\maldo"/>
    <property name="user.language" value="pl"/>
    <property name="java.specification.vendor" value="Oracle Corporation"/>
    <property name="java.version.date" value="2020-07-14"/>
    <property name="java.home" value="C:\Program Files\Java\jdk-14.0.2"/>
    <property name="file.separator" value="\"/>
    <property name="basedir" value="E:\studia\Sem-3\Programowanie komponentowe (07 72 3060 19)_pliki\Projekty\an_pn_1145_03"/>
    <property name="java.vm.compressedOopsMode" value="Zero based"/>
    <property name="line.separator" value="&#10;"/>
    <property name="java.vm.specification.vendor" value="Oracle Corporation"/>
    <property name="java.specification.name" value="Java Platform API Specification"/>
    <property name="surefire.real.class.path" value="C:\Users\maldo\AppData\Local\Temp\surefire17898949021697387738\surefirebooter4422831093592024779.jar"/>
    <property name="user.script" value=""/>
    <property name="sun.management.compiler" value="HotSpot 64-Bit Tiered Compilers"/>
    <property name="java.runtime.version" value="14.0.2+12-46"/>
    <property name="user.name" value="maldo"/>
    <property name="path.separator" value=";"/>
    <property name="os.version" value="10.0"/>
    <property name="java.runtime.name" value="Java(TM) SE Runtime Environment"/>
    <property name="file.encoding" value="Cp1250"/>
    <property name="java.vm.name" value="Java HotSpot(TM) 64-Bit Server VM"/>
    <property name="localRepository" value="C:\Users\maldo\.m2\repository"/>
    <property name="java.vendor.url.bug" value="https://bugreport.java.com/bugreport/"/>
    <property name="java.io.tmpdir" value="C:\Users\maldo\AppData\Local\Temp\"/>
    <property name="idea.version" value="2020.2.3"/>
    <property name="java.version" value="14.0.2"/>
    <property name="user.dir" value="E:\studia\Sem-3\Programowanie komponentowe (07 72 3060 19)_pliki\Projekty\an_pn_1145_03"/>
    <property name="os.arch" value="amd64"/>
    <property name="java.vm.specification.name" value="Java Virtual Machine Specification"/>
    <property name="sun.os.patch.level" value=""/>
    <property name="java.library.path" value="C:\Program Files\Java\jdk-14.0.2\bin;C:\WINDOWS\Sun\Java\bin;C:\WINDOWS\system32;C:\WINDOWS;C:\Program Files (x86)\Razer Chroma SDK\bin;C:\Program Files\Razer Chroma SDK\bin;C:\Python\Scripts\;C:\Python\;C:\Program Files (x86)\Intel\iCLS Client\;C:\Program Files\Intel\iCLS Client\;C:\Windows\system32;C:\Windows;C:\Windows\System32\Wbem;C:\Windows\System32\WindowsPowerShell\v1.0\;C:\Windows\System32\OpenSSH\;C:\Program Files (x86)\NVIDIA Corporation\PhysX\Common;C:\Program Files (x86)\Intel\Intel(R) Management Engine Components\DAL;C:\Program Files\Intel\Intel(R) Management Engine Components\DAL;C:\Program Files (x86)\Intel\Intel(R) Management Engine Components\IPT;C:\Program Files\Intel\Intel(R) Management Engine Components\IPT;C:\Program Files\Intel\WiFi\bin\;C:\Program Files\Common Files\Intel\WirelessCommon\;C:\Program Files (x86)\Windows Kits\8.1\Windows Performance Toolkit\;C:\Users\maldo\AppData\Local\Microsoft\WindowsApps;C:\Program Files\NVIDIA Corporation\NVIDIA NvDLISR;C:\Program Files (x86)\MKVToolNix;C:\WINDOWS\system32;C:\WINDOWS;C:\WINDOWS\System32\Wbem;C:\WINDOWS\System32\WindowsPowerShell\v1.0\;C:\WINDOWS\System32\OpenSSH\;E:\studia\Sem-3\Programowanie komponentowe (07 72 3060 19)_pliki\apache-maven-3.6.3\bin;C:\msys64\usr\bin;C:\Program Files\Java\jdk-14.0.2\bin;C:\Users\maldo\AppData\Local\Microsoft\WindowsApps;C:\Program Files\Intel\WiFi\bin\;C:\Program Files\Common Files\Intel\WirelessCommon\;C:\Program Files\JetBrains\CLion 2019.3.3\bin;;;C:\Users\maldo\AppData\Local\Programs\Microsoft VS Code\bin;."/>
    <property name="java.vm.info" value="mixed mode, sharing"/>
    <property name="java.vendor" value="Oracle Corporation"/>
    <property name="java.vm.version" value="14.0.2+12-46"/>
    <property name="sun.io.unicode.encoding" value="UnicodeLittle"/>
    <property name="java.class.version" value="58.0"/>
  </properties>
  <testcase name="solve" classname="sudoku.BacktrackingSudokuSolverTest" time="0.131">
    <system-out><![CDATA[Bład w kwadracie 0
sudoku.SudokuBoard@719843e5[
  size=9
  solver=sudoku.BacktrackingSudokuSolver@5e268ce6
  board={{3,4,2,5,6,7,9,8,1},{5,6,7,1,8,2,3,0,0},{0,0,0,0,0,0,0,0,0},{0,0,0,0,0,0,0,0,0},{0,0,0,0,0,0,0,0,0},{0,0,0,0,0,0,0,0,0},{0,0,0,0,0,0,0,0,0},{0,0,0,0,0,0,0,0,0},{0,0,0,0,0,0,0,0,0}}
]
Wartość 0 wstawiona nieprawidłowo
Bład w kwadracie 0
sudoku.SudokuBoard@719843e5[
  size=9
  solver=sudoku.BacktrackingSudokuSolver@5e268ce6
  board={{3,4,2,5,6,7,9,8,1},{5,6,7,1,8,2,0,0,0},{0,0,0,0,0,0,0,0,0},{0,0,0,0,0,0,0,0,0},{0,0,0,0,0,0,0,0,0},{0,0,0,0,0,0,0,0,0},{0,0,0,0,0,0,0,0,0},{0,0,0,0,0,0,0,0,0},{0,0,0,0,0,0,0,0,0}}
]
Wartość 0 wstawiona nieprawidłowo
Bład w kwadracie 0
sudoku.SudokuBoard@719843e5[
  size=9
  solver=sudoku.BacktrackingSudokuSolver@5e268ce6
  board={{3,4,2,5,6,7,9,8,1},{5,6,7,1,8,2,4,0,0},{0,0,0,0,0,0,0,0,0},{0,0,0,0,0,0,0,0,0},{0,0,0,0,0,0,0,0,0},{0,0,0,0,0,0,0,0,0},{0,0,0,0,0,0,0,0,0},{0,0,0,0,0,0,0,0,0},{0,0,0,0,0,0,0,0,0}}
]
Wartość 0 wstawiona nieprawidłowo
Bład w kwadracie 0
sudoku.SudokuBoard@719843e5[
  size=9
  solver=sudoku.BacktrackingSudokuSolver@5e268ce6
  board={{3,4,2,5,6,7,9,8,1},{5,6,7,1,8,2,0,0,0},{0,0,0,0,0,0,0,0,0},{0,0,0,0,0,0,0,0,0},{0,0,0,0,0,0,0,0,0},{0,0,0,0,0,0,0,0,0},{0,0,0,0,0,0,0,0,0},{0,0,0,0,0,0,0,0,0},{0,0,0,0,0,0,0,0,0}}
]
Wartość 0 wstawiona nieprawidłowo
Bład w kwadracie 0
sudoku.SudokuBoard@719843e5[
  size=9
  solver=sudoku.BacktrackingSudokuSolver@5e268ce6
  board={{3,4,2,5,6,7,9,8,1},{5,6,7,1,8,0,0,0,0},{0,0,0,0,0,0,0,0,0},{0,0,0,0,0,0,0,0,0},{0,0,0,0,0,0,0,0,0},{0,0,0,0,0,0,0,0,0},{0,0,0,0,0,0,0,0,0},{0,0,0,0,0,0,0,0,0},{0,0,0,0,0,0,0,0,0}}
]
Wartość 0 wstawiona nieprawidłowo
Bład w kwadracie 0
sudoku.SudokuBoard@719843e5[
  size=9
  solver=sudoku.BacktrackingSudokuSolver@5e268ce6
  board={{3,4,2,5,6,7,9,8,1},{5,6,7,1,8,3,2,0,0},{0,0,0,0,0,0,0,0,0},{0,0,0,0,0,0,0,0,0},{0,0,0,0,0,0,0,0,0},{0,0,0,0,0,0,0,0,0},{0,0,0,0,0,0,0,0,0},{0,0,0,0,0,0,0,0,0},{0,0,0,0,0,0,0,0,0}}
]
Wartość 0 wstawiona nieprawidłowo
Bład w kwadracie 0
sudoku.SudokuBoard@719843e5[
  size=9
  solver=sudoku.BacktrackingSudokuSolver@5e268ce6
  board={{3,4,2,5,6,7,9,8,1},{5,6,7,1,8,3,0,0,0},{0,0,0,0,0,0,0,0,0},{0,0,0,0,0,0,0,0,0},{0,0,0,0,0,0,0,0,0},{0,0,0,0,0,0,0,0,0},{0,0,0,0,0,0,0,0,0},{0,0,0,0,0,0,0,0,0},{0,0,0,0,0,0,0,0,0}}
]
Wartość 0 wstawiona nieprawidłowo
Bład w kwadracie 0
sudoku.SudokuBoard@719843e5[
  size=9
  solver=sudoku.BacktrackingSudokuSolver@5e268ce6
  board={{3,4,2,5,6,7,9,8,1},{5,6,7,1,8,3,4,0,0},{0,0,0,0,0,0,0,0,0},{0,0,0,0,0,0,0,0,0},{0,0,0,0,0,0,0,0,0},{0,0,0,0,0,0,0,0,0},{0,0,0,0,0,0,0,0,0},{0,0,0,0,0,0,0,0,0},{0,0,0,0,0,0,0,0,0}}
]
Wartość 0 wstawiona nieprawidłowo
Bład w kwadracie 0
sudoku.SudokuBoard@719843e5[
  size=9
  solver=sudoku.BacktrackingSudokuSolver@5e268ce6
  board={{3,4,2,5,6,7,9,8,1},{5,6,7,1,8,3,0,0,0},{0,0,0,0,0,0,0,0,0},{0,0,0,0,0,0,0,0,0},{0,0,0,0,0,0,0,0,0},{0,0,0,0,0,0,0,0,0},{0,0,0,0,0,0,0,0,0},{0,0,0,0,0,0,0,0,0},{0,0,0,0,0,0,0,0,0}}
]
Wartość 0 wstawiona nieprawidłowo
Bład w kwadracie 0
sudoku.SudokuBoard@719843e5[
  size=9
  solver=sudoku.BacktrackingSudokuSolver@5e268ce6
  board={{3,4,2,5,6,7,9,8,1},{5,6,7,1,8,0,0,0,0},{0,0,0,0,0,0,0,0,0},{0,0,0,0,0,0,0,0,0},{0,0,0,0,0,0,0,0,0},{0,0,0,0,0,0,0,0,0},{0,0,0,0,0,0,0,0,0},{0,0,0,0,0,0,0,0,0},{0,0,0,0,0,0,0,0,0}}
]
Wartość 0 wstawiona nieprawidłowo
Bład w kwadracie 0
sudoku.SudokuBoard@719843e5[
  size=9
  solver=sudoku.BacktrackingSudokuSolver@5e268ce6
  board={{3,4,2,5,6,7,9,8,1},{5,6,7,1,8,4,2,0,0},{0,0,0,0,0,0,0,0,0},{0,0,0,0,0,0,0,0,0},{0,0,0,0,0,0,0,0,0},{0,0,0,0,0,0,0,0,0},{0,0,0,0,0,0,0,0,0},{0,0,0,0,0,0,0,0,0},{0,0,0,0,0,0,0,0,0}}
]
Wartość 0 wstawiona nieprawidłowo
Bład w kwadracie 0
sudoku.SudokuBoard@719843e5[
  size=9
  solver=sudoku.BacktrackingSudokuSolver@5e268ce6
  board={{3,4,2,5,6,7,9,8,1},{5,6,7,1,8,4,0,0,0},{0,0,0,0,0,0,0,0,0},{0,0,0,0,0,0,0,0,0},{0,0,0,0,0,0,0,0,0},{0,0,0,0,0,0,0,0,0},{0,0,0,0,0,0,0,0,0},{0,0,0,0,0,0,0,0,0},{0,0,0,0,0,0,0,0,0}}
]
Wartość 0 wstawiona nieprawidłowo
Bład w kwadracie 0
sudoku.SudokuBoard@719843e5[
  size=9
  solver=sudoku.BacktrackingSudokuSolver@5e268ce6
  board={{3,4,2,5,6,7,9,8,1},{5,6,7,1,8,4,3,0,0},{0,0,0,0,0,0,0,0,0},{0,0,0,0,0,0,0,0,0},{0,0,0,0,0,0,0,0,0},{0,0,0,0,0,0,0,0,0},{0,0,0,0,0,0,0,0,0},{0,0,0,0,0,0,0,0,0},{0,0,0,0,0,0,0,0,0}}
]
Wartość 0 wstawiona nieprawidłowo
Bład w kwadracie 0
sudoku.SudokuBoard@719843e5[
  size=9
  solver=sudoku.BacktrackingSudokuSolver@5e268ce6
  board={{3,4,2,5,6,7,9,8,1},{5,6,7,1,8,4,0,0,0},{0,0,0,0,0,0,0,0,0},{0,0,0,0,0,0,0,0,0},{0,0,0,0,0,0,0,0,0},{0,0,0,0,0,0,0,0,0},{0,0,0,0,0,0,0,0,0},{0,0,0,0,0,0,0,0,0},{0,0,0,0,0,0,0,0,0}}
]
Wartość 0 wstawiona nieprawidłowo
Bład w kwadracie 0
sudoku.SudokuBoard@719843e5[
  size=9
  solver=sudoku.BacktrackingSudokuSolver@5e268ce6
  board={{3,4,2,5,6,7,9,8,1},{5,6,7,1,8,0,0,0,0},{0,0,0,0,0,0,0,0,0},{0,0,0,0,0,0,0,0,0},{0,0,0,0,0,0,0,0,0},{0,0,0,0,0,0,0,0,0},{0,0,0,0,0,0,0,0,0},{0,0,0,0,0,0,0,0,0},{0,0,0,0,0,0,0,0,0}}
]
Wartość 0 wstawiona nieprawidłowo
Bład w kwadracie 0
sudoku.SudokuBoard@719843e5[
  size=9
  solver=sudoku.BacktrackingSudokuSolver@5e268ce6
  board={{3,4,2,5,6,7,9,8,1},{5,6,7,1,8,9,2,3,4},{8,9,1,2,3,4,6,5,7},{9,1,3,6,2,8,5,0,0},{0,0,0,0,0,0,0,0,0},{0,0,0,0,0,0,0,0,0},{0,0,0,0,0,0,0,0,0},{0,0,0,0,0,0,0,0,0},{0,0,0,0,0,0,0,0,0}}
]
Wartość 0 wstawiona nieprawidłowo
Bład w kwadracie 0
sudoku.SudokuBoard@719843e5[
  size=9
  solver=sudoku.BacktrackingSudokuSolver@5e268ce6
  board={{3,4,2,5,6,7,9,8,1},{5,6,7,1,8,9,2,3,4},{8,9,1,2,3,4,6,5,7},{9,1,3,6,2,8,5,0,0},{0,0,0,0,0,0,0,0,0},{0,0,0,0,0,0,0,0,0},{0,0,0,0,0,0,0,0,0},{0,0,0,0,0,0,0,0,0},{0,0,0,0,0,0,0,0,0}}
]
Wartość 0 wstawiona nieprawidłowo
Bład w kwadracie 0
sudoku.SudokuBoard@719843e5[
  size=9
  solver=sudoku.BacktrackingSudokuSolver@5e268ce6
  board={{3,4,2,5,6,7,9,8,1},{5,6,7,1,8,9,2,3,4},{8,9,1,2,3,4,6,5,7},{9,1,3,6,2,8,0,0,0},{0,0,0,0,0,0,0,0,0},{0,0,0,0,0,0,0,0,0},{0,0,0,0,0,0,0,0,0},{0,0,0,0,0,0,0,0,0},{0,0,0,0,0,0,0,0,0}}
]
Wartość 0 wstawiona nieprawidłowo
Bład w kwadracie 0
sudoku.SudokuBoard@719843e5[
  size=9
  solver=sudoku.BacktrackingSudokuSolver@5e268ce6
  board={{3,4,2,5,6,7,9,8,1},{5,6,7,1,8,9,2,3,4},{8,9,1,2,3,4,6,5,7},{9,1,3,6,2,8,7,4,5},{2,8,4,7,9,1,3,0,0},{0,0,0,0,0,0,0,0,0},{0,0,0,0,0,0,0,0,0},{0,0,0,0,0,0,0,0,0},{0,0,0,0,0,0,0,0,0}}
]
Wartość 0 wstawiona nieprawidłowo
Bład w kwadracie 0
sudoku.SudokuBoard@719843e5[
  size=9
  solver=sudoku.BacktrackingSudokuSolver@5e268ce6
  board={{3,4,2,5,6,7,9,8,1},{5,6,7,1,8,9,2,3,4},{8,9,1,2,3,4,6,5,7},{9,1,3,6,2,8,7,4,5},{2,8,4,7,9,1,0,0,0},{0,0,0,0,0,0,0,0,0},{0,0,0,0,0,0,0,0,0},{0,0,0,0,0,0,0,0,0},{0,0,0,0,0,0,0,0,0}}
]
Wartość 0 wstawiona nieprawidłowo
Bład w kwadracie 0
sudoku.SudokuBoard@719843e5[
  size=9
  solver=sudoku.BacktrackingSudokuSolver@5e268ce6
  board={{3,4,2,5,6,7,9,8,1},{5,6,7,1,8,9,2,3,4},{8,9,1,2,3,4,6,5,7},{9,1,3,6,2,8,7,4,5},{2,8,4,7,9,0,0,0,0},{0,0,0,0,0,0,0,0,0},{0,0,0,0,0,0,0,0,0},{0,0,0,0,0,0,0,0,0},{0,0,0,0,0,0,0,0,0}}
]
Wartość 0 wstawiona nieprawidłowo
Bład w kwadracie 0
sudoku.SudokuBoard@719843e5[
  size=9
  solver=sudoku.BacktrackingSudokuSolver@5e268ce6
  board={{3,4,2,5,6,7,9,8,1},{5,6,7,1,8,9,2,3,4},{8,9,1,2,3,4,6,5,7},{9,1,3,6,2,8,7,4,5},{2,8,4,7,9,3,1,0,0},{0,0,0,0,0,0,0,0,0},{0,0,0,0,0,0,0,0,0},{0,0,0,0,0,0,0,0,0},{0,0,0,0,0,0,0,0,0}}
]
Wartość 0 wstawiona nieprawidłowo
Bład w kwadracie 0
sudoku.SudokuBoard@719843e5[
  size=9
  solver=sudoku.BacktrackingSudokuSolver@5e268ce6
  board={{3,4,2,5,6,7,9,8,1},{5,6,7,1,8,9,2,3,4},{8,9,1,2,3,4,6,5,7},{9,1,3,6,2,8,7,4,5},{2,8,4,7,9,3,0,0,0},{0,0,0,0,0,0,0,0,0},{0,0,0,0,0,0,0,0,0},{0,0,0,0,0,0,0,0,0},{0,0,0,0,0,0,0,0,0}}
]
Wartość 0 wstawiona nieprawidłowo
Bład w kwadracie 0
sudoku.SudokuBoard@719843e5[
  size=9
  solver=sudoku.BacktrackingSudokuSolver@5e268ce6
  board={{3,4,2,5,6,7,9,8,1},{5,6,7,1,8,9,2,3,4},{8,9,1,2,3,4,6,5,7},{9,1,3,6,2,8,7,4,5},{2,8,4,7,9,0,0,0,0},{0,0,0,0,0,0,0,0,0},{0,0,0,0,0,0,0,0,0},{0,0,0,0,0,0,0,0,0},{0,0,0,0,0,0,0,0,0}}
]
Wartość 0 wstawiona nieprawidłowo
Bład w kwadracie 0
sudoku.SudokuBoard@719843e5[
  size=9
  solver=sudoku.BacktrackingSudokuSolver@5e268ce6
  board={{3,4,2,5,6,7,9,8,1},{5,6,7,1,8,9,2,3,4},{8,9,1,2,3,4,6,5,7},{9,1,3,6,2,8,7,4,5},{2,8,4,7,9,5,1,6,3},{6,7,5,3,0,0,0,0,0},{0,0,0,0,0,0,0,0,0},{0,0,0,0,0,0,0,0,0},{0,0,0,0,0,0,0,0,0}}
]
Wartość 0 wstawiona nieprawidłowo
Bład w kwadracie 0
sudoku.SudokuBoard@719843e5[
  size=9
  solver=sudoku.BacktrackingSudokuSolver@5e268ce6
  board={{3,4,2,5,6,7,9,8,1},{5,6,7,1,8,9,2,3,4},{8,9,1,2,3,4,6,5,7},{9,1,3,6,2,8,7,4,5},{2,8,4,7,9,5,1,6,3},{6,7,5,3,4,1,8,9,2},{7,2,9,4,5,0,0,0,0},{0,0,0,0,0,0,0,0,0},{0,0,0,0,0,0,0,0,0}}
]
Wartość 0 wstawiona nieprawidłowo
Bład w kwadracie 0
sudoku.SudokuBoard@719843e5[
  size=9
  solver=sudoku.BacktrackingSudokuSolver@5e268ce6
  board={{3,4,2,5,6,7,9,8,1},{5,6,7,1,8,9,2,3,4},{8,9,1,2,3,4,6,5,7},{9,1,3,6,2,8,7,4,5},{2,8,4,7,9,5,1,6,3},{6,7,5,3,4,1,8,9,2},{7,2,9,4,5,6,3,1,8},{4,5,6,8,7,0,0,0,0},{0,0,0,0,0,0,0,0,0}}
]
Wartość 0 wstawiona nieprawidłowo
Bład w kwadracie 0
sudoku.SudokuBoard@719843e5[
  size=9
  solver=sudoku.BacktrackingSudokuSolver@5e268ce6
  board={{3,4,2,5,6,7,9,8,1},{5,6,7,1,8,9,2,3,4},{8,9,1,2,3,4,6,5,7},{9,1,3,6,2,8,7,4,5},{2,8,4,7,9,5,1,6,3},{6,7,5,3,4,1,8,9,2},{7,2,9,4,5,6,3,1,8},{4,5,6,8,7,0,0,0,0},{0,0,0,0,0,0,0,0,0}}
]
Wartość 0 wstawiona nieprawidłowo
Bład w kwadracie 0
sudoku.SudokuBoard@719843e5[
  size=9
  solver=sudoku.BacktrackingSudokuSolver@5e268ce6
  board={{3,4,2,5,6,7,9,8,1},{5,6,7,1,8,9,2,3,4},{8,9,1,2,3,4,6,5,7},{9,1,3,6,2,8,7,4,5},{2,8,4,7,9,5,1,6,3},{6,7,5,3,4,1,8,9,2},{7,2,9,4,5,6,3,1,8},{4,5,6,8,0,0,0,0,0},{0,0,0,0,0,0,0,0,0}}
]
Wartość 0 wstawiona nieprawidłowo
Bład w kwadracie 0
sudoku.SudokuBoard@719843e5[
  size=9
  solver=sudoku.BacktrackingSudokuSolver@5e268ce6
  board={{3,4,2,5,6,7,9,8,1},{5,6,7,1,8,9,2,3,4},{8,9,1,2,3,4,6,5,7},{9,1,3,6,2,8,7,4,5},{2,8,4,7,9,5,1,6,3},{6,7,5,3,4,1,8,9,2},{7,2,9,4,5,6,3,1,8},{4,5,6,8,1,0,0,0,0},{0,0,0,0,0,0,0,0,0}}
]
Wartość 0 wstawiona nieprawidłowo
Bład w kwadracie 0
sudoku.SudokuBoard@719843e5[
  size=9
  solver=sudoku.BacktrackingSudokuSolver@5e268ce6
  board={{3,4,2,5,6,7,9,8,1},{5,6,7,1,8,9,2,3,4},{8,9,1,2,3,4,6,5,7},{9,1,3,6,2,8,7,4,5},{2,8,4,7,9,5,1,6,3},{6,7,5,3,4,1,8,9,2},{7,2,9,4,5,6,3,1,8},{4,5,6,8,1,0,0,0,0},{0,0,0,0,0,0,0,0,0}}
]
Wartość 0 wstawiona nieprawidłowo
Bład w kwadracie 0
sudoku.SudokuBoard@719843e5[
  size=9
  solver=sudoku.BacktrackingSudokuSolver@5e268ce6
  board={{3,4,2,5,6,7,9,8,1},{5,6,7,1,8,9,2,3,4},{8,9,1,2,3,4,6,5,7},{9,1,3,6,2,8,7,4,5},{2,8,4,7,9,5,1,6,3},{6,7,5,3,4,1,8,9,2},{7,2,9,4,5,6,3,1,8},{4,5,6,8,0,0,0,0,0},{0,0,0,0,0,0,0,0,0}}
]
Wartość 0 wstawiona nieprawidłowo
Bład w kwadracie 0
sudoku.SudokuBoard@719843e5[
  size=9
  solver=sudoku.BacktrackingSudokuSolver@5e268ce6
  board={{3,4,2,5,6,7,9,8,1},{5,6,7,1,8,9,2,3,4},{8,9,1,2,3,4,6,5,7},{9,1,3,6,2,8,7,4,5},{2,8,4,7,9,5,1,6,3},{6,7,5,3,4,1,8,9,2},{7,2,9,4,5,6,3,1,8},{4,5,6,0,0,0,0,0,0},{0,0,0,0,0,0,0,0,0}}
]
Wartość 0 wstawiona nieprawidłowo
Bład w kwadracie 0
sudoku.SudokuBoard@719843e5[
  size=9
  solver=sudoku.BacktrackingSudokuSolver@5e268ce6
  board={{3,4,2,5,6,7,9,8,1},{5,6,7,1,8,9,2,3,4},{8,9,1,2,3,4,6,5,7},{9,1,3,6,2,8,7,4,5},{2,8,4,7,9,5,1,6,3},{6,7,5,3,4,1,8,9,2},{7,2,9,4,5,6,3,1,8},{4,5,6,9,7,0,0,0,0},{0,0,0,0,0,0,0,0,0}}
]
Wartość 0 wstawiona nieprawidłowo
Bład w kwadracie 0
sudoku.SudokuBoard@719843e5[
  size=9
  solver=sudoku.BacktrackingSudokuSolver@5e268ce6
  board={{3,4,2,5,6,7,9,8,1},{5,6,7,1,8,9,2,3,4},{8,9,1,2,3,4,6,5,7},{9,1,3,6,2,8,7,4,5},{2,8,4,7,9,5,1,6,3},{6,7,5,3,4,1,8,9,2},{7,2,9,4,5,6,3,1,8},{4,5,6,9,7,0,0,0,0},{0,0,0,0,0,0,0,0,0}}
]
Wartość 0 wstawiona nieprawidłowo
Bład w kwadracie 0
sudoku.SudokuBoard@719843e5[
  size=9
  solver=sudoku.BacktrackingSudokuSolver@5e268ce6
  board={{3,4,2,5,6,7,9,8,1},{5,6,7,1,8,9,2,3,4},{8,9,1,2,3,4,6,5,7},{9,1,3,6,2,8,7,4,5},{2,8,4,7,9,5,1,6,3},{6,7,5,3,4,1,8,9,2},{7,2,9,4,5,6,3,1,8},{4,5,6,9,0,0,0,0,0},{0,0,0,0,0,0,0,0,0}}
]
Wartość 0 wstawiona nieprawidłowo
Bład w kwadracie 0
sudoku.SudokuBoard@719843e5[
  size=9
  solver=sudoku.BacktrackingSudokuSolver@5e268ce6
  board={{3,4,2,5,6,7,9,8,1},{5,6,7,1,8,9,2,3,4},{8,9,1,2,3,4,6,5,7},{9,1,3,6,2,8,7,4,5},{2,8,4,7,9,5,1,6,3},{6,7,5,3,4,1,8,9,2},{7,2,9,4,5,6,3,1,8},{4,5,6,9,1,0,0,0,0},{0,0,0,0,0,0,0,0,0}}
]
Wartość 0 wstawiona nieprawidłowo
Bład w kwadracie 0
sudoku.SudokuBoard@719843e5[
  size=9
  solver=sudoku.BacktrackingSudokuSolver@5e268ce6
  board={{3,4,2,5,6,7,9,8,1},{5,6,7,1,8,9,2,3,4},{8,9,1,2,3,4,6,5,7},{9,1,3,6,2,8,7,4,5},{2,8,4,7,9,5,1,6,3},{6,7,5,3,4,1,8,9,2},{7,2,9,4,5,6,3,1,8},{4,5,6,9,1,0,0,0,0},{0,0,0,0,0,0,0,0,0}}
]
Wartość 0 wstawiona nieprawidłowo
Bład w kwadracie 0
sudoku.SudokuBoard@719843e5[
  size=9
  solver=sudoku.BacktrackingSudokuSolver@5e268ce6
  board={{3,4,2,5,6,7,9,8,1},{5,6,7,1,8,9,2,3,4},{8,9,1,2,3,4,6,5,7},{9,1,3,6,2,8,7,4,5},{2,8,4,7,9,5,1,6,3},{6,7,5,3,4,1,8,9,2},{7,2,9,4,5,6,3,1,8},{4,5,6,9,0,0,0,0,0},{0,0,0,0,0,0,0,0,0}}
]
Wartość 0 wstawiona nieprawidłowo
Bład w kwadracie 0
sudoku.SudokuBoard@719843e5[
  size=9
  solver=sudoku.BacktrackingSudokuSolver@5e268ce6
  board={{3,4,2,5,6,7,9,8,1},{5,6,7,1,8,9,2,3,4},{8,9,1,2,3,4,6,5,7},{9,1,3,6,2,8,7,4,5},{2,8,4,7,9,5,1,6,3},{6,7,5,3,4,1,8,9,2},{7,2,9,4,5,6,3,1,8},{4,5,6,0,0,0,0,0,0},{0,0,0,0,0,0,0,0,0}}
]
Wartość 0 wstawiona nieprawidłowo
Bład w kwadracie 0
sudoku.SudokuBoard@719843e5[
  size=9
  solver=sudoku.BacktrackingSudokuSolver@5e268ce6
  board={{3,4,2,5,6,7,9,8,1},{5,6,7,1,8,9,2,3,4},{8,9,1,2,3,4,6,5,7},{9,1,3,6,2,8,7,4,5},{2,8,4,7,9,5,1,6,3},{6,7,5,3,4,1,8,9,2},{7,2,9,4,5,6,3,1,8},{4,5,0,0,0,0,0,0,0},{0,0,0,0,0,0,0,0,0}}
]
Wartość 0 wstawiona nieprawidłowo
Bład w kwadracie 0
sudoku.SudokuBoard@719843e5[
  size=9
  solver=sudoku.BacktrackingSudokuSolver@5e268ce6
  board={{3,4,2,5,6,7,9,8,1},{5,6,7,1,8,9,2,3,4},{8,9,1,2,3,4,6,5,7},{9,1,3,6,2,8,7,4,5},{2,8,4,7,9,5,1,6,3},{6,7,5,3,4,1,8,9,2},{7,2,9,4,5,6,3,1,8},{4,5,8,9,1,0,0,0,0},{0,0,0,0,0,0,0,0,0}}
]
Wartość 0 wstawiona nieprawidłowo
Bład w kwadracie 0
sudoku.SudokuBoard@719843e5[
  size=9
  solver=sudoku.BacktrackingSudokuSolver@5e268ce6
  board={{3,4,2,5,6,7,9,8,1},{5,6,7,1,8,9,2,3,4},{8,9,1,2,3,4,6,5,7},{9,1,3,6,2,8,7,4,5},{2,8,4,7,9,5,1,6,3},{6,7,5,3,4,1,8,9,2},{7,2,9,4,5,6,3,1,8},{4,5,8,9,1,0,0,0,0},{0,0,0,0,0,0,0,0,0}}
]
Wartość 0 wstawiona nieprawidłowo
Bład w kwadracie 0
sudoku.SudokuBoard@719843e5[
  size=9
  solver=sudoku.BacktrackingSudokuSolver@5e268ce6
  board={{3,4,2,5,6,7,9,8,1},{5,6,7,1,8,9,2,3,4},{8,9,1,2,3,4,6,5,7},{9,1,3,6,2,8,7,4,5},{2,8,4,7,9,5,1,6,3},{6,7,5,3,4,1,8,9,2},{7,2,9,4,5,6,3,1,8},{4,5,8,9,0,0,0,0,0},{0,0,0,0,0,0,0,0,0}}
]
Wartość 0 wstawiona nieprawidłowo
Bład w kwadracie 0
sudoku.SudokuBoard@719843e5[
  size=9
  solver=sudoku.BacktrackingSudokuSolver@5e268ce6
  board={{3,4,2,5,6,7,9,8,1},{5,6,7,1,8,9,2,3,4},{8,9,1,2,3,4,6,5,7},{9,1,3,6,2,8,7,4,5},{2,8,4,7,9,5,1,6,3},{6,7,5,3,4,1,8,9,2},{7,2,9,4,5,6,3,1,8},{4,5,8,9,7,0,0,0,0},{0,0,0,0,0,0,0,0,0}}
]
Wartość 0 wstawiona nieprawidłowo
Bład w kwadracie 0
sudoku.SudokuBoard@719843e5[
  size=9
  solver=sudoku.BacktrackingSudokuSolver@5e268ce6
  board={{3,4,2,5,6,7,9,8,1},{5,6,7,1,8,9,2,3,4},{8,9,1,2,3,4,6,5,7},{9,1,3,6,2,8,7,4,5},{2,8,4,7,9,5,1,6,3},{6,7,5,3,4,1,8,9,2},{7,2,9,4,5,6,3,1,8},{4,5,8,9,7,0,0,0,0},{0,0,0,0,0,0,0,0,0}}
]
Wartość 0 wstawiona nieprawidłowo
Bład w kwadracie 0
sudoku.SudokuBoard@719843e5[
  size=9
  solver=sudoku.BacktrackingSudokuSolver@5e268ce6
  board={{3,4,2,5,6,7,9,8,1},{5,6,7,1,8,9,2,3,4},{8,9,1,2,3,4,6,5,7},{9,1,3,6,2,8,7,4,5},{2,8,4,7,9,5,1,6,3},{6,7,5,3,4,1,8,9,2},{7,2,9,4,5,6,3,1,8},{4,5,8,9,0,0,0,0,0},{0,0,0,0,0,0,0,0,0}}
]
Wartość 0 wstawiona nieprawidłowo
Bład w kwadracie 0
sudoku.SudokuBoard@719843e5[
  size=9
  solver=sudoku.BacktrackingSudokuSolver@5e268ce6
  board={{3,4,2,5,6,7,9,8,1},{5,6,7,1,8,9,2,3,4},{8,9,1,2,3,4,6,5,7},{9,1,3,6,2,8,7,4,5},{2,8,4,7,9,5,1,6,3},{6,7,5,3,4,1,8,9,2},{7,2,9,4,5,6,3,1,8},{4,5,8,0,0,0,0,0,0},{0,0,0,0,0,0,0,0,0}}
]
Wartość 0 wstawiona nieprawidłowo
Bład w kwadracie 0
sudoku.SudokuBoard@719843e5[
  size=9
  solver=sudoku.BacktrackingSudokuSolver@5e268ce6
  board={{3,4,2,5,6,7,9,8,1},{5,6,7,1,8,9,2,3,4},{8,9,1,2,3,4,6,5,7},{9,1,3,6,2,8,7,4,5},{2,8,4,7,9,5,1,6,3},{6,7,5,3,4,1,8,9,2},{7,2,9,4,5,6,3,1,8},{4,5,0,0,0,0,0,0,0},{0,0,0,0,0,0,0,0,0}}
]
Wartość 0 wstawiona nieprawidłowo
Bład w kwadracie 0
sudoku.SudokuBoard@719843e5[
  size=9
  solver=sudoku.BacktrackingSudokuSolver@5e268ce6
  board={{3,4,2,5,6,7,9,8,1},{5,6,7,1,8,9,2,3,4},{8,9,1,2,3,4,6,5,7},{9,1,3,6,2,8,7,4,5},{2,8,4,7,9,5,1,6,3},{6,7,5,3,4,1,8,9,2},{7,2,9,4,5,6,3,1,8},{4,0,0,0,0,0,0,0,0},{0,0,0,0,0,0,0,0,0}}
]
Wartość 0 wstawiona nieprawidłowo
Bład w kwadracie 0
sudoku.SudokuBoard@719843e5[
  size=9
  solver=sudoku.BacktrackingSudokuSolver@5e268ce6
  board={{3,4,2,5,6,7,9,8,1},{5,6,7,1,8,9,2,3,4},{8,9,1,2,3,4,6,5,7},{9,1,3,6,2,8,7,4,5},{2,8,4,7,9,5,1,6,3},{6,7,5,3,4,1,8,9,2},{7,2,9,4,5,6,3,1,8},{4,3,8,9,7,2,0,0,0},{0,0,0,0,0,0,0,0,0}}
]
Wartość 0 wstawiona nieprawidłowo
Bład w kwadracie 0
sudoku.SudokuBoard@719843e5[
  size=9
  solver=sudoku.BacktrackingSudokuSolver@5e268ce6
  board={{3,4,2,5,6,7,9,8,1},{5,6,7,1,8,9,2,3,4},{8,9,1,2,3,4,6,5,7},{9,1,3,6,2,8,7,4,5},{2,8,4,7,9,5,1,6,3},{6,7,5,3,4,1,8,9,2},{7,2,9,4,5,6,3,1,8},{4,3,8,9,7,0,0,0,0},{0,0,0,0,0,0,0,0,0}}
]
Wartość 0 wstawiona nieprawidłowo
Bład w kwadracie 0
sudoku.SudokuBoard@719843e5[
  size=9
  solver=sudoku.BacktrackingSudokuSolver@5e268ce6
  board={{3,4,2,5,6,7,9,8,1},{5,6,7,1,8,9,2,3,4},{8,9,1,2,3,4,6,5,7},{9,1,3,6,2,8,7,4,5},{2,8,4,7,9,5,1,6,3},{6,7,5,3,4,1,8,9,2},{7,2,9,4,5,6,3,1,8},{4,3,8,9,0,0,0,0,0},{0,0,0,0,0,0,0,0,0}}
]
Wartość 0 wstawiona nieprawidłowo
Nie wykryto bledu]]></system-out>
  </testcase>
</testsuite>